<?xml version="1.0" encoding="UTF-8"?>
<testsuite xmlns:xsi="http://www.w3.org/2001/XMLSchema-instance" xsi:noNamespaceSchemaLocation="https://maven.apache.org/surefire/maven-surefire-plugin/xsd/surefire-test-report-3.0.xsd" version="3.0" name="org.apache.hadoop.fs.ozone.TestOzoneFileSystem" time="268.852" tests="136" errors="0" skipped="0" failures="2">
  <properties>
    <property name="awt.toolkit" value="sun.awt.X11.XToolkit"/>
    <property name="file.encoding.pkg" value="sun.io"/>
    <property name="java.specification.version" value="1.8"/>
    <property name="sun.cpu.isalist" value=""/>
    <property name="sun.jnu.encoding" value="UTF-8"/>
    <property name="java.class.path" value="/home/runner/work/ozone/ozone/hadoop-ozone/integration-test/target/test-classes:/home/runner/work/ozone/ozone/hadoop-ozone/integration-test/target/classes:/home/runner/.m2/repository/org/apache/ozone/ozone-common/1.3.0-SNAPSHOT/ozone-common-1.3.0-SNAPSHOT.jar:/home/runner/.m2/repository/org/apache/commons/commons-compress/1.21/commons-compress-1.21.jar:/home/runner/.m2/repository/org/apache/ozone/hdds-common/1.3.0-SNAPSHOT/hdds-common-1.3.0-SNAPSHOT.jar:/home/runner/.m2/repository/org/apache/ozone/hdds-client/1.3.0-SNAPSHOT/hdds-client-1.3.0-SNAPSHOT.jar:/home/runner/.m2/repository/org/apache/ozone/ozone-interface-client/1.3.0-SNAPSHOT/ozone-interface-client-1.3.0-SNAPSHOT.jar:/home/runner/.m2/repository/org/apache/ozone/hdds-test-utils/1.3.0-SNAPSHOT/hdds-test-utils-1.3.0-SNAPSHOT.jar:/home/runner/.m2/repository/com/google/guava/guava/30.1.1-jre/guava-30.1.1-jre.jar:/home/runner/.m2/repository/com/google/guava/failureaccess/1.0.1/failureaccess-1.0.1.jar:/home/runner/.m2/repository/com/google/guava/listenablefuture/9999.0-empty-to-avoid-conflict-with-guava/listenablefuture-9999.0-empty-to-avoid-conflict-with-guava.jar:/home/runner/.m2/repository/com/google/code/findbugs/jsr305/3.0.0/jsr305-3.0.0.jar:/home/runner/.m2/repository/org/checkerframework/checker-qual/3.8.0/checker-qual-3.8.0.jar:/home/runner/.m2/repository/com/google/errorprone/error_prone_annotations/2.2.0/error_prone_annotations-2.2.0.jar:/home/runner/.m2/repository/com/google/j2objc/j2objc-annotations/1.3/j2objc-annotations-1.3.jar:/home/runner/.m2/repository/commons-io/commons-io/2.11.0/commons-io-2.11.0.jar:/home/runner/.m2/repository/commons-logging/commons-logging/1.2/commons-logging-1.2.jar:/home/runner/.m2/repository/log4j/log4j/1.2.17/log4j-1.2.17.jar:/home/runner/.m2/repository/org/slf4j/slf4j-api/1.7.30/slf4j-api-1.7.30.jar:/home/runner/.m2/repository/org/apache/ozone/hdds-server-scm/1.3.0-SNAPSHOT/hdds-server-scm-1.3.0-SNAPSHOT.jar:/home/runner/.m2/repository/org/apache/ozone/hdds-container-service/1.3.0-SNAPSHOT/hdds-container-service-1.3.0-SNAPSHOT.jar:/home/runner/.m2/repository/org/apache/ozone/hdds-hadoop-dependency-server/1.3.0-SNAPSHOT/hdds-hadoop-dependency-server-1.3.0-SNAPSHOT.jar:/home/runner/.m2/repository/org/apache/hadoop/hadoop-hdfs/3.3.1/hadoop-hdfs-3.3.1.jar:/home/runner/.m2/repository/org/apache/ozone/hdds-server-framework/1.3.0-SNAPSHOT/hdds-server-framework-1.3.0-SNAPSHOT.jar:/home/runner/.m2/repository/org/apache/ozone/hdds-interface-server/1.3.0-SNAPSHOT/hdds-interface-server-1.3.0-SNAPSHOT.jar:/home/runner/.m2/repository/org/apache/logging/log4j/log4j-core/2.17.1/log4j-core-2.17.1.jar:/home/runner/.m2/repository/com/lmax/disruptor/3.4.2/disruptor-3.4.2.jar:/home/runner/.m2/repository/org/eclipse/jetty/jetty-servlet/9.4.43.v20210629/jetty-servlet-9.4.43.v20210629.jar:/home/runner/.m2/repository/org/eclipse/jetty/jetty-security/9.4.43.v20210629/jetty-security-9.4.43.v20210629.jar:/home/runner/.m2/repository/org/rocksdb/rocksdbjni/7.0.4/rocksdbjni-7.0.4.jar:/home/runner/.m2/repository/io/prometheus/simpleclient_dropwizard/0.7.0/simpleclient_dropwizard-0.7.0.jar:/home/runner/.m2/repository/io/prometheus/simpleclient/0.7.0/simpleclient-0.7.0.jar:/home/runner/.m2/repository/io/prometheus/simpleclient_common/0.7.0/simpleclient_common-0.7.0.jar:/home/runner/.m2/repository/com/fasterxml/jackson/datatype/jackson-datatype-jsr310/2.13.2/jackson-datatype-jsr310-2.13.2.jar:/home/runner/.m2/repository/io/dropwizard/metrics/metrics-core/3.2.4/metrics-core-3.2.4.jar:/home/runner/.m2/repository/org/apache/hadoop/hadoop-hdfs-client/3.3.1/hadoop-hdfs-client-3.3.1.jar:/home/runner/.m2/repository/org/bouncycastle/bcprov-jdk15on/1.67/bcprov-jdk15on-1.67.jar:/home/runner/.m2/repository/com/google/protobuf/protobuf-java/2.5.0/protobuf-java-2.5.0.jar:/home/runner/.m2/repository/org/apache/ozone/ozone-manager/1.3.0-SNAPSHOT/ozone-manager-1.3.0-SNAPSHOT.jar:/home/runner/.m2/repository/org/aspectj/aspectjrt/1.9.7/aspectjrt-1.9.7.jar:/home/runner/.m2/repository/org/aspectj/aspectjweaver/1.9.7/aspectjweaver-1.9.7.jar:/home/runner/.m2/repository/org/apache/ozone/hdds-interface-client/1.3.0-SNAPSHOT/hdds-interface-client-1.3.0-SNAPSHOT.jar:/home/runner/.m2/repository/org/apache/hadoop/thirdparty/hadoop-shaded-protobuf_3_7/1.1.1/hadoop-shaded-protobuf_3_7-1.1.1.jar:/home/runner/.m2/repository/org/apache/ozone/ozone-interface-storage/1.3.0-SNAPSHOT/ozone-interface-storage-1.3.0-SNAPSHOT.jar:/home/runner/.m2/repository/org/reflections/reflections/0.9.11/reflections-0.9.11.jar:/home/runner/.m2/repository/org/apache/hadoop/hadoop-minikdc/3.3.1/hadoop-minikdc-3.3.1.jar:/home/runner/.m2/repository/org/apache/kerby/kerb-simplekdc/1.0.1/kerb-simplekdc-1.0.1.jar:/home/runner/.m2/repository/org/apache/kerby/kerb-client/1.0.1/kerb-client-1.0.1.jar:/home/runner/.m2/repository/org/apache/kerby/kerby-config/1.0.1/kerby-config-1.0.1.jar:/home/runner/.m2/repository/org/apache/kerby/kerb-common/1.0.1/kerb-common-1.0.1.jar:/home/runner/.m2/repository/org/apache/kerby/kerb-crypto/1.0.1/kerb-crypto-1.0.1.jar:/home/runner/.m2/repository/org/apache/kerby/kerb-util/1.0.1/kerb-util-1.0.1.jar:/home/runner/.m2/repository/org/apache/kerby/token-provider/1.0.1/token-provider-1.0.1.jar:/home/runner/.m2/repository/org/apache/kerby/kerb-admin/1.0.1/kerb-admin-1.0.1.jar:/home/runner/.m2/repository/org/apache/kerby/kerb-server/1.0.1/kerb-server-1.0.1.jar:/home/runner/.m2/repository/org/apache/kerby/kerb-identity/1.0.1/kerb-identity-1.0.1.jar:/home/runner/.m2/repository/org/apache/kerby/kerby-xdr/1.0.1/kerby-xdr-1.0.1.jar:/home/runner/.m2/repository/org/slf4j/slf4j-log4j12/1.7.30/slf4j-log4j12-1.7.30.jar:/home/runner/.m2/repository/org/apache/ozone/ozone-s3gateway/1.3.0-SNAPSHOT/ozone-s3gateway-1.3.0-SNAPSHOT.jar:/home/runner/.m2/repository/org/javassist/javassist/3.21.0-GA/javassist-3.21.0-GA.jar:/home/runner/.m2/repository/org/jboss/weld/servlet/weld-servlet/2.4.7.Final/weld-servlet-2.4.7.Final.jar:/home/runner/.m2/repository/org/glassfish/jersey/containers/jersey-container-servlet-core/2.33/jersey-container-servlet-core-2.33.jar:/home/runner/.m2/repository/org/glassfish/hk2/external/jakarta.inject/2.6.1/jakarta.inject-2.6.1.jar:/home/runner/.m2/repository/org/glassfish/jersey/core/jersey-common/2.33/jersey-common-2.33.jar:/home/runner/.m2/repository/jakarta/ws/rs/jakarta.ws.rs-api/2.1.6/jakarta.ws.rs-api-2.1.6.jar:/home/runner/.m2/repository/org/glassfish/jersey/ext/cdi/jersey-cdi1x/2.33/jersey-cdi1x-2.33.jar:/home/runner/.m2/repository/org/glassfish/jersey/inject/jersey-hk2/2.33/jersey-hk2-2.33.jar:/home/runner/.m2/repository/org/glassfish/hk2/hk2-locator/2.6.1/hk2-locator-2.6.1.jar:/home/runner/.m2/repository/org/glassfish/jersey/media/jersey-media-jaxb/2.33/jersey-media-jaxb-2.33.jar:/home/runner/.m2/repository/org/glassfish/hk2/osgi-resource-locator/1.0.3/osgi-resource-locator-1.0.3.jar:/home/runner/.m2/repository/org/glassfish/hk2/hk2-api/2.5.0/hk2-api-2.5.0.jar:/home/runner/.m2/repository/org/glassfish/hk2/hk2-utils/2.5.0/hk2-utils-2.5.0.jar:/home/runner/.m2/repository/org/glassfish/hk2/external/aopalliance-repackaged/2.5.0/aopalliance-repackaged-2.5.0.jar:/home/runner/.m2/repository/com/fasterxml/jackson/dataformat/jackson-dataformat-xml/2.13.2/jackson-dataformat-xml-2.13.2.jar:/home/runner/.m2/repository/com/fasterxml/jackson/core/jackson-core/2.13.2/jackson-core-2.13.2.jar:/home/runner/.m2/repository/org/codehaus/woodstox/stax2-api/3.1.4/stax2-api-3.1.4.jar:/home/runner/.m2/repository/com/fasterxml/woodstox/woodstox-core/5.0.3/woodstox-core-5.0.3.jar:/home/runner/.m2/repository/com/fasterxml/jackson/module/jackson-module-jaxb-annotations/2.13.2/jackson-module-jaxb-annotations-2.13.2.jar:/home/runner/.m2/repository/jakarta/xml/bind/jakarta.xml.bind-api/2.3.3/jakarta.xml.bind-api-2.3.3.jar:/home/runner/.m2/repository/jakarta/activation/jakarta.activation-api/1.2.1/jakarta.activation-api-1.2.1.jar:/home/runner/.m2/repository/javax/enterprise/cdi-api/1.2/cdi-api-1.2.jar:/home/runner/.m2/repository/javax/el/javax.el-api/3.0.0/javax.el-api-3.0.0.jar:/home/runner/.m2/repository/javax/interceptor/javax.interceptor-api/1.2/javax.interceptor-api-1.2.jar:/home/runner/.m2/repository/javax/inject/javax.inject/1/javax.inject-1.jar:/home/runner/.m2/repository/javax/xml/bind/jaxb-api/2.3.0/jaxb-api-2.3.0.jar:/home/runner/.m2/repository/org/glassfish/jaxb/jaxb-runtime/2.3.0.1/jaxb-runtime-2.3.0.1.jar:/home/runner/.m2/repository/org/glassfish/jaxb/jaxb-core/2.3.0.1/jaxb-core-2.3.0.1.jar:/home/runner/.m2/repository/org/glassfish/jaxb/txw2/2.3.0.1/txw2-2.3.0.1.jar:/home/runner/.m2/repository/com/sun/istack/istack-commons-runtime/3.0.5/istack-commons-runtime-3.0.5.jar:/home/runner/.m2/repository/org/jvnet/staxex/stax-ex/1.7.8/stax-ex-1.7.8.jar:/home/runner/.m2/repository/com/sun/xml/fastinfoset/FastInfoset/1.2.13/FastInfoset-1.2.13.jar:/home/runner/.m2/repository/javax/activation/activation/1.1.1/activation-1.1.1.jar:/home/runner/.m2/repository/org/apache/ozone/ozone-csi/1.3.0-SNAPSHOT/ozone-csi-1.3.0-SNAPSHOT.jar:/home/runner/.m2/repository/com/google/protobuf/protobuf-java-util/3.12.0/protobuf-java-util-3.12.0.jar:/home/runner/.m2/repository/com/google/code/gson/gson/2.2.4/gson-2.2.4.jar:/home/runner/.m2/repository/org/apache/ozone/hdds-config/1.3.0-SNAPSHOT/hdds-config-1.3.0-SNAPSHOT.jar:/home/runner/.m2/repository/io/grpc/grpc-netty/1.33.0/grpc-netty-1.33.0.jar:/home/runner/.m2/repository/io/grpc/grpc-core/1.33.0/grpc-core-1.33.0.jar:/home/runner/.m2/repository/com/google/android/annotations/4.1.1.4/annotations-4.1.1.4.jar:/home/runner/.m2/repository/io/netty/netty-codec-http2/4.1.63.Final/netty-codec-http2-4.1.63.Final.jar:/home/runner/.m2/repository/io/netty/netty-codec-http/4.1.63.Final/netty-codec-http-4.1.63.Final.jar:/home/runner/.m2/repository/io/netty/netty-handler-proxy/4.1.63.Final/netty-handler-proxy-4.1.63.Final.jar:/home/runner/.m2/repository/io/netty/netty-codec-socks/4.1.63.Final/netty-codec-socks-4.1.63.Final.jar:/home/runner/.m2/repository/io/perfmark/perfmark-api/0.19.0/perfmark-api-0.19.0.jar:/home/runner/.m2/repository/org/codehaus/mojo/animal-sniffer-annotations/1.18/animal-sniffer-annotations-1.18.jar:/home/runner/.m2/repository/io/netty/netty-transport-native-epoll/4.1.63.Final/netty-transport-native-epoll-4.1.63.Final.jar:/home/runner/.m2/repository/io/netty/netty-common/4.1.63.Final/netty-common-4.1.63.Final.jar:/home/runner/.m2/repository/io/netty/netty-buffer/4.1.63.Final/netty-buffer-4.1.63.Final.jar:/home/runner/.m2/repository/io/netty/netty-transport-native-unix-common/4.1.63.Final/netty-transport-native-unix-common-4.1.63.Final.jar:/home/runner/.m2/repository/io/grpc/grpc-protobuf/1.33.0/grpc-protobuf-1.33.0.jar:/home/runner/.m2/repository/io/grpc/grpc-api/1.33.0/grpc-api-1.33.0.jar:/home/runner/.m2/repository/io/grpc/grpc-context/1.33.0/grpc-context-1.33.0.jar:/home/runner/.m2/repository/com/google/api/grpc/proto-google-common-protos/1.17.0/proto-google-common-protos-1.17.0.jar:/home/runner/.m2/repository/io/grpc/grpc-protobuf-lite/1.33.0/grpc-protobuf-lite-1.33.0.jar:/home/runner/.m2/repository/io/grpc/grpc-stub/1.33.0/grpc-stub-1.33.0.jar:/home/runner/.m2/repository/org/apache/ozone/ozone-recon/1.3.0-SNAPSHOT/ozone-recon-1.3.0-SNAPSHOT.jar:/home/runner/.m2/repository/org/apache/ozone/ozone-reconcodegen/1.3.0-SNAPSHOT/ozone-reconcodegen-1.3.0-SNAPSHOT.jar:/home/runner/.m2/repository/com/google/inject/extensions/guice-multibindings/4.0/guice-multibindings-4.0.jar:/home/runner/.m2/repository/com/google/inject/guice/4.0/guice-4.0.jar:/home/runner/.m2/repository/aopalliance/aopalliance/1.0/aopalliance-1.0.jar:/home/runner/.m2/repository/com/google/inject/extensions/guice-assistedinject/4.0/guice-assistedinject-4.0.jar:/home/runner/.m2/repository/com/google/inject/extensions/guice-servlet/4.0/guice-servlet-4.0.jar:/home/runner/.m2/repository/org/glassfish/jersey/containers/jersey-container-servlet/2.33/jersey-container-servlet-2.33.jar:/home/runner/.m2/repository/org/glassfish/hk2/guice-bridge/2.5.0/guice-bridge-2.5.0.jar:/home/runner/.m2/repository/org/glassfish/jersey/core/jersey-server/2.33/jersey-server-2.33.jar:/home/runner/.m2/repository/org/glassfish/jersey/core/jersey-client/2.33/jersey-client-2.33.jar:/home/runner/.m2/repository/jakarta/annotation/jakarta.annotation-api/1.3.5/jakarta.annotation-api-1.3.5.jar:/home/runner/.m2/repository/jakarta/validation/jakarta.validation-api/2.0.2/jakarta.validation-api-2.0.2.jar:/home/runner/.m2/repository/org/glassfish/jersey/media/jersey-media-json-jackson/2.33/jersey-media-json-jackson-2.33.jar:/home/runner/.m2/repository/org/glassfish/jersey/ext/jersey-entity-filtering/2.33/jersey-entity-filtering-2.33.jar:/home/runner/.m2/repository/org/jooq/jooq/3.11.10/jooq-3.11.10.jar:/home/runner/.m2/repository/org/jooq/jooq-meta/3.11.10/jooq-meta-3.11.10.jar:/home/runner/.m2/repository/org/jooq/jooq-codegen/3.11.10/jooq-codegen-3.11.10.jar:/home/runner/.m2/repository/com/jolbox/bonecp/0.8.0.RELEASE/bonecp-0.8.0.RELEASE.jar:/home/runner/.m2/repository/org/apache/derby/derby/10.14.2.0/derby-10.14.2.0.jar:/home/runner/.m2/repository/org/xerial/sqlite-jdbc/3.25.2/sqlite-jdbc-3.25.2.jar:/home/runner/.m2/repository/org/springframework/spring-jdbc/5.2.20.RELEASE/spring-jdbc-5.2.20.RELEASE.jar:/home/runner/.m2/repository/org/springframework/spring-beans/5.2.20.RELEASE/spring-beans-5.2.20.RELEASE.jar:/home/runner/.m2/repository/org/springframework/spring-core/5.2.20.RELEASE/spring-core-5.2.20.RELEASE.jar:/home/runner/.m2/repository/org/springframework/spring-jcl/5.2.20.RELEASE/spring-jcl-5.2.20.RELEASE.jar:/home/runner/.m2/repository/org/springframework/spring-tx/5.2.20.RELEASE/spring-tx-5.2.20.RELEASE.jar:/home/runner/.m2/repository/org/apache/ozone/ozone-client/1.3.0-SNAPSHOT/ozone-client-1.3.0-SNAPSHOT.jar:/home/runner/.m2/repository/org/apache/ozone/hdds-erasurecode/1.3.0-SNAPSHOT/hdds-erasurecode-1.3.0-SNAPSHOT.jar:/home/runner/.m2/repository/com/github/spotbugs/spotbugs-annotations/3.1.12/spotbugs-annotations-3.1.12.jar:/home/runner/.m2/repository/org/apache/ozone/ozone-filesystem/1.3.0-SNAPSHOT/ozone-filesystem-1.3.0-SNAPSHOT.jar:/home/runner/.m2/repository/org/apache/ozone/ozone-filesystem-common/1.3.0-SNAPSHOT/ozone-filesystem-common-1.3.0-SNAPSHOT.jar:/home/runner/.m2/repository/org/apache/ozone/ozone-tools/1.3.0-SNAPSHOT/ozone-tools-1.3.0-SNAPSHOT.jar:/home/runner/.m2/repository/org/apache/ratis/ratis-tools/2.2.0/ratis-tools-2.2.0.jar:/home/runner/.m2/repository/com/amazonaws/aws-java-sdk-core/1.12.124/aws-java-sdk-core-1.12.124.jar:/home/runner/.m2/repository/org/apache/httpcomponents/httpclient/4.5.13/httpclient-4.5.13.jar:/home/runner/.m2/repository/org/apache/httpcomponents/httpcore/4.4.13/httpcore-4.4.13.jar:/home/runner/.m2/repository/software/amazon/ion/ion-java/1.0.2/ion-java-1.0.2.jar:/home/runner/.m2/repository/com/fasterxml/jackson/dataformat/jackson-dataformat-cbor/2.13.2/jackson-dataformat-cbor-2.13.2.jar:/home/runner/.m2/repository/joda-time/joda-time/2.8.1/joda-time-2.8.1.jar:/home/runner/.m2/repository/com/amazonaws/aws-java-sdk-s3/1.12.124/aws-java-sdk-s3-1.12.124.jar:/home/runner/.m2/repository/com/amazonaws/aws-java-sdk-kms/1.12.124/aws-java-sdk-kms-1.12.124.jar:/home/runner/.m2/repository/com/amazonaws/jmespath-java/1.12.124/jmespath-java-1.12.124.jar:/home/runner/.m2/repository/org/kohsuke/metainf-services/metainf-services/1.8/metainf-services-1.8.jar:/home/runner/.m2/repository/org/apache/ozone/hdds-tools/1.3.0-SNAPSHOT/hdds-tools-1.3.0-SNAPSHOT.jar:/home/runner/.m2/repository/commons-cli/commons-cli/1.2/commons-cli-1.2.jar:/home/runner/.m2/repository/org/apache/commons/commons-lang3/3.7/commons-lang3-3.7.jar:/home/runner/.m2/repository/org/apache/ozone/ozone-manager/1.3.0-SNAPSHOT/ozone-manager-1.3.0-SNAPSHOT-tests.jar:/home/runner/.m2/repository/org/apache/ozone/hdds-common/1.3.0-SNAPSHOT/hdds-common-1.3.0-SNAPSHOT-tests.jar:/home/runner/.m2/repository/org/apache/ozone/hdds-hadoop-dependency-client/1.3.0-SNAPSHOT/hdds-hadoop-dependency-client-1.3.0-SNAPSHOT.jar:/home/runner/.m2/repository/info/picocli/picocli/4.6.1/picocli-4.6.1.jar:/home/runner/.m2/repository/com/fasterxml/jackson/core/jackson-annotations/2.13.2/jackson-annotations-2.13.2.jar:/home/runner/.m2/repository/javax/annotation/javax.annotation-api/1.2/javax.annotation-api-1.2.jar:/home/runner/.m2/repository/org/apache/ratis/ratis-server/2.2.0/ratis-server-2.2.0.jar:/home/runner/.m2/repository/org/apache/ratis/ratis-client/2.2.0/ratis-client-2.2.0.jar:/home/runner/.m2/repository/org/apache/ratis/ratis-server-api/2.2.0/ratis-server-api-2.2.0.jar:/home/runner/.m2/repository/org/apache/ratis/ratis-metrics/2.2.0/ratis-metrics-2.2.0.jar:/home/runner/.m2/repository/org/apache/ratis/ratis-netty/2.2.0/ratis-netty-2.2.0.jar:/home/runner/.m2/repository/org/apache/ratis/ratis-grpc/2.2.0/ratis-grpc-2.2.0.jar:/home/runner/.m2/repository/org/apache/logging/log4j/log4j-api/2.17.1/log4j-api-2.17.1.jar:/home/runner/.m2/repository/org/apache/commons/commons-pool2/2.6.0/commons-pool2-2.6.0.jar:/home/runner/.m2/repository/org/bouncycastle/bcpkix-jdk15on/1.67/bcpkix-jdk15on-1.67.jar:/home/runner/.m2/repository/commons-validator/commons-validator/1.6/commons-validator-1.6.jar:/home/runner/.m2/repository/commons-beanutils/commons-beanutils/1.9.4/commons-beanutils-1.9.4.jar:/home/runner/.m2/repository/commons-digester/commons-digester/1.8.1/commons-digester-1.8.1.jar:/home/runner/.m2/repository/commons-collections/commons-collections/3.2.2/commons-collections-3.2.2.jar:/home/runner/.m2/repository/io/jaegertracing/jaeger-client/1.6.0/jaeger-client-1.6.0.jar:/home/runner/.m2/repository/io/jaegertracing/jaeger-thrift/1.6.0/jaeger-thrift-1.6.0.jar:/home/runner/.m2/repository/org/apache/thrift/libthrift/0.14.1/libthrift-0.14.1.jar:/home/runner/.m2/repository/com/squareup/okhttp3/okhttp/4.9.0/okhttp-4.9.0.jar:/home/runner/.m2/repository/com/squareup/okio/okio/2.8.0/okio-2.8.0.jar:/home/runner/.m2/repository/io/jaegertracing/jaeger-core/1.6.0/jaeger-core-1.6.0.jar:/home/runner/.m2/repository/io/jaegertracing/jaeger-tracerresolver/1.6.0/jaeger-tracerresolver-1.6.0.jar:/home/runner/.m2/repository/io/opentracing/contrib/opentracing-tracerresolver/0.1.8/opentracing-tracerresolver-0.1.8.jar:/home/runner/.m2/repository/org/jetbrains/kotlin/kotlin-stdlib/1.4.31/kotlin-stdlib-1.4.31.jar:/home/runner/.m2/repository/org/jetbrains/kotlin/kotlin-stdlib-common/1.4.31/kotlin-stdlib-common-1.4.31.jar:/home/runner/.m2/repository/org/jetbrains/annotations/13.0/annotations-13.0.jar:/home/runner/.m2/repository/io/opentracing/opentracing-util/0.33.0/opentracing-util-0.33.0.jar:/home/runner/.m2/repository/io/opentracing/opentracing-api/0.33.0/opentracing-api-0.33.0.jar:/home/runner/.m2/repository/io/opentracing/opentracing-noop/0.33.0/opentracing-noop-0.33.0.jar:/home/runner/.m2/repository/org/yaml/snakeyaml/1.26/snakeyaml-1.26.jar:/home/runner/.m2/repository/org/apache/ozone/hdds-interface-admin/1.3.0-SNAPSHOT/hdds-interface-admin-1.3.0-SNAPSHOT.jar:/home/runner/.m2/repository/junit/junit/4.13.1/junit-4.13.1.jar:/home/runner/.m2/repository/org/hamcrest/hamcrest-core/1.3/hamcrest-core-1.3.jar:/home/runner/.m2/repository/org/junit/jupiter/junit-jupiter-api/5.7.0/junit-jupiter-api-5.7.0.jar:/home/runner/.m2/repository/org/apiguardian/apiguardian-api/1.1.0/apiguardian-api-1.1.0.jar:/home/runner/.m2/repository/org/opentest4j/opentest4j/1.2.0/opentest4j-1.2.0.jar:/home/runner/.m2/repository/org/junit/platform/junit-platform-commons/1.7.0/junit-platform-commons-1.7.0.jar:/home/runner/.m2/repository/org/junit/jupiter/junit-jupiter-params/5.7.0/junit-jupiter-params-5.7.0.jar:/home/runner/.m2/repository/org/junit/jupiter/junit-jupiter-migrationsupport/5.7.0/junit-jupiter-migrationsupport-5.7.0.jar:/home/runner/.m2/repository/org/junit/jupiter/junit-jupiter-engine/5.7.0/junit-jupiter-engine-5.7.0.jar:/home/runner/.m2/repository/org/junit/platform/junit-platform-engine/1.7.0/junit-platform-engine-1.7.0.jar:/home/runner/.m2/repository/org/junit/vintage/junit-vintage-engine/5.7.0/junit-vintage-engine-5.7.0.jar:/home/runner/.m2/repository/org/junit/platform/junit-platform-launcher/1.7.0/junit-platform-launcher-1.7.0.jar:/home/runner/.m2/repository/org/mockito/mockito-core/2.28.2/mockito-core-2.28.2.jar:/home/runner/.m2/repository/net/bytebuddy/byte-buddy/1.9.10/byte-buddy-1.9.10.jar:/home/runner/.m2/repository/net/bytebuddy/byte-buddy-agent/1.9.10/byte-buddy-agent-1.9.10.jar:/home/runner/.m2/repository/org/objenesis/objenesis/1.0/objenesis-1.0.jar:/home/runner/.m2/repository/org/apache/hadoop/hadoop-kms/3.3.1/hadoop-kms-3.3.1.jar:/home/runner/.m2/repository/org/apache/hadoop/hadoop-auth/3.3.1/hadoop-auth-3.3.1.jar:/home/runner/.m2/repository/com/nimbusds/nimbus-jose-jwt/7.9/nimbus-jose-jwt-7.9.jar:/home/runner/.m2/repository/com/github/stephenc/jcip/jcip-annotations/1.0-1/jcip-annotations-1.0-1.jar:/home/runner/.m2/repository/net/minidev/json-smart/2.4.7/json-smart-2.4.7.jar:/home/runner/.m2/repository/net/minidev/accessors-smart/2.4.7/accessors-smart-2.4.7.jar:/home/runner/.m2/repository/org/ow2/asm/asm/5.0.4/asm-5.0.4.jar:/home/runner/.m2/repository/org/apache/zookeeper/zookeeper/3.5.6/zookeeper-3.5.6.jar:/home/runner/.m2/repository/org/apache/zookeeper/zookeeper-jute/3.5.6/zookeeper-jute-3.5.6.jar:/home/runner/.m2/repository/org/apache/yetus/audience-annotations/0.5.0/audience-annotations-0.5.0.jar:/home/runner/.m2/repository/org/apache/curator/curator-framework/4.2.0/curator-framework-4.2.0.jar:/home/runner/.m2/repository/org/apache/hadoop/thirdparty/hadoop-shaded-guava/1.1.1/hadoop-shaded-guava-1.1.1.jar:/home/runner/.m2/repository/com/sun/jersey/jersey-core/1.19/jersey-core-1.19.jar:/home/runner/.m2/repository/javax/ws/rs/jsr311-api/1.1.1/jsr311-api-1.1.1.jar:/home/runner/.m2/repository/com/sun/jersey/jersey-server/1.19/jersey-server-1.19.jar:/home/runner/.m2/repository/javax/servlet/javax.servlet-api/3.1.0/javax.servlet-api-3.1.0.jar:/home/runner/.m2/repository/org/eclipse/jetty/jetty-server/9.4.43.v20210629/jetty-server-9.4.43.v20210629.jar:/home/runner/.m2/repository/org/eclipse/jetty/jetty-http/9.4.43.v20210629/jetty-http-9.4.43.v20210629.jar:/home/runner/.m2/repository/org/eclipse/jetty/jetty-io/9.4.43.v20210629/jetty-io-9.4.43.v20210629.jar:/home/runner/.m2/repository/org/eclipse/jetty/jetty-webapp/9.4.43.v20210629/jetty-webapp-9.4.43.v20210629.jar:/home/runner/.m2/repository/org/eclipse/jetty/jetty-xml/9.4.43.v20210629/jetty-xml-9.4.43.v20210629.jar:/home/runner/.m2/repository/org/apache/hadoop/hadoop-common/3.3.1/hadoop-common-3.3.1.jar:/home/runner/.m2/repository/org/apache/commons/commons-math3/3.1.1/commons-math3-3.1.1.jar:/home/runner/.m2/repository/commons-net/commons-net/3.6/commons-net-3.6.jar:/home/runner/.m2/repository/com/sun/jersey/jersey-servlet/1.19/jersey-servlet-1.19.jar:/home/runner/.m2/repository/com/sun/jersey/jersey-json/1.19/jersey-json-1.19.jar:/home/runner/.m2/repository/org/codehaus/jettison/jettison/1.1/jettison-1.1.jar:/home/runner/.m2/repository/com/sun/xml/bind/jaxb-impl/2.2.3-1/jaxb-impl-2.2.3-1.jar:/home/runner/.m2/repository/org/codehaus/jackson/jackson-jaxrs/1.9.2/jackson-jaxrs-1.9.2.jar:/home/runner/.m2/repository/org/codehaus/jackson/jackson-xc/1.9.2/jackson-xc-1.9.2.jar:/home/runner/.m2/repository/org/apache/commons/commons-configuration2/2.1.1/commons-configuration2-2.1.1.jar:/home/runner/.m2/repository/org/apache/commons/commons-text/1.4/commons-text-1.4.jar:/home/runner/.m2/repository/com/google/re2j/re2j/1.1/re2j-1.1.jar:/home/runner/.m2/repository/com/jcraft/jsch/0.1.54/jsch-0.1.54.jar:/home/runner/.m2/repository/org/apache/curator/curator-client/4.2.0/curator-client-4.2.0.jar:/home/runner/.m2/repository/org/apache/curator/curator-recipes/4.2.0/curator-recipes-4.2.0.jar:/home/runner/.m2/repository/org/apache/kerby/kerb-core/1.0.1/kerb-core-1.0.1.jar:/home/runner/.m2/repository/org/apache/kerby/kerby-pkix/1.0.1/kerby-pkix-1.0.1.jar:/home/runner/.m2/repository/org/apache/kerby/kerby-asn1/1.0.1/kerby-asn1-1.0.1.jar:/home/runner/.m2/repository/org/apache/kerby/kerby-util/1.0.1/kerby-util-1.0.1.jar:/home/runner/.m2/repository/dnsjava/dnsjava/2.1.7/dnsjava-2.1.7.jar:/home/runner/.m2/repository/org/xerial/snappy/snappy-java/1.1.8.2/snappy-java-1.1.8.2.jar:/home/runner/.m2/repository/org/slf4j/jul-to-slf4j/1.7.30/jul-to-slf4j-1.7.30.jar:/home/runner/.m2/repository/org/eclipse/jetty/jetty-util/9.4.43.v20210629/jetty-util-9.4.43.v20210629.jar:/home/runner/.m2/repository/com/fasterxml/jackson/core/jackson-databind/2.13.2.2/jackson-databind-2.13.2.2.jar:/home/runner/.m2/repository/org/apache/hadoop/hadoop-kms/3.3.1/hadoop-kms-3.3.1-tests.jar:/home/runner/.m2/repository/org/apache/ozone/hdds-server-scm/1.3.0-SNAPSHOT/hdds-server-scm-1.3.0-SNAPSHOT-tests.jar:/home/runner/.m2/repository/org/apache/ozone/hdds-container-service/1.3.0-SNAPSHOT/hdds-container-service-1.3.0-SNAPSHOT-tests.jar:/home/runner/.m2/repository/commons-codec/commons-codec/1.11/commons-codec-1.11.jar:/home/runner/.m2/repository/io/netty/netty-transport/4.1.63.Final/netty-transport-4.1.63.Final.jar:/home/runner/.m2/repository/io/netty/netty-resolver/4.1.63.Final/netty-resolver-4.1.63.Final.jar:/home/runner/.m2/repository/io/netty/netty-codec/4.1.63.Final/netty-codec-4.1.63.Final.jar:/home/runner/.m2/repository/io/netty/netty-handler/4.1.63.Final/netty-handler-4.1.63.Final.jar:/home/runner/.m2/repository/org/apache/ozone/hdds-hadoop-dependency-test/1.3.0-SNAPSHOT/hdds-hadoop-dependency-test-1.3.0-SNAPSHOT.jar:/home/runner/.m2/repository/org/apache/hadoop/hadoop-common/3.3.1/hadoop-common-3.3.1-tests.jar:/home/runner/.m2/repository/org/assertj/assertj-core/3.12.2/assertj-core-3.12.2.jar:/home/runner/.m2/repository/org/apache/hadoop/hadoop-hdfs/3.3.1/hadoop-hdfs-3.3.1-tests.jar:/home/runner/.m2/repository/org/eclipse/jetty/jetty-util-ajax/9.4.43.v20210629/jetty-util-ajax-9.4.43.v20210629.jar:/home/runner/.m2/repository/commons-daemon/commons-daemon/1.0.13/commons-daemon-1.0.13.jar:/home/runner/.m2/repository/io/netty/netty/3.10.6.Final/netty-3.10.6.Final.jar:/home/runner/.m2/repository/io/netty/netty-all/4.1.63.Final/netty-all-4.1.63.Final.jar:/home/runner/.m2/repository/org/apache/htrace/htrace-core4/4.1.0-incubating/htrace-core4-4.1.0-incubating.jar:/home/runner/.m2/repository/org/fusesource/leveldbjni/leveldbjni-all/1.8/leveldbjni-all-1.8.jar:/home/runner/.m2/repository/org/apache/hadoop/hadoop-distcp/3.3.1/hadoop-distcp-3.3.1.jar:/home/runner/.m2/repository/org/apache/hadoop/hadoop-mapreduce-client-jobclient/3.3.1/hadoop-mapreduce-client-jobclient-3.3.1.jar:/home/runner/.m2/repository/org/apache/hadoop/hadoop-mapreduce-client-common/3.3.1/hadoop-mapreduce-client-common-3.3.1.jar:/home/runner/.m2/repository/org/apache/hadoop/hadoop-yarn-common/3.3.1/hadoop-yarn-common-3.3.1.jar:/home/runner/.m2/repository/org/apache/hadoop/hadoop-yarn-api/3.3.1/hadoop-yarn-api-3.3.1.jar:/home/runner/.m2/repository/com/sun/jersey/jersey-client/1.19/jersey-client-1.19.jar:/home/runner/.m2/repository/com/sun/jersey/contribs/jersey-guice/1.19/jersey-guice-1.19.jar:/home/runner/.m2/repository/com/fasterxml/jackson/jaxrs/jackson-jaxrs-json-provider/2.13.2/jackson-jaxrs-json-provider-2.13.2.jar:/home/runner/.m2/repository/com/fasterxml/jackson/jaxrs/jackson-jaxrs-base/2.13.2/jackson-jaxrs-base-2.13.2.jar:/home/runner/.m2/repository/org/apache/hadoop/hadoop-yarn-client/3.3.1/hadoop-yarn-client-3.3.1.jar:/home/runner/.m2/repository/org/eclipse/jetty/websocket/websocket-client/9.4.40.v20210413/websocket-client-9.4.40.v20210413.jar:/home/runner/.m2/repository/org/eclipse/jetty/jetty-client/9.4.40.v20210413/jetty-client-9.4.40.v20210413.jar:/home/runner/.m2/repository/org/eclipse/jetty/websocket/websocket-common/9.4.40.v20210413/websocket-common-9.4.40.v20210413.jar:/home/runner/.m2/repository/org/eclipse/jetty/websocket/websocket-api/9.4.40.v20210413/websocket-api-9.4.40.v20210413.jar:/home/runner/.m2/repository/org/jline/jline/3.9.0/jline-3.9.0.jar:/home/runner/.m2/repository/org/apache/hadoop/hadoop-mapreduce-client-core/3.3.1/hadoop-mapreduce-client-core-3.3.1.jar:/home/runner/.m2/repository/org/apache/avro/avro/1.7.7/avro-1.7.7.jar:/home/runner/.m2/repository/org/codehaus/jackson/jackson-core-asl/1.9.13/jackson-core-asl-1.9.13.jar:/home/runner/.m2/repository/org/codehaus/jackson/jackson-mapper-asl/1.9.13/jackson-mapper-asl-1.9.13.jar:/home/runner/.m2/repository/com/thoughtworks/paranamer/paranamer/2.3/paranamer-2.3.jar:/home/runner/.m2/repository/org/apache/hadoop/hadoop-annotations/3.3.1/hadoop-annotations-3.3.1.jar:/usr/lib/jvm/temurin-8-jdk-amd64/jre/../lib/tools.jar:/home/runner/.m2/repository/org/apache/hadoop/hadoop-distcp/3.3.1/hadoop-distcp-3.3.1-tests.jar:/home/runner/.m2/repository/org/apache/ratis/ratis-common/2.2.0/ratis-common-2.2.0.jar:/home/runner/.m2/repository/org/apache/ratis/ratis-thirdparty-misc/0.7.0/ratis-thirdparty-misc-0.7.0.jar:/home/runner/.m2/repository/org/apache/ratis/ratis-proto/2.2.0/ratis-proto-2.2.0.jar:/home/runner/.m2/repository/org/apache/ozone/ozone-annotation-processing/1.3.0-SNAPSHOT/ozone-annotation-processing-1.3.0-SNAPSHOT.jar:"/>
    <property name="java.vm.vendor" value="Temurin"/>
    <property name="sun.arch.data.model" value="64"/>
    <property name="test.build.dir" value="/home/runner/work/ozone/ozone/hadoop-ozone/integration-test/target/test-dir"/>
    <property name="test.cache.data" value=""/>
    <property name="java.vendor.url" value="https://adoptium.net/"/>
    <property name="user.timezone" value="Etc/UTC"/>
    <property name="java.vm.specification.version" value="1.8"/>
    <property name="os.name" value="Linux"/>
    <property name="test.build.data" value="/home/runner/work/ozone/ozone/hadoop-ozone/integration-test/target/test-dir"/>
    <property name="sun.java.launcher" value="SUN_STANDARD"/>
    <property name="sun.boot.library.path" value="/usr/lib/jvm/temurin-8-jdk-amd64/jre/lib/amd64"/>
    <property name="sun.java.command" value="/home/runner/work/ozone/ozone/hadoop-ozone/integration-test/target/surefire/surefirebooter291860976844978294.jar /home/runner/work/ozone/ozone/hadoop-ozone/integration-test/target/surefire 2022-04-26T00-55-43_130-jvmRun1 surefire8577576522926152048tmp surefire_316287202675926751704tmp"/>
    <property name="surefire.test.class.path" value="/home/runner/work/ozone/ozone/hadoop-ozone/integration-test/target/test-classes:/home/runner/work/ozone/ozone/hadoop-ozone/integration-test/target/classes:/home/runner/.m2/repository/org/apache/ozone/ozone-common/1.3.0-SNAPSHOT/ozone-common-1.3.0-SNAPSHOT.jar:/home/runner/.m2/repository/org/apache/commons/commons-compress/1.21/commons-compress-1.21.jar:/home/runner/.m2/repository/org/apache/ozone/hdds-common/1.3.0-SNAPSHOT/hdds-common-1.3.0-SNAPSHOT.jar:/home/runner/.m2/repository/org/apache/ozone/hdds-client/1.3.0-SNAPSHOT/hdds-client-1.3.0-SNAPSHOT.jar:/home/runner/.m2/repository/org/apache/ozone/ozone-interface-client/1.3.0-SNAPSHOT/ozone-interface-client-1.3.0-SNAPSHOT.jar:/home/runner/.m2/repository/org/apache/ozone/hdds-test-utils/1.3.0-SNAPSHOT/hdds-test-utils-1.3.0-SNAPSHOT.jar:/home/runner/.m2/repository/com/google/guava/guava/30.1.1-jre/guava-30.1.1-jre.jar:/home/runner/.m2/repository/com/google/guava/failureaccess/1.0.1/failureaccess-1.0.1.jar:/home/runner/.m2/repository/com/google/guava/listenablefuture/9999.0-empty-to-avoid-conflict-with-guava/listenablefuture-9999.0-empty-to-avoid-conflict-with-guava.jar:/home/runner/.m2/repository/com/google/code/findbugs/jsr305/3.0.0/jsr305-3.0.0.jar:/home/runner/.m2/repository/org/checkerframework/checker-qual/3.8.0/checker-qual-3.8.0.jar:/home/runner/.m2/repository/com/google/errorprone/error_prone_annotations/2.2.0/error_prone_annotations-2.2.0.jar:/home/runner/.m2/repository/com/google/j2objc/j2objc-annotations/1.3/j2objc-annotations-1.3.jar:/home/runner/.m2/repository/commons-io/commons-io/2.11.0/commons-io-2.11.0.jar:/home/runner/.m2/repository/commons-logging/commons-logging/1.2/commons-logging-1.2.jar:/home/runner/.m2/repository/log4j/log4j/1.2.17/log4j-1.2.17.jar:/home/runner/.m2/repository/org/slf4j/slf4j-api/1.7.30/slf4j-api-1.7.30.jar:/home/runner/.m2/repository/org/apache/ozone/hdds-server-scm/1.3.0-SNAPSHOT/hdds-server-scm-1.3.0-SNAPSHOT.jar:/home/runner/.m2/repository/org/apache/ozone/hdds-container-service/1.3.0-SNAPSHOT/hdds-container-service-1.3.0-SNAPSHOT.jar:/home/runner/.m2/repository/org/apache/ozone/hdds-hadoop-dependency-server/1.3.0-SNAPSHOT/hdds-hadoop-dependency-server-1.3.0-SNAPSHOT.jar:/home/runner/.m2/repository/org/apache/hadoop/hadoop-hdfs/3.3.1/hadoop-hdfs-3.3.1.jar:/home/runner/.m2/repository/org/apache/ozone/hdds-server-framework/1.3.0-SNAPSHOT/hdds-server-framework-1.3.0-SNAPSHOT.jar:/home/runner/.m2/repository/org/apache/ozone/hdds-interface-server/1.3.0-SNAPSHOT/hdds-interface-server-1.3.0-SNAPSHOT.jar:/home/runner/.m2/repository/org/apache/logging/log4j/log4j-core/2.17.1/log4j-core-2.17.1.jar:/home/runner/.m2/repository/com/lmax/disruptor/3.4.2/disruptor-3.4.2.jar:/home/runner/.m2/repository/org/eclipse/jetty/jetty-servlet/9.4.43.v20210629/jetty-servlet-9.4.43.v20210629.jar:/home/runner/.m2/repository/org/eclipse/jetty/jetty-security/9.4.43.v20210629/jetty-security-9.4.43.v20210629.jar:/home/runner/.m2/repository/org/rocksdb/rocksdbjni/7.0.4/rocksdbjni-7.0.4.jar:/home/runner/.m2/repository/io/prometheus/simpleclient_dropwizard/0.7.0/simpleclient_dropwizard-0.7.0.jar:/home/runner/.m2/repository/io/prometheus/simpleclient/0.7.0/simpleclient-0.7.0.jar:/home/runner/.m2/repository/io/prometheus/simpleclient_common/0.7.0/simpleclient_common-0.7.0.jar:/home/runner/.m2/repository/com/fasterxml/jackson/datatype/jackson-datatype-jsr310/2.13.2/jackson-datatype-jsr310-2.13.2.jar:/home/runner/.m2/repository/io/dropwizard/metrics/metrics-core/3.2.4/metrics-core-3.2.4.jar:/home/runner/.m2/repository/org/apache/hadoop/hadoop-hdfs-client/3.3.1/hadoop-hdfs-client-3.3.1.jar:/home/runner/.m2/repository/org/bouncycastle/bcprov-jdk15on/1.67/bcprov-jdk15on-1.67.jar:/home/runner/.m2/repository/com/google/protobuf/protobuf-java/2.5.0/protobuf-java-2.5.0.jar:/home/runner/.m2/repository/org/apache/ozone/ozone-manager/1.3.0-SNAPSHOT/ozone-manager-1.3.0-SNAPSHOT.jar:/home/runner/.m2/repository/org/aspectj/aspectjrt/1.9.7/aspectjrt-1.9.7.jar:/home/runner/.m2/repository/org/aspectj/aspectjweaver/1.9.7/aspectjweaver-1.9.7.jar:/home/runner/.m2/repository/org/apache/ozone/hdds-interface-client/1.3.0-SNAPSHOT/hdds-interface-client-1.3.0-SNAPSHOT.jar:/home/runner/.m2/repository/org/apache/hadoop/thirdparty/hadoop-shaded-protobuf_3_7/1.1.1/hadoop-shaded-protobuf_3_7-1.1.1.jar:/home/runner/.m2/repository/org/apache/ozone/ozone-interface-storage/1.3.0-SNAPSHOT/ozone-interface-storage-1.3.0-SNAPSHOT.jar:/home/runner/.m2/repository/org/reflections/reflections/0.9.11/reflections-0.9.11.jar:/home/runner/.m2/repository/org/apache/hadoop/hadoop-minikdc/3.3.1/hadoop-minikdc-3.3.1.jar:/home/runner/.m2/repository/org/apache/kerby/kerb-simplekdc/1.0.1/kerb-simplekdc-1.0.1.jar:/home/runner/.m2/repository/org/apache/kerby/kerb-client/1.0.1/kerb-client-1.0.1.jar:/home/runner/.m2/repository/org/apache/kerby/kerby-config/1.0.1/kerby-config-1.0.1.jar:/home/runner/.m2/repository/org/apache/kerby/kerb-common/1.0.1/kerb-common-1.0.1.jar:/home/runner/.m2/repository/org/apache/kerby/kerb-crypto/1.0.1/kerb-crypto-1.0.1.jar:/home/runner/.m2/repository/org/apache/kerby/kerb-util/1.0.1/kerb-util-1.0.1.jar:/home/runner/.m2/repository/org/apache/kerby/token-provider/1.0.1/token-provider-1.0.1.jar:/home/runner/.m2/repository/org/apache/kerby/kerb-admin/1.0.1/kerb-admin-1.0.1.jar:/home/runner/.m2/repository/org/apache/kerby/kerb-server/1.0.1/kerb-server-1.0.1.jar:/home/runner/.m2/repository/org/apache/kerby/kerb-identity/1.0.1/kerb-identity-1.0.1.jar:/home/runner/.m2/repository/org/apache/kerby/kerby-xdr/1.0.1/kerby-xdr-1.0.1.jar:/home/runner/.m2/repository/org/slf4j/slf4j-log4j12/1.7.30/slf4j-log4j12-1.7.30.jar:/home/runner/.m2/repository/org/apache/ozone/ozone-s3gateway/1.3.0-SNAPSHOT/ozone-s3gateway-1.3.0-SNAPSHOT.jar:/home/runner/.m2/repository/org/javassist/javassist/3.21.0-GA/javassist-3.21.0-GA.jar:/home/runner/.m2/repository/org/jboss/weld/servlet/weld-servlet/2.4.7.Final/weld-servlet-2.4.7.Final.jar:/home/runner/.m2/repository/org/glassfish/jersey/containers/jersey-container-servlet-core/2.33/jersey-container-servlet-core-2.33.jar:/home/runner/.m2/repository/org/glassfish/hk2/external/jakarta.inject/2.6.1/jakarta.inject-2.6.1.jar:/home/runner/.m2/repository/org/glassfish/jersey/core/jersey-common/2.33/jersey-common-2.33.jar:/home/runner/.m2/repository/jakarta/ws/rs/jakarta.ws.rs-api/2.1.6/jakarta.ws.rs-api-2.1.6.jar:/home/runner/.m2/repository/org/glassfish/jersey/ext/cdi/jersey-cdi1x/2.33/jersey-cdi1x-2.33.jar:/home/runner/.m2/repository/org/glassfish/jersey/inject/jersey-hk2/2.33/jersey-hk2-2.33.jar:/home/runner/.m2/repository/org/glassfish/hk2/hk2-locator/2.6.1/hk2-locator-2.6.1.jar:/home/runner/.m2/repository/org/glassfish/jersey/media/jersey-media-jaxb/2.33/jersey-media-jaxb-2.33.jar:/home/runner/.m2/repository/org/glassfish/hk2/osgi-resource-locator/1.0.3/osgi-resource-locator-1.0.3.jar:/home/runner/.m2/repository/org/glassfish/hk2/hk2-api/2.5.0/hk2-api-2.5.0.jar:/home/runner/.m2/repository/org/glassfish/hk2/hk2-utils/2.5.0/hk2-utils-2.5.0.jar:/home/runner/.m2/repository/org/glassfish/hk2/external/aopalliance-repackaged/2.5.0/aopalliance-repackaged-2.5.0.jar:/home/runner/.m2/repository/com/fasterxml/jackson/dataformat/jackson-dataformat-xml/2.13.2/jackson-dataformat-xml-2.13.2.jar:/home/runner/.m2/repository/com/fasterxml/jackson/core/jackson-core/2.13.2/jackson-core-2.13.2.jar:/home/runner/.m2/repository/org/codehaus/woodstox/stax2-api/3.1.4/stax2-api-3.1.4.jar:/home/runner/.m2/repository/com/fasterxml/woodstox/woodstox-core/5.0.3/woodstox-core-5.0.3.jar:/home/runner/.m2/repository/com/fasterxml/jackson/module/jackson-module-jaxb-annotations/2.13.2/jackson-module-jaxb-annotations-2.13.2.jar:/home/runner/.m2/repository/jakarta/xml/bind/jakarta.xml.bind-api/2.3.3/jakarta.xml.bind-api-2.3.3.jar:/home/runner/.m2/repository/jakarta/activation/jakarta.activation-api/1.2.1/jakarta.activation-api-1.2.1.jar:/home/runner/.m2/repository/javax/enterprise/cdi-api/1.2/cdi-api-1.2.jar:/home/runner/.m2/repository/javax/el/javax.el-api/3.0.0/javax.el-api-3.0.0.jar:/home/runner/.m2/repository/javax/interceptor/javax.interceptor-api/1.2/javax.interceptor-api-1.2.jar:/home/runner/.m2/repository/javax/inject/javax.inject/1/javax.inject-1.jar:/home/runner/.m2/repository/javax/xml/bind/jaxb-api/2.3.0/jaxb-api-2.3.0.jar:/home/runner/.m2/repository/org/glassfish/jaxb/jaxb-runtime/2.3.0.1/jaxb-runtime-2.3.0.1.jar:/home/runner/.m2/repository/org/glassfish/jaxb/jaxb-core/2.3.0.1/jaxb-core-2.3.0.1.jar:/home/runner/.m2/repository/org/glassfish/jaxb/txw2/2.3.0.1/txw2-2.3.0.1.jar:/home/runner/.m2/repository/com/sun/istack/istack-commons-runtime/3.0.5/istack-commons-runtime-3.0.5.jar:/home/runner/.m2/repository/org/jvnet/staxex/stax-ex/1.7.8/stax-ex-1.7.8.jar:/home/runner/.m2/repository/com/sun/xml/fastinfoset/FastInfoset/1.2.13/FastInfoset-1.2.13.jar:/home/runner/.m2/repository/javax/activation/activation/1.1.1/activation-1.1.1.jar:/home/runner/.m2/repository/org/apache/ozone/ozone-csi/1.3.0-SNAPSHOT/ozone-csi-1.3.0-SNAPSHOT.jar:/home/runner/.m2/repository/com/google/protobuf/protobuf-java-util/3.12.0/protobuf-java-util-3.12.0.jar:/home/runner/.m2/repository/com/google/code/gson/gson/2.2.4/gson-2.2.4.jar:/home/runner/.m2/repository/org/apache/ozone/hdds-config/1.3.0-SNAPSHOT/hdds-config-1.3.0-SNAPSHOT.jar:/home/runner/.m2/repository/io/grpc/grpc-netty/1.33.0/grpc-netty-1.33.0.jar:/home/runner/.m2/repository/io/grpc/grpc-core/1.33.0/grpc-core-1.33.0.jar:/home/runner/.m2/repository/com/google/android/annotations/4.1.1.4/annotations-4.1.1.4.jar:/home/runner/.m2/repository/io/netty/netty-codec-http2/4.1.63.Final/netty-codec-http2-4.1.63.Final.jar:/home/runner/.m2/repository/io/netty/netty-codec-http/4.1.63.Final/netty-codec-http-4.1.63.Final.jar:/home/runner/.m2/repository/io/netty/netty-handler-proxy/4.1.63.Final/netty-handler-proxy-4.1.63.Final.jar:/home/runner/.m2/repository/io/netty/netty-codec-socks/4.1.63.Final/netty-codec-socks-4.1.63.Final.jar:/home/runner/.m2/repository/io/perfmark/perfmark-api/0.19.0/perfmark-api-0.19.0.jar:/home/runner/.m2/repository/org/codehaus/mojo/animal-sniffer-annotations/1.18/animal-sniffer-annotations-1.18.jar:/home/runner/.m2/repository/io/netty/netty-transport-native-epoll/4.1.63.Final/netty-transport-native-epoll-4.1.63.Final.jar:/home/runner/.m2/repository/io/netty/netty-common/4.1.63.Final/netty-common-4.1.63.Final.jar:/home/runner/.m2/repository/io/netty/netty-buffer/4.1.63.Final/netty-buffer-4.1.63.Final.jar:/home/runner/.m2/repository/io/netty/netty-transport-native-unix-common/4.1.63.Final/netty-transport-native-unix-common-4.1.63.Final.jar:/home/runner/.m2/repository/io/grpc/grpc-protobuf/1.33.0/grpc-protobuf-1.33.0.jar:/home/runner/.m2/repository/io/grpc/grpc-api/1.33.0/grpc-api-1.33.0.jar:/home/runner/.m2/repository/io/grpc/grpc-context/1.33.0/grpc-context-1.33.0.jar:/home/runner/.m2/repository/com/google/api/grpc/proto-google-common-protos/1.17.0/proto-google-common-protos-1.17.0.jar:/home/runner/.m2/repository/io/grpc/grpc-protobuf-lite/1.33.0/grpc-protobuf-lite-1.33.0.jar:/home/runner/.m2/repository/io/grpc/grpc-stub/1.33.0/grpc-stub-1.33.0.jar:/home/runner/.m2/repository/org/apache/ozone/ozone-recon/1.3.0-SNAPSHOT/ozone-recon-1.3.0-SNAPSHOT.jar:/home/runner/.m2/repository/org/apache/ozone/ozone-reconcodegen/1.3.0-SNAPSHOT/ozone-reconcodegen-1.3.0-SNAPSHOT.jar:/home/runner/.m2/repository/com/google/inject/extensions/guice-multibindings/4.0/guice-multibindings-4.0.jar:/home/runner/.m2/repository/com/google/inject/guice/4.0/guice-4.0.jar:/home/runner/.m2/repository/aopalliance/aopalliance/1.0/aopalliance-1.0.jar:/home/runner/.m2/repository/com/google/inject/extensions/guice-assistedinject/4.0/guice-assistedinject-4.0.jar:/home/runner/.m2/repository/com/google/inject/extensions/guice-servlet/4.0/guice-servlet-4.0.jar:/home/runner/.m2/repository/org/glassfish/jersey/containers/jersey-container-servlet/2.33/jersey-container-servlet-2.33.jar:/home/runner/.m2/repository/org/glassfish/hk2/guice-bridge/2.5.0/guice-bridge-2.5.0.jar:/home/runner/.m2/repository/org/glassfish/jersey/core/jersey-server/2.33/jersey-server-2.33.jar:/home/runner/.m2/repository/org/glassfish/jersey/core/jersey-client/2.33/jersey-client-2.33.jar:/home/runner/.m2/repository/jakarta/annotation/jakarta.annotation-api/1.3.5/jakarta.annotation-api-1.3.5.jar:/home/runner/.m2/repository/jakarta/validation/jakarta.validation-api/2.0.2/jakarta.validation-api-2.0.2.jar:/home/runner/.m2/repository/org/glassfish/jersey/media/jersey-media-json-jackson/2.33/jersey-media-json-jackson-2.33.jar:/home/runner/.m2/repository/org/glassfish/jersey/ext/jersey-entity-filtering/2.33/jersey-entity-filtering-2.33.jar:/home/runner/.m2/repository/org/jooq/jooq/3.11.10/jooq-3.11.10.jar:/home/runner/.m2/repository/org/jooq/jooq-meta/3.11.10/jooq-meta-3.11.10.jar:/home/runner/.m2/repository/org/jooq/jooq-codegen/3.11.10/jooq-codegen-3.11.10.jar:/home/runner/.m2/repository/com/jolbox/bonecp/0.8.0.RELEASE/bonecp-0.8.0.RELEASE.jar:/home/runner/.m2/repository/org/apache/derby/derby/10.14.2.0/derby-10.14.2.0.jar:/home/runner/.m2/repository/org/xerial/sqlite-jdbc/3.25.2/sqlite-jdbc-3.25.2.jar:/home/runner/.m2/repository/org/springframework/spring-jdbc/5.2.20.RELEASE/spring-jdbc-5.2.20.RELEASE.jar:/home/runner/.m2/repository/org/springframework/spring-beans/5.2.20.RELEASE/spring-beans-5.2.20.RELEASE.jar:/home/runner/.m2/repository/org/springframework/spring-core/5.2.20.RELEASE/spring-core-5.2.20.RELEASE.jar:/home/runner/.m2/repository/org/springframework/spring-jcl/5.2.20.RELEASE/spring-jcl-5.2.20.RELEASE.jar:/home/runner/.m2/repository/org/springframework/spring-tx/5.2.20.RELEASE/spring-tx-5.2.20.RELEASE.jar:/home/runner/.m2/repository/org/apache/ozone/ozone-client/1.3.0-SNAPSHOT/ozone-client-1.3.0-SNAPSHOT.jar:/home/runner/.m2/repository/org/apache/ozone/hdds-erasurecode/1.3.0-SNAPSHOT/hdds-erasurecode-1.3.0-SNAPSHOT.jar:/home/runner/.m2/repository/com/github/spotbugs/spotbugs-annotations/3.1.12/spotbugs-annotations-3.1.12.jar:/home/runner/.m2/repository/org/apache/ozone/ozone-filesystem/1.3.0-SNAPSHOT/ozone-filesystem-1.3.0-SNAPSHOT.jar:/home/runner/.m2/repository/org/apache/ozone/ozone-filesystem-common/1.3.0-SNAPSHOT/ozone-filesystem-common-1.3.0-SNAPSHOT.jar:/home/runner/.m2/repository/org/apache/ozone/ozone-tools/1.3.0-SNAPSHOT/ozone-tools-1.3.0-SNAPSHOT.jar:/home/runner/.m2/repository/org/apache/ratis/ratis-tools/2.2.0/ratis-tools-2.2.0.jar:/home/runner/.m2/repository/com/amazonaws/aws-java-sdk-core/1.12.124/aws-java-sdk-core-1.12.124.jar:/home/runner/.m2/repository/org/apache/httpcomponents/httpclient/4.5.13/httpclient-4.5.13.jar:/home/runner/.m2/repository/org/apache/httpcomponents/httpcore/4.4.13/httpcore-4.4.13.jar:/home/runner/.m2/repository/software/amazon/ion/ion-java/1.0.2/ion-java-1.0.2.jar:/home/runner/.m2/repository/com/fasterxml/jackson/dataformat/jackson-dataformat-cbor/2.13.2/jackson-dataformat-cbor-2.13.2.jar:/home/runner/.m2/repository/joda-time/joda-time/2.8.1/joda-time-2.8.1.jar:/home/runner/.m2/repository/com/amazonaws/aws-java-sdk-s3/1.12.124/aws-java-sdk-s3-1.12.124.jar:/home/runner/.m2/repository/com/amazonaws/aws-java-sdk-kms/1.12.124/aws-java-sdk-kms-1.12.124.jar:/home/runner/.m2/repository/com/amazonaws/jmespath-java/1.12.124/jmespath-java-1.12.124.jar:/home/runner/.m2/repository/org/kohsuke/metainf-services/metainf-services/1.8/metainf-services-1.8.jar:/home/runner/.m2/repository/org/apache/ozone/hdds-tools/1.3.0-SNAPSHOT/hdds-tools-1.3.0-SNAPSHOT.jar:/home/runner/.m2/repository/commons-cli/commons-cli/1.2/commons-cli-1.2.jar:/home/runner/.m2/repository/org/apache/commons/commons-lang3/3.7/commons-lang3-3.7.jar:/home/runner/.m2/repository/org/apache/ozone/ozone-manager/1.3.0-SNAPSHOT/ozone-manager-1.3.0-SNAPSHOT-tests.jar:/home/runner/.m2/repository/org/apache/ozone/hdds-common/1.3.0-SNAPSHOT/hdds-common-1.3.0-SNAPSHOT-tests.jar:/home/runner/.m2/repository/org/apache/ozone/hdds-hadoop-dependency-client/1.3.0-SNAPSHOT/hdds-hadoop-dependency-client-1.3.0-SNAPSHOT.jar:/home/runner/.m2/repository/info/picocli/picocli/4.6.1/picocli-4.6.1.jar:/home/runner/.m2/repository/com/fasterxml/jackson/core/jackson-annotations/2.13.2/jackson-annotations-2.13.2.jar:/home/runner/.m2/repository/javax/annotation/javax.annotation-api/1.2/javax.annotation-api-1.2.jar:/home/runner/.m2/repository/org/apache/ratis/ratis-server/2.2.0/ratis-server-2.2.0.jar:/home/runner/.m2/repository/org/apache/ratis/ratis-client/2.2.0/ratis-client-2.2.0.jar:/home/runner/.m2/repository/org/apache/ratis/ratis-server-api/2.2.0/ratis-server-api-2.2.0.jar:/home/runner/.m2/repository/org/apache/ratis/ratis-metrics/2.2.0/ratis-metrics-2.2.0.jar:/home/runner/.m2/repository/org/apache/ratis/ratis-netty/2.2.0/ratis-netty-2.2.0.jar:/home/runner/.m2/repository/org/apache/ratis/ratis-grpc/2.2.0/ratis-grpc-2.2.0.jar:/home/runner/.m2/repository/org/apache/logging/log4j/log4j-api/2.17.1/log4j-api-2.17.1.jar:/home/runner/.m2/repository/org/apache/commons/commons-pool2/2.6.0/commons-pool2-2.6.0.jar:/home/runner/.m2/repository/org/bouncycastle/bcpkix-jdk15on/1.67/bcpkix-jdk15on-1.67.jar:/home/runner/.m2/repository/commons-validator/commons-validator/1.6/commons-validator-1.6.jar:/home/runner/.m2/repository/commons-beanutils/commons-beanutils/1.9.4/commons-beanutils-1.9.4.jar:/home/runner/.m2/repository/commons-digester/commons-digester/1.8.1/commons-digester-1.8.1.jar:/home/runner/.m2/repository/commons-collections/commons-collections/3.2.2/commons-collections-3.2.2.jar:/home/runner/.m2/repository/io/jaegertracing/jaeger-client/1.6.0/jaeger-client-1.6.0.jar:/home/runner/.m2/repository/io/jaegertracing/jaeger-thrift/1.6.0/jaeger-thrift-1.6.0.jar:/home/runner/.m2/repository/org/apache/thrift/libthrift/0.14.1/libthrift-0.14.1.jar:/home/runner/.m2/repository/com/squareup/okhttp3/okhttp/4.9.0/okhttp-4.9.0.jar:/home/runner/.m2/repository/com/squareup/okio/okio/2.8.0/okio-2.8.0.jar:/home/runner/.m2/repository/io/jaegertracing/jaeger-core/1.6.0/jaeger-core-1.6.0.jar:/home/runner/.m2/repository/io/jaegertracing/jaeger-tracerresolver/1.6.0/jaeger-tracerresolver-1.6.0.jar:/home/runner/.m2/repository/io/opentracing/contrib/opentracing-tracerresolver/0.1.8/opentracing-tracerresolver-0.1.8.jar:/home/runner/.m2/repository/org/jetbrains/kotlin/kotlin-stdlib/1.4.31/kotlin-stdlib-1.4.31.jar:/home/runner/.m2/repository/org/jetbrains/kotlin/kotlin-stdlib-common/1.4.31/kotlin-stdlib-common-1.4.31.jar:/home/runner/.m2/repository/org/jetbrains/annotations/13.0/annotations-13.0.jar:/home/runner/.m2/repository/io/opentracing/opentracing-util/0.33.0/opentracing-util-0.33.0.jar:/home/runner/.m2/repository/io/opentracing/opentracing-api/0.33.0/opentracing-api-0.33.0.jar:/home/runner/.m2/repository/io/opentracing/opentracing-noop/0.33.0/opentracing-noop-0.33.0.jar:/home/runner/.m2/repository/org/yaml/snakeyaml/1.26/snakeyaml-1.26.jar:/home/runner/.m2/repository/org/apache/ozone/hdds-interface-admin/1.3.0-SNAPSHOT/hdds-interface-admin-1.3.0-SNAPSHOT.jar:/home/runner/.m2/repository/junit/junit/4.13.1/junit-4.13.1.jar:/home/runner/.m2/repository/org/hamcrest/hamcrest-core/1.3/hamcrest-core-1.3.jar:/home/runner/.m2/repository/org/junit/jupiter/junit-jupiter-api/5.7.0/junit-jupiter-api-5.7.0.jar:/home/runner/.m2/repository/org/apiguardian/apiguardian-api/1.1.0/apiguardian-api-1.1.0.jar:/home/runner/.m2/repository/org/opentest4j/opentest4j/1.2.0/opentest4j-1.2.0.jar:/home/runner/.m2/repository/org/junit/platform/junit-platform-commons/1.7.0/junit-platform-commons-1.7.0.jar:/home/runner/.m2/repository/org/junit/jupiter/junit-jupiter-params/5.7.0/junit-jupiter-params-5.7.0.jar:/home/runner/.m2/repository/org/junit/jupiter/junit-jupiter-migrationsupport/5.7.0/junit-jupiter-migrationsupport-5.7.0.jar:/home/runner/.m2/repository/org/junit/jupiter/junit-jupiter-engine/5.7.0/junit-jupiter-engine-5.7.0.jar:/home/runner/.m2/repository/org/junit/platform/junit-platform-engine/1.7.0/junit-platform-engine-1.7.0.jar:/home/runner/.m2/repository/org/junit/vintage/junit-vintage-engine/5.7.0/junit-vintage-engine-5.7.0.jar:/home/runner/.m2/repository/org/junit/platform/junit-platform-launcher/1.7.0/junit-platform-launcher-1.7.0.jar:/home/runner/.m2/repository/org/mockito/mockito-core/2.28.2/mockito-core-2.28.2.jar:/home/runner/.m2/repository/net/bytebuddy/byte-buddy/1.9.10/byte-buddy-1.9.10.jar:/home/runner/.m2/repository/net/bytebuddy/byte-buddy-agent/1.9.10/byte-buddy-agent-1.9.10.jar:/home/runner/.m2/repository/org/objenesis/objenesis/1.0/objenesis-1.0.jar:/home/runner/.m2/repository/org/apache/hadoop/hadoop-kms/3.3.1/hadoop-kms-3.3.1.jar:/home/runner/.m2/repository/org/apache/hadoop/hadoop-auth/3.3.1/hadoop-auth-3.3.1.jar:/home/runner/.m2/repository/com/nimbusds/nimbus-jose-jwt/7.9/nimbus-jose-jwt-7.9.jar:/home/runner/.m2/repository/com/github/stephenc/jcip/jcip-annotations/1.0-1/jcip-annotations-1.0-1.jar:/home/runner/.m2/repository/net/minidev/json-smart/2.4.7/json-smart-2.4.7.jar:/home/runner/.m2/repository/net/minidev/accessors-smart/2.4.7/accessors-smart-2.4.7.jar:/home/runner/.m2/repository/org/ow2/asm/asm/5.0.4/asm-5.0.4.jar:/home/runner/.m2/repository/org/apache/zookeeper/zookeeper/3.5.6/zookeeper-3.5.6.jar:/home/runner/.m2/repository/org/apache/zookeeper/zookeeper-jute/3.5.6/zookeeper-jute-3.5.6.jar:/home/runner/.m2/repository/org/apache/yetus/audience-annotations/0.5.0/audience-annotations-0.5.0.jar:/home/runner/.m2/repository/org/apache/curator/curator-framework/4.2.0/curator-framework-4.2.0.jar:/home/runner/.m2/repository/org/apache/hadoop/thirdparty/hadoop-shaded-guava/1.1.1/hadoop-shaded-guava-1.1.1.jar:/home/runner/.m2/repository/com/sun/jersey/jersey-core/1.19/jersey-core-1.19.jar:/home/runner/.m2/repository/javax/ws/rs/jsr311-api/1.1.1/jsr311-api-1.1.1.jar:/home/runner/.m2/repository/com/sun/jersey/jersey-server/1.19/jersey-server-1.19.jar:/home/runner/.m2/repository/javax/servlet/javax.servlet-api/3.1.0/javax.servlet-api-3.1.0.jar:/home/runner/.m2/repository/org/eclipse/jetty/jetty-server/9.4.43.v20210629/jetty-server-9.4.43.v20210629.jar:/home/runner/.m2/repository/org/eclipse/jetty/jetty-http/9.4.43.v20210629/jetty-http-9.4.43.v20210629.jar:/home/runner/.m2/repository/org/eclipse/jetty/jetty-io/9.4.43.v20210629/jetty-io-9.4.43.v20210629.jar:/home/runner/.m2/repository/org/eclipse/jetty/jetty-webapp/9.4.43.v20210629/jetty-webapp-9.4.43.v20210629.jar:/home/runner/.m2/repository/org/eclipse/jetty/jetty-xml/9.4.43.v20210629/jetty-xml-9.4.43.v20210629.jar:/home/runner/.m2/repository/org/apache/hadoop/hadoop-common/3.3.1/hadoop-common-3.3.1.jar:/home/runner/.m2/repository/org/apache/commons/commons-math3/3.1.1/commons-math3-3.1.1.jar:/home/runner/.m2/repository/commons-net/commons-net/3.6/commons-net-3.6.jar:/home/runner/.m2/repository/com/sun/jersey/jersey-servlet/1.19/jersey-servlet-1.19.jar:/home/runner/.m2/repository/com/sun/jersey/jersey-json/1.19/jersey-json-1.19.jar:/home/runner/.m2/repository/org/codehaus/jettison/jettison/1.1/jettison-1.1.jar:/home/runner/.m2/repository/com/sun/xml/bind/jaxb-impl/2.2.3-1/jaxb-impl-2.2.3-1.jar:/home/runner/.m2/repository/org/codehaus/jackson/jackson-jaxrs/1.9.2/jackson-jaxrs-1.9.2.jar:/home/runner/.m2/repository/org/codehaus/jackson/jackson-xc/1.9.2/jackson-xc-1.9.2.jar:/home/runner/.m2/repository/org/apache/commons/commons-configuration2/2.1.1/commons-configuration2-2.1.1.jar:/home/runner/.m2/repository/org/apache/commons/commons-text/1.4/commons-text-1.4.jar:/home/runner/.m2/repository/com/google/re2j/re2j/1.1/re2j-1.1.jar:/home/runner/.m2/repository/com/jcraft/jsch/0.1.54/jsch-0.1.54.jar:/home/runner/.m2/repository/org/apache/curator/curator-client/4.2.0/curator-client-4.2.0.jar:/home/runner/.m2/repository/org/apache/curator/curator-recipes/4.2.0/curator-recipes-4.2.0.jar:/home/runner/.m2/repository/org/apache/kerby/kerb-core/1.0.1/kerb-core-1.0.1.jar:/home/runner/.m2/repository/org/apache/kerby/kerby-pkix/1.0.1/kerby-pkix-1.0.1.jar:/home/runner/.m2/repository/org/apache/kerby/kerby-asn1/1.0.1/kerby-asn1-1.0.1.jar:/home/runner/.m2/repository/org/apache/kerby/kerby-util/1.0.1/kerby-util-1.0.1.jar:/home/runner/.m2/repository/dnsjava/dnsjava/2.1.7/dnsjava-2.1.7.jar:/home/runner/.m2/repository/org/xerial/snappy/snappy-java/1.1.8.2/snappy-java-1.1.8.2.jar:/home/runner/.m2/repository/org/slf4j/jul-to-slf4j/1.7.30/jul-to-slf4j-1.7.30.jar:/home/runner/.m2/repository/org/eclipse/jetty/jetty-util/9.4.43.v20210629/jetty-util-9.4.43.v20210629.jar:/home/runner/.m2/repository/com/fasterxml/jackson/core/jackson-databind/2.13.2.2/jackson-databind-2.13.2.2.jar:/home/runner/.m2/repository/org/apache/hadoop/hadoop-kms/3.3.1/hadoop-kms-3.3.1-tests.jar:/home/runner/.m2/repository/org/apache/ozone/hdds-server-scm/1.3.0-SNAPSHOT/hdds-server-scm-1.3.0-SNAPSHOT-tests.jar:/home/runner/.m2/repository/org/apache/ozone/hdds-container-service/1.3.0-SNAPSHOT/hdds-container-service-1.3.0-SNAPSHOT-tests.jar:/home/runner/.m2/repository/commons-codec/commons-codec/1.11/commons-codec-1.11.jar:/home/runner/.m2/repository/io/netty/netty-transport/4.1.63.Final/netty-transport-4.1.63.Final.jar:/home/runner/.m2/repository/io/netty/netty-resolver/4.1.63.Final/netty-resolver-4.1.63.Final.jar:/home/runner/.m2/repository/io/netty/netty-codec/4.1.63.Final/netty-codec-4.1.63.Final.jar:/home/runner/.m2/repository/io/netty/netty-handler/4.1.63.Final/netty-handler-4.1.63.Final.jar:/home/runner/.m2/repository/org/apache/ozone/hdds-hadoop-dependency-test/1.3.0-SNAPSHOT/hdds-hadoop-dependency-test-1.3.0-SNAPSHOT.jar:/home/runner/.m2/repository/org/apache/hadoop/hadoop-common/3.3.1/hadoop-common-3.3.1-tests.jar:/home/runner/.m2/repository/org/assertj/assertj-core/3.12.2/assertj-core-3.12.2.jar:/home/runner/.m2/repository/org/apache/hadoop/hadoop-hdfs/3.3.1/hadoop-hdfs-3.3.1-tests.jar:/home/runner/.m2/repository/org/eclipse/jetty/jetty-util-ajax/9.4.43.v20210629/jetty-util-ajax-9.4.43.v20210629.jar:/home/runner/.m2/repository/commons-daemon/commons-daemon/1.0.13/commons-daemon-1.0.13.jar:/home/runner/.m2/repository/io/netty/netty/3.10.6.Final/netty-3.10.6.Final.jar:/home/runner/.m2/repository/io/netty/netty-all/4.1.63.Final/netty-all-4.1.63.Final.jar:/home/runner/.m2/repository/org/apache/htrace/htrace-core4/4.1.0-incubating/htrace-core4-4.1.0-incubating.jar:/home/runner/.m2/repository/org/fusesource/leveldbjni/leveldbjni-all/1.8/leveldbjni-all-1.8.jar:/home/runner/.m2/repository/org/apache/hadoop/hadoop-distcp/3.3.1/hadoop-distcp-3.3.1.jar:/home/runner/.m2/repository/org/apache/hadoop/hadoop-mapreduce-client-jobclient/3.3.1/hadoop-mapreduce-client-jobclient-3.3.1.jar:/home/runner/.m2/repository/org/apache/hadoop/hadoop-mapreduce-client-common/3.3.1/hadoop-mapreduce-client-common-3.3.1.jar:/home/runner/.m2/repository/org/apache/hadoop/hadoop-yarn-common/3.3.1/hadoop-yarn-common-3.3.1.jar:/home/runner/.m2/repository/org/apache/hadoop/hadoop-yarn-api/3.3.1/hadoop-yarn-api-3.3.1.jar:/home/runner/.m2/repository/com/sun/jersey/jersey-client/1.19/jersey-client-1.19.jar:/home/runner/.m2/repository/com/sun/jersey/contribs/jersey-guice/1.19/jersey-guice-1.19.jar:/home/runner/.m2/repository/com/fasterxml/jackson/jaxrs/jackson-jaxrs-json-provider/2.13.2/jackson-jaxrs-json-provider-2.13.2.jar:/home/runner/.m2/repository/com/fasterxml/jackson/jaxrs/jackson-jaxrs-base/2.13.2/jackson-jaxrs-base-2.13.2.jar:/home/runner/.m2/repository/org/apache/hadoop/hadoop-yarn-client/3.3.1/hadoop-yarn-client-3.3.1.jar:/home/runner/.m2/repository/org/eclipse/jetty/websocket/websocket-client/9.4.40.v20210413/websocket-client-9.4.40.v20210413.jar:/home/runner/.m2/repository/org/eclipse/jetty/jetty-client/9.4.40.v20210413/jetty-client-9.4.40.v20210413.jar:/home/runner/.m2/repository/org/eclipse/jetty/websocket/websocket-common/9.4.40.v20210413/websocket-common-9.4.40.v20210413.jar:/home/runner/.m2/repository/org/eclipse/jetty/websocket/websocket-api/9.4.40.v20210413/websocket-api-9.4.40.v20210413.jar:/home/runner/.m2/repository/org/jline/jline/3.9.0/jline-3.9.0.jar:/home/runner/.m2/repository/org/apache/hadoop/hadoop-mapreduce-client-core/3.3.1/hadoop-mapreduce-client-core-3.3.1.jar:/home/runner/.m2/repository/org/apache/avro/avro/1.7.7/avro-1.7.7.jar:/home/runner/.m2/repository/org/codehaus/jackson/jackson-core-asl/1.9.13/jackson-core-asl-1.9.13.jar:/home/runner/.m2/repository/org/codehaus/jackson/jackson-mapper-asl/1.9.13/jackson-mapper-asl-1.9.13.jar:/home/runner/.m2/repository/com/thoughtworks/paranamer/paranamer/2.3/paranamer-2.3.jar:/home/runner/.m2/repository/org/apache/hadoop/hadoop-annotations/3.3.1/hadoop-annotations-3.3.1.jar:/usr/lib/jvm/temurin-8-jdk-amd64/jre/../lib/tools.jar:/home/runner/.m2/repository/org/apache/hadoop/hadoop-distcp/3.3.1/hadoop-distcp-3.3.1-tests.jar:/home/runner/.m2/repository/org/apache/ratis/ratis-common/2.2.0/ratis-common-2.2.0.jar:/home/runner/.m2/repository/org/apache/ratis/ratis-thirdparty-misc/0.7.0/ratis-thirdparty-misc-0.7.0.jar:/home/runner/.m2/repository/org/apache/ratis/ratis-proto/2.2.0/ratis-proto-2.2.0.jar:/home/runner/.m2/repository/org/apache/ozone/ozone-annotation-processing/1.3.0-SNAPSHOT/ozone-annotation-processing-1.3.0-SNAPSHOT.jar:"/>
    <property name="sun.cpu.endian" value="little"/>
    <property name="user.home" value="/home/runner"/>
    <property name="user.language" value="en"/>
    <property name="java.specification.vendor" value="Oracle Corporation"/>
    <property name="java.home" value="/usr/lib/jvm/temurin-8-jdk-amd64/jre"/>
    <property name="java.security.krb5.conf" value="/home/runner/work/ozone/ozone/hadoop-ozone/integration-test/target/test-classes/krb5.conf"/>
    <property name="basedir" value="/home/runner/work/ozone/ozone/hadoop-ozone/integration-test"/>
    <property name="file.separator" value="/"/>
    <property name="line.separator" value="&#10;"/>
    <property name="java.vm.specification.vendor" value="Oracle Corporation"/>
    <property name="java.specification.name" value="Java Platform API Specification"/>
    <property name="java.awt.graphicsenv" value="sun.awt.X11GraphicsEnvironment"/>
    <property name="skip.installnpx" value="true"/>
    <property name="surefire.real.class.path" value="/home/runner/work/ozone/ozone/hadoop-ozone/integration-test/target/surefire/surefirebooter291860976844978294.jar:/home/runner/.m2/repository/org/jacoco/org.jacoco.agent/0.8.5/org.jacoco.agent-0.8.5-runtime.jar"/>
    <property name="hadoop.log.dir" value="/home/runner/work/ozone/ozone/hadoop-ozone/integration-test/target/log"/>
    <property name="sun.boot.class.path" value="/usr/lib/jvm/temurin-8-jdk-amd64/jre/lib/resources.jar:/usr/lib/jvm/temurin-8-jdk-amd64/jre/lib/rt.jar:/usr/lib/jvm/temurin-8-jdk-amd64/jre/lib/sunrsasign.jar:/usr/lib/jvm/temurin-8-jdk-amd64/jre/lib/jsse.jar:/usr/lib/jvm/temurin-8-jdk-amd64/jre/lib/jce.jar:/usr/lib/jvm/temurin-8-jdk-amd64/jre/lib/charsets.jar:/usr/lib/jvm/temurin-8-jdk-amd64/jre/lib/jfr.jar:/usr/lib/jvm/temurin-8-jdk-amd64/jre/classes"/>
    <property name="sun.management.compiler" value="HotSpot 64-Bit Tiered Compilers"/>
    <property name="skip.npx" value="true"/>
    <property name="java.runtime.version" value="1.8.0_322-b06"/>
    <property name="java.net.preferIPv4Stack" value="true"/>
    <property name="user.name" value="runner"/>
    <property name="path.separator" value=":"/>
    <property name="java.security.egd" value="file:///dev/urandom"/>
    <property name="os.version" value="5.4.0-1074-azure"/>
    <property name="java.endorsed.dirs" value="/usr/lib/jvm/temurin-8-jdk-amd64/jre/lib/endorsed"/>
    <property name="java.runtime.name" value="OpenJDK Runtime Environment"/>
    <property name="file.encoding" value="UTF-8"/>
    <property name="java.vm.name" value="OpenJDK 64-Bit Server VM"/>
    <property name="test.build.webapps" value=""/>
    <property name="localRepository" value="/home/runner/.m2/repository"/>
    <property name="jetty.git.hash" value="526006ecfa3af7f1a27ef3a288e2bef7ea9dd7e8"/>
    <property name="java.vendor.url.bug" value="https://github.com/adoptium/adoptium-support/issues"/>
    <property name="java.io.tmpdir" value="/tmp"/>
    <property name="require.test.libhadoop" value=""/>
    <property name="java.version" value="1.8.0_322"/>
    <property name="user.dir" value="/home/runner/work/ozone/ozone/hadoop-ozone/integration-test"/>
    <property name="os.arch" value="amd64"/>
    <property name="java.vm.specification.name" value="Java Virtual Machine Specification"/>
    <property name="test.build.classes" value="/home/runner/work/ozone/ozone/hadoop-ozone/integration-test/target/test-classes"/>
    <property name="java.awt.printerjob" value="sun.print.PSPrinterJob"/>
    <property name="sun.os.patch.level" value="unknown"/>
    <property name="hadoop.tmp.dir" value="/home/runner/work/ozone/ozone/hadoop-ozone/integration-test/target/tmp"/>
    <property name="java.library.path" value="/usr/java/packages/lib/amd64:/usr/lib64:/lib64:/lib:/usr/lib"/>
    <property name="java.vm.info" value="mixed mode"/>
    <property name="java.vendor" value="Temurin"/>
    <property name="java.vm.version" value="25.322-b06"/>
    <property name="java.ext.dirs" value="/usr/lib/jvm/temurin-8-jdk-amd64/jre/lib/ext:/usr/java/packages/lib/ext"/>
    <property name="sun.io.unicode.encoding" value="UnicodeLittle"/>
    <property name="java.class.version" value="52.0"/>
  </properties>
  <testcase name="testGetTrashRoot" classname="TestOzoneFileSystem" time="19.548">
    <system-out><![CDATA[2022-04-26 01:51:29,405 [main] WARN  server.ServerUtils (ServerUtils.java:getScmDbDir(148)) - ozone.scm.db.dirs is not configured. We recommend adding this setting. Falling back to ozone.metadata.dirs instead.
2022-04-26 01:51:29,465 [main] INFO  ha.SCMHANodeDetails (SCMHANodeDetails.java:loadSCMHAConfig(157)) - ServiceID for StorageContainerManager is null
2022-04-26 01:51:29,466 [main] INFO  ha.SCMHANodeDetails (SCMHANodeDetails.java:loadSCMHAConfig(162)) - ozone.scm.default.service.id is not defined, falling back to ozone.scm.service.ids to find serviceID for StorageContainerManager if it is HA enabled cluster
2022-04-26 01:51:29,565 [main] WARN  server.ServerUtils (ServerUtils.java:getScmDbDir(148)) - ozone.scm.db.dirs is not configured. We recommend adding this setting. Falling back to ozone.metadata.dirs instead.
2022-04-26 01:51:29,572 [main] INFO  upgrade.AbstractLayoutVersionManager (AbstractLayoutVersionManager.java:init(79)) - Initializing Layout version manager with metadata layout = ERASURE_CODED_STORAGE_SUPPORT (version = 3), software layout = ERASURE_CODED_STORAGE_SUPPORT (version = 3)
2022-04-26 01:51:29,748 [main] INFO  reflections.Reflections (Reflections.java:scan(232)) - Reflections took 102 ms to scan 7 urls, producing 126 keys and 287 values 
2022-04-26 01:51:30,300 [main] WARN  utils.HAUtils (HAUtils.java:getMetaDir(342)) - ozone.scm.db.dirs is not configured. We recommend adding this setting. Falling back to ozone.metadata.dirs instead.
2022-04-26 01:51:30,432 [main] WARN  db.DBStoreBuilder (DBStoreBuilder.java:applyDBDefinition(145)) - ozone.scm.db.dirs is not configured. We recommend adding this setting. Falling back to ozone.metadata.dirs instead.
2022-04-26 01:51:30,582 [main] INFO  net.NodeSchemaLoader (NodeSchemaLoader.java:loadSchemaFromFile(129)) - Loading schema from [jar:file:/home/runner/.m2/repository/org/apache/ozone/hdds-common/1.3.0-SNAPSHOT/hdds-common-1.3.0-SNAPSHOT.jar!/network-topology-default.xml]
2022-04-26 01:51:30,583 [main] INFO  net.NodeSchemaLoader (NodeSchemaLoader.java:loadSchema(176)) - Loading network topology layer schema file
2022-04-26 01:51:30,618 [main] INFO  metrics.MetricRegistries (MetricRegistriesLoader.java:load(64)) - Loaded MetricRegistries class org.apache.ratis.metrics.impl.MetricRegistriesImpl
2022-04-26 01:51:30,631 [main] INFO  ha.SequenceIdGenerator (SequenceIdGenerator.java:upgradeToSequenceId(347)) - upgrade localId to 109611004723200000
2022-04-26 01:51:30,631 [main] INFO  ha.SequenceIdGenerator (SequenceIdGenerator.java:upgradeToSequenceId(357)) - upgrade delTxnId to 0
2022-04-26 01:51:30,634 [main] INFO  ha.SequenceIdGenerator (SequenceIdGenerator.java:upgradeToSequenceId(371)) - upgrade containerId to 0
2022-04-26 01:51:30,636 [main] INFO  ha.SequenceIdGenerator (SequenceIdGenerator.java:<init>(218)) - Init the HA SequenceIdGenerator.
2022-04-26 01:51:30,668 [main] WARN  server.ServerUtils (ServerUtils.java:sanitizeUserArgs(73)) - ozone.scm.stale.node.interval value = 300000 is larger than max = 100000 based on the key value of ozone.scm.heartbeat.thread.interval, reset to the max value 100000.
2022-04-26 01:51:30,669 [main] WARN  server.ServerUtils (ServerUtils.java:sanitizeUserArgs(73)) - ozone.scm.stale.node.interval value = 300000 is larger than max = 100000 based on the key value of ozone.scm.heartbeat.thread.interval, reset to the max value 100000.
2022-04-26 01:51:30,674 [main] INFO  node.SCMNodeManager (SCMNodeManager.java:<init>(146)) - Entering startup safe mode.
2022-04-26 01:51:30,725 [main] INFO  algorithms.ContainerPlacementPolicyFactory (ContainerPlacementPolicyFactory.java:getPolicyInternal(86)) - Create container placement policy of type org.apache.hadoop.hdds.scm.container.placement.algorithms.SCMContainerPlacementRandom
2022-04-26 01:51:30,733 [main] INFO  pipeline.PipelineStateManagerImpl (PipelineStateManagerImpl.java:initialize(78)) - No pipeline exists in current db
2022-04-26 01:51:30,763 [main] INFO  algorithms.LeaderChoosePolicyFactory (LeaderChoosePolicyFactory.java:getPolicy(57)) - Create leader choose policy of type org.apache.hadoop.hdds.scm.pipeline.leader.choose.algorithms.MinLeaderCountChoosePolicy
2022-04-26 01:51:30,764 [main] INFO  algorithms.ContainerPlacementPolicyFactory (ContainerPlacementPolicyFactory.java:getPolicyInternal(86)) - Create container placement policy of type org.apache.hadoop.hdds.scm.container.placement.algorithms.SCMContainerPlacementRackScatter
2022-04-26 01:51:30,769 [main] INFO  ha.SCMServiceManager (SCMServiceManager.java:register(42)) - Registering service BackgroundPipelineCreator.
2022-04-26 01:51:30,769 [main] INFO  pipeline.BackgroundPipelineCreator (BackgroundPipelineCreator.java:start(129)) - Starting RatisPipelineUtilsThread.
2022-04-26 01:51:30,797 [main] INFO  algorithms.PipelineChoosePolicyFactory (PipelineChoosePolicyFactory.java:createPipelineChoosePolicyFromClass(73)) - Create pipeline choose policy of type org.apache.hadoop.hdds.scm.pipeline.choose.algorithms.RandomPipelineChoosePolicy
2022-04-26 01:51:30,813 [main] INFO  ha.SCMServiceManager (SCMServiceManager.java:register(42)) - Registering service SCMBlockDeletingService.
2022-04-26 01:51:30,835 [main] INFO  ha.SCMServiceManager (SCMServiceManager.java:register(42)) - Registering service ReplicationManager.
2022-04-26 01:51:30,845 [main] INFO  container.ReplicationManager (ReplicationManager.java:start(326)) - Starting Replication Monitor Thread.
2022-04-26 01:51:30,856 [ReplicationMonitor] INFO  container.ReplicationManager (ReplicationManager.java:processAll(374)) - Replication Manager is not ready to run until 3000ms after safemode exit
2022-04-26 01:51:30,861 [main] INFO  safemode.ContainerSafeModeRule (ContainerSafeModeRule.java:<init>(89)) - containers with one replica threshold count 0
2022-04-26 01:51:30,864 [main] INFO  safemode.HealthyPipelineSafeModeRule (HealthyPipelineSafeModeRule.java:initializeRule(156)) - Total pipeline count is 0, healthy pipeline threshold count is 1
2022-04-26 01:51:30,867 [main] INFO  safemode.OneReplicaPipelineSafeModeRule (OneReplicaPipelineSafeModeRule.java:initializeRule(180)) - Total pipeline count is 0, pipeline's with at least one datanode reported threshold count is 0
2022-04-26 01:51:31,143 [main] INFO  audit.AuditLogger (AuditLogger.java:refreshDebugCmdSet(120)) - Refresh DebugCmdSet for SCMAudit to [].
2022-04-26 01:51:31,170 [main] INFO  ipc.CallQueueManager (CallQueueManager.java:<init>(90)) - Using callQueue: class java.util.concurrent.LinkedBlockingQueue, queueCapacity: 2000, scheduler: class org.apache.hadoop.ipc.DefaultRpcScheduler, ipcBackoff: false.
2022-04-26 01:51:31,203 [Socket Reader #1 for port 0] INFO  ipc.Server (Server.java:run(1265)) - Starting Socket Reader #1 for port 0
2022-04-26 01:51:31,253 [Listener at 0.0.0.0/45995] INFO  audit.AuditLogger (AuditLogger.java:refreshDebugCmdSet(120)) - Refresh DebugCmdSet for SCMAudit to [].
2022-04-26 01:51:31,258 [Listener at 0.0.0.0/45995] INFO  ipc.CallQueueManager (CallQueueManager.java:<init>(90)) - Using callQueue: class java.util.concurrent.LinkedBlockingQueue, queueCapacity: 2000, scheduler: class org.apache.hadoop.ipc.DefaultRpcScheduler, ipcBackoff: false.
2022-04-26 01:51:31,261 [Socket Reader #1 for port 0] INFO  ipc.Server (Server.java:run(1265)) - Starting Socket Reader #1 for port 0
2022-04-26 01:51:31,285 [Listener at 0.0.0.0/44593] INFO  audit.AuditLogger (AuditLogger.java:refreshDebugCmdSet(120)) - Refresh DebugCmdSet for SCMAudit to [].
2022-04-26 01:51:31,294 [Listener at 0.0.0.0/44593] INFO  ipc.CallQueueManager (CallQueueManager.java:<init>(90)) - Using callQueue: class java.util.concurrent.LinkedBlockingQueue, queueCapacity: 2000, scheduler: class org.apache.hadoop.ipc.DefaultRpcScheduler, ipcBackoff: false.
2022-04-26 01:51:31,295 [Socket Reader #1 for port 0] INFO  ipc.Server (Server.java:run(1265)) - Starting Socket Reader #1 for port 0
2022-04-26 01:51:31,337 [Listener at 0.0.0.0/37821] INFO  server.StorageContainerManager (StorageContainerManager.java:<init>(390)) - 
Container Balancer status:
Key                            Value
Running                        false
Container Balancer Configuration values:
Key                                                Value
Threshold                                          10
Max Datanodes to Involve per Iteration(percent)    20
Max Size to Move per Iteration                     500GB
Max Size Entering Target per Iteration             26GB
Max Size Leaving Source per Iteration              26GB

2022-04-26 01:51:31,337 [Listener at 0.0.0.0/37821] WARN  events.EventQueue (EventQueue.java:fireEvent(194)) - No event handler registered for event TypedEvent{payloadType=SafeModeStatus, name='Safe mode status'}
2022-04-26 01:51:31,338 [Listener at 0.0.0.0/37821] INFO  ha.SCMContext (SCMContext.java:updateSafeModeStatus(211)) - Update SafeModeStatus from SafeModeStatus{safeModeStatus=true, preCheckPassed=false} to SafeModeStatus{safeModeStatus=true, preCheckPassed=false}.
2022-04-26 01:51:31,340 [Listener at 0.0.0.0/37821] INFO  server.StorageContainerManager (StorageContainerManager.java:start(1328)) - StorageContainerLocationProtocol RPC server is listening at /0.0.0.0:37821
2022-04-26 01:51:31,400 [Listener at 0.0.0.0/37821] WARN  impl.MetricsConfig (MetricsConfig.java:loadFirst(136)) - Cannot locate configuration: tried hadoop-metrics2-storagecontainermanager.properties,hadoop-metrics2.properties
2022-04-26 01:51:31,413 [Listener at 0.0.0.0/37821] INFO  impl.MetricsSystemImpl (MetricsSystemImpl.java:startTimer(378)) - Scheduled Metric snapshot period at 10 second(s).
2022-04-26 01:51:31,413 [Listener at 0.0.0.0/37821] INFO  impl.MetricsSystemImpl (MetricsSystemImpl.java:start(191)) - StorageContainerManager metrics system started
2022-04-26 01:51:31,717 [Listener at 0.0.0.0/37821] INFO  server.SCMClientProtocolServer (SCMClientProtocolServer.java:start(169)) - RPC server for Client  is listening at /0.0.0.0:37821
2022-04-26 01:51:31,718 [IPC Server Responder] INFO  ipc.Server (Server.java:run(1507)) - IPC Server Responder: starting
2022-04-26 01:51:31,719 [IPC Server listener on 0] INFO  ipc.Server (Server.java:run(1344)) - IPC Server listener on 0: starting
2022-04-26 01:51:31,733 [Listener at 0.0.0.0/37821] INFO  server.StorageContainerManager (StorageContainerManager.java:start(1343)) - ScmBlockLocationProtocol RPC server is listening at /0.0.0.0:44593
2022-04-26 01:51:31,734 [Listener at 0.0.0.0/37821] INFO  server.SCMBlockProtocolServer (SCMBlockProtocolServer.java:start(151)) - RPC server for Block Protocol is listening at /0.0.0.0:44593
2022-04-26 01:51:31,735 [IPC Server Responder] INFO  ipc.Server (Server.java:run(1507)) - IPC Server Responder: starting
2022-04-26 01:51:31,736 [IPC Server listener on 0] INFO  ipc.Server (Server.java:run(1344)) - IPC Server listener on 0: starting
2022-04-26 01:51:31,738 [Listener at 0.0.0.0/37821] INFO  server.SCMDatanodeProtocolServer (SCMDatanodeProtocolServer.java:start(183)) - ScmDatanodeProtocol RPC server for DataNodes is listening at /0.0.0.0:45995
2022-04-26 01:51:31,739 [IPC Server Responder] INFO  ipc.Server (Server.java:run(1507)) - IPC Server Responder: starting
2022-04-26 01:51:31,740 [IPC Server listener on 0] INFO  ipc.Server (Server.java:run(1344)) - IPC Server listener on 0: starting
2022-04-26 01:51:31,762 [org.apache.hadoop.util.JvmPauseMonitor$Monitor@2e1e7bc6] INFO  util.JvmPauseMonitor (JvmPauseMonitor.java:run(188)) - Starting JVM pause monitor
2022-04-26 01:51:31,773 [Listener at 0.0.0.0/37821] INFO  http.BaseHttpServer (BaseHttpServer.java:newHttpServer2BuilderForOzone(209)) - Starting Web-server for scm at: http://0.0.0.0:0
2022-04-26 01:51:31,773 [Listener at 0.0.0.0/37821] INFO  http.BaseHttpServer (BaseHttpServer.java:<init>(107)) - Hadoop Security Enabled: false Ozone Security Enabled: false Ozone HTTP Security Enabled: false 
2022-04-26 01:51:31,799 [Listener at 0.0.0.0/37821] INFO  util.log (Log.java:initialized(170)) - Logging initialized @3682ms to org.eclipse.jetty.util.log.Slf4jLog
2022-04-26 01:51:31,901 [Listener at 0.0.0.0/37821] INFO  server.AuthenticationFilter (AuthenticationFilter.java:constructSecretProvider(240)) - Unable to initialize FileSignerSecretProvider, falling back to use random secrets.
2022-04-26 01:51:31,906 [Listener at 0.0.0.0/37821] WARN  http.HttpRequestLog (HttpRequestLog.java:getRequestLog(103)) - Jetty request log can only be enabled using Log4j
2022-04-26 01:51:31,913 [Listener at 0.0.0.0/37821] INFO  http.HttpServer2 (HttpServer2.java:addGlobalFilter(1030)) - Added global filter 'safety' (class=org.apache.hadoop.hdds.server.http.HttpServer2$QuotingInputFilter)
2022-04-26 01:51:31,916 [Listener at 0.0.0.0/37821] INFO  http.HttpServer2 (HttpServer2.java:addFilter(1006)) - Added filter static_user_filter (class=org.apache.hadoop.http.lib.StaticUserWebFilter$StaticUserFilter) to context scm
2022-04-26 01:51:31,916 [Listener at 0.0.0.0/37821] INFO  http.HttpServer2 (HttpServer2.java:addFilter(1014)) - Added filter static_user_filter (class=org.apache.hadoop.http.lib.StaticUserWebFilter$StaticUserFilter) to context static
2022-04-26 01:51:31,916 [Listener at 0.0.0.0/37821] INFO  http.HttpServer2 (HttpServer2.java:addFilter(1014)) - Added filter static_user_filter (class=org.apache.hadoop.http.lib.StaticUserWebFilter$StaticUserFilter) to context logs
2022-04-26 01:51:31,953 [Listener at 0.0.0.0/37821] INFO  http.HttpServer2 (HttpServer2.java:bindListener(1249)) - Jetty bound to port 38385
2022-04-26 01:51:31,956 [Listener at 0.0.0.0/37821] INFO  server.Server (Server.java:doStart(375)) - jetty-9.4.43.v20210629; built: 2021-06-30T11:07:22.254Z; git: 526006ecfa3af7f1a27ef3a288e2bef7ea9dd7e8; jvm 1.8.0_322-b06
2022-04-26 01:51:31,988 [Listener at 0.0.0.0/37821] INFO  server.session (DefaultSessionIdManager.java:doStart(334)) - DefaultSessionIdManager workerName=node0
2022-04-26 01:51:31,988 [Listener at 0.0.0.0/37821] INFO  server.session (DefaultSessionIdManager.java:doStart(339)) - No SessionScavenger set, using defaults
2022-04-26 01:51:31,990 [Listener at 0.0.0.0/37821] INFO  server.session (HouseKeeper.java:startScavenging(132)) - node0 Scavenging every 600000ms
2022-04-26 01:51:32,005 [Listener at 0.0.0.0/37821] INFO  handler.ContextHandler (ContextHandler.java:doStart(915)) - Started o.e.j.s.ServletContextHandler@14983265{logs,/logs,file:///home/runner/work/ozone/ozone/hadoop-ozone/integration-test/target/log,AVAILABLE}
2022-04-26 01:51:32,006 [Listener at 0.0.0.0/37821] INFO  handler.ContextHandler (ContextHandler.java:doStart(915)) - Started o.e.j.s.ServletContextHandler@5464aeec{static,/static,file:///home/runner/work/ozone/ozone/hadoop-ozone/integration-test/target/test-classes/webapps/static,AVAILABLE}
2022-04-26 01:51:32,053 [Listener at 0.0.0.0/37821] INFO  handler.ContextHandler (ContextHandler.java:doStart(915)) - Started o.e.j.w.WebAppContext@270be080{scm,/,file:///home/runner/work/ozone/ozone/hadoop-ozone/integration-test/target/test-classes/webapps/scm/,AVAILABLE}{file:/home/runner/work/ozone/ozone/hadoop-ozone/integration-test/target/test-classes/webapps/scm}
2022-04-26 01:51:32,062 [Listener at 0.0.0.0/37821] INFO  server.AbstractConnector (AbstractConnector.java:doStart(331)) - Started ServerConnector@25a2f432{HTTP/1.1, (http/1.1)}{0.0.0.0:38385}
2022-04-26 01:51:32,063 [Listener at 0.0.0.0/37821] INFO  server.Server (Server.java:doStart(415)) - Started @3946ms
2022-04-26 01:51:32,065 [Listener at 0.0.0.0/37821] INFO  impl.MetricsSinkAdapter (MetricsSinkAdapter.java:start(204)) - Sink prometheus started
2022-04-26 01:51:32,065 [Listener at 0.0.0.0/37821] INFO  impl.MetricsSystemImpl (MetricsSystemImpl.java:registerSink(305)) - Registered sink prometheus
2022-04-26 01:51:32,067 [Listener at 0.0.0.0/37821] INFO  http.BaseHttpServer (BaseHttpServer.java:updateConnectorAddress(329)) - HTTP server of scm listening at http://0.0.0.0:38385
2022-04-26 01:51:32,068 [Listener at 0.0.0.0/37821] WARN  server.ServerUtils (ServerUtils.java:getDBPath(225)) - ozone.om.db.dirs is not configured. We recommend adding this setting. Falling back to ozone.metadata.dirs instead.
2022-04-26 01:51:32,119 [Listener at 0.0.0.0/37821] INFO  audit.AuditLogger (AuditLogger.java:refreshDebugCmdSet(120)) - Refresh DebugCmdSet for OMAudit to [].
2022-04-26 01:51:32,200 [Listener at 0.0.0.0/37821] INFO  ha.OMHANodeDetails (OMHANodeDetails.java:loadOMHAConfig(112)) - ozone.om.internal.service.id is not defined, falling back to ozone.om.service.ids to find serviceID for OzoneManager if it is HA enabled cluster
2022-04-26 01:51:32,202 [Listener at 0.0.0.0/37821] INFO  ha.OMHANodeDetails (OMHANodeDetails.java:loadOMHAConfig(218)) - Configuration does not have ozone.om.address set. Falling back to the default OM address /127.0.0.1:0
2022-04-26 01:51:32,203 [Listener at 0.0.0.0/37821] INFO  ha.OMHANodeDetails (OMHANodeDetails.java:getOMNodeDetailsForNonHA(246)) - OM Service ID is not set. Setting it to the default ID: omServiceIdDefault
2022-04-26 01:51:32,204 [Listener at 0.0.0.0/37821] INFO  ha.OMHANodeDetails (OMHANodeDetails.java:getOMNodeDetailsForNonHA(253)) - OM Node ID is not set. Setting it to the default ID: om1
2022-04-26 01:51:32,208 [Listener at 0.0.0.0/37821] WARN  server.ServerUtils (ServerUtils.java:getDBPath(225)) - ozone.om.db.dirs is not configured. We recommend adding this setting. Falling back to ozone.metadata.dirs instead.
2022-04-26 01:51:32,209 [Listener at 0.0.0.0/37821] INFO  upgrade.AbstractLayoutVersionManager (AbstractLayoutVersionManager.java:init(79)) - Initializing Layout version manager with metadata layout = ERASURE_CODED_STORAGE_SUPPORT (version = 1), software layout = ERASURE_CODED_STORAGE_SUPPORT (version = 1)
2022-04-26 01:51:32,279 [Listener at 0.0.0.0/37821] INFO  reflections.Reflections (Reflections.java:scan(232)) - Reflections took 65 ms to scan 2 urls, producing 142 keys and 367 values [using 2 cores]
2022-04-26 01:51:32,284 [Listener at 0.0.0.0/37821] INFO  upgrade.OMLayoutVersionManager (OMLayoutVersionManager.java:lambda$0(115)) - Skipping Upgrade Action MockOmUpgradeAction since it has been finalized.
2022-04-26 01:51:32,285 [Listener at 0.0.0.0/37821] WARN  server.ServerUtils (ServerUtils.java:getDBPath(225)) - ozone.om.db.dirs is not configured. We recommend adding this setting. Falling back to ozone.metadata.dirs instead.
2022-04-26 01:51:32,636 [Listener at 0.0.0.0/37821] WARN  server.ServerUtils (ServerUtils.java:getDBPath(225)) - ozone.om.db.dirs is not configured. We recommend adding this setting. Falling back to ozone.metadata.dirs instead.
2022-04-26 01:51:32,642 [Listener at 0.0.0.0/37821] INFO  codec.OmKeyInfoCodec (OmKeyInfoCodec.java:<init>(49)) - OmKeyInfoCodec ignorePipeline = true
2022-04-26 01:51:32,643 [Listener at 0.0.0.0/37821] INFO  codec.RepeatedOmKeyInfoCodec (RepeatedOmKeyInfoCodec.java:<init>(41)) - RepeatedOmKeyInfoCodec ignorePipeline = true
2022-04-26 01:51:32,845 [Listener at 0.0.0.0/37821] INFO  om.OzoneManager (OzoneManager.java:addS3GVolumeToDB(3770)) - Created Volume s3v With Owner runner required for S3Gateway operations.
2022-04-26 01:51:32,885 [Listener at 0.0.0.0/37821] WARN  server.ServerUtils (ServerUtils.java:getDefaultRatisDirectory(237)) - Storage directory for Ratis is not configured. It is a good idea to map this to an SSD disk. Falling back to ozone.metadata.dirs
2022-04-26 01:51:32,886 [Listener at 0.0.0.0/37821] WARN  utils.OzoneManagerRatisUtils (OzoneManagerRatisUtils.java:getOMRatisSnapshotDirectory(395)) - ozone.om.ratis.snapshot.dir is not configured. Falling back to ozone.metadata.dirs config
2022-04-26 01:51:32,904 [Listener at 0.0.0.0/37821] WARN  server.ServerUtils (ServerUtils.java:getDefaultRatisDirectory(237)) - Storage directory for Ratis is not configured. It is a good idea to map this to an SSD disk. Falling back to ozone.metadata.dirs
2022-04-26 01:51:32,933 [Listener at 0.0.0.0/37821] INFO  ratis.OzoneManagerRatisServer (OzoneManagerRatisServer.java:<init>(159)) - Instantiating OM Ratis server with groupID: omServiceIdDefault and peers: localhost:9872
2022-04-26 01:51:32,941 [Listener at 0.0.0.0/37821] INFO  ratis.OzoneManagerStateMachine (OzoneManagerStateMachine.java:loadSnapshotInfoFromDB(617)) - LastAppliedIndex is set from TransactionInfo from OM DB as (t:0, i:~)
2022-04-26 01:51:32,970 [Listener at 0.0.0.0/37821] INFO  server.RaftServer (ConfUtils.java:logGet(44)) - raft.rpc.type = GRPC (default)
2022-04-26 01:51:33,044 [Listener at 0.0.0.0/37821] INFO  grpc.GrpcFactory (GrpcFactory.java:checkPooledByteBufAllocatorUseCacheForAllThreads(48)) - PERFORMANCE WARNING: useCacheForAllThreads is true that may cause Netty to create a lot garbage objects and, as a result, trigger GC.
	It is recommended to disable useCacheForAllThreads by setting -Dorg.apache.ratis.thirdparty.io.netty.allocator.useCacheForAllThreads=false in command line.
2022-04-26 01:51:33,049 [Listener at 0.0.0.0/37821] INFO  grpc.GrpcConfigKeys (ConfUtils.java:logGet(44)) - raft.grpc.admin.port = -1 (default)
2022-04-26 01:51:33,050 [Listener at 0.0.0.0/37821] INFO  grpc.GrpcConfigKeys (ConfUtils.java:logGet(44)) - raft.grpc.server.port = 9872 (custom)
2022-04-26 01:51:33,051 [Listener at 0.0.0.0/37821] INFO  grpc.GrpcConfigKeys (ConfUtils.java:logGet(44)) - raft.grpc.client.port = -1 (default)
2022-04-26 01:51:33,051 [Listener at 0.0.0.0/37821] INFO  grpc.GrpcConfigKeys (ConfUtils.java:logGet(44)) - raft.grpc.server.port = 9872 (custom)
2022-04-26 01:51:33,051 [Listener at 0.0.0.0/37821] INFO  grpc.GrpcConfigKeys (ConfUtils.java:logGet(44)) - raft.grpc.server.port = 9872 (custom)
2022-04-26 01:51:33,052 [Listener at 0.0.0.0/37821] INFO  server.GrpcService (ConfUtils.java:logGet(44)) - raft.grpc.message.size.max = 33554432 (custom)
2022-04-26 01:51:33,053 [Listener at 0.0.0.0/37821] INFO  server.RaftServerConfigKeys (ConfUtils.java:logGet(44)) - raft.server.log.appender.buffer.byte-limit = 33554432 (custom)
2022-04-26 01:51:33,054 [Listener at 0.0.0.0/37821] INFO  server.GrpcService (ConfUtils.java:logGet(44)) - raft.grpc.flow.control.window = 1MB (=1048576) (default)
2022-04-26 01:51:33,054 [Listener at 0.0.0.0/37821] INFO  server.RaftServerConfigKeys (ConfUtils.java:logGet(44)) - raft.server.rpc.request.timeout = 3000ms (default)
2022-04-26 01:51:33,331 [Listener at 0.0.0.0/37821] INFO  impl.DataStreamServerImpl (ConfUtils.java:logGet(44)) - raft.datastream.type = DISABLED (default)
2022-04-26 01:51:33,334 [Listener at 0.0.0.0/37821] INFO  server.RaftServerConfigKeys (ConfUtils.java:logGet(44)) - raft.server.rpc.slowness.timeout = 120s (custom)
2022-04-26 01:51:33,334 [Listener at 0.0.0.0/37821] INFO  server.RaftServerConfigKeys (ConfUtils.java:logGet(44)) - raft.server.leaderelection.leader.step-down.wait-time = 10s (default)
2022-04-26 01:51:33,350 [Listener at 0.0.0.0/37821] INFO  server.RaftServerConfigKeys (ConfUtils.java:logGet(44)) - raft.server.storage.dir = [/home/runner/work/ozone/ozone/hadoop-ozone/integration-test/target/test-dir/MiniOzoneClusterImpl-34bf0feb-fc93-4aa8-bd57-765b74b26656/ozone-meta/ratis] (custom)
2022-04-26 01:51:33,356 [Listener at 0.0.0.0/37821] INFO  server.RaftServer (RaftServerProxy.java:addNew(95)) - om1: addNew group-C5BA1605619E:[om1|rpc:localhost:9872|priority:0] returns group-C5BA1605619E:java.util.concurrent.CompletableFuture@6ebdb938[Not completed]
2022-04-26 01:51:33,356 [Listener at 0.0.0.0/37821] INFO  om.OzoneManager (OzoneManager.java:initializeRatisServer(1839)) - OzoneManager Ratis server initialized at port 9872
2022-04-26 01:51:33,383 [pool-50-thread-1] INFO  server.RaftServer$Division (RaftServerImpl.java:<init>(184)) - om1: new RaftServerImpl for group-C5BA1605619E:[om1|rpc:localhost:9872|priority:0] with OzoneManagerStateMachine:uninitialized
2022-04-26 01:51:33,394 [pool-50-thread-1] INFO  server.RaftServerConfigKeys (ConfUtils.java:logGet(44)) - raft.server.rpc.timeout.min = 1s (custom)
2022-04-26 01:51:33,398 [pool-50-thread-1] INFO  server.RaftServerConfigKeys (ConfUtils.java:logGet(44)) - raft.server.rpc.timeout.max = 1200ms (custom)
2022-04-26 01:51:33,399 [pool-50-thread-1] INFO  server.RaftServerConfigKeys (ConfUtils.java:logGet(44)) - raft.server.rpc.sleep.time = 25ms (default)
2022-04-26 01:51:33,399 [pool-50-thread-1] INFO  server.RaftServerConfigKeys (ConfUtils.java:logGet(44)) - raft.server.rpc.slowness.timeout = 120s (custom)
2022-04-26 01:51:33,399 [pool-50-thread-1] INFO  server.RaftServerConfigKeys (ConfUtils.java:logGet(44)) - raft.server.leaderelection.leader.step-down.wait-time = 10s (default)
2022-04-26 01:51:33,399 [pool-50-thread-1] INFO  server.RaftServerConfigKeys (ConfUtils.java:logGet(44)) - raft.server.sleep.deviation.threshold = 300ms (default)
2022-04-26 01:51:33,399 [pool-50-thread-1] INFO  server.RaftServerConfigKeys (ConfUtils.java:logGet(44)) - raft.server.log.appender.install.snapshot.enabled = false (custom)
2022-04-26 01:51:33,409 [pool-50-thread-1] INFO  server.RaftServer$Division (ServerState.java:<init>(105)) - om1@group-C5BA1605619E: ConfigurationManager, init=-1: [om1|rpc:localhost:9872|priority:0], old=null, confs=<EMPTY_MAP>
2022-04-26 01:51:33,410 [pool-50-thread-1] INFO  server.RaftServerConfigKeys (ConfUtils.java:logGet(44)) - raft.server.storage.dir = [/home/runner/work/ozone/ozone/hadoop-ozone/integration-test/target/test-dir/MiniOzoneClusterImpl-34bf0feb-fc93-4aa8-bd57-765b74b26656/ozone-meta/ratis] (custom)
2022-04-26 01:51:33,415 [pool-50-thread-1] INFO  server.RaftServerConfigKeys (ConfUtils.java:logGet(44)) - raft.server.log.corruption.policy = EXCEPTION (default)
2022-04-26 01:51:33,415 [pool-50-thread-1] INFO  server.RaftServerConfigKeys (ConfUtils.java:logGet(44)) - raft.server.storage.free-space.min = 0MB (=0) (default)
2022-04-26 01:51:33,417 [pool-50-thread-1] INFO  storage.RaftStorageDirectory (RaftStorageDirectoryImpl.java:analyzeStorage(135)) - The storage directory /home/runner/work/ozone/ozone/hadoop-ozone/integration-test/target/test-dir/MiniOzoneClusterImpl-34bf0feb-fc93-4aa8-bd57-765b74b26656/ozone-meta/ratis/bf265839-605b-3f16-9796-c5ba1605619e does not exist. Creating ...
2022-04-26 01:51:33,454 [pool-50-thread-1] INFO  storage.RaftStorageDirectory (RaftStorageDirectoryImpl.java:tryLock(230)) - Lock on /home/runner/work/ozone/ozone/hadoop-ozone/integration-test/target/test-dir/MiniOzoneClusterImpl-34bf0feb-fc93-4aa8-bd57-765b74b26656/ozone-meta/ratis/bf265839-605b-3f16-9796-c5ba1605619e/in_use.lock acquired by nodename 18609@fv-az50-870
2022-04-26 01:51:33,473 [pool-50-thread-1] INFO  storage.RaftStorage (RaftStorageImpl.java:format(89)) - Storage directory /home/runner/work/ozone/ozone/hadoop-ozone/integration-test/target/test-dir/MiniOzoneClusterImpl-34bf0feb-fc93-4aa8-bd57-765b74b26656/ozone-meta/ratis/bf265839-605b-3f16-9796-c5ba1605619e has been successfully formatted.
2022-04-26 01:51:33,476 [pool-50-thread-1] INFO  server.RaftServerConfigKeys (ConfUtils.java:logGet(44)) - raft.server.notification.no-leader.timeout = 120s (custom)
2022-04-26 01:51:33,478 [pool-50-thread-1] INFO  server.RaftServerConfigKeys (ConfUtils.java:logGet(44)) - raft.server.log.use.memory = false (default)
2022-04-26 01:51:33,500 [pool-50-thread-1] INFO  server.RaftServerConfigKeys (ConfUtils.java:logGet(44)) - raft.server.log.purge.gap = 1000000 (custom)
2022-04-26 01:51:33,505 [pool-50-thread-1] INFO  server.RaftServerConfigKeys (ConfUtils.java:logGet(44)) - raft.server.log.appender.buffer.byte-limit = 33554432 (custom)
2022-04-26 01:51:33,529 [pool-50-thread-1] INFO  server.RaftServerConfigKeys (ConfUtils.java:logGet(44)) - raft.server.log.segment.size.max = 4194304 (custom)
2022-04-26 01:51:33,545 [pool-50-thread-1] INFO  server.RaftServerConfigKeys (ConfUtils.java:logGet(44)) - raft.server.log.segment.cache.num.max = 2 (custom)
2022-04-26 01:51:33,545 [pool-50-thread-1] INFO  server.RaftServerConfigKeys (ConfUtils.java:logGet(44)) - raft.server.log.segment.cache.size.max = 200MB (=209715200) (default)
2022-04-26 01:51:33,559 [pool-50-thread-1] INFO  segmented.SegmentedRaftLogWorker (SegmentedRaftLogWorker.java:<init>(182)) - new om1@group-C5BA1605619E-SegmentedRaftLogWorker for RaftStorageImpl:Storage Directory /home/runner/work/ozone/ozone/hadoop-ozone/integration-test/target/test-dir/MiniOzoneClusterImpl-34bf0feb-fc93-4aa8-bd57-765b74b26656/ozone-meta/ratis/bf265839-605b-3f16-9796-c5ba1605619e
2022-04-26 01:51:33,560 [pool-50-thread-1] INFO  server.RaftServerConfigKeys (ConfUtils.java:logGet(44)) - raft.server.log.queue.byte-limit = 64MB (=67108864) (default)
2022-04-26 01:51:33,560 [pool-50-thread-1] INFO  server.RaftServerConfigKeys (ConfUtils.java:logGet(44)) - raft.server.log.queue.element-limit = 4096 (default)
2022-04-26 01:51:33,561 [pool-50-thread-1] INFO  server.RaftServerConfigKeys (ConfUtils.java:logGet(44)) - raft.server.log.segment.size.max = 4194304 (custom)
2022-04-26 01:51:33,561 [pool-50-thread-1] INFO  server.RaftServerConfigKeys (ConfUtils.java:logGet(44)) - raft.server.log.preallocated.size = 4194304 (custom)
2022-04-26 01:51:33,562 [pool-50-thread-1] INFO  server.RaftServerConfigKeys (ConfUtils.java:logGet(44)) - raft.server.log.force.sync.num = 128 (default)
2022-04-26 01:51:33,563 [pool-50-thread-1] INFO  server.RaftServerConfigKeys (ConfUtils.java:logGet(44)) - raft.server.log.statemachine.data.sync = true (default)
2022-04-26 01:51:33,563 [pool-50-thread-1] INFO  server.RaftServerConfigKeys (ConfUtils.java:logGet(44)) - raft.server.log.statemachine.data.sync.timeout = 10s (default)
2022-04-26 01:51:33,564 [pool-50-thread-1] INFO  server.RaftServerConfigKeys (ConfUtils.java:logGet(44)) - raft.server.log.statemachine.data.sync.timeout.retry = -1 (default)
2022-04-26 01:51:33,586 [pool-50-thread-1] INFO  server.RaftServerConfigKeys (ConfUtils.java:logGet(44)) - raft.server.log.write.buffer.size = 64KB (=65536) (default)
2022-04-26 01:51:33,587 [pool-50-thread-1] INFO  server.RaftServerConfigKeys (ConfUtils.java:logGet(44)) - raft.server.log.statemachine.data.caching.enabled = false (default)
2022-04-26 01:51:33,602 [pool-50-thread-1] INFO  segmented.SegmentedRaftLogWorker (SegmentedRaftLogWorker.java:lambda$new$0(133)) - om1@group-C5BA1605619E-SegmentedRaftLogWorker: flushIndex: setUnconditionally 0 -> -1
2022-04-26 01:51:33,602 [pool-50-thread-1] INFO  segmented.SegmentedRaftLogWorker (SegmentedRaftLogWorker.java:lambda$new$0(133)) - om1@group-C5BA1605619E-SegmentedRaftLogWorker: safeCacheEvictIndex: setUnconditionally 0 -> -1
2022-04-26 01:51:33,617 [pool-50-thread-1] INFO  server.RaftServerConfigKeys (ConfUtils.java:logGet(44)) - raft.server.snapshot.auto.trigger.enabled = true (custom)
2022-04-26 01:51:33,618 [pool-50-thread-1] INFO  server.RaftServerConfigKeys (ConfUtils.java:logGet(44)) - raft.server.snapshot.auto.trigger.threshold = 400000 (default)
2022-04-26 01:51:33,619 [pool-50-thread-1] INFO  server.RaftServerConfigKeys (ConfUtils.java:logGet(44)) - raft.server.snapshot.retention.file.num = -1 (default)
2022-04-26 01:51:33,619 [pool-50-thread-1] INFO  server.RaftServerConfigKeys (ConfUtils.java:logGet(44)) - raft.server.log.purge.upto.snapshot.index = true (custom)
2022-04-26 01:51:33,621 [pool-50-thread-1] INFO  server.RaftServerConfigKeys (ConfUtils.java:logGet(44)) - raft.server.retrycache.expirytime = 300s (custom)
2022-04-26 01:51:33,621 [pool-50-thread-1] INFO  server.RaftServerConfigKeys (ConfUtils.java:logGet(44)) - raft.server.retrycache.statistics.expirytime = 100μs (default)
2022-04-26 01:51:34,049 [Listener at 0.0.0.0/37821] INFO  reflections.Reflections (Reflections.java:scan(232)) - Reflections took 640 ms to scan 18 urls, producing 61 keys and 3645 values [using 2 cores]
2022-04-26 01:51:34,170 [Listener at 0.0.0.0/37821] INFO  ipc.CallQueueManager (CallQueueManager.java:<init>(90)) - Using callQueue: class java.util.concurrent.LinkedBlockingQueue, queueCapacity: 2000, scheduler: class org.apache.hadoop.ipc.DefaultRpcScheduler, ipcBackoff: false.
2022-04-26 01:51:34,171 [Socket Reader #1 for port 0] INFO  ipc.Server (Server.java:run(1265)) - Starting Socket Reader #1 for port 0
2022-04-26 01:51:34,198 [Listener at 127.0.0.1/44011] INFO  impl.MetricsSystemImpl (MetricsSystemImpl.java:init(158)) - OzoneManager metrics system started (again)
2022-04-26 01:51:34,209 [Listener at 127.0.0.1/44011] INFO  om.OzoneManager (OzoneManager.java:start(1367)) - OzoneManager RPC server is listening at localhost/127.0.0.1:44011
2022-04-26 01:51:34,209 [Listener at 127.0.0.1/44011] INFO  ratis.OzoneManagerRatisServer (OzoneManagerRatisServer.java:start(554)) - Starting OzoneManagerRatisServer om1 at port 9872
2022-04-26 01:51:34,211 [Listener at 127.0.0.1/44011] INFO  server.RaftServer$Division (RaftServerImpl.java:start(301)) - om1@group-C5BA1605619E: start as a follower, conf=-1: [om1|rpc:localhost:9872|priority:0], old=null
2022-04-26 01:51:34,212 [Listener at 127.0.0.1/44011] INFO  server.RaftServer$Division (RaftServerImpl.java:setRole(290)) - om1@group-C5BA1605619E: changes role from      null to FOLLOWER at term 0 for startAsFollower
2022-04-26 01:51:34,213 [Listener at 127.0.0.1/44011] INFO  impl.RoleInfo (RoleInfo.java:updateAndGet(130)) - om1: start om1@group-C5BA1605619E-FollowerState
2022-04-26 01:51:34,215 [Listener at 127.0.0.1/44011] INFO  util.JmxRegister (JmxRegister.java:tryRegister(44)) - Successfully registered JMX Bean with object name Ratis:service=RaftServer,group=group-C5BA1605619E,id=om1
2022-04-26 01:51:34,221 [Listener at 127.0.0.1/44011] INFO  server.RaftServer (RaftServerProxy.java:lambda$start$5(374)) - om1: start RPC server
2022-04-26 01:51:34,277 [Listener at 127.0.0.1/44011] INFO  server.GrpcService (GrpcService.java:startImpl(253)) - om1: GrpcService started, listening on 9872
2022-04-26 01:51:34,281 [Listener at 127.0.0.1/44011] INFO  om.OzoneManager (OzoneManager.java:start(1383)) - Version File has different layout version (1) than OM DB (null). That is expected if this OM has never been finalized to a newer layout version.
2022-04-26 01:51:34,283 [org.apache.ratis.util.JvmPauseMonitor$$Lambda$580/456889832@2d67f090] INFO  util.JvmPauseMonitor (JvmPauseMonitor.java:run(103)) - JvmPauseMonitor-om1: Started
2022-04-26 01:51:34,302 [Listener at 127.0.0.1/44011] INFO  http.BaseHttpServer (BaseHttpServer.java:newHttpServer2BuilderForOzone(209)) - Starting Web-server for ozoneManager at: http://0.0.0.0:0
2022-04-26 01:51:34,303 [Listener at 127.0.0.1/44011] INFO  http.BaseHttpServer (BaseHttpServer.java:<init>(107)) - Hadoop Security Enabled: false Ozone Security Enabled: false Ozone HTTP Security Enabled: false 
2022-04-26 01:51:34,304 [Listener at 127.0.0.1/44011] INFO  server.AuthenticationFilter (AuthenticationFilter.java:constructSecretProvider(240)) - Unable to initialize FileSignerSecretProvider, falling back to use random secrets.
2022-04-26 01:51:34,307 [Listener at 127.0.0.1/44011] WARN  http.HttpRequestLog (HttpRequestLog.java:getRequestLog(103)) - Jetty request log can only be enabled using Log4j
2022-04-26 01:51:34,308 [Listener at 127.0.0.1/44011] INFO  http.HttpServer2 (HttpServer2.java:addGlobalFilter(1030)) - Added global filter 'safety' (class=org.apache.hadoop.hdds.server.http.HttpServer2$QuotingInputFilter)
2022-04-26 01:51:34,310 [Listener at 127.0.0.1/44011] INFO  http.HttpServer2 (HttpServer2.java:addFilter(1006)) - Added filter static_user_filter (class=org.apache.hadoop.http.lib.StaticUserWebFilter$StaticUserFilter) to context ozoneManager
2022-04-26 01:51:34,310 [Listener at 127.0.0.1/44011] INFO  http.HttpServer2 (HttpServer2.java:addFilter(1014)) - Added filter static_user_filter (class=org.apache.hadoop.http.lib.StaticUserWebFilter$StaticUserFilter) to context static
2022-04-26 01:51:34,310 [Listener at 127.0.0.1/44011] INFO  http.HttpServer2 (HttpServer2.java:addFilter(1014)) - Added filter static_user_filter (class=org.apache.hadoop.http.lib.StaticUserWebFilter$StaticUserFilter) to context logs
2022-04-26 01:51:34,312 [Listener at 127.0.0.1/44011] INFO  http.HttpServer2 (HttpServer2.java:bindListener(1249)) - Jetty bound to port 42693
2022-04-26 01:51:34,314 [Listener at 127.0.0.1/44011] INFO  server.Server (Server.java:doStart(375)) - jetty-9.4.43.v20210629; built: 2021-06-30T11:07:22.254Z; git: 526006ecfa3af7f1a27ef3a288e2bef7ea9dd7e8; jvm 1.8.0_322-b06
2022-04-26 01:51:34,316 [Listener at 127.0.0.1/44011] INFO  server.session (DefaultSessionIdManager.java:doStart(334)) - DefaultSessionIdManager workerName=node0
2022-04-26 01:51:34,316 [Listener at 127.0.0.1/44011] INFO  server.session (DefaultSessionIdManager.java:doStart(339)) - No SessionScavenger set, using defaults
2022-04-26 01:51:34,316 [Listener at 127.0.0.1/44011] INFO  server.session (HouseKeeper.java:startScavenging(132)) - node0 Scavenging every 660000ms
2022-04-26 01:51:34,317 [Listener at 127.0.0.1/44011] INFO  handler.ContextHandler (ContextHandler.java:doStart(915)) - Started o.e.j.s.ServletContextHandler@36f3f2a8{logs,/logs,file:///home/runner/work/ozone/ozone/hadoop-ozone/integration-test/target/log,AVAILABLE}
2022-04-26 01:51:34,319 [Listener at 127.0.0.1/44011] INFO  handler.ContextHandler (ContextHandler.java:doStart(915)) - Started o.e.j.s.ServletContextHandler@2517308f{static,/static,file:///home/runner/work/ozone/ozone/hadoop-ozone/integration-test/target/test-classes/webapps/static,AVAILABLE}
2022-04-26 01:51:34,324 [Listener at 127.0.0.1/44011] INFO  handler.ContextHandler (ContextHandler.java:doStart(915)) - Started o.e.j.w.WebAppContext@139ca07f{ozoneManager,/,file:///home/runner/work/ozone/ozone/hadoop-ozone/integration-test/target/test-classes/webapps/ozoneManager/,AVAILABLE}{file:/home/runner/work/ozone/ozone/hadoop-ozone/integration-test/target/test-classes/webapps/ozoneManager}
2022-04-26 01:51:34,325 [Listener at 127.0.0.1/44011] INFO  server.AbstractConnector (AbstractConnector.java:doStart(331)) - Started ServerConnector@1b28684{HTTP/1.1, (http/1.1)}{0.0.0.0:42693}
2022-04-26 01:51:34,325 [Listener at 127.0.0.1/44011] INFO  server.Server (Server.java:doStart(415)) - Started @6209ms
2022-04-26 01:51:34,325 [Listener at 127.0.0.1/44011] WARN  impl.MetricsSystemImpl (MetricsSystemImpl.java:register(279)) - Sink prometheus already exists!
2022-04-26 01:51:34,326 [Listener at 127.0.0.1/44011] INFO  http.BaseHttpServer (BaseHttpServer.java:updateConnectorAddress(329)) - HTTP server of ozoneManager listening at http://0.0.0.0:42693
2022-04-26 01:51:34,329 [IPC Server Responder] INFO  ipc.Server (Server.java:run(1507)) - IPC Server Responder: starting
2022-04-26 01:51:34,330 [IPC Server listener on 0] INFO  ipc.Server (Server.java:run(1344)) - IPC Server listener on 0: starting
2022-04-26 01:51:34,372 [Listener at 127.0.0.1/44011] INFO  om.TrashPolicyOzone (TrashPolicyOzone.java:<init>(178)) - Ozone Manager trash configuration: Deletion interval = 0 minutes, Emptier interval = 0 minutes.
2022-04-26 01:51:34,376 [org.apache.hadoop.util.JvmPauseMonitor$Monitor@66709528] INFO  util.JvmPauseMonitor (JvmPauseMonitor.java:run(188)) - Starting JVM pause monitor
2022-04-26 01:51:34,661 [Listener at 127.0.0.1/44011] WARN  impl.MetricRegistriesImpl (MetricRegistriesImpl.java:addReporterRegistration(111)) - New reporters are added after registries were created. Some metrics will be missing from the reporter. Please add reporter before adding any new registry.
2022-04-26 01:51:34,661 [Listener at 127.0.0.1/44011] WARN  impl.MetricRegistriesImpl (MetricRegistriesImpl.java:addReporterRegistration(111)) - New reporters are added after registries were created. Some metrics will be missing from the reporter. Please add reporter before adding any new registry.
2022-04-26 01:51:34,661 [Listener at 127.0.0.1/44011] INFO  impl.MetricsSystemImpl (MetricsSystemImpl.java:init(158)) - HddsDatanode metrics system started (again)
2022-04-26 01:51:34,675 [Listener at 127.0.0.1/44011] INFO  ozone.HddsDatanodeService (HddsDatanodeService.java:start(233)) - HddsDatanodeService host:fv-az50-870.grzltbmokehuzjyc5b133kdqgh.cx.internal.cloudapp.net ip:10.1.0.42
2022-04-26 01:51:34,699 [Listener at 127.0.0.1/44011] INFO  upgrade.AbstractLayoutVersionManager (AbstractLayoutVersionManager.java:init(79)) - Initializing Layout version manager with metadata layout = ERASURE_CODED_STORAGE_SUPPORT (version = 3), software layout = ERASURE_CODED_STORAGE_SUPPORT (version = 3)
2022-04-26 01:51:34,738 [Listener at 127.0.0.1/44011] INFO  reflections.Reflections (Reflections.java:scan(232)) - Reflections took 38 ms to scan 7 urls, producing 126 keys and 287 values 
2022-04-26 01:51:34,742 [Listener at 127.0.0.1/44011] INFO  statemachine.DatanodeStateMachine (DatanodeStateMachine.java:getEndPointTaskThreadPoolSize(224)) - Datanode State Machine Task Thread Pool size 2
2022-04-26 01:51:34,789 [Listener at 127.0.0.1/44011] INFO  volume.HddsVolume (HddsVolume.java:<init>(120)) - Creating HddsVolume: /home/runner/work/ozone/ozone/hadoop-ozone/integration-test/target/test-dir/MiniOzoneClusterImpl-34bf0feb-fc93-4aa8-bd57-765b74b26656/datanode-0/data-0/containers/hdds of storage type : DISK capacity : 9223372036854775807
2022-04-26 01:51:34,791 [Listener at 127.0.0.1/44011] INFO  volume.MutableVolumeSet (MutableVolumeSet.java:initializeVolumeSet(168)) - Added Volume : /home/runner/work/ozone/ozone/hadoop-ozone/integration-test/target/test-dir/MiniOzoneClusterImpl-34bf0feb-fc93-4aa8-bd57-765b74b26656/datanode-0/data-0/containers/hdds to VolumeSet
2022-04-26 01:51:34,792 [Listener at 127.0.0.1/44011] INFO  volume.ThrottledAsyncChecker (ThrottledAsyncChecker.java:schedule(141)) - Scheduling a check for /home/runner/work/ozone/ozone/hadoop-ozone/integration-test/target/test-dir/MiniOzoneClusterImpl-34bf0feb-fc93-4aa8-bd57-765b74b26656/datanode-0/data-0/containers/hdds
2022-04-26 01:51:34,812 [Listener at 127.0.0.1/44011] INFO  volume.StorageVolumeChecker (StorageVolumeChecker.java:checkAllVolumes(202)) - Scheduled health check for volume /home/runner/work/ozone/ozone/hadoop-ozone/integration-test/target/test-dir/MiniOzoneClusterImpl-34bf0feb-fc93-4aa8-bd57-765b74b26656/datanode-0/data-0/containers/hdds
2022-04-26 01:51:34,827 [Listener at 127.0.0.1/44011] INFO  volume.MutableVolumeSet (MutableVolumeSet.java:initializeVolumeSet(168)) - Added Volume : /home/runner/work/ozone/ozone/hadoop-ozone/integration-test/target/test-dir/MiniOzoneClusterImpl-34bf0feb-fc93-4aa8-bd57-765b74b26656/datanode-0/data/ratis to VolumeSet
2022-04-26 01:51:34,827 [Listener at 127.0.0.1/44011] INFO  volume.ThrottledAsyncChecker (ThrottledAsyncChecker.java:schedule(141)) - Scheduling a check for /home/runner/work/ozone/ozone/hadoop-ozone/integration-test/target/test-dir/MiniOzoneClusterImpl-34bf0feb-fc93-4aa8-bd57-765b74b26656/datanode-0/data/ratis
2022-04-26 01:51:34,828 [Listener at 127.0.0.1/44011] INFO  volume.StorageVolumeChecker (StorageVolumeChecker.java:checkAllVolumes(202)) - Scheduled health check for volume /home/runner/work/ozone/ozone/hadoop-ozone/integration-test/target/test-dir/MiniOzoneClusterImpl-34bf0feb-fc93-4aa8-bd57-765b74b26656/datanode-0/data/ratis
2022-04-26 01:51:34,849 [Thread-130] INFO  ozoneimpl.ContainerReader (ContainerReader.java:readVolume(172)) - Finish verifying containers on volume /home/runner/work/ozone/ozone/hadoop-ozone/integration-test/target/test-dir/MiniOzoneClusterImpl-34bf0feb-fc93-4aa8-bd57-765b74b26656/datanode-0/data-0/containers/hdds
2022-04-26 01:51:34,850 [Listener at 127.0.0.1/44011] INFO  ozoneimpl.OzoneContainer (OzoneContainer.java:buildContainerSet(257)) - Build ContainerSet costs 0s
2022-04-26 01:51:34,893 [Listener at 127.0.0.1/44011] INFO  audit.AuditLogger (AuditLogger.java:refreshDebugCmdSet(120)) - Refresh DebugCmdSet for DNAudit to [].
2022-04-26 01:51:34,918 [Listener at 127.0.0.1/44011] INFO  server.RaftServer (ConfUtils.java:logGet(44)) - raft.rpc.type = GRPC (default)
2022-04-26 01:51:34,918 [Listener at 127.0.0.1/44011] INFO  grpc.GrpcFactory (GrpcFactory.java:checkPooledByteBufAllocatorUseCacheForAllThreads(48)) - PERFORMANCE WARNING: useCacheForAllThreads is true that may cause Netty to create a lot garbage objects and, as a result, trigger GC.
	It is recommended to disable useCacheForAllThreads by setting -Dorg.apache.ratis.thirdparty.io.netty.allocator.useCacheForAllThreads=false in command line.
2022-04-26 01:51:34,918 [Listener at 127.0.0.1/44011] INFO  grpc.GrpcConfigKeys (ConfUtils.java:logGet(44)) - raft.grpc.admin.port = 0 (custom)
2022-04-26 01:51:34,918 [Listener at 127.0.0.1/44011] INFO  grpc.GrpcConfigKeys (ConfUtils.java:logGet(44)) - raft.grpc.client.port = 0 (custom)
2022-04-26 01:51:34,919 [Listener at 127.0.0.1/44011] INFO  grpc.GrpcConfigKeys (ConfUtils.java:logGet(44)) - raft.grpc.server.port = 0 (default)
2022-04-26 01:51:34,919 [Listener at 127.0.0.1/44011] INFO  server.GrpcService (ConfUtils.java:logGet(44)) - raft.grpc.message.size.max = 32MB (=33554432) (custom)
2022-04-26 01:51:34,919 [Listener at 127.0.0.1/44011] INFO  server.RaftServerConfigKeys (ConfUtils.java:logGet(44)) - raft.server.log.appender.buffer.byte-limit = 33554432 (custom)
2022-04-26 01:51:34,919 [Listener at 127.0.0.1/44011] INFO  server.GrpcService (ConfUtils.java:logGet(44)) - raft.grpc.flow.control.window = 5MB (=5242880) (custom)
2022-04-26 01:51:34,919 [Listener at 127.0.0.1/44011] INFO  server.RaftServerConfigKeys (ConfUtils.java:logGet(44)) - raft.server.rpc.request.timeout = 60s (custom)
2022-04-26 01:51:34,920 [Listener at 127.0.0.1/44011] INFO  impl.DataStreamServerImpl (ConfUtils.java:logGet(44)) - raft.datastream.type = DISABLED (default)
2022-04-26 01:51:34,920 [Listener at 127.0.0.1/44011] INFO  server.RaftServerConfigKeys (ConfUtils.java:logGet(44)) - raft.server.rpc.slowness.timeout = 300s (custom)
2022-04-26 01:51:34,921 [Listener at 127.0.0.1/44011] INFO  server.RaftServerConfigKeys (ConfUtils.java:logGet(44)) - raft.server.leaderelection.leader.step-down.wait-time = 10s (default)
2022-04-26 01:51:34,921 [Listener at 127.0.0.1/44011] INFO  server.RaftServerConfigKeys (ConfUtils.java:logGet(44)) - raft.server.storage.dir = [/home/runner/work/ozone/ozone/hadoop-ozone/integration-test/target/test-dir/MiniOzoneClusterImpl-34bf0feb-fc93-4aa8-bd57-765b74b26656/datanode-0/data/ratis] (custom)
2022-04-26 01:51:34,936 [Listener at 127.0.0.1/44011] INFO  server.XceiverServerGrpc (XceiverServerGrpc.java:<init>(132)) - GrpcServer channel type EpollServerSocketChannel
2022-04-26 01:51:34,974 [Listener at 127.0.0.1/44011] INFO  http.BaseHttpServer (BaseHttpServer.java:newHttpServer2BuilderForOzone(209)) - Starting Web-server for hddsDatanode at: http://0.0.0.0:0
2022-04-26 01:51:34,974 [Listener at 127.0.0.1/44011] INFO  http.BaseHttpServer (BaseHttpServer.java:<init>(107)) - Hadoop Security Enabled: false Ozone Security Enabled: false Ozone HTTP Security Enabled: false 
2022-04-26 01:51:34,976 [Listener at 127.0.0.1/44011] INFO  server.AuthenticationFilter (AuthenticationFilter.java:constructSecretProvider(240)) - Unable to initialize FileSignerSecretProvider, falling back to use random secrets.
2022-04-26 01:51:34,977 [Listener at 127.0.0.1/44011] WARN  http.HttpRequestLog (HttpRequestLog.java:getRequestLog(103)) - Jetty request log can only be enabled using Log4j
2022-04-26 01:51:34,978 [Listener at 127.0.0.1/44011] INFO  http.HttpServer2 (HttpServer2.java:addGlobalFilter(1030)) - Added global filter 'safety' (class=org.apache.hadoop.hdds.server.http.HttpServer2$QuotingInputFilter)
2022-04-26 01:51:34,979 [Listener at 127.0.0.1/44011] INFO  http.HttpServer2 (HttpServer2.java:addFilter(1006)) - Added filter static_user_filter (class=org.apache.hadoop.http.lib.StaticUserWebFilter$StaticUserFilter) to context hddsDatanode
2022-04-26 01:51:34,979 [Listener at 127.0.0.1/44011] INFO  http.HttpServer2 (HttpServer2.java:addFilter(1014)) - Added filter static_user_filter (class=org.apache.hadoop.http.lib.StaticUserWebFilter$StaticUserFilter) to context logs
2022-04-26 01:51:34,979 [Listener at 127.0.0.1/44011] INFO  http.HttpServer2 (HttpServer2.java:addFilter(1014)) - Added filter static_user_filter (class=org.apache.hadoop.http.lib.StaticUserWebFilter$StaticUserFilter) to context static
2022-04-26 01:51:34,980 [Listener at 127.0.0.1/44011] INFO  http.HttpServer2 (HttpServer2.java:bindListener(1249)) - Jetty bound to port 42037
2022-04-26 01:51:34,980 [Listener at 127.0.0.1/44011] INFO  server.Server (Server.java:doStart(375)) - jetty-9.4.43.v20210629; built: 2021-06-30T11:07:22.254Z; git: 526006ecfa3af7f1a27ef3a288e2bef7ea9dd7e8; jvm 1.8.0_322-b06
2022-04-26 01:51:34,983 [Listener at 127.0.0.1/44011] INFO  server.session (DefaultSessionIdManager.java:doStart(334)) - DefaultSessionIdManager workerName=node0
2022-04-26 01:51:34,983 [Listener at 127.0.0.1/44011] INFO  server.session (DefaultSessionIdManager.java:doStart(339)) - No SessionScavenger set, using defaults
2022-04-26 01:51:34,984 [Listener at 127.0.0.1/44011] INFO  server.session (HouseKeeper.java:startScavenging(132)) - node0 Scavenging every 660000ms
2022-04-26 01:51:34,986 [Listener at 127.0.0.1/44011] INFO  handler.ContextHandler (ContextHandler.java:doStart(915)) - Started o.e.j.s.ServletContextHandler@ee49f34{logs,/logs,file:///home/runner/work/ozone/ozone/hadoop-ozone/integration-test/target/log,AVAILABLE}
2022-04-26 01:51:34,986 [Listener at 127.0.0.1/44011] INFO  handler.ContextHandler (ContextHandler.java:doStart(915)) - Started o.e.j.s.ServletContextHandler@1f112da2{static,/static,jar:file:/home/runner/.m2/repository/org/apache/ozone/hdds-container-service/1.3.0-SNAPSHOT/hdds-container-service-1.3.0-SNAPSHOT.jar!/webapps/static,AVAILABLE}
2022-04-26 01:51:35,041 [Listener at 127.0.0.1/44011] INFO  handler.ContextHandler (ContextHandler.java:doStart(915)) - Started o.e.j.w.WebAppContext@4528486c{hddsDatanode,/,file:///tmp/jetty-0_0_0_0-42037-hdds-container-service-1_3_0-SNAPSHOT_jar-_-any-2511202845305600040/webapp/,AVAILABLE}{jar:file:/home/runner/.m2/repository/org/apache/ozone/hdds-container-service/1.3.0-SNAPSHOT/hdds-container-service-1.3.0-SNAPSHOT.jar!/webapps/hddsDatanode}
2022-04-26 01:51:35,043 [Listener at 127.0.0.1/44011] INFO  server.AbstractConnector (AbstractConnector.java:doStart(331)) - Started ServerConnector@525cb986{HTTP/1.1, (http/1.1)}{0.0.0.0:42037}
2022-04-26 01:51:35,043 [Listener at 127.0.0.1/44011] INFO  server.Server (Server.java:doStart(415)) - Started @6927ms
2022-04-26 01:51:35,043 [Listener at 127.0.0.1/44011] WARN  impl.MetricsSystemImpl (MetricsSystemImpl.java:register(279)) - Sink prometheus already exists!
2022-04-26 01:51:35,044 [Listener at 127.0.0.1/44011] INFO  http.BaseHttpServer (BaseHttpServer.java:updateConnectorAddress(329)) - HTTP server of hddsDatanode listening at http://0.0.0.0:42037
2022-04-26 01:51:35,050 [Listener at 127.0.0.1/44011] WARN  impl.MetricRegistriesImpl (MetricRegistriesImpl.java:addReporterRegistration(111)) - New reporters are added after registries were created. Some metrics will be missing from the reporter. Please add reporter before adding any new registry.
2022-04-26 01:51:35,050 [Listener at 127.0.0.1/44011] WARN  impl.MetricRegistriesImpl (MetricRegistriesImpl.java:addReporterRegistration(111)) - New reporters are added after registries were created. Some metrics will be missing from the reporter. Please add reporter before adding any new registry.
2022-04-26 01:51:35,050 [Listener at 127.0.0.1/44011] INFO  impl.MetricsSystemImpl (MetricsSystemImpl.java:init(158)) - HddsDatanode metrics system started (again)
2022-04-26 01:51:35,055 [Datanode State Machine Daemon Thread] INFO  statemachine.DatanodeStateMachine (DatanodeStateMachine.java:lambda$startDaemon$0(472)) - Ozone container server started.
2022-04-26 01:51:35,070 [Listener at 127.0.0.1/44011] INFO  ozone.HddsDatanodeService (HddsDatanodeService.java:start(233)) - HddsDatanodeService host:fv-az50-870.grzltbmokehuzjyc5b133kdqgh.cx.internal.cloudapp.net ip:10.1.0.42
2022-04-26 01:51:35,089 [org.apache.hadoop.util.JvmPauseMonitor$Monitor@3478114] INFO  util.JvmPauseMonitor (JvmPauseMonitor.java:run(188)) - Starting JVM pause monitor
2022-04-26 01:51:35,097 [Listener at 127.0.0.1/44011] INFO  upgrade.AbstractLayoutVersionManager (AbstractLayoutVersionManager.java:init(79)) - Initializing Layout version manager with metadata layout = ERASURE_CODED_STORAGE_SUPPORT (version = 3), software layout = ERASURE_CODED_STORAGE_SUPPORT (version = 3)
2022-04-26 01:51:35,140 [Listener at 127.0.0.1/44011] INFO  reflections.Reflections (Reflections.java:scan(232)) - Reflections took 42 ms to scan 7 urls, producing 126 keys and 287 values 
2022-04-26 01:51:35,147 [Listener at 127.0.0.1/44011] INFO  statemachine.DatanodeStateMachine (DatanodeStateMachine.java:getEndPointTaskThreadPoolSize(224)) - Datanode State Machine Task Thread Pool size 2
2022-04-26 01:51:35,156 [Listener at 127.0.0.1/44011] INFO  volume.HddsVolume (HddsVolume.java:<init>(120)) - Creating HddsVolume: /home/runner/work/ozone/ozone/hadoop-ozone/integration-test/target/test-dir/MiniOzoneClusterImpl-34bf0feb-fc93-4aa8-bd57-765b74b26656/datanode-1/data-0/containers/hdds of storage type : DISK capacity : 9223372036854775807
2022-04-26 01:51:35,156 [Listener at 127.0.0.1/44011] INFO  volume.MutableVolumeSet (MutableVolumeSet.java:initializeVolumeSet(168)) - Added Volume : /home/runner/work/ozone/ozone/hadoop-ozone/integration-test/target/test-dir/MiniOzoneClusterImpl-34bf0feb-fc93-4aa8-bd57-765b74b26656/datanode-1/data-0/containers/hdds to VolumeSet
2022-04-26 01:51:35,157 [Listener at 127.0.0.1/44011] INFO  volume.ThrottledAsyncChecker (ThrottledAsyncChecker.java:schedule(141)) - Scheduling a check for /home/runner/work/ozone/ozone/hadoop-ozone/integration-test/target/test-dir/MiniOzoneClusterImpl-34bf0feb-fc93-4aa8-bd57-765b74b26656/datanode-1/data-0/containers/hdds
2022-04-26 01:51:35,173 [Listener at 127.0.0.1/44011] INFO  volume.StorageVolumeChecker (StorageVolumeChecker.java:checkAllVolumes(202)) - Scheduled health check for volume /home/runner/work/ozone/ozone/hadoop-ozone/integration-test/target/test-dir/MiniOzoneClusterImpl-34bf0feb-fc93-4aa8-bd57-765b74b26656/datanode-1/data-0/containers/hdds
2022-04-26 01:51:35,186 [Listener at 127.0.0.1/44011] INFO  volume.MutableVolumeSet (MutableVolumeSet.java:initializeVolumeSet(168)) - Added Volume : /home/runner/work/ozone/ozone/hadoop-ozone/integration-test/target/test-dir/MiniOzoneClusterImpl-34bf0feb-fc93-4aa8-bd57-765b74b26656/datanode-1/data/ratis to VolumeSet
2022-04-26 01:51:35,186 [Listener at 127.0.0.1/44011] INFO  volume.ThrottledAsyncChecker (ThrottledAsyncChecker.java:schedule(141)) - Scheduling a check for /home/runner/work/ozone/ozone/hadoop-ozone/integration-test/target/test-dir/MiniOzoneClusterImpl-34bf0feb-fc93-4aa8-bd57-765b74b26656/datanode-1/data/ratis
2022-04-26 01:51:35,186 [Listener at 127.0.0.1/44011] INFO  volume.StorageVolumeChecker (StorageVolumeChecker.java:checkAllVolumes(202)) - Scheduled health check for volume /home/runner/work/ozone/ozone/hadoop-ozone/integration-test/target/test-dir/MiniOzoneClusterImpl-34bf0feb-fc93-4aa8-bd57-765b74b26656/datanode-1/data/ratis
2022-04-26 01:51:35,199 [Thread-142] INFO  ozoneimpl.ContainerReader (ContainerReader.java:readVolume(172)) - Finish verifying containers on volume /home/runner/work/ozone/ozone/hadoop-ozone/integration-test/target/test-dir/MiniOzoneClusterImpl-34bf0feb-fc93-4aa8-bd57-765b74b26656/datanode-1/data-0/containers/hdds
2022-04-26 01:51:35,199 [Listener at 127.0.0.1/44011] INFO  ozoneimpl.OzoneContainer (OzoneContainer.java:buildContainerSet(257)) - Build ContainerSet costs 0s
2022-04-26 01:51:35,203 [Listener at 127.0.0.1/44011] INFO  server.RaftServer (ConfUtils.java:logGet(44)) - raft.rpc.type = GRPC (default)
2022-04-26 01:51:35,203 [Listener at 127.0.0.1/44011] INFO  grpc.GrpcFactory (GrpcFactory.java:checkPooledByteBufAllocatorUseCacheForAllThreads(48)) - PERFORMANCE WARNING: useCacheForAllThreads is true that may cause Netty to create a lot garbage objects and, as a result, trigger GC.
	It is recommended to disable useCacheForAllThreads by setting -Dorg.apache.ratis.thirdparty.io.netty.allocator.useCacheForAllThreads=false in command line.
2022-04-26 01:51:35,203 [Listener at 127.0.0.1/44011] INFO  grpc.GrpcConfigKeys (ConfUtils.java:logGet(44)) - raft.grpc.admin.port = 0 (custom)
2022-04-26 01:51:35,203 [Listener at 127.0.0.1/44011] INFO  grpc.GrpcConfigKeys (ConfUtils.java:logGet(44)) - raft.grpc.client.port = 0 (custom)
2022-04-26 01:51:35,203 [Listener at 127.0.0.1/44011] INFO  grpc.GrpcConfigKeys (ConfUtils.java:logGet(44)) - raft.grpc.server.port = 0 (default)
2022-04-26 01:51:35,203 [Listener at 127.0.0.1/44011] INFO  server.GrpcService (ConfUtils.java:logGet(44)) - raft.grpc.message.size.max = 32MB (=33554432) (custom)
2022-04-26 01:51:35,204 [Listener at 127.0.0.1/44011] INFO  server.RaftServerConfigKeys (ConfUtils.java:logGet(44)) - raft.server.log.appender.buffer.byte-limit = 33554432 (custom)
2022-04-26 01:51:35,204 [Listener at 127.0.0.1/44011] INFO  server.GrpcService (ConfUtils.java:logGet(44)) - raft.grpc.flow.control.window = 5MB (=5242880) (custom)
2022-04-26 01:51:35,204 [Listener at 127.0.0.1/44011] INFO  server.RaftServerConfigKeys (ConfUtils.java:logGet(44)) - raft.server.rpc.request.timeout = 60s (custom)
2022-04-26 01:51:35,205 [Listener at 127.0.0.1/44011] INFO  impl.DataStreamServerImpl (ConfUtils.java:logGet(44)) - raft.datastream.type = DISABLED (default)
2022-04-26 01:51:35,205 [Listener at 127.0.0.1/44011] INFO  server.RaftServerConfigKeys (ConfUtils.java:logGet(44)) - raft.server.rpc.slowness.timeout = 300s (custom)
2022-04-26 01:51:35,205 [Listener at 127.0.0.1/44011] INFO  server.RaftServerConfigKeys (ConfUtils.java:logGet(44)) - raft.server.leaderelection.leader.step-down.wait-time = 10s (default)
2022-04-26 01:51:35,205 [Listener at 127.0.0.1/44011] INFO  server.RaftServerConfigKeys (ConfUtils.java:logGet(44)) - raft.server.storage.dir = [/home/runner/work/ozone/ozone/hadoop-ozone/integration-test/target/test-dir/MiniOzoneClusterImpl-34bf0feb-fc93-4aa8-bd57-765b74b26656/datanode-1/data/ratis] (custom)
2022-04-26 01:51:35,207 [Listener at 127.0.0.1/44011] INFO  server.XceiverServerGrpc (XceiverServerGrpc.java:<init>(132)) - GrpcServer channel type EpollServerSocketChannel
2022-04-26 01:51:35,220 [Datanode State Machine Task Thread - 0] INFO  datanode.InitDatanodeState (InitDatanodeState.java:persistContainerDatanodeDetails(138)) - DatanodeDetails is persisted to /home/runner/work/ozone/ozone/hadoop-ozone/integration-test/target/test-dir/MiniOzoneClusterImpl-34bf0feb-fc93-4aa8-bd57-765b74b26656/datanode-0/meta/datanode.id
2022-04-26 01:51:35,221 [Listener at 127.0.0.1/44011] INFO  http.BaseHttpServer (BaseHttpServer.java:newHttpServer2BuilderForOzone(209)) - Starting Web-server for hddsDatanode at: http://0.0.0.0:0
2022-04-26 01:51:35,222 [Listener at 127.0.0.1/44011] INFO  http.BaseHttpServer (BaseHttpServer.java:<init>(107)) - Hadoop Security Enabled: false Ozone Security Enabled: false Ozone HTTP Security Enabled: false 
2022-04-26 01:51:35,223 [Listener at 127.0.0.1/44011] INFO  server.AuthenticationFilter (AuthenticationFilter.java:constructSecretProvider(240)) - Unable to initialize FileSignerSecretProvider, falling back to use random secrets.
2022-04-26 01:51:35,223 [Listener at 127.0.0.1/44011] WARN  http.HttpRequestLog (HttpRequestLog.java:getRequestLog(103)) - Jetty request log can only be enabled using Log4j
2022-04-26 01:51:35,224 [Listener at 127.0.0.1/44011] INFO  http.HttpServer2 (HttpServer2.java:addGlobalFilter(1030)) - Added global filter 'safety' (class=org.apache.hadoop.hdds.server.http.HttpServer2$QuotingInputFilter)
2022-04-26 01:51:35,225 [Listener at 127.0.0.1/44011] INFO  http.HttpServer2 (HttpServer2.java:addFilter(1006)) - Added filter static_user_filter (class=org.apache.hadoop.http.lib.StaticUserWebFilter$StaticUserFilter) to context hddsDatanode
2022-04-26 01:51:35,225 [Listener at 127.0.0.1/44011] INFO  http.HttpServer2 (HttpServer2.java:addFilter(1014)) - Added filter static_user_filter (class=org.apache.hadoop.http.lib.StaticUserWebFilter$StaticUserFilter) to context logs
2022-04-26 01:51:35,225 [Listener at 127.0.0.1/44011] INFO  http.HttpServer2 (HttpServer2.java:addFilter(1014)) - Added filter static_user_filter (class=org.apache.hadoop.http.lib.StaticUserWebFilter$StaticUserFilter) to context static
2022-04-26 01:51:35,226 [Listener at 127.0.0.1/44011] INFO  http.HttpServer2 (HttpServer2.java:bindListener(1249)) - Jetty bound to port 39639
2022-04-26 01:51:35,226 [Listener at 127.0.0.1/44011] INFO  server.Server (Server.java:doStart(375)) - jetty-9.4.43.v20210629; built: 2021-06-30T11:07:22.254Z; git: 526006ecfa3af7f1a27ef3a288e2bef7ea9dd7e8; jvm 1.8.0_322-b06
2022-04-26 01:51:35,233 [Listener at 127.0.0.1/44011] INFO  server.session (DefaultSessionIdManager.java:doStart(334)) - DefaultSessionIdManager workerName=node0
2022-04-26 01:51:35,233 [Listener at 127.0.0.1/44011] INFO  server.session (DefaultSessionIdManager.java:doStart(339)) - No SessionScavenger set, using defaults
2022-04-26 01:51:35,234 [Listener at 127.0.0.1/44011] INFO  server.session (HouseKeeper.java:startScavenging(132)) - node0 Scavenging every 660000ms
2022-04-26 01:51:35,234 [Listener at 127.0.0.1/44011] INFO  handler.ContextHandler (ContextHandler.java:doStart(915)) - Started o.e.j.s.ServletContextHandler@70d5b235{logs,/logs,file:///home/runner/work/ozone/ozone/hadoop-ozone/integration-test/target/log,AVAILABLE}
2022-04-26 01:51:35,235 [Listener at 127.0.0.1/44011] INFO  handler.ContextHandler (ContextHandler.java:doStart(915)) - Started o.e.j.s.ServletContextHandler@4ead0ae1{static,/static,jar:file:/home/runner/.m2/repository/org/apache/ozone/hdds-container-service/1.3.0-SNAPSHOT/hdds-container-service-1.3.0-SNAPSHOT.jar!/webapps/static,AVAILABLE}
2022-04-26 01:51:35,274 [Listener at 127.0.0.1/44011] INFO  handler.ContextHandler (ContextHandler.java:doStart(915)) - Started o.e.j.w.WebAppContext@3e55565b{hddsDatanode,/,file:///tmp/jetty-0_0_0_0-39639-hdds-container-service-1_3_0-SNAPSHOT_jar-_-any-1467481466329012702/webapp/,AVAILABLE}{jar:file:/home/runner/.m2/repository/org/apache/ozone/hdds-container-service/1.3.0-SNAPSHOT/hdds-container-service-1.3.0-SNAPSHOT.jar!/webapps/hddsDatanode}
2022-04-26 01:51:35,276 [Listener at 127.0.0.1/44011] INFO  server.AbstractConnector (AbstractConnector.java:doStart(331)) - Started ServerConnector@56e71576{HTTP/1.1, (http/1.1)}{0.0.0.0:39639}
2022-04-26 01:51:35,276 [Listener at 127.0.0.1/44011] INFO  server.Server (Server.java:doStart(415)) - Started @7159ms
2022-04-26 01:51:35,276 [Listener at 127.0.0.1/44011] WARN  impl.MetricsSystemImpl (MetricsSystemImpl.java:register(279)) - Sink prometheus already exists!
2022-04-26 01:51:35,276 [Listener at 127.0.0.1/44011] INFO  http.BaseHttpServer (BaseHttpServer.java:updateConnectorAddress(329)) - HTTP server of hddsDatanode listening at http://0.0.0.0:39639
2022-04-26 01:51:35,277 [Listener at 127.0.0.1/44011] WARN  impl.MetricRegistriesImpl (MetricRegistriesImpl.java:addReporterRegistration(111)) - New reporters are added after registries were created. Some metrics will be missing from the reporter. Please add reporter before adding any new registry.
2022-04-26 01:51:35,277 [Listener at 127.0.0.1/44011] WARN  impl.MetricRegistriesImpl (MetricRegistriesImpl.java:addReporterRegistration(111)) - New reporters are added after registries were created. Some metrics will be missing from the reporter. Please add reporter before adding any new registry.
2022-04-26 01:51:35,277 [Listener at 127.0.0.1/44011] INFO  impl.MetricsSystemImpl (MetricsSystemImpl.java:init(158)) - HddsDatanode metrics system started (again)
2022-04-26 01:51:35,285 [Datanode State Machine Daemon Thread] INFO  statemachine.DatanodeStateMachine (DatanodeStateMachine.java:lambda$startDaemon$0(472)) - Ozone container server started.
2022-04-26 01:51:35,298 [org.apache.hadoop.util.JvmPauseMonitor$Monitor@66b82a07] INFO  util.JvmPauseMonitor (JvmPauseMonitor.java:run(188)) - Starting JVM pause monitor
2022-04-26 01:51:35,301 [Listener at 127.0.0.1/44011] INFO  ozone.HddsDatanodeService (HddsDatanodeService.java:start(233)) - HddsDatanodeService host:fv-az50-870.grzltbmokehuzjyc5b133kdqgh.cx.internal.cloudapp.net ip:10.1.0.42
2022-04-26 01:51:35,308 [Datanode State Machine Task Thread - 0] INFO  datanode.InitDatanodeState (InitDatanodeState.java:persistContainerDatanodeDetails(138)) - DatanodeDetails is persisted to /home/runner/work/ozone/ozone/hadoop-ozone/integration-test/target/test-dir/MiniOzoneClusterImpl-34bf0feb-fc93-4aa8-bd57-765b74b26656/datanode-1/meta/datanode.id
2022-04-26 01:51:35,325 [Listener at 127.0.0.1/44011] INFO  upgrade.AbstractLayoutVersionManager (AbstractLayoutVersionManager.java:init(79)) - Initializing Layout version manager with metadata layout = ERASURE_CODED_STORAGE_SUPPORT (version = 3), software layout = ERASURE_CODED_STORAGE_SUPPORT (version = 3)
2022-04-26 01:51:35,364 [Listener at 127.0.0.1/44011] INFO  reflections.Reflections (Reflections.java:scan(232)) - Reflections took 37 ms to scan 7 urls, producing 126 keys and 287 values 
2022-04-26 01:51:35,366 [Listener at 127.0.0.1/44011] INFO  statemachine.DatanodeStateMachine (DatanodeStateMachine.java:getEndPointTaskThreadPoolSize(224)) - Datanode State Machine Task Thread Pool size 2
2022-04-26 01:51:35,370 [Listener at 127.0.0.1/44011] INFO  volume.HddsVolume (HddsVolume.java:<init>(120)) - Creating HddsVolume: /home/runner/work/ozone/ozone/hadoop-ozone/integration-test/target/test-dir/MiniOzoneClusterImpl-34bf0feb-fc93-4aa8-bd57-765b74b26656/datanode-2/data-0/containers/hdds of storage type : DISK capacity : 9223372036854775807
2022-04-26 01:51:35,370 [Listener at 127.0.0.1/44011] INFO  volume.MutableVolumeSet (MutableVolumeSet.java:initializeVolumeSet(168)) - Added Volume : /home/runner/work/ozone/ozone/hadoop-ozone/integration-test/target/test-dir/MiniOzoneClusterImpl-34bf0feb-fc93-4aa8-bd57-765b74b26656/datanode-2/data-0/containers/hdds to VolumeSet
2022-04-26 01:51:35,370 [Listener at 127.0.0.1/44011] INFO  volume.ThrottledAsyncChecker (ThrottledAsyncChecker.java:schedule(141)) - Scheduling a check for /home/runner/work/ozone/ozone/hadoop-ozone/integration-test/target/test-dir/MiniOzoneClusterImpl-34bf0feb-fc93-4aa8-bd57-765b74b26656/datanode-2/data-0/containers/hdds
2022-04-26 01:51:35,373 [Listener at 127.0.0.1/44011] INFO  volume.StorageVolumeChecker (StorageVolumeChecker.java:checkAllVolumes(202)) - Scheduled health check for volume /home/runner/work/ozone/ozone/hadoop-ozone/integration-test/target/test-dir/MiniOzoneClusterImpl-34bf0feb-fc93-4aa8-bd57-765b74b26656/datanode-2/data-0/containers/hdds
2022-04-26 01:51:35,384 [Listener at 127.0.0.1/44011] INFO  volume.MutableVolumeSet (MutableVolumeSet.java:initializeVolumeSet(168)) - Added Volume : /home/runner/work/ozone/ozone/hadoop-ozone/integration-test/target/test-dir/MiniOzoneClusterImpl-34bf0feb-fc93-4aa8-bd57-765b74b26656/datanode-2/data/ratis to VolumeSet
2022-04-26 01:51:35,384 [Listener at 127.0.0.1/44011] INFO  volume.ThrottledAsyncChecker (ThrottledAsyncChecker.java:schedule(141)) - Scheduling a check for /home/runner/work/ozone/ozone/hadoop-ozone/integration-test/target/test-dir/MiniOzoneClusterImpl-34bf0feb-fc93-4aa8-bd57-765b74b26656/datanode-2/data/ratis
2022-04-26 01:51:35,384 [Listener at 127.0.0.1/44011] INFO  volume.StorageVolumeChecker (StorageVolumeChecker.java:checkAllVolumes(202)) - Scheduled health check for volume /home/runner/work/ozone/ozone/hadoop-ozone/integration-test/target/test-dir/MiniOzoneClusterImpl-34bf0feb-fc93-4aa8-bd57-765b74b26656/datanode-2/data/ratis
2022-04-26 01:51:35,390 [om1@group-C5BA1605619E-FollowerState] INFO  impl.FollowerState (FollowerState.java:run(134)) - om1@group-C5BA1605619E-FollowerState: change to CANDIDATE, lastRpcElapsedTime:1176491386ns, electionTimeout:1159ms
2022-04-26 01:51:35,391 [om1@group-C5BA1605619E-FollowerState] INFO  impl.RoleInfo (RoleInfo.java:shutdownFollowerState(108)) - om1: shutdown om1@group-C5BA1605619E-FollowerState
2022-04-26 01:51:35,391 [om1@group-C5BA1605619E-FollowerState] INFO  server.RaftServer$Division (RaftServerImpl.java:setRole(290)) - om1@group-C5BA1605619E: changes role from  FOLLOWER to CANDIDATE at term 0 for changeToCandidate
2022-04-26 01:51:35,394 [om1@group-C5BA1605619E-FollowerState] INFO  server.RaftServerConfigKeys (ConfUtils.java:logGet(44)) - raft.server.leaderelection.pre-vote = false (custom)
2022-04-26 01:51:35,394 [om1@group-C5BA1605619E-FollowerState] INFO  impl.RoleInfo (RoleInfo.java:updateAndGet(130)) - om1: start om1@group-C5BA1605619E-LeaderElection1
2022-04-26 01:51:35,406 [Thread-155] INFO  ozoneimpl.ContainerReader (ContainerReader.java:readVolume(172)) - Finish verifying containers on volume /home/runner/work/ozone/ozone/hadoop-ozone/integration-test/target/test-dir/MiniOzoneClusterImpl-34bf0feb-fc93-4aa8-bd57-765b74b26656/datanode-2/data-0/containers/hdds
2022-04-26 01:51:35,406 [Listener at 127.0.0.1/44011] INFO  ozoneimpl.OzoneContainer (OzoneContainer.java:buildContainerSet(257)) - Build ContainerSet costs 0s
2022-04-26 01:51:35,410 [Listener at 127.0.0.1/44011] INFO  server.RaftServer (ConfUtils.java:logGet(44)) - raft.rpc.type = GRPC (default)
2022-04-26 01:51:35,410 [Listener at 127.0.0.1/44011] INFO  grpc.GrpcFactory (GrpcFactory.java:checkPooledByteBufAllocatorUseCacheForAllThreads(48)) - PERFORMANCE WARNING: useCacheForAllThreads is true that may cause Netty to create a lot garbage objects and, as a result, trigger GC.
	It is recommended to disable useCacheForAllThreads by setting -Dorg.apache.ratis.thirdparty.io.netty.allocator.useCacheForAllThreads=false in command line.
2022-04-26 01:51:35,411 [Listener at 127.0.0.1/44011] INFO  grpc.GrpcConfigKeys (ConfUtils.java:logGet(44)) - raft.grpc.admin.port = 0 (custom)
2022-04-26 01:51:35,411 [Listener at 127.0.0.1/44011] INFO  grpc.GrpcConfigKeys (ConfUtils.java:logGet(44)) - raft.grpc.client.port = 0 (custom)
2022-04-26 01:51:35,411 [Listener at 127.0.0.1/44011] INFO  grpc.GrpcConfigKeys (ConfUtils.java:logGet(44)) - raft.grpc.server.port = 0 (default)
2022-04-26 01:51:35,411 [Listener at 127.0.0.1/44011] INFO  server.GrpcService (ConfUtils.java:logGet(44)) - raft.grpc.message.size.max = 32MB (=33554432) (custom)
2022-04-26 01:51:35,411 [Listener at 127.0.0.1/44011] INFO  server.RaftServerConfigKeys (ConfUtils.java:logGet(44)) - raft.server.log.appender.buffer.byte-limit = 33554432 (custom)
2022-04-26 01:51:35,411 [Listener at 127.0.0.1/44011] INFO  server.GrpcService (ConfUtils.java:logGet(44)) - raft.grpc.flow.control.window = 5MB (=5242880) (custom)
2022-04-26 01:51:35,411 [Listener at 127.0.0.1/44011] INFO  server.RaftServerConfigKeys (ConfUtils.java:logGet(44)) - raft.server.rpc.request.timeout = 60s (custom)
2022-04-26 01:51:35,413 [Listener at 127.0.0.1/44011] INFO  impl.DataStreamServerImpl (ConfUtils.java:logGet(44)) - raft.datastream.type = DISABLED (default)
2022-04-26 01:51:35,413 [Listener at 127.0.0.1/44011] INFO  server.RaftServerConfigKeys (ConfUtils.java:logGet(44)) - raft.server.rpc.slowness.timeout = 300s (custom)
2022-04-26 01:51:35,413 [Listener at 127.0.0.1/44011] INFO  server.RaftServerConfigKeys (ConfUtils.java:logGet(44)) - raft.server.leaderelection.leader.step-down.wait-time = 10s (default)
2022-04-26 01:51:35,416 [Listener at 127.0.0.1/44011] INFO  server.RaftServerConfigKeys (ConfUtils.java:logGet(44)) - raft.server.storage.dir = [/home/runner/work/ozone/ozone/hadoop-ozone/integration-test/target/test-dir/MiniOzoneClusterImpl-34bf0feb-fc93-4aa8-bd57-765b74b26656/datanode-2/data/ratis] (custom)
2022-04-26 01:51:35,417 [Listener at 127.0.0.1/44011] INFO  server.XceiverServerGrpc (XceiverServerGrpc.java:<init>(132)) - GrpcServer channel type EpollServerSocketChannel
2022-04-26 01:51:35,423 [Listener at 127.0.0.1/44011] INFO  http.BaseHttpServer (BaseHttpServer.java:newHttpServer2BuilderForOzone(209)) - Starting Web-server for hddsDatanode at: http://0.0.0.0:0
2022-04-26 01:51:35,423 [Listener at 127.0.0.1/44011] INFO  http.BaseHttpServer (BaseHttpServer.java:<init>(107)) - Hadoop Security Enabled: false Ozone Security Enabled: false Ozone HTTP Security Enabled: false 
2022-04-26 01:51:35,424 [om1@group-C5BA1605619E-LeaderElection1] INFO  impl.LeaderElection (LeaderElection.java:askForVotes(306)) - om1@group-C5BA1605619E-LeaderElection1 ELECTION round 0: submit vote requests at term 1 for -1: [om1|rpc:localhost:9872|priority:0], old=null
2022-04-26 01:51:35,426 [om1@group-C5BA1605619E-LeaderElection1] INFO  impl.LeaderElection (LeaderElection.java:askForVotes(308)) - om1@group-C5BA1605619E-LeaderElection1 ELECTION round 0: result PASSED (term=1)
2022-04-26 01:51:35,426 [om1@group-C5BA1605619E-LeaderElection1] INFO  impl.RoleInfo (RoleInfo.java:shutdownLeaderElection(121)) - om1: shutdown om1@group-C5BA1605619E-LeaderElection1
2022-04-26 01:51:35,427 [om1@group-C5BA1605619E-LeaderElection1] INFO  server.RaftServer$Division (RaftServerImpl.java:setRole(290)) - om1@group-C5BA1605619E: changes role from CANDIDATE to LEADER at term 1 for changeToLeader
2022-04-26 01:51:35,427 [om1@group-C5BA1605619E-LeaderElection1] INFO  server.RaftServer$Division (ServerState.java:setLeader(285)) - om1@group-C5BA1605619E: change Leader from null to om1 at term 1 for becomeLeader, leader elected after 1951ms
2022-04-26 01:51:35,432 [om1@group-C5BA1605619E-LeaderElection1] INFO  server.RaftServerConfigKeys (ConfUtils.java:logGet(44)) - raft.server.staging.catchup.gap = 1000 (default)
2022-04-26 01:51:35,434 [Listener at 127.0.0.1/44011] INFO  server.AuthenticationFilter (AuthenticationFilter.java:constructSecretProvider(240)) - Unable to initialize FileSignerSecretProvider, falling back to use random secrets.
2022-04-26 01:51:35,436 [Listener at 127.0.0.1/44011] WARN  http.HttpRequestLog (HttpRequestLog.java:getRequestLog(103)) - Jetty request log can only be enabled using Log4j
2022-04-26 01:51:35,437 [Listener at 127.0.0.1/44011] INFO  http.HttpServer2 (HttpServer2.java:addGlobalFilter(1030)) - Added global filter 'safety' (class=org.apache.hadoop.hdds.server.http.HttpServer2$QuotingInputFilter)
2022-04-26 01:51:35,438 [Listener at 127.0.0.1/44011] INFO  http.HttpServer2 (HttpServer2.java:addFilter(1006)) - Added filter static_user_filter (class=org.apache.hadoop.http.lib.StaticUserWebFilter$StaticUserFilter) to context hddsDatanode
2022-04-26 01:51:35,438 [Listener at 127.0.0.1/44011] INFO  http.HttpServer2 (HttpServer2.java:addFilter(1014)) - Added filter static_user_filter (class=org.apache.hadoop.http.lib.StaticUserWebFilter$StaticUserFilter) to context logs
2022-04-26 01:51:35,438 [Listener at 127.0.0.1/44011] INFO  http.HttpServer2 (HttpServer2.java:addFilter(1014)) - Added filter static_user_filter (class=org.apache.hadoop.http.lib.StaticUserWebFilter$StaticUserFilter) to context static
2022-04-26 01:51:35,439 [Listener at 127.0.0.1/44011] INFO  http.HttpServer2 (HttpServer2.java:bindListener(1249)) - Jetty bound to port 36993
2022-04-26 01:51:35,439 [Listener at 127.0.0.1/44011] INFO  server.Server (Server.java:doStart(375)) - jetty-9.4.43.v20210629; built: 2021-06-30T11:07:22.254Z; git: 526006ecfa3af7f1a27ef3a288e2bef7ea9dd7e8; jvm 1.8.0_322-b06
2022-04-26 01:51:35,442 [om1@group-C5BA1605619E-LeaderElection1] INFO  server.RaftServerConfigKeys (ConfUtils.java:logGet(44)) - raft.server.write.element-limit = 4096 (default)
2022-04-26 01:51:35,442 [om1@group-C5BA1605619E-LeaderElection1] INFO  server.RaftServerConfigKeys (ConfUtils.java:logGet(44)) - raft.server.write.byte-limit = 64MB (=67108864) (default)
2022-04-26 01:51:35,446 [Listener at 127.0.0.1/44011] INFO  server.session (DefaultSessionIdManager.java:doStart(334)) - DefaultSessionIdManager workerName=node0
2022-04-26 01:51:35,446 [Listener at 127.0.0.1/44011] INFO  server.session (DefaultSessionIdManager.java:doStart(339)) - No SessionScavenger set, using defaults
2022-04-26 01:51:35,446 [Listener at 127.0.0.1/44011] INFO  server.session (HouseKeeper.java:startScavenging(132)) - node0 Scavenging every 660000ms
2022-04-26 01:51:35,449 [om1@group-C5BA1605619E-LeaderElection1] INFO  server.RaftServerConfigKeys (ConfUtils.java:logGet(44)) - raft.server.watch.timeout = 10s (default)
2022-04-26 01:51:35,450 [om1@group-C5BA1605619E-LeaderElection1] INFO  server.RaftServerConfigKeys (ConfUtils.java:logGet(44)) - raft.server.watch.timeout.denomination = 1s (default)
2022-04-26 01:51:35,450 [om1@group-C5BA1605619E-LeaderElection1] INFO  server.RaftServerConfigKeys (ConfUtils.java:logGet(44)) - raft.server.watch.element-limit = 65536 (default)
2022-04-26 01:51:35,454 [Listener at 127.0.0.1/44011] INFO  handler.ContextHandler (ContextHandler.java:doStart(915)) - Started o.e.j.s.ServletContextHandler@29dbf03f{logs,/logs,file:///home/runner/work/ozone/ozone/hadoop-ozone/integration-test/target/log,AVAILABLE}
2022-04-26 01:51:35,454 [Listener at 127.0.0.1/44011] INFO  handler.ContextHandler (ContextHandler.java:doStart(915)) - Started o.e.j.s.ServletContextHandler@7d5e2461{static,/static,jar:file:/home/runner/.m2/repository/org/apache/ozone/hdds-container-service/1.3.0-SNAPSHOT/hdds-container-service-1.3.0-SNAPSHOT.jar!/webapps/static,AVAILABLE}
2022-04-26 01:51:35,457 [om1@group-C5BA1605619E-LeaderElection1] INFO  server.RaftServerConfigKeys (ConfUtils.java:logGet(44)) - raft.server.write.element-limit = 4096 (default)
2022-04-26 01:51:35,473 [om1@group-C5BA1605619E-LeaderElection1] INFO  server.RaftServerConfigKeys (ConfUtils.java:logGet(44)) - raft.server.write.follower.gap.ratio.max = -1.0 (default)
2022-04-26 01:51:35,475 [om1@group-C5BA1605619E-LeaderElection1] INFO  impl.RoleInfo (RoleInfo.java:updateAndGet(130)) - om1: start om1@group-C5BA1605619E-LeaderStateImpl
2022-04-26 01:51:35,495 [Listener at 127.0.0.1/44011] INFO  handler.ContextHandler (ContextHandler.java:doStart(915)) - Started o.e.j.w.WebAppContext@3e4ea922{hddsDatanode,/,file:///tmp/jetty-0_0_0_0-36993-hdds-container-service-1_3_0-SNAPSHOT_jar-_-any-6203449364954443474/webapp/,AVAILABLE}{jar:file:/home/runner/.m2/repository/org/apache/ozone/hdds-container-service/1.3.0-SNAPSHOT/hdds-container-service-1.3.0-SNAPSHOT.jar!/webapps/hddsDatanode}
2022-04-26 01:51:35,497 [Listener at 127.0.0.1/44011] INFO  server.AbstractConnector (AbstractConnector.java:doStart(331)) - Started ServerConnector@23a7f0db{HTTP/1.1, (http/1.1)}{0.0.0.0:36993}
2022-04-26 01:51:35,498 [Listener at 127.0.0.1/44011] INFO  server.Server (Server.java:doStart(415)) - Started @7381ms
2022-04-26 01:51:35,498 [Listener at 127.0.0.1/44011] WARN  impl.MetricsSystemImpl (MetricsSystemImpl.java:register(279)) - Sink prometheus already exists!
2022-04-26 01:51:35,498 [Listener at 127.0.0.1/44011] INFO  http.BaseHttpServer (BaseHttpServer.java:updateConnectorAddress(329)) - HTTP server of hddsDatanode listening at http://0.0.0.0:36993
2022-04-26 01:51:35,500 [Listener at 127.0.0.1/44011] WARN  impl.MetricRegistriesImpl (MetricRegistriesImpl.java:addReporterRegistration(111)) - New reporters are added after registries were created. Some metrics will be missing from the reporter. Please add reporter before adding any new registry.
2022-04-26 01:51:35,500 [Listener at 127.0.0.1/44011] WARN  impl.MetricRegistriesImpl (MetricRegistriesImpl.java:addReporterRegistration(111)) - New reporters are added after registries were created. Some metrics will be missing from the reporter. Please add reporter before adding any new registry.
2022-04-26 01:51:35,500 [Listener at 127.0.0.1/44011] INFO  impl.MetricsSystemImpl (MetricsSystemImpl.java:init(158)) - HddsDatanode metrics system started (again)
2022-04-26 01:51:35,501 [Datanode State Machine Daemon Thread] INFO  statemachine.DatanodeStateMachine (DatanodeStateMachine.java:lambda$startDaemon$0(472)) - Ozone container server started.
2022-04-26 01:51:35,514 [Listener at 127.0.0.1/44011] INFO  ozone.HddsDatanodeService (HddsDatanodeService.java:start(233)) - HddsDatanodeService host:fv-az50-870.grzltbmokehuzjyc5b133kdqgh.cx.internal.cloudapp.net ip:10.1.0.42
2022-04-26 01:51:35,530 [org.apache.hadoop.util.JvmPauseMonitor$Monitor@322a09bf] INFO  util.JvmPauseMonitor (JvmPauseMonitor.java:run(188)) - Starting JVM pause monitor
2022-04-26 01:51:35,542 [om1@group-C5BA1605619E-LeaderElection1] INFO  segmented.SegmentedRaftLogWorker (SegmentedRaftLogWorker.java:startLogSegment(394)) - om1@group-C5BA1605619E-SegmentedRaftLogWorker: Starting segment from index:0
2022-04-26 01:51:35,555 [Datanode State Machine Task Thread - 0] INFO  datanode.InitDatanodeState (InitDatanodeState.java:persistContainerDatanodeDetails(138)) - DatanodeDetails is persisted to /home/runner/work/ozone/ozone/hadoop-ozone/integration-test/target/test-dir/MiniOzoneClusterImpl-34bf0feb-fc93-4aa8-bd57-765b74b26656/datanode-2/meta/datanode.id
2022-04-26 01:51:35,556 [Listener at 127.0.0.1/44011] INFO  upgrade.AbstractLayoutVersionManager (AbstractLayoutVersionManager.java:init(79)) - Initializing Layout version manager with metadata layout = ERASURE_CODED_STORAGE_SUPPORT (version = 3), software layout = ERASURE_CODED_STORAGE_SUPPORT (version = 3)
2022-04-26 01:51:35,637 [om1@group-C5BA1605619E-LeaderElection1] INFO  server.RaftServer$Division (ServerState.java:setRaftConf(387)) - om1@group-C5BA1605619E: set configuration 0: [om1|rpc:localhost:9872|admin:|client:|dataStream:|priority:0], old=null
2022-04-26 01:51:35,661 [Listener at 127.0.0.1/44011] INFO  reflections.Reflections (Reflections.java:scan(232)) - Reflections took 104 ms to scan 7 urls, producing 126 keys and 287 values 
2022-04-26 01:51:35,668 [Listener at 127.0.0.1/44011] INFO  statemachine.DatanodeStateMachine (DatanodeStateMachine.java:getEndPointTaskThreadPoolSize(224)) - Datanode State Machine Task Thread Pool size 2
2022-04-26 01:51:35,673 [Listener at 127.0.0.1/44011] INFO  volume.HddsVolume (HddsVolume.java:<init>(120)) - Creating HddsVolume: /home/runner/work/ozone/ozone/hadoop-ozone/integration-test/target/test-dir/MiniOzoneClusterImpl-34bf0feb-fc93-4aa8-bd57-765b74b26656/datanode-3/data-0/containers/hdds of storage type : DISK capacity : 9223372036854775807
2022-04-26 01:51:35,674 [Listener at 127.0.0.1/44011] INFO  volume.MutableVolumeSet (MutableVolumeSet.java:initializeVolumeSet(168)) - Added Volume : /home/runner/work/ozone/ozone/hadoop-ozone/integration-test/target/test-dir/MiniOzoneClusterImpl-34bf0feb-fc93-4aa8-bd57-765b74b26656/datanode-3/data-0/containers/hdds to VolumeSet
2022-04-26 01:51:35,674 [Listener at 127.0.0.1/44011] INFO  volume.ThrottledAsyncChecker (ThrottledAsyncChecker.java:schedule(141)) - Scheduling a check for /home/runner/work/ozone/ozone/hadoop-ozone/integration-test/target/test-dir/MiniOzoneClusterImpl-34bf0feb-fc93-4aa8-bd57-765b74b26656/datanode-3/data-0/containers/hdds
2022-04-26 01:51:35,682 [Listener at 127.0.0.1/44011] INFO  volume.StorageVolumeChecker (StorageVolumeChecker.java:checkAllVolumes(202)) - Scheduled health check for volume /home/runner/work/ozone/ozone/hadoop-ozone/integration-test/target/test-dir/MiniOzoneClusterImpl-34bf0feb-fc93-4aa8-bd57-765b74b26656/datanode-3/data-0/containers/hdds
2022-04-26 01:51:35,700 [Listener at 127.0.0.1/44011] INFO  volume.MutableVolumeSet (MutableVolumeSet.java:initializeVolumeSet(168)) - Added Volume : /home/runner/work/ozone/ozone/hadoop-ozone/integration-test/target/test-dir/MiniOzoneClusterImpl-34bf0feb-fc93-4aa8-bd57-765b74b26656/datanode-3/data/ratis to VolumeSet
2022-04-26 01:51:35,700 [Listener at 127.0.0.1/44011] INFO  volume.ThrottledAsyncChecker (ThrottledAsyncChecker.java:schedule(141)) - Scheduling a check for /home/runner/work/ozone/ozone/hadoop-ozone/integration-test/target/test-dir/MiniOzoneClusterImpl-34bf0feb-fc93-4aa8-bd57-765b74b26656/datanode-3/data/ratis
2022-04-26 01:51:35,702 [Listener at 127.0.0.1/44011] INFO  volume.StorageVolumeChecker (StorageVolumeChecker.java:checkAllVolumes(202)) - Scheduled health check for volume /home/runner/work/ozone/ozone/hadoop-ozone/integration-test/target/test-dir/MiniOzoneClusterImpl-34bf0feb-fc93-4aa8-bd57-765b74b26656/datanode-3/data/ratis
2022-04-26 01:51:35,718 [Thread-168] INFO  ozoneimpl.ContainerReader (ContainerReader.java:readVolume(172)) - Finish verifying containers on volume /home/runner/work/ozone/ozone/hadoop-ozone/integration-test/target/test-dir/MiniOzoneClusterImpl-34bf0feb-fc93-4aa8-bd57-765b74b26656/datanode-3/data-0/containers/hdds
2022-04-26 01:51:35,719 [Listener at 127.0.0.1/44011] INFO  ozoneimpl.OzoneContainer (OzoneContainer.java:buildContainerSet(257)) - Build ContainerSet costs 0s
2022-04-26 01:51:35,724 [Listener at 127.0.0.1/44011] INFO  server.RaftServer (ConfUtils.java:logGet(44)) - raft.rpc.type = GRPC (default)
2022-04-26 01:51:35,724 [Listener at 127.0.0.1/44011] INFO  grpc.GrpcFactory (GrpcFactory.java:checkPooledByteBufAllocatorUseCacheForAllThreads(48)) - PERFORMANCE WARNING: useCacheForAllThreads is true that may cause Netty to create a lot garbage objects and, as a result, trigger GC.
	It is recommended to disable useCacheForAllThreads by setting -Dorg.apache.ratis.thirdparty.io.netty.allocator.useCacheForAllThreads=false in command line.
2022-04-26 01:51:35,724 [Listener at 127.0.0.1/44011] INFO  grpc.GrpcConfigKeys (ConfUtils.java:logGet(44)) - raft.grpc.admin.port = 0 (custom)
2022-04-26 01:51:35,725 [Listener at 127.0.0.1/44011] INFO  grpc.GrpcConfigKeys (ConfUtils.java:logGet(44)) - raft.grpc.client.port = 0 (custom)
2022-04-26 01:51:35,725 [Listener at 127.0.0.1/44011] INFO  grpc.GrpcConfigKeys (ConfUtils.java:logGet(44)) - raft.grpc.server.port = 0 (default)
2022-04-26 01:51:35,725 [Listener at 127.0.0.1/44011] INFO  server.GrpcService (ConfUtils.java:logGet(44)) - raft.grpc.message.size.max = 32MB (=33554432) (custom)
2022-04-26 01:51:35,725 [Listener at 127.0.0.1/44011] INFO  server.RaftServerConfigKeys (ConfUtils.java:logGet(44)) - raft.server.log.appender.buffer.byte-limit = 33554432 (custom)
2022-04-26 01:51:35,725 [Listener at 127.0.0.1/44011] INFO  server.GrpcService (ConfUtils.java:logGet(44)) - raft.grpc.flow.control.window = 5MB (=5242880) (custom)
2022-04-26 01:51:35,725 [Listener at 127.0.0.1/44011] INFO  server.RaftServerConfigKeys (ConfUtils.java:logGet(44)) - raft.server.rpc.request.timeout = 60s (custom)
2022-04-26 01:51:35,726 [Listener at 127.0.0.1/44011] INFO  impl.DataStreamServerImpl (ConfUtils.java:logGet(44)) - raft.datastream.type = DISABLED (default)
2022-04-26 01:51:35,727 [Listener at 127.0.0.1/44011] INFO  server.RaftServerConfigKeys (ConfUtils.java:logGet(44)) - raft.server.rpc.slowness.timeout = 300s (custom)
2022-04-26 01:51:35,727 [Listener at 127.0.0.1/44011] INFO  server.RaftServerConfigKeys (ConfUtils.java:logGet(44)) - raft.server.leaderelection.leader.step-down.wait-time = 10s (default)
2022-04-26 01:51:35,727 [Listener at 127.0.0.1/44011] INFO  server.RaftServerConfigKeys (ConfUtils.java:logGet(44)) - raft.server.storage.dir = [/home/runner/work/ozone/ozone/hadoop-ozone/integration-test/target/test-dir/MiniOzoneClusterImpl-34bf0feb-fc93-4aa8-bd57-765b74b26656/datanode-3/data/ratis] (custom)
2022-04-26 01:51:35,728 [Listener at 127.0.0.1/44011] INFO  server.XceiverServerGrpc (XceiverServerGrpc.java:<init>(132)) - GrpcServer channel type EpollServerSocketChannel
2022-04-26 01:51:35,730 [om1@group-C5BA1605619E-SegmentedRaftLogWorker] INFO  segmented.SegmentedRaftLogWorker (SegmentedRaftLogWorker.java:execute(601)) - om1@group-C5BA1605619E-SegmentedRaftLogWorker: created new log segment /home/runner/work/ozone/ozone/hadoop-ozone/integration-test/target/test-dir/MiniOzoneClusterImpl-34bf0feb-fc93-4aa8-bd57-765b74b26656/ozone-meta/ratis/bf265839-605b-3f16-9796-c5ba1605619e/current/log_inprogress_0
2022-04-26 01:51:35,737 [Listener at 127.0.0.1/44011] INFO  http.BaseHttpServer (BaseHttpServer.java:newHttpServer2BuilderForOzone(209)) - Starting Web-server for hddsDatanode at: http://0.0.0.0:0
2022-04-26 01:51:35,738 [Listener at 127.0.0.1/44011] INFO  http.BaseHttpServer (BaseHttpServer.java:<init>(107)) - Hadoop Security Enabled: false Ozone Security Enabled: false Ozone HTTP Security Enabled: false 
2022-04-26 01:51:35,743 [Listener at 127.0.0.1/44011] INFO  server.AuthenticationFilter (AuthenticationFilter.java:constructSecretProvider(240)) - Unable to initialize FileSignerSecretProvider, falling back to use random secrets.
2022-04-26 01:51:35,753 [Listener at 127.0.0.1/44011] WARN  http.HttpRequestLog (HttpRequestLog.java:getRequestLog(103)) - Jetty request log can only be enabled using Log4j
2022-04-26 01:51:35,754 [Listener at 127.0.0.1/44011] INFO  http.HttpServer2 (HttpServer2.java:addGlobalFilter(1030)) - Added global filter 'safety' (class=org.apache.hadoop.hdds.server.http.HttpServer2$QuotingInputFilter)
2022-04-26 01:51:35,755 [Listener at 127.0.0.1/44011] INFO  http.HttpServer2 (HttpServer2.java:addFilter(1006)) - Added filter static_user_filter (class=org.apache.hadoop.http.lib.StaticUserWebFilter$StaticUserFilter) to context hddsDatanode
2022-04-26 01:51:35,755 [Listener at 127.0.0.1/44011] INFO  http.HttpServer2 (HttpServer2.java:addFilter(1014)) - Added filter static_user_filter (class=org.apache.hadoop.http.lib.StaticUserWebFilter$StaticUserFilter) to context logs
2022-04-26 01:51:35,755 [Listener at 127.0.0.1/44011] INFO  http.HttpServer2 (HttpServer2.java:addFilter(1014)) - Added filter static_user_filter (class=org.apache.hadoop.http.lib.StaticUserWebFilter$StaticUserFilter) to context static
2022-04-26 01:51:35,756 [Listener at 127.0.0.1/44011] INFO  http.HttpServer2 (HttpServer2.java:bindListener(1249)) - Jetty bound to port 37337
2022-04-26 01:51:35,756 [Listener at 127.0.0.1/44011] INFO  server.Server (Server.java:doStart(375)) - jetty-9.4.43.v20210629; built: 2021-06-30T11:07:22.254Z; git: 526006ecfa3af7f1a27ef3a288e2bef7ea9dd7e8; jvm 1.8.0_322-b06
2022-04-26 01:51:35,758 [Listener at 127.0.0.1/44011] INFO  server.session (DefaultSessionIdManager.java:doStart(334)) - DefaultSessionIdManager workerName=node0
2022-04-26 01:51:35,758 [Listener at 127.0.0.1/44011] INFO  server.session (DefaultSessionIdManager.java:doStart(339)) - No SessionScavenger set, using defaults
2022-04-26 01:51:35,758 [Listener at 127.0.0.1/44011] INFO  server.session (HouseKeeper.java:startScavenging(132)) - node0 Scavenging every 660000ms
2022-04-26 01:51:35,759 [Listener at 127.0.0.1/44011] INFO  handler.ContextHandler (ContextHandler.java:doStart(915)) - Started o.e.j.s.ServletContextHandler@14ccd97f{logs,/logs,file:///home/runner/work/ozone/ozone/hadoop-ozone/integration-test/target/log,AVAILABLE}
2022-04-26 01:51:35,759 [Listener at 127.0.0.1/44011] INFO  handler.ContextHandler (ContextHandler.java:doStart(915)) - Started o.e.j.s.ServletContextHandler@31eb7dd4{static,/static,jar:file:/home/runner/.m2/repository/org/apache/ozone/hdds-container-service/1.3.0-SNAPSHOT/hdds-container-service-1.3.0-SNAPSHOT.jar!/webapps/static,AVAILABLE}
2022-04-26 01:51:35,820 [Listener at 127.0.0.1/44011] INFO  handler.ContextHandler (ContextHandler.java:doStart(915)) - Started o.e.j.w.WebAppContext@3e5de25e{hddsDatanode,/,file:///tmp/jetty-0_0_0_0-37337-hdds-container-service-1_3_0-SNAPSHOT_jar-_-any-4401054330353157539/webapp/,AVAILABLE}{jar:file:/home/runner/.m2/repository/org/apache/ozone/hdds-container-service/1.3.0-SNAPSHOT/hdds-container-service-1.3.0-SNAPSHOT.jar!/webapps/hddsDatanode}
2022-04-26 01:51:35,824 [Listener at 127.0.0.1/44011] INFO  server.AbstractConnector (AbstractConnector.java:doStart(331)) - Started ServerConnector@365b1eb5{HTTP/1.1, (http/1.1)}{0.0.0.0:37337}
2022-04-26 01:51:35,824 [Listener at 127.0.0.1/44011] INFO  server.Server (Server.java:doStart(415)) - Started @7708ms
2022-04-26 01:51:35,824 [Listener at 127.0.0.1/44011] WARN  impl.MetricsSystemImpl (MetricsSystemImpl.java:register(279)) - Sink prometheus already exists!
2022-04-26 01:51:35,825 [Listener at 127.0.0.1/44011] INFO  http.BaseHttpServer (BaseHttpServer.java:updateConnectorAddress(329)) - HTTP server of hddsDatanode listening at http://0.0.0.0:37337
2022-04-26 01:51:35,826 [Listener at 127.0.0.1/44011] WARN  impl.MetricRegistriesImpl (MetricRegistriesImpl.java:addReporterRegistration(111)) - New reporters are added after registries were created. Some metrics will be missing from the reporter. Please add reporter before adding any new registry.
2022-04-26 01:51:35,826 [Listener at 127.0.0.1/44011] WARN  impl.MetricRegistriesImpl (MetricRegistriesImpl.java:addReporterRegistration(111)) - New reporters are added after registries were created. Some metrics will be missing from the reporter. Please add reporter before adding any new registry.
2022-04-26 01:51:35,826 [Listener at 127.0.0.1/44011] INFO  impl.MetricsSystemImpl (MetricsSystemImpl.java:init(158)) - HddsDatanode metrics system started (again)
2022-04-26 01:51:35,834 [Datanode State Machine Daemon Thread] INFO  statemachine.DatanodeStateMachine (DatanodeStateMachine.java:lambda$startDaemon$0(472)) - Ozone container server started.
2022-04-26 01:51:35,839 [org.apache.hadoop.util.JvmPauseMonitor$Monitor@269caae6] INFO  util.JvmPauseMonitor (JvmPauseMonitor.java:run(188)) - Starting JVM pause monitor
2022-04-26 01:51:35,842 [om1@group-C5BA1605619E-StateMachineUpdater] INFO  ratis.OzoneManagerStateMachine (OzoneManagerStateMachine.java:notifyConfigurationChanged(189)) - Received Configuration change notification from Ratis. New Peer list:
[id: "om1"
address: "localhost:9872"
]
2022-04-26 01:51:35,854 [Listener at 127.0.0.1/44011] INFO  ozone.HddsDatanodeService (HddsDatanodeService.java:start(233)) - HddsDatanodeService host:fv-az50-870.grzltbmokehuzjyc5b133kdqgh.cx.internal.cloudapp.net ip:10.1.0.42
2022-04-26 01:51:35,859 [Datanode State Machine Task Thread - 0] INFO  datanode.InitDatanodeState (InitDatanodeState.java:persistContainerDatanodeDetails(138)) - DatanodeDetails is persisted to /home/runner/work/ozone/ozone/hadoop-ozone/integration-test/target/test-dir/MiniOzoneClusterImpl-34bf0feb-fc93-4aa8-bd57-765b74b26656/datanode-3/meta/datanode.id
2022-04-26 01:51:35,875 [Listener at 127.0.0.1/44011] INFO  upgrade.AbstractLayoutVersionManager (AbstractLayoutVersionManager.java:init(79)) - Initializing Layout version manager with metadata layout = ERASURE_CODED_STORAGE_SUPPORT (version = 3), software layout = ERASURE_CODED_STORAGE_SUPPORT (version = 3)
2022-04-26 01:51:35,913 [Listener at 127.0.0.1/44011] INFO  reflections.Reflections (Reflections.java:scan(232)) - Reflections took 37 ms to scan 7 urls, producing 126 keys and 287 values 
2022-04-26 01:51:35,914 [Listener at 127.0.0.1/44011] INFO  statemachine.DatanodeStateMachine (DatanodeStateMachine.java:getEndPointTaskThreadPoolSize(224)) - Datanode State Machine Task Thread Pool size 2
2022-04-26 01:51:35,916 [Listener at 127.0.0.1/44011] INFO  volume.HddsVolume (HddsVolume.java:<init>(120)) - Creating HddsVolume: /home/runner/work/ozone/ozone/hadoop-ozone/integration-test/target/test-dir/MiniOzoneClusterImpl-34bf0feb-fc93-4aa8-bd57-765b74b26656/datanode-4/data-0/containers/hdds of storage type : DISK capacity : 9223372036854775807
2022-04-26 01:51:35,916 [Listener at 127.0.0.1/44011] INFO  volume.MutableVolumeSet (MutableVolumeSet.java:initializeVolumeSet(168)) - Added Volume : /home/runner/work/ozone/ozone/hadoop-ozone/integration-test/target/test-dir/MiniOzoneClusterImpl-34bf0feb-fc93-4aa8-bd57-765b74b26656/datanode-4/data-0/containers/hdds to VolumeSet
2022-04-26 01:51:35,917 [Listener at 127.0.0.1/44011] INFO  volume.ThrottledAsyncChecker (ThrottledAsyncChecker.java:schedule(141)) - Scheduling a check for /home/runner/work/ozone/ozone/hadoop-ozone/integration-test/target/test-dir/MiniOzoneClusterImpl-34bf0feb-fc93-4aa8-bd57-765b74b26656/datanode-4/data-0/containers/hdds
2022-04-26 01:51:35,917 [Listener at 127.0.0.1/44011] INFO  volume.StorageVolumeChecker (StorageVolumeChecker.java:checkAllVolumes(202)) - Scheduled health check for volume /home/runner/work/ozone/ozone/hadoop-ozone/integration-test/target/test-dir/MiniOzoneClusterImpl-34bf0feb-fc93-4aa8-bd57-765b74b26656/datanode-4/data-0/containers/hdds
2022-04-26 01:51:35,928 [Listener at 127.0.0.1/44011] INFO  volume.MutableVolumeSet (MutableVolumeSet.java:initializeVolumeSet(168)) - Added Volume : /home/runner/work/ozone/ozone/hadoop-ozone/integration-test/target/test-dir/MiniOzoneClusterImpl-34bf0feb-fc93-4aa8-bd57-765b74b26656/datanode-4/data/ratis to VolumeSet
2022-04-26 01:51:35,928 [Listener at 127.0.0.1/44011] INFO  volume.ThrottledAsyncChecker (ThrottledAsyncChecker.java:schedule(141)) - Scheduling a check for /home/runner/work/ozone/ozone/hadoop-ozone/integration-test/target/test-dir/MiniOzoneClusterImpl-34bf0feb-fc93-4aa8-bd57-765b74b26656/datanode-4/data/ratis
2022-04-26 01:51:35,928 [Listener at 127.0.0.1/44011] INFO  volume.StorageVolumeChecker (StorageVolumeChecker.java:checkAllVolumes(202)) - Scheduled health check for volume /home/runner/work/ozone/ozone/hadoop-ozone/integration-test/target/test-dir/MiniOzoneClusterImpl-34bf0feb-fc93-4aa8-bd57-765b74b26656/datanode-4/data/ratis
2022-04-26 01:51:35,941 [Thread-180] INFO  ozoneimpl.ContainerReader (ContainerReader.java:readVolume(172)) - Finish verifying containers on volume /home/runner/work/ozone/ozone/hadoop-ozone/integration-test/target/test-dir/MiniOzoneClusterImpl-34bf0feb-fc93-4aa8-bd57-765b74b26656/datanode-4/data-0/containers/hdds
2022-04-26 01:51:35,941 [Listener at 127.0.0.1/44011] INFO  ozoneimpl.OzoneContainer (OzoneContainer.java:buildContainerSet(257)) - Build ContainerSet costs 0s
2022-04-26 01:51:35,944 [Listener at 127.0.0.1/44011] INFO  server.RaftServer (ConfUtils.java:logGet(44)) - raft.rpc.type = GRPC (default)
2022-04-26 01:51:35,944 [Listener at 127.0.0.1/44011] INFO  grpc.GrpcFactory (GrpcFactory.java:checkPooledByteBufAllocatorUseCacheForAllThreads(48)) - PERFORMANCE WARNING: useCacheForAllThreads is true that may cause Netty to create a lot garbage objects and, as a result, trigger GC.
	It is recommended to disable useCacheForAllThreads by setting -Dorg.apache.ratis.thirdparty.io.netty.allocator.useCacheForAllThreads=false in command line.
2022-04-26 01:51:35,944 [Listener at 127.0.0.1/44011] INFO  grpc.GrpcConfigKeys (ConfUtils.java:logGet(44)) - raft.grpc.admin.port = 0 (custom)
2022-04-26 01:51:35,945 [Listener at 127.0.0.1/44011] INFO  grpc.GrpcConfigKeys (ConfUtils.java:logGet(44)) - raft.grpc.client.port = 0 (custom)
2022-04-26 01:51:35,945 [Listener at 127.0.0.1/44011] INFO  grpc.GrpcConfigKeys (ConfUtils.java:logGet(44)) - raft.grpc.server.port = 0 (default)
2022-04-26 01:51:35,945 [Listener at 127.0.0.1/44011] INFO  server.GrpcService (ConfUtils.java:logGet(44)) - raft.grpc.message.size.max = 32MB (=33554432) (custom)
2022-04-26 01:51:35,945 [Listener at 127.0.0.1/44011] INFO  server.RaftServerConfigKeys (ConfUtils.java:logGet(44)) - raft.server.log.appender.buffer.byte-limit = 33554432 (custom)
2022-04-26 01:51:35,945 [Listener at 127.0.0.1/44011] INFO  server.GrpcService (ConfUtils.java:logGet(44)) - raft.grpc.flow.control.window = 5MB (=5242880) (custom)
2022-04-26 01:51:35,945 [Listener at 127.0.0.1/44011] INFO  server.RaftServerConfigKeys (ConfUtils.java:logGet(44)) - raft.server.rpc.request.timeout = 60s (custom)
2022-04-26 01:51:35,946 [Listener at 127.0.0.1/44011] INFO  impl.DataStreamServerImpl (ConfUtils.java:logGet(44)) - raft.datastream.type = DISABLED (default)
2022-04-26 01:51:35,947 [Listener at 127.0.0.1/44011] INFO  server.RaftServerConfigKeys (ConfUtils.java:logGet(44)) - raft.server.rpc.slowness.timeout = 300s (custom)
2022-04-26 01:51:35,947 [Listener at 127.0.0.1/44011] INFO  server.RaftServerConfigKeys (ConfUtils.java:logGet(44)) - raft.server.leaderelection.leader.step-down.wait-time = 10s (default)
2022-04-26 01:51:35,947 [Listener at 127.0.0.1/44011] INFO  server.RaftServerConfigKeys (ConfUtils.java:logGet(44)) - raft.server.storage.dir = [/home/runner/work/ozone/ozone/hadoop-ozone/integration-test/target/test-dir/MiniOzoneClusterImpl-34bf0feb-fc93-4aa8-bd57-765b74b26656/datanode-4/data/ratis] (custom)
2022-04-26 01:51:35,948 [Listener at 127.0.0.1/44011] INFO  server.XceiverServerGrpc (XceiverServerGrpc.java:<init>(132)) - GrpcServer channel type EpollServerSocketChannel
2022-04-26 01:51:35,974 [Listener at 127.0.0.1/44011] INFO  http.BaseHttpServer (BaseHttpServer.java:newHttpServer2BuilderForOzone(209)) - Starting Web-server for hddsDatanode at: http://0.0.0.0:0
2022-04-26 01:51:35,974 [Listener at 127.0.0.1/44011] INFO  http.BaseHttpServer (BaseHttpServer.java:<init>(107)) - Hadoop Security Enabled: false Ozone Security Enabled: false Ozone HTTP Security Enabled: false 
2022-04-26 01:51:35,976 [Listener at 127.0.0.1/44011] INFO  server.AuthenticationFilter (AuthenticationFilter.java:constructSecretProvider(240)) - Unable to initialize FileSignerSecretProvider, falling back to use random secrets.
2022-04-26 01:51:35,977 [Listener at 127.0.0.1/44011] WARN  http.HttpRequestLog (HttpRequestLog.java:getRequestLog(103)) - Jetty request log can only be enabled using Log4j
2022-04-26 01:51:35,978 [Listener at 127.0.0.1/44011] INFO  http.HttpServer2 (HttpServer2.java:addGlobalFilter(1030)) - Added global filter 'safety' (class=org.apache.hadoop.hdds.server.http.HttpServer2$QuotingInputFilter)
2022-04-26 01:51:35,979 [Listener at 127.0.0.1/44011] INFO  http.HttpServer2 (HttpServer2.java:addFilter(1006)) - Added filter static_user_filter (class=org.apache.hadoop.http.lib.StaticUserWebFilter$StaticUserFilter) to context hddsDatanode
2022-04-26 01:51:35,979 [Listener at 127.0.0.1/44011] INFO  http.HttpServer2 (HttpServer2.java:addFilter(1014)) - Added filter static_user_filter (class=org.apache.hadoop.http.lib.StaticUserWebFilter$StaticUserFilter) to context static
2022-04-26 01:51:35,979 [Listener at 127.0.0.1/44011] INFO  http.HttpServer2 (HttpServer2.java:addFilter(1014)) - Added filter static_user_filter (class=org.apache.hadoop.http.lib.StaticUserWebFilter$StaticUserFilter) to context logs
2022-04-26 01:51:35,980 [Listener at 127.0.0.1/44011] INFO  http.HttpServer2 (HttpServer2.java:bindListener(1249)) - Jetty bound to port 46441
2022-04-26 01:51:35,980 [Listener at 127.0.0.1/44011] INFO  server.Server (Server.java:doStart(375)) - jetty-9.4.43.v20210629; built: 2021-06-30T11:07:22.254Z; git: 526006ecfa3af7f1a27ef3a288e2bef7ea9dd7e8; jvm 1.8.0_322-b06
2022-04-26 01:51:35,985 [Listener at 127.0.0.1/44011] INFO  server.session (DefaultSessionIdManager.java:doStart(334)) - DefaultSessionIdManager workerName=node0
2022-04-26 01:51:35,985 [Listener at 127.0.0.1/44011] INFO  server.session (DefaultSessionIdManager.java:doStart(339)) - No SessionScavenger set, using defaults
2022-04-26 01:51:35,986 [Listener at 127.0.0.1/44011] INFO  server.session (HouseKeeper.java:startScavenging(132)) - node0 Scavenging every 600000ms
2022-04-26 01:51:35,986 [Listener at 127.0.0.1/44011] INFO  handler.ContextHandler (ContextHandler.java:doStart(915)) - Started o.e.j.s.ServletContextHandler@c3cdf38{logs,/logs,file:///home/runner/work/ozone/ozone/hadoop-ozone/integration-test/target/log,AVAILABLE}
2022-04-26 01:51:35,987 [Listener at 127.0.0.1/44011] INFO  handler.ContextHandler (ContextHandler.java:doStart(915)) - Started o.e.j.s.ServletContextHandler@59b47d06{static,/static,jar:file:/home/runner/.m2/repository/org/apache/ozone/hdds-container-service/1.3.0-SNAPSHOT/hdds-container-service-1.3.0-SNAPSHOT.jar!/webapps/static,AVAILABLE}
2022-04-26 01:51:36,031 [Listener at 127.0.0.1/44011] INFO  handler.ContextHandler (ContextHandler.java:doStart(915)) - Started o.e.j.w.WebAppContext@5aba40f{hddsDatanode,/,file:///tmp/jetty-0_0_0_0-46441-hdds-container-service-1_3_0-SNAPSHOT_jar-_-any-3915086071492597810/webapp/,AVAILABLE}{jar:file:/home/runner/.m2/repository/org/apache/ozone/hdds-container-service/1.3.0-SNAPSHOT/hdds-container-service-1.3.0-SNAPSHOT.jar!/webapps/hddsDatanode}
2022-04-26 01:51:36,033 [Listener at 127.0.0.1/44011] INFO  server.AbstractConnector (AbstractConnector.java:doStart(331)) - Started ServerConnector@34660ae{HTTP/1.1, (http/1.1)}{0.0.0.0:46441}
2022-04-26 01:51:36,033 [Listener at 127.0.0.1/44011] INFO  server.Server (Server.java:doStart(415)) - Started @7917ms
2022-04-26 01:51:36,033 [Listener at 127.0.0.1/44011] WARN  impl.MetricsSystemImpl (MetricsSystemImpl.java:register(279)) - Sink prometheus already exists!
2022-04-26 01:51:36,034 [Listener at 127.0.0.1/44011] INFO  http.BaseHttpServer (BaseHttpServer.java:updateConnectorAddress(329)) - HTTP server of hddsDatanode listening at http://0.0.0.0:46441
2022-04-26 01:51:36,036 [Listener at 127.0.0.1/44011] INFO  ozone.MiniOzoneClusterImpl (MiniOzoneClusterImpl.java:lambda$waitForClusterToBeReady$0(221)) - Waiting for nodes to be ready. Got 0 of 5 DN Heartbeats.
2022-04-26 01:51:36,036 [Listener at 127.0.0.1/44011] INFO  ozone.MiniOzoneClusterImpl (MiniOzoneClusterImpl.java:lambda$waitForClusterToBeReady$0(224)) - Waiting for cluster to exit safe mode
2022-04-26 01:51:36,036 [Listener at 127.0.0.1/44011] INFO  ozone.MiniOzoneClusterImpl (MiniOzoneClusterImpl.java:lambda$waitForClusterToBeReady$0(226)) - SCM became leader
2022-04-26 01:51:36,036 [Datanode State Machine Daemon Thread] INFO  statemachine.DatanodeStateMachine (DatanodeStateMachine.java:lambda$startDaemon$0(472)) - Ozone container server started.
2022-04-26 01:51:36,049 [org.apache.hadoop.util.JvmPauseMonitor$Monitor@5e18119f] INFO  util.JvmPauseMonitor (JvmPauseMonitor.java:run(188)) - Starting JVM pause monitor
2022-04-26 01:51:36,052 [Datanode State Machine Task Thread - 0] INFO  datanode.InitDatanodeState (InitDatanodeState.java:persistContainerDatanodeDetails(138)) - DatanodeDetails is persisted to /home/runner/work/ozone/ozone/hadoop-ozone/integration-test/target/test-dir/MiniOzoneClusterImpl-34bf0feb-fc93-4aa8-bd57-765b74b26656/datanode-4/meta/datanode.id
2022-04-26 01:51:37,036 [Listener at 127.0.0.1/44011] INFO  ozone.MiniOzoneClusterImpl (MiniOzoneClusterImpl.java:lambda$waitForClusterToBeReady$0(221)) - Waiting for nodes to be ready. Got 0 of 5 DN Heartbeats.
2022-04-26 01:51:37,036 [Listener at 127.0.0.1/44011] INFO  ozone.MiniOzoneClusterImpl (MiniOzoneClusterImpl.java:lambda$waitForClusterToBeReady$0(224)) - Waiting for cluster to exit safe mode
2022-04-26 01:51:37,037 [Listener at 127.0.0.1/44011] INFO  ozone.MiniOzoneClusterImpl (MiniOzoneClusterImpl.java:lambda$waitForClusterToBeReady$0(226)) - SCM became leader
2022-04-26 01:51:37,140 [EndpointStateMachine task thread for /0.0.0.0:45995 - 0 ] INFO  ozoneimpl.OzoneContainer (OzoneContainer.java:start(335)) - Attempting to start container services.
2022-04-26 01:51:37,142 [EndpointStateMachine task thread for /0.0.0.0:45995 - 0 ] INFO  ozoneimpl.OzoneContainer (OzoneContainer.java:startContainerScrub(270)) - Background container scanner has been disabled.
2022-04-26 01:51:37,144 [EndpointStateMachine task thread for /0.0.0.0:45995 - 0 ] INFO  replication.ReplicationServer (ReplicationServer.java:start(111)) - ReplicationServer is started using port 46725
2022-04-26 01:51:37,146 [EndpointStateMachine task thread for /0.0.0.0:45995 - 0 ] INFO  ratis.XceiverServerRatis (XceiverServerRatis.java:start(481)) - Starting XceiverServerRatis b224c1cc-f2f1-4e28-bfd3-9ebcae4e38f6
2022-04-26 01:51:37,147 [EndpointStateMachine task thread for /0.0.0.0:45995 - 0 ] INFO  server.RaftServer (RaftServerProxy.java:lambda$start$5(374)) - b224c1cc-f2f1-4e28-bfd3-9ebcae4e38f6: start RPC server
2022-04-26 01:51:37,152 [EndpointStateMachine task thread for /0.0.0.0:45995 - 0 ] INFO  server.GrpcService (GrpcService.java:startImpl(253)) - b224c1cc-f2f1-4e28-bfd3-9ebcae4e38f6: GrpcService started, listening on 33753
2022-04-26 01:51:37,153 [EndpointStateMachine task thread for /0.0.0.0:45995 - 0 ] INFO  ratis.XceiverServerRatis (XceiverServerRatis.java:getRealPort(502)) - XceiverServerRatis b224c1cc-f2f1-4e28-bfd3-9ebcae4e38f6 is started using port 33753 for RATIS
2022-04-26 01:51:37,153 [EndpointStateMachine task thread for /0.0.0.0:45995 - 0 ] INFO  ratis.XceiverServerRatis (XceiverServerRatis.java:getRealPort(502)) - XceiverServerRatis b224c1cc-f2f1-4e28-bfd3-9ebcae4e38f6 is started using port 33753 for RATIS_ADMIN
2022-04-26 01:51:37,153 [EndpointStateMachine task thread for /0.0.0.0:45995 - 0 ] INFO  ratis.XceiverServerRatis (XceiverServerRatis.java:getRealPort(502)) - XceiverServerRatis b224c1cc-f2f1-4e28-bfd3-9ebcae4e38f6 is started using port 33753 for RATIS_SERVER
2022-04-26 01:51:37,153 [org.apache.ratis.util.JvmPauseMonitor$$Lambda$580/456889832@10dd6f52] INFO  util.JvmPauseMonitor (JvmPauseMonitor.java:run(103)) - JvmPauseMonitor-b224c1cc-f2f1-4e28-bfd3-9ebcae4e38f6: Started
2022-04-26 01:51:37,154 [EndpointStateMachine task thread for /0.0.0.0:45995 - 0 ] INFO  server.XceiverServerGrpc (XceiverServerGrpc.java:start(180)) - XceiverServerGrpc b224c1cc-f2f1-4e28-bfd3-9ebcae4e38f6 is started using port 33237
2022-04-26 01:51:37,304 [EndpointStateMachine task thread for /0.0.0.0:45995 - 0 ] INFO  ozoneimpl.OzoneContainer (OzoneContainer.java:start(335)) - Attempting to start container services.
2022-04-26 01:51:37,304 [EndpointStateMachine task thread for /0.0.0.0:45995 - 0 ] INFO  ozoneimpl.OzoneContainer (OzoneContainer.java:startContainerScrub(270)) - Background container scanner has been disabled.
2022-04-26 01:51:37,305 [EndpointStateMachine task thread for /0.0.0.0:45995 - 0 ] INFO  replication.ReplicationServer (ReplicationServer.java:start(111)) - ReplicationServer is started using port 36317
2022-04-26 01:51:37,306 [EndpointStateMachine task thread for /0.0.0.0:45995 - 0 ] INFO  ratis.XceiverServerRatis (XceiverServerRatis.java:start(481)) - Starting XceiverServerRatis e85881fc-38b9-422c-97f9-58a2dbde84eb
2022-04-26 01:51:37,307 [EndpointStateMachine task thread for /0.0.0.0:45995 - 0 ] INFO  server.RaftServer (RaftServerProxy.java:lambda$start$5(374)) - e85881fc-38b9-422c-97f9-58a2dbde84eb: start RPC server
2022-04-26 01:51:37,310 [EndpointStateMachine task thread for /0.0.0.0:45995 - 0 ] INFO  server.GrpcService (GrpcService.java:startImpl(253)) - e85881fc-38b9-422c-97f9-58a2dbde84eb: GrpcService started, listening on 46161
2022-04-26 01:51:37,310 [EndpointStateMachine task thread for /0.0.0.0:45995 - 0 ] INFO  ratis.XceiverServerRatis (XceiverServerRatis.java:getRealPort(502)) - XceiverServerRatis e85881fc-38b9-422c-97f9-58a2dbde84eb is started using port 46161 for RATIS
2022-04-26 01:51:37,310 [EndpointStateMachine task thread for /0.0.0.0:45995 - 0 ] INFO  ratis.XceiverServerRatis (XceiverServerRatis.java:getRealPort(502)) - XceiverServerRatis e85881fc-38b9-422c-97f9-58a2dbde84eb is started using port 46161 for RATIS_ADMIN
2022-04-26 01:51:37,310 [EndpointStateMachine task thread for /0.0.0.0:45995 - 0 ] INFO  ratis.XceiverServerRatis (XceiverServerRatis.java:getRealPort(502)) - XceiverServerRatis e85881fc-38b9-422c-97f9-58a2dbde84eb is started using port 46161 for RATIS_SERVER
2022-04-26 01:51:37,310 [org.apache.ratis.util.JvmPauseMonitor$$Lambda$580/456889832@5ee550d5] INFO  util.JvmPauseMonitor (JvmPauseMonitor.java:run(103)) - JvmPauseMonitor-e85881fc-38b9-422c-97f9-58a2dbde84eb: Started
2022-04-26 01:51:37,314 [EndpointStateMachine task thread for /0.0.0.0:45995 - 0 ] INFO  server.XceiverServerGrpc (XceiverServerGrpc.java:start(180)) - XceiverServerGrpc e85881fc-38b9-422c-97f9-58a2dbde84eb is started using port 41533
2022-04-26 01:51:37,533 [EndpointStateMachine task thread for /0.0.0.0:45995 - 0 ] INFO  ozoneimpl.OzoneContainer (OzoneContainer.java:start(335)) - Attempting to start container services.
2022-04-26 01:51:37,533 [EndpointStateMachine task thread for /0.0.0.0:45995 - 0 ] INFO  ozoneimpl.OzoneContainer (OzoneContainer.java:startContainerScrub(270)) - Background container scanner has been disabled.
2022-04-26 01:51:37,535 [EndpointStateMachine task thread for /0.0.0.0:45995 - 0 ] INFO  replication.ReplicationServer (ReplicationServer.java:start(111)) - ReplicationServer is started using port 45041
2022-04-26 01:51:37,535 [EndpointStateMachine task thread for /0.0.0.0:45995 - 0 ] INFO  ratis.XceiverServerRatis (XceiverServerRatis.java:start(481)) - Starting XceiverServerRatis 0ef21c9d-d35f-446f-9851-8d806d67bbee
2022-04-26 01:51:37,538 [EndpointStateMachine task thread for /0.0.0.0:45995 - 0 ] INFO  server.RaftServer (RaftServerProxy.java:lambda$start$5(374)) - 0ef21c9d-d35f-446f-9851-8d806d67bbee: start RPC server
2022-04-26 01:51:37,544 [EndpointStateMachine task thread for /0.0.0.0:45995 - 0 ] INFO  server.GrpcService (GrpcService.java:startImpl(253)) - 0ef21c9d-d35f-446f-9851-8d806d67bbee: GrpcService started, listening on 45405
2022-04-26 01:51:37,544 [EndpointStateMachine task thread for /0.0.0.0:45995 - 0 ] INFO  ratis.XceiverServerRatis (XceiverServerRatis.java:getRealPort(502)) - XceiverServerRatis 0ef21c9d-d35f-446f-9851-8d806d67bbee is started using port 45405 for RATIS
2022-04-26 01:51:37,544 [EndpointStateMachine task thread for /0.0.0.0:45995 - 0 ] INFO  ratis.XceiverServerRatis (XceiverServerRatis.java:getRealPort(502)) - XceiverServerRatis 0ef21c9d-d35f-446f-9851-8d806d67bbee is started using port 45405 for RATIS_ADMIN
2022-04-26 01:51:37,544 [EndpointStateMachine task thread for /0.0.0.0:45995 - 0 ] INFO  ratis.XceiverServerRatis (XceiverServerRatis.java:getRealPort(502)) - XceiverServerRatis 0ef21c9d-d35f-446f-9851-8d806d67bbee is started using port 45405 for RATIS_SERVER
2022-04-26 01:51:37,544 [org.apache.ratis.util.JvmPauseMonitor$$Lambda$580/456889832@723f0a9d] INFO  util.JvmPauseMonitor (JvmPauseMonitor.java:run(103)) - JvmPauseMonitor-0ef21c9d-d35f-446f-9851-8d806d67bbee: Started
2022-04-26 01:51:37,546 [EndpointStateMachine task thread for /0.0.0.0:45995 - 0 ] INFO  server.XceiverServerGrpc (XceiverServerGrpc.java:start(180)) - XceiverServerGrpc 0ef21c9d-d35f-446f-9851-8d806d67bbee is started using port 36865
2022-04-26 01:51:37,843 [EndpointStateMachine task thread for /0.0.0.0:45995 - 0 ] INFO  ozoneimpl.OzoneContainer (OzoneContainer.java:start(335)) - Attempting to start container services.
2022-04-26 01:51:37,844 [EndpointStateMachine task thread for /0.0.0.0:45995 - 0 ] INFO  ozoneimpl.OzoneContainer (OzoneContainer.java:startContainerScrub(270)) - Background container scanner has been disabled.
2022-04-26 01:51:37,845 [EndpointStateMachine task thread for /0.0.0.0:45995 - 0 ] INFO  replication.ReplicationServer (ReplicationServer.java:start(111)) - ReplicationServer is started using port 46153
2022-04-26 01:51:37,846 [EndpointStateMachine task thread for /0.0.0.0:45995 - 0 ] INFO  ratis.XceiverServerRatis (XceiverServerRatis.java:start(481)) - Starting XceiverServerRatis c51dce87-425e-48a2-9f44-d785deaab87e
2022-04-26 01:51:37,846 [EndpointStateMachine task thread for /0.0.0.0:45995 - 0 ] INFO  server.RaftServer (RaftServerProxy.java:lambda$start$5(374)) - c51dce87-425e-48a2-9f44-d785deaab87e: start RPC server
2022-04-26 01:51:37,847 [EndpointStateMachine task thread for /0.0.0.0:45995 - 0 ] INFO  server.GrpcService (GrpcService.java:startImpl(253)) - c51dce87-425e-48a2-9f44-d785deaab87e: GrpcService started, listening on 40827
2022-04-26 01:51:37,848 [EndpointStateMachine task thread for /0.0.0.0:45995 - 0 ] INFO  ratis.XceiverServerRatis (XceiverServerRatis.java:getRealPort(502)) - XceiverServerRatis c51dce87-425e-48a2-9f44-d785deaab87e is started using port 40827 for RATIS
2022-04-26 01:51:37,848 [EndpointStateMachine task thread for /0.0.0.0:45995 - 0 ] INFO  ratis.XceiverServerRatis (XceiverServerRatis.java:getRealPort(502)) - XceiverServerRatis c51dce87-425e-48a2-9f44-d785deaab87e is started using port 40827 for RATIS_ADMIN
2022-04-26 01:51:37,848 [org.apache.ratis.util.JvmPauseMonitor$$Lambda$580/456889832@431c962f] INFO  util.JvmPauseMonitor (JvmPauseMonitor.java:run(103)) - JvmPauseMonitor-c51dce87-425e-48a2-9f44-d785deaab87e: Started
2022-04-26 01:51:37,848 [EndpointStateMachine task thread for /0.0.0.0:45995 - 0 ] INFO  ratis.XceiverServerRatis (XceiverServerRatis.java:getRealPort(502)) - XceiverServerRatis c51dce87-425e-48a2-9f44-d785deaab87e is started using port 40827 for RATIS_SERVER
2022-04-26 01:51:37,853 [EndpointStateMachine task thread for /0.0.0.0:45995 - 0 ] INFO  server.XceiverServerGrpc (XceiverServerGrpc.java:start(180)) - XceiverServerGrpc c51dce87-425e-48a2-9f44-d785deaab87e is started using port 43803
2022-04-26 01:51:38,037 [Listener at 127.0.0.1/44011] INFO  ozone.MiniOzoneClusterImpl (MiniOzoneClusterImpl.java:lambda$waitForClusterToBeReady$0(221)) - Waiting for nodes to be ready. Got 0 of 5 DN Heartbeats.
2022-04-26 01:51:38,037 [Listener at 127.0.0.1/44011] INFO  ozone.MiniOzoneClusterImpl (MiniOzoneClusterImpl.java:lambda$waitForClusterToBeReady$0(224)) - Waiting for cluster to exit safe mode
2022-04-26 01:51:38,037 [Listener at 127.0.0.1/44011] INFO  ozone.MiniOzoneClusterImpl (MiniOzoneClusterImpl.java:lambda$waitForClusterToBeReady$0(226)) - SCM became leader
2022-04-26 01:51:38,053 [EndpointStateMachine task thread for /0.0.0.0:45995 - 0 ] INFO  ozoneimpl.OzoneContainer (OzoneContainer.java:start(335)) - Attempting to start container services.
2022-04-26 01:51:38,054 [EndpointStateMachine task thread for /0.0.0.0:45995 - 0 ] INFO  ozoneimpl.OzoneContainer (OzoneContainer.java:startContainerScrub(270)) - Background container scanner has been disabled.
2022-04-26 01:51:38,056 [EndpointStateMachine task thread for /0.0.0.0:45995 - 0 ] INFO  replication.ReplicationServer (ReplicationServer.java:start(111)) - ReplicationServer is started using port 40087
2022-04-26 01:51:38,056 [EndpointStateMachine task thread for /0.0.0.0:45995 - 0 ] INFO  ratis.XceiverServerRatis (XceiverServerRatis.java:start(481)) - Starting XceiverServerRatis 9ce53556-8a7e-44f7-a467-494b489fc56c
2022-04-26 01:51:38,057 [EndpointStateMachine task thread for /0.0.0.0:45995 - 0 ] INFO  server.RaftServer (RaftServerProxy.java:lambda$start$5(374)) - 9ce53556-8a7e-44f7-a467-494b489fc56c: start RPC server
2022-04-26 01:51:38,058 [EndpointStateMachine task thread for /0.0.0.0:45995 - 0 ] INFO  server.GrpcService (GrpcService.java:startImpl(253)) - 9ce53556-8a7e-44f7-a467-494b489fc56c: GrpcService started, listening on 45729
2022-04-26 01:51:38,059 [EndpointStateMachine task thread for /0.0.0.0:45995 - 0 ] INFO  ratis.XceiverServerRatis (XceiverServerRatis.java:getRealPort(502)) - XceiverServerRatis 9ce53556-8a7e-44f7-a467-494b489fc56c is started using port 45729 for RATIS
2022-04-26 01:51:38,059 [EndpointStateMachine task thread for /0.0.0.0:45995 - 0 ] INFO  ratis.XceiverServerRatis (XceiverServerRatis.java:getRealPort(502)) - XceiverServerRatis 9ce53556-8a7e-44f7-a467-494b489fc56c is started using port 45729 for RATIS_ADMIN
2022-04-26 01:51:38,059 [org.apache.ratis.util.JvmPauseMonitor$$Lambda$580/456889832@6376451d] INFO  util.JvmPauseMonitor (JvmPauseMonitor.java:run(103)) - JvmPauseMonitor-9ce53556-8a7e-44f7-a467-494b489fc56c: Started
2022-04-26 01:51:38,059 [EndpointStateMachine task thread for /0.0.0.0:45995 - 0 ] INFO  ratis.XceiverServerRatis (XceiverServerRatis.java:getRealPort(502)) - XceiverServerRatis 9ce53556-8a7e-44f7-a467-494b489fc56c is started using port 45729 for RATIS_SERVER
2022-04-26 01:51:38,061 [EndpointStateMachine task thread for /0.0.0.0:45995 - 0 ] INFO  server.XceiverServerGrpc (XceiverServerGrpc.java:start(180)) - XceiverServerGrpc 9ce53556-8a7e-44f7-a467-494b489fc56c is started using port 46823
2022-04-26 01:51:39,038 [Listener at 127.0.0.1/44011] INFO  ozone.MiniOzoneClusterImpl (MiniOzoneClusterImpl.java:lambda$waitForClusterToBeReady$0(221)) - Waiting for nodes to be ready. Got 0 of 5 DN Heartbeats.
2022-04-26 01:51:39,038 [Listener at 127.0.0.1/44011] INFO  ozone.MiniOzoneClusterImpl (MiniOzoneClusterImpl.java:lambda$waitForClusterToBeReady$0(224)) - Waiting for cluster to exit safe mode
2022-04-26 01:51:39,038 [Listener at 127.0.0.1/44011] INFO  ozone.MiniOzoneClusterImpl (MiniOzoneClusterImpl.java:lambda$waitForClusterToBeReady$0(226)) - SCM became leader
2022-04-26 01:51:39,125 [IPC Server handler 2 on default port 45995] INFO  net.NetworkTopologyImpl (NetworkTopologyImpl.java:add(112)) - Added a new node: /default-rack/b224c1cc-f2f1-4e28-bfd3-9ebcae4e38f6
2022-04-26 01:51:39,127 [IPC Server handler 2 on default port 45995] INFO  node.SCMNodeManager (SCMNodeManager.java:register(391)) - Registered Data node : b224c1cc-f2f1-4e28-bfd3-9ebcae4e38f6{ip: 10.1.0.42, host: fv-az50-870.grzltbmokehuzjyc5b133kdqgh.cx.internal.cloudapp.net, ports: [REPLICATION=46725, RATIS=33753, RATIS_ADMIN=33753, RATIS_SERVER=33753, STANDALONE=33237], networkLocation: /default-rack, certSerialId: null, persistedOpState: null, persistedOpStateExpiryEpochSec: 0}
2022-04-26 01:51:39,129 [EventQueue-NewNodeForNewNodeHandler] INFO  pipeline.BackgroundPipelineCreator (BackgroundPipelineCreator.java:notifyEventTriggered(284)) - trigger a one-shot run on RatisPipelineUtilsThread.
2022-04-26 01:51:39,130 [EventQueue-NodeRegistrationContainerReportForContainerSafeModeRule] INFO  safemode.SCMSafeModeManager (SCMSafeModeManager.java:validateSafeModeExitRules(204)) - ContainerSafeModeRule rule is successfully validated
2022-04-26 01:51:39,131 [EventQueue-NodeRegistrationContainerReportForDataNodeSafeModeRule] INFO  safemode.SCMSafeModeManager (DataNodeSafeModeRule.java:process(71)) - SCM in safe mode. 1 DataNodes registered, 3 required.
2022-04-26 01:51:39,134 [EventQueue-PipelineReportForOneReplicaPipelineSafeModeRule] INFO  safemode.SCMSafeModeManager (SCMSafeModeManager.java:validateSafeModeExitRules(204)) - AtleastOneDatanodeReportedRule rule is successfully validated
2022-04-26 01:51:39,141 [RatisPipelineUtilsThread - 0] INFO  pipeline.RatisPipelineProvider (RatisPipelineProvider.java:lambda$create$0(195)) - Sending CreatePipelineCommand for pipeline:PipelineID=ce6033e1-c611-44f8-9d6d-40704fef8141 to datanode:b224c1cc-f2f1-4e28-bfd3-9ebcae4e38f6
2022-04-26 01:51:39,149 [RatisPipelineUtilsThread - 0] INFO  pipeline.PipelineStateManagerImpl (PipelineStateManagerImpl.java:addPipeline(101)) - Created pipeline Pipeline[ Id: ce6033e1-c611-44f8-9d6d-40704fef8141, Nodes: b224c1cc-f2f1-4e28-bfd3-9ebcae4e38f6{ip: 10.1.0.42, host: fv-az50-870.grzltbmokehuzjyc5b133kdqgh.cx.internal.cloudapp.net, ports: [REPLICATION=46725, RATIS=33753, RATIS_ADMIN=33753, RATIS_SERVER=33753, STANDALONE=33237], networkLocation: /default-rack, certSerialId: null, persistedOpState: IN_SERVICE, persistedOpStateExpiryEpochSec: 0}, ReplicationConfig: RATIS/ONE, State:ALLOCATED, leaderId:, CreationTimestamp2022-04-26T01:51:39.138Z[Etc/UTC]].
2022-04-26 01:51:39,301 [IPC Server handler 10 on default port 45995] INFO  net.NetworkTopologyImpl (NetworkTopologyImpl.java:add(112)) - Added a new node: /default-rack/e85881fc-38b9-422c-97f9-58a2dbde84eb
2022-04-26 01:51:39,301 [IPC Server handler 10 on default port 45995] INFO  node.SCMNodeManager (SCMNodeManager.java:register(391)) - Registered Data node : e85881fc-38b9-422c-97f9-58a2dbde84eb{ip: 10.1.0.42, host: fv-az50-870.grzltbmokehuzjyc5b133kdqgh.cx.internal.cloudapp.net, ports: [REPLICATION=36317, RATIS=46161, RATIS_ADMIN=46161, RATIS_SERVER=46161, STANDALONE=41533], networkLocation: /default-rack, certSerialId: null, persistedOpState: null, persistedOpStateExpiryEpochSec: 0}
2022-04-26 01:51:39,302 [EventQueue-NewNodeForNewNodeHandler] INFO  pipeline.BackgroundPipelineCreator (BackgroundPipelineCreator.java:notifyEventTriggered(284)) - trigger a one-shot run on RatisPipelineUtilsThread.
2022-04-26 01:51:39,302 [EventQueue-NodeRegistrationContainerReportForDataNodeSafeModeRule] INFO  safemode.SCMSafeModeManager (DataNodeSafeModeRule.java:process(71)) - SCM in safe mode. 2 DataNodes registered, 3 required.
2022-04-26 01:51:39,304 [RatisPipelineUtilsThread - 0] INFO  pipeline.RatisPipelineProvider (RatisPipelineProvider.java:lambda$create$0(195)) - Sending CreatePipelineCommand for pipeline:PipelineID=56e4b495-05b9-43b6-9c65-ee2ff77d7a87 to datanode:e85881fc-38b9-422c-97f9-58a2dbde84eb
2022-04-26 01:51:39,305 [RatisPipelineUtilsThread - 0] INFO  pipeline.PipelineStateManagerImpl (PipelineStateManagerImpl.java:addPipeline(101)) - Created pipeline Pipeline[ Id: 56e4b495-05b9-43b6-9c65-ee2ff77d7a87, Nodes: e85881fc-38b9-422c-97f9-58a2dbde84eb{ip: 10.1.0.42, host: fv-az50-870.grzltbmokehuzjyc5b133kdqgh.cx.internal.cloudapp.net, ports: [REPLICATION=36317, RATIS=46161, RATIS_ADMIN=46161, RATIS_SERVER=46161, STANDALONE=41533], networkLocation: /default-rack, certSerialId: null, persistedOpState: IN_SERVICE, persistedOpStateExpiryEpochSec: 0}, ReplicationConfig: RATIS/ONE, State:ALLOCATED, leaderId:, CreationTimestamp2022-04-26T01:51:39.304Z[Etc/UTC]].
2022-04-26 01:51:39,531 [IPC Server handler 8 on default port 45995] INFO  net.NetworkTopologyImpl (NetworkTopologyImpl.java:add(112)) - Added a new node: /default-rack/0ef21c9d-d35f-446f-9851-8d806d67bbee
2022-04-26 01:51:39,531 [IPC Server handler 8 on default port 45995] INFO  node.SCMNodeManager (SCMNodeManager.java:register(391)) - Registered Data node : 0ef21c9d-d35f-446f-9851-8d806d67bbee{ip: 10.1.0.42, host: fv-az50-870.grzltbmokehuzjyc5b133kdqgh.cx.internal.cloudapp.net, ports: [REPLICATION=45041, RATIS=45405, RATIS_ADMIN=45405, RATIS_SERVER=45405, STANDALONE=36865], networkLocation: /default-rack, certSerialId: null, persistedOpState: null, persistedOpStateExpiryEpochSec: 0}
2022-04-26 01:51:39,532 [EventQueue-NewNodeForNewNodeHandler] INFO  pipeline.BackgroundPipelineCreator (BackgroundPipelineCreator.java:notifyEventTriggered(284)) - trigger a one-shot run on RatisPipelineUtilsThread.
2022-04-26 01:51:39,533 [EventQueue-NodeRegistrationContainerReportForDataNodeSafeModeRule] INFO  safemode.SCMSafeModeManager (DataNodeSafeModeRule.java:process(71)) - SCM in safe mode. 3 DataNodes registered, 3 required.
2022-04-26 01:51:39,533 [EventQueue-NodeRegistrationContainerReportForDataNodeSafeModeRule] INFO  safemode.SCMSafeModeManager (SCMSafeModeManager.java:validateSafeModeExitRules(204)) - DataNodeSafeModeRule rule is successfully validated
2022-04-26 01:51:39,533 [EventQueue-NodeRegistrationContainerReportForDataNodeSafeModeRule] INFO  safemode.SCMSafeModeManager (SCMSafeModeManager.java:completePreCheck(233)) - All SCM safe mode pre check rules have passed
2022-04-26 01:51:39,533 [EventQueue-NodeRegistrationContainerReportForDataNodeSafeModeRule] WARN  events.EventQueue (EventQueue.java:fireEvent(194)) - No event handler registered for event TypedEvent{payloadType=SafeModeStatus, name='Safe mode status'}
2022-04-26 01:51:39,533 [EventQueue-NodeRegistrationContainerReportForDataNodeSafeModeRule] INFO  ha.SCMContext (SCMContext.java:updateSafeModeStatus(211)) - Update SafeModeStatus from SafeModeStatus{safeModeStatus=true, preCheckPassed=false} to SafeModeStatus{safeModeStatus=true, preCheckPassed=true}.
2022-04-26 01:51:39,533 [EventQueue-NodeRegistrationContainerReportForDataNodeSafeModeRule] INFO  pipeline.BackgroundPipelineCreator (BackgroundPipelineCreator.java:notifyEventTriggered(284)) - trigger a one-shot run on RatisPipelineUtilsThread.
2022-04-26 01:51:39,533 [RatisPipelineUtilsThread - 0] INFO  pipeline.RatisPipelineProvider (RatisPipelineProvider.java:lambda$create$0(195)) - Sending CreatePipelineCommand for pipeline:PipelineID=235cee73-a840-4600-a3c6-0dbad9121e34 to datanode:0ef21c9d-d35f-446f-9851-8d806d67bbee
2022-04-26 01:51:39,534 [RatisPipelineUtilsThread - 0] INFO  pipeline.PipelineStateManagerImpl (PipelineStateManagerImpl.java:addPipeline(101)) - Created pipeline Pipeline[ Id: 235cee73-a840-4600-a3c6-0dbad9121e34, Nodes: 0ef21c9d-d35f-446f-9851-8d806d67bbee{ip: 10.1.0.42, host: fv-az50-870.grzltbmokehuzjyc5b133kdqgh.cx.internal.cloudapp.net, ports: [REPLICATION=45041, RATIS=45405, RATIS_ADMIN=45405, RATIS_SERVER=45405, STANDALONE=36865], networkLocation: /default-rack, certSerialId: null, persistedOpState: IN_SERVICE, persistedOpStateExpiryEpochSec: 0}, ReplicationConfig: RATIS/ONE, State:ALLOCATED, leaderId:, CreationTimestamp2022-04-26T01:51:39.533Z[Etc/UTC]].
2022-04-26 01:51:39,537 [RatisPipelineUtilsThread - 0] INFO  pipeline.RatisPipelineProvider (RatisPipelineProvider.java:lambda$create$0(195)) - Sending CreatePipelineCommand for pipeline:PipelineID=0dd4f3cb-0572-4edc-80cd-bff32e3a7135 to datanode:e85881fc-38b9-422c-97f9-58a2dbde84eb
2022-04-26 01:51:39,537 [RatisPipelineUtilsThread - 0] INFO  pipeline.RatisPipelineProvider (RatisPipelineProvider.java:lambda$create$0(195)) - Sending CreatePipelineCommand for pipeline:PipelineID=0dd4f3cb-0572-4edc-80cd-bff32e3a7135 to datanode:0ef21c9d-d35f-446f-9851-8d806d67bbee
2022-04-26 01:51:39,537 [RatisPipelineUtilsThread - 0] INFO  pipeline.RatisPipelineProvider (RatisPipelineProvider.java:lambda$create$0(195)) - Sending CreatePipelineCommand for pipeline:PipelineID=0dd4f3cb-0572-4edc-80cd-bff32e3a7135 to datanode:b224c1cc-f2f1-4e28-bfd3-9ebcae4e38f6
2022-04-26 01:51:39,538 [RatisPipelineUtilsThread - 0] INFO  pipeline.PipelineStateManagerImpl (PipelineStateManagerImpl.java:addPipeline(101)) - Created pipeline Pipeline[ Id: 0dd4f3cb-0572-4edc-80cd-bff32e3a7135, Nodes: e85881fc-38b9-422c-97f9-58a2dbde84eb{ip: 10.1.0.42, host: fv-az50-870.grzltbmokehuzjyc5b133kdqgh.cx.internal.cloudapp.net, ports: [REPLICATION=36317, RATIS=46161, RATIS_ADMIN=46161, RATIS_SERVER=46161, STANDALONE=41533], networkLocation: /default-rack, certSerialId: null, persistedOpState: IN_SERVICE, persistedOpStateExpiryEpochSec: 0}0ef21c9d-d35f-446f-9851-8d806d67bbee{ip: 10.1.0.42, host: fv-az50-870.grzltbmokehuzjyc5b133kdqgh.cx.internal.cloudapp.net, ports: [REPLICATION=45041, RATIS=45405, RATIS_ADMIN=45405, RATIS_SERVER=45405, STANDALONE=36865], networkLocation: /default-rack, certSerialId: null, persistedOpState: IN_SERVICE, persistedOpStateExpiryEpochSec: 0}b224c1cc-f2f1-4e28-bfd3-9ebcae4e38f6{ip: 10.1.0.42, host: fv-az50-870.grzltbmokehuzjyc5b133kdqgh.cx.internal.cloudapp.net, ports: [REPLICATION=46725, RATIS=33753, RATIS_ADMIN=33753, RATIS_SERVER=33753, STANDALONE=33237], networkLocation: /default-rack, certSerialId: null, persistedOpState: IN_SERVICE, persistedOpStateExpiryEpochSec: 0}, ReplicationConfig: RATIS/THREE, State:ALLOCATED, leaderId:, CreationTimestamp2022-04-26T01:51:39.537Z[Etc/UTC]].
2022-04-26 01:51:39,539 [RatisPipelineUtilsThread - 0] INFO  pipeline.RatisPipelineProvider (RatisPipelineProvider.java:lambda$create$0(195)) - Sending CreatePipelineCommand for pipeline:PipelineID=69e77a88-c1b1-4010-9bb3-6990c6ab0d89 to datanode:e85881fc-38b9-422c-97f9-58a2dbde84eb
2022-04-26 01:51:39,539 [RatisPipelineUtilsThread - 0] INFO  pipeline.RatisPipelineProvider (RatisPipelineProvider.java:lambda$create$0(195)) - Sending CreatePipelineCommand for pipeline:PipelineID=69e77a88-c1b1-4010-9bb3-6990c6ab0d89 to datanode:0ef21c9d-d35f-446f-9851-8d806d67bbee
2022-04-26 01:51:39,539 [RatisPipelineUtilsThread - 0] INFO  pipeline.RatisPipelineProvider (RatisPipelineProvider.java:lambda$create$0(195)) - Sending CreatePipelineCommand for pipeline:PipelineID=69e77a88-c1b1-4010-9bb3-6990c6ab0d89 to datanode:b224c1cc-f2f1-4e28-bfd3-9ebcae4e38f6
2022-04-26 01:51:39,540 [RatisPipelineUtilsThread - 0] INFO  pipeline.PipelineStateManagerImpl (PipelineStateManagerImpl.java:addPipeline(101)) - Created pipeline Pipeline[ Id: 69e77a88-c1b1-4010-9bb3-6990c6ab0d89, Nodes: e85881fc-38b9-422c-97f9-58a2dbde84eb{ip: 10.1.0.42, host: fv-az50-870.grzltbmokehuzjyc5b133kdqgh.cx.internal.cloudapp.net, ports: [REPLICATION=36317, RATIS=46161, RATIS_ADMIN=46161, RATIS_SERVER=46161, STANDALONE=41533], networkLocation: /default-rack, certSerialId: null, persistedOpState: IN_SERVICE, persistedOpStateExpiryEpochSec: 0}0ef21c9d-d35f-446f-9851-8d806d67bbee{ip: 10.1.0.42, host: fv-az50-870.grzltbmokehuzjyc5b133kdqgh.cx.internal.cloudapp.net, ports: [REPLICATION=45041, RATIS=45405, RATIS_ADMIN=45405, RATIS_SERVER=45405, STANDALONE=36865], networkLocation: /default-rack, certSerialId: null, persistedOpState: IN_SERVICE, persistedOpStateExpiryEpochSec: 0}b224c1cc-f2f1-4e28-bfd3-9ebcae4e38f6{ip: 10.1.0.42, host: fv-az50-870.grzltbmokehuzjyc5b133kdqgh.cx.internal.cloudapp.net, ports: [REPLICATION=46725, RATIS=33753, RATIS_ADMIN=33753, RATIS_SERVER=33753, STANDALONE=33237], networkLocation: /default-rack, certSerialId: null, persistedOpState: IN_SERVICE, persistedOpStateExpiryEpochSec: 0}, ReplicationConfig: RATIS/THREE, State:ALLOCATED, leaderId:, CreationTimestamp2022-04-26T01:51:39.539Z[Etc/UTC]].
2022-04-26 01:51:39,540 [RatisPipelineUtilsThread - 0] INFO  pipeline.PipelineManagerImpl (PipelineManagerImpl.java:recordMetricsForPipeline(669)) - Pipeline: PipelineID=69e77a88-c1b1-4010-9bb3-6990c6ab0d89 contains same datanodes as previous pipelines: PipelineID=0dd4f3cb-0572-4edc-80cd-bff32e3a7135 nodeIds: e85881fc-38b9-422c-97f9-58a2dbde84eb, 0ef21c9d-d35f-446f-9851-8d806d67bbee, b224c1cc-f2f1-4e28-bfd3-9ebcae4e38f6
2022-04-26 01:51:39,840 [IPC Server handler 1 on default port 45995] INFO  net.NetworkTopologyImpl (NetworkTopologyImpl.java:add(112)) - Added a new node: /default-rack/c51dce87-425e-48a2-9f44-d785deaab87e
2022-04-26 01:51:39,841 [IPC Server handler 1 on default port 45995] INFO  node.SCMNodeManager (SCMNodeManager.java:register(391)) - Registered Data node : c51dce87-425e-48a2-9f44-d785deaab87e{ip: 10.1.0.42, host: fv-az50-870.grzltbmokehuzjyc5b133kdqgh.cx.internal.cloudapp.net, ports: [REPLICATION=46153, RATIS=40827, RATIS_ADMIN=40827, RATIS_SERVER=40827, STANDALONE=43803], networkLocation: /default-rack, certSerialId: null, persistedOpState: null, persistedOpStateExpiryEpochSec: 0}
2022-04-26 01:51:39,841 [EventQueue-NewNodeForNewNodeHandler] INFO  pipeline.BackgroundPipelineCreator (BackgroundPipelineCreator.java:notifyEventTriggered(284)) - trigger a one-shot run on RatisPipelineUtilsThread.
2022-04-26 01:51:39,842 [RatisPipelineUtilsThread - 0] INFO  pipeline.RatisPipelineProvider (RatisPipelineProvider.java:lambda$create$0(195)) - Sending CreatePipelineCommand for pipeline:PipelineID=b84804aa-3f82-488d-9567-fd73494ffbde to datanode:c51dce87-425e-48a2-9f44-d785deaab87e
2022-04-26 01:51:39,843 [RatisPipelineUtilsThread - 0] INFO  pipeline.PipelineStateManagerImpl (PipelineStateManagerImpl.java:addPipeline(101)) - Created pipeline Pipeline[ Id: b84804aa-3f82-488d-9567-fd73494ffbde, Nodes: c51dce87-425e-48a2-9f44-d785deaab87e{ip: 10.1.0.42, host: fv-az50-870.grzltbmokehuzjyc5b133kdqgh.cx.internal.cloudapp.net, ports: [REPLICATION=46153, RATIS=40827, RATIS_ADMIN=40827, RATIS_SERVER=40827, STANDALONE=43803], networkLocation: /default-rack, certSerialId: null, persistedOpState: IN_SERVICE, persistedOpStateExpiryEpochSec: 0}, ReplicationConfig: RATIS/ONE, State:ALLOCATED, leaderId:, CreationTimestamp2022-04-26T01:51:39.842Z[Etc/UTC]].
2022-04-26 01:51:40,038 [Listener at 127.0.0.1/44011] INFO  ozone.MiniOzoneClusterImpl (MiniOzoneClusterImpl.java:lambda$waitForClusterToBeReady$0(221)) - Waiting for nodes to be ready. Got 4 of 5 DN Heartbeats.
2022-04-26 01:51:40,039 [Listener at 127.0.0.1/44011] INFO  ozone.MiniOzoneClusterImpl (MiniOzoneClusterImpl.java:lambda$waitForClusterToBeReady$0(224)) - Waiting for cluster to exit safe mode
2022-04-26 01:51:40,039 [Listener at 127.0.0.1/44011] INFO  ozone.MiniOzoneClusterImpl (MiniOzoneClusterImpl.java:lambda$waitForClusterToBeReady$0(226)) - SCM became leader
2022-04-26 01:51:40,051 [IPC Server handler 0 on default port 45995] INFO  net.NetworkTopologyImpl (NetworkTopologyImpl.java:add(112)) - Added a new node: /default-rack/9ce53556-8a7e-44f7-a467-494b489fc56c
2022-04-26 01:51:40,052 [IPC Server handler 0 on default port 45995] INFO  node.SCMNodeManager (SCMNodeManager.java:register(391)) - Registered Data node : 9ce53556-8a7e-44f7-a467-494b489fc56c{ip: 10.1.0.42, host: fv-az50-870.grzltbmokehuzjyc5b133kdqgh.cx.internal.cloudapp.net, ports: [REPLICATION=40087, RATIS=45729, RATIS_ADMIN=45729, RATIS_SERVER=45729, STANDALONE=46823], networkLocation: /default-rack, certSerialId: null, persistedOpState: null, persistedOpStateExpiryEpochSec: 0}
2022-04-26 01:51:40,052 [EventQueue-NewNodeForNewNodeHandler] INFO  pipeline.BackgroundPipelineCreator (BackgroundPipelineCreator.java:notifyEventTriggered(284)) - trigger a one-shot run on RatisPipelineUtilsThread.
2022-04-26 01:51:40,053 [RatisPipelineUtilsThread - 0] INFO  pipeline.RatisPipelineProvider (RatisPipelineProvider.java:lambda$create$0(195)) - Sending CreatePipelineCommand for pipeline:PipelineID=b5a420bc-986e-42fd-bc65-969a9defd7de to datanode:9ce53556-8a7e-44f7-a467-494b489fc56c
2022-04-26 01:51:40,053 [RatisPipelineUtilsThread - 0] INFO  pipeline.PipelineStateManagerImpl (PipelineStateManagerImpl.java:addPipeline(101)) - Created pipeline Pipeline[ Id: b5a420bc-986e-42fd-bc65-969a9defd7de, Nodes: 9ce53556-8a7e-44f7-a467-494b489fc56c{ip: 10.1.0.42, host: fv-az50-870.grzltbmokehuzjyc5b133kdqgh.cx.internal.cloudapp.net, ports: [REPLICATION=40087, RATIS=45729, RATIS_ADMIN=45729, RATIS_SERVER=45729, STANDALONE=46823], networkLocation: /default-rack, certSerialId: null, persistedOpState: IN_SERVICE, persistedOpStateExpiryEpochSec: 0}, ReplicationConfig: RATIS/ONE, State:ALLOCATED, leaderId:, CreationTimestamp2022-04-26T01:51:40.053Z[Etc/UTC]].
2022-04-26 01:51:41,039 [Listener at 127.0.0.1/44011] INFO  ozone.MiniOzoneClusterImpl (MiniOzoneClusterImpl.java:lambda$waitForClusterToBeReady$0(221)) - Nodes are ready. Got 5 of 5 DN Heartbeats.
2022-04-26 01:51:41,039 [Listener at 127.0.0.1/44011] INFO  ozone.MiniOzoneClusterImpl (MiniOzoneClusterImpl.java:lambda$waitForClusterToBeReady$0(224)) - Waiting for cluster to exit safe mode
2022-04-26 01:51:41,040 [Listener at 127.0.0.1/44011] INFO  ozone.MiniOzoneClusterImpl (MiniOzoneClusterImpl.java:lambda$waitForClusterToBeReady$0(226)) - SCM became leader
2022-04-26 01:51:42,040 [Listener at 127.0.0.1/44011] INFO  ozone.MiniOzoneClusterImpl (MiniOzoneClusterImpl.java:lambda$waitForClusterToBeReady$0(221)) - Nodes are ready. Got 5 of 5 DN Heartbeats.
2022-04-26 01:51:42,040 [Listener at 127.0.0.1/44011] INFO  ozone.MiniOzoneClusterImpl (MiniOzoneClusterImpl.java:lambda$waitForClusterToBeReady$0(224)) - Waiting for cluster to exit safe mode
2022-04-26 01:51:42,040 [Listener at 127.0.0.1/44011] INFO  ozone.MiniOzoneClusterImpl (MiniOzoneClusterImpl.java:lambda$waitForClusterToBeReady$0(226)) - SCM became leader
2022-04-26 01:51:42,104 [Command processor thread] INFO  server.RaftServer (RaftServerProxy.java:addNew(95)) - b224c1cc-f2f1-4e28-bfd3-9ebcae4e38f6: addNew group-40704FEF8141:[b224c1cc-f2f1-4e28-bfd3-9ebcae4e38f6|rpc:10.1.0.42:33753|priority:1] returns group-40704FEF8141:java.util.concurrent.CompletableFuture@49619654[Not completed]
2022-04-26 01:51:42,114 [pool-68-thread-1] INFO  server.RaftServer$Division (RaftServerImpl.java:<init>(184)) - b224c1cc-f2f1-4e28-bfd3-9ebcae4e38f6: new RaftServerImpl for group-40704FEF8141:[b224c1cc-f2f1-4e28-bfd3-9ebcae4e38f6|rpc:10.1.0.42:33753|priority:1] with ContainerStateMachine:uninitialized
2022-04-26 01:51:42,114 [pool-68-thread-1] INFO  server.RaftServerConfigKeys (ConfUtils.java:logGet(44)) - raft.server.rpc.timeout.min = 5s (custom)
2022-04-26 01:51:42,115 [pool-68-thread-1] INFO  server.RaftServerConfigKeys (ConfUtils.java:logGet(44)) - raft.server.rpc.timeout.max = 5200ms (custom)
2022-04-26 01:51:42,115 [pool-68-thread-1] INFO  server.RaftServerConfigKeys (ConfUtils.java:logGet(44)) - raft.server.rpc.sleep.time = 25ms (default)
2022-04-26 01:51:42,115 [pool-68-thread-1] INFO  server.RaftServerConfigKeys (ConfUtils.java:logGet(44)) - raft.server.rpc.slowness.timeout = 300s (custom)
2022-04-26 01:51:42,115 [pool-68-thread-1] INFO  server.RaftServerConfigKeys (ConfUtils.java:logGet(44)) - raft.server.leaderelection.leader.step-down.wait-time = 10s (default)
2022-04-26 01:51:42,115 [pool-68-thread-1] INFO  server.RaftServerConfigKeys (ConfUtils.java:logGet(44)) - raft.server.sleep.deviation.threshold = 300ms (default)
2022-04-26 01:51:42,115 [pool-68-thread-1] INFO  server.RaftServerConfigKeys (ConfUtils.java:logGet(44)) - raft.server.log.appender.install.snapshot.enabled = false (custom)
2022-04-26 01:51:42,115 [pool-68-thread-1] INFO  server.RaftServer$Division (ServerState.java:<init>(105)) - b224c1cc-f2f1-4e28-bfd3-9ebcae4e38f6@group-40704FEF8141: ConfigurationManager, init=-1: [b224c1cc-f2f1-4e28-bfd3-9ebcae4e38f6|rpc:10.1.0.42:33753|priority:1], old=null, confs=<EMPTY_MAP>
2022-04-26 01:51:42,115 [pool-68-thread-1] INFO  server.RaftServerConfigKeys (ConfUtils.java:logGet(44)) - raft.server.storage.dir = [/home/runner/work/ozone/ozone/hadoop-ozone/integration-test/target/test-dir/MiniOzoneClusterImpl-34bf0feb-fc93-4aa8-bd57-765b74b26656/datanode-0/data/ratis] (custom)
2022-04-26 01:51:42,115 [pool-68-thread-1] INFO  server.RaftServerConfigKeys (ConfUtils.java:logGet(44)) - raft.server.log.corruption.policy = EXCEPTION (default)
2022-04-26 01:51:42,115 [pool-68-thread-1] INFO  server.RaftServerConfigKeys (ConfUtils.java:logGet(44)) - raft.server.storage.free-space.min = 0MB (=0) (default)
2022-04-26 01:51:42,115 [pool-68-thread-1] INFO  storage.RaftStorageDirectory (RaftStorageDirectoryImpl.java:analyzeStorage(135)) - The storage directory /home/runner/work/ozone/ozone/hadoop-ozone/integration-test/target/test-dir/MiniOzoneClusterImpl-34bf0feb-fc93-4aa8-bd57-765b74b26656/datanode-0/data/ratis/ce6033e1-c611-44f8-9d6d-40704fef8141 does not exist. Creating ...
2022-04-26 01:51:42,117 [pool-68-thread-1] INFO  storage.RaftStorageDirectory (RaftStorageDirectoryImpl.java:tryLock(230)) - Lock on /home/runner/work/ozone/ozone/hadoop-ozone/integration-test/target/test-dir/MiniOzoneClusterImpl-34bf0feb-fc93-4aa8-bd57-765b74b26656/datanode-0/data/ratis/ce6033e1-c611-44f8-9d6d-40704fef8141/in_use.lock acquired by nodename 18609@fv-az50-870
2022-04-26 01:51:42,118 [pool-68-thread-1] INFO  storage.RaftStorage (RaftStorageImpl.java:format(89)) - Storage directory /home/runner/work/ozone/ozone/hadoop-ozone/integration-test/target/test-dir/MiniOzoneClusterImpl-34bf0feb-fc93-4aa8-bd57-765b74b26656/datanode-0/data/ratis/ce6033e1-c611-44f8-9d6d-40704fef8141 has been successfully formatted.
2022-04-26 01:51:42,122 [pool-68-thread-1] INFO  ratis.ContainerStateMachine (ContainerStateMachine.java:loadSnapshot(236)) - group-40704FEF8141: The snapshot info is null. Setting the last applied indexto:(t:0, i:~)
2022-04-26 01:51:42,122 [pool-68-thread-1] INFO  server.RaftServerConfigKeys (ConfUtils.java:logGet(44)) - raft.server.notification.no-leader.timeout = 300s (custom)
2022-04-26 01:51:42,122 [pool-68-thread-1] INFO  server.RaftServerConfigKeys (ConfUtils.java:logGet(44)) - raft.server.log.use.memory = false (default)
2022-04-26 01:51:42,122 [pool-68-thread-1] INFO  server.RaftServerConfigKeys (ConfUtils.java:logGet(44)) - raft.server.log.purge.gap = 1000000 (custom)
2022-04-26 01:51:42,122 [pool-68-thread-1] INFO  server.RaftServerConfigKeys (ConfUtils.java:logGet(44)) - raft.server.log.appender.buffer.byte-limit = 33554432 (custom)
2022-04-26 01:51:42,123 [pool-68-thread-1] INFO  server.RaftServerConfigKeys (ConfUtils.java:logGet(44)) - raft.server.log.segment.size.max = 1048576 (custom)
2022-04-26 01:51:42,123 [pool-68-thread-1] INFO  server.RaftServerConfigKeys (ConfUtils.java:logGet(44)) - raft.server.log.segment.cache.num.max = 2 (custom)
2022-04-26 01:51:42,123 [pool-68-thread-1] INFO  server.RaftServerConfigKeys (ConfUtils.java:logGet(44)) - raft.server.log.segment.cache.size.max = 200MB (=209715200) (default)
2022-04-26 01:51:42,123 [pool-68-thread-1] INFO  segmented.SegmentedRaftLogWorker (SegmentedRaftLogWorker.java:<init>(182)) - new b224c1cc-f2f1-4e28-bfd3-9ebcae4e38f6@group-40704FEF8141-SegmentedRaftLogWorker for RaftStorageImpl:Storage Directory /home/runner/work/ozone/ozone/hadoop-ozone/integration-test/target/test-dir/MiniOzoneClusterImpl-34bf0feb-fc93-4aa8-bd57-765b74b26656/datanode-0/data/ratis/ce6033e1-c611-44f8-9d6d-40704fef8141
2022-04-26 01:51:42,124 [pool-68-thread-1] INFO  server.RaftServerConfigKeys (ConfUtils.java:logGet(44)) - raft.server.log.queue.byte-limit = 4294967296 (custom)
2022-04-26 01:51:42,124 [pool-68-thread-1] INFO  server.RaftServerConfigKeys (ConfUtils.java:logGet(44)) - raft.server.log.queue.element-limit = 1024 (custom)
2022-04-26 01:51:42,124 [pool-68-thread-1] INFO  server.RaftServerConfigKeys (ConfUtils.java:logGet(44)) - raft.server.log.segment.size.max = 1048576 (custom)
2022-04-26 01:51:42,124 [pool-68-thread-1] INFO  server.RaftServerConfigKeys (ConfUtils.java:logGet(44)) - raft.server.log.preallocated.size = 16384 (custom)
2022-04-26 01:51:42,124 [pool-68-thread-1] INFO  server.RaftServerConfigKeys (ConfUtils.java:logGet(44)) - raft.server.log.force.sync.num = 128 (default)
2022-04-26 01:51:42,124 [pool-68-thread-1] INFO  server.RaftServerConfigKeys (ConfUtils.java:logGet(44)) - raft.server.log.statemachine.data.sync = true (default)
2022-04-26 01:51:42,124 [pool-68-thread-1] INFO  server.RaftServerConfigKeys (ConfUtils.java:logGet(44)) - raft.server.log.statemachine.data.sync.timeout = 10s (default)
2022-04-26 01:51:42,124 [pool-68-thread-1] INFO  server.RaftServerConfigKeys (ConfUtils.java:logGet(44)) - raft.server.log.statemachine.data.sync.timeout.retry = -1 (default)
2022-04-26 01:51:42,126 [pool-68-thread-1] INFO  server.RaftServerConfigKeys (ConfUtils.java:logGet(44)) - raft.server.log.write.buffer.size = 1048576 (custom)
2022-04-26 01:51:42,126 [pool-68-thread-1] INFO  server.RaftServerConfigKeys (ConfUtils.java:logGet(44)) - raft.server.log.statemachine.data.caching.enabled = true (custom)
2022-04-26 01:51:42,126 [pool-68-thread-1] INFO  segmented.SegmentedRaftLogWorker (SegmentedRaftLogWorker.java:lambda$new$0(133)) - b224c1cc-f2f1-4e28-bfd3-9ebcae4e38f6@group-40704FEF8141-SegmentedRaftLogWorker: flushIndex: setUnconditionally 0 -> -1
2022-04-26 01:51:42,126 [pool-68-thread-1] INFO  segmented.SegmentedRaftLogWorker (SegmentedRaftLogWorker.java:lambda$new$0(133)) - b224c1cc-f2f1-4e28-bfd3-9ebcae4e38f6@group-40704FEF8141-SegmentedRaftLogWorker: safeCacheEvictIndex: setUnconditionally 0 -> -1
2022-04-26 01:51:42,129 [pool-68-thread-1] INFO  server.RaftServerConfigKeys (ConfUtils.java:logGet(44)) - raft.server.snapshot.auto.trigger.enabled = true (custom)
2022-04-26 01:51:42,129 [pool-68-thread-1] INFO  server.RaftServerConfigKeys (ConfUtils.java:logGet(44)) - raft.server.snapshot.auto.trigger.threshold = 10000 (custom)
2022-04-26 01:51:42,129 [pool-68-thread-1] INFO  server.RaftServerConfigKeys (ConfUtils.java:logGet(44)) - raft.server.snapshot.retention.file.num = 5 (custom)
2022-04-26 01:51:42,129 [pool-68-thread-1] INFO  server.RaftServerConfigKeys (ConfUtils.java:logGet(44)) - raft.server.log.purge.upto.snapshot.index = false (default)
2022-04-26 01:51:42,129 [pool-68-thread-1] INFO  server.RaftServerConfigKeys (ConfUtils.java:logGet(44)) - raft.server.retrycache.expirytime = 600000ms (custom)
2022-04-26 01:51:42,129 [pool-68-thread-1] INFO  server.RaftServerConfigKeys (ConfUtils.java:logGet(44)) - raft.server.retrycache.statistics.expirytime = 100μs (default)
2022-04-26 01:51:42,135 [pool-68-thread-1] INFO  server.RaftServer$Division (RaftServerImpl.java:start(301)) - b224c1cc-f2f1-4e28-bfd3-9ebcae4e38f6@group-40704FEF8141: start as a follower, conf=-1: [b224c1cc-f2f1-4e28-bfd3-9ebcae4e38f6|rpc:10.1.0.42:33753|priority:1], old=null
2022-04-26 01:51:42,135 [pool-68-thread-1] INFO  server.RaftServer$Division (RaftServerImpl.java:setRole(290)) - b224c1cc-f2f1-4e28-bfd3-9ebcae4e38f6@group-40704FEF8141: changes role from      null to FOLLOWER at term 0 for startAsFollower
2022-04-26 01:51:42,135 [pool-68-thread-1] INFO  impl.RoleInfo (RoleInfo.java:updateAndGet(130)) - b224c1cc-f2f1-4e28-bfd3-9ebcae4e38f6: start b224c1cc-f2f1-4e28-bfd3-9ebcae4e38f6@group-40704FEF8141-FollowerState
2022-04-26 01:51:42,135 [pool-68-thread-1] INFO  util.JmxRegister (JmxRegister.java:tryRegister(44)) - Successfully registered JMX Bean with object name Ratis:service=RaftServer,group=group-40704FEF8141,id=b224c1cc-f2f1-4e28-bfd3-9ebcae4e38f6
2022-04-26 01:51:42,145 [Command processor thread] INFO  ratis.XceiverServerRatis (XceiverServerRatis.java:addGroup(765)) - Created group PipelineID=ce6033e1-c611-44f8-9d6d-40704fef8141
2022-04-26 01:51:42,146 [Command processor thread] INFO  commandhandler.CreatePipelineCommandHandler (CreatePipelineCommandHandler.java:handle(113)) - Created Pipeline RATIS ONE PipelineID=ce6033e1-c611-44f8-9d6d-40704fef8141.
2022-04-26 01:51:42,146 [Command processor thread] INFO  server.RaftServer (RaftServerProxy.java:addNew(95)) - b224c1cc-f2f1-4e28-bfd3-9ebcae4e38f6: addNew group-BFF32E3A7135:[b224c1cc-f2f1-4e28-bfd3-9ebcae4e38f6|rpc:10.1.0.42:33753|priority:1, e85881fc-38b9-422c-97f9-58a2dbde84eb|rpc:10.1.0.42:46161|priority:0, 0ef21c9d-d35f-446f-9851-8d806d67bbee|rpc:10.1.0.42:45405|priority:0] returns group-BFF32E3A7135:java.util.concurrent.CompletableFuture@19170553[Not completed]
2022-04-26 01:51:42,149 [EventQueue-PipelineReportForPipelineReportHandler] INFO  pipeline.PipelineManagerImpl (PipelineManagerImpl.java:openPipeline(321)) - Pipeline Pipeline[ Id: ce6033e1-c611-44f8-9d6d-40704fef8141, Nodes: b224c1cc-f2f1-4e28-bfd3-9ebcae4e38f6{ip: 10.1.0.42, host: fv-az50-870.grzltbmokehuzjyc5b133kdqgh.cx.internal.cloudapp.net, ports: [REPLICATION=46725, RATIS=33753, RATIS_ADMIN=33753, RATIS_SERVER=33753, STANDALONE=33237], networkLocation: /default-rack, certSerialId: null, persistedOpState: IN_SERVICE, persistedOpStateExpiryEpochSec: 0}, ReplicationConfig: RATIS/ONE, State:ALLOCATED, leaderId:b224c1cc-f2f1-4e28-bfd3-9ebcae4e38f6, CreationTimestamp2022-04-26T01:51:39.138Z[Etc/UTC]] moved to OPEN state
2022-04-26 01:51:42,154 [pool-68-thread-1] INFO  server.RaftServer$Division (RaftServerImpl.java:<init>(184)) - b224c1cc-f2f1-4e28-bfd3-9ebcae4e38f6: new RaftServerImpl for group-BFF32E3A7135:[b224c1cc-f2f1-4e28-bfd3-9ebcae4e38f6|rpc:10.1.0.42:33753|priority:1, e85881fc-38b9-422c-97f9-58a2dbde84eb|rpc:10.1.0.42:46161|priority:0, 0ef21c9d-d35f-446f-9851-8d806d67bbee|rpc:10.1.0.42:45405|priority:0] with ContainerStateMachine:uninitialized
2022-04-26 01:51:42,154 [pool-68-thread-1] INFO  server.RaftServerConfigKeys (ConfUtils.java:logGet(44)) - raft.server.rpc.timeout.min = 5s (custom)
2022-04-26 01:51:42,154 [pool-68-thread-1] INFO  server.RaftServerConfigKeys (ConfUtils.java:logGet(44)) - raft.server.rpc.timeout.max = 5200ms (custom)
2022-04-26 01:51:42,154 [pool-68-thread-1] INFO  server.RaftServerConfigKeys (ConfUtils.java:logGet(44)) - raft.server.rpc.sleep.time = 25ms (default)
2022-04-26 01:51:42,154 [pool-68-thread-1] INFO  server.RaftServerConfigKeys (ConfUtils.java:logGet(44)) - raft.server.rpc.slowness.timeout = 300s (custom)
2022-04-26 01:51:42,154 [pool-68-thread-1] INFO  server.RaftServerConfigKeys (ConfUtils.java:logGet(44)) - raft.server.leaderelection.leader.step-down.wait-time = 10s (default)
2022-04-26 01:51:42,154 [pool-68-thread-1] INFO  server.RaftServerConfigKeys (ConfUtils.java:logGet(44)) - raft.server.sleep.deviation.threshold = 300ms (default)
2022-04-26 01:51:42,155 [pool-68-thread-1] INFO  server.RaftServerConfigKeys (ConfUtils.java:logGet(44)) - raft.server.log.appender.install.snapshot.enabled = false (custom)
2022-04-26 01:51:42,155 [pool-68-thread-1] INFO  server.RaftServer$Division (ServerState.java:<init>(105)) - b224c1cc-f2f1-4e28-bfd3-9ebcae4e38f6@group-BFF32E3A7135: ConfigurationManager, init=-1: [b224c1cc-f2f1-4e28-bfd3-9ebcae4e38f6|rpc:10.1.0.42:33753|priority:1, e85881fc-38b9-422c-97f9-58a2dbde84eb|rpc:10.1.0.42:46161|priority:0, 0ef21c9d-d35f-446f-9851-8d806d67bbee|rpc:10.1.0.42:45405|priority:0], old=null, confs=<EMPTY_MAP>
2022-04-26 01:51:42,155 [pool-68-thread-1] INFO  server.RaftServerConfigKeys (ConfUtils.java:logGet(44)) - raft.server.storage.dir = [/home/runner/work/ozone/ozone/hadoop-ozone/integration-test/target/test-dir/MiniOzoneClusterImpl-34bf0feb-fc93-4aa8-bd57-765b74b26656/datanode-0/data/ratis] (custom)
2022-04-26 01:51:42,155 [pool-68-thread-1] INFO  server.RaftServerConfigKeys (ConfUtils.java:logGet(44)) - raft.server.log.corruption.policy = EXCEPTION (default)
2022-04-26 01:51:42,155 [pool-68-thread-1] INFO  server.RaftServerConfigKeys (ConfUtils.java:logGet(44)) - raft.server.storage.free-space.min = 0MB (=0) (default)
2022-04-26 01:51:42,155 [pool-68-thread-1] INFO  storage.RaftStorageDirectory (RaftStorageDirectoryImpl.java:analyzeStorage(135)) - The storage directory /home/runner/work/ozone/ozone/hadoop-ozone/integration-test/target/test-dir/MiniOzoneClusterImpl-34bf0feb-fc93-4aa8-bd57-765b74b26656/datanode-0/data/ratis/0dd4f3cb-0572-4edc-80cd-bff32e3a7135 does not exist. Creating ...
2022-04-26 01:51:42,156 [EventQueue-OpenPipelineForHealthyPipelineSafeModeRule] INFO  safemode.SCMSafeModeManager (HealthyPipelineSafeModeRule.java:process(124)) - SCM in safe mode. Healthy pipelines reported count is 0, required healthy pipeline reported count is 1
2022-04-26 01:51:42,157 [pool-68-thread-1] INFO  storage.RaftStorageDirectory (RaftStorageDirectoryImpl.java:tryLock(230)) - Lock on /home/runner/work/ozone/ozone/hadoop-ozone/integration-test/target/test-dir/MiniOzoneClusterImpl-34bf0feb-fc93-4aa8-bd57-765b74b26656/datanode-0/data/ratis/0dd4f3cb-0572-4edc-80cd-bff32e3a7135/in_use.lock acquired by nodename 18609@fv-az50-870
2022-04-26 01:51:42,159 [pool-68-thread-1] INFO  storage.RaftStorage (RaftStorageImpl.java:format(89)) - Storage directory /home/runner/work/ozone/ozone/hadoop-ozone/integration-test/target/test-dir/MiniOzoneClusterImpl-34bf0feb-fc93-4aa8-bd57-765b74b26656/datanode-0/data/ratis/0dd4f3cb-0572-4edc-80cd-bff32e3a7135 has been successfully formatted.
2022-04-26 01:51:42,159 [pool-68-thread-1] INFO  ratis.ContainerStateMachine (ContainerStateMachine.java:loadSnapshot(236)) - group-BFF32E3A7135: The snapshot info is null. Setting the last applied indexto:(t:0, i:~)
2022-04-26 01:51:42,159 [pool-68-thread-1] INFO  server.RaftServerConfigKeys (ConfUtils.java:logGet(44)) - raft.server.notification.no-leader.timeout = 300s (custom)
2022-04-26 01:51:42,159 [pool-68-thread-1] INFO  server.RaftServerConfigKeys (ConfUtils.java:logGet(44)) - raft.server.log.use.memory = false (default)
2022-04-26 01:51:42,159 [pool-68-thread-1] INFO  server.RaftServerConfigKeys (ConfUtils.java:logGet(44)) - raft.server.log.purge.gap = 1000000 (custom)
2022-04-26 01:51:42,159 [pool-68-thread-1] INFO  server.RaftServerConfigKeys (ConfUtils.java:logGet(44)) - raft.server.log.appender.buffer.byte-limit = 33554432 (custom)
2022-04-26 01:51:42,159 [pool-68-thread-1] INFO  server.RaftServerConfigKeys (ConfUtils.java:logGet(44)) - raft.server.log.segment.size.max = 1048576 (custom)
2022-04-26 01:51:42,160 [pool-68-thread-1] INFO  server.RaftServerConfigKeys (ConfUtils.java:logGet(44)) - raft.server.log.segment.cache.num.max = 2 (custom)
2022-04-26 01:51:42,161 [pool-68-thread-1] INFO  server.RaftServerConfigKeys (ConfUtils.java:logGet(44)) - raft.server.log.segment.cache.size.max = 200MB (=209715200) (default)
2022-04-26 01:51:42,162 [pool-68-thread-1] INFO  segmented.SegmentedRaftLogWorker (SegmentedRaftLogWorker.java:<init>(182)) - new b224c1cc-f2f1-4e28-bfd3-9ebcae4e38f6@group-BFF32E3A7135-SegmentedRaftLogWorker for RaftStorageImpl:Storage Directory /home/runner/work/ozone/ozone/hadoop-ozone/integration-test/target/test-dir/MiniOzoneClusterImpl-34bf0feb-fc93-4aa8-bd57-765b74b26656/datanode-0/data/ratis/0dd4f3cb-0572-4edc-80cd-bff32e3a7135
2022-04-26 01:51:42,162 [pool-68-thread-1] INFO  server.RaftServerConfigKeys (ConfUtils.java:logGet(44)) - raft.server.log.queue.byte-limit = 4294967296 (custom)
2022-04-26 01:51:42,162 [pool-68-thread-1] INFO  server.RaftServerConfigKeys (ConfUtils.java:logGet(44)) - raft.server.log.queue.element-limit = 1024 (custom)
2022-04-26 01:51:42,162 [pool-68-thread-1] INFO  server.RaftServerConfigKeys (ConfUtils.java:logGet(44)) - raft.server.log.segment.size.max = 1048576 (custom)
2022-04-26 01:51:42,162 [pool-68-thread-1] INFO  server.RaftServerConfigKeys (ConfUtils.java:logGet(44)) - raft.server.log.preallocated.size = 16384 (custom)
2022-04-26 01:51:42,162 [pool-68-thread-1] INFO  server.RaftServerConfigKeys (ConfUtils.java:logGet(44)) - raft.server.log.force.sync.num = 128 (default)
2022-04-26 01:51:42,162 [pool-68-thread-1] INFO  server.RaftServerConfigKeys (ConfUtils.java:logGet(44)) - raft.server.log.statemachine.data.sync = true (default)
2022-04-26 01:51:42,162 [pool-68-thread-1] INFO  server.RaftServerConfigKeys (ConfUtils.java:logGet(44)) - raft.server.log.statemachine.data.sync.timeout = 10s (default)
2022-04-26 01:51:42,162 [pool-68-thread-1] INFO  server.RaftServerConfigKeys (ConfUtils.java:logGet(44)) - raft.server.log.statemachine.data.sync.timeout.retry = -1 (default)
2022-04-26 01:51:42,162 [EventQueue-OpenPipelineForHealthyPipelineSafeModeRule] INFO  safemode.SCMSafeModeManager (HealthyPipelineSafeModeRule.java:process(124)) - SCM in safe mode. Healthy pipelines reported count is 0, required healthy pipeline reported count is 1
2022-04-26 01:51:42,164 [pool-68-thread-1] INFO  server.RaftServerConfigKeys (ConfUtils.java:logGet(44)) - raft.server.log.write.buffer.size = 1048576 (custom)
2022-04-26 01:51:42,165 [pool-68-thread-1] INFO  server.RaftServerConfigKeys (ConfUtils.java:logGet(44)) - raft.server.log.statemachine.data.caching.enabled = true (custom)
2022-04-26 01:51:42,165 [pool-68-thread-1] INFO  segmented.SegmentedRaftLogWorker (SegmentedRaftLogWorker.java:lambda$new$0(133)) - b224c1cc-f2f1-4e28-bfd3-9ebcae4e38f6@group-BFF32E3A7135-SegmentedRaftLogWorker: flushIndex: setUnconditionally 0 -> -1
2022-04-26 01:51:42,165 [pool-68-thread-1] INFO  segmented.SegmentedRaftLogWorker (SegmentedRaftLogWorker.java:lambda$new$0(133)) - b224c1cc-f2f1-4e28-bfd3-9ebcae4e38f6@group-BFF32E3A7135-SegmentedRaftLogWorker: safeCacheEvictIndex: setUnconditionally 0 -> -1
2022-04-26 01:51:42,166 [pool-68-thread-1] INFO  server.RaftServerConfigKeys (ConfUtils.java:logGet(44)) - raft.server.snapshot.auto.trigger.enabled = true (custom)
2022-04-26 01:51:42,166 [pool-68-thread-1] INFO  server.RaftServerConfigKeys (ConfUtils.java:logGet(44)) - raft.server.snapshot.auto.trigger.threshold = 10000 (custom)
2022-04-26 01:51:42,166 [pool-68-thread-1] INFO  server.RaftServerConfigKeys (ConfUtils.java:logGet(44)) - raft.server.snapshot.retention.file.num = 5 (custom)
2022-04-26 01:51:42,166 [pool-68-thread-1] INFO  server.RaftServerConfigKeys (ConfUtils.java:logGet(44)) - raft.server.log.purge.upto.snapshot.index = false (default)
2022-04-26 01:51:42,166 [pool-68-thread-1] INFO  server.RaftServerConfigKeys (ConfUtils.java:logGet(44)) - raft.server.retrycache.expirytime = 600000ms (custom)
2022-04-26 01:51:42,166 [pool-68-thread-1] INFO  server.RaftServerConfigKeys (ConfUtils.java:logGet(44)) - raft.server.retrycache.statistics.expirytime = 100μs (default)
2022-04-26 01:51:42,168 [pool-68-thread-1] INFO  server.RaftServer$Division (RaftServerImpl.java:start(301)) - b224c1cc-f2f1-4e28-bfd3-9ebcae4e38f6@group-BFF32E3A7135: start as a follower, conf=-1: [b224c1cc-f2f1-4e28-bfd3-9ebcae4e38f6|rpc:10.1.0.42:33753|priority:1, e85881fc-38b9-422c-97f9-58a2dbde84eb|rpc:10.1.0.42:46161|priority:0, 0ef21c9d-d35f-446f-9851-8d806d67bbee|rpc:10.1.0.42:45405|priority:0], old=null
2022-04-26 01:51:42,168 [pool-68-thread-1] INFO  server.RaftServer$Division (RaftServerImpl.java:setRole(290)) - b224c1cc-f2f1-4e28-bfd3-9ebcae4e38f6@group-BFF32E3A7135: changes role from      null to FOLLOWER at term 0 for startAsFollower
2022-04-26 01:51:42,168 [pool-68-thread-1] INFO  impl.RoleInfo (RoleInfo.java:updateAndGet(130)) - b224c1cc-f2f1-4e28-bfd3-9ebcae4e38f6: start b224c1cc-f2f1-4e28-bfd3-9ebcae4e38f6@group-BFF32E3A7135-FollowerState
2022-04-26 01:51:42,169 [pool-68-thread-1] INFO  util.JmxRegister (JmxRegister.java:tryRegister(44)) - Successfully registered JMX Bean with object name Ratis:service=RaftServer,group=group-BFF32E3A7135,id=b224c1cc-f2f1-4e28-bfd3-9ebcae4e38f6
2022-04-26 01:51:42,170 [Command processor thread] INFO  ratis.XceiverServerRatis (XceiverServerRatis.java:addGroup(765)) - Created group PipelineID=0dd4f3cb-0572-4edc-80cd-bff32e3a7135
2022-04-26 01:51:42,303 [Command processor thread] INFO  server.RaftServer (RaftServerProxy.java:addNew(95)) - e85881fc-38b9-422c-97f9-58a2dbde84eb: addNew group-EE2FF77D7A87:[e85881fc-38b9-422c-97f9-58a2dbde84eb|rpc:10.1.0.42:46161|priority:1] returns group-EE2FF77D7A87:java.util.concurrent.CompletableFuture@4f935ca1[Not completed]
2022-04-26 01:51:42,306 [pool-89-thread-1] INFO  server.RaftServer$Division (RaftServerImpl.java:<init>(184)) - e85881fc-38b9-422c-97f9-58a2dbde84eb: new RaftServerImpl for group-EE2FF77D7A87:[e85881fc-38b9-422c-97f9-58a2dbde84eb|rpc:10.1.0.42:46161|priority:1] with ContainerStateMachine:uninitialized
2022-04-26 01:51:42,308 [pool-89-thread-1] INFO  server.RaftServerConfigKeys (ConfUtils.java:logGet(44)) - raft.server.rpc.timeout.min = 5s (custom)
2022-04-26 01:51:42,308 [pool-89-thread-1] INFO  server.RaftServerConfigKeys (ConfUtils.java:logGet(44)) - raft.server.rpc.timeout.max = 5200ms (custom)
2022-04-26 01:51:42,308 [pool-89-thread-1] INFO  server.RaftServerConfigKeys (ConfUtils.java:logGet(44)) - raft.server.rpc.sleep.time = 25ms (default)
2022-04-26 01:51:42,308 [pool-89-thread-1] INFO  server.RaftServerConfigKeys (ConfUtils.java:logGet(44)) - raft.server.rpc.slowness.timeout = 300s (custom)
2022-04-26 01:51:42,308 [pool-89-thread-1] INFO  server.RaftServerConfigKeys (ConfUtils.java:logGet(44)) - raft.server.leaderelection.leader.step-down.wait-time = 10s (default)
2022-04-26 01:51:42,308 [pool-89-thread-1] INFO  server.RaftServerConfigKeys (ConfUtils.java:logGet(44)) - raft.server.sleep.deviation.threshold = 300ms (default)
2022-04-26 01:51:42,308 [pool-89-thread-1] INFO  server.RaftServerConfigKeys (ConfUtils.java:logGet(44)) - raft.server.log.appender.install.snapshot.enabled = false (custom)
2022-04-26 01:51:42,308 [pool-89-thread-1] INFO  server.RaftServer$Division (ServerState.java:<init>(105)) - e85881fc-38b9-422c-97f9-58a2dbde84eb@group-EE2FF77D7A87: ConfigurationManager, init=-1: [e85881fc-38b9-422c-97f9-58a2dbde84eb|rpc:10.1.0.42:46161|priority:1], old=null, confs=<EMPTY_MAP>
2022-04-26 01:51:42,308 [pool-89-thread-1] INFO  server.RaftServerConfigKeys (ConfUtils.java:logGet(44)) - raft.server.storage.dir = [/home/runner/work/ozone/ozone/hadoop-ozone/integration-test/target/test-dir/MiniOzoneClusterImpl-34bf0feb-fc93-4aa8-bd57-765b74b26656/datanode-1/data/ratis] (custom)
2022-04-26 01:51:42,308 [pool-89-thread-1] INFO  server.RaftServerConfigKeys (ConfUtils.java:logGet(44)) - raft.server.log.corruption.policy = EXCEPTION (default)
2022-04-26 01:51:42,308 [pool-89-thread-1] INFO  server.RaftServerConfigKeys (ConfUtils.java:logGet(44)) - raft.server.storage.free-space.min = 0MB (=0) (default)
2022-04-26 01:51:42,309 [pool-89-thread-1] INFO  storage.RaftStorageDirectory (RaftStorageDirectoryImpl.java:analyzeStorage(135)) - The storage directory /home/runner/work/ozone/ozone/hadoop-ozone/integration-test/target/test-dir/MiniOzoneClusterImpl-34bf0feb-fc93-4aa8-bd57-765b74b26656/datanode-1/data/ratis/56e4b495-05b9-43b6-9c65-ee2ff77d7a87 does not exist. Creating ...
2022-04-26 01:51:42,310 [pool-89-thread-1] INFO  storage.RaftStorageDirectory (RaftStorageDirectoryImpl.java:tryLock(230)) - Lock on /home/runner/work/ozone/ozone/hadoop-ozone/integration-test/target/test-dir/MiniOzoneClusterImpl-34bf0feb-fc93-4aa8-bd57-765b74b26656/datanode-1/data/ratis/56e4b495-05b9-43b6-9c65-ee2ff77d7a87/in_use.lock acquired by nodename 18609@fv-az50-870
2022-04-26 01:51:42,311 [pool-89-thread-1] INFO  storage.RaftStorage (RaftStorageImpl.java:format(89)) - Storage directory /home/runner/work/ozone/ozone/hadoop-ozone/integration-test/target/test-dir/MiniOzoneClusterImpl-34bf0feb-fc93-4aa8-bd57-765b74b26656/datanode-1/data/ratis/56e4b495-05b9-43b6-9c65-ee2ff77d7a87 has been successfully formatted.
2022-04-26 01:51:42,317 [EventQueue-PipelineReportForPipelineReportHandler] INFO  pipeline.PipelineManagerImpl (PipelineManagerImpl.java:openPipeline(321)) - Pipeline Pipeline[ Id: 56e4b495-05b9-43b6-9c65-ee2ff77d7a87, Nodes: e85881fc-38b9-422c-97f9-58a2dbde84eb{ip: 10.1.0.42, host: fv-az50-870.grzltbmokehuzjyc5b133kdqgh.cx.internal.cloudapp.net, ports: [REPLICATION=36317, RATIS=46161, RATIS_ADMIN=46161, RATIS_SERVER=46161, STANDALONE=41533], networkLocation: /default-rack, certSerialId: null, persistedOpState: IN_SERVICE, persistedOpStateExpiryEpochSec: 0}, ReplicationConfig: RATIS/ONE, State:ALLOCATED, leaderId:e85881fc-38b9-422c-97f9-58a2dbde84eb, CreationTimestamp2022-04-26T01:51:39.304Z[Etc/UTC]] moved to OPEN state
2022-04-26 01:51:42,318 [EventQueue-OpenPipelineForHealthyPipelineSafeModeRule] INFO  safemode.SCMSafeModeManager (HealthyPipelineSafeModeRule.java:process(124)) - SCM in safe mode. Healthy pipelines reported count is 0, required healthy pipeline reported count is 1
2022-04-26 01:51:42,316 [pool-89-thread-1] INFO  ratis.ContainerStateMachine (ContainerStateMachine.java:loadSnapshot(236)) - group-EE2FF77D7A87: The snapshot info is null. Setting the last applied indexto:(t:0, i:~)
2022-04-26 01:51:42,325 [pool-89-thread-1] INFO  server.RaftServerConfigKeys (ConfUtils.java:logGet(44)) - raft.server.notification.no-leader.timeout = 300s (custom)
2022-04-26 01:51:42,325 [pool-89-thread-1] INFO  server.RaftServerConfigKeys (ConfUtils.java:logGet(44)) - raft.server.log.use.memory = false (default)
2022-04-26 01:51:42,325 [pool-89-thread-1] INFO  server.RaftServerConfigKeys (ConfUtils.java:logGet(44)) - raft.server.log.purge.gap = 1000000 (custom)
2022-04-26 01:51:42,325 [pool-89-thread-1] INFO  server.RaftServerConfigKeys (ConfUtils.java:logGet(44)) - raft.server.log.appender.buffer.byte-limit = 33554432 (custom)
2022-04-26 01:51:42,325 [pool-89-thread-1] INFO  server.RaftServerConfigKeys (ConfUtils.java:logGet(44)) - raft.server.log.segment.size.max = 1048576 (custom)
2022-04-26 01:51:42,326 [pool-89-thread-1] INFO  server.RaftServerConfigKeys (ConfUtils.java:logGet(44)) - raft.server.log.segment.cache.num.max = 2 (custom)
2022-04-26 01:51:42,326 [pool-89-thread-1] INFO  server.RaftServerConfigKeys (ConfUtils.java:logGet(44)) - raft.server.log.segment.cache.size.max = 200MB (=209715200) (default)
2022-04-26 01:51:42,326 [pool-89-thread-1] INFO  segmented.SegmentedRaftLogWorker (SegmentedRaftLogWorker.java:<init>(182)) - new e85881fc-38b9-422c-97f9-58a2dbde84eb@group-EE2FF77D7A87-SegmentedRaftLogWorker for RaftStorageImpl:Storage Directory /home/runner/work/ozone/ozone/hadoop-ozone/integration-test/target/test-dir/MiniOzoneClusterImpl-34bf0feb-fc93-4aa8-bd57-765b74b26656/datanode-1/data/ratis/56e4b495-05b9-43b6-9c65-ee2ff77d7a87
2022-04-26 01:51:42,326 [pool-89-thread-1] INFO  server.RaftServerConfigKeys (ConfUtils.java:logGet(44)) - raft.server.log.queue.byte-limit = 4294967296 (custom)
2022-04-26 01:51:42,326 [pool-89-thread-1] INFO  server.RaftServerConfigKeys (ConfUtils.java:logGet(44)) - raft.server.log.queue.element-limit = 1024 (custom)
2022-04-26 01:51:42,326 [pool-89-thread-1] INFO  server.RaftServerConfigKeys (ConfUtils.java:logGet(44)) - raft.server.log.segment.size.max = 1048576 (custom)
2022-04-26 01:51:42,326 [pool-89-thread-1] INFO  server.RaftServerConfigKeys (ConfUtils.java:logGet(44)) - raft.server.log.preallocated.size = 16384 (custom)
2022-04-26 01:51:42,326 [pool-89-thread-1] INFO  server.RaftServerConfigKeys (ConfUtils.java:logGet(44)) - raft.server.log.force.sync.num = 128 (default)
2022-04-26 01:51:42,326 [pool-89-thread-1] INFO  server.RaftServerConfigKeys (ConfUtils.java:logGet(44)) - raft.server.log.statemachine.data.sync = true (default)
2022-04-26 01:51:42,326 [pool-89-thread-1] INFO  server.RaftServerConfigKeys (ConfUtils.java:logGet(44)) - raft.server.log.statemachine.data.sync.timeout = 10s (default)
2022-04-26 01:51:42,326 [pool-89-thread-1] INFO  server.RaftServerConfigKeys (ConfUtils.java:logGet(44)) - raft.server.log.statemachine.data.sync.timeout.retry = -1 (default)
2022-04-26 01:51:42,334 [pool-89-thread-1] INFO  server.RaftServerConfigKeys (ConfUtils.java:logGet(44)) - raft.server.log.write.buffer.size = 1048576 (custom)
2022-04-26 01:51:42,334 [pool-89-thread-1] INFO  server.RaftServerConfigKeys (ConfUtils.java:logGet(44)) - raft.server.log.statemachine.data.caching.enabled = true (custom)
2022-04-26 01:51:42,334 [pool-89-thread-1] INFO  segmented.SegmentedRaftLogWorker (SegmentedRaftLogWorker.java:lambda$new$0(133)) - e85881fc-38b9-422c-97f9-58a2dbde84eb@group-EE2FF77D7A87-SegmentedRaftLogWorker: flushIndex: setUnconditionally 0 -> -1
2022-04-26 01:51:42,335 [pool-89-thread-1] INFO  segmented.SegmentedRaftLogWorker (SegmentedRaftLogWorker.java:lambda$new$0(133)) - e85881fc-38b9-422c-97f9-58a2dbde84eb@group-EE2FF77D7A87-SegmentedRaftLogWorker: safeCacheEvictIndex: setUnconditionally 0 -> -1
2022-04-26 01:51:42,341 [pool-89-thread-1] INFO  server.RaftServerConfigKeys (ConfUtils.java:logGet(44)) - raft.server.snapshot.auto.trigger.enabled = true (custom)
2022-04-26 01:51:42,341 [pool-89-thread-1] INFO  server.RaftServerConfigKeys (ConfUtils.java:logGet(44)) - raft.server.snapshot.auto.trigger.threshold = 10000 (custom)
2022-04-26 01:51:42,341 [pool-89-thread-1] INFO  server.RaftServerConfigKeys (ConfUtils.java:logGet(44)) - raft.server.snapshot.retention.file.num = 5 (custom)
2022-04-26 01:51:42,341 [pool-89-thread-1] INFO  server.RaftServerConfigKeys (ConfUtils.java:logGet(44)) - raft.server.log.purge.upto.snapshot.index = false (default)
2022-04-26 01:51:42,341 [pool-89-thread-1] INFO  server.RaftServerConfigKeys (ConfUtils.java:logGet(44)) - raft.server.retrycache.expirytime = 600000ms (custom)
2022-04-26 01:51:42,341 [pool-89-thread-1] INFO  server.RaftServerConfigKeys (ConfUtils.java:logGet(44)) - raft.server.retrycache.statistics.expirytime = 100μs (default)
2022-04-26 01:51:42,345 [pool-89-thread-1] INFO  server.RaftServer$Division (RaftServerImpl.java:start(301)) - e85881fc-38b9-422c-97f9-58a2dbde84eb@group-EE2FF77D7A87: start as a follower, conf=-1: [e85881fc-38b9-422c-97f9-58a2dbde84eb|rpc:10.1.0.42:46161|priority:1], old=null
2022-04-26 01:51:42,345 [pool-89-thread-1] INFO  server.RaftServer$Division (RaftServerImpl.java:setRole(290)) - e85881fc-38b9-422c-97f9-58a2dbde84eb@group-EE2FF77D7A87: changes role from      null to FOLLOWER at term 0 for startAsFollower
2022-04-26 01:51:42,345 [pool-89-thread-1] INFO  impl.RoleInfo (RoleInfo.java:updateAndGet(130)) - e85881fc-38b9-422c-97f9-58a2dbde84eb: start e85881fc-38b9-422c-97f9-58a2dbde84eb@group-EE2FF77D7A87-FollowerState
2022-04-26 01:51:42,349 [pool-89-thread-1] INFO  util.JmxRegister (JmxRegister.java:tryRegister(44)) - Successfully registered JMX Bean with object name Ratis:service=RaftServer,group=group-EE2FF77D7A87,id=e85881fc-38b9-422c-97f9-58a2dbde84eb
2022-04-26 01:51:42,361 [Command processor thread] INFO  ratis.XceiverServerRatis (XceiverServerRatis.java:addGroup(765)) - Created group PipelineID=56e4b495-05b9-43b6-9c65-ee2ff77d7a87
2022-04-26 01:51:42,361 [Command processor thread] INFO  commandhandler.CreatePipelineCommandHandler (CreatePipelineCommandHandler.java:handle(113)) - Created Pipeline RATIS ONE PipelineID=56e4b495-05b9-43b6-9c65-ee2ff77d7a87.
2022-04-26 01:51:42,363 [Command processor thread] INFO  server.RaftServer (RaftServerProxy.java:addNew(95)) - e85881fc-38b9-422c-97f9-58a2dbde84eb: addNew group-BFF32E3A7135:[b224c1cc-f2f1-4e28-bfd3-9ebcae4e38f6|rpc:10.1.0.42:33753|priority:1, e85881fc-38b9-422c-97f9-58a2dbde84eb|rpc:10.1.0.42:46161|priority:0, 0ef21c9d-d35f-446f-9851-8d806d67bbee|rpc:10.1.0.42:45405|priority:0] returns group-BFF32E3A7135:java.util.concurrent.CompletableFuture@4bacd18b[Not completed]
2022-04-26 01:51:42,364 [pool-89-thread-1] INFO  server.RaftServer$Division (RaftServerImpl.java:<init>(184)) - e85881fc-38b9-422c-97f9-58a2dbde84eb: new RaftServerImpl for group-BFF32E3A7135:[b224c1cc-f2f1-4e28-bfd3-9ebcae4e38f6|rpc:10.1.0.42:33753|priority:1, e85881fc-38b9-422c-97f9-58a2dbde84eb|rpc:10.1.0.42:46161|priority:0, 0ef21c9d-d35f-446f-9851-8d806d67bbee|rpc:10.1.0.42:45405|priority:0] with ContainerStateMachine:uninitialized
2022-04-26 01:51:42,364 [pool-89-thread-1] INFO  server.RaftServerConfigKeys (ConfUtils.java:logGet(44)) - raft.server.rpc.timeout.min = 5s (custom)
2022-04-26 01:51:42,364 [pool-89-thread-1] INFO  server.RaftServerConfigKeys (ConfUtils.java:logGet(44)) - raft.server.rpc.timeout.max = 5200ms (custom)
2022-04-26 01:51:42,364 [pool-89-thread-1] INFO  server.RaftServerConfigKeys (ConfUtils.java:logGet(44)) - raft.server.rpc.sleep.time = 25ms (default)
2022-04-26 01:51:42,364 [pool-89-thread-1] INFO  server.RaftServerConfigKeys (ConfUtils.java:logGet(44)) - raft.server.rpc.slowness.timeout = 300s (custom)
2022-04-26 01:51:42,365 [pool-89-thread-1] INFO  server.RaftServerConfigKeys (ConfUtils.java:logGet(44)) - raft.server.leaderelection.leader.step-down.wait-time = 10s (default)
2022-04-26 01:51:42,365 [pool-89-thread-1] INFO  server.RaftServerConfigKeys (ConfUtils.java:logGet(44)) - raft.server.sleep.deviation.threshold = 300ms (default)
2022-04-26 01:51:42,365 [pool-89-thread-1] INFO  server.RaftServerConfigKeys (ConfUtils.java:logGet(44)) - raft.server.log.appender.install.snapshot.enabled = false (custom)
2022-04-26 01:51:42,365 [pool-89-thread-1] INFO  server.RaftServer$Division (ServerState.java:<init>(105)) - e85881fc-38b9-422c-97f9-58a2dbde84eb@group-BFF32E3A7135: ConfigurationManager, init=-1: [b224c1cc-f2f1-4e28-bfd3-9ebcae4e38f6|rpc:10.1.0.42:33753|priority:1, e85881fc-38b9-422c-97f9-58a2dbde84eb|rpc:10.1.0.42:46161|priority:0, 0ef21c9d-d35f-446f-9851-8d806d67bbee|rpc:10.1.0.42:45405|priority:0], old=null, confs=<EMPTY_MAP>
2022-04-26 01:51:42,365 [pool-89-thread-1] INFO  server.RaftServerConfigKeys (ConfUtils.java:logGet(44)) - raft.server.storage.dir = [/home/runner/work/ozone/ozone/hadoop-ozone/integration-test/target/test-dir/MiniOzoneClusterImpl-34bf0feb-fc93-4aa8-bd57-765b74b26656/datanode-1/data/ratis] (custom)
2022-04-26 01:51:42,365 [pool-89-thread-1] INFO  server.RaftServerConfigKeys (ConfUtils.java:logGet(44)) - raft.server.log.corruption.policy = EXCEPTION (default)
2022-04-26 01:51:42,365 [pool-89-thread-1] INFO  server.RaftServerConfigKeys (ConfUtils.java:logGet(44)) - raft.server.storage.free-space.min = 0MB (=0) (default)
2022-04-26 01:51:42,365 [pool-89-thread-1] INFO  storage.RaftStorageDirectory (RaftStorageDirectoryImpl.java:analyzeStorage(135)) - The storage directory /home/runner/work/ozone/ozone/hadoop-ozone/integration-test/target/test-dir/MiniOzoneClusterImpl-34bf0feb-fc93-4aa8-bd57-765b74b26656/datanode-1/data/ratis/0dd4f3cb-0572-4edc-80cd-bff32e3a7135 does not exist. Creating ...
2022-04-26 01:51:42,373 [pool-89-thread-1] INFO  storage.RaftStorageDirectory (RaftStorageDirectoryImpl.java:tryLock(230)) - Lock on /home/runner/work/ozone/ozone/hadoop-ozone/integration-test/target/test-dir/MiniOzoneClusterImpl-34bf0feb-fc93-4aa8-bd57-765b74b26656/datanode-1/data/ratis/0dd4f3cb-0572-4edc-80cd-bff32e3a7135/in_use.lock acquired by nodename 18609@fv-az50-870
2022-04-26 01:51:42,375 [pool-89-thread-1] INFO  storage.RaftStorage (RaftStorageImpl.java:format(89)) - Storage directory /home/runner/work/ozone/ozone/hadoop-ozone/integration-test/target/test-dir/MiniOzoneClusterImpl-34bf0feb-fc93-4aa8-bd57-765b74b26656/datanode-1/data/ratis/0dd4f3cb-0572-4edc-80cd-bff32e3a7135 has been successfully formatted.
2022-04-26 01:51:42,376 [pool-89-thread-1] INFO  ratis.ContainerStateMachine (ContainerStateMachine.java:loadSnapshot(236)) - group-BFF32E3A7135: The snapshot info is null. Setting the last applied indexto:(t:0, i:~)
2022-04-26 01:51:42,376 [pool-89-thread-1] INFO  server.RaftServerConfigKeys (ConfUtils.java:logGet(44)) - raft.server.notification.no-leader.timeout = 300s (custom)
2022-04-26 01:51:42,376 [pool-89-thread-1] INFO  server.RaftServerConfigKeys (ConfUtils.java:logGet(44)) - raft.server.log.use.memory = false (default)
2022-04-26 01:51:42,376 [pool-89-thread-1] INFO  server.RaftServerConfigKeys (ConfUtils.java:logGet(44)) - raft.server.log.purge.gap = 1000000 (custom)
2022-04-26 01:51:42,376 [pool-89-thread-1] INFO  server.RaftServerConfigKeys (ConfUtils.java:logGet(44)) - raft.server.log.appender.buffer.byte-limit = 33554432 (custom)
2022-04-26 01:51:42,376 [pool-89-thread-1] INFO  server.RaftServerConfigKeys (ConfUtils.java:logGet(44)) - raft.server.log.segment.size.max = 1048576 (custom)
2022-04-26 01:51:42,378 [EventQueue-OpenPipelineForHealthyPipelineSafeModeRule] INFO  safemode.SCMSafeModeManager (HealthyPipelineSafeModeRule.java:process(124)) - SCM in safe mode. Healthy pipelines reported count is 0, required healthy pipeline reported count is 1
2022-04-26 01:51:42,382 [pool-89-thread-1] INFO  server.RaftServerConfigKeys (ConfUtils.java:logGet(44)) - raft.server.log.segment.cache.num.max = 2 (custom)
2022-04-26 01:51:42,382 [pool-89-thread-1] INFO  server.RaftServerConfigKeys (ConfUtils.java:logGet(44)) - raft.server.log.segment.cache.size.max = 200MB (=209715200) (default)
2022-04-26 01:51:42,382 [pool-89-thread-1] INFO  segmented.SegmentedRaftLogWorker (SegmentedRaftLogWorker.java:<init>(182)) - new e85881fc-38b9-422c-97f9-58a2dbde84eb@group-BFF32E3A7135-SegmentedRaftLogWorker for RaftStorageImpl:Storage Directory /home/runner/work/ozone/ozone/hadoop-ozone/integration-test/target/test-dir/MiniOzoneClusterImpl-34bf0feb-fc93-4aa8-bd57-765b74b26656/datanode-1/data/ratis/0dd4f3cb-0572-4edc-80cd-bff32e3a7135
2022-04-26 01:51:42,382 [pool-89-thread-1] INFO  server.RaftServerConfigKeys (ConfUtils.java:logGet(44)) - raft.server.log.queue.byte-limit = 4294967296 (custom)
2022-04-26 01:51:42,382 [pool-89-thread-1] INFO  server.RaftServerConfigKeys (ConfUtils.java:logGet(44)) - raft.server.log.queue.element-limit = 1024 (custom)
2022-04-26 01:51:42,382 [pool-89-thread-1] INFO  server.RaftServerConfigKeys (ConfUtils.java:logGet(44)) - raft.server.log.segment.size.max = 1048576 (custom)
2022-04-26 01:51:42,382 [pool-89-thread-1] INFO  server.RaftServerConfigKeys (ConfUtils.java:logGet(44)) - raft.server.log.preallocated.size = 16384 (custom)
2022-04-26 01:51:42,382 [pool-89-thread-1] INFO  server.RaftServerConfigKeys (ConfUtils.java:logGet(44)) - raft.server.log.force.sync.num = 128 (default)
2022-04-26 01:51:42,382 [pool-89-thread-1] INFO  server.RaftServerConfigKeys (ConfUtils.java:logGet(44)) - raft.server.log.statemachine.data.sync = true (default)
2022-04-26 01:51:42,382 [pool-89-thread-1] INFO  server.RaftServerConfigKeys (ConfUtils.java:logGet(44)) - raft.server.log.statemachine.data.sync.timeout = 10s (default)
2022-04-26 01:51:42,382 [pool-89-thread-1] INFO  server.RaftServerConfigKeys (ConfUtils.java:logGet(44)) - raft.server.log.statemachine.data.sync.timeout.retry = -1 (default)
2022-04-26 01:51:42,383 [pool-89-thread-1] INFO  server.RaftServerConfigKeys (ConfUtils.java:logGet(44)) - raft.server.log.write.buffer.size = 1048576 (custom)
2022-04-26 01:51:42,384 [pool-89-thread-1] INFO  server.RaftServerConfigKeys (ConfUtils.java:logGet(44)) - raft.server.log.statemachine.data.caching.enabled = true (custom)
2022-04-26 01:51:42,384 [pool-89-thread-1] INFO  segmented.SegmentedRaftLogWorker (SegmentedRaftLogWorker.java:lambda$new$0(133)) - e85881fc-38b9-422c-97f9-58a2dbde84eb@group-BFF32E3A7135-SegmentedRaftLogWorker: flushIndex: setUnconditionally 0 -> -1
2022-04-26 01:51:42,384 [pool-89-thread-1] INFO  segmented.SegmentedRaftLogWorker (SegmentedRaftLogWorker.java:lambda$new$0(133)) - e85881fc-38b9-422c-97f9-58a2dbde84eb@group-BFF32E3A7135-SegmentedRaftLogWorker: safeCacheEvictIndex: setUnconditionally 0 -> -1
2022-04-26 01:51:42,388 [pool-89-thread-1] INFO  server.RaftServerConfigKeys (ConfUtils.java:logGet(44)) - raft.server.snapshot.auto.trigger.enabled = true (custom)
2022-04-26 01:51:42,388 [pool-89-thread-1] INFO  server.RaftServerConfigKeys (ConfUtils.java:logGet(44)) - raft.server.snapshot.auto.trigger.threshold = 10000 (custom)
2022-04-26 01:51:42,388 [pool-89-thread-1] INFO  server.RaftServerConfigKeys (ConfUtils.java:logGet(44)) - raft.server.snapshot.retention.file.num = 5 (custom)
2022-04-26 01:51:42,388 [pool-89-thread-1] INFO  server.RaftServerConfigKeys (ConfUtils.java:logGet(44)) - raft.server.log.purge.upto.snapshot.index = false (default)
2022-04-26 01:51:42,388 [pool-89-thread-1] INFO  server.RaftServerConfigKeys (ConfUtils.java:logGet(44)) - raft.server.retrycache.expirytime = 600000ms (custom)
2022-04-26 01:51:42,388 [pool-89-thread-1] INFO  server.RaftServerConfigKeys (ConfUtils.java:logGet(44)) - raft.server.retrycache.statistics.expirytime = 100μs (default)
2022-04-26 01:51:42,390 [pool-89-thread-1] INFO  server.RaftServer$Division (RaftServerImpl.java:start(301)) - e85881fc-38b9-422c-97f9-58a2dbde84eb@group-BFF32E3A7135: start as a follower, conf=-1: [b224c1cc-f2f1-4e28-bfd3-9ebcae4e38f6|rpc:10.1.0.42:33753|priority:1, e85881fc-38b9-422c-97f9-58a2dbde84eb|rpc:10.1.0.42:46161|priority:0, 0ef21c9d-d35f-446f-9851-8d806d67bbee|rpc:10.1.0.42:45405|priority:0], old=null
2022-04-26 01:51:42,390 [pool-89-thread-1] INFO  server.RaftServer$Division (RaftServerImpl.java:setRole(290)) - e85881fc-38b9-422c-97f9-58a2dbde84eb@group-BFF32E3A7135: changes role from      null to FOLLOWER at term 0 for startAsFollower
2022-04-26 01:51:42,390 [pool-89-thread-1] INFO  impl.RoleInfo (RoleInfo.java:updateAndGet(130)) - e85881fc-38b9-422c-97f9-58a2dbde84eb: start e85881fc-38b9-422c-97f9-58a2dbde84eb@group-BFF32E3A7135-FollowerState
2022-04-26 01:51:42,404 [pool-89-thread-1] INFO  util.JmxRegister (JmxRegister.java:tryRegister(44)) - Successfully registered JMX Bean with object name Ratis:service=RaftServer,group=group-BFF32E3A7135,id=e85881fc-38b9-422c-97f9-58a2dbde84eb
2022-04-26 01:51:42,405 [Command processor thread] INFO  ratis.XceiverServerRatis (XceiverServerRatis.java:addGroup(765)) - Created group PipelineID=0dd4f3cb-0572-4edc-80cd-bff32e3a7135
2022-04-26 01:51:42,545 [Command processor thread] INFO  server.RaftServer (RaftServerProxy.java:addNew(95)) - 0ef21c9d-d35f-446f-9851-8d806d67bbee: addNew group-0DBAD9121E34:[0ef21c9d-d35f-446f-9851-8d806d67bbee|rpc:10.1.0.42:45405|priority:1] returns group-0DBAD9121E34:java.util.concurrent.CompletableFuture@111291b4[Not completed]
2022-04-26 01:51:42,552 [pool-110-thread-1] INFO  server.RaftServer$Division (RaftServerImpl.java:<init>(184)) - 0ef21c9d-d35f-446f-9851-8d806d67bbee: new RaftServerImpl for group-0DBAD9121E34:[0ef21c9d-d35f-446f-9851-8d806d67bbee|rpc:10.1.0.42:45405|priority:1] with ContainerStateMachine:uninitialized
2022-04-26 01:51:42,557 [pool-110-thread-1] INFO  server.RaftServerConfigKeys (ConfUtils.java:logGet(44)) - raft.server.rpc.timeout.min = 5s (custom)
2022-04-26 01:51:42,557 [pool-110-thread-1] INFO  server.RaftServerConfigKeys (ConfUtils.java:logGet(44)) - raft.server.rpc.timeout.max = 5200ms (custom)
2022-04-26 01:51:42,559 [pool-110-thread-1] INFO  server.RaftServerConfigKeys (ConfUtils.java:logGet(44)) - raft.server.rpc.sleep.time = 25ms (default)
2022-04-26 01:51:42,559 [pool-110-thread-1] INFO  server.RaftServerConfigKeys (ConfUtils.java:logGet(44)) - raft.server.rpc.slowness.timeout = 300s (custom)
2022-04-26 01:51:42,559 [pool-110-thread-1] INFO  server.RaftServerConfigKeys (ConfUtils.java:logGet(44)) - raft.server.leaderelection.leader.step-down.wait-time = 10s (default)
2022-04-26 01:51:42,559 [pool-110-thread-1] INFO  server.RaftServerConfigKeys (ConfUtils.java:logGet(44)) - raft.server.sleep.deviation.threshold = 300ms (default)
2022-04-26 01:51:42,559 [pool-110-thread-1] INFO  server.RaftServerConfigKeys (ConfUtils.java:logGet(44)) - raft.server.log.appender.install.snapshot.enabled = false (custom)
2022-04-26 01:51:42,559 [pool-110-thread-1] INFO  server.RaftServer$Division (ServerState.java:<init>(105)) - 0ef21c9d-d35f-446f-9851-8d806d67bbee@group-0DBAD9121E34: ConfigurationManager, init=-1: [0ef21c9d-d35f-446f-9851-8d806d67bbee|rpc:10.1.0.42:45405|priority:1], old=null, confs=<EMPTY_MAP>
2022-04-26 01:51:42,560 [pool-110-thread-1] INFO  server.RaftServerConfigKeys (ConfUtils.java:logGet(44)) - raft.server.storage.dir = [/home/runner/work/ozone/ozone/hadoop-ozone/integration-test/target/test-dir/MiniOzoneClusterImpl-34bf0feb-fc93-4aa8-bd57-765b74b26656/datanode-2/data/ratis] (custom)
2022-04-26 01:51:42,560 [pool-110-thread-1] INFO  server.RaftServerConfigKeys (ConfUtils.java:logGet(44)) - raft.server.log.corruption.policy = EXCEPTION (default)
2022-04-26 01:51:42,560 [pool-110-thread-1] INFO  server.RaftServerConfigKeys (ConfUtils.java:logGet(44)) - raft.server.storage.free-space.min = 0MB (=0) (default)
2022-04-26 01:51:42,560 [pool-110-thread-1] INFO  storage.RaftStorageDirectory (RaftStorageDirectoryImpl.java:analyzeStorage(135)) - The storage directory /home/runner/work/ozone/ozone/hadoop-ozone/integration-test/target/test-dir/MiniOzoneClusterImpl-34bf0feb-fc93-4aa8-bd57-765b74b26656/datanode-2/data/ratis/235cee73-a840-4600-a3c6-0dbad9121e34 does not exist. Creating ...
2022-04-26 01:51:42,561 [pool-110-thread-1] INFO  storage.RaftStorageDirectory (RaftStorageDirectoryImpl.java:tryLock(230)) - Lock on /home/runner/work/ozone/ozone/hadoop-ozone/integration-test/target/test-dir/MiniOzoneClusterImpl-34bf0feb-fc93-4aa8-bd57-765b74b26656/datanode-2/data/ratis/235cee73-a840-4600-a3c6-0dbad9121e34/in_use.lock acquired by nodename 18609@fv-az50-870
2022-04-26 01:51:42,562 [pool-110-thread-1] INFO  storage.RaftStorage (RaftStorageImpl.java:format(89)) - Storage directory /home/runner/work/ozone/ozone/hadoop-ozone/integration-test/target/test-dir/MiniOzoneClusterImpl-34bf0feb-fc93-4aa8-bd57-765b74b26656/datanode-2/data/ratis/235cee73-a840-4600-a3c6-0dbad9121e34 has been successfully formatted.
2022-04-26 01:51:42,567 [pool-110-thread-1] INFO  ratis.ContainerStateMachine (ContainerStateMachine.java:loadSnapshot(236)) - group-0DBAD9121E34: The snapshot info is null. Setting the last applied indexto:(t:0, i:~)
2022-04-26 01:51:42,567 [pool-110-thread-1] INFO  server.RaftServerConfigKeys (ConfUtils.java:logGet(44)) - raft.server.notification.no-leader.timeout = 300s (custom)
2022-04-26 01:51:42,567 [pool-110-thread-1] INFO  server.RaftServerConfigKeys (ConfUtils.java:logGet(44)) - raft.server.log.use.memory = false (default)
2022-04-26 01:51:42,567 [pool-110-thread-1] INFO  server.RaftServerConfigKeys (ConfUtils.java:logGet(44)) - raft.server.log.purge.gap = 1000000 (custom)
2022-04-26 01:51:42,567 [pool-110-thread-1] INFO  server.RaftServerConfigKeys (ConfUtils.java:logGet(44)) - raft.server.log.appender.buffer.byte-limit = 33554432 (custom)
2022-04-26 01:51:42,567 [pool-110-thread-1] INFO  server.RaftServerConfigKeys (ConfUtils.java:logGet(44)) - raft.server.log.segment.size.max = 1048576 (custom)
2022-04-26 01:51:42,568 [pool-110-thread-1] INFO  server.RaftServerConfigKeys (ConfUtils.java:logGet(44)) - raft.server.log.segment.cache.num.max = 2 (custom)
2022-04-26 01:51:42,568 [pool-110-thread-1] INFO  server.RaftServerConfigKeys (ConfUtils.java:logGet(44)) - raft.server.log.segment.cache.size.max = 200MB (=209715200) (default)
2022-04-26 01:51:42,568 [pool-110-thread-1] INFO  segmented.SegmentedRaftLogWorker (SegmentedRaftLogWorker.java:<init>(182)) - new 0ef21c9d-d35f-446f-9851-8d806d67bbee@group-0DBAD9121E34-SegmentedRaftLogWorker for RaftStorageImpl:Storage Directory /home/runner/work/ozone/ozone/hadoop-ozone/integration-test/target/test-dir/MiniOzoneClusterImpl-34bf0feb-fc93-4aa8-bd57-765b74b26656/datanode-2/data/ratis/235cee73-a840-4600-a3c6-0dbad9121e34
2022-04-26 01:51:42,568 [pool-110-thread-1] INFO  server.RaftServerConfigKeys (ConfUtils.java:logGet(44)) - raft.server.log.queue.byte-limit = 4294967296 (custom)
2022-04-26 01:51:42,568 [pool-110-thread-1] INFO  server.RaftServerConfigKeys (ConfUtils.java:logGet(44)) - raft.server.log.queue.element-limit = 1024 (custom)
2022-04-26 01:51:42,568 [pool-110-thread-1] INFO  server.RaftServerConfigKeys (ConfUtils.java:logGet(44)) - raft.server.log.segment.size.max = 1048576 (custom)
2022-04-26 01:51:42,568 [pool-110-thread-1] INFO  server.RaftServerConfigKeys (ConfUtils.java:logGet(44)) - raft.server.log.preallocated.size = 16384 (custom)
2022-04-26 01:51:42,568 [pool-110-thread-1] INFO  server.RaftServerConfigKeys (ConfUtils.java:logGet(44)) - raft.server.log.force.sync.num = 128 (default)
2022-04-26 01:51:42,568 [pool-110-thread-1] INFO  server.RaftServerConfigKeys (ConfUtils.java:logGet(44)) - raft.server.log.statemachine.data.sync = true (default)
2022-04-26 01:51:42,568 [pool-110-thread-1] INFO  server.RaftServerConfigKeys (ConfUtils.java:logGet(44)) - raft.server.log.statemachine.data.sync.timeout = 10s (default)
2022-04-26 01:51:42,568 [pool-110-thread-1] INFO  server.RaftServerConfigKeys (ConfUtils.java:logGet(44)) - raft.server.log.statemachine.data.sync.timeout.retry = -1 (default)
2022-04-26 01:51:42,574 [EventQueue-PipelineReportForPipelineReportHandler] INFO  pipeline.PipelineManagerImpl (PipelineManagerImpl.java:openPipeline(321)) - Pipeline Pipeline[ Id: 235cee73-a840-4600-a3c6-0dbad9121e34, Nodes: 0ef21c9d-d35f-446f-9851-8d806d67bbee{ip: 10.1.0.42, host: fv-az50-870.grzltbmokehuzjyc5b133kdqgh.cx.internal.cloudapp.net, ports: [REPLICATION=45041, RATIS=45405, RATIS_ADMIN=45405, RATIS_SERVER=45405, STANDALONE=36865], networkLocation: /default-rack, certSerialId: null, persistedOpState: IN_SERVICE, persistedOpStateExpiryEpochSec: 0}, ReplicationConfig: RATIS/ONE, State:ALLOCATED, leaderId:0ef21c9d-d35f-446f-9851-8d806d67bbee, CreationTimestamp2022-04-26T01:51:39.533Z[Etc/UTC]] moved to OPEN state
2022-04-26 01:51:42,575 [EventQueue-OpenPipelineForHealthyPipelineSafeModeRule] INFO  safemode.SCMSafeModeManager (HealthyPipelineSafeModeRule.java:process(124)) - SCM in safe mode. Healthy pipelines reported count is 0, required healthy pipeline reported count is 1
2022-04-26 01:51:42,582 [pool-110-thread-1] INFO  server.RaftServerConfigKeys (ConfUtils.java:logGet(44)) - raft.server.log.write.buffer.size = 1048576 (custom)
2022-04-26 01:51:42,586 [pool-110-thread-1] INFO  server.RaftServerConfigKeys (ConfUtils.java:logGet(44)) - raft.server.log.statemachine.data.caching.enabled = true (custom)
2022-04-26 01:51:42,586 [pool-110-thread-1] INFO  segmented.SegmentedRaftLogWorker (SegmentedRaftLogWorker.java:lambda$new$0(133)) - 0ef21c9d-d35f-446f-9851-8d806d67bbee@group-0DBAD9121E34-SegmentedRaftLogWorker: flushIndex: setUnconditionally 0 -> -1
2022-04-26 01:51:42,586 [pool-110-thread-1] INFO  segmented.SegmentedRaftLogWorker (SegmentedRaftLogWorker.java:lambda$new$0(133)) - 0ef21c9d-d35f-446f-9851-8d806d67bbee@group-0DBAD9121E34-SegmentedRaftLogWorker: safeCacheEvictIndex: setUnconditionally 0 -> -1
2022-04-26 01:51:42,595 [pool-110-thread-1] INFO  server.RaftServerConfigKeys (ConfUtils.java:logGet(44)) - raft.server.snapshot.auto.trigger.enabled = true (custom)
2022-04-26 01:51:42,595 [pool-110-thread-1] INFO  server.RaftServerConfigKeys (ConfUtils.java:logGet(44)) - raft.server.snapshot.auto.trigger.threshold = 10000 (custom)
2022-04-26 01:51:42,595 [pool-110-thread-1] INFO  server.RaftServerConfigKeys (ConfUtils.java:logGet(44)) - raft.server.snapshot.retention.file.num = 5 (custom)
2022-04-26 01:51:42,595 [pool-110-thread-1] INFO  server.RaftServerConfigKeys (ConfUtils.java:logGet(44)) - raft.server.log.purge.upto.snapshot.index = false (default)
2022-04-26 01:51:42,595 [pool-110-thread-1] INFO  server.RaftServerConfigKeys (ConfUtils.java:logGet(44)) - raft.server.retrycache.expirytime = 600000ms (custom)
2022-04-26 01:51:42,595 [pool-110-thread-1] INFO  server.RaftServerConfigKeys (ConfUtils.java:logGet(44)) - raft.server.retrycache.statistics.expirytime = 100μs (default)
2022-04-26 01:51:42,597 [pool-110-thread-1] INFO  server.RaftServer$Division (RaftServerImpl.java:start(301)) - 0ef21c9d-d35f-446f-9851-8d806d67bbee@group-0DBAD9121E34: start as a follower, conf=-1: [0ef21c9d-d35f-446f-9851-8d806d67bbee|rpc:10.1.0.42:45405|priority:1], old=null
2022-04-26 01:51:42,597 [pool-110-thread-1] INFO  server.RaftServer$Division (RaftServerImpl.java:setRole(290)) - 0ef21c9d-d35f-446f-9851-8d806d67bbee@group-0DBAD9121E34: changes role from      null to FOLLOWER at term 0 for startAsFollower
2022-04-26 01:51:42,597 [pool-110-thread-1] INFO  impl.RoleInfo (RoleInfo.java:updateAndGet(130)) - 0ef21c9d-d35f-446f-9851-8d806d67bbee: start 0ef21c9d-d35f-446f-9851-8d806d67bbee@group-0DBAD9121E34-FollowerState
2022-04-26 01:51:42,613 [pool-110-thread-1] INFO  util.JmxRegister (JmxRegister.java:tryRegister(44)) - Successfully registered JMX Bean with object name Ratis:service=RaftServer,group=group-0DBAD9121E34,id=0ef21c9d-d35f-446f-9851-8d806d67bbee
2022-04-26 01:51:42,616 [Command processor thread] INFO  ratis.XceiverServerRatis (XceiverServerRatis.java:addGroup(765)) - Created group PipelineID=235cee73-a840-4600-a3c6-0dbad9121e34
2022-04-26 01:51:42,616 [Command processor thread] INFO  commandhandler.CreatePipelineCommandHandler (CreatePipelineCommandHandler.java:handle(113)) - Created Pipeline RATIS ONE PipelineID=235cee73-a840-4600-a3c6-0dbad9121e34.
2022-04-26 01:51:42,626 [Command processor thread] INFO  server.RaftServer (RaftServerProxy.java:addNew(95)) - 0ef21c9d-d35f-446f-9851-8d806d67bbee: addNew group-BFF32E3A7135:[b224c1cc-f2f1-4e28-bfd3-9ebcae4e38f6|rpc:10.1.0.42:33753|priority:1, e85881fc-38b9-422c-97f9-58a2dbde84eb|rpc:10.1.0.42:46161|priority:0, 0ef21c9d-d35f-446f-9851-8d806d67bbee|rpc:10.1.0.42:45405|priority:0] returns group-BFF32E3A7135:java.util.concurrent.CompletableFuture@152d074e[Not completed]
2022-04-26 01:51:42,633 [pool-110-thread-1] INFO  server.RaftServer$Division (RaftServerImpl.java:<init>(184)) - 0ef21c9d-d35f-446f-9851-8d806d67bbee: new RaftServerImpl for group-BFF32E3A7135:[b224c1cc-f2f1-4e28-bfd3-9ebcae4e38f6|rpc:10.1.0.42:33753|priority:1, e85881fc-38b9-422c-97f9-58a2dbde84eb|rpc:10.1.0.42:46161|priority:0, 0ef21c9d-d35f-446f-9851-8d806d67bbee|rpc:10.1.0.42:45405|priority:0] with ContainerStateMachine:uninitialized
2022-04-26 01:51:42,633 [pool-110-thread-1] INFO  server.RaftServerConfigKeys (ConfUtils.java:logGet(44)) - raft.server.rpc.timeout.min = 5s (custom)
2022-04-26 01:51:42,633 [pool-110-thread-1] INFO  server.RaftServerConfigKeys (ConfUtils.java:logGet(44)) - raft.server.rpc.timeout.max = 5200ms (custom)
2022-04-26 01:51:42,633 [pool-110-thread-1] INFO  server.RaftServerConfigKeys (ConfUtils.java:logGet(44)) - raft.server.rpc.sleep.time = 25ms (default)
2022-04-26 01:51:42,633 [pool-110-thread-1] INFO  server.RaftServerConfigKeys (ConfUtils.java:logGet(44)) - raft.server.rpc.slowness.timeout = 300s (custom)
2022-04-26 01:51:42,633 [pool-110-thread-1] INFO  server.RaftServerConfigKeys (ConfUtils.java:logGet(44)) - raft.server.leaderelection.leader.step-down.wait-time = 10s (default)
2022-04-26 01:51:42,633 [pool-110-thread-1] INFO  server.RaftServerConfigKeys (ConfUtils.java:logGet(44)) - raft.server.sleep.deviation.threshold = 300ms (default)
2022-04-26 01:51:42,633 [pool-110-thread-1] INFO  server.RaftServerConfigKeys (ConfUtils.java:logGet(44)) - raft.server.log.appender.install.snapshot.enabled = false (custom)
2022-04-26 01:51:42,634 [pool-110-thread-1] INFO  server.RaftServer$Division (ServerState.java:<init>(105)) - 0ef21c9d-d35f-446f-9851-8d806d67bbee@group-BFF32E3A7135: ConfigurationManager, init=-1: [b224c1cc-f2f1-4e28-bfd3-9ebcae4e38f6|rpc:10.1.0.42:33753|priority:1, e85881fc-38b9-422c-97f9-58a2dbde84eb|rpc:10.1.0.42:46161|priority:0, 0ef21c9d-d35f-446f-9851-8d806d67bbee|rpc:10.1.0.42:45405|priority:0], old=null, confs=<EMPTY_MAP>
2022-04-26 01:51:42,634 [pool-110-thread-1] INFO  server.RaftServerConfigKeys (ConfUtils.java:logGet(44)) - raft.server.storage.dir = [/home/runner/work/ozone/ozone/hadoop-ozone/integration-test/target/test-dir/MiniOzoneClusterImpl-34bf0feb-fc93-4aa8-bd57-765b74b26656/datanode-2/data/ratis] (custom)
2022-04-26 01:51:42,634 [pool-110-thread-1] INFO  server.RaftServerConfigKeys (ConfUtils.java:logGet(44)) - raft.server.log.corruption.policy = EXCEPTION (default)
2022-04-26 01:51:42,634 [pool-110-thread-1] INFO  server.RaftServerConfigKeys (ConfUtils.java:logGet(44)) - raft.server.storage.free-space.min = 0MB (=0) (default)
2022-04-26 01:51:42,634 [pool-110-thread-1] INFO  storage.RaftStorageDirectory (RaftStorageDirectoryImpl.java:analyzeStorage(135)) - The storage directory /home/runner/work/ozone/ozone/hadoop-ozone/integration-test/target/test-dir/MiniOzoneClusterImpl-34bf0feb-fc93-4aa8-bd57-765b74b26656/datanode-2/data/ratis/0dd4f3cb-0572-4edc-80cd-bff32e3a7135 does not exist. Creating ...
2022-04-26 01:51:42,641 [pool-110-thread-1] INFO  storage.RaftStorageDirectory (RaftStorageDirectoryImpl.java:tryLock(230)) - Lock on /home/runner/work/ozone/ozone/hadoop-ozone/integration-test/target/test-dir/MiniOzoneClusterImpl-34bf0feb-fc93-4aa8-bd57-765b74b26656/datanode-2/data/ratis/0dd4f3cb-0572-4edc-80cd-bff32e3a7135/in_use.lock acquired by nodename 18609@fv-az50-870
2022-04-26 01:51:42,651 [pool-110-thread-1] INFO  storage.RaftStorage (RaftStorageImpl.java:format(89)) - Storage directory /home/runner/work/ozone/ozone/hadoop-ozone/integration-test/target/test-dir/MiniOzoneClusterImpl-34bf0feb-fc93-4aa8-bd57-765b74b26656/datanode-2/data/ratis/0dd4f3cb-0572-4edc-80cd-bff32e3a7135 has been successfully formatted.
2022-04-26 01:51:42,652 [pool-110-thread-1] INFO  ratis.ContainerStateMachine (ContainerStateMachine.java:loadSnapshot(236)) - group-BFF32E3A7135: The snapshot info is null. Setting the last applied indexto:(t:0, i:~)
2022-04-26 01:51:42,652 [pool-110-thread-1] INFO  server.RaftServerConfigKeys (ConfUtils.java:logGet(44)) - raft.server.notification.no-leader.timeout = 300s (custom)
2022-04-26 01:51:42,652 [pool-110-thread-1] INFO  server.RaftServerConfigKeys (ConfUtils.java:logGet(44)) - raft.server.log.use.memory = false (default)
2022-04-26 01:51:42,652 [pool-110-thread-1] INFO  server.RaftServerConfigKeys (ConfUtils.java:logGet(44)) - raft.server.log.purge.gap = 1000000 (custom)
2022-04-26 01:51:42,652 [pool-110-thread-1] INFO  server.RaftServerConfigKeys (ConfUtils.java:logGet(44)) - raft.server.log.appender.buffer.byte-limit = 33554432 (custom)
2022-04-26 01:51:42,652 [pool-110-thread-1] INFO  server.RaftServerConfigKeys (ConfUtils.java:logGet(44)) - raft.server.log.segment.size.max = 1048576 (custom)
2022-04-26 01:51:42,653 [pool-110-thread-1] INFO  server.RaftServerConfigKeys (ConfUtils.java:logGet(44)) - raft.server.log.segment.cache.num.max = 2 (custom)
2022-04-26 01:51:42,653 [pool-110-thread-1] INFO  server.RaftServerConfigKeys (ConfUtils.java:logGet(44)) - raft.server.log.segment.cache.size.max = 200MB (=209715200) (default)
2022-04-26 01:51:42,653 [pool-110-thread-1] INFO  segmented.SegmentedRaftLogWorker (SegmentedRaftLogWorker.java:<init>(182)) - new 0ef21c9d-d35f-446f-9851-8d806d67bbee@group-BFF32E3A7135-SegmentedRaftLogWorker for RaftStorageImpl:Storage Directory /home/runner/work/ozone/ozone/hadoop-ozone/integration-test/target/test-dir/MiniOzoneClusterImpl-34bf0feb-fc93-4aa8-bd57-765b74b26656/datanode-2/data/ratis/0dd4f3cb-0572-4edc-80cd-bff32e3a7135
2022-04-26 01:51:42,653 [pool-110-thread-1] INFO  server.RaftServerConfigKeys (ConfUtils.java:logGet(44)) - raft.server.log.queue.byte-limit = 4294967296 (custom)
2022-04-26 01:51:42,653 [pool-110-thread-1] INFO  server.RaftServerConfigKeys (ConfUtils.java:logGet(44)) - raft.server.log.queue.element-limit = 1024 (custom)
2022-04-26 01:51:42,653 [pool-110-thread-1] INFO  server.RaftServerConfigKeys (ConfUtils.java:logGet(44)) - raft.server.log.segment.size.max = 1048576 (custom)
2022-04-26 01:51:42,653 [pool-110-thread-1] INFO  server.RaftServerConfigKeys (ConfUtils.java:logGet(44)) - raft.server.log.preallocated.size = 16384 (custom)
2022-04-26 01:51:42,653 [pool-110-thread-1] INFO  server.RaftServerConfigKeys (ConfUtils.java:logGet(44)) - raft.server.log.force.sync.num = 128 (default)
2022-04-26 01:51:42,653 [pool-110-thread-1] INFO  server.RaftServerConfigKeys (ConfUtils.java:logGet(44)) - raft.server.log.statemachine.data.sync = true (default)
2022-04-26 01:51:42,653 [pool-110-thread-1] INFO  server.RaftServerConfigKeys (ConfUtils.java:logGet(44)) - raft.server.log.statemachine.data.sync.timeout = 10s (default)
2022-04-26 01:51:42,653 [pool-110-thread-1] INFO  server.RaftServerConfigKeys (ConfUtils.java:logGet(44)) - raft.server.log.statemachine.data.sync.timeout.retry = -1 (default)
2022-04-26 01:51:42,654 [pool-110-thread-1] INFO  server.RaftServerConfigKeys (ConfUtils.java:logGet(44)) - raft.server.log.write.buffer.size = 1048576 (custom)
2022-04-26 01:51:42,655 [pool-110-thread-1] INFO  server.RaftServerConfigKeys (ConfUtils.java:logGet(44)) - raft.server.log.statemachine.data.caching.enabled = true (custom)
2022-04-26 01:51:42,655 [pool-110-thread-1] INFO  segmented.SegmentedRaftLogWorker (SegmentedRaftLogWorker.java:lambda$new$0(133)) - 0ef21c9d-d35f-446f-9851-8d806d67bbee@group-BFF32E3A7135-SegmentedRaftLogWorker: flushIndex: setUnconditionally 0 -> -1
2022-04-26 01:51:42,655 [pool-110-thread-1] INFO  segmented.SegmentedRaftLogWorker (SegmentedRaftLogWorker.java:lambda$new$0(133)) - 0ef21c9d-d35f-446f-9851-8d806d67bbee@group-BFF32E3A7135-SegmentedRaftLogWorker: safeCacheEvictIndex: setUnconditionally 0 -> -1
2022-04-26 01:51:42,658 [EventQueue-OpenPipelineForHealthyPipelineSafeModeRule] INFO  safemode.SCMSafeModeManager (HealthyPipelineSafeModeRule.java:process(124)) - SCM in safe mode. Healthy pipelines reported count is 0, required healthy pipeline reported count is 1
2022-04-26 01:51:42,658 [pool-110-thread-1] INFO  server.RaftServerConfigKeys (ConfUtils.java:logGet(44)) - raft.server.snapshot.auto.trigger.enabled = true (custom)
2022-04-26 01:51:42,658 [pool-110-thread-1] INFO  server.RaftServerConfigKeys (ConfUtils.java:logGet(44)) - raft.server.snapshot.auto.trigger.threshold = 10000 (custom)
2022-04-26 01:51:42,658 [pool-110-thread-1] INFO  server.RaftServerConfigKeys (ConfUtils.java:logGet(44)) - raft.server.snapshot.retention.file.num = 5 (custom)
2022-04-26 01:51:42,658 [pool-110-thread-1] INFO  server.RaftServerConfigKeys (ConfUtils.java:logGet(44)) - raft.server.log.purge.upto.snapshot.index = false (default)
2022-04-26 01:51:42,658 [pool-110-thread-1] INFO  server.RaftServerConfigKeys (ConfUtils.java:logGet(44)) - raft.server.retrycache.expirytime = 600000ms (custom)
2022-04-26 01:51:42,659 [pool-110-thread-1] INFO  server.RaftServerConfigKeys (ConfUtils.java:logGet(44)) - raft.server.retrycache.statistics.expirytime = 100μs (default)
2022-04-26 01:51:42,660 [pool-110-thread-1] INFO  server.RaftServer$Division (RaftServerImpl.java:start(301)) - 0ef21c9d-d35f-446f-9851-8d806d67bbee@group-BFF32E3A7135: start as a follower, conf=-1: [b224c1cc-f2f1-4e28-bfd3-9ebcae4e38f6|rpc:10.1.0.42:33753|priority:1, e85881fc-38b9-422c-97f9-58a2dbde84eb|rpc:10.1.0.42:46161|priority:0, 0ef21c9d-d35f-446f-9851-8d806d67bbee|rpc:10.1.0.42:45405|priority:0], old=null
2022-04-26 01:51:42,660 [pool-110-thread-1] INFO  server.RaftServer$Division (RaftServerImpl.java:setRole(290)) - 0ef21c9d-d35f-446f-9851-8d806d67bbee@group-BFF32E3A7135: changes role from      null to FOLLOWER at term 0 for startAsFollower
2022-04-26 01:51:42,660 [pool-110-thread-1] INFO  impl.RoleInfo (RoleInfo.java:updateAndGet(130)) - 0ef21c9d-d35f-446f-9851-8d806d67bbee: start 0ef21c9d-d35f-446f-9851-8d806d67bbee@group-BFF32E3A7135-FollowerState
2022-04-26 01:51:42,669 [pool-110-thread-1] INFO  util.JmxRegister (JmxRegister.java:tryRegister(44)) - Successfully registered JMX Bean with object name Ratis:service=RaftServer,group=group-BFF32E3A7135,id=0ef21c9d-d35f-446f-9851-8d806d67bbee
2022-04-26 01:51:42,670 [Command processor thread] INFO  ratis.XceiverServerRatis (XceiverServerRatis.java:addGroup(765)) - Created group PipelineID=0dd4f3cb-0572-4edc-80cd-bff32e3a7135
2022-04-26 01:51:42,852 [Command processor thread] INFO  server.RaftServer (RaftServerProxy.java:addNew(95)) - c51dce87-425e-48a2-9f44-d785deaab87e: addNew group-FD73494FFBDE:[c51dce87-425e-48a2-9f44-d785deaab87e|rpc:10.1.0.42:40827|priority:1] returns group-FD73494FFBDE:java.util.concurrent.CompletableFuture@699ec00e[Not completed]
2022-04-26 01:51:42,852 [pool-131-thread-1] INFO  server.RaftServer$Division (RaftServerImpl.java:<init>(184)) - c51dce87-425e-48a2-9f44-d785deaab87e: new RaftServerImpl for group-FD73494FFBDE:[c51dce87-425e-48a2-9f44-d785deaab87e|rpc:10.1.0.42:40827|priority:1] with ContainerStateMachine:uninitialized
2022-04-26 01:51:42,853 [pool-131-thread-1] INFO  server.RaftServerConfigKeys (ConfUtils.java:logGet(44)) - raft.server.rpc.timeout.min = 5s (custom)
2022-04-26 01:51:42,854 [pool-131-thread-1] INFO  server.RaftServerConfigKeys (ConfUtils.java:logGet(44)) - raft.server.rpc.timeout.max = 5200ms (custom)
2022-04-26 01:51:42,854 [pool-131-thread-1] INFO  server.RaftServerConfigKeys (ConfUtils.java:logGet(44)) - raft.server.rpc.sleep.time = 25ms (default)
2022-04-26 01:51:42,854 [pool-131-thread-1] INFO  server.RaftServerConfigKeys (ConfUtils.java:logGet(44)) - raft.server.rpc.slowness.timeout = 300s (custom)
2022-04-26 01:51:42,854 [pool-131-thread-1] INFO  server.RaftServerConfigKeys (ConfUtils.java:logGet(44)) - raft.server.leaderelection.leader.step-down.wait-time = 10s (default)
2022-04-26 01:51:42,854 [pool-131-thread-1] INFO  server.RaftServerConfigKeys (ConfUtils.java:logGet(44)) - raft.server.sleep.deviation.threshold = 300ms (default)
2022-04-26 01:51:42,854 [pool-131-thread-1] INFO  server.RaftServerConfigKeys (ConfUtils.java:logGet(44)) - raft.server.log.appender.install.snapshot.enabled = false (custom)
2022-04-26 01:51:42,854 [pool-131-thread-1] INFO  server.RaftServer$Division (ServerState.java:<init>(105)) - c51dce87-425e-48a2-9f44-d785deaab87e@group-FD73494FFBDE: ConfigurationManager, init=-1: [c51dce87-425e-48a2-9f44-d785deaab87e|rpc:10.1.0.42:40827|priority:1], old=null, confs=<EMPTY_MAP>
2022-04-26 01:51:42,854 [pool-131-thread-1] INFO  server.RaftServerConfigKeys (ConfUtils.java:logGet(44)) - raft.server.storage.dir = [/home/runner/work/ozone/ozone/hadoop-ozone/integration-test/target/test-dir/MiniOzoneClusterImpl-34bf0feb-fc93-4aa8-bd57-765b74b26656/datanode-3/data/ratis] (custom)
2022-04-26 01:51:42,854 [pool-131-thread-1] INFO  server.RaftServerConfigKeys (ConfUtils.java:logGet(44)) - raft.server.log.corruption.policy = EXCEPTION (default)
2022-04-26 01:51:42,854 [pool-131-thread-1] INFO  server.RaftServerConfigKeys (ConfUtils.java:logGet(44)) - raft.server.storage.free-space.min = 0MB (=0) (default)
2022-04-26 01:51:42,854 [pool-131-thread-1] INFO  storage.RaftStorageDirectory (RaftStorageDirectoryImpl.java:analyzeStorage(135)) - The storage directory /home/runner/work/ozone/ozone/hadoop-ozone/integration-test/target/test-dir/MiniOzoneClusterImpl-34bf0feb-fc93-4aa8-bd57-765b74b26656/datanode-3/data/ratis/b84804aa-3f82-488d-9567-fd73494ffbde does not exist. Creating ...
2022-04-26 01:51:42,856 [pool-131-thread-1] INFO  storage.RaftStorageDirectory (RaftStorageDirectoryImpl.java:tryLock(230)) - Lock on /home/runner/work/ozone/ozone/hadoop-ozone/integration-test/target/test-dir/MiniOzoneClusterImpl-34bf0feb-fc93-4aa8-bd57-765b74b26656/datanode-3/data/ratis/b84804aa-3f82-488d-9567-fd73494ffbde/in_use.lock acquired by nodename 18609@fv-az50-870
2022-04-26 01:51:42,865 [pool-131-thread-1] INFO  storage.RaftStorage (RaftStorageImpl.java:format(89)) - Storage directory /home/runner/work/ozone/ozone/hadoop-ozone/integration-test/target/test-dir/MiniOzoneClusterImpl-34bf0feb-fc93-4aa8-bd57-765b74b26656/datanode-3/data/ratis/b84804aa-3f82-488d-9567-fd73494ffbde has been successfully formatted.
2022-04-26 01:51:42,866 [pool-131-thread-1] INFO  ratis.ContainerStateMachine (ContainerStateMachine.java:loadSnapshot(236)) - group-FD73494FFBDE: The snapshot info is null. Setting the last applied indexto:(t:0, i:~)
2022-04-26 01:51:42,866 [pool-131-thread-1] INFO  server.RaftServerConfigKeys (ConfUtils.java:logGet(44)) - raft.server.notification.no-leader.timeout = 300s (custom)
2022-04-26 01:51:42,867 [pool-131-thread-1] INFO  server.RaftServerConfigKeys (ConfUtils.java:logGet(44)) - raft.server.log.use.memory = false (default)
2022-04-26 01:51:42,867 [pool-131-thread-1] INFO  server.RaftServerConfigKeys (ConfUtils.java:logGet(44)) - raft.server.log.purge.gap = 1000000 (custom)
2022-04-26 01:51:42,867 [pool-131-thread-1] INFO  server.RaftServerConfigKeys (ConfUtils.java:logGet(44)) - raft.server.log.appender.buffer.byte-limit = 33554432 (custom)
2022-04-26 01:51:42,867 [pool-131-thread-1] INFO  server.RaftServerConfigKeys (ConfUtils.java:logGet(44)) - raft.server.log.segment.size.max = 1048576 (custom)
2022-04-26 01:51:42,867 [pool-131-thread-1] INFO  server.RaftServerConfigKeys (ConfUtils.java:logGet(44)) - raft.server.log.segment.cache.num.max = 2 (custom)
2022-04-26 01:51:42,867 [pool-131-thread-1] INFO  server.RaftServerConfigKeys (ConfUtils.java:logGet(44)) - raft.server.log.segment.cache.size.max = 200MB (=209715200) (default)
2022-04-26 01:51:42,867 [pool-131-thread-1] INFO  segmented.SegmentedRaftLogWorker (SegmentedRaftLogWorker.java:<init>(182)) - new c51dce87-425e-48a2-9f44-d785deaab87e@group-FD73494FFBDE-SegmentedRaftLogWorker for RaftStorageImpl:Storage Directory /home/runner/work/ozone/ozone/hadoop-ozone/integration-test/target/test-dir/MiniOzoneClusterImpl-34bf0feb-fc93-4aa8-bd57-765b74b26656/datanode-3/data/ratis/b84804aa-3f82-488d-9567-fd73494ffbde
2022-04-26 01:51:42,867 [pool-131-thread-1] INFO  server.RaftServerConfigKeys (ConfUtils.java:logGet(44)) - raft.server.log.queue.byte-limit = 4294967296 (custom)
2022-04-26 01:51:42,867 [pool-131-thread-1] INFO  server.RaftServerConfigKeys (ConfUtils.java:logGet(44)) - raft.server.log.queue.element-limit = 1024 (custom)
2022-04-26 01:51:42,867 [pool-131-thread-1] INFO  server.RaftServerConfigKeys (ConfUtils.java:logGet(44)) - raft.server.log.segment.size.max = 1048576 (custom)
2022-04-26 01:51:42,867 [pool-131-thread-1] INFO  server.RaftServerConfigKeys (ConfUtils.java:logGet(44)) - raft.server.log.preallocated.size = 16384 (custom)
2022-04-26 01:51:42,867 [pool-131-thread-1] INFO  server.RaftServerConfigKeys (ConfUtils.java:logGet(44)) - raft.server.log.force.sync.num = 128 (default)
2022-04-26 01:51:42,868 [pool-131-thread-1] INFO  server.RaftServerConfigKeys (ConfUtils.java:logGet(44)) - raft.server.log.statemachine.data.sync = true (default)
2022-04-26 01:51:42,868 [pool-131-thread-1] INFO  server.RaftServerConfigKeys (ConfUtils.java:logGet(44)) - raft.server.log.statemachine.data.sync.timeout = 10s (default)
2022-04-26 01:51:42,868 [pool-131-thread-1] INFO  server.RaftServerConfigKeys (ConfUtils.java:logGet(44)) - raft.server.log.statemachine.data.sync.timeout.retry = -1 (default)
2022-04-26 01:51:42,868 [pool-131-thread-1] INFO  server.RaftServerConfigKeys (ConfUtils.java:logGet(44)) - raft.server.log.write.buffer.size = 1048576 (custom)
2022-04-26 01:51:42,869 [pool-131-thread-1] INFO  server.RaftServerConfigKeys (ConfUtils.java:logGet(44)) - raft.server.log.statemachine.data.caching.enabled = true (custom)
2022-04-26 01:51:42,869 [pool-131-thread-1] INFO  segmented.SegmentedRaftLogWorker (SegmentedRaftLogWorker.java:lambda$new$0(133)) - c51dce87-425e-48a2-9f44-d785deaab87e@group-FD73494FFBDE-SegmentedRaftLogWorker: flushIndex: setUnconditionally 0 -> -1
2022-04-26 01:51:42,869 [pool-131-thread-1] INFO  segmented.SegmentedRaftLogWorker (SegmentedRaftLogWorker.java:lambda$new$0(133)) - c51dce87-425e-48a2-9f44-d785deaab87e@group-FD73494FFBDE-SegmentedRaftLogWorker: safeCacheEvictIndex: setUnconditionally 0 -> -1
2022-04-26 01:51:42,869 [pool-131-thread-1] INFO  server.RaftServerConfigKeys (ConfUtils.java:logGet(44)) - raft.server.snapshot.auto.trigger.enabled = true (custom)
2022-04-26 01:51:42,874 [pool-131-thread-1] INFO  server.RaftServerConfigKeys (ConfUtils.java:logGet(44)) - raft.server.snapshot.auto.trigger.threshold = 10000 (custom)
2022-04-26 01:51:42,876 [EventQueue-PipelineReportForPipelineReportHandler] INFO  pipeline.PipelineManagerImpl (PipelineManagerImpl.java:openPipeline(321)) - Pipeline Pipeline[ Id: b84804aa-3f82-488d-9567-fd73494ffbde, Nodes: c51dce87-425e-48a2-9f44-d785deaab87e{ip: 10.1.0.42, host: fv-az50-870.grzltbmokehuzjyc5b133kdqgh.cx.internal.cloudapp.net, ports: [REPLICATION=46153, RATIS=40827, RATIS_ADMIN=40827, RATIS_SERVER=40827, STANDALONE=43803], networkLocation: /default-rack, certSerialId: null, persistedOpState: IN_SERVICE, persistedOpStateExpiryEpochSec: 0}, ReplicationConfig: RATIS/ONE, State:ALLOCATED, leaderId:c51dce87-425e-48a2-9f44-d785deaab87e, CreationTimestamp2022-04-26T01:51:39.842Z[Etc/UTC]] moved to OPEN state
2022-04-26 01:51:42,877 [EventQueue-OpenPipelineForHealthyPipelineSafeModeRule] INFO  safemode.SCMSafeModeManager (HealthyPipelineSafeModeRule.java:process(124)) - SCM in safe mode. Healthy pipelines reported count is 0, required healthy pipeline reported count is 1
2022-04-26 01:51:42,878 [pool-131-thread-1] INFO  server.RaftServerConfigKeys (ConfUtils.java:logGet(44)) - raft.server.snapshot.retention.file.num = 5 (custom)
2022-04-26 01:51:42,882 [pool-131-thread-1] INFO  server.RaftServerConfigKeys (ConfUtils.java:logGet(44)) - raft.server.log.purge.upto.snapshot.index = false (default)
2022-04-26 01:51:42,888 [pool-131-thread-1] INFO  server.RaftServerConfigKeys (ConfUtils.java:logGet(44)) - raft.server.retrycache.expirytime = 600000ms (custom)
2022-04-26 01:51:42,888 [pool-131-thread-1] INFO  server.RaftServerConfigKeys (ConfUtils.java:logGet(44)) - raft.server.retrycache.statistics.expirytime = 100μs (default)
2022-04-26 01:51:42,889 [pool-131-thread-1] INFO  server.RaftServer$Division (RaftServerImpl.java:start(301)) - c51dce87-425e-48a2-9f44-d785deaab87e@group-FD73494FFBDE: start as a follower, conf=-1: [c51dce87-425e-48a2-9f44-d785deaab87e|rpc:10.1.0.42:40827|priority:1], old=null
2022-04-26 01:51:42,889 [pool-131-thread-1] INFO  server.RaftServer$Division (RaftServerImpl.java:setRole(290)) - c51dce87-425e-48a2-9f44-d785deaab87e@group-FD73494FFBDE: changes role from      null to FOLLOWER at term 0 for startAsFollower
2022-04-26 01:51:42,889 [pool-131-thread-1] INFO  impl.RoleInfo (RoleInfo.java:updateAndGet(130)) - c51dce87-425e-48a2-9f44-d785deaab87e: start c51dce87-425e-48a2-9f44-d785deaab87e@group-FD73494FFBDE-FollowerState
2022-04-26 01:51:42,892 [pool-131-thread-1] INFO  util.JmxRegister (JmxRegister.java:tryRegister(44)) - Successfully registered JMX Bean with object name Ratis:service=RaftServer,group=group-FD73494FFBDE,id=c51dce87-425e-48a2-9f44-d785deaab87e
2022-04-26 01:51:42,893 [Command processor thread] INFO  ratis.XceiverServerRatis (XceiverServerRatis.java:addGroup(765)) - Created group PipelineID=b84804aa-3f82-488d-9567-fd73494ffbde
2022-04-26 01:51:42,893 [Command processor thread] INFO  commandhandler.CreatePipelineCommandHandler (CreatePipelineCommandHandler.java:handle(113)) - Created Pipeline RATIS ONE PipelineID=b84804aa-3f82-488d-9567-fd73494ffbde.
2022-04-26 01:51:42,895 [Command processor thread] INFO  commandhandler.CreatePipelineCommandHandler (CreatePipelineCommandHandler.java:handle(113)) - Created Pipeline RATIS THREE PipelineID=0dd4f3cb-0572-4edc-80cd-bff32e3a7135.
2022-04-26 01:51:42,896 [Command processor thread] INFO  server.RaftServer (RaftServerProxy.java:addNew(95)) - 0ef21c9d-d35f-446f-9851-8d806d67bbee: addNew group-6990C6AB0D89:[b224c1cc-f2f1-4e28-bfd3-9ebcae4e38f6|rpc:10.1.0.42:33753|priority:0, e85881fc-38b9-422c-97f9-58a2dbde84eb|rpc:10.1.0.42:46161|priority:0, 0ef21c9d-d35f-446f-9851-8d806d67bbee|rpc:10.1.0.42:45405|priority:1] returns group-6990C6AB0D89:java.util.concurrent.CompletableFuture@62a54d66[Not completed]
2022-04-26 01:51:42,896 [Command processor thread] INFO  commandhandler.CreatePipelineCommandHandler (CreatePipelineCommandHandler.java:handle(113)) - Created Pipeline RATIS THREE PipelineID=0dd4f3cb-0572-4edc-80cd-bff32e3a7135.
2022-04-26 01:51:42,897 [Command processor thread] INFO  server.RaftServer (RaftServerProxy.java:addNew(95)) - e85881fc-38b9-422c-97f9-58a2dbde84eb: addNew group-6990C6AB0D89:[b224c1cc-f2f1-4e28-bfd3-9ebcae4e38f6|rpc:10.1.0.42:33753|priority:0, e85881fc-38b9-422c-97f9-58a2dbde84eb|rpc:10.1.0.42:46161|priority:0, 0ef21c9d-d35f-446f-9851-8d806d67bbee|rpc:10.1.0.42:45405|priority:1] returns group-6990C6AB0D89:java.util.concurrent.CompletableFuture@5d18c99a[Not completed]
2022-04-26 01:51:42,898 [pool-89-thread-1] INFO  server.RaftServer$Division (RaftServerImpl.java:<init>(184)) - e85881fc-38b9-422c-97f9-58a2dbde84eb: new RaftServerImpl for group-6990C6AB0D89:[b224c1cc-f2f1-4e28-bfd3-9ebcae4e38f6|rpc:10.1.0.42:33753|priority:0, e85881fc-38b9-422c-97f9-58a2dbde84eb|rpc:10.1.0.42:46161|priority:0, 0ef21c9d-d35f-446f-9851-8d806d67bbee|rpc:10.1.0.42:45405|priority:1] with ContainerStateMachine:uninitialized
2022-04-26 01:51:42,898 [pool-89-thread-1] INFO  server.RaftServerConfigKeys (ConfUtils.java:logGet(44)) - raft.server.rpc.timeout.min = 5s (custom)
2022-04-26 01:51:42,898 [pool-89-thread-1] INFO  server.RaftServerConfigKeys (ConfUtils.java:logGet(44)) - raft.server.rpc.timeout.max = 5200ms (custom)
2022-04-26 01:51:42,898 [pool-89-thread-1] INFO  server.RaftServerConfigKeys (ConfUtils.java:logGet(44)) - raft.server.rpc.sleep.time = 25ms (default)
2022-04-26 01:51:42,898 [pool-89-thread-1] INFO  server.RaftServerConfigKeys (ConfUtils.java:logGet(44)) - raft.server.rpc.slowness.timeout = 300s (custom)
2022-04-26 01:51:42,898 [pool-89-thread-1] INFO  server.RaftServerConfigKeys (ConfUtils.java:logGet(44)) - raft.server.leaderelection.leader.step-down.wait-time = 10s (default)
2022-04-26 01:51:42,898 [pool-89-thread-1] INFO  server.RaftServerConfigKeys (ConfUtils.java:logGet(44)) - raft.server.sleep.deviation.threshold = 300ms (default)
2022-04-26 01:51:42,898 [pool-110-thread-1] INFO  server.RaftServer$Division (RaftServerImpl.java:<init>(184)) - 0ef21c9d-d35f-446f-9851-8d806d67bbee: new RaftServerImpl for group-6990C6AB0D89:[b224c1cc-f2f1-4e28-bfd3-9ebcae4e38f6|rpc:10.1.0.42:33753|priority:0, e85881fc-38b9-422c-97f9-58a2dbde84eb|rpc:10.1.0.42:46161|priority:0, 0ef21c9d-d35f-446f-9851-8d806d67bbee|rpc:10.1.0.42:45405|priority:1] with ContainerStateMachine:uninitialized
2022-04-26 01:51:42,898 [pool-110-thread-1] INFO  server.RaftServerConfigKeys (ConfUtils.java:logGet(44)) - raft.server.rpc.timeout.min = 5s (custom)
2022-04-26 01:51:42,898 [pool-110-thread-1] INFO  server.RaftServerConfigKeys (ConfUtils.java:logGet(44)) - raft.server.rpc.timeout.max = 5200ms (custom)
2022-04-26 01:51:42,898 [pool-110-thread-1] INFO  server.RaftServerConfigKeys (ConfUtils.java:logGet(44)) - raft.server.rpc.sleep.time = 25ms (default)
2022-04-26 01:51:42,899 [pool-110-thread-1] INFO  server.RaftServerConfigKeys (ConfUtils.java:logGet(44)) - raft.server.rpc.slowness.timeout = 300s (custom)
2022-04-26 01:51:42,899 [pool-110-thread-1] INFO  server.RaftServerConfigKeys (ConfUtils.java:logGet(44)) - raft.server.leaderelection.leader.step-down.wait-time = 10s (default)
2022-04-26 01:51:42,899 [pool-110-thread-1] INFO  server.RaftServerConfigKeys (ConfUtils.java:logGet(44)) - raft.server.sleep.deviation.threshold = 300ms (default)
2022-04-26 01:51:42,899 [pool-110-thread-1] INFO  server.RaftServerConfigKeys (ConfUtils.java:logGet(44)) - raft.server.log.appender.install.snapshot.enabled = false (custom)
2022-04-26 01:51:42,899 [pool-110-thread-1] INFO  server.RaftServer$Division (ServerState.java:<init>(105)) - 0ef21c9d-d35f-446f-9851-8d806d67bbee@group-6990C6AB0D89: ConfigurationManager, init=-1: [b224c1cc-f2f1-4e28-bfd3-9ebcae4e38f6|rpc:10.1.0.42:33753|priority:0, e85881fc-38b9-422c-97f9-58a2dbde84eb|rpc:10.1.0.42:46161|priority:0, 0ef21c9d-d35f-446f-9851-8d806d67bbee|rpc:10.1.0.42:45405|priority:1], old=null, confs=<EMPTY_MAP>
2022-04-26 01:51:42,899 [pool-110-thread-1] INFO  server.RaftServerConfigKeys (ConfUtils.java:logGet(44)) - raft.server.storage.dir = [/home/runner/work/ozone/ozone/hadoop-ozone/integration-test/target/test-dir/MiniOzoneClusterImpl-34bf0feb-fc93-4aa8-bd57-765b74b26656/datanode-2/data/ratis] (custom)
2022-04-26 01:51:42,899 [pool-110-thread-1] INFO  server.RaftServerConfigKeys (ConfUtils.java:logGet(44)) - raft.server.log.corruption.policy = EXCEPTION (default)
2022-04-26 01:51:42,899 [pool-110-thread-1] INFO  server.RaftServerConfigKeys (ConfUtils.java:logGet(44)) - raft.server.storage.free-space.min = 0MB (=0) (default)
2022-04-26 01:51:42,899 [pool-110-thread-1] INFO  storage.RaftStorageDirectory (RaftStorageDirectoryImpl.java:analyzeStorage(135)) - The storage directory /home/runner/work/ozone/ozone/hadoop-ozone/integration-test/target/test-dir/MiniOzoneClusterImpl-34bf0feb-fc93-4aa8-bd57-765b74b26656/datanode-2/data/ratis/69e77a88-c1b1-4010-9bb3-6990c6ab0d89 does not exist. Creating ...
2022-04-26 01:51:42,898 [pool-89-thread-1] INFO  server.RaftServerConfigKeys (ConfUtils.java:logGet(44)) - raft.server.log.appender.install.snapshot.enabled = false (custom)
2022-04-26 01:51:42,899 [pool-89-thread-1] INFO  server.RaftServer$Division (ServerState.java:<init>(105)) - e85881fc-38b9-422c-97f9-58a2dbde84eb@group-6990C6AB0D89: ConfigurationManager, init=-1: [b224c1cc-f2f1-4e28-bfd3-9ebcae4e38f6|rpc:10.1.0.42:33753|priority:0, e85881fc-38b9-422c-97f9-58a2dbde84eb|rpc:10.1.0.42:46161|priority:0, 0ef21c9d-d35f-446f-9851-8d806d67bbee|rpc:10.1.0.42:45405|priority:1], old=null, confs=<EMPTY_MAP>
2022-04-26 01:51:42,899 [pool-89-thread-1] INFO  server.RaftServerConfigKeys (ConfUtils.java:logGet(44)) - raft.server.storage.dir = [/home/runner/work/ozone/ozone/hadoop-ozone/integration-test/target/test-dir/MiniOzoneClusterImpl-34bf0feb-fc93-4aa8-bd57-765b74b26656/datanode-1/data/ratis] (custom)
2022-04-26 01:51:42,900 [pool-89-thread-1] INFO  server.RaftServerConfigKeys (ConfUtils.java:logGet(44)) - raft.server.log.corruption.policy = EXCEPTION (default)
2022-04-26 01:51:42,900 [pool-89-thread-1] INFO  server.RaftServerConfigKeys (ConfUtils.java:logGet(44)) - raft.server.storage.free-space.min = 0MB (=0) (default)
2022-04-26 01:51:42,900 [pool-89-thread-1] INFO  storage.RaftStorageDirectory (RaftStorageDirectoryImpl.java:analyzeStorage(135)) - The storage directory /home/runner/work/ozone/ozone/hadoop-ozone/integration-test/target/test-dir/MiniOzoneClusterImpl-34bf0feb-fc93-4aa8-bd57-765b74b26656/datanode-1/data/ratis/69e77a88-c1b1-4010-9bb3-6990c6ab0d89 does not exist. Creating ...
2022-04-26 01:51:42,901 [pool-89-thread-1] INFO  storage.RaftStorageDirectory (RaftStorageDirectoryImpl.java:tryLock(230)) - Lock on /home/runner/work/ozone/ozone/hadoop-ozone/integration-test/target/test-dir/MiniOzoneClusterImpl-34bf0feb-fc93-4aa8-bd57-765b74b26656/datanode-1/data/ratis/69e77a88-c1b1-4010-9bb3-6990c6ab0d89/in_use.lock acquired by nodename 18609@fv-az50-870
2022-04-26 01:51:42,902 [pool-110-thread-1] INFO  storage.RaftStorageDirectory (RaftStorageDirectoryImpl.java:tryLock(230)) - Lock on /home/runner/work/ozone/ozone/hadoop-ozone/integration-test/target/test-dir/MiniOzoneClusterImpl-34bf0feb-fc93-4aa8-bd57-765b74b26656/datanode-2/data/ratis/69e77a88-c1b1-4010-9bb3-6990c6ab0d89/in_use.lock acquired by nodename 18609@fv-az50-870
2022-04-26 01:51:42,903 [pool-89-thread-1] INFO  storage.RaftStorage (RaftStorageImpl.java:format(89)) - Storage directory /home/runner/work/ozone/ozone/hadoop-ozone/integration-test/target/test-dir/MiniOzoneClusterImpl-34bf0feb-fc93-4aa8-bd57-765b74b26656/datanode-1/data/ratis/69e77a88-c1b1-4010-9bb3-6990c6ab0d89 has been successfully formatted.
2022-04-26 01:51:42,903 [pool-89-thread-1] INFO  ratis.ContainerStateMachine (ContainerStateMachine.java:loadSnapshot(236)) - group-6990C6AB0D89: The snapshot info is null. Setting the last applied indexto:(t:0, i:~)
2022-04-26 01:51:42,906 [pool-89-thread-1] INFO  server.RaftServerConfigKeys (ConfUtils.java:logGet(44)) - raft.server.notification.no-leader.timeout = 300s (custom)
2022-04-26 01:51:42,906 [pool-89-thread-1] INFO  server.RaftServerConfigKeys (ConfUtils.java:logGet(44)) - raft.server.log.use.memory = false (default)
2022-04-26 01:51:42,906 [pool-89-thread-1] INFO  server.RaftServerConfigKeys (ConfUtils.java:logGet(44)) - raft.server.log.purge.gap = 1000000 (custom)
2022-04-26 01:51:42,906 [pool-89-thread-1] INFO  server.RaftServerConfigKeys (ConfUtils.java:logGet(44)) - raft.server.log.appender.buffer.byte-limit = 33554432 (custom)
2022-04-26 01:51:42,906 [pool-89-thread-1] INFO  server.RaftServerConfigKeys (ConfUtils.java:logGet(44)) - raft.server.log.segment.size.max = 1048576 (custom)
2022-04-26 01:51:42,907 [pool-89-thread-1] INFO  server.RaftServerConfigKeys (ConfUtils.java:logGet(44)) - raft.server.log.segment.cache.num.max = 2 (custom)
2022-04-26 01:51:42,907 [pool-89-thread-1] INFO  server.RaftServerConfigKeys (ConfUtils.java:logGet(44)) - raft.server.log.segment.cache.size.max = 200MB (=209715200) (default)
2022-04-26 01:51:42,907 [pool-89-thread-1] INFO  segmented.SegmentedRaftLogWorker (SegmentedRaftLogWorker.java:<init>(182)) - new e85881fc-38b9-422c-97f9-58a2dbde84eb@group-6990C6AB0D89-SegmentedRaftLogWorker for RaftStorageImpl:Storage Directory /home/runner/work/ozone/ozone/hadoop-ozone/integration-test/target/test-dir/MiniOzoneClusterImpl-34bf0feb-fc93-4aa8-bd57-765b74b26656/datanode-1/data/ratis/69e77a88-c1b1-4010-9bb3-6990c6ab0d89
2022-04-26 01:51:42,907 [pool-89-thread-1] INFO  server.RaftServerConfigKeys (ConfUtils.java:logGet(44)) - raft.server.log.queue.byte-limit = 4294967296 (custom)
2022-04-26 01:51:42,907 [pool-89-thread-1] INFO  server.RaftServerConfigKeys (ConfUtils.java:logGet(44)) - raft.server.log.queue.element-limit = 1024 (custom)
2022-04-26 01:51:42,907 [pool-89-thread-1] INFO  server.RaftServerConfigKeys (ConfUtils.java:logGet(44)) - raft.server.log.segment.size.max = 1048576 (custom)
2022-04-26 01:51:42,907 [pool-89-thread-1] INFO  server.RaftServerConfigKeys (ConfUtils.java:logGet(44)) - raft.server.log.preallocated.size = 16384 (custom)
2022-04-26 01:51:42,907 [pool-89-thread-1] INFO  server.RaftServerConfigKeys (ConfUtils.java:logGet(44)) - raft.server.log.force.sync.num = 128 (default)
2022-04-26 01:51:42,907 [pool-89-thread-1] INFO  server.RaftServerConfigKeys (ConfUtils.java:logGet(44)) - raft.server.log.statemachine.data.sync = true (default)
2022-04-26 01:51:42,907 [pool-89-thread-1] INFO  server.RaftServerConfigKeys (ConfUtils.java:logGet(44)) - raft.server.log.statemachine.data.sync.timeout = 10s (default)
2022-04-26 01:51:42,907 [pool-89-thread-1] INFO  server.RaftServerConfigKeys (ConfUtils.java:logGet(44)) - raft.server.log.statemachine.data.sync.timeout.retry = -1 (default)
2022-04-26 01:51:42,908 [pool-89-thread-1] INFO  server.RaftServerConfigKeys (ConfUtils.java:logGet(44)) - raft.server.log.write.buffer.size = 1048576 (custom)
2022-04-26 01:51:42,908 [pool-89-thread-1] INFO  server.RaftServerConfigKeys (ConfUtils.java:logGet(44)) - raft.server.log.statemachine.data.caching.enabled = true (custom)
2022-04-26 01:51:42,909 [pool-89-thread-1] INFO  segmented.SegmentedRaftLogWorker (SegmentedRaftLogWorker.java:lambda$new$0(133)) - e85881fc-38b9-422c-97f9-58a2dbde84eb@group-6990C6AB0D89-SegmentedRaftLogWorker: flushIndex: setUnconditionally 0 -> -1
2022-04-26 01:51:42,909 [pool-89-thread-1] INFO  segmented.SegmentedRaftLogWorker (SegmentedRaftLogWorker.java:lambda$new$0(133)) - e85881fc-38b9-422c-97f9-58a2dbde84eb@group-6990C6AB0D89-SegmentedRaftLogWorker: safeCacheEvictIndex: setUnconditionally 0 -> -1
2022-04-26 01:51:42,909 [pool-110-thread-1] INFO  storage.RaftStorage (RaftStorageImpl.java:format(89)) - Storage directory /home/runner/work/ozone/ozone/hadoop-ozone/integration-test/target/test-dir/MiniOzoneClusterImpl-34bf0feb-fc93-4aa8-bd57-765b74b26656/datanode-2/data/ratis/69e77a88-c1b1-4010-9bb3-6990c6ab0d89 has been successfully formatted.
2022-04-26 01:51:42,909 [Command processor thread] INFO  commandhandler.CreatePipelineCommandHandler (CreatePipelineCommandHandler.java:handle(113)) - Created Pipeline RATIS THREE PipelineID=0dd4f3cb-0572-4edc-80cd-bff32e3a7135.
2022-04-26 01:51:42,909 [Command processor thread] INFO  server.RaftServer (RaftServerProxy.java:addNew(95)) - b224c1cc-f2f1-4e28-bfd3-9ebcae4e38f6: addNew group-6990C6AB0D89:[b224c1cc-f2f1-4e28-bfd3-9ebcae4e38f6|rpc:10.1.0.42:33753|priority:0, e85881fc-38b9-422c-97f9-58a2dbde84eb|rpc:10.1.0.42:46161|priority:0, 0ef21c9d-d35f-446f-9851-8d806d67bbee|rpc:10.1.0.42:45405|priority:1] returns group-6990C6AB0D89:java.util.concurrent.CompletableFuture@f8996b[Not completed]
2022-04-26 01:51:42,910 [pool-68-thread-1] INFO  server.RaftServer$Division (RaftServerImpl.java:<init>(184)) - b224c1cc-f2f1-4e28-bfd3-9ebcae4e38f6: new RaftServerImpl for group-6990C6AB0D89:[b224c1cc-f2f1-4e28-bfd3-9ebcae4e38f6|rpc:10.1.0.42:33753|priority:0, e85881fc-38b9-422c-97f9-58a2dbde84eb|rpc:10.1.0.42:46161|priority:0, 0ef21c9d-d35f-446f-9851-8d806d67bbee|rpc:10.1.0.42:45405|priority:1] with ContainerStateMachine:uninitialized
2022-04-26 01:51:42,910 [pool-68-thread-1] INFO  server.RaftServerConfigKeys (ConfUtils.java:logGet(44)) - raft.server.rpc.timeout.min = 5s (custom)
2022-04-26 01:51:42,911 [pool-68-thread-1] INFO  server.RaftServerConfigKeys (ConfUtils.java:logGet(44)) - raft.server.rpc.timeout.max = 5200ms (custom)
2022-04-26 01:51:42,911 [pool-68-thread-1] INFO  server.RaftServerConfigKeys (ConfUtils.java:logGet(44)) - raft.server.rpc.sleep.time = 25ms (default)
2022-04-26 01:51:42,911 [pool-68-thread-1] INFO  server.RaftServerConfigKeys (ConfUtils.java:logGet(44)) - raft.server.rpc.slowness.timeout = 300s (custom)
2022-04-26 01:51:42,911 [pool-68-thread-1] INFO  server.RaftServerConfigKeys (ConfUtils.java:logGet(44)) - raft.server.leaderelection.leader.step-down.wait-time = 10s (default)
2022-04-26 01:51:42,911 [pool-68-thread-1] INFO  server.RaftServerConfigKeys (ConfUtils.java:logGet(44)) - raft.server.sleep.deviation.threshold = 300ms (default)
2022-04-26 01:51:42,911 [pool-68-thread-1] INFO  server.RaftServerConfigKeys (ConfUtils.java:logGet(44)) - raft.server.log.appender.install.snapshot.enabled = false (custom)
2022-04-26 01:51:42,911 [pool-68-thread-1] INFO  server.RaftServer$Division (ServerState.java:<init>(105)) - b224c1cc-f2f1-4e28-bfd3-9ebcae4e38f6@group-6990C6AB0D89: ConfigurationManager, init=-1: [b224c1cc-f2f1-4e28-bfd3-9ebcae4e38f6|rpc:10.1.0.42:33753|priority:0, e85881fc-38b9-422c-97f9-58a2dbde84eb|rpc:10.1.0.42:46161|priority:0, 0ef21c9d-d35f-446f-9851-8d806d67bbee|rpc:10.1.0.42:45405|priority:1], old=null, confs=<EMPTY_MAP>
2022-04-26 01:51:42,911 [pool-68-thread-1] INFO  server.RaftServerConfigKeys (ConfUtils.java:logGet(44)) - raft.server.storage.dir = [/home/runner/work/ozone/ozone/hadoop-ozone/integration-test/target/test-dir/MiniOzoneClusterImpl-34bf0feb-fc93-4aa8-bd57-765b74b26656/datanode-0/data/ratis] (custom)
2022-04-26 01:51:42,911 [pool-68-thread-1] INFO  server.RaftServerConfigKeys (ConfUtils.java:logGet(44)) - raft.server.log.corruption.policy = EXCEPTION (default)
2022-04-26 01:51:42,911 [pool-68-thread-1] INFO  server.RaftServerConfigKeys (ConfUtils.java:logGet(44)) - raft.server.storage.free-space.min = 0MB (=0) (default)
2022-04-26 01:51:42,911 [pool-68-thread-1] INFO  storage.RaftStorageDirectory (RaftStorageDirectoryImpl.java:analyzeStorage(135)) - The storage directory /home/runner/work/ozone/ozone/hadoop-ozone/integration-test/target/test-dir/MiniOzoneClusterImpl-34bf0feb-fc93-4aa8-bd57-765b74b26656/datanode-0/data/ratis/69e77a88-c1b1-4010-9bb3-6990c6ab0d89 does not exist. Creating ...
2022-04-26 01:51:42,911 [EventQueue-OpenPipelineForHealthyPipelineSafeModeRule] INFO  safemode.SCMSafeModeManager (HealthyPipelineSafeModeRule.java:process(124)) - SCM in safe mode. Healthy pipelines reported count is 0, required healthy pipeline reported count is 1
2022-04-26 01:51:42,913 [pool-68-thread-1] INFO  storage.RaftStorageDirectory (RaftStorageDirectoryImpl.java:tryLock(230)) - Lock on /home/runner/work/ozone/ozone/hadoop-ozone/integration-test/target/test-dir/MiniOzoneClusterImpl-34bf0feb-fc93-4aa8-bd57-765b74b26656/datanode-0/data/ratis/69e77a88-c1b1-4010-9bb3-6990c6ab0d89/in_use.lock acquired by nodename 18609@fv-az50-870
2022-04-26 01:51:42,913 [pool-68-thread-1] INFO  storage.RaftStorage (RaftStorageImpl.java:format(89)) - Storage directory /home/runner/work/ozone/ozone/hadoop-ozone/integration-test/target/test-dir/MiniOzoneClusterImpl-34bf0feb-fc93-4aa8-bd57-765b74b26656/datanode-0/data/ratis/69e77a88-c1b1-4010-9bb3-6990c6ab0d89 has been successfully formatted.
2022-04-26 01:51:42,914 [pool-89-thread-1] INFO  server.RaftServerConfigKeys (ConfUtils.java:logGet(44)) - raft.server.snapshot.auto.trigger.enabled = true (custom)
2022-04-26 01:51:42,914 [pool-89-thread-1] INFO  server.RaftServerConfigKeys (ConfUtils.java:logGet(44)) - raft.server.snapshot.auto.trigger.threshold = 10000 (custom)
2022-04-26 01:51:42,914 [pool-89-thread-1] INFO  server.RaftServerConfigKeys (ConfUtils.java:logGet(44)) - raft.server.snapshot.retention.file.num = 5 (custom)
2022-04-26 01:51:42,914 [pool-89-thread-1] INFO  server.RaftServerConfigKeys (ConfUtils.java:logGet(44)) - raft.server.log.purge.upto.snapshot.index = false (default)
2022-04-26 01:51:42,918 [pool-110-thread-1] INFO  ratis.ContainerStateMachine (ContainerStateMachine.java:loadSnapshot(236)) - group-6990C6AB0D89: The snapshot info is null. Setting the last applied indexto:(t:0, i:~)
2022-04-26 01:51:42,918 [pool-110-thread-1] INFO  server.RaftServerConfigKeys (ConfUtils.java:logGet(44)) - raft.server.notification.no-leader.timeout = 300s (custom)
2022-04-26 01:51:42,920 [pool-110-thread-1] INFO  server.RaftServerConfigKeys (ConfUtils.java:logGet(44)) - raft.server.log.use.memory = false (default)
2022-04-26 01:51:42,920 [pool-110-thread-1] INFO  server.RaftServerConfigKeys (ConfUtils.java:logGet(44)) - raft.server.log.purge.gap = 1000000 (custom)
2022-04-26 01:51:42,920 [pool-110-thread-1] INFO  server.RaftServerConfigKeys (ConfUtils.java:logGet(44)) - raft.server.log.appender.buffer.byte-limit = 33554432 (custom)
2022-04-26 01:51:42,921 [pool-110-thread-1] INFO  server.RaftServerConfigKeys (ConfUtils.java:logGet(44)) - raft.server.log.segment.size.max = 1048576 (custom)
2022-04-26 01:51:42,921 [pool-110-thread-1] INFO  server.RaftServerConfigKeys (ConfUtils.java:logGet(44)) - raft.server.log.segment.cache.num.max = 2 (custom)
2022-04-26 01:51:42,921 [pool-110-thread-1] INFO  server.RaftServerConfigKeys (ConfUtils.java:logGet(44)) - raft.server.log.segment.cache.size.max = 200MB (=209715200) (default)
2022-04-26 01:51:42,920 [EventQueue-OpenPipelineForHealthyPipelineSafeModeRule] INFO  safemode.SCMSafeModeManager (HealthyPipelineSafeModeRule.java:process(124)) - SCM in safe mode. Healthy pipelines reported count is 0, required healthy pipeline reported count is 1
2022-04-26 01:51:42,919 [pool-68-thread-1] INFO  ratis.ContainerStateMachine (ContainerStateMachine.java:loadSnapshot(236)) - group-6990C6AB0D89: The snapshot info is null. Setting the last applied indexto:(t:0, i:~)
2022-04-26 01:51:42,922 [pool-68-thread-1] INFO  server.RaftServerConfigKeys (ConfUtils.java:logGet(44)) - raft.server.notification.no-leader.timeout = 300s (custom)
2022-04-26 01:51:42,922 [pool-68-thread-1] INFO  server.RaftServerConfigKeys (ConfUtils.java:logGet(44)) - raft.server.log.use.memory = false (default)
2022-04-26 01:51:42,922 [pool-68-thread-1] INFO  server.RaftServerConfigKeys (ConfUtils.java:logGet(44)) - raft.server.log.purge.gap = 1000000 (custom)
2022-04-26 01:51:42,922 [pool-68-thread-1] INFO  server.RaftServerConfigKeys (ConfUtils.java:logGet(44)) - raft.server.log.appender.buffer.byte-limit = 33554432 (custom)
2022-04-26 01:51:42,922 [pool-68-thread-1] INFO  server.RaftServerConfigKeys (ConfUtils.java:logGet(44)) - raft.server.log.segment.size.max = 1048576 (custom)
2022-04-26 01:51:42,922 [EventQueue-OpenPipelineForHealthyPipelineSafeModeRule] INFO  safemode.SCMSafeModeManager (HealthyPipelineSafeModeRule.java:process(124)) - SCM in safe mode. Healthy pipelines reported count is 0, required healthy pipeline reported count is 1
2022-04-26 01:51:42,922 [pool-68-thread-1] INFO  server.RaftServerConfigKeys (ConfUtils.java:logGet(44)) - raft.server.log.segment.cache.num.max = 2 (custom)
2022-04-26 01:51:42,922 [pool-68-thread-1] INFO  server.RaftServerConfigKeys (ConfUtils.java:logGet(44)) - raft.server.log.segment.cache.size.max = 200MB (=209715200) (default)
2022-04-26 01:51:42,924 [pool-68-thread-1] INFO  segmented.SegmentedRaftLogWorker (SegmentedRaftLogWorker.java:<init>(182)) - new b224c1cc-f2f1-4e28-bfd3-9ebcae4e38f6@group-6990C6AB0D89-SegmentedRaftLogWorker for RaftStorageImpl:Storage Directory /home/runner/work/ozone/ozone/hadoop-ozone/integration-test/target/test-dir/MiniOzoneClusterImpl-34bf0feb-fc93-4aa8-bd57-765b74b26656/datanode-0/data/ratis/69e77a88-c1b1-4010-9bb3-6990c6ab0d89
2022-04-26 01:51:42,924 [pool-68-thread-1] INFO  server.RaftServerConfigKeys (ConfUtils.java:logGet(44)) - raft.server.log.queue.byte-limit = 4294967296 (custom)
2022-04-26 01:51:42,924 [pool-68-thread-1] INFO  server.RaftServerConfigKeys (ConfUtils.java:logGet(44)) - raft.server.log.queue.element-limit = 1024 (custom)
2022-04-26 01:51:42,924 [pool-68-thread-1] INFO  server.RaftServerConfigKeys (ConfUtils.java:logGet(44)) - raft.server.log.segment.size.max = 1048576 (custom)
2022-04-26 01:51:42,924 [pool-68-thread-1] INFO  server.RaftServerConfigKeys (ConfUtils.java:logGet(44)) - raft.server.log.preallocated.size = 16384 (custom)
2022-04-26 01:51:42,924 [pool-68-thread-1] INFO  server.RaftServerConfigKeys (ConfUtils.java:logGet(44)) - raft.server.log.force.sync.num = 128 (default)
2022-04-26 01:51:42,924 [pool-68-thread-1] INFO  server.RaftServerConfigKeys (ConfUtils.java:logGet(44)) - raft.server.log.statemachine.data.sync = true (default)
2022-04-26 01:51:42,924 [pool-68-thread-1] INFO  server.RaftServerConfigKeys (ConfUtils.java:logGet(44)) - raft.server.log.statemachine.data.sync.timeout = 10s (default)
2022-04-26 01:51:42,924 [pool-68-thread-1] INFO  server.RaftServerConfigKeys (ConfUtils.java:logGet(44)) - raft.server.log.statemachine.data.sync.timeout.retry = -1 (default)
2022-04-26 01:51:42,925 [pool-68-thread-1] INFO  server.RaftServerConfigKeys (ConfUtils.java:logGet(44)) - raft.server.log.write.buffer.size = 1048576 (custom)
2022-04-26 01:51:42,926 [pool-68-thread-1] INFO  server.RaftServerConfigKeys (ConfUtils.java:logGet(44)) - raft.server.log.statemachine.data.caching.enabled = true (custom)
2022-04-26 01:51:42,926 [pool-68-thread-1] INFO  segmented.SegmentedRaftLogWorker (SegmentedRaftLogWorker.java:lambda$new$0(133)) - b224c1cc-f2f1-4e28-bfd3-9ebcae4e38f6@group-6990C6AB0D89-SegmentedRaftLogWorker: flushIndex: setUnconditionally 0 -> -1
2022-04-26 01:51:42,926 [pool-68-thread-1] INFO  segmented.SegmentedRaftLogWorker (SegmentedRaftLogWorker.java:lambda$new$0(133)) - b224c1cc-f2f1-4e28-bfd3-9ebcae4e38f6@group-6990C6AB0D89-SegmentedRaftLogWorker: safeCacheEvictIndex: setUnconditionally 0 -> -1
2022-04-26 01:51:42,921 [pool-110-thread-1] INFO  segmented.SegmentedRaftLogWorker (SegmentedRaftLogWorker.java:<init>(182)) - new 0ef21c9d-d35f-446f-9851-8d806d67bbee@group-6990C6AB0D89-SegmentedRaftLogWorker for RaftStorageImpl:Storage Directory /home/runner/work/ozone/ozone/hadoop-ozone/integration-test/target/test-dir/MiniOzoneClusterImpl-34bf0feb-fc93-4aa8-bd57-765b74b26656/datanode-2/data/ratis/69e77a88-c1b1-4010-9bb3-6990c6ab0d89
2022-04-26 01:51:42,922 [pool-89-thread-1] INFO  server.RaftServerConfigKeys (ConfUtils.java:logGet(44)) - raft.server.retrycache.expirytime = 600000ms (custom)
2022-04-26 01:51:42,926 [pool-110-thread-1] INFO  server.RaftServerConfigKeys (ConfUtils.java:logGet(44)) - raft.server.log.queue.byte-limit = 4294967296 (custom)
2022-04-26 01:51:42,926 [pool-110-thread-1] INFO  server.RaftServerConfigKeys (ConfUtils.java:logGet(44)) - raft.server.log.queue.element-limit = 1024 (custom)
2022-04-26 01:51:42,926 [pool-110-thread-1] INFO  server.RaftServerConfigKeys (ConfUtils.java:logGet(44)) - raft.server.log.segment.size.max = 1048576 (custom)
2022-04-26 01:51:42,926 [pool-110-thread-1] INFO  server.RaftServerConfigKeys (ConfUtils.java:logGet(44)) - raft.server.log.preallocated.size = 16384 (custom)
2022-04-26 01:51:42,926 [pool-110-thread-1] INFO  server.RaftServerConfigKeys (ConfUtils.java:logGet(44)) - raft.server.log.force.sync.num = 128 (default)
2022-04-26 01:51:42,926 [pool-110-thread-1] INFO  server.RaftServerConfigKeys (ConfUtils.java:logGet(44)) - raft.server.log.statemachine.data.sync = true (default)
2022-04-26 01:51:42,926 [pool-110-thread-1] INFO  server.RaftServerConfigKeys (ConfUtils.java:logGet(44)) - raft.server.log.statemachine.data.sync.timeout = 10s (default)
2022-04-26 01:51:42,927 [pool-110-thread-1] INFO  server.RaftServerConfigKeys (ConfUtils.java:logGet(44)) - raft.server.log.statemachine.data.sync.timeout.retry = -1 (default)
2022-04-26 01:51:42,927 [pool-110-thread-1] INFO  server.RaftServerConfigKeys (ConfUtils.java:logGet(44)) - raft.server.log.write.buffer.size = 1048576 (custom)
2022-04-26 01:51:42,928 [pool-110-thread-1] INFO  server.RaftServerConfigKeys (ConfUtils.java:logGet(44)) - raft.server.log.statemachine.data.caching.enabled = true (custom)
2022-04-26 01:51:42,928 [pool-110-thread-1] INFO  segmented.SegmentedRaftLogWorker (SegmentedRaftLogWorker.java:lambda$new$0(133)) - 0ef21c9d-d35f-446f-9851-8d806d67bbee@group-6990C6AB0D89-SegmentedRaftLogWorker: flushIndex: setUnconditionally 0 -> -1
2022-04-26 01:51:42,928 [pool-110-thread-1] INFO  segmented.SegmentedRaftLogWorker (SegmentedRaftLogWorker.java:lambda$new$0(133)) - 0ef21c9d-d35f-446f-9851-8d806d67bbee@group-6990C6AB0D89-SegmentedRaftLogWorker: safeCacheEvictIndex: setUnconditionally 0 -> -1
2022-04-26 01:51:42,926 [pool-89-thread-1] INFO  server.RaftServerConfigKeys (ConfUtils.java:logGet(44)) - raft.server.retrycache.statistics.expirytime = 100μs (default)
2022-04-26 01:51:42,926 [pool-68-thread-1] INFO  server.RaftServerConfigKeys (ConfUtils.java:logGet(44)) - raft.server.snapshot.auto.trigger.enabled = true (custom)
2022-04-26 01:51:42,928 [pool-68-thread-1] INFO  server.RaftServerConfigKeys (ConfUtils.java:logGet(44)) - raft.server.snapshot.auto.trigger.threshold = 10000 (custom)
2022-04-26 01:51:42,928 [pool-68-thread-1] INFO  server.RaftServerConfigKeys (ConfUtils.java:logGet(44)) - raft.server.snapshot.retention.file.num = 5 (custom)
2022-04-26 01:51:42,928 [pool-68-thread-1] INFO  server.RaftServerConfigKeys (ConfUtils.java:logGet(44)) - raft.server.log.purge.upto.snapshot.index = false (default)
2022-04-26 01:51:42,928 [pool-68-thread-1] INFO  server.RaftServerConfigKeys (ConfUtils.java:logGet(44)) - raft.server.retrycache.expirytime = 600000ms (custom)
2022-04-26 01:51:42,929 [pool-68-thread-1] INFO  server.RaftServerConfigKeys (ConfUtils.java:logGet(44)) - raft.server.retrycache.statistics.expirytime = 100μs (default)
2022-04-26 01:51:42,929 [pool-110-thread-1] INFO  server.RaftServerConfigKeys (ConfUtils.java:logGet(44)) - raft.server.snapshot.auto.trigger.enabled = true (custom)
2022-04-26 01:51:42,929 [pool-110-thread-1] INFO  server.RaftServerConfigKeys (ConfUtils.java:logGet(44)) - raft.server.snapshot.auto.trigger.threshold = 10000 (custom)
2022-04-26 01:51:42,929 [pool-110-thread-1] INFO  server.RaftServerConfigKeys (ConfUtils.java:logGet(44)) - raft.server.snapshot.retention.file.num = 5 (custom)
2022-04-26 01:51:42,929 [pool-110-thread-1] INFO  server.RaftServerConfigKeys (ConfUtils.java:logGet(44)) - raft.server.log.purge.upto.snapshot.index = false (default)
2022-04-26 01:51:42,929 [pool-110-thread-1] INFO  server.RaftServerConfigKeys (ConfUtils.java:logGet(44)) - raft.server.retrycache.expirytime = 600000ms (custom)
2022-04-26 01:51:42,929 [pool-110-thread-1] INFO  server.RaftServerConfigKeys (ConfUtils.java:logGet(44)) - raft.server.retrycache.statistics.expirytime = 100μs (default)
2022-04-26 01:51:42,939 [pool-89-thread-1] INFO  server.RaftServer$Division (RaftServerImpl.java:start(301)) - e85881fc-38b9-422c-97f9-58a2dbde84eb@group-6990C6AB0D89: start as a follower, conf=-1: [b224c1cc-f2f1-4e28-bfd3-9ebcae4e38f6|rpc:10.1.0.42:33753|priority:0, e85881fc-38b9-422c-97f9-58a2dbde84eb|rpc:10.1.0.42:46161|priority:0, 0ef21c9d-d35f-446f-9851-8d806d67bbee|rpc:10.1.0.42:45405|priority:1], old=null
2022-04-26 01:51:42,939 [pool-89-thread-1] INFO  server.RaftServer$Division (RaftServerImpl.java:setRole(290)) - e85881fc-38b9-422c-97f9-58a2dbde84eb@group-6990C6AB0D89: changes role from      null to FOLLOWER at term 0 for startAsFollower
2022-04-26 01:51:42,939 [pool-89-thread-1] INFO  impl.RoleInfo (RoleInfo.java:updateAndGet(130)) - e85881fc-38b9-422c-97f9-58a2dbde84eb: start e85881fc-38b9-422c-97f9-58a2dbde84eb@group-6990C6AB0D89-FollowerState
2022-04-26 01:51:42,940 [pool-68-thread-1] INFO  server.RaftServer$Division (RaftServerImpl.java:start(301)) - b224c1cc-f2f1-4e28-bfd3-9ebcae4e38f6@group-6990C6AB0D89: start as a follower, conf=-1: [b224c1cc-f2f1-4e28-bfd3-9ebcae4e38f6|rpc:10.1.0.42:33753|priority:0, e85881fc-38b9-422c-97f9-58a2dbde84eb|rpc:10.1.0.42:46161|priority:0, 0ef21c9d-d35f-446f-9851-8d806d67bbee|rpc:10.1.0.42:45405|priority:1], old=null
2022-04-26 01:51:42,940 [pool-68-thread-1] INFO  server.RaftServer$Division (RaftServerImpl.java:setRole(290)) - b224c1cc-f2f1-4e28-bfd3-9ebcae4e38f6@group-6990C6AB0D89: changes role from      null to FOLLOWER at term 0 for startAsFollower
2022-04-26 01:51:42,940 [pool-110-thread-1] INFO  server.RaftServer$Division (RaftServerImpl.java:start(301)) - 0ef21c9d-d35f-446f-9851-8d806d67bbee@group-6990C6AB0D89: start as a follower, conf=-1: [b224c1cc-f2f1-4e28-bfd3-9ebcae4e38f6|rpc:10.1.0.42:33753|priority:0, e85881fc-38b9-422c-97f9-58a2dbde84eb|rpc:10.1.0.42:46161|priority:0, 0ef21c9d-d35f-446f-9851-8d806d67bbee|rpc:10.1.0.42:45405|priority:1], old=null
2022-04-26 01:51:42,940 [pool-110-thread-1] INFO  server.RaftServer$Division (RaftServerImpl.java:setRole(290)) - 0ef21c9d-d35f-446f-9851-8d806d67bbee@group-6990C6AB0D89: changes role from      null to FOLLOWER at term 0 for startAsFollower
2022-04-26 01:51:42,940 [pool-89-thread-1] INFO  util.JmxRegister (JmxRegister.java:tryRegister(44)) - Successfully registered JMX Bean with object name Ratis:service=RaftServer,group=group-6990C6AB0D89,id=e85881fc-38b9-422c-97f9-58a2dbde84eb
2022-04-26 01:51:42,941 [Command processor thread] INFO  ratis.XceiverServerRatis (XceiverServerRatis.java:addGroup(765)) - Created group PipelineID=69e77a88-c1b1-4010-9bb3-6990c6ab0d89
2022-04-26 01:51:42,944 [pool-110-thread-1] INFO  impl.RoleInfo (RoleInfo.java:updateAndGet(130)) - 0ef21c9d-d35f-446f-9851-8d806d67bbee: start 0ef21c9d-d35f-446f-9851-8d806d67bbee@group-6990C6AB0D89-FollowerState
2022-04-26 01:51:42,945 [pool-110-thread-1] INFO  util.JmxRegister (JmxRegister.java:tryRegister(44)) - Successfully registered JMX Bean with object name Ratis:service=RaftServer,group=group-6990C6AB0D89,id=0ef21c9d-d35f-446f-9851-8d806d67bbee
2022-04-26 01:51:42,946 [pool-68-thread-1] INFO  impl.RoleInfo (RoleInfo.java:updateAndGet(130)) - b224c1cc-f2f1-4e28-bfd3-9ebcae4e38f6: start b224c1cc-f2f1-4e28-bfd3-9ebcae4e38f6@group-6990C6AB0D89-FollowerState
2022-04-26 01:51:42,946 [Command processor thread] INFO  ratis.XceiverServerRatis (XceiverServerRatis.java:addGroup(765)) - Created group PipelineID=69e77a88-c1b1-4010-9bb3-6990c6ab0d89
2022-04-26 01:51:42,950 [pool-68-thread-1] INFO  util.JmxRegister (JmxRegister.java:tryRegister(44)) - Successfully registered JMX Bean with object name Ratis:service=RaftServer,group=group-6990C6AB0D89,id=b224c1cc-f2f1-4e28-bfd3-9ebcae4e38f6
2022-04-26 01:51:42,955 [Command processor thread] INFO  ratis.XceiverServerRatis (XceiverServerRatis.java:addGroup(765)) - Created group PipelineID=69e77a88-c1b1-4010-9bb3-6990c6ab0d89
2022-04-26 01:51:43,035 [Command processor thread] INFO  commandhandler.CreatePipelineCommandHandler (CreatePipelineCommandHandler.java:handle(113)) - Created Pipeline RATIS THREE PipelineID=69e77a88-c1b1-4010-9bb3-6990c6ab0d89.
2022-04-26 01:51:43,037 [Command processor thread] INFO  commandhandler.CreatePipelineCommandHandler (CreatePipelineCommandHandler.java:handle(113)) - Created Pipeline RATIS THREE PipelineID=69e77a88-c1b1-4010-9bb3-6990c6ab0d89.
2022-04-26 01:51:43,041 [Listener at 127.0.0.1/44011] INFO  ozone.MiniOzoneClusterImpl (MiniOzoneClusterImpl.java:lambda$waitForClusterToBeReady$0(221)) - Nodes are ready. Got 5 of 5 DN Heartbeats.
2022-04-26 01:51:43,041 [Listener at 127.0.0.1/44011] INFO  ozone.MiniOzoneClusterImpl (MiniOzoneClusterImpl.java:lambda$waitForClusterToBeReady$0(224)) - Waiting for cluster to exit safe mode
2022-04-26 01:51:43,041 [Listener at 127.0.0.1/44011] INFO  ozone.MiniOzoneClusterImpl (MiniOzoneClusterImpl.java:lambda$waitForClusterToBeReady$0(226)) - SCM became leader
2022-04-26 01:51:43,045 [Command processor thread] INFO  commandhandler.CreatePipelineCommandHandler (CreatePipelineCommandHandler.java:handle(113)) - Created Pipeline RATIS THREE PipelineID=69e77a88-c1b1-4010-9bb3-6990c6ab0d89.
2022-04-26 01:51:43,049 [Command processor thread] INFO  server.RaftServer (RaftServerProxy.java:addNew(95)) - 9ce53556-8a7e-44f7-a467-494b489fc56c: addNew group-969A9DEFD7DE:[9ce53556-8a7e-44f7-a467-494b489fc56c|rpc:10.1.0.42:45729|priority:1] returns group-969A9DEFD7DE:java.util.concurrent.CompletableFuture@1e0cfe96[Not completed]
2022-04-26 01:51:43,052 [pool-152-thread-1] INFO  server.RaftServer$Division (RaftServerImpl.java:<init>(184)) - 9ce53556-8a7e-44f7-a467-494b489fc56c: new RaftServerImpl for group-969A9DEFD7DE:[9ce53556-8a7e-44f7-a467-494b489fc56c|rpc:10.1.0.42:45729|priority:1] with ContainerStateMachine:uninitialized
2022-04-26 01:51:43,052 [pool-152-thread-1] INFO  server.RaftServerConfigKeys (ConfUtils.java:logGet(44)) - raft.server.rpc.timeout.min = 5s (custom)
2022-04-26 01:51:43,052 [pool-152-thread-1] INFO  server.RaftServerConfigKeys (ConfUtils.java:logGet(44)) - raft.server.rpc.timeout.max = 5200ms (custom)
2022-04-26 01:51:43,052 [pool-152-thread-1] INFO  server.RaftServerConfigKeys (ConfUtils.java:logGet(44)) - raft.server.rpc.sleep.time = 25ms (default)
2022-04-26 01:51:43,053 [pool-152-thread-1] INFO  server.RaftServerConfigKeys (ConfUtils.java:logGet(44)) - raft.server.rpc.slowness.timeout = 300s (custom)
2022-04-26 01:51:43,053 [pool-152-thread-1] INFO  server.RaftServerConfigKeys (ConfUtils.java:logGet(44)) - raft.server.leaderelection.leader.step-down.wait-time = 10s (default)
2022-04-26 01:51:43,053 [pool-152-thread-1] INFO  server.RaftServerConfigKeys (ConfUtils.java:logGet(44)) - raft.server.sleep.deviation.threshold = 300ms (default)
2022-04-26 01:51:43,053 [pool-152-thread-1] INFO  server.RaftServerConfigKeys (ConfUtils.java:logGet(44)) - raft.server.log.appender.install.snapshot.enabled = false (custom)
2022-04-26 01:51:43,053 [pool-152-thread-1] INFO  server.RaftServer$Division (ServerState.java:<init>(105)) - 9ce53556-8a7e-44f7-a467-494b489fc56c@group-969A9DEFD7DE: ConfigurationManager, init=-1: [9ce53556-8a7e-44f7-a467-494b489fc56c|rpc:10.1.0.42:45729|priority:1], old=null, confs=<EMPTY_MAP>
2022-04-26 01:51:43,053 [pool-152-thread-1] INFO  server.RaftServerConfigKeys (ConfUtils.java:logGet(44)) - raft.server.storage.dir = [/home/runner/work/ozone/ozone/hadoop-ozone/integration-test/target/test-dir/MiniOzoneClusterImpl-34bf0feb-fc93-4aa8-bd57-765b74b26656/datanode-4/data/ratis] (custom)
2022-04-26 01:51:43,053 [pool-152-thread-1] INFO  server.RaftServerConfigKeys (ConfUtils.java:logGet(44)) - raft.server.log.corruption.policy = EXCEPTION (default)
2022-04-26 01:51:43,053 [pool-152-thread-1] INFO  server.RaftServerConfigKeys (ConfUtils.java:logGet(44)) - raft.server.storage.free-space.min = 0MB (=0) (default)
2022-04-26 01:51:43,053 [pool-152-thread-1] INFO  storage.RaftStorageDirectory (RaftStorageDirectoryImpl.java:analyzeStorage(135)) - The storage directory /home/runner/work/ozone/ozone/hadoop-ozone/integration-test/target/test-dir/MiniOzoneClusterImpl-34bf0feb-fc93-4aa8-bd57-765b74b26656/datanode-4/data/ratis/b5a420bc-986e-42fd-bc65-969a9defd7de does not exist. Creating ...
2022-04-26 01:51:43,054 [pool-152-thread-1] INFO  storage.RaftStorageDirectory (RaftStorageDirectoryImpl.java:tryLock(230)) - Lock on /home/runner/work/ozone/ozone/hadoop-ozone/integration-test/target/test-dir/MiniOzoneClusterImpl-34bf0feb-fc93-4aa8-bd57-765b74b26656/datanode-4/data/ratis/b5a420bc-986e-42fd-bc65-969a9defd7de/in_use.lock acquired by nodename 18609@fv-az50-870
2022-04-26 01:51:43,055 [pool-152-thread-1] INFO  storage.RaftStorage (RaftStorageImpl.java:format(89)) - Storage directory /home/runner/work/ozone/ozone/hadoop-ozone/integration-test/target/test-dir/MiniOzoneClusterImpl-34bf0feb-fc93-4aa8-bd57-765b74b26656/datanode-4/data/ratis/b5a420bc-986e-42fd-bc65-969a9defd7de has been successfully formatted.
2022-04-26 01:51:43,058 [EventQueue-PipelineReportForPipelineReportHandler] INFO  pipeline.PipelineManagerImpl (PipelineManagerImpl.java:openPipeline(321)) - Pipeline Pipeline[ Id: b5a420bc-986e-42fd-bc65-969a9defd7de, Nodes: 9ce53556-8a7e-44f7-a467-494b489fc56c{ip: 10.1.0.42, host: fv-az50-870.grzltbmokehuzjyc5b133kdqgh.cx.internal.cloudapp.net, ports: [REPLICATION=40087, RATIS=45729, RATIS_ADMIN=45729, RATIS_SERVER=45729, STANDALONE=46823], networkLocation: /default-rack, certSerialId: null, persistedOpState: IN_SERVICE, persistedOpStateExpiryEpochSec: 0}, ReplicationConfig: RATIS/ONE, State:ALLOCATED, leaderId:9ce53556-8a7e-44f7-a467-494b489fc56c, CreationTimestamp2022-04-26T01:51:40.053Z[Etc/UTC]] moved to OPEN state
2022-04-26 01:51:43,058 [EventQueue-OpenPipelineForHealthyPipelineSafeModeRule] INFO  safemode.SCMSafeModeManager (HealthyPipelineSafeModeRule.java:process(124)) - SCM in safe mode. Healthy pipelines reported count is 0, required healthy pipeline reported count is 1
2022-04-26 01:51:43,060 [pool-152-thread-1] INFO  ratis.ContainerStateMachine (ContainerStateMachine.java:loadSnapshot(236)) - group-969A9DEFD7DE: The snapshot info is null. Setting the last applied indexto:(t:0, i:~)
2022-04-26 01:51:43,061 [pool-152-thread-1] INFO  server.RaftServerConfigKeys (ConfUtils.java:logGet(44)) - raft.server.notification.no-leader.timeout = 300s (custom)
2022-04-26 01:51:43,061 [pool-152-thread-1] INFO  server.RaftServerConfigKeys (ConfUtils.java:logGet(44)) - raft.server.log.use.memory = false (default)
2022-04-26 01:51:43,061 [pool-152-thread-1] INFO  server.RaftServerConfigKeys (ConfUtils.java:logGet(44)) - raft.server.log.purge.gap = 1000000 (custom)
2022-04-26 01:51:43,061 [pool-152-thread-1] INFO  server.RaftServerConfigKeys (ConfUtils.java:logGet(44)) - raft.server.log.appender.buffer.byte-limit = 33554432 (custom)
2022-04-26 01:51:43,061 [pool-152-thread-1] INFO  server.RaftServerConfigKeys (ConfUtils.java:logGet(44)) - raft.server.log.segment.size.max = 1048576 (custom)
2022-04-26 01:51:43,062 [pool-152-thread-1] INFO  server.RaftServerConfigKeys (ConfUtils.java:logGet(44)) - raft.server.log.segment.cache.num.max = 2 (custom)
2022-04-26 01:51:43,062 [pool-152-thread-1] INFO  server.RaftServerConfigKeys (ConfUtils.java:logGet(44)) - raft.server.log.segment.cache.size.max = 200MB (=209715200) (default)
2022-04-26 01:51:43,062 [pool-152-thread-1] INFO  segmented.SegmentedRaftLogWorker (SegmentedRaftLogWorker.java:<init>(182)) - new 9ce53556-8a7e-44f7-a467-494b489fc56c@group-969A9DEFD7DE-SegmentedRaftLogWorker for RaftStorageImpl:Storage Directory /home/runner/work/ozone/ozone/hadoop-ozone/integration-test/target/test-dir/MiniOzoneClusterImpl-34bf0feb-fc93-4aa8-bd57-765b74b26656/datanode-4/data/ratis/b5a420bc-986e-42fd-bc65-969a9defd7de
2022-04-26 01:51:43,062 [pool-152-thread-1] INFO  server.RaftServerConfigKeys (ConfUtils.java:logGet(44)) - raft.server.log.queue.byte-limit = 4294967296 (custom)
2022-04-26 01:51:43,062 [pool-152-thread-1] INFO  server.RaftServerConfigKeys (ConfUtils.java:logGet(44)) - raft.server.log.queue.element-limit = 1024 (custom)
2022-04-26 01:51:43,062 [pool-152-thread-1] INFO  server.RaftServerConfigKeys (ConfUtils.java:logGet(44)) - raft.server.log.segment.size.max = 1048576 (custom)
2022-04-26 01:51:43,062 [pool-152-thread-1] INFO  server.RaftServerConfigKeys (ConfUtils.java:logGet(44)) - raft.server.log.preallocated.size = 16384 (custom)
2022-04-26 01:51:43,062 [pool-152-thread-1] INFO  server.RaftServerConfigKeys (ConfUtils.java:logGet(44)) - raft.server.log.force.sync.num = 128 (default)
2022-04-26 01:51:43,062 [pool-152-thread-1] INFO  server.RaftServerConfigKeys (ConfUtils.java:logGet(44)) - raft.server.log.statemachine.data.sync = true (default)
2022-04-26 01:51:43,062 [pool-152-thread-1] INFO  server.RaftServerConfigKeys (ConfUtils.java:logGet(44)) - raft.server.log.statemachine.data.sync.timeout = 10s (default)
2022-04-26 01:51:43,062 [pool-152-thread-1] INFO  server.RaftServerConfigKeys (ConfUtils.java:logGet(44)) - raft.server.log.statemachine.data.sync.timeout.retry = -1 (default)
2022-04-26 01:51:43,063 [pool-152-thread-1] INFO  server.RaftServerConfigKeys (ConfUtils.java:logGet(44)) - raft.server.log.write.buffer.size = 1048576 (custom)
2022-04-26 01:51:43,063 [pool-152-thread-1] INFO  server.RaftServerConfigKeys (ConfUtils.java:logGet(44)) - raft.server.log.statemachine.data.caching.enabled = true (custom)
2022-04-26 01:51:43,063 [pool-152-thread-1] INFO  segmented.SegmentedRaftLogWorker (SegmentedRaftLogWorker.java:lambda$new$0(133)) - 9ce53556-8a7e-44f7-a467-494b489fc56c@group-969A9DEFD7DE-SegmentedRaftLogWorker: flushIndex: setUnconditionally 0 -> -1
2022-04-26 01:51:43,063 [pool-152-thread-1] INFO  segmented.SegmentedRaftLogWorker (SegmentedRaftLogWorker.java:lambda$new$0(133)) - 9ce53556-8a7e-44f7-a467-494b489fc56c@group-969A9DEFD7DE-SegmentedRaftLogWorker: safeCacheEvictIndex: setUnconditionally 0 -> -1
2022-04-26 01:51:43,065 [pool-152-thread-1] INFO  server.RaftServerConfigKeys (ConfUtils.java:logGet(44)) - raft.server.snapshot.auto.trigger.enabled = true (custom)
2022-04-26 01:51:43,065 [pool-152-thread-1] INFO  server.RaftServerConfigKeys (ConfUtils.java:logGet(44)) - raft.server.snapshot.auto.trigger.threshold = 10000 (custom)
2022-04-26 01:51:43,065 [pool-152-thread-1] INFO  server.RaftServerConfigKeys (ConfUtils.java:logGet(44)) - raft.server.snapshot.retention.file.num = 5 (custom)
2022-04-26 01:51:43,065 [pool-152-thread-1] INFO  server.RaftServerConfigKeys (ConfUtils.java:logGet(44)) - raft.server.log.purge.upto.snapshot.index = false (default)
2022-04-26 01:51:43,065 [pool-152-thread-1] INFO  server.RaftServerConfigKeys (ConfUtils.java:logGet(44)) - raft.server.retrycache.expirytime = 600000ms (custom)
2022-04-26 01:51:43,065 [pool-152-thread-1] INFO  server.RaftServerConfigKeys (ConfUtils.java:logGet(44)) - raft.server.retrycache.statistics.expirytime = 100μs (default)
2022-04-26 01:51:43,066 [pool-152-thread-1] INFO  server.RaftServer$Division (RaftServerImpl.java:start(301)) - 9ce53556-8a7e-44f7-a467-494b489fc56c@group-969A9DEFD7DE: start as a follower, conf=-1: [9ce53556-8a7e-44f7-a467-494b489fc56c|rpc:10.1.0.42:45729|priority:1], old=null
2022-04-26 01:51:43,066 [pool-152-thread-1] INFO  server.RaftServer$Division (RaftServerImpl.java:setRole(290)) - 9ce53556-8a7e-44f7-a467-494b489fc56c@group-969A9DEFD7DE: changes role from      null to FOLLOWER at term 0 for startAsFollower
2022-04-26 01:51:43,066 [pool-152-thread-1] INFO  impl.RoleInfo (RoleInfo.java:updateAndGet(130)) - 9ce53556-8a7e-44f7-a467-494b489fc56c: start 9ce53556-8a7e-44f7-a467-494b489fc56c@group-969A9DEFD7DE-FollowerState
2022-04-26 01:51:43,069 [pool-152-thread-1] INFO  util.JmxRegister (JmxRegister.java:tryRegister(44)) - Successfully registered JMX Bean with object name Ratis:service=RaftServer,group=group-969A9DEFD7DE,id=9ce53556-8a7e-44f7-a467-494b489fc56c
2022-04-26 01:51:43,070 [Command processor thread] INFO  ratis.XceiverServerRatis (XceiverServerRatis.java:addGroup(765)) - Created group PipelineID=b5a420bc-986e-42fd-bc65-969a9defd7de
2022-04-26 01:51:43,070 [Command processor thread] INFO  commandhandler.CreatePipelineCommandHandler (CreatePipelineCommandHandler.java:handle(113)) - Created Pipeline RATIS ONE PipelineID=b5a420bc-986e-42fd-bc65-969a9defd7de.
2022-04-26 01:51:44,041 [Listener at 127.0.0.1/44011] INFO  ozone.MiniOzoneClusterImpl (MiniOzoneClusterImpl.java:lambda$waitForClusterToBeReady$0(221)) - Nodes are ready. Got 5 of 5 DN Heartbeats.
2022-04-26 01:51:44,041 [Listener at 127.0.0.1/44011] INFO  ozone.MiniOzoneClusterImpl (MiniOzoneClusterImpl.java:lambda$waitForClusterToBeReady$0(224)) - Waiting for cluster to exit safe mode
2022-04-26 01:51:44,042 [Listener at 127.0.0.1/44011] INFO  ozone.MiniOzoneClusterImpl (MiniOzoneClusterImpl.java:lambda$waitForClusterToBeReady$0(226)) - SCM became leader
2022-04-26 01:51:45,042 [Listener at 127.0.0.1/44011] INFO  ozone.MiniOzoneClusterImpl (MiniOzoneClusterImpl.java:lambda$waitForClusterToBeReady$0(221)) - Nodes are ready. Got 5 of 5 DN Heartbeats.
2022-04-26 01:51:45,042 [Listener at 127.0.0.1/44011] INFO  ozone.MiniOzoneClusterImpl (MiniOzoneClusterImpl.java:lambda$waitForClusterToBeReady$0(224)) - Waiting for cluster to exit safe mode
2022-04-26 01:51:45,042 [Listener at 127.0.0.1/44011] INFO  ozone.MiniOzoneClusterImpl (MiniOzoneClusterImpl.java:lambda$waitForClusterToBeReady$0(226)) - SCM became leader
2022-04-26 01:51:46,043 [Listener at 127.0.0.1/44011] INFO  ozone.MiniOzoneClusterImpl (MiniOzoneClusterImpl.java:lambda$waitForClusterToBeReady$0(221)) - Nodes are ready. Got 5 of 5 DN Heartbeats.
2022-04-26 01:51:46,043 [Listener at 127.0.0.1/44011] INFO  ozone.MiniOzoneClusterImpl (MiniOzoneClusterImpl.java:lambda$waitForClusterToBeReady$0(224)) - Waiting for cluster to exit safe mode
2022-04-26 01:51:46,043 [Listener at 127.0.0.1/44011] INFO  ozone.MiniOzoneClusterImpl (MiniOzoneClusterImpl.java:lambda$waitForClusterToBeReady$0(226)) - SCM became leader
2022-04-26 01:51:47,043 [Listener at 127.0.0.1/44011] INFO  ozone.MiniOzoneClusterImpl (MiniOzoneClusterImpl.java:lambda$waitForClusterToBeReady$0(221)) - Nodes are ready. Got 5 of 5 DN Heartbeats.
2022-04-26 01:51:47,044 [Listener at 127.0.0.1/44011] INFO  ozone.MiniOzoneClusterImpl (MiniOzoneClusterImpl.java:lambda$waitForClusterToBeReady$0(224)) - Waiting for cluster to exit safe mode
2022-04-26 01:51:47,044 [Listener at 127.0.0.1/44011] INFO  ozone.MiniOzoneClusterImpl (MiniOzoneClusterImpl.java:lambda$waitForClusterToBeReady$0(226)) - SCM became leader
2022-04-26 01:51:47,179 [b224c1cc-f2f1-4e28-bfd3-9ebcae4e38f6@group-40704FEF8141-FollowerState] INFO  impl.FollowerState (FollowerState.java:run(134)) - b224c1cc-f2f1-4e28-bfd3-9ebcae4e38f6@group-40704FEF8141-FollowerState: change to CANDIDATE, lastRpcElapsedTime:5044414178ns, electionTimeout:5038ms
2022-04-26 01:51:47,180 [b224c1cc-f2f1-4e28-bfd3-9ebcae4e38f6@group-40704FEF8141-FollowerState] INFO  impl.RoleInfo (RoleInfo.java:shutdownFollowerState(108)) - b224c1cc-f2f1-4e28-bfd3-9ebcae4e38f6: shutdown b224c1cc-f2f1-4e28-bfd3-9ebcae4e38f6@group-40704FEF8141-FollowerState
2022-04-26 01:51:47,180 [b224c1cc-f2f1-4e28-bfd3-9ebcae4e38f6@group-40704FEF8141-FollowerState] INFO  server.RaftServer$Division (RaftServerImpl.java:setRole(290)) - b224c1cc-f2f1-4e28-bfd3-9ebcae4e38f6@group-40704FEF8141: changes role from  FOLLOWER to CANDIDATE at term 0 for changeToCandidate
2022-04-26 01:51:47,180 [b224c1cc-f2f1-4e28-bfd3-9ebcae4e38f6@group-40704FEF8141-FollowerState] INFO  server.RaftServerConfigKeys (ConfUtils.java:logGet(44)) - raft.server.leaderelection.pre-vote = false (custom)
2022-04-26 01:51:47,180 [b224c1cc-f2f1-4e28-bfd3-9ebcae4e38f6@group-40704FEF8141-FollowerState] INFO  impl.RoleInfo (RoleInfo.java:updateAndGet(130)) - b224c1cc-f2f1-4e28-bfd3-9ebcae4e38f6: start b224c1cc-f2f1-4e28-bfd3-9ebcae4e38f6@group-40704FEF8141-LeaderElection2
2022-04-26 01:51:47,183 [b224c1cc-f2f1-4e28-bfd3-9ebcae4e38f6@group-40704FEF8141-LeaderElection2] INFO  impl.LeaderElection (LeaderElection.java:askForVotes(306)) - b224c1cc-f2f1-4e28-bfd3-9ebcae4e38f6@group-40704FEF8141-LeaderElection2 ELECTION round 0: submit vote requests at term 1 for -1: [b224c1cc-f2f1-4e28-bfd3-9ebcae4e38f6|rpc:10.1.0.42:33753|priority:1], old=null
2022-04-26 01:51:47,183 [b224c1cc-f2f1-4e28-bfd3-9ebcae4e38f6@group-40704FEF8141-LeaderElection2] INFO  impl.LeaderElection (LeaderElection.java:askForVotes(308)) - b224c1cc-f2f1-4e28-bfd3-9ebcae4e38f6@group-40704FEF8141-LeaderElection2 ELECTION round 0: result PASSED (term=1)
2022-04-26 01:51:47,183 [b224c1cc-f2f1-4e28-bfd3-9ebcae4e38f6@group-40704FEF8141-LeaderElection2] INFO  impl.RoleInfo (RoleInfo.java:shutdownLeaderElection(121)) - b224c1cc-f2f1-4e28-bfd3-9ebcae4e38f6: shutdown b224c1cc-f2f1-4e28-bfd3-9ebcae4e38f6@group-40704FEF8141-LeaderElection2
2022-04-26 01:51:47,183 [b224c1cc-f2f1-4e28-bfd3-9ebcae4e38f6@group-40704FEF8141-LeaderElection2] INFO  server.RaftServer$Division (RaftServerImpl.java:setRole(290)) - b224c1cc-f2f1-4e28-bfd3-9ebcae4e38f6@group-40704FEF8141: changes role from CANDIDATE to LEADER at term 1 for changeToLeader
2022-04-26 01:51:47,183 [b224c1cc-f2f1-4e28-bfd3-9ebcae4e38f6@group-40704FEF8141-LeaderElection2] INFO  ratis.XceiverServerRatis (XceiverServerRatis.java:handleLeaderChangedNotification(863)) - Leader change notification received for group: group-40704FEF8141 with new leaderId: b224c1cc-f2f1-4e28-bfd3-9ebcae4e38f6
2022-04-26 01:51:47,183 [b224c1cc-f2f1-4e28-bfd3-9ebcae4e38f6@group-40704FEF8141-LeaderElection2] INFO  server.RaftServer$Division (ServerState.java:setLeader(285)) - b224c1cc-f2f1-4e28-bfd3-9ebcae4e38f6@group-40704FEF8141: change Leader from null to b224c1cc-f2f1-4e28-bfd3-9ebcae4e38f6 at term 1 for becomeLeader, leader elected after 5061ms
2022-04-26 01:51:47,184 [b224c1cc-f2f1-4e28-bfd3-9ebcae4e38f6@group-40704FEF8141-LeaderElection2] INFO  server.RaftServerConfigKeys (ConfUtils.java:logGet(44)) - raft.server.staging.catchup.gap = 1000 (default)
2022-04-26 01:51:47,184 [b224c1cc-f2f1-4e28-bfd3-9ebcae4e38f6@group-40704FEF8141-LeaderElection2] INFO  server.RaftServerConfigKeys (ConfUtils.java:logGet(44)) - raft.server.write.element-limit = 1024 (custom)
2022-04-26 01:51:47,184 [b224c1cc-f2f1-4e28-bfd3-9ebcae4e38f6@group-40704FEF8141-LeaderElection2] INFO  server.RaftServerConfigKeys (ConfUtils.java:logGet(44)) - raft.server.write.byte-limit = 1024 M (=1073741824) (custom)
2022-04-26 01:51:47,184 [b224c1cc-f2f1-4e28-bfd3-9ebcae4e38f6@group-40704FEF8141-LeaderElection2] INFO  server.RaftServerConfigKeys (ConfUtils.java:logGet(44)) - raft.server.watch.timeout = 180s (custom)
2022-04-26 01:51:47,184 [b224c1cc-f2f1-4e28-bfd3-9ebcae4e38f6@group-40704FEF8141-LeaderElection2] INFO  server.RaftServerConfigKeys (ConfUtils.java:logGet(44)) - raft.server.watch.timeout.denomination = 1s (default)
2022-04-26 01:51:47,184 [b224c1cc-f2f1-4e28-bfd3-9ebcae4e38f6@group-40704FEF8141-LeaderElection2] INFO  server.RaftServerConfigKeys (ConfUtils.java:logGet(44)) - raft.server.watch.element-limit = 65536 (default)
2022-04-26 01:51:47,184 [b224c1cc-f2f1-4e28-bfd3-9ebcae4e38f6@group-40704FEF8141-LeaderElection2] INFO  server.RaftServerConfigKeys (ConfUtils.java:logGet(44)) - raft.server.write.element-limit = 1024 (custom)
2022-04-26 01:51:47,184 [b224c1cc-f2f1-4e28-bfd3-9ebcae4e38f6@group-40704FEF8141-LeaderElection2] INFO  server.RaftServerConfigKeys (ConfUtils.java:logGet(44)) - raft.server.write.follower.gap.ratio.max = -1.0 (default)
2022-04-26 01:51:47,185 [b224c1cc-f2f1-4e28-bfd3-9ebcae4e38f6@group-40704FEF8141-LeaderElection2] INFO  impl.RoleInfo (RoleInfo.java:updateAndGet(130)) - b224c1cc-f2f1-4e28-bfd3-9ebcae4e38f6: start b224c1cc-f2f1-4e28-bfd3-9ebcae4e38f6@group-40704FEF8141-LeaderStateImpl
2022-04-26 01:51:47,185 [b224c1cc-f2f1-4e28-bfd3-9ebcae4e38f6@group-40704FEF8141-LeaderElection2] INFO  segmented.SegmentedRaftLogWorker (SegmentedRaftLogWorker.java:startLogSegment(394)) - b224c1cc-f2f1-4e28-bfd3-9ebcae4e38f6@group-40704FEF8141-SegmentedRaftLogWorker: Starting segment from index:0
2022-04-26 01:51:47,186 [b224c1cc-f2f1-4e28-bfd3-9ebcae4e38f6@group-40704FEF8141-SegmentedRaftLogWorker] INFO  segmented.SegmentedRaftLogWorker (SegmentedRaftLogWorker.java:execute(601)) - b224c1cc-f2f1-4e28-bfd3-9ebcae4e38f6@group-40704FEF8141-SegmentedRaftLogWorker: created new log segment /home/runner/work/ozone/ozone/hadoop-ozone/integration-test/target/test-dir/MiniOzoneClusterImpl-34bf0feb-fc93-4aa8-bd57-765b74b26656/datanode-0/data/ratis/ce6033e1-c611-44f8-9d6d-40704fef8141/current/log_inprogress_0
2022-04-26 01:51:47,187 [EventQueue-OpenPipelineForHealthyPipelineSafeModeRule] INFO  safemode.SCMSafeModeManager (HealthyPipelineSafeModeRule.java:process(124)) - SCM in safe mode. Healthy pipelines reported count is 0, required healthy pipeline reported count is 1
2022-04-26 01:51:47,189 [b224c1cc-f2f1-4e28-bfd3-9ebcae4e38f6@group-40704FEF8141-LeaderElection2] INFO  server.RaftServer$Division (ServerState.java:setRaftConf(387)) - b224c1cc-f2f1-4e28-bfd3-9ebcae4e38f6@group-40704FEF8141: set configuration 0: [b224c1cc-f2f1-4e28-bfd3-9ebcae4e38f6|rpc:10.1.0.42:33753|dataStream:|priority:1], old=null
2022-04-26 01:51:47,275 [b224c1cc-f2f1-4e28-bfd3-9ebcae4e38f6@group-BFF32E3A7135-FollowerState] INFO  impl.FollowerState (FollowerState.java:run(134)) - b224c1cc-f2f1-4e28-bfd3-9ebcae4e38f6@group-BFF32E3A7135-FollowerState: change to CANDIDATE, lastRpcElapsedTime:5106211507ns, electionTimeout:5105ms
2022-04-26 01:51:47,276 [b224c1cc-f2f1-4e28-bfd3-9ebcae4e38f6@group-BFF32E3A7135-FollowerState] INFO  impl.RoleInfo (RoleInfo.java:shutdownFollowerState(108)) - b224c1cc-f2f1-4e28-bfd3-9ebcae4e38f6: shutdown b224c1cc-f2f1-4e28-bfd3-9ebcae4e38f6@group-BFF32E3A7135-FollowerState
2022-04-26 01:51:47,276 [b224c1cc-f2f1-4e28-bfd3-9ebcae4e38f6@group-BFF32E3A7135-FollowerState] INFO  server.RaftServer$Division (RaftServerImpl.java:setRole(290)) - b224c1cc-f2f1-4e28-bfd3-9ebcae4e38f6@group-BFF32E3A7135: changes role from  FOLLOWER to CANDIDATE at term 0 for changeToCandidate
2022-04-26 01:51:47,276 [b224c1cc-f2f1-4e28-bfd3-9ebcae4e38f6@group-BFF32E3A7135-FollowerState] INFO  server.RaftServerConfigKeys (ConfUtils.java:logGet(44)) - raft.server.leaderelection.pre-vote = false (custom)
2022-04-26 01:51:47,276 [b224c1cc-f2f1-4e28-bfd3-9ebcae4e38f6@group-BFF32E3A7135-FollowerState] INFO  impl.RoleInfo (RoleInfo.java:updateAndGet(130)) - b224c1cc-f2f1-4e28-bfd3-9ebcae4e38f6: start b224c1cc-f2f1-4e28-bfd3-9ebcae4e38f6@group-BFF32E3A7135-LeaderElection3
2022-04-26 01:51:47,278 [b224c1cc-f2f1-4e28-bfd3-9ebcae4e38f6@group-BFF32E3A7135-LeaderElection3] INFO  impl.LeaderElection (LeaderElection.java:askForVotes(306)) - b224c1cc-f2f1-4e28-bfd3-9ebcae4e38f6@group-BFF32E3A7135-LeaderElection3 ELECTION round 0: submit vote requests at term 1 for -1: [b224c1cc-f2f1-4e28-bfd3-9ebcae4e38f6|rpc:10.1.0.42:33753|priority:1, e85881fc-38b9-422c-97f9-58a2dbde84eb|rpc:10.1.0.42:46161|priority:0, 0ef21c9d-d35f-446f-9851-8d806d67bbee|rpc:10.1.0.42:45405|priority:0], old=null
2022-04-26 01:51:47,295 [grpc-default-executor-2] INFO  server.RaftServer$Division (RaftServerImpl.java:requestVote(1046)) - 0ef21c9d-d35f-446f-9851-8d806d67bbee@group-BFF32E3A7135: receive requestVote(ELECTION, b224c1cc-f2f1-4e28-bfd3-9ebcae4e38f6, group-BFF32E3A7135, 1, (t:0, i:0))
2022-04-26 01:51:47,297 [grpc-default-executor-2] INFO  impl.VoteContext (VoteContext.java:log(48)) - 0ef21c9d-d35f-446f-9851-8d806d67bbee@group-BFF32E3A7135-FOLLOWER: accept ELECTION from b224c1cc-f2f1-4e28-bfd3-9ebcae4e38f6: our priority 0 <= candidate's priority 1
2022-04-26 01:51:47,297 [grpc-default-executor-2] INFO  server.RaftServer$Division (RaftServerImpl.java:setRole(290)) - 0ef21c9d-d35f-446f-9851-8d806d67bbee@group-BFF32E3A7135: changes role from  FOLLOWER to FOLLOWER at term 1 for candidate:b224c1cc-f2f1-4e28-bfd3-9ebcae4e38f6
2022-04-26 01:51:47,297 [grpc-default-executor-2] INFO  impl.RoleInfo (RoleInfo.java:shutdownFollowerState(108)) - 0ef21c9d-d35f-446f-9851-8d806d67bbee: shutdown 0ef21c9d-d35f-446f-9851-8d806d67bbee@group-BFF32E3A7135-FollowerState
2022-04-26 01:51:47,297 [grpc-default-executor-2] INFO  impl.RoleInfo (RoleInfo.java:updateAndGet(130)) - 0ef21c9d-d35f-446f-9851-8d806d67bbee: start 0ef21c9d-d35f-446f-9851-8d806d67bbee@group-BFF32E3A7135-FollowerState
2022-04-26 01:51:47,298 [0ef21c9d-d35f-446f-9851-8d806d67bbee@group-BFF32E3A7135-FollowerState] INFO  impl.FollowerState (FollowerState.java:run(143)) - 0ef21c9d-d35f-446f-9851-8d806d67bbee@group-BFF32E3A7135-FollowerState was interrupted: {}
java.lang.InterruptedException: sleep interrupted
	at java.lang.Thread.sleep(Native Method)
	at java.lang.Thread.sleep(Thread.java:342)
	at java.util.concurrent.TimeUnit.sleep(TimeUnit.java:386)
	at org.apache.ratis.util.TimeDuration.sleep(TimeDuration.java:324)
	at org.apache.ratis.util.TimeDuration.sleep(TimeDuration.java:309)
	at org.apache.ratis.server.impl.FollowerState.run(FollowerState.java:118)
2022-04-26 01:51:47,307 [grpc-default-executor-0] INFO  server.RaftServer$Division (RaftServerImpl.java:requestVote(1046)) - e85881fc-38b9-422c-97f9-58a2dbde84eb@group-BFF32E3A7135: receive requestVote(ELECTION, b224c1cc-f2f1-4e28-bfd3-9ebcae4e38f6, group-BFF32E3A7135, 1, (t:0, i:0))
2022-04-26 01:51:47,307 [grpc-default-executor-0] INFO  impl.VoteContext (VoteContext.java:log(48)) - e85881fc-38b9-422c-97f9-58a2dbde84eb@group-BFF32E3A7135-FOLLOWER: accept ELECTION from b224c1cc-f2f1-4e28-bfd3-9ebcae4e38f6: our priority 0 <= candidate's priority 1
2022-04-26 01:51:47,309 [grpc-default-executor-0] INFO  server.RaftServer$Division (RaftServerImpl.java:setRole(290)) - e85881fc-38b9-422c-97f9-58a2dbde84eb@group-BFF32E3A7135: changes role from  FOLLOWER to FOLLOWER at term 1 for candidate:b224c1cc-f2f1-4e28-bfd3-9ebcae4e38f6
2022-04-26 01:51:47,309 [grpc-default-executor-0] INFO  impl.RoleInfo (RoleInfo.java:shutdownFollowerState(108)) - e85881fc-38b9-422c-97f9-58a2dbde84eb: shutdown e85881fc-38b9-422c-97f9-58a2dbde84eb@group-BFF32E3A7135-FollowerState
2022-04-26 01:51:47,309 [grpc-default-executor-0] INFO  impl.RoleInfo (RoleInfo.java:updateAndGet(130)) - e85881fc-38b9-422c-97f9-58a2dbde84eb: start e85881fc-38b9-422c-97f9-58a2dbde84eb@group-BFF32E3A7135-FollowerState
2022-04-26 01:51:47,310 [e85881fc-38b9-422c-97f9-58a2dbde84eb@group-BFF32E3A7135-FollowerState] INFO  impl.FollowerState (FollowerState.java:run(143)) - e85881fc-38b9-422c-97f9-58a2dbde84eb@group-BFF32E3A7135-FollowerState was interrupted: {}
java.lang.InterruptedException: sleep interrupted
	at java.lang.Thread.sleep(Native Method)
	at java.lang.Thread.sleep(Thread.java:342)
	at java.util.concurrent.TimeUnit.sleep(TimeUnit.java:386)
	at org.apache.ratis.util.TimeDuration.sleep(TimeDuration.java:324)
	at org.apache.ratis.util.TimeDuration.sleep(TimeDuration.java:309)
	at org.apache.ratis.server.impl.FollowerState.run(FollowerState.java:118)
2022-04-26 01:51:47,313 [grpc-default-executor-0] INFO  server.RaftServer$Division (RaftServerImpl.java:requestVote(1078)) - e85881fc-38b9-422c-97f9-58a2dbde84eb@group-BFF32E3A7135 replies to ELECTION vote request: b224c1cc-f2f1-4e28-bfd3-9ebcae4e38f6<-e85881fc-38b9-422c-97f9-58a2dbde84eb#0:OK-t1. Peer's state: e85881fc-38b9-422c-97f9-58a2dbde84eb@group-BFF32E3A7135:t1, leader=null, voted=b224c1cc-f2f1-4e28-bfd3-9ebcae4e38f6, raftlog=e85881fc-38b9-422c-97f9-58a2dbde84eb@group-BFF32E3A7135-SegmentedRaftLog:OPENED:c-1, conf=-1: [b224c1cc-f2f1-4e28-bfd3-9ebcae4e38f6|rpc:10.1.0.42:33753|priority:1, e85881fc-38b9-422c-97f9-58a2dbde84eb|rpc:10.1.0.42:46161|priority:0, 0ef21c9d-d35f-446f-9851-8d806d67bbee|rpc:10.1.0.42:45405|priority:0], old=null
2022-04-26 01:51:47,322 [grpc-default-executor-2] INFO  server.RaftServer$Division (RaftServerImpl.java:requestVote(1078)) - 0ef21c9d-d35f-446f-9851-8d806d67bbee@group-BFF32E3A7135 replies to ELECTION vote request: b224c1cc-f2f1-4e28-bfd3-9ebcae4e38f6<-0ef21c9d-d35f-446f-9851-8d806d67bbee#0:OK-t1. Peer's state: 0ef21c9d-d35f-446f-9851-8d806d67bbee@group-BFF32E3A7135:t1, leader=null, voted=b224c1cc-f2f1-4e28-bfd3-9ebcae4e38f6, raftlog=0ef21c9d-d35f-446f-9851-8d806d67bbee@group-BFF32E3A7135-SegmentedRaftLog:OPENED:c-1, conf=-1: [b224c1cc-f2f1-4e28-bfd3-9ebcae4e38f6|rpc:10.1.0.42:33753|priority:1, e85881fc-38b9-422c-97f9-58a2dbde84eb|rpc:10.1.0.42:46161|priority:0, 0ef21c9d-d35f-446f-9851-8d806d67bbee|rpc:10.1.0.42:45405|priority:0], old=null
2022-04-26 01:51:47,327 [b224c1cc-f2f1-4e28-bfd3-9ebcae4e38f6@group-BFF32E3A7135-LeaderElection3] INFO  impl.LeaderElection (LeaderElection.java:logAndReturn(89)) - b224c1cc-f2f1-4e28-bfd3-9ebcae4e38f6@group-BFF32E3A7135-LeaderElection3: ELECTION PASSED received 1 response(s) and 0 exception(s):
2022-04-26 01:51:47,328 [b224c1cc-f2f1-4e28-bfd3-9ebcae4e38f6@group-BFF32E3A7135-LeaderElection3] INFO  impl.LeaderElection (LeaderElection.java:logAndReturn(93)) -   Response 0: b224c1cc-f2f1-4e28-bfd3-9ebcae4e38f6<-e85881fc-38b9-422c-97f9-58a2dbde84eb#0:OK-t1
2022-04-26 01:51:47,328 [b224c1cc-f2f1-4e28-bfd3-9ebcae4e38f6@group-BFF32E3A7135-LeaderElection3] INFO  impl.LeaderElection (LeaderElection.java:askForVotes(308)) - b224c1cc-f2f1-4e28-bfd3-9ebcae4e38f6@group-BFF32E3A7135-LeaderElection3 ELECTION round 0: result PASSED
2022-04-26 01:51:47,328 [b224c1cc-f2f1-4e28-bfd3-9ebcae4e38f6@group-BFF32E3A7135-LeaderElection3] INFO  impl.RoleInfo (RoleInfo.java:shutdownLeaderElection(121)) - b224c1cc-f2f1-4e28-bfd3-9ebcae4e38f6: shutdown b224c1cc-f2f1-4e28-bfd3-9ebcae4e38f6@group-BFF32E3A7135-LeaderElection3
2022-04-26 01:51:47,328 [b224c1cc-f2f1-4e28-bfd3-9ebcae4e38f6@group-BFF32E3A7135-LeaderElection3] INFO  server.RaftServer$Division (RaftServerImpl.java:setRole(290)) - b224c1cc-f2f1-4e28-bfd3-9ebcae4e38f6@group-BFF32E3A7135: changes role from CANDIDATE to LEADER at term 1 for changeToLeader
2022-04-26 01:51:47,328 [b224c1cc-f2f1-4e28-bfd3-9ebcae4e38f6@group-BFF32E3A7135-LeaderElection3] INFO  ratis.XceiverServerRatis (XceiverServerRatis.java:handleLeaderChangedNotification(863)) - Leader change notification received for group: group-BFF32E3A7135 with new leaderId: b224c1cc-f2f1-4e28-bfd3-9ebcae4e38f6
2022-04-26 01:51:47,328 [b224c1cc-f2f1-4e28-bfd3-9ebcae4e38f6@group-BFF32E3A7135-LeaderElection3] INFO  server.RaftServer$Division (ServerState.java:setLeader(285)) - b224c1cc-f2f1-4e28-bfd3-9ebcae4e38f6@group-BFF32E3A7135: change Leader from null to b224c1cc-f2f1-4e28-bfd3-9ebcae4e38f6 at term 1 for becomeLeader, leader elected after 5169ms
2022-04-26 01:51:47,329 [b224c1cc-f2f1-4e28-bfd3-9ebcae4e38f6@group-BFF32E3A7135-LeaderElection3] INFO  server.RaftServerConfigKeys (ConfUtils.java:logGet(44)) - raft.server.staging.catchup.gap = 1000 (default)
2022-04-26 01:51:47,329 [b224c1cc-f2f1-4e28-bfd3-9ebcae4e38f6@group-BFF32E3A7135-LeaderElection3] INFO  server.RaftServerConfigKeys (ConfUtils.java:logGet(44)) - raft.server.write.element-limit = 1024 (custom)
2022-04-26 01:51:47,329 [b224c1cc-f2f1-4e28-bfd3-9ebcae4e38f6@group-BFF32E3A7135-LeaderElection3] INFO  server.RaftServerConfigKeys (ConfUtils.java:logGet(44)) - raft.server.write.byte-limit = 1024 M (=1073741824) (custom)
2022-04-26 01:51:47,329 [b224c1cc-f2f1-4e28-bfd3-9ebcae4e38f6@group-BFF32E3A7135-LeaderElection3] INFO  server.RaftServerConfigKeys (ConfUtils.java:logGet(44)) - raft.server.watch.timeout = 180s (custom)
2022-04-26 01:51:47,329 [b224c1cc-f2f1-4e28-bfd3-9ebcae4e38f6@group-BFF32E3A7135-LeaderElection3] INFO  server.RaftServerConfigKeys (ConfUtils.java:logGet(44)) - raft.server.watch.timeout.denomination = 1s (default)
2022-04-26 01:51:47,330 [b224c1cc-f2f1-4e28-bfd3-9ebcae4e38f6@group-BFF32E3A7135-LeaderElection3] INFO  server.RaftServerConfigKeys (ConfUtils.java:logGet(44)) - raft.server.watch.element-limit = 65536 (default)
2022-04-26 01:51:47,330 [b224c1cc-f2f1-4e28-bfd3-9ebcae4e38f6@group-BFF32E3A7135-LeaderElection3] INFO  server.RaftServerConfigKeys (ConfUtils.java:logGet(44)) - raft.server.write.element-limit = 1024 (custom)
2022-04-26 01:51:47,330 [b224c1cc-f2f1-4e28-bfd3-9ebcae4e38f6@group-BFF32E3A7135-LeaderElection3] INFO  server.RaftServerConfigKeys (ConfUtils.java:logGet(44)) - raft.server.write.follower.gap.ratio.max = -1.0 (default)
2022-04-26 01:51:47,331 [EventQueue-PipelineReportForPipelineReportHandler] INFO  pipeline.PipelineManagerImpl (PipelineManagerImpl.java:openPipeline(321)) - Pipeline Pipeline[ Id: 0dd4f3cb-0572-4edc-80cd-bff32e3a7135, Nodes: e85881fc-38b9-422c-97f9-58a2dbde84eb{ip: 10.1.0.42, host: fv-az50-870.grzltbmokehuzjyc5b133kdqgh.cx.internal.cloudapp.net, ports: [REPLICATION=36317, RATIS=46161, RATIS_ADMIN=46161, RATIS_SERVER=46161, STANDALONE=41533], networkLocation: /default-rack, certSerialId: null, persistedOpState: IN_SERVICE, persistedOpStateExpiryEpochSec: 0}0ef21c9d-d35f-446f-9851-8d806d67bbee{ip: 10.1.0.42, host: fv-az50-870.grzltbmokehuzjyc5b133kdqgh.cx.internal.cloudapp.net, ports: [REPLICATION=45041, RATIS=45405, RATIS_ADMIN=45405, RATIS_SERVER=45405, STANDALONE=36865], networkLocation: /default-rack, certSerialId: null, persistedOpState: IN_SERVICE, persistedOpStateExpiryEpochSec: 0}b224c1cc-f2f1-4e28-bfd3-9ebcae4e38f6{ip: 10.1.0.42, host: fv-az50-870.grzltbmokehuzjyc5b133kdqgh.cx.internal.cloudapp.net, ports: [REPLICATION=46725, RATIS=33753, RATIS_ADMIN=33753, RATIS_SERVER=33753, STANDALONE=33237], networkLocation: /default-rack, certSerialId: null, persistedOpState: IN_SERVICE, persistedOpStateExpiryEpochSec: 0}, ReplicationConfig: RATIS/THREE, State:ALLOCATED, leaderId:b224c1cc-f2f1-4e28-bfd3-9ebcae4e38f6, CreationTimestamp2022-04-26T01:51:39.537Z[Etc/UTC]] moved to OPEN state
2022-04-26 01:51:47,333 [EventQueue-OpenPipelineForHealthyPipelineSafeModeRule] INFO  safemode.SCMSafeModeManager (HealthyPipelineSafeModeRule.java:process(124)) - SCM in safe mode. Healthy pipelines reported count is 1, required healthy pipeline reported count is 1
2022-04-26 01:51:47,333 [EventQueue-OpenPipelineForHealthyPipelineSafeModeRule] INFO  safemode.SCMSafeModeManager (SCMSafeModeManager.java:validateSafeModeExitRules(204)) - HealthyPipelineSafeModeRule rule is successfully validated
2022-04-26 01:51:47,333 [EventQueue-OpenPipelineForHealthyPipelineSafeModeRule] INFO  safemode.SCMSafeModeManager (SCMSafeModeManager.java:validateSafeModeExitRules(219)) - ScmSafeModeManager, all rules are successfully validated
2022-04-26 01:51:47,333 [EventQueue-OpenPipelineForHealthyPipelineSafeModeRule] INFO  safemode.SCMSafeModeManager (SCMSafeModeManager.java:exitSafeMode(248)) - SCM exiting safe mode.
2022-04-26 01:51:47,333 [EventQueue-OpenPipelineForHealthyPipelineSafeModeRule] WARN  events.EventQueue (EventQueue.java:fireEvent(194)) - No event handler registered for event TypedEvent{payloadType=SafeModeStatus, name='Safe mode status'}
2022-04-26 01:51:47,333 [EventQueue-OpenPipelineForHealthyPipelineSafeModeRule] INFO  ha.SCMContext (SCMContext.java:updateSafeModeStatus(211)) - Update SafeModeStatus from SafeModeStatus{safeModeStatus=true, preCheckPassed=true} to SafeModeStatus{safeModeStatus=false, preCheckPassed=true}.
2022-04-26 01:51:47,333 [EventQueue-OpenPipelineForHealthyPipelineSafeModeRule] INFO  pipeline.BackgroundPipelineCreator (BackgroundPipelineCreator.java:notifyStatusChanged(263)) - Service BackgroundPipelineCreator transitions to RUNNING.
2022-04-26 01:51:47,333 [EventQueue-OpenPipelineForHealthyPipelineSafeModeRule] INFO  container.ReplicationManager (ReplicationManager.java:notifyStatusChanged(1815)) - Service ReplicationManager transitions to RUNNING.
2022-04-26 01:51:47,337 [b224c1cc-f2f1-4e28-bfd3-9ebcae4e38f6@group-BFF32E3A7135-LeaderElection3] INFO  server.RaftServerConfigKeys (ConfUtils.java:logGet(44)) - raft.server.log.appender.snapshot.chunk.size.max = 16MB (=16777216) (default)
2022-04-26 01:51:47,337 [b224c1cc-f2f1-4e28-bfd3-9ebcae4e38f6@group-BFF32E3A7135-LeaderElection3] INFO  server.RaftServerConfigKeys (ConfUtils.java:logGet(44)) - raft.server.log.appender.buffer.byte-limit = 33554432 (custom)
2022-04-26 01:51:47,337 [b224c1cc-f2f1-4e28-bfd3-9ebcae4e38f6@group-BFF32E3A7135-LeaderElection3] INFO  server.RaftServerConfigKeys (ConfUtils.java:logGet(44)) - raft.server.log.appender.buffer.element-limit = 1 (custom)
2022-04-26 01:51:47,340 [b224c1cc-f2f1-4e28-bfd3-9ebcae4e38f6@group-BFF32E3A7135-LeaderElection3] INFO  grpc.GrpcConfigKeys (ConfUtils.java:logGet(44)) - raft.grpc.server.leader.outstanding.appends.max = 128 (default)
2022-04-26 01:51:47,340 [b224c1cc-f2f1-4e28-bfd3-9ebcae4e38f6@group-BFF32E3A7135-LeaderElection3] INFO  server.RaftServerConfigKeys (ConfUtils.java:logGet(44)) - raft.server.rpc.request.timeout = 60s (custom)
2022-04-26 01:51:47,340 [b224c1cc-f2f1-4e28-bfd3-9ebcae4e38f6@group-BFF32E3A7135-LeaderElection3] INFO  server.RaftServerConfigKeys (ConfUtils.java:logGet(44)) - raft.server.log.appender.install.snapshot.enabled = false (custom)
2022-04-26 01:51:47,343 [b224c1cc-f2f1-4e28-bfd3-9ebcae4e38f6@group-BFF32E3A7135-LeaderElection3] INFO  server.RaftServerConfigKeys (ConfUtils.java:logGet(44)) - raft.server.log.appender.snapshot.chunk.size.max = 16MB (=16777216) (default)
2022-04-26 01:51:47,343 [b224c1cc-f2f1-4e28-bfd3-9ebcae4e38f6@group-BFF32E3A7135-LeaderElection3] INFO  server.RaftServerConfigKeys (ConfUtils.java:logGet(44)) - raft.server.log.appender.buffer.byte-limit = 33554432 (custom)
2022-04-26 01:51:47,344 [b224c1cc-f2f1-4e28-bfd3-9ebcae4e38f6@group-BFF32E3A7135-LeaderElection3] INFO  server.RaftServerConfigKeys (ConfUtils.java:logGet(44)) - raft.server.log.appender.buffer.element-limit = 1 (custom)
2022-04-26 01:51:47,344 [b224c1cc-f2f1-4e28-bfd3-9ebcae4e38f6@group-BFF32E3A7135-LeaderElection3] INFO  grpc.GrpcConfigKeys (ConfUtils.java:logGet(44)) - raft.grpc.server.leader.outstanding.appends.max = 128 (default)
2022-04-26 01:51:47,344 [b224c1cc-f2f1-4e28-bfd3-9ebcae4e38f6@group-BFF32E3A7135-LeaderElection3] INFO  server.RaftServerConfigKeys (ConfUtils.java:logGet(44)) - raft.server.rpc.request.timeout = 60s (custom)
2022-04-26 01:51:47,344 [b224c1cc-f2f1-4e28-bfd3-9ebcae4e38f6@group-BFF32E3A7135-LeaderElection3] INFO  server.RaftServerConfigKeys (ConfUtils.java:logGet(44)) - raft.server.log.appender.install.snapshot.enabled = false (custom)
2022-04-26 01:51:47,345 [b224c1cc-f2f1-4e28-bfd3-9ebcae4e38f6@group-BFF32E3A7135-LeaderElection3] INFO  impl.RoleInfo (RoleInfo.java:updateAndGet(130)) - b224c1cc-f2f1-4e28-bfd3-9ebcae4e38f6: start b224c1cc-f2f1-4e28-bfd3-9ebcae4e38f6@group-BFF32E3A7135-LeaderStateImpl
2022-04-26 01:51:47,345 [b224c1cc-f2f1-4e28-bfd3-9ebcae4e38f6@group-BFF32E3A7135-LeaderElection3] INFO  segmented.SegmentedRaftLogWorker (SegmentedRaftLogWorker.java:startLogSegment(394)) - b224c1cc-f2f1-4e28-bfd3-9ebcae4e38f6@group-BFF32E3A7135-SegmentedRaftLogWorker: Starting segment from index:0
2022-04-26 01:51:47,349 [b224c1cc-f2f1-4e28-bfd3-9ebcae4e38f6@group-BFF32E3A7135-SegmentedRaftLogWorker] INFO  segmented.SegmentedRaftLogWorker (SegmentedRaftLogWorker.java:execute(601)) - b224c1cc-f2f1-4e28-bfd3-9ebcae4e38f6@group-BFF32E3A7135-SegmentedRaftLogWorker: created new log segment /home/runner/work/ozone/ozone/hadoop-ozone/integration-test/target/test-dir/MiniOzoneClusterImpl-34bf0feb-fc93-4aa8-bd57-765b74b26656/datanode-0/data/ratis/0dd4f3cb-0572-4edc-80cd-bff32e3a7135/current/log_inprogress_0
2022-04-26 01:51:47,351 [b224c1cc-f2f1-4e28-bfd3-9ebcae4e38f6@group-BFF32E3A7135-LeaderElection3] INFO  server.RaftServer$Division (ServerState.java:setRaftConf(387)) - b224c1cc-f2f1-4e28-bfd3-9ebcae4e38f6@group-BFF32E3A7135: set configuration 0: [b224c1cc-f2f1-4e28-bfd3-9ebcae4e38f6|rpc:10.1.0.42:33753|dataStream:|priority:1, e85881fc-38b9-422c-97f9-58a2dbde84eb|rpc:10.1.0.42:46161|dataStream:|priority:0, 0ef21c9d-d35f-446f-9851-8d806d67bbee|rpc:10.1.0.42:45405|dataStream:|priority:0], old=null
2022-04-26 01:51:47,351 [e85881fc-38b9-422c-97f9-58a2dbde84eb@group-EE2FF77D7A87-FollowerState] INFO  impl.FollowerState (FollowerState.java:run(134)) - e85881fc-38b9-422c-97f9-58a2dbde84eb@group-EE2FF77D7A87-FollowerState: change to CANDIDATE, lastRpcElapsedTime:5006427313ns, electionTimeout:5002ms
2022-04-26 01:51:47,356 [e85881fc-38b9-422c-97f9-58a2dbde84eb@group-EE2FF77D7A87-FollowerState] INFO  impl.RoleInfo (RoleInfo.java:shutdownFollowerState(108)) - e85881fc-38b9-422c-97f9-58a2dbde84eb: shutdown e85881fc-38b9-422c-97f9-58a2dbde84eb@group-EE2FF77D7A87-FollowerState
2022-04-26 01:51:47,356 [e85881fc-38b9-422c-97f9-58a2dbde84eb@group-EE2FF77D7A87-FollowerState] INFO  server.RaftServer$Division (RaftServerImpl.java:setRole(290)) - e85881fc-38b9-422c-97f9-58a2dbde84eb@group-EE2FF77D7A87: changes role from  FOLLOWER to CANDIDATE at term 0 for changeToCandidate
2022-04-26 01:51:47,356 [e85881fc-38b9-422c-97f9-58a2dbde84eb@group-EE2FF77D7A87-FollowerState] INFO  server.RaftServerConfigKeys (ConfUtils.java:logGet(44)) - raft.server.leaderelection.pre-vote = false (custom)
2022-04-26 01:51:47,356 [e85881fc-38b9-422c-97f9-58a2dbde84eb@group-EE2FF77D7A87-FollowerState] INFO  impl.RoleInfo (RoleInfo.java:updateAndGet(130)) - e85881fc-38b9-422c-97f9-58a2dbde84eb: start e85881fc-38b9-422c-97f9-58a2dbde84eb@group-EE2FF77D7A87-LeaderElection4
2022-04-26 01:51:47,384 [grpc-default-executor-2] INFO  ratis.XceiverServerRatis (XceiverServerRatis.java:handleLeaderChangedNotification(863)) - Leader change notification received for group: group-BFF32E3A7135 with new leaderId: b224c1cc-f2f1-4e28-bfd3-9ebcae4e38f6
2022-04-26 01:51:47,384 [grpc-default-executor-2] INFO  server.RaftServer$Division (ServerState.java:setLeader(285)) - 0ef21c9d-d35f-446f-9851-8d806d67bbee@group-BFF32E3A7135: change Leader from null to b224c1cc-f2f1-4e28-bfd3-9ebcae4e38f6 at term 1 for appendEntries, leader elected after 4732ms
2022-04-26 01:51:47,383 [e85881fc-38b9-422c-97f9-58a2dbde84eb@group-EE2FF77D7A87-LeaderElection4] INFO  impl.LeaderElection (LeaderElection.java:askForVotes(306)) - e85881fc-38b9-422c-97f9-58a2dbde84eb@group-EE2FF77D7A87-LeaderElection4 ELECTION round 0: submit vote requests at term 1 for -1: [e85881fc-38b9-422c-97f9-58a2dbde84eb|rpc:10.1.0.42:46161|priority:1], old=null
2022-04-26 01:51:47,402 [e85881fc-38b9-422c-97f9-58a2dbde84eb@group-EE2FF77D7A87-LeaderElection4] INFO  impl.LeaderElection (LeaderElection.java:askForVotes(308)) - e85881fc-38b9-422c-97f9-58a2dbde84eb@group-EE2FF77D7A87-LeaderElection4 ELECTION round 0: result PASSED (term=1)
2022-04-26 01:51:47,402 [e85881fc-38b9-422c-97f9-58a2dbde84eb@group-EE2FF77D7A87-LeaderElection4] INFO  impl.RoleInfo (RoleInfo.java:shutdownLeaderElection(121)) - e85881fc-38b9-422c-97f9-58a2dbde84eb: shutdown e85881fc-38b9-422c-97f9-58a2dbde84eb@group-EE2FF77D7A87-LeaderElection4
2022-04-26 01:51:47,402 [e85881fc-38b9-422c-97f9-58a2dbde84eb@group-EE2FF77D7A87-LeaderElection4] INFO  server.RaftServer$Division (RaftServerImpl.java:setRole(290)) - e85881fc-38b9-422c-97f9-58a2dbde84eb@group-EE2FF77D7A87: changes role from CANDIDATE to LEADER at term 1 for changeToLeader
2022-04-26 01:51:47,402 [e85881fc-38b9-422c-97f9-58a2dbde84eb@group-EE2FF77D7A87-LeaderElection4] INFO  ratis.XceiverServerRatis (XceiverServerRatis.java:handleLeaderChangedNotification(863)) - Leader change notification received for group: group-EE2FF77D7A87 with new leaderId: e85881fc-38b9-422c-97f9-58a2dbde84eb
2022-04-26 01:51:47,402 [e85881fc-38b9-422c-97f9-58a2dbde84eb@group-EE2FF77D7A87-LeaderElection4] INFO  server.RaftServer$Division (ServerState.java:setLeader(285)) - e85881fc-38b9-422c-97f9-58a2dbde84eb@group-EE2FF77D7A87: change Leader from null to e85881fc-38b9-422c-97f9-58a2dbde84eb at term 1 for becomeLeader, leader elected after 5077ms
2022-04-26 01:51:47,402 [e85881fc-38b9-422c-97f9-58a2dbde84eb@group-EE2FF77D7A87-LeaderElection4] INFO  server.RaftServerConfigKeys (ConfUtils.java:logGet(44)) - raft.server.staging.catchup.gap = 1000 (default)
2022-04-26 01:51:47,403 [e85881fc-38b9-422c-97f9-58a2dbde84eb@group-EE2FF77D7A87-LeaderElection4] INFO  server.RaftServerConfigKeys (ConfUtils.java:logGet(44)) - raft.server.write.element-limit = 1024 (custom)
2022-04-26 01:51:47,403 [e85881fc-38b9-422c-97f9-58a2dbde84eb@group-EE2FF77D7A87-LeaderElection4] INFO  server.RaftServerConfigKeys (ConfUtils.java:logGet(44)) - raft.server.write.byte-limit = 1024 M (=1073741824) (custom)
2022-04-26 01:51:47,403 [e85881fc-38b9-422c-97f9-58a2dbde84eb@group-EE2FF77D7A87-LeaderElection4] INFO  server.RaftServerConfigKeys (ConfUtils.java:logGet(44)) - raft.server.watch.timeout = 180s (custom)
2022-04-26 01:51:47,403 [e85881fc-38b9-422c-97f9-58a2dbde84eb@group-EE2FF77D7A87-LeaderElection4] INFO  server.RaftServerConfigKeys (ConfUtils.java:logGet(44)) - raft.server.watch.timeout.denomination = 1s (default)
2022-04-26 01:51:47,403 [e85881fc-38b9-422c-97f9-58a2dbde84eb@group-EE2FF77D7A87-LeaderElection4] INFO  server.RaftServerConfigKeys (ConfUtils.java:logGet(44)) - raft.server.watch.element-limit = 65536 (default)
2022-04-26 01:51:47,403 [e85881fc-38b9-422c-97f9-58a2dbde84eb@group-EE2FF77D7A87-LeaderElection4] INFO  server.RaftServerConfigKeys (ConfUtils.java:logGet(44)) - raft.server.write.element-limit = 1024 (custom)
2022-04-26 01:51:47,403 [e85881fc-38b9-422c-97f9-58a2dbde84eb@group-EE2FF77D7A87-LeaderElection4] INFO  server.RaftServerConfigKeys (ConfUtils.java:logGet(44)) - raft.server.write.follower.gap.ratio.max = -1.0 (default)
2022-04-26 01:51:47,403 [e85881fc-38b9-422c-97f9-58a2dbde84eb@group-EE2FF77D7A87-LeaderElection4] INFO  impl.RoleInfo (RoleInfo.java:updateAndGet(130)) - e85881fc-38b9-422c-97f9-58a2dbde84eb: start e85881fc-38b9-422c-97f9-58a2dbde84eb@group-EE2FF77D7A87-LeaderStateImpl
2022-04-26 01:51:47,403 [e85881fc-38b9-422c-97f9-58a2dbde84eb@group-EE2FF77D7A87-LeaderElection4] INFO  segmented.SegmentedRaftLogWorker (SegmentedRaftLogWorker.java:startLogSegment(394)) - e85881fc-38b9-422c-97f9-58a2dbde84eb@group-EE2FF77D7A87-SegmentedRaftLogWorker: Starting segment from index:0
2022-04-26 01:51:47,408 [e85881fc-38b9-422c-97f9-58a2dbde84eb@group-EE2FF77D7A87-SegmentedRaftLogWorker] INFO  segmented.SegmentedRaftLogWorker (SegmentedRaftLogWorker.java:execute(601)) - e85881fc-38b9-422c-97f9-58a2dbde84eb@group-EE2FF77D7A87-SegmentedRaftLogWorker: created new log segment /home/runner/work/ozone/ozone/hadoop-ozone/integration-test/target/test-dir/MiniOzoneClusterImpl-34bf0feb-fc93-4aa8-bd57-765b74b26656/datanode-1/data/ratis/56e4b495-05b9-43b6-9c65-ee2ff77d7a87/current/log_inprogress_0
2022-04-26 01:51:47,412 [grpc-default-executor-2] INFO  server.RaftServer$Division (ServerState.java:setRaftConf(387)) - 0ef21c9d-d35f-446f-9851-8d806d67bbee@group-BFF32E3A7135: set configuration 0: [b224c1cc-f2f1-4e28-bfd3-9ebcae4e38f6|rpc:10.1.0.42:33753|dataStream:|priority:1, e85881fc-38b9-422c-97f9-58a2dbde84eb|rpc:10.1.0.42:46161|dataStream:|priority:0, 0ef21c9d-d35f-446f-9851-8d806d67bbee|rpc:10.1.0.42:45405|dataStream:|priority:0], old=null
2022-04-26 01:51:47,412 [grpc-default-executor-2] INFO  segmented.SegmentedRaftLogWorker (SegmentedRaftLogWorker.java:startLogSegment(394)) - 0ef21c9d-d35f-446f-9851-8d806d67bbee@group-BFF32E3A7135-SegmentedRaftLogWorker: Starting segment from index:0
2022-04-26 01:51:47,414 [e85881fc-38b9-422c-97f9-58a2dbde84eb@group-EE2FF77D7A87-LeaderElection4] INFO  server.RaftServer$Division (ServerState.java:setRaftConf(387)) - e85881fc-38b9-422c-97f9-58a2dbde84eb@group-EE2FF77D7A87: set configuration 0: [e85881fc-38b9-422c-97f9-58a2dbde84eb|rpc:10.1.0.42:46161|dataStream:|priority:1], old=null
2022-04-26 01:51:47,415 [0ef21c9d-d35f-446f-9851-8d806d67bbee@group-BFF32E3A7135-SegmentedRaftLogWorker] INFO  segmented.SegmentedRaftLogWorker (SegmentedRaftLogWorker.java:execute(601)) - 0ef21c9d-d35f-446f-9851-8d806d67bbee@group-BFF32E3A7135-SegmentedRaftLogWorker: created new log segment /home/runner/work/ozone/ozone/hadoop-ozone/integration-test/target/test-dir/MiniOzoneClusterImpl-34bf0feb-fc93-4aa8-bd57-765b74b26656/datanode-2/data/ratis/0dd4f3cb-0572-4edc-80cd-bff32e3a7135/current/log_inprogress_0
2022-04-26 01:51:47,424 [grpc-default-executor-2] INFO  ratis.XceiverServerRatis (XceiverServerRatis.java:handleLeaderChangedNotification(863)) - Leader change notification received for group: group-BFF32E3A7135 with new leaderId: b224c1cc-f2f1-4e28-bfd3-9ebcae4e38f6
2022-04-26 01:51:47,424 [grpc-default-executor-2] INFO  server.RaftServer$Division (ServerState.java:setLeader(285)) - e85881fc-38b9-422c-97f9-58a2dbde84eb@group-BFF32E3A7135: change Leader from null to b224c1cc-f2f1-4e28-bfd3-9ebcae4e38f6 at term 1 for appendEntries, leader elected after 5048ms
2022-04-26 01:51:47,433 [grpc-default-executor-2] INFO  server.RaftServer$Division (ServerState.java:setRaftConf(387)) - e85881fc-38b9-422c-97f9-58a2dbde84eb@group-BFF32E3A7135: set configuration 0: [b224c1cc-f2f1-4e28-bfd3-9ebcae4e38f6|rpc:10.1.0.42:33753|dataStream:|priority:1, e85881fc-38b9-422c-97f9-58a2dbde84eb|rpc:10.1.0.42:46161|dataStream:|priority:0, 0ef21c9d-d35f-446f-9851-8d806d67bbee|rpc:10.1.0.42:45405|dataStream:|priority:0], old=null
2022-04-26 01:51:47,434 [grpc-default-executor-2] INFO  segmented.SegmentedRaftLogWorker (SegmentedRaftLogWorker.java:startLogSegment(394)) - e85881fc-38b9-422c-97f9-58a2dbde84eb@group-BFF32E3A7135-SegmentedRaftLogWorker: Starting segment from index:0
2022-04-26 01:51:47,436 [e85881fc-38b9-422c-97f9-58a2dbde84eb@group-BFF32E3A7135-SegmentedRaftLogWorker] INFO  segmented.SegmentedRaftLogWorker (SegmentedRaftLogWorker.java:execute(601)) - e85881fc-38b9-422c-97f9-58a2dbde84eb@group-BFF32E3A7135-SegmentedRaftLogWorker: created new log segment /home/runner/work/ozone/ozone/hadoop-ozone/integration-test/target/test-dir/MiniOzoneClusterImpl-34bf0feb-fc93-4aa8-bd57-765b74b26656/datanode-1/data/ratis/0dd4f3cb-0572-4edc-80cd-bff32e3a7135/current/log_inprogress_0
2022-04-26 01:51:47,675 [0ef21c9d-d35f-446f-9851-8d806d67bbee@group-0DBAD9121E34-FollowerState] INFO  impl.FollowerState (FollowerState.java:run(134)) - 0ef21c9d-d35f-446f-9851-8d806d67bbee@group-0DBAD9121E34-FollowerState: change to CANDIDATE, lastRpcElapsedTime:5078343913ns, electionTimeout:5062ms
2022-04-26 01:51:47,676 [0ef21c9d-d35f-446f-9851-8d806d67bbee@group-0DBAD9121E34-FollowerState] INFO  impl.RoleInfo (RoleInfo.java:shutdownFollowerState(108)) - 0ef21c9d-d35f-446f-9851-8d806d67bbee: shutdown 0ef21c9d-d35f-446f-9851-8d806d67bbee@group-0DBAD9121E34-FollowerState
2022-04-26 01:51:47,676 [0ef21c9d-d35f-446f-9851-8d806d67bbee@group-0DBAD9121E34-FollowerState] INFO  server.RaftServer$Division (RaftServerImpl.java:setRole(290)) - 0ef21c9d-d35f-446f-9851-8d806d67bbee@group-0DBAD9121E34: changes role from  FOLLOWER to CANDIDATE at term 0 for changeToCandidate
2022-04-26 01:51:47,676 [0ef21c9d-d35f-446f-9851-8d806d67bbee@group-0DBAD9121E34-FollowerState] INFO  server.RaftServerConfigKeys (ConfUtils.java:logGet(44)) - raft.server.leaderelection.pre-vote = false (custom)
2022-04-26 01:51:47,676 [0ef21c9d-d35f-446f-9851-8d806d67bbee@group-0DBAD9121E34-FollowerState] INFO  impl.RoleInfo (RoleInfo.java:updateAndGet(130)) - 0ef21c9d-d35f-446f-9851-8d806d67bbee: start 0ef21c9d-d35f-446f-9851-8d806d67bbee@group-0DBAD9121E34-LeaderElection5
2022-04-26 01:51:47,679 [0ef21c9d-d35f-446f-9851-8d806d67bbee@group-0DBAD9121E34-LeaderElection5] INFO  impl.LeaderElection (LeaderElection.java:askForVotes(306)) - 0ef21c9d-d35f-446f-9851-8d806d67bbee@group-0DBAD9121E34-LeaderElection5 ELECTION round 0: submit vote requests at term 1 for -1: [0ef21c9d-d35f-446f-9851-8d806d67bbee|rpc:10.1.0.42:45405|priority:1], old=null
2022-04-26 01:51:47,679 [0ef21c9d-d35f-446f-9851-8d806d67bbee@group-0DBAD9121E34-LeaderElection5] INFO  impl.LeaderElection (LeaderElection.java:askForVotes(308)) - 0ef21c9d-d35f-446f-9851-8d806d67bbee@group-0DBAD9121E34-LeaderElection5 ELECTION round 0: result PASSED (term=1)
2022-04-26 01:51:47,679 [0ef21c9d-d35f-446f-9851-8d806d67bbee@group-0DBAD9121E34-LeaderElection5] INFO  impl.RoleInfo (RoleInfo.java:shutdownLeaderElection(121)) - 0ef21c9d-d35f-446f-9851-8d806d67bbee: shutdown 0ef21c9d-d35f-446f-9851-8d806d67bbee@group-0DBAD9121E34-LeaderElection5
2022-04-26 01:51:47,679 [0ef21c9d-d35f-446f-9851-8d806d67bbee@group-0DBAD9121E34-LeaderElection5] INFO  server.RaftServer$Division (RaftServerImpl.java:setRole(290)) - 0ef21c9d-d35f-446f-9851-8d806d67bbee@group-0DBAD9121E34: changes role from CANDIDATE to LEADER at term 1 for changeToLeader
2022-04-26 01:51:47,679 [0ef21c9d-d35f-446f-9851-8d806d67bbee@group-0DBAD9121E34-LeaderElection5] INFO  ratis.XceiverServerRatis (XceiverServerRatis.java:handleLeaderChangedNotification(863)) - Leader change notification received for group: group-0DBAD9121E34 with new leaderId: 0ef21c9d-d35f-446f-9851-8d806d67bbee
2022-04-26 01:51:47,680 [0ef21c9d-d35f-446f-9851-8d806d67bbee@group-0DBAD9121E34-LeaderElection5] INFO  server.RaftServer$Division (ServerState.java:setLeader(285)) - 0ef21c9d-d35f-446f-9851-8d806d67bbee@group-0DBAD9121E34: change Leader from null to 0ef21c9d-d35f-446f-9851-8d806d67bbee at term 1 for becomeLeader, leader elected after 5112ms
2022-04-26 01:51:47,680 [0ef21c9d-d35f-446f-9851-8d806d67bbee@group-0DBAD9121E34-LeaderElection5] INFO  server.RaftServerConfigKeys (ConfUtils.java:logGet(44)) - raft.server.staging.catchup.gap = 1000 (default)
2022-04-26 01:51:47,680 [0ef21c9d-d35f-446f-9851-8d806d67bbee@group-0DBAD9121E34-LeaderElection5] INFO  server.RaftServerConfigKeys (ConfUtils.java:logGet(44)) - raft.server.write.element-limit = 1024 (custom)
2022-04-26 01:51:47,681 [0ef21c9d-d35f-446f-9851-8d806d67bbee@group-0DBAD9121E34-LeaderElection5] INFO  server.RaftServerConfigKeys (ConfUtils.java:logGet(44)) - raft.server.write.byte-limit = 1024 M (=1073741824) (custom)
2022-04-26 01:51:47,681 [0ef21c9d-d35f-446f-9851-8d806d67bbee@group-0DBAD9121E34-LeaderElection5] INFO  server.RaftServerConfigKeys (ConfUtils.java:logGet(44)) - raft.server.watch.timeout = 180s (custom)
2022-04-26 01:51:47,681 [0ef21c9d-d35f-446f-9851-8d806d67bbee@group-0DBAD9121E34-LeaderElection5] INFO  server.RaftServerConfigKeys (ConfUtils.java:logGet(44)) - raft.server.watch.timeout.denomination = 1s (default)
2022-04-26 01:51:47,681 [0ef21c9d-d35f-446f-9851-8d806d67bbee@group-0DBAD9121E34-LeaderElection5] INFO  server.RaftServerConfigKeys (ConfUtils.java:logGet(44)) - raft.server.watch.element-limit = 65536 (default)
2022-04-26 01:51:47,681 [0ef21c9d-d35f-446f-9851-8d806d67bbee@group-0DBAD9121E34-LeaderElection5] INFO  server.RaftServerConfigKeys (ConfUtils.java:logGet(44)) - raft.server.write.element-limit = 1024 (custom)
2022-04-26 01:51:47,681 [0ef21c9d-d35f-446f-9851-8d806d67bbee@group-0DBAD9121E34-LeaderElection5] INFO  server.RaftServerConfigKeys (ConfUtils.java:logGet(44)) - raft.server.write.follower.gap.ratio.max = -1.0 (default)
2022-04-26 01:51:47,681 [0ef21c9d-d35f-446f-9851-8d806d67bbee@group-0DBAD9121E34-LeaderElection5] INFO  impl.RoleInfo (RoleInfo.java:updateAndGet(130)) - 0ef21c9d-d35f-446f-9851-8d806d67bbee: start 0ef21c9d-d35f-446f-9851-8d806d67bbee@group-0DBAD9121E34-LeaderStateImpl
2022-04-26 01:51:47,682 [0ef21c9d-d35f-446f-9851-8d806d67bbee@group-0DBAD9121E34-LeaderElection5] INFO  segmented.SegmentedRaftLogWorker (SegmentedRaftLogWorker.java:startLogSegment(394)) - 0ef21c9d-d35f-446f-9851-8d806d67bbee@group-0DBAD9121E34-SegmentedRaftLogWorker: Starting segment from index:0
2022-04-26 01:51:47,685 [0ef21c9d-d35f-446f-9851-8d806d67bbee@group-0DBAD9121E34-LeaderElection5] INFO  server.RaftServer$Division (ServerState.java:setRaftConf(387)) - 0ef21c9d-d35f-446f-9851-8d806d67bbee@group-0DBAD9121E34: set configuration 0: [0ef21c9d-d35f-446f-9851-8d806d67bbee|rpc:10.1.0.42:45405|dataStream:|priority:1], old=null
2022-04-26 01:51:47,686 [0ef21c9d-d35f-446f-9851-8d806d67bbee@group-0DBAD9121E34-SegmentedRaftLogWorker] INFO  segmented.SegmentedRaftLogWorker (SegmentedRaftLogWorker.java:execute(601)) - 0ef21c9d-d35f-446f-9851-8d806d67bbee@group-0DBAD9121E34-SegmentedRaftLogWorker: created new log segment /home/runner/work/ozone/ozone/hadoop-ozone/integration-test/target/test-dir/MiniOzoneClusterImpl-34bf0feb-fc93-4aa8-bd57-765b74b26656/datanode-2/data/ratis/235cee73-a840-4600-a3c6-0dbad9121e34/current/log_inprogress_0
2022-04-26 01:51:47,989 [c51dce87-425e-48a2-9f44-d785deaab87e@group-FD73494FFBDE-FollowerState] INFO  impl.FollowerState (FollowerState.java:run(134)) - c51dce87-425e-48a2-9f44-d785deaab87e@group-FD73494FFBDE-FollowerState: change to CANDIDATE, lastRpcElapsedTime:5100082863ns, electionTimeout:5089ms
2022-04-26 01:51:47,989 [c51dce87-425e-48a2-9f44-d785deaab87e@group-FD73494FFBDE-FollowerState] INFO  impl.RoleInfo (RoleInfo.java:shutdownFollowerState(108)) - c51dce87-425e-48a2-9f44-d785deaab87e: shutdown c51dce87-425e-48a2-9f44-d785deaab87e@group-FD73494FFBDE-FollowerState
2022-04-26 01:51:47,989 [c51dce87-425e-48a2-9f44-d785deaab87e@group-FD73494FFBDE-FollowerState] INFO  server.RaftServer$Division (RaftServerImpl.java:setRole(290)) - c51dce87-425e-48a2-9f44-d785deaab87e@group-FD73494FFBDE: changes role from  FOLLOWER to CANDIDATE at term 0 for changeToCandidate
2022-04-26 01:51:47,990 [c51dce87-425e-48a2-9f44-d785deaab87e@group-FD73494FFBDE-FollowerState] INFO  server.RaftServerConfigKeys (ConfUtils.java:logGet(44)) - raft.server.leaderelection.pre-vote = false (custom)
2022-04-26 01:51:47,990 [c51dce87-425e-48a2-9f44-d785deaab87e@group-FD73494FFBDE-FollowerState] INFO  impl.RoleInfo (RoleInfo.java:updateAndGet(130)) - c51dce87-425e-48a2-9f44-d785deaab87e: start c51dce87-425e-48a2-9f44-d785deaab87e@group-FD73494FFBDE-LeaderElection6
2022-04-26 01:51:47,993 [c51dce87-425e-48a2-9f44-d785deaab87e@group-FD73494FFBDE-LeaderElection6] INFO  impl.LeaderElection (LeaderElection.java:askForVotes(306)) - c51dce87-425e-48a2-9f44-d785deaab87e@group-FD73494FFBDE-LeaderElection6 ELECTION round 0: submit vote requests at term 1 for -1: [c51dce87-425e-48a2-9f44-d785deaab87e|rpc:10.1.0.42:40827|priority:1], old=null
2022-04-26 01:51:47,993 [c51dce87-425e-48a2-9f44-d785deaab87e@group-FD73494FFBDE-LeaderElection6] INFO  impl.LeaderElection (LeaderElection.java:askForVotes(308)) - c51dce87-425e-48a2-9f44-d785deaab87e@group-FD73494FFBDE-LeaderElection6 ELECTION round 0: result PASSED (term=1)
2022-04-26 01:51:47,993 [c51dce87-425e-48a2-9f44-d785deaab87e@group-FD73494FFBDE-LeaderElection6] INFO  impl.RoleInfo (RoleInfo.java:shutdownLeaderElection(121)) - c51dce87-425e-48a2-9f44-d785deaab87e: shutdown c51dce87-425e-48a2-9f44-d785deaab87e@group-FD73494FFBDE-LeaderElection6
2022-04-26 01:51:47,993 [c51dce87-425e-48a2-9f44-d785deaab87e@group-FD73494FFBDE-LeaderElection6] INFO  server.RaftServer$Division (RaftServerImpl.java:setRole(290)) - c51dce87-425e-48a2-9f44-d785deaab87e@group-FD73494FFBDE: changes role from CANDIDATE to LEADER at term 1 for changeToLeader
2022-04-26 01:51:47,993 [c51dce87-425e-48a2-9f44-d785deaab87e@group-FD73494FFBDE-LeaderElection6] INFO  ratis.XceiverServerRatis (XceiverServerRatis.java:handleLeaderChangedNotification(863)) - Leader change notification received for group: group-FD73494FFBDE with new leaderId: c51dce87-425e-48a2-9f44-d785deaab87e
2022-04-26 01:51:47,993 [c51dce87-425e-48a2-9f44-d785deaab87e@group-FD73494FFBDE-LeaderElection6] INFO  server.RaftServer$Division (ServerState.java:setLeader(285)) - c51dce87-425e-48a2-9f44-d785deaab87e@group-FD73494FFBDE: change Leader from null to c51dce87-425e-48a2-9f44-d785deaab87e at term 1 for becomeLeader, leader elected after 5126ms
2022-04-26 01:51:47,993 [c51dce87-425e-48a2-9f44-d785deaab87e@group-FD73494FFBDE-LeaderElection6] INFO  server.RaftServerConfigKeys (ConfUtils.java:logGet(44)) - raft.server.staging.catchup.gap = 1000 (default)
2022-04-26 01:51:47,994 [c51dce87-425e-48a2-9f44-d785deaab87e@group-FD73494FFBDE-LeaderElection6] INFO  server.RaftServerConfigKeys (ConfUtils.java:logGet(44)) - raft.server.write.element-limit = 1024 (custom)
2022-04-26 01:51:47,994 [c51dce87-425e-48a2-9f44-d785deaab87e@group-FD73494FFBDE-LeaderElection6] INFO  server.RaftServerConfigKeys (ConfUtils.java:logGet(44)) - raft.server.write.byte-limit = 1024 M (=1073741824) (custom)
2022-04-26 01:51:47,994 [c51dce87-425e-48a2-9f44-d785deaab87e@group-FD73494FFBDE-LeaderElection6] INFO  server.RaftServerConfigKeys (ConfUtils.java:logGet(44)) - raft.server.watch.timeout = 180s (custom)
2022-04-26 01:51:47,994 [c51dce87-425e-48a2-9f44-d785deaab87e@group-FD73494FFBDE-LeaderElection6] INFO  server.RaftServerConfigKeys (ConfUtils.java:logGet(44)) - raft.server.watch.timeout.denomination = 1s (default)
2022-04-26 01:51:47,994 [c51dce87-425e-48a2-9f44-d785deaab87e@group-FD73494FFBDE-LeaderElection6] INFO  server.RaftServerConfigKeys (ConfUtils.java:logGet(44)) - raft.server.watch.element-limit = 65536 (default)
2022-04-26 01:51:47,994 [c51dce87-425e-48a2-9f44-d785deaab87e@group-FD73494FFBDE-LeaderElection6] INFO  server.RaftServerConfigKeys (ConfUtils.java:logGet(44)) - raft.server.write.element-limit = 1024 (custom)
2022-04-26 01:51:47,994 [c51dce87-425e-48a2-9f44-d785deaab87e@group-FD73494FFBDE-LeaderElection6] INFO  server.RaftServerConfigKeys (ConfUtils.java:logGet(44)) - raft.server.write.follower.gap.ratio.max = -1.0 (default)
2022-04-26 01:51:47,994 [c51dce87-425e-48a2-9f44-d785deaab87e@group-FD73494FFBDE-LeaderElection6] INFO  impl.RoleInfo (RoleInfo.java:updateAndGet(130)) - c51dce87-425e-48a2-9f44-d785deaab87e: start c51dce87-425e-48a2-9f44-d785deaab87e@group-FD73494FFBDE-LeaderStateImpl
2022-04-26 01:51:47,995 [c51dce87-425e-48a2-9f44-d785deaab87e@group-FD73494FFBDE-LeaderElection6] INFO  segmented.SegmentedRaftLogWorker (SegmentedRaftLogWorker.java:startLogSegment(394)) - c51dce87-425e-48a2-9f44-d785deaab87e@group-FD73494FFBDE-SegmentedRaftLogWorker: Starting segment from index:0
2022-04-26 01:51:47,995 [0ef21c9d-d35f-446f-9851-8d806d67bbee@group-6990C6AB0D89-FollowerState] INFO  impl.FollowerState (FollowerState.java:run(134)) - 0ef21c9d-d35f-446f-9851-8d806d67bbee@group-6990C6AB0D89-FollowerState: change to CANDIDATE, lastRpcElapsedTime:5051221823ns, electionTimeout:5049ms
2022-04-26 01:51:47,995 [0ef21c9d-d35f-446f-9851-8d806d67bbee@group-6990C6AB0D89-FollowerState] INFO  impl.RoleInfo (RoleInfo.java:shutdownFollowerState(108)) - 0ef21c9d-d35f-446f-9851-8d806d67bbee: shutdown 0ef21c9d-d35f-446f-9851-8d806d67bbee@group-6990C6AB0D89-FollowerState
2022-04-26 01:51:47,995 [0ef21c9d-d35f-446f-9851-8d806d67bbee@group-6990C6AB0D89-FollowerState] INFO  server.RaftServer$Division (RaftServerImpl.java:setRole(290)) - 0ef21c9d-d35f-446f-9851-8d806d67bbee@group-6990C6AB0D89: changes role from  FOLLOWER to CANDIDATE at term 0 for changeToCandidate
2022-04-26 01:51:47,997 [c51dce87-425e-48a2-9f44-d785deaab87e@group-FD73494FFBDE-SegmentedRaftLogWorker] INFO  segmented.SegmentedRaftLogWorker (SegmentedRaftLogWorker.java:execute(601)) - c51dce87-425e-48a2-9f44-d785deaab87e@group-FD73494FFBDE-SegmentedRaftLogWorker: created new log segment /home/runner/work/ozone/ozone/hadoop-ozone/integration-test/target/test-dir/MiniOzoneClusterImpl-34bf0feb-fc93-4aa8-bd57-765b74b26656/datanode-3/data/ratis/b84804aa-3f82-488d-9567-fd73494ffbde/current/log_inprogress_0
2022-04-26 01:51:47,997 [0ef21c9d-d35f-446f-9851-8d806d67bbee@group-6990C6AB0D89-FollowerState] INFO  server.RaftServerConfigKeys (ConfUtils.java:logGet(44)) - raft.server.leaderelection.pre-vote = false (custom)
2022-04-26 01:51:47,997 [0ef21c9d-d35f-446f-9851-8d806d67bbee@group-6990C6AB0D89-FollowerState] INFO  impl.RoleInfo (RoleInfo.java:updateAndGet(130)) - 0ef21c9d-d35f-446f-9851-8d806d67bbee: start 0ef21c9d-d35f-446f-9851-8d806d67bbee@group-6990C6AB0D89-LeaderElection7
2022-04-26 01:51:47,999 [c51dce87-425e-48a2-9f44-d785deaab87e@group-FD73494FFBDE-LeaderElection6] INFO  server.RaftServer$Division (ServerState.java:setRaftConf(387)) - c51dce87-425e-48a2-9f44-d785deaab87e@group-FD73494FFBDE: set configuration 0: [c51dce87-425e-48a2-9f44-d785deaab87e|rpc:10.1.0.42:40827|dataStream:|priority:1], old=null
2022-04-26 01:51:48,006 [0ef21c9d-d35f-446f-9851-8d806d67bbee@group-6990C6AB0D89-LeaderElection7] INFO  impl.LeaderElection (LeaderElection.java:askForVotes(306)) - 0ef21c9d-d35f-446f-9851-8d806d67bbee@group-6990C6AB0D89-LeaderElection7 ELECTION round 0: submit vote requests at term 1 for -1: [b224c1cc-f2f1-4e28-bfd3-9ebcae4e38f6|rpc:10.1.0.42:33753|priority:0, e85881fc-38b9-422c-97f9-58a2dbde84eb|rpc:10.1.0.42:46161|priority:0, 0ef21c9d-d35f-446f-9851-8d806d67bbee|rpc:10.1.0.42:45405|priority:1], old=null
2022-04-26 01:51:48,016 [grpc-default-executor-2] INFO  server.RaftServer$Division (RaftServerImpl.java:requestVote(1046)) - b224c1cc-f2f1-4e28-bfd3-9ebcae4e38f6@group-6990C6AB0D89: receive requestVote(ELECTION, 0ef21c9d-d35f-446f-9851-8d806d67bbee, group-6990C6AB0D89, 1, (t:0, i:0))
2022-04-26 01:51:48,016 [grpc-default-executor-2] INFO  impl.VoteContext (VoteContext.java:log(48)) - b224c1cc-f2f1-4e28-bfd3-9ebcae4e38f6@group-6990C6AB0D89-FOLLOWER: accept ELECTION from 0ef21c9d-d35f-446f-9851-8d806d67bbee: our priority 0 <= candidate's priority 1
2022-04-26 01:51:48,016 [grpc-default-executor-2] INFO  server.RaftServer$Division (RaftServerImpl.java:setRole(290)) - b224c1cc-f2f1-4e28-bfd3-9ebcae4e38f6@group-6990C6AB0D89: changes role from  FOLLOWER to FOLLOWER at term 1 for candidate:0ef21c9d-d35f-446f-9851-8d806d67bbee
2022-04-26 01:51:48,016 [grpc-default-executor-2] INFO  impl.RoleInfo (RoleInfo.java:shutdownFollowerState(108)) - b224c1cc-f2f1-4e28-bfd3-9ebcae4e38f6: shutdown b224c1cc-f2f1-4e28-bfd3-9ebcae4e38f6@group-6990C6AB0D89-FollowerState
2022-04-26 01:51:48,016 [grpc-default-executor-2] INFO  impl.RoleInfo (RoleInfo.java:updateAndGet(130)) - b224c1cc-f2f1-4e28-bfd3-9ebcae4e38f6: start b224c1cc-f2f1-4e28-bfd3-9ebcae4e38f6@group-6990C6AB0D89-FollowerState
2022-04-26 01:51:48,016 [b224c1cc-f2f1-4e28-bfd3-9ebcae4e38f6@group-6990C6AB0D89-FollowerState] INFO  impl.FollowerState (FollowerState.java:run(143)) - b224c1cc-f2f1-4e28-bfd3-9ebcae4e38f6@group-6990C6AB0D89-FollowerState was interrupted: {}
java.lang.InterruptedException: sleep interrupted
	at java.lang.Thread.sleep(Native Method)
	at java.lang.Thread.sleep(Thread.java:342)
	at java.util.concurrent.TimeUnit.sleep(TimeUnit.java:386)
	at org.apache.ratis.util.TimeDuration.sleep(TimeDuration.java:324)
	at org.apache.ratis.util.TimeDuration.sleep(TimeDuration.java:309)
	at org.apache.ratis.server.impl.FollowerState.run(FollowerState.java:118)
2022-04-26 01:51:48,026 [grpc-default-executor-2] INFO  server.RaftServer$Division (RaftServerImpl.java:requestVote(1078)) - b224c1cc-f2f1-4e28-bfd3-9ebcae4e38f6@group-6990C6AB0D89 replies to ELECTION vote request: 0ef21c9d-d35f-446f-9851-8d806d67bbee<-b224c1cc-f2f1-4e28-bfd3-9ebcae4e38f6#0:OK-t1. Peer's state: b224c1cc-f2f1-4e28-bfd3-9ebcae4e38f6@group-6990C6AB0D89:t1, leader=null, voted=0ef21c9d-d35f-446f-9851-8d806d67bbee, raftlog=b224c1cc-f2f1-4e28-bfd3-9ebcae4e38f6@group-6990C6AB0D89-SegmentedRaftLog:OPENED:c-1, conf=-1: [b224c1cc-f2f1-4e28-bfd3-9ebcae4e38f6|rpc:10.1.0.42:33753|priority:0, e85881fc-38b9-422c-97f9-58a2dbde84eb|rpc:10.1.0.42:46161|priority:0, 0ef21c9d-d35f-446f-9851-8d806d67bbee|rpc:10.1.0.42:45405|priority:1], old=null
2022-04-26 01:51:48,027 [0ef21c9d-d35f-446f-9851-8d806d67bbee@group-6990C6AB0D89-LeaderElection7] INFO  impl.LeaderElection (LeaderElection.java:logAndReturn(89)) - 0ef21c9d-d35f-446f-9851-8d806d67bbee@group-6990C6AB0D89-LeaderElection7: ELECTION PASSED received 1 response(s) and 0 exception(s):
2022-04-26 01:51:48,027 [0ef21c9d-d35f-446f-9851-8d806d67bbee@group-6990C6AB0D89-LeaderElection7] INFO  impl.LeaderElection (LeaderElection.java:logAndReturn(93)) -   Response 0: 0ef21c9d-d35f-446f-9851-8d806d67bbee<-b224c1cc-f2f1-4e28-bfd3-9ebcae4e38f6#0:OK-t1
2022-04-26 01:51:48,027 [0ef21c9d-d35f-446f-9851-8d806d67bbee@group-6990C6AB0D89-LeaderElection7] INFO  impl.LeaderElection (LeaderElection.java:askForVotes(308)) - 0ef21c9d-d35f-446f-9851-8d806d67bbee@group-6990C6AB0D89-LeaderElection7 ELECTION round 0: result PASSED
2022-04-26 01:51:48,027 [0ef21c9d-d35f-446f-9851-8d806d67bbee@group-6990C6AB0D89-LeaderElection7] INFO  impl.RoleInfo (RoleInfo.java:shutdownLeaderElection(121)) - 0ef21c9d-d35f-446f-9851-8d806d67bbee: shutdown 0ef21c9d-d35f-446f-9851-8d806d67bbee@group-6990C6AB0D89-LeaderElection7
2022-04-26 01:51:48,028 [0ef21c9d-d35f-446f-9851-8d806d67bbee@group-6990C6AB0D89-LeaderElection7] INFO  server.RaftServer$Division (RaftServerImpl.java:setRole(290)) - 0ef21c9d-d35f-446f-9851-8d806d67bbee@group-6990C6AB0D89: changes role from CANDIDATE to LEADER at term 1 for changeToLeader
2022-04-26 01:51:48,028 [0ef21c9d-d35f-446f-9851-8d806d67bbee@group-6990C6AB0D89-LeaderElection7] INFO  ratis.XceiverServerRatis (XceiverServerRatis.java:handleLeaderChangedNotification(863)) - Leader change notification received for group: group-6990C6AB0D89 with new leaderId: 0ef21c9d-d35f-446f-9851-8d806d67bbee
2022-04-26 01:51:48,028 [0ef21c9d-d35f-446f-9851-8d806d67bbee@group-6990C6AB0D89-LeaderElection7] INFO  server.RaftServer$Division (ServerState.java:setLeader(285)) - 0ef21c9d-d35f-446f-9851-8d806d67bbee@group-6990C6AB0D89: change Leader from null to 0ef21c9d-d35f-446f-9851-8d806d67bbee at term 1 for becomeLeader, leader elected after 5109ms
2022-04-26 01:51:48,028 [0ef21c9d-d35f-446f-9851-8d806d67bbee@group-6990C6AB0D89-LeaderElection7] INFO  server.RaftServerConfigKeys (ConfUtils.java:logGet(44)) - raft.server.staging.catchup.gap = 1000 (default)
2022-04-26 01:51:48,028 [0ef21c9d-d35f-446f-9851-8d806d67bbee@group-6990C6AB0D89-LeaderElection7] INFO  server.RaftServerConfigKeys (ConfUtils.java:logGet(44)) - raft.server.write.element-limit = 1024 (custom)
2022-04-26 01:51:48,028 [0ef21c9d-d35f-446f-9851-8d806d67bbee@group-6990C6AB0D89-LeaderElection7] INFO  server.RaftServerConfigKeys (ConfUtils.java:logGet(44)) - raft.server.write.byte-limit = 1024 M (=1073741824) (custom)
2022-04-26 01:51:48,028 [0ef21c9d-d35f-446f-9851-8d806d67bbee@group-6990C6AB0D89-LeaderElection7] INFO  server.RaftServerConfigKeys (ConfUtils.java:logGet(44)) - raft.server.watch.timeout = 180s (custom)
2022-04-26 01:51:48,028 [0ef21c9d-d35f-446f-9851-8d806d67bbee@group-6990C6AB0D89-LeaderElection7] INFO  server.RaftServerConfigKeys (ConfUtils.java:logGet(44)) - raft.server.watch.timeout.denomination = 1s (default)
2022-04-26 01:51:48,028 [0ef21c9d-d35f-446f-9851-8d806d67bbee@group-6990C6AB0D89-LeaderElection7] INFO  server.RaftServerConfigKeys (ConfUtils.java:logGet(44)) - raft.server.watch.element-limit = 65536 (default)
2022-04-26 01:51:48,028 [0ef21c9d-d35f-446f-9851-8d806d67bbee@group-6990C6AB0D89-LeaderElection7] INFO  server.RaftServerConfigKeys (ConfUtils.java:logGet(44)) - raft.server.write.element-limit = 1024 (custom)
2022-04-26 01:51:48,028 [0ef21c9d-d35f-446f-9851-8d806d67bbee@group-6990C6AB0D89-LeaderElection7] INFO  server.RaftServerConfigKeys (ConfUtils.java:logGet(44)) - raft.server.write.follower.gap.ratio.max = -1.0 (default)
2022-04-26 01:51:48,029 [0ef21c9d-d35f-446f-9851-8d806d67bbee@group-6990C6AB0D89-LeaderElection7] INFO  server.RaftServerConfigKeys (ConfUtils.java:logGet(44)) - raft.server.log.appender.snapshot.chunk.size.max = 16MB (=16777216) (default)
2022-04-26 01:51:48,029 [0ef21c9d-d35f-446f-9851-8d806d67bbee@group-6990C6AB0D89-LeaderElection7] INFO  server.RaftServerConfigKeys (ConfUtils.java:logGet(44)) - raft.server.log.appender.buffer.byte-limit = 33554432 (custom)
2022-04-26 01:51:48,029 [0ef21c9d-d35f-446f-9851-8d806d67bbee@group-6990C6AB0D89-LeaderElection7] INFO  server.RaftServerConfigKeys (ConfUtils.java:logGet(44)) - raft.server.log.appender.buffer.element-limit = 1 (custom)
2022-04-26 01:51:48,030 [EventQueue-PipelineReportForPipelineReportHandler] INFO  pipeline.PipelineManagerImpl (PipelineManagerImpl.java:openPipeline(321)) - Pipeline Pipeline[ Id: 69e77a88-c1b1-4010-9bb3-6990c6ab0d89, Nodes: e85881fc-38b9-422c-97f9-58a2dbde84eb{ip: 10.1.0.42, host: fv-az50-870.grzltbmokehuzjyc5b133kdqgh.cx.internal.cloudapp.net, ports: [REPLICATION=36317, RATIS=46161, RATIS_ADMIN=46161, RATIS_SERVER=46161, STANDALONE=41533], networkLocation: /default-rack, certSerialId: null, persistedOpState: IN_SERVICE, persistedOpStateExpiryEpochSec: 0}0ef21c9d-d35f-446f-9851-8d806d67bbee{ip: 10.1.0.42, host: fv-az50-870.grzltbmokehuzjyc5b133kdqgh.cx.internal.cloudapp.net, ports: [REPLICATION=45041, RATIS=45405, RATIS_ADMIN=45405, RATIS_SERVER=45405, STANDALONE=36865], networkLocation: /default-rack, certSerialId: null, persistedOpState: IN_SERVICE, persistedOpStateExpiryEpochSec: 0}b224c1cc-f2f1-4e28-bfd3-9ebcae4e38f6{ip: 10.1.0.42, host: fv-az50-870.grzltbmokehuzjyc5b133kdqgh.cx.internal.cloudapp.net, ports: [REPLICATION=46725, RATIS=33753, RATIS_ADMIN=33753, RATIS_SERVER=33753, STANDALONE=33237], networkLocation: /default-rack, certSerialId: null, persistedOpState: IN_SERVICE, persistedOpStateExpiryEpochSec: 0}, ReplicationConfig: RATIS/THREE, State:ALLOCATED, leaderId:0ef21c9d-d35f-446f-9851-8d806d67bbee, CreationTimestamp2022-04-26T01:51:39.539Z[Etc/UTC]] moved to OPEN state
2022-04-26 01:51:48,034 [grpc-default-executor-2] INFO  server.RaftServer$Division (RaftServerImpl.java:requestVote(1046)) - e85881fc-38b9-422c-97f9-58a2dbde84eb@group-6990C6AB0D89: receive requestVote(ELECTION, 0ef21c9d-d35f-446f-9851-8d806d67bbee, group-6990C6AB0D89, 1, (t:0, i:0))
2022-04-26 01:51:48,034 [grpc-default-executor-2] INFO  impl.VoteContext (VoteContext.java:log(48)) - e85881fc-38b9-422c-97f9-58a2dbde84eb@group-6990C6AB0D89-FOLLOWER: accept ELECTION from 0ef21c9d-d35f-446f-9851-8d806d67bbee: our priority 0 <= candidate's priority 1
2022-04-26 01:51:48,034 [grpc-default-executor-2] INFO  server.RaftServer$Division (RaftServerImpl.java:setRole(290)) - e85881fc-38b9-422c-97f9-58a2dbde84eb@group-6990C6AB0D89: changes role from  FOLLOWER to FOLLOWER at term 1 for candidate:0ef21c9d-d35f-446f-9851-8d806d67bbee
2022-04-26 01:51:48,034 [grpc-default-executor-2] INFO  impl.RoleInfo (RoleInfo.java:shutdownFollowerState(108)) - e85881fc-38b9-422c-97f9-58a2dbde84eb: shutdown e85881fc-38b9-422c-97f9-58a2dbde84eb@group-6990C6AB0D89-FollowerState
2022-04-26 01:51:48,034 [grpc-default-executor-2] INFO  impl.RoleInfo (RoleInfo.java:updateAndGet(130)) - e85881fc-38b9-422c-97f9-58a2dbde84eb: start e85881fc-38b9-422c-97f9-58a2dbde84eb@group-6990C6AB0D89-FollowerState
2022-04-26 01:51:48,034 [e85881fc-38b9-422c-97f9-58a2dbde84eb@group-6990C6AB0D89-FollowerState] INFO  impl.FollowerState (FollowerState.java:run(143)) - e85881fc-38b9-422c-97f9-58a2dbde84eb@group-6990C6AB0D89-FollowerState was interrupted: {}
java.lang.InterruptedException: sleep interrupted
	at java.lang.Thread.sleep(Native Method)
	at java.lang.Thread.sleep(Thread.java:342)
	at java.util.concurrent.TimeUnit.sleep(TimeUnit.java:386)
	at org.apache.ratis.util.TimeDuration.sleep(TimeDuration.java:324)
	at org.apache.ratis.util.TimeDuration.sleep(TimeDuration.java:309)
	at org.apache.ratis.server.impl.FollowerState.run(FollowerState.java:118)
2022-04-26 01:51:48,029 [0ef21c9d-d35f-446f-9851-8d806d67bbee@group-6990C6AB0D89-LeaderElection7] INFO  grpc.GrpcConfigKeys (ConfUtils.java:logGet(44)) - raft.grpc.server.leader.outstanding.appends.max = 128 (default)
2022-04-26 01:51:48,035 [0ef21c9d-d35f-446f-9851-8d806d67bbee@group-6990C6AB0D89-LeaderElection7] INFO  server.RaftServerConfigKeys (ConfUtils.java:logGet(44)) - raft.server.rpc.request.timeout = 60s (custom)
2022-04-26 01:51:48,035 [0ef21c9d-d35f-446f-9851-8d806d67bbee@group-6990C6AB0D89-LeaderElection7] INFO  server.RaftServerConfigKeys (ConfUtils.java:logGet(44)) - raft.server.log.appender.install.snapshot.enabled = false (custom)
2022-04-26 01:51:48,036 [0ef21c9d-d35f-446f-9851-8d806d67bbee@group-6990C6AB0D89-LeaderElection7] INFO  server.RaftServerConfigKeys (ConfUtils.java:logGet(44)) - raft.server.log.appender.snapshot.chunk.size.max = 16MB (=16777216) (default)
2022-04-26 01:51:48,036 [0ef21c9d-d35f-446f-9851-8d806d67bbee@group-6990C6AB0D89-LeaderElection7] INFO  server.RaftServerConfigKeys (ConfUtils.java:logGet(44)) - raft.server.log.appender.buffer.byte-limit = 33554432 (custom)
2022-04-26 01:51:48,036 [0ef21c9d-d35f-446f-9851-8d806d67bbee@group-6990C6AB0D89-LeaderElection7] INFO  server.RaftServerConfigKeys (ConfUtils.java:logGet(44)) - raft.server.log.appender.buffer.element-limit = 1 (custom)
2022-04-26 01:51:48,036 [0ef21c9d-d35f-446f-9851-8d806d67bbee@group-6990C6AB0D89-LeaderElection7] INFO  grpc.GrpcConfigKeys (ConfUtils.java:logGet(44)) - raft.grpc.server.leader.outstanding.appends.max = 128 (default)
2022-04-26 01:51:48,036 [0ef21c9d-d35f-446f-9851-8d806d67bbee@group-6990C6AB0D89-LeaderElection7] INFO  server.RaftServerConfigKeys (ConfUtils.java:logGet(44)) - raft.server.rpc.request.timeout = 60s (custom)
2022-04-26 01:51:48,036 [0ef21c9d-d35f-446f-9851-8d806d67bbee@group-6990C6AB0D89-LeaderElection7] INFO  server.RaftServerConfigKeys (ConfUtils.java:logGet(44)) - raft.server.log.appender.install.snapshot.enabled = false (custom)
2022-04-26 01:51:48,037 [0ef21c9d-d35f-446f-9851-8d806d67bbee@group-6990C6AB0D89-LeaderElection7] INFO  impl.RoleInfo (RoleInfo.java:updateAndGet(130)) - 0ef21c9d-d35f-446f-9851-8d806d67bbee: start 0ef21c9d-d35f-446f-9851-8d806d67bbee@group-6990C6AB0D89-LeaderStateImpl
2022-04-26 01:51:48,037 [0ef21c9d-d35f-446f-9851-8d806d67bbee@group-6990C6AB0D89-LeaderElection7] INFO  segmented.SegmentedRaftLogWorker (SegmentedRaftLogWorker.java:startLogSegment(394)) - 0ef21c9d-d35f-446f-9851-8d806d67bbee@group-6990C6AB0D89-SegmentedRaftLogWorker: Starting segment from index:0
2022-04-26 01:51:48,041 [0ef21c9d-d35f-446f-9851-8d806d67bbee@group-6990C6AB0D89-SegmentedRaftLogWorker] INFO  segmented.SegmentedRaftLogWorker (SegmentedRaftLogWorker.java:execute(601)) - 0ef21c9d-d35f-446f-9851-8d806d67bbee@group-6990C6AB0D89-SegmentedRaftLogWorker: created new log segment /home/runner/work/ozone/ozone/hadoop-ozone/integration-test/target/test-dir/MiniOzoneClusterImpl-34bf0feb-fc93-4aa8-bd57-765b74b26656/datanode-2/data/ratis/69e77a88-c1b1-4010-9bb3-6990c6ab0d89/current/log_inprogress_0
2022-04-26 01:51:48,042 [grpc-default-executor-2] INFO  server.RaftServer$Division (RaftServerImpl.java:requestVote(1078)) - e85881fc-38b9-422c-97f9-58a2dbde84eb@group-6990C6AB0D89 replies to ELECTION vote request: 0ef21c9d-d35f-446f-9851-8d806d67bbee<-e85881fc-38b9-422c-97f9-58a2dbde84eb#0:OK-t1. Peer's state: e85881fc-38b9-422c-97f9-58a2dbde84eb@group-6990C6AB0D89:t1, leader=null, voted=0ef21c9d-d35f-446f-9851-8d806d67bbee, raftlog=e85881fc-38b9-422c-97f9-58a2dbde84eb@group-6990C6AB0D89-SegmentedRaftLog:OPENED:c-1, conf=-1: [b224c1cc-f2f1-4e28-bfd3-9ebcae4e38f6|rpc:10.1.0.42:33753|priority:0, e85881fc-38b9-422c-97f9-58a2dbde84eb|rpc:10.1.0.42:46161|priority:0, 0ef21c9d-d35f-446f-9851-8d806d67bbee|rpc:10.1.0.42:45405|priority:1], old=null
2022-04-26 01:51:48,044 [0ef21c9d-d35f-446f-9851-8d806d67bbee@group-6990C6AB0D89-LeaderElection7] INFO  server.RaftServer$Division (ServerState.java:setRaftConf(387)) - 0ef21c9d-d35f-446f-9851-8d806d67bbee@group-6990C6AB0D89: set configuration 0: [b224c1cc-f2f1-4e28-bfd3-9ebcae4e38f6|rpc:10.1.0.42:33753|dataStream:|priority:0, e85881fc-38b9-422c-97f9-58a2dbde84eb|rpc:10.1.0.42:46161|dataStream:|priority:0, 0ef21c9d-d35f-446f-9851-8d806d67bbee|rpc:10.1.0.42:45405|dataStream:|priority:1], old=null
2022-04-26 01:51:48,044 [Listener at 127.0.0.1/44011] INFO  ozone.MiniOzoneClusterImpl (MiniOzoneClusterImpl.java:lambda$waitForClusterToBeReady$0(221)) - Nodes are ready. Got 5 of 5 DN Heartbeats.
2022-04-26 01:51:48,044 [Listener at 127.0.0.1/44011] INFO  ozone.MiniOzoneClusterImpl (MiniOzoneClusterImpl.java:lambda$waitForClusterToBeReady$0(224)) - Cluster exits safe mode
2022-04-26 01:51:48,045 [Listener at 127.0.0.1/44011] INFO  ozone.MiniOzoneClusterImpl (MiniOzoneClusterImpl.java:lambda$waitForClusterToBeReady$0(226)) - SCM became leader
2022-04-26 01:51:48,060 [grpc-default-executor-0] INFO  ratis.XceiverServerRatis (XceiverServerRatis.java:handleLeaderChangedNotification(863)) - Leader change notification received for group: group-6990C6AB0D89 with new leaderId: 0ef21c9d-d35f-446f-9851-8d806d67bbee
2022-04-26 01:51:48,060 [grpc-default-executor-0] INFO  server.RaftServer$Division (ServerState.java:setLeader(285)) - e85881fc-38b9-422c-97f9-58a2dbde84eb@group-6990C6AB0D89: change Leader from null to 0ef21c9d-d35f-446f-9851-8d806d67bbee at term 1 for appendEntries, leader elected after 5156ms
2022-04-26 01:51:48,061 [grpc-default-executor-1] INFO  ratis.XceiverServerRatis (XceiverServerRatis.java:handleLeaderChangedNotification(863)) - Leader change notification received for group: group-6990C6AB0D89 with new leaderId: 0ef21c9d-d35f-446f-9851-8d806d67bbee
2022-04-26 01:51:48,061 [grpc-default-executor-1] INFO  server.RaftServer$Division (ServerState.java:setLeader(285)) - b224c1cc-f2f1-4e28-bfd3-9ebcae4e38f6@group-6990C6AB0D89: change Leader from null to 0ef21c9d-d35f-446f-9851-8d806d67bbee at term 1 for appendEntries, leader elected after 5139ms
2022-04-26 01:51:48,077 [grpc-default-executor-0] INFO  server.RaftServer$Division (ServerState.java:setRaftConf(387)) - e85881fc-38b9-422c-97f9-58a2dbde84eb@group-6990C6AB0D89: set configuration 0: [b224c1cc-f2f1-4e28-bfd3-9ebcae4e38f6|rpc:10.1.0.42:33753|dataStream:|priority:0, e85881fc-38b9-422c-97f9-58a2dbde84eb|rpc:10.1.0.42:46161|dataStream:|priority:0, 0ef21c9d-d35f-446f-9851-8d806d67bbee|rpc:10.1.0.42:45405|dataStream:|priority:1], old=null
2022-04-26 01:51:48,077 [grpc-default-executor-0] INFO  segmented.SegmentedRaftLogWorker (SegmentedRaftLogWorker.java:startLogSegment(394)) - e85881fc-38b9-422c-97f9-58a2dbde84eb@group-6990C6AB0D89-SegmentedRaftLogWorker: Starting segment from index:0
2022-04-26 01:51:48,078 [grpc-default-executor-1] INFO  server.RaftServer$Division (ServerState.java:setRaftConf(387)) - b224c1cc-f2f1-4e28-bfd3-9ebcae4e38f6@group-6990C6AB0D89: set configuration 0: [b224c1cc-f2f1-4e28-bfd3-9ebcae4e38f6|rpc:10.1.0.42:33753|dataStream:|priority:0, e85881fc-38b9-422c-97f9-58a2dbde84eb|rpc:10.1.0.42:46161|dataStream:|priority:0, 0ef21c9d-d35f-446f-9851-8d806d67bbee|rpc:10.1.0.42:45405|dataStream:|priority:1], old=null
2022-04-26 01:51:48,078 [grpc-default-executor-1] INFO  segmented.SegmentedRaftLogWorker (SegmentedRaftLogWorker.java:startLogSegment(394)) - b224c1cc-f2f1-4e28-bfd3-9ebcae4e38f6@group-6990C6AB0D89-SegmentedRaftLogWorker: Starting segment from index:0
2022-04-26 01:51:48,079 [e85881fc-38b9-422c-97f9-58a2dbde84eb@group-6990C6AB0D89-SegmentedRaftLogWorker] INFO  segmented.SegmentedRaftLogWorker (SegmentedRaftLogWorker.java:execute(601)) - e85881fc-38b9-422c-97f9-58a2dbde84eb@group-6990C6AB0D89-SegmentedRaftLogWorker: created new log segment /home/runner/work/ozone/ozone/hadoop-ozone/integration-test/target/test-dir/MiniOzoneClusterImpl-34bf0feb-fc93-4aa8-bd57-765b74b26656/datanode-1/data/ratis/69e77a88-c1b1-4010-9bb3-6990c6ab0d89/current/log_inprogress_0
2022-04-26 01:51:48,080 [b224c1cc-f2f1-4e28-bfd3-9ebcae4e38f6@group-6990C6AB0D89-SegmentedRaftLogWorker] INFO  segmented.SegmentedRaftLogWorker (SegmentedRaftLogWorker.java:execute(601)) - b224c1cc-f2f1-4e28-bfd3-9ebcae4e38f6@group-6990C6AB0D89-SegmentedRaftLogWorker: created new log segment /home/runner/work/ozone/ozone/hadoop-ozone/integration-test/target/test-dir/MiniOzoneClusterImpl-34bf0feb-fc93-4aa8-bd57-765b74b26656/datanode-0/data/ratis/69e77a88-c1b1-4010-9bb3-6990c6ab0d89/current/log_inprogress_0
2022-04-26 01:51:48,225 [9ce53556-8a7e-44f7-a467-494b489fc56c@group-969A9DEFD7DE-FollowerState] INFO  impl.FollowerState (FollowerState.java:run(134)) - 9ce53556-8a7e-44f7-a467-494b489fc56c@group-969A9DEFD7DE-FollowerState: change to CANDIDATE, lastRpcElapsedTime:5158401469ns, electionTimeout:5155ms
2022-04-26 01:51:48,225 [9ce53556-8a7e-44f7-a467-494b489fc56c@group-969A9DEFD7DE-FollowerState] INFO  impl.RoleInfo (RoleInfo.java:shutdownFollowerState(108)) - 9ce53556-8a7e-44f7-a467-494b489fc56c: shutdown 9ce53556-8a7e-44f7-a467-494b489fc56c@group-969A9DEFD7DE-FollowerState
2022-04-26 01:51:48,225 [9ce53556-8a7e-44f7-a467-494b489fc56c@group-969A9DEFD7DE-FollowerState] INFO  server.RaftServer$Division (RaftServerImpl.java:setRole(290)) - 9ce53556-8a7e-44f7-a467-494b489fc56c@group-969A9DEFD7DE: changes role from  FOLLOWER to CANDIDATE at term 0 for changeToCandidate
2022-04-26 01:51:48,225 [9ce53556-8a7e-44f7-a467-494b489fc56c@group-969A9DEFD7DE-FollowerState] INFO  server.RaftServerConfigKeys (ConfUtils.java:logGet(44)) - raft.server.leaderelection.pre-vote = false (custom)
2022-04-26 01:51:48,225 [9ce53556-8a7e-44f7-a467-494b489fc56c@group-969A9DEFD7DE-FollowerState] INFO  impl.RoleInfo (RoleInfo.java:updateAndGet(130)) - 9ce53556-8a7e-44f7-a467-494b489fc56c: start 9ce53556-8a7e-44f7-a467-494b489fc56c@group-969A9DEFD7DE-LeaderElection8
2022-04-26 01:51:48,247 [9ce53556-8a7e-44f7-a467-494b489fc56c@group-969A9DEFD7DE-LeaderElection8] INFO  impl.LeaderElection (LeaderElection.java:askForVotes(306)) - 9ce53556-8a7e-44f7-a467-494b489fc56c@group-969A9DEFD7DE-LeaderElection8 ELECTION round 0: submit vote requests at term 1 for -1: [9ce53556-8a7e-44f7-a467-494b489fc56c|rpc:10.1.0.42:45729|priority:1], old=null
2022-04-26 01:51:48,247 [9ce53556-8a7e-44f7-a467-494b489fc56c@group-969A9DEFD7DE-LeaderElection8] INFO  impl.LeaderElection (LeaderElection.java:askForVotes(308)) - 9ce53556-8a7e-44f7-a467-494b489fc56c@group-969A9DEFD7DE-LeaderElection8 ELECTION round 0: result PASSED (term=1)
2022-04-26 01:51:48,247 [9ce53556-8a7e-44f7-a467-494b489fc56c@group-969A9DEFD7DE-LeaderElection8] INFO  impl.RoleInfo (RoleInfo.java:shutdownLeaderElection(121)) - 9ce53556-8a7e-44f7-a467-494b489fc56c: shutdown 9ce53556-8a7e-44f7-a467-494b489fc56c@group-969A9DEFD7DE-LeaderElection8
2022-04-26 01:51:48,247 [9ce53556-8a7e-44f7-a467-494b489fc56c@group-969A9DEFD7DE-LeaderElection8] INFO  server.RaftServer$Division (RaftServerImpl.java:setRole(290)) - 9ce53556-8a7e-44f7-a467-494b489fc56c@group-969A9DEFD7DE: changes role from CANDIDATE to LEADER at term 1 for changeToLeader
2022-04-26 01:51:48,247 [9ce53556-8a7e-44f7-a467-494b489fc56c@group-969A9DEFD7DE-LeaderElection8] INFO  ratis.XceiverServerRatis (XceiverServerRatis.java:handleLeaderChangedNotification(863)) - Leader change notification received for group: group-969A9DEFD7DE with new leaderId: 9ce53556-8a7e-44f7-a467-494b489fc56c
2022-04-26 01:51:48,247 [9ce53556-8a7e-44f7-a467-494b489fc56c@group-969A9DEFD7DE-LeaderElection8] INFO  server.RaftServer$Division (ServerState.java:setLeader(285)) - 9ce53556-8a7e-44f7-a467-494b489fc56c@group-969A9DEFD7DE: change Leader from null to 9ce53556-8a7e-44f7-a467-494b489fc56c at term 1 for becomeLeader, leader elected after 5186ms
2022-04-26 01:51:48,247 [9ce53556-8a7e-44f7-a467-494b489fc56c@group-969A9DEFD7DE-LeaderElection8] INFO  server.RaftServerConfigKeys (ConfUtils.java:logGet(44)) - raft.server.staging.catchup.gap = 1000 (default)
2022-04-26 01:51:48,248 [9ce53556-8a7e-44f7-a467-494b489fc56c@group-969A9DEFD7DE-LeaderElection8] INFO  server.RaftServerConfigKeys (ConfUtils.java:logGet(44)) - raft.server.write.element-limit = 1024 (custom)
2022-04-26 01:51:48,248 [9ce53556-8a7e-44f7-a467-494b489fc56c@group-969A9DEFD7DE-LeaderElection8] INFO  server.RaftServerConfigKeys (ConfUtils.java:logGet(44)) - raft.server.write.byte-limit = 1024 M (=1073741824) (custom)
2022-04-26 01:51:48,248 [9ce53556-8a7e-44f7-a467-494b489fc56c@group-969A9DEFD7DE-LeaderElection8] INFO  server.RaftServerConfigKeys (ConfUtils.java:logGet(44)) - raft.server.watch.timeout = 180s (custom)
2022-04-26 01:51:48,248 [9ce53556-8a7e-44f7-a467-494b489fc56c@group-969A9DEFD7DE-LeaderElection8] INFO  server.RaftServerConfigKeys (ConfUtils.java:logGet(44)) - raft.server.watch.timeout.denomination = 1s (default)
2022-04-26 01:51:48,248 [9ce53556-8a7e-44f7-a467-494b489fc56c@group-969A9DEFD7DE-LeaderElection8] INFO  server.RaftServerConfigKeys (ConfUtils.java:logGet(44)) - raft.server.watch.element-limit = 65536 (default)
2022-04-26 01:51:48,248 [9ce53556-8a7e-44f7-a467-494b489fc56c@group-969A9DEFD7DE-LeaderElection8] INFO  server.RaftServerConfigKeys (ConfUtils.java:logGet(44)) - raft.server.write.element-limit = 1024 (custom)
2022-04-26 01:51:48,248 [9ce53556-8a7e-44f7-a467-494b489fc56c@group-969A9DEFD7DE-LeaderElection8] INFO  server.RaftServerConfigKeys (ConfUtils.java:logGet(44)) - raft.server.write.follower.gap.ratio.max = -1.0 (default)
2022-04-26 01:51:48,248 [9ce53556-8a7e-44f7-a467-494b489fc56c@group-969A9DEFD7DE-LeaderElection8] INFO  impl.RoleInfo (RoleInfo.java:updateAndGet(130)) - 9ce53556-8a7e-44f7-a467-494b489fc56c: start 9ce53556-8a7e-44f7-a467-494b489fc56c@group-969A9DEFD7DE-LeaderStateImpl
2022-04-26 01:51:48,249 [9ce53556-8a7e-44f7-a467-494b489fc56c@group-969A9DEFD7DE-LeaderElection8] INFO  segmented.SegmentedRaftLogWorker (SegmentedRaftLogWorker.java:startLogSegment(394)) - 9ce53556-8a7e-44f7-a467-494b489fc56c@group-969A9DEFD7DE-SegmentedRaftLogWorker: Starting segment from index:0
2022-04-26 01:51:48,253 [9ce53556-8a7e-44f7-a467-494b489fc56c@group-969A9DEFD7DE-SegmentedRaftLogWorker] INFO  segmented.SegmentedRaftLogWorker (SegmentedRaftLogWorker.java:execute(601)) - 9ce53556-8a7e-44f7-a467-494b489fc56c@group-969A9DEFD7DE-SegmentedRaftLogWorker: created new log segment /home/runner/work/ozone/ozone/hadoop-ozone/integration-test/target/test-dir/MiniOzoneClusterImpl-34bf0feb-fc93-4aa8-bd57-765b74b26656/datanode-4/data/ratis/b5a420bc-986e-42fd-bc65-969a9defd7de/current/log_inprogress_0
2022-04-26 01:51:48,267 [9ce53556-8a7e-44f7-a467-494b489fc56c@group-969A9DEFD7DE-LeaderElection8] INFO  server.RaftServer$Division (ServerState.java:setRaftConf(387)) - 9ce53556-8a7e-44f7-a467-494b489fc56c@group-969A9DEFD7DE: set configuration 0: [9ce53556-8a7e-44f7-a467-494b489fc56c|rpc:10.1.0.42:45729|dataStream:|priority:1], old=null
2022-04-26 01:51:48,460 [Listener at 127.0.0.1/44011] INFO  rpc.RpcClient (RpcClient.java:createVolume(448)) - Creating Volume: volume70938, with user45315 as owner and space quota set to -1 bytes, counts quota set to -1
2022-04-26 01:51:48,512 [OM StateMachine ApplyTransaction Thread - 0] INFO  volume.OMVolumeCreateRequest (OMVolumeCreateRequest.java:validateAndUpdateCache(195)) - created volume:volume70938 for user:user45315
2022-04-26 01:51:48,530 [Listener at 127.0.0.1/44011] INFO  rpc.RpcClient (RpcClient.java:createBucket(637)) - Creating Bucket: volume70938/bucket97532, with runner as owner and Versioning false and Storage Type set to DISK and Encryption set to false 
2022-04-26 01:51:48,549 [OM StateMachine ApplyTransaction Thread - 0] INFO  bucket.OMBucketCreateRequest (OMBucketCreateRequest.java:validateAndUpdateCache(258)) - created bucket: bucket97532 of layout LEGACY in volume: volume70938
]]></system-out>
  </testcase>
  <testcase name="testGetTrashRoot" classname="TestOzoneFileSystem" time="47.087">
    <system-out><![CDATA[2022-04-26 01:51:59,358 [Listener at 127.0.0.1/44011] INFO  ozone.MiniOzoneClusterImpl (MiniOzoneClusterImpl.java:shutdown(456)) - Shutting down the Mini Ozone Cluster
2022-04-26 01:51:59,358 [Listener at 127.0.0.1/44011] INFO  ozone.MiniOzoneClusterImpl (MiniOzoneClusterImpl.java:stop(471)) - Stopping the Mini Ozone Cluster
2022-04-26 01:51:59,358 [Listener at 127.0.0.1/44011] INFO  ozone.MiniOzoneClusterImpl (MiniOzoneClusterImpl.java:stopOM(553)) - Stopping the OzoneManager
2022-04-26 01:51:59,359 [Listener at 127.0.0.1/44011] INFO  om.OzoneManager (OzoneManager.java:stop(1898)) - om1[localhost:0]: Stopping Ozone Manager
2022-04-26 01:51:59,359 [Listener at 127.0.0.1/44011] INFO  ipc.Server (Server.java:stop(3414)) - Stopping server on 44011
2022-04-26 01:51:59,364 [IPC Server listener on 0] INFO  ipc.Server (Server.java:run(1376)) - Stopping IPC Server listener on 0
2022-04-26 01:51:59,365 [IPC Server Responder] INFO  ipc.Server (Server.java:run(1512)) - Stopping IPC Server Responder
2022-04-26 01:51:59,366 [Listener at 127.0.0.1/44011] INFO  server.RaftServer (RaftServerProxy.java:lambda$close$6(391)) - om1: close
2022-04-26 01:51:59,366 [Listener at 127.0.0.1/44011] INFO  server.RaftServer$Division (RaftServerImpl.java:lambda$close$4(412)) - om1@group-C5BA1605619E: shutdown
2022-04-26 01:51:59,367 [Listener at 127.0.0.1/44011] INFO  util.JmxRegister (JmxRegister.java:unregister(73)) - Successfully un-registered JMX Bean with object name Ratis:service=RaftServer,group=group-C5BA1605619E,id=om1
2022-04-26 01:51:59,367 [Listener at 127.0.0.1/44011] INFO  impl.RoleInfo (RoleInfo.java:shutdownLeaderState(91)) - om1: shutdown om1@group-C5BA1605619E-LeaderStateImpl
2022-04-26 01:51:59,367 [Listener at 127.0.0.1/44011] INFO  impl.PendingRequests (PendingRequests.java:sendNotLeaderResponses(282)) - om1@group-C5BA1605619E-PendingRequests: sendNotLeaderResponses
2022-04-26 01:51:59,370 [om1@group-C5BA1605619E-StateMachineUpdater] INFO  ratis.OzoneManagerStateMachine (OzoneManagerStateMachine.java:takeSnapshot(426)) - Current Snapshot Index (t:1, i:4164)
2022-04-26 01:51:59,371 [om1@group-C5BA1605619E-StateMachineUpdater] INFO  impl.StateMachineUpdater (StateMachineUpdater.java:takeSnapshot(281)) - om1@group-C5BA1605619E-StateMachineUpdater: Took a snapshot at index 4164
2022-04-26 01:51:59,371 [om1@group-C5BA1605619E-StateMachineUpdater] INFO  impl.StateMachineUpdater (StateMachineUpdater.java:lambda$new$0(89)) - om1@group-C5BA1605619E-StateMachineUpdater: snapshotIndex: updateIncreasingly -1 -> 4164
2022-04-26 01:51:59,371 [om1@group-C5BA1605619E-StateMachineUpdater] INFO  ratis.OzoneManagerStateMachine (OzoneManagerStateMachine.java:close(480)) - StateMachine has shutdown. Shutdown OzoneManager if not already shutdown.
2022-04-26 01:51:59,371 [om1@group-C5BA1605619E-StateMachineUpdater] INFO  ratis.OzoneManagerDoubleBuffer (OzoneManagerDoubleBuffer.java:stop(466)) - Stopping OMDoubleBuffer flush thread
2022-04-26 01:51:59,371 [OMDoubleBufferFlushThread] INFO  ratis.OzoneManagerDoubleBuffer (OzoneManagerDoubleBuffer.java:flushTransactions(385)) - OMDoubleBuffer flush thread OMDoubleBufferFlushThread is interrupted and will exit. OMDoubleBufferFlushThread
2022-04-26 01:51:59,372 [Listener at 127.0.0.1/44011] INFO  impl.StateMachineUpdater (StateMachineUpdater.java:stopAndJoin(149)) - om1@group-C5BA1605619E-StateMachineUpdater: set stopIndex = 4164
2022-04-26 01:51:59,373 [Listener at 127.0.0.1/44011] INFO  server.RaftServer$Division (ServerState.java:close(419)) - om1@group-C5BA1605619E: closes. applyIndex: 4164
2022-04-26 01:51:59,376 [om1@group-C5BA1605619E-SegmentedRaftLogWorker] INFO  segmented.SegmentedRaftLogWorker (SegmentedRaftLogWorker.java:run(327)) - om1@group-C5BA1605619E-SegmentedRaftLogWorker was interrupted, exiting. There are 0 tasks remaining in the queue.
2022-04-26 01:51:59,377 [Listener at 127.0.0.1/44011] INFO  segmented.SegmentedRaftLogWorker (SegmentedRaftLogWorker.java:close(237)) - om1@group-C5BA1605619E-SegmentedRaftLogWorker close()
2022-04-26 01:51:59,379 [Listener at 127.0.0.1/44011] INFO  server.GrpcService (GrpcService.java:closeImpl(262)) - om1: shutdown server with port 9872 now
2022-04-26 01:51:59,385 [Listener at 127.0.0.1/44011] INFO  server.GrpcService (GrpcService.java:closeImpl(271)) - om1: shutdown server with port 9872 successfully
2022-04-26 01:51:59,385 [org.apache.ratis.util.JvmPauseMonitor$$Lambda$580/456889832@2d67f090] INFO  util.JvmPauseMonitor (JvmPauseMonitor.java:run(109)) - JvmPauseMonitor-om1: Stopped
2022-04-26 01:51:59,385 [Listener at 127.0.0.1/44011] INFO  ratis.OzoneManagerStateMachine (OzoneManagerStateMachine.java:close(480)) - StateMachine has shutdown. Shutdown OzoneManager if not already shutdown.
2022-04-26 01:51:59,385 [Listener at 127.0.0.1/44011] INFO  ratis.OzoneManagerDoubleBuffer (OzoneManagerDoubleBuffer.java:stop(478)) - OMDoubleBuffer flush thread is not running.
2022-04-26 01:51:59,386 [Listener at 127.0.0.1/44011] INFO  utils.BackgroundService (BackgroundService.java:shutdown(132)) - Shutting down service KeyDeletingService
2022-04-26 01:51:59,386 [Listener at 127.0.0.1/44011] INFO  utils.BackgroundService (BackgroundService.java:shutdown(132)) - Shutting down service DirectoryDeletingService
2022-04-26 01:51:59,388 [Listener at 127.0.0.1/44011] INFO  handler.ContextHandler (ContextHandler.java:doStop(1153)) - Stopped o.e.j.w.WebAppContext@139ca07f{ozoneManager,/,null,STOPPED}{file:/home/runner/work/ozone/ozone/hadoop-ozone/integration-test/target/test-classes/webapps/ozoneManager}
2022-04-26 01:51:59,398 [Listener at 127.0.0.1/44011] INFO  server.AbstractConnector (AbstractConnector.java:doStop(381)) - Stopped ServerConnector@1b28684{HTTP/1.1, (http/1.1)}{0.0.0.0:0}
2022-04-26 01:51:59,398 [Listener at 127.0.0.1/44011] INFO  server.session (HouseKeeper.java:stopScavenging(149)) - node0 Stopped scavenging
2022-04-26 01:51:59,398 [Listener at 127.0.0.1/44011] INFO  handler.ContextHandler (ContextHandler.java:doStop(1153)) - Stopped o.e.j.s.ServletContextHandler@2517308f{static,/static,file:///home/runner/work/ozone/ozone/hadoop-ozone/integration-test/target/test-classes/webapps/static,STOPPED}
2022-04-26 01:51:59,399 [Listener at 127.0.0.1/44011] INFO  handler.ContextHandler (ContextHandler.java:doStop(1153)) - Stopped o.e.j.s.ServletContextHandler@36f3f2a8{logs,/logs,file:///home/runner/work/ozone/ozone/hadoop-ozone/integration-test/target/log,STOPPED}
2022-04-26 01:51:59,400 [Trash Emptier] ERROR om.TrashPolicyOzone (TrashPolicyOzone.java:run(251)) - Error attempting to shutdown
java.lang.InterruptedException
	at java.util.concurrent.locks.AbstractQueuedSynchronizer$ConditionObject.awaitNanos(AbstractQueuedSynchronizer.java:2067)
	at java.util.concurrent.ThreadPoolExecutor.awaitTermination(ThreadPoolExecutor.java:1475)
	at org.apache.hadoop.ozone.om.TrashPolicyOzone$Emptier.run(TrashPolicyOzone.java:249)
	at java.lang.Thread.run(Thread.java:750)
2022-04-26 01:51:59,400 [Trash Emptier] ERROR util.ExitUtils (ExitUtils.java:terminate(133)) - Terminating with exit status -1: Thread[Trash Emptier,5,main] has thrown an uncaught exception
java.lang.UnsupportedOperationException: fs.getUri() not implemented in TrashOzoneFileSystem
	at org.apache.hadoop.ozone.om.TrashOzoneFileSystem.getUri(TrashOzoneFileSystem.java:124)
	at org.apache.hadoop.fs.FileSystem.close(FileSystem.java:2592)
	at org.apache.hadoop.ozone.om.TrashPolicyOzone$Emptier.run(TrashPolicyOzone.java:243)
	at java.lang.Thread.run(Thread.java:750)
2022-04-26 01:51:59,405 [Listener at 127.0.0.1/44011] INFO  ozone.MiniOzoneClusterImpl (MiniOzoneClusterImpl.java:stopDatanodes(530)) - Stopping the HddsDatanodes
2022-04-26 01:52:04,408 [Listener at 127.0.0.1/44011] INFO  ozoneimpl.OzoneContainer (OzoneContainer.java:stop(356)) - Attempting to stop container services.
2022-04-26 01:52:04,408 [ForkJoinPool.commonPool-worker-0] INFO  ozoneimpl.OzoneContainer (OzoneContainer.java:stop(356)) - Attempting to stop container services.
2022-04-26 01:52:04,409 [ForkJoinPool.commonPool-worker-0] INFO  server.RaftServer (RaftServerProxy.java:lambda$close$6(391)) - e85881fc-38b9-422c-97f9-58a2dbde84eb: close
2022-04-26 01:52:04,409 [Listener at 127.0.0.1/44011] INFO  server.RaftServer (RaftServerProxy.java:lambda$close$6(391)) - 0ef21c9d-d35f-446f-9851-8d806d67bbee: close
2022-04-26 01:52:04,409 [ForkJoinPool.commonPool-worker-0] INFO  server.RaftServer$Division (RaftServerImpl.java:lambda$close$4(412)) - e85881fc-38b9-422c-97f9-58a2dbde84eb@group-BFF32E3A7135: shutdown
2022-04-26 01:52:04,409 [Listener at 127.0.0.1/44011] INFO  server.RaftServer$Division (RaftServerImpl.java:lambda$close$4(412)) - 0ef21c9d-d35f-446f-9851-8d806d67bbee@group-BFF32E3A7135: shutdown
2022-04-26 01:52:04,410 [ForkJoinPool.commonPool-worker-0] INFO  util.JmxRegister (JmxRegister.java:unregister(73)) - Successfully un-registered JMX Bean with object name Ratis:service=RaftServer,group=group-BFF32E3A7135,id=e85881fc-38b9-422c-97f9-58a2dbde84eb
2022-04-26 01:52:04,410 [ForkJoinPool.commonPool-worker-0] INFO  impl.RoleInfo (RoleInfo.java:shutdownFollowerState(108)) - e85881fc-38b9-422c-97f9-58a2dbde84eb: shutdown e85881fc-38b9-422c-97f9-58a2dbde84eb@group-BFF32E3A7135-FollowerState
2022-04-26 01:52:04,410 [Listener at 127.0.0.1/44011] INFO  util.JmxRegister (JmxRegister.java:unregister(73)) - Successfully un-registered JMX Bean with object name Ratis:service=RaftServer,group=group-BFF32E3A7135,id=0ef21c9d-d35f-446f-9851-8d806d67bbee
2022-04-26 01:52:04,410 [e85881fc-38b9-422c-97f9-58a2dbde84eb@group-BFF32E3A7135-StateMachineUpdater] INFO  ratis.ContainerStateMachine (ContainerStateMachine.java:takeSnapshot(304)) - group-BFF32E3A7135: Taking a snapshot at:(t:1, i:3) file /home/runner/work/ozone/ozone/hadoop-ozone/integration-test/target/test-dir/MiniOzoneClusterImpl-34bf0feb-fc93-4aa8-bd57-765b74b26656/datanode-1/data/ratis/0dd4f3cb-0572-4edc-80cd-bff32e3a7135/sm/snapshot.1_3
2022-04-26 01:52:04,411 [Listener at 127.0.0.1/44011] INFO  impl.RoleInfo (RoleInfo.java:shutdownFollowerState(108)) - 0ef21c9d-d35f-446f-9851-8d806d67bbee: shutdown 0ef21c9d-d35f-446f-9851-8d806d67bbee@group-BFF32E3A7135-FollowerState
2022-04-26 01:52:04,411 [0ef21c9d-d35f-446f-9851-8d806d67bbee@group-BFF32E3A7135-FollowerState] INFO  impl.FollowerState (FollowerState.java:run(143)) - 0ef21c9d-d35f-446f-9851-8d806d67bbee@group-BFF32E3A7135-FollowerState was interrupted: {}
java.lang.InterruptedException: sleep interrupted
	at java.lang.Thread.sleep(Native Method)
	at java.lang.Thread.sleep(Thread.java:342)
	at java.util.concurrent.TimeUnit.sleep(TimeUnit.java:386)
	at org.apache.ratis.util.TimeDuration.sleep(TimeDuration.java:324)
	at org.apache.ratis.util.TimeDuration.sleep(TimeDuration.java:309)
	at org.apache.ratis.server.impl.FollowerState.run(FollowerState.java:118)
2022-04-26 01:52:04,410 [ForkJoinPool.commonPool-worker-0] INFO  impl.StateMachineUpdater (StateMachineUpdater.java:stopAndJoin(149)) - e85881fc-38b9-422c-97f9-58a2dbde84eb@group-BFF32E3A7135-StateMachineUpdater: set stopIndex = 3
2022-04-26 01:52:04,410 [e85881fc-38b9-422c-97f9-58a2dbde84eb@group-BFF32E3A7135-FollowerState] INFO  impl.FollowerState (FollowerState.java:run(143)) - e85881fc-38b9-422c-97f9-58a2dbde84eb@group-BFF32E3A7135-FollowerState was interrupted: {}
java.lang.InterruptedException: sleep interrupted
	at java.lang.Thread.sleep(Native Method)
	at java.lang.Thread.sleep(Thread.java:342)
	at java.util.concurrent.TimeUnit.sleep(TimeUnit.java:386)
	at org.apache.ratis.util.TimeDuration.sleep(TimeDuration.java:324)
	at org.apache.ratis.util.TimeDuration.sleep(TimeDuration.java:309)
	at org.apache.ratis.server.impl.FollowerState.run(FollowerState.java:118)
2022-04-26 01:52:04,412 [0ef21c9d-d35f-446f-9851-8d806d67bbee@group-BFF32E3A7135-StateMachineUpdater] INFO  ratis.ContainerStateMachine (ContainerStateMachine.java:takeSnapshot(304)) - group-BFF32E3A7135: Taking a snapshot at:(t:1, i:3) file /home/runner/work/ozone/ozone/hadoop-ozone/integration-test/target/test-dir/MiniOzoneClusterImpl-34bf0feb-fc93-4aa8-bd57-765b74b26656/datanode-2/data/ratis/0dd4f3cb-0572-4edc-80cd-bff32e3a7135/sm/snapshot.1_3
2022-04-26 01:52:04,412 [Listener at 127.0.0.1/44011] INFO  impl.StateMachineUpdater (StateMachineUpdater.java:stopAndJoin(149)) - 0ef21c9d-d35f-446f-9851-8d806d67bbee@group-BFF32E3A7135-StateMachineUpdater: set stopIndex = 3
2022-04-26 01:52:04,441 [0ef21c9d-d35f-446f-9851-8d806d67bbee@group-BFF32E3A7135-StateMachineUpdater] INFO  ratis.ContainerStateMachine (ContainerStateMachine.java:takeSnapshot(315)) - group-BFF32E3A7135: Finished taking a snapshot at:(t:1, i:3) file:/home/runner/work/ozone/ozone/hadoop-ozone/integration-test/target/test-dir/MiniOzoneClusterImpl-34bf0feb-fc93-4aa8-bd57-765b74b26656/datanode-2/data/ratis/0dd4f3cb-0572-4edc-80cd-bff32e3a7135/sm/snapshot.1_3 took: 29 ms
2022-04-26 01:52:04,442 [0ef21c9d-d35f-446f-9851-8d806d67bbee@group-BFF32E3A7135-StateMachineUpdater] INFO  impl.StateMachineUpdater (StateMachineUpdater.java:takeSnapshot(281)) - 0ef21c9d-d35f-446f-9851-8d806d67bbee@group-BFF32E3A7135-StateMachineUpdater: Took a snapshot at index 3
2022-04-26 01:52:04,442 [0ef21c9d-d35f-446f-9851-8d806d67bbee@group-BFF32E3A7135-StateMachineUpdater] INFO  impl.StateMachineUpdater (StateMachineUpdater.java:lambda$new$0(89)) - 0ef21c9d-d35f-446f-9851-8d806d67bbee@group-BFF32E3A7135-StateMachineUpdater: snapshotIndex: updateIncreasingly -1 -> 3
2022-04-26 01:52:04,443 [e85881fc-38b9-422c-97f9-58a2dbde84eb@group-BFF32E3A7135-StateMachineUpdater] INFO  ratis.ContainerStateMachine (ContainerStateMachine.java:takeSnapshot(315)) - group-BFF32E3A7135: Finished taking a snapshot at:(t:1, i:3) file:/home/runner/work/ozone/ozone/hadoop-ozone/integration-test/target/test-dir/MiniOzoneClusterImpl-34bf0feb-fc93-4aa8-bd57-765b74b26656/datanode-1/data/ratis/0dd4f3cb-0572-4edc-80cd-bff32e3a7135/sm/snapshot.1_3 took: 33 ms
2022-04-26 01:52:04,443 [e85881fc-38b9-422c-97f9-58a2dbde84eb@group-BFF32E3A7135-StateMachineUpdater] INFO  impl.StateMachineUpdater (StateMachineUpdater.java:takeSnapshot(281)) - e85881fc-38b9-422c-97f9-58a2dbde84eb@group-BFF32E3A7135-StateMachineUpdater: Took a snapshot at index 3
2022-04-26 01:52:04,443 [e85881fc-38b9-422c-97f9-58a2dbde84eb@group-BFF32E3A7135-StateMachineUpdater] INFO  impl.StateMachineUpdater (StateMachineUpdater.java:lambda$new$0(89)) - e85881fc-38b9-422c-97f9-58a2dbde84eb@group-BFF32E3A7135-StateMachineUpdater: snapshotIndex: updateIncreasingly -1 -> 3
2022-04-26 01:52:04,445 [ForkJoinPool.commonPool-worker-0] INFO  server.RaftServer$Division (ServerState.java:close(419)) - e85881fc-38b9-422c-97f9-58a2dbde84eb@group-BFF32E3A7135: closes. applyIndex: 3
2022-04-26 01:52:04,446 [e85881fc-38b9-422c-97f9-58a2dbde84eb@group-BFF32E3A7135-SegmentedRaftLogWorker] INFO  segmented.SegmentedRaftLogWorker (SegmentedRaftLogWorker.java:run(327)) - e85881fc-38b9-422c-97f9-58a2dbde84eb@group-BFF32E3A7135-SegmentedRaftLogWorker was interrupted, exiting. There are 0 tasks remaining in the queue.
2022-04-26 01:52:04,446 [ForkJoinPool.commonPool-worker-0] INFO  segmented.SegmentedRaftLogWorker (SegmentedRaftLogWorker.java:close(237)) - e85881fc-38b9-422c-97f9-58a2dbde84eb@group-BFF32E3A7135-SegmentedRaftLogWorker close()
2022-04-26 01:52:04,448 [ForkJoinPool.commonPool-worker-0] INFO  server.RaftServer$Division (RaftServerImpl.java:lambda$close$4(412)) - e85881fc-38b9-422c-97f9-58a2dbde84eb@group-EE2FF77D7A87: shutdown
2022-04-26 01:52:04,448 [ForkJoinPool.commonPool-worker-0] INFO  util.JmxRegister (JmxRegister.java:unregister(73)) - Successfully un-registered JMX Bean with object name Ratis:service=RaftServer,group=group-EE2FF77D7A87,id=e85881fc-38b9-422c-97f9-58a2dbde84eb
2022-04-26 01:52:04,448 [ForkJoinPool.commonPool-worker-0] INFO  impl.RoleInfo (RoleInfo.java:shutdownLeaderState(91)) - e85881fc-38b9-422c-97f9-58a2dbde84eb: shutdown e85881fc-38b9-422c-97f9-58a2dbde84eb@group-EE2FF77D7A87-LeaderStateImpl
2022-04-26 01:52:04,448 [ForkJoinPool.commonPool-worker-0] INFO  impl.PendingRequests (PendingRequests.java:sendNotLeaderResponses(282)) - e85881fc-38b9-422c-97f9-58a2dbde84eb@group-EE2FF77D7A87-PendingRequests: sendNotLeaderResponses
2022-04-26 01:52:04,449 [ForkJoinPool.commonPool-worker-0] INFO  impl.StateMachineUpdater (StateMachineUpdater.java:stopAndJoin(149)) - e85881fc-38b9-422c-97f9-58a2dbde84eb@group-EE2FF77D7A87-StateMachineUpdater: set stopIndex = 0
2022-04-26 01:52:04,449 [e85881fc-38b9-422c-97f9-58a2dbde84eb@group-EE2FF77D7A87-StateMachineUpdater] INFO  ratis.ContainerStateMachine (ContainerStateMachine.java:takeSnapshot(304)) - group-EE2FF77D7A87: Taking a snapshot at:(t:1, i:0) file /home/runner/work/ozone/ozone/hadoop-ozone/integration-test/target/test-dir/MiniOzoneClusterImpl-34bf0feb-fc93-4aa8-bd57-765b74b26656/datanode-1/data/ratis/56e4b495-05b9-43b6-9c65-ee2ff77d7a87/sm/snapshot.1_0
2022-04-26 01:52:04,450 [e85881fc-38b9-422c-97f9-58a2dbde84eb@group-EE2FF77D7A87-StateMachineUpdater] INFO  ratis.ContainerStateMachine (ContainerStateMachine.java:takeSnapshot(315)) - group-EE2FF77D7A87: Finished taking a snapshot at:(t:1, i:0) file:/home/runner/work/ozone/ozone/hadoop-ozone/integration-test/target/test-dir/MiniOzoneClusterImpl-34bf0feb-fc93-4aa8-bd57-765b74b26656/datanode-1/data/ratis/56e4b495-05b9-43b6-9c65-ee2ff77d7a87/sm/snapshot.1_0 took: 1 ms
2022-04-26 01:52:04,450 [e85881fc-38b9-422c-97f9-58a2dbde84eb@group-EE2FF77D7A87-StateMachineUpdater] INFO  impl.StateMachineUpdater (StateMachineUpdater.java:takeSnapshot(281)) - e85881fc-38b9-422c-97f9-58a2dbde84eb@group-EE2FF77D7A87-StateMachineUpdater: Took a snapshot at index 0
2022-04-26 01:52:04,450 [e85881fc-38b9-422c-97f9-58a2dbde84eb@group-EE2FF77D7A87-StateMachineUpdater] INFO  impl.StateMachineUpdater (StateMachineUpdater.java:lambda$new$0(89)) - e85881fc-38b9-422c-97f9-58a2dbde84eb@group-EE2FF77D7A87-StateMachineUpdater: snapshotIndex: updateIncreasingly -1 -> 0
2022-04-26 01:52:04,450 [ForkJoinPool.commonPool-worker-0] INFO  server.RaftServer$Division (ServerState.java:close(419)) - e85881fc-38b9-422c-97f9-58a2dbde84eb@group-EE2FF77D7A87: closes. applyIndex: 0
2022-04-26 01:52:04,451 [e85881fc-38b9-422c-97f9-58a2dbde84eb@group-EE2FF77D7A87-SegmentedRaftLogWorker] INFO  segmented.SegmentedRaftLogWorker (SegmentedRaftLogWorker.java:run(327)) - e85881fc-38b9-422c-97f9-58a2dbde84eb@group-EE2FF77D7A87-SegmentedRaftLogWorker was interrupted, exiting. There are 0 tasks remaining in the queue.
2022-04-26 01:52:04,451 [ForkJoinPool.commonPool-worker-0] INFO  segmented.SegmentedRaftLogWorker (SegmentedRaftLogWorker.java:close(237)) - e85881fc-38b9-422c-97f9-58a2dbde84eb@group-EE2FF77D7A87-SegmentedRaftLogWorker close()
2022-04-26 01:52:04,452 [Listener at 127.0.0.1/44011] INFO  server.RaftServer$Division (ServerState.java:close(419)) - 0ef21c9d-d35f-446f-9851-8d806d67bbee@group-BFF32E3A7135: closes. applyIndex: 3
2022-04-26 01:52:04,453 [0ef21c9d-d35f-446f-9851-8d806d67bbee@group-BFF32E3A7135-SegmentedRaftLogWorker] INFO  segmented.SegmentedRaftLogWorker (SegmentedRaftLogWorker.java:run(327)) - 0ef21c9d-d35f-446f-9851-8d806d67bbee@group-BFF32E3A7135-SegmentedRaftLogWorker was interrupted, exiting. There are 0 tasks remaining in the queue.
2022-04-26 01:52:04,452 [ForkJoinPool.commonPool-worker-0] INFO  server.RaftServer$Division (RaftServerImpl.java:lambda$close$4(412)) - e85881fc-38b9-422c-97f9-58a2dbde84eb@group-6990C6AB0D89: shutdown
2022-04-26 01:52:04,453 [ForkJoinPool.commonPool-worker-0] INFO  util.JmxRegister (JmxRegister.java:unregister(73)) - Successfully un-registered JMX Bean with object name Ratis:service=RaftServer,group=group-6990C6AB0D89,id=e85881fc-38b9-422c-97f9-58a2dbde84eb
2022-04-26 01:52:04,453 [ForkJoinPool.commonPool-worker-0] INFO  impl.RoleInfo (RoleInfo.java:shutdownFollowerState(108)) - e85881fc-38b9-422c-97f9-58a2dbde84eb: shutdown e85881fc-38b9-422c-97f9-58a2dbde84eb@group-6990C6AB0D89-FollowerState
2022-04-26 01:52:04,453 [e85881fc-38b9-422c-97f9-58a2dbde84eb@group-6990C6AB0D89-FollowerState] INFO  impl.FollowerState (FollowerState.java:run(143)) - e85881fc-38b9-422c-97f9-58a2dbde84eb@group-6990C6AB0D89-FollowerState was interrupted: {}
java.lang.InterruptedException: sleep interrupted
	at java.lang.Thread.sleep(Native Method)
	at java.lang.Thread.sleep(Thread.java:342)
	at java.util.concurrent.TimeUnit.sleep(TimeUnit.java:386)
	at org.apache.ratis.util.TimeDuration.sleep(TimeDuration.java:324)
	at org.apache.ratis.util.TimeDuration.sleep(TimeDuration.java:309)
	at org.apache.ratis.server.impl.FollowerState.run(FollowerState.java:118)
2022-04-26 01:52:04,453 [e85881fc-38b9-422c-97f9-58a2dbde84eb@group-6990C6AB0D89-StateMachineUpdater] INFO  ratis.ContainerStateMachine (ContainerStateMachine.java:takeSnapshot(304)) - group-6990C6AB0D89: Taking a snapshot at:(t:1, i:26) file /home/runner/work/ozone/ozone/hadoop-ozone/integration-test/target/test-dir/MiniOzoneClusterImpl-34bf0feb-fc93-4aa8-bd57-765b74b26656/datanode-1/data/ratis/69e77a88-c1b1-4010-9bb3-6990c6ab0d89/sm/snapshot.1_26
2022-04-26 01:52:04,454 [ForkJoinPool.commonPool-worker-0] INFO  impl.StateMachineUpdater (StateMachineUpdater.java:stopAndJoin(149)) - e85881fc-38b9-422c-97f9-58a2dbde84eb@group-6990C6AB0D89-StateMachineUpdater: set stopIndex = 26
2022-04-26 01:52:04,455 [Listener at 127.0.0.1/44011] INFO  segmented.SegmentedRaftLogWorker (SegmentedRaftLogWorker.java:close(237)) - 0ef21c9d-d35f-446f-9851-8d806d67bbee@group-BFF32E3A7135-SegmentedRaftLogWorker close()
2022-04-26 01:52:04,457 [e85881fc-38b9-422c-97f9-58a2dbde84eb@group-6990C6AB0D89-StateMachineUpdater] INFO  ratis.ContainerStateMachine (ContainerStateMachine.java:takeSnapshot(315)) - group-6990C6AB0D89: Finished taking a snapshot at:(t:1, i:26) file:/home/runner/work/ozone/ozone/hadoop-ozone/integration-test/target/test-dir/MiniOzoneClusterImpl-34bf0feb-fc93-4aa8-bd57-765b74b26656/datanode-1/data/ratis/69e77a88-c1b1-4010-9bb3-6990c6ab0d89/sm/snapshot.1_26 took: 4 ms
2022-04-26 01:52:04,457 [e85881fc-38b9-422c-97f9-58a2dbde84eb@group-6990C6AB0D89-StateMachineUpdater] INFO  impl.StateMachineUpdater (StateMachineUpdater.java:takeSnapshot(281)) - e85881fc-38b9-422c-97f9-58a2dbde84eb@group-6990C6AB0D89-StateMachineUpdater: Took a snapshot at index 26
2022-04-26 01:52:04,457 [e85881fc-38b9-422c-97f9-58a2dbde84eb@group-6990C6AB0D89-StateMachineUpdater] INFO  impl.StateMachineUpdater (StateMachineUpdater.java:lambda$new$0(89)) - e85881fc-38b9-422c-97f9-58a2dbde84eb@group-6990C6AB0D89-StateMachineUpdater: snapshotIndex: updateIncreasingly -1 -> 26
2022-04-26 01:52:04,457 [ForkJoinPool.commonPool-worker-0] INFO  server.RaftServer$Division (ServerState.java:close(419)) - e85881fc-38b9-422c-97f9-58a2dbde84eb@group-6990C6AB0D89: closes. applyIndex: 26
2022-04-26 01:52:04,458 [e85881fc-38b9-422c-97f9-58a2dbde84eb@group-6990C6AB0D89-SegmentedRaftLogWorker] INFO  segmented.SegmentedRaftLogWorker (SegmentedRaftLogWorker.java:run(327)) - e85881fc-38b9-422c-97f9-58a2dbde84eb@group-6990C6AB0D89-SegmentedRaftLogWorker was interrupted, exiting. There are 0 tasks remaining in the queue.
2022-04-26 01:52:04,458 [ForkJoinPool.commonPool-worker-0] INFO  segmented.SegmentedRaftLogWorker (SegmentedRaftLogWorker.java:close(237)) - e85881fc-38b9-422c-97f9-58a2dbde84eb@group-6990C6AB0D89-SegmentedRaftLogWorker close()
2022-04-26 01:52:04,459 [Listener at 127.0.0.1/44011] INFO  server.RaftServer$Division (RaftServerImpl.java:lambda$close$4(412)) - 0ef21c9d-d35f-446f-9851-8d806d67bbee@group-0DBAD9121E34: shutdown
2022-04-26 01:52:04,459 [Listener at 127.0.0.1/44011] INFO  util.JmxRegister (JmxRegister.java:unregister(73)) - Successfully un-registered JMX Bean with object name Ratis:service=RaftServer,group=group-0DBAD9121E34,id=0ef21c9d-d35f-446f-9851-8d806d67bbee
2022-04-26 01:52:04,459 [Listener at 127.0.0.1/44011] INFO  impl.RoleInfo (RoleInfo.java:shutdownLeaderState(91)) - 0ef21c9d-d35f-446f-9851-8d806d67bbee: shutdown 0ef21c9d-d35f-446f-9851-8d806d67bbee@group-0DBAD9121E34-LeaderStateImpl
2022-04-26 01:52:04,459 [Listener at 127.0.0.1/44011] INFO  impl.PendingRequests (PendingRequests.java:sendNotLeaderResponses(282)) - 0ef21c9d-d35f-446f-9851-8d806d67bbee@group-0DBAD9121E34-PendingRequests: sendNotLeaderResponses
2022-04-26 01:52:04,460 [Listener at 127.0.0.1/44011] INFO  impl.StateMachineUpdater (StateMachineUpdater.java:stopAndJoin(149)) - 0ef21c9d-d35f-446f-9851-8d806d67bbee@group-0DBAD9121E34-StateMachineUpdater: set stopIndex = 0
2022-04-26 01:52:04,460 [0ef21c9d-d35f-446f-9851-8d806d67bbee@group-0DBAD9121E34-StateMachineUpdater] INFO  ratis.ContainerStateMachine (ContainerStateMachine.java:takeSnapshot(304)) - group-0DBAD9121E34: Taking a snapshot at:(t:1, i:0) file /home/runner/work/ozone/ozone/hadoop-ozone/integration-test/target/test-dir/MiniOzoneClusterImpl-34bf0feb-fc93-4aa8-bd57-765b74b26656/datanode-2/data/ratis/235cee73-a840-4600-a3c6-0dbad9121e34/sm/snapshot.1_0
2022-04-26 01:52:04,460 [ForkJoinPool.commonPool-worker-0] INFO  server.GrpcService (GrpcService.java:closeImpl(262)) - e85881fc-38b9-422c-97f9-58a2dbde84eb: shutdown server with port 46161 now
2022-04-26 01:52:04,461 [0ef21c9d-d35f-446f-9851-8d806d67bbee@group-0DBAD9121E34-StateMachineUpdater] INFO  ratis.ContainerStateMachine (ContainerStateMachine.java:takeSnapshot(315)) - group-0DBAD9121E34: Finished taking a snapshot at:(t:1, i:0) file:/home/runner/work/ozone/ozone/hadoop-ozone/integration-test/target/test-dir/MiniOzoneClusterImpl-34bf0feb-fc93-4aa8-bd57-765b74b26656/datanode-2/data/ratis/235cee73-a840-4600-a3c6-0dbad9121e34/sm/snapshot.1_0 took: 1 ms
2022-04-26 01:52:04,461 [0ef21c9d-d35f-446f-9851-8d806d67bbee@group-0DBAD9121E34-StateMachineUpdater] INFO  impl.StateMachineUpdater (StateMachineUpdater.java:takeSnapshot(281)) - 0ef21c9d-d35f-446f-9851-8d806d67bbee@group-0DBAD9121E34-StateMachineUpdater: Took a snapshot at index 0
2022-04-26 01:52:04,461 [0ef21c9d-d35f-446f-9851-8d806d67bbee@group-0DBAD9121E34-StateMachineUpdater] INFO  impl.StateMachineUpdater (StateMachineUpdater.java:lambda$new$0(89)) - 0ef21c9d-d35f-446f-9851-8d806d67bbee@group-0DBAD9121E34-StateMachineUpdater: snapshotIndex: updateIncreasingly -1 -> 0
2022-04-26 01:52:04,461 [Listener at 127.0.0.1/44011] INFO  server.RaftServer$Division (ServerState.java:close(419)) - 0ef21c9d-d35f-446f-9851-8d806d67bbee@group-0DBAD9121E34: closes. applyIndex: 0
2022-04-26 01:52:04,461 [0ef21c9d-d35f-446f-9851-8d806d67bbee@group-0DBAD9121E34-SegmentedRaftLogWorker] INFO  segmented.SegmentedRaftLogWorker (SegmentedRaftLogWorker.java:run(327)) - 0ef21c9d-d35f-446f-9851-8d806d67bbee@group-0DBAD9121E34-SegmentedRaftLogWorker was interrupted, exiting. There are 0 tasks remaining in the queue.
2022-04-26 01:52:04,462 [Listener at 127.0.0.1/44011] INFO  segmented.SegmentedRaftLogWorker (SegmentedRaftLogWorker.java:close(237)) - 0ef21c9d-d35f-446f-9851-8d806d67bbee@group-0DBAD9121E34-SegmentedRaftLogWorker close()
2022-04-26 01:52:04,467 [Listener at 127.0.0.1/44011] INFO  server.RaftServer$Division (RaftServerImpl.java:lambda$close$4(412)) - 0ef21c9d-d35f-446f-9851-8d806d67bbee@group-6990C6AB0D89: shutdown
2022-04-26 01:52:04,467 [Listener at 127.0.0.1/44011] INFO  util.JmxRegister (JmxRegister.java:unregister(73)) - Successfully un-registered JMX Bean with object name Ratis:service=RaftServer,group=group-6990C6AB0D89,id=0ef21c9d-d35f-446f-9851-8d806d67bbee
2022-04-26 01:52:04,467 [Listener at 127.0.0.1/44011] INFO  impl.RoleInfo (RoleInfo.java:shutdownLeaderState(91)) - 0ef21c9d-d35f-446f-9851-8d806d67bbee: shutdown 0ef21c9d-d35f-446f-9851-8d806d67bbee@group-6990C6AB0D89-LeaderStateImpl
2022-04-26 01:52:04,468 [Listener at 127.0.0.1/44011] INFO  impl.PendingRequests (PendingRequests.java:sendNotLeaderResponses(282)) - 0ef21c9d-d35f-446f-9851-8d806d67bbee@group-6990C6AB0D89-PendingRequests: sendNotLeaderResponses
2022-04-26 01:52:04,468 [0ef21c9d-d35f-446f-9851-8d806d67bbee@group-6990C6AB0D89->b224c1cc-f2f1-4e28-bfd3-9ebcae4e38f6-GrpcLogAppender-LogAppenderDaemon] WARN  server.GrpcLogAppender (GrpcLogAppender.java:mayWait(177)) - 0ef21c9d-d35f-446f-9851-8d806d67bbee@group-6990C6AB0D89->b224c1cc-f2f1-4e28-bfd3-9ebcae4e38f6-GrpcLogAppender: Wait interrupted by java.lang.InterruptedException
2022-04-26 01:52:04,468 [0ef21c9d-d35f-446f-9851-8d806d67bbee@group-6990C6AB0D89->e85881fc-38b9-422c-97f9-58a2dbde84eb-GrpcLogAppender-LogAppenderDaemon] WARN  server.GrpcLogAppender (GrpcLogAppender.java:mayWait(177)) - 0ef21c9d-d35f-446f-9851-8d806d67bbee@group-6990C6AB0D89->e85881fc-38b9-422c-97f9-58a2dbde84eb-GrpcLogAppender: Wait interrupted by java.lang.InterruptedException
2022-04-26 01:52:04,471 [grpc-default-executor-0] WARN  server.GrpcServerProtocolService (LogUtils.java:warn(122)) - e85881fc-38b9-422c-97f9-58a2dbde84eb: installSnapshot onError, lastRequest: b224c1cc-f2f1-4e28-bfd3-9ebcae4e38f6->e85881fc-38b9-422c-97f9-58a2dbde84eb#6-t1,previous=(t:1, i:2),leaderCommit=2,initializing? true,entries: size=1, first=(t:1, i:3), METADATAENTRY(c:2): org.apache.ratis.thirdparty.io.grpc.StatusRuntimeException: CANCELLED: client cancelled
2022-04-26 01:52:04,480 [Listener at 127.0.0.1/44011] INFO  impl.StateMachineUpdater (StateMachineUpdater.java:stopAndJoin(149)) - 0ef21c9d-d35f-446f-9851-8d806d67bbee@group-6990C6AB0D89-StateMachineUpdater: set stopIndex = 26
2022-04-26 01:52:04,480 [0ef21c9d-d35f-446f-9851-8d806d67bbee@group-6990C6AB0D89-StateMachineUpdater] INFO  ratis.ContainerStateMachine (ContainerStateMachine.java:takeSnapshot(304)) - group-6990C6AB0D89: Taking a snapshot at:(t:1, i:26) file /home/runner/work/ozone/ozone/hadoop-ozone/integration-test/target/test-dir/MiniOzoneClusterImpl-34bf0feb-fc93-4aa8-bd57-765b74b26656/datanode-2/data/ratis/69e77a88-c1b1-4010-9bb3-6990c6ab0d89/sm/snapshot.1_26
2022-04-26 01:52:04,480 [ForkJoinPool.commonPool-worker-0] INFO  server.GrpcService (GrpcService.java:closeImpl(271)) - e85881fc-38b9-422c-97f9-58a2dbde84eb: shutdown server with port 46161 successfully
2022-04-26 01:52:04,480 [org.apache.ratis.util.JvmPauseMonitor$$Lambda$580/456889832@5ee550d5] INFO  util.JvmPauseMonitor (JvmPauseMonitor.java:run(109)) - JvmPauseMonitor-e85881fc-38b9-422c-97f9-58a2dbde84eb: Stopped
2022-04-26 01:52:04,481 [grpc-default-executor-1] INFO  server.GrpcLogAppender (GrpcLogAppender.java:onError(335)) - 0ef21c9d-d35f-446f-9851-8d806d67bbee@group-6990C6AB0D89->e85881fc-38b9-422c-97f9-58a2dbde84eb-GrpcLogAppender is stopped
2022-04-26 01:52:04,483 [grpc-default-executor-0] WARN  server.GrpcLogAppender (LogUtils.java:warn(122)) - b224c1cc-f2f1-4e28-bfd3-9ebcae4e38f6@group-BFF32E3A7135->e85881fc-38b9-422c-97f9-58a2dbde84eb-AppendLogResponseHandler: Failed appendEntries: org.apache.ratis.thirdparty.io.grpc.StatusRuntimeException: CANCELLED: HTTP/2 error code: CANCEL
Received Rst Stream
2022-04-26 01:52:04,485 [0ef21c9d-d35f-446f-9851-8d806d67bbee@group-6990C6AB0D89-StateMachineUpdater] INFO  ratis.ContainerStateMachine (ContainerStateMachine.java:takeSnapshot(315)) - group-6990C6AB0D89: Finished taking a snapshot at:(t:1, i:26) file:/home/runner/work/ozone/ozone/hadoop-ozone/integration-test/target/test-dir/MiniOzoneClusterImpl-34bf0feb-fc93-4aa8-bd57-765b74b26656/datanode-2/data/ratis/69e77a88-c1b1-4010-9bb3-6990c6ab0d89/sm/snapshot.1_26 took: 5 ms
2022-04-26 01:52:04,485 [0ef21c9d-d35f-446f-9851-8d806d67bbee@group-6990C6AB0D89-StateMachineUpdater] INFO  impl.StateMachineUpdater (StateMachineUpdater.java:takeSnapshot(281)) - 0ef21c9d-d35f-446f-9851-8d806d67bbee@group-6990C6AB0D89-StateMachineUpdater: Took a snapshot at index 26
2022-04-26 01:52:04,485 [0ef21c9d-d35f-446f-9851-8d806d67bbee@group-6990C6AB0D89-StateMachineUpdater] INFO  impl.StateMachineUpdater (StateMachineUpdater.java:lambda$new$0(89)) - 0ef21c9d-d35f-446f-9851-8d806d67bbee@group-6990C6AB0D89-StateMachineUpdater: snapshotIndex: updateIncreasingly -1 -> 26
2022-04-26 01:52:04,486 [Listener at 127.0.0.1/44011] INFO  server.RaftServer$Division (ServerState.java:close(419)) - 0ef21c9d-d35f-446f-9851-8d806d67bbee@group-6990C6AB0D89: closes. applyIndex: 26
2022-04-26 01:52:04,486 [0ef21c9d-d35f-446f-9851-8d806d67bbee@group-6990C6AB0D89-SegmentedRaftLogWorker] INFO  segmented.SegmentedRaftLogWorker (SegmentedRaftLogWorker.java:run(327)) - 0ef21c9d-d35f-446f-9851-8d806d67bbee@group-6990C6AB0D89-SegmentedRaftLogWorker was interrupted, exiting. There are 0 tasks remaining in the queue.
2022-04-26 01:52:04,485 [grpc-default-executor-0] INFO  leader.FollowerInfo (FollowerInfoImpl.java:lambda$new$0(47)) - b224c1cc-f2f1-4e28-bfd3-9ebcae4e38f6@group-BFF32E3A7135->e85881fc-38b9-422c-97f9-58a2dbde84eb: nextIndex: updateUnconditionally 4 -> 3
2022-04-26 01:52:04,487 [Listener at 127.0.0.1/44011] INFO  segmented.SegmentedRaftLogWorker (SegmentedRaftLogWorker.java:close(237)) - 0ef21c9d-d35f-446f-9851-8d806d67bbee@group-6990C6AB0D89-SegmentedRaftLogWorker close()
2022-04-26 01:52:04,482 [grpc-default-executor-1] INFO  server.GrpcServerProtocolService (GrpcServerProtocolService.java:onCompleted(140)) - b224c1cc-f2f1-4e28-bfd3-9ebcae4e38f6: Completed APPEND_ENTRIES, lastRequest: 0ef21c9d-d35f-446f-9851-8d806d67bbee->b224c1cc-f2f1-4e28-bfd3-9ebcae4e38f6#369-t1,previous=(t:1, i:25),leaderCommit=24,initializing? true,entries: size=1, first=(t:1, i:26), METADATAENTRY(c:24)
2022-04-26 01:52:04,476 [grpc-default-executor-2] WARN  server.GrpcServerProtocolService (LogUtils.java:warn(122)) - e85881fc-38b9-422c-97f9-58a2dbde84eb: installSnapshot onError, lastRequest: 0ef21c9d-d35f-446f-9851-8d806d67bbee->e85881fc-38b9-422c-97f9-58a2dbde84eb#363-t1,previous=(t:1, i:25),leaderCommit=24,initializing? true,entries: size=1, first=(t:1, i:26), METADATAENTRY(c:24): org.apache.ratis.thirdparty.io.grpc.StatusRuntimeException: CANCELLED: client cancelled
2022-04-26 01:52:04,489 [grpc-default-executor-1] INFO  server.GrpcLogAppender (GrpcLogAppender.java:onCompleted(346)) - 0ef21c9d-d35f-446f-9851-8d806d67bbee@group-6990C6AB0D89->b224c1cc-f2f1-4e28-bfd3-9ebcae4e38f6-AppendLogResponseHandler: follower responses appendEntries COMPLETED
2022-04-26 01:52:04,491 [Listener at 127.0.0.1/44011] INFO  server.GrpcService (GrpcService.java:closeImpl(262)) - 0ef21c9d-d35f-446f-9851-8d806d67bbee: shutdown server with port 45405 now
2022-04-26 01:52:04,489 [grpc-default-executor-1] INFO  leader.FollowerInfo (FollowerInfoImpl.java:lambda$new$0(47)) - 0ef21c9d-d35f-446f-9851-8d806d67bbee@group-6990C6AB0D89->b224c1cc-f2f1-4e28-bfd3-9ebcae4e38f6: nextIndex: updateUnconditionally 27 -> 26
2022-04-26 01:52:04,493 [grpc-default-executor-2] WARN  server.GrpcServerProtocolService (LogUtils.java:warn(122)) - 0ef21c9d-d35f-446f-9851-8d806d67bbee: installSnapshot onError, lastRequest: b224c1cc-f2f1-4e28-bfd3-9ebcae4e38f6->0ef21c9d-d35f-446f-9851-8d806d67bbee#6-t1,previous=(t:1, i:2),leaderCommit=2,initializing? true,entries: size=1, first=(t:1, i:3), METADATAENTRY(c:2): org.apache.ratis.thirdparty.io.grpc.StatusRuntimeException: CANCELLED: client cancelled
2022-04-26 01:52:04,493 [grpc-default-executor-0] WARN  server.GrpcLogAppender (LogUtils.java:warn(122)) - b224c1cc-f2f1-4e28-bfd3-9ebcae4e38f6@group-BFF32E3A7135->0ef21c9d-d35f-446f-9851-8d806d67bbee-AppendLogResponseHandler: Failed appendEntries: org.apache.ratis.thirdparty.io.grpc.StatusRuntimeException: CANCELLED: HTTP/2 error code: CANCEL
Received Rst Stream
2022-04-26 01:52:04,493 [grpc-default-executor-0] INFO  leader.FollowerInfo (FollowerInfoImpl.java:lambda$new$0(47)) - b224c1cc-f2f1-4e28-bfd3-9ebcae4e38f6@group-BFF32E3A7135->0ef21c9d-d35f-446f-9851-8d806d67bbee: nextIndex: updateUnconditionally 4 -> 3
2022-04-26 01:52:04,503 [grpc-default-executor-3] WARN  client.GrpcClientProtocolService (LogUtils.java:warn(122)) - 1-UnorderedRequestStreamObserver1: onError: org.apache.ratis.thirdparty.io.grpc.StatusRuntimeException: CANCELLED: client cancelled
2022-04-26 01:52:04,511 [Listener at 127.0.0.1/44011] INFO  server.GrpcService (GrpcService.java:closeImpl(271)) - 0ef21c9d-d35f-446f-9851-8d806d67bbee: shutdown server with port 45405 successfully
2022-04-26 01:52:04,511 [org.apache.ratis.util.JvmPauseMonitor$$Lambda$580/456889832@723f0a9d] INFO  util.JvmPauseMonitor (JvmPauseMonitor.java:run(109)) - JvmPauseMonitor-0ef21c9d-d35f-446f-9851-8d806d67bbee: Stopped
2022-04-26 01:52:04,512 [grpc-default-executor-0] WARN  server.GrpcLogAppender (LogUtils.java:warn(122)) - b224c1cc-f2f1-4e28-bfd3-9ebcae4e38f6@group-BFF32E3A7135->0ef21c9d-d35f-446f-9851-8d806d67bbee-AppendLogResponseHandler: Failed appendEntries: org.apache.ratis.thirdparty.io.grpc.StatusRuntimeException: UNAVAILABLE: io exception
2022-04-26 01:52:04,512 [grpc-default-executor-4] WARN  server.GrpcLogAppender (LogUtils.java:warn(122)) - b224c1cc-f2f1-4e28-bfd3-9ebcae4e38f6@group-BFF32E3A7135->e85881fc-38b9-422c-97f9-58a2dbde84eb-AppendLogResponseHandler: Failed appendEntries: org.apache.ratis.thirdparty.io.grpc.StatusRuntimeException: UNAVAILABLE: io exception
2022-04-26 01:52:04,513 [grpc-default-executor-0] INFO  leader.FollowerInfo (FollowerInfoImpl.java:lambda$new$0(47)) - b224c1cc-f2f1-4e28-bfd3-9ebcae4e38f6@group-BFF32E3A7135->0ef21c9d-d35f-446f-9851-8d806d67bbee: nextIndex: updateUnconditionally 4 -> 3
2022-04-26 01:52:04,515 [grpc-default-executor-4] INFO  leader.FollowerInfo (FollowerInfoImpl.java:lambda$new$0(47)) - b224c1cc-f2f1-4e28-bfd3-9ebcae4e38f6@group-BFF32E3A7135->e85881fc-38b9-422c-97f9-58a2dbde84eb: nextIndex: updateUnconditionally 4 -> 3
2022-04-26 01:52:06,497 [ForkJoinPool.commonPool-worker-0] INFO  utils.BackgroundService (BackgroundService.java:shutdown(132)) - Shutting down service BlockDeletingService
2022-04-26 01:52:06,519 [Listener at 127.0.0.1/44011] INFO  utils.BackgroundService (BackgroundService.java:shutdown(132)) - Shutting down service BlockDeletingService
2022-04-26 01:52:06,990 [grpc-default-executor-4] WARN  server.GrpcLogAppender (LogUtils.java:warn(122)) - b224c1cc-f2f1-4e28-bfd3-9ebcae4e38f6@group-BFF32E3A7135->e85881fc-38b9-422c-97f9-58a2dbde84eb-AppendLogResponseHandler: Failed appendEntries: org.apache.ratis.thirdparty.io.grpc.StatusRuntimeException: UNAVAILABLE: io exception
2022-04-26 01:52:06,991 [grpc-default-executor-4] INFO  leader.FollowerInfo (FollowerInfoImpl.java:lambda$new$0(47)) - b224c1cc-f2f1-4e28-bfd3-9ebcae4e38f6@group-BFF32E3A7135->e85881fc-38b9-422c-97f9-58a2dbde84eb: nextIndex: updateUnconditionally 4 -> 3
2022-04-26 01:52:07,000 [grpc-default-executor-4] WARN  server.GrpcLogAppender (LogUtils.java:warn(122)) - b224c1cc-f2f1-4e28-bfd3-9ebcae4e38f6@group-BFF32E3A7135->0ef21c9d-d35f-446f-9851-8d806d67bbee-AppendLogResponseHandler: Failed appendEntries: org.apache.ratis.thirdparty.io.grpc.StatusRuntimeException: UNAVAILABLE: io exception
2022-04-26 01:52:07,001 [grpc-default-executor-4] INFO  leader.FollowerInfo (FollowerInfoImpl.java:lambda$new$0(47)) - b224c1cc-f2f1-4e28-bfd3-9ebcae4e38f6@group-BFF32E3A7135->0ef21c9d-d35f-446f-9851-8d806d67bbee: nextIndex: updateUnconditionally 4 -> 3
2022-04-26 01:52:08,663 [b224c1cc-f2f1-4e28-bfd3-9ebcae4e38f6@group-6990C6AB0D89-FollowerState] INFO  impl.FollowerState (FollowerState.java:run(134)) - b224c1cc-f2f1-4e28-bfd3-9ebcae4e38f6@group-6990C6AB0D89-FollowerState: change to CANDIDATE, lastRpcElapsedTime:5676657631ns, electionTimeout:5136ms
2022-04-26 01:52:08,663 [b224c1cc-f2f1-4e28-bfd3-9ebcae4e38f6@group-6990C6AB0D89-FollowerState] INFO  impl.RoleInfo (RoleInfo.java:shutdownFollowerState(108)) - b224c1cc-f2f1-4e28-bfd3-9ebcae4e38f6: shutdown b224c1cc-f2f1-4e28-bfd3-9ebcae4e38f6@group-6990C6AB0D89-FollowerState
2022-04-26 01:52:08,663 [b224c1cc-f2f1-4e28-bfd3-9ebcae4e38f6@group-6990C6AB0D89-FollowerState] INFO  server.RaftServer$Division (RaftServerImpl.java:setRole(290)) - b224c1cc-f2f1-4e28-bfd3-9ebcae4e38f6@group-6990C6AB0D89: changes role from  FOLLOWER to CANDIDATE at term 1 for changeToCandidate
2022-04-26 01:52:08,664 [b224c1cc-f2f1-4e28-bfd3-9ebcae4e38f6@group-6990C6AB0D89-FollowerState] INFO  server.RaftServerConfigKeys (ConfUtils.java:logGet(44)) - raft.server.leaderelection.pre-vote = false (custom)
2022-04-26 01:52:08,664 [b224c1cc-f2f1-4e28-bfd3-9ebcae4e38f6@group-6990C6AB0D89-FollowerState] INFO  impl.RoleInfo (RoleInfo.java:updateAndGet(130)) - b224c1cc-f2f1-4e28-bfd3-9ebcae4e38f6: start b224c1cc-f2f1-4e28-bfd3-9ebcae4e38f6@group-6990C6AB0D89-LeaderElection9
2022-04-26 01:52:08,674 [b224c1cc-f2f1-4e28-bfd3-9ebcae4e38f6@group-6990C6AB0D89-LeaderElection9] INFO  server.RaftServer$Division (ServerState.java:setLeader(285)) - b224c1cc-f2f1-4e28-bfd3-9ebcae4e38f6@group-6990C6AB0D89: change Leader from 0ef21c9d-d35f-446f-9851-8d806d67bbee to null at term 1 for ELECTION
2022-04-26 01:52:08,677 [b224c1cc-f2f1-4e28-bfd3-9ebcae4e38f6@group-6990C6AB0D89-LeaderElection9] INFO  impl.LeaderElection (LeaderElection.java:askForVotes(306)) - b224c1cc-f2f1-4e28-bfd3-9ebcae4e38f6@group-6990C6AB0D89-LeaderElection9 ELECTION round 0: submit vote requests at term 2 for 0: [b224c1cc-f2f1-4e28-bfd3-9ebcae4e38f6|rpc:10.1.0.42:33753|dataStream:|priority:0, e85881fc-38b9-422c-97f9-58a2dbde84eb|rpc:10.1.0.42:46161|dataStream:|priority:0, 0ef21c9d-d35f-446f-9851-8d806d67bbee|rpc:10.1.0.42:45405|dataStream:|priority:1], old=null
2022-04-26 01:52:08,694 [b224c1cc-f2f1-4e28-bfd3-9ebcae4e38f6@group-6990C6AB0D89-LeaderElection9] INFO  impl.LeaderElection (LogUtils.java:infoOrTrace(137)) - b224c1cc-f2f1-4e28-bfd3-9ebcae4e38f6@group-6990C6AB0D89-LeaderElection9 got exception when requesting votes: java.util.concurrent.ExecutionException: org.apache.ratis.thirdparty.io.grpc.StatusRuntimeException: UNAVAILABLE: io exception
2022-04-26 01:52:08,694 [b224c1cc-f2f1-4e28-bfd3-9ebcae4e38f6@group-6990C6AB0D89-LeaderElection9] INFO  impl.LeaderElection (LogUtils.java:infoOrTrace(137)) - b224c1cc-f2f1-4e28-bfd3-9ebcae4e38f6@group-6990C6AB0D89-LeaderElection9 got exception when requesting votes: java.util.concurrent.ExecutionException: org.apache.ratis.thirdparty.io.grpc.StatusRuntimeException: UNAVAILABLE: io exception
2022-04-26 01:52:08,694 [b224c1cc-f2f1-4e28-bfd3-9ebcae4e38f6@group-6990C6AB0D89-LeaderElection9] INFO  impl.LeaderElection (LeaderElection.java:logAndReturn(89)) - b224c1cc-f2f1-4e28-bfd3-9ebcae4e38f6@group-6990C6AB0D89-LeaderElection9: ELECTION REJECTED received 0 response(s) and 2 exception(s):
2022-04-26 01:52:08,694 [b224c1cc-f2f1-4e28-bfd3-9ebcae4e38f6@group-6990C6AB0D89-LeaderElection9] INFO  impl.LeaderElection (LogUtils.java:infoOrTrace(137)) -   Exception 0: java.util.concurrent.ExecutionException: org.apache.ratis.thirdparty.io.grpc.StatusRuntimeException: UNAVAILABLE: io exception
2022-04-26 01:52:08,694 [b224c1cc-f2f1-4e28-bfd3-9ebcae4e38f6@group-6990C6AB0D89-LeaderElection9] INFO  impl.LeaderElection (LogUtils.java:infoOrTrace(137)) -   Exception 1: java.util.concurrent.ExecutionException: org.apache.ratis.thirdparty.io.grpc.StatusRuntimeException: UNAVAILABLE: io exception
2022-04-26 01:52:08,695 [b224c1cc-f2f1-4e28-bfd3-9ebcae4e38f6@group-6990C6AB0D89-LeaderElection9] INFO  impl.LeaderElection (LeaderElection.java:askForVotes(308)) - b224c1cc-f2f1-4e28-bfd3-9ebcae4e38f6@group-6990C6AB0D89-LeaderElection9 ELECTION round 0: result REJECTED
2022-04-26 01:52:08,695 [b224c1cc-f2f1-4e28-bfd3-9ebcae4e38f6@group-6990C6AB0D89-LeaderElection9] INFO  server.RaftServer$Division (RaftServerImpl.java:setRole(290)) - b224c1cc-f2f1-4e28-bfd3-9ebcae4e38f6@group-6990C6AB0D89: changes role from CANDIDATE to FOLLOWER at term 2 for REJECTED
2022-04-26 01:52:08,695 [b224c1cc-f2f1-4e28-bfd3-9ebcae4e38f6@group-6990C6AB0D89-LeaderElection9] INFO  impl.RoleInfo (RoleInfo.java:shutdownLeaderElection(121)) - b224c1cc-f2f1-4e28-bfd3-9ebcae4e38f6: shutdown b224c1cc-f2f1-4e28-bfd3-9ebcae4e38f6@group-6990C6AB0D89-LeaderElection9
2022-04-26 01:52:08,695 [b224c1cc-f2f1-4e28-bfd3-9ebcae4e38f6@group-6990C6AB0D89-LeaderElection9] INFO  impl.RoleInfo (RoleInfo.java:updateAndGet(130)) - b224c1cc-f2f1-4e28-bfd3-9ebcae4e38f6: start b224c1cc-f2f1-4e28-bfd3-9ebcae4e38f6@group-6990C6AB0D89-FollowerState
2022-04-26 01:52:09,491 [grpc-default-executor-4] WARN  server.GrpcLogAppender (LogUtils.java:warn(122)) - b224c1cc-f2f1-4e28-bfd3-9ebcae4e38f6@group-BFF32E3A7135->e85881fc-38b9-422c-97f9-58a2dbde84eb-AppendLogResponseHandler: Failed appendEntries: org.apache.ratis.thirdparty.io.grpc.StatusRuntimeException: UNAVAILABLE: io exception
2022-04-26 01:52:09,492 [grpc-default-executor-4] INFO  leader.FollowerInfo (FollowerInfoImpl.java:lambda$new$0(47)) - b224c1cc-f2f1-4e28-bfd3-9ebcae4e38f6@group-BFF32E3A7135->e85881fc-38b9-422c-97f9-58a2dbde84eb: nextIndex: updateUnconditionally 4 -> 3
2022-04-26 01:52:09,500 [grpc-default-executor-4] WARN  server.GrpcLogAppender (LogUtils.java:warn(122)) - b224c1cc-f2f1-4e28-bfd3-9ebcae4e38f6@group-BFF32E3A7135->0ef21c9d-d35f-446f-9851-8d806d67bbee-AppendLogResponseHandler: Failed appendEntries: org.apache.ratis.thirdparty.io.grpc.StatusRuntimeException: UNAVAILABLE: io exception
2022-04-26 01:52:09,501 [grpc-default-executor-4] INFO  leader.FollowerInfo (FollowerInfoImpl.java:lambda$new$0(47)) - b224c1cc-f2f1-4e28-bfd3-9ebcae4e38f6@group-BFF32E3A7135->0ef21c9d-d35f-446f-9851-8d806d67bbee: nextIndex: updateUnconditionally 4 -> 3
2022-04-26 01:52:09,501 [ForkJoinPool.commonPool-worker-0] INFO  statemachine.DatanodeStateMachine (DatanodeStateMachine.java:stopDaemon(560)) - Ozone container server stopped.
2022-04-26 01:52:09,510 [ForkJoinPool.commonPool-worker-0] INFO  handler.ContextHandler (ContextHandler.java:doStop(1153)) - Stopped o.e.j.w.WebAppContext@3e55565b{hddsDatanode,/,null,STOPPED}{jar:file:/home/runner/.m2/repository/org/apache/ozone/hdds-container-service/1.3.0-SNAPSHOT/hdds-container-service-1.3.0-SNAPSHOT.jar!/webapps/hddsDatanode}
2022-04-26 01:52:09,511 [ForkJoinPool.commonPool-worker-0] INFO  server.AbstractConnector (AbstractConnector.java:doStop(381)) - Stopped ServerConnector@56e71576{HTTP/1.1, (http/1.1)}{0.0.0.0:0}
2022-04-26 01:52:09,511 [ForkJoinPool.commonPool-worker-0] INFO  server.session (HouseKeeper.java:stopScavenging(149)) - node0 Stopped scavenging
2022-04-26 01:52:09,511 [ForkJoinPool.commonPool-worker-0] INFO  handler.ContextHandler (ContextHandler.java:doStop(1153)) - Stopped o.e.j.s.ServletContextHandler@4ead0ae1{static,/static,jar:file:/home/runner/.m2/repository/org/apache/ozone/hdds-container-service/1.3.0-SNAPSHOT/hdds-container-service-1.3.0-SNAPSHOT.jar!/webapps/static,STOPPED}
2022-04-26 01:52:09,512 [ForkJoinPool.commonPool-worker-0] INFO  handler.ContextHandler (ContextHandler.java:doStop(1153)) - Stopped o.e.j.s.ServletContextHandler@70d5b235{logs,/logs,file:///home/runner/work/ozone/ozone/hadoop-ozone/integration-test/target/log,STOPPED}
2022-04-26 01:52:09,523 [Listener at 127.0.0.1/44011] INFO  statemachine.DatanodeStateMachine (DatanodeStateMachine.java:stopDaemon(560)) - Ozone container server stopped.
2022-04-26 01:52:09,523 [Listener at 127.0.0.1/44011] INFO  handler.ContextHandler (ContextHandler.java:doStop(1153)) - Stopped o.e.j.w.WebAppContext@3e4ea922{hddsDatanode,/,null,STOPPED}{jar:file:/home/runner/.m2/repository/org/apache/ozone/hdds-container-service/1.3.0-SNAPSHOT/hdds-container-service-1.3.0-SNAPSHOT.jar!/webapps/hddsDatanode}
2022-04-26 01:52:09,524 [Listener at 127.0.0.1/44011] INFO  server.AbstractConnector (AbstractConnector.java:doStop(381)) - Stopped ServerConnector@23a7f0db{HTTP/1.1, (http/1.1)}{0.0.0.0:0}
2022-04-26 01:52:09,524 [Listener at 127.0.0.1/44011] INFO  server.session (HouseKeeper.java:stopScavenging(149)) - node0 Stopped scavenging
2022-04-26 01:52:09,524 [Listener at 127.0.0.1/44011] INFO  handler.ContextHandler (ContextHandler.java:doStop(1153)) - Stopped o.e.j.s.ServletContextHandler@7d5e2461{static,/static,jar:file:/home/runner/.m2/repository/org/apache/ozone/hdds-container-service/1.3.0-SNAPSHOT/hdds-container-service-1.3.0-SNAPSHOT.jar!/webapps/static,STOPPED}
2022-04-26 01:52:09,525 [Listener at 127.0.0.1/44011] INFO  handler.ContextHandler (ContextHandler.java:doStop(1153)) - Stopped o.e.j.s.ServletContextHandler@29dbf03f{logs,/logs,file:///home/runner/work/ozone/ozone/hadoop-ozone/integration-test/target/log,STOPPED}
2022-04-26 01:52:10,921 [b224c1cc-f2f1-4e28-bfd3-9ebcae4e38f6@group-BFF32E3A7135-LeaderStateImpl] WARN  server.RaftServer$Division (LeaderStateImpl.java:checkLeadership(974)) - b224c1cc-f2f1-4e28-bfd3-9ebcae4e38f6@group-BFF32E3A7135-LeaderStateImpl: Lost leadership on term: 1. Election timeout: 5200ms. In charge for: 23592ms. Conf: 0: [b224c1cc-f2f1-4e28-bfd3-9ebcae4e38f6|rpc:10.1.0.42:33753|dataStream:|priority:1, e85881fc-38b9-422c-97f9-58a2dbde84eb|rpc:10.1.0.42:46161|dataStream:|priority:0, 0ef21c9d-d35f-446f-9851-8d806d67bbee|rpc:10.1.0.42:45405|dataStream:|priority:0], old=null
2022-04-26 01:52:10,922 [b224c1cc-f2f1-4e28-bfd3-9ebcae4e38f6@group-BFF32E3A7135-LeaderStateImpl] WARN  server.RaftServer$Division (LeaderStateImpl.java:lambda$checkLeadership$15(978)) - Follower b224c1cc-f2f1-4e28-bfd3-9ebcae4e38f6@group-BFF32E3A7135->e85881fc-38b9-422c-97f9-58a2dbde84eb(c3,m3,n3, attendVote=true, lastRpcSendTime=1431, lastRpcResponseTime=8284)
2022-04-26 01:52:10,922 [b224c1cc-f2f1-4e28-bfd3-9ebcae4e38f6@group-BFF32E3A7135-LeaderStateImpl] WARN  server.RaftServer$Division (LeaderStateImpl.java:lambda$checkLeadership$15(978)) - Follower b224c1cc-f2f1-4e28-bfd3-9ebcae4e38f6@group-BFF32E3A7135->0ef21c9d-d35f-446f-9851-8d806d67bbee(c3,m3,n3, attendVote=true, lastRpcSendTime=1421, lastRpcResponseTime=8298)
2022-04-26 01:52:10,922 [b224c1cc-f2f1-4e28-bfd3-9ebcae4e38f6@group-BFF32E3A7135-LeaderStateImpl] INFO  server.RaftServer$Division (RaftServerImpl.java:setRole(290)) - b224c1cc-f2f1-4e28-bfd3-9ebcae4e38f6@group-BFF32E3A7135: changes role from    LEADER to FOLLOWER at term 1 for StepDownReason:LOST_MAJORITY_HEARTBEATS
2022-04-26 01:52:10,922 [b224c1cc-f2f1-4e28-bfd3-9ebcae4e38f6@group-BFF32E3A7135-LeaderStateImpl] INFO  impl.RoleInfo (RoleInfo.java:shutdownLeaderState(91)) - b224c1cc-f2f1-4e28-bfd3-9ebcae4e38f6: shutdown b224c1cc-f2f1-4e28-bfd3-9ebcae4e38f6@group-BFF32E3A7135-LeaderStateImpl
2022-04-26 01:52:10,922 [b224c1cc-f2f1-4e28-bfd3-9ebcae4e38f6@group-BFF32E3A7135->e85881fc-38b9-422c-97f9-58a2dbde84eb-GrpcLogAppender-LogAppenderDaemon] WARN  server.GrpcLogAppender (GrpcLogAppender.java:mayWait(177)) - b224c1cc-f2f1-4e28-bfd3-9ebcae4e38f6@group-BFF32E3A7135->e85881fc-38b9-422c-97f9-58a2dbde84eb-GrpcLogAppender: Wait interrupted by java.lang.InterruptedException
2022-04-26 01:52:10,924 [b224c1cc-f2f1-4e28-bfd3-9ebcae4e38f6@group-BFF32E3A7135-LeaderStateImpl] INFO  impl.PendingRequests (PendingRequests.java:sendNotLeaderResponses(282)) - b224c1cc-f2f1-4e28-bfd3-9ebcae4e38f6@group-BFF32E3A7135-PendingRequests: sendNotLeaderResponses
2022-04-26 01:52:10,924 [b224c1cc-f2f1-4e28-bfd3-9ebcae4e38f6@group-BFF32E3A7135->0ef21c9d-d35f-446f-9851-8d806d67bbee-GrpcLogAppender-LogAppenderDaemon] WARN  server.GrpcLogAppender (GrpcLogAppender.java:mayWait(177)) - b224c1cc-f2f1-4e28-bfd3-9ebcae4e38f6@group-BFF32E3A7135->0ef21c9d-d35f-446f-9851-8d806d67bbee-GrpcLogAppender: Wait interrupted by java.lang.InterruptedException
2022-04-26 01:52:10,925 [b224c1cc-f2f1-4e28-bfd3-9ebcae4e38f6@group-BFF32E3A7135-LeaderStateImpl] INFO  impl.RoleInfo (RoleInfo.java:updateAndGet(130)) - b224c1cc-f2f1-4e28-bfd3-9ebcae4e38f6: start b224c1cc-f2f1-4e28-bfd3-9ebcae4e38f6@group-BFF32E3A7135-FollowerState
2022-04-26 01:52:13,724 [b224c1cc-f2f1-4e28-bfd3-9ebcae4e38f6@group-6990C6AB0D89-FollowerState] INFO  impl.FollowerState (FollowerState.java:run(134)) - b224c1cc-f2f1-4e28-bfd3-9ebcae4e38f6@group-6990C6AB0D89-FollowerState: change to CANDIDATE, lastRpcElapsedTime:5029445426ns, electionTimeout:5012ms
2022-04-26 01:52:13,724 [b224c1cc-f2f1-4e28-bfd3-9ebcae4e38f6@group-6990C6AB0D89-FollowerState] INFO  impl.RoleInfo (RoleInfo.java:shutdownFollowerState(108)) - b224c1cc-f2f1-4e28-bfd3-9ebcae4e38f6: shutdown b224c1cc-f2f1-4e28-bfd3-9ebcae4e38f6@group-6990C6AB0D89-FollowerState
2022-04-26 01:52:13,725 [b224c1cc-f2f1-4e28-bfd3-9ebcae4e38f6@group-6990C6AB0D89-FollowerState] INFO  server.RaftServer$Division (RaftServerImpl.java:setRole(290)) - b224c1cc-f2f1-4e28-bfd3-9ebcae4e38f6@group-6990C6AB0D89: changes role from  FOLLOWER to CANDIDATE at term 2 for changeToCandidate
2022-04-26 01:52:13,725 [b224c1cc-f2f1-4e28-bfd3-9ebcae4e38f6@group-6990C6AB0D89-FollowerState] INFO  server.RaftServerConfigKeys (ConfUtils.java:logGet(44)) - raft.server.leaderelection.pre-vote = false (custom)
2022-04-26 01:52:13,725 [b224c1cc-f2f1-4e28-bfd3-9ebcae4e38f6@group-6990C6AB0D89-FollowerState] INFO  impl.RoleInfo (RoleInfo.java:updateAndGet(130)) - b224c1cc-f2f1-4e28-bfd3-9ebcae4e38f6: start b224c1cc-f2f1-4e28-bfd3-9ebcae4e38f6@group-6990C6AB0D89-LeaderElection10
2022-04-26 01:52:13,739 [b224c1cc-f2f1-4e28-bfd3-9ebcae4e38f6@group-6990C6AB0D89-LeaderElection10] INFO  impl.LeaderElection (LeaderElection.java:askForVotes(306)) - b224c1cc-f2f1-4e28-bfd3-9ebcae4e38f6@group-6990C6AB0D89-LeaderElection10 ELECTION round 0: submit vote requests at term 3 for 0: [b224c1cc-f2f1-4e28-bfd3-9ebcae4e38f6|rpc:10.1.0.42:33753|dataStream:|priority:0, e85881fc-38b9-422c-97f9-58a2dbde84eb|rpc:10.1.0.42:46161|dataStream:|priority:0, 0ef21c9d-d35f-446f-9851-8d806d67bbee|rpc:10.1.0.42:45405|dataStream:|priority:1], old=null
2022-04-26 01:52:13,746 [b224c1cc-f2f1-4e28-bfd3-9ebcae4e38f6@group-6990C6AB0D89-LeaderElection10] INFO  impl.LeaderElection (LogUtils.java:infoOrTrace(137)) - b224c1cc-f2f1-4e28-bfd3-9ebcae4e38f6@group-6990C6AB0D89-LeaderElection10 got exception when requesting votes: java.util.concurrent.ExecutionException: org.apache.ratis.thirdparty.io.grpc.StatusRuntimeException: UNAVAILABLE: io exception
2022-04-26 01:52:13,747 [b224c1cc-f2f1-4e28-bfd3-9ebcae4e38f6@group-6990C6AB0D89-LeaderElection10] INFO  impl.LeaderElection (LogUtils.java:infoOrTrace(137)) - b224c1cc-f2f1-4e28-bfd3-9ebcae4e38f6@group-6990C6AB0D89-LeaderElection10 got exception when requesting votes: java.util.concurrent.ExecutionException: org.apache.ratis.thirdparty.io.grpc.StatusRuntimeException: UNAVAILABLE: io exception
2022-04-26 01:52:13,747 [b224c1cc-f2f1-4e28-bfd3-9ebcae4e38f6@group-6990C6AB0D89-LeaderElection10] INFO  impl.LeaderElection (LeaderElection.java:logAndReturn(89)) - b224c1cc-f2f1-4e28-bfd3-9ebcae4e38f6@group-6990C6AB0D89-LeaderElection10: ELECTION REJECTED received 0 response(s) and 2 exception(s):
2022-04-26 01:52:13,747 [b224c1cc-f2f1-4e28-bfd3-9ebcae4e38f6@group-6990C6AB0D89-LeaderElection10] INFO  impl.LeaderElection (LogUtils.java:infoOrTrace(137)) -   Exception 0: java.util.concurrent.ExecutionException: org.apache.ratis.thirdparty.io.grpc.StatusRuntimeException: UNAVAILABLE: io exception
2022-04-26 01:52:13,747 [b224c1cc-f2f1-4e28-bfd3-9ebcae4e38f6@group-6990C6AB0D89-LeaderElection10] INFO  impl.LeaderElection (LogUtils.java:infoOrTrace(137)) -   Exception 1: java.util.concurrent.ExecutionException: org.apache.ratis.thirdparty.io.grpc.StatusRuntimeException: UNAVAILABLE: io exception
2022-04-26 01:52:13,747 [b224c1cc-f2f1-4e28-bfd3-9ebcae4e38f6@group-6990C6AB0D89-LeaderElection10] INFO  impl.LeaderElection (LeaderElection.java:askForVotes(308)) - b224c1cc-f2f1-4e28-bfd3-9ebcae4e38f6@group-6990C6AB0D89-LeaderElection10 ELECTION round 0: result REJECTED
2022-04-26 01:52:13,748 [b224c1cc-f2f1-4e28-bfd3-9ebcae4e38f6@group-6990C6AB0D89-LeaderElection10] INFO  server.RaftServer$Division (RaftServerImpl.java:setRole(290)) - b224c1cc-f2f1-4e28-bfd3-9ebcae4e38f6@group-6990C6AB0D89: changes role from CANDIDATE to FOLLOWER at term 3 for REJECTED
2022-04-26 01:52:13,748 [b224c1cc-f2f1-4e28-bfd3-9ebcae4e38f6@group-6990C6AB0D89-LeaderElection10] INFO  impl.RoleInfo (RoleInfo.java:shutdownLeaderElection(121)) - b224c1cc-f2f1-4e28-bfd3-9ebcae4e38f6: shutdown b224c1cc-f2f1-4e28-bfd3-9ebcae4e38f6@group-6990C6AB0D89-LeaderElection10
2022-04-26 01:52:13,748 [b224c1cc-f2f1-4e28-bfd3-9ebcae4e38f6@group-6990C6AB0D89-LeaderElection10] INFO  impl.RoleInfo (RoleInfo.java:updateAndGet(130)) - b224c1cc-f2f1-4e28-bfd3-9ebcae4e38f6: start b224c1cc-f2f1-4e28-bfd3-9ebcae4e38f6@group-6990C6AB0D89-FollowerState
2022-04-26 01:52:14,514 [ForkJoinPool.commonPool-worker-0] INFO  ozoneimpl.OzoneContainer (OzoneContainer.java:stop(356)) - Attempting to stop container services.
2022-04-26 01:52:14,515 [ForkJoinPool.commonPool-worker-0] INFO  server.RaftServer (RaftServerProxy.java:lambda$close$6(391)) - b224c1cc-f2f1-4e28-bfd3-9ebcae4e38f6: close
2022-04-26 01:52:14,515 [ForkJoinPool.commonPool-worker-0] INFO  server.RaftServer$Division (RaftServerImpl.java:lambda$close$4(412)) - b224c1cc-f2f1-4e28-bfd3-9ebcae4e38f6@group-BFF32E3A7135: shutdown
2022-04-26 01:52:14,515 [ForkJoinPool.commonPool-worker-0] INFO  util.JmxRegister (JmxRegister.java:unregister(73)) - Successfully un-registered JMX Bean with object name Ratis:service=RaftServer,group=group-BFF32E3A7135,id=b224c1cc-f2f1-4e28-bfd3-9ebcae4e38f6
2022-04-26 01:52:14,515 [ForkJoinPool.commonPool-worker-0] INFO  impl.RoleInfo (RoleInfo.java:shutdownFollowerState(108)) - b224c1cc-f2f1-4e28-bfd3-9ebcae4e38f6: shutdown b224c1cc-f2f1-4e28-bfd3-9ebcae4e38f6@group-BFF32E3A7135-FollowerState
2022-04-26 01:52:14,516 [ForkJoinPool.commonPool-worker-0] INFO  impl.StateMachineUpdater (StateMachineUpdater.java:stopAndJoin(149)) - b224c1cc-f2f1-4e28-bfd3-9ebcae4e38f6@group-BFF32E3A7135-StateMachineUpdater: set stopIndex = 3
2022-04-26 01:52:14,518 [b224c1cc-f2f1-4e28-bfd3-9ebcae4e38f6@group-BFF32E3A7135-FollowerState] INFO  impl.FollowerState (FollowerState.java:run(143)) - b224c1cc-f2f1-4e28-bfd3-9ebcae4e38f6@group-BFF32E3A7135-FollowerState was interrupted: {}
java.lang.InterruptedException: sleep interrupted
	at java.lang.Thread.sleep(Native Method)
	at java.lang.Thread.sleep(Thread.java:342)
	at java.util.concurrent.TimeUnit.sleep(TimeUnit.java:386)
	at org.apache.ratis.util.TimeDuration.sleep(TimeDuration.java:324)
	at org.apache.ratis.util.TimeDuration.sleep(TimeDuration.java:309)
	at org.apache.ratis.server.impl.FollowerState.run(FollowerState.java:118)
2022-04-26 01:52:14,519 [b224c1cc-f2f1-4e28-bfd3-9ebcae4e38f6@group-BFF32E3A7135-StateMachineUpdater] INFO  ratis.ContainerStateMachine (ContainerStateMachine.java:takeSnapshot(304)) - group-BFF32E3A7135: Taking a snapshot at:(t:1, i:3) file /home/runner/work/ozone/ozone/hadoop-ozone/integration-test/target/test-dir/MiniOzoneClusterImpl-34bf0feb-fc93-4aa8-bd57-765b74b26656/datanode-0/data/ratis/0dd4f3cb-0572-4edc-80cd-bff32e3a7135/sm/snapshot.1_3
2022-04-26 01:52:14,521 [b224c1cc-f2f1-4e28-bfd3-9ebcae4e38f6@group-BFF32E3A7135-StateMachineUpdater] INFO  ratis.ContainerStateMachine (ContainerStateMachine.java:takeSnapshot(315)) - group-BFF32E3A7135: Finished taking a snapshot at:(t:1, i:3) file:/home/runner/work/ozone/ozone/hadoop-ozone/integration-test/target/test-dir/MiniOzoneClusterImpl-34bf0feb-fc93-4aa8-bd57-765b74b26656/datanode-0/data/ratis/0dd4f3cb-0572-4edc-80cd-bff32e3a7135/sm/snapshot.1_3 took: 2 ms
2022-04-26 01:52:14,521 [b224c1cc-f2f1-4e28-bfd3-9ebcae4e38f6@group-BFF32E3A7135-StateMachineUpdater] INFO  impl.StateMachineUpdater (StateMachineUpdater.java:takeSnapshot(281)) - b224c1cc-f2f1-4e28-bfd3-9ebcae4e38f6@group-BFF32E3A7135-StateMachineUpdater: Took a snapshot at index 3
2022-04-26 01:52:14,521 [b224c1cc-f2f1-4e28-bfd3-9ebcae4e38f6@group-BFF32E3A7135-StateMachineUpdater] INFO  impl.StateMachineUpdater (StateMachineUpdater.java:lambda$new$0(89)) - b224c1cc-f2f1-4e28-bfd3-9ebcae4e38f6@group-BFF32E3A7135-StateMachineUpdater: snapshotIndex: updateIncreasingly -1 -> 3
2022-04-26 01:52:14,521 [ForkJoinPool.commonPool-worker-0] INFO  server.RaftServer$Division (ServerState.java:close(419)) - b224c1cc-f2f1-4e28-bfd3-9ebcae4e38f6@group-BFF32E3A7135: closes. applyIndex: 3
2022-04-26 01:52:14,521 [b224c1cc-f2f1-4e28-bfd3-9ebcae4e38f6@group-BFF32E3A7135-SegmentedRaftLogWorker] INFO  segmented.SegmentedRaftLogWorker (SegmentedRaftLogWorker.java:run(327)) - b224c1cc-f2f1-4e28-bfd3-9ebcae4e38f6@group-BFF32E3A7135-SegmentedRaftLogWorker was interrupted, exiting. There are 0 tasks remaining in the queue.
2022-04-26 01:52:14,522 [ForkJoinPool.commonPool-worker-0] INFO  segmented.SegmentedRaftLogWorker (SegmentedRaftLogWorker.java:close(237)) - b224c1cc-f2f1-4e28-bfd3-9ebcae4e38f6@group-BFF32E3A7135-SegmentedRaftLogWorker close()
2022-04-26 01:52:14,522 [ForkJoinPool.commonPool-worker-0] INFO  server.RaftServer$Division (RaftServerImpl.java:lambda$close$4(412)) - b224c1cc-f2f1-4e28-bfd3-9ebcae4e38f6@group-40704FEF8141: shutdown
2022-04-26 01:52:14,522 [ForkJoinPool.commonPool-worker-0] INFO  util.JmxRegister (JmxRegister.java:unregister(73)) - Successfully un-registered JMX Bean with object name Ratis:service=RaftServer,group=group-40704FEF8141,id=b224c1cc-f2f1-4e28-bfd3-9ebcae4e38f6
2022-04-26 01:52:14,522 [ForkJoinPool.commonPool-worker-0] INFO  impl.RoleInfo (RoleInfo.java:shutdownLeaderState(91)) - b224c1cc-f2f1-4e28-bfd3-9ebcae4e38f6: shutdown b224c1cc-f2f1-4e28-bfd3-9ebcae4e38f6@group-40704FEF8141-LeaderStateImpl
2022-04-26 01:52:14,523 [ForkJoinPool.commonPool-worker-0] INFO  impl.PendingRequests (PendingRequests.java:sendNotLeaderResponses(282)) - b224c1cc-f2f1-4e28-bfd3-9ebcae4e38f6@group-40704FEF8141-PendingRequests: sendNotLeaderResponses
2022-04-26 01:52:14,523 [ForkJoinPool.commonPool-worker-0] INFO  impl.StateMachineUpdater (StateMachineUpdater.java:stopAndJoin(149)) - b224c1cc-f2f1-4e28-bfd3-9ebcae4e38f6@group-40704FEF8141-StateMachineUpdater: set stopIndex = 0
2022-04-26 01:52:14,524 [b224c1cc-f2f1-4e28-bfd3-9ebcae4e38f6@group-40704FEF8141-StateMachineUpdater] INFO  ratis.ContainerStateMachine (ContainerStateMachine.java:takeSnapshot(304)) - group-40704FEF8141: Taking a snapshot at:(t:1, i:0) file /home/runner/work/ozone/ozone/hadoop-ozone/integration-test/target/test-dir/MiniOzoneClusterImpl-34bf0feb-fc93-4aa8-bd57-765b74b26656/datanode-0/data/ratis/ce6033e1-c611-44f8-9d6d-40704fef8141/sm/snapshot.1_0
2022-04-26 01:52:14,525 [b224c1cc-f2f1-4e28-bfd3-9ebcae4e38f6@group-40704FEF8141-StateMachineUpdater] INFO  ratis.ContainerStateMachine (ContainerStateMachine.java:takeSnapshot(315)) - group-40704FEF8141: Finished taking a snapshot at:(t:1, i:0) file:/home/runner/work/ozone/ozone/hadoop-ozone/integration-test/target/test-dir/MiniOzoneClusterImpl-34bf0feb-fc93-4aa8-bd57-765b74b26656/datanode-0/data/ratis/ce6033e1-c611-44f8-9d6d-40704fef8141/sm/snapshot.1_0 took: 1 ms
2022-04-26 01:52:14,530 [Listener at 127.0.0.1/44011] INFO  ozoneimpl.OzoneContainer (OzoneContainer.java:stop(356)) - Attempting to stop container services.
2022-04-26 01:52:14,530 [b224c1cc-f2f1-4e28-bfd3-9ebcae4e38f6@group-40704FEF8141-StateMachineUpdater] INFO  impl.StateMachineUpdater (StateMachineUpdater.java:takeSnapshot(281)) - b224c1cc-f2f1-4e28-bfd3-9ebcae4e38f6@group-40704FEF8141-StateMachineUpdater: Took a snapshot at index 0
2022-04-26 01:52:14,530 [b224c1cc-f2f1-4e28-bfd3-9ebcae4e38f6@group-40704FEF8141-StateMachineUpdater] INFO  impl.StateMachineUpdater (StateMachineUpdater.java:lambda$new$0(89)) - b224c1cc-f2f1-4e28-bfd3-9ebcae4e38f6@group-40704FEF8141-StateMachineUpdater: snapshotIndex: updateIncreasingly -1 -> 0
2022-04-26 01:52:14,531 [ForkJoinPool.commonPool-worker-0] INFO  server.RaftServer$Division (ServerState.java:close(419)) - b224c1cc-f2f1-4e28-bfd3-9ebcae4e38f6@group-40704FEF8141: closes. applyIndex: 0
2022-04-26 01:52:14,531 [b224c1cc-f2f1-4e28-bfd3-9ebcae4e38f6@group-40704FEF8141-SegmentedRaftLogWorker] INFO  segmented.SegmentedRaftLogWorker (SegmentedRaftLogWorker.java:run(327)) - b224c1cc-f2f1-4e28-bfd3-9ebcae4e38f6@group-40704FEF8141-SegmentedRaftLogWorker was interrupted, exiting. There are 0 tasks remaining in the queue.
2022-04-26 01:52:14,531 [Listener at 127.0.0.1/44011] INFO  server.RaftServer (RaftServerProxy.java:lambda$close$6(391)) - 9ce53556-8a7e-44f7-a467-494b489fc56c: close
2022-04-26 01:52:14,531 [Listener at 127.0.0.1/44011] INFO  server.RaftServer$Division (RaftServerImpl.java:lambda$close$4(412)) - 9ce53556-8a7e-44f7-a467-494b489fc56c@group-969A9DEFD7DE: shutdown
2022-04-26 01:52:14,531 [ForkJoinPool.commonPool-worker-0] INFO  segmented.SegmentedRaftLogWorker (SegmentedRaftLogWorker.java:close(237)) - b224c1cc-f2f1-4e28-bfd3-9ebcae4e38f6@group-40704FEF8141-SegmentedRaftLogWorker close()
2022-04-26 01:52:14,531 [Listener at 127.0.0.1/44011] INFO  util.JmxRegister (JmxRegister.java:unregister(73)) - Successfully un-registered JMX Bean with object name Ratis:service=RaftServer,group=group-969A9DEFD7DE,id=9ce53556-8a7e-44f7-a467-494b489fc56c
2022-04-26 01:52:14,532 [Listener at 127.0.0.1/44011] INFO  impl.RoleInfo (RoleInfo.java:shutdownLeaderState(91)) - 9ce53556-8a7e-44f7-a467-494b489fc56c: shutdown 9ce53556-8a7e-44f7-a467-494b489fc56c@group-969A9DEFD7DE-LeaderStateImpl
2022-04-26 01:52:14,532 [Listener at 127.0.0.1/44011] INFO  impl.PendingRequests (PendingRequests.java:sendNotLeaderResponses(282)) - 9ce53556-8a7e-44f7-a467-494b489fc56c@group-969A9DEFD7DE-PendingRequests: sendNotLeaderResponses
2022-04-26 01:52:14,532 [Listener at 127.0.0.1/44011] INFO  impl.StateMachineUpdater (StateMachineUpdater.java:stopAndJoin(149)) - 9ce53556-8a7e-44f7-a467-494b489fc56c@group-969A9DEFD7DE-StateMachineUpdater: set stopIndex = 0
2022-04-26 01:52:14,532 [9ce53556-8a7e-44f7-a467-494b489fc56c@group-969A9DEFD7DE-StateMachineUpdater] INFO  ratis.ContainerStateMachine (ContainerStateMachine.java:takeSnapshot(304)) - group-969A9DEFD7DE: Taking a snapshot at:(t:1, i:0) file /home/runner/work/ozone/ozone/hadoop-ozone/integration-test/target/test-dir/MiniOzoneClusterImpl-34bf0feb-fc93-4aa8-bd57-765b74b26656/datanode-4/data/ratis/b5a420bc-986e-42fd-bc65-969a9defd7de/sm/snapshot.1_0
2022-04-26 01:52:14,533 [9ce53556-8a7e-44f7-a467-494b489fc56c@group-969A9DEFD7DE-StateMachineUpdater] INFO  ratis.ContainerStateMachine (ContainerStateMachine.java:takeSnapshot(315)) - group-969A9DEFD7DE: Finished taking a snapshot at:(t:1, i:0) file:/home/runner/work/ozone/ozone/hadoop-ozone/integration-test/target/test-dir/MiniOzoneClusterImpl-34bf0feb-fc93-4aa8-bd57-765b74b26656/datanode-4/data/ratis/b5a420bc-986e-42fd-bc65-969a9defd7de/sm/snapshot.1_0 took: 0 ms
2022-04-26 01:52:14,533 [9ce53556-8a7e-44f7-a467-494b489fc56c@group-969A9DEFD7DE-StateMachineUpdater] INFO  impl.StateMachineUpdater (StateMachineUpdater.java:takeSnapshot(281)) - 9ce53556-8a7e-44f7-a467-494b489fc56c@group-969A9DEFD7DE-StateMachineUpdater: Took a snapshot at index 0
2022-04-26 01:52:14,534 [9ce53556-8a7e-44f7-a467-494b489fc56c@group-969A9DEFD7DE-StateMachineUpdater] INFO  impl.StateMachineUpdater (StateMachineUpdater.java:lambda$new$0(89)) - 9ce53556-8a7e-44f7-a467-494b489fc56c@group-969A9DEFD7DE-StateMachineUpdater: snapshotIndex: updateIncreasingly -1 -> 0
2022-04-26 01:52:14,534 [Listener at 127.0.0.1/44011] INFO  server.RaftServer$Division (ServerState.java:close(419)) - 9ce53556-8a7e-44f7-a467-494b489fc56c@group-969A9DEFD7DE: closes. applyIndex: 0
2022-04-26 01:52:14,534 [9ce53556-8a7e-44f7-a467-494b489fc56c@group-969A9DEFD7DE-SegmentedRaftLogWorker] INFO  segmented.SegmentedRaftLogWorker (SegmentedRaftLogWorker.java:run(327)) - 9ce53556-8a7e-44f7-a467-494b489fc56c@group-969A9DEFD7DE-SegmentedRaftLogWorker was interrupted, exiting. There are 0 tasks remaining in the queue.
2022-04-26 01:52:14,534 [Listener at 127.0.0.1/44011] INFO  segmented.SegmentedRaftLogWorker (SegmentedRaftLogWorker.java:close(237)) - 9ce53556-8a7e-44f7-a467-494b489fc56c@group-969A9DEFD7DE-SegmentedRaftLogWorker close()
2022-04-26 01:52:14,535 [ForkJoinPool.commonPool-worker-0] INFO  server.RaftServer$Division (RaftServerImpl.java:lambda$close$4(412)) - b224c1cc-f2f1-4e28-bfd3-9ebcae4e38f6@group-6990C6AB0D89: shutdown
2022-04-26 01:52:14,535 [Listener at 127.0.0.1/44011] INFO  server.GrpcService (GrpcService.java:closeImpl(262)) - 9ce53556-8a7e-44f7-a467-494b489fc56c: shutdown server with port 45729 now
2022-04-26 01:52:14,535 [ForkJoinPool.commonPool-worker-0] INFO  util.JmxRegister (JmxRegister.java:unregister(73)) - Successfully un-registered JMX Bean with object name Ratis:service=RaftServer,group=group-6990C6AB0D89,id=b224c1cc-f2f1-4e28-bfd3-9ebcae4e38f6
2022-04-26 01:52:14,535 [ForkJoinPool.commonPool-worker-0] INFO  impl.RoleInfo (RoleInfo.java:shutdownFollowerState(108)) - b224c1cc-f2f1-4e28-bfd3-9ebcae4e38f6: shutdown b224c1cc-f2f1-4e28-bfd3-9ebcae4e38f6@group-6990C6AB0D89-FollowerState
2022-04-26 01:52:14,535 [ForkJoinPool.commonPool-worker-0] INFO  impl.StateMachineUpdater (StateMachineUpdater.java:stopAndJoin(149)) - b224c1cc-f2f1-4e28-bfd3-9ebcae4e38f6@group-6990C6AB0D89-StateMachineUpdater: set stopIndex = 26
2022-04-26 01:52:14,536 [b224c1cc-f2f1-4e28-bfd3-9ebcae4e38f6@group-6990C6AB0D89-StateMachineUpdater] INFO  ratis.ContainerStateMachine (ContainerStateMachine.java:takeSnapshot(304)) - group-6990C6AB0D89: Taking a snapshot at:(t:1, i:26) file /home/runner/work/ozone/ozone/hadoop-ozone/integration-test/target/test-dir/MiniOzoneClusterImpl-34bf0feb-fc93-4aa8-bd57-765b74b26656/datanode-0/data/ratis/69e77a88-c1b1-4010-9bb3-6990c6ab0d89/sm/snapshot.1_26
2022-04-26 01:52:14,535 [b224c1cc-f2f1-4e28-bfd3-9ebcae4e38f6@group-6990C6AB0D89-FollowerState] INFO  impl.FollowerState (FollowerState.java:run(143)) - b224c1cc-f2f1-4e28-bfd3-9ebcae4e38f6@group-6990C6AB0D89-FollowerState was interrupted: {}
java.lang.InterruptedException: sleep interrupted
	at java.lang.Thread.sleep(Native Method)
	at java.lang.Thread.sleep(Thread.java:342)
	at java.util.concurrent.TimeUnit.sleep(TimeUnit.java:386)
	at org.apache.ratis.util.TimeDuration.sleep(TimeDuration.java:324)
	at org.apache.ratis.util.TimeDuration.sleep(TimeDuration.java:309)
	at org.apache.ratis.server.impl.FollowerState.run(FollowerState.java:118)
2022-04-26 01:52:14,536 [Listener at 127.0.0.1/44011] INFO  server.GrpcService (GrpcService.java:closeImpl(271)) - 9ce53556-8a7e-44f7-a467-494b489fc56c: shutdown server with port 45729 successfully
2022-04-26 01:52:14,536 [org.apache.ratis.util.JvmPauseMonitor$$Lambda$580/456889832@6376451d] INFO  util.JvmPauseMonitor (JvmPauseMonitor.java:run(109)) - JvmPauseMonitor-9ce53556-8a7e-44f7-a467-494b489fc56c: Stopped
2022-04-26 01:52:14,536 [b224c1cc-f2f1-4e28-bfd3-9ebcae4e38f6@group-6990C6AB0D89-StateMachineUpdater] INFO  ratis.ContainerStateMachine (ContainerStateMachine.java:takeSnapshot(315)) - group-6990C6AB0D89: Finished taking a snapshot at:(t:1, i:26) file:/home/runner/work/ozone/ozone/hadoop-ozone/integration-test/target/test-dir/MiniOzoneClusterImpl-34bf0feb-fc93-4aa8-bd57-765b74b26656/datanode-0/data/ratis/69e77a88-c1b1-4010-9bb3-6990c6ab0d89/sm/snapshot.1_26 took: 1 ms
2022-04-26 01:52:14,537 [b224c1cc-f2f1-4e28-bfd3-9ebcae4e38f6@group-6990C6AB0D89-StateMachineUpdater] INFO  impl.StateMachineUpdater (StateMachineUpdater.java:takeSnapshot(281)) - b224c1cc-f2f1-4e28-bfd3-9ebcae4e38f6@group-6990C6AB0D89-StateMachineUpdater: Took a snapshot at index 26
2022-04-26 01:52:14,537 [b224c1cc-f2f1-4e28-bfd3-9ebcae4e38f6@group-6990C6AB0D89-StateMachineUpdater] INFO  impl.StateMachineUpdater (StateMachineUpdater.java:lambda$new$0(89)) - b224c1cc-f2f1-4e28-bfd3-9ebcae4e38f6@group-6990C6AB0D89-StateMachineUpdater: snapshotIndex: updateIncreasingly -1 -> 26
2022-04-26 01:52:14,537 [ForkJoinPool.commonPool-worker-0] INFO  server.RaftServer$Division (ServerState.java:close(419)) - b224c1cc-f2f1-4e28-bfd3-9ebcae4e38f6@group-6990C6AB0D89: closes. applyIndex: 26
2022-04-26 01:52:14,538 [b224c1cc-f2f1-4e28-bfd3-9ebcae4e38f6@group-6990C6AB0D89-SegmentedRaftLogWorker] INFO  segmented.SegmentedRaftLogWorker (SegmentedRaftLogWorker.java:run(327)) - b224c1cc-f2f1-4e28-bfd3-9ebcae4e38f6@group-6990C6AB0D89-SegmentedRaftLogWorker was interrupted, exiting. There are 0 tasks remaining in the queue.
2022-04-26 01:52:14,538 [ForkJoinPool.commonPool-worker-0] INFO  segmented.SegmentedRaftLogWorker (SegmentedRaftLogWorker.java:close(237)) - b224c1cc-f2f1-4e28-bfd3-9ebcae4e38f6@group-6990C6AB0D89-SegmentedRaftLogWorker close()
2022-04-26 01:52:14,540 [ForkJoinPool.commonPool-worker-0] INFO  server.GrpcService (GrpcService.java:closeImpl(262)) - b224c1cc-f2f1-4e28-bfd3-9ebcae4e38f6: shutdown server with port 33753 now
2022-04-26 01:52:14,542 [grpc-default-executor-3] WARN  client.GrpcClientProtocolService (LogUtils.java:warn(122)) - 1-UnorderedRequestStreamObserver1: onError: org.apache.ratis.thirdparty.io.grpc.StatusRuntimeException: CANCELLED: client cancelled
2022-04-26 01:52:14,546 [ForkJoinPool.commonPool-worker-0] INFO  server.GrpcService (GrpcService.java:closeImpl(271)) - b224c1cc-f2f1-4e28-bfd3-9ebcae4e38f6: shutdown server with port 33753 successfully
2022-04-26 01:52:14,546 [org.apache.ratis.util.JvmPauseMonitor$$Lambda$580/456889832@10dd6f52] INFO  util.JvmPauseMonitor (JvmPauseMonitor.java:run(109)) - JvmPauseMonitor-b224c1cc-f2f1-4e28-bfd3-9ebcae4e38f6: Stopped
2022-04-26 01:52:16,550 [Listener at 127.0.0.1/44011] INFO  utils.BackgroundService (BackgroundService.java:shutdown(132)) - Shutting down service BlockDeletingService
2022-04-26 01:52:16,554 [ForkJoinPool.commonPool-worker-0] INFO  utils.BackgroundService (BackgroundService.java:shutdown(132)) - Shutting down service BlockDeletingService
2022-04-26 01:52:19,555 [Listener at 127.0.0.1/44011] INFO  statemachine.DatanodeStateMachine (DatanodeStateMachine.java:stopDaemon(560)) - Ozone container server stopped.
2022-04-26 01:52:19,556 [Listener at 127.0.0.1/44011] INFO  handler.ContextHandler (ContextHandler.java:doStop(1153)) - Stopped o.e.j.w.WebAppContext@5aba40f{hddsDatanode,/,null,STOPPED}{jar:file:/home/runner/.m2/repository/org/apache/ozone/hdds-container-service/1.3.0-SNAPSHOT/hdds-container-service-1.3.0-SNAPSHOT.jar!/webapps/hddsDatanode}
2022-04-26 01:52:19,557 [Listener at 127.0.0.1/44011] INFO  server.AbstractConnector (AbstractConnector.java:doStop(381)) - Stopped ServerConnector@34660ae{HTTP/1.1, (http/1.1)}{0.0.0.0:0}
2022-04-26 01:52:19,557 [Listener at 127.0.0.1/44011] INFO  server.session (HouseKeeper.java:stopScavenging(149)) - node0 Stopped scavenging
2022-04-26 01:52:19,557 [Listener at 127.0.0.1/44011] INFO  handler.ContextHandler (ContextHandler.java:doStop(1153)) - Stopped o.e.j.s.ServletContextHandler@59b47d06{static,/static,jar:file:/home/runner/.m2/repository/org/apache/ozone/hdds-container-service/1.3.0-SNAPSHOT/hdds-container-service-1.3.0-SNAPSHOT.jar!/webapps/static,STOPPED}
2022-04-26 01:52:19,558 [Listener at 127.0.0.1/44011] INFO  handler.ContextHandler (ContextHandler.java:doStop(1153)) - Stopped o.e.j.s.ServletContextHandler@c3cdf38{logs,/logs,file:///home/runner/work/ozone/ozone/hadoop-ozone/integration-test/target/log,STOPPED}
2022-04-26 01:52:19,559 [ForkJoinPool.commonPool-worker-0] INFO  statemachine.DatanodeStateMachine (DatanodeStateMachine.java:stopDaemon(560)) - Ozone container server stopped.
2022-04-26 01:52:19,562 [ForkJoinPool.commonPool-worker-0] INFO  handler.ContextHandler (ContextHandler.java:doStop(1153)) - Stopped o.e.j.w.WebAppContext@4528486c{hddsDatanode,/,null,STOPPED}{jar:file:/home/runner/.m2/repository/org/apache/ozone/hdds-container-service/1.3.0-SNAPSHOT/hdds-container-service-1.3.0-SNAPSHOT.jar!/webapps/hddsDatanode}
2022-04-26 01:52:19,563 [ForkJoinPool.commonPool-worker-0] INFO  server.AbstractConnector (AbstractConnector.java:doStop(381)) - Stopped ServerConnector@525cb986{HTTP/1.1, (http/1.1)}{0.0.0.0:0}
2022-04-26 01:52:19,563 [ForkJoinPool.commonPool-worker-0] INFO  server.session (HouseKeeper.java:stopScavenging(149)) - node0 Stopped scavenging
2022-04-26 01:52:19,563 [ForkJoinPool.commonPool-worker-0] INFO  handler.ContextHandler (ContextHandler.java:doStop(1153)) - Stopped o.e.j.s.ServletContextHandler@1f112da2{static,/static,jar:file:/home/runner/.m2/repository/org/apache/ozone/hdds-container-service/1.3.0-SNAPSHOT/hdds-container-service-1.3.0-SNAPSHOT.jar!/webapps/static,STOPPED}
2022-04-26 01:52:19,564 [ForkJoinPool.commonPool-worker-0] INFO  handler.ContextHandler (ContextHandler.java:doStop(1153)) - Stopped o.e.j.s.ServletContextHandler@ee49f34{logs,/logs,file:///home/runner/work/ozone/ozone/hadoop-ozone/integration-test/target/log,STOPPED}
2022-04-26 01:52:24,563 [Listener at 127.0.0.1/44011] INFO  ozoneimpl.OzoneContainer (OzoneContainer.java:stop(356)) - Attempting to stop container services.
2022-04-26 01:52:24,564 [Listener at 127.0.0.1/44011] INFO  server.RaftServer (RaftServerProxy.java:lambda$close$6(391)) - c51dce87-425e-48a2-9f44-d785deaab87e: close
2022-04-26 01:52:24,564 [Listener at 127.0.0.1/44011] INFO  server.RaftServer$Division (RaftServerImpl.java:lambda$close$4(412)) - c51dce87-425e-48a2-9f44-d785deaab87e@group-FD73494FFBDE: shutdown
2022-04-26 01:52:24,564 [Listener at 127.0.0.1/44011] INFO  util.JmxRegister (JmxRegister.java:unregister(73)) - Successfully un-registered JMX Bean with object name Ratis:service=RaftServer,group=group-FD73494FFBDE,id=c51dce87-425e-48a2-9f44-d785deaab87e
2022-04-26 01:52:24,564 [Listener at 127.0.0.1/44011] INFO  impl.RoleInfo (RoleInfo.java:shutdownLeaderState(91)) - c51dce87-425e-48a2-9f44-d785deaab87e: shutdown c51dce87-425e-48a2-9f44-d785deaab87e@group-FD73494FFBDE-LeaderStateImpl
2022-04-26 01:52:24,565 [Listener at 127.0.0.1/44011] INFO  impl.PendingRequests (PendingRequests.java:sendNotLeaderResponses(282)) - c51dce87-425e-48a2-9f44-d785deaab87e@group-FD73494FFBDE-PendingRequests: sendNotLeaderResponses
2022-04-26 01:52:24,565 [Listener at 127.0.0.1/44011] INFO  impl.StateMachineUpdater (StateMachineUpdater.java:stopAndJoin(149)) - c51dce87-425e-48a2-9f44-d785deaab87e@group-FD73494FFBDE-StateMachineUpdater: set stopIndex = 0
2022-04-26 01:52:24,565 [c51dce87-425e-48a2-9f44-d785deaab87e@group-FD73494FFBDE-StateMachineUpdater] INFO  ratis.ContainerStateMachine (ContainerStateMachine.java:takeSnapshot(304)) - group-FD73494FFBDE: Taking a snapshot at:(t:1, i:0) file /home/runner/work/ozone/ozone/hadoop-ozone/integration-test/target/test-dir/MiniOzoneClusterImpl-34bf0feb-fc93-4aa8-bd57-765b74b26656/datanode-3/data/ratis/b84804aa-3f82-488d-9567-fd73494ffbde/sm/snapshot.1_0
2022-04-26 01:52:24,567 [c51dce87-425e-48a2-9f44-d785deaab87e@group-FD73494FFBDE-StateMachineUpdater] INFO  ratis.ContainerStateMachine (ContainerStateMachine.java:takeSnapshot(315)) - group-FD73494FFBDE: Finished taking a snapshot at:(t:1, i:0) file:/home/runner/work/ozone/ozone/hadoop-ozone/integration-test/target/test-dir/MiniOzoneClusterImpl-34bf0feb-fc93-4aa8-bd57-765b74b26656/datanode-3/data/ratis/b84804aa-3f82-488d-9567-fd73494ffbde/sm/snapshot.1_0 took: 2 ms
2022-04-26 01:52:24,567 [c51dce87-425e-48a2-9f44-d785deaab87e@group-FD73494FFBDE-StateMachineUpdater] INFO  impl.StateMachineUpdater (StateMachineUpdater.java:takeSnapshot(281)) - c51dce87-425e-48a2-9f44-d785deaab87e@group-FD73494FFBDE-StateMachineUpdater: Took a snapshot at index 0
2022-04-26 01:52:24,567 [c51dce87-425e-48a2-9f44-d785deaab87e@group-FD73494FFBDE-StateMachineUpdater] INFO  impl.StateMachineUpdater (StateMachineUpdater.java:lambda$new$0(89)) - c51dce87-425e-48a2-9f44-d785deaab87e@group-FD73494FFBDE-StateMachineUpdater: snapshotIndex: updateIncreasingly -1 -> 0
2022-04-26 01:52:24,567 [Listener at 127.0.0.1/44011] INFO  server.RaftServer$Division (ServerState.java:close(419)) - c51dce87-425e-48a2-9f44-d785deaab87e@group-FD73494FFBDE: closes. applyIndex: 0
2022-04-26 01:52:24,568 [c51dce87-425e-48a2-9f44-d785deaab87e@group-FD73494FFBDE-SegmentedRaftLogWorker] INFO  segmented.SegmentedRaftLogWorker (SegmentedRaftLogWorker.java:run(327)) - c51dce87-425e-48a2-9f44-d785deaab87e@group-FD73494FFBDE-SegmentedRaftLogWorker was interrupted, exiting. There are 0 tasks remaining in the queue.
2022-04-26 01:52:24,568 [Listener at 127.0.0.1/44011] INFO  segmented.SegmentedRaftLogWorker (SegmentedRaftLogWorker.java:close(237)) - c51dce87-425e-48a2-9f44-d785deaab87e@group-FD73494FFBDE-SegmentedRaftLogWorker close()
2022-04-26 01:52:24,573 [Listener at 127.0.0.1/44011] INFO  server.GrpcService (GrpcService.java:closeImpl(262)) - c51dce87-425e-48a2-9f44-d785deaab87e: shutdown server with port 40827 now
2022-04-26 01:52:24,581 [Listener at 127.0.0.1/44011] INFO  server.GrpcService (GrpcService.java:closeImpl(271)) - c51dce87-425e-48a2-9f44-d785deaab87e: shutdown server with port 40827 successfully
2022-04-26 01:52:24,581 [org.apache.ratis.util.JvmPauseMonitor$$Lambda$580/456889832@431c962f] INFO  util.JvmPauseMonitor (JvmPauseMonitor.java:run(109)) - JvmPauseMonitor-c51dce87-425e-48a2-9f44-d785deaab87e: Stopped
2022-04-26 01:52:26,601 [Listener at 127.0.0.1/44011] INFO  utils.BackgroundService (BackgroundService.java:shutdown(132)) - Shutting down service BlockDeletingService
2022-04-26 01:52:29,614 [Listener at 127.0.0.1/44011] INFO  statemachine.DatanodeStateMachine (DatanodeStateMachine.java:stopDaemon(560)) - Ozone container server stopped.
2022-04-26 01:52:29,615 [Listener at 127.0.0.1/44011] INFO  handler.ContextHandler (ContextHandler.java:doStop(1153)) - Stopped o.e.j.w.WebAppContext@3e5de25e{hddsDatanode,/,null,STOPPED}{jar:file:/home/runner/.m2/repository/org/apache/ozone/hdds-container-service/1.3.0-SNAPSHOT/hdds-container-service-1.3.0-SNAPSHOT.jar!/webapps/hddsDatanode}
2022-04-26 01:52:29,616 [Listener at 127.0.0.1/44011] INFO  server.AbstractConnector (AbstractConnector.java:doStop(381)) - Stopped ServerConnector@365b1eb5{HTTP/1.1, (http/1.1)}{0.0.0.0:0}
2022-04-26 01:52:29,616 [Listener at 127.0.0.1/44011] INFO  server.session (HouseKeeper.java:stopScavenging(149)) - node0 Stopped scavenging
2022-04-26 01:52:29,620 [Listener at 127.0.0.1/44011] INFO  handler.ContextHandler (ContextHandler.java:doStop(1153)) - Stopped o.e.j.s.ServletContextHandler@31eb7dd4{static,/static,jar:file:/home/runner/.m2/repository/org/apache/ozone/hdds-container-service/1.3.0-SNAPSHOT/hdds-container-service-1.3.0-SNAPSHOT.jar!/webapps/static,STOPPED}
2022-04-26 01:52:29,620 [Listener at 127.0.0.1/44011] INFO  handler.ContextHandler (ContextHandler.java:doStop(1153)) - Stopped o.e.j.s.ServletContextHandler@14ccd97f{logs,/logs,file:///home/runner/work/ozone/ozone/hadoop-ozone/integration-test/target/log,STOPPED}
2022-04-26 01:52:29,621 [Listener at 127.0.0.1/44011] INFO  ozone.MiniOzoneClusterImpl (MiniOzoneClusterImpl.java:stopSCM(545)) - Stopping the StorageContainerManager
2022-04-26 01:52:29,621 [Listener at 127.0.0.1/44011] INFO  server.StorageContainerManager (StorageContainerManager.java:stop(1415)) - Stopping Container Balancer service.
2022-04-26 01:52:29,622 [Listener at 127.0.0.1/44011] INFO  balancer.ContainerBalancer (ContainerBalancer.java:stopBalancer(916)) - Container Balancer is not running.
2022-04-26 01:52:29,622 [Listener at 127.0.0.1/44011] INFO  server.StorageContainerManager (StorageContainerManager.java:stop(1422)) - Stopping Replication Manager Service.
2022-04-26 01:52:29,622 [Listener at 127.0.0.1/44011] INFO  container.ReplicationManager (ReplicationManager.java:stop(357)) - Stopping Replication Monitor Thread.
2022-04-26 01:52:29,622 [Listener at 127.0.0.1/44011] INFO  server.StorageContainerManager (StorageContainerManager.java:stop(1429)) - Stopping the Datanode Admin Monitor.
2022-04-26 01:52:29,622 [Listener at 127.0.0.1/44011] INFO  server.StorageContainerManager (StorageContainerManager.java:stop(1436)) - Stopping Lease Manager of the command watchers
2022-04-26 01:52:29,623 [Listener at 127.0.0.1/44011] INFO  server.StorageContainerManager (StorageContainerManager.java:stop(1443)) - Stopping datanode service RPC server
2022-04-26 01:52:29,623 [Listener at 127.0.0.1/44011] INFO  server.SCMDatanodeProtocolServer (SCMDatanodeProtocolServer.java:stop(400)) - Stopping the RPC server for DataNodes
2022-04-26 01:52:29,623 [Listener at 127.0.0.1/44011] INFO  ipc.Server (Server.java:stop(3414)) - Stopping server on 45995
2022-04-26 01:52:29,625 [IPC Server listener on 0] INFO  ipc.Server (Server.java:run(1376)) - Stopping IPC Server listener on 0
2022-04-26 01:52:29,626 [IPC Server Responder] INFO  ipc.Server (Server.java:run(1512)) - Stopping IPC Server Responder
2022-04-26 01:52:29,666 [SCM Heartbeat Processing Thread - 0] WARN  node.NodeStateManager (NodeStateManager.java:scheduleNextHealthCheck(815)) - Current Thread is interrupted, shutting down HB processing thread for Node Manager.
2022-04-26 01:52:29,666 [Listener at 127.0.0.1/44011] INFO  server.StorageContainerManager (StorageContainerManager.java:stop(1451)) - Stopping block service RPC server
2022-04-26 01:52:29,667 [Listener at 127.0.0.1/44011] INFO  server.SCMBlockProtocolServer (SCMBlockProtocolServer.java:stop(160)) - Stopping the RPC server for Block Protocol
2022-04-26 01:52:29,667 [Listener at 127.0.0.1/44011] INFO  ipc.Server (Server.java:stop(3414)) - Stopping server on 44593
2022-04-26 01:52:29,673 [IPC Server listener on 0] INFO  ipc.Server (Server.java:run(1376)) - Stopping IPC Server listener on 0
2022-04-26 01:52:29,673 [IPC Server Responder] INFO  ipc.Server (Server.java:run(1512)) - Stopping IPC Server Responder
2022-04-26 01:52:29,673 [Listener at 127.0.0.1/44011] INFO  server.StorageContainerManager (StorageContainerManager.java:stop(1458)) - Stopping the StorageContainerLocationProtocol RPC server
2022-04-26 01:52:29,674 [Listener at 127.0.0.1/44011] INFO  server.SCMClientProtocolServer (SCMClientProtocolServer.java:stop(178)) - Stopping the RPC server for Client Protocol
2022-04-26 01:52:29,674 [Listener at 127.0.0.1/44011] INFO  ipc.Server (Server.java:stop(3414)) - Stopping server on 37821
2022-04-26 01:52:29,677 [IPC Server Responder] INFO  ipc.Server (Server.java:run(1512)) - Stopping IPC Server Responder
2022-04-26 01:52:29,677 [Listener at 127.0.0.1/44011] INFO  server.StorageContainerManager (StorageContainerManager.java:stop(1465)) - Stopping Storage Container Manager HTTP server.
2022-04-26 01:52:29,678 [Listener at 127.0.0.1/44011] INFO  handler.ContextHandler (ContextHandler.java:doStop(1153)) - Stopped o.e.j.w.WebAppContext@270be080{scm,/,null,STOPPED}{file:/home/runner/work/ozone/ozone/hadoop-ozone/integration-test/target/test-classes/webapps/scm}
2022-04-26 01:52:29,677 [IPC Server listener on 0] INFO  ipc.Server (Server.java:run(1376)) - Stopping IPC Server listener on 0
2022-04-26 01:52:29,678 [Listener at 127.0.0.1/44011] INFO  server.AbstractConnector (AbstractConnector.java:doStop(381)) - Stopped ServerConnector@25a2f432{HTTP/1.1, (http/1.1)}{0.0.0.0:0}
2022-04-26 01:52:29,678 [Listener at 127.0.0.1/44011] INFO  server.session (HouseKeeper.java:stopScavenging(149)) - node0 Stopped scavenging
2022-04-26 01:52:29,679 [Listener at 127.0.0.1/44011] INFO  handler.ContextHandler (ContextHandler.java:doStop(1153)) - Stopped o.e.j.s.ServletContextHandler@5464aeec{static,/static,file:///home/runner/work/ozone/ozone/hadoop-ozone/integration-test/target/test-classes/webapps/static,STOPPED}
2022-04-26 01:52:29,679 [Listener at 127.0.0.1/44011] INFO  handler.ContextHandler (ContextHandler.java:doStop(1153)) - Stopped o.e.j.s.ServletContextHandler@14983265{logs,/logs,file:///home/runner/work/ozone/ozone/hadoop-ozone/integration-test/target/log,STOPPED}
2022-04-26 01:52:29,689 [Listener at 127.0.0.1/44011] INFO  server.StorageContainerManager (StorageContainerManager.java:stop(1476)) - Stopping Block Manager Service.
2022-04-26 01:52:29,689 [Listener at 127.0.0.1/44011] INFO  utils.BackgroundService (BackgroundService.java:shutdown(132)) - Shutting down service SCMBlockDeletingService
2022-04-26 01:52:29,689 [Listener at 127.0.0.1/44011] INFO  utils.BackgroundService (BackgroundService.java:shutdown(132)) - Shutting down service SCMBlockDeletingService
2022-04-26 01:52:29,690 [Listener at 127.0.0.1/44011] INFO  server.StorageContainerManager (StorageContainerManager.java:stop(1503)) - Stopping SCM Event Queue.
2022-04-26 01:52:29,692 [Listener at 127.0.0.1/44011] INFO  server.StorageContainerManager (StorageContainerManager.java:stop(1514)) - Stopping SCM HA services.
2022-04-26 01:52:29,692 [Listener at 127.0.0.1/44011] INFO  pipeline.BackgroundPipelineCreator (BackgroundPipelineCreator.java:stop(154)) - Stopping RatisPipelineUtilsThread.
2022-04-26 01:52:29,693 [Listener at 127.0.0.1/44011] INFO  server.StorageContainerManager (StorageContainerManager.java:stop(1524)) - Stopping SCM MetadataStore.
2022-04-26 01:52:29,707 [Listener at 127.0.0.1/44011] INFO  impl.MetricsSystemImpl (MetricsSystemImpl.java:stop(210)) - Stopping XceiverClientMetrics metrics system...
2022-04-26 01:52:29,710 [prometheus] INFO  impl.MetricsSinkAdapter (MetricsSinkAdapter.java:publishMetricsFromQueue(141)) - prometheus thread interrupted.
2022-04-26 01:52:29,710 [Listener at 127.0.0.1/44011] INFO  impl.MetricsSystemImpl (MetricsSystemImpl.java:stop(216)) - XceiverClientMetrics metrics system stopped.
2022-04-26 01:52:29,901 [Listener at 127.0.0.1/44011] WARN  server.ServerUtils (ServerUtils.java:getScmDbDir(148)) - ozone.scm.db.dirs is not configured. We recommend adding this setting. Falling back to ozone.metadata.dirs instead.
2022-04-26 01:52:29,915 [Listener at 127.0.0.1/44011] INFO  ha.SCMHANodeDetails (SCMHANodeDetails.java:loadSCMHAConfig(157)) - ServiceID for StorageContainerManager is null
2022-04-26 01:52:29,916 [Listener at 127.0.0.1/44011] INFO  ha.SCMHANodeDetails (SCMHANodeDetails.java:loadSCMHAConfig(162)) - ozone.scm.default.service.id is not defined, falling back to ozone.scm.service.ids to find serviceID for StorageContainerManager if it is HA enabled cluster
2022-04-26 01:52:29,916 [Listener at 127.0.0.1/44011] WARN  server.ServerUtils (ServerUtils.java:getScmDbDir(148)) - ozone.scm.db.dirs is not configured. We recommend adding this setting. Falling back to ozone.metadata.dirs instead.
2022-04-26 01:52:29,917 [Listener at 127.0.0.1/44011] INFO  upgrade.AbstractLayoutVersionManager (AbstractLayoutVersionManager.java:init(79)) - Initializing Layout version manager with metadata layout = ERASURE_CODED_STORAGE_SUPPORT (version = 3), software layout = ERASURE_CODED_STORAGE_SUPPORT (version = 3)
2022-04-26 01:52:30,022 [Listener at 127.0.0.1/44011] INFO  reflections.Reflections (Reflections.java:scan(232)) - Reflections took 104 ms to scan 7 urls, producing 126 keys and 287 values 
2022-04-26 01:52:30,024 [Listener at 127.0.0.1/44011] WARN  utils.HAUtils (HAUtils.java:getMetaDir(342)) - ozone.scm.db.dirs is not configured. We recommend adding this setting. Falling back to ozone.metadata.dirs instead.
2022-04-26 01:52:30,049 [Listener at 127.0.0.1/44011] WARN  db.DBStoreBuilder (DBStoreBuilder.java:applyDBDefinition(145)) - ozone.scm.db.dirs is not configured. We recommend adding this setting. Falling back to ozone.metadata.dirs instead.
2022-04-26 01:52:30,281 [Listener at 127.0.0.1/44011] INFO  net.NodeSchemaLoader (NodeSchemaLoader.java:loadSchemaFromFile(129)) - Loading schema from [jar:file:/home/runner/.m2/repository/org/apache/ozone/hdds-common/1.3.0-SNAPSHOT/hdds-common-1.3.0-SNAPSHOT.jar!/network-topology-default.xml]
2022-04-26 01:52:30,281 [Listener at 127.0.0.1/44011] INFO  net.NodeSchemaLoader (NodeSchemaLoader.java:loadSchema(176)) - Loading network topology layer schema file
2022-04-26 01:52:30,286 [Listener at 127.0.0.1/44011] INFO  ha.SequenceIdGenerator (SequenceIdGenerator.java:upgradeToSequenceId(347)) - upgrade localId to 109611004723200000
2022-04-26 01:52:30,286 [Listener at 127.0.0.1/44011] INFO  ha.SequenceIdGenerator (SequenceIdGenerator.java:upgradeToSequenceId(357)) - upgrade delTxnId to 0
2022-04-26 01:52:30,286 [Listener at 127.0.0.1/44011] INFO  ha.SequenceIdGenerator (SequenceIdGenerator.java:upgradeToSequenceId(371)) - upgrade containerId to 0
2022-04-26 01:52:30,286 [Listener at 127.0.0.1/44011] INFO  ha.SequenceIdGenerator (SequenceIdGenerator.java:<init>(218)) - Init the HA SequenceIdGenerator.
2022-04-26 01:52:30,287 [Listener at 127.0.0.1/44011] WARN  server.ServerUtils (ServerUtils.java:sanitizeUserArgs(73)) - ozone.scm.stale.node.interval value = 300000 is larger than max = 100000 based on the key value of ozone.scm.heartbeat.thread.interval, reset to the max value 100000.
2022-04-26 01:52:30,287 [Listener at 127.0.0.1/44011] WARN  server.ServerUtils (ServerUtils.java:sanitizeUserArgs(73)) - ozone.scm.stale.node.interval value = 300000 is larger than max = 100000 based on the key value of ozone.scm.heartbeat.thread.interval, reset to the max value 100000.
2022-04-26 01:52:30,298 [Listener at 127.0.0.1/44011] INFO  node.SCMNodeManager (SCMNodeManager.java:<init>(146)) - Entering startup safe mode.
2022-04-26 01:52:30,299 [Listener at 127.0.0.1/44011] INFO  algorithms.ContainerPlacementPolicyFactory (ContainerPlacementPolicyFactory.java:getPolicyInternal(86)) - Create container placement policy of type org.apache.hadoop.hdds.scm.container.placement.algorithms.SCMContainerPlacementRandom
2022-04-26 01:52:30,299 [Listener at 127.0.0.1/44011] INFO  pipeline.PipelineStateManagerImpl (PipelineStateManagerImpl.java:initialize(78)) - No pipeline exists in current db
2022-04-26 01:52:30,299 [Listener at 127.0.0.1/44011] INFO  algorithms.LeaderChoosePolicyFactory (LeaderChoosePolicyFactory.java:getPolicy(57)) - Create leader choose policy of type org.apache.hadoop.hdds.scm.pipeline.leader.choose.algorithms.MinLeaderCountChoosePolicy
2022-04-26 01:52:30,299 [Listener at 127.0.0.1/44011] INFO  algorithms.ContainerPlacementPolicyFactory (ContainerPlacementPolicyFactory.java:getPolicyInternal(86)) - Create container placement policy of type org.apache.hadoop.hdds.scm.container.placement.algorithms.SCMContainerPlacementRackScatter
2022-04-26 01:52:30,300 [Listener at 127.0.0.1/44011] INFO  ha.SCMServiceManager (SCMServiceManager.java:register(42)) - Registering service BackgroundPipelineCreator.
2022-04-26 01:52:30,300 [Listener at 127.0.0.1/44011] INFO  pipeline.BackgroundPipelineCreator (BackgroundPipelineCreator.java:start(129)) - Starting RatisPipelineUtilsThread.
2022-04-26 01:52:30,301 [Listener at 127.0.0.1/44011] INFO  algorithms.PipelineChoosePolicyFactory (PipelineChoosePolicyFactory.java:createPipelineChoosePolicyFromClass(73)) - Create pipeline choose policy of type org.apache.hadoop.hdds.scm.pipeline.choose.algorithms.RandomPipelineChoosePolicy
2022-04-26 01:52:30,301 [Listener at 127.0.0.1/44011] INFO  ha.SCMServiceManager (SCMServiceManager.java:register(42)) - Registering service SCMBlockDeletingService.
2022-04-26 01:52:30,302 [Listener at 127.0.0.1/44011] INFO  ha.SCMServiceManager (SCMServiceManager.java:register(42)) - Registering service ReplicationManager.
2022-04-26 01:52:30,302 [Listener at 127.0.0.1/44011] INFO  container.ReplicationManager (ReplicationManager.java:start(326)) - Starting Replication Monitor Thread.
2022-04-26 01:52:30,306 [Listener at 127.0.0.1/44011] INFO  safemode.ContainerSafeModeRule (ContainerSafeModeRule.java:<init>(89)) - containers with one replica threshold count 0
2022-04-26 01:52:30,306 [Listener at 127.0.0.1/44011] INFO  safemode.HealthyPipelineSafeModeRule (HealthyPipelineSafeModeRule.java:initializeRule(156)) - Total pipeline count is 0, healthy pipeline threshold count is 1
2022-04-26 01:52:30,306 [Listener at 127.0.0.1/44011] INFO  safemode.OneReplicaPipelineSafeModeRule (OneReplicaPipelineSafeModeRule.java:initializeRule(180)) - Total pipeline count is 0, pipeline's with at least one datanode reported threshold count is 0
2022-04-26 01:52:30,317 [ReplicationMonitor] INFO  container.ReplicationManager (ReplicationManager.java:processAll(374)) - Replication Manager is not ready to run until 3000ms after safemode exit
2022-04-26 01:52:30,321 [Listener at 127.0.0.1/44011] INFO  ipc.CallQueueManager (CallQueueManager.java:<init>(90)) - Using callQueue: class java.util.concurrent.LinkedBlockingQueue, queueCapacity: 2000, scheduler: class org.apache.hadoop.ipc.DefaultRpcScheduler, ipcBackoff: false.
2022-04-26 01:52:30,328 [Listener at 0.0.0.0/33285] INFO  ipc.CallQueueManager (CallQueueManager.java:<init>(90)) - Using callQueue: class java.util.concurrent.LinkedBlockingQueue, queueCapacity: 2000, scheduler: class org.apache.hadoop.ipc.DefaultRpcScheduler, ipcBackoff: false.
2022-04-26 01:52:30,334 [Socket Reader #1 for port 0] INFO  ipc.Server (Server.java:run(1265)) - Starting Socket Reader #1 for port 0
2022-04-26 01:52:30,345 [Socket Reader #1 for port 0] INFO  ipc.Server (Server.java:run(1265)) - Starting Socket Reader #1 for port 0
2022-04-26 01:52:30,358 [Listener at 0.0.0.0/42263] INFO  ipc.CallQueueManager (CallQueueManager.java:<init>(90)) - Using callQueue: class java.util.concurrent.LinkedBlockingQueue, queueCapacity: 2000, scheduler: class org.apache.hadoop.ipc.DefaultRpcScheduler, ipcBackoff: false.
2022-04-26 01:52:30,366 [Socket Reader #1 for port 0] INFO  ipc.Server (Server.java:run(1265)) - Starting Socket Reader #1 for port 0
2022-04-26 01:52:30,388 [Listener at 0.0.0.0/41675] INFO  server.StorageContainerManager (StorageContainerManager.java:<init>(390)) - 
Container Balancer status:
Key                            Value
Running                        false
Container Balancer Configuration values:
Key                                                Value
Threshold                                          10
Max Datanodes to Involve per Iteration(percent)    20
Max Size to Move per Iteration                     500GB
Max Size Entering Target per Iteration             26GB
Max Size Leaving Source per Iteration              26GB

2022-04-26 01:52:30,388 [Listener at 0.0.0.0/41675] WARN  events.EventQueue (EventQueue.java:fireEvent(194)) - No event handler registered for event TypedEvent{payloadType=SafeModeStatus, name='Safe mode status'}
2022-04-26 01:52:30,388 [Listener at 0.0.0.0/41675] INFO  ha.SCMContext (SCMContext.java:updateSafeModeStatus(211)) - Update SafeModeStatus from SafeModeStatus{safeModeStatus=true, preCheckPassed=false} to SafeModeStatus{safeModeStatus=true, preCheckPassed=false}.
2022-04-26 01:52:30,389 [Listener at 0.0.0.0/41675] INFO  server.StorageContainerManager (StorageContainerManager.java:start(1328)) - StorageContainerLocationProtocol RPC server is listening at /0.0.0.0:41675
2022-04-26 01:52:30,390 [Listener at 0.0.0.0/41675] WARN  impl.MetricsConfig (MetricsConfig.java:loadFirst(136)) - Cannot locate configuration: tried hadoop-metrics2-storagecontainermanager.properties,hadoop-metrics2.properties
2022-04-26 01:52:30,391 [Listener at 0.0.0.0/41675] INFO  impl.MetricsSystemImpl (MetricsSystemImpl.java:startTimer(378)) - Scheduled Metric snapshot period at 10 second(s).
2022-04-26 01:52:30,391 [Listener at 0.0.0.0/41675] INFO  impl.MetricsSystemImpl (MetricsSystemImpl.java:start(191)) - StorageContainerManager metrics system started
2022-04-26 01:52:30,441 [Listener at 0.0.0.0/41675] INFO  impl.MetricsSinkAdapter (MetricsSinkAdapter.java:start(204)) - Sink prometheus started
2022-04-26 01:52:30,441 [Listener at 0.0.0.0/41675] INFO  impl.MetricsSystemImpl (MetricsSystemImpl.java:registerSink(305)) - Registered sink prometheus
2022-04-26 01:52:30,488 [Listener at 0.0.0.0/41675] INFO  server.SCMClientProtocolServer (SCMClientProtocolServer.java:start(169)) - RPC server for Client  is listening at /0.0.0.0:41675
2022-04-26 01:52:30,501 [IPC Server Responder] INFO  ipc.Server (Server.java:run(1507)) - IPC Server Responder: starting
2022-04-26 01:52:30,505 [IPC Server listener on 0] INFO  ipc.Server (Server.java:run(1344)) - IPC Server listener on 0: starting
2022-04-26 01:52:30,508 [Listener at 0.0.0.0/41675] INFO  server.StorageContainerManager (StorageContainerManager.java:start(1343)) - ScmBlockLocationProtocol RPC server is listening at /0.0.0.0:42263
2022-04-26 01:52:30,508 [Listener at 0.0.0.0/41675] INFO  server.SCMBlockProtocolServer (SCMBlockProtocolServer.java:start(151)) - RPC server for Block Protocol is listening at /0.0.0.0:42263
2022-04-26 01:52:30,517 [IPC Server Responder] INFO  ipc.Server (Server.java:run(1507)) - IPC Server Responder: starting
2022-04-26 01:52:30,525 [IPC Server listener on 0] INFO  ipc.Server (Server.java:run(1344)) - IPC Server listener on 0: starting
2022-04-26 01:52:30,560 [Listener at 0.0.0.0/41675] INFO  server.SCMDatanodeProtocolServer (SCMDatanodeProtocolServer.java:start(183)) - ScmDatanodeProtocol RPC server for DataNodes is listening at /0.0.0.0:33285
2022-04-26 01:52:30,561 [IPC Server Responder] INFO  ipc.Server (Server.java:run(1507)) - IPC Server Responder: starting
2022-04-26 01:52:30,561 [IPC Server listener on 0] INFO  ipc.Server (Server.java:run(1344)) - IPC Server listener on 0: starting
2022-04-26 01:52:30,580 [Listener at 0.0.0.0/41675] INFO  http.BaseHttpServer (BaseHttpServer.java:newHttpServer2BuilderForOzone(209)) - Starting Web-server for scm at: http://0.0.0.0:0
2022-04-26 01:52:30,581 [Listener at 0.0.0.0/41675] INFO  http.BaseHttpServer (BaseHttpServer.java:<init>(107)) - Hadoop Security Enabled: false Ozone Security Enabled: false Ozone HTTP Security Enabled: false 
2022-04-26 01:52:30,582 [org.apache.hadoop.util.JvmPauseMonitor$Monitor@7406f3ad] INFO  util.JvmPauseMonitor (JvmPauseMonitor.java:run(188)) - Starting JVM pause monitor
2022-04-26 01:52:30,612 [Listener at 0.0.0.0/41675] INFO  server.AuthenticationFilter (AuthenticationFilter.java:constructSecretProvider(240)) - Unable to initialize FileSignerSecretProvider, falling back to use random secrets.
2022-04-26 01:52:30,616 [Listener at 0.0.0.0/41675] WARN  http.HttpRequestLog (HttpRequestLog.java:getRequestLog(103)) - Jetty request log can only be enabled using Log4j
2022-04-26 01:52:30,617 [Listener at 0.0.0.0/41675] INFO  http.HttpServer2 (HttpServer2.java:addGlobalFilter(1030)) - Added global filter 'safety' (class=org.apache.hadoop.hdds.server.http.HttpServer2$QuotingInputFilter)
2022-04-26 01:52:30,618 [Listener at 0.0.0.0/41675] INFO  http.HttpServer2 (HttpServer2.java:addFilter(1006)) - Added filter static_user_filter (class=org.apache.hadoop.http.lib.StaticUserWebFilter$StaticUserFilter) to context scm
2022-04-26 01:52:30,618 [Listener at 0.0.0.0/41675] INFO  http.HttpServer2 (HttpServer2.java:addFilter(1014)) - Added filter static_user_filter (class=org.apache.hadoop.http.lib.StaticUserWebFilter$StaticUserFilter) to context static
2022-04-26 01:52:30,618 [Listener at 0.0.0.0/41675] INFO  http.HttpServer2 (HttpServer2.java:addFilter(1014)) - Added filter static_user_filter (class=org.apache.hadoop.http.lib.StaticUserWebFilter$StaticUserFilter) to context logs
2022-04-26 01:52:30,621 [Listener at 0.0.0.0/41675] INFO  http.HttpServer2 (HttpServer2.java:bindListener(1249)) - Jetty bound to port 44579
2022-04-26 01:52:30,621 [Listener at 0.0.0.0/41675] INFO  server.Server (Server.java:doStart(375)) - jetty-9.4.43.v20210629; built: 2021-06-30T11:07:22.254Z; git: 526006ecfa3af7f1a27ef3a288e2bef7ea9dd7e8; jvm 1.8.0_322-b06
2022-04-26 01:52:30,657 [Listener at 0.0.0.0/41675] INFO  server.session (DefaultSessionIdManager.java:doStart(334)) - DefaultSessionIdManager workerName=node0
2022-04-26 01:52:30,657 [Listener at 0.0.0.0/41675] INFO  server.session (DefaultSessionIdManager.java:doStart(339)) - No SessionScavenger set, using defaults
2022-04-26 01:52:30,658 [Listener at 0.0.0.0/41675] INFO  server.session (HouseKeeper.java:startScavenging(132)) - node0 Scavenging every 600000ms
2022-04-26 01:52:30,658 [Listener at 0.0.0.0/41675] INFO  handler.ContextHandler (ContextHandler.java:doStart(915)) - Started o.e.j.s.ServletContextHandler@71b03e9a{logs,/logs,file:///home/runner/work/ozone/ozone/hadoop-ozone/integration-test/target/log,AVAILABLE}
2022-04-26 01:52:30,659 [Listener at 0.0.0.0/41675] INFO  handler.ContextHandler (ContextHandler.java:doStart(915)) - Started o.e.j.s.ServletContextHandler@719e1c26{static,/static,file:///home/runner/work/ozone/ozone/hadoop-ozone/integration-test/target/test-classes/webapps/static,AVAILABLE}
2022-04-26 01:52:30,672 [Listener at 0.0.0.0/41675] INFO  handler.ContextHandler (ContextHandler.java:doStart(915)) - Started o.e.j.w.WebAppContext@5a11f1e9{scm,/,file:///home/runner/work/ozone/ozone/hadoop-ozone/integration-test/target/test-classes/webapps/scm/,AVAILABLE}{file:/home/runner/work/ozone/ozone/hadoop-ozone/integration-test/target/test-classes/webapps/scm}
2022-04-26 01:52:30,678 [Listener at 0.0.0.0/41675] INFO  server.AbstractConnector (AbstractConnector.java:doStart(331)) - Started ServerConnector@a00b4a6{HTTP/1.1, (http/1.1)}{0.0.0.0:44579}
2022-04-26 01:52:30,679 [Listener at 0.0.0.0/41675] INFO  server.Server (Server.java:doStart(415)) - Started @62562ms
2022-04-26 01:52:30,679 [Listener at 0.0.0.0/41675] WARN  impl.MetricsSystemImpl (MetricsSystemImpl.java:register(279)) - Sink prometheus already exists!
2022-04-26 01:52:30,679 [Listener at 0.0.0.0/41675] INFO  http.BaseHttpServer (BaseHttpServer.java:updateConnectorAddress(329)) - HTTP server of scm listening at http://0.0.0.0:44579
2022-04-26 01:52:30,679 [Listener at 0.0.0.0/41675] WARN  server.ServerUtils (ServerUtils.java:getDBPath(225)) - ozone.om.db.dirs is not configured. We recommend adding this setting. Falling back to ozone.metadata.dirs instead.
2022-04-26 01:52:30,683 [Listener at 0.0.0.0/41675] INFO  ha.OMHANodeDetails (OMHANodeDetails.java:loadOMHAConfig(112)) - ozone.om.internal.service.id is not defined, falling back to ozone.om.service.ids to find serviceID for OzoneManager if it is HA enabled cluster
2022-04-26 01:52:30,683 [Listener at 0.0.0.0/41675] INFO  ha.OMHANodeDetails (OMHANodeDetails.java:loadOMHAConfig(218)) - Configuration does not have ozone.om.address set. Falling back to the default OM address /127.0.0.1:0
2022-04-26 01:52:30,683 [Listener at 0.0.0.0/41675] INFO  ha.OMHANodeDetails (OMHANodeDetails.java:getOMNodeDetailsForNonHA(246)) - OM Service ID is not set. Setting it to the default ID: omServiceIdDefault
2022-04-26 01:52:30,683 [Listener at 0.0.0.0/41675] INFO  ha.OMHANodeDetails (OMHANodeDetails.java:getOMNodeDetailsForNonHA(253)) - OM Node ID is not set. Setting it to the default ID: om1
2022-04-26 01:52:30,683 [Listener at 0.0.0.0/41675] WARN  server.ServerUtils (ServerUtils.java:getDBPath(225)) - ozone.om.db.dirs is not configured. We recommend adding this setting. Falling back to ozone.metadata.dirs instead.
2022-04-26 01:52:30,684 [Listener at 0.0.0.0/41675] INFO  upgrade.AbstractLayoutVersionManager (AbstractLayoutVersionManager.java:init(79)) - Initializing Layout version manager with metadata layout = ERASURE_CODED_STORAGE_SUPPORT (version = 1), software layout = ERASURE_CODED_STORAGE_SUPPORT (version = 1)
2022-04-26 01:52:30,800 [Listener at 0.0.0.0/41675] INFO  reflections.Reflections (Reflections.java:scan(232)) - Reflections took 116 ms to scan 2 urls, producing 142 keys and 367 values [using 2 cores]
2022-04-26 01:52:30,801 [Listener at 0.0.0.0/41675] INFO  upgrade.OMLayoutVersionManager (OMLayoutVersionManager.java:lambda$0(115)) - Skipping Upgrade Action MockOmUpgradeAction since it has been finalized.
2022-04-26 01:52:30,801 [Listener at 0.0.0.0/41675] WARN  server.ServerUtils (ServerUtils.java:getDBPath(225)) - ozone.om.db.dirs is not configured. We recommend adding this setting. Falling back to ozone.metadata.dirs instead.
2022-04-26 01:52:30,910 [Listener at 0.0.0.0/41675] WARN  server.ServerUtils (ServerUtils.java:getDBPath(225)) - ozone.om.db.dirs is not configured. We recommend adding this setting. Falling back to ozone.metadata.dirs instead.
2022-04-26 01:52:30,910 [Listener at 0.0.0.0/41675] INFO  codec.OmKeyInfoCodec (OmKeyInfoCodec.java:<init>(49)) - OmKeyInfoCodec ignorePipeline = true
2022-04-26 01:52:30,910 [Listener at 0.0.0.0/41675] INFO  codec.RepeatedOmKeyInfoCodec (RepeatedOmKeyInfoCodec.java:<init>(41)) - RepeatedOmKeyInfoCodec ignorePipeline = true
2022-04-26 01:52:31,174 [Listener at 0.0.0.0/41675] INFO  om.OzoneManager (OzoneManager.java:addS3GVolumeToDB(3770)) - Created Volume s3v With Owner runner required for S3Gateway operations.
2022-04-26 01:52:32,077 [Listener at 0.0.0.0/41675] INFO  reflections.Reflections (Reflections.java:scan(232)) - Reflections took 888 ms to scan 18 urls, producing 61 keys and 3645 values [using 2 cores]
2022-04-26 01:52:32,078 [Listener at 0.0.0.0/41675] INFO  ipc.CallQueueManager (CallQueueManager.java:<init>(90)) - Using callQueue: class java.util.concurrent.LinkedBlockingQueue, queueCapacity: 2000, scheduler: class org.apache.hadoop.ipc.DefaultRpcScheduler, ipcBackoff: false.
2022-04-26 01:52:32,083 [Socket Reader #1 for port 0] INFO  ipc.Server (Server.java:run(1265)) - Starting Socket Reader #1 for port 0
2022-04-26 01:52:32,141 [Listener at 127.0.0.1/46323] INFO  impl.MetricsSystemImpl (MetricsSystemImpl.java:init(158)) - OzoneManager metrics system started (again)
2022-04-26 01:52:32,186 [Listener at 127.0.0.1/46323] INFO  om.OzoneManager (OzoneManager.java:start(1367)) - OzoneManager RPC server is listening at localhost/127.0.0.1:46323
2022-04-26 01:52:32,186 [Listener at 127.0.0.1/46323] INFO  om.OzoneManager (OzoneManager.java:start(1383)) - Version File has different layout version (1) than OM DB (null). That is expected if this OM has never been finalized to a newer layout version.
2022-04-26 01:52:32,210 [Listener at 127.0.0.1/46323] INFO  http.BaseHttpServer (BaseHttpServer.java:newHttpServer2BuilderForOzone(209)) - Starting Web-server for ozoneManager at: http://0.0.0.0:0
2022-04-26 01:52:32,210 [Listener at 127.0.0.1/46323] INFO  http.BaseHttpServer (BaseHttpServer.java:<init>(107)) - Hadoop Security Enabled: false Ozone Security Enabled: false Ozone HTTP Security Enabled: false 
2022-04-26 01:52:32,211 [Listener at 127.0.0.1/46323] INFO  server.AuthenticationFilter (AuthenticationFilter.java:constructSecretProvider(240)) - Unable to initialize FileSignerSecretProvider, falling back to use random secrets.
2022-04-26 01:52:32,221 [Listener at 127.0.0.1/46323] WARN  http.HttpRequestLog (HttpRequestLog.java:getRequestLog(103)) - Jetty request log can only be enabled using Log4j
2022-04-26 01:52:32,222 [Listener at 127.0.0.1/46323] INFO  http.HttpServer2 (HttpServer2.java:addGlobalFilter(1030)) - Added global filter 'safety' (class=org.apache.hadoop.hdds.server.http.HttpServer2$QuotingInputFilter)
2022-04-26 01:52:32,222 [Listener at 127.0.0.1/46323] INFO  http.HttpServer2 (HttpServer2.java:addFilter(1006)) - Added filter static_user_filter (class=org.apache.hadoop.http.lib.StaticUserWebFilter$StaticUserFilter) to context ozoneManager
2022-04-26 01:52:32,223 [Listener at 127.0.0.1/46323] INFO  http.HttpServer2 (HttpServer2.java:addFilter(1014)) - Added filter static_user_filter (class=org.apache.hadoop.http.lib.StaticUserWebFilter$StaticUserFilter) to context logs
2022-04-26 01:52:32,223 [Listener at 127.0.0.1/46323] INFO  http.HttpServer2 (HttpServer2.java:addFilter(1014)) - Added filter static_user_filter (class=org.apache.hadoop.http.lib.StaticUserWebFilter$StaticUserFilter) to context static
2022-04-26 01:52:32,223 [Listener at 127.0.0.1/46323] INFO  http.HttpServer2 (HttpServer2.java:bindListener(1249)) - Jetty bound to port 44525
2022-04-26 01:52:32,223 [Listener at 127.0.0.1/46323] INFO  server.Server (Server.java:doStart(375)) - jetty-9.4.43.v20210629; built: 2021-06-30T11:07:22.254Z; git: 526006ecfa3af7f1a27ef3a288e2bef7ea9dd7e8; jvm 1.8.0_322-b06
2022-04-26 01:52:32,236 [Listener at 127.0.0.1/46323] INFO  server.session (DefaultSessionIdManager.java:doStart(334)) - DefaultSessionIdManager workerName=node0
2022-04-26 01:52:32,236 [Listener at 127.0.0.1/46323] INFO  server.session (DefaultSessionIdManager.java:doStart(339)) - No SessionScavenger set, using defaults
2022-04-26 01:52:32,236 [Listener at 127.0.0.1/46323] INFO  server.session (HouseKeeper.java:startScavenging(132)) - node0 Scavenging every 660000ms
2022-04-26 01:52:32,237 [Listener at 127.0.0.1/46323] INFO  handler.ContextHandler (ContextHandler.java:doStart(915)) - Started o.e.j.s.ServletContextHandler@49fbfecf{logs,/logs,file:///home/runner/work/ozone/ozone/hadoop-ozone/integration-test/target/log,AVAILABLE}
2022-04-26 01:52:32,237 [Listener at 127.0.0.1/46323] INFO  handler.ContextHandler (ContextHandler.java:doStart(915)) - Started o.e.j.s.ServletContextHandler@4ac6ccfc{static,/static,file:///home/runner/work/ozone/ozone/hadoop-ozone/integration-test/target/test-classes/webapps/static,AVAILABLE}
2022-04-26 01:52:32,244 [Listener at 127.0.0.1/46323] INFO  handler.ContextHandler (ContextHandler.java:doStart(915)) - Started o.e.j.w.WebAppContext@77c8dd61{ozoneManager,/,file:///home/runner/work/ozone/ozone/hadoop-ozone/integration-test/target/test-classes/webapps/ozoneManager/,AVAILABLE}{file:/home/runner/work/ozone/ozone/hadoop-ozone/integration-test/target/test-classes/webapps/ozoneManager}
2022-04-26 01:52:32,253 [Listener at 127.0.0.1/46323] INFO  server.AbstractConnector (AbstractConnector.java:doStart(331)) - Started ServerConnector@5d657a3a{HTTP/1.1, (http/1.1)}{0.0.0.0:44525}
2022-04-26 01:52:32,254 [Listener at 127.0.0.1/46323] INFO  server.Server (Server.java:doStart(415)) - Started @64138ms
2022-04-26 01:52:32,254 [Listener at 127.0.0.1/46323] WARN  impl.MetricsSystemImpl (MetricsSystemImpl.java:register(279)) - Sink prometheus already exists!
2022-04-26 01:52:32,255 [Listener at 127.0.0.1/46323] INFO  http.BaseHttpServer (BaseHttpServer.java:updateConnectorAddress(329)) - HTTP server of ozoneManager listening at http://0.0.0.0:44525
2022-04-26 01:52:32,269 [IPC Server Responder] INFO  ipc.Server (Server.java:run(1507)) - IPC Server Responder: starting
2022-04-26 01:52:32,271 [IPC Server listener on 0] INFO  ipc.Server (Server.java:run(1344)) - IPC Server listener on 0: starting
2022-04-26 01:52:32,345 [Listener at 127.0.0.1/46323] INFO  om.TrashPolicyOzone (TrashPolicyOzone.java:<init>(178)) - Ozone Manager trash configuration: Deletion interval = 0 minutes, Emptier interval = 0 minutes.
2022-04-26 01:52:32,372 [org.apache.hadoop.util.JvmPauseMonitor$Monitor@59b306a4] INFO  util.JvmPauseMonitor (JvmPauseMonitor.java:run(188)) - Starting JVM pause monitor
2022-04-26 01:52:32,394 [Listener at 127.0.0.1/46323] INFO  impl.MetricsSystemImpl (MetricsSystemImpl.java:init(158)) - HddsDatanode metrics system started (again)
2022-04-26 01:52:32,417 [Listener at 127.0.0.1/46323] INFO  ozone.HddsDatanodeService (HddsDatanodeService.java:start(233)) - HddsDatanodeService host:fv-az50-870.grzltbmokehuzjyc5b133kdqgh.cx.internal.cloudapp.net ip:10.1.0.42
2022-04-26 01:52:32,462 [Listener at 127.0.0.1/46323] INFO  upgrade.AbstractLayoutVersionManager (AbstractLayoutVersionManager.java:init(79)) - Initializing Layout version manager with metadata layout = ERASURE_CODED_STORAGE_SUPPORT (version = 3), software layout = ERASURE_CODED_STORAGE_SUPPORT (version = 3)
2022-04-26 01:52:32,547 [Listener at 127.0.0.1/46323] INFO  reflections.Reflections (Reflections.java:scan(232)) - Reflections took 83 ms to scan 7 urls, producing 126 keys and 287 values 
2022-04-26 01:52:32,548 [Listener at 127.0.0.1/46323] INFO  statemachine.DatanodeStateMachine (DatanodeStateMachine.java:getEndPointTaskThreadPoolSize(224)) - Datanode State Machine Task Thread Pool size 2
2022-04-26 01:52:32,563 [Listener at 127.0.0.1/46323] INFO  volume.HddsVolume (HddsVolume.java:<init>(120)) - Creating HddsVolume: /home/runner/work/ozone/ozone/hadoop-ozone/integration-test/target/test-dir/MiniOzoneClusterImpl-1f178f74-bffb-4b20-8a8e-7aaf5f3ffa17/datanode-0/data-0/containers/hdds of storage type : DISK capacity : 9223372036854775807
2022-04-26 01:52:32,563 [Listener at 127.0.0.1/46323] INFO  volume.MutableVolumeSet (MutableVolumeSet.java:initializeVolumeSet(168)) - Added Volume : /home/runner/work/ozone/ozone/hadoop-ozone/integration-test/target/test-dir/MiniOzoneClusterImpl-1f178f74-bffb-4b20-8a8e-7aaf5f3ffa17/datanode-0/data-0/containers/hdds to VolumeSet
2022-04-26 01:52:32,564 [Listener at 127.0.0.1/46323] INFO  volume.ThrottledAsyncChecker (ThrottledAsyncChecker.java:schedule(141)) - Scheduling a check for /home/runner/work/ozone/ozone/hadoop-ozone/integration-test/target/test-dir/MiniOzoneClusterImpl-1f178f74-bffb-4b20-8a8e-7aaf5f3ffa17/datanode-0/data-0/containers/hdds
2022-04-26 01:52:32,573 [Listener at 127.0.0.1/46323] INFO  volume.StorageVolumeChecker (StorageVolumeChecker.java:checkAllVolumes(202)) - Scheduled health check for volume /home/runner/work/ozone/ozone/hadoop-ozone/integration-test/target/test-dir/MiniOzoneClusterImpl-1f178f74-bffb-4b20-8a8e-7aaf5f3ffa17/datanode-0/data-0/containers/hdds
2022-04-26 01:52:32,595 [Listener at 127.0.0.1/46323] INFO  volume.MutableVolumeSet (MutableVolumeSet.java:initializeVolumeSet(168)) - Added Volume : /home/runner/work/ozone/ozone/hadoop-ozone/integration-test/target/test-dir/MiniOzoneClusterImpl-1f178f74-bffb-4b20-8a8e-7aaf5f3ffa17/datanode-0/data/ratis to VolumeSet
2022-04-26 01:52:32,595 [Listener at 127.0.0.1/46323] INFO  volume.ThrottledAsyncChecker (ThrottledAsyncChecker.java:schedule(141)) - Scheduling a check for /home/runner/work/ozone/ozone/hadoop-ozone/integration-test/target/test-dir/MiniOzoneClusterImpl-1f178f74-bffb-4b20-8a8e-7aaf5f3ffa17/datanode-0/data/ratis
2022-04-26 01:52:32,596 [Listener at 127.0.0.1/46323] INFO  volume.StorageVolumeChecker (StorageVolumeChecker.java:checkAllVolumes(202)) - Scheduled health check for volume /home/runner/work/ozone/ozone/hadoop-ozone/integration-test/target/test-dir/MiniOzoneClusterImpl-1f178f74-bffb-4b20-8a8e-7aaf5f3ffa17/datanode-0/data/ratis
2022-04-26 01:52:32,637 [Thread-528] INFO  ozoneimpl.ContainerReader (ContainerReader.java:readVolume(172)) - Finish verifying containers on volume /home/runner/work/ozone/ozone/hadoop-ozone/integration-test/target/test-dir/MiniOzoneClusterImpl-1f178f74-bffb-4b20-8a8e-7aaf5f3ffa17/datanode-0/data-0/containers/hdds
2022-04-26 01:52:32,637 [Listener at 127.0.0.1/46323] INFO  ozoneimpl.OzoneContainer (OzoneContainer.java:buildContainerSet(257)) - Build ContainerSet costs 0s
2022-04-26 01:52:32,642 [Listener at 127.0.0.1/46323] INFO  server.RaftServer (ConfUtils.java:logGet(44)) - raft.rpc.type = GRPC (default)
2022-04-26 01:52:32,642 [Listener at 127.0.0.1/46323] INFO  grpc.GrpcFactory (GrpcFactory.java:checkPooledByteBufAllocatorUseCacheForAllThreads(48)) - PERFORMANCE WARNING: useCacheForAllThreads is true that may cause Netty to create a lot garbage objects and, as a result, trigger GC.
	It is recommended to disable useCacheForAllThreads by setting -Dorg.apache.ratis.thirdparty.io.netty.allocator.useCacheForAllThreads=false in command line.
2022-04-26 01:52:32,642 [Listener at 127.0.0.1/46323] INFO  grpc.GrpcConfigKeys (ConfUtils.java:logGet(44)) - raft.grpc.admin.port = 0 (custom)
2022-04-26 01:52:32,642 [Listener at 127.0.0.1/46323] INFO  grpc.GrpcConfigKeys (ConfUtils.java:logGet(44)) - raft.grpc.client.port = 0 (custom)
2022-04-26 01:52:32,642 [Listener at 127.0.0.1/46323] INFO  grpc.GrpcConfigKeys (ConfUtils.java:logGet(44)) - raft.grpc.server.port = 0 (default)
2022-04-26 01:52:32,642 [Listener at 127.0.0.1/46323] INFO  server.GrpcService (ConfUtils.java:logGet(44)) - raft.grpc.message.size.max = 32MB (=33554432) (custom)
2022-04-26 01:52:32,643 [Listener at 127.0.0.1/46323] INFO  server.RaftServerConfigKeys (ConfUtils.java:logGet(44)) - raft.server.log.appender.buffer.byte-limit = 33554432 (custom)
2022-04-26 01:52:32,643 [Listener at 127.0.0.1/46323] INFO  server.GrpcService (ConfUtils.java:logGet(44)) - raft.grpc.flow.control.window = 5MB (=5242880) (custom)
2022-04-26 01:52:32,643 [Listener at 127.0.0.1/46323] INFO  server.RaftServerConfigKeys (ConfUtils.java:logGet(44)) - raft.server.rpc.request.timeout = 60s (custom)
2022-04-26 01:52:32,644 [Listener at 127.0.0.1/46323] INFO  impl.DataStreamServerImpl (ConfUtils.java:logGet(44)) - raft.datastream.type = DISABLED (default)
2022-04-26 01:52:32,644 [Listener at 127.0.0.1/46323] INFO  server.RaftServerConfigKeys (ConfUtils.java:logGet(44)) - raft.server.rpc.slowness.timeout = 300s (custom)
2022-04-26 01:52:32,644 [Listener at 127.0.0.1/46323] INFO  server.RaftServerConfigKeys (ConfUtils.java:logGet(44)) - raft.server.leaderelection.leader.step-down.wait-time = 10s (default)
2022-04-26 01:52:32,644 [Listener at 127.0.0.1/46323] INFO  server.RaftServerConfigKeys (ConfUtils.java:logGet(44)) - raft.server.storage.dir = [/home/runner/work/ozone/ozone/hadoop-ozone/integration-test/target/test-dir/MiniOzoneClusterImpl-1f178f74-bffb-4b20-8a8e-7aaf5f3ffa17/datanode-0/data/ratis] (custom)
2022-04-26 01:52:32,645 [Listener at 127.0.0.1/46323] INFO  server.XceiverServerGrpc (XceiverServerGrpc.java:<init>(132)) - GrpcServer channel type EpollServerSocketChannel
2022-04-26 01:52:32,654 [Listener at 127.0.0.1/46323] INFO  http.BaseHttpServer (BaseHttpServer.java:newHttpServer2BuilderForOzone(209)) - Starting Web-server for hddsDatanode at: http://0.0.0.0:0
2022-04-26 01:52:32,654 [Listener at 127.0.0.1/46323] INFO  http.BaseHttpServer (BaseHttpServer.java:<init>(107)) - Hadoop Security Enabled: false Ozone Security Enabled: false Ozone HTTP Security Enabled: false 
2022-04-26 01:52:32,655 [Listener at 127.0.0.1/46323] INFO  server.AuthenticationFilter (AuthenticationFilter.java:constructSecretProvider(240)) - Unable to initialize FileSignerSecretProvider, falling back to use random secrets.
2022-04-26 01:52:32,665 [Listener at 127.0.0.1/46323] WARN  http.HttpRequestLog (HttpRequestLog.java:getRequestLog(103)) - Jetty request log can only be enabled using Log4j
2022-04-26 01:52:32,666 [Listener at 127.0.0.1/46323] INFO  http.HttpServer2 (HttpServer2.java:addGlobalFilter(1030)) - Added global filter 'safety' (class=org.apache.hadoop.hdds.server.http.HttpServer2$QuotingInputFilter)
2022-04-26 01:52:32,667 [Listener at 127.0.0.1/46323] INFO  http.HttpServer2 (HttpServer2.java:addFilter(1006)) - Added filter static_user_filter (class=org.apache.hadoop.http.lib.StaticUserWebFilter$StaticUserFilter) to context hddsDatanode
2022-04-26 01:52:32,667 [Listener at 127.0.0.1/46323] INFO  http.HttpServer2 (HttpServer2.java:addFilter(1014)) - Added filter static_user_filter (class=org.apache.hadoop.http.lib.StaticUserWebFilter$StaticUserFilter) to context static
2022-04-26 01:52:32,667 [Listener at 127.0.0.1/46323] INFO  http.HttpServer2 (HttpServer2.java:addFilter(1014)) - Added filter static_user_filter (class=org.apache.hadoop.http.lib.StaticUserWebFilter$StaticUserFilter) to context logs
2022-04-26 01:52:32,667 [Listener at 127.0.0.1/46323] INFO  http.HttpServer2 (HttpServer2.java:bindListener(1249)) - Jetty bound to port 42213
2022-04-26 01:52:32,667 [Listener at 127.0.0.1/46323] INFO  server.Server (Server.java:doStart(375)) - jetty-9.4.43.v20210629; built: 2021-06-30T11:07:22.254Z; git: 526006ecfa3af7f1a27ef3a288e2bef7ea9dd7e8; jvm 1.8.0_322-b06
2022-04-26 01:52:32,733 [Listener at 127.0.0.1/46323] INFO  server.session (DefaultSessionIdManager.java:doStart(334)) - DefaultSessionIdManager workerName=node0
2022-04-26 01:52:32,733 [Listener at 127.0.0.1/46323] INFO  server.session (DefaultSessionIdManager.java:doStart(339)) - No SessionScavenger set, using defaults
2022-04-26 01:52:32,734 [Listener at 127.0.0.1/46323] INFO  server.session (HouseKeeper.java:startScavenging(132)) - node0 Scavenging every 600000ms
2022-04-26 01:52:32,745 [Listener at 127.0.0.1/46323] INFO  handler.ContextHandler (ContextHandler.java:doStart(915)) - Started o.e.j.s.ServletContextHandler@304c70b1{logs,/logs,file:///home/runner/work/ozone/ozone/hadoop-ozone/integration-test/target/log,AVAILABLE}
2022-04-26 01:52:32,746 [Listener at 127.0.0.1/46323] INFO  handler.ContextHandler (ContextHandler.java:doStart(915)) - Started o.e.j.s.ServletContextHandler@3e632c01{static,/static,jar:file:/home/runner/.m2/repository/org/apache/ozone/hdds-container-service/1.3.0-SNAPSHOT/hdds-container-service-1.3.0-SNAPSHOT.jar!/webapps/static,AVAILABLE}
2022-04-26 01:52:32,849 [Listener at 127.0.0.1/46323] INFO  handler.ContextHandler (ContextHandler.java:doStart(915)) - Started o.e.j.w.WebAppContext@30393db8{hddsDatanode,/,file:///tmp/jetty-0_0_0_0-42213-hdds-container-service-1_3_0-SNAPSHOT_jar-_-any-3264548292524747278/webapp/,AVAILABLE}{jar:file:/home/runner/.m2/repository/org/apache/ozone/hdds-container-service/1.3.0-SNAPSHOT/hdds-container-service-1.3.0-SNAPSHOT.jar!/webapps/hddsDatanode}
2022-04-26 01:52:32,854 [Listener at 127.0.0.1/46323] INFO  server.AbstractConnector (AbstractConnector.java:doStart(331)) - Started ServerConnector@5e646bfb{HTTP/1.1, (http/1.1)}{0.0.0.0:42213}
2022-04-26 01:52:32,854 [Listener at 127.0.0.1/46323] INFO  server.Server (Server.java:doStart(415)) - Started @64738ms
2022-04-26 01:52:32,854 [Listener at 127.0.0.1/46323] WARN  impl.MetricsSystemImpl (MetricsSystemImpl.java:register(279)) - Sink prometheus already exists!
2022-04-26 01:52:32,855 [Listener at 127.0.0.1/46323] INFO  http.BaseHttpServer (BaseHttpServer.java:updateConnectorAddress(329)) - HTTP server of hddsDatanode listening at http://0.0.0.0:42213
2022-04-26 01:52:32,855 [Listener at 127.0.0.1/46323] INFO  impl.MetricsSystemImpl (MetricsSystemImpl.java:init(158)) - HddsDatanode metrics system started (again)
2022-04-26 01:52:32,869 [Datanode State Machine Daemon Thread] INFO  statemachine.DatanodeStateMachine (DatanodeStateMachine.java:lambda$startDaemon$0(472)) - Ozone container server started.
2022-04-26 01:52:32,902 [org.apache.hadoop.util.JvmPauseMonitor$Monitor@20f918f4] INFO  util.JvmPauseMonitor (JvmPauseMonitor.java:run(188)) - Starting JVM pause monitor
2022-04-26 01:52:32,919 [Listener at 127.0.0.1/46323] INFO  ozone.HddsDatanodeService (HddsDatanodeService.java:start(233)) - HddsDatanodeService host:fv-az50-870.grzltbmokehuzjyc5b133kdqgh.cx.internal.cloudapp.net ip:10.1.0.42
2022-04-26 01:52:32,937 [Datanode State Machine Task Thread - 0] INFO  datanode.InitDatanodeState (InitDatanodeState.java:persistContainerDatanodeDetails(138)) - DatanodeDetails is persisted to /home/runner/work/ozone/ozone/hadoop-ozone/integration-test/target/test-dir/MiniOzoneClusterImpl-1f178f74-bffb-4b20-8a8e-7aaf5f3ffa17/datanode-0/meta/datanode.id
2022-04-26 01:52:32,965 [Listener at 127.0.0.1/46323] INFO  upgrade.AbstractLayoutVersionManager (AbstractLayoutVersionManager.java:init(79)) - Initializing Layout version manager with metadata layout = ERASURE_CODED_STORAGE_SUPPORT (version = 3), software layout = ERASURE_CODED_STORAGE_SUPPORT (version = 3)
2022-04-26 01:52:33,065 [Listener at 127.0.0.1/46323] INFO  reflections.Reflections (Reflections.java:scan(232)) - Reflections took 99 ms to scan 7 urls, producing 126 keys and 287 values 
2022-04-26 01:52:33,068 [Listener at 127.0.0.1/46323] INFO  statemachine.DatanodeStateMachine (DatanodeStateMachine.java:getEndPointTaskThreadPoolSize(224)) - Datanode State Machine Task Thread Pool size 2
2022-04-26 01:52:33,083 [Listener at 127.0.0.1/46323] INFO  volume.HddsVolume (HddsVolume.java:<init>(120)) - Creating HddsVolume: /home/runner/work/ozone/ozone/hadoop-ozone/integration-test/target/test-dir/MiniOzoneClusterImpl-1f178f74-bffb-4b20-8a8e-7aaf5f3ffa17/datanode-1/data-0/containers/hdds of storage type : DISK capacity : 9223372036854775807
2022-04-26 01:52:33,084 [Listener at 127.0.0.1/46323] INFO  volume.MutableVolumeSet (MutableVolumeSet.java:initializeVolumeSet(168)) - Added Volume : /home/runner/work/ozone/ozone/hadoop-ozone/integration-test/target/test-dir/MiniOzoneClusterImpl-1f178f74-bffb-4b20-8a8e-7aaf5f3ffa17/datanode-1/data-0/containers/hdds to VolumeSet
2022-04-26 01:52:33,084 [Listener at 127.0.0.1/46323] INFO  volume.ThrottledAsyncChecker (ThrottledAsyncChecker.java:schedule(141)) - Scheduling a check for /home/runner/work/ozone/ozone/hadoop-ozone/integration-test/target/test-dir/MiniOzoneClusterImpl-1f178f74-bffb-4b20-8a8e-7aaf5f3ffa17/datanode-1/data-0/containers/hdds
2022-04-26 01:52:33,097 [Listener at 127.0.0.1/46323] INFO  volume.StorageVolumeChecker (StorageVolumeChecker.java:checkAllVolumes(202)) - Scheduled health check for volume /home/runner/work/ozone/ozone/hadoop-ozone/integration-test/target/test-dir/MiniOzoneClusterImpl-1f178f74-bffb-4b20-8a8e-7aaf5f3ffa17/datanode-1/data-0/containers/hdds
2022-04-26 01:52:33,168 [Listener at 127.0.0.1/46323] INFO  volume.MutableVolumeSet (MutableVolumeSet.java:initializeVolumeSet(168)) - Added Volume : /home/runner/work/ozone/ozone/hadoop-ozone/integration-test/target/test-dir/MiniOzoneClusterImpl-1f178f74-bffb-4b20-8a8e-7aaf5f3ffa17/datanode-1/data/ratis to VolumeSet
2022-04-26 01:52:33,169 [Listener at 127.0.0.1/46323] INFO  volume.ThrottledAsyncChecker (ThrottledAsyncChecker.java:schedule(141)) - Scheduling a check for /home/runner/work/ozone/ozone/hadoop-ozone/integration-test/target/test-dir/MiniOzoneClusterImpl-1f178f74-bffb-4b20-8a8e-7aaf5f3ffa17/datanode-1/data/ratis
2022-04-26 01:52:33,189 [Listener at 127.0.0.1/46323] INFO  volume.StorageVolumeChecker (StorageVolumeChecker.java:checkAllVolumes(202)) - Scheduled health check for volume /home/runner/work/ozone/ozone/hadoop-ozone/integration-test/target/test-dir/MiniOzoneClusterImpl-1f178f74-bffb-4b20-8a8e-7aaf5f3ffa17/datanode-1/data/ratis
2022-04-26 01:52:33,249 [Thread-540] INFO  ozoneimpl.ContainerReader (ContainerReader.java:readVolume(172)) - Finish verifying containers on volume /home/runner/work/ozone/ozone/hadoop-ozone/integration-test/target/test-dir/MiniOzoneClusterImpl-1f178f74-bffb-4b20-8a8e-7aaf5f3ffa17/datanode-1/data-0/containers/hdds
2022-04-26 01:52:33,249 [Listener at 127.0.0.1/46323] INFO  ozoneimpl.OzoneContainer (OzoneContainer.java:buildContainerSet(257)) - Build ContainerSet costs 0s
2022-04-26 01:52:33,254 [Listener at 127.0.0.1/46323] INFO  server.RaftServer (ConfUtils.java:logGet(44)) - raft.rpc.type = GRPC (default)
2022-04-26 01:52:33,254 [Listener at 127.0.0.1/46323] INFO  grpc.GrpcFactory (GrpcFactory.java:checkPooledByteBufAllocatorUseCacheForAllThreads(48)) - PERFORMANCE WARNING: useCacheForAllThreads is true that may cause Netty to create a lot garbage objects and, as a result, trigger GC.
	It is recommended to disable useCacheForAllThreads by setting -Dorg.apache.ratis.thirdparty.io.netty.allocator.useCacheForAllThreads=false in command line.
2022-04-26 01:52:33,254 [Listener at 127.0.0.1/46323] INFO  grpc.GrpcConfigKeys (ConfUtils.java:logGet(44)) - raft.grpc.admin.port = 0 (custom)
2022-04-26 01:52:33,255 [Listener at 127.0.0.1/46323] INFO  grpc.GrpcConfigKeys (ConfUtils.java:logGet(44)) - raft.grpc.client.port = 0 (custom)
2022-04-26 01:52:33,255 [Listener at 127.0.0.1/46323] INFO  grpc.GrpcConfigKeys (ConfUtils.java:logGet(44)) - raft.grpc.server.port = 0 (default)
2022-04-26 01:52:33,255 [Listener at 127.0.0.1/46323] INFO  server.GrpcService (ConfUtils.java:logGet(44)) - raft.grpc.message.size.max = 32MB (=33554432) (custom)
2022-04-26 01:52:33,255 [Listener at 127.0.0.1/46323] INFO  server.RaftServerConfigKeys (ConfUtils.java:logGet(44)) - raft.server.log.appender.buffer.byte-limit = 33554432 (custom)
2022-04-26 01:52:33,255 [Listener at 127.0.0.1/46323] INFO  server.GrpcService (ConfUtils.java:logGet(44)) - raft.grpc.flow.control.window = 5MB (=5242880) (custom)
2022-04-26 01:52:33,255 [Listener at 127.0.0.1/46323] INFO  server.RaftServerConfigKeys (ConfUtils.java:logGet(44)) - raft.server.rpc.request.timeout = 60s (custom)
2022-04-26 01:52:33,256 [Listener at 127.0.0.1/46323] INFO  impl.DataStreamServerImpl (ConfUtils.java:logGet(44)) - raft.datastream.type = DISABLED (default)
2022-04-26 01:52:33,256 [Listener at 127.0.0.1/46323] INFO  server.RaftServerConfigKeys (ConfUtils.java:logGet(44)) - raft.server.rpc.slowness.timeout = 300s (custom)
2022-04-26 01:52:33,256 [Listener at 127.0.0.1/46323] INFO  server.RaftServerConfigKeys (ConfUtils.java:logGet(44)) - raft.server.leaderelection.leader.step-down.wait-time = 10s (default)
2022-04-26 01:52:33,256 [Listener at 127.0.0.1/46323] INFO  server.RaftServerConfigKeys (ConfUtils.java:logGet(44)) - raft.server.storage.dir = [/home/runner/work/ozone/ozone/hadoop-ozone/integration-test/target/test-dir/MiniOzoneClusterImpl-1f178f74-bffb-4b20-8a8e-7aaf5f3ffa17/datanode-1/data/ratis] (custom)
2022-04-26 01:52:33,274 [Listener at 127.0.0.1/46323] INFO  server.XceiverServerGrpc (XceiverServerGrpc.java:<init>(132)) - GrpcServer channel type EpollServerSocketChannel
2022-04-26 01:52:33,282 [Listener at 127.0.0.1/46323] INFO  http.BaseHttpServer (BaseHttpServer.java:newHttpServer2BuilderForOzone(209)) - Starting Web-server for hddsDatanode at: http://0.0.0.0:0
2022-04-26 01:52:33,282 [Listener at 127.0.0.1/46323] INFO  http.BaseHttpServer (BaseHttpServer.java:<init>(107)) - Hadoop Security Enabled: false Ozone Security Enabled: false Ozone HTTP Security Enabled: false 
2022-04-26 01:52:33,283 [Listener at 127.0.0.1/46323] INFO  server.AuthenticationFilter (AuthenticationFilter.java:constructSecretProvider(240)) - Unable to initialize FileSignerSecretProvider, falling back to use random secrets.
2022-04-26 01:52:33,309 [Listener at 127.0.0.1/46323] WARN  http.HttpRequestLog (HttpRequestLog.java:getRequestLog(103)) - Jetty request log can only be enabled using Log4j
2022-04-26 01:52:33,310 [Listener at 127.0.0.1/46323] INFO  http.HttpServer2 (HttpServer2.java:addGlobalFilter(1030)) - Added global filter 'safety' (class=org.apache.hadoop.hdds.server.http.HttpServer2$QuotingInputFilter)
2022-04-26 01:52:33,310 [Listener at 127.0.0.1/46323] INFO  http.HttpServer2 (HttpServer2.java:addFilter(1006)) - Added filter static_user_filter (class=org.apache.hadoop.http.lib.StaticUserWebFilter$StaticUserFilter) to context hddsDatanode
2022-04-26 01:52:33,310 [Listener at 127.0.0.1/46323] INFO  http.HttpServer2 (HttpServer2.java:addFilter(1014)) - Added filter static_user_filter (class=org.apache.hadoop.http.lib.StaticUserWebFilter$StaticUserFilter) to context logs
2022-04-26 01:52:33,311 [Listener at 127.0.0.1/46323] INFO  http.HttpServer2 (HttpServer2.java:addFilter(1014)) - Added filter static_user_filter (class=org.apache.hadoop.http.lib.StaticUserWebFilter$StaticUserFilter) to context static
2022-04-26 01:52:33,311 [Listener at 127.0.0.1/46323] INFO  http.HttpServer2 (HttpServer2.java:bindListener(1249)) - Jetty bound to port 42689
2022-04-26 01:52:33,311 [Listener at 127.0.0.1/46323] INFO  server.Server (Server.java:doStart(375)) - jetty-9.4.43.v20210629; built: 2021-06-30T11:07:22.254Z; git: 526006ecfa3af7f1a27ef3a288e2bef7ea9dd7e8; jvm 1.8.0_322-b06
2022-04-26 01:52:33,338 [Listener at 127.0.0.1/46323] INFO  server.session (DefaultSessionIdManager.java:doStart(334)) - DefaultSessionIdManager workerName=node0
2022-04-26 01:52:33,338 [Listener at 127.0.0.1/46323] INFO  server.session (DefaultSessionIdManager.java:doStart(339)) - No SessionScavenger set, using defaults
2022-04-26 01:52:33,340 [Listener at 127.0.0.1/46323] INFO  server.session (HouseKeeper.java:startScavenging(132)) - node0 Scavenging every 660000ms
2022-04-26 01:52:33,341 [Listener at 127.0.0.1/46323] INFO  handler.ContextHandler (ContextHandler.java:doStart(915)) - Started o.e.j.s.ServletContextHandler@4d142140{logs,/logs,file:///home/runner/work/ozone/ozone/hadoop-ozone/integration-test/target/log,AVAILABLE}
2022-04-26 01:52:33,349 [Listener at 127.0.0.1/46323] INFO  handler.ContextHandler (ContextHandler.java:doStart(915)) - Started o.e.j.s.ServletContextHandler@27bb53a1{static,/static,jar:file:/home/runner/.m2/repository/org/apache/ozone/hdds-container-service/1.3.0-SNAPSHOT/hdds-container-service-1.3.0-SNAPSHOT.jar!/webapps/static,AVAILABLE}
2022-04-26 01:52:33,479 [Listener at 127.0.0.1/46323] INFO  handler.ContextHandler (ContextHandler.java:doStart(915)) - Started o.e.j.w.WebAppContext@39743121{hddsDatanode,/,file:///tmp/jetty-0_0_0_0-42689-hdds-container-service-1_3_0-SNAPSHOT_jar-_-any-3175985200888763557/webapp/,AVAILABLE}{jar:file:/home/runner/.m2/repository/org/apache/ozone/hdds-container-service/1.3.0-SNAPSHOT/hdds-container-service-1.3.0-SNAPSHOT.jar!/webapps/hddsDatanode}
2022-04-26 01:52:33,486 [Listener at 127.0.0.1/46323] INFO  server.AbstractConnector (AbstractConnector.java:doStart(331)) - Started ServerConnector@684682e4{HTTP/1.1, (http/1.1)}{0.0.0.0:42689}
2022-04-26 01:52:33,486 [Listener at 127.0.0.1/46323] INFO  server.Server (Server.java:doStart(415)) - Started @65370ms
2022-04-26 01:52:33,486 [Listener at 127.0.0.1/46323] WARN  impl.MetricsSystemImpl (MetricsSystemImpl.java:register(279)) - Sink prometheus already exists!
2022-04-26 01:52:33,505 [Listener at 127.0.0.1/46323] INFO  http.BaseHttpServer (BaseHttpServer.java:updateConnectorAddress(329)) - HTTP server of hddsDatanode listening at http://0.0.0.0:42689
2022-04-26 01:52:33,508 [Listener at 127.0.0.1/46323] INFO  impl.MetricsSystemImpl (MetricsSystemImpl.java:init(158)) - HddsDatanode metrics system started (again)
2022-04-26 01:52:33,509 [Datanode State Machine Daemon Thread] INFO  statemachine.DatanodeStateMachine (DatanodeStateMachine.java:lambda$startDaemon$0(472)) - Ozone container server started.
2022-04-26 01:52:33,621 [org.apache.hadoop.util.JvmPauseMonitor$Monitor@ffcf657] INFO  util.JvmPauseMonitor (JvmPauseMonitor.java:run(188)) - Starting JVM pause monitor
2022-04-26 01:52:33,638 [Datanode State Machine Task Thread - 0] INFO  datanode.InitDatanodeState (InitDatanodeState.java:persistContainerDatanodeDetails(138)) - DatanodeDetails is persisted to /home/runner/work/ozone/ozone/hadoop-ozone/integration-test/target/test-dir/MiniOzoneClusterImpl-1f178f74-bffb-4b20-8a8e-7aaf5f3ffa17/datanode-1/meta/datanode.id
2022-04-26 01:52:33,647 [Listener at 127.0.0.1/46323] INFO  ozone.HddsDatanodeService (HddsDatanodeService.java:start(233)) - HddsDatanodeService host:fv-az50-870.grzltbmokehuzjyc5b133kdqgh.cx.internal.cloudapp.net ip:10.1.0.42
2022-04-26 01:52:33,694 [Listener at 127.0.0.1/46323] INFO  upgrade.AbstractLayoutVersionManager (AbstractLayoutVersionManager.java:init(79)) - Initializing Layout version manager with metadata layout = ERASURE_CODED_STORAGE_SUPPORT (version = 3), software layout = ERASURE_CODED_STORAGE_SUPPORT (version = 3)
2022-04-26 01:52:33,789 [Listener at 127.0.0.1/46323] INFO  reflections.Reflections (Reflections.java:scan(232)) - Reflections took 94 ms to scan 7 urls, producing 126 keys and 287 values 
2022-04-26 01:52:33,797 [Listener at 127.0.0.1/46323] INFO  statemachine.DatanodeStateMachine (DatanodeStateMachine.java:getEndPointTaskThreadPoolSize(224)) - Datanode State Machine Task Thread Pool size 2
2022-04-26 01:52:33,802 [Listener at 127.0.0.1/46323] INFO  volume.HddsVolume (HddsVolume.java:<init>(120)) - Creating HddsVolume: /home/runner/work/ozone/ozone/hadoop-ozone/integration-test/target/test-dir/MiniOzoneClusterImpl-1f178f74-bffb-4b20-8a8e-7aaf5f3ffa17/datanode-2/data-0/containers/hdds of storage type : DISK capacity : 9223372036854775807
2022-04-26 01:52:33,802 [Listener at 127.0.0.1/46323] INFO  volume.MutableVolumeSet (MutableVolumeSet.java:initializeVolumeSet(168)) - Added Volume : /home/runner/work/ozone/ozone/hadoop-ozone/integration-test/target/test-dir/MiniOzoneClusterImpl-1f178f74-bffb-4b20-8a8e-7aaf5f3ffa17/datanode-2/data-0/containers/hdds to VolumeSet
2022-04-26 01:52:33,802 [Listener at 127.0.0.1/46323] INFO  volume.ThrottledAsyncChecker (ThrottledAsyncChecker.java:schedule(141)) - Scheduling a check for /home/runner/work/ozone/ozone/hadoop-ozone/integration-test/target/test-dir/MiniOzoneClusterImpl-1f178f74-bffb-4b20-8a8e-7aaf5f3ffa17/datanode-2/data-0/containers/hdds
2022-04-26 01:52:33,817 [Listener at 127.0.0.1/46323] INFO  volume.StorageVolumeChecker (StorageVolumeChecker.java:checkAllVolumes(202)) - Scheduled health check for volume /home/runner/work/ozone/ozone/hadoop-ozone/integration-test/target/test-dir/MiniOzoneClusterImpl-1f178f74-bffb-4b20-8a8e-7aaf5f3ffa17/datanode-2/data-0/containers/hdds
2022-04-26 01:52:33,832 [Listener at 127.0.0.1/46323] INFO  volume.MutableVolumeSet (MutableVolumeSet.java:initializeVolumeSet(168)) - Added Volume : /home/runner/work/ozone/ozone/hadoop-ozone/integration-test/target/test-dir/MiniOzoneClusterImpl-1f178f74-bffb-4b20-8a8e-7aaf5f3ffa17/datanode-2/data/ratis to VolumeSet
2022-04-26 01:52:33,832 [Listener at 127.0.0.1/46323] INFO  volume.ThrottledAsyncChecker (ThrottledAsyncChecker.java:schedule(141)) - Scheduling a check for /home/runner/work/ozone/ozone/hadoop-ozone/integration-test/target/test-dir/MiniOzoneClusterImpl-1f178f74-bffb-4b20-8a8e-7aaf5f3ffa17/datanode-2/data/ratis
2022-04-26 01:52:33,832 [Listener at 127.0.0.1/46323] INFO  volume.StorageVolumeChecker (StorageVolumeChecker.java:checkAllVolumes(202)) - Scheduled health check for volume /home/runner/work/ozone/ozone/hadoop-ozone/integration-test/target/test-dir/MiniOzoneClusterImpl-1f178f74-bffb-4b20-8a8e-7aaf5f3ffa17/datanode-2/data/ratis
2022-04-26 01:52:33,856 [Thread-552] INFO  ozoneimpl.ContainerReader (ContainerReader.java:readVolume(172)) - Finish verifying containers on volume /home/runner/work/ozone/ozone/hadoop-ozone/integration-test/target/test-dir/MiniOzoneClusterImpl-1f178f74-bffb-4b20-8a8e-7aaf5f3ffa17/datanode-2/data-0/containers/hdds
2022-04-26 01:52:33,856 [Listener at 127.0.0.1/46323] INFO  ozoneimpl.OzoneContainer (OzoneContainer.java:buildContainerSet(257)) - Build ContainerSet costs 0s
2022-04-26 01:52:33,858 [Listener at 127.0.0.1/46323] INFO  server.RaftServer (ConfUtils.java:logGet(44)) - raft.rpc.type = GRPC (default)
2022-04-26 01:52:33,858 [Listener at 127.0.0.1/46323] INFO  grpc.GrpcFactory (GrpcFactory.java:checkPooledByteBufAllocatorUseCacheForAllThreads(48)) - PERFORMANCE WARNING: useCacheForAllThreads is true that may cause Netty to create a lot garbage objects and, as a result, trigger GC.
	It is recommended to disable useCacheForAllThreads by setting -Dorg.apache.ratis.thirdparty.io.netty.allocator.useCacheForAllThreads=false in command line.
2022-04-26 01:52:33,861 [Listener at 127.0.0.1/46323] INFO  grpc.GrpcConfigKeys (ConfUtils.java:logGet(44)) - raft.grpc.admin.port = 0 (custom)
2022-04-26 01:52:33,861 [Listener at 127.0.0.1/46323] INFO  grpc.GrpcConfigKeys (ConfUtils.java:logGet(44)) - raft.grpc.client.port = 0 (custom)
2022-04-26 01:52:33,861 [Listener at 127.0.0.1/46323] INFO  grpc.GrpcConfigKeys (ConfUtils.java:logGet(44)) - raft.grpc.server.port = 0 (default)
2022-04-26 01:52:33,862 [Listener at 127.0.0.1/46323] INFO  server.GrpcService (ConfUtils.java:logGet(44)) - raft.grpc.message.size.max = 32MB (=33554432) (custom)
2022-04-26 01:52:33,862 [Listener at 127.0.0.1/46323] INFO  server.RaftServerConfigKeys (ConfUtils.java:logGet(44)) - raft.server.log.appender.buffer.byte-limit = 33554432 (custom)
2022-04-26 01:52:33,862 [Listener at 127.0.0.1/46323] INFO  server.GrpcService (ConfUtils.java:logGet(44)) - raft.grpc.flow.control.window = 5MB (=5242880) (custom)
2022-04-26 01:52:33,862 [Listener at 127.0.0.1/46323] INFO  server.RaftServerConfigKeys (ConfUtils.java:logGet(44)) - raft.server.rpc.request.timeout = 60s (custom)
2022-04-26 01:52:33,863 [Listener at 127.0.0.1/46323] INFO  impl.DataStreamServerImpl (ConfUtils.java:logGet(44)) - raft.datastream.type = DISABLED (default)
2022-04-26 01:52:33,863 [Listener at 127.0.0.1/46323] INFO  server.RaftServerConfigKeys (ConfUtils.java:logGet(44)) - raft.server.rpc.slowness.timeout = 300s (custom)
2022-04-26 01:52:33,863 [Listener at 127.0.0.1/46323] INFO  server.RaftServerConfigKeys (ConfUtils.java:logGet(44)) - raft.server.leaderelection.leader.step-down.wait-time = 10s (default)
2022-04-26 01:52:33,863 [Listener at 127.0.0.1/46323] INFO  server.RaftServerConfigKeys (ConfUtils.java:logGet(44)) - raft.server.storage.dir = [/home/runner/work/ozone/ozone/hadoop-ozone/integration-test/target/test-dir/MiniOzoneClusterImpl-1f178f74-bffb-4b20-8a8e-7aaf5f3ffa17/datanode-2/data/ratis] (custom)
2022-04-26 01:52:33,864 [Listener at 127.0.0.1/46323] INFO  server.XceiverServerGrpc (XceiverServerGrpc.java:<init>(132)) - GrpcServer channel type EpollServerSocketChannel
2022-04-26 01:52:33,877 [Listener at 127.0.0.1/46323] INFO  http.BaseHttpServer (BaseHttpServer.java:newHttpServer2BuilderForOzone(209)) - Starting Web-server for hddsDatanode at: http://0.0.0.0:0
2022-04-26 01:52:33,877 [Listener at 127.0.0.1/46323] INFO  http.BaseHttpServer (BaseHttpServer.java:<init>(107)) - Hadoop Security Enabled: false Ozone Security Enabled: false Ozone HTTP Security Enabled: false 
2022-04-26 01:52:33,878 [Listener at 127.0.0.1/46323] INFO  server.AuthenticationFilter (AuthenticationFilter.java:constructSecretProvider(240)) - Unable to initialize FileSignerSecretProvider, falling back to use random secrets.
2022-04-26 01:52:33,885 [Listener at 127.0.0.1/46323] WARN  http.HttpRequestLog (HttpRequestLog.java:getRequestLog(103)) - Jetty request log can only be enabled using Log4j
2022-04-26 01:52:33,886 [Listener at 127.0.0.1/46323] INFO  http.HttpServer2 (HttpServer2.java:addGlobalFilter(1030)) - Added global filter 'safety' (class=org.apache.hadoop.hdds.server.http.HttpServer2$QuotingInputFilter)
2022-04-26 01:52:33,886 [Listener at 127.0.0.1/46323] INFO  http.HttpServer2 (HttpServer2.java:addFilter(1006)) - Added filter static_user_filter (class=org.apache.hadoop.http.lib.StaticUserWebFilter$StaticUserFilter) to context hddsDatanode
2022-04-26 01:52:33,886 [Listener at 127.0.0.1/46323] INFO  http.HttpServer2 (HttpServer2.java:addFilter(1014)) - Added filter static_user_filter (class=org.apache.hadoop.http.lib.StaticUserWebFilter$StaticUserFilter) to context logs
2022-04-26 01:52:33,886 [Listener at 127.0.0.1/46323] INFO  http.HttpServer2 (HttpServer2.java:addFilter(1014)) - Added filter static_user_filter (class=org.apache.hadoop.http.lib.StaticUserWebFilter$StaticUserFilter) to context static
2022-04-26 01:52:33,887 [Listener at 127.0.0.1/46323] INFO  http.HttpServer2 (HttpServer2.java:bindListener(1249)) - Jetty bound to port 39927
2022-04-26 01:52:33,887 [Listener at 127.0.0.1/46323] INFO  server.Server (Server.java:doStart(375)) - jetty-9.4.43.v20210629; built: 2021-06-30T11:07:22.254Z; git: 526006ecfa3af7f1a27ef3a288e2bef7ea9dd7e8; jvm 1.8.0_322-b06
2022-04-26 01:52:33,912 [Listener at 127.0.0.1/46323] INFO  server.session (DefaultSessionIdManager.java:doStart(334)) - DefaultSessionIdManager workerName=node0
2022-04-26 01:52:33,912 [Listener at 127.0.0.1/46323] INFO  server.session (DefaultSessionIdManager.java:doStart(339)) - No SessionScavenger set, using defaults
2022-04-26 01:52:33,912 [Listener at 127.0.0.1/46323] INFO  server.session (HouseKeeper.java:startScavenging(132)) - node0 Scavenging every 660000ms
2022-04-26 01:52:33,913 [Listener at 127.0.0.1/46323] INFO  handler.ContextHandler (ContextHandler.java:doStart(915)) - Started o.e.j.s.ServletContextHandler@195e4c8e{logs,/logs,file:///home/runner/work/ozone/ozone/hadoop-ozone/integration-test/target/log,AVAILABLE}
2022-04-26 01:52:33,913 [Listener at 127.0.0.1/46323] INFO  handler.ContextHandler (ContextHandler.java:doStart(915)) - Started o.e.j.s.ServletContextHandler@45c21bc8{static,/static,jar:file:/home/runner/.m2/repository/org/apache/ozone/hdds-container-service/1.3.0-SNAPSHOT/hdds-container-service-1.3.0-SNAPSHOT.jar!/webapps/static,AVAILABLE}
2022-04-26 01:52:34,038 [Listener at 127.0.0.1/46323] INFO  handler.ContextHandler (ContextHandler.java:doStart(915)) - Started o.e.j.w.WebAppContext@64e4e885{hddsDatanode,/,file:///tmp/jetty-0_0_0_0-39927-hdds-container-service-1_3_0-SNAPSHOT_jar-_-any-7812131189713320350/webapp/,AVAILABLE}{jar:file:/home/runner/.m2/repository/org/apache/ozone/hdds-container-service/1.3.0-SNAPSHOT/hdds-container-service-1.3.0-SNAPSHOT.jar!/webapps/hddsDatanode}
2022-04-26 01:52:34,045 [Listener at 127.0.0.1/46323] INFO  server.AbstractConnector (AbstractConnector.java:doStart(331)) - Started ServerConnector@237bf540{HTTP/1.1, (http/1.1)}{0.0.0.0:39927}
2022-04-26 01:52:34,045 [Listener at 127.0.0.1/46323] INFO  server.Server (Server.java:doStart(415)) - Started @65928ms
2022-04-26 01:52:34,045 [Listener at 127.0.0.1/46323] WARN  impl.MetricsSystemImpl (MetricsSystemImpl.java:register(279)) - Sink prometheus already exists!
2022-04-26 01:52:34,046 [Listener at 127.0.0.1/46323] INFO  http.BaseHttpServer (BaseHttpServer.java:updateConnectorAddress(329)) - HTTP server of hddsDatanode listening at http://0.0.0.0:39927
2022-04-26 01:52:34,046 [Listener at 127.0.0.1/46323] INFO  impl.MetricsSystemImpl (MetricsSystemImpl.java:init(158)) - HddsDatanode metrics system started (again)
2022-04-26 01:52:34,069 [Datanode State Machine Daemon Thread] INFO  statemachine.DatanodeStateMachine (DatanodeStateMachine.java:lambda$startDaemon$0(472)) - Ozone container server started.
2022-04-26 01:52:34,094 [Listener at 127.0.0.1/46323] INFO  ozone.HddsDatanodeService (HddsDatanodeService.java:start(233)) - HddsDatanodeService host:fv-az50-870.grzltbmokehuzjyc5b133kdqgh.cx.internal.cloudapp.net ip:10.1.0.42
2022-04-26 01:52:34,134 [Listener at 127.0.0.1/46323] INFO  upgrade.AbstractLayoutVersionManager (AbstractLayoutVersionManager.java:init(79)) - Initializing Layout version manager with metadata layout = ERASURE_CODED_STORAGE_SUPPORT (version = 3), software layout = ERASURE_CODED_STORAGE_SUPPORT (version = 3)
2022-04-26 01:52:34,161 [org.apache.hadoop.util.JvmPauseMonitor$Monitor@6b470d11] INFO  util.JvmPauseMonitor (JvmPauseMonitor.java:run(188)) - Starting JVM pause monitor
2022-04-26 01:52:34,167 [Datanode State Machine Task Thread - 0] INFO  datanode.InitDatanodeState (InitDatanodeState.java:persistContainerDatanodeDetails(138)) - DatanodeDetails is persisted to /home/runner/work/ozone/ozone/hadoop-ozone/integration-test/target/test-dir/MiniOzoneClusterImpl-1f178f74-bffb-4b20-8a8e-7aaf5f3ffa17/datanode-2/meta/datanode.id
2022-04-26 01:52:34,261 [Listener at 127.0.0.1/46323] INFO  reflections.Reflections (Reflections.java:scan(232)) - Reflections took 121 ms to scan 7 urls, producing 126 keys and 287 values 
2022-04-26 01:52:34,262 [Listener at 127.0.0.1/46323] INFO  statemachine.DatanodeStateMachine (DatanodeStateMachine.java:getEndPointTaskThreadPoolSize(224)) - Datanode State Machine Task Thread Pool size 2
2022-04-26 01:52:34,267 [Listener at 127.0.0.1/46323] INFO  volume.HddsVolume (HddsVolume.java:<init>(120)) - Creating HddsVolume: /home/runner/work/ozone/ozone/hadoop-ozone/integration-test/target/test-dir/MiniOzoneClusterImpl-1f178f74-bffb-4b20-8a8e-7aaf5f3ffa17/datanode-3/data-0/containers/hdds of storage type : DISK capacity : 9223372036854775807
2022-04-26 01:52:34,267 [Listener at 127.0.0.1/46323] INFO  volume.MutableVolumeSet (MutableVolumeSet.java:initializeVolumeSet(168)) - Added Volume : /home/runner/work/ozone/ozone/hadoop-ozone/integration-test/target/test-dir/MiniOzoneClusterImpl-1f178f74-bffb-4b20-8a8e-7aaf5f3ffa17/datanode-3/data-0/containers/hdds to VolumeSet
2022-04-26 01:52:34,267 [Listener at 127.0.0.1/46323] INFO  volume.ThrottledAsyncChecker (ThrottledAsyncChecker.java:schedule(141)) - Scheduling a check for /home/runner/work/ozone/ozone/hadoop-ozone/integration-test/target/test-dir/MiniOzoneClusterImpl-1f178f74-bffb-4b20-8a8e-7aaf5f3ffa17/datanode-3/data-0/containers/hdds
2022-04-26 01:52:34,285 [Listener at 127.0.0.1/46323] INFO  volume.StorageVolumeChecker (StorageVolumeChecker.java:checkAllVolumes(202)) - Scheduled health check for volume /home/runner/work/ozone/ozone/hadoop-ozone/integration-test/target/test-dir/MiniOzoneClusterImpl-1f178f74-bffb-4b20-8a8e-7aaf5f3ffa17/datanode-3/data-0/containers/hdds
2022-04-26 01:52:34,309 [Listener at 127.0.0.1/46323] INFO  volume.MutableVolumeSet (MutableVolumeSet.java:initializeVolumeSet(168)) - Added Volume : /home/runner/work/ozone/ozone/hadoop-ozone/integration-test/target/test-dir/MiniOzoneClusterImpl-1f178f74-bffb-4b20-8a8e-7aaf5f3ffa17/datanode-3/data/ratis to VolumeSet
2022-04-26 01:52:34,309 [Listener at 127.0.0.1/46323] INFO  volume.ThrottledAsyncChecker (ThrottledAsyncChecker.java:schedule(141)) - Scheduling a check for /home/runner/work/ozone/ozone/hadoop-ozone/integration-test/target/test-dir/MiniOzoneClusterImpl-1f178f74-bffb-4b20-8a8e-7aaf5f3ffa17/datanode-3/data/ratis
2022-04-26 01:52:34,310 [Listener at 127.0.0.1/46323] INFO  volume.StorageVolumeChecker (StorageVolumeChecker.java:checkAllVolumes(202)) - Scheduled health check for volume /home/runner/work/ozone/ozone/hadoop-ozone/integration-test/target/test-dir/MiniOzoneClusterImpl-1f178f74-bffb-4b20-8a8e-7aaf5f3ffa17/datanode-3/data/ratis
2022-04-26 01:52:34,322 [Thread-564] INFO  ozoneimpl.ContainerReader (ContainerReader.java:readVolume(172)) - Finish verifying containers on volume /home/runner/work/ozone/ozone/hadoop-ozone/integration-test/target/test-dir/MiniOzoneClusterImpl-1f178f74-bffb-4b20-8a8e-7aaf5f3ffa17/datanode-3/data-0/containers/hdds
2022-04-26 01:52:34,322 [Listener at 127.0.0.1/46323] INFO  ozoneimpl.OzoneContainer (OzoneContainer.java:buildContainerSet(257)) - Build ContainerSet costs 0s
2022-04-26 01:52:34,324 [Listener at 127.0.0.1/46323] INFO  server.RaftServer (ConfUtils.java:logGet(44)) - raft.rpc.type = GRPC (default)
2022-04-26 01:52:34,324 [Listener at 127.0.0.1/46323] INFO  grpc.GrpcFactory (GrpcFactory.java:checkPooledByteBufAllocatorUseCacheForAllThreads(48)) - PERFORMANCE WARNING: useCacheForAllThreads is true that may cause Netty to create a lot garbage objects and, as a result, trigger GC.
	It is recommended to disable useCacheForAllThreads by setting -Dorg.apache.ratis.thirdparty.io.netty.allocator.useCacheForAllThreads=false in command line.
2022-04-26 01:52:34,324 [Listener at 127.0.0.1/46323] INFO  grpc.GrpcConfigKeys (ConfUtils.java:logGet(44)) - raft.grpc.admin.port = 0 (custom)
2022-04-26 01:52:34,324 [Listener at 127.0.0.1/46323] INFO  grpc.GrpcConfigKeys (ConfUtils.java:logGet(44)) - raft.grpc.client.port = 0 (custom)
2022-04-26 01:52:34,324 [Listener at 127.0.0.1/46323] INFO  grpc.GrpcConfigKeys (ConfUtils.java:logGet(44)) - raft.grpc.server.port = 0 (default)
2022-04-26 01:52:34,324 [Listener at 127.0.0.1/46323] INFO  server.GrpcService (ConfUtils.java:logGet(44)) - raft.grpc.message.size.max = 32MB (=33554432) (custom)
2022-04-26 01:52:34,325 [Listener at 127.0.0.1/46323] INFO  server.RaftServerConfigKeys (ConfUtils.java:logGet(44)) - raft.server.log.appender.buffer.byte-limit = 33554432 (custom)
2022-04-26 01:52:34,325 [Listener at 127.0.0.1/46323] INFO  server.GrpcService (ConfUtils.java:logGet(44)) - raft.grpc.flow.control.window = 5MB (=5242880) (custom)
2022-04-26 01:52:34,325 [Listener at 127.0.0.1/46323] INFO  server.RaftServerConfigKeys (ConfUtils.java:logGet(44)) - raft.server.rpc.request.timeout = 60s (custom)
2022-04-26 01:52:34,328 [Listener at 127.0.0.1/46323] INFO  impl.DataStreamServerImpl (ConfUtils.java:logGet(44)) - raft.datastream.type = DISABLED (default)
2022-04-26 01:52:34,328 [Listener at 127.0.0.1/46323] INFO  server.RaftServerConfigKeys (ConfUtils.java:logGet(44)) - raft.server.rpc.slowness.timeout = 300s (custom)
2022-04-26 01:52:34,328 [Listener at 127.0.0.1/46323] INFO  server.RaftServerConfigKeys (ConfUtils.java:logGet(44)) - raft.server.leaderelection.leader.step-down.wait-time = 10s (default)
2022-04-26 01:52:34,328 [Listener at 127.0.0.1/46323] INFO  server.RaftServerConfigKeys (ConfUtils.java:logGet(44)) - raft.server.storage.dir = [/home/runner/work/ozone/ozone/hadoop-ozone/integration-test/target/test-dir/MiniOzoneClusterImpl-1f178f74-bffb-4b20-8a8e-7aaf5f3ffa17/datanode-3/data/ratis] (custom)
2022-04-26 01:52:34,330 [Listener at 127.0.0.1/46323] INFO  server.XceiverServerGrpc (XceiverServerGrpc.java:<init>(132)) - GrpcServer channel type EpollServerSocketChannel
2022-04-26 01:52:34,355 [Listener at 127.0.0.1/46323] INFO  http.BaseHttpServer (BaseHttpServer.java:newHttpServer2BuilderForOzone(209)) - Starting Web-server for hddsDatanode at: http://0.0.0.0:0
2022-04-26 01:52:34,355 [Listener at 127.0.0.1/46323] INFO  http.BaseHttpServer (BaseHttpServer.java:<init>(107)) - Hadoop Security Enabled: false Ozone Security Enabled: false Ozone HTTP Security Enabled: false 
2022-04-26 01:52:34,356 [Listener at 127.0.0.1/46323] INFO  server.AuthenticationFilter (AuthenticationFilter.java:constructSecretProvider(240)) - Unable to initialize FileSignerSecretProvider, falling back to use random secrets.
2022-04-26 01:52:34,365 [Listener at 127.0.0.1/46323] WARN  http.HttpRequestLog (HttpRequestLog.java:getRequestLog(103)) - Jetty request log can only be enabled using Log4j
2022-04-26 01:52:34,367 [Listener at 127.0.0.1/46323] INFO  http.HttpServer2 (HttpServer2.java:addGlobalFilter(1030)) - Added global filter 'safety' (class=org.apache.hadoop.hdds.server.http.HttpServer2$QuotingInputFilter)
2022-04-26 01:52:34,367 [Listener at 127.0.0.1/46323] INFO  http.HttpServer2 (HttpServer2.java:addFilter(1006)) - Added filter static_user_filter (class=org.apache.hadoop.http.lib.StaticUserWebFilter$StaticUserFilter) to context hddsDatanode
2022-04-26 01:52:34,367 [Listener at 127.0.0.1/46323] INFO  http.HttpServer2 (HttpServer2.java:addFilter(1014)) - Added filter static_user_filter (class=org.apache.hadoop.http.lib.StaticUserWebFilter$StaticUserFilter) to context logs
2022-04-26 01:52:34,367 [Listener at 127.0.0.1/46323] INFO  http.HttpServer2 (HttpServer2.java:addFilter(1014)) - Added filter static_user_filter (class=org.apache.hadoop.http.lib.StaticUserWebFilter$StaticUserFilter) to context static
2022-04-26 01:52:34,368 [Listener at 127.0.0.1/46323] INFO  http.HttpServer2 (HttpServer2.java:bindListener(1249)) - Jetty bound to port 35791
2022-04-26 01:52:34,368 [Listener at 127.0.0.1/46323] INFO  server.Server (Server.java:doStart(375)) - jetty-9.4.43.v20210629; built: 2021-06-30T11:07:22.254Z; git: 526006ecfa3af7f1a27ef3a288e2bef7ea9dd7e8; jvm 1.8.0_322-b06
2022-04-26 01:52:34,386 [Listener at 127.0.0.1/46323] INFO  server.session (DefaultSessionIdManager.java:doStart(334)) - DefaultSessionIdManager workerName=node0
2022-04-26 01:52:34,386 [Listener at 127.0.0.1/46323] INFO  server.session (DefaultSessionIdManager.java:doStart(339)) - No SessionScavenger set, using defaults
2022-04-26 01:52:34,386 [Listener at 127.0.0.1/46323] INFO  server.session (HouseKeeper.java:startScavenging(132)) - node0 Scavenging every 660000ms
2022-04-26 01:52:34,387 [Listener at 127.0.0.1/46323] INFO  handler.ContextHandler (ContextHandler.java:doStart(915)) - Started o.e.j.s.ServletContextHandler@711cf3c{logs,/logs,file:///home/runner/work/ozone/ozone/hadoop-ozone/integration-test/target/log,AVAILABLE}
2022-04-26 01:52:34,387 [Listener at 127.0.0.1/46323] INFO  handler.ContextHandler (ContextHandler.java:doStart(915)) - Started o.e.j.s.ServletContextHandler@7678bf95{static,/static,jar:file:/home/runner/.m2/repository/org/apache/ozone/hdds-container-service/1.3.0-SNAPSHOT/hdds-container-service-1.3.0-SNAPSHOT.jar!/webapps/static,AVAILABLE}
2022-04-26 01:52:34,491 [Listener at 127.0.0.1/46323] INFO  handler.ContextHandler (ContextHandler.java:doStart(915)) - Started o.e.j.w.WebAppContext@4cb7d26b{hddsDatanode,/,file:///tmp/jetty-0_0_0_0-35791-hdds-container-service-1_3_0-SNAPSHOT_jar-_-any-8740802803590071463/webapp/,AVAILABLE}{jar:file:/home/runner/.m2/repository/org/apache/ozone/hdds-container-service/1.3.0-SNAPSHOT/hdds-container-service-1.3.0-SNAPSHOT.jar!/webapps/hddsDatanode}
2022-04-26 01:52:34,498 [Listener at 127.0.0.1/46323] INFO  server.AbstractConnector (AbstractConnector.java:doStart(331)) - Started ServerConnector@7a65bdb{HTTP/1.1, (http/1.1)}{0.0.0.0:35791}
2022-04-26 01:52:34,498 [Listener at 127.0.0.1/46323] INFO  server.Server (Server.java:doStart(415)) - Started @66382ms
2022-04-26 01:52:34,499 [Listener at 127.0.0.1/46323] WARN  impl.MetricsSystemImpl (MetricsSystemImpl.java:register(279)) - Sink prometheus already exists!
2022-04-26 01:52:34,500 [Listener at 127.0.0.1/46323] INFO  http.BaseHttpServer (BaseHttpServer.java:updateConnectorAddress(329)) - HTTP server of hddsDatanode listening at http://0.0.0.0:35791
2022-04-26 01:52:34,508 [Listener at 127.0.0.1/46323] INFO  impl.MetricsSystemImpl (MetricsSystemImpl.java:init(158)) - HddsDatanode metrics system started (again)
2022-04-26 01:52:34,525 [Datanode State Machine Daemon Thread] INFO  statemachine.DatanodeStateMachine (DatanodeStateMachine.java:lambda$startDaemon$0(472)) - Ozone container server started.
2022-04-26 01:52:34,534 [Listener at 127.0.0.1/46323] INFO  ozone.HddsDatanodeService (HddsDatanodeService.java:start(233)) - HddsDatanodeService host:fv-az50-870.grzltbmokehuzjyc5b133kdqgh.cx.internal.cloudapp.net ip:10.1.0.42
2022-04-26 01:52:34,578 [Listener at 127.0.0.1/46323] INFO  upgrade.AbstractLayoutVersionManager (AbstractLayoutVersionManager.java:init(79)) - Initializing Layout version manager with metadata layout = ERASURE_CODED_STORAGE_SUPPORT (version = 3), software layout = ERASURE_CODED_STORAGE_SUPPORT (version = 3)
2022-04-26 01:52:34,598 [org.apache.hadoop.util.JvmPauseMonitor$Monitor@668a521] INFO  util.JvmPauseMonitor (JvmPauseMonitor.java:run(188)) - Starting JVM pause monitor
2022-04-26 01:52:34,614 [Datanode State Machine Task Thread - 0] INFO  datanode.InitDatanodeState (InitDatanodeState.java:persistContainerDatanodeDetails(138)) - DatanodeDetails is persisted to /home/runner/work/ozone/ozone/hadoop-ozone/integration-test/target/test-dir/MiniOzoneClusterImpl-1f178f74-bffb-4b20-8a8e-7aaf5f3ffa17/datanode-3/meta/datanode.id
2022-04-26 01:52:34,675 [Listener at 127.0.0.1/46323] INFO  reflections.Reflections (Reflections.java:scan(232)) - Reflections took 97 ms to scan 7 urls, producing 126 keys and 287 values 
2022-04-26 01:52:34,676 [Listener at 127.0.0.1/46323] INFO  statemachine.DatanodeStateMachine (DatanodeStateMachine.java:getEndPointTaskThreadPoolSize(224)) - Datanode State Machine Task Thread Pool size 2
2022-04-26 01:52:34,690 [Listener at 127.0.0.1/46323] INFO  volume.HddsVolume (HddsVolume.java:<init>(120)) - Creating HddsVolume: /home/runner/work/ozone/ozone/hadoop-ozone/integration-test/target/test-dir/MiniOzoneClusterImpl-1f178f74-bffb-4b20-8a8e-7aaf5f3ffa17/datanode-4/data-0/containers/hdds of storage type : DISK capacity : 9223372036854775807
2022-04-26 01:52:34,690 [Listener at 127.0.0.1/46323] INFO  volume.MutableVolumeSet (MutableVolumeSet.java:initializeVolumeSet(168)) - Added Volume : /home/runner/work/ozone/ozone/hadoop-ozone/integration-test/target/test-dir/MiniOzoneClusterImpl-1f178f74-bffb-4b20-8a8e-7aaf5f3ffa17/datanode-4/data-0/containers/hdds to VolumeSet
2022-04-26 01:52:34,690 [Listener at 127.0.0.1/46323] INFO  volume.ThrottledAsyncChecker (ThrottledAsyncChecker.java:schedule(141)) - Scheduling a check for /home/runner/work/ozone/ozone/hadoop-ozone/integration-test/target/test-dir/MiniOzoneClusterImpl-1f178f74-bffb-4b20-8a8e-7aaf5f3ffa17/datanode-4/data-0/containers/hdds
2022-04-26 01:52:34,709 [Listener at 127.0.0.1/46323] INFO  volume.StorageVolumeChecker (StorageVolumeChecker.java:checkAllVolumes(202)) - Scheduled health check for volume /home/runner/work/ozone/ozone/hadoop-ozone/integration-test/target/test-dir/MiniOzoneClusterImpl-1f178f74-bffb-4b20-8a8e-7aaf5f3ffa17/datanode-4/data-0/containers/hdds
2022-04-26 01:52:34,734 [Listener at 127.0.0.1/46323] INFO  volume.MutableVolumeSet (MutableVolumeSet.java:initializeVolumeSet(168)) - Added Volume : /home/runner/work/ozone/ozone/hadoop-ozone/integration-test/target/test-dir/MiniOzoneClusterImpl-1f178f74-bffb-4b20-8a8e-7aaf5f3ffa17/datanode-4/data/ratis to VolumeSet
2022-04-26 01:52:34,734 [Listener at 127.0.0.1/46323] INFO  volume.ThrottledAsyncChecker (ThrottledAsyncChecker.java:schedule(141)) - Scheduling a check for /home/runner/work/ozone/ozone/hadoop-ozone/integration-test/target/test-dir/MiniOzoneClusterImpl-1f178f74-bffb-4b20-8a8e-7aaf5f3ffa17/datanode-4/data/ratis
2022-04-26 01:52:34,734 [Listener at 127.0.0.1/46323] INFO  volume.StorageVolumeChecker (StorageVolumeChecker.java:checkAllVolumes(202)) - Scheduled health check for volume /home/runner/work/ozone/ozone/hadoop-ozone/integration-test/target/test-dir/MiniOzoneClusterImpl-1f178f74-bffb-4b20-8a8e-7aaf5f3ffa17/datanode-4/data/ratis
2022-04-26 01:52:34,773 [Thread-576] INFO  ozoneimpl.ContainerReader (ContainerReader.java:readVolume(172)) - Finish verifying containers on volume /home/runner/work/ozone/ozone/hadoop-ozone/integration-test/target/test-dir/MiniOzoneClusterImpl-1f178f74-bffb-4b20-8a8e-7aaf5f3ffa17/datanode-4/data-0/containers/hdds
2022-04-26 01:52:34,773 [Listener at 127.0.0.1/46323] INFO  ozoneimpl.OzoneContainer (OzoneContainer.java:buildContainerSet(257)) - Build ContainerSet costs 0s
2022-04-26 01:52:34,776 [Listener at 127.0.0.1/46323] INFO  server.RaftServer (ConfUtils.java:logGet(44)) - raft.rpc.type = GRPC (default)
2022-04-26 01:52:34,776 [Listener at 127.0.0.1/46323] INFO  grpc.GrpcFactory (GrpcFactory.java:checkPooledByteBufAllocatorUseCacheForAllThreads(48)) - PERFORMANCE WARNING: useCacheForAllThreads is true that may cause Netty to create a lot garbage objects and, as a result, trigger GC.
	It is recommended to disable useCacheForAllThreads by setting -Dorg.apache.ratis.thirdparty.io.netty.allocator.useCacheForAllThreads=false in command line.
2022-04-26 01:52:34,776 [Listener at 127.0.0.1/46323] INFO  grpc.GrpcConfigKeys (ConfUtils.java:logGet(44)) - raft.grpc.admin.port = 0 (custom)
2022-04-26 01:52:34,776 [Listener at 127.0.0.1/46323] INFO  grpc.GrpcConfigKeys (ConfUtils.java:logGet(44)) - raft.grpc.client.port = 0 (custom)
2022-04-26 01:52:34,776 [Listener at 127.0.0.1/46323] INFO  grpc.GrpcConfigKeys (ConfUtils.java:logGet(44)) - raft.grpc.server.port = 0 (default)
2022-04-26 01:52:34,777 [Listener at 127.0.0.1/46323] INFO  server.GrpcService (ConfUtils.java:logGet(44)) - raft.grpc.message.size.max = 32MB (=33554432) (custom)
2022-04-26 01:52:34,777 [Listener at 127.0.0.1/46323] INFO  server.RaftServerConfigKeys (ConfUtils.java:logGet(44)) - raft.server.log.appender.buffer.byte-limit = 33554432 (custom)
2022-04-26 01:52:34,777 [Listener at 127.0.0.1/46323] INFO  server.GrpcService (ConfUtils.java:logGet(44)) - raft.grpc.flow.control.window = 5MB (=5242880) (custom)
2022-04-26 01:52:34,777 [Listener at 127.0.0.1/46323] INFO  server.RaftServerConfigKeys (ConfUtils.java:logGet(44)) - raft.server.rpc.request.timeout = 60s (custom)
2022-04-26 01:52:34,780 [Listener at 127.0.0.1/46323] INFO  impl.DataStreamServerImpl (ConfUtils.java:logGet(44)) - raft.datastream.type = DISABLED (default)
2022-04-26 01:52:34,780 [Listener at 127.0.0.1/46323] INFO  server.RaftServerConfigKeys (ConfUtils.java:logGet(44)) - raft.server.rpc.slowness.timeout = 300s (custom)
2022-04-26 01:52:34,780 [Listener at 127.0.0.1/46323] INFO  server.RaftServerConfigKeys (ConfUtils.java:logGet(44)) - raft.server.leaderelection.leader.step-down.wait-time = 10s (default)
2022-04-26 01:52:34,780 [Listener at 127.0.0.1/46323] INFO  server.RaftServerConfigKeys (ConfUtils.java:logGet(44)) - raft.server.storage.dir = [/home/runner/work/ozone/ozone/hadoop-ozone/integration-test/target/test-dir/MiniOzoneClusterImpl-1f178f74-bffb-4b20-8a8e-7aaf5f3ffa17/datanode-4/data/ratis] (custom)
2022-04-26 01:52:34,782 [Listener at 127.0.0.1/46323] INFO  server.XceiverServerGrpc (XceiverServerGrpc.java:<init>(132)) - GrpcServer channel type EpollServerSocketChannel
2022-04-26 01:52:34,804 [Listener at 127.0.0.1/46323] INFO  http.BaseHttpServer (BaseHttpServer.java:newHttpServer2BuilderForOzone(209)) - Starting Web-server for hddsDatanode at: http://0.0.0.0:0
2022-04-26 01:52:34,805 [Listener at 127.0.0.1/46323] INFO  http.BaseHttpServer (BaseHttpServer.java:<init>(107)) - Hadoop Security Enabled: false Ozone Security Enabled: false Ozone HTTP Security Enabled: false 
2022-04-26 01:52:34,806 [Listener at 127.0.0.1/46323] INFO  server.AuthenticationFilter (AuthenticationFilter.java:constructSecretProvider(240)) - Unable to initialize FileSignerSecretProvider, falling back to use random secrets.
2022-04-26 01:52:34,813 [Listener at 127.0.0.1/46323] WARN  http.HttpRequestLog (HttpRequestLog.java:getRequestLog(103)) - Jetty request log can only be enabled using Log4j
2022-04-26 01:52:34,814 [Listener at 127.0.0.1/46323] INFO  http.HttpServer2 (HttpServer2.java:addGlobalFilter(1030)) - Added global filter 'safety' (class=org.apache.hadoop.hdds.server.http.HttpServer2$QuotingInputFilter)
2022-04-26 01:52:34,814 [Listener at 127.0.0.1/46323] INFO  http.HttpServer2 (HttpServer2.java:addFilter(1006)) - Added filter static_user_filter (class=org.apache.hadoop.http.lib.StaticUserWebFilter$StaticUserFilter) to context hddsDatanode
2022-04-26 01:52:34,814 [Listener at 127.0.0.1/46323] INFO  http.HttpServer2 (HttpServer2.java:addFilter(1014)) - Added filter static_user_filter (class=org.apache.hadoop.http.lib.StaticUserWebFilter$StaticUserFilter) to context logs
2022-04-26 01:52:34,815 [Listener at 127.0.0.1/46323] INFO  http.HttpServer2 (HttpServer2.java:addFilter(1014)) - Added filter static_user_filter (class=org.apache.hadoop.http.lib.StaticUserWebFilter$StaticUserFilter) to context static
2022-04-26 01:52:34,815 [Listener at 127.0.0.1/46323] INFO  http.HttpServer2 (HttpServer2.java:bindListener(1249)) - Jetty bound to port 39189
2022-04-26 01:52:34,815 [Listener at 127.0.0.1/46323] INFO  server.Server (Server.java:doStart(375)) - jetty-9.4.43.v20210629; built: 2021-06-30T11:07:22.254Z; git: 526006ecfa3af7f1a27ef3a288e2bef7ea9dd7e8; jvm 1.8.0_322-b06
2022-04-26 01:52:34,870 [Listener at 127.0.0.1/46323] INFO  server.session (DefaultSessionIdManager.java:doStart(334)) - DefaultSessionIdManager workerName=node0
2022-04-26 01:52:34,870 [Listener at 127.0.0.1/46323] INFO  server.session (DefaultSessionIdManager.java:doStart(339)) - No SessionScavenger set, using defaults
2022-04-26 01:52:34,870 [Listener at 127.0.0.1/46323] INFO  server.session (HouseKeeper.java:startScavenging(132)) - node0 Scavenging every 660000ms
2022-04-26 01:52:34,881 [Listener at 127.0.0.1/46323] INFO  handler.ContextHandler (ContextHandler.java:doStart(915)) - Started o.e.j.s.ServletContextHandler@1541ea06{logs,/logs,file:///home/runner/work/ozone/ozone/hadoop-ozone/integration-test/target/log,AVAILABLE}
2022-04-26 01:52:34,882 [Listener at 127.0.0.1/46323] INFO  handler.ContextHandler (ContextHandler.java:doStart(915)) - Started o.e.j.s.ServletContextHandler@67939dd4{static,/static,jar:file:/home/runner/.m2/repository/org/apache/ozone/hdds-container-service/1.3.0-SNAPSHOT/hdds-container-service-1.3.0-SNAPSHOT.jar!/webapps/static,AVAILABLE}
2022-04-26 01:52:34,958 [EndpointStateMachine task thread for /0.0.0.0:33285 - 0 ] INFO  ozoneimpl.OzoneContainer (OzoneContainer.java:start(335)) - Attempting to start container services.
2022-04-26 01:52:34,958 [EndpointStateMachine task thread for /0.0.0.0:33285 - 0 ] INFO  ozoneimpl.OzoneContainer (OzoneContainer.java:startContainerScrub(270)) - Background container scanner has been disabled.
2022-04-26 01:52:34,974 [Listener at 127.0.0.1/46323] INFO  handler.ContextHandler (ContextHandler.java:doStart(915)) - Started o.e.j.w.WebAppContext@7bbaa3cd{hddsDatanode,/,file:///tmp/jetty-0_0_0_0-39189-hdds-container-service-1_3_0-SNAPSHOT_jar-_-any-7096109019444524872/webapp/,AVAILABLE}{jar:file:/home/runner/.m2/repository/org/apache/ozone/hdds-container-service/1.3.0-SNAPSHOT/hdds-container-service-1.3.0-SNAPSHOT.jar!/webapps/hddsDatanode}
2022-04-26 01:52:34,976 [EndpointStateMachine task thread for /0.0.0.0:33285 - 0 ] INFO  replication.ReplicationServer (ReplicationServer.java:start(111)) - ReplicationServer is started using port 41677
2022-04-26 01:52:34,982 [EndpointStateMachine task thread for /0.0.0.0:33285 - 0 ] INFO  ratis.XceiverServerRatis (XceiverServerRatis.java:start(481)) - Starting XceiverServerRatis e687a55e-a1fa-40ca-b40d-7e860929e1d7
2022-04-26 01:52:34,989 [Listener at 127.0.0.1/46323] INFO  server.AbstractConnector (AbstractConnector.java:doStart(331)) - Started ServerConnector@3155bf62{HTTP/1.1, (http/1.1)}{0.0.0.0:39189}
2022-04-26 01:52:34,999 [Listener at 127.0.0.1/46323] INFO  server.Server (Server.java:doStart(415)) - Started @66882ms
2022-04-26 01:52:34,999 [Listener at 127.0.0.1/46323] WARN  impl.MetricsSystemImpl (MetricsSystemImpl.java:register(279)) - Sink prometheus already exists!
2022-04-26 01:52:34,999 [Listener at 127.0.0.1/46323] INFO  http.BaseHttpServer (BaseHttpServer.java:updateConnectorAddress(329)) - HTTP server of hddsDatanode listening at http://0.0.0.0:39189
2022-04-26 01:52:35,033 [Listener at 127.0.0.1/46323] INFO  ozone.MiniOzoneClusterImpl (MiniOzoneClusterImpl.java:lambda$waitForClusterToBeReady$0(221)) - Waiting for nodes to be ready. Got 0 of 5 DN Heartbeats.
2022-04-26 01:52:35,033 [Listener at 127.0.0.1/46323] INFO  ozone.MiniOzoneClusterImpl (MiniOzoneClusterImpl.java:lambda$waitForClusterToBeReady$0(224)) - Waiting for cluster to exit safe mode
2022-04-26 01:52:35,033 [Listener at 127.0.0.1/46323] INFO  ozone.MiniOzoneClusterImpl (MiniOzoneClusterImpl.java:lambda$waitForClusterToBeReady$0(226)) - SCM became leader
2022-04-26 01:52:35,034 [Datanode State Machine Daemon Thread] INFO  statemachine.DatanodeStateMachine (DatanodeStateMachine.java:lambda$startDaemon$0(472)) - Ozone container server started.
2022-04-26 01:52:35,056 [org.apache.hadoop.util.JvmPauseMonitor$Monitor@20b516b6] INFO  util.JvmPauseMonitor (JvmPauseMonitor.java:run(188)) - Starting JVM pause monitor
2022-04-26 01:52:35,056 [EndpointStateMachine task thread for /0.0.0.0:33285 - 0 ] INFO  server.RaftServer (RaftServerProxy.java:lambda$start$5(374)) - e687a55e-a1fa-40ca-b40d-7e860929e1d7: start RPC server
2022-04-26 01:52:35,056 [EndpointStateMachine task thread for /0.0.0.0:33285 - 0 ] INFO  server.GrpcService (GrpcService.java:startImpl(253)) - e687a55e-a1fa-40ca-b40d-7e860929e1d7: GrpcService started, listening on 39343
2022-04-26 01:52:35,069 [EndpointStateMachine task thread for /0.0.0.0:33285 - 0 ] INFO  ratis.XceiverServerRatis (XceiverServerRatis.java:getRealPort(502)) - XceiverServerRatis e687a55e-a1fa-40ca-b40d-7e860929e1d7 is started using port 39343 for RATIS
2022-04-26 01:52:35,069 [EndpointStateMachine task thread for /0.0.0.0:33285 - 0 ] INFO  ratis.XceiverServerRatis (XceiverServerRatis.java:getRealPort(502)) - XceiverServerRatis e687a55e-a1fa-40ca-b40d-7e860929e1d7 is started using port 39343 for RATIS_ADMIN
2022-04-26 01:52:35,069 [EndpointStateMachine task thread for /0.0.0.0:33285 - 0 ] INFO  ratis.XceiverServerRatis (XceiverServerRatis.java:getRealPort(502)) - XceiverServerRatis e687a55e-a1fa-40ca-b40d-7e860929e1d7 is started using port 39343 for RATIS_SERVER
2022-04-26 01:52:35,070 [org.apache.ratis.util.JvmPauseMonitor$$Lambda$580/456889832@18ef2c] INFO  util.JvmPauseMonitor (JvmPauseMonitor.java:run(103)) - JvmPauseMonitor-e687a55e-a1fa-40ca-b40d-7e860929e1d7: Started
2022-04-26 01:52:35,078 [Datanode State Machine Task Thread - 0] INFO  datanode.InitDatanodeState (InitDatanodeState.java:persistContainerDatanodeDetails(138)) - DatanodeDetails is persisted to /home/runner/work/ozone/ozone/hadoop-ozone/integration-test/target/test-dir/MiniOzoneClusterImpl-1f178f74-bffb-4b20-8a8e-7aaf5f3ffa17/datanode-4/meta/datanode.id
2022-04-26 01:52:35,083 [EndpointStateMachine task thread for /0.0.0.0:33285 - 0 ] INFO  server.XceiverServerGrpc (XceiverServerGrpc.java:start(180)) - XceiverServerGrpc e687a55e-a1fa-40ca-b40d-7e860929e1d7 is started using port 46643
2022-04-26 01:52:35,645 [EndpointStateMachine task thread for /0.0.0.0:33285 - 0 ] INFO  ozoneimpl.OzoneContainer (OzoneContainer.java:start(335)) - Attempting to start container services.
2022-04-26 01:52:35,645 [EndpointStateMachine task thread for /0.0.0.0:33285 - 0 ] INFO  ozoneimpl.OzoneContainer (OzoneContainer.java:startContainerScrub(270)) - Background container scanner has been disabled.
2022-04-26 01:52:35,646 [EndpointStateMachine task thread for /0.0.0.0:33285 - 0 ] INFO  replication.ReplicationServer (ReplicationServer.java:start(111)) - ReplicationServer is started using port 41163
2022-04-26 01:52:35,654 [EndpointStateMachine task thread for /0.0.0.0:33285 - 0 ] INFO  ratis.XceiverServerRatis (XceiverServerRatis.java:start(481)) - Starting XceiverServerRatis aa794ff7-e78a-42e1-b114-2e34ec5a968d
2022-04-26 01:52:35,681 [EndpointStateMachine task thread for /0.0.0.0:33285 - 0 ] INFO  server.RaftServer (RaftServerProxy.java:lambda$start$5(374)) - aa794ff7-e78a-42e1-b114-2e34ec5a968d: start RPC server
2022-04-26 01:52:35,682 [EndpointStateMachine task thread for /0.0.0.0:33285 - 0 ] INFO  server.GrpcService (GrpcService.java:startImpl(253)) - aa794ff7-e78a-42e1-b114-2e34ec5a968d: GrpcService started, listening on 38125
2022-04-26 01:52:35,689 [EndpointStateMachine task thread for /0.0.0.0:33285 - 0 ] INFO  ratis.XceiverServerRatis (XceiverServerRatis.java:getRealPort(502)) - XceiverServerRatis aa794ff7-e78a-42e1-b114-2e34ec5a968d is started using port 38125 for RATIS
2022-04-26 01:52:35,689 [EndpointStateMachine task thread for /0.0.0.0:33285 - 0 ] INFO  ratis.XceiverServerRatis (XceiverServerRatis.java:getRealPort(502)) - XceiverServerRatis aa794ff7-e78a-42e1-b114-2e34ec5a968d is started using port 38125 for RATIS_ADMIN
2022-04-26 01:52:35,689 [EndpointStateMachine task thread for /0.0.0.0:33285 - 0 ] INFO  ratis.XceiverServerRatis (XceiverServerRatis.java:getRealPort(502)) - XceiverServerRatis aa794ff7-e78a-42e1-b114-2e34ec5a968d is started using port 38125 for RATIS_SERVER
2022-04-26 01:52:35,693 [org.apache.ratis.util.JvmPauseMonitor$$Lambda$580/456889832@2fce700a] INFO  util.JvmPauseMonitor (JvmPauseMonitor.java:run(103)) - JvmPauseMonitor-aa794ff7-e78a-42e1-b114-2e34ec5a968d: Started
2022-04-26 01:52:35,709 [EndpointStateMachine task thread for /0.0.0.0:33285 - 0 ] INFO  server.XceiverServerGrpc (XceiverServerGrpc.java:start(180)) - XceiverServerGrpc aa794ff7-e78a-42e1-b114-2e34ec5a968d is started using port 37029
2022-04-26 01:52:36,034 [Listener at 127.0.0.1/46323] INFO  ozone.MiniOzoneClusterImpl (MiniOzoneClusterImpl.java:lambda$waitForClusterToBeReady$0(221)) - Waiting for nodes to be ready. Got 0 of 5 DN Heartbeats.
2022-04-26 01:52:36,034 [Listener at 127.0.0.1/46323] INFO  ozone.MiniOzoneClusterImpl (MiniOzoneClusterImpl.java:lambda$waitForClusterToBeReady$0(224)) - Waiting for cluster to exit safe mode
2022-04-26 01:52:36,034 [Listener at 127.0.0.1/46323] INFO  ozone.MiniOzoneClusterImpl (MiniOzoneClusterImpl.java:lambda$waitForClusterToBeReady$0(226)) - SCM became leader
2022-04-26 01:52:36,198 [EndpointStateMachine task thread for /0.0.0.0:33285 - 0 ] INFO  ozoneimpl.OzoneContainer (OzoneContainer.java:start(335)) - Attempting to start container services.
2022-04-26 01:52:36,198 [EndpointStateMachine task thread for /0.0.0.0:33285 - 0 ] INFO  ozoneimpl.OzoneContainer (OzoneContainer.java:startContainerScrub(270)) - Background container scanner has been disabled.
2022-04-26 01:52:36,198 [EndpointStateMachine task thread for /0.0.0.0:33285 - 0 ] INFO  replication.ReplicationServer (ReplicationServer.java:start(111)) - ReplicationServer is started using port 37319
2022-04-26 01:52:36,199 [EndpointStateMachine task thread for /0.0.0.0:33285 - 0 ] INFO  ratis.XceiverServerRatis (XceiverServerRatis.java:start(481)) - Starting XceiverServerRatis 34d2ba22-a7fd-4f79-9d8a-4dadf85377fe
2022-04-26 01:52:36,201 [EndpointStateMachine task thread for /0.0.0.0:33285 - 0 ] INFO  server.RaftServer (RaftServerProxy.java:lambda$start$5(374)) - 34d2ba22-a7fd-4f79-9d8a-4dadf85377fe: start RPC server
2022-04-26 01:52:36,209 [EndpointStateMachine task thread for /0.0.0.0:33285 - 0 ] INFO  server.GrpcService (GrpcService.java:startImpl(253)) - 34d2ba22-a7fd-4f79-9d8a-4dadf85377fe: GrpcService started, listening on 38711
2022-04-26 01:52:36,221 [EndpointStateMachine task thread for /0.0.0.0:33285 - 0 ] INFO  ratis.XceiverServerRatis (XceiverServerRatis.java:getRealPort(502)) - XceiverServerRatis 34d2ba22-a7fd-4f79-9d8a-4dadf85377fe is started using port 38711 for RATIS
2022-04-26 01:52:36,221 [EndpointStateMachine task thread for /0.0.0.0:33285 - 0 ] INFO  ratis.XceiverServerRatis (XceiverServerRatis.java:getRealPort(502)) - XceiverServerRatis 34d2ba22-a7fd-4f79-9d8a-4dadf85377fe is started using port 38711 for RATIS_ADMIN
2022-04-26 01:52:36,221 [EndpointStateMachine task thread for /0.0.0.0:33285 - 0 ] INFO  ratis.XceiverServerRatis (XceiverServerRatis.java:getRealPort(502)) - XceiverServerRatis 34d2ba22-a7fd-4f79-9d8a-4dadf85377fe is started using port 38711 for RATIS_SERVER
2022-04-26 01:52:36,229 [org.apache.ratis.util.JvmPauseMonitor$$Lambda$580/456889832@4807bc41] INFO  util.JvmPauseMonitor (JvmPauseMonitor.java:run(103)) - JvmPauseMonitor-34d2ba22-a7fd-4f79-9d8a-4dadf85377fe: Started
2022-04-26 01:52:36,230 [EndpointStateMachine task thread for /0.0.0.0:33285 - 0 ] INFO  server.XceiverServerGrpc (XceiverServerGrpc.java:start(180)) - XceiverServerGrpc 34d2ba22-a7fd-4f79-9d8a-4dadf85377fe is started using port 43815
2022-04-26 01:52:36,625 [EndpointStateMachine task thread for /0.0.0.0:33285 - 0 ] INFO  ozoneimpl.OzoneContainer (OzoneContainer.java:start(335)) - Attempting to start container services.
2022-04-26 01:52:36,625 [EndpointStateMachine task thread for /0.0.0.0:33285 - 0 ] INFO  ozoneimpl.OzoneContainer (OzoneContainer.java:startContainerScrub(270)) - Background container scanner has been disabled.
2022-04-26 01:52:36,626 [EndpointStateMachine task thread for /0.0.0.0:33285 - 0 ] INFO  replication.ReplicationServer (ReplicationServer.java:start(111)) - ReplicationServer is started using port 35485
2022-04-26 01:52:36,637 [EndpointStateMachine task thread for /0.0.0.0:33285 - 0 ] INFO  ratis.XceiverServerRatis (XceiverServerRatis.java:start(481)) - Starting XceiverServerRatis 1861c462-4d2a-43a5-96af-87853490527e
2022-04-26 01:52:36,649 [EndpointStateMachine task thread for /0.0.0.0:33285 - 0 ] INFO  server.RaftServer (RaftServerProxy.java:lambda$start$5(374)) - 1861c462-4d2a-43a5-96af-87853490527e: start RPC server
2022-04-26 01:52:36,650 [EndpointStateMachine task thread for /0.0.0.0:33285 - 0 ] INFO  server.GrpcService (GrpcService.java:startImpl(253)) - 1861c462-4d2a-43a5-96af-87853490527e: GrpcService started, listening on 42337
2022-04-26 01:52:36,650 [EndpointStateMachine task thread for /0.0.0.0:33285 - 0 ] INFO  ratis.XceiverServerRatis (XceiverServerRatis.java:getRealPort(502)) - XceiverServerRatis 1861c462-4d2a-43a5-96af-87853490527e is started using port 42337 for RATIS
2022-04-26 01:52:36,650 [EndpointStateMachine task thread for /0.0.0.0:33285 - 0 ] INFO  ratis.XceiverServerRatis (XceiverServerRatis.java:getRealPort(502)) - XceiverServerRatis 1861c462-4d2a-43a5-96af-87853490527e is started using port 42337 for RATIS_ADMIN
2022-04-26 01:52:36,650 [EndpointStateMachine task thread for /0.0.0.0:33285 - 0 ] INFO  ratis.XceiverServerRatis (XceiverServerRatis.java:getRealPort(502)) - XceiverServerRatis 1861c462-4d2a-43a5-96af-87853490527e is started using port 42337 for RATIS_SERVER
2022-04-26 01:52:36,651 [org.apache.ratis.util.JvmPauseMonitor$$Lambda$580/456889832@7de4677a] INFO  util.JvmPauseMonitor (JvmPauseMonitor.java:run(103)) - JvmPauseMonitor-1861c462-4d2a-43a5-96af-87853490527e: Started
2022-04-26 01:52:36,651 [EndpointStateMachine task thread for /0.0.0.0:33285 - 0 ] INFO  server.XceiverServerGrpc (XceiverServerGrpc.java:start(180)) - XceiverServerGrpc 1861c462-4d2a-43a5-96af-87853490527e is started using port 40561
2022-04-26 01:52:36,903 [IPC Server handler 1 on default port 33285] INFO  net.NetworkTopologyImpl (NetworkTopologyImpl.java:add(112)) - Added a new node: /default-rack/e687a55e-a1fa-40ca-b40d-7e860929e1d7
2022-04-26 01:52:36,903 [IPC Server handler 1 on default port 33285] INFO  node.SCMNodeManager (SCMNodeManager.java:register(391)) - Registered Data node : e687a55e-a1fa-40ca-b40d-7e860929e1d7{ip: 10.1.0.42, host: fv-az50-870.grzltbmokehuzjyc5b133kdqgh.cx.internal.cloudapp.net, ports: [REPLICATION=41677, RATIS=39343, RATIS_ADMIN=39343, RATIS_SERVER=39343, STANDALONE=46643], networkLocation: /default-rack, certSerialId: null, persistedOpState: null, persistedOpStateExpiryEpochSec: 0}
2022-04-26 01:52:36,905 [EventQueue-NodeRegistrationContainerReportForDataNodeSafeModeRule] INFO  safemode.SCMSafeModeManager (DataNodeSafeModeRule.java:process(71)) - SCM in safe mode. 1 DataNodes registered, 3 required.
2022-04-26 01:52:36,905 [EventQueue-NodeRegistrationContainerReportForContainerSafeModeRule] INFO  safemode.SCMSafeModeManager (SCMSafeModeManager.java:validateSafeModeExitRules(204)) - ContainerSafeModeRule rule is successfully validated
2022-04-26 01:52:36,917 [EventQueue-PipelineReportForOneReplicaPipelineSafeModeRule] INFO  safemode.SCMSafeModeManager (SCMSafeModeManager.java:validateSafeModeExitRules(204)) - AtleastOneDatanodeReportedRule rule is successfully validated
2022-04-26 01:52:36,922 [EventQueue-NewNodeForNewNodeHandler] INFO  pipeline.BackgroundPipelineCreator (BackgroundPipelineCreator.java:notifyEventTriggered(284)) - trigger a one-shot run on RatisPipelineUtilsThread.
2022-04-26 01:52:36,922 [RatisPipelineUtilsThread - 0] INFO  pipeline.RatisPipelineProvider (RatisPipelineProvider.java:lambda$create$0(195)) - Sending CreatePipelineCommand for pipeline:PipelineID=068de98f-94df-4c2c-bfbf-0856fe1275a2 to datanode:e687a55e-a1fa-40ca-b40d-7e860929e1d7
2022-04-26 01:52:36,925 [RatisPipelineUtilsThread - 0] INFO  pipeline.PipelineStateManagerImpl (PipelineStateManagerImpl.java:addPipeline(101)) - Created pipeline Pipeline[ Id: 068de98f-94df-4c2c-bfbf-0856fe1275a2, Nodes: e687a55e-a1fa-40ca-b40d-7e860929e1d7{ip: 10.1.0.42, host: fv-az50-870.grzltbmokehuzjyc5b133kdqgh.cx.internal.cloudapp.net, ports: [REPLICATION=41677, RATIS=39343, RATIS_ADMIN=39343, RATIS_SERVER=39343, STANDALONE=46643], networkLocation: /default-rack, certSerialId: null, persistedOpState: IN_SERVICE, persistedOpStateExpiryEpochSec: 0}, ReplicationConfig: RATIS/ONE, State:ALLOCATED, leaderId:, CreationTimestamp2022-04-26T01:52:36.922Z[Etc/UTC]].
2022-04-26 01:52:37,034 [Listener at 127.0.0.1/46323] INFO  ozone.MiniOzoneClusterImpl (MiniOzoneClusterImpl.java:lambda$waitForClusterToBeReady$0(221)) - Waiting for nodes to be ready. Got 1 of 5 DN Heartbeats.
2022-04-26 01:52:37,035 [Listener at 127.0.0.1/46323] INFO  ozone.MiniOzoneClusterImpl (MiniOzoneClusterImpl.java:lambda$waitForClusterToBeReady$0(224)) - Waiting for cluster to exit safe mode
2022-04-26 01:52:37,035 [Listener at 127.0.0.1/46323] INFO  ozone.MiniOzoneClusterImpl (MiniOzoneClusterImpl.java:lambda$waitForClusterToBeReady$0(226)) - SCM became leader
2022-04-26 01:52:37,086 [EndpointStateMachine task thread for /0.0.0.0:33285 - 0 ] INFO  ozoneimpl.OzoneContainer (OzoneContainer.java:start(335)) - Attempting to start container services.
2022-04-26 01:52:37,087 [EndpointStateMachine task thread for /0.0.0.0:33285 - 0 ] INFO  ozoneimpl.OzoneContainer (OzoneContainer.java:startContainerScrub(270)) - Background container scanner has been disabled.
2022-04-26 01:52:37,090 [EndpointStateMachine task thread for /0.0.0.0:33285 - 0 ] INFO  replication.ReplicationServer (ReplicationServer.java:start(111)) - ReplicationServer is started using port 33273
2022-04-26 01:52:37,090 [EndpointStateMachine task thread for /0.0.0.0:33285 - 0 ] INFO  ratis.XceiverServerRatis (XceiverServerRatis.java:start(481)) - Starting XceiverServerRatis bb1850ef-697f-4d85-a277-10b40770eb06
2022-04-26 01:52:37,093 [EndpointStateMachine task thread for /0.0.0.0:33285 - 0 ] INFO  server.RaftServer (RaftServerProxy.java:lambda$start$5(374)) - bb1850ef-697f-4d85-a277-10b40770eb06: start RPC server
2022-04-26 01:52:37,101 [EndpointStateMachine task thread for /0.0.0.0:33285 - 0 ] INFO  server.GrpcService (GrpcService.java:startImpl(253)) - bb1850ef-697f-4d85-a277-10b40770eb06: GrpcService started, listening on 42845
2022-04-26 01:52:37,101 [EndpointStateMachine task thread for /0.0.0.0:33285 - 0 ] INFO  ratis.XceiverServerRatis (XceiverServerRatis.java:getRealPort(502)) - XceiverServerRatis bb1850ef-697f-4d85-a277-10b40770eb06 is started using port 42845 for RATIS
2022-04-26 01:52:37,101 [EndpointStateMachine task thread for /0.0.0.0:33285 - 0 ] INFO  ratis.XceiverServerRatis (XceiverServerRatis.java:getRealPort(502)) - XceiverServerRatis bb1850ef-697f-4d85-a277-10b40770eb06 is started using port 42845 for RATIS_ADMIN
2022-04-26 01:52:37,102 [EndpointStateMachine task thread for /0.0.0.0:33285 - 0 ] INFO  ratis.XceiverServerRatis (XceiverServerRatis.java:getRealPort(502)) - XceiverServerRatis bb1850ef-697f-4d85-a277-10b40770eb06 is started using port 42845 for RATIS_SERVER
2022-04-26 01:52:37,102 [org.apache.ratis.util.JvmPauseMonitor$$Lambda$580/456889832@1c18cf6c] INFO  util.JvmPauseMonitor (JvmPauseMonitor.java:run(103)) - JvmPauseMonitor-bb1850ef-697f-4d85-a277-10b40770eb06: Started
2022-04-26 01:52:37,102 [EndpointStateMachine task thread for /0.0.0.0:33285 - 0 ] INFO  server.XceiverServerGrpc (XceiverServerGrpc.java:start(180)) - XceiverServerGrpc bb1850ef-697f-4d85-a277-10b40770eb06 is started using port 46449
2022-04-26 01:52:37,622 [IPC Server handler 1 on default port 33285] INFO  net.NetworkTopologyImpl (NetworkTopologyImpl.java:add(112)) - Added a new node: /default-rack/aa794ff7-e78a-42e1-b114-2e34ec5a968d
2022-04-26 01:52:37,623 [IPC Server handler 1 on default port 33285] INFO  node.SCMNodeManager (SCMNodeManager.java:register(391)) - Registered Data node : aa794ff7-e78a-42e1-b114-2e34ec5a968d{ip: 10.1.0.42, host: fv-az50-870.grzltbmokehuzjyc5b133kdqgh.cx.internal.cloudapp.net, ports: [REPLICATION=41163, RATIS=38125, RATIS_ADMIN=38125, RATIS_SERVER=38125, STANDALONE=37029], networkLocation: /default-rack, certSerialId: null, persistedOpState: null, persistedOpStateExpiryEpochSec: 0}
2022-04-26 01:52:37,623 [EventQueue-NewNodeForNewNodeHandler] INFO  pipeline.BackgroundPipelineCreator (BackgroundPipelineCreator.java:notifyEventTriggered(284)) - trigger a one-shot run on RatisPipelineUtilsThread.
2022-04-26 01:52:37,633 [EventQueue-NodeRegistrationContainerReportForDataNodeSafeModeRule] INFO  safemode.SCMSafeModeManager (DataNodeSafeModeRule.java:process(71)) - SCM in safe mode. 2 DataNodes registered, 3 required.
2022-04-26 01:52:37,634 [RatisPipelineUtilsThread - 0] INFO  pipeline.RatisPipelineProvider (RatisPipelineProvider.java:lambda$create$0(195)) - Sending CreatePipelineCommand for pipeline:PipelineID=e83b4efc-186c-40cc-bba9-cfa5ec2879d8 to datanode:aa794ff7-e78a-42e1-b114-2e34ec5a968d
2022-04-26 01:52:37,635 [RatisPipelineUtilsThread - 0] INFO  pipeline.PipelineStateManagerImpl (PipelineStateManagerImpl.java:addPipeline(101)) - Created pipeline Pipeline[ Id: e83b4efc-186c-40cc-bba9-cfa5ec2879d8, Nodes: aa794ff7-e78a-42e1-b114-2e34ec5a968d{ip: 10.1.0.42, host: fv-az50-870.grzltbmokehuzjyc5b133kdqgh.cx.internal.cloudapp.net, ports: [REPLICATION=41163, RATIS=38125, RATIS_ADMIN=38125, RATIS_SERVER=38125, STANDALONE=37029], networkLocation: /default-rack, certSerialId: null, persistedOpState: IN_SERVICE, persistedOpStateExpiryEpochSec: 0}, ReplicationConfig: RATIS/ONE, State:ALLOCATED, leaderId:, CreationTimestamp2022-04-26T01:52:37.634Z[Etc/UTC]].
2022-04-26 01:52:38,035 [Listener at 127.0.0.1/46323] INFO  ozone.MiniOzoneClusterImpl (MiniOzoneClusterImpl.java:lambda$waitForClusterToBeReady$0(221)) - Waiting for nodes to be ready. Got 2 of 5 DN Heartbeats.
2022-04-26 01:52:38,035 [Listener at 127.0.0.1/46323] INFO  ozone.MiniOzoneClusterImpl (MiniOzoneClusterImpl.java:lambda$waitForClusterToBeReady$0(224)) - Waiting for cluster to exit safe mode
2022-04-26 01:52:38,035 [Listener at 127.0.0.1/46323] INFO  ozone.MiniOzoneClusterImpl (MiniOzoneClusterImpl.java:lambda$waitForClusterToBeReady$0(226)) - SCM became leader
2022-04-26 01:52:38,165 [IPC Server handler 3 on default port 33285] INFO  net.NetworkTopologyImpl (NetworkTopologyImpl.java:add(112)) - Added a new node: /default-rack/34d2ba22-a7fd-4f79-9d8a-4dadf85377fe
2022-04-26 01:52:38,166 [IPC Server handler 3 on default port 33285] INFO  node.SCMNodeManager (SCMNodeManager.java:register(391)) - Registered Data node : 34d2ba22-a7fd-4f79-9d8a-4dadf85377fe{ip: 10.1.0.42, host: fv-az50-870.grzltbmokehuzjyc5b133kdqgh.cx.internal.cloudapp.net, ports: [REPLICATION=37319, RATIS=38711, RATIS_ADMIN=38711, RATIS_SERVER=38711, STANDALONE=43815], networkLocation: /default-rack, certSerialId: null, persistedOpState: null, persistedOpStateExpiryEpochSec: 0}
2022-04-26 01:52:38,166 [EventQueue-NewNodeForNewNodeHandler] INFO  pipeline.BackgroundPipelineCreator (BackgroundPipelineCreator.java:notifyEventTriggered(284)) - trigger a one-shot run on RatisPipelineUtilsThread.
2022-04-26 01:52:38,166 [RatisPipelineUtilsThread - 0] INFO  pipeline.RatisPipelineProvider (RatisPipelineProvider.java:lambda$create$0(195)) - Sending CreatePipelineCommand for pipeline:PipelineID=6f3bf367-62c6-4b05-8d00-fbbe72b9f907 to datanode:34d2ba22-a7fd-4f79-9d8a-4dadf85377fe
2022-04-26 01:52:38,167 [RatisPipelineUtilsThread - 0] INFO  pipeline.PipelineStateManagerImpl (PipelineStateManagerImpl.java:addPipeline(101)) - Created pipeline Pipeline[ Id: 6f3bf367-62c6-4b05-8d00-fbbe72b9f907, Nodes: 34d2ba22-a7fd-4f79-9d8a-4dadf85377fe{ip: 10.1.0.42, host: fv-az50-870.grzltbmokehuzjyc5b133kdqgh.cx.internal.cloudapp.net, ports: [REPLICATION=37319, RATIS=38711, RATIS_ADMIN=38711, RATIS_SERVER=38711, STANDALONE=43815], networkLocation: /default-rack, certSerialId: null, persistedOpState: IN_SERVICE, persistedOpStateExpiryEpochSec: 0}, ReplicationConfig: RATIS/ONE, State:ALLOCATED, leaderId:, CreationTimestamp2022-04-26T01:52:38.166Z[Etc/UTC]].
2022-04-26 01:52:38,173 [EventQueue-NodeRegistrationContainerReportForDataNodeSafeModeRule] INFO  safemode.SCMSafeModeManager (DataNodeSafeModeRule.java:process(71)) - SCM in safe mode. 3 DataNodes registered, 3 required.
2022-04-26 01:52:38,173 [EventQueue-NodeRegistrationContainerReportForDataNodeSafeModeRule] INFO  safemode.SCMSafeModeManager (SCMSafeModeManager.java:validateSafeModeExitRules(204)) - DataNodeSafeModeRule rule is successfully validated
2022-04-26 01:52:38,173 [EventQueue-NodeRegistrationContainerReportForDataNodeSafeModeRule] INFO  safemode.SCMSafeModeManager (SCMSafeModeManager.java:completePreCheck(233)) - All SCM safe mode pre check rules have passed
2022-04-26 01:52:38,173 [EventQueue-NodeRegistrationContainerReportForDataNodeSafeModeRule] WARN  events.EventQueue (EventQueue.java:fireEvent(194)) - No event handler registered for event TypedEvent{payloadType=SafeModeStatus, name='Safe mode status'}
2022-04-26 01:52:38,173 [EventQueue-NodeRegistrationContainerReportForDataNodeSafeModeRule] INFO  ha.SCMContext (SCMContext.java:updateSafeModeStatus(211)) - Update SafeModeStatus from SafeModeStatus{safeModeStatus=true, preCheckPassed=false} to SafeModeStatus{safeModeStatus=true, preCheckPassed=true}.
2022-04-26 01:52:38,173 [EventQueue-NodeRegistrationContainerReportForDataNodeSafeModeRule] INFO  pipeline.BackgroundPipelineCreator (BackgroundPipelineCreator.java:notifyEventTriggered(284)) - trigger a one-shot run on RatisPipelineUtilsThread.
2022-04-26 01:52:38,174 [RatisPipelineUtilsThread - 0] INFO  pipeline.RatisPipelineProvider (RatisPipelineProvider.java:lambda$create$0(195)) - Sending CreatePipelineCommand for pipeline:PipelineID=add654dc-4a98-4ab0-be34-e32b954bd76f to datanode:aa794ff7-e78a-42e1-b114-2e34ec5a968d
2022-04-26 01:52:38,178 [RatisPipelineUtilsThread - 0] INFO  pipeline.RatisPipelineProvider (RatisPipelineProvider.java:lambda$create$0(195)) - Sending CreatePipelineCommand for pipeline:PipelineID=add654dc-4a98-4ab0-be34-e32b954bd76f to datanode:34d2ba22-a7fd-4f79-9d8a-4dadf85377fe
2022-04-26 01:52:38,178 [RatisPipelineUtilsThread - 0] INFO  pipeline.RatisPipelineProvider (RatisPipelineProvider.java:lambda$create$0(195)) - Sending CreatePipelineCommand for pipeline:PipelineID=add654dc-4a98-4ab0-be34-e32b954bd76f to datanode:e687a55e-a1fa-40ca-b40d-7e860929e1d7
2022-04-26 01:52:38,193 [RatisPipelineUtilsThread - 0] INFO  pipeline.PipelineStateManagerImpl (PipelineStateManagerImpl.java:addPipeline(101)) - Created pipeline Pipeline[ Id: add654dc-4a98-4ab0-be34-e32b954bd76f, Nodes: aa794ff7-e78a-42e1-b114-2e34ec5a968d{ip: 10.1.0.42, host: fv-az50-870.grzltbmokehuzjyc5b133kdqgh.cx.internal.cloudapp.net, ports: [REPLICATION=41163, RATIS=38125, RATIS_ADMIN=38125, RATIS_SERVER=38125, STANDALONE=37029], networkLocation: /default-rack, certSerialId: null, persistedOpState: IN_SERVICE, persistedOpStateExpiryEpochSec: 0}34d2ba22-a7fd-4f79-9d8a-4dadf85377fe{ip: 10.1.0.42, host: fv-az50-870.grzltbmokehuzjyc5b133kdqgh.cx.internal.cloudapp.net, ports: [REPLICATION=37319, RATIS=38711, RATIS_ADMIN=38711, RATIS_SERVER=38711, STANDALONE=43815], networkLocation: /default-rack, certSerialId: null, persistedOpState: IN_SERVICE, persistedOpStateExpiryEpochSec: 0}e687a55e-a1fa-40ca-b40d-7e860929e1d7{ip: 10.1.0.42, host: fv-az50-870.grzltbmokehuzjyc5b133kdqgh.cx.internal.cloudapp.net, ports: [REPLICATION=41677, RATIS=39343, RATIS_ADMIN=39343, RATIS_SERVER=39343, STANDALONE=46643], networkLocation: /default-rack, certSerialId: null, persistedOpState: IN_SERVICE, persistedOpStateExpiryEpochSec: 0}, ReplicationConfig: RATIS/THREE, State:ALLOCATED, leaderId:, CreationTimestamp2022-04-26T01:52:38.174Z[Etc/UTC]].
2022-04-26 01:52:38,193 [RatisPipelineUtilsThread - 0] INFO  pipeline.RatisPipelineProvider (RatisPipelineProvider.java:lambda$create$0(195)) - Sending CreatePipelineCommand for pipeline:PipelineID=23c02323-6405-4129-9c16-f2e40a8b7cd1 to datanode:e687a55e-a1fa-40ca-b40d-7e860929e1d7
2022-04-26 01:52:38,193 [RatisPipelineUtilsThread - 0] INFO  pipeline.RatisPipelineProvider (RatisPipelineProvider.java:lambda$create$0(195)) - Sending CreatePipelineCommand for pipeline:PipelineID=23c02323-6405-4129-9c16-f2e40a8b7cd1 to datanode:aa794ff7-e78a-42e1-b114-2e34ec5a968d
2022-04-26 01:52:38,193 [RatisPipelineUtilsThread - 0] INFO  pipeline.RatisPipelineProvider (RatisPipelineProvider.java:lambda$create$0(195)) - Sending CreatePipelineCommand for pipeline:PipelineID=23c02323-6405-4129-9c16-f2e40a8b7cd1 to datanode:34d2ba22-a7fd-4f79-9d8a-4dadf85377fe
2022-04-26 01:52:38,194 [RatisPipelineUtilsThread - 0] INFO  pipeline.PipelineStateManagerImpl (PipelineStateManagerImpl.java:addPipeline(101)) - Created pipeline Pipeline[ Id: 23c02323-6405-4129-9c16-f2e40a8b7cd1, Nodes: e687a55e-a1fa-40ca-b40d-7e860929e1d7{ip: 10.1.0.42, host: fv-az50-870.grzltbmokehuzjyc5b133kdqgh.cx.internal.cloudapp.net, ports: [REPLICATION=41677, RATIS=39343, RATIS_ADMIN=39343, RATIS_SERVER=39343, STANDALONE=46643], networkLocation: /default-rack, certSerialId: null, persistedOpState: IN_SERVICE, persistedOpStateExpiryEpochSec: 0}aa794ff7-e78a-42e1-b114-2e34ec5a968d{ip: 10.1.0.42, host: fv-az50-870.grzltbmokehuzjyc5b133kdqgh.cx.internal.cloudapp.net, ports: [REPLICATION=41163, RATIS=38125, RATIS_ADMIN=38125, RATIS_SERVER=38125, STANDALONE=37029], networkLocation: /default-rack, certSerialId: null, persistedOpState: IN_SERVICE, persistedOpStateExpiryEpochSec: 0}34d2ba22-a7fd-4f79-9d8a-4dadf85377fe{ip: 10.1.0.42, host: fv-az50-870.grzltbmokehuzjyc5b133kdqgh.cx.internal.cloudapp.net, ports: [REPLICATION=37319, RATIS=38711, RATIS_ADMIN=38711, RATIS_SERVER=38711, STANDALONE=43815], networkLocation: /default-rack, certSerialId: null, persistedOpState: IN_SERVICE, persistedOpStateExpiryEpochSec: 0}, ReplicationConfig: RATIS/THREE, State:ALLOCATED, leaderId:, CreationTimestamp2022-04-26T01:52:38.193Z[Etc/UTC]].
2022-04-26 01:52:38,194 [RatisPipelineUtilsThread - 0] INFO  pipeline.PipelineManagerImpl (PipelineManagerImpl.java:recordMetricsForPipeline(669)) - Pipeline: PipelineID=23c02323-6405-4129-9c16-f2e40a8b7cd1 contains same datanodes as previous pipelines: PipelineID=add654dc-4a98-4ab0-be34-e32b954bd76f nodeIds: e687a55e-a1fa-40ca-b40d-7e860929e1d7, aa794ff7-e78a-42e1-b114-2e34ec5a968d, 34d2ba22-a7fd-4f79-9d8a-4dadf85377fe
2022-04-26 01:52:38,602 [IPC Server handler 0 on default port 33285] INFO  net.NetworkTopologyImpl (NetworkTopologyImpl.java:add(112)) - Added a new node: /default-rack/1861c462-4d2a-43a5-96af-87853490527e
2022-04-26 01:52:38,603 [IPC Server handler 0 on default port 33285] INFO  node.SCMNodeManager (SCMNodeManager.java:register(391)) - Registered Data node : 1861c462-4d2a-43a5-96af-87853490527e{ip: 10.1.0.42, host: fv-az50-870.grzltbmokehuzjyc5b133kdqgh.cx.internal.cloudapp.net, ports: [REPLICATION=35485, RATIS=42337, RATIS_ADMIN=42337, RATIS_SERVER=42337, STANDALONE=40561], networkLocation: /default-rack, certSerialId: null, persistedOpState: null, persistedOpStateExpiryEpochSec: 0}
2022-04-26 01:52:38,605 [EventQueue-NewNodeForNewNodeHandler] INFO  pipeline.BackgroundPipelineCreator (BackgroundPipelineCreator.java:notifyEventTriggered(284)) - trigger a one-shot run on RatisPipelineUtilsThread.
2022-04-26 01:52:38,606 [RatisPipelineUtilsThread - 0] INFO  pipeline.RatisPipelineProvider (RatisPipelineProvider.java:lambda$create$0(195)) - Sending CreatePipelineCommand for pipeline:PipelineID=3d937d22-f5cf-4a0b-8e6a-7579b0c0cdfd to datanode:1861c462-4d2a-43a5-96af-87853490527e
2022-04-26 01:52:38,607 [RatisPipelineUtilsThread - 0] INFO  pipeline.PipelineStateManagerImpl (PipelineStateManagerImpl.java:addPipeline(101)) - Created pipeline Pipeline[ Id: 3d937d22-f5cf-4a0b-8e6a-7579b0c0cdfd, Nodes: 1861c462-4d2a-43a5-96af-87853490527e{ip: 10.1.0.42, host: fv-az50-870.grzltbmokehuzjyc5b133kdqgh.cx.internal.cloudapp.net, ports: [REPLICATION=35485, RATIS=42337, RATIS_ADMIN=42337, RATIS_SERVER=42337, STANDALONE=40561], networkLocation: /default-rack, certSerialId: null, persistedOpState: IN_SERVICE, persistedOpStateExpiryEpochSec: 0}, ReplicationConfig: RATIS/ONE, State:ALLOCATED, leaderId:, CreationTimestamp2022-04-26T01:52:38.606Z[Etc/UTC]].
2022-04-26 01:52:39,035 [Listener at 127.0.0.1/46323] INFO  ozone.MiniOzoneClusterImpl (MiniOzoneClusterImpl.java:lambda$waitForClusterToBeReady$0(221)) - Waiting for nodes to be ready. Got 4 of 5 DN Heartbeats.
2022-04-26 01:52:39,036 [Listener at 127.0.0.1/46323] INFO  ozone.MiniOzoneClusterImpl (MiniOzoneClusterImpl.java:lambda$waitForClusterToBeReady$0(224)) - Waiting for cluster to exit safe mode
2022-04-26 01:52:39,036 [Listener at 127.0.0.1/46323] INFO  ozone.MiniOzoneClusterImpl (MiniOzoneClusterImpl.java:lambda$waitForClusterToBeReady$0(226)) - SCM became leader
2022-04-26 01:52:39,054 [IPC Server handler 3 on default port 33285] INFO  net.NetworkTopologyImpl (NetworkTopologyImpl.java:add(112)) - Added a new node: /default-rack/bb1850ef-697f-4d85-a277-10b40770eb06
2022-04-26 01:52:39,055 [IPC Server handler 3 on default port 33285] INFO  node.SCMNodeManager (SCMNodeManager.java:register(391)) - Registered Data node : bb1850ef-697f-4d85-a277-10b40770eb06{ip: 10.1.0.42, host: fv-az50-870.grzltbmokehuzjyc5b133kdqgh.cx.internal.cloudapp.net, ports: [REPLICATION=33273, RATIS=42845, RATIS_ADMIN=42845, RATIS_SERVER=42845, STANDALONE=46449], networkLocation: /default-rack, certSerialId: null, persistedOpState: null, persistedOpStateExpiryEpochSec: 0}
2022-04-26 01:52:39,056 [EventQueue-NewNodeForNewNodeHandler] INFO  pipeline.BackgroundPipelineCreator (BackgroundPipelineCreator.java:notifyEventTriggered(284)) - trigger a one-shot run on RatisPipelineUtilsThread.
2022-04-26 01:52:39,056 [RatisPipelineUtilsThread - 0] INFO  pipeline.RatisPipelineProvider (RatisPipelineProvider.java:lambda$create$0(195)) - Sending CreatePipelineCommand for pipeline:PipelineID=710ddc24-5873-4ec3-bcb1-0bb2447b8345 to datanode:bb1850ef-697f-4d85-a277-10b40770eb06
2022-04-26 01:52:39,057 [RatisPipelineUtilsThread - 0] INFO  pipeline.PipelineStateManagerImpl (PipelineStateManagerImpl.java:addPipeline(101)) - Created pipeline Pipeline[ Id: 710ddc24-5873-4ec3-bcb1-0bb2447b8345, Nodes: bb1850ef-697f-4d85-a277-10b40770eb06{ip: 10.1.0.42, host: fv-az50-870.grzltbmokehuzjyc5b133kdqgh.cx.internal.cloudapp.net, ports: [REPLICATION=33273, RATIS=42845, RATIS_ADMIN=42845, RATIS_SERVER=42845, STANDALONE=46449], networkLocation: /default-rack, certSerialId: null, persistedOpState: IN_SERVICE, persistedOpStateExpiryEpochSec: 0}, ReplicationConfig: RATIS/ONE, State:ALLOCATED, leaderId:, CreationTimestamp2022-04-26T01:52:39.056Z[Etc/UTC]].
2022-04-26 01:52:39,902 [Command processor thread] INFO  server.RaftServer (RaftServerProxy.java:addNew(95)) - e687a55e-a1fa-40ca-b40d-7e860929e1d7: addNew group-0856FE1275A2:[e687a55e-a1fa-40ca-b40d-7e860929e1d7|rpc:10.1.0.42:39343|priority:1] returns group-0856FE1275A2:java.util.concurrent.CompletableFuture@624cd97c[Not completed]
2022-04-26 01:52:39,914 [pool-272-thread-1] INFO  server.RaftServer$Division (RaftServerImpl.java:<init>(184)) - e687a55e-a1fa-40ca-b40d-7e860929e1d7: new RaftServerImpl for group-0856FE1275A2:[e687a55e-a1fa-40ca-b40d-7e860929e1d7|rpc:10.1.0.42:39343|priority:1] with ContainerStateMachine:uninitialized
2022-04-26 01:52:39,960 [pool-272-thread-1] INFO  server.RaftServerConfigKeys (ConfUtils.java:logGet(44)) - raft.server.rpc.timeout.min = 5s (custom)
2022-04-26 01:52:39,960 [pool-272-thread-1] INFO  server.RaftServerConfigKeys (ConfUtils.java:logGet(44)) - raft.server.rpc.timeout.max = 5200ms (custom)
2022-04-26 01:52:39,960 [pool-272-thread-1] INFO  server.RaftServerConfigKeys (ConfUtils.java:logGet(44)) - raft.server.rpc.sleep.time = 25ms (default)
2022-04-26 01:52:39,960 [pool-272-thread-1] INFO  server.RaftServerConfigKeys (ConfUtils.java:logGet(44)) - raft.server.rpc.slowness.timeout = 300s (custom)
2022-04-26 01:52:39,960 [pool-272-thread-1] INFO  server.RaftServerConfigKeys (ConfUtils.java:logGet(44)) - raft.server.leaderelection.leader.step-down.wait-time = 10s (default)
2022-04-26 01:52:39,960 [pool-272-thread-1] INFO  server.RaftServerConfigKeys (ConfUtils.java:logGet(44)) - raft.server.sleep.deviation.threshold = 300ms (default)
2022-04-26 01:52:39,960 [pool-272-thread-1] INFO  server.RaftServerConfigKeys (ConfUtils.java:logGet(44)) - raft.server.log.appender.install.snapshot.enabled = false (custom)
2022-04-26 01:52:39,960 [pool-272-thread-1] INFO  server.RaftServer$Division (ServerState.java:<init>(105)) - e687a55e-a1fa-40ca-b40d-7e860929e1d7@group-0856FE1275A2: ConfigurationManager, init=-1: [e687a55e-a1fa-40ca-b40d-7e860929e1d7|rpc:10.1.0.42:39343|priority:1], old=null, confs=<EMPTY_MAP>
2022-04-26 01:52:39,960 [pool-272-thread-1] INFO  server.RaftServerConfigKeys (ConfUtils.java:logGet(44)) - raft.server.storage.dir = [/home/runner/work/ozone/ozone/hadoop-ozone/integration-test/target/test-dir/MiniOzoneClusterImpl-1f178f74-bffb-4b20-8a8e-7aaf5f3ffa17/datanode-0/data/ratis] (custom)
2022-04-26 01:52:39,960 [pool-272-thread-1] INFO  server.RaftServerConfigKeys (ConfUtils.java:logGet(44)) - raft.server.log.corruption.policy = EXCEPTION (default)
2022-04-26 01:52:39,960 [pool-272-thread-1] INFO  server.RaftServerConfigKeys (ConfUtils.java:logGet(44)) - raft.server.storage.free-space.min = 0MB (=0) (default)
2022-04-26 01:52:39,961 [pool-272-thread-1] INFO  storage.RaftStorageDirectory (RaftStorageDirectoryImpl.java:analyzeStorage(135)) - The storage directory /home/runner/work/ozone/ozone/hadoop-ozone/integration-test/target/test-dir/MiniOzoneClusterImpl-1f178f74-bffb-4b20-8a8e-7aaf5f3ffa17/datanode-0/data/ratis/068de98f-94df-4c2c-bfbf-0856fe1275a2 does not exist. Creating ...
2022-04-26 01:52:39,962 [pool-272-thread-1] INFO  storage.RaftStorageDirectory (RaftStorageDirectoryImpl.java:tryLock(230)) - Lock on /home/runner/work/ozone/ozone/hadoop-ozone/integration-test/target/test-dir/MiniOzoneClusterImpl-1f178f74-bffb-4b20-8a8e-7aaf5f3ffa17/datanode-0/data/ratis/068de98f-94df-4c2c-bfbf-0856fe1275a2/in_use.lock acquired by nodename 18609@fv-az50-870
2022-04-26 01:52:39,963 [pool-272-thread-1] INFO  storage.RaftStorage (RaftStorageImpl.java:format(89)) - Storage directory /home/runner/work/ozone/ozone/hadoop-ozone/integration-test/target/test-dir/MiniOzoneClusterImpl-1f178f74-bffb-4b20-8a8e-7aaf5f3ffa17/datanode-0/data/ratis/068de98f-94df-4c2c-bfbf-0856fe1275a2 has been successfully formatted.
2022-04-26 01:52:39,964 [pool-272-thread-1] INFO  ratis.ContainerStateMachine (ContainerStateMachine.java:loadSnapshot(236)) - group-0856FE1275A2: The snapshot info is null. Setting the last applied indexto:(t:0, i:~)
2022-04-26 01:52:39,965 [pool-272-thread-1] INFO  server.RaftServerConfigKeys (ConfUtils.java:logGet(44)) - raft.server.notification.no-leader.timeout = 300s (custom)
2022-04-26 01:52:39,965 [pool-272-thread-1] INFO  server.RaftServerConfigKeys (ConfUtils.java:logGet(44)) - raft.server.log.use.memory = false (default)
2022-04-26 01:52:39,965 [pool-272-thread-1] INFO  server.RaftServerConfigKeys (ConfUtils.java:logGet(44)) - raft.server.log.purge.gap = 1000000 (custom)
2022-04-26 01:52:39,965 [pool-272-thread-1] INFO  server.RaftServerConfigKeys (ConfUtils.java:logGet(44)) - raft.server.log.appender.buffer.byte-limit = 33554432 (custom)
2022-04-26 01:52:39,969 [pool-272-thread-1] INFO  server.RaftServerConfigKeys (ConfUtils.java:logGet(44)) - raft.server.log.segment.size.max = 1048576 (custom)
2022-04-26 01:52:39,969 [EventQueue-PipelineReportForPipelineReportHandler] INFO  pipeline.PipelineManagerImpl (PipelineManagerImpl.java:openPipeline(321)) - Pipeline Pipeline[ Id: 068de98f-94df-4c2c-bfbf-0856fe1275a2, Nodes: e687a55e-a1fa-40ca-b40d-7e860929e1d7{ip: 10.1.0.42, host: fv-az50-870.grzltbmokehuzjyc5b133kdqgh.cx.internal.cloudapp.net, ports: [REPLICATION=41677, RATIS=39343, RATIS_ADMIN=39343, RATIS_SERVER=39343, STANDALONE=46643], networkLocation: /default-rack, certSerialId: null, persistedOpState: IN_SERVICE, persistedOpStateExpiryEpochSec: 0}, ReplicationConfig: RATIS/ONE, State:ALLOCATED, leaderId:e687a55e-a1fa-40ca-b40d-7e860929e1d7, CreationTimestamp2022-04-26T01:52:36.922Z[Etc/UTC]] moved to OPEN state
2022-04-26 01:52:39,969 [pool-272-thread-1] INFO  server.RaftServerConfigKeys (ConfUtils.java:logGet(44)) - raft.server.log.segment.cache.num.max = 2 (custom)
2022-04-26 01:52:39,970 [pool-272-thread-1] INFO  server.RaftServerConfigKeys (ConfUtils.java:logGet(44)) - raft.server.log.segment.cache.size.max = 200MB (=209715200) (default)
2022-04-26 01:52:39,970 [pool-272-thread-1] INFO  segmented.SegmentedRaftLogWorker (SegmentedRaftLogWorker.java:<init>(182)) - new e687a55e-a1fa-40ca-b40d-7e860929e1d7@group-0856FE1275A2-SegmentedRaftLogWorker for RaftStorageImpl:Storage Directory /home/runner/work/ozone/ozone/hadoop-ozone/integration-test/target/test-dir/MiniOzoneClusterImpl-1f178f74-bffb-4b20-8a8e-7aaf5f3ffa17/datanode-0/data/ratis/068de98f-94df-4c2c-bfbf-0856fe1275a2
2022-04-26 01:52:39,970 [pool-272-thread-1] INFO  server.RaftServerConfigKeys (ConfUtils.java:logGet(44)) - raft.server.log.queue.byte-limit = 4294967296 (custom)
2022-04-26 01:52:39,970 [pool-272-thread-1] INFO  server.RaftServerConfigKeys (ConfUtils.java:logGet(44)) - raft.server.log.queue.element-limit = 1024 (custom)
2022-04-26 01:52:39,993 [pool-272-thread-1] INFO  server.RaftServerConfigKeys (ConfUtils.java:logGet(44)) - raft.server.log.segment.size.max = 1048576 (custom)
2022-04-26 01:52:39,993 [pool-272-thread-1] INFO  server.RaftServerConfigKeys (ConfUtils.java:logGet(44)) - raft.server.log.preallocated.size = 16384 (custom)
2022-04-26 01:52:39,993 [pool-272-thread-1] INFO  server.RaftServerConfigKeys (ConfUtils.java:logGet(44)) - raft.server.log.force.sync.num = 128 (default)
2022-04-26 01:52:39,993 [pool-272-thread-1] INFO  server.RaftServerConfigKeys (ConfUtils.java:logGet(44)) - raft.server.log.statemachine.data.sync = true (default)
2022-04-26 01:52:39,993 [pool-272-thread-1] INFO  server.RaftServerConfigKeys (ConfUtils.java:logGet(44)) - raft.server.log.statemachine.data.sync.timeout = 10s (default)
2022-04-26 01:52:39,993 [pool-272-thread-1] INFO  server.RaftServerConfigKeys (ConfUtils.java:logGet(44)) - raft.server.log.statemachine.data.sync.timeout.retry = -1 (default)
2022-04-26 01:52:39,994 [pool-272-thread-1] INFO  server.RaftServerConfigKeys (ConfUtils.java:logGet(44)) - raft.server.log.write.buffer.size = 1048576 (custom)
2022-04-26 01:52:39,995 [pool-272-thread-1] INFO  server.RaftServerConfigKeys (ConfUtils.java:logGet(44)) - raft.server.log.statemachine.data.caching.enabled = true (custom)
2022-04-26 01:52:39,995 [pool-272-thread-1] INFO  segmented.SegmentedRaftLogWorker (SegmentedRaftLogWorker.java:lambda$new$0(133)) - e687a55e-a1fa-40ca-b40d-7e860929e1d7@group-0856FE1275A2-SegmentedRaftLogWorker: flushIndex: setUnconditionally 0 -> -1
2022-04-26 01:52:39,995 [pool-272-thread-1] INFO  segmented.SegmentedRaftLogWorker (SegmentedRaftLogWorker.java:lambda$new$0(133)) - e687a55e-a1fa-40ca-b40d-7e860929e1d7@group-0856FE1275A2-SegmentedRaftLogWorker: safeCacheEvictIndex: setUnconditionally 0 -> -1
2022-04-26 01:52:39,997 [EventQueue-OpenPipelineForHealthyPipelineSafeModeRule] INFO  safemode.SCMSafeModeManager (HealthyPipelineSafeModeRule.java:process(124)) - SCM in safe mode. Healthy pipelines reported count is 0, required healthy pipeline reported count is 1
2022-04-26 01:52:40,005 [pool-272-thread-1] INFO  server.RaftServerConfigKeys (ConfUtils.java:logGet(44)) - raft.server.snapshot.auto.trigger.enabled = true (custom)
2022-04-26 01:52:40,013 [pool-272-thread-1] INFO  server.RaftServerConfigKeys (ConfUtils.java:logGet(44)) - raft.server.snapshot.auto.trigger.threshold = 10000 (custom)
2022-04-26 01:52:40,013 [pool-272-thread-1] INFO  server.RaftServerConfigKeys (ConfUtils.java:logGet(44)) - raft.server.snapshot.retention.file.num = 5 (custom)
2022-04-26 01:52:40,013 [pool-272-thread-1] INFO  server.RaftServerConfigKeys (ConfUtils.java:logGet(44)) - raft.server.log.purge.upto.snapshot.index = false (default)
2022-04-26 01:52:40,013 [pool-272-thread-1] INFO  server.RaftServerConfigKeys (ConfUtils.java:logGet(44)) - raft.server.retrycache.expirytime = 600000ms (custom)
2022-04-26 01:52:40,013 [pool-272-thread-1] INFO  server.RaftServerConfigKeys (ConfUtils.java:logGet(44)) - raft.server.retrycache.statistics.expirytime = 100μs (default)
2022-04-26 01:52:40,014 [pool-272-thread-1] INFO  server.RaftServer$Division (RaftServerImpl.java:start(301)) - e687a55e-a1fa-40ca-b40d-7e860929e1d7@group-0856FE1275A2: start as a follower, conf=-1: [e687a55e-a1fa-40ca-b40d-7e860929e1d7|rpc:10.1.0.42:39343|priority:1], old=null
2022-04-26 01:52:40,015 [pool-272-thread-1] INFO  server.RaftServer$Division (RaftServerImpl.java:setRole(290)) - e687a55e-a1fa-40ca-b40d-7e860929e1d7@group-0856FE1275A2: changes role from      null to FOLLOWER at term 0 for startAsFollower
2022-04-26 01:52:40,015 [pool-272-thread-1] INFO  impl.RoleInfo (RoleInfo.java:updateAndGet(130)) - e687a55e-a1fa-40ca-b40d-7e860929e1d7: start e687a55e-a1fa-40ca-b40d-7e860929e1d7@group-0856FE1275A2-FollowerState
2022-04-26 01:52:40,033 [pool-272-thread-1] INFO  util.JmxRegister (JmxRegister.java:tryRegister(44)) - Successfully registered JMX Bean with object name Ratis:service=RaftServer,group=group-0856FE1275A2,id=e687a55e-a1fa-40ca-b40d-7e860929e1d7
2022-04-26 01:52:40,036 [Listener at 127.0.0.1/46323] INFO  ozone.MiniOzoneClusterImpl (MiniOzoneClusterImpl.java:lambda$waitForClusterToBeReady$0(221)) - Nodes are ready. Got 5 of 5 DN Heartbeats.
2022-04-26 01:52:40,036 [Listener at 127.0.0.1/46323] INFO  ozone.MiniOzoneClusterImpl (MiniOzoneClusterImpl.java:lambda$waitForClusterToBeReady$0(224)) - Waiting for cluster to exit safe mode
2022-04-26 01:52:40,036 [Listener at 127.0.0.1/46323] INFO  ozone.MiniOzoneClusterImpl (MiniOzoneClusterImpl.java:lambda$waitForClusterToBeReady$0(226)) - SCM became leader
2022-04-26 01:52:40,049 [Command processor thread] INFO  ratis.XceiverServerRatis (XceiverServerRatis.java:addGroup(765)) - Created group PipelineID=068de98f-94df-4c2c-bfbf-0856fe1275a2
2022-04-26 01:52:40,049 [Command processor thread] INFO  commandhandler.CreatePipelineCommandHandler (CreatePipelineCommandHandler.java:handle(113)) - Created Pipeline RATIS ONE PipelineID=068de98f-94df-4c2c-bfbf-0856fe1275a2.
2022-04-26 01:52:40,049 [Command processor thread] INFO  server.RaftServer (RaftServerProxy.java:addNew(95)) - e687a55e-a1fa-40ca-b40d-7e860929e1d7: addNew group-E32B954BD76F:[34d2ba22-a7fd-4f79-9d8a-4dadf85377fe|rpc:10.1.0.42:38711|priority:0, e687a55e-a1fa-40ca-b40d-7e860929e1d7|rpc:10.1.0.42:39343|priority:0, aa794ff7-e78a-42e1-b114-2e34ec5a968d|rpc:10.1.0.42:38125|priority:1] returns group-E32B954BD76F:java.util.concurrent.CompletableFuture@667351ed[Not completed]
2022-04-26 01:52:40,051 [pool-272-thread-1] INFO  server.RaftServer$Division (RaftServerImpl.java:<init>(184)) - e687a55e-a1fa-40ca-b40d-7e860929e1d7: new RaftServerImpl for group-E32B954BD76F:[34d2ba22-a7fd-4f79-9d8a-4dadf85377fe|rpc:10.1.0.42:38711|priority:0, e687a55e-a1fa-40ca-b40d-7e860929e1d7|rpc:10.1.0.42:39343|priority:0, aa794ff7-e78a-42e1-b114-2e34ec5a968d|rpc:10.1.0.42:38125|priority:1] with ContainerStateMachine:uninitialized
2022-04-26 01:52:40,051 [pool-272-thread-1] INFO  server.RaftServerConfigKeys (ConfUtils.java:logGet(44)) - raft.server.rpc.timeout.min = 5s (custom)
2022-04-26 01:52:40,051 [pool-272-thread-1] INFO  server.RaftServerConfigKeys (ConfUtils.java:logGet(44)) - raft.server.rpc.timeout.max = 5200ms (custom)
2022-04-26 01:52:40,051 [pool-272-thread-1] INFO  server.RaftServerConfigKeys (ConfUtils.java:logGet(44)) - raft.server.rpc.sleep.time = 25ms (default)
2022-04-26 01:52:40,051 [pool-272-thread-1] INFO  server.RaftServerConfigKeys (ConfUtils.java:logGet(44)) - raft.server.rpc.slowness.timeout = 300s (custom)
2022-04-26 01:52:40,051 [pool-272-thread-1] INFO  server.RaftServerConfigKeys (ConfUtils.java:logGet(44)) - raft.server.leaderelection.leader.step-down.wait-time = 10s (default)
2022-04-26 01:52:40,051 [pool-272-thread-1] INFO  server.RaftServerConfigKeys (ConfUtils.java:logGet(44)) - raft.server.sleep.deviation.threshold = 300ms (default)
2022-04-26 01:52:40,051 [pool-272-thread-1] INFO  server.RaftServerConfigKeys (ConfUtils.java:logGet(44)) - raft.server.log.appender.install.snapshot.enabled = false (custom)
2022-04-26 01:52:40,051 [pool-272-thread-1] INFO  server.RaftServer$Division (ServerState.java:<init>(105)) - e687a55e-a1fa-40ca-b40d-7e860929e1d7@group-E32B954BD76F: ConfigurationManager, init=-1: [34d2ba22-a7fd-4f79-9d8a-4dadf85377fe|rpc:10.1.0.42:38711|priority:0, e687a55e-a1fa-40ca-b40d-7e860929e1d7|rpc:10.1.0.42:39343|priority:0, aa794ff7-e78a-42e1-b114-2e34ec5a968d|rpc:10.1.0.42:38125|priority:1], old=null, confs=<EMPTY_MAP>
2022-04-26 01:52:40,051 [pool-272-thread-1] INFO  server.RaftServerConfigKeys (ConfUtils.java:logGet(44)) - raft.server.storage.dir = [/home/runner/work/ozone/ozone/hadoop-ozone/integration-test/target/test-dir/MiniOzoneClusterImpl-1f178f74-bffb-4b20-8a8e-7aaf5f3ffa17/datanode-0/data/ratis] (custom)
2022-04-26 01:52:40,051 [pool-272-thread-1] INFO  server.RaftServerConfigKeys (ConfUtils.java:logGet(44)) - raft.server.log.corruption.policy = EXCEPTION (default)
2022-04-26 01:52:40,051 [pool-272-thread-1] INFO  server.RaftServerConfigKeys (ConfUtils.java:logGet(44)) - raft.server.storage.free-space.min = 0MB (=0) (default)
2022-04-26 01:52:40,051 [pool-272-thread-1] INFO  storage.RaftStorageDirectory (RaftStorageDirectoryImpl.java:analyzeStorage(135)) - The storage directory /home/runner/work/ozone/ozone/hadoop-ozone/integration-test/target/test-dir/MiniOzoneClusterImpl-1f178f74-bffb-4b20-8a8e-7aaf5f3ffa17/datanode-0/data/ratis/add654dc-4a98-4ab0-be34-e32b954bd76f does not exist. Creating ...
2022-04-26 01:52:40,053 [pool-272-thread-1] INFO  storage.RaftStorageDirectory (RaftStorageDirectoryImpl.java:tryLock(230)) - Lock on /home/runner/work/ozone/ozone/hadoop-ozone/integration-test/target/test-dir/MiniOzoneClusterImpl-1f178f74-bffb-4b20-8a8e-7aaf5f3ffa17/datanode-0/data/ratis/add654dc-4a98-4ab0-be34-e32b954bd76f/in_use.lock acquired by nodename 18609@fv-az50-870
2022-04-26 01:52:40,054 [pool-272-thread-1] INFO  storage.RaftStorage (RaftStorageImpl.java:format(89)) - Storage directory /home/runner/work/ozone/ozone/hadoop-ozone/integration-test/target/test-dir/MiniOzoneClusterImpl-1f178f74-bffb-4b20-8a8e-7aaf5f3ffa17/datanode-0/data/ratis/add654dc-4a98-4ab0-be34-e32b954bd76f has been successfully formatted.
2022-04-26 01:52:40,055 [pool-272-thread-1] INFO  ratis.ContainerStateMachine (ContainerStateMachine.java:loadSnapshot(236)) - group-E32B954BD76F: The snapshot info is null. Setting the last applied indexto:(t:0, i:~)
2022-04-26 01:52:40,055 [pool-272-thread-1] INFO  server.RaftServerConfigKeys (ConfUtils.java:logGet(44)) - raft.server.notification.no-leader.timeout = 300s (custom)
2022-04-26 01:52:40,055 [pool-272-thread-1] INFO  server.RaftServerConfigKeys (ConfUtils.java:logGet(44)) - raft.server.log.use.memory = false (default)
2022-04-26 01:52:40,055 [pool-272-thread-1] INFO  server.RaftServerConfigKeys (ConfUtils.java:logGet(44)) - raft.server.log.purge.gap = 1000000 (custom)
2022-04-26 01:52:40,055 [pool-272-thread-1] INFO  server.RaftServerConfigKeys (ConfUtils.java:logGet(44)) - raft.server.log.appender.buffer.byte-limit = 33554432 (custom)
2022-04-26 01:52:40,055 [EventQueue-OpenPipelineForHealthyPipelineSafeModeRule] INFO  safemode.SCMSafeModeManager (HealthyPipelineSafeModeRule.java:process(124)) - SCM in safe mode. Healthy pipelines reported count is 0, required healthy pipeline reported count is 1
2022-04-26 01:52:40,056 [pool-272-thread-1] INFO  server.RaftServerConfigKeys (ConfUtils.java:logGet(44)) - raft.server.log.segment.size.max = 1048576 (custom)
2022-04-26 01:52:40,056 [pool-272-thread-1] INFO  server.RaftServerConfigKeys (ConfUtils.java:logGet(44)) - raft.server.log.segment.cache.num.max = 2 (custom)
2022-04-26 01:52:40,056 [pool-272-thread-1] INFO  server.RaftServerConfigKeys (ConfUtils.java:logGet(44)) - raft.server.log.segment.cache.size.max = 200MB (=209715200) (default)
2022-04-26 01:52:40,056 [pool-272-thread-1] INFO  segmented.SegmentedRaftLogWorker (SegmentedRaftLogWorker.java:<init>(182)) - new e687a55e-a1fa-40ca-b40d-7e860929e1d7@group-E32B954BD76F-SegmentedRaftLogWorker for RaftStorageImpl:Storage Directory /home/runner/work/ozone/ozone/hadoop-ozone/integration-test/target/test-dir/MiniOzoneClusterImpl-1f178f74-bffb-4b20-8a8e-7aaf5f3ffa17/datanode-0/data/ratis/add654dc-4a98-4ab0-be34-e32b954bd76f
2022-04-26 01:52:40,056 [pool-272-thread-1] INFO  server.RaftServerConfigKeys (ConfUtils.java:logGet(44)) - raft.server.log.queue.byte-limit = 4294967296 (custom)
2022-04-26 01:52:40,056 [pool-272-thread-1] INFO  server.RaftServerConfigKeys (ConfUtils.java:logGet(44)) - raft.server.log.queue.element-limit = 1024 (custom)
2022-04-26 01:52:40,056 [pool-272-thread-1] INFO  server.RaftServerConfigKeys (ConfUtils.java:logGet(44)) - raft.server.log.segment.size.max = 1048576 (custom)
2022-04-26 01:52:40,056 [pool-272-thread-1] INFO  server.RaftServerConfigKeys (ConfUtils.java:logGet(44)) - raft.server.log.preallocated.size = 16384 (custom)
2022-04-26 01:52:40,056 [pool-272-thread-1] INFO  server.RaftServerConfigKeys (ConfUtils.java:logGet(44)) - raft.server.log.force.sync.num = 128 (default)
2022-04-26 01:52:40,056 [pool-272-thread-1] INFO  server.RaftServerConfigKeys (ConfUtils.java:logGet(44)) - raft.server.log.statemachine.data.sync = true (default)
2022-04-26 01:52:40,056 [pool-272-thread-1] INFO  server.RaftServerConfigKeys (ConfUtils.java:logGet(44)) - raft.server.log.statemachine.data.sync.timeout = 10s (default)
2022-04-26 01:52:40,056 [pool-272-thread-1] INFO  server.RaftServerConfigKeys (ConfUtils.java:logGet(44)) - raft.server.log.statemachine.data.sync.timeout.retry = -1 (default)
2022-04-26 01:52:40,057 [pool-272-thread-1] INFO  server.RaftServerConfigKeys (ConfUtils.java:logGet(44)) - raft.server.log.write.buffer.size = 1048576 (custom)
2022-04-26 01:52:40,057 [pool-272-thread-1] INFO  server.RaftServerConfigKeys (ConfUtils.java:logGet(44)) - raft.server.log.statemachine.data.caching.enabled = true (custom)
2022-04-26 01:52:40,058 [pool-272-thread-1] INFO  segmented.SegmentedRaftLogWorker (SegmentedRaftLogWorker.java:lambda$new$0(133)) - e687a55e-a1fa-40ca-b40d-7e860929e1d7@group-E32B954BD76F-SegmentedRaftLogWorker: flushIndex: setUnconditionally 0 -> -1
2022-04-26 01:52:40,058 [pool-272-thread-1] INFO  segmented.SegmentedRaftLogWorker (SegmentedRaftLogWorker.java:lambda$new$0(133)) - e687a55e-a1fa-40ca-b40d-7e860929e1d7@group-E32B954BD76F-SegmentedRaftLogWorker: safeCacheEvictIndex: setUnconditionally 0 -> -1
2022-04-26 01:52:40,069 [pool-272-thread-1] INFO  server.RaftServerConfigKeys (ConfUtils.java:logGet(44)) - raft.server.snapshot.auto.trigger.enabled = true (custom)
2022-04-26 01:52:40,070 [pool-272-thread-1] INFO  server.RaftServerConfigKeys (ConfUtils.java:logGet(44)) - raft.server.snapshot.auto.trigger.threshold = 10000 (custom)
2022-04-26 01:52:40,070 [pool-272-thread-1] INFO  server.RaftServerConfigKeys (ConfUtils.java:logGet(44)) - raft.server.snapshot.retention.file.num = 5 (custom)
2022-04-26 01:52:40,070 [pool-272-thread-1] INFO  server.RaftServerConfigKeys (ConfUtils.java:logGet(44)) - raft.server.log.purge.upto.snapshot.index = false (default)
2022-04-26 01:52:40,070 [pool-272-thread-1] INFO  server.RaftServerConfigKeys (ConfUtils.java:logGet(44)) - raft.server.retrycache.expirytime = 600000ms (custom)
2022-04-26 01:52:40,070 [pool-272-thread-1] INFO  server.RaftServerConfigKeys (ConfUtils.java:logGet(44)) - raft.server.retrycache.statistics.expirytime = 100μs (default)
2022-04-26 01:52:40,071 [pool-272-thread-1] INFO  server.RaftServer$Division (RaftServerImpl.java:start(301)) - e687a55e-a1fa-40ca-b40d-7e860929e1d7@group-E32B954BD76F: start as a follower, conf=-1: [34d2ba22-a7fd-4f79-9d8a-4dadf85377fe|rpc:10.1.0.42:38711|priority:0, e687a55e-a1fa-40ca-b40d-7e860929e1d7|rpc:10.1.0.42:39343|priority:0, aa794ff7-e78a-42e1-b114-2e34ec5a968d|rpc:10.1.0.42:38125|priority:1], old=null
2022-04-26 01:52:40,071 [pool-272-thread-1] INFO  server.RaftServer$Division (RaftServerImpl.java:setRole(290)) - e687a55e-a1fa-40ca-b40d-7e860929e1d7@group-E32B954BD76F: changes role from      null to FOLLOWER at term 0 for startAsFollower
2022-04-26 01:52:40,071 [pool-272-thread-1] INFO  impl.RoleInfo (RoleInfo.java:updateAndGet(130)) - e687a55e-a1fa-40ca-b40d-7e860929e1d7: start e687a55e-a1fa-40ca-b40d-7e860929e1d7@group-E32B954BD76F-FollowerState
2022-04-26 01:52:40,072 [pool-272-thread-1] INFO  util.JmxRegister (JmxRegister.java:tryRegister(44)) - Successfully registered JMX Bean with object name Ratis:service=RaftServer,group=group-E32B954BD76F,id=e687a55e-a1fa-40ca-b40d-7e860929e1d7
2022-04-26 01:52:40,082 [Command processor thread] INFO  ratis.XceiverServerRatis (XceiverServerRatis.java:addGroup(765)) - Created group PipelineID=add654dc-4a98-4ab0-be34-e32b954bd76f
2022-04-26 01:52:40,195 [grpc-default-executor-0] INFO  server.RaftServer (RaftServerProxy.java:addNew(95)) - aa794ff7-e78a-42e1-b114-2e34ec5a968d: addNew group-E32B954BD76F:[34d2ba22-a7fd-4f79-9d8a-4dadf85377fe|rpc:10.1.0.42:38711|dataStream:|priority:0, e687a55e-a1fa-40ca-b40d-7e860929e1d7|rpc:10.1.0.42:39343|dataStream:|priority:0, aa794ff7-e78a-42e1-b114-2e34ec5a968d|rpc:10.1.0.42:38125|dataStream:|priority:1] returns group-E32B954BD76F:java.util.concurrent.CompletableFuture@6970d738[Not completed]
2022-04-26 01:52:40,198 [pool-293-thread-1] INFO  server.RaftServer$Division (RaftServerImpl.java:<init>(184)) - aa794ff7-e78a-42e1-b114-2e34ec5a968d: new RaftServerImpl for group-E32B954BD76F:[34d2ba22-a7fd-4f79-9d8a-4dadf85377fe|rpc:10.1.0.42:38711|dataStream:|priority:0, e687a55e-a1fa-40ca-b40d-7e860929e1d7|rpc:10.1.0.42:39343|dataStream:|priority:0, aa794ff7-e78a-42e1-b114-2e34ec5a968d|rpc:10.1.0.42:38125|dataStream:|priority:1] with ContainerStateMachine:uninitialized
2022-04-26 01:52:40,199 [pool-293-thread-1] INFO  server.RaftServerConfigKeys (ConfUtils.java:logGet(44)) - raft.server.rpc.timeout.min = 5s (custom)
2022-04-26 01:52:40,199 [pool-293-thread-1] INFO  server.RaftServerConfigKeys (ConfUtils.java:logGet(44)) - raft.server.rpc.timeout.max = 5200ms (custom)
2022-04-26 01:52:40,199 [pool-293-thread-1] INFO  server.RaftServerConfigKeys (ConfUtils.java:logGet(44)) - raft.server.rpc.sleep.time = 25ms (default)
2022-04-26 01:52:40,199 [pool-293-thread-1] INFO  server.RaftServerConfigKeys (ConfUtils.java:logGet(44)) - raft.server.rpc.slowness.timeout = 300s (custom)
2022-04-26 01:52:40,199 [pool-293-thread-1] INFO  server.RaftServerConfigKeys (ConfUtils.java:logGet(44)) - raft.server.leaderelection.leader.step-down.wait-time = 10s (default)
2022-04-26 01:52:40,199 [pool-293-thread-1] INFO  server.RaftServerConfigKeys (ConfUtils.java:logGet(44)) - raft.server.sleep.deviation.threshold = 300ms (default)
2022-04-26 01:52:40,199 [pool-293-thread-1] INFO  server.RaftServerConfigKeys (ConfUtils.java:logGet(44)) - raft.server.log.appender.install.snapshot.enabled = false (custom)
2022-04-26 01:52:40,199 [pool-293-thread-1] INFO  server.RaftServer$Division (ServerState.java:<init>(105)) - aa794ff7-e78a-42e1-b114-2e34ec5a968d@group-E32B954BD76F: ConfigurationManager, init=-1: [34d2ba22-a7fd-4f79-9d8a-4dadf85377fe|rpc:10.1.0.42:38711|dataStream:|priority:0, e687a55e-a1fa-40ca-b40d-7e860929e1d7|rpc:10.1.0.42:39343|dataStream:|priority:0, aa794ff7-e78a-42e1-b114-2e34ec5a968d|rpc:10.1.0.42:38125|dataStream:|priority:1], old=null, confs=<EMPTY_MAP>
2022-04-26 01:52:40,199 [pool-293-thread-1] INFO  server.RaftServerConfigKeys (ConfUtils.java:logGet(44)) - raft.server.storage.dir = [/home/runner/work/ozone/ozone/hadoop-ozone/integration-test/target/test-dir/MiniOzoneClusterImpl-1f178f74-bffb-4b20-8a8e-7aaf5f3ffa17/datanode-1/data/ratis] (custom)
2022-04-26 01:52:40,199 [pool-293-thread-1] INFO  server.RaftServerConfigKeys (ConfUtils.java:logGet(44)) - raft.server.log.corruption.policy = EXCEPTION (default)
2022-04-26 01:52:40,199 [pool-293-thread-1] INFO  server.RaftServerConfigKeys (ConfUtils.java:logGet(44)) - raft.server.storage.free-space.min = 0MB (=0) (default)
2022-04-26 01:52:40,200 [pool-293-thread-1] INFO  storage.RaftStorageDirectory (RaftStorageDirectoryImpl.java:analyzeStorage(135)) - The storage directory /home/runner/work/ozone/ozone/hadoop-ozone/integration-test/target/test-dir/MiniOzoneClusterImpl-1f178f74-bffb-4b20-8a8e-7aaf5f3ffa17/datanode-1/data/ratis/add654dc-4a98-4ab0-be34-e32b954bd76f does not exist. Creating ...
2022-04-26 01:52:40,214 [pool-293-thread-1] INFO  storage.RaftStorageDirectory (RaftStorageDirectoryImpl.java:tryLock(230)) - Lock on /home/runner/work/ozone/ozone/hadoop-ozone/integration-test/target/test-dir/MiniOzoneClusterImpl-1f178f74-bffb-4b20-8a8e-7aaf5f3ffa17/datanode-1/data/ratis/add654dc-4a98-4ab0-be34-e32b954bd76f/in_use.lock acquired by nodename 18609@fv-az50-870
2022-04-26 01:52:40,216 [pool-293-thread-1] INFO  storage.RaftStorage (RaftStorageImpl.java:format(89)) - Storage directory /home/runner/work/ozone/ozone/hadoop-ozone/integration-test/target/test-dir/MiniOzoneClusterImpl-1f178f74-bffb-4b20-8a8e-7aaf5f3ffa17/datanode-1/data/ratis/add654dc-4a98-4ab0-be34-e32b954bd76f has been successfully formatted.
2022-04-26 01:52:40,218 [pool-293-thread-1] INFO  ratis.ContainerStateMachine (ContainerStateMachine.java:loadSnapshot(236)) - group-E32B954BD76F: The snapshot info is null. Setting the last applied indexto:(t:0, i:~)
2022-04-26 01:52:40,218 [pool-293-thread-1] INFO  server.RaftServerConfigKeys (ConfUtils.java:logGet(44)) - raft.server.notification.no-leader.timeout = 300s (custom)
2022-04-26 01:52:40,218 [pool-293-thread-1] INFO  server.RaftServerConfigKeys (ConfUtils.java:logGet(44)) - raft.server.log.use.memory = false (default)
2022-04-26 01:52:40,219 [pool-293-thread-1] INFO  server.RaftServerConfigKeys (ConfUtils.java:logGet(44)) - raft.server.log.purge.gap = 1000000 (custom)
2022-04-26 01:52:40,219 [pool-293-thread-1] INFO  server.RaftServerConfigKeys (ConfUtils.java:logGet(44)) - raft.server.log.appender.buffer.byte-limit = 33554432 (custom)
2022-04-26 01:52:40,226 [pool-293-thread-1] INFO  server.RaftServerConfigKeys (ConfUtils.java:logGet(44)) - raft.server.log.segment.size.max = 1048576 (custom)
2022-04-26 01:52:40,227 [pool-293-thread-1] INFO  server.RaftServerConfigKeys (ConfUtils.java:logGet(44)) - raft.server.log.segment.cache.num.max = 2 (custom)
2022-04-26 01:52:40,227 [pool-293-thread-1] INFO  server.RaftServerConfigKeys (ConfUtils.java:logGet(44)) - raft.server.log.segment.cache.size.max = 200MB (=209715200) (default)
2022-04-26 01:52:40,227 [pool-293-thread-1] INFO  segmented.SegmentedRaftLogWorker (SegmentedRaftLogWorker.java:<init>(182)) - new aa794ff7-e78a-42e1-b114-2e34ec5a968d@group-E32B954BD76F-SegmentedRaftLogWorker for RaftStorageImpl:Storage Directory /home/runner/work/ozone/ozone/hadoop-ozone/integration-test/target/test-dir/MiniOzoneClusterImpl-1f178f74-bffb-4b20-8a8e-7aaf5f3ffa17/datanode-1/data/ratis/add654dc-4a98-4ab0-be34-e32b954bd76f
2022-04-26 01:52:40,227 [pool-293-thread-1] INFO  server.RaftServerConfigKeys (ConfUtils.java:logGet(44)) - raft.server.log.queue.byte-limit = 4294967296 (custom)
2022-04-26 01:52:40,227 [pool-293-thread-1] INFO  server.RaftServerConfigKeys (ConfUtils.java:logGet(44)) - raft.server.log.queue.element-limit = 1024 (custom)
2022-04-26 01:52:40,227 [pool-293-thread-1] INFO  server.RaftServerConfigKeys (ConfUtils.java:logGet(44)) - raft.server.log.segment.size.max = 1048576 (custom)
2022-04-26 01:52:40,227 [pool-293-thread-1] INFO  server.RaftServerConfigKeys (ConfUtils.java:logGet(44)) - raft.server.log.preallocated.size = 16384 (custom)
2022-04-26 01:52:40,227 [pool-293-thread-1] INFO  server.RaftServerConfigKeys (ConfUtils.java:logGet(44)) - raft.server.log.force.sync.num = 128 (default)
2022-04-26 01:52:40,227 [pool-293-thread-1] INFO  server.RaftServerConfigKeys (ConfUtils.java:logGet(44)) - raft.server.log.statemachine.data.sync = true (default)
2022-04-26 01:52:40,227 [pool-293-thread-1] INFO  server.RaftServerConfigKeys (ConfUtils.java:logGet(44)) - raft.server.log.statemachine.data.sync.timeout = 10s (default)
2022-04-26 01:52:40,227 [pool-293-thread-1] INFO  server.RaftServerConfigKeys (ConfUtils.java:logGet(44)) - raft.server.log.statemachine.data.sync.timeout.retry = -1 (default)
2022-04-26 01:52:40,228 [pool-293-thread-1] INFO  server.RaftServerConfigKeys (ConfUtils.java:logGet(44)) - raft.server.log.write.buffer.size = 1048576 (custom)
2022-04-26 01:52:40,228 [pool-293-thread-1] INFO  server.RaftServerConfigKeys (ConfUtils.java:logGet(44)) - raft.server.log.statemachine.data.caching.enabled = true (custom)
2022-04-26 01:52:40,229 [pool-293-thread-1] INFO  segmented.SegmentedRaftLogWorker (SegmentedRaftLogWorker.java:lambda$new$0(133)) - aa794ff7-e78a-42e1-b114-2e34ec5a968d@group-E32B954BD76F-SegmentedRaftLogWorker: flushIndex: setUnconditionally 0 -> -1
2022-04-26 01:52:40,229 [pool-293-thread-1] INFO  segmented.SegmentedRaftLogWorker (SegmentedRaftLogWorker.java:lambda$new$0(133)) - aa794ff7-e78a-42e1-b114-2e34ec5a968d@group-E32B954BD76F-SegmentedRaftLogWorker: safeCacheEvictIndex: setUnconditionally 0 -> -1
2022-04-26 01:52:40,229 [pool-293-thread-1] INFO  server.RaftServerConfigKeys (ConfUtils.java:logGet(44)) - raft.server.snapshot.auto.trigger.enabled = true (custom)
2022-04-26 01:52:40,229 [pool-293-thread-1] INFO  server.RaftServerConfigKeys (ConfUtils.java:logGet(44)) - raft.server.snapshot.auto.trigger.threshold = 10000 (custom)
2022-04-26 01:52:40,229 [pool-293-thread-1] INFO  server.RaftServerConfigKeys (ConfUtils.java:logGet(44)) - raft.server.snapshot.retention.file.num = 5 (custom)
2022-04-26 01:52:40,229 [pool-293-thread-1] INFO  server.RaftServerConfigKeys (ConfUtils.java:logGet(44)) - raft.server.log.purge.upto.snapshot.index = false (default)
2022-04-26 01:52:40,229 [pool-293-thread-1] INFO  server.RaftServerConfigKeys (ConfUtils.java:logGet(44)) - raft.server.retrycache.expirytime = 600000ms (custom)
2022-04-26 01:52:40,229 [pool-293-thread-1] INFO  server.RaftServerConfigKeys (ConfUtils.java:logGet(44)) - raft.server.retrycache.statistics.expirytime = 100μs (default)
2022-04-26 01:52:40,230 [pool-293-thread-1] INFO  server.RaftServer$Division (RaftServerImpl.java:start(301)) - aa794ff7-e78a-42e1-b114-2e34ec5a968d@group-E32B954BD76F: start as a follower, conf=-1: [34d2ba22-a7fd-4f79-9d8a-4dadf85377fe|rpc:10.1.0.42:38711|dataStream:|priority:0, e687a55e-a1fa-40ca-b40d-7e860929e1d7|rpc:10.1.0.42:39343|dataStream:|priority:0, aa794ff7-e78a-42e1-b114-2e34ec5a968d|rpc:10.1.0.42:38125|dataStream:|priority:1], old=null
2022-04-26 01:52:40,230 [pool-293-thread-1] INFO  server.RaftServer$Division (RaftServerImpl.java:setRole(290)) - aa794ff7-e78a-42e1-b114-2e34ec5a968d@group-E32B954BD76F: changes role from      null to FOLLOWER at term 0 for startAsFollower
2022-04-26 01:52:40,230 [pool-293-thread-1] INFO  impl.RoleInfo (RoleInfo.java:updateAndGet(130)) - aa794ff7-e78a-42e1-b114-2e34ec5a968d: start aa794ff7-e78a-42e1-b114-2e34ec5a968d@group-E32B954BD76F-FollowerState
2022-04-26 01:52:40,231 [pool-293-thread-1] INFO  util.JmxRegister (JmxRegister.java:tryRegister(44)) - Successfully registered JMX Bean with object name Ratis:service=RaftServer,group=group-E32B954BD76F,id=aa794ff7-e78a-42e1-b114-2e34ec5a968d
2022-04-26 01:52:40,357 [grpc-default-executor-0] INFO  server.RaftServer (RaftServerProxy.java:addNew(95)) - 34d2ba22-a7fd-4f79-9d8a-4dadf85377fe: addNew group-E32B954BD76F:[34d2ba22-a7fd-4f79-9d8a-4dadf85377fe|rpc:10.1.0.42:38711|dataStream:|priority:0, e687a55e-a1fa-40ca-b40d-7e860929e1d7|rpc:10.1.0.42:39343|dataStream:|priority:0, aa794ff7-e78a-42e1-b114-2e34ec5a968d|rpc:10.1.0.42:38125|dataStream:|priority:1] returns group-E32B954BD76F:java.util.concurrent.CompletableFuture@7c1eb5ae[Not completed]
2022-04-26 01:52:40,367 [pool-314-thread-1] INFO  server.RaftServer$Division (RaftServerImpl.java:<init>(184)) - 34d2ba22-a7fd-4f79-9d8a-4dadf85377fe: new RaftServerImpl for group-E32B954BD76F:[34d2ba22-a7fd-4f79-9d8a-4dadf85377fe|rpc:10.1.0.42:38711|dataStream:|priority:0, e687a55e-a1fa-40ca-b40d-7e860929e1d7|rpc:10.1.0.42:39343|dataStream:|priority:0, aa794ff7-e78a-42e1-b114-2e34ec5a968d|rpc:10.1.0.42:38125|dataStream:|priority:1] with ContainerStateMachine:uninitialized
2022-04-26 01:52:40,385 [pool-314-thread-1] INFO  server.RaftServerConfigKeys (ConfUtils.java:logGet(44)) - raft.server.rpc.timeout.min = 5s (custom)
2022-04-26 01:52:40,385 [pool-314-thread-1] INFO  server.RaftServerConfigKeys (ConfUtils.java:logGet(44)) - raft.server.rpc.timeout.max = 5200ms (custom)
2022-04-26 01:52:40,385 [pool-314-thread-1] INFO  server.RaftServerConfigKeys (ConfUtils.java:logGet(44)) - raft.server.rpc.sleep.time = 25ms (default)
2022-04-26 01:52:40,386 [pool-314-thread-1] INFO  server.RaftServerConfigKeys (ConfUtils.java:logGet(44)) - raft.server.rpc.slowness.timeout = 300s (custom)
2022-04-26 01:52:40,386 [pool-314-thread-1] INFO  server.RaftServerConfigKeys (ConfUtils.java:logGet(44)) - raft.server.leaderelection.leader.step-down.wait-time = 10s (default)
2022-04-26 01:52:40,386 [pool-314-thread-1] INFO  server.RaftServerConfigKeys (ConfUtils.java:logGet(44)) - raft.server.sleep.deviation.threshold = 300ms (default)
2022-04-26 01:52:40,386 [pool-314-thread-1] INFO  server.RaftServerConfigKeys (ConfUtils.java:logGet(44)) - raft.server.log.appender.install.snapshot.enabled = false (custom)
2022-04-26 01:52:40,386 [pool-314-thread-1] INFO  server.RaftServer$Division (ServerState.java:<init>(105)) - 34d2ba22-a7fd-4f79-9d8a-4dadf85377fe@group-E32B954BD76F: ConfigurationManager, init=-1: [34d2ba22-a7fd-4f79-9d8a-4dadf85377fe|rpc:10.1.0.42:38711|dataStream:|priority:0, e687a55e-a1fa-40ca-b40d-7e860929e1d7|rpc:10.1.0.42:39343|dataStream:|priority:0, aa794ff7-e78a-42e1-b114-2e34ec5a968d|rpc:10.1.0.42:38125|dataStream:|priority:1], old=null, confs=<EMPTY_MAP>
2022-04-26 01:52:40,386 [pool-314-thread-1] INFO  server.RaftServerConfigKeys (ConfUtils.java:logGet(44)) - raft.server.storage.dir = [/home/runner/work/ozone/ozone/hadoop-ozone/integration-test/target/test-dir/MiniOzoneClusterImpl-1f178f74-bffb-4b20-8a8e-7aaf5f3ffa17/datanode-2/data/ratis] (custom)
2022-04-26 01:52:40,386 [pool-314-thread-1] INFO  server.RaftServerConfigKeys (ConfUtils.java:logGet(44)) - raft.server.log.corruption.policy = EXCEPTION (default)
2022-04-26 01:52:40,386 [pool-314-thread-1] INFO  server.RaftServerConfigKeys (ConfUtils.java:logGet(44)) - raft.server.storage.free-space.min = 0MB (=0) (default)
2022-04-26 01:52:40,387 [pool-314-thread-1] INFO  storage.RaftStorageDirectory (RaftStorageDirectoryImpl.java:analyzeStorage(135)) - The storage directory /home/runner/work/ozone/ozone/hadoop-ozone/integration-test/target/test-dir/MiniOzoneClusterImpl-1f178f74-bffb-4b20-8a8e-7aaf5f3ffa17/datanode-2/data/ratis/add654dc-4a98-4ab0-be34-e32b954bd76f does not exist. Creating ...
2022-04-26 01:52:40,392 [pool-314-thread-1] INFO  storage.RaftStorageDirectory (RaftStorageDirectoryImpl.java:tryLock(230)) - Lock on /home/runner/work/ozone/ozone/hadoop-ozone/integration-test/target/test-dir/MiniOzoneClusterImpl-1f178f74-bffb-4b20-8a8e-7aaf5f3ffa17/datanode-2/data/ratis/add654dc-4a98-4ab0-be34-e32b954bd76f/in_use.lock acquired by nodename 18609@fv-az50-870
2022-04-26 01:52:40,426 [pool-314-thread-1] INFO  storage.RaftStorage (RaftStorageImpl.java:format(89)) - Storage directory /home/runner/work/ozone/ozone/hadoop-ozone/integration-test/target/test-dir/MiniOzoneClusterImpl-1f178f74-bffb-4b20-8a8e-7aaf5f3ffa17/datanode-2/data/ratis/add654dc-4a98-4ab0-be34-e32b954bd76f has been successfully formatted.
2022-04-26 01:52:40,434 [pool-314-thread-1] INFO  ratis.ContainerStateMachine (ContainerStateMachine.java:loadSnapshot(236)) - group-E32B954BD76F: The snapshot info is null. Setting the last applied indexto:(t:0, i:~)
2022-04-26 01:52:40,434 [pool-314-thread-1] INFO  server.RaftServerConfigKeys (ConfUtils.java:logGet(44)) - raft.server.notification.no-leader.timeout = 300s (custom)
2022-04-26 01:52:40,434 [pool-314-thread-1] INFO  server.RaftServerConfigKeys (ConfUtils.java:logGet(44)) - raft.server.log.use.memory = false (default)
2022-04-26 01:52:40,434 [pool-314-thread-1] INFO  server.RaftServerConfigKeys (ConfUtils.java:logGet(44)) - raft.server.log.purge.gap = 1000000 (custom)
2022-04-26 01:52:40,434 [pool-314-thread-1] INFO  server.RaftServerConfigKeys (ConfUtils.java:logGet(44)) - raft.server.log.appender.buffer.byte-limit = 33554432 (custom)
2022-04-26 01:52:40,435 [pool-314-thread-1] INFO  server.RaftServerConfigKeys (ConfUtils.java:logGet(44)) - raft.server.log.segment.size.max = 1048576 (custom)
2022-04-26 01:52:40,450 [pool-314-thread-1] INFO  server.RaftServerConfigKeys (ConfUtils.java:logGet(44)) - raft.server.log.segment.cache.num.max = 2 (custom)
2022-04-26 01:52:40,450 [pool-314-thread-1] INFO  server.RaftServerConfigKeys (ConfUtils.java:logGet(44)) - raft.server.log.segment.cache.size.max = 200MB (=209715200) (default)
2022-04-26 01:52:40,474 [pool-314-thread-1] INFO  segmented.SegmentedRaftLogWorker (SegmentedRaftLogWorker.java:<init>(182)) - new 34d2ba22-a7fd-4f79-9d8a-4dadf85377fe@group-E32B954BD76F-SegmentedRaftLogWorker for RaftStorageImpl:Storage Directory /home/runner/work/ozone/ozone/hadoop-ozone/integration-test/target/test-dir/MiniOzoneClusterImpl-1f178f74-bffb-4b20-8a8e-7aaf5f3ffa17/datanode-2/data/ratis/add654dc-4a98-4ab0-be34-e32b954bd76f
2022-04-26 01:52:40,474 [pool-314-thread-1] INFO  server.RaftServerConfigKeys (ConfUtils.java:logGet(44)) - raft.server.log.queue.byte-limit = 4294967296 (custom)
2022-04-26 01:52:40,474 [pool-314-thread-1] INFO  server.RaftServerConfigKeys (ConfUtils.java:logGet(44)) - raft.server.log.queue.element-limit = 1024 (custom)
2022-04-26 01:52:40,474 [pool-314-thread-1] INFO  server.RaftServerConfigKeys (ConfUtils.java:logGet(44)) - raft.server.log.segment.size.max = 1048576 (custom)
2022-04-26 01:52:40,474 [pool-314-thread-1] INFO  server.RaftServerConfigKeys (ConfUtils.java:logGet(44)) - raft.server.log.preallocated.size = 16384 (custom)
2022-04-26 01:52:40,474 [pool-314-thread-1] INFO  server.RaftServerConfigKeys (ConfUtils.java:logGet(44)) - raft.server.log.force.sync.num = 128 (default)
2022-04-26 01:52:40,474 [pool-314-thread-1] INFO  server.RaftServerConfigKeys (ConfUtils.java:logGet(44)) - raft.server.log.statemachine.data.sync = true (default)
2022-04-26 01:52:40,475 [pool-314-thread-1] INFO  server.RaftServerConfigKeys (ConfUtils.java:logGet(44)) - raft.server.log.statemachine.data.sync.timeout = 10s (default)
2022-04-26 01:52:40,475 [pool-314-thread-1] INFO  server.RaftServerConfigKeys (ConfUtils.java:logGet(44)) - raft.server.log.statemachine.data.sync.timeout.retry = -1 (default)
2022-04-26 01:52:40,477 [pool-314-thread-1] INFO  server.RaftServerConfigKeys (ConfUtils.java:logGet(44)) - raft.server.log.write.buffer.size = 1048576 (custom)
2022-04-26 01:52:40,477 [pool-314-thread-1] INFO  server.RaftServerConfigKeys (ConfUtils.java:logGet(44)) - raft.server.log.statemachine.data.caching.enabled = true (custom)
2022-04-26 01:52:40,477 [pool-314-thread-1] INFO  segmented.SegmentedRaftLogWorker (SegmentedRaftLogWorker.java:lambda$new$0(133)) - 34d2ba22-a7fd-4f79-9d8a-4dadf85377fe@group-E32B954BD76F-SegmentedRaftLogWorker: flushIndex: setUnconditionally 0 -> -1
2022-04-26 01:52:40,478 [pool-314-thread-1] INFO  segmented.SegmentedRaftLogWorker (SegmentedRaftLogWorker.java:lambda$new$0(133)) - 34d2ba22-a7fd-4f79-9d8a-4dadf85377fe@group-E32B954BD76F-SegmentedRaftLogWorker: safeCacheEvictIndex: setUnconditionally 0 -> -1
2022-04-26 01:52:40,485 [pool-314-thread-1] INFO  server.RaftServerConfigKeys (ConfUtils.java:logGet(44)) - raft.server.snapshot.auto.trigger.enabled = true (custom)
2022-04-26 01:52:40,485 [pool-314-thread-1] INFO  server.RaftServerConfigKeys (ConfUtils.java:logGet(44)) - raft.server.snapshot.auto.trigger.threshold = 10000 (custom)
2022-04-26 01:52:40,485 [pool-314-thread-1] INFO  server.RaftServerConfigKeys (ConfUtils.java:logGet(44)) - raft.server.snapshot.retention.file.num = 5 (custom)
2022-04-26 01:52:40,486 [pool-314-thread-1] INFO  server.RaftServerConfigKeys (ConfUtils.java:logGet(44)) - raft.server.log.purge.upto.snapshot.index = false (default)
2022-04-26 01:52:40,486 [pool-314-thread-1] INFO  server.RaftServerConfigKeys (ConfUtils.java:logGet(44)) - raft.server.retrycache.expirytime = 600000ms (custom)
2022-04-26 01:52:40,486 [pool-314-thread-1] INFO  server.RaftServerConfigKeys (ConfUtils.java:logGet(44)) - raft.server.retrycache.statistics.expirytime = 100μs (default)
2022-04-26 01:52:40,489 [pool-314-thread-1] INFO  server.RaftServer$Division (RaftServerImpl.java:start(301)) - 34d2ba22-a7fd-4f79-9d8a-4dadf85377fe@group-E32B954BD76F: start as a follower, conf=-1: [34d2ba22-a7fd-4f79-9d8a-4dadf85377fe|rpc:10.1.0.42:38711|dataStream:|priority:0, e687a55e-a1fa-40ca-b40d-7e860929e1d7|rpc:10.1.0.42:39343|dataStream:|priority:0, aa794ff7-e78a-42e1-b114-2e34ec5a968d|rpc:10.1.0.42:38125|dataStream:|priority:1], old=null
2022-04-26 01:52:40,489 [pool-314-thread-1] INFO  server.RaftServer$Division (RaftServerImpl.java:setRole(290)) - 34d2ba22-a7fd-4f79-9d8a-4dadf85377fe@group-E32B954BD76F: changes role from      null to FOLLOWER at term 0 for startAsFollower
2022-04-26 01:52:40,489 [pool-314-thread-1] INFO  impl.RoleInfo (RoleInfo.java:updateAndGet(130)) - 34d2ba22-a7fd-4f79-9d8a-4dadf85377fe: start 34d2ba22-a7fd-4f79-9d8a-4dadf85377fe@group-E32B954BD76F-FollowerState
2022-04-26 01:52:40,497 [pool-314-thread-1] INFO  util.JmxRegister (JmxRegister.java:tryRegister(44)) - Successfully registered JMX Bean with object name Ratis:service=RaftServer,group=group-E32B954BD76F,id=34d2ba22-a7fd-4f79-9d8a-4dadf85377fe
2022-04-26 01:52:40,569 [Command processor thread] INFO  commandhandler.CreatePipelineCommandHandler (CreatePipelineCommandHandler.java:handle(113)) - Created Pipeline RATIS THREE PipelineID=add654dc-4a98-4ab0-be34-e32b954bd76f.
2022-04-26 01:52:40,570 [Command processor thread] INFO  server.RaftServer (RaftServerProxy.java:addNew(95)) - e687a55e-a1fa-40ca-b40d-7e860929e1d7: addNew group-F2E40A8B7CD1:[34d2ba22-a7fd-4f79-9d8a-4dadf85377fe|rpc:10.1.0.42:38711|priority:0, e687a55e-a1fa-40ca-b40d-7e860929e1d7|rpc:10.1.0.42:39343|priority:1, aa794ff7-e78a-42e1-b114-2e34ec5a968d|rpc:10.1.0.42:38125|priority:0] returns group-F2E40A8B7CD1:java.util.concurrent.CompletableFuture@2856f2cb[Not completed]
2022-04-26 01:52:40,572 [pool-272-thread-1] INFO  server.RaftServer$Division (RaftServerImpl.java:<init>(184)) - e687a55e-a1fa-40ca-b40d-7e860929e1d7: new RaftServerImpl for group-F2E40A8B7CD1:[34d2ba22-a7fd-4f79-9d8a-4dadf85377fe|rpc:10.1.0.42:38711|priority:0, e687a55e-a1fa-40ca-b40d-7e860929e1d7|rpc:10.1.0.42:39343|priority:1, aa794ff7-e78a-42e1-b114-2e34ec5a968d|rpc:10.1.0.42:38125|priority:0] with ContainerStateMachine:uninitialized
2022-04-26 01:52:40,572 [pool-272-thread-1] INFO  server.RaftServerConfigKeys (ConfUtils.java:logGet(44)) - raft.server.rpc.timeout.min = 5s (custom)
2022-04-26 01:52:40,572 [pool-272-thread-1] INFO  server.RaftServerConfigKeys (ConfUtils.java:logGet(44)) - raft.server.rpc.timeout.max = 5200ms (custom)
2022-04-26 01:52:40,572 [pool-272-thread-1] INFO  server.RaftServerConfigKeys (ConfUtils.java:logGet(44)) - raft.server.rpc.sleep.time = 25ms (default)
2022-04-26 01:52:40,572 [pool-272-thread-1] INFO  server.RaftServerConfigKeys (ConfUtils.java:logGet(44)) - raft.server.rpc.slowness.timeout = 300s (custom)
2022-04-26 01:52:40,573 [pool-272-thread-1] INFO  server.RaftServerConfigKeys (ConfUtils.java:logGet(44)) - raft.server.leaderelection.leader.step-down.wait-time = 10s (default)
2022-04-26 01:52:40,573 [pool-272-thread-1] INFO  server.RaftServerConfigKeys (ConfUtils.java:logGet(44)) - raft.server.sleep.deviation.threshold = 300ms (default)
2022-04-26 01:52:40,573 [pool-272-thread-1] INFO  server.RaftServerConfigKeys (ConfUtils.java:logGet(44)) - raft.server.log.appender.install.snapshot.enabled = false (custom)
2022-04-26 01:52:40,573 [pool-272-thread-1] INFO  server.RaftServer$Division (ServerState.java:<init>(105)) - e687a55e-a1fa-40ca-b40d-7e860929e1d7@group-F2E40A8B7CD1: ConfigurationManager, init=-1: [34d2ba22-a7fd-4f79-9d8a-4dadf85377fe|rpc:10.1.0.42:38711|priority:0, e687a55e-a1fa-40ca-b40d-7e860929e1d7|rpc:10.1.0.42:39343|priority:1, aa794ff7-e78a-42e1-b114-2e34ec5a968d|rpc:10.1.0.42:38125|priority:0], old=null, confs=<EMPTY_MAP>
2022-04-26 01:52:40,577 [pool-272-thread-1] INFO  server.RaftServerConfigKeys (ConfUtils.java:logGet(44)) - raft.server.storage.dir = [/home/runner/work/ozone/ozone/hadoop-ozone/integration-test/target/test-dir/MiniOzoneClusterImpl-1f178f74-bffb-4b20-8a8e-7aaf5f3ffa17/datanode-0/data/ratis] (custom)
2022-04-26 01:52:40,578 [pool-272-thread-1] INFO  server.RaftServerConfigKeys (ConfUtils.java:logGet(44)) - raft.server.log.corruption.policy = EXCEPTION (default)
2022-04-26 01:52:40,578 [pool-272-thread-1] INFO  server.RaftServerConfigKeys (ConfUtils.java:logGet(44)) - raft.server.storage.free-space.min = 0MB (=0) (default)
2022-04-26 01:52:40,578 [pool-272-thread-1] INFO  storage.RaftStorageDirectory (RaftStorageDirectoryImpl.java:analyzeStorage(135)) - The storage directory /home/runner/work/ozone/ozone/hadoop-ozone/integration-test/target/test-dir/MiniOzoneClusterImpl-1f178f74-bffb-4b20-8a8e-7aaf5f3ffa17/datanode-0/data/ratis/23c02323-6405-4129-9c16-f2e40a8b7cd1 does not exist. Creating ...
2022-04-26 01:52:40,584 [pool-272-thread-1] INFO  storage.RaftStorageDirectory (RaftStorageDirectoryImpl.java:tryLock(230)) - Lock on /home/runner/work/ozone/ozone/hadoop-ozone/integration-test/target/test-dir/MiniOzoneClusterImpl-1f178f74-bffb-4b20-8a8e-7aaf5f3ffa17/datanode-0/data/ratis/23c02323-6405-4129-9c16-f2e40a8b7cd1/in_use.lock acquired by nodename 18609@fv-az50-870
2022-04-26 01:52:40,589 [pool-272-thread-1] INFO  storage.RaftStorage (RaftStorageImpl.java:format(89)) - Storage directory /home/runner/work/ozone/ozone/hadoop-ozone/integration-test/target/test-dir/MiniOzoneClusterImpl-1f178f74-bffb-4b20-8a8e-7aaf5f3ffa17/datanode-0/data/ratis/23c02323-6405-4129-9c16-f2e40a8b7cd1 has been successfully formatted.
2022-04-26 01:52:40,590 [pool-272-thread-1] INFO  ratis.ContainerStateMachine (ContainerStateMachine.java:loadSnapshot(236)) - group-F2E40A8B7CD1: The snapshot info is null. Setting the last applied indexto:(t:0, i:~)
2022-04-26 01:52:40,590 [pool-272-thread-1] INFO  server.RaftServerConfigKeys (ConfUtils.java:logGet(44)) - raft.server.notification.no-leader.timeout = 300s (custom)
2022-04-26 01:52:40,590 [pool-272-thread-1] INFO  server.RaftServerConfigKeys (ConfUtils.java:logGet(44)) - raft.server.log.use.memory = false (default)
2022-04-26 01:52:40,590 [pool-272-thread-1] INFO  server.RaftServerConfigKeys (ConfUtils.java:logGet(44)) - raft.server.log.purge.gap = 1000000 (custom)
2022-04-26 01:52:40,590 [pool-272-thread-1] INFO  server.RaftServerConfigKeys (ConfUtils.java:logGet(44)) - raft.server.log.appender.buffer.byte-limit = 33554432 (custom)
2022-04-26 01:52:40,591 [pool-272-thread-1] INFO  server.RaftServerConfigKeys (ConfUtils.java:logGet(44)) - raft.server.log.segment.size.max = 1048576 (custom)
2022-04-26 01:52:40,592 [pool-272-thread-1] INFO  server.RaftServerConfigKeys (ConfUtils.java:logGet(44)) - raft.server.log.segment.cache.num.max = 2 (custom)
2022-04-26 01:52:40,592 [pool-272-thread-1] INFO  server.RaftServerConfigKeys (ConfUtils.java:logGet(44)) - raft.server.log.segment.cache.size.max = 200MB (=209715200) (default)
2022-04-26 01:52:40,592 [pool-272-thread-1] INFO  segmented.SegmentedRaftLogWorker (SegmentedRaftLogWorker.java:<init>(182)) - new e687a55e-a1fa-40ca-b40d-7e860929e1d7@group-F2E40A8B7CD1-SegmentedRaftLogWorker for RaftStorageImpl:Storage Directory /home/runner/work/ozone/ozone/hadoop-ozone/integration-test/target/test-dir/MiniOzoneClusterImpl-1f178f74-bffb-4b20-8a8e-7aaf5f3ffa17/datanode-0/data/ratis/23c02323-6405-4129-9c16-f2e40a8b7cd1
2022-04-26 01:52:40,592 [pool-272-thread-1] INFO  server.RaftServerConfigKeys (ConfUtils.java:logGet(44)) - raft.server.log.queue.byte-limit = 4294967296 (custom)
2022-04-26 01:52:40,592 [pool-272-thread-1] INFO  server.RaftServerConfigKeys (ConfUtils.java:logGet(44)) - raft.server.log.queue.element-limit = 1024 (custom)
2022-04-26 01:52:40,592 [pool-272-thread-1] INFO  server.RaftServerConfigKeys (ConfUtils.java:logGet(44)) - raft.server.log.segment.size.max = 1048576 (custom)
2022-04-26 01:52:40,592 [pool-272-thread-1] INFO  server.RaftServerConfigKeys (ConfUtils.java:logGet(44)) - raft.server.log.preallocated.size = 16384 (custom)
2022-04-26 01:52:40,592 [pool-272-thread-1] INFO  server.RaftServerConfigKeys (ConfUtils.java:logGet(44)) - raft.server.log.force.sync.num = 128 (default)
2022-04-26 01:52:40,593 [pool-272-thread-1] INFO  server.RaftServerConfigKeys (ConfUtils.java:logGet(44)) - raft.server.log.statemachine.data.sync = true (default)
2022-04-26 01:52:40,593 [pool-272-thread-1] INFO  server.RaftServerConfigKeys (ConfUtils.java:logGet(44)) - raft.server.log.statemachine.data.sync.timeout = 10s (default)
2022-04-26 01:52:40,593 [pool-272-thread-1] INFO  server.RaftServerConfigKeys (ConfUtils.java:logGet(44)) - raft.server.log.statemachine.data.sync.timeout.retry = -1 (default)
2022-04-26 01:52:40,595 [EventQueue-OpenPipelineForHealthyPipelineSafeModeRule] INFO  safemode.SCMSafeModeManager (HealthyPipelineSafeModeRule.java:process(124)) - SCM in safe mode. Healthy pipelines reported count is 0, required healthy pipeline reported count is 1
2022-04-26 01:52:40,611 [pool-272-thread-1] INFO  server.RaftServerConfigKeys (ConfUtils.java:logGet(44)) - raft.server.log.write.buffer.size = 1048576 (custom)
2022-04-26 01:52:40,613 [pool-272-thread-1] INFO  server.RaftServerConfigKeys (ConfUtils.java:logGet(44)) - raft.server.log.statemachine.data.caching.enabled = true (custom)
2022-04-26 01:52:40,613 [pool-272-thread-1] INFO  segmented.SegmentedRaftLogWorker (SegmentedRaftLogWorker.java:lambda$new$0(133)) - e687a55e-a1fa-40ca-b40d-7e860929e1d7@group-F2E40A8B7CD1-SegmentedRaftLogWorker: flushIndex: setUnconditionally 0 -> -1
2022-04-26 01:52:40,625 [pool-272-thread-1] INFO  segmented.SegmentedRaftLogWorker (SegmentedRaftLogWorker.java:lambda$new$0(133)) - e687a55e-a1fa-40ca-b40d-7e860929e1d7@group-F2E40A8B7CD1-SegmentedRaftLogWorker: safeCacheEvictIndex: setUnconditionally 0 -> -1
2022-04-26 01:52:40,632 [Command processor thread] INFO  server.RaftServer (RaftServerProxy.java:addNew(95)) - aa794ff7-e78a-42e1-b114-2e34ec5a968d: addNew group-CFA5EC2879D8:[aa794ff7-e78a-42e1-b114-2e34ec5a968d|rpc:10.1.0.42:38125|priority:1] returns group-CFA5EC2879D8:java.util.concurrent.CompletableFuture@7ffae7a6[Not completed]
2022-04-26 01:52:40,647 [pool-293-thread-1] INFO  server.RaftServer$Division (RaftServerImpl.java:<init>(184)) - aa794ff7-e78a-42e1-b114-2e34ec5a968d: new RaftServerImpl for group-CFA5EC2879D8:[aa794ff7-e78a-42e1-b114-2e34ec5a968d|rpc:10.1.0.42:38125|priority:1] with ContainerStateMachine:uninitialized
2022-04-26 01:52:40,647 [pool-293-thread-1] INFO  server.RaftServerConfigKeys (ConfUtils.java:logGet(44)) - raft.server.rpc.timeout.min = 5s (custom)
2022-04-26 01:52:40,648 [pool-293-thread-1] INFO  server.RaftServerConfigKeys (ConfUtils.java:logGet(44)) - raft.server.rpc.timeout.max = 5200ms (custom)
2022-04-26 01:52:40,648 [pool-293-thread-1] INFO  server.RaftServerConfigKeys (ConfUtils.java:logGet(44)) - raft.server.rpc.sleep.time = 25ms (default)
2022-04-26 01:52:40,648 [pool-293-thread-1] INFO  server.RaftServerConfigKeys (ConfUtils.java:logGet(44)) - raft.server.rpc.slowness.timeout = 300s (custom)
2022-04-26 01:52:40,648 [pool-293-thread-1] INFO  server.RaftServerConfigKeys (ConfUtils.java:logGet(44)) - raft.server.leaderelection.leader.step-down.wait-time = 10s (default)
2022-04-26 01:52:40,648 [pool-293-thread-1] INFO  server.RaftServerConfigKeys (ConfUtils.java:logGet(44)) - raft.server.sleep.deviation.threshold = 300ms (default)
2022-04-26 01:52:40,648 [pool-293-thread-1] INFO  server.RaftServerConfigKeys (ConfUtils.java:logGet(44)) - raft.server.log.appender.install.snapshot.enabled = false (custom)
2022-04-26 01:52:40,648 [pool-293-thread-1] INFO  server.RaftServer$Division (ServerState.java:<init>(105)) - aa794ff7-e78a-42e1-b114-2e34ec5a968d@group-CFA5EC2879D8: ConfigurationManager, init=-1: [aa794ff7-e78a-42e1-b114-2e34ec5a968d|rpc:10.1.0.42:38125|priority:1], old=null, confs=<EMPTY_MAP>
2022-04-26 01:52:40,648 [pool-293-thread-1] INFO  server.RaftServerConfigKeys (ConfUtils.java:logGet(44)) - raft.server.storage.dir = [/home/runner/work/ozone/ozone/hadoop-ozone/integration-test/target/test-dir/MiniOzoneClusterImpl-1f178f74-bffb-4b20-8a8e-7aaf5f3ffa17/datanode-1/data/ratis] (custom)
2022-04-26 01:52:40,649 [pool-293-thread-1] INFO  server.RaftServerConfigKeys (ConfUtils.java:logGet(44)) - raft.server.log.corruption.policy = EXCEPTION (default)
2022-04-26 01:52:40,649 [pool-293-thread-1] INFO  server.RaftServerConfigKeys (ConfUtils.java:logGet(44)) - raft.server.storage.free-space.min = 0MB (=0) (default)
2022-04-26 01:52:40,649 [pool-272-thread-1] INFO  server.RaftServerConfigKeys (ConfUtils.java:logGet(44)) - raft.server.snapshot.auto.trigger.enabled = true (custom)
2022-04-26 01:52:40,649 [pool-272-thread-1] INFO  server.RaftServerConfigKeys (ConfUtils.java:logGet(44)) - raft.server.snapshot.auto.trigger.threshold = 10000 (custom)
2022-04-26 01:52:40,649 [pool-272-thread-1] INFO  server.RaftServerConfigKeys (ConfUtils.java:logGet(44)) - raft.server.snapshot.retention.file.num = 5 (custom)
2022-04-26 01:52:40,649 [pool-272-thread-1] INFO  server.RaftServerConfigKeys (ConfUtils.java:logGet(44)) - raft.server.log.purge.upto.snapshot.index = false (default)
2022-04-26 01:52:40,650 [pool-272-thread-1] INFO  server.RaftServerConfigKeys (ConfUtils.java:logGet(44)) - raft.server.retrycache.expirytime = 600000ms (custom)
2022-04-26 01:52:40,650 [pool-272-thread-1] INFO  server.RaftServerConfigKeys (ConfUtils.java:logGet(44)) - raft.server.retrycache.statistics.expirytime = 100μs (default)
2022-04-26 01:52:40,652 [pool-272-thread-1] INFO  server.RaftServer$Division (RaftServerImpl.java:start(301)) - e687a55e-a1fa-40ca-b40d-7e860929e1d7@group-F2E40A8B7CD1: start as a follower, conf=-1: [34d2ba22-a7fd-4f79-9d8a-4dadf85377fe|rpc:10.1.0.42:38711|priority:0, e687a55e-a1fa-40ca-b40d-7e860929e1d7|rpc:10.1.0.42:39343|priority:1, aa794ff7-e78a-42e1-b114-2e34ec5a968d|rpc:10.1.0.42:38125|priority:0], old=null
2022-04-26 01:52:40,652 [pool-272-thread-1] INFO  server.RaftServer$Division (RaftServerImpl.java:setRole(290)) - e687a55e-a1fa-40ca-b40d-7e860929e1d7@group-F2E40A8B7CD1: changes role from      null to FOLLOWER at term 0 for startAsFollower
2022-04-26 01:52:40,653 [pool-272-thread-1] INFO  impl.RoleInfo (RoleInfo.java:updateAndGet(130)) - e687a55e-a1fa-40ca-b40d-7e860929e1d7: start e687a55e-a1fa-40ca-b40d-7e860929e1d7@group-F2E40A8B7CD1-FollowerState
2022-04-26 01:52:40,653 [pool-293-thread-1] INFO  storage.RaftStorageDirectory (RaftStorageDirectoryImpl.java:analyzeStorage(135)) - The storage directory /home/runner/work/ozone/ozone/hadoop-ozone/integration-test/target/test-dir/MiniOzoneClusterImpl-1f178f74-bffb-4b20-8a8e-7aaf5f3ffa17/datanode-1/data/ratis/e83b4efc-186c-40cc-bba9-cfa5ec2879d8 does not exist. Creating ...
2022-04-26 01:52:40,658 [pool-293-thread-1] INFO  storage.RaftStorageDirectory (RaftStorageDirectoryImpl.java:tryLock(230)) - Lock on /home/runner/work/ozone/ozone/hadoop-ozone/integration-test/target/test-dir/MiniOzoneClusterImpl-1f178f74-bffb-4b20-8a8e-7aaf5f3ffa17/datanode-1/data/ratis/e83b4efc-186c-40cc-bba9-cfa5ec2879d8/in_use.lock acquired by nodename 18609@fv-az50-870
2022-04-26 01:52:40,677 [pool-272-thread-1] INFO  util.JmxRegister (JmxRegister.java:tryRegister(44)) - Successfully registered JMX Bean with object name Ratis:service=RaftServer,group=group-F2E40A8B7CD1,id=e687a55e-a1fa-40ca-b40d-7e860929e1d7
2022-04-26 01:52:40,681 [pool-293-thread-1] INFO  storage.RaftStorage (RaftStorageImpl.java:format(89)) - Storage directory /home/runner/work/ozone/ozone/hadoop-ozone/integration-test/target/test-dir/MiniOzoneClusterImpl-1f178f74-bffb-4b20-8a8e-7aaf5f3ffa17/datanode-1/data/ratis/e83b4efc-186c-40cc-bba9-cfa5ec2879d8 has been successfully formatted.
2022-04-26 01:52:40,688 [Command processor thread] INFO  ratis.XceiverServerRatis (XceiverServerRatis.java:addGroup(765)) - Created group PipelineID=23c02323-6405-4129-9c16-f2e40a8b7cd1
2022-04-26 01:52:40,693 [pool-293-thread-1] INFO  ratis.ContainerStateMachine (ContainerStateMachine.java:loadSnapshot(236)) - group-CFA5EC2879D8: The snapshot info is null. Setting the last applied indexto:(t:0, i:~)
2022-04-26 01:52:40,701 [pool-293-thread-1] INFO  server.RaftServerConfigKeys (ConfUtils.java:logGet(44)) - raft.server.notification.no-leader.timeout = 300s (custom)
2022-04-26 01:52:40,701 [pool-293-thread-1] INFO  server.RaftServerConfigKeys (ConfUtils.java:logGet(44)) - raft.server.log.use.memory = false (default)
2022-04-26 01:52:40,701 [pool-293-thread-1] INFO  server.RaftServerConfigKeys (ConfUtils.java:logGet(44)) - raft.server.log.purge.gap = 1000000 (custom)
2022-04-26 01:52:40,701 [pool-293-thread-1] INFO  server.RaftServerConfigKeys (ConfUtils.java:logGet(44)) - raft.server.log.appender.buffer.byte-limit = 33554432 (custom)
2022-04-26 01:52:40,701 [pool-293-thread-1] INFO  server.RaftServerConfigKeys (ConfUtils.java:logGet(44)) - raft.server.log.segment.size.max = 1048576 (custom)
2022-04-26 01:52:40,702 [pool-293-thread-1] INFO  server.RaftServerConfigKeys (ConfUtils.java:logGet(44)) - raft.server.log.segment.cache.num.max = 2 (custom)
2022-04-26 01:52:40,703 [pool-293-thread-1] INFO  server.RaftServerConfigKeys (ConfUtils.java:logGet(44)) - raft.server.log.segment.cache.size.max = 200MB (=209715200) (default)
2022-04-26 01:52:40,703 [pool-293-thread-1] INFO  segmented.SegmentedRaftLogWorker (SegmentedRaftLogWorker.java:<init>(182)) - new aa794ff7-e78a-42e1-b114-2e34ec5a968d@group-CFA5EC2879D8-SegmentedRaftLogWorker for RaftStorageImpl:Storage Directory /home/runner/work/ozone/ozone/hadoop-ozone/integration-test/target/test-dir/MiniOzoneClusterImpl-1f178f74-bffb-4b20-8a8e-7aaf5f3ffa17/datanode-1/data/ratis/e83b4efc-186c-40cc-bba9-cfa5ec2879d8
2022-04-26 01:52:40,703 [pool-293-thread-1] INFO  server.RaftServerConfigKeys (ConfUtils.java:logGet(44)) - raft.server.log.queue.byte-limit = 4294967296 (custom)
2022-04-26 01:52:40,703 [pool-293-thread-1] INFO  server.RaftServerConfigKeys (ConfUtils.java:logGet(44)) - raft.server.log.queue.element-limit = 1024 (custom)
2022-04-26 01:52:40,703 [pool-293-thread-1] INFO  server.RaftServerConfigKeys (ConfUtils.java:logGet(44)) - raft.server.log.segment.size.max = 1048576 (custom)
2022-04-26 01:52:40,703 [pool-293-thread-1] INFO  server.RaftServerConfigKeys (ConfUtils.java:logGet(44)) - raft.server.log.preallocated.size = 16384 (custom)
2022-04-26 01:52:40,703 [pool-293-thread-1] INFO  server.RaftServerConfigKeys (ConfUtils.java:logGet(44)) - raft.server.log.force.sync.num = 128 (default)
2022-04-26 01:52:40,703 [pool-293-thread-1] INFO  server.RaftServerConfigKeys (ConfUtils.java:logGet(44)) - raft.server.log.statemachine.data.sync = true (default)
2022-04-26 01:52:40,703 [pool-293-thread-1] INFO  server.RaftServerConfigKeys (ConfUtils.java:logGet(44)) - raft.server.log.statemachine.data.sync.timeout = 10s (default)
2022-04-26 01:52:40,703 [pool-293-thread-1] INFO  server.RaftServerConfigKeys (ConfUtils.java:logGet(44)) - raft.server.log.statemachine.data.sync.timeout.retry = -1 (default)
2022-04-26 01:52:40,706 [pool-293-thread-1] INFO  server.RaftServerConfigKeys (ConfUtils.java:logGet(44)) - raft.server.log.write.buffer.size = 1048576 (custom)
2022-04-26 01:52:40,707 [pool-293-thread-1] INFO  server.RaftServerConfigKeys (ConfUtils.java:logGet(44)) - raft.server.log.statemachine.data.caching.enabled = true (custom)
2022-04-26 01:52:40,707 [pool-293-thread-1] INFO  segmented.SegmentedRaftLogWorker (SegmentedRaftLogWorker.java:lambda$new$0(133)) - aa794ff7-e78a-42e1-b114-2e34ec5a968d@group-CFA5EC2879D8-SegmentedRaftLogWorker: flushIndex: setUnconditionally 0 -> -1
2022-04-26 01:52:40,708 [pool-293-thread-1] INFO  segmented.SegmentedRaftLogWorker (SegmentedRaftLogWorker.java:lambda$new$0(133)) - aa794ff7-e78a-42e1-b114-2e34ec5a968d@group-CFA5EC2879D8-SegmentedRaftLogWorker: safeCacheEvictIndex: setUnconditionally 0 -> -1
2022-04-26 01:52:40,711 [EventQueue-PipelineReportForPipelineReportHandler] INFO  pipeline.PipelineManagerImpl (PipelineManagerImpl.java:openPipeline(321)) - Pipeline Pipeline[ Id: e83b4efc-186c-40cc-bba9-cfa5ec2879d8, Nodes: aa794ff7-e78a-42e1-b114-2e34ec5a968d{ip: 10.1.0.42, host: fv-az50-870.grzltbmokehuzjyc5b133kdqgh.cx.internal.cloudapp.net, ports: [REPLICATION=41163, RATIS=38125, RATIS_ADMIN=38125, RATIS_SERVER=38125, STANDALONE=37029], networkLocation: /default-rack, certSerialId: null, persistedOpState: IN_SERVICE, persistedOpStateExpiryEpochSec: 0}, ReplicationConfig: RATIS/ONE, State:ALLOCATED, leaderId:aa794ff7-e78a-42e1-b114-2e34ec5a968d, CreationTimestamp2022-04-26T01:52:37.634Z[Etc/UTC]] moved to OPEN state
2022-04-26 01:52:40,712 [EventQueue-OpenPipelineForHealthyPipelineSafeModeRule] INFO  safemode.SCMSafeModeManager (HealthyPipelineSafeModeRule.java:process(124)) - SCM in safe mode. Healthy pipelines reported count is 0, required healthy pipeline reported count is 1
2022-04-26 01:52:40,751 [pool-293-thread-1] INFO  server.RaftServerConfigKeys (ConfUtils.java:logGet(44)) - raft.server.snapshot.auto.trigger.enabled = true (custom)
2022-04-26 01:52:40,797 [pool-293-thread-1] INFO  server.RaftServerConfigKeys (ConfUtils.java:logGet(44)) - raft.server.snapshot.auto.trigger.threshold = 10000 (custom)
2022-04-26 01:52:40,798 [pool-293-thread-1] INFO  server.RaftServerConfigKeys (ConfUtils.java:logGet(44)) - raft.server.snapshot.retention.file.num = 5 (custom)
2022-04-26 01:52:40,798 [pool-293-thread-1] INFO  server.RaftServerConfigKeys (ConfUtils.java:logGet(44)) - raft.server.log.purge.upto.snapshot.index = false (default)
2022-04-26 01:52:40,798 [pool-293-thread-1] INFO  server.RaftServerConfigKeys (ConfUtils.java:logGet(44)) - raft.server.retrycache.expirytime = 600000ms (custom)
2022-04-26 01:52:40,798 [pool-293-thread-1] INFO  server.RaftServerConfigKeys (ConfUtils.java:logGet(44)) - raft.server.retrycache.statistics.expirytime = 100μs (default)
2022-04-26 01:52:40,796 [grpc-default-executor-0] INFO  server.RaftServer (RaftServerProxy.java:addNew(95)) - aa794ff7-e78a-42e1-b114-2e34ec5a968d: addNew group-F2E40A8B7CD1:[34d2ba22-a7fd-4f79-9d8a-4dadf85377fe|rpc:10.1.0.42:38711|dataStream:|priority:0, e687a55e-a1fa-40ca-b40d-7e860929e1d7|rpc:10.1.0.42:39343|dataStream:|priority:1, aa794ff7-e78a-42e1-b114-2e34ec5a968d|rpc:10.1.0.42:38125|dataStream:|priority:0] returns group-F2E40A8B7CD1:java.util.concurrent.CompletableFuture@497b3a1c[Not completed]
2022-04-26 01:52:40,805 [pool-293-thread-1] INFO  server.RaftServer$Division (RaftServerImpl.java:<init>(184)) - aa794ff7-e78a-42e1-b114-2e34ec5a968d: new RaftServerImpl for group-F2E40A8B7CD1:[34d2ba22-a7fd-4f79-9d8a-4dadf85377fe|rpc:10.1.0.42:38711|dataStream:|priority:0, e687a55e-a1fa-40ca-b40d-7e860929e1d7|rpc:10.1.0.42:39343|dataStream:|priority:1, aa794ff7-e78a-42e1-b114-2e34ec5a968d|rpc:10.1.0.42:38125|dataStream:|priority:0] with ContainerStateMachine:uninitialized
2022-04-26 01:52:40,805 [pool-293-thread-1] INFO  server.RaftServerConfigKeys (ConfUtils.java:logGet(44)) - raft.server.rpc.timeout.min = 5s (custom)
2022-04-26 01:52:40,805 [pool-293-thread-1] INFO  server.RaftServerConfigKeys (ConfUtils.java:logGet(44)) - raft.server.rpc.timeout.max = 5200ms (custom)
2022-04-26 01:52:40,805 [pool-293-thread-1] INFO  server.RaftServerConfigKeys (ConfUtils.java:logGet(44)) - raft.server.rpc.sleep.time = 25ms (default)
2022-04-26 01:52:40,805 [pool-293-thread-1] INFO  server.RaftServerConfigKeys (ConfUtils.java:logGet(44)) - raft.server.rpc.slowness.timeout = 300s (custom)
2022-04-26 01:52:40,805 [pool-293-thread-1] INFO  server.RaftServerConfigKeys (ConfUtils.java:logGet(44)) - raft.server.leaderelection.leader.step-down.wait-time = 10s (default)
2022-04-26 01:52:40,805 [pool-293-thread-1] INFO  server.RaftServerConfigKeys (ConfUtils.java:logGet(44)) - raft.server.sleep.deviation.threshold = 300ms (default)
2022-04-26 01:52:40,805 [pool-293-thread-1] INFO  server.RaftServerConfigKeys (ConfUtils.java:logGet(44)) - raft.server.log.appender.install.snapshot.enabled = false (custom)
2022-04-26 01:52:40,806 [pool-293-thread-1] INFO  server.RaftServer$Division (ServerState.java:<init>(105)) - aa794ff7-e78a-42e1-b114-2e34ec5a968d@group-F2E40A8B7CD1: ConfigurationManager, init=-1: [34d2ba22-a7fd-4f79-9d8a-4dadf85377fe|rpc:10.1.0.42:38711|dataStream:|priority:0, e687a55e-a1fa-40ca-b40d-7e860929e1d7|rpc:10.1.0.42:39343|dataStream:|priority:1, aa794ff7-e78a-42e1-b114-2e34ec5a968d|rpc:10.1.0.42:38125|dataStream:|priority:0], old=null, confs=<EMPTY_MAP>
2022-04-26 01:52:40,806 [pool-293-thread-1] INFO  server.RaftServerConfigKeys (ConfUtils.java:logGet(44)) - raft.server.storage.dir = [/home/runner/work/ozone/ozone/hadoop-ozone/integration-test/target/test-dir/MiniOzoneClusterImpl-1f178f74-bffb-4b20-8a8e-7aaf5f3ffa17/datanode-1/data/ratis] (custom)
2022-04-26 01:52:40,806 [pool-293-thread-1] INFO  server.RaftServerConfigKeys (ConfUtils.java:logGet(44)) - raft.server.log.corruption.policy = EXCEPTION (default)
2022-04-26 01:52:40,813 [pool-293-thread-1] INFO  server.RaftServerConfigKeys (ConfUtils.java:logGet(44)) - raft.server.storage.free-space.min = 0MB (=0) (default)
2022-04-26 01:52:40,813 [pool-293-thread-1] INFO  storage.RaftStorageDirectory (RaftStorageDirectoryImpl.java:analyzeStorage(135)) - The storage directory /home/runner/work/ozone/ozone/hadoop-ozone/integration-test/target/test-dir/MiniOzoneClusterImpl-1f178f74-bffb-4b20-8a8e-7aaf5f3ffa17/datanode-1/data/ratis/23c02323-6405-4129-9c16-f2e40a8b7cd1 does not exist. Creating ...
2022-04-26 01:52:40,822 [pool-293-thread-1] INFO  storage.RaftStorageDirectory (RaftStorageDirectoryImpl.java:tryLock(230)) - Lock on /home/runner/work/ozone/ozone/hadoop-ozone/integration-test/target/test-dir/MiniOzoneClusterImpl-1f178f74-bffb-4b20-8a8e-7aaf5f3ffa17/datanode-1/data/ratis/23c02323-6405-4129-9c16-f2e40a8b7cd1/in_use.lock acquired by nodename 18609@fv-az50-870
2022-04-26 01:52:40,825 [pool-293-thread-1] INFO  storage.RaftStorage (RaftStorageImpl.java:format(89)) - Storage directory /home/runner/work/ozone/ozone/hadoop-ozone/integration-test/target/test-dir/MiniOzoneClusterImpl-1f178f74-bffb-4b20-8a8e-7aaf5f3ffa17/datanode-1/data/ratis/23c02323-6405-4129-9c16-f2e40a8b7cd1 has been successfully formatted.
2022-04-26 01:52:40,825 [pool-293-thread-1] INFO  ratis.ContainerStateMachine (ContainerStateMachine.java:loadSnapshot(236)) - group-F2E40A8B7CD1: The snapshot info is null. Setting the last applied indexto:(t:0, i:~)
2022-04-26 01:52:40,826 [pool-293-thread-1] INFO  server.RaftServerConfigKeys (ConfUtils.java:logGet(44)) - raft.server.notification.no-leader.timeout = 300s (custom)
2022-04-26 01:52:40,826 [pool-293-thread-1] INFO  server.RaftServerConfigKeys (ConfUtils.java:logGet(44)) - raft.server.log.use.memory = false (default)
2022-04-26 01:52:40,826 [pool-293-thread-1] INFO  server.RaftServerConfigKeys (ConfUtils.java:logGet(44)) - raft.server.log.purge.gap = 1000000 (custom)
2022-04-26 01:52:40,828 [EventQueue-OpenPipelineForHealthyPipelineSafeModeRule] INFO  safemode.SCMSafeModeManager (HealthyPipelineSafeModeRule.java:process(124)) - SCM in safe mode. Healthy pipelines reported count is 0, required healthy pipeline reported count is 1
2022-04-26 01:52:40,828 [pool-293-thread-1] INFO  server.RaftServerConfigKeys (ConfUtils.java:logGet(44)) - raft.server.log.appender.buffer.byte-limit = 33554432 (custom)
2022-04-26 01:52:40,829 [pool-293-thread-1] INFO  server.RaftServerConfigKeys (ConfUtils.java:logGet(44)) - raft.server.log.segment.size.max = 1048576 (custom)
2022-04-26 01:52:40,830 [pool-293-thread-1] INFO  server.RaftServerConfigKeys (ConfUtils.java:logGet(44)) - raft.server.log.segment.cache.num.max = 2 (custom)
2022-04-26 01:52:40,830 [pool-293-thread-1] INFO  server.RaftServerConfigKeys (ConfUtils.java:logGet(44)) - raft.server.log.segment.cache.size.max = 200MB (=209715200) (default)
2022-04-26 01:52:40,830 [pool-293-thread-1] INFO  segmented.SegmentedRaftLogWorker (SegmentedRaftLogWorker.java:<init>(182)) - new aa794ff7-e78a-42e1-b114-2e34ec5a968d@group-F2E40A8B7CD1-SegmentedRaftLogWorker for RaftStorageImpl:Storage Directory /home/runner/work/ozone/ozone/hadoop-ozone/integration-test/target/test-dir/MiniOzoneClusterImpl-1f178f74-bffb-4b20-8a8e-7aaf5f3ffa17/datanode-1/data/ratis/23c02323-6405-4129-9c16-f2e40a8b7cd1
2022-04-26 01:52:40,830 [pool-293-thread-1] INFO  server.RaftServerConfigKeys (ConfUtils.java:logGet(44)) - raft.server.log.queue.byte-limit = 4294967296 (custom)
2022-04-26 01:52:40,830 [pool-293-thread-1] INFO  server.RaftServerConfigKeys (ConfUtils.java:logGet(44)) - raft.server.log.queue.element-limit = 1024 (custom)
2022-04-26 01:52:40,830 [pool-293-thread-1] INFO  server.RaftServerConfigKeys (ConfUtils.java:logGet(44)) - raft.server.log.segment.size.max = 1048576 (custom)
2022-04-26 01:52:40,830 [pool-293-thread-1] INFO  server.RaftServerConfigKeys (ConfUtils.java:logGet(44)) - raft.server.log.preallocated.size = 16384 (custom)
2022-04-26 01:52:40,830 [pool-293-thread-1] INFO  server.RaftServerConfigKeys (ConfUtils.java:logGet(44)) - raft.server.log.force.sync.num = 128 (default)
2022-04-26 01:52:40,838 [pool-293-thread-1] INFO  server.RaftServerConfigKeys (ConfUtils.java:logGet(44)) - raft.server.log.statemachine.data.sync = true (default)
2022-04-26 01:52:40,838 [pool-293-thread-1] INFO  server.RaftServerConfigKeys (ConfUtils.java:logGet(44)) - raft.server.log.statemachine.data.sync.timeout = 10s (default)
2022-04-26 01:52:40,838 [pool-293-thread-1] INFO  server.RaftServerConfigKeys (ConfUtils.java:logGet(44)) - raft.server.log.statemachine.data.sync.timeout.retry = -1 (default)
2022-04-26 01:52:40,840 [pool-293-thread-1] INFO  server.RaftServerConfigKeys (ConfUtils.java:logGet(44)) - raft.server.log.write.buffer.size = 1048576 (custom)
2022-04-26 01:52:40,842 [pool-293-thread-1] INFO  server.RaftServerConfigKeys (ConfUtils.java:logGet(44)) - raft.server.log.statemachine.data.caching.enabled = true (custom)
2022-04-26 01:52:40,842 [pool-293-thread-1] INFO  segmented.SegmentedRaftLogWorker (SegmentedRaftLogWorker.java:lambda$new$0(133)) - aa794ff7-e78a-42e1-b114-2e34ec5a968d@group-F2E40A8B7CD1-SegmentedRaftLogWorker: flushIndex: setUnconditionally 0 -> -1
2022-04-26 01:52:40,842 [pool-293-thread-1] INFO  segmented.SegmentedRaftLogWorker (SegmentedRaftLogWorker.java:lambda$new$0(133)) - aa794ff7-e78a-42e1-b114-2e34ec5a968d@group-F2E40A8B7CD1-SegmentedRaftLogWorker: safeCacheEvictIndex: setUnconditionally 0 -> -1
2022-04-26 01:52:40,853 [pool-293-thread-1] INFO  server.RaftServerConfigKeys (ConfUtils.java:logGet(44)) - raft.server.snapshot.auto.trigger.enabled = true (custom)
2022-04-26 01:52:40,853 [pool-293-thread-1] INFO  server.RaftServerConfigKeys (ConfUtils.java:logGet(44)) - raft.server.snapshot.auto.trigger.threshold = 10000 (custom)
2022-04-26 01:52:40,854 [pool-293-thread-1] INFO  server.RaftServerConfigKeys (ConfUtils.java:logGet(44)) - raft.server.snapshot.retention.file.num = 5 (custom)
2022-04-26 01:52:40,854 [pool-293-thread-1] INFO  server.RaftServerConfigKeys (ConfUtils.java:logGet(44)) - raft.server.log.purge.upto.snapshot.index = false (default)
2022-04-26 01:52:40,854 [pool-293-thread-1] INFO  server.RaftServerConfigKeys (ConfUtils.java:logGet(44)) - raft.server.retrycache.expirytime = 600000ms (custom)
2022-04-26 01:52:40,854 [pool-293-thread-1] INFO  server.RaftServerConfigKeys (ConfUtils.java:logGet(44)) - raft.server.retrycache.statistics.expirytime = 100μs (default)
2022-04-26 01:52:40,857 [pool-293-thread-1] INFO  server.RaftServer$Division (RaftServerImpl.java:start(301)) - aa794ff7-e78a-42e1-b114-2e34ec5a968d@group-CFA5EC2879D8: start as a follower, conf=-1: [aa794ff7-e78a-42e1-b114-2e34ec5a968d|rpc:10.1.0.42:38125|priority:1], old=null
2022-04-26 01:52:40,857 [pool-293-thread-1] INFO  server.RaftServer$Division (RaftServerImpl.java:setRole(290)) - aa794ff7-e78a-42e1-b114-2e34ec5a968d@group-CFA5EC2879D8: changes role from      null to FOLLOWER at term 0 for startAsFollower
2022-04-26 01:52:40,857 [pool-293-thread-1] INFO  impl.RoleInfo (RoleInfo.java:updateAndGet(130)) - aa794ff7-e78a-42e1-b114-2e34ec5a968d: start aa794ff7-e78a-42e1-b114-2e34ec5a968d@group-CFA5EC2879D8-FollowerState
2022-04-26 01:52:40,869 [pool-293-thread-1] INFO  util.JmxRegister (JmxRegister.java:tryRegister(44)) - Successfully registered JMX Bean with object name Ratis:service=RaftServer,group=group-CFA5EC2879D8,id=aa794ff7-e78a-42e1-b114-2e34ec5a968d
2022-04-26 01:52:40,877 [pool-293-thread-1] INFO  server.RaftServer$Division (RaftServerImpl.java:start(301)) - aa794ff7-e78a-42e1-b114-2e34ec5a968d@group-F2E40A8B7CD1: start as a follower, conf=-1: [34d2ba22-a7fd-4f79-9d8a-4dadf85377fe|rpc:10.1.0.42:38711|dataStream:|priority:0, e687a55e-a1fa-40ca-b40d-7e860929e1d7|rpc:10.1.0.42:39343|dataStream:|priority:1, aa794ff7-e78a-42e1-b114-2e34ec5a968d|rpc:10.1.0.42:38125|dataStream:|priority:0], old=null
2022-04-26 01:52:40,877 [pool-293-thread-1] INFO  server.RaftServer$Division (RaftServerImpl.java:setRole(290)) - aa794ff7-e78a-42e1-b114-2e34ec5a968d@group-F2E40A8B7CD1: changes role from      null to FOLLOWER at term 0 for startAsFollower
2022-04-26 01:52:40,878 [pool-293-thread-1] INFO  impl.RoleInfo (RoleInfo.java:updateAndGet(130)) - aa794ff7-e78a-42e1-b114-2e34ec5a968d: start aa794ff7-e78a-42e1-b114-2e34ec5a968d@group-F2E40A8B7CD1-FollowerState
2022-04-26 01:52:40,878 [Command processor thread] INFO  ratis.XceiverServerRatis (XceiverServerRatis.java:addGroup(765)) - Created group PipelineID=e83b4efc-186c-40cc-bba9-cfa5ec2879d8
2022-04-26 01:52:40,878 [Command processor thread] INFO  commandhandler.CreatePipelineCommandHandler (CreatePipelineCommandHandler.java:handle(113)) - Created Pipeline RATIS ONE PipelineID=e83b4efc-186c-40cc-bba9-cfa5ec2879d8.
2022-04-26 01:52:40,889 [pool-293-thread-1] INFO  util.JmxRegister (JmxRegister.java:tryRegister(44)) - Successfully registered JMX Bean with object name Ratis:service=RaftServer,group=group-F2E40A8B7CD1,id=aa794ff7-e78a-42e1-b114-2e34ec5a968d
2022-04-26 01:52:40,974 [grpc-default-executor-0] INFO  server.RaftServer (RaftServerProxy.java:addNew(95)) - 34d2ba22-a7fd-4f79-9d8a-4dadf85377fe: addNew group-F2E40A8B7CD1:[34d2ba22-a7fd-4f79-9d8a-4dadf85377fe|rpc:10.1.0.42:38711|dataStream:|priority:0, e687a55e-a1fa-40ca-b40d-7e860929e1d7|rpc:10.1.0.42:39343|dataStream:|priority:1, aa794ff7-e78a-42e1-b114-2e34ec5a968d|rpc:10.1.0.42:38125|dataStream:|priority:0] returns group-F2E40A8B7CD1:java.util.concurrent.CompletableFuture@be169fb[Not completed]
2022-04-26 01:52:40,976 [pool-314-thread-1] INFO  server.RaftServer$Division (RaftServerImpl.java:<init>(184)) - 34d2ba22-a7fd-4f79-9d8a-4dadf85377fe: new RaftServerImpl for group-F2E40A8B7CD1:[34d2ba22-a7fd-4f79-9d8a-4dadf85377fe|rpc:10.1.0.42:38711|dataStream:|priority:0, e687a55e-a1fa-40ca-b40d-7e860929e1d7|rpc:10.1.0.42:39343|dataStream:|priority:1, aa794ff7-e78a-42e1-b114-2e34ec5a968d|rpc:10.1.0.42:38125|dataStream:|priority:0] with ContainerStateMachine:uninitialized
2022-04-26 01:52:40,976 [pool-314-thread-1] INFO  server.RaftServerConfigKeys (ConfUtils.java:logGet(44)) - raft.server.rpc.timeout.min = 5s (custom)
2022-04-26 01:52:40,976 [pool-314-thread-1] INFO  server.RaftServerConfigKeys (ConfUtils.java:logGet(44)) - raft.server.rpc.timeout.max = 5200ms (custom)
2022-04-26 01:52:40,976 [pool-314-thread-1] INFO  server.RaftServerConfigKeys (ConfUtils.java:logGet(44)) - raft.server.rpc.sleep.time = 25ms (default)
2022-04-26 01:52:40,976 [pool-314-thread-1] INFO  server.RaftServerConfigKeys (ConfUtils.java:logGet(44)) - raft.server.rpc.slowness.timeout = 300s (custom)
2022-04-26 01:52:40,976 [pool-314-thread-1] INFO  server.RaftServerConfigKeys (ConfUtils.java:logGet(44)) - raft.server.leaderelection.leader.step-down.wait-time = 10s (default)
2022-04-26 01:52:40,976 [pool-314-thread-1] INFO  server.RaftServerConfigKeys (ConfUtils.java:logGet(44)) - raft.server.sleep.deviation.threshold = 300ms (default)
2022-04-26 01:52:40,976 [pool-314-thread-1] INFO  server.RaftServerConfigKeys (ConfUtils.java:logGet(44)) - raft.server.log.appender.install.snapshot.enabled = false (custom)
2022-04-26 01:52:40,977 [pool-314-thread-1] INFO  server.RaftServer$Division (ServerState.java:<init>(105)) - 34d2ba22-a7fd-4f79-9d8a-4dadf85377fe@group-F2E40A8B7CD1: ConfigurationManager, init=-1: [34d2ba22-a7fd-4f79-9d8a-4dadf85377fe|rpc:10.1.0.42:38711|dataStream:|priority:0, e687a55e-a1fa-40ca-b40d-7e860929e1d7|rpc:10.1.0.42:39343|dataStream:|priority:1, aa794ff7-e78a-42e1-b114-2e34ec5a968d|rpc:10.1.0.42:38125|dataStream:|priority:0], old=null, confs=<EMPTY_MAP>
2022-04-26 01:52:40,977 [pool-314-thread-1] INFO  server.RaftServerConfigKeys (ConfUtils.java:logGet(44)) - raft.server.storage.dir = [/home/runner/work/ozone/ozone/hadoop-ozone/integration-test/target/test-dir/MiniOzoneClusterImpl-1f178f74-bffb-4b20-8a8e-7aaf5f3ffa17/datanode-2/data/ratis] (custom)
2022-04-26 01:52:40,977 [pool-314-thread-1] INFO  server.RaftServerConfigKeys (ConfUtils.java:logGet(44)) - raft.server.log.corruption.policy = EXCEPTION (default)
2022-04-26 01:52:40,977 [pool-314-thread-1] INFO  server.RaftServerConfigKeys (ConfUtils.java:logGet(44)) - raft.server.storage.free-space.min = 0MB (=0) (default)
2022-04-26 01:52:40,977 [pool-314-thread-1] INFO  storage.RaftStorageDirectory (RaftStorageDirectoryImpl.java:analyzeStorage(135)) - The storage directory /home/runner/work/ozone/ozone/hadoop-ozone/integration-test/target/test-dir/MiniOzoneClusterImpl-1f178f74-bffb-4b20-8a8e-7aaf5f3ffa17/datanode-2/data/ratis/23c02323-6405-4129-9c16-f2e40a8b7cd1 does not exist. Creating ...
2022-04-26 01:52:40,979 [pool-314-thread-1] INFO  storage.RaftStorageDirectory (RaftStorageDirectoryImpl.java:tryLock(230)) - Lock on /home/runner/work/ozone/ozone/hadoop-ozone/integration-test/target/test-dir/MiniOzoneClusterImpl-1f178f74-bffb-4b20-8a8e-7aaf5f3ffa17/datanode-2/data/ratis/23c02323-6405-4129-9c16-f2e40a8b7cd1/in_use.lock acquired by nodename 18609@fv-az50-870
2022-04-26 01:52:40,982 [pool-314-thread-1] INFO  storage.RaftStorage (RaftStorageImpl.java:format(89)) - Storage directory /home/runner/work/ozone/ozone/hadoop-ozone/integration-test/target/test-dir/MiniOzoneClusterImpl-1f178f74-bffb-4b20-8a8e-7aaf5f3ffa17/datanode-2/data/ratis/23c02323-6405-4129-9c16-f2e40a8b7cd1 has been successfully formatted.
2022-04-26 01:52:40,983 [pool-314-thread-1] INFO  ratis.ContainerStateMachine (ContainerStateMachine.java:loadSnapshot(236)) - group-F2E40A8B7CD1: The snapshot info is null. Setting the last applied indexto:(t:0, i:~)
2022-04-26 01:52:40,983 [pool-314-thread-1] INFO  server.RaftServerConfigKeys (ConfUtils.java:logGet(44)) - raft.server.notification.no-leader.timeout = 300s (custom)
2022-04-26 01:52:40,983 [pool-314-thread-1] INFO  server.RaftServerConfigKeys (ConfUtils.java:logGet(44)) - raft.server.log.use.memory = false (default)
2022-04-26 01:52:40,983 [pool-314-thread-1] INFO  server.RaftServerConfigKeys (ConfUtils.java:logGet(44)) - raft.server.log.purge.gap = 1000000 (custom)
2022-04-26 01:52:40,984 [pool-314-thread-1] INFO  server.RaftServerConfigKeys (ConfUtils.java:logGet(44)) - raft.server.log.appender.buffer.byte-limit = 33554432 (custom)
2022-04-26 01:52:40,985 [pool-314-thread-1] INFO  server.RaftServerConfigKeys (ConfUtils.java:logGet(44)) - raft.server.log.segment.size.max = 1048576 (custom)
2022-04-26 01:52:40,986 [pool-314-thread-1] INFO  server.RaftServerConfigKeys (ConfUtils.java:logGet(44)) - raft.server.log.segment.cache.num.max = 2 (custom)
2022-04-26 01:52:40,986 [pool-314-thread-1] INFO  server.RaftServerConfigKeys (ConfUtils.java:logGet(44)) - raft.server.log.segment.cache.size.max = 200MB (=209715200) (default)
2022-04-26 01:52:40,986 [pool-314-thread-1] INFO  segmented.SegmentedRaftLogWorker (SegmentedRaftLogWorker.java:<init>(182)) - new 34d2ba22-a7fd-4f79-9d8a-4dadf85377fe@group-F2E40A8B7CD1-SegmentedRaftLogWorker for RaftStorageImpl:Storage Directory /home/runner/work/ozone/ozone/hadoop-ozone/integration-test/target/test-dir/MiniOzoneClusterImpl-1f178f74-bffb-4b20-8a8e-7aaf5f3ffa17/datanode-2/data/ratis/23c02323-6405-4129-9c16-f2e40a8b7cd1
2022-04-26 01:52:40,986 [pool-314-thread-1] INFO  server.RaftServerConfigKeys (ConfUtils.java:logGet(44)) - raft.server.log.queue.byte-limit = 4294967296 (custom)
2022-04-26 01:52:40,986 [pool-314-thread-1] INFO  server.RaftServerConfigKeys (ConfUtils.java:logGet(44)) - raft.server.log.queue.element-limit = 1024 (custom)
2022-04-26 01:52:40,986 [pool-314-thread-1] INFO  server.RaftServerConfigKeys (ConfUtils.java:logGet(44)) - raft.server.log.segment.size.max = 1048576 (custom)
2022-04-26 01:52:40,986 [pool-314-thread-1] INFO  server.RaftServerConfigKeys (ConfUtils.java:logGet(44)) - raft.server.log.preallocated.size = 16384 (custom)
2022-04-26 01:52:40,987 [pool-314-thread-1] INFO  server.RaftServerConfigKeys (ConfUtils.java:logGet(44)) - raft.server.log.force.sync.num = 128 (default)
2022-04-26 01:52:40,987 [pool-314-thread-1] INFO  server.RaftServerConfigKeys (ConfUtils.java:logGet(44)) - raft.server.log.statemachine.data.sync = true (default)
2022-04-26 01:52:40,987 [pool-314-thread-1] INFO  server.RaftServerConfigKeys (ConfUtils.java:logGet(44)) - raft.server.log.statemachine.data.sync.timeout = 10s (default)
2022-04-26 01:52:40,987 [pool-314-thread-1] INFO  server.RaftServerConfigKeys (ConfUtils.java:logGet(44)) - raft.server.log.statemachine.data.sync.timeout.retry = -1 (default)
2022-04-26 01:52:40,989 [pool-314-thread-1] INFO  server.RaftServerConfigKeys (ConfUtils.java:logGet(44)) - raft.server.log.write.buffer.size = 1048576 (custom)
2022-04-26 01:52:40,998 [pool-314-thread-1] INFO  server.RaftServerConfigKeys (ConfUtils.java:logGet(44)) - raft.server.log.statemachine.data.caching.enabled = true (custom)
2022-04-26 01:52:40,998 [pool-314-thread-1] INFO  segmented.SegmentedRaftLogWorker (SegmentedRaftLogWorker.java:lambda$new$0(133)) - 34d2ba22-a7fd-4f79-9d8a-4dadf85377fe@group-F2E40A8B7CD1-SegmentedRaftLogWorker: flushIndex: setUnconditionally 0 -> -1
2022-04-26 01:52:40,998 [pool-314-thread-1] INFO  segmented.SegmentedRaftLogWorker (SegmentedRaftLogWorker.java:lambda$new$0(133)) - 34d2ba22-a7fd-4f79-9d8a-4dadf85377fe@group-F2E40A8B7CD1-SegmentedRaftLogWorker: safeCacheEvictIndex: setUnconditionally 0 -> -1
2022-04-26 01:52:41,025 [pool-314-thread-1] INFO  server.RaftServerConfigKeys (ConfUtils.java:logGet(44)) - raft.server.snapshot.auto.trigger.enabled = true (custom)
2022-04-26 01:52:41,025 [pool-314-thread-1] INFO  server.RaftServerConfigKeys (ConfUtils.java:logGet(44)) - raft.server.snapshot.auto.trigger.threshold = 10000 (custom)
2022-04-26 01:52:41,026 [pool-314-thread-1] INFO  server.RaftServerConfigKeys (ConfUtils.java:logGet(44)) - raft.server.snapshot.retention.file.num = 5 (custom)
2022-04-26 01:52:41,026 [pool-314-thread-1] INFO  server.RaftServerConfigKeys (ConfUtils.java:logGet(44)) - raft.server.log.purge.upto.snapshot.index = false (default)
2022-04-26 01:52:41,026 [pool-314-thread-1] INFO  server.RaftServerConfigKeys (ConfUtils.java:logGet(44)) - raft.server.retrycache.expirytime = 600000ms (custom)
2022-04-26 01:52:41,026 [pool-314-thread-1] INFO  server.RaftServerConfigKeys (ConfUtils.java:logGet(44)) - raft.server.retrycache.statistics.expirytime = 100μs (default)
2022-04-26 01:52:41,029 [pool-314-thread-1] INFO  server.RaftServer$Division (RaftServerImpl.java:start(301)) - 34d2ba22-a7fd-4f79-9d8a-4dadf85377fe@group-F2E40A8B7CD1: start as a follower, conf=-1: [34d2ba22-a7fd-4f79-9d8a-4dadf85377fe|rpc:10.1.0.42:38711|dataStream:|priority:0, e687a55e-a1fa-40ca-b40d-7e860929e1d7|rpc:10.1.0.42:39343|dataStream:|priority:1, aa794ff7-e78a-42e1-b114-2e34ec5a968d|rpc:10.1.0.42:38125|dataStream:|priority:0], old=null
2022-04-26 01:52:41,029 [pool-314-thread-1] INFO  server.RaftServer$Division (RaftServerImpl.java:setRole(290)) - 34d2ba22-a7fd-4f79-9d8a-4dadf85377fe@group-F2E40A8B7CD1: changes role from      null to FOLLOWER at term 0 for startAsFollower
2022-04-26 01:52:41,029 [pool-314-thread-1] INFO  impl.RoleInfo (RoleInfo.java:updateAndGet(130)) - 34d2ba22-a7fd-4f79-9d8a-4dadf85377fe: start 34d2ba22-a7fd-4f79-9d8a-4dadf85377fe@group-F2E40A8B7CD1-FollowerState
2022-04-26 01:52:41,049 [pool-314-thread-1] INFO  util.JmxRegister (JmxRegister.java:tryRegister(44)) - Successfully registered JMX Bean with object name Ratis:service=RaftServer,group=group-F2E40A8B7CD1,id=34d2ba22-a7fd-4f79-9d8a-4dadf85377fe
2022-04-26 01:52:41,049 [Listener at 127.0.0.1/46323] INFO  ozone.MiniOzoneClusterImpl (MiniOzoneClusterImpl.java:lambda$waitForClusterToBeReady$0(221)) - Nodes are ready. Got 5 of 5 DN Heartbeats.
2022-04-26 01:52:41,050 [Listener at 127.0.0.1/46323] INFO  ozone.MiniOzoneClusterImpl (MiniOzoneClusterImpl.java:lambda$waitForClusterToBeReady$0(224)) - Waiting for cluster to exit safe mode
2022-04-26 01:52:41,050 [Listener at 127.0.0.1/46323] INFO  ozone.MiniOzoneClusterImpl (MiniOzoneClusterImpl.java:lambda$waitForClusterToBeReady$0(226)) - SCM became leader
2022-04-26 01:52:41,103 [Command processor thread] INFO  commandhandler.CreatePipelineCommandHandler (CreatePipelineCommandHandler.java:handle(113)) - Created Pipeline RATIS THREE PipelineID=23c02323-6405-4129-9c16-f2e40a8b7cd1.
2022-04-26 01:52:41,163 [Command processor thread] INFO  server.RaftServer (RaftServerProxy.java:addNew(95)) - 34d2ba22-a7fd-4f79-9d8a-4dadf85377fe: addNew group-FBBE72B9F907:[34d2ba22-a7fd-4f79-9d8a-4dadf85377fe|rpc:10.1.0.42:38711|priority:1] returns group-FBBE72B9F907:java.util.concurrent.CompletableFuture@b3f2009[Not completed]
2022-04-26 01:52:41,164 [pool-314-thread-1] INFO  server.RaftServer$Division (RaftServerImpl.java:<init>(184)) - 34d2ba22-a7fd-4f79-9d8a-4dadf85377fe: new RaftServerImpl for group-FBBE72B9F907:[34d2ba22-a7fd-4f79-9d8a-4dadf85377fe|rpc:10.1.0.42:38711|priority:1] with ContainerStateMachine:uninitialized
2022-04-26 01:52:41,164 [pool-314-thread-1] INFO  server.RaftServerConfigKeys (ConfUtils.java:logGet(44)) - raft.server.rpc.timeout.min = 5s (custom)
2022-04-26 01:52:41,164 [pool-314-thread-1] INFO  server.RaftServerConfigKeys (ConfUtils.java:logGet(44)) - raft.server.rpc.timeout.max = 5200ms (custom)
2022-04-26 01:52:41,164 [pool-314-thread-1] INFO  server.RaftServerConfigKeys (ConfUtils.java:logGet(44)) - raft.server.rpc.sleep.time = 25ms (default)
2022-04-26 01:52:41,164 [pool-314-thread-1] INFO  server.RaftServerConfigKeys (ConfUtils.java:logGet(44)) - raft.server.rpc.slowness.timeout = 300s (custom)
2022-04-26 01:52:41,164 [pool-314-thread-1] INFO  server.RaftServerConfigKeys (ConfUtils.java:logGet(44)) - raft.server.leaderelection.leader.step-down.wait-time = 10s (default)
2022-04-26 01:52:41,164 [pool-314-thread-1] INFO  server.RaftServerConfigKeys (ConfUtils.java:logGet(44)) - raft.server.sleep.deviation.threshold = 300ms (default)
2022-04-26 01:52:41,165 [pool-314-thread-1] INFO  server.RaftServerConfigKeys (ConfUtils.java:logGet(44)) - raft.server.log.appender.install.snapshot.enabled = false (custom)
2022-04-26 01:52:41,165 [pool-314-thread-1] INFO  server.RaftServer$Division (ServerState.java:<init>(105)) - 34d2ba22-a7fd-4f79-9d8a-4dadf85377fe@group-FBBE72B9F907: ConfigurationManager, init=-1: [34d2ba22-a7fd-4f79-9d8a-4dadf85377fe|rpc:10.1.0.42:38711|priority:1], old=null, confs=<EMPTY_MAP>
2022-04-26 01:52:41,165 [pool-314-thread-1] INFO  server.RaftServerConfigKeys (ConfUtils.java:logGet(44)) - raft.server.storage.dir = [/home/runner/work/ozone/ozone/hadoop-ozone/integration-test/target/test-dir/MiniOzoneClusterImpl-1f178f74-bffb-4b20-8a8e-7aaf5f3ffa17/datanode-2/data/ratis] (custom)
2022-04-26 01:52:41,165 [pool-314-thread-1] INFO  server.RaftServerConfigKeys (ConfUtils.java:logGet(44)) - raft.server.log.corruption.policy = EXCEPTION (default)
2022-04-26 01:52:41,165 [pool-314-thread-1] INFO  server.RaftServerConfigKeys (ConfUtils.java:logGet(44)) - raft.server.storage.free-space.min = 0MB (=0) (default)
2022-04-26 01:52:41,165 [pool-314-thread-1] INFO  storage.RaftStorageDirectory (RaftStorageDirectoryImpl.java:analyzeStorage(135)) - The storage directory /home/runner/work/ozone/ozone/hadoop-ozone/integration-test/target/test-dir/MiniOzoneClusterImpl-1f178f74-bffb-4b20-8a8e-7aaf5f3ffa17/datanode-2/data/ratis/6f3bf367-62c6-4b05-8d00-fbbe72b9f907 does not exist. Creating ...
2022-04-26 01:52:41,169 [pool-314-thread-1] INFO  storage.RaftStorageDirectory (RaftStorageDirectoryImpl.java:tryLock(230)) - Lock on /home/runner/work/ozone/ozone/hadoop-ozone/integration-test/target/test-dir/MiniOzoneClusterImpl-1f178f74-bffb-4b20-8a8e-7aaf5f3ffa17/datanode-2/data/ratis/6f3bf367-62c6-4b05-8d00-fbbe72b9f907/in_use.lock acquired by nodename 18609@fv-az50-870
2022-04-26 01:52:41,171 [pool-314-thread-1] INFO  storage.RaftStorage (RaftStorageImpl.java:format(89)) - Storage directory /home/runner/work/ozone/ozone/hadoop-ozone/integration-test/target/test-dir/MiniOzoneClusterImpl-1f178f74-bffb-4b20-8a8e-7aaf5f3ffa17/datanode-2/data/ratis/6f3bf367-62c6-4b05-8d00-fbbe72b9f907 has been successfully formatted.
2022-04-26 01:52:41,172 [pool-314-thread-1] INFO  ratis.ContainerStateMachine (ContainerStateMachine.java:loadSnapshot(236)) - group-FBBE72B9F907: The snapshot info is null. Setting the last applied indexto:(t:0, i:~)
2022-04-26 01:52:41,172 [pool-314-thread-1] INFO  server.RaftServerConfigKeys (ConfUtils.java:logGet(44)) - raft.server.notification.no-leader.timeout = 300s (custom)
2022-04-26 01:52:41,172 [pool-314-thread-1] INFO  server.RaftServerConfigKeys (ConfUtils.java:logGet(44)) - raft.server.log.use.memory = false (default)
2022-04-26 01:52:41,172 [pool-314-thread-1] INFO  server.RaftServerConfigKeys (ConfUtils.java:logGet(44)) - raft.server.log.purge.gap = 1000000 (custom)
2022-04-26 01:52:41,172 [pool-314-thread-1] INFO  server.RaftServerConfigKeys (ConfUtils.java:logGet(44)) - raft.server.log.appender.buffer.byte-limit = 33554432 (custom)
2022-04-26 01:52:41,172 [pool-314-thread-1] INFO  server.RaftServerConfigKeys (ConfUtils.java:logGet(44)) - raft.server.log.segment.size.max = 1048576 (custom)
2022-04-26 01:52:41,172 [pool-314-thread-1] INFO  server.RaftServerConfigKeys (ConfUtils.java:logGet(44)) - raft.server.log.segment.cache.num.max = 2 (custom)
2022-04-26 01:52:41,173 [pool-314-thread-1] INFO  server.RaftServerConfigKeys (ConfUtils.java:logGet(44)) - raft.server.log.segment.cache.size.max = 200MB (=209715200) (default)
2022-04-26 01:52:41,173 [pool-314-thread-1] INFO  segmented.SegmentedRaftLogWorker (SegmentedRaftLogWorker.java:<init>(182)) - new 34d2ba22-a7fd-4f79-9d8a-4dadf85377fe@group-FBBE72B9F907-SegmentedRaftLogWorker for RaftStorageImpl:Storage Directory /home/runner/work/ozone/ozone/hadoop-ozone/integration-test/target/test-dir/MiniOzoneClusterImpl-1f178f74-bffb-4b20-8a8e-7aaf5f3ffa17/datanode-2/data/ratis/6f3bf367-62c6-4b05-8d00-fbbe72b9f907
2022-04-26 01:52:41,173 [pool-314-thread-1] INFO  server.RaftServerConfigKeys (ConfUtils.java:logGet(44)) - raft.server.log.queue.byte-limit = 4294967296 (custom)
2022-04-26 01:52:41,173 [pool-314-thread-1] INFO  server.RaftServerConfigKeys (ConfUtils.java:logGet(44)) - raft.server.log.queue.element-limit = 1024 (custom)
2022-04-26 01:52:41,173 [pool-314-thread-1] INFO  server.RaftServerConfigKeys (ConfUtils.java:logGet(44)) - raft.server.log.segment.size.max = 1048576 (custom)
2022-04-26 01:52:41,173 [pool-314-thread-1] INFO  server.RaftServerConfigKeys (ConfUtils.java:logGet(44)) - raft.server.log.preallocated.size = 16384 (custom)
2022-04-26 01:52:41,173 [pool-314-thread-1] INFO  server.RaftServerConfigKeys (ConfUtils.java:logGet(44)) - raft.server.log.force.sync.num = 128 (default)
2022-04-26 01:52:41,173 [pool-314-thread-1] INFO  server.RaftServerConfigKeys (ConfUtils.java:logGet(44)) - raft.server.log.statemachine.data.sync = true (default)
2022-04-26 01:52:41,173 [pool-314-thread-1] INFO  server.RaftServerConfigKeys (ConfUtils.java:logGet(44)) - raft.server.log.statemachine.data.sync.timeout = 10s (default)
2022-04-26 01:52:41,173 [pool-314-thread-1] INFO  server.RaftServerConfigKeys (ConfUtils.java:logGet(44)) - raft.server.log.statemachine.data.sync.timeout.retry = -1 (default)
2022-04-26 01:52:41,174 [pool-314-thread-1] INFO  server.RaftServerConfigKeys (ConfUtils.java:logGet(44)) - raft.server.log.write.buffer.size = 1048576 (custom)
2022-04-26 01:52:41,174 [pool-314-thread-1] INFO  server.RaftServerConfigKeys (ConfUtils.java:logGet(44)) - raft.server.log.statemachine.data.caching.enabled = true (custom)
2022-04-26 01:52:41,174 [pool-314-thread-1] INFO  segmented.SegmentedRaftLogWorker (SegmentedRaftLogWorker.java:lambda$new$0(133)) - 34d2ba22-a7fd-4f79-9d8a-4dadf85377fe@group-FBBE72B9F907-SegmentedRaftLogWorker: flushIndex: setUnconditionally 0 -> -1
2022-04-26 01:52:41,175 [pool-314-thread-1] INFO  segmented.SegmentedRaftLogWorker (SegmentedRaftLogWorker.java:lambda$new$0(133)) - 34d2ba22-a7fd-4f79-9d8a-4dadf85377fe@group-FBBE72B9F907-SegmentedRaftLogWorker: safeCacheEvictIndex: setUnconditionally 0 -> -1
2022-04-26 01:52:41,176 [EventQueue-PipelineReportForPipelineReportHandler] INFO  pipeline.PipelineManagerImpl (PipelineManagerImpl.java:openPipeline(321)) - Pipeline Pipeline[ Id: 6f3bf367-62c6-4b05-8d00-fbbe72b9f907, Nodes: 34d2ba22-a7fd-4f79-9d8a-4dadf85377fe{ip: 10.1.0.42, host: fv-az50-870.grzltbmokehuzjyc5b133kdqgh.cx.internal.cloudapp.net, ports: [REPLICATION=37319, RATIS=38711, RATIS_ADMIN=38711, RATIS_SERVER=38711, STANDALONE=43815], networkLocation: /default-rack, certSerialId: null, persistedOpState: IN_SERVICE, persistedOpStateExpiryEpochSec: 0}, ReplicationConfig: RATIS/ONE, State:ALLOCATED, leaderId:34d2ba22-a7fd-4f79-9d8a-4dadf85377fe, CreationTimestamp2022-04-26T01:52:38.166Z[Etc/UTC]] moved to OPEN state
2022-04-26 01:52:41,177 [EventQueue-OpenPipelineForHealthyPipelineSafeModeRule] INFO  safemode.SCMSafeModeManager (HealthyPipelineSafeModeRule.java:process(124)) - SCM in safe mode. Healthy pipelines reported count is 0, required healthy pipeline reported count is 1
2022-04-26 01:52:41,193 [pool-314-thread-1] INFO  server.RaftServerConfigKeys (ConfUtils.java:logGet(44)) - raft.server.snapshot.auto.trigger.enabled = true (custom)
2022-04-26 01:52:41,197 [pool-314-thread-1] INFO  server.RaftServerConfigKeys (ConfUtils.java:logGet(44)) - raft.server.snapshot.auto.trigger.threshold = 10000 (custom)
2022-04-26 01:52:41,197 [pool-314-thread-1] INFO  server.RaftServerConfigKeys (ConfUtils.java:logGet(44)) - raft.server.snapshot.retention.file.num = 5 (custom)
2022-04-26 01:52:41,197 [pool-314-thread-1] INFO  server.RaftServerConfigKeys (ConfUtils.java:logGet(44)) - raft.server.log.purge.upto.snapshot.index = false (default)
2022-04-26 01:52:41,197 [pool-314-thread-1] INFO  server.RaftServerConfigKeys (ConfUtils.java:logGet(44)) - raft.server.retrycache.expirytime = 600000ms (custom)
2022-04-26 01:52:41,198 [pool-314-thread-1] INFO  server.RaftServerConfigKeys (ConfUtils.java:logGet(44)) - raft.server.retrycache.statistics.expirytime = 100μs (default)
2022-04-26 01:52:41,200 [pool-314-thread-1] INFO  server.RaftServer$Division (RaftServerImpl.java:start(301)) - 34d2ba22-a7fd-4f79-9d8a-4dadf85377fe@group-FBBE72B9F907: start as a follower, conf=-1: [34d2ba22-a7fd-4f79-9d8a-4dadf85377fe|rpc:10.1.0.42:38711|priority:1], old=null
2022-04-26 01:52:41,200 [pool-314-thread-1] INFO  server.RaftServer$Division (RaftServerImpl.java:setRole(290)) - 34d2ba22-a7fd-4f79-9d8a-4dadf85377fe@group-FBBE72B9F907: changes role from      null to FOLLOWER at term 0 for startAsFollower
2022-04-26 01:52:41,201 [pool-314-thread-1] INFO  impl.RoleInfo (RoleInfo.java:updateAndGet(130)) - 34d2ba22-a7fd-4f79-9d8a-4dadf85377fe: start 34d2ba22-a7fd-4f79-9d8a-4dadf85377fe@group-FBBE72B9F907-FollowerState
2022-04-26 01:52:41,209 [pool-314-thread-1] INFO  util.JmxRegister (JmxRegister.java:tryRegister(44)) - Successfully registered JMX Bean with object name Ratis:service=RaftServer,group=group-FBBE72B9F907,id=34d2ba22-a7fd-4f79-9d8a-4dadf85377fe
2022-04-26 01:52:41,217 [Command processor thread] INFO  ratis.XceiverServerRatis (XceiverServerRatis.java:addGroup(765)) - Created group PipelineID=6f3bf367-62c6-4b05-8d00-fbbe72b9f907
2022-04-26 01:52:41,217 [Command processor thread] INFO  commandhandler.CreatePipelineCommandHandler (CreatePipelineCommandHandler.java:handle(113)) - Created Pipeline RATIS ONE PipelineID=6f3bf367-62c6-4b05-8d00-fbbe72b9f907.
2022-04-26 01:52:41,600 [Command processor thread] INFO  server.RaftServer (RaftServerProxy.java:addNew(95)) - 1861c462-4d2a-43a5-96af-87853490527e: addNew group-7579B0C0CDFD:[1861c462-4d2a-43a5-96af-87853490527e|rpc:10.1.0.42:42337|priority:1] returns group-7579B0C0CDFD:java.util.concurrent.CompletableFuture@d723789[Not completed]
2022-04-26 01:52:41,626 [pool-335-thread-1] INFO  server.RaftServer$Division (RaftServerImpl.java:<init>(184)) - 1861c462-4d2a-43a5-96af-87853490527e: new RaftServerImpl for group-7579B0C0CDFD:[1861c462-4d2a-43a5-96af-87853490527e|rpc:10.1.0.42:42337|priority:1] with ContainerStateMachine:uninitialized
2022-04-26 01:52:41,627 [pool-335-thread-1] INFO  server.RaftServerConfigKeys (ConfUtils.java:logGet(44)) - raft.server.rpc.timeout.min = 5s (custom)
2022-04-26 01:52:41,628 [pool-335-thread-1] INFO  server.RaftServerConfigKeys (ConfUtils.java:logGet(44)) - raft.server.rpc.timeout.max = 5200ms (custom)
2022-04-26 01:52:41,628 [pool-335-thread-1] INFO  server.RaftServerConfigKeys (ConfUtils.java:logGet(44)) - raft.server.rpc.sleep.time = 25ms (default)
2022-04-26 01:52:41,628 [pool-335-thread-1] INFO  server.RaftServerConfigKeys (ConfUtils.java:logGet(44)) - raft.server.rpc.slowness.timeout = 300s (custom)
2022-04-26 01:52:41,628 [pool-335-thread-1] INFO  server.RaftServerConfigKeys (ConfUtils.java:logGet(44)) - raft.server.leaderelection.leader.step-down.wait-time = 10s (default)
2022-04-26 01:52:41,628 [pool-335-thread-1] INFO  server.RaftServerConfigKeys (ConfUtils.java:logGet(44)) - raft.server.sleep.deviation.threshold = 300ms (default)
2022-04-26 01:52:41,628 [pool-335-thread-1] INFO  server.RaftServerConfigKeys (ConfUtils.java:logGet(44)) - raft.server.log.appender.install.snapshot.enabled = false (custom)
2022-04-26 01:52:41,628 [pool-335-thread-1] INFO  server.RaftServer$Division (ServerState.java:<init>(105)) - 1861c462-4d2a-43a5-96af-87853490527e@group-7579B0C0CDFD: ConfigurationManager, init=-1: [1861c462-4d2a-43a5-96af-87853490527e|rpc:10.1.0.42:42337|priority:1], old=null, confs=<EMPTY_MAP>
2022-04-26 01:52:41,628 [pool-335-thread-1] INFO  server.RaftServerConfigKeys (ConfUtils.java:logGet(44)) - raft.server.storage.dir = [/home/runner/work/ozone/ozone/hadoop-ozone/integration-test/target/test-dir/MiniOzoneClusterImpl-1f178f74-bffb-4b20-8a8e-7aaf5f3ffa17/datanode-3/data/ratis] (custom)
2022-04-26 01:52:41,629 [pool-335-thread-1] INFO  server.RaftServerConfigKeys (ConfUtils.java:logGet(44)) - raft.server.log.corruption.policy = EXCEPTION (default)
2022-04-26 01:52:41,629 [pool-335-thread-1] INFO  server.RaftServerConfigKeys (ConfUtils.java:logGet(44)) - raft.server.storage.free-space.min = 0MB (=0) (default)
2022-04-26 01:52:41,629 [pool-335-thread-1] INFO  storage.RaftStorageDirectory (RaftStorageDirectoryImpl.java:analyzeStorage(135)) - The storage directory /home/runner/work/ozone/ozone/hadoop-ozone/integration-test/target/test-dir/MiniOzoneClusterImpl-1f178f74-bffb-4b20-8a8e-7aaf5f3ffa17/datanode-3/data/ratis/3d937d22-f5cf-4a0b-8e6a-7579b0c0cdfd does not exist. Creating ...
2022-04-26 01:52:41,634 [pool-335-thread-1] INFO  storage.RaftStorageDirectory (RaftStorageDirectoryImpl.java:tryLock(230)) - Lock on /home/runner/work/ozone/ozone/hadoop-ozone/integration-test/target/test-dir/MiniOzoneClusterImpl-1f178f74-bffb-4b20-8a8e-7aaf5f3ffa17/datanode-3/data/ratis/3d937d22-f5cf-4a0b-8e6a-7579b0c0cdfd/in_use.lock acquired by nodename 18609@fv-az50-870
2022-04-26 01:52:41,635 [pool-335-thread-1] INFO  storage.RaftStorage (RaftStorageImpl.java:format(89)) - Storage directory /home/runner/work/ozone/ozone/hadoop-ozone/integration-test/target/test-dir/MiniOzoneClusterImpl-1f178f74-bffb-4b20-8a8e-7aaf5f3ffa17/datanode-3/data/ratis/3d937d22-f5cf-4a0b-8e6a-7579b0c0cdfd has been successfully formatted.
2022-04-26 01:52:41,637 [pool-335-thread-1] INFO  ratis.ContainerStateMachine (ContainerStateMachine.java:loadSnapshot(236)) - group-7579B0C0CDFD: The snapshot info is null. Setting the last applied indexto:(t:0, i:~)
2022-04-26 01:52:41,638 [pool-335-thread-1] INFO  server.RaftServerConfigKeys (ConfUtils.java:logGet(44)) - raft.server.notification.no-leader.timeout = 300s (custom)
2022-04-26 01:52:41,638 [pool-335-thread-1] INFO  server.RaftServerConfigKeys (ConfUtils.java:logGet(44)) - raft.server.log.use.memory = false (default)
2022-04-26 01:52:41,638 [pool-335-thread-1] INFO  server.RaftServerConfigKeys (ConfUtils.java:logGet(44)) - raft.server.log.purge.gap = 1000000 (custom)
2022-04-26 01:52:41,638 [pool-335-thread-1] INFO  server.RaftServerConfigKeys (ConfUtils.java:logGet(44)) - raft.server.log.appender.buffer.byte-limit = 33554432 (custom)
2022-04-26 01:52:41,639 [pool-335-thread-1] INFO  server.RaftServerConfigKeys (ConfUtils.java:logGet(44)) - raft.server.log.segment.size.max = 1048576 (custom)
2022-04-26 01:52:41,639 [EventQueue-PipelineReportForPipelineReportHandler] INFO  pipeline.PipelineManagerImpl (PipelineManagerImpl.java:openPipeline(321)) - Pipeline Pipeline[ Id: 3d937d22-f5cf-4a0b-8e6a-7579b0c0cdfd, Nodes: 1861c462-4d2a-43a5-96af-87853490527e{ip: 10.1.0.42, host: fv-az50-870.grzltbmokehuzjyc5b133kdqgh.cx.internal.cloudapp.net, ports: [REPLICATION=35485, RATIS=42337, RATIS_ADMIN=42337, RATIS_SERVER=42337, STANDALONE=40561], networkLocation: /default-rack, certSerialId: null, persistedOpState: IN_SERVICE, persistedOpStateExpiryEpochSec: 0}, ReplicationConfig: RATIS/ONE, State:ALLOCATED, leaderId:1861c462-4d2a-43a5-96af-87853490527e, CreationTimestamp2022-04-26T01:52:38.606Z[Etc/UTC]] moved to OPEN state
2022-04-26 01:52:41,640 [EventQueue-OpenPipelineForHealthyPipelineSafeModeRule] INFO  safemode.SCMSafeModeManager (HealthyPipelineSafeModeRule.java:process(124)) - SCM in safe mode. Healthy pipelines reported count is 0, required healthy pipeline reported count is 1
2022-04-26 01:52:41,641 [pool-335-thread-1] INFO  server.RaftServerConfigKeys (ConfUtils.java:logGet(44)) - raft.server.log.segment.cache.num.max = 2 (custom)
2022-04-26 01:52:41,653 [pool-335-thread-1] INFO  server.RaftServerConfigKeys (ConfUtils.java:logGet(44)) - raft.server.log.segment.cache.size.max = 200MB (=209715200) (default)
2022-04-26 01:52:41,653 [pool-335-thread-1] INFO  segmented.SegmentedRaftLogWorker (SegmentedRaftLogWorker.java:<init>(182)) - new 1861c462-4d2a-43a5-96af-87853490527e@group-7579B0C0CDFD-SegmentedRaftLogWorker for RaftStorageImpl:Storage Directory /home/runner/work/ozone/ozone/hadoop-ozone/integration-test/target/test-dir/MiniOzoneClusterImpl-1f178f74-bffb-4b20-8a8e-7aaf5f3ffa17/datanode-3/data/ratis/3d937d22-f5cf-4a0b-8e6a-7579b0c0cdfd
2022-04-26 01:52:41,653 [pool-335-thread-1] INFO  server.RaftServerConfigKeys (ConfUtils.java:logGet(44)) - raft.server.log.queue.byte-limit = 4294967296 (custom)
2022-04-26 01:52:41,653 [pool-335-thread-1] INFO  server.RaftServerConfigKeys (ConfUtils.java:logGet(44)) - raft.server.log.queue.element-limit = 1024 (custom)
2022-04-26 01:52:41,653 [pool-335-thread-1] INFO  server.RaftServerConfigKeys (ConfUtils.java:logGet(44)) - raft.server.log.segment.size.max = 1048576 (custom)
2022-04-26 01:52:41,653 [pool-335-thread-1] INFO  server.RaftServerConfigKeys (ConfUtils.java:logGet(44)) - raft.server.log.preallocated.size = 16384 (custom)
2022-04-26 01:52:41,653 [pool-335-thread-1] INFO  server.RaftServerConfigKeys (ConfUtils.java:logGet(44)) - raft.server.log.force.sync.num = 128 (default)
2022-04-26 01:52:41,653 [pool-335-thread-1] INFO  server.RaftServerConfigKeys (ConfUtils.java:logGet(44)) - raft.server.log.statemachine.data.sync = true (default)
2022-04-26 01:52:41,653 [pool-335-thread-1] INFO  server.RaftServerConfigKeys (ConfUtils.java:logGet(44)) - raft.server.log.statemachine.data.sync.timeout = 10s (default)
2022-04-26 01:52:41,653 [pool-335-thread-1] INFO  server.RaftServerConfigKeys (ConfUtils.java:logGet(44)) - raft.server.log.statemachine.data.sync.timeout.retry = -1 (default)
2022-04-26 01:52:41,654 [pool-335-thread-1] INFO  server.RaftServerConfigKeys (ConfUtils.java:logGet(44)) - raft.server.log.write.buffer.size = 1048576 (custom)
2022-04-26 01:52:41,654 [pool-335-thread-1] INFO  server.RaftServerConfigKeys (ConfUtils.java:logGet(44)) - raft.server.log.statemachine.data.caching.enabled = true (custom)
2022-04-26 01:52:41,655 [pool-335-thread-1] INFO  segmented.SegmentedRaftLogWorker (SegmentedRaftLogWorker.java:lambda$new$0(133)) - 1861c462-4d2a-43a5-96af-87853490527e@group-7579B0C0CDFD-SegmentedRaftLogWorker: flushIndex: setUnconditionally 0 -> -1
2022-04-26 01:52:41,655 [pool-335-thread-1] INFO  segmented.SegmentedRaftLogWorker (SegmentedRaftLogWorker.java:lambda$new$0(133)) - 1861c462-4d2a-43a5-96af-87853490527e@group-7579B0C0CDFD-SegmentedRaftLogWorker: safeCacheEvictIndex: setUnconditionally 0 -> -1
2022-04-26 01:52:41,661 [pool-335-thread-1] INFO  server.RaftServerConfigKeys (ConfUtils.java:logGet(44)) - raft.server.snapshot.auto.trigger.enabled = true (custom)
2022-04-26 01:52:41,661 [pool-335-thread-1] INFO  server.RaftServerConfigKeys (ConfUtils.java:logGet(44)) - raft.server.snapshot.auto.trigger.threshold = 10000 (custom)
2022-04-26 01:52:41,661 [pool-335-thread-1] INFO  server.RaftServerConfigKeys (ConfUtils.java:logGet(44)) - raft.server.snapshot.retention.file.num = 5 (custom)
2022-04-26 01:52:41,661 [pool-335-thread-1] INFO  server.RaftServerConfigKeys (ConfUtils.java:logGet(44)) - raft.server.log.purge.upto.snapshot.index = false (default)
2022-04-26 01:52:41,661 [pool-335-thread-1] INFO  server.RaftServerConfigKeys (ConfUtils.java:logGet(44)) - raft.server.retrycache.expirytime = 600000ms (custom)
2022-04-26 01:52:41,661 [pool-335-thread-1] INFO  server.RaftServerConfigKeys (ConfUtils.java:logGet(44)) - raft.server.retrycache.statistics.expirytime = 100μs (default)
2022-04-26 01:52:41,663 [pool-335-thread-1] INFO  server.RaftServer$Division (RaftServerImpl.java:start(301)) - 1861c462-4d2a-43a5-96af-87853490527e@group-7579B0C0CDFD: start as a follower, conf=-1: [1861c462-4d2a-43a5-96af-87853490527e|rpc:10.1.0.42:42337|priority:1], old=null
2022-04-26 01:52:41,663 [pool-335-thread-1] INFO  server.RaftServer$Division (RaftServerImpl.java:setRole(290)) - 1861c462-4d2a-43a5-96af-87853490527e@group-7579B0C0CDFD: changes role from      null to FOLLOWER at term 0 for startAsFollower
2022-04-26 01:52:41,663 [pool-335-thread-1] INFO  impl.RoleInfo (RoleInfo.java:updateAndGet(130)) - 1861c462-4d2a-43a5-96af-87853490527e: start 1861c462-4d2a-43a5-96af-87853490527e@group-7579B0C0CDFD-FollowerState
2022-04-26 01:52:41,670 [pool-335-thread-1] INFO  util.JmxRegister (JmxRegister.java:tryRegister(44)) - Successfully registered JMX Bean with object name Ratis:service=RaftServer,group=group-7579B0C0CDFD,id=1861c462-4d2a-43a5-96af-87853490527e
2022-04-26 01:52:41,681 [Command processor thread] INFO  ratis.XceiverServerRatis (XceiverServerRatis.java:addGroup(765)) - Created group PipelineID=3d937d22-f5cf-4a0b-8e6a-7579b0c0cdfd
2022-04-26 01:52:41,681 [Command processor thread] INFO  commandhandler.CreatePipelineCommandHandler (CreatePipelineCommandHandler.java:handle(113)) - Created Pipeline RATIS ONE PipelineID=3d937d22-f5cf-4a0b-8e6a-7579b0c0cdfd.
2022-04-26 01:52:42,050 [Listener at 127.0.0.1/46323] INFO  ozone.MiniOzoneClusterImpl (MiniOzoneClusterImpl.java:lambda$waitForClusterToBeReady$0(221)) - Nodes are ready. Got 5 of 5 DN Heartbeats.
2022-04-26 01:52:42,051 [Listener at 127.0.0.1/46323] INFO  ozone.MiniOzoneClusterImpl (MiniOzoneClusterImpl.java:lambda$waitForClusterToBeReady$0(224)) - Waiting for cluster to exit safe mode
2022-04-26 01:52:42,051 [Listener at 127.0.0.1/46323] INFO  ozone.MiniOzoneClusterImpl (MiniOzoneClusterImpl.java:lambda$waitForClusterToBeReady$0(226)) - SCM became leader
2022-04-26 01:52:42,055 [Command processor thread] INFO  server.RaftServer (RaftServerProxy.java:addNew(95)) - bb1850ef-697f-4d85-a277-10b40770eb06: addNew group-0BB2447B8345:[bb1850ef-697f-4d85-a277-10b40770eb06|rpc:10.1.0.42:42845|priority:1] returns group-0BB2447B8345:java.util.concurrent.CompletableFuture@5f48277c[Not completed]
2022-04-26 01:52:42,066 [pool-356-thread-1] INFO  server.RaftServer$Division (RaftServerImpl.java:<init>(184)) - bb1850ef-697f-4d85-a277-10b40770eb06: new RaftServerImpl for group-0BB2447B8345:[bb1850ef-697f-4d85-a277-10b40770eb06|rpc:10.1.0.42:42845|priority:1] with ContainerStateMachine:uninitialized
2022-04-26 01:52:42,085 [pool-356-thread-1] INFO  server.RaftServerConfigKeys (ConfUtils.java:logGet(44)) - raft.server.rpc.timeout.min = 5s (custom)
2022-04-26 01:52:42,085 [pool-356-thread-1] INFO  server.RaftServerConfigKeys (ConfUtils.java:logGet(44)) - raft.server.rpc.timeout.max = 5200ms (custom)
2022-04-26 01:52:42,085 [pool-356-thread-1] INFO  server.RaftServerConfigKeys (ConfUtils.java:logGet(44)) - raft.server.rpc.sleep.time = 25ms (default)
2022-04-26 01:52:42,085 [pool-356-thread-1] INFO  server.RaftServerConfigKeys (ConfUtils.java:logGet(44)) - raft.server.rpc.slowness.timeout = 300s (custom)
2022-04-26 01:52:42,085 [pool-356-thread-1] INFO  server.RaftServerConfigKeys (ConfUtils.java:logGet(44)) - raft.server.leaderelection.leader.step-down.wait-time = 10s (default)
2022-04-26 01:52:42,085 [pool-356-thread-1] INFO  server.RaftServerConfigKeys (ConfUtils.java:logGet(44)) - raft.server.sleep.deviation.threshold = 300ms (default)
2022-04-26 01:52:42,085 [pool-356-thread-1] INFO  server.RaftServerConfigKeys (ConfUtils.java:logGet(44)) - raft.server.log.appender.install.snapshot.enabled = false (custom)
2022-04-26 01:52:42,085 [pool-356-thread-1] INFO  server.RaftServer$Division (ServerState.java:<init>(105)) - bb1850ef-697f-4d85-a277-10b40770eb06@group-0BB2447B8345: ConfigurationManager, init=-1: [bb1850ef-697f-4d85-a277-10b40770eb06|rpc:10.1.0.42:42845|priority:1], old=null, confs=<EMPTY_MAP>
2022-04-26 01:52:42,085 [pool-356-thread-1] INFO  server.RaftServerConfigKeys (ConfUtils.java:logGet(44)) - raft.server.storage.dir = [/home/runner/work/ozone/ozone/hadoop-ozone/integration-test/target/test-dir/MiniOzoneClusterImpl-1f178f74-bffb-4b20-8a8e-7aaf5f3ffa17/datanode-4/data/ratis] (custom)
2022-04-26 01:52:42,086 [pool-356-thread-1] INFO  server.RaftServerConfigKeys (ConfUtils.java:logGet(44)) - raft.server.log.corruption.policy = EXCEPTION (default)
2022-04-26 01:52:42,086 [pool-356-thread-1] INFO  server.RaftServerConfigKeys (ConfUtils.java:logGet(44)) - raft.server.storage.free-space.min = 0MB (=0) (default)
2022-04-26 01:52:42,086 [pool-356-thread-1] INFO  storage.RaftStorageDirectory (RaftStorageDirectoryImpl.java:analyzeStorage(135)) - The storage directory /home/runner/work/ozone/ozone/hadoop-ozone/integration-test/target/test-dir/MiniOzoneClusterImpl-1f178f74-bffb-4b20-8a8e-7aaf5f3ffa17/datanode-4/data/ratis/710ddc24-5873-4ec3-bcb1-0bb2447b8345 does not exist. Creating ...
2022-04-26 01:52:42,095 [pool-356-thread-1] INFO  storage.RaftStorageDirectory (RaftStorageDirectoryImpl.java:tryLock(230)) - Lock on /home/runner/work/ozone/ozone/hadoop-ozone/integration-test/target/test-dir/MiniOzoneClusterImpl-1f178f74-bffb-4b20-8a8e-7aaf5f3ffa17/datanode-4/data/ratis/710ddc24-5873-4ec3-bcb1-0bb2447b8345/in_use.lock acquired by nodename 18609@fv-az50-870
2022-04-26 01:52:42,097 [pool-356-thread-1] INFO  storage.RaftStorage (RaftStorageImpl.java:format(89)) - Storage directory /home/runner/work/ozone/ozone/hadoop-ozone/integration-test/target/test-dir/MiniOzoneClusterImpl-1f178f74-bffb-4b20-8a8e-7aaf5f3ffa17/datanode-4/data/ratis/710ddc24-5873-4ec3-bcb1-0bb2447b8345 has been successfully formatted.
2022-04-26 01:52:42,104 [pool-356-thread-1] INFO  ratis.ContainerStateMachine (ContainerStateMachine.java:loadSnapshot(236)) - group-0BB2447B8345: The snapshot info is null. Setting the last applied indexto:(t:0, i:~)
2022-04-26 01:52:42,104 [pool-356-thread-1] INFO  server.RaftServerConfigKeys (ConfUtils.java:logGet(44)) - raft.server.notification.no-leader.timeout = 300s (custom)
2022-04-26 01:52:42,104 [pool-356-thread-1] INFO  server.RaftServerConfigKeys (ConfUtils.java:logGet(44)) - raft.server.log.use.memory = false (default)
2022-04-26 01:52:42,104 [pool-356-thread-1] INFO  server.RaftServerConfigKeys (ConfUtils.java:logGet(44)) - raft.server.log.purge.gap = 1000000 (custom)
2022-04-26 01:52:42,104 [pool-356-thread-1] INFO  server.RaftServerConfigKeys (ConfUtils.java:logGet(44)) - raft.server.log.appender.buffer.byte-limit = 33554432 (custom)
2022-04-26 01:52:42,105 [EventQueue-PipelineReportForPipelineReportHandler] INFO  pipeline.PipelineManagerImpl (PipelineManagerImpl.java:openPipeline(321)) - Pipeline Pipeline[ Id: 710ddc24-5873-4ec3-bcb1-0bb2447b8345, Nodes: bb1850ef-697f-4d85-a277-10b40770eb06{ip: 10.1.0.42, host: fv-az50-870.grzltbmokehuzjyc5b133kdqgh.cx.internal.cloudapp.net, ports: [REPLICATION=33273, RATIS=42845, RATIS_ADMIN=42845, RATIS_SERVER=42845, STANDALONE=46449], networkLocation: /default-rack, certSerialId: null, persistedOpState: IN_SERVICE, persistedOpStateExpiryEpochSec: 0}, ReplicationConfig: RATIS/ONE, State:ALLOCATED, leaderId:bb1850ef-697f-4d85-a277-10b40770eb06, CreationTimestamp2022-04-26T01:52:39.056Z[Etc/UTC]] moved to OPEN state
2022-04-26 01:52:42,106 [EventQueue-OpenPipelineForHealthyPipelineSafeModeRule] INFO  safemode.SCMSafeModeManager (HealthyPipelineSafeModeRule.java:process(124)) - SCM in safe mode. Healthy pipelines reported count is 0, required healthy pipeline reported count is 1
2022-04-26 01:52:42,106 [pool-356-thread-1] INFO  server.RaftServerConfigKeys (ConfUtils.java:logGet(44)) - raft.server.log.segment.size.max = 1048576 (custom)
2022-04-26 01:52:42,129 [pool-356-thread-1] INFO  server.RaftServerConfigKeys (ConfUtils.java:logGet(44)) - raft.server.log.segment.cache.num.max = 2 (custom)
2022-04-26 01:52:42,130 [pool-356-thread-1] INFO  server.RaftServerConfigKeys (ConfUtils.java:logGet(44)) - raft.server.log.segment.cache.size.max = 200MB (=209715200) (default)
2022-04-26 01:52:42,130 [pool-356-thread-1] INFO  segmented.SegmentedRaftLogWorker (SegmentedRaftLogWorker.java:<init>(182)) - new bb1850ef-697f-4d85-a277-10b40770eb06@group-0BB2447B8345-SegmentedRaftLogWorker for RaftStorageImpl:Storage Directory /home/runner/work/ozone/ozone/hadoop-ozone/integration-test/target/test-dir/MiniOzoneClusterImpl-1f178f74-bffb-4b20-8a8e-7aaf5f3ffa17/datanode-4/data/ratis/710ddc24-5873-4ec3-bcb1-0bb2447b8345
2022-04-26 01:52:42,130 [pool-356-thread-1] INFO  server.RaftServerConfigKeys (ConfUtils.java:logGet(44)) - raft.server.log.queue.byte-limit = 4294967296 (custom)
2022-04-26 01:52:42,130 [pool-356-thread-1] INFO  server.RaftServerConfigKeys (ConfUtils.java:logGet(44)) - raft.server.log.queue.element-limit = 1024 (custom)
2022-04-26 01:52:42,130 [pool-356-thread-1] INFO  server.RaftServerConfigKeys (ConfUtils.java:logGet(44)) - raft.server.log.segment.size.max = 1048576 (custom)
2022-04-26 01:52:42,130 [pool-356-thread-1] INFO  server.RaftServerConfigKeys (ConfUtils.java:logGet(44)) - raft.server.log.preallocated.size = 16384 (custom)
2022-04-26 01:52:42,130 [pool-356-thread-1] INFO  server.RaftServerConfigKeys (ConfUtils.java:logGet(44)) - raft.server.log.force.sync.num = 128 (default)
2022-04-26 01:52:42,130 [pool-356-thread-1] INFO  server.RaftServerConfigKeys (ConfUtils.java:logGet(44)) - raft.server.log.statemachine.data.sync = true (default)
2022-04-26 01:52:42,130 [pool-356-thread-1] INFO  server.RaftServerConfigKeys (ConfUtils.java:logGet(44)) - raft.server.log.statemachine.data.sync.timeout = 10s (default)
2022-04-26 01:52:42,130 [pool-356-thread-1] INFO  server.RaftServerConfigKeys (ConfUtils.java:logGet(44)) - raft.server.log.statemachine.data.sync.timeout.retry = -1 (default)
2022-04-26 01:52:42,131 [pool-356-thread-1] INFO  server.RaftServerConfigKeys (ConfUtils.java:logGet(44)) - raft.server.log.write.buffer.size = 1048576 (custom)
2022-04-26 01:52:42,131 [pool-356-thread-1] INFO  server.RaftServerConfigKeys (ConfUtils.java:logGet(44)) - raft.server.log.statemachine.data.caching.enabled = true (custom)
2022-04-26 01:52:42,131 [pool-356-thread-1] INFO  segmented.SegmentedRaftLogWorker (SegmentedRaftLogWorker.java:lambda$new$0(133)) - bb1850ef-697f-4d85-a277-10b40770eb06@group-0BB2447B8345-SegmentedRaftLogWorker: flushIndex: setUnconditionally 0 -> -1
2022-04-26 01:52:42,131 [pool-356-thread-1] INFO  segmented.SegmentedRaftLogWorker (SegmentedRaftLogWorker.java:lambda$new$0(133)) - bb1850ef-697f-4d85-a277-10b40770eb06@group-0BB2447B8345-SegmentedRaftLogWorker: safeCacheEvictIndex: setUnconditionally 0 -> -1
2022-04-26 01:52:42,131 [pool-356-thread-1] INFO  server.RaftServerConfigKeys (ConfUtils.java:logGet(44)) - raft.server.snapshot.auto.trigger.enabled = true (custom)
2022-04-26 01:52:42,131 [pool-356-thread-1] INFO  server.RaftServerConfigKeys (ConfUtils.java:logGet(44)) - raft.server.snapshot.auto.trigger.threshold = 10000 (custom)
2022-04-26 01:52:42,131 [pool-356-thread-1] INFO  server.RaftServerConfigKeys (ConfUtils.java:logGet(44)) - raft.server.snapshot.retention.file.num = 5 (custom)
2022-04-26 01:52:42,132 [pool-356-thread-1] INFO  server.RaftServerConfigKeys (ConfUtils.java:logGet(44)) - raft.server.log.purge.upto.snapshot.index = false (default)
2022-04-26 01:52:42,132 [pool-356-thread-1] INFO  server.RaftServerConfigKeys (ConfUtils.java:logGet(44)) - raft.server.retrycache.expirytime = 600000ms (custom)
2022-04-26 01:52:42,132 [pool-356-thread-1] INFO  server.RaftServerConfigKeys (ConfUtils.java:logGet(44)) - raft.server.retrycache.statistics.expirytime = 100μs (default)
2022-04-26 01:52:42,133 [pool-356-thread-1] INFO  server.RaftServer$Division (RaftServerImpl.java:start(301)) - bb1850ef-697f-4d85-a277-10b40770eb06@group-0BB2447B8345: start as a follower, conf=-1: [bb1850ef-697f-4d85-a277-10b40770eb06|rpc:10.1.0.42:42845|priority:1], old=null
2022-04-26 01:52:42,133 [pool-356-thread-1] INFO  server.RaftServer$Division (RaftServerImpl.java:setRole(290)) - bb1850ef-697f-4d85-a277-10b40770eb06@group-0BB2447B8345: changes role from      null to FOLLOWER at term 0 for startAsFollower
2022-04-26 01:52:42,133 [pool-356-thread-1] INFO  impl.RoleInfo (RoleInfo.java:updateAndGet(130)) - bb1850ef-697f-4d85-a277-10b40770eb06: start bb1850ef-697f-4d85-a277-10b40770eb06@group-0BB2447B8345-FollowerState
2022-04-26 01:52:42,133 [pool-356-thread-1] INFO  util.JmxRegister (JmxRegister.java:tryRegister(44)) - Successfully registered JMX Bean with object name Ratis:service=RaftServer,group=group-0BB2447B8345,id=bb1850ef-697f-4d85-a277-10b40770eb06
2022-04-26 01:52:42,134 [Command processor thread] INFO  ratis.XceiverServerRatis (XceiverServerRatis.java:addGroup(765)) - Created group PipelineID=710ddc24-5873-4ec3-bcb1-0bb2447b8345
2022-04-26 01:52:42,134 [Command processor thread] INFO  commandhandler.CreatePipelineCommandHandler (CreatePipelineCommandHandler.java:handle(113)) - Created Pipeline RATIS ONE PipelineID=710ddc24-5873-4ec3-bcb1-0bb2447b8345.
2022-04-26 01:52:43,051 [Listener at 127.0.0.1/46323] INFO  ozone.MiniOzoneClusterImpl (MiniOzoneClusterImpl.java:lambda$waitForClusterToBeReady$0(221)) - Nodes are ready. Got 5 of 5 DN Heartbeats.
2022-04-26 01:52:43,052 [Listener at 127.0.0.1/46323] INFO  ozone.MiniOzoneClusterImpl (MiniOzoneClusterImpl.java:lambda$waitForClusterToBeReady$0(224)) - Waiting for cluster to exit safe mode
2022-04-26 01:52:43,052 [Listener at 127.0.0.1/46323] INFO  ozone.MiniOzoneClusterImpl (MiniOzoneClusterImpl.java:lambda$waitForClusterToBeReady$0(226)) - SCM became leader
2022-04-26 01:52:44,052 [Listener at 127.0.0.1/46323] INFO  ozone.MiniOzoneClusterImpl (MiniOzoneClusterImpl.java:lambda$waitForClusterToBeReady$0(221)) - Nodes are ready. Got 5 of 5 DN Heartbeats.
2022-04-26 01:52:44,053 [Listener at 127.0.0.1/46323] INFO  ozone.MiniOzoneClusterImpl (MiniOzoneClusterImpl.java:lambda$waitForClusterToBeReady$0(224)) - Waiting for cluster to exit safe mode
2022-04-26 01:52:44,053 [Listener at 127.0.0.1/46323] INFO  ozone.MiniOzoneClusterImpl (MiniOzoneClusterImpl.java:lambda$waitForClusterToBeReady$0(226)) - SCM became leader
2022-04-26 01:52:45,053 [Listener at 127.0.0.1/46323] INFO  ozone.MiniOzoneClusterImpl (MiniOzoneClusterImpl.java:lambda$waitForClusterToBeReady$0(221)) - Nodes are ready. Got 5 of 5 DN Heartbeats.
2022-04-26 01:52:45,053 [Listener at 127.0.0.1/46323] INFO  ozone.MiniOzoneClusterImpl (MiniOzoneClusterImpl.java:lambda$waitForClusterToBeReady$0(224)) - Waiting for cluster to exit safe mode
2022-04-26 01:52:45,053 [Listener at 127.0.0.1/46323] INFO  ozone.MiniOzoneClusterImpl (MiniOzoneClusterImpl.java:lambda$waitForClusterToBeReady$0(226)) - SCM became leader
2022-04-26 01:52:45,063 [e687a55e-a1fa-40ca-b40d-7e860929e1d7@group-0856FE1275A2-FollowerState] INFO  impl.FollowerState (FollowerState.java:run(134)) - e687a55e-a1fa-40ca-b40d-7e860929e1d7@group-0856FE1275A2-FollowerState: change to CANDIDATE, lastRpcElapsedTime:5048191603ns, electionTimeout:5029ms
2022-04-26 01:52:45,063 [e687a55e-a1fa-40ca-b40d-7e860929e1d7@group-0856FE1275A2-FollowerState] INFO  impl.RoleInfo (RoleInfo.java:shutdownFollowerState(108)) - e687a55e-a1fa-40ca-b40d-7e860929e1d7: shutdown e687a55e-a1fa-40ca-b40d-7e860929e1d7@group-0856FE1275A2-FollowerState
2022-04-26 01:52:45,063 [e687a55e-a1fa-40ca-b40d-7e860929e1d7@group-0856FE1275A2-FollowerState] INFO  server.RaftServer$Division (RaftServerImpl.java:setRole(290)) - e687a55e-a1fa-40ca-b40d-7e860929e1d7@group-0856FE1275A2: changes role from  FOLLOWER to CANDIDATE at term 0 for changeToCandidate
2022-04-26 01:52:45,063 [e687a55e-a1fa-40ca-b40d-7e860929e1d7@group-0856FE1275A2-FollowerState] INFO  server.RaftServerConfigKeys (ConfUtils.java:logGet(44)) - raft.server.leaderelection.pre-vote = false (custom)
2022-04-26 01:52:45,063 [e687a55e-a1fa-40ca-b40d-7e860929e1d7@group-0856FE1275A2-FollowerState] INFO  impl.RoleInfo (RoleInfo.java:updateAndGet(130)) - e687a55e-a1fa-40ca-b40d-7e860929e1d7: start e687a55e-a1fa-40ca-b40d-7e860929e1d7@group-0856FE1275A2-LeaderElection11
2022-04-26 01:52:45,097 [e687a55e-a1fa-40ca-b40d-7e860929e1d7@group-0856FE1275A2-LeaderElection11] INFO  impl.LeaderElection (LeaderElection.java:askForVotes(306)) - e687a55e-a1fa-40ca-b40d-7e860929e1d7@group-0856FE1275A2-LeaderElection11 ELECTION round 0: submit vote requests at term 1 for -1: [e687a55e-a1fa-40ca-b40d-7e860929e1d7|rpc:10.1.0.42:39343|priority:1], old=null
2022-04-26 01:52:45,097 [e687a55e-a1fa-40ca-b40d-7e860929e1d7@group-0856FE1275A2-LeaderElection11] INFO  impl.LeaderElection (LeaderElection.java:askForVotes(308)) - e687a55e-a1fa-40ca-b40d-7e860929e1d7@group-0856FE1275A2-LeaderElection11 ELECTION round 0: result PASSED (term=1)
2022-04-26 01:52:45,097 [e687a55e-a1fa-40ca-b40d-7e860929e1d7@group-0856FE1275A2-LeaderElection11] INFO  impl.RoleInfo (RoleInfo.java:shutdownLeaderElection(121)) - e687a55e-a1fa-40ca-b40d-7e860929e1d7: shutdown e687a55e-a1fa-40ca-b40d-7e860929e1d7@group-0856FE1275A2-LeaderElection11
2022-04-26 01:52:45,097 [e687a55e-a1fa-40ca-b40d-7e860929e1d7@group-0856FE1275A2-LeaderElection11] INFO  server.RaftServer$Division (RaftServerImpl.java:setRole(290)) - e687a55e-a1fa-40ca-b40d-7e860929e1d7@group-0856FE1275A2: changes role from CANDIDATE to LEADER at term 1 for changeToLeader
2022-04-26 01:52:45,097 [e687a55e-a1fa-40ca-b40d-7e860929e1d7@group-0856FE1275A2-LeaderElection11] INFO  ratis.XceiverServerRatis (XceiverServerRatis.java:handleLeaderChangedNotification(863)) - Leader change notification received for group: group-0856FE1275A2 with new leaderId: e687a55e-a1fa-40ca-b40d-7e860929e1d7
2022-04-26 01:52:45,097 [e687a55e-a1fa-40ca-b40d-7e860929e1d7@group-0856FE1275A2-LeaderElection11] INFO  server.RaftServer$Division (ServerState.java:setLeader(285)) - e687a55e-a1fa-40ca-b40d-7e860929e1d7@group-0856FE1275A2: change Leader from null to e687a55e-a1fa-40ca-b40d-7e860929e1d7 at term 1 for becomeLeader, leader elected after 5132ms
2022-04-26 01:52:45,098 [e687a55e-a1fa-40ca-b40d-7e860929e1d7@group-0856FE1275A2-LeaderElection11] INFO  server.RaftServerConfigKeys (ConfUtils.java:logGet(44)) - raft.server.staging.catchup.gap = 1000 (default)
2022-04-26 01:52:45,098 [e687a55e-a1fa-40ca-b40d-7e860929e1d7@group-0856FE1275A2-LeaderElection11] INFO  server.RaftServerConfigKeys (ConfUtils.java:logGet(44)) - raft.server.write.element-limit = 1024 (custom)
2022-04-26 01:52:45,098 [e687a55e-a1fa-40ca-b40d-7e860929e1d7@group-0856FE1275A2-LeaderElection11] INFO  server.RaftServerConfigKeys (ConfUtils.java:logGet(44)) - raft.server.write.byte-limit = 1024 M (=1073741824) (custom)
2022-04-26 01:52:45,098 [e687a55e-a1fa-40ca-b40d-7e860929e1d7@group-0856FE1275A2-LeaderElection11] INFO  server.RaftServerConfigKeys (ConfUtils.java:logGet(44)) - raft.server.watch.timeout = 180s (custom)
2022-04-26 01:52:45,098 [e687a55e-a1fa-40ca-b40d-7e860929e1d7@group-0856FE1275A2-LeaderElection11] INFO  server.RaftServerConfigKeys (ConfUtils.java:logGet(44)) - raft.server.watch.timeout.denomination = 1s (default)
2022-04-26 01:52:45,098 [e687a55e-a1fa-40ca-b40d-7e860929e1d7@group-0856FE1275A2-LeaderElection11] INFO  server.RaftServerConfigKeys (ConfUtils.java:logGet(44)) - raft.server.watch.element-limit = 65536 (default)
2022-04-26 01:52:45,098 [e687a55e-a1fa-40ca-b40d-7e860929e1d7@group-0856FE1275A2-LeaderElection11] INFO  server.RaftServerConfigKeys (ConfUtils.java:logGet(44)) - raft.server.write.element-limit = 1024 (custom)
2022-04-26 01:52:45,098 [e687a55e-a1fa-40ca-b40d-7e860929e1d7@group-0856FE1275A2-LeaderElection11] INFO  server.RaftServerConfigKeys (ConfUtils.java:logGet(44)) - raft.server.write.follower.gap.ratio.max = -1.0 (default)
2022-04-26 01:52:45,099 [e687a55e-a1fa-40ca-b40d-7e860929e1d7@group-0856FE1275A2-LeaderElection11] INFO  impl.RoleInfo (RoleInfo.java:updateAndGet(130)) - e687a55e-a1fa-40ca-b40d-7e860929e1d7: start e687a55e-a1fa-40ca-b40d-7e860929e1d7@group-0856FE1275A2-LeaderStateImpl
2022-04-26 01:52:45,099 [e687a55e-a1fa-40ca-b40d-7e860929e1d7@group-0856FE1275A2-LeaderElection11] INFO  segmented.SegmentedRaftLogWorker (SegmentedRaftLogWorker.java:startLogSegment(394)) - e687a55e-a1fa-40ca-b40d-7e860929e1d7@group-0856FE1275A2-SegmentedRaftLogWorker: Starting segment from index:0
2022-04-26 01:52:45,105 [EventQueue-OpenPipelineForHealthyPipelineSafeModeRule] INFO  safemode.SCMSafeModeManager (HealthyPipelineSafeModeRule.java:process(124)) - SCM in safe mode. Healthy pipelines reported count is 0, required healthy pipeline reported count is 1
2022-04-26 01:52:45,110 [e687a55e-a1fa-40ca-b40d-7e860929e1d7@group-0856FE1275A2-SegmentedRaftLogWorker] INFO  segmented.SegmentedRaftLogWorker (SegmentedRaftLogWorker.java:execute(601)) - e687a55e-a1fa-40ca-b40d-7e860929e1d7@group-0856FE1275A2-SegmentedRaftLogWorker: created new log segment /home/runner/work/ozone/ozone/hadoop-ozone/integration-test/target/test-dir/MiniOzoneClusterImpl-1f178f74-bffb-4b20-8a8e-7aaf5f3ffa17/datanode-0/data/ratis/068de98f-94df-4c2c-bfbf-0856fe1275a2/current/log_inprogress_0
2022-04-26 01:52:45,132 [e687a55e-a1fa-40ca-b40d-7e860929e1d7@group-0856FE1275A2-LeaderElection11] INFO  server.RaftServer$Division (ServerState.java:setRaftConf(387)) - e687a55e-a1fa-40ca-b40d-7e860929e1d7@group-0856FE1275A2: set configuration 0: [e687a55e-a1fa-40ca-b40d-7e860929e1d7|rpc:10.1.0.42:39343|dataStream:|priority:1], old=null
2022-04-26 01:52:45,222 [e687a55e-a1fa-40ca-b40d-7e860929e1d7@group-E32B954BD76F-FollowerState] INFO  impl.FollowerState (FollowerState.java:run(134)) - e687a55e-a1fa-40ca-b40d-7e860929e1d7@group-E32B954BD76F-FollowerState: change to CANDIDATE, lastRpcElapsedTime:5151490320ns, electionTimeout:5150ms
2022-04-26 01:52:45,223 [e687a55e-a1fa-40ca-b40d-7e860929e1d7@group-E32B954BD76F-FollowerState] INFO  impl.RoleInfo (RoleInfo.java:shutdownFollowerState(108)) - e687a55e-a1fa-40ca-b40d-7e860929e1d7: shutdown e687a55e-a1fa-40ca-b40d-7e860929e1d7@group-E32B954BD76F-FollowerState
2022-04-26 01:52:45,223 [e687a55e-a1fa-40ca-b40d-7e860929e1d7@group-E32B954BD76F-FollowerState] INFO  server.RaftServer$Division (RaftServerImpl.java:setRole(290)) - e687a55e-a1fa-40ca-b40d-7e860929e1d7@group-E32B954BD76F: changes role from  FOLLOWER to CANDIDATE at term 0 for changeToCandidate
2022-04-26 01:52:45,223 [e687a55e-a1fa-40ca-b40d-7e860929e1d7@group-E32B954BD76F-FollowerState] INFO  server.RaftServerConfigKeys (ConfUtils.java:logGet(44)) - raft.server.leaderelection.pre-vote = false (custom)
2022-04-26 01:52:45,223 [e687a55e-a1fa-40ca-b40d-7e860929e1d7@group-E32B954BD76F-FollowerState] INFO  impl.RoleInfo (RoleInfo.java:updateAndGet(130)) - e687a55e-a1fa-40ca-b40d-7e860929e1d7: start e687a55e-a1fa-40ca-b40d-7e860929e1d7@group-E32B954BD76F-LeaderElection12
2022-04-26 01:52:45,241 [e687a55e-a1fa-40ca-b40d-7e860929e1d7@group-E32B954BD76F-LeaderElection12] INFO  impl.LeaderElection (LeaderElection.java:askForVotes(306)) - e687a55e-a1fa-40ca-b40d-7e860929e1d7@group-E32B954BD76F-LeaderElection12 ELECTION round 0: submit vote requests at term 1 for -1: [34d2ba22-a7fd-4f79-9d8a-4dadf85377fe|rpc:10.1.0.42:38711|priority:0, e687a55e-a1fa-40ca-b40d-7e860929e1d7|rpc:10.1.0.42:39343|priority:0, aa794ff7-e78a-42e1-b114-2e34ec5a968d|rpc:10.1.0.42:38125|priority:1], old=null
2022-04-26 01:52:45,280 [grpc-default-executor-0] INFO  server.RaftServer$Division (RaftServerImpl.java:requestVote(1046)) - 34d2ba22-a7fd-4f79-9d8a-4dadf85377fe@group-E32B954BD76F: receive requestVote(ELECTION, e687a55e-a1fa-40ca-b40d-7e860929e1d7, group-E32B954BD76F, 1, (t:0, i:0))
2022-04-26 01:52:45,280 [grpc-default-executor-0] INFO  impl.VoteContext (VoteContext.java:log(48)) - 34d2ba22-a7fd-4f79-9d8a-4dadf85377fe@group-E32B954BD76F-FOLLOWER: accept ELECTION from e687a55e-a1fa-40ca-b40d-7e860929e1d7: our priority 0 <= candidate's priority 0
2022-04-26 01:52:45,281 [grpc-default-executor-0] INFO  server.RaftServer$Division (RaftServerImpl.java:setRole(290)) - 34d2ba22-a7fd-4f79-9d8a-4dadf85377fe@group-E32B954BD76F: changes role from  FOLLOWER to FOLLOWER at term 1 for candidate:e687a55e-a1fa-40ca-b40d-7e860929e1d7
2022-04-26 01:52:45,281 [grpc-default-executor-0] INFO  impl.RoleInfo (RoleInfo.java:shutdownFollowerState(108)) - 34d2ba22-a7fd-4f79-9d8a-4dadf85377fe: shutdown 34d2ba22-a7fd-4f79-9d8a-4dadf85377fe@group-E32B954BD76F-FollowerState
2022-04-26 01:52:45,281 [grpc-default-executor-0] INFO  impl.RoleInfo (RoleInfo.java:updateAndGet(130)) - 34d2ba22-a7fd-4f79-9d8a-4dadf85377fe: start 34d2ba22-a7fd-4f79-9d8a-4dadf85377fe@group-E32B954BD76F-FollowerState
2022-04-26 01:52:45,281 [34d2ba22-a7fd-4f79-9d8a-4dadf85377fe@group-E32B954BD76F-FollowerState] INFO  impl.FollowerState (FollowerState.java:run(143)) - 34d2ba22-a7fd-4f79-9d8a-4dadf85377fe@group-E32B954BD76F-FollowerState was interrupted: {}
java.lang.InterruptedException: sleep interrupted
	at java.lang.Thread.sleep(Native Method)
	at java.lang.Thread.sleep(Thread.java:342)
	at java.util.concurrent.TimeUnit.sleep(TimeUnit.java:386)
	at org.apache.ratis.util.TimeDuration.sleep(TimeDuration.java:324)
	at org.apache.ratis.util.TimeDuration.sleep(TimeDuration.java:309)
	at org.apache.ratis.server.impl.FollowerState.run(FollowerState.java:118)
2022-04-26 01:52:45,292 [aa794ff7-e78a-42e1-b114-2e34ec5a968d@group-E32B954BD76F-FollowerState] INFO  impl.FollowerState (FollowerState.java:run(134)) - aa794ff7-e78a-42e1-b114-2e34ec5a968d@group-E32B954BD76F-FollowerState: change to CANDIDATE, lastRpcElapsedTime:5061851198ns, electionTimeout:5061ms
2022-04-26 01:52:45,292 [aa794ff7-e78a-42e1-b114-2e34ec5a968d@group-E32B954BD76F-FollowerState] INFO  impl.RoleInfo (RoleInfo.java:shutdownFollowerState(108)) - aa794ff7-e78a-42e1-b114-2e34ec5a968d: shutdown aa794ff7-e78a-42e1-b114-2e34ec5a968d@group-E32B954BD76F-FollowerState
2022-04-26 01:52:45,293 [aa794ff7-e78a-42e1-b114-2e34ec5a968d@group-E32B954BD76F-FollowerState] INFO  server.RaftServer$Division (RaftServerImpl.java:setRole(290)) - aa794ff7-e78a-42e1-b114-2e34ec5a968d@group-E32B954BD76F: changes role from  FOLLOWER to CANDIDATE at term 0 for changeToCandidate
2022-04-26 01:52:45,295 [aa794ff7-e78a-42e1-b114-2e34ec5a968d@group-E32B954BD76F-FollowerState] INFO  server.RaftServerConfigKeys (ConfUtils.java:logGet(44)) - raft.server.leaderelection.pre-vote = false (custom)
2022-04-26 01:52:45,295 [aa794ff7-e78a-42e1-b114-2e34ec5a968d@group-E32B954BD76F-FollowerState] INFO  impl.RoleInfo (RoleInfo.java:updateAndGet(130)) - aa794ff7-e78a-42e1-b114-2e34ec5a968d: start aa794ff7-e78a-42e1-b114-2e34ec5a968d@group-E32B954BD76F-LeaderElection13
2022-04-26 01:52:45,297 [grpc-default-executor-0] INFO  server.RaftServer$Division (RaftServerImpl.java:requestVote(1078)) - 34d2ba22-a7fd-4f79-9d8a-4dadf85377fe@group-E32B954BD76F replies to ELECTION vote request: e687a55e-a1fa-40ca-b40d-7e860929e1d7<-34d2ba22-a7fd-4f79-9d8a-4dadf85377fe#0:OK-t1. Peer's state: 34d2ba22-a7fd-4f79-9d8a-4dadf85377fe@group-E32B954BD76F:t1, leader=null, voted=e687a55e-a1fa-40ca-b40d-7e860929e1d7, raftlog=34d2ba22-a7fd-4f79-9d8a-4dadf85377fe@group-E32B954BD76F-SegmentedRaftLog:OPENED:c-1, conf=-1: [34d2ba22-a7fd-4f79-9d8a-4dadf85377fe|rpc:10.1.0.42:38711|dataStream:|priority:0, e687a55e-a1fa-40ca-b40d-7e860929e1d7|rpc:10.1.0.42:39343|dataStream:|priority:0, aa794ff7-e78a-42e1-b114-2e34ec5a968d|rpc:10.1.0.42:38125|dataStream:|priority:1], old=null
2022-04-26 01:52:45,316 [grpc-default-executor-0] INFO  server.RaftServer$Division (RaftServerImpl.java:requestVote(1046)) - aa794ff7-e78a-42e1-b114-2e34ec5a968d@group-E32B954BD76F: receive requestVote(ELECTION, e687a55e-a1fa-40ca-b40d-7e860929e1d7, group-E32B954BD76F, 1, (t:0, i:0))
2022-04-26 01:52:45,316 [grpc-default-executor-0] INFO  impl.VoteContext (VoteContext.java:log(48)) - aa794ff7-e78a-42e1-b114-2e34ec5a968d@group-E32B954BD76F-CANDIDATE: reject ELECTION from e687a55e-a1fa-40ca-b40d-7e860929e1d7: our priority 1 > candidate's priority 0
2022-04-26 01:52:45,316 [grpc-default-executor-0] INFO  server.RaftServer$Division (RaftServerImpl.java:setRole(290)) - aa794ff7-e78a-42e1-b114-2e34ec5a968d@group-E32B954BD76F: changes role from CANDIDATE to FOLLOWER at term 1 for candidate:e687a55e-a1fa-40ca-b40d-7e860929e1d7
2022-04-26 01:52:45,316 [grpc-default-executor-0] INFO  impl.RoleInfo (RoleInfo.java:shutdownLeaderElection(121)) - aa794ff7-e78a-42e1-b114-2e34ec5a968d: shutdown aa794ff7-e78a-42e1-b114-2e34ec5a968d@group-E32B954BD76F-LeaderElection13
2022-04-26 01:52:45,317 [grpc-default-executor-0] INFO  impl.RoleInfo (RoleInfo.java:updateAndGet(130)) - aa794ff7-e78a-42e1-b114-2e34ec5a968d: start aa794ff7-e78a-42e1-b114-2e34ec5a968d@group-E32B954BD76F-FollowerState
2022-04-26 01:52:45,332 [grpc-default-executor-0] INFO  server.RaftServer$Division (RaftServerImpl.java:requestVote(1078)) - aa794ff7-e78a-42e1-b114-2e34ec5a968d@group-E32B954BD76F replies to ELECTION vote request: e687a55e-a1fa-40ca-b40d-7e860929e1d7<-aa794ff7-e78a-42e1-b114-2e34ec5a968d#0:FAIL-t1. Peer's state: aa794ff7-e78a-42e1-b114-2e34ec5a968d@group-E32B954BD76F:t1, leader=null, voted=null, raftlog=aa794ff7-e78a-42e1-b114-2e34ec5a968d@group-E32B954BD76F-SegmentedRaftLog:OPENED:c-1, conf=-1: [34d2ba22-a7fd-4f79-9d8a-4dadf85377fe|rpc:10.1.0.42:38711|dataStream:|priority:0, e687a55e-a1fa-40ca-b40d-7e860929e1d7|rpc:10.1.0.42:39343|dataStream:|priority:0, aa794ff7-e78a-42e1-b114-2e34ec5a968d|rpc:10.1.0.42:38125|dataStream:|priority:1], old=null
2022-04-26 01:52:45,347 [e687a55e-a1fa-40ca-b40d-7e860929e1d7@group-E32B954BD76F-LeaderElection12] INFO  impl.LeaderElection (LeaderElection.java:logAndReturn(89)) - e687a55e-a1fa-40ca-b40d-7e860929e1d7@group-E32B954BD76F-LeaderElection12: ELECTION REJECTED received 2 response(s) and 0 exception(s):
2022-04-26 01:52:45,348 [e687a55e-a1fa-40ca-b40d-7e860929e1d7@group-E32B954BD76F-LeaderElection12] INFO  impl.LeaderElection (LeaderElection.java:logAndReturn(93)) -   Response 0: e687a55e-a1fa-40ca-b40d-7e860929e1d7<-34d2ba22-a7fd-4f79-9d8a-4dadf85377fe#0:OK-t1
2022-04-26 01:52:45,348 [e687a55e-a1fa-40ca-b40d-7e860929e1d7@group-E32B954BD76F-LeaderElection12] INFO  impl.LeaderElection (LeaderElection.java:logAndReturn(93)) -   Response 1: e687a55e-a1fa-40ca-b40d-7e860929e1d7<-aa794ff7-e78a-42e1-b114-2e34ec5a968d#0:FAIL-t1
2022-04-26 01:52:45,349 [e687a55e-a1fa-40ca-b40d-7e860929e1d7@group-E32B954BD76F-LeaderElection12] INFO  impl.LeaderElection (LeaderElection.java:askForVotes(308)) - e687a55e-a1fa-40ca-b40d-7e860929e1d7@group-E32B954BD76F-LeaderElection12 ELECTION round 0: result REJECTED
2022-04-26 01:52:45,349 [e687a55e-a1fa-40ca-b40d-7e860929e1d7@group-E32B954BD76F-LeaderElection12] INFO  server.RaftServer$Division (RaftServerImpl.java:setRole(290)) - e687a55e-a1fa-40ca-b40d-7e860929e1d7@group-E32B954BD76F: changes role from CANDIDATE to FOLLOWER at term 1 for REJECTED
2022-04-26 01:52:45,349 [e687a55e-a1fa-40ca-b40d-7e860929e1d7@group-E32B954BD76F-LeaderElection12] INFO  impl.RoleInfo (RoleInfo.java:shutdownLeaderElection(121)) - e687a55e-a1fa-40ca-b40d-7e860929e1d7: shutdown e687a55e-a1fa-40ca-b40d-7e860929e1d7@group-E32B954BD76F-LeaderElection12
2022-04-26 01:52:45,349 [e687a55e-a1fa-40ca-b40d-7e860929e1d7@group-E32B954BD76F-LeaderElection12] INFO  impl.RoleInfo (RoleInfo.java:updateAndGet(130)) - e687a55e-a1fa-40ca-b40d-7e860929e1d7: start e687a55e-a1fa-40ca-b40d-7e860929e1d7@group-E32B954BD76F-FollowerState
2022-04-26 01:52:45,712 [e687a55e-a1fa-40ca-b40d-7e860929e1d7@group-F2E40A8B7CD1-FollowerState] INFO  impl.FollowerState (FollowerState.java:run(134)) - e687a55e-a1fa-40ca-b40d-7e860929e1d7@group-F2E40A8B7CD1-FollowerState: change to CANDIDATE, lastRpcElapsedTime:5059886783ns, electionTimeout:5043ms
2022-04-26 01:52:45,715 [e687a55e-a1fa-40ca-b40d-7e860929e1d7@group-F2E40A8B7CD1-FollowerState] INFO  impl.RoleInfo (RoleInfo.java:shutdownFollowerState(108)) - e687a55e-a1fa-40ca-b40d-7e860929e1d7: shutdown e687a55e-a1fa-40ca-b40d-7e860929e1d7@group-F2E40A8B7CD1-FollowerState
2022-04-26 01:52:45,715 [e687a55e-a1fa-40ca-b40d-7e860929e1d7@group-F2E40A8B7CD1-FollowerState] INFO  server.RaftServer$Division (RaftServerImpl.java:setRole(290)) - e687a55e-a1fa-40ca-b40d-7e860929e1d7@group-F2E40A8B7CD1: changes role from  FOLLOWER to CANDIDATE at term 0 for changeToCandidate
2022-04-26 01:52:45,715 [e687a55e-a1fa-40ca-b40d-7e860929e1d7@group-F2E40A8B7CD1-FollowerState] INFO  server.RaftServerConfigKeys (ConfUtils.java:logGet(44)) - raft.server.leaderelection.pre-vote = false (custom)
2022-04-26 01:52:45,715 [e687a55e-a1fa-40ca-b40d-7e860929e1d7@group-F2E40A8B7CD1-FollowerState] INFO  impl.RoleInfo (RoleInfo.java:updateAndGet(130)) - e687a55e-a1fa-40ca-b40d-7e860929e1d7: start e687a55e-a1fa-40ca-b40d-7e860929e1d7@group-F2E40A8B7CD1-LeaderElection14
2022-04-26 01:52:45,750 [e687a55e-a1fa-40ca-b40d-7e860929e1d7@group-F2E40A8B7CD1-LeaderElection14] INFO  impl.LeaderElection (LeaderElection.java:askForVotes(306)) - e687a55e-a1fa-40ca-b40d-7e860929e1d7@group-F2E40A8B7CD1-LeaderElection14 ELECTION round 0: submit vote requests at term 1 for -1: [34d2ba22-a7fd-4f79-9d8a-4dadf85377fe|rpc:10.1.0.42:38711|priority:0, e687a55e-a1fa-40ca-b40d-7e860929e1d7|rpc:10.1.0.42:39343|priority:1, aa794ff7-e78a-42e1-b114-2e34ec5a968d|rpc:10.1.0.42:38125|priority:0], old=null
2022-04-26 01:52:45,766 [grpc-default-executor-0] INFO  server.RaftServer$Division (RaftServerImpl.java:requestVote(1046)) - 34d2ba22-a7fd-4f79-9d8a-4dadf85377fe@group-F2E40A8B7CD1: receive requestVote(ELECTION, e687a55e-a1fa-40ca-b40d-7e860929e1d7, group-F2E40A8B7CD1, 1, (t:0, i:0))
2022-04-26 01:52:45,766 [grpc-default-executor-0] INFO  impl.VoteContext (VoteContext.java:log(48)) - 34d2ba22-a7fd-4f79-9d8a-4dadf85377fe@group-F2E40A8B7CD1-FOLLOWER: accept ELECTION from e687a55e-a1fa-40ca-b40d-7e860929e1d7: our priority 0 <= candidate's priority 1
2022-04-26 01:52:45,766 [grpc-default-executor-0] INFO  server.RaftServer$Division (RaftServerImpl.java:setRole(290)) - 34d2ba22-a7fd-4f79-9d8a-4dadf85377fe@group-F2E40A8B7CD1: changes role from  FOLLOWER to FOLLOWER at term 1 for candidate:e687a55e-a1fa-40ca-b40d-7e860929e1d7
2022-04-26 01:52:45,766 [grpc-default-executor-0] INFO  impl.RoleInfo (RoleInfo.java:shutdownFollowerState(108)) - 34d2ba22-a7fd-4f79-9d8a-4dadf85377fe: shutdown 34d2ba22-a7fd-4f79-9d8a-4dadf85377fe@group-F2E40A8B7CD1-FollowerState
2022-04-26 01:52:45,766 [grpc-default-executor-0] INFO  impl.RoleInfo (RoleInfo.java:updateAndGet(130)) - 34d2ba22-a7fd-4f79-9d8a-4dadf85377fe: start 34d2ba22-a7fd-4f79-9d8a-4dadf85377fe@group-F2E40A8B7CD1-FollowerState
2022-04-26 01:52:45,766 [34d2ba22-a7fd-4f79-9d8a-4dadf85377fe@group-F2E40A8B7CD1-FollowerState] INFO  impl.FollowerState (FollowerState.java:run(143)) - 34d2ba22-a7fd-4f79-9d8a-4dadf85377fe@group-F2E40A8B7CD1-FollowerState was interrupted: {}
java.lang.InterruptedException: sleep interrupted
	at java.lang.Thread.sleep(Native Method)
	at java.lang.Thread.sleep(Thread.java:342)
	at java.util.concurrent.TimeUnit.sleep(TimeUnit.java:386)
	at org.apache.ratis.util.TimeDuration.sleep(TimeDuration.java:324)
	at org.apache.ratis.util.TimeDuration.sleep(TimeDuration.java:309)
	at org.apache.ratis.server.impl.FollowerState.run(FollowerState.java:118)
2022-04-26 01:52:45,771 [grpc-default-executor-0] INFO  server.RaftServer$Division (RaftServerImpl.java:requestVote(1078)) - 34d2ba22-a7fd-4f79-9d8a-4dadf85377fe@group-F2E40A8B7CD1 replies to ELECTION vote request: e687a55e-a1fa-40ca-b40d-7e860929e1d7<-34d2ba22-a7fd-4f79-9d8a-4dadf85377fe#0:OK-t1. Peer's state: 34d2ba22-a7fd-4f79-9d8a-4dadf85377fe@group-F2E40A8B7CD1:t1, leader=null, voted=e687a55e-a1fa-40ca-b40d-7e860929e1d7, raftlog=34d2ba22-a7fd-4f79-9d8a-4dadf85377fe@group-F2E40A8B7CD1-SegmentedRaftLog:OPENED:c-1, conf=-1: [34d2ba22-a7fd-4f79-9d8a-4dadf85377fe|rpc:10.1.0.42:38711|dataStream:|priority:0, e687a55e-a1fa-40ca-b40d-7e860929e1d7|rpc:10.1.0.42:39343|dataStream:|priority:1, aa794ff7-e78a-42e1-b114-2e34ec5a968d|rpc:10.1.0.42:38125|dataStream:|priority:0], old=null
2022-04-26 01:52:45,772 [e687a55e-a1fa-40ca-b40d-7e860929e1d7@group-F2E40A8B7CD1-LeaderElection14] INFO  impl.LeaderElection (LeaderElection.java:logAndReturn(89)) - e687a55e-a1fa-40ca-b40d-7e860929e1d7@group-F2E40A8B7CD1-LeaderElection14: ELECTION PASSED received 1 response(s) and 0 exception(s):
2022-04-26 01:52:45,772 [e687a55e-a1fa-40ca-b40d-7e860929e1d7@group-F2E40A8B7CD1-LeaderElection14] INFO  impl.LeaderElection (LeaderElection.java:logAndReturn(93)) -   Response 0: e687a55e-a1fa-40ca-b40d-7e860929e1d7<-34d2ba22-a7fd-4f79-9d8a-4dadf85377fe#0:OK-t1
2022-04-26 01:52:45,772 [e687a55e-a1fa-40ca-b40d-7e860929e1d7@group-F2E40A8B7CD1-LeaderElection14] INFO  impl.LeaderElection (LeaderElection.java:askForVotes(308)) - e687a55e-a1fa-40ca-b40d-7e860929e1d7@group-F2E40A8B7CD1-LeaderElection14 ELECTION round 0: result PASSED
2022-04-26 01:52:45,772 [e687a55e-a1fa-40ca-b40d-7e860929e1d7@group-F2E40A8B7CD1-LeaderElection14] INFO  impl.RoleInfo (RoleInfo.java:shutdownLeaderElection(121)) - e687a55e-a1fa-40ca-b40d-7e860929e1d7: shutdown e687a55e-a1fa-40ca-b40d-7e860929e1d7@group-F2E40A8B7CD1-LeaderElection14
2022-04-26 01:52:45,772 [e687a55e-a1fa-40ca-b40d-7e860929e1d7@group-F2E40A8B7CD1-LeaderElection14] INFO  server.RaftServer$Division (RaftServerImpl.java:setRole(290)) - e687a55e-a1fa-40ca-b40d-7e860929e1d7@group-F2E40A8B7CD1: changes role from CANDIDATE to LEADER at term 1 for changeToLeader
2022-04-26 01:52:45,772 [e687a55e-a1fa-40ca-b40d-7e860929e1d7@group-F2E40A8B7CD1-LeaderElection14] INFO  ratis.XceiverServerRatis (XceiverServerRatis.java:handleLeaderChangedNotification(863)) - Leader change notification received for group: group-F2E40A8B7CD1 with new leaderId: e687a55e-a1fa-40ca-b40d-7e860929e1d7
2022-04-26 01:52:45,772 [e687a55e-a1fa-40ca-b40d-7e860929e1d7@group-F2E40A8B7CD1-LeaderElection14] INFO  server.RaftServer$Division (ServerState.java:setLeader(285)) - e687a55e-a1fa-40ca-b40d-7e860929e1d7@group-F2E40A8B7CD1: change Leader from null to e687a55e-a1fa-40ca-b40d-7e860929e1d7 at term 1 for becomeLeader, leader elected after 5182ms
2022-04-26 01:52:45,772 [e687a55e-a1fa-40ca-b40d-7e860929e1d7@group-F2E40A8B7CD1-LeaderElection14] INFO  server.RaftServerConfigKeys (ConfUtils.java:logGet(44)) - raft.server.staging.catchup.gap = 1000 (default)
2022-04-26 01:52:45,773 [e687a55e-a1fa-40ca-b40d-7e860929e1d7@group-F2E40A8B7CD1-LeaderElection14] INFO  server.RaftServerConfigKeys (ConfUtils.java:logGet(44)) - raft.server.write.element-limit = 1024 (custom)
2022-04-26 01:52:45,773 [e687a55e-a1fa-40ca-b40d-7e860929e1d7@group-F2E40A8B7CD1-LeaderElection14] INFO  server.RaftServerConfigKeys (ConfUtils.java:logGet(44)) - raft.server.write.byte-limit = 1024 M (=1073741824) (custom)
2022-04-26 01:52:45,773 [e687a55e-a1fa-40ca-b40d-7e860929e1d7@group-F2E40A8B7CD1-LeaderElection14] INFO  server.RaftServerConfigKeys (ConfUtils.java:logGet(44)) - raft.server.watch.timeout = 180s (custom)
2022-04-26 01:52:45,773 [e687a55e-a1fa-40ca-b40d-7e860929e1d7@group-F2E40A8B7CD1-LeaderElection14] INFO  server.RaftServerConfigKeys (ConfUtils.java:logGet(44)) - raft.server.watch.timeout.denomination = 1s (default)
2022-04-26 01:52:45,773 [e687a55e-a1fa-40ca-b40d-7e860929e1d7@group-F2E40A8B7CD1-LeaderElection14] INFO  server.RaftServerConfigKeys (ConfUtils.java:logGet(44)) - raft.server.watch.element-limit = 65536 (default)
2022-04-26 01:52:45,773 [e687a55e-a1fa-40ca-b40d-7e860929e1d7@group-F2E40A8B7CD1-LeaderElection14] INFO  server.RaftServerConfigKeys (ConfUtils.java:logGet(44)) - raft.server.write.element-limit = 1024 (custom)
2022-04-26 01:52:45,773 [e687a55e-a1fa-40ca-b40d-7e860929e1d7@group-F2E40A8B7CD1-LeaderElection14] INFO  server.RaftServerConfigKeys (ConfUtils.java:logGet(44)) - raft.server.write.follower.gap.ratio.max = -1.0 (default)
2022-04-26 01:52:45,773 [e687a55e-a1fa-40ca-b40d-7e860929e1d7@group-F2E40A8B7CD1-LeaderElection14] INFO  server.RaftServerConfigKeys (ConfUtils.java:logGet(44)) - raft.server.log.appender.snapshot.chunk.size.max = 16MB (=16777216) (default)
2022-04-26 01:52:45,773 [e687a55e-a1fa-40ca-b40d-7e860929e1d7@group-F2E40A8B7CD1-LeaderElection14] INFO  server.RaftServerConfigKeys (ConfUtils.java:logGet(44)) - raft.server.log.appender.buffer.byte-limit = 33554432 (custom)
2022-04-26 01:52:45,773 [e687a55e-a1fa-40ca-b40d-7e860929e1d7@group-F2E40A8B7CD1-LeaderElection14] INFO  server.RaftServerConfigKeys (ConfUtils.java:logGet(44)) - raft.server.log.appender.buffer.element-limit = 1 (custom)
2022-04-26 01:52:45,774 [e687a55e-a1fa-40ca-b40d-7e860929e1d7@group-F2E40A8B7CD1-LeaderElection14] INFO  grpc.GrpcConfigKeys (ConfUtils.java:logGet(44)) - raft.grpc.server.leader.outstanding.appends.max = 128 (default)
2022-04-26 01:52:45,774 [e687a55e-a1fa-40ca-b40d-7e860929e1d7@group-F2E40A8B7CD1-LeaderElection14] INFO  server.RaftServerConfigKeys (ConfUtils.java:logGet(44)) - raft.server.rpc.request.timeout = 60s (custom)
2022-04-26 01:52:45,774 [e687a55e-a1fa-40ca-b40d-7e860929e1d7@group-F2E40A8B7CD1-LeaderElection14] INFO  server.RaftServerConfigKeys (ConfUtils.java:logGet(44)) - raft.server.log.appender.install.snapshot.enabled = false (custom)
2022-04-26 01:52:45,775 [e687a55e-a1fa-40ca-b40d-7e860929e1d7@group-F2E40A8B7CD1-LeaderElection14] INFO  server.RaftServerConfigKeys (ConfUtils.java:logGet(44)) - raft.server.log.appender.snapshot.chunk.size.max = 16MB (=16777216) (default)
2022-04-26 01:52:45,775 [e687a55e-a1fa-40ca-b40d-7e860929e1d7@group-F2E40A8B7CD1-LeaderElection14] INFO  server.RaftServerConfigKeys (ConfUtils.java:logGet(44)) - raft.server.log.appender.buffer.byte-limit = 33554432 (custom)
2022-04-26 01:52:45,775 [e687a55e-a1fa-40ca-b40d-7e860929e1d7@group-F2E40A8B7CD1-LeaderElection14] INFO  server.RaftServerConfigKeys (ConfUtils.java:logGet(44)) - raft.server.log.appender.buffer.element-limit = 1 (custom)
2022-04-26 01:52:45,775 [e687a55e-a1fa-40ca-b40d-7e860929e1d7@group-F2E40A8B7CD1-LeaderElection14] INFO  grpc.GrpcConfigKeys (ConfUtils.java:logGet(44)) - raft.grpc.server.leader.outstanding.appends.max = 128 (default)
2022-04-26 01:52:45,775 [e687a55e-a1fa-40ca-b40d-7e860929e1d7@group-F2E40A8B7CD1-LeaderElection14] INFO  server.RaftServerConfigKeys (ConfUtils.java:logGet(44)) - raft.server.rpc.request.timeout = 60s (custom)
2022-04-26 01:52:45,775 [EventQueue-PipelineReportForPipelineReportHandler] INFO  pipeline.PipelineManagerImpl (PipelineManagerImpl.java:openPipeline(321)) - Pipeline Pipeline[ Id: 23c02323-6405-4129-9c16-f2e40a8b7cd1, Nodes: e687a55e-a1fa-40ca-b40d-7e860929e1d7{ip: 10.1.0.42, host: fv-az50-870.grzltbmokehuzjyc5b133kdqgh.cx.internal.cloudapp.net, ports: [REPLICATION=41677, RATIS=39343, RATIS_ADMIN=39343, RATIS_SERVER=39343, STANDALONE=46643], networkLocation: /default-rack, certSerialId: null, persistedOpState: IN_SERVICE, persistedOpStateExpiryEpochSec: 0}aa794ff7-e78a-42e1-b114-2e34ec5a968d{ip: 10.1.0.42, host: fv-az50-870.grzltbmokehuzjyc5b133kdqgh.cx.internal.cloudapp.net, ports: [REPLICATION=41163, RATIS=38125, RATIS_ADMIN=38125, RATIS_SERVER=38125, STANDALONE=37029], networkLocation: /default-rack, certSerialId: null, persistedOpState: IN_SERVICE, persistedOpStateExpiryEpochSec: 0}34d2ba22-a7fd-4f79-9d8a-4dadf85377fe{ip: 10.1.0.42, host: fv-az50-870.grzltbmokehuzjyc5b133kdqgh.cx.internal.cloudapp.net, ports: [REPLICATION=37319, RATIS=38711, RATIS_ADMIN=38711, RATIS_SERVER=38711, STANDALONE=43815], networkLocation: /default-rack, certSerialId: null, persistedOpState: IN_SERVICE, persistedOpStateExpiryEpochSec: 0}, ReplicationConfig: RATIS/THREE, State:ALLOCATED, leaderId:e687a55e-a1fa-40ca-b40d-7e860929e1d7, CreationTimestamp2022-04-26T01:52:38.193Z[Etc/UTC]] moved to OPEN state
2022-04-26 01:52:45,805 [grpc-default-executor-0] INFO  server.RaftServer$Division (RaftServerImpl.java:requestVote(1046)) - aa794ff7-e78a-42e1-b114-2e34ec5a968d@group-F2E40A8B7CD1: receive requestVote(ELECTION, e687a55e-a1fa-40ca-b40d-7e860929e1d7, group-F2E40A8B7CD1, 1, (t:0, i:0))
2022-04-26 01:52:45,806 [grpc-default-executor-0] INFO  impl.VoteContext (VoteContext.java:log(48)) - aa794ff7-e78a-42e1-b114-2e34ec5a968d@group-F2E40A8B7CD1-FOLLOWER: accept ELECTION from e687a55e-a1fa-40ca-b40d-7e860929e1d7: our priority 0 <= candidate's priority 1
2022-04-26 01:52:45,806 [grpc-default-executor-0] INFO  server.RaftServer$Division (RaftServerImpl.java:setRole(290)) - aa794ff7-e78a-42e1-b114-2e34ec5a968d@group-F2E40A8B7CD1: changes role from  FOLLOWER to FOLLOWER at term 1 for candidate:e687a55e-a1fa-40ca-b40d-7e860929e1d7
2022-04-26 01:52:45,806 [grpc-default-executor-0] INFO  impl.RoleInfo (RoleInfo.java:shutdownFollowerState(108)) - aa794ff7-e78a-42e1-b114-2e34ec5a968d: shutdown aa794ff7-e78a-42e1-b114-2e34ec5a968d@group-F2E40A8B7CD1-FollowerState
2022-04-26 01:52:45,806 [grpc-default-executor-0] INFO  impl.RoleInfo (RoleInfo.java:updateAndGet(130)) - aa794ff7-e78a-42e1-b114-2e34ec5a968d: start aa794ff7-e78a-42e1-b114-2e34ec5a968d@group-F2E40A8B7CD1-FollowerState
2022-04-26 01:52:45,775 [e687a55e-a1fa-40ca-b40d-7e860929e1d7@group-F2E40A8B7CD1-LeaderElection14] INFO  server.RaftServerConfigKeys (ConfUtils.java:logGet(44)) - raft.server.log.appender.install.snapshot.enabled = false (custom)
2022-04-26 01:52:45,806 [EventQueue-OpenPipelineForHealthyPipelineSafeModeRule] INFO  safemode.SCMSafeModeManager (HealthyPipelineSafeModeRule.java:process(124)) - SCM in safe mode. Healthy pipelines reported count is 1, required healthy pipeline reported count is 1
2022-04-26 01:52:45,816 [EventQueue-OpenPipelineForHealthyPipelineSafeModeRule] INFO  safemode.SCMSafeModeManager (SCMSafeModeManager.java:validateSafeModeExitRules(204)) - HealthyPipelineSafeModeRule rule is successfully validated
2022-04-26 01:52:45,816 [EventQueue-OpenPipelineForHealthyPipelineSafeModeRule] INFO  safemode.SCMSafeModeManager (SCMSafeModeManager.java:validateSafeModeExitRules(219)) - ScmSafeModeManager, all rules are successfully validated
2022-04-26 01:52:45,816 [EventQueue-OpenPipelineForHealthyPipelineSafeModeRule] INFO  safemode.SCMSafeModeManager (SCMSafeModeManager.java:exitSafeMode(248)) - SCM exiting safe mode.
2022-04-26 01:52:45,816 [EventQueue-OpenPipelineForHealthyPipelineSafeModeRule] WARN  events.EventQueue (EventQueue.java:fireEvent(194)) - No event handler registered for event TypedEvent{payloadType=SafeModeStatus, name='Safe mode status'}
2022-04-26 01:52:45,816 [EventQueue-OpenPipelineForHealthyPipelineSafeModeRule] INFO  ha.SCMContext (SCMContext.java:updateSafeModeStatus(211)) - Update SafeModeStatus from SafeModeStatus{safeModeStatus=true, preCheckPassed=true} to SafeModeStatus{safeModeStatus=false, preCheckPassed=true}.
2022-04-26 01:52:45,816 [EventQueue-OpenPipelineForHealthyPipelineSafeModeRule] INFO  pipeline.BackgroundPipelineCreator (BackgroundPipelineCreator.java:notifyStatusChanged(263)) - Service BackgroundPipelineCreator transitions to RUNNING.
2022-04-26 01:52:45,816 [EventQueue-OpenPipelineForHealthyPipelineSafeModeRule] INFO  container.ReplicationManager (ReplicationManager.java:notifyStatusChanged(1815)) - Service ReplicationManager transitions to RUNNING.
2022-04-26 01:52:45,815 [grpc-default-executor-0] INFO  server.RaftServer$Division (RaftServerImpl.java:requestVote(1078)) - aa794ff7-e78a-42e1-b114-2e34ec5a968d@group-F2E40A8B7CD1 replies to ELECTION vote request: e687a55e-a1fa-40ca-b40d-7e860929e1d7<-aa794ff7-e78a-42e1-b114-2e34ec5a968d#0:OK-t1. Peer's state: aa794ff7-e78a-42e1-b114-2e34ec5a968d@group-F2E40A8B7CD1:t1, leader=null, voted=e687a55e-a1fa-40ca-b40d-7e860929e1d7, raftlog=aa794ff7-e78a-42e1-b114-2e34ec5a968d@group-F2E40A8B7CD1-SegmentedRaftLog:OPENED:c-1, conf=-1: [34d2ba22-a7fd-4f79-9d8a-4dadf85377fe|rpc:10.1.0.42:38711|dataStream:|priority:0, e687a55e-a1fa-40ca-b40d-7e860929e1d7|rpc:10.1.0.42:39343|dataStream:|priority:1, aa794ff7-e78a-42e1-b114-2e34ec5a968d|rpc:10.1.0.42:38125|dataStream:|priority:0], old=null
2022-04-26 01:52:45,807 [aa794ff7-e78a-42e1-b114-2e34ec5a968d@group-F2E40A8B7CD1-FollowerState] INFO  impl.FollowerState (FollowerState.java:run(143)) - aa794ff7-e78a-42e1-b114-2e34ec5a968d@group-F2E40A8B7CD1-FollowerState was interrupted: {}
java.lang.InterruptedException: sleep interrupted
	at java.lang.Thread.sleep(Native Method)
	at java.lang.Thread.sleep(Thread.java:342)
	at java.util.concurrent.TimeUnit.sleep(TimeUnit.java:386)
	at org.apache.ratis.util.TimeDuration.sleep(TimeDuration.java:324)
	at org.apache.ratis.util.TimeDuration.sleep(TimeDuration.java:309)
	at org.apache.ratis.server.impl.FollowerState.run(FollowerState.java:118)
2022-04-26 01:52:45,816 [e687a55e-a1fa-40ca-b40d-7e860929e1d7@group-F2E40A8B7CD1-LeaderElection14] INFO  impl.RoleInfo (RoleInfo.java:updateAndGet(130)) - e687a55e-a1fa-40ca-b40d-7e860929e1d7: start e687a55e-a1fa-40ca-b40d-7e860929e1d7@group-F2E40A8B7CD1-LeaderStateImpl
2022-04-26 01:52:45,839 [e687a55e-a1fa-40ca-b40d-7e860929e1d7@group-F2E40A8B7CD1-LeaderElection14] INFO  segmented.SegmentedRaftLogWorker (SegmentedRaftLogWorker.java:startLogSegment(394)) - e687a55e-a1fa-40ca-b40d-7e860929e1d7@group-F2E40A8B7CD1-SegmentedRaftLogWorker: Starting segment from index:0
2022-04-26 01:52:45,856 [e687a55e-a1fa-40ca-b40d-7e860929e1d7@group-F2E40A8B7CD1-LeaderElection14] INFO  server.RaftServer$Division (ServerState.java:setRaftConf(387)) - e687a55e-a1fa-40ca-b40d-7e860929e1d7@group-F2E40A8B7CD1: set configuration 0: [34d2ba22-a7fd-4f79-9d8a-4dadf85377fe|rpc:10.1.0.42:38711|dataStream:|priority:0, e687a55e-a1fa-40ca-b40d-7e860929e1d7|rpc:10.1.0.42:39343|dataStream:|priority:1, aa794ff7-e78a-42e1-b114-2e34ec5a968d|rpc:10.1.0.42:38125|dataStream:|priority:0], old=null
2022-04-26 01:52:45,857 [e687a55e-a1fa-40ca-b40d-7e860929e1d7@group-F2E40A8B7CD1-SegmentedRaftLogWorker] INFO  segmented.SegmentedRaftLogWorker (SegmentedRaftLogWorker.java:execute(601)) - e687a55e-a1fa-40ca-b40d-7e860929e1d7@group-F2E40A8B7CD1-SegmentedRaftLogWorker: created new log segment /home/runner/work/ozone/ozone/hadoop-ozone/integration-test/target/test-dir/MiniOzoneClusterImpl-1f178f74-bffb-4b20-8a8e-7aaf5f3ffa17/datanode-0/data/ratis/23c02323-6405-4129-9c16-f2e40a8b7cd1/current/log_inprogress_0
2022-04-26 01:52:45,932 [aa794ff7-e78a-42e1-b114-2e34ec5a968d@group-CFA5EC2879D8-FollowerState] INFO  impl.FollowerState (FollowerState.java:run(134)) - aa794ff7-e78a-42e1-b114-2e34ec5a968d@group-CFA5EC2879D8-FollowerState: change to CANDIDATE, lastRpcElapsedTime:5074746386ns, electionTimeout:5061ms
2022-04-26 01:52:45,932 [aa794ff7-e78a-42e1-b114-2e34ec5a968d@group-CFA5EC2879D8-FollowerState] INFO  impl.RoleInfo (RoleInfo.java:shutdownFollowerState(108)) - aa794ff7-e78a-42e1-b114-2e34ec5a968d: shutdown aa794ff7-e78a-42e1-b114-2e34ec5a968d@group-CFA5EC2879D8-FollowerState
2022-04-26 01:52:45,932 [aa794ff7-e78a-42e1-b114-2e34ec5a968d@group-CFA5EC2879D8-FollowerState] INFO  server.RaftServer$Division (RaftServerImpl.java:setRole(290)) - aa794ff7-e78a-42e1-b114-2e34ec5a968d@group-CFA5EC2879D8: changes role from  FOLLOWER to CANDIDATE at term 0 for changeToCandidate
2022-04-26 01:52:45,933 [aa794ff7-e78a-42e1-b114-2e34ec5a968d@group-CFA5EC2879D8-FollowerState] INFO  server.RaftServerConfigKeys (ConfUtils.java:logGet(44)) - raft.server.leaderelection.pre-vote = false (custom)
2022-04-26 01:52:45,933 [aa794ff7-e78a-42e1-b114-2e34ec5a968d@group-CFA5EC2879D8-FollowerState] INFO  impl.RoleInfo (RoleInfo.java:updateAndGet(130)) - aa794ff7-e78a-42e1-b114-2e34ec5a968d: start aa794ff7-e78a-42e1-b114-2e34ec5a968d@group-CFA5EC2879D8-LeaderElection15
2022-04-26 01:52:45,961 [grpc-default-executor-1] INFO  ratis.XceiverServerRatis (XceiverServerRatis.java:handleLeaderChangedNotification(863)) - Leader change notification received for group: group-F2E40A8B7CD1 with new leaderId: e687a55e-a1fa-40ca-b40d-7e860929e1d7
2022-04-26 01:52:45,961 [grpc-default-executor-1] INFO  server.RaftServer$Division (ServerState.java:setLeader(285)) - 34d2ba22-a7fd-4f79-9d8a-4dadf85377fe@group-F2E40A8B7CD1: change Leader from null to e687a55e-a1fa-40ca-b40d-7e860929e1d7 at term 1 for appendEntries, leader elected after 4978ms
2022-04-26 01:52:45,962 [grpc-default-executor-2] INFO  ratis.XceiverServerRatis (XceiverServerRatis.java:handleLeaderChangedNotification(863)) - Leader change notification received for group: group-F2E40A8B7CD1 with new leaderId: e687a55e-a1fa-40ca-b40d-7e860929e1d7
2022-04-26 01:52:45,962 [grpc-default-executor-2] INFO  server.RaftServer$Division (ServerState.java:setLeader(285)) - aa794ff7-e78a-42e1-b114-2e34ec5a968d@group-F2E40A8B7CD1: change Leader from null to e687a55e-a1fa-40ca-b40d-7e860929e1d7 at term 1 for appendEntries, leader elected after 5136ms
2022-04-26 01:52:45,966 [aa794ff7-e78a-42e1-b114-2e34ec5a968d@group-CFA5EC2879D8-LeaderElection15] INFO  impl.LeaderElection (LeaderElection.java:askForVotes(306)) - aa794ff7-e78a-42e1-b114-2e34ec5a968d@group-CFA5EC2879D8-LeaderElection15 ELECTION round 0: submit vote requests at term 1 for -1: [aa794ff7-e78a-42e1-b114-2e34ec5a968d|rpc:10.1.0.42:38125|priority:1], old=null
2022-04-26 01:52:45,966 [aa794ff7-e78a-42e1-b114-2e34ec5a968d@group-CFA5EC2879D8-LeaderElection15] INFO  impl.LeaderElection (LeaderElection.java:askForVotes(308)) - aa794ff7-e78a-42e1-b114-2e34ec5a968d@group-CFA5EC2879D8-LeaderElection15 ELECTION round 0: result PASSED (term=1)
2022-04-26 01:52:45,966 [aa794ff7-e78a-42e1-b114-2e34ec5a968d@group-CFA5EC2879D8-LeaderElection15] INFO  impl.RoleInfo (RoleInfo.java:shutdownLeaderElection(121)) - aa794ff7-e78a-42e1-b114-2e34ec5a968d: shutdown aa794ff7-e78a-42e1-b114-2e34ec5a968d@group-CFA5EC2879D8-LeaderElection15
2022-04-26 01:52:45,966 [aa794ff7-e78a-42e1-b114-2e34ec5a968d@group-CFA5EC2879D8-LeaderElection15] INFO  server.RaftServer$Division (RaftServerImpl.java:setRole(290)) - aa794ff7-e78a-42e1-b114-2e34ec5a968d@group-CFA5EC2879D8: changes role from CANDIDATE to LEADER at term 1 for changeToLeader
2022-04-26 01:52:45,966 [aa794ff7-e78a-42e1-b114-2e34ec5a968d@group-CFA5EC2879D8-LeaderElection15] INFO  ratis.XceiverServerRatis (XceiverServerRatis.java:handleLeaderChangedNotification(863)) - Leader change notification received for group: group-CFA5EC2879D8 with new leaderId: aa794ff7-e78a-42e1-b114-2e34ec5a968d
2022-04-26 01:52:45,967 [aa794ff7-e78a-42e1-b114-2e34ec5a968d@group-CFA5EC2879D8-LeaderElection15] INFO  server.RaftServer$Division (ServerState.java:setLeader(285)) - aa794ff7-e78a-42e1-b114-2e34ec5a968d@group-CFA5EC2879D8: change Leader from null to aa794ff7-e78a-42e1-b114-2e34ec5a968d at term 1 for becomeLeader, leader elected after 5265ms
2022-04-26 01:52:45,967 [aa794ff7-e78a-42e1-b114-2e34ec5a968d@group-CFA5EC2879D8-LeaderElection15] INFO  server.RaftServerConfigKeys (ConfUtils.java:logGet(44)) - raft.server.staging.catchup.gap = 1000 (default)
2022-04-26 01:52:45,967 [aa794ff7-e78a-42e1-b114-2e34ec5a968d@group-CFA5EC2879D8-LeaderElection15] INFO  server.RaftServerConfigKeys (ConfUtils.java:logGet(44)) - raft.server.write.element-limit = 1024 (custom)
2022-04-26 01:52:45,967 [aa794ff7-e78a-42e1-b114-2e34ec5a968d@group-CFA5EC2879D8-LeaderElection15] INFO  server.RaftServerConfigKeys (ConfUtils.java:logGet(44)) - raft.server.write.byte-limit = 1024 M (=1073741824) (custom)
2022-04-26 01:52:45,967 [aa794ff7-e78a-42e1-b114-2e34ec5a968d@group-CFA5EC2879D8-LeaderElection15] INFO  server.RaftServerConfigKeys (ConfUtils.java:logGet(44)) - raft.server.watch.timeout = 180s (custom)
2022-04-26 01:52:45,968 [aa794ff7-e78a-42e1-b114-2e34ec5a968d@group-CFA5EC2879D8-LeaderElection15] INFO  server.RaftServerConfigKeys (ConfUtils.java:logGet(44)) - raft.server.watch.timeout.denomination = 1s (default)
2022-04-26 01:52:45,968 [aa794ff7-e78a-42e1-b114-2e34ec5a968d@group-CFA5EC2879D8-LeaderElection15] INFO  server.RaftServerConfigKeys (ConfUtils.java:logGet(44)) - raft.server.watch.element-limit = 65536 (default)
2022-04-26 01:52:45,968 [aa794ff7-e78a-42e1-b114-2e34ec5a968d@group-CFA5EC2879D8-LeaderElection15] INFO  server.RaftServerConfigKeys (ConfUtils.java:logGet(44)) - raft.server.write.element-limit = 1024 (custom)
2022-04-26 01:52:45,968 [aa794ff7-e78a-42e1-b114-2e34ec5a968d@group-CFA5EC2879D8-LeaderElection15] INFO  server.RaftServerConfigKeys (ConfUtils.java:logGet(44)) - raft.server.write.follower.gap.ratio.max = -1.0 (default)
2022-04-26 01:52:45,968 [aa794ff7-e78a-42e1-b114-2e34ec5a968d@group-CFA5EC2879D8-LeaderElection15] INFO  impl.RoleInfo (RoleInfo.java:updateAndGet(130)) - aa794ff7-e78a-42e1-b114-2e34ec5a968d: start aa794ff7-e78a-42e1-b114-2e34ec5a968d@group-CFA5EC2879D8-LeaderStateImpl
2022-04-26 01:52:45,968 [aa794ff7-e78a-42e1-b114-2e34ec5a968d@group-CFA5EC2879D8-LeaderElection15] INFO  segmented.SegmentedRaftLogWorker (SegmentedRaftLogWorker.java:startLogSegment(394)) - aa794ff7-e78a-42e1-b114-2e34ec5a968d@group-CFA5EC2879D8-SegmentedRaftLogWorker: Starting segment from index:0
2022-04-26 01:52:45,970 [aa794ff7-e78a-42e1-b114-2e34ec5a968d@group-CFA5EC2879D8-SegmentedRaftLogWorker] INFO  segmented.SegmentedRaftLogWorker (SegmentedRaftLogWorker.java:execute(601)) - aa794ff7-e78a-42e1-b114-2e34ec5a968d@group-CFA5EC2879D8-SegmentedRaftLogWorker: created new log segment /home/runner/work/ozone/ozone/hadoop-ozone/integration-test/target/test-dir/MiniOzoneClusterImpl-1f178f74-bffb-4b20-8a8e-7aaf5f3ffa17/datanode-1/data/ratis/e83b4efc-186c-40cc-bba9-cfa5ec2879d8/current/log_inprogress_0
2022-04-26 01:52:45,991 [aa794ff7-e78a-42e1-b114-2e34ec5a968d@group-CFA5EC2879D8-LeaderElection15] INFO  server.RaftServer$Division (ServerState.java:setRaftConf(387)) - aa794ff7-e78a-42e1-b114-2e34ec5a968d@group-CFA5EC2879D8: set configuration 0: [aa794ff7-e78a-42e1-b114-2e34ec5a968d|rpc:10.1.0.42:38125|dataStream:|priority:1], old=null
2022-04-26 01:52:45,991 [grpc-default-executor-1] INFO  server.RaftServer$Division (ServerState.java:setRaftConf(387)) - 34d2ba22-a7fd-4f79-9d8a-4dadf85377fe@group-F2E40A8B7CD1: set configuration 0: [34d2ba22-a7fd-4f79-9d8a-4dadf85377fe|rpc:10.1.0.42:38711|dataStream:|priority:0, e687a55e-a1fa-40ca-b40d-7e860929e1d7|rpc:10.1.0.42:39343|dataStream:|priority:1, aa794ff7-e78a-42e1-b114-2e34ec5a968d|rpc:10.1.0.42:38125|dataStream:|priority:0], old=null
2022-04-26 01:52:45,999 [grpc-default-executor-1] INFO  segmented.SegmentedRaftLogWorker (SegmentedRaftLogWorker.java:startLogSegment(394)) - 34d2ba22-a7fd-4f79-9d8a-4dadf85377fe@group-F2E40A8B7CD1-SegmentedRaftLogWorker: Starting segment from index:0
2022-04-26 01:52:46,000 [34d2ba22-a7fd-4f79-9d8a-4dadf85377fe@group-F2E40A8B7CD1-SegmentedRaftLogWorker] INFO  segmented.SegmentedRaftLogWorker (SegmentedRaftLogWorker.java:execute(601)) - 34d2ba22-a7fd-4f79-9d8a-4dadf85377fe@group-F2E40A8B7CD1-SegmentedRaftLogWorker: created new log segment /home/runner/work/ozone/ozone/hadoop-ozone/integration-test/target/test-dir/MiniOzoneClusterImpl-1f178f74-bffb-4b20-8a8e-7aaf5f3ffa17/datanode-2/data/ratis/23c02323-6405-4129-9c16-f2e40a8b7cd1/current/log_inprogress_0
2022-04-26 01:52:46,019 [grpc-default-executor-1] INFO  server.RaftServer$Division (ServerState.java:setRaftConf(387)) - aa794ff7-e78a-42e1-b114-2e34ec5a968d@group-F2E40A8B7CD1: set configuration 0: [34d2ba22-a7fd-4f79-9d8a-4dadf85377fe|rpc:10.1.0.42:38711|dataStream:|priority:0, e687a55e-a1fa-40ca-b40d-7e860929e1d7|rpc:10.1.0.42:39343|dataStream:|priority:1, aa794ff7-e78a-42e1-b114-2e34ec5a968d|rpc:10.1.0.42:38125|dataStream:|priority:0], old=null
2022-04-26 01:52:46,019 [grpc-default-executor-1] INFO  segmented.SegmentedRaftLogWorker (SegmentedRaftLogWorker.java:startLogSegment(394)) - aa794ff7-e78a-42e1-b114-2e34ec5a968d@group-F2E40A8B7CD1-SegmentedRaftLogWorker: Starting segment from index:0
2022-04-26 01:52:46,046 [aa794ff7-e78a-42e1-b114-2e34ec5a968d@group-F2E40A8B7CD1-SegmentedRaftLogWorker] INFO  segmented.SegmentedRaftLogWorker (SegmentedRaftLogWorker.java:execute(601)) - aa794ff7-e78a-42e1-b114-2e34ec5a968d@group-F2E40A8B7CD1-SegmentedRaftLogWorker: created new log segment /home/runner/work/ozone/ozone/hadoop-ozone/integration-test/target/test-dir/MiniOzoneClusterImpl-1f178f74-bffb-4b20-8a8e-7aaf5f3ffa17/datanode-1/data/ratis/23c02323-6405-4129-9c16-f2e40a8b7cd1/current/log_inprogress_0
2022-04-26 01:52:46,054 [Listener at 127.0.0.1/46323] INFO  ozone.MiniOzoneClusterImpl (MiniOzoneClusterImpl.java:lambda$waitForClusterToBeReady$0(221)) - Nodes are ready. Got 5 of 5 DN Heartbeats.
2022-04-26 01:52:46,054 [Listener at 127.0.0.1/46323] INFO  ozone.MiniOzoneClusterImpl (MiniOzoneClusterImpl.java:lambda$waitForClusterToBeReady$0(224)) - Cluster exits safe mode
2022-04-26 01:52:46,054 [Listener at 127.0.0.1/46323] INFO  ozone.MiniOzoneClusterImpl (MiniOzoneClusterImpl.java:lambda$waitForClusterToBeReady$0(226)) - SCM became leader
2022-04-26 01:52:46,276 [Listener at 127.0.0.1/46323] INFO  rpc.RpcClient (RpcClient.java:createVolume(448)) - Creating Volume: volume68825, with user23305 as owner and space quota set to -1 bytes, counts quota set to -1
2022-04-26 01:52:46,278 [IPC Server handler 2 on default port 46323] INFO  volume.OMVolumeCreateRequest (OMVolumeCreateRequest.java:validateAndUpdateCache(195)) - created volume:volume68825 for user:user23305
2022-04-26 01:52:46,301 [Listener at 127.0.0.1/46323] INFO  rpc.RpcClient (RpcClient.java:createBucket(637)) - Creating Bucket: volume68825/bucket30700, with runner as owner and Versioning false and Storage Type set to DISK and Encryption set to false 
2022-04-26 01:52:46,314 [IPC Server handler 4 on default port 46323] INFO  bucket.OMBucketCreateRequest (OMBucketCreateRequest.java:validateAndUpdateCache(258)) - created bucket: bucket30700 of layout LEGACY in volume: volume68825
2022-04-26 01:52:46,349 [34d2ba22-a7fd-4f79-9d8a-4dadf85377fe@group-FBBE72B9F907-FollowerState] INFO  impl.FollowerState (FollowerState.java:run(134)) - 34d2ba22-a7fd-4f79-9d8a-4dadf85377fe@group-FBBE72B9F907-FollowerState: change to CANDIDATE, lastRpcElapsedTime:5148625898ns, electionTimeout:5140ms
2022-04-26 01:52:46,349 [34d2ba22-a7fd-4f79-9d8a-4dadf85377fe@group-FBBE72B9F907-FollowerState] INFO  impl.RoleInfo (RoleInfo.java:shutdownFollowerState(108)) - 34d2ba22-a7fd-4f79-9d8a-4dadf85377fe: shutdown 34d2ba22-a7fd-4f79-9d8a-4dadf85377fe@group-FBBE72B9F907-FollowerState
2022-04-26 01:52:46,350 [34d2ba22-a7fd-4f79-9d8a-4dadf85377fe@group-FBBE72B9F907-FollowerState] INFO  server.RaftServer$Division (RaftServerImpl.java:setRole(290)) - 34d2ba22-a7fd-4f79-9d8a-4dadf85377fe@group-FBBE72B9F907: changes role from  FOLLOWER to CANDIDATE at term 0 for changeToCandidate
2022-04-26 01:52:46,351 [34d2ba22-a7fd-4f79-9d8a-4dadf85377fe@group-FBBE72B9F907-FollowerState] INFO  server.RaftServerConfigKeys (ConfUtils.java:logGet(44)) - raft.server.leaderelection.pre-vote = false (custom)
2022-04-26 01:52:46,352 [34d2ba22-a7fd-4f79-9d8a-4dadf85377fe@group-FBBE72B9F907-FollowerState] INFO  impl.RoleInfo (RoleInfo.java:updateAndGet(130)) - 34d2ba22-a7fd-4f79-9d8a-4dadf85377fe: start 34d2ba22-a7fd-4f79-9d8a-4dadf85377fe@group-FBBE72B9F907-LeaderElection16
2022-04-26 01:52:46,403 [34d2ba22-a7fd-4f79-9d8a-4dadf85377fe@group-FBBE72B9F907-LeaderElection16] INFO  impl.LeaderElection (LeaderElection.java:askForVotes(306)) - 34d2ba22-a7fd-4f79-9d8a-4dadf85377fe@group-FBBE72B9F907-LeaderElection16 ELECTION round 0: submit vote requests at term 1 for -1: [34d2ba22-a7fd-4f79-9d8a-4dadf85377fe|rpc:10.1.0.42:38711|priority:1], old=null
2022-04-26 01:52:46,403 [34d2ba22-a7fd-4f79-9d8a-4dadf85377fe@group-FBBE72B9F907-LeaderElection16] INFO  impl.LeaderElection (LeaderElection.java:askForVotes(308)) - 34d2ba22-a7fd-4f79-9d8a-4dadf85377fe@group-FBBE72B9F907-LeaderElection16 ELECTION round 0: result PASSED (term=1)
2022-04-26 01:52:46,403 [34d2ba22-a7fd-4f79-9d8a-4dadf85377fe@group-FBBE72B9F907-LeaderElection16] INFO  impl.RoleInfo (RoleInfo.java:shutdownLeaderElection(121)) - 34d2ba22-a7fd-4f79-9d8a-4dadf85377fe: shutdown 34d2ba22-a7fd-4f79-9d8a-4dadf85377fe@group-FBBE72B9F907-LeaderElection16
2022-04-26 01:52:46,403 [34d2ba22-a7fd-4f79-9d8a-4dadf85377fe@group-FBBE72B9F907-LeaderElection16] INFO  server.RaftServer$Division (RaftServerImpl.java:setRole(290)) - 34d2ba22-a7fd-4f79-9d8a-4dadf85377fe@group-FBBE72B9F907: changes role from CANDIDATE to LEADER at term 1 for changeToLeader
2022-04-26 01:52:46,403 [34d2ba22-a7fd-4f79-9d8a-4dadf85377fe@group-FBBE72B9F907-LeaderElection16] INFO  ratis.XceiverServerRatis (XceiverServerRatis.java:handleLeaderChangedNotification(863)) - Leader change notification received for group: group-FBBE72B9F907 with new leaderId: 34d2ba22-a7fd-4f79-9d8a-4dadf85377fe
2022-04-26 01:52:46,403 [34d2ba22-a7fd-4f79-9d8a-4dadf85377fe@group-FBBE72B9F907-LeaderElection16] INFO  server.RaftServer$Division (ServerState.java:setLeader(285)) - 34d2ba22-a7fd-4f79-9d8a-4dadf85377fe@group-FBBE72B9F907: change Leader from null to 34d2ba22-a7fd-4f79-9d8a-4dadf85377fe at term 1 for becomeLeader, leader elected after 5231ms
2022-04-26 01:52:46,403 [34d2ba22-a7fd-4f79-9d8a-4dadf85377fe@group-FBBE72B9F907-LeaderElection16] INFO  server.RaftServerConfigKeys (ConfUtils.java:logGet(44)) - raft.server.staging.catchup.gap = 1000 (default)
2022-04-26 01:52:46,403 [34d2ba22-a7fd-4f79-9d8a-4dadf85377fe@group-FBBE72B9F907-LeaderElection16] INFO  server.RaftServerConfigKeys (ConfUtils.java:logGet(44)) - raft.server.write.element-limit = 1024 (custom)
2022-04-26 01:52:46,404 [34d2ba22-a7fd-4f79-9d8a-4dadf85377fe@group-FBBE72B9F907-LeaderElection16] INFO  server.RaftServerConfigKeys (ConfUtils.java:logGet(44)) - raft.server.write.byte-limit = 1024 M (=1073741824) (custom)
2022-04-26 01:52:46,404 [34d2ba22-a7fd-4f79-9d8a-4dadf85377fe@group-FBBE72B9F907-LeaderElection16] INFO  server.RaftServerConfigKeys (ConfUtils.java:logGet(44)) - raft.server.watch.timeout = 180s (custom)
2022-04-26 01:52:46,404 [34d2ba22-a7fd-4f79-9d8a-4dadf85377fe@group-FBBE72B9F907-LeaderElection16] INFO  server.RaftServerConfigKeys (ConfUtils.java:logGet(44)) - raft.server.watch.timeout.denomination = 1s (default)
2022-04-26 01:52:46,404 [34d2ba22-a7fd-4f79-9d8a-4dadf85377fe@group-FBBE72B9F907-LeaderElection16] INFO  server.RaftServerConfigKeys (ConfUtils.java:logGet(44)) - raft.server.watch.element-limit = 65536 (default)
2022-04-26 01:52:46,404 [34d2ba22-a7fd-4f79-9d8a-4dadf85377fe@group-FBBE72B9F907-LeaderElection16] INFO  server.RaftServerConfigKeys (ConfUtils.java:logGet(44)) - raft.server.write.element-limit = 1024 (custom)
2022-04-26 01:52:46,404 [34d2ba22-a7fd-4f79-9d8a-4dadf85377fe@group-FBBE72B9F907-LeaderElection16] INFO  server.RaftServerConfigKeys (ConfUtils.java:logGet(44)) - raft.server.write.follower.gap.ratio.max = -1.0 (default)
2022-04-26 01:52:46,404 [34d2ba22-a7fd-4f79-9d8a-4dadf85377fe@group-FBBE72B9F907-LeaderElection16] INFO  impl.RoleInfo (RoleInfo.java:updateAndGet(130)) - 34d2ba22-a7fd-4f79-9d8a-4dadf85377fe: start 34d2ba22-a7fd-4f79-9d8a-4dadf85377fe@group-FBBE72B9F907-LeaderStateImpl
2022-04-26 01:52:46,404 [34d2ba22-a7fd-4f79-9d8a-4dadf85377fe@group-FBBE72B9F907-LeaderElection16] INFO  segmented.SegmentedRaftLogWorker (SegmentedRaftLogWorker.java:startLogSegment(394)) - 34d2ba22-a7fd-4f79-9d8a-4dadf85377fe@group-FBBE72B9F907-SegmentedRaftLogWorker: Starting segment from index:0
2022-04-26 01:52:46,408 [34d2ba22-a7fd-4f79-9d8a-4dadf85377fe@group-FBBE72B9F907-SegmentedRaftLogWorker] INFO  segmented.SegmentedRaftLogWorker (SegmentedRaftLogWorker.java:execute(601)) - 34d2ba22-a7fd-4f79-9d8a-4dadf85377fe@group-FBBE72B9F907-SegmentedRaftLogWorker: created new log segment /home/runner/work/ozone/ozone/hadoop-ozone/integration-test/target/test-dir/MiniOzoneClusterImpl-1f178f74-bffb-4b20-8a8e-7aaf5f3ffa17/datanode-2/data/ratis/6f3bf367-62c6-4b05-8d00-fbbe72b9f907/current/log_inprogress_0
2022-04-26 01:52:46,422 [34d2ba22-a7fd-4f79-9d8a-4dadf85377fe@group-FBBE72B9F907-LeaderElection16] INFO  server.RaftServer$Division (ServerState.java:setRaftConf(387)) - 34d2ba22-a7fd-4f79-9d8a-4dadf85377fe@group-FBBE72B9F907: set configuration 0: [34d2ba22-a7fd-4f79-9d8a-4dadf85377fe|rpc:10.1.0.42:38711|dataStream:|priority:1], old=null
]]></system-out>
  </testcase>
  <testcase name="testGetTrashRoot" classname="TestOzoneFileSystem" time="48.297">
    <system-out><![CDATA[2022-04-26 01:53:03,966 [Listener at 127.0.0.1/46323] INFO  ozone.MiniOzoneClusterImpl (MiniOzoneClusterImpl.java:shutdown(456)) - Shutting down the Mini Ozone Cluster
2022-04-26 01:53:03,967 [Listener at 127.0.0.1/46323] INFO  ozone.MiniOzoneClusterImpl (MiniOzoneClusterImpl.java:stop(471)) - Stopping the Mini Ozone Cluster
2022-04-26 01:53:03,967 [Listener at 127.0.0.1/46323] INFO  ozone.MiniOzoneClusterImpl (MiniOzoneClusterImpl.java:stopOM(553)) - Stopping the OzoneManager
2022-04-26 01:53:03,967 [Listener at 127.0.0.1/46323] INFO  om.OzoneManager (OzoneManager.java:stop(1898)) - om1[localhost:0]: Stopping Ozone Manager
2022-04-26 01:53:03,967 [Listener at 127.0.0.1/46323] INFO  ipc.Server (Server.java:stop(3414)) - Stopping server on 46323
2022-04-26 01:53:03,976 [IPC Server Responder] INFO  ipc.Server (Server.java:run(1512)) - Stopping IPC Server Responder
2022-04-26 01:53:03,976 [IPC Server listener on 0] INFO  ipc.Server (Server.java:run(1376)) - Stopping IPC Server listener on 0
2022-04-26 01:53:03,976 [Listener at 127.0.0.1/46323] INFO  ratis.OzoneManagerDoubleBuffer (OzoneManagerDoubleBuffer.java:stop(466)) - Stopping OMDoubleBuffer flush thread
2022-04-26 01:53:03,989 [OMDoubleBufferFlushThread] INFO  ratis.OzoneManagerDoubleBuffer (OzoneManagerDoubleBuffer.java:flushTransactions(385)) - OMDoubleBuffer flush thread OMDoubleBufferFlushThread is interrupted and will exit. OMDoubleBufferFlushThread
2022-04-26 01:53:03,989 [Listener at 127.0.0.1/46323] INFO  utils.BackgroundService (BackgroundService.java:shutdown(132)) - Shutting down service KeyDeletingService
2022-04-26 01:53:03,989 [Listener at 127.0.0.1/46323] INFO  utils.BackgroundService (BackgroundService.java:shutdown(132)) - Shutting down service DirectoryDeletingService
2022-04-26 01:53:03,990 [Listener at 127.0.0.1/46323] INFO  handler.ContextHandler (ContextHandler.java:doStop(1153)) - Stopped o.e.j.w.WebAppContext@77c8dd61{ozoneManager,/,null,STOPPED}{file:/home/runner/work/ozone/ozone/hadoop-ozone/integration-test/target/test-classes/webapps/ozoneManager}
2022-04-26 01:53:03,991 [Listener at 127.0.0.1/46323] INFO  server.AbstractConnector (AbstractConnector.java:doStop(381)) - Stopped ServerConnector@5d657a3a{HTTP/1.1, (http/1.1)}{0.0.0.0:0}
2022-04-26 01:53:03,991 [Listener at 127.0.0.1/46323] INFO  server.session (HouseKeeper.java:stopScavenging(149)) - node0 Stopped scavenging
2022-04-26 01:53:03,991 [Listener at 127.0.0.1/46323] INFO  handler.ContextHandler (ContextHandler.java:doStop(1153)) - Stopped o.e.j.s.ServletContextHandler@4ac6ccfc{static,/static,file:///home/runner/work/ozone/ozone/hadoop-ozone/integration-test/target/test-classes/webapps/static,STOPPED}
2022-04-26 01:53:03,991 [Listener at 127.0.0.1/46323] INFO  handler.ContextHandler (ContextHandler.java:doStop(1153)) - Stopped o.e.j.s.ServletContextHandler@49fbfecf{logs,/logs,file:///home/runner/work/ozone/ozone/hadoop-ozone/integration-test/target/log,STOPPED}
2022-04-26 01:53:03,993 [Trash Emptier] ERROR om.TrashPolicyOzone (TrashPolicyOzone.java:run(251)) - Error attempting to shutdown
java.lang.InterruptedException
	at java.util.concurrent.locks.AbstractQueuedSynchronizer$ConditionObject.awaitNanos(AbstractQueuedSynchronizer.java:2067)
	at java.util.concurrent.ThreadPoolExecutor.awaitTermination(ThreadPoolExecutor.java:1475)
	at org.apache.hadoop.ozone.om.TrashPolicyOzone$Emptier.run(TrashPolicyOzone.java:249)
	at java.lang.Thread.run(Thread.java:750)
2022-04-26 01:53:03,993 [Trash Emptier] ERROR util.ExitUtils (ExitUtils.java:terminate(133)) - Terminating with exit status -1: Thread[Trash Emptier,5,main] has thrown an uncaught exception
java.lang.UnsupportedOperationException: fs.getUri() not implemented in TrashOzoneFileSystem
	at org.apache.hadoop.ozone.om.TrashOzoneFileSystem.getUri(TrashOzoneFileSystem.java:124)
	at org.apache.hadoop.fs.FileSystem.close(FileSystem.java:2592)
	at org.apache.hadoop.ozone.om.TrashPolicyOzone$Emptier.run(TrashPolicyOzone.java:243)
	at java.lang.Thread.run(Thread.java:750)
2022-04-26 01:53:04,005 [Listener at 127.0.0.1/46323] INFO  ozone.MiniOzoneClusterImpl (MiniOzoneClusterImpl.java:stopDatanodes(530)) - Stopping the HddsDatanodes
2022-04-26 01:53:06,021 [34d2ba22-a7fd-4f79-9d8a-4dadf85377fe@group-E32B954BD76F-FollowerState] INFO  impl.FollowerState (FollowerState.java:run(134)) - 34d2ba22-a7fd-4f79-9d8a-4dadf85377fe@group-E32B954BD76F-FollowerState: change to CANDIDATE, lastRpcElapsedTime:5115044833ns, electionTimeout:5098ms
2022-04-26 01:53:06,021 [34d2ba22-a7fd-4f79-9d8a-4dadf85377fe@group-E32B954BD76F-FollowerState] INFO  impl.RoleInfo (RoleInfo.java:shutdownFollowerState(108)) - 34d2ba22-a7fd-4f79-9d8a-4dadf85377fe: shutdown 34d2ba22-a7fd-4f79-9d8a-4dadf85377fe@group-E32B954BD76F-FollowerState
2022-04-26 01:53:06,021 [34d2ba22-a7fd-4f79-9d8a-4dadf85377fe@group-E32B954BD76F-FollowerState] INFO  server.RaftServer$Division (RaftServerImpl.java:setRole(290)) - 34d2ba22-a7fd-4f79-9d8a-4dadf85377fe@group-E32B954BD76F: changes role from  FOLLOWER to CANDIDATE at term 4 for changeToCandidate
2022-04-26 01:53:06,021 [34d2ba22-a7fd-4f79-9d8a-4dadf85377fe@group-E32B954BD76F-FollowerState] INFO  server.RaftServerConfigKeys (ConfUtils.java:logGet(44)) - raft.server.leaderelection.pre-vote = false (custom)
2022-04-26 01:53:06,021 [34d2ba22-a7fd-4f79-9d8a-4dadf85377fe@group-E32B954BD76F-FollowerState] INFO  impl.RoleInfo (RoleInfo.java:updateAndGet(130)) - 34d2ba22-a7fd-4f79-9d8a-4dadf85377fe: start 34d2ba22-a7fd-4f79-9d8a-4dadf85377fe@group-E32B954BD76F-LeaderElection26
2022-04-26 01:53:06,033 [e687a55e-a1fa-40ca-b40d-7e860929e1d7@group-E32B954BD76F-FollowerState] INFO  impl.FollowerState (FollowerState.java:run(134)) - e687a55e-a1fa-40ca-b40d-7e860929e1d7@group-E32B954BD76F-FollowerState: change to CANDIDATE, lastRpcElapsedTime:5111353207ns, electionTimeout:5094ms
2022-04-26 01:53:06,033 [e687a55e-a1fa-40ca-b40d-7e860929e1d7@group-E32B954BD76F-FollowerState] INFO  impl.RoleInfo (RoleInfo.java:shutdownFollowerState(108)) - e687a55e-a1fa-40ca-b40d-7e860929e1d7: shutdown e687a55e-a1fa-40ca-b40d-7e860929e1d7@group-E32B954BD76F-FollowerState
2022-04-26 01:53:06,033 [e687a55e-a1fa-40ca-b40d-7e860929e1d7@group-E32B954BD76F-FollowerState] INFO  server.RaftServer$Division (RaftServerImpl.java:setRole(290)) - e687a55e-a1fa-40ca-b40d-7e860929e1d7@group-E32B954BD76F: changes role from  FOLLOWER to CANDIDATE at term 4 for changeToCandidate
2022-04-26 01:53:06,033 [e687a55e-a1fa-40ca-b40d-7e860929e1d7@group-E32B954BD76F-FollowerState] INFO  server.RaftServerConfigKeys (ConfUtils.java:logGet(44)) - raft.server.leaderelection.pre-vote = false (custom)
2022-04-26 01:53:06,033 [e687a55e-a1fa-40ca-b40d-7e860929e1d7@group-E32B954BD76F-FollowerState] INFO  impl.RoleInfo (RoleInfo.java:updateAndGet(130)) - e687a55e-a1fa-40ca-b40d-7e860929e1d7: start e687a55e-a1fa-40ca-b40d-7e860929e1d7@group-E32B954BD76F-LeaderElection27
2022-04-26 01:53:06,038 [aa794ff7-e78a-42e1-b114-2e34ec5a968d@group-E32B954BD76F-FollowerState] INFO  impl.FollowerState (FollowerState.java:run(134)) - aa794ff7-e78a-42e1-b114-2e34ec5a968d@group-E32B954BD76F-FollowerState: change to CANDIDATE, lastRpcElapsedTime:5148243663ns, electionTimeout:5133ms
2022-04-26 01:53:06,038 [aa794ff7-e78a-42e1-b114-2e34ec5a968d@group-E32B954BD76F-FollowerState] INFO  impl.RoleInfo (RoleInfo.java:shutdownFollowerState(108)) - aa794ff7-e78a-42e1-b114-2e34ec5a968d: shutdown aa794ff7-e78a-42e1-b114-2e34ec5a968d@group-E32B954BD76F-FollowerState
2022-04-26 01:53:06,038 [aa794ff7-e78a-42e1-b114-2e34ec5a968d@group-E32B954BD76F-FollowerState] INFO  server.RaftServer$Division (RaftServerImpl.java:setRole(290)) - aa794ff7-e78a-42e1-b114-2e34ec5a968d@group-E32B954BD76F: changes role from  FOLLOWER to CANDIDATE at term 4 for changeToCandidate
2022-04-26 01:53:06,043 [34d2ba22-a7fd-4f79-9d8a-4dadf85377fe@group-E32B954BD76F-LeaderElection26] INFO  impl.LeaderElection (LeaderElection.java:askForVotes(306)) - 34d2ba22-a7fd-4f79-9d8a-4dadf85377fe@group-E32B954BD76F-LeaderElection26 ELECTION round 0: submit vote requests at term 5 for -1: [34d2ba22-a7fd-4f79-9d8a-4dadf85377fe|rpc:10.1.0.42:38711|dataStream:|priority:0, e687a55e-a1fa-40ca-b40d-7e860929e1d7|rpc:10.1.0.42:39343|dataStream:|priority:0, aa794ff7-e78a-42e1-b114-2e34ec5a968d|rpc:10.1.0.42:38125|dataStream:|priority:1], old=null
2022-04-26 01:53:06,066 [grpc-default-executor-3] INFO  server.RaftServer$Division (RaftServerImpl.java:requestVote(1046)) - e687a55e-a1fa-40ca-b40d-7e860929e1d7@group-E32B954BD76F: receive requestVote(ELECTION, 34d2ba22-a7fd-4f79-9d8a-4dadf85377fe, group-E32B954BD76F, 5, (t:0, i:0))
2022-04-26 01:53:06,067 [aa794ff7-e78a-42e1-b114-2e34ec5a968d@group-E32B954BD76F-FollowerState] INFO  server.RaftServerConfigKeys (ConfUtils.java:logGet(44)) - raft.server.leaderelection.pre-vote = false (custom)
2022-04-26 01:53:06,068 [grpc-default-executor-3] INFO  impl.VoteContext (VoteContext.java:log(48)) - e687a55e-a1fa-40ca-b40d-7e860929e1d7@group-E32B954BD76F-CANDIDATE: reject ELECTION from 34d2ba22-a7fd-4f79-9d8a-4dadf85377fe: already has voted for e687a55e-a1fa-40ca-b40d-7e860929e1d7 at current term 5
2022-04-26 01:53:06,067 [e687a55e-a1fa-40ca-b40d-7e860929e1d7@group-E32B954BD76F-LeaderElection27] INFO  impl.LeaderElection (LeaderElection.java:askForVotes(306)) - e687a55e-a1fa-40ca-b40d-7e860929e1d7@group-E32B954BD76F-LeaderElection27 ELECTION round 0: submit vote requests at term 5 for -1: [34d2ba22-a7fd-4f79-9d8a-4dadf85377fe|rpc:10.1.0.42:38711|priority:0, e687a55e-a1fa-40ca-b40d-7e860929e1d7|rpc:10.1.0.42:39343|priority:0, aa794ff7-e78a-42e1-b114-2e34ec5a968d|rpc:10.1.0.42:38125|priority:1], old=null
2022-04-26 01:53:06,069 [grpc-default-executor-3] INFO  server.RaftServer$Division (RaftServerImpl.java:requestVote(1078)) - e687a55e-a1fa-40ca-b40d-7e860929e1d7@group-E32B954BD76F replies to ELECTION vote request: 34d2ba22-a7fd-4f79-9d8a-4dadf85377fe<-e687a55e-a1fa-40ca-b40d-7e860929e1d7#0:FAIL-t5. Peer's state: e687a55e-a1fa-40ca-b40d-7e860929e1d7@group-E32B954BD76F:t5, leader=null, voted=e687a55e-a1fa-40ca-b40d-7e860929e1d7, raftlog=e687a55e-a1fa-40ca-b40d-7e860929e1d7@group-E32B954BD76F-SegmentedRaftLog:OPENED:c-1, conf=-1: [34d2ba22-a7fd-4f79-9d8a-4dadf85377fe|rpc:10.1.0.42:38711|priority:0, e687a55e-a1fa-40ca-b40d-7e860929e1d7|rpc:10.1.0.42:39343|priority:0, aa794ff7-e78a-42e1-b114-2e34ec5a968d|rpc:10.1.0.42:38125|priority:1], old=null
2022-04-26 01:53:06,069 [aa794ff7-e78a-42e1-b114-2e34ec5a968d@group-E32B954BD76F-FollowerState] INFO  impl.RoleInfo (RoleInfo.java:updateAndGet(130)) - aa794ff7-e78a-42e1-b114-2e34ec5a968d: start aa794ff7-e78a-42e1-b114-2e34ec5a968d@group-E32B954BD76F-LeaderElection28
2022-04-26 01:53:06,095 [grpc-default-executor-3] INFO  server.RaftServer$Division (RaftServerImpl.java:requestVote(1046)) - aa794ff7-e78a-42e1-b114-2e34ec5a968d@group-E32B954BD76F: receive requestVote(ELECTION, 34d2ba22-a7fd-4f79-9d8a-4dadf85377fe, group-E32B954BD76F, 5, (t:0, i:0))
2022-04-26 01:53:06,096 [grpc-default-executor-3] INFO  impl.VoteContext (VoteContext.java:log(48)) - aa794ff7-e78a-42e1-b114-2e34ec5a968d@group-E32B954BD76F-CANDIDATE: reject ELECTION from 34d2ba22-a7fd-4f79-9d8a-4dadf85377fe: our priority 1 > candidate's priority 0
2022-04-26 01:53:06,096 [grpc-default-executor-3] INFO  server.RaftServer$Division (RaftServerImpl.java:setRole(290)) - aa794ff7-e78a-42e1-b114-2e34ec5a968d@group-E32B954BD76F: changes role from CANDIDATE to FOLLOWER at term 5 for candidate:34d2ba22-a7fd-4f79-9d8a-4dadf85377fe
2022-04-26 01:53:06,096 [grpc-default-executor-3] INFO  impl.RoleInfo (RoleInfo.java:shutdownLeaderElection(121)) - aa794ff7-e78a-42e1-b114-2e34ec5a968d: shutdown aa794ff7-e78a-42e1-b114-2e34ec5a968d@group-E32B954BD76F-LeaderElection28
2022-04-26 01:53:06,096 [grpc-default-executor-3] INFO  impl.RoleInfo (RoleInfo.java:updateAndGet(130)) - aa794ff7-e78a-42e1-b114-2e34ec5a968d: start aa794ff7-e78a-42e1-b114-2e34ec5a968d@group-E32B954BD76F-FollowerState
2022-04-26 01:53:06,095 [grpc-default-executor-0] INFO  server.RaftServer$Division (RaftServerImpl.java:requestVote(1046)) - 34d2ba22-a7fd-4f79-9d8a-4dadf85377fe@group-E32B954BD76F: receive requestVote(ELECTION, e687a55e-a1fa-40ca-b40d-7e860929e1d7, group-E32B954BD76F, 5, (t:0, i:0))
2022-04-26 01:53:06,096 [grpc-default-executor-0] INFO  impl.VoteContext (VoteContext.java:log(48)) - 34d2ba22-a7fd-4f79-9d8a-4dadf85377fe@group-E32B954BD76F-CANDIDATE: reject ELECTION from e687a55e-a1fa-40ca-b40d-7e860929e1d7: already has voted for 34d2ba22-a7fd-4f79-9d8a-4dadf85377fe at current term 5
2022-04-26 01:53:06,097 [grpc-default-executor-0] INFO  server.RaftServer$Division (RaftServerImpl.java:requestVote(1078)) - 34d2ba22-a7fd-4f79-9d8a-4dadf85377fe@group-E32B954BD76F replies to ELECTION vote request: e687a55e-a1fa-40ca-b40d-7e860929e1d7<-34d2ba22-a7fd-4f79-9d8a-4dadf85377fe#0:FAIL-t5. Peer's state: 34d2ba22-a7fd-4f79-9d8a-4dadf85377fe@group-E32B954BD76F:t5, leader=null, voted=34d2ba22-a7fd-4f79-9d8a-4dadf85377fe, raftlog=34d2ba22-a7fd-4f79-9d8a-4dadf85377fe@group-E32B954BD76F-SegmentedRaftLog:OPENED:c-1, conf=-1: [34d2ba22-a7fd-4f79-9d8a-4dadf85377fe|rpc:10.1.0.42:38711|dataStream:|priority:0, e687a55e-a1fa-40ca-b40d-7e860929e1d7|rpc:10.1.0.42:39343|dataStream:|priority:0, aa794ff7-e78a-42e1-b114-2e34ec5a968d|rpc:10.1.0.42:38125|dataStream:|priority:1], old=null
2022-04-26 01:53:06,095 [grpc-default-executor-1] INFO  server.RaftServer$Division (RaftServerImpl.java:requestVote(1046)) - aa794ff7-e78a-42e1-b114-2e34ec5a968d@group-E32B954BD76F: receive requestVote(ELECTION, e687a55e-a1fa-40ca-b40d-7e860929e1d7, group-E32B954BD76F, 5, (t:0, i:0))
2022-04-26 01:53:06,109 [aa794ff7-e78a-42e1-b114-2e34ec5a968d@group-E32B954BD76F-LeaderElection28] INFO  impl.LeaderElection (LeaderElection.java:run(230)) - aa794ff7-e78a-42e1-b114-2e34ec5a968d@group-E32B954BD76F-LeaderElection28: skip running since this is already CLOSING
2022-04-26 01:53:06,114 [grpc-default-executor-3] INFO  server.RaftServer$Division (RaftServerImpl.java:requestVote(1078)) - aa794ff7-e78a-42e1-b114-2e34ec5a968d@group-E32B954BD76F replies to ELECTION vote request: 34d2ba22-a7fd-4f79-9d8a-4dadf85377fe<-aa794ff7-e78a-42e1-b114-2e34ec5a968d#0:FAIL-t5. Peer's state: aa794ff7-e78a-42e1-b114-2e34ec5a968d@group-E32B954BD76F:t5, leader=null, voted=null, raftlog=aa794ff7-e78a-42e1-b114-2e34ec5a968d@group-E32B954BD76F-SegmentedRaftLog:OPENED:c-1, conf=-1: [34d2ba22-a7fd-4f79-9d8a-4dadf85377fe|rpc:10.1.0.42:38711|dataStream:|priority:0, e687a55e-a1fa-40ca-b40d-7e860929e1d7|rpc:10.1.0.42:39343|dataStream:|priority:0, aa794ff7-e78a-42e1-b114-2e34ec5a968d|rpc:10.1.0.42:38125|dataStream:|priority:1], old=null
2022-04-26 01:53:06,114 [grpc-default-executor-1] INFO  impl.VoteContext (VoteContext.java:log(48)) - aa794ff7-e78a-42e1-b114-2e34ec5a968d@group-E32B954BD76F-FOLLOWER: reject ELECTION from e687a55e-a1fa-40ca-b40d-7e860929e1d7: our priority 1 > candidate's priority 0
2022-04-26 01:53:06,114 [grpc-default-executor-1] INFO  server.RaftServer$Division (RaftServerImpl.java:setRole(290)) - aa794ff7-e78a-42e1-b114-2e34ec5a968d@group-E32B954BD76F: changes role from  FOLLOWER to FOLLOWER at term 5 for candidate:e687a55e-a1fa-40ca-b40d-7e860929e1d7
2022-04-26 01:53:06,114 [grpc-default-executor-1] INFO  impl.RoleInfo (RoleInfo.java:shutdownFollowerState(108)) - aa794ff7-e78a-42e1-b114-2e34ec5a968d: shutdown aa794ff7-e78a-42e1-b114-2e34ec5a968d@group-E32B954BD76F-FollowerState
2022-04-26 01:53:06,114 [grpc-default-executor-1] INFO  impl.RoleInfo (RoleInfo.java:updateAndGet(130)) - aa794ff7-e78a-42e1-b114-2e34ec5a968d: start aa794ff7-e78a-42e1-b114-2e34ec5a968d@group-E32B954BD76F-FollowerState
2022-04-26 01:53:06,117 [grpc-default-executor-1] INFO  server.RaftServer$Division (RaftServerImpl.java:requestVote(1078)) - aa794ff7-e78a-42e1-b114-2e34ec5a968d@group-E32B954BD76F replies to ELECTION vote request: e687a55e-a1fa-40ca-b40d-7e860929e1d7<-aa794ff7-e78a-42e1-b114-2e34ec5a968d#0:FAIL-t5. Peer's state: aa794ff7-e78a-42e1-b114-2e34ec5a968d@group-E32B954BD76F:t5, leader=null, voted=null, raftlog=aa794ff7-e78a-42e1-b114-2e34ec5a968d@group-E32B954BD76F-SegmentedRaftLog:OPENED:c-1, conf=-1: [34d2ba22-a7fd-4f79-9d8a-4dadf85377fe|rpc:10.1.0.42:38711|dataStream:|priority:0, e687a55e-a1fa-40ca-b40d-7e860929e1d7|rpc:10.1.0.42:39343|dataStream:|priority:0, aa794ff7-e78a-42e1-b114-2e34ec5a968d|rpc:10.1.0.42:38125|dataStream:|priority:1], old=null
2022-04-26 01:53:06,119 [e687a55e-a1fa-40ca-b40d-7e860929e1d7@group-E32B954BD76F-LeaderElection27] INFO  impl.LeaderElection (LeaderElection.java:logAndReturn(89)) - e687a55e-a1fa-40ca-b40d-7e860929e1d7@group-E32B954BD76F-LeaderElection27: ELECTION REJECTED received 2 response(s) and 0 exception(s):
2022-04-26 01:53:06,126 [e687a55e-a1fa-40ca-b40d-7e860929e1d7@group-E32B954BD76F-LeaderElection27] INFO  impl.LeaderElection (LeaderElection.java:logAndReturn(93)) -   Response 0: e687a55e-a1fa-40ca-b40d-7e860929e1d7<-34d2ba22-a7fd-4f79-9d8a-4dadf85377fe#0:FAIL-t5
2022-04-26 01:53:06,126 [e687a55e-a1fa-40ca-b40d-7e860929e1d7@group-E32B954BD76F-LeaderElection27] INFO  impl.LeaderElection (LeaderElection.java:logAndReturn(93)) -   Response 1: e687a55e-a1fa-40ca-b40d-7e860929e1d7<-aa794ff7-e78a-42e1-b114-2e34ec5a968d#0:FAIL-t5
2022-04-26 01:53:06,126 [e687a55e-a1fa-40ca-b40d-7e860929e1d7@group-E32B954BD76F-LeaderElection27] INFO  impl.LeaderElection (LeaderElection.java:askForVotes(308)) - e687a55e-a1fa-40ca-b40d-7e860929e1d7@group-E32B954BD76F-LeaderElection27 ELECTION round 0: result REJECTED
2022-04-26 01:53:06,126 [e687a55e-a1fa-40ca-b40d-7e860929e1d7@group-E32B954BD76F-LeaderElection27] INFO  server.RaftServer$Division (RaftServerImpl.java:setRole(290)) - e687a55e-a1fa-40ca-b40d-7e860929e1d7@group-E32B954BD76F: changes role from CANDIDATE to FOLLOWER at term 5 for REJECTED
2022-04-26 01:53:06,126 [e687a55e-a1fa-40ca-b40d-7e860929e1d7@group-E32B954BD76F-LeaderElection27] INFO  impl.RoleInfo (RoleInfo.java:shutdownLeaderElection(121)) - e687a55e-a1fa-40ca-b40d-7e860929e1d7: shutdown e687a55e-a1fa-40ca-b40d-7e860929e1d7@group-E32B954BD76F-LeaderElection27
2022-04-26 01:53:06,126 [e687a55e-a1fa-40ca-b40d-7e860929e1d7@group-E32B954BD76F-LeaderElection27] INFO  impl.RoleInfo (RoleInfo.java:updateAndGet(130)) - e687a55e-a1fa-40ca-b40d-7e860929e1d7: start e687a55e-a1fa-40ca-b40d-7e860929e1d7@group-E32B954BD76F-FollowerState
2022-04-26 01:53:06,119 [34d2ba22-a7fd-4f79-9d8a-4dadf85377fe@group-E32B954BD76F-LeaderElection26] INFO  impl.LeaderElection (LeaderElection.java:logAndReturn(89)) - 34d2ba22-a7fd-4f79-9d8a-4dadf85377fe@group-E32B954BD76F-LeaderElection26: ELECTION REJECTED received 2 response(s) and 0 exception(s):
2022-04-26 01:53:06,127 [34d2ba22-a7fd-4f79-9d8a-4dadf85377fe@group-E32B954BD76F-LeaderElection26] INFO  impl.LeaderElection (LeaderElection.java:logAndReturn(93)) -   Response 0: 34d2ba22-a7fd-4f79-9d8a-4dadf85377fe<-e687a55e-a1fa-40ca-b40d-7e860929e1d7#0:FAIL-t5
2022-04-26 01:53:06,128 [34d2ba22-a7fd-4f79-9d8a-4dadf85377fe@group-E32B954BD76F-LeaderElection26] INFO  impl.LeaderElection (LeaderElection.java:logAndReturn(93)) -   Response 1: 34d2ba22-a7fd-4f79-9d8a-4dadf85377fe<-aa794ff7-e78a-42e1-b114-2e34ec5a968d#0:FAIL-t5
2022-04-26 01:53:06,128 [34d2ba22-a7fd-4f79-9d8a-4dadf85377fe@group-E32B954BD76F-LeaderElection26] INFO  impl.LeaderElection (LeaderElection.java:askForVotes(308)) - 34d2ba22-a7fd-4f79-9d8a-4dadf85377fe@group-E32B954BD76F-LeaderElection26 ELECTION round 0: result REJECTED
2022-04-26 01:53:06,128 [34d2ba22-a7fd-4f79-9d8a-4dadf85377fe@group-E32B954BD76F-LeaderElection26] INFO  server.RaftServer$Division (RaftServerImpl.java:setRole(290)) - 34d2ba22-a7fd-4f79-9d8a-4dadf85377fe@group-E32B954BD76F: changes role from CANDIDATE to FOLLOWER at term 5 for REJECTED
2022-04-26 01:53:06,128 [34d2ba22-a7fd-4f79-9d8a-4dadf85377fe@group-E32B954BD76F-LeaderElection26] INFO  impl.RoleInfo (RoleInfo.java:shutdownLeaderElection(121)) - 34d2ba22-a7fd-4f79-9d8a-4dadf85377fe: shutdown 34d2ba22-a7fd-4f79-9d8a-4dadf85377fe@group-E32B954BD76F-LeaderElection26
2022-04-26 01:53:06,128 [34d2ba22-a7fd-4f79-9d8a-4dadf85377fe@group-E32B954BD76F-LeaderElection26] INFO  impl.RoleInfo (RoleInfo.java:updateAndGet(130)) - 34d2ba22-a7fd-4f79-9d8a-4dadf85377fe: start 34d2ba22-a7fd-4f79-9d8a-4dadf85377fe@group-E32B954BD76F-FollowerState
2022-04-26 01:53:09,023 [ForkJoinPool.commonPool-worker-1] INFO  ozoneimpl.OzoneContainer (OzoneContainer.java:stop(356)) - Attempting to stop container services.
2022-04-26 01:53:09,023 [Listener at 127.0.0.1/46323] INFO  ozoneimpl.OzoneContainer (OzoneContainer.java:stop(356)) - Attempting to stop container services.
2022-04-26 01:53:09,024 [Listener at 127.0.0.1/46323] INFO  server.RaftServer (RaftServerProxy.java:lambda$close$6(391)) - 34d2ba22-a7fd-4f79-9d8a-4dadf85377fe: close
2022-04-26 01:53:09,024 [Listener at 127.0.0.1/46323] INFO  server.RaftServer$Division (RaftServerImpl.java:lambda$close$4(412)) - 34d2ba22-a7fd-4f79-9d8a-4dadf85377fe@group-F2E40A8B7CD1: shutdown
2022-04-26 01:53:09,024 [Listener at 127.0.0.1/46323] INFO  util.JmxRegister (JmxRegister.java:unregister(73)) - Successfully un-registered JMX Bean with object name Ratis:service=RaftServer,group=group-F2E40A8B7CD1,id=34d2ba22-a7fd-4f79-9d8a-4dadf85377fe
2022-04-26 01:53:09,024 [Listener at 127.0.0.1/46323] INFO  impl.RoleInfo (RoleInfo.java:shutdownFollowerState(108)) - 34d2ba22-a7fd-4f79-9d8a-4dadf85377fe: shutdown 34d2ba22-a7fd-4f79-9d8a-4dadf85377fe@group-F2E40A8B7CD1-FollowerState
2022-04-26 01:53:09,024 [Listener at 127.0.0.1/46323] INFO  impl.StateMachineUpdater (StateMachineUpdater.java:stopAndJoin(149)) - 34d2ba22-a7fd-4f79-9d8a-4dadf85377fe@group-F2E40A8B7CD1-StateMachineUpdater: set stopIndex = 29
2022-04-26 01:53:09,025 [34d2ba22-a7fd-4f79-9d8a-4dadf85377fe@group-F2E40A8B7CD1-FollowerState] INFO  impl.FollowerState (FollowerState.java:run(143)) - 34d2ba22-a7fd-4f79-9d8a-4dadf85377fe@group-F2E40A8B7CD1-FollowerState was interrupted: {}
java.lang.InterruptedException: sleep interrupted
	at java.lang.Thread.sleep(Native Method)
	at java.lang.Thread.sleep(Thread.java:342)
	at java.util.concurrent.TimeUnit.sleep(TimeUnit.java:386)
	at org.apache.ratis.util.TimeDuration.sleep(TimeDuration.java:324)
	at org.apache.ratis.util.TimeDuration.sleep(TimeDuration.java:309)
	at org.apache.ratis.server.impl.FollowerState.run(FollowerState.java:118)
2022-04-26 01:53:09,025 [34d2ba22-a7fd-4f79-9d8a-4dadf85377fe@group-F2E40A8B7CD1-StateMachineUpdater] INFO  ratis.ContainerStateMachine (ContainerStateMachine.java:takeSnapshot(304)) - group-F2E40A8B7CD1: Taking a snapshot at:(t:1, i:29) file /home/runner/work/ozone/ozone/hadoop-ozone/integration-test/target/test-dir/MiniOzoneClusterImpl-1f178f74-bffb-4b20-8a8e-7aaf5f3ffa17/datanode-2/data/ratis/23c02323-6405-4129-9c16-f2e40a8b7cd1/sm/snapshot.1_29
2022-04-26 01:53:09,025 [ForkJoinPool.commonPool-worker-1] INFO  server.RaftServer (RaftServerProxy.java:lambda$close$6(391)) - aa794ff7-e78a-42e1-b114-2e34ec5a968d: close
2022-04-26 01:53:09,026 [ForkJoinPool.commonPool-worker-1] INFO  server.RaftServer$Division (RaftServerImpl.java:lambda$close$4(412)) - aa794ff7-e78a-42e1-b114-2e34ec5a968d@group-F2E40A8B7CD1: shutdown
2022-04-26 01:53:09,026 [ForkJoinPool.commonPool-worker-1] INFO  util.JmxRegister (JmxRegister.java:unregister(73)) - Successfully un-registered JMX Bean with object name Ratis:service=RaftServer,group=group-F2E40A8B7CD1,id=aa794ff7-e78a-42e1-b114-2e34ec5a968d
2022-04-26 01:53:09,026 [ForkJoinPool.commonPool-worker-1] INFO  impl.RoleInfo (RoleInfo.java:shutdownFollowerState(108)) - aa794ff7-e78a-42e1-b114-2e34ec5a968d: shutdown aa794ff7-e78a-42e1-b114-2e34ec5a968d@group-F2E40A8B7CD1-FollowerState
2022-04-26 01:53:09,026 [ForkJoinPool.commonPool-worker-1] INFO  impl.StateMachineUpdater (StateMachineUpdater.java:stopAndJoin(149)) - aa794ff7-e78a-42e1-b114-2e34ec5a968d@group-F2E40A8B7CD1-StateMachineUpdater: set stopIndex = 29
2022-04-26 01:53:09,026 [aa794ff7-e78a-42e1-b114-2e34ec5a968d@group-F2E40A8B7CD1-FollowerState] INFO  impl.FollowerState (FollowerState.java:run(143)) - aa794ff7-e78a-42e1-b114-2e34ec5a968d@group-F2E40A8B7CD1-FollowerState was interrupted: {}
java.lang.InterruptedException: sleep interrupted
	at java.lang.Thread.sleep(Native Method)
	at java.lang.Thread.sleep(Thread.java:342)
	at java.util.concurrent.TimeUnit.sleep(TimeUnit.java:386)
	at org.apache.ratis.util.TimeDuration.sleep(TimeDuration.java:324)
	at org.apache.ratis.util.TimeDuration.sleep(TimeDuration.java:309)
	at org.apache.ratis.server.impl.FollowerState.run(FollowerState.java:118)
2022-04-26 01:53:09,026 [aa794ff7-e78a-42e1-b114-2e34ec5a968d@group-F2E40A8B7CD1-StateMachineUpdater] INFO  ratis.ContainerStateMachine (ContainerStateMachine.java:takeSnapshot(304)) - group-F2E40A8B7CD1: Taking a snapshot at:(t:1, i:29) file /home/runner/work/ozone/ozone/hadoop-ozone/integration-test/target/test-dir/MiniOzoneClusterImpl-1f178f74-bffb-4b20-8a8e-7aaf5f3ffa17/datanode-1/data/ratis/23c02323-6405-4129-9c16-f2e40a8b7cd1/sm/snapshot.1_29
2022-04-26 01:53:09,026 [34d2ba22-a7fd-4f79-9d8a-4dadf85377fe@group-F2E40A8B7CD1-StateMachineUpdater] INFO  ratis.ContainerStateMachine (ContainerStateMachine.java:takeSnapshot(315)) - group-F2E40A8B7CD1: Finished taking a snapshot at:(t:1, i:29) file:/home/runner/work/ozone/ozone/hadoop-ozone/integration-test/target/test-dir/MiniOzoneClusterImpl-1f178f74-bffb-4b20-8a8e-7aaf5f3ffa17/datanode-2/data/ratis/23c02323-6405-4129-9c16-f2e40a8b7cd1/sm/snapshot.1_29 took: 2 ms
2022-04-26 01:53:09,027 [34d2ba22-a7fd-4f79-9d8a-4dadf85377fe@group-F2E40A8B7CD1-StateMachineUpdater] INFO  impl.StateMachineUpdater (StateMachineUpdater.java:takeSnapshot(281)) - 34d2ba22-a7fd-4f79-9d8a-4dadf85377fe@group-F2E40A8B7CD1-StateMachineUpdater: Took a snapshot at index 29
2022-04-26 01:53:09,027 [34d2ba22-a7fd-4f79-9d8a-4dadf85377fe@group-F2E40A8B7CD1-StateMachineUpdater] INFO  impl.StateMachineUpdater (StateMachineUpdater.java:lambda$new$0(89)) - 34d2ba22-a7fd-4f79-9d8a-4dadf85377fe@group-F2E40A8B7CD1-StateMachineUpdater: snapshotIndex: updateIncreasingly -1 -> 29
2022-04-26 01:53:09,029 [aa794ff7-e78a-42e1-b114-2e34ec5a968d@group-F2E40A8B7CD1-StateMachineUpdater] INFO  ratis.ContainerStateMachine (ContainerStateMachine.java:takeSnapshot(315)) - group-F2E40A8B7CD1: Finished taking a snapshot at:(t:1, i:29) file:/home/runner/work/ozone/ozone/hadoop-ozone/integration-test/target/test-dir/MiniOzoneClusterImpl-1f178f74-bffb-4b20-8a8e-7aaf5f3ffa17/datanode-1/data/ratis/23c02323-6405-4129-9c16-f2e40a8b7cd1/sm/snapshot.1_29 took: 4 ms
2022-04-26 01:53:09,030 [aa794ff7-e78a-42e1-b114-2e34ec5a968d@group-F2E40A8B7CD1-StateMachineUpdater] INFO  impl.StateMachineUpdater (StateMachineUpdater.java:takeSnapshot(281)) - aa794ff7-e78a-42e1-b114-2e34ec5a968d@group-F2E40A8B7CD1-StateMachineUpdater: Took a snapshot at index 29
2022-04-26 01:53:09,030 [aa794ff7-e78a-42e1-b114-2e34ec5a968d@group-F2E40A8B7CD1-StateMachineUpdater] INFO  impl.StateMachineUpdater (StateMachineUpdater.java:lambda$new$0(89)) - aa794ff7-e78a-42e1-b114-2e34ec5a968d@group-F2E40A8B7CD1-StateMachineUpdater: snapshotIndex: updateIncreasingly -1 -> 29
2022-04-26 01:53:09,030 [Listener at 127.0.0.1/46323] INFO  server.RaftServer$Division (ServerState.java:close(419)) - 34d2ba22-a7fd-4f79-9d8a-4dadf85377fe@group-F2E40A8B7CD1: closes. applyIndex: 29
2022-04-26 01:53:09,031 [ForkJoinPool.commonPool-worker-1] INFO  server.RaftServer$Division (ServerState.java:close(419)) - aa794ff7-e78a-42e1-b114-2e34ec5a968d@group-F2E40A8B7CD1: closes. applyIndex: 29
2022-04-26 01:53:09,041 [34d2ba22-a7fd-4f79-9d8a-4dadf85377fe@group-F2E40A8B7CD1-SegmentedRaftLogWorker] INFO  segmented.SegmentedRaftLogWorker (SegmentedRaftLogWorker.java:run(327)) - 34d2ba22-a7fd-4f79-9d8a-4dadf85377fe@group-F2E40A8B7CD1-SegmentedRaftLogWorker was interrupted, exiting. There are 0 tasks remaining in the queue.
2022-04-26 01:53:09,041 [aa794ff7-e78a-42e1-b114-2e34ec5a968d@group-F2E40A8B7CD1-SegmentedRaftLogWorker] INFO  segmented.SegmentedRaftLogWorker (SegmentedRaftLogWorker.java:run(327)) - aa794ff7-e78a-42e1-b114-2e34ec5a968d@group-F2E40A8B7CD1-SegmentedRaftLogWorker was interrupted, exiting. There are 0 tasks remaining in the queue.
2022-04-26 01:53:09,042 [Listener at 127.0.0.1/46323] INFO  segmented.SegmentedRaftLogWorker (SegmentedRaftLogWorker.java:close(237)) - 34d2ba22-a7fd-4f79-9d8a-4dadf85377fe@group-F2E40A8B7CD1-SegmentedRaftLogWorker close()
2022-04-26 01:53:09,042 [ForkJoinPool.commonPool-worker-1] INFO  segmented.SegmentedRaftLogWorker (SegmentedRaftLogWorker.java:close(237)) - aa794ff7-e78a-42e1-b114-2e34ec5a968d@group-F2E40A8B7CD1-SegmentedRaftLogWorker close()
2022-04-26 01:53:09,044 [Listener at 127.0.0.1/46323] INFO  server.RaftServer$Division (RaftServerImpl.java:lambda$close$4(412)) - 34d2ba22-a7fd-4f79-9d8a-4dadf85377fe@group-E32B954BD76F: shutdown
2022-04-26 01:53:09,044 [Listener at 127.0.0.1/46323] INFO  util.JmxRegister (JmxRegister.java:unregister(73)) - Successfully un-registered JMX Bean with object name Ratis:service=RaftServer,group=group-E32B954BD76F,id=34d2ba22-a7fd-4f79-9d8a-4dadf85377fe
2022-04-26 01:53:09,044 [Listener at 127.0.0.1/46323] INFO  impl.RoleInfo (RoleInfo.java:shutdownFollowerState(108)) - 34d2ba22-a7fd-4f79-9d8a-4dadf85377fe: shutdown 34d2ba22-a7fd-4f79-9d8a-4dadf85377fe@group-E32B954BD76F-FollowerState
2022-04-26 01:53:09,044 [Listener at 127.0.0.1/46323] INFO  impl.StateMachineUpdater (StateMachineUpdater.java:stopAndJoin(149)) - 34d2ba22-a7fd-4f79-9d8a-4dadf85377fe@group-E32B954BD76F-StateMachineUpdater: set stopIndex = -1
2022-04-26 01:53:09,044 [34d2ba22-a7fd-4f79-9d8a-4dadf85377fe@group-E32B954BD76F-FollowerState] INFO  impl.FollowerState (FollowerState.java:run(143)) - 34d2ba22-a7fd-4f79-9d8a-4dadf85377fe@group-E32B954BD76F-FollowerState was interrupted: {}
java.lang.InterruptedException: sleep interrupted
	at java.lang.Thread.sleep(Native Method)
	at java.lang.Thread.sleep(Thread.java:342)
	at java.util.concurrent.TimeUnit.sleep(TimeUnit.java:386)
	at org.apache.ratis.util.TimeDuration.sleep(TimeDuration.java:324)
	at org.apache.ratis.util.TimeDuration.sleep(TimeDuration.java:309)
	at org.apache.ratis.server.impl.FollowerState.run(FollowerState.java:118)
2022-04-26 01:53:09,044 [Listener at 127.0.0.1/46323] INFO  server.RaftServer$Division (ServerState.java:close(419)) - 34d2ba22-a7fd-4f79-9d8a-4dadf85377fe@group-E32B954BD76F: closes. applyIndex: -1
2022-04-26 01:53:09,052 [34d2ba22-a7fd-4f79-9d8a-4dadf85377fe@group-E32B954BD76F-SegmentedRaftLogWorker] INFO  segmented.SegmentedRaftLogWorker (SegmentedRaftLogWorker.java:run(327)) - 34d2ba22-a7fd-4f79-9d8a-4dadf85377fe@group-E32B954BD76F-SegmentedRaftLogWorker was interrupted, exiting. There are 0 tasks remaining in the queue.
2022-04-26 01:53:09,044 [ForkJoinPool.commonPool-worker-1] INFO  server.RaftServer$Division (RaftServerImpl.java:lambda$close$4(412)) - aa794ff7-e78a-42e1-b114-2e34ec5a968d@group-E32B954BD76F: shutdown
2022-04-26 01:53:09,052 [ForkJoinPool.commonPool-worker-1] INFO  util.JmxRegister (JmxRegister.java:unregister(73)) - Successfully un-registered JMX Bean with object name Ratis:service=RaftServer,group=group-E32B954BD76F,id=aa794ff7-e78a-42e1-b114-2e34ec5a968d
2022-04-26 01:53:09,052 [ForkJoinPool.commonPool-worker-1] INFO  impl.RoleInfo (RoleInfo.java:shutdownFollowerState(108)) - aa794ff7-e78a-42e1-b114-2e34ec5a968d: shutdown aa794ff7-e78a-42e1-b114-2e34ec5a968d@group-E32B954BD76F-FollowerState
2022-04-26 01:53:09,052 [ForkJoinPool.commonPool-worker-1] INFO  impl.StateMachineUpdater (StateMachineUpdater.java:stopAndJoin(149)) - aa794ff7-e78a-42e1-b114-2e34ec5a968d@group-E32B954BD76F-StateMachineUpdater: set stopIndex = -1
2022-04-26 01:53:09,052 [aa794ff7-e78a-42e1-b114-2e34ec5a968d@group-E32B954BD76F-FollowerState] INFO  impl.FollowerState (FollowerState.java:run(143)) - aa794ff7-e78a-42e1-b114-2e34ec5a968d@group-E32B954BD76F-FollowerState was interrupted: {}
java.lang.InterruptedException: sleep interrupted
	at java.lang.Thread.sleep(Native Method)
	at java.lang.Thread.sleep(Thread.java:342)
	at java.util.concurrent.TimeUnit.sleep(TimeUnit.java:386)
	at org.apache.ratis.util.TimeDuration.sleep(TimeDuration.java:324)
	at org.apache.ratis.util.TimeDuration.sleep(TimeDuration.java:309)
	at org.apache.ratis.server.impl.FollowerState.run(FollowerState.java:118)
2022-04-26 01:53:09,054 [ForkJoinPool.commonPool-worker-1] INFO  server.RaftServer$Division (ServerState.java:close(419)) - aa794ff7-e78a-42e1-b114-2e34ec5a968d@group-E32B954BD76F: closes. applyIndex: -1
2022-04-26 01:53:09,062 [aa794ff7-e78a-42e1-b114-2e34ec5a968d@group-E32B954BD76F-SegmentedRaftLogWorker] INFO  segmented.SegmentedRaftLogWorker (SegmentedRaftLogWorker.java:run(327)) - aa794ff7-e78a-42e1-b114-2e34ec5a968d@group-E32B954BD76F-SegmentedRaftLogWorker was interrupted, exiting. There are 0 tasks remaining in the queue.
2022-04-26 01:53:09,062 [ForkJoinPool.commonPool-worker-1] INFO  segmented.SegmentedRaftLogWorker (SegmentedRaftLogWorker.java:close(237)) - aa794ff7-e78a-42e1-b114-2e34ec5a968d@group-E32B954BD76F-SegmentedRaftLogWorker close()
2022-04-26 01:53:09,052 [Listener at 127.0.0.1/46323] INFO  segmented.SegmentedRaftLogWorker (SegmentedRaftLogWorker.java:close(237)) - 34d2ba22-a7fd-4f79-9d8a-4dadf85377fe@group-E32B954BD76F-SegmentedRaftLogWorker close()
2022-04-26 01:53:09,069 [ForkJoinPool.commonPool-worker-1] INFO  server.RaftServer$Division (RaftServerImpl.java:lambda$close$4(412)) - aa794ff7-e78a-42e1-b114-2e34ec5a968d@group-CFA5EC2879D8: shutdown
2022-04-26 01:53:09,069 [ForkJoinPool.commonPool-worker-1] INFO  util.JmxRegister (JmxRegister.java:unregister(73)) - Successfully un-registered JMX Bean with object name Ratis:service=RaftServer,group=group-CFA5EC2879D8,id=aa794ff7-e78a-42e1-b114-2e34ec5a968d
2022-04-26 01:53:09,069 [ForkJoinPool.commonPool-worker-1] INFO  impl.RoleInfo (RoleInfo.java:shutdownLeaderState(91)) - aa794ff7-e78a-42e1-b114-2e34ec5a968d: shutdown aa794ff7-e78a-42e1-b114-2e34ec5a968d@group-CFA5EC2879D8-LeaderStateImpl
2022-04-26 01:53:09,069 [ForkJoinPool.commonPool-worker-1] INFO  impl.PendingRequests (PendingRequests.java:sendNotLeaderResponses(282)) - aa794ff7-e78a-42e1-b114-2e34ec5a968d@group-CFA5EC2879D8-PendingRequests: sendNotLeaderResponses
2022-04-26 01:53:09,070 [ForkJoinPool.commonPool-worker-1] INFO  impl.StateMachineUpdater (StateMachineUpdater.java:stopAndJoin(149)) - aa794ff7-e78a-42e1-b114-2e34ec5a968d@group-CFA5EC2879D8-StateMachineUpdater: set stopIndex = 0
2022-04-26 01:53:09,070 [aa794ff7-e78a-42e1-b114-2e34ec5a968d@group-CFA5EC2879D8-StateMachineUpdater] INFO  ratis.ContainerStateMachine (ContainerStateMachine.java:takeSnapshot(304)) - group-CFA5EC2879D8: Taking a snapshot at:(t:1, i:0) file /home/runner/work/ozone/ozone/hadoop-ozone/integration-test/target/test-dir/MiniOzoneClusterImpl-1f178f74-bffb-4b20-8a8e-7aaf5f3ffa17/datanode-1/data/ratis/e83b4efc-186c-40cc-bba9-cfa5ec2879d8/sm/snapshot.1_0
2022-04-26 01:53:09,071 [aa794ff7-e78a-42e1-b114-2e34ec5a968d@group-CFA5EC2879D8-StateMachineUpdater] INFO  ratis.ContainerStateMachine (ContainerStateMachine.java:takeSnapshot(315)) - group-CFA5EC2879D8: Finished taking a snapshot at:(t:1, i:0) file:/home/runner/work/ozone/ozone/hadoop-ozone/integration-test/target/test-dir/MiniOzoneClusterImpl-1f178f74-bffb-4b20-8a8e-7aaf5f3ffa17/datanode-1/data/ratis/e83b4efc-186c-40cc-bba9-cfa5ec2879d8/sm/snapshot.1_0 took: 1 ms
2022-04-26 01:53:09,071 [aa794ff7-e78a-42e1-b114-2e34ec5a968d@group-CFA5EC2879D8-StateMachineUpdater] INFO  impl.StateMachineUpdater (StateMachineUpdater.java:takeSnapshot(281)) - aa794ff7-e78a-42e1-b114-2e34ec5a968d@group-CFA5EC2879D8-StateMachineUpdater: Took a snapshot at index 0
2022-04-26 01:53:09,071 [aa794ff7-e78a-42e1-b114-2e34ec5a968d@group-CFA5EC2879D8-StateMachineUpdater] INFO  impl.StateMachineUpdater (StateMachineUpdater.java:lambda$new$0(89)) - aa794ff7-e78a-42e1-b114-2e34ec5a968d@group-CFA5EC2879D8-StateMachineUpdater: snapshotIndex: updateIncreasingly -1 -> 0
2022-04-26 01:53:09,072 [Listener at 127.0.0.1/46323] INFO  server.RaftServer$Division (RaftServerImpl.java:lambda$close$4(412)) - 34d2ba22-a7fd-4f79-9d8a-4dadf85377fe@group-FBBE72B9F907: shutdown
2022-04-26 01:53:09,073 [Listener at 127.0.0.1/46323] INFO  util.JmxRegister (JmxRegister.java:unregister(73)) - Successfully un-registered JMX Bean with object name Ratis:service=RaftServer,group=group-FBBE72B9F907,id=34d2ba22-a7fd-4f79-9d8a-4dadf85377fe
2022-04-26 01:53:09,073 [Listener at 127.0.0.1/46323] INFO  impl.RoleInfo (RoleInfo.java:shutdownLeaderState(91)) - 34d2ba22-a7fd-4f79-9d8a-4dadf85377fe: shutdown 34d2ba22-a7fd-4f79-9d8a-4dadf85377fe@group-FBBE72B9F907-LeaderStateImpl
2022-04-26 01:53:09,073 [Listener at 127.0.0.1/46323] INFO  impl.PendingRequests (PendingRequests.java:sendNotLeaderResponses(282)) - 34d2ba22-a7fd-4f79-9d8a-4dadf85377fe@group-FBBE72B9F907-PendingRequests: sendNotLeaderResponses
2022-04-26 01:53:09,073 [Listener at 127.0.0.1/46323] INFO  impl.StateMachineUpdater (StateMachineUpdater.java:stopAndJoin(149)) - 34d2ba22-a7fd-4f79-9d8a-4dadf85377fe@group-FBBE72B9F907-StateMachineUpdater: set stopIndex = 0
2022-04-26 01:53:09,074 [34d2ba22-a7fd-4f79-9d8a-4dadf85377fe@group-FBBE72B9F907-StateMachineUpdater] INFO  ratis.ContainerStateMachine (ContainerStateMachine.java:takeSnapshot(304)) - group-FBBE72B9F907: Taking a snapshot at:(t:1, i:0) file /home/runner/work/ozone/ozone/hadoop-ozone/integration-test/target/test-dir/MiniOzoneClusterImpl-1f178f74-bffb-4b20-8a8e-7aaf5f3ffa17/datanode-2/data/ratis/6f3bf367-62c6-4b05-8d00-fbbe72b9f907/sm/snapshot.1_0
2022-04-26 01:53:09,074 [34d2ba22-a7fd-4f79-9d8a-4dadf85377fe@group-FBBE72B9F907-StateMachineUpdater] INFO  ratis.ContainerStateMachine (ContainerStateMachine.java:takeSnapshot(315)) - group-FBBE72B9F907: Finished taking a snapshot at:(t:1, i:0) file:/home/runner/work/ozone/ozone/hadoop-ozone/integration-test/target/test-dir/MiniOzoneClusterImpl-1f178f74-bffb-4b20-8a8e-7aaf5f3ffa17/datanode-2/data/ratis/6f3bf367-62c6-4b05-8d00-fbbe72b9f907/sm/snapshot.1_0 took: 0 ms
2022-04-26 01:53:09,074 [34d2ba22-a7fd-4f79-9d8a-4dadf85377fe@group-FBBE72B9F907-StateMachineUpdater] INFO  impl.StateMachineUpdater (StateMachineUpdater.java:takeSnapshot(281)) - 34d2ba22-a7fd-4f79-9d8a-4dadf85377fe@group-FBBE72B9F907-StateMachineUpdater: Took a snapshot at index 0
2022-04-26 01:53:09,074 [34d2ba22-a7fd-4f79-9d8a-4dadf85377fe@group-FBBE72B9F907-StateMachineUpdater] INFO  impl.StateMachineUpdater (StateMachineUpdater.java:lambda$new$0(89)) - 34d2ba22-a7fd-4f79-9d8a-4dadf85377fe@group-FBBE72B9F907-StateMachineUpdater: snapshotIndex: updateIncreasingly -1 -> 0
2022-04-26 01:53:09,074 [Listener at 127.0.0.1/46323] INFO  server.RaftServer$Division (ServerState.java:close(419)) - 34d2ba22-a7fd-4f79-9d8a-4dadf85377fe@group-FBBE72B9F907: closes. applyIndex: 0
2022-04-26 01:53:09,075 [34d2ba22-a7fd-4f79-9d8a-4dadf85377fe@group-FBBE72B9F907-SegmentedRaftLogWorker] INFO  segmented.SegmentedRaftLogWorker (SegmentedRaftLogWorker.java:run(327)) - 34d2ba22-a7fd-4f79-9d8a-4dadf85377fe@group-FBBE72B9F907-SegmentedRaftLogWorker was interrupted, exiting. There are 0 tasks remaining in the queue.
2022-04-26 01:53:09,076 [Listener at 127.0.0.1/46323] INFO  segmented.SegmentedRaftLogWorker (SegmentedRaftLogWorker.java:close(237)) - 34d2ba22-a7fd-4f79-9d8a-4dadf85377fe@group-FBBE72B9F907-SegmentedRaftLogWorker close()
2022-04-26 01:53:09,078 [ForkJoinPool.commonPool-worker-1] INFO  server.RaftServer$Division (ServerState.java:close(419)) - aa794ff7-e78a-42e1-b114-2e34ec5a968d@group-CFA5EC2879D8: closes. applyIndex: 0
2022-04-26 01:53:09,078 [aa794ff7-e78a-42e1-b114-2e34ec5a968d@group-CFA5EC2879D8-SegmentedRaftLogWorker] INFO  segmented.SegmentedRaftLogWorker (SegmentedRaftLogWorker.java:run(327)) - aa794ff7-e78a-42e1-b114-2e34ec5a968d@group-CFA5EC2879D8-SegmentedRaftLogWorker was interrupted, exiting. There are 0 tasks remaining in the queue.
2022-04-26 01:53:09,079 [ForkJoinPool.commonPool-worker-1] INFO  segmented.SegmentedRaftLogWorker (SegmentedRaftLogWorker.java:close(237)) - aa794ff7-e78a-42e1-b114-2e34ec5a968d@group-CFA5EC2879D8-SegmentedRaftLogWorker close()
2022-04-26 01:53:09,085 [Listener at 127.0.0.1/46323] INFO  server.GrpcService (GrpcService.java:closeImpl(262)) - 34d2ba22-a7fd-4f79-9d8a-4dadf85377fe: shutdown server with port 38711 now
2022-04-26 01:53:09,085 [ForkJoinPool.commonPool-worker-1] INFO  server.GrpcService (GrpcService.java:closeImpl(262)) - aa794ff7-e78a-42e1-b114-2e34ec5a968d: shutdown server with port 38125 now
2022-04-26 01:53:09,095 [grpc-default-executor-3] WARN  server.GrpcServerProtocolService (LogUtils.java:warn(122)) - 34d2ba22-a7fd-4f79-9d8a-4dadf85377fe: installSnapshot onError, lastRequest: e687a55e-a1fa-40ca-b40d-7e860929e1d7->34d2ba22-a7fd-4f79-9d8a-4dadf85377fe#414-t1,previous=(t:1, i:28),leaderCommit=27,initializing? true,entries: size=1, first=(t:1, i:29), METADATAENTRY(c:27): org.apache.ratis.thirdparty.io.grpc.StatusRuntimeException: CANCELLED: client cancelled
2022-04-26 01:53:09,101 [ForkJoinPool.commonPool-worker-1] INFO  server.GrpcService (GrpcService.java:closeImpl(271)) - aa794ff7-e78a-42e1-b114-2e34ec5a968d: shutdown server with port 38125 successfully
2022-04-26 01:53:09,101 [grpc-default-executor-1] WARN  server.GrpcServerProtocolService (LogUtils.java:warn(122)) - aa794ff7-e78a-42e1-b114-2e34ec5a968d: installSnapshot onError, lastRequest: e687a55e-a1fa-40ca-b40d-7e860929e1d7->aa794ff7-e78a-42e1-b114-2e34ec5a968d#419-t1,previous=(t:1, i:28),leaderCommit=27,initializing? true,entries: size=1, first=(t:1, i:29), METADATAENTRY(c:27): org.apache.ratis.thirdparty.io.grpc.StatusRuntimeException: CANCELLED: client cancelled
2022-04-26 01:53:09,101 [org.apache.ratis.util.JvmPauseMonitor$$Lambda$580/456889832@2fce700a] INFO  util.JvmPauseMonitor (JvmPauseMonitor.java:run(109)) - JvmPauseMonitor-aa794ff7-e78a-42e1-b114-2e34ec5a968d: Stopped
2022-04-26 01:53:09,103 [Listener at 127.0.0.1/46323] INFO  server.GrpcService (GrpcService.java:closeImpl(271)) - 34d2ba22-a7fd-4f79-9d8a-4dadf85377fe: shutdown server with port 38711 successfully
2022-04-26 01:53:09,103 [org.apache.ratis.util.JvmPauseMonitor$$Lambda$580/456889832@4807bc41] INFO  util.JvmPauseMonitor (JvmPauseMonitor.java:run(109)) - JvmPauseMonitor-34d2ba22-a7fd-4f79-9d8a-4dadf85377fe: Stopped
2022-04-26 01:53:09,104 [grpc-default-executor-3] WARN  server.GrpcLogAppender (LogUtils.java:warn(122)) - e687a55e-a1fa-40ca-b40d-7e860929e1d7@group-F2E40A8B7CD1->34d2ba22-a7fd-4f79-9d8a-4dadf85377fe-AppendLogResponseHandler: Failed appendEntries: org.apache.ratis.thirdparty.io.grpc.StatusRuntimeException: CANCELLED: HTTP/2 error code: CANCEL
Received Rst Stream
2022-04-26 01:53:09,104 [grpc-default-executor-3] INFO  leader.FollowerInfo (FollowerInfoImpl.java:lambda$new$0(47)) - e687a55e-a1fa-40ca-b40d-7e860929e1d7@group-F2E40A8B7CD1->34d2ba22-a7fd-4f79-9d8a-4dadf85377fe: nextIndex: updateUnconditionally 30 -> 29
2022-04-26 01:53:09,104 [grpc-default-executor-0] WARN  server.GrpcLogAppender (LogUtils.java:warn(122)) - e687a55e-a1fa-40ca-b40d-7e860929e1d7@group-F2E40A8B7CD1->aa794ff7-e78a-42e1-b114-2e34ec5a968d-AppendLogResponseHandler: Failed appendEntries: org.apache.ratis.thirdparty.io.grpc.StatusRuntimeException: CANCELLED: HTTP/2 error code: CANCEL
Received Rst Stream
2022-04-26 01:53:09,105 [grpc-default-executor-0] INFO  leader.FollowerInfo (FollowerInfoImpl.java:lambda$new$0(47)) - e687a55e-a1fa-40ca-b40d-7e860929e1d7@group-F2E40A8B7CD1->aa794ff7-e78a-42e1-b114-2e34ec5a968d: nextIndex: updateUnconditionally 30 -> 29
2022-04-26 01:53:09,107 [grpc-default-executor-3] WARN  server.GrpcLogAppender (LogUtils.java:warn(122)) - e687a55e-a1fa-40ca-b40d-7e860929e1d7@group-F2E40A8B7CD1->34d2ba22-a7fd-4f79-9d8a-4dadf85377fe-AppendLogResponseHandler: Failed appendEntries: org.apache.ratis.thirdparty.io.grpc.StatusRuntimeException: UNAVAILABLE: io exception
2022-04-26 01:53:09,107 [grpc-default-executor-3] INFO  leader.FollowerInfo (FollowerInfoImpl.java:lambda$new$0(47)) - e687a55e-a1fa-40ca-b40d-7e860929e1d7@group-F2E40A8B7CD1->34d2ba22-a7fd-4f79-9d8a-4dadf85377fe: nextIndex: updateUnconditionally 30 -> 29
2022-04-26 01:53:09,117 [grpc-default-executor-0] WARN  server.GrpcLogAppender (LogUtils.java:warn(122)) - e687a55e-a1fa-40ca-b40d-7e860929e1d7@group-F2E40A8B7CD1->aa794ff7-e78a-42e1-b114-2e34ec5a968d-AppendLogResponseHandler: Failed appendEntries: org.apache.ratis.thirdparty.io.grpc.StatusRuntimeException: UNAVAILABLE: io exception
2022-04-26 01:53:09,118 [grpc-default-executor-0] INFO  leader.FollowerInfo (FollowerInfoImpl.java:lambda$new$0(47)) - e687a55e-a1fa-40ca-b40d-7e860929e1d7@group-F2E40A8B7CD1->aa794ff7-e78a-42e1-b114-2e34ec5a968d: nextIndex: updateUnconditionally 30 -> 29
2022-04-26 01:53:11,121 [Listener at 127.0.0.1/46323] INFO  utils.BackgroundService (BackgroundService.java:shutdown(132)) - Shutting down service BlockDeletingService
2022-04-26 01:53:11,139 [ForkJoinPool.commonPool-worker-1] INFO  utils.BackgroundService (BackgroundService.java:shutdown(132)) - Shutting down service BlockDeletingService
2022-04-26 01:53:11,175 [e687a55e-a1fa-40ca-b40d-7e860929e1d7@group-E32B954BD76F-FollowerState] INFO  impl.FollowerState (FollowerState.java:run(134)) - e687a55e-a1fa-40ca-b40d-7e860929e1d7@group-E32B954BD76F-FollowerState: change to CANDIDATE, lastRpcElapsedTime:5049349670ns, electionTimeout:5049ms
2022-04-26 01:53:11,175 [e687a55e-a1fa-40ca-b40d-7e860929e1d7@group-E32B954BD76F-FollowerState] INFO  impl.RoleInfo (RoleInfo.java:shutdownFollowerState(108)) - e687a55e-a1fa-40ca-b40d-7e860929e1d7: shutdown e687a55e-a1fa-40ca-b40d-7e860929e1d7@group-E32B954BD76F-FollowerState
2022-04-26 01:53:11,175 [e687a55e-a1fa-40ca-b40d-7e860929e1d7@group-E32B954BD76F-FollowerState] INFO  server.RaftServer$Division (RaftServerImpl.java:setRole(290)) - e687a55e-a1fa-40ca-b40d-7e860929e1d7@group-E32B954BD76F: changes role from  FOLLOWER to CANDIDATE at term 5 for changeToCandidate
2022-04-26 01:53:11,175 [e687a55e-a1fa-40ca-b40d-7e860929e1d7@group-E32B954BD76F-FollowerState] INFO  server.RaftServerConfigKeys (ConfUtils.java:logGet(44)) - raft.server.leaderelection.pre-vote = false (custom)
2022-04-26 01:53:11,175 [e687a55e-a1fa-40ca-b40d-7e860929e1d7@group-E32B954BD76F-FollowerState] INFO  impl.RoleInfo (RoleInfo.java:updateAndGet(130)) - e687a55e-a1fa-40ca-b40d-7e860929e1d7: start e687a55e-a1fa-40ca-b40d-7e860929e1d7@group-E32B954BD76F-LeaderElection29
2022-04-26 01:53:11,198 [e687a55e-a1fa-40ca-b40d-7e860929e1d7@group-E32B954BD76F-LeaderElection29] INFO  impl.LeaderElection (LeaderElection.java:askForVotes(306)) - e687a55e-a1fa-40ca-b40d-7e860929e1d7@group-E32B954BD76F-LeaderElection29 ELECTION round 0: submit vote requests at term 6 for -1: [34d2ba22-a7fd-4f79-9d8a-4dadf85377fe|rpc:10.1.0.42:38711|priority:0, e687a55e-a1fa-40ca-b40d-7e860929e1d7|rpc:10.1.0.42:39343|priority:0, aa794ff7-e78a-42e1-b114-2e34ec5a968d|rpc:10.1.0.42:38125|priority:1], old=null
2022-04-26 01:53:11,209 [e687a55e-a1fa-40ca-b40d-7e860929e1d7@group-E32B954BD76F-LeaderElection29] INFO  impl.LeaderElection (LogUtils.java:infoOrTrace(137)) - e687a55e-a1fa-40ca-b40d-7e860929e1d7@group-E32B954BD76F-LeaderElection29 got exception when requesting votes: java.util.concurrent.ExecutionException: org.apache.ratis.thirdparty.io.grpc.StatusRuntimeException: UNAVAILABLE: io exception
2022-04-26 01:53:11,209 [e687a55e-a1fa-40ca-b40d-7e860929e1d7@group-E32B954BD76F-LeaderElection29] INFO  impl.LeaderElection (LogUtils.java:infoOrTrace(137)) - e687a55e-a1fa-40ca-b40d-7e860929e1d7@group-E32B954BD76F-LeaderElection29 got exception when requesting votes: java.util.concurrent.ExecutionException: org.apache.ratis.thirdparty.io.grpc.StatusRuntimeException: UNAVAILABLE: io exception
2022-04-26 01:53:11,213 [e687a55e-a1fa-40ca-b40d-7e860929e1d7@group-E32B954BD76F-LeaderElection29] INFO  impl.LeaderElection (LeaderElection.java:logAndReturn(89)) - e687a55e-a1fa-40ca-b40d-7e860929e1d7@group-E32B954BD76F-LeaderElection29: ELECTION REJECTED received 0 response(s) and 2 exception(s):
2022-04-26 01:53:11,213 [e687a55e-a1fa-40ca-b40d-7e860929e1d7@group-E32B954BD76F-LeaderElection29] INFO  impl.LeaderElection (LogUtils.java:infoOrTrace(137)) -   Exception 0: java.util.concurrent.ExecutionException: org.apache.ratis.thirdparty.io.grpc.StatusRuntimeException: UNAVAILABLE: io exception
2022-04-26 01:53:11,213 [e687a55e-a1fa-40ca-b40d-7e860929e1d7@group-E32B954BD76F-LeaderElection29] INFO  impl.LeaderElection (LogUtils.java:infoOrTrace(137)) -   Exception 1: java.util.concurrent.ExecutionException: org.apache.ratis.thirdparty.io.grpc.StatusRuntimeException: UNAVAILABLE: io exception
2022-04-26 01:53:11,213 [e687a55e-a1fa-40ca-b40d-7e860929e1d7@group-E32B954BD76F-LeaderElection29] INFO  impl.LeaderElection (LeaderElection.java:askForVotes(308)) - e687a55e-a1fa-40ca-b40d-7e860929e1d7@group-E32B954BD76F-LeaderElection29 ELECTION round 0: result REJECTED
2022-04-26 01:53:11,213 [e687a55e-a1fa-40ca-b40d-7e860929e1d7@group-E32B954BD76F-LeaderElection29] INFO  server.RaftServer$Division (RaftServerImpl.java:setRole(290)) - e687a55e-a1fa-40ca-b40d-7e860929e1d7@group-E32B954BD76F: changes role from CANDIDATE to FOLLOWER at term 6 for REJECTED
2022-04-26 01:53:11,213 [e687a55e-a1fa-40ca-b40d-7e860929e1d7@group-E32B954BD76F-LeaderElection29] INFO  impl.RoleInfo (RoleInfo.java:shutdownLeaderElection(121)) - e687a55e-a1fa-40ca-b40d-7e860929e1d7: shutdown e687a55e-a1fa-40ca-b40d-7e860929e1d7@group-E32B954BD76F-LeaderElection29
2022-04-26 01:53:11,213 [e687a55e-a1fa-40ca-b40d-7e860929e1d7@group-E32B954BD76F-LeaderElection29] INFO  impl.RoleInfo (RoleInfo.java:updateAndGet(130)) - e687a55e-a1fa-40ca-b40d-7e860929e1d7: start e687a55e-a1fa-40ca-b40d-7e860929e1d7@group-E32B954BD76F-FollowerState
2022-04-26 01:53:11,609 [grpc-default-executor-0] WARN  server.GrpcLogAppender (LogUtils.java:warn(122)) - e687a55e-a1fa-40ca-b40d-7e860929e1d7@group-F2E40A8B7CD1->34d2ba22-a7fd-4f79-9d8a-4dadf85377fe-AppendLogResponseHandler: Failed appendEntries: org.apache.ratis.thirdparty.io.grpc.StatusRuntimeException: UNAVAILABLE: io exception
2022-04-26 01:53:11,610 [grpc-default-executor-0] INFO  leader.FollowerInfo (FollowerInfoImpl.java:lambda$new$0(47)) - e687a55e-a1fa-40ca-b40d-7e860929e1d7@group-F2E40A8B7CD1->34d2ba22-a7fd-4f79-9d8a-4dadf85377fe: nextIndex: updateUnconditionally 30 -> 29
2022-04-26 01:53:11,611 [grpc-default-executor-0] WARN  server.GrpcLogAppender (LogUtils.java:warn(122)) - e687a55e-a1fa-40ca-b40d-7e860929e1d7@group-F2E40A8B7CD1->aa794ff7-e78a-42e1-b114-2e34ec5a968d-AppendLogResponseHandler: Failed appendEntries: org.apache.ratis.thirdparty.io.grpc.StatusRuntimeException: UNAVAILABLE: io exception
2022-04-26 01:53:11,611 [grpc-default-executor-0] INFO  leader.FollowerInfo (FollowerInfoImpl.java:lambda$new$0(47)) - e687a55e-a1fa-40ca-b40d-7e860929e1d7@group-F2E40A8B7CD1->aa794ff7-e78a-42e1-b114-2e34ec5a968d: nextIndex: updateUnconditionally 30 -> 29
2022-04-26 01:53:14,108 [grpc-default-executor-0] WARN  server.GrpcLogAppender (LogUtils.java:warn(122)) - e687a55e-a1fa-40ca-b40d-7e860929e1d7@group-F2E40A8B7CD1->34d2ba22-a7fd-4f79-9d8a-4dadf85377fe-AppendLogResponseHandler: Failed appendEntries: org.apache.ratis.thirdparty.io.grpc.StatusRuntimeException: UNAVAILABLE: io exception
2022-04-26 01:53:14,109 [grpc-default-executor-0] INFO  leader.FollowerInfo (FollowerInfoImpl.java:lambda$new$0(47)) - e687a55e-a1fa-40ca-b40d-7e860929e1d7@group-F2E40A8B7CD1->34d2ba22-a7fd-4f79-9d8a-4dadf85377fe: nextIndex: updateUnconditionally 30 -> 29
2022-04-26 01:53:14,112 [grpc-default-executor-0] WARN  server.GrpcLogAppender (LogUtils.java:warn(122)) - e687a55e-a1fa-40ca-b40d-7e860929e1d7@group-F2E40A8B7CD1->aa794ff7-e78a-42e1-b114-2e34ec5a968d-AppendLogResponseHandler: Failed appendEntries: org.apache.ratis.thirdparty.io.grpc.StatusRuntimeException: UNAVAILABLE: io exception
2022-04-26 01:53:14,112 [grpc-default-executor-0] INFO  leader.FollowerInfo (FollowerInfoImpl.java:lambda$new$0(47)) - e687a55e-a1fa-40ca-b40d-7e860929e1d7@group-F2E40A8B7CD1->aa794ff7-e78a-42e1-b114-2e34ec5a968d: nextIndex: updateUnconditionally 30 -> 29
2022-04-26 01:53:14,128 [Listener at 127.0.0.1/46323] INFO  statemachine.DatanodeStateMachine (DatanodeStateMachine.java:stopDaemon(560)) - Ozone container server stopped.
2022-04-26 01:53:14,129 [Listener at 127.0.0.1/46323] INFO  handler.ContextHandler (ContextHandler.java:doStop(1153)) - Stopped o.e.j.w.WebAppContext@64e4e885{hddsDatanode,/,null,STOPPED}{jar:file:/home/runner/.m2/repository/org/apache/ozone/hdds-container-service/1.3.0-SNAPSHOT/hdds-container-service-1.3.0-SNAPSHOT.jar!/webapps/hddsDatanode}
2022-04-26 01:53:14,130 [Listener at 127.0.0.1/46323] INFO  server.AbstractConnector (AbstractConnector.java:doStop(381)) - Stopped ServerConnector@237bf540{HTTP/1.1, (http/1.1)}{0.0.0.0:0}
2022-04-26 01:53:14,130 [Listener at 127.0.0.1/46323] INFO  server.session (HouseKeeper.java:stopScavenging(149)) - node0 Stopped scavenging
2022-04-26 01:53:14,130 [Listener at 127.0.0.1/46323] INFO  handler.ContextHandler (ContextHandler.java:doStop(1153)) - Stopped o.e.j.s.ServletContextHandler@45c21bc8{static,/static,jar:file:/home/runner/.m2/repository/org/apache/ozone/hdds-container-service/1.3.0-SNAPSHOT/hdds-container-service-1.3.0-SNAPSHOT.jar!/webapps/static,STOPPED}
2022-04-26 01:53:14,130 [Listener at 127.0.0.1/46323] INFO  handler.ContextHandler (ContextHandler.java:doStop(1153)) - Stopped o.e.j.s.ServletContextHandler@195e4c8e{logs,/logs,file:///home/runner/work/ozone/ozone/hadoop-ozone/integration-test/target/log,STOPPED}
2022-04-26 01:53:14,145 [ForkJoinPool.commonPool-worker-1] INFO  statemachine.DatanodeStateMachine (DatanodeStateMachine.java:stopDaemon(560)) - Ozone container server stopped.
2022-04-26 01:53:14,148 [ForkJoinPool.commonPool-worker-1] INFO  handler.ContextHandler (ContextHandler.java:doStop(1153)) - Stopped o.e.j.w.WebAppContext@39743121{hddsDatanode,/,null,STOPPED}{jar:file:/home/runner/.m2/repository/org/apache/ozone/hdds-container-service/1.3.0-SNAPSHOT/hdds-container-service-1.3.0-SNAPSHOT.jar!/webapps/hddsDatanode}
2022-04-26 01:53:14,154 [ForkJoinPool.commonPool-worker-1] INFO  server.AbstractConnector (AbstractConnector.java:doStop(381)) - Stopped ServerConnector@684682e4{HTTP/1.1, (http/1.1)}{0.0.0.0:0}
2022-04-26 01:53:14,154 [ForkJoinPool.commonPool-worker-1] INFO  server.session (HouseKeeper.java:stopScavenging(149)) - node0 Stopped scavenging
2022-04-26 01:53:14,155 [ForkJoinPool.commonPool-worker-1] INFO  handler.ContextHandler (ContextHandler.java:doStop(1153)) - Stopped o.e.j.s.ServletContextHandler@27bb53a1{static,/static,jar:file:/home/runner/.m2/repository/org/apache/ozone/hdds-container-service/1.3.0-SNAPSHOT/hdds-container-service-1.3.0-SNAPSHOT.jar!/webapps/static,STOPPED}
2022-04-26 01:53:14,156 [ForkJoinPool.commonPool-worker-1] INFO  handler.ContextHandler (ContextHandler.java:doStop(1153)) - Stopped o.e.j.s.ServletContextHandler@4d142140{logs,/logs,file:///home/runner/work/ozone/ozone/hadoop-ozone/integration-test/target/log,STOPPED}
2022-04-26 01:53:15,290 [e687a55e-a1fa-40ca-b40d-7e860929e1d7@group-F2E40A8B7CD1-LeaderStateImpl] WARN  server.RaftServer$Division (LeaderStateImpl.java:checkLeadership(974)) - e687a55e-a1fa-40ca-b40d-7e860929e1d7@group-F2E40A8B7CD1-LeaderStateImpl: Lost leadership on term: 1. Election timeout: 5200ms. In charge for: 29518ms. Conf: 0: [34d2ba22-a7fd-4f79-9d8a-4dadf85377fe|rpc:10.1.0.42:38711|dataStream:|priority:0, e687a55e-a1fa-40ca-b40d-7e860929e1d7|rpc:10.1.0.42:39343|dataStream:|priority:1, aa794ff7-e78a-42e1-b114-2e34ec5a968d|rpc:10.1.0.42:38125|dataStream:|priority:0], old=null
2022-04-26 01:53:15,290 [e687a55e-a1fa-40ca-b40d-7e860929e1d7@group-F2E40A8B7CD1-LeaderStateImpl] WARN  server.RaftServer$Division (LeaderStateImpl.java:lambda$checkLeadership$15(978)) - Follower e687a55e-a1fa-40ca-b40d-7e860929e1d7@group-F2E40A8B7CD1->34d2ba22-a7fd-4f79-9d8a-4dadf85377fe(c29,m29,n29, attendVote=true, lastRpcSendTime=1183, lastRpcResponseTime=8219)
2022-04-26 01:53:15,291 [e687a55e-a1fa-40ca-b40d-7e860929e1d7@group-F2E40A8B7CD1-LeaderStateImpl] WARN  server.RaftServer$Division (LeaderStateImpl.java:lambda$checkLeadership$15(978)) - Follower e687a55e-a1fa-40ca-b40d-7e860929e1d7@group-F2E40A8B7CD1->aa794ff7-e78a-42e1-b114-2e34ec5a968d(c29,m29,n29, attendVote=true, lastRpcSendTime=1178, lastRpcResponseTime=8260)
2022-04-26 01:53:15,291 [e687a55e-a1fa-40ca-b40d-7e860929e1d7@group-F2E40A8B7CD1-LeaderStateImpl] INFO  server.RaftServer$Division (RaftServerImpl.java:setRole(290)) - e687a55e-a1fa-40ca-b40d-7e860929e1d7@group-F2E40A8B7CD1: changes role from    LEADER to FOLLOWER at term 1 for StepDownReason:LOST_MAJORITY_HEARTBEATS
2022-04-26 01:53:15,291 [e687a55e-a1fa-40ca-b40d-7e860929e1d7@group-F2E40A8B7CD1-LeaderStateImpl] INFO  impl.RoleInfo (RoleInfo.java:shutdownLeaderState(91)) - e687a55e-a1fa-40ca-b40d-7e860929e1d7: shutdown e687a55e-a1fa-40ca-b40d-7e860929e1d7@group-F2E40A8B7CD1-LeaderStateImpl
2022-04-26 01:53:15,291 [e687a55e-a1fa-40ca-b40d-7e860929e1d7@group-F2E40A8B7CD1-LeaderStateImpl] INFO  impl.PendingRequests (PendingRequests.java:sendNotLeaderResponses(282)) - e687a55e-a1fa-40ca-b40d-7e860929e1d7@group-F2E40A8B7CD1-PendingRequests: sendNotLeaderResponses
2022-04-26 01:53:15,291 [e687a55e-a1fa-40ca-b40d-7e860929e1d7@group-F2E40A8B7CD1->34d2ba22-a7fd-4f79-9d8a-4dadf85377fe-GrpcLogAppender-LogAppenderDaemon] WARN  server.GrpcLogAppender (GrpcLogAppender.java:mayWait(177)) - e687a55e-a1fa-40ca-b40d-7e860929e1d7@group-F2E40A8B7CD1->34d2ba22-a7fd-4f79-9d8a-4dadf85377fe-GrpcLogAppender: Wait interrupted by java.lang.InterruptedException
2022-04-26 01:53:15,291 [e687a55e-a1fa-40ca-b40d-7e860929e1d7@group-F2E40A8B7CD1->aa794ff7-e78a-42e1-b114-2e34ec5a968d-GrpcLogAppender-LogAppenderDaemon] WARN  server.GrpcLogAppender (GrpcLogAppender.java:mayWait(177)) - e687a55e-a1fa-40ca-b40d-7e860929e1d7@group-F2E40A8B7CD1->aa794ff7-e78a-42e1-b114-2e34ec5a968d-GrpcLogAppender: Wait interrupted by java.lang.InterruptedException
2022-04-26 01:53:15,294 [e687a55e-a1fa-40ca-b40d-7e860929e1d7@group-F2E40A8B7CD1-LeaderStateImpl] INFO  impl.RoleInfo (RoleInfo.java:updateAndGet(130)) - e687a55e-a1fa-40ca-b40d-7e860929e1d7: start e687a55e-a1fa-40ca-b40d-7e860929e1d7@group-F2E40A8B7CD1-FollowerState
2022-04-26 01:53:16,383 [e687a55e-a1fa-40ca-b40d-7e860929e1d7@group-E32B954BD76F-FollowerState] INFO  impl.FollowerState (FollowerState.java:run(134)) - e687a55e-a1fa-40ca-b40d-7e860929e1d7@group-E32B954BD76F-FollowerState: change to CANDIDATE, lastRpcElapsedTime:5170167299ns, electionTimeout:5134ms
2022-04-26 01:53:16,383 [e687a55e-a1fa-40ca-b40d-7e860929e1d7@group-E32B954BD76F-FollowerState] INFO  impl.RoleInfo (RoleInfo.java:shutdownFollowerState(108)) - e687a55e-a1fa-40ca-b40d-7e860929e1d7: shutdown e687a55e-a1fa-40ca-b40d-7e860929e1d7@group-E32B954BD76F-FollowerState
2022-04-26 01:53:16,383 [e687a55e-a1fa-40ca-b40d-7e860929e1d7@group-E32B954BD76F-FollowerState] INFO  server.RaftServer$Division (RaftServerImpl.java:setRole(290)) - e687a55e-a1fa-40ca-b40d-7e860929e1d7@group-E32B954BD76F: changes role from  FOLLOWER to CANDIDATE at term 6 for changeToCandidate
2022-04-26 01:53:16,383 [e687a55e-a1fa-40ca-b40d-7e860929e1d7@group-E32B954BD76F-FollowerState] INFO  server.RaftServerConfigKeys (ConfUtils.java:logGet(44)) - raft.server.leaderelection.pre-vote = false (custom)
2022-04-26 01:53:16,384 [e687a55e-a1fa-40ca-b40d-7e860929e1d7@group-E32B954BD76F-FollowerState] INFO  impl.RoleInfo (RoleInfo.java:updateAndGet(130)) - e687a55e-a1fa-40ca-b40d-7e860929e1d7: start e687a55e-a1fa-40ca-b40d-7e860929e1d7@group-E32B954BD76F-LeaderElection30
2022-04-26 01:53:16,404 [e687a55e-a1fa-40ca-b40d-7e860929e1d7@group-E32B954BD76F-LeaderElection30] INFO  impl.LeaderElection (LeaderElection.java:askForVotes(306)) - e687a55e-a1fa-40ca-b40d-7e860929e1d7@group-E32B954BD76F-LeaderElection30 ELECTION round 0: submit vote requests at term 7 for -1: [34d2ba22-a7fd-4f79-9d8a-4dadf85377fe|rpc:10.1.0.42:38711|priority:0, e687a55e-a1fa-40ca-b40d-7e860929e1d7|rpc:10.1.0.42:39343|priority:0, aa794ff7-e78a-42e1-b114-2e34ec5a968d|rpc:10.1.0.42:38125|priority:1], old=null
2022-04-26 01:53:16,408 [e687a55e-a1fa-40ca-b40d-7e860929e1d7@group-E32B954BD76F-LeaderElection30] INFO  impl.LeaderElection (LogUtils.java:infoOrTrace(137)) - e687a55e-a1fa-40ca-b40d-7e860929e1d7@group-E32B954BD76F-LeaderElection30 got exception when requesting votes: java.util.concurrent.ExecutionException: org.apache.ratis.thirdparty.io.grpc.StatusRuntimeException: UNAVAILABLE: io exception
2022-04-26 01:53:16,408 [e687a55e-a1fa-40ca-b40d-7e860929e1d7@group-E32B954BD76F-LeaderElection30] INFO  impl.LeaderElection (LogUtils.java:infoOrTrace(137)) - e687a55e-a1fa-40ca-b40d-7e860929e1d7@group-E32B954BD76F-LeaderElection30 got exception when requesting votes: java.util.concurrent.ExecutionException: org.apache.ratis.thirdparty.io.grpc.StatusRuntimeException: UNAVAILABLE: io exception
2022-04-26 01:53:16,408 [e687a55e-a1fa-40ca-b40d-7e860929e1d7@group-E32B954BD76F-LeaderElection30] INFO  impl.LeaderElection (LeaderElection.java:logAndReturn(89)) - e687a55e-a1fa-40ca-b40d-7e860929e1d7@group-E32B954BD76F-LeaderElection30: ELECTION REJECTED received 0 response(s) and 2 exception(s):
2022-04-26 01:53:16,408 [e687a55e-a1fa-40ca-b40d-7e860929e1d7@group-E32B954BD76F-LeaderElection30] INFO  impl.LeaderElection (LogUtils.java:infoOrTrace(137)) -   Exception 0: java.util.concurrent.ExecutionException: org.apache.ratis.thirdparty.io.grpc.StatusRuntimeException: UNAVAILABLE: io exception
2022-04-26 01:53:16,408 [e687a55e-a1fa-40ca-b40d-7e860929e1d7@group-E32B954BD76F-LeaderElection30] INFO  impl.LeaderElection (LogUtils.java:infoOrTrace(137)) -   Exception 1: java.util.concurrent.ExecutionException: org.apache.ratis.thirdparty.io.grpc.StatusRuntimeException: UNAVAILABLE: io exception
2022-04-26 01:53:16,408 [e687a55e-a1fa-40ca-b40d-7e860929e1d7@group-E32B954BD76F-LeaderElection30] INFO  impl.LeaderElection (LeaderElection.java:askForVotes(308)) - e687a55e-a1fa-40ca-b40d-7e860929e1d7@group-E32B954BD76F-LeaderElection30 ELECTION round 0: result REJECTED
2022-04-26 01:53:16,408 [e687a55e-a1fa-40ca-b40d-7e860929e1d7@group-E32B954BD76F-LeaderElection30] INFO  server.RaftServer$Division (RaftServerImpl.java:setRole(290)) - e687a55e-a1fa-40ca-b40d-7e860929e1d7@group-E32B954BD76F: changes role from CANDIDATE to FOLLOWER at term 7 for REJECTED
2022-04-26 01:53:16,408 [e687a55e-a1fa-40ca-b40d-7e860929e1d7@group-E32B954BD76F-LeaderElection30] INFO  impl.RoleInfo (RoleInfo.java:shutdownLeaderElection(121)) - e687a55e-a1fa-40ca-b40d-7e860929e1d7: shutdown e687a55e-a1fa-40ca-b40d-7e860929e1d7@group-E32B954BD76F-LeaderElection30
2022-04-26 01:53:16,408 [e687a55e-a1fa-40ca-b40d-7e860929e1d7@group-E32B954BD76F-LeaderElection30] INFO  impl.RoleInfo (RoleInfo.java:updateAndGet(130)) - e687a55e-a1fa-40ca-b40d-7e860929e1d7: start e687a55e-a1fa-40ca-b40d-7e860929e1d7@group-E32B954BD76F-FollowerState
2022-04-26 01:53:19,134 [Listener at 127.0.0.1/46323] INFO  ozoneimpl.OzoneContainer (OzoneContainer.java:stop(356)) - Attempting to stop container services.
2022-04-26 01:53:19,135 [Listener at 127.0.0.1/46323] INFO  server.RaftServer (RaftServerProxy.java:lambda$close$6(391)) - bb1850ef-697f-4d85-a277-10b40770eb06: close
2022-04-26 01:53:19,135 [Listener at 127.0.0.1/46323] INFO  server.RaftServer$Division (RaftServerImpl.java:lambda$close$4(412)) - bb1850ef-697f-4d85-a277-10b40770eb06@group-0BB2447B8345: shutdown
2022-04-26 01:53:19,135 [Listener at 127.0.0.1/46323] INFO  util.JmxRegister (JmxRegister.java:unregister(73)) - Successfully un-registered JMX Bean with object name Ratis:service=RaftServer,group=group-0BB2447B8345,id=bb1850ef-697f-4d85-a277-10b40770eb06
2022-04-26 01:53:19,135 [Listener at 127.0.0.1/46323] INFO  impl.RoleInfo (RoleInfo.java:shutdownLeaderState(91)) - bb1850ef-697f-4d85-a277-10b40770eb06: shutdown bb1850ef-697f-4d85-a277-10b40770eb06@group-0BB2447B8345-LeaderStateImpl
2022-04-26 01:53:19,135 [Listener at 127.0.0.1/46323] INFO  impl.PendingRequests (PendingRequests.java:sendNotLeaderResponses(282)) - bb1850ef-697f-4d85-a277-10b40770eb06@group-0BB2447B8345-PendingRequests: sendNotLeaderResponses
2022-04-26 01:53:19,136 [Listener at 127.0.0.1/46323] INFO  impl.StateMachineUpdater (StateMachineUpdater.java:stopAndJoin(149)) - bb1850ef-697f-4d85-a277-10b40770eb06@group-0BB2447B8345-StateMachineUpdater: set stopIndex = 0
2022-04-26 01:53:19,136 [bb1850ef-697f-4d85-a277-10b40770eb06@group-0BB2447B8345-StateMachineUpdater] INFO  ratis.ContainerStateMachine (ContainerStateMachine.java:takeSnapshot(304)) - group-0BB2447B8345: Taking a snapshot at:(t:1, i:0) file /home/runner/work/ozone/ozone/hadoop-ozone/integration-test/target/test-dir/MiniOzoneClusterImpl-1f178f74-bffb-4b20-8a8e-7aaf5f3ffa17/datanode-4/data/ratis/710ddc24-5873-4ec3-bcb1-0bb2447b8345/sm/snapshot.1_0
2022-04-26 01:53:19,137 [bb1850ef-697f-4d85-a277-10b40770eb06@group-0BB2447B8345-StateMachineUpdater] INFO  ratis.ContainerStateMachine (ContainerStateMachine.java:takeSnapshot(315)) - group-0BB2447B8345: Finished taking a snapshot at:(t:1, i:0) file:/home/runner/work/ozone/ozone/hadoop-ozone/integration-test/target/test-dir/MiniOzoneClusterImpl-1f178f74-bffb-4b20-8a8e-7aaf5f3ffa17/datanode-4/data/ratis/710ddc24-5873-4ec3-bcb1-0bb2447b8345/sm/snapshot.1_0 took: 1 ms
2022-04-26 01:53:19,137 [bb1850ef-697f-4d85-a277-10b40770eb06@group-0BB2447B8345-StateMachineUpdater] INFO  impl.StateMachineUpdater (StateMachineUpdater.java:takeSnapshot(281)) - bb1850ef-697f-4d85-a277-10b40770eb06@group-0BB2447B8345-StateMachineUpdater: Took a snapshot at index 0
2022-04-26 01:53:19,137 [bb1850ef-697f-4d85-a277-10b40770eb06@group-0BB2447B8345-StateMachineUpdater] INFO  impl.StateMachineUpdater (StateMachineUpdater.java:lambda$new$0(89)) - bb1850ef-697f-4d85-a277-10b40770eb06@group-0BB2447B8345-StateMachineUpdater: snapshotIndex: updateIncreasingly -1 -> 0
2022-04-26 01:53:19,138 [Listener at 127.0.0.1/46323] INFO  server.RaftServer$Division (ServerState.java:close(419)) - bb1850ef-697f-4d85-a277-10b40770eb06@group-0BB2447B8345: closes. applyIndex: 0
2022-04-26 01:53:19,138 [bb1850ef-697f-4d85-a277-10b40770eb06@group-0BB2447B8345-SegmentedRaftLogWorker] INFO  segmented.SegmentedRaftLogWorker (SegmentedRaftLogWorker.java:run(327)) - bb1850ef-697f-4d85-a277-10b40770eb06@group-0BB2447B8345-SegmentedRaftLogWorker was interrupted, exiting. There are 0 tasks remaining in the queue.
2022-04-26 01:53:19,139 [Listener at 127.0.0.1/46323] INFO  segmented.SegmentedRaftLogWorker (SegmentedRaftLogWorker.java:close(237)) - bb1850ef-697f-4d85-a277-10b40770eb06@group-0BB2447B8345-SegmentedRaftLogWorker close()
2022-04-26 01:53:19,140 [Listener at 127.0.0.1/46323] INFO  server.GrpcService (GrpcService.java:closeImpl(262)) - bb1850ef-697f-4d85-a277-10b40770eb06: shutdown server with port 42845 now
2022-04-26 01:53:19,141 [Listener at 127.0.0.1/46323] INFO  server.GrpcService (GrpcService.java:closeImpl(271)) - bb1850ef-697f-4d85-a277-10b40770eb06: shutdown server with port 42845 successfully
2022-04-26 01:53:19,145 [org.apache.ratis.util.JvmPauseMonitor$$Lambda$580/456889832@1c18cf6c] INFO  util.JvmPauseMonitor (JvmPauseMonitor.java:run(109)) - JvmPauseMonitor-bb1850ef-697f-4d85-a277-10b40770eb06: Stopped
2022-04-26 01:53:19,161 [ForkJoinPool.commonPool-worker-1] INFO  ozoneimpl.OzoneContainer (OzoneContainer.java:stop(356)) - Attempting to stop container services.
2022-04-26 01:53:19,162 [ForkJoinPool.commonPool-worker-1] INFO  server.RaftServer (RaftServerProxy.java:lambda$close$6(391)) - e687a55e-a1fa-40ca-b40d-7e860929e1d7: close
2022-04-26 01:53:19,162 [ForkJoinPool.commonPool-worker-1] INFO  server.RaftServer$Division (RaftServerImpl.java:lambda$close$4(412)) - e687a55e-a1fa-40ca-b40d-7e860929e1d7@group-F2E40A8B7CD1: shutdown
2022-04-26 01:53:19,162 [ForkJoinPool.commonPool-worker-1] INFO  util.JmxRegister (JmxRegister.java:unregister(73)) - Successfully un-registered JMX Bean with object name Ratis:service=RaftServer,group=group-F2E40A8B7CD1,id=e687a55e-a1fa-40ca-b40d-7e860929e1d7
2022-04-26 01:53:19,162 [ForkJoinPool.commonPool-worker-1] INFO  impl.RoleInfo (RoleInfo.java:shutdownFollowerState(108)) - e687a55e-a1fa-40ca-b40d-7e860929e1d7: shutdown e687a55e-a1fa-40ca-b40d-7e860929e1d7@group-F2E40A8B7CD1-FollowerState
2022-04-26 01:53:19,162 [ForkJoinPool.commonPool-worker-1] INFO  impl.StateMachineUpdater (StateMachineUpdater.java:stopAndJoin(149)) - e687a55e-a1fa-40ca-b40d-7e860929e1d7@group-F2E40A8B7CD1-StateMachineUpdater: set stopIndex = 29
2022-04-26 01:53:19,162 [e687a55e-a1fa-40ca-b40d-7e860929e1d7@group-F2E40A8B7CD1-FollowerState] INFO  impl.FollowerState (FollowerState.java:run(143)) - e687a55e-a1fa-40ca-b40d-7e860929e1d7@group-F2E40A8B7CD1-FollowerState was interrupted: {}
java.lang.InterruptedException: sleep interrupted
	at java.lang.Thread.sleep(Native Method)
	at java.lang.Thread.sleep(Thread.java:342)
	at java.util.concurrent.TimeUnit.sleep(TimeUnit.java:386)
	at org.apache.ratis.util.TimeDuration.sleep(TimeDuration.java:324)
	at org.apache.ratis.util.TimeDuration.sleep(TimeDuration.java:309)
	at org.apache.ratis.server.impl.FollowerState.run(FollowerState.java:118)
2022-04-26 01:53:19,162 [e687a55e-a1fa-40ca-b40d-7e860929e1d7@group-F2E40A8B7CD1-StateMachineUpdater] INFO  ratis.ContainerStateMachine (ContainerStateMachine.java:takeSnapshot(304)) - group-F2E40A8B7CD1: Taking a snapshot at:(t:1, i:29) file /home/runner/work/ozone/ozone/hadoop-ozone/integration-test/target/test-dir/MiniOzoneClusterImpl-1f178f74-bffb-4b20-8a8e-7aaf5f3ffa17/datanode-0/data/ratis/23c02323-6405-4129-9c16-f2e40a8b7cd1/sm/snapshot.1_29
2022-04-26 01:53:19,163 [e687a55e-a1fa-40ca-b40d-7e860929e1d7@group-F2E40A8B7CD1-StateMachineUpdater] INFO  ratis.ContainerStateMachine (ContainerStateMachine.java:takeSnapshot(315)) - group-F2E40A8B7CD1: Finished taking a snapshot at:(t:1, i:29) file:/home/runner/work/ozone/ozone/hadoop-ozone/integration-test/target/test-dir/MiniOzoneClusterImpl-1f178f74-bffb-4b20-8a8e-7aaf5f3ffa17/datanode-0/data/ratis/23c02323-6405-4129-9c16-f2e40a8b7cd1/sm/snapshot.1_29 took: 2 ms
2022-04-26 01:53:19,164 [e687a55e-a1fa-40ca-b40d-7e860929e1d7@group-F2E40A8B7CD1-StateMachineUpdater] INFO  impl.StateMachineUpdater (StateMachineUpdater.java:takeSnapshot(281)) - e687a55e-a1fa-40ca-b40d-7e860929e1d7@group-F2E40A8B7CD1-StateMachineUpdater: Took a snapshot at index 29
2022-04-26 01:53:19,164 [e687a55e-a1fa-40ca-b40d-7e860929e1d7@group-F2E40A8B7CD1-StateMachineUpdater] INFO  impl.StateMachineUpdater (StateMachineUpdater.java:lambda$new$0(89)) - e687a55e-a1fa-40ca-b40d-7e860929e1d7@group-F2E40A8B7CD1-StateMachineUpdater: snapshotIndex: updateIncreasingly -1 -> 29
2022-04-26 01:53:19,164 [ForkJoinPool.commonPool-worker-1] INFO  server.RaftServer$Division (ServerState.java:close(419)) - e687a55e-a1fa-40ca-b40d-7e860929e1d7@group-F2E40A8B7CD1: closes. applyIndex: 29
2022-04-26 01:53:19,165 [e687a55e-a1fa-40ca-b40d-7e860929e1d7@group-F2E40A8B7CD1-SegmentedRaftLogWorker] INFO  segmented.SegmentedRaftLogWorker (SegmentedRaftLogWorker.java:run(327)) - e687a55e-a1fa-40ca-b40d-7e860929e1d7@group-F2E40A8B7CD1-SegmentedRaftLogWorker was interrupted, exiting. There are 0 tasks remaining in the queue.
2022-04-26 01:53:19,165 [ForkJoinPool.commonPool-worker-1] INFO  segmented.SegmentedRaftLogWorker (SegmentedRaftLogWorker.java:close(237)) - e687a55e-a1fa-40ca-b40d-7e860929e1d7@group-F2E40A8B7CD1-SegmentedRaftLogWorker close()
2022-04-26 01:53:19,166 [ForkJoinPool.commonPool-worker-1] INFO  server.RaftServer$Division (RaftServerImpl.java:lambda$close$4(412)) - e687a55e-a1fa-40ca-b40d-7e860929e1d7@group-0856FE1275A2: shutdown
2022-04-26 01:53:19,167 [ForkJoinPool.commonPool-worker-1] INFO  util.JmxRegister (JmxRegister.java:unregister(73)) - Successfully un-registered JMX Bean with object name Ratis:service=RaftServer,group=group-0856FE1275A2,id=e687a55e-a1fa-40ca-b40d-7e860929e1d7
2022-04-26 01:53:19,167 [ForkJoinPool.commonPool-worker-1] INFO  impl.RoleInfo (RoleInfo.java:shutdownLeaderState(91)) - e687a55e-a1fa-40ca-b40d-7e860929e1d7: shutdown e687a55e-a1fa-40ca-b40d-7e860929e1d7@group-0856FE1275A2-LeaderStateImpl
2022-04-26 01:53:19,167 [ForkJoinPool.commonPool-worker-1] INFO  impl.PendingRequests (PendingRequests.java:sendNotLeaderResponses(282)) - e687a55e-a1fa-40ca-b40d-7e860929e1d7@group-0856FE1275A2-PendingRequests: sendNotLeaderResponses
2022-04-26 01:53:19,167 [ForkJoinPool.commonPool-worker-1] INFO  impl.StateMachineUpdater (StateMachineUpdater.java:stopAndJoin(149)) - e687a55e-a1fa-40ca-b40d-7e860929e1d7@group-0856FE1275A2-StateMachineUpdater: set stopIndex = 0
2022-04-26 01:53:19,167 [e687a55e-a1fa-40ca-b40d-7e860929e1d7@group-0856FE1275A2-StateMachineUpdater] INFO  ratis.ContainerStateMachine (ContainerStateMachine.java:takeSnapshot(304)) - group-0856FE1275A2: Taking a snapshot at:(t:1, i:0) file /home/runner/work/ozone/ozone/hadoop-ozone/integration-test/target/test-dir/MiniOzoneClusterImpl-1f178f74-bffb-4b20-8a8e-7aaf5f3ffa17/datanode-0/data/ratis/068de98f-94df-4c2c-bfbf-0856fe1275a2/sm/snapshot.1_0
2022-04-26 01:53:19,168 [e687a55e-a1fa-40ca-b40d-7e860929e1d7@group-0856FE1275A2-StateMachineUpdater] INFO  ratis.ContainerStateMachine (ContainerStateMachine.java:takeSnapshot(315)) - group-0856FE1275A2: Finished taking a snapshot at:(t:1, i:0) file:/home/runner/work/ozone/ozone/hadoop-ozone/integration-test/target/test-dir/MiniOzoneClusterImpl-1f178f74-bffb-4b20-8a8e-7aaf5f3ffa17/datanode-0/data/ratis/068de98f-94df-4c2c-bfbf-0856fe1275a2/sm/snapshot.1_0 took: 1 ms
2022-04-26 01:53:19,168 [e687a55e-a1fa-40ca-b40d-7e860929e1d7@group-0856FE1275A2-StateMachineUpdater] INFO  impl.StateMachineUpdater (StateMachineUpdater.java:takeSnapshot(281)) - e687a55e-a1fa-40ca-b40d-7e860929e1d7@group-0856FE1275A2-StateMachineUpdater: Took a snapshot at index 0
2022-04-26 01:53:19,168 [e687a55e-a1fa-40ca-b40d-7e860929e1d7@group-0856FE1275A2-StateMachineUpdater] INFO  impl.StateMachineUpdater (StateMachineUpdater.java:lambda$new$0(89)) - e687a55e-a1fa-40ca-b40d-7e860929e1d7@group-0856FE1275A2-StateMachineUpdater: snapshotIndex: updateIncreasingly -1 -> 0
2022-04-26 01:53:19,169 [ForkJoinPool.commonPool-worker-1] INFO  server.RaftServer$Division (ServerState.java:close(419)) - e687a55e-a1fa-40ca-b40d-7e860929e1d7@group-0856FE1275A2: closes. applyIndex: 0
2022-04-26 01:53:19,169 [e687a55e-a1fa-40ca-b40d-7e860929e1d7@group-0856FE1275A2-SegmentedRaftLogWorker] INFO  segmented.SegmentedRaftLogWorker (SegmentedRaftLogWorker.java:run(327)) - e687a55e-a1fa-40ca-b40d-7e860929e1d7@group-0856FE1275A2-SegmentedRaftLogWorker was interrupted, exiting. There are 0 tasks remaining in the queue.
2022-04-26 01:53:19,169 [ForkJoinPool.commonPool-worker-1] INFO  segmented.SegmentedRaftLogWorker (SegmentedRaftLogWorker.java:close(237)) - e687a55e-a1fa-40ca-b40d-7e860929e1d7@group-0856FE1275A2-SegmentedRaftLogWorker close()
2022-04-26 01:53:19,169 [ForkJoinPool.commonPool-worker-1] INFO  server.RaftServer$Division (RaftServerImpl.java:lambda$close$4(412)) - e687a55e-a1fa-40ca-b40d-7e860929e1d7@group-E32B954BD76F: shutdown
2022-04-26 01:53:19,169 [ForkJoinPool.commonPool-worker-1] INFO  util.JmxRegister (JmxRegister.java:unregister(73)) - Successfully un-registered JMX Bean with object name Ratis:service=RaftServer,group=group-E32B954BD76F,id=e687a55e-a1fa-40ca-b40d-7e860929e1d7
2022-04-26 01:53:19,169 [ForkJoinPool.commonPool-worker-1] INFO  impl.RoleInfo (RoleInfo.java:shutdownFollowerState(108)) - e687a55e-a1fa-40ca-b40d-7e860929e1d7: shutdown e687a55e-a1fa-40ca-b40d-7e860929e1d7@group-E32B954BD76F-FollowerState
2022-04-26 01:53:19,170 [ForkJoinPool.commonPool-worker-1] INFO  impl.StateMachineUpdater (StateMachineUpdater.java:stopAndJoin(149)) - e687a55e-a1fa-40ca-b40d-7e860929e1d7@group-E32B954BD76F-StateMachineUpdater: set stopIndex = -1
2022-04-26 01:53:19,170 [ForkJoinPool.commonPool-worker-1] INFO  server.RaftServer$Division (ServerState.java:close(419)) - e687a55e-a1fa-40ca-b40d-7e860929e1d7@group-E32B954BD76F: closes. applyIndex: -1
2022-04-26 01:53:19,170 [e687a55e-a1fa-40ca-b40d-7e860929e1d7@group-E32B954BD76F-SegmentedRaftLogWorker] INFO  segmented.SegmentedRaftLogWorker (SegmentedRaftLogWorker.java:run(327)) - e687a55e-a1fa-40ca-b40d-7e860929e1d7@group-E32B954BD76F-SegmentedRaftLogWorker was interrupted, exiting. There are 0 tasks remaining in the queue.
2022-04-26 01:53:19,170 [ForkJoinPool.commonPool-worker-1] INFO  segmented.SegmentedRaftLogWorker (SegmentedRaftLogWorker.java:close(237)) - e687a55e-a1fa-40ca-b40d-7e860929e1d7@group-E32B954BD76F-SegmentedRaftLogWorker close()
2022-04-26 01:53:19,171 [ForkJoinPool.commonPool-worker-1] INFO  server.GrpcService (GrpcService.java:closeImpl(262)) - e687a55e-a1fa-40ca-b40d-7e860929e1d7: shutdown server with port 39343 now
2022-04-26 01:53:19,185 [e687a55e-a1fa-40ca-b40d-7e860929e1d7@group-E32B954BD76F-FollowerState] INFO  impl.FollowerState (FollowerState.java:run(143)) - e687a55e-a1fa-40ca-b40d-7e860929e1d7@group-E32B954BD76F-FollowerState was interrupted: {}
java.lang.InterruptedException: sleep interrupted
	at java.lang.Thread.sleep(Native Method)
	at java.lang.Thread.sleep(Thread.java:342)
	at java.util.concurrent.TimeUnit.sleep(TimeUnit.java:386)
	at org.apache.ratis.util.TimeDuration.sleep(TimeDuration.java:324)
	at org.apache.ratis.util.TimeDuration.sleep(TimeDuration.java:309)
	at org.apache.ratis.server.impl.FollowerState.run(FollowerState.java:118)
2022-04-26 01:53:19,213 [ForkJoinPool.commonPool-worker-1] INFO  server.GrpcService (GrpcService.java:closeImpl(271)) - e687a55e-a1fa-40ca-b40d-7e860929e1d7: shutdown server with port 39343 successfully
2022-04-26 01:53:19,216 [org.apache.ratis.util.JvmPauseMonitor$$Lambda$580/456889832@18ef2c] INFO  util.JvmPauseMonitor (JvmPauseMonitor.java:run(109)) - JvmPauseMonitor-e687a55e-a1fa-40ca-b40d-7e860929e1d7: Stopped
2022-04-26 01:53:21,162 [Listener at 127.0.0.1/46323] INFO  utils.BackgroundService (BackgroundService.java:shutdown(132)) - Shutting down service BlockDeletingService
2022-04-26 01:53:21,251 [ForkJoinPool.commonPool-worker-1] INFO  utils.BackgroundService (BackgroundService.java:shutdown(132)) - Shutting down service BlockDeletingService
2022-04-26 01:53:24,183 [Listener at 127.0.0.1/46323] INFO  statemachine.DatanodeStateMachine (DatanodeStateMachine.java:stopDaemon(560)) - Ozone container server stopped.
2022-04-26 01:53:24,184 [Listener at 127.0.0.1/46323] INFO  handler.ContextHandler (ContextHandler.java:doStop(1153)) - Stopped o.e.j.w.WebAppContext@7bbaa3cd{hddsDatanode,/,null,STOPPED}{jar:file:/home/runner/.m2/repository/org/apache/ozone/hdds-container-service/1.3.0-SNAPSHOT/hdds-container-service-1.3.0-SNAPSHOT.jar!/webapps/hddsDatanode}
2022-04-26 01:53:24,185 [Listener at 127.0.0.1/46323] INFO  server.AbstractConnector (AbstractConnector.java:doStop(381)) - Stopped ServerConnector@3155bf62{HTTP/1.1, (http/1.1)}{0.0.0.0:0}
2022-04-26 01:53:24,185 [Listener at 127.0.0.1/46323] INFO  server.session (HouseKeeper.java:stopScavenging(149)) - node0 Stopped scavenging
2022-04-26 01:53:24,186 [Listener at 127.0.0.1/46323] INFO  handler.ContextHandler (ContextHandler.java:doStop(1153)) - Stopped o.e.j.s.ServletContextHandler@67939dd4{static,/static,jar:file:/home/runner/.m2/repository/org/apache/ozone/hdds-container-service/1.3.0-SNAPSHOT/hdds-container-service-1.3.0-SNAPSHOT.jar!/webapps/static,STOPPED}
2022-04-26 01:53:24,186 [Listener at 127.0.0.1/46323] INFO  handler.ContextHandler (ContextHandler.java:doStop(1153)) - Stopped o.e.j.s.ServletContextHandler@1541ea06{logs,/logs,file:///home/runner/work/ozone/ozone/hadoop-ozone/integration-test/target/log,STOPPED}
2022-04-26 01:53:24,273 [ForkJoinPool.commonPool-worker-1] INFO  statemachine.DatanodeStateMachine (DatanodeStateMachine.java:stopDaemon(560)) - Ozone container server stopped.
2022-04-26 01:53:24,276 [ForkJoinPool.commonPool-worker-1] INFO  handler.ContextHandler (ContextHandler.java:doStop(1153)) - Stopped o.e.j.w.WebAppContext@30393db8{hddsDatanode,/,null,STOPPED}{jar:file:/home/runner/.m2/repository/org/apache/ozone/hdds-container-service/1.3.0-SNAPSHOT/hdds-container-service-1.3.0-SNAPSHOT.jar!/webapps/hddsDatanode}
2022-04-26 01:53:24,276 [ForkJoinPool.commonPool-worker-1] INFO  server.AbstractConnector (AbstractConnector.java:doStop(381)) - Stopped ServerConnector@5e646bfb{HTTP/1.1, (http/1.1)}{0.0.0.0:0}
2022-04-26 01:53:24,276 [ForkJoinPool.commonPool-worker-1] INFO  server.session (HouseKeeper.java:stopScavenging(149)) - node0 Stopped scavenging
2022-04-26 01:53:24,277 [ForkJoinPool.commonPool-worker-1] INFO  handler.ContextHandler (ContextHandler.java:doStop(1153)) - Stopped o.e.j.s.ServletContextHandler@3e632c01{static,/static,jar:file:/home/runner/.m2/repository/org/apache/ozone/hdds-container-service/1.3.0-SNAPSHOT/hdds-container-service-1.3.0-SNAPSHOT.jar!/webapps/static,STOPPED}
2022-04-26 01:53:24,277 [ForkJoinPool.commonPool-worker-1] INFO  handler.ContextHandler (ContextHandler.java:doStop(1153)) - Stopped o.e.j.s.ServletContextHandler@304c70b1{logs,/logs,file:///home/runner/work/ozone/ozone/hadoop-ozone/integration-test/target/log,STOPPED}
2022-04-26 01:53:29,192 [Listener at 127.0.0.1/46323] INFO  ozoneimpl.OzoneContainer (OzoneContainer.java:stop(356)) - Attempting to stop container services.
2022-04-26 01:53:29,195 [Listener at 127.0.0.1/46323] INFO  server.RaftServer (RaftServerProxy.java:lambda$close$6(391)) - 1861c462-4d2a-43a5-96af-87853490527e: close
2022-04-26 01:53:29,196 [Listener at 127.0.0.1/46323] INFO  server.RaftServer$Division (RaftServerImpl.java:lambda$close$4(412)) - 1861c462-4d2a-43a5-96af-87853490527e@group-7579B0C0CDFD: shutdown
2022-04-26 01:53:29,196 [Listener at 127.0.0.1/46323] INFO  util.JmxRegister (JmxRegister.java:unregister(73)) - Successfully un-registered JMX Bean with object name Ratis:service=RaftServer,group=group-7579B0C0CDFD,id=1861c462-4d2a-43a5-96af-87853490527e
2022-04-26 01:53:29,196 [Listener at 127.0.0.1/46323] INFO  impl.RoleInfo (RoleInfo.java:shutdownLeaderState(91)) - 1861c462-4d2a-43a5-96af-87853490527e: shutdown 1861c462-4d2a-43a5-96af-87853490527e@group-7579B0C0CDFD-LeaderStateImpl
2022-04-26 01:53:29,196 [Listener at 127.0.0.1/46323] INFO  impl.PendingRequests (PendingRequests.java:sendNotLeaderResponses(282)) - 1861c462-4d2a-43a5-96af-87853490527e@group-7579B0C0CDFD-PendingRequests: sendNotLeaderResponses
2022-04-26 01:53:29,201 [1861c462-4d2a-43a5-96af-87853490527e@group-7579B0C0CDFD-StateMachineUpdater] INFO  ratis.ContainerStateMachine (ContainerStateMachine.java:takeSnapshot(304)) - group-7579B0C0CDFD: Taking a snapshot at:(t:1, i:0) file /home/runner/work/ozone/ozone/hadoop-ozone/integration-test/target/test-dir/MiniOzoneClusterImpl-1f178f74-bffb-4b20-8a8e-7aaf5f3ffa17/datanode-3/data/ratis/3d937d22-f5cf-4a0b-8e6a-7579b0c0cdfd/sm/snapshot.1_0
2022-04-26 01:53:29,202 [Listener at 127.0.0.1/46323] INFO  impl.StateMachineUpdater (StateMachineUpdater.java:stopAndJoin(149)) - 1861c462-4d2a-43a5-96af-87853490527e@group-7579B0C0CDFD-StateMachineUpdater: set stopIndex = 0
2022-04-26 01:53:29,202 [1861c462-4d2a-43a5-96af-87853490527e@group-7579B0C0CDFD-StateMachineUpdater] INFO  ratis.ContainerStateMachine (ContainerStateMachine.java:takeSnapshot(315)) - group-7579B0C0CDFD: Finished taking a snapshot at:(t:1, i:0) file:/home/runner/work/ozone/ozone/hadoop-ozone/integration-test/target/test-dir/MiniOzoneClusterImpl-1f178f74-bffb-4b20-8a8e-7aaf5f3ffa17/datanode-3/data/ratis/3d937d22-f5cf-4a0b-8e6a-7579b0c0cdfd/sm/snapshot.1_0 took: 1 ms
2022-04-26 01:53:29,202 [1861c462-4d2a-43a5-96af-87853490527e@group-7579B0C0CDFD-StateMachineUpdater] INFO  impl.StateMachineUpdater (StateMachineUpdater.java:takeSnapshot(281)) - 1861c462-4d2a-43a5-96af-87853490527e@group-7579B0C0CDFD-StateMachineUpdater: Took a snapshot at index 0
2022-04-26 01:53:29,202 [1861c462-4d2a-43a5-96af-87853490527e@group-7579B0C0CDFD-StateMachineUpdater] INFO  impl.StateMachineUpdater (StateMachineUpdater.java:lambda$new$0(89)) - 1861c462-4d2a-43a5-96af-87853490527e@group-7579B0C0CDFD-StateMachineUpdater: snapshotIndex: updateIncreasingly -1 -> 0
2022-04-26 01:53:29,203 [Listener at 127.0.0.1/46323] INFO  server.RaftServer$Division (ServerState.java:close(419)) - 1861c462-4d2a-43a5-96af-87853490527e@group-7579B0C0CDFD: closes. applyIndex: 0
2022-04-26 01:53:29,203 [1861c462-4d2a-43a5-96af-87853490527e@group-7579B0C0CDFD-SegmentedRaftLogWorker] INFO  segmented.SegmentedRaftLogWorker (SegmentedRaftLogWorker.java:run(327)) - 1861c462-4d2a-43a5-96af-87853490527e@group-7579B0C0CDFD-SegmentedRaftLogWorker was interrupted, exiting. There are 0 tasks remaining in the queue.
2022-04-26 01:53:29,218 [Listener at 127.0.0.1/46323] INFO  segmented.SegmentedRaftLogWorker (SegmentedRaftLogWorker.java:close(237)) - 1861c462-4d2a-43a5-96af-87853490527e@group-7579B0C0CDFD-SegmentedRaftLogWorker close()
2022-04-26 01:53:29,219 [Listener at 127.0.0.1/46323] INFO  server.GrpcService (GrpcService.java:closeImpl(262)) - 1861c462-4d2a-43a5-96af-87853490527e: shutdown server with port 42337 now
2022-04-26 01:53:29,221 [Listener at 127.0.0.1/46323] INFO  server.GrpcService (GrpcService.java:closeImpl(271)) - 1861c462-4d2a-43a5-96af-87853490527e: shutdown server with port 42337 successfully
2022-04-26 01:53:29,221 [org.apache.ratis.util.JvmPauseMonitor$$Lambda$580/456889832@7de4677a] INFO  util.JvmPauseMonitor (JvmPauseMonitor.java:run(109)) - JvmPauseMonitor-1861c462-4d2a-43a5-96af-87853490527e: Stopped
2022-04-26 01:53:31,266 [Listener at 127.0.0.1/46323] INFO  utils.BackgroundService (BackgroundService.java:shutdown(132)) - Shutting down service BlockDeletingService
2022-04-26 01:53:34,270 [Listener at 127.0.0.1/46323] INFO  statemachine.DatanodeStateMachine (DatanodeStateMachine.java:stopDaemon(560)) - Ozone container server stopped.
2022-04-26 01:53:34,271 [Listener at 127.0.0.1/46323] INFO  handler.ContextHandler (ContextHandler.java:doStop(1153)) - Stopped o.e.j.w.WebAppContext@4cb7d26b{hddsDatanode,/,null,STOPPED}{jar:file:/home/runner/.m2/repository/org/apache/ozone/hdds-container-service/1.3.0-SNAPSHOT/hdds-container-service-1.3.0-SNAPSHOT.jar!/webapps/hddsDatanode}
2022-04-26 01:53:34,273 [Listener at 127.0.0.1/46323] INFO  server.AbstractConnector (AbstractConnector.java:doStop(381)) - Stopped ServerConnector@7a65bdb{HTTP/1.1, (http/1.1)}{0.0.0.0:0}
2022-04-26 01:53:34,273 [Listener at 127.0.0.1/46323] INFO  server.session (HouseKeeper.java:stopScavenging(149)) - node0 Stopped scavenging
2022-04-26 01:53:34,273 [Listener at 127.0.0.1/46323] INFO  handler.ContextHandler (ContextHandler.java:doStop(1153)) - Stopped o.e.j.s.ServletContextHandler@7678bf95{static,/static,jar:file:/home/runner/.m2/repository/org/apache/ozone/hdds-container-service/1.3.0-SNAPSHOT/hdds-container-service-1.3.0-SNAPSHOT.jar!/webapps/static,STOPPED}
2022-04-26 01:53:34,273 [Listener at 127.0.0.1/46323] INFO  handler.ContextHandler (ContextHandler.java:doStop(1153)) - Stopped o.e.j.s.ServletContextHandler@711cf3c{logs,/logs,file:///home/runner/work/ozone/ozone/hadoop-ozone/integration-test/target/log,STOPPED}
2022-04-26 01:53:34,275 [Listener at 127.0.0.1/46323] INFO  ozone.MiniOzoneClusterImpl (MiniOzoneClusterImpl.java:stopSCM(545)) - Stopping the StorageContainerManager
2022-04-26 01:53:34,275 [Listener at 127.0.0.1/46323] INFO  server.StorageContainerManager (StorageContainerManager.java:stop(1415)) - Stopping Container Balancer service.
2022-04-26 01:53:34,275 [Listener at 127.0.0.1/46323] INFO  balancer.ContainerBalancer (ContainerBalancer.java:stopBalancer(916)) - Container Balancer is not running.
2022-04-26 01:53:34,275 [Listener at 127.0.0.1/46323] INFO  server.StorageContainerManager (StorageContainerManager.java:stop(1422)) - Stopping Replication Manager Service.
2022-04-26 01:53:34,275 [Listener at 127.0.0.1/46323] INFO  container.ReplicationManager (ReplicationManager.java:stop(357)) - Stopping Replication Monitor Thread.
2022-04-26 01:53:34,275 [Listener at 127.0.0.1/46323] INFO  server.StorageContainerManager (StorageContainerManager.java:stop(1429)) - Stopping the Datanode Admin Monitor.
2022-04-26 01:53:34,276 [Listener at 127.0.0.1/46323] INFO  server.StorageContainerManager (StorageContainerManager.java:stop(1436)) - Stopping Lease Manager of the command watchers
2022-04-26 01:53:34,276 [Listener at 127.0.0.1/46323] INFO  server.StorageContainerManager (StorageContainerManager.java:stop(1443)) - Stopping datanode service RPC server
2022-04-26 01:53:34,276 [Listener at 127.0.0.1/46323] INFO  server.SCMDatanodeProtocolServer (SCMDatanodeProtocolServer.java:stop(400)) - Stopping the RPC server for DataNodes
2022-04-26 01:53:34,276 [Listener at 127.0.0.1/46323] INFO  ipc.Server (Server.java:stop(3414)) - Stopping server on 33285
2022-04-26 01:53:34,294 [IPC Server listener on 0] INFO  ipc.Server (Server.java:run(1376)) - Stopping IPC Server listener on 0
2022-04-26 01:53:34,305 [IPC Server Responder] INFO  ipc.Server (Server.java:run(1512)) - Stopping IPC Server Responder
2022-04-26 01:53:34,321 [SCM Heartbeat Processing Thread - 0] WARN  node.NodeStateManager (NodeStateManager.java:scheduleNextHealthCheck(815)) - Current Thread is interrupted, shutting down HB processing thread for Node Manager.
2022-04-26 01:53:34,321 [Listener at 127.0.0.1/46323] INFO  server.StorageContainerManager (StorageContainerManager.java:stop(1451)) - Stopping block service RPC server
2022-04-26 01:53:34,321 [Listener at 127.0.0.1/46323] INFO  server.SCMBlockProtocolServer (SCMBlockProtocolServer.java:stop(160)) - Stopping the RPC server for Block Protocol
2022-04-26 01:53:34,321 [Listener at 127.0.0.1/46323] INFO  ipc.Server (Server.java:stop(3414)) - Stopping server on 42263
2022-04-26 01:53:34,323 [IPC Server listener on 0] INFO  ipc.Server (Server.java:run(1376)) - Stopping IPC Server listener on 0
2022-04-26 01:53:34,323 [Listener at 127.0.0.1/46323] INFO  server.StorageContainerManager (StorageContainerManager.java:stop(1458)) - Stopping the StorageContainerLocationProtocol RPC server
2022-04-26 01:53:34,323 [IPC Server Responder] INFO  ipc.Server (Server.java:run(1512)) - Stopping IPC Server Responder
2022-04-26 01:53:34,323 [Listener at 127.0.0.1/46323] INFO  server.SCMClientProtocolServer (SCMClientProtocolServer.java:stop(178)) - Stopping the RPC server for Client Protocol
2022-04-26 01:53:34,323 [Listener at 127.0.0.1/46323] INFO  ipc.Server (Server.java:stop(3414)) - Stopping server on 41675
2022-04-26 01:53:34,349 [IPC Server Responder] INFO  ipc.Server (Server.java:run(1512)) - Stopping IPC Server Responder
2022-04-26 01:53:34,349 [Listener at 127.0.0.1/46323] INFO  server.StorageContainerManager (StorageContainerManager.java:stop(1465)) - Stopping Storage Container Manager HTTP server.
2022-04-26 01:53:34,350 [Listener at 127.0.0.1/46323] INFO  handler.ContextHandler (ContextHandler.java:doStop(1153)) - Stopped o.e.j.w.WebAppContext@5a11f1e9{scm,/,null,STOPPED}{file:/home/runner/work/ozone/ozone/hadoop-ozone/integration-test/target/test-classes/webapps/scm}
2022-04-26 01:53:34,350 [IPC Server listener on 0] INFO  ipc.Server (Server.java:run(1376)) - Stopping IPC Server listener on 0
2022-04-26 01:53:34,361 [Listener at 127.0.0.1/46323] INFO  server.AbstractConnector (AbstractConnector.java:doStop(381)) - Stopped ServerConnector@a00b4a6{HTTP/1.1, (http/1.1)}{0.0.0.0:0}
2022-04-26 01:53:34,361 [Listener at 127.0.0.1/46323] INFO  server.session (HouseKeeper.java:stopScavenging(149)) - node0 Stopped scavenging
2022-04-26 01:53:34,361 [Listener at 127.0.0.1/46323] INFO  handler.ContextHandler (ContextHandler.java:doStop(1153)) - Stopped o.e.j.s.ServletContextHandler@719e1c26{static,/static,file:///home/runner/work/ozone/ozone/hadoop-ozone/integration-test/target/test-classes/webapps/static,STOPPED}
2022-04-26 01:53:34,361 [Listener at 127.0.0.1/46323] INFO  handler.ContextHandler (ContextHandler.java:doStop(1153)) - Stopped o.e.j.s.ServletContextHandler@71b03e9a{logs,/logs,file:///home/runner/work/ozone/ozone/hadoop-ozone/integration-test/target/log,STOPPED}
2022-04-26 01:53:34,363 [Listener at 127.0.0.1/46323] INFO  server.StorageContainerManager (StorageContainerManager.java:stop(1476)) - Stopping Block Manager Service.
2022-04-26 01:53:34,363 [Listener at 127.0.0.1/46323] INFO  utils.BackgroundService (BackgroundService.java:shutdown(132)) - Shutting down service SCMBlockDeletingService
2022-04-26 01:53:34,363 [Listener at 127.0.0.1/46323] INFO  utils.BackgroundService (BackgroundService.java:shutdown(132)) - Shutting down service SCMBlockDeletingService
2022-04-26 01:53:34,365 [Listener at 127.0.0.1/46323] INFO  server.StorageContainerManager (StorageContainerManager.java:stop(1503)) - Stopping SCM Event Queue.
2022-04-26 01:53:34,366 [Listener at 127.0.0.1/46323] INFO  server.StorageContainerManager (StorageContainerManager.java:stop(1514)) - Stopping SCM HA services.
2022-04-26 01:53:34,366 [Listener at 127.0.0.1/46323] INFO  pipeline.BackgroundPipelineCreator (BackgroundPipelineCreator.java:stop(154)) - Stopping RatisPipelineUtilsThread.
2022-04-26 01:53:34,368 [Listener at 127.0.0.1/46323] INFO  server.StorageContainerManager (StorageContainerManager.java:stop(1524)) - Stopping SCM MetadataStore.
2022-04-26 01:53:34,369 [Listener at 127.0.0.1/46323] INFO  impl.MetricsSystemImpl (MetricsSystemImpl.java:stop(210)) - Stopping HddsDatanode metrics system...
2022-04-26 01:53:34,420 [prometheus] INFO  impl.MetricsSinkAdapter (MetricsSinkAdapter.java:publishMetricsFromQueue(141)) - prometheus thread interrupted.
2022-04-26 01:53:34,420 [Listener at 127.0.0.1/46323] INFO  impl.MetricsSystemImpl (MetricsSystemImpl.java:stop(216)) - HddsDatanode metrics system stopped.
2022-04-26 01:53:34,618 [Listener at 127.0.0.1/46323] WARN  server.ServerUtils (ServerUtils.java:getScmDbDir(148)) - ozone.scm.db.dirs is not configured. We recommend adding this setting. Falling back to ozone.metadata.dirs instead.
2022-04-26 01:53:34,627 [Listener at 127.0.0.1/46323] INFO  ha.SCMHANodeDetails (SCMHANodeDetails.java:loadSCMHAConfig(157)) - ServiceID for StorageContainerManager is null
2022-04-26 01:53:34,627 [Listener at 127.0.0.1/46323] INFO  ha.SCMHANodeDetails (SCMHANodeDetails.java:loadSCMHAConfig(162)) - ozone.scm.default.service.id is not defined, falling back to ozone.scm.service.ids to find serviceID for StorageContainerManager if it is HA enabled cluster
2022-04-26 01:53:34,630 [Listener at 127.0.0.1/46323] WARN  server.ServerUtils (ServerUtils.java:getScmDbDir(148)) - ozone.scm.db.dirs is not configured. We recommend adding this setting. Falling back to ozone.metadata.dirs instead.
2022-04-26 01:53:34,631 [Listener at 127.0.0.1/46323] INFO  upgrade.AbstractLayoutVersionManager (AbstractLayoutVersionManager.java:init(79)) - Initializing Layout version manager with metadata layout = ERASURE_CODED_STORAGE_SUPPORT (version = 3), software layout = ERASURE_CODED_STORAGE_SUPPORT (version = 3)
2022-04-26 01:53:34,743 [Listener at 127.0.0.1/46323] INFO  reflections.Reflections (Reflections.java:scan(232)) - Reflections took 106 ms to scan 7 urls, producing 126 keys and 287 values 
2022-04-26 01:53:34,744 [Listener at 127.0.0.1/46323] WARN  utils.HAUtils (HAUtils.java:getMetaDir(342)) - ozone.scm.db.dirs is not configured. We recommend adding this setting. Falling back to ozone.metadata.dirs instead.
2022-04-26 01:53:34,761 [Listener at 127.0.0.1/46323] WARN  db.DBStoreBuilder (DBStoreBuilder.java:applyDBDefinition(145)) - ozone.scm.db.dirs is not configured. We recommend adding this setting. Falling back to ozone.metadata.dirs instead.
2022-04-26 01:53:34,993 [Listener at 127.0.0.1/46323] INFO  net.NodeSchemaLoader (NodeSchemaLoader.java:loadSchemaFromFile(129)) - Loading schema from [jar:file:/home/runner/.m2/repository/org/apache/ozone/hdds-common/1.3.0-SNAPSHOT/hdds-common-1.3.0-SNAPSHOT.jar!/network-topology-default.xml]
2022-04-26 01:53:34,993 [Listener at 127.0.0.1/46323] INFO  net.NodeSchemaLoader (NodeSchemaLoader.java:loadSchema(176)) - Loading network topology layer schema file
2022-04-26 01:53:35,033 [Listener at 127.0.0.1/46323] INFO  ha.SequenceIdGenerator (SequenceIdGenerator.java:upgradeToSequenceId(347)) - upgrade localId to 109611004723200000
2022-04-26 01:53:35,033 [Listener at 127.0.0.1/46323] INFO  ha.SequenceIdGenerator (SequenceIdGenerator.java:upgradeToSequenceId(357)) - upgrade delTxnId to 0
2022-04-26 01:53:35,033 [Listener at 127.0.0.1/46323] INFO  ha.SequenceIdGenerator (SequenceIdGenerator.java:upgradeToSequenceId(371)) - upgrade containerId to 0
2022-04-26 01:53:35,033 [Listener at 127.0.0.1/46323] INFO  ha.SequenceIdGenerator (SequenceIdGenerator.java:<init>(218)) - Init the HA SequenceIdGenerator.
2022-04-26 01:53:35,034 [Listener at 127.0.0.1/46323] WARN  server.ServerUtils (ServerUtils.java:sanitizeUserArgs(73)) - ozone.scm.stale.node.interval value = 300000 is larger than max = 100000 based on the key value of ozone.scm.heartbeat.thread.interval, reset to the max value 100000.
2022-04-26 01:53:35,034 [Listener at 127.0.0.1/46323] WARN  server.ServerUtils (ServerUtils.java:sanitizeUserArgs(73)) - ozone.scm.stale.node.interval value = 300000 is larger than max = 100000 based on the key value of ozone.scm.heartbeat.thread.interval, reset to the max value 100000.
2022-04-26 01:53:35,042 [Listener at 127.0.0.1/46323] INFO  node.SCMNodeManager (SCMNodeManager.java:<init>(146)) - Entering startup safe mode.
2022-04-26 01:53:35,042 [Listener at 127.0.0.1/46323] INFO  algorithms.ContainerPlacementPolicyFactory (ContainerPlacementPolicyFactory.java:getPolicyInternal(86)) - Create container placement policy of type org.apache.hadoop.hdds.scm.container.placement.algorithms.SCMContainerPlacementRandom
2022-04-26 01:53:35,042 [Listener at 127.0.0.1/46323] INFO  pipeline.PipelineStateManagerImpl (PipelineStateManagerImpl.java:initialize(78)) - No pipeline exists in current db
2022-04-26 01:53:35,043 [Listener at 127.0.0.1/46323] INFO  algorithms.LeaderChoosePolicyFactory (LeaderChoosePolicyFactory.java:getPolicy(57)) - Create leader choose policy of type org.apache.hadoop.hdds.scm.pipeline.leader.choose.algorithms.MinLeaderCountChoosePolicy
2022-04-26 01:53:35,043 [Listener at 127.0.0.1/46323] INFO  algorithms.ContainerPlacementPolicyFactory (ContainerPlacementPolicyFactory.java:getPolicyInternal(86)) - Create container placement policy of type org.apache.hadoop.hdds.scm.container.placement.algorithms.SCMContainerPlacementRackScatter
2022-04-26 01:53:35,043 [Listener at 127.0.0.1/46323] INFO  ha.SCMServiceManager (SCMServiceManager.java:register(42)) - Registering service BackgroundPipelineCreator.
2022-04-26 01:53:35,043 [Listener at 127.0.0.1/46323] INFO  pipeline.BackgroundPipelineCreator (BackgroundPipelineCreator.java:start(129)) - Starting RatisPipelineUtilsThread.
2022-04-26 01:53:35,058 [Listener at 127.0.0.1/46323] INFO  algorithms.PipelineChoosePolicyFactory (PipelineChoosePolicyFactory.java:createPipelineChoosePolicyFromClass(73)) - Create pipeline choose policy of type org.apache.hadoop.hdds.scm.pipeline.choose.algorithms.RandomPipelineChoosePolicy
2022-04-26 01:53:35,058 [Listener at 127.0.0.1/46323] INFO  ha.SCMServiceManager (SCMServiceManager.java:register(42)) - Registering service SCMBlockDeletingService.
2022-04-26 01:53:35,058 [Listener at 127.0.0.1/46323] INFO  ha.SCMServiceManager (SCMServiceManager.java:register(42)) - Registering service ReplicationManager.
2022-04-26 01:53:35,059 [Listener at 127.0.0.1/46323] INFO  container.ReplicationManager (ReplicationManager.java:start(326)) - Starting Replication Monitor Thread.
2022-04-26 01:53:35,073 [Listener at 127.0.0.1/46323] INFO  safemode.ContainerSafeModeRule (ContainerSafeModeRule.java:<init>(89)) - containers with one replica threshold count 0
2022-04-26 01:53:35,074 [Listener at 127.0.0.1/46323] INFO  safemode.HealthyPipelineSafeModeRule (HealthyPipelineSafeModeRule.java:initializeRule(156)) - Total pipeline count is 0, healthy pipeline threshold count is 1
2022-04-26 01:53:35,074 [Listener at 127.0.0.1/46323] INFO  safemode.OneReplicaPipelineSafeModeRule (OneReplicaPipelineSafeModeRule.java:initializeRule(180)) - Total pipeline count is 0, pipeline's with at least one datanode reported threshold count is 0
2022-04-26 01:53:35,077 [Listener at 127.0.0.1/46323] INFO  ipc.CallQueueManager (CallQueueManager.java:<init>(90)) - Using callQueue: class java.util.concurrent.LinkedBlockingQueue, queueCapacity: 2000, scheduler: class org.apache.hadoop.ipc.DefaultRpcScheduler, ipcBackoff: false.
2022-04-26 01:53:35,125 [Socket Reader #1 for port 0] INFO  ipc.Server (Server.java:run(1265)) - Starting Socket Reader #1 for port 0
2022-04-26 01:53:35,126 [Listener at 0.0.0.0/34987] INFO  ipc.CallQueueManager (CallQueueManager.java:<init>(90)) - Using callQueue: class java.util.concurrent.LinkedBlockingQueue, queueCapacity: 2000, scheduler: class org.apache.hadoop.ipc.DefaultRpcScheduler, ipcBackoff: false.
2022-04-26 01:53:35,129 [Listener at 0.0.0.0/34757] INFO  ipc.CallQueueManager (CallQueueManager.java:<init>(90)) - Using callQueue: class java.util.concurrent.LinkedBlockingQueue, queueCapacity: 2000, scheduler: class org.apache.hadoop.ipc.DefaultRpcScheduler, ipcBackoff: false.
2022-04-26 01:53:35,129 [Socket Reader #1 for port 0] INFO  ipc.Server (Server.java:run(1265)) - Starting Socket Reader #1 for port 0
2022-04-26 01:53:35,134 [ReplicationMonitor] INFO  container.ReplicationManager (ReplicationManager.java:processAll(374)) - Replication Manager is not ready to run until 3000ms after safemode exit
2022-04-26 01:53:35,157 [Socket Reader #1 for port 0] INFO  ipc.Server (Server.java:run(1265)) - Starting Socket Reader #1 for port 0
2022-04-26 01:53:35,184 [Listener at 0.0.0.0/41795] INFO  server.StorageContainerManager (StorageContainerManager.java:<init>(390)) - 
Container Balancer status:
Key                            Value
Running                        false
Container Balancer Configuration values:
Key                                                Value
Threshold                                          10
Max Datanodes to Involve per Iteration(percent)    20
Max Size to Move per Iteration                     500GB
Max Size Entering Target per Iteration             26GB
Max Size Leaving Source per Iteration              26GB

2022-04-26 01:53:35,184 [Listener at 0.0.0.0/41795] WARN  events.EventQueue (EventQueue.java:fireEvent(194)) - No event handler registered for event TypedEvent{payloadType=SafeModeStatus, name='Safe mode status'}
2022-04-26 01:53:35,185 [Listener at 0.0.0.0/41795] INFO  ha.SCMContext (SCMContext.java:updateSafeModeStatus(211)) - Update SafeModeStatus from SafeModeStatus{safeModeStatus=true, preCheckPassed=false} to SafeModeStatus{safeModeStatus=true, preCheckPassed=false}.
2022-04-26 01:53:35,185 [Listener at 0.0.0.0/41795] INFO  server.StorageContainerManager (StorageContainerManager.java:start(1328)) - StorageContainerLocationProtocol RPC server is listening at /0.0.0.0:41795
2022-04-26 01:53:35,190 [Listener at 0.0.0.0/41795] WARN  impl.MetricsConfig (MetricsConfig.java:loadFirst(136)) - Cannot locate configuration: tried hadoop-metrics2-storagecontainermanager.properties,hadoop-metrics2.properties
2022-04-26 01:53:35,209 [Listener at 0.0.0.0/41795] INFO  impl.MetricsSystemImpl (MetricsSystemImpl.java:startTimer(378)) - Scheduled Metric snapshot period at 10 second(s).
2022-04-26 01:53:35,209 [Listener at 0.0.0.0/41795] INFO  impl.MetricsSystemImpl (MetricsSystemImpl.java:start(191)) - StorageContainerManager metrics system started
2022-04-26 01:53:35,283 [Listener at 0.0.0.0/41795] INFO  impl.MetricsSinkAdapter (MetricsSinkAdapter.java:start(204)) - Sink prometheus started
2022-04-26 01:53:35,283 [Listener at 0.0.0.0/41795] INFO  impl.MetricsSystemImpl (MetricsSystemImpl.java:registerSink(305)) - Registered sink prometheus
2022-04-26 01:53:35,363 [Listener at 0.0.0.0/41795] INFO  server.SCMClientProtocolServer (SCMClientProtocolServer.java:start(169)) - RPC server for Client  is listening at /0.0.0.0:41795
2022-04-26 01:53:35,368 [IPC Server Responder] INFO  ipc.Server (Server.java:run(1507)) - IPC Server Responder: starting
2022-04-26 01:53:35,452 [Listener at 0.0.0.0/41795] INFO  server.StorageContainerManager (StorageContainerManager.java:start(1343)) - ScmBlockLocationProtocol RPC server is listening at /0.0.0.0:34757
2022-04-26 01:53:35,452 [Listener at 0.0.0.0/41795] INFO  server.SCMBlockProtocolServer (SCMBlockProtocolServer.java:start(151)) - RPC server for Block Protocol is listening at /0.0.0.0:34757
2022-04-26 01:53:35,453 [IPC Server Responder] INFO  ipc.Server (Server.java:run(1507)) - IPC Server Responder: starting
2022-04-26 01:53:35,453 [IPC Server listener on 0] INFO  ipc.Server (Server.java:run(1344)) - IPC Server listener on 0: starting
2022-04-26 01:53:35,545 [IPC Server listener on 0] INFO  ipc.Server (Server.java:run(1344)) - IPC Server listener on 0: starting
2022-04-26 01:53:35,558 [Listener at 0.0.0.0/41795] INFO  server.SCMDatanodeProtocolServer (SCMDatanodeProtocolServer.java:start(183)) - ScmDatanodeProtocol RPC server for DataNodes is listening at /0.0.0.0:34987
2022-04-26 01:53:35,559 [IPC Server Responder] INFO  ipc.Server (Server.java:run(1507)) - IPC Server Responder: starting
2022-04-26 01:53:35,559 [IPC Server listener on 0] INFO  ipc.Server (Server.java:run(1344)) - IPC Server listener on 0: starting
2022-04-26 01:53:35,562 [Listener at 0.0.0.0/41795] INFO  http.BaseHttpServer (BaseHttpServer.java:newHttpServer2BuilderForOzone(209)) - Starting Web-server for scm at: http://0.0.0.0:0
2022-04-26 01:53:35,562 [Listener at 0.0.0.0/41795] INFO  http.BaseHttpServer (BaseHttpServer.java:<init>(107)) - Hadoop Security Enabled: false Ozone Security Enabled: false Ozone HTTP Security Enabled: false 
2022-04-26 01:53:35,599 [org.apache.hadoop.util.JvmPauseMonitor$Monitor@b1f8fa6] INFO  util.JvmPauseMonitor (JvmPauseMonitor.java:run(188)) - Starting JVM pause monitor
2022-04-26 01:53:35,629 [Listener at 0.0.0.0/41795] INFO  server.AuthenticationFilter (AuthenticationFilter.java:constructSecretProvider(240)) - Unable to initialize FileSignerSecretProvider, falling back to use random secrets.
2022-04-26 01:53:35,637 [Listener at 0.0.0.0/41795] WARN  http.HttpRequestLog (HttpRequestLog.java:getRequestLog(103)) - Jetty request log can only be enabled using Log4j
2022-04-26 01:53:35,638 [Listener at 0.0.0.0/41795] INFO  http.HttpServer2 (HttpServer2.java:addGlobalFilter(1030)) - Added global filter 'safety' (class=org.apache.hadoop.hdds.server.http.HttpServer2$QuotingInputFilter)
2022-04-26 01:53:35,639 [Listener at 0.0.0.0/41795] INFO  http.HttpServer2 (HttpServer2.java:addFilter(1006)) - Added filter static_user_filter (class=org.apache.hadoop.http.lib.StaticUserWebFilter$StaticUserFilter) to context scm
2022-04-26 01:53:35,639 [Listener at 0.0.0.0/41795] INFO  http.HttpServer2 (HttpServer2.java:addFilter(1014)) - Added filter static_user_filter (class=org.apache.hadoop.http.lib.StaticUserWebFilter$StaticUserFilter) to context static
2022-04-26 01:53:35,639 [Listener at 0.0.0.0/41795] INFO  http.HttpServer2 (HttpServer2.java:addFilter(1014)) - Added filter static_user_filter (class=org.apache.hadoop.http.lib.StaticUserWebFilter$StaticUserFilter) to context logs
2022-04-26 01:53:35,640 [Listener at 0.0.0.0/41795] INFO  http.HttpServer2 (HttpServer2.java:bindListener(1249)) - Jetty bound to port 44403
2022-04-26 01:53:35,640 [Listener at 0.0.0.0/41795] INFO  server.Server (Server.java:doStart(375)) - jetty-9.4.43.v20210629; built: 2021-06-30T11:07:22.254Z; git: 526006ecfa3af7f1a27ef3a288e2bef7ea9dd7e8; jvm 1.8.0_322-b06
2022-04-26 01:53:35,682 [Listener at 0.0.0.0/41795] INFO  server.session (DefaultSessionIdManager.java:doStart(334)) - DefaultSessionIdManager workerName=node0
2022-04-26 01:53:35,682 [Listener at 0.0.0.0/41795] INFO  server.session (DefaultSessionIdManager.java:doStart(339)) - No SessionScavenger set, using defaults
2022-04-26 01:53:35,683 [Listener at 0.0.0.0/41795] INFO  server.session (HouseKeeper.java:startScavenging(132)) - node0 Scavenging every 600000ms
2022-04-26 01:53:35,683 [Listener at 0.0.0.0/41795] INFO  handler.ContextHandler (ContextHandler.java:doStart(915)) - Started o.e.j.s.ServletContextHandler@17564b1b{logs,/logs,file:///home/runner/work/ozone/ozone/hadoop-ozone/integration-test/target/log,AVAILABLE}
2022-04-26 01:53:35,684 [Listener at 0.0.0.0/41795] INFO  handler.ContextHandler (ContextHandler.java:doStart(915)) - Started o.e.j.s.ServletContextHandler@227833cd{static,/static,file:///home/runner/work/ozone/ozone/hadoop-ozone/integration-test/target/test-classes/webapps/static,AVAILABLE}
2022-04-26 01:53:35,686 [Listener at 0.0.0.0/41795] INFO  handler.ContextHandler (ContextHandler.java:doStart(915)) - Started o.e.j.w.WebAppContext@627b6b54{scm,/,file:///home/runner/work/ozone/ozone/hadoop-ozone/integration-test/target/test-classes/webapps/scm/,AVAILABLE}{file:/home/runner/work/ozone/ozone/hadoop-ozone/integration-test/target/test-classes/webapps/scm}
2022-04-26 01:53:35,717 [Listener at 0.0.0.0/41795] INFO  server.AbstractConnector (AbstractConnector.java:doStart(331)) - Started ServerConnector@3e9b410a{HTTP/1.1, (http/1.1)}{0.0.0.0:44403}
2022-04-26 01:53:35,718 [Listener at 0.0.0.0/41795] INFO  server.Server (Server.java:doStart(415)) - Started @127601ms
2022-04-26 01:53:35,718 [Listener at 0.0.0.0/41795] WARN  impl.MetricsSystemImpl (MetricsSystemImpl.java:register(279)) - Sink prometheus already exists!
2022-04-26 01:53:35,719 [Listener at 0.0.0.0/41795] INFO  http.BaseHttpServer (BaseHttpServer.java:updateConnectorAddress(329)) - HTTP server of scm listening at http://0.0.0.0:44403
2022-04-26 01:53:35,719 [Listener at 0.0.0.0/41795] WARN  server.ServerUtils (ServerUtils.java:getDBPath(225)) - ozone.om.db.dirs is not configured. We recommend adding this setting. Falling back to ozone.metadata.dirs instead.
2022-04-26 01:53:35,722 [Listener at 0.0.0.0/41795] INFO  ha.OMHANodeDetails (OMHANodeDetails.java:loadOMHAConfig(112)) - ozone.om.internal.service.id is not defined, falling back to ozone.om.service.ids to find serviceID for OzoneManager if it is HA enabled cluster
2022-04-26 01:53:35,722 [Listener at 0.0.0.0/41795] INFO  ha.OMHANodeDetails (OMHANodeDetails.java:loadOMHAConfig(218)) - Configuration does not have ozone.om.address set. Falling back to the default OM address /127.0.0.1:0
2022-04-26 01:53:35,722 [Listener at 0.0.0.0/41795] INFO  ha.OMHANodeDetails (OMHANodeDetails.java:getOMNodeDetailsForNonHA(246)) - OM Service ID is not set. Setting it to the default ID: omServiceIdDefault
2022-04-26 01:53:35,722 [Listener at 0.0.0.0/41795] INFO  ha.OMHANodeDetails (OMHANodeDetails.java:getOMNodeDetailsForNonHA(253)) - OM Node ID is not set. Setting it to the default ID: om1
2022-04-26 01:53:35,723 [Listener at 0.0.0.0/41795] WARN  server.ServerUtils (ServerUtils.java:getDBPath(225)) - ozone.om.db.dirs is not configured. We recommend adding this setting. Falling back to ozone.metadata.dirs instead.
2022-04-26 01:53:35,723 [Listener at 0.0.0.0/41795] INFO  upgrade.AbstractLayoutVersionManager (AbstractLayoutVersionManager.java:init(79)) - Initializing Layout version manager with metadata layout = ERASURE_CODED_STORAGE_SUPPORT (version = 1), software layout = ERASURE_CODED_STORAGE_SUPPORT (version = 1)
2022-04-26 01:53:35,833 [Listener at 0.0.0.0/41795] INFO  reflections.Reflections (Reflections.java:scan(232)) - Reflections took 109 ms to scan 2 urls, producing 142 keys and 367 values [using 2 cores]
2022-04-26 01:53:35,834 [Listener at 0.0.0.0/41795] INFO  upgrade.OMLayoutVersionManager (OMLayoutVersionManager.java:lambda$0(115)) - Skipping Upgrade Action MockOmUpgradeAction since it has been finalized.
2022-04-26 01:53:35,834 [Listener at 0.0.0.0/41795] WARN  server.ServerUtils (ServerUtils.java:getDBPath(225)) - ozone.om.db.dirs is not configured. We recommend adding this setting. Falling back to ozone.metadata.dirs instead.
2022-04-26 01:53:35,878 [Listener at 0.0.0.0/41795] WARN  server.ServerUtils (ServerUtils.java:getDBPath(225)) - ozone.om.db.dirs is not configured. We recommend adding this setting. Falling back to ozone.metadata.dirs instead.
2022-04-26 01:53:35,878 [Listener at 0.0.0.0/41795] INFO  codec.OmKeyInfoCodec (OmKeyInfoCodec.java:<init>(49)) - OmKeyInfoCodec ignorePipeline = true
2022-04-26 01:53:35,879 [Listener at 0.0.0.0/41795] INFO  codec.RepeatedOmKeyInfoCodec (RepeatedOmKeyInfoCodec.java:<init>(41)) - RepeatedOmKeyInfoCodec ignorePipeline = true
2022-04-26 01:53:36,321 [Listener at 0.0.0.0/41795] INFO  om.OzoneManager (OzoneManager.java:addS3GVolumeToDB(3770)) - Created Volume s3v With Owner runner required for S3Gateway operations.
2022-04-26 01:53:36,322 [Listener at 0.0.0.0/41795] WARN  server.ServerUtils (ServerUtils.java:getDefaultRatisDirectory(237)) - Storage directory for Ratis is not configured. It is a good idea to map this to an SSD disk. Falling back to ozone.metadata.dirs
2022-04-26 01:53:36,322 [Listener at 0.0.0.0/41795] WARN  utils.OzoneManagerRatisUtils (OzoneManagerRatisUtils.java:getOMRatisSnapshotDirectory(395)) - ozone.om.ratis.snapshot.dir is not configured. Falling back to ozone.metadata.dirs config
2022-04-26 01:53:36,322 [Listener at 0.0.0.0/41795] WARN  server.ServerUtils (ServerUtils.java:getDefaultRatisDirectory(237)) - Storage directory for Ratis is not configured. It is a good idea to map this to an SSD disk. Falling back to ozone.metadata.dirs
2022-04-26 01:53:36,323 [Listener at 0.0.0.0/41795] INFO  ratis.OzoneManagerRatisServer (OzoneManagerRatisServer.java:<init>(159)) - Instantiating OM Ratis server with groupID: omServiceIdDefault and peers: localhost:9872
2022-04-26 01:53:36,323 [Listener at 0.0.0.0/41795] INFO  ratis.OzoneManagerStateMachine (OzoneManagerStateMachine.java:loadSnapshotInfoFromDB(617)) - LastAppliedIndex is set from TransactionInfo from OM DB as (t:0, i:~)
2022-04-26 01:53:36,325 [Listener at 0.0.0.0/41795] INFO  server.RaftServer (ConfUtils.java:logGet(44)) - raft.rpc.type = GRPC (default)
2022-04-26 01:53:36,325 [Listener at 0.0.0.0/41795] INFO  grpc.GrpcFactory (GrpcFactory.java:checkPooledByteBufAllocatorUseCacheForAllThreads(48)) - PERFORMANCE WARNING: useCacheForAllThreads is true that may cause Netty to create a lot garbage objects and, as a result, trigger GC.
	It is recommended to disable useCacheForAllThreads by setting -Dorg.apache.ratis.thirdparty.io.netty.allocator.useCacheForAllThreads=false in command line.
2022-04-26 01:53:36,325 [Listener at 0.0.0.0/41795] INFO  grpc.GrpcConfigKeys (ConfUtils.java:logGet(44)) - raft.grpc.admin.port = -1 (default)
2022-04-26 01:53:36,325 [Listener at 0.0.0.0/41795] INFO  grpc.GrpcConfigKeys (ConfUtils.java:logGet(44)) - raft.grpc.server.port = 9872 (custom)
2022-04-26 01:53:36,326 [Listener at 0.0.0.0/41795] INFO  grpc.GrpcConfigKeys (ConfUtils.java:logGet(44)) - raft.grpc.client.port = -1 (default)
2022-04-26 01:53:36,326 [Listener at 0.0.0.0/41795] INFO  grpc.GrpcConfigKeys (ConfUtils.java:logGet(44)) - raft.grpc.server.port = 9872 (custom)
2022-04-26 01:53:36,326 [Listener at 0.0.0.0/41795] INFO  grpc.GrpcConfigKeys (ConfUtils.java:logGet(44)) - raft.grpc.server.port = 9872 (custom)
2022-04-26 01:53:36,326 [Listener at 0.0.0.0/41795] INFO  server.GrpcService (ConfUtils.java:logGet(44)) - raft.grpc.message.size.max = 33554432 (custom)
2022-04-26 01:53:36,326 [Listener at 0.0.0.0/41795] INFO  server.RaftServerConfigKeys (ConfUtils.java:logGet(44)) - raft.server.log.appender.buffer.byte-limit = 33554432 (custom)
2022-04-26 01:53:36,326 [Listener at 0.0.0.0/41795] INFO  server.GrpcService (ConfUtils.java:logGet(44)) - raft.grpc.flow.control.window = 1MB (=1048576) (default)
2022-04-26 01:53:36,326 [Listener at 0.0.0.0/41795] INFO  server.RaftServerConfigKeys (ConfUtils.java:logGet(44)) - raft.server.rpc.request.timeout = 3000ms (default)
2022-04-26 01:53:36,328 [Listener at 0.0.0.0/41795] INFO  impl.DataStreamServerImpl (ConfUtils.java:logGet(44)) - raft.datastream.type = DISABLED (default)
2022-04-26 01:53:36,328 [Listener at 0.0.0.0/41795] INFO  server.RaftServerConfigKeys (ConfUtils.java:logGet(44)) - raft.server.rpc.slowness.timeout = 120s (custom)
2022-04-26 01:53:36,328 [Listener at 0.0.0.0/41795] INFO  server.RaftServerConfigKeys (ConfUtils.java:logGet(44)) - raft.server.leaderelection.leader.step-down.wait-time = 10s (default)
2022-04-26 01:53:36,328 [Listener at 0.0.0.0/41795] INFO  server.RaftServerConfigKeys (ConfUtils.java:logGet(44)) - raft.server.storage.dir = [/home/runner/work/ozone/ozone/hadoop-ozone/integration-test/target/test-dir/MiniOzoneClusterImpl-f75a2855-399a-402c-9e8b-90c3c75b347d/ozone-meta/ratis] (custom)
2022-04-26 01:53:36,332 [Listener at 0.0.0.0/41795] INFO  server.RaftServer (RaftServerProxy.java:addNew(95)) - om1: addNew group-C5BA1605619E:[om1|rpc:localhost:9872|priority:0] returns group-C5BA1605619E:java.util.concurrent.CompletableFuture@210741f0[Not completed]
2022-04-26 01:53:36,333 [Listener at 0.0.0.0/41795] INFO  om.OzoneManager (OzoneManager.java:initializeRatisServer(1839)) - OzoneManager Ratis server initialized at port 9872
2022-04-26 01:53:36,345 [pool-453-thread-1] INFO  server.RaftServer$Division (RaftServerImpl.java:<init>(184)) - om1: new RaftServerImpl for group-C5BA1605619E:[om1|rpc:localhost:9872|priority:0] with OzoneManagerStateMachine:uninitialized
2022-04-26 01:53:36,368 [pool-453-thread-1] INFO  server.RaftServerConfigKeys (ConfUtils.java:logGet(44)) - raft.server.rpc.timeout.min = 1s (custom)
2022-04-26 01:53:36,368 [pool-453-thread-1] INFO  server.RaftServerConfigKeys (ConfUtils.java:logGet(44)) - raft.server.rpc.timeout.max = 1200ms (custom)
2022-04-26 01:53:36,368 [pool-453-thread-1] INFO  server.RaftServerConfigKeys (ConfUtils.java:logGet(44)) - raft.server.rpc.sleep.time = 25ms (default)
2022-04-26 01:53:36,368 [pool-453-thread-1] INFO  server.RaftServerConfigKeys (ConfUtils.java:logGet(44)) - raft.server.rpc.slowness.timeout = 120s (custom)
2022-04-26 01:53:36,368 [pool-453-thread-1] INFO  server.RaftServerConfigKeys (ConfUtils.java:logGet(44)) - raft.server.leaderelection.leader.step-down.wait-time = 10s (default)
2022-04-26 01:53:36,368 [pool-453-thread-1] INFO  server.RaftServerConfigKeys (ConfUtils.java:logGet(44)) - raft.server.sleep.deviation.threshold = 300ms (default)
2022-04-26 01:53:36,368 [pool-453-thread-1] INFO  server.RaftServerConfigKeys (ConfUtils.java:logGet(44)) - raft.server.log.appender.install.snapshot.enabled = false (custom)
2022-04-26 01:53:36,368 [pool-453-thread-1] INFO  server.RaftServer$Division (ServerState.java:<init>(105)) - om1@group-C5BA1605619E: ConfigurationManager, init=-1: [om1|rpc:localhost:9872|priority:0], old=null, confs=<EMPTY_MAP>
2022-04-26 01:53:36,369 [pool-453-thread-1] INFO  server.RaftServerConfigKeys (ConfUtils.java:logGet(44)) - raft.server.storage.dir = [/home/runner/work/ozone/ozone/hadoop-ozone/integration-test/target/test-dir/MiniOzoneClusterImpl-f75a2855-399a-402c-9e8b-90c3c75b347d/ozone-meta/ratis] (custom)
2022-04-26 01:53:36,369 [pool-453-thread-1] INFO  server.RaftServerConfigKeys (ConfUtils.java:logGet(44)) - raft.server.log.corruption.policy = EXCEPTION (default)
2022-04-26 01:53:36,369 [pool-453-thread-1] INFO  server.RaftServerConfigKeys (ConfUtils.java:logGet(44)) - raft.server.storage.free-space.min = 0MB (=0) (default)
2022-04-26 01:53:36,369 [pool-453-thread-1] INFO  storage.RaftStorageDirectory (RaftStorageDirectoryImpl.java:analyzeStorage(135)) - The storage directory /home/runner/work/ozone/ozone/hadoop-ozone/integration-test/target/test-dir/MiniOzoneClusterImpl-f75a2855-399a-402c-9e8b-90c3c75b347d/ozone-meta/ratis/bf265839-605b-3f16-9796-c5ba1605619e does not exist. Creating ...
2022-04-26 01:53:36,371 [pool-453-thread-1] INFO  storage.RaftStorageDirectory (RaftStorageDirectoryImpl.java:tryLock(230)) - Lock on /home/runner/work/ozone/ozone/hadoop-ozone/integration-test/target/test-dir/MiniOzoneClusterImpl-f75a2855-399a-402c-9e8b-90c3c75b347d/ozone-meta/ratis/bf265839-605b-3f16-9796-c5ba1605619e/in_use.lock acquired by nodename 18609@fv-az50-870
2022-04-26 01:53:36,382 [pool-453-thread-1] INFO  storage.RaftStorage (RaftStorageImpl.java:format(89)) - Storage directory /home/runner/work/ozone/ozone/hadoop-ozone/integration-test/target/test-dir/MiniOzoneClusterImpl-f75a2855-399a-402c-9e8b-90c3c75b347d/ozone-meta/ratis/bf265839-605b-3f16-9796-c5ba1605619e has been successfully formatted.
2022-04-26 01:53:36,382 [pool-453-thread-1] INFO  server.RaftServerConfigKeys (ConfUtils.java:logGet(44)) - raft.server.notification.no-leader.timeout = 120s (custom)
2022-04-26 01:53:36,382 [pool-453-thread-1] INFO  server.RaftServerConfigKeys (ConfUtils.java:logGet(44)) - raft.server.log.use.memory = false (default)
2022-04-26 01:53:36,382 [pool-453-thread-1] INFO  server.RaftServerConfigKeys (ConfUtils.java:logGet(44)) - raft.server.log.purge.gap = 1000000 (custom)
2022-04-26 01:53:36,382 [pool-453-thread-1] INFO  server.RaftServerConfigKeys (ConfUtils.java:logGet(44)) - raft.server.log.appender.buffer.byte-limit = 33554432 (custom)
2022-04-26 01:53:36,382 [pool-453-thread-1] INFO  server.RaftServerConfigKeys (ConfUtils.java:logGet(44)) - raft.server.log.segment.size.max = 4194304 (custom)
2022-04-26 01:53:36,382 [pool-453-thread-1] INFO  server.RaftServerConfigKeys (ConfUtils.java:logGet(44)) - raft.server.log.segment.cache.num.max = 2 (custom)
2022-04-26 01:53:36,383 [pool-453-thread-1] INFO  server.RaftServerConfigKeys (ConfUtils.java:logGet(44)) - raft.server.log.segment.cache.size.max = 200MB (=209715200) (default)
2022-04-26 01:53:36,383 [pool-453-thread-1] INFO  segmented.SegmentedRaftLogWorker (SegmentedRaftLogWorker.java:<init>(182)) - new om1@group-C5BA1605619E-SegmentedRaftLogWorker for RaftStorageImpl:Storage Directory /home/runner/work/ozone/ozone/hadoop-ozone/integration-test/target/test-dir/MiniOzoneClusterImpl-f75a2855-399a-402c-9e8b-90c3c75b347d/ozone-meta/ratis/bf265839-605b-3f16-9796-c5ba1605619e
2022-04-26 01:53:36,383 [pool-453-thread-1] INFO  server.RaftServerConfigKeys (ConfUtils.java:logGet(44)) - raft.server.log.queue.byte-limit = 64MB (=67108864) (default)
2022-04-26 01:53:36,383 [pool-453-thread-1] INFO  server.RaftServerConfigKeys (ConfUtils.java:logGet(44)) - raft.server.log.queue.element-limit = 4096 (default)
2022-04-26 01:53:36,383 [pool-453-thread-1] INFO  server.RaftServerConfigKeys (ConfUtils.java:logGet(44)) - raft.server.log.segment.size.max = 4194304 (custom)
2022-04-26 01:53:36,383 [pool-453-thread-1] INFO  server.RaftServerConfigKeys (ConfUtils.java:logGet(44)) - raft.server.log.preallocated.size = 4194304 (custom)
2022-04-26 01:53:36,383 [pool-453-thread-1] INFO  server.RaftServerConfigKeys (ConfUtils.java:logGet(44)) - raft.server.log.force.sync.num = 128 (default)
2022-04-26 01:53:36,383 [pool-453-thread-1] INFO  server.RaftServerConfigKeys (ConfUtils.java:logGet(44)) - raft.server.log.statemachine.data.sync = true (default)
2022-04-26 01:53:36,383 [pool-453-thread-1] INFO  server.RaftServerConfigKeys (ConfUtils.java:logGet(44)) - raft.server.log.statemachine.data.sync.timeout = 10s (default)
2022-04-26 01:53:36,383 [pool-453-thread-1] INFO  server.RaftServerConfigKeys (ConfUtils.java:logGet(44)) - raft.server.log.statemachine.data.sync.timeout.retry = -1 (default)
2022-04-26 01:53:36,390 [pool-453-thread-1] INFO  server.RaftServerConfigKeys (ConfUtils.java:logGet(44)) - raft.server.log.write.buffer.size = 64KB (=65536) (default)
2022-04-26 01:53:36,390 [pool-453-thread-1] INFO  server.RaftServerConfigKeys (ConfUtils.java:logGet(44)) - raft.server.log.statemachine.data.caching.enabled = false (default)
2022-04-26 01:53:36,390 [pool-453-thread-1] INFO  segmented.SegmentedRaftLogWorker (SegmentedRaftLogWorker.java:lambda$new$0(133)) - om1@group-C5BA1605619E-SegmentedRaftLogWorker: flushIndex: setUnconditionally 0 -> -1
2022-04-26 01:53:36,390 [pool-453-thread-1] INFO  segmented.SegmentedRaftLogWorker (SegmentedRaftLogWorker.java:lambda$new$0(133)) - om1@group-C5BA1605619E-SegmentedRaftLogWorker: safeCacheEvictIndex: setUnconditionally 0 -> -1
2022-04-26 01:53:36,401 [pool-453-thread-1] INFO  server.RaftServerConfigKeys (ConfUtils.java:logGet(44)) - raft.server.snapshot.auto.trigger.enabled = true (custom)
2022-04-26 01:53:36,401 [pool-453-thread-1] INFO  server.RaftServerConfigKeys (ConfUtils.java:logGet(44)) - raft.server.snapshot.auto.trigger.threshold = 400000 (default)
2022-04-26 01:53:36,401 [pool-453-thread-1] INFO  server.RaftServerConfigKeys (ConfUtils.java:logGet(44)) - raft.server.snapshot.retention.file.num = -1 (default)
2022-04-26 01:53:36,401 [pool-453-thread-1] INFO  server.RaftServerConfigKeys (ConfUtils.java:logGet(44)) - raft.server.log.purge.upto.snapshot.index = true (custom)
2022-04-26 01:53:36,401 [pool-453-thread-1] INFO  server.RaftServerConfigKeys (ConfUtils.java:logGet(44)) - raft.server.retrycache.expirytime = 300s (custom)
2022-04-26 01:53:36,401 [pool-453-thread-1] INFO  server.RaftServerConfigKeys (ConfUtils.java:logGet(44)) - raft.server.retrycache.statistics.expirytime = 100μs (default)
2022-04-26 01:53:37,397 [Listener at 0.0.0.0/41795] INFO  reflections.Reflections (Reflections.java:scan(232)) - Reflections took 1029 ms to scan 18 urls, producing 61 keys and 3645 values [using 2 cores]
2022-04-26 01:53:37,398 [Listener at 0.0.0.0/41795] INFO  ipc.CallQueueManager (CallQueueManager.java:<init>(90)) - Using callQueue: class java.util.concurrent.LinkedBlockingQueue, queueCapacity: 2000, scheduler: class org.apache.hadoop.ipc.DefaultRpcScheduler, ipcBackoff: false.
2022-04-26 01:53:37,401 [Socket Reader #1 for port 0] INFO  ipc.Server (Server.java:run(1265)) - Starting Socket Reader #1 for port 0
2022-04-26 01:53:37,447 [Listener at 127.0.0.1/40803] INFO  impl.MetricsSystemImpl (MetricsSystemImpl.java:init(158)) - OzoneManager metrics system started (again)
2022-04-26 01:53:37,487 [Listener at 127.0.0.1/40803] INFO  om.OzoneManager (OzoneManager.java:start(1367)) - OzoneManager RPC server is listening at localhost/127.0.0.1:40803
2022-04-26 01:53:37,487 [Listener at 127.0.0.1/40803] INFO  ratis.OzoneManagerRatisServer (OzoneManagerRatisServer.java:start(554)) - Starting OzoneManagerRatisServer om1 at port 9872
2022-04-26 01:53:37,487 [Listener at 127.0.0.1/40803] INFO  server.RaftServer$Division (RaftServerImpl.java:start(301)) - om1@group-C5BA1605619E: start as a follower, conf=-1: [om1|rpc:localhost:9872|priority:0], old=null
2022-04-26 01:53:37,487 [Listener at 127.0.0.1/40803] INFO  server.RaftServer$Division (RaftServerImpl.java:setRole(290)) - om1@group-C5BA1605619E: changes role from      null to FOLLOWER at term 0 for startAsFollower
2022-04-26 01:53:37,487 [Listener at 127.0.0.1/40803] INFO  impl.RoleInfo (RoleInfo.java:updateAndGet(130)) - om1: start om1@group-C5BA1605619E-FollowerState
2022-04-26 01:53:37,496 [Listener at 127.0.0.1/40803] INFO  util.JmxRegister (JmxRegister.java:tryRegister(44)) - Successfully registered JMX Bean with object name Ratis:service=RaftServer,group=group-C5BA1605619E,id=om1
2022-04-26 01:53:37,513 [Listener at 127.0.0.1/40803] INFO  server.RaftServer (RaftServerProxy.java:lambda$start$5(374)) - om1: start RPC server
2022-04-26 01:53:37,533 [Listener at 127.0.0.1/40803] INFO  server.GrpcService (GrpcService.java:startImpl(253)) - om1: GrpcService started, listening on 9872
2022-04-26 01:53:37,553 [Listener at 127.0.0.1/40803] INFO  om.OzoneManager (OzoneManager.java:start(1383)) - Version File has different layout version (1) than OM DB (null). That is expected if this OM has never been finalized to a newer layout version.
2022-04-26 01:53:37,553 [org.apache.ratis.util.JvmPauseMonitor$$Lambda$580/456889832@2a4b9aa0] INFO  util.JvmPauseMonitor (JvmPauseMonitor.java:run(103)) - JvmPauseMonitor-om1: Started
2022-04-26 01:53:37,583 [Listener at 127.0.0.1/40803] INFO  http.BaseHttpServer (BaseHttpServer.java:newHttpServer2BuilderForOzone(209)) - Starting Web-server for ozoneManager at: http://0.0.0.0:0
2022-04-26 01:53:37,583 [Listener at 127.0.0.1/40803] INFO  http.BaseHttpServer (BaseHttpServer.java:<init>(107)) - Hadoop Security Enabled: false Ozone Security Enabled: false Ozone HTTP Security Enabled: false 
2022-04-26 01:53:37,585 [Listener at 127.0.0.1/40803] INFO  server.AuthenticationFilter (AuthenticationFilter.java:constructSecretProvider(240)) - Unable to initialize FileSignerSecretProvider, falling back to use random secrets.
2022-04-26 01:53:37,617 [Listener at 127.0.0.1/40803] WARN  http.HttpRequestLog (HttpRequestLog.java:getRequestLog(103)) - Jetty request log can only be enabled using Log4j
2022-04-26 01:53:37,618 [Listener at 127.0.0.1/40803] INFO  http.HttpServer2 (HttpServer2.java:addGlobalFilter(1030)) - Added global filter 'safety' (class=org.apache.hadoop.hdds.server.http.HttpServer2$QuotingInputFilter)
2022-04-26 01:53:37,619 [Listener at 127.0.0.1/40803] INFO  http.HttpServer2 (HttpServer2.java:addFilter(1006)) - Added filter static_user_filter (class=org.apache.hadoop.http.lib.StaticUserWebFilter$StaticUserFilter) to context ozoneManager
2022-04-26 01:53:37,619 [Listener at 127.0.0.1/40803] INFO  http.HttpServer2 (HttpServer2.java:addFilter(1014)) - Added filter static_user_filter (class=org.apache.hadoop.http.lib.StaticUserWebFilter$StaticUserFilter) to context logs
2022-04-26 01:53:37,619 [Listener at 127.0.0.1/40803] INFO  http.HttpServer2 (HttpServer2.java:addFilter(1014)) - Added filter static_user_filter (class=org.apache.hadoop.http.lib.StaticUserWebFilter$StaticUserFilter) to context static
2022-04-26 01:53:37,620 [Listener at 127.0.0.1/40803] INFO  http.HttpServer2 (HttpServer2.java:bindListener(1249)) - Jetty bound to port 34839
2022-04-26 01:53:37,620 [Listener at 127.0.0.1/40803] INFO  server.Server (Server.java:doStart(375)) - jetty-9.4.43.v20210629; built: 2021-06-30T11:07:22.254Z; git: 526006ecfa3af7f1a27ef3a288e2bef7ea9dd7e8; jvm 1.8.0_322-b06
2022-04-26 01:53:37,666 [Listener at 127.0.0.1/40803] INFO  server.session (DefaultSessionIdManager.java:doStart(334)) - DefaultSessionIdManager workerName=node0
2022-04-26 01:53:37,666 [Listener at 127.0.0.1/40803] INFO  server.session (DefaultSessionIdManager.java:doStart(339)) - No SessionScavenger set, using defaults
2022-04-26 01:53:37,666 [Listener at 127.0.0.1/40803] INFO  server.session (HouseKeeper.java:startScavenging(132)) - node0 Scavenging every 660000ms
2022-04-26 01:53:37,674 [Listener at 127.0.0.1/40803] INFO  handler.ContextHandler (ContextHandler.java:doStart(915)) - Started o.e.j.s.ServletContextHandler@27db378a{logs,/logs,file:///home/runner/work/ozone/ozone/hadoop-ozone/integration-test/target/log,AVAILABLE}
2022-04-26 01:53:37,674 [Listener at 127.0.0.1/40803] INFO  handler.ContextHandler (ContextHandler.java:doStart(915)) - Started o.e.j.s.ServletContextHandler@546b4d6c{static,/static,file:///home/runner/work/ozone/ozone/hadoop-ozone/integration-test/target/test-classes/webapps/static,AVAILABLE}
2022-04-26 01:53:37,680 [Listener at 127.0.0.1/40803] INFO  handler.ContextHandler (ContextHandler.java:doStart(915)) - Started o.e.j.w.WebAppContext@3e8712b0{ozoneManager,/,file:///home/runner/work/ozone/ozone/hadoop-ozone/integration-test/target/test-classes/webapps/ozoneManager/,AVAILABLE}{file:/home/runner/work/ozone/ozone/hadoop-ozone/integration-test/target/test-classes/webapps/ozoneManager}
2022-04-26 01:53:37,717 [Listener at 127.0.0.1/40803] INFO  server.AbstractConnector (AbstractConnector.java:doStart(331)) - Started ServerConnector@60d7f351{HTTP/1.1, (http/1.1)}{0.0.0.0:34839}
2022-04-26 01:53:37,717 [Listener at 127.0.0.1/40803] INFO  server.Server (Server.java:doStart(415)) - Started @129601ms
2022-04-26 01:53:37,717 [Listener at 127.0.0.1/40803] WARN  impl.MetricsSystemImpl (MetricsSystemImpl.java:register(279)) - Sink prometheus already exists!
2022-04-26 01:53:37,725 [Listener at 127.0.0.1/40803] INFO  http.BaseHttpServer (BaseHttpServer.java:updateConnectorAddress(329)) - HTTP server of ozoneManager listening at http://0.0.0.0:34839
2022-04-26 01:53:37,729 [IPC Server Responder] INFO  ipc.Server (Server.java:run(1507)) - IPC Server Responder: starting
2022-04-26 01:53:37,737 [IPC Server listener on 0] INFO  ipc.Server (Server.java:run(1344)) - IPC Server listener on 0: starting
2022-04-26 01:53:37,823 [Listener at 127.0.0.1/40803] INFO  om.TrashPolicyOzone (TrashPolicyOzone.java:<init>(178)) - Ozone Manager trash configuration: Deletion interval = 0 minutes, Emptier interval = 0 minutes.
2022-04-26 01:53:37,845 [org.apache.hadoop.util.JvmPauseMonitor$Monitor@379def3d] INFO  util.JvmPauseMonitor (JvmPauseMonitor.java:run(188)) - Starting JVM pause monitor
2022-04-26 01:53:37,874 [Listener at 127.0.0.1/40803] WARN  impl.MetricRegistriesImpl (MetricRegistriesImpl.java:addReporterRegistration(111)) - New reporters are added after registries were created. Some metrics will be missing from the reporter. Please add reporter before adding any new registry.
2022-04-26 01:53:37,875 [Listener at 127.0.0.1/40803] WARN  impl.MetricRegistriesImpl (MetricRegistriesImpl.java:addReporterRegistration(111)) - New reporters are added after registries were created. Some metrics will be missing from the reporter. Please add reporter before adding any new registry.
2022-04-26 01:53:37,875 [Listener at 127.0.0.1/40803] INFO  impl.MetricsSystemImpl (MetricsSystemImpl.java:init(158)) - HddsDatanode metrics system started (again)
2022-04-26 01:53:37,928 [Listener at 127.0.0.1/40803] INFO  ozone.HddsDatanodeService (HddsDatanodeService.java:start(233)) - HddsDatanodeService host:fv-az50-870.grzltbmokehuzjyc5b133kdqgh.cx.internal.cloudapp.net ip:10.1.0.42
2022-04-26 01:53:37,993 [Listener at 127.0.0.1/40803] INFO  upgrade.AbstractLayoutVersionManager (AbstractLayoutVersionManager.java:init(79)) - Initializing Layout version manager with metadata layout = ERASURE_CODED_STORAGE_SUPPORT (version = 3), software layout = ERASURE_CODED_STORAGE_SUPPORT (version = 3)
2022-04-26 01:53:38,061 [Listener at 127.0.0.1/40803] INFO  reflections.Reflections (Reflections.java:scan(232)) - Reflections took 67 ms to scan 7 urls, producing 126 keys and 287 values 
2022-04-26 01:53:38,063 [Listener at 127.0.0.1/40803] INFO  statemachine.DatanodeStateMachine (DatanodeStateMachine.java:getEndPointTaskThreadPoolSize(224)) - Datanode State Machine Task Thread Pool size 2
2022-04-26 01:53:38,064 [Listener at 127.0.0.1/40803] INFO  volume.HddsVolume (HddsVolume.java:<init>(120)) - Creating HddsVolume: /home/runner/work/ozone/ozone/hadoop-ozone/integration-test/target/test-dir/MiniOzoneClusterImpl-f75a2855-399a-402c-9e8b-90c3c75b347d/datanode-0/data-0/containers/hdds of storage type : DISK capacity : 9223372036854775807
2022-04-26 01:53:38,064 [Listener at 127.0.0.1/40803] INFO  volume.MutableVolumeSet (MutableVolumeSet.java:initializeVolumeSet(168)) - Added Volume : /home/runner/work/ozone/ozone/hadoop-ozone/integration-test/target/test-dir/MiniOzoneClusterImpl-f75a2855-399a-402c-9e8b-90c3c75b347d/datanode-0/data-0/containers/hdds to VolumeSet
2022-04-26 01:53:38,064 [Listener at 127.0.0.1/40803] INFO  volume.ThrottledAsyncChecker (ThrottledAsyncChecker.java:schedule(141)) - Scheduling a check for /home/runner/work/ozone/ozone/hadoop-ozone/integration-test/target/test-dir/MiniOzoneClusterImpl-f75a2855-399a-402c-9e8b-90c3c75b347d/datanode-0/data-0/containers/hdds
2022-04-26 01:53:38,065 [Listener at 127.0.0.1/40803] INFO  volume.StorageVolumeChecker (StorageVolumeChecker.java:checkAllVolumes(202)) - Scheduled health check for volume /home/runner/work/ozone/ozone/hadoop-ozone/integration-test/target/test-dir/MiniOzoneClusterImpl-f75a2855-399a-402c-9e8b-90c3c75b347d/datanode-0/data-0/containers/hdds
2022-04-26 01:53:38,104 [Listener at 127.0.0.1/40803] INFO  volume.MutableVolumeSet (MutableVolumeSet.java:initializeVolumeSet(168)) - Added Volume : /home/runner/work/ozone/ozone/hadoop-ozone/integration-test/target/test-dir/MiniOzoneClusterImpl-f75a2855-399a-402c-9e8b-90c3c75b347d/datanode-0/data/ratis to VolumeSet
2022-04-26 01:53:38,105 [Listener at 127.0.0.1/40803] INFO  volume.ThrottledAsyncChecker (ThrottledAsyncChecker.java:schedule(141)) - Scheduling a check for /home/runner/work/ozone/ozone/hadoop-ozone/integration-test/target/test-dir/MiniOzoneClusterImpl-f75a2855-399a-402c-9e8b-90c3c75b347d/datanode-0/data/ratis
2022-04-26 01:53:38,105 [Listener at 127.0.0.1/40803] INFO  volume.StorageVolumeChecker (StorageVolumeChecker.java:checkAllVolumes(202)) - Scheduled health check for volume /home/runner/work/ozone/ozone/hadoop-ozone/integration-test/target/test-dir/MiniOzoneClusterImpl-f75a2855-399a-402c-9e8b-90c3c75b347d/datanode-0/data/ratis
2022-04-26 01:53:38,123 [Thread-936] INFO  ozoneimpl.ContainerReader (ContainerReader.java:readVolume(172)) - Finish verifying containers on volume /home/runner/work/ozone/ozone/hadoop-ozone/integration-test/target/test-dir/MiniOzoneClusterImpl-f75a2855-399a-402c-9e8b-90c3c75b347d/datanode-0/data-0/containers/hdds
2022-04-26 01:53:38,123 [Listener at 127.0.0.1/40803] INFO  ozoneimpl.OzoneContainer (OzoneContainer.java:buildContainerSet(257)) - Build ContainerSet costs 0s
2022-04-26 01:53:38,161 [Listener at 127.0.0.1/40803] INFO  server.RaftServer (ConfUtils.java:logGet(44)) - raft.rpc.type = GRPC (default)
2022-04-26 01:53:38,162 [Listener at 127.0.0.1/40803] INFO  grpc.GrpcFactory (GrpcFactory.java:checkPooledByteBufAllocatorUseCacheForAllThreads(48)) - PERFORMANCE WARNING: useCacheForAllThreads is true that may cause Netty to create a lot garbage objects and, as a result, trigger GC.
	It is recommended to disable useCacheForAllThreads by setting -Dorg.apache.ratis.thirdparty.io.netty.allocator.useCacheForAllThreads=false in command line.
2022-04-26 01:53:38,162 [Listener at 127.0.0.1/40803] INFO  grpc.GrpcConfigKeys (ConfUtils.java:logGet(44)) - raft.grpc.admin.port = 0 (custom)
2022-04-26 01:53:38,162 [Listener at 127.0.0.1/40803] INFO  grpc.GrpcConfigKeys (ConfUtils.java:logGet(44)) - raft.grpc.client.port = 0 (custom)
2022-04-26 01:53:38,162 [Listener at 127.0.0.1/40803] INFO  grpc.GrpcConfigKeys (ConfUtils.java:logGet(44)) - raft.grpc.server.port = 0 (default)
2022-04-26 01:53:38,162 [Listener at 127.0.0.1/40803] INFO  server.GrpcService (ConfUtils.java:logGet(44)) - raft.grpc.message.size.max = 32MB (=33554432) (custom)
2022-04-26 01:53:38,162 [Listener at 127.0.0.1/40803] INFO  server.RaftServerConfigKeys (ConfUtils.java:logGet(44)) - raft.server.log.appender.buffer.byte-limit = 33554432 (custom)
2022-04-26 01:53:38,162 [Listener at 127.0.0.1/40803] INFO  server.GrpcService (ConfUtils.java:logGet(44)) - raft.grpc.flow.control.window = 5MB (=5242880) (custom)
2022-04-26 01:53:38,162 [Listener at 127.0.0.1/40803] INFO  server.RaftServerConfigKeys (ConfUtils.java:logGet(44)) - raft.server.rpc.request.timeout = 60s (custom)
2022-04-26 01:53:38,163 [Listener at 127.0.0.1/40803] INFO  impl.DataStreamServerImpl (ConfUtils.java:logGet(44)) - raft.datastream.type = DISABLED (default)
2022-04-26 01:53:38,164 [Listener at 127.0.0.1/40803] INFO  server.RaftServerConfigKeys (ConfUtils.java:logGet(44)) - raft.server.rpc.slowness.timeout = 300s (custom)
2022-04-26 01:53:38,164 [Listener at 127.0.0.1/40803] INFO  server.RaftServerConfigKeys (ConfUtils.java:logGet(44)) - raft.server.leaderelection.leader.step-down.wait-time = 10s (default)
2022-04-26 01:53:38,164 [Listener at 127.0.0.1/40803] INFO  server.RaftServerConfigKeys (ConfUtils.java:logGet(44)) - raft.server.storage.dir = [/home/runner/work/ozone/ozone/hadoop-ozone/integration-test/target/test-dir/MiniOzoneClusterImpl-f75a2855-399a-402c-9e8b-90c3c75b347d/datanode-0/data/ratis] (custom)
2022-04-26 01:53:38,165 [Listener at 127.0.0.1/40803] INFO  server.XceiverServerGrpc (XceiverServerGrpc.java:<init>(132)) - GrpcServer channel type EpollServerSocketChannel
2022-04-26 01:53:38,178 [Listener at 127.0.0.1/40803] INFO  http.BaseHttpServer (BaseHttpServer.java:newHttpServer2BuilderForOzone(209)) - Starting Web-server for hddsDatanode at: http://0.0.0.0:0
2022-04-26 01:53:38,178 [Listener at 127.0.0.1/40803] INFO  http.BaseHttpServer (BaseHttpServer.java:<init>(107)) - Hadoop Security Enabled: false Ozone Security Enabled: false Ozone HTTP Security Enabled: false 
2022-04-26 01:53:38,179 [Listener at 127.0.0.1/40803] INFO  server.AuthenticationFilter (AuthenticationFilter.java:constructSecretProvider(240)) - Unable to initialize FileSignerSecretProvider, falling back to use random secrets.
2022-04-26 01:53:38,187 [Listener at 127.0.0.1/40803] WARN  http.HttpRequestLog (HttpRequestLog.java:getRequestLog(103)) - Jetty request log can only be enabled using Log4j
2022-04-26 01:53:38,188 [Listener at 127.0.0.1/40803] INFO  http.HttpServer2 (HttpServer2.java:addGlobalFilter(1030)) - Added global filter 'safety' (class=org.apache.hadoop.hdds.server.http.HttpServer2$QuotingInputFilter)
2022-04-26 01:53:38,189 [Listener at 127.0.0.1/40803] INFO  http.HttpServer2 (HttpServer2.java:addFilter(1006)) - Added filter static_user_filter (class=org.apache.hadoop.http.lib.StaticUserWebFilter$StaticUserFilter) to context hddsDatanode
2022-04-26 01:53:38,189 [Listener at 127.0.0.1/40803] INFO  http.HttpServer2 (HttpServer2.java:addFilter(1014)) - Added filter static_user_filter (class=org.apache.hadoop.http.lib.StaticUserWebFilter$StaticUserFilter) to context logs
2022-04-26 01:53:38,189 [Listener at 127.0.0.1/40803] INFO  http.HttpServer2 (HttpServer2.java:addFilter(1014)) - Added filter static_user_filter (class=org.apache.hadoop.http.lib.StaticUserWebFilter$StaticUserFilter) to context static
2022-04-26 01:53:38,189 [Listener at 127.0.0.1/40803] INFO  http.HttpServer2 (HttpServer2.java:bindListener(1249)) - Jetty bound to port 40347
2022-04-26 01:53:38,189 [Listener at 127.0.0.1/40803] INFO  server.Server (Server.java:doStart(375)) - jetty-9.4.43.v20210629; built: 2021-06-30T11:07:22.254Z; git: 526006ecfa3af7f1a27ef3a288e2bef7ea9dd7e8; jvm 1.8.0_322-b06
2022-04-26 01:53:38,195 [Listener at 127.0.0.1/40803] INFO  server.session (DefaultSessionIdManager.java:doStart(334)) - DefaultSessionIdManager workerName=node0
2022-04-26 01:53:38,195 [Listener at 127.0.0.1/40803] INFO  server.session (DefaultSessionIdManager.java:doStart(339)) - No SessionScavenger set, using defaults
2022-04-26 01:53:38,195 [Listener at 127.0.0.1/40803] INFO  server.session (HouseKeeper.java:startScavenging(132)) - node0 Scavenging every 600000ms
2022-04-26 01:53:38,196 [Listener at 127.0.0.1/40803] INFO  handler.ContextHandler (ContextHandler.java:doStart(915)) - Started o.e.j.s.ServletContextHandler@57f39200{logs,/logs,file:///home/runner/work/ozone/ozone/hadoop-ozone/integration-test/target/log,AVAILABLE}
2022-04-26 01:53:38,196 [Listener at 127.0.0.1/40803] INFO  handler.ContextHandler (ContextHandler.java:doStart(915)) - Started o.e.j.s.ServletContextHandler@158f4c22{static,/static,jar:file:/home/runner/.m2/repository/org/apache/ozone/hdds-container-service/1.3.0-SNAPSHOT/hdds-container-service-1.3.0-SNAPSHOT.jar!/webapps/static,AVAILABLE}
2022-04-26 01:53:38,325 [Listener at 127.0.0.1/40803] INFO  handler.ContextHandler (ContextHandler.java:doStart(915)) - Started o.e.j.w.WebAppContext@6d0c95d3{hddsDatanode,/,file:///tmp/jetty-0_0_0_0-40347-hdds-container-service-1_3_0-SNAPSHOT_jar-_-any-6488023413459562976/webapp/,AVAILABLE}{jar:file:/home/runner/.m2/repository/org/apache/ozone/hdds-container-service/1.3.0-SNAPSHOT/hdds-container-service-1.3.0-SNAPSHOT.jar!/webapps/hddsDatanode}
2022-04-26 01:53:38,378 [Listener at 127.0.0.1/40803] INFO  server.AbstractConnector (AbstractConnector.java:doStart(331)) - Started ServerConnector@25a1888{HTTP/1.1, (http/1.1)}{0.0.0.0:40347}
2022-04-26 01:53:38,378 [Listener at 127.0.0.1/40803] INFO  server.Server (Server.java:doStart(415)) - Started @130262ms
2022-04-26 01:53:38,378 [Listener at 127.0.0.1/40803] WARN  impl.MetricsSystemImpl (MetricsSystemImpl.java:register(279)) - Sink prometheus already exists!
2022-04-26 01:53:38,379 [Listener at 127.0.0.1/40803] INFO  http.BaseHttpServer (BaseHttpServer.java:updateConnectorAddress(329)) - HTTP server of hddsDatanode listening at http://0.0.0.0:40347
2022-04-26 01:53:38,384 [Listener at 127.0.0.1/40803] WARN  impl.MetricRegistriesImpl (MetricRegistriesImpl.java:addReporterRegistration(111)) - New reporters are added after registries were created. Some metrics will be missing from the reporter. Please add reporter before adding any new registry.
2022-04-26 01:53:38,384 [Listener at 127.0.0.1/40803] WARN  impl.MetricRegistriesImpl (MetricRegistriesImpl.java:addReporterRegistration(111)) - New reporters are added after registries were created. Some metrics will be missing from the reporter. Please add reporter before adding any new registry.
2022-04-26 01:53:38,384 [Listener at 127.0.0.1/40803] INFO  impl.MetricsSystemImpl (MetricsSystemImpl.java:init(158)) - HddsDatanode metrics system started (again)
2022-04-26 01:53:38,411 [Listener at 127.0.0.1/40803] INFO  ozone.HddsDatanodeService (HddsDatanodeService.java:start(233)) - HddsDatanodeService host:fv-az50-870.grzltbmokehuzjyc5b133kdqgh.cx.internal.cloudapp.net ip:10.1.0.42
2022-04-26 01:53:38,414 [Datanode State Machine Daemon Thread] INFO  statemachine.DatanodeStateMachine (DatanodeStateMachine.java:lambda$startDaemon$0(472)) - Ozone container server started.
2022-04-26 01:53:38,429 [org.apache.hadoop.util.JvmPauseMonitor$Monitor@761a1eb] INFO  util.JvmPauseMonitor (JvmPauseMonitor.java:run(188)) - Starting JVM pause monitor
2022-04-26 01:53:38,449 [Datanode State Machine Task Thread - 0] INFO  datanode.InitDatanodeState (InitDatanodeState.java:persistContainerDatanodeDetails(138)) - DatanodeDetails is persisted to /home/runner/work/ozone/ozone/hadoop-ozone/integration-test/target/test-dir/MiniOzoneClusterImpl-f75a2855-399a-402c-9e8b-90c3c75b347d/datanode-0/meta/datanode.id
2022-04-26 01:53:38,490 [Listener at 127.0.0.1/40803] INFO  upgrade.AbstractLayoutVersionManager (AbstractLayoutVersionManager.java:init(79)) - Initializing Layout version manager with metadata layout = ERASURE_CODED_STORAGE_SUPPORT (version = 3), software layout = ERASURE_CODED_STORAGE_SUPPORT (version = 3)
2022-04-26 01:53:38,555 [Listener at 127.0.0.1/40803] INFO  reflections.Reflections (Reflections.java:scan(232)) - Reflections took 64 ms to scan 7 urls, producing 126 keys and 287 values 
2022-04-26 01:53:38,562 [Listener at 127.0.0.1/40803] INFO  statemachine.DatanodeStateMachine (DatanodeStateMachine.java:getEndPointTaskThreadPoolSize(224)) - Datanode State Machine Task Thread Pool size 2
2022-04-26 01:53:38,563 [Listener at 127.0.0.1/40803] INFO  volume.HddsVolume (HddsVolume.java:<init>(120)) - Creating HddsVolume: /home/runner/work/ozone/ozone/hadoop-ozone/integration-test/target/test-dir/MiniOzoneClusterImpl-f75a2855-399a-402c-9e8b-90c3c75b347d/datanode-1/data-0/containers/hdds of storage type : DISK capacity : 9223372036854775807
2022-04-26 01:53:38,563 [Listener at 127.0.0.1/40803] INFO  volume.MutableVolumeSet (MutableVolumeSet.java:initializeVolumeSet(168)) - Added Volume : /home/runner/work/ozone/ozone/hadoop-ozone/integration-test/target/test-dir/MiniOzoneClusterImpl-f75a2855-399a-402c-9e8b-90c3c75b347d/datanode-1/data-0/containers/hdds to VolumeSet
2022-04-26 01:53:38,564 [Listener at 127.0.0.1/40803] INFO  volume.ThrottledAsyncChecker (ThrottledAsyncChecker.java:schedule(141)) - Scheduling a check for /home/runner/work/ozone/ozone/hadoop-ozone/integration-test/target/test-dir/MiniOzoneClusterImpl-f75a2855-399a-402c-9e8b-90c3c75b347d/datanode-1/data-0/containers/hdds
2022-04-26 01:53:38,604 [Listener at 127.0.0.1/40803] INFO  volume.StorageVolumeChecker (StorageVolumeChecker.java:checkAllVolumes(202)) - Scheduled health check for volume /home/runner/work/ozone/ozone/hadoop-ozone/integration-test/target/test-dir/MiniOzoneClusterImpl-f75a2855-399a-402c-9e8b-90c3c75b347d/datanode-1/data-0/containers/hdds
2022-04-26 01:53:38,635 [Listener at 127.0.0.1/40803] INFO  volume.MutableVolumeSet (MutableVolumeSet.java:initializeVolumeSet(168)) - Added Volume : /home/runner/work/ozone/ozone/hadoop-ozone/integration-test/target/test-dir/MiniOzoneClusterImpl-f75a2855-399a-402c-9e8b-90c3c75b347d/datanode-1/data/ratis to VolumeSet
2022-04-26 01:53:38,635 [Listener at 127.0.0.1/40803] INFO  volume.ThrottledAsyncChecker (ThrottledAsyncChecker.java:schedule(141)) - Scheduling a check for /home/runner/work/ozone/ozone/hadoop-ozone/integration-test/target/test-dir/MiniOzoneClusterImpl-f75a2855-399a-402c-9e8b-90c3c75b347d/datanode-1/data/ratis
2022-04-26 01:53:38,637 [Listener at 127.0.0.1/40803] INFO  volume.StorageVolumeChecker (StorageVolumeChecker.java:checkAllVolumes(202)) - Scheduled health check for volume /home/runner/work/ozone/ozone/hadoop-ozone/integration-test/target/test-dir/MiniOzoneClusterImpl-f75a2855-399a-402c-9e8b-90c3c75b347d/datanode-1/data/ratis
2022-04-26 01:53:38,644 [om1@group-C5BA1605619E-FollowerState] INFO  impl.FollowerState (FollowerState.java:run(134)) - om1@group-C5BA1605619E-FollowerState: change to CANDIDATE, lastRpcElapsedTime:1156819001ns, electionTimeout:1091ms
2022-04-26 01:53:38,644 [om1@group-C5BA1605619E-FollowerState] INFO  impl.RoleInfo (RoleInfo.java:shutdownFollowerState(108)) - om1: shutdown om1@group-C5BA1605619E-FollowerState
2022-04-26 01:53:38,645 [om1@group-C5BA1605619E-FollowerState] INFO  server.RaftServer$Division (RaftServerImpl.java:setRole(290)) - om1@group-C5BA1605619E: changes role from  FOLLOWER to CANDIDATE at term 0 for changeToCandidate
2022-04-26 01:53:38,645 [om1@group-C5BA1605619E-FollowerState] INFO  server.RaftServerConfigKeys (ConfUtils.java:logGet(44)) - raft.server.leaderelection.pre-vote = false (custom)
2022-04-26 01:53:38,645 [om1@group-C5BA1605619E-FollowerState] INFO  impl.RoleInfo (RoleInfo.java:updateAndGet(130)) - om1: start om1@group-C5BA1605619E-LeaderElection31
2022-04-26 01:53:38,698 [Thread-949] INFO  ozoneimpl.ContainerReader (ContainerReader.java:readVolume(172)) - Finish verifying containers on volume /home/runner/work/ozone/ozone/hadoop-ozone/integration-test/target/test-dir/MiniOzoneClusterImpl-f75a2855-399a-402c-9e8b-90c3c75b347d/datanode-1/data-0/containers/hdds
2022-04-26 01:53:38,699 [Listener at 127.0.0.1/40803] INFO  ozoneimpl.OzoneContainer (OzoneContainer.java:buildContainerSet(257)) - Build ContainerSet costs 0s
2022-04-26 01:53:38,705 [Listener at 127.0.0.1/40803] INFO  server.RaftServer (ConfUtils.java:logGet(44)) - raft.rpc.type = GRPC (default)
2022-04-26 01:53:38,715 [om1@group-C5BA1605619E-LeaderElection31] INFO  impl.LeaderElection (LeaderElection.java:askForVotes(306)) - om1@group-C5BA1605619E-LeaderElection31 ELECTION round 0: submit vote requests at term 1 for -1: [om1|rpc:localhost:9872|priority:0], old=null
2022-04-26 01:53:38,737 [om1@group-C5BA1605619E-LeaderElection31] INFO  impl.LeaderElection (LeaderElection.java:askForVotes(308)) - om1@group-C5BA1605619E-LeaderElection31 ELECTION round 0: result PASSED (term=1)
2022-04-26 01:53:38,737 [om1@group-C5BA1605619E-LeaderElection31] INFO  impl.RoleInfo (RoleInfo.java:shutdownLeaderElection(121)) - om1: shutdown om1@group-C5BA1605619E-LeaderElection31
2022-04-26 01:53:38,737 [om1@group-C5BA1605619E-LeaderElection31] INFO  server.RaftServer$Division (RaftServerImpl.java:setRole(290)) - om1@group-C5BA1605619E: changes role from CANDIDATE to LEADER at term 1 for changeToLeader
2022-04-26 01:53:38,737 [om1@group-C5BA1605619E-LeaderElection31] INFO  server.RaftServer$Division (ServerState.java:setLeader(285)) - om1@group-C5BA1605619E: change Leader from null to om1 at term 1 for becomeLeader, leader elected after 2355ms
2022-04-26 01:53:38,737 [om1@group-C5BA1605619E-LeaderElection31] INFO  server.RaftServerConfigKeys (ConfUtils.java:logGet(44)) - raft.server.staging.catchup.gap = 1000 (default)
2022-04-26 01:53:38,738 [om1@group-C5BA1605619E-LeaderElection31] INFO  server.RaftServerConfigKeys (ConfUtils.java:logGet(44)) - raft.server.write.element-limit = 4096 (default)
2022-04-26 01:53:38,738 [om1@group-C5BA1605619E-LeaderElection31] INFO  server.RaftServerConfigKeys (ConfUtils.java:logGet(44)) - raft.server.write.byte-limit = 64MB (=67108864) (default)
2022-04-26 01:53:38,738 [om1@group-C5BA1605619E-LeaderElection31] INFO  server.RaftServerConfigKeys (ConfUtils.java:logGet(44)) - raft.server.watch.timeout = 10s (default)
2022-04-26 01:53:38,738 [om1@group-C5BA1605619E-LeaderElection31] INFO  server.RaftServerConfigKeys (ConfUtils.java:logGet(44)) - raft.server.watch.timeout.denomination = 1s (default)
2022-04-26 01:53:38,738 [om1@group-C5BA1605619E-LeaderElection31] INFO  server.RaftServerConfigKeys (ConfUtils.java:logGet(44)) - raft.server.watch.element-limit = 65536 (default)
2022-04-26 01:53:38,738 [om1@group-C5BA1605619E-LeaderElection31] INFO  server.RaftServerConfigKeys (ConfUtils.java:logGet(44)) - raft.server.write.element-limit = 4096 (default)
2022-04-26 01:53:38,738 [om1@group-C5BA1605619E-LeaderElection31] INFO  server.RaftServerConfigKeys (ConfUtils.java:logGet(44)) - raft.server.write.follower.gap.ratio.max = -1.0 (default)
2022-04-26 01:53:38,738 [om1@group-C5BA1605619E-LeaderElection31] INFO  impl.RoleInfo (RoleInfo.java:updateAndGet(130)) - om1: start om1@group-C5BA1605619E-LeaderStateImpl
2022-04-26 01:53:38,738 [om1@group-C5BA1605619E-LeaderElection31] INFO  segmented.SegmentedRaftLogWorker (SegmentedRaftLogWorker.java:startLogSegment(394)) - om1@group-C5BA1605619E-SegmentedRaftLogWorker: Starting segment from index:0
2022-04-26 01:53:38,737 [Listener at 127.0.0.1/40803] INFO  grpc.GrpcFactory (GrpcFactory.java:checkPooledByteBufAllocatorUseCacheForAllThreads(48)) - PERFORMANCE WARNING: useCacheForAllThreads is true that may cause Netty to create a lot garbage objects and, as a result, trigger GC.
	It is recommended to disable useCacheForAllThreads by setting -Dorg.apache.ratis.thirdparty.io.netty.allocator.useCacheForAllThreads=false in command line.
2022-04-26 01:53:38,746 [Listener at 127.0.0.1/40803] INFO  grpc.GrpcConfigKeys (ConfUtils.java:logGet(44)) - raft.grpc.admin.port = 0 (custom)
2022-04-26 01:53:38,746 [Listener at 127.0.0.1/40803] INFO  grpc.GrpcConfigKeys (ConfUtils.java:logGet(44)) - raft.grpc.client.port = 0 (custom)
2022-04-26 01:53:38,746 [Listener at 127.0.0.1/40803] INFO  grpc.GrpcConfigKeys (ConfUtils.java:logGet(44)) - raft.grpc.server.port = 0 (default)
2022-04-26 01:53:38,746 [Listener at 127.0.0.1/40803] INFO  server.GrpcService (ConfUtils.java:logGet(44)) - raft.grpc.message.size.max = 32MB (=33554432) (custom)
2022-04-26 01:53:38,746 [Listener at 127.0.0.1/40803] INFO  server.RaftServerConfigKeys (ConfUtils.java:logGet(44)) - raft.server.log.appender.buffer.byte-limit = 33554432 (custom)
2022-04-26 01:53:38,746 [Listener at 127.0.0.1/40803] INFO  server.GrpcService (ConfUtils.java:logGet(44)) - raft.grpc.flow.control.window = 5MB (=5242880) (custom)
2022-04-26 01:53:38,746 [Listener at 127.0.0.1/40803] INFO  server.RaftServerConfigKeys (ConfUtils.java:logGet(44)) - raft.server.rpc.request.timeout = 60s (custom)
2022-04-26 01:53:38,748 [Listener at 127.0.0.1/40803] INFO  impl.DataStreamServerImpl (ConfUtils.java:logGet(44)) - raft.datastream.type = DISABLED (default)
2022-04-26 01:53:38,748 [Listener at 127.0.0.1/40803] INFO  server.RaftServerConfigKeys (ConfUtils.java:logGet(44)) - raft.server.rpc.slowness.timeout = 300s (custom)
2022-04-26 01:53:38,748 [Listener at 127.0.0.1/40803] INFO  server.RaftServerConfigKeys (ConfUtils.java:logGet(44)) - raft.server.leaderelection.leader.step-down.wait-time = 10s (default)
2022-04-26 01:53:38,748 [Listener at 127.0.0.1/40803] INFO  server.RaftServerConfigKeys (ConfUtils.java:logGet(44)) - raft.server.storage.dir = [/home/runner/work/ozone/ozone/hadoop-ozone/integration-test/target/test-dir/MiniOzoneClusterImpl-f75a2855-399a-402c-9e8b-90c3c75b347d/datanode-1/data/ratis] (custom)
2022-04-26 01:53:38,751 [om1@group-C5BA1605619E-SegmentedRaftLogWorker] INFO  segmented.SegmentedRaftLogWorker (SegmentedRaftLogWorker.java:execute(601)) - om1@group-C5BA1605619E-SegmentedRaftLogWorker: created new log segment /home/runner/work/ozone/ozone/hadoop-ozone/integration-test/target/test-dir/MiniOzoneClusterImpl-f75a2855-399a-402c-9e8b-90c3c75b347d/ozone-meta/ratis/bf265839-605b-3f16-9796-c5ba1605619e/current/log_inprogress_0
2022-04-26 01:53:38,752 [Listener at 127.0.0.1/40803] INFO  server.XceiverServerGrpc (XceiverServerGrpc.java:<init>(132)) - GrpcServer channel type EpollServerSocketChannel
2022-04-26 01:53:38,774 [om1@group-C5BA1605619E-LeaderElection31] INFO  server.RaftServer$Division (ServerState.java:setRaftConf(387)) - om1@group-C5BA1605619E: set configuration 0: [om1|rpc:localhost:9872|admin:|client:|dataStream:|priority:0], old=null
2022-04-26 01:53:38,798 [Listener at 127.0.0.1/40803] INFO  http.BaseHttpServer (BaseHttpServer.java:newHttpServer2BuilderForOzone(209)) - Starting Web-server for hddsDatanode at: http://0.0.0.0:0
2022-04-26 01:53:38,798 [Listener at 127.0.0.1/40803] INFO  http.BaseHttpServer (BaseHttpServer.java:<init>(107)) - Hadoop Security Enabled: false Ozone Security Enabled: false Ozone HTTP Security Enabled: false 
2022-04-26 01:53:38,799 [Listener at 127.0.0.1/40803] INFO  server.AuthenticationFilter (AuthenticationFilter.java:constructSecretProvider(240)) - Unable to initialize FileSignerSecretProvider, falling back to use random secrets.
2022-04-26 01:53:38,821 [Listener at 127.0.0.1/40803] WARN  http.HttpRequestLog (HttpRequestLog.java:getRequestLog(103)) - Jetty request log can only be enabled using Log4j
2022-04-26 01:53:38,829 [Listener at 127.0.0.1/40803] INFO  http.HttpServer2 (HttpServer2.java:addGlobalFilter(1030)) - Added global filter 'safety' (class=org.apache.hadoop.hdds.server.http.HttpServer2$QuotingInputFilter)
2022-04-26 01:53:38,829 [om1@group-C5BA1605619E-StateMachineUpdater] INFO  ratis.OzoneManagerStateMachine (OzoneManagerStateMachine.java:notifyConfigurationChanged(189)) - Received Configuration change notification from Ratis. New Peer list:
[id: "om1"
address: "localhost:9872"
]
2022-04-26 01:53:38,830 [Listener at 127.0.0.1/40803] INFO  http.HttpServer2 (HttpServer2.java:addFilter(1006)) - Added filter static_user_filter (class=org.apache.hadoop.http.lib.StaticUserWebFilter$StaticUserFilter) to context hddsDatanode
2022-04-26 01:53:38,830 [Listener at 127.0.0.1/40803] INFO  http.HttpServer2 (HttpServer2.java:addFilter(1014)) - Added filter static_user_filter (class=org.apache.hadoop.http.lib.StaticUserWebFilter$StaticUserFilter) to context logs
2022-04-26 01:53:38,830 [Listener at 127.0.0.1/40803] INFO  http.HttpServer2 (HttpServer2.java:addFilter(1014)) - Added filter static_user_filter (class=org.apache.hadoop.http.lib.StaticUserWebFilter$StaticUserFilter) to context static
2022-04-26 01:53:38,830 [Listener at 127.0.0.1/40803] INFO  http.HttpServer2 (HttpServer2.java:bindListener(1249)) - Jetty bound to port 36363
2022-04-26 01:53:38,831 [Listener at 127.0.0.1/40803] INFO  server.Server (Server.java:doStart(375)) - jetty-9.4.43.v20210629; built: 2021-06-30T11:07:22.254Z; git: 526006ecfa3af7f1a27ef3a288e2bef7ea9dd7e8; jvm 1.8.0_322-b06
2022-04-26 01:53:38,957 [Listener at 127.0.0.1/40803] INFO  server.session (DefaultSessionIdManager.java:doStart(334)) - DefaultSessionIdManager workerName=node0
2022-04-26 01:53:38,957 [Listener at 127.0.0.1/40803] INFO  server.session (DefaultSessionIdManager.java:doStart(339)) - No SessionScavenger set, using defaults
2022-04-26 01:53:38,957 [Listener at 127.0.0.1/40803] INFO  server.session (HouseKeeper.java:startScavenging(132)) - node0 Scavenging every 600000ms
2022-04-26 01:53:38,990 [Listener at 127.0.0.1/40803] INFO  handler.ContextHandler (ContextHandler.java:doStart(915)) - Started o.e.j.s.ServletContextHandler@114cbcc4{logs,/logs,file:///home/runner/work/ozone/ozone/hadoop-ozone/integration-test/target/log,AVAILABLE}
2022-04-26 01:53:38,990 [Listener at 127.0.0.1/40803] INFO  handler.ContextHandler (ContextHandler.java:doStart(915)) - Started o.e.j.s.ServletContextHandler@68b30f2d{static,/static,jar:file:/home/runner/.m2/repository/org/apache/ozone/hdds-container-service/1.3.0-SNAPSHOT/hdds-container-service-1.3.0-SNAPSHOT.jar!/webapps/static,AVAILABLE}
2022-04-26 01:53:39,172 [Listener at 127.0.0.1/40803] INFO  handler.ContextHandler (ContextHandler.java:doStart(915)) - Started o.e.j.w.WebAppContext@26df5b5e{hddsDatanode,/,file:///tmp/jetty-0_0_0_0-36363-hdds-container-service-1_3_0-SNAPSHOT_jar-_-any-423108018282825335/webapp/,AVAILABLE}{jar:file:/home/runner/.m2/repository/org/apache/ozone/hdds-container-service/1.3.0-SNAPSHOT/hdds-container-service-1.3.0-SNAPSHOT.jar!/webapps/hddsDatanode}
2022-04-26 01:53:39,173 [Listener at 127.0.0.1/40803] INFO  server.AbstractConnector (AbstractConnector.java:doStart(331)) - Started ServerConnector@985b9f6{HTTP/1.1, (http/1.1)}{0.0.0.0:36363}
2022-04-26 01:53:39,173 [Listener at 127.0.0.1/40803] INFO  server.Server (Server.java:doStart(415)) - Started @131057ms
2022-04-26 01:53:39,174 [Listener at 127.0.0.1/40803] WARN  impl.MetricsSystemImpl (MetricsSystemImpl.java:register(279)) - Sink prometheus already exists!
2022-04-26 01:53:39,174 [Listener at 127.0.0.1/40803] INFO  http.BaseHttpServer (BaseHttpServer.java:updateConnectorAddress(329)) - HTTP server of hddsDatanode listening at http://0.0.0.0:36363
2022-04-26 01:53:39,189 [Listener at 127.0.0.1/40803] WARN  impl.MetricRegistriesImpl (MetricRegistriesImpl.java:addReporterRegistration(111)) - New reporters are added after registries were created. Some metrics will be missing from the reporter. Please add reporter before adding any new registry.
2022-04-26 01:53:39,189 [Listener at 127.0.0.1/40803] WARN  impl.MetricRegistriesImpl (MetricRegistriesImpl.java:addReporterRegistration(111)) - New reporters are added after registries were created. Some metrics will be missing from the reporter. Please add reporter before adding any new registry.
2022-04-26 01:53:39,190 [Listener at 127.0.0.1/40803] INFO  impl.MetricsSystemImpl (MetricsSystemImpl.java:init(158)) - HddsDatanode metrics system started (again)
2022-04-26 01:53:39,200 [Datanode State Machine Daemon Thread] INFO  statemachine.DatanodeStateMachine (DatanodeStateMachine.java:lambda$startDaemon$0(472)) - Ozone container server started.
2022-04-26 01:53:39,235 [Listener at 127.0.0.1/40803] INFO  ozone.HddsDatanodeService (HddsDatanodeService.java:start(233)) - HddsDatanodeService host:fv-az50-870.grzltbmokehuzjyc5b133kdqgh.cx.internal.cloudapp.net ip:10.1.0.42
2022-04-26 01:53:39,261 [org.apache.hadoop.util.JvmPauseMonitor$Monitor@7b697e38] INFO  util.JvmPauseMonitor (JvmPauseMonitor.java:run(188)) - Starting JVM pause monitor
2022-04-26 01:53:39,262 [Datanode State Machine Task Thread - 0] INFO  datanode.InitDatanodeState (InitDatanodeState.java:persistContainerDatanodeDetails(138)) - DatanodeDetails is persisted to /home/runner/work/ozone/ozone/hadoop-ozone/integration-test/target/test-dir/MiniOzoneClusterImpl-f75a2855-399a-402c-9e8b-90c3c75b347d/datanode-1/meta/datanode.id
2022-04-26 01:53:39,311 [Listener at 127.0.0.1/40803] INFO  upgrade.AbstractLayoutVersionManager (AbstractLayoutVersionManager.java:init(79)) - Initializing Layout version manager with metadata layout = ERASURE_CODED_STORAGE_SUPPORT (version = 3), software layout = ERASURE_CODED_STORAGE_SUPPORT (version = 3)
2022-04-26 01:53:39,436 [Listener at 127.0.0.1/40803] INFO  reflections.Reflections (Reflections.java:scan(232)) - Reflections took 124 ms to scan 7 urls, producing 126 keys and 287 values 
2022-04-26 01:53:39,448 [Listener at 127.0.0.1/40803] INFO  statemachine.DatanodeStateMachine (DatanodeStateMachine.java:getEndPointTaskThreadPoolSize(224)) - Datanode State Machine Task Thread Pool size 2
2022-04-26 01:53:39,449 [Listener at 127.0.0.1/40803] INFO  volume.HddsVolume (HddsVolume.java:<init>(120)) - Creating HddsVolume: /home/runner/work/ozone/ozone/hadoop-ozone/integration-test/target/test-dir/MiniOzoneClusterImpl-f75a2855-399a-402c-9e8b-90c3c75b347d/datanode-2/data-0/containers/hdds of storage type : DISK capacity : 9223372036854775807
2022-04-26 01:53:39,449 [Listener at 127.0.0.1/40803] INFO  volume.MutableVolumeSet (MutableVolumeSet.java:initializeVolumeSet(168)) - Added Volume : /home/runner/work/ozone/ozone/hadoop-ozone/integration-test/target/test-dir/MiniOzoneClusterImpl-f75a2855-399a-402c-9e8b-90c3c75b347d/datanode-2/data-0/containers/hdds to VolumeSet
2022-04-26 01:53:39,450 [Listener at 127.0.0.1/40803] INFO  volume.ThrottledAsyncChecker (ThrottledAsyncChecker.java:schedule(141)) - Scheduling a check for /home/runner/work/ozone/ozone/hadoop-ozone/integration-test/target/test-dir/MiniOzoneClusterImpl-f75a2855-399a-402c-9e8b-90c3c75b347d/datanode-2/data-0/containers/hdds
2022-04-26 01:53:39,455 [Listener at 127.0.0.1/40803] INFO  volume.StorageVolumeChecker (StorageVolumeChecker.java:checkAllVolumes(202)) - Scheduled health check for volume /home/runner/work/ozone/ozone/hadoop-ozone/integration-test/target/test-dir/MiniOzoneClusterImpl-f75a2855-399a-402c-9e8b-90c3c75b347d/datanode-2/data-0/containers/hdds
2022-04-26 01:53:39,488 [Listener at 127.0.0.1/40803] INFO  volume.MutableVolumeSet (MutableVolumeSet.java:initializeVolumeSet(168)) - Added Volume : /home/runner/work/ozone/ozone/hadoop-ozone/integration-test/target/test-dir/MiniOzoneClusterImpl-f75a2855-399a-402c-9e8b-90c3c75b347d/datanode-2/data/ratis to VolumeSet
2022-04-26 01:53:39,489 [Listener at 127.0.0.1/40803] INFO  volume.ThrottledAsyncChecker (ThrottledAsyncChecker.java:schedule(141)) - Scheduling a check for /home/runner/work/ozone/ozone/hadoop-ozone/integration-test/target/test-dir/MiniOzoneClusterImpl-f75a2855-399a-402c-9e8b-90c3c75b347d/datanode-2/data/ratis
2022-04-26 01:53:39,490 [Listener at 127.0.0.1/40803] INFO  volume.StorageVolumeChecker (StorageVolumeChecker.java:checkAllVolumes(202)) - Scheduled health check for volume /home/runner/work/ozone/ozone/hadoop-ozone/integration-test/target/test-dir/MiniOzoneClusterImpl-f75a2855-399a-402c-9e8b-90c3c75b347d/datanode-2/data/ratis
2022-04-26 01:53:39,500 [Thread-962] INFO  ozoneimpl.ContainerReader (ContainerReader.java:readVolume(172)) - Finish verifying containers on volume /home/runner/work/ozone/ozone/hadoop-ozone/integration-test/target/test-dir/MiniOzoneClusterImpl-f75a2855-399a-402c-9e8b-90c3c75b347d/datanode-2/data-0/containers/hdds
2022-04-26 01:53:39,500 [Listener at 127.0.0.1/40803] INFO  ozoneimpl.OzoneContainer (OzoneContainer.java:buildContainerSet(257)) - Build ContainerSet costs 0s
2022-04-26 01:53:39,501 [Listener at 127.0.0.1/40803] INFO  server.RaftServer (ConfUtils.java:logGet(44)) - raft.rpc.type = GRPC (default)
2022-04-26 01:53:39,502 [Listener at 127.0.0.1/40803] INFO  grpc.GrpcFactory (GrpcFactory.java:checkPooledByteBufAllocatorUseCacheForAllThreads(48)) - PERFORMANCE WARNING: useCacheForAllThreads is true that may cause Netty to create a lot garbage objects and, as a result, trigger GC.
	It is recommended to disable useCacheForAllThreads by setting -Dorg.apache.ratis.thirdparty.io.netty.allocator.useCacheForAllThreads=false in command line.
2022-04-26 01:53:39,502 [Listener at 127.0.0.1/40803] INFO  grpc.GrpcConfigKeys (ConfUtils.java:logGet(44)) - raft.grpc.admin.port = 0 (custom)
2022-04-26 01:53:39,502 [Listener at 127.0.0.1/40803] INFO  grpc.GrpcConfigKeys (ConfUtils.java:logGet(44)) - raft.grpc.client.port = 0 (custom)
2022-04-26 01:53:39,502 [Listener at 127.0.0.1/40803] INFO  grpc.GrpcConfigKeys (ConfUtils.java:logGet(44)) - raft.grpc.server.port = 0 (default)
2022-04-26 01:53:39,502 [Listener at 127.0.0.1/40803] INFO  server.GrpcService (ConfUtils.java:logGet(44)) - raft.grpc.message.size.max = 32MB (=33554432) (custom)
2022-04-26 01:53:39,502 [Listener at 127.0.0.1/40803] INFO  server.RaftServerConfigKeys (ConfUtils.java:logGet(44)) - raft.server.log.appender.buffer.byte-limit = 33554432 (custom)
2022-04-26 01:53:39,502 [Listener at 127.0.0.1/40803] INFO  server.GrpcService (ConfUtils.java:logGet(44)) - raft.grpc.flow.control.window = 5MB (=5242880) (custom)
2022-04-26 01:53:39,502 [Listener at 127.0.0.1/40803] INFO  server.RaftServerConfigKeys (ConfUtils.java:logGet(44)) - raft.server.rpc.request.timeout = 60s (custom)
2022-04-26 01:53:39,505 [Listener at 127.0.0.1/40803] INFO  impl.DataStreamServerImpl (ConfUtils.java:logGet(44)) - raft.datastream.type = DISABLED (default)
2022-04-26 01:53:39,505 [Listener at 127.0.0.1/40803] INFO  server.RaftServerConfigKeys (ConfUtils.java:logGet(44)) - raft.server.rpc.slowness.timeout = 300s (custom)
2022-04-26 01:53:39,505 [Listener at 127.0.0.1/40803] INFO  server.RaftServerConfigKeys (ConfUtils.java:logGet(44)) - raft.server.leaderelection.leader.step-down.wait-time = 10s (default)
2022-04-26 01:53:39,506 [Listener at 127.0.0.1/40803] INFO  server.RaftServerConfigKeys (ConfUtils.java:logGet(44)) - raft.server.storage.dir = [/home/runner/work/ozone/ozone/hadoop-ozone/integration-test/target/test-dir/MiniOzoneClusterImpl-f75a2855-399a-402c-9e8b-90c3c75b347d/datanode-2/data/ratis] (custom)
2022-04-26 01:53:39,507 [Listener at 127.0.0.1/40803] INFO  server.XceiverServerGrpc (XceiverServerGrpc.java:<init>(132)) - GrpcServer channel type EpollServerSocketChannel
2022-04-26 01:53:39,509 [Listener at 127.0.0.1/40803] INFO  http.BaseHttpServer (BaseHttpServer.java:newHttpServer2BuilderForOzone(209)) - Starting Web-server for hddsDatanode at: http://0.0.0.0:0
2022-04-26 01:53:39,509 [Listener at 127.0.0.1/40803] INFO  http.BaseHttpServer (BaseHttpServer.java:<init>(107)) - Hadoop Security Enabled: false Ozone Security Enabled: false Ozone HTTP Security Enabled: false 
2022-04-26 01:53:39,510 [Listener at 127.0.0.1/40803] INFO  server.AuthenticationFilter (AuthenticationFilter.java:constructSecretProvider(240)) - Unable to initialize FileSignerSecretProvider, falling back to use random secrets.
2022-04-26 01:53:39,510 [Listener at 127.0.0.1/40803] WARN  http.HttpRequestLog (HttpRequestLog.java:getRequestLog(103)) - Jetty request log can only be enabled using Log4j
2022-04-26 01:53:39,511 [Listener at 127.0.0.1/40803] INFO  http.HttpServer2 (HttpServer2.java:addGlobalFilter(1030)) - Added global filter 'safety' (class=org.apache.hadoop.hdds.server.http.HttpServer2$QuotingInputFilter)
2022-04-26 01:53:39,511 [Listener at 127.0.0.1/40803] INFO  http.HttpServer2 (HttpServer2.java:addFilter(1006)) - Added filter static_user_filter (class=org.apache.hadoop.http.lib.StaticUserWebFilter$StaticUserFilter) to context hddsDatanode
2022-04-26 01:53:39,511 [Listener at 127.0.0.1/40803] INFO  http.HttpServer2 (HttpServer2.java:addFilter(1014)) - Added filter static_user_filter (class=org.apache.hadoop.http.lib.StaticUserWebFilter$StaticUserFilter) to context static
2022-04-26 01:53:39,511 [Listener at 127.0.0.1/40803] INFO  http.HttpServer2 (HttpServer2.java:addFilter(1014)) - Added filter static_user_filter (class=org.apache.hadoop.http.lib.StaticUserWebFilter$StaticUserFilter) to context logs
2022-04-26 01:53:39,512 [Listener at 127.0.0.1/40803] INFO  http.HttpServer2 (HttpServer2.java:bindListener(1249)) - Jetty bound to port 37099
2022-04-26 01:53:39,512 [Listener at 127.0.0.1/40803] INFO  server.Server (Server.java:doStart(375)) - jetty-9.4.43.v20210629; built: 2021-06-30T11:07:22.254Z; git: 526006ecfa3af7f1a27ef3a288e2bef7ea9dd7e8; jvm 1.8.0_322-b06
2022-04-26 01:53:39,513 [Listener at 127.0.0.1/40803] INFO  server.session (DefaultSessionIdManager.java:doStart(334)) - DefaultSessionIdManager workerName=node0
2022-04-26 01:53:39,513 [Listener at 127.0.0.1/40803] INFO  server.session (DefaultSessionIdManager.java:doStart(339)) - No SessionScavenger set, using defaults
2022-04-26 01:53:39,513 [Listener at 127.0.0.1/40803] INFO  server.session (HouseKeeper.java:startScavenging(132)) - node0 Scavenging every 600000ms
2022-04-26 01:53:39,514 [Listener at 127.0.0.1/40803] INFO  handler.ContextHandler (ContextHandler.java:doStart(915)) - Started o.e.j.s.ServletContextHandler@3feeaea8{logs,/logs,file:///home/runner/work/ozone/ozone/hadoop-ozone/integration-test/target/log,AVAILABLE}
2022-04-26 01:53:39,514 [Listener at 127.0.0.1/40803] INFO  handler.ContextHandler (ContextHandler.java:doStart(915)) - Started o.e.j.s.ServletContextHandler@5b6bf649{static,/static,jar:file:/home/runner/.m2/repository/org/apache/ozone/hdds-container-service/1.3.0-SNAPSHOT/hdds-container-service-1.3.0-SNAPSHOT.jar!/webapps/static,AVAILABLE}
2022-04-26 01:53:39,638 [Listener at 127.0.0.1/40803] INFO  handler.ContextHandler (ContextHandler.java:doStart(915)) - Started o.e.j.w.WebAppContext@44414bd4{hddsDatanode,/,file:///tmp/jetty-0_0_0_0-37099-hdds-container-service-1_3_0-SNAPSHOT_jar-_-any-3744125834593138732/webapp/,AVAILABLE}{jar:file:/home/runner/.m2/repository/org/apache/ozone/hdds-container-service/1.3.0-SNAPSHOT/hdds-container-service-1.3.0-SNAPSHOT.jar!/webapps/hddsDatanode}
2022-04-26 01:53:39,657 [Listener at 127.0.0.1/40803] INFO  server.AbstractConnector (AbstractConnector.java:doStart(331)) - Started ServerConnector@66e9e248{HTTP/1.1, (http/1.1)}{0.0.0.0:37099}
2022-04-26 01:53:39,657 [Listener at 127.0.0.1/40803] INFO  server.Server (Server.java:doStart(415)) - Started @131541ms
2022-04-26 01:53:39,658 [Listener at 127.0.0.1/40803] WARN  impl.MetricsSystemImpl (MetricsSystemImpl.java:register(279)) - Sink prometheus already exists!
2022-04-26 01:53:39,658 [Listener at 127.0.0.1/40803] INFO  http.BaseHttpServer (BaseHttpServer.java:updateConnectorAddress(329)) - HTTP server of hddsDatanode listening at http://0.0.0.0:37099
2022-04-26 01:53:39,665 [Listener at 127.0.0.1/40803] WARN  impl.MetricRegistriesImpl (MetricRegistriesImpl.java:addReporterRegistration(111)) - New reporters are added after registries were created. Some metrics will be missing from the reporter. Please add reporter before adding any new registry.
2022-04-26 01:53:39,666 [Listener at 127.0.0.1/40803] WARN  impl.MetricRegistriesImpl (MetricRegistriesImpl.java:addReporterRegistration(111)) - New reporters are added after registries were created. Some metrics will be missing from the reporter. Please add reporter before adding any new registry.
2022-04-26 01:53:39,666 [Listener at 127.0.0.1/40803] INFO  impl.MetricsSystemImpl (MetricsSystemImpl.java:init(158)) - HddsDatanode metrics system started (again)
2022-04-26 01:53:39,666 [Datanode State Machine Daemon Thread] INFO  statemachine.DatanodeStateMachine (DatanodeStateMachine.java:lambda$startDaemon$0(472)) - Ozone container server started.
2022-04-26 01:53:39,741 [org.apache.hadoop.util.JvmPauseMonitor$Monitor@aae8a52] INFO  util.JvmPauseMonitor (JvmPauseMonitor.java:run(188)) - Starting JVM pause monitor
2022-04-26 01:53:39,759 [Datanode State Machine Task Thread - 0] INFO  datanode.InitDatanodeState (InitDatanodeState.java:persistContainerDatanodeDetails(138)) - DatanodeDetails is persisted to /home/runner/work/ozone/ozone/hadoop-ozone/integration-test/target/test-dir/MiniOzoneClusterImpl-f75a2855-399a-402c-9e8b-90c3c75b347d/datanode-2/meta/datanode.id
2022-04-26 01:53:39,764 [Listener at 127.0.0.1/40803] INFO  ozone.HddsDatanodeService (HddsDatanodeService.java:start(233)) - HddsDatanodeService host:fv-az50-870.grzltbmokehuzjyc5b133kdqgh.cx.internal.cloudapp.net ip:10.1.0.42
2022-04-26 01:53:39,818 [Listener at 127.0.0.1/40803] INFO  upgrade.AbstractLayoutVersionManager (AbstractLayoutVersionManager.java:init(79)) - Initializing Layout version manager with metadata layout = ERASURE_CODED_STORAGE_SUPPORT (version = 3), software layout = ERASURE_CODED_STORAGE_SUPPORT (version = 3)
2022-04-26 01:53:39,955 [Listener at 127.0.0.1/40803] INFO  reflections.Reflections (Reflections.java:scan(232)) - Reflections took 131 ms to scan 7 urls, producing 126 keys and 287 values 
2022-04-26 01:53:39,957 [Listener at 127.0.0.1/40803] INFO  statemachine.DatanodeStateMachine (DatanodeStateMachine.java:getEndPointTaskThreadPoolSize(224)) - Datanode State Machine Task Thread Pool size 2
2022-04-26 01:53:39,959 [Listener at 127.0.0.1/40803] INFO  volume.HddsVolume (HddsVolume.java:<init>(120)) - Creating HddsVolume: /home/runner/work/ozone/ozone/hadoop-ozone/integration-test/target/test-dir/MiniOzoneClusterImpl-f75a2855-399a-402c-9e8b-90c3c75b347d/datanode-3/data-0/containers/hdds of storage type : DISK capacity : 9223372036854775807
2022-04-26 01:53:39,959 [Listener at 127.0.0.1/40803] INFO  volume.MutableVolumeSet (MutableVolumeSet.java:initializeVolumeSet(168)) - Added Volume : /home/runner/work/ozone/ozone/hadoop-ozone/integration-test/target/test-dir/MiniOzoneClusterImpl-f75a2855-399a-402c-9e8b-90c3c75b347d/datanode-3/data-0/containers/hdds to VolumeSet
2022-04-26 01:53:39,959 [Listener at 127.0.0.1/40803] INFO  volume.ThrottledAsyncChecker (ThrottledAsyncChecker.java:schedule(141)) - Scheduling a check for /home/runner/work/ozone/ozone/hadoop-ozone/integration-test/target/test-dir/MiniOzoneClusterImpl-f75a2855-399a-402c-9e8b-90c3c75b347d/datanode-3/data-0/containers/hdds
2022-04-26 01:53:39,960 [Listener at 127.0.0.1/40803] INFO  volume.StorageVolumeChecker (StorageVolumeChecker.java:checkAllVolumes(202)) - Scheduled health check for volume /home/runner/work/ozone/ozone/hadoop-ozone/integration-test/target/test-dir/MiniOzoneClusterImpl-f75a2855-399a-402c-9e8b-90c3c75b347d/datanode-3/data-0/containers/hdds
2022-04-26 01:53:39,970 [Listener at 127.0.0.1/40803] INFO  volume.MutableVolumeSet (MutableVolumeSet.java:initializeVolumeSet(168)) - Added Volume : /home/runner/work/ozone/ozone/hadoop-ozone/integration-test/target/test-dir/MiniOzoneClusterImpl-f75a2855-399a-402c-9e8b-90c3c75b347d/datanode-3/data/ratis to VolumeSet
2022-04-26 01:53:39,970 [Listener at 127.0.0.1/40803] INFO  volume.ThrottledAsyncChecker (ThrottledAsyncChecker.java:schedule(141)) - Scheduling a check for /home/runner/work/ozone/ozone/hadoop-ozone/integration-test/target/test-dir/MiniOzoneClusterImpl-f75a2855-399a-402c-9e8b-90c3c75b347d/datanode-3/data/ratis
2022-04-26 01:53:39,971 [Listener at 127.0.0.1/40803] INFO  volume.StorageVolumeChecker (StorageVolumeChecker.java:checkAllVolumes(202)) - Scheduled health check for volume /home/runner/work/ozone/ozone/hadoop-ozone/integration-test/target/test-dir/MiniOzoneClusterImpl-f75a2855-399a-402c-9e8b-90c3c75b347d/datanode-3/data/ratis
2022-04-26 01:53:40,054 [Thread-974] INFO  ozoneimpl.ContainerReader (ContainerReader.java:readVolume(172)) - Finish verifying containers on volume /home/runner/work/ozone/ozone/hadoop-ozone/integration-test/target/test-dir/MiniOzoneClusterImpl-f75a2855-399a-402c-9e8b-90c3c75b347d/datanode-3/data-0/containers/hdds
2022-04-26 01:53:40,055 [Listener at 127.0.0.1/40803] INFO  ozoneimpl.OzoneContainer (OzoneContainer.java:buildContainerSet(257)) - Build ContainerSet costs 0s
2022-04-26 01:53:40,057 [Listener at 127.0.0.1/40803] INFO  server.RaftServer (ConfUtils.java:logGet(44)) - raft.rpc.type = GRPC (default)
2022-04-26 01:53:40,057 [Listener at 127.0.0.1/40803] INFO  grpc.GrpcFactory (GrpcFactory.java:checkPooledByteBufAllocatorUseCacheForAllThreads(48)) - PERFORMANCE WARNING: useCacheForAllThreads is true that may cause Netty to create a lot garbage objects and, as a result, trigger GC.
	It is recommended to disable useCacheForAllThreads by setting -Dorg.apache.ratis.thirdparty.io.netty.allocator.useCacheForAllThreads=false in command line.
2022-04-26 01:53:40,057 [Listener at 127.0.0.1/40803] INFO  grpc.GrpcConfigKeys (ConfUtils.java:logGet(44)) - raft.grpc.admin.port = 0 (custom)
2022-04-26 01:53:40,058 [Listener at 127.0.0.1/40803] INFO  grpc.GrpcConfigKeys (ConfUtils.java:logGet(44)) - raft.grpc.client.port = 0 (custom)
2022-04-26 01:53:40,058 [Listener at 127.0.0.1/40803] INFO  grpc.GrpcConfigKeys (ConfUtils.java:logGet(44)) - raft.grpc.server.port = 0 (default)
2022-04-26 01:53:40,058 [Listener at 127.0.0.1/40803] INFO  server.GrpcService (ConfUtils.java:logGet(44)) - raft.grpc.message.size.max = 32MB (=33554432) (custom)
2022-04-26 01:53:40,058 [Listener at 127.0.0.1/40803] INFO  server.RaftServerConfigKeys (ConfUtils.java:logGet(44)) - raft.server.log.appender.buffer.byte-limit = 33554432 (custom)
2022-04-26 01:53:40,058 [Listener at 127.0.0.1/40803] INFO  server.GrpcService (ConfUtils.java:logGet(44)) - raft.grpc.flow.control.window = 5MB (=5242880) (custom)
2022-04-26 01:53:40,058 [Listener at 127.0.0.1/40803] INFO  server.RaftServerConfigKeys (ConfUtils.java:logGet(44)) - raft.server.rpc.request.timeout = 60s (custom)
2022-04-26 01:53:40,059 [Listener at 127.0.0.1/40803] INFO  impl.DataStreamServerImpl (ConfUtils.java:logGet(44)) - raft.datastream.type = DISABLED (default)
2022-04-26 01:53:40,060 [Listener at 127.0.0.1/40803] INFO  server.RaftServerConfigKeys (ConfUtils.java:logGet(44)) - raft.server.rpc.slowness.timeout = 300s (custom)
2022-04-26 01:53:40,060 [Listener at 127.0.0.1/40803] INFO  server.RaftServerConfigKeys (ConfUtils.java:logGet(44)) - raft.server.leaderelection.leader.step-down.wait-time = 10s (default)
2022-04-26 01:53:40,060 [Listener at 127.0.0.1/40803] INFO  server.RaftServerConfigKeys (ConfUtils.java:logGet(44)) - raft.server.storage.dir = [/home/runner/work/ozone/ozone/hadoop-ozone/integration-test/target/test-dir/MiniOzoneClusterImpl-f75a2855-399a-402c-9e8b-90c3c75b347d/datanode-3/data/ratis] (custom)
2022-04-26 01:53:40,075 [Listener at 127.0.0.1/40803] INFO  server.XceiverServerGrpc (XceiverServerGrpc.java:<init>(132)) - GrpcServer channel type EpollServerSocketChannel
2022-04-26 01:53:40,125 [Listener at 127.0.0.1/40803] INFO  http.BaseHttpServer (BaseHttpServer.java:newHttpServer2BuilderForOzone(209)) - Starting Web-server for hddsDatanode at: http://0.0.0.0:0
2022-04-26 01:53:40,125 [Listener at 127.0.0.1/40803] INFO  http.BaseHttpServer (BaseHttpServer.java:<init>(107)) - Hadoop Security Enabled: false Ozone Security Enabled: false Ozone HTTP Security Enabled: false 
2022-04-26 01:53:40,126 [Listener at 127.0.0.1/40803] INFO  server.AuthenticationFilter (AuthenticationFilter.java:constructSecretProvider(240)) - Unable to initialize FileSignerSecretProvider, falling back to use random secrets.
2022-04-26 01:53:40,141 [Listener at 127.0.0.1/40803] WARN  http.HttpRequestLog (HttpRequestLog.java:getRequestLog(103)) - Jetty request log can only be enabled using Log4j
2022-04-26 01:53:40,142 [Listener at 127.0.0.1/40803] INFO  http.HttpServer2 (HttpServer2.java:addGlobalFilter(1030)) - Added global filter 'safety' (class=org.apache.hadoop.hdds.server.http.HttpServer2$QuotingInputFilter)
2022-04-26 01:53:40,142 [Listener at 127.0.0.1/40803] INFO  http.HttpServer2 (HttpServer2.java:addFilter(1006)) - Added filter static_user_filter (class=org.apache.hadoop.http.lib.StaticUserWebFilter$StaticUserFilter) to context hddsDatanode
2022-04-26 01:53:40,142 [Listener at 127.0.0.1/40803] INFO  http.HttpServer2 (HttpServer2.java:addFilter(1014)) - Added filter static_user_filter (class=org.apache.hadoop.http.lib.StaticUserWebFilter$StaticUserFilter) to context logs
2022-04-26 01:53:40,143 [Listener at 127.0.0.1/40803] INFO  http.HttpServer2 (HttpServer2.java:addFilter(1014)) - Added filter static_user_filter (class=org.apache.hadoop.http.lib.StaticUserWebFilter$StaticUserFilter) to context static
2022-04-26 01:53:40,143 [Listener at 127.0.0.1/40803] INFO  http.HttpServer2 (HttpServer2.java:bindListener(1249)) - Jetty bound to port 34723
2022-04-26 01:53:40,143 [Listener at 127.0.0.1/40803] INFO  server.Server (Server.java:doStart(375)) - jetty-9.4.43.v20210629; built: 2021-06-30T11:07:22.254Z; git: 526006ecfa3af7f1a27ef3a288e2bef7ea9dd7e8; jvm 1.8.0_322-b06
2022-04-26 01:53:40,238 [Listener at 127.0.0.1/40803] INFO  server.session (DefaultSessionIdManager.java:doStart(334)) - DefaultSessionIdManager workerName=node0
2022-04-26 01:53:40,238 [Listener at 127.0.0.1/40803] INFO  server.session (DefaultSessionIdManager.java:doStart(339)) - No SessionScavenger set, using defaults
2022-04-26 01:53:40,238 [Listener at 127.0.0.1/40803] INFO  server.session (HouseKeeper.java:startScavenging(132)) - node0 Scavenging every 660000ms
2022-04-26 01:53:40,239 [Listener at 127.0.0.1/40803] INFO  handler.ContextHandler (ContextHandler.java:doStart(915)) - Started o.e.j.s.ServletContextHandler@1886b84c{logs,/logs,file:///home/runner/work/ozone/ozone/hadoop-ozone/integration-test/target/log,AVAILABLE}
2022-04-26 01:53:40,239 [Listener at 127.0.0.1/40803] INFO  handler.ContextHandler (ContextHandler.java:doStart(915)) - Started o.e.j.s.ServletContextHandler@71422c3f{static,/static,jar:file:/home/runner/.m2/repository/org/apache/ozone/hdds-container-service/1.3.0-SNAPSHOT/hdds-container-service-1.3.0-SNAPSHOT.jar!/webapps/static,AVAILABLE}
2022-04-26 01:53:40,356 [Listener at 127.0.0.1/40803] INFO  handler.ContextHandler (ContextHandler.java:doStart(915)) - Started o.e.j.w.WebAppContext@5f9ae1a9{hddsDatanode,/,file:///tmp/jetty-0_0_0_0-34723-hdds-container-service-1_3_0-SNAPSHOT_jar-_-any-2399251859977828518/webapp/,AVAILABLE}{jar:file:/home/runner/.m2/repository/org/apache/ozone/hdds-container-service/1.3.0-SNAPSHOT/hdds-container-service-1.3.0-SNAPSHOT.jar!/webapps/hddsDatanode}
2022-04-26 01:53:40,361 [Listener at 127.0.0.1/40803] INFO  server.AbstractConnector (AbstractConnector.java:doStart(331)) - Started ServerConnector@59b3fbf9{HTTP/1.1, (http/1.1)}{0.0.0.0:34723}
2022-04-26 01:53:40,361 [Listener at 127.0.0.1/40803] INFO  server.Server (Server.java:doStart(415)) - Started @132244ms
2022-04-26 01:53:40,361 [Listener at 127.0.0.1/40803] WARN  impl.MetricsSystemImpl (MetricsSystemImpl.java:register(279)) - Sink prometheus already exists!
2022-04-26 01:53:40,362 [Listener at 127.0.0.1/40803] INFO  http.BaseHttpServer (BaseHttpServer.java:updateConnectorAddress(329)) - HTTP server of hddsDatanode listening at http://0.0.0.0:34723
2022-04-26 01:53:40,379 [Listener at 127.0.0.1/40803] WARN  impl.MetricRegistriesImpl (MetricRegistriesImpl.java:addReporterRegistration(111)) - New reporters are added after registries were created. Some metrics will be missing from the reporter. Please add reporter before adding any new registry.
2022-04-26 01:53:40,380 [Listener at 127.0.0.1/40803] WARN  impl.MetricRegistriesImpl (MetricRegistriesImpl.java:addReporterRegistration(111)) - New reporters are added after registries were created. Some metrics will be missing from the reporter. Please add reporter before adding any new registry.
2022-04-26 01:53:40,380 [Listener at 127.0.0.1/40803] INFO  impl.MetricsSystemImpl (MetricsSystemImpl.java:init(158)) - HddsDatanode metrics system started (again)
2022-04-26 01:53:40,401 [Datanode State Machine Daemon Thread] INFO  statemachine.DatanodeStateMachine (DatanodeStateMachine.java:lambda$startDaemon$0(472)) - Ozone container server started.
2022-04-26 01:53:40,408 [Listener at 127.0.0.1/40803] INFO  ozone.HddsDatanodeService (HddsDatanodeService.java:start(233)) - HddsDatanodeService host:fv-az50-870.grzltbmokehuzjyc5b133kdqgh.cx.internal.cloudapp.net ip:10.1.0.42
2022-04-26 01:53:40,425 [org.apache.hadoop.util.JvmPauseMonitor$Monitor@54ed1744] INFO  util.JvmPauseMonitor (JvmPauseMonitor.java:run(188)) - Starting JVM pause monitor
2022-04-26 01:53:40,432 [Datanode State Machine Task Thread - 0] INFO  datanode.InitDatanodeState (InitDatanodeState.java:persistContainerDatanodeDetails(138)) - DatanodeDetails is persisted to /home/runner/work/ozone/ozone/hadoop-ozone/integration-test/target/test-dir/MiniOzoneClusterImpl-f75a2855-399a-402c-9e8b-90c3c75b347d/datanode-3/meta/datanode.id
2022-04-26 01:53:40,476 [Listener at 127.0.0.1/40803] INFO  upgrade.AbstractLayoutVersionManager (AbstractLayoutVersionManager.java:init(79)) - Initializing Layout version manager with metadata layout = ERASURE_CODED_STORAGE_SUPPORT (version = 3), software layout = ERASURE_CODED_STORAGE_SUPPORT (version = 3)
2022-04-26 01:53:40,510 [EndpointStateMachine task thread for /0.0.0.0:34987 - 0 ] INFO  ozoneimpl.OzoneContainer (OzoneContainer.java:start(335)) - Attempting to start container services.
2022-04-26 01:53:40,510 [EndpointStateMachine task thread for /0.0.0.0:34987 - 0 ] INFO  ozoneimpl.OzoneContainer (OzoneContainer.java:startContainerScrub(270)) - Background container scanner has been disabled.
2022-04-26 01:53:40,510 [EndpointStateMachine task thread for /0.0.0.0:34987 - 0 ] INFO  replication.ReplicationServer (ReplicationServer.java:start(111)) - ReplicationServer is started using port 34419
2022-04-26 01:53:40,511 [EndpointStateMachine task thread for /0.0.0.0:34987 - 0 ] INFO  ratis.XceiverServerRatis (XceiverServerRatis.java:start(481)) - Starting XceiverServerRatis 5f9c2808-8092-4bb8-be0b-9d445a417462
2022-04-26 01:53:40,511 [EndpointStateMachine task thread for /0.0.0.0:34987 - 0 ] INFO  server.RaftServer (RaftServerProxy.java:lambda$start$5(374)) - 5f9c2808-8092-4bb8-be0b-9d445a417462: start RPC server
2022-04-26 01:53:40,528 [EndpointStateMachine task thread for /0.0.0.0:34987 - 0 ] INFO  server.GrpcService (GrpcService.java:startImpl(253)) - 5f9c2808-8092-4bb8-be0b-9d445a417462: GrpcService started, listening on 40901
2022-04-26 01:53:40,533 [EndpointStateMachine task thread for /0.0.0.0:34987 - 0 ] INFO  ratis.XceiverServerRatis (XceiverServerRatis.java:getRealPort(502)) - XceiverServerRatis 5f9c2808-8092-4bb8-be0b-9d445a417462 is started using port 40901 for RATIS
2022-04-26 01:53:40,533 [EndpointStateMachine task thread for /0.0.0.0:34987 - 0 ] INFO  ratis.XceiverServerRatis (XceiverServerRatis.java:getRealPort(502)) - XceiverServerRatis 5f9c2808-8092-4bb8-be0b-9d445a417462 is started using port 40901 for RATIS_ADMIN
2022-04-26 01:53:40,533 [EndpointStateMachine task thread for /0.0.0.0:34987 - 0 ] INFO  ratis.XceiverServerRatis (XceiverServerRatis.java:getRealPort(502)) - XceiverServerRatis 5f9c2808-8092-4bb8-be0b-9d445a417462 is started using port 40901 for RATIS_SERVER
2022-04-26 01:53:40,533 [org.apache.ratis.util.JvmPauseMonitor$$Lambda$580/456889832@761db95b] INFO  util.JvmPauseMonitor (JvmPauseMonitor.java:run(103)) - JvmPauseMonitor-5f9c2808-8092-4bb8-be0b-9d445a417462: Started
2022-04-26 01:53:40,540 [EndpointStateMachine task thread for /0.0.0.0:34987 - 0 ] INFO  server.XceiverServerGrpc (XceiverServerGrpc.java:start(180)) - XceiverServerGrpc 5f9c2808-8092-4bb8-be0b-9d445a417462 is started using port 37781
2022-04-26 01:53:40,620 [Listener at 127.0.0.1/40803] INFO  reflections.Reflections (Reflections.java:scan(232)) - Reflections took 142 ms to scan 7 urls, producing 126 keys and 287 values 
2022-04-26 01:53:40,621 [Listener at 127.0.0.1/40803] INFO  statemachine.DatanodeStateMachine (DatanodeStateMachine.java:getEndPointTaskThreadPoolSize(224)) - Datanode State Machine Task Thread Pool size 2
2022-04-26 01:53:40,641 [Listener at 127.0.0.1/40803] INFO  volume.HddsVolume (HddsVolume.java:<init>(120)) - Creating HddsVolume: /home/runner/work/ozone/ozone/hadoop-ozone/integration-test/target/test-dir/MiniOzoneClusterImpl-f75a2855-399a-402c-9e8b-90c3c75b347d/datanode-4/data-0/containers/hdds of storage type : DISK capacity : 9223372036854775807
2022-04-26 01:53:40,642 [Listener at 127.0.0.1/40803] INFO  volume.MutableVolumeSet (MutableVolumeSet.java:initializeVolumeSet(168)) - Added Volume : /home/runner/work/ozone/ozone/hadoop-ozone/integration-test/target/test-dir/MiniOzoneClusterImpl-f75a2855-399a-402c-9e8b-90c3c75b347d/datanode-4/data-0/containers/hdds to VolumeSet
2022-04-26 01:53:40,642 [Listener at 127.0.0.1/40803] INFO  volume.ThrottledAsyncChecker (ThrottledAsyncChecker.java:schedule(141)) - Scheduling a check for /home/runner/work/ozone/ozone/hadoop-ozone/integration-test/target/test-dir/MiniOzoneClusterImpl-f75a2855-399a-402c-9e8b-90c3c75b347d/datanode-4/data-0/containers/hdds
2022-04-26 01:53:40,651 [Listener at 127.0.0.1/40803] INFO  volume.StorageVolumeChecker (StorageVolumeChecker.java:checkAllVolumes(202)) - Scheduled health check for volume /home/runner/work/ozone/ozone/hadoop-ozone/integration-test/target/test-dir/MiniOzoneClusterImpl-f75a2855-399a-402c-9e8b-90c3c75b347d/datanode-4/data-0/containers/hdds
2022-04-26 01:53:40,661 [Listener at 127.0.0.1/40803] INFO  volume.MutableVolumeSet (MutableVolumeSet.java:initializeVolumeSet(168)) - Added Volume : /home/runner/work/ozone/ozone/hadoop-ozone/integration-test/target/test-dir/MiniOzoneClusterImpl-f75a2855-399a-402c-9e8b-90c3c75b347d/datanode-4/data/ratis to VolumeSet
2022-04-26 01:53:40,661 [Listener at 127.0.0.1/40803] INFO  volume.ThrottledAsyncChecker (ThrottledAsyncChecker.java:schedule(141)) - Scheduling a check for /home/runner/work/ozone/ozone/hadoop-ozone/integration-test/target/test-dir/MiniOzoneClusterImpl-f75a2855-399a-402c-9e8b-90c3c75b347d/datanode-4/data/ratis
2022-04-26 01:53:40,661 [Listener at 127.0.0.1/40803] INFO  volume.StorageVolumeChecker (StorageVolumeChecker.java:checkAllVolumes(202)) - Scheduled health check for volume /home/runner/work/ozone/ozone/hadoop-ozone/integration-test/target/test-dir/MiniOzoneClusterImpl-f75a2855-399a-402c-9e8b-90c3c75b347d/datanode-4/data/ratis
2022-04-26 01:53:40,725 [Thread-990] INFO  ozoneimpl.ContainerReader (ContainerReader.java:readVolume(172)) - Finish verifying containers on volume /home/runner/work/ozone/ozone/hadoop-ozone/integration-test/target/test-dir/MiniOzoneClusterImpl-f75a2855-399a-402c-9e8b-90c3c75b347d/datanode-4/data-0/containers/hdds
2022-04-26 01:53:40,725 [Listener at 127.0.0.1/40803] INFO  ozoneimpl.OzoneContainer (OzoneContainer.java:buildContainerSet(257)) - Build ContainerSet costs 0s
2022-04-26 01:53:40,730 [Listener at 127.0.0.1/40803] INFO  server.RaftServer (ConfUtils.java:logGet(44)) - raft.rpc.type = GRPC (default)
2022-04-26 01:53:40,731 [Listener at 127.0.0.1/40803] INFO  grpc.GrpcFactory (GrpcFactory.java:checkPooledByteBufAllocatorUseCacheForAllThreads(48)) - PERFORMANCE WARNING: useCacheForAllThreads is true that may cause Netty to create a lot garbage objects and, as a result, trigger GC.
	It is recommended to disable useCacheForAllThreads by setting -Dorg.apache.ratis.thirdparty.io.netty.allocator.useCacheForAllThreads=false in command line.
2022-04-26 01:53:40,731 [Listener at 127.0.0.1/40803] INFO  grpc.GrpcConfigKeys (ConfUtils.java:logGet(44)) - raft.grpc.admin.port = 0 (custom)
2022-04-26 01:53:40,731 [Listener at 127.0.0.1/40803] INFO  grpc.GrpcConfigKeys (ConfUtils.java:logGet(44)) - raft.grpc.client.port = 0 (custom)
2022-04-26 01:53:40,731 [Listener at 127.0.0.1/40803] INFO  grpc.GrpcConfigKeys (ConfUtils.java:logGet(44)) - raft.grpc.server.port = 0 (default)
2022-04-26 01:53:40,731 [Listener at 127.0.0.1/40803] INFO  server.GrpcService (ConfUtils.java:logGet(44)) - raft.grpc.message.size.max = 32MB (=33554432) (custom)
2022-04-26 01:53:40,731 [Listener at 127.0.0.1/40803] INFO  server.RaftServerConfigKeys (ConfUtils.java:logGet(44)) - raft.server.log.appender.buffer.byte-limit = 33554432 (custom)
2022-04-26 01:53:40,731 [Listener at 127.0.0.1/40803] INFO  server.GrpcService (ConfUtils.java:logGet(44)) - raft.grpc.flow.control.window = 5MB (=5242880) (custom)
2022-04-26 01:53:40,731 [Listener at 127.0.0.1/40803] INFO  server.RaftServerConfigKeys (ConfUtils.java:logGet(44)) - raft.server.rpc.request.timeout = 60s (custom)
2022-04-26 01:53:40,737 [Listener at 127.0.0.1/40803] INFO  impl.DataStreamServerImpl (ConfUtils.java:logGet(44)) - raft.datastream.type = DISABLED (default)
2022-04-26 01:53:40,737 [Listener at 127.0.0.1/40803] INFO  server.RaftServerConfigKeys (ConfUtils.java:logGet(44)) - raft.server.rpc.slowness.timeout = 300s (custom)
2022-04-26 01:53:40,738 [Listener at 127.0.0.1/40803] INFO  server.RaftServerConfigKeys (ConfUtils.java:logGet(44)) - raft.server.leaderelection.leader.step-down.wait-time = 10s (default)
2022-04-26 01:53:40,738 [Listener at 127.0.0.1/40803] INFO  server.RaftServerConfigKeys (ConfUtils.java:logGet(44)) - raft.server.storage.dir = [/home/runner/work/ozone/ozone/hadoop-ozone/integration-test/target/test-dir/MiniOzoneClusterImpl-f75a2855-399a-402c-9e8b-90c3c75b347d/datanode-4/data/ratis] (custom)
2022-04-26 01:53:40,739 [Listener at 127.0.0.1/40803] INFO  server.XceiverServerGrpc (XceiverServerGrpc.java:<init>(132)) - GrpcServer channel type EpollServerSocketChannel
2022-04-26 01:53:40,758 [Listener at 127.0.0.1/40803] INFO  http.BaseHttpServer (BaseHttpServer.java:newHttpServer2BuilderForOzone(209)) - Starting Web-server for hddsDatanode at: http://0.0.0.0:0
2022-04-26 01:53:40,758 [Listener at 127.0.0.1/40803] INFO  http.BaseHttpServer (BaseHttpServer.java:<init>(107)) - Hadoop Security Enabled: false Ozone Security Enabled: false Ozone HTTP Security Enabled: false 
2022-04-26 01:53:40,777 [Listener at 127.0.0.1/40803] INFO  server.AuthenticationFilter (AuthenticationFilter.java:constructSecretProvider(240)) - Unable to initialize FileSignerSecretProvider, falling back to use random secrets.
2022-04-26 01:53:40,781 [Listener at 127.0.0.1/40803] WARN  http.HttpRequestLog (HttpRequestLog.java:getRequestLog(103)) - Jetty request log can only be enabled using Log4j
2022-04-26 01:53:40,782 [Listener at 127.0.0.1/40803] INFO  http.HttpServer2 (HttpServer2.java:addGlobalFilter(1030)) - Added global filter 'safety' (class=org.apache.hadoop.hdds.server.http.HttpServer2$QuotingInputFilter)
2022-04-26 01:53:40,782 [Listener at 127.0.0.1/40803] INFO  http.HttpServer2 (HttpServer2.java:addFilter(1006)) - Added filter static_user_filter (class=org.apache.hadoop.http.lib.StaticUserWebFilter$StaticUserFilter) to context hddsDatanode
2022-04-26 01:53:40,782 [Listener at 127.0.0.1/40803] INFO  http.HttpServer2 (HttpServer2.java:addFilter(1014)) - Added filter static_user_filter (class=org.apache.hadoop.http.lib.StaticUserWebFilter$StaticUserFilter) to context static
2022-04-26 01:53:40,782 [Listener at 127.0.0.1/40803] INFO  http.HttpServer2 (HttpServer2.java:addFilter(1014)) - Added filter static_user_filter (class=org.apache.hadoop.http.lib.StaticUserWebFilter$StaticUserFilter) to context logs
2022-04-26 01:53:40,783 [Listener at 127.0.0.1/40803] INFO  http.HttpServer2 (HttpServer2.java:bindListener(1249)) - Jetty bound to port 34563
2022-04-26 01:53:40,783 [Listener at 127.0.0.1/40803] INFO  server.Server (Server.java:doStart(375)) - jetty-9.4.43.v20210629; built: 2021-06-30T11:07:22.254Z; git: 526006ecfa3af7f1a27ef3a288e2bef7ea9dd7e8; jvm 1.8.0_322-b06
2022-04-26 01:53:40,802 [Listener at 127.0.0.1/40803] INFO  server.session (DefaultSessionIdManager.java:doStart(334)) - DefaultSessionIdManager workerName=node0
2022-04-26 01:53:40,802 [Listener at 127.0.0.1/40803] INFO  server.session (DefaultSessionIdManager.java:doStart(339)) - No SessionScavenger set, using defaults
2022-04-26 01:53:40,809 [Listener at 127.0.0.1/40803] INFO  server.session (HouseKeeper.java:startScavenging(132)) - node0 Scavenging every 600000ms
2022-04-26 01:53:40,817 [Listener at 127.0.0.1/40803] INFO  handler.ContextHandler (ContextHandler.java:doStart(915)) - Started o.e.j.s.ServletContextHandler@4ada5f90{logs,/logs,file:///home/runner/work/ozone/ozone/hadoop-ozone/integration-test/target/log,AVAILABLE}
2022-04-26 01:53:40,818 [Listener at 127.0.0.1/40803] INFO  handler.ContextHandler (ContextHandler.java:doStart(915)) - Started o.e.j.s.ServletContextHandler@7bbe1cc9{static,/static,jar:file:/home/runner/.m2/repository/org/apache/ozone/hdds-container-service/1.3.0-SNAPSHOT/hdds-container-service-1.3.0-SNAPSHOT.jar!/webapps/static,AVAILABLE}
2022-04-26 01:53:40,932 [Listener at 127.0.0.1/40803] INFO  handler.ContextHandler (ContextHandler.java:doStart(915)) - Started o.e.j.w.WebAppContext@2ad51c20{hddsDatanode,/,file:///tmp/jetty-0_0_0_0-34563-hdds-container-service-1_3_0-SNAPSHOT_jar-_-any-1291756486613116166/webapp/,AVAILABLE}{jar:file:/home/runner/.m2/repository/org/apache/ozone/hdds-container-service/1.3.0-SNAPSHOT/hdds-container-service-1.3.0-SNAPSHOT.jar!/webapps/hddsDatanode}
2022-04-26 01:53:40,941 [Listener at 127.0.0.1/40803] INFO  server.AbstractConnector (AbstractConnector.java:doStart(331)) - Started ServerConnector@2871590d{HTTP/1.1, (http/1.1)}{0.0.0.0:34563}
2022-04-26 01:53:40,941 [Listener at 127.0.0.1/40803] INFO  server.Server (Server.java:doStart(415)) - Started @132825ms
2022-04-26 01:53:40,941 [Listener at 127.0.0.1/40803] WARN  impl.MetricsSystemImpl (MetricsSystemImpl.java:register(279)) - Sink prometheus already exists!
2022-04-26 01:53:40,942 [Listener at 127.0.0.1/40803] INFO  http.BaseHttpServer (BaseHttpServer.java:updateConnectorAddress(329)) - HTTP server of hddsDatanode listening at http://0.0.0.0:34563
2022-04-26 01:53:40,944 [Listener at 127.0.0.1/40803] INFO  ozone.MiniOzoneClusterImpl (MiniOzoneClusterImpl.java:lambda$waitForClusterToBeReady$0(221)) - Waiting for nodes to be ready. Got 0 of 5 DN Heartbeats.
2022-04-26 01:53:40,944 [Listener at 127.0.0.1/40803] INFO  ozone.MiniOzoneClusterImpl (MiniOzoneClusterImpl.java:lambda$waitForClusterToBeReady$0(224)) - Waiting for cluster to exit safe mode
2022-04-26 01:53:40,944 [Listener at 127.0.0.1/40803] INFO  ozone.MiniOzoneClusterImpl (MiniOzoneClusterImpl.java:lambda$waitForClusterToBeReady$0(226)) - SCM became leader
2022-04-26 01:53:40,944 [Datanode State Machine Daemon Thread] INFO  statemachine.DatanodeStateMachine (DatanodeStateMachine.java:lambda$startDaemon$0(472)) - Ozone container server started.
2022-04-26 01:53:40,981 [org.apache.hadoop.util.JvmPauseMonitor$Monitor@6613ec20] INFO  util.JvmPauseMonitor (JvmPauseMonitor.java:run(188)) - Starting JVM pause monitor
2022-04-26 01:53:41,003 [Datanode State Machine Task Thread - 0] INFO  datanode.InitDatanodeState (InitDatanodeState.java:persistContainerDatanodeDetails(138)) - DatanodeDetails is persisted to /home/runner/work/ozone/ozone/hadoop-ozone/integration-test/target/test-dir/MiniOzoneClusterImpl-f75a2855-399a-402c-9e8b-90c3c75b347d/datanode-4/meta/datanode.id
2022-04-26 01:53:41,255 [EndpointStateMachine task thread for /0.0.0.0:34987 - 0 ] INFO  ozoneimpl.OzoneContainer (OzoneContainer.java:start(335)) - Attempting to start container services.
2022-04-26 01:53:41,255 [EndpointStateMachine task thread for /0.0.0.0:34987 - 0 ] INFO  ozoneimpl.OzoneContainer (OzoneContainer.java:startContainerScrub(270)) - Background container scanner has been disabled.
2022-04-26 01:53:41,261 [EndpointStateMachine task thread for /0.0.0.0:34987 - 0 ] INFO  replication.ReplicationServer (ReplicationServer.java:start(111)) - ReplicationServer is started using port 34605
2022-04-26 01:53:41,281 [EndpointStateMachine task thread for /0.0.0.0:34987 - 0 ] INFO  ratis.XceiverServerRatis (XceiverServerRatis.java:start(481)) - Starting XceiverServerRatis 382fe11f-ccc0-42c1-99a9-aa0fa042180d
2022-04-26 01:53:41,311 [EndpointStateMachine task thread for /0.0.0.0:34987 - 0 ] INFO  server.RaftServer (RaftServerProxy.java:lambda$start$5(374)) - 382fe11f-ccc0-42c1-99a9-aa0fa042180d: start RPC server
2022-04-26 01:53:41,312 [EndpointStateMachine task thread for /0.0.0.0:34987 - 0 ] INFO  server.GrpcService (GrpcService.java:startImpl(253)) - 382fe11f-ccc0-42c1-99a9-aa0fa042180d: GrpcService started, listening on 39043
2022-04-26 01:53:41,318 [EndpointStateMachine task thread for /0.0.0.0:34987 - 0 ] INFO  ratis.XceiverServerRatis (XceiverServerRatis.java:getRealPort(502)) - XceiverServerRatis 382fe11f-ccc0-42c1-99a9-aa0fa042180d is started using port 39043 for RATIS
2022-04-26 01:53:41,318 [EndpointStateMachine task thread for /0.0.0.0:34987 - 0 ] INFO  ratis.XceiverServerRatis (XceiverServerRatis.java:getRealPort(502)) - XceiverServerRatis 382fe11f-ccc0-42c1-99a9-aa0fa042180d is started using port 39043 for RATIS_ADMIN
2022-04-26 01:53:41,318 [EndpointStateMachine task thread for /0.0.0.0:34987 - 0 ] INFO  ratis.XceiverServerRatis (XceiverServerRatis.java:getRealPort(502)) - XceiverServerRatis 382fe11f-ccc0-42c1-99a9-aa0fa042180d is started using port 39043 for RATIS_SERVER
2022-04-26 01:53:41,319 [org.apache.ratis.util.JvmPauseMonitor$$Lambda$580/456889832@45dad2bc] INFO  util.JvmPauseMonitor (JvmPauseMonitor.java:run(103)) - JvmPauseMonitor-382fe11f-ccc0-42c1-99a9-aa0fa042180d: Started
2022-04-26 01:53:41,323 [EndpointStateMachine task thread for /0.0.0.0:34987 - 0 ] INFO  server.XceiverServerGrpc (XceiverServerGrpc.java:start(180)) - XceiverServerGrpc 382fe11f-ccc0-42c1-99a9-aa0fa042180d is started using port 38987
2022-04-26 01:53:41,753 [EndpointStateMachine task thread for /0.0.0.0:34987 - 0 ] INFO  ozoneimpl.OzoneContainer (OzoneContainer.java:start(335)) - Attempting to start container services.
2022-04-26 01:53:41,753 [EndpointStateMachine task thread for /0.0.0.0:34987 - 0 ] INFO  ozoneimpl.OzoneContainer (OzoneContainer.java:startContainerScrub(270)) - Background container scanner has been disabled.
2022-04-26 01:53:41,754 [EndpointStateMachine task thread for /0.0.0.0:34987 - 0 ] INFO  replication.ReplicationServer (ReplicationServer.java:start(111)) - ReplicationServer is started using port 34415
2022-04-26 01:53:41,763 [EndpointStateMachine task thread for /0.0.0.0:34987 - 0 ] INFO  ratis.XceiverServerRatis (XceiverServerRatis.java:start(481)) - Starting XceiverServerRatis c1d01455-3ad3-443a-8310-748688ca0e72
2022-04-26 01:53:41,790 [EndpointStateMachine task thread for /0.0.0.0:34987 - 0 ] INFO  server.RaftServer (RaftServerProxy.java:lambda$start$5(374)) - c1d01455-3ad3-443a-8310-748688ca0e72: start RPC server
2022-04-26 01:53:41,790 [EndpointStateMachine task thread for /0.0.0.0:34987 - 0 ] INFO  server.GrpcService (GrpcService.java:startImpl(253)) - c1d01455-3ad3-443a-8310-748688ca0e72: GrpcService started, listening on 42877
2022-04-26 01:53:41,790 [EndpointStateMachine task thread for /0.0.0.0:34987 - 0 ] INFO  ratis.XceiverServerRatis (XceiverServerRatis.java:getRealPort(502)) - XceiverServerRatis c1d01455-3ad3-443a-8310-748688ca0e72 is started using port 42877 for RATIS
2022-04-26 01:53:41,791 [EndpointStateMachine task thread for /0.0.0.0:34987 - 0 ] INFO  ratis.XceiverServerRatis (XceiverServerRatis.java:getRealPort(502)) - XceiverServerRatis c1d01455-3ad3-443a-8310-748688ca0e72 is started using port 42877 for RATIS_ADMIN
2022-04-26 01:53:41,791 [EndpointStateMachine task thread for /0.0.0.0:34987 - 0 ] INFO  ratis.XceiverServerRatis (XceiverServerRatis.java:getRealPort(502)) - XceiverServerRatis c1d01455-3ad3-443a-8310-748688ca0e72 is started using port 42877 for RATIS_SERVER
2022-04-26 01:53:41,791 [org.apache.ratis.util.JvmPauseMonitor$$Lambda$580/456889832@58e5f86f] INFO  util.JvmPauseMonitor (JvmPauseMonitor.java:run(103)) - JvmPauseMonitor-c1d01455-3ad3-443a-8310-748688ca0e72: Started
2022-04-26 01:53:41,791 [EndpointStateMachine task thread for /0.0.0.0:34987 - 0 ] INFO  server.XceiverServerGrpc (XceiverServerGrpc.java:start(180)) - XceiverServerGrpc c1d01455-3ad3-443a-8310-748688ca0e72 is started using port 36421
2022-04-26 01:53:41,945 [Listener at 127.0.0.1/40803] INFO  ozone.MiniOzoneClusterImpl (MiniOzoneClusterImpl.java:lambda$waitForClusterToBeReady$0(221)) - Waiting for nodes to be ready. Got 0 of 5 DN Heartbeats.
2022-04-26 01:53:41,945 [Listener at 127.0.0.1/40803] INFO  ozone.MiniOzoneClusterImpl (MiniOzoneClusterImpl.java:lambda$waitForClusterToBeReady$0(224)) - Waiting for cluster to exit safe mode
2022-04-26 01:53:41,945 [Listener at 127.0.0.1/40803] INFO  ozone.MiniOzoneClusterImpl (MiniOzoneClusterImpl.java:lambda$waitForClusterToBeReady$0(226)) - SCM became leader
2022-04-26 01:53:42,455 [IPC Server handler 2 on default port 34987] INFO  net.NetworkTopologyImpl (NetworkTopologyImpl.java:add(112)) - Added a new node: /default-rack/5f9c2808-8092-4bb8-be0b-9d445a417462
2022-04-26 01:53:42,455 [IPC Server handler 2 on default port 34987] INFO  node.SCMNodeManager (SCMNodeManager.java:register(391)) - Registered Data node : 5f9c2808-8092-4bb8-be0b-9d445a417462{ip: 10.1.0.42, host: fv-az50-870.grzltbmokehuzjyc5b133kdqgh.cx.internal.cloudapp.net, ports: [REPLICATION=34419, RATIS=40901, RATIS_ADMIN=40901, RATIS_SERVER=40901, STANDALONE=37781], networkLocation: /default-rack, certSerialId: null, persistedOpState: null, persistedOpStateExpiryEpochSec: 0}
2022-04-26 01:53:42,456 [EndpointStateMachine task thread for /0.0.0.0:34987 - 0 ] INFO  ozoneimpl.OzoneContainer (OzoneContainer.java:start(335)) - Attempting to start container services.
2022-04-26 01:53:42,456 [EndpointStateMachine task thread for /0.0.0.0:34987 - 0 ] INFO  ozoneimpl.OzoneContainer (OzoneContainer.java:startContainerScrub(270)) - Background container scanner has been disabled.
2022-04-26 01:53:42,462 [EventQueue-NodeRegistrationContainerReportForContainerSafeModeRule] INFO  safemode.SCMSafeModeManager (SCMSafeModeManager.java:validateSafeModeExitRules(204)) - ContainerSafeModeRule rule is successfully validated
2022-04-26 01:53:42,462 [EventQueue-NodeRegistrationContainerReportForDataNodeSafeModeRule] INFO  safemode.SCMSafeModeManager (DataNodeSafeModeRule.java:process(71)) - SCM in safe mode. 1 DataNodes registered, 3 required.
2022-04-26 01:53:42,477 [EventQueue-PipelineReportForOneReplicaPipelineSafeModeRule] INFO  safemode.SCMSafeModeManager (SCMSafeModeManager.java:validateSafeModeExitRules(204)) - AtleastOneDatanodeReportedRule rule is successfully validated
2022-04-26 01:53:42,477 [EventQueue-NewNodeForNewNodeHandler] INFO  pipeline.BackgroundPipelineCreator (BackgroundPipelineCreator.java:notifyEventTriggered(284)) - trigger a one-shot run on RatisPipelineUtilsThread.
2022-04-26 01:53:42,481 [RatisPipelineUtilsThread - 0] INFO  pipeline.RatisPipelineProvider (RatisPipelineProvider.java:lambda$create$0(195)) - Sending CreatePipelineCommand for pipeline:PipelineID=fb017fbf-2c4f-49d8-9eeb-be8c8513623b to datanode:5f9c2808-8092-4bb8-be0b-9d445a417462
2022-04-26 01:53:42,501 [EndpointStateMachine task thread for /0.0.0.0:34987 - 0 ] INFO  replication.ReplicationServer (ReplicationServer.java:start(111)) - ReplicationServer is started using port 38949
2022-04-26 01:53:42,504 [EndpointStateMachine task thread for /0.0.0.0:34987 - 0 ] INFO  ratis.XceiverServerRatis (XceiverServerRatis.java:start(481)) - Starting XceiverServerRatis 81ec24e6-6cd6-4f7d-92f4-0fd82cba14c4
2022-04-26 01:53:42,505 [EndpointStateMachine task thread for /0.0.0.0:34987 - 0 ] INFO  server.RaftServer (RaftServerProxy.java:lambda$start$5(374)) - 81ec24e6-6cd6-4f7d-92f4-0fd82cba14c4: start RPC server
2022-04-26 01:53:42,509 [EndpointStateMachine task thread for /0.0.0.0:34987 - 0 ] INFO  server.GrpcService (GrpcService.java:startImpl(253)) - 81ec24e6-6cd6-4f7d-92f4-0fd82cba14c4: GrpcService started, listening on 33603
2022-04-26 01:53:42,525 [EndpointStateMachine task thread for /0.0.0.0:34987 - 0 ] INFO  ratis.XceiverServerRatis (XceiverServerRatis.java:getRealPort(502)) - XceiverServerRatis 81ec24e6-6cd6-4f7d-92f4-0fd82cba14c4 is started using port 33603 for RATIS
2022-04-26 01:53:42,525 [org.apache.ratis.util.JvmPauseMonitor$$Lambda$580/456889832@5f6ff4fe] INFO  util.JvmPauseMonitor (JvmPauseMonitor.java:run(103)) - JvmPauseMonitor-81ec24e6-6cd6-4f7d-92f4-0fd82cba14c4: Started
2022-04-26 01:53:42,525 [EndpointStateMachine task thread for /0.0.0.0:34987 - 0 ] INFO  ratis.XceiverServerRatis (XceiverServerRatis.java:getRealPort(502)) - XceiverServerRatis 81ec24e6-6cd6-4f7d-92f4-0fd82cba14c4 is started using port 33603 for RATIS_ADMIN
2022-04-26 01:53:42,529 [EndpointStateMachine task thread for /0.0.0.0:34987 - 0 ] INFO  ratis.XceiverServerRatis (XceiverServerRatis.java:getRealPort(502)) - XceiverServerRatis 81ec24e6-6cd6-4f7d-92f4-0fd82cba14c4 is started using port 33603 for RATIS_SERVER
2022-04-26 01:53:42,541 [EndpointStateMachine task thread for /0.0.0.0:34987 - 0 ] INFO  server.XceiverServerGrpc (XceiverServerGrpc.java:start(180)) - XceiverServerGrpc 81ec24e6-6cd6-4f7d-92f4-0fd82cba14c4 is started using port 37467
2022-04-26 01:53:42,553 [RatisPipelineUtilsThread - 0] INFO  pipeline.PipelineStateManagerImpl (PipelineStateManagerImpl.java:addPipeline(101)) - Created pipeline Pipeline[ Id: fb017fbf-2c4f-49d8-9eeb-be8c8513623b, Nodes: 5f9c2808-8092-4bb8-be0b-9d445a417462{ip: 10.1.0.42, host: fv-az50-870.grzltbmokehuzjyc5b133kdqgh.cx.internal.cloudapp.net, ports: [REPLICATION=34419, RATIS=40901, RATIS_ADMIN=40901, RATIS_SERVER=40901, STANDALONE=37781], networkLocation: /default-rack, certSerialId: null, persistedOpState: IN_SERVICE, persistedOpStateExpiryEpochSec: 0}, ReplicationConfig: RATIS/ONE, State:ALLOCATED, leaderId:, CreationTimestamp2022-04-26T01:53:42.481Z[Etc/UTC]].
2022-04-26 01:53:42,945 [Listener at 127.0.0.1/40803] INFO  ozone.MiniOzoneClusterImpl (MiniOzoneClusterImpl.java:lambda$waitForClusterToBeReady$0(221)) - Waiting for nodes to be ready. Got 1 of 5 DN Heartbeats.
2022-04-26 01:53:42,945 [Listener at 127.0.0.1/40803] INFO  ozone.MiniOzoneClusterImpl (MiniOzoneClusterImpl.java:lambda$waitForClusterToBeReady$0(224)) - Waiting for cluster to exit safe mode
2022-04-26 01:53:42,945 [Listener at 127.0.0.1/40803] INFO  ozone.MiniOzoneClusterImpl (MiniOzoneClusterImpl.java:lambda$waitForClusterToBeReady$0(226)) - SCM became leader
2022-04-26 01:53:43,002 [EndpointStateMachine task thread for /0.0.0.0:34987 - 0 ] INFO  ozoneimpl.OzoneContainer (OzoneContainer.java:start(335)) - Attempting to start container services.
2022-04-26 01:53:43,002 [EndpointStateMachine task thread for /0.0.0.0:34987 - 0 ] INFO  ozoneimpl.OzoneContainer (OzoneContainer.java:startContainerScrub(270)) - Background container scanner has been disabled.
2022-04-26 01:53:43,010 [EndpointStateMachine task thread for /0.0.0.0:34987 - 0 ] INFO  replication.ReplicationServer (ReplicationServer.java:start(111)) - ReplicationServer is started using port 39301
2022-04-26 01:53:43,033 [EndpointStateMachine task thread for /0.0.0.0:34987 - 0 ] INFO  ratis.XceiverServerRatis (XceiverServerRatis.java:start(481)) - Starting XceiverServerRatis 6a5f3765-4c59-4592-b8a0-ee9ddbc8d1d1
2022-04-26 01:53:43,036 [EndpointStateMachine task thread for /0.0.0.0:34987 - 0 ] INFO  server.RaftServer (RaftServerProxy.java:lambda$start$5(374)) - 6a5f3765-4c59-4592-b8a0-ee9ddbc8d1d1: start RPC server
2022-04-26 01:53:43,038 [EndpointStateMachine task thread for /0.0.0.0:34987 - 0 ] INFO  server.GrpcService (GrpcService.java:startImpl(253)) - 6a5f3765-4c59-4592-b8a0-ee9ddbc8d1d1: GrpcService started, listening on 33891
2022-04-26 01:53:43,045 [EndpointStateMachine task thread for /0.0.0.0:34987 - 0 ] INFO  ratis.XceiverServerRatis (XceiverServerRatis.java:getRealPort(502)) - XceiverServerRatis 6a5f3765-4c59-4592-b8a0-ee9ddbc8d1d1 is started using port 33891 for RATIS
2022-04-26 01:53:43,045 [EndpointStateMachine task thread for /0.0.0.0:34987 - 0 ] INFO  ratis.XceiverServerRatis (XceiverServerRatis.java:getRealPort(502)) - XceiverServerRatis 6a5f3765-4c59-4592-b8a0-ee9ddbc8d1d1 is started using port 33891 for RATIS_ADMIN
2022-04-26 01:53:43,045 [EndpointStateMachine task thread for /0.0.0.0:34987 - 0 ] INFO  ratis.XceiverServerRatis (XceiverServerRatis.java:getRealPort(502)) - XceiverServerRatis 6a5f3765-4c59-4592-b8a0-ee9ddbc8d1d1 is started using port 33891 for RATIS_SERVER
2022-04-26 01:53:43,045 [org.apache.ratis.util.JvmPauseMonitor$$Lambda$580/456889832@26d659a7] INFO  util.JvmPauseMonitor (JvmPauseMonitor.java:run(103)) - JvmPauseMonitor-6a5f3765-4c59-4592-b8a0-ee9ddbc8d1d1: Started
2022-04-26 01:53:43,050 [EndpointStateMachine task thread for /0.0.0.0:34987 - 0 ] INFO  server.XceiverServerGrpc (XceiverServerGrpc.java:start(180)) - XceiverServerGrpc 6a5f3765-4c59-4592-b8a0-ee9ddbc8d1d1 is started using port 38361
2022-04-26 01:53:43,222 [IPC Server handler 2 on default port 34987] INFO  net.NetworkTopologyImpl (NetworkTopologyImpl.java:add(112)) - Added a new node: /default-rack/382fe11f-ccc0-42c1-99a9-aa0fa042180d
2022-04-26 01:53:43,223 [IPC Server handler 2 on default port 34987] INFO  node.SCMNodeManager (SCMNodeManager.java:register(391)) - Registered Data node : 382fe11f-ccc0-42c1-99a9-aa0fa042180d{ip: 10.1.0.42, host: fv-az50-870.grzltbmokehuzjyc5b133kdqgh.cx.internal.cloudapp.net, ports: [REPLICATION=34605, RATIS=39043, RATIS_ADMIN=39043, RATIS_SERVER=39043, STANDALONE=38987], networkLocation: /default-rack, certSerialId: null, persistedOpState: null, persistedOpStateExpiryEpochSec: 0}
2022-04-26 01:53:43,223 [EventQueue-NewNodeForNewNodeHandler] INFO  pipeline.BackgroundPipelineCreator (BackgroundPipelineCreator.java:notifyEventTriggered(284)) - trigger a one-shot run on RatisPipelineUtilsThread.
2022-04-26 01:53:43,245 [EventQueue-NodeRegistrationContainerReportForDataNodeSafeModeRule] INFO  safemode.SCMSafeModeManager (DataNodeSafeModeRule.java:process(71)) - SCM in safe mode. 2 DataNodes registered, 3 required.
2022-04-26 01:53:43,268 [RatisPipelineUtilsThread - 0] INFO  pipeline.RatisPipelineProvider (RatisPipelineProvider.java:lambda$create$0(195)) - Sending CreatePipelineCommand for pipeline:PipelineID=0caab55e-ceb7-4954-875d-31096aef3eec to datanode:382fe11f-ccc0-42c1-99a9-aa0fa042180d
2022-04-26 01:53:43,269 [RatisPipelineUtilsThread - 0] INFO  pipeline.PipelineStateManagerImpl (PipelineStateManagerImpl.java:addPipeline(101)) - Created pipeline Pipeline[ Id: 0caab55e-ceb7-4954-875d-31096aef3eec, Nodes: 382fe11f-ccc0-42c1-99a9-aa0fa042180d{ip: 10.1.0.42, host: fv-az50-870.grzltbmokehuzjyc5b133kdqgh.cx.internal.cloudapp.net, ports: [REPLICATION=34605, RATIS=39043, RATIS_ADMIN=39043, RATIS_SERVER=39043, STANDALONE=38987], networkLocation: /default-rack, certSerialId: null, persistedOpState: IN_SERVICE, persistedOpStateExpiryEpochSec: 0}, ReplicationConfig: RATIS/ONE, State:ALLOCATED, leaderId:, CreationTimestamp2022-04-26T01:53:43.268Z[Etc/UTC]].
2022-04-26 01:53:43,743 [IPC Server handler 1 on default port 34987] INFO  net.NetworkTopologyImpl (NetworkTopologyImpl.java:add(112)) - Added a new node: /default-rack/c1d01455-3ad3-443a-8310-748688ca0e72
2022-04-26 01:53:43,744 [IPC Server handler 1 on default port 34987] INFO  node.SCMNodeManager (SCMNodeManager.java:register(391)) - Registered Data node : c1d01455-3ad3-443a-8310-748688ca0e72{ip: 10.1.0.42, host: fv-az50-870.grzltbmokehuzjyc5b133kdqgh.cx.internal.cloudapp.net, ports: [REPLICATION=34415, RATIS=42877, RATIS_ADMIN=42877, RATIS_SERVER=42877, STANDALONE=36421], networkLocation: /default-rack, certSerialId: null, persistedOpState: null, persistedOpStateExpiryEpochSec: 0}
2022-04-26 01:53:43,744 [EventQueue-NewNodeForNewNodeHandler] INFO  pipeline.BackgroundPipelineCreator (BackgroundPipelineCreator.java:notifyEventTriggered(284)) - trigger a one-shot run on RatisPipelineUtilsThread.
2022-04-26 01:53:43,761 [RatisPipelineUtilsThread - 0] INFO  pipeline.RatisPipelineProvider (RatisPipelineProvider.java:lambda$create$0(195)) - Sending CreatePipelineCommand for pipeline:PipelineID=96e14efa-a3b4-4685-9a55-e93712f0bde7 to datanode:c1d01455-3ad3-443a-8310-748688ca0e72
2022-04-26 01:53:43,761 [EventQueue-NodeRegistrationContainerReportForDataNodeSafeModeRule] INFO  safemode.SCMSafeModeManager (DataNodeSafeModeRule.java:process(71)) - SCM in safe mode. 3 DataNodes registered, 3 required.
2022-04-26 01:53:43,761 [EventQueue-NodeRegistrationContainerReportForDataNodeSafeModeRule] INFO  safemode.SCMSafeModeManager (SCMSafeModeManager.java:validateSafeModeExitRules(204)) - DataNodeSafeModeRule rule is successfully validated
2022-04-26 01:53:43,761 [EventQueue-NodeRegistrationContainerReportForDataNodeSafeModeRule] INFO  safemode.SCMSafeModeManager (SCMSafeModeManager.java:completePreCheck(233)) - All SCM safe mode pre check rules have passed
2022-04-26 01:53:43,761 [EventQueue-NodeRegistrationContainerReportForDataNodeSafeModeRule] WARN  events.EventQueue (EventQueue.java:fireEvent(194)) - No event handler registered for event TypedEvent{payloadType=SafeModeStatus, name='Safe mode status'}
2022-04-26 01:53:43,762 [EventQueue-NodeRegistrationContainerReportForDataNodeSafeModeRule] INFO  ha.SCMContext (SCMContext.java:updateSafeModeStatus(211)) - Update SafeModeStatus from SafeModeStatus{safeModeStatus=true, preCheckPassed=false} to SafeModeStatus{safeModeStatus=true, preCheckPassed=true}.
2022-04-26 01:53:43,762 [EventQueue-NodeRegistrationContainerReportForDataNodeSafeModeRule] INFO  pipeline.BackgroundPipelineCreator (BackgroundPipelineCreator.java:notifyEventTriggered(284)) - trigger a one-shot run on RatisPipelineUtilsThread.
2022-04-26 01:53:43,762 [RatisPipelineUtilsThread - 0] INFO  pipeline.PipelineStateManagerImpl (PipelineStateManagerImpl.java:addPipeline(101)) - Created pipeline Pipeline[ Id: 96e14efa-a3b4-4685-9a55-e93712f0bde7, Nodes: c1d01455-3ad3-443a-8310-748688ca0e72{ip: 10.1.0.42, host: fv-az50-870.grzltbmokehuzjyc5b133kdqgh.cx.internal.cloudapp.net, ports: [REPLICATION=34415, RATIS=42877, RATIS_ADMIN=42877, RATIS_SERVER=42877, STANDALONE=36421], networkLocation: /default-rack, certSerialId: null, persistedOpState: IN_SERVICE, persistedOpStateExpiryEpochSec: 0}, ReplicationConfig: RATIS/ONE, State:ALLOCATED, leaderId:, CreationTimestamp2022-04-26T01:53:43.761Z[Etc/UTC]].
2022-04-26 01:53:43,762 [RatisPipelineUtilsThread - 0] INFO  pipeline.RatisPipelineProvider (RatisPipelineProvider.java:lambda$create$0(195)) - Sending CreatePipelineCommand for pipeline:PipelineID=8fd4ea4f-9a91-4b97-9e98-1dc918eca009 to datanode:382fe11f-ccc0-42c1-99a9-aa0fa042180d
2022-04-26 01:53:43,762 [RatisPipelineUtilsThread - 0] INFO  pipeline.RatisPipelineProvider (RatisPipelineProvider.java:lambda$create$0(195)) - Sending CreatePipelineCommand for pipeline:PipelineID=8fd4ea4f-9a91-4b97-9e98-1dc918eca009 to datanode:c1d01455-3ad3-443a-8310-748688ca0e72
2022-04-26 01:53:43,762 [RatisPipelineUtilsThread - 0] INFO  pipeline.RatisPipelineProvider (RatisPipelineProvider.java:lambda$create$0(195)) - Sending CreatePipelineCommand for pipeline:PipelineID=8fd4ea4f-9a91-4b97-9e98-1dc918eca009 to datanode:5f9c2808-8092-4bb8-be0b-9d445a417462
2022-04-26 01:53:43,762 [RatisPipelineUtilsThread - 0] INFO  pipeline.PipelineStateManagerImpl (PipelineStateManagerImpl.java:addPipeline(101)) - Created pipeline Pipeline[ Id: 8fd4ea4f-9a91-4b97-9e98-1dc918eca009, Nodes: 382fe11f-ccc0-42c1-99a9-aa0fa042180d{ip: 10.1.0.42, host: fv-az50-870.grzltbmokehuzjyc5b133kdqgh.cx.internal.cloudapp.net, ports: [REPLICATION=34605, RATIS=39043, RATIS_ADMIN=39043, RATIS_SERVER=39043, STANDALONE=38987], networkLocation: /default-rack, certSerialId: null, persistedOpState: IN_SERVICE, persistedOpStateExpiryEpochSec: 0}c1d01455-3ad3-443a-8310-748688ca0e72{ip: 10.1.0.42, host: fv-az50-870.grzltbmokehuzjyc5b133kdqgh.cx.internal.cloudapp.net, ports: [REPLICATION=34415, RATIS=42877, RATIS_ADMIN=42877, RATIS_SERVER=42877, STANDALONE=36421], networkLocation: /default-rack, certSerialId: null, persistedOpState: IN_SERVICE, persistedOpStateExpiryEpochSec: 0}5f9c2808-8092-4bb8-be0b-9d445a417462{ip: 10.1.0.42, host: fv-az50-870.grzltbmokehuzjyc5b133kdqgh.cx.internal.cloudapp.net, ports: [REPLICATION=34419, RATIS=40901, RATIS_ADMIN=40901, RATIS_SERVER=40901, STANDALONE=37781], networkLocation: /default-rack, certSerialId: null, persistedOpState: IN_SERVICE, persistedOpStateExpiryEpochSec: 0}, ReplicationConfig: RATIS/THREE, State:ALLOCATED, leaderId:, CreationTimestamp2022-04-26T01:53:43.762Z[Etc/UTC]].
2022-04-26 01:53:43,763 [RatisPipelineUtilsThread - 0] INFO  pipeline.RatisPipelineProvider (RatisPipelineProvider.java:lambda$create$0(195)) - Sending CreatePipelineCommand for pipeline:PipelineID=16ab6ba8-6bca-446c-893c-e82449261593 to datanode:5f9c2808-8092-4bb8-be0b-9d445a417462
2022-04-26 01:53:43,763 [RatisPipelineUtilsThread - 0] INFO  pipeline.RatisPipelineProvider (RatisPipelineProvider.java:lambda$create$0(195)) - Sending CreatePipelineCommand for pipeline:PipelineID=16ab6ba8-6bca-446c-893c-e82449261593 to datanode:382fe11f-ccc0-42c1-99a9-aa0fa042180d
2022-04-26 01:53:43,763 [RatisPipelineUtilsThread - 0] INFO  pipeline.RatisPipelineProvider (RatisPipelineProvider.java:lambda$create$0(195)) - Sending CreatePipelineCommand for pipeline:PipelineID=16ab6ba8-6bca-446c-893c-e82449261593 to datanode:c1d01455-3ad3-443a-8310-748688ca0e72
2022-04-26 01:53:43,763 [RatisPipelineUtilsThread - 0] INFO  pipeline.PipelineStateManagerImpl (PipelineStateManagerImpl.java:addPipeline(101)) - Created pipeline Pipeline[ Id: 16ab6ba8-6bca-446c-893c-e82449261593, Nodes: 5f9c2808-8092-4bb8-be0b-9d445a417462{ip: 10.1.0.42, host: fv-az50-870.grzltbmokehuzjyc5b133kdqgh.cx.internal.cloudapp.net, ports: [REPLICATION=34419, RATIS=40901, RATIS_ADMIN=40901, RATIS_SERVER=40901, STANDALONE=37781], networkLocation: /default-rack, certSerialId: null, persistedOpState: IN_SERVICE, persistedOpStateExpiryEpochSec: 0}382fe11f-ccc0-42c1-99a9-aa0fa042180d{ip: 10.1.0.42, host: fv-az50-870.grzltbmokehuzjyc5b133kdqgh.cx.internal.cloudapp.net, ports: [REPLICATION=34605, RATIS=39043, RATIS_ADMIN=39043, RATIS_SERVER=39043, STANDALONE=38987], networkLocation: /default-rack, certSerialId: null, persistedOpState: IN_SERVICE, persistedOpStateExpiryEpochSec: 0}c1d01455-3ad3-443a-8310-748688ca0e72{ip: 10.1.0.42, host: fv-az50-870.grzltbmokehuzjyc5b133kdqgh.cx.internal.cloudapp.net, ports: [REPLICATION=34415, RATIS=42877, RATIS_ADMIN=42877, RATIS_SERVER=42877, STANDALONE=36421], networkLocation: /default-rack, certSerialId: null, persistedOpState: IN_SERVICE, persistedOpStateExpiryEpochSec: 0}, ReplicationConfig: RATIS/THREE, State:ALLOCATED, leaderId:, CreationTimestamp2022-04-26T01:53:43.763Z[Etc/UTC]].
2022-04-26 01:53:43,763 [RatisPipelineUtilsThread - 0] INFO  pipeline.PipelineManagerImpl (PipelineManagerImpl.java:recordMetricsForPipeline(669)) - Pipeline: PipelineID=16ab6ba8-6bca-446c-893c-e82449261593 contains same datanodes as previous pipelines: PipelineID=8fd4ea4f-9a91-4b97-9e98-1dc918eca009 nodeIds: 5f9c2808-8092-4bb8-be0b-9d445a417462, 382fe11f-ccc0-42c1-99a9-aa0fa042180d, c1d01455-3ad3-443a-8310-748688ca0e72
2022-04-26 01:53:43,946 [Listener at 127.0.0.1/40803] INFO  ozone.MiniOzoneClusterImpl (MiniOzoneClusterImpl.java:lambda$waitForClusterToBeReady$0(221)) - Waiting for nodes to be ready. Got 3 of 5 DN Heartbeats.
2022-04-26 01:53:43,946 [Listener at 127.0.0.1/40803] INFO  ozone.MiniOzoneClusterImpl (MiniOzoneClusterImpl.java:lambda$waitForClusterToBeReady$0(224)) - Waiting for cluster to exit safe mode
2022-04-26 01:53:43,947 [Listener at 127.0.0.1/40803] INFO  ozone.MiniOzoneClusterImpl (MiniOzoneClusterImpl.java:lambda$waitForClusterToBeReady$0(226)) - SCM became leader
2022-04-26 01:53:44,428 [IPC Server handler 3 on default port 34987] INFO  net.NetworkTopologyImpl (NetworkTopologyImpl.java:add(112)) - Added a new node: /default-rack/81ec24e6-6cd6-4f7d-92f4-0fd82cba14c4
2022-04-26 01:53:44,428 [IPC Server handler 3 on default port 34987] INFO  node.SCMNodeManager (SCMNodeManager.java:register(391)) - Registered Data node : 81ec24e6-6cd6-4f7d-92f4-0fd82cba14c4{ip: 10.1.0.42, host: fv-az50-870.grzltbmokehuzjyc5b133kdqgh.cx.internal.cloudapp.net, ports: [REPLICATION=38949, RATIS=33603, RATIS_ADMIN=33603, RATIS_SERVER=33603, STANDALONE=37467], networkLocation: /default-rack, certSerialId: null, persistedOpState: null, persistedOpStateExpiryEpochSec: 0}
2022-04-26 01:53:44,428 [EventQueue-NewNodeForNewNodeHandler] INFO  pipeline.BackgroundPipelineCreator (BackgroundPipelineCreator.java:notifyEventTriggered(284)) - trigger a one-shot run on RatisPipelineUtilsThread.
2022-04-26 01:53:44,429 [RatisPipelineUtilsThread - 0] INFO  pipeline.RatisPipelineProvider (RatisPipelineProvider.java:lambda$create$0(195)) - Sending CreatePipelineCommand for pipeline:PipelineID=90918781-9140-4c2a-922a-c8522d998663 to datanode:81ec24e6-6cd6-4f7d-92f4-0fd82cba14c4
2022-04-26 01:53:44,429 [RatisPipelineUtilsThread - 0] INFO  pipeline.PipelineStateManagerImpl (PipelineStateManagerImpl.java:addPipeline(101)) - Created pipeline Pipeline[ Id: 90918781-9140-4c2a-922a-c8522d998663, Nodes: 81ec24e6-6cd6-4f7d-92f4-0fd82cba14c4{ip: 10.1.0.42, host: fv-az50-870.grzltbmokehuzjyc5b133kdqgh.cx.internal.cloudapp.net, ports: [REPLICATION=38949, RATIS=33603, RATIS_ADMIN=33603, RATIS_SERVER=33603, STANDALONE=37467], networkLocation: /default-rack, certSerialId: null, persistedOpState: IN_SERVICE, persistedOpStateExpiryEpochSec: 0}, ReplicationConfig: RATIS/ONE, State:ALLOCATED, leaderId:, CreationTimestamp2022-04-26T01:53:44.429Z[Etc/UTC]].
2022-04-26 01:53:44,947 [Listener at 127.0.0.1/40803] INFO  ozone.MiniOzoneClusterImpl (MiniOzoneClusterImpl.java:lambda$waitForClusterToBeReady$0(221)) - Waiting for nodes to be ready. Got 4 of 5 DN Heartbeats.
2022-04-26 01:53:44,947 [Listener at 127.0.0.1/40803] INFO  ozone.MiniOzoneClusterImpl (MiniOzoneClusterImpl.java:lambda$waitForClusterToBeReady$0(224)) - Waiting for cluster to exit safe mode
2022-04-26 01:53:44,947 [Listener at 127.0.0.1/40803] INFO  ozone.MiniOzoneClusterImpl (MiniOzoneClusterImpl.java:lambda$waitForClusterToBeReady$0(226)) - SCM became leader
2022-04-26 01:53:44,985 [IPC Server handler 2 on default port 34987] INFO  net.NetworkTopologyImpl (NetworkTopologyImpl.java:add(112)) - Added a new node: /default-rack/6a5f3765-4c59-4592-b8a0-ee9ddbc8d1d1
2022-04-26 01:53:44,985 [IPC Server handler 2 on default port 34987] INFO  node.SCMNodeManager (SCMNodeManager.java:register(391)) - Registered Data node : 6a5f3765-4c59-4592-b8a0-ee9ddbc8d1d1{ip: 10.1.0.42, host: fv-az50-870.grzltbmokehuzjyc5b133kdqgh.cx.internal.cloudapp.net, ports: [REPLICATION=39301, RATIS=33891, RATIS_ADMIN=33891, RATIS_SERVER=33891, STANDALONE=38361], networkLocation: /default-rack, certSerialId: null, persistedOpState: null, persistedOpStateExpiryEpochSec: 0}
2022-04-26 01:53:44,986 [EventQueue-NewNodeForNewNodeHandler] INFO  pipeline.BackgroundPipelineCreator (BackgroundPipelineCreator.java:notifyEventTriggered(284)) - trigger a one-shot run on RatisPipelineUtilsThread.
2022-04-26 01:53:44,986 [RatisPipelineUtilsThread - 0] INFO  pipeline.RatisPipelineProvider (RatisPipelineProvider.java:lambda$create$0(195)) - Sending CreatePipelineCommand for pipeline:PipelineID=160b716c-022c-41db-81d6-37842f4596f3 to datanode:6a5f3765-4c59-4592-b8a0-ee9ddbc8d1d1
2022-04-26 01:53:44,987 [RatisPipelineUtilsThread - 0] INFO  pipeline.PipelineStateManagerImpl (PipelineStateManagerImpl.java:addPipeline(101)) - Created pipeline Pipeline[ Id: 160b716c-022c-41db-81d6-37842f4596f3, Nodes: 6a5f3765-4c59-4592-b8a0-ee9ddbc8d1d1{ip: 10.1.0.42, host: fv-az50-870.grzltbmokehuzjyc5b133kdqgh.cx.internal.cloudapp.net, ports: [REPLICATION=39301, RATIS=33891, RATIS_ADMIN=33891, RATIS_SERVER=33891, STANDALONE=38361], networkLocation: /default-rack, certSerialId: null, persistedOpState: IN_SERVICE, persistedOpStateExpiryEpochSec: 0}, ReplicationConfig: RATIS/ONE, State:ALLOCATED, leaderId:, CreationTimestamp2022-04-26T01:53:44.986Z[Etc/UTC]].
2022-04-26 01:53:45,434 [Command processor thread] INFO  server.RaftServer (RaftServerProxy.java:addNew(95)) - 5f9c2808-8092-4bb8-be0b-9d445a417462: addNew group-BE8C8513623B:[5f9c2808-8092-4bb8-be0b-9d445a417462|rpc:10.1.0.42:40901|priority:1] returns group-BE8C8513623B:java.util.concurrent.CompletableFuture@18ab5609[Not completed]
2022-04-26 01:53:45,471 [pool-469-thread-1] INFO  server.RaftServer$Division (RaftServerImpl.java:<init>(184)) - 5f9c2808-8092-4bb8-be0b-9d445a417462: new RaftServerImpl for group-BE8C8513623B:[5f9c2808-8092-4bb8-be0b-9d445a417462|rpc:10.1.0.42:40901|priority:1] with ContainerStateMachine:uninitialized
2022-04-26 01:53:45,498 [pool-469-thread-1] INFO  server.RaftServerConfigKeys (ConfUtils.java:logGet(44)) - raft.server.rpc.timeout.min = 5s (custom)
2022-04-26 01:53:45,499 [pool-469-thread-1] INFO  server.RaftServerConfigKeys (ConfUtils.java:logGet(44)) - raft.server.rpc.timeout.max = 5200ms (custom)
2022-04-26 01:53:45,499 [pool-469-thread-1] INFO  server.RaftServerConfigKeys (ConfUtils.java:logGet(44)) - raft.server.rpc.sleep.time = 25ms (default)
2022-04-26 01:53:45,499 [pool-469-thread-1] INFO  server.RaftServerConfigKeys (ConfUtils.java:logGet(44)) - raft.server.rpc.slowness.timeout = 300s (custom)
2022-04-26 01:53:45,499 [pool-469-thread-1] INFO  server.RaftServerConfigKeys (ConfUtils.java:logGet(44)) - raft.server.leaderelection.leader.step-down.wait-time = 10s (default)
2022-04-26 01:53:45,499 [pool-469-thread-1] INFO  server.RaftServerConfigKeys (ConfUtils.java:logGet(44)) - raft.server.sleep.deviation.threshold = 300ms (default)
2022-04-26 01:53:45,499 [pool-469-thread-1] INFO  server.RaftServerConfigKeys (ConfUtils.java:logGet(44)) - raft.server.log.appender.install.snapshot.enabled = false (custom)
2022-04-26 01:53:45,499 [pool-469-thread-1] INFO  server.RaftServer$Division (ServerState.java:<init>(105)) - 5f9c2808-8092-4bb8-be0b-9d445a417462@group-BE8C8513623B: ConfigurationManager, init=-1: [5f9c2808-8092-4bb8-be0b-9d445a417462|rpc:10.1.0.42:40901|priority:1], old=null, confs=<EMPTY_MAP>
2022-04-26 01:53:45,499 [pool-469-thread-1] INFO  server.RaftServerConfigKeys (ConfUtils.java:logGet(44)) - raft.server.storage.dir = [/home/runner/work/ozone/ozone/hadoop-ozone/integration-test/target/test-dir/MiniOzoneClusterImpl-f75a2855-399a-402c-9e8b-90c3c75b347d/datanode-0/data/ratis] (custom)
2022-04-26 01:53:45,499 [pool-469-thread-1] INFO  server.RaftServerConfigKeys (ConfUtils.java:logGet(44)) - raft.server.log.corruption.policy = EXCEPTION (default)
2022-04-26 01:53:45,499 [pool-469-thread-1] INFO  server.RaftServerConfigKeys (ConfUtils.java:logGet(44)) - raft.server.storage.free-space.min = 0MB (=0) (default)
2022-04-26 01:53:45,499 [pool-469-thread-1] INFO  storage.RaftStorageDirectory (RaftStorageDirectoryImpl.java:analyzeStorage(135)) - The storage directory /home/runner/work/ozone/ozone/hadoop-ozone/integration-test/target/test-dir/MiniOzoneClusterImpl-f75a2855-399a-402c-9e8b-90c3c75b347d/datanode-0/data/ratis/fb017fbf-2c4f-49d8-9eeb-be8c8513623b does not exist. Creating ...
2022-04-26 01:53:45,500 [pool-469-thread-1] INFO  storage.RaftStorageDirectory (RaftStorageDirectoryImpl.java:tryLock(230)) - Lock on /home/runner/work/ozone/ozone/hadoop-ozone/integration-test/target/test-dir/MiniOzoneClusterImpl-f75a2855-399a-402c-9e8b-90c3c75b347d/datanode-0/data/ratis/fb017fbf-2c4f-49d8-9eeb-be8c8513623b/in_use.lock acquired by nodename 18609@fv-az50-870
2022-04-26 01:53:45,505 [pool-469-thread-1] INFO  storage.RaftStorage (RaftStorageImpl.java:format(89)) - Storage directory /home/runner/work/ozone/ozone/hadoop-ozone/integration-test/target/test-dir/MiniOzoneClusterImpl-f75a2855-399a-402c-9e8b-90c3c75b347d/datanode-0/data/ratis/fb017fbf-2c4f-49d8-9eeb-be8c8513623b has been successfully formatted.
2022-04-26 01:53:45,509 [pool-469-thread-1] INFO  ratis.ContainerStateMachine (ContainerStateMachine.java:loadSnapshot(236)) - group-BE8C8513623B: The snapshot info is null. Setting the last applied indexto:(t:0, i:~)
2022-04-26 01:53:45,510 [pool-469-thread-1] INFO  server.RaftServerConfigKeys (ConfUtils.java:logGet(44)) - raft.server.notification.no-leader.timeout = 300s (custom)
2022-04-26 01:53:45,510 [pool-469-thread-1] INFO  server.RaftServerConfigKeys (ConfUtils.java:logGet(44)) - raft.server.log.use.memory = false (default)
2022-04-26 01:53:45,510 [pool-469-thread-1] INFO  server.RaftServerConfigKeys (ConfUtils.java:logGet(44)) - raft.server.log.purge.gap = 1000000 (custom)
2022-04-26 01:53:45,510 [pool-469-thread-1] INFO  server.RaftServerConfigKeys (ConfUtils.java:logGet(44)) - raft.server.log.appender.buffer.byte-limit = 33554432 (custom)
2022-04-26 01:53:45,510 [pool-469-thread-1] INFO  server.RaftServerConfigKeys (ConfUtils.java:logGet(44)) - raft.server.log.segment.size.max = 1048576 (custom)
2022-04-26 01:53:45,510 [pool-469-thread-1] INFO  server.RaftServerConfigKeys (ConfUtils.java:logGet(44)) - raft.server.log.segment.cache.num.max = 2 (custom)
2022-04-26 01:53:45,510 [pool-469-thread-1] INFO  server.RaftServerConfigKeys (ConfUtils.java:logGet(44)) - raft.server.log.segment.cache.size.max = 200MB (=209715200) (default)
2022-04-26 01:53:45,510 [pool-469-thread-1] INFO  segmented.SegmentedRaftLogWorker (SegmentedRaftLogWorker.java:<init>(182)) - new 5f9c2808-8092-4bb8-be0b-9d445a417462@group-BE8C8513623B-SegmentedRaftLogWorker for RaftStorageImpl:Storage Directory /home/runner/work/ozone/ozone/hadoop-ozone/integration-test/target/test-dir/MiniOzoneClusterImpl-f75a2855-399a-402c-9e8b-90c3c75b347d/datanode-0/data/ratis/fb017fbf-2c4f-49d8-9eeb-be8c8513623b
2022-04-26 01:53:45,510 [pool-469-thread-1] INFO  server.RaftServerConfigKeys (ConfUtils.java:logGet(44)) - raft.server.log.queue.byte-limit = 4294967296 (custom)
2022-04-26 01:53:45,510 [pool-469-thread-1] INFO  server.RaftServerConfigKeys (ConfUtils.java:logGet(44)) - raft.server.log.queue.element-limit = 1024 (custom)
2022-04-26 01:53:45,510 [pool-469-thread-1] INFO  server.RaftServerConfigKeys (ConfUtils.java:logGet(44)) - raft.server.log.segment.size.max = 1048576 (custom)
2022-04-26 01:53:45,510 [pool-469-thread-1] INFO  server.RaftServerConfigKeys (ConfUtils.java:logGet(44)) - raft.server.log.preallocated.size = 16384 (custom)
2022-04-26 01:53:45,511 [pool-469-thread-1] INFO  server.RaftServerConfigKeys (ConfUtils.java:logGet(44)) - raft.server.log.force.sync.num = 128 (default)
2022-04-26 01:53:45,511 [pool-469-thread-1] INFO  server.RaftServerConfigKeys (ConfUtils.java:logGet(44)) - raft.server.log.statemachine.data.sync = true (default)
2022-04-26 01:53:45,511 [pool-469-thread-1] INFO  server.RaftServerConfigKeys (ConfUtils.java:logGet(44)) - raft.server.log.statemachine.data.sync.timeout = 10s (default)
2022-04-26 01:53:45,511 [pool-469-thread-1] INFO  server.RaftServerConfigKeys (ConfUtils.java:logGet(44)) - raft.server.log.statemachine.data.sync.timeout.retry = -1 (default)
2022-04-26 01:53:45,511 [pool-469-thread-1] INFO  server.RaftServerConfigKeys (ConfUtils.java:logGet(44)) - raft.server.log.write.buffer.size = 1048576 (custom)
2022-04-26 01:53:45,512 [pool-469-thread-1] INFO  server.RaftServerConfigKeys (ConfUtils.java:logGet(44)) - raft.server.log.statemachine.data.caching.enabled = true (custom)
2022-04-26 01:53:45,512 [pool-469-thread-1] INFO  segmented.SegmentedRaftLogWorker (SegmentedRaftLogWorker.java:lambda$new$0(133)) - 5f9c2808-8092-4bb8-be0b-9d445a417462@group-BE8C8513623B-SegmentedRaftLogWorker: flushIndex: setUnconditionally 0 -> -1
2022-04-26 01:53:45,512 [pool-469-thread-1] INFO  segmented.SegmentedRaftLogWorker (SegmentedRaftLogWorker.java:lambda$new$0(133)) - 5f9c2808-8092-4bb8-be0b-9d445a417462@group-BE8C8513623B-SegmentedRaftLogWorker: safeCacheEvictIndex: setUnconditionally 0 -> -1
2022-04-26 01:53:45,533 [pool-469-thread-1] INFO  server.RaftServerConfigKeys (ConfUtils.java:logGet(44)) - raft.server.snapshot.auto.trigger.enabled = true (custom)
2022-04-26 01:53:45,533 [pool-469-thread-1] INFO  server.RaftServerConfigKeys (ConfUtils.java:logGet(44)) - raft.server.snapshot.auto.trigger.threshold = 10000 (custom)
2022-04-26 01:53:45,533 [pool-469-thread-1] INFO  server.RaftServerConfigKeys (ConfUtils.java:logGet(44)) - raft.server.snapshot.retention.file.num = 5 (custom)
2022-04-26 01:53:45,533 [pool-469-thread-1] INFO  server.RaftServerConfigKeys (ConfUtils.java:logGet(44)) - raft.server.log.purge.upto.snapshot.index = false (default)
2022-04-26 01:53:45,533 [pool-469-thread-1] INFO  server.RaftServerConfigKeys (ConfUtils.java:logGet(44)) - raft.server.retrycache.expirytime = 600000ms (custom)
2022-04-26 01:53:45,533 [pool-469-thread-1] INFO  server.RaftServerConfigKeys (ConfUtils.java:logGet(44)) - raft.server.retrycache.statistics.expirytime = 100μs (default)
2022-04-26 01:53:45,538 [pool-469-thread-1] INFO  server.RaftServer$Division (RaftServerImpl.java:start(301)) - 5f9c2808-8092-4bb8-be0b-9d445a417462@group-BE8C8513623B: start as a follower, conf=-1: [5f9c2808-8092-4bb8-be0b-9d445a417462|rpc:10.1.0.42:40901|priority:1], old=null
2022-04-26 01:53:45,539 [pool-469-thread-1] INFO  server.RaftServer$Division (RaftServerImpl.java:setRole(290)) - 5f9c2808-8092-4bb8-be0b-9d445a417462@group-BE8C8513623B: changes role from      null to FOLLOWER at term 0 for startAsFollower
2022-04-26 01:53:45,539 [pool-469-thread-1] INFO  impl.RoleInfo (RoleInfo.java:updateAndGet(130)) - 5f9c2808-8092-4bb8-be0b-9d445a417462: start 5f9c2808-8092-4bb8-be0b-9d445a417462@group-BE8C8513623B-FollowerState
2022-04-26 01:53:45,550 [pool-469-thread-1] INFO  util.JmxRegister (JmxRegister.java:tryRegister(44)) - Successfully registered JMX Bean with object name Ratis:service=RaftServer,group=group-BE8C8513623B,id=5f9c2808-8092-4bb8-be0b-9d445a417462
2022-04-26 01:53:45,562 [Command processor thread] INFO  ratis.XceiverServerRatis (XceiverServerRatis.java:addGroup(765)) - Created group PipelineID=fb017fbf-2c4f-49d8-9eeb-be8c8513623b
2022-04-26 01:53:45,562 [Command processor thread] INFO  commandhandler.CreatePipelineCommandHandler (CreatePipelineCommandHandler.java:handle(113)) - Created Pipeline RATIS ONE PipelineID=fb017fbf-2c4f-49d8-9eeb-be8c8513623b.
2022-04-26 01:53:45,562 [Command processor thread] INFO  server.RaftServer (RaftServerProxy.java:addNew(95)) - 5f9c2808-8092-4bb8-be0b-9d445a417462: addNew group-1DC918ECA009:[c1d01455-3ad3-443a-8310-748688ca0e72|rpc:10.1.0.42:42877|priority:1, 382fe11f-ccc0-42c1-99a9-aa0fa042180d|rpc:10.1.0.42:39043|priority:0, 5f9c2808-8092-4bb8-be0b-9d445a417462|rpc:10.1.0.42:40901|priority:0] returns group-1DC918ECA009:java.util.concurrent.CompletableFuture@1c94c1c4[Not completed]
2022-04-26 01:53:45,564 [EventQueue-PipelineReportForPipelineReportHandler] INFO  pipeline.PipelineManagerImpl (PipelineManagerImpl.java:openPipeline(321)) - Pipeline Pipeline[ Id: fb017fbf-2c4f-49d8-9eeb-be8c8513623b, Nodes: 5f9c2808-8092-4bb8-be0b-9d445a417462{ip: 10.1.0.42, host: fv-az50-870.grzltbmokehuzjyc5b133kdqgh.cx.internal.cloudapp.net, ports: [REPLICATION=34419, RATIS=40901, RATIS_ADMIN=40901, RATIS_SERVER=40901, STANDALONE=37781], networkLocation: /default-rack, certSerialId: null, persistedOpState: IN_SERVICE, persistedOpStateExpiryEpochSec: 0}, ReplicationConfig: RATIS/ONE, State:ALLOCATED, leaderId:5f9c2808-8092-4bb8-be0b-9d445a417462, CreationTimestamp2022-04-26T01:53:42.481Z[Etc/UTC]] moved to OPEN state
2022-04-26 01:53:45,565 [pool-469-thread-1] INFO  server.RaftServer$Division (RaftServerImpl.java:<init>(184)) - 5f9c2808-8092-4bb8-be0b-9d445a417462: new RaftServerImpl for group-1DC918ECA009:[c1d01455-3ad3-443a-8310-748688ca0e72|rpc:10.1.0.42:42877|priority:1, 382fe11f-ccc0-42c1-99a9-aa0fa042180d|rpc:10.1.0.42:39043|priority:0, 5f9c2808-8092-4bb8-be0b-9d445a417462|rpc:10.1.0.42:40901|priority:0] with ContainerStateMachine:uninitialized
2022-04-26 01:53:45,565 [pool-469-thread-1] INFO  server.RaftServerConfigKeys (ConfUtils.java:logGet(44)) - raft.server.rpc.timeout.min = 5s (custom)
2022-04-26 01:53:45,565 [pool-469-thread-1] INFO  server.RaftServerConfigKeys (ConfUtils.java:logGet(44)) - raft.server.rpc.timeout.max = 5200ms (custom)
2022-04-26 01:53:45,565 [pool-469-thread-1] INFO  server.RaftServerConfigKeys (ConfUtils.java:logGet(44)) - raft.server.rpc.sleep.time = 25ms (default)
2022-04-26 01:53:45,565 [pool-469-thread-1] INFO  server.RaftServerConfigKeys (ConfUtils.java:logGet(44)) - raft.server.rpc.slowness.timeout = 300s (custom)
2022-04-26 01:53:45,565 [pool-469-thread-1] INFO  server.RaftServerConfigKeys (ConfUtils.java:logGet(44)) - raft.server.leaderelection.leader.step-down.wait-time = 10s (default)
2022-04-26 01:53:45,566 [pool-469-thread-1] INFO  server.RaftServerConfigKeys (ConfUtils.java:logGet(44)) - raft.server.sleep.deviation.threshold = 300ms (default)
2022-04-26 01:53:45,566 [pool-469-thread-1] INFO  server.RaftServerConfigKeys (ConfUtils.java:logGet(44)) - raft.server.log.appender.install.snapshot.enabled = false (custom)
2022-04-26 01:53:45,566 [pool-469-thread-1] INFO  server.RaftServer$Division (ServerState.java:<init>(105)) - 5f9c2808-8092-4bb8-be0b-9d445a417462@group-1DC918ECA009: ConfigurationManager, init=-1: [c1d01455-3ad3-443a-8310-748688ca0e72|rpc:10.1.0.42:42877|priority:1, 382fe11f-ccc0-42c1-99a9-aa0fa042180d|rpc:10.1.0.42:39043|priority:0, 5f9c2808-8092-4bb8-be0b-9d445a417462|rpc:10.1.0.42:40901|priority:0], old=null, confs=<EMPTY_MAP>
2022-04-26 01:53:45,566 [pool-469-thread-1] INFO  server.RaftServerConfigKeys (ConfUtils.java:logGet(44)) - raft.server.storage.dir = [/home/runner/work/ozone/ozone/hadoop-ozone/integration-test/target/test-dir/MiniOzoneClusterImpl-f75a2855-399a-402c-9e8b-90c3c75b347d/datanode-0/data/ratis] (custom)
2022-04-26 01:53:45,566 [pool-469-thread-1] INFO  server.RaftServerConfigKeys (ConfUtils.java:logGet(44)) - raft.server.log.corruption.policy = EXCEPTION (default)
2022-04-26 01:53:45,566 [pool-469-thread-1] INFO  server.RaftServerConfigKeys (ConfUtils.java:logGet(44)) - raft.server.storage.free-space.min = 0MB (=0) (default)
2022-04-26 01:53:45,566 [pool-469-thread-1] INFO  storage.RaftStorageDirectory (RaftStorageDirectoryImpl.java:analyzeStorage(135)) - The storage directory /home/runner/work/ozone/ozone/hadoop-ozone/integration-test/target/test-dir/MiniOzoneClusterImpl-f75a2855-399a-402c-9e8b-90c3c75b347d/datanode-0/data/ratis/8fd4ea4f-9a91-4b97-9e98-1dc918eca009 does not exist. Creating ...
2022-04-26 01:53:45,568 [pool-469-thread-1] INFO  storage.RaftStorageDirectory (RaftStorageDirectoryImpl.java:tryLock(230)) - Lock on /home/runner/work/ozone/ozone/hadoop-ozone/integration-test/target/test-dir/MiniOzoneClusterImpl-f75a2855-399a-402c-9e8b-90c3c75b347d/datanode-0/data/ratis/8fd4ea4f-9a91-4b97-9e98-1dc918eca009/in_use.lock acquired by nodename 18609@fv-az50-870
2022-04-26 01:53:45,569 [pool-469-thread-1] INFO  storage.RaftStorage (RaftStorageImpl.java:format(89)) - Storage directory /home/runner/work/ozone/ozone/hadoop-ozone/integration-test/target/test-dir/MiniOzoneClusterImpl-f75a2855-399a-402c-9e8b-90c3c75b347d/datanode-0/data/ratis/8fd4ea4f-9a91-4b97-9e98-1dc918eca009 has been successfully formatted.
2022-04-26 01:53:45,569 [pool-469-thread-1] INFO  ratis.ContainerStateMachine (ContainerStateMachine.java:loadSnapshot(236)) - group-1DC918ECA009: The snapshot info is null. Setting the last applied indexto:(t:0, i:~)
2022-04-26 01:53:45,569 [pool-469-thread-1] INFO  server.RaftServerConfigKeys (ConfUtils.java:logGet(44)) - raft.server.notification.no-leader.timeout = 300s (custom)
2022-04-26 01:53:45,569 [pool-469-thread-1] INFO  server.RaftServerConfigKeys (ConfUtils.java:logGet(44)) - raft.server.log.use.memory = false (default)
2022-04-26 01:53:45,569 [pool-469-thread-1] INFO  server.RaftServerConfigKeys (ConfUtils.java:logGet(44)) - raft.server.log.purge.gap = 1000000 (custom)
2022-04-26 01:53:45,569 [pool-469-thread-1] INFO  server.RaftServerConfigKeys (ConfUtils.java:logGet(44)) - raft.server.log.appender.buffer.byte-limit = 33554432 (custom)
2022-04-26 01:53:45,569 [pool-469-thread-1] INFO  server.RaftServerConfigKeys (ConfUtils.java:logGet(44)) - raft.server.log.segment.size.max = 1048576 (custom)
2022-04-26 01:53:45,570 [pool-469-thread-1] INFO  server.RaftServerConfigKeys (ConfUtils.java:logGet(44)) - raft.server.log.segment.cache.num.max = 2 (custom)
2022-04-26 01:53:45,570 [pool-469-thread-1] INFO  server.RaftServerConfigKeys (ConfUtils.java:logGet(44)) - raft.server.log.segment.cache.size.max = 200MB (=209715200) (default)
2022-04-26 01:53:45,570 [pool-469-thread-1] INFO  segmented.SegmentedRaftLogWorker (SegmentedRaftLogWorker.java:<init>(182)) - new 5f9c2808-8092-4bb8-be0b-9d445a417462@group-1DC918ECA009-SegmentedRaftLogWorker for RaftStorageImpl:Storage Directory /home/runner/work/ozone/ozone/hadoop-ozone/integration-test/target/test-dir/MiniOzoneClusterImpl-f75a2855-399a-402c-9e8b-90c3c75b347d/datanode-0/data/ratis/8fd4ea4f-9a91-4b97-9e98-1dc918eca009
2022-04-26 01:53:45,570 [pool-469-thread-1] INFO  server.RaftServerConfigKeys (ConfUtils.java:logGet(44)) - raft.server.log.queue.byte-limit = 4294967296 (custom)
2022-04-26 01:53:45,570 [pool-469-thread-1] INFO  server.RaftServerConfigKeys (ConfUtils.java:logGet(44)) - raft.server.log.queue.element-limit = 1024 (custom)
2022-04-26 01:53:45,570 [pool-469-thread-1] INFO  server.RaftServerConfigKeys (ConfUtils.java:logGet(44)) - raft.server.log.segment.size.max = 1048576 (custom)
2022-04-26 01:53:45,570 [pool-469-thread-1] INFO  server.RaftServerConfigKeys (ConfUtils.java:logGet(44)) - raft.server.log.preallocated.size = 16384 (custom)
2022-04-26 01:53:45,570 [pool-469-thread-1] INFO  server.RaftServerConfigKeys (ConfUtils.java:logGet(44)) - raft.server.log.force.sync.num = 128 (default)
2022-04-26 01:53:45,570 [pool-469-thread-1] INFO  server.RaftServerConfigKeys (ConfUtils.java:logGet(44)) - raft.server.log.statemachine.data.sync = true (default)
2022-04-26 01:53:45,570 [pool-469-thread-1] INFO  server.RaftServerConfigKeys (ConfUtils.java:logGet(44)) - raft.server.log.statemachine.data.sync.timeout = 10s (default)
2022-04-26 01:53:45,570 [pool-469-thread-1] INFO  server.RaftServerConfigKeys (ConfUtils.java:logGet(44)) - raft.server.log.statemachine.data.sync.timeout.retry = -1 (default)
2022-04-26 01:53:45,585 [pool-469-thread-1] INFO  server.RaftServerConfigKeys (ConfUtils.java:logGet(44)) - raft.server.log.write.buffer.size = 1048576 (custom)
2022-04-26 01:53:45,586 [pool-469-thread-1] INFO  server.RaftServerConfigKeys (ConfUtils.java:logGet(44)) - raft.server.log.statemachine.data.caching.enabled = true (custom)
2022-04-26 01:53:45,586 [pool-469-thread-1] INFO  segmented.SegmentedRaftLogWorker (SegmentedRaftLogWorker.java:lambda$new$0(133)) - 5f9c2808-8092-4bb8-be0b-9d445a417462@group-1DC918ECA009-SegmentedRaftLogWorker: flushIndex: setUnconditionally 0 -> -1
2022-04-26 01:53:45,586 [pool-469-thread-1] INFO  segmented.SegmentedRaftLogWorker (SegmentedRaftLogWorker.java:lambda$new$0(133)) - 5f9c2808-8092-4bb8-be0b-9d445a417462@group-1DC918ECA009-SegmentedRaftLogWorker: safeCacheEvictIndex: setUnconditionally 0 -> -1
2022-04-26 01:53:45,597 [pool-469-thread-1] INFO  server.RaftServerConfigKeys (ConfUtils.java:logGet(44)) - raft.server.snapshot.auto.trigger.enabled = true (custom)
2022-04-26 01:53:45,597 [pool-469-thread-1] INFO  server.RaftServerConfigKeys (ConfUtils.java:logGet(44)) - raft.server.snapshot.auto.trigger.threshold = 10000 (custom)
2022-04-26 01:53:45,597 [pool-469-thread-1] INFO  server.RaftServerConfigKeys (ConfUtils.java:logGet(44)) - raft.server.snapshot.retention.file.num = 5 (custom)
2022-04-26 01:53:45,597 [pool-469-thread-1] INFO  server.RaftServerConfigKeys (ConfUtils.java:logGet(44)) - raft.server.log.purge.upto.snapshot.index = false (default)
2022-04-26 01:53:45,597 [pool-469-thread-1] INFO  server.RaftServerConfigKeys (ConfUtils.java:logGet(44)) - raft.server.retrycache.expirytime = 600000ms (custom)
2022-04-26 01:53:45,597 [pool-469-thread-1] INFO  server.RaftServerConfigKeys (ConfUtils.java:logGet(44)) - raft.server.retrycache.statistics.expirytime = 100μs (default)
2022-04-26 01:53:45,599 [pool-469-thread-1] INFO  server.RaftServer$Division (RaftServerImpl.java:start(301)) - 5f9c2808-8092-4bb8-be0b-9d445a417462@group-1DC918ECA009: start as a follower, conf=-1: [c1d01455-3ad3-443a-8310-748688ca0e72|rpc:10.1.0.42:42877|priority:1, 382fe11f-ccc0-42c1-99a9-aa0fa042180d|rpc:10.1.0.42:39043|priority:0, 5f9c2808-8092-4bb8-be0b-9d445a417462|rpc:10.1.0.42:40901|priority:0], old=null
2022-04-26 01:53:45,599 [pool-469-thread-1] INFO  server.RaftServer$Division (RaftServerImpl.java:setRole(290)) - 5f9c2808-8092-4bb8-be0b-9d445a417462@group-1DC918ECA009: changes role from      null to FOLLOWER at term 0 for startAsFollower
2022-04-26 01:53:45,599 [pool-469-thread-1] INFO  impl.RoleInfo (RoleInfo.java:updateAndGet(130)) - 5f9c2808-8092-4bb8-be0b-9d445a417462: start 5f9c2808-8092-4bb8-be0b-9d445a417462@group-1DC918ECA009-FollowerState
2022-04-26 01:53:45,625 [pool-469-thread-1] INFO  util.JmxRegister (JmxRegister.java:tryRegister(44)) - Successfully registered JMX Bean with object name Ratis:service=RaftServer,group=group-1DC918ECA009,id=5f9c2808-8092-4bb8-be0b-9d445a417462
2022-04-26 01:53:45,630 [EventQueue-OpenPipelineForHealthyPipelineSafeModeRule] INFO  safemode.SCMSafeModeManager (HealthyPipelineSafeModeRule.java:process(124)) - SCM in safe mode. Healthy pipelines reported count is 0, required healthy pipeline reported count is 1
2022-04-26 01:53:45,631 [EventQueue-OpenPipelineForHealthyPipelineSafeModeRule] INFO  safemode.SCMSafeModeManager (HealthyPipelineSafeModeRule.java:process(124)) - SCM in safe mode. Healthy pipelines reported count is 0, required healthy pipeline reported count is 1
2022-04-26 01:53:45,631 [Command processor thread] INFO  ratis.XceiverServerRatis (XceiverServerRatis.java:addGroup(765)) - Created group PipelineID=8fd4ea4f-9a91-4b97-9e98-1dc918eca009
2022-04-26 01:53:45,673 [grpc-default-executor-0] INFO  server.RaftServer (RaftServerProxy.java:addNew(95)) - 382fe11f-ccc0-42c1-99a9-aa0fa042180d: addNew group-1DC918ECA009:[c1d01455-3ad3-443a-8310-748688ca0e72|rpc:10.1.0.42:42877|dataStream:|priority:1, 382fe11f-ccc0-42c1-99a9-aa0fa042180d|rpc:10.1.0.42:39043|dataStream:|priority:0, 5f9c2808-8092-4bb8-be0b-9d445a417462|rpc:10.1.0.42:40901|dataStream:|priority:0] returns group-1DC918ECA009:java.util.concurrent.CompletableFuture@6f6e92bf[Not completed]
2022-04-26 01:53:45,682 [pool-490-thread-1] INFO  server.RaftServer$Division (RaftServerImpl.java:<init>(184)) - 382fe11f-ccc0-42c1-99a9-aa0fa042180d: new RaftServerImpl for group-1DC918ECA009:[c1d01455-3ad3-443a-8310-748688ca0e72|rpc:10.1.0.42:42877|dataStream:|priority:1, 382fe11f-ccc0-42c1-99a9-aa0fa042180d|rpc:10.1.0.42:39043|dataStream:|priority:0, 5f9c2808-8092-4bb8-be0b-9d445a417462|rpc:10.1.0.42:40901|dataStream:|priority:0] with ContainerStateMachine:uninitialized
2022-04-26 01:53:45,721 [pool-490-thread-1] INFO  server.RaftServerConfigKeys (ConfUtils.java:logGet(44)) - raft.server.rpc.timeout.min = 5s (custom)
2022-04-26 01:53:45,721 [pool-490-thread-1] INFO  server.RaftServerConfigKeys (ConfUtils.java:logGet(44)) - raft.server.rpc.timeout.max = 5200ms (custom)
2022-04-26 01:53:45,721 [pool-490-thread-1] INFO  server.RaftServerConfigKeys (ConfUtils.java:logGet(44)) - raft.server.rpc.sleep.time = 25ms (default)
2022-04-26 01:53:45,721 [pool-490-thread-1] INFO  server.RaftServerConfigKeys (ConfUtils.java:logGet(44)) - raft.server.rpc.slowness.timeout = 300s (custom)
2022-04-26 01:53:45,721 [pool-490-thread-1] INFO  server.RaftServerConfigKeys (ConfUtils.java:logGet(44)) - raft.server.leaderelection.leader.step-down.wait-time = 10s (default)
2022-04-26 01:53:45,721 [pool-490-thread-1] INFO  server.RaftServerConfigKeys (ConfUtils.java:logGet(44)) - raft.server.sleep.deviation.threshold = 300ms (default)
2022-04-26 01:53:45,721 [pool-490-thread-1] INFO  server.RaftServerConfigKeys (ConfUtils.java:logGet(44)) - raft.server.log.appender.install.snapshot.enabled = false (custom)
2022-04-26 01:53:45,721 [pool-490-thread-1] INFO  server.RaftServer$Division (ServerState.java:<init>(105)) - 382fe11f-ccc0-42c1-99a9-aa0fa042180d@group-1DC918ECA009: ConfigurationManager, init=-1: [c1d01455-3ad3-443a-8310-748688ca0e72|rpc:10.1.0.42:42877|dataStream:|priority:1, 382fe11f-ccc0-42c1-99a9-aa0fa042180d|rpc:10.1.0.42:39043|dataStream:|priority:0, 5f9c2808-8092-4bb8-be0b-9d445a417462|rpc:10.1.0.42:40901|dataStream:|priority:0], old=null, confs=<EMPTY_MAP>
2022-04-26 01:53:45,721 [pool-490-thread-1] INFO  server.RaftServerConfigKeys (ConfUtils.java:logGet(44)) - raft.server.storage.dir = [/home/runner/work/ozone/ozone/hadoop-ozone/integration-test/target/test-dir/MiniOzoneClusterImpl-f75a2855-399a-402c-9e8b-90c3c75b347d/datanode-1/data/ratis] (custom)
2022-04-26 01:53:45,722 [pool-490-thread-1] INFO  server.RaftServerConfigKeys (ConfUtils.java:logGet(44)) - raft.server.log.corruption.policy = EXCEPTION (default)
2022-04-26 01:53:45,722 [pool-490-thread-1] INFO  server.RaftServerConfigKeys (ConfUtils.java:logGet(44)) - raft.server.storage.free-space.min = 0MB (=0) (default)
2022-04-26 01:53:45,722 [pool-490-thread-1] INFO  storage.RaftStorageDirectory (RaftStorageDirectoryImpl.java:analyzeStorage(135)) - The storage directory /home/runner/work/ozone/ozone/hadoop-ozone/integration-test/target/test-dir/MiniOzoneClusterImpl-f75a2855-399a-402c-9e8b-90c3c75b347d/datanode-1/data/ratis/8fd4ea4f-9a91-4b97-9e98-1dc918eca009 does not exist. Creating ...
2022-04-26 01:53:45,723 [pool-490-thread-1] INFO  storage.RaftStorageDirectory (RaftStorageDirectoryImpl.java:tryLock(230)) - Lock on /home/runner/work/ozone/ozone/hadoop-ozone/integration-test/target/test-dir/MiniOzoneClusterImpl-f75a2855-399a-402c-9e8b-90c3c75b347d/datanode-1/data/ratis/8fd4ea4f-9a91-4b97-9e98-1dc918eca009/in_use.lock acquired by nodename 18609@fv-az50-870
2022-04-26 01:53:45,724 [pool-490-thread-1] INFO  storage.RaftStorage (RaftStorageImpl.java:format(89)) - Storage directory /home/runner/work/ozone/ozone/hadoop-ozone/integration-test/target/test-dir/MiniOzoneClusterImpl-f75a2855-399a-402c-9e8b-90c3c75b347d/datanode-1/data/ratis/8fd4ea4f-9a91-4b97-9e98-1dc918eca009 has been successfully formatted.
2022-04-26 01:53:45,733 [pool-490-thread-1] INFO  ratis.ContainerStateMachine (ContainerStateMachine.java:loadSnapshot(236)) - group-1DC918ECA009: The snapshot info is null. Setting the last applied indexto:(t:0, i:~)
2022-04-26 01:53:45,741 [pool-490-thread-1] INFO  server.RaftServerConfigKeys (ConfUtils.java:logGet(44)) - raft.server.notification.no-leader.timeout = 300s (custom)
2022-04-26 01:53:45,741 [pool-490-thread-1] INFO  server.RaftServerConfigKeys (ConfUtils.java:logGet(44)) - raft.server.log.use.memory = false (default)
2022-04-26 01:53:45,741 [pool-490-thread-1] INFO  server.RaftServerConfigKeys (ConfUtils.java:logGet(44)) - raft.server.log.purge.gap = 1000000 (custom)
2022-04-26 01:53:45,741 [pool-490-thread-1] INFO  server.RaftServerConfigKeys (ConfUtils.java:logGet(44)) - raft.server.log.appender.buffer.byte-limit = 33554432 (custom)
2022-04-26 01:53:45,742 [pool-490-thread-1] INFO  server.RaftServerConfigKeys (ConfUtils.java:logGet(44)) - raft.server.log.segment.size.max = 1048576 (custom)
2022-04-26 01:53:45,742 [pool-490-thread-1] INFO  server.RaftServerConfigKeys (ConfUtils.java:logGet(44)) - raft.server.log.segment.cache.num.max = 2 (custom)
2022-04-26 01:53:45,742 [pool-490-thread-1] INFO  server.RaftServerConfigKeys (ConfUtils.java:logGet(44)) - raft.server.log.segment.cache.size.max = 200MB (=209715200) (default)
2022-04-26 01:53:45,742 [pool-490-thread-1] INFO  segmented.SegmentedRaftLogWorker (SegmentedRaftLogWorker.java:<init>(182)) - new 382fe11f-ccc0-42c1-99a9-aa0fa042180d@group-1DC918ECA009-SegmentedRaftLogWorker for RaftStorageImpl:Storage Directory /home/runner/work/ozone/ozone/hadoop-ozone/integration-test/target/test-dir/MiniOzoneClusterImpl-f75a2855-399a-402c-9e8b-90c3c75b347d/datanode-1/data/ratis/8fd4ea4f-9a91-4b97-9e98-1dc918eca009
2022-04-26 01:53:45,742 [pool-490-thread-1] INFO  server.RaftServerConfigKeys (ConfUtils.java:logGet(44)) - raft.server.log.queue.byte-limit = 4294967296 (custom)
2022-04-26 01:53:45,742 [pool-490-thread-1] INFO  server.RaftServerConfigKeys (ConfUtils.java:logGet(44)) - raft.server.log.queue.element-limit = 1024 (custom)
2022-04-26 01:53:45,742 [pool-490-thread-1] INFO  server.RaftServerConfigKeys (ConfUtils.java:logGet(44)) - raft.server.log.segment.size.max = 1048576 (custom)
2022-04-26 01:53:45,742 [pool-490-thread-1] INFO  server.RaftServerConfigKeys (ConfUtils.java:logGet(44)) - raft.server.log.preallocated.size = 16384 (custom)
2022-04-26 01:53:45,742 [pool-490-thread-1] INFO  server.RaftServerConfigKeys (ConfUtils.java:logGet(44)) - raft.server.log.force.sync.num = 128 (default)
2022-04-26 01:53:45,742 [pool-490-thread-1] INFO  server.RaftServerConfigKeys (ConfUtils.java:logGet(44)) - raft.server.log.statemachine.data.sync = true (default)
2022-04-26 01:53:45,742 [pool-490-thread-1] INFO  server.RaftServerConfigKeys (ConfUtils.java:logGet(44)) - raft.server.log.statemachine.data.sync.timeout = 10s (default)
2022-04-26 01:53:45,742 [pool-490-thread-1] INFO  server.RaftServerConfigKeys (ConfUtils.java:logGet(44)) - raft.server.log.statemachine.data.sync.timeout.retry = -1 (default)
2022-04-26 01:53:45,743 [pool-490-thread-1] INFO  server.RaftServerConfigKeys (ConfUtils.java:logGet(44)) - raft.server.log.write.buffer.size = 1048576 (custom)
2022-04-26 01:53:45,743 [pool-490-thread-1] INFO  server.RaftServerConfigKeys (ConfUtils.java:logGet(44)) - raft.server.log.statemachine.data.caching.enabled = true (custom)
2022-04-26 01:53:45,743 [pool-490-thread-1] INFO  segmented.SegmentedRaftLogWorker (SegmentedRaftLogWorker.java:lambda$new$0(133)) - 382fe11f-ccc0-42c1-99a9-aa0fa042180d@group-1DC918ECA009-SegmentedRaftLogWorker: flushIndex: setUnconditionally 0 -> -1
2022-04-26 01:53:45,743 [pool-490-thread-1] INFO  segmented.SegmentedRaftLogWorker (SegmentedRaftLogWorker.java:lambda$new$0(133)) - 382fe11f-ccc0-42c1-99a9-aa0fa042180d@group-1DC918ECA009-SegmentedRaftLogWorker: safeCacheEvictIndex: setUnconditionally 0 -> -1
2022-04-26 01:53:45,765 [pool-490-thread-1] INFO  server.RaftServerConfigKeys (ConfUtils.java:logGet(44)) - raft.server.snapshot.auto.trigger.enabled = true (custom)
2022-04-26 01:53:45,765 [pool-490-thread-1] INFO  server.RaftServerConfigKeys (ConfUtils.java:logGet(44)) - raft.server.snapshot.auto.trigger.threshold = 10000 (custom)
2022-04-26 01:53:45,765 [pool-490-thread-1] INFO  server.RaftServerConfigKeys (ConfUtils.java:logGet(44)) - raft.server.snapshot.retention.file.num = 5 (custom)
2022-04-26 01:53:45,765 [pool-490-thread-1] INFO  server.RaftServerConfigKeys (ConfUtils.java:logGet(44)) - raft.server.log.purge.upto.snapshot.index = false (default)
2022-04-26 01:53:45,765 [pool-490-thread-1] INFO  server.RaftServerConfigKeys (ConfUtils.java:logGet(44)) - raft.server.retrycache.expirytime = 600000ms (custom)
2022-04-26 01:53:45,765 [pool-490-thread-1] INFO  server.RaftServerConfigKeys (ConfUtils.java:logGet(44)) - raft.server.retrycache.statistics.expirytime = 100μs (default)
2022-04-26 01:53:45,767 [pool-490-thread-1] INFO  server.RaftServer$Division (RaftServerImpl.java:start(301)) - 382fe11f-ccc0-42c1-99a9-aa0fa042180d@group-1DC918ECA009: start as a follower, conf=-1: [c1d01455-3ad3-443a-8310-748688ca0e72|rpc:10.1.0.42:42877|dataStream:|priority:1, 382fe11f-ccc0-42c1-99a9-aa0fa042180d|rpc:10.1.0.42:39043|dataStream:|priority:0, 5f9c2808-8092-4bb8-be0b-9d445a417462|rpc:10.1.0.42:40901|dataStream:|priority:0], old=null
2022-04-26 01:53:45,767 [pool-490-thread-1] INFO  server.RaftServer$Division (RaftServerImpl.java:setRole(290)) - 382fe11f-ccc0-42c1-99a9-aa0fa042180d@group-1DC918ECA009: changes role from      null to FOLLOWER at term 0 for startAsFollower
2022-04-26 01:53:45,767 [pool-490-thread-1] INFO  impl.RoleInfo (RoleInfo.java:updateAndGet(130)) - 382fe11f-ccc0-42c1-99a9-aa0fa042180d: start 382fe11f-ccc0-42c1-99a9-aa0fa042180d@group-1DC918ECA009-FollowerState
2022-04-26 01:53:45,797 [pool-490-thread-1] INFO  util.JmxRegister (JmxRegister.java:tryRegister(44)) - Successfully registered JMX Bean with object name Ratis:service=RaftServer,group=group-1DC918ECA009,id=382fe11f-ccc0-42c1-99a9-aa0fa042180d
2022-04-26 01:53:45,928 [grpc-default-executor-0] INFO  server.RaftServer (RaftServerProxy.java:addNew(95)) - c1d01455-3ad3-443a-8310-748688ca0e72: addNew group-1DC918ECA009:[c1d01455-3ad3-443a-8310-748688ca0e72|rpc:10.1.0.42:42877|dataStream:|priority:1, 382fe11f-ccc0-42c1-99a9-aa0fa042180d|rpc:10.1.0.42:39043|dataStream:|priority:0, 5f9c2808-8092-4bb8-be0b-9d445a417462|rpc:10.1.0.42:40901|dataStream:|priority:0] returns group-1DC918ECA009:java.util.concurrent.CompletableFuture@221fdec7[Not completed]
2022-04-26 01:53:45,928 [pool-511-thread-1] INFO  server.RaftServer$Division (RaftServerImpl.java:<init>(184)) - c1d01455-3ad3-443a-8310-748688ca0e72: new RaftServerImpl for group-1DC918ECA009:[c1d01455-3ad3-443a-8310-748688ca0e72|rpc:10.1.0.42:42877|dataStream:|priority:1, 382fe11f-ccc0-42c1-99a9-aa0fa042180d|rpc:10.1.0.42:39043|dataStream:|priority:0, 5f9c2808-8092-4bb8-be0b-9d445a417462|rpc:10.1.0.42:40901|dataStream:|priority:0] with ContainerStateMachine:uninitialized
2022-04-26 01:53:45,936 [pool-511-thread-1] INFO  server.RaftServerConfigKeys (ConfUtils.java:logGet(44)) - raft.server.rpc.timeout.min = 5s (custom)
2022-04-26 01:53:45,936 [pool-511-thread-1] INFO  server.RaftServerConfigKeys (ConfUtils.java:logGet(44)) - raft.server.rpc.timeout.max = 5200ms (custom)
2022-04-26 01:53:45,936 [pool-511-thread-1] INFO  server.RaftServerConfigKeys (ConfUtils.java:logGet(44)) - raft.server.rpc.sleep.time = 25ms (default)
2022-04-26 01:53:45,936 [pool-511-thread-1] INFO  server.RaftServerConfigKeys (ConfUtils.java:logGet(44)) - raft.server.rpc.slowness.timeout = 300s (custom)
2022-04-26 01:53:45,936 [pool-511-thread-1] INFO  server.RaftServerConfigKeys (ConfUtils.java:logGet(44)) - raft.server.leaderelection.leader.step-down.wait-time = 10s (default)
2022-04-26 01:53:45,936 [pool-511-thread-1] INFO  server.RaftServerConfigKeys (ConfUtils.java:logGet(44)) - raft.server.sleep.deviation.threshold = 300ms (default)
2022-04-26 01:53:45,936 [pool-511-thread-1] INFO  server.RaftServerConfigKeys (ConfUtils.java:logGet(44)) - raft.server.log.appender.install.snapshot.enabled = false (custom)
2022-04-26 01:53:45,936 [pool-511-thread-1] INFO  server.RaftServer$Division (ServerState.java:<init>(105)) - c1d01455-3ad3-443a-8310-748688ca0e72@group-1DC918ECA009: ConfigurationManager, init=-1: [c1d01455-3ad3-443a-8310-748688ca0e72|rpc:10.1.0.42:42877|dataStream:|priority:1, 382fe11f-ccc0-42c1-99a9-aa0fa042180d|rpc:10.1.0.42:39043|dataStream:|priority:0, 5f9c2808-8092-4bb8-be0b-9d445a417462|rpc:10.1.0.42:40901|dataStream:|priority:0], old=null, confs=<EMPTY_MAP>
2022-04-26 01:53:45,936 [pool-511-thread-1] INFO  server.RaftServerConfigKeys (ConfUtils.java:logGet(44)) - raft.server.storage.dir = [/home/runner/work/ozone/ozone/hadoop-ozone/integration-test/target/test-dir/MiniOzoneClusterImpl-f75a2855-399a-402c-9e8b-90c3c75b347d/datanode-2/data/ratis] (custom)
2022-04-26 01:53:45,936 [pool-511-thread-1] INFO  server.RaftServerConfigKeys (ConfUtils.java:logGet(44)) - raft.server.log.corruption.policy = EXCEPTION (default)
2022-04-26 01:53:45,936 [pool-511-thread-1] INFO  server.RaftServerConfigKeys (ConfUtils.java:logGet(44)) - raft.server.storage.free-space.min = 0MB (=0) (default)
2022-04-26 01:53:45,936 [pool-511-thread-1] INFO  storage.RaftStorageDirectory (RaftStorageDirectoryImpl.java:analyzeStorage(135)) - The storage directory /home/runner/work/ozone/ozone/hadoop-ozone/integration-test/target/test-dir/MiniOzoneClusterImpl-f75a2855-399a-402c-9e8b-90c3c75b347d/datanode-2/data/ratis/8fd4ea4f-9a91-4b97-9e98-1dc918eca009 does not exist. Creating ...
2022-04-26 01:53:45,942 [pool-511-thread-1] INFO  storage.RaftStorageDirectory (RaftStorageDirectoryImpl.java:tryLock(230)) - Lock on /home/runner/work/ozone/ozone/hadoop-ozone/integration-test/target/test-dir/MiniOzoneClusterImpl-f75a2855-399a-402c-9e8b-90c3c75b347d/datanode-2/data/ratis/8fd4ea4f-9a91-4b97-9e98-1dc918eca009/in_use.lock acquired by nodename 18609@fv-az50-870
2022-04-26 01:53:45,947 [Listener at 127.0.0.1/40803] INFO  ozone.MiniOzoneClusterImpl (MiniOzoneClusterImpl.java:lambda$waitForClusterToBeReady$0(221)) - Nodes are ready. Got 5 of 5 DN Heartbeats.
2022-04-26 01:53:45,948 [Listener at 127.0.0.1/40803] INFO  ozone.MiniOzoneClusterImpl (MiniOzoneClusterImpl.java:lambda$waitForClusterToBeReady$0(224)) - Waiting for cluster to exit safe mode
2022-04-26 01:53:45,948 [Listener at 127.0.0.1/40803] INFO  ozone.MiniOzoneClusterImpl (MiniOzoneClusterImpl.java:lambda$waitForClusterToBeReady$0(226)) - SCM became leader
2022-04-26 01:53:45,956 [pool-511-thread-1] INFO  storage.RaftStorage (RaftStorageImpl.java:format(89)) - Storage directory /home/runner/work/ozone/ozone/hadoop-ozone/integration-test/target/test-dir/MiniOzoneClusterImpl-f75a2855-399a-402c-9e8b-90c3c75b347d/datanode-2/data/ratis/8fd4ea4f-9a91-4b97-9e98-1dc918eca009 has been successfully formatted.
2022-04-26 01:53:45,963 [pool-511-thread-1] INFO  ratis.ContainerStateMachine (ContainerStateMachine.java:loadSnapshot(236)) - group-1DC918ECA009: The snapshot info is null. Setting the last applied indexto:(t:0, i:~)
2022-04-26 01:53:45,963 [pool-511-thread-1] INFO  server.RaftServerConfigKeys (ConfUtils.java:logGet(44)) - raft.server.notification.no-leader.timeout = 300s (custom)
2022-04-26 01:53:45,963 [pool-511-thread-1] INFO  server.RaftServerConfigKeys (ConfUtils.java:logGet(44)) - raft.server.log.use.memory = false (default)
2022-04-26 01:53:45,963 [pool-511-thread-1] INFO  server.RaftServerConfigKeys (ConfUtils.java:logGet(44)) - raft.server.log.purge.gap = 1000000 (custom)
2022-04-26 01:53:45,963 [pool-511-thread-1] INFO  server.RaftServerConfigKeys (ConfUtils.java:logGet(44)) - raft.server.log.appender.buffer.byte-limit = 33554432 (custom)
2022-04-26 01:53:45,963 [pool-511-thread-1] INFO  server.RaftServerConfigKeys (ConfUtils.java:logGet(44)) - raft.server.log.segment.size.max = 1048576 (custom)
2022-04-26 01:53:45,964 [pool-511-thread-1] INFO  server.RaftServerConfigKeys (ConfUtils.java:logGet(44)) - raft.server.log.segment.cache.num.max = 2 (custom)
2022-04-26 01:53:45,964 [pool-511-thread-1] INFO  server.RaftServerConfigKeys (ConfUtils.java:logGet(44)) - raft.server.log.segment.cache.size.max = 200MB (=209715200) (default)
2022-04-26 01:53:45,964 [pool-511-thread-1] INFO  segmented.SegmentedRaftLogWorker (SegmentedRaftLogWorker.java:<init>(182)) - new c1d01455-3ad3-443a-8310-748688ca0e72@group-1DC918ECA009-SegmentedRaftLogWorker for RaftStorageImpl:Storage Directory /home/runner/work/ozone/ozone/hadoop-ozone/integration-test/target/test-dir/MiniOzoneClusterImpl-f75a2855-399a-402c-9e8b-90c3c75b347d/datanode-2/data/ratis/8fd4ea4f-9a91-4b97-9e98-1dc918eca009
2022-04-26 01:53:45,964 [pool-511-thread-1] INFO  server.RaftServerConfigKeys (ConfUtils.java:logGet(44)) - raft.server.log.queue.byte-limit = 4294967296 (custom)
2022-04-26 01:53:45,964 [pool-511-thread-1] INFO  server.RaftServerConfigKeys (ConfUtils.java:logGet(44)) - raft.server.log.queue.element-limit = 1024 (custom)
2022-04-26 01:53:45,964 [pool-511-thread-1] INFO  server.RaftServerConfigKeys (ConfUtils.java:logGet(44)) - raft.server.log.segment.size.max = 1048576 (custom)
2022-04-26 01:53:45,964 [pool-511-thread-1] INFO  server.RaftServerConfigKeys (ConfUtils.java:logGet(44)) - raft.server.log.preallocated.size = 16384 (custom)
2022-04-26 01:53:45,964 [pool-511-thread-1] INFO  server.RaftServerConfigKeys (ConfUtils.java:logGet(44)) - raft.server.log.force.sync.num = 128 (default)
2022-04-26 01:53:45,964 [pool-511-thread-1] INFO  server.RaftServerConfigKeys (ConfUtils.java:logGet(44)) - raft.server.log.statemachine.data.sync = true (default)
2022-04-26 01:53:45,964 [pool-511-thread-1] INFO  server.RaftServerConfigKeys (ConfUtils.java:logGet(44)) - raft.server.log.statemachine.data.sync.timeout = 10s (default)
2022-04-26 01:53:45,964 [pool-511-thread-1] INFO  server.RaftServerConfigKeys (ConfUtils.java:logGet(44)) - raft.server.log.statemachine.data.sync.timeout.retry = -1 (default)
2022-04-26 01:53:45,965 [pool-511-thread-1] INFO  server.RaftServerConfigKeys (ConfUtils.java:logGet(44)) - raft.server.log.write.buffer.size = 1048576 (custom)
2022-04-26 01:53:45,969 [pool-511-thread-1] INFO  server.RaftServerConfigKeys (ConfUtils.java:logGet(44)) - raft.server.log.statemachine.data.caching.enabled = true (custom)
2022-04-26 01:53:45,969 [pool-511-thread-1] INFO  segmented.SegmentedRaftLogWorker (SegmentedRaftLogWorker.java:lambda$new$0(133)) - c1d01455-3ad3-443a-8310-748688ca0e72@group-1DC918ECA009-SegmentedRaftLogWorker: flushIndex: setUnconditionally 0 -> -1
2022-04-26 01:53:45,969 [pool-511-thread-1] INFO  segmented.SegmentedRaftLogWorker (SegmentedRaftLogWorker.java:lambda$new$0(133)) - c1d01455-3ad3-443a-8310-748688ca0e72@group-1DC918ECA009-SegmentedRaftLogWorker: safeCacheEvictIndex: setUnconditionally 0 -> -1
2022-04-26 01:53:46,000 [pool-511-thread-1] INFO  server.RaftServerConfigKeys (ConfUtils.java:logGet(44)) - raft.server.snapshot.auto.trigger.enabled = true (custom)
2022-04-26 01:53:46,000 [pool-511-thread-1] INFO  server.RaftServerConfigKeys (ConfUtils.java:logGet(44)) - raft.server.snapshot.auto.trigger.threshold = 10000 (custom)
2022-04-26 01:53:46,000 [pool-511-thread-1] INFO  server.RaftServerConfigKeys (ConfUtils.java:logGet(44)) - raft.server.snapshot.retention.file.num = 5 (custom)
2022-04-26 01:53:46,001 [pool-511-thread-1] INFO  server.RaftServerConfigKeys (ConfUtils.java:logGet(44)) - raft.server.log.purge.upto.snapshot.index = false (default)
2022-04-26 01:53:46,001 [pool-511-thread-1] INFO  server.RaftServerConfigKeys (ConfUtils.java:logGet(44)) - raft.server.retrycache.expirytime = 600000ms (custom)
2022-04-26 01:53:46,001 [pool-511-thread-1] INFO  server.RaftServerConfigKeys (ConfUtils.java:logGet(44)) - raft.server.retrycache.statistics.expirytime = 100μs (default)
2022-04-26 01:53:46,002 [pool-511-thread-1] INFO  server.RaftServer$Division (RaftServerImpl.java:start(301)) - c1d01455-3ad3-443a-8310-748688ca0e72@group-1DC918ECA009: start as a follower, conf=-1: [c1d01455-3ad3-443a-8310-748688ca0e72|rpc:10.1.0.42:42877|dataStream:|priority:1, 382fe11f-ccc0-42c1-99a9-aa0fa042180d|rpc:10.1.0.42:39043|dataStream:|priority:0, 5f9c2808-8092-4bb8-be0b-9d445a417462|rpc:10.1.0.42:40901|dataStream:|priority:0], old=null
2022-04-26 01:53:46,002 [pool-511-thread-1] INFO  server.RaftServer$Division (RaftServerImpl.java:setRole(290)) - c1d01455-3ad3-443a-8310-748688ca0e72@group-1DC918ECA009: changes role from      null to FOLLOWER at term 0 for startAsFollower
2022-04-26 01:53:46,002 [pool-511-thread-1] INFO  impl.RoleInfo (RoleInfo.java:updateAndGet(130)) - c1d01455-3ad3-443a-8310-748688ca0e72: start c1d01455-3ad3-443a-8310-748688ca0e72@group-1DC918ECA009-FollowerState
2022-04-26 01:53:46,003 [pool-511-thread-1] INFO  util.JmxRegister (JmxRegister.java:tryRegister(44)) - Successfully registered JMX Bean with object name Ratis:service=RaftServer,group=group-1DC918ECA009,id=c1d01455-3ad3-443a-8310-748688ca0e72
2022-04-26 01:53:46,059 [Command processor thread] INFO  commandhandler.CreatePipelineCommandHandler (CreatePipelineCommandHandler.java:handle(113)) - Created Pipeline RATIS THREE PipelineID=8fd4ea4f-9a91-4b97-9e98-1dc918eca009.
2022-04-26 01:53:46,059 [Command processor thread] INFO  server.RaftServer (RaftServerProxy.java:addNew(95)) - 5f9c2808-8092-4bb8-be0b-9d445a417462: addNew group-E82449261593:[c1d01455-3ad3-443a-8310-748688ca0e72|rpc:10.1.0.42:42877|priority:0, 382fe11f-ccc0-42c1-99a9-aa0fa042180d|rpc:10.1.0.42:39043|priority:0, 5f9c2808-8092-4bb8-be0b-9d445a417462|rpc:10.1.0.42:40901|priority:1] returns group-E82449261593:java.util.concurrent.CompletableFuture@5539a87c[Not completed]
2022-04-26 01:53:46,060 [pool-469-thread-1] INFO  server.RaftServer$Division (RaftServerImpl.java:<init>(184)) - 5f9c2808-8092-4bb8-be0b-9d445a417462: new RaftServerImpl for group-E82449261593:[c1d01455-3ad3-443a-8310-748688ca0e72|rpc:10.1.0.42:42877|priority:0, 382fe11f-ccc0-42c1-99a9-aa0fa042180d|rpc:10.1.0.42:39043|priority:0, 5f9c2808-8092-4bb8-be0b-9d445a417462|rpc:10.1.0.42:40901|priority:1] with ContainerStateMachine:uninitialized
2022-04-26 01:53:46,060 [pool-469-thread-1] INFO  server.RaftServerConfigKeys (ConfUtils.java:logGet(44)) - raft.server.rpc.timeout.min = 5s (custom)
2022-04-26 01:53:46,060 [pool-469-thread-1] INFO  server.RaftServerConfigKeys (ConfUtils.java:logGet(44)) - raft.server.rpc.timeout.max = 5200ms (custom)
2022-04-26 01:53:46,060 [pool-469-thread-1] INFO  server.RaftServerConfigKeys (ConfUtils.java:logGet(44)) - raft.server.rpc.sleep.time = 25ms (default)
2022-04-26 01:53:46,060 [pool-469-thread-1] INFO  server.RaftServerConfigKeys (ConfUtils.java:logGet(44)) - raft.server.rpc.slowness.timeout = 300s (custom)
2022-04-26 01:53:46,060 [pool-469-thread-1] INFO  server.RaftServerConfigKeys (ConfUtils.java:logGet(44)) - raft.server.leaderelection.leader.step-down.wait-time = 10s (default)
2022-04-26 01:53:46,060 [pool-469-thread-1] INFO  server.RaftServerConfigKeys (ConfUtils.java:logGet(44)) - raft.server.sleep.deviation.threshold = 300ms (default)
2022-04-26 01:53:46,060 [pool-469-thread-1] INFO  server.RaftServerConfigKeys (ConfUtils.java:logGet(44)) - raft.server.log.appender.install.snapshot.enabled = false (custom)
2022-04-26 01:53:46,060 [pool-469-thread-1] INFO  server.RaftServer$Division (ServerState.java:<init>(105)) - 5f9c2808-8092-4bb8-be0b-9d445a417462@group-E82449261593: ConfigurationManager, init=-1: [c1d01455-3ad3-443a-8310-748688ca0e72|rpc:10.1.0.42:42877|priority:0, 382fe11f-ccc0-42c1-99a9-aa0fa042180d|rpc:10.1.0.42:39043|priority:0, 5f9c2808-8092-4bb8-be0b-9d445a417462|rpc:10.1.0.42:40901|priority:1], old=null, confs=<EMPTY_MAP>
2022-04-26 01:53:46,060 [pool-469-thread-1] INFO  server.RaftServerConfigKeys (ConfUtils.java:logGet(44)) - raft.server.storage.dir = [/home/runner/work/ozone/ozone/hadoop-ozone/integration-test/target/test-dir/MiniOzoneClusterImpl-f75a2855-399a-402c-9e8b-90c3c75b347d/datanode-0/data/ratis] (custom)
2022-04-26 01:53:46,060 [pool-469-thread-1] INFO  server.RaftServerConfigKeys (ConfUtils.java:logGet(44)) - raft.server.log.corruption.policy = EXCEPTION (default)
2022-04-26 01:53:46,060 [pool-469-thread-1] INFO  server.RaftServerConfigKeys (ConfUtils.java:logGet(44)) - raft.server.storage.free-space.min = 0MB (=0) (default)
2022-04-26 01:53:46,060 [pool-469-thread-1] INFO  storage.RaftStorageDirectory (RaftStorageDirectoryImpl.java:analyzeStorage(135)) - The storage directory /home/runner/work/ozone/ozone/hadoop-ozone/integration-test/target/test-dir/MiniOzoneClusterImpl-f75a2855-399a-402c-9e8b-90c3c75b347d/datanode-0/data/ratis/16ab6ba8-6bca-446c-893c-e82449261593 does not exist. Creating ...
2022-04-26 01:53:46,066 [pool-469-thread-1] INFO  storage.RaftStorageDirectory (RaftStorageDirectoryImpl.java:tryLock(230)) - Lock on /home/runner/work/ozone/ozone/hadoop-ozone/integration-test/target/test-dir/MiniOzoneClusterImpl-f75a2855-399a-402c-9e8b-90c3c75b347d/datanode-0/data/ratis/16ab6ba8-6bca-446c-893c-e82449261593/in_use.lock acquired by nodename 18609@fv-az50-870
2022-04-26 01:53:46,068 [pool-469-thread-1] INFO  storage.RaftStorage (RaftStorageImpl.java:format(89)) - Storage directory /home/runner/work/ozone/ozone/hadoop-ozone/integration-test/target/test-dir/MiniOzoneClusterImpl-f75a2855-399a-402c-9e8b-90c3c75b347d/datanode-0/data/ratis/16ab6ba8-6bca-446c-893c-e82449261593 has been successfully formatted.
2022-04-26 01:53:46,069 [pool-469-thread-1] INFO  ratis.ContainerStateMachine (ContainerStateMachine.java:loadSnapshot(236)) - group-E82449261593: The snapshot info is null. Setting the last applied indexto:(t:0, i:~)
2022-04-26 01:53:46,069 [pool-469-thread-1] INFO  server.RaftServerConfigKeys (ConfUtils.java:logGet(44)) - raft.server.notification.no-leader.timeout = 300s (custom)
2022-04-26 01:53:46,069 [pool-469-thread-1] INFO  server.RaftServerConfigKeys (ConfUtils.java:logGet(44)) - raft.server.log.use.memory = false (default)
2022-04-26 01:53:46,069 [pool-469-thread-1] INFO  server.RaftServerConfigKeys (ConfUtils.java:logGet(44)) - raft.server.log.purge.gap = 1000000 (custom)
2022-04-26 01:53:46,069 [pool-469-thread-1] INFO  server.RaftServerConfigKeys (ConfUtils.java:logGet(44)) - raft.server.log.appender.buffer.byte-limit = 33554432 (custom)
2022-04-26 01:53:46,069 [pool-469-thread-1] INFO  server.RaftServerConfigKeys (ConfUtils.java:logGet(44)) - raft.server.log.segment.size.max = 1048576 (custom)
2022-04-26 01:53:46,069 [pool-469-thread-1] INFO  server.RaftServerConfigKeys (ConfUtils.java:logGet(44)) - raft.server.log.segment.cache.num.max = 2 (custom)
2022-04-26 01:53:46,070 [pool-469-thread-1] INFO  server.RaftServerConfigKeys (ConfUtils.java:logGet(44)) - raft.server.log.segment.cache.size.max = 200MB (=209715200) (default)
2022-04-26 01:53:46,070 [pool-469-thread-1] INFO  segmented.SegmentedRaftLogWorker (SegmentedRaftLogWorker.java:<init>(182)) - new 5f9c2808-8092-4bb8-be0b-9d445a417462@group-E82449261593-SegmentedRaftLogWorker for RaftStorageImpl:Storage Directory /home/runner/work/ozone/ozone/hadoop-ozone/integration-test/target/test-dir/MiniOzoneClusterImpl-f75a2855-399a-402c-9e8b-90c3c75b347d/datanode-0/data/ratis/16ab6ba8-6bca-446c-893c-e82449261593
2022-04-26 01:53:46,070 [pool-469-thread-1] INFO  server.RaftServerConfigKeys (ConfUtils.java:logGet(44)) - raft.server.log.queue.byte-limit = 4294967296 (custom)
2022-04-26 01:53:46,070 [pool-469-thread-1] INFO  server.RaftServerConfigKeys (ConfUtils.java:logGet(44)) - raft.server.log.queue.element-limit = 1024 (custom)
2022-04-26 01:53:46,070 [pool-469-thread-1] INFO  server.RaftServerConfigKeys (ConfUtils.java:logGet(44)) - raft.server.log.segment.size.max = 1048576 (custom)
2022-04-26 01:53:46,070 [EventQueue-OpenPipelineForHealthyPipelineSafeModeRule] INFO  safemode.SCMSafeModeManager (HealthyPipelineSafeModeRule.java:process(124)) - SCM in safe mode. Healthy pipelines reported count is 0, required healthy pipeline reported count is 1
2022-04-26 01:53:46,070 [pool-469-thread-1] INFO  server.RaftServerConfigKeys (ConfUtils.java:logGet(44)) - raft.server.log.preallocated.size = 16384 (custom)
2022-04-26 01:53:46,073 [pool-469-thread-1] INFO  server.RaftServerConfigKeys (ConfUtils.java:logGet(44)) - raft.server.log.force.sync.num = 128 (default)
2022-04-26 01:53:46,073 [pool-469-thread-1] INFO  server.RaftServerConfigKeys (ConfUtils.java:logGet(44)) - raft.server.log.statemachine.data.sync = true (default)
2022-04-26 01:53:46,073 [pool-469-thread-1] INFO  server.RaftServerConfigKeys (ConfUtils.java:logGet(44)) - raft.server.log.statemachine.data.sync.timeout = 10s (default)
2022-04-26 01:53:46,073 [pool-469-thread-1] INFO  server.RaftServerConfigKeys (ConfUtils.java:logGet(44)) - raft.server.log.statemachine.data.sync.timeout.retry = -1 (default)
2022-04-26 01:53:46,074 [pool-469-thread-1] INFO  server.RaftServerConfigKeys (ConfUtils.java:logGet(44)) - raft.server.log.write.buffer.size = 1048576 (custom)
2022-04-26 01:53:46,074 [pool-469-thread-1] INFO  server.RaftServerConfigKeys (ConfUtils.java:logGet(44)) - raft.server.log.statemachine.data.caching.enabled = true (custom)
2022-04-26 01:53:46,074 [pool-469-thread-1] INFO  segmented.SegmentedRaftLogWorker (SegmentedRaftLogWorker.java:lambda$new$0(133)) - 5f9c2808-8092-4bb8-be0b-9d445a417462@group-E82449261593-SegmentedRaftLogWorker: flushIndex: setUnconditionally 0 -> -1
2022-04-26 01:53:46,074 [pool-469-thread-1] INFO  segmented.SegmentedRaftLogWorker (SegmentedRaftLogWorker.java:lambda$new$0(133)) - 5f9c2808-8092-4bb8-be0b-9d445a417462@group-E82449261593-SegmentedRaftLogWorker: safeCacheEvictIndex: setUnconditionally 0 -> -1
2022-04-26 01:53:46,085 [pool-469-thread-1] INFO  server.RaftServerConfigKeys (ConfUtils.java:logGet(44)) - raft.server.snapshot.auto.trigger.enabled = true (custom)
2022-04-26 01:53:46,085 [pool-469-thread-1] INFO  server.RaftServerConfigKeys (ConfUtils.java:logGet(44)) - raft.server.snapshot.auto.trigger.threshold = 10000 (custom)
2022-04-26 01:53:46,085 [pool-469-thread-1] INFO  server.RaftServerConfigKeys (ConfUtils.java:logGet(44)) - raft.server.snapshot.retention.file.num = 5 (custom)
2022-04-26 01:53:46,085 [pool-469-thread-1] INFO  server.RaftServerConfigKeys (ConfUtils.java:logGet(44)) - raft.server.log.purge.upto.snapshot.index = false (default)
2022-04-26 01:53:46,085 [pool-469-thread-1] INFO  server.RaftServerConfigKeys (ConfUtils.java:logGet(44)) - raft.server.retrycache.expirytime = 600000ms (custom)
2022-04-26 01:53:46,085 [pool-469-thread-1] INFO  server.RaftServerConfigKeys (ConfUtils.java:logGet(44)) - raft.server.retrycache.statistics.expirytime = 100μs (default)
2022-04-26 01:53:46,091 [pool-469-thread-1] INFO  server.RaftServer$Division (RaftServerImpl.java:start(301)) - 5f9c2808-8092-4bb8-be0b-9d445a417462@group-E82449261593: start as a follower, conf=-1: [c1d01455-3ad3-443a-8310-748688ca0e72|rpc:10.1.0.42:42877|priority:0, 382fe11f-ccc0-42c1-99a9-aa0fa042180d|rpc:10.1.0.42:39043|priority:0, 5f9c2808-8092-4bb8-be0b-9d445a417462|rpc:10.1.0.42:40901|priority:1], old=null
2022-04-26 01:53:46,091 [pool-469-thread-1] INFO  server.RaftServer$Division (RaftServerImpl.java:setRole(290)) - 5f9c2808-8092-4bb8-be0b-9d445a417462@group-E82449261593: changes role from      null to FOLLOWER at term 0 for startAsFollower
2022-04-26 01:53:46,091 [pool-469-thread-1] INFO  impl.RoleInfo (RoleInfo.java:updateAndGet(130)) - 5f9c2808-8092-4bb8-be0b-9d445a417462: start 5f9c2808-8092-4bb8-be0b-9d445a417462@group-E82449261593-FollowerState
2022-04-26 01:53:46,105 [pool-469-thread-1] INFO  util.JmxRegister (JmxRegister.java:tryRegister(44)) - Successfully registered JMX Bean with object name Ratis:service=RaftServer,group=group-E82449261593,id=5f9c2808-8092-4bb8-be0b-9d445a417462
2022-04-26 01:53:46,112 [Command processor thread] INFO  ratis.XceiverServerRatis (XceiverServerRatis.java:addGroup(765)) - Created group PipelineID=16ab6ba8-6bca-446c-893c-e82449261593
2022-04-26 01:53:46,131 [grpc-default-executor-0] INFO  server.RaftServer (RaftServerProxy.java:addNew(95)) - 382fe11f-ccc0-42c1-99a9-aa0fa042180d: addNew group-E82449261593:[c1d01455-3ad3-443a-8310-748688ca0e72|rpc:10.1.0.42:42877|dataStream:|priority:0, 382fe11f-ccc0-42c1-99a9-aa0fa042180d|rpc:10.1.0.42:39043|dataStream:|priority:0, 5f9c2808-8092-4bb8-be0b-9d445a417462|rpc:10.1.0.42:40901|dataStream:|priority:1] returns group-E82449261593:java.util.concurrent.CompletableFuture@143e76e9[Not completed]
2022-04-26 01:53:46,131 [pool-490-thread-1] INFO  server.RaftServer$Division (RaftServerImpl.java:<init>(184)) - 382fe11f-ccc0-42c1-99a9-aa0fa042180d: new RaftServerImpl for group-E82449261593:[c1d01455-3ad3-443a-8310-748688ca0e72|rpc:10.1.0.42:42877|dataStream:|priority:0, 382fe11f-ccc0-42c1-99a9-aa0fa042180d|rpc:10.1.0.42:39043|dataStream:|priority:0, 5f9c2808-8092-4bb8-be0b-9d445a417462|rpc:10.1.0.42:40901|dataStream:|priority:1] with ContainerStateMachine:uninitialized
2022-04-26 01:53:46,132 [pool-490-thread-1] INFO  server.RaftServerConfigKeys (ConfUtils.java:logGet(44)) - raft.server.rpc.timeout.min = 5s (custom)
2022-04-26 01:53:46,132 [pool-490-thread-1] INFO  server.RaftServerConfigKeys (ConfUtils.java:logGet(44)) - raft.server.rpc.timeout.max = 5200ms (custom)
2022-04-26 01:53:46,132 [pool-490-thread-1] INFO  server.RaftServerConfigKeys (ConfUtils.java:logGet(44)) - raft.server.rpc.sleep.time = 25ms (default)
2022-04-26 01:53:46,132 [pool-490-thread-1] INFO  server.RaftServerConfigKeys (ConfUtils.java:logGet(44)) - raft.server.rpc.slowness.timeout = 300s (custom)
2022-04-26 01:53:46,132 [pool-490-thread-1] INFO  server.RaftServerConfigKeys (ConfUtils.java:logGet(44)) - raft.server.leaderelection.leader.step-down.wait-time = 10s (default)
2022-04-26 01:53:46,132 [pool-490-thread-1] INFO  server.RaftServerConfigKeys (ConfUtils.java:logGet(44)) - raft.server.sleep.deviation.threshold = 300ms (default)
2022-04-26 01:53:46,132 [pool-490-thread-1] INFO  server.RaftServerConfigKeys (ConfUtils.java:logGet(44)) - raft.server.log.appender.install.snapshot.enabled = false (custom)
2022-04-26 01:53:46,132 [pool-490-thread-1] INFO  server.RaftServer$Division (ServerState.java:<init>(105)) - 382fe11f-ccc0-42c1-99a9-aa0fa042180d@group-E82449261593: ConfigurationManager, init=-1: [c1d01455-3ad3-443a-8310-748688ca0e72|rpc:10.1.0.42:42877|dataStream:|priority:0, 382fe11f-ccc0-42c1-99a9-aa0fa042180d|rpc:10.1.0.42:39043|dataStream:|priority:0, 5f9c2808-8092-4bb8-be0b-9d445a417462|rpc:10.1.0.42:40901|dataStream:|priority:1], old=null, confs=<EMPTY_MAP>
2022-04-26 01:53:46,132 [pool-490-thread-1] INFO  server.RaftServerConfigKeys (ConfUtils.java:logGet(44)) - raft.server.storage.dir = [/home/runner/work/ozone/ozone/hadoop-ozone/integration-test/target/test-dir/MiniOzoneClusterImpl-f75a2855-399a-402c-9e8b-90c3c75b347d/datanode-1/data/ratis] (custom)
2022-04-26 01:53:46,132 [pool-490-thread-1] INFO  server.RaftServerConfigKeys (ConfUtils.java:logGet(44)) - raft.server.log.corruption.policy = EXCEPTION (default)
2022-04-26 01:53:46,132 [pool-490-thread-1] INFO  server.RaftServerConfigKeys (ConfUtils.java:logGet(44)) - raft.server.storage.free-space.min = 0MB (=0) (default)
2022-04-26 01:53:46,132 [pool-490-thread-1] INFO  storage.RaftStorageDirectory (RaftStorageDirectoryImpl.java:analyzeStorage(135)) - The storage directory /home/runner/work/ozone/ozone/hadoop-ozone/integration-test/target/test-dir/MiniOzoneClusterImpl-f75a2855-399a-402c-9e8b-90c3c75b347d/datanode-1/data/ratis/16ab6ba8-6bca-446c-893c-e82449261593 does not exist. Creating ...
2022-04-26 01:53:46,134 [pool-490-thread-1] INFO  storage.RaftStorageDirectory (RaftStorageDirectoryImpl.java:tryLock(230)) - Lock on /home/runner/work/ozone/ozone/hadoop-ozone/integration-test/target/test-dir/MiniOzoneClusterImpl-f75a2855-399a-402c-9e8b-90c3c75b347d/datanode-1/data/ratis/16ab6ba8-6bca-446c-893c-e82449261593/in_use.lock acquired by nodename 18609@fv-az50-870
2022-04-26 01:53:46,135 [pool-490-thread-1] INFO  storage.RaftStorage (RaftStorageImpl.java:format(89)) - Storage directory /home/runner/work/ozone/ozone/hadoop-ozone/integration-test/target/test-dir/MiniOzoneClusterImpl-f75a2855-399a-402c-9e8b-90c3c75b347d/datanode-1/data/ratis/16ab6ba8-6bca-446c-893c-e82449261593 has been successfully formatted.
2022-04-26 01:53:46,135 [pool-490-thread-1] INFO  ratis.ContainerStateMachine (ContainerStateMachine.java:loadSnapshot(236)) - group-E82449261593: The snapshot info is null. Setting the last applied indexto:(t:0, i:~)
2022-04-26 01:53:46,135 [pool-490-thread-1] INFO  server.RaftServerConfigKeys (ConfUtils.java:logGet(44)) - raft.server.notification.no-leader.timeout = 300s (custom)
2022-04-26 01:53:46,135 [pool-490-thread-1] INFO  server.RaftServerConfigKeys (ConfUtils.java:logGet(44)) - raft.server.log.use.memory = false (default)
2022-04-26 01:53:46,135 [pool-490-thread-1] INFO  server.RaftServerConfigKeys (ConfUtils.java:logGet(44)) - raft.server.log.purge.gap = 1000000 (custom)
2022-04-26 01:53:46,136 [pool-490-thread-1] INFO  server.RaftServerConfigKeys (ConfUtils.java:logGet(44)) - raft.server.log.appender.buffer.byte-limit = 33554432 (custom)
2022-04-26 01:53:46,136 [pool-490-thread-1] INFO  server.RaftServerConfigKeys (ConfUtils.java:logGet(44)) - raft.server.log.segment.size.max = 1048576 (custom)
2022-04-26 01:53:46,136 [pool-490-thread-1] INFO  server.RaftServerConfigKeys (ConfUtils.java:logGet(44)) - raft.server.log.segment.cache.num.max = 2 (custom)
2022-04-26 01:53:46,136 [pool-490-thread-1] INFO  server.RaftServerConfigKeys (ConfUtils.java:logGet(44)) - raft.server.log.segment.cache.size.max = 200MB (=209715200) (default)
2022-04-26 01:53:46,136 [pool-490-thread-1] INFO  segmented.SegmentedRaftLogWorker (SegmentedRaftLogWorker.java:<init>(182)) - new 382fe11f-ccc0-42c1-99a9-aa0fa042180d@group-E82449261593-SegmentedRaftLogWorker for RaftStorageImpl:Storage Directory /home/runner/work/ozone/ozone/hadoop-ozone/integration-test/target/test-dir/MiniOzoneClusterImpl-f75a2855-399a-402c-9e8b-90c3c75b347d/datanode-1/data/ratis/16ab6ba8-6bca-446c-893c-e82449261593
2022-04-26 01:53:46,139 [pool-490-thread-1] INFO  server.RaftServerConfigKeys (ConfUtils.java:logGet(44)) - raft.server.log.queue.byte-limit = 4294967296 (custom)
2022-04-26 01:53:46,139 [pool-490-thread-1] INFO  server.RaftServerConfigKeys (ConfUtils.java:logGet(44)) - raft.server.log.queue.element-limit = 1024 (custom)
2022-04-26 01:53:46,139 [pool-490-thread-1] INFO  server.RaftServerConfigKeys (ConfUtils.java:logGet(44)) - raft.server.log.segment.size.max = 1048576 (custom)
2022-04-26 01:53:46,139 [pool-490-thread-1] INFO  server.RaftServerConfigKeys (ConfUtils.java:logGet(44)) - raft.server.log.preallocated.size = 16384 (custom)
2022-04-26 01:53:46,140 [pool-490-thread-1] INFO  server.RaftServerConfigKeys (ConfUtils.java:logGet(44)) - raft.server.log.force.sync.num = 128 (default)
2022-04-26 01:53:46,140 [pool-490-thread-1] INFO  server.RaftServerConfigKeys (ConfUtils.java:logGet(44)) - raft.server.log.statemachine.data.sync = true (default)
2022-04-26 01:53:46,140 [pool-490-thread-1] INFO  server.RaftServerConfigKeys (ConfUtils.java:logGet(44)) - raft.server.log.statemachine.data.sync.timeout = 10s (default)
2022-04-26 01:53:46,140 [pool-490-thread-1] INFO  server.RaftServerConfigKeys (ConfUtils.java:logGet(44)) - raft.server.log.statemachine.data.sync.timeout.retry = -1 (default)
2022-04-26 01:53:46,140 [pool-490-thread-1] INFO  server.RaftServerConfigKeys (ConfUtils.java:logGet(44)) - raft.server.log.write.buffer.size = 1048576 (custom)
2022-04-26 01:53:46,141 [pool-490-thread-1] INFO  server.RaftServerConfigKeys (ConfUtils.java:logGet(44)) - raft.server.log.statemachine.data.caching.enabled = true (custom)
2022-04-26 01:53:46,141 [pool-490-thread-1] INFO  segmented.SegmentedRaftLogWorker (SegmentedRaftLogWorker.java:lambda$new$0(133)) - 382fe11f-ccc0-42c1-99a9-aa0fa042180d@group-E82449261593-SegmentedRaftLogWorker: flushIndex: setUnconditionally 0 -> -1
2022-04-26 01:53:46,141 [pool-490-thread-1] INFO  segmented.SegmentedRaftLogWorker (SegmentedRaftLogWorker.java:lambda$new$0(133)) - 382fe11f-ccc0-42c1-99a9-aa0fa042180d@group-E82449261593-SegmentedRaftLogWorker: safeCacheEvictIndex: setUnconditionally 0 -> -1
2022-04-26 01:53:46,158 [pool-490-thread-1] INFO  server.RaftServerConfigKeys (ConfUtils.java:logGet(44)) - raft.server.snapshot.auto.trigger.enabled = true (custom)
2022-04-26 01:53:46,158 [pool-490-thread-1] INFO  server.RaftServerConfigKeys (ConfUtils.java:logGet(44)) - raft.server.snapshot.auto.trigger.threshold = 10000 (custom)
2022-04-26 01:53:46,158 [pool-490-thread-1] INFO  server.RaftServerConfigKeys (ConfUtils.java:logGet(44)) - raft.server.snapshot.retention.file.num = 5 (custom)
2022-04-26 01:53:46,159 [pool-490-thread-1] INFO  server.RaftServerConfigKeys (ConfUtils.java:logGet(44)) - raft.server.log.purge.upto.snapshot.index = false (default)
2022-04-26 01:53:46,159 [pool-490-thread-1] INFO  server.RaftServerConfigKeys (ConfUtils.java:logGet(44)) - raft.server.retrycache.expirytime = 600000ms (custom)
2022-04-26 01:53:46,159 [pool-490-thread-1] INFO  server.RaftServerConfigKeys (ConfUtils.java:logGet(44)) - raft.server.retrycache.statistics.expirytime = 100μs (default)
2022-04-26 01:53:46,160 [pool-490-thread-1] INFO  server.RaftServer$Division (RaftServerImpl.java:start(301)) - 382fe11f-ccc0-42c1-99a9-aa0fa042180d@group-E82449261593: start as a follower, conf=-1: [c1d01455-3ad3-443a-8310-748688ca0e72|rpc:10.1.0.42:42877|dataStream:|priority:0, 382fe11f-ccc0-42c1-99a9-aa0fa042180d|rpc:10.1.0.42:39043|dataStream:|priority:0, 5f9c2808-8092-4bb8-be0b-9d445a417462|rpc:10.1.0.42:40901|dataStream:|priority:1], old=null
2022-04-26 01:53:46,160 [pool-490-thread-1] INFO  server.RaftServer$Division (RaftServerImpl.java:setRole(290)) - 382fe11f-ccc0-42c1-99a9-aa0fa042180d@group-E82449261593: changes role from      null to FOLLOWER at term 0 for startAsFollower
2022-04-26 01:53:46,160 [pool-490-thread-1] INFO  impl.RoleInfo (RoleInfo.java:updateAndGet(130)) - 382fe11f-ccc0-42c1-99a9-aa0fa042180d: start 382fe11f-ccc0-42c1-99a9-aa0fa042180d@group-E82449261593-FollowerState
2022-04-26 01:53:46,161 [pool-490-thread-1] INFO  util.JmxRegister (JmxRegister.java:tryRegister(44)) - Successfully registered JMX Bean with object name Ratis:service=RaftServer,group=group-E82449261593,id=382fe11f-ccc0-42c1-99a9-aa0fa042180d
2022-04-26 01:53:46,222 [Command processor thread] INFO  server.RaftServer (RaftServerProxy.java:addNew(95)) - 382fe11f-ccc0-42c1-99a9-aa0fa042180d: addNew group-31096AEF3EEC:[382fe11f-ccc0-42c1-99a9-aa0fa042180d|rpc:10.1.0.42:39043|priority:1] returns group-31096AEF3EEC:java.util.concurrent.CompletableFuture@3531196[Not completed]
2022-04-26 01:53:46,222 [pool-490-thread-1] INFO  server.RaftServer$Division (RaftServerImpl.java:<init>(184)) - 382fe11f-ccc0-42c1-99a9-aa0fa042180d: new RaftServerImpl for group-31096AEF3EEC:[382fe11f-ccc0-42c1-99a9-aa0fa042180d|rpc:10.1.0.42:39043|priority:1] with ContainerStateMachine:uninitialized
2022-04-26 01:53:46,222 [pool-490-thread-1] INFO  server.RaftServerConfigKeys (ConfUtils.java:logGet(44)) - raft.server.rpc.timeout.min = 5s (custom)
2022-04-26 01:53:46,222 [pool-490-thread-1] INFO  server.RaftServerConfigKeys (ConfUtils.java:logGet(44)) - raft.server.rpc.timeout.max = 5200ms (custom)
2022-04-26 01:53:46,223 [pool-490-thread-1] INFO  server.RaftServerConfigKeys (ConfUtils.java:logGet(44)) - raft.server.rpc.sleep.time = 25ms (default)
2022-04-26 01:53:46,223 [pool-490-thread-1] INFO  server.RaftServerConfigKeys (ConfUtils.java:logGet(44)) - raft.server.rpc.slowness.timeout = 300s (custom)
2022-04-26 01:53:46,223 [pool-490-thread-1] INFO  server.RaftServerConfigKeys (ConfUtils.java:logGet(44)) - raft.server.leaderelection.leader.step-down.wait-time = 10s (default)
2022-04-26 01:53:46,223 [pool-490-thread-1] INFO  server.RaftServerConfigKeys (ConfUtils.java:logGet(44)) - raft.server.sleep.deviation.threshold = 300ms (default)
2022-04-26 01:53:46,223 [pool-490-thread-1] INFO  server.RaftServerConfigKeys (ConfUtils.java:logGet(44)) - raft.server.log.appender.install.snapshot.enabled = false (custom)
2022-04-26 01:53:46,223 [pool-490-thread-1] INFO  server.RaftServer$Division (ServerState.java:<init>(105)) - 382fe11f-ccc0-42c1-99a9-aa0fa042180d@group-31096AEF3EEC: ConfigurationManager, init=-1: [382fe11f-ccc0-42c1-99a9-aa0fa042180d|rpc:10.1.0.42:39043|priority:1], old=null, confs=<EMPTY_MAP>
2022-04-26 01:53:46,223 [pool-490-thread-1] INFO  server.RaftServerConfigKeys (ConfUtils.java:logGet(44)) - raft.server.storage.dir = [/home/runner/work/ozone/ozone/hadoop-ozone/integration-test/target/test-dir/MiniOzoneClusterImpl-f75a2855-399a-402c-9e8b-90c3c75b347d/datanode-1/data/ratis] (custom)
2022-04-26 01:53:46,223 [pool-490-thread-1] INFO  server.RaftServerConfigKeys (ConfUtils.java:logGet(44)) - raft.server.log.corruption.policy = EXCEPTION (default)
2022-04-26 01:53:46,223 [pool-490-thread-1] INFO  server.RaftServerConfigKeys (ConfUtils.java:logGet(44)) - raft.server.storage.free-space.min = 0MB (=0) (default)
2022-04-26 01:53:46,223 [pool-490-thread-1] INFO  storage.RaftStorageDirectory (RaftStorageDirectoryImpl.java:analyzeStorage(135)) - The storage directory /home/runner/work/ozone/ozone/hadoop-ozone/integration-test/target/test-dir/MiniOzoneClusterImpl-f75a2855-399a-402c-9e8b-90c3c75b347d/datanode-1/data/ratis/0caab55e-ceb7-4954-875d-31096aef3eec does not exist. Creating ...
2022-04-26 01:53:46,225 [pool-490-thread-1] INFO  storage.RaftStorageDirectory (RaftStorageDirectoryImpl.java:tryLock(230)) - Lock on /home/runner/work/ozone/ozone/hadoop-ozone/integration-test/target/test-dir/MiniOzoneClusterImpl-f75a2855-399a-402c-9e8b-90c3c75b347d/datanode-1/data/ratis/0caab55e-ceb7-4954-875d-31096aef3eec/in_use.lock acquired by nodename 18609@fv-az50-870
2022-04-26 01:53:46,226 [pool-490-thread-1] INFO  storage.RaftStorage (RaftStorageImpl.java:format(89)) - Storage directory /home/runner/work/ozone/ozone/hadoop-ozone/integration-test/target/test-dir/MiniOzoneClusterImpl-f75a2855-399a-402c-9e8b-90c3c75b347d/datanode-1/data/ratis/0caab55e-ceb7-4954-875d-31096aef3eec has been successfully formatted.
2022-04-26 01:53:46,226 [pool-490-thread-1] INFO  ratis.ContainerStateMachine (ContainerStateMachine.java:loadSnapshot(236)) - group-31096AEF3EEC: The snapshot info is null. Setting the last applied indexto:(t:0, i:~)
2022-04-26 01:53:46,227 [grpc-default-executor-0] INFO  server.RaftServer (RaftServerProxy.java:addNew(95)) - c1d01455-3ad3-443a-8310-748688ca0e72: addNew group-E82449261593:[c1d01455-3ad3-443a-8310-748688ca0e72|rpc:10.1.0.42:42877|dataStream:|priority:0, 382fe11f-ccc0-42c1-99a9-aa0fa042180d|rpc:10.1.0.42:39043|dataStream:|priority:0, 5f9c2808-8092-4bb8-be0b-9d445a417462|rpc:10.1.0.42:40901|dataStream:|priority:1] returns group-E82449261593:java.util.concurrent.CompletableFuture@480b7b4f[Not completed]
2022-04-26 01:53:46,227 [pool-511-thread-1] INFO  server.RaftServer$Division (RaftServerImpl.java:<init>(184)) - c1d01455-3ad3-443a-8310-748688ca0e72: new RaftServerImpl for group-E82449261593:[c1d01455-3ad3-443a-8310-748688ca0e72|rpc:10.1.0.42:42877|dataStream:|priority:0, 382fe11f-ccc0-42c1-99a9-aa0fa042180d|rpc:10.1.0.42:39043|dataStream:|priority:0, 5f9c2808-8092-4bb8-be0b-9d445a417462|rpc:10.1.0.42:40901|dataStream:|priority:1] with ContainerStateMachine:uninitialized
2022-04-26 01:53:46,227 [pool-511-thread-1] INFO  server.RaftServerConfigKeys (ConfUtils.java:logGet(44)) - raft.server.rpc.timeout.min = 5s (custom)
2022-04-26 01:53:46,227 [pool-511-thread-1] INFO  server.RaftServerConfigKeys (ConfUtils.java:logGet(44)) - raft.server.rpc.timeout.max = 5200ms (custom)
2022-04-26 01:53:46,227 [pool-511-thread-1] INFO  server.RaftServerConfigKeys (ConfUtils.java:logGet(44)) - raft.server.rpc.sleep.time = 25ms (default)
2022-04-26 01:53:46,227 [pool-511-thread-1] INFO  server.RaftServerConfigKeys (ConfUtils.java:logGet(44)) - raft.server.rpc.slowness.timeout = 300s (custom)
2022-04-26 01:53:46,228 [pool-511-thread-1] INFO  server.RaftServerConfigKeys (ConfUtils.java:logGet(44)) - raft.server.leaderelection.leader.step-down.wait-time = 10s (default)
2022-04-26 01:53:46,228 [pool-511-thread-1] INFO  server.RaftServerConfigKeys (ConfUtils.java:logGet(44)) - raft.server.sleep.deviation.threshold = 300ms (default)
2022-04-26 01:53:46,228 [pool-511-thread-1] INFO  server.RaftServerConfigKeys (ConfUtils.java:logGet(44)) - raft.server.log.appender.install.snapshot.enabled = false (custom)
2022-04-26 01:53:46,228 [pool-511-thread-1] INFO  server.RaftServer$Division (ServerState.java:<init>(105)) - c1d01455-3ad3-443a-8310-748688ca0e72@group-E82449261593: ConfigurationManager, init=-1: [c1d01455-3ad3-443a-8310-748688ca0e72|rpc:10.1.0.42:42877|dataStream:|priority:0, 382fe11f-ccc0-42c1-99a9-aa0fa042180d|rpc:10.1.0.42:39043|dataStream:|priority:0, 5f9c2808-8092-4bb8-be0b-9d445a417462|rpc:10.1.0.42:40901|dataStream:|priority:1], old=null, confs=<EMPTY_MAP>
2022-04-26 01:53:46,228 [pool-511-thread-1] INFO  server.RaftServerConfigKeys (ConfUtils.java:logGet(44)) - raft.server.storage.dir = [/home/runner/work/ozone/ozone/hadoop-ozone/integration-test/target/test-dir/MiniOzoneClusterImpl-f75a2855-399a-402c-9e8b-90c3c75b347d/datanode-2/data/ratis] (custom)
2022-04-26 01:53:46,228 [pool-511-thread-1] INFO  server.RaftServerConfigKeys (ConfUtils.java:logGet(44)) - raft.server.log.corruption.policy = EXCEPTION (default)
2022-04-26 01:53:46,228 [pool-511-thread-1] INFO  server.RaftServerConfigKeys (ConfUtils.java:logGet(44)) - raft.server.storage.free-space.min = 0MB (=0) (default)
2022-04-26 01:53:46,228 [pool-511-thread-1] INFO  storage.RaftStorageDirectory (RaftStorageDirectoryImpl.java:analyzeStorage(135)) - The storage directory /home/runner/work/ozone/ozone/hadoop-ozone/integration-test/target/test-dir/MiniOzoneClusterImpl-f75a2855-399a-402c-9e8b-90c3c75b347d/datanode-2/data/ratis/16ab6ba8-6bca-446c-893c-e82449261593 does not exist. Creating ...
2022-04-26 01:53:46,229 [pool-511-thread-1] INFO  storage.RaftStorageDirectory (RaftStorageDirectoryImpl.java:tryLock(230)) - Lock on /home/runner/work/ozone/ozone/hadoop-ozone/integration-test/target/test-dir/MiniOzoneClusterImpl-f75a2855-399a-402c-9e8b-90c3c75b347d/datanode-2/data/ratis/16ab6ba8-6bca-446c-893c-e82449261593/in_use.lock acquired by nodename 18609@fv-az50-870
2022-04-26 01:53:46,230 [pool-511-thread-1] INFO  storage.RaftStorage (RaftStorageImpl.java:format(89)) - Storage directory /home/runner/work/ozone/ozone/hadoop-ozone/integration-test/target/test-dir/MiniOzoneClusterImpl-f75a2855-399a-402c-9e8b-90c3c75b347d/datanode-2/data/ratis/16ab6ba8-6bca-446c-893c-e82449261593 has been successfully formatted.
2022-04-26 01:53:46,230 [pool-490-thread-1] INFO  server.RaftServerConfigKeys (ConfUtils.java:logGet(44)) - raft.server.notification.no-leader.timeout = 300s (custom)
2022-04-26 01:53:46,230 [pool-490-thread-1] INFO  server.RaftServerConfigKeys (ConfUtils.java:logGet(44)) - raft.server.log.use.memory = false (default)
2022-04-26 01:53:46,230 [pool-490-thread-1] INFO  server.RaftServerConfigKeys (ConfUtils.java:logGet(44)) - raft.server.log.purge.gap = 1000000 (custom)
2022-04-26 01:53:46,231 [pool-490-thread-1] INFO  server.RaftServerConfigKeys (ConfUtils.java:logGet(44)) - raft.server.log.appender.buffer.byte-limit = 33554432 (custom)
2022-04-26 01:53:46,231 [pool-490-thread-1] INFO  server.RaftServerConfigKeys (ConfUtils.java:logGet(44)) - raft.server.log.segment.size.max = 1048576 (custom)
2022-04-26 01:53:46,231 [pool-490-thread-1] INFO  server.RaftServerConfigKeys (ConfUtils.java:logGet(44)) - raft.server.log.segment.cache.num.max = 2 (custom)
2022-04-26 01:53:46,231 [pool-490-thread-1] INFO  server.RaftServerConfigKeys (ConfUtils.java:logGet(44)) - raft.server.log.segment.cache.size.max = 200MB (=209715200) (default)
2022-04-26 01:53:46,231 [pool-490-thread-1] INFO  segmented.SegmentedRaftLogWorker (SegmentedRaftLogWorker.java:<init>(182)) - new 382fe11f-ccc0-42c1-99a9-aa0fa042180d@group-31096AEF3EEC-SegmentedRaftLogWorker for RaftStorageImpl:Storage Directory /home/runner/work/ozone/ozone/hadoop-ozone/integration-test/target/test-dir/MiniOzoneClusterImpl-f75a2855-399a-402c-9e8b-90c3c75b347d/datanode-1/data/ratis/0caab55e-ceb7-4954-875d-31096aef3eec
2022-04-26 01:53:46,231 [pool-490-thread-1] INFO  server.RaftServerConfigKeys (ConfUtils.java:logGet(44)) - raft.server.log.queue.byte-limit = 4294967296 (custom)
2022-04-26 01:53:46,231 [pool-490-thread-1] INFO  server.RaftServerConfigKeys (ConfUtils.java:logGet(44)) - raft.server.log.queue.element-limit = 1024 (custom)
2022-04-26 01:53:46,231 [pool-490-thread-1] INFO  server.RaftServerConfigKeys (ConfUtils.java:logGet(44)) - raft.server.log.segment.size.max = 1048576 (custom)
2022-04-26 01:53:46,231 [pool-490-thread-1] INFO  server.RaftServerConfigKeys (ConfUtils.java:logGet(44)) - raft.server.log.preallocated.size = 16384 (custom)
2022-04-26 01:53:46,231 [pool-490-thread-1] INFO  server.RaftServerConfigKeys (ConfUtils.java:logGet(44)) - raft.server.log.force.sync.num = 128 (default)
2022-04-26 01:53:46,231 [pool-490-thread-1] INFO  server.RaftServerConfigKeys (ConfUtils.java:logGet(44)) - raft.server.log.statemachine.data.sync = true (default)
2022-04-26 01:53:46,231 [pool-490-thread-1] INFO  server.RaftServerConfigKeys (ConfUtils.java:logGet(44)) - raft.server.log.statemachine.data.sync.timeout = 10s (default)
2022-04-26 01:53:46,231 [pool-490-thread-1] INFO  server.RaftServerConfigKeys (ConfUtils.java:logGet(44)) - raft.server.log.statemachine.data.sync.timeout.retry = -1 (default)
2022-04-26 01:53:46,232 [pool-511-thread-1] INFO  ratis.ContainerStateMachine (ContainerStateMachine.java:loadSnapshot(236)) - group-E82449261593: The snapshot info is null. Setting the last applied indexto:(t:0, i:~)
2022-04-26 01:53:46,232 [pool-511-thread-1] INFO  server.RaftServerConfigKeys (ConfUtils.java:logGet(44)) - raft.server.notification.no-leader.timeout = 300s (custom)
2022-04-26 01:53:46,232 [pool-511-thread-1] INFO  server.RaftServerConfigKeys (ConfUtils.java:logGet(44)) - raft.server.log.use.memory = false (default)
2022-04-26 01:53:46,232 [pool-511-thread-1] INFO  server.RaftServerConfigKeys (ConfUtils.java:logGet(44)) - raft.server.log.purge.gap = 1000000 (custom)
2022-04-26 01:53:46,232 [pool-511-thread-1] INFO  server.RaftServerConfigKeys (ConfUtils.java:logGet(44)) - raft.server.log.appender.buffer.byte-limit = 33554432 (custom)
2022-04-26 01:53:46,232 [pool-511-thread-1] INFO  server.RaftServerConfigKeys (ConfUtils.java:logGet(44)) - raft.server.log.segment.size.max = 1048576 (custom)
2022-04-26 01:53:46,232 [EventQueue-PipelineReportForPipelineReportHandler] INFO  pipeline.PipelineManagerImpl (PipelineManagerImpl.java:openPipeline(321)) - Pipeline Pipeline[ Id: 0caab55e-ceb7-4954-875d-31096aef3eec, Nodes: 382fe11f-ccc0-42c1-99a9-aa0fa042180d{ip: 10.1.0.42, host: fv-az50-870.grzltbmokehuzjyc5b133kdqgh.cx.internal.cloudapp.net, ports: [REPLICATION=34605, RATIS=39043, RATIS_ADMIN=39043, RATIS_SERVER=39043, STANDALONE=38987], networkLocation: /default-rack, certSerialId: null, persistedOpState: IN_SERVICE, persistedOpStateExpiryEpochSec: 0}, ReplicationConfig: RATIS/ONE, State:ALLOCATED, leaderId:382fe11f-ccc0-42c1-99a9-aa0fa042180d, CreationTimestamp2022-04-26T01:53:43.268Z[Etc/UTC]] moved to OPEN state
2022-04-26 01:53:46,233 [EventQueue-OpenPipelineForHealthyPipelineSafeModeRule] INFO  safemode.SCMSafeModeManager (HealthyPipelineSafeModeRule.java:process(124)) - SCM in safe mode. Healthy pipelines reported count is 0, required healthy pipeline reported count is 1
2022-04-26 01:53:46,233 [pool-490-thread-1] INFO  server.RaftServerConfigKeys (ConfUtils.java:logGet(44)) - raft.server.log.write.buffer.size = 1048576 (custom)
2022-04-26 01:53:46,233 [pool-490-thread-1] INFO  server.RaftServerConfigKeys (ConfUtils.java:logGet(44)) - raft.server.log.statemachine.data.caching.enabled = true (custom)
2022-04-26 01:53:46,233 [pool-490-thread-1] INFO  segmented.SegmentedRaftLogWorker (SegmentedRaftLogWorker.java:lambda$new$0(133)) - 382fe11f-ccc0-42c1-99a9-aa0fa042180d@group-31096AEF3EEC-SegmentedRaftLogWorker: flushIndex: setUnconditionally 0 -> -1
2022-04-26 01:53:46,233 [pool-490-thread-1] INFO  segmented.SegmentedRaftLogWorker (SegmentedRaftLogWorker.java:lambda$new$0(133)) - 382fe11f-ccc0-42c1-99a9-aa0fa042180d@group-31096AEF3EEC-SegmentedRaftLogWorker: safeCacheEvictIndex: setUnconditionally 0 -> -1
2022-04-26 01:53:46,232 [pool-511-thread-1] INFO  server.RaftServerConfigKeys (ConfUtils.java:logGet(44)) - raft.server.log.segment.cache.num.max = 2 (custom)
2022-04-26 01:53:46,234 [pool-511-thread-1] INFO  server.RaftServerConfigKeys (ConfUtils.java:logGet(44)) - raft.server.log.segment.cache.size.max = 200MB (=209715200) (default)
2022-04-26 01:53:46,234 [pool-511-thread-1] INFO  segmented.SegmentedRaftLogWorker (SegmentedRaftLogWorker.java:<init>(182)) - new c1d01455-3ad3-443a-8310-748688ca0e72@group-E82449261593-SegmentedRaftLogWorker for RaftStorageImpl:Storage Directory /home/runner/work/ozone/ozone/hadoop-ozone/integration-test/target/test-dir/MiniOzoneClusterImpl-f75a2855-399a-402c-9e8b-90c3c75b347d/datanode-2/data/ratis/16ab6ba8-6bca-446c-893c-e82449261593
2022-04-26 01:53:46,234 [pool-511-thread-1] INFO  server.RaftServerConfigKeys (ConfUtils.java:logGet(44)) - raft.server.log.queue.byte-limit = 4294967296 (custom)
2022-04-26 01:53:46,234 [pool-511-thread-1] INFO  server.RaftServerConfigKeys (ConfUtils.java:logGet(44)) - raft.server.log.queue.element-limit = 1024 (custom)
2022-04-26 01:53:46,234 [pool-511-thread-1] INFO  server.RaftServerConfigKeys (ConfUtils.java:logGet(44)) - raft.server.log.segment.size.max = 1048576 (custom)
2022-04-26 01:53:46,234 [pool-511-thread-1] INFO  server.RaftServerConfigKeys (ConfUtils.java:logGet(44)) - raft.server.log.preallocated.size = 16384 (custom)
2022-04-26 01:53:46,234 [pool-511-thread-1] INFO  server.RaftServerConfigKeys (ConfUtils.java:logGet(44)) - raft.server.log.force.sync.num = 128 (default)
2022-04-26 01:53:46,234 [pool-511-thread-1] INFO  server.RaftServerConfigKeys (ConfUtils.java:logGet(44)) - raft.server.log.statemachine.data.sync = true (default)
2022-04-26 01:53:46,234 [pool-511-thread-1] INFO  server.RaftServerConfigKeys (ConfUtils.java:logGet(44)) - raft.server.log.statemachine.data.sync.timeout = 10s (default)
2022-04-26 01:53:46,234 [pool-511-thread-1] INFO  server.RaftServerConfigKeys (ConfUtils.java:logGet(44)) - raft.server.log.statemachine.data.sync.timeout.retry = -1 (default)
2022-04-26 01:53:46,245 [pool-490-thread-1] INFO  server.RaftServerConfigKeys (ConfUtils.java:logGet(44)) - raft.server.snapshot.auto.trigger.enabled = true (custom)
2022-04-26 01:53:46,245 [pool-490-thread-1] INFO  server.RaftServerConfigKeys (ConfUtils.java:logGet(44)) - raft.server.snapshot.auto.trigger.threshold = 10000 (custom)
2022-04-26 01:53:46,245 [pool-490-thread-1] INFO  server.RaftServerConfigKeys (ConfUtils.java:logGet(44)) - raft.server.snapshot.retention.file.num = 5 (custom)
2022-04-26 01:53:46,245 [pool-490-thread-1] INFO  server.RaftServerConfigKeys (ConfUtils.java:logGet(44)) - raft.server.log.purge.upto.snapshot.index = false (default)
2022-04-26 01:53:46,245 [pool-490-thread-1] INFO  server.RaftServerConfigKeys (ConfUtils.java:logGet(44)) - raft.server.retrycache.expirytime = 600000ms (custom)
2022-04-26 01:53:46,245 [pool-490-thread-1] INFO  server.RaftServerConfigKeys (ConfUtils.java:logGet(44)) - raft.server.retrycache.statistics.expirytime = 100μs (default)
2022-04-26 01:53:46,246 [pool-511-thread-1] INFO  server.RaftServerConfigKeys (ConfUtils.java:logGet(44)) - raft.server.log.write.buffer.size = 1048576 (custom)
2022-04-26 01:53:46,247 [pool-511-thread-1] INFO  server.RaftServerConfigKeys (ConfUtils.java:logGet(44)) - raft.server.log.statemachine.data.caching.enabled = true (custom)
2022-04-26 01:53:46,247 [pool-511-thread-1] INFO  segmented.SegmentedRaftLogWorker (SegmentedRaftLogWorker.java:lambda$new$0(133)) - c1d01455-3ad3-443a-8310-748688ca0e72@group-E82449261593-SegmentedRaftLogWorker: flushIndex: setUnconditionally 0 -> -1
2022-04-26 01:53:46,247 [pool-511-thread-1] INFO  segmented.SegmentedRaftLogWorker (SegmentedRaftLogWorker.java:lambda$new$0(133)) - c1d01455-3ad3-443a-8310-748688ca0e72@group-E82449261593-SegmentedRaftLogWorker: safeCacheEvictIndex: setUnconditionally 0 -> -1
2022-04-26 01:53:46,248 [pool-490-thread-1] INFO  server.RaftServer$Division (RaftServerImpl.java:start(301)) - 382fe11f-ccc0-42c1-99a9-aa0fa042180d@group-31096AEF3EEC: start as a follower, conf=-1: [382fe11f-ccc0-42c1-99a9-aa0fa042180d|rpc:10.1.0.42:39043|priority:1], old=null
2022-04-26 01:53:46,248 [pool-490-thread-1] INFO  server.RaftServer$Division (RaftServerImpl.java:setRole(290)) - 382fe11f-ccc0-42c1-99a9-aa0fa042180d@group-31096AEF3EEC: changes role from      null to FOLLOWER at term 0 for startAsFollower
2022-04-26 01:53:46,253 [pool-511-thread-1] INFO  server.RaftServerConfigKeys (ConfUtils.java:logGet(44)) - raft.server.snapshot.auto.trigger.enabled = true (custom)
2022-04-26 01:53:46,253 [pool-511-thread-1] INFO  server.RaftServerConfigKeys (ConfUtils.java:logGet(44)) - raft.server.snapshot.auto.trigger.threshold = 10000 (custom)
2022-04-26 01:53:46,253 [pool-511-thread-1] INFO  server.RaftServerConfigKeys (ConfUtils.java:logGet(44)) - raft.server.snapshot.retention.file.num = 5 (custom)
2022-04-26 01:53:46,253 [pool-511-thread-1] INFO  server.RaftServerConfigKeys (ConfUtils.java:logGet(44)) - raft.server.log.purge.upto.snapshot.index = false (default)
2022-04-26 01:53:46,253 [pool-511-thread-1] INFO  server.RaftServerConfigKeys (ConfUtils.java:logGet(44)) - raft.server.retrycache.expirytime = 600000ms (custom)
2022-04-26 01:53:46,253 [pool-511-thread-1] INFO  server.RaftServerConfigKeys (ConfUtils.java:logGet(44)) - raft.server.retrycache.statistics.expirytime = 100μs (default)
2022-04-26 01:53:46,254 [pool-511-thread-1] INFO  server.RaftServer$Division (RaftServerImpl.java:start(301)) - c1d01455-3ad3-443a-8310-748688ca0e72@group-E82449261593: start as a follower, conf=-1: [c1d01455-3ad3-443a-8310-748688ca0e72|rpc:10.1.0.42:42877|dataStream:|priority:0, 382fe11f-ccc0-42c1-99a9-aa0fa042180d|rpc:10.1.0.42:39043|dataStream:|priority:0, 5f9c2808-8092-4bb8-be0b-9d445a417462|rpc:10.1.0.42:40901|dataStream:|priority:1], old=null
2022-04-26 01:53:46,254 [pool-511-thread-1] INFO  server.RaftServer$Division (RaftServerImpl.java:setRole(290)) - c1d01455-3ad3-443a-8310-748688ca0e72@group-E82449261593: changes role from      null to FOLLOWER at term 0 for startAsFollower
2022-04-26 01:53:46,254 [pool-511-thread-1] INFO  impl.RoleInfo (RoleInfo.java:updateAndGet(130)) - c1d01455-3ad3-443a-8310-748688ca0e72: start c1d01455-3ad3-443a-8310-748688ca0e72@group-E82449261593-FollowerState
2022-04-26 01:53:46,254 [pool-511-thread-1] INFO  util.JmxRegister (JmxRegister.java:tryRegister(44)) - Successfully registered JMX Bean with object name Ratis:service=RaftServer,group=group-E82449261593,id=c1d01455-3ad3-443a-8310-748688ca0e72
2022-04-26 01:53:46,265 [pool-490-thread-1] INFO  impl.RoleInfo (RoleInfo.java:updateAndGet(130)) - 382fe11f-ccc0-42c1-99a9-aa0fa042180d: start 382fe11f-ccc0-42c1-99a9-aa0fa042180d@group-31096AEF3EEC-FollowerState
2022-04-26 01:53:46,285 [pool-490-thread-1] INFO  util.JmxRegister (JmxRegister.java:tryRegister(44)) - Successfully registered JMX Bean with object name Ratis:service=RaftServer,group=group-31096AEF3EEC,id=382fe11f-ccc0-42c1-99a9-aa0fa042180d
2022-04-26 01:53:46,307 [Command processor thread] INFO  ratis.XceiverServerRatis (XceiverServerRatis.java:addGroup(765)) - Created group PipelineID=0caab55e-ceb7-4954-875d-31096aef3eec
2022-04-26 01:53:46,307 [Command processor thread] INFO  commandhandler.CreatePipelineCommandHandler (CreatePipelineCommandHandler.java:handle(113)) - Created Pipeline RATIS ONE PipelineID=0caab55e-ceb7-4954-875d-31096aef3eec.
2022-04-26 01:53:46,307 [Command processor thread] INFO  commandhandler.CreatePipelineCommandHandler (CreatePipelineCommandHandler.java:handle(113)) - Created Pipeline RATIS THREE PipelineID=16ab6ba8-6bca-446c-893c-e82449261593.
2022-04-26 01:53:46,737 [Command processor thread] INFO  server.RaftServer (RaftServerProxy.java:addNew(95)) - c1d01455-3ad3-443a-8310-748688ca0e72: addNew group-E93712F0BDE7:[c1d01455-3ad3-443a-8310-748688ca0e72|rpc:10.1.0.42:42877|priority:1] returns group-E93712F0BDE7:java.util.concurrent.CompletableFuture@6e446d10[Not completed]
2022-04-26 01:53:46,738 [pool-511-thread-1] INFO  server.RaftServer$Division (RaftServerImpl.java:<init>(184)) - c1d01455-3ad3-443a-8310-748688ca0e72: new RaftServerImpl for group-E93712F0BDE7:[c1d01455-3ad3-443a-8310-748688ca0e72|rpc:10.1.0.42:42877|priority:1] with ContainerStateMachine:uninitialized
2022-04-26 01:53:46,738 [pool-511-thread-1] INFO  server.RaftServerConfigKeys (ConfUtils.java:logGet(44)) - raft.server.rpc.timeout.min = 5s (custom)
2022-04-26 01:53:46,738 [pool-511-thread-1] INFO  server.RaftServerConfigKeys (ConfUtils.java:logGet(44)) - raft.server.rpc.timeout.max = 5200ms (custom)
2022-04-26 01:53:46,738 [pool-511-thread-1] INFO  server.RaftServerConfigKeys (ConfUtils.java:logGet(44)) - raft.server.rpc.sleep.time = 25ms (default)
2022-04-26 01:53:46,738 [pool-511-thread-1] INFO  server.RaftServerConfigKeys (ConfUtils.java:logGet(44)) - raft.server.rpc.slowness.timeout = 300s (custom)
2022-04-26 01:53:46,738 [pool-511-thread-1] INFO  server.RaftServerConfigKeys (ConfUtils.java:logGet(44)) - raft.server.leaderelection.leader.step-down.wait-time = 10s (default)
2022-04-26 01:53:46,738 [pool-511-thread-1] INFO  server.RaftServerConfigKeys (ConfUtils.java:logGet(44)) - raft.server.sleep.deviation.threshold = 300ms (default)
2022-04-26 01:53:46,738 [pool-511-thread-1] INFO  server.RaftServerConfigKeys (ConfUtils.java:logGet(44)) - raft.server.log.appender.install.snapshot.enabled = false (custom)
2022-04-26 01:53:46,739 [pool-511-thread-1] INFO  server.RaftServer$Division (ServerState.java:<init>(105)) - c1d01455-3ad3-443a-8310-748688ca0e72@group-E93712F0BDE7: ConfigurationManager, init=-1: [c1d01455-3ad3-443a-8310-748688ca0e72|rpc:10.1.0.42:42877|priority:1], old=null, confs=<EMPTY_MAP>
2022-04-26 01:53:46,739 [pool-511-thread-1] INFO  server.RaftServerConfigKeys (ConfUtils.java:logGet(44)) - raft.server.storage.dir = [/home/runner/work/ozone/ozone/hadoop-ozone/integration-test/target/test-dir/MiniOzoneClusterImpl-f75a2855-399a-402c-9e8b-90c3c75b347d/datanode-2/data/ratis] (custom)
2022-04-26 01:53:46,739 [pool-511-thread-1] INFO  server.RaftServerConfigKeys (ConfUtils.java:logGet(44)) - raft.server.log.corruption.policy = EXCEPTION (default)
2022-04-26 01:53:46,739 [pool-511-thread-1] INFO  server.RaftServerConfigKeys (ConfUtils.java:logGet(44)) - raft.server.storage.free-space.min = 0MB (=0) (default)
2022-04-26 01:53:46,739 [pool-511-thread-1] INFO  storage.RaftStorageDirectory (RaftStorageDirectoryImpl.java:analyzeStorage(135)) - The storage directory /home/runner/work/ozone/ozone/hadoop-ozone/integration-test/target/test-dir/MiniOzoneClusterImpl-f75a2855-399a-402c-9e8b-90c3c75b347d/datanode-2/data/ratis/96e14efa-a3b4-4685-9a55-e93712f0bde7 does not exist. Creating ...
2022-04-26 01:53:46,741 [pool-511-thread-1] INFO  storage.RaftStorageDirectory (RaftStorageDirectoryImpl.java:tryLock(230)) - Lock on /home/runner/work/ozone/ozone/hadoop-ozone/integration-test/target/test-dir/MiniOzoneClusterImpl-f75a2855-399a-402c-9e8b-90c3c75b347d/datanode-2/data/ratis/96e14efa-a3b4-4685-9a55-e93712f0bde7/in_use.lock acquired by nodename 18609@fv-az50-870
2022-04-26 01:53:46,743 [pool-511-thread-1] INFO  storage.RaftStorage (RaftStorageImpl.java:format(89)) - Storage directory /home/runner/work/ozone/ozone/hadoop-ozone/integration-test/target/test-dir/MiniOzoneClusterImpl-f75a2855-399a-402c-9e8b-90c3c75b347d/datanode-2/data/ratis/96e14efa-a3b4-4685-9a55-e93712f0bde7 has been successfully formatted.
2022-04-26 01:53:46,743 [pool-511-thread-1] INFO  ratis.ContainerStateMachine (ContainerStateMachine.java:loadSnapshot(236)) - group-E93712F0BDE7: The snapshot info is null. Setting the last applied indexto:(t:0, i:~)
2022-04-26 01:53:46,743 [pool-511-thread-1] INFO  server.RaftServerConfigKeys (ConfUtils.java:logGet(44)) - raft.server.notification.no-leader.timeout = 300s (custom)
2022-04-26 01:53:46,744 [EventQueue-PipelineReportForPipelineReportHandler] INFO  pipeline.PipelineManagerImpl (PipelineManagerImpl.java:openPipeline(321)) - Pipeline Pipeline[ Id: 96e14efa-a3b4-4685-9a55-e93712f0bde7, Nodes: c1d01455-3ad3-443a-8310-748688ca0e72{ip: 10.1.0.42, host: fv-az50-870.grzltbmokehuzjyc5b133kdqgh.cx.internal.cloudapp.net, ports: [REPLICATION=34415, RATIS=42877, RATIS_ADMIN=42877, RATIS_SERVER=42877, STANDALONE=36421], networkLocation: /default-rack, certSerialId: null, persistedOpState: IN_SERVICE, persistedOpStateExpiryEpochSec: 0}, ReplicationConfig: RATIS/ONE, State:ALLOCATED, leaderId:c1d01455-3ad3-443a-8310-748688ca0e72, CreationTimestamp2022-04-26T01:53:43.761Z[Etc/UTC]] moved to OPEN state
2022-04-26 01:53:46,745 [EventQueue-OpenPipelineForHealthyPipelineSafeModeRule] INFO  safemode.SCMSafeModeManager (HealthyPipelineSafeModeRule.java:process(124)) - SCM in safe mode. Healthy pipelines reported count is 0, required healthy pipeline reported count is 1
2022-04-26 01:53:46,745 [pool-511-thread-1] INFO  server.RaftServerConfigKeys (ConfUtils.java:logGet(44)) - raft.server.log.use.memory = false (default)
2022-04-26 01:53:46,745 [pool-511-thread-1] INFO  server.RaftServerConfigKeys (ConfUtils.java:logGet(44)) - raft.server.log.purge.gap = 1000000 (custom)
2022-04-26 01:53:46,745 [pool-511-thread-1] INFO  server.RaftServerConfigKeys (ConfUtils.java:logGet(44)) - raft.server.log.appender.buffer.byte-limit = 33554432 (custom)
2022-04-26 01:53:46,746 [pool-511-thread-1] INFO  server.RaftServerConfigKeys (ConfUtils.java:logGet(44)) - raft.server.log.segment.size.max = 1048576 (custom)
2022-04-26 01:53:46,746 [pool-511-thread-1] INFO  server.RaftServerConfigKeys (ConfUtils.java:logGet(44)) - raft.server.log.segment.cache.num.max = 2 (custom)
2022-04-26 01:53:46,746 [pool-511-thread-1] INFO  server.RaftServerConfigKeys (ConfUtils.java:logGet(44)) - raft.server.log.segment.cache.size.max = 200MB (=209715200) (default)
2022-04-26 01:53:46,746 [pool-511-thread-1] INFO  segmented.SegmentedRaftLogWorker (SegmentedRaftLogWorker.java:<init>(182)) - new c1d01455-3ad3-443a-8310-748688ca0e72@group-E93712F0BDE7-SegmentedRaftLogWorker for RaftStorageImpl:Storage Directory /home/runner/work/ozone/ozone/hadoop-ozone/integration-test/target/test-dir/MiniOzoneClusterImpl-f75a2855-399a-402c-9e8b-90c3c75b347d/datanode-2/data/ratis/96e14efa-a3b4-4685-9a55-e93712f0bde7
2022-04-26 01:53:46,746 [pool-511-thread-1] INFO  server.RaftServerConfigKeys (ConfUtils.java:logGet(44)) - raft.server.log.queue.byte-limit = 4294967296 (custom)
2022-04-26 01:53:46,746 [pool-511-thread-1] INFO  server.RaftServerConfigKeys (ConfUtils.java:logGet(44)) - raft.server.log.queue.element-limit = 1024 (custom)
2022-04-26 01:53:46,746 [pool-511-thread-1] INFO  server.RaftServerConfigKeys (ConfUtils.java:logGet(44)) - raft.server.log.segment.size.max = 1048576 (custom)
2022-04-26 01:53:46,746 [pool-511-thread-1] INFO  server.RaftServerConfigKeys (ConfUtils.java:logGet(44)) - raft.server.log.preallocated.size = 16384 (custom)
2022-04-26 01:53:46,746 [pool-511-thread-1] INFO  server.RaftServerConfigKeys (ConfUtils.java:logGet(44)) - raft.server.log.force.sync.num = 128 (default)
2022-04-26 01:53:46,746 [pool-511-thread-1] INFO  server.RaftServerConfigKeys (ConfUtils.java:logGet(44)) - raft.server.log.statemachine.data.sync = true (default)
2022-04-26 01:53:46,746 [pool-511-thread-1] INFO  server.RaftServerConfigKeys (ConfUtils.java:logGet(44)) - raft.server.log.statemachine.data.sync.timeout = 10s (default)
2022-04-26 01:53:46,746 [pool-511-thread-1] INFO  server.RaftServerConfigKeys (ConfUtils.java:logGet(44)) - raft.server.log.statemachine.data.sync.timeout.retry = -1 (default)
2022-04-26 01:53:46,747 [pool-511-thread-1] INFO  server.RaftServerConfigKeys (ConfUtils.java:logGet(44)) - raft.server.log.write.buffer.size = 1048576 (custom)
2022-04-26 01:53:46,748 [pool-511-thread-1] INFO  server.RaftServerConfigKeys (ConfUtils.java:logGet(44)) - raft.server.log.statemachine.data.caching.enabled = true (custom)
2022-04-26 01:53:46,748 [pool-511-thread-1] INFO  segmented.SegmentedRaftLogWorker (SegmentedRaftLogWorker.java:lambda$new$0(133)) - c1d01455-3ad3-443a-8310-748688ca0e72@group-E93712F0BDE7-SegmentedRaftLogWorker: flushIndex: setUnconditionally 0 -> -1
2022-04-26 01:53:46,748 [pool-511-thread-1] INFO  segmented.SegmentedRaftLogWorker (SegmentedRaftLogWorker.java:lambda$new$0(133)) - c1d01455-3ad3-443a-8310-748688ca0e72@group-E93712F0BDE7-SegmentedRaftLogWorker: safeCacheEvictIndex: setUnconditionally 0 -> -1
2022-04-26 01:53:46,749 [pool-511-thread-1] INFO  server.RaftServerConfigKeys (ConfUtils.java:logGet(44)) - raft.server.snapshot.auto.trigger.enabled = true (custom)
2022-04-26 01:53:46,749 [pool-511-thread-1] INFO  server.RaftServerConfigKeys (ConfUtils.java:logGet(44)) - raft.server.snapshot.auto.trigger.threshold = 10000 (custom)
2022-04-26 01:53:46,749 [pool-511-thread-1] INFO  server.RaftServerConfigKeys (ConfUtils.java:logGet(44)) - raft.server.snapshot.retention.file.num = 5 (custom)
2022-04-26 01:53:46,749 [pool-511-thread-1] INFO  server.RaftServerConfigKeys (ConfUtils.java:logGet(44)) - raft.server.log.purge.upto.snapshot.index = false (default)
2022-04-26 01:53:46,749 [pool-511-thread-1] INFO  server.RaftServerConfigKeys (ConfUtils.java:logGet(44)) - raft.server.retrycache.expirytime = 600000ms (custom)
2022-04-26 01:53:46,750 [pool-511-thread-1] INFO  server.RaftServerConfigKeys (ConfUtils.java:logGet(44)) - raft.server.retrycache.statistics.expirytime = 100μs (default)
2022-04-26 01:53:46,750 [pool-511-thread-1] INFO  server.RaftServer$Division (RaftServerImpl.java:start(301)) - c1d01455-3ad3-443a-8310-748688ca0e72@group-E93712F0BDE7: start as a follower, conf=-1: [c1d01455-3ad3-443a-8310-748688ca0e72|rpc:10.1.0.42:42877|priority:1], old=null
2022-04-26 01:53:46,751 [pool-511-thread-1] INFO  server.RaftServer$Division (RaftServerImpl.java:setRole(290)) - c1d01455-3ad3-443a-8310-748688ca0e72@group-E93712F0BDE7: changes role from      null to FOLLOWER at term 0 for startAsFollower
2022-04-26 01:53:46,751 [pool-511-thread-1] INFO  impl.RoleInfo (RoleInfo.java:updateAndGet(130)) - c1d01455-3ad3-443a-8310-748688ca0e72: start c1d01455-3ad3-443a-8310-748688ca0e72@group-E93712F0BDE7-FollowerState
2022-04-26 01:53:46,773 [pool-511-thread-1] INFO  util.JmxRegister (JmxRegister.java:tryRegister(44)) - Successfully registered JMX Bean with object name Ratis:service=RaftServer,group=group-E93712F0BDE7,id=c1d01455-3ad3-443a-8310-748688ca0e72
2022-04-26 01:53:46,774 [Command processor thread] INFO  ratis.XceiverServerRatis (XceiverServerRatis.java:addGroup(765)) - Created group PipelineID=96e14efa-a3b4-4685-9a55-e93712f0bde7
2022-04-26 01:53:46,774 [Command processor thread] INFO  commandhandler.CreatePipelineCommandHandler (CreatePipelineCommandHandler.java:handle(113)) - Created Pipeline RATIS ONE PipelineID=96e14efa-a3b4-4685-9a55-e93712f0bde7.
2022-04-26 01:53:46,948 [Listener at 127.0.0.1/40803] INFO  ozone.MiniOzoneClusterImpl (MiniOzoneClusterImpl.java:lambda$waitForClusterToBeReady$0(221)) - Nodes are ready. Got 5 of 5 DN Heartbeats.
2022-04-26 01:53:46,948 [Listener at 127.0.0.1/40803] INFO  ozone.MiniOzoneClusterImpl (MiniOzoneClusterImpl.java:lambda$waitForClusterToBeReady$0(224)) - Waiting for cluster to exit safe mode
2022-04-26 01:53:46,948 [Listener at 127.0.0.1/40803] INFO  ozone.MiniOzoneClusterImpl (MiniOzoneClusterImpl.java:lambda$waitForClusterToBeReady$0(226)) - SCM became leader
2022-04-26 01:53:47,429 [Command processor thread] INFO  server.RaftServer (RaftServerProxy.java:addNew(95)) - 81ec24e6-6cd6-4f7d-92f4-0fd82cba14c4: addNew group-C8522D998663:[81ec24e6-6cd6-4f7d-92f4-0fd82cba14c4|rpc:10.1.0.42:33603|priority:1] returns group-C8522D998663:java.util.concurrent.CompletableFuture@6a51d72c[Not completed]
2022-04-26 01:53:47,468 [pool-532-thread-1] INFO  server.RaftServer$Division (RaftServerImpl.java:<init>(184)) - 81ec24e6-6cd6-4f7d-92f4-0fd82cba14c4: new RaftServerImpl for group-C8522D998663:[81ec24e6-6cd6-4f7d-92f4-0fd82cba14c4|rpc:10.1.0.42:33603|priority:1] with ContainerStateMachine:uninitialized
2022-04-26 01:53:47,491 [pool-532-thread-1] INFO  server.RaftServerConfigKeys (ConfUtils.java:logGet(44)) - raft.server.rpc.timeout.min = 5s (custom)
2022-04-26 01:53:47,492 [pool-532-thread-1] INFO  server.RaftServerConfigKeys (ConfUtils.java:logGet(44)) - raft.server.rpc.timeout.max = 5200ms (custom)
2022-04-26 01:53:47,492 [pool-532-thread-1] INFO  server.RaftServerConfigKeys (ConfUtils.java:logGet(44)) - raft.server.rpc.sleep.time = 25ms (default)
2022-04-26 01:53:47,492 [pool-532-thread-1] INFO  server.RaftServerConfigKeys (ConfUtils.java:logGet(44)) - raft.server.rpc.slowness.timeout = 300s (custom)
2022-04-26 01:53:47,492 [pool-532-thread-1] INFO  server.RaftServerConfigKeys (ConfUtils.java:logGet(44)) - raft.server.leaderelection.leader.step-down.wait-time = 10s (default)
2022-04-26 01:53:47,492 [pool-532-thread-1] INFO  server.RaftServerConfigKeys (ConfUtils.java:logGet(44)) - raft.server.sleep.deviation.threshold = 300ms (default)
2022-04-26 01:53:47,492 [pool-532-thread-1] INFO  server.RaftServerConfigKeys (ConfUtils.java:logGet(44)) - raft.server.log.appender.install.snapshot.enabled = false (custom)
2022-04-26 01:53:47,492 [pool-532-thread-1] INFO  server.RaftServer$Division (ServerState.java:<init>(105)) - 81ec24e6-6cd6-4f7d-92f4-0fd82cba14c4@group-C8522D998663: ConfigurationManager, init=-1: [81ec24e6-6cd6-4f7d-92f4-0fd82cba14c4|rpc:10.1.0.42:33603|priority:1], old=null, confs=<EMPTY_MAP>
2022-04-26 01:53:47,492 [pool-532-thread-1] INFO  server.RaftServerConfigKeys (ConfUtils.java:logGet(44)) - raft.server.storage.dir = [/home/runner/work/ozone/ozone/hadoop-ozone/integration-test/target/test-dir/MiniOzoneClusterImpl-f75a2855-399a-402c-9e8b-90c3c75b347d/datanode-3/data/ratis] (custom)
2022-04-26 01:53:47,492 [pool-532-thread-1] INFO  server.RaftServerConfigKeys (ConfUtils.java:logGet(44)) - raft.server.log.corruption.policy = EXCEPTION (default)
2022-04-26 01:53:47,492 [pool-532-thread-1] INFO  server.RaftServerConfigKeys (ConfUtils.java:logGet(44)) - raft.server.storage.free-space.min = 0MB (=0) (default)
2022-04-26 01:53:47,492 [pool-532-thread-1] INFO  storage.RaftStorageDirectory (RaftStorageDirectoryImpl.java:analyzeStorage(135)) - The storage directory /home/runner/work/ozone/ozone/hadoop-ozone/integration-test/target/test-dir/MiniOzoneClusterImpl-f75a2855-399a-402c-9e8b-90c3c75b347d/datanode-3/data/ratis/90918781-9140-4c2a-922a-c8522d998663 does not exist. Creating ...
2022-04-26 01:53:47,498 [pool-532-thread-1] INFO  storage.RaftStorageDirectory (RaftStorageDirectoryImpl.java:tryLock(230)) - Lock on /home/runner/work/ozone/ozone/hadoop-ozone/integration-test/target/test-dir/MiniOzoneClusterImpl-f75a2855-399a-402c-9e8b-90c3c75b347d/datanode-3/data/ratis/90918781-9140-4c2a-922a-c8522d998663/in_use.lock acquired by nodename 18609@fv-az50-870
2022-04-26 01:53:47,503 [pool-532-thread-1] INFO  storage.RaftStorage (RaftStorageImpl.java:format(89)) - Storage directory /home/runner/work/ozone/ozone/hadoop-ozone/integration-test/target/test-dir/MiniOzoneClusterImpl-f75a2855-399a-402c-9e8b-90c3c75b347d/datanode-3/data/ratis/90918781-9140-4c2a-922a-c8522d998663 has been successfully formatted.
2022-04-26 01:53:47,514 [pool-532-thread-1] INFO  ratis.ContainerStateMachine (ContainerStateMachine.java:loadSnapshot(236)) - group-C8522D998663: The snapshot info is null. Setting the last applied indexto:(t:0, i:~)
2022-04-26 01:53:47,514 [EventQueue-PipelineReportForPipelineReportHandler] INFO  pipeline.PipelineManagerImpl (PipelineManagerImpl.java:openPipeline(321)) - Pipeline Pipeline[ Id: 90918781-9140-4c2a-922a-c8522d998663, Nodes: 81ec24e6-6cd6-4f7d-92f4-0fd82cba14c4{ip: 10.1.0.42, host: fv-az50-870.grzltbmokehuzjyc5b133kdqgh.cx.internal.cloudapp.net, ports: [REPLICATION=38949, RATIS=33603, RATIS_ADMIN=33603, RATIS_SERVER=33603, STANDALONE=37467], networkLocation: /default-rack, certSerialId: null, persistedOpState: IN_SERVICE, persistedOpStateExpiryEpochSec: 0}, ReplicationConfig: RATIS/ONE, State:ALLOCATED, leaderId:81ec24e6-6cd6-4f7d-92f4-0fd82cba14c4, CreationTimestamp2022-04-26T01:53:44.429Z[Etc/UTC]] moved to OPEN state
2022-04-26 01:53:47,515 [EventQueue-OpenPipelineForHealthyPipelineSafeModeRule] INFO  safemode.SCMSafeModeManager (HealthyPipelineSafeModeRule.java:process(124)) - SCM in safe mode. Healthy pipelines reported count is 0, required healthy pipeline reported count is 1
2022-04-26 01:53:47,515 [pool-532-thread-1] INFO  server.RaftServerConfigKeys (ConfUtils.java:logGet(44)) - raft.server.notification.no-leader.timeout = 300s (custom)
2022-04-26 01:53:47,515 [pool-532-thread-1] INFO  server.RaftServerConfigKeys (ConfUtils.java:logGet(44)) - raft.server.log.use.memory = false (default)
2022-04-26 01:53:47,515 [pool-532-thread-1] INFO  server.RaftServerConfigKeys (ConfUtils.java:logGet(44)) - raft.server.log.purge.gap = 1000000 (custom)
2022-04-26 01:53:47,515 [pool-532-thread-1] INFO  server.RaftServerConfigKeys (ConfUtils.java:logGet(44)) - raft.server.log.appender.buffer.byte-limit = 33554432 (custom)
2022-04-26 01:53:47,515 [pool-532-thread-1] INFO  server.RaftServerConfigKeys (ConfUtils.java:logGet(44)) - raft.server.log.segment.size.max = 1048576 (custom)
2022-04-26 01:53:47,516 [pool-532-thread-1] INFO  server.RaftServerConfigKeys (ConfUtils.java:logGet(44)) - raft.server.log.segment.cache.num.max = 2 (custom)
2022-04-26 01:53:47,516 [pool-532-thread-1] INFO  server.RaftServerConfigKeys (ConfUtils.java:logGet(44)) - raft.server.log.segment.cache.size.max = 200MB (=209715200) (default)
2022-04-26 01:53:47,516 [pool-532-thread-1] INFO  segmented.SegmentedRaftLogWorker (SegmentedRaftLogWorker.java:<init>(182)) - new 81ec24e6-6cd6-4f7d-92f4-0fd82cba14c4@group-C8522D998663-SegmentedRaftLogWorker for RaftStorageImpl:Storage Directory /home/runner/work/ozone/ozone/hadoop-ozone/integration-test/target/test-dir/MiniOzoneClusterImpl-f75a2855-399a-402c-9e8b-90c3c75b347d/datanode-3/data/ratis/90918781-9140-4c2a-922a-c8522d998663
2022-04-26 01:53:47,516 [pool-532-thread-1] INFO  server.RaftServerConfigKeys (ConfUtils.java:logGet(44)) - raft.server.log.queue.byte-limit = 4294967296 (custom)
2022-04-26 01:53:47,516 [pool-532-thread-1] INFO  server.RaftServerConfigKeys (ConfUtils.java:logGet(44)) - raft.server.log.queue.element-limit = 1024 (custom)
2022-04-26 01:53:47,516 [pool-532-thread-1] INFO  server.RaftServerConfigKeys (ConfUtils.java:logGet(44)) - raft.server.log.segment.size.max = 1048576 (custom)
2022-04-26 01:53:47,516 [pool-532-thread-1] INFO  server.RaftServerConfigKeys (ConfUtils.java:logGet(44)) - raft.server.log.preallocated.size = 16384 (custom)
2022-04-26 01:53:47,516 [pool-532-thread-1] INFO  server.RaftServerConfigKeys (ConfUtils.java:logGet(44)) - raft.server.log.force.sync.num = 128 (default)
2022-04-26 01:53:47,516 [pool-532-thread-1] INFO  server.RaftServerConfigKeys (ConfUtils.java:logGet(44)) - raft.server.log.statemachine.data.sync = true (default)
2022-04-26 01:53:47,516 [pool-532-thread-1] INFO  server.RaftServerConfigKeys (ConfUtils.java:logGet(44)) - raft.server.log.statemachine.data.sync.timeout = 10s (default)
2022-04-26 01:53:47,516 [pool-532-thread-1] INFO  server.RaftServerConfigKeys (ConfUtils.java:logGet(44)) - raft.server.log.statemachine.data.sync.timeout.retry = -1 (default)
2022-04-26 01:53:47,518 [pool-532-thread-1] INFO  server.RaftServerConfigKeys (ConfUtils.java:logGet(44)) - raft.server.log.write.buffer.size = 1048576 (custom)
2022-04-26 01:53:47,518 [pool-532-thread-1] INFO  server.RaftServerConfigKeys (ConfUtils.java:logGet(44)) - raft.server.log.statemachine.data.caching.enabled = true (custom)
2022-04-26 01:53:47,518 [pool-532-thread-1] INFO  segmented.SegmentedRaftLogWorker (SegmentedRaftLogWorker.java:lambda$new$0(133)) - 81ec24e6-6cd6-4f7d-92f4-0fd82cba14c4@group-C8522D998663-SegmentedRaftLogWorker: flushIndex: setUnconditionally 0 -> -1
2022-04-26 01:53:47,518 [pool-532-thread-1] INFO  segmented.SegmentedRaftLogWorker (SegmentedRaftLogWorker.java:lambda$new$0(133)) - 81ec24e6-6cd6-4f7d-92f4-0fd82cba14c4@group-C8522D998663-SegmentedRaftLogWorker: safeCacheEvictIndex: setUnconditionally 0 -> -1
2022-04-26 01:53:47,518 [pool-532-thread-1] INFO  server.RaftServerConfigKeys (ConfUtils.java:logGet(44)) - raft.server.snapshot.auto.trigger.enabled = true (custom)
2022-04-26 01:53:47,518 [pool-532-thread-1] INFO  server.RaftServerConfigKeys (ConfUtils.java:logGet(44)) - raft.server.snapshot.auto.trigger.threshold = 10000 (custom)
2022-04-26 01:53:47,518 [pool-532-thread-1] INFO  server.RaftServerConfigKeys (ConfUtils.java:logGet(44)) - raft.server.snapshot.retention.file.num = 5 (custom)
2022-04-26 01:53:47,518 [pool-532-thread-1] INFO  server.RaftServerConfigKeys (ConfUtils.java:logGet(44)) - raft.server.log.purge.upto.snapshot.index = false (default)
2022-04-26 01:53:47,518 [pool-532-thread-1] INFO  server.RaftServerConfigKeys (ConfUtils.java:logGet(44)) - raft.server.retrycache.expirytime = 600000ms (custom)
2022-04-26 01:53:47,518 [pool-532-thread-1] INFO  server.RaftServerConfigKeys (ConfUtils.java:logGet(44)) - raft.server.retrycache.statistics.expirytime = 100μs (default)
2022-04-26 01:53:47,519 [pool-532-thread-1] INFO  server.RaftServer$Division (RaftServerImpl.java:start(301)) - 81ec24e6-6cd6-4f7d-92f4-0fd82cba14c4@group-C8522D998663: start as a follower, conf=-1: [81ec24e6-6cd6-4f7d-92f4-0fd82cba14c4|rpc:10.1.0.42:33603|priority:1], old=null
2022-04-26 01:53:47,519 [pool-532-thread-1] INFO  server.RaftServer$Division (RaftServerImpl.java:setRole(290)) - 81ec24e6-6cd6-4f7d-92f4-0fd82cba14c4@group-C8522D998663: changes role from      null to FOLLOWER at term 0 for startAsFollower
2022-04-26 01:53:47,519 [pool-532-thread-1] INFO  impl.RoleInfo (RoleInfo.java:updateAndGet(130)) - 81ec24e6-6cd6-4f7d-92f4-0fd82cba14c4: start 81ec24e6-6cd6-4f7d-92f4-0fd82cba14c4@group-C8522D998663-FollowerState
2022-04-26 01:53:47,520 [pool-532-thread-1] INFO  util.JmxRegister (JmxRegister.java:tryRegister(44)) - Successfully registered JMX Bean with object name Ratis:service=RaftServer,group=group-C8522D998663,id=81ec24e6-6cd6-4f7d-92f4-0fd82cba14c4
2022-04-26 01:53:47,537 [Command processor thread] INFO  ratis.XceiverServerRatis (XceiverServerRatis.java:addGroup(765)) - Created group PipelineID=90918781-9140-4c2a-922a-c8522d998663
2022-04-26 01:53:47,537 [Command processor thread] INFO  commandhandler.CreatePipelineCommandHandler (CreatePipelineCommandHandler.java:handle(113)) - Created Pipeline RATIS ONE PipelineID=90918781-9140-4c2a-922a-c8522d998663.
2022-04-26 01:53:47,948 [Listener at 127.0.0.1/40803] INFO  ozone.MiniOzoneClusterImpl (MiniOzoneClusterImpl.java:lambda$waitForClusterToBeReady$0(221)) - Nodes are ready. Got 5 of 5 DN Heartbeats.
2022-04-26 01:53:47,949 [Listener at 127.0.0.1/40803] INFO  ozone.MiniOzoneClusterImpl (MiniOzoneClusterImpl.java:lambda$waitForClusterToBeReady$0(224)) - Waiting for cluster to exit safe mode
2022-04-26 01:53:47,949 [Listener at 127.0.0.1/40803] INFO  ozone.MiniOzoneClusterImpl (MiniOzoneClusterImpl.java:lambda$waitForClusterToBeReady$0(226)) - SCM became leader
2022-04-26 01:53:47,989 [Command processor thread] INFO  server.RaftServer (RaftServerProxy.java:addNew(95)) - 6a5f3765-4c59-4592-b8a0-ee9ddbc8d1d1: addNew group-37842F4596F3:[6a5f3765-4c59-4592-b8a0-ee9ddbc8d1d1|rpc:10.1.0.42:33891|priority:1] returns group-37842F4596F3:java.util.concurrent.CompletableFuture@612aa246[Not completed]
2022-04-26 01:53:47,991 [pool-553-thread-1] INFO  server.RaftServer$Division (RaftServerImpl.java:<init>(184)) - 6a5f3765-4c59-4592-b8a0-ee9ddbc8d1d1: new RaftServerImpl for group-37842F4596F3:[6a5f3765-4c59-4592-b8a0-ee9ddbc8d1d1|rpc:10.1.0.42:33891|priority:1] with ContainerStateMachine:uninitialized
2022-04-26 01:53:48,012 [pool-553-thread-1] INFO  server.RaftServerConfigKeys (ConfUtils.java:logGet(44)) - raft.server.rpc.timeout.min = 5s (custom)
2022-04-26 01:53:48,012 [pool-553-thread-1] INFO  server.RaftServerConfigKeys (ConfUtils.java:logGet(44)) - raft.server.rpc.timeout.max = 5200ms (custom)
2022-04-26 01:53:48,012 [pool-553-thread-1] INFO  server.RaftServerConfigKeys (ConfUtils.java:logGet(44)) - raft.server.rpc.sleep.time = 25ms (default)
2022-04-26 01:53:48,012 [pool-553-thread-1] INFO  server.RaftServerConfigKeys (ConfUtils.java:logGet(44)) - raft.server.rpc.slowness.timeout = 300s (custom)
2022-04-26 01:53:48,012 [pool-553-thread-1] INFO  server.RaftServerConfigKeys (ConfUtils.java:logGet(44)) - raft.server.leaderelection.leader.step-down.wait-time = 10s (default)
2022-04-26 01:53:48,012 [pool-553-thread-1] INFO  server.RaftServerConfigKeys (ConfUtils.java:logGet(44)) - raft.server.sleep.deviation.threshold = 300ms (default)
2022-04-26 01:53:48,012 [pool-553-thread-1] INFO  server.RaftServerConfigKeys (ConfUtils.java:logGet(44)) - raft.server.log.appender.install.snapshot.enabled = false (custom)
2022-04-26 01:53:48,012 [pool-553-thread-1] INFO  server.RaftServer$Division (ServerState.java:<init>(105)) - 6a5f3765-4c59-4592-b8a0-ee9ddbc8d1d1@group-37842F4596F3: ConfigurationManager, init=-1: [6a5f3765-4c59-4592-b8a0-ee9ddbc8d1d1|rpc:10.1.0.42:33891|priority:1], old=null, confs=<EMPTY_MAP>
2022-04-26 01:53:48,012 [pool-553-thread-1] INFO  server.RaftServerConfigKeys (ConfUtils.java:logGet(44)) - raft.server.storage.dir = [/home/runner/work/ozone/ozone/hadoop-ozone/integration-test/target/test-dir/MiniOzoneClusterImpl-f75a2855-399a-402c-9e8b-90c3c75b347d/datanode-4/data/ratis] (custom)
2022-04-26 01:53:48,012 [pool-553-thread-1] INFO  server.RaftServerConfigKeys (ConfUtils.java:logGet(44)) - raft.server.log.corruption.policy = EXCEPTION (default)
2022-04-26 01:53:48,012 [pool-553-thread-1] INFO  server.RaftServerConfigKeys (ConfUtils.java:logGet(44)) - raft.server.storage.free-space.min = 0MB (=0) (default)
2022-04-26 01:53:48,013 [pool-553-thread-1] INFO  storage.RaftStorageDirectory (RaftStorageDirectoryImpl.java:analyzeStorage(135)) - The storage directory /home/runner/work/ozone/ozone/hadoop-ozone/integration-test/target/test-dir/MiniOzoneClusterImpl-f75a2855-399a-402c-9e8b-90c3c75b347d/datanode-4/data/ratis/160b716c-022c-41db-81d6-37842f4596f3 does not exist. Creating ...
2022-04-26 01:53:48,014 [pool-553-thread-1] INFO  storage.RaftStorageDirectory (RaftStorageDirectoryImpl.java:tryLock(230)) - Lock on /home/runner/work/ozone/ozone/hadoop-ozone/integration-test/target/test-dir/MiniOzoneClusterImpl-f75a2855-399a-402c-9e8b-90c3c75b347d/datanode-4/data/ratis/160b716c-022c-41db-81d6-37842f4596f3/in_use.lock acquired by nodename 18609@fv-az50-870
2022-04-26 01:53:48,015 [pool-553-thread-1] INFO  storage.RaftStorage (RaftStorageImpl.java:format(89)) - Storage directory /home/runner/work/ozone/ozone/hadoop-ozone/integration-test/target/test-dir/MiniOzoneClusterImpl-f75a2855-399a-402c-9e8b-90c3c75b347d/datanode-4/data/ratis/160b716c-022c-41db-81d6-37842f4596f3 has been successfully formatted.
2022-04-26 01:53:48,035 [pool-553-thread-1] INFO  ratis.ContainerStateMachine (ContainerStateMachine.java:loadSnapshot(236)) - group-37842F4596F3: The snapshot info is null. Setting the last applied indexto:(t:0, i:~)
2022-04-26 01:53:48,035 [pool-553-thread-1] INFO  server.RaftServerConfigKeys (ConfUtils.java:logGet(44)) - raft.server.notification.no-leader.timeout = 300s (custom)
2022-04-26 01:53:48,035 [pool-553-thread-1] INFO  server.RaftServerConfigKeys (ConfUtils.java:logGet(44)) - raft.server.log.use.memory = false (default)
2022-04-26 01:53:48,035 [pool-553-thread-1] INFO  server.RaftServerConfigKeys (ConfUtils.java:logGet(44)) - raft.server.log.purge.gap = 1000000 (custom)
2022-04-26 01:53:48,035 [pool-553-thread-1] INFO  server.RaftServerConfigKeys (ConfUtils.java:logGet(44)) - raft.server.log.appender.buffer.byte-limit = 33554432 (custom)
2022-04-26 01:53:48,035 [pool-553-thread-1] INFO  server.RaftServerConfigKeys (ConfUtils.java:logGet(44)) - raft.server.log.segment.size.max = 1048576 (custom)
2022-04-26 01:53:48,035 [pool-553-thread-1] INFO  server.RaftServerConfigKeys (ConfUtils.java:logGet(44)) - raft.server.log.segment.cache.num.max = 2 (custom)
2022-04-26 01:53:48,035 [pool-553-thread-1] INFO  server.RaftServerConfigKeys (ConfUtils.java:logGet(44)) - raft.server.log.segment.cache.size.max = 200MB (=209715200) (default)
2022-04-26 01:53:48,036 [pool-553-thread-1] INFO  segmented.SegmentedRaftLogWorker (SegmentedRaftLogWorker.java:<init>(182)) - new 6a5f3765-4c59-4592-b8a0-ee9ddbc8d1d1@group-37842F4596F3-SegmentedRaftLogWorker for RaftStorageImpl:Storage Directory /home/runner/work/ozone/ozone/hadoop-ozone/integration-test/target/test-dir/MiniOzoneClusterImpl-f75a2855-399a-402c-9e8b-90c3c75b347d/datanode-4/data/ratis/160b716c-022c-41db-81d6-37842f4596f3
2022-04-26 01:53:48,036 [pool-553-thread-1] INFO  server.RaftServerConfigKeys (ConfUtils.java:logGet(44)) - raft.server.log.queue.byte-limit = 4294967296 (custom)
2022-04-26 01:53:48,036 [pool-553-thread-1] INFO  server.RaftServerConfigKeys (ConfUtils.java:logGet(44)) - raft.server.log.queue.element-limit = 1024 (custom)
2022-04-26 01:53:48,036 [pool-553-thread-1] INFO  server.RaftServerConfigKeys (ConfUtils.java:logGet(44)) - raft.server.log.segment.size.max = 1048576 (custom)
2022-04-26 01:53:48,036 [pool-553-thread-1] INFO  server.RaftServerConfigKeys (ConfUtils.java:logGet(44)) - raft.server.log.preallocated.size = 16384 (custom)
2022-04-26 01:53:48,036 [pool-553-thread-1] INFO  server.RaftServerConfigKeys (ConfUtils.java:logGet(44)) - raft.server.log.force.sync.num = 128 (default)
2022-04-26 01:53:48,036 [pool-553-thread-1] INFO  server.RaftServerConfigKeys (ConfUtils.java:logGet(44)) - raft.server.log.statemachine.data.sync = true (default)
2022-04-26 01:53:48,036 [pool-553-thread-1] INFO  server.RaftServerConfigKeys (ConfUtils.java:logGet(44)) - raft.server.log.statemachine.data.sync.timeout = 10s (default)
2022-04-26 01:53:48,036 [pool-553-thread-1] INFO  server.RaftServerConfigKeys (ConfUtils.java:logGet(44)) - raft.server.log.statemachine.data.sync.timeout.retry = -1 (default)
2022-04-26 01:53:48,037 [pool-553-thread-1] INFO  server.RaftServerConfigKeys (ConfUtils.java:logGet(44)) - raft.server.log.write.buffer.size = 1048576 (custom)
2022-04-26 01:53:48,045 [pool-553-thread-1] INFO  server.RaftServerConfigKeys (ConfUtils.java:logGet(44)) - raft.server.log.statemachine.data.caching.enabled = true (custom)
2022-04-26 01:53:48,045 [pool-553-thread-1] INFO  segmented.SegmentedRaftLogWorker (SegmentedRaftLogWorker.java:lambda$new$0(133)) - 6a5f3765-4c59-4592-b8a0-ee9ddbc8d1d1@group-37842F4596F3-SegmentedRaftLogWorker: flushIndex: setUnconditionally 0 -> -1
2022-04-26 01:53:48,045 [pool-553-thread-1] INFO  segmented.SegmentedRaftLogWorker (SegmentedRaftLogWorker.java:lambda$new$0(133)) - 6a5f3765-4c59-4592-b8a0-ee9ddbc8d1d1@group-37842F4596F3-SegmentedRaftLogWorker: safeCacheEvictIndex: setUnconditionally 0 -> -1
2022-04-26 01:53:48,046 [EventQueue-PipelineReportForPipelineReportHandler] INFO  pipeline.PipelineManagerImpl (PipelineManagerImpl.java:openPipeline(321)) - Pipeline Pipeline[ Id: 160b716c-022c-41db-81d6-37842f4596f3, Nodes: 6a5f3765-4c59-4592-b8a0-ee9ddbc8d1d1{ip: 10.1.0.42, host: fv-az50-870.grzltbmokehuzjyc5b133kdqgh.cx.internal.cloudapp.net, ports: [REPLICATION=39301, RATIS=33891, RATIS_ADMIN=33891, RATIS_SERVER=33891, STANDALONE=38361], networkLocation: /default-rack, certSerialId: null, persistedOpState: IN_SERVICE, persistedOpStateExpiryEpochSec: 0}, ReplicationConfig: RATIS/ONE, State:ALLOCATED, leaderId:6a5f3765-4c59-4592-b8a0-ee9ddbc8d1d1, CreationTimestamp2022-04-26T01:53:44.986Z[Etc/UTC]] moved to OPEN state
2022-04-26 01:53:48,047 [EventQueue-OpenPipelineForHealthyPipelineSafeModeRule] INFO  safemode.SCMSafeModeManager (HealthyPipelineSafeModeRule.java:process(124)) - SCM in safe mode. Healthy pipelines reported count is 0, required healthy pipeline reported count is 1
2022-04-26 01:53:48,065 [pool-553-thread-1] INFO  server.RaftServerConfigKeys (ConfUtils.java:logGet(44)) - raft.server.snapshot.auto.trigger.enabled = true (custom)
2022-04-26 01:53:48,065 [pool-553-thread-1] INFO  server.RaftServerConfigKeys (ConfUtils.java:logGet(44)) - raft.server.snapshot.auto.trigger.threshold = 10000 (custom)
2022-04-26 01:53:48,065 [pool-553-thread-1] INFO  server.RaftServerConfigKeys (ConfUtils.java:logGet(44)) - raft.server.snapshot.retention.file.num = 5 (custom)
2022-04-26 01:53:48,065 [pool-553-thread-1] INFO  server.RaftServerConfigKeys (ConfUtils.java:logGet(44)) - raft.server.log.purge.upto.snapshot.index = false (default)
2022-04-26 01:53:48,065 [pool-553-thread-1] INFO  server.RaftServerConfigKeys (ConfUtils.java:logGet(44)) - raft.server.retrycache.expirytime = 600000ms (custom)
2022-04-26 01:53:48,065 [pool-553-thread-1] INFO  server.RaftServerConfigKeys (ConfUtils.java:logGet(44)) - raft.server.retrycache.statistics.expirytime = 100μs (default)
2022-04-26 01:53:48,066 [pool-553-thread-1] INFO  server.RaftServer$Division (RaftServerImpl.java:start(301)) - 6a5f3765-4c59-4592-b8a0-ee9ddbc8d1d1@group-37842F4596F3: start as a follower, conf=-1: [6a5f3765-4c59-4592-b8a0-ee9ddbc8d1d1|rpc:10.1.0.42:33891|priority:1], old=null
2022-04-26 01:53:48,066 [pool-553-thread-1] INFO  server.RaftServer$Division (RaftServerImpl.java:setRole(290)) - 6a5f3765-4c59-4592-b8a0-ee9ddbc8d1d1@group-37842F4596F3: changes role from      null to FOLLOWER at term 0 for startAsFollower
2022-04-26 01:53:48,067 [pool-553-thread-1] INFO  impl.RoleInfo (RoleInfo.java:updateAndGet(130)) - 6a5f3765-4c59-4592-b8a0-ee9ddbc8d1d1: start 6a5f3765-4c59-4592-b8a0-ee9ddbc8d1d1@group-37842F4596F3-FollowerState
2022-04-26 01:53:48,067 [pool-553-thread-1] INFO  util.JmxRegister (JmxRegister.java:tryRegister(44)) - Successfully registered JMX Bean with object name Ratis:service=RaftServer,group=group-37842F4596F3,id=6a5f3765-4c59-4592-b8a0-ee9ddbc8d1d1
2022-04-26 01:53:48,067 [Command processor thread] INFO  ratis.XceiverServerRatis (XceiverServerRatis.java:addGroup(765)) - Created group PipelineID=160b716c-022c-41db-81d6-37842f4596f3
2022-04-26 01:53:48,067 [Command processor thread] INFO  commandhandler.CreatePipelineCommandHandler (CreatePipelineCommandHandler.java:handle(113)) - Created Pipeline RATIS ONE PipelineID=160b716c-022c-41db-81d6-37842f4596f3.
2022-04-26 01:53:48,949 [Listener at 127.0.0.1/40803] INFO  ozone.MiniOzoneClusterImpl (MiniOzoneClusterImpl.java:lambda$waitForClusterToBeReady$0(221)) - Nodes are ready. Got 5 of 5 DN Heartbeats.
2022-04-26 01:53:48,949 [Listener at 127.0.0.1/40803] INFO  ozone.MiniOzoneClusterImpl (MiniOzoneClusterImpl.java:lambda$waitForClusterToBeReady$0(224)) - Waiting for cluster to exit safe mode
2022-04-26 01:53:48,949 [Listener at 127.0.0.1/40803] INFO  ozone.MiniOzoneClusterImpl (MiniOzoneClusterImpl.java:lambda$waitForClusterToBeReady$0(226)) - SCM became leader
2022-04-26 01:53:49,950 [Listener at 127.0.0.1/40803] INFO  ozone.MiniOzoneClusterImpl (MiniOzoneClusterImpl.java:lambda$waitForClusterToBeReady$0(221)) - Nodes are ready. Got 5 of 5 DN Heartbeats.
2022-04-26 01:53:49,950 [Listener at 127.0.0.1/40803] INFO  ozone.MiniOzoneClusterImpl (MiniOzoneClusterImpl.java:lambda$waitForClusterToBeReady$0(224)) - Waiting for cluster to exit safe mode
2022-04-26 01:53:49,950 [Listener at 127.0.0.1/40803] INFO  ozone.MiniOzoneClusterImpl (MiniOzoneClusterImpl.java:lambda$waitForClusterToBeReady$0(226)) - SCM became leader
2022-04-26 01:53:50,673 [5f9c2808-8092-4bb8-be0b-9d445a417462@group-1DC918ECA009-FollowerState] INFO  impl.FollowerState (FollowerState.java:run(134)) - 5f9c2808-8092-4bb8-be0b-9d445a417462@group-1DC918ECA009-FollowerState: change to CANDIDATE, lastRpcElapsedTime:5074194382ns, electionTimeout:5047ms
2022-04-26 01:53:50,673 [5f9c2808-8092-4bb8-be0b-9d445a417462@group-1DC918ECA009-FollowerState] INFO  impl.RoleInfo (RoleInfo.java:shutdownFollowerState(108)) - 5f9c2808-8092-4bb8-be0b-9d445a417462: shutdown 5f9c2808-8092-4bb8-be0b-9d445a417462@group-1DC918ECA009-FollowerState
2022-04-26 01:53:50,673 [5f9c2808-8092-4bb8-be0b-9d445a417462@group-1DC918ECA009-FollowerState] INFO  server.RaftServer$Division (RaftServerImpl.java:setRole(290)) - 5f9c2808-8092-4bb8-be0b-9d445a417462@group-1DC918ECA009: changes role from  FOLLOWER to CANDIDATE at term 0 for changeToCandidate
2022-04-26 01:53:50,673 [5f9c2808-8092-4bb8-be0b-9d445a417462@group-1DC918ECA009-FollowerState] INFO  server.RaftServerConfigKeys (ConfUtils.java:logGet(44)) - raft.server.leaderelection.pre-vote = false (custom)
2022-04-26 01:53:50,673 [5f9c2808-8092-4bb8-be0b-9d445a417462@group-1DC918ECA009-FollowerState] INFO  impl.RoleInfo (RoleInfo.java:updateAndGet(130)) - 5f9c2808-8092-4bb8-be0b-9d445a417462: start 5f9c2808-8092-4bb8-be0b-9d445a417462@group-1DC918ECA009-LeaderElection32
2022-04-26 01:53:50,704 [5f9c2808-8092-4bb8-be0b-9d445a417462@group-BE8C8513623B-FollowerState] INFO  impl.FollowerState (FollowerState.java:run(134)) - 5f9c2808-8092-4bb8-be0b-9d445a417462@group-BE8C8513623B-FollowerState: change to CANDIDATE, lastRpcElapsedTime:5164980710ns, electionTimeout:5153ms
2022-04-26 01:53:50,704 [5f9c2808-8092-4bb8-be0b-9d445a417462@group-BE8C8513623B-FollowerState] INFO  impl.RoleInfo (RoleInfo.java:shutdownFollowerState(108)) - 5f9c2808-8092-4bb8-be0b-9d445a417462: shutdown 5f9c2808-8092-4bb8-be0b-9d445a417462@group-BE8C8513623B-FollowerState
2022-04-26 01:53:50,704 [5f9c2808-8092-4bb8-be0b-9d445a417462@group-BE8C8513623B-FollowerState] INFO  server.RaftServer$Division (RaftServerImpl.java:setRole(290)) - 5f9c2808-8092-4bb8-be0b-9d445a417462@group-BE8C8513623B: changes role from  FOLLOWER to CANDIDATE at term 0 for changeToCandidate
2022-04-26 01:53:50,743 [5f9c2808-8092-4bb8-be0b-9d445a417462@group-BE8C8513623B-FollowerState] INFO  server.RaftServerConfigKeys (ConfUtils.java:logGet(44)) - raft.server.leaderelection.pre-vote = false (custom)
2022-04-26 01:53:50,743 [5f9c2808-8092-4bb8-be0b-9d445a417462@group-BE8C8513623B-FollowerState] INFO  impl.RoleInfo (RoleInfo.java:updateAndGet(130)) - 5f9c2808-8092-4bb8-be0b-9d445a417462: start 5f9c2808-8092-4bb8-be0b-9d445a417462@group-BE8C8513623B-LeaderElection33
2022-04-26 01:53:50,755 [5f9c2808-8092-4bb8-be0b-9d445a417462@group-1DC918ECA009-LeaderElection32] INFO  impl.LeaderElection (LeaderElection.java:askForVotes(306)) - 5f9c2808-8092-4bb8-be0b-9d445a417462@group-1DC918ECA009-LeaderElection32 ELECTION round 0: submit vote requests at term 1 for -1: [c1d01455-3ad3-443a-8310-748688ca0e72|rpc:10.1.0.42:42877|priority:1, 382fe11f-ccc0-42c1-99a9-aa0fa042180d|rpc:10.1.0.42:39043|priority:0, 5f9c2808-8092-4bb8-be0b-9d445a417462|rpc:10.1.0.42:40901|priority:0], old=null
2022-04-26 01:53:50,781 [5f9c2808-8092-4bb8-be0b-9d445a417462@group-BE8C8513623B-LeaderElection33] INFO  impl.LeaderElection (LeaderElection.java:askForVotes(306)) - 5f9c2808-8092-4bb8-be0b-9d445a417462@group-BE8C8513623B-LeaderElection33 ELECTION round 0: submit vote requests at term 1 for -1: [5f9c2808-8092-4bb8-be0b-9d445a417462|rpc:10.1.0.42:40901|priority:1], old=null
2022-04-26 01:53:50,781 [5f9c2808-8092-4bb8-be0b-9d445a417462@group-BE8C8513623B-LeaderElection33] INFO  impl.LeaderElection (LeaderElection.java:askForVotes(308)) - 5f9c2808-8092-4bb8-be0b-9d445a417462@group-BE8C8513623B-LeaderElection33 ELECTION round 0: result PASSED (term=1)
2022-04-26 01:53:50,781 [5f9c2808-8092-4bb8-be0b-9d445a417462@group-BE8C8513623B-LeaderElection33] INFO  impl.RoleInfo (RoleInfo.java:shutdownLeaderElection(121)) - 5f9c2808-8092-4bb8-be0b-9d445a417462: shutdown 5f9c2808-8092-4bb8-be0b-9d445a417462@group-BE8C8513623B-LeaderElection33
2022-04-26 01:53:50,781 [5f9c2808-8092-4bb8-be0b-9d445a417462@group-BE8C8513623B-LeaderElection33] INFO  server.RaftServer$Division (RaftServerImpl.java:setRole(290)) - 5f9c2808-8092-4bb8-be0b-9d445a417462@group-BE8C8513623B: changes role from CANDIDATE to LEADER at term 1 for changeToLeader
2022-04-26 01:53:50,781 [5f9c2808-8092-4bb8-be0b-9d445a417462@group-BE8C8513623B-LeaderElection33] INFO  ratis.XceiverServerRatis (XceiverServerRatis.java:handleLeaderChangedNotification(863)) - Leader change notification received for group: group-BE8C8513623B with new leaderId: 5f9c2808-8092-4bb8-be0b-9d445a417462
2022-04-26 01:53:50,781 [5f9c2808-8092-4bb8-be0b-9d445a417462@group-BE8C8513623B-LeaderElection33] INFO  server.RaftServer$Division (ServerState.java:setLeader(285)) - 5f9c2808-8092-4bb8-be0b-9d445a417462@group-BE8C8513623B: change Leader from null to 5f9c2808-8092-4bb8-be0b-9d445a417462 at term 1 for becomeLeader, leader elected after 5271ms
2022-04-26 01:53:50,782 [5f9c2808-8092-4bb8-be0b-9d445a417462@group-BE8C8513623B-LeaderElection33] INFO  server.RaftServerConfigKeys (ConfUtils.java:logGet(44)) - raft.server.staging.catchup.gap = 1000 (default)
2022-04-26 01:53:50,782 [5f9c2808-8092-4bb8-be0b-9d445a417462@group-BE8C8513623B-LeaderElection33] INFO  server.RaftServerConfigKeys (ConfUtils.java:logGet(44)) - raft.server.write.element-limit = 1024 (custom)
2022-04-26 01:53:50,782 [5f9c2808-8092-4bb8-be0b-9d445a417462@group-BE8C8513623B-LeaderElection33] INFO  server.RaftServerConfigKeys (ConfUtils.java:logGet(44)) - raft.server.write.byte-limit = 1024 M (=1073741824) (custom)
2022-04-26 01:53:50,782 [5f9c2808-8092-4bb8-be0b-9d445a417462@group-BE8C8513623B-LeaderElection33] INFO  server.RaftServerConfigKeys (ConfUtils.java:logGet(44)) - raft.server.watch.timeout = 180s (custom)
2022-04-26 01:53:50,782 [5f9c2808-8092-4bb8-be0b-9d445a417462@group-BE8C8513623B-LeaderElection33] INFO  server.RaftServerConfigKeys (ConfUtils.java:logGet(44)) - raft.server.watch.timeout.denomination = 1s (default)
2022-04-26 01:53:50,782 [5f9c2808-8092-4bb8-be0b-9d445a417462@group-BE8C8513623B-LeaderElection33] INFO  server.RaftServerConfigKeys (ConfUtils.java:logGet(44)) - raft.server.watch.element-limit = 65536 (default)
2022-04-26 01:53:50,782 [5f9c2808-8092-4bb8-be0b-9d445a417462@group-BE8C8513623B-LeaderElection33] INFO  server.RaftServerConfigKeys (ConfUtils.java:logGet(44)) - raft.server.write.element-limit = 1024 (custom)
2022-04-26 01:53:50,782 [5f9c2808-8092-4bb8-be0b-9d445a417462@group-BE8C8513623B-LeaderElection33] INFO  server.RaftServerConfigKeys (ConfUtils.java:logGet(44)) - raft.server.write.follower.gap.ratio.max = -1.0 (default)
2022-04-26 01:53:50,782 [5f9c2808-8092-4bb8-be0b-9d445a417462@group-BE8C8513623B-LeaderElection33] INFO  impl.RoleInfo (RoleInfo.java:updateAndGet(130)) - 5f9c2808-8092-4bb8-be0b-9d445a417462: start 5f9c2808-8092-4bb8-be0b-9d445a417462@group-BE8C8513623B-LeaderStateImpl
2022-04-26 01:53:50,783 [5f9c2808-8092-4bb8-be0b-9d445a417462@group-BE8C8513623B-LeaderElection33] INFO  segmented.SegmentedRaftLogWorker (SegmentedRaftLogWorker.java:startLogSegment(394)) - 5f9c2808-8092-4bb8-be0b-9d445a417462@group-BE8C8513623B-SegmentedRaftLogWorker: Starting segment from index:0
2022-04-26 01:53:50,786 [5f9c2808-8092-4bb8-be0b-9d445a417462@group-BE8C8513623B-SegmentedRaftLogWorker] INFO  segmented.SegmentedRaftLogWorker (SegmentedRaftLogWorker.java:execute(601)) - 5f9c2808-8092-4bb8-be0b-9d445a417462@group-BE8C8513623B-SegmentedRaftLogWorker: created new log segment /home/runner/work/ozone/ozone/hadoop-ozone/integration-test/target/test-dir/MiniOzoneClusterImpl-f75a2855-399a-402c-9e8b-90c3c75b347d/datanode-0/data/ratis/fb017fbf-2c4f-49d8-9eeb-be8c8513623b/current/log_inprogress_0
2022-04-26 01:53:50,791 [EventQueue-OpenPipelineForHealthyPipelineSafeModeRule] INFO  safemode.SCMSafeModeManager (HealthyPipelineSafeModeRule.java:process(124)) - SCM in safe mode. Healthy pipelines reported count is 0, required healthy pipeline reported count is 1
2022-04-26 01:53:50,833 [5f9c2808-8092-4bb8-be0b-9d445a417462@group-BE8C8513623B-LeaderElection33] INFO  server.RaftServer$Division (ServerState.java:setRaftConf(387)) - 5f9c2808-8092-4bb8-be0b-9d445a417462@group-BE8C8513623B: set configuration 0: [5f9c2808-8092-4bb8-be0b-9d445a417462|rpc:10.1.0.42:40901|dataStream:|priority:1], old=null
2022-04-26 01:53:50,860 [382fe11f-ccc0-42c1-99a9-aa0fa042180d@group-1DC918ECA009-FollowerState] INFO  impl.FollowerState (FollowerState.java:run(134)) - 382fe11f-ccc0-42c1-99a9-aa0fa042180d@group-1DC918ECA009-FollowerState: change to CANDIDATE, lastRpcElapsedTime:5093152312ns, electionTimeout:5062ms
2022-04-26 01:53:50,862 [382fe11f-ccc0-42c1-99a9-aa0fa042180d@group-1DC918ECA009-FollowerState] INFO  impl.RoleInfo (RoleInfo.java:shutdownFollowerState(108)) - 382fe11f-ccc0-42c1-99a9-aa0fa042180d: shutdown 382fe11f-ccc0-42c1-99a9-aa0fa042180d@group-1DC918ECA009-FollowerState
2022-04-26 01:53:50,862 [382fe11f-ccc0-42c1-99a9-aa0fa042180d@group-1DC918ECA009-FollowerState] INFO  server.RaftServer$Division (RaftServerImpl.java:setRole(290)) - 382fe11f-ccc0-42c1-99a9-aa0fa042180d@group-1DC918ECA009: changes role from  FOLLOWER to CANDIDATE at term 0 for changeToCandidate
2022-04-26 01:53:50,862 [382fe11f-ccc0-42c1-99a9-aa0fa042180d@group-1DC918ECA009-FollowerState] INFO  server.RaftServerConfigKeys (ConfUtils.java:logGet(44)) - raft.server.leaderelection.pre-vote = false (custom)
2022-04-26 01:53:50,862 [382fe11f-ccc0-42c1-99a9-aa0fa042180d@group-1DC918ECA009-FollowerState] INFO  impl.RoleInfo (RoleInfo.java:updateAndGet(130)) - 382fe11f-ccc0-42c1-99a9-aa0fa042180d: start 382fe11f-ccc0-42c1-99a9-aa0fa042180d@group-1DC918ECA009-LeaderElection34
2022-04-26 01:53:50,890 [grpc-default-executor-0] INFO  server.RaftServer$Division (RaftServerImpl.java:requestVote(1046)) - c1d01455-3ad3-443a-8310-748688ca0e72@group-1DC918ECA009: receive requestVote(ELECTION, 5f9c2808-8092-4bb8-be0b-9d445a417462, group-1DC918ECA009, 1, (t:0, i:0))
2022-04-26 01:53:50,890 [grpc-default-executor-0] INFO  impl.VoteContext (VoteContext.java:log(48)) - c1d01455-3ad3-443a-8310-748688ca0e72@group-1DC918ECA009-FOLLOWER: reject ELECTION from 5f9c2808-8092-4bb8-be0b-9d445a417462: our priority 1 > candidate's priority 0
2022-04-26 01:53:50,890 [grpc-default-executor-0] INFO  server.RaftServer$Division (RaftServerImpl.java:setRole(290)) - c1d01455-3ad3-443a-8310-748688ca0e72@group-1DC918ECA009: changes role from  FOLLOWER to FOLLOWER at term 1 for candidate:5f9c2808-8092-4bb8-be0b-9d445a417462
2022-04-26 01:53:50,890 [grpc-default-executor-0] INFO  impl.RoleInfo (RoleInfo.java:shutdownFollowerState(108)) - c1d01455-3ad3-443a-8310-748688ca0e72: shutdown c1d01455-3ad3-443a-8310-748688ca0e72@group-1DC918ECA009-FollowerState
2022-04-26 01:53:50,891 [grpc-default-executor-0] INFO  impl.RoleInfo (RoleInfo.java:updateAndGet(130)) - c1d01455-3ad3-443a-8310-748688ca0e72: start c1d01455-3ad3-443a-8310-748688ca0e72@group-1DC918ECA009-FollowerState
2022-04-26 01:53:50,892 [c1d01455-3ad3-443a-8310-748688ca0e72@group-1DC918ECA009-FollowerState] INFO  impl.FollowerState (FollowerState.java:run(143)) - c1d01455-3ad3-443a-8310-748688ca0e72@group-1DC918ECA009-FollowerState was interrupted: {}
java.lang.InterruptedException: sleep interrupted
	at java.lang.Thread.sleep(Native Method)
	at java.lang.Thread.sleep(Thread.java:342)
	at java.util.concurrent.TimeUnit.sleep(TimeUnit.java:386)
	at org.apache.ratis.util.TimeDuration.sleep(TimeDuration.java:324)
	at org.apache.ratis.util.TimeDuration.sleep(TimeDuration.java:309)
	at org.apache.ratis.server.impl.FollowerState.run(FollowerState.java:118)
2022-04-26 01:53:50,919 [grpc-default-executor-0] INFO  server.RaftServer$Division (RaftServerImpl.java:requestVote(1078)) - c1d01455-3ad3-443a-8310-748688ca0e72@group-1DC918ECA009 replies to ELECTION vote request: 5f9c2808-8092-4bb8-be0b-9d445a417462<-c1d01455-3ad3-443a-8310-748688ca0e72#0:FAIL-t1. Peer's state: c1d01455-3ad3-443a-8310-748688ca0e72@group-1DC918ECA009:t1, leader=null, voted=null, raftlog=c1d01455-3ad3-443a-8310-748688ca0e72@group-1DC918ECA009-SegmentedRaftLog:OPENED:c-1, conf=-1: [c1d01455-3ad3-443a-8310-748688ca0e72|rpc:10.1.0.42:42877|dataStream:|priority:1, 382fe11f-ccc0-42c1-99a9-aa0fa042180d|rpc:10.1.0.42:39043|dataStream:|priority:0, 5f9c2808-8092-4bb8-be0b-9d445a417462|rpc:10.1.0.42:40901|dataStream:|priority:0], old=null
2022-04-26 01:53:50,921 [382fe11f-ccc0-42c1-99a9-aa0fa042180d@group-1DC918ECA009-LeaderElection34] INFO  impl.LeaderElection (LeaderElection.java:askForVotes(306)) - 382fe11f-ccc0-42c1-99a9-aa0fa042180d@group-1DC918ECA009-LeaderElection34 ELECTION round 0: submit vote requests at term 1 for -1: [c1d01455-3ad3-443a-8310-748688ca0e72|rpc:10.1.0.42:42877|dataStream:|priority:1, 382fe11f-ccc0-42c1-99a9-aa0fa042180d|rpc:10.1.0.42:39043|dataStream:|priority:0, 5f9c2808-8092-4bb8-be0b-9d445a417462|rpc:10.1.0.42:40901|dataStream:|priority:0], old=null
2022-04-26 01:53:50,921 [5f9c2808-8092-4bb8-be0b-9d445a417462@group-1DC918ECA009-LeaderElection32] INFO  impl.LeaderElection (LeaderElection.java:logAndReturn(89)) - 5f9c2808-8092-4bb8-be0b-9d445a417462@group-1DC918ECA009-LeaderElection32: ELECTION REJECTED received 1 response(s) and 0 exception(s):
2022-04-26 01:53:50,921 [5f9c2808-8092-4bb8-be0b-9d445a417462@group-1DC918ECA009-LeaderElection32] INFO  impl.LeaderElection (LeaderElection.java:logAndReturn(93)) -   Response 0: 5f9c2808-8092-4bb8-be0b-9d445a417462<-c1d01455-3ad3-443a-8310-748688ca0e72#0:FAIL-t1
2022-04-26 01:53:50,921 [5f9c2808-8092-4bb8-be0b-9d445a417462@group-1DC918ECA009-LeaderElection32] INFO  impl.LeaderElection (LeaderElection.java:askForVotes(308)) - 5f9c2808-8092-4bb8-be0b-9d445a417462@group-1DC918ECA009-LeaderElection32 ELECTION round 0: result REJECTED
2022-04-26 01:53:50,921 [5f9c2808-8092-4bb8-be0b-9d445a417462@group-1DC918ECA009-LeaderElection32] INFO  server.RaftServer$Division (RaftServerImpl.java:setRole(290)) - 5f9c2808-8092-4bb8-be0b-9d445a417462@group-1DC918ECA009: changes role from CANDIDATE to FOLLOWER at term 1 for REJECTED
2022-04-26 01:53:50,921 [5f9c2808-8092-4bb8-be0b-9d445a417462@group-1DC918ECA009-LeaderElection32] INFO  impl.RoleInfo (RoleInfo.java:shutdownLeaderElection(121)) - 5f9c2808-8092-4bb8-be0b-9d445a417462: shutdown 5f9c2808-8092-4bb8-be0b-9d445a417462@group-1DC918ECA009-LeaderElection32
2022-04-26 01:53:50,922 [5f9c2808-8092-4bb8-be0b-9d445a417462@group-1DC918ECA009-LeaderElection32] INFO  impl.RoleInfo (RoleInfo.java:updateAndGet(130)) - 5f9c2808-8092-4bb8-be0b-9d445a417462: start 5f9c2808-8092-4bb8-be0b-9d445a417462@group-1DC918ECA009-FollowerState
2022-04-26 01:53:50,950 [Listener at 127.0.0.1/40803] INFO  ozone.MiniOzoneClusterImpl (MiniOzoneClusterImpl.java:lambda$waitForClusterToBeReady$0(221)) - Nodes are ready. Got 5 of 5 DN Heartbeats.
2022-04-26 01:53:50,950 [Listener at 127.0.0.1/40803] INFO  ozone.MiniOzoneClusterImpl (MiniOzoneClusterImpl.java:lambda$waitForClusterToBeReady$0(224)) - Waiting for cluster to exit safe mode
2022-04-26 01:53:50,951 [Listener at 127.0.0.1/40803] INFO  ozone.MiniOzoneClusterImpl (MiniOzoneClusterImpl.java:lambda$waitForClusterToBeReady$0(226)) - SCM became leader
2022-04-26 01:53:50,965 [grpc-default-executor-1] INFO  server.RaftServer$Division (RaftServerImpl.java:requestVote(1046)) - 382fe11f-ccc0-42c1-99a9-aa0fa042180d@group-1DC918ECA009: receive requestVote(ELECTION, 5f9c2808-8092-4bb8-be0b-9d445a417462, group-1DC918ECA009, 1, (t:0, i:0))
2022-04-26 01:53:50,965 [grpc-default-executor-1] INFO  impl.VoteContext (VoteContext.java:log(48)) - 382fe11f-ccc0-42c1-99a9-aa0fa042180d@group-1DC918ECA009-CANDIDATE: reject ELECTION from 5f9c2808-8092-4bb8-be0b-9d445a417462: already has voted for 382fe11f-ccc0-42c1-99a9-aa0fa042180d at current term 1
2022-04-26 01:53:50,965 [grpc-default-executor-1] INFO  server.RaftServer$Division (RaftServerImpl.java:requestVote(1078)) - 382fe11f-ccc0-42c1-99a9-aa0fa042180d@group-1DC918ECA009 replies to ELECTION vote request: 5f9c2808-8092-4bb8-be0b-9d445a417462<-382fe11f-ccc0-42c1-99a9-aa0fa042180d#0:FAIL-t1. Peer's state: 382fe11f-ccc0-42c1-99a9-aa0fa042180d@group-1DC918ECA009:t1, leader=null, voted=382fe11f-ccc0-42c1-99a9-aa0fa042180d, raftlog=382fe11f-ccc0-42c1-99a9-aa0fa042180d@group-1DC918ECA009-SegmentedRaftLog:OPENED:c-1, conf=-1: [c1d01455-3ad3-443a-8310-748688ca0e72|rpc:10.1.0.42:42877|dataStream:|priority:1, 382fe11f-ccc0-42c1-99a9-aa0fa042180d|rpc:10.1.0.42:39043|dataStream:|priority:0, 5f9c2808-8092-4bb8-be0b-9d445a417462|rpc:10.1.0.42:40901|dataStream:|priority:0], old=null
2022-04-26 01:53:51,025 [grpc-default-executor-0] INFO  server.RaftServer$Division (RaftServerImpl.java:requestVote(1046)) - 5f9c2808-8092-4bb8-be0b-9d445a417462@group-1DC918ECA009: receive requestVote(ELECTION, 382fe11f-ccc0-42c1-99a9-aa0fa042180d, group-1DC918ECA009, 1, (t:0, i:0))
2022-04-26 01:53:51,025 [grpc-default-executor-0] INFO  impl.VoteContext (VoteContext.java:log(48)) - 5f9c2808-8092-4bb8-be0b-9d445a417462@group-1DC918ECA009-FOLLOWER: reject ELECTION from 382fe11f-ccc0-42c1-99a9-aa0fa042180d: already has voted for 5f9c2808-8092-4bb8-be0b-9d445a417462 at current term 1
2022-04-26 01:53:51,025 [grpc-default-executor-0] INFO  server.RaftServer$Division (RaftServerImpl.java:requestVote(1078)) - 5f9c2808-8092-4bb8-be0b-9d445a417462@group-1DC918ECA009 replies to ELECTION vote request: 382fe11f-ccc0-42c1-99a9-aa0fa042180d<-5f9c2808-8092-4bb8-be0b-9d445a417462#0:FAIL-t1. Peer's state: 5f9c2808-8092-4bb8-be0b-9d445a417462@group-1DC918ECA009:t1, leader=null, voted=5f9c2808-8092-4bb8-be0b-9d445a417462, raftlog=5f9c2808-8092-4bb8-be0b-9d445a417462@group-1DC918ECA009-SegmentedRaftLog:OPENED:c-1, conf=-1: [c1d01455-3ad3-443a-8310-748688ca0e72|rpc:10.1.0.42:42877|priority:1, 382fe11f-ccc0-42c1-99a9-aa0fa042180d|rpc:10.1.0.42:39043|priority:0, 5f9c2808-8092-4bb8-be0b-9d445a417462|rpc:10.1.0.42:40901|priority:0], old=null
2022-04-26 01:53:51,075 [grpc-default-executor-2] INFO  server.RaftServer$Division (RaftServerImpl.java:requestVote(1046)) - c1d01455-3ad3-443a-8310-748688ca0e72@group-1DC918ECA009: receive requestVote(ELECTION, 382fe11f-ccc0-42c1-99a9-aa0fa042180d, group-1DC918ECA009, 1, (t:0, i:0))
2022-04-26 01:53:51,078 [grpc-default-executor-2] INFO  impl.VoteContext (VoteContext.java:log(48)) - c1d01455-3ad3-443a-8310-748688ca0e72@group-1DC918ECA009-FOLLOWER: reject ELECTION from 382fe11f-ccc0-42c1-99a9-aa0fa042180d: our priority 1 > candidate's priority 0
2022-04-26 01:53:51,078 [grpc-default-executor-2] INFO  server.RaftServer$Division (RaftServerImpl.java:setRole(290)) - c1d01455-3ad3-443a-8310-748688ca0e72@group-1DC918ECA009: changes role from  FOLLOWER to FOLLOWER at term 1 for candidate:382fe11f-ccc0-42c1-99a9-aa0fa042180d
2022-04-26 01:53:51,078 [grpc-default-executor-2] INFO  impl.RoleInfo (RoleInfo.java:shutdownFollowerState(108)) - c1d01455-3ad3-443a-8310-748688ca0e72: shutdown c1d01455-3ad3-443a-8310-748688ca0e72@group-1DC918ECA009-FollowerState
2022-04-26 01:53:51,078 [grpc-default-executor-2] INFO  impl.RoleInfo (RoleInfo.java:updateAndGet(130)) - c1d01455-3ad3-443a-8310-748688ca0e72: start c1d01455-3ad3-443a-8310-748688ca0e72@group-1DC918ECA009-FollowerState
2022-04-26 01:53:51,078 [grpc-default-executor-2] INFO  server.RaftServer$Division (RaftServerImpl.java:requestVote(1078)) - c1d01455-3ad3-443a-8310-748688ca0e72@group-1DC918ECA009 replies to ELECTION vote request: 382fe11f-ccc0-42c1-99a9-aa0fa042180d<-c1d01455-3ad3-443a-8310-748688ca0e72#0:FAIL-t1. Peer's state: c1d01455-3ad3-443a-8310-748688ca0e72@group-1DC918ECA009:t1, leader=null, voted=null, raftlog=c1d01455-3ad3-443a-8310-748688ca0e72@group-1DC918ECA009-SegmentedRaftLog:OPENED:c-1, conf=-1: [c1d01455-3ad3-443a-8310-748688ca0e72|rpc:10.1.0.42:42877|dataStream:|priority:1, 382fe11f-ccc0-42c1-99a9-aa0fa042180d|rpc:10.1.0.42:39043|dataStream:|priority:0, 5f9c2808-8092-4bb8-be0b-9d445a417462|rpc:10.1.0.42:40901|dataStream:|priority:0], old=null
2022-04-26 01:53:51,081 [c1d01455-3ad3-443a-8310-748688ca0e72@group-1DC918ECA009-FollowerState] INFO  impl.FollowerState (FollowerState.java:run(143)) - c1d01455-3ad3-443a-8310-748688ca0e72@group-1DC918ECA009-FollowerState was interrupted: {}
java.lang.InterruptedException: sleep interrupted
	at java.lang.Thread.sleep(Native Method)
	at java.lang.Thread.sleep(Thread.java:342)
	at java.util.concurrent.TimeUnit.sleep(TimeUnit.java:386)
	at org.apache.ratis.util.TimeDuration.sleep(TimeDuration.java:324)
	at org.apache.ratis.util.TimeDuration.sleep(TimeDuration.java:309)
	at org.apache.ratis.server.impl.FollowerState.run(FollowerState.java:118)
2022-04-26 01:53:51,086 [382fe11f-ccc0-42c1-99a9-aa0fa042180d@group-1DC918ECA009-LeaderElection34] INFO  impl.LeaderElection (LeaderElection.java:logAndReturn(89)) - 382fe11f-ccc0-42c1-99a9-aa0fa042180d@group-1DC918ECA009-LeaderElection34: ELECTION REJECTED received 2 response(s) and 0 exception(s):
2022-04-26 01:53:51,107 [382fe11f-ccc0-42c1-99a9-aa0fa042180d@group-1DC918ECA009-LeaderElection34] INFO  impl.LeaderElection (LeaderElection.java:logAndReturn(93)) -   Response 0: 382fe11f-ccc0-42c1-99a9-aa0fa042180d<-c1d01455-3ad3-443a-8310-748688ca0e72#0:FAIL-t1
2022-04-26 01:53:51,107 [382fe11f-ccc0-42c1-99a9-aa0fa042180d@group-1DC918ECA009-LeaderElection34] INFO  impl.LeaderElection (LeaderElection.java:logAndReturn(93)) -   Response 1: 382fe11f-ccc0-42c1-99a9-aa0fa042180d<-5f9c2808-8092-4bb8-be0b-9d445a417462#0:FAIL-t1
2022-04-26 01:53:51,107 [382fe11f-ccc0-42c1-99a9-aa0fa042180d@group-1DC918ECA009-LeaderElection34] INFO  impl.LeaderElection (LeaderElection.java:askForVotes(308)) - 382fe11f-ccc0-42c1-99a9-aa0fa042180d@group-1DC918ECA009-LeaderElection34 ELECTION round 0: result REJECTED
2022-04-26 01:53:51,107 [382fe11f-ccc0-42c1-99a9-aa0fa042180d@group-1DC918ECA009-LeaderElection34] INFO  server.RaftServer$Division (RaftServerImpl.java:setRole(290)) - 382fe11f-ccc0-42c1-99a9-aa0fa042180d@group-1DC918ECA009: changes role from CANDIDATE to FOLLOWER at term 1 for REJECTED
2022-04-26 01:53:51,107 [382fe11f-ccc0-42c1-99a9-aa0fa042180d@group-1DC918ECA009-LeaderElection34] INFO  impl.RoleInfo (RoleInfo.java:shutdownLeaderElection(121)) - 382fe11f-ccc0-42c1-99a9-aa0fa042180d: shutdown 382fe11f-ccc0-42c1-99a9-aa0fa042180d@group-1DC918ECA009-LeaderElection34
2022-04-26 01:53:51,107 [382fe11f-ccc0-42c1-99a9-aa0fa042180d@group-1DC918ECA009-LeaderElection34] INFO  impl.RoleInfo (RoleInfo.java:updateAndGet(130)) - 382fe11f-ccc0-42c1-99a9-aa0fa042180d: start 382fe11f-ccc0-42c1-99a9-aa0fa042180d@group-1DC918ECA009-FollowerState
2022-04-26 01:53:51,213 [5f9c2808-8092-4bb8-be0b-9d445a417462@group-E82449261593-FollowerState] INFO  impl.FollowerState (FollowerState.java:run(134)) - 5f9c2808-8092-4bb8-be0b-9d445a417462@group-E82449261593-FollowerState: change to CANDIDATE, lastRpcElapsedTime:5121378607ns, electionTimeout:5107ms
2022-04-26 01:53:51,213 [5f9c2808-8092-4bb8-be0b-9d445a417462@group-E82449261593-FollowerState] INFO  impl.RoleInfo (RoleInfo.java:shutdownFollowerState(108)) - 5f9c2808-8092-4bb8-be0b-9d445a417462: shutdown 5f9c2808-8092-4bb8-be0b-9d445a417462@group-E82449261593-FollowerState
2022-04-26 01:53:51,213 [5f9c2808-8092-4bb8-be0b-9d445a417462@group-E82449261593-FollowerState] INFO  server.RaftServer$Division (RaftServerImpl.java:setRole(290)) - 5f9c2808-8092-4bb8-be0b-9d445a417462@group-E82449261593: changes role from  FOLLOWER to CANDIDATE at term 0 for changeToCandidate
2022-04-26 01:53:51,213 [5f9c2808-8092-4bb8-be0b-9d445a417462@group-E82449261593-FollowerState] INFO  server.RaftServerConfigKeys (ConfUtils.java:logGet(44)) - raft.server.leaderelection.pre-vote = false (custom)
2022-04-26 01:53:51,213 [5f9c2808-8092-4bb8-be0b-9d445a417462@group-E82449261593-FollowerState] INFO  impl.RoleInfo (RoleInfo.java:updateAndGet(130)) - 5f9c2808-8092-4bb8-be0b-9d445a417462: start 5f9c2808-8092-4bb8-be0b-9d445a417462@group-E82449261593-LeaderElection35
2022-04-26 01:53:51,213 [382fe11f-ccc0-42c1-99a9-aa0fa042180d@group-E82449261593-FollowerState] INFO  impl.FollowerState (FollowerState.java:run(134)) - 382fe11f-ccc0-42c1-99a9-aa0fa042180d@group-E82449261593-FollowerState: change to CANDIDATE, lastRpcElapsedTime:5053712540ns, electionTimeout:5026ms
2022-04-26 01:53:51,214 [382fe11f-ccc0-42c1-99a9-aa0fa042180d@group-E82449261593-FollowerState] INFO  impl.RoleInfo (RoleInfo.java:shutdownFollowerState(108)) - 382fe11f-ccc0-42c1-99a9-aa0fa042180d: shutdown 382fe11f-ccc0-42c1-99a9-aa0fa042180d@group-E82449261593-FollowerState
2022-04-26 01:53:51,214 [382fe11f-ccc0-42c1-99a9-aa0fa042180d@group-E82449261593-FollowerState] INFO  server.RaftServer$Division (RaftServerImpl.java:setRole(290)) - 382fe11f-ccc0-42c1-99a9-aa0fa042180d@group-E82449261593: changes role from  FOLLOWER to CANDIDATE at term 0 for changeToCandidate
2022-04-26 01:53:51,216 [382fe11f-ccc0-42c1-99a9-aa0fa042180d@group-E82449261593-FollowerState] INFO  server.RaftServerConfigKeys (ConfUtils.java:logGet(44)) - raft.server.leaderelection.pre-vote = false (custom)
2022-04-26 01:53:51,233 [382fe11f-ccc0-42c1-99a9-aa0fa042180d@group-E82449261593-FollowerState] INFO  impl.RoleInfo (RoleInfo.java:updateAndGet(130)) - 382fe11f-ccc0-42c1-99a9-aa0fa042180d: start 382fe11f-ccc0-42c1-99a9-aa0fa042180d@group-E82449261593-LeaderElection36
2022-04-26 01:53:51,251 [5f9c2808-8092-4bb8-be0b-9d445a417462@group-E82449261593-LeaderElection35] INFO  impl.LeaderElection (LeaderElection.java:askForVotes(306)) - 5f9c2808-8092-4bb8-be0b-9d445a417462@group-E82449261593-LeaderElection35 ELECTION round 0: submit vote requests at term 1 for -1: [c1d01455-3ad3-443a-8310-748688ca0e72|rpc:10.1.0.42:42877|priority:0, 382fe11f-ccc0-42c1-99a9-aa0fa042180d|rpc:10.1.0.42:39043|priority:0, 5f9c2808-8092-4bb8-be0b-9d445a417462|rpc:10.1.0.42:40901|priority:1], old=null
2022-04-26 01:53:51,270 [c1d01455-3ad3-443a-8310-748688ca0e72@group-E82449261593-FollowerState] INFO  impl.FollowerState (FollowerState.java:run(134)) - c1d01455-3ad3-443a-8310-748688ca0e72@group-E82449261593-FollowerState: change to CANDIDATE, lastRpcElapsedTime:5015850178ns, electionTimeout:5015ms
2022-04-26 01:53:51,270 [c1d01455-3ad3-443a-8310-748688ca0e72@group-E82449261593-FollowerState] INFO  impl.RoleInfo (RoleInfo.java:shutdownFollowerState(108)) - c1d01455-3ad3-443a-8310-748688ca0e72: shutdown c1d01455-3ad3-443a-8310-748688ca0e72@group-E82449261593-FollowerState
2022-04-26 01:53:51,270 [c1d01455-3ad3-443a-8310-748688ca0e72@group-E82449261593-FollowerState] INFO  server.RaftServer$Division (RaftServerImpl.java:setRole(290)) - c1d01455-3ad3-443a-8310-748688ca0e72@group-E82449261593: changes role from  FOLLOWER to CANDIDATE at term 0 for changeToCandidate
2022-04-26 01:53:51,302 [c1d01455-3ad3-443a-8310-748688ca0e72@group-E82449261593-FollowerState] INFO  server.RaftServerConfigKeys (ConfUtils.java:logGet(44)) - raft.server.leaderelection.pre-vote = false (custom)
2022-04-26 01:53:51,302 [grpc-default-executor-2] INFO  server.RaftServer$Division (RaftServerImpl.java:requestVote(1046)) - c1d01455-3ad3-443a-8310-748688ca0e72@group-E82449261593: receive requestVote(ELECTION, 5f9c2808-8092-4bb8-be0b-9d445a417462, group-E82449261593, 1, (t:0, i:0))
2022-04-26 01:53:51,302 [grpc-default-executor-0] INFO  server.RaftServer$Division (RaftServerImpl.java:requestVote(1046)) - 382fe11f-ccc0-42c1-99a9-aa0fa042180d@group-E82449261593: receive requestVote(ELECTION, 5f9c2808-8092-4bb8-be0b-9d445a417462, group-E82449261593, 1, (t:0, i:0))
2022-04-26 01:53:51,302 [c1d01455-3ad3-443a-8310-748688ca0e72@group-E82449261593-FollowerState] INFO  impl.RoleInfo (RoleInfo.java:updateAndGet(130)) - c1d01455-3ad3-443a-8310-748688ca0e72: start c1d01455-3ad3-443a-8310-748688ca0e72@group-E82449261593-LeaderElection37
2022-04-26 01:53:51,326 [grpc-default-executor-2] INFO  impl.VoteContext (VoteContext.java:log(48)) - c1d01455-3ad3-443a-8310-748688ca0e72@group-E82449261593-CANDIDATE: accept ELECTION from 5f9c2808-8092-4bb8-be0b-9d445a417462: our priority 0 <= candidate's priority 1
2022-04-26 01:53:51,326 [grpc-default-executor-0] INFO  impl.VoteContext (VoteContext.java:log(48)) - 382fe11f-ccc0-42c1-99a9-aa0fa042180d@group-E82449261593-CANDIDATE: accept ELECTION from 5f9c2808-8092-4bb8-be0b-9d445a417462: our priority 0 <= candidate's priority 1
2022-04-26 01:53:51,326 [grpc-default-executor-0] INFO  server.RaftServer$Division (RaftServerImpl.java:setRole(290)) - 382fe11f-ccc0-42c1-99a9-aa0fa042180d@group-E82449261593: changes role from CANDIDATE to FOLLOWER at term 1 for candidate:5f9c2808-8092-4bb8-be0b-9d445a417462
2022-04-26 01:53:51,326 [grpc-default-executor-0] INFO  impl.RoleInfo (RoleInfo.java:shutdownLeaderElection(121)) - 382fe11f-ccc0-42c1-99a9-aa0fa042180d: shutdown 382fe11f-ccc0-42c1-99a9-aa0fa042180d@group-E82449261593-LeaderElection36
2022-04-26 01:53:51,326 [grpc-default-executor-0] INFO  impl.RoleInfo (RoleInfo.java:updateAndGet(130)) - 382fe11f-ccc0-42c1-99a9-aa0fa042180d: start 382fe11f-ccc0-42c1-99a9-aa0fa042180d@group-E82449261593-FollowerState
2022-04-26 01:53:51,326 [grpc-default-executor-2] INFO  server.RaftServer$Division (RaftServerImpl.java:setRole(290)) - c1d01455-3ad3-443a-8310-748688ca0e72@group-E82449261593: changes role from CANDIDATE to FOLLOWER at term 1 for candidate:5f9c2808-8092-4bb8-be0b-9d445a417462
2022-04-26 01:53:51,329 [grpc-default-executor-2] INFO  impl.RoleInfo (RoleInfo.java:shutdownLeaderElection(121)) - c1d01455-3ad3-443a-8310-748688ca0e72: shutdown c1d01455-3ad3-443a-8310-748688ca0e72@group-E82449261593-LeaderElection37
2022-04-26 01:53:51,331 [grpc-default-executor-0] INFO  server.RaftServer$Division (RaftServerImpl.java:requestVote(1078)) - 382fe11f-ccc0-42c1-99a9-aa0fa042180d@group-E82449261593 replies to ELECTION vote request: 5f9c2808-8092-4bb8-be0b-9d445a417462<-382fe11f-ccc0-42c1-99a9-aa0fa042180d#0:OK-t1. Peer's state: 382fe11f-ccc0-42c1-99a9-aa0fa042180d@group-E82449261593:t1, leader=null, voted=5f9c2808-8092-4bb8-be0b-9d445a417462, raftlog=382fe11f-ccc0-42c1-99a9-aa0fa042180d@group-E82449261593-SegmentedRaftLog:OPENED:c-1, conf=-1: [c1d01455-3ad3-443a-8310-748688ca0e72|rpc:10.1.0.42:42877|dataStream:|priority:0, 382fe11f-ccc0-42c1-99a9-aa0fa042180d|rpc:10.1.0.42:39043|dataStream:|priority:0, 5f9c2808-8092-4bb8-be0b-9d445a417462|rpc:10.1.0.42:40901|dataStream:|priority:1], old=null
2022-04-26 01:53:51,346 [5f9c2808-8092-4bb8-be0b-9d445a417462@group-E82449261593-LeaderElection35] INFO  impl.LeaderElection (LeaderElection.java:logAndReturn(89)) - 5f9c2808-8092-4bb8-be0b-9d445a417462@group-E82449261593-LeaderElection35: ELECTION PASSED received 1 response(s) and 0 exception(s):
2022-04-26 01:53:51,346 [5f9c2808-8092-4bb8-be0b-9d445a417462@group-E82449261593-LeaderElection35] INFO  impl.LeaderElection (LeaderElection.java:logAndReturn(93)) -   Response 0: 5f9c2808-8092-4bb8-be0b-9d445a417462<-382fe11f-ccc0-42c1-99a9-aa0fa042180d#0:OK-t1
2022-04-26 01:53:51,346 [5f9c2808-8092-4bb8-be0b-9d445a417462@group-E82449261593-LeaderElection35] INFO  impl.LeaderElection (LeaderElection.java:askForVotes(308)) - 5f9c2808-8092-4bb8-be0b-9d445a417462@group-E82449261593-LeaderElection35 ELECTION round 0: result PASSED
2022-04-26 01:53:51,346 [5f9c2808-8092-4bb8-be0b-9d445a417462@group-E82449261593-LeaderElection35] INFO  impl.RoleInfo (RoleInfo.java:shutdownLeaderElection(121)) - 5f9c2808-8092-4bb8-be0b-9d445a417462: shutdown 5f9c2808-8092-4bb8-be0b-9d445a417462@group-E82449261593-LeaderElection35
2022-04-26 01:53:51,346 [5f9c2808-8092-4bb8-be0b-9d445a417462@group-E82449261593-LeaderElection35] INFO  server.RaftServer$Division (RaftServerImpl.java:setRole(290)) - 5f9c2808-8092-4bb8-be0b-9d445a417462@group-E82449261593: changes role from CANDIDATE to LEADER at term 1 for changeToLeader
2022-04-26 01:53:51,346 [5f9c2808-8092-4bb8-be0b-9d445a417462@group-E82449261593-LeaderElection35] INFO  ratis.XceiverServerRatis (XceiverServerRatis.java:handleLeaderChangedNotification(863)) - Leader change notification received for group: group-E82449261593 with new leaderId: 5f9c2808-8092-4bb8-be0b-9d445a417462
2022-04-26 01:53:51,346 [5f9c2808-8092-4bb8-be0b-9d445a417462@group-E82449261593-LeaderElection35] INFO  server.RaftServer$Division (ServerState.java:setLeader(285)) - 5f9c2808-8092-4bb8-be0b-9d445a417462@group-E82449261593: change Leader from null to 5f9c2808-8092-4bb8-be0b-9d445a417462 at term 1 for becomeLeader, leader elected after 5277ms
2022-04-26 01:53:51,346 [5f9c2808-8092-4bb8-be0b-9d445a417462@group-E82449261593-LeaderElection35] INFO  server.RaftServerConfigKeys (ConfUtils.java:logGet(44)) - raft.server.staging.catchup.gap = 1000 (default)
2022-04-26 01:53:51,347 [5f9c2808-8092-4bb8-be0b-9d445a417462@group-E82449261593-LeaderElection35] INFO  server.RaftServerConfigKeys (ConfUtils.java:logGet(44)) - raft.server.write.element-limit = 1024 (custom)
2022-04-26 01:53:51,347 [5f9c2808-8092-4bb8-be0b-9d445a417462@group-E82449261593-LeaderElection35] INFO  server.RaftServerConfigKeys (ConfUtils.java:logGet(44)) - raft.server.write.byte-limit = 1024 M (=1073741824) (custom)
2022-04-26 01:53:51,347 [5f9c2808-8092-4bb8-be0b-9d445a417462@group-E82449261593-LeaderElection35] INFO  server.RaftServerConfigKeys (ConfUtils.java:logGet(44)) - raft.server.watch.timeout = 180s (custom)
2022-04-26 01:53:51,347 [5f9c2808-8092-4bb8-be0b-9d445a417462@group-E82449261593-LeaderElection35] INFO  server.RaftServerConfigKeys (ConfUtils.java:logGet(44)) - raft.server.watch.timeout.denomination = 1s (default)
2022-04-26 01:53:51,347 [5f9c2808-8092-4bb8-be0b-9d445a417462@group-E82449261593-LeaderElection35] INFO  server.RaftServerConfigKeys (ConfUtils.java:logGet(44)) - raft.server.watch.element-limit = 65536 (default)
2022-04-26 01:53:51,347 [5f9c2808-8092-4bb8-be0b-9d445a417462@group-E82449261593-LeaderElection35] INFO  server.RaftServerConfigKeys (ConfUtils.java:logGet(44)) - raft.server.write.element-limit = 1024 (custom)
2022-04-26 01:53:51,347 [5f9c2808-8092-4bb8-be0b-9d445a417462@group-E82449261593-LeaderElection35] INFO  server.RaftServerConfigKeys (ConfUtils.java:logGet(44)) - raft.server.write.follower.gap.ratio.max = -1.0 (default)
2022-04-26 01:53:51,347 [5f9c2808-8092-4bb8-be0b-9d445a417462@group-E82449261593-LeaderElection35] INFO  server.RaftServerConfigKeys (ConfUtils.java:logGet(44)) - raft.server.log.appender.snapshot.chunk.size.max = 16MB (=16777216) (default)
2022-04-26 01:53:51,347 [5f9c2808-8092-4bb8-be0b-9d445a417462@group-E82449261593-LeaderElection35] INFO  server.RaftServerConfigKeys (ConfUtils.java:logGet(44)) - raft.server.log.appender.buffer.byte-limit = 33554432 (custom)
2022-04-26 01:53:51,347 [5f9c2808-8092-4bb8-be0b-9d445a417462@group-E82449261593-LeaderElection35] INFO  server.RaftServerConfigKeys (ConfUtils.java:logGet(44)) - raft.server.log.appender.buffer.element-limit = 1 (custom)
2022-04-26 01:53:51,347 [5f9c2808-8092-4bb8-be0b-9d445a417462@group-E82449261593-LeaderElection35] INFO  grpc.GrpcConfigKeys (ConfUtils.java:logGet(44)) - raft.grpc.server.leader.outstanding.appends.max = 128 (default)
2022-04-26 01:53:51,347 [5f9c2808-8092-4bb8-be0b-9d445a417462@group-E82449261593-LeaderElection35] INFO  server.RaftServerConfigKeys (ConfUtils.java:logGet(44)) - raft.server.rpc.request.timeout = 60s (custom)
2022-04-26 01:53:51,347 [5f9c2808-8092-4bb8-be0b-9d445a417462@group-E82449261593-LeaderElection35] INFO  server.RaftServerConfigKeys (ConfUtils.java:logGet(44)) - raft.server.log.appender.install.snapshot.enabled = false (custom)
2022-04-26 01:53:51,348 [5f9c2808-8092-4bb8-be0b-9d445a417462@group-E82449261593-LeaderElection35] INFO  server.RaftServerConfigKeys (ConfUtils.java:logGet(44)) - raft.server.log.appender.snapshot.chunk.size.max = 16MB (=16777216) (default)
2022-04-26 01:53:51,348 [5f9c2808-8092-4bb8-be0b-9d445a417462@group-E82449261593-LeaderElection35] INFO  server.RaftServerConfigKeys (ConfUtils.java:logGet(44)) - raft.server.log.appender.buffer.byte-limit = 33554432 (custom)
2022-04-26 01:53:51,348 [5f9c2808-8092-4bb8-be0b-9d445a417462@group-E82449261593-LeaderElection35] INFO  server.RaftServerConfigKeys (ConfUtils.java:logGet(44)) - raft.server.log.appender.buffer.element-limit = 1 (custom)
2022-04-26 01:53:51,348 [5f9c2808-8092-4bb8-be0b-9d445a417462@group-E82449261593-LeaderElection35] INFO  grpc.GrpcConfigKeys (ConfUtils.java:logGet(44)) - raft.grpc.server.leader.outstanding.appends.max = 128 (default)
2022-04-26 01:53:51,348 [5f9c2808-8092-4bb8-be0b-9d445a417462@group-E82449261593-LeaderElection35] INFO  server.RaftServerConfigKeys (ConfUtils.java:logGet(44)) - raft.server.rpc.request.timeout = 60s (custom)
2022-04-26 01:53:51,348 [5f9c2808-8092-4bb8-be0b-9d445a417462@group-E82449261593-LeaderElection35] INFO  server.RaftServerConfigKeys (ConfUtils.java:logGet(44)) - raft.server.log.appender.install.snapshot.enabled = false (custom)
2022-04-26 01:53:51,349 [grpc-default-executor-2] INFO  impl.RoleInfo (RoleInfo.java:updateAndGet(130)) - c1d01455-3ad3-443a-8310-748688ca0e72: start c1d01455-3ad3-443a-8310-748688ca0e72@group-E82449261593-FollowerState
2022-04-26 01:53:51,350 [EventQueue-PipelineReportForPipelineReportHandler] INFO  pipeline.PipelineManagerImpl (PipelineManagerImpl.java:openPipeline(321)) - Pipeline Pipeline[ Id: 16ab6ba8-6bca-446c-893c-e82449261593, Nodes: 5f9c2808-8092-4bb8-be0b-9d445a417462{ip: 10.1.0.42, host: fv-az50-870.grzltbmokehuzjyc5b133kdqgh.cx.internal.cloudapp.net, ports: [REPLICATION=34419, RATIS=40901, RATIS_ADMIN=40901, RATIS_SERVER=40901, STANDALONE=37781], networkLocation: /default-rack, certSerialId: null, persistedOpState: IN_SERVICE, persistedOpStateExpiryEpochSec: 0}382fe11f-ccc0-42c1-99a9-aa0fa042180d{ip: 10.1.0.42, host: fv-az50-870.grzltbmokehuzjyc5b133kdqgh.cx.internal.cloudapp.net, ports: [REPLICATION=34605, RATIS=39043, RATIS_ADMIN=39043, RATIS_SERVER=39043, STANDALONE=38987], networkLocation: /default-rack, certSerialId: null, persistedOpState: IN_SERVICE, persistedOpStateExpiryEpochSec: 0}c1d01455-3ad3-443a-8310-748688ca0e72{ip: 10.1.0.42, host: fv-az50-870.grzltbmokehuzjyc5b133kdqgh.cx.internal.cloudapp.net, ports: [REPLICATION=34415, RATIS=42877, RATIS_ADMIN=42877, RATIS_SERVER=42877, STANDALONE=36421], networkLocation: /default-rack, certSerialId: null, persistedOpState: IN_SERVICE, persistedOpStateExpiryEpochSec: 0}, ReplicationConfig: RATIS/THREE, State:ALLOCATED, leaderId:5f9c2808-8092-4bb8-be0b-9d445a417462, CreationTimestamp2022-04-26T01:53:43.763Z[Etc/UTC]] moved to OPEN state
2022-04-26 01:53:51,351 [EventQueue-OpenPipelineForHealthyPipelineSafeModeRule] INFO  safemode.SCMSafeModeManager (HealthyPipelineSafeModeRule.java:process(124)) - SCM in safe mode. Healthy pipelines reported count is 0, required healthy pipeline reported count is 1
2022-04-26 01:53:51,351 [EventQueue-OpenPipelineForHealthyPipelineSafeModeRule] INFO  safemode.SCMSafeModeManager (HealthyPipelineSafeModeRule.java:process(124)) - SCM in safe mode. Healthy pipelines reported count is 1, required healthy pipeline reported count is 1
2022-04-26 01:53:51,351 [EventQueue-OpenPipelineForHealthyPipelineSafeModeRule] INFO  safemode.SCMSafeModeManager (SCMSafeModeManager.java:validateSafeModeExitRules(204)) - HealthyPipelineSafeModeRule rule is successfully validated
2022-04-26 01:53:51,351 [EventQueue-OpenPipelineForHealthyPipelineSafeModeRule] INFO  safemode.SCMSafeModeManager (SCMSafeModeManager.java:validateSafeModeExitRules(219)) - ScmSafeModeManager, all rules are successfully validated
2022-04-26 01:53:51,351 [EventQueue-OpenPipelineForHealthyPipelineSafeModeRule] INFO  safemode.SCMSafeModeManager (SCMSafeModeManager.java:exitSafeMode(248)) - SCM exiting safe mode.
2022-04-26 01:53:51,351 [EventQueue-OpenPipelineForHealthyPipelineSafeModeRule] WARN  events.EventQueue (EventQueue.java:fireEvent(194)) - No event handler registered for event TypedEvent{payloadType=SafeModeStatus, name='Safe mode status'}
2022-04-26 01:53:51,351 [EventQueue-OpenPipelineForHealthyPipelineSafeModeRule] INFO  ha.SCMContext (SCMContext.java:updateSafeModeStatus(211)) - Update SafeModeStatus from SafeModeStatus{safeModeStatus=true, preCheckPassed=true} to SafeModeStatus{safeModeStatus=false, preCheckPassed=true}.
2022-04-26 01:53:51,351 [EventQueue-OpenPipelineForHealthyPipelineSafeModeRule] INFO  pipeline.BackgroundPipelineCreator (BackgroundPipelineCreator.java:notifyStatusChanged(263)) - Service BackgroundPipelineCreator transitions to RUNNING.
2022-04-26 01:53:51,351 [EventQueue-OpenPipelineForHealthyPipelineSafeModeRule] INFO  container.ReplicationManager (ReplicationManager.java:notifyStatusChanged(1815)) - Service ReplicationManager transitions to RUNNING.
2022-04-26 01:53:51,351 [5f9c2808-8092-4bb8-be0b-9d445a417462@group-E82449261593-LeaderElection35] INFO  impl.RoleInfo (RoleInfo.java:updateAndGet(130)) - 5f9c2808-8092-4bb8-be0b-9d445a417462: start 5f9c2808-8092-4bb8-be0b-9d445a417462@group-E82449261593-LeaderStateImpl
2022-04-26 01:53:51,352 [5f9c2808-8092-4bb8-be0b-9d445a417462@group-E82449261593-LeaderElection35] INFO  segmented.SegmentedRaftLogWorker (SegmentedRaftLogWorker.java:startLogSegment(394)) - 5f9c2808-8092-4bb8-be0b-9d445a417462@group-E82449261593-SegmentedRaftLogWorker: Starting segment from index:0
2022-04-26 01:53:51,370 [382fe11f-ccc0-42c1-99a9-aa0fa042180d@group-31096AEF3EEC-FollowerState] INFO  impl.FollowerState (FollowerState.java:run(134)) - 382fe11f-ccc0-42c1-99a9-aa0fa042180d@group-31096AEF3EEC-FollowerState: change to CANDIDATE, lastRpcElapsedTime:5104522191ns, electionTimeout:5084ms
2022-04-26 01:53:51,370 [382fe11f-ccc0-42c1-99a9-aa0fa042180d@group-31096AEF3EEC-FollowerState] INFO  impl.RoleInfo (RoleInfo.java:shutdownFollowerState(108)) - 382fe11f-ccc0-42c1-99a9-aa0fa042180d: shutdown 382fe11f-ccc0-42c1-99a9-aa0fa042180d@group-31096AEF3EEC-FollowerState
2022-04-26 01:53:51,370 [382fe11f-ccc0-42c1-99a9-aa0fa042180d@group-31096AEF3EEC-FollowerState] INFO  server.RaftServer$Division (RaftServerImpl.java:setRole(290)) - 382fe11f-ccc0-42c1-99a9-aa0fa042180d@group-31096AEF3EEC: changes role from  FOLLOWER to CANDIDATE at term 0 for changeToCandidate
2022-04-26 01:53:51,370 [382fe11f-ccc0-42c1-99a9-aa0fa042180d@group-31096AEF3EEC-FollowerState] INFO  server.RaftServerConfigKeys (ConfUtils.java:logGet(44)) - raft.server.leaderelection.pre-vote = false (custom)
2022-04-26 01:53:51,370 [382fe11f-ccc0-42c1-99a9-aa0fa042180d@group-31096AEF3EEC-FollowerState] INFO  impl.RoleInfo (RoleInfo.java:updateAndGet(130)) - 382fe11f-ccc0-42c1-99a9-aa0fa042180d: start 382fe11f-ccc0-42c1-99a9-aa0fa042180d@group-31096AEF3EEC-LeaderElection38
2022-04-26 01:53:51,395 [grpc-default-executor-1] INFO  ratis.XceiverServerRatis (XceiverServerRatis.java:handleLeaderChangedNotification(863)) - Leader change notification received for group: group-E82449261593 with new leaderId: 5f9c2808-8092-4bb8-be0b-9d445a417462
2022-04-26 01:53:51,395 [grpc-default-executor-1] INFO  server.RaftServer$Division (ServerState.java:setLeader(285)) - 382fe11f-ccc0-42c1-99a9-aa0fa042180d@group-E82449261593: change Leader from null to 5f9c2808-8092-4bb8-be0b-9d445a417462 at term 1 for appendEntries, leader elected after 5259ms
2022-04-26 01:53:51,399 [grpc-default-executor-2] INFO  server.RaftServer$Division (RaftServerImpl.java:requestVote(1078)) - c1d01455-3ad3-443a-8310-748688ca0e72@group-E82449261593 replies to ELECTION vote request: 5f9c2808-8092-4bb8-be0b-9d445a417462<-c1d01455-3ad3-443a-8310-748688ca0e72#0:OK-t1. Peer's state: c1d01455-3ad3-443a-8310-748688ca0e72@group-E82449261593:t1, leader=null, voted=5f9c2808-8092-4bb8-be0b-9d445a417462, raftlog=c1d01455-3ad3-443a-8310-748688ca0e72@group-E82449261593-SegmentedRaftLog:OPENED:c-1, conf=-1: [c1d01455-3ad3-443a-8310-748688ca0e72|rpc:10.1.0.42:42877|dataStream:|priority:0, 382fe11f-ccc0-42c1-99a9-aa0fa042180d|rpc:10.1.0.42:39043|dataStream:|priority:0, 5f9c2808-8092-4bb8-be0b-9d445a417462|rpc:10.1.0.42:40901|dataStream:|priority:1], old=null
2022-04-26 01:53:51,400 [5f9c2808-8092-4bb8-be0b-9d445a417462@group-E82449261593-SegmentedRaftLogWorker] INFO  segmented.SegmentedRaftLogWorker (SegmentedRaftLogWorker.java:execute(601)) - 5f9c2808-8092-4bb8-be0b-9d445a417462@group-E82449261593-SegmentedRaftLogWorker: created new log segment /home/runner/work/ozone/ozone/hadoop-ozone/integration-test/target/test-dir/MiniOzoneClusterImpl-f75a2855-399a-402c-9e8b-90c3c75b347d/datanode-0/data/ratis/16ab6ba8-6bca-446c-893c-e82449261593/current/log_inprogress_0
2022-04-26 01:53:51,421 [grpc-default-executor-1] INFO  server.RaftServer$Division (ServerState.java:setRaftConf(387)) - 382fe11f-ccc0-42c1-99a9-aa0fa042180d@group-E82449261593: set configuration 0: [c1d01455-3ad3-443a-8310-748688ca0e72|rpc:10.1.0.42:42877|dataStream:|priority:0, 382fe11f-ccc0-42c1-99a9-aa0fa042180d|rpc:10.1.0.42:39043|dataStream:|priority:0, 5f9c2808-8092-4bb8-be0b-9d445a417462|rpc:10.1.0.42:40901|dataStream:|priority:1], old=null
2022-04-26 01:53:51,422 [grpc-default-executor-1] INFO  segmented.SegmentedRaftLogWorker (SegmentedRaftLogWorker.java:startLogSegment(394)) - 382fe11f-ccc0-42c1-99a9-aa0fa042180d@group-E82449261593-SegmentedRaftLogWorker: Starting segment from index:0
2022-04-26 01:53:51,422 [5f9c2808-8092-4bb8-be0b-9d445a417462@group-E82449261593-LeaderElection35] INFO  server.RaftServer$Division (ServerState.java:setRaftConf(387)) - 5f9c2808-8092-4bb8-be0b-9d445a417462@group-E82449261593: set configuration 0: [c1d01455-3ad3-443a-8310-748688ca0e72|rpc:10.1.0.42:42877|dataStream:|priority:0, 382fe11f-ccc0-42c1-99a9-aa0fa042180d|rpc:10.1.0.42:39043|dataStream:|priority:0, 5f9c2808-8092-4bb8-be0b-9d445a417462|rpc:10.1.0.42:40901|dataStream:|priority:1], old=null
2022-04-26 01:53:51,430 [382fe11f-ccc0-42c1-99a9-aa0fa042180d@group-E82449261593-SegmentedRaftLogWorker] INFO  segmented.SegmentedRaftLogWorker (SegmentedRaftLogWorker.java:execute(601)) - 382fe11f-ccc0-42c1-99a9-aa0fa042180d@group-E82449261593-SegmentedRaftLogWorker: created new log segment /home/runner/work/ozone/ozone/hadoop-ozone/integration-test/target/test-dir/MiniOzoneClusterImpl-f75a2855-399a-402c-9e8b-90c3c75b347d/datanode-1/data/ratis/16ab6ba8-6bca-446c-893c-e82449261593/current/log_inprogress_0
2022-04-26 01:53:51,476 [382fe11f-ccc0-42c1-99a9-aa0fa042180d@group-31096AEF3EEC-LeaderElection38] INFO  impl.LeaderElection (LeaderElection.java:askForVotes(306)) - 382fe11f-ccc0-42c1-99a9-aa0fa042180d@group-31096AEF3EEC-LeaderElection38 ELECTION round 0: submit vote requests at term 1 for -1: [382fe11f-ccc0-42c1-99a9-aa0fa042180d|rpc:10.1.0.42:39043|priority:1], old=null
2022-04-26 01:53:51,476 [382fe11f-ccc0-42c1-99a9-aa0fa042180d@group-31096AEF3EEC-LeaderElection38] INFO  impl.LeaderElection (LeaderElection.java:askForVotes(308)) - 382fe11f-ccc0-42c1-99a9-aa0fa042180d@group-31096AEF3EEC-LeaderElection38 ELECTION round 0: result PASSED (term=1)
2022-04-26 01:53:51,476 [382fe11f-ccc0-42c1-99a9-aa0fa042180d@group-31096AEF3EEC-LeaderElection38] INFO  impl.RoleInfo (RoleInfo.java:shutdownLeaderElection(121)) - 382fe11f-ccc0-42c1-99a9-aa0fa042180d: shutdown 382fe11f-ccc0-42c1-99a9-aa0fa042180d@group-31096AEF3EEC-LeaderElection38
2022-04-26 01:53:51,476 [382fe11f-ccc0-42c1-99a9-aa0fa042180d@group-31096AEF3EEC-LeaderElection38] INFO  server.RaftServer$Division (RaftServerImpl.java:setRole(290)) - 382fe11f-ccc0-42c1-99a9-aa0fa042180d@group-31096AEF3EEC: changes role from CANDIDATE to LEADER at term 1 for changeToLeader
2022-04-26 01:53:51,476 [382fe11f-ccc0-42c1-99a9-aa0fa042180d@group-31096AEF3EEC-LeaderElection38] INFO  ratis.XceiverServerRatis (XceiverServerRatis.java:handleLeaderChangedNotification(863)) - Leader change notification received for group: group-31096AEF3EEC with new leaderId: 382fe11f-ccc0-42c1-99a9-aa0fa042180d
2022-04-26 01:53:51,477 [grpc-default-executor-2] INFO  ratis.XceiverServerRatis (XceiverServerRatis.java:handleLeaderChangedNotification(863)) - Leader change notification received for group: group-E82449261593 with new leaderId: 5f9c2808-8092-4bb8-be0b-9d445a417462
2022-04-26 01:53:51,477 [grpc-default-executor-2] INFO  server.RaftServer$Division (ServerState.java:setLeader(285)) - c1d01455-3ad3-443a-8310-748688ca0e72@group-E82449261593: change Leader from null to 5f9c2808-8092-4bb8-be0b-9d445a417462 at term 1 for appendEntries, leader elected after 5245ms
2022-04-26 01:53:51,483 [382fe11f-ccc0-42c1-99a9-aa0fa042180d@group-31096AEF3EEC-LeaderElection38] INFO  server.RaftServer$Division (ServerState.java:setLeader(285)) - 382fe11f-ccc0-42c1-99a9-aa0fa042180d@group-31096AEF3EEC: change Leader from null to 382fe11f-ccc0-42c1-99a9-aa0fa042180d at term 1 for becomeLeader, leader elected after 5245ms
2022-04-26 01:53:51,483 [382fe11f-ccc0-42c1-99a9-aa0fa042180d@group-31096AEF3EEC-LeaderElection38] INFO  server.RaftServerConfigKeys (ConfUtils.java:logGet(44)) - raft.server.staging.catchup.gap = 1000 (default)
2022-04-26 01:53:51,483 [382fe11f-ccc0-42c1-99a9-aa0fa042180d@group-31096AEF3EEC-LeaderElection38] INFO  server.RaftServerConfigKeys (ConfUtils.java:logGet(44)) - raft.server.write.element-limit = 1024 (custom)
2022-04-26 01:53:51,484 [382fe11f-ccc0-42c1-99a9-aa0fa042180d@group-31096AEF3EEC-LeaderElection38] INFO  server.RaftServerConfigKeys (ConfUtils.java:logGet(44)) - raft.server.write.byte-limit = 1024 M (=1073741824) (custom)
2022-04-26 01:53:51,484 [382fe11f-ccc0-42c1-99a9-aa0fa042180d@group-31096AEF3EEC-LeaderElection38] INFO  server.RaftServerConfigKeys (ConfUtils.java:logGet(44)) - raft.server.watch.timeout = 180s (custom)
2022-04-26 01:53:51,484 [382fe11f-ccc0-42c1-99a9-aa0fa042180d@group-31096AEF3EEC-LeaderElection38] INFO  server.RaftServerConfigKeys (ConfUtils.java:logGet(44)) - raft.server.watch.timeout.denomination = 1s (default)
2022-04-26 01:53:51,484 [382fe11f-ccc0-42c1-99a9-aa0fa042180d@group-31096AEF3EEC-LeaderElection38] INFO  server.RaftServerConfigKeys (ConfUtils.java:logGet(44)) - raft.server.watch.element-limit = 65536 (default)
2022-04-26 01:53:51,484 [382fe11f-ccc0-42c1-99a9-aa0fa042180d@group-31096AEF3EEC-LeaderElection38] INFO  server.RaftServerConfigKeys (ConfUtils.java:logGet(44)) - raft.server.write.element-limit = 1024 (custom)
2022-04-26 01:53:51,484 [382fe11f-ccc0-42c1-99a9-aa0fa042180d@group-31096AEF3EEC-LeaderElection38] INFO  server.RaftServerConfigKeys (ConfUtils.java:logGet(44)) - raft.server.write.follower.gap.ratio.max = -1.0 (default)
2022-04-26 01:53:51,484 [382fe11f-ccc0-42c1-99a9-aa0fa042180d@group-31096AEF3EEC-LeaderElection38] INFO  impl.RoleInfo (RoleInfo.java:updateAndGet(130)) - 382fe11f-ccc0-42c1-99a9-aa0fa042180d: start 382fe11f-ccc0-42c1-99a9-aa0fa042180d@group-31096AEF3EEC-LeaderStateImpl
2022-04-26 01:53:51,484 [382fe11f-ccc0-42c1-99a9-aa0fa042180d@group-31096AEF3EEC-LeaderElection38] INFO  segmented.SegmentedRaftLogWorker (SegmentedRaftLogWorker.java:startLogSegment(394)) - 382fe11f-ccc0-42c1-99a9-aa0fa042180d@group-31096AEF3EEC-SegmentedRaftLogWorker: Starting segment from index:0
2022-04-26 01:53:51,486 [382fe11f-ccc0-42c1-99a9-aa0fa042180d@group-31096AEF3EEC-SegmentedRaftLogWorker] INFO  segmented.SegmentedRaftLogWorker (SegmentedRaftLogWorker.java:execute(601)) - 382fe11f-ccc0-42c1-99a9-aa0fa042180d@group-31096AEF3EEC-SegmentedRaftLogWorker: created new log segment /home/runner/work/ozone/ozone/hadoop-ozone/integration-test/target/test-dir/MiniOzoneClusterImpl-f75a2855-399a-402c-9e8b-90c3c75b347d/datanode-1/data/ratis/0caab55e-ceb7-4954-875d-31096aef3eec/current/log_inprogress_0
2022-04-26 01:53:51,494 [grpc-default-executor-2] INFO  server.RaftServer$Division (ServerState.java:setRaftConf(387)) - c1d01455-3ad3-443a-8310-748688ca0e72@group-E82449261593: set configuration 0: [c1d01455-3ad3-443a-8310-748688ca0e72|rpc:10.1.0.42:42877|dataStream:|priority:0, 382fe11f-ccc0-42c1-99a9-aa0fa042180d|rpc:10.1.0.42:39043|dataStream:|priority:0, 5f9c2808-8092-4bb8-be0b-9d445a417462|rpc:10.1.0.42:40901|dataStream:|priority:1], old=null
2022-04-26 01:53:51,494 [grpc-default-executor-2] INFO  segmented.SegmentedRaftLogWorker (SegmentedRaftLogWorker.java:startLogSegment(394)) - c1d01455-3ad3-443a-8310-748688ca0e72@group-E82449261593-SegmentedRaftLogWorker: Starting segment from index:0
2022-04-26 01:53:51,496 [382fe11f-ccc0-42c1-99a9-aa0fa042180d@group-31096AEF3EEC-LeaderElection38] INFO  server.RaftServer$Division (ServerState.java:setRaftConf(387)) - 382fe11f-ccc0-42c1-99a9-aa0fa042180d@group-31096AEF3EEC: set configuration 0: [382fe11f-ccc0-42c1-99a9-aa0fa042180d|rpc:10.1.0.42:39043|dataStream:|priority:1], old=null
2022-04-26 01:53:51,497 [c1d01455-3ad3-443a-8310-748688ca0e72@group-E82449261593-SegmentedRaftLogWorker] INFO  segmented.SegmentedRaftLogWorker (SegmentedRaftLogWorker.java:execute(601)) - c1d01455-3ad3-443a-8310-748688ca0e72@group-E82449261593-SegmentedRaftLogWorker: created new log segment /home/runner/work/ozone/ozone/hadoop-ozone/integration-test/target/test-dir/MiniOzoneClusterImpl-f75a2855-399a-402c-9e8b-90c3c75b347d/datanode-2/data/ratis/16ab6ba8-6bca-446c-893c-e82449261593/current/log_inprogress_0
2022-04-26 01:53:51,941 [c1d01455-3ad3-443a-8310-748688ca0e72@group-E93712F0BDE7-FollowerState] INFO  impl.FollowerState (FollowerState.java:run(134)) - c1d01455-3ad3-443a-8310-748688ca0e72@group-E93712F0BDE7-FollowerState: change to CANDIDATE, lastRpcElapsedTime:5190644386ns, electionTimeout:5167ms
2022-04-26 01:53:51,941 [c1d01455-3ad3-443a-8310-748688ca0e72@group-E93712F0BDE7-FollowerState] INFO  impl.RoleInfo (RoleInfo.java:shutdownFollowerState(108)) - c1d01455-3ad3-443a-8310-748688ca0e72: shutdown c1d01455-3ad3-443a-8310-748688ca0e72@group-E93712F0BDE7-FollowerState
2022-04-26 01:53:51,942 [c1d01455-3ad3-443a-8310-748688ca0e72@group-E93712F0BDE7-FollowerState] INFO  server.RaftServer$Division (RaftServerImpl.java:setRole(290)) - c1d01455-3ad3-443a-8310-748688ca0e72@group-E93712F0BDE7: changes role from  FOLLOWER to CANDIDATE at term 0 for changeToCandidate
2022-04-26 01:53:51,942 [c1d01455-3ad3-443a-8310-748688ca0e72@group-E93712F0BDE7-FollowerState] INFO  server.RaftServerConfigKeys (ConfUtils.java:logGet(44)) - raft.server.leaderelection.pre-vote = false (custom)
2022-04-26 01:53:51,942 [c1d01455-3ad3-443a-8310-748688ca0e72@group-E93712F0BDE7-FollowerState] INFO  impl.RoleInfo (RoleInfo.java:updateAndGet(130)) - c1d01455-3ad3-443a-8310-748688ca0e72: start c1d01455-3ad3-443a-8310-748688ca0e72@group-E93712F0BDE7-LeaderElection39
2022-04-26 01:53:51,951 [Listener at 127.0.0.1/40803] INFO  ozone.MiniOzoneClusterImpl (MiniOzoneClusterImpl.java:lambda$waitForClusterToBeReady$0(221)) - Nodes are ready. Got 5 of 5 DN Heartbeats.
2022-04-26 01:53:51,951 [Listener at 127.0.0.1/40803] INFO  ozone.MiniOzoneClusterImpl (MiniOzoneClusterImpl.java:lambda$waitForClusterToBeReady$0(224)) - Cluster exits safe mode
2022-04-26 01:53:51,951 [Listener at 127.0.0.1/40803] INFO  ozone.MiniOzoneClusterImpl (MiniOzoneClusterImpl.java:lambda$waitForClusterToBeReady$0(226)) - SCM became leader
2022-04-26 01:53:51,987 [c1d01455-3ad3-443a-8310-748688ca0e72@group-E93712F0BDE7-LeaderElection39] INFO  impl.LeaderElection (LeaderElection.java:askForVotes(306)) - c1d01455-3ad3-443a-8310-748688ca0e72@group-E93712F0BDE7-LeaderElection39 ELECTION round 0: submit vote requests at term 1 for -1: [c1d01455-3ad3-443a-8310-748688ca0e72|rpc:10.1.0.42:42877|priority:1], old=null
2022-04-26 01:53:51,987 [c1d01455-3ad3-443a-8310-748688ca0e72@group-E93712F0BDE7-LeaderElection39] INFO  impl.LeaderElection (LeaderElection.java:askForVotes(308)) - c1d01455-3ad3-443a-8310-748688ca0e72@group-E93712F0BDE7-LeaderElection39 ELECTION round 0: result PASSED (term=1)
2022-04-26 01:53:51,987 [c1d01455-3ad3-443a-8310-748688ca0e72@group-E93712F0BDE7-LeaderElection39] INFO  impl.RoleInfo (RoleInfo.java:shutdownLeaderElection(121)) - c1d01455-3ad3-443a-8310-748688ca0e72: shutdown c1d01455-3ad3-443a-8310-748688ca0e72@group-E93712F0BDE7-LeaderElection39
2022-04-26 01:53:51,987 [c1d01455-3ad3-443a-8310-748688ca0e72@group-E93712F0BDE7-LeaderElection39] INFO  server.RaftServer$Division (RaftServerImpl.java:setRole(290)) - c1d01455-3ad3-443a-8310-748688ca0e72@group-E93712F0BDE7: changes role from CANDIDATE to LEADER at term 1 for changeToLeader
2022-04-26 01:53:51,987 [c1d01455-3ad3-443a-8310-748688ca0e72@group-E93712F0BDE7-LeaderElection39] INFO  ratis.XceiverServerRatis (XceiverServerRatis.java:handleLeaderChangedNotification(863)) - Leader change notification received for group: group-E93712F0BDE7 with new leaderId: c1d01455-3ad3-443a-8310-748688ca0e72
2022-04-26 01:53:51,988 [c1d01455-3ad3-443a-8310-748688ca0e72@group-E93712F0BDE7-LeaderElection39] INFO  server.RaftServer$Division (ServerState.java:setLeader(285)) - c1d01455-3ad3-443a-8310-748688ca0e72@group-E93712F0BDE7: change Leader from null to c1d01455-3ad3-443a-8310-748688ca0e72 at term 1 for becomeLeader, leader elected after 5244ms
2022-04-26 01:53:51,988 [c1d01455-3ad3-443a-8310-748688ca0e72@group-E93712F0BDE7-LeaderElection39] INFO  server.RaftServerConfigKeys (ConfUtils.java:logGet(44)) - raft.server.staging.catchup.gap = 1000 (default)
2022-04-26 01:53:51,988 [c1d01455-3ad3-443a-8310-748688ca0e72@group-E93712F0BDE7-LeaderElection39] INFO  server.RaftServerConfigKeys (ConfUtils.java:logGet(44)) - raft.server.write.element-limit = 1024 (custom)
2022-04-26 01:53:51,988 [c1d01455-3ad3-443a-8310-748688ca0e72@group-E93712F0BDE7-LeaderElection39] INFO  server.RaftServerConfigKeys (ConfUtils.java:logGet(44)) - raft.server.write.byte-limit = 1024 M (=1073741824) (custom)
2022-04-26 01:53:51,989 [c1d01455-3ad3-443a-8310-748688ca0e72@group-E93712F0BDE7-LeaderElection39] INFO  server.RaftServerConfigKeys (ConfUtils.java:logGet(44)) - raft.server.watch.timeout = 180s (custom)
2022-04-26 01:53:51,989 [c1d01455-3ad3-443a-8310-748688ca0e72@group-E93712F0BDE7-LeaderElection39] INFO  server.RaftServerConfigKeys (ConfUtils.java:logGet(44)) - raft.server.watch.timeout.denomination = 1s (default)
2022-04-26 01:53:51,989 [c1d01455-3ad3-443a-8310-748688ca0e72@group-E93712F0BDE7-LeaderElection39] INFO  server.RaftServerConfigKeys (ConfUtils.java:logGet(44)) - raft.server.watch.element-limit = 65536 (default)
2022-04-26 01:53:51,989 [c1d01455-3ad3-443a-8310-748688ca0e72@group-E93712F0BDE7-LeaderElection39] INFO  server.RaftServerConfigKeys (ConfUtils.java:logGet(44)) - raft.server.write.element-limit = 1024 (custom)
2022-04-26 01:53:51,989 [c1d01455-3ad3-443a-8310-748688ca0e72@group-E93712F0BDE7-LeaderElection39] INFO  server.RaftServerConfigKeys (ConfUtils.java:logGet(44)) - raft.server.write.follower.gap.ratio.max = -1.0 (default)
2022-04-26 01:53:51,989 [c1d01455-3ad3-443a-8310-748688ca0e72@group-E93712F0BDE7-LeaderElection39] INFO  impl.RoleInfo (RoleInfo.java:updateAndGet(130)) - c1d01455-3ad3-443a-8310-748688ca0e72: start c1d01455-3ad3-443a-8310-748688ca0e72@group-E93712F0BDE7-LeaderStateImpl
2022-04-26 01:53:51,989 [c1d01455-3ad3-443a-8310-748688ca0e72@group-E93712F0BDE7-LeaderElection39] INFO  segmented.SegmentedRaftLogWorker (SegmentedRaftLogWorker.java:startLogSegment(394)) - c1d01455-3ad3-443a-8310-748688ca0e72@group-E93712F0BDE7-SegmentedRaftLogWorker: Starting segment from index:0
2022-04-26 01:53:51,990 [c1d01455-3ad3-443a-8310-748688ca0e72@group-E93712F0BDE7-SegmentedRaftLogWorker] INFO  segmented.SegmentedRaftLogWorker (SegmentedRaftLogWorker.java:execute(601)) - c1d01455-3ad3-443a-8310-748688ca0e72@group-E93712F0BDE7-SegmentedRaftLogWorker: created new log segment /home/runner/work/ozone/ozone/hadoop-ozone/integration-test/target/test-dir/MiniOzoneClusterImpl-f75a2855-399a-402c-9e8b-90c3c75b347d/datanode-2/data/ratis/96e14efa-a3b4-4685-9a55-e93712f0bde7/current/log_inprogress_0
2022-04-26 01:53:52,014 [c1d01455-3ad3-443a-8310-748688ca0e72@group-E93712F0BDE7-LeaderElection39] INFO  server.RaftServer$Division (ServerState.java:setRaftConf(387)) - c1d01455-3ad3-443a-8310-748688ca0e72@group-E93712F0BDE7: set configuration 0: [c1d01455-3ad3-443a-8310-748688ca0e72|rpc:10.1.0.42:42877|dataStream:|priority:1], old=null
2022-04-26 01:53:52,114 [Listener at 127.0.0.1/40803] INFO  rpc.RpcClient (RpcClient.java:createVolume(448)) - Creating Volume: volume85710, with user50256 as owner and space quota set to -1 bytes, counts quota set to -1
2022-04-26 01:53:52,117 [OM StateMachine ApplyTransaction Thread - 0] INFO  volume.OMVolumeCreateRequest (OMVolumeCreateRequest.java:validateAndUpdateCache(195)) - created volume:volume85710 for user:user50256
2022-04-26 01:53:52,146 [Listener at 127.0.0.1/40803] INFO  rpc.RpcClient (RpcClient.java:createBucket(637)) - Creating Bucket: volume85710/bucket48480, with runner as owner and Versioning false and Storage Type set to DISK and Encryption set to false 
2022-04-26 01:53:52,174 [OM StateMachine ApplyTransaction Thread - 0] INFO  bucket.OMBucketCreateRequest (OMBucketCreateRequest.java:validateAndUpdateCache(258)) - created bucket: bucket48480 of layout LEGACY in volume: volume85710
]]></system-out>
  </testcase>
  <testcase name="testGetTrashRoot" classname="TestOzoneFileSystem" time="48.589">
    <system-out><![CDATA[2022-04-26 01:54:14,101 [Listener at 127.0.0.1/40803] INFO  ozone.MiniOzoneClusterImpl (MiniOzoneClusterImpl.java:shutdown(456)) - Shutting down the Mini Ozone Cluster
2022-04-26 01:54:14,101 [Listener at 127.0.0.1/40803] INFO  ozone.MiniOzoneClusterImpl (MiniOzoneClusterImpl.java:stop(471)) - Stopping the Mini Ozone Cluster
2022-04-26 01:54:14,101 [Listener at 127.0.0.1/40803] INFO  ozone.MiniOzoneClusterImpl (MiniOzoneClusterImpl.java:stopOM(553)) - Stopping the OzoneManager
2022-04-26 01:54:14,101 [Listener at 127.0.0.1/40803] INFO  om.OzoneManager (OzoneManager.java:stop(1898)) - om1[localhost:0]: Stopping Ozone Manager
2022-04-26 01:54:14,101 [Listener at 127.0.0.1/40803] INFO  ipc.Server (Server.java:stop(3414)) - Stopping server on 40803
2022-04-26 01:54:14,121 [IPC Server Responder] INFO  ipc.Server (Server.java:run(1512)) - Stopping IPC Server Responder
2022-04-26 01:54:14,121 [IPC Server listener on 0] INFO  ipc.Server (Server.java:run(1376)) - Stopping IPC Server listener on 0
2022-04-26 01:54:14,121 [Listener at 127.0.0.1/40803] INFO  server.RaftServer (RaftServerProxy.java:lambda$close$6(391)) - om1: close
2022-04-26 01:54:14,121 [Listener at 127.0.0.1/40803] INFO  server.RaftServer$Division (RaftServerImpl.java:lambda$close$4(412)) - om1@group-C5BA1605619E: shutdown
2022-04-26 01:54:14,122 [Listener at 127.0.0.1/40803] INFO  util.JmxRegister (JmxRegister.java:unregister(73)) - Successfully un-registered JMX Bean with object name Ratis:service=RaftServer,group=group-C5BA1605619E,id=om1
2022-04-26 01:54:14,122 [Listener at 127.0.0.1/40803] INFO  impl.RoleInfo (RoleInfo.java:shutdownLeaderState(91)) - om1: shutdown om1@group-C5BA1605619E-LeaderStateImpl
2022-04-26 01:54:14,122 [Listener at 127.0.0.1/40803] INFO  impl.PendingRequests (PendingRequests.java:sendNotLeaderResponses(282)) - om1@group-C5BA1605619E-PendingRequests: sendNotLeaderResponses
2022-04-26 01:54:14,153 [Listener at 127.0.0.1/40803] INFO  impl.StateMachineUpdater (StateMachineUpdater.java:stopAndJoin(149)) - om1@group-C5BA1605619E-StateMachineUpdater: set stopIndex = 10304
2022-04-26 01:54:14,156 [om1@group-C5BA1605619E-StateMachineUpdater] INFO  ratis.OzoneManagerStateMachine (OzoneManagerStateMachine.java:takeSnapshot(426)) - Current Snapshot Index (t:1, i:10304)
2022-04-26 01:54:14,157 [om1@group-C5BA1605619E-StateMachineUpdater] INFO  impl.StateMachineUpdater (StateMachineUpdater.java:takeSnapshot(281)) - om1@group-C5BA1605619E-StateMachineUpdater: Took a snapshot at index 10304
2022-04-26 01:54:14,157 [om1@group-C5BA1605619E-StateMachineUpdater] INFO  impl.StateMachineUpdater (StateMachineUpdater.java:lambda$new$0(89)) - om1@group-C5BA1605619E-StateMachineUpdater: snapshotIndex: updateIncreasingly -1 -> 10304
2022-04-26 01:54:14,157 [om1@group-C5BA1605619E-StateMachineUpdater] INFO  ratis.OzoneManagerStateMachine (OzoneManagerStateMachine.java:close(480)) - StateMachine has shutdown. Shutdown OzoneManager if not already shutdown.
2022-04-26 01:54:14,157 [om1@group-C5BA1605619E-StateMachineUpdater] INFO  ratis.OzoneManagerDoubleBuffer (OzoneManagerDoubleBuffer.java:stop(466)) - Stopping OMDoubleBuffer flush thread
2022-04-26 01:54:14,174 [OMDoubleBufferFlushThread] INFO  ratis.OzoneManagerDoubleBuffer (OzoneManagerDoubleBuffer.java:flushTransactions(385)) - OMDoubleBuffer flush thread OMDoubleBufferFlushThread is interrupted and will exit. OMDoubleBufferFlushThread
2022-04-26 01:54:14,181 [Listener at 127.0.0.1/40803] INFO  server.RaftServer$Division (ServerState.java:close(419)) - om1@group-C5BA1605619E: closes. applyIndex: 10304
2022-04-26 01:54:14,183 [om1@group-C5BA1605619E-SegmentedRaftLogWorker] INFO  segmented.SegmentedRaftLogWorker (SegmentedRaftLogWorker.java:run(327)) - om1@group-C5BA1605619E-SegmentedRaftLogWorker was interrupted, exiting. There are 0 tasks remaining in the queue.
2022-04-26 01:54:14,203 [Listener at 127.0.0.1/40803] INFO  segmented.SegmentedRaftLogWorker (SegmentedRaftLogWorker.java:close(237)) - om1@group-C5BA1605619E-SegmentedRaftLogWorker close()
2022-04-26 01:54:14,205 [Listener at 127.0.0.1/40803] INFO  server.GrpcService (GrpcService.java:closeImpl(262)) - om1: shutdown server with port 9872 now
2022-04-26 01:54:14,206 [Listener at 127.0.0.1/40803] INFO  server.GrpcService (GrpcService.java:closeImpl(271)) - om1: shutdown server with port 9872 successfully
2022-04-26 01:54:14,206 [org.apache.ratis.util.JvmPauseMonitor$$Lambda$580/456889832@2a4b9aa0] INFO  util.JvmPauseMonitor (JvmPauseMonitor.java:run(109)) - JvmPauseMonitor-om1: Stopped
2022-04-26 01:54:14,206 [Listener at 127.0.0.1/40803] INFO  ratis.OzoneManagerStateMachine (OzoneManagerStateMachine.java:close(480)) - StateMachine has shutdown. Shutdown OzoneManager if not already shutdown.
2022-04-26 01:54:14,206 [Listener at 127.0.0.1/40803] INFO  ratis.OzoneManagerDoubleBuffer (OzoneManagerDoubleBuffer.java:stop(478)) - OMDoubleBuffer flush thread is not running.
2022-04-26 01:54:14,206 [Listener at 127.0.0.1/40803] INFO  utils.BackgroundService (BackgroundService.java:shutdown(132)) - Shutting down service KeyDeletingService
2022-04-26 01:54:14,206 [Listener at 127.0.0.1/40803] INFO  utils.BackgroundService (BackgroundService.java:shutdown(132)) - Shutting down service DirectoryDeletingService
2022-04-26 01:54:14,207 [Listener at 127.0.0.1/40803] INFO  handler.ContextHandler (ContextHandler.java:doStop(1153)) - Stopped o.e.j.w.WebAppContext@3e8712b0{ozoneManager,/,null,STOPPED}{file:/home/runner/work/ozone/ozone/hadoop-ozone/integration-test/target/test-classes/webapps/ozoneManager}
2022-04-26 01:54:14,208 [Listener at 127.0.0.1/40803] INFO  server.AbstractConnector (AbstractConnector.java:doStop(381)) - Stopped ServerConnector@60d7f351{HTTP/1.1, (http/1.1)}{0.0.0.0:0}
2022-04-26 01:54:14,208 [Listener at 127.0.0.1/40803] INFO  server.session (HouseKeeper.java:stopScavenging(149)) - node0 Stopped scavenging
2022-04-26 01:54:14,208 [Listener at 127.0.0.1/40803] INFO  handler.ContextHandler (ContextHandler.java:doStop(1153)) - Stopped o.e.j.s.ServletContextHandler@546b4d6c{static,/static,file:///home/runner/work/ozone/ozone/hadoop-ozone/integration-test/target/test-classes/webapps/static,STOPPED}
2022-04-26 01:54:14,208 [Listener at 127.0.0.1/40803] INFO  handler.ContextHandler (ContextHandler.java:doStop(1153)) - Stopped o.e.j.s.ServletContextHandler@27db378a{logs,/logs,file:///home/runner/work/ozone/ozone/hadoop-ozone/integration-test/target/log,STOPPED}
2022-04-26 01:54:14,221 [Listener at 127.0.0.1/40803] INFO  ozone.MiniOzoneClusterImpl (MiniOzoneClusterImpl.java:stopDatanodes(530)) - Stopping the HddsDatanodes
2022-04-26 01:54:14,240 [Trash Emptier] ERROR om.TrashPolicyOzone (TrashPolicyOzone.java:run(251)) - Error attempting to shutdown
java.lang.InterruptedException
	at java.util.concurrent.locks.AbstractQueuedSynchronizer$ConditionObject.awaitNanos(AbstractQueuedSynchronizer.java:2067)
	at java.util.concurrent.ThreadPoolExecutor.awaitTermination(ThreadPoolExecutor.java:1475)
	at org.apache.hadoop.ozone.om.TrashPolicyOzone$Emptier.run(TrashPolicyOzone.java:249)
	at java.lang.Thread.run(Thread.java:750)
2022-04-26 01:54:14,240 [Trash Emptier] ERROR util.ExitUtils (ExitUtils.java:terminate(133)) - Terminating with exit status -1: Thread[Trash Emptier,5,main] has thrown an uncaught exception
java.lang.UnsupportedOperationException: fs.getUri() not implemented in TrashOzoneFileSystem
	at org.apache.hadoop.ozone.om.TrashOzoneFileSystem.getUri(TrashOzoneFileSystem.java:124)
	at org.apache.hadoop.fs.FileSystem.close(FileSystem.java:2592)
	at org.apache.hadoop.ozone.om.TrashPolicyOzone$Emptier.run(TrashPolicyOzone.java:243)
	at java.lang.Thread.run(Thread.java:750)
2022-04-26 01:54:19,241 [Listener at 127.0.0.1/40803] INFO  ozoneimpl.OzoneContainer (OzoneContainer.java:stop(356)) - Attempting to stop container services.
2022-04-26 01:54:19,242 [ForkJoinPool.commonPool-worker-1] INFO  ozoneimpl.OzoneContainer (OzoneContainer.java:stop(356)) - Attempting to stop container services.
2022-04-26 01:54:19,242 [Listener at 127.0.0.1/40803] INFO  server.RaftServer (RaftServerProxy.java:lambda$close$6(391)) - c1d01455-3ad3-443a-8310-748688ca0e72: close
2022-04-26 01:54:19,242 [Listener at 127.0.0.1/40803] INFO  server.RaftServer$Division (RaftServerImpl.java:lambda$close$4(412)) - c1d01455-3ad3-443a-8310-748688ca0e72@group-E82449261593: shutdown
2022-04-26 01:54:19,242 [Listener at 127.0.0.1/40803] INFO  util.JmxRegister (JmxRegister.java:unregister(73)) - Successfully un-registered JMX Bean with object name Ratis:service=RaftServer,group=group-E82449261593,id=c1d01455-3ad3-443a-8310-748688ca0e72
2022-04-26 01:54:19,242 [Listener at 127.0.0.1/40803] INFO  impl.RoleInfo (RoleInfo.java:shutdownFollowerState(108)) - c1d01455-3ad3-443a-8310-748688ca0e72: shutdown c1d01455-3ad3-443a-8310-748688ca0e72@group-E82449261593-FollowerState
2022-04-26 01:54:19,243 [Listener at 127.0.0.1/40803] INFO  impl.StateMachineUpdater (StateMachineUpdater.java:stopAndJoin(149)) - c1d01455-3ad3-443a-8310-748688ca0e72@group-E82449261593-StateMachineUpdater: set stopIndex = 28
2022-04-26 01:54:19,243 [c1d01455-3ad3-443a-8310-748688ca0e72@group-E82449261593-FollowerState] INFO  impl.FollowerState (FollowerState.java:run(143)) - c1d01455-3ad3-443a-8310-748688ca0e72@group-E82449261593-FollowerState was interrupted: {}
java.lang.InterruptedException: sleep interrupted
	at java.lang.Thread.sleep(Native Method)
	at java.lang.Thread.sleep(Thread.java:342)
	at java.util.concurrent.TimeUnit.sleep(TimeUnit.java:386)
	at org.apache.ratis.util.TimeDuration.sleep(TimeDuration.java:324)
	at org.apache.ratis.util.TimeDuration.sleep(TimeDuration.java:309)
	at org.apache.ratis.server.impl.FollowerState.run(FollowerState.java:118)
2022-04-26 01:54:19,243 [c1d01455-3ad3-443a-8310-748688ca0e72@group-E82449261593-StateMachineUpdater] INFO  ratis.ContainerStateMachine (ContainerStateMachine.java:takeSnapshot(304)) - group-E82449261593: Taking a snapshot at:(t:1, i:28) file /home/runner/work/ozone/ozone/hadoop-ozone/integration-test/target/test-dir/MiniOzoneClusterImpl-f75a2855-399a-402c-9e8b-90c3c75b347d/datanode-2/data/ratis/16ab6ba8-6bca-446c-893c-e82449261593/sm/snapshot.1_28
2022-04-26 01:54:19,245 [ForkJoinPool.commonPool-worker-1] INFO  server.RaftServer (RaftServerProxy.java:lambda$close$6(391)) - 382fe11f-ccc0-42c1-99a9-aa0fa042180d: close
2022-04-26 01:54:19,245 [ForkJoinPool.commonPool-worker-1] INFO  server.RaftServer$Division (RaftServerImpl.java:lambda$close$4(412)) - 382fe11f-ccc0-42c1-99a9-aa0fa042180d@group-31096AEF3EEC: shutdown
2022-04-26 01:54:19,245 [ForkJoinPool.commonPool-worker-1] INFO  util.JmxRegister (JmxRegister.java:unregister(73)) - Successfully un-registered JMX Bean with object name Ratis:service=RaftServer,group=group-31096AEF3EEC,id=382fe11f-ccc0-42c1-99a9-aa0fa042180d
2022-04-26 01:54:19,245 [ForkJoinPool.commonPool-worker-1] INFO  impl.RoleInfo (RoleInfo.java:shutdownLeaderState(91)) - 382fe11f-ccc0-42c1-99a9-aa0fa042180d: shutdown 382fe11f-ccc0-42c1-99a9-aa0fa042180d@group-31096AEF3EEC-LeaderStateImpl
2022-04-26 01:54:19,245 [ForkJoinPool.commonPool-worker-1] INFO  impl.PendingRequests (PendingRequests.java:sendNotLeaderResponses(282)) - 382fe11f-ccc0-42c1-99a9-aa0fa042180d@group-31096AEF3EEC-PendingRequests: sendNotLeaderResponses
2022-04-26 01:54:19,246 [ForkJoinPool.commonPool-worker-1] INFO  impl.StateMachineUpdater (StateMachineUpdater.java:stopAndJoin(149)) - 382fe11f-ccc0-42c1-99a9-aa0fa042180d@group-31096AEF3EEC-StateMachineUpdater: set stopIndex = 0
2022-04-26 01:54:19,246 [382fe11f-ccc0-42c1-99a9-aa0fa042180d@group-31096AEF3EEC-StateMachineUpdater] INFO  ratis.ContainerStateMachine (ContainerStateMachine.java:takeSnapshot(304)) - group-31096AEF3EEC: Taking a snapshot at:(t:1, i:0) file /home/runner/work/ozone/ozone/hadoop-ozone/integration-test/target/test-dir/MiniOzoneClusterImpl-f75a2855-399a-402c-9e8b-90c3c75b347d/datanode-1/data/ratis/0caab55e-ceb7-4954-875d-31096aef3eec/sm/snapshot.1_0
2022-04-26 01:54:19,247 [c1d01455-3ad3-443a-8310-748688ca0e72@group-E82449261593-StateMachineUpdater] INFO  ratis.ContainerStateMachine (ContainerStateMachine.java:takeSnapshot(315)) - group-E82449261593: Finished taking a snapshot at:(t:1, i:28) file:/home/runner/work/ozone/ozone/hadoop-ozone/integration-test/target/test-dir/MiniOzoneClusterImpl-f75a2855-399a-402c-9e8b-90c3c75b347d/datanode-2/data/ratis/16ab6ba8-6bca-446c-893c-e82449261593/sm/snapshot.1_28 took: 4 ms
2022-04-26 01:54:19,247 [382fe11f-ccc0-42c1-99a9-aa0fa042180d@group-31096AEF3EEC-StateMachineUpdater] INFO  ratis.ContainerStateMachine (ContainerStateMachine.java:takeSnapshot(315)) - group-31096AEF3EEC: Finished taking a snapshot at:(t:1, i:0) file:/home/runner/work/ozone/ozone/hadoop-ozone/integration-test/target/test-dir/MiniOzoneClusterImpl-f75a2855-399a-402c-9e8b-90c3c75b347d/datanode-1/data/ratis/0caab55e-ceb7-4954-875d-31096aef3eec/sm/snapshot.1_0 took: 1 ms
2022-04-26 01:54:19,247 [c1d01455-3ad3-443a-8310-748688ca0e72@group-E82449261593-StateMachineUpdater] INFO  impl.StateMachineUpdater (StateMachineUpdater.java:takeSnapshot(281)) - c1d01455-3ad3-443a-8310-748688ca0e72@group-E82449261593-StateMachineUpdater: Took a snapshot at index 28
2022-04-26 01:54:19,247 [c1d01455-3ad3-443a-8310-748688ca0e72@group-E82449261593-StateMachineUpdater] INFO  impl.StateMachineUpdater (StateMachineUpdater.java:lambda$new$0(89)) - c1d01455-3ad3-443a-8310-748688ca0e72@group-E82449261593-StateMachineUpdater: snapshotIndex: updateIncreasingly -1 -> 28
2022-04-26 01:54:19,247 [382fe11f-ccc0-42c1-99a9-aa0fa042180d@group-31096AEF3EEC-StateMachineUpdater] INFO  impl.StateMachineUpdater (StateMachineUpdater.java:takeSnapshot(281)) - 382fe11f-ccc0-42c1-99a9-aa0fa042180d@group-31096AEF3EEC-StateMachineUpdater: Took a snapshot at index 0
2022-04-26 01:54:19,247 [382fe11f-ccc0-42c1-99a9-aa0fa042180d@group-31096AEF3EEC-StateMachineUpdater] INFO  impl.StateMachineUpdater (StateMachineUpdater.java:lambda$new$0(89)) - 382fe11f-ccc0-42c1-99a9-aa0fa042180d@group-31096AEF3EEC-StateMachineUpdater: snapshotIndex: updateIncreasingly -1 -> 0
2022-04-26 01:54:19,247 [ForkJoinPool.commonPool-worker-1] INFO  server.RaftServer$Division (ServerState.java:close(419)) - 382fe11f-ccc0-42c1-99a9-aa0fa042180d@group-31096AEF3EEC: closes. applyIndex: 0
2022-04-26 01:54:19,252 [382fe11f-ccc0-42c1-99a9-aa0fa042180d@group-31096AEF3EEC-SegmentedRaftLogWorker] INFO  segmented.SegmentedRaftLogWorker (SegmentedRaftLogWorker.java:run(327)) - 382fe11f-ccc0-42c1-99a9-aa0fa042180d@group-31096AEF3EEC-SegmentedRaftLogWorker was interrupted, exiting. There are 0 tasks remaining in the queue.
2022-04-26 01:54:19,256 [ForkJoinPool.commonPool-worker-1] INFO  segmented.SegmentedRaftLogWorker (SegmentedRaftLogWorker.java:close(237)) - 382fe11f-ccc0-42c1-99a9-aa0fa042180d@group-31096AEF3EEC-SegmentedRaftLogWorker close()
2022-04-26 01:54:19,257 [ForkJoinPool.commonPool-worker-1] INFO  server.RaftServer$Division (RaftServerImpl.java:lambda$close$4(412)) - 382fe11f-ccc0-42c1-99a9-aa0fa042180d@group-E82449261593: shutdown
2022-04-26 01:54:19,257 [ForkJoinPool.commonPool-worker-1] INFO  util.JmxRegister (JmxRegister.java:unregister(73)) - Successfully un-registered JMX Bean with object name Ratis:service=RaftServer,group=group-E82449261593,id=382fe11f-ccc0-42c1-99a9-aa0fa042180d
2022-04-26 01:54:19,257 [ForkJoinPool.commonPool-worker-1] INFO  impl.RoleInfo (RoleInfo.java:shutdownFollowerState(108)) - 382fe11f-ccc0-42c1-99a9-aa0fa042180d: shutdown 382fe11f-ccc0-42c1-99a9-aa0fa042180d@group-E82449261593-FollowerState
2022-04-26 01:54:19,258 [ForkJoinPool.commonPool-worker-1] INFO  impl.StateMachineUpdater (StateMachineUpdater.java:stopAndJoin(149)) - 382fe11f-ccc0-42c1-99a9-aa0fa042180d@group-E82449261593-StateMachineUpdater: set stopIndex = 28
2022-04-26 01:54:19,258 [382fe11f-ccc0-42c1-99a9-aa0fa042180d@group-E82449261593-StateMachineUpdater] INFO  ratis.ContainerStateMachine (ContainerStateMachine.java:takeSnapshot(304)) - group-E82449261593: Taking a snapshot at:(t:1, i:28) file /home/runner/work/ozone/ozone/hadoop-ozone/integration-test/target/test-dir/MiniOzoneClusterImpl-f75a2855-399a-402c-9e8b-90c3c75b347d/datanode-1/data/ratis/16ab6ba8-6bca-446c-893c-e82449261593/sm/snapshot.1_28
2022-04-26 01:54:19,258 [Listener at 127.0.0.1/40803] INFO  server.RaftServer$Division (ServerState.java:close(419)) - c1d01455-3ad3-443a-8310-748688ca0e72@group-E82449261593: closes. applyIndex: 28
2022-04-26 01:54:19,258 [c1d01455-3ad3-443a-8310-748688ca0e72@group-E82449261593-SegmentedRaftLogWorker] INFO  segmented.SegmentedRaftLogWorker (SegmentedRaftLogWorker.java:run(327)) - c1d01455-3ad3-443a-8310-748688ca0e72@group-E82449261593-SegmentedRaftLogWorker was interrupted, exiting. There are 0 tasks remaining in the queue.
2022-04-26 01:54:19,260 [382fe11f-ccc0-42c1-99a9-aa0fa042180d@group-E82449261593-StateMachineUpdater] INFO  ratis.ContainerStateMachine (ContainerStateMachine.java:takeSnapshot(315)) - group-E82449261593: Finished taking a snapshot at:(t:1, i:28) file:/home/runner/work/ozone/ozone/hadoop-ozone/integration-test/target/test-dir/MiniOzoneClusterImpl-f75a2855-399a-402c-9e8b-90c3c75b347d/datanode-1/data/ratis/16ab6ba8-6bca-446c-893c-e82449261593/sm/snapshot.1_28 took: 2 ms
2022-04-26 01:54:19,260 [382fe11f-ccc0-42c1-99a9-aa0fa042180d@group-E82449261593-StateMachineUpdater] INFO  impl.StateMachineUpdater (StateMachineUpdater.java:takeSnapshot(281)) - 382fe11f-ccc0-42c1-99a9-aa0fa042180d@group-E82449261593-StateMachineUpdater: Took a snapshot at index 28
2022-04-26 01:54:19,260 [382fe11f-ccc0-42c1-99a9-aa0fa042180d@group-E82449261593-StateMachineUpdater] INFO  impl.StateMachineUpdater (StateMachineUpdater.java:lambda$new$0(89)) - 382fe11f-ccc0-42c1-99a9-aa0fa042180d@group-E82449261593-StateMachineUpdater: snapshotIndex: updateIncreasingly -1 -> 28
2022-04-26 01:54:19,260 [ForkJoinPool.commonPool-worker-1] INFO  server.RaftServer$Division (ServerState.java:close(419)) - 382fe11f-ccc0-42c1-99a9-aa0fa042180d@group-E82449261593: closes. applyIndex: 28
2022-04-26 01:54:19,261 [382fe11f-ccc0-42c1-99a9-aa0fa042180d@group-E82449261593-SegmentedRaftLogWorker] INFO  segmented.SegmentedRaftLogWorker (SegmentedRaftLogWorker.java:run(327)) - 382fe11f-ccc0-42c1-99a9-aa0fa042180d@group-E82449261593-SegmentedRaftLogWorker was interrupted, exiting. There are 0 tasks remaining in the queue.
2022-04-26 01:54:19,261 [382fe11f-ccc0-42c1-99a9-aa0fa042180d@group-E82449261593-FollowerState] INFO  impl.FollowerState (FollowerState.java:run(143)) - 382fe11f-ccc0-42c1-99a9-aa0fa042180d@group-E82449261593-FollowerState was interrupted: {}
java.lang.InterruptedException: sleep interrupted
	at java.lang.Thread.sleep(Native Method)
	at java.lang.Thread.sleep(Thread.java:342)
	at java.util.concurrent.TimeUnit.sleep(TimeUnit.java:386)
	at org.apache.ratis.util.TimeDuration.sleep(TimeDuration.java:324)
	at org.apache.ratis.util.TimeDuration.sleep(TimeDuration.java:309)
	at org.apache.ratis.server.impl.FollowerState.run(FollowerState.java:118)
2022-04-26 01:54:19,301 [Listener at 127.0.0.1/40803] INFO  segmented.SegmentedRaftLogWorker (SegmentedRaftLogWorker.java:close(237)) - c1d01455-3ad3-443a-8310-748688ca0e72@group-E82449261593-SegmentedRaftLogWorker close()
2022-04-26 01:54:19,317 [ForkJoinPool.commonPool-worker-1] INFO  segmented.SegmentedRaftLogWorker (SegmentedRaftLogWorker.java:close(237)) - 382fe11f-ccc0-42c1-99a9-aa0fa042180d@group-E82449261593-SegmentedRaftLogWorker close()
2022-04-26 01:54:19,336 [Listener at 127.0.0.1/40803] INFO  server.RaftServer$Division (RaftServerImpl.java:lambda$close$4(412)) - c1d01455-3ad3-443a-8310-748688ca0e72@group-1DC918ECA009: shutdown
2022-04-26 01:54:19,336 [Listener at 127.0.0.1/40803] INFO  util.JmxRegister (JmxRegister.java:unregister(73)) - Successfully un-registered JMX Bean with object name Ratis:service=RaftServer,group=group-1DC918ECA009,id=c1d01455-3ad3-443a-8310-748688ca0e72
2022-04-26 01:54:19,336 [Listener at 127.0.0.1/40803] INFO  impl.RoleInfo (RoleInfo.java:shutdownLeaderState(91)) - c1d01455-3ad3-443a-8310-748688ca0e72: shutdown c1d01455-3ad3-443a-8310-748688ca0e72@group-1DC918ECA009-LeaderStateImpl
2022-04-26 01:54:19,336 [Listener at 127.0.0.1/40803] INFO  impl.PendingRequests (PendingRequests.java:sendNotLeaderResponses(282)) - c1d01455-3ad3-443a-8310-748688ca0e72@group-1DC918ECA009-PendingRequests: sendNotLeaderResponses
2022-04-26 01:54:19,337 [Listener at 127.0.0.1/40803] INFO  impl.StateMachineUpdater (StateMachineUpdater.java:stopAndJoin(149)) - c1d01455-3ad3-443a-8310-748688ca0e72@group-1DC918ECA009-StateMachineUpdater: set stopIndex = 0
2022-04-26 01:54:19,338 [c1d01455-3ad3-443a-8310-748688ca0e72@group-1DC918ECA009->382fe11f-ccc0-42c1-99a9-aa0fa042180d-GrpcLogAppender-LogAppenderDaemon] WARN  server.GrpcLogAppender (GrpcLogAppender.java:mayWait(177)) - c1d01455-3ad3-443a-8310-748688ca0e72@group-1DC918ECA009->382fe11f-ccc0-42c1-99a9-aa0fa042180d-GrpcLogAppender: Wait interrupted by java.lang.InterruptedException
2022-04-26 01:54:19,338 [c1d01455-3ad3-443a-8310-748688ca0e72@group-1DC918ECA009-StateMachineUpdater] INFO  ratis.ContainerStateMachine (ContainerStateMachine.java:takeSnapshot(304)) - group-1DC918ECA009: Taking a snapshot at:(t:3, i:0) file /home/runner/work/ozone/ozone/hadoop-ozone/integration-test/target/test-dir/MiniOzoneClusterImpl-f75a2855-399a-402c-9e8b-90c3c75b347d/datanode-2/data/ratis/8fd4ea4f-9a91-4b97-9e98-1dc918eca009/sm/snapshot.3_0
2022-04-26 01:54:19,339 [c1d01455-3ad3-443a-8310-748688ca0e72@group-1DC918ECA009-StateMachineUpdater] INFO  ratis.ContainerStateMachine (ContainerStateMachine.java:takeSnapshot(315)) - group-1DC918ECA009: Finished taking a snapshot at:(t:3, i:0) file:/home/runner/work/ozone/ozone/hadoop-ozone/integration-test/target/test-dir/MiniOzoneClusterImpl-f75a2855-399a-402c-9e8b-90c3c75b347d/datanode-2/data/ratis/8fd4ea4f-9a91-4b97-9e98-1dc918eca009/sm/snapshot.3_0 took: 1 ms
2022-04-26 01:54:19,339 [c1d01455-3ad3-443a-8310-748688ca0e72@group-1DC918ECA009-StateMachineUpdater] INFO  impl.StateMachineUpdater (StateMachineUpdater.java:takeSnapshot(281)) - c1d01455-3ad3-443a-8310-748688ca0e72@group-1DC918ECA009-StateMachineUpdater: Took a snapshot at index 0
2022-04-26 01:54:19,339 [c1d01455-3ad3-443a-8310-748688ca0e72@group-1DC918ECA009-StateMachineUpdater] INFO  impl.StateMachineUpdater (StateMachineUpdater.java:lambda$new$0(89)) - c1d01455-3ad3-443a-8310-748688ca0e72@group-1DC918ECA009-StateMachineUpdater: snapshotIndex: updateIncreasingly -1 -> 0
2022-04-26 01:54:19,339 [Listener at 127.0.0.1/40803] INFO  server.RaftServer$Division (ServerState.java:close(419)) - c1d01455-3ad3-443a-8310-748688ca0e72@group-1DC918ECA009: closes. applyIndex: 0
2022-04-26 01:54:19,345 [c1d01455-3ad3-443a-8310-748688ca0e72@group-1DC918ECA009-SegmentedRaftLogWorker] INFO  segmented.SegmentedRaftLogWorker (SegmentedRaftLogWorker.java:run(327)) - c1d01455-3ad3-443a-8310-748688ca0e72@group-1DC918ECA009-SegmentedRaftLogWorker was interrupted, exiting. There are 0 tasks remaining in the queue.
2022-04-26 01:54:19,357 [ForkJoinPool.commonPool-worker-1] INFO  server.RaftServer$Division (RaftServerImpl.java:lambda$close$4(412)) - 382fe11f-ccc0-42c1-99a9-aa0fa042180d@group-1DC918ECA009: shutdown
2022-04-26 01:54:19,357 [ForkJoinPool.commonPool-worker-1] INFO  util.JmxRegister (JmxRegister.java:unregister(73)) - Successfully un-registered JMX Bean with object name Ratis:service=RaftServer,group=group-1DC918ECA009,id=382fe11f-ccc0-42c1-99a9-aa0fa042180d
2022-04-26 01:54:19,357 [ForkJoinPool.commonPool-worker-1] INFO  impl.RoleInfo (RoleInfo.java:shutdownFollowerState(108)) - 382fe11f-ccc0-42c1-99a9-aa0fa042180d: shutdown 382fe11f-ccc0-42c1-99a9-aa0fa042180d@group-1DC918ECA009-FollowerState
2022-04-26 01:54:19,357 [ForkJoinPool.commonPool-worker-1] INFO  impl.StateMachineUpdater (StateMachineUpdater.java:stopAndJoin(149)) - 382fe11f-ccc0-42c1-99a9-aa0fa042180d@group-1DC918ECA009-StateMachineUpdater: set stopIndex = 0
2022-04-26 01:54:19,358 [382fe11f-ccc0-42c1-99a9-aa0fa042180d@group-1DC918ECA009-StateMachineUpdater] INFO  ratis.ContainerStateMachine (ContainerStateMachine.java:takeSnapshot(304)) - group-1DC918ECA009: Taking a snapshot at:(t:3, i:0) file /home/runner/work/ozone/ozone/hadoop-ozone/integration-test/target/test-dir/MiniOzoneClusterImpl-f75a2855-399a-402c-9e8b-90c3c75b347d/datanode-1/data/ratis/8fd4ea4f-9a91-4b97-9e98-1dc918eca009/sm/snapshot.3_0
2022-04-26 01:54:19,358 [grpc-default-executor-0] INFO  server.GrpcServerProtocolService (GrpcServerProtocolService.java:onCompleted(140)) - 382fe11f-ccc0-42c1-99a9-aa0fa042180d: Completed APPEND_ENTRIES, lastRequest: c1d01455-3ad3-443a-8310-748688ca0e72->382fe11f-ccc0-42c1-99a9-aa0fa042180d#1-t3,previous=(t:0, i:0),leaderCommit=-1,initializing? true,entries: size=1, first=(t:3, i:0), CONFIGURATIONENTRY
2022-04-26 01:54:19,359 [grpc-default-executor-1] INFO  server.GrpcLogAppender (GrpcLogAppender.java:onCompleted(346)) - c1d01455-3ad3-443a-8310-748688ca0e72@group-1DC918ECA009->382fe11f-ccc0-42c1-99a9-aa0fa042180d-AppendLogResponseHandler: follower responses appendEntries COMPLETED
2022-04-26 01:54:19,359 [grpc-default-executor-1] INFO  leader.FollowerInfo (FollowerInfoImpl.java:lambda$new$0(47)) - c1d01455-3ad3-443a-8310-748688ca0e72@group-1DC918ECA009->382fe11f-ccc0-42c1-99a9-aa0fa042180d: nextIndex: updateUnconditionally 1 -> 0
2022-04-26 01:54:19,376 [Listener at 127.0.0.1/40803] INFO  segmented.SegmentedRaftLogWorker (SegmentedRaftLogWorker.java:close(237)) - c1d01455-3ad3-443a-8310-748688ca0e72@group-1DC918ECA009-SegmentedRaftLogWorker close()
2022-04-26 01:54:19,377 [382fe11f-ccc0-42c1-99a9-aa0fa042180d@group-1DC918ECA009-StateMachineUpdater] INFO  ratis.ContainerStateMachine (ContainerStateMachine.java:takeSnapshot(315)) - group-1DC918ECA009: Finished taking a snapshot at:(t:3, i:0) file:/home/runner/work/ozone/ozone/hadoop-ozone/integration-test/target/test-dir/MiniOzoneClusterImpl-f75a2855-399a-402c-9e8b-90c3c75b347d/datanode-1/data/ratis/8fd4ea4f-9a91-4b97-9e98-1dc918eca009/sm/snapshot.3_0 took: 19 ms
2022-04-26 01:54:19,377 [Listener at 127.0.0.1/40803] INFO  server.RaftServer$Division (RaftServerImpl.java:lambda$close$4(412)) - c1d01455-3ad3-443a-8310-748688ca0e72@group-E93712F0BDE7: shutdown
2022-04-26 01:54:19,377 [382fe11f-ccc0-42c1-99a9-aa0fa042180d@group-1DC918ECA009-StateMachineUpdater] INFO  impl.StateMachineUpdater (StateMachineUpdater.java:takeSnapshot(281)) - 382fe11f-ccc0-42c1-99a9-aa0fa042180d@group-1DC918ECA009-StateMachineUpdater: Took a snapshot at index 0
2022-04-26 01:54:19,377 [382fe11f-ccc0-42c1-99a9-aa0fa042180d@group-1DC918ECA009-StateMachineUpdater] INFO  impl.StateMachineUpdater (StateMachineUpdater.java:lambda$new$0(89)) - 382fe11f-ccc0-42c1-99a9-aa0fa042180d@group-1DC918ECA009-StateMachineUpdater: snapshotIndex: updateIncreasingly -1 -> 0
2022-04-26 01:54:19,378 [ForkJoinPool.commonPool-worker-1] INFO  server.RaftServer$Division (ServerState.java:close(419)) - 382fe11f-ccc0-42c1-99a9-aa0fa042180d@group-1DC918ECA009: closes. applyIndex: 0
2022-04-26 01:54:19,381 [382fe11f-ccc0-42c1-99a9-aa0fa042180d@group-1DC918ECA009-SegmentedRaftLogWorker] INFO  segmented.SegmentedRaftLogWorker (SegmentedRaftLogWorker.java:run(327)) - 382fe11f-ccc0-42c1-99a9-aa0fa042180d@group-1DC918ECA009-SegmentedRaftLogWorker was interrupted, exiting. There are 0 tasks remaining in the queue.
2022-04-26 01:54:19,381 [382fe11f-ccc0-42c1-99a9-aa0fa042180d@group-1DC918ECA009-FollowerState] INFO  impl.FollowerState (FollowerState.java:run(143)) - 382fe11f-ccc0-42c1-99a9-aa0fa042180d@group-1DC918ECA009-FollowerState was interrupted: {}
java.lang.InterruptedException: sleep interrupted
	at java.lang.Thread.sleep(Native Method)
	at java.lang.Thread.sleep(Thread.java:342)
	at java.util.concurrent.TimeUnit.sleep(TimeUnit.java:386)
	at org.apache.ratis.util.TimeDuration.sleep(TimeDuration.java:324)
	at org.apache.ratis.util.TimeDuration.sleep(TimeDuration.java:309)
	at org.apache.ratis.server.impl.FollowerState.run(FollowerState.java:118)
2022-04-26 01:54:19,377 [Listener at 127.0.0.1/40803] INFO  util.JmxRegister (JmxRegister.java:unregister(73)) - Successfully un-registered JMX Bean with object name Ratis:service=RaftServer,group=group-E93712F0BDE7,id=c1d01455-3ad3-443a-8310-748688ca0e72
2022-04-26 01:54:19,391 [Listener at 127.0.0.1/40803] INFO  impl.RoleInfo (RoleInfo.java:shutdownLeaderState(91)) - c1d01455-3ad3-443a-8310-748688ca0e72: shutdown c1d01455-3ad3-443a-8310-748688ca0e72@group-E93712F0BDE7-LeaderStateImpl
2022-04-26 01:54:19,392 [Listener at 127.0.0.1/40803] INFO  impl.PendingRequests (PendingRequests.java:sendNotLeaderResponses(282)) - c1d01455-3ad3-443a-8310-748688ca0e72@group-E93712F0BDE7-PendingRequests: sendNotLeaderResponses
2022-04-26 01:54:19,392 [Listener at 127.0.0.1/40803] INFO  impl.StateMachineUpdater (StateMachineUpdater.java:stopAndJoin(149)) - c1d01455-3ad3-443a-8310-748688ca0e72@group-E93712F0BDE7-StateMachineUpdater: set stopIndex = 0
2022-04-26 01:54:19,392 [c1d01455-3ad3-443a-8310-748688ca0e72@group-E93712F0BDE7-StateMachineUpdater] INFO  ratis.ContainerStateMachine (ContainerStateMachine.java:takeSnapshot(304)) - group-E93712F0BDE7: Taking a snapshot at:(t:1, i:0) file /home/runner/work/ozone/ozone/hadoop-ozone/integration-test/target/test-dir/MiniOzoneClusterImpl-f75a2855-399a-402c-9e8b-90c3c75b347d/datanode-2/data/ratis/96e14efa-a3b4-4685-9a55-e93712f0bde7/sm/snapshot.1_0
2022-04-26 01:54:19,385 [ForkJoinPool.commonPool-worker-1] INFO  segmented.SegmentedRaftLogWorker (SegmentedRaftLogWorker.java:close(237)) - 382fe11f-ccc0-42c1-99a9-aa0fa042180d@group-1DC918ECA009-SegmentedRaftLogWorker close()
2022-04-26 01:54:19,382 [c1d01455-3ad3-443a-8310-748688ca0e72@group-1DC918ECA009->5f9c2808-8092-4bb8-be0b-9d445a417462-GrpcLogAppender-LogAppenderDaemon] WARN  server.GrpcLogAppender (GrpcLogAppender.java:mayWait(177)) - c1d01455-3ad3-443a-8310-748688ca0e72@group-1DC918ECA009->5f9c2808-8092-4bb8-be0b-9d445a417462-GrpcLogAppender: Wait interrupted by java.lang.InterruptedException
2022-04-26 01:54:19,398 [ForkJoinPool.commonPool-worker-1] INFO  server.GrpcService (GrpcService.java:closeImpl(262)) - 382fe11f-ccc0-42c1-99a9-aa0fa042180d: shutdown server with port 39043 now
2022-04-26 01:54:19,407 [grpc-default-executor-3] WARN  server.GrpcServerProtocolService (LogUtils.java:warn(122)) - 382fe11f-ccc0-42c1-99a9-aa0fa042180d: installSnapshot onError, lastRequest: 5f9c2808-8092-4bb8-be0b-9d445a417462->382fe11f-ccc0-42c1-99a9-aa0fa042180d#398-t1,previous=(t:1, i:27),leaderCommit=26,initializing? true,entries: size=1, first=(t:1, i:28), METADATAENTRY(c:26): org.apache.ratis.thirdparty.io.grpc.StatusRuntimeException: CANCELLED: client cancelled
2022-04-26 01:54:19,407 [grpc-default-executor-0] INFO  server.GrpcServerProtocolService (GrpcServerProtocolService.java:onCompleted(140)) - 5f9c2808-8092-4bb8-be0b-9d445a417462: Completed APPEND_ENTRIES, lastRequest: c1d01455-3ad3-443a-8310-748688ca0e72->5f9c2808-8092-4bb8-be0b-9d445a417462#1-t3,previous=(t:0, i:0),leaderCommit=-1,initializing? true,entries: size=1, first=(t:3, i:0), CONFIGURATIONENTRY
2022-04-26 01:54:19,407 [grpc-default-executor-2] WARN  server.GrpcLogAppender (LogUtils.java:warn(122)) - 5f9c2808-8092-4bb8-be0b-9d445a417462@group-E82449261593->382fe11f-ccc0-42c1-99a9-aa0fa042180d-AppendLogResponseHandler: Failed appendEntries: org.apache.ratis.thirdparty.io.grpc.StatusRuntimeException: CANCELLED: HTTP/2 error code: CANCEL
Received Rst Stream
2022-04-26 01:54:19,407 [grpc-default-executor-2] INFO  leader.FollowerInfo (FollowerInfoImpl.java:lambda$new$0(47)) - 5f9c2808-8092-4bb8-be0b-9d445a417462@group-E82449261593->382fe11f-ccc0-42c1-99a9-aa0fa042180d: nextIndex: updateUnconditionally 29 -> 28
2022-04-26 01:54:19,407 [grpc-default-executor-2] INFO  server.GrpcLogAppender (GrpcLogAppender.java:onCompleted(346)) - c1d01455-3ad3-443a-8310-748688ca0e72@group-1DC918ECA009->5f9c2808-8092-4bb8-be0b-9d445a417462-AppendLogResponseHandler: follower responses appendEntries COMPLETED
2022-04-26 01:54:19,408 [grpc-default-executor-2] INFO  leader.FollowerInfo (FollowerInfoImpl.java:lambda$new$0(47)) - c1d01455-3ad3-443a-8310-748688ca0e72@group-1DC918ECA009->5f9c2808-8092-4bb8-be0b-9d445a417462: nextIndex: updateUnconditionally 1 -> 0
2022-04-26 01:54:19,410 [grpc-default-executor-0] WARN  server.GrpcLogAppender (LogUtils.java:warn(122)) - 5f9c2808-8092-4bb8-be0b-9d445a417462@group-E82449261593->382fe11f-ccc0-42c1-99a9-aa0fa042180d-AppendLogResponseHandler: Failed appendEntries: org.apache.ratis.thirdparty.io.grpc.StatusRuntimeException: UNAVAILABLE: io exception
2022-04-26 01:54:19,411 [grpc-default-executor-0] INFO  leader.FollowerInfo (FollowerInfoImpl.java:lambda$new$0(47)) - 5f9c2808-8092-4bb8-be0b-9d445a417462@group-E82449261593->382fe11f-ccc0-42c1-99a9-aa0fa042180d: nextIndex: updateUnconditionally 29 -> 28
2022-04-26 01:54:19,430 [c1d01455-3ad3-443a-8310-748688ca0e72@group-E93712F0BDE7-StateMachineUpdater] INFO  ratis.ContainerStateMachine (ContainerStateMachine.java:takeSnapshot(315)) - group-E93712F0BDE7: Finished taking a snapshot at:(t:1, i:0) file:/home/runner/work/ozone/ozone/hadoop-ozone/integration-test/target/test-dir/MiniOzoneClusterImpl-f75a2855-399a-402c-9e8b-90c3c75b347d/datanode-2/data/ratis/96e14efa-a3b4-4685-9a55-e93712f0bde7/sm/snapshot.1_0 took: 37 ms
2022-04-26 01:54:19,430 [c1d01455-3ad3-443a-8310-748688ca0e72@group-E93712F0BDE7-StateMachineUpdater] INFO  impl.StateMachineUpdater (StateMachineUpdater.java:takeSnapshot(281)) - c1d01455-3ad3-443a-8310-748688ca0e72@group-E93712F0BDE7-StateMachineUpdater: Took a snapshot at index 0
2022-04-26 01:54:19,430 [c1d01455-3ad3-443a-8310-748688ca0e72@group-E93712F0BDE7-StateMachineUpdater] INFO  impl.StateMachineUpdater (StateMachineUpdater.java:lambda$new$0(89)) - c1d01455-3ad3-443a-8310-748688ca0e72@group-E93712F0BDE7-StateMachineUpdater: snapshotIndex: updateIncreasingly -1 -> 0
2022-04-26 01:54:19,430 [Listener at 127.0.0.1/40803] INFO  server.RaftServer$Division (ServerState.java:close(419)) - c1d01455-3ad3-443a-8310-748688ca0e72@group-E93712F0BDE7: closes. applyIndex: 0
2022-04-26 01:54:19,433 [c1d01455-3ad3-443a-8310-748688ca0e72@group-E93712F0BDE7-SegmentedRaftLogWorker] INFO  segmented.SegmentedRaftLogWorker (SegmentedRaftLogWorker.java:run(327)) - c1d01455-3ad3-443a-8310-748688ca0e72@group-E93712F0BDE7-SegmentedRaftLogWorker was interrupted, exiting. There are 0 tasks remaining in the queue.
2022-04-26 01:54:19,434 [Listener at 127.0.0.1/40803] INFO  segmented.SegmentedRaftLogWorker (SegmentedRaftLogWorker.java:close(237)) - c1d01455-3ad3-443a-8310-748688ca0e72@group-E93712F0BDE7-SegmentedRaftLogWorker close()
2022-04-26 01:54:19,438 [Listener at 127.0.0.1/40803] INFO  server.GrpcService (GrpcService.java:closeImpl(262)) - c1d01455-3ad3-443a-8310-748688ca0e72: shutdown server with port 42877 now
2022-04-26 01:54:19,467 [grpc-default-executor-3] WARN  server.GrpcServerProtocolService (LogUtils.java:warn(122)) - c1d01455-3ad3-443a-8310-748688ca0e72: installSnapshot onError, lastRequest: 5f9c2808-8092-4bb8-be0b-9d445a417462->c1d01455-3ad3-443a-8310-748688ca0e72#404-t1,previous=(t:1, i:27),leaderCommit=26,initializing? true,entries: size=1, first=(t:1, i:28), METADATAENTRY(c:26): org.apache.ratis.thirdparty.io.grpc.StatusRuntimeException: CANCELLED: client cancelled
2022-04-26 01:54:19,473 [Listener at 127.0.0.1/40803] INFO  server.GrpcService (GrpcService.java:closeImpl(271)) - c1d01455-3ad3-443a-8310-748688ca0e72: shutdown server with port 42877 successfully
2022-04-26 01:54:19,473 [grpc-default-executor-0] WARN  server.GrpcLogAppender (LogUtils.java:warn(122)) - 5f9c2808-8092-4bb8-be0b-9d445a417462@group-E82449261593->c1d01455-3ad3-443a-8310-748688ca0e72-AppendLogResponseHandler: Failed appendEntries: org.apache.ratis.thirdparty.io.grpc.StatusRuntimeException: CANCELLED: HTTP/2 error code: CANCEL
Received Rst Stream
2022-04-26 01:54:19,473 [grpc-default-executor-0] INFO  leader.FollowerInfo (FollowerInfoImpl.java:lambda$new$0(47)) - 5f9c2808-8092-4bb8-be0b-9d445a417462@group-E82449261593->c1d01455-3ad3-443a-8310-748688ca0e72: nextIndex: updateUnconditionally 29 -> 28
2022-04-26 01:54:19,474 [org.apache.ratis.util.JvmPauseMonitor$$Lambda$580/456889832@58e5f86f] INFO  util.JvmPauseMonitor (JvmPauseMonitor.java:run(109)) - JvmPauseMonitor-c1d01455-3ad3-443a-8310-748688ca0e72: Stopped
2022-04-26 01:54:19,474 [ForkJoinPool.commonPool-worker-1] INFO  server.GrpcService (GrpcService.java:closeImpl(271)) - 382fe11f-ccc0-42c1-99a9-aa0fa042180d: shutdown server with port 39043 successfully
2022-04-26 01:54:19,474 [org.apache.ratis.util.JvmPauseMonitor$$Lambda$580/456889832@45dad2bc] INFO  util.JvmPauseMonitor (JvmPauseMonitor.java:run(109)) - JvmPauseMonitor-382fe11f-ccc0-42c1-99a9-aa0fa042180d: Stopped
2022-04-26 01:54:19,495 [grpc-default-executor-1] WARN  server.GrpcLogAppender (LogUtils.java:warn(122)) - 5f9c2808-8092-4bb8-be0b-9d445a417462@group-E82449261593->c1d01455-3ad3-443a-8310-748688ca0e72-AppendLogResponseHandler: Failed appendEntries: org.apache.ratis.thirdparty.io.grpc.StatusRuntimeException: UNAVAILABLE: io exception
2022-04-26 01:54:19,496 [grpc-default-executor-1] INFO  leader.FollowerInfo (FollowerInfoImpl.java:lambda$new$0(47)) - 5f9c2808-8092-4bb8-be0b-9d445a417462@group-E82449261593->c1d01455-3ad3-443a-8310-748688ca0e72: nextIndex: updateUnconditionally 29 -> 28
2022-04-26 01:54:21,523 [ForkJoinPool.commonPool-worker-1] INFO  utils.BackgroundService (BackgroundService.java:shutdown(132)) - Shutting down service BlockDeletingService
2022-04-26 01:54:21,537 [Listener at 127.0.0.1/40803] INFO  utils.BackgroundService (BackgroundService.java:shutdown(132)) - Shutting down service BlockDeletingService
2022-04-26 01:54:21,910 [grpc-default-executor-1] WARN  server.GrpcLogAppender (LogUtils.java:warn(122)) - 5f9c2808-8092-4bb8-be0b-9d445a417462@group-E82449261593->382fe11f-ccc0-42c1-99a9-aa0fa042180d-AppendLogResponseHandler: Failed appendEntries: org.apache.ratis.thirdparty.io.grpc.StatusRuntimeException: UNAVAILABLE: io exception
2022-04-26 01:54:21,911 [grpc-default-executor-1] INFO  leader.FollowerInfo (FollowerInfoImpl.java:lambda$new$0(47)) - 5f9c2808-8092-4bb8-be0b-9d445a417462@group-E82449261593->382fe11f-ccc0-42c1-99a9-aa0fa042180d: nextIndex: updateUnconditionally 29 -> 28
2022-04-26 01:54:21,976 [grpc-default-executor-1] WARN  server.GrpcLogAppender (LogUtils.java:warn(122)) - 5f9c2808-8092-4bb8-be0b-9d445a417462@group-E82449261593->c1d01455-3ad3-443a-8310-748688ca0e72-AppendLogResponseHandler: Failed appendEntries: org.apache.ratis.thirdparty.io.grpc.StatusRuntimeException: UNAVAILABLE: io exception
2022-04-26 01:54:21,977 [grpc-default-executor-1] INFO  leader.FollowerInfo (FollowerInfoImpl.java:lambda$new$0(47)) - 5f9c2808-8092-4bb8-be0b-9d445a417462@group-E82449261593->c1d01455-3ad3-443a-8310-748688ca0e72: nextIndex: updateUnconditionally 29 -> 28
2022-04-26 01:54:24,413 [grpc-default-executor-1] WARN  server.GrpcLogAppender (LogUtils.java:warn(122)) - 5f9c2808-8092-4bb8-be0b-9d445a417462@group-E82449261593->382fe11f-ccc0-42c1-99a9-aa0fa042180d-AppendLogResponseHandler: Failed appendEntries: org.apache.ratis.thirdparty.io.grpc.StatusRuntimeException: UNAVAILABLE: io exception
2022-04-26 01:54:24,414 [grpc-default-executor-1] INFO  leader.FollowerInfo (FollowerInfoImpl.java:lambda$new$0(47)) - 5f9c2808-8092-4bb8-be0b-9d445a417462@group-E82449261593->382fe11f-ccc0-42c1-99a9-aa0fa042180d: nextIndex: updateUnconditionally 29 -> 28
2022-04-26 01:54:24,477 [grpc-default-executor-1] WARN  server.GrpcLogAppender (LogUtils.java:warn(122)) - 5f9c2808-8092-4bb8-be0b-9d445a417462@group-E82449261593->c1d01455-3ad3-443a-8310-748688ca0e72-AppendLogResponseHandler: Failed appendEntries: org.apache.ratis.thirdparty.io.grpc.StatusRuntimeException: UNAVAILABLE: io exception
2022-04-26 01:54:24,477 [grpc-default-executor-1] INFO  leader.FollowerInfo (FollowerInfoImpl.java:lambda$new$0(47)) - 5f9c2808-8092-4bb8-be0b-9d445a417462@group-E82449261593->c1d01455-3ad3-443a-8310-748688ca0e72: nextIndex: updateUnconditionally 29 -> 28
2022-04-26 01:54:24,534 [ForkJoinPool.commonPool-worker-1] INFO  statemachine.DatanodeStateMachine (DatanodeStateMachine.java:stopDaemon(560)) - Ozone container server stopped.
2022-04-26 01:54:24,541 [ForkJoinPool.commonPool-worker-1] INFO  handler.ContextHandler (ContextHandler.java:doStop(1153)) - Stopped o.e.j.w.WebAppContext@26df5b5e{hddsDatanode,/,null,STOPPED}{jar:file:/home/runner/.m2/repository/org/apache/ozone/hdds-container-service/1.3.0-SNAPSHOT/hdds-container-service-1.3.0-SNAPSHOT.jar!/webapps/hddsDatanode}
2022-04-26 01:54:24,541 [ForkJoinPool.commonPool-worker-1] INFO  server.AbstractConnector (AbstractConnector.java:doStop(381)) - Stopped ServerConnector@985b9f6{HTTP/1.1, (http/1.1)}{0.0.0.0:0}
2022-04-26 01:54:24,541 [ForkJoinPool.commonPool-worker-1] INFO  server.session (HouseKeeper.java:stopScavenging(149)) - node0 Stopped scavenging
2022-04-26 01:54:24,546 [ForkJoinPool.commonPool-worker-1] INFO  handler.ContextHandler (ContextHandler.java:doStop(1153)) - Stopped o.e.j.s.ServletContextHandler@68b30f2d{static,/static,jar:file:/home/runner/.m2/repository/org/apache/ozone/hdds-container-service/1.3.0-SNAPSHOT/hdds-container-service-1.3.0-SNAPSHOT.jar!/webapps/static,STOPPED}
2022-04-26 01:54:24,546 [ForkJoinPool.commonPool-worker-1] INFO  handler.ContextHandler (ContextHandler.java:doStop(1153)) - Stopped o.e.j.s.ServletContextHandler@114cbcc4{logs,/logs,file:///home/runner/work/ozone/ozone/hadoop-ozone/integration-test/target/log,STOPPED}
2022-04-26 01:54:24,555 [Listener at 127.0.0.1/40803] INFO  statemachine.DatanodeStateMachine (DatanodeStateMachine.java:stopDaemon(560)) - Ozone container server stopped.
2022-04-26 01:54:24,556 [Listener at 127.0.0.1/40803] INFO  handler.ContextHandler (ContextHandler.java:doStop(1153)) - Stopped o.e.j.w.WebAppContext@44414bd4{hddsDatanode,/,null,STOPPED}{jar:file:/home/runner/.m2/repository/org/apache/ozone/hdds-container-service/1.3.0-SNAPSHOT/hdds-container-service-1.3.0-SNAPSHOT.jar!/webapps/hddsDatanode}
2022-04-26 01:54:24,556 [Listener at 127.0.0.1/40803] INFO  server.AbstractConnector (AbstractConnector.java:doStop(381)) - Stopped ServerConnector@66e9e248{HTTP/1.1, (http/1.1)}{0.0.0.0:0}
2022-04-26 01:54:24,556 [Listener at 127.0.0.1/40803] INFO  server.session (HouseKeeper.java:stopScavenging(149)) - node0 Stopped scavenging
2022-04-26 01:54:24,557 [Listener at 127.0.0.1/40803] INFO  handler.ContextHandler (ContextHandler.java:doStop(1153)) - Stopped o.e.j.s.ServletContextHandler@5b6bf649{static,/static,jar:file:/home/runner/.m2/repository/org/apache/ozone/hdds-container-service/1.3.0-SNAPSHOT/hdds-container-service-1.3.0-SNAPSHOT.jar!/webapps/static,STOPPED}
2022-04-26 01:54:24,557 [Listener at 127.0.0.1/40803] INFO  handler.ContextHandler (ContextHandler.java:doStop(1153)) - Stopped o.e.j.s.ServletContextHandler@3feeaea8{logs,/logs,file:///home/runner/work/ozone/ozone/hadoop-ozone/integration-test/target/log,STOPPED}
2022-04-26 01:54:26,083 [5f9c2808-8092-4bb8-be0b-9d445a417462@group-E82449261593-LeaderStateImpl] WARN  server.RaftServer$Division (LeaderStateImpl.java:checkLeadership(974)) - 5f9c2808-8092-4bb8-be0b-9d445a417462@group-E82449261593-LeaderStateImpl: Lost leadership on term: 1. Election timeout: 5200ms. In charge for: 34737ms. Conf: 0: [c1d01455-3ad3-443a-8310-748688ca0e72|rpc:10.1.0.42:42877|dataStream:|priority:0, 382fe11f-ccc0-42c1-99a9-aa0fa042180d|rpc:10.1.0.42:39043|dataStream:|priority:0, 5f9c2808-8092-4bb8-be0b-9d445a417462|rpc:10.1.0.42:40901|dataStream:|priority:1], old=null
2022-04-26 01:54:26,083 [5f9c2808-8092-4bb8-be0b-9d445a417462@group-E82449261593-LeaderStateImpl] WARN  server.RaftServer$Division (LeaderStateImpl.java:lambda$checkLeadership$15(978)) - Follower 5f9c2808-8092-4bb8-be0b-9d445a417462@group-E82449261593->c1d01455-3ad3-443a-8310-748688ca0e72(c28,m28,n28, attendVote=true, lastRpcSendTime=1606, lastRpcResponseTime=8368)
2022-04-26 01:54:26,083 [5f9c2808-8092-4bb8-be0b-9d445a417462@group-E82449261593-LeaderStateImpl] WARN  server.RaftServer$Division (LeaderStateImpl.java:lambda$checkLeadership$15(978)) - Follower 5f9c2808-8092-4bb8-be0b-9d445a417462@group-E82449261593->382fe11f-ccc0-42c1-99a9-aa0fa042180d(c28,m28,n28, attendVote=true, lastRpcSendTime=1670, lastRpcResponseTime=8371)
2022-04-26 01:54:26,084 [5f9c2808-8092-4bb8-be0b-9d445a417462@group-E82449261593-LeaderStateImpl] INFO  server.RaftServer$Division (RaftServerImpl.java:setRole(290)) - 5f9c2808-8092-4bb8-be0b-9d445a417462@group-E82449261593: changes role from    LEADER to FOLLOWER at term 1 for StepDownReason:LOST_MAJORITY_HEARTBEATS
2022-04-26 01:54:26,084 [5f9c2808-8092-4bb8-be0b-9d445a417462@group-E82449261593-LeaderStateImpl] INFO  impl.RoleInfo (RoleInfo.java:shutdownLeaderState(91)) - 5f9c2808-8092-4bb8-be0b-9d445a417462: shutdown 5f9c2808-8092-4bb8-be0b-9d445a417462@group-E82449261593-LeaderStateImpl
2022-04-26 01:54:26,084 [5f9c2808-8092-4bb8-be0b-9d445a417462@group-E82449261593-LeaderStateImpl] INFO  impl.PendingRequests (PendingRequests.java:sendNotLeaderResponses(282)) - 5f9c2808-8092-4bb8-be0b-9d445a417462@group-E82449261593-PendingRequests: sendNotLeaderResponses
2022-04-26 01:54:26,085 [5f9c2808-8092-4bb8-be0b-9d445a417462@group-E82449261593-LeaderStateImpl] INFO  impl.RoleInfo (RoleInfo.java:updateAndGet(130)) - 5f9c2808-8092-4bb8-be0b-9d445a417462: start 5f9c2808-8092-4bb8-be0b-9d445a417462@group-E82449261593-FollowerState
2022-04-26 01:54:26,085 [5f9c2808-8092-4bb8-be0b-9d445a417462@group-E82449261593->c1d01455-3ad3-443a-8310-748688ca0e72-GrpcLogAppender-LogAppenderDaemon] WARN  server.GrpcLogAppender (GrpcLogAppender.java:mayWait(177)) - 5f9c2808-8092-4bb8-be0b-9d445a417462@group-E82449261593->c1d01455-3ad3-443a-8310-748688ca0e72-GrpcLogAppender: Wait interrupted by java.lang.InterruptedException
2022-04-26 01:54:26,085 [5f9c2808-8092-4bb8-be0b-9d445a417462@group-E82449261593->382fe11f-ccc0-42c1-99a9-aa0fa042180d-GrpcLogAppender-LogAppenderDaemon] WARN  server.GrpcLogAppender (GrpcLogAppender.java:mayWait(177)) - 5f9c2808-8092-4bb8-be0b-9d445a417462@group-E82449261593->382fe11f-ccc0-42c1-99a9-aa0fa042180d-GrpcLogAppender: Wait interrupted by java.lang.InterruptedException
2022-04-26 01:54:26,774 [5f9c2808-8092-4bb8-be0b-9d445a417462@group-1DC918ECA009-FollowerState] INFO  impl.FollowerState (FollowerState.java:run(134)) - 5f9c2808-8092-4bb8-be0b-9d445a417462@group-1DC918ECA009-FollowerState: change to CANDIDATE, lastRpcElapsedTime:7520973426ns, electionTimeout:5002ms
2022-04-26 01:54:26,774 [5f9c2808-8092-4bb8-be0b-9d445a417462@group-1DC918ECA009-FollowerState] INFO  impl.RoleInfo (RoleInfo.java:shutdownFollowerState(108)) - 5f9c2808-8092-4bb8-be0b-9d445a417462: shutdown 5f9c2808-8092-4bb8-be0b-9d445a417462@group-1DC918ECA009-FollowerState
2022-04-26 01:54:26,774 [5f9c2808-8092-4bb8-be0b-9d445a417462@group-1DC918ECA009-FollowerState] INFO  server.RaftServer$Division (RaftServerImpl.java:setRole(290)) - 5f9c2808-8092-4bb8-be0b-9d445a417462@group-1DC918ECA009: changes role from  FOLLOWER to CANDIDATE at term 3 for changeToCandidate
2022-04-26 01:54:26,774 [5f9c2808-8092-4bb8-be0b-9d445a417462@group-1DC918ECA009-FollowerState] INFO  server.RaftServerConfigKeys (ConfUtils.java:logGet(44)) - raft.server.leaderelection.pre-vote = false (custom)
2022-04-26 01:54:26,774 [5f9c2808-8092-4bb8-be0b-9d445a417462@group-1DC918ECA009-FollowerState] INFO  impl.RoleInfo (RoleInfo.java:updateAndGet(130)) - 5f9c2808-8092-4bb8-be0b-9d445a417462: start 5f9c2808-8092-4bb8-be0b-9d445a417462@group-1DC918ECA009-LeaderElection46
2022-04-26 01:54:26,809 [5f9c2808-8092-4bb8-be0b-9d445a417462@group-1DC918ECA009-LeaderElection46] INFO  server.RaftServer$Division (ServerState.java:setLeader(285)) - 5f9c2808-8092-4bb8-be0b-9d445a417462@group-1DC918ECA009: change Leader from c1d01455-3ad3-443a-8310-748688ca0e72 to null at term 3 for ELECTION
2022-04-26 01:54:26,812 [5f9c2808-8092-4bb8-be0b-9d445a417462@group-1DC918ECA009-LeaderElection46] INFO  impl.LeaderElection (LeaderElection.java:askForVotes(306)) - 5f9c2808-8092-4bb8-be0b-9d445a417462@group-1DC918ECA009-LeaderElection46 ELECTION round 0: submit vote requests at term 4 for 0: [c1d01455-3ad3-443a-8310-748688ca0e72|rpc:10.1.0.42:42877|dataStream:|priority:1, 382fe11f-ccc0-42c1-99a9-aa0fa042180d|rpc:10.1.0.42:39043|dataStream:|priority:0, 5f9c2808-8092-4bb8-be0b-9d445a417462|rpc:10.1.0.42:40901|dataStream:|priority:0], old=null
2022-04-26 01:54:26,826 [5f9c2808-8092-4bb8-be0b-9d445a417462@group-1DC918ECA009-LeaderElection46] INFO  impl.LeaderElection (LogUtils.java:infoOrTrace(137)) - 5f9c2808-8092-4bb8-be0b-9d445a417462@group-1DC918ECA009-LeaderElection46 got exception when requesting votes: java.util.concurrent.ExecutionException: org.apache.ratis.thirdparty.io.grpc.StatusRuntimeException: UNAVAILABLE: io exception
2022-04-26 01:54:26,829 [5f9c2808-8092-4bb8-be0b-9d445a417462@group-1DC918ECA009-LeaderElection46] INFO  impl.LeaderElection (LogUtils.java:infoOrTrace(137)) - 5f9c2808-8092-4bb8-be0b-9d445a417462@group-1DC918ECA009-LeaderElection46 got exception when requesting votes: java.util.concurrent.ExecutionException: org.apache.ratis.thirdparty.io.grpc.StatusRuntimeException: UNAVAILABLE: io exception
2022-04-26 01:54:26,829 [5f9c2808-8092-4bb8-be0b-9d445a417462@group-1DC918ECA009-LeaderElection46] INFO  impl.LeaderElection (LeaderElection.java:logAndReturn(89)) - 5f9c2808-8092-4bb8-be0b-9d445a417462@group-1DC918ECA009-LeaderElection46: ELECTION REJECTED received 0 response(s) and 2 exception(s):
2022-04-26 01:54:26,830 [5f9c2808-8092-4bb8-be0b-9d445a417462@group-1DC918ECA009-LeaderElection46] INFO  impl.LeaderElection (LogUtils.java:infoOrTrace(137)) -   Exception 0: java.util.concurrent.ExecutionException: org.apache.ratis.thirdparty.io.grpc.StatusRuntimeException: UNAVAILABLE: io exception
2022-04-26 01:54:26,830 [5f9c2808-8092-4bb8-be0b-9d445a417462@group-1DC918ECA009-LeaderElection46] INFO  impl.LeaderElection (LogUtils.java:infoOrTrace(137)) -   Exception 1: java.util.concurrent.ExecutionException: org.apache.ratis.thirdparty.io.grpc.StatusRuntimeException: UNAVAILABLE: io exception
2022-04-26 01:54:26,830 [5f9c2808-8092-4bb8-be0b-9d445a417462@group-1DC918ECA009-LeaderElection46] INFO  impl.LeaderElection (LeaderElection.java:askForVotes(308)) - 5f9c2808-8092-4bb8-be0b-9d445a417462@group-1DC918ECA009-LeaderElection46 ELECTION round 0: result REJECTED
2022-04-26 01:54:26,830 [5f9c2808-8092-4bb8-be0b-9d445a417462@group-1DC918ECA009-LeaderElection46] INFO  server.RaftServer$Division (RaftServerImpl.java:setRole(290)) - 5f9c2808-8092-4bb8-be0b-9d445a417462@group-1DC918ECA009: changes role from CANDIDATE to FOLLOWER at term 4 for REJECTED
2022-04-26 01:54:26,830 [5f9c2808-8092-4bb8-be0b-9d445a417462@group-1DC918ECA009-LeaderElection46] INFO  impl.RoleInfo (RoleInfo.java:shutdownLeaderElection(121)) - 5f9c2808-8092-4bb8-be0b-9d445a417462: shutdown 5f9c2808-8092-4bb8-be0b-9d445a417462@group-1DC918ECA009-LeaderElection46
2022-04-26 01:54:26,830 [5f9c2808-8092-4bb8-be0b-9d445a417462@group-1DC918ECA009-LeaderElection46] INFO  impl.RoleInfo (RoleInfo.java:updateAndGet(130)) - 5f9c2808-8092-4bb8-be0b-9d445a417462: start 5f9c2808-8092-4bb8-be0b-9d445a417462@group-1DC918ECA009-FollowerState
2022-04-26 01:54:29,562 [ForkJoinPool.commonPool-worker-1] INFO  ozoneimpl.OzoneContainer (OzoneContainer.java:stop(356)) - Attempting to stop container services.
2022-04-26 01:54:29,562 [ForkJoinPool.commonPool-worker-1] INFO  server.RaftServer (RaftServerProxy.java:lambda$close$6(391)) - 5f9c2808-8092-4bb8-be0b-9d445a417462: close
2022-04-26 01:54:29,562 [ForkJoinPool.commonPool-worker-1] INFO  server.RaftServer$Division (RaftServerImpl.java:lambda$close$4(412)) - 5f9c2808-8092-4bb8-be0b-9d445a417462@group-BE8C8513623B: shutdown
2022-04-26 01:54:29,562 [ForkJoinPool.commonPool-worker-1] INFO  util.JmxRegister (JmxRegister.java:unregister(73)) - Successfully un-registered JMX Bean with object name Ratis:service=RaftServer,group=group-BE8C8513623B,id=5f9c2808-8092-4bb8-be0b-9d445a417462
2022-04-26 01:54:29,563 [ForkJoinPool.commonPool-worker-1] INFO  impl.RoleInfo (RoleInfo.java:shutdownLeaderState(91)) - 5f9c2808-8092-4bb8-be0b-9d445a417462: shutdown 5f9c2808-8092-4bb8-be0b-9d445a417462@group-BE8C8513623B-LeaderStateImpl
2022-04-26 01:54:29,563 [ForkJoinPool.commonPool-worker-1] INFO  impl.PendingRequests (PendingRequests.java:sendNotLeaderResponses(282)) - 5f9c2808-8092-4bb8-be0b-9d445a417462@group-BE8C8513623B-PendingRequests: sendNotLeaderResponses
2022-04-26 01:54:29,563 [ForkJoinPool.commonPool-worker-1] INFO  impl.StateMachineUpdater (StateMachineUpdater.java:stopAndJoin(149)) - 5f9c2808-8092-4bb8-be0b-9d445a417462@group-BE8C8513623B-StateMachineUpdater: set stopIndex = 0
2022-04-26 01:54:29,564 [5f9c2808-8092-4bb8-be0b-9d445a417462@group-BE8C8513623B-StateMachineUpdater] INFO  ratis.ContainerStateMachine (ContainerStateMachine.java:takeSnapshot(304)) - group-BE8C8513623B: Taking a snapshot at:(t:1, i:0) file /home/runner/work/ozone/ozone/hadoop-ozone/integration-test/target/test-dir/MiniOzoneClusterImpl-f75a2855-399a-402c-9e8b-90c3c75b347d/datanode-0/data/ratis/fb017fbf-2c4f-49d8-9eeb-be8c8513623b/sm/snapshot.1_0
2022-04-26 01:54:29,564 [5f9c2808-8092-4bb8-be0b-9d445a417462@group-BE8C8513623B-StateMachineUpdater] INFO  ratis.ContainerStateMachine (ContainerStateMachine.java:takeSnapshot(315)) - group-BE8C8513623B: Finished taking a snapshot at:(t:1, i:0) file:/home/runner/work/ozone/ozone/hadoop-ozone/integration-test/target/test-dir/MiniOzoneClusterImpl-f75a2855-399a-402c-9e8b-90c3c75b347d/datanode-0/data/ratis/fb017fbf-2c4f-49d8-9eeb-be8c8513623b/sm/snapshot.1_0 took: 0 ms
2022-04-26 01:54:29,565 [5f9c2808-8092-4bb8-be0b-9d445a417462@group-BE8C8513623B-StateMachineUpdater] INFO  impl.StateMachineUpdater (StateMachineUpdater.java:takeSnapshot(281)) - 5f9c2808-8092-4bb8-be0b-9d445a417462@group-BE8C8513623B-StateMachineUpdater: Took a snapshot at index 0
2022-04-26 01:54:29,565 [5f9c2808-8092-4bb8-be0b-9d445a417462@group-BE8C8513623B-StateMachineUpdater] INFO  impl.StateMachineUpdater (StateMachineUpdater.java:lambda$new$0(89)) - 5f9c2808-8092-4bb8-be0b-9d445a417462@group-BE8C8513623B-StateMachineUpdater: snapshotIndex: updateIncreasingly -1 -> 0
2022-04-26 01:54:29,565 [ForkJoinPool.commonPool-worker-1] INFO  server.RaftServer$Division (ServerState.java:close(419)) - 5f9c2808-8092-4bb8-be0b-9d445a417462@group-BE8C8513623B: closes. applyIndex: 0
2022-04-26 01:54:29,565 [5f9c2808-8092-4bb8-be0b-9d445a417462@group-BE8C8513623B-SegmentedRaftLogWorker] INFO  segmented.SegmentedRaftLogWorker (SegmentedRaftLogWorker.java:run(327)) - 5f9c2808-8092-4bb8-be0b-9d445a417462@group-BE8C8513623B-SegmentedRaftLogWorker was interrupted, exiting. There are 0 tasks remaining in the queue.
2022-04-26 01:54:29,569 [Listener at 127.0.0.1/40803] INFO  ozoneimpl.OzoneContainer (OzoneContainer.java:stop(356)) - Attempting to stop container services.
2022-04-26 01:54:29,569 [ForkJoinPool.commonPool-worker-1] INFO  segmented.SegmentedRaftLogWorker (SegmentedRaftLogWorker.java:close(237)) - 5f9c2808-8092-4bb8-be0b-9d445a417462@group-BE8C8513623B-SegmentedRaftLogWorker close()
2022-04-26 01:54:29,572 [ForkJoinPool.commonPool-worker-1] INFO  server.RaftServer$Division (RaftServerImpl.java:lambda$close$4(412)) - 5f9c2808-8092-4bb8-be0b-9d445a417462@group-E82449261593: shutdown
2022-04-26 01:54:29,572 [ForkJoinPool.commonPool-worker-1] INFO  util.JmxRegister (JmxRegister.java:unregister(73)) - Successfully un-registered JMX Bean with object name Ratis:service=RaftServer,group=group-E82449261593,id=5f9c2808-8092-4bb8-be0b-9d445a417462
2022-04-26 01:54:29,572 [ForkJoinPool.commonPool-worker-1] INFO  impl.RoleInfo (RoleInfo.java:shutdownFollowerState(108)) - 5f9c2808-8092-4bb8-be0b-9d445a417462: shutdown 5f9c2808-8092-4bb8-be0b-9d445a417462@group-E82449261593-FollowerState
2022-04-26 01:54:29,572 [5f9c2808-8092-4bb8-be0b-9d445a417462@group-E82449261593-FollowerState] INFO  impl.FollowerState (FollowerState.java:run(143)) - 5f9c2808-8092-4bb8-be0b-9d445a417462@group-E82449261593-FollowerState was interrupted: {}
java.lang.InterruptedException: sleep interrupted
	at java.lang.Thread.sleep(Native Method)
	at java.lang.Thread.sleep(Thread.java:342)
	at java.util.concurrent.TimeUnit.sleep(TimeUnit.java:386)
	at org.apache.ratis.util.TimeDuration.sleep(TimeDuration.java:324)
	at org.apache.ratis.util.TimeDuration.sleep(TimeDuration.java:309)
	at org.apache.ratis.server.impl.FollowerState.run(FollowerState.java:118)
2022-04-26 01:54:29,572 [5f9c2808-8092-4bb8-be0b-9d445a417462@group-E82449261593-StateMachineUpdater] INFO  ratis.ContainerStateMachine (ContainerStateMachine.java:takeSnapshot(304)) - group-E82449261593: Taking a snapshot at:(t:1, i:28) file /home/runner/work/ozone/ozone/hadoop-ozone/integration-test/target/test-dir/MiniOzoneClusterImpl-f75a2855-399a-402c-9e8b-90c3c75b347d/datanode-0/data/ratis/16ab6ba8-6bca-446c-893c-e82449261593/sm/snapshot.1_28
2022-04-26 01:54:29,585 [ForkJoinPool.commonPool-worker-1] INFO  impl.StateMachineUpdater (StateMachineUpdater.java:stopAndJoin(149)) - 5f9c2808-8092-4bb8-be0b-9d445a417462@group-E82449261593-StateMachineUpdater: set stopIndex = 28
2022-04-26 01:54:29,589 [Listener at 127.0.0.1/40803] INFO  server.RaftServer (RaftServerProxy.java:lambda$close$6(391)) - 6a5f3765-4c59-4592-b8a0-ee9ddbc8d1d1: close
2022-04-26 01:54:29,589 [Listener at 127.0.0.1/40803] INFO  server.RaftServer$Division (RaftServerImpl.java:lambda$close$4(412)) - 6a5f3765-4c59-4592-b8a0-ee9ddbc8d1d1@group-37842F4596F3: shutdown
2022-04-26 01:54:29,590 [Listener at 127.0.0.1/40803] INFO  util.JmxRegister (JmxRegister.java:unregister(73)) - Successfully un-registered JMX Bean with object name Ratis:service=RaftServer,group=group-37842F4596F3,id=6a5f3765-4c59-4592-b8a0-ee9ddbc8d1d1
2022-04-26 01:54:29,590 [Listener at 127.0.0.1/40803] INFO  impl.RoleInfo (RoleInfo.java:shutdownLeaderState(91)) - 6a5f3765-4c59-4592-b8a0-ee9ddbc8d1d1: shutdown 6a5f3765-4c59-4592-b8a0-ee9ddbc8d1d1@group-37842F4596F3-LeaderStateImpl
2022-04-26 01:54:29,590 [Listener at 127.0.0.1/40803] INFO  impl.PendingRequests (PendingRequests.java:sendNotLeaderResponses(282)) - 6a5f3765-4c59-4592-b8a0-ee9ddbc8d1d1@group-37842F4596F3-PendingRequests: sendNotLeaderResponses
2022-04-26 01:54:29,590 [Listener at 127.0.0.1/40803] INFO  impl.StateMachineUpdater (StateMachineUpdater.java:stopAndJoin(149)) - 6a5f3765-4c59-4592-b8a0-ee9ddbc8d1d1@group-37842F4596F3-StateMachineUpdater: set stopIndex = 0
2022-04-26 01:54:29,591 [6a5f3765-4c59-4592-b8a0-ee9ddbc8d1d1@group-37842F4596F3-StateMachineUpdater] INFO  ratis.ContainerStateMachine (ContainerStateMachine.java:takeSnapshot(304)) - group-37842F4596F3: Taking a snapshot at:(t:1, i:0) file /home/runner/work/ozone/ozone/hadoop-ozone/integration-test/target/test-dir/MiniOzoneClusterImpl-f75a2855-399a-402c-9e8b-90c3c75b347d/datanode-4/data/ratis/160b716c-022c-41db-81d6-37842f4596f3/sm/snapshot.1_0
2022-04-26 01:54:29,593 [6a5f3765-4c59-4592-b8a0-ee9ddbc8d1d1@group-37842F4596F3-StateMachineUpdater] INFO  ratis.ContainerStateMachine (ContainerStateMachine.java:takeSnapshot(315)) - group-37842F4596F3: Finished taking a snapshot at:(t:1, i:0) file:/home/runner/work/ozone/ozone/hadoop-ozone/integration-test/target/test-dir/MiniOzoneClusterImpl-f75a2855-399a-402c-9e8b-90c3c75b347d/datanode-4/data/ratis/160b716c-022c-41db-81d6-37842f4596f3/sm/snapshot.1_0 took: 2 ms
2022-04-26 01:54:29,593 [6a5f3765-4c59-4592-b8a0-ee9ddbc8d1d1@group-37842F4596F3-StateMachineUpdater] INFO  impl.StateMachineUpdater (StateMachineUpdater.java:takeSnapshot(281)) - 6a5f3765-4c59-4592-b8a0-ee9ddbc8d1d1@group-37842F4596F3-StateMachineUpdater: Took a snapshot at index 0
2022-04-26 01:54:29,593 [6a5f3765-4c59-4592-b8a0-ee9ddbc8d1d1@group-37842F4596F3-StateMachineUpdater] INFO  impl.StateMachineUpdater (StateMachineUpdater.java:lambda$new$0(89)) - 6a5f3765-4c59-4592-b8a0-ee9ddbc8d1d1@group-37842F4596F3-StateMachineUpdater: snapshotIndex: updateIncreasingly -1 -> 0
2022-04-26 01:54:29,593 [5f9c2808-8092-4bb8-be0b-9d445a417462@group-E82449261593-StateMachineUpdater] INFO  ratis.ContainerStateMachine (ContainerStateMachine.java:takeSnapshot(315)) - group-E82449261593: Finished taking a snapshot at:(t:1, i:28) file:/home/runner/work/ozone/ozone/hadoop-ozone/integration-test/target/test-dir/MiniOzoneClusterImpl-f75a2855-399a-402c-9e8b-90c3c75b347d/datanode-0/data/ratis/16ab6ba8-6bca-446c-893c-e82449261593/sm/snapshot.1_28 took: 20 ms
2022-04-26 01:54:29,594 [5f9c2808-8092-4bb8-be0b-9d445a417462@group-E82449261593-StateMachineUpdater] INFO  impl.StateMachineUpdater (StateMachineUpdater.java:takeSnapshot(281)) - 5f9c2808-8092-4bb8-be0b-9d445a417462@group-E82449261593-StateMachineUpdater: Took a snapshot at index 28
2022-04-26 01:54:29,594 [5f9c2808-8092-4bb8-be0b-9d445a417462@group-E82449261593-StateMachineUpdater] INFO  impl.StateMachineUpdater (StateMachineUpdater.java:lambda$new$0(89)) - 5f9c2808-8092-4bb8-be0b-9d445a417462@group-E82449261593-StateMachineUpdater: snapshotIndex: updateIncreasingly -1 -> 28
2022-04-26 01:54:29,594 [ForkJoinPool.commonPool-worker-1] INFO  server.RaftServer$Division (ServerState.java:close(419)) - 5f9c2808-8092-4bb8-be0b-9d445a417462@group-E82449261593: closes. applyIndex: 28
2022-04-26 01:54:29,595 [5f9c2808-8092-4bb8-be0b-9d445a417462@group-E82449261593-SegmentedRaftLogWorker] INFO  segmented.SegmentedRaftLogWorker (SegmentedRaftLogWorker.java:run(327)) - 5f9c2808-8092-4bb8-be0b-9d445a417462@group-E82449261593-SegmentedRaftLogWorker was interrupted, exiting. There are 0 tasks remaining in the queue.
2022-04-26 01:54:29,595 [ForkJoinPool.commonPool-worker-1] INFO  segmented.SegmentedRaftLogWorker (SegmentedRaftLogWorker.java:close(237)) - 5f9c2808-8092-4bb8-be0b-9d445a417462@group-E82449261593-SegmentedRaftLogWorker close()
2022-04-26 01:54:29,596 [ForkJoinPool.commonPool-worker-1] INFO  server.RaftServer$Division (RaftServerImpl.java:lambda$close$4(412)) - 5f9c2808-8092-4bb8-be0b-9d445a417462@group-1DC918ECA009: shutdown
2022-04-26 01:54:29,596 [ForkJoinPool.commonPool-worker-1] INFO  util.JmxRegister (JmxRegister.java:unregister(73)) - Successfully un-registered JMX Bean with object name Ratis:service=RaftServer,group=group-1DC918ECA009,id=5f9c2808-8092-4bb8-be0b-9d445a417462
2022-04-26 01:54:29,596 [ForkJoinPool.commonPool-worker-1] INFO  impl.RoleInfo (RoleInfo.java:shutdownFollowerState(108)) - 5f9c2808-8092-4bb8-be0b-9d445a417462: shutdown 5f9c2808-8092-4bb8-be0b-9d445a417462@group-1DC918ECA009-FollowerState
2022-04-26 01:54:29,596 [ForkJoinPool.commonPool-worker-1] INFO  impl.StateMachineUpdater (StateMachineUpdater.java:stopAndJoin(149)) - 5f9c2808-8092-4bb8-be0b-9d445a417462@group-1DC918ECA009-StateMachineUpdater: set stopIndex = 0
2022-04-26 01:54:29,596 [5f9c2808-8092-4bb8-be0b-9d445a417462@group-1DC918ECA009-FollowerState] INFO  impl.FollowerState (FollowerState.java:run(143)) - 5f9c2808-8092-4bb8-be0b-9d445a417462@group-1DC918ECA009-FollowerState was interrupted: {}
java.lang.InterruptedException: sleep interrupted
	at java.lang.Thread.sleep(Native Method)
	at java.lang.Thread.sleep(Thread.java:342)
	at java.util.concurrent.TimeUnit.sleep(TimeUnit.java:386)
	at org.apache.ratis.util.TimeDuration.sleep(TimeDuration.java:324)
	at org.apache.ratis.util.TimeDuration.sleep(TimeDuration.java:309)
	at org.apache.ratis.server.impl.FollowerState.run(FollowerState.java:118)
2022-04-26 01:54:29,596 [5f9c2808-8092-4bb8-be0b-9d445a417462@group-1DC918ECA009-StateMachineUpdater] INFO  ratis.ContainerStateMachine (ContainerStateMachine.java:takeSnapshot(304)) - group-1DC918ECA009: Taking a snapshot at:(t:3, i:0) file /home/runner/work/ozone/ozone/hadoop-ozone/integration-test/target/test-dir/MiniOzoneClusterImpl-f75a2855-399a-402c-9e8b-90c3c75b347d/datanode-0/data/ratis/8fd4ea4f-9a91-4b97-9e98-1dc918eca009/sm/snapshot.3_0
2022-04-26 01:54:29,601 [Listener at 127.0.0.1/40803] INFO  server.RaftServer$Division (ServerState.java:close(419)) - 6a5f3765-4c59-4592-b8a0-ee9ddbc8d1d1@group-37842F4596F3: closes. applyIndex: 0
2022-04-26 01:54:29,617 [6a5f3765-4c59-4592-b8a0-ee9ddbc8d1d1@group-37842F4596F3-SegmentedRaftLogWorker] INFO  segmented.SegmentedRaftLogWorker (SegmentedRaftLogWorker.java:run(327)) - 6a5f3765-4c59-4592-b8a0-ee9ddbc8d1d1@group-37842F4596F3-SegmentedRaftLogWorker was interrupted, exiting. There are 0 tasks remaining in the queue.
2022-04-26 01:54:29,618 [5f9c2808-8092-4bb8-be0b-9d445a417462@group-1DC918ECA009-StateMachineUpdater] INFO  ratis.ContainerStateMachine (ContainerStateMachine.java:takeSnapshot(315)) - group-1DC918ECA009: Finished taking a snapshot at:(t:3, i:0) file:/home/runner/work/ozone/ozone/hadoop-ozone/integration-test/target/test-dir/MiniOzoneClusterImpl-f75a2855-399a-402c-9e8b-90c3c75b347d/datanode-0/data/ratis/8fd4ea4f-9a91-4b97-9e98-1dc918eca009/sm/snapshot.3_0 took: 21 ms
2022-04-26 01:54:29,618 [5f9c2808-8092-4bb8-be0b-9d445a417462@group-1DC918ECA009-StateMachineUpdater] INFO  impl.StateMachineUpdater (StateMachineUpdater.java:takeSnapshot(281)) - 5f9c2808-8092-4bb8-be0b-9d445a417462@group-1DC918ECA009-StateMachineUpdater: Took a snapshot at index 0
2022-04-26 01:54:29,618 [5f9c2808-8092-4bb8-be0b-9d445a417462@group-1DC918ECA009-StateMachineUpdater] INFO  impl.StateMachineUpdater (StateMachineUpdater.java:lambda$new$0(89)) - 5f9c2808-8092-4bb8-be0b-9d445a417462@group-1DC918ECA009-StateMachineUpdater: snapshotIndex: updateIncreasingly -1 -> 0
2022-04-26 01:54:29,619 [ForkJoinPool.commonPool-worker-1] INFO  server.RaftServer$Division (ServerState.java:close(419)) - 5f9c2808-8092-4bb8-be0b-9d445a417462@group-1DC918ECA009: closes. applyIndex: 0
2022-04-26 01:54:29,620 [5f9c2808-8092-4bb8-be0b-9d445a417462@group-1DC918ECA009-SegmentedRaftLogWorker] INFO  segmented.SegmentedRaftLogWorker (SegmentedRaftLogWorker.java:run(327)) - 5f9c2808-8092-4bb8-be0b-9d445a417462@group-1DC918ECA009-SegmentedRaftLogWorker was interrupted, exiting. There are 0 tasks remaining in the queue.
2022-04-26 01:54:29,621 [ForkJoinPool.commonPool-worker-1] INFO  segmented.SegmentedRaftLogWorker (SegmentedRaftLogWorker.java:close(237)) - 5f9c2808-8092-4bb8-be0b-9d445a417462@group-1DC918ECA009-SegmentedRaftLogWorker close()
2022-04-26 01:54:29,621 [ForkJoinPool.commonPool-worker-1] INFO  server.GrpcService (GrpcService.java:closeImpl(262)) - 5f9c2808-8092-4bb8-be0b-9d445a417462: shutdown server with port 40901 now
2022-04-26 01:54:29,622 [grpc-default-executor-1] WARN  client.GrpcClientProtocolService (LogUtils.java:warn(122)) - 1-UnorderedRequestStreamObserver1: onError: org.apache.ratis.thirdparty.io.grpc.StatusRuntimeException: CANCELLED: client cancelled
2022-04-26 01:54:29,625 [ForkJoinPool.commonPool-worker-1] INFO  server.GrpcService (GrpcService.java:closeImpl(271)) - 5f9c2808-8092-4bb8-be0b-9d445a417462: shutdown server with port 40901 successfully
2022-04-26 01:54:29,625 [org.apache.ratis.util.JvmPauseMonitor$$Lambda$580/456889832@761db95b] INFO  util.JvmPauseMonitor (JvmPauseMonitor.java:run(109)) - JvmPauseMonitor-5f9c2808-8092-4bb8-be0b-9d445a417462: Stopped
2022-04-26 01:54:29,645 [Listener at 127.0.0.1/40803] INFO  segmented.SegmentedRaftLogWorker (SegmentedRaftLogWorker.java:close(237)) - 6a5f3765-4c59-4592-b8a0-ee9ddbc8d1d1@group-37842F4596F3-SegmentedRaftLogWorker close()
2022-04-26 01:54:29,646 [Listener at 127.0.0.1/40803] INFO  server.GrpcService (GrpcService.java:closeImpl(262)) - 6a5f3765-4c59-4592-b8a0-ee9ddbc8d1d1: shutdown server with port 33891 now
2022-04-26 01:54:29,656 [Listener at 127.0.0.1/40803] INFO  server.GrpcService (GrpcService.java:closeImpl(271)) - 6a5f3765-4c59-4592-b8a0-ee9ddbc8d1d1: shutdown server with port 33891 successfully
2022-04-26 01:54:29,656 [org.apache.ratis.util.JvmPauseMonitor$$Lambda$580/456889832@26d659a7] INFO  util.JvmPauseMonitor (JvmPauseMonitor.java:run(109)) - JvmPauseMonitor-6a5f3765-4c59-4592-b8a0-ee9ddbc8d1d1: Stopped
2022-04-26 01:54:31,697 [ForkJoinPool.commonPool-worker-1] INFO  utils.BackgroundService (BackgroundService.java:shutdown(132)) - Shutting down service BlockDeletingService
2022-04-26 01:54:31,737 [Listener at 127.0.0.1/40803] INFO  utils.BackgroundService (BackgroundService.java:shutdown(132)) - Shutting down service BlockDeletingService
2022-04-26 01:54:34,741 [ForkJoinPool.commonPool-worker-1] INFO  statemachine.DatanodeStateMachine (DatanodeStateMachine.java:stopDaemon(560)) - Ozone container server stopped.
2022-04-26 01:54:34,742 [Listener at 127.0.0.1/40803] INFO  statemachine.DatanodeStateMachine (DatanodeStateMachine.java:stopDaemon(560)) - Ozone container server stopped.
2022-04-26 01:54:34,744 [ForkJoinPool.commonPool-worker-1] INFO  handler.ContextHandler (ContextHandler.java:doStop(1153)) - Stopped o.e.j.w.WebAppContext@6d0c95d3{hddsDatanode,/,null,STOPPED}{jar:file:/home/runner/.m2/repository/org/apache/ozone/hdds-container-service/1.3.0-SNAPSHOT/hdds-container-service-1.3.0-SNAPSHOT.jar!/webapps/hddsDatanode}
2022-04-26 01:54:34,744 [ForkJoinPool.commonPool-worker-1] INFO  server.AbstractConnector (AbstractConnector.java:doStop(381)) - Stopped ServerConnector@25a1888{HTTP/1.1, (http/1.1)}{0.0.0.0:0}
2022-04-26 01:54:34,745 [ForkJoinPool.commonPool-worker-1] INFO  server.session (HouseKeeper.java:stopScavenging(149)) - node0 Stopped scavenging
2022-04-26 01:54:34,745 [ForkJoinPool.commonPool-worker-1] INFO  handler.ContextHandler (ContextHandler.java:doStop(1153)) - Stopped o.e.j.s.ServletContextHandler@158f4c22{static,/static,jar:file:/home/runner/.m2/repository/org/apache/ozone/hdds-container-service/1.3.0-SNAPSHOT/hdds-container-service-1.3.0-SNAPSHOT.jar!/webapps/static,STOPPED}
2022-04-26 01:54:34,746 [ForkJoinPool.commonPool-worker-1] INFO  handler.ContextHandler (ContextHandler.java:doStop(1153)) - Stopped o.e.j.s.ServletContextHandler@57f39200{logs,/logs,file:///home/runner/work/ozone/ozone/hadoop-ozone/integration-test/target/log,STOPPED}
2022-04-26 01:54:34,763 [Listener at 127.0.0.1/40803] INFO  handler.ContextHandler (ContextHandler.java:doStop(1153)) - Stopped o.e.j.w.WebAppContext@2ad51c20{hddsDatanode,/,null,STOPPED}{jar:file:/home/runner/.m2/repository/org/apache/ozone/hdds-container-service/1.3.0-SNAPSHOT/hdds-container-service-1.3.0-SNAPSHOT.jar!/webapps/hddsDatanode}
2022-04-26 01:54:34,770 [Listener at 127.0.0.1/40803] INFO  server.AbstractConnector (AbstractConnector.java:doStop(381)) - Stopped ServerConnector@2871590d{HTTP/1.1, (http/1.1)}{0.0.0.0:0}
2022-04-26 01:54:34,770 [Listener at 127.0.0.1/40803] INFO  server.session (HouseKeeper.java:stopScavenging(149)) - node0 Stopped scavenging
2022-04-26 01:54:34,772 [Listener at 127.0.0.1/40803] INFO  handler.ContextHandler (ContextHandler.java:doStop(1153)) - Stopped o.e.j.s.ServletContextHandler@7bbe1cc9{static,/static,jar:file:/home/runner/.m2/repository/org/apache/ozone/hdds-container-service/1.3.0-SNAPSHOT/hdds-container-service-1.3.0-SNAPSHOT.jar!/webapps/static,STOPPED}
2022-04-26 01:54:34,772 [Listener at 127.0.0.1/40803] INFO  handler.ContextHandler (ContextHandler.java:doStop(1153)) - Stopped o.e.j.s.ServletContextHandler@4ada5f90{logs,/logs,file:///home/runner/work/ozone/ozone/hadoop-ozone/integration-test/target/log,STOPPED}
2022-04-26 01:54:39,747 [ForkJoinPool.commonPool-worker-1] INFO  ozoneimpl.OzoneContainer (OzoneContainer.java:stop(356)) - Attempting to stop container services.
2022-04-26 01:54:39,748 [ForkJoinPool.commonPool-worker-1] INFO  server.RaftServer (RaftServerProxy.java:lambda$close$6(391)) - 81ec24e6-6cd6-4f7d-92f4-0fd82cba14c4: close
2022-04-26 01:54:39,749 [ForkJoinPool.commonPool-worker-1] INFO  server.RaftServer$Division (RaftServerImpl.java:lambda$close$4(412)) - 81ec24e6-6cd6-4f7d-92f4-0fd82cba14c4@group-C8522D998663: shutdown
2022-04-26 01:54:39,749 [ForkJoinPool.commonPool-worker-1] INFO  util.JmxRegister (JmxRegister.java:unregister(73)) - Successfully un-registered JMX Bean with object name Ratis:service=RaftServer,group=group-C8522D998663,id=81ec24e6-6cd6-4f7d-92f4-0fd82cba14c4
2022-04-26 01:54:39,749 [ForkJoinPool.commonPool-worker-1] INFO  impl.RoleInfo (RoleInfo.java:shutdownLeaderState(91)) - 81ec24e6-6cd6-4f7d-92f4-0fd82cba14c4: shutdown 81ec24e6-6cd6-4f7d-92f4-0fd82cba14c4@group-C8522D998663-LeaderStateImpl
2022-04-26 01:54:39,749 [ForkJoinPool.commonPool-worker-1] INFO  impl.PendingRequests (PendingRequests.java:sendNotLeaderResponses(282)) - 81ec24e6-6cd6-4f7d-92f4-0fd82cba14c4@group-C8522D998663-PendingRequests: sendNotLeaderResponses
2022-04-26 01:54:39,749 [ForkJoinPool.commonPool-worker-1] INFO  impl.StateMachineUpdater (StateMachineUpdater.java:stopAndJoin(149)) - 81ec24e6-6cd6-4f7d-92f4-0fd82cba14c4@group-C8522D998663-StateMachineUpdater: set stopIndex = 0
2022-04-26 01:54:39,750 [81ec24e6-6cd6-4f7d-92f4-0fd82cba14c4@group-C8522D998663-StateMachineUpdater] INFO  ratis.ContainerStateMachine (ContainerStateMachine.java:takeSnapshot(304)) - group-C8522D998663: Taking a snapshot at:(t:1, i:0) file /home/runner/work/ozone/ozone/hadoop-ozone/integration-test/target/test-dir/MiniOzoneClusterImpl-f75a2855-399a-402c-9e8b-90c3c75b347d/datanode-3/data/ratis/90918781-9140-4c2a-922a-c8522d998663/sm/snapshot.1_0
2022-04-26 01:54:39,753 [81ec24e6-6cd6-4f7d-92f4-0fd82cba14c4@group-C8522D998663-StateMachineUpdater] INFO  ratis.ContainerStateMachine (ContainerStateMachine.java:takeSnapshot(315)) - group-C8522D998663: Finished taking a snapshot at:(t:1, i:0) file:/home/runner/work/ozone/ozone/hadoop-ozone/integration-test/target/test-dir/MiniOzoneClusterImpl-f75a2855-399a-402c-9e8b-90c3c75b347d/datanode-3/data/ratis/90918781-9140-4c2a-922a-c8522d998663/sm/snapshot.1_0 took: 3 ms
2022-04-26 01:54:39,753 [81ec24e6-6cd6-4f7d-92f4-0fd82cba14c4@group-C8522D998663-StateMachineUpdater] INFO  impl.StateMachineUpdater (StateMachineUpdater.java:takeSnapshot(281)) - 81ec24e6-6cd6-4f7d-92f4-0fd82cba14c4@group-C8522D998663-StateMachineUpdater: Took a snapshot at index 0
2022-04-26 01:54:39,753 [81ec24e6-6cd6-4f7d-92f4-0fd82cba14c4@group-C8522D998663-StateMachineUpdater] INFO  impl.StateMachineUpdater (StateMachineUpdater.java:lambda$new$0(89)) - 81ec24e6-6cd6-4f7d-92f4-0fd82cba14c4@group-C8522D998663-StateMachineUpdater: snapshotIndex: updateIncreasingly -1 -> 0
2022-04-26 01:54:39,754 [ForkJoinPool.commonPool-worker-1] INFO  server.RaftServer$Division (ServerState.java:close(419)) - 81ec24e6-6cd6-4f7d-92f4-0fd82cba14c4@group-C8522D998663: closes. applyIndex: 0
2022-04-26 01:54:39,754 [81ec24e6-6cd6-4f7d-92f4-0fd82cba14c4@group-C8522D998663-SegmentedRaftLogWorker] INFO  segmented.SegmentedRaftLogWorker (SegmentedRaftLogWorker.java:run(327)) - 81ec24e6-6cd6-4f7d-92f4-0fd82cba14c4@group-C8522D998663-SegmentedRaftLogWorker was interrupted, exiting. There are 0 tasks remaining in the queue.
2022-04-26 01:54:39,755 [ForkJoinPool.commonPool-worker-1] INFO  segmented.SegmentedRaftLogWorker (SegmentedRaftLogWorker.java:close(237)) - 81ec24e6-6cd6-4f7d-92f4-0fd82cba14c4@group-C8522D998663-SegmentedRaftLogWorker close()
2022-04-26 01:54:39,756 [ForkJoinPool.commonPool-worker-1] INFO  server.GrpcService (GrpcService.java:closeImpl(262)) - 81ec24e6-6cd6-4f7d-92f4-0fd82cba14c4: shutdown server with port 33603 now
2022-04-26 01:54:39,758 [ForkJoinPool.commonPool-worker-1] INFO  server.GrpcService (GrpcService.java:closeImpl(271)) - 81ec24e6-6cd6-4f7d-92f4-0fd82cba14c4: shutdown server with port 33603 successfully
2022-04-26 01:54:39,758 [org.apache.ratis.util.JvmPauseMonitor$$Lambda$580/456889832@5f6ff4fe] INFO  util.JvmPauseMonitor (JvmPauseMonitor.java:run(109)) - JvmPauseMonitor-81ec24e6-6cd6-4f7d-92f4-0fd82cba14c4: Stopped
2022-04-26 01:54:41,810 [ForkJoinPool.commonPool-worker-1] INFO  utils.BackgroundService (BackgroundService.java:shutdown(132)) - Shutting down service BlockDeletingService
2022-04-26 01:54:44,818 [ForkJoinPool.commonPool-worker-1] INFO  statemachine.DatanodeStateMachine (DatanodeStateMachine.java:stopDaemon(560)) - Ozone container server stopped.
2022-04-26 01:54:44,821 [ForkJoinPool.commonPool-worker-1] INFO  handler.ContextHandler (ContextHandler.java:doStop(1153)) - Stopped o.e.j.w.WebAppContext@5f9ae1a9{hddsDatanode,/,null,STOPPED}{jar:file:/home/runner/.m2/repository/org/apache/ozone/hdds-container-service/1.3.0-SNAPSHOT/hdds-container-service-1.3.0-SNAPSHOT.jar!/webapps/hddsDatanode}
2022-04-26 01:54:44,822 [ForkJoinPool.commonPool-worker-1] INFO  server.AbstractConnector (AbstractConnector.java:doStop(381)) - Stopped ServerConnector@59b3fbf9{HTTP/1.1, (http/1.1)}{0.0.0.0:0}
2022-04-26 01:54:44,822 [ForkJoinPool.commonPool-worker-1] INFO  server.session (HouseKeeper.java:stopScavenging(149)) - node0 Stopped scavenging
2022-04-26 01:54:44,824 [ForkJoinPool.commonPool-worker-1] INFO  handler.ContextHandler (ContextHandler.java:doStop(1153)) - Stopped o.e.j.s.ServletContextHandler@71422c3f{static,/static,jar:file:/home/runner/.m2/repository/org/apache/ozone/hdds-container-service/1.3.0-SNAPSHOT/hdds-container-service-1.3.0-SNAPSHOT.jar!/webapps/static,STOPPED}
2022-04-26 01:54:44,824 [ForkJoinPool.commonPool-worker-1] INFO  handler.ContextHandler (ContextHandler.java:doStop(1153)) - Stopped o.e.j.s.ServletContextHandler@1886b84c{logs,/logs,file:///home/runner/work/ozone/ozone/hadoop-ozone/integration-test/target/log,STOPPED}
2022-04-26 01:54:44,841 [Listener at 127.0.0.1/40803] INFO  ozone.MiniOzoneClusterImpl (MiniOzoneClusterImpl.java:stopSCM(545)) - Stopping the StorageContainerManager
2022-04-26 01:54:44,842 [Listener at 127.0.0.1/40803] INFO  server.StorageContainerManager (StorageContainerManager.java:stop(1415)) - Stopping Container Balancer service.
2022-04-26 01:54:44,842 [Listener at 127.0.0.1/40803] INFO  balancer.ContainerBalancer (ContainerBalancer.java:stopBalancer(916)) - Container Balancer is not running.
2022-04-26 01:54:44,842 [Listener at 127.0.0.1/40803] INFO  server.StorageContainerManager (StorageContainerManager.java:stop(1422)) - Stopping Replication Manager Service.
2022-04-26 01:54:44,842 [Listener at 127.0.0.1/40803] INFO  container.ReplicationManager (ReplicationManager.java:stop(357)) - Stopping Replication Monitor Thread.
2022-04-26 01:54:44,842 [Listener at 127.0.0.1/40803] INFO  server.StorageContainerManager (StorageContainerManager.java:stop(1429)) - Stopping the Datanode Admin Monitor.
2022-04-26 01:54:44,842 [Listener at 127.0.0.1/40803] INFO  server.StorageContainerManager (StorageContainerManager.java:stop(1436)) - Stopping Lease Manager of the command watchers
2022-04-26 01:54:44,842 [Listener at 127.0.0.1/40803] INFO  server.StorageContainerManager (StorageContainerManager.java:stop(1443)) - Stopping datanode service RPC server
2022-04-26 01:54:44,842 [Listener at 127.0.0.1/40803] INFO  server.SCMDatanodeProtocolServer (SCMDatanodeProtocolServer.java:stop(400)) - Stopping the RPC server for DataNodes
2022-04-26 01:54:44,842 [Listener at 127.0.0.1/40803] INFO  ipc.Server (Server.java:stop(3414)) - Stopping server on 34987
2022-04-26 01:54:44,861 [IPC Server Responder] INFO  ipc.Server (Server.java:run(1512)) - Stopping IPC Server Responder
2022-04-26 01:54:44,861 [IPC Server listener on 0] INFO  ipc.Server (Server.java:run(1376)) - Stopping IPC Server listener on 0
2022-04-26 01:54:44,925 [SCM Heartbeat Processing Thread - 0] WARN  node.NodeStateManager (NodeStateManager.java:scheduleNextHealthCheck(815)) - Current Thread is interrupted, shutting down HB processing thread for Node Manager.
2022-04-26 01:54:44,925 [Listener at 127.0.0.1/40803] INFO  server.StorageContainerManager (StorageContainerManager.java:stop(1451)) - Stopping block service RPC server
2022-04-26 01:54:44,926 [Listener at 127.0.0.1/40803] INFO  server.SCMBlockProtocolServer (SCMBlockProtocolServer.java:stop(160)) - Stopping the RPC server for Block Protocol
2022-04-26 01:54:44,926 [Listener at 127.0.0.1/40803] INFO  ipc.Server (Server.java:stop(3414)) - Stopping server on 34757
2022-04-26 01:54:44,937 [Listener at 127.0.0.1/40803] INFO  server.StorageContainerManager (StorageContainerManager.java:stop(1458)) - Stopping the StorageContainerLocationProtocol RPC server
2022-04-26 01:54:44,938 [Listener at 127.0.0.1/40803] INFO  server.SCMClientProtocolServer (SCMClientProtocolServer.java:stop(178)) - Stopping the RPC server for Client Protocol
2022-04-26 01:54:44,938 [Listener at 127.0.0.1/40803] INFO  ipc.Server (Server.java:stop(3414)) - Stopping server on 41795
2022-04-26 01:54:44,938 [IPC Server Responder] INFO  ipc.Server (Server.java:run(1512)) - Stopping IPC Server Responder
2022-04-26 01:54:44,940 [Listener at 127.0.0.1/40803] INFO  server.StorageContainerManager (StorageContainerManager.java:stop(1465)) - Stopping Storage Container Manager HTTP server.
2022-04-26 01:54:44,940 [Listener at 127.0.0.1/40803] INFO  handler.ContextHandler (ContextHandler.java:doStop(1153)) - Stopped o.e.j.w.WebAppContext@627b6b54{scm,/,null,STOPPED}{file:/home/runner/work/ozone/ozone/hadoop-ozone/integration-test/target/test-classes/webapps/scm}
2022-04-26 01:54:44,941 [Listener at 127.0.0.1/40803] INFO  server.AbstractConnector (AbstractConnector.java:doStop(381)) - Stopped ServerConnector@3e9b410a{HTTP/1.1, (http/1.1)}{0.0.0.0:0}
2022-04-26 01:54:44,941 [Listener at 127.0.0.1/40803] INFO  server.session (HouseKeeper.java:stopScavenging(149)) - node0 Stopped scavenging
2022-04-26 01:54:44,941 [Listener at 127.0.0.1/40803] INFO  handler.ContextHandler (ContextHandler.java:doStop(1153)) - Stopped o.e.j.s.ServletContextHandler@227833cd{static,/static,file:///home/runner/work/ozone/ozone/hadoop-ozone/integration-test/target/test-classes/webapps/static,STOPPED}
2022-04-26 01:54:44,942 [Listener at 127.0.0.1/40803] INFO  handler.ContextHandler (ContextHandler.java:doStop(1153)) - Stopped o.e.j.s.ServletContextHandler@17564b1b{logs,/logs,file:///home/runner/work/ozone/ozone/hadoop-ozone/integration-test/target/log,STOPPED}
2022-04-26 01:54:44,942 [IPC Server Responder] INFO  ipc.Server (Server.java:run(1512)) - Stopping IPC Server Responder
2022-04-26 01:54:44,944 [Listener at 127.0.0.1/40803] INFO  server.StorageContainerManager (StorageContainerManager.java:stop(1476)) - Stopping Block Manager Service.
2022-04-26 01:54:44,944 [Listener at 127.0.0.1/40803] INFO  utils.BackgroundService (BackgroundService.java:shutdown(132)) - Shutting down service SCMBlockDeletingService
2022-04-26 01:54:44,945 [Listener at 127.0.0.1/40803] INFO  utils.BackgroundService (BackgroundService.java:shutdown(132)) - Shutting down service SCMBlockDeletingService
2022-04-26 01:54:44,945 [Listener at 127.0.0.1/40803] INFO  server.StorageContainerManager (StorageContainerManager.java:stop(1503)) - Stopping SCM Event Queue.
2022-04-26 01:54:44,989 [Listener at 127.0.0.1/40803] INFO  server.StorageContainerManager (StorageContainerManager.java:stop(1514)) - Stopping SCM HA services.
2022-04-26 01:54:44,989 [Listener at 127.0.0.1/40803] INFO  pipeline.BackgroundPipelineCreator (BackgroundPipelineCreator.java:stop(154)) - Stopping RatisPipelineUtilsThread.
2022-04-26 01:54:44,989 [Listener at 127.0.0.1/40803] INFO  server.StorageContainerManager (StorageContainerManager.java:stop(1524)) - Stopping SCM MetadataStore.
2022-04-26 01:54:44,990 [Listener at 127.0.0.1/40803] INFO  impl.MetricsSystemImpl (MetricsSystemImpl.java:stop(210)) - Stopping HddsDatanode metrics system...
2022-04-26 01:54:44,991 [prometheus] INFO  impl.MetricsSinkAdapter (MetricsSinkAdapter.java:publishMetricsFromQueue(141)) - prometheus thread interrupted.
2022-04-26 01:54:45,001 [Listener at 127.0.0.1/40803] INFO  impl.MetricsSystemImpl (MetricsSystemImpl.java:stop(216)) - HddsDatanode metrics system stopped.
2022-04-26 01:54:45,009 [IPC Server listener on 0] INFO  ipc.Server (Server.java:run(1376)) - Stopping IPC Server listener on 0
2022-04-26 01:54:45,010 [IPC Server listener on 0] INFO  ipc.Server (Server.java:run(1376)) - Stopping IPC Server listener on 0
2022-04-26 01:54:45,167 [Listener at 127.0.0.1/40803] WARN  server.ServerUtils (ServerUtils.java:getScmDbDir(148)) - ozone.scm.db.dirs is not configured. We recommend adding this setting. Falling back to ozone.metadata.dirs instead.
2022-04-26 01:54:45,201 [Listener at 127.0.0.1/40803] INFO  ha.SCMHANodeDetails (SCMHANodeDetails.java:loadSCMHAConfig(157)) - ServiceID for StorageContainerManager is null
2022-04-26 01:54:45,201 [Listener at 127.0.0.1/40803] INFO  ha.SCMHANodeDetails (SCMHANodeDetails.java:loadSCMHAConfig(162)) - ozone.scm.default.service.id is not defined, falling back to ozone.scm.service.ids to find serviceID for StorageContainerManager if it is HA enabled cluster
2022-04-26 01:54:45,204 [Listener at 127.0.0.1/40803] WARN  server.ServerUtils (ServerUtils.java:getScmDbDir(148)) - ozone.scm.db.dirs is not configured. We recommend adding this setting. Falling back to ozone.metadata.dirs instead.
2022-04-26 01:54:45,204 [Listener at 127.0.0.1/40803] INFO  upgrade.AbstractLayoutVersionManager (AbstractLayoutVersionManager.java:init(79)) - Initializing Layout version manager with metadata layout = ERASURE_CODED_STORAGE_SUPPORT (version = 3), software layout = ERASURE_CODED_STORAGE_SUPPORT (version = 3)
2022-04-26 01:54:45,324 [Listener at 127.0.0.1/40803] INFO  reflections.Reflections (Reflections.java:scan(232)) - Reflections took 119 ms to scan 7 urls, producing 126 keys and 287 values 
2022-04-26 01:54:45,338 [Listener at 127.0.0.1/40803] WARN  utils.HAUtils (HAUtils.java:getMetaDir(342)) - ozone.scm.db.dirs is not configured. We recommend adding this setting. Falling back to ozone.metadata.dirs instead.
2022-04-26 01:54:45,345 [Listener at 127.0.0.1/40803] WARN  db.DBStoreBuilder (DBStoreBuilder.java:applyDBDefinition(145)) - ozone.scm.db.dirs is not configured. We recommend adding this setting. Falling back to ozone.metadata.dirs instead.
2022-04-26 01:54:45,651 [Listener at 127.0.0.1/40803] INFO  net.NodeSchemaLoader (NodeSchemaLoader.java:loadSchemaFromFile(129)) - Loading schema from [jar:file:/home/runner/.m2/repository/org/apache/ozone/hdds-common/1.3.0-SNAPSHOT/hdds-common-1.3.0-SNAPSHOT.jar!/network-topology-default.xml]
2022-04-26 01:54:45,651 [Listener at 127.0.0.1/40803] INFO  net.NodeSchemaLoader (NodeSchemaLoader.java:loadSchema(176)) - Loading network topology layer schema file
2022-04-26 01:54:45,655 [Listener at 127.0.0.1/40803] INFO  ha.SequenceIdGenerator (SequenceIdGenerator.java:upgradeToSequenceId(347)) - upgrade localId to 109611004723200000
2022-04-26 01:54:45,655 [Listener at 127.0.0.1/40803] INFO  ha.SequenceIdGenerator (SequenceIdGenerator.java:upgradeToSequenceId(357)) - upgrade delTxnId to 0
2022-04-26 01:54:45,655 [Listener at 127.0.0.1/40803] INFO  ha.SequenceIdGenerator (SequenceIdGenerator.java:upgradeToSequenceId(371)) - upgrade containerId to 0
2022-04-26 01:54:45,655 [Listener at 127.0.0.1/40803] INFO  ha.SequenceIdGenerator (SequenceIdGenerator.java:<init>(218)) - Init the HA SequenceIdGenerator.
2022-04-26 01:54:45,655 [Listener at 127.0.0.1/40803] WARN  server.ServerUtils (ServerUtils.java:sanitizeUserArgs(73)) - ozone.scm.stale.node.interval value = 300000 is larger than max = 100000 based on the key value of ozone.scm.heartbeat.thread.interval, reset to the max value 100000.
2022-04-26 01:54:45,656 [Listener at 127.0.0.1/40803] WARN  server.ServerUtils (ServerUtils.java:sanitizeUserArgs(73)) - ozone.scm.stale.node.interval value = 300000 is larger than max = 100000 based on the key value of ozone.scm.heartbeat.thread.interval, reset to the max value 100000.
2022-04-26 01:54:45,657 [Listener at 127.0.0.1/40803] INFO  node.SCMNodeManager (SCMNodeManager.java:<init>(146)) - Entering startup safe mode.
2022-04-26 01:54:45,657 [Listener at 127.0.0.1/40803] INFO  algorithms.ContainerPlacementPolicyFactory (ContainerPlacementPolicyFactory.java:getPolicyInternal(86)) - Create container placement policy of type org.apache.hadoop.hdds.scm.container.placement.algorithms.SCMContainerPlacementRandom
2022-04-26 01:54:45,658 [Listener at 127.0.0.1/40803] INFO  pipeline.PipelineStateManagerImpl (PipelineStateManagerImpl.java:initialize(78)) - No pipeline exists in current db
2022-04-26 01:54:45,658 [Listener at 127.0.0.1/40803] INFO  algorithms.LeaderChoosePolicyFactory (LeaderChoosePolicyFactory.java:getPolicy(57)) - Create leader choose policy of type org.apache.hadoop.hdds.scm.pipeline.leader.choose.algorithms.MinLeaderCountChoosePolicy
2022-04-26 01:54:45,658 [Listener at 127.0.0.1/40803] INFO  algorithms.ContainerPlacementPolicyFactory (ContainerPlacementPolicyFactory.java:getPolicyInternal(86)) - Create container placement policy of type org.apache.hadoop.hdds.scm.container.placement.algorithms.SCMContainerPlacementRackScatter
2022-04-26 01:54:45,658 [Listener at 127.0.0.1/40803] INFO  ha.SCMServiceManager (SCMServiceManager.java:register(42)) - Registering service BackgroundPipelineCreator.
2022-04-26 01:54:45,658 [Listener at 127.0.0.1/40803] INFO  pipeline.BackgroundPipelineCreator (BackgroundPipelineCreator.java:start(129)) - Starting RatisPipelineUtilsThread.
2022-04-26 01:54:45,659 [Listener at 127.0.0.1/40803] INFO  algorithms.PipelineChoosePolicyFactory (PipelineChoosePolicyFactory.java:createPipelineChoosePolicyFromClass(73)) - Create pipeline choose policy of type org.apache.hadoop.hdds.scm.pipeline.choose.algorithms.RandomPipelineChoosePolicy
2022-04-26 01:54:45,659 [Listener at 127.0.0.1/40803] INFO  ha.SCMServiceManager (SCMServiceManager.java:register(42)) - Registering service SCMBlockDeletingService.
2022-04-26 01:54:45,659 [Listener at 127.0.0.1/40803] INFO  ha.SCMServiceManager (SCMServiceManager.java:register(42)) - Registering service ReplicationManager.
2022-04-26 01:54:45,660 [Listener at 127.0.0.1/40803] INFO  container.ReplicationManager (ReplicationManager.java:start(326)) - Starting Replication Monitor Thread.
2022-04-26 01:54:45,660 [Listener at 127.0.0.1/40803] INFO  safemode.ContainerSafeModeRule (ContainerSafeModeRule.java:<init>(89)) - containers with one replica threshold count 0
2022-04-26 01:54:45,660 [Listener at 127.0.0.1/40803] INFO  safemode.HealthyPipelineSafeModeRule (HealthyPipelineSafeModeRule.java:initializeRule(156)) - Total pipeline count is 0, healthy pipeline threshold count is 1
2022-04-26 01:54:45,660 [Listener at 127.0.0.1/40803] INFO  safemode.OneReplicaPipelineSafeModeRule (OneReplicaPipelineSafeModeRule.java:initializeRule(180)) - Total pipeline count is 0, pipeline's with at least one datanode reported threshold count is 0
2022-04-26 01:54:45,690 [ReplicationMonitor] INFO  container.ReplicationManager (ReplicationManager.java:processAll(374)) - Replication Manager is not ready to run until 3000ms after safemode exit
2022-04-26 01:54:45,724 [Listener at 127.0.0.1/40803] INFO  ipc.CallQueueManager (CallQueueManager.java:<init>(90)) - Using callQueue: class java.util.concurrent.LinkedBlockingQueue, queueCapacity: 2000, scheduler: class org.apache.hadoop.ipc.DefaultRpcScheduler, ipcBackoff: false.
2022-04-26 01:54:45,734 [Socket Reader #1 for port 0] INFO  ipc.Server (Server.java:run(1265)) - Starting Socket Reader #1 for port 0
2022-04-26 01:54:45,758 [Listener at 0.0.0.0/42941] INFO  ipc.CallQueueManager (CallQueueManager.java:<init>(90)) - Using callQueue: class java.util.concurrent.LinkedBlockingQueue, queueCapacity: 2000, scheduler: class org.apache.hadoop.ipc.DefaultRpcScheduler, ipcBackoff: false.
2022-04-26 01:54:45,765 [Socket Reader #1 for port 0] INFO  ipc.Server (Server.java:run(1265)) - Starting Socket Reader #1 for port 0
2022-04-26 01:54:45,766 [Listener at 0.0.0.0/38217] INFO  ipc.CallQueueManager (CallQueueManager.java:<init>(90)) - Using callQueue: class java.util.concurrent.LinkedBlockingQueue, queueCapacity: 2000, scheduler: class org.apache.hadoop.ipc.DefaultRpcScheduler, ipcBackoff: false.
2022-04-26 01:54:45,767 [Socket Reader #1 for port 0] INFO  ipc.Server (Server.java:run(1265)) - Starting Socket Reader #1 for port 0
2022-04-26 01:54:45,819 [Listener at 0.0.0.0/41071] INFO  server.StorageContainerManager (StorageContainerManager.java:<init>(390)) - 
Container Balancer status:
Key                            Value
Running                        false
Container Balancer Configuration values:
Key                                                Value
Threshold                                          10
Max Datanodes to Involve per Iteration(percent)    20
Max Size to Move per Iteration                     500GB
Max Size Entering Target per Iteration             26GB
Max Size Leaving Source per Iteration              26GB

2022-04-26 01:54:45,819 [Listener at 0.0.0.0/41071] WARN  events.EventQueue (EventQueue.java:fireEvent(194)) - No event handler registered for event TypedEvent{payloadType=SafeModeStatus, name='Safe mode status'}
2022-04-26 01:54:45,819 [Listener at 0.0.0.0/41071] INFO  ha.SCMContext (SCMContext.java:updateSafeModeStatus(211)) - Update SafeModeStatus from SafeModeStatus{safeModeStatus=true, preCheckPassed=false} to SafeModeStatus{safeModeStatus=true, preCheckPassed=false}.
2022-04-26 01:54:45,819 [Listener at 0.0.0.0/41071] INFO  server.StorageContainerManager (StorageContainerManager.java:start(1328)) - StorageContainerLocationProtocol RPC server is listening at /0.0.0.0:41071
2022-04-26 01:54:45,821 [Listener at 0.0.0.0/41071] WARN  impl.MetricsConfig (MetricsConfig.java:loadFirst(136)) - Cannot locate configuration: tried hadoop-metrics2-storagecontainermanager.properties,hadoop-metrics2.properties
2022-04-26 01:54:45,837 [Listener at 0.0.0.0/41071] INFO  impl.MetricsSystemImpl (MetricsSystemImpl.java:startTimer(378)) - Scheduled Metric snapshot period at 10 second(s).
2022-04-26 01:54:45,837 [Listener at 0.0.0.0/41071] INFO  impl.MetricsSystemImpl (MetricsSystemImpl.java:start(191)) - StorageContainerManager metrics system started
2022-04-26 01:54:45,937 [Listener at 0.0.0.0/41071] INFO  impl.MetricsSinkAdapter (MetricsSinkAdapter.java:start(204)) - Sink prometheus started
2022-04-26 01:54:45,937 [Listener at 0.0.0.0/41071] INFO  impl.MetricsSystemImpl (MetricsSystemImpl.java:registerSink(305)) - Registered sink prometheus
2022-04-26 01:54:45,971 [Listener at 0.0.0.0/41071] INFO  server.SCMClientProtocolServer (SCMClientProtocolServer.java:start(169)) - RPC server for Client  is listening at /0.0.0.0:41071
2022-04-26 01:54:45,975 [IPC Server Responder] INFO  ipc.Server (Server.java:run(1507)) - IPC Server Responder: starting
2022-04-26 01:54:45,977 [IPC Server listener on 0] INFO  ipc.Server (Server.java:run(1344)) - IPC Server listener on 0: starting
2022-04-26 01:54:45,981 [Listener at 0.0.0.0/41071] INFO  server.StorageContainerManager (StorageContainerManager.java:start(1343)) - ScmBlockLocationProtocol RPC server is listening at /0.0.0.0:38217
2022-04-26 01:54:45,981 [Listener at 0.0.0.0/41071] INFO  server.SCMBlockProtocolServer (SCMBlockProtocolServer.java:start(151)) - RPC server for Block Protocol is listening at /0.0.0.0:38217
2022-04-26 01:54:45,981 [IPC Server Responder] INFO  ipc.Server (Server.java:run(1507)) - IPC Server Responder: starting
2022-04-26 01:54:45,981 [IPC Server listener on 0] INFO  ipc.Server (Server.java:run(1344)) - IPC Server listener on 0: starting
2022-04-26 01:54:45,983 [Listener at 0.0.0.0/41071] INFO  server.SCMDatanodeProtocolServer (SCMDatanodeProtocolServer.java:start(183)) - ScmDatanodeProtocol RPC server for DataNodes is listening at /0.0.0.0:42941
2022-04-26 01:54:45,983 [IPC Server Responder] INFO  ipc.Server (Server.java:run(1507)) - IPC Server Responder: starting
2022-04-26 01:54:45,984 [IPC Server listener on 0] INFO  ipc.Server (Server.java:run(1344)) - IPC Server listener on 0: starting
2022-04-26 01:54:46,058 [Listener at 0.0.0.0/41071] INFO  http.BaseHttpServer (BaseHttpServer.java:newHttpServer2BuilderForOzone(209)) - Starting Web-server for scm at: http://0.0.0.0:0
2022-04-26 01:54:46,058 [Listener at 0.0.0.0/41071] INFO  http.BaseHttpServer (BaseHttpServer.java:<init>(107)) - Hadoop Security Enabled: false Ozone Security Enabled: false Ozone HTTP Security Enabled: false 
2022-04-26 01:54:46,059 [Listener at 0.0.0.0/41071] INFO  server.AuthenticationFilter (AuthenticationFilter.java:constructSecretProvider(240)) - Unable to initialize FileSignerSecretProvider, falling back to use random secrets.
2022-04-26 01:54:46,066 [org.apache.hadoop.util.JvmPauseMonitor$Monitor@2147c47f] INFO  util.JvmPauseMonitor (JvmPauseMonitor.java:run(188)) - Starting JVM pause monitor
2022-04-26 01:54:46,075 [Listener at 0.0.0.0/41071] WARN  http.HttpRequestLog (HttpRequestLog.java:getRequestLog(103)) - Jetty request log can only be enabled using Log4j
2022-04-26 01:54:46,076 [Listener at 0.0.0.0/41071] INFO  http.HttpServer2 (HttpServer2.java:addGlobalFilter(1030)) - Added global filter 'safety' (class=org.apache.hadoop.hdds.server.http.HttpServer2$QuotingInputFilter)
2022-04-26 01:54:46,077 [Listener at 0.0.0.0/41071] INFO  http.HttpServer2 (HttpServer2.java:addFilter(1006)) - Added filter static_user_filter (class=org.apache.hadoop.http.lib.StaticUserWebFilter$StaticUserFilter) to context scm
2022-04-26 01:54:46,077 [Listener at 0.0.0.0/41071] INFO  http.HttpServer2 (HttpServer2.java:addFilter(1014)) - Added filter static_user_filter (class=org.apache.hadoop.http.lib.StaticUserWebFilter$StaticUserFilter) to context logs
2022-04-26 01:54:46,077 [Listener at 0.0.0.0/41071] INFO  http.HttpServer2 (HttpServer2.java:addFilter(1014)) - Added filter static_user_filter (class=org.apache.hadoop.http.lib.StaticUserWebFilter$StaticUserFilter) to context static
2022-04-26 01:54:46,078 [Listener at 0.0.0.0/41071] INFO  http.HttpServer2 (HttpServer2.java:bindListener(1249)) - Jetty bound to port 43693
2022-04-26 01:54:46,078 [Listener at 0.0.0.0/41071] INFO  server.Server (Server.java:doStart(375)) - jetty-9.4.43.v20210629; built: 2021-06-30T11:07:22.254Z; git: 526006ecfa3af7f1a27ef3a288e2bef7ea9dd7e8; jvm 1.8.0_322-b06
2022-04-26 01:54:46,118 [Listener at 0.0.0.0/41071] INFO  server.session (DefaultSessionIdManager.java:doStart(334)) - DefaultSessionIdManager workerName=node0
2022-04-26 01:54:46,118 [Listener at 0.0.0.0/41071] INFO  server.session (DefaultSessionIdManager.java:doStart(339)) - No SessionScavenger set, using defaults
2022-04-26 01:54:46,118 [Listener at 0.0.0.0/41071] INFO  server.session (HouseKeeper.java:startScavenging(132)) - node0 Scavenging every 660000ms
2022-04-26 01:54:46,119 [Listener at 0.0.0.0/41071] INFO  handler.ContextHandler (ContextHandler.java:doStart(915)) - Started o.e.j.s.ServletContextHandler@700cb93f{logs,/logs,file:///home/runner/work/ozone/ozone/hadoop-ozone/integration-test/target/log,AVAILABLE}
2022-04-26 01:54:46,119 [Listener at 0.0.0.0/41071] INFO  handler.ContextHandler (ContextHandler.java:doStart(915)) - Started o.e.j.s.ServletContextHandler@7e00e10b{static,/static,file:///home/runner/work/ozone/ozone/hadoop-ozone/integration-test/target/test-classes/webapps/static,AVAILABLE}
2022-04-26 01:54:46,122 [Listener at 0.0.0.0/41071] INFO  handler.ContextHandler (ContextHandler.java:doStart(915)) - Started o.e.j.w.WebAppContext@11969086{scm,/,file:///home/runner/work/ozone/ozone/hadoop-ozone/integration-test/target/test-classes/webapps/scm/,AVAILABLE}{file:/home/runner/work/ozone/ozone/hadoop-ozone/integration-test/target/test-classes/webapps/scm}
2022-04-26 01:54:46,203 [Listener at 0.0.0.0/41071] INFO  server.AbstractConnector (AbstractConnector.java:doStart(331)) - Started ServerConnector@46c1ef9e{HTTP/1.1, (http/1.1)}{0.0.0.0:43693}
2022-04-26 01:54:46,203 [Listener at 0.0.0.0/41071] INFO  server.Server (Server.java:doStart(415)) - Started @198087ms
2022-04-26 01:54:46,203 [Listener at 0.0.0.0/41071] WARN  impl.MetricsSystemImpl (MetricsSystemImpl.java:register(279)) - Sink prometheus already exists!
2022-04-26 01:54:46,205 [Listener at 0.0.0.0/41071] INFO  http.BaseHttpServer (BaseHttpServer.java:updateConnectorAddress(329)) - HTTP server of scm listening at http://0.0.0.0:43693
2022-04-26 01:54:46,206 [Listener at 0.0.0.0/41071] WARN  server.ServerUtils (ServerUtils.java:getDBPath(225)) - ozone.om.db.dirs is not configured. We recommend adding this setting. Falling back to ozone.metadata.dirs instead.
2022-04-26 01:54:46,207 [Listener at 0.0.0.0/41071] INFO  ha.OMHANodeDetails (OMHANodeDetails.java:loadOMHAConfig(112)) - ozone.om.internal.service.id is not defined, falling back to ozone.om.service.ids to find serviceID for OzoneManager if it is HA enabled cluster
2022-04-26 01:54:46,207 [Listener at 0.0.0.0/41071] INFO  ha.OMHANodeDetails (OMHANodeDetails.java:loadOMHAConfig(218)) - Configuration does not have ozone.om.address set. Falling back to the default OM address /127.0.0.1:0
2022-04-26 01:54:46,207 [Listener at 0.0.0.0/41071] INFO  ha.OMHANodeDetails (OMHANodeDetails.java:getOMNodeDetailsForNonHA(246)) - OM Service ID is not set. Setting it to the default ID: omServiceIdDefault
2022-04-26 01:54:46,207 [Listener at 0.0.0.0/41071] INFO  ha.OMHANodeDetails (OMHANodeDetails.java:getOMNodeDetailsForNonHA(253)) - OM Node ID is not set. Setting it to the default ID: om1
2022-04-26 01:54:46,208 [Listener at 0.0.0.0/41071] WARN  server.ServerUtils (ServerUtils.java:getDBPath(225)) - ozone.om.db.dirs is not configured. We recommend adding this setting. Falling back to ozone.metadata.dirs instead.
2022-04-26 01:54:46,208 [Listener at 0.0.0.0/41071] INFO  upgrade.AbstractLayoutVersionManager (AbstractLayoutVersionManager.java:init(79)) - Initializing Layout version manager with metadata layout = ERASURE_CODED_STORAGE_SUPPORT (version = 1), software layout = ERASURE_CODED_STORAGE_SUPPORT (version = 1)
2022-04-26 01:54:46,442 [Listener at 0.0.0.0/41071] INFO  reflections.Reflections (Reflections.java:scan(232)) - Reflections took 229 ms to scan 2 urls, producing 142 keys and 367 values [using 2 cores]
2022-04-26 01:54:46,442 [Listener at 0.0.0.0/41071] INFO  upgrade.OMLayoutVersionManager (OMLayoutVersionManager.java:lambda$0(115)) - Skipping Upgrade Action MockOmUpgradeAction since it has been finalized.
2022-04-26 01:54:46,442 [Listener at 0.0.0.0/41071] WARN  server.ServerUtils (ServerUtils.java:getDBPath(225)) - ozone.om.db.dirs is not configured. We recommend adding this setting. Falling back to ozone.metadata.dirs instead.
2022-04-26 01:54:46,538 [Listener at 0.0.0.0/41071] WARN  server.ServerUtils (ServerUtils.java:getDBPath(225)) - ozone.om.db.dirs is not configured. We recommend adding this setting. Falling back to ozone.metadata.dirs instead.
2022-04-26 01:54:46,539 [Listener at 0.0.0.0/41071] INFO  codec.OmKeyInfoCodec (OmKeyInfoCodec.java:<init>(49)) - OmKeyInfoCodec ignorePipeline = true
2022-04-26 01:54:46,539 [Listener at 0.0.0.0/41071] INFO  codec.RepeatedOmKeyInfoCodec (RepeatedOmKeyInfoCodec.java:<init>(41)) - RepeatedOmKeyInfoCodec ignorePipeline = true
2022-04-26 01:54:47,020 [Listener at 0.0.0.0/41071] INFO  om.OzoneManager (OzoneManager.java:addS3GVolumeToDB(3770)) - Created Volume s3v With Owner runner required for S3Gateway operations.
2022-04-26 01:54:48,361 [Listener at 0.0.0.0/41071] INFO  reflections.Reflections (Reflections.java:scan(232)) - Reflections took 1339 ms to scan 18 urls, producing 61 keys and 3645 values [using 2 cores]
2022-04-26 01:54:48,363 [Listener at 0.0.0.0/41071] INFO  ipc.CallQueueManager (CallQueueManager.java:<init>(90)) - Using callQueue: class java.util.concurrent.LinkedBlockingQueue, queueCapacity: 2000, scheduler: class org.apache.hadoop.ipc.DefaultRpcScheduler, ipcBackoff: false.
2022-04-26 01:54:48,385 [Socket Reader #1 for port 0] INFO  ipc.Server (Server.java:run(1265)) - Starting Socket Reader #1 for port 0
2022-04-26 01:54:48,462 [Listener at 127.0.0.1/35711] INFO  impl.MetricsSystemImpl (MetricsSystemImpl.java:init(158)) - OzoneManager metrics system started (again)
2022-04-26 01:54:48,498 [Listener at 127.0.0.1/35711] INFO  om.OzoneManager (OzoneManager.java:start(1367)) - OzoneManager RPC server is listening at localhost/127.0.0.1:35711
2022-04-26 01:54:48,498 [Listener at 127.0.0.1/35711] INFO  om.OzoneManager (OzoneManager.java:start(1383)) - Version File has different layout version (1) than OM DB (null). That is expected if this OM has never been finalized to a newer layout version.
2022-04-26 01:54:48,556 [Listener at 127.0.0.1/35711] INFO  http.BaseHttpServer (BaseHttpServer.java:newHttpServer2BuilderForOzone(209)) - Starting Web-server for ozoneManager at: http://0.0.0.0:0
2022-04-26 01:54:48,557 [Listener at 127.0.0.1/35711] INFO  http.BaseHttpServer (BaseHttpServer.java:<init>(107)) - Hadoop Security Enabled: false Ozone Security Enabled: false Ozone HTTP Security Enabled: false 
2022-04-26 01:54:48,557 [Listener at 127.0.0.1/35711] INFO  server.AuthenticationFilter (AuthenticationFilter.java:constructSecretProvider(240)) - Unable to initialize FileSignerSecretProvider, falling back to use random secrets.
2022-04-26 01:54:48,564 [Listener at 127.0.0.1/35711] WARN  http.HttpRequestLog (HttpRequestLog.java:getRequestLog(103)) - Jetty request log can only be enabled using Log4j
2022-04-26 01:54:48,565 [Listener at 127.0.0.1/35711] INFO  http.HttpServer2 (HttpServer2.java:addGlobalFilter(1030)) - Added global filter 'safety' (class=org.apache.hadoop.hdds.server.http.HttpServer2$QuotingInputFilter)
2022-04-26 01:54:48,569 [Listener at 127.0.0.1/35711] INFO  http.HttpServer2 (HttpServer2.java:addFilter(1006)) - Added filter static_user_filter (class=org.apache.hadoop.http.lib.StaticUserWebFilter$StaticUserFilter) to context ozoneManager
2022-04-26 01:54:48,569 [Listener at 127.0.0.1/35711] INFO  http.HttpServer2 (HttpServer2.java:addFilter(1014)) - Added filter static_user_filter (class=org.apache.hadoop.http.lib.StaticUserWebFilter$StaticUserFilter) to context static
2022-04-26 01:54:48,569 [Listener at 127.0.0.1/35711] INFO  http.HttpServer2 (HttpServer2.java:addFilter(1014)) - Added filter static_user_filter (class=org.apache.hadoop.http.lib.StaticUserWebFilter$StaticUserFilter) to context logs
2022-04-26 01:54:48,570 [Listener at 127.0.0.1/35711] INFO  http.HttpServer2 (HttpServer2.java:bindListener(1249)) - Jetty bound to port 36319
2022-04-26 01:54:48,570 [Listener at 127.0.0.1/35711] INFO  server.Server (Server.java:doStart(375)) - jetty-9.4.43.v20210629; built: 2021-06-30T11:07:22.254Z; git: 526006ecfa3af7f1a27ef3a288e2bef7ea9dd7e8; jvm 1.8.0_322-b06
2022-04-26 01:54:48,590 [Listener at 127.0.0.1/35711] INFO  server.session (DefaultSessionIdManager.java:doStart(334)) - DefaultSessionIdManager workerName=node0
2022-04-26 01:54:48,610 [Listener at 127.0.0.1/35711] INFO  server.session (DefaultSessionIdManager.java:doStart(339)) - No SessionScavenger set, using defaults
2022-04-26 01:54:48,610 [Listener at 127.0.0.1/35711] INFO  server.session (HouseKeeper.java:startScavenging(132)) - node0 Scavenging every 660000ms
2022-04-26 01:54:48,611 [Listener at 127.0.0.1/35711] INFO  handler.ContextHandler (ContextHandler.java:doStart(915)) - Started o.e.j.s.ServletContextHandler@2e60f647{logs,/logs,file:///home/runner/work/ozone/ozone/hadoop-ozone/integration-test/target/log,AVAILABLE}
2022-04-26 01:54:48,612 [Listener at 127.0.0.1/35711] INFO  handler.ContextHandler (ContextHandler.java:doStart(915)) - Started o.e.j.s.ServletContextHandler@56003365{static,/static,file:///home/runner/work/ozone/ozone/hadoop-ozone/integration-test/target/test-classes/webapps/static,AVAILABLE}
2022-04-26 01:54:48,614 [Listener at 127.0.0.1/35711] INFO  handler.ContextHandler (ContextHandler.java:doStart(915)) - Started o.e.j.w.WebAppContext@3b2bc1cd{ozoneManager,/,file:///home/runner/work/ozone/ozone/hadoop-ozone/integration-test/target/test-classes/webapps/ozoneManager/,AVAILABLE}{file:/home/runner/work/ozone/ozone/hadoop-ozone/integration-test/target/test-classes/webapps/ozoneManager}
2022-04-26 01:54:48,653 [Listener at 127.0.0.1/35711] INFO  server.AbstractConnector (AbstractConnector.java:doStart(331)) - Started ServerConnector@7f02462a{HTTP/1.1, (http/1.1)}{0.0.0.0:36319}
2022-04-26 01:54:48,653 [Listener at 127.0.0.1/35711] INFO  server.Server (Server.java:doStart(415)) - Started @200537ms
2022-04-26 01:54:48,654 [Listener at 127.0.0.1/35711] WARN  impl.MetricsSystemImpl (MetricsSystemImpl.java:register(279)) - Sink prometheus already exists!
2022-04-26 01:54:48,654 [Listener at 127.0.0.1/35711] INFO  http.BaseHttpServer (BaseHttpServer.java:updateConnectorAddress(329)) - HTTP server of ozoneManager listening at http://0.0.0.0:36319
2022-04-26 01:54:48,654 [IPC Server Responder] INFO  ipc.Server (Server.java:run(1507)) - IPC Server Responder: starting
2022-04-26 01:54:48,691 [IPC Server listener on 0] INFO  ipc.Server (Server.java:run(1344)) - IPC Server listener on 0: starting
2022-04-26 01:54:48,734 [Listener at 127.0.0.1/35711] INFO  om.TrashPolicyOzone (TrashPolicyOzone.java:<init>(178)) - Ozone Manager trash configuration: Deletion interval = 0 minutes, Emptier interval = 0 minutes.
2022-04-26 01:54:48,736 [org.apache.hadoop.util.JvmPauseMonitor$Monitor@498ad9fe] INFO  util.JvmPauseMonitor (JvmPauseMonitor.java:run(188)) - Starting JVM pause monitor
2022-04-26 01:54:48,801 [Listener at 127.0.0.1/35711] INFO  impl.MetricsSystemImpl (MetricsSystemImpl.java:init(158)) - HddsDatanode metrics system started (again)
2022-04-26 01:54:48,845 [Listener at 127.0.0.1/35711] INFO  ozone.HddsDatanodeService (HddsDatanodeService.java:start(233)) - HddsDatanodeService host:fv-az50-870.grzltbmokehuzjyc5b133kdqgh.cx.internal.cloudapp.net ip:10.1.0.42
2022-04-26 01:54:48,938 [Listener at 127.0.0.1/35711] INFO  upgrade.AbstractLayoutVersionManager (AbstractLayoutVersionManager.java:init(79)) - Initializing Layout version manager with metadata layout = ERASURE_CODED_STORAGE_SUPPORT (version = 3), software layout = ERASURE_CODED_STORAGE_SUPPORT (version = 3)
2022-04-26 01:54:49,016 [Listener at 127.0.0.1/35711] INFO  reflections.Reflections (Reflections.java:scan(232)) - Reflections took 77 ms to scan 7 urls, producing 126 keys and 287 values 
2022-04-26 01:54:49,018 [Listener at 127.0.0.1/35711] INFO  statemachine.DatanodeStateMachine (DatanodeStateMachine.java:getEndPointTaskThreadPoolSize(224)) - Datanode State Machine Task Thread Pool size 2
2022-04-26 01:54:49,019 [Listener at 127.0.0.1/35711] INFO  volume.HddsVolume (HddsVolume.java:<init>(120)) - Creating HddsVolume: /home/runner/work/ozone/ozone/hadoop-ozone/integration-test/target/test-dir/MiniOzoneClusterImpl-b265c8eb-45a8-4330-a699-f70d21251437/datanode-0/data-0/containers/hdds of storage type : DISK capacity : 9223372036854775807
2022-04-26 01:54:49,019 [Listener at 127.0.0.1/35711] INFO  volume.MutableVolumeSet (MutableVolumeSet.java:initializeVolumeSet(168)) - Added Volume : /home/runner/work/ozone/ozone/hadoop-ozone/integration-test/target/test-dir/MiniOzoneClusterImpl-b265c8eb-45a8-4330-a699-f70d21251437/datanode-0/data-0/containers/hdds to VolumeSet
2022-04-26 01:54:49,019 [Listener at 127.0.0.1/35711] INFO  volume.ThrottledAsyncChecker (ThrottledAsyncChecker.java:schedule(141)) - Scheduling a check for /home/runner/work/ozone/ozone/hadoop-ozone/integration-test/target/test-dir/MiniOzoneClusterImpl-b265c8eb-45a8-4330-a699-f70d21251437/datanode-0/data-0/containers/hdds
2022-04-26 01:54:49,020 [Listener at 127.0.0.1/35711] INFO  volume.StorageVolumeChecker (StorageVolumeChecker.java:checkAllVolumes(202)) - Scheduled health check for volume /home/runner/work/ozone/ozone/hadoop-ozone/integration-test/target/test-dir/MiniOzoneClusterImpl-b265c8eb-45a8-4330-a699-f70d21251437/datanode-0/data-0/containers/hdds
2022-04-26 01:54:49,031 [Listener at 127.0.0.1/35711] INFO  volume.MutableVolumeSet (MutableVolumeSet.java:initializeVolumeSet(168)) - Added Volume : /home/runner/work/ozone/ozone/hadoop-ozone/integration-test/target/test-dir/MiniOzoneClusterImpl-b265c8eb-45a8-4330-a699-f70d21251437/datanode-0/data/ratis to VolumeSet
2022-04-26 01:54:49,031 [Listener at 127.0.0.1/35711] INFO  volume.ThrottledAsyncChecker (ThrottledAsyncChecker.java:schedule(141)) - Scheduling a check for /home/runner/work/ozone/ozone/hadoop-ozone/integration-test/target/test-dir/MiniOzoneClusterImpl-b265c8eb-45a8-4330-a699-f70d21251437/datanode-0/data/ratis
2022-04-26 01:54:49,031 [Listener at 127.0.0.1/35711] INFO  volume.StorageVolumeChecker (StorageVolumeChecker.java:checkAllVolumes(202)) - Scheduled health check for volume /home/runner/work/ozone/ozone/hadoop-ozone/integration-test/target/test-dir/MiniOzoneClusterImpl-b265c8eb-45a8-4330-a699-f70d21251437/datanode-0/data/ratis
2022-04-26 01:54:49,041 [Thread-1352] INFO  ozoneimpl.ContainerReader (ContainerReader.java:readVolume(172)) - Finish verifying containers on volume /home/runner/work/ozone/ozone/hadoop-ozone/integration-test/target/test-dir/MiniOzoneClusterImpl-b265c8eb-45a8-4330-a699-f70d21251437/datanode-0/data-0/containers/hdds
2022-04-26 01:54:49,041 [Listener at 127.0.0.1/35711] INFO  ozoneimpl.OzoneContainer (OzoneContainer.java:buildContainerSet(257)) - Build ContainerSet costs 0s
2022-04-26 01:54:49,043 [Listener at 127.0.0.1/35711] INFO  server.RaftServer (ConfUtils.java:logGet(44)) - raft.rpc.type = GRPC (default)
2022-04-26 01:54:49,043 [Listener at 127.0.0.1/35711] INFO  grpc.GrpcFactory (GrpcFactory.java:checkPooledByteBufAllocatorUseCacheForAllThreads(48)) - PERFORMANCE WARNING: useCacheForAllThreads is true that may cause Netty to create a lot garbage objects and, as a result, trigger GC.
	It is recommended to disable useCacheForAllThreads by setting -Dorg.apache.ratis.thirdparty.io.netty.allocator.useCacheForAllThreads=false in command line.
2022-04-26 01:54:49,043 [Listener at 127.0.0.1/35711] INFO  grpc.GrpcConfigKeys (ConfUtils.java:logGet(44)) - raft.grpc.admin.port = 0 (custom)
2022-04-26 01:54:49,043 [Listener at 127.0.0.1/35711] INFO  grpc.GrpcConfigKeys (ConfUtils.java:logGet(44)) - raft.grpc.client.port = 0 (custom)
2022-04-26 01:54:49,043 [Listener at 127.0.0.1/35711] INFO  grpc.GrpcConfigKeys (ConfUtils.java:logGet(44)) - raft.grpc.server.port = 0 (default)
2022-04-26 01:54:49,044 [Listener at 127.0.0.1/35711] INFO  server.GrpcService (ConfUtils.java:logGet(44)) - raft.grpc.message.size.max = 32MB (=33554432) (custom)
2022-04-26 01:54:49,044 [Listener at 127.0.0.1/35711] INFO  server.RaftServerConfigKeys (ConfUtils.java:logGet(44)) - raft.server.log.appender.buffer.byte-limit = 33554432 (custom)
2022-04-26 01:54:49,044 [Listener at 127.0.0.1/35711] INFO  server.GrpcService (ConfUtils.java:logGet(44)) - raft.grpc.flow.control.window = 5MB (=5242880) (custom)
2022-04-26 01:54:49,044 [Listener at 127.0.0.1/35711] INFO  server.RaftServerConfigKeys (ConfUtils.java:logGet(44)) - raft.server.rpc.request.timeout = 60s (custom)
2022-04-26 01:54:49,046 [Listener at 127.0.0.1/35711] INFO  impl.DataStreamServerImpl (ConfUtils.java:logGet(44)) - raft.datastream.type = DISABLED (default)
2022-04-26 01:54:49,046 [Listener at 127.0.0.1/35711] INFO  server.RaftServerConfigKeys (ConfUtils.java:logGet(44)) - raft.server.rpc.slowness.timeout = 300s (custom)
2022-04-26 01:54:49,046 [Listener at 127.0.0.1/35711] INFO  server.RaftServerConfigKeys (ConfUtils.java:logGet(44)) - raft.server.leaderelection.leader.step-down.wait-time = 10s (default)
2022-04-26 01:54:49,046 [Listener at 127.0.0.1/35711] INFO  server.RaftServerConfigKeys (ConfUtils.java:logGet(44)) - raft.server.storage.dir = [/home/runner/work/ozone/ozone/hadoop-ozone/integration-test/target/test-dir/MiniOzoneClusterImpl-b265c8eb-45a8-4330-a699-f70d21251437/datanode-0/data/ratis] (custom)
2022-04-26 01:54:49,047 [Listener at 127.0.0.1/35711] INFO  server.XceiverServerGrpc (XceiverServerGrpc.java:<init>(132)) - GrpcServer channel type EpollServerSocketChannel
2022-04-26 01:54:49,050 [Listener at 127.0.0.1/35711] INFO  http.BaseHttpServer (BaseHttpServer.java:newHttpServer2BuilderForOzone(209)) - Starting Web-server for hddsDatanode at: http://0.0.0.0:0
2022-04-26 01:54:49,050 [Listener at 127.0.0.1/35711] INFO  http.BaseHttpServer (BaseHttpServer.java:<init>(107)) - Hadoop Security Enabled: false Ozone Security Enabled: false Ozone HTTP Security Enabled: false 
2022-04-26 01:54:49,051 [Listener at 127.0.0.1/35711] INFO  server.AuthenticationFilter (AuthenticationFilter.java:constructSecretProvider(240)) - Unable to initialize FileSignerSecretProvider, falling back to use random secrets.
2022-04-26 01:54:49,055 [Listener at 127.0.0.1/35711] WARN  http.HttpRequestLog (HttpRequestLog.java:getRequestLog(103)) - Jetty request log can only be enabled using Log4j
2022-04-26 01:54:49,056 [Listener at 127.0.0.1/35711] INFO  http.HttpServer2 (HttpServer2.java:addGlobalFilter(1030)) - Added global filter 'safety' (class=org.apache.hadoop.hdds.server.http.HttpServer2$QuotingInputFilter)
2022-04-26 01:54:49,056 [Listener at 127.0.0.1/35711] INFO  http.HttpServer2 (HttpServer2.java:addFilter(1006)) - Added filter static_user_filter (class=org.apache.hadoop.http.lib.StaticUserWebFilter$StaticUserFilter) to context hddsDatanode
2022-04-26 01:54:49,056 [Listener at 127.0.0.1/35711] INFO  http.HttpServer2 (HttpServer2.java:addFilter(1014)) - Added filter static_user_filter (class=org.apache.hadoop.http.lib.StaticUserWebFilter$StaticUserFilter) to context logs
2022-04-26 01:54:49,056 [Listener at 127.0.0.1/35711] INFO  http.HttpServer2 (HttpServer2.java:addFilter(1014)) - Added filter static_user_filter (class=org.apache.hadoop.http.lib.StaticUserWebFilter$StaticUserFilter) to context static
2022-04-26 01:54:49,057 [Listener at 127.0.0.1/35711] INFO  http.HttpServer2 (HttpServer2.java:bindListener(1249)) - Jetty bound to port 44903
2022-04-26 01:54:49,058 [Listener at 127.0.0.1/35711] INFO  server.Server (Server.java:doStart(375)) - jetty-9.4.43.v20210629; built: 2021-06-30T11:07:22.254Z; git: 526006ecfa3af7f1a27ef3a288e2bef7ea9dd7e8; jvm 1.8.0_322-b06
2022-04-26 01:54:49,212 [Listener at 127.0.0.1/35711] INFO  server.session (DefaultSessionIdManager.java:doStart(334)) - DefaultSessionIdManager workerName=node0
2022-04-26 01:54:49,212 [Listener at 127.0.0.1/35711] INFO  server.session (DefaultSessionIdManager.java:doStart(339)) - No SessionScavenger set, using defaults
2022-04-26 01:54:49,212 [Listener at 127.0.0.1/35711] INFO  server.session (HouseKeeper.java:startScavenging(132)) - node0 Scavenging every 660000ms
2022-04-26 01:54:49,217 [Listener at 127.0.0.1/35711] INFO  handler.ContextHandler (ContextHandler.java:doStart(915)) - Started o.e.j.s.ServletContextHandler@5f920f01{logs,/logs,file:///home/runner/work/ozone/ozone/hadoop-ozone/integration-test/target/log,AVAILABLE}
2022-04-26 01:54:49,218 [Listener at 127.0.0.1/35711] INFO  handler.ContextHandler (ContextHandler.java:doStart(915)) - Started o.e.j.s.ServletContextHandler@e457a43{static,/static,jar:file:/home/runner/.m2/repository/org/apache/ozone/hdds-container-service/1.3.0-SNAPSHOT/hdds-container-service-1.3.0-SNAPSHOT.jar!/webapps/static,AVAILABLE}
2022-04-26 01:54:49,379 [Listener at 127.0.0.1/35711] INFO  handler.ContextHandler (ContextHandler.java:doStart(915)) - Started o.e.j.w.WebAppContext@4d088fd3{hddsDatanode,/,file:///tmp/jetty-0_0_0_0-44903-hdds-container-service-1_3_0-SNAPSHOT_jar-_-any-5890453398964014920/webapp/,AVAILABLE}{jar:file:/home/runner/.m2/repository/org/apache/ozone/hdds-container-service/1.3.0-SNAPSHOT/hdds-container-service-1.3.0-SNAPSHOT.jar!/webapps/hddsDatanode}
2022-04-26 01:54:49,406 [Listener at 127.0.0.1/35711] INFO  server.AbstractConnector (AbstractConnector.java:doStart(331)) - Started ServerConnector@6520c9f9{HTTP/1.1, (http/1.1)}{0.0.0.0:44903}
2022-04-26 01:54:49,406 [Listener at 127.0.0.1/35711] INFO  server.Server (Server.java:doStart(415)) - Started @201290ms
2022-04-26 01:54:49,406 [Listener at 127.0.0.1/35711] WARN  impl.MetricsSystemImpl (MetricsSystemImpl.java:register(279)) - Sink prometheus already exists!
2022-04-26 01:54:49,429 [Listener at 127.0.0.1/35711] INFO  http.BaseHttpServer (BaseHttpServer.java:updateConnectorAddress(329)) - HTTP server of hddsDatanode listening at http://0.0.0.0:44903
2022-04-26 01:54:49,433 [Listener at 127.0.0.1/35711] INFO  impl.MetricsSystemImpl (MetricsSystemImpl.java:init(158)) - HddsDatanode metrics system started (again)
2022-04-26 01:54:49,441 [Datanode State Machine Daemon Thread] INFO  statemachine.DatanodeStateMachine (DatanodeStateMachine.java:lambda$startDaemon$0(472)) - Ozone container server started.
2022-04-26 01:54:49,491 [Listener at 127.0.0.1/35711] INFO  ozone.HddsDatanodeService (HddsDatanodeService.java:start(233)) - HddsDatanodeService host:fv-az50-870.grzltbmokehuzjyc5b133kdqgh.cx.internal.cloudapp.net ip:10.1.0.42
2022-04-26 01:54:49,571 [Listener at 127.0.0.1/35711] INFO  upgrade.AbstractLayoutVersionManager (AbstractLayoutVersionManager.java:init(79)) - Initializing Layout version manager with metadata layout = ERASURE_CODED_STORAGE_SUPPORT (version = 3), software layout = ERASURE_CODED_STORAGE_SUPPORT (version = 3)
2022-04-26 01:54:49,613 [org.apache.hadoop.util.JvmPauseMonitor$Monitor@791a0722] INFO  util.JvmPauseMonitor (JvmPauseMonitor.java:run(188)) - Starting JVM pause monitor
2022-04-26 01:54:49,625 [Datanode State Machine Task Thread - 0] INFO  datanode.InitDatanodeState (InitDatanodeState.java:persistContainerDatanodeDetails(138)) - DatanodeDetails is persisted to /home/runner/work/ozone/ozone/hadoop-ozone/integration-test/target/test-dir/MiniOzoneClusterImpl-b265c8eb-45a8-4330-a699-f70d21251437/datanode-0/meta/datanode.id
2022-04-26 01:54:49,781 [Listener at 127.0.0.1/35711] INFO  reflections.Reflections (Reflections.java:scan(232)) - Reflections took 209 ms to scan 7 urls, producing 126 keys and 287 values 
2022-04-26 01:54:49,782 [Listener at 127.0.0.1/35711] INFO  statemachine.DatanodeStateMachine (DatanodeStateMachine.java:getEndPointTaskThreadPoolSize(224)) - Datanode State Machine Task Thread Pool size 2
2022-04-26 01:54:49,802 [Listener at 127.0.0.1/35711] INFO  volume.HddsVolume (HddsVolume.java:<init>(120)) - Creating HddsVolume: /home/runner/work/ozone/ozone/hadoop-ozone/integration-test/target/test-dir/MiniOzoneClusterImpl-b265c8eb-45a8-4330-a699-f70d21251437/datanode-1/data-0/containers/hdds of storage type : DISK capacity : 9223372036854775807
2022-04-26 01:54:49,803 [Listener at 127.0.0.1/35711] INFO  volume.MutableVolumeSet (MutableVolumeSet.java:initializeVolumeSet(168)) - Added Volume : /home/runner/work/ozone/ozone/hadoop-ozone/integration-test/target/test-dir/MiniOzoneClusterImpl-b265c8eb-45a8-4330-a699-f70d21251437/datanode-1/data-0/containers/hdds to VolumeSet
2022-04-26 01:54:49,803 [Listener at 127.0.0.1/35711] INFO  volume.ThrottledAsyncChecker (ThrottledAsyncChecker.java:schedule(141)) - Scheduling a check for /home/runner/work/ozone/ozone/hadoop-ozone/integration-test/target/test-dir/MiniOzoneClusterImpl-b265c8eb-45a8-4330-a699-f70d21251437/datanode-1/data-0/containers/hdds
2022-04-26 01:54:49,803 [Listener at 127.0.0.1/35711] INFO  volume.StorageVolumeChecker (StorageVolumeChecker.java:checkAllVolumes(202)) - Scheduled health check for volume /home/runner/work/ozone/ozone/hadoop-ozone/integration-test/target/test-dir/MiniOzoneClusterImpl-b265c8eb-45a8-4330-a699-f70d21251437/datanode-1/data-0/containers/hdds
2022-04-26 01:54:49,820 [Listener at 127.0.0.1/35711] INFO  volume.MutableVolumeSet (MutableVolumeSet.java:initializeVolumeSet(168)) - Added Volume : /home/runner/work/ozone/ozone/hadoop-ozone/integration-test/target/test-dir/MiniOzoneClusterImpl-b265c8eb-45a8-4330-a699-f70d21251437/datanode-1/data/ratis to VolumeSet
2022-04-26 01:54:49,820 [Listener at 127.0.0.1/35711] INFO  volume.ThrottledAsyncChecker (ThrottledAsyncChecker.java:schedule(141)) - Scheduling a check for /home/runner/work/ozone/ozone/hadoop-ozone/integration-test/target/test-dir/MiniOzoneClusterImpl-b265c8eb-45a8-4330-a699-f70d21251437/datanode-1/data/ratis
2022-04-26 01:54:49,821 [Listener at 127.0.0.1/35711] INFO  volume.StorageVolumeChecker (StorageVolumeChecker.java:checkAllVolumes(202)) - Scheduled health check for volume /home/runner/work/ozone/ozone/hadoop-ozone/integration-test/target/test-dir/MiniOzoneClusterImpl-b265c8eb-45a8-4330-a699-f70d21251437/datanode-1/data/ratis
2022-04-26 01:54:49,917 [Thread-1364] INFO  ozoneimpl.ContainerReader (ContainerReader.java:readVolume(172)) - Finish verifying containers on volume /home/runner/work/ozone/ozone/hadoop-ozone/integration-test/target/test-dir/MiniOzoneClusterImpl-b265c8eb-45a8-4330-a699-f70d21251437/datanode-1/data-0/containers/hdds
2022-04-26 01:54:49,917 [Listener at 127.0.0.1/35711] INFO  ozoneimpl.OzoneContainer (OzoneContainer.java:buildContainerSet(257)) - Build ContainerSet costs 0s
2022-04-26 01:54:49,938 [Listener at 127.0.0.1/35711] INFO  server.RaftServer (ConfUtils.java:logGet(44)) - raft.rpc.type = GRPC (default)
2022-04-26 01:54:49,938 [Listener at 127.0.0.1/35711] INFO  grpc.GrpcFactory (GrpcFactory.java:checkPooledByteBufAllocatorUseCacheForAllThreads(48)) - PERFORMANCE WARNING: useCacheForAllThreads is true that may cause Netty to create a lot garbage objects and, as a result, trigger GC.
	It is recommended to disable useCacheForAllThreads by setting -Dorg.apache.ratis.thirdparty.io.netty.allocator.useCacheForAllThreads=false in command line.
2022-04-26 01:54:49,939 [Listener at 127.0.0.1/35711] INFO  grpc.GrpcConfigKeys (ConfUtils.java:logGet(44)) - raft.grpc.admin.port = 0 (custom)
2022-04-26 01:54:49,939 [Listener at 127.0.0.1/35711] INFO  grpc.GrpcConfigKeys (ConfUtils.java:logGet(44)) - raft.grpc.client.port = 0 (custom)
2022-04-26 01:54:49,939 [Listener at 127.0.0.1/35711] INFO  grpc.GrpcConfigKeys (ConfUtils.java:logGet(44)) - raft.grpc.server.port = 0 (default)
2022-04-26 01:54:49,951 [Listener at 127.0.0.1/35711] INFO  server.GrpcService (ConfUtils.java:logGet(44)) - raft.grpc.message.size.max = 32MB (=33554432) (custom)
2022-04-26 01:54:49,951 [Listener at 127.0.0.1/35711] INFO  server.RaftServerConfigKeys (ConfUtils.java:logGet(44)) - raft.server.log.appender.buffer.byte-limit = 33554432 (custom)
2022-04-26 01:54:49,951 [Listener at 127.0.0.1/35711] INFO  server.GrpcService (ConfUtils.java:logGet(44)) - raft.grpc.flow.control.window = 5MB (=5242880) (custom)
2022-04-26 01:54:49,951 [Listener at 127.0.0.1/35711] INFO  server.RaftServerConfigKeys (ConfUtils.java:logGet(44)) - raft.server.rpc.request.timeout = 60s (custom)
2022-04-26 01:54:49,952 [Listener at 127.0.0.1/35711] INFO  impl.DataStreamServerImpl (ConfUtils.java:logGet(44)) - raft.datastream.type = DISABLED (default)
2022-04-26 01:54:49,953 [Listener at 127.0.0.1/35711] INFO  server.RaftServerConfigKeys (ConfUtils.java:logGet(44)) - raft.server.rpc.slowness.timeout = 300s (custom)
2022-04-26 01:54:49,953 [Listener at 127.0.0.1/35711] INFO  server.RaftServerConfigKeys (ConfUtils.java:logGet(44)) - raft.server.leaderelection.leader.step-down.wait-time = 10s (default)
2022-04-26 01:54:49,953 [Listener at 127.0.0.1/35711] INFO  server.RaftServerConfigKeys (ConfUtils.java:logGet(44)) - raft.server.storage.dir = [/home/runner/work/ozone/ozone/hadoop-ozone/integration-test/target/test-dir/MiniOzoneClusterImpl-b265c8eb-45a8-4330-a699-f70d21251437/datanode-1/data/ratis] (custom)
2022-04-26 01:54:49,954 [Listener at 127.0.0.1/35711] INFO  server.XceiverServerGrpc (XceiverServerGrpc.java:<init>(132)) - GrpcServer channel type EpollServerSocketChannel
2022-04-26 01:54:49,966 [Listener at 127.0.0.1/35711] INFO  http.BaseHttpServer (BaseHttpServer.java:newHttpServer2BuilderForOzone(209)) - Starting Web-server for hddsDatanode at: http://0.0.0.0:0
2022-04-26 01:54:49,966 [Listener at 127.0.0.1/35711] INFO  http.BaseHttpServer (BaseHttpServer.java:<init>(107)) - Hadoop Security Enabled: false Ozone Security Enabled: false Ozone HTTP Security Enabled: false 
2022-04-26 01:54:49,967 [Listener at 127.0.0.1/35711] INFO  server.AuthenticationFilter (AuthenticationFilter.java:constructSecretProvider(240)) - Unable to initialize FileSignerSecretProvider, falling back to use random secrets.
2022-04-26 01:54:49,972 [Listener at 127.0.0.1/35711] WARN  http.HttpRequestLog (HttpRequestLog.java:getRequestLog(103)) - Jetty request log can only be enabled using Log4j
2022-04-26 01:54:49,973 [Listener at 127.0.0.1/35711] INFO  http.HttpServer2 (HttpServer2.java:addGlobalFilter(1030)) - Added global filter 'safety' (class=org.apache.hadoop.hdds.server.http.HttpServer2$QuotingInputFilter)
2022-04-26 01:54:49,974 [Listener at 127.0.0.1/35711] INFO  http.HttpServer2 (HttpServer2.java:addFilter(1006)) - Added filter static_user_filter (class=org.apache.hadoop.http.lib.StaticUserWebFilter$StaticUserFilter) to context hddsDatanode
2022-04-26 01:54:49,974 [Listener at 127.0.0.1/35711] INFO  http.HttpServer2 (HttpServer2.java:addFilter(1014)) - Added filter static_user_filter (class=org.apache.hadoop.http.lib.StaticUserWebFilter$StaticUserFilter) to context logs
2022-04-26 01:54:49,974 [Listener at 127.0.0.1/35711] INFO  http.HttpServer2 (HttpServer2.java:addFilter(1014)) - Added filter static_user_filter (class=org.apache.hadoop.http.lib.StaticUserWebFilter$StaticUserFilter) to context static
2022-04-26 01:54:49,974 [Listener at 127.0.0.1/35711] INFO  http.HttpServer2 (HttpServer2.java:bindListener(1249)) - Jetty bound to port 42985
2022-04-26 01:54:49,974 [Listener at 127.0.0.1/35711] INFO  server.Server (Server.java:doStart(375)) - jetty-9.4.43.v20210629; built: 2021-06-30T11:07:22.254Z; git: 526006ecfa3af7f1a27ef3a288e2bef7ea9dd7e8; jvm 1.8.0_322-b06
2022-04-26 01:54:49,983 [Listener at 127.0.0.1/35711] INFO  server.session (DefaultSessionIdManager.java:doStart(334)) - DefaultSessionIdManager workerName=node0
2022-04-26 01:54:49,983 [Listener at 127.0.0.1/35711] INFO  server.session (DefaultSessionIdManager.java:doStart(339)) - No SessionScavenger set, using defaults
2022-04-26 01:54:49,984 [Listener at 127.0.0.1/35711] INFO  server.session (HouseKeeper.java:startScavenging(132)) - node0 Scavenging every 660000ms
2022-04-26 01:54:49,984 [Listener at 127.0.0.1/35711] INFO  handler.ContextHandler (ContextHandler.java:doStart(915)) - Started o.e.j.s.ServletContextHandler@7925da37{logs,/logs,file:///home/runner/work/ozone/ozone/hadoop-ozone/integration-test/target/log,AVAILABLE}
2022-04-26 01:54:49,984 [Listener at 127.0.0.1/35711] INFO  handler.ContextHandler (ContextHandler.java:doStart(915)) - Started o.e.j.s.ServletContextHandler@7624028{static,/static,jar:file:/home/runner/.m2/repository/org/apache/ozone/hdds-container-service/1.3.0-SNAPSHOT/hdds-container-service-1.3.0-SNAPSHOT.jar!/webapps/static,AVAILABLE}
2022-04-26 01:54:50,040 [Listener at 127.0.0.1/35711] INFO  handler.ContextHandler (ContextHandler.java:doStart(915)) - Started o.e.j.w.WebAppContext@541dd65d{hddsDatanode,/,file:///tmp/jetty-0_0_0_0-42985-hdds-container-service-1_3_0-SNAPSHOT_jar-_-any-2252336673739366368/webapp/,AVAILABLE}{jar:file:/home/runner/.m2/repository/org/apache/ozone/hdds-container-service/1.3.0-SNAPSHOT/hdds-container-service-1.3.0-SNAPSHOT.jar!/webapps/hddsDatanode}
2022-04-26 01:54:50,055 [Listener at 127.0.0.1/35711] INFO  server.AbstractConnector (AbstractConnector.java:doStart(331)) - Started ServerConnector@2dafce1c{HTTP/1.1, (http/1.1)}{0.0.0.0:42985}
2022-04-26 01:54:50,056 [Listener at 127.0.0.1/35711] INFO  server.Server (Server.java:doStart(415)) - Started @201939ms
2022-04-26 01:54:50,056 [Listener at 127.0.0.1/35711] WARN  impl.MetricsSystemImpl (MetricsSystemImpl.java:register(279)) - Sink prometheus already exists!
2022-04-26 01:54:50,056 [Listener at 127.0.0.1/35711] INFO  http.BaseHttpServer (BaseHttpServer.java:updateConnectorAddress(329)) - HTTP server of hddsDatanode listening at http://0.0.0.0:42985
2022-04-26 01:54:50,057 [Listener at 127.0.0.1/35711] INFO  impl.MetricsSystemImpl (MetricsSystemImpl.java:init(158)) - HddsDatanode metrics system started (again)
2022-04-26 01:54:50,067 [Listener at 127.0.0.1/35711] INFO  ozone.HddsDatanodeService (HddsDatanodeService.java:start(233)) - HddsDatanodeService host:fv-az50-870.grzltbmokehuzjyc5b133kdqgh.cx.internal.cloudapp.net ip:10.1.0.42
2022-04-26 01:54:50,067 [Datanode State Machine Daemon Thread] INFO  statemachine.DatanodeStateMachine (DatanodeStateMachine.java:lambda$startDaemon$0(472)) - Ozone container server started.
2022-04-26 01:54:50,099 [Listener at 127.0.0.1/35711] INFO  upgrade.AbstractLayoutVersionManager (AbstractLayoutVersionManager.java:init(79)) - Initializing Layout version manager with metadata layout = ERASURE_CODED_STORAGE_SUPPORT (version = 3), software layout = ERASURE_CODED_STORAGE_SUPPORT (version = 3)
2022-04-26 01:54:50,193 [org.apache.hadoop.util.JvmPauseMonitor$Monitor@14c2ddc2] INFO  util.JvmPauseMonitor (JvmPauseMonitor.java:run(188)) - Starting JVM pause monitor
2022-04-26 01:54:50,242 [Listener at 127.0.0.1/35711] INFO  reflections.Reflections (Reflections.java:scan(232)) - Reflections took 142 ms to scan 7 urls, producing 126 keys and 287 values 
2022-04-26 01:54:50,244 [Listener at 127.0.0.1/35711] INFO  statemachine.DatanodeStateMachine (DatanodeStateMachine.java:getEndPointTaskThreadPoolSize(224)) - Datanode State Machine Task Thread Pool size 2
2022-04-26 01:54:50,257 [Listener at 127.0.0.1/35711] INFO  volume.HddsVolume (HddsVolume.java:<init>(120)) - Creating HddsVolume: /home/runner/work/ozone/ozone/hadoop-ozone/integration-test/target/test-dir/MiniOzoneClusterImpl-b265c8eb-45a8-4330-a699-f70d21251437/datanode-2/data-0/containers/hdds of storage type : DISK capacity : 9223372036854775807
2022-04-26 01:54:50,258 [Listener at 127.0.0.1/35711] INFO  volume.MutableVolumeSet (MutableVolumeSet.java:initializeVolumeSet(168)) - Added Volume : /home/runner/work/ozone/ozone/hadoop-ozone/integration-test/target/test-dir/MiniOzoneClusterImpl-b265c8eb-45a8-4330-a699-f70d21251437/datanode-2/data-0/containers/hdds to VolumeSet
2022-04-26 01:54:50,258 [Listener at 127.0.0.1/35711] INFO  volume.ThrottledAsyncChecker (ThrottledAsyncChecker.java:schedule(141)) - Scheduling a check for /home/runner/work/ozone/ozone/hadoop-ozone/integration-test/target/test-dir/MiniOzoneClusterImpl-b265c8eb-45a8-4330-a699-f70d21251437/datanode-2/data-0/containers/hdds
2022-04-26 01:54:50,260 [Listener at 127.0.0.1/35711] INFO  volume.StorageVolumeChecker (StorageVolumeChecker.java:checkAllVolumes(202)) - Scheduled health check for volume /home/runner/work/ozone/ozone/hadoop-ozone/integration-test/target/test-dir/MiniOzoneClusterImpl-b265c8eb-45a8-4330-a699-f70d21251437/datanode-2/data-0/containers/hdds
2022-04-26 01:54:50,266 [Datanode State Machine Task Thread - 0] INFO  datanode.InitDatanodeState (InitDatanodeState.java:persistContainerDatanodeDetails(138)) - DatanodeDetails is persisted to /home/runner/work/ozone/ozone/hadoop-ozone/integration-test/target/test-dir/MiniOzoneClusterImpl-b265c8eb-45a8-4330-a699-f70d21251437/datanode-1/meta/datanode.id
2022-04-26 01:54:50,286 [Listener at 127.0.0.1/35711] INFO  volume.MutableVolumeSet (MutableVolumeSet.java:initializeVolumeSet(168)) - Added Volume : /home/runner/work/ozone/ozone/hadoop-ozone/integration-test/target/test-dir/MiniOzoneClusterImpl-b265c8eb-45a8-4330-a699-f70d21251437/datanode-2/data/ratis to VolumeSet
2022-04-26 01:54:50,286 [Listener at 127.0.0.1/35711] INFO  volume.ThrottledAsyncChecker (ThrottledAsyncChecker.java:schedule(141)) - Scheduling a check for /home/runner/work/ozone/ozone/hadoop-ozone/integration-test/target/test-dir/MiniOzoneClusterImpl-b265c8eb-45a8-4330-a699-f70d21251437/datanode-2/data/ratis
2022-04-26 01:54:50,286 [Listener at 127.0.0.1/35711] INFO  volume.StorageVolumeChecker (StorageVolumeChecker.java:checkAllVolumes(202)) - Scheduled health check for volume /home/runner/work/ozone/ozone/hadoop-ozone/integration-test/target/test-dir/MiniOzoneClusterImpl-b265c8eb-45a8-4330-a699-f70d21251437/datanode-2/data/ratis
2022-04-26 01:54:50,382 [Thread-1376] INFO  ozoneimpl.ContainerReader (ContainerReader.java:readVolume(172)) - Finish verifying containers on volume /home/runner/work/ozone/ozone/hadoop-ozone/integration-test/target/test-dir/MiniOzoneClusterImpl-b265c8eb-45a8-4330-a699-f70d21251437/datanode-2/data-0/containers/hdds
2022-04-26 01:54:50,382 [Listener at 127.0.0.1/35711] INFO  ozoneimpl.OzoneContainer (OzoneContainer.java:buildContainerSet(257)) - Build ContainerSet costs 0s
2022-04-26 01:54:50,384 [Listener at 127.0.0.1/35711] INFO  server.RaftServer (ConfUtils.java:logGet(44)) - raft.rpc.type = GRPC (default)
2022-04-26 01:54:50,384 [Listener at 127.0.0.1/35711] INFO  grpc.GrpcFactory (GrpcFactory.java:checkPooledByteBufAllocatorUseCacheForAllThreads(48)) - PERFORMANCE WARNING: useCacheForAllThreads is true that may cause Netty to create a lot garbage objects and, as a result, trigger GC.
	It is recommended to disable useCacheForAllThreads by setting -Dorg.apache.ratis.thirdparty.io.netty.allocator.useCacheForAllThreads=false in command line.
2022-04-26 01:54:50,399 [Listener at 127.0.0.1/35711] INFO  grpc.GrpcConfigKeys (ConfUtils.java:logGet(44)) - raft.grpc.admin.port = 0 (custom)
2022-04-26 01:54:50,400 [Listener at 127.0.0.1/35711] INFO  grpc.GrpcConfigKeys (ConfUtils.java:logGet(44)) - raft.grpc.client.port = 0 (custom)
2022-04-26 01:54:50,400 [Listener at 127.0.0.1/35711] INFO  grpc.GrpcConfigKeys (ConfUtils.java:logGet(44)) - raft.grpc.server.port = 0 (default)
2022-04-26 01:54:50,400 [Listener at 127.0.0.1/35711] INFO  server.GrpcService (ConfUtils.java:logGet(44)) - raft.grpc.message.size.max = 32MB (=33554432) (custom)
2022-04-26 01:54:50,400 [Listener at 127.0.0.1/35711] INFO  server.RaftServerConfigKeys (ConfUtils.java:logGet(44)) - raft.server.log.appender.buffer.byte-limit = 33554432 (custom)
2022-04-26 01:54:50,400 [Listener at 127.0.0.1/35711] INFO  server.GrpcService (ConfUtils.java:logGet(44)) - raft.grpc.flow.control.window = 5MB (=5242880) (custom)
2022-04-26 01:54:50,400 [Listener at 127.0.0.1/35711] INFO  server.RaftServerConfigKeys (ConfUtils.java:logGet(44)) - raft.server.rpc.request.timeout = 60s (custom)
2022-04-26 01:54:50,409 [Listener at 127.0.0.1/35711] INFO  impl.DataStreamServerImpl (ConfUtils.java:logGet(44)) - raft.datastream.type = DISABLED (default)
2022-04-26 01:54:50,409 [Listener at 127.0.0.1/35711] INFO  server.RaftServerConfigKeys (ConfUtils.java:logGet(44)) - raft.server.rpc.slowness.timeout = 300s (custom)
2022-04-26 01:54:50,409 [Listener at 127.0.0.1/35711] INFO  server.RaftServerConfigKeys (ConfUtils.java:logGet(44)) - raft.server.leaderelection.leader.step-down.wait-time = 10s (default)
2022-04-26 01:54:50,410 [Listener at 127.0.0.1/35711] INFO  server.RaftServerConfigKeys (ConfUtils.java:logGet(44)) - raft.server.storage.dir = [/home/runner/work/ozone/ozone/hadoop-ozone/integration-test/target/test-dir/MiniOzoneClusterImpl-b265c8eb-45a8-4330-a699-f70d21251437/datanode-2/data/ratis] (custom)
2022-04-26 01:54:50,411 [Listener at 127.0.0.1/35711] INFO  server.XceiverServerGrpc (XceiverServerGrpc.java:<init>(132)) - GrpcServer channel type EpollServerSocketChannel
2022-04-26 01:54:50,441 [Listener at 127.0.0.1/35711] INFO  http.BaseHttpServer (BaseHttpServer.java:newHttpServer2BuilderForOzone(209)) - Starting Web-server for hddsDatanode at: http://0.0.0.0:0
2022-04-26 01:54:50,441 [Listener at 127.0.0.1/35711] INFO  http.BaseHttpServer (BaseHttpServer.java:<init>(107)) - Hadoop Security Enabled: false Ozone Security Enabled: false Ozone HTTP Security Enabled: false 
2022-04-26 01:54:50,442 [Listener at 127.0.0.1/35711] INFO  server.AuthenticationFilter (AuthenticationFilter.java:constructSecretProvider(240)) - Unable to initialize FileSignerSecretProvider, falling back to use random secrets.
2022-04-26 01:54:50,461 [Listener at 127.0.0.1/35711] WARN  http.HttpRequestLog (HttpRequestLog.java:getRequestLog(103)) - Jetty request log can only be enabled using Log4j
2022-04-26 01:54:50,464 [Listener at 127.0.0.1/35711] INFO  http.HttpServer2 (HttpServer2.java:addGlobalFilter(1030)) - Added global filter 'safety' (class=org.apache.hadoop.hdds.server.http.HttpServer2$QuotingInputFilter)
2022-04-26 01:54:50,464 [Listener at 127.0.0.1/35711] INFO  http.HttpServer2 (HttpServer2.java:addFilter(1006)) - Added filter static_user_filter (class=org.apache.hadoop.http.lib.StaticUserWebFilter$StaticUserFilter) to context hddsDatanode
2022-04-26 01:54:50,464 [Listener at 127.0.0.1/35711] INFO  http.HttpServer2 (HttpServer2.java:addFilter(1014)) - Added filter static_user_filter (class=org.apache.hadoop.http.lib.StaticUserWebFilter$StaticUserFilter) to context static
2022-04-26 01:54:50,464 [Listener at 127.0.0.1/35711] INFO  http.HttpServer2 (HttpServer2.java:addFilter(1014)) - Added filter static_user_filter (class=org.apache.hadoop.http.lib.StaticUserWebFilter$StaticUserFilter) to context logs
2022-04-26 01:54:50,465 [Listener at 127.0.0.1/35711] INFO  http.HttpServer2 (HttpServer2.java:bindListener(1249)) - Jetty bound to port 44465
2022-04-26 01:54:50,465 [Listener at 127.0.0.1/35711] INFO  server.Server (Server.java:doStart(375)) - jetty-9.4.43.v20210629; built: 2021-06-30T11:07:22.254Z; git: 526006ecfa3af7f1a27ef3a288e2bef7ea9dd7e8; jvm 1.8.0_322-b06
2022-04-26 01:54:50,557 [Listener at 127.0.0.1/35711] INFO  server.session (DefaultSessionIdManager.java:doStart(334)) - DefaultSessionIdManager workerName=node0
2022-04-26 01:54:50,557 [Listener at 127.0.0.1/35711] INFO  server.session (DefaultSessionIdManager.java:doStart(339)) - No SessionScavenger set, using defaults
2022-04-26 01:54:50,558 [Listener at 127.0.0.1/35711] INFO  server.session (HouseKeeper.java:startScavenging(132)) - node0 Scavenging every 660000ms
2022-04-26 01:54:50,569 [Listener at 127.0.0.1/35711] INFO  handler.ContextHandler (ContextHandler.java:doStart(915)) - Started o.e.j.s.ServletContextHandler@6829b0e6{logs,/logs,file:///home/runner/work/ozone/ozone/hadoop-ozone/integration-test/target/log,AVAILABLE}
2022-04-26 01:54:50,570 [Listener at 127.0.0.1/35711] INFO  handler.ContextHandler (ContextHandler.java:doStart(915)) - Started o.e.j.s.ServletContextHandler@4399e7c{static,/static,jar:file:/home/runner/.m2/repository/org/apache/ozone/hdds-container-service/1.3.0-SNAPSHOT/hdds-container-service-1.3.0-SNAPSHOT.jar!/webapps/static,AVAILABLE}
2022-04-26 01:54:50,716 [Listener at 127.0.0.1/35711] INFO  handler.ContextHandler (ContextHandler.java:doStart(915)) - Started o.e.j.w.WebAppContext@da9e311{hddsDatanode,/,file:///tmp/jetty-0_0_0_0-44465-hdds-container-service-1_3_0-SNAPSHOT_jar-_-any-6473689337952165161/webapp/,AVAILABLE}{jar:file:/home/runner/.m2/repository/org/apache/ozone/hdds-container-service/1.3.0-SNAPSHOT/hdds-container-service-1.3.0-SNAPSHOT.jar!/webapps/hddsDatanode}
2022-04-26 01:54:50,726 [Listener at 127.0.0.1/35711] INFO  server.AbstractConnector (AbstractConnector.java:doStart(331)) - Started ServerConnector@4d3b2117{HTTP/1.1, (http/1.1)}{0.0.0.0:44465}
2022-04-26 01:54:50,726 [Listener at 127.0.0.1/35711] INFO  server.Server (Server.java:doStart(415)) - Started @202610ms
2022-04-26 01:54:50,726 [Listener at 127.0.0.1/35711] WARN  impl.MetricsSystemImpl (MetricsSystemImpl.java:register(279)) - Sink prometheus already exists!
2022-04-26 01:54:50,735 [Listener at 127.0.0.1/35711] INFO  http.BaseHttpServer (BaseHttpServer.java:updateConnectorAddress(329)) - HTTP server of hddsDatanode listening at http://0.0.0.0:44465
2022-04-26 01:54:50,766 [Listener at 127.0.0.1/35711] INFO  impl.MetricsSystemImpl (MetricsSystemImpl.java:init(158)) - HddsDatanode metrics system started (again)
2022-04-26 01:54:50,773 [Datanode State Machine Daemon Thread] INFO  statemachine.DatanodeStateMachine (DatanodeStateMachine.java:lambda$startDaemon$0(472)) - Ozone container server started.
2022-04-26 01:54:50,786 [Listener at 127.0.0.1/35711] INFO  ozone.HddsDatanodeService (HddsDatanodeService.java:start(233)) - HddsDatanodeService host:fv-az50-870.grzltbmokehuzjyc5b133kdqgh.cx.internal.cloudapp.net ip:10.1.0.42
2022-04-26 01:54:50,812 [Listener at 127.0.0.1/35711] INFO  upgrade.AbstractLayoutVersionManager (AbstractLayoutVersionManager.java:init(79)) - Initializing Layout version manager with metadata layout = ERASURE_CODED_STORAGE_SUPPORT (version = 3), software layout = ERASURE_CODED_STORAGE_SUPPORT (version = 3)
2022-04-26 01:54:50,841 [org.apache.hadoop.util.JvmPauseMonitor$Monitor@5634ef7b] INFO  util.JvmPauseMonitor (JvmPauseMonitor.java:run(188)) - Starting JVM pause monitor
2022-04-26 01:54:50,850 [Datanode State Machine Task Thread - 0] INFO  datanode.InitDatanodeState (InitDatanodeState.java:persistContainerDatanodeDetails(138)) - DatanodeDetails is persisted to /home/runner/work/ozone/ozone/hadoop-ozone/integration-test/target/test-dir/MiniOzoneClusterImpl-b265c8eb-45a8-4330-a699-f70d21251437/datanode-2/meta/datanode.id
2022-04-26 01:54:50,916 [Listener at 127.0.0.1/35711] INFO  reflections.Reflections (Reflections.java:scan(232)) - Reflections took 103 ms to scan 7 urls, producing 126 keys and 287 values 
2022-04-26 01:54:50,917 [Listener at 127.0.0.1/35711] INFO  statemachine.DatanodeStateMachine (DatanodeStateMachine.java:getEndPointTaskThreadPoolSize(224)) - Datanode State Machine Task Thread Pool size 2
2022-04-26 01:54:50,984 [Listener at 127.0.0.1/35711] INFO  volume.HddsVolume (HddsVolume.java:<init>(120)) - Creating HddsVolume: /home/runner/work/ozone/ozone/hadoop-ozone/integration-test/target/test-dir/MiniOzoneClusterImpl-b265c8eb-45a8-4330-a699-f70d21251437/datanode-3/data-0/containers/hdds of storage type : DISK capacity : 9223372036854775807
2022-04-26 01:54:50,985 [Listener at 127.0.0.1/35711] INFO  volume.MutableVolumeSet (MutableVolumeSet.java:initializeVolumeSet(168)) - Added Volume : /home/runner/work/ozone/ozone/hadoop-ozone/integration-test/target/test-dir/MiniOzoneClusterImpl-b265c8eb-45a8-4330-a699-f70d21251437/datanode-3/data-0/containers/hdds to VolumeSet
2022-04-26 01:54:50,985 [Listener at 127.0.0.1/35711] INFO  volume.ThrottledAsyncChecker (ThrottledAsyncChecker.java:schedule(141)) - Scheduling a check for /home/runner/work/ozone/ozone/hadoop-ozone/integration-test/target/test-dir/MiniOzoneClusterImpl-b265c8eb-45a8-4330-a699-f70d21251437/datanode-3/data-0/containers/hdds
2022-04-26 01:54:51,046 [Listener at 127.0.0.1/35711] INFO  volume.StorageVolumeChecker (StorageVolumeChecker.java:checkAllVolumes(202)) - Scheduled health check for volume /home/runner/work/ozone/ozone/hadoop-ozone/integration-test/target/test-dir/MiniOzoneClusterImpl-b265c8eb-45a8-4330-a699-f70d21251437/datanode-3/data-0/containers/hdds
2022-04-26 01:54:51,056 [Listener at 127.0.0.1/35711] INFO  volume.MutableVolumeSet (MutableVolumeSet.java:initializeVolumeSet(168)) - Added Volume : /home/runner/work/ozone/ozone/hadoop-ozone/integration-test/target/test-dir/MiniOzoneClusterImpl-b265c8eb-45a8-4330-a699-f70d21251437/datanode-3/data/ratis to VolumeSet
2022-04-26 01:54:51,057 [Listener at 127.0.0.1/35711] INFO  volume.ThrottledAsyncChecker (ThrottledAsyncChecker.java:schedule(141)) - Scheduling a check for /home/runner/work/ozone/ozone/hadoop-ozone/integration-test/target/test-dir/MiniOzoneClusterImpl-b265c8eb-45a8-4330-a699-f70d21251437/datanode-3/data/ratis
2022-04-26 01:54:51,057 [Listener at 127.0.0.1/35711] INFO  volume.StorageVolumeChecker (StorageVolumeChecker.java:checkAllVolumes(202)) - Scheduled health check for volume /home/runner/work/ozone/ozone/hadoop-ozone/integration-test/target/test-dir/MiniOzoneClusterImpl-b265c8eb-45a8-4330-a699-f70d21251437/datanode-3/data/ratis
2022-04-26 01:54:51,109 [Thread-1388] INFO  ozoneimpl.ContainerReader (ContainerReader.java:readVolume(172)) - Finish verifying containers on volume /home/runner/work/ozone/ozone/hadoop-ozone/integration-test/target/test-dir/MiniOzoneClusterImpl-b265c8eb-45a8-4330-a699-f70d21251437/datanode-3/data-0/containers/hdds
2022-04-26 01:54:51,109 [Listener at 127.0.0.1/35711] INFO  ozoneimpl.OzoneContainer (OzoneContainer.java:buildContainerSet(257)) - Build ContainerSet costs 0s
2022-04-26 01:54:51,111 [Listener at 127.0.0.1/35711] INFO  server.RaftServer (ConfUtils.java:logGet(44)) - raft.rpc.type = GRPC (default)
2022-04-26 01:54:51,112 [Listener at 127.0.0.1/35711] INFO  grpc.GrpcFactory (GrpcFactory.java:checkPooledByteBufAllocatorUseCacheForAllThreads(48)) - PERFORMANCE WARNING: useCacheForAllThreads is true that may cause Netty to create a lot garbage objects and, as a result, trigger GC.
	It is recommended to disable useCacheForAllThreads by setting -Dorg.apache.ratis.thirdparty.io.netty.allocator.useCacheForAllThreads=false in command line.
2022-04-26 01:54:51,112 [Listener at 127.0.0.1/35711] INFO  grpc.GrpcConfigKeys (ConfUtils.java:logGet(44)) - raft.grpc.admin.port = 0 (custom)
2022-04-26 01:54:51,112 [Listener at 127.0.0.1/35711] INFO  grpc.GrpcConfigKeys (ConfUtils.java:logGet(44)) - raft.grpc.client.port = 0 (custom)
2022-04-26 01:54:51,112 [Listener at 127.0.0.1/35711] INFO  grpc.GrpcConfigKeys (ConfUtils.java:logGet(44)) - raft.grpc.server.port = 0 (default)
2022-04-26 01:54:51,112 [Listener at 127.0.0.1/35711] INFO  server.GrpcService (ConfUtils.java:logGet(44)) - raft.grpc.message.size.max = 32MB (=33554432) (custom)
2022-04-26 01:54:51,112 [Listener at 127.0.0.1/35711] INFO  server.RaftServerConfigKeys (ConfUtils.java:logGet(44)) - raft.server.log.appender.buffer.byte-limit = 33554432 (custom)
2022-04-26 01:54:51,112 [Listener at 127.0.0.1/35711] INFO  server.GrpcService (ConfUtils.java:logGet(44)) - raft.grpc.flow.control.window = 5MB (=5242880) (custom)
2022-04-26 01:54:51,112 [Listener at 127.0.0.1/35711] INFO  server.RaftServerConfigKeys (ConfUtils.java:logGet(44)) - raft.server.rpc.request.timeout = 60s (custom)
2022-04-26 01:54:51,118 [Listener at 127.0.0.1/35711] INFO  impl.DataStreamServerImpl (ConfUtils.java:logGet(44)) - raft.datastream.type = DISABLED (default)
2022-04-26 01:54:51,118 [Listener at 127.0.0.1/35711] INFO  server.RaftServerConfigKeys (ConfUtils.java:logGet(44)) - raft.server.rpc.slowness.timeout = 300s (custom)
2022-04-26 01:54:51,118 [Listener at 127.0.0.1/35711] INFO  server.RaftServerConfigKeys (ConfUtils.java:logGet(44)) - raft.server.leaderelection.leader.step-down.wait-time = 10s (default)
2022-04-26 01:54:51,118 [Listener at 127.0.0.1/35711] INFO  server.RaftServerConfigKeys (ConfUtils.java:logGet(44)) - raft.server.storage.dir = [/home/runner/work/ozone/ozone/hadoop-ozone/integration-test/target/test-dir/MiniOzoneClusterImpl-b265c8eb-45a8-4330-a699-f70d21251437/datanode-3/data/ratis] (custom)
2022-04-26 01:54:51,119 [Listener at 127.0.0.1/35711] INFO  server.XceiverServerGrpc (XceiverServerGrpc.java:<init>(132)) - GrpcServer channel type EpollServerSocketChannel
2022-04-26 01:54:51,142 [Listener at 127.0.0.1/35711] INFO  http.BaseHttpServer (BaseHttpServer.java:newHttpServer2BuilderForOzone(209)) - Starting Web-server for hddsDatanode at: http://0.0.0.0:0
2022-04-26 01:54:51,142 [Listener at 127.0.0.1/35711] INFO  http.BaseHttpServer (BaseHttpServer.java:<init>(107)) - Hadoop Security Enabled: false Ozone Security Enabled: false Ozone HTTP Security Enabled: false 
2022-04-26 01:54:51,143 [Listener at 127.0.0.1/35711] INFO  server.AuthenticationFilter (AuthenticationFilter.java:constructSecretProvider(240)) - Unable to initialize FileSignerSecretProvider, falling back to use random secrets.
2022-04-26 01:54:51,145 [Listener at 127.0.0.1/35711] WARN  http.HttpRequestLog (HttpRequestLog.java:getRequestLog(103)) - Jetty request log can only be enabled using Log4j
2022-04-26 01:54:51,145 [Listener at 127.0.0.1/35711] INFO  http.HttpServer2 (HttpServer2.java:addGlobalFilter(1030)) - Added global filter 'safety' (class=org.apache.hadoop.hdds.server.http.HttpServer2$QuotingInputFilter)
2022-04-26 01:54:51,146 [Listener at 127.0.0.1/35711] INFO  http.HttpServer2 (HttpServer2.java:addFilter(1006)) - Added filter static_user_filter (class=org.apache.hadoop.http.lib.StaticUserWebFilter$StaticUserFilter) to context hddsDatanode
2022-04-26 01:54:51,146 [Listener at 127.0.0.1/35711] INFO  http.HttpServer2 (HttpServer2.java:addFilter(1014)) - Added filter static_user_filter (class=org.apache.hadoop.http.lib.StaticUserWebFilter$StaticUserFilter) to context logs
2022-04-26 01:54:51,146 [Listener at 127.0.0.1/35711] INFO  http.HttpServer2 (HttpServer2.java:addFilter(1014)) - Added filter static_user_filter (class=org.apache.hadoop.http.lib.StaticUserWebFilter$StaticUserFilter) to context static
2022-04-26 01:54:51,146 [Listener at 127.0.0.1/35711] INFO  http.HttpServer2 (HttpServer2.java:bindListener(1249)) - Jetty bound to port 45509
2022-04-26 01:54:51,146 [Listener at 127.0.0.1/35711] INFO  server.Server (Server.java:doStart(375)) - jetty-9.4.43.v20210629; built: 2021-06-30T11:07:22.254Z; git: 526006ecfa3af7f1a27ef3a288e2bef7ea9dd7e8; jvm 1.8.0_322-b06
2022-04-26 01:54:51,152 [Listener at 127.0.0.1/35711] INFO  server.session (DefaultSessionIdManager.java:doStart(334)) - DefaultSessionIdManager workerName=node0
2022-04-26 01:54:51,152 [Listener at 127.0.0.1/35711] INFO  server.session (DefaultSessionIdManager.java:doStart(339)) - No SessionScavenger set, using defaults
2022-04-26 01:54:51,152 [Listener at 127.0.0.1/35711] INFO  server.session (HouseKeeper.java:startScavenging(132)) - node0 Scavenging every 660000ms
2022-04-26 01:54:51,153 [Listener at 127.0.0.1/35711] INFO  handler.ContextHandler (ContextHandler.java:doStart(915)) - Started o.e.j.s.ServletContextHandler@34d78731{logs,/logs,file:///home/runner/work/ozone/ozone/hadoop-ozone/integration-test/target/log,AVAILABLE}
2022-04-26 01:54:51,153 [Listener at 127.0.0.1/35711] INFO  handler.ContextHandler (ContextHandler.java:doStart(915)) - Started o.e.j.s.ServletContextHandler@12f8cda3{static,/static,jar:file:/home/runner/.m2/repository/org/apache/ozone/hdds-container-service/1.3.0-SNAPSHOT/hdds-container-service-1.3.0-SNAPSHOT.jar!/webapps/static,AVAILABLE}
2022-04-26 01:54:51,353 [Listener at 127.0.0.1/35711] INFO  handler.ContextHandler (ContextHandler.java:doStart(915)) - Started o.e.j.w.WebAppContext@5699b770{hddsDatanode,/,file:///tmp/jetty-0_0_0_0-45509-hdds-container-service-1_3_0-SNAPSHOT_jar-_-any-1958768689900421321/webapp/,AVAILABLE}{jar:file:/home/runner/.m2/repository/org/apache/ozone/hdds-container-service/1.3.0-SNAPSHOT/hdds-container-service-1.3.0-SNAPSHOT.jar!/webapps/hddsDatanode}
2022-04-26 01:54:51,377 [Listener at 127.0.0.1/35711] INFO  server.AbstractConnector (AbstractConnector.java:doStart(331)) - Started ServerConnector@537f2782{HTTP/1.1, (http/1.1)}{0.0.0.0:45509}
2022-04-26 01:54:51,377 [Listener at 127.0.0.1/35711] INFO  server.Server (Server.java:doStart(415)) - Started @203261ms
2022-04-26 01:54:51,377 [Listener at 127.0.0.1/35711] WARN  impl.MetricsSystemImpl (MetricsSystemImpl.java:register(279)) - Sink prometheus already exists!
2022-04-26 01:54:51,378 [Listener at 127.0.0.1/35711] INFO  http.BaseHttpServer (BaseHttpServer.java:updateConnectorAddress(329)) - HTTP server of hddsDatanode listening at http://0.0.0.0:45509
2022-04-26 01:54:51,382 [Listener at 127.0.0.1/35711] INFO  impl.MetricsSystemImpl (MetricsSystemImpl.java:init(158)) - HddsDatanode metrics system started (again)
2022-04-26 01:54:51,389 [Datanode State Machine Daemon Thread] INFO  statemachine.DatanodeStateMachine (DatanodeStateMachine.java:lambda$startDaemon$0(472)) - Ozone container server started.
2022-04-26 01:54:51,445 [org.apache.hadoop.util.JvmPauseMonitor$Monitor@7fb06e66] INFO  util.JvmPauseMonitor (JvmPauseMonitor.java:run(188)) - Starting JVM pause monitor
2022-04-26 01:54:51,464 [Datanode State Machine Task Thread - 0] INFO  datanode.InitDatanodeState (InitDatanodeState.java:persistContainerDatanodeDetails(138)) - DatanodeDetails is persisted to /home/runner/work/ozone/ozone/hadoop-ozone/integration-test/target/test-dir/MiniOzoneClusterImpl-b265c8eb-45a8-4330-a699-f70d21251437/datanode-3/meta/datanode.id
2022-04-26 01:54:51,467 [Listener at 127.0.0.1/35711] INFO  ozone.HddsDatanodeService (HddsDatanodeService.java:start(233)) - HddsDatanodeService host:fv-az50-870.grzltbmokehuzjyc5b133kdqgh.cx.internal.cloudapp.net ip:10.1.0.42
2022-04-26 01:54:51,575 [Listener at 127.0.0.1/35711] INFO  upgrade.AbstractLayoutVersionManager (AbstractLayoutVersionManager.java:init(79)) - Initializing Layout version manager with metadata layout = ERASURE_CODED_STORAGE_SUPPORT (version = 3), software layout = ERASURE_CODED_STORAGE_SUPPORT (version = 3)
2022-04-26 01:54:51,712 [EndpointStateMachine task thread for /0.0.0.0:42941 - 0 ] INFO  ozoneimpl.OzoneContainer (OzoneContainer.java:start(335)) - Attempting to start container services.
2022-04-26 01:54:51,712 [EndpointStateMachine task thread for /0.0.0.0:42941 - 0 ] INFO  ozoneimpl.OzoneContainer (OzoneContainer.java:startContainerScrub(270)) - Background container scanner has been disabled.
2022-04-26 01:54:51,740 [Listener at 127.0.0.1/35711] INFO  reflections.Reflections (Reflections.java:scan(232)) - Reflections took 164 ms to scan 7 urls, producing 126 keys and 287 values 
2022-04-26 01:54:51,743 [Listener at 127.0.0.1/35711] INFO  statemachine.DatanodeStateMachine (DatanodeStateMachine.java:getEndPointTaskThreadPoolSize(224)) - Datanode State Machine Task Thread Pool size 2
2022-04-26 01:54:51,744 [EndpointStateMachine task thread for /0.0.0.0:42941 - 0 ] INFO  replication.ReplicationServer (ReplicationServer.java:start(111)) - ReplicationServer is started using port 37775
2022-04-26 01:54:51,766 [EndpointStateMachine task thread for /0.0.0.0:42941 - 0 ] INFO  ratis.XceiverServerRatis (XceiverServerRatis.java:start(481)) - Starting XceiverServerRatis 2bf912ba-2a06-41a3-b1d6-bf04ad40fbe7
2022-04-26 01:54:51,773 [EndpointStateMachine task thread for /0.0.0.0:42941 - 0 ] INFO  server.RaftServer (RaftServerProxy.java:lambda$start$5(374)) - 2bf912ba-2a06-41a3-b1d6-bf04ad40fbe7: start RPC server
2022-04-26 01:54:51,775 [EndpointStateMachine task thread for /0.0.0.0:42941 - 0 ] INFO  server.GrpcService (GrpcService.java:startImpl(253)) - 2bf912ba-2a06-41a3-b1d6-bf04ad40fbe7: GrpcService started, listening on 36263
2022-04-26 01:54:51,780 [EndpointStateMachine task thread for /0.0.0.0:42941 - 0 ] INFO  ratis.XceiverServerRatis (XceiverServerRatis.java:getRealPort(502)) - XceiverServerRatis 2bf912ba-2a06-41a3-b1d6-bf04ad40fbe7 is started using port 36263 for RATIS
2022-04-26 01:54:51,780 [EndpointStateMachine task thread for /0.0.0.0:42941 - 0 ] INFO  ratis.XceiverServerRatis (XceiverServerRatis.java:getRealPort(502)) - XceiverServerRatis 2bf912ba-2a06-41a3-b1d6-bf04ad40fbe7 is started using port 36263 for RATIS_ADMIN
2022-04-26 01:54:51,780 [EndpointStateMachine task thread for /0.0.0.0:42941 - 0 ] INFO  ratis.XceiverServerRatis (XceiverServerRatis.java:getRealPort(502)) - XceiverServerRatis 2bf912ba-2a06-41a3-b1d6-bf04ad40fbe7 is started using port 36263 for RATIS_SERVER
2022-04-26 01:54:51,781 [org.apache.ratis.util.JvmPauseMonitor$$Lambda$580/456889832@7206c9bf] INFO  util.JvmPauseMonitor (JvmPauseMonitor.java:run(103)) - JvmPauseMonitor-2bf912ba-2a06-41a3-b1d6-bf04ad40fbe7: Started
2022-04-26 01:54:51,793 [Listener at 127.0.0.1/35711] INFO  volume.HddsVolume (HddsVolume.java:<init>(120)) - Creating HddsVolume: /home/runner/work/ozone/ozone/hadoop-ozone/integration-test/target/test-dir/MiniOzoneClusterImpl-b265c8eb-45a8-4330-a699-f70d21251437/datanode-4/data-0/containers/hdds of storage type : DISK capacity : 9223372036854775807
2022-04-26 01:54:51,793 [EndpointStateMachine task thread for /0.0.0.0:42941 - 0 ] INFO  server.XceiverServerGrpc (XceiverServerGrpc.java:start(180)) - XceiverServerGrpc 2bf912ba-2a06-41a3-b1d6-bf04ad40fbe7 is started using port 39001
2022-04-26 01:54:51,793 [Listener at 127.0.0.1/35711] INFO  volume.MutableVolumeSet (MutableVolumeSet.java:initializeVolumeSet(168)) - Added Volume : /home/runner/work/ozone/ozone/hadoop-ozone/integration-test/target/test-dir/MiniOzoneClusterImpl-b265c8eb-45a8-4330-a699-f70d21251437/datanode-4/data-0/containers/hdds to VolumeSet
2022-04-26 01:54:51,795 [Listener at 127.0.0.1/35711] INFO  volume.ThrottledAsyncChecker (ThrottledAsyncChecker.java:schedule(141)) - Scheduling a check for /home/runner/work/ozone/ozone/hadoop-ozone/integration-test/target/test-dir/MiniOzoneClusterImpl-b265c8eb-45a8-4330-a699-f70d21251437/datanode-4/data-0/containers/hdds
2022-04-26 01:54:51,821 [Listener at 127.0.0.1/35711] INFO  volume.StorageVolumeChecker (StorageVolumeChecker.java:checkAllVolumes(202)) - Scheduled health check for volume /home/runner/work/ozone/ozone/hadoop-ozone/integration-test/target/test-dir/MiniOzoneClusterImpl-b265c8eb-45a8-4330-a699-f70d21251437/datanode-4/data-0/containers/hdds
2022-04-26 01:54:51,832 [Listener at 127.0.0.1/35711] INFO  volume.MutableVolumeSet (MutableVolumeSet.java:initializeVolumeSet(168)) - Added Volume : /home/runner/work/ozone/ozone/hadoop-ozone/integration-test/target/test-dir/MiniOzoneClusterImpl-b265c8eb-45a8-4330-a699-f70d21251437/datanode-4/data/ratis to VolumeSet
2022-04-26 01:54:51,832 [Listener at 127.0.0.1/35711] INFO  volume.ThrottledAsyncChecker (ThrottledAsyncChecker.java:schedule(141)) - Scheduling a check for /home/runner/work/ozone/ozone/hadoop-ozone/integration-test/target/test-dir/MiniOzoneClusterImpl-b265c8eb-45a8-4330-a699-f70d21251437/datanode-4/data/ratis
2022-04-26 01:54:51,832 [Listener at 127.0.0.1/35711] INFO  volume.StorageVolumeChecker (StorageVolumeChecker.java:checkAllVolumes(202)) - Scheduled health check for volume /home/runner/work/ozone/ozone/hadoop-ozone/integration-test/target/test-dir/MiniOzoneClusterImpl-b265c8eb-45a8-4330-a699-f70d21251437/datanode-4/data/ratis
2022-04-26 01:54:51,884 [Thread-1404] INFO  ozoneimpl.ContainerReader (ContainerReader.java:readVolume(172)) - Finish verifying containers on volume /home/runner/work/ozone/ozone/hadoop-ozone/integration-test/target/test-dir/MiniOzoneClusterImpl-b265c8eb-45a8-4330-a699-f70d21251437/datanode-4/data-0/containers/hdds
2022-04-26 01:54:51,884 [Listener at 127.0.0.1/35711] INFO  ozoneimpl.OzoneContainer (OzoneContainer.java:buildContainerSet(257)) - Build ContainerSet costs 0s
2022-04-26 01:54:51,886 [Listener at 127.0.0.1/35711] INFO  server.RaftServer (ConfUtils.java:logGet(44)) - raft.rpc.type = GRPC (default)
2022-04-26 01:54:51,886 [Listener at 127.0.0.1/35711] INFO  grpc.GrpcFactory (GrpcFactory.java:checkPooledByteBufAllocatorUseCacheForAllThreads(48)) - PERFORMANCE WARNING: useCacheForAllThreads is true that may cause Netty to create a lot garbage objects and, as a result, trigger GC.
	It is recommended to disable useCacheForAllThreads by setting -Dorg.apache.ratis.thirdparty.io.netty.allocator.useCacheForAllThreads=false in command line.
2022-04-26 01:54:51,886 [Listener at 127.0.0.1/35711] INFO  grpc.GrpcConfigKeys (ConfUtils.java:logGet(44)) - raft.grpc.admin.port = 0 (custom)
2022-04-26 01:54:51,886 [Listener at 127.0.0.1/35711] INFO  grpc.GrpcConfigKeys (ConfUtils.java:logGet(44)) - raft.grpc.client.port = 0 (custom)
2022-04-26 01:54:51,887 [Listener at 127.0.0.1/35711] INFO  grpc.GrpcConfigKeys (ConfUtils.java:logGet(44)) - raft.grpc.server.port = 0 (default)
2022-04-26 01:54:51,887 [Listener at 127.0.0.1/35711] INFO  server.GrpcService (ConfUtils.java:logGet(44)) - raft.grpc.message.size.max = 32MB (=33554432) (custom)
2022-04-26 01:54:51,887 [Listener at 127.0.0.1/35711] INFO  server.RaftServerConfigKeys (ConfUtils.java:logGet(44)) - raft.server.log.appender.buffer.byte-limit = 33554432 (custom)
2022-04-26 01:54:51,887 [Listener at 127.0.0.1/35711] INFO  server.GrpcService (ConfUtils.java:logGet(44)) - raft.grpc.flow.control.window = 5MB (=5242880) (custom)
2022-04-26 01:54:51,887 [Listener at 127.0.0.1/35711] INFO  server.RaftServerConfigKeys (ConfUtils.java:logGet(44)) - raft.server.rpc.request.timeout = 60s (custom)
2022-04-26 01:54:51,888 [Listener at 127.0.0.1/35711] INFO  impl.DataStreamServerImpl (ConfUtils.java:logGet(44)) - raft.datastream.type = DISABLED (default)
2022-04-26 01:54:51,888 [Listener at 127.0.0.1/35711] INFO  server.RaftServerConfigKeys (ConfUtils.java:logGet(44)) - raft.server.rpc.slowness.timeout = 300s (custom)
2022-04-26 01:54:51,888 [Listener at 127.0.0.1/35711] INFO  server.RaftServerConfigKeys (ConfUtils.java:logGet(44)) - raft.server.leaderelection.leader.step-down.wait-time = 10s (default)
2022-04-26 01:54:51,888 [Listener at 127.0.0.1/35711] INFO  server.RaftServerConfigKeys (ConfUtils.java:logGet(44)) - raft.server.storage.dir = [/home/runner/work/ozone/ozone/hadoop-ozone/integration-test/target/test-dir/MiniOzoneClusterImpl-b265c8eb-45a8-4330-a699-f70d21251437/datanode-4/data/ratis] (custom)
2022-04-26 01:54:51,890 [Listener at 127.0.0.1/35711] INFO  server.XceiverServerGrpc (XceiverServerGrpc.java:<init>(132)) - GrpcServer channel type EpollServerSocketChannel
2022-04-26 01:54:51,891 [Listener at 127.0.0.1/35711] INFO  http.BaseHttpServer (BaseHttpServer.java:newHttpServer2BuilderForOzone(209)) - Starting Web-server for hddsDatanode at: http://0.0.0.0:0
2022-04-26 01:54:51,892 [Listener at 127.0.0.1/35711] INFO  http.BaseHttpServer (BaseHttpServer.java:<init>(107)) - Hadoop Security Enabled: false Ozone Security Enabled: false Ozone HTTP Security Enabled: false 
2022-04-26 01:54:51,892 [Listener at 127.0.0.1/35711] INFO  server.AuthenticationFilter (AuthenticationFilter.java:constructSecretProvider(240)) - Unable to initialize FileSignerSecretProvider, falling back to use random secrets.
2022-04-26 01:54:51,893 [Listener at 127.0.0.1/35711] WARN  http.HttpRequestLog (HttpRequestLog.java:getRequestLog(103)) - Jetty request log can only be enabled using Log4j
2022-04-26 01:54:51,897 [Listener at 127.0.0.1/35711] INFO  http.HttpServer2 (HttpServer2.java:addGlobalFilter(1030)) - Added global filter 'safety' (class=org.apache.hadoop.hdds.server.http.HttpServer2$QuotingInputFilter)
2022-04-26 01:54:51,898 [Listener at 127.0.0.1/35711] INFO  http.HttpServer2 (HttpServer2.java:addFilter(1006)) - Added filter static_user_filter (class=org.apache.hadoop.http.lib.StaticUserWebFilter$StaticUserFilter) to context hddsDatanode
2022-04-26 01:54:51,898 [Listener at 127.0.0.1/35711] INFO  http.HttpServer2 (HttpServer2.java:addFilter(1014)) - Added filter static_user_filter (class=org.apache.hadoop.http.lib.StaticUserWebFilter$StaticUserFilter) to context static
2022-04-26 01:54:51,898 [Listener at 127.0.0.1/35711] INFO  http.HttpServer2 (HttpServer2.java:addFilter(1014)) - Added filter static_user_filter (class=org.apache.hadoop.http.lib.StaticUserWebFilter$StaticUserFilter) to context logs
2022-04-26 01:54:51,898 [Listener at 127.0.0.1/35711] INFO  http.HttpServer2 (HttpServer2.java:bindListener(1249)) - Jetty bound to port 44849
2022-04-26 01:54:51,899 [Listener at 127.0.0.1/35711] INFO  server.Server (Server.java:doStart(375)) - jetty-9.4.43.v20210629; built: 2021-06-30T11:07:22.254Z; git: 526006ecfa3af7f1a27ef3a288e2bef7ea9dd7e8; jvm 1.8.0_322-b06
2022-04-26 01:54:51,903 [Listener at 127.0.0.1/35711] INFO  server.session (DefaultSessionIdManager.java:doStart(334)) - DefaultSessionIdManager workerName=node0
2022-04-26 01:54:51,903 [Listener at 127.0.0.1/35711] INFO  server.session (DefaultSessionIdManager.java:doStart(339)) - No SessionScavenger set, using defaults
2022-04-26 01:54:51,903 [Listener at 127.0.0.1/35711] INFO  server.session (HouseKeeper.java:startScavenging(132)) - node0 Scavenging every 600000ms
2022-04-26 01:54:51,906 [Listener at 127.0.0.1/35711] INFO  handler.ContextHandler (ContextHandler.java:doStart(915)) - Started o.e.j.s.ServletContextHandler@314f3000{logs,/logs,file:///home/runner/work/ozone/ozone/hadoop-ozone/integration-test/target/log,AVAILABLE}
2022-04-26 01:54:51,907 [Listener at 127.0.0.1/35711] INFO  handler.ContextHandler (ContextHandler.java:doStart(915)) - Started o.e.j.s.ServletContextHandler@23c69856{static,/static,jar:file:/home/runner/.m2/repository/org/apache/ozone/hdds-container-service/1.3.0-SNAPSHOT/hdds-container-service-1.3.0-SNAPSHOT.jar!/webapps/static,AVAILABLE}
2022-04-26 01:54:52,063 [Listener at 127.0.0.1/35711] INFO  handler.ContextHandler (ContextHandler.java:doStart(915)) - Started o.e.j.w.WebAppContext@4200add0{hddsDatanode,/,file:///tmp/jetty-0_0_0_0-44849-hdds-container-service-1_3_0-SNAPSHOT_jar-_-any-7006323265904107155/webapp/,AVAILABLE}{jar:file:/home/runner/.m2/repository/org/apache/ozone/hdds-container-service/1.3.0-SNAPSHOT/hdds-container-service-1.3.0-SNAPSHOT.jar!/webapps/hddsDatanode}
2022-04-26 01:54:52,065 [Listener at 127.0.0.1/35711] INFO  server.AbstractConnector (AbstractConnector.java:doStart(331)) - Started ServerConnector@6e22d75c{HTTP/1.1, (http/1.1)}{0.0.0.0:44849}
2022-04-26 01:54:52,065 [Listener at 127.0.0.1/35711] INFO  server.Server (Server.java:doStart(415)) - Started @203948ms
2022-04-26 01:54:52,065 [Listener at 127.0.0.1/35711] WARN  impl.MetricsSystemImpl (MetricsSystemImpl.java:register(279)) - Sink prometheus already exists!
2022-04-26 01:54:52,066 [Listener at 127.0.0.1/35711] INFO  http.BaseHttpServer (BaseHttpServer.java:updateConnectorAddress(329)) - HTTP server of hddsDatanode listening at http://0.0.0.0:44849
2022-04-26 01:54:52,066 [Listener at 127.0.0.1/35711] INFO  ozone.MiniOzoneClusterImpl (MiniOzoneClusterImpl.java:lambda$waitForClusterToBeReady$0(221)) - Waiting for nodes to be ready. Got 0 of 5 DN Heartbeats.
2022-04-26 01:54:52,066 [Listener at 127.0.0.1/35711] INFO  ozone.MiniOzoneClusterImpl (MiniOzoneClusterImpl.java:lambda$waitForClusterToBeReady$0(224)) - Waiting for cluster to exit safe mode
2022-04-26 01:54:52,066 [Listener at 127.0.0.1/35711] INFO  ozone.MiniOzoneClusterImpl (MiniOzoneClusterImpl.java:lambda$waitForClusterToBeReady$0(226)) - SCM became leader
2022-04-26 01:54:52,066 [Datanode State Machine Daemon Thread] INFO  statemachine.DatanodeStateMachine (DatanodeStateMachine.java:lambda$startDaemon$0(472)) - Ozone container server started.
2022-04-26 01:54:52,181 [org.apache.hadoop.util.JvmPauseMonitor$Monitor@45137d17] INFO  util.JvmPauseMonitor (JvmPauseMonitor.java:run(188)) - Starting JVM pause monitor
2022-04-26 01:54:52,210 [Datanode State Machine Task Thread - 0] INFO  datanode.InitDatanodeState (InitDatanodeState.java:persistContainerDatanodeDetails(138)) - DatanodeDetails is persisted to /home/runner/work/ozone/ozone/hadoop-ozone/integration-test/target/test-dir/MiniOzoneClusterImpl-b265c8eb-45a8-4330-a699-f70d21251437/datanode-4/meta/datanode.id
2022-04-26 01:54:52,247 [EndpointStateMachine task thread for /0.0.0.0:42941 - 0 ] INFO  ozoneimpl.OzoneContainer (OzoneContainer.java:start(335)) - Attempting to start container services.
2022-04-26 01:54:52,247 [EndpointStateMachine task thread for /0.0.0.0:42941 - 0 ] INFO  ozoneimpl.OzoneContainer (OzoneContainer.java:startContainerScrub(270)) - Background container scanner has been disabled.
2022-04-26 01:54:52,249 [EndpointStateMachine task thread for /0.0.0.0:42941 - 0 ] INFO  replication.ReplicationServer (ReplicationServer.java:start(111)) - ReplicationServer is started using port 38187
2022-04-26 01:54:52,290 [EndpointStateMachine task thread for /0.0.0.0:42941 - 0 ] INFO  ratis.XceiverServerRatis (XceiverServerRatis.java:start(481)) - Starting XceiverServerRatis 38feb0ec-788c-42ad-9852-eb5cbee3e7a8
2022-04-26 01:54:52,338 [EndpointStateMachine task thread for /0.0.0.0:42941 - 0 ] INFO  server.RaftServer (RaftServerProxy.java:lambda$start$5(374)) - 38feb0ec-788c-42ad-9852-eb5cbee3e7a8: start RPC server
2022-04-26 01:54:52,361 [EndpointStateMachine task thread for /0.0.0.0:42941 - 0 ] INFO  server.GrpcService (GrpcService.java:startImpl(253)) - 38feb0ec-788c-42ad-9852-eb5cbee3e7a8: GrpcService started, listening on 43781
2022-04-26 01:54:52,369 [EndpointStateMachine task thread for /0.0.0.0:42941 - 0 ] INFO  ratis.XceiverServerRatis (XceiverServerRatis.java:getRealPort(502)) - XceiverServerRatis 38feb0ec-788c-42ad-9852-eb5cbee3e7a8 is started using port 43781 for RATIS
2022-04-26 01:54:52,369 [EndpointStateMachine task thread for /0.0.0.0:42941 - 0 ] INFO  ratis.XceiverServerRatis (XceiverServerRatis.java:getRealPort(502)) - XceiverServerRatis 38feb0ec-788c-42ad-9852-eb5cbee3e7a8 is started using port 43781 for RATIS_ADMIN
2022-04-26 01:54:52,369 [EndpointStateMachine task thread for /0.0.0.0:42941 - 0 ] INFO  ratis.XceiverServerRatis (XceiverServerRatis.java:getRealPort(502)) - XceiverServerRatis 38feb0ec-788c-42ad-9852-eb5cbee3e7a8 is started using port 43781 for RATIS_SERVER
2022-04-26 01:54:52,370 [org.apache.ratis.util.JvmPauseMonitor$$Lambda$580/456889832@24082538] INFO  util.JvmPauseMonitor (JvmPauseMonitor.java:run(103)) - JvmPauseMonitor-38feb0ec-788c-42ad-9852-eb5cbee3e7a8: Started
2022-04-26 01:54:52,370 [EndpointStateMachine task thread for /0.0.0.0:42941 - 0 ] INFO  server.XceiverServerGrpc (XceiverServerGrpc.java:start(180)) - XceiverServerGrpc 38feb0ec-788c-42ad-9852-eb5cbee3e7a8 is started using port 44739
2022-04-26 01:54:52,852 [EndpointStateMachine task thread for /0.0.0.0:42941 - 0 ] INFO  ozoneimpl.OzoneContainer (OzoneContainer.java:start(335)) - Attempting to start container services.
2022-04-26 01:54:52,852 [EndpointStateMachine task thread for /0.0.0.0:42941 - 0 ] INFO  ozoneimpl.OzoneContainer (OzoneContainer.java:startContainerScrub(270)) - Background container scanner has been disabled.
2022-04-26 01:54:52,856 [EndpointStateMachine task thread for /0.0.0.0:42941 - 0 ] INFO  replication.ReplicationServer (ReplicationServer.java:start(111)) - ReplicationServer is started using port 43077
2022-04-26 01:54:52,857 [EndpointStateMachine task thread for /0.0.0.0:42941 - 0 ] INFO  ratis.XceiverServerRatis (XceiverServerRatis.java:start(481)) - Starting XceiverServerRatis a49f3fd7-aca1-41c1-ad3c-01adfe75912a
2022-04-26 01:54:52,881 [EndpointStateMachine task thread for /0.0.0.0:42941 - 0 ] INFO  server.RaftServer (RaftServerProxy.java:lambda$start$5(374)) - a49f3fd7-aca1-41c1-ad3c-01adfe75912a: start RPC server
2022-04-26 01:54:52,885 [EndpointStateMachine task thread for /0.0.0.0:42941 - 0 ] INFO  server.GrpcService (GrpcService.java:startImpl(253)) - a49f3fd7-aca1-41c1-ad3c-01adfe75912a: GrpcService started, listening on 39407
2022-04-26 01:54:52,901 [EndpointStateMachine task thread for /0.0.0.0:42941 - 0 ] INFO  ratis.XceiverServerRatis (XceiverServerRatis.java:getRealPort(502)) - XceiverServerRatis a49f3fd7-aca1-41c1-ad3c-01adfe75912a is started using port 39407 for RATIS
2022-04-26 01:54:52,901 [EndpointStateMachine task thread for /0.0.0.0:42941 - 0 ] INFO  ratis.XceiverServerRatis (XceiverServerRatis.java:getRealPort(502)) - XceiverServerRatis a49f3fd7-aca1-41c1-ad3c-01adfe75912a is started using port 39407 for RATIS_ADMIN
2022-04-26 01:54:52,901 [EndpointStateMachine task thread for /0.0.0.0:42941 - 0 ] INFO  ratis.XceiverServerRatis (XceiverServerRatis.java:getRealPort(502)) - XceiverServerRatis a49f3fd7-aca1-41c1-ad3c-01adfe75912a is started using port 39407 for RATIS_SERVER
2022-04-26 01:54:52,902 [org.apache.ratis.util.JvmPauseMonitor$$Lambda$580/456889832@52e96744] INFO  util.JvmPauseMonitor (JvmPauseMonitor.java:run(103)) - JvmPauseMonitor-a49f3fd7-aca1-41c1-ad3c-01adfe75912a: Started
2022-04-26 01:54:52,925 [EndpointStateMachine task thread for /0.0.0.0:42941 - 0 ] INFO  server.XceiverServerGrpc (XceiverServerGrpc.java:start(180)) - XceiverServerGrpc a49f3fd7-aca1-41c1-ad3c-01adfe75912a is started using port 43813
2022-04-26 01:54:53,066 [Listener at 127.0.0.1/35711] INFO  ozone.MiniOzoneClusterImpl (MiniOzoneClusterImpl.java:lambda$waitForClusterToBeReady$0(221)) - Waiting for nodes to be ready. Got 0 of 5 DN Heartbeats.
2022-04-26 01:54:53,067 [Listener at 127.0.0.1/35711] INFO  ozone.MiniOzoneClusterImpl (MiniOzoneClusterImpl.java:lambda$waitForClusterToBeReady$0(224)) - Waiting for cluster to exit safe mode
2022-04-26 01:54:53,067 [Listener at 127.0.0.1/35711] INFO  ozone.MiniOzoneClusterImpl (MiniOzoneClusterImpl.java:lambda$waitForClusterToBeReady$0(226)) - SCM became leader
2022-04-26 01:54:53,473 [EndpointStateMachine task thread for /0.0.0.0:42941 - 0 ] INFO  ozoneimpl.OzoneContainer (OzoneContainer.java:start(335)) - Attempting to start container services.
2022-04-26 01:54:53,473 [EndpointStateMachine task thread for /0.0.0.0:42941 - 0 ] INFO  ozoneimpl.OzoneContainer (OzoneContainer.java:startContainerScrub(270)) - Background container scanner has been disabled.
2022-04-26 01:54:53,476 [EndpointStateMachine task thread for /0.0.0.0:42941 - 0 ] INFO  replication.ReplicationServer (ReplicationServer.java:start(111)) - ReplicationServer is started using port 41027
2022-04-26 01:54:53,504 [EndpointStateMachine task thread for /0.0.0.0:42941 - 0 ] INFO  ratis.XceiverServerRatis (XceiverServerRatis.java:start(481)) - Starting XceiverServerRatis 3f26cc77-40bb-4b12-ae17-f23562ebcede
2022-04-26 01:54:53,584 [EndpointStateMachine task thread for /0.0.0.0:42941 - 0 ] INFO  server.RaftServer (RaftServerProxy.java:lambda$start$5(374)) - 3f26cc77-40bb-4b12-ae17-f23562ebcede: start RPC server
2022-04-26 01:54:53,585 [EndpointStateMachine task thread for /0.0.0.0:42941 - 0 ] INFO  server.GrpcService (GrpcService.java:startImpl(253)) - 3f26cc77-40bb-4b12-ae17-f23562ebcede: GrpcService started, listening on 42555
2022-04-26 01:54:53,588 [EndpointStateMachine task thread for /0.0.0.0:42941 - 0 ] INFO  ratis.XceiverServerRatis (XceiverServerRatis.java:getRealPort(502)) - XceiverServerRatis 3f26cc77-40bb-4b12-ae17-f23562ebcede is started using port 42555 for RATIS
2022-04-26 01:54:53,588 [EndpointStateMachine task thread for /0.0.0.0:42941 - 0 ] INFO  ratis.XceiverServerRatis (XceiverServerRatis.java:getRealPort(502)) - XceiverServerRatis 3f26cc77-40bb-4b12-ae17-f23562ebcede is started using port 42555 for RATIS_ADMIN
2022-04-26 01:54:53,588 [EndpointStateMachine task thread for /0.0.0.0:42941 - 0 ] INFO  ratis.XceiverServerRatis (XceiverServerRatis.java:getRealPort(502)) - XceiverServerRatis 3f26cc77-40bb-4b12-ae17-f23562ebcede is started using port 42555 for RATIS_SERVER
2022-04-26 01:54:53,588 [org.apache.ratis.util.JvmPauseMonitor$$Lambda$580/456889832@1c57935c] INFO  util.JvmPauseMonitor (JvmPauseMonitor.java:run(103)) - JvmPauseMonitor-3f26cc77-40bb-4b12-ae17-f23562ebcede: Started
2022-04-26 01:54:53,588 [EndpointStateMachine task thread for /0.0.0.0:42941 - 0 ] INFO  server.XceiverServerGrpc (XceiverServerGrpc.java:start(180)) - XceiverServerGrpc 3f26cc77-40bb-4b12-ae17-f23562ebcede is started using port 33173
2022-04-26 01:54:53,618 [IPC Server handler 2 on default port 42941] INFO  net.NetworkTopologyImpl (NetworkTopologyImpl.java:add(112)) - Added a new node: /default-rack/2bf912ba-2a06-41a3-b1d6-bf04ad40fbe7
2022-04-26 01:54:53,618 [IPC Server handler 2 on default port 42941] INFO  node.SCMNodeManager (SCMNodeManager.java:register(391)) - Registered Data node : 2bf912ba-2a06-41a3-b1d6-bf04ad40fbe7{ip: 10.1.0.42, host: fv-az50-870.grzltbmokehuzjyc5b133kdqgh.cx.internal.cloudapp.net, ports: [REPLICATION=37775, RATIS=36263, RATIS_ADMIN=36263, RATIS_SERVER=36263, STANDALONE=39001], networkLocation: /default-rack, certSerialId: null, persistedOpState: null, persistedOpStateExpiryEpochSec: 0}
2022-04-26 01:54:53,625 [EventQueue-NodeRegistrationContainerReportForDataNodeSafeModeRule] INFO  safemode.SCMSafeModeManager (DataNodeSafeModeRule.java:process(71)) - SCM in safe mode. 1 DataNodes registered, 3 required.
2022-04-26 01:54:53,626 [EventQueue-NodeRegistrationContainerReportForContainerSafeModeRule] INFO  safemode.SCMSafeModeManager (SCMSafeModeManager.java:validateSafeModeExitRules(204)) - ContainerSafeModeRule rule is successfully validated
2022-04-26 01:54:53,646 [EventQueue-NewNodeForNewNodeHandler] INFO  pipeline.BackgroundPipelineCreator (BackgroundPipelineCreator.java:notifyEventTriggered(284)) - trigger a one-shot run on RatisPipelineUtilsThread.
2022-04-26 01:54:53,646 [RatisPipelineUtilsThread - 0] INFO  pipeline.RatisPipelineProvider (RatisPipelineProvider.java:lambda$create$0(195)) - Sending CreatePipelineCommand for pipeline:PipelineID=96c29aab-e4e8-4f88-b2d0-3b87e1700dd4 to datanode:2bf912ba-2a06-41a3-b1d6-bf04ad40fbe7
2022-04-26 01:54:53,647 [RatisPipelineUtilsThread - 0] INFO  pipeline.PipelineStateManagerImpl (PipelineStateManagerImpl.java:addPipeline(101)) - Created pipeline Pipeline[ Id: 96c29aab-e4e8-4f88-b2d0-3b87e1700dd4, Nodes: 2bf912ba-2a06-41a3-b1d6-bf04ad40fbe7{ip: 10.1.0.42, host: fv-az50-870.grzltbmokehuzjyc5b133kdqgh.cx.internal.cloudapp.net, ports: [REPLICATION=37775, RATIS=36263, RATIS_ADMIN=36263, RATIS_SERVER=36263, STANDALONE=39001], networkLocation: /default-rack, certSerialId: null, persistedOpState: IN_SERVICE, persistedOpStateExpiryEpochSec: 0}, ReplicationConfig: RATIS/ONE, State:ALLOCATED, leaderId:, CreationTimestamp2022-04-26T01:54:53.646Z[Etc/UTC]].
2022-04-26 01:54:53,697 [EventQueue-PipelineReportForOneReplicaPipelineSafeModeRule] INFO  safemode.SCMSafeModeManager (SCMSafeModeManager.java:validateSafeModeExitRules(204)) - AtleastOneDatanodeReportedRule rule is successfully validated
2022-04-26 01:54:54,067 [Listener at 127.0.0.1/35711] INFO  ozone.MiniOzoneClusterImpl (MiniOzoneClusterImpl.java:lambda$waitForClusterToBeReady$0(221)) - Waiting for nodes to be ready. Got 1 of 5 DN Heartbeats.
2022-04-26 01:54:54,067 [Listener at 127.0.0.1/35711] INFO  ozone.MiniOzoneClusterImpl (MiniOzoneClusterImpl.java:lambda$waitForClusterToBeReady$0(224)) - Waiting for cluster to exit safe mode
2022-04-26 01:54:54,067 [Listener at 127.0.0.1/35711] INFO  ozone.MiniOzoneClusterImpl (MiniOzoneClusterImpl.java:lambda$waitForClusterToBeReady$0(226)) - SCM became leader
2022-04-26 01:54:54,194 [IPC Server handler 0 on default port 42941] INFO  net.NetworkTopologyImpl (NetworkTopologyImpl.java:add(112)) - Added a new node: /default-rack/38feb0ec-788c-42ad-9852-eb5cbee3e7a8
2022-04-26 01:54:54,194 [IPC Server handler 0 on default port 42941] INFO  node.SCMNodeManager (SCMNodeManager.java:register(391)) - Registered Data node : 38feb0ec-788c-42ad-9852-eb5cbee3e7a8{ip: 10.1.0.42, host: fv-az50-870.grzltbmokehuzjyc5b133kdqgh.cx.internal.cloudapp.net, ports: [REPLICATION=38187, RATIS=43781, RATIS_ADMIN=43781, RATIS_SERVER=43781, STANDALONE=44739], networkLocation: /default-rack, certSerialId: null, persistedOpState: null, persistedOpStateExpiryEpochSec: 0}
2022-04-26 01:54:54,195 [EventQueue-NewNodeForNewNodeHandler] INFO  pipeline.BackgroundPipelineCreator (BackgroundPipelineCreator.java:notifyEventTriggered(284)) - trigger a one-shot run on RatisPipelineUtilsThread.
2022-04-26 01:54:54,205 [EventQueue-NodeRegistrationContainerReportForDataNodeSafeModeRule] INFO  safemode.SCMSafeModeManager (DataNodeSafeModeRule.java:process(71)) - SCM in safe mode. 2 DataNodes registered, 3 required.
2022-04-26 01:54:54,225 [RatisPipelineUtilsThread - 0] INFO  pipeline.RatisPipelineProvider (RatisPipelineProvider.java:lambda$create$0(195)) - Sending CreatePipelineCommand for pipeline:PipelineID=2e3cb259-4367-432a-bde3-a7dcdb7b52e7 to datanode:38feb0ec-788c-42ad-9852-eb5cbee3e7a8
2022-04-26 01:54:54,226 [RatisPipelineUtilsThread - 0] INFO  pipeline.PipelineStateManagerImpl (PipelineStateManagerImpl.java:addPipeline(101)) - Created pipeline Pipeline[ Id: 2e3cb259-4367-432a-bde3-a7dcdb7b52e7, Nodes: 38feb0ec-788c-42ad-9852-eb5cbee3e7a8{ip: 10.1.0.42, host: fv-az50-870.grzltbmokehuzjyc5b133kdqgh.cx.internal.cloudapp.net, ports: [REPLICATION=38187, RATIS=43781, RATIS_ADMIN=43781, RATIS_SERVER=43781, STANDALONE=44739], networkLocation: /default-rack, certSerialId: null, persistedOpState: IN_SERVICE, persistedOpStateExpiryEpochSec: 0}, ReplicationConfig: RATIS/ONE, State:ALLOCATED, leaderId:, CreationTimestamp2022-04-26T01:54:54.225Z[Etc/UTC]].
2022-04-26 01:54:54,262 [EndpointStateMachine task thread for /0.0.0.0:42941 - 0 ] INFO  ozoneimpl.OzoneContainer (OzoneContainer.java:start(335)) - Attempting to start container services.
2022-04-26 01:54:54,262 [EndpointStateMachine task thread for /0.0.0.0:42941 - 0 ] INFO  ozoneimpl.OzoneContainer (OzoneContainer.java:startContainerScrub(270)) - Background container scanner has been disabled.
2022-04-26 01:54:54,270 [EndpointStateMachine task thread for /0.0.0.0:42941 - 0 ] INFO  replication.ReplicationServer (ReplicationServer.java:start(111)) - ReplicationServer is started using port 38469
2022-04-26 01:54:54,297 [EndpointStateMachine task thread for /0.0.0.0:42941 - 0 ] INFO  ratis.XceiverServerRatis (XceiverServerRatis.java:start(481)) - Starting XceiverServerRatis ea96ec81-7be1-42c0-a365-817fcc2d83b3
2022-04-26 01:54:54,372 [EndpointStateMachine task thread for /0.0.0.0:42941 - 0 ] INFO  server.RaftServer (RaftServerProxy.java:lambda$start$5(374)) - ea96ec81-7be1-42c0-a365-817fcc2d83b3: start RPC server
2022-04-26 01:54:54,372 [EndpointStateMachine task thread for /0.0.0.0:42941 - 0 ] INFO  server.GrpcService (GrpcService.java:startImpl(253)) - ea96ec81-7be1-42c0-a365-817fcc2d83b3: GrpcService started, listening on 41121
2022-04-26 01:54:54,380 [EndpointStateMachine task thread for /0.0.0.0:42941 - 0 ] INFO  ratis.XceiverServerRatis (XceiverServerRatis.java:getRealPort(502)) - XceiverServerRatis ea96ec81-7be1-42c0-a365-817fcc2d83b3 is started using port 41121 for RATIS
2022-04-26 01:54:54,380 [EndpointStateMachine task thread for /0.0.0.0:42941 - 0 ] INFO  ratis.XceiverServerRatis (XceiverServerRatis.java:getRealPort(502)) - XceiverServerRatis ea96ec81-7be1-42c0-a365-817fcc2d83b3 is started using port 41121 for RATIS_ADMIN
2022-04-26 01:54:54,380 [EndpointStateMachine task thread for /0.0.0.0:42941 - 0 ] INFO  ratis.XceiverServerRatis (XceiverServerRatis.java:getRealPort(502)) - XceiverServerRatis ea96ec81-7be1-42c0-a365-817fcc2d83b3 is started using port 41121 for RATIS_SERVER
2022-04-26 01:54:54,382 [org.apache.ratis.util.JvmPauseMonitor$$Lambda$580/456889832@63b71760] INFO  util.JvmPauseMonitor (JvmPauseMonitor.java:run(103)) - JvmPauseMonitor-ea96ec81-7be1-42c0-a365-817fcc2d83b3: Started
2022-04-26 01:54:54,384 [EndpointStateMachine task thread for /0.0.0.0:42941 - 0 ] INFO  server.XceiverServerGrpc (XceiverServerGrpc.java:start(180)) - XceiverServerGrpc ea96ec81-7be1-42c0-a365-817fcc2d83b3 is started using port 45679
2022-04-26 01:54:54,841 [IPC Server handler 3 on default port 42941] INFO  net.NetworkTopologyImpl (NetworkTopologyImpl.java:add(112)) - Added a new node: /default-rack/a49f3fd7-aca1-41c1-ad3c-01adfe75912a
2022-04-26 01:54:54,842 [IPC Server handler 3 on default port 42941] INFO  node.SCMNodeManager (SCMNodeManager.java:register(391)) - Registered Data node : a49f3fd7-aca1-41c1-ad3c-01adfe75912a{ip: 10.1.0.42, host: fv-az50-870.grzltbmokehuzjyc5b133kdqgh.cx.internal.cloudapp.net, ports: [REPLICATION=43077, RATIS=39407, RATIS_ADMIN=39407, RATIS_SERVER=39407, STANDALONE=43813], networkLocation: /default-rack, certSerialId: null, persistedOpState: null, persistedOpStateExpiryEpochSec: 0}
2022-04-26 01:54:54,845 [EventQueue-NewNodeForNewNodeHandler] INFO  pipeline.BackgroundPipelineCreator (BackgroundPipelineCreator.java:notifyEventTriggered(284)) - trigger a one-shot run on RatisPipelineUtilsThread.
2022-04-26 01:54:54,845 [EventQueue-NodeRegistrationContainerReportForDataNodeSafeModeRule] INFO  safemode.SCMSafeModeManager (DataNodeSafeModeRule.java:process(71)) - SCM in safe mode. 3 DataNodes registered, 3 required.
2022-04-26 01:54:54,845 [EventQueue-NodeRegistrationContainerReportForDataNodeSafeModeRule] INFO  safemode.SCMSafeModeManager (SCMSafeModeManager.java:validateSafeModeExitRules(204)) - DataNodeSafeModeRule rule is successfully validated
2022-04-26 01:54:54,845 [EventQueue-NodeRegistrationContainerReportForDataNodeSafeModeRule] INFO  safemode.SCMSafeModeManager (SCMSafeModeManager.java:completePreCheck(233)) - All SCM safe mode pre check rules have passed
2022-04-26 01:54:54,845 [EventQueue-NodeRegistrationContainerReportForDataNodeSafeModeRule] WARN  events.EventQueue (EventQueue.java:fireEvent(194)) - No event handler registered for event TypedEvent{payloadType=SafeModeStatus, name='Safe mode status'}
2022-04-26 01:54:54,845 [EventQueue-NodeRegistrationContainerReportForDataNodeSafeModeRule] INFO  ha.SCMContext (SCMContext.java:updateSafeModeStatus(211)) - Update SafeModeStatus from SafeModeStatus{safeModeStatus=true, preCheckPassed=false} to SafeModeStatus{safeModeStatus=true, preCheckPassed=true}.
2022-04-26 01:54:54,845 [EventQueue-NodeRegistrationContainerReportForDataNodeSafeModeRule] INFO  pipeline.BackgroundPipelineCreator (BackgroundPipelineCreator.java:notifyEventTriggered(284)) - trigger a one-shot run on RatisPipelineUtilsThread.
2022-04-26 01:54:54,849 [RatisPipelineUtilsThread - 0] INFO  pipeline.RatisPipelineProvider (RatisPipelineProvider.java:lambda$create$0(195)) - Sending CreatePipelineCommand for pipeline:PipelineID=ad4a3e4a-882d-4220-ba6f-8233cfdfba5f to datanode:a49f3fd7-aca1-41c1-ad3c-01adfe75912a
2022-04-26 01:54:54,850 [RatisPipelineUtilsThread - 0] INFO  pipeline.PipelineStateManagerImpl (PipelineStateManagerImpl.java:addPipeline(101)) - Created pipeline Pipeline[ Id: ad4a3e4a-882d-4220-ba6f-8233cfdfba5f, Nodes: a49f3fd7-aca1-41c1-ad3c-01adfe75912a{ip: 10.1.0.42, host: fv-az50-870.grzltbmokehuzjyc5b133kdqgh.cx.internal.cloudapp.net, ports: [REPLICATION=43077, RATIS=39407, RATIS_ADMIN=39407, RATIS_SERVER=39407, STANDALONE=43813], networkLocation: /default-rack, certSerialId: null, persistedOpState: IN_SERVICE, persistedOpStateExpiryEpochSec: 0}, ReplicationConfig: RATIS/ONE, State:ALLOCATED, leaderId:, CreationTimestamp2022-04-26T01:54:54.849Z[Etc/UTC]].
2022-04-26 01:54:54,850 [RatisPipelineUtilsThread - 0] INFO  pipeline.RatisPipelineProvider (RatisPipelineProvider.java:lambda$create$0(195)) - Sending CreatePipelineCommand for pipeline:PipelineID=45f00a70-c545-4dbc-a032-a382eea17d82 to datanode:a49f3fd7-aca1-41c1-ad3c-01adfe75912a
2022-04-26 01:54:54,850 [RatisPipelineUtilsThread - 0] INFO  pipeline.RatisPipelineProvider (RatisPipelineProvider.java:lambda$create$0(195)) - Sending CreatePipelineCommand for pipeline:PipelineID=45f00a70-c545-4dbc-a032-a382eea17d82 to datanode:2bf912ba-2a06-41a3-b1d6-bf04ad40fbe7
2022-04-26 01:54:54,850 [RatisPipelineUtilsThread - 0] INFO  pipeline.RatisPipelineProvider (RatisPipelineProvider.java:lambda$create$0(195)) - Sending CreatePipelineCommand for pipeline:PipelineID=45f00a70-c545-4dbc-a032-a382eea17d82 to datanode:38feb0ec-788c-42ad-9852-eb5cbee3e7a8
2022-04-26 01:54:54,850 [RatisPipelineUtilsThread - 0] INFO  pipeline.PipelineStateManagerImpl (PipelineStateManagerImpl.java:addPipeline(101)) - Created pipeline Pipeline[ Id: 45f00a70-c545-4dbc-a032-a382eea17d82, Nodes: a49f3fd7-aca1-41c1-ad3c-01adfe75912a{ip: 10.1.0.42, host: fv-az50-870.grzltbmokehuzjyc5b133kdqgh.cx.internal.cloudapp.net, ports: [REPLICATION=43077, RATIS=39407, RATIS_ADMIN=39407, RATIS_SERVER=39407, STANDALONE=43813], networkLocation: /default-rack, certSerialId: null, persistedOpState: IN_SERVICE, persistedOpStateExpiryEpochSec: 0}2bf912ba-2a06-41a3-b1d6-bf04ad40fbe7{ip: 10.1.0.42, host: fv-az50-870.grzltbmokehuzjyc5b133kdqgh.cx.internal.cloudapp.net, ports: [REPLICATION=37775, RATIS=36263, RATIS_ADMIN=36263, RATIS_SERVER=36263, STANDALONE=39001], networkLocation: /default-rack, certSerialId: null, persistedOpState: IN_SERVICE, persistedOpStateExpiryEpochSec: 0}38feb0ec-788c-42ad-9852-eb5cbee3e7a8{ip: 10.1.0.42, host: fv-az50-870.grzltbmokehuzjyc5b133kdqgh.cx.internal.cloudapp.net, ports: [REPLICATION=38187, RATIS=43781, RATIS_ADMIN=43781, RATIS_SERVER=43781, STANDALONE=44739], networkLocation: /default-rack, certSerialId: null, persistedOpState: IN_SERVICE, persistedOpStateExpiryEpochSec: 0}, ReplicationConfig: RATIS/THREE, State:ALLOCATED, leaderId:, CreationTimestamp2022-04-26T01:54:54.850Z[Etc/UTC]].
2022-04-26 01:54:54,851 [RatisPipelineUtilsThread - 0] INFO  pipeline.RatisPipelineProvider (RatisPipelineProvider.java:lambda$create$0(195)) - Sending CreatePipelineCommand for pipeline:PipelineID=bc49be9e-2878-4505-a407-1e5e024634d1 to datanode:a49f3fd7-aca1-41c1-ad3c-01adfe75912a
2022-04-26 01:54:54,851 [RatisPipelineUtilsThread - 0] INFO  pipeline.RatisPipelineProvider (RatisPipelineProvider.java:lambda$create$0(195)) - Sending CreatePipelineCommand for pipeline:PipelineID=bc49be9e-2878-4505-a407-1e5e024634d1 to datanode:2bf912ba-2a06-41a3-b1d6-bf04ad40fbe7
2022-04-26 01:54:54,851 [RatisPipelineUtilsThread - 0] INFO  pipeline.RatisPipelineProvider (RatisPipelineProvider.java:lambda$create$0(195)) - Sending CreatePipelineCommand for pipeline:PipelineID=bc49be9e-2878-4505-a407-1e5e024634d1 to datanode:38feb0ec-788c-42ad-9852-eb5cbee3e7a8
2022-04-26 01:54:54,851 [RatisPipelineUtilsThread - 0] INFO  pipeline.PipelineStateManagerImpl (PipelineStateManagerImpl.java:addPipeline(101)) - Created pipeline Pipeline[ Id: bc49be9e-2878-4505-a407-1e5e024634d1, Nodes: a49f3fd7-aca1-41c1-ad3c-01adfe75912a{ip: 10.1.0.42, host: fv-az50-870.grzltbmokehuzjyc5b133kdqgh.cx.internal.cloudapp.net, ports: [REPLICATION=43077, RATIS=39407, RATIS_ADMIN=39407, RATIS_SERVER=39407, STANDALONE=43813], networkLocation: /default-rack, certSerialId: null, persistedOpState: IN_SERVICE, persistedOpStateExpiryEpochSec: 0}2bf912ba-2a06-41a3-b1d6-bf04ad40fbe7{ip: 10.1.0.42, host: fv-az50-870.grzltbmokehuzjyc5b133kdqgh.cx.internal.cloudapp.net, ports: [REPLICATION=37775, RATIS=36263, RATIS_ADMIN=36263, RATIS_SERVER=36263, STANDALONE=39001], networkLocation: /default-rack, certSerialId: null, persistedOpState: IN_SERVICE, persistedOpStateExpiryEpochSec: 0}38feb0ec-788c-42ad-9852-eb5cbee3e7a8{ip: 10.1.0.42, host: fv-az50-870.grzltbmokehuzjyc5b133kdqgh.cx.internal.cloudapp.net, ports: [REPLICATION=38187, RATIS=43781, RATIS_ADMIN=43781, RATIS_SERVER=43781, STANDALONE=44739], networkLocation: /default-rack, certSerialId: null, persistedOpState: IN_SERVICE, persistedOpStateExpiryEpochSec: 0}, ReplicationConfig: RATIS/THREE, State:ALLOCATED, leaderId:, CreationTimestamp2022-04-26T01:54:54.851Z[Etc/UTC]].
2022-04-26 01:54:54,851 [RatisPipelineUtilsThread - 0] INFO  pipeline.PipelineManagerImpl (PipelineManagerImpl.java:recordMetricsForPipeline(669)) - Pipeline: PipelineID=bc49be9e-2878-4505-a407-1e5e024634d1 contains same datanodes as previous pipelines: PipelineID=45f00a70-c545-4dbc-a032-a382eea17d82 nodeIds: a49f3fd7-aca1-41c1-ad3c-01adfe75912a, 2bf912ba-2a06-41a3-b1d6-bf04ad40fbe7, 38feb0ec-788c-42ad-9852-eb5cbee3e7a8
2022-04-26 01:54:55,067 [Listener at 127.0.0.1/35711] INFO  ozone.MiniOzoneClusterImpl (MiniOzoneClusterImpl.java:lambda$waitForClusterToBeReady$0(221)) - Waiting for nodes to be ready. Got 3 of 5 DN Heartbeats.
2022-04-26 01:54:55,068 [Listener at 127.0.0.1/35711] INFO  ozone.MiniOzoneClusterImpl (MiniOzoneClusterImpl.java:lambda$waitForClusterToBeReady$0(224)) - Waiting for cluster to exit safe mode
2022-04-26 01:54:55,068 [Listener at 127.0.0.1/35711] INFO  ozone.MiniOzoneClusterImpl (MiniOzoneClusterImpl.java:lambda$waitForClusterToBeReady$0(226)) - SCM became leader
2022-04-26 01:54:55,446 [IPC Server handler 2 on default port 42941] INFO  net.NetworkTopologyImpl (NetworkTopologyImpl.java:add(112)) - Added a new node: /default-rack/3f26cc77-40bb-4b12-ae17-f23562ebcede
2022-04-26 01:54:55,446 [IPC Server handler 2 on default port 42941] INFO  node.SCMNodeManager (SCMNodeManager.java:register(391)) - Registered Data node : 3f26cc77-40bb-4b12-ae17-f23562ebcede{ip: 10.1.0.42, host: fv-az50-870.grzltbmokehuzjyc5b133kdqgh.cx.internal.cloudapp.net, ports: [REPLICATION=41027, RATIS=42555, RATIS_ADMIN=42555, RATIS_SERVER=42555, STANDALONE=33173], networkLocation: /default-rack, certSerialId: null, persistedOpState: null, persistedOpStateExpiryEpochSec: 0}
2022-04-26 01:54:55,446 [EventQueue-NewNodeForNewNodeHandler] INFO  pipeline.BackgroundPipelineCreator (BackgroundPipelineCreator.java:notifyEventTriggered(284)) - trigger a one-shot run on RatisPipelineUtilsThread.
2022-04-26 01:54:55,447 [RatisPipelineUtilsThread - 0] INFO  pipeline.RatisPipelineProvider (RatisPipelineProvider.java:lambda$create$0(195)) - Sending CreatePipelineCommand for pipeline:PipelineID=a411199c-2f89-47ba-8971-d69c56fb19d5 to datanode:3f26cc77-40bb-4b12-ae17-f23562ebcede
2022-04-26 01:54:55,447 [RatisPipelineUtilsThread - 0] INFO  pipeline.PipelineStateManagerImpl (PipelineStateManagerImpl.java:addPipeline(101)) - Created pipeline Pipeline[ Id: a411199c-2f89-47ba-8971-d69c56fb19d5, Nodes: 3f26cc77-40bb-4b12-ae17-f23562ebcede{ip: 10.1.0.42, host: fv-az50-870.grzltbmokehuzjyc5b133kdqgh.cx.internal.cloudapp.net, ports: [REPLICATION=41027, RATIS=42555, RATIS_ADMIN=42555, RATIS_SERVER=42555, STANDALONE=33173], networkLocation: /default-rack, certSerialId: null, persistedOpState: IN_SERVICE, persistedOpStateExpiryEpochSec: 0}, ReplicationConfig: RATIS/ONE, State:ALLOCATED, leaderId:, CreationTimestamp2022-04-26T01:54:55.447Z[Etc/UTC]].
2022-04-26 01:54:56,068 [Listener at 127.0.0.1/35711] INFO  ozone.MiniOzoneClusterImpl (MiniOzoneClusterImpl.java:lambda$waitForClusterToBeReady$0(221)) - Waiting for nodes to be ready. Got 4 of 5 DN Heartbeats.
2022-04-26 01:54:56,068 [Listener at 127.0.0.1/35711] INFO  ozone.MiniOzoneClusterImpl (MiniOzoneClusterImpl.java:lambda$waitForClusterToBeReady$0(224)) - Waiting for cluster to exit safe mode
2022-04-26 01:54:56,068 [Listener at 127.0.0.1/35711] INFO  ozone.MiniOzoneClusterImpl (MiniOzoneClusterImpl.java:lambda$waitForClusterToBeReady$0(226)) - SCM became leader
2022-04-26 01:54:56,182 [IPC Server handler 0 on default port 42941] INFO  net.NetworkTopologyImpl (NetworkTopologyImpl.java:add(112)) - Added a new node: /default-rack/ea96ec81-7be1-42c0-a365-817fcc2d83b3
2022-04-26 01:54:56,182 [IPC Server handler 0 on default port 42941] INFO  node.SCMNodeManager (SCMNodeManager.java:register(391)) - Registered Data node : ea96ec81-7be1-42c0-a365-817fcc2d83b3{ip: 10.1.0.42, host: fv-az50-870.grzltbmokehuzjyc5b133kdqgh.cx.internal.cloudapp.net, ports: [REPLICATION=38469, RATIS=41121, RATIS_ADMIN=41121, RATIS_SERVER=41121, STANDALONE=45679], networkLocation: /default-rack, certSerialId: null, persistedOpState: null, persistedOpStateExpiryEpochSec: 0}
2022-04-26 01:54:56,182 [EventQueue-NewNodeForNewNodeHandler] INFO  pipeline.BackgroundPipelineCreator (BackgroundPipelineCreator.java:notifyEventTriggered(284)) - trigger a one-shot run on RatisPipelineUtilsThread.
2022-04-26 01:54:56,182 [RatisPipelineUtilsThread - 0] INFO  pipeline.RatisPipelineProvider (RatisPipelineProvider.java:lambda$create$0(195)) - Sending CreatePipelineCommand for pipeline:PipelineID=a5d46dff-bf67-461d-8463-f7e4f0c9ca01 to datanode:ea96ec81-7be1-42c0-a365-817fcc2d83b3
2022-04-26 01:54:56,183 [RatisPipelineUtilsThread - 0] INFO  pipeline.PipelineStateManagerImpl (PipelineStateManagerImpl.java:addPipeline(101)) - Created pipeline Pipeline[ Id: a5d46dff-bf67-461d-8463-f7e4f0c9ca01, Nodes: ea96ec81-7be1-42c0-a365-817fcc2d83b3{ip: 10.1.0.42, host: fv-az50-870.grzltbmokehuzjyc5b133kdqgh.cx.internal.cloudapp.net, ports: [REPLICATION=38469, RATIS=41121, RATIS_ADMIN=41121, RATIS_SERVER=41121, STANDALONE=45679], networkLocation: /default-rack, certSerialId: null, persistedOpState: IN_SERVICE, persistedOpStateExpiryEpochSec: 0}, ReplicationConfig: RATIS/ONE, State:ALLOCATED, leaderId:, CreationTimestamp2022-04-26T01:54:56.182Z[Etc/UTC]].
2022-04-26 01:54:56,615 [Command processor thread] INFO  server.RaftServer (RaftServerProxy.java:addNew(95)) - 2bf912ba-2a06-41a3-b1d6-bf04ad40fbe7: addNew group-3B87E1700DD4:[2bf912ba-2a06-41a3-b1d6-bf04ad40fbe7|rpc:10.1.0.42:36263|priority:1] returns group-3B87E1700DD4:java.util.concurrent.CompletableFuture@3d85f1dd[Not completed]
2022-04-26 01:54:56,627 [pool-661-thread-1] INFO  server.RaftServer$Division (RaftServerImpl.java:<init>(184)) - 2bf912ba-2a06-41a3-b1d6-bf04ad40fbe7: new RaftServerImpl for group-3B87E1700DD4:[2bf912ba-2a06-41a3-b1d6-bf04ad40fbe7|rpc:10.1.0.42:36263|priority:1] with ContainerStateMachine:uninitialized
2022-04-26 01:54:56,662 [pool-661-thread-1] INFO  server.RaftServerConfigKeys (ConfUtils.java:logGet(44)) - raft.server.rpc.timeout.min = 5s (custom)
2022-04-26 01:54:56,662 [pool-661-thread-1] INFO  server.RaftServerConfigKeys (ConfUtils.java:logGet(44)) - raft.server.rpc.timeout.max = 5200ms (custom)
2022-04-26 01:54:56,662 [pool-661-thread-1] INFO  server.RaftServerConfigKeys (ConfUtils.java:logGet(44)) - raft.server.rpc.sleep.time = 25ms (default)
2022-04-26 01:54:56,662 [pool-661-thread-1] INFO  server.RaftServerConfigKeys (ConfUtils.java:logGet(44)) - raft.server.rpc.slowness.timeout = 300s (custom)
2022-04-26 01:54:56,662 [pool-661-thread-1] INFO  server.RaftServerConfigKeys (ConfUtils.java:logGet(44)) - raft.server.leaderelection.leader.step-down.wait-time = 10s (default)
2022-04-26 01:54:56,662 [pool-661-thread-1] INFO  server.RaftServerConfigKeys (ConfUtils.java:logGet(44)) - raft.server.sleep.deviation.threshold = 300ms (default)
2022-04-26 01:54:56,662 [pool-661-thread-1] INFO  server.RaftServerConfigKeys (ConfUtils.java:logGet(44)) - raft.server.log.appender.install.snapshot.enabled = false (custom)
2022-04-26 01:54:56,662 [pool-661-thread-1] INFO  server.RaftServer$Division (ServerState.java:<init>(105)) - 2bf912ba-2a06-41a3-b1d6-bf04ad40fbe7@group-3B87E1700DD4: ConfigurationManager, init=-1: [2bf912ba-2a06-41a3-b1d6-bf04ad40fbe7|rpc:10.1.0.42:36263|priority:1], old=null, confs=<EMPTY_MAP>
2022-04-26 01:54:56,662 [pool-661-thread-1] INFO  server.RaftServerConfigKeys (ConfUtils.java:logGet(44)) - raft.server.storage.dir = [/home/runner/work/ozone/ozone/hadoop-ozone/integration-test/target/test-dir/MiniOzoneClusterImpl-b265c8eb-45a8-4330-a699-f70d21251437/datanode-0/data/ratis] (custom)
2022-04-26 01:54:56,662 [pool-661-thread-1] INFO  server.RaftServerConfigKeys (ConfUtils.java:logGet(44)) - raft.server.log.corruption.policy = EXCEPTION (default)
2022-04-26 01:54:56,662 [pool-661-thread-1] INFO  server.RaftServerConfigKeys (ConfUtils.java:logGet(44)) - raft.server.storage.free-space.min = 0MB (=0) (default)
2022-04-26 01:54:56,662 [pool-661-thread-1] INFO  storage.RaftStorageDirectory (RaftStorageDirectoryImpl.java:analyzeStorage(135)) - The storage directory /home/runner/work/ozone/ozone/hadoop-ozone/integration-test/target/test-dir/MiniOzoneClusterImpl-b265c8eb-45a8-4330-a699-f70d21251437/datanode-0/data/ratis/96c29aab-e4e8-4f88-b2d0-3b87e1700dd4 does not exist. Creating ...
2022-04-26 01:54:56,665 [pool-661-thread-1] INFO  storage.RaftStorageDirectory (RaftStorageDirectoryImpl.java:tryLock(230)) - Lock on /home/runner/work/ozone/ozone/hadoop-ozone/integration-test/target/test-dir/MiniOzoneClusterImpl-b265c8eb-45a8-4330-a699-f70d21251437/datanode-0/data/ratis/96c29aab-e4e8-4f88-b2d0-3b87e1700dd4/in_use.lock acquired by nodename 18609@fv-az50-870
2022-04-26 01:54:56,669 [pool-661-thread-1] INFO  storage.RaftStorage (RaftStorageImpl.java:format(89)) - Storage directory /home/runner/work/ozone/ozone/hadoop-ozone/integration-test/target/test-dir/MiniOzoneClusterImpl-b265c8eb-45a8-4330-a699-f70d21251437/datanode-0/data/ratis/96c29aab-e4e8-4f88-b2d0-3b87e1700dd4 has been successfully formatted.
2022-04-26 01:54:56,670 [pool-661-thread-1] INFO  ratis.ContainerStateMachine (ContainerStateMachine.java:loadSnapshot(236)) - group-3B87E1700DD4: The snapshot info is null. Setting the last applied indexto:(t:0, i:~)
2022-04-26 01:54:56,670 [pool-661-thread-1] INFO  server.RaftServerConfigKeys (ConfUtils.java:logGet(44)) - raft.server.notification.no-leader.timeout = 300s (custom)
2022-04-26 01:54:56,670 [pool-661-thread-1] INFO  server.RaftServerConfigKeys (ConfUtils.java:logGet(44)) - raft.server.log.use.memory = false (default)
2022-04-26 01:54:56,670 [pool-661-thread-1] INFO  server.RaftServerConfigKeys (ConfUtils.java:logGet(44)) - raft.server.log.purge.gap = 1000000 (custom)
2022-04-26 01:54:56,670 [pool-661-thread-1] INFO  server.RaftServerConfigKeys (ConfUtils.java:logGet(44)) - raft.server.log.appender.buffer.byte-limit = 33554432 (custom)
2022-04-26 01:54:56,670 [pool-661-thread-1] INFO  server.RaftServerConfigKeys (ConfUtils.java:logGet(44)) - raft.server.log.segment.size.max = 1048576 (custom)
2022-04-26 01:54:56,671 [pool-661-thread-1] INFO  server.RaftServerConfigKeys (ConfUtils.java:logGet(44)) - raft.server.log.segment.cache.num.max = 2 (custom)
2022-04-26 01:54:56,671 [pool-661-thread-1] INFO  server.RaftServerConfigKeys (ConfUtils.java:logGet(44)) - raft.server.log.segment.cache.size.max = 200MB (=209715200) (default)
2022-04-26 01:54:56,671 [pool-661-thread-1] INFO  segmented.SegmentedRaftLogWorker (SegmentedRaftLogWorker.java:<init>(182)) - new 2bf912ba-2a06-41a3-b1d6-bf04ad40fbe7@group-3B87E1700DD4-SegmentedRaftLogWorker for RaftStorageImpl:Storage Directory /home/runner/work/ozone/ozone/hadoop-ozone/integration-test/target/test-dir/MiniOzoneClusterImpl-b265c8eb-45a8-4330-a699-f70d21251437/datanode-0/data/ratis/96c29aab-e4e8-4f88-b2d0-3b87e1700dd4
2022-04-26 01:54:56,671 [pool-661-thread-1] INFO  server.RaftServerConfigKeys (ConfUtils.java:logGet(44)) - raft.server.log.queue.byte-limit = 4294967296 (custom)
2022-04-26 01:54:56,671 [pool-661-thread-1] INFO  server.RaftServerConfigKeys (ConfUtils.java:logGet(44)) - raft.server.log.queue.element-limit = 1024 (custom)
2022-04-26 01:54:56,671 [pool-661-thread-1] INFO  server.RaftServerConfigKeys (ConfUtils.java:logGet(44)) - raft.server.log.segment.size.max = 1048576 (custom)
2022-04-26 01:54:56,671 [pool-661-thread-1] INFO  server.RaftServerConfigKeys (ConfUtils.java:logGet(44)) - raft.server.log.preallocated.size = 16384 (custom)
2022-04-26 01:54:56,671 [pool-661-thread-1] INFO  server.RaftServerConfigKeys (ConfUtils.java:logGet(44)) - raft.server.log.force.sync.num = 128 (default)
2022-04-26 01:54:56,671 [pool-661-thread-1] INFO  server.RaftServerConfigKeys (ConfUtils.java:logGet(44)) - raft.server.log.statemachine.data.sync = true (default)
2022-04-26 01:54:56,671 [pool-661-thread-1] INFO  server.RaftServerConfigKeys (ConfUtils.java:logGet(44)) - raft.server.log.statemachine.data.sync.timeout = 10s (default)
2022-04-26 01:54:56,671 [pool-661-thread-1] INFO  server.RaftServerConfigKeys (ConfUtils.java:logGet(44)) - raft.server.log.statemachine.data.sync.timeout.retry = -1 (default)
2022-04-26 01:54:56,672 [pool-661-thread-1] INFO  server.RaftServerConfigKeys (ConfUtils.java:logGet(44)) - raft.server.log.write.buffer.size = 1048576 (custom)
2022-04-26 01:54:56,672 [pool-661-thread-1] INFO  server.RaftServerConfigKeys (ConfUtils.java:logGet(44)) - raft.server.log.statemachine.data.caching.enabled = true (custom)
2022-04-26 01:54:56,672 [pool-661-thread-1] INFO  segmented.SegmentedRaftLogWorker (SegmentedRaftLogWorker.java:lambda$new$0(133)) - 2bf912ba-2a06-41a3-b1d6-bf04ad40fbe7@group-3B87E1700DD4-SegmentedRaftLogWorker: flushIndex: setUnconditionally 0 -> -1
2022-04-26 01:54:56,672 [pool-661-thread-1] INFO  segmented.SegmentedRaftLogWorker (SegmentedRaftLogWorker.java:lambda$new$0(133)) - 2bf912ba-2a06-41a3-b1d6-bf04ad40fbe7@group-3B87E1700DD4-SegmentedRaftLogWorker: safeCacheEvictIndex: setUnconditionally 0 -> -1
2022-04-26 01:54:56,673 [pool-661-thread-1] INFO  server.RaftServerConfigKeys (ConfUtils.java:logGet(44)) - raft.server.snapshot.auto.trigger.enabled = true (custom)
2022-04-26 01:54:56,673 [pool-661-thread-1] INFO  server.RaftServerConfigKeys (ConfUtils.java:logGet(44)) - raft.server.snapshot.auto.trigger.threshold = 10000 (custom)
2022-04-26 01:54:56,673 [pool-661-thread-1] INFO  server.RaftServerConfigKeys (ConfUtils.java:logGet(44)) - raft.server.snapshot.retention.file.num = 5 (custom)
2022-04-26 01:54:56,673 [pool-661-thread-1] INFO  server.RaftServerConfigKeys (ConfUtils.java:logGet(44)) - raft.server.log.purge.upto.snapshot.index = false (default)
2022-04-26 01:54:56,673 [pool-661-thread-1] INFO  server.RaftServerConfigKeys (ConfUtils.java:logGet(44)) - raft.server.retrycache.expirytime = 600000ms (custom)
2022-04-26 01:54:56,673 [pool-661-thread-1] INFO  server.RaftServerConfigKeys (ConfUtils.java:logGet(44)) - raft.server.retrycache.statistics.expirytime = 100μs (default)
2022-04-26 01:54:56,674 [pool-661-thread-1] INFO  server.RaftServer$Division (RaftServerImpl.java:start(301)) - 2bf912ba-2a06-41a3-b1d6-bf04ad40fbe7@group-3B87E1700DD4: start as a follower, conf=-1: [2bf912ba-2a06-41a3-b1d6-bf04ad40fbe7|rpc:10.1.0.42:36263|priority:1], old=null
2022-04-26 01:54:56,674 [pool-661-thread-1] INFO  server.RaftServer$Division (RaftServerImpl.java:setRole(290)) - 2bf912ba-2a06-41a3-b1d6-bf04ad40fbe7@group-3B87E1700DD4: changes role from      null to FOLLOWER at term 0 for startAsFollower
2022-04-26 01:54:56,674 [pool-661-thread-1] INFO  impl.RoleInfo (RoleInfo.java:updateAndGet(130)) - 2bf912ba-2a06-41a3-b1d6-bf04ad40fbe7: start 2bf912ba-2a06-41a3-b1d6-bf04ad40fbe7@group-3B87E1700DD4-FollowerState
2022-04-26 01:54:56,675 [EventQueue-PipelineReportForPipelineReportHandler] INFO  pipeline.PipelineManagerImpl (PipelineManagerImpl.java:openPipeline(321)) - Pipeline Pipeline[ Id: 96c29aab-e4e8-4f88-b2d0-3b87e1700dd4, Nodes: 2bf912ba-2a06-41a3-b1d6-bf04ad40fbe7{ip: 10.1.0.42, host: fv-az50-870.grzltbmokehuzjyc5b133kdqgh.cx.internal.cloudapp.net, ports: [REPLICATION=37775, RATIS=36263, RATIS_ADMIN=36263, RATIS_SERVER=36263, STANDALONE=39001], networkLocation: /default-rack, certSerialId: null, persistedOpState: IN_SERVICE, persistedOpStateExpiryEpochSec: 0}, ReplicationConfig: RATIS/ONE, State:ALLOCATED, leaderId:2bf912ba-2a06-41a3-b1d6-bf04ad40fbe7, CreationTimestamp2022-04-26T01:54:53.646Z[Etc/UTC]] moved to OPEN state
2022-04-26 01:54:56,704 [pool-661-thread-1] INFO  util.JmxRegister (JmxRegister.java:tryRegister(44)) - Successfully registered JMX Bean with object name Ratis:service=RaftServer,group=group-3B87E1700DD4,id=2bf912ba-2a06-41a3-b1d6-bf04ad40fbe7
2022-04-26 01:54:56,718 [Command processor thread] INFO  ratis.XceiverServerRatis (XceiverServerRatis.java:addGroup(765)) - Created group PipelineID=96c29aab-e4e8-4f88-b2d0-3b87e1700dd4
2022-04-26 01:54:56,718 [Command processor thread] INFO  commandhandler.CreatePipelineCommandHandler (CreatePipelineCommandHandler.java:handle(113)) - Created Pipeline RATIS ONE PipelineID=96c29aab-e4e8-4f88-b2d0-3b87e1700dd4.
2022-04-26 01:54:56,718 [Command processor thread] INFO  server.RaftServer (RaftServerProxy.java:addNew(95)) - 2bf912ba-2a06-41a3-b1d6-bf04ad40fbe7: addNew group-A382EEA17D82:[38feb0ec-788c-42ad-9852-eb5cbee3e7a8|rpc:10.1.0.42:43781|priority:0, a49f3fd7-aca1-41c1-ad3c-01adfe75912a|rpc:10.1.0.42:39407|priority:0, 2bf912ba-2a06-41a3-b1d6-bf04ad40fbe7|rpc:10.1.0.42:36263|priority:1] returns group-A382EEA17D82:java.util.concurrent.CompletableFuture@39ba62b5[Not completed]
2022-04-26 01:54:56,719 [pool-661-thread-1] INFO  server.RaftServer$Division (RaftServerImpl.java:<init>(184)) - 2bf912ba-2a06-41a3-b1d6-bf04ad40fbe7: new RaftServerImpl for group-A382EEA17D82:[38feb0ec-788c-42ad-9852-eb5cbee3e7a8|rpc:10.1.0.42:43781|priority:0, a49f3fd7-aca1-41c1-ad3c-01adfe75912a|rpc:10.1.0.42:39407|priority:0, 2bf912ba-2a06-41a3-b1d6-bf04ad40fbe7|rpc:10.1.0.42:36263|priority:1] with ContainerStateMachine:uninitialized
2022-04-26 01:54:56,719 [pool-661-thread-1] INFO  server.RaftServerConfigKeys (ConfUtils.java:logGet(44)) - raft.server.rpc.timeout.min = 5s (custom)
2022-04-26 01:54:56,719 [pool-661-thread-1] INFO  server.RaftServerConfigKeys (ConfUtils.java:logGet(44)) - raft.server.rpc.timeout.max = 5200ms (custom)
2022-04-26 01:54:56,719 [pool-661-thread-1] INFO  server.RaftServerConfigKeys (ConfUtils.java:logGet(44)) - raft.server.rpc.sleep.time = 25ms (default)
2022-04-26 01:54:56,719 [pool-661-thread-1] INFO  server.RaftServerConfigKeys (ConfUtils.java:logGet(44)) - raft.server.rpc.slowness.timeout = 300s (custom)
2022-04-26 01:54:56,719 [pool-661-thread-1] INFO  server.RaftServerConfigKeys (ConfUtils.java:logGet(44)) - raft.server.leaderelection.leader.step-down.wait-time = 10s (default)
2022-04-26 01:54:56,719 [pool-661-thread-1] INFO  server.RaftServerConfigKeys (ConfUtils.java:logGet(44)) - raft.server.sleep.deviation.threshold = 300ms (default)
2022-04-26 01:54:56,719 [pool-661-thread-1] INFO  server.RaftServerConfigKeys (ConfUtils.java:logGet(44)) - raft.server.log.appender.install.snapshot.enabled = false (custom)
2022-04-26 01:54:56,721 [EventQueue-OpenPipelineForHealthyPipelineSafeModeRule] INFO  safemode.SCMSafeModeManager (HealthyPipelineSafeModeRule.java:process(124)) - SCM in safe mode. Healthy pipelines reported count is 0, required healthy pipeline reported count is 1
2022-04-26 01:54:56,744 [pool-661-thread-1] INFO  server.RaftServer$Division (ServerState.java:<init>(105)) - 2bf912ba-2a06-41a3-b1d6-bf04ad40fbe7@group-A382EEA17D82: ConfigurationManager, init=-1: [38feb0ec-788c-42ad-9852-eb5cbee3e7a8|rpc:10.1.0.42:43781|priority:0, a49f3fd7-aca1-41c1-ad3c-01adfe75912a|rpc:10.1.0.42:39407|priority:0, 2bf912ba-2a06-41a3-b1d6-bf04ad40fbe7|rpc:10.1.0.42:36263|priority:1], old=null, confs=<EMPTY_MAP>
2022-04-26 01:54:56,744 [pool-661-thread-1] INFO  server.RaftServerConfigKeys (ConfUtils.java:logGet(44)) - raft.server.storage.dir = [/home/runner/work/ozone/ozone/hadoop-ozone/integration-test/target/test-dir/MiniOzoneClusterImpl-b265c8eb-45a8-4330-a699-f70d21251437/datanode-0/data/ratis] (custom)
2022-04-26 01:54:56,744 [pool-661-thread-1] INFO  server.RaftServerConfigKeys (ConfUtils.java:logGet(44)) - raft.server.log.corruption.policy = EXCEPTION (default)
2022-04-26 01:54:56,744 [pool-661-thread-1] INFO  server.RaftServerConfigKeys (ConfUtils.java:logGet(44)) - raft.server.storage.free-space.min = 0MB (=0) (default)
2022-04-26 01:54:56,744 [pool-661-thread-1] INFO  storage.RaftStorageDirectory (RaftStorageDirectoryImpl.java:analyzeStorage(135)) - The storage directory /home/runner/work/ozone/ozone/hadoop-ozone/integration-test/target/test-dir/MiniOzoneClusterImpl-b265c8eb-45a8-4330-a699-f70d21251437/datanode-0/data/ratis/45f00a70-c545-4dbc-a032-a382eea17d82 does not exist. Creating ...
2022-04-26 01:54:56,749 [pool-661-thread-1] INFO  storage.RaftStorageDirectory (RaftStorageDirectoryImpl.java:tryLock(230)) - Lock on /home/runner/work/ozone/ozone/hadoop-ozone/integration-test/target/test-dir/MiniOzoneClusterImpl-b265c8eb-45a8-4330-a699-f70d21251437/datanode-0/data/ratis/45f00a70-c545-4dbc-a032-a382eea17d82/in_use.lock acquired by nodename 18609@fv-az50-870
2022-04-26 01:54:56,751 [pool-661-thread-1] INFO  storage.RaftStorage (RaftStorageImpl.java:format(89)) - Storage directory /home/runner/work/ozone/ozone/hadoop-ozone/integration-test/target/test-dir/MiniOzoneClusterImpl-b265c8eb-45a8-4330-a699-f70d21251437/datanode-0/data/ratis/45f00a70-c545-4dbc-a032-a382eea17d82 has been successfully formatted.
2022-04-26 01:54:56,752 [pool-661-thread-1] INFO  ratis.ContainerStateMachine (ContainerStateMachine.java:loadSnapshot(236)) - group-A382EEA17D82: The snapshot info is null. Setting the last applied indexto:(t:0, i:~)
2022-04-26 01:54:56,752 [pool-661-thread-1] INFO  server.RaftServerConfigKeys (ConfUtils.java:logGet(44)) - raft.server.notification.no-leader.timeout = 300s (custom)
2022-04-26 01:54:56,752 [pool-661-thread-1] INFO  server.RaftServerConfigKeys (ConfUtils.java:logGet(44)) - raft.server.log.use.memory = false (default)
2022-04-26 01:54:56,752 [pool-661-thread-1] INFO  server.RaftServerConfigKeys (ConfUtils.java:logGet(44)) - raft.server.log.purge.gap = 1000000 (custom)
2022-04-26 01:54:56,752 [pool-661-thread-1] INFO  server.RaftServerConfigKeys (ConfUtils.java:logGet(44)) - raft.server.log.appender.buffer.byte-limit = 33554432 (custom)
2022-04-26 01:54:56,752 [pool-661-thread-1] INFO  server.RaftServerConfigKeys (ConfUtils.java:logGet(44)) - raft.server.log.segment.size.max = 1048576 (custom)
2022-04-26 01:54:56,752 [pool-661-thread-1] INFO  server.RaftServerConfigKeys (ConfUtils.java:logGet(44)) - raft.server.log.segment.cache.num.max = 2 (custom)
2022-04-26 01:54:56,752 [pool-661-thread-1] INFO  server.RaftServerConfigKeys (ConfUtils.java:logGet(44)) - raft.server.log.segment.cache.size.max = 200MB (=209715200) (default)
2022-04-26 01:54:56,752 [pool-661-thread-1] INFO  segmented.SegmentedRaftLogWorker (SegmentedRaftLogWorker.java:<init>(182)) - new 2bf912ba-2a06-41a3-b1d6-bf04ad40fbe7@group-A382EEA17D82-SegmentedRaftLogWorker for RaftStorageImpl:Storage Directory /home/runner/work/ozone/ozone/hadoop-ozone/integration-test/target/test-dir/MiniOzoneClusterImpl-b265c8eb-45a8-4330-a699-f70d21251437/datanode-0/data/ratis/45f00a70-c545-4dbc-a032-a382eea17d82
2022-04-26 01:54:56,753 [pool-661-thread-1] INFO  server.RaftServerConfigKeys (ConfUtils.java:logGet(44)) - raft.server.log.queue.byte-limit = 4294967296 (custom)
2022-04-26 01:54:56,753 [EventQueue-OpenPipelineForHealthyPipelineSafeModeRule] INFO  safemode.SCMSafeModeManager (HealthyPipelineSafeModeRule.java:process(124)) - SCM in safe mode. Healthy pipelines reported count is 0, required healthy pipeline reported count is 1
2022-04-26 01:54:56,753 [pool-661-thread-1] INFO  server.RaftServerConfigKeys (ConfUtils.java:logGet(44)) - raft.server.log.queue.element-limit = 1024 (custom)
2022-04-26 01:54:56,753 [pool-661-thread-1] INFO  server.RaftServerConfigKeys (ConfUtils.java:logGet(44)) - raft.server.log.segment.size.max = 1048576 (custom)
2022-04-26 01:54:56,753 [pool-661-thread-1] INFO  server.RaftServerConfigKeys (ConfUtils.java:logGet(44)) - raft.server.log.preallocated.size = 16384 (custom)
2022-04-26 01:54:56,753 [pool-661-thread-1] INFO  server.RaftServerConfigKeys (ConfUtils.java:logGet(44)) - raft.server.log.force.sync.num = 128 (default)
2022-04-26 01:54:56,753 [pool-661-thread-1] INFO  server.RaftServerConfigKeys (ConfUtils.java:logGet(44)) - raft.server.log.statemachine.data.sync = true (default)
2022-04-26 01:54:56,753 [pool-661-thread-1] INFO  server.RaftServerConfigKeys (ConfUtils.java:logGet(44)) - raft.server.log.statemachine.data.sync.timeout = 10s (default)
2022-04-26 01:54:56,753 [pool-661-thread-1] INFO  server.RaftServerConfigKeys (ConfUtils.java:logGet(44)) - raft.server.log.statemachine.data.sync.timeout.retry = -1 (default)
2022-04-26 01:54:56,754 [pool-661-thread-1] INFO  server.RaftServerConfigKeys (ConfUtils.java:logGet(44)) - raft.server.log.write.buffer.size = 1048576 (custom)
2022-04-26 01:54:56,754 [pool-661-thread-1] INFO  server.RaftServerConfigKeys (ConfUtils.java:logGet(44)) - raft.server.log.statemachine.data.caching.enabled = true (custom)
2022-04-26 01:54:56,754 [pool-661-thread-1] INFO  segmented.SegmentedRaftLogWorker (SegmentedRaftLogWorker.java:lambda$new$0(133)) - 2bf912ba-2a06-41a3-b1d6-bf04ad40fbe7@group-A382EEA17D82-SegmentedRaftLogWorker: flushIndex: setUnconditionally 0 -> -1
2022-04-26 01:54:56,754 [pool-661-thread-1] INFO  segmented.SegmentedRaftLogWorker (SegmentedRaftLogWorker.java:lambda$new$0(133)) - 2bf912ba-2a06-41a3-b1d6-bf04ad40fbe7@group-A382EEA17D82-SegmentedRaftLogWorker: safeCacheEvictIndex: setUnconditionally 0 -> -1
2022-04-26 01:54:56,754 [pool-661-thread-1] INFO  server.RaftServerConfigKeys (ConfUtils.java:logGet(44)) - raft.server.snapshot.auto.trigger.enabled = true (custom)
2022-04-26 01:54:56,754 [pool-661-thread-1] INFO  server.RaftServerConfigKeys (ConfUtils.java:logGet(44)) - raft.server.snapshot.auto.trigger.threshold = 10000 (custom)
2022-04-26 01:54:56,754 [pool-661-thread-1] INFO  server.RaftServerConfigKeys (ConfUtils.java:logGet(44)) - raft.server.snapshot.retention.file.num = 5 (custom)
2022-04-26 01:54:56,754 [pool-661-thread-1] INFO  server.RaftServerConfigKeys (ConfUtils.java:logGet(44)) - raft.server.log.purge.upto.snapshot.index = false (default)
2022-04-26 01:54:56,754 [pool-661-thread-1] INFO  server.RaftServerConfigKeys (ConfUtils.java:logGet(44)) - raft.server.retrycache.expirytime = 600000ms (custom)
2022-04-26 01:54:56,754 [pool-661-thread-1] INFO  server.RaftServerConfigKeys (ConfUtils.java:logGet(44)) - raft.server.retrycache.statistics.expirytime = 100μs (default)
2022-04-26 01:54:56,756 [pool-661-thread-1] INFO  server.RaftServer$Division (RaftServerImpl.java:start(301)) - 2bf912ba-2a06-41a3-b1d6-bf04ad40fbe7@group-A382EEA17D82: start as a follower, conf=-1: [38feb0ec-788c-42ad-9852-eb5cbee3e7a8|rpc:10.1.0.42:43781|priority:0, a49f3fd7-aca1-41c1-ad3c-01adfe75912a|rpc:10.1.0.42:39407|priority:0, 2bf912ba-2a06-41a3-b1d6-bf04ad40fbe7|rpc:10.1.0.42:36263|priority:1], old=null
2022-04-26 01:54:56,756 [pool-661-thread-1] INFO  server.RaftServer$Division (RaftServerImpl.java:setRole(290)) - 2bf912ba-2a06-41a3-b1d6-bf04ad40fbe7@group-A382EEA17D82: changes role from      null to FOLLOWER at term 0 for startAsFollower
2022-04-26 01:54:56,756 [pool-661-thread-1] INFO  impl.RoleInfo (RoleInfo.java:updateAndGet(130)) - 2bf912ba-2a06-41a3-b1d6-bf04ad40fbe7: start 2bf912ba-2a06-41a3-b1d6-bf04ad40fbe7@group-A382EEA17D82-FollowerState
2022-04-26 01:54:56,756 [pool-661-thread-1] INFO  util.JmxRegister (JmxRegister.java:tryRegister(44)) - Successfully registered JMX Bean with object name Ratis:service=RaftServer,group=group-A382EEA17D82,id=2bf912ba-2a06-41a3-b1d6-bf04ad40fbe7
2022-04-26 01:54:56,757 [Command processor thread] INFO  ratis.XceiverServerRatis (XceiverServerRatis.java:addGroup(765)) - Created group PipelineID=45f00a70-c545-4dbc-a032-a382eea17d82
2022-04-26 01:54:56,821 [grpc-default-executor-0] INFO  server.RaftServer (RaftServerProxy.java:addNew(95)) - a49f3fd7-aca1-41c1-ad3c-01adfe75912a: addNew group-A382EEA17D82:[38feb0ec-788c-42ad-9852-eb5cbee3e7a8|rpc:10.1.0.42:43781|dataStream:|priority:0, a49f3fd7-aca1-41c1-ad3c-01adfe75912a|rpc:10.1.0.42:39407|dataStream:|priority:0, 2bf912ba-2a06-41a3-b1d6-bf04ad40fbe7|rpc:10.1.0.42:36263|dataStream:|priority:1] returns group-A382EEA17D82:java.util.concurrent.CompletableFuture@4d6b435b[Not completed]
2022-04-26 01:54:56,858 [pool-703-thread-1] INFO  server.RaftServer$Division (RaftServerImpl.java:<init>(184)) - a49f3fd7-aca1-41c1-ad3c-01adfe75912a: new RaftServerImpl for group-A382EEA17D82:[38feb0ec-788c-42ad-9852-eb5cbee3e7a8|rpc:10.1.0.42:43781|dataStream:|priority:0, a49f3fd7-aca1-41c1-ad3c-01adfe75912a|rpc:10.1.0.42:39407|dataStream:|priority:0, 2bf912ba-2a06-41a3-b1d6-bf04ad40fbe7|rpc:10.1.0.42:36263|dataStream:|priority:1] with ContainerStateMachine:uninitialized
2022-04-26 01:54:56,893 [pool-703-thread-1] INFO  server.RaftServerConfigKeys (ConfUtils.java:logGet(44)) - raft.server.rpc.timeout.min = 5s (custom)
2022-04-26 01:54:56,893 [pool-703-thread-1] INFO  server.RaftServerConfigKeys (ConfUtils.java:logGet(44)) - raft.server.rpc.timeout.max = 5200ms (custom)
2022-04-26 01:54:56,893 [pool-703-thread-1] INFO  server.RaftServerConfigKeys (ConfUtils.java:logGet(44)) - raft.server.rpc.sleep.time = 25ms (default)
2022-04-26 01:54:56,893 [pool-703-thread-1] INFO  server.RaftServerConfigKeys (ConfUtils.java:logGet(44)) - raft.server.rpc.slowness.timeout = 300s (custom)
2022-04-26 01:54:56,893 [pool-703-thread-1] INFO  server.RaftServerConfigKeys (ConfUtils.java:logGet(44)) - raft.server.leaderelection.leader.step-down.wait-time = 10s (default)
2022-04-26 01:54:56,893 [pool-703-thread-1] INFO  server.RaftServerConfigKeys (ConfUtils.java:logGet(44)) - raft.server.sleep.deviation.threshold = 300ms (default)
2022-04-26 01:54:56,893 [pool-703-thread-1] INFO  server.RaftServerConfigKeys (ConfUtils.java:logGet(44)) - raft.server.log.appender.install.snapshot.enabled = false (custom)
2022-04-26 01:54:56,893 [pool-703-thread-1] INFO  server.RaftServer$Division (ServerState.java:<init>(105)) - a49f3fd7-aca1-41c1-ad3c-01adfe75912a@group-A382EEA17D82: ConfigurationManager, init=-1: [38feb0ec-788c-42ad-9852-eb5cbee3e7a8|rpc:10.1.0.42:43781|dataStream:|priority:0, a49f3fd7-aca1-41c1-ad3c-01adfe75912a|rpc:10.1.0.42:39407|dataStream:|priority:0, 2bf912ba-2a06-41a3-b1d6-bf04ad40fbe7|rpc:10.1.0.42:36263|dataStream:|priority:1], old=null, confs=<EMPTY_MAP>
2022-04-26 01:54:56,894 [pool-703-thread-1] INFO  server.RaftServerConfigKeys (ConfUtils.java:logGet(44)) - raft.server.storage.dir = [/home/runner/work/ozone/ozone/hadoop-ozone/integration-test/target/test-dir/MiniOzoneClusterImpl-b265c8eb-45a8-4330-a699-f70d21251437/datanode-2/data/ratis] (custom)
2022-04-26 01:54:56,894 [pool-703-thread-1] INFO  server.RaftServerConfigKeys (ConfUtils.java:logGet(44)) - raft.server.log.corruption.policy = EXCEPTION (default)
2022-04-26 01:54:56,894 [pool-703-thread-1] INFO  server.RaftServerConfigKeys (ConfUtils.java:logGet(44)) - raft.server.storage.free-space.min = 0MB (=0) (default)
2022-04-26 01:54:56,894 [pool-703-thread-1] INFO  storage.RaftStorageDirectory (RaftStorageDirectoryImpl.java:analyzeStorage(135)) - The storage directory /home/runner/work/ozone/ozone/hadoop-ozone/integration-test/target/test-dir/MiniOzoneClusterImpl-b265c8eb-45a8-4330-a699-f70d21251437/datanode-2/data/ratis/45f00a70-c545-4dbc-a032-a382eea17d82 does not exist. Creating ...
2022-04-26 01:54:56,902 [pool-703-thread-1] INFO  storage.RaftStorageDirectory (RaftStorageDirectoryImpl.java:tryLock(230)) - Lock on /home/runner/work/ozone/ozone/hadoop-ozone/integration-test/target/test-dir/MiniOzoneClusterImpl-b265c8eb-45a8-4330-a699-f70d21251437/datanode-2/data/ratis/45f00a70-c545-4dbc-a032-a382eea17d82/in_use.lock acquired by nodename 18609@fv-az50-870
2022-04-26 01:54:56,903 [pool-703-thread-1] INFO  storage.RaftStorage (RaftStorageImpl.java:format(89)) - Storage directory /home/runner/work/ozone/ozone/hadoop-ozone/integration-test/target/test-dir/MiniOzoneClusterImpl-b265c8eb-45a8-4330-a699-f70d21251437/datanode-2/data/ratis/45f00a70-c545-4dbc-a032-a382eea17d82 has been successfully formatted.
2022-04-26 01:54:56,904 [pool-703-thread-1] INFO  ratis.ContainerStateMachine (ContainerStateMachine.java:loadSnapshot(236)) - group-A382EEA17D82: The snapshot info is null. Setting the last applied indexto:(t:0, i:~)
2022-04-26 01:54:56,904 [pool-703-thread-1] INFO  server.RaftServerConfigKeys (ConfUtils.java:logGet(44)) - raft.server.notification.no-leader.timeout = 300s (custom)
2022-04-26 01:54:56,904 [pool-703-thread-1] INFO  server.RaftServerConfigKeys (ConfUtils.java:logGet(44)) - raft.server.log.use.memory = false (default)
2022-04-26 01:54:56,904 [pool-703-thread-1] INFO  server.RaftServerConfigKeys (ConfUtils.java:logGet(44)) - raft.server.log.purge.gap = 1000000 (custom)
2022-04-26 01:54:56,904 [pool-703-thread-1] INFO  server.RaftServerConfigKeys (ConfUtils.java:logGet(44)) - raft.server.log.appender.buffer.byte-limit = 33554432 (custom)
2022-04-26 01:54:56,905 [pool-703-thread-1] INFO  server.RaftServerConfigKeys (ConfUtils.java:logGet(44)) - raft.server.log.segment.size.max = 1048576 (custom)
2022-04-26 01:54:56,905 [pool-703-thread-1] INFO  server.RaftServerConfigKeys (ConfUtils.java:logGet(44)) - raft.server.log.segment.cache.num.max = 2 (custom)
2022-04-26 01:54:56,905 [pool-703-thread-1] INFO  server.RaftServerConfigKeys (ConfUtils.java:logGet(44)) - raft.server.log.segment.cache.size.max = 200MB (=209715200) (default)
2022-04-26 01:54:56,905 [pool-703-thread-1] INFO  segmented.SegmentedRaftLogWorker (SegmentedRaftLogWorker.java:<init>(182)) - new a49f3fd7-aca1-41c1-ad3c-01adfe75912a@group-A382EEA17D82-SegmentedRaftLogWorker for RaftStorageImpl:Storage Directory /home/runner/work/ozone/ozone/hadoop-ozone/integration-test/target/test-dir/MiniOzoneClusterImpl-b265c8eb-45a8-4330-a699-f70d21251437/datanode-2/data/ratis/45f00a70-c545-4dbc-a032-a382eea17d82
2022-04-26 01:54:56,905 [pool-703-thread-1] INFO  server.RaftServerConfigKeys (ConfUtils.java:logGet(44)) - raft.server.log.queue.byte-limit = 4294967296 (custom)
2022-04-26 01:54:56,905 [pool-703-thread-1] INFO  server.RaftServerConfigKeys (ConfUtils.java:logGet(44)) - raft.server.log.queue.element-limit = 1024 (custom)
2022-04-26 01:54:56,905 [pool-703-thread-1] INFO  server.RaftServerConfigKeys (ConfUtils.java:logGet(44)) - raft.server.log.segment.size.max = 1048576 (custom)
2022-04-26 01:54:56,905 [pool-703-thread-1] INFO  server.RaftServerConfigKeys (ConfUtils.java:logGet(44)) - raft.server.log.preallocated.size = 16384 (custom)
2022-04-26 01:54:56,905 [pool-703-thread-1] INFO  server.RaftServerConfigKeys (ConfUtils.java:logGet(44)) - raft.server.log.force.sync.num = 128 (default)
2022-04-26 01:54:56,905 [pool-703-thread-1] INFO  server.RaftServerConfigKeys (ConfUtils.java:logGet(44)) - raft.server.log.statemachine.data.sync = true (default)
2022-04-26 01:54:56,905 [pool-703-thread-1] INFO  server.RaftServerConfigKeys (ConfUtils.java:logGet(44)) - raft.server.log.statemachine.data.sync.timeout = 10s (default)
2022-04-26 01:54:56,905 [pool-703-thread-1] INFO  server.RaftServerConfigKeys (ConfUtils.java:logGet(44)) - raft.server.log.statemachine.data.sync.timeout.retry = -1 (default)
2022-04-26 01:54:56,906 [pool-703-thread-1] INFO  server.RaftServerConfigKeys (ConfUtils.java:logGet(44)) - raft.server.log.write.buffer.size = 1048576 (custom)
2022-04-26 01:54:56,906 [pool-703-thread-1] INFO  server.RaftServerConfigKeys (ConfUtils.java:logGet(44)) - raft.server.log.statemachine.data.caching.enabled = true (custom)
2022-04-26 01:54:56,906 [pool-703-thread-1] INFO  segmented.SegmentedRaftLogWorker (SegmentedRaftLogWorker.java:lambda$new$0(133)) - a49f3fd7-aca1-41c1-ad3c-01adfe75912a@group-A382EEA17D82-SegmentedRaftLogWorker: flushIndex: setUnconditionally 0 -> -1
2022-04-26 01:54:56,906 [pool-703-thread-1] INFO  segmented.SegmentedRaftLogWorker (SegmentedRaftLogWorker.java:lambda$new$0(133)) - a49f3fd7-aca1-41c1-ad3c-01adfe75912a@group-A382EEA17D82-SegmentedRaftLogWorker: safeCacheEvictIndex: setUnconditionally 0 -> -1
2022-04-26 01:54:56,911 [pool-703-thread-1] INFO  server.RaftServerConfigKeys (ConfUtils.java:logGet(44)) - raft.server.snapshot.auto.trigger.enabled = true (custom)
2022-04-26 01:54:56,911 [pool-703-thread-1] INFO  server.RaftServerConfigKeys (ConfUtils.java:logGet(44)) - raft.server.snapshot.auto.trigger.threshold = 10000 (custom)
2022-04-26 01:54:56,911 [pool-703-thread-1] INFO  server.RaftServerConfigKeys (ConfUtils.java:logGet(44)) - raft.server.snapshot.retention.file.num = 5 (custom)
2022-04-26 01:54:56,911 [pool-703-thread-1] INFO  server.RaftServerConfigKeys (ConfUtils.java:logGet(44)) - raft.server.log.purge.upto.snapshot.index = false (default)
2022-04-26 01:54:56,911 [pool-703-thread-1] INFO  server.RaftServerConfigKeys (ConfUtils.java:logGet(44)) - raft.server.retrycache.expirytime = 600000ms (custom)
2022-04-26 01:54:56,911 [pool-703-thread-1] INFO  server.RaftServerConfigKeys (ConfUtils.java:logGet(44)) - raft.server.retrycache.statistics.expirytime = 100μs (default)
2022-04-26 01:54:56,913 [pool-703-thread-1] INFO  server.RaftServer$Division (RaftServerImpl.java:start(301)) - a49f3fd7-aca1-41c1-ad3c-01adfe75912a@group-A382EEA17D82: start as a follower, conf=-1: [38feb0ec-788c-42ad-9852-eb5cbee3e7a8|rpc:10.1.0.42:43781|dataStream:|priority:0, a49f3fd7-aca1-41c1-ad3c-01adfe75912a|rpc:10.1.0.42:39407|dataStream:|priority:0, 2bf912ba-2a06-41a3-b1d6-bf04ad40fbe7|rpc:10.1.0.42:36263|dataStream:|priority:1], old=null
2022-04-26 01:54:56,913 [pool-703-thread-1] INFO  server.RaftServer$Division (RaftServerImpl.java:setRole(290)) - a49f3fd7-aca1-41c1-ad3c-01adfe75912a@group-A382EEA17D82: changes role from      null to FOLLOWER at term 0 for startAsFollower
2022-04-26 01:54:56,913 [pool-703-thread-1] INFO  impl.RoleInfo (RoleInfo.java:updateAndGet(130)) - a49f3fd7-aca1-41c1-ad3c-01adfe75912a: start a49f3fd7-aca1-41c1-ad3c-01adfe75912a@group-A382EEA17D82-FollowerState
2022-04-26 01:54:56,913 [pool-703-thread-1] INFO  util.JmxRegister (JmxRegister.java:tryRegister(44)) - Successfully registered JMX Bean with object name Ratis:service=RaftServer,group=group-A382EEA17D82,id=a49f3fd7-aca1-41c1-ad3c-01adfe75912a
2022-04-26 01:54:57,045 [grpc-default-executor-0] INFO  server.RaftServer (RaftServerProxy.java:addNew(95)) - 38feb0ec-788c-42ad-9852-eb5cbee3e7a8: addNew group-A382EEA17D82:[38feb0ec-788c-42ad-9852-eb5cbee3e7a8|rpc:10.1.0.42:43781|dataStream:|priority:0, a49f3fd7-aca1-41c1-ad3c-01adfe75912a|rpc:10.1.0.42:39407|dataStream:|priority:0, 2bf912ba-2a06-41a3-b1d6-bf04ad40fbe7|rpc:10.1.0.42:36263|dataStream:|priority:1] returns group-A382EEA17D82:java.util.concurrent.CompletableFuture@249149d3[Not completed]
2022-04-26 01:54:57,046 [pool-682-thread-1] INFO  server.RaftServer$Division (RaftServerImpl.java:<init>(184)) - 38feb0ec-788c-42ad-9852-eb5cbee3e7a8: new RaftServerImpl for group-A382EEA17D82:[38feb0ec-788c-42ad-9852-eb5cbee3e7a8|rpc:10.1.0.42:43781|dataStream:|priority:0, a49f3fd7-aca1-41c1-ad3c-01adfe75912a|rpc:10.1.0.42:39407|dataStream:|priority:0, 2bf912ba-2a06-41a3-b1d6-bf04ad40fbe7|rpc:10.1.0.42:36263|dataStream:|priority:1] with ContainerStateMachine:uninitialized
2022-04-26 01:54:57,069 [Listener at 127.0.0.1/35711] INFO  ozone.MiniOzoneClusterImpl (MiniOzoneClusterImpl.java:lambda$waitForClusterToBeReady$0(221)) - Nodes are ready. Got 5 of 5 DN Heartbeats.
2022-04-26 01:54:57,069 [Listener at 127.0.0.1/35711] INFO  ozone.MiniOzoneClusterImpl (MiniOzoneClusterImpl.java:lambda$waitForClusterToBeReady$0(224)) - Waiting for cluster to exit safe mode
2022-04-26 01:54:57,069 [Listener at 127.0.0.1/35711] INFO  ozone.MiniOzoneClusterImpl (MiniOzoneClusterImpl.java:lambda$waitForClusterToBeReady$0(226)) - SCM became leader
2022-04-26 01:54:57,081 [pool-682-thread-1] INFO  server.RaftServerConfigKeys (ConfUtils.java:logGet(44)) - raft.server.rpc.timeout.min = 5s (custom)
2022-04-26 01:54:57,081 [pool-682-thread-1] INFO  server.RaftServerConfigKeys (ConfUtils.java:logGet(44)) - raft.server.rpc.timeout.max = 5200ms (custom)
2022-04-26 01:54:57,081 [pool-682-thread-1] INFO  server.RaftServerConfigKeys (ConfUtils.java:logGet(44)) - raft.server.rpc.sleep.time = 25ms (default)
2022-04-26 01:54:57,081 [pool-682-thread-1] INFO  server.RaftServerConfigKeys (ConfUtils.java:logGet(44)) - raft.server.rpc.slowness.timeout = 300s (custom)
2022-04-26 01:54:57,081 [pool-682-thread-1] INFO  server.RaftServerConfigKeys (ConfUtils.java:logGet(44)) - raft.server.leaderelection.leader.step-down.wait-time = 10s (default)
2022-04-26 01:54:57,081 [pool-682-thread-1] INFO  server.RaftServerConfigKeys (ConfUtils.java:logGet(44)) - raft.server.sleep.deviation.threshold = 300ms (default)
2022-04-26 01:54:57,081 [pool-682-thread-1] INFO  server.RaftServerConfigKeys (ConfUtils.java:logGet(44)) - raft.server.log.appender.install.snapshot.enabled = false (custom)
2022-04-26 01:54:57,081 [pool-682-thread-1] INFO  server.RaftServer$Division (ServerState.java:<init>(105)) - 38feb0ec-788c-42ad-9852-eb5cbee3e7a8@group-A382EEA17D82: ConfigurationManager, init=-1: [38feb0ec-788c-42ad-9852-eb5cbee3e7a8|rpc:10.1.0.42:43781|dataStream:|priority:0, a49f3fd7-aca1-41c1-ad3c-01adfe75912a|rpc:10.1.0.42:39407|dataStream:|priority:0, 2bf912ba-2a06-41a3-b1d6-bf04ad40fbe7|rpc:10.1.0.42:36263|dataStream:|priority:1], old=null, confs=<EMPTY_MAP>
2022-04-26 01:54:57,081 [pool-682-thread-1] INFO  server.RaftServerConfigKeys (ConfUtils.java:logGet(44)) - raft.server.storage.dir = [/home/runner/work/ozone/ozone/hadoop-ozone/integration-test/target/test-dir/MiniOzoneClusterImpl-b265c8eb-45a8-4330-a699-f70d21251437/datanode-1/data/ratis] (custom)
2022-04-26 01:54:57,082 [pool-682-thread-1] INFO  server.RaftServerConfigKeys (ConfUtils.java:logGet(44)) - raft.server.log.corruption.policy = EXCEPTION (default)
2022-04-26 01:54:57,082 [pool-682-thread-1] INFO  server.RaftServerConfigKeys (ConfUtils.java:logGet(44)) - raft.server.storage.free-space.min = 0MB (=0) (default)
2022-04-26 01:54:57,082 [pool-682-thread-1] INFO  storage.RaftStorageDirectory (RaftStorageDirectoryImpl.java:analyzeStorage(135)) - The storage directory /home/runner/work/ozone/ozone/hadoop-ozone/integration-test/target/test-dir/MiniOzoneClusterImpl-b265c8eb-45a8-4330-a699-f70d21251437/datanode-1/data/ratis/45f00a70-c545-4dbc-a032-a382eea17d82 does not exist. Creating ...
2022-04-26 01:54:57,083 [pool-682-thread-1] INFO  storage.RaftStorageDirectory (RaftStorageDirectoryImpl.java:tryLock(230)) - Lock on /home/runner/work/ozone/ozone/hadoop-ozone/integration-test/target/test-dir/MiniOzoneClusterImpl-b265c8eb-45a8-4330-a699-f70d21251437/datanode-1/data/ratis/45f00a70-c545-4dbc-a032-a382eea17d82/in_use.lock acquired by nodename 18609@fv-az50-870
2022-04-26 01:54:57,085 [pool-682-thread-1] INFO  storage.RaftStorage (RaftStorageImpl.java:format(89)) - Storage directory /home/runner/work/ozone/ozone/hadoop-ozone/integration-test/target/test-dir/MiniOzoneClusterImpl-b265c8eb-45a8-4330-a699-f70d21251437/datanode-1/data/ratis/45f00a70-c545-4dbc-a032-a382eea17d82 has been successfully formatted.
2022-04-26 01:54:57,097 [pool-682-thread-1] INFO  ratis.ContainerStateMachine (ContainerStateMachine.java:loadSnapshot(236)) - group-A382EEA17D82: The snapshot info is null. Setting the last applied indexto:(t:0, i:~)
2022-04-26 01:54:57,097 [pool-682-thread-1] INFO  server.RaftServerConfigKeys (ConfUtils.java:logGet(44)) - raft.server.notification.no-leader.timeout = 300s (custom)
2022-04-26 01:54:57,097 [pool-682-thread-1] INFO  server.RaftServerConfigKeys (ConfUtils.java:logGet(44)) - raft.server.log.use.memory = false (default)
2022-04-26 01:54:57,097 [pool-682-thread-1] INFO  server.RaftServerConfigKeys (ConfUtils.java:logGet(44)) - raft.server.log.purge.gap = 1000000 (custom)
2022-04-26 01:54:57,097 [pool-682-thread-1] INFO  server.RaftServerConfigKeys (ConfUtils.java:logGet(44)) - raft.server.log.appender.buffer.byte-limit = 33554432 (custom)
2022-04-26 01:54:57,098 [pool-682-thread-1] INFO  server.RaftServerConfigKeys (ConfUtils.java:logGet(44)) - raft.server.log.segment.size.max = 1048576 (custom)
2022-04-26 01:54:57,098 [pool-682-thread-1] INFO  server.RaftServerConfigKeys (ConfUtils.java:logGet(44)) - raft.server.log.segment.cache.num.max = 2 (custom)
2022-04-26 01:54:57,098 [pool-682-thread-1] INFO  server.RaftServerConfigKeys (ConfUtils.java:logGet(44)) - raft.server.log.segment.cache.size.max = 200MB (=209715200) (default)
2022-04-26 01:54:57,098 [pool-682-thread-1] INFO  segmented.SegmentedRaftLogWorker (SegmentedRaftLogWorker.java:<init>(182)) - new 38feb0ec-788c-42ad-9852-eb5cbee3e7a8@group-A382EEA17D82-SegmentedRaftLogWorker for RaftStorageImpl:Storage Directory /home/runner/work/ozone/ozone/hadoop-ozone/integration-test/target/test-dir/MiniOzoneClusterImpl-b265c8eb-45a8-4330-a699-f70d21251437/datanode-1/data/ratis/45f00a70-c545-4dbc-a032-a382eea17d82
2022-04-26 01:54:57,098 [pool-682-thread-1] INFO  server.RaftServerConfigKeys (ConfUtils.java:logGet(44)) - raft.server.log.queue.byte-limit = 4294967296 (custom)
2022-04-26 01:54:57,098 [pool-682-thread-1] INFO  server.RaftServerConfigKeys (ConfUtils.java:logGet(44)) - raft.server.log.queue.element-limit = 1024 (custom)
2022-04-26 01:54:57,098 [pool-682-thread-1] INFO  server.RaftServerConfigKeys (ConfUtils.java:logGet(44)) - raft.server.log.segment.size.max = 1048576 (custom)
2022-04-26 01:54:57,098 [pool-682-thread-1] INFO  server.RaftServerConfigKeys (ConfUtils.java:logGet(44)) - raft.server.log.preallocated.size = 16384 (custom)
2022-04-26 01:54:57,098 [pool-682-thread-1] INFO  server.RaftServerConfigKeys (ConfUtils.java:logGet(44)) - raft.server.log.force.sync.num = 128 (default)
2022-04-26 01:54:57,098 [pool-682-thread-1] INFO  server.RaftServerConfigKeys (ConfUtils.java:logGet(44)) - raft.server.log.statemachine.data.sync = true (default)
2022-04-26 01:54:57,098 [pool-682-thread-1] INFO  server.RaftServerConfigKeys (ConfUtils.java:logGet(44)) - raft.server.log.statemachine.data.sync.timeout = 10s (default)
2022-04-26 01:54:57,098 [pool-682-thread-1] INFO  server.RaftServerConfigKeys (ConfUtils.java:logGet(44)) - raft.server.log.statemachine.data.sync.timeout.retry = -1 (default)
2022-04-26 01:54:57,099 [pool-682-thread-1] INFO  server.RaftServerConfigKeys (ConfUtils.java:logGet(44)) - raft.server.log.write.buffer.size = 1048576 (custom)
2022-04-26 01:54:57,099 [pool-682-thread-1] INFO  server.RaftServerConfigKeys (ConfUtils.java:logGet(44)) - raft.server.log.statemachine.data.caching.enabled = true (custom)
2022-04-26 01:54:57,099 [pool-682-thread-1] INFO  segmented.SegmentedRaftLogWorker (SegmentedRaftLogWorker.java:lambda$new$0(133)) - 38feb0ec-788c-42ad-9852-eb5cbee3e7a8@group-A382EEA17D82-SegmentedRaftLogWorker: flushIndex: setUnconditionally 0 -> -1
2022-04-26 01:54:57,099 [pool-682-thread-1] INFO  segmented.SegmentedRaftLogWorker (SegmentedRaftLogWorker.java:lambda$new$0(133)) - 38feb0ec-788c-42ad-9852-eb5cbee3e7a8@group-A382EEA17D82-SegmentedRaftLogWorker: safeCacheEvictIndex: setUnconditionally 0 -> -1
2022-04-26 01:54:57,102 [pool-682-thread-1] INFO  server.RaftServerConfigKeys (ConfUtils.java:logGet(44)) - raft.server.snapshot.auto.trigger.enabled = true (custom)
2022-04-26 01:54:57,102 [pool-682-thread-1] INFO  server.RaftServerConfigKeys (ConfUtils.java:logGet(44)) - raft.server.snapshot.auto.trigger.threshold = 10000 (custom)
2022-04-26 01:54:57,102 [pool-682-thread-1] INFO  server.RaftServerConfigKeys (ConfUtils.java:logGet(44)) - raft.server.snapshot.retention.file.num = 5 (custom)
2022-04-26 01:54:57,102 [pool-682-thread-1] INFO  server.RaftServerConfigKeys (ConfUtils.java:logGet(44)) - raft.server.log.purge.upto.snapshot.index = false (default)
2022-04-26 01:54:57,102 [pool-682-thread-1] INFO  server.RaftServerConfigKeys (ConfUtils.java:logGet(44)) - raft.server.retrycache.expirytime = 600000ms (custom)
2022-04-26 01:54:57,102 [pool-682-thread-1] INFO  server.RaftServerConfigKeys (ConfUtils.java:logGet(44)) - raft.server.retrycache.statistics.expirytime = 100μs (default)
2022-04-26 01:54:57,103 [pool-682-thread-1] INFO  server.RaftServer$Division (RaftServerImpl.java:start(301)) - 38feb0ec-788c-42ad-9852-eb5cbee3e7a8@group-A382EEA17D82: start as a follower, conf=-1: [38feb0ec-788c-42ad-9852-eb5cbee3e7a8|rpc:10.1.0.42:43781|dataStream:|priority:0, a49f3fd7-aca1-41c1-ad3c-01adfe75912a|rpc:10.1.0.42:39407|dataStream:|priority:0, 2bf912ba-2a06-41a3-b1d6-bf04ad40fbe7|rpc:10.1.0.42:36263|dataStream:|priority:1], old=null
2022-04-26 01:54:57,103 [pool-682-thread-1] INFO  server.RaftServer$Division (RaftServerImpl.java:setRole(290)) - 38feb0ec-788c-42ad-9852-eb5cbee3e7a8@group-A382EEA17D82: changes role from      null to FOLLOWER at term 0 for startAsFollower
2022-04-26 01:54:57,103 [pool-682-thread-1] INFO  impl.RoleInfo (RoleInfo.java:updateAndGet(130)) - 38feb0ec-788c-42ad-9852-eb5cbee3e7a8: start 38feb0ec-788c-42ad-9852-eb5cbee3e7a8@group-A382EEA17D82-FollowerState
2022-04-26 01:54:57,110 [pool-682-thread-1] INFO  util.JmxRegister (JmxRegister.java:tryRegister(44)) - Successfully registered JMX Bean with object name Ratis:service=RaftServer,group=group-A382EEA17D82,id=38feb0ec-788c-42ad-9852-eb5cbee3e7a8
2022-04-26 01:54:57,159 [Command processor thread] INFO  commandhandler.CreatePipelineCommandHandler (CreatePipelineCommandHandler.java:handle(113)) - Created Pipeline RATIS THREE PipelineID=45f00a70-c545-4dbc-a032-a382eea17d82.
2022-04-26 01:54:57,160 [Command processor thread] INFO  server.RaftServer (RaftServerProxy.java:addNew(95)) - 2bf912ba-2a06-41a3-b1d6-bf04ad40fbe7: addNew group-1E5E024634D1:[38feb0ec-788c-42ad-9852-eb5cbee3e7a8|rpc:10.1.0.42:43781|priority:0, a49f3fd7-aca1-41c1-ad3c-01adfe75912a|rpc:10.1.0.42:39407|priority:1, 2bf912ba-2a06-41a3-b1d6-bf04ad40fbe7|rpc:10.1.0.42:36263|priority:0] returns group-1E5E024634D1:java.util.concurrent.CompletableFuture@68be73e5[Not completed]
2022-04-26 01:54:57,160 [pool-661-thread-1] INFO  server.RaftServer$Division (RaftServerImpl.java:<init>(184)) - 2bf912ba-2a06-41a3-b1d6-bf04ad40fbe7: new RaftServerImpl for group-1E5E024634D1:[38feb0ec-788c-42ad-9852-eb5cbee3e7a8|rpc:10.1.0.42:43781|priority:0, a49f3fd7-aca1-41c1-ad3c-01adfe75912a|rpc:10.1.0.42:39407|priority:1, 2bf912ba-2a06-41a3-b1d6-bf04ad40fbe7|rpc:10.1.0.42:36263|priority:0] with ContainerStateMachine:uninitialized
2022-04-26 01:54:57,160 [pool-661-thread-1] INFO  server.RaftServerConfigKeys (ConfUtils.java:logGet(44)) - raft.server.rpc.timeout.min = 5s (custom)
2022-04-26 01:54:57,160 [pool-661-thread-1] INFO  server.RaftServerConfigKeys (ConfUtils.java:logGet(44)) - raft.server.rpc.timeout.max = 5200ms (custom)
2022-04-26 01:54:57,160 [pool-661-thread-1] INFO  server.RaftServerConfigKeys (ConfUtils.java:logGet(44)) - raft.server.rpc.sleep.time = 25ms (default)
2022-04-26 01:54:57,161 [pool-661-thread-1] INFO  server.RaftServerConfigKeys (ConfUtils.java:logGet(44)) - raft.server.rpc.slowness.timeout = 300s (custom)
2022-04-26 01:54:57,161 [pool-661-thread-1] INFO  server.RaftServerConfigKeys (ConfUtils.java:logGet(44)) - raft.server.leaderelection.leader.step-down.wait-time = 10s (default)
2022-04-26 01:54:57,161 [pool-661-thread-1] INFO  server.RaftServerConfigKeys (ConfUtils.java:logGet(44)) - raft.server.sleep.deviation.threshold = 300ms (default)
2022-04-26 01:54:57,161 [pool-661-thread-1] INFO  server.RaftServerConfigKeys (ConfUtils.java:logGet(44)) - raft.server.log.appender.install.snapshot.enabled = false (custom)
2022-04-26 01:54:57,161 [pool-661-thread-1] INFO  server.RaftServer$Division (ServerState.java:<init>(105)) - 2bf912ba-2a06-41a3-b1d6-bf04ad40fbe7@group-1E5E024634D1: ConfigurationManager, init=-1: [38feb0ec-788c-42ad-9852-eb5cbee3e7a8|rpc:10.1.0.42:43781|priority:0, a49f3fd7-aca1-41c1-ad3c-01adfe75912a|rpc:10.1.0.42:39407|priority:1, 2bf912ba-2a06-41a3-b1d6-bf04ad40fbe7|rpc:10.1.0.42:36263|priority:0], old=null, confs=<EMPTY_MAP>
2022-04-26 01:54:57,161 [pool-661-thread-1] INFO  server.RaftServerConfigKeys (ConfUtils.java:logGet(44)) - raft.server.storage.dir = [/home/runner/work/ozone/ozone/hadoop-ozone/integration-test/target/test-dir/MiniOzoneClusterImpl-b265c8eb-45a8-4330-a699-f70d21251437/datanode-0/data/ratis] (custom)
2022-04-26 01:54:57,161 [pool-661-thread-1] INFO  server.RaftServerConfigKeys (ConfUtils.java:logGet(44)) - raft.server.log.corruption.policy = EXCEPTION (default)
2022-04-26 01:54:57,161 [pool-661-thread-1] INFO  server.RaftServerConfigKeys (ConfUtils.java:logGet(44)) - raft.server.storage.free-space.min = 0MB (=0) (default)
2022-04-26 01:54:57,161 [pool-661-thread-1] INFO  storage.RaftStorageDirectory (RaftStorageDirectoryImpl.java:analyzeStorage(135)) - The storage directory /home/runner/work/ozone/ozone/hadoop-ozone/integration-test/target/test-dir/MiniOzoneClusterImpl-b265c8eb-45a8-4330-a699-f70d21251437/datanode-0/data/ratis/bc49be9e-2878-4505-a407-1e5e024634d1 does not exist. Creating ...
2022-04-26 01:54:57,164 [pool-661-thread-1] INFO  storage.RaftStorageDirectory (RaftStorageDirectoryImpl.java:tryLock(230)) - Lock on /home/runner/work/ozone/ozone/hadoop-ozone/integration-test/target/test-dir/MiniOzoneClusterImpl-b265c8eb-45a8-4330-a699-f70d21251437/datanode-0/data/ratis/bc49be9e-2878-4505-a407-1e5e024634d1/in_use.lock acquired by nodename 18609@fv-az50-870
2022-04-26 01:54:57,166 [pool-661-thread-1] INFO  storage.RaftStorage (RaftStorageImpl.java:format(89)) - Storage directory /home/runner/work/ozone/ozone/hadoop-ozone/integration-test/target/test-dir/MiniOzoneClusterImpl-b265c8eb-45a8-4330-a699-f70d21251437/datanode-0/data/ratis/bc49be9e-2878-4505-a407-1e5e024634d1 has been successfully formatted.
2022-04-26 01:54:57,166 [pool-661-thread-1] INFO  ratis.ContainerStateMachine (ContainerStateMachine.java:loadSnapshot(236)) - group-1E5E024634D1: The snapshot info is null. Setting the last applied indexto:(t:0, i:~)
2022-04-26 01:54:57,166 [pool-661-thread-1] INFO  server.RaftServerConfigKeys (ConfUtils.java:logGet(44)) - raft.server.notification.no-leader.timeout = 300s (custom)
2022-04-26 01:54:57,166 [pool-661-thread-1] INFO  server.RaftServerConfigKeys (ConfUtils.java:logGet(44)) - raft.server.log.use.memory = false (default)
2022-04-26 01:54:57,166 [pool-661-thread-1] INFO  server.RaftServerConfigKeys (ConfUtils.java:logGet(44)) - raft.server.log.purge.gap = 1000000 (custom)
2022-04-26 01:54:57,166 [pool-661-thread-1] INFO  server.RaftServerConfigKeys (ConfUtils.java:logGet(44)) - raft.server.log.appender.buffer.byte-limit = 33554432 (custom)
2022-04-26 01:54:57,166 [pool-661-thread-1] INFO  server.RaftServerConfigKeys (ConfUtils.java:logGet(44)) - raft.server.log.segment.size.max = 1048576 (custom)
2022-04-26 01:54:57,167 [EventQueue-OpenPipelineForHealthyPipelineSafeModeRule] INFO  safemode.SCMSafeModeManager (HealthyPipelineSafeModeRule.java:process(124)) - SCM in safe mode. Healthy pipelines reported count is 0, required healthy pipeline reported count is 1
2022-04-26 01:54:57,167 [pool-661-thread-1] INFO  server.RaftServerConfigKeys (ConfUtils.java:logGet(44)) - raft.server.log.segment.cache.num.max = 2 (custom)
2022-04-26 01:54:57,167 [pool-661-thread-1] INFO  server.RaftServerConfigKeys (ConfUtils.java:logGet(44)) - raft.server.log.segment.cache.size.max = 200MB (=209715200) (default)
2022-04-26 01:54:57,167 [pool-661-thread-1] INFO  segmented.SegmentedRaftLogWorker (SegmentedRaftLogWorker.java:<init>(182)) - new 2bf912ba-2a06-41a3-b1d6-bf04ad40fbe7@group-1E5E024634D1-SegmentedRaftLogWorker for RaftStorageImpl:Storage Directory /home/runner/work/ozone/ozone/hadoop-ozone/integration-test/target/test-dir/MiniOzoneClusterImpl-b265c8eb-45a8-4330-a699-f70d21251437/datanode-0/data/ratis/bc49be9e-2878-4505-a407-1e5e024634d1
2022-04-26 01:54:57,167 [pool-661-thread-1] INFO  server.RaftServerConfigKeys (ConfUtils.java:logGet(44)) - raft.server.log.queue.byte-limit = 4294967296 (custom)
2022-04-26 01:54:57,167 [pool-661-thread-1] INFO  server.RaftServerConfigKeys (ConfUtils.java:logGet(44)) - raft.server.log.queue.element-limit = 1024 (custom)
2022-04-26 01:54:57,167 [pool-661-thread-1] INFO  server.RaftServerConfigKeys (ConfUtils.java:logGet(44)) - raft.server.log.segment.size.max = 1048576 (custom)
2022-04-26 01:54:57,167 [pool-661-thread-1] INFO  server.RaftServerConfigKeys (ConfUtils.java:logGet(44)) - raft.server.log.preallocated.size = 16384 (custom)
2022-04-26 01:54:57,167 [pool-661-thread-1] INFO  server.RaftServerConfigKeys (ConfUtils.java:logGet(44)) - raft.server.log.force.sync.num = 128 (default)
2022-04-26 01:54:57,167 [pool-661-thread-1] INFO  server.RaftServerConfigKeys (ConfUtils.java:logGet(44)) - raft.server.log.statemachine.data.sync = true (default)
2022-04-26 01:54:57,167 [pool-661-thread-1] INFO  server.RaftServerConfigKeys (ConfUtils.java:logGet(44)) - raft.server.log.statemachine.data.sync.timeout = 10s (default)
2022-04-26 01:54:57,167 [pool-661-thread-1] INFO  server.RaftServerConfigKeys (ConfUtils.java:logGet(44)) - raft.server.log.statemachine.data.sync.timeout.retry = -1 (default)
2022-04-26 01:54:57,168 [pool-661-thread-1] INFO  server.RaftServerConfigKeys (ConfUtils.java:logGet(44)) - raft.server.log.write.buffer.size = 1048576 (custom)
2022-04-26 01:54:57,168 [pool-661-thread-1] INFO  server.RaftServerConfigKeys (ConfUtils.java:logGet(44)) - raft.server.log.statemachine.data.caching.enabled = true (custom)
2022-04-26 01:54:57,168 [pool-661-thread-1] INFO  segmented.SegmentedRaftLogWorker (SegmentedRaftLogWorker.java:lambda$new$0(133)) - 2bf912ba-2a06-41a3-b1d6-bf04ad40fbe7@group-1E5E024634D1-SegmentedRaftLogWorker: flushIndex: setUnconditionally 0 -> -1
2022-04-26 01:54:57,169 [pool-661-thread-1] INFO  segmented.SegmentedRaftLogWorker (SegmentedRaftLogWorker.java:lambda$new$0(133)) - 2bf912ba-2a06-41a3-b1d6-bf04ad40fbe7@group-1E5E024634D1-SegmentedRaftLogWorker: safeCacheEvictIndex: setUnconditionally 0 -> -1
2022-04-26 01:54:57,174 [pool-661-thread-1] INFO  server.RaftServerConfigKeys (ConfUtils.java:logGet(44)) - raft.server.snapshot.auto.trigger.enabled = true (custom)
2022-04-26 01:54:57,174 [pool-661-thread-1] INFO  server.RaftServerConfigKeys (ConfUtils.java:logGet(44)) - raft.server.snapshot.auto.trigger.threshold = 10000 (custom)
2022-04-26 01:54:57,174 [pool-661-thread-1] INFO  server.RaftServerConfigKeys (ConfUtils.java:logGet(44)) - raft.server.snapshot.retention.file.num = 5 (custom)
2022-04-26 01:54:57,174 [pool-661-thread-1] INFO  server.RaftServerConfigKeys (ConfUtils.java:logGet(44)) - raft.server.log.purge.upto.snapshot.index = false (default)
2022-04-26 01:54:57,175 [pool-661-thread-1] INFO  server.RaftServerConfigKeys (ConfUtils.java:logGet(44)) - raft.server.retrycache.expirytime = 600000ms (custom)
2022-04-26 01:54:57,175 [pool-661-thread-1] INFO  server.RaftServerConfigKeys (ConfUtils.java:logGet(44)) - raft.server.retrycache.statistics.expirytime = 100μs (default)
2022-04-26 01:54:57,176 [pool-661-thread-1] INFO  server.RaftServer$Division (RaftServerImpl.java:start(301)) - 2bf912ba-2a06-41a3-b1d6-bf04ad40fbe7@group-1E5E024634D1: start as a follower, conf=-1: [38feb0ec-788c-42ad-9852-eb5cbee3e7a8|rpc:10.1.0.42:43781|priority:0, a49f3fd7-aca1-41c1-ad3c-01adfe75912a|rpc:10.1.0.42:39407|priority:1, 2bf912ba-2a06-41a3-b1d6-bf04ad40fbe7|rpc:10.1.0.42:36263|priority:0], old=null
2022-04-26 01:54:57,176 [pool-661-thread-1] INFO  server.RaftServer$Division (RaftServerImpl.java:setRole(290)) - 2bf912ba-2a06-41a3-b1d6-bf04ad40fbe7@group-1E5E024634D1: changes role from      null to FOLLOWER at term 0 for startAsFollower
2022-04-26 01:54:57,176 [pool-661-thread-1] INFO  impl.RoleInfo (RoleInfo.java:updateAndGet(130)) - 2bf912ba-2a06-41a3-b1d6-bf04ad40fbe7: start 2bf912ba-2a06-41a3-b1d6-bf04ad40fbe7@group-1E5E024634D1-FollowerState
2022-04-26 01:54:57,178 [pool-661-thread-1] INFO  util.JmxRegister (JmxRegister.java:tryRegister(44)) - Successfully registered JMX Bean with object name Ratis:service=RaftServer,group=group-1E5E024634D1,id=2bf912ba-2a06-41a3-b1d6-bf04ad40fbe7
2022-04-26 01:54:57,181 [Command processor thread] INFO  ratis.XceiverServerRatis (XceiverServerRatis.java:addGroup(765)) - Created group PipelineID=bc49be9e-2878-4505-a407-1e5e024634d1
2022-04-26 01:54:57,193 [Command processor thread] INFO  server.RaftServer (RaftServerProxy.java:addNew(95)) - 38feb0ec-788c-42ad-9852-eb5cbee3e7a8: addNew group-A7DCDB7B52E7:[38feb0ec-788c-42ad-9852-eb5cbee3e7a8|rpc:10.1.0.42:43781|priority:1] returns group-A7DCDB7B52E7:java.util.concurrent.CompletableFuture@3f3e6cfe[Not completed]
2022-04-26 01:54:57,194 [pool-682-thread-1] INFO  server.RaftServer$Division (RaftServerImpl.java:<init>(184)) - 38feb0ec-788c-42ad-9852-eb5cbee3e7a8: new RaftServerImpl for group-A7DCDB7B52E7:[38feb0ec-788c-42ad-9852-eb5cbee3e7a8|rpc:10.1.0.42:43781|priority:1] with ContainerStateMachine:uninitialized
2022-04-26 01:54:57,194 [pool-682-thread-1] INFO  server.RaftServerConfigKeys (ConfUtils.java:logGet(44)) - raft.server.rpc.timeout.min = 5s (custom)
2022-04-26 01:54:57,194 [pool-682-thread-1] INFO  server.RaftServerConfigKeys (ConfUtils.java:logGet(44)) - raft.server.rpc.timeout.max = 5200ms (custom)
2022-04-26 01:54:57,194 [pool-682-thread-1] INFO  server.RaftServerConfigKeys (ConfUtils.java:logGet(44)) - raft.server.rpc.sleep.time = 25ms (default)
2022-04-26 01:54:57,194 [pool-682-thread-1] INFO  server.RaftServerConfigKeys (ConfUtils.java:logGet(44)) - raft.server.rpc.slowness.timeout = 300s (custom)
2022-04-26 01:54:57,194 [pool-682-thread-1] INFO  server.RaftServerConfigKeys (ConfUtils.java:logGet(44)) - raft.server.leaderelection.leader.step-down.wait-time = 10s (default)
2022-04-26 01:54:57,194 [pool-682-thread-1] INFO  server.RaftServerConfigKeys (ConfUtils.java:logGet(44)) - raft.server.sleep.deviation.threshold = 300ms (default)
2022-04-26 01:54:57,194 [pool-682-thread-1] INFO  server.RaftServerConfigKeys (ConfUtils.java:logGet(44)) - raft.server.log.appender.install.snapshot.enabled = false (custom)
2022-04-26 01:54:57,194 [pool-682-thread-1] INFO  server.RaftServer$Division (ServerState.java:<init>(105)) - 38feb0ec-788c-42ad-9852-eb5cbee3e7a8@group-A7DCDB7B52E7: ConfigurationManager, init=-1: [38feb0ec-788c-42ad-9852-eb5cbee3e7a8|rpc:10.1.0.42:43781|priority:1], old=null, confs=<EMPTY_MAP>
2022-04-26 01:54:57,194 [pool-682-thread-1] INFO  server.RaftServerConfigKeys (ConfUtils.java:logGet(44)) - raft.server.storage.dir = [/home/runner/work/ozone/ozone/hadoop-ozone/integration-test/target/test-dir/MiniOzoneClusterImpl-b265c8eb-45a8-4330-a699-f70d21251437/datanode-1/data/ratis] (custom)
2022-04-26 01:54:57,194 [pool-682-thread-1] INFO  server.RaftServerConfigKeys (ConfUtils.java:logGet(44)) - raft.server.log.corruption.policy = EXCEPTION (default)
2022-04-26 01:54:57,194 [pool-682-thread-1] INFO  server.RaftServerConfigKeys (ConfUtils.java:logGet(44)) - raft.server.storage.free-space.min = 0MB (=0) (default)
2022-04-26 01:54:57,194 [pool-682-thread-1] INFO  storage.RaftStorageDirectory (RaftStorageDirectoryImpl.java:analyzeStorage(135)) - The storage directory /home/runner/work/ozone/ozone/hadoop-ozone/integration-test/target/test-dir/MiniOzoneClusterImpl-b265c8eb-45a8-4330-a699-f70d21251437/datanode-1/data/ratis/2e3cb259-4367-432a-bde3-a7dcdb7b52e7 does not exist. Creating ...
2022-04-26 01:54:57,197 [pool-682-thread-1] INFO  storage.RaftStorageDirectory (RaftStorageDirectoryImpl.java:tryLock(230)) - Lock on /home/runner/work/ozone/ozone/hadoop-ozone/integration-test/target/test-dir/MiniOzoneClusterImpl-b265c8eb-45a8-4330-a699-f70d21251437/datanode-1/data/ratis/2e3cb259-4367-432a-bde3-a7dcdb7b52e7/in_use.lock acquired by nodename 18609@fv-az50-870
2022-04-26 01:54:57,205 [pool-682-thread-1] INFO  storage.RaftStorage (RaftStorageImpl.java:format(89)) - Storage directory /home/runner/work/ozone/ozone/hadoop-ozone/integration-test/target/test-dir/MiniOzoneClusterImpl-b265c8eb-45a8-4330-a699-f70d21251437/datanode-1/data/ratis/2e3cb259-4367-432a-bde3-a7dcdb7b52e7 has been successfully formatted.
2022-04-26 01:54:57,205 [pool-682-thread-1] INFO  ratis.ContainerStateMachine (ContainerStateMachine.java:loadSnapshot(236)) - group-A7DCDB7B52E7: The snapshot info is null. Setting the last applied indexto:(t:0, i:~)
2022-04-26 01:54:57,205 [pool-682-thread-1] INFO  server.RaftServerConfigKeys (ConfUtils.java:logGet(44)) - raft.server.notification.no-leader.timeout = 300s (custom)
2022-04-26 01:54:57,205 [pool-682-thread-1] INFO  server.RaftServerConfigKeys (ConfUtils.java:logGet(44)) - raft.server.log.use.memory = false (default)
2022-04-26 01:54:57,205 [pool-682-thread-1] INFO  server.RaftServerConfigKeys (ConfUtils.java:logGet(44)) - raft.server.log.purge.gap = 1000000 (custom)
2022-04-26 01:54:57,206 [pool-682-thread-1] INFO  server.RaftServerConfigKeys (ConfUtils.java:logGet(44)) - raft.server.log.appender.buffer.byte-limit = 33554432 (custom)
2022-04-26 01:54:57,206 [pool-682-thread-1] INFO  server.RaftServerConfigKeys (ConfUtils.java:logGet(44)) - raft.server.log.segment.size.max = 1048576 (custom)
2022-04-26 01:54:57,206 [pool-682-thread-1] INFO  server.RaftServerConfigKeys (ConfUtils.java:logGet(44)) - raft.server.log.segment.cache.num.max = 2 (custom)
2022-04-26 01:54:57,206 [EventQueue-PipelineReportForPipelineReportHandler] INFO  pipeline.PipelineManagerImpl (PipelineManagerImpl.java:openPipeline(321)) - Pipeline Pipeline[ Id: 2e3cb259-4367-432a-bde3-a7dcdb7b52e7, Nodes: 38feb0ec-788c-42ad-9852-eb5cbee3e7a8{ip: 10.1.0.42, host: fv-az50-870.grzltbmokehuzjyc5b133kdqgh.cx.internal.cloudapp.net, ports: [REPLICATION=38187, RATIS=43781, RATIS_ADMIN=43781, RATIS_SERVER=43781, STANDALONE=44739], networkLocation: /default-rack, certSerialId: null, persistedOpState: IN_SERVICE, persistedOpStateExpiryEpochSec: 0}, ReplicationConfig: RATIS/ONE, State:ALLOCATED, leaderId:38feb0ec-788c-42ad-9852-eb5cbee3e7a8, CreationTimestamp2022-04-26T01:54:54.225Z[Etc/UTC]] moved to OPEN state
2022-04-26 01:54:57,206 [EventQueue-OpenPipelineForHealthyPipelineSafeModeRule] INFO  safemode.SCMSafeModeManager (HealthyPipelineSafeModeRule.java:process(124)) - SCM in safe mode. Healthy pipelines reported count is 0, required healthy pipeline reported count is 1
2022-04-26 01:54:57,206 [pool-682-thread-1] INFO  server.RaftServerConfigKeys (ConfUtils.java:logGet(44)) - raft.server.log.segment.cache.size.max = 200MB (=209715200) (default)
2022-04-26 01:54:57,207 [pool-682-thread-1] INFO  segmented.SegmentedRaftLogWorker (SegmentedRaftLogWorker.java:<init>(182)) - new 38feb0ec-788c-42ad-9852-eb5cbee3e7a8@group-A7DCDB7B52E7-SegmentedRaftLogWorker for RaftStorageImpl:Storage Directory /home/runner/work/ozone/ozone/hadoop-ozone/integration-test/target/test-dir/MiniOzoneClusterImpl-b265c8eb-45a8-4330-a699-f70d21251437/datanode-1/data/ratis/2e3cb259-4367-432a-bde3-a7dcdb7b52e7
2022-04-26 01:54:57,207 [pool-682-thread-1] INFO  server.RaftServerConfigKeys (ConfUtils.java:logGet(44)) - raft.server.log.queue.byte-limit = 4294967296 (custom)
2022-04-26 01:54:57,207 [pool-682-thread-1] INFO  server.RaftServerConfigKeys (ConfUtils.java:logGet(44)) - raft.server.log.queue.element-limit = 1024 (custom)
2022-04-26 01:54:57,208 [pool-682-thread-1] INFO  server.RaftServerConfigKeys (ConfUtils.java:logGet(44)) - raft.server.log.segment.size.max = 1048576 (custom)
2022-04-26 01:54:57,208 [pool-682-thread-1] INFO  server.RaftServerConfigKeys (ConfUtils.java:logGet(44)) - raft.server.log.preallocated.size = 16384 (custom)
2022-04-26 01:54:57,208 [pool-682-thread-1] INFO  server.RaftServerConfigKeys (ConfUtils.java:logGet(44)) - raft.server.log.force.sync.num = 128 (default)
2022-04-26 01:54:57,208 [pool-682-thread-1] INFO  server.RaftServerConfigKeys (ConfUtils.java:logGet(44)) - raft.server.log.statemachine.data.sync = true (default)
2022-04-26 01:54:57,208 [pool-682-thread-1] INFO  server.RaftServerConfigKeys (ConfUtils.java:logGet(44)) - raft.server.log.statemachine.data.sync.timeout = 10s (default)
2022-04-26 01:54:57,208 [pool-682-thread-1] INFO  server.RaftServerConfigKeys (ConfUtils.java:logGet(44)) - raft.server.log.statemachine.data.sync.timeout.retry = -1 (default)
2022-04-26 01:54:57,209 [pool-682-thread-1] INFO  server.RaftServerConfigKeys (ConfUtils.java:logGet(44)) - raft.server.log.write.buffer.size = 1048576 (custom)
2022-04-26 01:54:57,209 [pool-682-thread-1] INFO  server.RaftServerConfigKeys (ConfUtils.java:logGet(44)) - raft.server.log.statemachine.data.caching.enabled = true (custom)
2022-04-26 01:54:57,209 [pool-682-thread-1] INFO  segmented.SegmentedRaftLogWorker (SegmentedRaftLogWorker.java:lambda$new$0(133)) - 38feb0ec-788c-42ad-9852-eb5cbee3e7a8@group-A7DCDB7B52E7-SegmentedRaftLogWorker: flushIndex: setUnconditionally 0 -> -1
2022-04-26 01:54:57,209 [pool-682-thread-1] INFO  segmented.SegmentedRaftLogWorker (SegmentedRaftLogWorker.java:lambda$new$0(133)) - 38feb0ec-788c-42ad-9852-eb5cbee3e7a8@group-A7DCDB7B52E7-SegmentedRaftLogWorker: safeCacheEvictIndex: setUnconditionally 0 -> -1
2022-04-26 01:54:57,235 [pool-682-thread-1] INFO  server.RaftServerConfigKeys (ConfUtils.java:logGet(44)) - raft.server.snapshot.auto.trigger.enabled = true (custom)
2022-04-26 01:54:57,235 [pool-682-thread-1] INFO  server.RaftServerConfigKeys (ConfUtils.java:logGet(44)) - raft.server.snapshot.auto.trigger.threshold = 10000 (custom)
2022-04-26 01:54:57,235 [pool-682-thread-1] INFO  server.RaftServerConfigKeys (ConfUtils.java:logGet(44)) - raft.server.snapshot.retention.file.num = 5 (custom)
2022-04-26 01:54:57,235 [pool-682-thread-1] INFO  server.RaftServerConfigKeys (ConfUtils.java:logGet(44)) - raft.server.log.purge.upto.snapshot.index = false (default)
2022-04-26 01:54:57,235 [pool-682-thread-1] INFO  server.RaftServerConfigKeys (ConfUtils.java:logGet(44)) - raft.server.retrycache.expirytime = 600000ms (custom)
2022-04-26 01:54:57,235 [pool-682-thread-1] INFO  server.RaftServerConfigKeys (ConfUtils.java:logGet(44)) - raft.server.retrycache.statistics.expirytime = 100μs (default)
2022-04-26 01:54:57,237 [pool-682-thread-1] INFO  server.RaftServer$Division (RaftServerImpl.java:start(301)) - 38feb0ec-788c-42ad-9852-eb5cbee3e7a8@group-A7DCDB7B52E7: start as a follower, conf=-1: [38feb0ec-788c-42ad-9852-eb5cbee3e7a8|rpc:10.1.0.42:43781|priority:1], old=null
2022-04-26 01:54:57,237 [pool-682-thread-1] INFO  server.RaftServer$Division (RaftServerImpl.java:setRole(290)) - 38feb0ec-788c-42ad-9852-eb5cbee3e7a8@group-A7DCDB7B52E7: changes role from      null to FOLLOWER at term 0 for startAsFollower
2022-04-26 01:54:57,237 [pool-682-thread-1] INFO  impl.RoleInfo (RoleInfo.java:updateAndGet(130)) - 38feb0ec-788c-42ad-9852-eb5cbee3e7a8: start 38feb0ec-788c-42ad-9852-eb5cbee3e7a8@group-A7DCDB7B52E7-FollowerState
2022-04-26 01:54:57,245 [pool-682-thread-1] INFO  util.JmxRegister (JmxRegister.java:tryRegister(44)) - Successfully registered JMX Bean with object name Ratis:service=RaftServer,group=group-A7DCDB7B52E7,id=38feb0ec-788c-42ad-9852-eb5cbee3e7a8
2022-04-26 01:54:57,257 [Command processor thread] INFO  ratis.XceiverServerRatis (XceiverServerRatis.java:addGroup(765)) - Created group PipelineID=2e3cb259-4367-432a-bde3-a7dcdb7b52e7
2022-04-26 01:54:57,257 [Command processor thread] INFO  commandhandler.CreatePipelineCommandHandler (CreatePipelineCommandHandler.java:handle(113)) - Created Pipeline RATIS ONE PipelineID=2e3cb259-4367-432a-bde3-a7dcdb7b52e7.
2022-04-26 01:54:57,257 [Command processor thread] INFO  server.RaftServer (RaftServerProxy.java:addNew(95)) - 38feb0ec-788c-42ad-9852-eb5cbee3e7a8: addNew group-1E5E024634D1:[38feb0ec-788c-42ad-9852-eb5cbee3e7a8|rpc:10.1.0.42:43781|priority:0, a49f3fd7-aca1-41c1-ad3c-01adfe75912a|rpc:10.1.0.42:39407|priority:1, 2bf912ba-2a06-41a3-b1d6-bf04ad40fbe7|rpc:10.1.0.42:36263|priority:0] returns group-1E5E024634D1:java.util.concurrent.CompletableFuture@31f98569[Not completed]
2022-04-26 01:54:57,258 [pool-682-thread-1] INFO  server.RaftServer$Division (RaftServerImpl.java:<init>(184)) - 38feb0ec-788c-42ad-9852-eb5cbee3e7a8: new RaftServerImpl for group-1E5E024634D1:[38feb0ec-788c-42ad-9852-eb5cbee3e7a8|rpc:10.1.0.42:43781|priority:0, a49f3fd7-aca1-41c1-ad3c-01adfe75912a|rpc:10.1.0.42:39407|priority:1, 2bf912ba-2a06-41a3-b1d6-bf04ad40fbe7|rpc:10.1.0.42:36263|priority:0] with ContainerStateMachine:uninitialized
2022-04-26 01:54:57,258 [pool-682-thread-1] INFO  server.RaftServerConfigKeys (ConfUtils.java:logGet(44)) - raft.server.rpc.timeout.min = 5s (custom)
2022-04-26 01:54:57,258 [pool-682-thread-1] INFO  server.RaftServerConfigKeys (ConfUtils.java:logGet(44)) - raft.server.rpc.timeout.max = 5200ms (custom)
2022-04-26 01:54:57,258 [pool-682-thread-1] INFO  server.RaftServerConfigKeys (ConfUtils.java:logGet(44)) - raft.server.rpc.sleep.time = 25ms (default)
2022-04-26 01:54:57,258 [pool-682-thread-1] INFO  server.RaftServerConfigKeys (ConfUtils.java:logGet(44)) - raft.server.rpc.slowness.timeout = 300s (custom)
2022-04-26 01:54:57,258 [pool-682-thread-1] INFO  server.RaftServerConfigKeys (ConfUtils.java:logGet(44)) - raft.server.leaderelection.leader.step-down.wait-time = 10s (default)
2022-04-26 01:54:57,258 [pool-682-thread-1] INFO  server.RaftServerConfigKeys (ConfUtils.java:logGet(44)) - raft.server.sleep.deviation.threshold = 300ms (default)
2022-04-26 01:54:57,258 [pool-682-thread-1] INFO  server.RaftServerConfigKeys (ConfUtils.java:logGet(44)) - raft.server.log.appender.install.snapshot.enabled = false (custom)
2022-04-26 01:54:57,258 [pool-682-thread-1] INFO  server.RaftServer$Division (ServerState.java:<init>(105)) - 38feb0ec-788c-42ad-9852-eb5cbee3e7a8@group-1E5E024634D1: ConfigurationManager, init=-1: [38feb0ec-788c-42ad-9852-eb5cbee3e7a8|rpc:10.1.0.42:43781|priority:0, a49f3fd7-aca1-41c1-ad3c-01adfe75912a|rpc:10.1.0.42:39407|priority:1, 2bf912ba-2a06-41a3-b1d6-bf04ad40fbe7|rpc:10.1.0.42:36263|priority:0], old=null, confs=<EMPTY_MAP>
2022-04-26 01:54:57,258 [pool-682-thread-1] INFO  server.RaftServerConfigKeys (ConfUtils.java:logGet(44)) - raft.server.storage.dir = [/home/runner/work/ozone/ozone/hadoop-ozone/integration-test/target/test-dir/MiniOzoneClusterImpl-b265c8eb-45a8-4330-a699-f70d21251437/datanode-1/data/ratis] (custom)
2022-04-26 01:54:57,259 [pool-682-thread-1] INFO  server.RaftServerConfigKeys (ConfUtils.java:logGet(44)) - raft.server.log.corruption.policy = EXCEPTION (default)
2022-04-26 01:54:57,259 [pool-682-thread-1] INFO  server.RaftServerConfigKeys (ConfUtils.java:logGet(44)) - raft.server.storage.free-space.min = 0MB (=0) (default)
2022-04-26 01:54:57,259 [pool-682-thread-1] INFO  storage.RaftStorageDirectory (RaftStorageDirectoryImpl.java:analyzeStorage(135)) - The storage directory /home/runner/work/ozone/ozone/hadoop-ozone/integration-test/target/test-dir/MiniOzoneClusterImpl-b265c8eb-45a8-4330-a699-f70d21251437/datanode-1/data/ratis/bc49be9e-2878-4505-a407-1e5e024634d1 does not exist. Creating ...
2022-04-26 01:54:57,259 [grpc-default-executor-0] INFO  server.RaftServer (RaftServerProxy.java:addNew(95)) - a49f3fd7-aca1-41c1-ad3c-01adfe75912a: addNew group-1E5E024634D1:[38feb0ec-788c-42ad-9852-eb5cbee3e7a8|rpc:10.1.0.42:43781|dataStream:|priority:0, a49f3fd7-aca1-41c1-ad3c-01adfe75912a|rpc:10.1.0.42:39407|dataStream:|priority:1, 2bf912ba-2a06-41a3-b1d6-bf04ad40fbe7|rpc:10.1.0.42:36263|dataStream:|priority:0] returns group-1E5E024634D1:java.util.concurrent.CompletableFuture@73682177[Not completed]
2022-04-26 01:54:57,260 [pool-703-thread-1] INFO  server.RaftServer$Division (RaftServerImpl.java:<init>(184)) - a49f3fd7-aca1-41c1-ad3c-01adfe75912a: new RaftServerImpl for group-1E5E024634D1:[38feb0ec-788c-42ad-9852-eb5cbee3e7a8|rpc:10.1.0.42:43781|dataStream:|priority:0, a49f3fd7-aca1-41c1-ad3c-01adfe75912a|rpc:10.1.0.42:39407|dataStream:|priority:1, 2bf912ba-2a06-41a3-b1d6-bf04ad40fbe7|rpc:10.1.0.42:36263|dataStream:|priority:0] with ContainerStateMachine:uninitialized
2022-04-26 01:54:57,260 [pool-703-thread-1] INFO  server.RaftServerConfigKeys (ConfUtils.java:logGet(44)) - raft.server.rpc.timeout.min = 5s (custom)
2022-04-26 01:54:57,260 [pool-703-thread-1] INFO  server.RaftServerConfigKeys (ConfUtils.java:logGet(44)) - raft.server.rpc.timeout.max = 5200ms (custom)
2022-04-26 01:54:57,260 [pool-703-thread-1] INFO  server.RaftServerConfigKeys (ConfUtils.java:logGet(44)) - raft.server.rpc.sleep.time = 25ms (default)
2022-04-26 01:54:57,260 [pool-703-thread-1] INFO  server.RaftServerConfigKeys (ConfUtils.java:logGet(44)) - raft.server.rpc.slowness.timeout = 300s (custom)
2022-04-26 01:54:57,260 [pool-703-thread-1] INFO  server.RaftServerConfigKeys (ConfUtils.java:logGet(44)) - raft.server.leaderelection.leader.step-down.wait-time = 10s (default)
2022-04-26 01:54:57,260 [pool-703-thread-1] INFO  server.RaftServerConfigKeys (ConfUtils.java:logGet(44)) - raft.server.sleep.deviation.threshold = 300ms (default)
2022-04-26 01:54:57,260 [pool-703-thread-1] INFO  server.RaftServerConfigKeys (ConfUtils.java:logGet(44)) - raft.server.log.appender.install.snapshot.enabled = false (custom)
2022-04-26 01:54:57,260 [pool-703-thread-1] INFO  server.RaftServer$Division (ServerState.java:<init>(105)) - a49f3fd7-aca1-41c1-ad3c-01adfe75912a@group-1E5E024634D1: ConfigurationManager, init=-1: [38feb0ec-788c-42ad-9852-eb5cbee3e7a8|rpc:10.1.0.42:43781|dataStream:|priority:0, a49f3fd7-aca1-41c1-ad3c-01adfe75912a|rpc:10.1.0.42:39407|dataStream:|priority:1, 2bf912ba-2a06-41a3-b1d6-bf04ad40fbe7|rpc:10.1.0.42:36263|dataStream:|priority:0], old=null, confs=<EMPTY_MAP>
2022-04-26 01:54:57,260 [pool-703-thread-1] INFO  server.RaftServerConfigKeys (ConfUtils.java:logGet(44)) - raft.server.storage.dir = [/home/runner/work/ozone/ozone/hadoop-ozone/integration-test/target/test-dir/MiniOzoneClusterImpl-b265c8eb-45a8-4330-a699-f70d21251437/datanode-2/data/ratis] (custom)
2022-04-26 01:54:57,260 [pool-703-thread-1] INFO  server.RaftServerConfigKeys (ConfUtils.java:logGet(44)) - raft.server.log.corruption.policy = EXCEPTION (default)
2022-04-26 01:54:57,260 [pool-703-thread-1] INFO  server.RaftServerConfigKeys (ConfUtils.java:logGet(44)) - raft.server.storage.free-space.min = 0MB (=0) (default)
2022-04-26 01:54:57,261 [pool-703-thread-1] INFO  storage.RaftStorageDirectory (RaftStorageDirectoryImpl.java:analyzeStorage(135)) - The storage directory /home/runner/work/ozone/ozone/hadoop-ozone/integration-test/target/test-dir/MiniOzoneClusterImpl-b265c8eb-45a8-4330-a699-f70d21251437/datanode-2/data/ratis/bc49be9e-2878-4505-a407-1e5e024634d1 does not exist. Creating ...
2022-04-26 01:54:57,267 [pool-703-thread-1] INFO  storage.RaftStorageDirectory (RaftStorageDirectoryImpl.java:tryLock(230)) - Lock on /home/runner/work/ozone/ozone/hadoop-ozone/integration-test/target/test-dir/MiniOzoneClusterImpl-b265c8eb-45a8-4330-a699-f70d21251437/datanode-2/data/ratis/bc49be9e-2878-4505-a407-1e5e024634d1/in_use.lock acquired by nodename 18609@fv-az50-870
2022-04-26 01:54:57,267 [pool-682-thread-1] INFO  storage.RaftStorageDirectory (RaftStorageDirectoryImpl.java:tryLock(230)) - Lock on /home/runner/work/ozone/ozone/hadoop-ozone/integration-test/target/test-dir/MiniOzoneClusterImpl-b265c8eb-45a8-4330-a699-f70d21251437/datanode-1/data/ratis/bc49be9e-2878-4505-a407-1e5e024634d1/in_use.lock acquired by nodename 18609@fv-az50-870
2022-04-26 01:54:57,268 [pool-703-thread-1] INFO  storage.RaftStorage (RaftStorageImpl.java:format(89)) - Storage directory /home/runner/work/ozone/ozone/hadoop-ozone/integration-test/target/test-dir/MiniOzoneClusterImpl-b265c8eb-45a8-4330-a699-f70d21251437/datanode-2/data/ratis/bc49be9e-2878-4505-a407-1e5e024634d1 has been successfully formatted.
2022-04-26 01:54:57,268 [pool-703-thread-1] INFO  ratis.ContainerStateMachine (ContainerStateMachine.java:loadSnapshot(236)) - group-1E5E024634D1: The snapshot info is null. Setting the last applied indexto:(t:0, i:~)
2022-04-26 01:54:57,268 [pool-703-thread-1] INFO  server.RaftServerConfigKeys (ConfUtils.java:logGet(44)) - raft.server.notification.no-leader.timeout = 300s (custom)
2022-04-26 01:54:57,268 [pool-703-thread-1] INFO  server.RaftServerConfigKeys (ConfUtils.java:logGet(44)) - raft.server.log.use.memory = false (default)
2022-04-26 01:54:57,268 [pool-703-thread-1] INFO  server.RaftServerConfigKeys (ConfUtils.java:logGet(44)) - raft.server.log.purge.gap = 1000000 (custom)
2022-04-26 01:54:57,268 [pool-703-thread-1] INFO  server.RaftServerConfigKeys (ConfUtils.java:logGet(44)) - raft.server.log.appender.buffer.byte-limit = 33554432 (custom)
2022-04-26 01:54:57,268 [pool-703-thread-1] INFO  server.RaftServerConfigKeys (ConfUtils.java:logGet(44)) - raft.server.log.segment.size.max = 1048576 (custom)
2022-04-26 01:54:57,269 [pool-703-thread-1] INFO  server.RaftServerConfigKeys (ConfUtils.java:logGet(44)) - raft.server.log.segment.cache.num.max = 2 (custom)
2022-04-26 01:54:57,269 [pool-703-thread-1] INFO  server.RaftServerConfigKeys (ConfUtils.java:logGet(44)) - raft.server.log.segment.cache.size.max = 200MB (=209715200) (default)
2022-04-26 01:54:57,269 [pool-703-thread-1] INFO  segmented.SegmentedRaftLogWorker (SegmentedRaftLogWorker.java:<init>(182)) - new a49f3fd7-aca1-41c1-ad3c-01adfe75912a@group-1E5E024634D1-SegmentedRaftLogWorker for RaftStorageImpl:Storage Directory /home/runner/work/ozone/ozone/hadoop-ozone/integration-test/target/test-dir/MiniOzoneClusterImpl-b265c8eb-45a8-4330-a699-f70d21251437/datanode-2/data/ratis/bc49be9e-2878-4505-a407-1e5e024634d1
2022-04-26 01:54:57,269 [pool-703-thread-1] INFO  server.RaftServerConfigKeys (ConfUtils.java:logGet(44)) - raft.server.log.queue.byte-limit = 4294967296 (custom)
2022-04-26 01:54:57,269 [pool-703-thread-1] INFO  server.RaftServerConfigKeys (ConfUtils.java:logGet(44)) - raft.server.log.queue.element-limit = 1024 (custom)
2022-04-26 01:54:57,269 [pool-703-thread-1] INFO  server.RaftServerConfigKeys (ConfUtils.java:logGet(44)) - raft.server.log.segment.size.max = 1048576 (custom)
2022-04-26 01:54:57,269 [pool-703-thread-1] INFO  server.RaftServerConfigKeys (ConfUtils.java:logGet(44)) - raft.server.log.preallocated.size = 16384 (custom)
2022-04-26 01:54:57,269 [pool-703-thread-1] INFO  server.RaftServerConfigKeys (ConfUtils.java:logGet(44)) - raft.server.log.force.sync.num = 128 (default)
2022-04-26 01:54:57,269 [pool-703-thread-1] INFO  server.RaftServerConfigKeys (ConfUtils.java:logGet(44)) - raft.server.log.statemachine.data.sync = true (default)
2022-04-26 01:54:57,269 [pool-703-thread-1] INFO  server.RaftServerConfigKeys (ConfUtils.java:logGet(44)) - raft.server.log.statemachine.data.sync.timeout = 10s (default)
2022-04-26 01:54:57,269 [pool-703-thread-1] INFO  server.RaftServerConfigKeys (ConfUtils.java:logGet(44)) - raft.server.log.statemachine.data.sync.timeout.retry = -1 (default)
2022-04-26 01:54:57,270 [pool-703-thread-1] INFO  server.RaftServerConfigKeys (ConfUtils.java:logGet(44)) - raft.server.log.write.buffer.size = 1048576 (custom)
2022-04-26 01:54:57,271 [pool-703-thread-1] INFO  server.RaftServerConfigKeys (ConfUtils.java:logGet(44)) - raft.server.log.statemachine.data.caching.enabled = true (custom)
2022-04-26 01:54:57,272 [pool-682-thread-1] INFO  storage.RaftStorage (RaftStorageImpl.java:format(89)) - Storage directory /home/runner/work/ozone/ozone/hadoop-ozone/integration-test/target/test-dir/MiniOzoneClusterImpl-b265c8eb-45a8-4330-a699-f70d21251437/datanode-1/data/ratis/bc49be9e-2878-4505-a407-1e5e024634d1 has been successfully formatted.
2022-04-26 01:54:57,272 [pool-682-thread-1] INFO  ratis.ContainerStateMachine (ContainerStateMachine.java:loadSnapshot(236)) - group-1E5E024634D1: The snapshot info is null. Setting the last applied indexto:(t:0, i:~)
2022-04-26 01:54:57,272 [pool-682-thread-1] INFO  server.RaftServerConfigKeys (ConfUtils.java:logGet(44)) - raft.server.notification.no-leader.timeout = 300s (custom)
2022-04-26 01:54:57,272 [pool-682-thread-1] INFO  server.RaftServerConfigKeys (ConfUtils.java:logGet(44)) - raft.server.log.use.memory = false (default)
2022-04-26 01:54:57,272 [pool-682-thread-1] INFO  server.RaftServerConfigKeys (ConfUtils.java:logGet(44)) - raft.server.log.purge.gap = 1000000 (custom)
2022-04-26 01:54:57,272 [pool-682-thread-1] INFO  server.RaftServerConfigKeys (ConfUtils.java:logGet(44)) - raft.server.log.appender.buffer.byte-limit = 33554432 (custom)
2022-04-26 01:54:57,273 [pool-682-thread-1] INFO  server.RaftServerConfigKeys (ConfUtils.java:logGet(44)) - raft.server.log.segment.size.max = 1048576 (custom)
2022-04-26 01:54:57,273 [pool-682-thread-1] INFO  server.RaftServerConfigKeys (ConfUtils.java:logGet(44)) - raft.server.log.segment.cache.num.max = 2 (custom)
2022-04-26 01:54:57,273 [pool-682-thread-1] INFO  server.RaftServerConfigKeys (ConfUtils.java:logGet(44)) - raft.server.log.segment.cache.size.max = 200MB (=209715200) (default)
2022-04-26 01:54:57,273 [pool-682-thread-1] INFO  segmented.SegmentedRaftLogWorker (SegmentedRaftLogWorker.java:<init>(182)) - new 38feb0ec-788c-42ad-9852-eb5cbee3e7a8@group-1E5E024634D1-SegmentedRaftLogWorker for RaftStorageImpl:Storage Directory /home/runner/work/ozone/ozone/hadoop-ozone/integration-test/target/test-dir/MiniOzoneClusterImpl-b265c8eb-45a8-4330-a699-f70d21251437/datanode-1/data/ratis/bc49be9e-2878-4505-a407-1e5e024634d1
2022-04-26 01:54:57,273 [pool-682-thread-1] INFO  server.RaftServerConfigKeys (ConfUtils.java:logGet(44)) - raft.server.log.queue.byte-limit = 4294967296 (custom)
2022-04-26 01:54:57,273 [pool-682-thread-1] INFO  server.RaftServerConfigKeys (ConfUtils.java:logGet(44)) - raft.server.log.queue.element-limit = 1024 (custom)
2022-04-26 01:54:57,273 [pool-682-thread-1] INFO  server.RaftServerConfigKeys (ConfUtils.java:logGet(44)) - raft.server.log.segment.size.max = 1048576 (custom)
2022-04-26 01:54:57,273 [pool-682-thread-1] INFO  server.RaftServerConfigKeys (ConfUtils.java:logGet(44)) - raft.server.log.preallocated.size = 16384 (custom)
2022-04-26 01:54:57,273 [pool-682-thread-1] INFO  server.RaftServerConfigKeys (ConfUtils.java:logGet(44)) - raft.server.log.force.sync.num = 128 (default)
2022-04-26 01:54:57,273 [pool-682-thread-1] INFO  server.RaftServerConfigKeys (ConfUtils.java:logGet(44)) - raft.server.log.statemachine.data.sync = true (default)
2022-04-26 01:54:57,273 [pool-682-thread-1] INFO  server.RaftServerConfigKeys (ConfUtils.java:logGet(44)) - raft.server.log.statemachine.data.sync.timeout = 10s (default)
2022-04-26 01:54:57,273 [pool-682-thread-1] INFO  server.RaftServerConfigKeys (ConfUtils.java:logGet(44)) - raft.server.log.statemachine.data.sync.timeout.retry = -1 (default)
2022-04-26 01:54:57,274 [pool-682-thread-1] INFO  server.RaftServerConfigKeys (ConfUtils.java:logGet(44)) - raft.server.log.write.buffer.size = 1048576 (custom)
2022-04-26 01:54:57,274 [pool-682-thread-1] INFO  server.RaftServerConfigKeys (ConfUtils.java:logGet(44)) - raft.server.log.statemachine.data.caching.enabled = true (custom)
2022-04-26 01:54:57,274 [pool-682-thread-1] INFO  segmented.SegmentedRaftLogWorker (SegmentedRaftLogWorker.java:lambda$new$0(133)) - 38feb0ec-788c-42ad-9852-eb5cbee3e7a8@group-1E5E024634D1-SegmentedRaftLogWorker: flushIndex: setUnconditionally 0 -> -1
2022-04-26 01:54:57,274 [pool-682-thread-1] INFO  segmented.SegmentedRaftLogWorker (SegmentedRaftLogWorker.java:lambda$new$0(133)) - 38feb0ec-788c-42ad-9852-eb5cbee3e7a8@group-1E5E024634D1-SegmentedRaftLogWorker: safeCacheEvictIndex: setUnconditionally 0 -> -1
2022-04-26 01:54:57,275 [pool-703-thread-1] INFO  segmented.SegmentedRaftLogWorker (SegmentedRaftLogWorker.java:lambda$new$0(133)) - a49f3fd7-aca1-41c1-ad3c-01adfe75912a@group-1E5E024634D1-SegmentedRaftLogWorker: flushIndex: setUnconditionally 0 -> -1
2022-04-26 01:54:57,275 [pool-703-thread-1] INFO  segmented.SegmentedRaftLogWorker (SegmentedRaftLogWorker.java:lambda$new$0(133)) - a49f3fd7-aca1-41c1-ad3c-01adfe75912a@group-1E5E024634D1-SegmentedRaftLogWorker: safeCacheEvictIndex: setUnconditionally 0 -> -1
2022-04-26 01:54:57,275 [pool-682-thread-1] INFO  server.RaftServerConfigKeys (ConfUtils.java:logGet(44)) - raft.server.snapshot.auto.trigger.enabled = true (custom)
2022-04-26 01:54:57,275 [pool-682-thread-1] INFO  server.RaftServerConfigKeys (ConfUtils.java:logGet(44)) - raft.server.snapshot.auto.trigger.threshold = 10000 (custom)
2022-04-26 01:54:57,275 [pool-682-thread-1] INFO  server.RaftServerConfigKeys (ConfUtils.java:logGet(44)) - raft.server.snapshot.retention.file.num = 5 (custom)
2022-04-26 01:54:57,275 [pool-682-thread-1] INFO  server.RaftServerConfigKeys (ConfUtils.java:logGet(44)) - raft.server.log.purge.upto.snapshot.index = false (default)
2022-04-26 01:54:57,275 [pool-682-thread-1] INFO  server.RaftServerConfigKeys (ConfUtils.java:logGet(44)) - raft.server.retrycache.expirytime = 600000ms (custom)
2022-04-26 01:54:57,275 [pool-682-thread-1] INFO  server.RaftServerConfigKeys (ConfUtils.java:logGet(44)) - raft.server.retrycache.statistics.expirytime = 100μs (default)
2022-04-26 01:54:57,276 [pool-682-thread-1] INFO  server.RaftServer$Division (RaftServerImpl.java:start(301)) - 38feb0ec-788c-42ad-9852-eb5cbee3e7a8@group-1E5E024634D1: start as a follower, conf=-1: [38feb0ec-788c-42ad-9852-eb5cbee3e7a8|rpc:10.1.0.42:43781|priority:0, a49f3fd7-aca1-41c1-ad3c-01adfe75912a|rpc:10.1.0.42:39407|priority:1, 2bf912ba-2a06-41a3-b1d6-bf04ad40fbe7|rpc:10.1.0.42:36263|priority:0], old=null
2022-04-26 01:54:57,276 [pool-682-thread-1] INFO  server.RaftServer$Division (RaftServerImpl.java:setRole(290)) - 38feb0ec-788c-42ad-9852-eb5cbee3e7a8@group-1E5E024634D1: changes role from      null to FOLLOWER at term 0 for startAsFollower
2022-04-26 01:54:57,276 [pool-682-thread-1] INFO  impl.RoleInfo (RoleInfo.java:updateAndGet(130)) - 38feb0ec-788c-42ad-9852-eb5cbee3e7a8: start 38feb0ec-788c-42ad-9852-eb5cbee3e7a8@group-1E5E024634D1-FollowerState
2022-04-26 01:54:57,276 [pool-682-thread-1] INFO  util.JmxRegister (JmxRegister.java:tryRegister(44)) - Successfully registered JMX Bean with object name Ratis:service=RaftServer,group=group-1E5E024634D1,id=38feb0ec-788c-42ad-9852-eb5cbee3e7a8
2022-04-26 01:54:57,277 [Command processor thread] INFO  ratis.XceiverServerRatis (XceiverServerRatis.java:addGroup(765)) - Created group PipelineID=bc49be9e-2878-4505-a407-1e5e024634d1
2022-04-26 01:54:57,282 [EventQueue-OpenPipelineForHealthyPipelineSafeModeRule] INFO  safemode.SCMSafeModeManager (HealthyPipelineSafeModeRule.java:process(124)) - SCM in safe mode. Healthy pipelines reported count is 0, required healthy pipeline reported count is 1
2022-04-26 01:54:57,285 [pool-703-thread-1] INFO  server.RaftServerConfigKeys (ConfUtils.java:logGet(44)) - raft.server.snapshot.auto.trigger.enabled = true (custom)
2022-04-26 01:54:57,285 [pool-703-thread-1] INFO  server.RaftServerConfigKeys (ConfUtils.java:logGet(44)) - raft.server.snapshot.auto.trigger.threshold = 10000 (custom)
2022-04-26 01:54:57,285 [pool-703-thread-1] INFO  server.RaftServerConfigKeys (ConfUtils.java:logGet(44)) - raft.server.snapshot.retention.file.num = 5 (custom)
2022-04-26 01:54:57,285 [pool-703-thread-1] INFO  server.RaftServerConfigKeys (ConfUtils.java:logGet(44)) - raft.server.log.purge.upto.snapshot.index = false (default)
2022-04-26 01:54:57,285 [pool-703-thread-1] INFO  server.RaftServerConfigKeys (ConfUtils.java:logGet(44)) - raft.server.retrycache.expirytime = 600000ms (custom)
2022-04-26 01:54:57,285 [pool-703-thread-1] INFO  server.RaftServerConfigKeys (ConfUtils.java:logGet(44)) - raft.server.retrycache.statistics.expirytime = 100μs (default)
2022-04-26 01:54:57,286 [pool-703-thread-1] INFO  server.RaftServer$Division (RaftServerImpl.java:start(301)) - a49f3fd7-aca1-41c1-ad3c-01adfe75912a@group-1E5E024634D1: start as a follower, conf=-1: [38feb0ec-788c-42ad-9852-eb5cbee3e7a8|rpc:10.1.0.42:43781|dataStream:|priority:0, a49f3fd7-aca1-41c1-ad3c-01adfe75912a|rpc:10.1.0.42:39407|dataStream:|priority:1, 2bf912ba-2a06-41a3-b1d6-bf04ad40fbe7|rpc:10.1.0.42:36263|dataStream:|priority:0], old=null
2022-04-26 01:54:57,286 [pool-703-thread-1] INFO  server.RaftServer$Division (RaftServerImpl.java:setRole(290)) - a49f3fd7-aca1-41c1-ad3c-01adfe75912a@group-1E5E024634D1: changes role from      null to FOLLOWER at term 0 for startAsFollower
2022-04-26 01:54:57,286 [pool-703-thread-1] INFO  impl.RoleInfo (RoleInfo.java:updateAndGet(130)) - a49f3fd7-aca1-41c1-ad3c-01adfe75912a: start a49f3fd7-aca1-41c1-ad3c-01adfe75912a@group-1E5E024634D1-FollowerState
2022-04-26 01:54:57,419 [pool-703-thread-1] INFO  util.JmxRegister (JmxRegister.java:tryRegister(44)) - Successfully registered JMX Bean with object name Ratis:service=RaftServer,group=group-1E5E024634D1,id=a49f3fd7-aca1-41c1-ad3c-01adfe75912a
2022-04-26 01:54:57,700 [Command processor thread] INFO  commandhandler.CreatePipelineCommandHandler (CreatePipelineCommandHandler.java:handle(113)) - Created Pipeline RATIS THREE PipelineID=bc49be9e-2878-4505-a407-1e5e024634d1.
2022-04-26 01:54:57,705 [Command processor thread] INFO  commandhandler.CreatePipelineCommandHandler (CreatePipelineCommandHandler.java:handle(113)) - Created Pipeline RATIS THREE PipelineID=bc49be9e-2878-4505-a407-1e5e024634d1.
2022-04-26 01:54:57,838 [Command processor thread] INFO  server.RaftServer (RaftServerProxy.java:addNew(95)) - a49f3fd7-aca1-41c1-ad3c-01adfe75912a: addNew group-8233CFDFBA5F:[a49f3fd7-aca1-41c1-ad3c-01adfe75912a|rpc:10.1.0.42:39407|priority:1] returns group-8233CFDFBA5F:java.util.concurrent.CompletableFuture@61d7ff17[Not completed]
2022-04-26 01:54:57,838 [pool-703-thread-1] INFO  server.RaftServer$Division (RaftServerImpl.java:<init>(184)) - a49f3fd7-aca1-41c1-ad3c-01adfe75912a: new RaftServerImpl for group-8233CFDFBA5F:[a49f3fd7-aca1-41c1-ad3c-01adfe75912a|rpc:10.1.0.42:39407|priority:1] with ContainerStateMachine:uninitialized
2022-04-26 01:54:57,838 [pool-703-thread-1] INFO  server.RaftServerConfigKeys (ConfUtils.java:logGet(44)) - raft.server.rpc.timeout.min = 5s (custom)
2022-04-26 01:54:57,838 [pool-703-thread-1] INFO  server.RaftServerConfigKeys (ConfUtils.java:logGet(44)) - raft.server.rpc.timeout.max = 5200ms (custom)
2022-04-26 01:54:57,839 [pool-703-thread-1] INFO  server.RaftServerConfigKeys (ConfUtils.java:logGet(44)) - raft.server.rpc.sleep.time = 25ms (default)
2022-04-26 01:54:57,839 [pool-703-thread-1] INFO  server.RaftServerConfigKeys (ConfUtils.java:logGet(44)) - raft.server.rpc.slowness.timeout = 300s (custom)
2022-04-26 01:54:57,839 [pool-703-thread-1] INFO  server.RaftServerConfigKeys (ConfUtils.java:logGet(44)) - raft.server.leaderelection.leader.step-down.wait-time = 10s (default)
2022-04-26 01:54:57,839 [pool-703-thread-1] INFO  server.RaftServerConfigKeys (ConfUtils.java:logGet(44)) - raft.server.sleep.deviation.threshold = 300ms (default)
2022-04-26 01:54:57,839 [pool-703-thread-1] INFO  server.RaftServerConfigKeys (ConfUtils.java:logGet(44)) - raft.server.log.appender.install.snapshot.enabled = false (custom)
2022-04-26 01:54:57,839 [pool-703-thread-1] INFO  server.RaftServer$Division (ServerState.java:<init>(105)) - a49f3fd7-aca1-41c1-ad3c-01adfe75912a@group-8233CFDFBA5F: ConfigurationManager, init=-1: [a49f3fd7-aca1-41c1-ad3c-01adfe75912a|rpc:10.1.0.42:39407|priority:1], old=null, confs=<EMPTY_MAP>
2022-04-26 01:54:57,839 [pool-703-thread-1] INFO  server.RaftServerConfigKeys (ConfUtils.java:logGet(44)) - raft.server.storage.dir = [/home/runner/work/ozone/ozone/hadoop-ozone/integration-test/target/test-dir/MiniOzoneClusterImpl-b265c8eb-45a8-4330-a699-f70d21251437/datanode-2/data/ratis] (custom)
2022-04-26 01:54:57,839 [pool-703-thread-1] INFO  server.RaftServerConfigKeys (ConfUtils.java:logGet(44)) - raft.server.log.corruption.policy = EXCEPTION (default)
2022-04-26 01:54:57,839 [pool-703-thread-1] INFO  server.RaftServerConfigKeys (ConfUtils.java:logGet(44)) - raft.server.storage.free-space.min = 0MB (=0) (default)
2022-04-26 01:54:57,839 [pool-703-thread-1] INFO  storage.RaftStorageDirectory (RaftStorageDirectoryImpl.java:analyzeStorage(135)) - The storage directory /home/runner/work/ozone/ozone/hadoop-ozone/integration-test/target/test-dir/MiniOzoneClusterImpl-b265c8eb-45a8-4330-a699-f70d21251437/datanode-2/data/ratis/ad4a3e4a-882d-4220-ba6f-8233cfdfba5f does not exist. Creating ...
2022-04-26 01:54:57,841 [pool-703-thread-1] INFO  storage.RaftStorageDirectory (RaftStorageDirectoryImpl.java:tryLock(230)) - Lock on /home/runner/work/ozone/ozone/hadoop-ozone/integration-test/target/test-dir/MiniOzoneClusterImpl-b265c8eb-45a8-4330-a699-f70d21251437/datanode-2/data/ratis/ad4a3e4a-882d-4220-ba6f-8233cfdfba5f/in_use.lock acquired by nodename 18609@fv-az50-870
2022-04-26 01:54:57,843 [pool-703-thread-1] INFO  storage.RaftStorage (RaftStorageImpl.java:format(89)) - Storage directory /home/runner/work/ozone/ozone/hadoop-ozone/integration-test/target/test-dir/MiniOzoneClusterImpl-b265c8eb-45a8-4330-a699-f70d21251437/datanode-2/data/ratis/ad4a3e4a-882d-4220-ba6f-8233cfdfba5f has been successfully formatted.
2022-04-26 01:54:57,844 [pool-703-thread-1] INFO  ratis.ContainerStateMachine (ContainerStateMachine.java:loadSnapshot(236)) - group-8233CFDFBA5F: The snapshot info is null. Setting the last applied indexto:(t:0, i:~)
2022-04-26 01:54:57,844 [EventQueue-PipelineReportForPipelineReportHandler] INFO  pipeline.PipelineManagerImpl (PipelineManagerImpl.java:openPipeline(321)) - Pipeline Pipeline[ Id: ad4a3e4a-882d-4220-ba6f-8233cfdfba5f, Nodes: a49f3fd7-aca1-41c1-ad3c-01adfe75912a{ip: 10.1.0.42, host: fv-az50-870.grzltbmokehuzjyc5b133kdqgh.cx.internal.cloudapp.net, ports: [REPLICATION=43077, RATIS=39407, RATIS_ADMIN=39407, RATIS_SERVER=39407, STANDALONE=43813], networkLocation: /default-rack, certSerialId: null, persistedOpState: IN_SERVICE, persistedOpStateExpiryEpochSec: 0}, ReplicationConfig: RATIS/ONE, State:ALLOCATED, leaderId:a49f3fd7-aca1-41c1-ad3c-01adfe75912a, CreationTimestamp2022-04-26T01:54:54.849Z[Etc/UTC]] moved to OPEN state
2022-04-26 01:54:57,845 [EventQueue-OpenPipelineForHealthyPipelineSafeModeRule] INFO  safemode.SCMSafeModeManager (HealthyPipelineSafeModeRule.java:process(124)) - SCM in safe mode. Healthy pipelines reported count is 0, required healthy pipeline reported count is 1
2022-04-26 01:54:57,845 [pool-703-thread-1] INFO  server.RaftServerConfigKeys (ConfUtils.java:logGet(44)) - raft.server.notification.no-leader.timeout = 300s (custom)
2022-04-26 01:54:57,845 [pool-703-thread-1] INFO  server.RaftServerConfigKeys (ConfUtils.java:logGet(44)) - raft.server.log.use.memory = false (default)
2022-04-26 01:54:57,845 [pool-703-thread-1] INFO  server.RaftServerConfigKeys (ConfUtils.java:logGet(44)) - raft.server.log.purge.gap = 1000000 (custom)
2022-04-26 01:54:57,845 [pool-703-thread-1] INFO  server.RaftServerConfigKeys (ConfUtils.java:logGet(44)) - raft.server.log.appender.buffer.byte-limit = 33554432 (custom)
2022-04-26 01:54:57,846 [pool-703-thread-1] INFO  server.RaftServerConfigKeys (ConfUtils.java:logGet(44)) - raft.server.log.segment.size.max = 1048576 (custom)
2022-04-26 01:54:57,846 [pool-703-thread-1] INFO  server.RaftServerConfigKeys (ConfUtils.java:logGet(44)) - raft.server.log.segment.cache.num.max = 2 (custom)
2022-04-26 01:54:57,846 [pool-703-thread-1] INFO  server.RaftServerConfigKeys (ConfUtils.java:logGet(44)) - raft.server.log.segment.cache.size.max = 200MB (=209715200) (default)
2022-04-26 01:54:57,846 [pool-703-thread-1] INFO  segmented.SegmentedRaftLogWorker (SegmentedRaftLogWorker.java:<init>(182)) - new a49f3fd7-aca1-41c1-ad3c-01adfe75912a@group-8233CFDFBA5F-SegmentedRaftLogWorker for RaftStorageImpl:Storage Directory /home/runner/work/ozone/ozone/hadoop-ozone/integration-test/target/test-dir/MiniOzoneClusterImpl-b265c8eb-45a8-4330-a699-f70d21251437/datanode-2/data/ratis/ad4a3e4a-882d-4220-ba6f-8233cfdfba5f
2022-04-26 01:54:57,846 [pool-703-thread-1] INFO  server.RaftServerConfigKeys (ConfUtils.java:logGet(44)) - raft.server.log.queue.byte-limit = 4294967296 (custom)
2022-04-26 01:54:57,846 [pool-703-thread-1] INFO  server.RaftServerConfigKeys (ConfUtils.java:logGet(44)) - raft.server.log.queue.element-limit = 1024 (custom)
2022-04-26 01:54:57,846 [pool-703-thread-1] INFO  server.RaftServerConfigKeys (ConfUtils.java:logGet(44)) - raft.server.log.segment.size.max = 1048576 (custom)
2022-04-26 01:54:57,846 [pool-703-thread-1] INFO  server.RaftServerConfigKeys (ConfUtils.java:logGet(44)) - raft.server.log.preallocated.size = 16384 (custom)
2022-04-26 01:54:57,846 [pool-703-thread-1] INFO  server.RaftServerConfigKeys (ConfUtils.java:logGet(44)) - raft.server.log.force.sync.num = 128 (default)
2022-04-26 01:54:57,846 [pool-703-thread-1] INFO  server.RaftServerConfigKeys (ConfUtils.java:logGet(44)) - raft.server.log.statemachine.data.sync = true (default)
2022-04-26 01:54:57,846 [pool-703-thread-1] INFO  server.RaftServerConfigKeys (ConfUtils.java:logGet(44)) - raft.server.log.statemachine.data.sync.timeout = 10s (default)
2022-04-26 01:54:57,846 [pool-703-thread-1] INFO  server.RaftServerConfigKeys (ConfUtils.java:logGet(44)) - raft.server.log.statemachine.data.sync.timeout.retry = -1 (default)
2022-04-26 01:54:57,850 [pool-703-thread-1] INFO  server.RaftServerConfigKeys (ConfUtils.java:logGet(44)) - raft.server.log.write.buffer.size = 1048576 (custom)
2022-04-26 01:54:57,851 [pool-703-thread-1] INFO  server.RaftServerConfigKeys (ConfUtils.java:logGet(44)) - raft.server.log.statemachine.data.caching.enabled = true (custom)
2022-04-26 01:54:57,851 [pool-703-thread-1] INFO  segmented.SegmentedRaftLogWorker (SegmentedRaftLogWorker.java:lambda$new$0(133)) - a49f3fd7-aca1-41c1-ad3c-01adfe75912a@group-8233CFDFBA5F-SegmentedRaftLogWorker: flushIndex: setUnconditionally 0 -> -1
2022-04-26 01:54:57,851 [pool-703-thread-1] INFO  segmented.SegmentedRaftLogWorker (SegmentedRaftLogWorker.java:lambda$new$0(133)) - a49f3fd7-aca1-41c1-ad3c-01adfe75912a@group-8233CFDFBA5F-SegmentedRaftLogWorker: safeCacheEvictIndex: setUnconditionally 0 -> -1
2022-04-26 01:54:57,865 [pool-703-thread-1] INFO  server.RaftServerConfigKeys (ConfUtils.java:logGet(44)) - raft.server.snapshot.auto.trigger.enabled = true (custom)
2022-04-26 01:54:57,865 [pool-703-thread-1] INFO  server.RaftServerConfigKeys (ConfUtils.java:logGet(44)) - raft.server.snapshot.auto.trigger.threshold = 10000 (custom)
2022-04-26 01:54:57,865 [pool-703-thread-1] INFO  server.RaftServerConfigKeys (ConfUtils.java:logGet(44)) - raft.server.snapshot.retention.file.num = 5 (custom)
2022-04-26 01:54:57,865 [pool-703-thread-1] INFO  server.RaftServerConfigKeys (ConfUtils.java:logGet(44)) - raft.server.log.purge.upto.snapshot.index = false (default)
2022-04-26 01:54:57,865 [pool-703-thread-1] INFO  server.RaftServerConfigKeys (ConfUtils.java:logGet(44)) - raft.server.retrycache.expirytime = 600000ms (custom)
2022-04-26 01:54:57,865 [pool-703-thread-1] INFO  server.RaftServerConfigKeys (ConfUtils.java:logGet(44)) - raft.server.retrycache.statistics.expirytime = 100μs (default)
2022-04-26 01:54:57,866 [pool-703-thread-1] INFO  server.RaftServer$Division (RaftServerImpl.java:start(301)) - a49f3fd7-aca1-41c1-ad3c-01adfe75912a@group-8233CFDFBA5F: start as a follower, conf=-1: [a49f3fd7-aca1-41c1-ad3c-01adfe75912a|rpc:10.1.0.42:39407|priority:1], old=null
2022-04-26 01:54:57,866 [pool-703-thread-1] INFO  server.RaftServer$Division (RaftServerImpl.java:setRole(290)) - a49f3fd7-aca1-41c1-ad3c-01adfe75912a@group-8233CFDFBA5F: changes role from      null to FOLLOWER at term 0 for startAsFollower
2022-04-26 01:54:57,867 [pool-703-thread-1] INFO  impl.RoleInfo (RoleInfo.java:updateAndGet(130)) - a49f3fd7-aca1-41c1-ad3c-01adfe75912a: start a49f3fd7-aca1-41c1-ad3c-01adfe75912a@group-8233CFDFBA5F-FollowerState
2022-04-26 01:54:57,868 [pool-703-thread-1] INFO  util.JmxRegister (JmxRegister.java:tryRegister(44)) - Successfully registered JMX Bean with object name Ratis:service=RaftServer,group=group-8233CFDFBA5F,id=a49f3fd7-aca1-41c1-ad3c-01adfe75912a
2022-04-26 01:54:57,873 [Command processor thread] INFO  ratis.XceiverServerRatis (XceiverServerRatis.java:addGroup(765)) - Created group PipelineID=ad4a3e4a-882d-4220-ba6f-8233cfdfba5f
2022-04-26 01:54:57,873 [Command processor thread] INFO  commandhandler.CreatePipelineCommandHandler (CreatePipelineCommandHandler.java:handle(113)) - Created Pipeline RATIS ONE PipelineID=ad4a3e4a-882d-4220-ba6f-8233cfdfba5f.
2022-04-26 01:54:58,069 [Listener at 127.0.0.1/35711] INFO  ozone.MiniOzoneClusterImpl (MiniOzoneClusterImpl.java:lambda$waitForClusterToBeReady$0(221)) - Nodes are ready. Got 5 of 5 DN Heartbeats.
2022-04-26 01:54:58,069 [Listener at 127.0.0.1/35711] INFO  ozone.MiniOzoneClusterImpl (MiniOzoneClusterImpl.java:lambda$waitForClusterToBeReady$0(224)) - Waiting for cluster to exit safe mode
2022-04-26 01:54:58,069 [Listener at 127.0.0.1/35711] INFO  ozone.MiniOzoneClusterImpl (MiniOzoneClusterImpl.java:lambda$waitForClusterToBeReady$0(226)) - SCM became leader
2022-04-26 01:54:58,446 [Command processor thread] INFO  server.RaftServer (RaftServerProxy.java:addNew(95)) - 3f26cc77-40bb-4b12-ae17-f23562ebcede: addNew group-D69C56FB19D5:[3f26cc77-40bb-4b12-ae17-f23562ebcede|rpc:10.1.0.42:42555|priority:1] returns group-D69C56FB19D5:java.util.concurrent.CompletableFuture@6bf2aff4[Not completed]
2022-04-26 01:54:58,458 [pool-724-thread-1] INFO  server.RaftServer$Division (RaftServerImpl.java:<init>(184)) - 3f26cc77-40bb-4b12-ae17-f23562ebcede: new RaftServerImpl for group-D69C56FB19D5:[3f26cc77-40bb-4b12-ae17-f23562ebcede|rpc:10.1.0.42:42555|priority:1] with ContainerStateMachine:uninitialized
2022-04-26 01:54:58,479 [pool-724-thread-1] INFO  server.RaftServerConfigKeys (ConfUtils.java:logGet(44)) - raft.server.rpc.timeout.min = 5s (custom)
2022-04-26 01:54:58,479 [pool-724-thread-1] INFO  server.RaftServerConfigKeys (ConfUtils.java:logGet(44)) - raft.server.rpc.timeout.max = 5200ms (custom)
2022-04-26 01:54:58,479 [pool-724-thread-1] INFO  server.RaftServerConfigKeys (ConfUtils.java:logGet(44)) - raft.server.rpc.sleep.time = 25ms (default)
2022-04-26 01:54:58,479 [pool-724-thread-1] INFO  server.RaftServerConfigKeys (ConfUtils.java:logGet(44)) - raft.server.rpc.slowness.timeout = 300s (custom)
2022-04-26 01:54:58,479 [pool-724-thread-1] INFO  server.RaftServerConfigKeys (ConfUtils.java:logGet(44)) - raft.server.leaderelection.leader.step-down.wait-time = 10s (default)
2022-04-26 01:54:58,479 [pool-724-thread-1] INFO  server.RaftServerConfigKeys (ConfUtils.java:logGet(44)) - raft.server.sleep.deviation.threshold = 300ms (default)
2022-04-26 01:54:58,479 [pool-724-thread-1] INFO  server.RaftServerConfigKeys (ConfUtils.java:logGet(44)) - raft.server.log.appender.install.snapshot.enabled = false (custom)
2022-04-26 01:54:58,480 [pool-724-thread-1] INFO  server.RaftServer$Division (ServerState.java:<init>(105)) - 3f26cc77-40bb-4b12-ae17-f23562ebcede@group-D69C56FB19D5: ConfigurationManager, init=-1: [3f26cc77-40bb-4b12-ae17-f23562ebcede|rpc:10.1.0.42:42555|priority:1], old=null, confs=<EMPTY_MAP>
2022-04-26 01:54:58,480 [pool-724-thread-1] INFO  server.RaftServerConfigKeys (ConfUtils.java:logGet(44)) - raft.server.storage.dir = [/home/runner/work/ozone/ozone/hadoop-ozone/integration-test/target/test-dir/MiniOzoneClusterImpl-b265c8eb-45a8-4330-a699-f70d21251437/datanode-3/data/ratis] (custom)
2022-04-26 01:54:58,480 [pool-724-thread-1] INFO  server.RaftServerConfigKeys (ConfUtils.java:logGet(44)) - raft.server.log.corruption.policy = EXCEPTION (default)
2022-04-26 01:54:58,480 [pool-724-thread-1] INFO  server.RaftServerConfigKeys (ConfUtils.java:logGet(44)) - raft.server.storage.free-space.min = 0MB (=0) (default)
2022-04-26 01:54:58,480 [pool-724-thread-1] INFO  storage.RaftStorageDirectory (RaftStorageDirectoryImpl.java:analyzeStorage(135)) - The storage directory /home/runner/work/ozone/ozone/hadoop-ozone/integration-test/target/test-dir/MiniOzoneClusterImpl-b265c8eb-45a8-4330-a699-f70d21251437/datanode-3/data/ratis/a411199c-2f89-47ba-8971-d69c56fb19d5 does not exist. Creating ...
2022-04-26 01:54:58,486 [pool-724-thread-1] INFO  storage.RaftStorageDirectory (RaftStorageDirectoryImpl.java:tryLock(230)) - Lock on /home/runner/work/ozone/ozone/hadoop-ozone/integration-test/target/test-dir/MiniOzoneClusterImpl-b265c8eb-45a8-4330-a699-f70d21251437/datanode-3/data/ratis/a411199c-2f89-47ba-8971-d69c56fb19d5/in_use.lock acquired by nodename 18609@fv-az50-870
2022-04-26 01:54:58,490 [pool-724-thread-1] INFO  storage.RaftStorage (RaftStorageImpl.java:format(89)) - Storage directory /home/runner/work/ozone/ozone/hadoop-ozone/integration-test/target/test-dir/MiniOzoneClusterImpl-b265c8eb-45a8-4330-a699-f70d21251437/datanode-3/data/ratis/a411199c-2f89-47ba-8971-d69c56fb19d5 has been successfully formatted.
2022-04-26 01:54:58,491 [pool-724-thread-1] INFO  ratis.ContainerStateMachine (ContainerStateMachine.java:loadSnapshot(236)) - group-D69C56FB19D5: The snapshot info is null. Setting the last applied indexto:(t:0, i:~)
2022-04-26 01:54:58,491 [pool-724-thread-1] INFO  server.RaftServerConfigKeys (ConfUtils.java:logGet(44)) - raft.server.notification.no-leader.timeout = 300s (custom)
2022-04-26 01:54:58,491 [pool-724-thread-1] INFO  server.RaftServerConfigKeys (ConfUtils.java:logGet(44)) - raft.server.log.use.memory = false (default)
2022-04-26 01:54:58,491 [pool-724-thread-1] INFO  server.RaftServerConfigKeys (ConfUtils.java:logGet(44)) - raft.server.log.purge.gap = 1000000 (custom)
2022-04-26 01:54:58,491 [pool-724-thread-1] INFO  server.RaftServerConfigKeys (ConfUtils.java:logGet(44)) - raft.server.log.appender.buffer.byte-limit = 33554432 (custom)
2022-04-26 01:54:58,492 [pool-724-thread-1] INFO  server.RaftServerConfigKeys (ConfUtils.java:logGet(44)) - raft.server.log.segment.size.max = 1048576 (custom)
2022-04-26 01:54:58,492 [pool-724-thread-1] INFO  server.RaftServerConfigKeys (ConfUtils.java:logGet(44)) - raft.server.log.segment.cache.num.max = 2 (custom)
2022-04-26 01:54:58,492 [EventQueue-PipelineReportForPipelineReportHandler] INFO  pipeline.PipelineManagerImpl (PipelineManagerImpl.java:openPipeline(321)) - Pipeline Pipeline[ Id: a411199c-2f89-47ba-8971-d69c56fb19d5, Nodes: 3f26cc77-40bb-4b12-ae17-f23562ebcede{ip: 10.1.0.42, host: fv-az50-870.grzltbmokehuzjyc5b133kdqgh.cx.internal.cloudapp.net, ports: [REPLICATION=41027, RATIS=42555, RATIS_ADMIN=42555, RATIS_SERVER=42555, STANDALONE=33173], networkLocation: /default-rack, certSerialId: null, persistedOpState: IN_SERVICE, persistedOpStateExpiryEpochSec: 0}, ReplicationConfig: RATIS/ONE, State:ALLOCATED, leaderId:3f26cc77-40bb-4b12-ae17-f23562ebcede, CreationTimestamp2022-04-26T01:54:55.447Z[Etc/UTC]] moved to OPEN state
2022-04-26 01:54:58,492 [EventQueue-OpenPipelineForHealthyPipelineSafeModeRule] INFO  safemode.SCMSafeModeManager (HealthyPipelineSafeModeRule.java:process(124)) - SCM in safe mode. Healthy pipelines reported count is 0, required healthy pipeline reported count is 1
2022-04-26 01:54:58,492 [pool-724-thread-1] INFO  server.RaftServerConfigKeys (ConfUtils.java:logGet(44)) - raft.server.log.segment.cache.size.max = 200MB (=209715200) (default)
2022-04-26 01:54:58,493 [pool-724-thread-1] INFO  segmented.SegmentedRaftLogWorker (SegmentedRaftLogWorker.java:<init>(182)) - new 3f26cc77-40bb-4b12-ae17-f23562ebcede@group-D69C56FB19D5-SegmentedRaftLogWorker for RaftStorageImpl:Storage Directory /home/runner/work/ozone/ozone/hadoop-ozone/integration-test/target/test-dir/MiniOzoneClusterImpl-b265c8eb-45a8-4330-a699-f70d21251437/datanode-3/data/ratis/a411199c-2f89-47ba-8971-d69c56fb19d5
2022-04-26 01:54:58,493 [pool-724-thread-1] INFO  server.RaftServerConfigKeys (ConfUtils.java:logGet(44)) - raft.server.log.queue.byte-limit = 4294967296 (custom)
2022-04-26 01:54:58,493 [pool-724-thread-1] INFO  server.RaftServerConfigKeys (ConfUtils.java:logGet(44)) - raft.server.log.queue.element-limit = 1024 (custom)
2022-04-26 01:54:58,493 [pool-724-thread-1] INFO  server.RaftServerConfigKeys (ConfUtils.java:logGet(44)) - raft.server.log.segment.size.max = 1048576 (custom)
2022-04-26 01:54:58,493 [pool-724-thread-1] INFO  server.RaftServerConfigKeys (ConfUtils.java:logGet(44)) - raft.server.log.preallocated.size = 16384 (custom)
2022-04-26 01:54:58,493 [pool-724-thread-1] INFO  server.RaftServerConfigKeys (ConfUtils.java:logGet(44)) - raft.server.log.force.sync.num = 128 (default)
2022-04-26 01:54:58,493 [pool-724-thread-1] INFO  server.RaftServerConfigKeys (ConfUtils.java:logGet(44)) - raft.server.log.statemachine.data.sync = true (default)
2022-04-26 01:54:58,493 [pool-724-thread-1] INFO  server.RaftServerConfigKeys (ConfUtils.java:logGet(44)) - raft.server.log.statemachine.data.sync.timeout = 10s (default)
2022-04-26 01:54:58,493 [pool-724-thread-1] INFO  server.RaftServerConfigKeys (ConfUtils.java:logGet(44)) - raft.server.log.statemachine.data.sync.timeout.retry = -1 (default)
2022-04-26 01:54:58,494 [pool-724-thread-1] INFO  server.RaftServerConfigKeys (ConfUtils.java:logGet(44)) - raft.server.log.write.buffer.size = 1048576 (custom)
2022-04-26 01:54:58,494 [pool-724-thread-1] INFO  server.RaftServerConfigKeys (ConfUtils.java:logGet(44)) - raft.server.log.statemachine.data.caching.enabled = true (custom)
2022-04-26 01:54:58,494 [pool-724-thread-1] INFO  segmented.SegmentedRaftLogWorker (SegmentedRaftLogWorker.java:lambda$new$0(133)) - 3f26cc77-40bb-4b12-ae17-f23562ebcede@group-D69C56FB19D5-SegmentedRaftLogWorker: flushIndex: setUnconditionally 0 -> -1
2022-04-26 01:54:58,494 [pool-724-thread-1] INFO  segmented.SegmentedRaftLogWorker (SegmentedRaftLogWorker.java:lambda$new$0(133)) - 3f26cc77-40bb-4b12-ae17-f23562ebcede@group-D69C56FB19D5-SegmentedRaftLogWorker: safeCacheEvictIndex: setUnconditionally 0 -> -1
2022-04-26 01:54:58,507 [pool-724-thread-1] INFO  server.RaftServerConfigKeys (ConfUtils.java:logGet(44)) - raft.server.snapshot.auto.trigger.enabled = true (custom)
2022-04-26 01:54:58,507 [pool-724-thread-1] INFO  server.RaftServerConfigKeys (ConfUtils.java:logGet(44)) - raft.server.snapshot.auto.trigger.threshold = 10000 (custom)
2022-04-26 01:54:58,507 [pool-724-thread-1] INFO  server.RaftServerConfigKeys (ConfUtils.java:logGet(44)) - raft.server.snapshot.retention.file.num = 5 (custom)
2022-04-26 01:54:58,507 [pool-724-thread-1] INFO  server.RaftServerConfigKeys (ConfUtils.java:logGet(44)) - raft.server.log.purge.upto.snapshot.index = false (default)
2022-04-26 01:54:58,507 [pool-724-thread-1] INFO  server.RaftServerConfigKeys (ConfUtils.java:logGet(44)) - raft.server.retrycache.expirytime = 600000ms (custom)
2022-04-26 01:54:58,507 [pool-724-thread-1] INFO  server.RaftServerConfigKeys (ConfUtils.java:logGet(44)) - raft.server.retrycache.statistics.expirytime = 100μs (default)
2022-04-26 01:54:58,508 [pool-724-thread-1] INFO  server.RaftServer$Division (RaftServerImpl.java:start(301)) - 3f26cc77-40bb-4b12-ae17-f23562ebcede@group-D69C56FB19D5: start as a follower, conf=-1: [3f26cc77-40bb-4b12-ae17-f23562ebcede|rpc:10.1.0.42:42555|priority:1], old=null
2022-04-26 01:54:58,508 [pool-724-thread-1] INFO  server.RaftServer$Division (RaftServerImpl.java:setRole(290)) - 3f26cc77-40bb-4b12-ae17-f23562ebcede@group-D69C56FB19D5: changes role from      null to FOLLOWER at term 0 for startAsFollower
2022-04-26 01:54:58,508 [pool-724-thread-1] INFO  impl.RoleInfo (RoleInfo.java:updateAndGet(130)) - 3f26cc77-40bb-4b12-ae17-f23562ebcede: start 3f26cc77-40bb-4b12-ae17-f23562ebcede@group-D69C56FB19D5-FollowerState
2022-04-26 01:54:58,512 [pool-724-thread-1] INFO  util.JmxRegister (JmxRegister.java:tryRegister(44)) - Successfully registered JMX Bean with object name Ratis:service=RaftServer,group=group-D69C56FB19D5,id=3f26cc77-40bb-4b12-ae17-f23562ebcede
2022-04-26 01:54:58,520 [Command processor thread] INFO  ratis.XceiverServerRatis (XceiverServerRatis.java:addGroup(765)) - Created group PipelineID=a411199c-2f89-47ba-8971-d69c56fb19d5
2022-04-26 01:54:58,521 [Command processor thread] INFO  commandhandler.CreatePipelineCommandHandler (CreatePipelineCommandHandler.java:handle(113)) - Created Pipeline RATIS ONE PipelineID=a411199c-2f89-47ba-8971-d69c56fb19d5.
2022-04-26 01:54:59,070 [Listener at 127.0.0.1/35711] INFO  ozone.MiniOzoneClusterImpl (MiniOzoneClusterImpl.java:lambda$waitForClusterToBeReady$0(221)) - Nodes are ready. Got 5 of 5 DN Heartbeats.
2022-04-26 01:54:59,070 [Listener at 127.0.0.1/35711] INFO  ozone.MiniOzoneClusterImpl (MiniOzoneClusterImpl.java:lambda$waitForClusterToBeReady$0(224)) - Waiting for cluster to exit safe mode
2022-04-26 01:54:59,070 [Listener at 127.0.0.1/35711] INFO  ozone.MiniOzoneClusterImpl (MiniOzoneClusterImpl.java:lambda$waitForClusterToBeReady$0(226)) - SCM became leader
2022-04-26 01:54:59,189 [Command processor thread] INFO  server.RaftServer (RaftServerProxy.java:addNew(95)) - ea96ec81-7be1-42c0-a365-817fcc2d83b3: addNew group-F7E4F0C9CA01:[ea96ec81-7be1-42c0-a365-817fcc2d83b3|rpc:10.1.0.42:41121|priority:1] returns group-F7E4F0C9CA01:java.util.concurrent.CompletableFuture@2b00c1e1[Not completed]
2022-04-26 01:54:59,222 [pool-746-thread-1] INFO  server.RaftServer$Division (RaftServerImpl.java:<init>(184)) - ea96ec81-7be1-42c0-a365-817fcc2d83b3: new RaftServerImpl for group-F7E4F0C9CA01:[ea96ec81-7be1-42c0-a365-817fcc2d83b3|rpc:10.1.0.42:41121|priority:1] with ContainerStateMachine:uninitialized
2022-04-26 01:54:59,223 [pool-746-thread-1] INFO  server.RaftServerConfigKeys (ConfUtils.java:logGet(44)) - raft.server.rpc.timeout.min = 5s (custom)
2022-04-26 01:54:59,223 [pool-746-thread-1] INFO  server.RaftServerConfigKeys (ConfUtils.java:logGet(44)) - raft.server.rpc.timeout.max = 5200ms (custom)
2022-04-26 01:54:59,223 [pool-746-thread-1] INFO  server.RaftServerConfigKeys (ConfUtils.java:logGet(44)) - raft.server.rpc.sleep.time = 25ms (default)
2022-04-26 01:54:59,223 [pool-746-thread-1] INFO  server.RaftServerConfigKeys (ConfUtils.java:logGet(44)) - raft.server.rpc.slowness.timeout = 300s (custom)
2022-04-26 01:54:59,223 [pool-746-thread-1] INFO  server.RaftServerConfigKeys (ConfUtils.java:logGet(44)) - raft.server.leaderelection.leader.step-down.wait-time = 10s (default)
2022-04-26 01:54:59,223 [pool-746-thread-1] INFO  server.RaftServerConfigKeys (ConfUtils.java:logGet(44)) - raft.server.sleep.deviation.threshold = 300ms (default)
2022-04-26 01:54:59,223 [pool-746-thread-1] INFO  server.RaftServerConfigKeys (ConfUtils.java:logGet(44)) - raft.server.log.appender.install.snapshot.enabled = false (custom)
2022-04-26 01:54:59,223 [pool-746-thread-1] INFO  server.RaftServer$Division (ServerState.java:<init>(105)) - ea96ec81-7be1-42c0-a365-817fcc2d83b3@group-F7E4F0C9CA01: ConfigurationManager, init=-1: [ea96ec81-7be1-42c0-a365-817fcc2d83b3|rpc:10.1.0.42:41121|priority:1], old=null, confs=<EMPTY_MAP>
2022-04-26 01:54:59,223 [pool-746-thread-1] INFO  server.RaftServerConfigKeys (ConfUtils.java:logGet(44)) - raft.server.storage.dir = [/home/runner/work/ozone/ozone/hadoop-ozone/integration-test/target/test-dir/MiniOzoneClusterImpl-b265c8eb-45a8-4330-a699-f70d21251437/datanode-4/data/ratis] (custom)
2022-04-26 01:54:59,224 [pool-746-thread-1] INFO  server.RaftServerConfigKeys (ConfUtils.java:logGet(44)) - raft.server.log.corruption.policy = EXCEPTION (default)
2022-04-26 01:54:59,224 [pool-746-thread-1] INFO  server.RaftServerConfigKeys (ConfUtils.java:logGet(44)) - raft.server.storage.free-space.min = 0MB (=0) (default)
2022-04-26 01:54:59,224 [pool-746-thread-1] INFO  storage.RaftStorageDirectory (RaftStorageDirectoryImpl.java:analyzeStorage(135)) - The storage directory /home/runner/work/ozone/ozone/hadoop-ozone/integration-test/target/test-dir/MiniOzoneClusterImpl-b265c8eb-45a8-4330-a699-f70d21251437/datanode-4/data/ratis/a5d46dff-bf67-461d-8463-f7e4f0c9ca01 does not exist. Creating ...
2022-04-26 01:54:59,245 [pool-746-thread-1] INFO  storage.RaftStorageDirectory (RaftStorageDirectoryImpl.java:tryLock(230)) - Lock on /home/runner/work/ozone/ozone/hadoop-ozone/integration-test/target/test-dir/MiniOzoneClusterImpl-b265c8eb-45a8-4330-a699-f70d21251437/datanode-4/data/ratis/a5d46dff-bf67-461d-8463-f7e4f0c9ca01/in_use.lock acquired by nodename 18609@fv-az50-870
2022-04-26 01:54:59,258 [pool-746-thread-1] INFO  storage.RaftStorage (RaftStorageImpl.java:format(89)) - Storage directory /home/runner/work/ozone/ozone/hadoop-ozone/integration-test/target/test-dir/MiniOzoneClusterImpl-b265c8eb-45a8-4330-a699-f70d21251437/datanode-4/data/ratis/a5d46dff-bf67-461d-8463-f7e4f0c9ca01 has been successfully formatted.
2022-04-26 01:54:59,267 [pool-746-thread-1] INFO  ratis.ContainerStateMachine (ContainerStateMachine.java:loadSnapshot(236)) - group-F7E4F0C9CA01: The snapshot info is null. Setting the last applied indexto:(t:0, i:~)
2022-04-26 01:54:59,268 [pool-746-thread-1] INFO  server.RaftServerConfigKeys (ConfUtils.java:logGet(44)) - raft.server.notification.no-leader.timeout = 300s (custom)
2022-04-26 01:54:59,268 [pool-746-thread-1] INFO  server.RaftServerConfigKeys (ConfUtils.java:logGet(44)) - raft.server.log.use.memory = false (default)
2022-04-26 01:54:59,268 [pool-746-thread-1] INFO  server.RaftServerConfigKeys (ConfUtils.java:logGet(44)) - raft.server.log.purge.gap = 1000000 (custom)
2022-04-26 01:54:59,268 [pool-746-thread-1] INFO  server.RaftServerConfigKeys (ConfUtils.java:logGet(44)) - raft.server.log.appender.buffer.byte-limit = 33554432 (custom)
2022-04-26 01:54:59,268 [pool-746-thread-1] INFO  server.RaftServerConfigKeys (ConfUtils.java:logGet(44)) - raft.server.log.segment.size.max = 1048576 (custom)
2022-04-26 01:54:59,268 [pool-746-thread-1] INFO  server.RaftServerConfigKeys (ConfUtils.java:logGet(44)) - raft.server.log.segment.cache.num.max = 2 (custom)
2022-04-26 01:54:59,268 [pool-746-thread-1] INFO  server.RaftServerConfigKeys (ConfUtils.java:logGet(44)) - raft.server.log.segment.cache.size.max = 200MB (=209715200) (default)
2022-04-26 01:54:59,268 [pool-746-thread-1] INFO  segmented.SegmentedRaftLogWorker (SegmentedRaftLogWorker.java:<init>(182)) - new ea96ec81-7be1-42c0-a365-817fcc2d83b3@group-F7E4F0C9CA01-SegmentedRaftLogWorker for RaftStorageImpl:Storage Directory /home/runner/work/ozone/ozone/hadoop-ozone/integration-test/target/test-dir/MiniOzoneClusterImpl-b265c8eb-45a8-4330-a699-f70d21251437/datanode-4/data/ratis/a5d46dff-bf67-461d-8463-f7e4f0c9ca01
2022-04-26 01:54:59,268 [pool-746-thread-1] INFO  server.RaftServerConfigKeys (ConfUtils.java:logGet(44)) - raft.server.log.queue.byte-limit = 4294967296 (custom)
2022-04-26 01:54:59,268 [pool-746-thread-1] INFO  server.RaftServerConfigKeys (ConfUtils.java:logGet(44)) - raft.server.log.queue.element-limit = 1024 (custom)
2022-04-26 01:54:59,268 [pool-746-thread-1] INFO  server.RaftServerConfigKeys (ConfUtils.java:logGet(44)) - raft.server.log.segment.size.max = 1048576 (custom)
2022-04-26 01:54:59,269 [pool-746-thread-1] INFO  server.RaftServerConfigKeys (ConfUtils.java:logGet(44)) - raft.server.log.preallocated.size = 16384 (custom)
2022-04-26 01:54:59,269 [pool-746-thread-1] INFO  server.RaftServerConfigKeys (ConfUtils.java:logGet(44)) - raft.server.log.force.sync.num = 128 (default)
2022-04-26 01:54:59,269 [pool-746-thread-1] INFO  server.RaftServerConfigKeys (ConfUtils.java:logGet(44)) - raft.server.log.statemachine.data.sync = true (default)
2022-04-26 01:54:59,269 [pool-746-thread-1] INFO  server.RaftServerConfigKeys (ConfUtils.java:logGet(44)) - raft.server.log.statemachine.data.sync.timeout = 10s (default)
2022-04-26 01:54:59,269 [pool-746-thread-1] INFO  server.RaftServerConfigKeys (ConfUtils.java:logGet(44)) - raft.server.log.statemachine.data.sync.timeout.retry = -1 (default)
2022-04-26 01:54:59,270 [pool-746-thread-1] INFO  server.RaftServerConfigKeys (ConfUtils.java:logGet(44)) - raft.server.log.write.buffer.size = 1048576 (custom)
2022-04-26 01:54:59,270 [pool-746-thread-1] INFO  server.RaftServerConfigKeys (ConfUtils.java:logGet(44)) - raft.server.log.statemachine.data.caching.enabled = true (custom)
2022-04-26 01:54:59,270 [pool-746-thread-1] INFO  segmented.SegmentedRaftLogWorker (SegmentedRaftLogWorker.java:lambda$new$0(133)) - ea96ec81-7be1-42c0-a365-817fcc2d83b3@group-F7E4F0C9CA01-SegmentedRaftLogWorker: flushIndex: setUnconditionally 0 -> -1
2022-04-26 01:54:59,270 [pool-746-thread-1] INFO  segmented.SegmentedRaftLogWorker (SegmentedRaftLogWorker.java:lambda$new$0(133)) - ea96ec81-7be1-42c0-a365-817fcc2d83b3@group-F7E4F0C9CA01-SegmentedRaftLogWorker: safeCacheEvictIndex: setUnconditionally 0 -> -1
2022-04-26 01:54:59,285 [pool-746-thread-1] INFO  server.RaftServerConfigKeys (ConfUtils.java:logGet(44)) - raft.server.snapshot.auto.trigger.enabled = true (custom)
2022-04-26 01:54:59,285 [pool-746-thread-1] INFO  server.RaftServerConfigKeys (ConfUtils.java:logGet(44)) - raft.server.snapshot.auto.trigger.threshold = 10000 (custom)
2022-04-26 01:54:59,285 [pool-746-thread-1] INFO  server.RaftServerConfigKeys (ConfUtils.java:logGet(44)) - raft.server.snapshot.retention.file.num = 5 (custom)
2022-04-26 01:54:59,285 [pool-746-thread-1] INFO  server.RaftServerConfigKeys (ConfUtils.java:logGet(44)) - raft.server.log.purge.upto.snapshot.index = false (default)
2022-04-26 01:54:59,285 [pool-746-thread-1] INFO  server.RaftServerConfigKeys (ConfUtils.java:logGet(44)) - raft.server.retrycache.expirytime = 600000ms (custom)
2022-04-26 01:54:59,285 [pool-746-thread-1] INFO  server.RaftServerConfigKeys (ConfUtils.java:logGet(44)) - raft.server.retrycache.statistics.expirytime = 100μs (default)
2022-04-26 01:54:59,287 [pool-746-thread-1] INFO  server.RaftServer$Division (RaftServerImpl.java:start(301)) - ea96ec81-7be1-42c0-a365-817fcc2d83b3@group-F7E4F0C9CA01: start as a follower, conf=-1: [ea96ec81-7be1-42c0-a365-817fcc2d83b3|rpc:10.1.0.42:41121|priority:1], old=null
2022-04-26 01:54:59,287 [pool-746-thread-1] INFO  server.RaftServer$Division (RaftServerImpl.java:setRole(290)) - ea96ec81-7be1-42c0-a365-817fcc2d83b3@group-F7E4F0C9CA01: changes role from      null to FOLLOWER at term 0 for startAsFollower
2022-04-26 01:54:59,287 [pool-746-thread-1] INFO  impl.RoleInfo (RoleInfo.java:updateAndGet(130)) - ea96ec81-7be1-42c0-a365-817fcc2d83b3: start ea96ec81-7be1-42c0-a365-817fcc2d83b3@group-F7E4F0C9CA01-FollowerState
2022-04-26 01:54:59,293 [pool-746-thread-1] INFO  util.JmxRegister (JmxRegister.java:tryRegister(44)) - Successfully registered JMX Bean with object name Ratis:service=RaftServer,group=group-F7E4F0C9CA01,id=ea96ec81-7be1-42c0-a365-817fcc2d83b3
2022-04-26 01:54:59,305 [Command processor thread] INFO  ratis.XceiverServerRatis (XceiverServerRatis.java:addGroup(765)) - Created group PipelineID=a5d46dff-bf67-461d-8463-f7e4f0c9ca01
2022-04-26 01:54:59,305 [Command processor thread] INFO  commandhandler.CreatePipelineCommandHandler (CreatePipelineCommandHandler.java:handle(113)) - Created Pipeline RATIS ONE PipelineID=a5d46dff-bf67-461d-8463-f7e4f0c9ca01.
2022-04-26 01:54:59,329 [EventQueue-PipelineReportForPipelineReportHandler] INFO  pipeline.PipelineManagerImpl (PipelineManagerImpl.java:openPipeline(321)) - Pipeline Pipeline[ Id: a5d46dff-bf67-461d-8463-f7e4f0c9ca01, Nodes: ea96ec81-7be1-42c0-a365-817fcc2d83b3{ip: 10.1.0.42, host: fv-az50-870.grzltbmokehuzjyc5b133kdqgh.cx.internal.cloudapp.net, ports: [REPLICATION=38469, RATIS=41121, RATIS_ADMIN=41121, RATIS_SERVER=41121, STANDALONE=45679], networkLocation: /default-rack, certSerialId: null, persistedOpState: IN_SERVICE, persistedOpStateExpiryEpochSec: 0}, ReplicationConfig: RATIS/ONE, State:ALLOCATED, leaderId:ea96ec81-7be1-42c0-a365-817fcc2d83b3, CreationTimestamp2022-04-26T01:54:56.182Z[Etc/UTC]] moved to OPEN state
2022-04-26 01:54:59,333 [EventQueue-OpenPipelineForHealthyPipelineSafeModeRule] INFO  safemode.SCMSafeModeManager (HealthyPipelineSafeModeRule.java:process(124)) - SCM in safe mode. Healthy pipelines reported count is 0, required healthy pipeline reported count is 1
2022-04-26 01:55:00,070 [Listener at 127.0.0.1/35711] INFO  ozone.MiniOzoneClusterImpl (MiniOzoneClusterImpl.java:lambda$waitForClusterToBeReady$0(221)) - Nodes are ready. Got 5 of 5 DN Heartbeats.
2022-04-26 01:55:00,071 [Listener at 127.0.0.1/35711] INFO  ozone.MiniOzoneClusterImpl (MiniOzoneClusterImpl.java:lambda$waitForClusterToBeReady$0(224)) - Waiting for cluster to exit safe mode
2022-04-26 01:55:00,071 [Listener at 127.0.0.1/35711] INFO  ozone.MiniOzoneClusterImpl (MiniOzoneClusterImpl.java:lambda$waitForClusterToBeReady$0(226)) - SCM became leader
2022-04-26 01:55:01,071 [Listener at 127.0.0.1/35711] INFO  ozone.MiniOzoneClusterImpl (MiniOzoneClusterImpl.java:lambda$waitForClusterToBeReady$0(221)) - Nodes are ready. Got 5 of 5 DN Heartbeats.
2022-04-26 01:55:01,071 [Listener at 127.0.0.1/35711] INFO  ozone.MiniOzoneClusterImpl (MiniOzoneClusterImpl.java:lambda$waitForClusterToBeReady$0(224)) - Waiting for cluster to exit safe mode
2022-04-26 01:55:01,071 [Listener at 127.0.0.1/35711] INFO  ozone.MiniOzoneClusterImpl (MiniOzoneClusterImpl.java:lambda$waitForClusterToBeReady$0(226)) - SCM became leader
2022-04-26 01:55:01,765 [2bf912ba-2a06-41a3-b1d6-bf04ad40fbe7@group-3B87E1700DD4-FollowerState] INFO  impl.FollowerState (FollowerState.java:run(134)) - 2bf912ba-2a06-41a3-b1d6-bf04ad40fbe7@group-3B87E1700DD4-FollowerState: change to CANDIDATE, lastRpcElapsedTime:5090549299ns, electionTimeout:5045ms
2022-04-26 01:55:01,765 [2bf912ba-2a06-41a3-b1d6-bf04ad40fbe7@group-3B87E1700DD4-FollowerState] INFO  impl.RoleInfo (RoleInfo.java:shutdownFollowerState(108)) - 2bf912ba-2a06-41a3-b1d6-bf04ad40fbe7: shutdown 2bf912ba-2a06-41a3-b1d6-bf04ad40fbe7@group-3B87E1700DD4-FollowerState
2022-04-26 01:55:01,765 [2bf912ba-2a06-41a3-b1d6-bf04ad40fbe7@group-3B87E1700DD4-FollowerState] INFO  server.RaftServer$Division (RaftServerImpl.java:setRole(290)) - 2bf912ba-2a06-41a3-b1d6-bf04ad40fbe7@group-3B87E1700DD4: changes role from  FOLLOWER to CANDIDATE at term 0 for changeToCandidate
2022-04-26 01:55:01,765 [2bf912ba-2a06-41a3-b1d6-bf04ad40fbe7@group-3B87E1700DD4-FollowerState] INFO  server.RaftServerConfigKeys (ConfUtils.java:logGet(44)) - raft.server.leaderelection.pre-vote = false (custom)
2022-04-26 01:55:01,765 [2bf912ba-2a06-41a3-b1d6-bf04ad40fbe7@group-3B87E1700DD4-FollowerState] INFO  impl.RoleInfo (RoleInfo.java:updateAndGet(130)) - 2bf912ba-2a06-41a3-b1d6-bf04ad40fbe7: start 2bf912ba-2a06-41a3-b1d6-bf04ad40fbe7@group-3B87E1700DD4-LeaderElection47
2022-04-26 01:55:01,811 [2bf912ba-2a06-41a3-b1d6-bf04ad40fbe7@group-3B87E1700DD4-LeaderElection47] INFO  impl.LeaderElection (LeaderElection.java:askForVotes(306)) - 2bf912ba-2a06-41a3-b1d6-bf04ad40fbe7@group-3B87E1700DD4-LeaderElection47 ELECTION round 0: submit vote requests at term 1 for -1: [2bf912ba-2a06-41a3-b1d6-bf04ad40fbe7|rpc:10.1.0.42:36263|priority:1], old=null
2022-04-26 01:55:01,811 [2bf912ba-2a06-41a3-b1d6-bf04ad40fbe7@group-3B87E1700DD4-LeaderElection47] INFO  impl.LeaderElection (LeaderElection.java:askForVotes(308)) - 2bf912ba-2a06-41a3-b1d6-bf04ad40fbe7@group-3B87E1700DD4-LeaderElection47 ELECTION round 0: result PASSED (term=1)
2022-04-26 01:55:01,811 [2bf912ba-2a06-41a3-b1d6-bf04ad40fbe7@group-3B87E1700DD4-LeaderElection47] INFO  impl.RoleInfo (RoleInfo.java:shutdownLeaderElection(121)) - 2bf912ba-2a06-41a3-b1d6-bf04ad40fbe7: shutdown 2bf912ba-2a06-41a3-b1d6-bf04ad40fbe7@group-3B87E1700DD4-LeaderElection47
2022-04-26 01:55:01,811 [2bf912ba-2a06-41a3-b1d6-bf04ad40fbe7@group-3B87E1700DD4-LeaderElection47] INFO  server.RaftServer$Division (RaftServerImpl.java:setRole(290)) - 2bf912ba-2a06-41a3-b1d6-bf04ad40fbe7@group-3B87E1700DD4: changes role from CANDIDATE to LEADER at term 1 for changeToLeader
2022-04-26 01:55:01,811 [2bf912ba-2a06-41a3-b1d6-bf04ad40fbe7@group-3B87E1700DD4-LeaderElection47] INFO  ratis.XceiverServerRatis (XceiverServerRatis.java:handleLeaderChangedNotification(863)) - Leader change notification received for group: group-3B87E1700DD4 with new leaderId: 2bf912ba-2a06-41a3-b1d6-bf04ad40fbe7
2022-04-26 01:55:01,811 [2bf912ba-2a06-41a3-b1d6-bf04ad40fbe7@group-3B87E1700DD4-LeaderElection47] INFO  server.RaftServer$Division (ServerState.java:setLeader(285)) - 2bf912ba-2a06-41a3-b1d6-bf04ad40fbe7@group-3B87E1700DD4: change Leader from null to 2bf912ba-2a06-41a3-b1d6-bf04ad40fbe7 at term 1 for becomeLeader, leader elected after 5141ms
2022-04-26 01:55:01,812 [2bf912ba-2a06-41a3-b1d6-bf04ad40fbe7@group-3B87E1700DD4-LeaderElection47] INFO  server.RaftServerConfigKeys (ConfUtils.java:logGet(44)) - raft.server.staging.catchup.gap = 1000 (default)
2022-04-26 01:55:01,812 [2bf912ba-2a06-41a3-b1d6-bf04ad40fbe7@group-3B87E1700DD4-LeaderElection47] INFO  server.RaftServerConfigKeys (ConfUtils.java:logGet(44)) - raft.server.write.element-limit = 1024 (custom)
2022-04-26 01:55:01,812 [2bf912ba-2a06-41a3-b1d6-bf04ad40fbe7@group-3B87E1700DD4-LeaderElection47] INFO  server.RaftServerConfigKeys (ConfUtils.java:logGet(44)) - raft.server.write.byte-limit = 1024 M (=1073741824) (custom)
2022-04-26 01:55:01,812 [2bf912ba-2a06-41a3-b1d6-bf04ad40fbe7@group-3B87E1700DD4-LeaderElection47] INFO  server.RaftServerConfigKeys (ConfUtils.java:logGet(44)) - raft.server.watch.timeout = 180s (custom)
2022-04-26 01:55:01,812 [2bf912ba-2a06-41a3-b1d6-bf04ad40fbe7@group-3B87E1700DD4-LeaderElection47] INFO  server.RaftServerConfigKeys (ConfUtils.java:logGet(44)) - raft.server.watch.timeout.denomination = 1s (default)
2022-04-26 01:55:01,812 [2bf912ba-2a06-41a3-b1d6-bf04ad40fbe7@group-3B87E1700DD4-LeaderElection47] INFO  server.RaftServerConfigKeys (ConfUtils.java:logGet(44)) - raft.server.watch.element-limit = 65536 (default)
2022-04-26 01:55:01,812 [2bf912ba-2a06-41a3-b1d6-bf04ad40fbe7@group-3B87E1700DD4-LeaderElection47] INFO  server.RaftServerConfigKeys (ConfUtils.java:logGet(44)) - raft.server.write.element-limit = 1024 (custom)
2022-04-26 01:55:01,812 [2bf912ba-2a06-41a3-b1d6-bf04ad40fbe7@group-3B87E1700DD4-LeaderElection47] INFO  server.RaftServerConfigKeys (ConfUtils.java:logGet(44)) - raft.server.write.follower.gap.ratio.max = -1.0 (default)
2022-04-26 01:55:01,812 [2bf912ba-2a06-41a3-b1d6-bf04ad40fbe7@group-3B87E1700DD4-LeaderElection47] INFO  impl.RoleInfo (RoleInfo.java:updateAndGet(130)) - 2bf912ba-2a06-41a3-b1d6-bf04ad40fbe7: start 2bf912ba-2a06-41a3-b1d6-bf04ad40fbe7@group-3B87E1700DD4-LeaderStateImpl
2022-04-26 01:55:01,813 [EventQueue-OpenPipelineForHealthyPipelineSafeModeRule] INFO  safemode.SCMSafeModeManager (HealthyPipelineSafeModeRule.java:process(124)) - SCM in safe mode. Healthy pipelines reported count is 0, required healthy pipeline reported count is 1
2022-04-26 01:55:01,813 [2bf912ba-2a06-41a3-b1d6-bf04ad40fbe7@group-3B87E1700DD4-LeaderElection47] INFO  segmented.SegmentedRaftLogWorker (SegmentedRaftLogWorker.java:startLogSegment(394)) - 2bf912ba-2a06-41a3-b1d6-bf04ad40fbe7@group-3B87E1700DD4-SegmentedRaftLogWorker: Starting segment from index:0
2022-04-26 01:55:01,814 [2bf912ba-2a06-41a3-b1d6-bf04ad40fbe7@group-3B87E1700DD4-SegmentedRaftLogWorker] INFO  segmented.SegmentedRaftLogWorker (SegmentedRaftLogWorker.java:execute(601)) - 2bf912ba-2a06-41a3-b1d6-bf04ad40fbe7@group-3B87E1700DD4-SegmentedRaftLogWorker: created new log segment /home/runner/work/ozone/ozone/hadoop-ozone/integration-test/target/test-dir/MiniOzoneClusterImpl-b265c8eb-45a8-4330-a699-f70d21251437/datanode-0/data/ratis/96c29aab-e4e8-4f88-b2d0-3b87e1700dd4/current/log_inprogress_0
2022-04-26 01:55:01,826 [2bf912ba-2a06-41a3-b1d6-bf04ad40fbe7@group-3B87E1700DD4-LeaderElection47] INFO  server.RaftServer$Division (ServerState.java:setRaftConf(387)) - 2bf912ba-2a06-41a3-b1d6-bf04ad40fbe7@group-3B87E1700DD4: set configuration 0: [2bf912ba-2a06-41a3-b1d6-bf04ad40fbe7|rpc:10.1.0.42:36263|dataStream:|priority:1], old=null
2022-04-26 01:55:01,893 [2bf912ba-2a06-41a3-b1d6-bf04ad40fbe7@group-A382EEA17D82-FollowerState] INFO  impl.FollowerState (FollowerState.java:run(134)) - 2bf912ba-2a06-41a3-b1d6-bf04ad40fbe7@group-A382EEA17D82-FollowerState: change to CANDIDATE, lastRpcElapsedTime:5137171220ns, electionTimeout:5129ms
2022-04-26 01:55:01,893 [2bf912ba-2a06-41a3-b1d6-bf04ad40fbe7@group-A382EEA17D82-FollowerState] INFO  impl.RoleInfo (RoleInfo.java:shutdownFollowerState(108)) - 2bf912ba-2a06-41a3-b1d6-bf04ad40fbe7: shutdown 2bf912ba-2a06-41a3-b1d6-bf04ad40fbe7@group-A382EEA17D82-FollowerState
2022-04-26 01:55:01,893 [2bf912ba-2a06-41a3-b1d6-bf04ad40fbe7@group-A382EEA17D82-FollowerState] INFO  server.RaftServer$Division (RaftServerImpl.java:setRole(290)) - 2bf912ba-2a06-41a3-b1d6-bf04ad40fbe7@group-A382EEA17D82: changes role from  FOLLOWER to CANDIDATE at term 0 for changeToCandidate
2022-04-26 01:55:01,893 [2bf912ba-2a06-41a3-b1d6-bf04ad40fbe7@group-A382EEA17D82-FollowerState] INFO  server.RaftServerConfigKeys (ConfUtils.java:logGet(44)) - raft.server.leaderelection.pre-vote = false (custom)
2022-04-26 01:55:01,893 [2bf912ba-2a06-41a3-b1d6-bf04ad40fbe7@group-A382EEA17D82-FollowerState] INFO  impl.RoleInfo (RoleInfo.java:updateAndGet(130)) - 2bf912ba-2a06-41a3-b1d6-bf04ad40fbe7: start 2bf912ba-2a06-41a3-b1d6-bf04ad40fbe7@group-A382EEA17D82-LeaderElection48
2022-04-26 01:55:01,939 [2bf912ba-2a06-41a3-b1d6-bf04ad40fbe7@group-A382EEA17D82-LeaderElection48] INFO  impl.LeaderElection (LeaderElection.java:askForVotes(306)) - 2bf912ba-2a06-41a3-b1d6-bf04ad40fbe7@group-A382EEA17D82-LeaderElection48 ELECTION round 0: submit vote requests at term 1 for -1: [38feb0ec-788c-42ad-9852-eb5cbee3e7a8|rpc:10.1.0.42:43781|priority:0, a49f3fd7-aca1-41c1-ad3c-01adfe75912a|rpc:10.1.0.42:39407|priority:0, 2bf912ba-2a06-41a3-b1d6-bf04ad40fbe7|rpc:10.1.0.42:36263|priority:1], old=null
2022-04-26 01:55:01,986 [grpc-default-executor-0] INFO  server.RaftServer$Division (RaftServerImpl.java:requestVote(1046)) - 38feb0ec-788c-42ad-9852-eb5cbee3e7a8@group-A382EEA17D82: receive requestVote(ELECTION, 2bf912ba-2a06-41a3-b1d6-bf04ad40fbe7, group-A382EEA17D82, 1, (t:0, i:0))
2022-04-26 01:55:01,987 [grpc-default-executor-0] INFO  impl.VoteContext (VoteContext.java:log(48)) - 38feb0ec-788c-42ad-9852-eb5cbee3e7a8@group-A382EEA17D82-FOLLOWER: accept ELECTION from 2bf912ba-2a06-41a3-b1d6-bf04ad40fbe7: our priority 0 <= candidate's priority 1
2022-04-26 01:55:01,987 [grpc-default-executor-0] INFO  server.RaftServer$Division (RaftServerImpl.java:setRole(290)) - 38feb0ec-788c-42ad-9852-eb5cbee3e7a8@group-A382EEA17D82: changes role from  FOLLOWER to FOLLOWER at term 1 for candidate:2bf912ba-2a06-41a3-b1d6-bf04ad40fbe7
2022-04-26 01:55:01,987 [grpc-default-executor-0] INFO  impl.RoleInfo (RoleInfo.java:shutdownFollowerState(108)) - 38feb0ec-788c-42ad-9852-eb5cbee3e7a8: shutdown 38feb0ec-788c-42ad-9852-eb5cbee3e7a8@group-A382EEA17D82-FollowerState
2022-04-26 01:55:01,987 [grpc-default-executor-0] INFO  impl.RoleInfo (RoleInfo.java:updateAndGet(130)) - 38feb0ec-788c-42ad-9852-eb5cbee3e7a8: start 38feb0ec-788c-42ad-9852-eb5cbee3e7a8@group-A382EEA17D82-FollowerState
2022-04-26 01:55:01,987 [38feb0ec-788c-42ad-9852-eb5cbee3e7a8@group-A382EEA17D82-FollowerState] INFO  impl.FollowerState (FollowerState.java:run(143)) - 38feb0ec-788c-42ad-9852-eb5cbee3e7a8@group-A382EEA17D82-FollowerState was interrupted: {}
java.lang.InterruptedException: sleep interrupted
	at java.lang.Thread.sleep(Native Method)
	at java.lang.Thread.sleep(Thread.java:342)
	at java.util.concurrent.TimeUnit.sleep(TimeUnit.java:386)
	at org.apache.ratis.util.TimeDuration.sleep(TimeDuration.java:324)
	at org.apache.ratis.util.TimeDuration.sleep(TimeDuration.java:309)
	at org.apache.ratis.server.impl.FollowerState.run(FollowerState.java:118)
2022-04-26 01:55:01,990 [grpc-default-executor-0] INFO  server.RaftServer$Division (RaftServerImpl.java:requestVote(1078)) - 38feb0ec-788c-42ad-9852-eb5cbee3e7a8@group-A382EEA17D82 replies to ELECTION vote request: 2bf912ba-2a06-41a3-b1d6-bf04ad40fbe7<-38feb0ec-788c-42ad-9852-eb5cbee3e7a8#0:OK-t1. Peer's state: 38feb0ec-788c-42ad-9852-eb5cbee3e7a8@group-A382EEA17D82:t1, leader=null, voted=2bf912ba-2a06-41a3-b1d6-bf04ad40fbe7, raftlog=38feb0ec-788c-42ad-9852-eb5cbee3e7a8@group-A382EEA17D82-SegmentedRaftLog:OPENED:c-1, conf=-1: [38feb0ec-788c-42ad-9852-eb5cbee3e7a8|rpc:10.1.0.42:43781|dataStream:|priority:0, a49f3fd7-aca1-41c1-ad3c-01adfe75912a|rpc:10.1.0.42:39407|dataStream:|priority:0, 2bf912ba-2a06-41a3-b1d6-bf04ad40fbe7|rpc:10.1.0.42:36263|dataStream:|priority:1], old=null
2022-04-26 01:55:01,995 [grpc-default-executor-0] INFO  server.RaftServer$Division (RaftServerImpl.java:requestVote(1046)) - a49f3fd7-aca1-41c1-ad3c-01adfe75912a@group-A382EEA17D82: receive requestVote(ELECTION, 2bf912ba-2a06-41a3-b1d6-bf04ad40fbe7, group-A382EEA17D82, 1, (t:0, i:0))
2022-04-26 01:55:01,995 [grpc-default-executor-0] INFO  impl.VoteContext (VoteContext.java:log(48)) - a49f3fd7-aca1-41c1-ad3c-01adfe75912a@group-A382EEA17D82-FOLLOWER: accept ELECTION from 2bf912ba-2a06-41a3-b1d6-bf04ad40fbe7: our priority 0 <= candidate's priority 1
2022-04-26 01:55:01,995 [grpc-default-executor-0] INFO  server.RaftServer$Division (RaftServerImpl.java:setRole(290)) - a49f3fd7-aca1-41c1-ad3c-01adfe75912a@group-A382EEA17D82: changes role from  FOLLOWER to FOLLOWER at term 1 for candidate:2bf912ba-2a06-41a3-b1d6-bf04ad40fbe7
2022-04-26 01:55:01,995 [grpc-default-executor-0] INFO  impl.RoleInfo (RoleInfo.java:shutdownFollowerState(108)) - a49f3fd7-aca1-41c1-ad3c-01adfe75912a: shutdown a49f3fd7-aca1-41c1-ad3c-01adfe75912a@group-A382EEA17D82-FollowerState
2022-04-26 01:55:01,995 [grpc-default-executor-0] INFO  impl.RoleInfo (RoleInfo.java:updateAndGet(130)) - a49f3fd7-aca1-41c1-ad3c-01adfe75912a: start a49f3fd7-aca1-41c1-ad3c-01adfe75912a@group-A382EEA17D82-FollowerState
2022-04-26 01:55:01,995 [a49f3fd7-aca1-41c1-ad3c-01adfe75912a@group-A382EEA17D82-FollowerState] INFO  impl.FollowerState (FollowerState.java:run(143)) - a49f3fd7-aca1-41c1-ad3c-01adfe75912a@group-A382EEA17D82-FollowerState was interrupted: {}
java.lang.InterruptedException: sleep interrupted
	at java.lang.Thread.sleep(Native Method)
	at java.lang.Thread.sleep(Thread.java:342)
	at java.util.concurrent.TimeUnit.sleep(TimeUnit.java:386)
	at org.apache.ratis.util.TimeDuration.sleep(TimeDuration.java:324)
	at org.apache.ratis.util.TimeDuration.sleep(TimeDuration.java:309)
	at org.apache.ratis.server.impl.FollowerState.run(FollowerState.java:118)
2022-04-26 01:55:02,022 [grpc-default-executor-0] INFO  server.RaftServer$Division (RaftServerImpl.java:requestVote(1078)) - a49f3fd7-aca1-41c1-ad3c-01adfe75912a@group-A382EEA17D82 replies to ELECTION vote request: 2bf912ba-2a06-41a3-b1d6-bf04ad40fbe7<-a49f3fd7-aca1-41c1-ad3c-01adfe75912a#0:OK-t1. Peer's state: a49f3fd7-aca1-41c1-ad3c-01adfe75912a@group-A382EEA17D82:t1, leader=null, voted=2bf912ba-2a06-41a3-b1d6-bf04ad40fbe7, raftlog=a49f3fd7-aca1-41c1-ad3c-01adfe75912a@group-A382EEA17D82-SegmentedRaftLog:OPENED:c-1, conf=-1: [38feb0ec-788c-42ad-9852-eb5cbee3e7a8|rpc:10.1.0.42:43781|dataStream:|priority:0, a49f3fd7-aca1-41c1-ad3c-01adfe75912a|rpc:10.1.0.42:39407|dataStream:|priority:0, 2bf912ba-2a06-41a3-b1d6-bf04ad40fbe7|rpc:10.1.0.42:36263|dataStream:|priority:1], old=null
2022-04-26 01:55:02,025 [2bf912ba-2a06-41a3-b1d6-bf04ad40fbe7@group-A382EEA17D82-LeaderElection48] INFO  impl.LeaderElection (LeaderElection.java:logAndReturn(89)) - 2bf912ba-2a06-41a3-b1d6-bf04ad40fbe7@group-A382EEA17D82-LeaderElection48: ELECTION PASSED received 1 response(s) and 0 exception(s):
2022-04-26 01:55:02,025 [2bf912ba-2a06-41a3-b1d6-bf04ad40fbe7@group-A382EEA17D82-LeaderElection48] INFO  impl.LeaderElection (LeaderElection.java:logAndReturn(93)) -   Response 0: 2bf912ba-2a06-41a3-b1d6-bf04ad40fbe7<-38feb0ec-788c-42ad-9852-eb5cbee3e7a8#0:OK-t1
2022-04-26 01:55:02,025 [2bf912ba-2a06-41a3-b1d6-bf04ad40fbe7@group-A382EEA17D82-LeaderElection48] INFO  impl.LeaderElection (LeaderElection.java:askForVotes(308)) - 2bf912ba-2a06-41a3-b1d6-bf04ad40fbe7@group-A382EEA17D82-LeaderElection48 ELECTION round 0: result PASSED
2022-04-26 01:55:02,025 [2bf912ba-2a06-41a3-b1d6-bf04ad40fbe7@group-A382EEA17D82-LeaderElection48] INFO  impl.RoleInfo (RoleInfo.java:shutdownLeaderElection(121)) - 2bf912ba-2a06-41a3-b1d6-bf04ad40fbe7: shutdown 2bf912ba-2a06-41a3-b1d6-bf04ad40fbe7@group-A382EEA17D82-LeaderElection48
2022-04-26 01:55:02,025 [2bf912ba-2a06-41a3-b1d6-bf04ad40fbe7@group-A382EEA17D82-LeaderElection48] INFO  server.RaftServer$Division (RaftServerImpl.java:setRole(290)) - 2bf912ba-2a06-41a3-b1d6-bf04ad40fbe7@group-A382EEA17D82: changes role from CANDIDATE to LEADER at term 1 for changeToLeader
2022-04-26 01:55:02,025 [2bf912ba-2a06-41a3-b1d6-bf04ad40fbe7@group-A382EEA17D82-LeaderElection48] INFO  ratis.XceiverServerRatis (XceiverServerRatis.java:handleLeaderChangedNotification(863)) - Leader change notification received for group: group-A382EEA17D82 with new leaderId: 2bf912ba-2a06-41a3-b1d6-bf04ad40fbe7
2022-04-26 01:55:02,025 [2bf912ba-2a06-41a3-b1d6-bf04ad40fbe7@group-A382EEA17D82-LeaderElection48] INFO  server.RaftServer$Division (ServerState.java:setLeader(285)) - 2bf912ba-2a06-41a3-b1d6-bf04ad40fbe7@group-A382EEA17D82: change Leader from null to 2bf912ba-2a06-41a3-b1d6-bf04ad40fbe7 at term 1 for becomeLeader, leader elected after 5273ms
2022-04-26 01:55:02,026 [2bf912ba-2a06-41a3-b1d6-bf04ad40fbe7@group-A382EEA17D82-LeaderElection48] INFO  server.RaftServerConfigKeys (ConfUtils.java:logGet(44)) - raft.server.staging.catchup.gap = 1000 (default)
2022-04-26 01:55:02,026 [2bf912ba-2a06-41a3-b1d6-bf04ad40fbe7@group-A382EEA17D82-LeaderElection48] INFO  server.RaftServerConfigKeys (ConfUtils.java:logGet(44)) - raft.server.write.element-limit = 1024 (custom)
2022-04-26 01:55:02,026 [2bf912ba-2a06-41a3-b1d6-bf04ad40fbe7@group-A382EEA17D82-LeaderElection48] INFO  server.RaftServerConfigKeys (ConfUtils.java:logGet(44)) - raft.server.write.byte-limit = 1024 M (=1073741824) (custom)
2022-04-26 01:55:02,026 [2bf912ba-2a06-41a3-b1d6-bf04ad40fbe7@group-A382EEA17D82-LeaderElection48] INFO  server.RaftServerConfigKeys (ConfUtils.java:logGet(44)) - raft.server.watch.timeout = 180s (custom)
2022-04-26 01:55:02,026 [2bf912ba-2a06-41a3-b1d6-bf04ad40fbe7@group-A382EEA17D82-LeaderElection48] INFO  server.RaftServerConfigKeys (ConfUtils.java:logGet(44)) - raft.server.watch.timeout.denomination = 1s (default)
2022-04-26 01:55:02,026 [2bf912ba-2a06-41a3-b1d6-bf04ad40fbe7@group-A382EEA17D82-LeaderElection48] INFO  server.RaftServerConfigKeys (ConfUtils.java:logGet(44)) - raft.server.watch.element-limit = 65536 (default)
2022-04-26 01:55:02,026 [2bf912ba-2a06-41a3-b1d6-bf04ad40fbe7@group-A382EEA17D82-LeaderElection48] INFO  server.RaftServerConfigKeys (ConfUtils.java:logGet(44)) - raft.server.write.element-limit = 1024 (custom)
2022-04-26 01:55:02,026 [2bf912ba-2a06-41a3-b1d6-bf04ad40fbe7@group-A382EEA17D82-LeaderElection48] INFO  server.RaftServerConfigKeys (ConfUtils.java:logGet(44)) - raft.server.write.follower.gap.ratio.max = -1.0 (default)
2022-04-26 01:55:02,026 [2bf912ba-2a06-41a3-b1d6-bf04ad40fbe7@group-A382EEA17D82-LeaderElection48] INFO  server.RaftServerConfigKeys (ConfUtils.java:logGet(44)) - raft.server.log.appender.snapshot.chunk.size.max = 16MB (=16777216) (default)
2022-04-26 01:55:02,026 [2bf912ba-2a06-41a3-b1d6-bf04ad40fbe7@group-A382EEA17D82-LeaderElection48] INFO  server.RaftServerConfigKeys (ConfUtils.java:logGet(44)) - raft.server.log.appender.buffer.byte-limit = 33554432 (custom)
2022-04-26 01:55:02,026 [EventQueue-PipelineReportForPipelineReportHandler] INFO  pipeline.PipelineManagerImpl (PipelineManagerImpl.java:openPipeline(321)) - Pipeline Pipeline[ Id: 45f00a70-c545-4dbc-a032-a382eea17d82, Nodes: a49f3fd7-aca1-41c1-ad3c-01adfe75912a{ip: 10.1.0.42, host: fv-az50-870.grzltbmokehuzjyc5b133kdqgh.cx.internal.cloudapp.net, ports: [REPLICATION=43077, RATIS=39407, RATIS_ADMIN=39407, RATIS_SERVER=39407, STANDALONE=43813], networkLocation: /default-rack, certSerialId: null, persistedOpState: IN_SERVICE, persistedOpStateExpiryEpochSec: 0}2bf912ba-2a06-41a3-b1d6-bf04ad40fbe7{ip: 10.1.0.42, host: fv-az50-870.grzltbmokehuzjyc5b133kdqgh.cx.internal.cloudapp.net, ports: [REPLICATION=37775, RATIS=36263, RATIS_ADMIN=36263, RATIS_SERVER=36263, STANDALONE=39001], networkLocation: /default-rack, certSerialId: null, persistedOpState: IN_SERVICE, persistedOpStateExpiryEpochSec: 0}38feb0ec-788c-42ad-9852-eb5cbee3e7a8{ip: 10.1.0.42, host: fv-az50-870.grzltbmokehuzjyc5b133kdqgh.cx.internal.cloudapp.net, ports: [REPLICATION=38187, RATIS=43781, RATIS_ADMIN=43781, RATIS_SERVER=43781, STANDALONE=44739], networkLocation: /default-rack, certSerialId: null, persistedOpState: IN_SERVICE, persistedOpStateExpiryEpochSec: 0}, ReplicationConfig: RATIS/THREE, State:ALLOCATED, leaderId:2bf912ba-2a06-41a3-b1d6-bf04ad40fbe7, CreationTimestamp2022-04-26T01:54:54.850Z[Etc/UTC]] moved to OPEN state
2022-04-26 01:55:02,027 [2bf912ba-2a06-41a3-b1d6-bf04ad40fbe7@group-A382EEA17D82-LeaderElection48] INFO  server.RaftServerConfigKeys (ConfUtils.java:logGet(44)) - raft.server.log.appender.buffer.element-limit = 1 (custom)
2022-04-26 01:55:02,057 [2bf912ba-2a06-41a3-b1d6-bf04ad40fbe7@group-A382EEA17D82-LeaderElection48] INFO  grpc.GrpcConfigKeys (ConfUtils.java:logGet(44)) - raft.grpc.server.leader.outstanding.appends.max = 128 (default)
2022-04-26 01:55:02,057 [2bf912ba-2a06-41a3-b1d6-bf04ad40fbe7@group-A382EEA17D82-LeaderElection48] INFO  server.RaftServerConfigKeys (ConfUtils.java:logGet(44)) - raft.server.rpc.request.timeout = 60s (custom)
2022-04-26 01:55:02,057 [2bf912ba-2a06-41a3-b1d6-bf04ad40fbe7@group-A382EEA17D82-LeaderElection48] INFO  server.RaftServerConfigKeys (ConfUtils.java:logGet(44)) - raft.server.log.appender.install.snapshot.enabled = false (custom)
2022-04-26 01:55:02,058 [2bf912ba-2a06-41a3-b1d6-bf04ad40fbe7@group-A382EEA17D82-LeaderElection48] INFO  server.RaftServerConfigKeys (ConfUtils.java:logGet(44)) - raft.server.log.appender.snapshot.chunk.size.max = 16MB (=16777216) (default)
2022-04-26 01:55:02,058 [2bf912ba-2a06-41a3-b1d6-bf04ad40fbe7@group-A382EEA17D82-LeaderElection48] INFO  server.RaftServerConfigKeys (ConfUtils.java:logGet(44)) - raft.server.log.appender.buffer.byte-limit = 33554432 (custom)
2022-04-26 01:55:02,058 [2bf912ba-2a06-41a3-b1d6-bf04ad40fbe7@group-A382EEA17D82-LeaderElection48] INFO  server.RaftServerConfigKeys (ConfUtils.java:logGet(44)) - raft.server.log.appender.buffer.element-limit = 1 (custom)
2022-04-26 01:55:02,058 [2bf912ba-2a06-41a3-b1d6-bf04ad40fbe7@group-A382EEA17D82-LeaderElection48] INFO  grpc.GrpcConfigKeys (ConfUtils.java:logGet(44)) - raft.grpc.server.leader.outstanding.appends.max = 128 (default)
2022-04-26 01:55:02,059 [2bf912ba-2a06-41a3-b1d6-bf04ad40fbe7@group-A382EEA17D82-LeaderElection48] INFO  server.RaftServerConfigKeys (ConfUtils.java:logGet(44)) - raft.server.rpc.request.timeout = 60s (custom)
2022-04-26 01:55:02,059 [2bf912ba-2a06-41a3-b1d6-bf04ad40fbe7@group-A382EEA17D82-LeaderElection48] INFO  server.RaftServerConfigKeys (ConfUtils.java:logGet(44)) - raft.server.log.appender.install.snapshot.enabled = false (custom)
2022-04-26 01:55:02,059 [EventQueue-OpenPipelineForHealthyPipelineSafeModeRule] INFO  safemode.SCMSafeModeManager (HealthyPipelineSafeModeRule.java:process(124)) - SCM in safe mode. Healthy pipelines reported count is 0, required healthy pipeline reported count is 1
2022-04-26 01:55:02,059 [EventQueue-OpenPipelineForHealthyPipelineSafeModeRule] INFO  safemode.SCMSafeModeManager (HealthyPipelineSafeModeRule.java:process(124)) - SCM in safe mode. Healthy pipelines reported count is 1, required healthy pipeline reported count is 1
2022-04-26 01:55:02,059 [EventQueue-OpenPipelineForHealthyPipelineSafeModeRule] INFO  safemode.SCMSafeModeManager (SCMSafeModeManager.java:validateSafeModeExitRules(204)) - HealthyPipelineSafeModeRule rule is successfully validated
2022-04-26 01:55:02,059 [EventQueue-OpenPipelineForHealthyPipelineSafeModeRule] INFO  safemode.SCMSafeModeManager (SCMSafeModeManager.java:validateSafeModeExitRules(219)) - ScmSafeModeManager, all rules are successfully validated
2022-04-26 01:55:02,059 [EventQueue-OpenPipelineForHealthyPipelineSafeModeRule] INFO  safemode.SCMSafeModeManager (SCMSafeModeManager.java:exitSafeMode(248)) - SCM exiting safe mode.
2022-04-26 01:55:02,059 [EventQueue-OpenPipelineForHealthyPipelineSafeModeRule] WARN  events.EventQueue (EventQueue.java:fireEvent(194)) - No event handler registered for event TypedEvent{payloadType=SafeModeStatus, name='Safe mode status'}
2022-04-26 01:55:02,059 [EventQueue-OpenPipelineForHealthyPipelineSafeModeRule] INFO  ha.SCMContext (SCMContext.java:updateSafeModeStatus(211)) - Update SafeModeStatus from SafeModeStatus{safeModeStatus=true, preCheckPassed=true} to SafeModeStatus{safeModeStatus=false, preCheckPassed=true}.
2022-04-26 01:55:02,060 [EventQueue-OpenPipelineForHealthyPipelineSafeModeRule] INFO  pipeline.BackgroundPipelineCreator (BackgroundPipelineCreator.java:notifyStatusChanged(263)) - Service BackgroundPipelineCreator transitions to RUNNING.
2022-04-26 01:55:02,060 [EventQueue-OpenPipelineForHealthyPipelineSafeModeRule] INFO  container.ReplicationManager (ReplicationManager.java:notifyStatusChanged(1815)) - Service ReplicationManager transitions to RUNNING.
2022-04-26 01:55:02,060 [2bf912ba-2a06-41a3-b1d6-bf04ad40fbe7@group-A382EEA17D82-LeaderElection48] INFO  impl.RoleInfo (RoleInfo.java:updateAndGet(130)) - 2bf912ba-2a06-41a3-b1d6-bf04ad40fbe7: start 2bf912ba-2a06-41a3-b1d6-bf04ad40fbe7@group-A382EEA17D82-LeaderStateImpl
2022-04-26 01:55:02,060 [2bf912ba-2a06-41a3-b1d6-bf04ad40fbe7@group-A382EEA17D82-LeaderElection48] INFO  segmented.SegmentedRaftLogWorker (SegmentedRaftLogWorker.java:startLogSegment(394)) - 2bf912ba-2a06-41a3-b1d6-bf04ad40fbe7@group-A382EEA17D82-SegmentedRaftLogWorker: Starting segment from index:0
2022-04-26 01:55:02,061 [2bf912ba-2a06-41a3-b1d6-bf04ad40fbe7@group-A382EEA17D82-SegmentedRaftLogWorker] INFO  segmented.SegmentedRaftLogWorker (SegmentedRaftLogWorker.java:execute(601)) - 2bf912ba-2a06-41a3-b1d6-bf04ad40fbe7@group-A382EEA17D82-SegmentedRaftLogWorker: created new log segment /home/runner/work/ozone/ozone/hadoop-ozone/integration-test/target/test-dir/MiniOzoneClusterImpl-b265c8eb-45a8-4330-a699-f70d21251437/datanode-0/data/ratis/45f00a70-c545-4dbc-a032-a382eea17d82/current/log_inprogress_0
2022-04-26 01:55:02,071 [Listener at 127.0.0.1/35711] INFO  ozone.MiniOzoneClusterImpl (MiniOzoneClusterImpl.java:lambda$waitForClusterToBeReady$0(221)) - Nodes are ready. Got 5 of 5 DN Heartbeats.
2022-04-26 01:55:02,072 [Listener at 127.0.0.1/35711] INFO  ozone.MiniOzoneClusterImpl (MiniOzoneClusterImpl.java:lambda$waitForClusterToBeReady$0(224)) - Cluster exits safe mode
2022-04-26 01:55:02,072 [Listener at 127.0.0.1/35711] INFO  ozone.MiniOzoneClusterImpl (MiniOzoneClusterImpl.java:lambda$waitForClusterToBeReady$0(226)) - SCM became leader
2022-04-26 01:55:02,126 [2bf912ba-2a06-41a3-b1d6-bf04ad40fbe7@group-A382EEA17D82-LeaderElection48] INFO  server.RaftServer$Division (ServerState.java:setRaftConf(387)) - 2bf912ba-2a06-41a3-b1d6-bf04ad40fbe7@group-A382EEA17D82: set configuration 0: [38feb0ec-788c-42ad-9852-eb5cbee3e7a8|rpc:10.1.0.42:43781|dataStream:|priority:0, a49f3fd7-aca1-41c1-ad3c-01adfe75912a|rpc:10.1.0.42:39407|dataStream:|priority:0, 2bf912ba-2a06-41a3-b1d6-bf04ad40fbe7|rpc:10.1.0.42:36263|dataStream:|priority:1], old=null
2022-04-26 01:55:02,175 [grpc-default-executor-0] INFO  ratis.XceiverServerRatis (XceiverServerRatis.java:handleLeaderChangedNotification(863)) - Leader change notification received for group: group-A382EEA17D82 with new leaderId: 2bf912ba-2a06-41a3-b1d6-bf04ad40fbe7
2022-04-26 01:55:02,175 [grpc-default-executor-0] INFO  server.RaftServer$Division (ServerState.java:setLeader(285)) - 38feb0ec-788c-42ad-9852-eb5cbee3e7a8@group-A382EEA17D82: change Leader from null to 2bf912ba-2a06-41a3-b1d6-bf04ad40fbe7 at term 1 for appendEntries, leader elected after 5077ms
2022-04-26 01:55:02,194 [grpc-default-executor-1] INFO  ratis.XceiverServerRatis (XceiverServerRatis.java:handleLeaderChangedNotification(863)) - Leader change notification received for group: group-A382EEA17D82 with new leaderId: 2bf912ba-2a06-41a3-b1d6-bf04ad40fbe7
2022-04-26 01:55:02,194 [grpc-default-executor-1] INFO  server.RaftServer$Division (ServerState.java:setLeader(285)) - a49f3fd7-aca1-41c1-ad3c-01adfe75912a@group-A382EEA17D82: change Leader from null to 2bf912ba-2a06-41a3-b1d6-bf04ad40fbe7 at term 1 for appendEntries, leader elected after 5289ms
2022-04-26 01:55:02,194 [grpc-default-executor-0] INFO  server.RaftServer$Division (ServerState.java:setRaftConf(387)) - 38feb0ec-788c-42ad-9852-eb5cbee3e7a8@group-A382EEA17D82: set configuration 0: [38feb0ec-788c-42ad-9852-eb5cbee3e7a8|rpc:10.1.0.42:43781|dataStream:|priority:0, a49f3fd7-aca1-41c1-ad3c-01adfe75912a|rpc:10.1.0.42:39407|dataStream:|priority:0, 2bf912ba-2a06-41a3-b1d6-bf04ad40fbe7|rpc:10.1.0.42:36263|dataStream:|priority:1], old=null
2022-04-26 01:55:02,195 [grpc-default-executor-0] INFO  segmented.SegmentedRaftLogWorker (SegmentedRaftLogWorker.java:startLogSegment(394)) - 38feb0ec-788c-42ad-9852-eb5cbee3e7a8@group-A382EEA17D82-SegmentedRaftLogWorker: Starting segment from index:0
2022-04-26 01:55:02,196 [grpc-default-executor-1] INFO  server.RaftServer$Division (ServerState.java:setRaftConf(387)) - a49f3fd7-aca1-41c1-ad3c-01adfe75912a@group-A382EEA17D82: set configuration 0: [38feb0ec-788c-42ad-9852-eb5cbee3e7a8|rpc:10.1.0.42:43781|dataStream:|priority:0, a49f3fd7-aca1-41c1-ad3c-01adfe75912a|rpc:10.1.0.42:39407|dataStream:|priority:0, 2bf912ba-2a06-41a3-b1d6-bf04ad40fbe7|rpc:10.1.0.42:36263|dataStream:|priority:1], old=null
2022-04-26 01:55:02,197 [grpc-default-executor-1] INFO  segmented.SegmentedRaftLogWorker (SegmentedRaftLogWorker.java:startLogSegment(394)) - a49f3fd7-aca1-41c1-ad3c-01adfe75912a@group-A382EEA17D82-SegmentedRaftLogWorker: Starting segment from index:0
2022-04-26 01:55:02,200 [a49f3fd7-aca1-41c1-ad3c-01adfe75912a@group-A382EEA17D82-SegmentedRaftLogWorker] INFO  segmented.SegmentedRaftLogWorker (SegmentedRaftLogWorker.java:execute(601)) - a49f3fd7-aca1-41c1-ad3c-01adfe75912a@group-A382EEA17D82-SegmentedRaftLogWorker: created new log segment /home/runner/work/ozone/ozone/hadoop-ozone/integration-test/target/test-dir/MiniOzoneClusterImpl-b265c8eb-45a8-4330-a699-f70d21251437/datanode-2/data/ratis/45f00a70-c545-4dbc-a032-a382eea17d82/current/log_inprogress_0
2022-04-26 01:55:02,269 [38feb0ec-788c-42ad-9852-eb5cbee3e7a8@group-A382EEA17D82-SegmentedRaftLogWorker] INFO  segmented.SegmentedRaftLogWorker (SegmentedRaftLogWorker.java:execute(601)) - 38feb0ec-788c-42ad-9852-eb5cbee3e7a8@group-A382EEA17D82-SegmentedRaftLogWorker: created new log segment /home/runner/work/ozone/ozone/hadoop-ozone/integration-test/target/test-dir/MiniOzoneClusterImpl-b265c8eb-45a8-4330-a699-f70d21251437/datanode-1/data/ratis/45f00a70-c545-4dbc-a032-a382eea17d82/current/log_inprogress_0
2022-04-26 01:55:02,342 [Listener at 127.0.0.1/35711] INFO  rpc.RpcClient (RpcClient.java:createVolume(448)) - Creating Volume: volume11484, with user02711 as owner and space quota set to -1 bytes, counts quota set to -1
2022-04-26 01:55:02,343 [IPC Server handler 5 on default port 35711] INFO  volume.OMVolumeCreateRequest (OMVolumeCreateRequest.java:validateAndUpdateCache(195)) - created volume:volume11484 for user:user02711
2022-04-26 01:55:02,345 [38feb0ec-788c-42ad-9852-eb5cbee3e7a8@group-1E5E024634D1-FollowerState] INFO  impl.FollowerState (FollowerState.java:run(134)) - 38feb0ec-788c-42ad-9852-eb5cbee3e7a8@group-1E5E024634D1-FollowerState: change to CANDIDATE, lastRpcElapsedTime:5068845648ns, electionTimeout:5068ms
2022-04-26 01:55:02,345 [38feb0ec-788c-42ad-9852-eb5cbee3e7a8@group-1E5E024634D1-FollowerState] INFO  impl.RoleInfo (RoleInfo.java:shutdownFollowerState(108)) - 38feb0ec-788c-42ad-9852-eb5cbee3e7a8: shutdown 38feb0ec-788c-42ad-9852-eb5cbee3e7a8@group-1E5E024634D1-FollowerState
2022-04-26 01:55:02,345 [38feb0ec-788c-42ad-9852-eb5cbee3e7a8@group-1E5E024634D1-FollowerState] INFO  server.RaftServer$Division (RaftServerImpl.java:setRole(290)) - 38feb0ec-788c-42ad-9852-eb5cbee3e7a8@group-1E5E024634D1: changes role from  FOLLOWER to CANDIDATE at term 0 for changeToCandidate
2022-04-26 01:55:02,361 [2bf912ba-2a06-41a3-b1d6-bf04ad40fbe7@group-1E5E024634D1-FollowerState] INFO  impl.FollowerState (FollowerState.java:run(134)) - 2bf912ba-2a06-41a3-b1d6-bf04ad40fbe7@group-1E5E024634D1-FollowerState: change to CANDIDATE, lastRpcElapsedTime:5185154050ns, electionTimeout:5180ms
2022-04-26 01:55:02,361 [2bf912ba-2a06-41a3-b1d6-bf04ad40fbe7@group-1E5E024634D1-FollowerState] INFO  impl.RoleInfo (RoleInfo.java:shutdownFollowerState(108)) - 2bf912ba-2a06-41a3-b1d6-bf04ad40fbe7: shutdown 2bf912ba-2a06-41a3-b1d6-bf04ad40fbe7@group-1E5E024634D1-FollowerState
2022-04-26 01:55:02,361 [2bf912ba-2a06-41a3-b1d6-bf04ad40fbe7@group-1E5E024634D1-FollowerState] INFO  server.RaftServer$Division (RaftServerImpl.java:setRole(290)) - 2bf912ba-2a06-41a3-b1d6-bf04ad40fbe7@group-1E5E024634D1: changes role from  FOLLOWER to CANDIDATE at term 0 for changeToCandidate
2022-04-26 01:55:02,361 [2bf912ba-2a06-41a3-b1d6-bf04ad40fbe7@group-1E5E024634D1-FollowerState] INFO  server.RaftServerConfigKeys (ConfUtils.java:logGet(44)) - raft.server.leaderelection.pre-vote = false (custom)
2022-04-26 01:55:02,361 [2bf912ba-2a06-41a3-b1d6-bf04ad40fbe7@group-1E5E024634D1-FollowerState] INFO  impl.RoleInfo (RoleInfo.java:updateAndGet(130)) - 2bf912ba-2a06-41a3-b1d6-bf04ad40fbe7: start 2bf912ba-2a06-41a3-b1d6-bf04ad40fbe7@group-1E5E024634D1-LeaderElection50
2022-04-26 01:55:02,370 [38feb0ec-788c-42ad-9852-eb5cbee3e7a8@group-1E5E024634D1-FollowerState] INFO  server.RaftServerConfigKeys (ConfUtils.java:logGet(44)) - raft.server.leaderelection.pre-vote = false (custom)
2022-04-26 01:55:02,370 [38feb0ec-788c-42ad-9852-eb5cbee3e7a8@group-1E5E024634D1-FollowerState] INFO  impl.RoleInfo (RoleInfo.java:updateAndGet(130)) - 38feb0ec-788c-42ad-9852-eb5cbee3e7a8: start 38feb0ec-788c-42ad-9852-eb5cbee3e7a8@group-1E5E024634D1-LeaderElection49
2022-04-26 01:55:02,387 [2bf912ba-2a06-41a3-b1d6-bf04ad40fbe7@group-1E5E024634D1-LeaderElection50] INFO  impl.LeaderElection (LeaderElection.java:askForVotes(306)) - 2bf912ba-2a06-41a3-b1d6-bf04ad40fbe7@group-1E5E024634D1-LeaderElection50 ELECTION round 0: submit vote requests at term 1 for -1: [38feb0ec-788c-42ad-9852-eb5cbee3e7a8|rpc:10.1.0.42:43781|priority:0, a49f3fd7-aca1-41c1-ad3c-01adfe75912a|rpc:10.1.0.42:39407|priority:1, 2bf912ba-2a06-41a3-b1d6-bf04ad40fbe7|rpc:10.1.0.42:36263|priority:0], old=null
2022-04-26 01:55:02,404 [grpc-default-executor-0] INFO  server.RaftServer$Division (RaftServerImpl.java:requestVote(1046)) - 38feb0ec-788c-42ad-9852-eb5cbee3e7a8@group-1E5E024634D1: receive requestVote(ELECTION, 2bf912ba-2a06-41a3-b1d6-bf04ad40fbe7, group-1E5E024634D1, 1, (t:0, i:0))
2022-04-26 01:55:02,434 [38feb0ec-788c-42ad-9852-eb5cbee3e7a8@group-A7DCDB7B52E7-FollowerState] INFO  impl.FollowerState (FollowerState.java:run(134)) - 38feb0ec-788c-42ad-9852-eb5cbee3e7a8@group-A7DCDB7B52E7-FollowerState: change to CANDIDATE, lastRpcElapsedTime:5197774037ns, electionTimeout:5189ms
2022-04-26 01:55:02,435 [38feb0ec-788c-42ad-9852-eb5cbee3e7a8@group-A7DCDB7B52E7-FollowerState] INFO  impl.RoleInfo (RoleInfo.java:shutdownFollowerState(108)) - 38feb0ec-788c-42ad-9852-eb5cbee3e7a8: shutdown 38feb0ec-788c-42ad-9852-eb5cbee3e7a8@group-A7DCDB7B52E7-FollowerState
2022-04-26 01:55:02,435 [38feb0ec-788c-42ad-9852-eb5cbee3e7a8@group-A7DCDB7B52E7-FollowerState] INFO  server.RaftServer$Division (RaftServerImpl.java:setRole(290)) - 38feb0ec-788c-42ad-9852-eb5cbee3e7a8@group-A7DCDB7B52E7: changes role from  FOLLOWER to CANDIDATE at term 0 for changeToCandidate
2022-04-26 01:55:02,435 [38feb0ec-788c-42ad-9852-eb5cbee3e7a8@group-A7DCDB7B52E7-FollowerState] INFO  server.RaftServerConfigKeys (ConfUtils.java:logGet(44)) - raft.server.leaderelection.pre-vote = false (custom)
2022-04-26 01:55:02,435 [38feb0ec-788c-42ad-9852-eb5cbee3e7a8@group-A7DCDB7B52E7-FollowerState] INFO  impl.RoleInfo (RoleInfo.java:updateAndGet(130)) - 38feb0ec-788c-42ad-9852-eb5cbee3e7a8: start 38feb0ec-788c-42ad-9852-eb5cbee3e7a8@group-A7DCDB7B52E7-LeaderElection51
2022-04-26 01:55:02,435 [38feb0ec-788c-42ad-9852-eb5cbee3e7a8@group-1E5E024634D1-LeaderElection49] INFO  impl.LeaderElection (LeaderElection.java:askForVotes(306)) - 38feb0ec-788c-42ad-9852-eb5cbee3e7a8@group-1E5E024634D1-LeaderElection49 ELECTION round 0: submit vote requests at term 1 for -1: [38feb0ec-788c-42ad-9852-eb5cbee3e7a8|rpc:10.1.0.42:43781|priority:0, a49f3fd7-aca1-41c1-ad3c-01adfe75912a|rpc:10.1.0.42:39407|priority:1, 2bf912ba-2a06-41a3-b1d6-bf04ad40fbe7|rpc:10.1.0.42:36263|priority:0], old=null
2022-04-26 01:55:02,435 [grpc-default-executor-0] INFO  impl.VoteContext (VoteContext.java:log(48)) - 38feb0ec-788c-42ad-9852-eb5cbee3e7a8@group-1E5E024634D1-CANDIDATE: reject ELECTION from 2bf912ba-2a06-41a3-b1d6-bf04ad40fbe7: already has voted for 38feb0ec-788c-42ad-9852-eb5cbee3e7a8 at current term 1
2022-04-26 01:55:02,435 [grpc-default-executor-0] INFO  server.RaftServer$Division (RaftServerImpl.java:requestVote(1078)) - 38feb0ec-788c-42ad-9852-eb5cbee3e7a8@group-1E5E024634D1 replies to ELECTION vote request: 2bf912ba-2a06-41a3-b1d6-bf04ad40fbe7<-38feb0ec-788c-42ad-9852-eb5cbee3e7a8#0:FAIL-t1. Peer's state: 38feb0ec-788c-42ad-9852-eb5cbee3e7a8@group-1E5E024634D1:t1, leader=null, voted=38feb0ec-788c-42ad-9852-eb5cbee3e7a8, raftlog=38feb0ec-788c-42ad-9852-eb5cbee3e7a8@group-1E5E024634D1-SegmentedRaftLog:OPENED:c-1, conf=-1: [38feb0ec-788c-42ad-9852-eb5cbee3e7a8|rpc:10.1.0.42:43781|priority:0, a49f3fd7-aca1-41c1-ad3c-01adfe75912a|rpc:10.1.0.42:39407|priority:1, 2bf912ba-2a06-41a3-b1d6-bf04ad40fbe7|rpc:10.1.0.42:36263|priority:0], old=null
2022-04-26 01:55:02,484 [grpc-default-executor-1] INFO  server.RaftServer$Division (RaftServerImpl.java:requestVote(1046)) - a49f3fd7-aca1-41c1-ad3c-01adfe75912a@group-1E5E024634D1: receive requestVote(ELECTION, 2bf912ba-2a06-41a3-b1d6-bf04ad40fbe7, group-1E5E024634D1, 1, (t:0, i:0))
2022-04-26 01:55:02,484 [Listener at 127.0.0.1/35711] INFO  rpc.RpcClient (RpcClient.java:createBucket(637)) - Creating Bucket: volume11484/bucket58947, with runner as owner and Versioning false and Storage Type set to DISK and Encryption set to false 
2022-04-26 01:55:02,484 [grpc-default-executor-1] INFO  impl.VoteContext (VoteContext.java:log(48)) - a49f3fd7-aca1-41c1-ad3c-01adfe75912a@group-1E5E024634D1-FOLLOWER: reject ELECTION from 2bf912ba-2a06-41a3-b1d6-bf04ad40fbe7: our priority 1 > candidate's priority 0
2022-04-26 01:55:02,486 [grpc-default-executor-1] INFO  server.RaftServer$Division (RaftServerImpl.java:setRole(290)) - a49f3fd7-aca1-41c1-ad3c-01adfe75912a@group-1E5E024634D1: changes role from  FOLLOWER to FOLLOWER at term 1 for candidate:2bf912ba-2a06-41a3-b1d6-bf04ad40fbe7
2022-04-26 01:55:02,486 [grpc-default-executor-1] INFO  impl.RoleInfo (RoleInfo.java:shutdownFollowerState(108)) - a49f3fd7-aca1-41c1-ad3c-01adfe75912a: shutdown a49f3fd7-aca1-41c1-ad3c-01adfe75912a@group-1E5E024634D1-FollowerState
2022-04-26 01:55:02,486 [grpc-default-executor-1] INFO  impl.RoleInfo (RoleInfo.java:updateAndGet(130)) - a49f3fd7-aca1-41c1-ad3c-01adfe75912a: start a49f3fd7-aca1-41c1-ad3c-01adfe75912a@group-1E5E024634D1-FollowerState
2022-04-26 01:55:02,486 [a49f3fd7-aca1-41c1-ad3c-01adfe75912a@group-1E5E024634D1-FollowerState] INFO  impl.FollowerState (FollowerState.java:run(143)) - a49f3fd7-aca1-41c1-ad3c-01adfe75912a@group-1E5E024634D1-FollowerState was interrupted: {}
java.lang.InterruptedException: sleep interrupted
	at java.lang.Thread.sleep(Native Method)
	at java.lang.Thread.sleep(Thread.java:342)
	at java.util.concurrent.TimeUnit.sleep(TimeUnit.java:386)
	at org.apache.ratis.util.TimeDuration.sleep(TimeDuration.java:324)
	at org.apache.ratis.util.TimeDuration.sleep(TimeDuration.java:309)
	at org.apache.ratis.server.impl.FollowerState.run(FollowerState.java:118)
2022-04-26 01:55:02,487 [38feb0ec-788c-42ad-9852-eb5cbee3e7a8@group-A7DCDB7B52E7-LeaderElection51] INFO  impl.LeaderElection (LeaderElection.java:askForVotes(306)) - 38feb0ec-788c-42ad-9852-eb5cbee3e7a8@group-A7DCDB7B52E7-LeaderElection51 ELECTION round 0: submit vote requests at term 1 for -1: [38feb0ec-788c-42ad-9852-eb5cbee3e7a8|rpc:10.1.0.42:43781|priority:1], old=null
2022-04-26 01:55:02,487 [38feb0ec-788c-42ad-9852-eb5cbee3e7a8@group-A7DCDB7B52E7-LeaderElection51] INFO  impl.LeaderElection (LeaderElection.java:askForVotes(308)) - 38feb0ec-788c-42ad-9852-eb5cbee3e7a8@group-A7DCDB7B52E7-LeaderElection51 ELECTION round 0: result PASSED (term=1)
2022-04-26 01:55:02,487 [38feb0ec-788c-42ad-9852-eb5cbee3e7a8@group-A7DCDB7B52E7-LeaderElection51] INFO  impl.RoleInfo (RoleInfo.java:shutdownLeaderElection(121)) - 38feb0ec-788c-42ad-9852-eb5cbee3e7a8: shutdown 38feb0ec-788c-42ad-9852-eb5cbee3e7a8@group-A7DCDB7B52E7-LeaderElection51
2022-04-26 01:55:02,487 [38feb0ec-788c-42ad-9852-eb5cbee3e7a8@group-A7DCDB7B52E7-LeaderElection51] INFO  server.RaftServer$Division (RaftServerImpl.java:setRole(290)) - 38feb0ec-788c-42ad-9852-eb5cbee3e7a8@group-A7DCDB7B52E7: changes role from CANDIDATE to LEADER at term 1 for changeToLeader
2022-04-26 01:55:02,487 [38feb0ec-788c-42ad-9852-eb5cbee3e7a8@group-A7DCDB7B52E7-LeaderElection51] INFO  ratis.XceiverServerRatis (XceiverServerRatis.java:handleLeaderChangedNotification(863)) - Leader change notification received for group: group-A7DCDB7B52E7 with new leaderId: 38feb0ec-788c-42ad-9852-eb5cbee3e7a8
2022-04-26 01:55:02,497 [grpc-default-executor-1] INFO  server.RaftServer$Division (RaftServerImpl.java:requestVote(1078)) - a49f3fd7-aca1-41c1-ad3c-01adfe75912a@group-1E5E024634D1 replies to ELECTION vote request: 2bf912ba-2a06-41a3-b1d6-bf04ad40fbe7<-a49f3fd7-aca1-41c1-ad3c-01adfe75912a#0:FAIL-t1. Peer's state: a49f3fd7-aca1-41c1-ad3c-01adfe75912a@group-1E5E024634D1:t1, leader=null, voted=null, raftlog=a49f3fd7-aca1-41c1-ad3c-01adfe75912a@group-1E5E024634D1-SegmentedRaftLog:OPENED:c-1, conf=-1: [38feb0ec-788c-42ad-9852-eb5cbee3e7a8|rpc:10.1.0.42:43781|dataStream:|priority:0, a49f3fd7-aca1-41c1-ad3c-01adfe75912a|rpc:10.1.0.42:39407|dataStream:|priority:1, 2bf912ba-2a06-41a3-b1d6-bf04ad40fbe7|rpc:10.1.0.42:36263|dataStream:|priority:0], old=null
2022-04-26 01:55:02,498 [2bf912ba-2a06-41a3-b1d6-bf04ad40fbe7@group-1E5E024634D1-LeaderElection50] INFO  impl.LeaderElection (LeaderElection.java:logAndReturn(89)) - 2bf912ba-2a06-41a3-b1d6-bf04ad40fbe7@group-1E5E024634D1-LeaderElection50: ELECTION REJECTED received 2 response(s) and 0 exception(s):
2022-04-26 01:55:02,498 [2bf912ba-2a06-41a3-b1d6-bf04ad40fbe7@group-1E5E024634D1-LeaderElection50] INFO  impl.LeaderElection (LeaderElection.java:logAndReturn(93)) -   Response 0: 2bf912ba-2a06-41a3-b1d6-bf04ad40fbe7<-38feb0ec-788c-42ad-9852-eb5cbee3e7a8#0:FAIL-t1
2022-04-26 01:55:02,498 [2bf912ba-2a06-41a3-b1d6-bf04ad40fbe7@group-1E5E024634D1-LeaderElection50] INFO  impl.LeaderElection (LeaderElection.java:logAndReturn(93)) -   Response 1: 2bf912ba-2a06-41a3-b1d6-bf04ad40fbe7<-a49f3fd7-aca1-41c1-ad3c-01adfe75912a#0:FAIL-t1
2022-04-26 01:55:02,499 [2bf912ba-2a06-41a3-b1d6-bf04ad40fbe7@group-1E5E024634D1-LeaderElection50] INFO  impl.LeaderElection (LeaderElection.java:askForVotes(308)) - 2bf912ba-2a06-41a3-b1d6-bf04ad40fbe7@group-1E5E024634D1-LeaderElection50 ELECTION round 0: result REJECTED
2022-04-26 01:55:02,499 [2bf912ba-2a06-41a3-b1d6-bf04ad40fbe7@group-1E5E024634D1-LeaderElection50] INFO  server.RaftServer$Division (RaftServerImpl.java:setRole(290)) - 2bf912ba-2a06-41a3-b1d6-bf04ad40fbe7@group-1E5E024634D1: changes role from CANDIDATE to FOLLOWER at term 1 for REJECTED
2022-04-26 01:55:02,499 [2bf912ba-2a06-41a3-b1d6-bf04ad40fbe7@group-1E5E024634D1-LeaderElection50] INFO  impl.RoleInfo (RoleInfo.java:shutdownLeaderElection(121)) - 2bf912ba-2a06-41a3-b1d6-bf04ad40fbe7: shutdown 2bf912ba-2a06-41a3-b1d6-bf04ad40fbe7@group-1E5E024634D1-LeaderElection50
2022-04-26 01:55:02,499 [2bf912ba-2a06-41a3-b1d6-bf04ad40fbe7@group-1E5E024634D1-LeaderElection50] INFO  impl.RoleInfo (RoleInfo.java:updateAndGet(130)) - 2bf912ba-2a06-41a3-b1d6-bf04ad40fbe7: start 2bf912ba-2a06-41a3-b1d6-bf04ad40fbe7@group-1E5E024634D1-FollowerState
2022-04-26 01:55:02,527 [38feb0ec-788c-42ad-9852-eb5cbee3e7a8@group-A7DCDB7B52E7-LeaderElection51] INFO  server.RaftServer$Division (ServerState.java:setLeader(285)) - 38feb0ec-788c-42ad-9852-eb5cbee3e7a8@group-A7DCDB7B52E7: change Leader from null to 38feb0ec-788c-42ad-9852-eb5cbee3e7a8 at term 1 for becomeLeader, leader elected after 5282ms
2022-04-26 01:55:02,527 [38feb0ec-788c-42ad-9852-eb5cbee3e7a8@group-A7DCDB7B52E7-LeaderElection51] INFO  server.RaftServerConfigKeys (ConfUtils.java:logGet(44)) - raft.server.staging.catchup.gap = 1000 (default)
2022-04-26 01:55:02,528 [38feb0ec-788c-42ad-9852-eb5cbee3e7a8@group-A7DCDB7B52E7-LeaderElection51] INFO  server.RaftServerConfigKeys (ConfUtils.java:logGet(44)) - raft.server.write.element-limit = 1024 (custom)
2022-04-26 01:55:02,528 [38feb0ec-788c-42ad-9852-eb5cbee3e7a8@group-A7DCDB7B52E7-LeaderElection51] INFO  server.RaftServerConfigKeys (ConfUtils.java:logGet(44)) - raft.server.write.byte-limit = 1024 M (=1073741824) (custom)
2022-04-26 01:55:02,528 [38feb0ec-788c-42ad-9852-eb5cbee3e7a8@group-A7DCDB7B52E7-LeaderElection51] INFO  server.RaftServerConfigKeys (ConfUtils.java:logGet(44)) - raft.server.watch.timeout = 180s (custom)
2022-04-26 01:55:02,528 [38feb0ec-788c-42ad-9852-eb5cbee3e7a8@group-A7DCDB7B52E7-LeaderElection51] INFO  server.RaftServerConfigKeys (ConfUtils.java:logGet(44)) - raft.server.watch.timeout.denomination = 1s (default)
2022-04-26 01:55:02,528 [38feb0ec-788c-42ad-9852-eb5cbee3e7a8@group-A7DCDB7B52E7-LeaderElection51] INFO  server.RaftServerConfigKeys (ConfUtils.java:logGet(44)) - raft.server.watch.element-limit = 65536 (default)
2022-04-26 01:55:02,528 [38feb0ec-788c-42ad-9852-eb5cbee3e7a8@group-A7DCDB7B52E7-LeaderElection51] INFO  server.RaftServerConfigKeys (ConfUtils.java:logGet(44)) - raft.server.write.element-limit = 1024 (custom)
2022-04-26 01:55:02,528 [38feb0ec-788c-42ad-9852-eb5cbee3e7a8@group-A7DCDB7B52E7-LeaderElection51] INFO  server.RaftServerConfigKeys (ConfUtils.java:logGet(44)) - raft.server.write.follower.gap.ratio.max = -1.0 (default)
2022-04-26 01:55:02,528 [38feb0ec-788c-42ad-9852-eb5cbee3e7a8@group-A7DCDB7B52E7-LeaderElection51] INFO  impl.RoleInfo (RoleInfo.java:updateAndGet(130)) - 38feb0ec-788c-42ad-9852-eb5cbee3e7a8: start 38feb0ec-788c-42ad-9852-eb5cbee3e7a8@group-A7DCDB7B52E7-LeaderStateImpl
2022-04-26 01:55:02,529 [38feb0ec-788c-42ad-9852-eb5cbee3e7a8@group-A7DCDB7B52E7-LeaderElection51] INFO  segmented.SegmentedRaftLogWorker (SegmentedRaftLogWorker.java:startLogSegment(394)) - 38feb0ec-788c-42ad-9852-eb5cbee3e7a8@group-A7DCDB7B52E7-SegmentedRaftLogWorker: Starting segment from index:0
2022-04-26 01:55:02,533 [38feb0ec-788c-42ad-9852-eb5cbee3e7a8@group-A7DCDB7B52E7-SegmentedRaftLogWorker] INFO  segmented.SegmentedRaftLogWorker (SegmentedRaftLogWorker.java:execute(601)) - 38feb0ec-788c-42ad-9852-eb5cbee3e7a8@group-A7DCDB7B52E7-SegmentedRaftLogWorker: created new log segment /home/runner/work/ozone/ozone/hadoop-ozone/integration-test/target/test-dir/MiniOzoneClusterImpl-b265c8eb-45a8-4330-a699-f70d21251437/datanode-1/data/ratis/2e3cb259-4367-432a-bde3-a7dcdb7b52e7/current/log_inprogress_0
2022-04-26 01:55:02,554 [38feb0ec-788c-42ad-9852-eb5cbee3e7a8@group-A7DCDB7B52E7-LeaderElection51] INFO  server.RaftServer$Division (ServerState.java:setRaftConf(387)) - 38feb0ec-788c-42ad-9852-eb5cbee3e7a8@group-A7DCDB7B52E7: set configuration 0: [38feb0ec-788c-42ad-9852-eb5cbee3e7a8|rpc:10.1.0.42:43781|dataStream:|priority:1], old=null
2022-04-26 01:55:02,578 [IPC Server handler 3 on default port 35711] INFO  bucket.OMBucketCreateRequest (OMBucketCreateRequest.java:validateAndUpdateCache(258)) - created bucket: bucket58947 of layout LEGACY in volume: volume11484
2022-04-26 01:55:02,554 [grpc-default-executor-0] INFO  server.RaftServer$Division (RaftServerImpl.java:requestVote(1046)) - 2bf912ba-2a06-41a3-b1d6-bf04ad40fbe7@group-1E5E024634D1: receive requestVote(ELECTION, 38feb0ec-788c-42ad-9852-eb5cbee3e7a8, group-1E5E024634D1, 1, (t:0, i:0))
2022-04-26 01:55:02,578 [grpc-default-executor-0] INFO  impl.VoteContext (VoteContext.java:log(48)) - 2bf912ba-2a06-41a3-b1d6-bf04ad40fbe7@group-1E5E024634D1-FOLLOWER: reject ELECTION from 38feb0ec-788c-42ad-9852-eb5cbee3e7a8: already has voted for 2bf912ba-2a06-41a3-b1d6-bf04ad40fbe7 at current term 1
2022-04-26 01:55:02,578 [grpc-default-executor-0] INFO  server.RaftServer$Division (RaftServerImpl.java:requestVote(1078)) - 2bf912ba-2a06-41a3-b1d6-bf04ad40fbe7@group-1E5E024634D1 replies to ELECTION vote request: 38feb0ec-788c-42ad-9852-eb5cbee3e7a8<-2bf912ba-2a06-41a3-b1d6-bf04ad40fbe7#0:FAIL-t1. Peer's state: 2bf912ba-2a06-41a3-b1d6-bf04ad40fbe7@group-1E5E024634D1:t1, leader=null, voted=2bf912ba-2a06-41a3-b1d6-bf04ad40fbe7, raftlog=2bf912ba-2a06-41a3-b1d6-bf04ad40fbe7@group-1E5E024634D1-SegmentedRaftLog:OPENED:c-1, conf=-1: [38feb0ec-788c-42ad-9852-eb5cbee3e7a8|rpc:10.1.0.42:43781|priority:0, a49f3fd7-aca1-41c1-ad3c-01adfe75912a|rpc:10.1.0.42:39407|priority:1, 2bf912ba-2a06-41a3-b1d6-bf04ad40fbe7|rpc:10.1.0.42:36263|priority:0], old=null
2022-04-26 01:55:02,579 [grpc-default-executor-1] INFO  server.RaftServer$Division (RaftServerImpl.java:requestVote(1046)) - a49f3fd7-aca1-41c1-ad3c-01adfe75912a@group-1E5E024634D1: receive requestVote(ELECTION, 38feb0ec-788c-42ad-9852-eb5cbee3e7a8, group-1E5E024634D1, 1, (t:0, i:0))
2022-04-26 01:55:02,579 [grpc-default-executor-1] INFO  impl.VoteContext (VoteContext.java:log(48)) - a49f3fd7-aca1-41c1-ad3c-01adfe75912a@group-1E5E024634D1-FOLLOWER: reject ELECTION from 38feb0ec-788c-42ad-9852-eb5cbee3e7a8: our priority 1 > candidate's priority 0
2022-04-26 01:55:02,579 [grpc-default-executor-1] INFO  server.RaftServer$Division (RaftServerImpl.java:setRole(290)) - a49f3fd7-aca1-41c1-ad3c-01adfe75912a@group-1E5E024634D1: changes role from  FOLLOWER to FOLLOWER at term 1 for candidate:38feb0ec-788c-42ad-9852-eb5cbee3e7a8
2022-04-26 01:55:02,579 [grpc-default-executor-1] INFO  impl.RoleInfo (RoleInfo.java:shutdownFollowerState(108)) - a49f3fd7-aca1-41c1-ad3c-01adfe75912a: shutdown a49f3fd7-aca1-41c1-ad3c-01adfe75912a@group-1E5E024634D1-FollowerState
2022-04-26 01:55:02,579 [grpc-default-executor-1] INFO  impl.RoleInfo (RoleInfo.java:updateAndGet(130)) - a49f3fd7-aca1-41c1-ad3c-01adfe75912a: start a49f3fd7-aca1-41c1-ad3c-01adfe75912a@group-1E5E024634D1-FollowerState
2022-04-26 01:55:02,580 [a49f3fd7-aca1-41c1-ad3c-01adfe75912a@group-1E5E024634D1-FollowerState] INFO  impl.FollowerState (FollowerState.java:run(143)) - a49f3fd7-aca1-41c1-ad3c-01adfe75912a@group-1E5E024634D1-FollowerState was interrupted: {}
java.lang.InterruptedException: sleep interrupted
	at java.lang.Thread.sleep(Native Method)
	at java.lang.Thread.sleep(Thread.java:342)
	at java.util.concurrent.TimeUnit.sleep(TimeUnit.java:386)
	at org.apache.ratis.util.TimeDuration.sleep(TimeDuration.java:324)
	at org.apache.ratis.util.TimeDuration.sleep(TimeDuration.java:309)
	at org.apache.ratis.server.impl.FollowerState.run(FollowerState.java:118)
2022-04-26 01:55:02,585 [grpc-default-executor-1] INFO  server.RaftServer$Division (RaftServerImpl.java:requestVote(1078)) - a49f3fd7-aca1-41c1-ad3c-01adfe75912a@group-1E5E024634D1 replies to ELECTION vote request: 38feb0ec-788c-42ad-9852-eb5cbee3e7a8<-a49f3fd7-aca1-41c1-ad3c-01adfe75912a#0:FAIL-t1. Peer's state: a49f3fd7-aca1-41c1-ad3c-01adfe75912a@group-1E5E024634D1:t1, leader=null, voted=null, raftlog=a49f3fd7-aca1-41c1-ad3c-01adfe75912a@group-1E5E024634D1-SegmentedRaftLog:OPENED:c-1, conf=-1: [38feb0ec-788c-42ad-9852-eb5cbee3e7a8|rpc:10.1.0.42:43781|dataStream:|priority:0, a49f3fd7-aca1-41c1-ad3c-01adfe75912a|rpc:10.1.0.42:39407|dataStream:|priority:1, 2bf912ba-2a06-41a3-b1d6-bf04ad40fbe7|rpc:10.1.0.42:36263|dataStream:|priority:0], old=null
2022-04-26 01:55:02,607 [38feb0ec-788c-42ad-9852-eb5cbee3e7a8@group-1E5E024634D1-LeaderElection49] INFO  impl.LeaderElection (LeaderElection.java:logAndReturn(89)) - 38feb0ec-788c-42ad-9852-eb5cbee3e7a8@group-1E5E024634D1-LeaderElection49: ELECTION REJECTED received 2 response(s) and 0 exception(s):
2022-04-26 01:55:02,607 [38feb0ec-788c-42ad-9852-eb5cbee3e7a8@group-1E5E024634D1-LeaderElection49] INFO  impl.LeaderElection (LeaderElection.java:logAndReturn(93)) -   Response 0: 38feb0ec-788c-42ad-9852-eb5cbee3e7a8<-a49f3fd7-aca1-41c1-ad3c-01adfe75912a#0:FAIL-t1
2022-04-26 01:55:02,607 [38feb0ec-788c-42ad-9852-eb5cbee3e7a8@group-1E5E024634D1-LeaderElection49] INFO  impl.LeaderElection (LeaderElection.java:logAndReturn(93)) -   Response 1: 38feb0ec-788c-42ad-9852-eb5cbee3e7a8<-2bf912ba-2a06-41a3-b1d6-bf04ad40fbe7#0:FAIL-t1
2022-04-26 01:55:02,607 [38feb0ec-788c-42ad-9852-eb5cbee3e7a8@group-1E5E024634D1-LeaderElection49] INFO  impl.LeaderElection (LeaderElection.java:askForVotes(308)) - 38feb0ec-788c-42ad-9852-eb5cbee3e7a8@group-1E5E024634D1-LeaderElection49 ELECTION round 0: result REJECTED
2022-04-26 01:55:02,607 [38feb0ec-788c-42ad-9852-eb5cbee3e7a8@group-1E5E024634D1-LeaderElection49] INFO  server.RaftServer$Division (RaftServerImpl.java:setRole(290)) - 38feb0ec-788c-42ad-9852-eb5cbee3e7a8@group-1E5E024634D1: changes role from CANDIDATE to FOLLOWER at term 1 for REJECTED
2022-04-26 01:55:02,607 [38feb0ec-788c-42ad-9852-eb5cbee3e7a8@group-1E5E024634D1-LeaderElection49] INFO  impl.RoleInfo (RoleInfo.java:shutdownLeaderElection(121)) - 38feb0ec-788c-42ad-9852-eb5cbee3e7a8: shutdown 38feb0ec-788c-42ad-9852-eb5cbee3e7a8@group-1E5E024634D1-LeaderElection49
2022-04-26 01:55:02,607 [38feb0ec-788c-42ad-9852-eb5cbee3e7a8@group-1E5E024634D1-LeaderElection49] INFO  impl.RoleInfo (RoleInfo.java:updateAndGet(130)) - 38feb0ec-788c-42ad-9852-eb5cbee3e7a8: start 38feb0ec-788c-42ad-9852-eb5cbee3e7a8@group-1E5E024634D1-FollowerState
]]></system-out>
  </testcase>
  <testcase name="testSeekOnFileLength" classname="TestOzoneFileSystem" time="0.807">
    <system-out><![CDATA[2022-04-26 01:51:48,731 [IPC Server handler 3 on default port 44593] INFO  ha.SequenceIdGenerator (SequenceIdGenerator.java:getNextId(127)) - Allocate a batch for containerId, change lastId from 0 to 1000.
2022-04-26 01:51:48,741 [IPC Server handler 3 on default port 44593] WARN  ha.SequenceIdGenerator (SequenceIdGenerator.java:allocateBatch(235)) - Failed to allocate a batch for localId, expected lastId is 0, actual lastId is 109611004723200000.
2022-04-26 01:51:48,741 [IPC Server handler 3 on default port 44593] INFO  ha.SequenceIdGenerator (SequenceIdGenerator.java:getNextId(127)) - Allocate a batch for localId, change lastId from 109611004723200000 to 109611004723201000.
2022-04-26 01:51:48,818 [Time-limited test] INFO  impl.MetricsSystemImpl (MetricsSystemImpl.java:init(158)) - XceiverClientMetrics metrics system started (again)
01:51:49.460 [IPC Server handler 1 on default port 44011] ERROR OMAudit - user=runner | ip=127.0.0.1 | op=LOOKUP_FILE {volume=volume70938, bucket=bucket97532, key=file_notexist, dataSize=0, replicationConfig=null} | ret=FAILURE
org.apache.hadoop.ozone.om.exceptions.OMException: Unable to get file status: volume: volume70938 bucket: bucket97532 key: file_notexist
	at org.apache.hadoop.ozone.om.KeyManagerImpl.getOzoneFileStatus(KeyManagerImpl.java:1280) ~[ozone-manager-1.3.0-SNAPSHOT.jar:?]
	at org.apache.hadoop.ozone.om.KeyManagerImpl.lookupFile(KeyManagerImpl.java:1392) ~[ozone-manager-1.3.0-SNAPSHOT.jar:?]
	at org.apache.hadoop.ozone.om.OzoneManager.lookupFile(OzoneManager.java:3047) ~[ozone-manager-1.3.0-SNAPSHOT.jar:?]
	at org.apache.hadoop.ozone.protocolPB.OzoneManagerRequestHandler.lookupFile(OzoneManagerRequestHandler.java:716) ~[ozone-manager-1.3.0-SNAPSHOT.jar:?]
	at org.apache.hadoop.ozone.protocolPB.OzoneManagerRequestHandler.handleReadRequest(OzoneManagerRequestHandler.java:207) ~[ozone-manager-1.3.0-SNAPSHOT.jar:?]
	at org.apache.hadoop.ozone.protocolPB.OzoneManagerProtocolServerSideTranslatorPB.submitReadRequestToOM(OzoneManagerProtocolServerSideTranslatorPB.java:213) ~[ozone-manager-1.3.0-SNAPSHOT.jar:?]
	at org.apache.hadoop.ozone.protocolPB.OzoneManagerProtocolServerSideTranslatorPB.processRequest(OzoneManagerProtocolServerSideTranslatorPB.java:174) ~[ozone-manager-1.3.0-SNAPSHOT.jar:?]
	at org.apache.hadoop.hdds.server.OzoneProtocolMessageDispatcher.processRequest(OzoneProtocolMessageDispatcher.java:87) [hdds-server-framework-1.3.0-SNAPSHOT.jar:?]
	at org.apache.hadoop.ozone.protocolPB.OzoneManagerProtocolServerSideTranslatorPB.submitRequest(OzoneManagerProtocolServerSideTranslatorPB.java:146) [ozone-manager-1.3.0-SNAPSHOT.jar:?]
	at org.apache.hadoop.ozone.protocol.proto.OzoneManagerProtocolProtos$OzoneManagerService$2.callBlockingMethod(OzoneManagerProtocolProtos.java) [ozone-interface-client-1.3.0-SNAPSHOT.jar:?]
	at org.apache.hadoop.ipc.ProtobufRpcEngine$Server.processCall(ProtobufRpcEngine.java:466) [hadoop-common-3.3.1.jar:?]
	at org.apache.hadoop.ipc.ProtobufRpcEngine2$Server$ProtoBufRpcInvoker.call(ProtobufRpcEngine2.java:574) [hadoop-common-3.3.1.jar:?]
	at org.apache.hadoop.ipc.ProtobufRpcEngine2$Server$ProtoBufRpcInvoker.call(ProtobufRpcEngine2.java:552) [hadoop-common-3.3.1.jar:?]
	at org.apache.hadoop.ipc.RPC$Server.call(RPC.java:1093) [hadoop-common-3.3.1.jar:?]
	at org.apache.hadoop.ipc.Server$RpcCall.run(Server.java:1035) [hadoop-common-3.3.1.jar:?]
	at org.apache.hadoop.ipc.Server$RpcCall.run(Server.java:963) [hadoop-common-3.3.1.jar:?]
	at java.security.AccessController.doPrivileged(Native Method) ~[?:1.8.0_322]
	at javax.security.auth.Subject.doAs(Subject.java:422) [?:1.8.0_322]
	at org.apache.hadoop.security.UserGroupInformation.doAs(UserGroupInformation.java:1878) [hadoop-common-3.3.1.jar:?]
	at org.apache.hadoop.ipc.Server$Handler.run(Server.java:2966) [hadoop-common-3.3.1.jar:?]
]]></system-out>
  </testcase>
  <testcase name="testSeekOnFileLength" classname="TestOzoneFileSystem" time="0.437">
    <system-out><![CDATA[2022-04-26 01:52:46,482 [IPC Server handler 1 on default port 42263] INFO  ha.SequenceIdGenerator (SequenceIdGenerator.java:getNextId(127)) - Allocate a batch for containerId, change lastId from 0 to 1000.
2022-04-26 01:52:46,482 [IPC Server handler 1 on default port 42263] WARN  ha.SequenceIdGenerator (SequenceIdGenerator.java:allocateBatch(235)) - Failed to allocate a batch for localId, expected lastId is 0, actual lastId is 109611004723200000.
2022-04-26 01:52:46,482 [IPC Server handler 1 on default port 42263] INFO  ha.SequenceIdGenerator (SequenceIdGenerator.java:getNextId(127)) - Allocate a batch for localId, change lastId from 109611004723200000 to 109611004723201000.
2022-04-26 01:52:46,752 [1861c462-4d2a-43a5-96af-87853490527e@group-7579B0C0CDFD-FollowerState] INFO  impl.FollowerState (FollowerState.java:run(134)) - 1861c462-4d2a-43a5-96af-87853490527e@group-7579B0C0CDFD-FollowerState: change to CANDIDATE, lastRpcElapsedTime:5089139385ns, electionTimeout:5082ms
2022-04-26 01:52:46,752 [1861c462-4d2a-43a5-96af-87853490527e@group-7579B0C0CDFD-FollowerState] INFO  impl.RoleInfo (RoleInfo.java:shutdownFollowerState(108)) - 1861c462-4d2a-43a5-96af-87853490527e: shutdown 1861c462-4d2a-43a5-96af-87853490527e@group-7579B0C0CDFD-FollowerState
2022-04-26 01:52:46,752 [1861c462-4d2a-43a5-96af-87853490527e@group-7579B0C0CDFD-FollowerState] INFO  server.RaftServer$Division (RaftServerImpl.java:setRole(290)) - 1861c462-4d2a-43a5-96af-87853490527e@group-7579B0C0CDFD: changes role from  FOLLOWER to CANDIDATE at term 0 for changeToCandidate
2022-04-26 01:52:46,752 [1861c462-4d2a-43a5-96af-87853490527e@group-7579B0C0CDFD-FollowerState] INFO  server.RaftServerConfigKeys (ConfUtils.java:logGet(44)) - raft.server.leaderelection.pre-vote = false (custom)
2022-04-26 01:52:46,753 [1861c462-4d2a-43a5-96af-87853490527e@group-7579B0C0CDFD-FollowerState] INFO  impl.RoleInfo (RoleInfo.java:updateAndGet(130)) - 1861c462-4d2a-43a5-96af-87853490527e: start 1861c462-4d2a-43a5-96af-87853490527e@group-7579B0C0CDFD-LeaderElection17
2022-04-26 01:52:46,787 [1861c462-4d2a-43a5-96af-87853490527e@group-7579B0C0CDFD-LeaderElection17] INFO  impl.LeaderElection (LeaderElection.java:askForVotes(306)) - 1861c462-4d2a-43a5-96af-87853490527e@group-7579B0C0CDFD-LeaderElection17 ELECTION round 0: submit vote requests at term 1 for -1: [1861c462-4d2a-43a5-96af-87853490527e|rpc:10.1.0.42:42337|priority:1], old=null
2022-04-26 01:52:46,787 [1861c462-4d2a-43a5-96af-87853490527e@group-7579B0C0CDFD-LeaderElection17] INFO  impl.LeaderElection (LeaderElection.java:askForVotes(308)) - 1861c462-4d2a-43a5-96af-87853490527e@group-7579B0C0CDFD-LeaderElection17 ELECTION round 0: result PASSED (term=1)
2022-04-26 01:52:46,787 [1861c462-4d2a-43a5-96af-87853490527e@group-7579B0C0CDFD-LeaderElection17] INFO  impl.RoleInfo (RoleInfo.java:shutdownLeaderElection(121)) - 1861c462-4d2a-43a5-96af-87853490527e: shutdown 1861c462-4d2a-43a5-96af-87853490527e@group-7579B0C0CDFD-LeaderElection17
2022-04-26 01:52:46,787 [1861c462-4d2a-43a5-96af-87853490527e@group-7579B0C0CDFD-LeaderElection17] INFO  server.RaftServer$Division (RaftServerImpl.java:setRole(290)) - 1861c462-4d2a-43a5-96af-87853490527e@group-7579B0C0CDFD: changes role from CANDIDATE to LEADER at term 1 for changeToLeader
2022-04-26 01:52:46,787 [1861c462-4d2a-43a5-96af-87853490527e@group-7579B0C0CDFD-LeaderElection17] INFO  ratis.XceiverServerRatis (XceiverServerRatis.java:handleLeaderChangedNotification(863)) - Leader change notification received for group: group-7579B0C0CDFD with new leaderId: 1861c462-4d2a-43a5-96af-87853490527e
2022-04-26 01:52:46,787 [1861c462-4d2a-43a5-96af-87853490527e@group-7579B0C0CDFD-LeaderElection17] INFO  server.RaftServer$Division (ServerState.java:setLeader(285)) - 1861c462-4d2a-43a5-96af-87853490527e@group-7579B0C0CDFD: change Leader from null to 1861c462-4d2a-43a5-96af-87853490527e at term 1 for becomeLeader, leader elected after 5150ms
2022-04-26 01:52:46,788 [1861c462-4d2a-43a5-96af-87853490527e@group-7579B0C0CDFD-LeaderElection17] INFO  server.RaftServerConfigKeys (ConfUtils.java:logGet(44)) - raft.server.staging.catchup.gap = 1000 (default)
2022-04-26 01:52:46,788 [1861c462-4d2a-43a5-96af-87853490527e@group-7579B0C0CDFD-LeaderElection17] INFO  server.RaftServerConfigKeys (ConfUtils.java:logGet(44)) - raft.server.write.element-limit = 1024 (custom)
2022-04-26 01:52:46,788 [1861c462-4d2a-43a5-96af-87853490527e@group-7579B0C0CDFD-LeaderElection17] INFO  server.RaftServerConfigKeys (ConfUtils.java:logGet(44)) - raft.server.write.byte-limit = 1024 M (=1073741824) (custom)
2022-04-26 01:52:46,789 [1861c462-4d2a-43a5-96af-87853490527e@group-7579B0C0CDFD-LeaderElection17] INFO  server.RaftServerConfigKeys (ConfUtils.java:logGet(44)) - raft.server.watch.timeout = 180s (custom)
2022-04-26 01:52:46,789 [1861c462-4d2a-43a5-96af-87853490527e@group-7579B0C0CDFD-LeaderElection17] INFO  server.RaftServerConfigKeys (ConfUtils.java:logGet(44)) - raft.server.watch.timeout.denomination = 1s (default)
2022-04-26 01:52:46,789 [1861c462-4d2a-43a5-96af-87853490527e@group-7579B0C0CDFD-LeaderElection17] INFO  server.RaftServerConfigKeys (ConfUtils.java:logGet(44)) - raft.server.watch.element-limit = 65536 (default)
2022-04-26 01:52:46,789 [1861c462-4d2a-43a5-96af-87853490527e@group-7579B0C0CDFD-LeaderElection17] INFO  server.RaftServerConfigKeys (ConfUtils.java:logGet(44)) - raft.server.write.element-limit = 1024 (custom)
2022-04-26 01:52:46,789 [1861c462-4d2a-43a5-96af-87853490527e@group-7579B0C0CDFD-LeaderElection17] INFO  server.RaftServerConfigKeys (ConfUtils.java:logGet(44)) - raft.server.write.follower.gap.ratio.max = -1.0 (default)
2022-04-26 01:52:46,789 [1861c462-4d2a-43a5-96af-87853490527e@group-7579B0C0CDFD-LeaderElection17] INFO  impl.RoleInfo (RoleInfo.java:updateAndGet(130)) - 1861c462-4d2a-43a5-96af-87853490527e: start 1861c462-4d2a-43a5-96af-87853490527e@group-7579B0C0CDFD-LeaderStateImpl
2022-04-26 01:52:46,789 [1861c462-4d2a-43a5-96af-87853490527e@group-7579B0C0CDFD-LeaderElection17] INFO  segmented.SegmentedRaftLogWorker (SegmentedRaftLogWorker.java:startLogSegment(394)) - 1861c462-4d2a-43a5-96af-87853490527e@group-7579B0C0CDFD-SegmentedRaftLogWorker: Starting segment from index:0
2022-04-26 01:52:46,795 [1861c462-4d2a-43a5-96af-87853490527e@group-7579B0C0CDFD-SegmentedRaftLogWorker] INFO  segmented.SegmentedRaftLogWorker (SegmentedRaftLogWorker.java:execute(601)) - 1861c462-4d2a-43a5-96af-87853490527e@group-7579B0C0CDFD-SegmentedRaftLogWorker: created new log segment /home/runner/work/ozone/ozone/hadoop-ozone/integration-test/target/test-dir/MiniOzoneClusterImpl-1f178f74-bffb-4b20-8a8e-7aaf5f3ffa17/datanode-3/data/ratis/3d937d22-f5cf-4a0b-8e6a-7579b0c0cdfd/current/log_inprogress_0
2022-04-26 01:52:46,844 [1861c462-4d2a-43a5-96af-87853490527e@group-7579B0C0CDFD-LeaderElection17] INFO  server.RaftServer$Division (ServerState.java:setRaftConf(387)) - 1861c462-4d2a-43a5-96af-87853490527e@group-7579B0C0CDFD: set configuration 0: [1861c462-4d2a-43a5-96af-87853490527e|rpc:10.1.0.42:42337|dataStream:|priority:1], old=null
01:52:46.866 [IPC Server handler 16 on default port 46323] ERROR OMAudit - user=runner | ip=127.0.0.1 | op=LOOKUP_FILE {volume=volume68825, bucket=bucket30700, key=file_notexist, dataSize=0, replicationConfig=null} | ret=FAILURE
org.apache.hadoop.ozone.om.exceptions.OMException: Unable to get file status: volume: volume68825 bucket: bucket30700 key: file_notexist
	at org.apache.hadoop.ozone.om.KeyManagerImpl.getOzoneFileStatus(KeyManagerImpl.java:1280) ~[ozone-manager-1.3.0-SNAPSHOT.jar:?]
	at org.apache.hadoop.ozone.om.KeyManagerImpl.lookupFile(KeyManagerImpl.java:1392) ~[ozone-manager-1.3.0-SNAPSHOT.jar:?]
	at org.apache.hadoop.ozone.om.OzoneManager.lookupFile(OzoneManager.java:3047) ~[ozone-manager-1.3.0-SNAPSHOT.jar:?]
	at org.apache.hadoop.ozone.protocolPB.OzoneManagerRequestHandler.lookupFile(OzoneManagerRequestHandler.java:716) ~[ozone-manager-1.3.0-SNAPSHOT.jar:?]
	at org.apache.hadoop.ozone.protocolPB.OzoneManagerRequestHandler.handleReadRequest(OzoneManagerRequestHandler.java:207) ~[ozone-manager-1.3.0-SNAPSHOT.jar:?]
	at org.apache.hadoop.ozone.protocolPB.OzoneManagerProtocolServerSideTranslatorPB.submitRequestDirectlyToOM(OzoneManagerProtocolServerSideTranslatorPB.java:271) ~[ozone-manager-1.3.0-SNAPSHOT.jar:?]
	at org.apache.hadoop.ozone.protocolPB.OzoneManagerProtocolServerSideTranslatorPB.processRequest(OzoneManagerProtocolServerSideTranslatorPB.java:195) ~[ozone-manager-1.3.0-SNAPSHOT.jar:?]
	at org.apache.hadoop.hdds.server.OzoneProtocolMessageDispatcher.processRequest(OzoneProtocolMessageDispatcher.java:87) [hdds-server-framework-1.3.0-SNAPSHOT.jar:?]
	at org.apache.hadoop.ozone.protocolPB.OzoneManagerProtocolServerSideTranslatorPB.submitRequest(OzoneManagerProtocolServerSideTranslatorPB.java:146) [ozone-manager-1.3.0-SNAPSHOT.jar:?]
	at org.apache.hadoop.ozone.protocol.proto.OzoneManagerProtocolProtos$OzoneManagerService$2.callBlockingMethod(OzoneManagerProtocolProtos.java) [ozone-interface-client-1.3.0-SNAPSHOT.jar:?]
	at org.apache.hadoop.ipc.ProtobufRpcEngine$Server.processCall(ProtobufRpcEngine.java:466) [hadoop-common-3.3.1.jar:?]
	at org.apache.hadoop.ipc.ProtobufRpcEngine2$Server$ProtoBufRpcInvoker.call(ProtobufRpcEngine2.java:574) [hadoop-common-3.3.1.jar:?]
	at org.apache.hadoop.ipc.ProtobufRpcEngine2$Server$ProtoBufRpcInvoker.call(ProtobufRpcEngine2.java:552) [hadoop-common-3.3.1.jar:?]
	at org.apache.hadoop.ipc.RPC$Server.call(RPC.java:1093) [hadoop-common-3.3.1.jar:?]
	at org.apache.hadoop.ipc.Server$RpcCall.run(Server.java:1035) [hadoop-common-3.3.1.jar:?]
	at org.apache.hadoop.ipc.Server$RpcCall.run(Server.java:963) [hadoop-common-3.3.1.jar:?]
	at java.security.AccessController.doPrivileged(Native Method) ~[?:1.8.0_322]
	at javax.security.auth.Subject.doAs(Subject.java:422) [?:1.8.0_322]
	at org.apache.hadoop.security.UserGroupInformation.doAs(UserGroupInformation.java:1878) [hadoop-common-3.3.1.jar:?]
	at org.apache.hadoop.ipc.Server$Handler.run(Server.java:2966) [hadoop-common-3.3.1.jar:?]
]]></system-out>
  </testcase>
  <testcase name="testSeekOnFileLength" classname="TestOzoneFileSystem" time="0.711">
    <system-out><![CDATA[2022-04-26 01:53:52,307 [IPC Server handler 1 on default port 34757] INFO  ha.SequenceIdGenerator (SequenceIdGenerator.java:getNextId(127)) - Allocate a batch for containerId, change lastId from 0 to 1000.
2022-04-26 01:53:52,307 [IPC Server handler 1 on default port 34757] WARN  ha.SequenceIdGenerator (SequenceIdGenerator.java:allocateBatch(235)) - Failed to allocate a batch for localId, expected lastId is 0, actual lastId is 109611004723200000.
2022-04-26 01:53:52,307 [IPC Server handler 1 on default port 34757] INFO  ha.SequenceIdGenerator (SequenceIdGenerator.java:getNextId(127)) - Allocate a batch for localId, change lastId from 109611004723200000 to 109611004723201000.
2022-04-26 01:53:52,609 [81ec24e6-6cd6-4f7d-92f4-0fd82cba14c4@group-C8522D998663-FollowerState] INFO  impl.FollowerState (FollowerState.java:run(134)) - 81ec24e6-6cd6-4f7d-92f4-0fd82cba14c4@group-C8522D998663-FollowerState: change to CANDIDATE, lastRpcElapsedTime:5089795288ns, electionTimeout:5076ms
2022-04-26 01:53:52,609 [81ec24e6-6cd6-4f7d-92f4-0fd82cba14c4@group-C8522D998663-FollowerState] INFO  impl.RoleInfo (RoleInfo.java:shutdownFollowerState(108)) - 81ec24e6-6cd6-4f7d-92f4-0fd82cba14c4: shutdown 81ec24e6-6cd6-4f7d-92f4-0fd82cba14c4@group-C8522D998663-FollowerState
2022-04-26 01:53:52,610 [81ec24e6-6cd6-4f7d-92f4-0fd82cba14c4@group-C8522D998663-FollowerState] INFO  server.RaftServer$Division (RaftServerImpl.java:setRole(290)) - 81ec24e6-6cd6-4f7d-92f4-0fd82cba14c4@group-C8522D998663: changes role from  FOLLOWER to CANDIDATE at term 0 for changeToCandidate
2022-04-26 01:53:52,724 [81ec24e6-6cd6-4f7d-92f4-0fd82cba14c4@group-C8522D998663-FollowerState] INFO  server.RaftServerConfigKeys (ConfUtils.java:logGet(44)) - raft.server.leaderelection.pre-vote = false (custom)
2022-04-26 01:53:52,724 [81ec24e6-6cd6-4f7d-92f4-0fd82cba14c4@group-C8522D998663-FollowerState] INFO  impl.RoleInfo (RoleInfo.java:updateAndGet(130)) - 81ec24e6-6cd6-4f7d-92f4-0fd82cba14c4: start 81ec24e6-6cd6-4f7d-92f4-0fd82cba14c4@group-C8522D998663-LeaderElection40
2022-04-26 01:53:52,759 [81ec24e6-6cd6-4f7d-92f4-0fd82cba14c4@group-C8522D998663-LeaderElection40] INFO  impl.LeaderElection (LeaderElection.java:askForVotes(306)) - 81ec24e6-6cd6-4f7d-92f4-0fd82cba14c4@group-C8522D998663-LeaderElection40 ELECTION round 0: submit vote requests at term 1 for -1: [81ec24e6-6cd6-4f7d-92f4-0fd82cba14c4|rpc:10.1.0.42:33603|priority:1], old=null
2022-04-26 01:53:52,759 [81ec24e6-6cd6-4f7d-92f4-0fd82cba14c4@group-C8522D998663-LeaderElection40] INFO  impl.LeaderElection (LeaderElection.java:askForVotes(308)) - 81ec24e6-6cd6-4f7d-92f4-0fd82cba14c4@group-C8522D998663-LeaderElection40 ELECTION round 0: result PASSED (term=1)
2022-04-26 01:53:52,759 [81ec24e6-6cd6-4f7d-92f4-0fd82cba14c4@group-C8522D998663-LeaderElection40] INFO  impl.RoleInfo (RoleInfo.java:shutdownLeaderElection(121)) - 81ec24e6-6cd6-4f7d-92f4-0fd82cba14c4: shutdown 81ec24e6-6cd6-4f7d-92f4-0fd82cba14c4@group-C8522D998663-LeaderElection40
2022-04-26 01:53:52,760 [81ec24e6-6cd6-4f7d-92f4-0fd82cba14c4@group-C8522D998663-LeaderElection40] INFO  server.RaftServer$Division (RaftServerImpl.java:setRole(290)) - 81ec24e6-6cd6-4f7d-92f4-0fd82cba14c4@group-C8522D998663: changes role from CANDIDATE to LEADER at term 1 for changeToLeader
2022-04-26 01:53:52,760 [81ec24e6-6cd6-4f7d-92f4-0fd82cba14c4@group-C8522D998663-LeaderElection40] INFO  ratis.XceiverServerRatis (XceiverServerRatis.java:handleLeaderChangedNotification(863)) - Leader change notification received for group: group-C8522D998663 with new leaderId: 81ec24e6-6cd6-4f7d-92f4-0fd82cba14c4
2022-04-26 01:53:52,760 [81ec24e6-6cd6-4f7d-92f4-0fd82cba14c4@group-C8522D998663-LeaderElection40] INFO  server.RaftServer$Division (ServerState.java:setLeader(285)) - 81ec24e6-6cd6-4f7d-92f4-0fd82cba14c4@group-C8522D998663: change Leader from null to 81ec24e6-6cd6-4f7d-92f4-0fd82cba14c4 at term 1 for becomeLeader, leader elected after 5244ms
2022-04-26 01:53:52,760 [81ec24e6-6cd6-4f7d-92f4-0fd82cba14c4@group-C8522D998663-LeaderElection40] INFO  server.RaftServerConfigKeys (ConfUtils.java:logGet(44)) - raft.server.staging.catchup.gap = 1000 (default)
2022-04-26 01:53:52,760 [81ec24e6-6cd6-4f7d-92f4-0fd82cba14c4@group-C8522D998663-LeaderElection40] INFO  server.RaftServerConfigKeys (ConfUtils.java:logGet(44)) - raft.server.write.element-limit = 1024 (custom)
2022-04-26 01:53:52,760 [81ec24e6-6cd6-4f7d-92f4-0fd82cba14c4@group-C8522D998663-LeaderElection40] INFO  server.RaftServerConfigKeys (ConfUtils.java:logGet(44)) - raft.server.write.byte-limit = 1024 M (=1073741824) (custom)
2022-04-26 01:53:52,760 [81ec24e6-6cd6-4f7d-92f4-0fd82cba14c4@group-C8522D998663-LeaderElection40] INFO  server.RaftServerConfigKeys (ConfUtils.java:logGet(44)) - raft.server.watch.timeout = 180s (custom)
2022-04-26 01:53:52,760 [81ec24e6-6cd6-4f7d-92f4-0fd82cba14c4@group-C8522D998663-LeaderElection40] INFO  server.RaftServerConfigKeys (ConfUtils.java:logGet(44)) - raft.server.watch.timeout.denomination = 1s (default)
2022-04-26 01:53:52,760 [81ec24e6-6cd6-4f7d-92f4-0fd82cba14c4@group-C8522D998663-LeaderElection40] INFO  server.RaftServerConfigKeys (ConfUtils.java:logGet(44)) - raft.server.watch.element-limit = 65536 (default)
2022-04-26 01:53:52,761 [81ec24e6-6cd6-4f7d-92f4-0fd82cba14c4@group-C8522D998663-LeaderElection40] INFO  server.RaftServerConfigKeys (ConfUtils.java:logGet(44)) - raft.server.write.element-limit = 1024 (custom)
2022-04-26 01:53:52,761 [81ec24e6-6cd6-4f7d-92f4-0fd82cba14c4@group-C8522D998663-LeaderElection40] INFO  server.RaftServerConfigKeys (ConfUtils.java:logGet(44)) - raft.server.write.follower.gap.ratio.max = -1.0 (default)
2022-04-26 01:53:52,761 [81ec24e6-6cd6-4f7d-92f4-0fd82cba14c4@group-C8522D998663-LeaderElection40] INFO  impl.RoleInfo (RoleInfo.java:updateAndGet(130)) - 81ec24e6-6cd6-4f7d-92f4-0fd82cba14c4: start 81ec24e6-6cd6-4f7d-92f4-0fd82cba14c4@group-C8522D998663-LeaderStateImpl
2022-04-26 01:53:52,761 [81ec24e6-6cd6-4f7d-92f4-0fd82cba14c4@group-C8522D998663-LeaderElection40] INFO  segmented.SegmentedRaftLogWorker (SegmentedRaftLogWorker.java:startLogSegment(394)) - 81ec24e6-6cd6-4f7d-92f4-0fd82cba14c4@group-C8522D998663-SegmentedRaftLogWorker: Starting segment from index:0
2022-04-26 01:53:52,763 [81ec24e6-6cd6-4f7d-92f4-0fd82cba14c4@group-C8522D998663-SegmentedRaftLogWorker] INFO  segmented.SegmentedRaftLogWorker (SegmentedRaftLogWorker.java:execute(601)) - 81ec24e6-6cd6-4f7d-92f4-0fd82cba14c4@group-C8522D998663-SegmentedRaftLogWorker: created new log segment /home/runner/work/ozone/ozone/hadoop-ozone/integration-test/target/test-dir/MiniOzoneClusterImpl-f75a2855-399a-402c-9e8b-90c3c75b347d/datanode-3/data/ratis/90918781-9140-4c2a-922a-c8522d998663/current/log_inprogress_0
2022-04-26 01:53:52,813 [81ec24e6-6cd6-4f7d-92f4-0fd82cba14c4@group-C8522D998663-LeaderElection40] INFO  server.RaftServer$Division (ServerState.java:setRaftConf(387)) - 81ec24e6-6cd6-4f7d-92f4-0fd82cba14c4@group-C8522D998663: set configuration 0: [81ec24e6-6cd6-4f7d-92f4-0fd82cba14c4|rpc:10.1.0.42:33603|dataStream:|priority:1], old=null
01:53:52.969 [IPC Server handler 3 on default port 40803] ERROR OMAudit - user=runner | ip=127.0.0.1 | op=LOOKUP_FILE {volume=volume85710, bucket=bucket48480, key=file_notexist, dataSize=0, replicationConfig=null} | ret=FAILURE
org.apache.hadoop.ozone.om.exceptions.OMException: Unable to get file status: volume: volume85710 bucket: bucket48480 key: file_notexist
	at org.apache.hadoop.ozone.om.KeyManagerImpl.getOzoneFileStatus(KeyManagerImpl.java:1280) ~[ozone-manager-1.3.0-SNAPSHOT.jar:?]
	at org.apache.hadoop.ozone.om.KeyManagerImpl.lookupFile(KeyManagerImpl.java:1392) ~[ozone-manager-1.3.0-SNAPSHOT.jar:?]
	at org.apache.hadoop.ozone.om.OzoneManager.lookupFile(OzoneManager.java:3047) ~[ozone-manager-1.3.0-SNAPSHOT.jar:?]
	at org.apache.hadoop.ozone.protocolPB.OzoneManagerRequestHandler.lookupFile(OzoneManagerRequestHandler.java:716) ~[ozone-manager-1.3.0-SNAPSHOT.jar:?]
	at org.apache.hadoop.ozone.protocolPB.OzoneManagerRequestHandler.handleReadRequest(OzoneManagerRequestHandler.java:207) ~[ozone-manager-1.3.0-SNAPSHOT.jar:?]
	at org.apache.hadoop.ozone.protocolPB.OzoneManagerProtocolServerSideTranslatorPB.submitReadRequestToOM(OzoneManagerProtocolServerSideTranslatorPB.java:213) ~[ozone-manager-1.3.0-SNAPSHOT.jar:?]
	at org.apache.hadoop.ozone.protocolPB.OzoneManagerProtocolServerSideTranslatorPB.processRequest(OzoneManagerProtocolServerSideTranslatorPB.java:174) ~[ozone-manager-1.3.0-SNAPSHOT.jar:?]
	at org.apache.hadoop.hdds.server.OzoneProtocolMessageDispatcher.processRequest(OzoneProtocolMessageDispatcher.java:87) [hdds-server-framework-1.3.0-SNAPSHOT.jar:?]
	at org.apache.hadoop.ozone.protocolPB.OzoneManagerProtocolServerSideTranslatorPB.submitRequest(OzoneManagerProtocolServerSideTranslatorPB.java:146) [ozone-manager-1.3.0-SNAPSHOT.jar:?]
	at org.apache.hadoop.ozone.protocol.proto.OzoneManagerProtocolProtos$OzoneManagerService$2.callBlockingMethod(OzoneManagerProtocolProtos.java) [ozone-interface-client-1.3.0-SNAPSHOT.jar:?]
	at org.apache.hadoop.ipc.ProtobufRpcEngine$Server.processCall(ProtobufRpcEngine.java:466) [hadoop-common-3.3.1.jar:?]
	at org.apache.hadoop.ipc.ProtobufRpcEngine2$Server$ProtoBufRpcInvoker.call(ProtobufRpcEngine2.java:574) [hadoop-common-3.3.1.jar:?]
	at org.apache.hadoop.ipc.ProtobufRpcEngine2$Server$ProtoBufRpcInvoker.call(ProtobufRpcEngine2.java:552) [hadoop-common-3.3.1.jar:?]
	at org.apache.hadoop.ipc.RPC$Server.call(RPC.java:1093) [hadoop-common-3.3.1.jar:?]
	at org.apache.hadoop.ipc.Server$RpcCall.run(Server.java:1035) [hadoop-common-3.3.1.jar:?]
	at org.apache.hadoop.ipc.Server$RpcCall.run(Server.java:963) [hadoop-common-3.3.1.jar:?]
	at java.security.AccessController.doPrivileged(Native Method) ~[?:1.8.0_322]
	at javax.security.auth.Subject.doAs(Subject.java:422) [?:1.8.0_322]
	at org.apache.hadoop.security.UserGroupInformation.doAs(UserGroupInformation.java:1878) [hadoop-common-3.3.1.jar:?]
	at org.apache.hadoop.ipc.Server$Handler.run(Server.java:2966) [hadoop-common-3.3.1.jar:?]
]]></system-out>
  </testcase>
  <testcase name="testSeekOnFileLength" classname="TestOzoneFileSystem" time="0.766">
    <system-out><![CDATA[2022-04-26 01:55:02,713 [IPC Server handler 16 on default port 38217] INFO  ha.SequenceIdGenerator (SequenceIdGenerator.java:getNextId(127)) - Allocate a batch for containerId, change lastId from 0 to 1000.
2022-04-26 01:55:02,714 [IPC Server handler 16 on default port 38217] WARN  ha.SequenceIdGenerator (SequenceIdGenerator.java:allocateBatch(235)) - Failed to allocate a batch for localId, expected lastId is 0, actual lastId is 109611004723200000.
2022-04-26 01:55:02,714 [IPC Server handler 16 on default port 38217] INFO  ha.SequenceIdGenerator (SequenceIdGenerator.java:getNextId(127)) - Allocate a batch for localId, change lastId from 109611004723200000 to 109611004723201000.
2022-04-26 01:55:03,024 [a49f3fd7-aca1-41c1-ad3c-01adfe75912a@group-8233CFDFBA5F-FollowerState] INFO  impl.FollowerState (FollowerState.java:run(134)) - a49f3fd7-aca1-41c1-ad3c-01adfe75912a@group-8233CFDFBA5F-FollowerState: change to CANDIDATE, lastRpcElapsedTime:5157826961ns, electionTimeout:5156ms
2022-04-26 01:55:03,025 [a49f3fd7-aca1-41c1-ad3c-01adfe75912a@group-8233CFDFBA5F-FollowerState] INFO  impl.RoleInfo (RoleInfo.java:shutdownFollowerState(108)) - a49f3fd7-aca1-41c1-ad3c-01adfe75912a: shutdown a49f3fd7-aca1-41c1-ad3c-01adfe75912a@group-8233CFDFBA5F-FollowerState
2022-04-26 01:55:03,025 [a49f3fd7-aca1-41c1-ad3c-01adfe75912a@group-8233CFDFBA5F-FollowerState] INFO  server.RaftServer$Division (RaftServerImpl.java:setRole(290)) - a49f3fd7-aca1-41c1-ad3c-01adfe75912a@group-8233CFDFBA5F: changes role from  FOLLOWER to CANDIDATE at term 0 for changeToCandidate
2022-04-26 01:55:03,025 [a49f3fd7-aca1-41c1-ad3c-01adfe75912a@group-8233CFDFBA5F-FollowerState] INFO  server.RaftServerConfigKeys (ConfUtils.java:logGet(44)) - raft.server.leaderelection.pre-vote = false (custom)
2022-04-26 01:55:03,025 [a49f3fd7-aca1-41c1-ad3c-01adfe75912a@group-8233CFDFBA5F-FollowerState] INFO  impl.RoleInfo (RoleInfo.java:updateAndGet(130)) - a49f3fd7-aca1-41c1-ad3c-01adfe75912a: start a49f3fd7-aca1-41c1-ad3c-01adfe75912a@group-8233CFDFBA5F-LeaderElection52
2022-04-26 01:55:03,074 [a49f3fd7-aca1-41c1-ad3c-01adfe75912a@group-8233CFDFBA5F-LeaderElection52] INFO  impl.LeaderElection (LeaderElection.java:askForVotes(306)) - a49f3fd7-aca1-41c1-ad3c-01adfe75912a@group-8233CFDFBA5F-LeaderElection52 ELECTION round 0: submit vote requests at term 1 for -1: [a49f3fd7-aca1-41c1-ad3c-01adfe75912a|rpc:10.1.0.42:39407|priority:1], old=null
2022-04-26 01:55:03,074 [a49f3fd7-aca1-41c1-ad3c-01adfe75912a@group-8233CFDFBA5F-LeaderElection52] INFO  impl.LeaderElection (LeaderElection.java:askForVotes(308)) - a49f3fd7-aca1-41c1-ad3c-01adfe75912a@group-8233CFDFBA5F-LeaderElection52 ELECTION round 0: result PASSED (term=1)
2022-04-26 01:55:03,074 [a49f3fd7-aca1-41c1-ad3c-01adfe75912a@group-8233CFDFBA5F-LeaderElection52] INFO  impl.RoleInfo (RoleInfo.java:shutdownLeaderElection(121)) - a49f3fd7-aca1-41c1-ad3c-01adfe75912a: shutdown a49f3fd7-aca1-41c1-ad3c-01adfe75912a@group-8233CFDFBA5F-LeaderElection52
2022-04-26 01:55:03,074 [a49f3fd7-aca1-41c1-ad3c-01adfe75912a@group-8233CFDFBA5F-LeaderElection52] INFO  server.RaftServer$Division (RaftServerImpl.java:setRole(290)) - a49f3fd7-aca1-41c1-ad3c-01adfe75912a@group-8233CFDFBA5F: changes role from CANDIDATE to LEADER at term 1 for changeToLeader
2022-04-26 01:55:03,074 [a49f3fd7-aca1-41c1-ad3c-01adfe75912a@group-8233CFDFBA5F-LeaderElection52] INFO  ratis.XceiverServerRatis (XceiverServerRatis.java:handleLeaderChangedNotification(863)) - Leader change notification received for group: group-8233CFDFBA5F with new leaderId: a49f3fd7-aca1-41c1-ad3c-01adfe75912a
2022-04-26 01:55:03,097 [a49f3fd7-aca1-41c1-ad3c-01adfe75912a@group-8233CFDFBA5F-LeaderElection52] INFO  server.RaftServer$Division (ServerState.java:setLeader(285)) - a49f3fd7-aca1-41c1-ad3c-01adfe75912a@group-8233CFDFBA5F: change Leader from null to a49f3fd7-aca1-41c1-ad3c-01adfe75912a at term 1 for becomeLeader, leader elected after 5228ms
2022-04-26 01:55:03,097 [a49f3fd7-aca1-41c1-ad3c-01adfe75912a@group-8233CFDFBA5F-LeaderElection52] INFO  server.RaftServerConfigKeys (ConfUtils.java:logGet(44)) - raft.server.staging.catchup.gap = 1000 (default)
2022-04-26 01:55:03,098 [a49f3fd7-aca1-41c1-ad3c-01adfe75912a@group-8233CFDFBA5F-LeaderElection52] INFO  server.RaftServerConfigKeys (ConfUtils.java:logGet(44)) - raft.server.write.element-limit = 1024 (custom)
2022-04-26 01:55:03,098 [a49f3fd7-aca1-41c1-ad3c-01adfe75912a@group-8233CFDFBA5F-LeaderElection52] INFO  server.RaftServerConfigKeys (ConfUtils.java:logGet(44)) - raft.server.write.byte-limit = 1024 M (=1073741824) (custom)
2022-04-26 01:55:03,098 [a49f3fd7-aca1-41c1-ad3c-01adfe75912a@group-8233CFDFBA5F-LeaderElection52] INFO  server.RaftServerConfigKeys (ConfUtils.java:logGet(44)) - raft.server.watch.timeout = 180s (custom)
2022-04-26 01:55:03,098 [a49f3fd7-aca1-41c1-ad3c-01adfe75912a@group-8233CFDFBA5F-LeaderElection52] INFO  server.RaftServerConfigKeys (ConfUtils.java:logGet(44)) - raft.server.watch.timeout.denomination = 1s (default)
2022-04-26 01:55:03,098 [a49f3fd7-aca1-41c1-ad3c-01adfe75912a@group-8233CFDFBA5F-LeaderElection52] INFO  server.RaftServerConfigKeys (ConfUtils.java:logGet(44)) - raft.server.watch.element-limit = 65536 (default)
2022-04-26 01:55:03,098 [a49f3fd7-aca1-41c1-ad3c-01adfe75912a@group-8233CFDFBA5F-LeaderElection52] INFO  server.RaftServerConfigKeys (ConfUtils.java:logGet(44)) - raft.server.write.element-limit = 1024 (custom)
2022-04-26 01:55:03,098 [a49f3fd7-aca1-41c1-ad3c-01adfe75912a@group-8233CFDFBA5F-LeaderElection52] INFO  server.RaftServerConfigKeys (ConfUtils.java:logGet(44)) - raft.server.write.follower.gap.ratio.max = -1.0 (default)
2022-04-26 01:55:03,098 [a49f3fd7-aca1-41c1-ad3c-01adfe75912a@group-8233CFDFBA5F-LeaderElection52] INFO  impl.RoleInfo (RoleInfo.java:updateAndGet(130)) - a49f3fd7-aca1-41c1-ad3c-01adfe75912a: start a49f3fd7-aca1-41c1-ad3c-01adfe75912a@group-8233CFDFBA5F-LeaderStateImpl
2022-04-26 01:55:03,099 [a49f3fd7-aca1-41c1-ad3c-01adfe75912a@group-8233CFDFBA5F-LeaderElection52] INFO  segmented.SegmentedRaftLogWorker (SegmentedRaftLogWorker.java:startLogSegment(394)) - a49f3fd7-aca1-41c1-ad3c-01adfe75912a@group-8233CFDFBA5F-SegmentedRaftLogWorker: Starting segment from index:0
2022-04-26 01:55:03,102 [a49f3fd7-aca1-41c1-ad3c-01adfe75912a@group-8233CFDFBA5F-SegmentedRaftLogWorker] INFO  segmented.SegmentedRaftLogWorker (SegmentedRaftLogWorker.java:execute(601)) - a49f3fd7-aca1-41c1-ad3c-01adfe75912a@group-8233CFDFBA5F-SegmentedRaftLogWorker: created new log segment /home/runner/work/ozone/ozone/hadoop-ozone/integration-test/target/test-dir/MiniOzoneClusterImpl-b265c8eb-45a8-4330-a699-f70d21251437/datanode-2/data/ratis/ad4a3e4a-882d-4220-ba6f-8233cfdfba5f/current/log_inprogress_0
2022-04-26 01:55:03,118 [a49f3fd7-aca1-41c1-ad3c-01adfe75912a@group-8233CFDFBA5F-LeaderElection52] INFO  server.RaftServer$Division (ServerState.java:setRaftConf(387)) - a49f3fd7-aca1-41c1-ad3c-01adfe75912a@group-8233CFDFBA5F: set configuration 0: [a49f3fd7-aca1-41c1-ad3c-01adfe75912a|rpc:10.1.0.42:39407|dataStream:|priority:1], old=null
01:55:03.452 [IPC Server handler 8 on default port 35711] ERROR OMAudit - user=runner | ip=127.0.0.1 | op=LOOKUP_FILE {volume=volume11484, bucket=bucket58947, key=file_notexist, dataSize=0, replicationConfig=null} | ret=FAILURE
org.apache.hadoop.ozone.om.exceptions.OMException: Unable to get file status: volume: volume11484 bucket: bucket58947 key: file_notexist
	at org.apache.hadoop.ozone.om.KeyManagerImpl.getOzoneFileStatus(KeyManagerImpl.java:1280) ~[ozone-manager-1.3.0-SNAPSHOT.jar:?]
	at org.apache.hadoop.ozone.om.KeyManagerImpl.lookupFile(KeyManagerImpl.java:1392) ~[ozone-manager-1.3.0-SNAPSHOT.jar:?]
	at org.apache.hadoop.ozone.om.OzoneManager.lookupFile(OzoneManager.java:3047) ~[ozone-manager-1.3.0-SNAPSHOT.jar:?]
	at org.apache.hadoop.ozone.protocolPB.OzoneManagerRequestHandler.lookupFile(OzoneManagerRequestHandler.java:716) ~[ozone-manager-1.3.0-SNAPSHOT.jar:?]
	at org.apache.hadoop.ozone.protocolPB.OzoneManagerRequestHandler.handleReadRequest(OzoneManagerRequestHandler.java:207) ~[ozone-manager-1.3.0-SNAPSHOT.jar:?]
	at org.apache.hadoop.ozone.protocolPB.OzoneManagerProtocolServerSideTranslatorPB.submitRequestDirectlyToOM(OzoneManagerProtocolServerSideTranslatorPB.java:271) ~[ozone-manager-1.3.0-SNAPSHOT.jar:?]
	at org.apache.hadoop.ozone.protocolPB.OzoneManagerProtocolServerSideTranslatorPB.processRequest(OzoneManagerProtocolServerSideTranslatorPB.java:195) ~[ozone-manager-1.3.0-SNAPSHOT.jar:?]
	at org.apache.hadoop.hdds.server.OzoneProtocolMessageDispatcher.processRequest(OzoneProtocolMessageDispatcher.java:87) [hdds-server-framework-1.3.0-SNAPSHOT.jar:?]
	at org.apache.hadoop.ozone.protocolPB.OzoneManagerProtocolServerSideTranslatorPB.submitRequest(OzoneManagerProtocolServerSideTranslatorPB.java:146) [ozone-manager-1.3.0-SNAPSHOT.jar:?]
	at org.apache.hadoop.ozone.protocol.proto.OzoneManagerProtocolProtos$OzoneManagerService$2.callBlockingMethod(OzoneManagerProtocolProtos.java) [ozone-interface-client-1.3.0-SNAPSHOT.jar:?]
	at org.apache.hadoop.ipc.ProtobufRpcEngine$Server.processCall(ProtobufRpcEngine.java:466) [hadoop-common-3.3.1.jar:?]
	at org.apache.hadoop.ipc.ProtobufRpcEngine2$Server$ProtoBufRpcInvoker.call(ProtobufRpcEngine2.java:574) [hadoop-common-3.3.1.jar:?]
	at org.apache.hadoop.ipc.ProtobufRpcEngine2$Server$ProtoBufRpcInvoker.call(ProtobufRpcEngine2.java:552) [hadoop-common-3.3.1.jar:?]
	at org.apache.hadoop.ipc.RPC$Server.call(RPC.java:1093) [hadoop-common-3.3.1.jar:?]
	at org.apache.hadoop.ipc.Server$RpcCall.run(Server.java:1035) [hadoop-common-3.3.1.jar:?]
	at org.apache.hadoop.ipc.Server$RpcCall.run(Server.java:963) [hadoop-common-3.3.1.jar:?]
	at java.security.AccessController.doPrivileged(Native Method) ~[?:1.8.0_322]
	at javax.security.auth.Subject.doAs(Subject.java:422) [?:1.8.0_322]
	at org.apache.hadoop.security.UserGroupInformation.doAs(UserGroupInformation.java:1878) [hadoop-common-3.3.1.jar:?]
	at org.apache.hadoop.ipc.Server$Handler.run(Server.java:2966) [hadoop-common-3.3.1.jar:?]
]]></system-out>
  </testcase>
  <testcase name="testRenameFile" classname="TestOzoneFileSystem" time="0.091">
    <system-out><![CDATA[01:51:49.516 [IPC Server handler 11 on default port 44011] ERROR OMAudit - user=runner | ip=127.0.0.1 | op=GET_FILE_STATUS {volume=volume70938, bucket=bucket97532, key=root/file1, dataSize=0, replicationConfig=null} | ret=FAILURE
org.apache.hadoop.ozone.om.exceptions.OMException: Unable to get file status: volume: volume70938 bucket: bucket97532 key: root/file1
	at org.apache.hadoop.ozone.om.KeyManagerImpl.getOzoneFileStatus(KeyManagerImpl.java:1280) ~[ozone-manager-1.3.0-SNAPSHOT.jar:?]
	at org.apache.hadoop.ozone.om.KeyManagerImpl.getFileStatus(KeyManagerImpl.java:1210) ~[ozone-manager-1.3.0-SNAPSHOT.jar:?]
	at org.apache.hadoop.ozone.om.OzoneManager.getFileStatus(OzoneManager.java:3009) ~[ozone-manager-1.3.0-SNAPSHOT.jar:?]
	at org.apache.hadoop.ozone.protocolPB.OzoneManagerRequestHandler.getOzoneFileStatus(OzoneManagerRequestHandler.java:670) ~[ozone-manager-1.3.0-SNAPSHOT.jar:?]
	at org.apache.hadoop.ozone.protocolPB.OzoneManagerRequestHandler.handleReadRequest(OzoneManagerRequestHandler.java:201) ~[ozone-manager-1.3.0-SNAPSHOT.jar:?]
	at org.apache.hadoop.ozone.protocolPB.OzoneManagerProtocolServerSideTranslatorPB.submitReadRequestToOM(OzoneManagerProtocolServerSideTranslatorPB.java:213) ~[ozone-manager-1.3.0-SNAPSHOT.jar:?]
	at org.apache.hadoop.ozone.protocolPB.OzoneManagerProtocolServerSideTranslatorPB.processRequest(OzoneManagerProtocolServerSideTranslatorPB.java:174) ~[ozone-manager-1.3.0-SNAPSHOT.jar:?]
	at org.apache.hadoop.hdds.server.OzoneProtocolMessageDispatcher.processRequest(OzoneProtocolMessageDispatcher.java:87) [hdds-server-framework-1.3.0-SNAPSHOT.jar:?]
	at org.apache.hadoop.ozone.protocolPB.OzoneManagerProtocolServerSideTranslatorPB.submitRequest(OzoneManagerProtocolServerSideTranslatorPB.java:146) [ozone-manager-1.3.0-SNAPSHOT.jar:?]
	at org.apache.hadoop.ozone.protocol.proto.OzoneManagerProtocolProtos$OzoneManagerService$2.callBlockingMethod(OzoneManagerProtocolProtos.java) [ozone-interface-client-1.3.0-SNAPSHOT.jar:?]
	at org.apache.hadoop.ipc.ProtobufRpcEngine$Server.processCall(ProtobufRpcEngine.java:466) [hadoop-common-3.3.1.jar:?]
	at org.apache.hadoop.ipc.ProtobufRpcEngine2$Server$ProtoBufRpcInvoker.call(ProtobufRpcEngine2.java:574) [hadoop-common-3.3.1.jar:?]
	at org.apache.hadoop.ipc.ProtobufRpcEngine2$Server$ProtoBufRpcInvoker.call(ProtobufRpcEngine2.java:552) [hadoop-common-3.3.1.jar:?]
	at org.apache.hadoop.ipc.RPC$Server.call(RPC.java:1093) [hadoop-common-3.3.1.jar:?]
	at org.apache.hadoop.ipc.Server$RpcCall.run(Server.java:1035) [hadoop-common-3.3.1.jar:?]
	at org.apache.hadoop.ipc.Server$RpcCall.run(Server.java:963) [hadoop-common-3.3.1.jar:?]
	at java.security.AccessController.doPrivileged(Native Method) ~[?:1.8.0_322]
	at javax.security.auth.Subject.doAs(Subject.java:422) [?:1.8.0_322]
	at org.apache.hadoop.security.UserGroupInformation.doAs(UserGroupInformation.java:1878) [hadoop-common-3.3.1.jar:?]
	at org.apache.hadoop.ipc.Server$Handler.run(Server.java:2966) [hadoop-common-3.3.1.jar:?]
]]></system-out>
  </testcase>
  <testcase name="testRenameFile" classname="TestOzoneFileSystem" time="0.061">
    <system-out><![CDATA[01:52:46.918 [IPC Server handler 12 on default port 46323] ERROR OMAudit - user=runner | ip=127.0.0.1 | op=GET_FILE_STATUS {volume=volume68825, bucket=bucket30700, key=root/file1, dataSize=0, replicationConfig=null} | ret=FAILURE
org.apache.hadoop.ozone.om.exceptions.OMException: Unable to get file status: volume: volume68825 bucket: bucket30700 key: root/file1
	at org.apache.hadoop.ozone.om.KeyManagerImpl.getOzoneFileStatus(KeyManagerImpl.java:1280) ~[ozone-manager-1.3.0-SNAPSHOT.jar:?]
	at org.apache.hadoop.ozone.om.KeyManagerImpl.getFileStatus(KeyManagerImpl.java:1210) ~[ozone-manager-1.3.0-SNAPSHOT.jar:?]
	at org.apache.hadoop.ozone.om.OzoneManager.getFileStatus(OzoneManager.java:3009) ~[ozone-manager-1.3.0-SNAPSHOT.jar:?]
	at org.apache.hadoop.ozone.protocolPB.OzoneManagerRequestHandler.getOzoneFileStatus(OzoneManagerRequestHandler.java:670) ~[ozone-manager-1.3.0-SNAPSHOT.jar:?]
	at org.apache.hadoop.ozone.protocolPB.OzoneManagerRequestHandler.handleReadRequest(OzoneManagerRequestHandler.java:201) ~[ozone-manager-1.3.0-SNAPSHOT.jar:?]
	at org.apache.hadoop.ozone.protocolPB.OzoneManagerProtocolServerSideTranslatorPB.submitRequestDirectlyToOM(OzoneManagerProtocolServerSideTranslatorPB.java:271) ~[ozone-manager-1.3.0-SNAPSHOT.jar:?]
	at org.apache.hadoop.ozone.protocolPB.OzoneManagerProtocolServerSideTranslatorPB.processRequest(OzoneManagerProtocolServerSideTranslatorPB.java:195) ~[ozone-manager-1.3.0-SNAPSHOT.jar:?]
	at org.apache.hadoop.hdds.server.OzoneProtocolMessageDispatcher.processRequest(OzoneProtocolMessageDispatcher.java:87) [hdds-server-framework-1.3.0-SNAPSHOT.jar:?]
	at org.apache.hadoop.ozone.protocolPB.OzoneManagerProtocolServerSideTranslatorPB.submitRequest(OzoneManagerProtocolServerSideTranslatorPB.java:146) [ozone-manager-1.3.0-SNAPSHOT.jar:?]
	at org.apache.hadoop.ozone.protocol.proto.OzoneManagerProtocolProtos$OzoneManagerService$2.callBlockingMethod(OzoneManagerProtocolProtos.java) [ozone-interface-client-1.3.0-SNAPSHOT.jar:?]
	at org.apache.hadoop.ipc.ProtobufRpcEngine$Server.processCall(ProtobufRpcEngine.java:466) [hadoop-common-3.3.1.jar:?]
	at org.apache.hadoop.ipc.ProtobufRpcEngine2$Server$ProtoBufRpcInvoker.call(ProtobufRpcEngine2.java:574) [hadoop-common-3.3.1.jar:?]
	at org.apache.hadoop.ipc.ProtobufRpcEngine2$Server$ProtoBufRpcInvoker.call(ProtobufRpcEngine2.java:552) [hadoop-common-3.3.1.jar:?]
	at org.apache.hadoop.ipc.RPC$Server.call(RPC.java:1093) [hadoop-common-3.3.1.jar:?]
	at org.apache.hadoop.ipc.Server$RpcCall.run(Server.java:1035) [hadoop-common-3.3.1.jar:?]
	at org.apache.hadoop.ipc.Server$RpcCall.run(Server.java:963) [hadoop-common-3.3.1.jar:?]
	at java.security.AccessController.doPrivileged(Native Method) ~[?:1.8.0_322]
	at javax.security.auth.Subject.doAs(Subject.java:422) [?:1.8.0_322]
	at org.apache.hadoop.security.UserGroupInformation.doAs(UserGroupInformation.java:1878) [hadoop-common-3.3.1.jar:?]
	at org.apache.hadoop.ipc.Server$Handler.run(Server.java:2966) [hadoop-common-3.3.1.jar:?]
]]></system-out>
  </testcase>
  <testcase name="testRenameFile" classname="TestOzoneFileSystem" time="0.052">
    <system-out><![CDATA[01:53:53.004 [IPC Server handler 12 on default port 40803] ERROR OMAudit - user=runner | ip=127.0.0.1 | op=GET_FILE_STATUS {volume=volume85710, bucket=bucket48480, key=root/file1, dataSize=0, replicationConfig=null} | ret=FAILURE
org.apache.hadoop.ozone.om.exceptions.OMException: Unable to get file status: volume: volume85710 bucket: bucket48480 key: root/file1
	at org.apache.hadoop.ozone.om.KeyManagerImpl.getOzoneFileStatus(KeyManagerImpl.java:1280) ~[ozone-manager-1.3.0-SNAPSHOT.jar:?]
	at org.apache.hadoop.ozone.om.KeyManagerImpl.getFileStatus(KeyManagerImpl.java:1210) ~[ozone-manager-1.3.0-SNAPSHOT.jar:?]
	at org.apache.hadoop.ozone.om.OzoneManager.getFileStatus(OzoneManager.java:3009) ~[ozone-manager-1.3.0-SNAPSHOT.jar:?]
	at org.apache.hadoop.ozone.protocolPB.OzoneManagerRequestHandler.getOzoneFileStatus(OzoneManagerRequestHandler.java:670) ~[ozone-manager-1.3.0-SNAPSHOT.jar:?]
	at org.apache.hadoop.ozone.protocolPB.OzoneManagerRequestHandler.handleReadRequest(OzoneManagerRequestHandler.java:201) ~[ozone-manager-1.3.0-SNAPSHOT.jar:?]
	at org.apache.hadoop.ozone.protocolPB.OzoneManagerProtocolServerSideTranslatorPB.submitReadRequestToOM(OzoneManagerProtocolServerSideTranslatorPB.java:213) ~[ozone-manager-1.3.0-SNAPSHOT.jar:?]
	at org.apache.hadoop.ozone.protocolPB.OzoneManagerProtocolServerSideTranslatorPB.processRequest(OzoneManagerProtocolServerSideTranslatorPB.java:174) ~[ozone-manager-1.3.0-SNAPSHOT.jar:?]
	at org.apache.hadoop.hdds.server.OzoneProtocolMessageDispatcher.processRequest(OzoneProtocolMessageDispatcher.java:87) [hdds-server-framework-1.3.0-SNAPSHOT.jar:?]
	at org.apache.hadoop.ozone.protocolPB.OzoneManagerProtocolServerSideTranslatorPB.submitRequest(OzoneManagerProtocolServerSideTranslatorPB.java:146) [ozone-manager-1.3.0-SNAPSHOT.jar:?]
	at org.apache.hadoop.ozone.protocol.proto.OzoneManagerProtocolProtos$OzoneManagerService$2.callBlockingMethod(OzoneManagerProtocolProtos.java) [ozone-interface-client-1.3.0-SNAPSHOT.jar:?]
	at org.apache.hadoop.ipc.ProtobufRpcEngine$Server.processCall(ProtobufRpcEngine.java:466) [hadoop-common-3.3.1.jar:?]
	at org.apache.hadoop.ipc.ProtobufRpcEngine2$Server$ProtoBufRpcInvoker.call(ProtobufRpcEngine2.java:574) [hadoop-common-3.3.1.jar:?]
	at org.apache.hadoop.ipc.ProtobufRpcEngine2$Server$ProtoBufRpcInvoker.call(ProtobufRpcEngine2.java:552) [hadoop-common-3.3.1.jar:?]
	at org.apache.hadoop.ipc.RPC$Server.call(RPC.java:1093) [hadoop-common-3.3.1.jar:?]
	at org.apache.hadoop.ipc.Server$RpcCall.run(Server.java:1035) [hadoop-common-3.3.1.jar:?]
	at org.apache.hadoop.ipc.Server$RpcCall.run(Server.java:963) [hadoop-common-3.3.1.jar:?]
	at java.security.AccessController.doPrivileged(Native Method) ~[?:1.8.0_322]
	at javax.security.auth.Subject.doAs(Subject.java:422) [?:1.8.0_322]
	at org.apache.hadoop.security.UserGroupInformation.doAs(UserGroupInformation.java:1878) [hadoop-common-3.3.1.jar:?]
	at org.apache.hadoop.ipc.Server$Handler.run(Server.java:2966) [hadoop-common-3.3.1.jar:?]
]]></system-out>
  </testcase>
  <testcase name="testRenameFile" classname="TestOzoneFileSystem" time="0.095">
    <system-out><![CDATA[01:55:03.542 [IPC Server handler 12 on default port 35711] ERROR OMAudit - user=runner | ip=127.0.0.1 | op=GET_FILE_STATUS {volume=volume11484, bucket=bucket58947, key=root/file1, dataSize=0, replicationConfig=null} | ret=FAILURE
org.apache.hadoop.ozone.om.exceptions.OMException: Unable to get file status: volume: volume11484 bucket: bucket58947 key: root/file1
	at org.apache.hadoop.ozone.om.KeyManagerImpl.getOzoneFileStatus(KeyManagerImpl.java:1280) ~[ozone-manager-1.3.0-SNAPSHOT.jar:?]
	at org.apache.hadoop.ozone.om.KeyManagerImpl.getFileStatus(KeyManagerImpl.java:1210) ~[ozone-manager-1.3.0-SNAPSHOT.jar:?]
	at org.apache.hadoop.ozone.om.OzoneManager.getFileStatus(OzoneManager.java:3009) ~[ozone-manager-1.3.0-SNAPSHOT.jar:?]
	at org.apache.hadoop.ozone.protocolPB.OzoneManagerRequestHandler.getOzoneFileStatus(OzoneManagerRequestHandler.java:670) ~[ozone-manager-1.3.0-SNAPSHOT.jar:?]
	at org.apache.hadoop.ozone.protocolPB.OzoneManagerRequestHandler.handleReadRequest(OzoneManagerRequestHandler.java:201) ~[ozone-manager-1.3.0-SNAPSHOT.jar:?]
	at org.apache.hadoop.ozone.protocolPB.OzoneManagerProtocolServerSideTranslatorPB.submitRequestDirectlyToOM(OzoneManagerProtocolServerSideTranslatorPB.java:271) ~[ozone-manager-1.3.0-SNAPSHOT.jar:?]
	at org.apache.hadoop.ozone.protocolPB.OzoneManagerProtocolServerSideTranslatorPB.processRequest(OzoneManagerProtocolServerSideTranslatorPB.java:195) ~[ozone-manager-1.3.0-SNAPSHOT.jar:?]
	at org.apache.hadoop.hdds.server.OzoneProtocolMessageDispatcher.processRequest(OzoneProtocolMessageDispatcher.java:87) [hdds-server-framework-1.3.0-SNAPSHOT.jar:?]
	at org.apache.hadoop.ozone.protocolPB.OzoneManagerProtocolServerSideTranslatorPB.submitRequest(OzoneManagerProtocolServerSideTranslatorPB.java:146) [ozone-manager-1.3.0-SNAPSHOT.jar:?]
	at org.apache.hadoop.ozone.protocol.proto.OzoneManagerProtocolProtos$OzoneManagerService$2.callBlockingMethod(OzoneManagerProtocolProtos.java) [ozone-interface-client-1.3.0-SNAPSHOT.jar:?]
	at org.apache.hadoop.ipc.ProtobufRpcEngine$Server.processCall(ProtobufRpcEngine.java:466) [hadoop-common-3.3.1.jar:?]
	at org.apache.hadoop.ipc.ProtobufRpcEngine2$Server$ProtoBufRpcInvoker.call(ProtobufRpcEngine2.java:574) [hadoop-common-3.3.1.jar:?]
	at org.apache.hadoop.ipc.ProtobufRpcEngine2$Server$ProtoBufRpcInvoker.call(ProtobufRpcEngine2.java:552) [hadoop-common-3.3.1.jar:?]
	at org.apache.hadoop.ipc.RPC$Server.call(RPC.java:1093) [hadoop-common-3.3.1.jar:?]
	at org.apache.hadoop.ipc.Server$RpcCall.run(Server.java:1035) [hadoop-common-3.3.1.jar:?]
	at org.apache.hadoop.ipc.Server$RpcCall.run(Server.java:963) [hadoop-common-3.3.1.jar:?]
	at java.security.AccessController.doPrivileged(Native Method) ~[?:1.8.0_322]
	at javax.security.auth.Subject.doAs(Subject.java:422) [?:1.8.0_322]
	at org.apache.hadoop.security.UserGroupInformation.doAs(UserGroupInformation.java:1878) [hadoop-common-3.3.1.jar:?]
	at org.apache.hadoop.ipc.Server$Handler.run(Server.java:2966) [hadoop-common-3.3.1.jar:?]
]]></system-out>
  </testcase>
  <testcase name="testRenameDir" classname="TestOzoneFileSystem" time="0.047">
    <system-out><![CDATA[2022-04-26 01:51:49,588 [Time-limited test] INFO  ozone.TestOzoneFileSystem (TestOzoneFileSystem.java:testRenameDir(1114)) - Created dir o3fs://bucket97532.volume70938/root_dir/dir1/sub_dir1
2022-04-26 01:51:49,588 [Time-limited test] INFO  ozone.TestOzoneFileSystem (TestOzoneFileSystem.java:testRenameDir(1115)) - Will move o3fs://bucket97532.volume70938/root_dir/dir1 to o3fs://bucket97532.volume70938/root_dir/dir1.renamed
01:51:49.591 [IPC Server handler 18 on default port 44011] ERROR OMAudit - user=runner | ip=127.0.0.1 | op=GET_FILE_STATUS {volume=volume70938, bucket=bucket97532, key=root_dir/dir1.renamed, dataSize=0, replicationConfig=null} | ret=FAILURE
org.apache.hadoop.ozone.om.exceptions.OMException: Unable to get file status: volume: volume70938 bucket: bucket97532 key: root_dir/dir1.renamed
	at org.apache.hadoop.ozone.om.KeyManagerImpl.getOzoneFileStatus(KeyManagerImpl.java:1280) ~[ozone-manager-1.3.0-SNAPSHOT.jar:?]
	at org.apache.hadoop.ozone.om.KeyManagerImpl.getFileStatus(KeyManagerImpl.java:1210) ~[ozone-manager-1.3.0-SNAPSHOT.jar:?]
	at org.apache.hadoop.ozone.om.OzoneManager.getFileStatus(OzoneManager.java:3009) ~[ozone-manager-1.3.0-SNAPSHOT.jar:?]
	at org.apache.hadoop.ozone.protocolPB.OzoneManagerRequestHandler.getOzoneFileStatus(OzoneManagerRequestHandler.java:670) ~[ozone-manager-1.3.0-SNAPSHOT.jar:?]
	at org.apache.hadoop.ozone.protocolPB.OzoneManagerRequestHandler.handleReadRequest(OzoneManagerRequestHandler.java:201) ~[ozone-manager-1.3.0-SNAPSHOT.jar:?]
	at org.apache.hadoop.ozone.protocolPB.OzoneManagerProtocolServerSideTranslatorPB.submitReadRequestToOM(OzoneManagerProtocolServerSideTranslatorPB.java:213) ~[ozone-manager-1.3.0-SNAPSHOT.jar:?]
	at org.apache.hadoop.ozone.protocolPB.OzoneManagerProtocolServerSideTranslatorPB.processRequest(OzoneManagerProtocolServerSideTranslatorPB.java:174) ~[ozone-manager-1.3.0-SNAPSHOT.jar:?]
	at org.apache.hadoop.hdds.server.OzoneProtocolMessageDispatcher.processRequest(OzoneProtocolMessageDispatcher.java:87) [hdds-server-framework-1.3.0-SNAPSHOT.jar:?]
	at org.apache.hadoop.ozone.protocolPB.OzoneManagerProtocolServerSideTranslatorPB.submitRequest(OzoneManagerProtocolServerSideTranslatorPB.java:146) [ozone-manager-1.3.0-SNAPSHOT.jar:?]
	at org.apache.hadoop.ozone.protocol.proto.OzoneManagerProtocolProtos$OzoneManagerService$2.callBlockingMethod(OzoneManagerProtocolProtos.java) [ozone-interface-client-1.3.0-SNAPSHOT.jar:?]
	at org.apache.hadoop.ipc.ProtobufRpcEngine$Server.processCall(ProtobufRpcEngine.java:466) [hadoop-common-3.3.1.jar:?]
	at org.apache.hadoop.ipc.ProtobufRpcEngine2$Server$ProtoBufRpcInvoker.call(ProtobufRpcEngine2.java:574) [hadoop-common-3.3.1.jar:?]
	at org.apache.hadoop.ipc.ProtobufRpcEngine2$Server$ProtoBufRpcInvoker.call(ProtobufRpcEngine2.java:552) [hadoop-common-3.3.1.jar:?]
	at org.apache.hadoop.ipc.RPC$Server.call(RPC.java:1093) [hadoop-common-3.3.1.jar:?]
	at org.apache.hadoop.ipc.Server$RpcCall.run(Server.java:1035) [hadoop-common-3.3.1.jar:?]
	at org.apache.hadoop.ipc.Server$RpcCall.run(Server.java:963) [hadoop-common-3.3.1.jar:?]
	at java.security.AccessController.doPrivileged(Native Method) ~[?:1.8.0_322]
	at javax.security.auth.Subject.doAs(Subject.java:422) [?:1.8.0_322]
	at org.apache.hadoop.security.UserGroupInformation.doAs(UserGroupInformation.java:1878) [hadoop-common-3.3.1.jar:?]
	at org.apache.hadoop.ipc.Server$Handler.run(Server.java:2966) [hadoop-common-3.3.1.jar:?]
]]></system-out>
  </testcase>
  <testcase name="testRenameDir" classname="TestOzoneFileSystem" time="0.058">
    <system-out><![CDATA[2022-04-26 01:52:46,957 [Time-limited test] INFO  ozone.TestOzoneFileSystem (TestOzoneFileSystem.java:testRenameDir(1114)) - Created dir o3fs://bucket30700.volume68825/root_dir/dir1/sub_dir1
2022-04-26 01:52:46,957 [Time-limited test] INFO  ozone.TestOzoneFileSystem (TestOzoneFileSystem.java:testRenameDir(1115)) - Will move o3fs://bucket30700.volume68825/root_dir/dir1 to o3fs://bucket30700.volume68825/root_dir/dir1.renamed
01:52:46.962 [IPC Server handler 1 on default port 46323] ERROR OMAudit - user=runner | ip=127.0.0.1 | op=GET_FILE_STATUS {volume=volume68825, bucket=bucket30700, key=root_dir/dir1.renamed, dataSize=0, replicationConfig=null} | ret=FAILURE
org.apache.hadoop.ozone.om.exceptions.OMException: Unable to get file status: volume: volume68825 bucket: bucket30700 key: root_dir/dir1.renamed
	at org.apache.hadoop.ozone.om.KeyManagerImpl.getOzoneFileStatus(KeyManagerImpl.java:1280) ~[ozone-manager-1.3.0-SNAPSHOT.jar:?]
	at org.apache.hadoop.ozone.om.KeyManagerImpl.getFileStatus(KeyManagerImpl.java:1210) ~[ozone-manager-1.3.0-SNAPSHOT.jar:?]
	at org.apache.hadoop.ozone.om.OzoneManager.getFileStatus(OzoneManager.java:3009) ~[ozone-manager-1.3.0-SNAPSHOT.jar:?]
	at org.apache.hadoop.ozone.protocolPB.OzoneManagerRequestHandler.getOzoneFileStatus(OzoneManagerRequestHandler.java:670) ~[ozone-manager-1.3.0-SNAPSHOT.jar:?]
	at org.apache.hadoop.ozone.protocolPB.OzoneManagerRequestHandler.handleReadRequest(OzoneManagerRequestHandler.java:201) ~[ozone-manager-1.3.0-SNAPSHOT.jar:?]
	at org.apache.hadoop.ozone.protocolPB.OzoneManagerProtocolServerSideTranslatorPB.submitRequestDirectlyToOM(OzoneManagerProtocolServerSideTranslatorPB.java:271) ~[ozone-manager-1.3.0-SNAPSHOT.jar:?]
	at org.apache.hadoop.ozone.protocolPB.OzoneManagerProtocolServerSideTranslatorPB.processRequest(OzoneManagerProtocolServerSideTranslatorPB.java:195) ~[ozone-manager-1.3.0-SNAPSHOT.jar:?]
	at org.apache.hadoop.hdds.server.OzoneProtocolMessageDispatcher.processRequest(OzoneProtocolMessageDispatcher.java:87) [hdds-server-framework-1.3.0-SNAPSHOT.jar:?]
	at org.apache.hadoop.ozone.protocolPB.OzoneManagerProtocolServerSideTranslatorPB.submitRequest(OzoneManagerProtocolServerSideTranslatorPB.java:146) [ozone-manager-1.3.0-SNAPSHOT.jar:?]
	at org.apache.hadoop.ozone.protocol.proto.OzoneManagerProtocolProtos$OzoneManagerService$2.callBlockingMethod(OzoneManagerProtocolProtos.java) [ozone-interface-client-1.3.0-SNAPSHOT.jar:?]
	at org.apache.hadoop.ipc.ProtobufRpcEngine$Server.processCall(ProtobufRpcEngine.java:466) [hadoop-common-3.3.1.jar:?]
	at org.apache.hadoop.ipc.ProtobufRpcEngine2$Server$ProtoBufRpcInvoker.call(ProtobufRpcEngine2.java:574) [hadoop-common-3.3.1.jar:?]
	at org.apache.hadoop.ipc.ProtobufRpcEngine2$Server$ProtoBufRpcInvoker.call(ProtobufRpcEngine2.java:552) [hadoop-common-3.3.1.jar:?]
	at org.apache.hadoop.ipc.RPC$Server.call(RPC.java:1093) [hadoop-common-3.3.1.jar:?]
	at org.apache.hadoop.ipc.Server$RpcCall.run(Server.java:1035) [hadoop-common-3.3.1.jar:?]
	at org.apache.hadoop.ipc.Server$RpcCall.run(Server.java:963) [hadoop-common-3.3.1.jar:?]
	at java.security.AccessController.doPrivileged(Native Method) ~[?:1.8.0_322]
	at javax.security.auth.Subject.doAs(Subject.java:422) [?:1.8.0_322]
	at org.apache.hadoop.security.UserGroupInformation.doAs(UserGroupInformation.java:1878) [hadoop-common-3.3.1.jar:?]
	at org.apache.hadoop.ipc.Server$Handler.run(Server.java:2966) [hadoop-common-3.3.1.jar:?]
]]></system-out>
  </testcase>
  <testcase name="testRenameDir" classname="TestOzoneFileSystem" time="0.05">
    <system-out><![CDATA[2022-04-26 01:53:53,051 [Time-limited test] INFO  ozone.TestOzoneFileSystem (TestOzoneFileSystem.java:testRenameDir(1114)) - Created dir o3fs://bucket48480.volume85710/root_dir/dir1/sub_dir1
2022-04-26 01:53:53,051 [Time-limited test] INFO  ozone.TestOzoneFileSystem (TestOzoneFileSystem.java:testRenameDir(1115)) - Will move o3fs://bucket48480.volume85710/root_dir/dir1 to o3fs://bucket48480.volume85710/root_dir/dir1.renamed
01:53:53.058 [IPC Server handler 16 on default port 40803] ERROR OMAudit - user=runner | ip=127.0.0.1 | op=GET_FILE_STATUS {volume=volume85710, bucket=bucket48480, key=root_dir/dir1.renamed, dataSize=0, replicationConfig=null} | ret=FAILURE
org.apache.hadoop.ozone.om.exceptions.OMException: Unable to get file status: volume: volume85710 bucket: bucket48480 key: root_dir/dir1.renamed
	at org.apache.hadoop.ozone.om.KeyManagerImpl.getOzoneFileStatus(KeyManagerImpl.java:1280) ~[ozone-manager-1.3.0-SNAPSHOT.jar:?]
	at org.apache.hadoop.ozone.om.KeyManagerImpl.getFileStatus(KeyManagerImpl.java:1210) ~[ozone-manager-1.3.0-SNAPSHOT.jar:?]
	at org.apache.hadoop.ozone.om.OzoneManager.getFileStatus(OzoneManager.java:3009) ~[ozone-manager-1.3.0-SNAPSHOT.jar:?]
	at org.apache.hadoop.ozone.protocolPB.OzoneManagerRequestHandler.getOzoneFileStatus(OzoneManagerRequestHandler.java:670) ~[ozone-manager-1.3.0-SNAPSHOT.jar:?]
	at org.apache.hadoop.ozone.protocolPB.OzoneManagerRequestHandler.handleReadRequest(OzoneManagerRequestHandler.java:201) ~[ozone-manager-1.3.0-SNAPSHOT.jar:?]
	at org.apache.hadoop.ozone.protocolPB.OzoneManagerProtocolServerSideTranslatorPB.submitReadRequestToOM(OzoneManagerProtocolServerSideTranslatorPB.java:213) ~[ozone-manager-1.3.0-SNAPSHOT.jar:?]
	at org.apache.hadoop.ozone.protocolPB.OzoneManagerProtocolServerSideTranslatorPB.processRequest(OzoneManagerProtocolServerSideTranslatorPB.java:174) ~[ozone-manager-1.3.0-SNAPSHOT.jar:?]
	at org.apache.hadoop.hdds.server.OzoneProtocolMessageDispatcher.processRequest(OzoneProtocolMessageDispatcher.java:87) [hdds-server-framework-1.3.0-SNAPSHOT.jar:?]
	at org.apache.hadoop.ozone.protocolPB.OzoneManagerProtocolServerSideTranslatorPB.submitRequest(OzoneManagerProtocolServerSideTranslatorPB.java:146) [ozone-manager-1.3.0-SNAPSHOT.jar:?]
	at org.apache.hadoop.ozone.protocol.proto.OzoneManagerProtocolProtos$OzoneManagerService$2.callBlockingMethod(OzoneManagerProtocolProtos.java) [ozone-interface-client-1.3.0-SNAPSHOT.jar:?]
	at org.apache.hadoop.ipc.ProtobufRpcEngine$Server.processCall(ProtobufRpcEngine.java:466) [hadoop-common-3.3.1.jar:?]
	at org.apache.hadoop.ipc.ProtobufRpcEngine2$Server$ProtoBufRpcInvoker.call(ProtobufRpcEngine2.java:574) [hadoop-common-3.3.1.jar:?]
	at org.apache.hadoop.ipc.ProtobufRpcEngine2$Server$ProtoBufRpcInvoker.call(ProtobufRpcEngine2.java:552) [hadoop-common-3.3.1.jar:?]
	at org.apache.hadoop.ipc.RPC$Server.call(RPC.java:1093) [hadoop-common-3.3.1.jar:?]
	at org.apache.hadoop.ipc.Server$RpcCall.run(Server.java:1035) [hadoop-common-3.3.1.jar:?]
	at org.apache.hadoop.ipc.Server$RpcCall.run(Server.java:963) [hadoop-common-3.3.1.jar:?]
	at java.security.AccessController.doPrivileged(Native Method) ~[?:1.8.0_322]
	at javax.security.auth.Subject.doAs(Subject.java:422) [?:1.8.0_322]
	at org.apache.hadoop.security.UserGroupInformation.doAs(UserGroupInformation.java:1878) [hadoop-common-3.3.1.jar:?]
	at org.apache.hadoop.ipc.Server$Handler.run(Server.java:2966) [hadoop-common-3.3.1.jar:?]
]]></system-out>
  </testcase>
  <testcase name="testRenameDir" classname="TestOzoneFileSystem" time="0.071">
    <system-out><![CDATA[2022-04-26 01:55:03,579 [Time-limited test] INFO  ozone.TestOzoneFileSystem (TestOzoneFileSystem.java:testRenameDir(1114)) - Created dir o3fs://bucket58947.volume11484/root_dir/dir1/sub_dir1
2022-04-26 01:55:03,579 [Time-limited test] INFO  ozone.TestOzoneFileSystem (TestOzoneFileSystem.java:testRenameDir(1115)) - Will move o3fs://bucket58947.volume11484/root_dir/dir1 to o3fs://bucket58947.volume11484/root_dir/dir1.renamed
01:55:03.605 [IPC Server handler 17 on default port 35711] ERROR OMAudit - user=runner | ip=127.0.0.1 | op=GET_FILE_STATUS {volume=volume11484, bucket=bucket58947, key=root_dir/dir1.renamed, dataSize=0, replicationConfig=null} | ret=FAILURE
org.apache.hadoop.ozone.om.exceptions.OMException: Unable to get file status: volume: volume11484 bucket: bucket58947 key: root_dir/dir1.renamed
	at org.apache.hadoop.ozone.om.KeyManagerImpl.getOzoneFileStatus(KeyManagerImpl.java:1280) ~[ozone-manager-1.3.0-SNAPSHOT.jar:?]
	at org.apache.hadoop.ozone.om.KeyManagerImpl.getFileStatus(KeyManagerImpl.java:1210) ~[ozone-manager-1.3.0-SNAPSHOT.jar:?]
	at org.apache.hadoop.ozone.om.OzoneManager.getFileStatus(OzoneManager.java:3009) ~[ozone-manager-1.3.0-SNAPSHOT.jar:?]
	at org.apache.hadoop.ozone.protocolPB.OzoneManagerRequestHandler.getOzoneFileStatus(OzoneManagerRequestHandler.java:670) ~[ozone-manager-1.3.0-SNAPSHOT.jar:?]
	at org.apache.hadoop.ozone.protocolPB.OzoneManagerRequestHandler.handleReadRequest(OzoneManagerRequestHandler.java:201) ~[ozone-manager-1.3.0-SNAPSHOT.jar:?]
	at org.apache.hadoop.ozone.protocolPB.OzoneManagerProtocolServerSideTranslatorPB.submitRequestDirectlyToOM(OzoneManagerProtocolServerSideTranslatorPB.java:271) ~[ozone-manager-1.3.0-SNAPSHOT.jar:?]
	at org.apache.hadoop.ozone.protocolPB.OzoneManagerProtocolServerSideTranslatorPB.processRequest(OzoneManagerProtocolServerSideTranslatorPB.java:195) ~[ozone-manager-1.3.0-SNAPSHOT.jar:?]
	at org.apache.hadoop.hdds.server.OzoneProtocolMessageDispatcher.processRequest(OzoneProtocolMessageDispatcher.java:87) [hdds-server-framework-1.3.0-SNAPSHOT.jar:?]
	at org.apache.hadoop.ozone.protocolPB.OzoneManagerProtocolServerSideTranslatorPB.submitRequest(OzoneManagerProtocolServerSideTranslatorPB.java:146) [ozone-manager-1.3.0-SNAPSHOT.jar:?]
	at org.apache.hadoop.ozone.protocol.proto.OzoneManagerProtocolProtos$OzoneManagerService$2.callBlockingMethod(OzoneManagerProtocolProtos.java) [ozone-interface-client-1.3.0-SNAPSHOT.jar:?]
	at org.apache.hadoop.ipc.ProtobufRpcEngine$Server.processCall(ProtobufRpcEngine.java:466) [hadoop-common-3.3.1.jar:?]
	at org.apache.hadoop.ipc.ProtobufRpcEngine2$Server$ProtoBufRpcInvoker.call(ProtobufRpcEngine2.java:574) [hadoop-common-3.3.1.jar:?]
	at org.apache.hadoop.ipc.ProtobufRpcEngine2$Server$ProtoBufRpcInvoker.call(ProtobufRpcEngine2.java:552) [hadoop-common-3.3.1.jar:?]
	at org.apache.hadoop.ipc.RPC$Server.call(RPC.java:1093) [hadoop-common-3.3.1.jar:?]
	at org.apache.hadoop.ipc.Server$RpcCall.run(Server.java:1035) [hadoop-common-3.3.1.jar:?]
	at org.apache.hadoop.ipc.Server$RpcCall.run(Server.java:963) [hadoop-common-3.3.1.jar:?]
	at java.security.AccessController.doPrivileged(Native Method) ~[?:1.8.0_322]
	at javax.security.auth.Subject.doAs(Subject.java:422) [?:1.8.0_322]
	at org.apache.hadoop.security.UserGroupInformation.doAs(UserGroupInformation.java:1878) [hadoop-common-3.3.1.jar:?]
	at org.apache.hadoop.ipc.Server$Handler.run(Server.java:2966) [hadoop-common-3.3.1.jar:?]
]]></system-out>
  </testcase>
  <testcase name="testAllocateMoreThanOneBlock" classname="TestOzoneFileSystem" time="0.536"/>
  <testcase name="testAllocateMoreThanOneBlock" classname="TestOzoneFileSystem" time="1.162">
    <system-out><![CDATA[2022-04-26 01:52:47,311 [bb1850ef-697f-4d85-a277-10b40770eb06@group-0BB2447B8345-FollowerState] INFO  impl.FollowerState (FollowerState.java:run(134)) - bb1850ef-697f-4d85-a277-10b40770eb06@group-0BB2447B8345-FollowerState: change to CANDIDATE, lastRpcElapsedTime:5177940999ns, electionTimeout:5177ms
2022-04-26 01:52:47,311 [bb1850ef-697f-4d85-a277-10b40770eb06@group-0BB2447B8345-FollowerState] INFO  impl.RoleInfo (RoleInfo.java:shutdownFollowerState(108)) - bb1850ef-697f-4d85-a277-10b40770eb06: shutdown bb1850ef-697f-4d85-a277-10b40770eb06@group-0BB2447B8345-FollowerState
2022-04-26 01:52:47,311 [bb1850ef-697f-4d85-a277-10b40770eb06@group-0BB2447B8345-FollowerState] INFO  server.RaftServer$Division (RaftServerImpl.java:setRole(290)) - bb1850ef-697f-4d85-a277-10b40770eb06@group-0BB2447B8345: changes role from  FOLLOWER to CANDIDATE at term 0 for changeToCandidate
2022-04-26 01:52:47,311 [bb1850ef-697f-4d85-a277-10b40770eb06@group-0BB2447B8345-FollowerState] INFO  server.RaftServerConfigKeys (ConfUtils.java:logGet(44)) - raft.server.leaderelection.pre-vote = false (custom)
2022-04-26 01:52:47,311 [bb1850ef-697f-4d85-a277-10b40770eb06@group-0BB2447B8345-FollowerState] INFO  impl.RoleInfo (RoleInfo.java:updateAndGet(130)) - bb1850ef-697f-4d85-a277-10b40770eb06: start bb1850ef-697f-4d85-a277-10b40770eb06@group-0BB2447B8345-LeaderElection18
2022-04-26 01:52:47,397 [bb1850ef-697f-4d85-a277-10b40770eb06@group-0BB2447B8345-LeaderElection18] INFO  impl.LeaderElection (LeaderElection.java:askForVotes(306)) - bb1850ef-697f-4d85-a277-10b40770eb06@group-0BB2447B8345-LeaderElection18 ELECTION round 0: submit vote requests at term 1 for -1: [bb1850ef-697f-4d85-a277-10b40770eb06|rpc:10.1.0.42:42845|priority:1], old=null
2022-04-26 01:52:47,398 [bb1850ef-697f-4d85-a277-10b40770eb06@group-0BB2447B8345-LeaderElection18] INFO  impl.LeaderElection (LeaderElection.java:askForVotes(308)) - bb1850ef-697f-4d85-a277-10b40770eb06@group-0BB2447B8345-LeaderElection18 ELECTION round 0: result PASSED (term=1)
2022-04-26 01:52:47,398 [bb1850ef-697f-4d85-a277-10b40770eb06@group-0BB2447B8345-LeaderElection18] INFO  impl.RoleInfo (RoleInfo.java:shutdownLeaderElection(121)) - bb1850ef-697f-4d85-a277-10b40770eb06: shutdown bb1850ef-697f-4d85-a277-10b40770eb06@group-0BB2447B8345-LeaderElection18
2022-04-26 01:52:47,398 [bb1850ef-697f-4d85-a277-10b40770eb06@group-0BB2447B8345-LeaderElection18] INFO  server.RaftServer$Division (RaftServerImpl.java:setRole(290)) - bb1850ef-697f-4d85-a277-10b40770eb06@group-0BB2447B8345: changes role from CANDIDATE to LEADER at term 1 for changeToLeader
2022-04-26 01:52:47,398 [bb1850ef-697f-4d85-a277-10b40770eb06@group-0BB2447B8345-LeaderElection18] INFO  ratis.XceiverServerRatis (XceiverServerRatis.java:handleLeaderChangedNotification(863)) - Leader change notification received for group: group-0BB2447B8345 with new leaderId: bb1850ef-697f-4d85-a277-10b40770eb06
2022-04-26 01:52:47,431 [bb1850ef-697f-4d85-a277-10b40770eb06@group-0BB2447B8345-LeaderElection18] INFO  server.RaftServer$Division (ServerState.java:setLeader(285)) - bb1850ef-697f-4d85-a277-10b40770eb06@group-0BB2447B8345: change Leader from null to bb1850ef-697f-4d85-a277-10b40770eb06 at term 1 for becomeLeader, leader elected after 5293ms
2022-04-26 01:52:47,432 [bb1850ef-697f-4d85-a277-10b40770eb06@group-0BB2447B8345-LeaderElection18] INFO  server.RaftServerConfigKeys (ConfUtils.java:logGet(44)) - raft.server.staging.catchup.gap = 1000 (default)
2022-04-26 01:52:47,432 [bb1850ef-697f-4d85-a277-10b40770eb06@group-0BB2447B8345-LeaderElection18] INFO  server.RaftServerConfigKeys (ConfUtils.java:logGet(44)) - raft.server.write.element-limit = 1024 (custom)
2022-04-26 01:52:47,432 [bb1850ef-697f-4d85-a277-10b40770eb06@group-0BB2447B8345-LeaderElection18] INFO  server.RaftServerConfigKeys (ConfUtils.java:logGet(44)) - raft.server.write.byte-limit = 1024 M (=1073741824) (custom)
2022-04-26 01:52:47,432 [bb1850ef-697f-4d85-a277-10b40770eb06@group-0BB2447B8345-LeaderElection18] INFO  server.RaftServerConfigKeys (ConfUtils.java:logGet(44)) - raft.server.watch.timeout = 180s (custom)
2022-04-26 01:52:47,432 [bb1850ef-697f-4d85-a277-10b40770eb06@group-0BB2447B8345-LeaderElection18] INFO  server.RaftServerConfigKeys (ConfUtils.java:logGet(44)) - raft.server.watch.timeout.denomination = 1s (default)
2022-04-26 01:52:47,432 [bb1850ef-697f-4d85-a277-10b40770eb06@group-0BB2447B8345-LeaderElection18] INFO  server.RaftServerConfigKeys (ConfUtils.java:logGet(44)) - raft.server.watch.element-limit = 65536 (default)
2022-04-26 01:52:47,432 [bb1850ef-697f-4d85-a277-10b40770eb06@group-0BB2447B8345-LeaderElection18] INFO  server.RaftServerConfigKeys (ConfUtils.java:logGet(44)) - raft.server.write.element-limit = 1024 (custom)
2022-04-26 01:52:47,432 [bb1850ef-697f-4d85-a277-10b40770eb06@group-0BB2447B8345-LeaderElection18] INFO  server.RaftServerConfigKeys (ConfUtils.java:logGet(44)) - raft.server.write.follower.gap.ratio.max = -1.0 (default)
2022-04-26 01:52:47,433 [bb1850ef-697f-4d85-a277-10b40770eb06@group-0BB2447B8345-LeaderElection18] INFO  impl.RoleInfo (RoleInfo.java:updateAndGet(130)) - bb1850ef-697f-4d85-a277-10b40770eb06: start bb1850ef-697f-4d85-a277-10b40770eb06@group-0BB2447B8345-LeaderStateImpl
2022-04-26 01:52:47,433 [bb1850ef-697f-4d85-a277-10b40770eb06@group-0BB2447B8345-LeaderElection18] INFO  segmented.SegmentedRaftLogWorker (SegmentedRaftLogWorker.java:startLogSegment(394)) - bb1850ef-697f-4d85-a277-10b40770eb06@group-0BB2447B8345-SegmentedRaftLogWorker: Starting segment from index:0
2022-04-26 01:52:47,434 [bb1850ef-697f-4d85-a277-10b40770eb06@group-0BB2447B8345-SegmentedRaftLogWorker] INFO  segmented.SegmentedRaftLogWorker (SegmentedRaftLogWorker.java:execute(601)) - bb1850ef-697f-4d85-a277-10b40770eb06@group-0BB2447B8345-SegmentedRaftLogWorker: created new log segment /home/runner/work/ozone/ozone/hadoop-ozone/integration-test/target/test-dir/MiniOzoneClusterImpl-1f178f74-bffb-4b20-8a8e-7aaf5f3ffa17/datanode-4/data/ratis/710ddc24-5873-4ec3-bcb1-0bb2447b8345/current/log_inprogress_0
2022-04-26 01:52:47,451 [bb1850ef-697f-4d85-a277-10b40770eb06@group-0BB2447B8345-LeaderElection18] INFO  server.RaftServer$Division (ServerState.java:setRaftConf(387)) - bb1850ef-697f-4d85-a277-10b40770eb06@group-0BB2447B8345: set configuration 0: [bb1850ef-697f-4d85-a277-10b40770eb06|rpc:10.1.0.42:42845|dataStream:|priority:1], old=null
]]></system-out>
  </testcase>
  <testcase name="testAllocateMoreThanOneBlock" classname="TestOzoneFileSystem" time="1.33">
    <system-out><![CDATA[2022-04-26 01:53:53,237 [6a5f3765-4c59-4592-b8a0-ee9ddbc8d1d1@group-37842F4596F3-FollowerState] INFO  impl.FollowerState (FollowerState.java:run(134)) - 6a5f3765-4c59-4592-b8a0-ee9ddbc8d1d1@group-37842F4596F3-FollowerState: change to CANDIDATE, lastRpcElapsedTime:5170874146ns, electionTimeout:5170ms
2022-04-26 01:53:53,238 [6a5f3765-4c59-4592-b8a0-ee9ddbc8d1d1@group-37842F4596F3-FollowerState] INFO  impl.RoleInfo (RoleInfo.java:shutdownFollowerState(108)) - 6a5f3765-4c59-4592-b8a0-ee9ddbc8d1d1: shutdown 6a5f3765-4c59-4592-b8a0-ee9ddbc8d1d1@group-37842F4596F3-FollowerState
2022-04-26 01:53:53,238 [6a5f3765-4c59-4592-b8a0-ee9ddbc8d1d1@group-37842F4596F3-FollowerState] INFO  server.RaftServer$Division (RaftServerImpl.java:setRole(290)) - 6a5f3765-4c59-4592-b8a0-ee9ddbc8d1d1@group-37842F4596F3: changes role from  FOLLOWER to CANDIDATE at term 0 for changeToCandidate
2022-04-26 01:53:53,276 [6a5f3765-4c59-4592-b8a0-ee9ddbc8d1d1@group-37842F4596F3-FollowerState] INFO  server.RaftServerConfigKeys (ConfUtils.java:logGet(44)) - raft.server.leaderelection.pre-vote = false (custom)
2022-04-26 01:53:53,326 [6a5f3765-4c59-4592-b8a0-ee9ddbc8d1d1@group-37842F4596F3-FollowerState] INFO  impl.RoleInfo (RoleInfo.java:updateAndGet(130)) - 6a5f3765-4c59-4592-b8a0-ee9ddbc8d1d1: start 6a5f3765-4c59-4592-b8a0-ee9ddbc8d1d1@group-37842F4596F3-LeaderElection41
2022-04-26 01:53:53,434 [6a5f3765-4c59-4592-b8a0-ee9ddbc8d1d1@group-37842F4596F3-LeaderElection41] INFO  impl.LeaderElection (LeaderElection.java:askForVotes(306)) - 6a5f3765-4c59-4592-b8a0-ee9ddbc8d1d1@group-37842F4596F3-LeaderElection41 ELECTION round 0: submit vote requests at term 1 for -1: [6a5f3765-4c59-4592-b8a0-ee9ddbc8d1d1|rpc:10.1.0.42:33891|priority:1], old=null
2022-04-26 01:53:53,434 [6a5f3765-4c59-4592-b8a0-ee9ddbc8d1d1@group-37842F4596F3-LeaderElection41] INFO  impl.LeaderElection (LeaderElection.java:askForVotes(308)) - 6a5f3765-4c59-4592-b8a0-ee9ddbc8d1d1@group-37842F4596F3-LeaderElection41 ELECTION round 0: result PASSED (term=1)
2022-04-26 01:53:53,434 [6a5f3765-4c59-4592-b8a0-ee9ddbc8d1d1@group-37842F4596F3-LeaderElection41] INFO  impl.RoleInfo (RoleInfo.java:shutdownLeaderElection(121)) - 6a5f3765-4c59-4592-b8a0-ee9ddbc8d1d1: shutdown 6a5f3765-4c59-4592-b8a0-ee9ddbc8d1d1@group-37842F4596F3-LeaderElection41
2022-04-26 01:53:53,434 [6a5f3765-4c59-4592-b8a0-ee9ddbc8d1d1@group-37842F4596F3-LeaderElection41] INFO  server.RaftServer$Division (RaftServerImpl.java:setRole(290)) - 6a5f3765-4c59-4592-b8a0-ee9ddbc8d1d1@group-37842F4596F3: changes role from CANDIDATE to LEADER at term 1 for changeToLeader
2022-04-26 01:53:53,434 [6a5f3765-4c59-4592-b8a0-ee9ddbc8d1d1@group-37842F4596F3-LeaderElection41] INFO  ratis.XceiverServerRatis (XceiverServerRatis.java:handleLeaderChangedNotification(863)) - Leader change notification received for group: group-37842F4596F3 with new leaderId: 6a5f3765-4c59-4592-b8a0-ee9ddbc8d1d1
2022-04-26 01:53:53,434 [6a5f3765-4c59-4592-b8a0-ee9ddbc8d1d1@group-37842F4596F3-LeaderElection41] INFO  server.RaftServer$Division (ServerState.java:setLeader(285)) - 6a5f3765-4c59-4592-b8a0-ee9ddbc8d1d1@group-37842F4596F3: change Leader from null to 6a5f3765-4c59-4592-b8a0-ee9ddbc8d1d1 at term 1 for becomeLeader, leader elected after 5399ms
2022-04-26 01:53:53,434 [6a5f3765-4c59-4592-b8a0-ee9ddbc8d1d1@group-37842F4596F3-LeaderElection41] INFO  server.RaftServerConfigKeys (ConfUtils.java:logGet(44)) - raft.server.staging.catchup.gap = 1000 (default)
2022-04-26 01:53:53,435 [6a5f3765-4c59-4592-b8a0-ee9ddbc8d1d1@group-37842F4596F3-LeaderElection41] INFO  server.RaftServerConfigKeys (ConfUtils.java:logGet(44)) - raft.server.write.element-limit = 1024 (custom)
2022-04-26 01:53:53,435 [6a5f3765-4c59-4592-b8a0-ee9ddbc8d1d1@group-37842F4596F3-LeaderElection41] INFO  server.RaftServerConfigKeys (ConfUtils.java:logGet(44)) - raft.server.write.byte-limit = 1024 M (=1073741824) (custom)
2022-04-26 01:53:53,435 [6a5f3765-4c59-4592-b8a0-ee9ddbc8d1d1@group-37842F4596F3-LeaderElection41] INFO  server.RaftServerConfigKeys (ConfUtils.java:logGet(44)) - raft.server.watch.timeout = 180s (custom)
2022-04-26 01:53:53,435 [6a5f3765-4c59-4592-b8a0-ee9ddbc8d1d1@group-37842F4596F3-LeaderElection41] INFO  server.RaftServerConfigKeys (ConfUtils.java:logGet(44)) - raft.server.watch.timeout.denomination = 1s (default)
2022-04-26 01:53:53,435 [6a5f3765-4c59-4592-b8a0-ee9ddbc8d1d1@group-37842F4596F3-LeaderElection41] INFO  server.RaftServerConfigKeys (ConfUtils.java:logGet(44)) - raft.server.watch.element-limit = 65536 (default)
2022-04-26 01:53:53,435 [6a5f3765-4c59-4592-b8a0-ee9ddbc8d1d1@group-37842F4596F3-LeaderElection41] INFO  server.RaftServerConfigKeys (ConfUtils.java:logGet(44)) - raft.server.write.element-limit = 1024 (custom)
2022-04-26 01:53:53,435 [6a5f3765-4c59-4592-b8a0-ee9ddbc8d1d1@group-37842F4596F3-LeaderElection41] INFO  server.RaftServerConfigKeys (ConfUtils.java:logGet(44)) - raft.server.write.follower.gap.ratio.max = -1.0 (default)
2022-04-26 01:53:53,435 [6a5f3765-4c59-4592-b8a0-ee9ddbc8d1d1@group-37842F4596F3-LeaderElection41] INFO  impl.RoleInfo (RoleInfo.java:updateAndGet(130)) - 6a5f3765-4c59-4592-b8a0-ee9ddbc8d1d1: start 6a5f3765-4c59-4592-b8a0-ee9ddbc8d1d1@group-37842F4596F3-LeaderStateImpl
2022-04-26 01:53:53,435 [6a5f3765-4c59-4592-b8a0-ee9ddbc8d1d1@group-37842F4596F3-LeaderElection41] INFO  segmented.SegmentedRaftLogWorker (SegmentedRaftLogWorker.java:startLogSegment(394)) - 6a5f3765-4c59-4592-b8a0-ee9ddbc8d1d1@group-37842F4596F3-SegmentedRaftLogWorker: Starting segment from index:0
2022-04-26 01:53:53,437 [6a5f3765-4c59-4592-b8a0-ee9ddbc8d1d1@group-37842F4596F3-SegmentedRaftLogWorker] INFO  segmented.SegmentedRaftLogWorker (SegmentedRaftLogWorker.java:execute(601)) - 6a5f3765-4c59-4592-b8a0-ee9ddbc8d1d1@group-37842F4596F3-SegmentedRaftLogWorker: created new log segment /home/runner/work/ozone/ozone/hadoop-ozone/integration-test/target/test-dir/MiniOzoneClusterImpl-f75a2855-399a-402c-9e8b-90c3c75b347d/datanode-4/data/ratis/160b716c-022c-41db-81d6-37842f4596f3/current/log_inprogress_0
2022-04-26 01:53:53,489 [6a5f3765-4c59-4592-b8a0-ee9ddbc8d1d1@group-37842F4596F3-LeaderElection41] INFO  server.RaftServer$Division (ServerState.java:setRaftConf(387)) - 6a5f3765-4c59-4592-b8a0-ee9ddbc8d1d1@group-37842F4596F3: set configuration 0: [6a5f3765-4c59-4592-b8a0-ee9ddbc8d1d1|rpc:10.1.0.42:33891|dataStream:|priority:1], old=null
]]></system-out>
  </testcase>
  <testcase name="testAllocateMoreThanOneBlock" classname="TestOzoneFileSystem" time="1.499">
    <system-out><![CDATA[2022-04-26 01:55:03,679 [3f26cc77-40bb-4b12-ae17-f23562ebcede@group-D69C56FB19D5-FollowerState] INFO  impl.FollowerState (FollowerState.java:run(134)) - 3f26cc77-40bb-4b12-ae17-f23562ebcede@group-D69C56FB19D5-FollowerState: change to CANDIDATE, lastRpcElapsedTime:5170745149ns, electionTimeout:5166ms
2022-04-26 01:55:03,679 [3f26cc77-40bb-4b12-ae17-f23562ebcede@group-D69C56FB19D5-FollowerState] INFO  impl.RoleInfo (RoleInfo.java:shutdownFollowerState(108)) - 3f26cc77-40bb-4b12-ae17-f23562ebcede: shutdown 3f26cc77-40bb-4b12-ae17-f23562ebcede@group-D69C56FB19D5-FollowerState
2022-04-26 01:55:03,679 [3f26cc77-40bb-4b12-ae17-f23562ebcede@group-D69C56FB19D5-FollowerState] INFO  server.RaftServer$Division (RaftServerImpl.java:setRole(290)) - 3f26cc77-40bb-4b12-ae17-f23562ebcede@group-D69C56FB19D5: changes role from  FOLLOWER to CANDIDATE at term 0 for changeToCandidate
2022-04-26 01:55:03,680 [3f26cc77-40bb-4b12-ae17-f23562ebcede@group-D69C56FB19D5-FollowerState] INFO  server.RaftServerConfigKeys (ConfUtils.java:logGet(44)) - raft.server.leaderelection.pre-vote = false (custom)
2022-04-26 01:55:03,680 [3f26cc77-40bb-4b12-ae17-f23562ebcede@group-D69C56FB19D5-FollowerState] INFO  impl.RoleInfo (RoleInfo.java:updateAndGet(130)) - 3f26cc77-40bb-4b12-ae17-f23562ebcede: start 3f26cc77-40bb-4b12-ae17-f23562ebcede@group-D69C56FB19D5-LeaderElection53
2022-04-26 01:55:03,788 [3f26cc77-40bb-4b12-ae17-f23562ebcede@group-D69C56FB19D5-LeaderElection53] INFO  impl.LeaderElection (LeaderElection.java:askForVotes(306)) - 3f26cc77-40bb-4b12-ae17-f23562ebcede@group-D69C56FB19D5-LeaderElection53 ELECTION round 0: submit vote requests at term 1 for -1: [3f26cc77-40bb-4b12-ae17-f23562ebcede|rpc:10.1.0.42:42555|priority:1], old=null
2022-04-26 01:55:03,788 [3f26cc77-40bb-4b12-ae17-f23562ebcede@group-D69C56FB19D5-LeaderElection53] INFO  impl.LeaderElection (LeaderElection.java:askForVotes(308)) - 3f26cc77-40bb-4b12-ae17-f23562ebcede@group-D69C56FB19D5-LeaderElection53 ELECTION round 0: result PASSED (term=1)
2022-04-26 01:55:03,788 [3f26cc77-40bb-4b12-ae17-f23562ebcede@group-D69C56FB19D5-LeaderElection53] INFO  impl.RoleInfo (RoleInfo.java:shutdownLeaderElection(121)) - 3f26cc77-40bb-4b12-ae17-f23562ebcede: shutdown 3f26cc77-40bb-4b12-ae17-f23562ebcede@group-D69C56FB19D5-LeaderElection53
2022-04-26 01:55:03,788 [3f26cc77-40bb-4b12-ae17-f23562ebcede@group-D69C56FB19D5-LeaderElection53] INFO  server.RaftServer$Division (RaftServerImpl.java:setRole(290)) - 3f26cc77-40bb-4b12-ae17-f23562ebcede@group-D69C56FB19D5: changes role from CANDIDATE to LEADER at term 1 for changeToLeader
2022-04-26 01:55:03,788 [3f26cc77-40bb-4b12-ae17-f23562ebcede@group-D69C56FB19D5-LeaderElection53] INFO  ratis.XceiverServerRatis (XceiverServerRatis.java:handleLeaderChangedNotification(863)) - Leader change notification received for group: group-D69C56FB19D5 with new leaderId: 3f26cc77-40bb-4b12-ae17-f23562ebcede
2022-04-26 01:55:03,789 [3f26cc77-40bb-4b12-ae17-f23562ebcede@group-D69C56FB19D5-LeaderElection53] INFO  server.RaftServer$Division (ServerState.java:setLeader(285)) - 3f26cc77-40bb-4b12-ae17-f23562ebcede@group-D69C56FB19D5: change Leader from null to 3f26cc77-40bb-4b12-ae17-f23562ebcede at term 1 for becomeLeader, leader elected after 5297ms
2022-04-26 01:55:03,789 [3f26cc77-40bb-4b12-ae17-f23562ebcede@group-D69C56FB19D5-LeaderElection53] INFO  server.RaftServerConfigKeys (ConfUtils.java:logGet(44)) - raft.server.staging.catchup.gap = 1000 (default)
2022-04-26 01:55:03,789 [3f26cc77-40bb-4b12-ae17-f23562ebcede@group-D69C56FB19D5-LeaderElection53] INFO  server.RaftServerConfigKeys (ConfUtils.java:logGet(44)) - raft.server.write.element-limit = 1024 (custom)
2022-04-26 01:55:03,789 [3f26cc77-40bb-4b12-ae17-f23562ebcede@group-D69C56FB19D5-LeaderElection53] INFO  server.RaftServerConfigKeys (ConfUtils.java:logGet(44)) - raft.server.write.byte-limit = 1024 M (=1073741824) (custom)
2022-04-26 01:55:03,789 [3f26cc77-40bb-4b12-ae17-f23562ebcede@group-D69C56FB19D5-LeaderElection53] INFO  server.RaftServerConfigKeys (ConfUtils.java:logGet(44)) - raft.server.watch.timeout = 180s (custom)
2022-04-26 01:55:03,789 [3f26cc77-40bb-4b12-ae17-f23562ebcede@group-D69C56FB19D5-LeaderElection53] INFO  server.RaftServerConfigKeys (ConfUtils.java:logGet(44)) - raft.server.watch.timeout.denomination = 1s (default)
2022-04-26 01:55:03,789 [3f26cc77-40bb-4b12-ae17-f23562ebcede@group-D69C56FB19D5-LeaderElection53] INFO  server.RaftServerConfigKeys (ConfUtils.java:logGet(44)) - raft.server.watch.element-limit = 65536 (default)
2022-04-26 01:55:03,789 [3f26cc77-40bb-4b12-ae17-f23562ebcede@group-D69C56FB19D5-LeaderElection53] INFO  server.RaftServerConfigKeys (ConfUtils.java:logGet(44)) - raft.server.write.element-limit = 1024 (custom)
2022-04-26 01:55:03,789 [3f26cc77-40bb-4b12-ae17-f23562ebcede@group-D69C56FB19D5-LeaderElection53] INFO  server.RaftServerConfigKeys (ConfUtils.java:logGet(44)) - raft.server.write.follower.gap.ratio.max = -1.0 (default)
2022-04-26 01:55:03,789 [3f26cc77-40bb-4b12-ae17-f23562ebcede@group-D69C56FB19D5-LeaderElection53] INFO  impl.RoleInfo (RoleInfo.java:updateAndGet(130)) - 3f26cc77-40bb-4b12-ae17-f23562ebcede: start 3f26cc77-40bb-4b12-ae17-f23562ebcede@group-D69C56FB19D5-LeaderStateImpl
2022-04-26 01:55:03,790 [3f26cc77-40bb-4b12-ae17-f23562ebcede@group-D69C56FB19D5-LeaderElection53] INFO  segmented.SegmentedRaftLogWorker (SegmentedRaftLogWorker.java:startLogSegment(394)) - 3f26cc77-40bb-4b12-ae17-f23562ebcede@group-D69C56FB19D5-SegmentedRaftLogWorker: Starting segment from index:0
2022-04-26 01:55:03,792 [3f26cc77-40bb-4b12-ae17-f23562ebcede@group-D69C56FB19D5-SegmentedRaftLogWorker] INFO  segmented.SegmentedRaftLogWorker (SegmentedRaftLogWorker.java:execute(601)) - 3f26cc77-40bb-4b12-ae17-f23562ebcede@group-D69C56FB19D5-SegmentedRaftLogWorker: created new log segment /home/runner/work/ozone/ozone/hadoop-ozone/integration-test/target/test-dir/MiniOzoneClusterImpl-b265c8eb-45a8-4330-a699-f70d21251437/datanode-3/data/ratis/a411199c-2f89-47ba-8971-d69c56fb19d5/current/log_inprogress_0
2022-04-26 01:55:03,834 [3f26cc77-40bb-4b12-ae17-f23562ebcede@group-D69C56FB19D5-LeaderElection53] INFO  server.RaftServer$Division (ServerState.java:setRaftConf(387)) - 3f26cc77-40bb-4b12-ae17-f23562ebcede@group-D69C56FB19D5: set configuration 0: [3f26cc77-40bb-4b12-ae17-f23562ebcede|rpc:10.1.0.42:42555|dataStream:|priority:1], old=null
2022-04-26 01:55:04,331 [ea96ec81-7be1-42c0-a365-817fcc2d83b3@group-F7E4F0C9CA01-FollowerState] INFO  impl.FollowerState (FollowerState.java:run(134)) - ea96ec81-7be1-42c0-a365-817fcc2d83b3@group-F7E4F0C9CA01-FollowerState: change to CANDIDATE, lastRpcElapsedTime:5044334677ns, electionTimeout:5029ms
2022-04-26 01:55:04,331 [ea96ec81-7be1-42c0-a365-817fcc2d83b3@group-F7E4F0C9CA01-FollowerState] INFO  impl.RoleInfo (RoleInfo.java:shutdownFollowerState(108)) - ea96ec81-7be1-42c0-a365-817fcc2d83b3: shutdown ea96ec81-7be1-42c0-a365-817fcc2d83b3@group-F7E4F0C9CA01-FollowerState
2022-04-26 01:55:04,331 [ea96ec81-7be1-42c0-a365-817fcc2d83b3@group-F7E4F0C9CA01-FollowerState] INFO  server.RaftServer$Division (RaftServerImpl.java:setRole(290)) - ea96ec81-7be1-42c0-a365-817fcc2d83b3@group-F7E4F0C9CA01: changes role from  FOLLOWER to CANDIDATE at term 0 for changeToCandidate
2022-04-26 01:55:04,357 [ea96ec81-7be1-42c0-a365-817fcc2d83b3@group-F7E4F0C9CA01-FollowerState] INFO  server.RaftServerConfigKeys (ConfUtils.java:logGet(44)) - raft.server.leaderelection.pre-vote = false (custom)
2022-04-26 01:55:04,357 [ea96ec81-7be1-42c0-a365-817fcc2d83b3@group-F7E4F0C9CA01-FollowerState] INFO  impl.RoleInfo (RoleInfo.java:updateAndGet(130)) - ea96ec81-7be1-42c0-a365-817fcc2d83b3: start ea96ec81-7be1-42c0-a365-817fcc2d83b3@group-F7E4F0C9CA01-LeaderElection54
2022-04-26 01:55:04,490 [ea96ec81-7be1-42c0-a365-817fcc2d83b3@group-F7E4F0C9CA01-LeaderElection54] INFO  impl.LeaderElection (LeaderElection.java:askForVotes(306)) - ea96ec81-7be1-42c0-a365-817fcc2d83b3@group-F7E4F0C9CA01-LeaderElection54 ELECTION round 0: submit vote requests at term 1 for -1: [ea96ec81-7be1-42c0-a365-817fcc2d83b3|rpc:10.1.0.42:41121|priority:1], old=null
2022-04-26 01:55:04,490 [ea96ec81-7be1-42c0-a365-817fcc2d83b3@group-F7E4F0C9CA01-LeaderElection54] INFO  impl.LeaderElection (LeaderElection.java:askForVotes(308)) - ea96ec81-7be1-42c0-a365-817fcc2d83b3@group-F7E4F0C9CA01-LeaderElection54 ELECTION round 0: result PASSED (term=1)
2022-04-26 01:55:04,490 [ea96ec81-7be1-42c0-a365-817fcc2d83b3@group-F7E4F0C9CA01-LeaderElection54] INFO  impl.RoleInfo (RoleInfo.java:shutdownLeaderElection(121)) - ea96ec81-7be1-42c0-a365-817fcc2d83b3: shutdown ea96ec81-7be1-42c0-a365-817fcc2d83b3@group-F7E4F0C9CA01-LeaderElection54
2022-04-26 01:55:04,490 [ea96ec81-7be1-42c0-a365-817fcc2d83b3@group-F7E4F0C9CA01-LeaderElection54] INFO  server.RaftServer$Division (RaftServerImpl.java:setRole(290)) - ea96ec81-7be1-42c0-a365-817fcc2d83b3@group-F7E4F0C9CA01: changes role from CANDIDATE to LEADER at term 1 for changeToLeader
2022-04-26 01:55:04,490 [ea96ec81-7be1-42c0-a365-817fcc2d83b3@group-F7E4F0C9CA01-LeaderElection54] INFO  ratis.XceiverServerRatis (XceiverServerRatis.java:handleLeaderChangedNotification(863)) - Leader change notification received for group: group-F7E4F0C9CA01 with new leaderId: ea96ec81-7be1-42c0-a365-817fcc2d83b3
2022-04-26 01:55:04,561 [ea96ec81-7be1-42c0-a365-817fcc2d83b3@group-F7E4F0C9CA01-LeaderElection54] INFO  server.RaftServer$Division (ServerState.java:setLeader(285)) - ea96ec81-7be1-42c0-a365-817fcc2d83b3@group-F7E4F0C9CA01: change Leader from null to ea96ec81-7be1-42c0-a365-817fcc2d83b3 at term 1 for becomeLeader, leader elected after 5222ms
2022-04-26 01:55:04,561 [ea96ec81-7be1-42c0-a365-817fcc2d83b3@group-F7E4F0C9CA01-LeaderElection54] INFO  server.RaftServerConfigKeys (ConfUtils.java:logGet(44)) - raft.server.staging.catchup.gap = 1000 (default)
2022-04-26 01:55:04,586 [ea96ec81-7be1-42c0-a365-817fcc2d83b3@group-F7E4F0C9CA01-LeaderElection54] INFO  server.RaftServerConfigKeys (ConfUtils.java:logGet(44)) - raft.server.write.element-limit = 1024 (custom)
2022-04-26 01:55:04,587 [ea96ec81-7be1-42c0-a365-817fcc2d83b3@group-F7E4F0C9CA01-LeaderElection54] INFO  server.RaftServerConfigKeys (ConfUtils.java:logGet(44)) - raft.server.write.byte-limit = 1024 M (=1073741824) (custom)
2022-04-26 01:55:04,607 [ea96ec81-7be1-42c0-a365-817fcc2d83b3@group-F7E4F0C9CA01-LeaderElection54] INFO  server.RaftServerConfigKeys (ConfUtils.java:logGet(44)) - raft.server.watch.timeout = 180s (custom)
2022-04-26 01:55:04,607 [ea96ec81-7be1-42c0-a365-817fcc2d83b3@group-F7E4F0C9CA01-LeaderElection54] INFO  server.RaftServerConfigKeys (ConfUtils.java:logGet(44)) - raft.server.watch.timeout.denomination = 1s (default)
2022-04-26 01:55:04,607 [ea96ec81-7be1-42c0-a365-817fcc2d83b3@group-F7E4F0C9CA01-LeaderElection54] INFO  server.RaftServerConfigKeys (ConfUtils.java:logGet(44)) - raft.server.watch.element-limit = 65536 (default)
2022-04-26 01:55:04,607 [ea96ec81-7be1-42c0-a365-817fcc2d83b3@group-F7E4F0C9CA01-LeaderElection54] INFO  server.RaftServerConfigKeys (ConfUtils.java:logGet(44)) - raft.server.write.element-limit = 1024 (custom)
2022-04-26 01:55:04,607 [ea96ec81-7be1-42c0-a365-817fcc2d83b3@group-F7E4F0C9CA01-LeaderElection54] INFO  server.RaftServerConfigKeys (ConfUtils.java:logGet(44)) - raft.server.write.follower.gap.ratio.max = -1.0 (default)
2022-04-26 01:55:04,607 [ea96ec81-7be1-42c0-a365-817fcc2d83b3@group-F7E4F0C9CA01-LeaderElection54] INFO  impl.RoleInfo (RoleInfo.java:updateAndGet(130)) - ea96ec81-7be1-42c0-a365-817fcc2d83b3: start ea96ec81-7be1-42c0-a365-817fcc2d83b3@group-F7E4F0C9CA01-LeaderStateImpl
2022-04-26 01:55:04,607 [ea96ec81-7be1-42c0-a365-817fcc2d83b3@group-F7E4F0C9CA01-LeaderElection54] INFO  segmented.SegmentedRaftLogWorker (SegmentedRaftLogWorker.java:startLogSegment(394)) - ea96ec81-7be1-42c0-a365-817fcc2d83b3@group-F7E4F0C9CA01-SegmentedRaftLogWorker: Starting segment from index:0
2022-04-26 01:55:04,610 [ea96ec81-7be1-42c0-a365-817fcc2d83b3@group-F7E4F0C9CA01-SegmentedRaftLogWorker] INFO  segmented.SegmentedRaftLogWorker (SegmentedRaftLogWorker.java:execute(601)) - ea96ec81-7be1-42c0-a365-817fcc2d83b3@group-F7E4F0C9CA01-SegmentedRaftLogWorker: created new log segment /home/runner/work/ozone/ozone/hadoop-ozone/integration-test/target/test-dir/MiniOzoneClusterImpl-b265c8eb-45a8-4330-a699-f70d21251437/datanode-4/data/ratis/a5d46dff-bf67-461d-8463-f7e4f0c9ca01/current/log_inprogress_0
2022-04-26 01:55:04,635 [ea96ec81-7be1-42c0-a365-817fcc2d83b3@group-F7E4F0C9CA01-LeaderElection54] INFO  server.RaftServer$Division (ServerState.java:setRaftConf(387)) - ea96ec81-7be1-42c0-a365-817fcc2d83b3@group-F7E4F0C9CA01: set configuration 0: [ea96ec81-7be1-42c0-a365-817fcc2d83b3|rpc:10.1.0.42:41121|dataStream:|priority:1], old=null
]]></system-out>
  </testcase>
  <testcase name="testRenameToExistingDir" classname="TestOzoneFileSystem" time="0.054">
    <system-out><![CDATA[01:51:50.187 [IPC Server handler 6 on default port 44011] ERROR OMAudit - user=runner | ip=127.0.0.1 | op=LIST_STATUS {volume=volume70938, bucket=bucket97532, key=b/a, dataSize=0, replicationConfig=null} | ret=FAILURE
org.apache.hadoop.ozone.om.exceptions.OMException: Unable to get file status: volume: volume70938 bucket: bucket97532 key: b/a
	at org.apache.hadoop.ozone.om.KeyManagerImpl.getOzoneFileStatus(KeyManagerImpl.java:1280) ~[ozone-manager-1.3.0-SNAPSHOT.jar:?]
	at org.apache.hadoop.ozone.om.KeyManagerImpl.getFileStatus(KeyManagerImpl.java:1210) ~[ozone-manager-1.3.0-SNAPSHOT.jar:?]
	at org.apache.hadoop.ozone.om.KeyManagerImpl.listStatus(KeyManagerImpl.java:1513) ~[ozone-manager-1.3.0-SNAPSHOT.jar:?]
	at org.apache.hadoop.ozone.om.OzoneManager.listStatus(OzoneManager.java:3080) ~[ozone-manager-1.3.0-SNAPSHOT.jar:?]
	at org.apache.hadoop.ozone.protocolPB.OzoneManagerRequestHandler.listStatus(OzoneManagerRequestHandler.java:760) ~[ozone-manager-1.3.0-SNAPSHOT.jar:?]
	at org.apache.hadoop.ozone.protocolPB.OzoneManagerRequestHandler.handleReadRequest(OzoneManagerRequestHandler.java:212) ~[ozone-manager-1.3.0-SNAPSHOT.jar:?]
	at org.apache.hadoop.ozone.protocolPB.OzoneManagerProtocolServerSideTranslatorPB.submitReadRequestToOM(OzoneManagerProtocolServerSideTranslatorPB.java:213) ~[ozone-manager-1.3.0-SNAPSHOT.jar:?]
	at org.apache.hadoop.ozone.protocolPB.OzoneManagerProtocolServerSideTranslatorPB.processRequest(OzoneManagerProtocolServerSideTranslatorPB.java:174) ~[ozone-manager-1.3.0-SNAPSHOT.jar:?]
	at org.apache.hadoop.hdds.server.OzoneProtocolMessageDispatcher.processRequest(OzoneProtocolMessageDispatcher.java:87) [hdds-server-framework-1.3.0-SNAPSHOT.jar:?]
	at org.apache.hadoop.ozone.protocolPB.OzoneManagerProtocolServerSideTranslatorPB.submitRequest(OzoneManagerProtocolServerSideTranslatorPB.java:146) [ozone-manager-1.3.0-SNAPSHOT.jar:?]
	at org.apache.hadoop.ozone.protocol.proto.OzoneManagerProtocolProtos$OzoneManagerService$2.callBlockingMethod(OzoneManagerProtocolProtos.java) [ozone-interface-client-1.3.0-SNAPSHOT.jar:?]
	at org.apache.hadoop.ipc.ProtobufRpcEngine$Server.processCall(ProtobufRpcEngine.java:466) [hadoop-common-3.3.1.jar:?]
	at org.apache.hadoop.ipc.ProtobufRpcEngine2$Server$ProtoBufRpcInvoker.call(ProtobufRpcEngine2.java:574) [hadoop-common-3.3.1.jar:?]
	at org.apache.hadoop.ipc.ProtobufRpcEngine2$Server$ProtoBufRpcInvoker.call(ProtobufRpcEngine2.java:552) [hadoop-common-3.3.1.jar:?]
	at org.apache.hadoop.ipc.RPC$Server.call(RPC.java:1093) [hadoop-common-3.3.1.jar:?]
	at org.apache.hadoop.ipc.Server$RpcCall.run(Server.java:1035) [hadoop-common-3.3.1.jar:?]
	at org.apache.hadoop.ipc.Server$RpcCall.run(Server.java:963) [hadoop-common-3.3.1.jar:?]
	at java.security.AccessController.doPrivileged(Native Method) ~[?:1.8.0_322]
	at javax.security.auth.Subject.doAs(Subject.java:422) [?:1.8.0_322]
	at org.apache.hadoop.security.UserGroupInformation.doAs(UserGroupInformation.java:1878) [hadoop-common-3.3.1.jar:?]
	at org.apache.hadoop.ipc.Server$Handler.run(Server.java:2966) [hadoop-common-3.3.1.jar:?]
]]></system-out>
  </testcase>
  <testcase name="testRenameToExistingDir" classname="TestOzoneFileSystem" time="0.071">
    <system-out><![CDATA[01:52:48.210 [IPC Server handler 14 on default port 46323] ERROR OMAudit - user=runner | ip=127.0.0.1 | op=LIST_STATUS {volume=volume68825, bucket=bucket30700, key=b/a, dataSize=0, replicationConfig=null} | ret=FAILURE
org.apache.hadoop.ozone.om.exceptions.OMException: Unable to get file status: volume: volume68825 bucket: bucket30700 key: b/a
	at org.apache.hadoop.ozone.om.KeyManagerImpl.getOzoneFileStatus(KeyManagerImpl.java:1280) ~[ozone-manager-1.3.0-SNAPSHOT.jar:?]
	at org.apache.hadoop.ozone.om.KeyManagerImpl.getFileStatus(KeyManagerImpl.java:1210) ~[ozone-manager-1.3.0-SNAPSHOT.jar:?]
	at org.apache.hadoop.ozone.om.KeyManagerImpl.listStatus(KeyManagerImpl.java:1513) ~[ozone-manager-1.3.0-SNAPSHOT.jar:?]
	at org.apache.hadoop.ozone.om.OzoneManager.listStatus(OzoneManager.java:3080) ~[ozone-manager-1.3.0-SNAPSHOT.jar:?]
	at org.apache.hadoop.ozone.protocolPB.OzoneManagerRequestHandler.listStatus(OzoneManagerRequestHandler.java:760) ~[ozone-manager-1.3.0-SNAPSHOT.jar:?]
	at org.apache.hadoop.ozone.protocolPB.OzoneManagerRequestHandler.handleReadRequest(OzoneManagerRequestHandler.java:212) ~[ozone-manager-1.3.0-SNAPSHOT.jar:?]
	at org.apache.hadoop.ozone.protocolPB.OzoneManagerProtocolServerSideTranslatorPB.submitRequestDirectlyToOM(OzoneManagerProtocolServerSideTranslatorPB.java:271) ~[ozone-manager-1.3.0-SNAPSHOT.jar:?]
	at org.apache.hadoop.ozone.protocolPB.OzoneManagerProtocolServerSideTranslatorPB.processRequest(OzoneManagerProtocolServerSideTranslatorPB.java:195) ~[ozone-manager-1.3.0-SNAPSHOT.jar:?]
	at org.apache.hadoop.hdds.server.OzoneProtocolMessageDispatcher.processRequest(OzoneProtocolMessageDispatcher.java:87) [hdds-server-framework-1.3.0-SNAPSHOT.jar:?]
	at org.apache.hadoop.ozone.protocolPB.OzoneManagerProtocolServerSideTranslatorPB.submitRequest(OzoneManagerProtocolServerSideTranslatorPB.java:146) [ozone-manager-1.3.0-SNAPSHOT.jar:?]
	at org.apache.hadoop.ozone.protocol.proto.OzoneManagerProtocolProtos$OzoneManagerService$2.callBlockingMethod(OzoneManagerProtocolProtos.java) [ozone-interface-client-1.3.0-SNAPSHOT.jar:?]
	at org.apache.hadoop.ipc.ProtobufRpcEngine$Server.processCall(ProtobufRpcEngine.java:466) [hadoop-common-3.3.1.jar:?]
	at org.apache.hadoop.ipc.ProtobufRpcEngine2$Server$ProtoBufRpcInvoker.call(ProtobufRpcEngine2.java:574) [hadoop-common-3.3.1.jar:?]
	at org.apache.hadoop.ipc.ProtobufRpcEngine2$Server$ProtoBufRpcInvoker.call(ProtobufRpcEngine2.java:552) [hadoop-common-3.3.1.jar:?]
	at org.apache.hadoop.ipc.RPC$Server.call(RPC.java:1093) [hadoop-common-3.3.1.jar:?]
	at org.apache.hadoop.ipc.Server$RpcCall.run(Server.java:1035) [hadoop-common-3.3.1.jar:?]
	at org.apache.hadoop.ipc.Server$RpcCall.run(Server.java:963) [hadoop-common-3.3.1.jar:?]
	at java.security.AccessController.doPrivileged(Native Method) ~[?:1.8.0_322]
	at javax.security.auth.Subject.doAs(Subject.java:422) [?:1.8.0_322]
	at org.apache.hadoop.security.UserGroupInformation.doAs(UserGroupInformation.java:1878) [hadoop-common-3.3.1.jar:?]
	at org.apache.hadoop.ipc.Server$Handler.run(Server.java:2966) [hadoop-common-3.3.1.jar:?]
]]></system-out>
  </testcase>
  <testcase name="testRenameToExistingDir" classname="TestOzoneFileSystem" time="0.052">
    <system-out><![CDATA[01:53:54.427 [IPC Server handler 3 on default port 40803] ERROR OMAudit - user=runner | ip=127.0.0.1 | op=LIST_STATUS {volume=volume85710, bucket=bucket48480, key=b/a, dataSize=0, replicationConfig=null} | ret=FAILURE
org.apache.hadoop.ozone.om.exceptions.OMException: Unable to get file status: volume: volume85710 bucket: bucket48480 key: b/a
	at org.apache.hadoop.ozone.om.KeyManagerImpl.getOzoneFileStatus(KeyManagerImpl.java:1280) ~[ozone-manager-1.3.0-SNAPSHOT.jar:?]
	at org.apache.hadoop.ozone.om.KeyManagerImpl.getFileStatus(KeyManagerImpl.java:1210) ~[ozone-manager-1.3.0-SNAPSHOT.jar:?]
	at org.apache.hadoop.ozone.om.KeyManagerImpl.listStatus(KeyManagerImpl.java:1513) ~[ozone-manager-1.3.0-SNAPSHOT.jar:?]
	at org.apache.hadoop.ozone.om.OzoneManager.listStatus(OzoneManager.java:3080) ~[ozone-manager-1.3.0-SNAPSHOT.jar:?]
	at org.apache.hadoop.ozone.protocolPB.OzoneManagerRequestHandler.listStatus(OzoneManagerRequestHandler.java:760) ~[ozone-manager-1.3.0-SNAPSHOT.jar:?]
	at org.apache.hadoop.ozone.protocolPB.OzoneManagerRequestHandler.handleReadRequest(OzoneManagerRequestHandler.java:212) ~[ozone-manager-1.3.0-SNAPSHOT.jar:?]
	at org.apache.hadoop.ozone.protocolPB.OzoneManagerProtocolServerSideTranslatorPB.submitReadRequestToOM(OzoneManagerProtocolServerSideTranslatorPB.java:213) ~[ozone-manager-1.3.0-SNAPSHOT.jar:?]
	at org.apache.hadoop.ozone.protocolPB.OzoneManagerProtocolServerSideTranslatorPB.processRequest(OzoneManagerProtocolServerSideTranslatorPB.java:174) ~[ozone-manager-1.3.0-SNAPSHOT.jar:?]
	at org.apache.hadoop.hdds.server.OzoneProtocolMessageDispatcher.processRequest(OzoneProtocolMessageDispatcher.java:87) [hdds-server-framework-1.3.0-SNAPSHOT.jar:?]
	at org.apache.hadoop.ozone.protocolPB.OzoneManagerProtocolServerSideTranslatorPB.submitRequest(OzoneManagerProtocolServerSideTranslatorPB.java:146) [ozone-manager-1.3.0-SNAPSHOT.jar:?]
	at org.apache.hadoop.ozone.protocol.proto.OzoneManagerProtocolProtos$OzoneManagerService$2.callBlockingMethod(OzoneManagerProtocolProtos.java) [ozone-interface-client-1.3.0-SNAPSHOT.jar:?]
	at org.apache.hadoop.ipc.ProtobufRpcEngine$Server.processCall(ProtobufRpcEngine.java:466) [hadoop-common-3.3.1.jar:?]
	at org.apache.hadoop.ipc.ProtobufRpcEngine2$Server$ProtoBufRpcInvoker.call(ProtobufRpcEngine2.java:574) [hadoop-common-3.3.1.jar:?]
	at org.apache.hadoop.ipc.ProtobufRpcEngine2$Server$ProtoBufRpcInvoker.call(ProtobufRpcEngine2.java:552) [hadoop-common-3.3.1.jar:?]
	at org.apache.hadoop.ipc.RPC$Server.call(RPC.java:1093) [hadoop-common-3.3.1.jar:?]
	at org.apache.hadoop.ipc.Server$RpcCall.run(Server.java:1035) [hadoop-common-3.3.1.jar:?]
	at org.apache.hadoop.ipc.Server$RpcCall.run(Server.java:963) [hadoop-common-3.3.1.jar:?]
	at java.security.AccessController.doPrivileged(Native Method) ~[?:1.8.0_322]
	at javax.security.auth.Subject.doAs(Subject.java:422) [?:1.8.0_322]
	at org.apache.hadoop.security.UserGroupInformation.doAs(UserGroupInformation.java:1878) [hadoop-common-3.3.1.jar:?]
	at org.apache.hadoop.ipc.Server$Handler.run(Server.java:2966) [hadoop-common-3.3.1.jar:?]
]]></system-out>
  </testcase>
  <testcase name="testRenameToExistingDir" classname="TestOzoneFileSystem" time="0.052">
    <system-out><![CDATA[01:55:05.152 [IPC Server handler 7 on default port 35711] ERROR OMAudit - user=runner | ip=127.0.0.1 | op=LIST_STATUS {volume=volume11484, bucket=bucket58947, key=b/a, dataSize=0, replicationConfig=null} | ret=FAILURE
org.apache.hadoop.ozone.om.exceptions.OMException: Unable to get file status: volume: volume11484 bucket: bucket58947 key: b/a
	at org.apache.hadoop.ozone.om.KeyManagerImpl.getOzoneFileStatus(KeyManagerImpl.java:1280) ~[ozone-manager-1.3.0-SNAPSHOT.jar:?]
	at org.apache.hadoop.ozone.om.KeyManagerImpl.getFileStatus(KeyManagerImpl.java:1210) ~[ozone-manager-1.3.0-SNAPSHOT.jar:?]
	at org.apache.hadoop.ozone.om.KeyManagerImpl.listStatus(KeyManagerImpl.java:1513) ~[ozone-manager-1.3.0-SNAPSHOT.jar:?]
	at org.apache.hadoop.ozone.om.OzoneManager.listStatus(OzoneManager.java:3080) ~[ozone-manager-1.3.0-SNAPSHOT.jar:?]
	at org.apache.hadoop.ozone.protocolPB.OzoneManagerRequestHandler.listStatus(OzoneManagerRequestHandler.java:760) ~[ozone-manager-1.3.0-SNAPSHOT.jar:?]
	at org.apache.hadoop.ozone.protocolPB.OzoneManagerRequestHandler.handleReadRequest(OzoneManagerRequestHandler.java:212) ~[ozone-manager-1.3.0-SNAPSHOT.jar:?]
	at org.apache.hadoop.ozone.protocolPB.OzoneManagerProtocolServerSideTranslatorPB.submitRequestDirectlyToOM(OzoneManagerProtocolServerSideTranslatorPB.java:271) ~[ozone-manager-1.3.0-SNAPSHOT.jar:?]
	at org.apache.hadoop.ozone.protocolPB.OzoneManagerProtocolServerSideTranslatorPB.processRequest(OzoneManagerProtocolServerSideTranslatorPB.java:195) ~[ozone-manager-1.3.0-SNAPSHOT.jar:?]
	at org.apache.hadoop.hdds.server.OzoneProtocolMessageDispatcher.processRequest(OzoneProtocolMessageDispatcher.java:87) [hdds-server-framework-1.3.0-SNAPSHOT.jar:?]
	at org.apache.hadoop.ozone.protocolPB.OzoneManagerProtocolServerSideTranslatorPB.submitRequest(OzoneManagerProtocolServerSideTranslatorPB.java:146) [ozone-manager-1.3.0-SNAPSHOT.jar:?]
	at org.apache.hadoop.ozone.protocol.proto.OzoneManagerProtocolProtos$OzoneManagerService$2.callBlockingMethod(OzoneManagerProtocolProtos.java) [ozone-interface-client-1.3.0-SNAPSHOT.jar:?]
	at org.apache.hadoop.ipc.ProtobufRpcEngine$Server.processCall(ProtobufRpcEngine.java:466) [hadoop-common-3.3.1.jar:?]
	at org.apache.hadoop.ipc.ProtobufRpcEngine2$Server$ProtoBufRpcInvoker.call(ProtobufRpcEngine2.java:574) [hadoop-common-3.3.1.jar:?]
	at org.apache.hadoop.ipc.ProtobufRpcEngine2$Server$ProtoBufRpcInvoker.call(ProtobufRpcEngine2.java:552) [hadoop-common-3.3.1.jar:?]
	at org.apache.hadoop.ipc.RPC$Server.call(RPC.java:1093) [hadoop-common-3.3.1.jar:?]
	at org.apache.hadoop.ipc.Server$RpcCall.run(Server.java:1035) [hadoop-common-3.3.1.jar:?]
	at org.apache.hadoop.ipc.Server$RpcCall.run(Server.java:963) [hadoop-common-3.3.1.jar:?]
	at java.security.AccessController.doPrivileged(Native Method) ~[?:1.8.0_322]
	at javax.security.auth.Subject.doAs(Subject.java:422) [?:1.8.0_322]
	at org.apache.hadoop.security.UserGroupInformation.doAs(UserGroupInformation.java:1878) [hadoop-common-3.3.1.jar:?]
	at org.apache.hadoop.ipc.Server$Handler.run(Server.java:2966) [hadoop-common-3.3.1.jar:?]
]]></system-out>
  </testcase>
  <testcase name="testRenameDirToItsOwnSubDir" classname="TestOzoneFileSystem" time="0.02">
    <system-out><![CDATA[2022-04-26 01:51:50,227 [Time-limited test] INFO  ozone.TestOzoneFileSystem (TestOzoneFileSystem.java:testRenameDirToItsOwnSubDir(871)) - Created dir1 o3fs://bucket97532.volume70938/root/dir1/sub_dir1
2022-04-26 01:51:50,227 [Time-limited test] INFO  ozone.TestOzoneFileSystem (TestOzoneFileSystem.java:testRenameDirToItsOwnSubDir(874)) - Rename op-> source:o3fs://bucket97532.volume70938/root to destin:o3fs://bucket97532.volume70938/root/dir1/sub_dir1
]]></system-out>
  </testcase>
  <testcase name="testRenameDirToItsOwnSubDir" classname="TestOzoneFileSystem" time="0.035">
    <system-out><![CDATA[2022-04-26 01:52:48,258 [Time-limited test] INFO  ozone.TestOzoneFileSystem (TestOzoneFileSystem.java:testRenameDirToItsOwnSubDir(871)) - Created dir1 o3fs://bucket30700.volume68825/root/dir1/sub_dir1
2022-04-26 01:52:48,259 [Time-limited test] INFO  ozone.TestOzoneFileSystem (TestOzoneFileSystem.java:testRenameDirToItsOwnSubDir(874)) - Rename op-> source:o3fs://bucket30700.volume68825/root to destin:o3fs://bucket30700.volume68825/root/dir1/sub_dir1
]]></system-out>
  </testcase>
  <testcase name="testRenameDirToItsOwnSubDir" classname="TestOzoneFileSystem" time="0.041">
    <system-out><![CDATA[2022-04-26 01:53:54,483 [Time-limited test] INFO  ozone.TestOzoneFileSystem (TestOzoneFileSystem.java:testRenameDirToItsOwnSubDir(871)) - Created dir1 o3fs://bucket48480.volume85710/root/dir1/sub_dir1
2022-04-26 01:53:54,483 [Time-limited test] INFO  ozone.TestOzoneFileSystem (TestOzoneFileSystem.java:testRenameDirToItsOwnSubDir(874)) - Rename op-> source:o3fs://bucket48480.volume85710/root to destin:o3fs://bucket48480.volume85710/root/dir1/sub_dir1
]]></system-out>
  </testcase>
  <testcase name="testRenameDirToItsOwnSubDir" classname="TestOzoneFileSystem" time="0.005">
    <system-out><![CDATA[2022-04-26 01:55:05,176 [Time-limited test] INFO  ozone.TestOzoneFileSystem (TestOzoneFileSystem.java:testRenameDirToItsOwnSubDir(871)) - Created dir1 o3fs://bucket58947.volume11484/root/dir1/sub_dir1
2022-04-26 01:55:05,176 [Time-limited test] INFO  ozone.TestOzoneFileSystem (TestOzoneFileSystem.java:testRenameDirToItsOwnSubDir(874)) - Rename op-> source:o3fs://bucket58947.volume11484/root to destin:o3fs://bucket58947.volume11484/root/dir1/sub_dir1
]]></system-out>
  </testcase>
  <testcase name="testGetDirectoryModificationTime" classname="TestOzoneFileSystem" time="0.155"/>
  <testcase name="testGetDirectoryModificationTime" classname="TestOzoneFileSystem" time="0.139"/>
  <testcase name="testGetDirectoryModificationTime" classname="TestOzoneFileSystem" time="0.194"/>
  <testcase name="testGetDirectoryModificationTime" classname="TestOzoneFileSystem" time="0.188"/>
  <testcase name="testOzoneFsServiceLoader" classname="TestOzoneFileSystem" time="0.003"/>
  <testcase name="testOzoneFsServiceLoader" classname="TestOzoneFileSystem" time="0.018"/>
  <testcase name="testOzoneFsServiceLoader" classname="TestOzoneFileSystem" time="0.021"/>
  <testcase name="testOzoneFsServiceLoader" classname="TestOzoneFileSystem" time="0.033"/>
  <testcase name="testTrash" classname="TestOzoneFileSystem" time="4.066">
    <system-out><![CDATA[01:51:50.418 [IPC Server handler 11 on default port 44011] ERROR OMAudit - user=runner | ip=127.0.0.1 | op=GET_FILE_STATUS {volume=volume70938, bucket=bucket97532, key=.Trash/runner/Current/testKey2, dataSize=0, replicationConfig=null} | ret=FAILURE
org.apache.hadoop.ozone.om.exceptions.OMException: Unable to get file status: volume: volume70938 bucket: bucket97532 key: .Trash/runner/Current/testKey2
	at org.apache.hadoop.ozone.om.KeyManagerImpl.getOzoneFileStatus(KeyManagerImpl.java:1280) ~[ozone-manager-1.3.0-SNAPSHOT.jar:?]
	at org.apache.hadoop.ozone.om.KeyManagerImpl.getFileStatus(KeyManagerImpl.java:1210) ~[ozone-manager-1.3.0-SNAPSHOT.jar:?]
	at org.apache.hadoop.ozone.om.OzoneManager.getFileStatus(OzoneManager.java:3009) ~[ozone-manager-1.3.0-SNAPSHOT.jar:?]
	at org.apache.hadoop.ozone.protocolPB.OzoneManagerRequestHandler.getOzoneFileStatus(OzoneManagerRequestHandler.java:670) ~[ozone-manager-1.3.0-SNAPSHOT.jar:?]
	at org.apache.hadoop.ozone.protocolPB.OzoneManagerRequestHandler.handleReadRequest(OzoneManagerRequestHandler.java:201) ~[ozone-manager-1.3.0-SNAPSHOT.jar:?]
	at org.apache.hadoop.ozone.protocolPB.OzoneManagerProtocolServerSideTranslatorPB.submitReadRequestToOM(OzoneManagerProtocolServerSideTranslatorPB.java:213) ~[ozone-manager-1.3.0-SNAPSHOT.jar:?]
	at org.apache.hadoop.ozone.protocolPB.OzoneManagerProtocolServerSideTranslatorPB.processRequest(OzoneManagerProtocolServerSideTranslatorPB.java:174) ~[ozone-manager-1.3.0-SNAPSHOT.jar:?]
	at org.apache.hadoop.hdds.server.OzoneProtocolMessageDispatcher.processRequest(OzoneProtocolMessageDispatcher.java:87) [hdds-server-framework-1.3.0-SNAPSHOT.jar:?]
	at org.apache.hadoop.ozone.protocolPB.OzoneManagerProtocolServerSideTranslatorPB.submitRequest(OzoneManagerProtocolServerSideTranslatorPB.java:146) [ozone-manager-1.3.0-SNAPSHOT.jar:?]
	at org.apache.hadoop.ozone.protocol.proto.OzoneManagerProtocolProtos$OzoneManagerService$2.callBlockingMethod(OzoneManagerProtocolProtos.java) [ozone-interface-client-1.3.0-SNAPSHOT.jar:?]
	at org.apache.hadoop.ipc.ProtobufRpcEngine$Server.processCall(ProtobufRpcEngine.java:466) [hadoop-common-3.3.1.jar:?]
	at org.apache.hadoop.ipc.ProtobufRpcEngine2$Server$ProtoBufRpcInvoker.call(ProtobufRpcEngine2.java:574) [hadoop-common-3.3.1.jar:?]
	at org.apache.hadoop.ipc.ProtobufRpcEngine2$Server$ProtoBufRpcInvoker.call(ProtobufRpcEngine2.java:552) [hadoop-common-3.3.1.jar:?]
	at org.apache.hadoop.ipc.RPC$Server.call(RPC.java:1093) [hadoop-common-3.3.1.jar:?]
	at org.apache.hadoop.ipc.Server$RpcCall.run(Server.java:1035) [hadoop-common-3.3.1.jar:?]
	at org.apache.hadoop.ipc.Server$RpcCall.run(Server.java:963) [hadoop-common-3.3.1.jar:?]
	at java.security.AccessController.doPrivileged(Native Method) ~[?:1.8.0_322]
	at javax.security.auth.Subject.doAs(Subject.java:422) [?:1.8.0_322]
	at org.apache.hadoop.security.UserGroupInformation.doAs(UserGroupInformation.java:1878) [hadoop-common-3.3.1.jar:?]
	at org.apache.hadoop.ipc.Server$Handler.run(Server.java:2966) [hadoop-common-3.3.1.jar:?]
01:51:50.422 [IPC Server handler 16 on default port 44011] ERROR OMAudit - user=runner | ip=127.0.0.1 | op=GET_FILE_STATUS {volume=volume70938, bucket=bucket97532, key=.Trash/runner/Current/testKey2, dataSize=0, replicationConfig=null} | ret=FAILURE
org.apache.hadoop.ozone.om.exceptions.OMException: Unable to get file status: volume: volume70938 bucket: bucket97532 key: .Trash/runner/Current/testKey2
	at org.apache.hadoop.ozone.om.KeyManagerImpl.getOzoneFileStatus(KeyManagerImpl.java:1280) ~[ozone-manager-1.3.0-SNAPSHOT.jar:?]
	at org.apache.hadoop.ozone.om.KeyManagerImpl.getFileStatus(KeyManagerImpl.java:1210) ~[ozone-manager-1.3.0-SNAPSHOT.jar:?]
	at org.apache.hadoop.ozone.om.OzoneManager.getFileStatus(OzoneManager.java:3009) ~[ozone-manager-1.3.0-SNAPSHOT.jar:?]
	at org.apache.hadoop.ozone.protocolPB.OzoneManagerRequestHandler.getOzoneFileStatus(OzoneManagerRequestHandler.java:670) ~[ozone-manager-1.3.0-SNAPSHOT.jar:?]
	at org.apache.hadoop.ozone.protocolPB.OzoneManagerRequestHandler.handleReadRequest(OzoneManagerRequestHandler.java:201) ~[ozone-manager-1.3.0-SNAPSHOT.jar:?]
	at org.apache.hadoop.ozone.protocolPB.OzoneManagerProtocolServerSideTranslatorPB.submitReadRequestToOM(OzoneManagerProtocolServerSideTranslatorPB.java:213) ~[ozone-manager-1.3.0-SNAPSHOT.jar:?]
	at org.apache.hadoop.ozone.protocolPB.OzoneManagerProtocolServerSideTranslatorPB.processRequest(OzoneManagerProtocolServerSideTranslatorPB.java:174) ~[ozone-manager-1.3.0-SNAPSHOT.jar:?]
	at org.apache.hadoop.hdds.server.OzoneProtocolMessageDispatcher.processRequest(OzoneProtocolMessageDispatcher.java:87) [hdds-server-framework-1.3.0-SNAPSHOT.jar:?]
	at org.apache.hadoop.ozone.protocolPB.OzoneManagerProtocolServerSideTranslatorPB.submitRequest(OzoneManagerProtocolServerSideTranslatorPB.java:146) [ozone-manager-1.3.0-SNAPSHOT.jar:?]
	at org.apache.hadoop.ozone.protocol.proto.OzoneManagerProtocolProtos$OzoneManagerService$2.callBlockingMethod(OzoneManagerProtocolProtos.java) [ozone-interface-client-1.3.0-SNAPSHOT.jar:?]
	at org.apache.hadoop.ipc.ProtobufRpcEngine$Server.processCall(ProtobufRpcEngine.java:466) [hadoop-common-3.3.1.jar:?]
	at org.apache.hadoop.ipc.ProtobufRpcEngine2$Server$ProtoBufRpcInvoker.call(ProtobufRpcEngine2.java:574) [hadoop-common-3.3.1.jar:?]
	at org.apache.hadoop.ipc.ProtobufRpcEngine2$Server$ProtoBufRpcInvoker.call(ProtobufRpcEngine2.java:552) [hadoop-common-3.3.1.jar:?]
	at org.apache.hadoop.ipc.RPC$Server.call(RPC.java:1093) [hadoop-common-3.3.1.jar:?]
	at org.apache.hadoop.ipc.Server$RpcCall.run(Server.java:1035) [hadoop-common-3.3.1.jar:?]
	at org.apache.hadoop.ipc.Server$RpcCall.run(Server.java:963) [hadoop-common-3.3.1.jar:?]
	at java.security.AccessController.doPrivileged(Native Method) ~[?:1.8.0_322]
	at javax.security.auth.Subject.doAs(Subject.java:422) [?:1.8.0_322]
	at org.apache.hadoop.security.UserGroupInformation.doAs(UserGroupInformation.java:1878) [hadoop-common-3.3.1.jar:?]
	at org.apache.hadoop.ipc.Server$Handler.run(Server.java:2966) [hadoop-common-3.3.1.jar:?]
2022-04-26 01:51:50,429 [Time-limited test] INFO  fs.TrashPolicyDefault (TrashPolicyDefault.java:moveToTrash(188)) - Moved: '/testKey2' to trash at: /.Trash/runner/Current/testKey2
01:51:51.435 [IPC Server handler 2 on default port 44011] ERROR OMAudit - user=runner | ip=127.0.0.1 | op=GET_FILE_STATUS {volume=volume70938, bucket=bucket97532, key=.Trash/runner/Current/testKey2, dataSize=0, replicationConfig=null} | ret=FAILURE
org.apache.hadoop.ozone.om.exceptions.OMException: Unable to get file status: volume: volume70938 bucket: bucket97532 key: .Trash/runner/Current/testKey2
	at org.apache.hadoop.ozone.om.KeyManagerImpl.getOzoneFileStatus(KeyManagerImpl.java:1280) ~[ozone-manager-1.3.0-SNAPSHOT.jar:?]
	at org.apache.hadoop.ozone.om.KeyManagerImpl.getFileStatus(KeyManagerImpl.java:1210) ~[ozone-manager-1.3.0-SNAPSHOT.jar:?]
	at org.apache.hadoop.ozone.om.OzoneManager.getFileStatus(OzoneManager.java:3009) ~[ozone-manager-1.3.0-SNAPSHOT.jar:?]
	at org.apache.hadoop.ozone.protocolPB.OzoneManagerRequestHandler.getOzoneFileStatus(OzoneManagerRequestHandler.java:670) ~[ozone-manager-1.3.0-SNAPSHOT.jar:?]
	at org.apache.hadoop.ozone.protocolPB.OzoneManagerRequestHandler.handleReadRequest(OzoneManagerRequestHandler.java:201) ~[ozone-manager-1.3.0-SNAPSHOT.jar:?]
	at org.apache.hadoop.ozone.protocolPB.OzoneManagerProtocolServerSideTranslatorPB.submitReadRequestToOM(OzoneManagerProtocolServerSideTranslatorPB.java:213) ~[ozone-manager-1.3.0-SNAPSHOT.jar:?]
	at org.apache.hadoop.ozone.protocolPB.OzoneManagerProtocolServerSideTranslatorPB.processRequest(OzoneManagerProtocolServerSideTranslatorPB.java:174) ~[ozone-manager-1.3.0-SNAPSHOT.jar:?]
	at org.apache.hadoop.hdds.server.OzoneProtocolMessageDispatcher.processRequest(OzoneProtocolMessageDispatcher.java:87) [hdds-server-framework-1.3.0-SNAPSHOT.jar:?]
	at org.apache.hadoop.ozone.protocolPB.OzoneManagerProtocolServerSideTranslatorPB.submitRequest(OzoneManagerProtocolServerSideTranslatorPB.java:146) [ozone-manager-1.3.0-SNAPSHOT.jar:?]
	at org.apache.hadoop.ozone.protocol.proto.OzoneManagerProtocolProtos$OzoneManagerService$2.callBlockingMethod(OzoneManagerProtocolProtos.java) [ozone-interface-client-1.3.0-SNAPSHOT.jar:?]
	at org.apache.hadoop.ipc.ProtobufRpcEngine$Server.processCall(ProtobufRpcEngine.java:466) [hadoop-common-3.3.1.jar:?]
	at org.apache.hadoop.ipc.ProtobufRpcEngine2$Server$ProtoBufRpcInvoker.call(ProtobufRpcEngine2.java:574) [hadoop-common-3.3.1.jar:?]
	at org.apache.hadoop.ipc.ProtobufRpcEngine2$Server$ProtoBufRpcInvoker.call(ProtobufRpcEngine2.java:552) [hadoop-common-3.3.1.jar:?]
	at org.apache.hadoop.ipc.RPC$Server.call(RPC.java:1093) [hadoop-common-3.3.1.jar:?]
	at org.apache.hadoop.ipc.Server$RpcCall.run(Server.java:1035) [hadoop-common-3.3.1.jar:?]
	at org.apache.hadoop.ipc.Server$RpcCall.run(Server.java:963) [hadoop-common-3.3.1.jar:?]
	at java.security.AccessController.doPrivileged(Native Method) ~[?:1.8.0_322]
	at javax.security.auth.Subject.doAs(Subject.java:422) [?:1.8.0_322]
	at org.apache.hadoop.security.UserGroupInformation.doAs(UserGroupInformation.java:1878) [hadoop-common-3.3.1.jar:?]
	at org.apache.hadoop.ipc.Server$Handler.run(Server.java:2966) [hadoop-common-3.3.1.jar:?]
]]></system-out>
  </testcase>
  <testcase name="testTrash" classname="TestOzoneFileSystem" time="5.063">
    <system-out><![CDATA[01:52:48.449 [IPC Server handler 8 on default port 46323] ERROR OMAudit - user=runner | ip=127.0.0.1 | op=GET_FILE_STATUS {volume=volume68825, bucket=bucket30700, key=.Trash/runner/Current/testKey2, dataSize=0, replicationConfig=null} | ret=FAILURE
org.apache.hadoop.ozone.om.exceptions.OMException: Unable to get file status: volume: volume68825 bucket: bucket30700 key: .Trash/runner/Current/testKey2
	at org.apache.hadoop.ozone.om.KeyManagerImpl.getOzoneFileStatus(KeyManagerImpl.java:1280) ~[ozone-manager-1.3.0-SNAPSHOT.jar:?]
	at org.apache.hadoop.ozone.om.KeyManagerImpl.getFileStatus(KeyManagerImpl.java:1210) ~[ozone-manager-1.3.0-SNAPSHOT.jar:?]
	at org.apache.hadoop.ozone.om.OzoneManager.getFileStatus(OzoneManager.java:3009) ~[ozone-manager-1.3.0-SNAPSHOT.jar:?]
	at org.apache.hadoop.ozone.protocolPB.OzoneManagerRequestHandler.getOzoneFileStatus(OzoneManagerRequestHandler.java:670) ~[ozone-manager-1.3.0-SNAPSHOT.jar:?]
	at org.apache.hadoop.ozone.protocolPB.OzoneManagerRequestHandler.handleReadRequest(OzoneManagerRequestHandler.java:201) ~[ozone-manager-1.3.0-SNAPSHOT.jar:?]
	at org.apache.hadoop.ozone.protocolPB.OzoneManagerProtocolServerSideTranslatorPB.submitRequestDirectlyToOM(OzoneManagerProtocolServerSideTranslatorPB.java:271) ~[ozone-manager-1.3.0-SNAPSHOT.jar:?]
	at org.apache.hadoop.ozone.protocolPB.OzoneManagerProtocolServerSideTranslatorPB.processRequest(OzoneManagerProtocolServerSideTranslatorPB.java:195) ~[ozone-manager-1.3.0-SNAPSHOT.jar:?]
	at org.apache.hadoop.hdds.server.OzoneProtocolMessageDispatcher.processRequest(OzoneProtocolMessageDispatcher.java:87) [hdds-server-framework-1.3.0-SNAPSHOT.jar:?]
	at org.apache.hadoop.ozone.protocolPB.OzoneManagerProtocolServerSideTranslatorPB.submitRequest(OzoneManagerProtocolServerSideTranslatorPB.java:146) [ozone-manager-1.3.0-SNAPSHOT.jar:?]
	at org.apache.hadoop.ozone.protocol.proto.OzoneManagerProtocolProtos$OzoneManagerService$2.callBlockingMethod(OzoneManagerProtocolProtos.java) [ozone-interface-client-1.3.0-SNAPSHOT.jar:?]
	at org.apache.hadoop.ipc.ProtobufRpcEngine$Server.processCall(ProtobufRpcEngine.java:466) [hadoop-common-3.3.1.jar:?]
	at org.apache.hadoop.ipc.ProtobufRpcEngine2$Server$ProtoBufRpcInvoker.call(ProtobufRpcEngine2.java:574) [hadoop-common-3.3.1.jar:?]
	at org.apache.hadoop.ipc.ProtobufRpcEngine2$Server$ProtoBufRpcInvoker.call(ProtobufRpcEngine2.java:552) [hadoop-common-3.3.1.jar:?]
	at org.apache.hadoop.ipc.RPC$Server.call(RPC.java:1093) [hadoop-common-3.3.1.jar:?]
	at org.apache.hadoop.ipc.Server$RpcCall.run(Server.java:1035) [hadoop-common-3.3.1.jar:?]
	at org.apache.hadoop.ipc.Server$RpcCall.run(Server.java:963) [hadoop-common-3.3.1.jar:?]
	at java.security.AccessController.doPrivileged(Native Method) ~[?:1.8.0_322]
	at javax.security.auth.Subject.doAs(Subject.java:422) [?:1.8.0_322]
	at org.apache.hadoop.security.UserGroupInformation.doAs(UserGroupInformation.java:1878) [hadoop-common-3.3.1.jar:?]
	at org.apache.hadoop.ipc.Server$Handler.run(Server.java:2966) [hadoop-common-3.3.1.jar:?]
01:52:48.451 [IPC Server handler 6 on default port 46323] ERROR OMAudit - user=runner | ip=127.0.0.1 | op=GET_FILE_STATUS {volume=volume68825, bucket=bucket30700, key=.Trash/runner/Current/testKey2, dataSize=0, replicationConfig=null} | ret=FAILURE
org.apache.hadoop.ozone.om.exceptions.OMException: Unable to get file status: volume: volume68825 bucket: bucket30700 key: .Trash/runner/Current/testKey2
	at org.apache.hadoop.ozone.om.KeyManagerImpl.getOzoneFileStatus(KeyManagerImpl.java:1280) ~[ozone-manager-1.3.0-SNAPSHOT.jar:?]
	at org.apache.hadoop.ozone.om.KeyManagerImpl.getFileStatus(KeyManagerImpl.java:1210) ~[ozone-manager-1.3.0-SNAPSHOT.jar:?]
	at org.apache.hadoop.ozone.om.OzoneManager.getFileStatus(OzoneManager.java:3009) ~[ozone-manager-1.3.0-SNAPSHOT.jar:?]
	at org.apache.hadoop.ozone.protocolPB.OzoneManagerRequestHandler.getOzoneFileStatus(OzoneManagerRequestHandler.java:670) ~[ozone-manager-1.3.0-SNAPSHOT.jar:?]
	at org.apache.hadoop.ozone.protocolPB.OzoneManagerRequestHandler.handleReadRequest(OzoneManagerRequestHandler.java:201) ~[ozone-manager-1.3.0-SNAPSHOT.jar:?]
	at org.apache.hadoop.ozone.protocolPB.OzoneManagerProtocolServerSideTranslatorPB.submitRequestDirectlyToOM(OzoneManagerProtocolServerSideTranslatorPB.java:271) ~[ozone-manager-1.3.0-SNAPSHOT.jar:?]
	at org.apache.hadoop.ozone.protocolPB.OzoneManagerProtocolServerSideTranslatorPB.processRequest(OzoneManagerProtocolServerSideTranslatorPB.java:195) ~[ozone-manager-1.3.0-SNAPSHOT.jar:?]
	at org.apache.hadoop.hdds.server.OzoneProtocolMessageDispatcher.processRequest(OzoneProtocolMessageDispatcher.java:87) [hdds-server-framework-1.3.0-SNAPSHOT.jar:?]
	at org.apache.hadoop.ozone.protocolPB.OzoneManagerProtocolServerSideTranslatorPB.submitRequest(OzoneManagerProtocolServerSideTranslatorPB.java:146) [ozone-manager-1.3.0-SNAPSHOT.jar:?]
	at org.apache.hadoop.ozone.protocol.proto.OzoneManagerProtocolProtos$OzoneManagerService$2.callBlockingMethod(OzoneManagerProtocolProtos.java) [ozone-interface-client-1.3.0-SNAPSHOT.jar:?]
	at org.apache.hadoop.ipc.ProtobufRpcEngine$Server.processCall(ProtobufRpcEngine.java:466) [hadoop-common-3.3.1.jar:?]
	at org.apache.hadoop.ipc.ProtobufRpcEngine2$Server$ProtoBufRpcInvoker.call(ProtobufRpcEngine2.java:574) [hadoop-common-3.3.1.jar:?]
	at org.apache.hadoop.ipc.ProtobufRpcEngine2$Server$ProtoBufRpcInvoker.call(ProtobufRpcEngine2.java:552) [hadoop-common-3.3.1.jar:?]
	at org.apache.hadoop.ipc.RPC$Server.call(RPC.java:1093) [hadoop-common-3.3.1.jar:?]
	at org.apache.hadoop.ipc.Server$RpcCall.run(Server.java:1035) [hadoop-common-3.3.1.jar:?]
	at org.apache.hadoop.ipc.Server$RpcCall.run(Server.java:963) [hadoop-common-3.3.1.jar:?]
	at java.security.AccessController.doPrivileged(Native Method) ~[?:1.8.0_322]
	at javax.security.auth.Subject.doAs(Subject.java:422) [?:1.8.0_322]
	at org.apache.hadoop.security.UserGroupInformation.doAs(UserGroupInformation.java:1878) [hadoop-common-3.3.1.jar:?]
	at org.apache.hadoop.ipc.Server$Handler.run(Server.java:2966) [hadoop-common-3.3.1.jar:?]
2022-04-26 01:52:48,455 [Time-limited test] INFO  fs.TrashPolicyDefault (TrashPolicyDefault.java:moveToTrash(188)) - Moved: '/testKey2' to trash at: /.Trash/runner/Current/testKey2
2022-04-26 01:52:50,358 [34d2ba22-a7fd-4f79-9d8a-4dadf85377fe@group-E32B954BD76F-FollowerState] INFO  impl.FollowerState (FollowerState.java:run(134)) - 34d2ba22-a7fd-4f79-9d8a-4dadf85377fe@group-E32B954BD76F-FollowerState: change to CANDIDATE, lastRpcElapsedTime:5060926483ns, electionTimeout:5057ms
2022-04-26 01:52:50,359 [34d2ba22-a7fd-4f79-9d8a-4dadf85377fe@group-E32B954BD76F-FollowerState] INFO  impl.RoleInfo (RoleInfo.java:shutdownFollowerState(108)) - 34d2ba22-a7fd-4f79-9d8a-4dadf85377fe: shutdown 34d2ba22-a7fd-4f79-9d8a-4dadf85377fe@group-E32B954BD76F-FollowerState
2022-04-26 01:52:50,359 [34d2ba22-a7fd-4f79-9d8a-4dadf85377fe@group-E32B954BD76F-FollowerState] INFO  server.RaftServer$Division (RaftServerImpl.java:setRole(290)) - 34d2ba22-a7fd-4f79-9d8a-4dadf85377fe@group-E32B954BD76F: changes role from  FOLLOWER to CANDIDATE at term 1 for changeToCandidate
2022-04-26 01:52:50,359 [34d2ba22-a7fd-4f79-9d8a-4dadf85377fe@group-E32B954BD76F-FollowerState] INFO  server.RaftServerConfigKeys (ConfUtils.java:logGet(44)) - raft.server.leaderelection.pre-vote = false (custom)
2022-04-26 01:52:50,359 [34d2ba22-a7fd-4f79-9d8a-4dadf85377fe@group-E32B954BD76F-FollowerState] INFO  impl.RoleInfo (RoleInfo.java:updateAndGet(130)) - 34d2ba22-a7fd-4f79-9d8a-4dadf85377fe: start 34d2ba22-a7fd-4f79-9d8a-4dadf85377fe@group-E32B954BD76F-LeaderElection19
2022-04-26 01:52:50,392 [34d2ba22-a7fd-4f79-9d8a-4dadf85377fe@group-E32B954BD76F-LeaderElection19] INFO  impl.LeaderElection (LeaderElection.java:askForVotes(306)) - 34d2ba22-a7fd-4f79-9d8a-4dadf85377fe@group-E32B954BD76F-LeaderElection19 ELECTION round 0: submit vote requests at term 2 for -1: [34d2ba22-a7fd-4f79-9d8a-4dadf85377fe|rpc:10.1.0.42:38711|dataStream:|priority:0, e687a55e-a1fa-40ca-b40d-7e860929e1d7|rpc:10.1.0.42:39343|dataStream:|priority:0, aa794ff7-e78a-42e1-b114-2e34ec5a968d|rpc:10.1.0.42:38125|dataStream:|priority:1], old=null
2022-04-26 01:52:50,438 [e687a55e-a1fa-40ca-b40d-7e860929e1d7@group-E32B954BD76F-FollowerState] INFO  impl.FollowerState (FollowerState.java:run(134)) - e687a55e-a1fa-40ca-b40d-7e860929e1d7@group-E32B954BD76F-FollowerState: change to CANDIDATE, lastRpcElapsedTime:5088260472ns, electionTimeout:5071ms
2022-04-26 01:52:50,438 [e687a55e-a1fa-40ca-b40d-7e860929e1d7@group-E32B954BD76F-FollowerState] INFO  impl.RoleInfo (RoleInfo.java:shutdownFollowerState(108)) - e687a55e-a1fa-40ca-b40d-7e860929e1d7: shutdown e687a55e-a1fa-40ca-b40d-7e860929e1d7@group-E32B954BD76F-FollowerState
2022-04-26 01:52:50,438 [e687a55e-a1fa-40ca-b40d-7e860929e1d7@group-E32B954BD76F-FollowerState] INFO  server.RaftServer$Division (RaftServerImpl.java:setRole(290)) - e687a55e-a1fa-40ca-b40d-7e860929e1d7@group-E32B954BD76F: changes role from  FOLLOWER to CANDIDATE at term 1 for changeToCandidate
2022-04-26 01:52:50,438 [e687a55e-a1fa-40ca-b40d-7e860929e1d7@group-E32B954BD76F-FollowerState] INFO  server.RaftServerConfigKeys (ConfUtils.java:logGet(44)) - raft.server.leaderelection.pre-vote = false (custom)
2022-04-26 01:52:50,438 [e687a55e-a1fa-40ca-b40d-7e860929e1d7@group-E32B954BD76F-FollowerState] INFO  impl.RoleInfo (RoleInfo.java:updateAndGet(130)) - e687a55e-a1fa-40ca-b40d-7e860929e1d7: start e687a55e-a1fa-40ca-b40d-7e860929e1d7@group-E32B954BD76F-LeaderElection20
2022-04-26 01:52:50,464 [grpc-default-executor-0] INFO  server.RaftServer$Division (RaftServerImpl.java:requestVote(1046)) - e687a55e-a1fa-40ca-b40d-7e860929e1d7@group-E32B954BD76F: receive requestVote(ELECTION, 34d2ba22-a7fd-4f79-9d8a-4dadf85377fe, group-E32B954BD76F, 2, (t:0, i:0))
2022-04-26 01:52:50,465 [grpc-default-executor-0] INFO  impl.VoteContext (VoteContext.java:log(48)) - e687a55e-a1fa-40ca-b40d-7e860929e1d7@group-E32B954BD76F-CANDIDATE: accept ELECTION from 34d2ba22-a7fd-4f79-9d8a-4dadf85377fe: our priority 0 <= candidate's priority 0
2022-04-26 01:52:50,465 [grpc-default-executor-0] INFO  server.RaftServer$Division (RaftServerImpl.java:setRole(290)) - e687a55e-a1fa-40ca-b40d-7e860929e1d7@group-E32B954BD76F: changes role from CANDIDATE to FOLLOWER at term 2 for candidate:34d2ba22-a7fd-4f79-9d8a-4dadf85377fe
2022-04-26 01:52:50,465 [grpc-default-executor-0] INFO  impl.RoleInfo (RoleInfo.java:shutdownLeaderElection(121)) - e687a55e-a1fa-40ca-b40d-7e860929e1d7: shutdown e687a55e-a1fa-40ca-b40d-7e860929e1d7@group-E32B954BD76F-LeaderElection20
2022-04-26 01:52:50,465 [grpc-default-executor-0] INFO  impl.RoleInfo (RoleInfo.java:updateAndGet(130)) - e687a55e-a1fa-40ca-b40d-7e860929e1d7: start e687a55e-a1fa-40ca-b40d-7e860929e1d7@group-E32B954BD76F-FollowerState
2022-04-26 01:52:50,469 [e687a55e-a1fa-40ca-b40d-7e860929e1d7@group-E32B954BD76F-LeaderElection20] INFO  impl.LeaderElection (LeaderElection.java:run(230)) - e687a55e-a1fa-40ca-b40d-7e860929e1d7@group-E32B954BD76F-LeaderElection20: skip running since this is already CLOSING
01:52:50.473 [IPC Server handler 7 on default port 46323] ERROR OMAudit - user=runner | ip=127.0.0.1 | op=GET_FILE_STATUS {volume=volume68825, bucket=bucket30700, key=.Trash/runner/Current/testKey2, dataSize=0, replicationConfig=null} | ret=FAILURE
org.apache.hadoop.ozone.om.exceptions.OMException: Unable to get file status: volume: volume68825 bucket: bucket30700 key: .Trash/runner/Current/testKey2
	at org.apache.hadoop.ozone.om.KeyManagerImpl.getOzoneFileStatus(KeyManagerImpl.java:1280) ~[ozone-manager-1.3.0-SNAPSHOT.jar:?]
	at org.apache.hadoop.ozone.om.KeyManagerImpl.getFileStatus(KeyManagerImpl.java:1210) ~[ozone-manager-1.3.0-SNAPSHOT.jar:?]
	at org.apache.hadoop.ozone.om.OzoneManager.getFileStatus(OzoneManager.java:3009) ~[ozone-manager-1.3.0-SNAPSHOT.jar:?]
	at org.apache.hadoop.ozone.protocolPB.OzoneManagerRequestHandler.getOzoneFileStatus(OzoneManagerRequestHandler.java:670) ~[ozone-manager-1.3.0-SNAPSHOT.jar:?]
	at org.apache.hadoop.ozone.protocolPB.OzoneManagerRequestHandler.handleReadRequest(OzoneManagerRequestHandler.java:201) ~[ozone-manager-1.3.0-SNAPSHOT.jar:?]
	at org.apache.hadoop.ozone.protocolPB.OzoneManagerProtocolServerSideTranslatorPB.submitRequestDirectlyToOM(OzoneManagerProtocolServerSideTranslatorPB.java:271) ~[ozone-manager-1.3.0-SNAPSHOT.jar:?]
	at org.apache.hadoop.ozone.protocolPB.OzoneManagerProtocolServerSideTranslatorPB.processRequest(OzoneManagerProtocolServerSideTranslatorPB.java:195) ~[ozone-manager-1.3.0-SNAPSHOT.jar:?]
	at org.apache.hadoop.hdds.server.OzoneProtocolMessageDispatcher.processRequest(OzoneProtocolMessageDispatcher.java:87) [hdds-server-framework-1.3.0-SNAPSHOT.jar:?]
	at org.apache.hadoop.ozone.protocolPB.OzoneManagerProtocolServerSideTranslatorPB.submitRequest(OzoneManagerProtocolServerSideTranslatorPB.java:146) [ozone-manager-1.3.0-SNAPSHOT.jar:?]
	at org.apache.hadoop.ozone.protocol.proto.OzoneManagerProtocolProtos$OzoneManagerService$2.callBlockingMethod(OzoneManagerProtocolProtos.java) [ozone-interface-client-1.3.0-SNAPSHOT.jar:?]
	at org.apache.hadoop.ipc.ProtobufRpcEngine$Server.processCall(ProtobufRpcEngine.java:466) [hadoop-common-3.3.1.jar:?]
	at org.apache.hadoop.ipc.ProtobufRpcEngine2$Server$ProtoBufRpcInvoker.call(ProtobufRpcEngine2.java:574) [hadoop-common-3.3.1.jar:?]
	at org.apache.hadoop.ipc.ProtobufRpcEngine2$Server$ProtoBufRpcInvoker.call(ProtobufRpcEngine2.java:552) [hadoop-common-3.3.1.jar:?]
	at org.apache.hadoop.ipc.RPC$Server.call(RPC.java:1093) [hadoop-common-3.3.1.jar:?]
	at org.apache.hadoop.ipc.Server$RpcCall.run(Server.java:1035) [hadoop-common-3.3.1.jar:?]
	at org.apache.hadoop.ipc.Server$RpcCall.run(Server.java:963) [hadoop-common-3.3.1.jar:?]
	at java.security.AccessController.doPrivileged(Native Method) ~[?:1.8.0_322]
	at javax.security.auth.Subject.doAs(Subject.java:422) [?:1.8.0_322]
	at org.apache.hadoop.security.UserGroupInformation.doAs(UserGroupInformation.java:1878) [hadoop-common-3.3.1.jar:?]
	at org.apache.hadoop.ipc.Server$Handler.run(Server.java:2966) [hadoop-common-3.3.1.jar:?]
2022-04-26 01:52:50,474 [grpc-default-executor-0] INFO  server.RaftServer$Division (RaftServerImpl.java:requestVote(1078)) - e687a55e-a1fa-40ca-b40d-7e860929e1d7@group-E32B954BD76F replies to ELECTION vote request: 34d2ba22-a7fd-4f79-9d8a-4dadf85377fe<-e687a55e-a1fa-40ca-b40d-7e860929e1d7#0:OK-t2. Peer's state: e687a55e-a1fa-40ca-b40d-7e860929e1d7@group-E32B954BD76F:t2, leader=null, voted=34d2ba22-a7fd-4f79-9d8a-4dadf85377fe, raftlog=e687a55e-a1fa-40ca-b40d-7e860929e1d7@group-E32B954BD76F-SegmentedRaftLog:OPENED:c-1, conf=-1: [34d2ba22-a7fd-4f79-9d8a-4dadf85377fe|rpc:10.1.0.42:38711|priority:0, e687a55e-a1fa-40ca-b40d-7e860929e1d7|rpc:10.1.0.42:39343|priority:0, aa794ff7-e78a-42e1-b114-2e34ec5a968d|rpc:10.1.0.42:38125|priority:1], old=null
2022-04-26 01:52:50,505 [aa794ff7-e78a-42e1-b114-2e34ec5a968d@group-E32B954BD76F-FollowerState] INFO  impl.FollowerState (FollowerState.java:run(134)) - aa794ff7-e78a-42e1-b114-2e34ec5a968d@group-E32B954BD76F-FollowerState: change to CANDIDATE, lastRpcElapsedTime:5188390266ns, electionTimeout:5151ms
2022-04-26 01:52:50,505 [aa794ff7-e78a-42e1-b114-2e34ec5a968d@group-E32B954BD76F-FollowerState] INFO  impl.RoleInfo (RoleInfo.java:shutdownFollowerState(108)) - aa794ff7-e78a-42e1-b114-2e34ec5a968d: shutdown aa794ff7-e78a-42e1-b114-2e34ec5a968d@group-E32B954BD76F-FollowerState
2022-04-26 01:52:50,505 [aa794ff7-e78a-42e1-b114-2e34ec5a968d@group-E32B954BD76F-FollowerState] INFO  server.RaftServer$Division (RaftServerImpl.java:setRole(290)) - aa794ff7-e78a-42e1-b114-2e34ec5a968d@group-E32B954BD76F: changes role from  FOLLOWER to CANDIDATE at term 1 for changeToCandidate
2022-04-26 01:52:50,505 [aa794ff7-e78a-42e1-b114-2e34ec5a968d@group-E32B954BD76F-FollowerState] INFO  server.RaftServerConfigKeys (ConfUtils.java:logGet(44)) - raft.server.leaderelection.pre-vote = false (custom)
2022-04-26 01:52:50,505 [aa794ff7-e78a-42e1-b114-2e34ec5a968d@group-E32B954BD76F-FollowerState] INFO  impl.RoleInfo (RoleInfo.java:updateAndGet(130)) - aa794ff7-e78a-42e1-b114-2e34ec5a968d: start aa794ff7-e78a-42e1-b114-2e34ec5a968d@group-E32B954BD76F-LeaderElection21
2022-04-26 01:52:50,525 [grpc-default-executor-0] INFO  server.RaftServer$Division (RaftServerImpl.java:requestVote(1046)) - aa794ff7-e78a-42e1-b114-2e34ec5a968d@group-E32B954BD76F: receive requestVote(ELECTION, 34d2ba22-a7fd-4f79-9d8a-4dadf85377fe, group-E32B954BD76F, 2, (t:0, i:0))
2022-04-26 01:52:50,528 [grpc-default-executor-0] INFO  impl.VoteContext (VoteContext.java:log(48)) - aa794ff7-e78a-42e1-b114-2e34ec5a968d@group-E32B954BD76F-CANDIDATE: reject ELECTION from 34d2ba22-a7fd-4f79-9d8a-4dadf85377fe: our priority 1 > candidate's priority 0
2022-04-26 01:52:50,528 [grpc-default-executor-0] INFO  server.RaftServer$Division (RaftServerImpl.java:setRole(290)) - aa794ff7-e78a-42e1-b114-2e34ec5a968d@group-E32B954BD76F: changes role from CANDIDATE to FOLLOWER at term 2 for candidate:34d2ba22-a7fd-4f79-9d8a-4dadf85377fe
2022-04-26 01:52:50,528 [grpc-default-executor-0] INFO  impl.RoleInfo (RoleInfo.java:shutdownLeaderElection(121)) - aa794ff7-e78a-42e1-b114-2e34ec5a968d: shutdown aa794ff7-e78a-42e1-b114-2e34ec5a968d@group-E32B954BD76F-LeaderElection21
2022-04-26 01:52:50,528 [grpc-default-executor-0] INFO  impl.RoleInfo (RoleInfo.java:updateAndGet(130)) - aa794ff7-e78a-42e1-b114-2e34ec5a968d: start aa794ff7-e78a-42e1-b114-2e34ec5a968d@group-E32B954BD76F-FollowerState
2022-04-26 01:52:50,529 [grpc-default-executor-0] INFO  server.RaftServer$Division (RaftServerImpl.java:requestVote(1078)) - aa794ff7-e78a-42e1-b114-2e34ec5a968d@group-E32B954BD76F replies to ELECTION vote request: 34d2ba22-a7fd-4f79-9d8a-4dadf85377fe<-aa794ff7-e78a-42e1-b114-2e34ec5a968d#0:FAIL-t2. Peer's state: aa794ff7-e78a-42e1-b114-2e34ec5a968d@group-E32B954BD76F:t2, leader=null, voted=null, raftlog=aa794ff7-e78a-42e1-b114-2e34ec5a968d@group-E32B954BD76F-SegmentedRaftLog:OPENED:c-1, conf=-1: [34d2ba22-a7fd-4f79-9d8a-4dadf85377fe|rpc:10.1.0.42:38711|dataStream:|priority:0, e687a55e-a1fa-40ca-b40d-7e860929e1d7|rpc:10.1.0.42:39343|dataStream:|priority:0, aa794ff7-e78a-42e1-b114-2e34ec5a968d|rpc:10.1.0.42:38125|dataStream:|priority:1], old=null
2022-04-26 01:52:50,537 [34d2ba22-a7fd-4f79-9d8a-4dadf85377fe@group-E32B954BD76F-LeaderElection19] INFO  impl.LeaderElection (LeaderElection.java:logAndReturn(89)) - 34d2ba22-a7fd-4f79-9d8a-4dadf85377fe@group-E32B954BD76F-LeaderElection19: ELECTION REJECTED received 2 response(s) and 0 exception(s):
2022-04-26 01:52:50,538 [34d2ba22-a7fd-4f79-9d8a-4dadf85377fe@group-E32B954BD76F-LeaderElection19] INFO  impl.LeaderElection (LeaderElection.java:logAndReturn(93)) -   Response 0: 34d2ba22-a7fd-4f79-9d8a-4dadf85377fe<-e687a55e-a1fa-40ca-b40d-7e860929e1d7#0:OK-t2
2022-04-26 01:52:50,538 [34d2ba22-a7fd-4f79-9d8a-4dadf85377fe@group-E32B954BD76F-LeaderElection19] INFO  impl.LeaderElection (LeaderElection.java:logAndReturn(93)) -   Response 1: 34d2ba22-a7fd-4f79-9d8a-4dadf85377fe<-aa794ff7-e78a-42e1-b114-2e34ec5a968d#0:FAIL-t2
2022-04-26 01:52:50,538 [34d2ba22-a7fd-4f79-9d8a-4dadf85377fe@group-E32B954BD76F-LeaderElection19] INFO  impl.LeaderElection (LeaderElection.java:askForVotes(308)) - 34d2ba22-a7fd-4f79-9d8a-4dadf85377fe@group-E32B954BD76F-LeaderElection19 ELECTION round 0: result REJECTED
2022-04-26 01:52:50,539 [aa794ff7-e78a-42e1-b114-2e34ec5a968d@group-E32B954BD76F-LeaderElection21] INFO  impl.LeaderElection (LeaderElection.java:run(230)) - aa794ff7-e78a-42e1-b114-2e34ec5a968d@group-E32B954BD76F-LeaderElection21: skip running since this is already CLOSING
2022-04-26 01:52:50,554 [34d2ba22-a7fd-4f79-9d8a-4dadf85377fe@group-E32B954BD76F-LeaderElection19] INFO  server.RaftServer$Division (RaftServerImpl.java:setRole(290)) - 34d2ba22-a7fd-4f79-9d8a-4dadf85377fe@group-E32B954BD76F: changes role from CANDIDATE to FOLLOWER at term 2 for REJECTED
2022-04-26 01:52:50,554 [34d2ba22-a7fd-4f79-9d8a-4dadf85377fe@group-E32B954BD76F-LeaderElection19] INFO  impl.RoleInfo (RoleInfo.java:shutdownLeaderElection(121)) - 34d2ba22-a7fd-4f79-9d8a-4dadf85377fe: shutdown 34d2ba22-a7fd-4f79-9d8a-4dadf85377fe@group-E32B954BD76F-LeaderElection19
2022-04-26 01:52:50,554 [34d2ba22-a7fd-4f79-9d8a-4dadf85377fe@group-E32B954BD76F-LeaderElection19] INFO  impl.RoleInfo (RoleInfo.java:updateAndGet(130)) - 34d2ba22-a7fd-4f79-9d8a-4dadf85377fe: start 34d2ba22-a7fd-4f79-9d8a-4dadf85377fe@group-E32B954BD76F-FollowerState
]]></system-out>
  </testcase>
  <testcase name="testTrash" classname="TestOzoneFileSystem" time="4.059">
    <system-out><![CDATA[01:53:54.741 [IPC Server handler 12 on default port 40803] ERROR OMAudit - user=runner | ip=127.0.0.1 | op=GET_FILE_STATUS {volume=volume85710, bucket=bucket48480, key=.Trash/runner/Current/testKey2, dataSize=0, replicationConfig=null} | ret=FAILURE
org.apache.hadoop.ozone.om.exceptions.OMException: Unable to get file status: volume: volume85710 bucket: bucket48480 key: .Trash/runner/Current/testKey2
	at org.apache.hadoop.ozone.om.KeyManagerImpl.getOzoneFileStatus(KeyManagerImpl.java:1280) ~[ozone-manager-1.3.0-SNAPSHOT.jar:?]
	at org.apache.hadoop.ozone.om.KeyManagerImpl.getFileStatus(KeyManagerImpl.java:1210) ~[ozone-manager-1.3.0-SNAPSHOT.jar:?]
	at org.apache.hadoop.ozone.om.OzoneManager.getFileStatus(OzoneManager.java:3009) ~[ozone-manager-1.3.0-SNAPSHOT.jar:?]
	at org.apache.hadoop.ozone.protocolPB.OzoneManagerRequestHandler.getOzoneFileStatus(OzoneManagerRequestHandler.java:670) ~[ozone-manager-1.3.0-SNAPSHOT.jar:?]
	at org.apache.hadoop.ozone.protocolPB.OzoneManagerRequestHandler.handleReadRequest(OzoneManagerRequestHandler.java:201) ~[ozone-manager-1.3.0-SNAPSHOT.jar:?]
	at org.apache.hadoop.ozone.protocolPB.OzoneManagerProtocolServerSideTranslatorPB.submitReadRequestToOM(OzoneManagerProtocolServerSideTranslatorPB.java:213) ~[ozone-manager-1.3.0-SNAPSHOT.jar:?]
	at org.apache.hadoop.ozone.protocolPB.OzoneManagerProtocolServerSideTranslatorPB.processRequest(OzoneManagerProtocolServerSideTranslatorPB.java:174) ~[ozone-manager-1.3.0-SNAPSHOT.jar:?]
	at org.apache.hadoop.hdds.server.OzoneProtocolMessageDispatcher.processRequest(OzoneProtocolMessageDispatcher.java:87) [hdds-server-framework-1.3.0-SNAPSHOT.jar:?]
	at org.apache.hadoop.ozone.protocolPB.OzoneManagerProtocolServerSideTranslatorPB.submitRequest(OzoneManagerProtocolServerSideTranslatorPB.java:146) [ozone-manager-1.3.0-SNAPSHOT.jar:?]
	at org.apache.hadoop.ozone.protocol.proto.OzoneManagerProtocolProtos$OzoneManagerService$2.callBlockingMethod(OzoneManagerProtocolProtos.java) [ozone-interface-client-1.3.0-SNAPSHOT.jar:?]
	at org.apache.hadoop.ipc.ProtobufRpcEngine$Server.processCall(ProtobufRpcEngine.java:466) [hadoop-common-3.3.1.jar:?]
	at org.apache.hadoop.ipc.ProtobufRpcEngine2$Server$ProtoBufRpcInvoker.call(ProtobufRpcEngine2.java:574) [hadoop-common-3.3.1.jar:?]
	at org.apache.hadoop.ipc.ProtobufRpcEngine2$Server$ProtoBufRpcInvoker.call(ProtobufRpcEngine2.java:552) [hadoop-common-3.3.1.jar:?]
	at org.apache.hadoop.ipc.RPC$Server.call(RPC.java:1093) [hadoop-common-3.3.1.jar:?]
	at org.apache.hadoop.ipc.Server$RpcCall.run(Server.java:1035) [hadoop-common-3.3.1.jar:?]
	at org.apache.hadoop.ipc.Server$RpcCall.run(Server.java:963) [hadoop-common-3.3.1.jar:?]
	at java.security.AccessController.doPrivileged(Native Method) ~[?:1.8.0_322]
	at javax.security.auth.Subject.doAs(Subject.java:422) [?:1.8.0_322]
	at org.apache.hadoop.security.UserGroupInformation.doAs(UserGroupInformation.java:1878) [hadoop-common-3.3.1.jar:?]
	at org.apache.hadoop.ipc.Server$Handler.run(Server.java:2966) [hadoop-common-3.3.1.jar:?]
01:53:54.743 [IPC Server handler 8 on default port 40803] ERROR OMAudit - user=runner | ip=127.0.0.1 | op=GET_FILE_STATUS {volume=volume85710, bucket=bucket48480, key=.Trash/runner/Current/testKey2, dataSize=0, replicationConfig=null} | ret=FAILURE
org.apache.hadoop.ozone.om.exceptions.OMException: Unable to get file status: volume: volume85710 bucket: bucket48480 key: .Trash/runner/Current/testKey2
	at org.apache.hadoop.ozone.om.KeyManagerImpl.getOzoneFileStatus(KeyManagerImpl.java:1280) ~[ozone-manager-1.3.0-SNAPSHOT.jar:?]
	at org.apache.hadoop.ozone.om.KeyManagerImpl.getFileStatus(KeyManagerImpl.java:1210) ~[ozone-manager-1.3.0-SNAPSHOT.jar:?]
	at org.apache.hadoop.ozone.om.OzoneManager.getFileStatus(OzoneManager.java:3009) ~[ozone-manager-1.3.0-SNAPSHOT.jar:?]
	at org.apache.hadoop.ozone.protocolPB.OzoneManagerRequestHandler.getOzoneFileStatus(OzoneManagerRequestHandler.java:670) ~[ozone-manager-1.3.0-SNAPSHOT.jar:?]
	at org.apache.hadoop.ozone.protocolPB.OzoneManagerRequestHandler.handleReadRequest(OzoneManagerRequestHandler.java:201) ~[ozone-manager-1.3.0-SNAPSHOT.jar:?]
	at org.apache.hadoop.ozone.protocolPB.OzoneManagerProtocolServerSideTranslatorPB.submitReadRequestToOM(OzoneManagerProtocolServerSideTranslatorPB.java:213) ~[ozone-manager-1.3.0-SNAPSHOT.jar:?]
	at org.apache.hadoop.ozone.protocolPB.OzoneManagerProtocolServerSideTranslatorPB.processRequest(OzoneManagerProtocolServerSideTranslatorPB.java:174) ~[ozone-manager-1.3.0-SNAPSHOT.jar:?]
	at org.apache.hadoop.hdds.server.OzoneProtocolMessageDispatcher.processRequest(OzoneProtocolMessageDispatcher.java:87) [hdds-server-framework-1.3.0-SNAPSHOT.jar:?]
	at org.apache.hadoop.ozone.protocolPB.OzoneManagerProtocolServerSideTranslatorPB.submitRequest(OzoneManagerProtocolServerSideTranslatorPB.java:146) [ozone-manager-1.3.0-SNAPSHOT.jar:?]
	at org.apache.hadoop.ozone.protocol.proto.OzoneManagerProtocolProtos$OzoneManagerService$2.callBlockingMethod(OzoneManagerProtocolProtos.java) [ozone-interface-client-1.3.0-SNAPSHOT.jar:?]
	at org.apache.hadoop.ipc.ProtobufRpcEngine$Server.processCall(ProtobufRpcEngine.java:466) [hadoop-common-3.3.1.jar:?]
	at org.apache.hadoop.ipc.ProtobufRpcEngine2$Server$ProtoBufRpcInvoker.call(ProtobufRpcEngine2.java:574) [hadoop-common-3.3.1.jar:?]
	at org.apache.hadoop.ipc.ProtobufRpcEngine2$Server$ProtoBufRpcInvoker.call(ProtobufRpcEngine2.java:552) [hadoop-common-3.3.1.jar:?]
	at org.apache.hadoop.ipc.RPC$Server.call(RPC.java:1093) [hadoop-common-3.3.1.jar:?]
	at org.apache.hadoop.ipc.Server$RpcCall.run(Server.java:1035) [hadoop-common-3.3.1.jar:?]
	at org.apache.hadoop.ipc.Server$RpcCall.run(Server.java:963) [hadoop-common-3.3.1.jar:?]
	at java.security.AccessController.doPrivileged(Native Method) ~[?:1.8.0_322]
	at javax.security.auth.Subject.doAs(Subject.java:422) [?:1.8.0_322]
	at org.apache.hadoop.security.UserGroupInformation.doAs(UserGroupInformation.java:1878) [hadoop-common-3.3.1.jar:?]
	at org.apache.hadoop.ipc.Server$Handler.run(Server.java:2966) [hadoop-common-3.3.1.jar:?]
2022-04-26 01:53:54,746 [Time-limited test] INFO  fs.TrashPolicyDefault (TrashPolicyDefault.java:moveToTrash(188)) - Moved: '/testKey2' to trash at: /.Trash/runner/Current/testKey2
01:53:55.750 [IPC Server handler 18 on default port 40803] ERROR OMAudit - user=runner | ip=127.0.0.1 | op=GET_FILE_STATUS {volume=volume85710, bucket=bucket48480, key=.Trash/runner/Current/testKey2, dataSize=0, replicationConfig=null} | ret=FAILURE
org.apache.hadoop.ozone.om.exceptions.OMException: Unable to get file status: volume: volume85710 bucket: bucket48480 key: .Trash/runner/Current/testKey2
	at org.apache.hadoop.ozone.om.KeyManagerImpl.getOzoneFileStatus(KeyManagerImpl.java:1280) ~[ozone-manager-1.3.0-SNAPSHOT.jar:?]
	at org.apache.hadoop.ozone.om.KeyManagerImpl.getFileStatus(KeyManagerImpl.java:1210) ~[ozone-manager-1.3.0-SNAPSHOT.jar:?]
	at org.apache.hadoop.ozone.om.OzoneManager.getFileStatus(OzoneManager.java:3009) ~[ozone-manager-1.3.0-SNAPSHOT.jar:?]
	at org.apache.hadoop.ozone.protocolPB.OzoneManagerRequestHandler.getOzoneFileStatus(OzoneManagerRequestHandler.java:670) ~[ozone-manager-1.3.0-SNAPSHOT.jar:?]
	at org.apache.hadoop.ozone.protocolPB.OzoneManagerRequestHandler.handleReadRequest(OzoneManagerRequestHandler.java:201) ~[ozone-manager-1.3.0-SNAPSHOT.jar:?]
	at org.apache.hadoop.ozone.protocolPB.OzoneManagerProtocolServerSideTranslatorPB.submitReadRequestToOM(OzoneManagerProtocolServerSideTranslatorPB.java:213) ~[ozone-manager-1.3.0-SNAPSHOT.jar:?]
	at org.apache.hadoop.ozone.protocolPB.OzoneManagerProtocolServerSideTranslatorPB.processRequest(OzoneManagerProtocolServerSideTranslatorPB.java:174) ~[ozone-manager-1.3.0-SNAPSHOT.jar:?]
	at org.apache.hadoop.hdds.server.OzoneProtocolMessageDispatcher.processRequest(OzoneProtocolMessageDispatcher.java:87) [hdds-server-framework-1.3.0-SNAPSHOT.jar:?]
	at org.apache.hadoop.ozone.protocolPB.OzoneManagerProtocolServerSideTranslatorPB.submitRequest(OzoneManagerProtocolServerSideTranslatorPB.java:146) [ozone-manager-1.3.0-SNAPSHOT.jar:?]
	at org.apache.hadoop.ozone.protocol.proto.OzoneManagerProtocolProtos$OzoneManagerService$2.callBlockingMethod(OzoneManagerProtocolProtos.java) [ozone-interface-client-1.3.0-SNAPSHOT.jar:?]
	at org.apache.hadoop.ipc.ProtobufRpcEngine$Server.processCall(ProtobufRpcEngine.java:466) [hadoop-common-3.3.1.jar:?]
	at org.apache.hadoop.ipc.ProtobufRpcEngine2$Server$ProtoBufRpcInvoker.call(ProtobufRpcEngine2.java:574) [hadoop-common-3.3.1.jar:?]
	at org.apache.hadoop.ipc.ProtobufRpcEngine2$Server$ProtoBufRpcInvoker.call(ProtobufRpcEngine2.java:552) [hadoop-common-3.3.1.jar:?]
	at org.apache.hadoop.ipc.RPC$Server.call(RPC.java:1093) [hadoop-common-3.3.1.jar:?]
	at org.apache.hadoop.ipc.Server$RpcCall.run(Server.java:1035) [hadoop-common-3.3.1.jar:?]
	at org.apache.hadoop.ipc.Server$RpcCall.run(Server.java:963) [hadoop-common-3.3.1.jar:?]
	at java.security.AccessController.doPrivileged(Native Method) ~[?:1.8.0_322]
	at javax.security.auth.Subject.doAs(Subject.java:422) [?:1.8.0_322]
	at org.apache.hadoop.security.UserGroupInformation.doAs(UserGroupInformation.java:1878) [hadoop-common-3.3.1.jar:?]
	at org.apache.hadoop.ipc.Server$Handler.run(Server.java:2966) [hadoop-common-3.3.1.jar:?]
2022-04-26 01:53:56,072 [5f9c2808-8092-4bb8-be0b-9d445a417462@group-1DC918ECA009-FollowerState] INFO  impl.FollowerState (FollowerState.java:run(134)) - 5f9c2808-8092-4bb8-be0b-9d445a417462@group-1DC918ECA009-FollowerState: change to CANDIDATE, lastRpcElapsedTime:5150591502ns, electionTimeout:5135ms
2022-04-26 01:53:56,072 [5f9c2808-8092-4bb8-be0b-9d445a417462@group-1DC918ECA009-FollowerState] INFO  impl.RoleInfo (RoleInfo.java:shutdownFollowerState(108)) - 5f9c2808-8092-4bb8-be0b-9d445a417462: shutdown 5f9c2808-8092-4bb8-be0b-9d445a417462@group-1DC918ECA009-FollowerState
2022-04-26 01:53:56,072 [5f9c2808-8092-4bb8-be0b-9d445a417462@group-1DC918ECA009-FollowerState] INFO  server.RaftServer$Division (RaftServerImpl.java:setRole(290)) - 5f9c2808-8092-4bb8-be0b-9d445a417462@group-1DC918ECA009: changes role from  FOLLOWER to CANDIDATE at term 1 for changeToCandidate
2022-04-26 01:53:56,072 [5f9c2808-8092-4bb8-be0b-9d445a417462@group-1DC918ECA009-FollowerState] INFO  server.RaftServerConfigKeys (ConfUtils.java:logGet(44)) - raft.server.leaderelection.pre-vote = false (custom)
2022-04-26 01:53:56,072 [5f9c2808-8092-4bb8-be0b-9d445a417462@group-1DC918ECA009-FollowerState] INFO  impl.RoleInfo (RoleInfo.java:updateAndGet(130)) - 5f9c2808-8092-4bb8-be0b-9d445a417462: start 5f9c2808-8092-4bb8-be0b-9d445a417462@group-1DC918ECA009-LeaderElection42
2022-04-26 01:53:56,099 [5f9c2808-8092-4bb8-be0b-9d445a417462@group-1DC918ECA009-LeaderElection42] INFO  impl.LeaderElection (LeaderElection.java:askForVotes(306)) - 5f9c2808-8092-4bb8-be0b-9d445a417462@group-1DC918ECA009-LeaderElection42 ELECTION round 0: submit vote requests at term 2 for -1: [c1d01455-3ad3-443a-8310-748688ca0e72|rpc:10.1.0.42:42877|priority:1, 382fe11f-ccc0-42c1-99a9-aa0fa042180d|rpc:10.1.0.42:39043|priority:0, 5f9c2808-8092-4bb8-be0b-9d445a417462|rpc:10.1.0.42:40901|priority:0], old=null
2022-04-26 01:53:56,114 [c1d01455-3ad3-443a-8310-748688ca0e72@group-1DC918ECA009-FollowerState] INFO  impl.FollowerState (FollowerState.java:run(134)) - c1d01455-3ad3-443a-8310-748688ca0e72@group-1DC918ECA009-FollowerState: change to CANDIDATE, lastRpcElapsedTime:5036412613ns, electionTimeout:5007ms
2022-04-26 01:53:56,115 [c1d01455-3ad3-443a-8310-748688ca0e72@group-1DC918ECA009-FollowerState] INFO  impl.RoleInfo (RoleInfo.java:shutdownFollowerState(108)) - c1d01455-3ad3-443a-8310-748688ca0e72: shutdown c1d01455-3ad3-443a-8310-748688ca0e72@group-1DC918ECA009-FollowerState
2022-04-26 01:53:56,115 [c1d01455-3ad3-443a-8310-748688ca0e72@group-1DC918ECA009-FollowerState] INFO  server.RaftServer$Division (RaftServerImpl.java:setRole(290)) - c1d01455-3ad3-443a-8310-748688ca0e72@group-1DC918ECA009: changes role from  FOLLOWER to CANDIDATE at term 1 for changeToCandidate
2022-04-26 01:53:56,115 [c1d01455-3ad3-443a-8310-748688ca0e72@group-1DC918ECA009-FollowerState] INFO  server.RaftServerConfigKeys (ConfUtils.java:logGet(44)) - raft.server.leaderelection.pre-vote = false (custom)
2022-04-26 01:53:56,137 [c1d01455-3ad3-443a-8310-748688ca0e72@group-1DC918ECA009-FollowerState] INFO  impl.RoleInfo (RoleInfo.java:updateAndGet(130)) - c1d01455-3ad3-443a-8310-748688ca0e72: start c1d01455-3ad3-443a-8310-748688ca0e72@group-1DC918ECA009-LeaderElection43
2022-04-26 01:53:56,122 [grpc-default-executor-0] INFO  server.RaftServer$Division (RaftServerImpl.java:requestVote(1046)) - c1d01455-3ad3-443a-8310-748688ca0e72@group-1DC918ECA009: receive requestVote(ELECTION, 5f9c2808-8092-4bb8-be0b-9d445a417462, group-1DC918ECA009, 2, (t:0, i:0))
2022-04-26 01:53:56,144 [grpc-default-executor-2] INFO  server.RaftServer$Division (RaftServerImpl.java:requestVote(1046)) - 382fe11f-ccc0-42c1-99a9-aa0fa042180d@group-1DC918ECA009: receive requestVote(ELECTION, 5f9c2808-8092-4bb8-be0b-9d445a417462, group-1DC918ECA009, 2, (t:0, i:0))
2022-04-26 01:53:56,144 [grpc-default-executor-2] INFO  impl.VoteContext (VoteContext.java:log(48)) - 382fe11f-ccc0-42c1-99a9-aa0fa042180d@group-1DC918ECA009-FOLLOWER: accept ELECTION from 5f9c2808-8092-4bb8-be0b-9d445a417462: our priority 0 <= candidate's priority 0
2022-04-26 01:53:56,144 [grpc-default-executor-2] INFO  server.RaftServer$Division (RaftServerImpl.java:setRole(290)) - 382fe11f-ccc0-42c1-99a9-aa0fa042180d@group-1DC918ECA009: changes role from  FOLLOWER to FOLLOWER at term 2 for candidate:5f9c2808-8092-4bb8-be0b-9d445a417462
2022-04-26 01:53:56,144 [grpc-default-executor-2] INFO  impl.RoleInfo (RoleInfo.java:shutdownFollowerState(108)) - 382fe11f-ccc0-42c1-99a9-aa0fa042180d: shutdown 382fe11f-ccc0-42c1-99a9-aa0fa042180d@group-1DC918ECA009-FollowerState
2022-04-26 01:53:56,144 [grpc-default-executor-2] INFO  impl.RoleInfo (RoleInfo.java:updateAndGet(130)) - 382fe11f-ccc0-42c1-99a9-aa0fa042180d: start 382fe11f-ccc0-42c1-99a9-aa0fa042180d@group-1DC918ECA009-FollowerState
2022-04-26 01:53:56,144 [382fe11f-ccc0-42c1-99a9-aa0fa042180d@group-1DC918ECA009-FollowerState] INFO  impl.FollowerState (FollowerState.java:run(143)) - 382fe11f-ccc0-42c1-99a9-aa0fa042180d@group-1DC918ECA009-FollowerState was interrupted: {}
java.lang.InterruptedException: sleep interrupted
	at java.lang.Thread.sleep(Native Method)
	at java.lang.Thread.sleep(Thread.java:342)
	at java.util.concurrent.TimeUnit.sleep(TimeUnit.java:386)
	at org.apache.ratis.util.TimeDuration.sleep(TimeDuration.java:324)
	at org.apache.ratis.util.TimeDuration.sleep(TimeDuration.java:309)
	at org.apache.ratis.server.impl.FollowerState.run(FollowerState.java:118)
2022-04-26 01:53:56,147 [grpc-default-executor-2] INFO  server.RaftServer$Division (RaftServerImpl.java:requestVote(1078)) - 382fe11f-ccc0-42c1-99a9-aa0fa042180d@group-1DC918ECA009 replies to ELECTION vote request: 5f9c2808-8092-4bb8-be0b-9d445a417462<-382fe11f-ccc0-42c1-99a9-aa0fa042180d#0:OK-t2. Peer's state: 382fe11f-ccc0-42c1-99a9-aa0fa042180d@group-1DC918ECA009:t2, leader=null, voted=5f9c2808-8092-4bb8-be0b-9d445a417462, raftlog=382fe11f-ccc0-42c1-99a9-aa0fa042180d@group-1DC918ECA009-SegmentedRaftLog:OPENED:c-1, conf=-1: [c1d01455-3ad3-443a-8310-748688ca0e72|rpc:10.1.0.42:42877|dataStream:|priority:1, 382fe11f-ccc0-42c1-99a9-aa0fa042180d|rpc:10.1.0.42:39043|dataStream:|priority:0, 5f9c2808-8092-4bb8-be0b-9d445a417462|rpc:10.1.0.42:40901|dataStream:|priority:0], old=null
2022-04-26 01:53:56,166 [grpc-default-executor-0] INFO  impl.VoteContext (VoteContext.java:log(48)) - c1d01455-3ad3-443a-8310-748688ca0e72@group-1DC918ECA009-CANDIDATE: reject ELECTION from 5f9c2808-8092-4bb8-be0b-9d445a417462: our priority 1 > candidate's priority 0
2022-04-26 01:53:56,193 [grpc-default-executor-0] INFO  server.RaftServer$Division (RaftServerImpl.java:setRole(290)) - c1d01455-3ad3-443a-8310-748688ca0e72@group-1DC918ECA009: changes role from CANDIDATE to FOLLOWER at term 2 for candidate:5f9c2808-8092-4bb8-be0b-9d445a417462
2022-04-26 01:53:56,193 [grpc-default-executor-0] INFO  impl.RoleInfo (RoleInfo.java:shutdownLeaderElection(121)) - c1d01455-3ad3-443a-8310-748688ca0e72: shutdown c1d01455-3ad3-443a-8310-748688ca0e72@group-1DC918ECA009-LeaderElection43
2022-04-26 01:53:56,193 [grpc-default-executor-0] INFO  impl.RoleInfo (RoleInfo.java:updateAndGet(130)) - c1d01455-3ad3-443a-8310-748688ca0e72: start c1d01455-3ad3-443a-8310-748688ca0e72@group-1DC918ECA009-FollowerState
2022-04-26 01:53:56,198 [grpc-default-executor-0] INFO  server.RaftServer$Division (RaftServerImpl.java:requestVote(1078)) - c1d01455-3ad3-443a-8310-748688ca0e72@group-1DC918ECA009 replies to ELECTION vote request: 5f9c2808-8092-4bb8-be0b-9d445a417462<-c1d01455-3ad3-443a-8310-748688ca0e72#0:FAIL-t2. Peer's state: c1d01455-3ad3-443a-8310-748688ca0e72@group-1DC918ECA009:t2, leader=null, voted=null, raftlog=c1d01455-3ad3-443a-8310-748688ca0e72@group-1DC918ECA009-SegmentedRaftLog:OPENED:c-1, conf=-1: [c1d01455-3ad3-443a-8310-748688ca0e72|rpc:10.1.0.42:42877|dataStream:|priority:1, 382fe11f-ccc0-42c1-99a9-aa0fa042180d|rpc:10.1.0.42:39043|dataStream:|priority:0, 5f9c2808-8092-4bb8-be0b-9d445a417462|rpc:10.1.0.42:40901|dataStream:|priority:0], old=null
2022-04-26 01:53:56,199 [5f9c2808-8092-4bb8-be0b-9d445a417462@group-1DC918ECA009-LeaderElection42] INFO  impl.LeaderElection (LeaderElection.java:logAndReturn(89)) - 5f9c2808-8092-4bb8-be0b-9d445a417462@group-1DC918ECA009-LeaderElection42: ELECTION REJECTED received 2 response(s) and 0 exception(s):
2022-04-26 01:53:56,199 [5f9c2808-8092-4bb8-be0b-9d445a417462@group-1DC918ECA009-LeaderElection42] INFO  impl.LeaderElection (LeaderElection.java:logAndReturn(93)) -   Response 0: 5f9c2808-8092-4bb8-be0b-9d445a417462<-c1d01455-3ad3-443a-8310-748688ca0e72#0:FAIL-t2
2022-04-26 01:53:56,199 [5f9c2808-8092-4bb8-be0b-9d445a417462@group-1DC918ECA009-LeaderElection42] INFO  impl.LeaderElection (LeaderElection.java:logAndReturn(93)) -   Response 1: 5f9c2808-8092-4bb8-be0b-9d445a417462<-382fe11f-ccc0-42c1-99a9-aa0fa042180d#0:OK-t2
2022-04-26 01:53:56,199 [5f9c2808-8092-4bb8-be0b-9d445a417462@group-1DC918ECA009-LeaderElection42] INFO  impl.LeaderElection (LeaderElection.java:askForVotes(308)) - 5f9c2808-8092-4bb8-be0b-9d445a417462@group-1DC918ECA009-LeaderElection42 ELECTION round 0: result REJECTED
2022-04-26 01:53:56,199 [5f9c2808-8092-4bb8-be0b-9d445a417462@group-1DC918ECA009-LeaderElection42] INFO  server.RaftServer$Division (RaftServerImpl.java:setRole(290)) - 5f9c2808-8092-4bb8-be0b-9d445a417462@group-1DC918ECA009: changes role from CANDIDATE to FOLLOWER at term 2 for REJECTED
2022-04-26 01:53:56,199 [5f9c2808-8092-4bb8-be0b-9d445a417462@group-1DC918ECA009-LeaderElection42] INFO  impl.RoleInfo (RoleInfo.java:shutdownLeaderElection(121)) - 5f9c2808-8092-4bb8-be0b-9d445a417462: shutdown 5f9c2808-8092-4bb8-be0b-9d445a417462@group-1DC918ECA009-LeaderElection42
2022-04-26 01:53:56,199 [5f9c2808-8092-4bb8-be0b-9d445a417462@group-1DC918ECA009-LeaderElection42] INFO  impl.RoleInfo (RoleInfo.java:updateAndGet(130)) - 5f9c2808-8092-4bb8-be0b-9d445a417462: start 5f9c2808-8092-4bb8-be0b-9d445a417462@group-1DC918ECA009-FollowerState
]]></system-out>
  </testcase>
  <testcase name="testTrash" classname="TestOzoneFileSystem" time="4.059">
    <system-out><![CDATA[01:55:05.438 [IPC Server handler 12 on default port 35711] ERROR OMAudit - user=runner | ip=127.0.0.1 | op=GET_FILE_STATUS {volume=volume11484, bucket=bucket58947, key=.Trash/runner/Current/testKey2, dataSize=0, replicationConfig=null} | ret=FAILURE
org.apache.hadoop.ozone.om.exceptions.OMException: Unable to get file status: volume: volume11484 bucket: bucket58947 key: .Trash/runner/Current/testKey2
	at org.apache.hadoop.ozone.om.KeyManagerImpl.getOzoneFileStatus(KeyManagerImpl.java:1280) ~[ozone-manager-1.3.0-SNAPSHOT.jar:?]
	at org.apache.hadoop.ozone.om.KeyManagerImpl.getFileStatus(KeyManagerImpl.java:1210) ~[ozone-manager-1.3.0-SNAPSHOT.jar:?]
	at org.apache.hadoop.ozone.om.OzoneManager.getFileStatus(OzoneManager.java:3009) ~[ozone-manager-1.3.0-SNAPSHOT.jar:?]
	at org.apache.hadoop.ozone.protocolPB.OzoneManagerRequestHandler.getOzoneFileStatus(OzoneManagerRequestHandler.java:670) ~[ozone-manager-1.3.0-SNAPSHOT.jar:?]
	at org.apache.hadoop.ozone.protocolPB.OzoneManagerRequestHandler.handleReadRequest(OzoneManagerRequestHandler.java:201) ~[ozone-manager-1.3.0-SNAPSHOT.jar:?]
	at org.apache.hadoop.ozone.protocolPB.OzoneManagerProtocolServerSideTranslatorPB.submitRequestDirectlyToOM(OzoneManagerProtocolServerSideTranslatorPB.java:271) ~[ozone-manager-1.3.0-SNAPSHOT.jar:?]
	at org.apache.hadoop.ozone.protocolPB.OzoneManagerProtocolServerSideTranslatorPB.processRequest(OzoneManagerProtocolServerSideTranslatorPB.java:195) ~[ozone-manager-1.3.0-SNAPSHOT.jar:?]
	at org.apache.hadoop.hdds.server.OzoneProtocolMessageDispatcher.processRequest(OzoneProtocolMessageDispatcher.java:87) [hdds-server-framework-1.3.0-SNAPSHOT.jar:?]
	at org.apache.hadoop.ozone.protocolPB.OzoneManagerProtocolServerSideTranslatorPB.submitRequest(OzoneManagerProtocolServerSideTranslatorPB.java:146) [ozone-manager-1.3.0-SNAPSHOT.jar:?]
	at org.apache.hadoop.ozone.protocol.proto.OzoneManagerProtocolProtos$OzoneManagerService$2.callBlockingMethod(OzoneManagerProtocolProtos.java) [ozone-interface-client-1.3.0-SNAPSHOT.jar:?]
	at org.apache.hadoop.ipc.ProtobufRpcEngine$Server.processCall(ProtobufRpcEngine.java:466) [hadoop-common-3.3.1.jar:?]
	at org.apache.hadoop.ipc.ProtobufRpcEngine2$Server$ProtoBufRpcInvoker.call(ProtobufRpcEngine2.java:574) [hadoop-common-3.3.1.jar:?]
	at org.apache.hadoop.ipc.ProtobufRpcEngine2$Server$ProtoBufRpcInvoker.call(ProtobufRpcEngine2.java:552) [hadoop-common-3.3.1.jar:?]
	at org.apache.hadoop.ipc.RPC$Server.call(RPC.java:1093) [hadoop-common-3.3.1.jar:?]
	at org.apache.hadoop.ipc.Server$RpcCall.run(Server.java:1035) [hadoop-common-3.3.1.jar:?]
	at org.apache.hadoop.ipc.Server$RpcCall.run(Server.java:963) [hadoop-common-3.3.1.jar:?]
	at java.security.AccessController.doPrivileged(Native Method) ~[?:1.8.0_322]
	at javax.security.auth.Subject.doAs(Subject.java:422) [?:1.8.0_322]
	at org.apache.hadoop.security.UserGroupInformation.doAs(UserGroupInformation.java:1878) [hadoop-common-3.3.1.jar:?]
	at org.apache.hadoop.ipc.Server$Handler.run(Server.java:2966) [hadoop-common-3.3.1.jar:?]
01:55:05.439 [IPC Server handler 14 on default port 35711] ERROR OMAudit - user=runner | ip=127.0.0.1 | op=GET_FILE_STATUS {volume=volume11484, bucket=bucket58947, key=.Trash/runner/Current/testKey2, dataSize=0, replicationConfig=null} | ret=FAILURE
org.apache.hadoop.ozone.om.exceptions.OMException: Unable to get file status: volume: volume11484 bucket: bucket58947 key: .Trash/runner/Current/testKey2
	at org.apache.hadoop.ozone.om.KeyManagerImpl.getOzoneFileStatus(KeyManagerImpl.java:1280) ~[ozone-manager-1.3.0-SNAPSHOT.jar:?]
	at org.apache.hadoop.ozone.om.KeyManagerImpl.getFileStatus(KeyManagerImpl.java:1210) ~[ozone-manager-1.3.0-SNAPSHOT.jar:?]
	at org.apache.hadoop.ozone.om.OzoneManager.getFileStatus(OzoneManager.java:3009) ~[ozone-manager-1.3.0-SNAPSHOT.jar:?]
	at org.apache.hadoop.ozone.protocolPB.OzoneManagerRequestHandler.getOzoneFileStatus(OzoneManagerRequestHandler.java:670) ~[ozone-manager-1.3.0-SNAPSHOT.jar:?]
	at org.apache.hadoop.ozone.protocolPB.OzoneManagerRequestHandler.handleReadRequest(OzoneManagerRequestHandler.java:201) ~[ozone-manager-1.3.0-SNAPSHOT.jar:?]
	at org.apache.hadoop.ozone.protocolPB.OzoneManagerProtocolServerSideTranslatorPB.submitRequestDirectlyToOM(OzoneManagerProtocolServerSideTranslatorPB.java:271) ~[ozone-manager-1.3.0-SNAPSHOT.jar:?]
	at org.apache.hadoop.ozone.protocolPB.OzoneManagerProtocolServerSideTranslatorPB.processRequest(OzoneManagerProtocolServerSideTranslatorPB.java:195) ~[ozone-manager-1.3.0-SNAPSHOT.jar:?]
	at org.apache.hadoop.hdds.server.OzoneProtocolMessageDispatcher.processRequest(OzoneProtocolMessageDispatcher.java:87) [hdds-server-framework-1.3.0-SNAPSHOT.jar:?]
	at org.apache.hadoop.ozone.protocolPB.OzoneManagerProtocolServerSideTranslatorPB.submitRequest(OzoneManagerProtocolServerSideTranslatorPB.java:146) [ozone-manager-1.3.0-SNAPSHOT.jar:?]
	at org.apache.hadoop.ozone.protocol.proto.OzoneManagerProtocolProtos$OzoneManagerService$2.callBlockingMethod(OzoneManagerProtocolProtos.java) [ozone-interface-client-1.3.0-SNAPSHOT.jar:?]
	at org.apache.hadoop.ipc.ProtobufRpcEngine$Server.processCall(ProtobufRpcEngine.java:466) [hadoop-common-3.3.1.jar:?]
	at org.apache.hadoop.ipc.ProtobufRpcEngine2$Server$ProtoBufRpcInvoker.call(ProtobufRpcEngine2.java:574) [hadoop-common-3.3.1.jar:?]
	at org.apache.hadoop.ipc.ProtobufRpcEngine2$Server$ProtoBufRpcInvoker.call(ProtobufRpcEngine2.java:552) [hadoop-common-3.3.1.jar:?]
	at org.apache.hadoop.ipc.RPC$Server.call(RPC.java:1093) [hadoop-common-3.3.1.jar:?]
	at org.apache.hadoop.ipc.Server$RpcCall.run(Server.java:1035) [hadoop-common-3.3.1.jar:?]
	at org.apache.hadoop.ipc.Server$RpcCall.run(Server.java:963) [hadoop-common-3.3.1.jar:?]
	at java.security.AccessController.doPrivileged(Native Method) ~[?:1.8.0_322]
	at javax.security.auth.Subject.doAs(Subject.java:422) [?:1.8.0_322]
	at org.apache.hadoop.security.UserGroupInformation.doAs(UserGroupInformation.java:1878) [hadoop-common-3.3.1.jar:?]
	at org.apache.hadoop.ipc.Server$Handler.run(Server.java:2966) [hadoop-common-3.3.1.jar:?]
2022-04-26 01:55:05,447 [Time-limited test] INFO  fs.TrashPolicyDefault (TrashPolicyDefault.java:moveToTrash(188)) - Moved: '/testKey2' to trash at: /.Trash/runner/Current/testKey2
01:55:06.450 [IPC Server handler 1 on default port 35711] ERROR OMAudit - user=runner | ip=127.0.0.1 | op=GET_FILE_STATUS {volume=volume11484, bucket=bucket58947, key=.Trash/runner/Current/testKey2, dataSize=0, replicationConfig=null} | ret=FAILURE
org.apache.hadoop.ozone.om.exceptions.OMException: Unable to get file status: volume: volume11484 bucket: bucket58947 key: .Trash/runner/Current/testKey2
	at org.apache.hadoop.ozone.om.KeyManagerImpl.getOzoneFileStatus(KeyManagerImpl.java:1280) ~[ozone-manager-1.3.0-SNAPSHOT.jar:?]
	at org.apache.hadoop.ozone.om.KeyManagerImpl.getFileStatus(KeyManagerImpl.java:1210) ~[ozone-manager-1.3.0-SNAPSHOT.jar:?]
	at org.apache.hadoop.ozone.om.OzoneManager.getFileStatus(OzoneManager.java:3009) ~[ozone-manager-1.3.0-SNAPSHOT.jar:?]
	at org.apache.hadoop.ozone.protocolPB.OzoneManagerRequestHandler.getOzoneFileStatus(OzoneManagerRequestHandler.java:670) ~[ozone-manager-1.3.0-SNAPSHOT.jar:?]
	at org.apache.hadoop.ozone.protocolPB.OzoneManagerRequestHandler.handleReadRequest(OzoneManagerRequestHandler.java:201) ~[ozone-manager-1.3.0-SNAPSHOT.jar:?]
	at org.apache.hadoop.ozone.protocolPB.OzoneManagerProtocolServerSideTranslatorPB.submitRequestDirectlyToOM(OzoneManagerProtocolServerSideTranslatorPB.java:271) ~[ozone-manager-1.3.0-SNAPSHOT.jar:?]
	at org.apache.hadoop.ozone.protocolPB.OzoneManagerProtocolServerSideTranslatorPB.processRequest(OzoneManagerProtocolServerSideTranslatorPB.java:195) ~[ozone-manager-1.3.0-SNAPSHOT.jar:?]
	at org.apache.hadoop.hdds.server.OzoneProtocolMessageDispatcher.processRequest(OzoneProtocolMessageDispatcher.java:87) [hdds-server-framework-1.3.0-SNAPSHOT.jar:?]
	at org.apache.hadoop.ozone.protocolPB.OzoneManagerProtocolServerSideTranslatorPB.submitRequest(OzoneManagerProtocolServerSideTranslatorPB.java:146) [ozone-manager-1.3.0-SNAPSHOT.jar:?]
	at org.apache.hadoop.ozone.protocol.proto.OzoneManagerProtocolProtos$OzoneManagerService$2.callBlockingMethod(OzoneManagerProtocolProtos.java) [ozone-interface-client-1.3.0-SNAPSHOT.jar:?]
	at org.apache.hadoop.ipc.ProtobufRpcEngine$Server.processCall(ProtobufRpcEngine.java:466) [hadoop-common-3.3.1.jar:?]
	at org.apache.hadoop.ipc.ProtobufRpcEngine2$Server$ProtoBufRpcInvoker.call(ProtobufRpcEngine2.java:574) [hadoop-common-3.3.1.jar:?]
	at org.apache.hadoop.ipc.ProtobufRpcEngine2$Server$ProtoBufRpcInvoker.call(ProtobufRpcEngine2.java:552) [hadoop-common-3.3.1.jar:?]
	at org.apache.hadoop.ipc.RPC$Server.call(RPC.java:1093) [hadoop-common-3.3.1.jar:?]
	at org.apache.hadoop.ipc.Server$RpcCall.run(Server.java:1035) [hadoop-common-3.3.1.jar:?]
	at org.apache.hadoop.ipc.Server$RpcCall.run(Server.java:963) [hadoop-common-3.3.1.jar:?]
	at java.security.AccessController.doPrivileged(Native Method) ~[?:1.8.0_322]
	at javax.security.auth.Subject.doAs(Subject.java:422) [?:1.8.0_322]
	at org.apache.hadoop.security.UserGroupInformation.doAs(UserGroupInformation.java:1878) [hadoop-common-3.3.1.jar:?]
	at org.apache.hadoop.ipc.Server$Handler.run(Server.java:2966) [hadoop-common-3.3.1.jar:?]
2022-04-26 01:55:07,595 [2bf912ba-2a06-41a3-b1d6-bf04ad40fbe7@group-1E5E024634D1-FollowerState] INFO  impl.FollowerState (FollowerState.java:run(134)) - 2bf912ba-2a06-41a3-b1d6-bf04ad40fbe7@group-1E5E024634D1-FollowerState: change to CANDIDATE, lastRpcElapsedTime:5096138930ns, electionTimeout:5077ms
2022-04-26 01:55:07,595 [2bf912ba-2a06-41a3-b1d6-bf04ad40fbe7@group-1E5E024634D1-FollowerState] INFO  impl.RoleInfo (RoleInfo.java:shutdownFollowerState(108)) - 2bf912ba-2a06-41a3-b1d6-bf04ad40fbe7: shutdown 2bf912ba-2a06-41a3-b1d6-bf04ad40fbe7@group-1E5E024634D1-FollowerState
2022-04-26 01:55:07,595 [2bf912ba-2a06-41a3-b1d6-bf04ad40fbe7@group-1E5E024634D1-FollowerState] INFO  server.RaftServer$Division (RaftServerImpl.java:setRole(290)) - 2bf912ba-2a06-41a3-b1d6-bf04ad40fbe7@group-1E5E024634D1: changes role from  FOLLOWER to CANDIDATE at term 1 for changeToCandidate
2022-04-26 01:55:07,595 [2bf912ba-2a06-41a3-b1d6-bf04ad40fbe7@group-1E5E024634D1-FollowerState] INFO  server.RaftServerConfigKeys (ConfUtils.java:logGet(44)) - raft.server.leaderelection.pre-vote = false (custom)
2022-04-26 01:55:07,595 [2bf912ba-2a06-41a3-b1d6-bf04ad40fbe7@group-1E5E024634D1-FollowerState] INFO  impl.RoleInfo (RoleInfo.java:updateAndGet(130)) - 2bf912ba-2a06-41a3-b1d6-bf04ad40fbe7: start 2bf912ba-2a06-41a3-b1d6-bf04ad40fbe7@group-1E5E024634D1-LeaderElection55
2022-04-26 01:55:07,634 [a49f3fd7-aca1-41c1-ad3c-01adfe75912a@group-1E5E024634D1-FollowerState] INFO  impl.FollowerState (FollowerState.java:run(134)) - a49f3fd7-aca1-41c1-ad3c-01adfe75912a@group-1E5E024634D1-FollowerState: change to CANDIDATE, lastRpcElapsedTime:5055162447ns, electionTimeout:5024ms
2022-04-26 01:55:07,635 [a49f3fd7-aca1-41c1-ad3c-01adfe75912a@group-1E5E024634D1-FollowerState] INFO  impl.RoleInfo (RoleInfo.java:shutdownFollowerState(108)) - a49f3fd7-aca1-41c1-ad3c-01adfe75912a: shutdown a49f3fd7-aca1-41c1-ad3c-01adfe75912a@group-1E5E024634D1-FollowerState
2022-04-26 01:55:07,635 [a49f3fd7-aca1-41c1-ad3c-01adfe75912a@group-1E5E024634D1-FollowerState] INFO  server.RaftServer$Division (RaftServerImpl.java:setRole(290)) - a49f3fd7-aca1-41c1-ad3c-01adfe75912a@group-1E5E024634D1: changes role from  FOLLOWER to CANDIDATE at term 1 for changeToCandidate
2022-04-26 01:55:07,635 [a49f3fd7-aca1-41c1-ad3c-01adfe75912a@group-1E5E024634D1-FollowerState] INFO  server.RaftServerConfigKeys (ConfUtils.java:logGet(44)) - raft.server.leaderelection.pre-vote = false (custom)
2022-04-26 01:55:07,635 [a49f3fd7-aca1-41c1-ad3c-01adfe75912a@group-1E5E024634D1-FollowerState] INFO  impl.RoleInfo (RoleInfo.java:updateAndGet(130)) - a49f3fd7-aca1-41c1-ad3c-01adfe75912a: start a49f3fd7-aca1-41c1-ad3c-01adfe75912a@group-1E5E024634D1-LeaderElection56
2022-04-26 01:55:07,664 [38feb0ec-788c-42ad-9852-eb5cbee3e7a8@group-1E5E024634D1-FollowerState] INFO  impl.FollowerState (FollowerState.java:run(134)) - 38feb0ec-788c-42ad-9852-eb5cbee3e7a8@group-1E5E024634D1-FollowerState: change to CANDIDATE, lastRpcElapsedTime:5056842359ns, electionTimeout:5005ms
2022-04-26 01:55:07,664 [38feb0ec-788c-42ad-9852-eb5cbee3e7a8@group-1E5E024634D1-FollowerState] INFO  impl.RoleInfo (RoleInfo.java:shutdownFollowerState(108)) - 38feb0ec-788c-42ad-9852-eb5cbee3e7a8: shutdown 38feb0ec-788c-42ad-9852-eb5cbee3e7a8@group-1E5E024634D1-FollowerState
2022-04-26 01:55:07,664 [38feb0ec-788c-42ad-9852-eb5cbee3e7a8@group-1E5E024634D1-FollowerState] INFO  server.RaftServer$Division (RaftServerImpl.java:setRole(290)) - 38feb0ec-788c-42ad-9852-eb5cbee3e7a8@group-1E5E024634D1: changes role from  FOLLOWER to CANDIDATE at term 1 for changeToCandidate
2022-04-26 01:55:07,664 [38feb0ec-788c-42ad-9852-eb5cbee3e7a8@group-1E5E024634D1-FollowerState] INFO  server.RaftServerConfigKeys (ConfUtils.java:logGet(44)) - raft.server.leaderelection.pre-vote = false (custom)
2022-04-26 01:55:07,665 [38feb0ec-788c-42ad-9852-eb5cbee3e7a8@group-1E5E024634D1-FollowerState] INFO  impl.RoleInfo (RoleInfo.java:updateAndGet(130)) - 38feb0ec-788c-42ad-9852-eb5cbee3e7a8: start 38feb0ec-788c-42ad-9852-eb5cbee3e7a8@group-1E5E024634D1-LeaderElection57
2022-04-26 01:55:07,695 [2bf912ba-2a06-41a3-b1d6-bf04ad40fbe7@group-1E5E024634D1-LeaderElection55] INFO  impl.LeaderElection (LeaderElection.java:askForVotes(306)) - 2bf912ba-2a06-41a3-b1d6-bf04ad40fbe7@group-1E5E024634D1-LeaderElection55 ELECTION round 0: submit vote requests at term 2 for -1: [38feb0ec-788c-42ad-9852-eb5cbee3e7a8|rpc:10.1.0.42:43781|priority:0, a49f3fd7-aca1-41c1-ad3c-01adfe75912a|rpc:10.1.0.42:39407|priority:1, 2bf912ba-2a06-41a3-b1d6-bf04ad40fbe7|rpc:10.1.0.42:36263|priority:0], old=null
2022-04-26 01:55:07,751 [a49f3fd7-aca1-41c1-ad3c-01adfe75912a@group-1E5E024634D1-LeaderElection56] INFO  impl.LeaderElection (LeaderElection.java:askForVotes(306)) - a49f3fd7-aca1-41c1-ad3c-01adfe75912a@group-1E5E024634D1-LeaderElection56 ELECTION round 0: submit vote requests at term 2 for -1: [38feb0ec-788c-42ad-9852-eb5cbee3e7a8|rpc:10.1.0.42:43781|dataStream:|priority:0, a49f3fd7-aca1-41c1-ad3c-01adfe75912a|rpc:10.1.0.42:39407|dataStream:|priority:1, 2bf912ba-2a06-41a3-b1d6-bf04ad40fbe7|rpc:10.1.0.42:36263|dataStream:|priority:0], old=null
2022-04-26 01:55:07,751 [grpc-default-executor-3] INFO  server.RaftServer$Division (RaftServerImpl.java:requestVote(1046)) - a49f3fd7-aca1-41c1-ad3c-01adfe75912a@group-1E5E024634D1: receive requestVote(ELECTION, 2bf912ba-2a06-41a3-b1d6-bf04ad40fbe7, group-1E5E024634D1, 2, (t:0, i:0))
2022-04-26 01:55:07,751 [grpc-default-executor-3] INFO  impl.VoteContext (VoteContext.java:log(48)) - a49f3fd7-aca1-41c1-ad3c-01adfe75912a@group-1E5E024634D1-CANDIDATE: reject ELECTION from 2bf912ba-2a06-41a3-b1d6-bf04ad40fbe7: already has voted for a49f3fd7-aca1-41c1-ad3c-01adfe75912a at current term 2
2022-04-26 01:55:07,751 [grpc-default-executor-3] INFO  server.RaftServer$Division (RaftServerImpl.java:requestVote(1078)) - a49f3fd7-aca1-41c1-ad3c-01adfe75912a@group-1E5E024634D1 replies to ELECTION vote request: 2bf912ba-2a06-41a3-b1d6-bf04ad40fbe7<-a49f3fd7-aca1-41c1-ad3c-01adfe75912a#0:FAIL-t2. Peer's state: a49f3fd7-aca1-41c1-ad3c-01adfe75912a@group-1E5E024634D1:t2, leader=null, voted=a49f3fd7-aca1-41c1-ad3c-01adfe75912a, raftlog=a49f3fd7-aca1-41c1-ad3c-01adfe75912a@group-1E5E024634D1-SegmentedRaftLog:OPENED:c-1, conf=-1: [38feb0ec-788c-42ad-9852-eb5cbee3e7a8|rpc:10.1.0.42:43781|dataStream:|priority:0, a49f3fd7-aca1-41c1-ad3c-01adfe75912a|rpc:10.1.0.42:39407|dataStream:|priority:1, 2bf912ba-2a06-41a3-b1d6-bf04ad40fbe7|rpc:10.1.0.42:36263|dataStream:|priority:0], old=null
2022-04-26 01:55:07,751 [grpc-default-executor-2] INFO  server.RaftServer$Division (RaftServerImpl.java:requestVote(1046)) - 38feb0ec-788c-42ad-9852-eb5cbee3e7a8@group-1E5E024634D1: receive requestVote(ELECTION, 2bf912ba-2a06-41a3-b1d6-bf04ad40fbe7, group-1E5E024634D1, 2, (t:0, i:0))
2022-04-26 01:55:07,757 [38feb0ec-788c-42ad-9852-eb5cbee3e7a8@group-1E5E024634D1-LeaderElection57] INFO  impl.LeaderElection (LeaderElection.java:askForVotes(306)) - 38feb0ec-788c-42ad-9852-eb5cbee3e7a8@group-1E5E024634D1-LeaderElection57 ELECTION round 0: submit vote requests at term 2 for -1: [38feb0ec-788c-42ad-9852-eb5cbee3e7a8|rpc:10.1.0.42:43781|priority:0, a49f3fd7-aca1-41c1-ad3c-01adfe75912a|rpc:10.1.0.42:39407|priority:1, 2bf912ba-2a06-41a3-b1d6-bf04ad40fbe7|rpc:10.1.0.42:36263|priority:0], old=null
2022-04-26 01:55:07,757 [grpc-default-executor-2] INFO  impl.VoteContext (VoteContext.java:log(48)) - 38feb0ec-788c-42ad-9852-eb5cbee3e7a8@group-1E5E024634D1-CANDIDATE: reject ELECTION from 2bf912ba-2a06-41a3-b1d6-bf04ad40fbe7: already has voted for 38feb0ec-788c-42ad-9852-eb5cbee3e7a8 at current term 2
2022-04-26 01:55:07,757 [grpc-default-executor-2] INFO  server.RaftServer$Division (RaftServerImpl.java:requestVote(1078)) - 38feb0ec-788c-42ad-9852-eb5cbee3e7a8@group-1E5E024634D1 replies to ELECTION vote request: 2bf912ba-2a06-41a3-b1d6-bf04ad40fbe7<-38feb0ec-788c-42ad-9852-eb5cbee3e7a8#0:FAIL-t2. Peer's state: 38feb0ec-788c-42ad-9852-eb5cbee3e7a8@group-1E5E024634D1:t2, leader=null, voted=38feb0ec-788c-42ad-9852-eb5cbee3e7a8, raftlog=38feb0ec-788c-42ad-9852-eb5cbee3e7a8@group-1E5E024634D1-SegmentedRaftLog:OPENED:c-1, conf=-1: [38feb0ec-788c-42ad-9852-eb5cbee3e7a8|rpc:10.1.0.42:43781|priority:0, a49f3fd7-aca1-41c1-ad3c-01adfe75912a|rpc:10.1.0.42:39407|priority:1, 2bf912ba-2a06-41a3-b1d6-bf04ad40fbe7|rpc:10.1.0.42:36263|priority:0], old=null
2022-04-26 01:55:07,833 [grpc-default-executor-2] INFO  server.RaftServer$Division (RaftServerImpl.java:requestVote(1046)) - 2bf912ba-2a06-41a3-b1d6-bf04ad40fbe7@group-1E5E024634D1: receive requestVote(ELECTION, 38feb0ec-788c-42ad-9852-eb5cbee3e7a8, group-1E5E024634D1, 2, (t:0, i:0))
2022-04-26 01:55:07,833 [grpc-default-executor-2] INFO  impl.VoteContext (VoteContext.java:log(48)) - 2bf912ba-2a06-41a3-b1d6-bf04ad40fbe7@group-1E5E024634D1-CANDIDATE: reject ELECTION from 38feb0ec-788c-42ad-9852-eb5cbee3e7a8: already has voted for 2bf912ba-2a06-41a3-b1d6-bf04ad40fbe7 at current term 2
2022-04-26 01:55:07,833 [grpc-default-executor-2] INFO  server.RaftServer$Division (RaftServerImpl.java:requestVote(1078)) - 2bf912ba-2a06-41a3-b1d6-bf04ad40fbe7@group-1E5E024634D1 replies to ELECTION vote request: 38feb0ec-788c-42ad-9852-eb5cbee3e7a8<-2bf912ba-2a06-41a3-b1d6-bf04ad40fbe7#0:FAIL-t2. Peer's state: 2bf912ba-2a06-41a3-b1d6-bf04ad40fbe7@group-1E5E024634D1:t2, leader=null, voted=2bf912ba-2a06-41a3-b1d6-bf04ad40fbe7, raftlog=2bf912ba-2a06-41a3-b1d6-bf04ad40fbe7@group-1E5E024634D1-SegmentedRaftLog:OPENED:c-1, conf=-1: [38feb0ec-788c-42ad-9852-eb5cbee3e7a8|rpc:10.1.0.42:43781|priority:0, a49f3fd7-aca1-41c1-ad3c-01adfe75912a|rpc:10.1.0.42:39407|priority:1, 2bf912ba-2a06-41a3-b1d6-bf04ad40fbe7|rpc:10.1.0.42:36263|priority:0], old=null
2022-04-26 01:55:07,843 [2bf912ba-2a06-41a3-b1d6-bf04ad40fbe7@group-1E5E024634D1-LeaderElection55] INFO  impl.LeaderElection (LeaderElection.java:logAndReturn(89)) - 2bf912ba-2a06-41a3-b1d6-bf04ad40fbe7@group-1E5E024634D1-LeaderElection55: ELECTION REJECTED received 1 response(s) and 0 exception(s):
2022-04-26 01:55:07,843 [2bf912ba-2a06-41a3-b1d6-bf04ad40fbe7@group-1E5E024634D1-LeaderElection55] INFO  impl.LeaderElection (LeaderElection.java:logAndReturn(93)) -   Response 0: 2bf912ba-2a06-41a3-b1d6-bf04ad40fbe7<-a49f3fd7-aca1-41c1-ad3c-01adfe75912a#0:FAIL-t2
2022-04-26 01:55:07,843 [2bf912ba-2a06-41a3-b1d6-bf04ad40fbe7@group-1E5E024634D1-LeaderElection55] INFO  impl.LeaderElection (LeaderElection.java:askForVotes(308)) - 2bf912ba-2a06-41a3-b1d6-bf04ad40fbe7@group-1E5E024634D1-LeaderElection55 ELECTION round 0: result REJECTED
2022-04-26 01:55:07,843 [2bf912ba-2a06-41a3-b1d6-bf04ad40fbe7@group-1E5E024634D1-LeaderElection55] INFO  server.RaftServer$Division (RaftServerImpl.java:setRole(290)) - 2bf912ba-2a06-41a3-b1d6-bf04ad40fbe7@group-1E5E024634D1: changes role from CANDIDATE to FOLLOWER at term 2 for REJECTED
2022-04-26 01:55:07,843 [2bf912ba-2a06-41a3-b1d6-bf04ad40fbe7@group-1E5E024634D1-LeaderElection55] INFO  impl.RoleInfo (RoleInfo.java:shutdownLeaderElection(121)) - 2bf912ba-2a06-41a3-b1d6-bf04ad40fbe7: shutdown 2bf912ba-2a06-41a3-b1d6-bf04ad40fbe7@group-1E5E024634D1-LeaderElection55
2022-04-26 01:55:07,844 [2bf912ba-2a06-41a3-b1d6-bf04ad40fbe7@group-1E5E024634D1-LeaderElection55] INFO  impl.RoleInfo (RoleInfo.java:updateAndGet(130)) - 2bf912ba-2a06-41a3-b1d6-bf04ad40fbe7: start 2bf912ba-2a06-41a3-b1d6-bf04ad40fbe7@group-1E5E024634D1-FollowerState
2022-04-26 01:55:07,854 [grpc-default-executor-3] INFO  server.RaftServer$Division (RaftServerImpl.java:requestVote(1046)) - a49f3fd7-aca1-41c1-ad3c-01adfe75912a@group-1E5E024634D1: receive requestVote(ELECTION, 38feb0ec-788c-42ad-9852-eb5cbee3e7a8, group-1E5E024634D1, 2, (t:0, i:0))
2022-04-26 01:55:07,854 [grpc-default-executor-3] INFO  impl.VoteContext (VoteContext.java:log(48)) - a49f3fd7-aca1-41c1-ad3c-01adfe75912a@group-1E5E024634D1-CANDIDATE: reject ELECTION from 38feb0ec-788c-42ad-9852-eb5cbee3e7a8: already has voted for a49f3fd7-aca1-41c1-ad3c-01adfe75912a at current term 2
2022-04-26 01:55:07,854 [grpc-default-executor-3] INFO  server.RaftServer$Division (RaftServerImpl.java:requestVote(1078)) - a49f3fd7-aca1-41c1-ad3c-01adfe75912a@group-1E5E024634D1 replies to ELECTION vote request: 38feb0ec-788c-42ad-9852-eb5cbee3e7a8<-a49f3fd7-aca1-41c1-ad3c-01adfe75912a#0:FAIL-t2. Peer's state: a49f3fd7-aca1-41c1-ad3c-01adfe75912a@group-1E5E024634D1:t2, leader=null, voted=a49f3fd7-aca1-41c1-ad3c-01adfe75912a, raftlog=a49f3fd7-aca1-41c1-ad3c-01adfe75912a@group-1E5E024634D1-SegmentedRaftLog:OPENED:c-1, conf=-1: [38feb0ec-788c-42ad-9852-eb5cbee3e7a8|rpc:10.1.0.42:43781|dataStream:|priority:0, a49f3fd7-aca1-41c1-ad3c-01adfe75912a|rpc:10.1.0.42:39407|dataStream:|priority:1, 2bf912ba-2a06-41a3-b1d6-bf04ad40fbe7|rpc:10.1.0.42:36263|dataStream:|priority:0], old=null
2022-04-26 01:55:07,854 [grpc-default-executor-0] INFO  server.RaftServer$Division (RaftServerImpl.java:requestVote(1046)) - 38feb0ec-788c-42ad-9852-eb5cbee3e7a8@group-1E5E024634D1: receive requestVote(ELECTION, a49f3fd7-aca1-41c1-ad3c-01adfe75912a, group-1E5E024634D1, 2, (t:0, i:0))
2022-04-26 01:55:07,855 [grpc-default-executor-0] INFO  impl.VoteContext (VoteContext.java:log(48)) - 38feb0ec-788c-42ad-9852-eb5cbee3e7a8@group-1E5E024634D1-CANDIDATE: reject ELECTION from a49f3fd7-aca1-41c1-ad3c-01adfe75912a: already has voted for 38feb0ec-788c-42ad-9852-eb5cbee3e7a8 at current term 2
2022-04-26 01:55:07,855 [grpc-default-executor-0] INFO  server.RaftServer$Division (RaftServerImpl.java:requestVote(1078)) - 38feb0ec-788c-42ad-9852-eb5cbee3e7a8@group-1E5E024634D1 replies to ELECTION vote request: a49f3fd7-aca1-41c1-ad3c-01adfe75912a<-38feb0ec-788c-42ad-9852-eb5cbee3e7a8#0:FAIL-t2. Peer's state: 38feb0ec-788c-42ad-9852-eb5cbee3e7a8@group-1E5E024634D1:t2, leader=null, voted=38feb0ec-788c-42ad-9852-eb5cbee3e7a8, raftlog=38feb0ec-788c-42ad-9852-eb5cbee3e7a8@group-1E5E024634D1-SegmentedRaftLog:OPENED:c-1, conf=-1: [38feb0ec-788c-42ad-9852-eb5cbee3e7a8|rpc:10.1.0.42:43781|priority:0, a49f3fd7-aca1-41c1-ad3c-01adfe75912a|rpc:10.1.0.42:39407|priority:1, 2bf912ba-2a06-41a3-b1d6-bf04ad40fbe7|rpc:10.1.0.42:36263|priority:0], old=null
2022-04-26 01:55:07,897 [grpc-default-executor-2] INFO  server.RaftServer$Division (RaftServerImpl.java:requestVote(1046)) - 2bf912ba-2a06-41a3-b1d6-bf04ad40fbe7@group-1E5E024634D1: receive requestVote(ELECTION, a49f3fd7-aca1-41c1-ad3c-01adfe75912a, group-1E5E024634D1, 2, (t:0, i:0))
2022-04-26 01:55:07,898 [grpc-default-executor-2] INFO  impl.VoteContext (VoteContext.java:log(48)) - 2bf912ba-2a06-41a3-b1d6-bf04ad40fbe7@group-1E5E024634D1-FOLLOWER: reject ELECTION from a49f3fd7-aca1-41c1-ad3c-01adfe75912a: already has voted for 2bf912ba-2a06-41a3-b1d6-bf04ad40fbe7 at current term 2
2022-04-26 01:55:07,898 [grpc-default-executor-2] INFO  server.RaftServer$Division (RaftServerImpl.java:requestVote(1078)) - 2bf912ba-2a06-41a3-b1d6-bf04ad40fbe7@group-1E5E024634D1 replies to ELECTION vote request: a49f3fd7-aca1-41c1-ad3c-01adfe75912a<-2bf912ba-2a06-41a3-b1d6-bf04ad40fbe7#0:FAIL-t2. Peer's state: 2bf912ba-2a06-41a3-b1d6-bf04ad40fbe7@group-1E5E024634D1:t2, leader=null, voted=2bf912ba-2a06-41a3-b1d6-bf04ad40fbe7, raftlog=2bf912ba-2a06-41a3-b1d6-bf04ad40fbe7@group-1E5E024634D1-SegmentedRaftLog:OPENED:c-1, conf=-1: [38feb0ec-788c-42ad-9852-eb5cbee3e7a8|rpc:10.1.0.42:43781|priority:0, a49f3fd7-aca1-41c1-ad3c-01adfe75912a|rpc:10.1.0.42:39407|priority:1, 2bf912ba-2a06-41a3-b1d6-bf04ad40fbe7|rpc:10.1.0.42:36263|priority:0], old=null
2022-04-26 01:55:07,913 [a49f3fd7-aca1-41c1-ad3c-01adfe75912a@group-1E5E024634D1-LeaderElection56] INFO  impl.LeaderElection (LeaderElection.java:logAndReturn(89)) - a49f3fd7-aca1-41c1-ad3c-01adfe75912a@group-1E5E024634D1-LeaderElection56: ELECTION REJECTED received 2 response(s) and 0 exception(s):
2022-04-26 01:55:07,913 [a49f3fd7-aca1-41c1-ad3c-01adfe75912a@group-1E5E024634D1-LeaderElection56] INFO  impl.LeaderElection (LeaderElection.java:logAndReturn(93)) -   Response 0: a49f3fd7-aca1-41c1-ad3c-01adfe75912a<-38feb0ec-788c-42ad-9852-eb5cbee3e7a8#0:FAIL-t2
2022-04-26 01:55:07,913 [a49f3fd7-aca1-41c1-ad3c-01adfe75912a@group-1E5E024634D1-LeaderElection56] INFO  impl.LeaderElection (LeaderElection.java:logAndReturn(93)) -   Response 1: a49f3fd7-aca1-41c1-ad3c-01adfe75912a<-2bf912ba-2a06-41a3-b1d6-bf04ad40fbe7#0:FAIL-t2
2022-04-26 01:55:07,913 [a49f3fd7-aca1-41c1-ad3c-01adfe75912a@group-1E5E024634D1-LeaderElection56] INFO  impl.LeaderElection (LeaderElection.java:askForVotes(308)) - a49f3fd7-aca1-41c1-ad3c-01adfe75912a@group-1E5E024634D1-LeaderElection56 ELECTION round 0: result REJECTED
2022-04-26 01:55:07,913 [a49f3fd7-aca1-41c1-ad3c-01adfe75912a@group-1E5E024634D1-LeaderElection56] INFO  server.RaftServer$Division (RaftServerImpl.java:setRole(290)) - a49f3fd7-aca1-41c1-ad3c-01adfe75912a@group-1E5E024634D1: changes role from CANDIDATE to FOLLOWER at term 2 for REJECTED
2022-04-26 01:55:07,913 [a49f3fd7-aca1-41c1-ad3c-01adfe75912a@group-1E5E024634D1-LeaderElection56] INFO  impl.RoleInfo (RoleInfo.java:shutdownLeaderElection(121)) - a49f3fd7-aca1-41c1-ad3c-01adfe75912a: shutdown a49f3fd7-aca1-41c1-ad3c-01adfe75912a@group-1E5E024634D1-LeaderElection56
2022-04-26 01:55:07,913 [a49f3fd7-aca1-41c1-ad3c-01adfe75912a@group-1E5E024634D1-LeaderElection56] INFO  impl.RoleInfo (RoleInfo.java:updateAndGet(130)) - a49f3fd7-aca1-41c1-ad3c-01adfe75912a: start a49f3fd7-aca1-41c1-ad3c-01adfe75912a@group-1E5E024634D1-FollowerState
2022-04-26 01:55:07,924 [38feb0ec-788c-42ad-9852-eb5cbee3e7a8@group-1E5E024634D1-LeaderElection57] INFO  impl.LeaderElection (LeaderElection.java:logAndReturn(89)) - 38feb0ec-788c-42ad-9852-eb5cbee3e7a8@group-1E5E024634D1-LeaderElection57: ELECTION REJECTED received 2 response(s) and 0 exception(s):
2022-04-26 01:55:07,924 [38feb0ec-788c-42ad-9852-eb5cbee3e7a8@group-1E5E024634D1-LeaderElection57] INFO  impl.LeaderElection (LeaderElection.java:logAndReturn(93)) -   Response 0: 38feb0ec-788c-42ad-9852-eb5cbee3e7a8<-a49f3fd7-aca1-41c1-ad3c-01adfe75912a#0:FAIL-t2
2022-04-26 01:55:07,924 [38feb0ec-788c-42ad-9852-eb5cbee3e7a8@group-1E5E024634D1-LeaderElection57] INFO  impl.LeaderElection (LeaderElection.java:logAndReturn(93)) -   Response 1: 38feb0ec-788c-42ad-9852-eb5cbee3e7a8<-2bf912ba-2a06-41a3-b1d6-bf04ad40fbe7#0:FAIL-t2
2022-04-26 01:55:07,924 [38feb0ec-788c-42ad-9852-eb5cbee3e7a8@group-1E5E024634D1-LeaderElection57] INFO  impl.LeaderElection (LeaderElection.java:askForVotes(308)) - 38feb0ec-788c-42ad-9852-eb5cbee3e7a8@group-1E5E024634D1-LeaderElection57 ELECTION round 0: result REJECTED
2022-04-26 01:55:07,924 [38feb0ec-788c-42ad-9852-eb5cbee3e7a8@group-1E5E024634D1-LeaderElection57] INFO  server.RaftServer$Division (RaftServerImpl.java:setRole(290)) - 38feb0ec-788c-42ad-9852-eb5cbee3e7a8@group-1E5E024634D1: changes role from CANDIDATE to FOLLOWER at term 2 for REJECTED
2022-04-26 01:55:07,924 [38feb0ec-788c-42ad-9852-eb5cbee3e7a8@group-1E5E024634D1-LeaderElection57] INFO  impl.RoleInfo (RoleInfo.java:shutdownLeaderElection(121)) - 38feb0ec-788c-42ad-9852-eb5cbee3e7a8: shutdown 38feb0ec-788c-42ad-9852-eb5cbee3e7a8@group-1E5E024634D1-LeaderElection57
2022-04-26 01:55:07,924 [38feb0ec-788c-42ad-9852-eb5cbee3e7a8@group-1E5E024634D1-LeaderElection57] INFO  impl.RoleInfo (RoleInfo.java:updateAndGet(130)) - 38feb0ec-788c-42ad-9852-eb5cbee3e7a8: start 38feb0ec-788c-42ad-9852-eb5cbee3e7a8@group-1E5E024634D1-FollowerState
]]></system-out>
  </testcase>
  <testcase name="testRenameDestinationParentDoesntExist" classname="TestOzoneFileSystem" time="0.04">
    <system-out><![CDATA[01:51:54.473 [IPC Server handler 11 on default port 44011] ERROR OMAudit - user=runner | ip=127.0.0.1 | op=GET_FILE_STATUS {volume=volume70938, bucket=bucket97532, key=root_dir/b/c, dataSize=0, replicationConfig=null} | ret=FAILURE
org.apache.hadoop.ozone.om.exceptions.OMException: Unable to get file status: volume: volume70938 bucket: bucket97532 key: root_dir/b/c
	at org.apache.hadoop.ozone.om.KeyManagerImpl.getOzoneFileStatus(KeyManagerImpl.java:1280) ~[ozone-manager-1.3.0-SNAPSHOT.jar:?]
	at org.apache.hadoop.ozone.om.KeyManagerImpl.getFileStatus(KeyManagerImpl.java:1210) ~[ozone-manager-1.3.0-SNAPSHOT.jar:?]
	at org.apache.hadoop.ozone.om.OzoneManager.getFileStatus(OzoneManager.java:3009) ~[ozone-manager-1.3.0-SNAPSHOT.jar:?]
	at org.apache.hadoop.ozone.protocolPB.OzoneManagerRequestHandler.getOzoneFileStatus(OzoneManagerRequestHandler.java:670) ~[ozone-manager-1.3.0-SNAPSHOT.jar:?]
	at org.apache.hadoop.ozone.protocolPB.OzoneManagerRequestHandler.handleReadRequest(OzoneManagerRequestHandler.java:201) ~[ozone-manager-1.3.0-SNAPSHOT.jar:?]
	at org.apache.hadoop.ozone.protocolPB.OzoneManagerProtocolServerSideTranslatorPB.submitReadRequestToOM(OzoneManagerProtocolServerSideTranslatorPB.java:213) ~[ozone-manager-1.3.0-SNAPSHOT.jar:?]
	at org.apache.hadoop.ozone.protocolPB.OzoneManagerProtocolServerSideTranslatorPB.processRequest(OzoneManagerProtocolServerSideTranslatorPB.java:174) ~[ozone-manager-1.3.0-SNAPSHOT.jar:?]
	at org.apache.hadoop.hdds.server.OzoneProtocolMessageDispatcher.processRequest(OzoneProtocolMessageDispatcher.java:87) [hdds-server-framework-1.3.0-SNAPSHOT.jar:?]
	at org.apache.hadoop.ozone.protocolPB.OzoneManagerProtocolServerSideTranslatorPB.submitRequest(OzoneManagerProtocolServerSideTranslatorPB.java:146) [ozone-manager-1.3.0-SNAPSHOT.jar:?]
	at org.apache.hadoop.ozone.protocol.proto.OzoneManagerProtocolProtos$OzoneManagerService$2.callBlockingMethod(OzoneManagerProtocolProtos.java) [ozone-interface-client-1.3.0-SNAPSHOT.jar:?]
	at org.apache.hadoop.ipc.ProtobufRpcEngine$Server.processCall(ProtobufRpcEngine.java:466) [hadoop-common-3.3.1.jar:?]
	at org.apache.hadoop.ipc.ProtobufRpcEngine2$Server$ProtoBufRpcInvoker.call(ProtobufRpcEngine2.java:574) [hadoop-common-3.3.1.jar:?]
	at org.apache.hadoop.ipc.ProtobufRpcEngine2$Server$ProtoBufRpcInvoker.call(ProtobufRpcEngine2.java:552) [hadoop-common-3.3.1.jar:?]
	at org.apache.hadoop.ipc.RPC$Server.call(RPC.java:1093) [hadoop-common-3.3.1.jar:?]
	at org.apache.hadoop.ipc.Server$RpcCall.run(Server.java:1035) [hadoop-common-3.3.1.jar:?]
	at org.apache.hadoop.ipc.Server$RpcCall.run(Server.java:963) [hadoop-common-3.3.1.jar:?]
	at java.security.AccessController.doPrivileged(Native Method) ~[?:1.8.0_322]
	at javax.security.auth.Subject.doAs(Subject.java:422) [?:1.8.0_322]
	at org.apache.hadoop.security.UserGroupInformation.doAs(UserGroupInformation.java:1878) [hadoop-common-3.3.1.jar:?]
	at org.apache.hadoop.ipc.Server$Handler.run(Server.java:2966) [hadoop-common-3.3.1.jar:?]
01:51:54.475 [IPC Server handler 14 on default port 44011] ERROR OMAudit - user=runner | ip=127.0.0.1 | op=GET_FILE_STATUS {volume=volume70938, bucket=bucket97532, key=root_dir/b, dataSize=0, replicationConfig=null} | ret=FAILURE
org.apache.hadoop.ozone.om.exceptions.OMException: Unable to get file status: volume: volume70938 bucket: bucket97532 key: root_dir/b
	at org.apache.hadoop.ozone.om.KeyManagerImpl.getOzoneFileStatus(KeyManagerImpl.java:1280) ~[ozone-manager-1.3.0-SNAPSHOT.jar:?]
	at org.apache.hadoop.ozone.om.KeyManagerImpl.getFileStatus(KeyManagerImpl.java:1210) ~[ozone-manager-1.3.0-SNAPSHOT.jar:?]
	at org.apache.hadoop.ozone.om.OzoneManager.getFileStatus(OzoneManager.java:3009) ~[ozone-manager-1.3.0-SNAPSHOT.jar:?]
	at org.apache.hadoop.ozone.protocolPB.OzoneManagerRequestHandler.getOzoneFileStatus(OzoneManagerRequestHandler.java:670) ~[ozone-manager-1.3.0-SNAPSHOT.jar:?]
	at org.apache.hadoop.ozone.protocolPB.OzoneManagerRequestHandler.handleReadRequest(OzoneManagerRequestHandler.java:201) ~[ozone-manager-1.3.0-SNAPSHOT.jar:?]
	at org.apache.hadoop.ozone.protocolPB.OzoneManagerProtocolServerSideTranslatorPB.submitReadRequestToOM(OzoneManagerProtocolServerSideTranslatorPB.java:213) ~[ozone-manager-1.3.0-SNAPSHOT.jar:?]
	at org.apache.hadoop.ozone.protocolPB.OzoneManagerProtocolServerSideTranslatorPB.processRequest(OzoneManagerProtocolServerSideTranslatorPB.java:174) ~[ozone-manager-1.3.0-SNAPSHOT.jar:?]
	at org.apache.hadoop.hdds.server.OzoneProtocolMessageDispatcher.processRequest(OzoneProtocolMessageDispatcher.java:87) [hdds-server-framework-1.3.0-SNAPSHOT.jar:?]
	at org.apache.hadoop.ozone.protocolPB.OzoneManagerProtocolServerSideTranslatorPB.submitRequest(OzoneManagerProtocolServerSideTranslatorPB.java:146) [ozone-manager-1.3.0-SNAPSHOT.jar:?]
	at org.apache.hadoop.ozone.protocol.proto.OzoneManagerProtocolProtos$OzoneManagerService$2.callBlockingMethod(OzoneManagerProtocolProtos.java) [ozone-interface-client-1.3.0-SNAPSHOT.jar:?]
	at org.apache.hadoop.ipc.ProtobufRpcEngine$Server.processCall(ProtobufRpcEngine.java:466) [hadoop-common-3.3.1.jar:?]
	at org.apache.hadoop.ipc.ProtobufRpcEngine2$Server$ProtoBufRpcInvoker.call(ProtobufRpcEngine2.java:574) [hadoop-common-3.3.1.jar:?]
	at org.apache.hadoop.ipc.ProtobufRpcEngine2$Server$ProtoBufRpcInvoker.call(ProtobufRpcEngine2.java:552) [hadoop-common-3.3.1.jar:?]
	at org.apache.hadoop.ipc.RPC$Server.call(RPC.java:1093) [hadoop-common-3.3.1.jar:?]
	at org.apache.hadoop.ipc.Server$RpcCall.run(Server.java:1035) [hadoop-common-3.3.1.jar:?]
	at org.apache.hadoop.ipc.Server$RpcCall.run(Server.java:963) [hadoop-common-3.3.1.jar:?]
	at java.security.AccessController.doPrivileged(Native Method) ~[?:1.8.0_322]
	at javax.security.auth.Subject.doAs(Subject.java:422) [?:1.8.0_322]
	at org.apache.hadoop.security.UserGroupInformation.doAs(UserGroupInformation.java:1878) [hadoop-common-3.3.1.jar:?]
	at org.apache.hadoop.ipc.Server$Handler.run(Server.java:2966) [hadoop-common-3.3.1.jar:?]
01:51:54.491 [IPC Server handler 18 on default port 44011] ERROR OMAudit - user=runner | ip=127.0.0.1 | op=GET_FILE_STATUS {volume=volume70938, bucket=bucket97532, key=root_dir/file1/c, dataSize=0, replicationConfig=null} | ret=FAILURE
org.apache.hadoop.ozone.om.exceptions.OMException: Unable to get file status: volume: volume70938 bucket: bucket97532 key: root_dir/file1/c
	at org.apache.hadoop.ozone.om.KeyManagerImpl.getOzoneFileStatus(KeyManagerImpl.java:1280) ~[ozone-manager-1.3.0-SNAPSHOT.jar:?]
	at org.apache.hadoop.ozone.om.KeyManagerImpl.getFileStatus(KeyManagerImpl.java:1210) ~[ozone-manager-1.3.0-SNAPSHOT.jar:?]
	at org.apache.hadoop.ozone.om.OzoneManager.getFileStatus(OzoneManager.java:3009) ~[ozone-manager-1.3.0-SNAPSHOT.jar:?]
	at org.apache.hadoop.ozone.protocolPB.OzoneManagerRequestHandler.getOzoneFileStatus(OzoneManagerRequestHandler.java:670) ~[ozone-manager-1.3.0-SNAPSHOT.jar:?]
	at org.apache.hadoop.ozone.protocolPB.OzoneManagerRequestHandler.handleReadRequest(OzoneManagerRequestHandler.java:201) ~[ozone-manager-1.3.0-SNAPSHOT.jar:?]
	at org.apache.hadoop.ozone.protocolPB.OzoneManagerProtocolServerSideTranslatorPB.submitReadRequestToOM(OzoneManagerProtocolServerSideTranslatorPB.java:213) ~[ozone-manager-1.3.0-SNAPSHOT.jar:?]
	at org.apache.hadoop.ozone.protocolPB.OzoneManagerProtocolServerSideTranslatorPB.processRequest(OzoneManagerProtocolServerSideTranslatorPB.java:174) ~[ozone-manager-1.3.0-SNAPSHOT.jar:?]
	at org.apache.hadoop.hdds.server.OzoneProtocolMessageDispatcher.processRequest(OzoneProtocolMessageDispatcher.java:87) [hdds-server-framework-1.3.0-SNAPSHOT.jar:?]
	at org.apache.hadoop.ozone.protocolPB.OzoneManagerProtocolServerSideTranslatorPB.submitRequest(OzoneManagerProtocolServerSideTranslatorPB.java:146) [ozone-manager-1.3.0-SNAPSHOT.jar:?]
	at org.apache.hadoop.ozone.protocol.proto.OzoneManagerProtocolProtos$OzoneManagerService$2.callBlockingMethod(OzoneManagerProtocolProtos.java) [ozone-interface-client-1.3.0-SNAPSHOT.jar:?]
	at org.apache.hadoop.ipc.ProtobufRpcEngine$Server.processCall(ProtobufRpcEngine.java:466) [hadoop-common-3.3.1.jar:?]
	at org.apache.hadoop.ipc.ProtobufRpcEngine2$Server$ProtoBufRpcInvoker.call(ProtobufRpcEngine2.java:574) [hadoop-common-3.3.1.jar:?]
	at org.apache.hadoop.ipc.ProtobufRpcEngine2$Server$ProtoBufRpcInvoker.call(ProtobufRpcEngine2.java:552) [hadoop-common-3.3.1.jar:?]
	at org.apache.hadoop.ipc.RPC$Server.call(RPC.java:1093) [hadoop-common-3.3.1.jar:?]
	at org.apache.hadoop.ipc.Server$RpcCall.run(Server.java:1035) [hadoop-common-3.3.1.jar:?]
	at org.apache.hadoop.ipc.Server$RpcCall.run(Server.java:963) [hadoop-common-3.3.1.jar:?]
	at java.security.AccessController.doPrivileged(Native Method) ~[?:1.8.0_322]
	at javax.security.auth.Subject.doAs(Subject.java:422) [?:1.8.0_322]
	at org.apache.hadoop.security.UserGroupInformation.doAs(UserGroupInformation.java:1878) [hadoop-common-3.3.1.jar:?]
	at org.apache.hadoop.ipc.Server$Handler.run(Server.java:2966) [hadoop-common-3.3.1.jar:?]
]]></system-out>
  </testcase>
  <testcase name="testRenameDestinationParentDoesntExist" classname="TestOzoneFileSystem" time="0.044">
    <system-out><![CDATA[01:52:53.502 [IPC Server handler 5 on default port 46323] ERROR OMAudit - user=runner | ip=127.0.0.1 | op=GET_FILE_STATUS {volume=volume68825, bucket=bucket30700, key=root_dir/b/c, dataSize=0, replicationConfig=null} | ret=FAILURE
org.apache.hadoop.ozone.om.exceptions.OMException: Unable to get file status: volume: volume68825 bucket: bucket30700 key: root_dir/b/c
	at org.apache.hadoop.ozone.om.KeyManagerImpl.getOzoneFileStatus(KeyManagerImpl.java:1280) ~[ozone-manager-1.3.0-SNAPSHOT.jar:?]
	at org.apache.hadoop.ozone.om.KeyManagerImpl.getFileStatus(KeyManagerImpl.java:1210) ~[ozone-manager-1.3.0-SNAPSHOT.jar:?]
	at org.apache.hadoop.ozone.om.OzoneManager.getFileStatus(OzoneManager.java:3009) ~[ozone-manager-1.3.0-SNAPSHOT.jar:?]
	at org.apache.hadoop.ozone.protocolPB.OzoneManagerRequestHandler.getOzoneFileStatus(OzoneManagerRequestHandler.java:670) ~[ozone-manager-1.3.0-SNAPSHOT.jar:?]
	at org.apache.hadoop.ozone.protocolPB.OzoneManagerRequestHandler.handleReadRequest(OzoneManagerRequestHandler.java:201) ~[ozone-manager-1.3.0-SNAPSHOT.jar:?]
	at org.apache.hadoop.ozone.protocolPB.OzoneManagerProtocolServerSideTranslatorPB.submitRequestDirectlyToOM(OzoneManagerProtocolServerSideTranslatorPB.java:271) ~[ozone-manager-1.3.0-SNAPSHOT.jar:?]
	at org.apache.hadoop.ozone.protocolPB.OzoneManagerProtocolServerSideTranslatorPB.processRequest(OzoneManagerProtocolServerSideTranslatorPB.java:195) ~[ozone-manager-1.3.0-SNAPSHOT.jar:?]
	at org.apache.hadoop.hdds.server.OzoneProtocolMessageDispatcher.processRequest(OzoneProtocolMessageDispatcher.java:87) [hdds-server-framework-1.3.0-SNAPSHOT.jar:?]
	at org.apache.hadoop.ozone.protocolPB.OzoneManagerProtocolServerSideTranslatorPB.submitRequest(OzoneManagerProtocolServerSideTranslatorPB.java:146) [ozone-manager-1.3.0-SNAPSHOT.jar:?]
	at org.apache.hadoop.ozone.protocol.proto.OzoneManagerProtocolProtos$OzoneManagerService$2.callBlockingMethod(OzoneManagerProtocolProtos.java) [ozone-interface-client-1.3.0-SNAPSHOT.jar:?]
	at org.apache.hadoop.ipc.ProtobufRpcEngine$Server.processCall(ProtobufRpcEngine.java:466) [hadoop-common-3.3.1.jar:?]
	at org.apache.hadoop.ipc.ProtobufRpcEngine2$Server$ProtoBufRpcInvoker.call(ProtobufRpcEngine2.java:574) [hadoop-common-3.3.1.jar:?]
	at org.apache.hadoop.ipc.ProtobufRpcEngine2$Server$ProtoBufRpcInvoker.call(ProtobufRpcEngine2.java:552) [hadoop-common-3.3.1.jar:?]
	at org.apache.hadoop.ipc.RPC$Server.call(RPC.java:1093) [hadoop-common-3.3.1.jar:?]
	at org.apache.hadoop.ipc.Server$RpcCall.run(Server.java:1035) [hadoop-common-3.3.1.jar:?]
	at org.apache.hadoop.ipc.Server$RpcCall.run(Server.java:963) [hadoop-common-3.3.1.jar:?]
	at java.security.AccessController.doPrivileged(Native Method) ~[?:1.8.0_322]
	at javax.security.auth.Subject.doAs(Subject.java:422) [?:1.8.0_322]
	at org.apache.hadoop.security.UserGroupInformation.doAs(UserGroupInformation.java:1878) [hadoop-common-3.3.1.jar:?]
	at org.apache.hadoop.ipc.Server$Handler.run(Server.java:2966) [hadoop-common-3.3.1.jar:?]
01:52:53.510 [IPC Server handler 6 on default port 46323] ERROR OMAudit - user=runner | ip=127.0.0.1 | op=GET_FILE_STATUS {volume=volume68825, bucket=bucket30700, key=root_dir/b, dataSize=0, replicationConfig=null} | ret=FAILURE
org.apache.hadoop.ozone.om.exceptions.OMException: Unable to get file status: volume: volume68825 bucket: bucket30700 key: root_dir/b
	at org.apache.hadoop.ozone.om.KeyManagerImpl.getOzoneFileStatus(KeyManagerImpl.java:1280) ~[ozone-manager-1.3.0-SNAPSHOT.jar:?]
	at org.apache.hadoop.ozone.om.KeyManagerImpl.getFileStatus(KeyManagerImpl.java:1210) ~[ozone-manager-1.3.0-SNAPSHOT.jar:?]
	at org.apache.hadoop.ozone.om.OzoneManager.getFileStatus(OzoneManager.java:3009) ~[ozone-manager-1.3.0-SNAPSHOT.jar:?]
	at org.apache.hadoop.ozone.protocolPB.OzoneManagerRequestHandler.getOzoneFileStatus(OzoneManagerRequestHandler.java:670) ~[ozone-manager-1.3.0-SNAPSHOT.jar:?]
	at org.apache.hadoop.ozone.protocolPB.OzoneManagerRequestHandler.handleReadRequest(OzoneManagerRequestHandler.java:201) ~[ozone-manager-1.3.0-SNAPSHOT.jar:?]
	at org.apache.hadoop.ozone.protocolPB.OzoneManagerProtocolServerSideTranslatorPB.submitRequestDirectlyToOM(OzoneManagerProtocolServerSideTranslatorPB.java:271) ~[ozone-manager-1.3.0-SNAPSHOT.jar:?]
	at org.apache.hadoop.ozone.protocolPB.OzoneManagerProtocolServerSideTranslatorPB.processRequest(OzoneManagerProtocolServerSideTranslatorPB.java:195) ~[ozone-manager-1.3.0-SNAPSHOT.jar:?]
	at org.apache.hadoop.hdds.server.OzoneProtocolMessageDispatcher.processRequest(OzoneProtocolMessageDispatcher.java:87) [hdds-server-framework-1.3.0-SNAPSHOT.jar:?]
	at org.apache.hadoop.ozone.protocolPB.OzoneManagerProtocolServerSideTranslatorPB.submitRequest(OzoneManagerProtocolServerSideTranslatorPB.java:146) [ozone-manager-1.3.0-SNAPSHOT.jar:?]
	at org.apache.hadoop.ozone.protocol.proto.OzoneManagerProtocolProtos$OzoneManagerService$2.callBlockingMethod(OzoneManagerProtocolProtos.java) [ozone-interface-client-1.3.0-SNAPSHOT.jar:?]
	at org.apache.hadoop.ipc.ProtobufRpcEngine$Server.processCall(ProtobufRpcEngine.java:466) [hadoop-common-3.3.1.jar:?]
	at org.apache.hadoop.ipc.ProtobufRpcEngine2$Server$ProtoBufRpcInvoker.call(ProtobufRpcEngine2.java:574) [hadoop-common-3.3.1.jar:?]
	at org.apache.hadoop.ipc.ProtobufRpcEngine2$Server$ProtoBufRpcInvoker.call(ProtobufRpcEngine2.java:552) [hadoop-common-3.3.1.jar:?]
	at org.apache.hadoop.ipc.RPC$Server.call(RPC.java:1093) [hadoop-common-3.3.1.jar:?]
	at org.apache.hadoop.ipc.Server$RpcCall.run(Server.java:1035) [hadoop-common-3.3.1.jar:?]
	at org.apache.hadoop.ipc.Server$RpcCall.run(Server.java:963) [hadoop-common-3.3.1.jar:?]
	at java.security.AccessController.doPrivileged(Native Method) ~[?:1.8.0_322]
	at javax.security.auth.Subject.doAs(Subject.java:422) [?:1.8.0_322]
	at org.apache.hadoop.security.UserGroupInformation.doAs(UserGroupInformation.java:1878) [hadoop-common-3.3.1.jar:?]
	at org.apache.hadoop.ipc.Server$Handler.run(Server.java:2966) [hadoop-common-3.3.1.jar:?]
01:52:53.529 [IPC Server handler 2 on default port 46323] ERROR OMAudit - user=runner | ip=127.0.0.1 | op=GET_FILE_STATUS {volume=volume68825, bucket=bucket30700, key=root_dir/file1/c, dataSize=0, replicationConfig=null} | ret=FAILURE
org.apache.hadoop.ozone.om.exceptions.OMException: Unable to get file status: volume: volume68825 bucket: bucket30700 key: root_dir/file1/c
	at org.apache.hadoop.ozone.om.KeyManagerImpl.getOzoneFileStatus(KeyManagerImpl.java:1280) ~[ozone-manager-1.3.0-SNAPSHOT.jar:?]
	at org.apache.hadoop.ozone.om.KeyManagerImpl.getFileStatus(KeyManagerImpl.java:1210) ~[ozone-manager-1.3.0-SNAPSHOT.jar:?]
	at org.apache.hadoop.ozone.om.OzoneManager.getFileStatus(OzoneManager.java:3009) ~[ozone-manager-1.3.0-SNAPSHOT.jar:?]
	at org.apache.hadoop.ozone.protocolPB.OzoneManagerRequestHandler.getOzoneFileStatus(OzoneManagerRequestHandler.java:670) ~[ozone-manager-1.3.0-SNAPSHOT.jar:?]
	at org.apache.hadoop.ozone.protocolPB.OzoneManagerRequestHandler.handleReadRequest(OzoneManagerRequestHandler.java:201) ~[ozone-manager-1.3.0-SNAPSHOT.jar:?]
	at org.apache.hadoop.ozone.protocolPB.OzoneManagerProtocolServerSideTranslatorPB.submitRequestDirectlyToOM(OzoneManagerProtocolServerSideTranslatorPB.java:271) ~[ozone-manager-1.3.0-SNAPSHOT.jar:?]
	at org.apache.hadoop.ozone.protocolPB.OzoneManagerProtocolServerSideTranslatorPB.processRequest(OzoneManagerProtocolServerSideTranslatorPB.java:195) ~[ozone-manager-1.3.0-SNAPSHOT.jar:?]
	at org.apache.hadoop.hdds.server.OzoneProtocolMessageDispatcher.processRequest(OzoneProtocolMessageDispatcher.java:87) [hdds-server-framework-1.3.0-SNAPSHOT.jar:?]
	at org.apache.hadoop.ozone.protocolPB.OzoneManagerProtocolServerSideTranslatorPB.submitRequest(OzoneManagerProtocolServerSideTranslatorPB.java:146) [ozone-manager-1.3.0-SNAPSHOT.jar:?]
	at org.apache.hadoop.ozone.protocol.proto.OzoneManagerProtocolProtos$OzoneManagerService$2.callBlockingMethod(OzoneManagerProtocolProtos.java) [ozone-interface-client-1.3.0-SNAPSHOT.jar:?]
	at org.apache.hadoop.ipc.ProtobufRpcEngine$Server.processCall(ProtobufRpcEngine.java:466) [hadoop-common-3.3.1.jar:?]
	at org.apache.hadoop.ipc.ProtobufRpcEngine2$Server$ProtoBufRpcInvoker.call(ProtobufRpcEngine2.java:574) [hadoop-common-3.3.1.jar:?]
	at org.apache.hadoop.ipc.ProtobufRpcEngine2$Server$ProtoBufRpcInvoker.call(ProtobufRpcEngine2.java:552) [hadoop-common-3.3.1.jar:?]
	at org.apache.hadoop.ipc.RPC$Server.call(RPC.java:1093) [hadoop-common-3.3.1.jar:?]
	at org.apache.hadoop.ipc.Server$RpcCall.run(Server.java:1035) [hadoop-common-3.3.1.jar:?]
	at org.apache.hadoop.ipc.Server$RpcCall.run(Server.java:963) [hadoop-common-3.3.1.jar:?]
	at java.security.AccessController.doPrivileged(Native Method) ~[?:1.8.0_322]
	at javax.security.auth.Subject.doAs(Subject.java:422) [?:1.8.0_322]
	at org.apache.hadoop.security.UserGroupInformation.doAs(UserGroupInformation.java:1878) [hadoop-common-3.3.1.jar:?]
	at org.apache.hadoop.ipc.Server$Handler.run(Server.java:2966) [hadoop-common-3.3.1.jar:?]
]]></system-out>
  </testcase>
  <testcase name="testRenameDestinationParentDoesntExist" classname="TestOzoneFileSystem" time="0.029">
    <system-out><![CDATA[01:53:58.791 [IPC Server handler 12 on default port 40803] ERROR OMAudit - user=runner | ip=127.0.0.1 | op=GET_FILE_STATUS {volume=volume85710, bucket=bucket48480, key=root_dir/b/c, dataSize=0, replicationConfig=null} | ret=FAILURE
org.apache.hadoop.ozone.om.exceptions.OMException: Unable to get file status: volume: volume85710 bucket: bucket48480 key: root_dir/b/c
	at org.apache.hadoop.ozone.om.KeyManagerImpl.getOzoneFileStatus(KeyManagerImpl.java:1280) ~[ozone-manager-1.3.0-SNAPSHOT.jar:?]
	at org.apache.hadoop.ozone.om.KeyManagerImpl.getFileStatus(KeyManagerImpl.java:1210) ~[ozone-manager-1.3.0-SNAPSHOT.jar:?]
	at org.apache.hadoop.ozone.om.OzoneManager.getFileStatus(OzoneManager.java:3009) ~[ozone-manager-1.3.0-SNAPSHOT.jar:?]
	at org.apache.hadoop.ozone.protocolPB.OzoneManagerRequestHandler.getOzoneFileStatus(OzoneManagerRequestHandler.java:670) ~[ozone-manager-1.3.0-SNAPSHOT.jar:?]
	at org.apache.hadoop.ozone.protocolPB.OzoneManagerRequestHandler.handleReadRequest(OzoneManagerRequestHandler.java:201) ~[ozone-manager-1.3.0-SNAPSHOT.jar:?]
	at org.apache.hadoop.ozone.protocolPB.OzoneManagerProtocolServerSideTranslatorPB.submitReadRequestToOM(OzoneManagerProtocolServerSideTranslatorPB.java:213) ~[ozone-manager-1.3.0-SNAPSHOT.jar:?]
	at org.apache.hadoop.ozone.protocolPB.OzoneManagerProtocolServerSideTranslatorPB.processRequest(OzoneManagerProtocolServerSideTranslatorPB.java:174) ~[ozone-manager-1.3.0-SNAPSHOT.jar:?]
	at org.apache.hadoop.hdds.server.OzoneProtocolMessageDispatcher.processRequest(OzoneProtocolMessageDispatcher.java:87) [hdds-server-framework-1.3.0-SNAPSHOT.jar:?]
	at org.apache.hadoop.ozone.protocolPB.OzoneManagerProtocolServerSideTranslatorPB.submitRequest(OzoneManagerProtocolServerSideTranslatorPB.java:146) [ozone-manager-1.3.0-SNAPSHOT.jar:?]
	at org.apache.hadoop.ozone.protocol.proto.OzoneManagerProtocolProtos$OzoneManagerService$2.callBlockingMethod(OzoneManagerProtocolProtos.java) [ozone-interface-client-1.3.0-SNAPSHOT.jar:?]
	at org.apache.hadoop.ipc.ProtobufRpcEngine$Server.processCall(ProtobufRpcEngine.java:466) [hadoop-common-3.3.1.jar:?]
	at org.apache.hadoop.ipc.ProtobufRpcEngine2$Server$ProtoBufRpcInvoker.call(ProtobufRpcEngine2.java:574) [hadoop-common-3.3.1.jar:?]
	at org.apache.hadoop.ipc.ProtobufRpcEngine2$Server$ProtoBufRpcInvoker.call(ProtobufRpcEngine2.java:552) [hadoop-common-3.3.1.jar:?]
	at org.apache.hadoop.ipc.RPC$Server.call(RPC.java:1093) [hadoop-common-3.3.1.jar:?]
	at org.apache.hadoop.ipc.Server$RpcCall.run(Server.java:1035) [hadoop-common-3.3.1.jar:?]
	at org.apache.hadoop.ipc.Server$RpcCall.run(Server.java:963) [hadoop-common-3.3.1.jar:?]
	at java.security.AccessController.doPrivileged(Native Method) ~[?:1.8.0_322]
	at javax.security.auth.Subject.doAs(Subject.java:422) [?:1.8.0_322]
	at org.apache.hadoop.security.UserGroupInformation.doAs(UserGroupInformation.java:1878) [hadoop-common-3.3.1.jar:?]
	at org.apache.hadoop.ipc.Server$Handler.run(Server.java:2966) [hadoop-common-3.3.1.jar:?]
01:53:58.792 [IPC Server handler 9 on default port 40803] ERROR OMAudit - user=runner | ip=127.0.0.1 | op=GET_FILE_STATUS {volume=volume85710, bucket=bucket48480, key=root_dir/b, dataSize=0, replicationConfig=null} | ret=FAILURE
org.apache.hadoop.ozone.om.exceptions.OMException: Unable to get file status: volume: volume85710 bucket: bucket48480 key: root_dir/b
	at org.apache.hadoop.ozone.om.KeyManagerImpl.getOzoneFileStatus(KeyManagerImpl.java:1280) ~[ozone-manager-1.3.0-SNAPSHOT.jar:?]
	at org.apache.hadoop.ozone.om.KeyManagerImpl.getFileStatus(KeyManagerImpl.java:1210) ~[ozone-manager-1.3.0-SNAPSHOT.jar:?]
	at org.apache.hadoop.ozone.om.OzoneManager.getFileStatus(OzoneManager.java:3009) ~[ozone-manager-1.3.0-SNAPSHOT.jar:?]
	at org.apache.hadoop.ozone.protocolPB.OzoneManagerRequestHandler.getOzoneFileStatus(OzoneManagerRequestHandler.java:670) ~[ozone-manager-1.3.0-SNAPSHOT.jar:?]
	at org.apache.hadoop.ozone.protocolPB.OzoneManagerRequestHandler.handleReadRequest(OzoneManagerRequestHandler.java:201) ~[ozone-manager-1.3.0-SNAPSHOT.jar:?]
	at org.apache.hadoop.ozone.protocolPB.OzoneManagerProtocolServerSideTranslatorPB.submitReadRequestToOM(OzoneManagerProtocolServerSideTranslatorPB.java:213) ~[ozone-manager-1.3.0-SNAPSHOT.jar:?]
	at org.apache.hadoop.ozone.protocolPB.OzoneManagerProtocolServerSideTranslatorPB.processRequest(OzoneManagerProtocolServerSideTranslatorPB.java:174) ~[ozone-manager-1.3.0-SNAPSHOT.jar:?]
	at org.apache.hadoop.hdds.server.OzoneProtocolMessageDispatcher.processRequest(OzoneProtocolMessageDispatcher.java:87) [hdds-server-framework-1.3.0-SNAPSHOT.jar:?]
	at org.apache.hadoop.ozone.protocolPB.OzoneManagerProtocolServerSideTranslatorPB.submitRequest(OzoneManagerProtocolServerSideTranslatorPB.java:146) [ozone-manager-1.3.0-SNAPSHOT.jar:?]
	at org.apache.hadoop.ozone.protocol.proto.OzoneManagerProtocolProtos$OzoneManagerService$2.callBlockingMethod(OzoneManagerProtocolProtos.java) [ozone-interface-client-1.3.0-SNAPSHOT.jar:?]
	at org.apache.hadoop.ipc.ProtobufRpcEngine$Server.processCall(ProtobufRpcEngine.java:466) [hadoop-common-3.3.1.jar:?]
	at org.apache.hadoop.ipc.ProtobufRpcEngine2$Server$ProtoBufRpcInvoker.call(ProtobufRpcEngine2.java:574) [hadoop-common-3.3.1.jar:?]
	at org.apache.hadoop.ipc.ProtobufRpcEngine2$Server$ProtoBufRpcInvoker.call(ProtobufRpcEngine2.java:552) [hadoop-common-3.3.1.jar:?]
	at org.apache.hadoop.ipc.RPC$Server.call(RPC.java:1093) [hadoop-common-3.3.1.jar:?]
	at org.apache.hadoop.ipc.Server$RpcCall.run(Server.java:1035) [hadoop-common-3.3.1.jar:?]
	at org.apache.hadoop.ipc.Server$RpcCall.run(Server.java:963) [hadoop-common-3.3.1.jar:?]
	at java.security.AccessController.doPrivileged(Native Method) ~[?:1.8.0_322]
	at javax.security.auth.Subject.doAs(Subject.java:422) [?:1.8.0_322]
	at org.apache.hadoop.security.UserGroupInformation.doAs(UserGroupInformation.java:1878) [hadoop-common-3.3.1.jar:?]
	at org.apache.hadoop.ipc.Server$Handler.run(Server.java:2966) [hadoop-common-3.3.1.jar:?]
01:53:58.799 [IPC Server handler 16 on default port 40803] ERROR OMAudit - user=runner | ip=127.0.0.1 | op=GET_FILE_STATUS {volume=volume85710, bucket=bucket48480, key=root_dir/file1/c, dataSize=0, replicationConfig=null} | ret=FAILURE
org.apache.hadoop.ozone.om.exceptions.OMException: Unable to get file status: volume: volume85710 bucket: bucket48480 key: root_dir/file1/c
	at org.apache.hadoop.ozone.om.KeyManagerImpl.getOzoneFileStatus(KeyManagerImpl.java:1280) ~[ozone-manager-1.3.0-SNAPSHOT.jar:?]
	at org.apache.hadoop.ozone.om.KeyManagerImpl.getFileStatus(KeyManagerImpl.java:1210) ~[ozone-manager-1.3.0-SNAPSHOT.jar:?]
	at org.apache.hadoop.ozone.om.OzoneManager.getFileStatus(OzoneManager.java:3009) ~[ozone-manager-1.3.0-SNAPSHOT.jar:?]
	at org.apache.hadoop.ozone.protocolPB.OzoneManagerRequestHandler.getOzoneFileStatus(OzoneManagerRequestHandler.java:670) ~[ozone-manager-1.3.0-SNAPSHOT.jar:?]
	at org.apache.hadoop.ozone.protocolPB.OzoneManagerRequestHandler.handleReadRequest(OzoneManagerRequestHandler.java:201) ~[ozone-manager-1.3.0-SNAPSHOT.jar:?]
	at org.apache.hadoop.ozone.protocolPB.OzoneManagerProtocolServerSideTranslatorPB.submitReadRequestToOM(OzoneManagerProtocolServerSideTranslatorPB.java:213) ~[ozone-manager-1.3.0-SNAPSHOT.jar:?]
	at org.apache.hadoop.ozone.protocolPB.OzoneManagerProtocolServerSideTranslatorPB.processRequest(OzoneManagerProtocolServerSideTranslatorPB.java:174) ~[ozone-manager-1.3.0-SNAPSHOT.jar:?]
	at org.apache.hadoop.hdds.server.OzoneProtocolMessageDispatcher.processRequest(OzoneProtocolMessageDispatcher.java:87) [hdds-server-framework-1.3.0-SNAPSHOT.jar:?]
	at org.apache.hadoop.ozone.protocolPB.OzoneManagerProtocolServerSideTranslatorPB.submitRequest(OzoneManagerProtocolServerSideTranslatorPB.java:146) [ozone-manager-1.3.0-SNAPSHOT.jar:?]
	at org.apache.hadoop.ozone.protocol.proto.OzoneManagerProtocolProtos$OzoneManagerService$2.callBlockingMethod(OzoneManagerProtocolProtos.java) [ozone-interface-client-1.3.0-SNAPSHOT.jar:?]
	at org.apache.hadoop.ipc.ProtobufRpcEngine$Server.processCall(ProtobufRpcEngine.java:466) [hadoop-common-3.3.1.jar:?]
	at org.apache.hadoop.ipc.ProtobufRpcEngine2$Server$ProtoBufRpcInvoker.call(ProtobufRpcEngine2.java:574) [hadoop-common-3.3.1.jar:?]
	at org.apache.hadoop.ipc.ProtobufRpcEngine2$Server$ProtoBufRpcInvoker.call(ProtobufRpcEngine2.java:552) [hadoop-common-3.3.1.jar:?]
	at org.apache.hadoop.ipc.RPC$Server.call(RPC.java:1093) [hadoop-common-3.3.1.jar:?]
	at org.apache.hadoop.ipc.Server$RpcCall.run(Server.java:1035) [hadoop-common-3.3.1.jar:?]
	at org.apache.hadoop.ipc.Server$RpcCall.run(Server.java:963) [hadoop-common-3.3.1.jar:?]
	at java.security.AccessController.doPrivileged(Native Method) ~[?:1.8.0_322]
	at javax.security.auth.Subject.doAs(Subject.java:422) [?:1.8.0_322]
	at org.apache.hadoop.security.UserGroupInformation.doAs(UserGroupInformation.java:1878) [hadoop-common-3.3.1.jar:?]
	at org.apache.hadoop.ipc.Server$Handler.run(Server.java:2966) [hadoop-common-3.3.1.jar:?]
]]></system-out>
  </testcase>
  <testcase name="testRenameDestinationParentDoesntExist" classname="TestOzoneFileSystem" time="0.066">
    <system-out><![CDATA[01:55:09.474 [IPC Server handler 11 on default port 35711] ERROR OMAudit - user=runner | ip=127.0.0.1 | op=GET_FILE_STATUS {volume=volume11484, bucket=bucket58947, key=root_dir/b/c, dataSize=0, replicationConfig=null} | ret=FAILURE
org.apache.hadoop.ozone.om.exceptions.OMException: Unable to get file status: volume: volume11484 bucket: bucket58947 key: root_dir/b/c
	at org.apache.hadoop.ozone.om.KeyManagerImpl.getOzoneFileStatus(KeyManagerImpl.java:1280) ~[ozone-manager-1.3.0-SNAPSHOT.jar:?]
	at org.apache.hadoop.ozone.om.KeyManagerImpl.getFileStatus(KeyManagerImpl.java:1210) ~[ozone-manager-1.3.0-SNAPSHOT.jar:?]
	at org.apache.hadoop.ozone.om.OzoneManager.getFileStatus(OzoneManager.java:3009) ~[ozone-manager-1.3.0-SNAPSHOT.jar:?]
	at org.apache.hadoop.ozone.protocolPB.OzoneManagerRequestHandler.getOzoneFileStatus(OzoneManagerRequestHandler.java:670) ~[ozone-manager-1.3.0-SNAPSHOT.jar:?]
	at org.apache.hadoop.ozone.protocolPB.OzoneManagerRequestHandler.handleReadRequest(OzoneManagerRequestHandler.java:201) ~[ozone-manager-1.3.0-SNAPSHOT.jar:?]
	at org.apache.hadoop.ozone.protocolPB.OzoneManagerProtocolServerSideTranslatorPB.submitRequestDirectlyToOM(OzoneManagerProtocolServerSideTranslatorPB.java:271) ~[ozone-manager-1.3.0-SNAPSHOT.jar:?]
	at org.apache.hadoop.ozone.protocolPB.OzoneManagerProtocolServerSideTranslatorPB.processRequest(OzoneManagerProtocolServerSideTranslatorPB.java:195) ~[ozone-manager-1.3.0-SNAPSHOT.jar:?]
	at org.apache.hadoop.hdds.server.OzoneProtocolMessageDispatcher.processRequest(OzoneProtocolMessageDispatcher.java:87) [hdds-server-framework-1.3.0-SNAPSHOT.jar:?]
	at org.apache.hadoop.ozone.protocolPB.OzoneManagerProtocolServerSideTranslatorPB.submitRequest(OzoneManagerProtocolServerSideTranslatorPB.java:146) [ozone-manager-1.3.0-SNAPSHOT.jar:?]
	at org.apache.hadoop.ozone.protocol.proto.OzoneManagerProtocolProtos$OzoneManagerService$2.callBlockingMethod(OzoneManagerProtocolProtos.java) [ozone-interface-client-1.3.0-SNAPSHOT.jar:?]
	at org.apache.hadoop.ipc.ProtobufRpcEngine$Server.processCall(ProtobufRpcEngine.java:466) [hadoop-common-3.3.1.jar:?]
	at org.apache.hadoop.ipc.ProtobufRpcEngine2$Server$ProtoBufRpcInvoker.call(ProtobufRpcEngine2.java:574) [hadoop-common-3.3.1.jar:?]
	at org.apache.hadoop.ipc.ProtobufRpcEngine2$Server$ProtoBufRpcInvoker.call(ProtobufRpcEngine2.java:552) [hadoop-common-3.3.1.jar:?]
	at org.apache.hadoop.ipc.RPC$Server.call(RPC.java:1093) [hadoop-common-3.3.1.jar:?]
	at org.apache.hadoop.ipc.Server$RpcCall.run(Server.java:1035) [hadoop-common-3.3.1.jar:?]
	at org.apache.hadoop.ipc.Server$RpcCall.run(Server.java:963) [hadoop-common-3.3.1.jar:?]
	at java.security.AccessController.doPrivileged(Native Method) ~[?:1.8.0_322]
	at javax.security.auth.Subject.doAs(Subject.java:422) [?:1.8.0_322]
	at org.apache.hadoop.security.UserGroupInformation.doAs(UserGroupInformation.java:1878) [hadoop-common-3.3.1.jar:?]
	at org.apache.hadoop.ipc.Server$Handler.run(Server.java:2966) [hadoop-common-3.3.1.jar:?]
01:55:09.475 [IPC Server handler 13 on default port 35711] ERROR OMAudit - user=runner | ip=127.0.0.1 | op=GET_FILE_STATUS {volume=volume11484, bucket=bucket58947, key=root_dir/b, dataSize=0, replicationConfig=null} | ret=FAILURE
org.apache.hadoop.ozone.om.exceptions.OMException: Unable to get file status: volume: volume11484 bucket: bucket58947 key: root_dir/b
	at org.apache.hadoop.ozone.om.KeyManagerImpl.getOzoneFileStatus(KeyManagerImpl.java:1280) ~[ozone-manager-1.3.0-SNAPSHOT.jar:?]
	at org.apache.hadoop.ozone.om.KeyManagerImpl.getFileStatus(KeyManagerImpl.java:1210) ~[ozone-manager-1.3.0-SNAPSHOT.jar:?]
	at org.apache.hadoop.ozone.om.OzoneManager.getFileStatus(OzoneManager.java:3009) ~[ozone-manager-1.3.0-SNAPSHOT.jar:?]
	at org.apache.hadoop.ozone.protocolPB.OzoneManagerRequestHandler.getOzoneFileStatus(OzoneManagerRequestHandler.java:670) ~[ozone-manager-1.3.0-SNAPSHOT.jar:?]
	at org.apache.hadoop.ozone.protocolPB.OzoneManagerRequestHandler.handleReadRequest(OzoneManagerRequestHandler.java:201) ~[ozone-manager-1.3.0-SNAPSHOT.jar:?]
	at org.apache.hadoop.ozone.protocolPB.OzoneManagerProtocolServerSideTranslatorPB.submitRequestDirectlyToOM(OzoneManagerProtocolServerSideTranslatorPB.java:271) ~[ozone-manager-1.3.0-SNAPSHOT.jar:?]
	at org.apache.hadoop.ozone.protocolPB.OzoneManagerProtocolServerSideTranslatorPB.processRequest(OzoneManagerProtocolServerSideTranslatorPB.java:195) ~[ozone-manager-1.3.0-SNAPSHOT.jar:?]
	at org.apache.hadoop.hdds.server.OzoneProtocolMessageDispatcher.processRequest(OzoneProtocolMessageDispatcher.java:87) [hdds-server-framework-1.3.0-SNAPSHOT.jar:?]
	at org.apache.hadoop.ozone.protocolPB.OzoneManagerProtocolServerSideTranslatorPB.submitRequest(OzoneManagerProtocolServerSideTranslatorPB.java:146) [ozone-manager-1.3.0-SNAPSHOT.jar:?]
	at org.apache.hadoop.ozone.protocol.proto.OzoneManagerProtocolProtos$OzoneManagerService$2.callBlockingMethod(OzoneManagerProtocolProtos.java) [ozone-interface-client-1.3.0-SNAPSHOT.jar:?]
	at org.apache.hadoop.ipc.ProtobufRpcEngine$Server.processCall(ProtobufRpcEngine.java:466) [hadoop-common-3.3.1.jar:?]
	at org.apache.hadoop.ipc.ProtobufRpcEngine2$Server$ProtoBufRpcInvoker.call(ProtobufRpcEngine2.java:574) [hadoop-common-3.3.1.jar:?]
	at org.apache.hadoop.ipc.ProtobufRpcEngine2$Server$ProtoBufRpcInvoker.call(ProtobufRpcEngine2.java:552) [hadoop-common-3.3.1.jar:?]
	at org.apache.hadoop.ipc.RPC$Server.call(RPC.java:1093) [hadoop-common-3.3.1.jar:?]
	at org.apache.hadoop.ipc.Server$RpcCall.run(Server.java:1035) [hadoop-common-3.3.1.jar:?]
	at org.apache.hadoop.ipc.Server$RpcCall.run(Server.java:963) [hadoop-common-3.3.1.jar:?]
	at java.security.AccessController.doPrivileged(Native Method) ~[?:1.8.0_322]
	at javax.security.auth.Subject.doAs(Subject.java:422) [?:1.8.0_322]
	at org.apache.hadoop.security.UserGroupInformation.doAs(UserGroupInformation.java:1878) [hadoop-common-3.3.1.jar:?]
	at org.apache.hadoop.ipc.Server$Handler.run(Server.java:2966) [hadoop-common-3.3.1.jar:?]
01:55:09.479 [IPC Server handler 19 on default port 35711] ERROR OMAudit - user=runner | ip=127.0.0.1 | op=GET_FILE_STATUS {volume=volume11484, bucket=bucket58947, key=root_dir/file1/c, dataSize=0, replicationConfig=null} | ret=FAILURE
org.apache.hadoop.ozone.om.exceptions.OMException: Unable to get file status: volume: volume11484 bucket: bucket58947 key: root_dir/file1/c
	at org.apache.hadoop.ozone.om.KeyManagerImpl.getOzoneFileStatus(KeyManagerImpl.java:1280) ~[ozone-manager-1.3.0-SNAPSHOT.jar:?]
	at org.apache.hadoop.ozone.om.KeyManagerImpl.getFileStatus(KeyManagerImpl.java:1210) ~[ozone-manager-1.3.0-SNAPSHOT.jar:?]
	at org.apache.hadoop.ozone.om.OzoneManager.getFileStatus(OzoneManager.java:3009) ~[ozone-manager-1.3.0-SNAPSHOT.jar:?]
	at org.apache.hadoop.ozone.protocolPB.OzoneManagerRequestHandler.getOzoneFileStatus(OzoneManagerRequestHandler.java:670) ~[ozone-manager-1.3.0-SNAPSHOT.jar:?]
	at org.apache.hadoop.ozone.protocolPB.OzoneManagerRequestHandler.handleReadRequest(OzoneManagerRequestHandler.java:201) ~[ozone-manager-1.3.0-SNAPSHOT.jar:?]
	at org.apache.hadoop.ozone.protocolPB.OzoneManagerProtocolServerSideTranslatorPB.submitRequestDirectlyToOM(OzoneManagerProtocolServerSideTranslatorPB.java:271) ~[ozone-manager-1.3.0-SNAPSHOT.jar:?]
	at org.apache.hadoop.ozone.protocolPB.OzoneManagerProtocolServerSideTranslatorPB.processRequest(OzoneManagerProtocolServerSideTranslatorPB.java:195) ~[ozone-manager-1.3.0-SNAPSHOT.jar:?]
	at org.apache.hadoop.hdds.server.OzoneProtocolMessageDispatcher.processRequest(OzoneProtocolMessageDispatcher.java:87) [hdds-server-framework-1.3.0-SNAPSHOT.jar:?]
	at org.apache.hadoop.ozone.protocolPB.OzoneManagerProtocolServerSideTranslatorPB.submitRequest(OzoneManagerProtocolServerSideTranslatorPB.java:146) [ozone-manager-1.3.0-SNAPSHOT.jar:?]
	at org.apache.hadoop.ozone.protocol.proto.OzoneManagerProtocolProtos$OzoneManagerService$2.callBlockingMethod(OzoneManagerProtocolProtos.java) [ozone-interface-client-1.3.0-SNAPSHOT.jar:?]
	at org.apache.hadoop.ipc.ProtobufRpcEngine$Server.processCall(ProtobufRpcEngine.java:466) [hadoop-common-3.3.1.jar:?]
	at org.apache.hadoop.ipc.ProtobufRpcEngine2$Server$ProtoBufRpcInvoker.call(ProtobufRpcEngine2.java:574) [hadoop-common-3.3.1.jar:?]
	at org.apache.hadoop.ipc.ProtobufRpcEngine2$Server$ProtoBufRpcInvoker.call(ProtobufRpcEngine2.java:552) [hadoop-common-3.3.1.jar:?]
	at org.apache.hadoop.ipc.RPC$Server.call(RPC.java:1093) [hadoop-common-3.3.1.jar:?]
	at org.apache.hadoop.ipc.Server$RpcCall.run(Server.java:1035) [hadoop-common-3.3.1.jar:?]
	at org.apache.hadoop.ipc.Server$RpcCall.run(Server.java:963) [hadoop-common-3.3.1.jar:?]
	at java.security.AccessController.doPrivileged(Native Method) ~[?:1.8.0_322]
	at javax.security.auth.Subject.doAs(Subject.java:422) [?:1.8.0_322]
	at org.apache.hadoop.security.UserGroupInformation.doAs(UserGroupInformation.java:1878) [hadoop-common-3.3.1.jar:?]
	at org.apache.hadoop.ipc.Server$Handler.run(Server.java:2966) [hadoop-common-3.3.1.jar:?]
]]></system-out>
  </testcase>
  <testcase name="testCreateWithInvalidPaths" classname="TestOzoneFileSystem" time="0.006"/>
  <testcase name="testCreateWithInvalidPaths" classname="TestOzoneFileSystem" time="0.002"/>
  <testcase name="testCreateWithInvalidPaths" classname="TestOzoneFileSystem" time="0.006"/>
  <testcase name="testCreateWithInvalidPaths" classname="TestOzoneFileSystem" time="0.011"/>
  <testcase name="testListStatusOnRoot" classname="TestOzoneFileSystem" time="0.035"/>
  <testcase name="testListStatusOnRoot" classname="TestOzoneFileSystem" time="0.028"/>
  <testcase name="testListStatusOnRoot" classname="TestOzoneFileSystem" time="0.036"/>
  <testcase name="testListStatusOnRoot" classname="TestOzoneFileSystem" time="0.011"/>
  <testcase name="testRenameWithNonExistentSource" classname="TestOzoneFileSystem" time="0.018">
    <system-out><![CDATA[2022-04-26 01:51:54,552 [Time-limited test] INFO  ozone.TestOzoneFileSystem (TestOzoneFileSystem.java:testRenameWithNonExistentSource(853)) - Created destin dir: o3fs://bucket97532.volume70938/root/dir2
2022-04-26 01:51:54,553 [Time-limited test] INFO  ozone.TestOzoneFileSystem (TestOzoneFileSystem.java:testRenameWithNonExistentSource(855)) - Rename op-> source:o3fs://bucket97532.volume70938/root/dir1 to destin:o3fs://bucket97532.volume70938/root/dir2}
01:51:54.553 [IPC Server handler 5 on default port 44011] ERROR OMAudit - user=runner | ip=127.0.0.1 | op=GET_FILE_STATUS {volume=volume70938, bucket=bucket97532, key=root/dir1, dataSize=0, replicationConfig=null} | ret=FAILURE
org.apache.hadoop.ozone.om.exceptions.OMException: Unable to get file status: volume: volume70938 bucket: bucket97532 key: root/dir1
	at org.apache.hadoop.ozone.om.KeyManagerImpl.getOzoneFileStatus(KeyManagerImpl.java:1280) ~[ozone-manager-1.3.0-SNAPSHOT.jar:?]
	at org.apache.hadoop.ozone.om.KeyManagerImpl.getFileStatus(KeyManagerImpl.java:1210) ~[ozone-manager-1.3.0-SNAPSHOT.jar:?]
	at org.apache.hadoop.ozone.om.OzoneManager.getFileStatus(OzoneManager.java:3009) ~[ozone-manager-1.3.0-SNAPSHOT.jar:?]
	at org.apache.hadoop.ozone.protocolPB.OzoneManagerRequestHandler.getOzoneFileStatus(OzoneManagerRequestHandler.java:670) ~[ozone-manager-1.3.0-SNAPSHOT.jar:?]
	at org.apache.hadoop.ozone.protocolPB.OzoneManagerRequestHandler.handleReadRequest(OzoneManagerRequestHandler.java:201) ~[ozone-manager-1.3.0-SNAPSHOT.jar:?]
	at org.apache.hadoop.ozone.protocolPB.OzoneManagerProtocolServerSideTranslatorPB.submitReadRequestToOM(OzoneManagerProtocolServerSideTranslatorPB.java:213) ~[ozone-manager-1.3.0-SNAPSHOT.jar:?]
	at org.apache.hadoop.ozone.protocolPB.OzoneManagerProtocolServerSideTranslatorPB.processRequest(OzoneManagerProtocolServerSideTranslatorPB.java:174) ~[ozone-manager-1.3.0-SNAPSHOT.jar:?]
	at org.apache.hadoop.hdds.server.OzoneProtocolMessageDispatcher.processRequest(OzoneProtocolMessageDispatcher.java:87) [hdds-server-framework-1.3.0-SNAPSHOT.jar:?]
	at org.apache.hadoop.ozone.protocolPB.OzoneManagerProtocolServerSideTranslatorPB.submitRequest(OzoneManagerProtocolServerSideTranslatorPB.java:146) [ozone-manager-1.3.0-SNAPSHOT.jar:?]
	at org.apache.hadoop.ozone.protocol.proto.OzoneManagerProtocolProtos$OzoneManagerService$2.callBlockingMethod(OzoneManagerProtocolProtos.java) [ozone-interface-client-1.3.0-SNAPSHOT.jar:?]
	at org.apache.hadoop.ipc.ProtobufRpcEngine$Server.processCall(ProtobufRpcEngine.java:466) [hadoop-common-3.3.1.jar:?]
	at org.apache.hadoop.ipc.ProtobufRpcEngine2$Server$ProtoBufRpcInvoker.call(ProtobufRpcEngine2.java:574) [hadoop-common-3.3.1.jar:?]
	at org.apache.hadoop.ipc.ProtobufRpcEngine2$Server$ProtoBufRpcInvoker.call(ProtobufRpcEngine2.java:552) [hadoop-common-3.3.1.jar:?]
	at org.apache.hadoop.ipc.RPC$Server.call(RPC.java:1093) [hadoop-common-3.3.1.jar:?]
	at org.apache.hadoop.ipc.Server$RpcCall.run(Server.java:1035) [hadoop-common-3.3.1.jar:?]
	at org.apache.hadoop.ipc.Server$RpcCall.run(Server.java:963) [hadoop-common-3.3.1.jar:?]
	at java.security.AccessController.doPrivileged(Native Method) ~[?:1.8.0_322]
	at javax.security.auth.Subject.doAs(Subject.java:422) [?:1.8.0_322]
	at org.apache.hadoop.security.UserGroupInformation.doAs(UserGroupInformation.java:1878) [hadoop-common-3.3.1.jar:?]
	at org.apache.hadoop.ipc.Server$Handler.run(Server.java:2966) [hadoop-common-3.3.1.jar:?]
]]></system-out>
  </testcase>
  <testcase name="testRenameWithNonExistentSource" classname="TestOzoneFileSystem" time="0.027">
    <system-out><![CDATA[2022-04-26 01:52:53,571 [Time-limited test] INFO  ozone.TestOzoneFileSystem (TestOzoneFileSystem.java:testRenameWithNonExistentSource(853)) - Created destin dir: o3fs://bucket30700.volume68825/root/dir2
2022-04-26 01:52:53,571 [Time-limited test] INFO  ozone.TestOzoneFileSystem (TestOzoneFileSystem.java:testRenameWithNonExistentSource(855)) - Rename op-> source:o3fs://bucket30700.volume68825/root/dir1 to destin:o3fs://bucket30700.volume68825/root/dir2}
01:52:53.580 [IPC Server handler 17 on default port 46323] ERROR OMAudit - user=runner | ip=127.0.0.1 | op=GET_FILE_STATUS {volume=volume68825, bucket=bucket30700, key=root/dir1, dataSize=0, replicationConfig=null} | ret=FAILURE
org.apache.hadoop.ozone.om.exceptions.OMException: Unable to get file status: volume: volume68825 bucket: bucket30700 key: root/dir1
	at org.apache.hadoop.ozone.om.KeyManagerImpl.getOzoneFileStatus(KeyManagerImpl.java:1280) ~[ozone-manager-1.3.0-SNAPSHOT.jar:?]
	at org.apache.hadoop.ozone.om.KeyManagerImpl.getFileStatus(KeyManagerImpl.java:1210) ~[ozone-manager-1.3.0-SNAPSHOT.jar:?]
	at org.apache.hadoop.ozone.om.OzoneManager.getFileStatus(OzoneManager.java:3009) ~[ozone-manager-1.3.0-SNAPSHOT.jar:?]
	at org.apache.hadoop.ozone.protocolPB.OzoneManagerRequestHandler.getOzoneFileStatus(OzoneManagerRequestHandler.java:670) ~[ozone-manager-1.3.0-SNAPSHOT.jar:?]
	at org.apache.hadoop.ozone.protocolPB.OzoneManagerRequestHandler.handleReadRequest(OzoneManagerRequestHandler.java:201) ~[ozone-manager-1.3.0-SNAPSHOT.jar:?]
	at org.apache.hadoop.ozone.protocolPB.OzoneManagerProtocolServerSideTranslatorPB.submitRequestDirectlyToOM(OzoneManagerProtocolServerSideTranslatorPB.java:271) ~[ozone-manager-1.3.0-SNAPSHOT.jar:?]
	at org.apache.hadoop.ozone.protocolPB.OzoneManagerProtocolServerSideTranslatorPB.processRequest(OzoneManagerProtocolServerSideTranslatorPB.java:195) ~[ozone-manager-1.3.0-SNAPSHOT.jar:?]
	at org.apache.hadoop.hdds.server.OzoneProtocolMessageDispatcher.processRequest(OzoneProtocolMessageDispatcher.java:87) [hdds-server-framework-1.3.0-SNAPSHOT.jar:?]
	at org.apache.hadoop.ozone.protocolPB.OzoneManagerProtocolServerSideTranslatorPB.submitRequest(OzoneManagerProtocolServerSideTranslatorPB.java:146) [ozone-manager-1.3.0-SNAPSHOT.jar:?]
	at org.apache.hadoop.ozone.protocol.proto.OzoneManagerProtocolProtos$OzoneManagerService$2.callBlockingMethod(OzoneManagerProtocolProtos.java) [ozone-interface-client-1.3.0-SNAPSHOT.jar:?]
	at org.apache.hadoop.ipc.ProtobufRpcEngine$Server.processCall(ProtobufRpcEngine.java:466) [hadoop-common-3.3.1.jar:?]
	at org.apache.hadoop.ipc.ProtobufRpcEngine2$Server$ProtoBufRpcInvoker.call(ProtobufRpcEngine2.java:574) [hadoop-common-3.3.1.jar:?]
	at org.apache.hadoop.ipc.ProtobufRpcEngine2$Server$ProtoBufRpcInvoker.call(ProtobufRpcEngine2.java:552) [hadoop-common-3.3.1.jar:?]
	at org.apache.hadoop.ipc.RPC$Server.call(RPC.java:1093) [hadoop-common-3.3.1.jar:?]
	at org.apache.hadoop.ipc.Server$RpcCall.run(Server.java:1035) [hadoop-common-3.3.1.jar:?]
	at org.apache.hadoop.ipc.Server$RpcCall.run(Server.java:963) [hadoop-common-3.3.1.jar:?]
	at java.security.AccessController.doPrivileged(Native Method) ~[?:1.8.0_322]
	at javax.security.auth.Subject.doAs(Subject.java:422) [?:1.8.0_322]
	at org.apache.hadoop.security.UserGroupInformation.doAs(UserGroupInformation.java:1878) [hadoop-common-3.3.1.jar:?]
	at org.apache.hadoop.ipc.Server$Handler.run(Server.java:2966) [hadoop-common-3.3.1.jar:?]
]]></system-out>
  </testcase>
  <testcase name="testRenameWithNonExistentSource" classname="TestOzoneFileSystem" time="0.042">
    <system-out><![CDATA[2022-04-26 01:53:58,877 [Time-limited test] INFO  ozone.TestOzoneFileSystem (TestOzoneFileSystem.java:testRenameWithNonExistentSource(853)) - Created destin dir: o3fs://bucket48480.volume85710/root/dir2
2022-04-26 01:53:58,877 [Time-limited test] INFO  ozone.TestOzoneFileSystem (TestOzoneFileSystem.java:testRenameWithNonExistentSource(855)) - Rename op-> source:o3fs://bucket48480.volume85710/root/dir1 to destin:o3fs://bucket48480.volume85710/root/dir2}
01:53:58.880 [IPC Server handler 1 on default port 40803] ERROR OMAudit - user=runner | ip=127.0.0.1 | op=GET_FILE_STATUS {volume=volume85710, bucket=bucket48480, key=root/dir1, dataSize=0, replicationConfig=null} | ret=FAILURE
org.apache.hadoop.ozone.om.exceptions.OMException: Unable to get file status: volume: volume85710 bucket: bucket48480 key: root/dir1
	at org.apache.hadoop.ozone.om.KeyManagerImpl.getOzoneFileStatus(KeyManagerImpl.java:1280) ~[ozone-manager-1.3.0-SNAPSHOT.jar:?]
	at org.apache.hadoop.ozone.om.KeyManagerImpl.getFileStatus(KeyManagerImpl.java:1210) ~[ozone-manager-1.3.0-SNAPSHOT.jar:?]
	at org.apache.hadoop.ozone.om.OzoneManager.getFileStatus(OzoneManager.java:3009) ~[ozone-manager-1.3.0-SNAPSHOT.jar:?]
	at org.apache.hadoop.ozone.protocolPB.OzoneManagerRequestHandler.getOzoneFileStatus(OzoneManagerRequestHandler.java:670) ~[ozone-manager-1.3.0-SNAPSHOT.jar:?]
	at org.apache.hadoop.ozone.protocolPB.OzoneManagerRequestHandler.handleReadRequest(OzoneManagerRequestHandler.java:201) ~[ozone-manager-1.3.0-SNAPSHOT.jar:?]
	at org.apache.hadoop.ozone.protocolPB.OzoneManagerProtocolServerSideTranslatorPB.submitReadRequestToOM(OzoneManagerProtocolServerSideTranslatorPB.java:213) ~[ozone-manager-1.3.0-SNAPSHOT.jar:?]
	at org.apache.hadoop.ozone.protocolPB.OzoneManagerProtocolServerSideTranslatorPB.processRequest(OzoneManagerProtocolServerSideTranslatorPB.java:174) ~[ozone-manager-1.3.0-SNAPSHOT.jar:?]
	at org.apache.hadoop.hdds.server.OzoneProtocolMessageDispatcher.processRequest(OzoneProtocolMessageDispatcher.java:87) [hdds-server-framework-1.3.0-SNAPSHOT.jar:?]
	at org.apache.hadoop.ozone.protocolPB.OzoneManagerProtocolServerSideTranslatorPB.submitRequest(OzoneManagerProtocolServerSideTranslatorPB.java:146) [ozone-manager-1.3.0-SNAPSHOT.jar:?]
	at org.apache.hadoop.ozone.protocol.proto.OzoneManagerProtocolProtos$OzoneManagerService$2.callBlockingMethod(OzoneManagerProtocolProtos.java) [ozone-interface-client-1.3.0-SNAPSHOT.jar:?]
	at org.apache.hadoop.ipc.ProtobufRpcEngine$Server.processCall(ProtobufRpcEngine.java:466) [hadoop-common-3.3.1.jar:?]
	at org.apache.hadoop.ipc.ProtobufRpcEngine2$Server$ProtoBufRpcInvoker.call(ProtobufRpcEngine2.java:574) [hadoop-common-3.3.1.jar:?]
	at org.apache.hadoop.ipc.ProtobufRpcEngine2$Server$ProtoBufRpcInvoker.call(ProtobufRpcEngine2.java:552) [hadoop-common-3.3.1.jar:?]
	at org.apache.hadoop.ipc.RPC$Server.call(RPC.java:1093) [hadoop-common-3.3.1.jar:?]
	at org.apache.hadoop.ipc.Server$RpcCall.run(Server.java:1035) [hadoop-common-3.3.1.jar:?]
	at org.apache.hadoop.ipc.Server$RpcCall.run(Server.java:963) [hadoop-common-3.3.1.jar:?]
	at java.security.AccessController.doPrivileged(Native Method) ~[?:1.8.0_322]
	at javax.security.auth.Subject.doAs(Subject.java:422) [?:1.8.0_322]
	at org.apache.hadoop.security.UserGroupInformation.doAs(UserGroupInformation.java:1878) [hadoop-common-3.3.1.jar:?]
	at org.apache.hadoop.ipc.Server$Handler.run(Server.java:2966) [hadoop-common-3.3.1.jar:?]
]]></system-out>
  </testcase>
  <testcase name="testRenameWithNonExistentSource" classname="TestOzoneFileSystem" time="0.057">
    <system-out><![CDATA[2022-04-26 01:55:09,594 [Time-limited test] INFO  ozone.TestOzoneFileSystem (TestOzoneFileSystem.java:testRenameWithNonExistentSource(853)) - Created destin dir: o3fs://bucket58947.volume11484/root/dir2
2022-04-26 01:55:09,594 [Time-limited test] INFO  ozone.TestOzoneFileSystem (TestOzoneFileSystem.java:testRenameWithNonExistentSource(855)) - Rename op-> source:o3fs://bucket58947.volume11484/root/dir1 to destin:o3fs://bucket58947.volume11484/root/dir2}
01:55:09.594 [IPC Server handler 7 on default port 35711] ERROR OMAudit - user=runner | ip=127.0.0.1 | op=GET_FILE_STATUS {volume=volume11484, bucket=bucket58947, key=root/dir1, dataSize=0, replicationConfig=null} | ret=FAILURE
org.apache.hadoop.ozone.om.exceptions.OMException: Unable to get file status: volume: volume11484 bucket: bucket58947 key: root/dir1
	at org.apache.hadoop.ozone.om.KeyManagerImpl.getOzoneFileStatus(KeyManagerImpl.java:1280) ~[ozone-manager-1.3.0-SNAPSHOT.jar:?]
	at org.apache.hadoop.ozone.om.KeyManagerImpl.getFileStatus(KeyManagerImpl.java:1210) ~[ozone-manager-1.3.0-SNAPSHOT.jar:?]
	at org.apache.hadoop.ozone.om.OzoneManager.getFileStatus(OzoneManager.java:3009) ~[ozone-manager-1.3.0-SNAPSHOT.jar:?]
	at org.apache.hadoop.ozone.protocolPB.OzoneManagerRequestHandler.getOzoneFileStatus(OzoneManagerRequestHandler.java:670) ~[ozone-manager-1.3.0-SNAPSHOT.jar:?]
	at org.apache.hadoop.ozone.protocolPB.OzoneManagerRequestHandler.handleReadRequest(OzoneManagerRequestHandler.java:201) ~[ozone-manager-1.3.0-SNAPSHOT.jar:?]
	at org.apache.hadoop.ozone.protocolPB.OzoneManagerProtocolServerSideTranslatorPB.submitRequestDirectlyToOM(OzoneManagerProtocolServerSideTranslatorPB.java:271) ~[ozone-manager-1.3.0-SNAPSHOT.jar:?]
	at org.apache.hadoop.ozone.protocolPB.OzoneManagerProtocolServerSideTranslatorPB.processRequest(OzoneManagerProtocolServerSideTranslatorPB.java:195) ~[ozone-manager-1.3.0-SNAPSHOT.jar:?]
	at org.apache.hadoop.hdds.server.OzoneProtocolMessageDispatcher.processRequest(OzoneProtocolMessageDispatcher.java:87) [hdds-server-framework-1.3.0-SNAPSHOT.jar:?]
	at org.apache.hadoop.ozone.protocolPB.OzoneManagerProtocolServerSideTranslatorPB.submitRequest(OzoneManagerProtocolServerSideTranslatorPB.java:146) [ozone-manager-1.3.0-SNAPSHOT.jar:?]
	at org.apache.hadoop.ozone.protocol.proto.OzoneManagerProtocolProtos$OzoneManagerService$2.callBlockingMethod(OzoneManagerProtocolProtos.java) [ozone-interface-client-1.3.0-SNAPSHOT.jar:?]
	at org.apache.hadoop.ipc.ProtobufRpcEngine$Server.processCall(ProtobufRpcEngine.java:466) [hadoop-common-3.3.1.jar:?]
	at org.apache.hadoop.ipc.ProtobufRpcEngine2$Server$ProtoBufRpcInvoker.call(ProtobufRpcEngine2.java:574) [hadoop-common-3.3.1.jar:?]
	at org.apache.hadoop.ipc.ProtobufRpcEngine2$Server$ProtoBufRpcInvoker.call(ProtobufRpcEngine2.java:552) [hadoop-common-3.3.1.jar:?]
	at org.apache.hadoop.ipc.RPC$Server.call(RPC.java:1093) [hadoop-common-3.3.1.jar:?]
	at org.apache.hadoop.ipc.Server$RpcCall.run(Server.java:1035) [hadoop-common-3.3.1.jar:?]
	at org.apache.hadoop.ipc.Server$RpcCall.run(Server.java:963) [hadoop-common-3.3.1.jar:?]
	at java.security.AccessController.doPrivileged(Native Method) ~[?:1.8.0_322]
	at javax.security.auth.Subject.doAs(Subject.java:422) [?:1.8.0_322]
	at org.apache.hadoop.security.UserGroupInformation.doAs(UserGroupInformation.java:1878) [hadoop-common-3.3.1.jar:?]
	at org.apache.hadoop.ipc.Server$Handler.run(Server.java:2966) [hadoop-common-3.3.1.jar:?]
]]></system-out>
  </testcase>
  <testcase name="testRenameToParentDir" classname="TestOzoneFileSystem" time="0.057">
    <system-out><![CDATA[01:51:54.588 [IPC Server handler 14 on default port 44011] ERROR OMAudit - user=runner | ip=127.0.0.1 | op=LIST_STATUS {volume=volume70938, bucket=bucket97532, key=root_dir/dir2, dataSize=0, replicationConfig=null} | ret=FAILURE
org.apache.hadoop.ozone.om.exceptions.OMException: Unable to get file status: volume: volume70938 bucket: bucket97532 key: root_dir/dir2
	at org.apache.hadoop.ozone.om.KeyManagerImpl.getOzoneFileStatus(KeyManagerImpl.java:1280) ~[ozone-manager-1.3.0-SNAPSHOT.jar:?]
	at org.apache.hadoop.ozone.om.KeyManagerImpl.getFileStatus(KeyManagerImpl.java:1210) ~[ozone-manager-1.3.0-SNAPSHOT.jar:?]
	at org.apache.hadoop.ozone.om.KeyManagerImpl.listStatus(KeyManagerImpl.java:1513) ~[ozone-manager-1.3.0-SNAPSHOT.jar:?]
	at org.apache.hadoop.ozone.om.OzoneManager.listStatus(OzoneManager.java:3080) ~[ozone-manager-1.3.0-SNAPSHOT.jar:?]
	at org.apache.hadoop.ozone.protocolPB.OzoneManagerRequestHandler.listStatus(OzoneManagerRequestHandler.java:760) ~[ozone-manager-1.3.0-SNAPSHOT.jar:?]
	at org.apache.hadoop.ozone.protocolPB.OzoneManagerRequestHandler.handleReadRequest(OzoneManagerRequestHandler.java:212) ~[ozone-manager-1.3.0-SNAPSHOT.jar:?]
	at org.apache.hadoop.ozone.protocolPB.OzoneManagerProtocolServerSideTranslatorPB.submitReadRequestToOM(OzoneManagerProtocolServerSideTranslatorPB.java:213) ~[ozone-manager-1.3.0-SNAPSHOT.jar:?]
	at org.apache.hadoop.ozone.protocolPB.OzoneManagerProtocolServerSideTranslatorPB.processRequest(OzoneManagerProtocolServerSideTranslatorPB.java:174) ~[ozone-manager-1.3.0-SNAPSHOT.jar:?]
	at org.apache.hadoop.hdds.server.OzoneProtocolMessageDispatcher.processRequest(OzoneProtocolMessageDispatcher.java:87) [hdds-server-framework-1.3.0-SNAPSHOT.jar:?]
	at org.apache.hadoop.ozone.protocolPB.OzoneManagerProtocolServerSideTranslatorPB.submitRequest(OzoneManagerProtocolServerSideTranslatorPB.java:146) [ozone-manager-1.3.0-SNAPSHOT.jar:?]
	at org.apache.hadoop.ozone.protocol.proto.OzoneManagerProtocolProtos$OzoneManagerService$2.callBlockingMethod(OzoneManagerProtocolProtos.java) [ozone-interface-client-1.3.0-SNAPSHOT.jar:?]
	at org.apache.hadoop.ipc.ProtobufRpcEngine$Server.processCall(ProtobufRpcEngine.java:466) [hadoop-common-3.3.1.jar:?]
	at org.apache.hadoop.ipc.ProtobufRpcEngine2$Server$ProtoBufRpcInvoker.call(ProtobufRpcEngine2.java:574) [hadoop-common-3.3.1.jar:?]
	at org.apache.hadoop.ipc.ProtobufRpcEngine2$Server$ProtoBufRpcInvoker.call(ProtobufRpcEngine2.java:552) [hadoop-common-3.3.1.jar:?]
	at org.apache.hadoop.ipc.RPC$Server.call(RPC.java:1093) [hadoop-common-3.3.1.jar:?]
	at org.apache.hadoop.ipc.Server$RpcCall.run(Server.java:1035) [hadoop-common-3.3.1.jar:?]
	at org.apache.hadoop.ipc.Server$RpcCall.run(Server.java:963) [hadoop-common-3.3.1.jar:?]
	at java.security.AccessController.doPrivileged(Native Method) ~[?:1.8.0_322]
	at javax.security.auth.Subject.doAs(Subject.java:422) [?:1.8.0_322]
	at org.apache.hadoop.security.UserGroupInformation.doAs(UserGroupInformation.java:1878) [hadoop-common-3.3.1.jar:?]
	at org.apache.hadoop.ipc.Server$Handler.run(Server.java:2966) [hadoop-common-3.3.1.jar:?]
01:51:54.602 [IPC Server handler 12 on default port 44011] ERROR OMAudit - user=runner | ip=127.0.0.1 | op=LIST_STATUS {volume=volume70938, bucket=bucket97532, key=root_dir/file2, dataSize=0, replicationConfig=null} | ret=FAILURE
org.apache.hadoop.ozone.om.exceptions.OMException: Unable to get file status: volume: volume70938 bucket: bucket97532 key: root_dir/file2
	at org.apache.hadoop.ozone.om.KeyManagerImpl.getOzoneFileStatus(KeyManagerImpl.java:1280) ~[ozone-manager-1.3.0-SNAPSHOT.jar:?]
	at org.apache.hadoop.ozone.om.KeyManagerImpl.getFileStatus(KeyManagerImpl.java:1210) ~[ozone-manager-1.3.0-SNAPSHOT.jar:?]
	at org.apache.hadoop.ozone.om.KeyManagerImpl.listStatus(KeyManagerImpl.java:1513) ~[ozone-manager-1.3.0-SNAPSHOT.jar:?]
	at org.apache.hadoop.ozone.om.OzoneManager.listStatus(OzoneManager.java:3080) ~[ozone-manager-1.3.0-SNAPSHOT.jar:?]
	at org.apache.hadoop.ozone.protocolPB.OzoneManagerRequestHandler.listStatus(OzoneManagerRequestHandler.java:760) ~[ozone-manager-1.3.0-SNAPSHOT.jar:?]
	at org.apache.hadoop.ozone.protocolPB.OzoneManagerRequestHandler.handleReadRequest(OzoneManagerRequestHandler.java:212) ~[ozone-manager-1.3.0-SNAPSHOT.jar:?]
	at org.apache.hadoop.ozone.protocolPB.OzoneManagerProtocolServerSideTranslatorPB.submitReadRequestToOM(OzoneManagerProtocolServerSideTranslatorPB.java:213) ~[ozone-manager-1.3.0-SNAPSHOT.jar:?]
	at org.apache.hadoop.ozone.protocolPB.OzoneManagerProtocolServerSideTranslatorPB.processRequest(OzoneManagerProtocolServerSideTranslatorPB.java:174) ~[ozone-manager-1.3.0-SNAPSHOT.jar:?]
	at org.apache.hadoop.hdds.server.OzoneProtocolMessageDispatcher.processRequest(OzoneProtocolMessageDispatcher.java:87) [hdds-server-framework-1.3.0-SNAPSHOT.jar:?]
	at org.apache.hadoop.ozone.protocolPB.OzoneManagerProtocolServerSideTranslatorPB.submitRequest(OzoneManagerProtocolServerSideTranslatorPB.java:146) [ozone-manager-1.3.0-SNAPSHOT.jar:?]
	at org.apache.hadoop.ozone.protocol.proto.OzoneManagerProtocolProtos$OzoneManagerService$2.callBlockingMethod(OzoneManagerProtocolProtos.java) [ozone-interface-client-1.3.0-SNAPSHOT.jar:?]
	at org.apache.hadoop.ipc.ProtobufRpcEngine$Server.processCall(ProtobufRpcEngine.java:466) [hadoop-common-3.3.1.jar:?]
	at org.apache.hadoop.ipc.ProtobufRpcEngine2$Server$ProtoBufRpcInvoker.call(ProtobufRpcEngine2.java:574) [hadoop-common-3.3.1.jar:?]
	at org.apache.hadoop.ipc.ProtobufRpcEngine2$Server$ProtoBufRpcInvoker.call(ProtobufRpcEngine2.java:552) [hadoop-common-3.3.1.jar:?]
	at org.apache.hadoop.ipc.RPC$Server.call(RPC.java:1093) [hadoop-common-3.3.1.jar:?]
	at org.apache.hadoop.ipc.Server$RpcCall.run(Server.java:1035) [hadoop-common-3.3.1.jar:?]
	at org.apache.hadoop.ipc.Server$RpcCall.run(Server.java:963) [hadoop-common-3.3.1.jar:?]
	at java.security.AccessController.doPrivileged(Native Method) ~[?:1.8.0_322]
	at javax.security.auth.Subject.doAs(Subject.java:422) [?:1.8.0_322]
	at org.apache.hadoop.security.UserGroupInformation.doAs(UserGroupInformation.java:1878) [hadoop-common-3.3.1.jar:?]
	at org.apache.hadoop.ipc.Server$Handler.run(Server.java:2966) [hadoop-common-3.3.1.jar:?]
]]></system-out>
  </testcase>
  <testcase name="testRenameToParentDir" classname="TestOzoneFileSystem" time="0.038">
    <system-out><![CDATA[01:52:53.617 [IPC Server handler 6 on default port 46323] ERROR OMAudit - user=runner | ip=127.0.0.1 | op=LIST_STATUS {volume=volume68825, bucket=bucket30700, key=root_dir/dir2, dataSize=0, replicationConfig=null} | ret=FAILURE
org.apache.hadoop.ozone.om.exceptions.OMException: Unable to get file status: volume: volume68825 bucket: bucket30700 key: root_dir/dir2
	at org.apache.hadoop.ozone.om.KeyManagerImpl.getOzoneFileStatus(KeyManagerImpl.java:1280) ~[ozone-manager-1.3.0-SNAPSHOT.jar:?]
	at org.apache.hadoop.ozone.om.KeyManagerImpl.getFileStatus(KeyManagerImpl.java:1210) ~[ozone-manager-1.3.0-SNAPSHOT.jar:?]
	at org.apache.hadoop.ozone.om.KeyManagerImpl.listStatus(KeyManagerImpl.java:1513) ~[ozone-manager-1.3.0-SNAPSHOT.jar:?]
	at org.apache.hadoop.ozone.om.OzoneManager.listStatus(OzoneManager.java:3080) ~[ozone-manager-1.3.0-SNAPSHOT.jar:?]
	at org.apache.hadoop.ozone.protocolPB.OzoneManagerRequestHandler.listStatus(OzoneManagerRequestHandler.java:760) ~[ozone-manager-1.3.0-SNAPSHOT.jar:?]
	at org.apache.hadoop.ozone.protocolPB.OzoneManagerRequestHandler.handleReadRequest(OzoneManagerRequestHandler.java:212) ~[ozone-manager-1.3.0-SNAPSHOT.jar:?]
	at org.apache.hadoop.ozone.protocolPB.OzoneManagerProtocolServerSideTranslatorPB.submitRequestDirectlyToOM(OzoneManagerProtocolServerSideTranslatorPB.java:271) ~[ozone-manager-1.3.0-SNAPSHOT.jar:?]
	at org.apache.hadoop.ozone.protocolPB.OzoneManagerProtocolServerSideTranslatorPB.processRequest(OzoneManagerProtocolServerSideTranslatorPB.java:195) ~[ozone-manager-1.3.0-SNAPSHOT.jar:?]
	at org.apache.hadoop.hdds.server.OzoneProtocolMessageDispatcher.processRequest(OzoneProtocolMessageDispatcher.java:87) [hdds-server-framework-1.3.0-SNAPSHOT.jar:?]
	at org.apache.hadoop.ozone.protocolPB.OzoneManagerProtocolServerSideTranslatorPB.submitRequest(OzoneManagerProtocolServerSideTranslatorPB.java:146) [ozone-manager-1.3.0-SNAPSHOT.jar:?]
	at org.apache.hadoop.ozone.protocol.proto.OzoneManagerProtocolProtos$OzoneManagerService$2.callBlockingMethod(OzoneManagerProtocolProtos.java) [ozone-interface-client-1.3.0-SNAPSHOT.jar:?]
	at org.apache.hadoop.ipc.ProtobufRpcEngine$Server.processCall(ProtobufRpcEngine.java:466) [hadoop-common-3.3.1.jar:?]
	at org.apache.hadoop.ipc.ProtobufRpcEngine2$Server$ProtoBufRpcInvoker.call(ProtobufRpcEngine2.java:574) [hadoop-common-3.3.1.jar:?]
	at org.apache.hadoop.ipc.ProtobufRpcEngine2$Server$ProtoBufRpcInvoker.call(ProtobufRpcEngine2.java:552) [hadoop-common-3.3.1.jar:?]
	at org.apache.hadoop.ipc.RPC$Server.call(RPC.java:1093) [hadoop-common-3.3.1.jar:?]
	at org.apache.hadoop.ipc.Server$RpcCall.run(Server.java:1035) [hadoop-common-3.3.1.jar:?]
	at org.apache.hadoop.ipc.Server$RpcCall.run(Server.java:963) [hadoop-common-3.3.1.jar:?]
	at java.security.AccessController.doPrivileged(Native Method) ~[?:1.8.0_322]
	at javax.security.auth.Subject.doAs(Subject.java:422) [?:1.8.0_322]
	at org.apache.hadoop.security.UserGroupInformation.doAs(UserGroupInformation.java:1878) [hadoop-common-3.3.1.jar:?]
	at org.apache.hadoop.ipc.Server$Handler.run(Server.java:2966) [hadoop-common-3.3.1.jar:?]
01:52:53.623 [IPC Server handler 16 on default port 46323] ERROR OMAudit - user=runner | ip=127.0.0.1 | op=LIST_STATUS {volume=volume68825, bucket=bucket30700, key=root_dir/file2, dataSize=0, replicationConfig=null} | ret=FAILURE
org.apache.hadoop.ozone.om.exceptions.OMException: Unable to get file status: volume: volume68825 bucket: bucket30700 key: root_dir/file2
	at org.apache.hadoop.ozone.om.KeyManagerImpl.getOzoneFileStatus(KeyManagerImpl.java:1280) ~[ozone-manager-1.3.0-SNAPSHOT.jar:?]
	at org.apache.hadoop.ozone.om.KeyManagerImpl.getFileStatus(KeyManagerImpl.java:1210) ~[ozone-manager-1.3.0-SNAPSHOT.jar:?]
	at org.apache.hadoop.ozone.om.KeyManagerImpl.listStatus(KeyManagerImpl.java:1513) ~[ozone-manager-1.3.0-SNAPSHOT.jar:?]
	at org.apache.hadoop.ozone.om.OzoneManager.listStatus(OzoneManager.java:3080) ~[ozone-manager-1.3.0-SNAPSHOT.jar:?]
	at org.apache.hadoop.ozone.protocolPB.OzoneManagerRequestHandler.listStatus(OzoneManagerRequestHandler.java:760) ~[ozone-manager-1.3.0-SNAPSHOT.jar:?]
	at org.apache.hadoop.ozone.protocolPB.OzoneManagerRequestHandler.handleReadRequest(OzoneManagerRequestHandler.java:212) ~[ozone-manager-1.3.0-SNAPSHOT.jar:?]
	at org.apache.hadoop.ozone.protocolPB.OzoneManagerProtocolServerSideTranslatorPB.submitRequestDirectlyToOM(OzoneManagerProtocolServerSideTranslatorPB.java:271) ~[ozone-manager-1.3.0-SNAPSHOT.jar:?]
	at org.apache.hadoop.ozone.protocolPB.OzoneManagerProtocolServerSideTranslatorPB.processRequest(OzoneManagerProtocolServerSideTranslatorPB.java:195) ~[ozone-manager-1.3.0-SNAPSHOT.jar:?]
	at org.apache.hadoop.hdds.server.OzoneProtocolMessageDispatcher.processRequest(OzoneProtocolMessageDispatcher.java:87) [hdds-server-framework-1.3.0-SNAPSHOT.jar:?]
	at org.apache.hadoop.ozone.protocolPB.OzoneManagerProtocolServerSideTranslatorPB.submitRequest(OzoneManagerProtocolServerSideTranslatorPB.java:146) [ozone-manager-1.3.0-SNAPSHOT.jar:?]
	at org.apache.hadoop.ozone.protocol.proto.OzoneManagerProtocolProtos$OzoneManagerService$2.callBlockingMethod(OzoneManagerProtocolProtos.java) [ozone-interface-client-1.3.0-SNAPSHOT.jar:?]
	at org.apache.hadoop.ipc.ProtobufRpcEngine$Server.processCall(ProtobufRpcEngine.java:466) [hadoop-common-3.3.1.jar:?]
	at org.apache.hadoop.ipc.ProtobufRpcEngine2$Server$ProtoBufRpcInvoker.call(ProtobufRpcEngine2.java:574) [hadoop-common-3.3.1.jar:?]
	at org.apache.hadoop.ipc.ProtobufRpcEngine2$Server$ProtoBufRpcInvoker.call(ProtobufRpcEngine2.java:552) [hadoop-common-3.3.1.jar:?]
	at org.apache.hadoop.ipc.RPC$Server.call(RPC.java:1093) [hadoop-common-3.3.1.jar:?]
	at org.apache.hadoop.ipc.Server$RpcCall.run(Server.java:1035) [hadoop-common-3.3.1.jar:?]
	at org.apache.hadoop.ipc.Server$RpcCall.run(Server.java:963) [hadoop-common-3.3.1.jar:?]
	at java.security.AccessController.doPrivileged(Native Method) ~[?:1.8.0_322]
	at javax.security.auth.Subject.doAs(Subject.java:422) [?:1.8.0_322]
	at org.apache.hadoop.security.UserGroupInformation.doAs(UserGroupInformation.java:1878) [hadoop-common-3.3.1.jar:?]
	at org.apache.hadoop.ipc.Server$Handler.run(Server.java:2966) [hadoop-common-3.3.1.jar:?]
]]></system-out>
  </testcase>
  <testcase name="testRenameToParentDir" classname="TestOzoneFileSystem" time="0.056">
    <system-out><![CDATA[01:53:58.918 [IPC Server handler 9 on default port 40803] ERROR OMAudit - user=runner | ip=127.0.0.1 | op=LIST_STATUS {volume=volume85710, bucket=bucket48480, key=root_dir/dir2, dataSize=0, replicationConfig=null} | ret=FAILURE
org.apache.hadoop.ozone.om.exceptions.OMException: Unable to get file status: volume: volume85710 bucket: bucket48480 key: root_dir/dir2
	at org.apache.hadoop.ozone.om.KeyManagerImpl.getOzoneFileStatus(KeyManagerImpl.java:1280) ~[ozone-manager-1.3.0-SNAPSHOT.jar:?]
	at org.apache.hadoop.ozone.om.KeyManagerImpl.getFileStatus(KeyManagerImpl.java:1210) ~[ozone-manager-1.3.0-SNAPSHOT.jar:?]
	at org.apache.hadoop.ozone.om.KeyManagerImpl.listStatus(KeyManagerImpl.java:1513) ~[ozone-manager-1.3.0-SNAPSHOT.jar:?]
	at org.apache.hadoop.ozone.om.OzoneManager.listStatus(OzoneManager.java:3080) ~[ozone-manager-1.3.0-SNAPSHOT.jar:?]
	at org.apache.hadoop.ozone.protocolPB.OzoneManagerRequestHandler.listStatus(OzoneManagerRequestHandler.java:760) ~[ozone-manager-1.3.0-SNAPSHOT.jar:?]
	at org.apache.hadoop.ozone.protocolPB.OzoneManagerRequestHandler.handleReadRequest(OzoneManagerRequestHandler.java:212) ~[ozone-manager-1.3.0-SNAPSHOT.jar:?]
	at org.apache.hadoop.ozone.protocolPB.OzoneManagerProtocolServerSideTranslatorPB.submitReadRequestToOM(OzoneManagerProtocolServerSideTranslatorPB.java:213) ~[ozone-manager-1.3.0-SNAPSHOT.jar:?]
	at org.apache.hadoop.ozone.protocolPB.OzoneManagerProtocolServerSideTranslatorPB.processRequest(OzoneManagerProtocolServerSideTranslatorPB.java:174) ~[ozone-manager-1.3.0-SNAPSHOT.jar:?]
	at org.apache.hadoop.hdds.server.OzoneProtocolMessageDispatcher.processRequest(OzoneProtocolMessageDispatcher.java:87) [hdds-server-framework-1.3.0-SNAPSHOT.jar:?]
	at org.apache.hadoop.ozone.protocolPB.OzoneManagerProtocolServerSideTranslatorPB.submitRequest(OzoneManagerProtocolServerSideTranslatorPB.java:146) [ozone-manager-1.3.0-SNAPSHOT.jar:?]
	at org.apache.hadoop.ozone.protocol.proto.OzoneManagerProtocolProtos$OzoneManagerService$2.callBlockingMethod(OzoneManagerProtocolProtos.java) [ozone-interface-client-1.3.0-SNAPSHOT.jar:?]
	at org.apache.hadoop.ipc.ProtobufRpcEngine$Server.processCall(ProtobufRpcEngine.java:466) [hadoop-common-3.3.1.jar:?]
	at org.apache.hadoop.ipc.ProtobufRpcEngine2$Server$ProtoBufRpcInvoker.call(ProtobufRpcEngine2.java:574) [hadoop-common-3.3.1.jar:?]
	at org.apache.hadoop.ipc.ProtobufRpcEngine2$Server$ProtoBufRpcInvoker.call(ProtobufRpcEngine2.java:552) [hadoop-common-3.3.1.jar:?]
	at org.apache.hadoop.ipc.RPC$Server.call(RPC.java:1093) [hadoop-common-3.3.1.jar:?]
	at org.apache.hadoop.ipc.Server$RpcCall.run(Server.java:1035) [hadoop-common-3.3.1.jar:?]
	at org.apache.hadoop.ipc.Server$RpcCall.run(Server.java:963) [hadoop-common-3.3.1.jar:?]
	at java.security.AccessController.doPrivileged(Native Method) ~[?:1.8.0_322]
	at javax.security.auth.Subject.doAs(Subject.java:422) [?:1.8.0_322]
	at org.apache.hadoop.security.UserGroupInformation.doAs(UserGroupInformation.java:1878) [hadoop-common-3.3.1.jar:?]
	at org.apache.hadoop.ipc.Server$Handler.run(Server.java:2966) [hadoop-common-3.3.1.jar:?]
01:53:58.934 [IPC Server handler 0 on default port 40803] ERROR OMAudit - user=runner | ip=127.0.0.1 | op=LIST_STATUS {volume=volume85710, bucket=bucket48480, key=root_dir/file2, dataSize=0, replicationConfig=null} | ret=FAILURE
org.apache.hadoop.ozone.om.exceptions.OMException: Unable to get file status: volume: volume85710 bucket: bucket48480 key: root_dir/file2
	at org.apache.hadoop.ozone.om.KeyManagerImpl.getOzoneFileStatus(KeyManagerImpl.java:1280) ~[ozone-manager-1.3.0-SNAPSHOT.jar:?]
	at org.apache.hadoop.ozone.om.KeyManagerImpl.getFileStatus(KeyManagerImpl.java:1210) ~[ozone-manager-1.3.0-SNAPSHOT.jar:?]
	at org.apache.hadoop.ozone.om.KeyManagerImpl.listStatus(KeyManagerImpl.java:1513) ~[ozone-manager-1.3.0-SNAPSHOT.jar:?]
	at org.apache.hadoop.ozone.om.OzoneManager.listStatus(OzoneManager.java:3080) ~[ozone-manager-1.3.0-SNAPSHOT.jar:?]
	at org.apache.hadoop.ozone.protocolPB.OzoneManagerRequestHandler.listStatus(OzoneManagerRequestHandler.java:760) ~[ozone-manager-1.3.0-SNAPSHOT.jar:?]
	at org.apache.hadoop.ozone.protocolPB.OzoneManagerRequestHandler.handleReadRequest(OzoneManagerRequestHandler.java:212) ~[ozone-manager-1.3.0-SNAPSHOT.jar:?]
	at org.apache.hadoop.ozone.protocolPB.OzoneManagerProtocolServerSideTranslatorPB.submitReadRequestToOM(OzoneManagerProtocolServerSideTranslatorPB.java:213) ~[ozone-manager-1.3.0-SNAPSHOT.jar:?]
	at org.apache.hadoop.ozone.protocolPB.OzoneManagerProtocolServerSideTranslatorPB.processRequest(OzoneManagerProtocolServerSideTranslatorPB.java:174) ~[ozone-manager-1.3.0-SNAPSHOT.jar:?]
	at org.apache.hadoop.hdds.server.OzoneProtocolMessageDispatcher.processRequest(OzoneProtocolMessageDispatcher.java:87) [hdds-server-framework-1.3.0-SNAPSHOT.jar:?]
	at org.apache.hadoop.ozone.protocolPB.OzoneManagerProtocolServerSideTranslatorPB.submitRequest(OzoneManagerProtocolServerSideTranslatorPB.java:146) [ozone-manager-1.3.0-SNAPSHOT.jar:?]
	at org.apache.hadoop.ozone.protocol.proto.OzoneManagerProtocolProtos$OzoneManagerService$2.callBlockingMethod(OzoneManagerProtocolProtos.java) [ozone-interface-client-1.3.0-SNAPSHOT.jar:?]
	at org.apache.hadoop.ipc.ProtobufRpcEngine$Server.processCall(ProtobufRpcEngine.java:466) [hadoop-common-3.3.1.jar:?]
	at org.apache.hadoop.ipc.ProtobufRpcEngine2$Server$ProtoBufRpcInvoker.call(ProtobufRpcEngine2.java:574) [hadoop-common-3.3.1.jar:?]
	at org.apache.hadoop.ipc.ProtobufRpcEngine2$Server$ProtoBufRpcInvoker.call(ProtobufRpcEngine2.java:552) [hadoop-common-3.3.1.jar:?]
	at org.apache.hadoop.ipc.RPC$Server.call(RPC.java:1093) [hadoop-common-3.3.1.jar:?]
	at org.apache.hadoop.ipc.Server$RpcCall.run(Server.java:1035) [hadoop-common-3.3.1.jar:?]
	at org.apache.hadoop.ipc.Server$RpcCall.run(Server.java:963) [hadoop-common-3.3.1.jar:?]
	at java.security.AccessController.doPrivileged(Native Method) ~[?:1.8.0_322]
	at javax.security.auth.Subject.doAs(Subject.java:422) [?:1.8.0_322]
	at org.apache.hadoop.security.UserGroupInformation.doAs(UserGroupInformation.java:1878) [hadoop-common-3.3.1.jar:?]
	at org.apache.hadoop.ipc.Server$Handler.run(Server.java:2966) [hadoop-common-3.3.1.jar:?]
]]></system-out>
  </testcase>
  <testcase name="testRenameToParentDir" classname="TestOzoneFileSystem" time="0.095">
    <system-out><![CDATA[01:55:09.657 [IPC Server handler 13 on default port 35711] ERROR OMAudit - user=runner | ip=127.0.0.1 | op=LIST_STATUS {volume=volume11484, bucket=bucket58947, key=root_dir/dir2, dataSize=0, replicationConfig=null} | ret=FAILURE
org.apache.hadoop.ozone.om.exceptions.OMException: Unable to get file status: volume: volume11484 bucket: bucket58947 key: root_dir/dir2
	at org.apache.hadoop.ozone.om.KeyManagerImpl.getOzoneFileStatus(KeyManagerImpl.java:1280) ~[ozone-manager-1.3.0-SNAPSHOT.jar:?]
	at org.apache.hadoop.ozone.om.KeyManagerImpl.getFileStatus(KeyManagerImpl.java:1210) ~[ozone-manager-1.3.0-SNAPSHOT.jar:?]
	at org.apache.hadoop.ozone.om.KeyManagerImpl.listStatus(KeyManagerImpl.java:1513) ~[ozone-manager-1.3.0-SNAPSHOT.jar:?]
	at org.apache.hadoop.ozone.om.OzoneManager.listStatus(OzoneManager.java:3080) ~[ozone-manager-1.3.0-SNAPSHOT.jar:?]
	at org.apache.hadoop.ozone.protocolPB.OzoneManagerRequestHandler.listStatus(OzoneManagerRequestHandler.java:760) ~[ozone-manager-1.3.0-SNAPSHOT.jar:?]
	at org.apache.hadoop.ozone.protocolPB.OzoneManagerRequestHandler.handleReadRequest(OzoneManagerRequestHandler.java:212) ~[ozone-manager-1.3.0-SNAPSHOT.jar:?]
	at org.apache.hadoop.ozone.protocolPB.OzoneManagerProtocolServerSideTranslatorPB.submitRequestDirectlyToOM(OzoneManagerProtocolServerSideTranslatorPB.java:271) ~[ozone-manager-1.3.0-SNAPSHOT.jar:?]
	at org.apache.hadoop.ozone.protocolPB.OzoneManagerProtocolServerSideTranslatorPB.processRequest(OzoneManagerProtocolServerSideTranslatorPB.java:195) ~[ozone-manager-1.3.0-SNAPSHOT.jar:?]
	at org.apache.hadoop.hdds.server.OzoneProtocolMessageDispatcher.processRequest(OzoneProtocolMessageDispatcher.java:87) [hdds-server-framework-1.3.0-SNAPSHOT.jar:?]
	at org.apache.hadoop.ozone.protocolPB.OzoneManagerProtocolServerSideTranslatorPB.submitRequest(OzoneManagerProtocolServerSideTranslatorPB.java:146) [ozone-manager-1.3.0-SNAPSHOT.jar:?]
	at org.apache.hadoop.ozone.protocol.proto.OzoneManagerProtocolProtos$OzoneManagerService$2.callBlockingMethod(OzoneManagerProtocolProtos.java) [ozone-interface-client-1.3.0-SNAPSHOT.jar:?]
	at org.apache.hadoop.ipc.ProtobufRpcEngine$Server.processCall(ProtobufRpcEngine.java:466) [hadoop-common-3.3.1.jar:?]
	at org.apache.hadoop.ipc.ProtobufRpcEngine2$Server$ProtoBufRpcInvoker.call(ProtobufRpcEngine2.java:574) [hadoop-common-3.3.1.jar:?]
	at org.apache.hadoop.ipc.ProtobufRpcEngine2$Server$ProtoBufRpcInvoker.call(ProtobufRpcEngine2.java:552) [hadoop-common-3.3.1.jar:?]
	at org.apache.hadoop.ipc.RPC$Server.call(RPC.java:1093) [hadoop-common-3.3.1.jar:?]
	at org.apache.hadoop.ipc.Server$RpcCall.run(Server.java:1035) [hadoop-common-3.3.1.jar:?]
	at org.apache.hadoop.ipc.Server$RpcCall.run(Server.java:963) [hadoop-common-3.3.1.jar:?]
	at java.security.AccessController.doPrivileged(Native Method) ~[?:1.8.0_322]
	at javax.security.auth.Subject.doAs(Subject.java:422) [?:1.8.0_322]
	at org.apache.hadoop.security.UserGroupInformation.doAs(UserGroupInformation.java:1878) [hadoop-common-3.3.1.jar:?]
	at org.apache.hadoop.ipc.Server$Handler.run(Server.java:2966) [hadoop-common-3.3.1.jar:?]
01:55:09.685 [IPC Server handler 2 on default port 35711] ERROR OMAudit - user=runner | ip=127.0.0.1 | op=LIST_STATUS {volume=volume11484, bucket=bucket58947, key=root_dir/file2, dataSize=0, replicationConfig=null} | ret=FAILURE
org.apache.hadoop.ozone.om.exceptions.OMException: Unable to get file status: volume: volume11484 bucket: bucket58947 key: root_dir/file2
	at org.apache.hadoop.ozone.om.KeyManagerImpl.getOzoneFileStatus(KeyManagerImpl.java:1280) ~[ozone-manager-1.3.0-SNAPSHOT.jar:?]
	at org.apache.hadoop.ozone.om.KeyManagerImpl.getFileStatus(KeyManagerImpl.java:1210) ~[ozone-manager-1.3.0-SNAPSHOT.jar:?]
	at org.apache.hadoop.ozone.om.KeyManagerImpl.listStatus(KeyManagerImpl.java:1513) ~[ozone-manager-1.3.0-SNAPSHOT.jar:?]
	at org.apache.hadoop.ozone.om.OzoneManager.listStatus(OzoneManager.java:3080) ~[ozone-manager-1.3.0-SNAPSHOT.jar:?]
	at org.apache.hadoop.ozone.protocolPB.OzoneManagerRequestHandler.listStatus(OzoneManagerRequestHandler.java:760) ~[ozone-manager-1.3.0-SNAPSHOT.jar:?]
	at org.apache.hadoop.ozone.protocolPB.OzoneManagerRequestHandler.handleReadRequest(OzoneManagerRequestHandler.java:212) ~[ozone-manager-1.3.0-SNAPSHOT.jar:?]
	at org.apache.hadoop.ozone.protocolPB.OzoneManagerProtocolServerSideTranslatorPB.submitRequestDirectlyToOM(OzoneManagerProtocolServerSideTranslatorPB.java:271) ~[ozone-manager-1.3.0-SNAPSHOT.jar:?]
	at org.apache.hadoop.ozone.protocolPB.OzoneManagerProtocolServerSideTranslatorPB.processRequest(OzoneManagerProtocolServerSideTranslatorPB.java:195) ~[ozone-manager-1.3.0-SNAPSHOT.jar:?]
	at org.apache.hadoop.hdds.server.OzoneProtocolMessageDispatcher.processRequest(OzoneProtocolMessageDispatcher.java:87) [hdds-server-framework-1.3.0-SNAPSHOT.jar:?]
	at org.apache.hadoop.ozone.protocolPB.OzoneManagerProtocolServerSideTranslatorPB.submitRequest(OzoneManagerProtocolServerSideTranslatorPB.java:146) [ozone-manager-1.3.0-SNAPSHOT.jar:?]
	at org.apache.hadoop.ozone.protocol.proto.OzoneManagerProtocolProtos$OzoneManagerService$2.callBlockingMethod(OzoneManagerProtocolProtos.java) [ozone-interface-client-1.3.0-SNAPSHOT.jar:?]
	at org.apache.hadoop.ipc.ProtobufRpcEngine$Server.processCall(ProtobufRpcEngine.java:466) [hadoop-common-3.3.1.jar:?]
	at org.apache.hadoop.ipc.ProtobufRpcEngine2$Server$ProtoBufRpcInvoker.call(ProtobufRpcEngine2.java:574) [hadoop-common-3.3.1.jar:?]
	at org.apache.hadoop.ipc.ProtobufRpcEngine2$Server$ProtoBufRpcInvoker.call(ProtobufRpcEngine2.java:552) [hadoop-common-3.3.1.jar:?]
	at org.apache.hadoop.ipc.RPC$Server.call(RPC.java:1093) [hadoop-common-3.3.1.jar:?]
	at org.apache.hadoop.ipc.Server$RpcCall.run(Server.java:1035) [hadoop-common-3.3.1.jar:?]
	at org.apache.hadoop.ipc.Server$RpcCall.run(Server.java:963) [hadoop-common-3.3.1.jar:?]
	at java.security.AccessController.doPrivileged(Native Method) ~[?:1.8.0_322]
	at javax.security.auth.Subject.doAs(Subject.java:422) [?:1.8.0_322]
	at org.apache.hadoop.security.UserGroupInformation.doAs(UserGroupInformation.java:1878) [hadoop-common-3.3.1.jar:?]
	at org.apache.hadoop.ipc.Server$Handler.run(Server.java:2966) [hadoop-common-3.3.1.jar:?]
]]></system-out>
  </testcase>
  <testcase name="testListStatusOnSubDirs" classname="TestOzoneFileSystem" time="0.049"/>
  <testcase name="testListStatusOnSubDirs" classname="TestOzoneFileSystem" time="0.035"/>
  <testcase name="testListStatusOnSubDirs" classname="TestOzoneFileSystem" time="0.076"/>
  <testcase name="testListStatusOnSubDirs" classname="TestOzoneFileSystem" time="0.041"/>
  <testcase name="testListStatus" classname="TestOzoneFileSystem" time="0.06"/>
  <testcase name="testListStatus" classname="TestOzoneFileSystem" time="0.11"/>
  <testcase name="testListStatus" classname="TestOzoneFileSystem" time="0.055"/>
  <testcase name="testListStatus" classname="TestOzoneFileSystem" time="0.066"/>
  <testcase name="testRecursiveDelete" classname="TestOzoneFileSystem" time="0.27">
    <system-out><![CDATA[01:51:54.852 [IPC Server handler 9 on default port 44011] ERROR OMAudit - user=runner | ip=127.0.0.1 | op=GET_FILE_STATUS {volume=volume70938, bucket=bucket97532, key=gdir1, dataSize=0, replicationConfig=null} | ret=FAILURE
org.apache.hadoop.ozone.om.exceptions.OMException: Unable to get file status: volume: volume70938 bucket: bucket97532 key: gdir1
	at org.apache.hadoop.ozone.om.KeyManagerImpl.getOzoneFileStatus(KeyManagerImpl.java:1280) ~[ozone-manager-1.3.0-SNAPSHOT.jar:?]
	at org.apache.hadoop.ozone.om.KeyManagerImpl.getFileStatus(KeyManagerImpl.java:1210) ~[ozone-manager-1.3.0-SNAPSHOT.jar:?]
	at org.apache.hadoop.ozone.om.OzoneManager.getFileStatus(OzoneManager.java:3009) ~[ozone-manager-1.3.0-SNAPSHOT.jar:?]
	at org.apache.hadoop.ozone.protocolPB.OzoneManagerRequestHandler.getOzoneFileStatus(OzoneManagerRequestHandler.java:670) ~[ozone-manager-1.3.0-SNAPSHOT.jar:?]
	at org.apache.hadoop.ozone.protocolPB.OzoneManagerRequestHandler.handleReadRequest(OzoneManagerRequestHandler.java:201) ~[ozone-manager-1.3.0-SNAPSHOT.jar:?]
	at org.apache.hadoop.ozone.protocolPB.OzoneManagerProtocolServerSideTranslatorPB.submitReadRequestToOM(OzoneManagerProtocolServerSideTranslatorPB.java:213) ~[ozone-manager-1.3.0-SNAPSHOT.jar:?]
	at org.apache.hadoop.ozone.protocolPB.OzoneManagerProtocolServerSideTranslatorPB.processRequest(OzoneManagerProtocolServerSideTranslatorPB.java:174) ~[ozone-manager-1.3.0-SNAPSHOT.jar:?]
	at org.apache.hadoop.hdds.server.OzoneProtocolMessageDispatcher.processRequest(OzoneProtocolMessageDispatcher.java:87) [hdds-server-framework-1.3.0-SNAPSHOT.jar:?]
	at org.apache.hadoop.ozone.protocolPB.OzoneManagerProtocolServerSideTranslatorPB.submitRequest(OzoneManagerProtocolServerSideTranslatorPB.java:146) [ozone-manager-1.3.0-SNAPSHOT.jar:?]
	at org.apache.hadoop.ozone.protocol.proto.OzoneManagerProtocolProtos$OzoneManagerService$2.callBlockingMethod(OzoneManagerProtocolProtos.java) [ozone-interface-client-1.3.0-SNAPSHOT.jar:?]
	at org.apache.hadoop.ipc.ProtobufRpcEngine$Server.processCall(ProtobufRpcEngine.java:466) [hadoop-common-3.3.1.jar:?]
	at org.apache.hadoop.ipc.ProtobufRpcEngine2$Server$ProtoBufRpcInvoker.call(ProtobufRpcEngine2.java:574) [hadoop-common-3.3.1.jar:?]
	at org.apache.hadoop.ipc.ProtobufRpcEngine2$Server$ProtoBufRpcInvoker.call(ProtobufRpcEngine2.java:552) [hadoop-common-3.3.1.jar:?]
	at org.apache.hadoop.ipc.RPC$Server.call(RPC.java:1093) [hadoop-common-3.3.1.jar:?]
	at org.apache.hadoop.ipc.Server$RpcCall.run(Server.java:1035) [hadoop-common-3.3.1.jar:?]
	at org.apache.hadoop.ipc.Server$RpcCall.run(Server.java:963) [hadoop-common-3.3.1.jar:?]
	at java.security.AccessController.doPrivileged(Native Method) ~[?:1.8.0_322]
	at javax.security.auth.Subject.doAs(Subject.java:422) [?:1.8.0_322]
	at org.apache.hadoop.security.UserGroupInformation.doAs(UserGroupInformation.java:1878) [hadoop-common-3.3.1.jar:?]
	at org.apache.hadoop.ipc.Server$Handler.run(Server.java:2966) [hadoop-common-3.3.1.jar:?]
01:51:54.854 [IPC Server handler 8 on default port 44011] ERROR OMAudit - user=runner | ip=127.0.0.1 | op=GET_FILE_STATUS {volume=volume70938, bucket=bucket97532, key=gdir1/dir1, dataSize=0, replicationConfig=null} | ret=FAILURE
org.apache.hadoop.ozone.om.exceptions.OMException: Unable to get file status: volume: volume70938 bucket: bucket97532 key: gdir1/dir1
	at org.apache.hadoop.ozone.om.KeyManagerImpl.getOzoneFileStatus(KeyManagerImpl.java:1280) ~[ozone-manager-1.3.0-SNAPSHOT.jar:?]
	at org.apache.hadoop.ozone.om.KeyManagerImpl.getFileStatus(KeyManagerImpl.java:1210) ~[ozone-manager-1.3.0-SNAPSHOT.jar:?]
	at org.apache.hadoop.ozone.om.OzoneManager.getFileStatus(OzoneManager.java:3009) ~[ozone-manager-1.3.0-SNAPSHOT.jar:?]
	at org.apache.hadoop.ozone.protocolPB.OzoneManagerRequestHandler.getOzoneFileStatus(OzoneManagerRequestHandler.java:670) ~[ozone-manager-1.3.0-SNAPSHOT.jar:?]
	at org.apache.hadoop.ozone.protocolPB.OzoneManagerRequestHandler.handleReadRequest(OzoneManagerRequestHandler.java:201) ~[ozone-manager-1.3.0-SNAPSHOT.jar:?]
	at org.apache.hadoop.ozone.protocolPB.OzoneManagerProtocolServerSideTranslatorPB.submitReadRequestToOM(OzoneManagerProtocolServerSideTranslatorPB.java:213) ~[ozone-manager-1.3.0-SNAPSHOT.jar:?]
	at org.apache.hadoop.ozone.protocolPB.OzoneManagerProtocolServerSideTranslatorPB.processRequest(OzoneManagerProtocolServerSideTranslatorPB.java:174) ~[ozone-manager-1.3.0-SNAPSHOT.jar:?]
	at org.apache.hadoop.hdds.server.OzoneProtocolMessageDispatcher.processRequest(OzoneProtocolMessageDispatcher.java:87) [hdds-server-framework-1.3.0-SNAPSHOT.jar:?]
	at org.apache.hadoop.ozone.protocolPB.OzoneManagerProtocolServerSideTranslatorPB.submitRequest(OzoneManagerProtocolServerSideTranslatorPB.java:146) [ozone-manager-1.3.0-SNAPSHOT.jar:?]
	at org.apache.hadoop.ozone.protocol.proto.OzoneManagerProtocolProtos$OzoneManagerService$2.callBlockingMethod(OzoneManagerProtocolProtos.java) [ozone-interface-client-1.3.0-SNAPSHOT.jar:?]
	at org.apache.hadoop.ipc.ProtobufRpcEngine$Server.processCall(ProtobufRpcEngine.java:466) [hadoop-common-3.3.1.jar:?]
	at org.apache.hadoop.ipc.ProtobufRpcEngine2$Server$ProtoBufRpcInvoker.call(ProtobufRpcEngine2.java:574) [hadoop-common-3.3.1.jar:?]
	at org.apache.hadoop.ipc.ProtobufRpcEngine2$Server$ProtoBufRpcInvoker.call(ProtobufRpcEngine2.java:552) [hadoop-common-3.3.1.jar:?]
	at org.apache.hadoop.ipc.RPC$Server.call(RPC.java:1093) [hadoop-common-3.3.1.jar:?]
	at org.apache.hadoop.ipc.Server$RpcCall.run(Server.java:1035) [hadoop-common-3.3.1.jar:?]
	at org.apache.hadoop.ipc.Server$RpcCall.run(Server.java:963) [hadoop-common-3.3.1.jar:?]
	at java.security.AccessController.doPrivileged(Native Method) ~[?:1.8.0_322]
	at javax.security.auth.Subject.doAs(Subject.java:422) [?:1.8.0_322]
	at org.apache.hadoop.security.UserGroupInformation.doAs(UserGroupInformation.java:1878) [hadoop-common-3.3.1.jar:?]
	at org.apache.hadoop.ipc.Server$Handler.run(Server.java:2966) [hadoop-common-3.3.1.jar:?]
01:51:54.855 [IPC Server handler 10 on default port 44011] ERROR OMAudit - user=runner | ip=127.0.0.1 | op=GET_FILE_STATUS {volume=volume70938, bucket=bucket97532, key=gdir1/dir1/child, dataSize=0, replicationConfig=null} | ret=FAILURE
org.apache.hadoop.ozone.om.exceptions.OMException: Unable to get file status: volume: volume70938 bucket: bucket97532 key: gdir1/dir1/child
	at org.apache.hadoop.ozone.om.KeyManagerImpl.getOzoneFileStatus(KeyManagerImpl.java:1280) ~[ozone-manager-1.3.0-SNAPSHOT.jar:?]
	at org.apache.hadoop.ozone.om.KeyManagerImpl.getFileStatus(KeyManagerImpl.java:1210) ~[ozone-manager-1.3.0-SNAPSHOT.jar:?]
	at org.apache.hadoop.ozone.om.OzoneManager.getFileStatus(OzoneManager.java:3009) ~[ozone-manager-1.3.0-SNAPSHOT.jar:?]
	at org.apache.hadoop.ozone.protocolPB.OzoneManagerRequestHandler.getOzoneFileStatus(OzoneManagerRequestHandler.java:670) ~[ozone-manager-1.3.0-SNAPSHOT.jar:?]
	at org.apache.hadoop.ozone.protocolPB.OzoneManagerRequestHandler.handleReadRequest(OzoneManagerRequestHandler.java:201) ~[ozone-manager-1.3.0-SNAPSHOT.jar:?]
	at org.apache.hadoop.ozone.protocolPB.OzoneManagerProtocolServerSideTranslatorPB.submitReadRequestToOM(OzoneManagerProtocolServerSideTranslatorPB.java:213) ~[ozone-manager-1.3.0-SNAPSHOT.jar:?]
	at org.apache.hadoop.ozone.protocolPB.OzoneManagerProtocolServerSideTranslatorPB.processRequest(OzoneManagerProtocolServerSideTranslatorPB.java:174) ~[ozone-manager-1.3.0-SNAPSHOT.jar:?]
	at org.apache.hadoop.hdds.server.OzoneProtocolMessageDispatcher.processRequest(OzoneProtocolMessageDispatcher.java:87) [hdds-server-framework-1.3.0-SNAPSHOT.jar:?]
	at org.apache.hadoop.ozone.protocolPB.OzoneManagerProtocolServerSideTranslatorPB.submitRequest(OzoneManagerProtocolServerSideTranslatorPB.java:146) [ozone-manager-1.3.0-SNAPSHOT.jar:?]
	at org.apache.hadoop.ozone.protocol.proto.OzoneManagerProtocolProtos$OzoneManagerService$2.callBlockingMethod(OzoneManagerProtocolProtos.java) [ozone-interface-client-1.3.0-SNAPSHOT.jar:?]
	at org.apache.hadoop.ipc.ProtobufRpcEngine$Server.processCall(ProtobufRpcEngine.java:466) [hadoop-common-3.3.1.jar:?]
	at org.apache.hadoop.ipc.ProtobufRpcEngine2$Server$ProtoBufRpcInvoker.call(ProtobufRpcEngine2.java:574) [hadoop-common-3.3.1.jar:?]
	at org.apache.hadoop.ipc.ProtobufRpcEngine2$Server$ProtoBufRpcInvoker.call(ProtobufRpcEngine2.java:552) [hadoop-common-3.3.1.jar:?]
	at org.apache.hadoop.ipc.RPC$Server.call(RPC.java:1093) [hadoop-common-3.3.1.jar:?]
	at org.apache.hadoop.ipc.Server$RpcCall.run(Server.java:1035) [hadoop-common-3.3.1.jar:?]
	at org.apache.hadoop.ipc.Server$RpcCall.run(Server.java:963) [hadoop-common-3.3.1.jar:?]
	at java.security.AccessController.doPrivileged(Native Method) ~[?:1.8.0_322]
	at javax.security.auth.Subject.doAs(Subject.java:422) [?:1.8.0_322]
	at org.apache.hadoop.security.UserGroupInformation.doAs(UserGroupInformation.java:1878) [hadoop-common-3.3.1.jar:?]
	at org.apache.hadoop.ipc.Server$Handler.run(Server.java:2966) [hadoop-common-3.3.1.jar:?]
01:51:54.856 [IPC Server handler 3 on default port 44011] ERROR OMAudit - user=runner | ip=127.0.0.1 | op=GET_FILE_STATUS {volume=volume70938, bucket=bucket97532, key=gdir1/dir2, dataSize=0, replicationConfig=null} | ret=FAILURE
org.apache.hadoop.ozone.om.exceptions.OMException: Unable to get file status: volume: volume70938 bucket: bucket97532 key: gdir1/dir2
	at org.apache.hadoop.ozone.om.KeyManagerImpl.getOzoneFileStatus(KeyManagerImpl.java:1280) ~[ozone-manager-1.3.0-SNAPSHOT.jar:?]
	at org.apache.hadoop.ozone.om.KeyManagerImpl.getFileStatus(KeyManagerImpl.java:1210) ~[ozone-manager-1.3.0-SNAPSHOT.jar:?]
	at org.apache.hadoop.ozone.om.OzoneManager.getFileStatus(OzoneManager.java:3009) ~[ozone-manager-1.3.0-SNAPSHOT.jar:?]
	at org.apache.hadoop.ozone.protocolPB.OzoneManagerRequestHandler.getOzoneFileStatus(OzoneManagerRequestHandler.java:670) ~[ozone-manager-1.3.0-SNAPSHOT.jar:?]
	at org.apache.hadoop.ozone.protocolPB.OzoneManagerRequestHandler.handleReadRequest(OzoneManagerRequestHandler.java:201) ~[ozone-manager-1.3.0-SNAPSHOT.jar:?]
	at org.apache.hadoop.ozone.protocolPB.OzoneManagerProtocolServerSideTranslatorPB.submitReadRequestToOM(OzoneManagerProtocolServerSideTranslatorPB.java:213) ~[ozone-manager-1.3.0-SNAPSHOT.jar:?]
	at org.apache.hadoop.ozone.protocolPB.OzoneManagerProtocolServerSideTranslatorPB.processRequest(OzoneManagerProtocolServerSideTranslatorPB.java:174) ~[ozone-manager-1.3.0-SNAPSHOT.jar:?]
	at org.apache.hadoop.hdds.server.OzoneProtocolMessageDispatcher.processRequest(OzoneProtocolMessageDispatcher.java:87) [hdds-server-framework-1.3.0-SNAPSHOT.jar:?]
	at org.apache.hadoop.ozone.protocolPB.OzoneManagerProtocolServerSideTranslatorPB.submitRequest(OzoneManagerProtocolServerSideTranslatorPB.java:146) [ozone-manager-1.3.0-SNAPSHOT.jar:?]
	at org.apache.hadoop.ozone.protocol.proto.OzoneManagerProtocolProtos$OzoneManagerService$2.callBlockingMethod(OzoneManagerProtocolProtos.java) [ozone-interface-client-1.3.0-SNAPSHOT.jar:?]
	at org.apache.hadoop.ipc.ProtobufRpcEngine$Server.processCall(ProtobufRpcEngine.java:466) [hadoop-common-3.3.1.jar:?]
	at org.apache.hadoop.ipc.ProtobufRpcEngine2$Server$ProtoBufRpcInvoker.call(ProtobufRpcEngine2.java:574) [hadoop-common-3.3.1.jar:?]
	at org.apache.hadoop.ipc.ProtobufRpcEngine2$Server$ProtoBufRpcInvoker.call(ProtobufRpcEngine2.java:552) [hadoop-common-3.3.1.jar:?]
	at org.apache.hadoop.ipc.RPC$Server.call(RPC.java:1093) [hadoop-common-3.3.1.jar:?]
	at org.apache.hadoop.ipc.Server$RpcCall.run(Server.java:1035) [hadoop-common-3.3.1.jar:?]
	at org.apache.hadoop.ipc.Server$RpcCall.run(Server.java:963) [hadoop-common-3.3.1.jar:?]
	at java.security.AccessController.doPrivileged(Native Method) ~[?:1.8.0_322]
	at javax.security.auth.Subject.doAs(Subject.java:422) [?:1.8.0_322]
	at org.apache.hadoop.security.UserGroupInformation.doAs(UserGroupInformation.java:1878) [hadoop-common-3.3.1.jar:?]
	at org.apache.hadoop.ipc.Server$Handler.run(Server.java:2966) [hadoop-common-3.3.1.jar:?]
01:51:54.857 [IPC Server handler 11 on default port 44011] ERROR OMAudit - user=runner | ip=127.0.0.1 | op=GET_FILE_STATUS {volume=volume70938, bucket=bucket97532, key=gdir1/dir2/child, dataSize=0, replicationConfig=null} | ret=FAILURE
org.apache.hadoop.ozone.om.exceptions.OMException: Unable to get file status: volume: volume70938 bucket: bucket97532 key: gdir1/dir2/child
	at org.apache.hadoop.ozone.om.KeyManagerImpl.getOzoneFileStatus(KeyManagerImpl.java:1280) ~[ozone-manager-1.3.0-SNAPSHOT.jar:?]
	at org.apache.hadoop.ozone.om.KeyManagerImpl.getFileStatus(KeyManagerImpl.java:1210) ~[ozone-manager-1.3.0-SNAPSHOT.jar:?]
	at org.apache.hadoop.ozone.om.OzoneManager.getFileStatus(OzoneManager.java:3009) ~[ozone-manager-1.3.0-SNAPSHOT.jar:?]
	at org.apache.hadoop.ozone.protocolPB.OzoneManagerRequestHandler.getOzoneFileStatus(OzoneManagerRequestHandler.java:670) ~[ozone-manager-1.3.0-SNAPSHOT.jar:?]
	at org.apache.hadoop.ozone.protocolPB.OzoneManagerRequestHandler.handleReadRequest(OzoneManagerRequestHandler.java:201) ~[ozone-manager-1.3.0-SNAPSHOT.jar:?]
	at org.apache.hadoop.ozone.protocolPB.OzoneManagerProtocolServerSideTranslatorPB.submitReadRequestToOM(OzoneManagerProtocolServerSideTranslatorPB.java:213) ~[ozone-manager-1.3.0-SNAPSHOT.jar:?]
	at org.apache.hadoop.ozone.protocolPB.OzoneManagerProtocolServerSideTranslatorPB.processRequest(OzoneManagerProtocolServerSideTranslatorPB.java:174) ~[ozone-manager-1.3.0-SNAPSHOT.jar:?]
	at org.apache.hadoop.hdds.server.OzoneProtocolMessageDispatcher.processRequest(OzoneProtocolMessageDispatcher.java:87) [hdds-server-framework-1.3.0-SNAPSHOT.jar:?]
	at org.apache.hadoop.ozone.protocolPB.OzoneManagerProtocolServerSideTranslatorPB.submitRequest(OzoneManagerProtocolServerSideTranslatorPB.java:146) [ozone-manager-1.3.0-SNAPSHOT.jar:?]
	at org.apache.hadoop.ozone.protocol.proto.OzoneManagerProtocolProtos$OzoneManagerService$2.callBlockingMethod(OzoneManagerProtocolProtos.java) [ozone-interface-client-1.3.0-SNAPSHOT.jar:?]
	at org.apache.hadoop.ipc.ProtobufRpcEngine$Server.processCall(ProtobufRpcEngine.java:466) [hadoop-common-3.3.1.jar:?]
	at org.apache.hadoop.ipc.ProtobufRpcEngine2$Server$ProtoBufRpcInvoker.call(ProtobufRpcEngine2.java:574) [hadoop-common-3.3.1.jar:?]
	at org.apache.hadoop.ipc.ProtobufRpcEngine2$Server$ProtoBufRpcInvoker.call(ProtobufRpcEngine2.java:552) [hadoop-common-3.3.1.jar:?]
	at org.apache.hadoop.ipc.RPC$Server.call(RPC.java:1093) [hadoop-common-3.3.1.jar:?]
	at org.apache.hadoop.ipc.Server$RpcCall.run(Server.java:1035) [hadoop-common-3.3.1.jar:?]
	at org.apache.hadoop.ipc.Server$RpcCall.run(Server.java:963) [hadoop-common-3.3.1.jar:?]
	at java.security.AccessController.doPrivileged(Native Method) ~[?:1.8.0_322]
	at javax.security.auth.Subject.doAs(Subject.java:422) [?:1.8.0_322]
	at org.apache.hadoop.security.UserGroupInformation.doAs(UserGroupInformation.java:1878) [hadoop-common-3.3.1.jar:?]
	at org.apache.hadoop.ipc.Server$Handler.run(Server.java:2966) [hadoop-common-3.3.1.jar:?]
01:51:54.858 [IPC Server handler 14 on default port 44011] ERROR OMAudit - user=runner | ip=127.0.0.1 | op=GET_FILE_STATUS {volume=volume70938, bucket=bucket97532, key=gdir1/dir3, dataSize=0, replicationConfig=null} | ret=FAILURE
org.apache.hadoop.ozone.om.exceptions.OMException: Unable to get file status: volume: volume70938 bucket: bucket97532 key: gdir1/dir3
	at org.apache.hadoop.ozone.om.KeyManagerImpl.getOzoneFileStatus(KeyManagerImpl.java:1280) ~[ozone-manager-1.3.0-SNAPSHOT.jar:?]
	at org.apache.hadoop.ozone.om.KeyManagerImpl.getFileStatus(KeyManagerImpl.java:1210) ~[ozone-manager-1.3.0-SNAPSHOT.jar:?]
	at org.apache.hadoop.ozone.om.OzoneManager.getFileStatus(OzoneManager.java:3009) ~[ozone-manager-1.3.0-SNAPSHOT.jar:?]
	at org.apache.hadoop.ozone.protocolPB.OzoneManagerRequestHandler.getOzoneFileStatus(OzoneManagerRequestHandler.java:670) ~[ozone-manager-1.3.0-SNAPSHOT.jar:?]
	at org.apache.hadoop.ozone.protocolPB.OzoneManagerRequestHandler.handleReadRequest(OzoneManagerRequestHandler.java:201) ~[ozone-manager-1.3.0-SNAPSHOT.jar:?]
	at org.apache.hadoop.ozone.protocolPB.OzoneManagerProtocolServerSideTranslatorPB.submitReadRequestToOM(OzoneManagerProtocolServerSideTranslatorPB.java:213) ~[ozone-manager-1.3.0-SNAPSHOT.jar:?]
	at org.apache.hadoop.ozone.protocolPB.OzoneManagerProtocolServerSideTranslatorPB.processRequest(OzoneManagerProtocolServerSideTranslatorPB.java:174) ~[ozone-manager-1.3.0-SNAPSHOT.jar:?]
	at org.apache.hadoop.hdds.server.OzoneProtocolMessageDispatcher.processRequest(OzoneProtocolMessageDispatcher.java:87) [hdds-server-framework-1.3.0-SNAPSHOT.jar:?]
	at org.apache.hadoop.ozone.protocolPB.OzoneManagerProtocolServerSideTranslatorPB.submitRequest(OzoneManagerProtocolServerSideTranslatorPB.java:146) [ozone-manager-1.3.0-SNAPSHOT.jar:?]
	at org.apache.hadoop.ozone.protocol.proto.OzoneManagerProtocolProtos$OzoneManagerService$2.callBlockingMethod(OzoneManagerProtocolProtos.java) [ozone-interface-client-1.3.0-SNAPSHOT.jar:?]
	at org.apache.hadoop.ipc.ProtobufRpcEngine$Server.processCall(ProtobufRpcEngine.java:466) [hadoop-common-3.3.1.jar:?]
	at org.apache.hadoop.ipc.ProtobufRpcEngine2$Server$ProtoBufRpcInvoker.call(ProtobufRpcEngine2.java:574) [hadoop-common-3.3.1.jar:?]
	at org.apache.hadoop.ipc.ProtobufRpcEngine2$Server$ProtoBufRpcInvoker.call(ProtobufRpcEngine2.java:552) [hadoop-common-3.3.1.jar:?]
	at org.apache.hadoop.ipc.RPC$Server.call(RPC.java:1093) [hadoop-common-3.3.1.jar:?]
	at org.apache.hadoop.ipc.Server$RpcCall.run(Server.java:1035) [hadoop-common-3.3.1.jar:?]
	at org.apache.hadoop.ipc.Server$RpcCall.run(Server.java:963) [hadoop-common-3.3.1.jar:?]
	at java.security.AccessController.doPrivileged(Native Method) ~[?:1.8.0_322]
	at javax.security.auth.Subject.doAs(Subject.java:422) [?:1.8.0_322]
	at org.apache.hadoop.security.UserGroupInformation.doAs(UserGroupInformation.java:1878) [hadoop-common-3.3.1.jar:?]
	at org.apache.hadoop.ipc.Server$Handler.run(Server.java:2966) [hadoop-common-3.3.1.jar:?]
01:51:54.859 [IPC Server handler 16 on default port 44011] ERROR OMAudit - user=runner | ip=127.0.0.1 | op=GET_FILE_STATUS {volume=volume70938, bucket=bucket97532, key=gdir1/dir3/child, dataSize=0, replicationConfig=null} | ret=FAILURE
org.apache.hadoop.ozone.om.exceptions.OMException: Unable to get file status: volume: volume70938 bucket: bucket97532 key: gdir1/dir3/child
	at org.apache.hadoop.ozone.om.KeyManagerImpl.getOzoneFileStatus(KeyManagerImpl.java:1280) ~[ozone-manager-1.3.0-SNAPSHOT.jar:?]
	at org.apache.hadoop.ozone.om.KeyManagerImpl.getFileStatus(KeyManagerImpl.java:1210) ~[ozone-manager-1.3.0-SNAPSHOT.jar:?]
	at org.apache.hadoop.ozone.om.OzoneManager.getFileStatus(OzoneManager.java:3009) ~[ozone-manager-1.3.0-SNAPSHOT.jar:?]
	at org.apache.hadoop.ozone.protocolPB.OzoneManagerRequestHandler.getOzoneFileStatus(OzoneManagerRequestHandler.java:670) ~[ozone-manager-1.3.0-SNAPSHOT.jar:?]
	at org.apache.hadoop.ozone.protocolPB.OzoneManagerRequestHandler.handleReadRequest(OzoneManagerRequestHandler.java:201) ~[ozone-manager-1.3.0-SNAPSHOT.jar:?]
	at org.apache.hadoop.ozone.protocolPB.OzoneManagerProtocolServerSideTranslatorPB.submitReadRequestToOM(OzoneManagerProtocolServerSideTranslatorPB.java:213) ~[ozone-manager-1.3.0-SNAPSHOT.jar:?]
	at org.apache.hadoop.ozone.protocolPB.OzoneManagerProtocolServerSideTranslatorPB.processRequest(OzoneManagerProtocolServerSideTranslatorPB.java:174) ~[ozone-manager-1.3.0-SNAPSHOT.jar:?]
	at org.apache.hadoop.hdds.server.OzoneProtocolMessageDispatcher.processRequest(OzoneProtocolMessageDispatcher.java:87) [hdds-server-framework-1.3.0-SNAPSHOT.jar:?]
	at org.apache.hadoop.ozone.protocolPB.OzoneManagerProtocolServerSideTranslatorPB.submitRequest(OzoneManagerProtocolServerSideTranslatorPB.java:146) [ozone-manager-1.3.0-SNAPSHOT.jar:?]
	at org.apache.hadoop.ozone.protocol.proto.OzoneManagerProtocolProtos$OzoneManagerService$2.callBlockingMethod(OzoneManagerProtocolProtos.java) [ozone-interface-client-1.3.0-SNAPSHOT.jar:?]
	at org.apache.hadoop.ipc.ProtobufRpcEngine$Server.processCall(ProtobufRpcEngine.java:466) [hadoop-common-3.3.1.jar:?]
	at org.apache.hadoop.ipc.ProtobufRpcEngine2$Server$ProtoBufRpcInvoker.call(ProtobufRpcEngine2.java:574) [hadoop-common-3.3.1.jar:?]
	at org.apache.hadoop.ipc.ProtobufRpcEngine2$Server$ProtoBufRpcInvoker.call(ProtobufRpcEngine2.java:552) [hadoop-common-3.3.1.jar:?]
	at org.apache.hadoop.ipc.RPC$Server.call(RPC.java:1093) [hadoop-common-3.3.1.jar:?]
	at org.apache.hadoop.ipc.Server$RpcCall.run(Server.java:1035) [hadoop-common-3.3.1.jar:?]
	at org.apache.hadoop.ipc.Server$RpcCall.run(Server.java:963) [hadoop-common-3.3.1.jar:?]
	at java.security.AccessController.doPrivileged(Native Method) ~[?:1.8.0_322]
	at javax.security.auth.Subject.doAs(Subject.java:422) [?:1.8.0_322]
	at org.apache.hadoop.security.UserGroupInformation.doAs(UserGroupInformation.java:1878) [hadoop-common-3.3.1.jar:?]
	at org.apache.hadoop.ipc.Server$Handler.run(Server.java:2966) [hadoop-common-3.3.1.jar:?]
01:51:54.860 [IPC Server handler 15 on default port 44011] ERROR OMAudit - user=runner | ip=127.0.0.1 | op=GET_FILE_STATUS {volume=volume70938, bucket=bucket97532, key=gdir1/dir4, dataSize=0, replicationConfig=null} | ret=FAILURE
org.apache.hadoop.ozone.om.exceptions.OMException: Unable to get file status: volume: volume70938 bucket: bucket97532 key: gdir1/dir4
	at org.apache.hadoop.ozone.om.KeyManagerImpl.getOzoneFileStatus(KeyManagerImpl.java:1280) ~[ozone-manager-1.3.0-SNAPSHOT.jar:?]
	at org.apache.hadoop.ozone.om.KeyManagerImpl.getFileStatus(KeyManagerImpl.java:1210) ~[ozone-manager-1.3.0-SNAPSHOT.jar:?]
	at org.apache.hadoop.ozone.om.OzoneManager.getFileStatus(OzoneManager.java:3009) ~[ozone-manager-1.3.0-SNAPSHOT.jar:?]
	at org.apache.hadoop.ozone.protocolPB.OzoneManagerRequestHandler.getOzoneFileStatus(OzoneManagerRequestHandler.java:670) ~[ozone-manager-1.3.0-SNAPSHOT.jar:?]
	at org.apache.hadoop.ozone.protocolPB.OzoneManagerRequestHandler.handleReadRequest(OzoneManagerRequestHandler.java:201) ~[ozone-manager-1.3.0-SNAPSHOT.jar:?]
	at org.apache.hadoop.ozone.protocolPB.OzoneManagerProtocolServerSideTranslatorPB.submitReadRequestToOM(OzoneManagerProtocolServerSideTranslatorPB.java:213) ~[ozone-manager-1.3.0-SNAPSHOT.jar:?]
	at org.apache.hadoop.ozone.protocolPB.OzoneManagerProtocolServerSideTranslatorPB.processRequest(OzoneManagerProtocolServerSideTranslatorPB.java:174) ~[ozone-manager-1.3.0-SNAPSHOT.jar:?]
	at org.apache.hadoop.hdds.server.OzoneProtocolMessageDispatcher.processRequest(OzoneProtocolMessageDispatcher.java:87) [hdds-server-framework-1.3.0-SNAPSHOT.jar:?]
	at org.apache.hadoop.ozone.protocolPB.OzoneManagerProtocolServerSideTranslatorPB.submitRequest(OzoneManagerProtocolServerSideTranslatorPB.java:146) [ozone-manager-1.3.0-SNAPSHOT.jar:?]
	at org.apache.hadoop.ozone.protocol.proto.OzoneManagerProtocolProtos$OzoneManagerService$2.callBlockingMethod(OzoneManagerProtocolProtos.java) [ozone-interface-client-1.3.0-SNAPSHOT.jar:?]
	at org.apache.hadoop.ipc.ProtobufRpcEngine$Server.processCall(ProtobufRpcEngine.java:466) [hadoop-common-3.3.1.jar:?]
	at org.apache.hadoop.ipc.ProtobufRpcEngine2$Server$ProtoBufRpcInvoker.call(ProtobufRpcEngine2.java:574) [hadoop-common-3.3.1.jar:?]
	at org.apache.hadoop.ipc.ProtobufRpcEngine2$Server$ProtoBufRpcInvoker.call(ProtobufRpcEngine2.java:552) [hadoop-common-3.3.1.jar:?]
	at org.apache.hadoop.ipc.RPC$Server.call(RPC.java:1093) [hadoop-common-3.3.1.jar:?]
	at org.apache.hadoop.ipc.Server$RpcCall.run(Server.java:1035) [hadoop-common-3.3.1.jar:?]
	at org.apache.hadoop.ipc.Server$RpcCall.run(Server.java:963) [hadoop-common-3.3.1.jar:?]
	at java.security.AccessController.doPrivileged(Native Method) ~[?:1.8.0_322]
	at javax.security.auth.Subject.doAs(Subject.java:422) [?:1.8.0_322]
	at org.apache.hadoop.security.UserGroupInformation.doAs(UserGroupInformation.java:1878) [hadoop-common-3.3.1.jar:?]
	at org.apache.hadoop.ipc.Server$Handler.run(Server.java:2966) [hadoop-common-3.3.1.jar:?]
01:51:54.862 [IPC Server handler 17 on default port 44011] ERROR OMAudit - user=runner | ip=127.0.0.1 | op=GET_FILE_STATUS {volume=volume70938, bucket=bucket97532, key=gdir1/dir4/child, dataSize=0, replicationConfig=null} | ret=FAILURE
org.apache.hadoop.ozone.om.exceptions.OMException: Unable to get file status: volume: volume70938 bucket: bucket97532 key: gdir1/dir4/child
	at org.apache.hadoop.ozone.om.KeyManagerImpl.getOzoneFileStatus(KeyManagerImpl.java:1280) ~[ozone-manager-1.3.0-SNAPSHOT.jar:?]
	at org.apache.hadoop.ozone.om.KeyManagerImpl.getFileStatus(KeyManagerImpl.java:1210) ~[ozone-manager-1.3.0-SNAPSHOT.jar:?]
	at org.apache.hadoop.ozone.om.OzoneManager.getFileStatus(OzoneManager.java:3009) ~[ozone-manager-1.3.0-SNAPSHOT.jar:?]
	at org.apache.hadoop.ozone.protocolPB.OzoneManagerRequestHandler.getOzoneFileStatus(OzoneManagerRequestHandler.java:670) ~[ozone-manager-1.3.0-SNAPSHOT.jar:?]
	at org.apache.hadoop.ozone.protocolPB.OzoneManagerRequestHandler.handleReadRequest(OzoneManagerRequestHandler.java:201) ~[ozone-manager-1.3.0-SNAPSHOT.jar:?]
	at org.apache.hadoop.ozone.protocolPB.OzoneManagerProtocolServerSideTranslatorPB.submitReadRequestToOM(OzoneManagerProtocolServerSideTranslatorPB.java:213) ~[ozone-manager-1.3.0-SNAPSHOT.jar:?]
	at org.apache.hadoop.ozone.protocolPB.OzoneManagerProtocolServerSideTranslatorPB.processRequest(OzoneManagerProtocolServerSideTranslatorPB.java:174) ~[ozone-manager-1.3.0-SNAPSHOT.jar:?]
	at org.apache.hadoop.hdds.server.OzoneProtocolMessageDispatcher.processRequest(OzoneProtocolMessageDispatcher.java:87) [hdds-server-framework-1.3.0-SNAPSHOT.jar:?]
	at org.apache.hadoop.ozone.protocolPB.OzoneManagerProtocolServerSideTranslatorPB.submitRequest(OzoneManagerProtocolServerSideTranslatorPB.java:146) [ozone-manager-1.3.0-SNAPSHOT.jar:?]
	at org.apache.hadoop.ozone.protocol.proto.OzoneManagerProtocolProtos$OzoneManagerService$2.callBlockingMethod(OzoneManagerProtocolProtos.java) [ozone-interface-client-1.3.0-SNAPSHOT.jar:?]
	at org.apache.hadoop.ipc.ProtobufRpcEngine$Server.processCall(ProtobufRpcEngine.java:466) [hadoop-common-3.3.1.jar:?]
	at org.apache.hadoop.ipc.ProtobufRpcEngine2$Server$ProtoBufRpcInvoker.call(ProtobufRpcEngine2.java:574) [hadoop-common-3.3.1.jar:?]
	at org.apache.hadoop.ipc.ProtobufRpcEngine2$Server$ProtoBufRpcInvoker.call(ProtobufRpcEngine2.java:552) [hadoop-common-3.3.1.jar:?]
	at org.apache.hadoop.ipc.RPC$Server.call(RPC.java:1093) [hadoop-common-3.3.1.jar:?]
	at org.apache.hadoop.ipc.Server$RpcCall.run(Server.java:1035) [hadoop-common-3.3.1.jar:?]
	at org.apache.hadoop.ipc.Server$RpcCall.run(Server.java:963) [hadoop-common-3.3.1.jar:?]
	at java.security.AccessController.doPrivileged(Native Method) ~[?:1.8.0_322]
	at javax.security.auth.Subject.doAs(Subject.java:422) [?:1.8.0_322]
	at org.apache.hadoop.security.UserGroupInformation.doAs(UserGroupInformation.java:1878) [hadoop-common-3.3.1.jar:?]
	at org.apache.hadoop.ipc.Server$Handler.run(Server.java:2966) [hadoop-common-3.3.1.jar:?]
01:51:54.863 [IPC Server handler 18 on default port 44011] ERROR OMAudit - user=runner | ip=127.0.0.1 | op=GET_FILE_STATUS {volume=volume70938, bucket=bucket97532, key=gdir1/dir5, dataSize=0, replicationConfig=null} | ret=FAILURE
org.apache.hadoop.ozone.om.exceptions.OMException: Unable to get file status: volume: volume70938 bucket: bucket97532 key: gdir1/dir5
	at org.apache.hadoop.ozone.om.KeyManagerImpl.getOzoneFileStatus(KeyManagerImpl.java:1280) ~[ozone-manager-1.3.0-SNAPSHOT.jar:?]
	at org.apache.hadoop.ozone.om.KeyManagerImpl.getFileStatus(KeyManagerImpl.java:1210) ~[ozone-manager-1.3.0-SNAPSHOT.jar:?]
	at org.apache.hadoop.ozone.om.OzoneManager.getFileStatus(OzoneManager.java:3009) ~[ozone-manager-1.3.0-SNAPSHOT.jar:?]
	at org.apache.hadoop.ozone.protocolPB.OzoneManagerRequestHandler.getOzoneFileStatus(OzoneManagerRequestHandler.java:670) ~[ozone-manager-1.3.0-SNAPSHOT.jar:?]
	at org.apache.hadoop.ozone.protocolPB.OzoneManagerRequestHandler.handleReadRequest(OzoneManagerRequestHandler.java:201) ~[ozone-manager-1.3.0-SNAPSHOT.jar:?]
	at org.apache.hadoop.ozone.protocolPB.OzoneManagerProtocolServerSideTranslatorPB.submitReadRequestToOM(OzoneManagerProtocolServerSideTranslatorPB.java:213) ~[ozone-manager-1.3.0-SNAPSHOT.jar:?]
	at org.apache.hadoop.ozone.protocolPB.OzoneManagerProtocolServerSideTranslatorPB.processRequest(OzoneManagerProtocolServerSideTranslatorPB.java:174) ~[ozone-manager-1.3.0-SNAPSHOT.jar:?]
	at org.apache.hadoop.hdds.server.OzoneProtocolMessageDispatcher.processRequest(OzoneProtocolMessageDispatcher.java:87) [hdds-server-framework-1.3.0-SNAPSHOT.jar:?]
	at org.apache.hadoop.ozone.protocolPB.OzoneManagerProtocolServerSideTranslatorPB.submitRequest(OzoneManagerProtocolServerSideTranslatorPB.java:146) [ozone-manager-1.3.0-SNAPSHOT.jar:?]
	at org.apache.hadoop.ozone.protocol.proto.OzoneManagerProtocolProtos$OzoneManagerService$2.callBlockingMethod(OzoneManagerProtocolProtos.java) [ozone-interface-client-1.3.0-SNAPSHOT.jar:?]
	at org.apache.hadoop.ipc.ProtobufRpcEngine$Server.processCall(ProtobufRpcEngine.java:466) [hadoop-common-3.3.1.jar:?]
	at org.apache.hadoop.ipc.ProtobufRpcEngine2$Server$ProtoBufRpcInvoker.call(ProtobufRpcEngine2.java:574) [hadoop-common-3.3.1.jar:?]
	at org.apache.hadoop.ipc.ProtobufRpcEngine2$Server$ProtoBufRpcInvoker.call(ProtobufRpcEngine2.java:552) [hadoop-common-3.3.1.jar:?]
	at org.apache.hadoop.ipc.RPC$Server.call(RPC.java:1093) [hadoop-common-3.3.1.jar:?]
	at org.apache.hadoop.ipc.Server$RpcCall.run(Server.java:1035) [hadoop-common-3.3.1.jar:?]
	at org.apache.hadoop.ipc.Server$RpcCall.run(Server.java:963) [hadoop-common-3.3.1.jar:?]
	at java.security.AccessController.doPrivileged(Native Method) ~[?:1.8.0_322]
	at javax.security.auth.Subject.doAs(Subject.java:422) [?:1.8.0_322]
	at org.apache.hadoop.security.UserGroupInformation.doAs(UserGroupInformation.java:1878) [hadoop-common-3.3.1.jar:?]
	at org.apache.hadoop.ipc.Server$Handler.run(Server.java:2966) [hadoop-common-3.3.1.jar:?]
01:51:54.864 [IPC Server handler 13 on default port 44011] ERROR OMAudit - user=runner | ip=127.0.0.1 | op=GET_FILE_STATUS {volume=volume70938, bucket=bucket97532, key=gdir1/dir5/child, dataSize=0, replicationConfig=null} | ret=FAILURE
org.apache.hadoop.ozone.om.exceptions.OMException: Unable to get file status: volume: volume70938 bucket: bucket97532 key: gdir1/dir5/child
	at org.apache.hadoop.ozone.om.KeyManagerImpl.getOzoneFileStatus(KeyManagerImpl.java:1280) ~[ozone-manager-1.3.0-SNAPSHOT.jar:?]
	at org.apache.hadoop.ozone.om.KeyManagerImpl.getFileStatus(KeyManagerImpl.java:1210) ~[ozone-manager-1.3.0-SNAPSHOT.jar:?]
	at org.apache.hadoop.ozone.om.OzoneManager.getFileStatus(OzoneManager.java:3009) ~[ozone-manager-1.3.0-SNAPSHOT.jar:?]
	at org.apache.hadoop.ozone.protocolPB.OzoneManagerRequestHandler.getOzoneFileStatus(OzoneManagerRequestHandler.java:670) ~[ozone-manager-1.3.0-SNAPSHOT.jar:?]
	at org.apache.hadoop.ozone.protocolPB.OzoneManagerRequestHandler.handleReadRequest(OzoneManagerRequestHandler.java:201) ~[ozone-manager-1.3.0-SNAPSHOT.jar:?]
	at org.apache.hadoop.ozone.protocolPB.OzoneManagerProtocolServerSideTranslatorPB.submitReadRequestToOM(OzoneManagerProtocolServerSideTranslatorPB.java:213) ~[ozone-manager-1.3.0-SNAPSHOT.jar:?]
	at org.apache.hadoop.ozone.protocolPB.OzoneManagerProtocolServerSideTranslatorPB.processRequest(OzoneManagerProtocolServerSideTranslatorPB.java:174) ~[ozone-manager-1.3.0-SNAPSHOT.jar:?]
	at org.apache.hadoop.hdds.server.OzoneProtocolMessageDispatcher.processRequest(OzoneProtocolMessageDispatcher.java:87) [hdds-server-framework-1.3.0-SNAPSHOT.jar:?]
	at org.apache.hadoop.ozone.protocolPB.OzoneManagerProtocolServerSideTranslatorPB.submitRequest(OzoneManagerProtocolServerSideTranslatorPB.java:146) [ozone-manager-1.3.0-SNAPSHOT.jar:?]
	at org.apache.hadoop.ozone.protocol.proto.OzoneManagerProtocolProtos$OzoneManagerService$2.callBlockingMethod(OzoneManagerProtocolProtos.java) [ozone-interface-client-1.3.0-SNAPSHOT.jar:?]
	at org.apache.hadoop.ipc.ProtobufRpcEngine$Server.processCall(ProtobufRpcEngine.java:466) [hadoop-common-3.3.1.jar:?]
	at org.apache.hadoop.ipc.ProtobufRpcEngine2$Server$ProtoBufRpcInvoker.call(ProtobufRpcEngine2.java:574) [hadoop-common-3.3.1.jar:?]
	at org.apache.hadoop.ipc.ProtobufRpcEngine2$Server$ProtoBufRpcInvoker.call(ProtobufRpcEngine2.java:552) [hadoop-common-3.3.1.jar:?]
	at org.apache.hadoop.ipc.RPC$Server.call(RPC.java:1093) [hadoop-common-3.3.1.jar:?]
	at org.apache.hadoop.ipc.Server$RpcCall.run(Server.java:1035) [hadoop-common-3.3.1.jar:?]
	at org.apache.hadoop.ipc.Server$RpcCall.run(Server.java:963) [hadoop-common-3.3.1.jar:?]
	at java.security.AccessController.doPrivileged(Native Method) ~[?:1.8.0_322]
	at javax.security.auth.Subject.doAs(Subject.java:422) [?:1.8.0_322]
	at org.apache.hadoop.security.UserGroupInformation.doAs(UserGroupInformation.java:1878) [hadoop-common-3.3.1.jar:?]
	at org.apache.hadoop.ipc.Server$Handler.run(Server.java:2966) [hadoop-common-3.3.1.jar:?]
01:51:54.865 [IPC Server handler 19 on default port 44011] ERROR OMAudit - user=runner | ip=127.0.0.1 | op=GET_FILE_STATUS {volume=volume70938, bucket=bucket97532, key=gdir1/dir6, dataSize=0, replicationConfig=null} | ret=FAILURE
org.apache.hadoop.ozone.om.exceptions.OMException: Unable to get file status: volume: volume70938 bucket: bucket97532 key: gdir1/dir6
	at org.apache.hadoop.ozone.om.KeyManagerImpl.getOzoneFileStatus(KeyManagerImpl.java:1280) ~[ozone-manager-1.3.0-SNAPSHOT.jar:?]
	at org.apache.hadoop.ozone.om.KeyManagerImpl.getFileStatus(KeyManagerImpl.java:1210) ~[ozone-manager-1.3.0-SNAPSHOT.jar:?]
	at org.apache.hadoop.ozone.om.OzoneManager.getFileStatus(OzoneManager.java:3009) ~[ozone-manager-1.3.0-SNAPSHOT.jar:?]
	at org.apache.hadoop.ozone.protocolPB.OzoneManagerRequestHandler.getOzoneFileStatus(OzoneManagerRequestHandler.java:670) ~[ozone-manager-1.3.0-SNAPSHOT.jar:?]
	at org.apache.hadoop.ozone.protocolPB.OzoneManagerRequestHandler.handleReadRequest(OzoneManagerRequestHandler.java:201) ~[ozone-manager-1.3.0-SNAPSHOT.jar:?]
	at org.apache.hadoop.ozone.protocolPB.OzoneManagerProtocolServerSideTranslatorPB.submitReadRequestToOM(OzoneManagerProtocolServerSideTranslatorPB.java:213) ~[ozone-manager-1.3.0-SNAPSHOT.jar:?]
	at org.apache.hadoop.ozone.protocolPB.OzoneManagerProtocolServerSideTranslatorPB.processRequest(OzoneManagerProtocolServerSideTranslatorPB.java:174) ~[ozone-manager-1.3.0-SNAPSHOT.jar:?]
	at org.apache.hadoop.hdds.server.OzoneProtocolMessageDispatcher.processRequest(OzoneProtocolMessageDispatcher.java:87) [hdds-server-framework-1.3.0-SNAPSHOT.jar:?]
	at org.apache.hadoop.ozone.protocolPB.OzoneManagerProtocolServerSideTranslatorPB.submitRequest(OzoneManagerProtocolServerSideTranslatorPB.java:146) [ozone-manager-1.3.0-SNAPSHOT.jar:?]
	at org.apache.hadoop.ozone.protocol.proto.OzoneManagerProtocolProtos$OzoneManagerService$2.callBlockingMethod(OzoneManagerProtocolProtos.java) [ozone-interface-client-1.3.0-SNAPSHOT.jar:?]
	at org.apache.hadoop.ipc.ProtobufRpcEngine$Server.processCall(ProtobufRpcEngine.java:466) [hadoop-common-3.3.1.jar:?]
	at org.apache.hadoop.ipc.ProtobufRpcEngine2$Server$ProtoBufRpcInvoker.call(ProtobufRpcEngine2.java:574) [hadoop-common-3.3.1.jar:?]
	at org.apache.hadoop.ipc.ProtobufRpcEngine2$Server$ProtoBufRpcInvoker.call(ProtobufRpcEngine2.java:552) [hadoop-common-3.3.1.jar:?]
	at org.apache.hadoop.ipc.RPC$Server.call(RPC.java:1093) [hadoop-common-3.3.1.jar:?]
	at org.apache.hadoop.ipc.Server$RpcCall.run(Server.java:1035) [hadoop-common-3.3.1.jar:?]
	at org.apache.hadoop.ipc.Server$RpcCall.run(Server.java:963) [hadoop-common-3.3.1.jar:?]
	at java.security.AccessController.doPrivileged(Native Method) ~[?:1.8.0_322]
	at javax.security.auth.Subject.doAs(Subject.java:422) [?:1.8.0_322]
	at org.apache.hadoop.security.UserGroupInformation.doAs(UserGroupInformation.java:1878) [hadoop-common-3.3.1.jar:?]
	at org.apache.hadoop.ipc.Server$Handler.run(Server.java:2966) [hadoop-common-3.3.1.jar:?]
01:51:54.866 [IPC Server handler 2 on default port 44011] ERROR OMAudit - user=runner | ip=127.0.0.1 | op=GET_FILE_STATUS {volume=volume70938, bucket=bucket97532, key=gdir1/dir6/child, dataSize=0, replicationConfig=null} | ret=FAILURE
org.apache.hadoop.ozone.om.exceptions.OMException: Unable to get file status: volume: volume70938 bucket: bucket97532 key: gdir1/dir6/child
	at org.apache.hadoop.ozone.om.KeyManagerImpl.getOzoneFileStatus(KeyManagerImpl.java:1280) ~[ozone-manager-1.3.0-SNAPSHOT.jar:?]
	at org.apache.hadoop.ozone.om.KeyManagerImpl.getFileStatus(KeyManagerImpl.java:1210) ~[ozone-manager-1.3.0-SNAPSHOT.jar:?]
	at org.apache.hadoop.ozone.om.OzoneManager.getFileStatus(OzoneManager.java:3009) ~[ozone-manager-1.3.0-SNAPSHOT.jar:?]
	at org.apache.hadoop.ozone.protocolPB.OzoneManagerRequestHandler.getOzoneFileStatus(OzoneManagerRequestHandler.java:670) ~[ozone-manager-1.3.0-SNAPSHOT.jar:?]
	at org.apache.hadoop.ozone.protocolPB.OzoneManagerRequestHandler.handleReadRequest(OzoneManagerRequestHandler.java:201) ~[ozone-manager-1.3.0-SNAPSHOT.jar:?]
	at org.apache.hadoop.ozone.protocolPB.OzoneManagerProtocolServerSideTranslatorPB.submitReadRequestToOM(OzoneManagerProtocolServerSideTranslatorPB.java:213) ~[ozone-manager-1.3.0-SNAPSHOT.jar:?]
	at org.apache.hadoop.ozone.protocolPB.OzoneManagerProtocolServerSideTranslatorPB.processRequest(OzoneManagerProtocolServerSideTranslatorPB.java:174) ~[ozone-manager-1.3.0-SNAPSHOT.jar:?]
	at org.apache.hadoop.hdds.server.OzoneProtocolMessageDispatcher.processRequest(OzoneProtocolMessageDispatcher.java:87) [hdds-server-framework-1.3.0-SNAPSHOT.jar:?]
	at org.apache.hadoop.ozone.protocolPB.OzoneManagerProtocolServerSideTranslatorPB.submitRequest(OzoneManagerProtocolServerSideTranslatorPB.java:146) [ozone-manager-1.3.0-SNAPSHOT.jar:?]
	at org.apache.hadoop.ozone.protocol.proto.OzoneManagerProtocolProtos$OzoneManagerService$2.callBlockingMethod(OzoneManagerProtocolProtos.java) [ozone-interface-client-1.3.0-SNAPSHOT.jar:?]
	at org.apache.hadoop.ipc.ProtobufRpcEngine$Server.processCall(ProtobufRpcEngine.java:466) [hadoop-common-3.3.1.jar:?]
	at org.apache.hadoop.ipc.ProtobufRpcEngine2$Server$ProtoBufRpcInvoker.call(ProtobufRpcEngine2.java:574) [hadoop-common-3.3.1.jar:?]
	at org.apache.hadoop.ipc.ProtobufRpcEngine2$Server$ProtoBufRpcInvoker.call(ProtobufRpcEngine2.java:552) [hadoop-common-3.3.1.jar:?]
	at org.apache.hadoop.ipc.RPC$Server.call(RPC.java:1093) [hadoop-common-3.3.1.jar:?]
	at org.apache.hadoop.ipc.Server$RpcCall.run(Server.java:1035) [hadoop-common-3.3.1.jar:?]
	at org.apache.hadoop.ipc.Server$RpcCall.run(Server.java:963) [hadoop-common-3.3.1.jar:?]
	at java.security.AccessController.doPrivileged(Native Method) ~[?:1.8.0_322]
	at javax.security.auth.Subject.doAs(Subject.java:422) [?:1.8.0_322]
	at org.apache.hadoop.security.UserGroupInformation.doAs(UserGroupInformation.java:1878) [hadoop-common-3.3.1.jar:?]
	at org.apache.hadoop.ipc.Server$Handler.run(Server.java:2966) [hadoop-common-3.3.1.jar:?]
01:51:54.867 [IPC Server handler 5 on default port 44011] ERROR OMAudit - user=runner | ip=127.0.0.1 | op=GET_FILE_STATUS {volume=volume70938, bucket=bucket97532, key=gdir1/dir7, dataSize=0, replicationConfig=null} | ret=FAILURE
org.apache.hadoop.ozone.om.exceptions.OMException: Unable to get file status: volume: volume70938 bucket: bucket97532 key: gdir1/dir7
	at org.apache.hadoop.ozone.om.KeyManagerImpl.getOzoneFileStatus(KeyManagerImpl.java:1280) ~[ozone-manager-1.3.0-SNAPSHOT.jar:?]
	at org.apache.hadoop.ozone.om.KeyManagerImpl.getFileStatus(KeyManagerImpl.java:1210) ~[ozone-manager-1.3.0-SNAPSHOT.jar:?]
	at org.apache.hadoop.ozone.om.OzoneManager.getFileStatus(OzoneManager.java:3009) ~[ozone-manager-1.3.0-SNAPSHOT.jar:?]
	at org.apache.hadoop.ozone.protocolPB.OzoneManagerRequestHandler.getOzoneFileStatus(OzoneManagerRequestHandler.java:670) ~[ozone-manager-1.3.0-SNAPSHOT.jar:?]
	at org.apache.hadoop.ozone.protocolPB.OzoneManagerRequestHandler.handleReadRequest(OzoneManagerRequestHandler.java:201) ~[ozone-manager-1.3.0-SNAPSHOT.jar:?]
	at org.apache.hadoop.ozone.protocolPB.OzoneManagerProtocolServerSideTranslatorPB.submitReadRequestToOM(OzoneManagerProtocolServerSideTranslatorPB.java:213) ~[ozone-manager-1.3.0-SNAPSHOT.jar:?]
	at org.apache.hadoop.ozone.protocolPB.OzoneManagerProtocolServerSideTranslatorPB.processRequest(OzoneManagerProtocolServerSideTranslatorPB.java:174) ~[ozone-manager-1.3.0-SNAPSHOT.jar:?]
	at org.apache.hadoop.hdds.server.OzoneProtocolMessageDispatcher.processRequest(OzoneProtocolMessageDispatcher.java:87) [hdds-server-framework-1.3.0-SNAPSHOT.jar:?]
	at org.apache.hadoop.ozone.protocolPB.OzoneManagerProtocolServerSideTranslatorPB.submitRequest(OzoneManagerProtocolServerSideTranslatorPB.java:146) [ozone-manager-1.3.0-SNAPSHOT.jar:?]
	at org.apache.hadoop.ozone.protocol.proto.OzoneManagerProtocolProtos$OzoneManagerService$2.callBlockingMethod(OzoneManagerProtocolProtos.java) [ozone-interface-client-1.3.0-SNAPSHOT.jar:?]
	at org.apache.hadoop.ipc.ProtobufRpcEngine$Server.processCall(ProtobufRpcEngine.java:466) [hadoop-common-3.3.1.jar:?]
	at org.apache.hadoop.ipc.ProtobufRpcEngine2$Server$ProtoBufRpcInvoker.call(ProtobufRpcEngine2.java:574) [hadoop-common-3.3.1.jar:?]
	at org.apache.hadoop.ipc.ProtobufRpcEngine2$Server$ProtoBufRpcInvoker.call(ProtobufRpcEngine2.java:552) [hadoop-common-3.3.1.jar:?]
	at org.apache.hadoop.ipc.RPC$Server.call(RPC.java:1093) [hadoop-common-3.3.1.jar:?]
	at org.apache.hadoop.ipc.Server$RpcCall.run(Server.java:1035) [hadoop-common-3.3.1.jar:?]
	at org.apache.hadoop.ipc.Server$RpcCall.run(Server.java:963) [hadoop-common-3.3.1.jar:?]
	at java.security.AccessController.doPrivileged(Native Method) ~[?:1.8.0_322]
	at javax.security.auth.Subject.doAs(Subject.java:422) [?:1.8.0_322]
	at org.apache.hadoop.security.UserGroupInformation.doAs(UserGroupInformation.java:1878) [hadoop-common-3.3.1.jar:?]
	at org.apache.hadoop.ipc.Server$Handler.run(Server.java:2966) [hadoop-common-3.3.1.jar:?]
01:51:54.868 [IPC Server handler 12 on default port 44011] ERROR OMAudit - user=runner | ip=127.0.0.1 | op=GET_FILE_STATUS {volume=volume70938, bucket=bucket97532, key=gdir1/dir7/child, dataSize=0, replicationConfig=null} | ret=FAILURE
org.apache.hadoop.ozone.om.exceptions.OMException: Unable to get file status: volume: volume70938 bucket: bucket97532 key: gdir1/dir7/child
	at org.apache.hadoop.ozone.om.KeyManagerImpl.getOzoneFileStatus(KeyManagerImpl.java:1280) ~[ozone-manager-1.3.0-SNAPSHOT.jar:?]
	at org.apache.hadoop.ozone.om.KeyManagerImpl.getFileStatus(KeyManagerImpl.java:1210) ~[ozone-manager-1.3.0-SNAPSHOT.jar:?]
	at org.apache.hadoop.ozone.om.OzoneManager.getFileStatus(OzoneManager.java:3009) ~[ozone-manager-1.3.0-SNAPSHOT.jar:?]
	at org.apache.hadoop.ozone.protocolPB.OzoneManagerRequestHandler.getOzoneFileStatus(OzoneManagerRequestHandler.java:670) ~[ozone-manager-1.3.0-SNAPSHOT.jar:?]
	at org.apache.hadoop.ozone.protocolPB.OzoneManagerRequestHandler.handleReadRequest(OzoneManagerRequestHandler.java:201) ~[ozone-manager-1.3.0-SNAPSHOT.jar:?]
	at org.apache.hadoop.ozone.protocolPB.OzoneManagerProtocolServerSideTranslatorPB.submitReadRequestToOM(OzoneManagerProtocolServerSideTranslatorPB.java:213) ~[ozone-manager-1.3.0-SNAPSHOT.jar:?]
	at org.apache.hadoop.ozone.protocolPB.OzoneManagerProtocolServerSideTranslatorPB.processRequest(OzoneManagerProtocolServerSideTranslatorPB.java:174) ~[ozone-manager-1.3.0-SNAPSHOT.jar:?]
	at org.apache.hadoop.hdds.server.OzoneProtocolMessageDispatcher.processRequest(OzoneProtocolMessageDispatcher.java:87) [hdds-server-framework-1.3.0-SNAPSHOT.jar:?]
	at org.apache.hadoop.ozone.protocolPB.OzoneManagerProtocolServerSideTranslatorPB.submitRequest(OzoneManagerProtocolServerSideTranslatorPB.java:146) [ozone-manager-1.3.0-SNAPSHOT.jar:?]
	at org.apache.hadoop.ozone.protocol.proto.OzoneManagerProtocolProtos$OzoneManagerService$2.callBlockingMethod(OzoneManagerProtocolProtos.java) [ozone-interface-client-1.3.0-SNAPSHOT.jar:?]
	at org.apache.hadoop.ipc.ProtobufRpcEngine$Server.processCall(ProtobufRpcEngine.java:466) [hadoop-common-3.3.1.jar:?]
	at org.apache.hadoop.ipc.ProtobufRpcEngine2$Server$ProtoBufRpcInvoker.call(ProtobufRpcEngine2.java:574) [hadoop-common-3.3.1.jar:?]
	at org.apache.hadoop.ipc.ProtobufRpcEngine2$Server$ProtoBufRpcInvoker.call(ProtobufRpcEngine2.java:552) [hadoop-common-3.3.1.jar:?]
	at org.apache.hadoop.ipc.RPC$Server.call(RPC.java:1093) [hadoop-common-3.3.1.jar:?]
	at org.apache.hadoop.ipc.Server$RpcCall.run(Server.java:1035) [hadoop-common-3.3.1.jar:?]
	at org.apache.hadoop.ipc.Server$RpcCall.run(Server.java:963) [hadoop-common-3.3.1.jar:?]
	at java.security.AccessController.doPrivileged(Native Method) ~[?:1.8.0_322]
	at javax.security.auth.Subject.doAs(Subject.java:422) [?:1.8.0_322]
	at org.apache.hadoop.security.UserGroupInformation.doAs(UserGroupInformation.java:1878) [hadoop-common-3.3.1.jar:?]
	at org.apache.hadoop.ipc.Server$Handler.run(Server.java:2966) [hadoop-common-3.3.1.jar:?]
01:51:54.869 [IPC Server handler 4 on default port 44011] ERROR OMAudit - user=runner | ip=127.0.0.1 | op=GET_FILE_STATUS {volume=volume70938, bucket=bucket97532, key=gdir1/dir8, dataSize=0, replicationConfig=null} | ret=FAILURE
org.apache.hadoop.ozone.om.exceptions.OMException: Unable to get file status: volume: volume70938 bucket: bucket97532 key: gdir1/dir8
	at org.apache.hadoop.ozone.om.KeyManagerImpl.getOzoneFileStatus(KeyManagerImpl.java:1280) ~[ozone-manager-1.3.0-SNAPSHOT.jar:?]
	at org.apache.hadoop.ozone.om.KeyManagerImpl.getFileStatus(KeyManagerImpl.java:1210) ~[ozone-manager-1.3.0-SNAPSHOT.jar:?]
	at org.apache.hadoop.ozone.om.OzoneManager.getFileStatus(OzoneManager.java:3009) ~[ozone-manager-1.3.0-SNAPSHOT.jar:?]
	at org.apache.hadoop.ozone.protocolPB.OzoneManagerRequestHandler.getOzoneFileStatus(OzoneManagerRequestHandler.java:670) ~[ozone-manager-1.3.0-SNAPSHOT.jar:?]
	at org.apache.hadoop.ozone.protocolPB.OzoneManagerRequestHandler.handleReadRequest(OzoneManagerRequestHandler.java:201) ~[ozone-manager-1.3.0-SNAPSHOT.jar:?]
	at org.apache.hadoop.ozone.protocolPB.OzoneManagerProtocolServerSideTranslatorPB.submitReadRequestToOM(OzoneManagerProtocolServerSideTranslatorPB.java:213) ~[ozone-manager-1.3.0-SNAPSHOT.jar:?]
	at org.apache.hadoop.ozone.protocolPB.OzoneManagerProtocolServerSideTranslatorPB.processRequest(OzoneManagerProtocolServerSideTranslatorPB.java:174) ~[ozone-manager-1.3.0-SNAPSHOT.jar:?]
	at org.apache.hadoop.hdds.server.OzoneProtocolMessageDispatcher.processRequest(OzoneProtocolMessageDispatcher.java:87) [hdds-server-framework-1.3.0-SNAPSHOT.jar:?]
	at org.apache.hadoop.ozone.protocolPB.OzoneManagerProtocolServerSideTranslatorPB.submitRequest(OzoneManagerProtocolServerSideTranslatorPB.java:146) [ozone-manager-1.3.0-SNAPSHOT.jar:?]
	at org.apache.hadoop.ozone.protocol.proto.OzoneManagerProtocolProtos$OzoneManagerService$2.callBlockingMethod(OzoneManagerProtocolProtos.java) [ozone-interface-client-1.3.0-SNAPSHOT.jar:?]
	at org.apache.hadoop.ipc.ProtobufRpcEngine$Server.processCall(ProtobufRpcEngine.java:466) [hadoop-common-3.3.1.jar:?]
	at org.apache.hadoop.ipc.ProtobufRpcEngine2$Server$ProtoBufRpcInvoker.call(ProtobufRpcEngine2.java:574) [hadoop-common-3.3.1.jar:?]
	at org.apache.hadoop.ipc.ProtobufRpcEngine2$Server$ProtoBufRpcInvoker.call(ProtobufRpcEngine2.java:552) [hadoop-common-3.3.1.jar:?]
	at org.apache.hadoop.ipc.RPC$Server.call(RPC.java:1093) [hadoop-common-3.3.1.jar:?]
	at org.apache.hadoop.ipc.Server$RpcCall.run(Server.java:1035) [hadoop-common-3.3.1.jar:?]
	at org.apache.hadoop.ipc.Server$RpcCall.run(Server.java:963) [hadoop-common-3.3.1.jar:?]
	at java.security.AccessController.doPrivileged(Native Method) ~[?:1.8.0_322]
	at javax.security.auth.Subject.doAs(Subject.java:422) [?:1.8.0_322]
	at org.apache.hadoop.security.UserGroupInformation.doAs(UserGroupInformation.java:1878) [hadoop-common-3.3.1.jar:?]
	at org.apache.hadoop.ipc.Server$Handler.run(Server.java:2966) [hadoop-common-3.3.1.jar:?]
01:51:54.870 [IPC Server handler 1 on default port 44011] ERROR OMAudit - user=runner | ip=127.0.0.1 | op=GET_FILE_STATUS {volume=volume70938, bucket=bucket97532, key=gdir1/dir8/child, dataSize=0, replicationConfig=null} | ret=FAILURE
org.apache.hadoop.ozone.om.exceptions.OMException: Unable to get file status: volume: volume70938 bucket: bucket97532 key: gdir1/dir8/child
	at org.apache.hadoop.ozone.om.KeyManagerImpl.getOzoneFileStatus(KeyManagerImpl.java:1280) ~[ozone-manager-1.3.0-SNAPSHOT.jar:?]
	at org.apache.hadoop.ozone.om.KeyManagerImpl.getFileStatus(KeyManagerImpl.java:1210) ~[ozone-manager-1.3.0-SNAPSHOT.jar:?]
	at org.apache.hadoop.ozone.om.OzoneManager.getFileStatus(OzoneManager.java:3009) ~[ozone-manager-1.3.0-SNAPSHOT.jar:?]
	at org.apache.hadoop.ozone.protocolPB.OzoneManagerRequestHandler.getOzoneFileStatus(OzoneManagerRequestHandler.java:670) ~[ozone-manager-1.3.0-SNAPSHOT.jar:?]
	at org.apache.hadoop.ozone.protocolPB.OzoneManagerRequestHandler.handleReadRequest(OzoneManagerRequestHandler.java:201) ~[ozone-manager-1.3.0-SNAPSHOT.jar:?]
	at org.apache.hadoop.ozone.protocolPB.OzoneManagerProtocolServerSideTranslatorPB.submitReadRequestToOM(OzoneManagerProtocolServerSideTranslatorPB.java:213) ~[ozone-manager-1.3.0-SNAPSHOT.jar:?]
	at org.apache.hadoop.ozone.protocolPB.OzoneManagerProtocolServerSideTranslatorPB.processRequest(OzoneManagerProtocolServerSideTranslatorPB.java:174) ~[ozone-manager-1.3.0-SNAPSHOT.jar:?]
	at org.apache.hadoop.hdds.server.OzoneProtocolMessageDispatcher.processRequest(OzoneProtocolMessageDispatcher.java:87) [hdds-server-framework-1.3.0-SNAPSHOT.jar:?]
	at org.apache.hadoop.ozone.protocolPB.OzoneManagerProtocolServerSideTranslatorPB.submitRequest(OzoneManagerProtocolServerSideTranslatorPB.java:146) [ozone-manager-1.3.0-SNAPSHOT.jar:?]
	at org.apache.hadoop.ozone.protocol.proto.OzoneManagerProtocolProtos$OzoneManagerService$2.callBlockingMethod(OzoneManagerProtocolProtos.java) [ozone-interface-client-1.3.0-SNAPSHOT.jar:?]
	at org.apache.hadoop.ipc.ProtobufRpcEngine$Server.processCall(ProtobufRpcEngine.java:466) [hadoop-common-3.3.1.jar:?]
	at org.apache.hadoop.ipc.ProtobufRpcEngine2$Server$ProtoBufRpcInvoker.call(ProtobufRpcEngine2.java:574) [hadoop-common-3.3.1.jar:?]
	at org.apache.hadoop.ipc.ProtobufRpcEngine2$Server$ProtoBufRpcInvoker.call(ProtobufRpcEngine2.java:552) [hadoop-common-3.3.1.jar:?]
	at org.apache.hadoop.ipc.RPC$Server.call(RPC.java:1093) [hadoop-common-3.3.1.jar:?]
	at org.apache.hadoop.ipc.Server$RpcCall.run(Server.java:1035) [hadoop-common-3.3.1.jar:?]
	at org.apache.hadoop.ipc.Server$RpcCall.run(Server.java:963) [hadoop-common-3.3.1.jar:?]
	at java.security.AccessController.doPrivileged(Native Method) ~[?:1.8.0_322]
	at javax.security.auth.Subject.doAs(Subject.java:422) [?:1.8.0_322]
	at org.apache.hadoop.security.UserGroupInformation.doAs(UserGroupInformation.java:1878) [hadoop-common-3.3.1.jar:?]
	at org.apache.hadoop.ipc.Server$Handler.run(Server.java:2966) [hadoop-common-3.3.1.jar:?]
01:51:54.872 [IPC Server handler 7 on default port 44011] ERROR OMAudit - user=runner | ip=127.0.0.1 | op=GET_FILE_STATUS {volume=volume70938, bucket=bucket97532, key=gdir1/dir9, dataSize=0, replicationConfig=null} | ret=FAILURE
org.apache.hadoop.ozone.om.exceptions.OMException: Unable to get file status: volume: volume70938 bucket: bucket97532 key: gdir1/dir9
	at org.apache.hadoop.ozone.om.KeyManagerImpl.getOzoneFileStatus(KeyManagerImpl.java:1280) ~[ozone-manager-1.3.0-SNAPSHOT.jar:?]
	at org.apache.hadoop.ozone.om.KeyManagerImpl.getFileStatus(KeyManagerImpl.java:1210) ~[ozone-manager-1.3.0-SNAPSHOT.jar:?]
	at org.apache.hadoop.ozone.om.OzoneManager.getFileStatus(OzoneManager.java:3009) ~[ozone-manager-1.3.0-SNAPSHOT.jar:?]
	at org.apache.hadoop.ozone.protocolPB.OzoneManagerRequestHandler.getOzoneFileStatus(OzoneManagerRequestHandler.java:670) ~[ozone-manager-1.3.0-SNAPSHOT.jar:?]
	at org.apache.hadoop.ozone.protocolPB.OzoneManagerRequestHandler.handleReadRequest(OzoneManagerRequestHandler.java:201) ~[ozone-manager-1.3.0-SNAPSHOT.jar:?]
	at org.apache.hadoop.ozone.protocolPB.OzoneManagerProtocolServerSideTranslatorPB.submitReadRequestToOM(OzoneManagerProtocolServerSideTranslatorPB.java:213) ~[ozone-manager-1.3.0-SNAPSHOT.jar:?]
	at org.apache.hadoop.ozone.protocolPB.OzoneManagerProtocolServerSideTranslatorPB.processRequest(OzoneManagerProtocolServerSideTranslatorPB.java:174) ~[ozone-manager-1.3.0-SNAPSHOT.jar:?]
	at org.apache.hadoop.hdds.server.OzoneProtocolMessageDispatcher.processRequest(OzoneProtocolMessageDispatcher.java:87) [hdds-server-framework-1.3.0-SNAPSHOT.jar:?]
	at org.apache.hadoop.ozone.protocolPB.OzoneManagerProtocolServerSideTranslatorPB.submitRequest(OzoneManagerProtocolServerSideTranslatorPB.java:146) [ozone-manager-1.3.0-SNAPSHOT.jar:?]
	at org.apache.hadoop.ozone.protocol.proto.OzoneManagerProtocolProtos$OzoneManagerService$2.callBlockingMethod(OzoneManagerProtocolProtos.java) [ozone-interface-client-1.3.0-SNAPSHOT.jar:?]
	at org.apache.hadoop.ipc.ProtobufRpcEngine$Server.processCall(ProtobufRpcEngine.java:466) [hadoop-common-3.3.1.jar:?]
	at org.apache.hadoop.ipc.ProtobufRpcEngine2$Server$ProtoBufRpcInvoker.call(ProtobufRpcEngine2.java:574) [hadoop-common-3.3.1.jar:?]
	at org.apache.hadoop.ipc.ProtobufRpcEngine2$Server$ProtoBufRpcInvoker.call(ProtobufRpcEngine2.java:552) [hadoop-common-3.3.1.jar:?]
	at org.apache.hadoop.ipc.RPC$Server.call(RPC.java:1093) [hadoop-common-3.3.1.jar:?]
	at org.apache.hadoop.ipc.Server$RpcCall.run(Server.java:1035) [hadoop-common-3.3.1.jar:?]
	at org.apache.hadoop.ipc.Server$RpcCall.run(Server.java:963) [hadoop-common-3.3.1.jar:?]
	at java.security.AccessController.doPrivileged(Native Method) ~[?:1.8.0_322]
	at javax.security.auth.Subject.doAs(Subject.java:422) [?:1.8.0_322]
	at org.apache.hadoop.security.UserGroupInformation.doAs(UserGroupInformation.java:1878) [hadoop-common-3.3.1.jar:?]
	at org.apache.hadoop.ipc.Server$Handler.run(Server.java:2966) [hadoop-common-3.3.1.jar:?]
01:51:54.875 [IPC Server handler 6 on default port 44011] ERROR OMAudit - user=runner | ip=127.0.0.1 | op=GET_FILE_STATUS {volume=volume70938, bucket=bucket97532, key=gdir1/dir9/child, dataSize=0, replicationConfig=null} | ret=FAILURE
org.apache.hadoop.ozone.om.exceptions.OMException: Unable to get file status: volume: volume70938 bucket: bucket97532 key: gdir1/dir9/child
	at org.apache.hadoop.ozone.om.KeyManagerImpl.getOzoneFileStatus(KeyManagerImpl.java:1280) ~[ozone-manager-1.3.0-SNAPSHOT.jar:?]
	at org.apache.hadoop.ozone.om.KeyManagerImpl.getFileStatus(KeyManagerImpl.java:1210) ~[ozone-manager-1.3.0-SNAPSHOT.jar:?]
	at org.apache.hadoop.ozone.om.OzoneManager.getFileStatus(OzoneManager.java:3009) ~[ozone-manager-1.3.0-SNAPSHOT.jar:?]
	at org.apache.hadoop.ozone.protocolPB.OzoneManagerRequestHandler.getOzoneFileStatus(OzoneManagerRequestHandler.java:670) ~[ozone-manager-1.3.0-SNAPSHOT.jar:?]
	at org.apache.hadoop.ozone.protocolPB.OzoneManagerRequestHandler.handleReadRequest(OzoneManagerRequestHandler.java:201) ~[ozone-manager-1.3.0-SNAPSHOT.jar:?]
	at org.apache.hadoop.ozone.protocolPB.OzoneManagerProtocolServerSideTranslatorPB.submitReadRequestToOM(OzoneManagerProtocolServerSideTranslatorPB.java:213) ~[ozone-manager-1.3.0-SNAPSHOT.jar:?]
	at org.apache.hadoop.ozone.protocolPB.OzoneManagerProtocolServerSideTranslatorPB.processRequest(OzoneManagerProtocolServerSideTranslatorPB.java:174) ~[ozone-manager-1.3.0-SNAPSHOT.jar:?]
	at org.apache.hadoop.hdds.server.OzoneProtocolMessageDispatcher.processRequest(OzoneProtocolMessageDispatcher.java:87) [hdds-server-framework-1.3.0-SNAPSHOT.jar:?]
	at org.apache.hadoop.ozone.protocolPB.OzoneManagerProtocolServerSideTranslatorPB.submitRequest(OzoneManagerProtocolServerSideTranslatorPB.java:146) [ozone-manager-1.3.0-SNAPSHOT.jar:?]
	at org.apache.hadoop.ozone.protocol.proto.OzoneManagerProtocolProtos$OzoneManagerService$2.callBlockingMethod(OzoneManagerProtocolProtos.java) [ozone-interface-client-1.3.0-SNAPSHOT.jar:?]
	at org.apache.hadoop.ipc.ProtobufRpcEngine$Server.processCall(ProtobufRpcEngine.java:466) [hadoop-common-3.3.1.jar:?]
	at org.apache.hadoop.ipc.ProtobufRpcEngine2$Server$ProtoBufRpcInvoker.call(ProtobufRpcEngine2.java:574) [hadoop-common-3.3.1.jar:?]
	at org.apache.hadoop.ipc.ProtobufRpcEngine2$Server$ProtoBufRpcInvoker.call(ProtobufRpcEngine2.java:552) [hadoop-common-3.3.1.jar:?]
	at org.apache.hadoop.ipc.RPC$Server.call(RPC.java:1093) [hadoop-common-3.3.1.jar:?]
	at org.apache.hadoop.ipc.Server$RpcCall.run(Server.java:1035) [hadoop-common-3.3.1.jar:?]
	at org.apache.hadoop.ipc.Server$RpcCall.run(Server.java:963) [hadoop-common-3.3.1.jar:?]
	at java.security.AccessController.doPrivileged(Native Method) ~[?:1.8.0_322]
	at javax.security.auth.Subject.doAs(Subject.java:422) [?:1.8.0_322]
	at org.apache.hadoop.security.UserGroupInformation.doAs(UserGroupInformation.java:1878) [hadoop-common-3.3.1.jar:?]
	at org.apache.hadoop.ipc.Server$Handler.run(Server.java:2966) [hadoop-common-3.3.1.jar:?]
01:51:54.876 [IPC Server handler 0 on default port 44011] ERROR OMAudit - user=runner | ip=127.0.0.1 | op=GET_FILE_STATUS {volume=volume70938, bucket=bucket97532, key=gdir1/dir10, dataSize=0, replicationConfig=null} | ret=FAILURE
org.apache.hadoop.ozone.om.exceptions.OMException: Unable to get file status: volume: volume70938 bucket: bucket97532 key: gdir1/dir10
	at org.apache.hadoop.ozone.om.KeyManagerImpl.getOzoneFileStatus(KeyManagerImpl.java:1280) ~[ozone-manager-1.3.0-SNAPSHOT.jar:?]
	at org.apache.hadoop.ozone.om.KeyManagerImpl.getFileStatus(KeyManagerImpl.java:1210) ~[ozone-manager-1.3.0-SNAPSHOT.jar:?]
	at org.apache.hadoop.ozone.om.OzoneManager.getFileStatus(OzoneManager.java:3009) ~[ozone-manager-1.3.0-SNAPSHOT.jar:?]
	at org.apache.hadoop.ozone.protocolPB.OzoneManagerRequestHandler.getOzoneFileStatus(OzoneManagerRequestHandler.java:670) ~[ozone-manager-1.3.0-SNAPSHOT.jar:?]
	at org.apache.hadoop.ozone.protocolPB.OzoneManagerRequestHandler.handleReadRequest(OzoneManagerRequestHandler.java:201) ~[ozone-manager-1.3.0-SNAPSHOT.jar:?]
	at org.apache.hadoop.ozone.protocolPB.OzoneManagerProtocolServerSideTranslatorPB.submitReadRequestToOM(OzoneManagerProtocolServerSideTranslatorPB.java:213) ~[ozone-manager-1.3.0-SNAPSHOT.jar:?]
	at org.apache.hadoop.ozone.protocolPB.OzoneManagerProtocolServerSideTranslatorPB.processRequest(OzoneManagerProtocolServerSideTranslatorPB.java:174) ~[ozone-manager-1.3.0-SNAPSHOT.jar:?]
	at org.apache.hadoop.hdds.server.OzoneProtocolMessageDispatcher.processRequest(OzoneProtocolMessageDispatcher.java:87) [hdds-server-framework-1.3.0-SNAPSHOT.jar:?]
	at org.apache.hadoop.ozone.protocolPB.OzoneManagerProtocolServerSideTranslatorPB.submitRequest(OzoneManagerProtocolServerSideTranslatorPB.java:146) [ozone-manager-1.3.0-SNAPSHOT.jar:?]
	at org.apache.hadoop.ozone.protocol.proto.OzoneManagerProtocolProtos$OzoneManagerService$2.callBlockingMethod(OzoneManagerProtocolProtos.java) [ozone-interface-client-1.3.0-SNAPSHOT.jar:?]
	at org.apache.hadoop.ipc.ProtobufRpcEngine$Server.processCall(ProtobufRpcEngine.java:466) [hadoop-common-3.3.1.jar:?]
	at org.apache.hadoop.ipc.ProtobufRpcEngine2$Server$ProtoBufRpcInvoker.call(ProtobufRpcEngine2.java:574) [hadoop-common-3.3.1.jar:?]
	at org.apache.hadoop.ipc.ProtobufRpcEngine2$Server$ProtoBufRpcInvoker.call(ProtobufRpcEngine2.java:552) [hadoop-common-3.3.1.jar:?]
	at org.apache.hadoop.ipc.RPC$Server.call(RPC.java:1093) [hadoop-common-3.3.1.jar:?]
	at org.apache.hadoop.ipc.Server$RpcCall.run(Server.java:1035) [hadoop-common-3.3.1.jar:?]
	at org.apache.hadoop.ipc.Server$RpcCall.run(Server.java:963) [hadoop-common-3.3.1.jar:?]
	at java.security.AccessController.doPrivileged(Native Method) ~[?:1.8.0_322]
	at javax.security.auth.Subject.doAs(Subject.java:422) [?:1.8.0_322]
	at org.apache.hadoop.security.UserGroupInformation.doAs(UserGroupInformation.java:1878) [hadoop-common-3.3.1.jar:?]
	at org.apache.hadoop.ipc.Server$Handler.run(Server.java:2966) [hadoop-common-3.3.1.jar:?]
01:51:54.878 [IPC Server handler 9 on default port 44011] ERROR OMAudit - user=runner | ip=127.0.0.1 | op=GET_FILE_STATUS {volume=volume70938, bucket=bucket97532, key=gdir1/dir10/child, dataSize=0, replicationConfig=null} | ret=FAILURE
org.apache.hadoop.ozone.om.exceptions.OMException: Unable to get file status: volume: volume70938 bucket: bucket97532 key: gdir1/dir10/child
	at org.apache.hadoop.ozone.om.KeyManagerImpl.getOzoneFileStatus(KeyManagerImpl.java:1280) ~[ozone-manager-1.3.0-SNAPSHOT.jar:?]
	at org.apache.hadoop.ozone.om.KeyManagerImpl.getFileStatus(KeyManagerImpl.java:1210) ~[ozone-manager-1.3.0-SNAPSHOT.jar:?]
	at org.apache.hadoop.ozone.om.OzoneManager.getFileStatus(OzoneManager.java:3009) ~[ozone-manager-1.3.0-SNAPSHOT.jar:?]
	at org.apache.hadoop.ozone.protocolPB.OzoneManagerRequestHandler.getOzoneFileStatus(OzoneManagerRequestHandler.java:670) ~[ozone-manager-1.3.0-SNAPSHOT.jar:?]
	at org.apache.hadoop.ozone.protocolPB.OzoneManagerRequestHandler.handleReadRequest(OzoneManagerRequestHandler.java:201) ~[ozone-manager-1.3.0-SNAPSHOT.jar:?]
	at org.apache.hadoop.ozone.protocolPB.OzoneManagerProtocolServerSideTranslatorPB.submitReadRequestToOM(OzoneManagerProtocolServerSideTranslatorPB.java:213) ~[ozone-manager-1.3.0-SNAPSHOT.jar:?]
	at org.apache.hadoop.ozone.protocolPB.OzoneManagerProtocolServerSideTranslatorPB.processRequest(OzoneManagerProtocolServerSideTranslatorPB.java:174) ~[ozone-manager-1.3.0-SNAPSHOT.jar:?]
	at org.apache.hadoop.hdds.server.OzoneProtocolMessageDispatcher.processRequest(OzoneProtocolMessageDispatcher.java:87) [hdds-server-framework-1.3.0-SNAPSHOT.jar:?]
	at org.apache.hadoop.ozone.protocolPB.OzoneManagerProtocolServerSideTranslatorPB.submitRequest(OzoneManagerProtocolServerSideTranslatorPB.java:146) [ozone-manager-1.3.0-SNAPSHOT.jar:?]
	at org.apache.hadoop.ozone.protocol.proto.OzoneManagerProtocolProtos$OzoneManagerService$2.callBlockingMethod(OzoneManagerProtocolProtos.java) [ozone-interface-client-1.3.0-SNAPSHOT.jar:?]
	at org.apache.hadoop.ipc.ProtobufRpcEngine$Server.processCall(ProtobufRpcEngine.java:466) [hadoop-common-3.3.1.jar:?]
	at org.apache.hadoop.ipc.ProtobufRpcEngine2$Server$ProtoBufRpcInvoker.call(ProtobufRpcEngine2.java:574) [hadoop-common-3.3.1.jar:?]
	at org.apache.hadoop.ipc.ProtobufRpcEngine2$Server$ProtoBufRpcInvoker.call(ProtobufRpcEngine2.java:552) [hadoop-common-3.3.1.jar:?]
	at org.apache.hadoop.ipc.RPC$Server.call(RPC.java:1093) [hadoop-common-3.3.1.jar:?]
	at org.apache.hadoop.ipc.Server$RpcCall.run(Server.java:1035) [hadoop-common-3.3.1.jar:?]
	at org.apache.hadoop.ipc.Server$RpcCall.run(Server.java:963) [hadoop-common-3.3.1.jar:?]
	at java.security.AccessController.doPrivileged(Native Method) ~[?:1.8.0_322]
	at javax.security.auth.Subject.doAs(Subject.java:422) [?:1.8.0_322]
	at org.apache.hadoop.security.UserGroupInformation.doAs(UserGroupInformation.java:1878) [hadoop-common-3.3.1.jar:?]
	at org.apache.hadoop.ipc.Server$Handler.run(Server.java:2966) [hadoop-common-3.3.1.jar:?]
01:51:54.982 [IPC Server handler 12 on default port 44011] ERROR OMAudit - user=runner | ip=127.0.0.1 | op=GET_FILE_STATUS {volume=volume70938, bucket=bucket97532, key=level0, dataSize=0, replicationConfig=null} | ret=FAILURE
org.apache.hadoop.ozone.om.exceptions.OMException: Unable to get file status: volume: volume70938 bucket: bucket97532 key: level0
	at org.apache.hadoop.ozone.om.KeyManagerImpl.getOzoneFileStatus(KeyManagerImpl.java:1280) ~[ozone-manager-1.3.0-SNAPSHOT.jar:?]
	at org.apache.hadoop.ozone.om.KeyManagerImpl.getFileStatus(KeyManagerImpl.java:1210) ~[ozone-manager-1.3.0-SNAPSHOT.jar:?]
	at org.apache.hadoop.ozone.om.OzoneManager.getFileStatus(OzoneManager.java:3009) ~[ozone-manager-1.3.0-SNAPSHOT.jar:?]
	at org.apache.hadoop.ozone.protocolPB.OzoneManagerRequestHandler.getOzoneFileStatus(OzoneManagerRequestHandler.java:670) ~[ozone-manager-1.3.0-SNAPSHOT.jar:?]
	at org.apache.hadoop.ozone.protocolPB.OzoneManagerRequestHandler.handleReadRequest(OzoneManagerRequestHandler.java:201) ~[ozone-manager-1.3.0-SNAPSHOT.jar:?]
	at org.apache.hadoop.ozone.protocolPB.OzoneManagerProtocolServerSideTranslatorPB.submitReadRequestToOM(OzoneManagerProtocolServerSideTranslatorPB.java:213) ~[ozone-manager-1.3.0-SNAPSHOT.jar:?]
	at org.apache.hadoop.ozone.protocolPB.OzoneManagerProtocolServerSideTranslatorPB.processRequest(OzoneManagerProtocolServerSideTranslatorPB.java:174) ~[ozone-manager-1.3.0-SNAPSHOT.jar:?]
	at org.apache.hadoop.hdds.server.OzoneProtocolMessageDispatcher.processRequest(OzoneProtocolMessageDispatcher.java:87) [hdds-server-framework-1.3.0-SNAPSHOT.jar:?]
	at org.apache.hadoop.ozone.protocolPB.OzoneManagerProtocolServerSideTranslatorPB.submitRequest(OzoneManagerProtocolServerSideTranslatorPB.java:146) [ozone-manager-1.3.0-SNAPSHOT.jar:?]
	at org.apache.hadoop.ozone.protocol.proto.OzoneManagerProtocolProtos$OzoneManagerService$2.callBlockingMethod(OzoneManagerProtocolProtos.java) [ozone-interface-client-1.3.0-SNAPSHOT.jar:?]
	at org.apache.hadoop.ipc.ProtobufRpcEngine$Server.processCall(ProtobufRpcEngine.java:466) [hadoop-common-3.3.1.jar:?]
	at org.apache.hadoop.ipc.ProtobufRpcEngine2$Server$ProtoBufRpcInvoker.call(ProtobufRpcEngine2.java:574) [hadoop-common-3.3.1.jar:?]
	at org.apache.hadoop.ipc.ProtobufRpcEngine2$Server$ProtoBufRpcInvoker.call(ProtobufRpcEngine2.java:552) [hadoop-common-3.3.1.jar:?]
	at org.apache.hadoop.ipc.RPC$Server.call(RPC.java:1093) [hadoop-common-3.3.1.jar:?]
	at org.apache.hadoop.ipc.Server$RpcCall.run(Server.java:1035) [hadoop-common-3.3.1.jar:?]
	at org.apache.hadoop.ipc.Server$RpcCall.run(Server.java:963) [hadoop-common-3.3.1.jar:?]
	at java.security.AccessController.doPrivileged(Native Method) ~[?:1.8.0_322]
	at javax.security.auth.Subject.doAs(Subject.java:422) [?:1.8.0_322]
	at org.apache.hadoop.security.UserGroupInformation.doAs(UserGroupInformation.java:1878) [hadoop-common-3.3.1.jar:?]
	at org.apache.hadoop.ipc.Server$Handler.run(Server.java:2966) [hadoop-common-3.3.1.jar:?]
01:51:54.983 [IPC Server handler 4 on default port 44011] ERROR OMAudit - user=runner | ip=127.0.0.1 | op=GET_FILE_STATUS {volume=volume70938, bucket=bucket97532, key=level0/level1, dataSize=0, replicationConfig=null} | ret=FAILURE
org.apache.hadoop.ozone.om.exceptions.OMException: Unable to get file status: volume: volume70938 bucket: bucket97532 key: level0/level1
	at org.apache.hadoop.ozone.om.KeyManagerImpl.getOzoneFileStatus(KeyManagerImpl.java:1280) ~[ozone-manager-1.3.0-SNAPSHOT.jar:?]
	at org.apache.hadoop.ozone.om.KeyManagerImpl.getFileStatus(KeyManagerImpl.java:1210) ~[ozone-manager-1.3.0-SNAPSHOT.jar:?]
	at org.apache.hadoop.ozone.om.OzoneManager.getFileStatus(OzoneManager.java:3009) ~[ozone-manager-1.3.0-SNAPSHOT.jar:?]
	at org.apache.hadoop.ozone.protocolPB.OzoneManagerRequestHandler.getOzoneFileStatus(OzoneManagerRequestHandler.java:670) ~[ozone-manager-1.3.0-SNAPSHOT.jar:?]
	at org.apache.hadoop.ozone.protocolPB.OzoneManagerRequestHandler.handleReadRequest(OzoneManagerRequestHandler.java:201) ~[ozone-manager-1.3.0-SNAPSHOT.jar:?]
	at org.apache.hadoop.ozone.protocolPB.OzoneManagerProtocolServerSideTranslatorPB.submitReadRequestToOM(OzoneManagerProtocolServerSideTranslatorPB.java:213) ~[ozone-manager-1.3.0-SNAPSHOT.jar:?]
	at org.apache.hadoop.ozone.protocolPB.OzoneManagerProtocolServerSideTranslatorPB.processRequest(OzoneManagerProtocolServerSideTranslatorPB.java:174) ~[ozone-manager-1.3.0-SNAPSHOT.jar:?]
	at org.apache.hadoop.hdds.server.OzoneProtocolMessageDispatcher.processRequest(OzoneProtocolMessageDispatcher.java:87) [hdds-server-framework-1.3.0-SNAPSHOT.jar:?]
	at org.apache.hadoop.ozone.protocolPB.OzoneManagerProtocolServerSideTranslatorPB.submitRequest(OzoneManagerProtocolServerSideTranslatorPB.java:146) [ozone-manager-1.3.0-SNAPSHOT.jar:?]
	at org.apache.hadoop.ozone.protocol.proto.OzoneManagerProtocolProtos$OzoneManagerService$2.callBlockingMethod(OzoneManagerProtocolProtos.java) [ozone-interface-client-1.3.0-SNAPSHOT.jar:?]
	at org.apache.hadoop.ipc.ProtobufRpcEngine$Server.processCall(ProtobufRpcEngine.java:466) [hadoop-common-3.3.1.jar:?]
	at org.apache.hadoop.ipc.ProtobufRpcEngine2$Server$ProtoBufRpcInvoker.call(ProtobufRpcEngine2.java:574) [hadoop-common-3.3.1.jar:?]
	at org.apache.hadoop.ipc.ProtobufRpcEngine2$Server$ProtoBufRpcInvoker.call(ProtobufRpcEngine2.java:552) [hadoop-common-3.3.1.jar:?]
	at org.apache.hadoop.ipc.RPC$Server.call(RPC.java:1093) [hadoop-common-3.3.1.jar:?]
	at org.apache.hadoop.ipc.Server$RpcCall.run(Server.java:1035) [hadoop-common-3.3.1.jar:?]
	at org.apache.hadoop.ipc.Server$RpcCall.run(Server.java:963) [hadoop-common-3.3.1.jar:?]
	at java.security.AccessController.doPrivileged(Native Method) ~[?:1.8.0_322]
	at javax.security.auth.Subject.doAs(Subject.java:422) [?:1.8.0_322]
	at org.apache.hadoop.security.UserGroupInformation.doAs(UserGroupInformation.java:1878) [hadoop-common-3.3.1.jar:?]
	at org.apache.hadoop.ipc.Server$Handler.run(Server.java:2966) [hadoop-common-3.3.1.jar:?]
01:51:54.985 [IPC Server handler 1 on default port 44011] ERROR OMAudit - user=runner | ip=127.0.0.1 | op=GET_FILE_STATUS {volume=volume70938, bucket=bucket97532, key=level0/level1/level1, dataSize=0, replicationConfig=null} | ret=FAILURE
org.apache.hadoop.ozone.om.exceptions.OMException: Unable to get file status: volume: volume70938 bucket: bucket97532 key: level0/level1/level1
	at org.apache.hadoop.ozone.om.KeyManagerImpl.getOzoneFileStatus(KeyManagerImpl.java:1280) ~[ozone-manager-1.3.0-SNAPSHOT.jar:?]
	at org.apache.hadoop.ozone.om.KeyManagerImpl.getFileStatus(KeyManagerImpl.java:1210) ~[ozone-manager-1.3.0-SNAPSHOT.jar:?]
	at org.apache.hadoop.ozone.om.OzoneManager.getFileStatus(OzoneManager.java:3009) ~[ozone-manager-1.3.0-SNAPSHOT.jar:?]
	at org.apache.hadoop.ozone.protocolPB.OzoneManagerRequestHandler.getOzoneFileStatus(OzoneManagerRequestHandler.java:670) ~[ozone-manager-1.3.0-SNAPSHOT.jar:?]
	at org.apache.hadoop.ozone.protocolPB.OzoneManagerRequestHandler.handleReadRequest(OzoneManagerRequestHandler.java:201) ~[ozone-manager-1.3.0-SNAPSHOT.jar:?]
	at org.apache.hadoop.ozone.protocolPB.OzoneManagerProtocolServerSideTranslatorPB.submitReadRequestToOM(OzoneManagerProtocolServerSideTranslatorPB.java:213) ~[ozone-manager-1.3.0-SNAPSHOT.jar:?]
	at org.apache.hadoop.ozone.protocolPB.OzoneManagerProtocolServerSideTranslatorPB.processRequest(OzoneManagerProtocolServerSideTranslatorPB.java:174) ~[ozone-manager-1.3.0-SNAPSHOT.jar:?]
	at org.apache.hadoop.hdds.server.OzoneProtocolMessageDispatcher.processRequest(OzoneProtocolMessageDispatcher.java:87) [hdds-server-framework-1.3.0-SNAPSHOT.jar:?]
	at org.apache.hadoop.ozone.protocolPB.OzoneManagerProtocolServerSideTranslatorPB.submitRequest(OzoneManagerProtocolServerSideTranslatorPB.java:146) [ozone-manager-1.3.0-SNAPSHOT.jar:?]
	at org.apache.hadoop.ozone.protocol.proto.OzoneManagerProtocolProtos$OzoneManagerService$2.callBlockingMethod(OzoneManagerProtocolProtos.java) [ozone-interface-client-1.3.0-SNAPSHOT.jar:?]
	at org.apache.hadoop.ipc.ProtobufRpcEngine$Server.processCall(ProtobufRpcEngine.java:466) [hadoop-common-3.3.1.jar:?]
	at org.apache.hadoop.ipc.ProtobufRpcEngine2$Server$ProtoBufRpcInvoker.call(ProtobufRpcEngine2.java:574) [hadoop-common-3.3.1.jar:?]
	at org.apache.hadoop.ipc.ProtobufRpcEngine2$Server$ProtoBufRpcInvoker.call(ProtobufRpcEngine2.java:552) [hadoop-common-3.3.1.jar:?]
	at org.apache.hadoop.ipc.RPC$Server.call(RPC.java:1093) [hadoop-common-3.3.1.jar:?]
	at org.apache.hadoop.ipc.Server$RpcCall.run(Server.java:1035) [hadoop-common-3.3.1.jar:?]
	at org.apache.hadoop.ipc.Server$RpcCall.run(Server.java:963) [hadoop-common-3.3.1.jar:?]
	at java.security.AccessController.doPrivileged(Native Method) ~[?:1.8.0_322]
	at javax.security.auth.Subject.doAs(Subject.java:422) [?:1.8.0_322]
	at org.apache.hadoop.security.UserGroupInformation.doAs(UserGroupInformation.java:1878) [hadoop-common-3.3.1.jar:?]
	at org.apache.hadoop.ipc.Server$Handler.run(Server.java:2966) [hadoop-common-3.3.1.jar:?]
01:51:54.986 [IPC Server handler 7 on default port 44011] ERROR OMAudit - user=runner | ip=127.0.0.1 | op=GET_FILE_STATUS {volume=volume70938, bucket=bucket97532, key=level0/level1/file1, dataSize=0, replicationConfig=null} | ret=FAILURE
org.apache.hadoop.ozone.om.exceptions.OMException: Unable to get file status: volume: volume70938 bucket: bucket97532 key: level0/level1/file1
	at org.apache.hadoop.ozone.om.KeyManagerImpl.getOzoneFileStatus(KeyManagerImpl.java:1280) ~[ozone-manager-1.3.0-SNAPSHOT.jar:?]
	at org.apache.hadoop.ozone.om.KeyManagerImpl.getFileStatus(KeyManagerImpl.java:1210) ~[ozone-manager-1.3.0-SNAPSHOT.jar:?]
	at org.apache.hadoop.ozone.om.OzoneManager.getFileStatus(OzoneManager.java:3009) ~[ozone-manager-1.3.0-SNAPSHOT.jar:?]
	at org.apache.hadoop.ozone.protocolPB.OzoneManagerRequestHandler.getOzoneFileStatus(OzoneManagerRequestHandler.java:670) ~[ozone-manager-1.3.0-SNAPSHOT.jar:?]
	at org.apache.hadoop.ozone.protocolPB.OzoneManagerRequestHandler.handleReadRequest(OzoneManagerRequestHandler.java:201) ~[ozone-manager-1.3.0-SNAPSHOT.jar:?]
	at org.apache.hadoop.ozone.protocolPB.OzoneManagerProtocolServerSideTranslatorPB.submitReadRequestToOM(OzoneManagerProtocolServerSideTranslatorPB.java:213) ~[ozone-manager-1.3.0-SNAPSHOT.jar:?]
	at org.apache.hadoop.ozone.protocolPB.OzoneManagerProtocolServerSideTranslatorPB.processRequest(OzoneManagerProtocolServerSideTranslatorPB.java:174) ~[ozone-manager-1.3.0-SNAPSHOT.jar:?]
	at org.apache.hadoop.hdds.server.OzoneProtocolMessageDispatcher.processRequest(OzoneProtocolMessageDispatcher.java:87) [hdds-server-framework-1.3.0-SNAPSHOT.jar:?]
	at org.apache.hadoop.ozone.protocolPB.OzoneManagerProtocolServerSideTranslatorPB.submitRequest(OzoneManagerProtocolServerSideTranslatorPB.java:146) [ozone-manager-1.3.0-SNAPSHOT.jar:?]
	at org.apache.hadoop.ozone.protocol.proto.OzoneManagerProtocolProtos$OzoneManagerService$2.callBlockingMethod(OzoneManagerProtocolProtos.java) [ozone-interface-client-1.3.0-SNAPSHOT.jar:?]
	at org.apache.hadoop.ipc.ProtobufRpcEngine$Server.processCall(ProtobufRpcEngine.java:466) [hadoop-common-3.3.1.jar:?]
	at org.apache.hadoop.ipc.ProtobufRpcEngine2$Server$ProtoBufRpcInvoker.call(ProtobufRpcEngine2.java:574) [hadoop-common-3.3.1.jar:?]
	at org.apache.hadoop.ipc.ProtobufRpcEngine2$Server$ProtoBufRpcInvoker.call(ProtobufRpcEngine2.java:552) [hadoop-common-3.3.1.jar:?]
	at org.apache.hadoop.ipc.RPC$Server.call(RPC.java:1093) [hadoop-common-3.3.1.jar:?]
	at org.apache.hadoop.ipc.Server$RpcCall.run(Server.java:1035) [hadoop-common-3.3.1.jar:?]
	at org.apache.hadoop.ipc.Server$RpcCall.run(Server.java:963) [hadoop-common-3.3.1.jar:?]
	at java.security.AccessController.doPrivileged(Native Method) ~[?:1.8.0_322]
	at javax.security.auth.Subject.doAs(Subject.java:422) [?:1.8.0_322]
	at org.apache.hadoop.security.UserGroupInformation.doAs(UserGroupInformation.java:1878) [hadoop-common-3.3.1.jar:?]
	at org.apache.hadoop.ipc.Server$Handler.run(Server.java:2966) [hadoop-common-3.3.1.jar:?]
01:51:54.987 [IPC Server handler 6 on default port 44011] ERROR OMAudit - user=runner | ip=127.0.0.1 | op=GET_FILE_STATUS {volume=volume70938, bucket=bucket97532, key=level0/level1/level1/file1, dataSize=0, replicationConfig=null} | ret=FAILURE
org.apache.hadoop.ozone.om.exceptions.OMException: Unable to get file status: volume: volume70938 bucket: bucket97532 key: level0/level1/level1/file1
	at org.apache.hadoop.ozone.om.KeyManagerImpl.getOzoneFileStatus(KeyManagerImpl.java:1280) ~[ozone-manager-1.3.0-SNAPSHOT.jar:?]
	at org.apache.hadoop.ozone.om.KeyManagerImpl.getFileStatus(KeyManagerImpl.java:1210) ~[ozone-manager-1.3.0-SNAPSHOT.jar:?]
	at org.apache.hadoop.ozone.om.OzoneManager.getFileStatus(OzoneManager.java:3009) ~[ozone-manager-1.3.0-SNAPSHOT.jar:?]
	at org.apache.hadoop.ozone.protocolPB.OzoneManagerRequestHandler.getOzoneFileStatus(OzoneManagerRequestHandler.java:670) ~[ozone-manager-1.3.0-SNAPSHOT.jar:?]
	at org.apache.hadoop.ozone.protocolPB.OzoneManagerRequestHandler.handleReadRequest(OzoneManagerRequestHandler.java:201) ~[ozone-manager-1.3.0-SNAPSHOT.jar:?]
	at org.apache.hadoop.ozone.protocolPB.OzoneManagerProtocolServerSideTranslatorPB.submitReadRequestToOM(OzoneManagerProtocolServerSideTranslatorPB.java:213) ~[ozone-manager-1.3.0-SNAPSHOT.jar:?]
	at org.apache.hadoop.ozone.protocolPB.OzoneManagerProtocolServerSideTranslatorPB.processRequest(OzoneManagerProtocolServerSideTranslatorPB.java:174) ~[ozone-manager-1.3.0-SNAPSHOT.jar:?]
	at org.apache.hadoop.hdds.server.OzoneProtocolMessageDispatcher.processRequest(OzoneProtocolMessageDispatcher.java:87) [hdds-server-framework-1.3.0-SNAPSHOT.jar:?]
	at org.apache.hadoop.ozone.protocolPB.OzoneManagerProtocolServerSideTranslatorPB.submitRequest(OzoneManagerProtocolServerSideTranslatorPB.java:146) [ozone-manager-1.3.0-SNAPSHOT.jar:?]
	at org.apache.hadoop.ozone.protocol.proto.OzoneManagerProtocolProtos$OzoneManagerService$2.callBlockingMethod(OzoneManagerProtocolProtos.java) [ozone-interface-client-1.3.0-SNAPSHOT.jar:?]
	at org.apache.hadoop.ipc.ProtobufRpcEngine$Server.processCall(ProtobufRpcEngine.java:466) [hadoop-common-3.3.1.jar:?]
	at org.apache.hadoop.ipc.ProtobufRpcEngine2$Server$ProtoBufRpcInvoker.call(ProtobufRpcEngine2.java:574) [hadoop-common-3.3.1.jar:?]
	at org.apache.hadoop.ipc.ProtobufRpcEngine2$Server$ProtoBufRpcInvoker.call(ProtobufRpcEngine2.java:552) [hadoop-common-3.3.1.jar:?]
	at org.apache.hadoop.ipc.RPC$Server.call(RPC.java:1093) [hadoop-common-3.3.1.jar:?]
	at org.apache.hadoop.ipc.Server$RpcCall.run(Server.java:1035) [hadoop-common-3.3.1.jar:?]
	at org.apache.hadoop.ipc.Server$RpcCall.run(Server.java:963) [hadoop-common-3.3.1.jar:?]
	at java.security.AccessController.doPrivileged(Native Method) ~[?:1.8.0_322]
	at javax.security.auth.Subject.doAs(Subject.java:422) [?:1.8.0_322]
	at org.apache.hadoop.security.UserGroupInformation.doAs(UserGroupInformation.java:1878) [hadoop-common-3.3.1.jar:?]
	at org.apache.hadoop.ipc.Server$Handler.run(Server.java:2966) [hadoop-common-3.3.1.jar:?]
01:51:54.988 [IPC Server handler 0 on default port 44011] ERROR OMAudit - user=runner | ip=127.0.0.1 | op=GET_FILE_STATUS {volume=volume70938, bucket=bucket97532, key=level0/level2, dataSize=0, replicationConfig=null} | ret=FAILURE
org.apache.hadoop.ozone.om.exceptions.OMException: Unable to get file status: volume: volume70938 bucket: bucket97532 key: level0/level2
	at org.apache.hadoop.ozone.om.KeyManagerImpl.getOzoneFileStatus(KeyManagerImpl.java:1280) ~[ozone-manager-1.3.0-SNAPSHOT.jar:?]
	at org.apache.hadoop.ozone.om.KeyManagerImpl.getFileStatus(KeyManagerImpl.java:1210) ~[ozone-manager-1.3.0-SNAPSHOT.jar:?]
	at org.apache.hadoop.ozone.om.OzoneManager.getFileStatus(OzoneManager.java:3009) ~[ozone-manager-1.3.0-SNAPSHOT.jar:?]
	at org.apache.hadoop.ozone.protocolPB.OzoneManagerRequestHandler.getOzoneFileStatus(OzoneManagerRequestHandler.java:670) ~[ozone-manager-1.3.0-SNAPSHOT.jar:?]
	at org.apache.hadoop.ozone.protocolPB.OzoneManagerRequestHandler.handleReadRequest(OzoneManagerRequestHandler.java:201) ~[ozone-manager-1.3.0-SNAPSHOT.jar:?]
	at org.apache.hadoop.ozone.protocolPB.OzoneManagerProtocolServerSideTranslatorPB.submitReadRequestToOM(OzoneManagerProtocolServerSideTranslatorPB.java:213) ~[ozone-manager-1.3.0-SNAPSHOT.jar:?]
	at org.apache.hadoop.ozone.protocolPB.OzoneManagerProtocolServerSideTranslatorPB.processRequest(OzoneManagerProtocolServerSideTranslatorPB.java:174) ~[ozone-manager-1.3.0-SNAPSHOT.jar:?]
	at org.apache.hadoop.hdds.server.OzoneProtocolMessageDispatcher.processRequest(OzoneProtocolMessageDispatcher.java:87) [hdds-server-framework-1.3.0-SNAPSHOT.jar:?]
	at org.apache.hadoop.ozone.protocolPB.OzoneManagerProtocolServerSideTranslatorPB.submitRequest(OzoneManagerProtocolServerSideTranslatorPB.java:146) [ozone-manager-1.3.0-SNAPSHOT.jar:?]
	at org.apache.hadoop.ozone.protocol.proto.OzoneManagerProtocolProtos$OzoneManagerService$2.callBlockingMethod(OzoneManagerProtocolProtos.java) [ozone-interface-client-1.3.0-SNAPSHOT.jar:?]
	at org.apache.hadoop.ipc.ProtobufRpcEngine$Server.processCall(ProtobufRpcEngine.java:466) [hadoop-common-3.3.1.jar:?]
	at org.apache.hadoop.ipc.ProtobufRpcEngine2$Server$ProtoBufRpcInvoker.call(ProtobufRpcEngine2.java:574) [hadoop-common-3.3.1.jar:?]
	at org.apache.hadoop.ipc.ProtobufRpcEngine2$Server$ProtoBufRpcInvoker.call(ProtobufRpcEngine2.java:552) [hadoop-common-3.3.1.jar:?]
	at org.apache.hadoop.ipc.RPC$Server.call(RPC.java:1093) [hadoop-common-3.3.1.jar:?]
	at org.apache.hadoop.ipc.Server$RpcCall.run(Server.java:1035) [hadoop-common-3.3.1.jar:?]
	at org.apache.hadoop.ipc.Server$RpcCall.run(Server.java:963) [hadoop-common-3.3.1.jar:?]
	at java.security.AccessController.doPrivileged(Native Method) ~[?:1.8.0_322]
	at javax.security.auth.Subject.doAs(Subject.java:422) [?:1.8.0_322]
	at org.apache.hadoop.security.UserGroupInformation.doAs(UserGroupInformation.java:1878) [hadoop-common-3.3.1.jar:?]
	at org.apache.hadoop.ipc.Server$Handler.run(Server.java:2966) [hadoop-common-3.3.1.jar:?]
01:51:54.989 [IPC Server handler 9 on default port 44011] ERROR OMAudit - user=runner | ip=127.0.0.1 | op=GET_FILE_STATUS {volume=volume70938, bucket=bucket97532, key=level0/level2/level2, dataSize=0, replicationConfig=null} | ret=FAILURE
org.apache.hadoop.ozone.om.exceptions.OMException: Unable to get file status: volume: volume70938 bucket: bucket97532 key: level0/level2/level2
	at org.apache.hadoop.ozone.om.KeyManagerImpl.getOzoneFileStatus(KeyManagerImpl.java:1280) ~[ozone-manager-1.3.0-SNAPSHOT.jar:?]
	at org.apache.hadoop.ozone.om.KeyManagerImpl.getFileStatus(KeyManagerImpl.java:1210) ~[ozone-manager-1.3.0-SNAPSHOT.jar:?]
	at org.apache.hadoop.ozone.om.OzoneManager.getFileStatus(OzoneManager.java:3009) ~[ozone-manager-1.3.0-SNAPSHOT.jar:?]
	at org.apache.hadoop.ozone.protocolPB.OzoneManagerRequestHandler.getOzoneFileStatus(OzoneManagerRequestHandler.java:670) ~[ozone-manager-1.3.0-SNAPSHOT.jar:?]
	at org.apache.hadoop.ozone.protocolPB.OzoneManagerRequestHandler.handleReadRequest(OzoneManagerRequestHandler.java:201) ~[ozone-manager-1.3.0-SNAPSHOT.jar:?]
	at org.apache.hadoop.ozone.protocolPB.OzoneManagerProtocolServerSideTranslatorPB.submitReadRequestToOM(OzoneManagerProtocolServerSideTranslatorPB.java:213) ~[ozone-manager-1.3.0-SNAPSHOT.jar:?]
	at org.apache.hadoop.ozone.protocolPB.OzoneManagerProtocolServerSideTranslatorPB.processRequest(OzoneManagerProtocolServerSideTranslatorPB.java:174) ~[ozone-manager-1.3.0-SNAPSHOT.jar:?]
	at org.apache.hadoop.hdds.server.OzoneProtocolMessageDispatcher.processRequest(OzoneProtocolMessageDispatcher.java:87) [hdds-server-framework-1.3.0-SNAPSHOT.jar:?]
	at org.apache.hadoop.ozone.protocolPB.OzoneManagerProtocolServerSideTranslatorPB.submitRequest(OzoneManagerProtocolServerSideTranslatorPB.java:146) [ozone-manager-1.3.0-SNAPSHOT.jar:?]
	at org.apache.hadoop.ozone.protocol.proto.OzoneManagerProtocolProtos$OzoneManagerService$2.callBlockingMethod(OzoneManagerProtocolProtos.java) [ozone-interface-client-1.3.0-SNAPSHOT.jar:?]
	at org.apache.hadoop.ipc.ProtobufRpcEngine$Server.processCall(ProtobufRpcEngine.java:466) [hadoop-common-3.3.1.jar:?]
	at org.apache.hadoop.ipc.ProtobufRpcEngine2$Server$ProtoBufRpcInvoker.call(ProtobufRpcEngine2.java:574) [hadoop-common-3.3.1.jar:?]
	at org.apache.hadoop.ipc.ProtobufRpcEngine2$Server$ProtoBufRpcInvoker.call(ProtobufRpcEngine2.java:552) [hadoop-common-3.3.1.jar:?]
	at org.apache.hadoop.ipc.RPC$Server.call(RPC.java:1093) [hadoop-common-3.3.1.jar:?]
	at org.apache.hadoop.ipc.Server$RpcCall.run(Server.java:1035) [hadoop-common-3.3.1.jar:?]
	at org.apache.hadoop.ipc.Server$RpcCall.run(Server.java:963) [hadoop-common-3.3.1.jar:?]
	at java.security.AccessController.doPrivileged(Native Method) ~[?:1.8.0_322]
	at javax.security.auth.Subject.doAs(Subject.java:422) [?:1.8.0_322]
	at org.apache.hadoop.security.UserGroupInformation.doAs(UserGroupInformation.java:1878) [hadoop-common-3.3.1.jar:?]
	at org.apache.hadoop.ipc.Server$Handler.run(Server.java:2966) [hadoop-common-3.3.1.jar:?]
01:51:54.990 [IPC Server handler 8 on default port 44011] ERROR OMAudit - user=runner | ip=127.0.0.1 | op=GET_FILE_STATUS {volume=volume70938, bucket=bucket97532, key=level0/level2/file1, dataSize=0, replicationConfig=null} | ret=FAILURE
org.apache.hadoop.ozone.om.exceptions.OMException: Unable to get file status: volume: volume70938 bucket: bucket97532 key: level0/level2/file1
	at org.apache.hadoop.ozone.om.KeyManagerImpl.getOzoneFileStatus(KeyManagerImpl.java:1280) ~[ozone-manager-1.3.0-SNAPSHOT.jar:?]
	at org.apache.hadoop.ozone.om.KeyManagerImpl.getFileStatus(KeyManagerImpl.java:1210) ~[ozone-manager-1.3.0-SNAPSHOT.jar:?]
	at org.apache.hadoop.ozone.om.OzoneManager.getFileStatus(OzoneManager.java:3009) ~[ozone-manager-1.3.0-SNAPSHOT.jar:?]
	at org.apache.hadoop.ozone.protocolPB.OzoneManagerRequestHandler.getOzoneFileStatus(OzoneManagerRequestHandler.java:670) ~[ozone-manager-1.3.0-SNAPSHOT.jar:?]
	at org.apache.hadoop.ozone.protocolPB.OzoneManagerRequestHandler.handleReadRequest(OzoneManagerRequestHandler.java:201) ~[ozone-manager-1.3.0-SNAPSHOT.jar:?]
	at org.apache.hadoop.ozone.protocolPB.OzoneManagerProtocolServerSideTranslatorPB.submitReadRequestToOM(OzoneManagerProtocolServerSideTranslatorPB.java:213) ~[ozone-manager-1.3.0-SNAPSHOT.jar:?]
	at org.apache.hadoop.ozone.protocolPB.OzoneManagerProtocolServerSideTranslatorPB.processRequest(OzoneManagerProtocolServerSideTranslatorPB.java:174) ~[ozone-manager-1.3.0-SNAPSHOT.jar:?]
	at org.apache.hadoop.hdds.server.OzoneProtocolMessageDispatcher.processRequest(OzoneProtocolMessageDispatcher.java:87) [hdds-server-framework-1.3.0-SNAPSHOT.jar:?]
	at org.apache.hadoop.ozone.protocolPB.OzoneManagerProtocolServerSideTranslatorPB.submitRequest(OzoneManagerProtocolServerSideTranslatorPB.java:146) [ozone-manager-1.3.0-SNAPSHOT.jar:?]
	at org.apache.hadoop.ozone.protocol.proto.OzoneManagerProtocolProtos$OzoneManagerService$2.callBlockingMethod(OzoneManagerProtocolProtos.java) [ozone-interface-client-1.3.0-SNAPSHOT.jar:?]
	at org.apache.hadoop.ipc.ProtobufRpcEngine$Server.processCall(ProtobufRpcEngine.java:466) [hadoop-common-3.3.1.jar:?]
	at org.apache.hadoop.ipc.ProtobufRpcEngine2$Server$ProtoBufRpcInvoker.call(ProtobufRpcEngine2.java:574) [hadoop-common-3.3.1.jar:?]
	at org.apache.hadoop.ipc.ProtobufRpcEngine2$Server$ProtoBufRpcInvoker.call(ProtobufRpcEngine2.java:552) [hadoop-common-3.3.1.jar:?]
	at org.apache.hadoop.ipc.RPC$Server.call(RPC.java:1093) [hadoop-common-3.3.1.jar:?]
	at org.apache.hadoop.ipc.Server$RpcCall.run(Server.java:1035) [hadoop-common-3.3.1.jar:?]
	at org.apache.hadoop.ipc.Server$RpcCall.run(Server.java:963) [hadoop-common-3.3.1.jar:?]
	at java.security.AccessController.doPrivileged(Native Method) ~[?:1.8.0_322]
	at javax.security.auth.Subject.doAs(Subject.java:422) [?:1.8.0_322]
	at org.apache.hadoop.security.UserGroupInformation.doAs(UserGroupInformation.java:1878) [hadoop-common-3.3.1.jar:?]
	at org.apache.hadoop.ipc.Server$Handler.run(Server.java:2966) [hadoop-common-3.3.1.jar:?]
01:51:54.991 [IPC Server handler 10 on default port 44011] ERROR OMAudit - user=runner | ip=127.0.0.1 | op=GET_FILE_STATUS {volume=volume70938, bucket=bucket97532, key=level0/level2/level2/file1, dataSize=0, replicationConfig=null} | ret=FAILURE
org.apache.hadoop.ozone.om.exceptions.OMException: Unable to get file status: volume: volume70938 bucket: bucket97532 key: level0/level2/level2/file1
	at org.apache.hadoop.ozone.om.KeyManagerImpl.getOzoneFileStatus(KeyManagerImpl.java:1280) ~[ozone-manager-1.3.0-SNAPSHOT.jar:?]
	at org.apache.hadoop.ozone.om.KeyManagerImpl.getFileStatus(KeyManagerImpl.java:1210) ~[ozone-manager-1.3.0-SNAPSHOT.jar:?]
	at org.apache.hadoop.ozone.om.OzoneManager.getFileStatus(OzoneManager.java:3009) ~[ozone-manager-1.3.0-SNAPSHOT.jar:?]
	at org.apache.hadoop.ozone.protocolPB.OzoneManagerRequestHandler.getOzoneFileStatus(OzoneManagerRequestHandler.java:670) ~[ozone-manager-1.3.0-SNAPSHOT.jar:?]
	at org.apache.hadoop.ozone.protocolPB.OzoneManagerRequestHandler.handleReadRequest(OzoneManagerRequestHandler.java:201) ~[ozone-manager-1.3.0-SNAPSHOT.jar:?]
	at org.apache.hadoop.ozone.protocolPB.OzoneManagerProtocolServerSideTranslatorPB.submitReadRequestToOM(OzoneManagerProtocolServerSideTranslatorPB.java:213) ~[ozone-manager-1.3.0-SNAPSHOT.jar:?]
	at org.apache.hadoop.ozone.protocolPB.OzoneManagerProtocolServerSideTranslatorPB.processRequest(OzoneManagerProtocolServerSideTranslatorPB.java:174) ~[ozone-manager-1.3.0-SNAPSHOT.jar:?]
	at org.apache.hadoop.hdds.server.OzoneProtocolMessageDispatcher.processRequest(OzoneProtocolMessageDispatcher.java:87) [hdds-server-framework-1.3.0-SNAPSHOT.jar:?]
	at org.apache.hadoop.ozone.protocolPB.OzoneManagerProtocolServerSideTranslatorPB.submitRequest(OzoneManagerProtocolServerSideTranslatorPB.java:146) [ozone-manager-1.3.0-SNAPSHOT.jar:?]
	at org.apache.hadoop.ozone.protocol.proto.OzoneManagerProtocolProtos$OzoneManagerService$2.callBlockingMethod(OzoneManagerProtocolProtos.java) [ozone-interface-client-1.3.0-SNAPSHOT.jar:?]
	at org.apache.hadoop.ipc.ProtobufRpcEngine$Server.processCall(ProtobufRpcEngine.java:466) [hadoop-common-3.3.1.jar:?]
	at org.apache.hadoop.ipc.ProtobufRpcEngine2$Server$ProtoBufRpcInvoker.call(ProtobufRpcEngine2.java:574) [hadoop-common-3.3.1.jar:?]
	at org.apache.hadoop.ipc.ProtobufRpcEngine2$Server$ProtoBufRpcInvoker.call(ProtobufRpcEngine2.java:552) [hadoop-common-3.3.1.jar:?]
	at org.apache.hadoop.ipc.RPC$Server.call(RPC.java:1093) [hadoop-common-3.3.1.jar:?]
	at org.apache.hadoop.ipc.Server$RpcCall.run(Server.java:1035) [hadoop-common-3.3.1.jar:?]
	at org.apache.hadoop.ipc.Server$RpcCall.run(Server.java:963) [hadoop-common-3.3.1.jar:?]
	at java.security.AccessController.doPrivileged(Native Method) ~[?:1.8.0_322]
	at javax.security.auth.Subject.doAs(Subject.java:422) [?:1.8.0_322]
	at org.apache.hadoop.security.UserGroupInformation.doAs(UserGroupInformation.java:1878) [hadoop-common-3.3.1.jar:?]
	at org.apache.hadoop.ipc.Server$Handler.run(Server.java:2966) [hadoop-common-3.3.1.jar:?]
01:51:54.992 [IPC Server handler 3 on default port 44011] ERROR OMAudit - user=runner | ip=127.0.0.1 | op=GET_FILE_STATUS {volume=volume70938, bucket=bucket97532, key=level0/level3, dataSize=0, replicationConfig=null} | ret=FAILURE
org.apache.hadoop.ozone.om.exceptions.OMException: Unable to get file status: volume: volume70938 bucket: bucket97532 key: level0/level3
	at org.apache.hadoop.ozone.om.KeyManagerImpl.getOzoneFileStatus(KeyManagerImpl.java:1280) ~[ozone-manager-1.3.0-SNAPSHOT.jar:?]
	at org.apache.hadoop.ozone.om.KeyManagerImpl.getFileStatus(KeyManagerImpl.java:1210) ~[ozone-manager-1.3.0-SNAPSHOT.jar:?]
	at org.apache.hadoop.ozone.om.OzoneManager.getFileStatus(OzoneManager.java:3009) ~[ozone-manager-1.3.0-SNAPSHOT.jar:?]
	at org.apache.hadoop.ozone.protocolPB.OzoneManagerRequestHandler.getOzoneFileStatus(OzoneManagerRequestHandler.java:670) ~[ozone-manager-1.3.0-SNAPSHOT.jar:?]
	at org.apache.hadoop.ozone.protocolPB.OzoneManagerRequestHandler.handleReadRequest(OzoneManagerRequestHandler.java:201) ~[ozone-manager-1.3.0-SNAPSHOT.jar:?]
	at org.apache.hadoop.ozone.protocolPB.OzoneManagerProtocolServerSideTranslatorPB.submitReadRequestToOM(OzoneManagerProtocolServerSideTranslatorPB.java:213) ~[ozone-manager-1.3.0-SNAPSHOT.jar:?]
	at org.apache.hadoop.ozone.protocolPB.OzoneManagerProtocolServerSideTranslatorPB.processRequest(OzoneManagerProtocolServerSideTranslatorPB.java:174) ~[ozone-manager-1.3.0-SNAPSHOT.jar:?]
	at org.apache.hadoop.hdds.server.OzoneProtocolMessageDispatcher.processRequest(OzoneProtocolMessageDispatcher.java:87) [hdds-server-framework-1.3.0-SNAPSHOT.jar:?]
	at org.apache.hadoop.ozone.protocolPB.OzoneManagerProtocolServerSideTranslatorPB.submitRequest(OzoneManagerProtocolServerSideTranslatorPB.java:146) [ozone-manager-1.3.0-SNAPSHOT.jar:?]
	at org.apache.hadoop.ozone.protocol.proto.OzoneManagerProtocolProtos$OzoneManagerService$2.callBlockingMethod(OzoneManagerProtocolProtos.java) [ozone-interface-client-1.3.0-SNAPSHOT.jar:?]
	at org.apache.hadoop.ipc.ProtobufRpcEngine$Server.processCall(ProtobufRpcEngine.java:466) [hadoop-common-3.3.1.jar:?]
	at org.apache.hadoop.ipc.ProtobufRpcEngine2$Server$ProtoBufRpcInvoker.call(ProtobufRpcEngine2.java:574) [hadoop-common-3.3.1.jar:?]
	at org.apache.hadoop.ipc.ProtobufRpcEngine2$Server$ProtoBufRpcInvoker.call(ProtobufRpcEngine2.java:552) [hadoop-common-3.3.1.jar:?]
	at org.apache.hadoop.ipc.RPC$Server.call(RPC.java:1093) [hadoop-common-3.3.1.jar:?]
	at org.apache.hadoop.ipc.Server$RpcCall.run(Server.java:1035) [hadoop-common-3.3.1.jar:?]
	at org.apache.hadoop.ipc.Server$RpcCall.run(Server.java:963) [hadoop-common-3.3.1.jar:?]
	at java.security.AccessController.doPrivileged(Native Method) ~[?:1.8.0_322]
	at javax.security.auth.Subject.doAs(Subject.java:422) [?:1.8.0_322]
	at org.apache.hadoop.security.UserGroupInformation.doAs(UserGroupInformation.java:1878) [hadoop-common-3.3.1.jar:?]
	at org.apache.hadoop.ipc.Server$Handler.run(Server.java:2966) [hadoop-common-3.3.1.jar:?]
01:51:54.993 [IPC Server handler 11 on default port 44011] ERROR OMAudit - user=runner | ip=127.0.0.1 | op=GET_FILE_STATUS {volume=volume70938, bucket=bucket97532, key=level0/level3/level3, dataSize=0, replicationConfig=null} | ret=FAILURE
org.apache.hadoop.ozone.om.exceptions.OMException: Unable to get file status: volume: volume70938 bucket: bucket97532 key: level0/level3/level3
	at org.apache.hadoop.ozone.om.KeyManagerImpl.getOzoneFileStatus(KeyManagerImpl.java:1280) ~[ozone-manager-1.3.0-SNAPSHOT.jar:?]
	at org.apache.hadoop.ozone.om.KeyManagerImpl.getFileStatus(KeyManagerImpl.java:1210) ~[ozone-manager-1.3.0-SNAPSHOT.jar:?]
	at org.apache.hadoop.ozone.om.OzoneManager.getFileStatus(OzoneManager.java:3009) ~[ozone-manager-1.3.0-SNAPSHOT.jar:?]
	at org.apache.hadoop.ozone.protocolPB.OzoneManagerRequestHandler.getOzoneFileStatus(OzoneManagerRequestHandler.java:670) ~[ozone-manager-1.3.0-SNAPSHOT.jar:?]
	at org.apache.hadoop.ozone.protocolPB.OzoneManagerRequestHandler.handleReadRequest(OzoneManagerRequestHandler.java:201) ~[ozone-manager-1.3.0-SNAPSHOT.jar:?]
	at org.apache.hadoop.ozone.protocolPB.OzoneManagerProtocolServerSideTranslatorPB.submitReadRequestToOM(OzoneManagerProtocolServerSideTranslatorPB.java:213) ~[ozone-manager-1.3.0-SNAPSHOT.jar:?]
	at org.apache.hadoop.ozone.protocolPB.OzoneManagerProtocolServerSideTranslatorPB.processRequest(OzoneManagerProtocolServerSideTranslatorPB.java:174) ~[ozone-manager-1.3.0-SNAPSHOT.jar:?]
	at org.apache.hadoop.hdds.server.OzoneProtocolMessageDispatcher.processRequest(OzoneProtocolMessageDispatcher.java:87) [hdds-server-framework-1.3.0-SNAPSHOT.jar:?]
	at org.apache.hadoop.ozone.protocolPB.OzoneManagerProtocolServerSideTranslatorPB.submitRequest(OzoneManagerProtocolServerSideTranslatorPB.java:146) [ozone-manager-1.3.0-SNAPSHOT.jar:?]
	at org.apache.hadoop.ozone.protocol.proto.OzoneManagerProtocolProtos$OzoneManagerService$2.callBlockingMethod(OzoneManagerProtocolProtos.java) [ozone-interface-client-1.3.0-SNAPSHOT.jar:?]
	at org.apache.hadoop.ipc.ProtobufRpcEngine$Server.processCall(ProtobufRpcEngine.java:466) [hadoop-common-3.3.1.jar:?]
	at org.apache.hadoop.ipc.ProtobufRpcEngine2$Server$ProtoBufRpcInvoker.call(ProtobufRpcEngine2.java:574) [hadoop-common-3.3.1.jar:?]
	at org.apache.hadoop.ipc.ProtobufRpcEngine2$Server$ProtoBufRpcInvoker.call(ProtobufRpcEngine2.java:552) [hadoop-common-3.3.1.jar:?]
	at org.apache.hadoop.ipc.RPC$Server.call(RPC.java:1093) [hadoop-common-3.3.1.jar:?]
	at org.apache.hadoop.ipc.Server$RpcCall.run(Server.java:1035) [hadoop-common-3.3.1.jar:?]
	at org.apache.hadoop.ipc.Server$RpcCall.run(Server.java:963) [hadoop-common-3.3.1.jar:?]
	at java.security.AccessController.doPrivileged(Native Method) ~[?:1.8.0_322]
	at javax.security.auth.Subject.doAs(Subject.java:422) [?:1.8.0_322]
	at org.apache.hadoop.security.UserGroupInformation.doAs(UserGroupInformation.java:1878) [hadoop-common-3.3.1.jar:?]
	at org.apache.hadoop.ipc.Server$Handler.run(Server.java:2966) [hadoop-common-3.3.1.jar:?]
01:51:54.994 [IPC Server handler 14 on default port 44011] ERROR OMAudit - user=runner | ip=127.0.0.1 | op=GET_FILE_STATUS {volume=volume70938, bucket=bucket97532, key=level0/level3/file1, dataSize=0, replicationConfig=null} | ret=FAILURE
org.apache.hadoop.ozone.om.exceptions.OMException: Unable to get file status: volume: volume70938 bucket: bucket97532 key: level0/level3/file1
	at org.apache.hadoop.ozone.om.KeyManagerImpl.getOzoneFileStatus(KeyManagerImpl.java:1280) ~[ozone-manager-1.3.0-SNAPSHOT.jar:?]
	at org.apache.hadoop.ozone.om.KeyManagerImpl.getFileStatus(KeyManagerImpl.java:1210) ~[ozone-manager-1.3.0-SNAPSHOT.jar:?]
	at org.apache.hadoop.ozone.om.OzoneManager.getFileStatus(OzoneManager.java:3009) ~[ozone-manager-1.3.0-SNAPSHOT.jar:?]
	at org.apache.hadoop.ozone.protocolPB.OzoneManagerRequestHandler.getOzoneFileStatus(OzoneManagerRequestHandler.java:670) ~[ozone-manager-1.3.0-SNAPSHOT.jar:?]
	at org.apache.hadoop.ozone.protocolPB.OzoneManagerRequestHandler.handleReadRequest(OzoneManagerRequestHandler.java:201) ~[ozone-manager-1.3.0-SNAPSHOT.jar:?]
	at org.apache.hadoop.ozone.protocolPB.OzoneManagerProtocolServerSideTranslatorPB.submitReadRequestToOM(OzoneManagerProtocolServerSideTranslatorPB.java:213) ~[ozone-manager-1.3.0-SNAPSHOT.jar:?]
	at org.apache.hadoop.ozone.protocolPB.OzoneManagerProtocolServerSideTranslatorPB.processRequest(OzoneManagerProtocolServerSideTranslatorPB.java:174) ~[ozone-manager-1.3.0-SNAPSHOT.jar:?]
	at org.apache.hadoop.hdds.server.OzoneProtocolMessageDispatcher.processRequest(OzoneProtocolMessageDispatcher.java:87) [hdds-server-framework-1.3.0-SNAPSHOT.jar:?]
	at org.apache.hadoop.ozone.protocolPB.OzoneManagerProtocolServerSideTranslatorPB.submitRequest(OzoneManagerProtocolServerSideTranslatorPB.java:146) [ozone-manager-1.3.0-SNAPSHOT.jar:?]
	at org.apache.hadoop.ozone.protocol.proto.OzoneManagerProtocolProtos$OzoneManagerService$2.callBlockingMethod(OzoneManagerProtocolProtos.java) [ozone-interface-client-1.3.0-SNAPSHOT.jar:?]
	at org.apache.hadoop.ipc.ProtobufRpcEngine$Server.processCall(ProtobufRpcEngine.java:466) [hadoop-common-3.3.1.jar:?]
	at org.apache.hadoop.ipc.ProtobufRpcEngine2$Server$ProtoBufRpcInvoker.call(ProtobufRpcEngine2.java:574) [hadoop-common-3.3.1.jar:?]
	at org.apache.hadoop.ipc.ProtobufRpcEngine2$Server$ProtoBufRpcInvoker.call(ProtobufRpcEngine2.java:552) [hadoop-common-3.3.1.jar:?]
	at org.apache.hadoop.ipc.RPC$Server.call(RPC.java:1093) [hadoop-common-3.3.1.jar:?]
	at org.apache.hadoop.ipc.Server$RpcCall.run(Server.java:1035) [hadoop-common-3.3.1.jar:?]
	at org.apache.hadoop.ipc.Server$RpcCall.run(Server.java:963) [hadoop-common-3.3.1.jar:?]
	at java.security.AccessController.doPrivileged(Native Method) ~[?:1.8.0_322]
	at javax.security.auth.Subject.doAs(Subject.java:422) [?:1.8.0_322]
	at org.apache.hadoop.security.UserGroupInformation.doAs(UserGroupInformation.java:1878) [hadoop-common-3.3.1.jar:?]
	at org.apache.hadoop.ipc.Server$Handler.run(Server.java:2966) [hadoop-common-3.3.1.jar:?]
01:51:54.997 [IPC Server handler 16 on default port 44011] ERROR OMAudit - user=runner | ip=127.0.0.1 | op=GET_FILE_STATUS {volume=volume70938, bucket=bucket97532, key=level0/level3/level3/file1, dataSize=0, replicationConfig=null} | ret=FAILURE
org.apache.hadoop.ozone.om.exceptions.OMException: Unable to get file status: volume: volume70938 bucket: bucket97532 key: level0/level3/level3/file1
	at org.apache.hadoop.ozone.om.KeyManagerImpl.getOzoneFileStatus(KeyManagerImpl.java:1280) ~[ozone-manager-1.3.0-SNAPSHOT.jar:?]
	at org.apache.hadoop.ozone.om.KeyManagerImpl.getFileStatus(KeyManagerImpl.java:1210) ~[ozone-manager-1.3.0-SNAPSHOT.jar:?]
	at org.apache.hadoop.ozone.om.OzoneManager.getFileStatus(OzoneManager.java:3009) ~[ozone-manager-1.3.0-SNAPSHOT.jar:?]
	at org.apache.hadoop.ozone.protocolPB.OzoneManagerRequestHandler.getOzoneFileStatus(OzoneManagerRequestHandler.java:670) ~[ozone-manager-1.3.0-SNAPSHOT.jar:?]
	at org.apache.hadoop.ozone.protocolPB.OzoneManagerRequestHandler.handleReadRequest(OzoneManagerRequestHandler.java:201) ~[ozone-manager-1.3.0-SNAPSHOT.jar:?]
	at org.apache.hadoop.ozone.protocolPB.OzoneManagerProtocolServerSideTranslatorPB.submitReadRequestToOM(OzoneManagerProtocolServerSideTranslatorPB.java:213) ~[ozone-manager-1.3.0-SNAPSHOT.jar:?]
	at org.apache.hadoop.ozone.protocolPB.OzoneManagerProtocolServerSideTranslatorPB.processRequest(OzoneManagerProtocolServerSideTranslatorPB.java:174) ~[ozone-manager-1.3.0-SNAPSHOT.jar:?]
	at org.apache.hadoop.hdds.server.OzoneProtocolMessageDispatcher.processRequest(OzoneProtocolMessageDispatcher.java:87) [hdds-server-framework-1.3.0-SNAPSHOT.jar:?]
	at org.apache.hadoop.ozone.protocolPB.OzoneManagerProtocolServerSideTranslatorPB.submitRequest(OzoneManagerProtocolServerSideTranslatorPB.java:146) [ozone-manager-1.3.0-SNAPSHOT.jar:?]
	at org.apache.hadoop.ozone.protocol.proto.OzoneManagerProtocolProtos$OzoneManagerService$2.callBlockingMethod(OzoneManagerProtocolProtos.java) [ozone-interface-client-1.3.0-SNAPSHOT.jar:?]
	at org.apache.hadoop.ipc.ProtobufRpcEngine$Server.processCall(ProtobufRpcEngine.java:466) [hadoop-common-3.3.1.jar:?]
	at org.apache.hadoop.ipc.ProtobufRpcEngine2$Server$ProtoBufRpcInvoker.call(ProtobufRpcEngine2.java:574) [hadoop-common-3.3.1.jar:?]
	at org.apache.hadoop.ipc.ProtobufRpcEngine2$Server$ProtoBufRpcInvoker.call(ProtobufRpcEngine2.java:552) [hadoop-common-3.3.1.jar:?]
	at org.apache.hadoop.ipc.RPC$Server.call(RPC.java:1093) [hadoop-common-3.3.1.jar:?]
	at org.apache.hadoop.ipc.Server$RpcCall.run(Server.java:1035) [hadoop-common-3.3.1.jar:?]
	at org.apache.hadoop.ipc.Server$RpcCall.run(Server.java:963) [hadoop-common-3.3.1.jar:?]
	at java.security.AccessController.doPrivileged(Native Method) ~[?:1.8.0_322]
	at javax.security.auth.Subject.doAs(Subject.java:422) [?:1.8.0_322]
	at org.apache.hadoop.security.UserGroupInformation.doAs(UserGroupInformation.java:1878) [hadoop-common-3.3.1.jar:?]
	at org.apache.hadoop.ipc.Server$Handler.run(Server.java:2966) [hadoop-common-3.3.1.jar:?]
]]></system-out>
  </testcase>
  <testcase name="testRecursiveDelete" classname="TestOzoneFileSystem" time="0.211">
    <system-out><![CDATA[01:52:53.878 [IPC Server handler 3 on default port 46323] ERROR OMAudit - user=runner | ip=127.0.0.1 | op=GET_FILE_STATUS {volume=volume68825, bucket=bucket30700, key=gdir1, dataSize=0, replicationConfig=null} | ret=FAILURE
org.apache.hadoop.ozone.om.exceptions.OMException: Unable to get file status: volume: volume68825 bucket: bucket30700 key: gdir1
	at org.apache.hadoop.ozone.om.KeyManagerImpl.getOzoneFileStatus(KeyManagerImpl.java:1280) ~[ozone-manager-1.3.0-SNAPSHOT.jar:?]
	at org.apache.hadoop.ozone.om.KeyManagerImpl.getFileStatus(KeyManagerImpl.java:1210) ~[ozone-manager-1.3.0-SNAPSHOT.jar:?]
	at org.apache.hadoop.ozone.om.OzoneManager.getFileStatus(OzoneManager.java:3009) ~[ozone-manager-1.3.0-SNAPSHOT.jar:?]
	at org.apache.hadoop.ozone.protocolPB.OzoneManagerRequestHandler.getOzoneFileStatus(OzoneManagerRequestHandler.java:670) ~[ozone-manager-1.3.0-SNAPSHOT.jar:?]
	at org.apache.hadoop.ozone.protocolPB.OzoneManagerRequestHandler.handleReadRequest(OzoneManagerRequestHandler.java:201) ~[ozone-manager-1.3.0-SNAPSHOT.jar:?]
	at org.apache.hadoop.ozone.protocolPB.OzoneManagerProtocolServerSideTranslatorPB.submitRequestDirectlyToOM(OzoneManagerProtocolServerSideTranslatorPB.java:271) ~[ozone-manager-1.3.0-SNAPSHOT.jar:?]
	at org.apache.hadoop.ozone.protocolPB.OzoneManagerProtocolServerSideTranslatorPB.processRequest(OzoneManagerProtocolServerSideTranslatorPB.java:195) ~[ozone-manager-1.3.0-SNAPSHOT.jar:?]
	at org.apache.hadoop.hdds.server.OzoneProtocolMessageDispatcher.processRequest(OzoneProtocolMessageDispatcher.java:87) [hdds-server-framework-1.3.0-SNAPSHOT.jar:?]
	at org.apache.hadoop.ozone.protocolPB.OzoneManagerProtocolServerSideTranslatorPB.submitRequest(OzoneManagerProtocolServerSideTranslatorPB.java:146) [ozone-manager-1.3.0-SNAPSHOT.jar:?]
	at org.apache.hadoop.ozone.protocol.proto.OzoneManagerProtocolProtos$OzoneManagerService$2.callBlockingMethod(OzoneManagerProtocolProtos.java) [ozone-interface-client-1.3.0-SNAPSHOT.jar:?]
	at org.apache.hadoop.ipc.ProtobufRpcEngine$Server.processCall(ProtobufRpcEngine.java:466) [hadoop-common-3.3.1.jar:?]
	at org.apache.hadoop.ipc.ProtobufRpcEngine2$Server$ProtoBufRpcInvoker.call(ProtobufRpcEngine2.java:574) [hadoop-common-3.3.1.jar:?]
	at org.apache.hadoop.ipc.ProtobufRpcEngine2$Server$ProtoBufRpcInvoker.call(ProtobufRpcEngine2.java:552) [hadoop-common-3.3.1.jar:?]
	at org.apache.hadoop.ipc.RPC$Server.call(RPC.java:1093) [hadoop-common-3.3.1.jar:?]
	at org.apache.hadoop.ipc.Server$RpcCall.run(Server.java:1035) [hadoop-common-3.3.1.jar:?]
	at org.apache.hadoop.ipc.Server$RpcCall.run(Server.java:963) [hadoop-common-3.3.1.jar:?]
	at java.security.AccessController.doPrivileged(Native Method) ~[?:1.8.0_322]
	at javax.security.auth.Subject.doAs(Subject.java:422) [?:1.8.0_322]
	at org.apache.hadoop.security.UserGroupInformation.doAs(UserGroupInformation.java:1878) [hadoop-common-3.3.1.jar:?]
	at org.apache.hadoop.ipc.Server$Handler.run(Server.java:2966) [hadoop-common-3.3.1.jar:?]
01:52:53.878 [IPC Server handler 1 on default port 46323] ERROR OMAudit - user=runner | ip=127.0.0.1 | op=GET_FILE_STATUS {volume=volume68825, bucket=bucket30700, key=gdir1/dir1, dataSize=0, replicationConfig=null} | ret=FAILURE
org.apache.hadoop.ozone.om.exceptions.OMException: Unable to get file status: volume: volume68825 bucket: bucket30700 key: gdir1/dir1
	at org.apache.hadoop.ozone.om.KeyManagerImpl.getOzoneFileStatus(KeyManagerImpl.java:1280) ~[ozone-manager-1.3.0-SNAPSHOT.jar:?]
	at org.apache.hadoop.ozone.om.KeyManagerImpl.getFileStatus(KeyManagerImpl.java:1210) ~[ozone-manager-1.3.0-SNAPSHOT.jar:?]
	at org.apache.hadoop.ozone.om.OzoneManager.getFileStatus(OzoneManager.java:3009) ~[ozone-manager-1.3.0-SNAPSHOT.jar:?]
	at org.apache.hadoop.ozone.protocolPB.OzoneManagerRequestHandler.getOzoneFileStatus(OzoneManagerRequestHandler.java:670) ~[ozone-manager-1.3.0-SNAPSHOT.jar:?]
	at org.apache.hadoop.ozone.protocolPB.OzoneManagerRequestHandler.handleReadRequest(OzoneManagerRequestHandler.java:201) ~[ozone-manager-1.3.0-SNAPSHOT.jar:?]
	at org.apache.hadoop.ozone.protocolPB.OzoneManagerProtocolServerSideTranslatorPB.submitRequestDirectlyToOM(OzoneManagerProtocolServerSideTranslatorPB.java:271) ~[ozone-manager-1.3.0-SNAPSHOT.jar:?]
	at org.apache.hadoop.ozone.protocolPB.OzoneManagerProtocolServerSideTranslatorPB.processRequest(OzoneManagerProtocolServerSideTranslatorPB.java:195) ~[ozone-manager-1.3.0-SNAPSHOT.jar:?]
	at org.apache.hadoop.hdds.server.OzoneProtocolMessageDispatcher.processRequest(OzoneProtocolMessageDispatcher.java:87) [hdds-server-framework-1.3.0-SNAPSHOT.jar:?]
	at org.apache.hadoop.ozone.protocolPB.OzoneManagerProtocolServerSideTranslatorPB.submitRequest(OzoneManagerProtocolServerSideTranslatorPB.java:146) [ozone-manager-1.3.0-SNAPSHOT.jar:?]
	at org.apache.hadoop.ozone.protocol.proto.OzoneManagerProtocolProtos$OzoneManagerService$2.callBlockingMethod(OzoneManagerProtocolProtos.java) [ozone-interface-client-1.3.0-SNAPSHOT.jar:?]
	at org.apache.hadoop.ipc.ProtobufRpcEngine$Server.processCall(ProtobufRpcEngine.java:466) [hadoop-common-3.3.1.jar:?]
	at org.apache.hadoop.ipc.ProtobufRpcEngine2$Server$ProtoBufRpcInvoker.call(ProtobufRpcEngine2.java:574) [hadoop-common-3.3.1.jar:?]
	at org.apache.hadoop.ipc.ProtobufRpcEngine2$Server$ProtoBufRpcInvoker.call(ProtobufRpcEngine2.java:552) [hadoop-common-3.3.1.jar:?]
	at org.apache.hadoop.ipc.RPC$Server.call(RPC.java:1093) [hadoop-common-3.3.1.jar:?]
	at org.apache.hadoop.ipc.Server$RpcCall.run(Server.java:1035) [hadoop-common-3.3.1.jar:?]
	at org.apache.hadoop.ipc.Server$RpcCall.run(Server.java:963) [hadoop-common-3.3.1.jar:?]
	at java.security.AccessController.doPrivileged(Native Method) ~[?:1.8.0_322]
	at javax.security.auth.Subject.doAs(Subject.java:422) [?:1.8.0_322]
	at org.apache.hadoop.security.UserGroupInformation.doAs(UserGroupInformation.java:1878) [hadoop-common-3.3.1.jar:?]
	at org.apache.hadoop.ipc.Server$Handler.run(Server.java:2966) [hadoop-common-3.3.1.jar:?]
01:52:53.879 [IPC Server handler 0 on default port 46323] ERROR OMAudit - user=runner | ip=127.0.0.1 | op=GET_FILE_STATUS {volume=volume68825, bucket=bucket30700, key=gdir1/dir1/child, dataSize=0, replicationConfig=null} | ret=FAILURE
org.apache.hadoop.ozone.om.exceptions.OMException: Unable to get file status: volume: volume68825 bucket: bucket30700 key: gdir1/dir1/child
	at org.apache.hadoop.ozone.om.KeyManagerImpl.getOzoneFileStatus(KeyManagerImpl.java:1280) ~[ozone-manager-1.3.0-SNAPSHOT.jar:?]
	at org.apache.hadoop.ozone.om.KeyManagerImpl.getFileStatus(KeyManagerImpl.java:1210) ~[ozone-manager-1.3.0-SNAPSHOT.jar:?]
	at org.apache.hadoop.ozone.om.OzoneManager.getFileStatus(OzoneManager.java:3009) ~[ozone-manager-1.3.0-SNAPSHOT.jar:?]
	at org.apache.hadoop.ozone.protocolPB.OzoneManagerRequestHandler.getOzoneFileStatus(OzoneManagerRequestHandler.java:670) ~[ozone-manager-1.3.0-SNAPSHOT.jar:?]
	at org.apache.hadoop.ozone.protocolPB.OzoneManagerRequestHandler.handleReadRequest(OzoneManagerRequestHandler.java:201) ~[ozone-manager-1.3.0-SNAPSHOT.jar:?]
	at org.apache.hadoop.ozone.protocolPB.OzoneManagerProtocolServerSideTranslatorPB.submitRequestDirectlyToOM(OzoneManagerProtocolServerSideTranslatorPB.java:271) ~[ozone-manager-1.3.0-SNAPSHOT.jar:?]
	at org.apache.hadoop.ozone.protocolPB.OzoneManagerProtocolServerSideTranslatorPB.processRequest(OzoneManagerProtocolServerSideTranslatorPB.java:195) ~[ozone-manager-1.3.0-SNAPSHOT.jar:?]
	at org.apache.hadoop.hdds.server.OzoneProtocolMessageDispatcher.processRequest(OzoneProtocolMessageDispatcher.java:87) [hdds-server-framework-1.3.0-SNAPSHOT.jar:?]
	at org.apache.hadoop.ozone.protocolPB.OzoneManagerProtocolServerSideTranslatorPB.submitRequest(OzoneManagerProtocolServerSideTranslatorPB.java:146) [ozone-manager-1.3.0-SNAPSHOT.jar:?]
	at org.apache.hadoop.ozone.protocol.proto.OzoneManagerProtocolProtos$OzoneManagerService$2.callBlockingMethod(OzoneManagerProtocolProtos.java) [ozone-interface-client-1.3.0-SNAPSHOT.jar:?]
	at org.apache.hadoop.ipc.ProtobufRpcEngine$Server.processCall(ProtobufRpcEngine.java:466) [hadoop-common-3.3.1.jar:?]
	at org.apache.hadoop.ipc.ProtobufRpcEngine2$Server$ProtoBufRpcInvoker.call(ProtobufRpcEngine2.java:574) [hadoop-common-3.3.1.jar:?]
	at org.apache.hadoop.ipc.ProtobufRpcEngine2$Server$ProtoBufRpcInvoker.call(ProtobufRpcEngine2.java:552) [hadoop-common-3.3.1.jar:?]
	at org.apache.hadoop.ipc.RPC$Server.call(RPC.java:1093) [hadoop-common-3.3.1.jar:?]
	at org.apache.hadoop.ipc.Server$RpcCall.run(Server.java:1035) [hadoop-common-3.3.1.jar:?]
	at org.apache.hadoop.ipc.Server$RpcCall.run(Server.java:963) [hadoop-common-3.3.1.jar:?]
	at java.security.AccessController.doPrivileged(Native Method) ~[?:1.8.0_322]
	at javax.security.auth.Subject.doAs(Subject.java:422) [?:1.8.0_322]
	at org.apache.hadoop.security.UserGroupInformation.doAs(UserGroupInformation.java:1878) [hadoop-common-3.3.1.jar:?]
	at org.apache.hadoop.ipc.Server$Handler.run(Server.java:2966) [hadoop-common-3.3.1.jar:?]
01:52:53.880 [IPC Server handler 19 on default port 46323] ERROR OMAudit - user=runner | ip=127.0.0.1 | op=GET_FILE_STATUS {volume=volume68825, bucket=bucket30700, key=gdir1/dir2, dataSize=0, replicationConfig=null} | ret=FAILURE
org.apache.hadoop.ozone.om.exceptions.OMException: Unable to get file status: volume: volume68825 bucket: bucket30700 key: gdir1/dir2
	at org.apache.hadoop.ozone.om.KeyManagerImpl.getOzoneFileStatus(KeyManagerImpl.java:1280) ~[ozone-manager-1.3.0-SNAPSHOT.jar:?]
	at org.apache.hadoop.ozone.om.KeyManagerImpl.getFileStatus(KeyManagerImpl.java:1210) ~[ozone-manager-1.3.0-SNAPSHOT.jar:?]
	at org.apache.hadoop.ozone.om.OzoneManager.getFileStatus(OzoneManager.java:3009) ~[ozone-manager-1.3.0-SNAPSHOT.jar:?]
	at org.apache.hadoop.ozone.protocolPB.OzoneManagerRequestHandler.getOzoneFileStatus(OzoneManagerRequestHandler.java:670) ~[ozone-manager-1.3.0-SNAPSHOT.jar:?]
	at org.apache.hadoop.ozone.protocolPB.OzoneManagerRequestHandler.handleReadRequest(OzoneManagerRequestHandler.java:201) ~[ozone-manager-1.3.0-SNAPSHOT.jar:?]
	at org.apache.hadoop.ozone.protocolPB.OzoneManagerProtocolServerSideTranslatorPB.submitRequestDirectlyToOM(OzoneManagerProtocolServerSideTranslatorPB.java:271) ~[ozone-manager-1.3.0-SNAPSHOT.jar:?]
	at org.apache.hadoop.ozone.protocolPB.OzoneManagerProtocolServerSideTranslatorPB.processRequest(OzoneManagerProtocolServerSideTranslatorPB.java:195) ~[ozone-manager-1.3.0-SNAPSHOT.jar:?]
	at org.apache.hadoop.hdds.server.OzoneProtocolMessageDispatcher.processRequest(OzoneProtocolMessageDispatcher.java:87) [hdds-server-framework-1.3.0-SNAPSHOT.jar:?]
	at org.apache.hadoop.ozone.protocolPB.OzoneManagerProtocolServerSideTranslatorPB.submitRequest(OzoneManagerProtocolServerSideTranslatorPB.java:146) [ozone-manager-1.3.0-SNAPSHOT.jar:?]
	at org.apache.hadoop.ozone.protocol.proto.OzoneManagerProtocolProtos$OzoneManagerService$2.callBlockingMethod(OzoneManagerProtocolProtos.java) [ozone-interface-client-1.3.0-SNAPSHOT.jar:?]
	at org.apache.hadoop.ipc.ProtobufRpcEngine$Server.processCall(ProtobufRpcEngine.java:466) [hadoop-common-3.3.1.jar:?]
	at org.apache.hadoop.ipc.ProtobufRpcEngine2$Server$ProtoBufRpcInvoker.call(ProtobufRpcEngine2.java:574) [hadoop-common-3.3.1.jar:?]
	at org.apache.hadoop.ipc.ProtobufRpcEngine2$Server$ProtoBufRpcInvoker.call(ProtobufRpcEngine2.java:552) [hadoop-common-3.3.1.jar:?]
	at org.apache.hadoop.ipc.RPC$Server.call(RPC.java:1093) [hadoop-common-3.3.1.jar:?]
	at org.apache.hadoop.ipc.Server$RpcCall.run(Server.java:1035) [hadoop-common-3.3.1.jar:?]
	at org.apache.hadoop.ipc.Server$RpcCall.run(Server.java:963) [hadoop-common-3.3.1.jar:?]
	at java.security.AccessController.doPrivileged(Native Method) ~[?:1.8.0_322]
	at javax.security.auth.Subject.doAs(Subject.java:422) [?:1.8.0_322]
	at org.apache.hadoop.security.UserGroupInformation.doAs(UserGroupInformation.java:1878) [hadoop-common-3.3.1.jar:?]
	at org.apache.hadoop.ipc.Server$Handler.run(Server.java:2966) [hadoop-common-3.3.1.jar:?]
01:52:53.881 [IPC Server handler 5 on default port 46323] ERROR OMAudit - user=runner | ip=127.0.0.1 | op=GET_FILE_STATUS {volume=volume68825, bucket=bucket30700, key=gdir1/dir2/child, dataSize=0, replicationConfig=null} | ret=FAILURE
org.apache.hadoop.ozone.om.exceptions.OMException: Unable to get file status: volume: volume68825 bucket: bucket30700 key: gdir1/dir2/child
	at org.apache.hadoop.ozone.om.KeyManagerImpl.getOzoneFileStatus(KeyManagerImpl.java:1280) ~[ozone-manager-1.3.0-SNAPSHOT.jar:?]
	at org.apache.hadoop.ozone.om.KeyManagerImpl.getFileStatus(KeyManagerImpl.java:1210) ~[ozone-manager-1.3.0-SNAPSHOT.jar:?]
	at org.apache.hadoop.ozone.om.OzoneManager.getFileStatus(OzoneManager.java:3009) ~[ozone-manager-1.3.0-SNAPSHOT.jar:?]
	at org.apache.hadoop.ozone.protocolPB.OzoneManagerRequestHandler.getOzoneFileStatus(OzoneManagerRequestHandler.java:670) ~[ozone-manager-1.3.0-SNAPSHOT.jar:?]
	at org.apache.hadoop.ozone.protocolPB.OzoneManagerRequestHandler.handleReadRequest(OzoneManagerRequestHandler.java:201) ~[ozone-manager-1.3.0-SNAPSHOT.jar:?]
	at org.apache.hadoop.ozone.protocolPB.OzoneManagerProtocolServerSideTranslatorPB.submitRequestDirectlyToOM(OzoneManagerProtocolServerSideTranslatorPB.java:271) ~[ozone-manager-1.3.0-SNAPSHOT.jar:?]
	at org.apache.hadoop.ozone.protocolPB.OzoneManagerProtocolServerSideTranslatorPB.processRequest(OzoneManagerProtocolServerSideTranslatorPB.java:195) ~[ozone-manager-1.3.0-SNAPSHOT.jar:?]
	at org.apache.hadoop.hdds.server.OzoneProtocolMessageDispatcher.processRequest(OzoneProtocolMessageDispatcher.java:87) [hdds-server-framework-1.3.0-SNAPSHOT.jar:?]
	at org.apache.hadoop.ozone.protocolPB.OzoneManagerProtocolServerSideTranslatorPB.submitRequest(OzoneManagerProtocolServerSideTranslatorPB.java:146) [ozone-manager-1.3.0-SNAPSHOT.jar:?]
	at org.apache.hadoop.ozone.protocol.proto.OzoneManagerProtocolProtos$OzoneManagerService$2.callBlockingMethod(OzoneManagerProtocolProtos.java) [ozone-interface-client-1.3.0-SNAPSHOT.jar:?]
	at org.apache.hadoop.ipc.ProtobufRpcEngine$Server.processCall(ProtobufRpcEngine.java:466) [hadoop-common-3.3.1.jar:?]
	at org.apache.hadoop.ipc.ProtobufRpcEngine2$Server$ProtoBufRpcInvoker.call(ProtobufRpcEngine2.java:574) [hadoop-common-3.3.1.jar:?]
	at org.apache.hadoop.ipc.ProtobufRpcEngine2$Server$ProtoBufRpcInvoker.call(ProtobufRpcEngine2.java:552) [hadoop-common-3.3.1.jar:?]
	at org.apache.hadoop.ipc.RPC$Server.call(RPC.java:1093) [hadoop-common-3.3.1.jar:?]
	at org.apache.hadoop.ipc.Server$RpcCall.run(Server.java:1035) [hadoop-common-3.3.1.jar:?]
	at org.apache.hadoop.ipc.Server$RpcCall.run(Server.java:963) [hadoop-common-3.3.1.jar:?]
	at java.security.AccessController.doPrivileged(Native Method) ~[?:1.8.0_322]
	at javax.security.auth.Subject.doAs(Subject.java:422) [?:1.8.0_322]
	at org.apache.hadoop.security.UserGroupInformation.doAs(UserGroupInformation.java:1878) [hadoop-common-3.3.1.jar:?]
	at org.apache.hadoop.ipc.Server$Handler.run(Server.java:2966) [hadoop-common-3.3.1.jar:?]
01:52:53.882 [IPC Server handler 6 on default port 46323] ERROR OMAudit - user=runner | ip=127.0.0.1 | op=GET_FILE_STATUS {volume=volume68825, bucket=bucket30700, key=gdir1/dir3, dataSize=0, replicationConfig=null} | ret=FAILURE
org.apache.hadoop.ozone.om.exceptions.OMException: Unable to get file status: volume: volume68825 bucket: bucket30700 key: gdir1/dir3
	at org.apache.hadoop.ozone.om.KeyManagerImpl.getOzoneFileStatus(KeyManagerImpl.java:1280) ~[ozone-manager-1.3.0-SNAPSHOT.jar:?]
	at org.apache.hadoop.ozone.om.KeyManagerImpl.getFileStatus(KeyManagerImpl.java:1210) ~[ozone-manager-1.3.0-SNAPSHOT.jar:?]
	at org.apache.hadoop.ozone.om.OzoneManager.getFileStatus(OzoneManager.java:3009) ~[ozone-manager-1.3.0-SNAPSHOT.jar:?]
	at org.apache.hadoop.ozone.protocolPB.OzoneManagerRequestHandler.getOzoneFileStatus(OzoneManagerRequestHandler.java:670) ~[ozone-manager-1.3.0-SNAPSHOT.jar:?]
	at org.apache.hadoop.ozone.protocolPB.OzoneManagerRequestHandler.handleReadRequest(OzoneManagerRequestHandler.java:201) ~[ozone-manager-1.3.0-SNAPSHOT.jar:?]
	at org.apache.hadoop.ozone.protocolPB.OzoneManagerProtocolServerSideTranslatorPB.submitRequestDirectlyToOM(OzoneManagerProtocolServerSideTranslatorPB.java:271) ~[ozone-manager-1.3.0-SNAPSHOT.jar:?]
	at org.apache.hadoop.ozone.protocolPB.OzoneManagerProtocolServerSideTranslatorPB.processRequest(OzoneManagerProtocolServerSideTranslatorPB.java:195) ~[ozone-manager-1.3.0-SNAPSHOT.jar:?]
	at org.apache.hadoop.hdds.server.OzoneProtocolMessageDispatcher.processRequest(OzoneProtocolMessageDispatcher.java:87) [hdds-server-framework-1.3.0-SNAPSHOT.jar:?]
	at org.apache.hadoop.ozone.protocolPB.OzoneManagerProtocolServerSideTranslatorPB.submitRequest(OzoneManagerProtocolServerSideTranslatorPB.java:146) [ozone-manager-1.3.0-SNAPSHOT.jar:?]
	at org.apache.hadoop.ozone.protocol.proto.OzoneManagerProtocolProtos$OzoneManagerService$2.callBlockingMethod(OzoneManagerProtocolProtos.java) [ozone-interface-client-1.3.0-SNAPSHOT.jar:?]
	at org.apache.hadoop.ipc.ProtobufRpcEngine$Server.processCall(ProtobufRpcEngine.java:466) [hadoop-common-3.3.1.jar:?]
	at org.apache.hadoop.ipc.ProtobufRpcEngine2$Server$ProtoBufRpcInvoker.call(ProtobufRpcEngine2.java:574) [hadoop-common-3.3.1.jar:?]
	at org.apache.hadoop.ipc.ProtobufRpcEngine2$Server$ProtoBufRpcInvoker.call(ProtobufRpcEngine2.java:552) [hadoop-common-3.3.1.jar:?]
	at org.apache.hadoop.ipc.RPC$Server.call(RPC.java:1093) [hadoop-common-3.3.1.jar:?]
	at org.apache.hadoop.ipc.Server$RpcCall.run(Server.java:1035) [hadoop-common-3.3.1.jar:?]
	at org.apache.hadoop.ipc.Server$RpcCall.run(Server.java:963) [hadoop-common-3.3.1.jar:?]
	at java.security.AccessController.doPrivileged(Native Method) ~[?:1.8.0_322]
	at javax.security.auth.Subject.doAs(Subject.java:422) [?:1.8.0_322]
	at org.apache.hadoop.security.UserGroupInformation.doAs(UserGroupInformation.java:1878) [hadoop-common-3.3.1.jar:?]
	at org.apache.hadoop.ipc.Server$Handler.run(Server.java:2966) [hadoop-common-3.3.1.jar:?]
01:52:53.882 [IPC Server handler 8 on default port 46323] ERROR OMAudit - user=runner | ip=127.0.0.1 | op=GET_FILE_STATUS {volume=volume68825, bucket=bucket30700, key=gdir1/dir3/child, dataSize=0, replicationConfig=null} | ret=FAILURE
org.apache.hadoop.ozone.om.exceptions.OMException: Unable to get file status: volume: volume68825 bucket: bucket30700 key: gdir1/dir3/child
	at org.apache.hadoop.ozone.om.KeyManagerImpl.getOzoneFileStatus(KeyManagerImpl.java:1280) ~[ozone-manager-1.3.0-SNAPSHOT.jar:?]
	at org.apache.hadoop.ozone.om.KeyManagerImpl.getFileStatus(KeyManagerImpl.java:1210) ~[ozone-manager-1.3.0-SNAPSHOT.jar:?]
	at org.apache.hadoop.ozone.om.OzoneManager.getFileStatus(OzoneManager.java:3009) ~[ozone-manager-1.3.0-SNAPSHOT.jar:?]
	at org.apache.hadoop.ozone.protocolPB.OzoneManagerRequestHandler.getOzoneFileStatus(OzoneManagerRequestHandler.java:670) ~[ozone-manager-1.3.0-SNAPSHOT.jar:?]
	at org.apache.hadoop.ozone.protocolPB.OzoneManagerRequestHandler.handleReadRequest(OzoneManagerRequestHandler.java:201) ~[ozone-manager-1.3.0-SNAPSHOT.jar:?]
	at org.apache.hadoop.ozone.protocolPB.OzoneManagerProtocolServerSideTranslatorPB.submitRequestDirectlyToOM(OzoneManagerProtocolServerSideTranslatorPB.java:271) ~[ozone-manager-1.3.0-SNAPSHOT.jar:?]
	at org.apache.hadoop.ozone.protocolPB.OzoneManagerProtocolServerSideTranslatorPB.processRequest(OzoneManagerProtocolServerSideTranslatorPB.java:195) ~[ozone-manager-1.3.0-SNAPSHOT.jar:?]
	at org.apache.hadoop.hdds.server.OzoneProtocolMessageDispatcher.processRequest(OzoneProtocolMessageDispatcher.java:87) [hdds-server-framework-1.3.0-SNAPSHOT.jar:?]
	at org.apache.hadoop.ozone.protocolPB.OzoneManagerProtocolServerSideTranslatorPB.submitRequest(OzoneManagerProtocolServerSideTranslatorPB.java:146) [ozone-manager-1.3.0-SNAPSHOT.jar:?]
	at org.apache.hadoop.ozone.protocol.proto.OzoneManagerProtocolProtos$OzoneManagerService$2.callBlockingMethod(OzoneManagerProtocolProtos.java) [ozone-interface-client-1.3.0-SNAPSHOT.jar:?]
	at org.apache.hadoop.ipc.ProtobufRpcEngine$Server.processCall(ProtobufRpcEngine.java:466) [hadoop-common-3.3.1.jar:?]
	at org.apache.hadoop.ipc.ProtobufRpcEngine2$Server$ProtoBufRpcInvoker.call(ProtobufRpcEngine2.java:574) [hadoop-common-3.3.1.jar:?]
	at org.apache.hadoop.ipc.ProtobufRpcEngine2$Server$ProtoBufRpcInvoker.call(ProtobufRpcEngine2.java:552) [hadoop-common-3.3.1.jar:?]
	at org.apache.hadoop.ipc.RPC$Server.call(RPC.java:1093) [hadoop-common-3.3.1.jar:?]
	at org.apache.hadoop.ipc.Server$RpcCall.run(Server.java:1035) [hadoop-common-3.3.1.jar:?]
	at org.apache.hadoop.ipc.Server$RpcCall.run(Server.java:963) [hadoop-common-3.3.1.jar:?]
	at java.security.AccessController.doPrivileged(Native Method) ~[?:1.8.0_322]
	at javax.security.auth.Subject.doAs(Subject.java:422) [?:1.8.0_322]
	at org.apache.hadoop.security.UserGroupInformation.doAs(UserGroupInformation.java:1878) [hadoop-common-3.3.1.jar:?]
	at org.apache.hadoop.ipc.Server$Handler.run(Server.java:2966) [hadoop-common-3.3.1.jar:?]
01:52:53.883 [IPC Server handler 11 on default port 46323] ERROR OMAudit - user=runner | ip=127.0.0.1 | op=GET_FILE_STATUS {volume=volume68825, bucket=bucket30700, key=gdir1/dir4, dataSize=0, replicationConfig=null} | ret=FAILURE
org.apache.hadoop.ozone.om.exceptions.OMException: Unable to get file status: volume: volume68825 bucket: bucket30700 key: gdir1/dir4
	at org.apache.hadoop.ozone.om.KeyManagerImpl.getOzoneFileStatus(KeyManagerImpl.java:1280) ~[ozone-manager-1.3.0-SNAPSHOT.jar:?]
	at org.apache.hadoop.ozone.om.KeyManagerImpl.getFileStatus(KeyManagerImpl.java:1210) ~[ozone-manager-1.3.0-SNAPSHOT.jar:?]
	at org.apache.hadoop.ozone.om.OzoneManager.getFileStatus(OzoneManager.java:3009) ~[ozone-manager-1.3.0-SNAPSHOT.jar:?]
	at org.apache.hadoop.ozone.protocolPB.OzoneManagerRequestHandler.getOzoneFileStatus(OzoneManagerRequestHandler.java:670) ~[ozone-manager-1.3.0-SNAPSHOT.jar:?]
	at org.apache.hadoop.ozone.protocolPB.OzoneManagerRequestHandler.handleReadRequest(OzoneManagerRequestHandler.java:201) ~[ozone-manager-1.3.0-SNAPSHOT.jar:?]
	at org.apache.hadoop.ozone.protocolPB.OzoneManagerProtocolServerSideTranslatorPB.submitRequestDirectlyToOM(OzoneManagerProtocolServerSideTranslatorPB.java:271) ~[ozone-manager-1.3.0-SNAPSHOT.jar:?]
	at org.apache.hadoop.ozone.protocolPB.OzoneManagerProtocolServerSideTranslatorPB.processRequest(OzoneManagerProtocolServerSideTranslatorPB.java:195) ~[ozone-manager-1.3.0-SNAPSHOT.jar:?]
	at org.apache.hadoop.hdds.server.OzoneProtocolMessageDispatcher.processRequest(OzoneProtocolMessageDispatcher.java:87) [hdds-server-framework-1.3.0-SNAPSHOT.jar:?]
	at org.apache.hadoop.ozone.protocolPB.OzoneManagerProtocolServerSideTranslatorPB.submitRequest(OzoneManagerProtocolServerSideTranslatorPB.java:146) [ozone-manager-1.3.0-SNAPSHOT.jar:?]
	at org.apache.hadoop.ozone.protocol.proto.OzoneManagerProtocolProtos$OzoneManagerService$2.callBlockingMethod(OzoneManagerProtocolProtos.java) [ozone-interface-client-1.3.0-SNAPSHOT.jar:?]
	at org.apache.hadoop.ipc.ProtobufRpcEngine$Server.processCall(ProtobufRpcEngine.java:466) [hadoop-common-3.3.1.jar:?]
	at org.apache.hadoop.ipc.ProtobufRpcEngine2$Server$ProtoBufRpcInvoker.call(ProtobufRpcEngine2.java:574) [hadoop-common-3.3.1.jar:?]
	at org.apache.hadoop.ipc.ProtobufRpcEngine2$Server$ProtoBufRpcInvoker.call(ProtobufRpcEngine2.java:552) [hadoop-common-3.3.1.jar:?]
	at org.apache.hadoop.ipc.RPC$Server.call(RPC.java:1093) [hadoop-common-3.3.1.jar:?]
	at org.apache.hadoop.ipc.Server$RpcCall.run(Server.java:1035) [hadoop-common-3.3.1.jar:?]
	at org.apache.hadoop.ipc.Server$RpcCall.run(Server.java:963) [hadoop-common-3.3.1.jar:?]
	at java.security.AccessController.doPrivileged(Native Method) ~[?:1.8.0_322]
	at javax.security.auth.Subject.doAs(Subject.java:422) [?:1.8.0_322]
	at org.apache.hadoop.security.UserGroupInformation.doAs(UserGroupInformation.java:1878) [hadoop-common-3.3.1.jar:?]
	at org.apache.hadoop.ipc.Server$Handler.run(Server.java:2966) [hadoop-common-3.3.1.jar:?]
01:52:53.884 [IPC Server handler 12 on default port 46323] ERROR OMAudit - user=runner | ip=127.0.0.1 | op=GET_FILE_STATUS {volume=volume68825, bucket=bucket30700, key=gdir1/dir4/child, dataSize=0, replicationConfig=null} | ret=FAILURE
org.apache.hadoop.ozone.om.exceptions.OMException: Unable to get file status: volume: volume68825 bucket: bucket30700 key: gdir1/dir4/child
	at org.apache.hadoop.ozone.om.KeyManagerImpl.getOzoneFileStatus(KeyManagerImpl.java:1280) ~[ozone-manager-1.3.0-SNAPSHOT.jar:?]
	at org.apache.hadoop.ozone.om.KeyManagerImpl.getFileStatus(KeyManagerImpl.java:1210) ~[ozone-manager-1.3.0-SNAPSHOT.jar:?]
	at org.apache.hadoop.ozone.om.OzoneManager.getFileStatus(OzoneManager.java:3009) ~[ozone-manager-1.3.0-SNAPSHOT.jar:?]
	at org.apache.hadoop.ozone.protocolPB.OzoneManagerRequestHandler.getOzoneFileStatus(OzoneManagerRequestHandler.java:670) ~[ozone-manager-1.3.0-SNAPSHOT.jar:?]
	at org.apache.hadoop.ozone.protocolPB.OzoneManagerRequestHandler.handleReadRequest(OzoneManagerRequestHandler.java:201) ~[ozone-manager-1.3.0-SNAPSHOT.jar:?]
	at org.apache.hadoop.ozone.protocolPB.OzoneManagerProtocolServerSideTranslatorPB.submitRequestDirectlyToOM(OzoneManagerProtocolServerSideTranslatorPB.java:271) ~[ozone-manager-1.3.0-SNAPSHOT.jar:?]
	at org.apache.hadoop.ozone.protocolPB.OzoneManagerProtocolServerSideTranslatorPB.processRequest(OzoneManagerProtocolServerSideTranslatorPB.java:195) ~[ozone-manager-1.3.0-SNAPSHOT.jar:?]
	at org.apache.hadoop.hdds.server.OzoneProtocolMessageDispatcher.processRequest(OzoneProtocolMessageDispatcher.java:87) [hdds-server-framework-1.3.0-SNAPSHOT.jar:?]
	at org.apache.hadoop.ozone.protocolPB.OzoneManagerProtocolServerSideTranslatorPB.submitRequest(OzoneManagerProtocolServerSideTranslatorPB.java:146) [ozone-manager-1.3.0-SNAPSHOT.jar:?]
	at org.apache.hadoop.ozone.protocol.proto.OzoneManagerProtocolProtos$OzoneManagerService$2.callBlockingMethod(OzoneManagerProtocolProtos.java) [ozone-interface-client-1.3.0-SNAPSHOT.jar:?]
	at org.apache.hadoop.ipc.ProtobufRpcEngine$Server.processCall(ProtobufRpcEngine.java:466) [hadoop-common-3.3.1.jar:?]
	at org.apache.hadoop.ipc.ProtobufRpcEngine2$Server$ProtoBufRpcInvoker.call(ProtobufRpcEngine2.java:574) [hadoop-common-3.3.1.jar:?]
	at org.apache.hadoop.ipc.ProtobufRpcEngine2$Server$ProtoBufRpcInvoker.call(ProtobufRpcEngine2.java:552) [hadoop-common-3.3.1.jar:?]
	at org.apache.hadoop.ipc.RPC$Server.call(RPC.java:1093) [hadoop-common-3.3.1.jar:?]
	at org.apache.hadoop.ipc.Server$RpcCall.run(Server.java:1035) [hadoop-common-3.3.1.jar:?]
	at org.apache.hadoop.ipc.Server$RpcCall.run(Server.java:963) [hadoop-common-3.3.1.jar:?]
	at java.security.AccessController.doPrivileged(Native Method) ~[?:1.8.0_322]
	at javax.security.auth.Subject.doAs(Subject.java:422) [?:1.8.0_322]
	at org.apache.hadoop.security.UserGroupInformation.doAs(UserGroupInformation.java:1878) [hadoop-common-3.3.1.jar:?]
	at org.apache.hadoop.ipc.Server$Handler.run(Server.java:2966) [hadoop-common-3.3.1.jar:?]
01:52:53.885 [IPC Server handler 2 on default port 46323] ERROR OMAudit - user=runner | ip=127.0.0.1 | op=GET_FILE_STATUS {volume=volume68825, bucket=bucket30700, key=gdir1/dir5, dataSize=0, replicationConfig=null} | ret=FAILURE
org.apache.hadoop.ozone.om.exceptions.OMException: Unable to get file status: volume: volume68825 bucket: bucket30700 key: gdir1/dir5
	at org.apache.hadoop.ozone.om.KeyManagerImpl.getOzoneFileStatus(KeyManagerImpl.java:1280) ~[ozone-manager-1.3.0-SNAPSHOT.jar:?]
	at org.apache.hadoop.ozone.om.KeyManagerImpl.getFileStatus(KeyManagerImpl.java:1210) ~[ozone-manager-1.3.0-SNAPSHOT.jar:?]
	at org.apache.hadoop.ozone.om.OzoneManager.getFileStatus(OzoneManager.java:3009) ~[ozone-manager-1.3.0-SNAPSHOT.jar:?]
	at org.apache.hadoop.ozone.protocolPB.OzoneManagerRequestHandler.getOzoneFileStatus(OzoneManagerRequestHandler.java:670) ~[ozone-manager-1.3.0-SNAPSHOT.jar:?]
	at org.apache.hadoop.ozone.protocolPB.OzoneManagerRequestHandler.handleReadRequest(OzoneManagerRequestHandler.java:201) ~[ozone-manager-1.3.0-SNAPSHOT.jar:?]
	at org.apache.hadoop.ozone.protocolPB.OzoneManagerProtocolServerSideTranslatorPB.submitRequestDirectlyToOM(OzoneManagerProtocolServerSideTranslatorPB.java:271) ~[ozone-manager-1.3.0-SNAPSHOT.jar:?]
	at org.apache.hadoop.ozone.protocolPB.OzoneManagerProtocolServerSideTranslatorPB.processRequest(OzoneManagerProtocolServerSideTranslatorPB.java:195) ~[ozone-manager-1.3.0-SNAPSHOT.jar:?]
	at org.apache.hadoop.hdds.server.OzoneProtocolMessageDispatcher.processRequest(OzoneProtocolMessageDispatcher.java:87) [hdds-server-framework-1.3.0-SNAPSHOT.jar:?]
	at org.apache.hadoop.ozone.protocolPB.OzoneManagerProtocolServerSideTranslatorPB.submitRequest(OzoneManagerProtocolServerSideTranslatorPB.java:146) [ozone-manager-1.3.0-SNAPSHOT.jar:?]
	at org.apache.hadoop.ozone.protocol.proto.OzoneManagerProtocolProtos$OzoneManagerService$2.callBlockingMethod(OzoneManagerProtocolProtos.java) [ozone-interface-client-1.3.0-SNAPSHOT.jar:?]
	at org.apache.hadoop.ipc.ProtobufRpcEngine$Server.processCall(ProtobufRpcEngine.java:466) [hadoop-common-3.3.1.jar:?]
	at org.apache.hadoop.ipc.ProtobufRpcEngine2$Server$ProtoBufRpcInvoker.call(ProtobufRpcEngine2.java:574) [hadoop-common-3.3.1.jar:?]
	at org.apache.hadoop.ipc.ProtobufRpcEngine2$Server$ProtoBufRpcInvoker.call(ProtobufRpcEngine2.java:552) [hadoop-common-3.3.1.jar:?]
	at org.apache.hadoop.ipc.RPC$Server.call(RPC.java:1093) [hadoop-common-3.3.1.jar:?]
	at org.apache.hadoop.ipc.Server$RpcCall.run(Server.java:1035) [hadoop-common-3.3.1.jar:?]
	at org.apache.hadoop.ipc.Server$RpcCall.run(Server.java:963) [hadoop-common-3.3.1.jar:?]
	at java.security.AccessController.doPrivileged(Native Method) ~[?:1.8.0_322]
	at javax.security.auth.Subject.doAs(Subject.java:422) [?:1.8.0_322]
	at org.apache.hadoop.security.UserGroupInformation.doAs(UserGroupInformation.java:1878) [hadoop-common-3.3.1.jar:?]
	at org.apache.hadoop.ipc.Server$Handler.run(Server.java:2966) [hadoop-common-3.3.1.jar:?]
01:52:53.885 [IPC Server handler 7 on default port 46323] ERROR OMAudit - user=runner | ip=127.0.0.1 | op=GET_FILE_STATUS {volume=volume68825, bucket=bucket30700, key=gdir1/dir5/child, dataSize=0, replicationConfig=null} | ret=FAILURE
org.apache.hadoop.ozone.om.exceptions.OMException: Unable to get file status: volume: volume68825 bucket: bucket30700 key: gdir1/dir5/child
	at org.apache.hadoop.ozone.om.KeyManagerImpl.getOzoneFileStatus(KeyManagerImpl.java:1280) ~[ozone-manager-1.3.0-SNAPSHOT.jar:?]
	at org.apache.hadoop.ozone.om.KeyManagerImpl.getFileStatus(KeyManagerImpl.java:1210) ~[ozone-manager-1.3.0-SNAPSHOT.jar:?]
	at org.apache.hadoop.ozone.om.OzoneManager.getFileStatus(OzoneManager.java:3009) ~[ozone-manager-1.3.0-SNAPSHOT.jar:?]
	at org.apache.hadoop.ozone.protocolPB.OzoneManagerRequestHandler.getOzoneFileStatus(OzoneManagerRequestHandler.java:670) ~[ozone-manager-1.3.0-SNAPSHOT.jar:?]
	at org.apache.hadoop.ozone.protocolPB.OzoneManagerRequestHandler.handleReadRequest(OzoneManagerRequestHandler.java:201) ~[ozone-manager-1.3.0-SNAPSHOT.jar:?]
	at org.apache.hadoop.ozone.protocolPB.OzoneManagerProtocolServerSideTranslatorPB.submitRequestDirectlyToOM(OzoneManagerProtocolServerSideTranslatorPB.java:271) ~[ozone-manager-1.3.0-SNAPSHOT.jar:?]
	at org.apache.hadoop.ozone.protocolPB.OzoneManagerProtocolServerSideTranslatorPB.processRequest(OzoneManagerProtocolServerSideTranslatorPB.java:195) ~[ozone-manager-1.3.0-SNAPSHOT.jar:?]
	at org.apache.hadoop.hdds.server.OzoneProtocolMessageDispatcher.processRequest(OzoneProtocolMessageDispatcher.java:87) [hdds-server-framework-1.3.0-SNAPSHOT.jar:?]
	at org.apache.hadoop.ozone.protocolPB.OzoneManagerProtocolServerSideTranslatorPB.submitRequest(OzoneManagerProtocolServerSideTranslatorPB.java:146) [ozone-manager-1.3.0-SNAPSHOT.jar:?]
	at org.apache.hadoop.ozone.protocol.proto.OzoneManagerProtocolProtos$OzoneManagerService$2.callBlockingMethod(OzoneManagerProtocolProtos.java) [ozone-interface-client-1.3.0-SNAPSHOT.jar:?]
	at org.apache.hadoop.ipc.ProtobufRpcEngine$Server.processCall(ProtobufRpcEngine.java:466) [hadoop-common-3.3.1.jar:?]
	at org.apache.hadoop.ipc.ProtobufRpcEngine2$Server$ProtoBufRpcInvoker.call(ProtobufRpcEngine2.java:574) [hadoop-common-3.3.1.jar:?]
	at org.apache.hadoop.ipc.ProtobufRpcEngine2$Server$ProtoBufRpcInvoker.call(ProtobufRpcEngine2.java:552) [hadoop-common-3.3.1.jar:?]
	at org.apache.hadoop.ipc.RPC$Server.call(RPC.java:1093) [hadoop-common-3.3.1.jar:?]
	at org.apache.hadoop.ipc.Server$RpcCall.run(Server.java:1035) [hadoop-common-3.3.1.jar:?]
	at org.apache.hadoop.ipc.Server$RpcCall.run(Server.java:963) [hadoop-common-3.3.1.jar:?]
	at java.security.AccessController.doPrivileged(Native Method) ~[?:1.8.0_322]
	at javax.security.auth.Subject.doAs(Subject.java:422) [?:1.8.0_322]
	at org.apache.hadoop.security.UserGroupInformation.doAs(UserGroupInformation.java:1878) [hadoop-common-3.3.1.jar:?]
	at org.apache.hadoop.ipc.Server$Handler.run(Server.java:2966) [hadoop-common-3.3.1.jar:?]
01:52:53.886 [IPC Server handler 4 on default port 46323] ERROR OMAudit - user=runner | ip=127.0.0.1 | op=GET_FILE_STATUS {volume=volume68825, bucket=bucket30700, key=gdir1/dir6, dataSize=0, replicationConfig=null} | ret=FAILURE
org.apache.hadoop.ozone.om.exceptions.OMException: Unable to get file status: volume: volume68825 bucket: bucket30700 key: gdir1/dir6
	at org.apache.hadoop.ozone.om.KeyManagerImpl.getOzoneFileStatus(KeyManagerImpl.java:1280) ~[ozone-manager-1.3.0-SNAPSHOT.jar:?]
	at org.apache.hadoop.ozone.om.KeyManagerImpl.getFileStatus(KeyManagerImpl.java:1210) ~[ozone-manager-1.3.0-SNAPSHOT.jar:?]
	at org.apache.hadoop.ozone.om.OzoneManager.getFileStatus(OzoneManager.java:3009) ~[ozone-manager-1.3.0-SNAPSHOT.jar:?]
	at org.apache.hadoop.ozone.protocolPB.OzoneManagerRequestHandler.getOzoneFileStatus(OzoneManagerRequestHandler.java:670) ~[ozone-manager-1.3.0-SNAPSHOT.jar:?]
	at org.apache.hadoop.ozone.protocolPB.OzoneManagerRequestHandler.handleReadRequest(OzoneManagerRequestHandler.java:201) ~[ozone-manager-1.3.0-SNAPSHOT.jar:?]
	at org.apache.hadoop.ozone.protocolPB.OzoneManagerProtocolServerSideTranslatorPB.submitRequestDirectlyToOM(OzoneManagerProtocolServerSideTranslatorPB.java:271) ~[ozone-manager-1.3.0-SNAPSHOT.jar:?]
	at org.apache.hadoop.ozone.protocolPB.OzoneManagerProtocolServerSideTranslatorPB.processRequest(OzoneManagerProtocolServerSideTranslatorPB.java:195) ~[ozone-manager-1.3.0-SNAPSHOT.jar:?]
	at org.apache.hadoop.hdds.server.OzoneProtocolMessageDispatcher.processRequest(OzoneProtocolMessageDispatcher.java:87) [hdds-server-framework-1.3.0-SNAPSHOT.jar:?]
	at org.apache.hadoop.ozone.protocolPB.OzoneManagerProtocolServerSideTranslatorPB.submitRequest(OzoneManagerProtocolServerSideTranslatorPB.java:146) [ozone-manager-1.3.0-SNAPSHOT.jar:?]
	at org.apache.hadoop.ozone.protocol.proto.OzoneManagerProtocolProtos$OzoneManagerService$2.callBlockingMethod(OzoneManagerProtocolProtos.java) [ozone-interface-client-1.3.0-SNAPSHOT.jar:?]
	at org.apache.hadoop.ipc.ProtobufRpcEngine$Server.processCall(ProtobufRpcEngine.java:466) [hadoop-common-3.3.1.jar:?]
	at org.apache.hadoop.ipc.ProtobufRpcEngine2$Server$ProtoBufRpcInvoker.call(ProtobufRpcEngine2.java:574) [hadoop-common-3.3.1.jar:?]
	at org.apache.hadoop.ipc.ProtobufRpcEngine2$Server$ProtoBufRpcInvoker.call(ProtobufRpcEngine2.java:552) [hadoop-common-3.3.1.jar:?]
	at org.apache.hadoop.ipc.RPC$Server.call(RPC.java:1093) [hadoop-common-3.3.1.jar:?]
	at org.apache.hadoop.ipc.Server$RpcCall.run(Server.java:1035) [hadoop-common-3.3.1.jar:?]
	at org.apache.hadoop.ipc.Server$RpcCall.run(Server.java:963) [hadoop-common-3.3.1.jar:?]
	at java.security.AccessController.doPrivileged(Native Method) ~[?:1.8.0_322]
	at javax.security.auth.Subject.doAs(Subject.java:422) [?:1.8.0_322]
	at org.apache.hadoop.security.UserGroupInformation.doAs(UserGroupInformation.java:1878) [hadoop-common-3.3.1.jar:?]
	at org.apache.hadoop.ipc.Server$Handler.run(Server.java:2966) [hadoop-common-3.3.1.jar:?]
01:52:53.887 [IPC Server handler 18 on default port 46323] ERROR OMAudit - user=runner | ip=127.0.0.1 | op=GET_FILE_STATUS {volume=volume68825, bucket=bucket30700, key=gdir1/dir6/child, dataSize=0, replicationConfig=null} | ret=FAILURE
org.apache.hadoop.ozone.om.exceptions.OMException: Unable to get file status: volume: volume68825 bucket: bucket30700 key: gdir1/dir6/child
	at org.apache.hadoop.ozone.om.KeyManagerImpl.getOzoneFileStatus(KeyManagerImpl.java:1280) ~[ozone-manager-1.3.0-SNAPSHOT.jar:?]
	at org.apache.hadoop.ozone.om.KeyManagerImpl.getFileStatus(KeyManagerImpl.java:1210) ~[ozone-manager-1.3.0-SNAPSHOT.jar:?]
	at org.apache.hadoop.ozone.om.OzoneManager.getFileStatus(OzoneManager.java:3009) ~[ozone-manager-1.3.0-SNAPSHOT.jar:?]
	at org.apache.hadoop.ozone.protocolPB.OzoneManagerRequestHandler.getOzoneFileStatus(OzoneManagerRequestHandler.java:670) ~[ozone-manager-1.3.0-SNAPSHOT.jar:?]
	at org.apache.hadoop.ozone.protocolPB.OzoneManagerRequestHandler.handleReadRequest(OzoneManagerRequestHandler.java:201) ~[ozone-manager-1.3.0-SNAPSHOT.jar:?]
	at org.apache.hadoop.ozone.protocolPB.OzoneManagerProtocolServerSideTranslatorPB.submitRequestDirectlyToOM(OzoneManagerProtocolServerSideTranslatorPB.java:271) ~[ozone-manager-1.3.0-SNAPSHOT.jar:?]
	at org.apache.hadoop.ozone.protocolPB.OzoneManagerProtocolServerSideTranslatorPB.processRequest(OzoneManagerProtocolServerSideTranslatorPB.java:195) ~[ozone-manager-1.3.0-SNAPSHOT.jar:?]
	at org.apache.hadoop.hdds.server.OzoneProtocolMessageDispatcher.processRequest(OzoneProtocolMessageDispatcher.java:87) [hdds-server-framework-1.3.0-SNAPSHOT.jar:?]
	at org.apache.hadoop.ozone.protocolPB.OzoneManagerProtocolServerSideTranslatorPB.submitRequest(OzoneManagerProtocolServerSideTranslatorPB.java:146) [ozone-manager-1.3.0-SNAPSHOT.jar:?]
	at org.apache.hadoop.ozone.protocol.proto.OzoneManagerProtocolProtos$OzoneManagerService$2.callBlockingMethod(OzoneManagerProtocolProtos.java) [ozone-interface-client-1.3.0-SNAPSHOT.jar:?]
	at org.apache.hadoop.ipc.ProtobufRpcEngine$Server.processCall(ProtobufRpcEngine.java:466) [hadoop-common-3.3.1.jar:?]
	at org.apache.hadoop.ipc.ProtobufRpcEngine2$Server$ProtoBufRpcInvoker.call(ProtobufRpcEngine2.java:574) [hadoop-common-3.3.1.jar:?]
	at org.apache.hadoop.ipc.ProtobufRpcEngine2$Server$ProtoBufRpcInvoker.call(ProtobufRpcEngine2.java:552) [hadoop-common-3.3.1.jar:?]
	at org.apache.hadoop.ipc.RPC$Server.call(RPC.java:1093) [hadoop-common-3.3.1.jar:?]
	at org.apache.hadoop.ipc.Server$RpcCall.run(Server.java:1035) [hadoop-common-3.3.1.jar:?]
	at org.apache.hadoop.ipc.Server$RpcCall.run(Server.java:963) [hadoop-common-3.3.1.jar:?]
	at java.security.AccessController.doPrivileged(Native Method) ~[?:1.8.0_322]
	at javax.security.auth.Subject.doAs(Subject.java:422) [?:1.8.0_322]
	at org.apache.hadoop.security.UserGroupInformation.doAs(UserGroupInformation.java:1878) [hadoop-common-3.3.1.jar:?]
	at org.apache.hadoop.ipc.Server$Handler.run(Server.java:2966) [hadoop-common-3.3.1.jar:?]
01:52:53.888 [IPC Server handler 17 on default port 46323] ERROR OMAudit - user=runner | ip=127.0.0.1 | op=GET_FILE_STATUS {volume=volume68825, bucket=bucket30700, key=gdir1/dir7, dataSize=0, replicationConfig=null} | ret=FAILURE
org.apache.hadoop.ozone.om.exceptions.OMException: Unable to get file status: volume: volume68825 bucket: bucket30700 key: gdir1/dir7
	at org.apache.hadoop.ozone.om.KeyManagerImpl.getOzoneFileStatus(KeyManagerImpl.java:1280) ~[ozone-manager-1.3.0-SNAPSHOT.jar:?]
	at org.apache.hadoop.ozone.om.KeyManagerImpl.getFileStatus(KeyManagerImpl.java:1210) ~[ozone-manager-1.3.0-SNAPSHOT.jar:?]
	at org.apache.hadoop.ozone.om.OzoneManager.getFileStatus(OzoneManager.java:3009) ~[ozone-manager-1.3.0-SNAPSHOT.jar:?]
	at org.apache.hadoop.ozone.protocolPB.OzoneManagerRequestHandler.getOzoneFileStatus(OzoneManagerRequestHandler.java:670) ~[ozone-manager-1.3.0-SNAPSHOT.jar:?]
	at org.apache.hadoop.ozone.protocolPB.OzoneManagerRequestHandler.handleReadRequest(OzoneManagerRequestHandler.java:201) ~[ozone-manager-1.3.0-SNAPSHOT.jar:?]
	at org.apache.hadoop.ozone.protocolPB.OzoneManagerProtocolServerSideTranslatorPB.submitRequestDirectlyToOM(OzoneManagerProtocolServerSideTranslatorPB.java:271) ~[ozone-manager-1.3.0-SNAPSHOT.jar:?]
	at org.apache.hadoop.ozone.protocolPB.OzoneManagerProtocolServerSideTranslatorPB.processRequest(OzoneManagerProtocolServerSideTranslatorPB.java:195) ~[ozone-manager-1.3.0-SNAPSHOT.jar:?]
	at org.apache.hadoop.hdds.server.OzoneProtocolMessageDispatcher.processRequest(OzoneProtocolMessageDispatcher.java:87) [hdds-server-framework-1.3.0-SNAPSHOT.jar:?]
	at org.apache.hadoop.ozone.protocolPB.OzoneManagerProtocolServerSideTranslatorPB.submitRequest(OzoneManagerProtocolServerSideTranslatorPB.java:146) [ozone-manager-1.3.0-SNAPSHOT.jar:?]
	at org.apache.hadoop.ozone.protocol.proto.OzoneManagerProtocolProtos$OzoneManagerService$2.callBlockingMethod(OzoneManagerProtocolProtos.java) [ozone-interface-client-1.3.0-SNAPSHOT.jar:?]
	at org.apache.hadoop.ipc.ProtobufRpcEngine$Server.processCall(ProtobufRpcEngine.java:466) [hadoop-common-3.3.1.jar:?]
	at org.apache.hadoop.ipc.ProtobufRpcEngine2$Server$ProtoBufRpcInvoker.call(ProtobufRpcEngine2.java:574) [hadoop-common-3.3.1.jar:?]
	at org.apache.hadoop.ipc.ProtobufRpcEngine2$Server$ProtoBufRpcInvoker.call(ProtobufRpcEngine2.java:552) [hadoop-common-3.3.1.jar:?]
	at org.apache.hadoop.ipc.RPC$Server.call(RPC.java:1093) [hadoop-common-3.3.1.jar:?]
	at org.apache.hadoop.ipc.Server$RpcCall.run(Server.java:1035) [hadoop-common-3.3.1.jar:?]
	at org.apache.hadoop.ipc.Server$RpcCall.run(Server.java:963) [hadoop-common-3.3.1.jar:?]
	at java.security.AccessController.doPrivileged(Native Method) ~[?:1.8.0_322]
	at javax.security.auth.Subject.doAs(Subject.java:422) [?:1.8.0_322]
	at org.apache.hadoop.security.UserGroupInformation.doAs(UserGroupInformation.java:1878) [hadoop-common-3.3.1.jar:?]
	at org.apache.hadoop.ipc.Server$Handler.run(Server.java:2966) [hadoop-common-3.3.1.jar:?]
01:52:53.888 [IPC Server handler 16 on default port 46323] ERROR OMAudit - user=runner | ip=127.0.0.1 | op=GET_FILE_STATUS {volume=volume68825, bucket=bucket30700, key=gdir1/dir7/child, dataSize=0, replicationConfig=null} | ret=FAILURE
org.apache.hadoop.ozone.om.exceptions.OMException: Unable to get file status: volume: volume68825 bucket: bucket30700 key: gdir1/dir7/child
	at org.apache.hadoop.ozone.om.KeyManagerImpl.getOzoneFileStatus(KeyManagerImpl.java:1280) ~[ozone-manager-1.3.0-SNAPSHOT.jar:?]
	at org.apache.hadoop.ozone.om.KeyManagerImpl.getFileStatus(KeyManagerImpl.java:1210) ~[ozone-manager-1.3.0-SNAPSHOT.jar:?]
	at org.apache.hadoop.ozone.om.OzoneManager.getFileStatus(OzoneManager.java:3009) ~[ozone-manager-1.3.0-SNAPSHOT.jar:?]
	at org.apache.hadoop.ozone.protocolPB.OzoneManagerRequestHandler.getOzoneFileStatus(OzoneManagerRequestHandler.java:670) ~[ozone-manager-1.3.0-SNAPSHOT.jar:?]
	at org.apache.hadoop.ozone.protocolPB.OzoneManagerRequestHandler.handleReadRequest(OzoneManagerRequestHandler.java:201) ~[ozone-manager-1.3.0-SNAPSHOT.jar:?]
	at org.apache.hadoop.ozone.protocolPB.OzoneManagerProtocolServerSideTranslatorPB.submitRequestDirectlyToOM(OzoneManagerProtocolServerSideTranslatorPB.java:271) ~[ozone-manager-1.3.0-SNAPSHOT.jar:?]
	at org.apache.hadoop.ozone.protocolPB.OzoneManagerProtocolServerSideTranslatorPB.processRequest(OzoneManagerProtocolServerSideTranslatorPB.java:195) ~[ozone-manager-1.3.0-SNAPSHOT.jar:?]
	at org.apache.hadoop.hdds.server.OzoneProtocolMessageDispatcher.processRequest(OzoneProtocolMessageDispatcher.java:87) [hdds-server-framework-1.3.0-SNAPSHOT.jar:?]
	at org.apache.hadoop.ozone.protocolPB.OzoneManagerProtocolServerSideTranslatorPB.submitRequest(OzoneManagerProtocolServerSideTranslatorPB.java:146) [ozone-manager-1.3.0-SNAPSHOT.jar:?]
	at org.apache.hadoop.ozone.protocol.proto.OzoneManagerProtocolProtos$OzoneManagerService$2.callBlockingMethod(OzoneManagerProtocolProtos.java) [ozone-interface-client-1.3.0-SNAPSHOT.jar:?]
	at org.apache.hadoop.ipc.ProtobufRpcEngine$Server.processCall(ProtobufRpcEngine.java:466) [hadoop-common-3.3.1.jar:?]
	at org.apache.hadoop.ipc.ProtobufRpcEngine2$Server$ProtoBufRpcInvoker.call(ProtobufRpcEngine2.java:574) [hadoop-common-3.3.1.jar:?]
	at org.apache.hadoop.ipc.ProtobufRpcEngine2$Server$ProtoBufRpcInvoker.call(ProtobufRpcEngine2.java:552) [hadoop-common-3.3.1.jar:?]
	at org.apache.hadoop.ipc.RPC$Server.call(RPC.java:1093) [hadoop-common-3.3.1.jar:?]
	at org.apache.hadoop.ipc.Server$RpcCall.run(Server.java:1035) [hadoop-common-3.3.1.jar:?]
	at org.apache.hadoop.ipc.Server$RpcCall.run(Server.java:963) [hadoop-common-3.3.1.jar:?]
	at java.security.AccessController.doPrivileged(Native Method) ~[?:1.8.0_322]
	at javax.security.auth.Subject.doAs(Subject.java:422) [?:1.8.0_322]
	at org.apache.hadoop.security.UserGroupInformation.doAs(UserGroupInformation.java:1878) [hadoop-common-3.3.1.jar:?]
	at org.apache.hadoop.ipc.Server$Handler.run(Server.java:2966) [hadoop-common-3.3.1.jar:?]
01:52:53.889 [IPC Server handler 14 on default port 46323] ERROR OMAudit - user=runner | ip=127.0.0.1 | op=GET_FILE_STATUS {volume=volume68825, bucket=bucket30700, key=gdir1/dir8, dataSize=0, replicationConfig=null} | ret=FAILURE
org.apache.hadoop.ozone.om.exceptions.OMException: Unable to get file status: volume: volume68825 bucket: bucket30700 key: gdir1/dir8
	at org.apache.hadoop.ozone.om.KeyManagerImpl.getOzoneFileStatus(KeyManagerImpl.java:1280) ~[ozone-manager-1.3.0-SNAPSHOT.jar:?]
	at org.apache.hadoop.ozone.om.KeyManagerImpl.getFileStatus(KeyManagerImpl.java:1210) ~[ozone-manager-1.3.0-SNAPSHOT.jar:?]
	at org.apache.hadoop.ozone.om.OzoneManager.getFileStatus(OzoneManager.java:3009) ~[ozone-manager-1.3.0-SNAPSHOT.jar:?]
	at org.apache.hadoop.ozone.protocolPB.OzoneManagerRequestHandler.getOzoneFileStatus(OzoneManagerRequestHandler.java:670) ~[ozone-manager-1.3.0-SNAPSHOT.jar:?]
	at org.apache.hadoop.ozone.protocolPB.OzoneManagerRequestHandler.handleReadRequest(OzoneManagerRequestHandler.java:201) ~[ozone-manager-1.3.0-SNAPSHOT.jar:?]
	at org.apache.hadoop.ozone.protocolPB.OzoneManagerProtocolServerSideTranslatorPB.submitRequestDirectlyToOM(OzoneManagerProtocolServerSideTranslatorPB.java:271) ~[ozone-manager-1.3.0-SNAPSHOT.jar:?]
	at org.apache.hadoop.ozone.protocolPB.OzoneManagerProtocolServerSideTranslatorPB.processRequest(OzoneManagerProtocolServerSideTranslatorPB.java:195) ~[ozone-manager-1.3.0-SNAPSHOT.jar:?]
	at org.apache.hadoop.hdds.server.OzoneProtocolMessageDispatcher.processRequest(OzoneProtocolMessageDispatcher.java:87) [hdds-server-framework-1.3.0-SNAPSHOT.jar:?]
	at org.apache.hadoop.ozone.protocolPB.OzoneManagerProtocolServerSideTranslatorPB.submitRequest(OzoneManagerProtocolServerSideTranslatorPB.java:146) [ozone-manager-1.3.0-SNAPSHOT.jar:?]
	at org.apache.hadoop.ozone.protocol.proto.OzoneManagerProtocolProtos$OzoneManagerService$2.callBlockingMethod(OzoneManagerProtocolProtos.java) [ozone-interface-client-1.3.0-SNAPSHOT.jar:?]
	at org.apache.hadoop.ipc.ProtobufRpcEngine$Server.processCall(ProtobufRpcEngine.java:466) [hadoop-common-3.3.1.jar:?]
	at org.apache.hadoop.ipc.ProtobufRpcEngine2$Server$ProtoBufRpcInvoker.call(ProtobufRpcEngine2.java:574) [hadoop-common-3.3.1.jar:?]
	at org.apache.hadoop.ipc.ProtobufRpcEngine2$Server$ProtoBufRpcInvoker.call(ProtobufRpcEngine2.java:552) [hadoop-common-3.3.1.jar:?]
	at org.apache.hadoop.ipc.RPC$Server.call(RPC.java:1093) [hadoop-common-3.3.1.jar:?]
	at org.apache.hadoop.ipc.Server$RpcCall.run(Server.java:1035) [hadoop-common-3.3.1.jar:?]
	at org.apache.hadoop.ipc.Server$RpcCall.run(Server.java:963) [hadoop-common-3.3.1.jar:?]
	at java.security.AccessController.doPrivileged(Native Method) ~[?:1.8.0_322]
	at javax.security.auth.Subject.doAs(Subject.java:422) [?:1.8.0_322]
	at org.apache.hadoop.security.UserGroupInformation.doAs(UserGroupInformation.java:1878) [hadoop-common-3.3.1.jar:?]
	at org.apache.hadoop.ipc.Server$Handler.run(Server.java:2966) [hadoop-common-3.3.1.jar:?]
01:52:53.890 [IPC Server handler 13 on default port 46323] ERROR OMAudit - user=runner | ip=127.0.0.1 | op=GET_FILE_STATUS {volume=volume68825, bucket=bucket30700, key=gdir1/dir8/child, dataSize=0, replicationConfig=null} | ret=FAILURE
org.apache.hadoop.ozone.om.exceptions.OMException: Unable to get file status: volume: volume68825 bucket: bucket30700 key: gdir1/dir8/child
	at org.apache.hadoop.ozone.om.KeyManagerImpl.getOzoneFileStatus(KeyManagerImpl.java:1280) ~[ozone-manager-1.3.0-SNAPSHOT.jar:?]
	at org.apache.hadoop.ozone.om.KeyManagerImpl.getFileStatus(KeyManagerImpl.java:1210) ~[ozone-manager-1.3.0-SNAPSHOT.jar:?]
	at org.apache.hadoop.ozone.om.OzoneManager.getFileStatus(OzoneManager.java:3009) ~[ozone-manager-1.3.0-SNAPSHOT.jar:?]
	at org.apache.hadoop.ozone.protocolPB.OzoneManagerRequestHandler.getOzoneFileStatus(OzoneManagerRequestHandler.java:670) ~[ozone-manager-1.3.0-SNAPSHOT.jar:?]
	at org.apache.hadoop.ozone.protocolPB.OzoneManagerRequestHandler.handleReadRequest(OzoneManagerRequestHandler.java:201) ~[ozone-manager-1.3.0-SNAPSHOT.jar:?]
	at org.apache.hadoop.ozone.protocolPB.OzoneManagerProtocolServerSideTranslatorPB.submitRequestDirectlyToOM(OzoneManagerProtocolServerSideTranslatorPB.java:271) ~[ozone-manager-1.3.0-SNAPSHOT.jar:?]
	at org.apache.hadoop.ozone.protocolPB.OzoneManagerProtocolServerSideTranslatorPB.processRequest(OzoneManagerProtocolServerSideTranslatorPB.java:195) ~[ozone-manager-1.3.0-SNAPSHOT.jar:?]
	at org.apache.hadoop.hdds.server.OzoneProtocolMessageDispatcher.processRequest(OzoneProtocolMessageDispatcher.java:87) [hdds-server-framework-1.3.0-SNAPSHOT.jar:?]
	at org.apache.hadoop.ozone.protocolPB.OzoneManagerProtocolServerSideTranslatorPB.submitRequest(OzoneManagerProtocolServerSideTranslatorPB.java:146) [ozone-manager-1.3.0-SNAPSHOT.jar:?]
	at org.apache.hadoop.ozone.protocol.proto.OzoneManagerProtocolProtos$OzoneManagerService$2.callBlockingMethod(OzoneManagerProtocolProtos.java) [ozone-interface-client-1.3.0-SNAPSHOT.jar:?]
	at org.apache.hadoop.ipc.ProtobufRpcEngine$Server.processCall(ProtobufRpcEngine.java:466) [hadoop-common-3.3.1.jar:?]
	at org.apache.hadoop.ipc.ProtobufRpcEngine2$Server$ProtoBufRpcInvoker.call(ProtobufRpcEngine2.java:574) [hadoop-common-3.3.1.jar:?]
	at org.apache.hadoop.ipc.ProtobufRpcEngine2$Server$ProtoBufRpcInvoker.call(ProtobufRpcEngine2.java:552) [hadoop-common-3.3.1.jar:?]
	at org.apache.hadoop.ipc.RPC$Server.call(RPC.java:1093) [hadoop-common-3.3.1.jar:?]
	at org.apache.hadoop.ipc.Server$RpcCall.run(Server.java:1035) [hadoop-common-3.3.1.jar:?]
	at org.apache.hadoop.ipc.Server$RpcCall.run(Server.java:963) [hadoop-common-3.3.1.jar:?]
	at java.security.AccessController.doPrivileged(Native Method) ~[?:1.8.0_322]
	at javax.security.auth.Subject.doAs(Subject.java:422) [?:1.8.0_322]
	at org.apache.hadoop.security.UserGroupInformation.doAs(UserGroupInformation.java:1878) [hadoop-common-3.3.1.jar:?]
	at org.apache.hadoop.ipc.Server$Handler.run(Server.java:2966) [hadoop-common-3.3.1.jar:?]
01:52:53.892 [IPC Server handler 15 on default port 46323] ERROR OMAudit - user=runner | ip=127.0.0.1 | op=GET_FILE_STATUS {volume=volume68825, bucket=bucket30700, key=gdir1/dir9, dataSize=0, replicationConfig=null} | ret=FAILURE
org.apache.hadoop.ozone.om.exceptions.OMException: Unable to get file status: volume: volume68825 bucket: bucket30700 key: gdir1/dir9
	at org.apache.hadoop.ozone.om.KeyManagerImpl.getOzoneFileStatus(KeyManagerImpl.java:1280) ~[ozone-manager-1.3.0-SNAPSHOT.jar:?]
	at org.apache.hadoop.ozone.om.KeyManagerImpl.getFileStatus(KeyManagerImpl.java:1210) ~[ozone-manager-1.3.0-SNAPSHOT.jar:?]
	at org.apache.hadoop.ozone.om.OzoneManager.getFileStatus(OzoneManager.java:3009) ~[ozone-manager-1.3.0-SNAPSHOT.jar:?]
	at org.apache.hadoop.ozone.protocolPB.OzoneManagerRequestHandler.getOzoneFileStatus(OzoneManagerRequestHandler.java:670) ~[ozone-manager-1.3.0-SNAPSHOT.jar:?]
	at org.apache.hadoop.ozone.protocolPB.OzoneManagerRequestHandler.handleReadRequest(OzoneManagerRequestHandler.java:201) ~[ozone-manager-1.3.0-SNAPSHOT.jar:?]
	at org.apache.hadoop.ozone.protocolPB.OzoneManagerProtocolServerSideTranslatorPB.submitRequestDirectlyToOM(OzoneManagerProtocolServerSideTranslatorPB.java:271) ~[ozone-manager-1.3.0-SNAPSHOT.jar:?]
	at org.apache.hadoop.ozone.protocolPB.OzoneManagerProtocolServerSideTranslatorPB.processRequest(OzoneManagerProtocolServerSideTranslatorPB.java:195) ~[ozone-manager-1.3.0-SNAPSHOT.jar:?]
	at org.apache.hadoop.hdds.server.OzoneProtocolMessageDispatcher.processRequest(OzoneProtocolMessageDispatcher.java:87) [hdds-server-framework-1.3.0-SNAPSHOT.jar:?]
	at org.apache.hadoop.ozone.protocolPB.OzoneManagerProtocolServerSideTranslatorPB.submitRequest(OzoneManagerProtocolServerSideTranslatorPB.java:146) [ozone-manager-1.3.0-SNAPSHOT.jar:?]
	at org.apache.hadoop.ozone.protocol.proto.OzoneManagerProtocolProtos$OzoneManagerService$2.callBlockingMethod(OzoneManagerProtocolProtos.java) [ozone-interface-client-1.3.0-SNAPSHOT.jar:?]
	at org.apache.hadoop.ipc.ProtobufRpcEngine$Server.processCall(ProtobufRpcEngine.java:466) [hadoop-common-3.3.1.jar:?]
	at org.apache.hadoop.ipc.ProtobufRpcEngine2$Server$ProtoBufRpcInvoker.call(ProtobufRpcEngine2.java:574) [hadoop-common-3.3.1.jar:?]
	at org.apache.hadoop.ipc.ProtobufRpcEngine2$Server$ProtoBufRpcInvoker.call(ProtobufRpcEngine2.java:552) [hadoop-common-3.3.1.jar:?]
	at org.apache.hadoop.ipc.RPC$Server.call(RPC.java:1093) [hadoop-common-3.3.1.jar:?]
	at org.apache.hadoop.ipc.Server$RpcCall.run(Server.java:1035) [hadoop-common-3.3.1.jar:?]
	at org.apache.hadoop.ipc.Server$RpcCall.run(Server.java:963) [hadoop-common-3.3.1.jar:?]
	at java.security.AccessController.doPrivileged(Native Method) ~[?:1.8.0_322]
	at javax.security.auth.Subject.doAs(Subject.java:422) [?:1.8.0_322]
	at org.apache.hadoop.security.UserGroupInformation.doAs(UserGroupInformation.java:1878) [hadoop-common-3.3.1.jar:?]
	at org.apache.hadoop.ipc.Server$Handler.run(Server.java:2966) [hadoop-common-3.3.1.jar:?]
01:52:53.893 [IPC Server handler 10 on default port 46323] ERROR OMAudit - user=runner | ip=127.0.0.1 | op=GET_FILE_STATUS {volume=volume68825, bucket=bucket30700, key=gdir1/dir9/child, dataSize=0, replicationConfig=null} | ret=FAILURE
org.apache.hadoop.ozone.om.exceptions.OMException: Unable to get file status: volume: volume68825 bucket: bucket30700 key: gdir1/dir9/child
	at org.apache.hadoop.ozone.om.KeyManagerImpl.getOzoneFileStatus(KeyManagerImpl.java:1280) ~[ozone-manager-1.3.0-SNAPSHOT.jar:?]
	at org.apache.hadoop.ozone.om.KeyManagerImpl.getFileStatus(KeyManagerImpl.java:1210) ~[ozone-manager-1.3.0-SNAPSHOT.jar:?]
	at org.apache.hadoop.ozone.om.OzoneManager.getFileStatus(OzoneManager.java:3009) ~[ozone-manager-1.3.0-SNAPSHOT.jar:?]
	at org.apache.hadoop.ozone.protocolPB.OzoneManagerRequestHandler.getOzoneFileStatus(OzoneManagerRequestHandler.java:670) ~[ozone-manager-1.3.0-SNAPSHOT.jar:?]
	at org.apache.hadoop.ozone.protocolPB.OzoneManagerRequestHandler.handleReadRequest(OzoneManagerRequestHandler.java:201) ~[ozone-manager-1.3.0-SNAPSHOT.jar:?]
	at org.apache.hadoop.ozone.protocolPB.OzoneManagerProtocolServerSideTranslatorPB.submitRequestDirectlyToOM(OzoneManagerProtocolServerSideTranslatorPB.java:271) ~[ozone-manager-1.3.0-SNAPSHOT.jar:?]
	at org.apache.hadoop.ozone.protocolPB.OzoneManagerProtocolServerSideTranslatorPB.processRequest(OzoneManagerProtocolServerSideTranslatorPB.java:195) ~[ozone-manager-1.3.0-SNAPSHOT.jar:?]
	at org.apache.hadoop.hdds.server.OzoneProtocolMessageDispatcher.processRequest(OzoneProtocolMessageDispatcher.java:87) [hdds-server-framework-1.3.0-SNAPSHOT.jar:?]
	at org.apache.hadoop.ozone.protocolPB.OzoneManagerProtocolServerSideTranslatorPB.submitRequest(OzoneManagerProtocolServerSideTranslatorPB.java:146) [ozone-manager-1.3.0-SNAPSHOT.jar:?]
	at org.apache.hadoop.ozone.protocol.proto.OzoneManagerProtocolProtos$OzoneManagerService$2.callBlockingMethod(OzoneManagerProtocolProtos.java) [ozone-interface-client-1.3.0-SNAPSHOT.jar:?]
	at org.apache.hadoop.ipc.ProtobufRpcEngine$Server.processCall(ProtobufRpcEngine.java:466) [hadoop-common-3.3.1.jar:?]
	at org.apache.hadoop.ipc.ProtobufRpcEngine2$Server$ProtoBufRpcInvoker.call(ProtobufRpcEngine2.java:574) [hadoop-common-3.3.1.jar:?]
	at org.apache.hadoop.ipc.ProtobufRpcEngine2$Server$ProtoBufRpcInvoker.call(ProtobufRpcEngine2.java:552) [hadoop-common-3.3.1.jar:?]
	at org.apache.hadoop.ipc.RPC$Server.call(RPC.java:1093) [hadoop-common-3.3.1.jar:?]
	at org.apache.hadoop.ipc.Server$RpcCall.run(Server.java:1035) [hadoop-common-3.3.1.jar:?]
	at org.apache.hadoop.ipc.Server$RpcCall.run(Server.java:963) [hadoop-common-3.3.1.jar:?]
	at java.security.AccessController.doPrivileged(Native Method) ~[?:1.8.0_322]
	at javax.security.auth.Subject.doAs(Subject.java:422) [?:1.8.0_322]
	at org.apache.hadoop.security.UserGroupInformation.doAs(UserGroupInformation.java:1878) [hadoop-common-3.3.1.jar:?]
	at org.apache.hadoop.ipc.Server$Handler.run(Server.java:2966) [hadoop-common-3.3.1.jar:?]
01:52:53.893 [IPC Server handler 9 on default port 46323] ERROR OMAudit - user=runner | ip=127.0.0.1 | op=GET_FILE_STATUS {volume=volume68825, bucket=bucket30700, key=gdir1/dir10, dataSize=0, replicationConfig=null} | ret=FAILURE
org.apache.hadoop.ozone.om.exceptions.OMException: Unable to get file status: volume: volume68825 bucket: bucket30700 key: gdir1/dir10
	at org.apache.hadoop.ozone.om.KeyManagerImpl.getOzoneFileStatus(KeyManagerImpl.java:1280) ~[ozone-manager-1.3.0-SNAPSHOT.jar:?]
	at org.apache.hadoop.ozone.om.KeyManagerImpl.getFileStatus(KeyManagerImpl.java:1210) ~[ozone-manager-1.3.0-SNAPSHOT.jar:?]
	at org.apache.hadoop.ozone.om.OzoneManager.getFileStatus(OzoneManager.java:3009) ~[ozone-manager-1.3.0-SNAPSHOT.jar:?]
	at org.apache.hadoop.ozone.protocolPB.OzoneManagerRequestHandler.getOzoneFileStatus(OzoneManagerRequestHandler.java:670) ~[ozone-manager-1.3.0-SNAPSHOT.jar:?]
	at org.apache.hadoop.ozone.protocolPB.OzoneManagerRequestHandler.handleReadRequest(OzoneManagerRequestHandler.java:201) ~[ozone-manager-1.3.0-SNAPSHOT.jar:?]
	at org.apache.hadoop.ozone.protocolPB.OzoneManagerProtocolServerSideTranslatorPB.submitRequestDirectlyToOM(OzoneManagerProtocolServerSideTranslatorPB.java:271) ~[ozone-manager-1.3.0-SNAPSHOT.jar:?]
	at org.apache.hadoop.ozone.protocolPB.OzoneManagerProtocolServerSideTranslatorPB.processRequest(OzoneManagerProtocolServerSideTranslatorPB.java:195) ~[ozone-manager-1.3.0-SNAPSHOT.jar:?]
	at org.apache.hadoop.hdds.server.OzoneProtocolMessageDispatcher.processRequest(OzoneProtocolMessageDispatcher.java:87) [hdds-server-framework-1.3.0-SNAPSHOT.jar:?]
	at org.apache.hadoop.ozone.protocolPB.OzoneManagerProtocolServerSideTranslatorPB.submitRequest(OzoneManagerProtocolServerSideTranslatorPB.java:146) [ozone-manager-1.3.0-SNAPSHOT.jar:?]
	at org.apache.hadoop.ozone.protocol.proto.OzoneManagerProtocolProtos$OzoneManagerService$2.callBlockingMethod(OzoneManagerProtocolProtos.java) [ozone-interface-client-1.3.0-SNAPSHOT.jar:?]
	at org.apache.hadoop.ipc.ProtobufRpcEngine$Server.processCall(ProtobufRpcEngine.java:466) [hadoop-common-3.3.1.jar:?]
	at org.apache.hadoop.ipc.ProtobufRpcEngine2$Server$ProtoBufRpcInvoker.call(ProtobufRpcEngine2.java:574) [hadoop-common-3.3.1.jar:?]
	at org.apache.hadoop.ipc.ProtobufRpcEngine2$Server$ProtoBufRpcInvoker.call(ProtobufRpcEngine2.java:552) [hadoop-common-3.3.1.jar:?]
	at org.apache.hadoop.ipc.RPC$Server.call(RPC.java:1093) [hadoop-common-3.3.1.jar:?]
	at org.apache.hadoop.ipc.Server$RpcCall.run(Server.java:1035) [hadoop-common-3.3.1.jar:?]
	at org.apache.hadoop.ipc.Server$RpcCall.run(Server.java:963) [hadoop-common-3.3.1.jar:?]
	at java.security.AccessController.doPrivileged(Native Method) ~[?:1.8.0_322]
	at javax.security.auth.Subject.doAs(Subject.java:422) [?:1.8.0_322]
	at org.apache.hadoop.security.UserGroupInformation.doAs(UserGroupInformation.java:1878) [hadoop-common-3.3.1.jar:?]
	at org.apache.hadoop.ipc.Server$Handler.run(Server.java:2966) [hadoop-common-3.3.1.jar:?]
01:52:53.894 [IPC Server handler 3 on default port 46323] ERROR OMAudit - user=runner | ip=127.0.0.1 | op=GET_FILE_STATUS {volume=volume68825, bucket=bucket30700, key=gdir1/dir10/child, dataSize=0, replicationConfig=null} | ret=FAILURE
org.apache.hadoop.ozone.om.exceptions.OMException: Unable to get file status: volume: volume68825 bucket: bucket30700 key: gdir1/dir10/child
	at org.apache.hadoop.ozone.om.KeyManagerImpl.getOzoneFileStatus(KeyManagerImpl.java:1280) ~[ozone-manager-1.3.0-SNAPSHOT.jar:?]
	at org.apache.hadoop.ozone.om.KeyManagerImpl.getFileStatus(KeyManagerImpl.java:1210) ~[ozone-manager-1.3.0-SNAPSHOT.jar:?]
	at org.apache.hadoop.ozone.om.OzoneManager.getFileStatus(OzoneManager.java:3009) ~[ozone-manager-1.3.0-SNAPSHOT.jar:?]
	at org.apache.hadoop.ozone.protocolPB.OzoneManagerRequestHandler.getOzoneFileStatus(OzoneManagerRequestHandler.java:670) ~[ozone-manager-1.3.0-SNAPSHOT.jar:?]
	at org.apache.hadoop.ozone.protocolPB.OzoneManagerRequestHandler.handleReadRequest(OzoneManagerRequestHandler.java:201) ~[ozone-manager-1.3.0-SNAPSHOT.jar:?]
	at org.apache.hadoop.ozone.protocolPB.OzoneManagerProtocolServerSideTranslatorPB.submitRequestDirectlyToOM(OzoneManagerProtocolServerSideTranslatorPB.java:271) ~[ozone-manager-1.3.0-SNAPSHOT.jar:?]
	at org.apache.hadoop.ozone.protocolPB.OzoneManagerProtocolServerSideTranslatorPB.processRequest(OzoneManagerProtocolServerSideTranslatorPB.java:195) ~[ozone-manager-1.3.0-SNAPSHOT.jar:?]
	at org.apache.hadoop.hdds.server.OzoneProtocolMessageDispatcher.processRequest(OzoneProtocolMessageDispatcher.java:87) [hdds-server-framework-1.3.0-SNAPSHOT.jar:?]
	at org.apache.hadoop.ozone.protocolPB.OzoneManagerProtocolServerSideTranslatorPB.submitRequest(OzoneManagerProtocolServerSideTranslatorPB.java:146) [ozone-manager-1.3.0-SNAPSHOT.jar:?]
	at org.apache.hadoop.ozone.protocol.proto.OzoneManagerProtocolProtos$OzoneManagerService$2.callBlockingMethod(OzoneManagerProtocolProtos.java) [ozone-interface-client-1.3.0-SNAPSHOT.jar:?]
	at org.apache.hadoop.ipc.ProtobufRpcEngine$Server.processCall(ProtobufRpcEngine.java:466) [hadoop-common-3.3.1.jar:?]
	at org.apache.hadoop.ipc.ProtobufRpcEngine2$Server$ProtoBufRpcInvoker.call(ProtobufRpcEngine2.java:574) [hadoop-common-3.3.1.jar:?]
	at org.apache.hadoop.ipc.ProtobufRpcEngine2$Server$ProtoBufRpcInvoker.call(ProtobufRpcEngine2.java:552) [hadoop-common-3.3.1.jar:?]
	at org.apache.hadoop.ipc.RPC$Server.call(RPC.java:1093) [hadoop-common-3.3.1.jar:?]
	at org.apache.hadoop.ipc.Server$RpcCall.run(Server.java:1035) [hadoop-common-3.3.1.jar:?]
	at org.apache.hadoop.ipc.Server$RpcCall.run(Server.java:963) [hadoop-common-3.3.1.jar:?]
	at java.security.AccessController.doPrivileged(Native Method) ~[?:1.8.0_322]
	at javax.security.auth.Subject.doAs(Subject.java:422) [?:1.8.0_322]
	at org.apache.hadoop.security.UserGroupInformation.doAs(UserGroupInformation.java:1878) [hadoop-common-3.3.1.jar:?]
	at org.apache.hadoop.ipc.Server$Handler.run(Server.java:2966) [hadoop-common-3.3.1.jar:?]
01:52:53.963 [IPC Server handler 16 on default port 46323] ERROR OMAudit - user=runner | ip=127.0.0.1 | op=GET_FILE_STATUS {volume=volume68825, bucket=bucket30700, key=level0, dataSize=0, replicationConfig=null} | ret=FAILURE
org.apache.hadoop.ozone.om.exceptions.OMException: Unable to get file status: volume: volume68825 bucket: bucket30700 key: level0
	at org.apache.hadoop.ozone.om.KeyManagerImpl.getOzoneFileStatus(KeyManagerImpl.java:1280) ~[ozone-manager-1.3.0-SNAPSHOT.jar:?]
	at org.apache.hadoop.ozone.om.KeyManagerImpl.getFileStatus(KeyManagerImpl.java:1210) ~[ozone-manager-1.3.0-SNAPSHOT.jar:?]
	at org.apache.hadoop.ozone.om.OzoneManager.getFileStatus(OzoneManager.java:3009) ~[ozone-manager-1.3.0-SNAPSHOT.jar:?]
	at org.apache.hadoop.ozone.protocolPB.OzoneManagerRequestHandler.getOzoneFileStatus(OzoneManagerRequestHandler.java:670) ~[ozone-manager-1.3.0-SNAPSHOT.jar:?]
	at org.apache.hadoop.ozone.protocolPB.OzoneManagerRequestHandler.handleReadRequest(OzoneManagerRequestHandler.java:201) ~[ozone-manager-1.3.0-SNAPSHOT.jar:?]
	at org.apache.hadoop.ozone.protocolPB.OzoneManagerProtocolServerSideTranslatorPB.submitRequestDirectlyToOM(OzoneManagerProtocolServerSideTranslatorPB.java:271) ~[ozone-manager-1.3.0-SNAPSHOT.jar:?]
	at org.apache.hadoop.ozone.protocolPB.OzoneManagerProtocolServerSideTranslatorPB.processRequest(OzoneManagerProtocolServerSideTranslatorPB.java:195) ~[ozone-manager-1.3.0-SNAPSHOT.jar:?]
	at org.apache.hadoop.hdds.server.OzoneProtocolMessageDispatcher.processRequest(OzoneProtocolMessageDispatcher.java:87) [hdds-server-framework-1.3.0-SNAPSHOT.jar:?]
	at org.apache.hadoop.ozone.protocolPB.OzoneManagerProtocolServerSideTranslatorPB.submitRequest(OzoneManagerProtocolServerSideTranslatorPB.java:146) [ozone-manager-1.3.0-SNAPSHOT.jar:?]
	at org.apache.hadoop.ozone.protocol.proto.OzoneManagerProtocolProtos$OzoneManagerService$2.callBlockingMethod(OzoneManagerProtocolProtos.java) [ozone-interface-client-1.3.0-SNAPSHOT.jar:?]
	at org.apache.hadoop.ipc.ProtobufRpcEngine$Server.processCall(ProtobufRpcEngine.java:466) [hadoop-common-3.3.1.jar:?]
	at org.apache.hadoop.ipc.ProtobufRpcEngine2$Server$ProtoBufRpcInvoker.call(ProtobufRpcEngine2.java:574) [hadoop-common-3.3.1.jar:?]
	at org.apache.hadoop.ipc.ProtobufRpcEngine2$Server$ProtoBufRpcInvoker.call(ProtobufRpcEngine2.java:552) [hadoop-common-3.3.1.jar:?]
	at org.apache.hadoop.ipc.RPC$Server.call(RPC.java:1093) [hadoop-common-3.3.1.jar:?]
	at org.apache.hadoop.ipc.Server$RpcCall.run(Server.java:1035) [hadoop-common-3.3.1.jar:?]
	at org.apache.hadoop.ipc.Server$RpcCall.run(Server.java:963) [hadoop-common-3.3.1.jar:?]
	at java.security.AccessController.doPrivileged(Native Method) ~[?:1.8.0_322]
	at javax.security.auth.Subject.doAs(Subject.java:422) [?:1.8.0_322]
	at org.apache.hadoop.security.UserGroupInformation.doAs(UserGroupInformation.java:1878) [hadoop-common-3.3.1.jar:?]
	at org.apache.hadoop.ipc.Server$Handler.run(Server.java:2966) [hadoop-common-3.3.1.jar:?]
01:52:53.964 [IPC Server handler 14 on default port 46323] ERROR OMAudit - user=runner | ip=127.0.0.1 | op=GET_FILE_STATUS {volume=volume68825, bucket=bucket30700, key=level0/level1, dataSize=0, replicationConfig=null} | ret=FAILURE
org.apache.hadoop.ozone.om.exceptions.OMException: Unable to get file status: volume: volume68825 bucket: bucket30700 key: level0/level1
	at org.apache.hadoop.ozone.om.KeyManagerImpl.getOzoneFileStatus(KeyManagerImpl.java:1280) ~[ozone-manager-1.3.0-SNAPSHOT.jar:?]
	at org.apache.hadoop.ozone.om.KeyManagerImpl.getFileStatus(KeyManagerImpl.java:1210) ~[ozone-manager-1.3.0-SNAPSHOT.jar:?]
	at org.apache.hadoop.ozone.om.OzoneManager.getFileStatus(OzoneManager.java:3009) ~[ozone-manager-1.3.0-SNAPSHOT.jar:?]
	at org.apache.hadoop.ozone.protocolPB.OzoneManagerRequestHandler.getOzoneFileStatus(OzoneManagerRequestHandler.java:670) ~[ozone-manager-1.3.0-SNAPSHOT.jar:?]
	at org.apache.hadoop.ozone.protocolPB.OzoneManagerRequestHandler.handleReadRequest(OzoneManagerRequestHandler.java:201) ~[ozone-manager-1.3.0-SNAPSHOT.jar:?]
	at org.apache.hadoop.ozone.protocolPB.OzoneManagerProtocolServerSideTranslatorPB.submitRequestDirectlyToOM(OzoneManagerProtocolServerSideTranslatorPB.java:271) ~[ozone-manager-1.3.0-SNAPSHOT.jar:?]
	at org.apache.hadoop.ozone.protocolPB.OzoneManagerProtocolServerSideTranslatorPB.processRequest(OzoneManagerProtocolServerSideTranslatorPB.java:195) ~[ozone-manager-1.3.0-SNAPSHOT.jar:?]
	at org.apache.hadoop.hdds.server.OzoneProtocolMessageDispatcher.processRequest(OzoneProtocolMessageDispatcher.java:87) [hdds-server-framework-1.3.0-SNAPSHOT.jar:?]
	at org.apache.hadoop.ozone.protocolPB.OzoneManagerProtocolServerSideTranslatorPB.submitRequest(OzoneManagerProtocolServerSideTranslatorPB.java:146) [ozone-manager-1.3.0-SNAPSHOT.jar:?]
	at org.apache.hadoop.ozone.protocol.proto.OzoneManagerProtocolProtos$OzoneManagerService$2.callBlockingMethod(OzoneManagerProtocolProtos.java) [ozone-interface-client-1.3.0-SNAPSHOT.jar:?]
	at org.apache.hadoop.ipc.ProtobufRpcEngine$Server.processCall(ProtobufRpcEngine.java:466) [hadoop-common-3.3.1.jar:?]
	at org.apache.hadoop.ipc.ProtobufRpcEngine2$Server$ProtoBufRpcInvoker.call(ProtobufRpcEngine2.java:574) [hadoop-common-3.3.1.jar:?]
	at org.apache.hadoop.ipc.ProtobufRpcEngine2$Server$ProtoBufRpcInvoker.call(ProtobufRpcEngine2.java:552) [hadoop-common-3.3.1.jar:?]
	at org.apache.hadoop.ipc.RPC$Server.call(RPC.java:1093) [hadoop-common-3.3.1.jar:?]
	at org.apache.hadoop.ipc.Server$RpcCall.run(Server.java:1035) [hadoop-common-3.3.1.jar:?]
	at org.apache.hadoop.ipc.Server$RpcCall.run(Server.java:963) [hadoop-common-3.3.1.jar:?]
	at java.security.AccessController.doPrivileged(Native Method) ~[?:1.8.0_322]
	at javax.security.auth.Subject.doAs(Subject.java:422) [?:1.8.0_322]
	at org.apache.hadoop.security.UserGroupInformation.doAs(UserGroupInformation.java:1878) [hadoop-common-3.3.1.jar:?]
	at org.apache.hadoop.ipc.Server$Handler.run(Server.java:2966) [hadoop-common-3.3.1.jar:?]
01:52:53.965 [IPC Server handler 13 on default port 46323] ERROR OMAudit - user=runner | ip=127.0.0.1 | op=GET_FILE_STATUS {volume=volume68825, bucket=bucket30700, key=level0/level1/level1, dataSize=0, replicationConfig=null} | ret=FAILURE
org.apache.hadoop.ozone.om.exceptions.OMException: Unable to get file status: volume: volume68825 bucket: bucket30700 key: level0/level1/level1
	at org.apache.hadoop.ozone.om.KeyManagerImpl.getOzoneFileStatus(KeyManagerImpl.java:1280) ~[ozone-manager-1.3.0-SNAPSHOT.jar:?]
	at org.apache.hadoop.ozone.om.KeyManagerImpl.getFileStatus(KeyManagerImpl.java:1210) ~[ozone-manager-1.3.0-SNAPSHOT.jar:?]
	at org.apache.hadoop.ozone.om.OzoneManager.getFileStatus(OzoneManager.java:3009) ~[ozone-manager-1.3.0-SNAPSHOT.jar:?]
	at org.apache.hadoop.ozone.protocolPB.OzoneManagerRequestHandler.getOzoneFileStatus(OzoneManagerRequestHandler.java:670) ~[ozone-manager-1.3.0-SNAPSHOT.jar:?]
	at org.apache.hadoop.ozone.protocolPB.OzoneManagerRequestHandler.handleReadRequest(OzoneManagerRequestHandler.java:201) ~[ozone-manager-1.3.0-SNAPSHOT.jar:?]
	at org.apache.hadoop.ozone.protocolPB.OzoneManagerProtocolServerSideTranslatorPB.submitRequestDirectlyToOM(OzoneManagerProtocolServerSideTranslatorPB.java:271) ~[ozone-manager-1.3.0-SNAPSHOT.jar:?]
	at org.apache.hadoop.ozone.protocolPB.OzoneManagerProtocolServerSideTranslatorPB.processRequest(OzoneManagerProtocolServerSideTranslatorPB.java:195) ~[ozone-manager-1.3.0-SNAPSHOT.jar:?]
	at org.apache.hadoop.hdds.server.OzoneProtocolMessageDispatcher.processRequest(OzoneProtocolMessageDispatcher.java:87) [hdds-server-framework-1.3.0-SNAPSHOT.jar:?]
	at org.apache.hadoop.ozone.protocolPB.OzoneManagerProtocolServerSideTranslatorPB.submitRequest(OzoneManagerProtocolServerSideTranslatorPB.java:146) [ozone-manager-1.3.0-SNAPSHOT.jar:?]
	at org.apache.hadoop.ozone.protocol.proto.OzoneManagerProtocolProtos$OzoneManagerService$2.callBlockingMethod(OzoneManagerProtocolProtos.java) [ozone-interface-client-1.3.0-SNAPSHOT.jar:?]
	at org.apache.hadoop.ipc.ProtobufRpcEngine$Server.processCall(ProtobufRpcEngine.java:466) [hadoop-common-3.3.1.jar:?]
	at org.apache.hadoop.ipc.ProtobufRpcEngine2$Server$ProtoBufRpcInvoker.call(ProtobufRpcEngine2.java:574) [hadoop-common-3.3.1.jar:?]
	at org.apache.hadoop.ipc.ProtobufRpcEngine2$Server$ProtoBufRpcInvoker.call(ProtobufRpcEngine2.java:552) [hadoop-common-3.3.1.jar:?]
	at org.apache.hadoop.ipc.RPC$Server.call(RPC.java:1093) [hadoop-common-3.3.1.jar:?]
	at org.apache.hadoop.ipc.Server$RpcCall.run(Server.java:1035) [hadoop-common-3.3.1.jar:?]
	at org.apache.hadoop.ipc.Server$RpcCall.run(Server.java:963) [hadoop-common-3.3.1.jar:?]
	at java.security.AccessController.doPrivileged(Native Method) ~[?:1.8.0_322]
	at javax.security.auth.Subject.doAs(Subject.java:422) [?:1.8.0_322]
	at org.apache.hadoop.security.UserGroupInformation.doAs(UserGroupInformation.java:1878) [hadoop-common-3.3.1.jar:?]
	at org.apache.hadoop.ipc.Server$Handler.run(Server.java:2966) [hadoop-common-3.3.1.jar:?]
01:52:53.966 [IPC Server handler 15 on default port 46323] ERROR OMAudit - user=runner | ip=127.0.0.1 | op=GET_FILE_STATUS {volume=volume68825, bucket=bucket30700, key=level0/level1/file1, dataSize=0, replicationConfig=null} | ret=FAILURE
org.apache.hadoop.ozone.om.exceptions.OMException: Unable to get file status: volume: volume68825 bucket: bucket30700 key: level0/level1/file1
	at org.apache.hadoop.ozone.om.KeyManagerImpl.getOzoneFileStatus(KeyManagerImpl.java:1280) ~[ozone-manager-1.3.0-SNAPSHOT.jar:?]
	at org.apache.hadoop.ozone.om.KeyManagerImpl.getFileStatus(KeyManagerImpl.java:1210) ~[ozone-manager-1.3.0-SNAPSHOT.jar:?]
	at org.apache.hadoop.ozone.om.OzoneManager.getFileStatus(OzoneManager.java:3009) ~[ozone-manager-1.3.0-SNAPSHOT.jar:?]
	at org.apache.hadoop.ozone.protocolPB.OzoneManagerRequestHandler.getOzoneFileStatus(OzoneManagerRequestHandler.java:670) ~[ozone-manager-1.3.0-SNAPSHOT.jar:?]
	at org.apache.hadoop.ozone.protocolPB.OzoneManagerRequestHandler.handleReadRequest(OzoneManagerRequestHandler.java:201) ~[ozone-manager-1.3.0-SNAPSHOT.jar:?]
	at org.apache.hadoop.ozone.protocolPB.OzoneManagerProtocolServerSideTranslatorPB.submitRequestDirectlyToOM(OzoneManagerProtocolServerSideTranslatorPB.java:271) ~[ozone-manager-1.3.0-SNAPSHOT.jar:?]
	at org.apache.hadoop.ozone.protocolPB.OzoneManagerProtocolServerSideTranslatorPB.processRequest(OzoneManagerProtocolServerSideTranslatorPB.java:195) ~[ozone-manager-1.3.0-SNAPSHOT.jar:?]
	at org.apache.hadoop.hdds.server.OzoneProtocolMessageDispatcher.processRequest(OzoneProtocolMessageDispatcher.java:87) [hdds-server-framework-1.3.0-SNAPSHOT.jar:?]
	at org.apache.hadoop.ozone.protocolPB.OzoneManagerProtocolServerSideTranslatorPB.submitRequest(OzoneManagerProtocolServerSideTranslatorPB.java:146) [ozone-manager-1.3.0-SNAPSHOT.jar:?]
	at org.apache.hadoop.ozone.protocol.proto.OzoneManagerProtocolProtos$OzoneManagerService$2.callBlockingMethod(OzoneManagerProtocolProtos.java) [ozone-interface-client-1.3.0-SNAPSHOT.jar:?]
	at org.apache.hadoop.ipc.ProtobufRpcEngine$Server.processCall(ProtobufRpcEngine.java:466) [hadoop-common-3.3.1.jar:?]
	at org.apache.hadoop.ipc.ProtobufRpcEngine2$Server$ProtoBufRpcInvoker.call(ProtobufRpcEngine2.java:574) [hadoop-common-3.3.1.jar:?]
	at org.apache.hadoop.ipc.ProtobufRpcEngine2$Server$ProtoBufRpcInvoker.call(ProtobufRpcEngine2.java:552) [hadoop-common-3.3.1.jar:?]
	at org.apache.hadoop.ipc.RPC$Server.call(RPC.java:1093) [hadoop-common-3.3.1.jar:?]
	at org.apache.hadoop.ipc.Server$RpcCall.run(Server.java:1035) [hadoop-common-3.3.1.jar:?]
	at org.apache.hadoop.ipc.Server$RpcCall.run(Server.java:963) [hadoop-common-3.3.1.jar:?]
	at java.security.AccessController.doPrivileged(Native Method) ~[?:1.8.0_322]
	at javax.security.auth.Subject.doAs(Subject.java:422) [?:1.8.0_322]
	at org.apache.hadoop.security.UserGroupInformation.doAs(UserGroupInformation.java:1878) [hadoop-common-3.3.1.jar:?]
	at org.apache.hadoop.ipc.Server$Handler.run(Server.java:2966) [hadoop-common-3.3.1.jar:?]
01:52:53.967 [IPC Server handler 10 on default port 46323] ERROR OMAudit - user=runner | ip=127.0.0.1 | op=GET_FILE_STATUS {volume=volume68825, bucket=bucket30700, key=level0/level1/level1/file1, dataSize=0, replicationConfig=null} | ret=FAILURE
org.apache.hadoop.ozone.om.exceptions.OMException: Unable to get file status: volume: volume68825 bucket: bucket30700 key: level0/level1/level1/file1
	at org.apache.hadoop.ozone.om.KeyManagerImpl.getOzoneFileStatus(KeyManagerImpl.java:1280) ~[ozone-manager-1.3.0-SNAPSHOT.jar:?]
	at org.apache.hadoop.ozone.om.KeyManagerImpl.getFileStatus(KeyManagerImpl.java:1210) ~[ozone-manager-1.3.0-SNAPSHOT.jar:?]
	at org.apache.hadoop.ozone.om.OzoneManager.getFileStatus(OzoneManager.java:3009) ~[ozone-manager-1.3.0-SNAPSHOT.jar:?]
	at org.apache.hadoop.ozone.protocolPB.OzoneManagerRequestHandler.getOzoneFileStatus(OzoneManagerRequestHandler.java:670) ~[ozone-manager-1.3.0-SNAPSHOT.jar:?]
	at org.apache.hadoop.ozone.protocolPB.OzoneManagerRequestHandler.handleReadRequest(OzoneManagerRequestHandler.java:201) ~[ozone-manager-1.3.0-SNAPSHOT.jar:?]
	at org.apache.hadoop.ozone.protocolPB.OzoneManagerProtocolServerSideTranslatorPB.submitRequestDirectlyToOM(OzoneManagerProtocolServerSideTranslatorPB.java:271) ~[ozone-manager-1.3.0-SNAPSHOT.jar:?]
	at org.apache.hadoop.ozone.protocolPB.OzoneManagerProtocolServerSideTranslatorPB.processRequest(OzoneManagerProtocolServerSideTranslatorPB.java:195) ~[ozone-manager-1.3.0-SNAPSHOT.jar:?]
	at org.apache.hadoop.hdds.server.OzoneProtocolMessageDispatcher.processRequest(OzoneProtocolMessageDispatcher.java:87) [hdds-server-framework-1.3.0-SNAPSHOT.jar:?]
	at org.apache.hadoop.ozone.protocolPB.OzoneManagerProtocolServerSideTranslatorPB.submitRequest(OzoneManagerProtocolServerSideTranslatorPB.java:146) [ozone-manager-1.3.0-SNAPSHOT.jar:?]
	at org.apache.hadoop.ozone.protocol.proto.OzoneManagerProtocolProtos$OzoneManagerService$2.callBlockingMethod(OzoneManagerProtocolProtos.java) [ozone-interface-client-1.3.0-SNAPSHOT.jar:?]
	at org.apache.hadoop.ipc.ProtobufRpcEngine$Server.processCall(ProtobufRpcEngine.java:466) [hadoop-common-3.3.1.jar:?]
	at org.apache.hadoop.ipc.ProtobufRpcEngine2$Server$ProtoBufRpcInvoker.call(ProtobufRpcEngine2.java:574) [hadoop-common-3.3.1.jar:?]
	at org.apache.hadoop.ipc.ProtobufRpcEngine2$Server$ProtoBufRpcInvoker.call(ProtobufRpcEngine2.java:552) [hadoop-common-3.3.1.jar:?]
	at org.apache.hadoop.ipc.RPC$Server.call(RPC.java:1093) [hadoop-common-3.3.1.jar:?]
	at org.apache.hadoop.ipc.Server$RpcCall.run(Server.java:1035) [hadoop-common-3.3.1.jar:?]
	at org.apache.hadoop.ipc.Server$RpcCall.run(Server.java:963) [hadoop-common-3.3.1.jar:?]
	at java.security.AccessController.doPrivileged(Native Method) ~[?:1.8.0_322]
	at javax.security.auth.Subject.doAs(Subject.java:422) [?:1.8.0_322]
	at org.apache.hadoop.security.UserGroupInformation.doAs(UserGroupInformation.java:1878) [hadoop-common-3.3.1.jar:?]
	at org.apache.hadoop.ipc.Server$Handler.run(Server.java:2966) [hadoop-common-3.3.1.jar:?]
01:52:53.967 [IPC Server handler 9 on default port 46323] ERROR OMAudit - user=runner | ip=127.0.0.1 | op=GET_FILE_STATUS {volume=volume68825, bucket=bucket30700, key=level0/level2, dataSize=0, replicationConfig=null} | ret=FAILURE
org.apache.hadoop.ozone.om.exceptions.OMException: Unable to get file status: volume: volume68825 bucket: bucket30700 key: level0/level2
	at org.apache.hadoop.ozone.om.KeyManagerImpl.getOzoneFileStatus(KeyManagerImpl.java:1280) ~[ozone-manager-1.3.0-SNAPSHOT.jar:?]
	at org.apache.hadoop.ozone.om.KeyManagerImpl.getFileStatus(KeyManagerImpl.java:1210) ~[ozone-manager-1.3.0-SNAPSHOT.jar:?]
	at org.apache.hadoop.ozone.om.OzoneManager.getFileStatus(OzoneManager.java:3009) ~[ozone-manager-1.3.0-SNAPSHOT.jar:?]
	at org.apache.hadoop.ozone.protocolPB.OzoneManagerRequestHandler.getOzoneFileStatus(OzoneManagerRequestHandler.java:670) ~[ozone-manager-1.3.0-SNAPSHOT.jar:?]
	at org.apache.hadoop.ozone.protocolPB.OzoneManagerRequestHandler.handleReadRequest(OzoneManagerRequestHandler.java:201) ~[ozone-manager-1.3.0-SNAPSHOT.jar:?]
	at org.apache.hadoop.ozone.protocolPB.OzoneManagerProtocolServerSideTranslatorPB.submitRequestDirectlyToOM(OzoneManagerProtocolServerSideTranslatorPB.java:271) ~[ozone-manager-1.3.0-SNAPSHOT.jar:?]
	at org.apache.hadoop.ozone.protocolPB.OzoneManagerProtocolServerSideTranslatorPB.processRequest(OzoneManagerProtocolServerSideTranslatorPB.java:195) ~[ozone-manager-1.3.0-SNAPSHOT.jar:?]
	at org.apache.hadoop.hdds.server.OzoneProtocolMessageDispatcher.processRequest(OzoneProtocolMessageDispatcher.java:87) [hdds-server-framework-1.3.0-SNAPSHOT.jar:?]
	at org.apache.hadoop.ozone.protocolPB.OzoneManagerProtocolServerSideTranslatorPB.submitRequest(OzoneManagerProtocolServerSideTranslatorPB.java:146) [ozone-manager-1.3.0-SNAPSHOT.jar:?]
	at org.apache.hadoop.ozone.protocol.proto.OzoneManagerProtocolProtos$OzoneManagerService$2.callBlockingMethod(OzoneManagerProtocolProtos.java) [ozone-interface-client-1.3.0-SNAPSHOT.jar:?]
	at org.apache.hadoop.ipc.ProtobufRpcEngine$Server.processCall(ProtobufRpcEngine.java:466) [hadoop-common-3.3.1.jar:?]
	at org.apache.hadoop.ipc.ProtobufRpcEngine2$Server$ProtoBufRpcInvoker.call(ProtobufRpcEngine2.java:574) [hadoop-common-3.3.1.jar:?]
	at org.apache.hadoop.ipc.ProtobufRpcEngine2$Server$ProtoBufRpcInvoker.call(ProtobufRpcEngine2.java:552) [hadoop-common-3.3.1.jar:?]
	at org.apache.hadoop.ipc.RPC$Server.call(RPC.java:1093) [hadoop-common-3.3.1.jar:?]
	at org.apache.hadoop.ipc.Server$RpcCall.run(Server.java:1035) [hadoop-common-3.3.1.jar:?]
	at org.apache.hadoop.ipc.Server$RpcCall.run(Server.java:963) [hadoop-common-3.3.1.jar:?]
	at java.security.AccessController.doPrivileged(Native Method) ~[?:1.8.0_322]
	at javax.security.auth.Subject.doAs(Subject.java:422) [?:1.8.0_322]
	at org.apache.hadoop.security.UserGroupInformation.doAs(UserGroupInformation.java:1878) [hadoop-common-3.3.1.jar:?]
	at org.apache.hadoop.ipc.Server$Handler.run(Server.java:2966) [hadoop-common-3.3.1.jar:?]
01:52:53.968 [IPC Server handler 3 on default port 46323] ERROR OMAudit - user=runner | ip=127.0.0.1 | op=GET_FILE_STATUS {volume=volume68825, bucket=bucket30700, key=level0/level2/level2, dataSize=0, replicationConfig=null} | ret=FAILURE
org.apache.hadoop.ozone.om.exceptions.OMException: Unable to get file status: volume: volume68825 bucket: bucket30700 key: level0/level2/level2
	at org.apache.hadoop.ozone.om.KeyManagerImpl.getOzoneFileStatus(KeyManagerImpl.java:1280) ~[ozone-manager-1.3.0-SNAPSHOT.jar:?]
	at org.apache.hadoop.ozone.om.KeyManagerImpl.getFileStatus(KeyManagerImpl.java:1210) ~[ozone-manager-1.3.0-SNAPSHOT.jar:?]
	at org.apache.hadoop.ozone.om.OzoneManager.getFileStatus(OzoneManager.java:3009) ~[ozone-manager-1.3.0-SNAPSHOT.jar:?]
	at org.apache.hadoop.ozone.protocolPB.OzoneManagerRequestHandler.getOzoneFileStatus(OzoneManagerRequestHandler.java:670) ~[ozone-manager-1.3.0-SNAPSHOT.jar:?]
	at org.apache.hadoop.ozone.protocolPB.OzoneManagerRequestHandler.handleReadRequest(OzoneManagerRequestHandler.java:201) ~[ozone-manager-1.3.0-SNAPSHOT.jar:?]
	at org.apache.hadoop.ozone.protocolPB.OzoneManagerProtocolServerSideTranslatorPB.submitRequestDirectlyToOM(OzoneManagerProtocolServerSideTranslatorPB.java:271) ~[ozone-manager-1.3.0-SNAPSHOT.jar:?]
	at org.apache.hadoop.ozone.protocolPB.OzoneManagerProtocolServerSideTranslatorPB.processRequest(OzoneManagerProtocolServerSideTranslatorPB.java:195) ~[ozone-manager-1.3.0-SNAPSHOT.jar:?]
	at org.apache.hadoop.hdds.server.OzoneProtocolMessageDispatcher.processRequest(OzoneProtocolMessageDispatcher.java:87) [hdds-server-framework-1.3.0-SNAPSHOT.jar:?]
	at org.apache.hadoop.ozone.protocolPB.OzoneManagerProtocolServerSideTranslatorPB.submitRequest(OzoneManagerProtocolServerSideTranslatorPB.java:146) [ozone-manager-1.3.0-SNAPSHOT.jar:?]
	at org.apache.hadoop.ozone.protocol.proto.OzoneManagerProtocolProtos$OzoneManagerService$2.callBlockingMethod(OzoneManagerProtocolProtos.java) [ozone-interface-client-1.3.0-SNAPSHOT.jar:?]
	at org.apache.hadoop.ipc.ProtobufRpcEngine$Server.processCall(ProtobufRpcEngine.java:466) [hadoop-common-3.3.1.jar:?]
	at org.apache.hadoop.ipc.ProtobufRpcEngine2$Server$ProtoBufRpcInvoker.call(ProtobufRpcEngine2.java:574) [hadoop-common-3.3.1.jar:?]
	at org.apache.hadoop.ipc.ProtobufRpcEngine2$Server$ProtoBufRpcInvoker.call(ProtobufRpcEngine2.java:552) [hadoop-common-3.3.1.jar:?]
	at org.apache.hadoop.ipc.RPC$Server.call(RPC.java:1093) [hadoop-common-3.3.1.jar:?]
	at org.apache.hadoop.ipc.Server$RpcCall.run(Server.java:1035) [hadoop-common-3.3.1.jar:?]
	at org.apache.hadoop.ipc.Server$RpcCall.run(Server.java:963) [hadoop-common-3.3.1.jar:?]
	at java.security.AccessController.doPrivileged(Native Method) ~[?:1.8.0_322]
	at javax.security.auth.Subject.doAs(Subject.java:422) [?:1.8.0_322]
	at org.apache.hadoop.security.UserGroupInformation.doAs(UserGroupInformation.java:1878) [hadoop-common-3.3.1.jar:?]
	at org.apache.hadoop.ipc.Server$Handler.run(Server.java:2966) [hadoop-common-3.3.1.jar:?]
01:52:53.969 [IPC Server handler 1 on default port 46323] ERROR OMAudit - user=runner | ip=127.0.0.1 | op=GET_FILE_STATUS {volume=volume68825, bucket=bucket30700, key=level0/level2/file1, dataSize=0, replicationConfig=null} | ret=FAILURE
org.apache.hadoop.ozone.om.exceptions.OMException: Unable to get file status: volume: volume68825 bucket: bucket30700 key: level0/level2/file1
	at org.apache.hadoop.ozone.om.KeyManagerImpl.getOzoneFileStatus(KeyManagerImpl.java:1280) ~[ozone-manager-1.3.0-SNAPSHOT.jar:?]
	at org.apache.hadoop.ozone.om.KeyManagerImpl.getFileStatus(KeyManagerImpl.java:1210) ~[ozone-manager-1.3.0-SNAPSHOT.jar:?]
	at org.apache.hadoop.ozone.om.OzoneManager.getFileStatus(OzoneManager.java:3009) ~[ozone-manager-1.3.0-SNAPSHOT.jar:?]
	at org.apache.hadoop.ozone.protocolPB.OzoneManagerRequestHandler.getOzoneFileStatus(OzoneManagerRequestHandler.java:670) ~[ozone-manager-1.3.0-SNAPSHOT.jar:?]
	at org.apache.hadoop.ozone.protocolPB.OzoneManagerRequestHandler.handleReadRequest(OzoneManagerRequestHandler.java:201) ~[ozone-manager-1.3.0-SNAPSHOT.jar:?]
	at org.apache.hadoop.ozone.protocolPB.OzoneManagerProtocolServerSideTranslatorPB.submitRequestDirectlyToOM(OzoneManagerProtocolServerSideTranslatorPB.java:271) ~[ozone-manager-1.3.0-SNAPSHOT.jar:?]
	at org.apache.hadoop.ozone.protocolPB.OzoneManagerProtocolServerSideTranslatorPB.processRequest(OzoneManagerProtocolServerSideTranslatorPB.java:195) ~[ozone-manager-1.3.0-SNAPSHOT.jar:?]
	at org.apache.hadoop.hdds.server.OzoneProtocolMessageDispatcher.processRequest(OzoneProtocolMessageDispatcher.java:87) [hdds-server-framework-1.3.0-SNAPSHOT.jar:?]
	at org.apache.hadoop.ozone.protocolPB.OzoneManagerProtocolServerSideTranslatorPB.submitRequest(OzoneManagerProtocolServerSideTranslatorPB.java:146) [ozone-manager-1.3.0-SNAPSHOT.jar:?]
	at org.apache.hadoop.ozone.protocol.proto.OzoneManagerProtocolProtos$OzoneManagerService$2.callBlockingMethod(OzoneManagerProtocolProtos.java) [ozone-interface-client-1.3.0-SNAPSHOT.jar:?]
	at org.apache.hadoop.ipc.ProtobufRpcEngine$Server.processCall(ProtobufRpcEngine.java:466) [hadoop-common-3.3.1.jar:?]
	at org.apache.hadoop.ipc.ProtobufRpcEngine2$Server$ProtoBufRpcInvoker.call(ProtobufRpcEngine2.java:574) [hadoop-common-3.3.1.jar:?]
	at org.apache.hadoop.ipc.ProtobufRpcEngine2$Server$ProtoBufRpcInvoker.call(ProtobufRpcEngine2.java:552) [hadoop-common-3.3.1.jar:?]
	at org.apache.hadoop.ipc.RPC$Server.call(RPC.java:1093) [hadoop-common-3.3.1.jar:?]
	at org.apache.hadoop.ipc.Server$RpcCall.run(Server.java:1035) [hadoop-common-3.3.1.jar:?]
	at org.apache.hadoop.ipc.Server$RpcCall.run(Server.java:963) [hadoop-common-3.3.1.jar:?]
	at java.security.AccessController.doPrivileged(Native Method) ~[?:1.8.0_322]
	at javax.security.auth.Subject.doAs(Subject.java:422) [?:1.8.0_322]
	at org.apache.hadoop.security.UserGroupInformation.doAs(UserGroupInformation.java:1878) [hadoop-common-3.3.1.jar:?]
	at org.apache.hadoop.ipc.Server$Handler.run(Server.java:2966) [hadoop-common-3.3.1.jar:?]
01:52:53.970 [IPC Server handler 0 on default port 46323] ERROR OMAudit - user=runner | ip=127.0.0.1 | op=GET_FILE_STATUS {volume=volume68825, bucket=bucket30700, key=level0/level2/level2/file1, dataSize=0, replicationConfig=null} | ret=FAILURE
org.apache.hadoop.ozone.om.exceptions.OMException: Unable to get file status: volume: volume68825 bucket: bucket30700 key: level0/level2/level2/file1
	at org.apache.hadoop.ozone.om.KeyManagerImpl.getOzoneFileStatus(KeyManagerImpl.java:1280) ~[ozone-manager-1.3.0-SNAPSHOT.jar:?]
	at org.apache.hadoop.ozone.om.KeyManagerImpl.getFileStatus(KeyManagerImpl.java:1210) ~[ozone-manager-1.3.0-SNAPSHOT.jar:?]
	at org.apache.hadoop.ozone.om.OzoneManager.getFileStatus(OzoneManager.java:3009) ~[ozone-manager-1.3.0-SNAPSHOT.jar:?]
	at org.apache.hadoop.ozone.protocolPB.OzoneManagerRequestHandler.getOzoneFileStatus(OzoneManagerRequestHandler.java:670) ~[ozone-manager-1.3.0-SNAPSHOT.jar:?]
	at org.apache.hadoop.ozone.protocolPB.OzoneManagerRequestHandler.handleReadRequest(OzoneManagerRequestHandler.java:201) ~[ozone-manager-1.3.0-SNAPSHOT.jar:?]
	at org.apache.hadoop.ozone.protocolPB.OzoneManagerProtocolServerSideTranslatorPB.submitRequestDirectlyToOM(OzoneManagerProtocolServerSideTranslatorPB.java:271) ~[ozone-manager-1.3.0-SNAPSHOT.jar:?]
	at org.apache.hadoop.ozone.protocolPB.OzoneManagerProtocolServerSideTranslatorPB.processRequest(OzoneManagerProtocolServerSideTranslatorPB.java:195) ~[ozone-manager-1.3.0-SNAPSHOT.jar:?]
	at org.apache.hadoop.hdds.server.OzoneProtocolMessageDispatcher.processRequest(OzoneProtocolMessageDispatcher.java:87) [hdds-server-framework-1.3.0-SNAPSHOT.jar:?]
	at org.apache.hadoop.ozone.protocolPB.OzoneManagerProtocolServerSideTranslatorPB.submitRequest(OzoneManagerProtocolServerSideTranslatorPB.java:146) [ozone-manager-1.3.0-SNAPSHOT.jar:?]
	at org.apache.hadoop.ozone.protocol.proto.OzoneManagerProtocolProtos$OzoneManagerService$2.callBlockingMethod(OzoneManagerProtocolProtos.java) [ozone-interface-client-1.3.0-SNAPSHOT.jar:?]
	at org.apache.hadoop.ipc.ProtobufRpcEngine$Server.processCall(ProtobufRpcEngine.java:466) [hadoop-common-3.3.1.jar:?]
	at org.apache.hadoop.ipc.ProtobufRpcEngine2$Server$ProtoBufRpcInvoker.call(ProtobufRpcEngine2.java:574) [hadoop-common-3.3.1.jar:?]
	at org.apache.hadoop.ipc.ProtobufRpcEngine2$Server$ProtoBufRpcInvoker.call(ProtobufRpcEngine2.java:552) [hadoop-common-3.3.1.jar:?]
	at org.apache.hadoop.ipc.RPC$Server.call(RPC.java:1093) [hadoop-common-3.3.1.jar:?]
	at org.apache.hadoop.ipc.Server$RpcCall.run(Server.java:1035) [hadoop-common-3.3.1.jar:?]
	at org.apache.hadoop.ipc.Server$RpcCall.run(Server.java:963) [hadoop-common-3.3.1.jar:?]
	at java.security.AccessController.doPrivileged(Native Method) ~[?:1.8.0_322]
	at javax.security.auth.Subject.doAs(Subject.java:422) [?:1.8.0_322]
	at org.apache.hadoop.security.UserGroupInformation.doAs(UserGroupInformation.java:1878) [hadoop-common-3.3.1.jar:?]
	at org.apache.hadoop.ipc.Server$Handler.run(Server.java:2966) [hadoop-common-3.3.1.jar:?]
01:52:53.971 [IPC Server handler 19 on default port 46323] ERROR OMAudit - user=runner | ip=127.0.0.1 | op=GET_FILE_STATUS {volume=volume68825, bucket=bucket30700, key=level0/level3, dataSize=0, replicationConfig=null} | ret=FAILURE
org.apache.hadoop.ozone.om.exceptions.OMException: Unable to get file status: volume: volume68825 bucket: bucket30700 key: level0/level3
	at org.apache.hadoop.ozone.om.KeyManagerImpl.getOzoneFileStatus(KeyManagerImpl.java:1280) ~[ozone-manager-1.3.0-SNAPSHOT.jar:?]
	at org.apache.hadoop.ozone.om.KeyManagerImpl.getFileStatus(KeyManagerImpl.java:1210) ~[ozone-manager-1.3.0-SNAPSHOT.jar:?]
	at org.apache.hadoop.ozone.om.OzoneManager.getFileStatus(OzoneManager.java:3009) ~[ozone-manager-1.3.0-SNAPSHOT.jar:?]
	at org.apache.hadoop.ozone.protocolPB.OzoneManagerRequestHandler.getOzoneFileStatus(OzoneManagerRequestHandler.java:670) ~[ozone-manager-1.3.0-SNAPSHOT.jar:?]
	at org.apache.hadoop.ozone.protocolPB.OzoneManagerRequestHandler.handleReadRequest(OzoneManagerRequestHandler.java:201) ~[ozone-manager-1.3.0-SNAPSHOT.jar:?]
	at org.apache.hadoop.ozone.protocolPB.OzoneManagerProtocolServerSideTranslatorPB.submitRequestDirectlyToOM(OzoneManagerProtocolServerSideTranslatorPB.java:271) ~[ozone-manager-1.3.0-SNAPSHOT.jar:?]
	at org.apache.hadoop.ozone.protocolPB.OzoneManagerProtocolServerSideTranslatorPB.processRequest(OzoneManagerProtocolServerSideTranslatorPB.java:195) ~[ozone-manager-1.3.0-SNAPSHOT.jar:?]
	at org.apache.hadoop.hdds.server.OzoneProtocolMessageDispatcher.processRequest(OzoneProtocolMessageDispatcher.java:87) [hdds-server-framework-1.3.0-SNAPSHOT.jar:?]
	at org.apache.hadoop.ozone.protocolPB.OzoneManagerProtocolServerSideTranslatorPB.submitRequest(OzoneManagerProtocolServerSideTranslatorPB.java:146) [ozone-manager-1.3.0-SNAPSHOT.jar:?]
	at org.apache.hadoop.ozone.protocol.proto.OzoneManagerProtocolProtos$OzoneManagerService$2.callBlockingMethod(OzoneManagerProtocolProtos.java) [ozone-interface-client-1.3.0-SNAPSHOT.jar:?]
	at org.apache.hadoop.ipc.ProtobufRpcEngine$Server.processCall(ProtobufRpcEngine.java:466) [hadoop-common-3.3.1.jar:?]
	at org.apache.hadoop.ipc.ProtobufRpcEngine2$Server$ProtoBufRpcInvoker.call(ProtobufRpcEngine2.java:574) [hadoop-common-3.3.1.jar:?]
	at org.apache.hadoop.ipc.ProtobufRpcEngine2$Server$ProtoBufRpcInvoker.call(ProtobufRpcEngine2.java:552) [hadoop-common-3.3.1.jar:?]
	at org.apache.hadoop.ipc.RPC$Server.call(RPC.java:1093) [hadoop-common-3.3.1.jar:?]
	at org.apache.hadoop.ipc.Server$RpcCall.run(Server.java:1035) [hadoop-common-3.3.1.jar:?]
	at org.apache.hadoop.ipc.Server$RpcCall.run(Server.java:963) [hadoop-common-3.3.1.jar:?]
	at java.security.AccessController.doPrivileged(Native Method) ~[?:1.8.0_322]
	at javax.security.auth.Subject.doAs(Subject.java:422) [?:1.8.0_322]
	at org.apache.hadoop.security.UserGroupInformation.doAs(UserGroupInformation.java:1878) [hadoop-common-3.3.1.jar:?]
	at org.apache.hadoop.ipc.Server$Handler.run(Server.java:2966) [hadoop-common-3.3.1.jar:?]
01:52:53.971 [IPC Server handler 5 on default port 46323] ERROR OMAudit - user=runner | ip=127.0.0.1 | op=GET_FILE_STATUS {volume=volume68825, bucket=bucket30700, key=level0/level3/level3, dataSize=0, replicationConfig=null} | ret=FAILURE
org.apache.hadoop.ozone.om.exceptions.OMException: Unable to get file status: volume: volume68825 bucket: bucket30700 key: level0/level3/level3
	at org.apache.hadoop.ozone.om.KeyManagerImpl.getOzoneFileStatus(KeyManagerImpl.java:1280) ~[ozone-manager-1.3.0-SNAPSHOT.jar:?]
	at org.apache.hadoop.ozone.om.KeyManagerImpl.getFileStatus(KeyManagerImpl.java:1210) ~[ozone-manager-1.3.0-SNAPSHOT.jar:?]
	at org.apache.hadoop.ozone.om.OzoneManager.getFileStatus(OzoneManager.java:3009) ~[ozone-manager-1.3.0-SNAPSHOT.jar:?]
	at org.apache.hadoop.ozone.protocolPB.OzoneManagerRequestHandler.getOzoneFileStatus(OzoneManagerRequestHandler.java:670) ~[ozone-manager-1.3.0-SNAPSHOT.jar:?]
	at org.apache.hadoop.ozone.protocolPB.OzoneManagerRequestHandler.handleReadRequest(OzoneManagerRequestHandler.java:201) ~[ozone-manager-1.3.0-SNAPSHOT.jar:?]
	at org.apache.hadoop.ozone.protocolPB.OzoneManagerProtocolServerSideTranslatorPB.submitRequestDirectlyToOM(OzoneManagerProtocolServerSideTranslatorPB.java:271) ~[ozone-manager-1.3.0-SNAPSHOT.jar:?]
	at org.apache.hadoop.ozone.protocolPB.OzoneManagerProtocolServerSideTranslatorPB.processRequest(OzoneManagerProtocolServerSideTranslatorPB.java:195) ~[ozone-manager-1.3.0-SNAPSHOT.jar:?]
	at org.apache.hadoop.hdds.server.OzoneProtocolMessageDispatcher.processRequest(OzoneProtocolMessageDispatcher.java:87) [hdds-server-framework-1.3.0-SNAPSHOT.jar:?]
	at org.apache.hadoop.ozone.protocolPB.OzoneManagerProtocolServerSideTranslatorPB.submitRequest(OzoneManagerProtocolServerSideTranslatorPB.java:146) [ozone-manager-1.3.0-SNAPSHOT.jar:?]
	at org.apache.hadoop.ozone.protocol.proto.OzoneManagerProtocolProtos$OzoneManagerService$2.callBlockingMethod(OzoneManagerProtocolProtos.java) [ozone-interface-client-1.3.0-SNAPSHOT.jar:?]
	at org.apache.hadoop.ipc.ProtobufRpcEngine$Server.processCall(ProtobufRpcEngine.java:466) [hadoop-common-3.3.1.jar:?]
	at org.apache.hadoop.ipc.ProtobufRpcEngine2$Server$ProtoBufRpcInvoker.call(ProtobufRpcEngine2.java:574) [hadoop-common-3.3.1.jar:?]
	at org.apache.hadoop.ipc.ProtobufRpcEngine2$Server$ProtoBufRpcInvoker.call(ProtobufRpcEngine2.java:552) [hadoop-common-3.3.1.jar:?]
	at org.apache.hadoop.ipc.RPC$Server.call(RPC.java:1093) [hadoop-common-3.3.1.jar:?]
	at org.apache.hadoop.ipc.Server$RpcCall.run(Server.java:1035) [hadoop-common-3.3.1.jar:?]
	at org.apache.hadoop.ipc.Server$RpcCall.run(Server.java:963) [hadoop-common-3.3.1.jar:?]
	at java.security.AccessController.doPrivileged(Native Method) ~[?:1.8.0_322]
	at javax.security.auth.Subject.doAs(Subject.java:422) [?:1.8.0_322]
	at org.apache.hadoop.security.UserGroupInformation.doAs(UserGroupInformation.java:1878) [hadoop-common-3.3.1.jar:?]
	at org.apache.hadoop.ipc.Server$Handler.run(Server.java:2966) [hadoop-common-3.3.1.jar:?]
01:52:53.979 [IPC Server handler 6 on default port 46323] ERROR OMAudit - user=runner | ip=127.0.0.1 | op=GET_FILE_STATUS {volume=volume68825, bucket=bucket30700, key=level0/level3/file1, dataSize=0, replicationConfig=null} | ret=FAILURE
org.apache.hadoop.ozone.om.exceptions.OMException: Unable to get file status: volume: volume68825 bucket: bucket30700 key: level0/level3/file1
	at org.apache.hadoop.ozone.om.KeyManagerImpl.getOzoneFileStatus(KeyManagerImpl.java:1280) ~[ozone-manager-1.3.0-SNAPSHOT.jar:?]
	at org.apache.hadoop.ozone.om.KeyManagerImpl.getFileStatus(KeyManagerImpl.java:1210) ~[ozone-manager-1.3.0-SNAPSHOT.jar:?]
	at org.apache.hadoop.ozone.om.OzoneManager.getFileStatus(OzoneManager.java:3009) ~[ozone-manager-1.3.0-SNAPSHOT.jar:?]
	at org.apache.hadoop.ozone.protocolPB.OzoneManagerRequestHandler.getOzoneFileStatus(OzoneManagerRequestHandler.java:670) ~[ozone-manager-1.3.0-SNAPSHOT.jar:?]
	at org.apache.hadoop.ozone.protocolPB.OzoneManagerRequestHandler.handleReadRequest(OzoneManagerRequestHandler.java:201) ~[ozone-manager-1.3.0-SNAPSHOT.jar:?]
	at org.apache.hadoop.ozone.protocolPB.OzoneManagerProtocolServerSideTranslatorPB.submitRequestDirectlyToOM(OzoneManagerProtocolServerSideTranslatorPB.java:271) ~[ozone-manager-1.3.0-SNAPSHOT.jar:?]
	at org.apache.hadoop.ozone.protocolPB.OzoneManagerProtocolServerSideTranslatorPB.processRequest(OzoneManagerProtocolServerSideTranslatorPB.java:195) ~[ozone-manager-1.3.0-SNAPSHOT.jar:?]
	at org.apache.hadoop.hdds.server.OzoneProtocolMessageDispatcher.processRequest(OzoneProtocolMessageDispatcher.java:87) [hdds-server-framework-1.3.0-SNAPSHOT.jar:?]
	at org.apache.hadoop.ozone.protocolPB.OzoneManagerProtocolServerSideTranslatorPB.submitRequest(OzoneManagerProtocolServerSideTranslatorPB.java:146) [ozone-manager-1.3.0-SNAPSHOT.jar:?]
	at org.apache.hadoop.ozone.protocol.proto.OzoneManagerProtocolProtos$OzoneManagerService$2.callBlockingMethod(OzoneManagerProtocolProtos.java) [ozone-interface-client-1.3.0-SNAPSHOT.jar:?]
	at org.apache.hadoop.ipc.ProtobufRpcEngine$Server.processCall(ProtobufRpcEngine.java:466) [hadoop-common-3.3.1.jar:?]
	at org.apache.hadoop.ipc.ProtobufRpcEngine2$Server$ProtoBufRpcInvoker.call(ProtobufRpcEngine2.java:574) [hadoop-common-3.3.1.jar:?]
	at org.apache.hadoop.ipc.ProtobufRpcEngine2$Server$ProtoBufRpcInvoker.call(ProtobufRpcEngine2.java:552) [hadoop-common-3.3.1.jar:?]
	at org.apache.hadoop.ipc.RPC$Server.call(RPC.java:1093) [hadoop-common-3.3.1.jar:?]
	at org.apache.hadoop.ipc.Server$RpcCall.run(Server.java:1035) [hadoop-common-3.3.1.jar:?]
	at org.apache.hadoop.ipc.Server$RpcCall.run(Server.java:963) [hadoop-common-3.3.1.jar:?]
	at java.security.AccessController.doPrivileged(Native Method) ~[?:1.8.0_322]
	at javax.security.auth.Subject.doAs(Subject.java:422) [?:1.8.0_322]
	at org.apache.hadoop.security.UserGroupInformation.doAs(UserGroupInformation.java:1878) [hadoop-common-3.3.1.jar:?]
	at org.apache.hadoop.ipc.Server$Handler.run(Server.java:2966) [hadoop-common-3.3.1.jar:?]
01:52:53.986 [IPC Server handler 8 on default port 46323] ERROR OMAudit - user=runner | ip=127.0.0.1 | op=GET_FILE_STATUS {volume=volume68825, bucket=bucket30700, key=level0/level3/level3/file1, dataSize=0, replicationConfig=null} | ret=FAILURE
org.apache.hadoop.ozone.om.exceptions.OMException: Unable to get file status: volume: volume68825 bucket: bucket30700 key: level0/level3/level3/file1
	at org.apache.hadoop.ozone.om.KeyManagerImpl.getOzoneFileStatus(KeyManagerImpl.java:1280) ~[ozone-manager-1.3.0-SNAPSHOT.jar:?]
	at org.apache.hadoop.ozone.om.KeyManagerImpl.getFileStatus(KeyManagerImpl.java:1210) ~[ozone-manager-1.3.0-SNAPSHOT.jar:?]
	at org.apache.hadoop.ozone.om.OzoneManager.getFileStatus(OzoneManager.java:3009) ~[ozone-manager-1.3.0-SNAPSHOT.jar:?]
	at org.apache.hadoop.ozone.protocolPB.OzoneManagerRequestHandler.getOzoneFileStatus(OzoneManagerRequestHandler.java:670) ~[ozone-manager-1.3.0-SNAPSHOT.jar:?]
	at org.apache.hadoop.ozone.protocolPB.OzoneManagerRequestHandler.handleReadRequest(OzoneManagerRequestHandler.java:201) ~[ozone-manager-1.3.0-SNAPSHOT.jar:?]
	at org.apache.hadoop.ozone.protocolPB.OzoneManagerProtocolServerSideTranslatorPB.submitRequestDirectlyToOM(OzoneManagerProtocolServerSideTranslatorPB.java:271) ~[ozone-manager-1.3.0-SNAPSHOT.jar:?]
	at org.apache.hadoop.ozone.protocolPB.OzoneManagerProtocolServerSideTranslatorPB.processRequest(OzoneManagerProtocolServerSideTranslatorPB.java:195) ~[ozone-manager-1.3.0-SNAPSHOT.jar:?]
	at org.apache.hadoop.hdds.server.OzoneProtocolMessageDispatcher.processRequest(OzoneProtocolMessageDispatcher.java:87) [hdds-server-framework-1.3.0-SNAPSHOT.jar:?]
	at org.apache.hadoop.ozone.protocolPB.OzoneManagerProtocolServerSideTranslatorPB.submitRequest(OzoneManagerProtocolServerSideTranslatorPB.java:146) [ozone-manager-1.3.0-SNAPSHOT.jar:?]
	at org.apache.hadoop.ozone.protocol.proto.OzoneManagerProtocolProtos$OzoneManagerService$2.callBlockingMethod(OzoneManagerProtocolProtos.java) [ozone-interface-client-1.3.0-SNAPSHOT.jar:?]
	at org.apache.hadoop.ipc.ProtobufRpcEngine$Server.processCall(ProtobufRpcEngine.java:466) [hadoop-common-3.3.1.jar:?]
	at org.apache.hadoop.ipc.ProtobufRpcEngine2$Server$ProtoBufRpcInvoker.call(ProtobufRpcEngine2.java:574) [hadoop-common-3.3.1.jar:?]
	at org.apache.hadoop.ipc.ProtobufRpcEngine2$Server$ProtoBufRpcInvoker.call(ProtobufRpcEngine2.java:552) [hadoop-common-3.3.1.jar:?]
	at org.apache.hadoop.ipc.RPC$Server.call(RPC.java:1093) [hadoop-common-3.3.1.jar:?]
	at org.apache.hadoop.ipc.Server$RpcCall.run(Server.java:1035) [hadoop-common-3.3.1.jar:?]
	at org.apache.hadoop.ipc.Server$RpcCall.run(Server.java:963) [hadoop-common-3.3.1.jar:?]
	at java.security.AccessController.doPrivileged(Native Method) ~[?:1.8.0_322]
	at javax.security.auth.Subject.doAs(Subject.java:422) [?:1.8.0_322]
	at org.apache.hadoop.security.UserGroupInformation.doAs(UserGroupInformation.java:1878) [hadoop-common-3.3.1.jar:?]
	at org.apache.hadoop.ipc.Server$Handler.run(Server.java:2966) [hadoop-common-3.3.1.jar:?]
]]></system-out>
  </testcase>
  <testcase name="testRecursiveDelete" classname="TestOzoneFileSystem" time="0.292">
    <system-out><![CDATA[01:53:59.232 [IPC Server handler 10 on default port 40803] ERROR OMAudit - user=runner | ip=127.0.0.1 | op=GET_FILE_STATUS {volume=volume85710, bucket=bucket48480, key=gdir1, dataSize=0, replicationConfig=null} | ret=FAILURE
org.apache.hadoop.ozone.om.exceptions.OMException: Unable to get file status: volume: volume85710 bucket: bucket48480 key: gdir1
	at org.apache.hadoop.ozone.om.KeyManagerImpl.getOzoneFileStatus(KeyManagerImpl.java:1280) ~[ozone-manager-1.3.0-SNAPSHOT.jar:?]
	at org.apache.hadoop.ozone.om.KeyManagerImpl.getFileStatus(KeyManagerImpl.java:1210) ~[ozone-manager-1.3.0-SNAPSHOT.jar:?]
	at org.apache.hadoop.ozone.om.OzoneManager.getFileStatus(OzoneManager.java:3009) ~[ozone-manager-1.3.0-SNAPSHOT.jar:?]
	at org.apache.hadoop.ozone.protocolPB.OzoneManagerRequestHandler.getOzoneFileStatus(OzoneManagerRequestHandler.java:670) ~[ozone-manager-1.3.0-SNAPSHOT.jar:?]
	at org.apache.hadoop.ozone.protocolPB.OzoneManagerRequestHandler.handleReadRequest(OzoneManagerRequestHandler.java:201) ~[ozone-manager-1.3.0-SNAPSHOT.jar:?]
	at org.apache.hadoop.ozone.protocolPB.OzoneManagerProtocolServerSideTranslatorPB.submitReadRequestToOM(OzoneManagerProtocolServerSideTranslatorPB.java:213) ~[ozone-manager-1.3.0-SNAPSHOT.jar:?]
	at org.apache.hadoop.ozone.protocolPB.OzoneManagerProtocolServerSideTranslatorPB.processRequest(OzoneManagerProtocolServerSideTranslatorPB.java:174) ~[ozone-manager-1.3.0-SNAPSHOT.jar:?]
	at org.apache.hadoop.hdds.server.OzoneProtocolMessageDispatcher.processRequest(OzoneProtocolMessageDispatcher.java:87) [hdds-server-framework-1.3.0-SNAPSHOT.jar:?]
	at org.apache.hadoop.ozone.protocolPB.OzoneManagerProtocolServerSideTranslatorPB.submitRequest(OzoneManagerProtocolServerSideTranslatorPB.java:146) [ozone-manager-1.3.0-SNAPSHOT.jar:?]
	at org.apache.hadoop.ozone.protocol.proto.OzoneManagerProtocolProtos$OzoneManagerService$2.callBlockingMethod(OzoneManagerProtocolProtos.java) [ozone-interface-client-1.3.0-SNAPSHOT.jar:?]
	at org.apache.hadoop.ipc.ProtobufRpcEngine$Server.processCall(ProtobufRpcEngine.java:466) [hadoop-common-3.3.1.jar:?]
	at org.apache.hadoop.ipc.ProtobufRpcEngine2$Server$ProtoBufRpcInvoker.call(ProtobufRpcEngine2.java:574) [hadoop-common-3.3.1.jar:?]
	at org.apache.hadoop.ipc.ProtobufRpcEngine2$Server$ProtoBufRpcInvoker.call(ProtobufRpcEngine2.java:552) [hadoop-common-3.3.1.jar:?]
	at org.apache.hadoop.ipc.RPC$Server.call(RPC.java:1093) [hadoop-common-3.3.1.jar:?]
	at org.apache.hadoop.ipc.Server$RpcCall.run(Server.java:1035) [hadoop-common-3.3.1.jar:?]
	at org.apache.hadoop.ipc.Server$RpcCall.run(Server.java:963) [hadoop-common-3.3.1.jar:?]
	at java.security.AccessController.doPrivileged(Native Method) ~[?:1.8.0_322]
	at javax.security.auth.Subject.doAs(Subject.java:422) [?:1.8.0_322]
	at org.apache.hadoop.security.UserGroupInformation.doAs(UserGroupInformation.java:1878) [hadoop-common-3.3.1.jar:?]
	at org.apache.hadoop.ipc.Server$Handler.run(Server.java:2966) [hadoop-common-3.3.1.jar:?]
01:53:59.233 [IPC Server handler 11 on default port 40803] ERROR OMAudit - user=runner | ip=127.0.0.1 | op=GET_FILE_STATUS {volume=volume85710, bucket=bucket48480, key=gdir1/dir1, dataSize=0, replicationConfig=null} | ret=FAILURE
org.apache.hadoop.ozone.om.exceptions.OMException: Unable to get file status: volume: volume85710 bucket: bucket48480 key: gdir1/dir1
	at org.apache.hadoop.ozone.om.KeyManagerImpl.getOzoneFileStatus(KeyManagerImpl.java:1280) ~[ozone-manager-1.3.0-SNAPSHOT.jar:?]
	at org.apache.hadoop.ozone.om.KeyManagerImpl.getFileStatus(KeyManagerImpl.java:1210) ~[ozone-manager-1.3.0-SNAPSHOT.jar:?]
	at org.apache.hadoop.ozone.om.OzoneManager.getFileStatus(OzoneManager.java:3009) ~[ozone-manager-1.3.0-SNAPSHOT.jar:?]
	at org.apache.hadoop.ozone.protocolPB.OzoneManagerRequestHandler.getOzoneFileStatus(OzoneManagerRequestHandler.java:670) ~[ozone-manager-1.3.0-SNAPSHOT.jar:?]
	at org.apache.hadoop.ozone.protocolPB.OzoneManagerRequestHandler.handleReadRequest(OzoneManagerRequestHandler.java:201) ~[ozone-manager-1.3.0-SNAPSHOT.jar:?]
	at org.apache.hadoop.ozone.protocolPB.OzoneManagerProtocolServerSideTranslatorPB.submitReadRequestToOM(OzoneManagerProtocolServerSideTranslatorPB.java:213) ~[ozone-manager-1.3.0-SNAPSHOT.jar:?]
	at org.apache.hadoop.ozone.protocolPB.OzoneManagerProtocolServerSideTranslatorPB.processRequest(OzoneManagerProtocolServerSideTranslatorPB.java:174) ~[ozone-manager-1.3.0-SNAPSHOT.jar:?]
	at org.apache.hadoop.hdds.server.OzoneProtocolMessageDispatcher.processRequest(OzoneProtocolMessageDispatcher.java:87) [hdds-server-framework-1.3.0-SNAPSHOT.jar:?]
	at org.apache.hadoop.ozone.protocolPB.OzoneManagerProtocolServerSideTranslatorPB.submitRequest(OzoneManagerProtocolServerSideTranslatorPB.java:146) [ozone-manager-1.3.0-SNAPSHOT.jar:?]
	at org.apache.hadoop.ozone.protocol.proto.OzoneManagerProtocolProtos$OzoneManagerService$2.callBlockingMethod(OzoneManagerProtocolProtos.java) [ozone-interface-client-1.3.0-SNAPSHOT.jar:?]
	at org.apache.hadoop.ipc.ProtobufRpcEngine$Server.processCall(ProtobufRpcEngine.java:466) [hadoop-common-3.3.1.jar:?]
	at org.apache.hadoop.ipc.ProtobufRpcEngine2$Server$ProtoBufRpcInvoker.call(ProtobufRpcEngine2.java:574) [hadoop-common-3.3.1.jar:?]
	at org.apache.hadoop.ipc.ProtobufRpcEngine2$Server$ProtoBufRpcInvoker.call(ProtobufRpcEngine2.java:552) [hadoop-common-3.3.1.jar:?]
	at org.apache.hadoop.ipc.RPC$Server.call(RPC.java:1093) [hadoop-common-3.3.1.jar:?]
	at org.apache.hadoop.ipc.Server$RpcCall.run(Server.java:1035) [hadoop-common-3.3.1.jar:?]
	at org.apache.hadoop.ipc.Server$RpcCall.run(Server.java:963) [hadoop-common-3.3.1.jar:?]
	at java.security.AccessController.doPrivileged(Native Method) ~[?:1.8.0_322]
	at javax.security.auth.Subject.doAs(Subject.java:422) [?:1.8.0_322]
	at org.apache.hadoop.security.UserGroupInformation.doAs(UserGroupInformation.java:1878) [hadoop-common-3.3.1.jar:?]
	at org.apache.hadoop.ipc.Server$Handler.run(Server.java:2966) [hadoop-common-3.3.1.jar:?]
01:53:59.235 [IPC Server handler 2 on default port 40803] ERROR OMAudit - user=runner | ip=127.0.0.1 | op=GET_FILE_STATUS {volume=volume85710, bucket=bucket48480, key=gdir1/dir1/child, dataSize=0, replicationConfig=null} | ret=FAILURE
org.apache.hadoop.ozone.om.exceptions.OMException: Unable to get file status: volume: volume85710 bucket: bucket48480 key: gdir1/dir1/child
	at org.apache.hadoop.ozone.om.KeyManagerImpl.getOzoneFileStatus(KeyManagerImpl.java:1280) ~[ozone-manager-1.3.0-SNAPSHOT.jar:?]
	at org.apache.hadoop.ozone.om.KeyManagerImpl.getFileStatus(KeyManagerImpl.java:1210) ~[ozone-manager-1.3.0-SNAPSHOT.jar:?]
	at org.apache.hadoop.ozone.om.OzoneManager.getFileStatus(OzoneManager.java:3009) ~[ozone-manager-1.3.0-SNAPSHOT.jar:?]
	at org.apache.hadoop.ozone.protocolPB.OzoneManagerRequestHandler.getOzoneFileStatus(OzoneManagerRequestHandler.java:670) ~[ozone-manager-1.3.0-SNAPSHOT.jar:?]
	at org.apache.hadoop.ozone.protocolPB.OzoneManagerRequestHandler.handleReadRequest(OzoneManagerRequestHandler.java:201) ~[ozone-manager-1.3.0-SNAPSHOT.jar:?]
	at org.apache.hadoop.ozone.protocolPB.OzoneManagerProtocolServerSideTranslatorPB.submitReadRequestToOM(OzoneManagerProtocolServerSideTranslatorPB.java:213) ~[ozone-manager-1.3.0-SNAPSHOT.jar:?]
	at org.apache.hadoop.ozone.protocolPB.OzoneManagerProtocolServerSideTranslatorPB.processRequest(OzoneManagerProtocolServerSideTranslatorPB.java:174) ~[ozone-manager-1.3.0-SNAPSHOT.jar:?]
	at org.apache.hadoop.hdds.server.OzoneProtocolMessageDispatcher.processRequest(OzoneProtocolMessageDispatcher.java:87) [hdds-server-framework-1.3.0-SNAPSHOT.jar:?]
	at org.apache.hadoop.ozone.protocolPB.OzoneManagerProtocolServerSideTranslatorPB.submitRequest(OzoneManagerProtocolServerSideTranslatorPB.java:146) [ozone-manager-1.3.0-SNAPSHOT.jar:?]
	at org.apache.hadoop.ozone.protocol.proto.OzoneManagerProtocolProtos$OzoneManagerService$2.callBlockingMethod(OzoneManagerProtocolProtos.java) [ozone-interface-client-1.3.0-SNAPSHOT.jar:?]
	at org.apache.hadoop.ipc.ProtobufRpcEngine$Server.processCall(ProtobufRpcEngine.java:466) [hadoop-common-3.3.1.jar:?]
	at org.apache.hadoop.ipc.ProtobufRpcEngine2$Server$ProtoBufRpcInvoker.call(ProtobufRpcEngine2.java:574) [hadoop-common-3.3.1.jar:?]
	at org.apache.hadoop.ipc.ProtobufRpcEngine2$Server$ProtoBufRpcInvoker.call(ProtobufRpcEngine2.java:552) [hadoop-common-3.3.1.jar:?]
	at org.apache.hadoop.ipc.RPC$Server.call(RPC.java:1093) [hadoop-common-3.3.1.jar:?]
	at org.apache.hadoop.ipc.Server$RpcCall.run(Server.java:1035) [hadoop-common-3.3.1.jar:?]
	at org.apache.hadoop.ipc.Server$RpcCall.run(Server.java:963) [hadoop-common-3.3.1.jar:?]
	at java.security.AccessController.doPrivileged(Native Method) ~[?:1.8.0_322]
	at javax.security.auth.Subject.doAs(Subject.java:422) [?:1.8.0_322]
	at org.apache.hadoop.security.UserGroupInformation.doAs(UserGroupInformation.java:1878) [hadoop-common-3.3.1.jar:?]
	at org.apache.hadoop.ipc.Server$Handler.run(Server.java:2966) [hadoop-common-3.3.1.jar:?]
01:53:59.235 [IPC Server handler 13 on default port 40803] ERROR OMAudit - user=runner | ip=127.0.0.1 | op=GET_FILE_STATUS {volume=volume85710, bucket=bucket48480, key=gdir1/dir2, dataSize=0, replicationConfig=null} | ret=FAILURE
org.apache.hadoop.ozone.om.exceptions.OMException: Unable to get file status: volume: volume85710 bucket: bucket48480 key: gdir1/dir2
	at org.apache.hadoop.ozone.om.KeyManagerImpl.getOzoneFileStatus(KeyManagerImpl.java:1280) ~[ozone-manager-1.3.0-SNAPSHOT.jar:?]
	at org.apache.hadoop.ozone.om.KeyManagerImpl.getFileStatus(KeyManagerImpl.java:1210) ~[ozone-manager-1.3.0-SNAPSHOT.jar:?]
	at org.apache.hadoop.ozone.om.OzoneManager.getFileStatus(OzoneManager.java:3009) ~[ozone-manager-1.3.0-SNAPSHOT.jar:?]
	at org.apache.hadoop.ozone.protocolPB.OzoneManagerRequestHandler.getOzoneFileStatus(OzoneManagerRequestHandler.java:670) ~[ozone-manager-1.3.0-SNAPSHOT.jar:?]
	at org.apache.hadoop.ozone.protocolPB.OzoneManagerRequestHandler.handleReadRequest(OzoneManagerRequestHandler.java:201) ~[ozone-manager-1.3.0-SNAPSHOT.jar:?]
	at org.apache.hadoop.ozone.protocolPB.OzoneManagerProtocolServerSideTranslatorPB.submitReadRequestToOM(OzoneManagerProtocolServerSideTranslatorPB.java:213) ~[ozone-manager-1.3.0-SNAPSHOT.jar:?]
	at org.apache.hadoop.ozone.protocolPB.OzoneManagerProtocolServerSideTranslatorPB.processRequest(OzoneManagerProtocolServerSideTranslatorPB.java:174) ~[ozone-manager-1.3.0-SNAPSHOT.jar:?]
	at org.apache.hadoop.hdds.server.OzoneProtocolMessageDispatcher.processRequest(OzoneProtocolMessageDispatcher.java:87) [hdds-server-framework-1.3.0-SNAPSHOT.jar:?]
	at org.apache.hadoop.ozone.protocolPB.OzoneManagerProtocolServerSideTranslatorPB.submitRequest(OzoneManagerProtocolServerSideTranslatorPB.java:146) [ozone-manager-1.3.0-SNAPSHOT.jar:?]
	at org.apache.hadoop.ozone.protocol.proto.OzoneManagerProtocolProtos$OzoneManagerService$2.callBlockingMethod(OzoneManagerProtocolProtos.java) [ozone-interface-client-1.3.0-SNAPSHOT.jar:?]
	at org.apache.hadoop.ipc.ProtobufRpcEngine$Server.processCall(ProtobufRpcEngine.java:466) [hadoop-common-3.3.1.jar:?]
	at org.apache.hadoop.ipc.ProtobufRpcEngine2$Server$ProtoBufRpcInvoker.call(ProtobufRpcEngine2.java:574) [hadoop-common-3.3.1.jar:?]
	at org.apache.hadoop.ipc.ProtobufRpcEngine2$Server$ProtoBufRpcInvoker.call(ProtobufRpcEngine2.java:552) [hadoop-common-3.3.1.jar:?]
	at org.apache.hadoop.ipc.RPC$Server.call(RPC.java:1093) [hadoop-common-3.3.1.jar:?]
	at org.apache.hadoop.ipc.Server$RpcCall.run(Server.java:1035) [hadoop-common-3.3.1.jar:?]
	at org.apache.hadoop.ipc.Server$RpcCall.run(Server.java:963) [hadoop-common-3.3.1.jar:?]
	at java.security.AccessController.doPrivileged(Native Method) ~[?:1.8.0_322]
	at javax.security.auth.Subject.doAs(Subject.java:422) [?:1.8.0_322]
	at org.apache.hadoop.security.UserGroupInformation.doAs(UserGroupInformation.java:1878) [hadoop-common-3.3.1.jar:?]
	at org.apache.hadoop.ipc.Server$Handler.run(Server.java:2966) [hadoop-common-3.3.1.jar:?]
01:53:59.237 [IPC Server handler 12 on default port 40803] ERROR OMAudit - user=runner | ip=127.0.0.1 | op=GET_FILE_STATUS {volume=volume85710, bucket=bucket48480, key=gdir1/dir2/child, dataSize=0, replicationConfig=null} | ret=FAILURE
org.apache.hadoop.ozone.om.exceptions.OMException: Unable to get file status: volume: volume85710 bucket: bucket48480 key: gdir1/dir2/child
	at org.apache.hadoop.ozone.om.KeyManagerImpl.getOzoneFileStatus(KeyManagerImpl.java:1280) ~[ozone-manager-1.3.0-SNAPSHOT.jar:?]
	at org.apache.hadoop.ozone.om.KeyManagerImpl.getFileStatus(KeyManagerImpl.java:1210) ~[ozone-manager-1.3.0-SNAPSHOT.jar:?]
	at org.apache.hadoop.ozone.om.OzoneManager.getFileStatus(OzoneManager.java:3009) ~[ozone-manager-1.3.0-SNAPSHOT.jar:?]
	at org.apache.hadoop.ozone.protocolPB.OzoneManagerRequestHandler.getOzoneFileStatus(OzoneManagerRequestHandler.java:670) ~[ozone-manager-1.3.0-SNAPSHOT.jar:?]
	at org.apache.hadoop.ozone.protocolPB.OzoneManagerRequestHandler.handleReadRequest(OzoneManagerRequestHandler.java:201) ~[ozone-manager-1.3.0-SNAPSHOT.jar:?]
	at org.apache.hadoop.ozone.protocolPB.OzoneManagerProtocolServerSideTranslatorPB.submitReadRequestToOM(OzoneManagerProtocolServerSideTranslatorPB.java:213) ~[ozone-manager-1.3.0-SNAPSHOT.jar:?]
	at org.apache.hadoop.ozone.protocolPB.OzoneManagerProtocolServerSideTranslatorPB.processRequest(OzoneManagerProtocolServerSideTranslatorPB.java:174) ~[ozone-manager-1.3.0-SNAPSHOT.jar:?]
	at org.apache.hadoop.hdds.server.OzoneProtocolMessageDispatcher.processRequest(OzoneProtocolMessageDispatcher.java:87) [hdds-server-framework-1.3.0-SNAPSHOT.jar:?]
	at org.apache.hadoop.ozone.protocolPB.OzoneManagerProtocolServerSideTranslatorPB.submitRequest(OzoneManagerProtocolServerSideTranslatorPB.java:146) [ozone-manager-1.3.0-SNAPSHOT.jar:?]
	at org.apache.hadoop.ozone.protocol.proto.OzoneManagerProtocolProtos$OzoneManagerService$2.callBlockingMethod(OzoneManagerProtocolProtos.java) [ozone-interface-client-1.3.0-SNAPSHOT.jar:?]
	at org.apache.hadoop.ipc.ProtobufRpcEngine$Server.processCall(ProtobufRpcEngine.java:466) [hadoop-common-3.3.1.jar:?]
	at org.apache.hadoop.ipc.ProtobufRpcEngine2$Server$ProtoBufRpcInvoker.call(ProtobufRpcEngine2.java:574) [hadoop-common-3.3.1.jar:?]
	at org.apache.hadoop.ipc.ProtobufRpcEngine2$Server$ProtoBufRpcInvoker.call(ProtobufRpcEngine2.java:552) [hadoop-common-3.3.1.jar:?]
	at org.apache.hadoop.ipc.RPC$Server.call(RPC.java:1093) [hadoop-common-3.3.1.jar:?]
	at org.apache.hadoop.ipc.Server$RpcCall.run(Server.java:1035) [hadoop-common-3.3.1.jar:?]
	at org.apache.hadoop.ipc.Server$RpcCall.run(Server.java:963) [hadoop-common-3.3.1.jar:?]
	at java.security.AccessController.doPrivileged(Native Method) ~[?:1.8.0_322]
	at javax.security.auth.Subject.doAs(Subject.java:422) [?:1.8.0_322]
	at org.apache.hadoop.security.UserGroupInformation.doAs(UserGroupInformation.java:1878) [hadoop-common-3.3.1.jar:?]
	at org.apache.hadoop.ipc.Server$Handler.run(Server.java:2966) [hadoop-common-3.3.1.jar:?]
01:53:59.237 [IPC Server handler 9 on default port 40803] ERROR OMAudit - user=runner | ip=127.0.0.1 | op=GET_FILE_STATUS {volume=volume85710, bucket=bucket48480, key=gdir1/dir3, dataSize=0, replicationConfig=null} | ret=FAILURE
org.apache.hadoop.ozone.om.exceptions.OMException: Unable to get file status: volume: volume85710 bucket: bucket48480 key: gdir1/dir3
	at org.apache.hadoop.ozone.om.KeyManagerImpl.getOzoneFileStatus(KeyManagerImpl.java:1280) ~[ozone-manager-1.3.0-SNAPSHOT.jar:?]
	at org.apache.hadoop.ozone.om.KeyManagerImpl.getFileStatus(KeyManagerImpl.java:1210) ~[ozone-manager-1.3.0-SNAPSHOT.jar:?]
	at org.apache.hadoop.ozone.om.OzoneManager.getFileStatus(OzoneManager.java:3009) ~[ozone-manager-1.3.0-SNAPSHOT.jar:?]
	at org.apache.hadoop.ozone.protocolPB.OzoneManagerRequestHandler.getOzoneFileStatus(OzoneManagerRequestHandler.java:670) ~[ozone-manager-1.3.0-SNAPSHOT.jar:?]
	at org.apache.hadoop.ozone.protocolPB.OzoneManagerRequestHandler.handleReadRequest(OzoneManagerRequestHandler.java:201) ~[ozone-manager-1.3.0-SNAPSHOT.jar:?]
	at org.apache.hadoop.ozone.protocolPB.OzoneManagerProtocolServerSideTranslatorPB.submitReadRequestToOM(OzoneManagerProtocolServerSideTranslatorPB.java:213) ~[ozone-manager-1.3.0-SNAPSHOT.jar:?]
	at org.apache.hadoop.ozone.protocolPB.OzoneManagerProtocolServerSideTranslatorPB.processRequest(OzoneManagerProtocolServerSideTranslatorPB.java:174) ~[ozone-manager-1.3.0-SNAPSHOT.jar:?]
	at org.apache.hadoop.hdds.server.OzoneProtocolMessageDispatcher.processRequest(OzoneProtocolMessageDispatcher.java:87) [hdds-server-framework-1.3.0-SNAPSHOT.jar:?]
	at org.apache.hadoop.ozone.protocolPB.OzoneManagerProtocolServerSideTranslatorPB.submitRequest(OzoneManagerProtocolServerSideTranslatorPB.java:146) [ozone-manager-1.3.0-SNAPSHOT.jar:?]
	at org.apache.hadoop.ozone.protocol.proto.OzoneManagerProtocolProtos$OzoneManagerService$2.callBlockingMethod(OzoneManagerProtocolProtos.java) [ozone-interface-client-1.3.0-SNAPSHOT.jar:?]
	at org.apache.hadoop.ipc.ProtobufRpcEngine$Server.processCall(ProtobufRpcEngine.java:466) [hadoop-common-3.3.1.jar:?]
	at org.apache.hadoop.ipc.ProtobufRpcEngine2$Server$ProtoBufRpcInvoker.call(ProtobufRpcEngine2.java:574) [hadoop-common-3.3.1.jar:?]
	at org.apache.hadoop.ipc.ProtobufRpcEngine2$Server$ProtoBufRpcInvoker.call(ProtobufRpcEngine2.java:552) [hadoop-common-3.3.1.jar:?]
	at org.apache.hadoop.ipc.RPC$Server.call(RPC.java:1093) [hadoop-common-3.3.1.jar:?]
	at org.apache.hadoop.ipc.Server$RpcCall.run(Server.java:1035) [hadoop-common-3.3.1.jar:?]
	at org.apache.hadoop.ipc.Server$RpcCall.run(Server.java:963) [hadoop-common-3.3.1.jar:?]
	at java.security.AccessController.doPrivileged(Native Method) ~[?:1.8.0_322]
	at javax.security.auth.Subject.doAs(Subject.java:422) [?:1.8.0_322]
	at org.apache.hadoop.security.UserGroupInformation.doAs(UserGroupInformation.java:1878) [hadoop-common-3.3.1.jar:?]
	at org.apache.hadoop.ipc.Server$Handler.run(Server.java:2966) [hadoop-common-3.3.1.jar:?]
01:53:59.238 [IPC Server handler 15 on default port 40803] ERROR OMAudit - user=runner | ip=127.0.0.1 | op=GET_FILE_STATUS {volume=volume85710, bucket=bucket48480, key=gdir1/dir3/child, dataSize=0, replicationConfig=null} | ret=FAILURE
org.apache.hadoop.ozone.om.exceptions.OMException: Unable to get file status: volume: volume85710 bucket: bucket48480 key: gdir1/dir3/child
	at org.apache.hadoop.ozone.om.KeyManagerImpl.getOzoneFileStatus(KeyManagerImpl.java:1280) ~[ozone-manager-1.3.0-SNAPSHOT.jar:?]
	at org.apache.hadoop.ozone.om.KeyManagerImpl.getFileStatus(KeyManagerImpl.java:1210) ~[ozone-manager-1.3.0-SNAPSHOT.jar:?]
	at org.apache.hadoop.ozone.om.OzoneManager.getFileStatus(OzoneManager.java:3009) ~[ozone-manager-1.3.0-SNAPSHOT.jar:?]
	at org.apache.hadoop.ozone.protocolPB.OzoneManagerRequestHandler.getOzoneFileStatus(OzoneManagerRequestHandler.java:670) ~[ozone-manager-1.3.0-SNAPSHOT.jar:?]
	at org.apache.hadoop.ozone.protocolPB.OzoneManagerRequestHandler.handleReadRequest(OzoneManagerRequestHandler.java:201) ~[ozone-manager-1.3.0-SNAPSHOT.jar:?]
	at org.apache.hadoop.ozone.protocolPB.OzoneManagerProtocolServerSideTranslatorPB.submitReadRequestToOM(OzoneManagerProtocolServerSideTranslatorPB.java:213) ~[ozone-manager-1.3.0-SNAPSHOT.jar:?]
	at org.apache.hadoop.ozone.protocolPB.OzoneManagerProtocolServerSideTranslatorPB.processRequest(OzoneManagerProtocolServerSideTranslatorPB.java:174) ~[ozone-manager-1.3.0-SNAPSHOT.jar:?]
	at org.apache.hadoop.hdds.server.OzoneProtocolMessageDispatcher.processRequest(OzoneProtocolMessageDispatcher.java:87) [hdds-server-framework-1.3.0-SNAPSHOT.jar:?]
	at org.apache.hadoop.ozone.protocolPB.OzoneManagerProtocolServerSideTranslatorPB.submitRequest(OzoneManagerProtocolServerSideTranslatorPB.java:146) [ozone-manager-1.3.0-SNAPSHOT.jar:?]
	at org.apache.hadoop.ozone.protocol.proto.OzoneManagerProtocolProtos$OzoneManagerService$2.callBlockingMethod(OzoneManagerProtocolProtos.java) [ozone-interface-client-1.3.0-SNAPSHOT.jar:?]
	at org.apache.hadoop.ipc.ProtobufRpcEngine$Server.processCall(ProtobufRpcEngine.java:466) [hadoop-common-3.3.1.jar:?]
	at org.apache.hadoop.ipc.ProtobufRpcEngine2$Server$ProtoBufRpcInvoker.call(ProtobufRpcEngine2.java:574) [hadoop-common-3.3.1.jar:?]
	at org.apache.hadoop.ipc.ProtobufRpcEngine2$Server$ProtoBufRpcInvoker.call(ProtobufRpcEngine2.java:552) [hadoop-common-3.3.1.jar:?]
	at org.apache.hadoop.ipc.RPC$Server.call(RPC.java:1093) [hadoop-common-3.3.1.jar:?]
	at org.apache.hadoop.ipc.Server$RpcCall.run(Server.java:1035) [hadoop-common-3.3.1.jar:?]
	at org.apache.hadoop.ipc.Server$RpcCall.run(Server.java:963) [hadoop-common-3.3.1.jar:?]
	at java.security.AccessController.doPrivileged(Native Method) ~[?:1.8.0_322]
	at javax.security.auth.Subject.doAs(Subject.java:422) [?:1.8.0_322]
	at org.apache.hadoop.security.UserGroupInformation.doAs(UserGroupInformation.java:1878) [hadoop-common-3.3.1.jar:?]
	at org.apache.hadoop.ipc.Server$Handler.run(Server.java:2966) [hadoop-common-3.3.1.jar:?]
01:53:59.238 [IPC Server handler 8 on default port 40803] ERROR OMAudit - user=runner | ip=127.0.0.1 | op=GET_FILE_STATUS {volume=volume85710, bucket=bucket48480, key=gdir1/dir4, dataSize=0, replicationConfig=null} | ret=FAILURE
org.apache.hadoop.ozone.om.exceptions.OMException: Unable to get file status: volume: volume85710 bucket: bucket48480 key: gdir1/dir4
	at org.apache.hadoop.ozone.om.KeyManagerImpl.getOzoneFileStatus(KeyManagerImpl.java:1280) ~[ozone-manager-1.3.0-SNAPSHOT.jar:?]
	at org.apache.hadoop.ozone.om.KeyManagerImpl.getFileStatus(KeyManagerImpl.java:1210) ~[ozone-manager-1.3.0-SNAPSHOT.jar:?]
	at org.apache.hadoop.ozone.om.OzoneManager.getFileStatus(OzoneManager.java:3009) ~[ozone-manager-1.3.0-SNAPSHOT.jar:?]
	at org.apache.hadoop.ozone.protocolPB.OzoneManagerRequestHandler.getOzoneFileStatus(OzoneManagerRequestHandler.java:670) ~[ozone-manager-1.3.0-SNAPSHOT.jar:?]
	at org.apache.hadoop.ozone.protocolPB.OzoneManagerRequestHandler.handleReadRequest(OzoneManagerRequestHandler.java:201) ~[ozone-manager-1.3.0-SNAPSHOT.jar:?]
	at org.apache.hadoop.ozone.protocolPB.OzoneManagerProtocolServerSideTranslatorPB.submitReadRequestToOM(OzoneManagerProtocolServerSideTranslatorPB.java:213) ~[ozone-manager-1.3.0-SNAPSHOT.jar:?]
	at org.apache.hadoop.ozone.protocolPB.OzoneManagerProtocolServerSideTranslatorPB.processRequest(OzoneManagerProtocolServerSideTranslatorPB.java:174) ~[ozone-manager-1.3.0-SNAPSHOT.jar:?]
	at org.apache.hadoop.hdds.server.OzoneProtocolMessageDispatcher.processRequest(OzoneProtocolMessageDispatcher.java:87) [hdds-server-framework-1.3.0-SNAPSHOT.jar:?]
	at org.apache.hadoop.ozone.protocolPB.OzoneManagerProtocolServerSideTranslatorPB.submitRequest(OzoneManagerProtocolServerSideTranslatorPB.java:146) [ozone-manager-1.3.0-SNAPSHOT.jar:?]
	at org.apache.hadoop.ozone.protocol.proto.OzoneManagerProtocolProtos$OzoneManagerService$2.callBlockingMethod(OzoneManagerProtocolProtos.java) [ozone-interface-client-1.3.0-SNAPSHOT.jar:?]
	at org.apache.hadoop.ipc.ProtobufRpcEngine$Server.processCall(ProtobufRpcEngine.java:466) [hadoop-common-3.3.1.jar:?]
	at org.apache.hadoop.ipc.ProtobufRpcEngine2$Server$ProtoBufRpcInvoker.call(ProtobufRpcEngine2.java:574) [hadoop-common-3.3.1.jar:?]
	at org.apache.hadoop.ipc.ProtobufRpcEngine2$Server$ProtoBufRpcInvoker.call(ProtobufRpcEngine2.java:552) [hadoop-common-3.3.1.jar:?]
	at org.apache.hadoop.ipc.RPC$Server.call(RPC.java:1093) [hadoop-common-3.3.1.jar:?]
	at org.apache.hadoop.ipc.Server$RpcCall.run(Server.java:1035) [hadoop-common-3.3.1.jar:?]
	at org.apache.hadoop.ipc.Server$RpcCall.run(Server.java:963) [hadoop-common-3.3.1.jar:?]
	at java.security.AccessController.doPrivileged(Native Method) ~[?:1.8.0_322]
	at javax.security.auth.Subject.doAs(Subject.java:422) [?:1.8.0_322]
	at org.apache.hadoop.security.UserGroupInformation.doAs(UserGroupInformation.java:1878) [hadoop-common-3.3.1.jar:?]
	at org.apache.hadoop.ipc.Server$Handler.run(Server.java:2966) [hadoop-common-3.3.1.jar:?]
01:53:59.239 [IPC Server handler 14 on default port 40803] ERROR OMAudit - user=runner | ip=127.0.0.1 | op=GET_FILE_STATUS {volume=volume85710, bucket=bucket48480, key=gdir1/dir4/child, dataSize=0, replicationConfig=null} | ret=FAILURE
org.apache.hadoop.ozone.om.exceptions.OMException: Unable to get file status: volume: volume85710 bucket: bucket48480 key: gdir1/dir4/child
	at org.apache.hadoop.ozone.om.KeyManagerImpl.getOzoneFileStatus(KeyManagerImpl.java:1280) ~[ozone-manager-1.3.0-SNAPSHOT.jar:?]
	at org.apache.hadoop.ozone.om.KeyManagerImpl.getFileStatus(KeyManagerImpl.java:1210) ~[ozone-manager-1.3.0-SNAPSHOT.jar:?]
	at org.apache.hadoop.ozone.om.OzoneManager.getFileStatus(OzoneManager.java:3009) ~[ozone-manager-1.3.0-SNAPSHOT.jar:?]
	at org.apache.hadoop.ozone.protocolPB.OzoneManagerRequestHandler.getOzoneFileStatus(OzoneManagerRequestHandler.java:670) ~[ozone-manager-1.3.0-SNAPSHOT.jar:?]
	at org.apache.hadoop.ozone.protocolPB.OzoneManagerRequestHandler.handleReadRequest(OzoneManagerRequestHandler.java:201) ~[ozone-manager-1.3.0-SNAPSHOT.jar:?]
	at org.apache.hadoop.ozone.protocolPB.OzoneManagerProtocolServerSideTranslatorPB.submitReadRequestToOM(OzoneManagerProtocolServerSideTranslatorPB.java:213) ~[ozone-manager-1.3.0-SNAPSHOT.jar:?]
	at org.apache.hadoop.ozone.protocolPB.OzoneManagerProtocolServerSideTranslatorPB.processRequest(OzoneManagerProtocolServerSideTranslatorPB.java:174) ~[ozone-manager-1.3.0-SNAPSHOT.jar:?]
	at org.apache.hadoop.hdds.server.OzoneProtocolMessageDispatcher.processRequest(OzoneProtocolMessageDispatcher.java:87) [hdds-server-framework-1.3.0-SNAPSHOT.jar:?]
	at org.apache.hadoop.ozone.protocolPB.OzoneManagerProtocolServerSideTranslatorPB.submitRequest(OzoneManagerProtocolServerSideTranslatorPB.java:146) [ozone-manager-1.3.0-SNAPSHOT.jar:?]
	at org.apache.hadoop.ozone.protocol.proto.OzoneManagerProtocolProtos$OzoneManagerService$2.callBlockingMethod(OzoneManagerProtocolProtos.java) [ozone-interface-client-1.3.0-SNAPSHOT.jar:?]
	at org.apache.hadoop.ipc.ProtobufRpcEngine$Server.processCall(ProtobufRpcEngine.java:466) [hadoop-common-3.3.1.jar:?]
	at org.apache.hadoop.ipc.ProtobufRpcEngine2$Server$ProtoBufRpcInvoker.call(ProtobufRpcEngine2.java:574) [hadoop-common-3.3.1.jar:?]
	at org.apache.hadoop.ipc.ProtobufRpcEngine2$Server$ProtoBufRpcInvoker.call(ProtobufRpcEngine2.java:552) [hadoop-common-3.3.1.jar:?]
	at org.apache.hadoop.ipc.RPC$Server.call(RPC.java:1093) [hadoop-common-3.3.1.jar:?]
	at org.apache.hadoop.ipc.Server$RpcCall.run(Server.java:1035) [hadoop-common-3.3.1.jar:?]
	at org.apache.hadoop.ipc.Server$RpcCall.run(Server.java:963) [hadoop-common-3.3.1.jar:?]
	at java.security.AccessController.doPrivileged(Native Method) ~[?:1.8.0_322]
	at javax.security.auth.Subject.doAs(Subject.java:422) [?:1.8.0_322]
	at org.apache.hadoop.security.UserGroupInformation.doAs(UserGroupInformation.java:1878) [hadoop-common-3.3.1.jar:?]
	at org.apache.hadoop.ipc.Server$Handler.run(Server.java:2966) [hadoop-common-3.3.1.jar:?]
01:53:59.239 [IPC Server handler 16 on default port 40803] ERROR OMAudit - user=runner | ip=127.0.0.1 | op=GET_FILE_STATUS {volume=volume85710, bucket=bucket48480, key=gdir1/dir5, dataSize=0, replicationConfig=null} | ret=FAILURE
org.apache.hadoop.ozone.om.exceptions.OMException: Unable to get file status: volume: volume85710 bucket: bucket48480 key: gdir1/dir5
	at org.apache.hadoop.ozone.om.KeyManagerImpl.getOzoneFileStatus(KeyManagerImpl.java:1280) ~[ozone-manager-1.3.0-SNAPSHOT.jar:?]
	at org.apache.hadoop.ozone.om.KeyManagerImpl.getFileStatus(KeyManagerImpl.java:1210) ~[ozone-manager-1.3.0-SNAPSHOT.jar:?]
	at org.apache.hadoop.ozone.om.OzoneManager.getFileStatus(OzoneManager.java:3009) ~[ozone-manager-1.3.0-SNAPSHOT.jar:?]
	at org.apache.hadoop.ozone.protocolPB.OzoneManagerRequestHandler.getOzoneFileStatus(OzoneManagerRequestHandler.java:670) ~[ozone-manager-1.3.0-SNAPSHOT.jar:?]
	at org.apache.hadoop.ozone.protocolPB.OzoneManagerRequestHandler.handleReadRequest(OzoneManagerRequestHandler.java:201) ~[ozone-manager-1.3.0-SNAPSHOT.jar:?]
	at org.apache.hadoop.ozone.protocolPB.OzoneManagerProtocolServerSideTranslatorPB.submitReadRequestToOM(OzoneManagerProtocolServerSideTranslatorPB.java:213) ~[ozone-manager-1.3.0-SNAPSHOT.jar:?]
	at org.apache.hadoop.ozone.protocolPB.OzoneManagerProtocolServerSideTranslatorPB.processRequest(OzoneManagerProtocolServerSideTranslatorPB.java:174) ~[ozone-manager-1.3.0-SNAPSHOT.jar:?]
	at org.apache.hadoop.hdds.server.OzoneProtocolMessageDispatcher.processRequest(OzoneProtocolMessageDispatcher.java:87) [hdds-server-framework-1.3.0-SNAPSHOT.jar:?]
	at org.apache.hadoop.ozone.protocolPB.OzoneManagerProtocolServerSideTranslatorPB.submitRequest(OzoneManagerProtocolServerSideTranslatorPB.java:146) [ozone-manager-1.3.0-SNAPSHOT.jar:?]
	at org.apache.hadoop.ozone.protocol.proto.OzoneManagerProtocolProtos$OzoneManagerService$2.callBlockingMethod(OzoneManagerProtocolProtos.java) [ozone-interface-client-1.3.0-SNAPSHOT.jar:?]
	at org.apache.hadoop.ipc.ProtobufRpcEngine$Server.processCall(ProtobufRpcEngine.java:466) [hadoop-common-3.3.1.jar:?]
	at org.apache.hadoop.ipc.ProtobufRpcEngine2$Server$ProtoBufRpcInvoker.call(ProtobufRpcEngine2.java:574) [hadoop-common-3.3.1.jar:?]
	at org.apache.hadoop.ipc.ProtobufRpcEngine2$Server$ProtoBufRpcInvoker.call(ProtobufRpcEngine2.java:552) [hadoop-common-3.3.1.jar:?]
	at org.apache.hadoop.ipc.RPC$Server.call(RPC.java:1093) [hadoop-common-3.3.1.jar:?]
	at org.apache.hadoop.ipc.Server$RpcCall.run(Server.java:1035) [hadoop-common-3.3.1.jar:?]
	at org.apache.hadoop.ipc.Server$RpcCall.run(Server.java:963) [hadoop-common-3.3.1.jar:?]
	at java.security.AccessController.doPrivileged(Native Method) ~[?:1.8.0_322]
	at javax.security.auth.Subject.doAs(Subject.java:422) [?:1.8.0_322]
	at org.apache.hadoop.security.UserGroupInformation.doAs(UserGroupInformation.java:1878) [hadoop-common-3.3.1.jar:?]
	at org.apache.hadoop.ipc.Server$Handler.run(Server.java:2966) [hadoop-common-3.3.1.jar:?]
01:53:59.240 [IPC Server handler 17 on default port 40803] ERROR OMAudit - user=runner | ip=127.0.0.1 | op=GET_FILE_STATUS {volume=volume85710, bucket=bucket48480, key=gdir1/dir5/child, dataSize=0, replicationConfig=null} | ret=FAILURE
org.apache.hadoop.ozone.om.exceptions.OMException: Unable to get file status: volume: volume85710 bucket: bucket48480 key: gdir1/dir5/child
	at org.apache.hadoop.ozone.om.KeyManagerImpl.getOzoneFileStatus(KeyManagerImpl.java:1280) ~[ozone-manager-1.3.0-SNAPSHOT.jar:?]
	at org.apache.hadoop.ozone.om.KeyManagerImpl.getFileStatus(KeyManagerImpl.java:1210) ~[ozone-manager-1.3.0-SNAPSHOT.jar:?]
	at org.apache.hadoop.ozone.om.OzoneManager.getFileStatus(OzoneManager.java:3009) ~[ozone-manager-1.3.0-SNAPSHOT.jar:?]
	at org.apache.hadoop.ozone.protocolPB.OzoneManagerRequestHandler.getOzoneFileStatus(OzoneManagerRequestHandler.java:670) ~[ozone-manager-1.3.0-SNAPSHOT.jar:?]
	at org.apache.hadoop.ozone.protocolPB.OzoneManagerRequestHandler.handleReadRequest(OzoneManagerRequestHandler.java:201) ~[ozone-manager-1.3.0-SNAPSHOT.jar:?]
	at org.apache.hadoop.ozone.protocolPB.OzoneManagerProtocolServerSideTranslatorPB.submitReadRequestToOM(OzoneManagerProtocolServerSideTranslatorPB.java:213) ~[ozone-manager-1.3.0-SNAPSHOT.jar:?]
	at org.apache.hadoop.ozone.protocolPB.OzoneManagerProtocolServerSideTranslatorPB.processRequest(OzoneManagerProtocolServerSideTranslatorPB.java:174) ~[ozone-manager-1.3.0-SNAPSHOT.jar:?]
	at org.apache.hadoop.hdds.server.OzoneProtocolMessageDispatcher.processRequest(OzoneProtocolMessageDispatcher.java:87) [hdds-server-framework-1.3.0-SNAPSHOT.jar:?]
	at org.apache.hadoop.ozone.protocolPB.OzoneManagerProtocolServerSideTranslatorPB.submitRequest(OzoneManagerProtocolServerSideTranslatorPB.java:146) [ozone-manager-1.3.0-SNAPSHOT.jar:?]
	at org.apache.hadoop.ozone.protocol.proto.OzoneManagerProtocolProtos$OzoneManagerService$2.callBlockingMethod(OzoneManagerProtocolProtos.java) [ozone-interface-client-1.3.0-SNAPSHOT.jar:?]
	at org.apache.hadoop.ipc.ProtobufRpcEngine$Server.processCall(ProtobufRpcEngine.java:466) [hadoop-common-3.3.1.jar:?]
	at org.apache.hadoop.ipc.ProtobufRpcEngine2$Server$ProtoBufRpcInvoker.call(ProtobufRpcEngine2.java:574) [hadoop-common-3.3.1.jar:?]
	at org.apache.hadoop.ipc.ProtobufRpcEngine2$Server$ProtoBufRpcInvoker.call(ProtobufRpcEngine2.java:552) [hadoop-common-3.3.1.jar:?]
	at org.apache.hadoop.ipc.RPC$Server.call(RPC.java:1093) [hadoop-common-3.3.1.jar:?]
	at org.apache.hadoop.ipc.Server$RpcCall.run(Server.java:1035) [hadoop-common-3.3.1.jar:?]
	at org.apache.hadoop.ipc.Server$RpcCall.run(Server.java:963) [hadoop-common-3.3.1.jar:?]
	at java.security.AccessController.doPrivileged(Native Method) ~[?:1.8.0_322]
	at javax.security.auth.Subject.doAs(Subject.java:422) [?:1.8.0_322]
	at org.apache.hadoop.security.UserGroupInformation.doAs(UserGroupInformation.java:1878) [hadoop-common-3.3.1.jar:?]
	at org.apache.hadoop.ipc.Server$Handler.run(Server.java:2966) [hadoop-common-3.3.1.jar:?]
01:53:59.241 [IPC Server handler 18 on default port 40803] ERROR OMAudit - user=runner | ip=127.0.0.1 | op=GET_FILE_STATUS {volume=volume85710, bucket=bucket48480, key=gdir1/dir6, dataSize=0, replicationConfig=null} | ret=FAILURE
org.apache.hadoop.ozone.om.exceptions.OMException: Unable to get file status: volume: volume85710 bucket: bucket48480 key: gdir1/dir6
	at org.apache.hadoop.ozone.om.KeyManagerImpl.getOzoneFileStatus(KeyManagerImpl.java:1280) ~[ozone-manager-1.3.0-SNAPSHOT.jar:?]
	at org.apache.hadoop.ozone.om.KeyManagerImpl.getFileStatus(KeyManagerImpl.java:1210) ~[ozone-manager-1.3.0-SNAPSHOT.jar:?]
	at org.apache.hadoop.ozone.om.OzoneManager.getFileStatus(OzoneManager.java:3009) ~[ozone-manager-1.3.0-SNAPSHOT.jar:?]
	at org.apache.hadoop.ozone.protocolPB.OzoneManagerRequestHandler.getOzoneFileStatus(OzoneManagerRequestHandler.java:670) ~[ozone-manager-1.3.0-SNAPSHOT.jar:?]
	at org.apache.hadoop.ozone.protocolPB.OzoneManagerRequestHandler.handleReadRequest(OzoneManagerRequestHandler.java:201) ~[ozone-manager-1.3.0-SNAPSHOT.jar:?]
	at org.apache.hadoop.ozone.protocolPB.OzoneManagerProtocolServerSideTranslatorPB.submitReadRequestToOM(OzoneManagerProtocolServerSideTranslatorPB.java:213) ~[ozone-manager-1.3.0-SNAPSHOT.jar:?]
	at org.apache.hadoop.ozone.protocolPB.OzoneManagerProtocolServerSideTranslatorPB.processRequest(OzoneManagerProtocolServerSideTranslatorPB.java:174) ~[ozone-manager-1.3.0-SNAPSHOT.jar:?]
	at org.apache.hadoop.hdds.server.OzoneProtocolMessageDispatcher.processRequest(OzoneProtocolMessageDispatcher.java:87) [hdds-server-framework-1.3.0-SNAPSHOT.jar:?]
	at org.apache.hadoop.ozone.protocolPB.OzoneManagerProtocolServerSideTranslatorPB.submitRequest(OzoneManagerProtocolServerSideTranslatorPB.java:146) [ozone-manager-1.3.0-SNAPSHOT.jar:?]
	at org.apache.hadoop.ozone.protocol.proto.OzoneManagerProtocolProtos$OzoneManagerService$2.callBlockingMethod(OzoneManagerProtocolProtos.java) [ozone-interface-client-1.3.0-SNAPSHOT.jar:?]
	at org.apache.hadoop.ipc.ProtobufRpcEngine$Server.processCall(ProtobufRpcEngine.java:466) [hadoop-common-3.3.1.jar:?]
	at org.apache.hadoop.ipc.ProtobufRpcEngine2$Server$ProtoBufRpcInvoker.call(ProtobufRpcEngine2.java:574) [hadoop-common-3.3.1.jar:?]
	at org.apache.hadoop.ipc.ProtobufRpcEngine2$Server$ProtoBufRpcInvoker.call(ProtobufRpcEngine2.java:552) [hadoop-common-3.3.1.jar:?]
	at org.apache.hadoop.ipc.RPC$Server.call(RPC.java:1093) [hadoop-common-3.3.1.jar:?]
	at org.apache.hadoop.ipc.Server$RpcCall.run(Server.java:1035) [hadoop-common-3.3.1.jar:?]
	at org.apache.hadoop.ipc.Server$RpcCall.run(Server.java:963) [hadoop-common-3.3.1.jar:?]
	at java.security.AccessController.doPrivileged(Native Method) ~[?:1.8.0_322]
	at javax.security.auth.Subject.doAs(Subject.java:422) [?:1.8.0_322]
	at org.apache.hadoop.security.UserGroupInformation.doAs(UserGroupInformation.java:1878) [hadoop-common-3.3.1.jar:?]
	at org.apache.hadoop.ipc.Server$Handler.run(Server.java:2966) [hadoop-common-3.3.1.jar:?]
01:53:59.242 [IPC Server handler 19 on default port 40803] ERROR OMAudit - user=runner | ip=127.0.0.1 | op=GET_FILE_STATUS {volume=volume85710, bucket=bucket48480, key=gdir1/dir6/child, dataSize=0, replicationConfig=null} | ret=FAILURE
org.apache.hadoop.ozone.om.exceptions.OMException: Unable to get file status: volume: volume85710 bucket: bucket48480 key: gdir1/dir6/child
	at org.apache.hadoop.ozone.om.KeyManagerImpl.getOzoneFileStatus(KeyManagerImpl.java:1280) ~[ozone-manager-1.3.0-SNAPSHOT.jar:?]
	at org.apache.hadoop.ozone.om.KeyManagerImpl.getFileStatus(KeyManagerImpl.java:1210) ~[ozone-manager-1.3.0-SNAPSHOT.jar:?]
	at org.apache.hadoop.ozone.om.OzoneManager.getFileStatus(OzoneManager.java:3009) ~[ozone-manager-1.3.0-SNAPSHOT.jar:?]
	at org.apache.hadoop.ozone.protocolPB.OzoneManagerRequestHandler.getOzoneFileStatus(OzoneManagerRequestHandler.java:670) ~[ozone-manager-1.3.0-SNAPSHOT.jar:?]
	at org.apache.hadoop.ozone.protocolPB.OzoneManagerRequestHandler.handleReadRequest(OzoneManagerRequestHandler.java:201) ~[ozone-manager-1.3.0-SNAPSHOT.jar:?]
	at org.apache.hadoop.ozone.protocolPB.OzoneManagerProtocolServerSideTranslatorPB.submitReadRequestToOM(OzoneManagerProtocolServerSideTranslatorPB.java:213) ~[ozone-manager-1.3.0-SNAPSHOT.jar:?]
	at org.apache.hadoop.ozone.protocolPB.OzoneManagerProtocolServerSideTranslatorPB.processRequest(OzoneManagerProtocolServerSideTranslatorPB.java:174) ~[ozone-manager-1.3.0-SNAPSHOT.jar:?]
	at org.apache.hadoop.hdds.server.OzoneProtocolMessageDispatcher.processRequest(OzoneProtocolMessageDispatcher.java:87) [hdds-server-framework-1.3.0-SNAPSHOT.jar:?]
	at org.apache.hadoop.ozone.protocolPB.OzoneManagerProtocolServerSideTranslatorPB.submitRequest(OzoneManagerProtocolServerSideTranslatorPB.java:146) [ozone-manager-1.3.0-SNAPSHOT.jar:?]
	at org.apache.hadoop.ozone.protocol.proto.OzoneManagerProtocolProtos$OzoneManagerService$2.callBlockingMethod(OzoneManagerProtocolProtos.java) [ozone-interface-client-1.3.0-SNAPSHOT.jar:?]
	at org.apache.hadoop.ipc.ProtobufRpcEngine$Server.processCall(ProtobufRpcEngine.java:466) [hadoop-common-3.3.1.jar:?]
	at org.apache.hadoop.ipc.ProtobufRpcEngine2$Server$ProtoBufRpcInvoker.call(ProtobufRpcEngine2.java:574) [hadoop-common-3.3.1.jar:?]
	at org.apache.hadoop.ipc.ProtobufRpcEngine2$Server$ProtoBufRpcInvoker.call(ProtobufRpcEngine2.java:552) [hadoop-common-3.3.1.jar:?]
	at org.apache.hadoop.ipc.RPC$Server.call(RPC.java:1093) [hadoop-common-3.3.1.jar:?]
	at org.apache.hadoop.ipc.Server$RpcCall.run(Server.java:1035) [hadoop-common-3.3.1.jar:?]
	at org.apache.hadoop.ipc.Server$RpcCall.run(Server.java:963) [hadoop-common-3.3.1.jar:?]
	at java.security.AccessController.doPrivileged(Native Method) ~[?:1.8.0_322]
	at javax.security.auth.Subject.doAs(Subject.java:422) [?:1.8.0_322]
	at org.apache.hadoop.security.UserGroupInformation.doAs(UserGroupInformation.java:1878) [hadoop-common-3.3.1.jar:?]
	at org.apache.hadoop.ipc.Server$Handler.run(Server.java:2966) [hadoop-common-3.3.1.jar:?]
01:53:59.242 [IPC Server handler 1 on default port 40803] ERROR OMAudit - user=runner | ip=127.0.0.1 | op=GET_FILE_STATUS {volume=volume85710, bucket=bucket48480, key=gdir1/dir7, dataSize=0, replicationConfig=null} | ret=FAILURE
org.apache.hadoop.ozone.om.exceptions.OMException: Unable to get file status: volume: volume85710 bucket: bucket48480 key: gdir1/dir7
	at org.apache.hadoop.ozone.om.KeyManagerImpl.getOzoneFileStatus(KeyManagerImpl.java:1280) ~[ozone-manager-1.3.0-SNAPSHOT.jar:?]
	at org.apache.hadoop.ozone.om.KeyManagerImpl.getFileStatus(KeyManagerImpl.java:1210) ~[ozone-manager-1.3.0-SNAPSHOT.jar:?]
	at org.apache.hadoop.ozone.om.OzoneManager.getFileStatus(OzoneManager.java:3009) ~[ozone-manager-1.3.0-SNAPSHOT.jar:?]
	at org.apache.hadoop.ozone.protocolPB.OzoneManagerRequestHandler.getOzoneFileStatus(OzoneManagerRequestHandler.java:670) ~[ozone-manager-1.3.0-SNAPSHOT.jar:?]
	at org.apache.hadoop.ozone.protocolPB.OzoneManagerRequestHandler.handleReadRequest(OzoneManagerRequestHandler.java:201) ~[ozone-manager-1.3.0-SNAPSHOT.jar:?]
	at org.apache.hadoop.ozone.protocolPB.OzoneManagerProtocolServerSideTranslatorPB.submitReadRequestToOM(OzoneManagerProtocolServerSideTranslatorPB.java:213) ~[ozone-manager-1.3.0-SNAPSHOT.jar:?]
	at org.apache.hadoop.ozone.protocolPB.OzoneManagerProtocolServerSideTranslatorPB.processRequest(OzoneManagerProtocolServerSideTranslatorPB.java:174) ~[ozone-manager-1.3.0-SNAPSHOT.jar:?]
	at org.apache.hadoop.hdds.server.OzoneProtocolMessageDispatcher.processRequest(OzoneProtocolMessageDispatcher.java:87) [hdds-server-framework-1.3.0-SNAPSHOT.jar:?]
	at org.apache.hadoop.ozone.protocolPB.OzoneManagerProtocolServerSideTranslatorPB.submitRequest(OzoneManagerProtocolServerSideTranslatorPB.java:146) [ozone-manager-1.3.0-SNAPSHOT.jar:?]
	at org.apache.hadoop.ozone.protocol.proto.OzoneManagerProtocolProtos$OzoneManagerService$2.callBlockingMethod(OzoneManagerProtocolProtos.java) [ozone-interface-client-1.3.0-SNAPSHOT.jar:?]
	at org.apache.hadoop.ipc.ProtobufRpcEngine$Server.processCall(ProtobufRpcEngine.java:466) [hadoop-common-3.3.1.jar:?]
	at org.apache.hadoop.ipc.ProtobufRpcEngine2$Server$ProtoBufRpcInvoker.call(ProtobufRpcEngine2.java:574) [hadoop-common-3.3.1.jar:?]
	at org.apache.hadoop.ipc.ProtobufRpcEngine2$Server$ProtoBufRpcInvoker.call(ProtobufRpcEngine2.java:552) [hadoop-common-3.3.1.jar:?]
	at org.apache.hadoop.ipc.RPC$Server.call(RPC.java:1093) [hadoop-common-3.3.1.jar:?]
	at org.apache.hadoop.ipc.Server$RpcCall.run(Server.java:1035) [hadoop-common-3.3.1.jar:?]
	at org.apache.hadoop.ipc.Server$RpcCall.run(Server.java:963) [hadoop-common-3.3.1.jar:?]
	at java.security.AccessController.doPrivileged(Native Method) ~[?:1.8.0_322]
	at javax.security.auth.Subject.doAs(Subject.java:422) [?:1.8.0_322]
	at org.apache.hadoop.security.UserGroupInformation.doAs(UserGroupInformation.java:1878) [hadoop-common-3.3.1.jar:?]
	at org.apache.hadoop.ipc.Server$Handler.run(Server.java:2966) [hadoop-common-3.3.1.jar:?]
01:53:59.243 [IPC Server handler 0 on default port 40803] ERROR OMAudit - user=runner | ip=127.0.0.1 | op=GET_FILE_STATUS {volume=volume85710, bucket=bucket48480, key=gdir1/dir7/child, dataSize=0, replicationConfig=null} | ret=FAILURE
org.apache.hadoop.ozone.om.exceptions.OMException: Unable to get file status: volume: volume85710 bucket: bucket48480 key: gdir1/dir7/child
	at org.apache.hadoop.ozone.om.KeyManagerImpl.getOzoneFileStatus(KeyManagerImpl.java:1280) ~[ozone-manager-1.3.0-SNAPSHOT.jar:?]
	at org.apache.hadoop.ozone.om.KeyManagerImpl.getFileStatus(KeyManagerImpl.java:1210) ~[ozone-manager-1.3.0-SNAPSHOT.jar:?]
	at org.apache.hadoop.ozone.om.OzoneManager.getFileStatus(OzoneManager.java:3009) ~[ozone-manager-1.3.0-SNAPSHOT.jar:?]
	at org.apache.hadoop.ozone.protocolPB.OzoneManagerRequestHandler.getOzoneFileStatus(OzoneManagerRequestHandler.java:670) ~[ozone-manager-1.3.0-SNAPSHOT.jar:?]
	at org.apache.hadoop.ozone.protocolPB.OzoneManagerRequestHandler.handleReadRequest(OzoneManagerRequestHandler.java:201) ~[ozone-manager-1.3.0-SNAPSHOT.jar:?]
	at org.apache.hadoop.ozone.protocolPB.OzoneManagerProtocolServerSideTranslatorPB.submitReadRequestToOM(OzoneManagerProtocolServerSideTranslatorPB.java:213) ~[ozone-manager-1.3.0-SNAPSHOT.jar:?]
	at org.apache.hadoop.ozone.protocolPB.OzoneManagerProtocolServerSideTranslatorPB.processRequest(OzoneManagerProtocolServerSideTranslatorPB.java:174) ~[ozone-manager-1.3.0-SNAPSHOT.jar:?]
	at org.apache.hadoop.hdds.server.OzoneProtocolMessageDispatcher.processRequest(OzoneProtocolMessageDispatcher.java:87) [hdds-server-framework-1.3.0-SNAPSHOT.jar:?]
	at org.apache.hadoop.ozone.protocolPB.OzoneManagerProtocolServerSideTranslatorPB.submitRequest(OzoneManagerProtocolServerSideTranslatorPB.java:146) [ozone-manager-1.3.0-SNAPSHOT.jar:?]
	at org.apache.hadoop.ozone.protocol.proto.OzoneManagerProtocolProtos$OzoneManagerService$2.callBlockingMethod(OzoneManagerProtocolProtos.java) [ozone-interface-client-1.3.0-SNAPSHOT.jar:?]
	at org.apache.hadoop.ipc.ProtobufRpcEngine$Server.processCall(ProtobufRpcEngine.java:466) [hadoop-common-3.3.1.jar:?]
	at org.apache.hadoop.ipc.ProtobufRpcEngine2$Server$ProtoBufRpcInvoker.call(ProtobufRpcEngine2.java:574) [hadoop-common-3.3.1.jar:?]
	at org.apache.hadoop.ipc.ProtobufRpcEngine2$Server$ProtoBufRpcInvoker.call(ProtobufRpcEngine2.java:552) [hadoop-common-3.3.1.jar:?]
	at org.apache.hadoop.ipc.RPC$Server.call(RPC.java:1093) [hadoop-common-3.3.1.jar:?]
	at org.apache.hadoop.ipc.Server$RpcCall.run(Server.java:1035) [hadoop-common-3.3.1.jar:?]
	at org.apache.hadoop.ipc.Server$RpcCall.run(Server.java:963) [hadoop-common-3.3.1.jar:?]
	at java.security.AccessController.doPrivileged(Native Method) ~[?:1.8.0_322]
	at javax.security.auth.Subject.doAs(Subject.java:422) [?:1.8.0_322]
	at org.apache.hadoop.security.UserGroupInformation.doAs(UserGroupInformation.java:1878) [hadoop-common-3.3.1.jar:?]
	at org.apache.hadoop.ipc.Server$Handler.run(Server.java:2966) [hadoop-common-3.3.1.jar:?]
01:53:59.244 [IPC Server handler 5 on default port 40803] ERROR OMAudit - user=runner | ip=127.0.0.1 | op=GET_FILE_STATUS {volume=volume85710, bucket=bucket48480, key=gdir1/dir8, dataSize=0, replicationConfig=null} | ret=FAILURE
org.apache.hadoop.ozone.om.exceptions.OMException: Unable to get file status: volume: volume85710 bucket: bucket48480 key: gdir1/dir8
	at org.apache.hadoop.ozone.om.KeyManagerImpl.getOzoneFileStatus(KeyManagerImpl.java:1280) ~[ozone-manager-1.3.0-SNAPSHOT.jar:?]
	at org.apache.hadoop.ozone.om.KeyManagerImpl.getFileStatus(KeyManagerImpl.java:1210) ~[ozone-manager-1.3.0-SNAPSHOT.jar:?]
	at org.apache.hadoop.ozone.om.OzoneManager.getFileStatus(OzoneManager.java:3009) ~[ozone-manager-1.3.0-SNAPSHOT.jar:?]
	at org.apache.hadoop.ozone.protocolPB.OzoneManagerRequestHandler.getOzoneFileStatus(OzoneManagerRequestHandler.java:670) ~[ozone-manager-1.3.0-SNAPSHOT.jar:?]
	at org.apache.hadoop.ozone.protocolPB.OzoneManagerRequestHandler.handleReadRequest(OzoneManagerRequestHandler.java:201) ~[ozone-manager-1.3.0-SNAPSHOT.jar:?]
	at org.apache.hadoop.ozone.protocolPB.OzoneManagerProtocolServerSideTranslatorPB.submitReadRequestToOM(OzoneManagerProtocolServerSideTranslatorPB.java:213) ~[ozone-manager-1.3.0-SNAPSHOT.jar:?]
	at org.apache.hadoop.ozone.protocolPB.OzoneManagerProtocolServerSideTranslatorPB.processRequest(OzoneManagerProtocolServerSideTranslatorPB.java:174) ~[ozone-manager-1.3.0-SNAPSHOT.jar:?]
	at org.apache.hadoop.hdds.server.OzoneProtocolMessageDispatcher.processRequest(OzoneProtocolMessageDispatcher.java:87) [hdds-server-framework-1.3.0-SNAPSHOT.jar:?]
	at org.apache.hadoop.ozone.protocolPB.OzoneManagerProtocolServerSideTranslatorPB.submitRequest(OzoneManagerProtocolServerSideTranslatorPB.java:146) [ozone-manager-1.3.0-SNAPSHOT.jar:?]
	at org.apache.hadoop.ozone.protocol.proto.OzoneManagerProtocolProtos$OzoneManagerService$2.callBlockingMethod(OzoneManagerProtocolProtos.java) [ozone-interface-client-1.3.0-SNAPSHOT.jar:?]
	at org.apache.hadoop.ipc.ProtobufRpcEngine$Server.processCall(ProtobufRpcEngine.java:466) [hadoop-common-3.3.1.jar:?]
	at org.apache.hadoop.ipc.ProtobufRpcEngine2$Server$ProtoBufRpcInvoker.call(ProtobufRpcEngine2.java:574) [hadoop-common-3.3.1.jar:?]
	at org.apache.hadoop.ipc.ProtobufRpcEngine2$Server$ProtoBufRpcInvoker.call(ProtobufRpcEngine2.java:552) [hadoop-common-3.3.1.jar:?]
	at org.apache.hadoop.ipc.RPC$Server.call(RPC.java:1093) [hadoop-common-3.3.1.jar:?]
	at org.apache.hadoop.ipc.Server$RpcCall.run(Server.java:1035) [hadoop-common-3.3.1.jar:?]
	at org.apache.hadoop.ipc.Server$RpcCall.run(Server.java:963) [hadoop-common-3.3.1.jar:?]
	at java.security.AccessController.doPrivileged(Native Method) ~[?:1.8.0_322]
	at javax.security.auth.Subject.doAs(Subject.java:422) [?:1.8.0_322]
	at org.apache.hadoop.security.UserGroupInformation.doAs(UserGroupInformation.java:1878) [hadoop-common-3.3.1.jar:?]
	at org.apache.hadoop.ipc.Server$Handler.run(Server.java:2966) [hadoop-common-3.3.1.jar:?]
01:53:59.245 [IPC Server handler 4 on default port 40803] ERROR OMAudit - user=runner | ip=127.0.0.1 | op=GET_FILE_STATUS {volume=volume85710, bucket=bucket48480, key=gdir1/dir8/child, dataSize=0, replicationConfig=null} | ret=FAILURE
org.apache.hadoop.ozone.om.exceptions.OMException: Unable to get file status: volume: volume85710 bucket: bucket48480 key: gdir1/dir8/child
	at org.apache.hadoop.ozone.om.KeyManagerImpl.getOzoneFileStatus(KeyManagerImpl.java:1280) ~[ozone-manager-1.3.0-SNAPSHOT.jar:?]
	at org.apache.hadoop.ozone.om.KeyManagerImpl.getFileStatus(KeyManagerImpl.java:1210) ~[ozone-manager-1.3.0-SNAPSHOT.jar:?]
	at org.apache.hadoop.ozone.om.OzoneManager.getFileStatus(OzoneManager.java:3009) ~[ozone-manager-1.3.0-SNAPSHOT.jar:?]
	at org.apache.hadoop.ozone.protocolPB.OzoneManagerRequestHandler.getOzoneFileStatus(OzoneManagerRequestHandler.java:670) ~[ozone-manager-1.3.0-SNAPSHOT.jar:?]
	at org.apache.hadoop.ozone.protocolPB.OzoneManagerRequestHandler.handleReadRequest(OzoneManagerRequestHandler.java:201) ~[ozone-manager-1.3.0-SNAPSHOT.jar:?]
	at org.apache.hadoop.ozone.protocolPB.OzoneManagerProtocolServerSideTranslatorPB.submitReadRequestToOM(OzoneManagerProtocolServerSideTranslatorPB.java:213) ~[ozone-manager-1.3.0-SNAPSHOT.jar:?]
	at org.apache.hadoop.ozone.protocolPB.OzoneManagerProtocolServerSideTranslatorPB.processRequest(OzoneManagerProtocolServerSideTranslatorPB.java:174) ~[ozone-manager-1.3.0-SNAPSHOT.jar:?]
	at org.apache.hadoop.hdds.server.OzoneProtocolMessageDispatcher.processRequest(OzoneProtocolMessageDispatcher.java:87) [hdds-server-framework-1.3.0-SNAPSHOT.jar:?]
	at org.apache.hadoop.ozone.protocolPB.OzoneManagerProtocolServerSideTranslatorPB.submitRequest(OzoneManagerProtocolServerSideTranslatorPB.java:146) [ozone-manager-1.3.0-SNAPSHOT.jar:?]
	at org.apache.hadoop.ozone.protocol.proto.OzoneManagerProtocolProtos$OzoneManagerService$2.callBlockingMethod(OzoneManagerProtocolProtos.java) [ozone-interface-client-1.3.0-SNAPSHOT.jar:?]
	at org.apache.hadoop.ipc.ProtobufRpcEngine$Server.processCall(ProtobufRpcEngine.java:466) [hadoop-common-3.3.1.jar:?]
	at org.apache.hadoop.ipc.ProtobufRpcEngine2$Server$ProtoBufRpcInvoker.call(ProtobufRpcEngine2.java:574) [hadoop-common-3.3.1.jar:?]
	at org.apache.hadoop.ipc.ProtobufRpcEngine2$Server$ProtoBufRpcInvoker.call(ProtobufRpcEngine2.java:552) [hadoop-common-3.3.1.jar:?]
	at org.apache.hadoop.ipc.RPC$Server.call(RPC.java:1093) [hadoop-common-3.3.1.jar:?]
	at org.apache.hadoop.ipc.Server$RpcCall.run(Server.java:1035) [hadoop-common-3.3.1.jar:?]
	at org.apache.hadoop.ipc.Server$RpcCall.run(Server.java:963) [hadoop-common-3.3.1.jar:?]
	at java.security.AccessController.doPrivileged(Native Method) ~[?:1.8.0_322]
	at javax.security.auth.Subject.doAs(Subject.java:422) [?:1.8.0_322]
	at org.apache.hadoop.security.UserGroupInformation.doAs(UserGroupInformation.java:1878) [hadoop-common-3.3.1.jar:?]
	at org.apache.hadoop.ipc.Server$Handler.run(Server.java:2966) [hadoop-common-3.3.1.jar:?]
01:53:59.247 [IPC Server handler 3 on default port 40803] ERROR OMAudit - user=runner | ip=127.0.0.1 | op=GET_FILE_STATUS {volume=volume85710, bucket=bucket48480, key=gdir1/dir9, dataSize=0, replicationConfig=null} | ret=FAILURE
org.apache.hadoop.ozone.om.exceptions.OMException: Unable to get file status: volume: volume85710 bucket: bucket48480 key: gdir1/dir9
	at org.apache.hadoop.ozone.om.KeyManagerImpl.getOzoneFileStatus(KeyManagerImpl.java:1280) ~[ozone-manager-1.3.0-SNAPSHOT.jar:?]
	at org.apache.hadoop.ozone.om.KeyManagerImpl.getFileStatus(KeyManagerImpl.java:1210) ~[ozone-manager-1.3.0-SNAPSHOT.jar:?]
	at org.apache.hadoop.ozone.om.OzoneManager.getFileStatus(OzoneManager.java:3009) ~[ozone-manager-1.3.0-SNAPSHOT.jar:?]
	at org.apache.hadoop.ozone.protocolPB.OzoneManagerRequestHandler.getOzoneFileStatus(OzoneManagerRequestHandler.java:670) ~[ozone-manager-1.3.0-SNAPSHOT.jar:?]
	at org.apache.hadoop.ozone.protocolPB.OzoneManagerRequestHandler.handleReadRequest(OzoneManagerRequestHandler.java:201) ~[ozone-manager-1.3.0-SNAPSHOT.jar:?]
	at org.apache.hadoop.ozone.protocolPB.OzoneManagerProtocolServerSideTranslatorPB.submitReadRequestToOM(OzoneManagerProtocolServerSideTranslatorPB.java:213) ~[ozone-manager-1.3.0-SNAPSHOT.jar:?]
	at org.apache.hadoop.ozone.protocolPB.OzoneManagerProtocolServerSideTranslatorPB.processRequest(OzoneManagerProtocolServerSideTranslatorPB.java:174) ~[ozone-manager-1.3.0-SNAPSHOT.jar:?]
	at org.apache.hadoop.hdds.server.OzoneProtocolMessageDispatcher.processRequest(OzoneProtocolMessageDispatcher.java:87) [hdds-server-framework-1.3.0-SNAPSHOT.jar:?]
	at org.apache.hadoop.ozone.protocolPB.OzoneManagerProtocolServerSideTranslatorPB.submitRequest(OzoneManagerProtocolServerSideTranslatorPB.java:146) [ozone-manager-1.3.0-SNAPSHOT.jar:?]
	at org.apache.hadoop.ozone.protocol.proto.OzoneManagerProtocolProtos$OzoneManagerService$2.callBlockingMethod(OzoneManagerProtocolProtos.java) [ozone-interface-client-1.3.0-SNAPSHOT.jar:?]
	at org.apache.hadoop.ipc.ProtobufRpcEngine$Server.processCall(ProtobufRpcEngine.java:466) [hadoop-common-3.3.1.jar:?]
	at org.apache.hadoop.ipc.ProtobufRpcEngine2$Server$ProtoBufRpcInvoker.call(ProtobufRpcEngine2.java:574) [hadoop-common-3.3.1.jar:?]
	at org.apache.hadoop.ipc.ProtobufRpcEngine2$Server$ProtoBufRpcInvoker.call(ProtobufRpcEngine2.java:552) [hadoop-common-3.3.1.jar:?]
	at org.apache.hadoop.ipc.RPC$Server.call(RPC.java:1093) [hadoop-common-3.3.1.jar:?]
	at org.apache.hadoop.ipc.Server$RpcCall.run(Server.java:1035) [hadoop-common-3.3.1.jar:?]
	at org.apache.hadoop.ipc.Server$RpcCall.run(Server.java:963) [hadoop-common-3.3.1.jar:?]
	at java.security.AccessController.doPrivileged(Native Method) ~[?:1.8.0_322]
	at javax.security.auth.Subject.doAs(Subject.java:422) [?:1.8.0_322]
	at org.apache.hadoop.security.UserGroupInformation.doAs(UserGroupInformation.java:1878) [hadoop-common-3.3.1.jar:?]
	at org.apache.hadoop.ipc.Server$Handler.run(Server.java:2966) [hadoop-common-3.3.1.jar:?]
01:53:59.247 [IPC Server handler 6 on default port 40803] ERROR OMAudit - user=runner | ip=127.0.0.1 | op=GET_FILE_STATUS {volume=volume85710, bucket=bucket48480, key=gdir1/dir9/child, dataSize=0, replicationConfig=null} | ret=FAILURE
org.apache.hadoop.ozone.om.exceptions.OMException: Unable to get file status: volume: volume85710 bucket: bucket48480 key: gdir1/dir9/child
	at org.apache.hadoop.ozone.om.KeyManagerImpl.getOzoneFileStatus(KeyManagerImpl.java:1280) ~[ozone-manager-1.3.0-SNAPSHOT.jar:?]
	at org.apache.hadoop.ozone.om.KeyManagerImpl.getFileStatus(KeyManagerImpl.java:1210) ~[ozone-manager-1.3.0-SNAPSHOT.jar:?]
	at org.apache.hadoop.ozone.om.OzoneManager.getFileStatus(OzoneManager.java:3009) ~[ozone-manager-1.3.0-SNAPSHOT.jar:?]
	at org.apache.hadoop.ozone.protocolPB.OzoneManagerRequestHandler.getOzoneFileStatus(OzoneManagerRequestHandler.java:670) ~[ozone-manager-1.3.0-SNAPSHOT.jar:?]
	at org.apache.hadoop.ozone.protocolPB.OzoneManagerRequestHandler.handleReadRequest(OzoneManagerRequestHandler.java:201) ~[ozone-manager-1.3.0-SNAPSHOT.jar:?]
	at org.apache.hadoop.ozone.protocolPB.OzoneManagerProtocolServerSideTranslatorPB.submitReadRequestToOM(OzoneManagerProtocolServerSideTranslatorPB.java:213) ~[ozone-manager-1.3.0-SNAPSHOT.jar:?]
	at org.apache.hadoop.ozone.protocolPB.OzoneManagerProtocolServerSideTranslatorPB.processRequest(OzoneManagerProtocolServerSideTranslatorPB.java:174) ~[ozone-manager-1.3.0-SNAPSHOT.jar:?]
	at org.apache.hadoop.hdds.server.OzoneProtocolMessageDispatcher.processRequest(OzoneProtocolMessageDispatcher.java:87) [hdds-server-framework-1.3.0-SNAPSHOT.jar:?]
	at org.apache.hadoop.ozone.protocolPB.OzoneManagerProtocolServerSideTranslatorPB.submitRequest(OzoneManagerProtocolServerSideTranslatorPB.java:146) [ozone-manager-1.3.0-SNAPSHOT.jar:?]
	at org.apache.hadoop.ozone.protocol.proto.OzoneManagerProtocolProtos$OzoneManagerService$2.callBlockingMethod(OzoneManagerProtocolProtos.java) [ozone-interface-client-1.3.0-SNAPSHOT.jar:?]
	at org.apache.hadoop.ipc.ProtobufRpcEngine$Server.processCall(ProtobufRpcEngine.java:466) [hadoop-common-3.3.1.jar:?]
	at org.apache.hadoop.ipc.ProtobufRpcEngine2$Server$ProtoBufRpcInvoker.call(ProtobufRpcEngine2.java:574) [hadoop-common-3.3.1.jar:?]
	at org.apache.hadoop.ipc.ProtobufRpcEngine2$Server$ProtoBufRpcInvoker.call(ProtobufRpcEngine2.java:552) [hadoop-common-3.3.1.jar:?]
	at org.apache.hadoop.ipc.RPC$Server.call(RPC.java:1093) [hadoop-common-3.3.1.jar:?]
	at org.apache.hadoop.ipc.Server$RpcCall.run(Server.java:1035) [hadoop-common-3.3.1.jar:?]
	at org.apache.hadoop.ipc.Server$RpcCall.run(Server.java:963) [hadoop-common-3.3.1.jar:?]
	at java.security.AccessController.doPrivileged(Native Method) ~[?:1.8.0_322]
	at javax.security.auth.Subject.doAs(Subject.java:422) [?:1.8.0_322]
	at org.apache.hadoop.security.UserGroupInformation.doAs(UserGroupInformation.java:1878) [hadoop-common-3.3.1.jar:?]
	at org.apache.hadoop.ipc.Server$Handler.run(Server.java:2966) [hadoop-common-3.3.1.jar:?]
01:53:59.248 [IPC Server handler 7 on default port 40803] ERROR OMAudit - user=runner | ip=127.0.0.1 | op=GET_FILE_STATUS {volume=volume85710, bucket=bucket48480, key=gdir1/dir10, dataSize=0, replicationConfig=null} | ret=FAILURE
org.apache.hadoop.ozone.om.exceptions.OMException: Unable to get file status: volume: volume85710 bucket: bucket48480 key: gdir1/dir10
	at org.apache.hadoop.ozone.om.KeyManagerImpl.getOzoneFileStatus(KeyManagerImpl.java:1280) ~[ozone-manager-1.3.0-SNAPSHOT.jar:?]
	at org.apache.hadoop.ozone.om.KeyManagerImpl.getFileStatus(KeyManagerImpl.java:1210) ~[ozone-manager-1.3.0-SNAPSHOT.jar:?]
	at org.apache.hadoop.ozone.om.OzoneManager.getFileStatus(OzoneManager.java:3009) ~[ozone-manager-1.3.0-SNAPSHOT.jar:?]
	at org.apache.hadoop.ozone.protocolPB.OzoneManagerRequestHandler.getOzoneFileStatus(OzoneManagerRequestHandler.java:670) ~[ozone-manager-1.3.0-SNAPSHOT.jar:?]
	at org.apache.hadoop.ozone.protocolPB.OzoneManagerRequestHandler.handleReadRequest(OzoneManagerRequestHandler.java:201) ~[ozone-manager-1.3.0-SNAPSHOT.jar:?]
	at org.apache.hadoop.ozone.protocolPB.OzoneManagerProtocolServerSideTranslatorPB.submitReadRequestToOM(OzoneManagerProtocolServerSideTranslatorPB.java:213) ~[ozone-manager-1.3.0-SNAPSHOT.jar:?]
	at org.apache.hadoop.ozone.protocolPB.OzoneManagerProtocolServerSideTranslatorPB.processRequest(OzoneManagerProtocolServerSideTranslatorPB.java:174) ~[ozone-manager-1.3.0-SNAPSHOT.jar:?]
	at org.apache.hadoop.hdds.server.OzoneProtocolMessageDispatcher.processRequest(OzoneProtocolMessageDispatcher.java:87) [hdds-server-framework-1.3.0-SNAPSHOT.jar:?]
	at org.apache.hadoop.ozone.protocolPB.OzoneManagerProtocolServerSideTranslatorPB.submitRequest(OzoneManagerProtocolServerSideTranslatorPB.java:146) [ozone-manager-1.3.0-SNAPSHOT.jar:?]
	at org.apache.hadoop.ozone.protocol.proto.OzoneManagerProtocolProtos$OzoneManagerService$2.callBlockingMethod(OzoneManagerProtocolProtos.java) [ozone-interface-client-1.3.0-SNAPSHOT.jar:?]
	at org.apache.hadoop.ipc.ProtobufRpcEngine$Server.processCall(ProtobufRpcEngine.java:466) [hadoop-common-3.3.1.jar:?]
	at org.apache.hadoop.ipc.ProtobufRpcEngine2$Server$ProtoBufRpcInvoker.call(ProtobufRpcEngine2.java:574) [hadoop-common-3.3.1.jar:?]
	at org.apache.hadoop.ipc.ProtobufRpcEngine2$Server$ProtoBufRpcInvoker.call(ProtobufRpcEngine2.java:552) [hadoop-common-3.3.1.jar:?]
	at org.apache.hadoop.ipc.RPC$Server.call(RPC.java:1093) [hadoop-common-3.3.1.jar:?]
	at org.apache.hadoop.ipc.Server$RpcCall.run(Server.java:1035) [hadoop-common-3.3.1.jar:?]
	at org.apache.hadoop.ipc.Server$RpcCall.run(Server.java:963) [hadoop-common-3.3.1.jar:?]
	at java.security.AccessController.doPrivileged(Native Method) ~[?:1.8.0_322]
	at javax.security.auth.Subject.doAs(Subject.java:422) [?:1.8.0_322]
	at org.apache.hadoop.security.UserGroupInformation.doAs(UserGroupInformation.java:1878) [hadoop-common-3.3.1.jar:?]
	at org.apache.hadoop.ipc.Server$Handler.run(Server.java:2966) [hadoop-common-3.3.1.jar:?]
01:53:59.249 [IPC Server handler 10 on default port 40803] ERROR OMAudit - user=runner | ip=127.0.0.1 | op=GET_FILE_STATUS {volume=volume85710, bucket=bucket48480, key=gdir1/dir10/child, dataSize=0, replicationConfig=null} | ret=FAILURE
org.apache.hadoop.ozone.om.exceptions.OMException: Unable to get file status: volume: volume85710 bucket: bucket48480 key: gdir1/dir10/child
	at org.apache.hadoop.ozone.om.KeyManagerImpl.getOzoneFileStatus(KeyManagerImpl.java:1280) ~[ozone-manager-1.3.0-SNAPSHOT.jar:?]
	at org.apache.hadoop.ozone.om.KeyManagerImpl.getFileStatus(KeyManagerImpl.java:1210) ~[ozone-manager-1.3.0-SNAPSHOT.jar:?]
	at org.apache.hadoop.ozone.om.OzoneManager.getFileStatus(OzoneManager.java:3009) ~[ozone-manager-1.3.0-SNAPSHOT.jar:?]
	at org.apache.hadoop.ozone.protocolPB.OzoneManagerRequestHandler.getOzoneFileStatus(OzoneManagerRequestHandler.java:670) ~[ozone-manager-1.3.0-SNAPSHOT.jar:?]
	at org.apache.hadoop.ozone.protocolPB.OzoneManagerRequestHandler.handleReadRequest(OzoneManagerRequestHandler.java:201) ~[ozone-manager-1.3.0-SNAPSHOT.jar:?]
	at org.apache.hadoop.ozone.protocolPB.OzoneManagerProtocolServerSideTranslatorPB.submitReadRequestToOM(OzoneManagerProtocolServerSideTranslatorPB.java:213) ~[ozone-manager-1.3.0-SNAPSHOT.jar:?]
	at org.apache.hadoop.ozone.protocolPB.OzoneManagerProtocolServerSideTranslatorPB.processRequest(OzoneManagerProtocolServerSideTranslatorPB.java:174) ~[ozone-manager-1.3.0-SNAPSHOT.jar:?]
	at org.apache.hadoop.hdds.server.OzoneProtocolMessageDispatcher.processRequest(OzoneProtocolMessageDispatcher.java:87) [hdds-server-framework-1.3.0-SNAPSHOT.jar:?]
	at org.apache.hadoop.ozone.protocolPB.OzoneManagerProtocolServerSideTranslatorPB.submitRequest(OzoneManagerProtocolServerSideTranslatorPB.java:146) [ozone-manager-1.3.0-SNAPSHOT.jar:?]
	at org.apache.hadoop.ozone.protocol.proto.OzoneManagerProtocolProtos$OzoneManagerService$2.callBlockingMethod(OzoneManagerProtocolProtos.java) [ozone-interface-client-1.3.0-SNAPSHOT.jar:?]
	at org.apache.hadoop.ipc.ProtobufRpcEngine$Server.processCall(ProtobufRpcEngine.java:466) [hadoop-common-3.3.1.jar:?]
	at org.apache.hadoop.ipc.ProtobufRpcEngine2$Server$ProtoBufRpcInvoker.call(ProtobufRpcEngine2.java:574) [hadoop-common-3.3.1.jar:?]
	at org.apache.hadoop.ipc.ProtobufRpcEngine2$Server$ProtoBufRpcInvoker.call(ProtobufRpcEngine2.java:552) [hadoop-common-3.3.1.jar:?]
	at org.apache.hadoop.ipc.RPC$Server.call(RPC.java:1093) [hadoop-common-3.3.1.jar:?]
	at org.apache.hadoop.ipc.Server$RpcCall.run(Server.java:1035) [hadoop-common-3.3.1.jar:?]
	at org.apache.hadoop.ipc.Server$RpcCall.run(Server.java:963) [hadoop-common-3.3.1.jar:?]
	at java.security.AccessController.doPrivileged(Native Method) ~[?:1.8.0_322]
	at javax.security.auth.Subject.doAs(Subject.java:422) [?:1.8.0_322]
	at org.apache.hadoop.security.UserGroupInformation.doAs(UserGroupInformation.java:1878) [hadoop-common-3.3.1.jar:?]
	at org.apache.hadoop.ipc.Server$Handler.run(Server.java:2966) [hadoop-common-3.3.1.jar:?]
01:53:59.357 [IPC Server handler 0 on default port 40803] ERROR OMAudit - user=runner | ip=127.0.0.1 | op=GET_FILE_STATUS {volume=volume85710, bucket=bucket48480, key=level0, dataSize=0, replicationConfig=null} | ret=FAILURE
org.apache.hadoop.ozone.om.exceptions.OMException: Unable to get file status: volume: volume85710 bucket: bucket48480 key: level0
	at org.apache.hadoop.ozone.om.KeyManagerImpl.getOzoneFileStatus(KeyManagerImpl.java:1280) ~[ozone-manager-1.3.0-SNAPSHOT.jar:?]
	at org.apache.hadoop.ozone.om.KeyManagerImpl.getFileStatus(KeyManagerImpl.java:1210) ~[ozone-manager-1.3.0-SNAPSHOT.jar:?]
	at org.apache.hadoop.ozone.om.OzoneManager.getFileStatus(OzoneManager.java:3009) ~[ozone-manager-1.3.0-SNAPSHOT.jar:?]
	at org.apache.hadoop.ozone.protocolPB.OzoneManagerRequestHandler.getOzoneFileStatus(OzoneManagerRequestHandler.java:670) ~[ozone-manager-1.3.0-SNAPSHOT.jar:?]
	at org.apache.hadoop.ozone.protocolPB.OzoneManagerRequestHandler.handleReadRequest(OzoneManagerRequestHandler.java:201) ~[ozone-manager-1.3.0-SNAPSHOT.jar:?]
	at org.apache.hadoop.ozone.protocolPB.OzoneManagerProtocolServerSideTranslatorPB.submitReadRequestToOM(OzoneManagerProtocolServerSideTranslatorPB.java:213) ~[ozone-manager-1.3.0-SNAPSHOT.jar:?]
	at org.apache.hadoop.ozone.protocolPB.OzoneManagerProtocolServerSideTranslatorPB.processRequest(OzoneManagerProtocolServerSideTranslatorPB.java:174) ~[ozone-manager-1.3.0-SNAPSHOT.jar:?]
	at org.apache.hadoop.hdds.server.OzoneProtocolMessageDispatcher.processRequest(OzoneProtocolMessageDispatcher.java:87) [hdds-server-framework-1.3.0-SNAPSHOT.jar:?]
	at org.apache.hadoop.ozone.protocolPB.OzoneManagerProtocolServerSideTranslatorPB.submitRequest(OzoneManagerProtocolServerSideTranslatorPB.java:146) [ozone-manager-1.3.0-SNAPSHOT.jar:?]
	at org.apache.hadoop.ozone.protocol.proto.OzoneManagerProtocolProtos$OzoneManagerService$2.callBlockingMethod(OzoneManagerProtocolProtos.java) [ozone-interface-client-1.3.0-SNAPSHOT.jar:?]
	at org.apache.hadoop.ipc.ProtobufRpcEngine$Server.processCall(ProtobufRpcEngine.java:466) [hadoop-common-3.3.1.jar:?]
	at org.apache.hadoop.ipc.ProtobufRpcEngine2$Server$ProtoBufRpcInvoker.call(ProtobufRpcEngine2.java:574) [hadoop-common-3.3.1.jar:?]
	at org.apache.hadoop.ipc.ProtobufRpcEngine2$Server$ProtoBufRpcInvoker.call(ProtobufRpcEngine2.java:552) [hadoop-common-3.3.1.jar:?]
	at org.apache.hadoop.ipc.RPC$Server.call(RPC.java:1093) [hadoop-common-3.3.1.jar:?]
	at org.apache.hadoop.ipc.Server$RpcCall.run(Server.java:1035) [hadoop-common-3.3.1.jar:?]
	at org.apache.hadoop.ipc.Server$RpcCall.run(Server.java:963) [hadoop-common-3.3.1.jar:?]
	at java.security.AccessController.doPrivileged(Native Method) ~[?:1.8.0_322]
	at javax.security.auth.Subject.doAs(Subject.java:422) [?:1.8.0_322]
	at org.apache.hadoop.security.UserGroupInformation.doAs(UserGroupInformation.java:1878) [hadoop-common-3.3.1.jar:?]
	at org.apache.hadoop.ipc.Server$Handler.run(Server.java:2966) [hadoop-common-3.3.1.jar:?]
01:53:59.358 [IPC Server handler 5 on default port 40803] ERROR OMAudit - user=runner | ip=127.0.0.1 | op=GET_FILE_STATUS {volume=volume85710, bucket=bucket48480, key=level0/level1, dataSize=0, replicationConfig=null} | ret=FAILURE
org.apache.hadoop.ozone.om.exceptions.OMException: Unable to get file status: volume: volume85710 bucket: bucket48480 key: level0/level1
	at org.apache.hadoop.ozone.om.KeyManagerImpl.getOzoneFileStatus(KeyManagerImpl.java:1280) ~[ozone-manager-1.3.0-SNAPSHOT.jar:?]
	at org.apache.hadoop.ozone.om.KeyManagerImpl.getFileStatus(KeyManagerImpl.java:1210) ~[ozone-manager-1.3.0-SNAPSHOT.jar:?]
	at org.apache.hadoop.ozone.om.OzoneManager.getFileStatus(OzoneManager.java:3009) ~[ozone-manager-1.3.0-SNAPSHOT.jar:?]
	at org.apache.hadoop.ozone.protocolPB.OzoneManagerRequestHandler.getOzoneFileStatus(OzoneManagerRequestHandler.java:670) ~[ozone-manager-1.3.0-SNAPSHOT.jar:?]
	at org.apache.hadoop.ozone.protocolPB.OzoneManagerRequestHandler.handleReadRequest(OzoneManagerRequestHandler.java:201) ~[ozone-manager-1.3.0-SNAPSHOT.jar:?]
	at org.apache.hadoop.ozone.protocolPB.OzoneManagerProtocolServerSideTranslatorPB.submitReadRequestToOM(OzoneManagerProtocolServerSideTranslatorPB.java:213) ~[ozone-manager-1.3.0-SNAPSHOT.jar:?]
	at org.apache.hadoop.ozone.protocolPB.OzoneManagerProtocolServerSideTranslatorPB.processRequest(OzoneManagerProtocolServerSideTranslatorPB.java:174) ~[ozone-manager-1.3.0-SNAPSHOT.jar:?]
	at org.apache.hadoop.hdds.server.OzoneProtocolMessageDispatcher.processRequest(OzoneProtocolMessageDispatcher.java:87) [hdds-server-framework-1.3.0-SNAPSHOT.jar:?]
	at org.apache.hadoop.ozone.protocolPB.OzoneManagerProtocolServerSideTranslatorPB.submitRequest(OzoneManagerProtocolServerSideTranslatorPB.java:146) [ozone-manager-1.3.0-SNAPSHOT.jar:?]
	at org.apache.hadoop.ozone.protocol.proto.OzoneManagerProtocolProtos$OzoneManagerService$2.callBlockingMethod(OzoneManagerProtocolProtos.java) [ozone-interface-client-1.3.0-SNAPSHOT.jar:?]
	at org.apache.hadoop.ipc.ProtobufRpcEngine$Server.processCall(ProtobufRpcEngine.java:466) [hadoop-common-3.3.1.jar:?]
	at org.apache.hadoop.ipc.ProtobufRpcEngine2$Server$ProtoBufRpcInvoker.call(ProtobufRpcEngine2.java:574) [hadoop-common-3.3.1.jar:?]
	at org.apache.hadoop.ipc.ProtobufRpcEngine2$Server$ProtoBufRpcInvoker.call(ProtobufRpcEngine2.java:552) [hadoop-common-3.3.1.jar:?]
	at org.apache.hadoop.ipc.RPC$Server.call(RPC.java:1093) [hadoop-common-3.3.1.jar:?]
	at org.apache.hadoop.ipc.Server$RpcCall.run(Server.java:1035) [hadoop-common-3.3.1.jar:?]
	at org.apache.hadoop.ipc.Server$RpcCall.run(Server.java:963) [hadoop-common-3.3.1.jar:?]
	at java.security.AccessController.doPrivileged(Native Method) ~[?:1.8.0_322]
	at javax.security.auth.Subject.doAs(Subject.java:422) [?:1.8.0_322]
	at org.apache.hadoop.security.UserGroupInformation.doAs(UserGroupInformation.java:1878) [hadoop-common-3.3.1.jar:?]
	at org.apache.hadoop.ipc.Server$Handler.run(Server.java:2966) [hadoop-common-3.3.1.jar:?]
01:53:59.359 [IPC Server handler 4 on default port 40803] ERROR OMAudit - user=runner | ip=127.0.0.1 | op=GET_FILE_STATUS {volume=volume85710, bucket=bucket48480, key=level0/level1/level1, dataSize=0, replicationConfig=null} | ret=FAILURE
org.apache.hadoop.ozone.om.exceptions.OMException: Unable to get file status: volume: volume85710 bucket: bucket48480 key: level0/level1/level1
	at org.apache.hadoop.ozone.om.KeyManagerImpl.getOzoneFileStatus(KeyManagerImpl.java:1280) ~[ozone-manager-1.3.0-SNAPSHOT.jar:?]
	at org.apache.hadoop.ozone.om.KeyManagerImpl.getFileStatus(KeyManagerImpl.java:1210) ~[ozone-manager-1.3.0-SNAPSHOT.jar:?]
	at org.apache.hadoop.ozone.om.OzoneManager.getFileStatus(OzoneManager.java:3009) ~[ozone-manager-1.3.0-SNAPSHOT.jar:?]
	at org.apache.hadoop.ozone.protocolPB.OzoneManagerRequestHandler.getOzoneFileStatus(OzoneManagerRequestHandler.java:670) ~[ozone-manager-1.3.0-SNAPSHOT.jar:?]
	at org.apache.hadoop.ozone.protocolPB.OzoneManagerRequestHandler.handleReadRequest(OzoneManagerRequestHandler.java:201) ~[ozone-manager-1.3.0-SNAPSHOT.jar:?]
	at org.apache.hadoop.ozone.protocolPB.OzoneManagerProtocolServerSideTranslatorPB.submitReadRequestToOM(OzoneManagerProtocolServerSideTranslatorPB.java:213) ~[ozone-manager-1.3.0-SNAPSHOT.jar:?]
	at org.apache.hadoop.ozone.protocolPB.OzoneManagerProtocolServerSideTranslatorPB.processRequest(OzoneManagerProtocolServerSideTranslatorPB.java:174) ~[ozone-manager-1.3.0-SNAPSHOT.jar:?]
	at org.apache.hadoop.hdds.server.OzoneProtocolMessageDispatcher.processRequest(OzoneProtocolMessageDispatcher.java:87) [hdds-server-framework-1.3.0-SNAPSHOT.jar:?]
	at org.apache.hadoop.ozone.protocolPB.OzoneManagerProtocolServerSideTranslatorPB.submitRequest(OzoneManagerProtocolServerSideTranslatorPB.java:146) [ozone-manager-1.3.0-SNAPSHOT.jar:?]
	at org.apache.hadoop.ozone.protocol.proto.OzoneManagerProtocolProtos$OzoneManagerService$2.callBlockingMethod(OzoneManagerProtocolProtos.java) [ozone-interface-client-1.3.0-SNAPSHOT.jar:?]
	at org.apache.hadoop.ipc.ProtobufRpcEngine$Server.processCall(ProtobufRpcEngine.java:466) [hadoop-common-3.3.1.jar:?]
	at org.apache.hadoop.ipc.ProtobufRpcEngine2$Server$ProtoBufRpcInvoker.call(ProtobufRpcEngine2.java:574) [hadoop-common-3.3.1.jar:?]
	at org.apache.hadoop.ipc.ProtobufRpcEngine2$Server$ProtoBufRpcInvoker.call(ProtobufRpcEngine2.java:552) [hadoop-common-3.3.1.jar:?]
	at org.apache.hadoop.ipc.RPC$Server.call(RPC.java:1093) [hadoop-common-3.3.1.jar:?]
	at org.apache.hadoop.ipc.Server$RpcCall.run(Server.java:1035) [hadoop-common-3.3.1.jar:?]
	at org.apache.hadoop.ipc.Server$RpcCall.run(Server.java:963) [hadoop-common-3.3.1.jar:?]
	at java.security.AccessController.doPrivileged(Native Method) ~[?:1.8.0_322]
	at javax.security.auth.Subject.doAs(Subject.java:422) [?:1.8.0_322]
	at org.apache.hadoop.security.UserGroupInformation.doAs(UserGroupInformation.java:1878) [hadoop-common-3.3.1.jar:?]
	at org.apache.hadoop.ipc.Server$Handler.run(Server.java:2966) [hadoop-common-3.3.1.jar:?]
01:53:59.359 [IPC Server handler 3 on default port 40803] ERROR OMAudit - user=runner | ip=127.0.0.1 | op=GET_FILE_STATUS {volume=volume85710, bucket=bucket48480, key=level0/level1/file1, dataSize=0, replicationConfig=null} | ret=FAILURE
org.apache.hadoop.ozone.om.exceptions.OMException: Unable to get file status: volume: volume85710 bucket: bucket48480 key: level0/level1/file1
	at org.apache.hadoop.ozone.om.KeyManagerImpl.getOzoneFileStatus(KeyManagerImpl.java:1280) ~[ozone-manager-1.3.0-SNAPSHOT.jar:?]
	at org.apache.hadoop.ozone.om.KeyManagerImpl.getFileStatus(KeyManagerImpl.java:1210) ~[ozone-manager-1.3.0-SNAPSHOT.jar:?]
	at org.apache.hadoop.ozone.om.OzoneManager.getFileStatus(OzoneManager.java:3009) ~[ozone-manager-1.3.0-SNAPSHOT.jar:?]
	at org.apache.hadoop.ozone.protocolPB.OzoneManagerRequestHandler.getOzoneFileStatus(OzoneManagerRequestHandler.java:670) ~[ozone-manager-1.3.0-SNAPSHOT.jar:?]
	at org.apache.hadoop.ozone.protocolPB.OzoneManagerRequestHandler.handleReadRequest(OzoneManagerRequestHandler.java:201) ~[ozone-manager-1.3.0-SNAPSHOT.jar:?]
	at org.apache.hadoop.ozone.protocolPB.OzoneManagerProtocolServerSideTranslatorPB.submitReadRequestToOM(OzoneManagerProtocolServerSideTranslatorPB.java:213) ~[ozone-manager-1.3.0-SNAPSHOT.jar:?]
	at org.apache.hadoop.ozone.protocolPB.OzoneManagerProtocolServerSideTranslatorPB.processRequest(OzoneManagerProtocolServerSideTranslatorPB.java:174) ~[ozone-manager-1.3.0-SNAPSHOT.jar:?]
	at org.apache.hadoop.hdds.server.OzoneProtocolMessageDispatcher.processRequest(OzoneProtocolMessageDispatcher.java:87) [hdds-server-framework-1.3.0-SNAPSHOT.jar:?]
	at org.apache.hadoop.ozone.protocolPB.OzoneManagerProtocolServerSideTranslatorPB.submitRequest(OzoneManagerProtocolServerSideTranslatorPB.java:146) [ozone-manager-1.3.0-SNAPSHOT.jar:?]
	at org.apache.hadoop.ozone.protocol.proto.OzoneManagerProtocolProtos$OzoneManagerService$2.callBlockingMethod(OzoneManagerProtocolProtos.java) [ozone-interface-client-1.3.0-SNAPSHOT.jar:?]
	at org.apache.hadoop.ipc.ProtobufRpcEngine$Server.processCall(ProtobufRpcEngine.java:466) [hadoop-common-3.3.1.jar:?]
	at org.apache.hadoop.ipc.ProtobufRpcEngine2$Server$ProtoBufRpcInvoker.call(ProtobufRpcEngine2.java:574) [hadoop-common-3.3.1.jar:?]
	at org.apache.hadoop.ipc.ProtobufRpcEngine2$Server$ProtoBufRpcInvoker.call(ProtobufRpcEngine2.java:552) [hadoop-common-3.3.1.jar:?]
	at org.apache.hadoop.ipc.RPC$Server.call(RPC.java:1093) [hadoop-common-3.3.1.jar:?]
	at org.apache.hadoop.ipc.Server$RpcCall.run(Server.java:1035) [hadoop-common-3.3.1.jar:?]
	at org.apache.hadoop.ipc.Server$RpcCall.run(Server.java:963) [hadoop-common-3.3.1.jar:?]
	at java.security.AccessController.doPrivileged(Native Method) ~[?:1.8.0_322]
	at javax.security.auth.Subject.doAs(Subject.java:422) [?:1.8.0_322]
	at org.apache.hadoop.security.UserGroupInformation.doAs(UserGroupInformation.java:1878) [hadoop-common-3.3.1.jar:?]
	at org.apache.hadoop.ipc.Server$Handler.run(Server.java:2966) [hadoop-common-3.3.1.jar:?]
01:53:59.360 [IPC Server handler 6 on default port 40803] ERROR OMAudit - user=runner | ip=127.0.0.1 | op=GET_FILE_STATUS {volume=volume85710, bucket=bucket48480, key=level0/level1/level1/file1, dataSize=0, replicationConfig=null} | ret=FAILURE
org.apache.hadoop.ozone.om.exceptions.OMException: Unable to get file status: volume: volume85710 bucket: bucket48480 key: level0/level1/level1/file1
	at org.apache.hadoop.ozone.om.KeyManagerImpl.getOzoneFileStatus(KeyManagerImpl.java:1280) ~[ozone-manager-1.3.0-SNAPSHOT.jar:?]
	at org.apache.hadoop.ozone.om.KeyManagerImpl.getFileStatus(KeyManagerImpl.java:1210) ~[ozone-manager-1.3.0-SNAPSHOT.jar:?]
	at org.apache.hadoop.ozone.om.OzoneManager.getFileStatus(OzoneManager.java:3009) ~[ozone-manager-1.3.0-SNAPSHOT.jar:?]
	at org.apache.hadoop.ozone.protocolPB.OzoneManagerRequestHandler.getOzoneFileStatus(OzoneManagerRequestHandler.java:670) ~[ozone-manager-1.3.0-SNAPSHOT.jar:?]
	at org.apache.hadoop.ozone.protocolPB.OzoneManagerRequestHandler.handleReadRequest(OzoneManagerRequestHandler.java:201) ~[ozone-manager-1.3.0-SNAPSHOT.jar:?]
	at org.apache.hadoop.ozone.protocolPB.OzoneManagerProtocolServerSideTranslatorPB.submitReadRequestToOM(OzoneManagerProtocolServerSideTranslatorPB.java:213) ~[ozone-manager-1.3.0-SNAPSHOT.jar:?]
	at org.apache.hadoop.ozone.protocolPB.OzoneManagerProtocolServerSideTranslatorPB.processRequest(OzoneManagerProtocolServerSideTranslatorPB.java:174) ~[ozone-manager-1.3.0-SNAPSHOT.jar:?]
	at org.apache.hadoop.hdds.server.OzoneProtocolMessageDispatcher.processRequest(OzoneProtocolMessageDispatcher.java:87) [hdds-server-framework-1.3.0-SNAPSHOT.jar:?]
	at org.apache.hadoop.ozone.protocolPB.OzoneManagerProtocolServerSideTranslatorPB.submitRequest(OzoneManagerProtocolServerSideTranslatorPB.java:146) [ozone-manager-1.3.0-SNAPSHOT.jar:?]
	at org.apache.hadoop.ozone.protocol.proto.OzoneManagerProtocolProtos$OzoneManagerService$2.callBlockingMethod(OzoneManagerProtocolProtos.java) [ozone-interface-client-1.3.0-SNAPSHOT.jar:?]
	at org.apache.hadoop.ipc.ProtobufRpcEngine$Server.processCall(ProtobufRpcEngine.java:466) [hadoop-common-3.3.1.jar:?]
	at org.apache.hadoop.ipc.ProtobufRpcEngine2$Server$ProtoBufRpcInvoker.call(ProtobufRpcEngine2.java:574) [hadoop-common-3.3.1.jar:?]
	at org.apache.hadoop.ipc.ProtobufRpcEngine2$Server$ProtoBufRpcInvoker.call(ProtobufRpcEngine2.java:552) [hadoop-common-3.3.1.jar:?]
	at org.apache.hadoop.ipc.RPC$Server.call(RPC.java:1093) [hadoop-common-3.3.1.jar:?]
	at org.apache.hadoop.ipc.Server$RpcCall.run(Server.java:1035) [hadoop-common-3.3.1.jar:?]
	at org.apache.hadoop.ipc.Server$RpcCall.run(Server.java:963) [hadoop-common-3.3.1.jar:?]
	at java.security.AccessController.doPrivileged(Native Method) ~[?:1.8.0_322]
	at javax.security.auth.Subject.doAs(Subject.java:422) [?:1.8.0_322]
	at org.apache.hadoop.security.UserGroupInformation.doAs(UserGroupInformation.java:1878) [hadoop-common-3.3.1.jar:?]
	at org.apache.hadoop.ipc.Server$Handler.run(Server.java:2966) [hadoop-common-3.3.1.jar:?]
01:53:59.361 [IPC Server handler 7 on default port 40803] ERROR OMAudit - user=runner | ip=127.0.0.1 | op=GET_FILE_STATUS {volume=volume85710, bucket=bucket48480, key=level0/level2, dataSize=0, replicationConfig=null} | ret=FAILURE
org.apache.hadoop.ozone.om.exceptions.OMException: Unable to get file status: volume: volume85710 bucket: bucket48480 key: level0/level2
	at org.apache.hadoop.ozone.om.KeyManagerImpl.getOzoneFileStatus(KeyManagerImpl.java:1280) ~[ozone-manager-1.3.0-SNAPSHOT.jar:?]
	at org.apache.hadoop.ozone.om.KeyManagerImpl.getFileStatus(KeyManagerImpl.java:1210) ~[ozone-manager-1.3.0-SNAPSHOT.jar:?]
	at org.apache.hadoop.ozone.om.OzoneManager.getFileStatus(OzoneManager.java:3009) ~[ozone-manager-1.3.0-SNAPSHOT.jar:?]
	at org.apache.hadoop.ozone.protocolPB.OzoneManagerRequestHandler.getOzoneFileStatus(OzoneManagerRequestHandler.java:670) ~[ozone-manager-1.3.0-SNAPSHOT.jar:?]
	at org.apache.hadoop.ozone.protocolPB.OzoneManagerRequestHandler.handleReadRequest(OzoneManagerRequestHandler.java:201) ~[ozone-manager-1.3.0-SNAPSHOT.jar:?]
	at org.apache.hadoop.ozone.protocolPB.OzoneManagerProtocolServerSideTranslatorPB.submitReadRequestToOM(OzoneManagerProtocolServerSideTranslatorPB.java:213) ~[ozone-manager-1.3.0-SNAPSHOT.jar:?]
	at org.apache.hadoop.ozone.protocolPB.OzoneManagerProtocolServerSideTranslatorPB.processRequest(OzoneManagerProtocolServerSideTranslatorPB.java:174) ~[ozone-manager-1.3.0-SNAPSHOT.jar:?]
	at org.apache.hadoop.hdds.server.OzoneProtocolMessageDispatcher.processRequest(OzoneProtocolMessageDispatcher.java:87) [hdds-server-framework-1.3.0-SNAPSHOT.jar:?]
	at org.apache.hadoop.ozone.protocolPB.OzoneManagerProtocolServerSideTranslatorPB.submitRequest(OzoneManagerProtocolServerSideTranslatorPB.java:146) [ozone-manager-1.3.0-SNAPSHOT.jar:?]
	at org.apache.hadoop.ozone.protocol.proto.OzoneManagerProtocolProtos$OzoneManagerService$2.callBlockingMethod(OzoneManagerProtocolProtos.java) [ozone-interface-client-1.3.0-SNAPSHOT.jar:?]
	at org.apache.hadoop.ipc.ProtobufRpcEngine$Server.processCall(ProtobufRpcEngine.java:466) [hadoop-common-3.3.1.jar:?]
	at org.apache.hadoop.ipc.ProtobufRpcEngine2$Server$ProtoBufRpcInvoker.call(ProtobufRpcEngine2.java:574) [hadoop-common-3.3.1.jar:?]
	at org.apache.hadoop.ipc.ProtobufRpcEngine2$Server$ProtoBufRpcInvoker.call(ProtobufRpcEngine2.java:552) [hadoop-common-3.3.1.jar:?]
	at org.apache.hadoop.ipc.RPC$Server.call(RPC.java:1093) [hadoop-common-3.3.1.jar:?]
	at org.apache.hadoop.ipc.Server$RpcCall.run(Server.java:1035) [hadoop-common-3.3.1.jar:?]
	at org.apache.hadoop.ipc.Server$RpcCall.run(Server.java:963) [hadoop-common-3.3.1.jar:?]
	at java.security.AccessController.doPrivileged(Native Method) ~[?:1.8.0_322]
	at javax.security.auth.Subject.doAs(Subject.java:422) [?:1.8.0_322]
	at org.apache.hadoop.security.UserGroupInformation.doAs(UserGroupInformation.java:1878) [hadoop-common-3.3.1.jar:?]
	at org.apache.hadoop.ipc.Server$Handler.run(Server.java:2966) [hadoop-common-3.3.1.jar:?]
01:53:59.362 [IPC Server handler 10 on default port 40803] ERROR OMAudit - user=runner | ip=127.0.0.1 | op=GET_FILE_STATUS {volume=volume85710, bucket=bucket48480, key=level0/level2/level2, dataSize=0, replicationConfig=null} | ret=FAILURE
org.apache.hadoop.ozone.om.exceptions.OMException: Unable to get file status: volume: volume85710 bucket: bucket48480 key: level0/level2/level2
	at org.apache.hadoop.ozone.om.KeyManagerImpl.getOzoneFileStatus(KeyManagerImpl.java:1280) ~[ozone-manager-1.3.0-SNAPSHOT.jar:?]
	at org.apache.hadoop.ozone.om.KeyManagerImpl.getFileStatus(KeyManagerImpl.java:1210) ~[ozone-manager-1.3.0-SNAPSHOT.jar:?]
	at org.apache.hadoop.ozone.om.OzoneManager.getFileStatus(OzoneManager.java:3009) ~[ozone-manager-1.3.0-SNAPSHOT.jar:?]
	at org.apache.hadoop.ozone.protocolPB.OzoneManagerRequestHandler.getOzoneFileStatus(OzoneManagerRequestHandler.java:670) ~[ozone-manager-1.3.0-SNAPSHOT.jar:?]
	at org.apache.hadoop.ozone.protocolPB.OzoneManagerRequestHandler.handleReadRequest(OzoneManagerRequestHandler.java:201) ~[ozone-manager-1.3.0-SNAPSHOT.jar:?]
	at org.apache.hadoop.ozone.protocolPB.OzoneManagerProtocolServerSideTranslatorPB.submitReadRequestToOM(OzoneManagerProtocolServerSideTranslatorPB.java:213) ~[ozone-manager-1.3.0-SNAPSHOT.jar:?]
	at org.apache.hadoop.ozone.protocolPB.OzoneManagerProtocolServerSideTranslatorPB.processRequest(OzoneManagerProtocolServerSideTranslatorPB.java:174) ~[ozone-manager-1.3.0-SNAPSHOT.jar:?]
	at org.apache.hadoop.hdds.server.OzoneProtocolMessageDispatcher.processRequest(OzoneProtocolMessageDispatcher.java:87) [hdds-server-framework-1.3.0-SNAPSHOT.jar:?]
	at org.apache.hadoop.ozone.protocolPB.OzoneManagerProtocolServerSideTranslatorPB.submitRequest(OzoneManagerProtocolServerSideTranslatorPB.java:146) [ozone-manager-1.3.0-SNAPSHOT.jar:?]
	at org.apache.hadoop.ozone.protocol.proto.OzoneManagerProtocolProtos$OzoneManagerService$2.callBlockingMethod(OzoneManagerProtocolProtos.java) [ozone-interface-client-1.3.0-SNAPSHOT.jar:?]
	at org.apache.hadoop.ipc.ProtobufRpcEngine$Server.processCall(ProtobufRpcEngine.java:466) [hadoop-common-3.3.1.jar:?]
	at org.apache.hadoop.ipc.ProtobufRpcEngine2$Server$ProtoBufRpcInvoker.call(ProtobufRpcEngine2.java:574) [hadoop-common-3.3.1.jar:?]
	at org.apache.hadoop.ipc.ProtobufRpcEngine2$Server$ProtoBufRpcInvoker.call(ProtobufRpcEngine2.java:552) [hadoop-common-3.3.1.jar:?]
	at org.apache.hadoop.ipc.RPC$Server.call(RPC.java:1093) [hadoop-common-3.3.1.jar:?]
	at org.apache.hadoop.ipc.Server$RpcCall.run(Server.java:1035) [hadoop-common-3.3.1.jar:?]
	at org.apache.hadoop.ipc.Server$RpcCall.run(Server.java:963) [hadoop-common-3.3.1.jar:?]
	at java.security.AccessController.doPrivileged(Native Method) ~[?:1.8.0_322]
	at javax.security.auth.Subject.doAs(Subject.java:422) [?:1.8.0_322]
	at org.apache.hadoop.security.UserGroupInformation.doAs(UserGroupInformation.java:1878) [hadoop-common-3.3.1.jar:?]
	at org.apache.hadoop.ipc.Server$Handler.run(Server.java:2966) [hadoop-common-3.3.1.jar:?]
01:53:59.362 [IPC Server handler 11 on default port 40803] ERROR OMAudit - user=runner | ip=127.0.0.1 | op=GET_FILE_STATUS {volume=volume85710, bucket=bucket48480, key=level0/level2/file1, dataSize=0, replicationConfig=null} | ret=FAILURE
org.apache.hadoop.ozone.om.exceptions.OMException: Unable to get file status: volume: volume85710 bucket: bucket48480 key: level0/level2/file1
	at org.apache.hadoop.ozone.om.KeyManagerImpl.getOzoneFileStatus(KeyManagerImpl.java:1280) ~[ozone-manager-1.3.0-SNAPSHOT.jar:?]
	at org.apache.hadoop.ozone.om.KeyManagerImpl.getFileStatus(KeyManagerImpl.java:1210) ~[ozone-manager-1.3.0-SNAPSHOT.jar:?]
	at org.apache.hadoop.ozone.om.OzoneManager.getFileStatus(OzoneManager.java:3009) ~[ozone-manager-1.3.0-SNAPSHOT.jar:?]
	at org.apache.hadoop.ozone.protocolPB.OzoneManagerRequestHandler.getOzoneFileStatus(OzoneManagerRequestHandler.java:670) ~[ozone-manager-1.3.0-SNAPSHOT.jar:?]
	at org.apache.hadoop.ozone.protocolPB.OzoneManagerRequestHandler.handleReadRequest(OzoneManagerRequestHandler.java:201) ~[ozone-manager-1.3.0-SNAPSHOT.jar:?]
	at org.apache.hadoop.ozone.protocolPB.OzoneManagerProtocolServerSideTranslatorPB.submitReadRequestToOM(OzoneManagerProtocolServerSideTranslatorPB.java:213) ~[ozone-manager-1.3.0-SNAPSHOT.jar:?]
	at org.apache.hadoop.ozone.protocolPB.OzoneManagerProtocolServerSideTranslatorPB.processRequest(OzoneManagerProtocolServerSideTranslatorPB.java:174) ~[ozone-manager-1.3.0-SNAPSHOT.jar:?]
	at org.apache.hadoop.hdds.server.OzoneProtocolMessageDispatcher.processRequest(OzoneProtocolMessageDispatcher.java:87) [hdds-server-framework-1.3.0-SNAPSHOT.jar:?]
	at org.apache.hadoop.ozone.protocolPB.OzoneManagerProtocolServerSideTranslatorPB.submitRequest(OzoneManagerProtocolServerSideTranslatorPB.java:146) [ozone-manager-1.3.0-SNAPSHOT.jar:?]
	at org.apache.hadoop.ozone.protocol.proto.OzoneManagerProtocolProtos$OzoneManagerService$2.callBlockingMethod(OzoneManagerProtocolProtos.java) [ozone-interface-client-1.3.0-SNAPSHOT.jar:?]
	at org.apache.hadoop.ipc.ProtobufRpcEngine$Server.processCall(ProtobufRpcEngine.java:466) [hadoop-common-3.3.1.jar:?]
	at org.apache.hadoop.ipc.ProtobufRpcEngine2$Server$ProtoBufRpcInvoker.call(ProtobufRpcEngine2.java:574) [hadoop-common-3.3.1.jar:?]
	at org.apache.hadoop.ipc.ProtobufRpcEngine2$Server$ProtoBufRpcInvoker.call(ProtobufRpcEngine2.java:552) [hadoop-common-3.3.1.jar:?]
	at org.apache.hadoop.ipc.RPC$Server.call(RPC.java:1093) [hadoop-common-3.3.1.jar:?]
	at org.apache.hadoop.ipc.Server$RpcCall.run(Server.java:1035) [hadoop-common-3.3.1.jar:?]
	at org.apache.hadoop.ipc.Server$RpcCall.run(Server.java:963) [hadoop-common-3.3.1.jar:?]
	at java.security.AccessController.doPrivileged(Native Method) ~[?:1.8.0_322]
	at javax.security.auth.Subject.doAs(Subject.java:422) [?:1.8.0_322]
	at org.apache.hadoop.security.UserGroupInformation.doAs(UserGroupInformation.java:1878) [hadoop-common-3.3.1.jar:?]
	at org.apache.hadoop.ipc.Server$Handler.run(Server.java:2966) [hadoop-common-3.3.1.jar:?]
01:53:59.363 [IPC Server handler 2 on default port 40803] ERROR OMAudit - user=runner | ip=127.0.0.1 | op=GET_FILE_STATUS {volume=volume85710, bucket=bucket48480, key=level0/level2/level2/file1, dataSize=0, replicationConfig=null} | ret=FAILURE
org.apache.hadoop.ozone.om.exceptions.OMException: Unable to get file status: volume: volume85710 bucket: bucket48480 key: level0/level2/level2/file1
	at org.apache.hadoop.ozone.om.KeyManagerImpl.getOzoneFileStatus(KeyManagerImpl.java:1280) ~[ozone-manager-1.3.0-SNAPSHOT.jar:?]
	at org.apache.hadoop.ozone.om.KeyManagerImpl.getFileStatus(KeyManagerImpl.java:1210) ~[ozone-manager-1.3.0-SNAPSHOT.jar:?]
	at org.apache.hadoop.ozone.om.OzoneManager.getFileStatus(OzoneManager.java:3009) ~[ozone-manager-1.3.0-SNAPSHOT.jar:?]
	at org.apache.hadoop.ozone.protocolPB.OzoneManagerRequestHandler.getOzoneFileStatus(OzoneManagerRequestHandler.java:670) ~[ozone-manager-1.3.0-SNAPSHOT.jar:?]
	at org.apache.hadoop.ozone.protocolPB.OzoneManagerRequestHandler.handleReadRequest(OzoneManagerRequestHandler.java:201) ~[ozone-manager-1.3.0-SNAPSHOT.jar:?]
	at org.apache.hadoop.ozone.protocolPB.OzoneManagerProtocolServerSideTranslatorPB.submitReadRequestToOM(OzoneManagerProtocolServerSideTranslatorPB.java:213) ~[ozone-manager-1.3.0-SNAPSHOT.jar:?]
	at org.apache.hadoop.ozone.protocolPB.OzoneManagerProtocolServerSideTranslatorPB.processRequest(OzoneManagerProtocolServerSideTranslatorPB.java:174) ~[ozone-manager-1.3.0-SNAPSHOT.jar:?]
	at org.apache.hadoop.hdds.server.OzoneProtocolMessageDispatcher.processRequest(OzoneProtocolMessageDispatcher.java:87) [hdds-server-framework-1.3.0-SNAPSHOT.jar:?]
	at org.apache.hadoop.ozone.protocolPB.OzoneManagerProtocolServerSideTranslatorPB.submitRequest(OzoneManagerProtocolServerSideTranslatorPB.java:146) [ozone-manager-1.3.0-SNAPSHOT.jar:?]
	at org.apache.hadoop.ozone.protocol.proto.OzoneManagerProtocolProtos$OzoneManagerService$2.callBlockingMethod(OzoneManagerProtocolProtos.java) [ozone-interface-client-1.3.0-SNAPSHOT.jar:?]
	at org.apache.hadoop.ipc.ProtobufRpcEngine$Server.processCall(ProtobufRpcEngine.java:466) [hadoop-common-3.3.1.jar:?]
	at org.apache.hadoop.ipc.ProtobufRpcEngine2$Server$ProtoBufRpcInvoker.call(ProtobufRpcEngine2.java:574) [hadoop-common-3.3.1.jar:?]
	at org.apache.hadoop.ipc.ProtobufRpcEngine2$Server$ProtoBufRpcInvoker.call(ProtobufRpcEngine2.java:552) [hadoop-common-3.3.1.jar:?]
	at org.apache.hadoop.ipc.RPC$Server.call(RPC.java:1093) [hadoop-common-3.3.1.jar:?]
	at org.apache.hadoop.ipc.Server$RpcCall.run(Server.java:1035) [hadoop-common-3.3.1.jar:?]
	at org.apache.hadoop.ipc.Server$RpcCall.run(Server.java:963) [hadoop-common-3.3.1.jar:?]
	at java.security.AccessController.doPrivileged(Native Method) ~[?:1.8.0_322]
	at javax.security.auth.Subject.doAs(Subject.java:422) [?:1.8.0_322]
	at org.apache.hadoop.security.UserGroupInformation.doAs(UserGroupInformation.java:1878) [hadoop-common-3.3.1.jar:?]
	at org.apache.hadoop.ipc.Server$Handler.run(Server.java:2966) [hadoop-common-3.3.1.jar:?]
01:53:59.363 [IPC Server handler 13 on default port 40803] ERROR OMAudit - user=runner | ip=127.0.0.1 | op=GET_FILE_STATUS {volume=volume85710, bucket=bucket48480, key=level0/level3, dataSize=0, replicationConfig=null} | ret=FAILURE
org.apache.hadoop.ozone.om.exceptions.OMException: Unable to get file status: volume: volume85710 bucket: bucket48480 key: level0/level3
	at org.apache.hadoop.ozone.om.KeyManagerImpl.getOzoneFileStatus(KeyManagerImpl.java:1280) ~[ozone-manager-1.3.0-SNAPSHOT.jar:?]
	at org.apache.hadoop.ozone.om.KeyManagerImpl.getFileStatus(KeyManagerImpl.java:1210) ~[ozone-manager-1.3.0-SNAPSHOT.jar:?]
	at org.apache.hadoop.ozone.om.OzoneManager.getFileStatus(OzoneManager.java:3009) ~[ozone-manager-1.3.0-SNAPSHOT.jar:?]
	at org.apache.hadoop.ozone.protocolPB.OzoneManagerRequestHandler.getOzoneFileStatus(OzoneManagerRequestHandler.java:670) ~[ozone-manager-1.3.0-SNAPSHOT.jar:?]
	at org.apache.hadoop.ozone.protocolPB.OzoneManagerRequestHandler.handleReadRequest(OzoneManagerRequestHandler.java:201) ~[ozone-manager-1.3.0-SNAPSHOT.jar:?]
	at org.apache.hadoop.ozone.protocolPB.OzoneManagerProtocolServerSideTranslatorPB.submitReadRequestToOM(OzoneManagerProtocolServerSideTranslatorPB.java:213) ~[ozone-manager-1.3.0-SNAPSHOT.jar:?]
	at org.apache.hadoop.ozone.protocolPB.OzoneManagerProtocolServerSideTranslatorPB.processRequest(OzoneManagerProtocolServerSideTranslatorPB.java:174) ~[ozone-manager-1.3.0-SNAPSHOT.jar:?]
	at org.apache.hadoop.hdds.server.OzoneProtocolMessageDispatcher.processRequest(OzoneProtocolMessageDispatcher.java:87) [hdds-server-framework-1.3.0-SNAPSHOT.jar:?]
	at org.apache.hadoop.ozone.protocolPB.OzoneManagerProtocolServerSideTranslatorPB.submitRequest(OzoneManagerProtocolServerSideTranslatorPB.java:146) [ozone-manager-1.3.0-SNAPSHOT.jar:?]
	at org.apache.hadoop.ozone.protocol.proto.OzoneManagerProtocolProtos$OzoneManagerService$2.callBlockingMethod(OzoneManagerProtocolProtos.java) [ozone-interface-client-1.3.0-SNAPSHOT.jar:?]
	at org.apache.hadoop.ipc.ProtobufRpcEngine$Server.processCall(ProtobufRpcEngine.java:466) [hadoop-common-3.3.1.jar:?]
	at org.apache.hadoop.ipc.ProtobufRpcEngine2$Server$ProtoBufRpcInvoker.call(ProtobufRpcEngine2.java:574) [hadoop-common-3.3.1.jar:?]
	at org.apache.hadoop.ipc.ProtobufRpcEngine2$Server$ProtoBufRpcInvoker.call(ProtobufRpcEngine2.java:552) [hadoop-common-3.3.1.jar:?]
	at org.apache.hadoop.ipc.RPC$Server.call(RPC.java:1093) [hadoop-common-3.3.1.jar:?]
	at org.apache.hadoop.ipc.Server$RpcCall.run(Server.java:1035) [hadoop-common-3.3.1.jar:?]
	at org.apache.hadoop.ipc.Server$RpcCall.run(Server.java:963) [hadoop-common-3.3.1.jar:?]
	at java.security.AccessController.doPrivileged(Native Method) ~[?:1.8.0_322]
	at javax.security.auth.Subject.doAs(Subject.java:422) [?:1.8.0_322]
	at org.apache.hadoop.security.UserGroupInformation.doAs(UserGroupInformation.java:1878) [hadoop-common-3.3.1.jar:?]
	at org.apache.hadoop.ipc.Server$Handler.run(Server.java:2966) [hadoop-common-3.3.1.jar:?]
01:53:59.364 [IPC Server handler 12 on default port 40803] ERROR OMAudit - user=runner | ip=127.0.0.1 | op=GET_FILE_STATUS {volume=volume85710, bucket=bucket48480, key=level0/level3/level3, dataSize=0, replicationConfig=null} | ret=FAILURE
org.apache.hadoop.ozone.om.exceptions.OMException: Unable to get file status: volume: volume85710 bucket: bucket48480 key: level0/level3/level3
	at org.apache.hadoop.ozone.om.KeyManagerImpl.getOzoneFileStatus(KeyManagerImpl.java:1280) ~[ozone-manager-1.3.0-SNAPSHOT.jar:?]
	at org.apache.hadoop.ozone.om.KeyManagerImpl.getFileStatus(KeyManagerImpl.java:1210) ~[ozone-manager-1.3.0-SNAPSHOT.jar:?]
	at org.apache.hadoop.ozone.om.OzoneManager.getFileStatus(OzoneManager.java:3009) ~[ozone-manager-1.3.0-SNAPSHOT.jar:?]
	at org.apache.hadoop.ozone.protocolPB.OzoneManagerRequestHandler.getOzoneFileStatus(OzoneManagerRequestHandler.java:670) ~[ozone-manager-1.3.0-SNAPSHOT.jar:?]
	at org.apache.hadoop.ozone.protocolPB.OzoneManagerRequestHandler.handleReadRequest(OzoneManagerRequestHandler.java:201) ~[ozone-manager-1.3.0-SNAPSHOT.jar:?]
	at org.apache.hadoop.ozone.protocolPB.OzoneManagerProtocolServerSideTranslatorPB.submitReadRequestToOM(OzoneManagerProtocolServerSideTranslatorPB.java:213) ~[ozone-manager-1.3.0-SNAPSHOT.jar:?]
	at org.apache.hadoop.ozone.protocolPB.OzoneManagerProtocolServerSideTranslatorPB.processRequest(OzoneManagerProtocolServerSideTranslatorPB.java:174) ~[ozone-manager-1.3.0-SNAPSHOT.jar:?]
	at org.apache.hadoop.hdds.server.OzoneProtocolMessageDispatcher.processRequest(OzoneProtocolMessageDispatcher.java:87) [hdds-server-framework-1.3.0-SNAPSHOT.jar:?]
	at org.apache.hadoop.ozone.protocolPB.OzoneManagerProtocolServerSideTranslatorPB.submitRequest(OzoneManagerProtocolServerSideTranslatorPB.java:146) [ozone-manager-1.3.0-SNAPSHOT.jar:?]
	at org.apache.hadoop.ozone.protocol.proto.OzoneManagerProtocolProtos$OzoneManagerService$2.callBlockingMethod(OzoneManagerProtocolProtos.java) [ozone-interface-client-1.3.0-SNAPSHOT.jar:?]
	at org.apache.hadoop.ipc.ProtobufRpcEngine$Server.processCall(ProtobufRpcEngine.java:466) [hadoop-common-3.3.1.jar:?]
	at org.apache.hadoop.ipc.ProtobufRpcEngine2$Server$ProtoBufRpcInvoker.call(ProtobufRpcEngine2.java:574) [hadoop-common-3.3.1.jar:?]
	at org.apache.hadoop.ipc.ProtobufRpcEngine2$Server$ProtoBufRpcInvoker.call(ProtobufRpcEngine2.java:552) [hadoop-common-3.3.1.jar:?]
	at org.apache.hadoop.ipc.RPC$Server.call(RPC.java:1093) [hadoop-common-3.3.1.jar:?]
	at org.apache.hadoop.ipc.Server$RpcCall.run(Server.java:1035) [hadoop-common-3.3.1.jar:?]
	at org.apache.hadoop.ipc.Server$RpcCall.run(Server.java:963) [hadoop-common-3.3.1.jar:?]
	at java.security.AccessController.doPrivileged(Native Method) ~[?:1.8.0_322]
	at javax.security.auth.Subject.doAs(Subject.java:422) [?:1.8.0_322]
	at org.apache.hadoop.security.UserGroupInformation.doAs(UserGroupInformation.java:1878) [hadoop-common-3.3.1.jar:?]
	at org.apache.hadoop.ipc.Server$Handler.run(Server.java:2966) [hadoop-common-3.3.1.jar:?]
01:53:59.364 [IPC Server handler 9 on default port 40803] ERROR OMAudit - user=runner | ip=127.0.0.1 | op=GET_FILE_STATUS {volume=volume85710, bucket=bucket48480, key=level0/level3/file1, dataSize=0, replicationConfig=null} | ret=FAILURE
org.apache.hadoop.ozone.om.exceptions.OMException: Unable to get file status: volume: volume85710 bucket: bucket48480 key: level0/level3/file1
	at org.apache.hadoop.ozone.om.KeyManagerImpl.getOzoneFileStatus(KeyManagerImpl.java:1280) ~[ozone-manager-1.3.0-SNAPSHOT.jar:?]
	at org.apache.hadoop.ozone.om.KeyManagerImpl.getFileStatus(KeyManagerImpl.java:1210) ~[ozone-manager-1.3.0-SNAPSHOT.jar:?]
	at org.apache.hadoop.ozone.om.OzoneManager.getFileStatus(OzoneManager.java:3009) ~[ozone-manager-1.3.0-SNAPSHOT.jar:?]
	at org.apache.hadoop.ozone.protocolPB.OzoneManagerRequestHandler.getOzoneFileStatus(OzoneManagerRequestHandler.java:670) ~[ozone-manager-1.3.0-SNAPSHOT.jar:?]
	at org.apache.hadoop.ozone.protocolPB.OzoneManagerRequestHandler.handleReadRequest(OzoneManagerRequestHandler.java:201) ~[ozone-manager-1.3.0-SNAPSHOT.jar:?]
	at org.apache.hadoop.ozone.protocolPB.OzoneManagerProtocolServerSideTranslatorPB.submitReadRequestToOM(OzoneManagerProtocolServerSideTranslatorPB.java:213) ~[ozone-manager-1.3.0-SNAPSHOT.jar:?]
	at org.apache.hadoop.ozone.protocolPB.OzoneManagerProtocolServerSideTranslatorPB.processRequest(OzoneManagerProtocolServerSideTranslatorPB.java:174) ~[ozone-manager-1.3.0-SNAPSHOT.jar:?]
	at org.apache.hadoop.hdds.server.OzoneProtocolMessageDispatcher.processRequest(OzoneProtocolMessageDispatcher.java:87) [hdds-server-framework-1.3.0-SNAPSHOT.jar:?]
	at org.apache.hadoop.ozone.protocolPB.OzoneManagerProtocolServerSideTranslatorPB.submitRequest(OzoneManagerProtocolServerSideTranslatorPB.java:146) [ozone-manager-1.3.0-SNAPSHOT.jar:?]
	at org.apache.hadoop.ozone.protocol.proto.OzoneManagerProtocolProtos$OzoneManagerService$2.callBlockingMethod(OzoneManagerProtocolProtos.java) [ozone-interface-client-1.3.0-SNAPSHOT.jar:?]
	at org.apache.hadoop.ipc.ProtobufRpcEngine$Server.processCall(ProtobufRpcEngine.java:466) [hadoop-common-3.3.1.jar:?]
	at org.apache.hadoop.ipc.ProtobufRpcEngine2$Server$ProtoBufRpcInvoker.call(ProtobufRpcEngine2.java:574) [hadoop-common-3.3.1.jar:?]
	at org.apache.hadoop.ipc.ProtobufRpcEngine2$Server$ProtoBufRpcInvoker.call(ProtobufRpcEngine2.java:552) [hadoop-common-3.3.1.jar:?]
	at org.apache.hadoop.ipc.RPC$Server.call(RPC.java:1093) [hadoop-common-3.3.1.jar:?]
	at org.apache.hadoop.ipc.Server$RpcCall.run(Server.java:1035) [hadoop-common-3.3.1.jar:?]
	at org.apache.hadoop.ipc.Server$RpcCall.run(Server.java:963) [hadoop-common-3.3.1.jar:?]
	at java.security.AccessController.doPrivileged(Native Method) ~[?:1.8.0_322]
	at javax.security.auth.Subject.doAs(Subject.java:422) [?:1.8.0_322]
	at org.apache.hadoop.security.UserGroupInformation.doAs(UserGroupInformation.java:1878) [hadoop-common-3.3.1.jar:?]
	at org.apache.hadoop.ipc.Server$Handler.run(Server.java:2966) [hadoop-common-3.3.1.jar:?]
01:53:59.366 [IPC Server handler 15 on default port 40803] ERROR OMAudit - user=runner | ip=127.0.0.1 | op=GET_FILE_STATUS {volume=volume85710, bucket=bucket48480, key=level0/level3/level3/file1, dataSize=0, replicationConfig=null} | ret=FAILURE
org.apache.hadoop.ozone.om.exceptions.OMException: Unable to get file status: volume: volume85710 bucket: bucket48480 key: level0/level3/level3/file1
	at org.apache.hadoop.ozone.om.KeyManagerImpl.getOzoneFileStatus(KeyManagerImpl.java:1280) ~[ozone-manager-1.3.0-SNAPSHOT.jar:?]
	at org.apache.hadoop.ozone.om.KeyManagerImpl.getFileStatus(KeyManagerImpl.java:1210) ~[ozone-manager-1.3.0-SNAPSHOT.jar:?]
	at org.apache.hadoop.ozone.om.OzoneManager.getFileStatus(OzoneManager.java:3009) ~[ozone-manager-1.3.0-SNAPSHOT.jar:?]
	at org.apache.hadoop.ozone.protocolPB.OzoneManagerRequestHandler.getOzoneFileStatus(OzoneManagerRequestHandler.java:670) ~[ozone-manager-1.3.0-SNAPSHOT.jar:?]
	at org.apache.hadoop.ozone.protocolPB.OzoneManagerRequestHandler.handleReadRequest(OzoneManagerRequestHandler.java:201) ~[ozone-manager-1.3.0-SNAPSHOT.jar:?]
	at org.apache.hadoop.ozone.protocolPB.OzoneManagerProtocolServerSideTranslatorPB.submitReadRequestToOM(OzoneManagerProtocolServerSideTranslatorPB.java:213) ~[ozone-manager-1.3.0-SNAPSHOT.jar:?]
	at org.apache.hadoop.ozone.protocolPB.OzoneManagerProtocolServerSideTranslatorPB.processRequest(OzoneManagerProtocolServerSideTranslatorPB.java:174) ~[ozone-manager-1.3.0-SNAPSHOT.jar:?]
	at org.apache.hadoop.hdds.server.OzoneProtocolMessageDispatcher.processRequest(OzoneProtocolMessageDispatcher.java:87) [hdds-server-framework-1.3.0-SNAPSHOT.jar:?]
	at org.apache.hadoop.ozone.protocolPB.OzoneManagerProtocolServerSideTranslatorPB.submitRequest(OzoneManagerProtocolServerSideTranslatorPB.java:146) [ozone-manager-1.3.0-SNAPSHOT.jar:?]
	at org.apache.hadoop.ozone.protocol.proto.OzoneManagerProtocolProtos$OzoneManagerService$2.callBlockingMethod(OzoneManagerProtocolProtos.java) [ozone-interface-client-1.3.0-SNAPSHOT.jar:?]
	at org.apache.hadoop.ipc.ProtobufRpcEngine$Server.processCall(ProtobufRpcEngine.java:466) [hadoop-common-3.3.1.jar:?]
	at org.apache.hadoop.ipc.ProtobufRpcEngine2$Server$ProtoBufRpcInvoker.call(ProtobufRpcEngine2.java:574) [hadoop-common-3.3.1.jar:?]
	at org.apache.hadoop.ipc.ProtobufRpcEngine2$Server$ProtoBufRpcInvoker.call(ProtobufRpcEngine2.java:552) [hadoop-common-3.3.1.jar:?]
	at org.apache.hadoop.ipc.RPC$Server.call(RPC.java:1093) [hadoop-common-3.3.1.jar:?]
	at org.apache.hadoop.ipc.Server$RpcCall.run(Server.java:1035) [hadoop-common-3.3.1.jar:?]
	at org.apache.hadoop.ipc.Server$RpcCall.run(Server.java:963) [hadoop-common-3.3.1.jar:?]
	at java.security.AccessController.doPrivileged(Native Method) ~[?:1.8.0_322]
	at javax.security.auth.Subject.doAs(Subject.java:422) [?:1.8.0_322]
	at org.apache.hadoop.security.UserGroupInformation.doAs(UserGroupInformation.java:1878) [hadoop-common-3.3.1.jar:?]
	at org.apache.hadoop.ipc.Server$Handler.run(Server.java:2966) [hadoop-common-3.3.1.jar:?]
]]></system-out>
  </testcase>
  <testcase name="testRecursiveDelete" classname="TestOzoneFileSystem" time="0.242">
    <system-out><![CDATA[01:55:09.913 [IPC Server handler 14 on default port 35711] ERROR OMAudit - user=runner | ip=127.0.0.1 | op=GET_FILE_STATUS {volume=volume11484, bucket=bucket58947, key=gdir1, dataSize=0, replicationConfig=null} | ret=FAILURE
org.apache.hadoop.ozone.om.exceptions.OMException: Unable to get file status: volume: volume11484 bucket: bucket58947 key: gdir1
	at org.apache.hadoop.ozone.om.KeyManagerImpl.getOzoneFileStatus(KeyManagerImpl.java:1280) ~[ozone-manager-1.3.0-SNAPSHOT.jar:?]
	at org.apache.hadoop.ozone.om.KeyManagerImpl.getFileStatus(KeyManagerImpl.java:1210) ~[ozone-manager-1.3.0-SNAPSHOT.jar:?]
	at org.apache.hadoop.ozone.om.OzoneManager.getFileStatus(OzoneManager.java:3009) ~[ozone-manager-1.3.0-SNAPSHOT.jar:?]
	at org.apache.hadoop.ozone.protocolPB.OzoneManagerRequestHandler.getOzoneFileStatus(OzoneManagerRequestHandler.java:670) ~[ozone-manager-1.3.0-SNAPSHOT.jar:?]
	at org.apache.hadoop.ozone.protocolPB.OzoneManagerRequestHandler.handleReadRequest(OzoneManagerRequestHandler.java:201) ~[ozone-manager-1.3.0-SNAPSHOT.jar:?]
	at org.apache.hadoop.ozone.protocolPB.OzoneManagerProtocolServerSideTranslatorPB.submitRequestDirectlyToOM(OzoneManagerProtocolServerSideTranslatorPB.java:271) ~[ozone-manager-1.3.0-SNAPSHOT.jar:?]
	at org.apache.hadoop.ozone.protocolPB.OzoneManagerProtocolServerSideTranslatorPB.processRequest(OzoneManagerProtocolServerSideTranslatorPB.java:195) ~[ozone-manager-1.3.0-SNAPSHOT.jar:?]
	at org.apache.hadoop.hdds.server.OzoneProtocolMessageDispatcher.processRequest(OzoneProtocolMessageDispatcher.java:87) [hdds-server-framework-1.3.0-SNAPSHOT.jar:?]
	at org.apache.hadoop.ozone.protocolPB.OzoneManagerProtocolServerSideTranslatorPB.submitRequest(OzoneManagerProtocolServerSideTranslatorPB.java:146) [ozone-manager-1.3.0-SNAPSHOT.jar:?]
	at org.apache.hadoop.ozone.protocol.proto.OzoneManagerProtocolProtos$OzoneManagerService$2.callBlockingMethod(OzoneManagerProtocolProtos.java) [ozone-interface-client-1.3.0-SNAPSHOT.jar:?]
	at org.apache.hadoop.ipc.ProtobufRpcEngine$Server.processCall(ProtobufRpcEngine.java:466) [hadoop-common-3.3.1.jar:?]
	at org.apache.hadoop.ipc.ProtobufRpcEngine2$Server$ProtoBufRpcInvoker.call(ProtobufRpcEngine2.java:574) [hadoop-common-3.3.1.jar:?]
	at org.apache.hadoop.ipc.ProtobufRpcEngine2$Server$ProtoBufRpcInvoker.call(ProtobufRpcEngine2.java:552) [hadoop-common-3.3.1.jar:?]
	at org.apache.hadoop.ipc.RPC$Server.call(RPC.java:1093) [hadoop-common-3.3.1.jar:?]
	at org.apache.hadoop.ipc.Server$RpcCall.run(Server.java:1035) [hadoop-common-3.3.1.jar:?]
	at org.apache.hadoop.ipc.Server$RpcCall.run(Server.java:963) [hadoop-common-3.3.1.jar:?]
	at java.security.AccessController.doPrivileged(Native Method) ~[?:1.8.0_322]
	at javax.security.auth.Subject.doAs(Subject.java:422) [?:1.8.0_322]
	at org.apache.hadoop.security.UserGroupInformation.doAs(UserGroupInformation.java:1878) [hadoop-common-3.3.1.jar:?]
	at org.apache.hadoop.ipc.Server$Handler.run(Server.java:2966) [hadoop-common-3.3.1.jar:?]
01:55:09.913 [IPC Server handler 12 on default port 35711] ERROR OMAudit - user=runner | ip=127.0.0.1 | op=GET_FILE_STATUS {volume=volume11484, bucket=bucket58947, key=gdir1/dir1, dataSize=0, replicationConfig=null} | ret=FAILURE
org.apache.hadoop.ozone.om.exceptions.OMException: Unable to get file status: volume: volume11484 bucket: bucket58947 key: gdir1/dir1
	at org.apache.hadoop.ozone.om.KeyManagerImpl.getOzoneFileStatus(KeyManagerImpl.java:1280) ~[ozone-manager-1.3.0-SNAPSHOT.jar:?]
	at org.apache.hadoop.ozone.om.KeyManagerImpl.getFileStatus(KeyManagerImpl.java:1210) ~[ozone-manager-1.3.0-SNAPSHOT.jar:?]
	at org.apache.hadoop.ozone.om.OzoneManager.getFileStatus(OzoneManager.java:3009) ~[ozone-manager-1.3.0-SNAPSHOT.jar:?]
	at org.apache.hadoop.ozone.protocolPB.OzoneManagerRequestHandler.getOzoneFileStatus(OzoneManagerRequestHandler.java:670) ~[ozone-manager-1.3.0-SNAPSHOT.jar:?]
	at org.apache.hadoop.ozone.protocolPB.OzoneManagerRequestHandler.handleReadRequest(OzoneManagerRequestHandler.java:201) ~[ozone-manager-1.3.0-SNAPSHOT.jar:?]
	at org.apache.hadoop.ozone.protocolPB.OzoneManagerProtocolServerSideTranslatorPB.submitRequestDirectlyToOM(OzoneManagerProtocolServerSideTranslatorPB.java:271) ~[ozone-manager-1.3.0-SNAPSHOT.jar:?]
	at org.apache.hadoop.ozone.protocolPB.OzoneManagerProtocolServerSideTranslatorPB.processRequest(OzoneManagerProtocolServerSideTranslatorPB.java:195) ~[ozone-manager-1.3.0-SNAPSHOT.jar:?]
	at org.apache.hadoop.hdds.server.OzoneProtocolMessageDispatcher.processRequest(OzoneProtocolMessageDispatcher.java:87) [hdds-server-framework-1.3.0-SNAPSHOT.jar:?]
	at org.apache.hadoop.ozone.protocolPB.OzoneManagerProtocolServerSideTranslatorPB.submitRequest(OzoneManagerProtocolServerSideTranslatorPB.java:146) [ozone-manager-1.3.0-SNAPSHOT.jar:?]
	at org.apache.hadoop.ozone.protocol.proto.OzoneManagerProtocolProtos$OzoneManagerService$2.callBlockingMethod(OzoneManagerProtocolProtos.java) [ozone-interface-client-1.3.0-SNAPSHOT.jar:?]
	at org.apache.hadoop.ipc.ProtobufRpcEngine$Server.processCall(ProtobufRpcEngine.java:466) [hadoop-common-3.3.1.jar:?]
	at org.apache.hadoop.ipc.ProtobufRpcEngine2$Server$ProtoBufRpcInvoker.call(ProtobufRpcEngine2.java:574) [hadoop-common-3.3.1.jar:?]
	at org.apache.hadoop.ipc.ProtobufRpcEngine2$Server$ProtoBufRpcInvoker.call(ProtobufRpcEngine2.java:552) [hadoop-common-3.3.1.jar:?]
	at org.apache.hadoop.ipc.RPC$Server.call(RPC.java:1093) [hadoop-common-3.3.1.jar:?]
	at org.apache.hadoop.ipc.Server$RpcCall.run(Server.java:1035) [hadoop-common-3.3.1.jar:?]
	at org.apache.hadoop.ipc.Server$RpcCall.run(Server.java:963) [hadoop-common-3.3.1.jar:?]
	at java.security.AccessController.doPrivileged(Native Method) ~[?:1.8.0_322]
	at javax.security.auth.Subject.doAs(Subject.java:422) [?:1.8.0_322]
	at org.apache.hadoop.security.UserGroupInformation.doAs(UserGroupInformation.java:1878) [hadoop-common-3.3.1.jar:?]
	at org.apache.hadoop.ipc.Server$Handler.run(Server.java:2966) [hadoop-common-3.3.1.jar:?]
01:55:09.914 [IPC Server handler 18 on default port 35711] ERROR OMAudit - user=runner | ip=127.0.0.1 | op=GET_FILE_STATUS {volume=volume11484, bucket=bucket58947, key=gdir1/dir1/child, dataSize=0, replicationConfig=null} | ret=FAILURE
org.apache.hadoop.ozone.om.exceptions.OMException: Unable to get file status: volume: volume11484 bucket: bucket58947 key: gdir1/dir1/child
	at org.apache.hadoop.ozone.om.KeyManagerImpl.getOzoneFileStatus(KeyManagerImpl.java:1280) ~[ozone-manager-1.3.0-SNAPSHOT.jar:?]
	at org.apache.hadoop.ozone.om.KeyManagerImpl.getFileStatus(KeyManagerImpl.java:1210) ~[ozone-manager-1.3.0-SNAPSHOT.jar:?]
	at org.apache.hadoop.ozone.om.OzoneManager.getFileStatus(OzoneManager.java:3009) ~[ozone-manager-1.3.0-SNAPSHOT.jar:?]
	at org.apache.hadoop.ozone.protocolPB.OzoneManagerRequestHandler.getOzoneFileStatus(OzoneManagerRequestHandler.java:670) ~[ozone-manager-1.3.0-SNAPSHOT.jar:?]
	at org.apache.hadoop.ozone.protocolPB.OzoneManagerRequestHandler.handleReadRequest(OzoneManagerRequestHandler.java:201) ~[ozone-manager-1.3.0-SNAPSHOT.jar:?]
	at org.apache.hadoop.ozone.protocolPB.OzoneManagerProtocolServerSideTranslatorPB.submitRequestDirectlyToOM(OzoneManagerProtocolServerSideTranslatorPB.java:271) ~[ozone-manager-1.3.0-SNAPSHOT.jar:?]
	at org.apache.hadoop.ozone.protocolPB.OzoneManagerProtocolServerSideTranslatorPB.processRequest(OzoneManagerProtocolServerSideTranslatorPB.java:195) ~[ozone-manager-1.3.0-SNAPSHOT.jar:?]
	at org.apache.hadoop.hdds.server.OzoneProtocolMessageDispatcher.processRequest(OzoneProtocolMessageDispatcher.java:87) [hdds-server-framework-1.3.0-SNAPSHOT.jar:?]
	at org.apache.hadoop.ozone.protocolPB.OzoneManagerProtocolServerSideTranslatorPB.submitRequest(OzoneManagerProtocolServerSideTranslatorPB.java:146) [ozone-manager-1.3.0-SNAPSHOT.jar:?]
	at org.apache.hadoop.ozone.protocol.proto.OzoneManagerProtocolProtos$OzoneManagerService$2.callBlockingMethod(OzoneManagerProtocolProtos.java) [ozone-interface-client-1.3.0-SNAPSHOT.jar:?]
	at org.apache.hadoop.ipc.ProtobufRpcEngine$Server.processCall(ProtobufRpcEngine.java:466) [hadoop-common-3.3.1.jar:?]
	at org.apache.hadoop.ipc.ProtobufRpcEngine2$Server$ProtoBufRpcInvoker.call(ProtobufRpcEngine2.java:574) [hadoop-common-3.3.1.jar:?]
	at org.apache.hadoop.ipc.ProtobufRpcEngine2$Server$ProtoBufRpcInvoker.call(ProtobufRpcEngine2.java:552) [hadoop-common-3.3.1.jar:?]
	at org.apache.hadoop.ipc.RPC$Server.call(RPC.java:1093) [hadoop-common-3.3.1.jar:?]
	at org.apache.hadoop.ipc.Server$RpcCall.run(Server.java:1035) [hadoop-common-3.3.1.jar:?]
	at org.apache.hadoop.ipc.Server$RpcCall.run(Server.java:963) [hadoop-common-3.3.1.jar:?]
	at java.security.AccessController.doPrivileged(Native Method) ~[?:1.8.0_322]
	at javax.security.auth.Subject.doAs(Subject.java:422) [?:1.8.0_322]
	at org.apache.hadoop.security.UserGroupInformation.doAs(UserGroupInformation.java:1878) [hadoop-common-3.3.1.jar:?]
	at org.apache.hadoop.ipc.Server$Handler.run(Server.java:2966) [hadoop-common-3.3.1.jar:?]
01:55:09.916 [IPC Server handler 10 on default port 35711] ERROR OMAudit - user=runner | ip=127.0.0.1 | op=GET_FILE_STATUS {volume=volume11484, bucket=bucket58947, key=gdir1/dir2, dataSize=0, replicationConfig=null} | ret=FAILURE
org.apache.hadoop.ozone.om.exceptions.OMException: Unable to get file status: volume: volume11484 bucket: bucket58947 key: gdir1/dir2
	at org.apache.hadoop.ozone.om.KeyManagerImpl.getOzoneFileStatus(KeyManagerImpl.java:1280) ~[ozone-manager-1.3.0-SNAPSHOT.jar:?]
	at org.apache.hadoop.ozone.om.KeyManagerImpl.getFileStatus(KeyManagerImpl.java:1210) ~[ozone-manager-1.3.0-SNAPSHOT.jar:?]
	at org.apache.hadoop.ozone.om.OzoneManager.getFileStatus(OzoneManager.java:3009) ~[ozone-manager-1.3.0-SNAPSHOT.jar:?]
	at org.apache.hadoop.ozone.protocolPB.OzoneManagerRequestHandler.getOzoneFileStatus(OzoneManagerRequestHandler.java:670) ~[ozone-manager-1.3.0-SNAPSHOT.jar:?]
	at org.apache.hadoop.ozone.protocolPB.OzoneManagerRequestHandler.handleReadRequest(OzoneManagerRequestHandler.java:201) ~[ozone-manager-1.3.0-SNAPSHOT.jar:?]
	at org.apache.hadoop.ozone.protocolPB.OzoneManagerProtocolServerSideTranslatorPB.submitRequestDirectlyToOM(OzoneManagerProtocolServerSideTranslatorPB.java:271) ~[ozone-manager-1.3.0-SNAPSHOT.jar:?]
	at org.apache.hadoop.ozone.protocolPB.OzoneManagerProtocolServerSideTranslatorPB.processRequest(OzoneManagerProtocolServerSideTranslatorPB.java:195) ~[ozone-manager-1.3.0-SNAPSHOT.jar:?]
	at org.apache.hadoop.hdds.server.OzoneProtocolMessageDispatcher.processRequest(OzoneProtocolMessageDispatcher.java:87) [hdds-server-framework-1.3.0-SNAPSHOT.jar:?]
	at org.apache.hadoop.ozone.protocolPB.OzoneManagerProtocolServerSideTranslatorPB.submitRequest(OzoneManagerProtocolServerSideTranslatorPB.java:146) [ozone-manager-1.3.0-SNAPSHOT.jar:?]
	at org.apache.hadoop.ozone.protocol.proto.OzoneManagerProtocolProtos$OzoneManagerService$2.callBlockingMethod(OzoneManagerProtocolProtos.java) [ozone-interface-client-1.3.0-SNAPSHOT.jar:?]
	at org.apache.hadoop.ipc.ProtobufRpcEngine$Server.processCall(ProtobufRpcEngine.java:466) [hadoop-common-3.3.1.jar:?]
	at org.apache.hadoop.ipc.ProtobufRpcEngine2$Server$ProtoBufRpcInvoker.call(ProtobufRpcEngine2.java:574) [hadoop-common-3.3.1.jar:?]
	at org.apache.hadoop.ipc.ProtobufRpcEngine2$Server$ProtoBufRpcInvoker.call(ProtobufRpcEngine2.java:552) [hadoop-common-3.3.1.jar:?]
	at org.apache.hadoop.ipc.RPC$Server.call(RPC.java:1093) [hadoop-common-3.3.1.jar:?]
	at org.apache.hadoop.ipc.Server$RpcCall.run(Server.java:1035) [hadoop-common-3.3.1.jar:?]
	at org.apache.hadoop.ipc.Server$RpcCall.run(Server.java:963) [hadoop-common-3.3.1.jar:?]
	at java.security.AccessController.doPrivileged(Native Method) ~[?:1.8.0_322]
	at javax.security.auth.Subject.doAs(Subject.java:422) [?:1.8.0_322]
	at org.apache.hadoop.security.UserGroupInformation.doAs(UserGroupInformation.java:1878) [hadoop-common-3.3.1.jar:?]
	at org.apache.hadoop.ipc.Server$Handler.run(Server.java:2966) [hadoop-common-3.3.1.jar:?]
01:55:09.917 [IPC Server handler 11 on default port 35711] ERROR OMAudit - user=runner | ip=127.0.0.1 | op=GET_FILE_STATUS {volume=volume11484, bucket=bucket58947, key=gdir1/dir2/child, dataSize=0, replicationConfig=null} | ret=FAILURE
org.apache.hadoop.ozone.om.exceptions.OMException: Unable to get file status: volume: volume11484 bucket: bucket58947 key: gdir1/dir2/child
	at org.apache.hadoop.ozone.om.KeyManagerImpl.getOzoneFileStatus(KeyManagerImpl.java:1280) ~[ozone-manager-1.3.0-SNAPSHOT.jar:?]
	at org.apache.hadoop.ozone.om.KeyManagerImpl.getFileStatus(KeyManagerImpl.java:1210) ~[ozone-manager-1.3.0-SNAPSHOT.jar:?]
	at org.apache.hadoop.ozone.om.OzoneManager.getFileStatus(OzoneManager.java:3009) ~[ozone-manager-1.3.0-SNAPSHOT.jar:?]
	at org.apache.hadoop.ozone.protocolPB.OzoneManagerRequestHandler.getOzoneFileStatus(OzoneManagerRequestHandler.java:670) ~[ozone-manager-1.3.0-SNAPSHOT.jar:?]
	at org.apache.hadoop.ozone.protocolPB.OzoneManagerRequestHandler.handleReadRequest(OzoneManagerRequestHandler.java:201) ~[ozone-manager-1.3.0-SNAPSHOT.jar:?]
	at org.apache.hadoop.ozone.protocolPB.OzoneManagerProtocolServerSideTranslatorPB.submitRequestDirectlyToOM(OzoneManagerProtocolServerSideTranslatorPB.java:271) ~[ozone-manager-1.3.0-SNAPSHOT.jar:?]
	at org.apache.hadoop.ozone.protocolPB.OzoneManagerProtocolServerSideTranslatorPB.processRequest(OzoneManagerProtocolServerSideTranslatorPB.java:195) ~[ozone-manager-1.3.0-SNAPSHOT.jar:?]
	at org.apache.hadoop.hdds.server.OzoneProtocolMessageDispatcher.processRequest(OzoneProtocolMessageDispatcher.java:87) [hdds-server-framework-1.3.0-SNAPSHOT.jar:?]
	at org.apache.hadoop.ozone.protocolPB.OzoneManagerProtocolServerSideTranslatorPB.submitRequest(OzoneManagerProtocolServerSideTranslatorPB.java:146) [ozone-manager-1.3.0-SNAPSHOT.jar:?]
	at org.apache.hadoop.ozone.protocol.proto.OzoneManagerProtocolProtos$OzoneManagerService$2.callBlockingMethod(OzoneManagerProtocolProtos.java) [ozone-interface-client-1.3.0-SNAPSHOT.jar:?]
	at org.apache.hadoop.ipc.ProtobufRpcEngine$Server.processCall(ProtobufRpcEngine.java:466) [hadoop-common-3.3.1.jar:?]
	at org.apache.hadoop.ipc.ProtobufRpcEngine2$Server$ProtoBufRpcInvoker.call(ProtobufRpcEngine2.java:574) [hadoop-common-3.3.1.jar:?]
	at org.apache.hadoop.ipc.ProtobufRpcEngine2$Server$ProtoBufRpcInvoker.call(ProtobufRpcEngine2.java:552) [hadoop-common-3.3.1.jar:?]
	at org.apache.hadoop.ipc.RPC$Server.call(RPC.java:1093) [hadoop-common-3.3.1.jar:?]
	at org.apache.hadoop.ipc.Server$RpcCall.run(Server.java:1035) [hadoop-common-3.3.1.jar:?]
	at org.apache.hadoop.ipc.Server$RpcCall.run(Server.java:963) [hadoop-common-3.3.1.jar:?]
	at java.security.AccessController.doPrivileged(Native Method) ~[?:1.8.0_322]
	at javax.security.auth.Subject.doAs(Subject.java:422) [?:1.8.0_322]
	at org.apache.hadoop.security.UserGroupInformation.doAs(UserGroupInformation.java:1878) [hadoop-common-3.3.1.jar:?]
	at org.apache.hadoop.ipc.Server$Handler.run(Server.java:2966) [hadoop-common-3.3.1.jar:?]
01:55:09.921 [IPC Server handler 13 on default port 35711] ERROR OMAudit - user=runner | ip=127.0.0.1 | op=GET_FILE_STATUS {volume=volume11484, bucket=bucket58947, key=gdir1/dir3, dataSize=0, replicationConfig=null} | ret=FAILURE
org.apache.hadoop.ozone.om.exceptions.OMException: Unable to get file status: volume: volume11484 bucket: bucket58947 key: gdir1/dir3
	at org.apache.hadoop.ozone.om.KeyManagerImpl.getOzoneFileStatus(KeyManagerImpl.java:1280) ~[ozone-manager-1.3.0-SNAPSHOT.jar:?]
	at org.apache.hadoop.ozone.om.KeyManagerImpl.getFileStatus(KeyManagerImpl.java:1210) ~[ozone-manager-1.3.0-SNAPSHOT.jar:?]
	at org.apache.hadoop.ozone.om.OzoneManager.getFileStatus(OzoneManager.java:3009) ~[ozone-manager-1.3.0-SNAPSHOT.jar:?]
	at org.apache.hadoop.ozone.protocolPB.OzoneManagerRequestHandler.getOzoneFileStatus(OzoneManagerRequestHandler.java:670) ~[ozone-manager-1.3.0-SNAPSHOT.jar:?]
	at org.apache.hadoop.ozone.protocolPB.OzoneManagerRequestHandler.handleReadRequest(OzoneManagerRequestHandler.java:201) ~[ozone-manager-1.3.0-SNAPSHOT.jar:?]
	at org.apache.hadoop.ozone.protocolPB.OzoneManagerProtocolServerSideTranslatorPB.submitRequestDirectlyToOM(OzoneManagerProtocolServerSideTranslatorPB.java:271) ~[ozone-manager-1.3.0-SNAPSHOT.jar:?]
	at org.apache.hadoop.ozone.protocolPB.OzoneManagerProtocolServerSideTranslatorPB.processRequest(OzoneManagerProtocolServerSideTranslatorPB.java:195) ~[ozone-manager-1.3.0-SNAPSHOT.jar:?]
	at org.apache.hadoop.hdds.server.OzoneProtocolMessageDispatcher.processRequest(OzoneProtocolMessageDispatcher.java:87) [hdds-server-framework-1.3.0-SNAPSHOT.jar:?]
	at org.apache.hadoop.ozone.protocolPB.OzoneManagerProtocolServerSideTranslatorPB.submitRequest(OzoneManagerProtocolServerSideTranslatorPB.java:146) [ozone-manager-1.3.0-SNAPSHOT.jar:?]
	at org.apache.hadoop.ozone.protocol.proto.OzoneManagerProtocolProtos$OzoneManagerService$2.callBlockingMethod(OzoneManagerProtocolProtos.java) [ozone-interface-client-1.3.0-SNAPSHOT.jar:?]
	at org.apache.hadoop.ipc.ProtobufRpcEngine$Server.processCall(ProtobufRpcEngine.java:466) [hadoop-common-3.3.1.jar:?]
	at org.apache.hadoop.ipc.ProtobufRpcEngine2$Server$ProtoBufRpcInvoker.call(ProtobufRpcEngine2.java:574) [hadoop-common-3.3.1.jar:?]
	at org.apache.hadoop.ipc.ProtobufRpcEngine2$Server$ProtoBufRpcInvoker.call(ProtobufRpcEngine2.java:552) [hadoop-common-3.3.1.jar:?]
	at org.apache.hadoop.ipc.RPC$Server.call(RPC.java:1093) [hadoop-common-3.3.1.jar:?]
	at org.apache.hadoop.ipc.Server$RpcCall.run(Server.java:1035) [hadoop-common-3.3.1.jar:?]
	at org.apache.hadoop.ipc.Server$RpcCall.run(Server.java:963) [hadoop-common-3.3.1.jar:?]
	at java.security.AccessController.doPrivileged(Native Method) ~[?:1.8.0_322]
	at javax.security.auth.Subject.doAs(Subject.java:422) [?:1.8.0_322]
	at org.apache.hadoop.security.UserGroupInformation.doAs(UserGroupInformation.java:1878) [hadoop-common-3.3.1.jar:?]
	at org.apache.hadoop.ipc.Server$Handler.run(Server.java:2966) [hadoop-common-3.3.1.jar:?]
01:55:09.922 [IPC Server handler 15 on default port 35711] ERROR OMAudit - user=runner | ip=127.0.0.1 | op=GET_FILE_STATUS {volume=volume11484, bucket=bucket58947, key=gdir1/dir3/child, dataSize=0, replicationConfig=null} | ret=FAILURE
org.apache.hadoop.ozone.om.exceptions.OMException: Unable to get file status: volume: volume11484 bucket: bucket58947 key: gdir1/dir3/child
	at org.apache.hadoop.ozone.om.KeyManagerImpl.getOzoneFileStatus(KeyManagerImpl.java:1280) ~[ozone-manager-1.3.0-SNAPSHOT.jar:?]
	at org.apache.hadoop.ozone.om.KeyManagerImpl.getFileStatus(KeyManagerImpl.java:1210) ~[ozone-manager-1.3.0-SNAPSHOT.jar:?]
	at org.apache.hadoop.ozone.om.OzoneManager.getFileStatus(OzoneManager.java:3009) ~[ozone-manager-1.3.0-SNAPSHOT.jar:?]
	at org.apache.hadoop.ozone.protocolPB.OzoneManagerRequestHandler.getOzoneFileStatus(OzoneManagerRequestHandler.java:670) ~[ozone-manager-1.3.0-SNAPSHOT.jar:?]
	at org.apache.hadoop.ozone.protocolPB.OzoneManagerRequestHandler.handleReadRequest(OzoneManagerRequestHandler.java:201) ~[ozone-manager-1.3.0-SNAPSHOT.jar:?]
	at org.apache.hadoop.ozone.protocolPB.OzoneManagerProtocolServerSideTranslatorPB.submitRequestDirectlyToOM(OzoneManagerProtocolServerSideTranslatorPB.java:271) ~[ozone-manager-1.3.0-SNAPSHOT.jar:?]
	at org.apache.hadoop.ozone.protocolPB.OzoneManagerProtocolServerSideTranslatorPB.processRequest(OzoneManagerProtocolServerSideTranslatorPB.java:195) ~[ozone-manager-1.3.0-SNAPSHOT.jar:?]
	at org.apache.hadoop.hdds.server.OzoneProtocolMessageDispatcher.processRequest(OzoneProtocolMessageDispatcher.java:87) [hdds-server-framework-1.3.0-SNAPSHOT.jar:?]
	at org.apache.hadoop.ozone.protocolPB.OzoneManagerProtocolServerSideTranslatorPB.submitRequest(OzoneManagerProtocolServerSideTranslatorPB.java:146) [ozone-manager-1.3.0-SNAPSHOT.jar:?]
	at org.apache.hadoop.ozone.protocol.proto.OzoneManagerProtocolProtos$OzoneManagerService$2.callBlockingMethod(OzoneManagerProtocolProtos.java) [ozone-interface-client-1.3.0-SNAPSHOT.jar:?]
	at org.apache.hadoop.ipc.ProtobufRpcEngine$Server.processCall(ProtobufRpcEngine.java:466) [hadoop-common-3.3.1.jar:?]
	at org.apache.hadoop.ipc.ProtobufRpcEngine2$Server$ProtoBufRpcInvoker.call(ProtobufRpcEngine2.java:574) [hadoop-common-3.3.1.jar:?]
	at org.apache.hadoop.ipc.ProtobufRpcEngine2$Server$ProtoBufRpcInvoker.call(ProtobufRpcEngine2.java:552) [hadoop-common-3.3.1.jar:?]
	at org.apache.hadoop.ipc.RPC$Server.call(RPC.java:1093) [hadoop-common-3.3.1.jar:?]
	at org.apache.hadoop.ipc.Server$RpcCall.run(Server.java:1035) [hadoop-common-3.3.1.jar:?]
	at org.apache.hadoop.ipc.Server$RpcCall.run(Server.java:963) [hadoop-common-3.3.1.jar:?]
	at java.security.AccessController.doPrivileged(Native Method) ~[?:1.8.0_322]
	at javax.security.auth.Subject.doAs(Subject.java:422) [?:1.8.0_322]
	at org.apache.hadoop.security.UserGroupInformation.doAs(UserGroupInformation.java:1878) [hadoop-common-3.3.1.jar:?]
	at org.apache.hadoop.ipc.Server$Handler.run(Server.java:2966) [hadoop-common-3.3.1.jar:?]
01:55:09.923 [IPC Server handler 16 on default port 35711] ERROR OMAudit - user=runner | ip=127.0.0.1 | op=GET_FILE_STATUS {volume=volume11484, bucket=bucket58947, key=gdir1/dir4, dataSize=0, replicationConfig=null} | ret=FAILURE
org.apache.hadoop.ozone.om.exceptions.OMException: Unable to get file status: volume: volume11484 bucket: bucket58947 key: gdir1/dir4
	at org.apache.hadoop.ozone.om.KeyManagerImpl.getOzoneFileStatus(KeyManagerImpl.java:1280) ~[ozone-manager-1.3.0-SNAPSHOT.jar:?]
	at org.apache.hadoop.ozone.om.KeyManagerImpl.getFileStatus(KeyManagerImpl.java:1210) ~[ozone-manager-1.3.0-SNAPSHOT.jar:?]
	at org.apache.hadoop.ozone.om.OzoneManager.getFileStatus(OzoneManager.java:3009) ~[ozone-manager-1.3.0-SNAPSHOT.jar:?]
	at org.apache.hadoop.ozone.protocolPB.OzoneManagerRequestHandler.getOzoneFileStatus(OzoneManagerRequestHandler.java:670) ~[ozone-manager-1.3.0-SNAPSHOT.jar:?]
	at org.apache.hadoop.ozone.protocolPB.OzoneManagerRequestHandler.handleReadRequest(OzoneManagerRequestHandler.java:201) ~[ozone-manager-1.3.0-SNAPSHOT.jar:?]
	at org.apache.hadoop.ozone.protocolPB.OzoneManagerProtocolServerSideTranslatorPB.submitRequestDirectlyToOM(OzoneManagerProtocolServerSideTranslatorPB.java:271) ~[ozone-manager-1.3.0-SNAPSHOT.jar:?]
	at org.apache.hadoop.ozone.protocolPB.OzoneManagerProtocolServerSideTranslatorPB.processRequest(OzoneManagerProtocolServerSideTranslatorPB.java:195) ~[ozone-manager-1.3.0-SNAPSHOT.jar:?]
	at org.apache.hadoop.hdds.server.OzoneProtocolMessageDispatcher.processRequest(OzoneProtocolMessageDispatcher.java:87) [hdds-server-framework-1.3.0-SNAPSHOT.jar:?]
	at org.apache.hadoop.ozone.protocolPB.OzoneManagerProtocolServerSideTranslatorPB.submitRequest(OzoneManagerProtocolServerSideTranslatorPB.java:146) [ozone-manager-1.3.0-SNAPSHOT.jar:?]
	at org.apache.hadoop.ozone.protocol.proto.OzoneManagerProtocolProtos$OzoneManagerService$2.callBlockingMethod(OzoneManagerProtocolProtos.java) [ozone-interface-client-1.3.0-SNAPSHOT.jar:?]
	at org.apache.hadoop.ipc.ProtobufRpcEngine$Server.processCall(ProtobufRpcEngine.java:466) [hadoop-common-3.3.1.jar:?]
	at org.apache.hadoop.ipc.ProtobufRpcEngine2$Server$ProtoBufRpcInvoker.call(ProtobufRpcEngine2.java:574) [hadoop-common-3.3.1.jar:?]
	at org.apache.hadoop.ipc.ProtobufRpcEngine2$Server$ProtoBufRpcInvoker.call(ProtobufRpcEngine2.java:552) [hadoop-common-3.3.1.jar:?]
	at org.apache.hadoop.ipc.RPC$Server.call(RPC.java:1093) [hadoop-common-3.3.1.jar:?]
	at org.apache.hadoop.ipc.Server$RpcCall.run(Server.java:1035) [hadoop-common-3.3.1.jar:?]
	at org.apache.hadoop.ipc.Server$RpcCall.run(Server.java:963) [hadoop-common-3.3.1.jar:?]
	at java.security.AccessController.doPrivileged(Native Method) ~[?:1.8.0_322]
	at javax.security.auth.Subject.doAs(Subject.java:422) [?:1.8.0_322]
	at org.apache.hadoop.security.UserGroupInformation.doAs(UserGroupInformation.java:1878) [hadoop-common-3.3.1.jar:?]
	at org.apache.hadoop.ipc.Server$Handler.run(Server.java:2966) [hadoop-common-3.3.1.jar:?]
01:55:09.923 [IPC Server handler 17 on default port 35711] ERROR OMAudit - user=runner | ip=127.0.0.1 | op=GET_FILE_STATUS {volume=volume11484, bucket=bucket58947, key=gdir1/dir4/child, dataSize=0, replicationConfig=null} | ret=FAILURE
org.apache.hadoop.ozone.om.exceptions.OMException: Unable to get file status: volume: volume11484 bucket: bucket58947 key: gdir1/dir4/child
	at org.apache.hadoop.ozone.om.KeyManagerImpl.getOzoneFileStatus(KeyManagerImpl.java:1280) ~[ozone-manager-1.3.0-SNAPSHOT.jar:?]
	at org.apache.hadoop.ozone.om.KeyManagerImpl.getFileStatus(KeyManagerImpl.java:1210) ~[ozone-manager-1.3.0-SNAPSHOT.jar:?]
	at org.apache.hadoop.ozone.om.OzoneManager.getFileStatus(OzoneManager.java:3009) ~[ozone-manager-1.3.0-SNAPSHOT.jar:?]
	at org.apache.hadoop.ozone.protocolPB.OzoneManagerRequestHandler.getOzoneFileStatus(OzoneManagerRequestHandler.java:670) ~[ozone-manager-1.3.0-SNAPSHOT.jar:?]
	at org.apache.hadoop.ozone.protocolPB.OzoneManagerRequestHandler.handleReadRequest(OzoneManagerRequestHandler.java:201) ~[ozone-manager-1.3.0-SNAPSHOT.jar:?]
	at org.apache.hadoop.ozone.protocolPB.OzoneManagerProtocolServerSideTranslatorPB.submitRequestDirectlyToOM(OzoneManagerProtocolServerSideTranslatorPB.java:271) ~[ozone-manager-1.3.0-SNAPSHOT.jar:?]
	at org.apache.hadoop.ozone.protocolPB.OzoneManagerProtocolServerSideTranslatorPB.processRequest(OzoneManagerProtocolServerSideTranslatorPB.java:195) ~[ozone-manager-1.3.0-SNAPSHOT.jar:?]
	at org.apache.hadoop.hdds.server.OzoneProtocolMessageDispatcher.processRequest(OzoneProtocolMessageDispatcher.java:87) [hdds-server-framework-1.3.0-SNAPSHOT.jar:?]
	at org.apache.hadoop.ozone.protocolPB.OzoneManagerProtocolServerSideTranslatorPB.submitRequest(OzoneManagerProtocolServerSideTranslatorPB.java:146) [ozone-manager-1.3.0-SNAPSHOT.jar:?]
	at org.apache.hadoop.ozone.protocol.proto.OzoneManagerProtocolProtos$OzoneManagerService$2.callBlockingMethod(OzoneManagerProtocolProtos.java) [ozone-interface-client-1.3.0-SNAPSHOT.jar:?]
	at org.apache.hadoop.ipc.ProtobufRpcEngine$Server.processCall(ProtobufRpcEngine.java:466) [hadoop-common-3.3.1.jar:?]
	at org.apache.hadoop.ipc.ProtobufRpcEngine2$Server$ProtoBufRpcInvoker.call(ProtobufRpcEngine2.java:574) [hadoop-common-3.3.1.jar:?]
	at org.apache.hadoop.ipc.ProtobufRpcEngine2$Server$ProtoBufRpcInvoker.call(ProtobufRpcEngine2.java:552) [hadoop-common-3.3.1.jar:?]
	at org.apache.hadoop.ipc.RPC$Server.call(RPC.java:1093) [hadoop-common-3.3.1.jar:?]
	at org.apache.hadoop.ipc.Server$RpcCall.run(Server.java:1035) [hadoop-common-3.3.1.jar:?]
	at org.apache.hadoop.ipc.Server$RpcCall.run(Server.java:963) [hadoop-common-3.3.1.jar:?]
	at java.security.AccessController.doPrivileged(Native Method) ~[?:1.8.0_322]
	at javax.security.auth.Subject.doAs(Subject.java:422) [?:1.8.0_322]
	at org.apache.hadoop.security.UserGroupInformation.doAs(UserGroupInformation.java:1878) [hadoop-common-3.3.1.jar:?]
	at org.apache.hadoop.ipc.Server$Handler.run(Server.java:2966) [hadoop-common-3.3.1.jar:?]
01:55:09.924 [IPC Server handler 19 on default port 35711] ERROR OMAudit - user=runner | ip=127.0.0.1 | op=GET_FILE_STATUS {volume=volume11484, bucket=bucket58947, key=gdir1/dir5, dataSize=0, replicationConfig=null} | ret=FAILURE
org.apache.hadoop.ozone.om.exceptions.OMException: Unable to get file status: volume: volume11484 bucket: bucket58947 key: gdir1/dir5
	at org.apache.hadoop.ozone.om.KeyManagerImpl.getOzoneFileStatus(KeyManagerImpl.java:1280) ~[ozone-manager-1.3.0-SNAPSHOT.jar:?]
	at org.apache.hadoop.ozone.om.KeyManagerImpl.getFileStatus(KeyManagerImpl.java:1210) ~[ozone-manager-1.3.0-SNAPSHOT.jar:?]
	at org.apache.hadoop.ozone.om.OzoneManager.getFileStatus(OzoneManager.java:3009) ~[ozone-manager-1.3.0-SNAPSHOT.jar:?]
	at org.apache.hadoop.ozone.protocolPB.OzoneManagerRequestHandler.getOzoneFileStatus(OzoneManagerRequestHandler.java:670) ~[ozone-manager-1.3.0-SNAPSHOT.jar:?]
	at org.apache.hadoop.ozone.protocolPB.OzoneManagerRequestHandler.handleReadRequest(OzoneManagerRequestHandler.java:201) ~[ozone-manager-1.3.0-SNAPSHOT.jar:?]
	at org.apache.hadoop.ozone.protocolPB.OzoneManagerProtocolServerSideTranslatorPB.submitRequestDirectlyToOM(OzoneManagerProtocolServerSideTranslatorPB.java:271) ~[ozone-manager-1.3.0-SNAPSHOT.jar:?]
	at org.apache.hadoop.ozone.protocolPB.OzoneManagerProtocolServerSideTranslatorPB.processRequest(OzoneManagerProtocolServerSideTranslatorPB.java:195) ~[ozone-manager-1.3.0-SNAPSHOT.jar:?]
	at org.apache.hadoop.hdds.server.OzoneProtocolMessageDispatcher.processRequest(OzoneProtocolMessageDispatcher.java:87) [hdds-server-framework-1.3.0-SNAPSHOT.jar:?]
	at org.apache.hadoop.ozone.protocolPB.OzoneManagerProtocolServerSideTranslatorPB.submitRequest(OzoneManagerProtocolServerSideTranslatorPB.java:146) [ozone-manager-1.3.0-SNAPSHOT.jar:?]
	at org.apache.hadoop.ozone.protocol.proto.OzoneManagerProtocolProtos$OzoneManagerService$2.callBlockingMethod(OzoneManagerProtocolProtos.java) [ozone-interface-client-1.3.0-SNAPSHOT.jar:?]
	at org.apache.hadoop.ipc.ProtobufRpcEngine$Server.processCall(ProtobufRpcEngine.java:466) [hadoop-common-3.3.1.jar:?]
	at org.apache.hadoop.ipc.ProtobufRpcEngine2$Server$ProtoBufRpcInvoker.call(ProtobufRpcEngine2.java:574) [hadoop-common-3.3.1.jar:?]
	at org.apache.hadoop.ipc.ProtobufRpcEngine2$Server$ProtoBufRpcInvoker.call(ProtobufRpcEngine2.java:552) [hadoop-common-3.3.1.jar:?]
	at org.apache.hadoop.ipc.RPC$Server.call(RPC.java:1093) [hadoop-common-3.3.1.jar:?]
	at org.apache.hadoop.ipc.Server$RpcCall.run(Server.java:1035) [hadoop-common-3.3.1.jar:?]
	at org.apache.hadoop.ipc.Server$RpcCall.run(Server.java:963) [hadoop-common-3.3.1.jar:?]
	at java.security.AccessController.doPrivileged(Native Method) ~[?:1.8.0_322]
	at javax.security.auth.Subject.doAs(Subject.java:422) [?:1.8.0_322]
	at org.apache.hadoop.security.UserGroupInformation.doAs(UserGroupInformation.java:1878) [hadoop-common-3.3.1.jar:?]
	at org.apache.hadoop.ipc.Server$Handler.run(Server.java:2966) [hadoop-common-3.3.1.jar:?]
01:55:09.925 [IPC Server handler 0 on default port 35711] ERROR OMAudit - user=runner | ip=127.0.0.1 | op=GET_FILE_STATUS {volume=volume11484, bucket=bucket58947, key=gdir1/dir5/child, dataSize=0, replicationConfig=null} | ret=FAILURE
org.apache.hadoop.ozone.om.exceptions.OMException: Unable to get file status: volume: volume11484 bucket: bucket58947 key: gdir1/dir5/child
	at org.apache.hadoop.ozone.om.KeyManagerImpl.getOzoneFileStatus(KeyManagerImpl.java:1280) ~[ozone-manager-1.3.0-SNAPSHOT.jar:?]
	at org.apache.hadoop.ozone.om.KeyManagerImpl.getFileStatus(KeyManagerImpl.java:1210) ~[ozone-manager-1.3.0-SNAPSHOT.jar:?]
	at org.apache.hadoop.ozone.om.OzoneManager.getFileStatus(OzoneManager.java:3009) ~[ozone-manager-1.3.0-SNAPSHOT.jar:?]
	at org.apache.hadoop.ozone.protocolPB.OzoneManagerRequestHandler.getOzoneFileStatus(OzoneManagerRequestHandler.java:670) ~[ozone-manager-1.3.0-SNAPSHOT.jar:?]
	at org.apache.hadoop.ozone.protocolPB.OzoneManagerRequestHandler.handleReadRequest(OzoneManagerRequestHandler.java:201) ~[ozone-manager-1.3.0-SNAPSHOT.jar:?]
	at org.apache.hadoop.ozone.protocolPB.OzoneManagerProtocolServerSideTranslatorPB.submitRequestDirectlyToOM(OzoneManagerProtocolServerSideTranslatorPB.java:271) ~[ozone-manager-1.3.0-SNAPSHOT.jar:?]
	at org.apache.hadoop.ozone.protocolPB.OzoneManagerProtocolServerSideTranslatorPB.processRequest(OzoneManagerProtocolServerSideTranslatorPB.java:195) ~[ozone-manager-1.3.0-SNAPSHOT.jar:?]
	at org.apache.hadoop.hdds.server.OzoneProtocolMessageDispatcher.processRequest(OzoneProtocolMessageDispatcher.java:87) [hdds-server-framework-1.3.0-SNAPSHOT.jar:?]
	at org.apache.hadoop.ozone.protocolPB.OzoneManagerProtocolServerSideTranslatorPB.submitRequest(OzoneManagerProtocolServerSideTranslatorPB.java:146) [ozone-manager-1.3.0-SNAPSHOT.jar:?]
	at org.apache.hadoop.ozone.protocol.proto.OzoneManagerProtocolProtos$OzoneManagerService$2.callBlockingMethod(OzoneManagerProtocolProtos.java) [ozone-interface-client-1.3.0-SNAPSHOT.jar:?]
	at org.apache.hadoop.ipc.ProtobufRpcEngine$Server.processCall(ProtobufRpcEngine.java:466) [hadoop-common-3.3.1.jar:?]
	at org.apache.hadoop.ipc.ProtobufRpcEngine2$Server$ProtoBufRpcInvoker.call(ProtobufRpcEngine2.java:574) [hadoop-common-3.3.1.jar:?]
	at org.apache.hadoop.ipc.ProtobufRpcEngine2$Server$ProtoBufRpcInvoker.call(ProtobufRpcEngine2.java:552) [hadoop-common-3.3.1.jar:?]
	at org.apache.hadoop.ipc.RPC$Server.call(RPC.java:1093) [hadoop-common-3.3.1.jar:?]
	at org.apache.hadoop.ipc.Server$RpcCall.run(Server.java:1035) [hadoop-common-3.3.1.jar:?]
	at org.apache.hadoop.ipc.Server$RpcCall.run(Server.java:963) [hadoop-common-3.3.1.jar:?]
	at java.security.AccessController.doPrivileged(Native Method) ~[?:1.8.0_322]
	at javax.security.auth.Subject.doAs(Subject.java:422) [?:1.8.0_322]
	at org.apache.hadoop.security.UserGroupInformation.doAs(UserGroupInformation.java:1878) [hadoop-common-3.3.1.jar:?]
	at org.apache.hadoop.ipc.Server$Handler.run(Server.java:2966) [hadoop-common-3.3.1.jar:?]
01:55:09.926 [IPC Server handler 5 on default port 35711] ERROR OMAudit - user=runner | ip=127.0.0.1 | op=GET_FILE_STATUS {volume=volume11484, bucket=bucket58947, key=gdir1/dir6, dataSize=0, replicationConfig=null} | ret=FAILURE
org.apache.hadoop.ozone.om.exceptions.OMException: Unable to get file status: volume: volume11484 bucket: bucket58947 key: gdir1/dir6
	at org.apache.hadoop.ozone.om.KeyManagerImpl.getOzoneFileStatus(KeyManagerImpl.java:1280) ~[ozone-manager-1.3.0-SNAPSHOT.jar:?]
	at org.apache.hadoop.ozone.om.KeyManagerImpl.getFileStatus(KeyManagerImpl.java:1210) ~[ozone-manager-1.3.0-SNAPSHOT.jar:?]
	at org.apache.hadoop.ozone.om.OzoneManager.getFileStatus(OzoneManager.java:3009) ~[ozone-manager-1.3.0-SNAPSHOT.jar:?]
	at org.apache.hadoop.ozone.protocolPB.OzoneManagerRequestHandler.getOzoneFileStatus(OzoneManagerRequestHandler.java:670) ~[ozone-manager-1.3.0-SNAPSHOT.jar:?]
	at org.apache.hadoop.ozone.protocolPB.OzoneManagerRequestHandler.handleReadRequest(OzoneManagerRequestHandler.java:201) ~[ozone-manager-1.3.0-SNAPSHOT.jar:?]
	at org.apache.hadoop.ozone.protocolPB.OzoneManagerProtocolServerSideTranslatorPB.submitRequestDirectlyToOM(OzoneManagerProtocolServerSideTranslatorPB.java:271) ~[ozone-manager-1.3.0-SNAPSHOT.jar:?]
	at org.apache.hadoop.ozone.protocolPB.OzoneManagerProtocolServerSideTranslatorPB.processRequest(OzoneManagerProtocolServerSideTranslatorPB.java:195) ~[ozone-manager-1.3.0-SNAPSHOT.jar:?]
	at org.apache.hadoop.hdds.server.OzoneProtocolMessageDispatcher.processRequest(OzoneProtocolMessageDispatcher.java:87) [hdds-server-framework-1.3.0-SNAPSHOT.jar:?]
	at org.apache.hadoop.ozone.protocolPB.OzoneManagerProtocolServerSideTranslatorPB.submitRequest(OzoneManagerProtocolServerSideTranslatorPB.java:146) [ozone-manager-1.3.0-SNAPSHOT.jar:?]
	at org.apache.hadoop.ozone.protocol.proto.OzoneManagerProtocolProtos$OzoneManagerService$2.callBlockingMethod(OzoneManagerProtocolProtos.java) [ozone-interface-client-1.3.0-SNAPSHOT.jar:?]
	at org.apache.hadoop.ipc.ProtobufRpcEngine$Server.processCall(ProtobufRpcEngine.java:466) [hadoop-common-3.3.1.jar:?]
	at org.apache.hadoop.ipc.ProtobufRpcEngine2$Server$ProtoBufRpcInvoker.call(ProtobufRpcEngine2.java:574) [hadoop-common-3.3.1.jar:?]
	at org.apache.hadoop.ipc.ProtobufRpcEngine2$Server$ProtoBufRpcInvoker.call(ProtobufRpcEngine2.java:552) [hadoop-common-3.3.1.jar:?]
	at org.apache.hadoop.ipc.RPC$Server.call(RPC.java:1093) [hadoop-common-3.3.1.jar:?]
	at org.apache.hadoop.ipc.Server$RpcCall.run(Server.java:1035) [hadoop-common-3.3.1.jar:?]
	at org.apache.hadoop.ipc.Server$RpcCall.run(Server.java:963) [hadoop-common-3.3.1.jar:?]
	at java.security.AccessController.doPrivileged(Native Method) ~[?:1.8.0_322]
	at javax.security.auth.Subject.doAs(Subject.java:422) [?:1.8.0_322]
	at org.apache.hadoop.security.UserGroupInformation.doAs(UserGroupInformation.java:1878) [hadoop-common-3.3.1.jar:?]
	at org.apache.hadoop.ipc.Server$Handler.run(Server.java:2966) [hadoop-common-3.3.1.jar:?]
01:55:09.926 [IPC Server handler 1 on default port 35711] ERROR OMAudit - user=runner | ip=127.0.0.1 | op=GET_FILE_STATUS {volume=volume11484, bucket=bucket58947, key=gdir1/dir6/child, dataSize=0, replicationConfig=null} | ret=FAILURE
org.apache.hadoop.ozone.om.exceptions.OMException: Unable to get file status: volume: volume11484 bucket: bucket58947 key: gdir1/dir6/child
	at org.apache.hadoop.ozone.om.KeyManagerImpl.getOzoneFileStatus(KeyManagerImpl.java:1280) ~[ozone-manager-1.3.0-SNAPSHOT.jar:?]
	at org.apache.hadoop.ozone.om.KeyManagerImpl.getFileStatus(KeyManagerImpl.java:1210) ~[ozone-manager-1.3.0-SNAPSHOT.jar:?]
	at org.apache.hadoop.ozone.om.OzoneManager.getFileStatus(OzoneManager.java:3009) ~[ozone-manager-1.3.0-SNAPSHOT.jar:?]
	at org.apache.hadoop.ozone.protocolPB.OzoneManagerRequestHandler.getOzoneFileStatus(OzoneManagerRequestHandler.java:670) ~[ozone-manager-1.3.0-SNAPSHOT.jar:?]
	at org.apache.hadoop.ozone.protocolPB.OzoneManagerRequestHandler.handleReadRequest(OzoneManagerRequestHandler.java:201) ~[ozone-manager-1.3.0-SNAPSHOT.jar:?]
	at org.apache.hadoop.ozone.protocolPB.OzoneManagerProtocolServerSideTranslatorPB.submitRequestDirectlyToOM(OzoneManagerProtocolServerSideTranslatorPB.java:271) ~[ozone-manager-1.3.0-SNAPSHOT.jar:?]
	at org.apache.hadoop.ozone.protocolPB.OzoneManagerProtocolServerSideTranslatorPB.processRequest(OzoneManagerProtocolServerSideTranslatorPB.java:195) ~[ozone-manager-1.3.0-SNAPSHOT.jar:?]
	at org.apache.hadoop.hdds.server.OzoneProtocolMessageDispatcher.processRequest(OzoneProtocolMessageDispatcher.java:87) [hdds-server-framework-1.3.0-SNAPSHOT.jar:?]
	at org.apache.hadoop.ozone.protocolPB.OzoneManagerProtocolServerSideTranslatorPB.submitRequest(OzoneManagerProtocolServerSideTranslatorPB.java:146) [ozone-manager-1.3.0-SNAPSHOT.jar:?]
	at org.apache.hadoop.ozone.protocol.proto.OzoneManagerProtocolProtos$OzoneManagerService$2.callBlockingMethod(OzoneManagerProtocolProtos.java) [ozone-interface-client-1.3.0-SNAPSHOT.jar:?]
	at org.apache.hadoop.ipc.ProtobufRpcEngine$Server.processCall(ProtobufRpcEngine.java:466) [hadoop-common-3.3.1.jar:?]
	at org.apache.hadoop.ipc.ProtobufRpcEngine2$Server$ProtoBufRpcInvoker.call(ProtobufRpcEngine2.java:574) [hadoop-common-3.3.1.jar:?]
	at org.apache.hadoop.ipc.ProtobufRpcEngine2$Server$ProtoBufRpcInvoker.call(ProtobufRpcEngine2.java:552) [hadoop-common-3.3.1.jar:?]
	at org.apache.hadoop.ipc.RPC$Server.call(RPC.java:1093) [hadoop-common-3.3.1.jar:?]
	at org.apache.hadoop.ipc.Server$RpcCall.run(Server.java:1035) [hadoop-common-3.3.1.jar:?]
	at org.apache.hadoop.ipc.Server$RpcCall.run(Server.java:963) [hadoop-common-3.3.1.jar:?]
	at java.security.AccessController.doPrivileged(Native Method) ~[?:1.8.0_322]
	at javax.security.auth.Subject.doAs(Subject.java:422) [?:1.8.0_322]
	at org.apache.hadoop.security.UserGroupInformation.doAs(UserGroupInformation.java:1878) [hadoop-common-3.3.1.jar:?]
	at org.apache.hadoop.ipc.Server$Handler.run(Server.java:2966) [hadoop-common-3.3.1.jar:?]
01:55:09.927 [IPC Server handler 7 on default port 35711] ERROR OMAudit - user=runner | ip=127.0.0.1 | op=GET_FILE_STATUS {volume=volume11484, bucket=bucket58947, key=gdir1/dir7, dataSize=0, replicationConfig=null} | ret=FAILURE
org.apache.hadoop.ozone.om.exceptions.OMException: Unable to get file status: volume: volume11484 bucket: bucket58947 key: gdir1/dir7
	at org.apache.hadoop.ozone.om.KeyManagerImpl.getOzoneFileStatus(KeyManagerImpl.java:1280) ~[ozone-manager-1.3.0-SNAPSHOT.jar:?]
	at org.apache.hadoop.ozone.om.KeyManagerImpl.getFileStatus(KeyManagerImpl.java:1210) ~[ozone-manager-1.3.0-SNAPSHOT.jar:?]
	at org.apache.hadoop.ozone.om.OzoneManager.getFileStatus(OzoneManager.java:3009) ~[ozone-manager-1.3.0-SNAPSHOT.jar:?]
	at org.apache.hadoop.ozone.protocolPB.OzoneManagerRequestHandler.getOzoneFileStatus(OzoneManagerRequestHandler.java:670) ~[ozone-manager-1.3.0-SNAPSHOT.jar:?]
	at org.apache.hadoop.ozone.protocolPB.OzoneManagerRequestHandler.handleReadRequest(OzoneManagerRequestHandler.java:201) ~[ozone-manager-1.3.0-SNAPSHOT.jar:?]
	at org.apache.hadoop.ozone.protocolPB.OzoneManagerProtocolServerSideTranslatorPB.submitRequestDirectlyToOM(OzoneManagerProtocolServerSideTranslatorPB.java:271) ~[ozone-manager-1.3.0-SNAPSHOT.jar:?]
	at org.apache.hadoop.ozone.protocolPB.OzoneManagerProtocolServerSideTranslatorPB.processRequest(OzoneManagerProtocolServerSideTranslatorPB.java:195) ~[ozone-manager-1.3.0-SNAPSHOT.jar:?]
	at org.apache.hadoop.hdds.server.OzoneProtocolMessageDispatcher.processRequest(OzoneProtocolMessageDispatcher.java:87) [hdds-server-framework-1.3.0-SNAPSHOT.jar:?]
	at org.apache.hadoop.ozone.protocolPB.OzoneManagerProtocolServerSideTranslatorPB.submitRequest(OzoneManagerProtocolServerSideTranslatorPB.java:146) [ozone-manager-1.3.0-SNAPSHOT.jar:?]
	at org.apache.hadoop.ozone.protocol.proto.OzoneManagerProtocolProtos$OzoneManagerService$2.callBlockingMethod(OzoneManagerProtocolProtos.java) [ozone-interface-client-1.3.0-SNAPSHOT.jar:?]
	at org.apache.hadoop.ipc.ProtobufRpcEngine$Server.processCall(ProtobufRpcEngine.java:466) [hadoop-common-3.3.1.jar:?]
	at org.apache.hadoop.ipc.ProtobufRpcEngine2$Server$ProtoBufRpcInvoker.call(ProtobufRpcEngine2.java:574) [hadoop-common-3.3.1.jar:?]
	at org.apache.hadoop.ipc.ProtobufRpcEngine2$Server$ProtoBufRpcInvoker.call(ProtobufRpcEngine2.java:552) [hadoop-common-3.3.1.jar:?]
	at org.apache.hadoop.ipc.RPC$Server.call(RPC.java:1093) [hadoop-common-3.3.1.jar:?]
	at org.apache.hadoop.ipc.Server$RpcCall.run(Server.java:1035) [hadoop-common-3.3.1.jar:?]
	at org.apache.hadoop.ipc.Server$RpcCall.run(Server.java:963) [hadoop-common-3.3.1.jar:?]
	at java.security.AccessController.doPrivileged(Native Method) ~[?:1.8.0_322]
	at javax.security.auth.Subject.doAs(Subject.java:422) [?:1.8.0_322]
	at org.apache.hadoop.security.UserGroupInformation.doAs(UserGroupInformation.java:1878) [hadoop-common-3.3.1.jar:?]
	at org.apache.hadoop.ipc.Server$Handler.run(Server.java:2966) [hadoop-common-3.3.1.jar:?]
01:55:09.928 [IPC Server handler 2 on default port 35711] ERROR OMAudit - user=runner | ip=127.0.0.1 | op=GET_FILE_STATUS {volume=volume11484, bucket=bucket58947, key=gdir1/dir7/child, dataSize=0, replicationConfig=null} | ret=FAILURE
org.apache.hadoop.ozone.om.exceptions.OMException: Unable to get file status: volume: volume11484 bucket: bucket58947 key: gdir1/dir7/child
	at org.apache.hadoop.ozone.om.KeyManagerImpl.getOzoneFileStatus(KeyManagerImpl.java:1280) ~[ozone-manager-1.3.0-SNAPSHOT.jar:?]
	at org.apache.hadoop.ozone.om.KeyManagerImpl.getFileStatus(KeyManagerImpl.java:1210) ~[ozone-manager-1.3.0-SNAPSHOT.jar:?]
	at org.apache.hadoop.ozone.om.OzoneManager.getFileStatus(OzoneManager.java:3009) ~[ozone-manager-1.3.0-SNAPSHOT.jar:?]
	at org.apache.hadoop.ozone.protocolPB.OzoneManagerRequestHandler.getOzoneFileStatus(OzoneManagerRequestHandler.java:670) ~[ozone-manager-1.3.0-SNAPSHOT.jar:?]
	at org.apache.hadoop.ozone.protocolPB.OzoneManagerRequestHandler.handleReadRequest(OzoneManagerRequestHandler.java:201) ~[ozone-manager-1.3.0-SNAPSHOT.jar:?]
	at org.apache.hadoop.ozone.protocolPB.OzoneManagerProtocolServerSideTranslatorPB.submitRequestDirectlyToOM(OzoneManagerProtocolServerSideTranslatorPB.java:271) ~[ozone-manager-1.3.0-SNAPSHOT.jar:?]
	at org.apache.hadoop.ozone.protocolPB.OzoneManagerProtocolServerSideTranslatorPB.processRequest(OzoneManagerProtocolServerSideTranslatorPB.java:195) ~[ozone-manager-1.3.0-SNAPSHOT.jar:?]
	at org.apache.hadoop.hdds.server.OzoneProtocolMessageDispatcher.processRequest(OzoneProtocolMessageDispatcher.java:87) [hdds-server-framework-1.3.0-SNAPSHOT.jar:?]
	at org.apache.hadoop.ozone.protocolPB.OzoneManagerProtocolServerSideTranslatorPB.submitRequest(OzoneManagerProtocolServerSideTranslatorPB.java:146) [ozone-manager-1.3.0-SNAPSHOT.jar:?]
	at org.apache.hadoop.ozone.protocol.proto.OzoneManagerProtocolProtos$OzoneManagerService$2.callBlockingMethod(OzoneManagerProtocolProtos.java) [ozone-interface-client-1.3.0-SNAPSHOT.jar:?]
	at org.apache.hadoop.ipc.ProtobufRpcEngine$Server.processCall(ProtobufRpcEngine.java:466) [hadoop-common-3.3.1.jar:?]
	at org.apache.hadoop.ipc.ProtobufRpcEngine2$Server$ProtoBufRpcInvoker.call(ProtobufRpcEngine2.java:574) [hadoop-common-3.3.1.jar:?]
	at org.apache.hadoop.ipc.ProtobufRpcEngine2$Server$ProtoBufRpcInvoker.call(ProtobufRpcEngine2.java:552) [hadoop-common-3.3.1.jar:?]
	at org.apache.hadoop.ipc.RPC$Server.call(RPC.java:1093) [hadoop-common-3.3.1.jar:?]
	at org.apache.hadoop.ipc.Server$RpcCall.run(Server.java:1035) [hadoop-common-3.3.1.jar:?]
	at org.apache.hadoop.ipc.Server$RpcCall.run(Server.java:963) [hadoop-common-3.3.1.jar:?]
	at java.security.AccessController.doPrivileged(Native Method) ~[?:1.8.0_322]
	at javax.security.auth.Subject.doAs(Subject.java:422) [?:1.8.0_322]
	at org.apache.hadoop.security.UserGroupInformation.doAs(UserGroupInformation.java:1878) [hadoop-common-3.3.1.jar:?]
	at org.apache.hadoop.ipc.Server$Handler.run(Server.java:2966) [hadoop-common-3.3.1.jar:?]
01:55:09.929 [IPC Server handler 3 on default port 35711] ERROR OMAudit - user=runner | ip=127.0.0.1 | op=GET_FILE_STATUS {volume=volume11484, bucket=bucket58947, key=gdir1/dir8, dataSize=0, replicationConfig=null} | ret=FAILURE
org.apache.hadoop.ozone.om.exceptions.OMException: Unable to get file status: volume: volume11484 bucket: bucket58947 key: gdir1/dir8
	at org.apache.hadoop.ozone.om.KeyManagerImpl.getOzoneFileStatus(KeyManagerImpl.java:1280) ~[ozone-manager-1.3.0-SNAPSHOT.jar:?]
	at org.apache.hadoop.ozone.om.KeyManagerImpl.getFileStatus(KeyManagerImpl.java:1210) ~[ozone-manager-1.3.0-SNAPSHOT.jar:?]
	at org.apache.hadoop.ozone.om.OzoneManager.getFileStatus(OzoneManager.java:3009) ~[ozone-manager-1.3.0-SNAPSHOT.jar:?]
	at org.apache.hadoop.ozone.protocolPB.OzoneManagerRequestHandler.getOzoneFileStatus(OzoneManagerRequestHandler.java:670) ~[ozone-manager-1.3.0-SNAPSHOT.jar:?]
	at org.apache.hadoop.ozone.protocolPB.OzoneManagerRequestHandler.handleReadRequest(OzoneManagerRequestHandler.java:201) ~[ozone-manager-1.3.0-SNAPSHOT.jar:?]
	at org.apache.hadoop.ozone.protocolPB.OzoneManagerProtocolServerSideTranslatorPB.submitRequestDirectlyToOM(OzoneManagerProtocolServerSideTranslatorPB.java:271) ~[ozone-manager-1.3.0-SNAPSHOT.jar:?]
	at org.apache.hadoop.ozone.protocolPB.OzoneManagerProtocolServerSideTranslatorPB.processRequest(OzoneManagerProtocolServerSideTranslatorPB.java:195) ~[ozone-manager-1.3.0-SNAPSHOT.jar:?]
	at org.apache.hadoop.hdds.server.OzoneProtocolMessageDispatcher.processRequest(OzoneProtocolMessageDispatcher.java:87) [hdds-server-framework-1.3.0-SNAPSHOT.jar:?]
	at org.apache.hadoop.ozone.protocolPB.OzoneManagerProtocolServerSideTranslatorPB.submitRequest(OzoneManagerProtocolServerSideTranslatorPB.java:146) [ozone-manager-1.3.0-SNAPSHOT.jar:?]
	at org.apache.hadoop.ozone.protocol.proto.OzoneManagerProtocolProtos$OzoneManagerService$2.callBlockingMethod(OzoneManagerProtocolProtos.java) [ozone-interface-client-1.3.0-SNAPSHOT.jar:?]
	at org.apache.hadoop.ipc.ProtobufRpcEngine$Server.processCall(ProtobufRpcEngine.java:466) [hadoop-common-3.3.1.jar:?]
	at org.apache.hadoop.ipc.ProtobufRpcEngine2$Server$ProtoBufRpcInvoker.call(ProtobufRpcEngine2.java:574) [hadoop-common-3.3.1.jar:?]
	at org.apache.hadoop.ipc.ProtobufRpcEngine2$Server$ProtoBufRpcInvoker.call(ProtobufRpcEngine2.java:552) [hadoop-common-3.3.1.jar:?]
	at org.apache.hadoop.ipc.RPC$Server.call(RPC.java:1093) [hadoop-common-3.3.1.jar:?]
	at org.apache.hadoop.ipc.Server$RpcCall.run(Server.java:1035) [hadoop-common-3.3.1.jar:?]
	at org.apache.hadoop.ipc.Server$RpcCall.run(Server.java:963) [hadoop-common-3.3.1.jar:?]
	at java.security.AccessController.doPrivileged(Native Method) ~[?:1.8.0_322]
	at javax.security.auth.Subject.doAs(Subject.java:422) [?:1.8.0_322]
	at org.apache.hadoop.security.UserGroupInformation.doAs(UserGroupInformation.java:1878) [hadoop-common-3.3.1.jar:?]
	at org.apache.hadoop.ipc.Server$Handler.run(Server.java:2966) [hadoop-common-3.3.1.jar:?]
01:55:09.929 [IPC Server handler 8 on default port 35711] ERROR OMAudit - user=runner | ip=127.0.0.1 | op=GET_FILE_STATUS {volume=volume11484, bucket=bucket58947, key=gdir1/dir8/child, dataSize=0, replicationConfig=null} | ret=FAILURE
org.apache.hadoop.ozone.om.exceptions.OMException: Unable to get file status: volume: volume11484 bucket: bucket58947 key: gdir1/dir8/child
	at org.apache.hadoop.ozone.om.KeyManagerImpl.getOzoneFileStatus(KeyManagerImpl.java:1280) ~[ozone-manager-1.3.0-SNAPSHOT.jar:?]
	at org.apache.hadoop.ozone.om.KeyManagerImpl.getFileStatus(KeyManagerImpl.java:1210) ~[ozone-manager-1.3.0-SNAPSHOT.jar:?]
	at org.apache.hadoop.ozone.om.OzoneManager.getFileStatus(OzoneManager.java:3009) ~[ozone-manager-1.3.0-SNAPSHOT.jar:?]
	at org.apache.hadoop.ozone.protocolPB.OzoneManagerRequestHandler.getOzoneFileStatus(OzoneManagerRequestHandler.java:670) ~[ozone-manager-1.3.0-SNAPSHOT.jar:?]
	at org.apache.hadoop.ozone.protocolPB.OzoneManagerRequestHandler.handleReadRequest(OzoneManagerRequestHandler.java:201) ~[ozone-manager-1.3.0-SNAPSHOT.jar:?]
	at org.apache.hadoop.ozone.protocolPB.OzoneManagerProtocolServerSideTranslatorPB.submitRequestDirectlyToOM(OzoneManagerProtocolServerSideTranslatorPB.java:271) ~[ozone-manager-1.3.0-SNAPSHOT.jar:?]
	at org.apache.hadoop.ozone.protocolPB.OzoneManagerProtocolServerSideTranslatorPB.processRequest(OzoneManagerProtocolServerSideTranslatorPB.java:195) ~[ozone-manager-1.3.0-SNAPSHOT.jar:?]
	at org.apache.hadoop.hdds.server.OzoneProtocolMessageDispatcher.processRequest(OzoneProtocolMessageDispatcher.java:87) [hdds-server-framework-1.3.0-SNAPSHOT.jar:?]
	at org.apache.hadoop.ozone.protocolPB.OzoneManagerProtocolServerSideTranslatorPB.submitRequest(OzoneManagerProtocolServerSideTranslatorPB.java:146) [ozone-manager-1.3.0-SNAPSHOT.jar:?]
	at org.apache.hadoop.ozone.protocol.proto.OzoneManagerProtocolProtos$OzoneManagerService$2.callBlockingMethod(OzoneManagerProtocolProtos.java) [ozone-interface-client-1.3.0-SNAPSHOT.jar:?]
	at org.apache.hadoop.ipc.ProtobufRpcEngine$Server.processCall(ProtobufRpcEngine.java:466) [hadoop-common-3.3.1.jar:?]
	at org.apache.hadoop.ipc.ProtobufRpcEngine2$Server$ProtoBufRpcInvoker.call(ProtobufRpcEngine2.java:574) [hadoop-common-3.3.1.jar:?]
	at org.apache.hadoop.ipc.ProtobufRpcEngine2$Server$ProtoBufRpcInvoker.call(ProtobufRpcEngine2.java:552) [hadoop-common-3.3.1.jar:?]
	at org.apache.hadoop.ipc.RPC$Server.call(RPC.java:1093) [hadoop-common-3.3.1.jar:?]
	at org.apache.hadoop.ipc.Server$RpcCall.run(Server.java:1035) [hadoop-common-3.3.1.jar:?]
	at org.apache.hadoop.ipc.Server$RpcCall.run(Server.java:963) [hadoop-common-3.3.1.jar:?]
	at java.security.AccessController.doPrivileged(Native Method) ~[?:1.8.0_322]
	at javax.security.auth.Subject.doAs(Subject.java:422) [?:1.8.0_322]
	at org.apache.hadoop.security.UserGroupInformation.doAs(UserGroupInformation.java:1878) [hadoop-common-3.3.1.jar:?]
	at org.apache.hadoop.ipc.Server$Handler.run(Server.java:2966) [hadoop-common-3.3.1.jar:?]
01:55:09.931 [IPC Server handler 6 on default port 35711] ERROR OMAudit - user=runner | ip=127.0.0.1 | op=GET_FILE_STATUS {volume=volume11484, bucket=bucket58947, key=gdir1/dir9, dataSize=0, replicationConfig=null} | ret=FAILURE
org.apache.hadoop.ozone.om.exceptions.OMException: Unable to get file status: volume: volume11484 bucket: bucket58947 key: gdir1/dir9
	at org.apache.hadoop.ozone.om.KeyManagerImpl.getOzoneFileStatus(KeyManagerImpl.java:1280) ~[ozone-manager-1.3.0-SNAPSHOT.jar:?]
	at org.apache.hadoop.ozone.om.KeyManagerImpl.getFileStatus(KeyManagerImpl.java:1210) ~[ozone-manager-1.3.0-SNAPSHOT.jar:?]
	at org.apache.hadoop.ozone.om.OzoneManager.getFileStatus(OzoneManager.java:3009) ~[ozone-manager-1.3.0-SNAPSHOT.jar:?]
	at org.apache.hadoop.ozone.protocolPB.OzoneManagerRequestHandler.getOzoneFileStatus(OzoneManagerRequestHandler.java:670) ~[ozone-manager-1.3.0-SNAPSHOT.jar:?]
	at org.apache.hadoop.ozone.protocolPB.OzoneManagerRequestHandler.handleReadRequest(OzoneManagerRequestHandler.java:201) ~[ozone-manager-1.3.0-SNAPSHOT.jar:?]
	at org.apache.hadoop.ozone.protocolPB.OzoneManagerProtocolServerSideTranslatorPB.submitRequestDirectlyToOM(OzoneManagerProtocolServerSideTranslatorPB.java:271) ~[ozone-manager-1.3.0-SNAPSHOT.jar:?]
	at org.apache.hadoop.ozone.protocolPB.OzoneManagerProtocolServerSideTranslatorPB.processRequest(OzoneManagerProtocolServerSideTranslatorPB.java:195) ~[ozone-manager-1.3.0-SNAPSHOT.jar:?]
	at org.apache.hadoop.hdds.server.OzoneProtocolMessageDispatcher.processRequest(OzoneProtocolMessageDispatcher.java:87) [hdds-server-framework-1.3.0-SNAPSHOT.jar:?]
	at org.apache.hadoop.ozone.protocolPB.OzoneManagerProtocolServerSideTranslatorPB.submitRequest(OzoneManagerProtocolServerSideTranslatorPB.java:146) [ozone-manager-1.3.0-SNAPSHOT.jar:?]
	at org.apache.hadoop.ozone.protocol.proto.OzoneManagerProtocolProtos$OzoneManagerService$2.callBlockingMethod(OzoneManagerProtocolProtos.java) [ozone-interface-client-1.3.0-SNAPSHOT.jar:?]
	at org.apache.hadoop.ipc.ProtobufRpcEngine$Server.processCall(ProtobufRpcEngine.java:466) [hadoop-common-3.3.1.jar:?]
	at org.apache.hadoop.ipc.ProtobufRpcEngine2$Server$ProtoBufRpcInvoker.call(ProtobufRpcEngine2.java:574) [hadoop-common-3.3.1.jar:?]
	at org.apache.hadoop.ipc.ProtobufRpcEngine2$Server$ProtoBufRpcInvoker.call(ProtobufRpcEngine2.java:552) [hadoop-common-3.3.1.jar:?]
	at org.apache.hadoop.ipc.RPC$Server.call(RPC.java:1093) [hadoop-common-3.3.1.jar:?]
	at org.apache.hadoop.ipc.Server$RpcCall.run(Server.java:1035) [hadoop-common-3.3.1.jar:?]
	at org.apache.hadoop.ipc.Server$RpcCall.run(Server.java:963) [hadoop-common-3.3.1.jar:?]
	at java.security.AccessController.doPrivileged(Native Method) ~[?:1.8.0_322]
	at javax.security.auth.Subject.doAs(Subject.java:422) [?:1.8.0_322]
	at org.apache.hadoop.security.UserGroupInformation.doAs(UserGroupInformation.java:1878) [hadoop-common-3.3.1.jar:?]
	at org.apache.hadoop.ipc.Server$Handler.run(Server.java:2966) [hadoop-common-3.3.1.jar:?]
01:55:09.932 [IPC Server handler 4 on default port 35711] ERROR OMAudit - user=runner | ip=127.0.0.1 | op=GET_FILE_STATUS {volume=volume11484, bucket=bucket58947, key=gdir1/dir9/child, dataSize=0, replicationConfig=null} | ret=FAILURE
org.apache.hadoop.ozone.om.exceptions.OMException: Unable to get file status: volume: volume11484 bucket: bucket58947 key: gdir1/dir9/child
	at org.apache.hadoop.ozone.om.KeyManagerImpl.getOzoneFileStatus(KeyManagerImpl.java:1280) ~[ozone-manager-1.3.0-SNAPSHOT.jar:?]
	at org.apache.hadoop.ozone.om.KeyManagerImpl.getFileStatus(KeyManagerImpl.java:1210) ~[ozone-manager-1.3.0-SNAPSHOT.jar:?]
	at org.apache.hadoop.ozone.om.OzoneManager.getFileStatus(OzoneManager.java:3009) ~[ozone-manager-1.3.0-SNAPSHOT.jar:?]
	at org.apache.hadoop.ozone.protocolPB.OzoneManagerRequestHandler.getOzoneFileStatus(OzoneManagerRequestHandler.java:670) ~[ozone-manager-1.3.0-SNAPSHOT.jar:?]
	at org.apache.hadoop.ozone.protocolPB.OzoneManagerRequestHandler.handleReadRequest(OzoneManagerRequestHandler.java:201) ~[ozone-manager-1.3.0-SNAPSHOT.jar:?]
	at org.apache.hadoop.ozone.protocolPB.OzoneManagerProtocolServerSideTranslatorPB.submitRequestDirectlyToOM(OzoneManagerProtocolServerSideTranslatorPB.java:271) ~[ozone-manager-1.3.0-SNAPSHOT.jar:?]
	at org.apache.hadoop.ozone.protocolPB.OzoneManagerProtocolServerSideTranslatorPB.processRequest(OzoneManagerProtocolServerSideTranslatorPB.java:195) ~[ozone-manager-1.3.0-SNAPSHOT.jar:?]
	at org.apache.hadoop.hdds.server.OzoneProtocolMessageDispatcher.processRequest(OzoneProtocolMessageDispatcher.java:87) [hdds-server-framework-1.3.0-SNAPSHOT.jar:?]
	at org.apache.hadoop.ozone.protocolPB.OzoneManagerProtocolServerSideTranslatorPB.submitRequest(OzoneManagerProtocolServerSideTranslatorPB.java:146) [ozone-manager-1.3.0-SNAPSHOT.jar:?]
	at org.apache.hadoop.ozone.protocol.proto.OzoneManagerProtocolProtos$OzoneManagerService$2.callBlockingMethod(OzoneManagerProtocolProtos.java) [ozone-interface-client-1.3.0-SNAPSHOT.jar:?]
	at org.apache.hadoop.ipc.ProtobufRpcEngine$Server.processCall(ProtobufRpcEngine.java:466) [hadoop-common-3.3.1.jar:?]
	at org.apache.hadoop.ipc.ProtobufRpcEngine2$Server$ProtoBufRpcInvoker.call(ProtobufRpcEngine2.java:574) [hadoop-common-3.3.1.jar:?]
	at org.apache.hadoop.ipc.ProtobufRpcEngine2$Server$ProtoBufRpcInvoker.call(ProtobufRpcEngine2.java:552) [hadoop-common-3.3.1.jar:?]
	at org.apache.hadoop.ipc.RPC$Server.call(RPC.java:1093) [hadoop-common-3.3.1.jar:?]
	at org.apache.hadoop.ipc.Server$RpcCall.run(Server.java:1035) [hadoop-common-3.3.1.jar:?]
	at org.apache.hadoop.ipc.Server$RpcCall.run(Server.java:963) [hadoop-common-3.3.1.jar:?]
	at java.security.AccessController.doPrivileged(Native Method) ~[?:1.8.0_322]
	at javax.security.auth.Subject.doAs(Subject.java:422) [?:1.8.0_322]
	at org.apache.hadoop.security.UserGroupInformation.doAs(UserGroupInformation.java:1878) [hadoop-common-3.3.1.jar:?]
	at org.apache.hadoop.ipc.Server$Handler.run(Server.java:2966) [hadoop-common-3.3.1.jar:?]
01:55:09.932 [IPC Server handler 9 on default port 35711] ERROR OMAudit - user=runner | ip=127.0.0.1 | op=GET_FILE_STATUS {volume=volume11484, bucket=bucket58947, key=gdir1/dir10, dataSize=0, replicationConfig=null} | ret=FAILURE
org.apache.hadoop.ozone.om.exceptions.OMException: Unable to get file status: volume: volume11484 bucket: bucket58947 key: gdir1/dir10
	at org.apache.hadoop.ozone.om.KeyManagerImpl.getOzoneFileStatus(KeyManagerImpl.java:1280) ~[ozone-manager-1.3.0-SNAPSHOT.jar:?]
	at org.apache.hadoop.ozone.om.KeyManagerImpl.getFileStatus(KeyManagerImpl.java:1210) ~[ozone-manager-1.3.0-SNAPSHOT.jar:?]
	at org.apache.hadoop.ozone.om.OzoneManager.getFileStatus(OzoneManager.java:3009) ~[ozone-manager-1.3.0-SNAPSHOT.jar:?]
	at org.apache.hadoop.ozone.protocolPB.OzoneManagerRequestHandler.getOzoneFileStatus(OzoneManagerRequestHandler.java:670) ~[ozone-manager-1.3.0-SNAPSHOT.jar:?]
	at org.apache.hadoop.ozone.protocolPB.OzoneManagerRequestHandler.handleReadRequest(OzoneManagerRequestHandler.java:201) ~[ozone-manager-1.3.0-SNAPSHOT.jar:?]
	at org.apache.hadoop.ozone.protocolPB.OzoneManagerProtocolServerSideTranslatorPB.submitRequestDirectlyToOM(OzoneManagerProtocolServerSideTranslatorPB.java:271) ~[ozone-manager-1.3.0-SNAPSHOT.jar:?]
	at org.apache.hadoop.ozone.protocolPB.OzoneManagerProtocolServerSideTranslatorPB.processRequest(OzoneManagerProtocolServerSideTranslatorPB.java:195) ~[ozone-manager-1.3.0-SNAPSHOT.jar:?]
	at org.apache.hadoop.hdds.server.OzoneProtocolMessageDispatcher.processRequest(OzoneProtocolMessageDispatcher.java:87) [hdds-server-framework-1.3.0-SNAPSHOT.jar:?]
	at org.apache.hadoop.ozone.protocolPB.OzoneManagerProtocolServerSideTranslatorPB.submitRequest(OzoneManagerProtocolServerSideTranslatorPB.java:146) [ozone-manager-1.3.0-SNAPSHOT.jar:?]
	at org.apache.hadoop.ozone.protocol.proto.OzoneManagerProtocolProtos$OzoneManagerService$2.callBlockingMethod(OzoneManagerProtocolProtos.java) [ozone-interface-client-1.3.0-SNAPSHOT.jar:?]
	at org.apache.hadoop.ipc.ProtobufRpcEngine$Server.processCall(ProtobufRpcEngine.java:466) [hadoop-common-3.3.1.jar:?]
	at org.apache.hadoop.ipc.ProtobufRpcEngine2$Server$ProtoBufRpcInvoker.call(ProtobufRpcEngine2.java:574) [hadoop-common-3.3.1.jar:?]
	at org.apache.hadoop.ipc.ProtobufRpcEngine2$Server$ProtoBufRpcInvoker.call(ProtobufRpcEngine2.java:552) [hadoop-common-3.3.1.jar:?]
	at org.apache.hadoop.ipc.RPC$Server.call(RPC.java:1093) [hadoop-common-3.3.1.jar:?]
	at org.apache.hadoop.ipc.Server$RpcCall.run(Server.java:1035) [hadoop-common-3.3.1.jar:?]
	at org.apache.hadoop.ipc.Server$RpcCall.run(Server.java:963) [hadoop-common-3.3.1.jar:?]
	at java.security.AccessController.doPrivileged(Native Method) ~[?:1.8.0_322]
	at javax.security.auth.Subject.doAs(Subject.java:422) [?:1.8.0_322]
	at org.apache.hadoop.security.UserGroupInformation.doAs(UserGroupInformation.java:1878) [hadoop-common-3.3.1.jar:?]
	at org.apache.hadoop.ipc.Server$Handler.run(Server.java:2966) [hadoop-common-3.3.1.jar:?]
01:55:09.933 [IPC Server handler 14 on default port 35711] ERROR OMAudit - user=runner | ip=127.0.0.1 | op=GET_FILE_STATUS {volume=volume11484, bucket=bucket58947, key=gdir1/dir10/child, dataSize=0, replicationConfig=null} | ret=FAILURE
org.apache.hadoop.ozone.om.exceptions.OMException: Unable to get file status: volume: volume11484 bucket: bucket58947 key: gdir1/dir10/child
	at org.apache.hadoop.ozone.om.KeyManagerImpl.getOzoneFileStatus(KeyManagerImpl.java:1280) ~[ozone-manager-1.3.0-SNAPSHOT.jar:?]
	at org.apache.hadoop.ozone.om.KeyManagerImpl.getFileStatus(KeyManagerImpl.java:1210) ~[ozone-manager-1.3.0-SNAPSHOT.jar:?]
	at org.apache.hadoop.ozone.om.OzoneManager.getFileStatus(OzoneManager.java:3009) ~[ozone-manager-1.3.0-SNAPSHOT.jar:?]
	at org.apache.hadoop.ozone.protocolPB.OzoneManagerRequestHandler.getOzoneFileStatus(OzoneManagerRequestHandler.java:670) ~[ozone-manager-1.3.0-SNAPSHOT.jar:?]
	at org.apache.hadoop.ozone.protocolPB.OzoneManagerRequestHandler.handleReadRequest(OzoneManagerRequestHandler.java:201) ~[ozone-manager-1.3.0-SNAPSHOT.jar:?]
	at org.apache.hadoop.ozone.protocolPB.OzoneManagerProtocolServerSideTranslatorPB.submitRequestDirectlyToOM(OzoneManagerProtocolServerSideTranslatorPB.java:271) ~[ozone-manager-1.3.0-SNAPSHOT.jar:?]
	at org.apache.hadoop.ozone.protocolPB.OzoneManagerProtocolServerSideTranslatorPB.processRequest(OzoneManagerProtocolServerSideTranslatorPB.java:195) ~[ozone-manager-1.3.0-SNAPSHOT.jar:?]
	at org.apache.hadoop.hdds.server.OzoneProtocolMessageDispatcher.processRequest(OzoneProtocolMessageDispatcher.java:87) [hdds-server-framework-1.3.0-SNAPSHOT.jar:?]
	at org.apache.hadoop.ozone.protocolPB.OzoneManagerProtocolServerSideTranslatorPB.submitRequest(OzoneManagerProtocolServerSideTranslatorPB.java:146) [ozone-manager-1.3.0-SNAPSHOT.jar:?]
	at org.apache.hadoop.ozone.protocol.proto.OzoneManagerProtocolProtos$OzoneManagerService$2.callBlockingMethod(OzoneManagerProtocolProtos.java) [ozone-interface-client-1.3.0-SNAPSHOT.jar:?]
	at org.apache.hadoop.ipc.ProtobufRpcEngine$Server.processCall(ProtobufRpcEngine.java:466) [hadoop-common-3.3.1.jar:?]
	at org.apache.hadoop.ipc.ProtobufRpcEngine2$Server$ProtoBufRpcInvoker.call(ProtobufRpcEngine2.java:574) [hadoop-common-3.3.1.jar:?]
	at org.apache.hadoop.ipc.ProtobufRpcEngine2$Server$ProtoBufRpcInvoker.call(ProtobufRpcEngine2.java:552) [hadoop-common-3.3.1.jar:?]
	at org.apache.hadoop.ipc.RPC$Server.call(RPC.java:1093) [hadoop-common-3.3.1.jar:?]
	at org.apache.hadoop.ipc.Server$RpcCall.run(Server.java:1035) [hadoop-common-3.3.1.jar:?]
	at org.apache.hadoop.ipc.Server$RpcCall.run(Server.java:963) [hadoop-common-3.3.1.jar:?]
	at java.security.AccessController.doPrivileged(Native Method) ~[?:1.8.0_322]
	at javax.security.auth.Subject.doAs(Subject.java:422) [?:1.8.0_322]
	at org.apache.hadoop.security.UserGroupInformation.doAs(UserGroupInformation.java:1878) [hadoop-common-3.3.1.jar:?]
	at org.apache.hadoop.ipc.Server$Handler.run(Server.java:2966) [hadoop-common-3.3.1.jar:?]
01:55:10.026 [IPC Server handler 2 on default port 35711] ERROR OMAudit - user=runner | ip=127.0.0.1 | op=GET_FILE_STATUS {volume=volume11484, bucket=bucket58947, key=level0, dataSize=0, replicationConfig=null} | ret=FAILURE
org.apache.hadoop.ozone.om.exceptions.OMException: Unable to get file status: volume: volume11484 bucket: bucket58947 key: level0
	at org.apache.hadoop.ozone.om.KeyManagerImpl.getOzoneFileStatus(KeyManagerImpl.java:1280) ~[ozone-manager-1.3.0-SNAPSHOT.jar:?]
	at org.apache.hadoop.ozone.om.KeyManagerImpl.getFileStatus(KeyManagerImpl.java:1210) ~[ozone-manager-1.3.0-SNAPSHOT.jar:?]
	at org.apache.hadoop.ozone.om.OzoneManager.getFileStatus(OzoneManager.java:3009) ~[ozone-manager-1.3.0-SNAPSHOT.jar:?]
	at org.apache.hadoop.ozone.protocolPB.OzoneManagerRequestHandler.getOzoneFileStatus(OzoneManagerRequestHandler.java:670) ~[ozone-manager-1.3.0-SNAPSHOT.jar:?]
	at org.apache.hadoop.ozone.protocolPB.OzoneManagerRequestHandler.handleReadRequest(OzoneManagerRequestHandler.java:201) ~[ozone-manager-1.3.0-SNAPSHOT.jar:?]
	at org.apache.hadoop.ozone.protocolPB.OzoneManagerProtocolServerSideTranslatorPB.submitRequestDirectlyToOM(OzoneManagerProtocolServerSideTranslatorPB.java:271) ~[ozone-manager-1.3.0-SNAPSHOT.jar:?]
	at org.apache.hadoop.ozone.protocolPB.OzoneManagerProtocolServerSideTranslatorPB.processRequest(OzoneManagerProtocolServerSideTranslatorPB.java:195) ~[ozone-manager-1.3.0-SNAPSHOT.jar:?]
	at org.apache.hadoop.hdds.server.OzoneProtocolMessageDispatcher.processRequest(OzoneProtocolMessageDispatcher.java:87) [hdds-server-framework-1.3.0-SNAPSHOT.jar:?]
	at org.apache.hadoop.ozone.protocolPB.OzoneManagerProtocolServerSideTranslatorPB.submitRequest(OzoneManagerProtocolServerSideTranslatorPB.java:146) [ozone-manager-1.3.0-SNAPSHOT.jar:?]
	at org.apache.hadoop.ozone.protocol.proto.OzoneManagerProtocolProtos$OzoneManagerService$2.callBlockingMethod(OzoneManagerProtocolProtos.java) [ozone-interface-client-1.3.0-SNAPSHOT.jar:?]
	at org.apache.hadoop.ipc.ProtobufRpcEngine$Server.processCall(ProtobufRpcEngine.java:466) [hadoop-common-3.3.1.jar:?]
	at org.apache.hadoop.ipc.ProtobufRpcEngine2$Server$ProtoBufRpcInvoker.call(ProtobufRpcEngine2.java:574) [hadoop-common-3.3.1.jar:?]
	at org.apache.hadoop.ipc.ProtobufRpcEngine2$Server$ProtoBufRpcInvoker.call(ProtobufRpcEngine2.java:552) [hadoop-common-3.3.1.jar:?]
	at org.apache.hadoop.ipc.RPC$Server.call(RPC.java:1093) [hadoop-common-3.3.1.jar:?]
	at org.apache.hadoop.ipc.Server$RpcCall.run(Server.java:1035) [hadoop-common-3.3.1.jar:?]
	at org.apache.hadoop.ipc.Server$RpcCall.run(Server.java:963) [hadoop-common-3.3.1.jar:?]
	at java.security.AccessController.doPrivileged(Native Method) ~[?:1.8.0_322]
	at javax.security.auth.Subject.doAs(Subject.java:422) [?:1.8.0_322]
	at org.apache.hadoop.security.UserGroupInformation.doAs(UserGroupInformation.java:1878) [hadoop-common-3.3.1.jar:?]
	at org.apache.hadoop.ipc.Server$Handler.run(Server.java:2966) [hadoop-common-3.3.1.jar:?]
01:55:10.029 [IPC Server handler 3 on default port 35711] ERROR OMAudit - user=runner | ip=127.0.0.1 | op=GET_FILE_STATUS {volume=volume11484, bucket=bucket58947, key=level0/level1, dataSize=0, replicationConfig=null} | ret=FAILURE
org.apache.hadoop.ozone.om.exceptions.OMException: Unable to get file status: volume: volume11484 bucket: bucket58947 key: level0/level1
	at org.apache.hadoop.ozone.om.KeyManagerImpl.getOzoneFileStatus(KeyManagerImpl.java:1280) ~[ozone-manager-1.3.0-SNAPSHOT.jar:?]
	at org.apache.hadoop.ozone.om.KeyManagerImpl.getFileStatus(KeyManagerImpl.java:1210) ~[ozone-manager-1.3.0-SNAPSHOT.jar:?]
	at org.apache.hadoop.ozone.om.OzoneManager.getFileStatus(OzoneManager.java:3009) ~[ozone-manager-1.3.0-SNAPSHOT.jar:?]
	at org.apache.hadoop.ozone.protocolPB.OzoneManagerRequestHandler.getOzoneFileStatus(OzoneManagerRequestHandler.java:670) ~[ozone-manager-1.3.0-SNAPSHOT.jar:?]
	at org.apache.hadoop.ozone.protocolPB.OzoneManagerRequestHandler.handleReadRequest(OzoneManagerRequestHandler.java:201) ~[ozone-manager-1.3.0-SNAPSHOT.jar:?]
	at org.apache.hadoop.ozone.protocolPB.OzoneManagerProtocolServerSideTranslatorPB.submitRequestDirectlyToOM(OzoneManagerProtocolServerSideTranslatorPB.java:271) ~[ozone-manager-1.3.0-SNAPSHOT.jar:?]
	at org.apache.hadoop.ozone.protocolPB.OzoneManagerProtocolServerSideTranslatorPB.processRequest(OzoneManagerProtocolServerSideTranslatorPB.java:195) ~[ozone-manager-1.3.0-SNAPSHOT.jar:?]
	at org.apache.hadoop.hdds.server.OzoneProtocolMessageDispatcher.processRequest(OzoneProtocolMessageDispatcher.java:87) [hdds-server-framework-1.3.0-SNAPSHOT.jar:?]
	at org.apache.hadoop.ozone.protocolPB.OzoneManagerProtocolServerSideTranslatorPB.submitRequest(OzoneManagerProtocolServerSideTranslatorPB.java:146) [ozone-manager-1.3.0-SNAPSHOT.jar:?]
	at org.apache.hadoop.ozone.protocol.proto.OzoneManagerProtocolProtos$OzoneManagerService$2.callBlockingMethod(OzoneManagerProtocolProtos.java) [ozone-interface-client-1.3.0-SNAPSHOT.jar:?]
	at org.apache.hadoop.ipc.ProtobufRpcEngine$Server.processCall(ProtobufRpcEngine.java:466) [hadoop-common-3.3.1.jar:?]
	at org.apache.hadoop.ipc.ProtobufRpcEngine2$Server$ProtoBufRpcInvoker.call(ProtobufRpcEngine2.java:574) [hadoop-common-3.3.1.jar:?]
	at org.apache.hadoop.ipc.ProtobufRpcEngine2$Server$ProtoBufRpcInvoker.call(ProtobufRpcEngine2.java:552) [hadoop-common-3.3.1.jar:?]
	at org.apache.hadoop.ipc.RPC$Server.call(RPC.java:1093) [hadoop-common-3.3.1.jar:?]
	at org.apache.hadoop.ipc.Server$RpcCall.run(Server.java:1035) [hadoop-common-3.3.1.jar:?]
	at org.apache.hadoop.ipc.Server$RpcCall.run(Server.java:963) [hadoop-common-3.3.1.jar:?]
	at java.security.AccessController.doPrivileged(Native Method) ~[?:1.8.0_322]
	at javax.security.auth.Subject.doAs(Subject.java:422) [?:1.8.0_322]
	at org.apache.hadoop.security.UserGroupInformation.doAs(UserGroupInformation.java:1878) [hadoop-common-3.3.1.jar:?]
	at org.apache.hadoop.ipc.Server$Handler.run(Server.java:2966) [hadoop-common-3.3.1.jar:?]
01:55:10.030 [IPC Server handler 8 on default port 35711] ERROR OMAudit - user=runner | ip=127.0.0.1 | op=GET_FILE_STATUS {volume=volume11484, bucket=bucket58947, key=level0/level1/level1, dataSize=0, replicationConfig=null} | ret=FAILURE
org.apache.hadoop.ozone.om.exceptions.OMException: Unable to get file status: volume: volume11484 bucket: bucket58947 key: level0/level1/level1
	at org.apache.hadoop.ozone.om.KeyManagerImpl.getOzoneFileStatus(KeyManagerImpl.java:1280) ~[ozone-manager-1.3.0-SNAPSHOT.jar:?]
	at org.apache.hadoop.ozone.om.KeyManagerImpl.getFileStatus(KeyManagerImpl.java:1210) ~[ozone-manager-1.3.0-SNAPSHOT.jar:?]
	at org.apache.hadoop.ozone.om.OzoneManager.getFileStatus(OzoneManager.java:3009) ~[ozone-manager-1.3.0-SNAPSHOT.jar:?]
	at org.apache.hadoop.ozone.protocolPB.OzoneManagerRequestHandler.getOzoneFileStatus(OzoneManagerRequestHandler.java:670) ~[ozone-manager-1.3.0-SNAPSHOT.jar:?]
	at org.apache.hadoop.ozone.protocolPB.OzoneManagerRequestHandler.handleReadRequest(OzoneManagerRequestHandler.java:201) ~[ozone-manager-1.3.0-SNAPSHOT.jar:?]
	at org.apache.hadoop.ozone.protocolPB.OzoneManagerProtocolServerSideTranslatorPB.submitRequestDirectlyToOM(OzoneManagerProtocolServerSideTranslatorPB.java:271) ~[ozone-manager-1.3.0-SNAPSHOT.jar:?]
	at org.apache.hadoop.ozone.protocolPB.OzoneManagerProtocolServerSideTranslatorPB.processRequest(OzoneManagerProtocolServerSideTranslatorPB.java:195) ~[ozone-manager-1.3.0-SNAPSHOT.jar:?]
	at org.apache.hadoop.hdds.server.OzoneProtocolMessageDispatcher.processRequest(OzoneProtocolMessageDispatcher.java:87) [hdds-server-framework-1.3.0-SNAPSHOT.jar:?]
	at org.apache.hadoop.ozone.protocolPB.OzoneManagerProtocolServerSideTranslatorPB.submitRequest(OzoneManagerProtocolServerSideTranslatorPB.java:146) [ozone-manager-1.3.0-SNAPSHOT.jar:?]
	at org.apache.hadoop.ozone.protocol.proto.OzoneManagerProtocolProtos$OzoneManagerService$2.callBlockingMethod(OzoneManagerProtocolProtos.java) [ozone-interface-client-1.3.0-SNAPSHOT.jar:?]
	at org.apache.hadoop.ipc.ProtobufRpcEngine$Server.processCall(ProtobufRpcEngine.java:466) [hadoop-common-3.3.1.jar:?]
	at org.apache.hadoop.ipc.ProtobufRpcEngine2$Server$ProtoBufRpcInvoker.call(ProtobufRpcEngine2.java:574) [hadoop-common-3.3.1.jar:?]
	at org.apache.hadoop.ipc.ProtobufRpcEngine2$Server$ProtoBufRpcInvoker.call(ProtobufRpcEngine2.java:552) [hadoop-common-3.3.1.jar:?]
	at org.apache.hadoop.ipc.RPC$Server.call(RPC.java:1093) [hadoop-common-3.3.1.jar:?]
	at org.apache.hadoop.ipc.Server$RpcCall.run(Server.java:1035) [hadoop-common-3.3.1.jar:?]
	at org.apache.hadoop.ipc.Server$RpcCall.run(Server.java:963) [hadoop-common-3.3.1.jar:?]
	at java.security.AccessController.doPrivileged(Native Method) ~[?:1.8.0_322]
	at javax.security.auth.Subject.doAs(Subject.java:422) [?:1.8.0_322]
	at org.apache.hadoop.security.UserGroupInformation.doAs(UserGroupInformation.java:1878) [hadoop-common-3.3.1.jar:?]
	at org.apache.hadoop.ipc.Server$Handler.run(Server.java:2966) [hadoop-common-3.3.1.jar:?]
01:55:10.033 [IPC Server handler 6 on default port 35711] ERROR OMAudit - user=runner | ip=127.0.0.1 | op=GET_FILE_STATUS {volume=volume11484, bucket=bucket58947, key=level0/level1/file1, dataSize=0, replicationConfig=null} | ret=FAILURE
org.apache.hadoop.ozone.om.exceptions.OMException: Unable to get file status: volume: volume11484 bucket: bucket58947 key: level0/level1/file1
	at org.apache.hadoop.ozone.om.KeyManagerImpl.getOzoneFileStatus(KeyManagerImpl.java:1280) ~[ozone-manager-1.3.0-SNAPSHOT.jar:?]
	at org.apache.hadoop.ozone.om.KeyManagerImpl.getFileStatus(KeyManagerImpl.java:1210) ~[ozone-manager-1.3.0-SNAPSHOT.jar:?]
	at org.apache.hadoop.ozone.om.OzoneManager.getFileStatus(OzoneManager.java:3009) ~[ozone-manager-1.3.0-SNAPSHOT.jar:?]
	at org.apache.hadoop.ozone.protocolPB.OzoneManagerRequestHandler.getOzoneFileStatus(OzoneManagerRequestHandler.java:670) ~[ozone-manager-1.3.0-SNAPSHOT.jar:?]
	at org.apache.hadoop.ozone.protocolPB.OzoneManagerRequestHandler.handleReadRequest(OzoneManagerRequestHandler.java:201) ~[ozone-manager-1.3.0-SNAPSHOT.jar:?]
	at org.apache.hadoop.ozone.protocolPB.OzoneManagerProtocolServerSideTranslatorPB.submitRequestDirectlyToOM(OzoneManagerProtocolServerSideTranslatorPB.java:271) ~[ozone-manager-1.3.0-SNAPSHOT.jar:?]
	at org.apache.hadoop.ozone.protocolPB.OzoneManagerProtocolServerSideTranslatorPB.processRequest(OzoneManagerProtocolServerSideTranslatorPB.java:195) ~[ozone-manager-1.3.0-SNAPSHOT.jar:?]
	at org.apache.hadoop.hdds.server.OzoneProtocolMessageDispatcher.processRequest(OzoneProtocolMessageDispatcher.java:87) [hdds-server-framework-1.3.0-SNAPSHOT.jar:?]
	at org.apache.hadoop.ozone.protocolPB.OzoneManagerProtocolServerSideTranslatorPB.submitRequest(OzoneManagerProtocolServerSideTranslatorPB.java:146) [ozone-manager-1.3.0-SNAPSHOT.jar:?]
	at org.apache.hadoop.ozone.protocol.proto.OzoneManagerProtocolProtos$OzoneManagerService$2.callBlockingMethod(OzoneManagerProtocolProtos.java) [ozone-interface-client-1.3.0-SNAPSHOT.jar:?]
	at org.apache.hadoop.ipc.ProtobufRpcEngine$Server.processCall(ProtobufRpcEngine.java:466) [hadoop-common-3.3.1.jar:?]
	at org.apache.hadoop.ipc.ProtobufRpcEngine2$Server$ProtoBufRpcInvoker.call(ProtobufRpcEngine2.java:574) [hadoop-common-3.3.1.jar:?]
	at org.apache.hadoop.ipc.ProtobufRpcEngine2$Server$ProtoBufRpcInvoker.call(ProtobufRpcEngine2.java:552) [hadoop-common-3.3.1.jar:?]
	at org.apache.hadoop.ipc.RPC$Server.call(RPC.java:1093) [hadoop-common-3.3.1.jar:?]
	at org.apache.hadoop.ipc.Server$RpcCall.run(Server.java:1035) [hadoop-common-3.3.1.jar:?]
	at org.apache.hadoop.ipc.Server$RpcCall.run(Server.java:963) [hadoop-common-3.3.1.jar:?]
	at java.security.AccessController.doPrivileged(Native Method) ~[?:1.8.0_322]
	at javax.security.auth.Subject.doAs(Subject.java:422) [?:1.8.0_322]
	at org.apache.hadoop.security.UserGroupInformation.doAs(UserGroupInformation.java:1878) [hadoop-common-3.3.1.jar:?]
	at org.apache.hadoop.ipc.Server$Handler.run(Server.java:2966) [hadoop-common-3.3.1.jar:?]
01:55:10.034 [IPC Server handler 4 on default port 35711] ERROR OMAudit - user=runner | ip=127.0.0.1 | op=GET_FILE_STATUS {volume=volume11484, bucket=bucket58947, key=level0/level1/level1/file1, dataSize=0, replicationConfig=null} | ret=FAILURE
org.apache.hadoop.ozone.om.exceptions.OMException: Unable to get file status: volume: volume11484 bucket: bucket58947 key: level0/level1/level1/file1
	at org.apache.hadoop.ozone.om.KeyManagerImpl.getOzoneFileStatus(KeyManagerImpl.java:1280) ~[ozone-manager-1.3.0-SNAPSHOT.jar:?]
	at org.apache.hadoop.ozone.om.KeyManagerImpl.getFileStatus(KeyManagerImpl.java:1210) ~[ozone-manager-1.3.0-SNAPSHOT.jar:?]
	at org.apache.hadoop.ozone.om.OzoneManager.getFileStatus(OzoneManager.java:3009) ~[ozone-manager-1.3.0-SNAPSHOT.jar:?]
	at org.apache.hadoop.ozone.protocolPB.OzoneManagerRequestHandler.getOzoneFileStatus(OzoneManagerRequestHandler.java:670) ~[ozone-manager-1.3.0-SNAPSHOT.jar:?]
	at org.apache.hadoop.ozone.protocolPB.OzoneManagerRequestHandler.handleReadRequest(OzoneManagerRequestHandler.java:201) ~[ozone-manager-1.3.0-SNAPSHOT.jar:?]
	at org.apache.hadoop.ozone.protocolPB.OzoneManagerProtocolServerSideTranslatorPB.submitRequestDirectlyToOM(OzoneManagerProtocolServerSideTranslatorPB.java:271) ~[ozone-manager-1.3.0-SNAPSHOT.jar:?]
	at org.apache.hadoop.ozone.protocolPB.OzoneManagerProtocolServerSideTranslatorPB.processRequest(OzoneManagerProtocolServerSideTranslatorPB.java:195) ~[ozone-manager-1.3.0-SNAPSHOT.jar:?]
	at org.apache.hadoop.hdds.server.OzoneProtocolMessageDispatcher.processRequest(OzoneProtocolMessageDispatcher.java:87) [hdds-server-framework-1.3.0-SNAPSHOT.jar:?]
	at org.apache.hadoop.ozone.protocolPB.OzoneManagerProtocolServerSideTranslatorPB.submitRequest(OzoneManagerProtocolServerSideTranslatorPB.java:146) [ozone-manager-1.3.0-SNAPSHOT.jar:?]
	at org.apache.hadoop.ozone.protocol.proto.OzoneManagerProtocolProtos$OzoneManagerService$2.callBlockingMethod(OzoneManagerProtocolProtos.java) [ozone-interface-client-1.3.0-SNAPSHOT.jar:?]
	at org.apache.hadoop.ipc.ProtobufRpcEngine$Server.processCall(ProtobufRpcEngine.java:466) [hadoop-common-3.3.1.jar:?]
	at org.apache.hadoop.ipc.ProtobufRpcEngine2$Server$ProtoBufRpcInvoker.call(ProtobufRpcEngine2.java:574) [hadoop-common-3.3.1.jar:?]
	at org.apache.hadoop.ipc.ProtobufRpcEngine2$Server$ProtoBufRpcInvoker.call(ProtobufRpcEngine2.java:552) [hadoop-common-3.3.1.jar:?]
	at org.apache.hadoop.ipc.RPC$Server.call(RPC.java:1093) [hadoop-common-3.3.1.jar:?]
	at org.apache.hadoop.ipc.Server$RpcCall.run(Server.java:1035) [hadoop-common-3.3.1.jar:?]
	at org.apache.hadoop.ipc.Server$RpcCall.run(Server.java:963) [hadoop-common-3.3.1.jar:?]
	at java.security.AccessController.doPrivileged(Native Method) ~[?:1.8.0_322]
	at javax.security.auth.Subject.doAs(Subject.java:422) [?:1.8.0_322]
	at org.apache.hadoop.security.UserGroupInformation.doAs(UserGroupInformation.java:1878) [hadoop-common-3.3.1.jar:?]
	at org.apache.hadoop.ipc.Server$Handler.run(Server.java:2966) [hadoop-common-3.3.1.jar:?]
01:55:10.037 [IPC Server handler 9 on default port 35711] ERROR OMAudit - user=runner | ip=127.0.0.1 | op=GET_FILE_STATUS {volume=volume11484, bucket=bucket58947, key=level0/level2, dataSize=0, replicationConfig=null} | ret=FAILURE
org.apache.hadoop.ozone.om.exceptions.OMException: Unable to get file status: volume: volume11484 bucket: bucket58947 key: level0/level2
	at org.apache.hadoop.ozone.om.KeyManagerImpl.getOzoneFileStatus(KeyManagerImpl.java:1280) ~[ozone-manager-1.3.0-SNAPSHOT.jar:?]
	at org.apache.hadoop.ozone.om.KeyManagerImpl.getFileStatus(KeyManagerImpl.java:1210) ~[ozone-manager-1.3.0-SNAPSHOT.jar:?]
	at org.apache.hadoop.ozone.om.OzoneManager.getFileStatus(OzoneManager.java:3009) ~[ozone-manager-1.3.0-SNAPSHOT.jar:?]
	at org.apache.hadoop.ozone.protocolPB.OzoneManagerRequestHandler.getOzoneFileStatus(OzoneManagerRequestHandler.java:670) ~[ozone-manager-1.3.0-SNAPSHOT.jar:?]
	at org.apache.hadoop.ozone.protocolPB.OzoneManagerRequestHandler.handleReadRequest(OzoneManagerRequestHandler.java:201) ~[ozone-manager-1.3.0-SNAPSHOT.jar:?]
	at org.apache.hadoop.ozone.protocolPB.OzoneManagerProtocolServerSideTranslatorPB.submitRequestDirectlyToOM(OzoneManagerProtocolServerSideTranslatorPB.java:271) ~[ozone-manager-1.3.0-SNAPSHOT.jar:?]
	at org.apache.hadoop.ozone.protocolPB.OzoneManagerProtocolServerSideTranslatorPB.processRequest(OzoneManagerProtocolServerSideTranslatorPB.java:195) ~[ozone-manager-1.3.0-SNAPSHOT.jar:?]
	at org.apache.hadoop.hdds.server.OzoneProtocolMessageDispatcher.processRequest(OzoneProtocolMessageDispatcher.java:87) [hdds-server-framework-1.3.0-SNAPSHOT.jar:?]
	at org.apache.hadoop.ozone.protocolPB.OzoneManagerProtocolServerSideTranslatorPB.submitRequest(OzoneManagerProtocolServerSideTranslatorPB.java:146) [ozone-manager-1.3.0-SNAPSHOT.jar:?]
	at org.apache.hadoop.ozone.protocol.proto.OzoneManagerProtocolProtos$OzoneManagerService$2.callBlockingMethod(OzoneManagerProtocolProtos.java) [ozone-interface-client-1.3.0-SNAPSHOT.jar:?]
	at org.apache.hadoop.ipc.ProtobufRpcEngine$Server.processCall(ProtobufRpcEngine.java:466) [hadoop-common-3.3.1.jar:?]
	at org.apache.hadoop.ipc.ProtobufRpcEngine2$Server$ProtoBufRpcInvoker.call(ProtobufRpcEngine2.java:574) [hadoop-common-3.3.1.jar:?]
	at org.apache.hadoop.ipc.ProtobufRpcEngine2$Server$ProtoBufRpcInvoker.call(ProtobufRpcEngine2.java:552) [hadoop-common-3.3.1.jar:?]
	at org.apache.hadoop.ipc.RPC$Server.call(RPC.java:1093) [hadoop-common-3.3.1.jar:?]
	at org.apache.hadoop.ipc.Server$RpcCall.run(Server.java:1035) [hadoop-common-3.3.1.jar:?]
	at org.apache.hadoop.ipc.Server$RpcCall.run(Server.java:963) [hadoop-common-3.3.1.jar:?]
	at java.security.AccessController.doPrivileged(Native Method) ~[?:1.8.0_322]
	at javax.security.auth.Subject.doAs(Subject.java:422) [?:1.8.0_322]
	at org.apache.hadoop.security.UserGroupInformation.doAs(UserGroupInformation.java:1878) [hadoop-common-3.3.1.jar:?]
	at org.apache.hadoop.ipc.Server$Handler.run(Server.java:2966) [hadoop-common-3.3.1.jar:?]
01:55:10.041 [IPC Server handler 14 on default port 35711] ERROR OMAudit - user=runner | ip=127.0.0.1 | op=GET_FILE_STATUS {volume=volume11484, bucket=bucket58947, key=level0/level2/level2, dataSize=0, replicationConfig=null} | ret=FAILURE
org.apache.hadoop.ozone.om.exceptions.OMException: Unable to get file status: volume: volume11484 bucket: bucket58947 key: level0/level2/level2
	at org.apache.hadoop.ozone.om.KeyManagerImpl.getOzoneFileStatus(KeyManagerImpl.java:1280) ~[ozone-manager-1.3.0-SNAPSHOT.jar:?]
	at org.apache.hadoop.ozone.om.KeyManagerImpl.getFileStatus(KeyManagerImpl.java:1210) ~[ozone-manager-1.3.0-SNAPSHOT.jar:?]
	at org.apache.hadoop.ozone.om.OzoneManager.getFileStatus(OzoneManager.java:3009) ~[ozone-manager-1.3.0-SNAPSHOT.jar:?]
	at org.apache.hadoop.ozone.protocolPB.OzoneManagerRequestHandler.getOzoneFileStatus(OzoneManagerRequestHandler.java:670) ~[ozone-manager-1.3.0-SNAPSHOT.jar:?]
	at org.apache.hadoop.ozone.protocolPB.OzoneManagerRequestHandler.handleReadRequest(OzoneManagerRequestHandler.java:201) ~[ozone-manager-1.3.0-SNAPSHOT.jar:?]
	at org.apache.hadoop.ozone.protocolPB.OzoneManagerProtocolServerSideTranslatorPB.submitRequestDirectlyToOM(OzoneManagerProtocolServerSideTranslatorPB.java:271) ~[ozone-manager-1.3.0-SNAPSHOT.jar:?]
	at org.apache.hadoop.ozone.protocolPB.OzoneManagerProtocolServerSideTranslatorPB.processRequest(OzoneManagerProtocolServerSideTranslatorPB.java:195) ~[ozone-manager-1.3.0-SNAPSHOT.jar:?]
	at org.apache.hadoop.hdds.server.OzoneProtocolMessageDispatcher.processRequest(OzoneProtocolMessageDispatcher.java:87) [hdds-server-framework-1.3.0-SNAPSHOT.jar:?]
	at org.apache.hadoop.ozone.protocolPB.OzoneManagerProtocolServerSideTranslatorPB.submitRequest(OzoneManagerProtocolServerSideTranslatorPB.java:146) [ozone-manager-1.3.0-SNAPSHOT.jar:?]
	at org.apache.hadoop.ozone.protocol.proto.OzoneManagerProtocolProtos$OzoneManagerService$2.callBlockingMethod(OzoneManagerProtocolProtos.java) [ozone-interface-client-1.3.0-SNAPSHOT.jar:?]
	at org.apache.hadoop.ipc.ProtobufRpcEngine$Server.processCall(ProtobufRpcEngine.java:466) [hadoop-common-3.3.1.jar:?]
	at org.apache.hadoop.ipc.ProtobufRpcEngine2$Server$ProtoBufRpcInvoker.call(ProtobufRpcEngine2.java:574) [hadoop-common-3.3.1.jar:?]
	at org.apache.hadoop.ipc.ProtobufRpcEngine2$Server$ProtoBufRpcInvoker.call(ProtobufRpcEngine2.java:552) [hadoop-common-3.3.1.jar:?]
	at org.apache.hadoop.ipc.RPC$Server.call(RPC.java:1093) [hadoop-common-3.3.1.jar:?]
	at org.apache.hadoop.ipc.Server$RpcCall.run(Server.java:1035) [hadoop-common-3.3.1.jar:?]
	at org.apache.hadoop.ipc.Server$RpcCall.run(Server.java:963) [hadoop-common-3.3.1.jar:?]
	at java.security.AccessController.doPrivileged(Native Method) ~[?:1.8.0_322]
	at javax.security.auth.Subject.doAs(Subject.java:422) [?:1.8.0_322]
	at org.apache.hadoop.security.UserGroupInformation.doAs(UserGroupInformation.java:1878) [hadoop-common-3.3.1.jar:?]
	at org.apache.hadoop.ipc.Server$Handler.run(Server.java:2966) [hadoop-common-3.3.1.jar:?]
01:55:10.042 [IPC Server handler 12 on default port 35711] ERROR OMAudit - user=runner | ip=127.0.0.1 | op=GET_FILE_STATUS {volume=volume11484, bucket=bucket58947, key=level0/level2/file1, dataSize=0, replicationConfig=null} | ret=FAILURE
org.apache.hadoop.ozone.om.exceptions.OMException: Unable to get file status: volume: volume11484 bucket: bucket58947 key: level0/level2/file1
	at org.apache.hadoop.ozone.om.KeyManagerImpl.getOzoneFileStatus(KeyManagerImpl.java:1280) ~[ozone-manager-1.3.0-SNAPSHOT.jar:?]
	at org.apache.hadoop.ozone.om.KeyManagerImpl.getFileStatus(KeyManagerImpl.java:1210) ~[ozone-manager-1.3.0-SNAPSHOT.jar:?]
	at org.apache.hadoop.ozone.om.OzoneManager.getFileStatus(OzoneManager.java:3009) ~[ozone-manager-1.3.0-SNAPSHOT.jar:?]
	at org.apache.hadoop.ozone.protocolPB.OzoneManagerRequestHandler.getOzoneFileStatus(OzoneManagerRequestHandler.java:670) ~[ozone-manager-1.3.0-SNAPSHOT.jar:?]
	at org.apache.hadoop.ozone.protocolPB.OzoneManagerRequestHandler.handleReadRequest(OzoneManagerRequestHandler.java:201) ~[ozone-manager-1.3.0-SNAPSHOT.jar:?]
	at org.apache.hadoop.ozone.protocolPB.OzoneManagerProtocolServerSideTranslatorPB.submitRequestDirectlyToOM(OzoneManagerProtocolServerSideTranslatorPB.java:271) ~[ozone-manager-1.3.0-SNAPSHOT.jar:?]
	at org.apache.hadoop.ozone.protocolPB.OzoneManagerProtocolServerSideTranslatorPB.processRequest(OzoneManagerProtocolServerSideTranslatorPB.java:195) ~[ozone-manager-1.3.0-SNAPSHOT.jar:?]
	at org.apache.hadoop.hdds.server.OzoneProtocolMessageDispatcher.processRequest(OzoneProtocolMessageDispatcher.java:87) [hdds-server-framework-1.3.0-SNAPSHOT.jar:?]
	at org.apache.hadoop.ozone.protocolPB.OzoneManagerProtocolServerSideTranslatorPB.submitRequest(OzoneManagerProtocolServerSideTranslatorPB.java:146) [ozone-manager-1.3.0-SNAPSHOT.jar:?]
	at org.apache.hadoop.ozone.protocol.proto.OzoneManagerProtocolProtos$OzoneManagerService$2.callBlockingMethod(OzoneManagerProtocolProtos.java) [ozone-interface-client-1.3.0-SNAPSHOT.jar:?]
	at org.apache.hadoop.ipc.ProtobufRpcEngine$Server.processCall(ProtobufRpcEngine.java:466) [hadoop-common-3.3.1.jar:?]
	at org.apache.hadoop.ipc.ProtobufRpcEngine2$Server$ProtoBufRpcInvoker.call(ProtobufRpcEngine2.java:574) [hadoop-common-3.3.1.jar:?]
	at org.apache.hadoop.ipc.ProtobufRpcEngine2$Server$ProtoBufRpcInvoker.call(ProtobufRpcEngine2.java:552) [hadoop-common-3.3.1.jar:?]
	at org.apache.hadoop.ipc.RPC$Server.call(RPC.java:1093) [hadoop-common-3.3.1.jar:?]
	at org.apache.hadoop.ipc.Server$RpcCall.run(Server.java:1035) [hadoop-common-3.3.1.jar:?]
	at org.apache.hadoop.ipc.Server$RpcCall.run(Server.java:963) [hadoop-common-3.3.1.jar:?]
	at java.security.AccessController.doPrivileged(Native Method) ~[?:1.8.0_322]
	at javax.security.auth.Subject.doAs(Subject.java:422) [?:1.8.0_322]
	at org.apache.hadoop.security.UserGroupInformation.doAs(UserGroupInformation.java:1878) [hadoop-common-3.3.1.jar:?]
	at org.apache.hadoop.ipc.Server$Handler.run(Server.java:2966) [hadoop-common-3.3.1.jar:?]
01:55:10.042 [IPC Server handler 18 on default port 35711] ERROR OMAudit - user=runner | ip=127.0.0.1 | op=GET_FILE_STATUS {volume=volume11484, bucket=bucket58947, key=level0/level2/level2/file1, dataSize=0, replicationConfig=null} | ret=FAILURE
org.apache.hadoop.ozone.om.exceptions.OMException: Unable to get file status: volume: volume11484 bucket: bucket58947 key: level0/level2/level2/file1
	at org.apache.hadoop.ozone.om.KeyManagerImpl.getOzoneFileStatus(KeyManagerImpl.java:1280) ~[ozone-manager-1.3.0-SNAPSHOT.jar:?]
	at org.apache.hadoop.ozone.om.KeyManagerImpl.getFileStatus(KeyManagerImpl.java:1210) ~[ozone-manager-1.3.0-SNAPSHOT.jar:?]
	at org.apache.hadoop.ozone.om.OzoneManager.getFileStatus(OzoneManager.java:3009) ~[ozone-manager-1.3.0-SNAPSHOT.jar:?]
	at org.apache.hadoop.ozone.protocolPB.OzoneManagerRequestHandler.getOzoneFileStatus(OzoneManagerRequestHandler.java:670) ~[ozone-manager-1.3.0-SNAPSHOT.jar:?]
	at org.apache.hadoop.ozone.protocolPB.OzoneManagerRequestHandler.handleReadRequest(OzoneManagerRequestHandler.java:201) ~[ozone-manager-1.3.0-SNAPSHOT.jar:?]
	at org.apache.hadoop.ozone.protocolPB.OzoneManagerProtocolServerSideTranslatorPB.submitRequestDirectlyToOM(OzoneManagerProtocolServerSideTranslatorPB.java:271) ~[ozone-manager-1.3.0-SNAPSHOT.jar:?]
	at org.apache.hadoop.ozone.protocolPB.OzoneManagerProtocolServerSideTranslatorPB.processRequest(OzoneManagerProtocolServerSideTranslatorPB.java:195) ~[ozone-manager-1.3.0-SNAPSHOT.jar:?]
	at org.apache.hadoop.hdds.server.OzoneProtocolMessageDispatcher.processRequest(OzoneProtocolMessageDispatcher.java:87) [hdds-server-framework-1.3.0-SNAPSHOT.jar:?]
	at org.apache.hadoop.ozone.protocolPB.OzoneManagerProtocolServerSideTranslatorPB.submitRequest(OzoneManagerProtocolServerSideTranslatorPB.java:146) [ozone-manager-1.3.0-SNAPSHOT.jar:?]
	at org.apache.hadoop.ozone.protocol.proto.OzoneManagerProtocolProtos$OzoneManagerService$2.callBlockingMethod(OzoneManagerProtocolProtos.java) [ozone-interface-client-1.3.0-SNAPSHOT.jar:?]
	at org.apache.hadoop.ipc.ProtobufRpcEngine$Server.processCall(ProtobufRpcEngine.java:466) [hadoop-common-3.3.1.jar:?]
	at org.apache.hadoop.ipc.ProtobufRpcEngine2$Server$ProtoBufRpcInvoker.call(ProtobufRpcEngine2.java:574) [hadoop-common-3.3.1.jar:?]
	at org.apache.hadoop.ipc.ProtobufRpcEngine2$Server$ProtoBufRpcInvoker.call(ProtobufRpcEngine2.java:552) [hadoop-common-3.3.1.jar:?]
	at org.apache.hadoop.ipc.RPC$Server.call(RPC.java:1093) [hadoop-common-3.3.1.jar:?]
	at org.apache.hadoop.ipc.Server$RpcCall.run(Server.java:1035) [hadoop-common-3.3.1.jar:?]
	at org.apache.hadoop.ipc.Server$RpcCall.run(Server.java:963) [hadoop-common-3.3.1.jar:?]
	at java.security.AccessController.doPrivileged(Native Method) ~[?:1.8.0_322]
	at javax.security.auth.Subject.doAs(Subject.java:422) [?:1.8.0_322]
	at org.apache.hadoop.security.UserGroupInformation.doAs(UserGroupInformation.java:1878) [hadoop-common-3.3.1.jar:?]
	at org.apache.hadoop.ipc.Server$Handler.run(Server.java:2966) [hadoop-common-3.3.1.jar:?]
01:55:10.043 [IPC Server handler 10 on default port 35711] ERROR OMAudit - user=runner | ip=127.0.0.1 | op=GET_FILE_STATUS {volume=volume11484, bucket=bucket58947, key=level0/level3, dataSize=0, replicationConfig=null} | ret=FAILURE
org.apache.hadoop.ozone.om.exceptions.OMException: Unable to get file status: volume: volume11484 bucket: bucket58947 key: level0/level3
	at org.apache.hadoop.ozone.om.KeyManagerImpl.getOzoneFileStatus(KeyManagerImpl.java:1280) ~[ozone-manager-1.3.0-SNAPSHOT.jar:?]
	at org.apache.hadoop.ozone.om.KeyManagerImpl.getFileStatus(KeyManagerImpl.java:1210) ~[ozone-manager-1.3.0-SNAPSHOT.jar:?]
	at org.apache.hadoop.ozone.om.OzoneManager.getFileStatus(OzoneManager.java:3009) ~[ozone-manager-1.3.0-SNAPSHOT.jar:?]
	at org.apache.hadoop.ozone.protocolPB.OzoneManagerRequestHandler.getOzoneFileStatus(OzoneManagerRequestHandler.java:670) ~[ozone-manager-1.3.0-SNAPSHOT.jar:?]
	at org.apache.hadoop.ozone.protocolPB.OzoneManagerRequestHandler.handleReadRequest(OzoneManagerRequestHandler.java:201) ~[ozone-manager-1.3.0-SNAPSHOT.jar:?]
	at org.apache.hadoop.ozone.protocolPB.OzoneManagerProtocolServerSideTranslatorPB.submitRequestDirectlyToOM(OzoneManagerProtocolServerSideTranslatorPB.java:271) ~[ozone-manager-1.3.0-SNAPSHOT.jar:?]
	at org.apache.hadoop.ozone.protocolPB.OzoneManagerProtocolServerSideTranslatorPB.processRequest(OzoneManagerProtocolServerSideTranslatorPB.java:195) ~[ozone-manager-1.3.0-SNAPSHOT.jar:?]
	at org.apache.hadoop.hdds.server.OzoneProtocolMessageDispatcher.processRequest(OzoneProtocolMessageDispatcher.java:87) [hdds-server-framework-1.3.0-SNAPSHOT.jar:?]
	at org.apache.hadoop.ozone.protocolPB.OzoneManagerProtocolServerSideTranslatorPB.submitRequest(OzoneManagerProtocolServerSideTranslatorPB.java:146) [ozone-manager-1.3.0-SNAPSHOT.jar:?]
	at org.apache.hadoop.ozone.protocol.proto.OzoneManagerProtocolProtos$OzoneManagerService$2.callBlockingMethod(OzoneManagerProtocolProtos.java) [ozone-interface-client-1.3.0-SNAPSHOT.jar:?]
	at org.apache.hadoop.ipc.ProtobufRpcEngine$Server.processCall(ProtobufRpcEngine.java:466) [hadoop-common-3.3.1.jar:?]
	at org.apache.hadoop.ipc.ProtobufRpcEngine2$Server$ProtoBufRpcInvoker.call(ProtobufRpcEngine2.java:574) [hadoop-common-3.3.1.jar:?]
	at org.apache.hadoop.ipc.ProtobufRpcEngine2$Server$ProtoBufRpcInvoker.call(ProtobufRpcEngine2.java:552) [hadoop-common-3.3.1.jar:?]
	at org.apache.hadoop.ipc.RPC$Server.call(RPC.java:1093) [hadoop-common-3.3.1.jar:?]
	at org.apache.hadoop.ipc.Server$RpcCall.run(Server.java:1035) [hadoop-common-3.3.1.jar:?]
	at org.apache.hadoop.ipc.Server$RpcCall.run(Server.java:963) [hadoop-common-3.3.1.jar:?]
	at java.security.AccessController.doPrivileged(Native Method) ~[?:1.8.0_322]
	at javax.security.auth.Subject.doAs(Subject.java:422) [?:1.8.0_322]
	at org.apache.hadoop.security.UserGroupInformation.doAs(UserGroupInformation.java:1878) [hadoop-common-3.3.1.jar:?]
	at org.apache.hadoop.ipc.Server$Handler.run(Server.java:2966) [hadoop-common-3.3.1.jar:?]
01:55:10.043 [IPC Server handler 11 on default port 35711] ERROR OMAudit - user=runner | ip=127.0.0.1 | op=GET_FILE_STATUS {volume=volume11484, bucket=bucket58947, key=level0/level3/level3, dataSize=0, replicationConfig=null} | ret=FAILURE
org.apache.hadoop.ozone.om.exceptions.OMException: Unable to get file status: volume: volume11484 bucket: bucket58947 key: level0/level3/level3
	at org.apache.hadoop.ozone.om.KeyManagerImpl.getOzoneFileStatus(KeyManagerImpl.java:1280) ~[ozone-manager-1.3.0-SNAPSHOT.jar:?]
	at org.apache.hadoop.ozone.om.KeyManagerImpl.getFileStatus(KeyManagerImpl.java:1210) ~[ozone-manager-1.3.0-SNAPSHOT.jar:?]
	at org.apache.hadoop.ozone.om.OzoneManager.getFileStatus(OzoneManager.java:3009) ~[ozone-manager-1.3.0-SNAPSHOT.jar:?]
	at org.apache.hadoop.ozone.protocolPB.OzoneManagerRequestHandler.getOzoneFileStatus(OzoneManagerRequestHandler.java:670) ~[ozone-manager-1.3.0-SNAPSHOT.jar:?]
	at org.apache.hadoop.ozone.protocolPB.OzoneManagerRequestHandler.handleReadRequest(OzoneManagerRequestHandler.java:201) ~[ozone-manager-1.3.0-SNAPSHOT.jar:?]
	at org.apache.hadoop.ozone.protocolPB.OzoneManagerProtocolServerSideTranslatorPB.submitRequestDirectlyToOM(OzoneManagerProtocolServerSideTranslatorPB.java:271) ~[ozone-manager-1.3.0-SNAPSHOT.jar:?]
	at org.apache.hadoop.ozone.protocolPB.OzoneManagerProtocolServerSideTranslatorPB.processRequest(OzoneManagerProtocolServerSideTranslatorPB.java:195) ~[ozone-manager-1.3.0-SNAPSHOT.jar:?]
	at org.apache.hadoop.hdds.server.OzoneProtocolMessageDispatcher.processRequest(OzoneProtocolMessageDispatcher.java:87) [hdds-server-framework-1.3.0-SNAPSHOT.jar:?]
	at org.apache.hadoop.ozone.protocolPB.OzoneManagerProtocolServerSideTranslatorPB.submitRequest(OzoneManagerProtocolServerSideTranslatorPB.java:146) [ozone-manager-1.3.0-SNAPSHOT.jar:?]
	at org.apache.hadoop.ozone.protocol.proto.OzoneManagerProtocolProtos$OzoneManagerService$2.callBlockingMethod(OzoneManagerProtocolProtos.java) [ozone-interface-client-1.3.0-SNAPSHOT.jar:?]
	at org.apache.hadoop.ipc.ProtobufRpcEngine$Server.processCall(ProtobufRpcEngine.java:466) [hadoop-common-3.3.1.jar:?]
	at org.apache.hadoop.ipc.ProtobufRpcEngine2$Server$ProtoBufRpcInvoker.call(ProtobufRpcEngine2.java:574) [hadoop-common-3.3.1.jar:?]
	at org.apache.hadoop.ipc.ProtobufRpcEngine2$Server$ProtoBufRpcInvoker.call(ProtobufRpcEngine2.java:552) [hadoop-common-3.3.1.jar:?]
	at org.apache.hadoop.ipc.RPC$Server.call(RPC.java:1093) [hadoop-common-3.3.1.jar:?]
	at org.apache.hadoop.ipc.Server$RpcCall.run(Server.java:1035) [hadoop-common-3.3.1.jar:?]
	at org.apache.hadoop.ipc.Server$RpcCall.run(Server.java:963) [hadoop-common-3.3.1.jar:?]
	at java.security.AccessController.doPrivileged(Native Method) ~[?:1.8.0_322]
	at javax.security.auth.Subject.doAs(Subject.java:422) [?:1.8.0_322]
	at org.apache.hadoop.security.UserGroupInformation.doAs(UserGroupInformation.java:1878) [hadoop-common-3.3.1.jar:?]
	at org.apache.hadoop.ipc.Server$Handler.run(Server.java:2966) [hadoop-common-3.3.1.jar:?]
01:55:10.044 [IPC Server handler 13 on default port 35711] ERROR OMAudit - user=runner | ip=127.0.0.1 | op=GET_FILE_STATUS {volume=volume11484, bucket=bucket58947, key=level0/level3/file1, dataSize=0, replicationConfig=null} | ret=FAILURE
org.apache.hadoop.ozone.om.exceptions.OMException: Unable to get file status: volume: volume11484 bucket: bucket58947 key: level0/level3/file1
	at org.apache.hadoop.ozone.om.KeyManagerImpl.getOzoneFileStatus(KeyManagerImpl.java:1280) ~[ozone-manager-1.3.0-SNAPSHOT.jar:?]
	at org.apache.hadoop.ozone.om.KeyManagerImpl.getFileStatus(KeyManagerImpl.java:1210) ~[ozone-manager-1.3.0-SNAPSHOT.jar:?]
	at org.apache.hadoop.ozone.om.OzoneManager.getFileStatus(OzoneManager.java:3009) ~[ozone-manager-1.3.0-SNAPSHOT.jar:?]
	at org.apache.hadoop.ozone.protocolPB.OzoneManagerRequestHandler.getOzoneFileStatus(OzoneManagerRequestHandler.java:670) ~[ozone-manager-1.3.0-SNAPSHOT.jar:?]
	at org.apache.hadoop.ozone.protocolPB.OzoneManagerRequestHandler.handleReadRequest(OzoneManagerRequestHandler.java:201) ~[ozone-manager-1.3.0-SNAPSHOT.jar:?]
	at org.apache.hadoop.ozone.protocolPB.OzoneManagerProtocolServerSideTranslatorPB.submitRequestDirectlyToOM(OzoneManagerProtocolServerSideTranslatorPB.java:271) ~[ozone-manager-1.3.0-SNAPSHOT.jar:?]
	at org.apache.hadoop.ozone.protocolPB.OzoneManagerProtocolServerSideTranslatorPB.processRequest(OzoneManagerProtocolServerSideTranslatorPB.java:195) ~[ozone-manager-1.3.0-SNAPSHOT.jar:?]
	at org.apache.hadoop.hdds.server.OzoneProtocolMessageDispatcher.processRequest(OzoneProtocolMessageDispatcher.java:87) [hdds-server-framework-1.3.0-SNAPSHOT.jar:?]
	at org.apache.hadoop.ozone.protocolPB.OzoneManagerProtocolServerSideTranslatorPB.submitRequest(OzoneManagerProtocolServerSideTranslatorPB.java:146) [ozone-manager-1.3.0-SNAPSHOT.jar:?]
	at org.apache.hadoop.ozone.protocol.proto.OzoneManagerProtocolProtos$OzoneManagerService$2.callBlockingMethod(OzoneManagerProtocolProtos.java) [ozone-interface-client-1.3.0-SNAPSHOT.jar:?]
	at org.apache.hadoop.ipc.ProtobufRpcEngine$Server.processCall(ProtobufRpcEngine.java:466) [hadoop-common-3.3.1.jar:?]
	at org.apache.hadoop.ipc.ProtobufRpcEngine2$Server$ProtoBufRpcInvoker.call(ProtobufRpcEngine2.java:574) [hadoop-common-3.3.1.jar:?]
	at org.apache.hadoop.ipc.ProtobufRpcEngine2$Server$ProtoBufRpcInvoker.call(ProtobufRpcEngine2.java:552) [hadoop-common-3.3.1.jar:?]
	at org.apache.hadoop.ipc.RPC$Server.call(RPC.java:1093) [hadoop-common-3.3.1.jar:?]
	at org.apache.hadoop.ipc.Server$RpcCall.run(Server.java:1035) [hadoop-common-3.3.1.jar:?]
	at org.apache.hadoop.ipc.Server$RpcCall.run(Server.java:963) [hadoop-common-3.3.1.jar:?]
	at java.security.AccessController.doPrivileged(Native Method) ~[?:1.8.0_322]
	at javax.security.auth.Subject.doAs(Subject.java:422) [?:1.8.0_322]
	at org.apache.hadoop.security.UserGroupInformation.doAs(UserGroupInformation.java:1878) [hadoop-common-3.3.1.jar:?]
	at org.apache.hadoop.ipc.Server$Handler.run(Server.java:2966) [hadoop-common-3.3.1.jar:?]
01:55:10.045 [IPC Server handler 15 on default port 35711] ERROR OMAudit - user=runner | ip=127.0.0.1 | op=GET_FILE_STATUS {volume=volume11484, bucket=bucket58947, key=level0/level3/level3/file1, dataSize=0, replicationConfig=null} | ret=FAILURE
org.apache.hadoop.ozone.om.exceptions.OMException: Unable to get file status: volume: volume11484 bucket: bucket58947 key: level0/level3/level3/file1
	at org.apache.hadoop.ozone.om.KeyManagerImpl.getOzoneFileStatus(KeyManagerImpl.java:1280) ~[ozone-manager-1.3.0-SNAPSHOT.jar:?]
	at org.apache.hadoop.ozone.om.KeyManagerImpl.getFileStatus(KeyManagerImpl.java:1210) ~[ozone-manager-1.3.0-SNAPSHOT.jar:?]
	at org.apache.hadoop.ozone.om.OzoneManager.getFileStatus(OzoneManager.java:3009) ~[ozone-manager-1.3.0-SNAPSHOT.jar:?]
	at org.apache.hadoop.ozone.protocolPB.OzoneManagerRequestHandler.getOzoneFileStatus(OzoneManagerRequestHandler.java:670) ~[ozone-manager-1.3.0-SNAPSHOT.jar:?]
	at org.apache.hadoop.ozone.protocolPB.OzoneManagerRequestHandler.handleReadRequest(OzoneManagerRequestHandler.java:201) ~[ozone-manager-1.3.0-SNAPSHOT.jar:?]
	at org.apache.hadoop.ozone.protocolPB.OzoneManagerProtocolServerSideTranslatorPB.submitRequestDirectlyToOM(OzoneManagerProtocolServerSideTranslatorPB.java:271) ~[ozone-manager-1.3.0-SNAPSHOT.jar:?]
	at org.apache.hadoop.ozone.protocolPB.OzoneManagerProtocolServerSideTranslatorPB.processRequest(OzoneManagerProtocolServerSideTranslatorPB.java:195) ~[ozone-manager-1.3.0-SNAPSHOT.jar:?]
	at org.apache.hadoop.hdds.server.OzoneProtocolMessageDispatcher.processRequest(OzoneProtocolMessageDispatcher.java:87) [hdds-server-framework-1.3.0-SNAPSHOT.jar:?]
	at org.apache.hadoop.ozone.protocolPB.OzoneManagerProtocolServerSideTranslatorPB.submitRequest(OzoneManagerProtocolServerSideTranslatorPB.java:146) [ozone-manager-1.3.0-SNAPSHOT.jar:?]
	at org.apache.hadoop.ozone.protocol.proto.OzoneManagerProtocolProtos$OzoneManagerService$2.callBlockingMethod(OzoneManagerProtocolProtos.java) [ozone-interface-client-1.3.0-SNAPSHOT.jar:?]
	at org.apache.hadoop.ipc.ProtobufRpcEngine$Server.processCall(ProtobufRpcEngine.java:466) [hadoop-common-3.3.1.jar:?]
	at org.apache.hadoop.ipc.ProtobufRpcEngine2$Server$ProtoBufRpcInvoker.call(ProtobufRpcEngine2.java:574) [hadoop-common-3.3.1.jar:?]
	at org.apache.hadoop.ipc.ProtobufRpcEngine2$Server$ProtoBufRpcInvoker.call(ProtobufRpcEngine2.java:552) [hadoop-common-3.3.1.jar:?]
	at org.apache.hadoop.ipc.RPC$Server.call(RPC.java:1093) [hadoop-common-3.3.1.jar:?]
	at org.apache.hadoop.ipc.Server$RpcCall.run(Server.java:1035) [hadoop-common-3.3.1.jar:?]
	at org.apache.hadoop.ipc.Server$RpcCall.run(Server.java:963) [hadoop-common-3.3.1.jar:?]
	at java.security.AccessController.doPrivileged(Native Method) ~[?:1.8.0_322]
	at javax.security.auth.Subject.doAs(Subject.java:422) [?:1.8.0_322]
	at org.apache.hadoop.security.UserGroupInformation.doAs(UserGroupInformation.java:1878) [hadoop-common-3.3.1.jar:?]
	at org.apache.hadoop.ipc.Server$Handler.run(Server.java:2966) [hadoop-common-3.3.1.jar:?]
]]></system-out>
  </testcase>
  <testcase name="testGetTrashRoots" classname="TestOzoneFileSystem" time="0.053">
    <system-out><![CDATA[01:51:55.007 [IPC Server handler 17 on default port 44011] ERROR OMAudit - user=runner | ip=127.0.0.1 | op=GET_FILE_STATUS {volume=volume70938, bucket=bucket97532, key=.Trash/runner, dataSize=0, replicationConfig=null} | ret=FAILURE
org.apache.hadoop.ozone.om.exceptions.OMException: Unable to get file status: volume: volume70938 bucket: bucket97532 key: .Trash/runner
	at org.apache.hadoop.ozone.om.KeyManagerImpl.getOzoneFileStatus(KeyManagerImpl.java:1280) ~[ozone-manager-1.3.0-SNAPSHOT.jar:?]
	at org.apache.hadoop.ozone.om.KeyManagerImpl.getFileStatus(KeyManagerImpl.java:1210) ~[ozone-manager-1.3.0-SNAPSHOT.jar:?]
	at org.apache.hadoop.ozone.om.OzoneManager.getFileStatus(OzoneManager.java:3009) ~[ozone-manager-1.3.0-SNAPSHOT.jar:?]
	at org.apache.hadoop.ozone.protocolPB.OzoneManagerRequestHandler.getOzoneFileStatus(OzoneManagerRequestHandler.java:670) ~[ozone-manager-1.3.0-SNAPSHOT.jar:?]
	at org.apache.hadoop.ozone.protocolPB.OzoneManagerRequestHandler.handleReadRequest(OzoneManagerRequestHandler.java:201) ~[ozone-manager-1.3.0-SNAPSHOT.jar:?]
	at org.apache.hadoop.ozone.protocolPB.OzoneManagerProtocolServerSideTranslatorPB.submitReadRequestToOM(OzoneManagerProtocolServerSideTranslatorPB.java:213) ~[ozone-manager-1.3.0-SNAPSHOT.jar:?]
	at org.apache.hadoop.ozone.protocolPB.OzoneManagerProtocolServerSideTranslatorPB.processRequest(OzoneManagerProtocolServerSideTranslatorPB.java:174) ~[ozone-manager-1.3.0-SNAPSHOT.jar:?]
	at org.apache.hadoop.hdds.server.OzoneProtocolMessageDispatcher.processRequest(OzoneProtocolMessageDispatcher.java:87) [hdds-server-framework-1.3.0-SNAPSHOT.jar:?]
	at org.apache.hadoop.ozone.protocolPB.OzoneManagerProtocolServerSideTranslatorPB.submitRequest(OzoneManagerProtocolServerSideTranslatorPB.java:146) [ozone-manager-1.3.0-SNAPSHOT.jar:?]
	at org.apache.hadoop.ozone.protocol.proto.OzoneManagerProtocolProtos$OzoneManagerService$2.callBlockingMethod(OzoneManagerProtocolProtos.java) [ozone-interface-client-1.3.0-SNAPSHOT.jar:?]
	at org.apache.hadoop.ipc.ProtobufRpcEngine$Server.processCall(ProtobufRpcEngine.java:466) [hadoop-common-3.3.1.jar:?]
	at org.apache.hadoop.ipc.ProtobufRpcEngine2$Server$ProtoBufRpcInvoker.call(ProtobufRpcEngine2.java:574) [hadoop-common-3.3.1.jar:?]
	at org.apache.hadoop.ipc.ProtobufRpcEngine2$Server$ProtoBufRpcInvoker.call(ProtobufRpcEngine2.java:552) [hadoop-common-3.3.1.jar:?]
	at org.apache.hadoop.ipc.RPC$Server.call(RPC.java:1093) [hadoop-common-3.3.1.jar:?]
	at org.apache.hadoop.ipc.Server$RpcCall.run(Server.java:1035) [hadoop-common-3.3.1.jar:?]
	at org.apache.hadoop.ipc.Server$RpcCall.run(Server.java:963) [hadoop-common-3.3.1.jar:?]
	at java.security.AccessController.doPrivileged(Native Method) ~[?:1.8.0_322]
	at javax.security.auth.Subject.doAs(Subject.java:422) [?:1.8.0_322]
	at org.apache.hadoop.security.UserGroupInformation.doAs(UserGroupInformation.java:1878) [hadoop-common-3.3.1.jar:?]
	at org.apache.hadoop.ipc.Server$Handler.run(Server.java:2966) [hadoop-common-3.3.1.jar:?]
]]></system-out>
  </testcase>
  <testcase name="testGetTrashRoots" classname="TestOzoneFileSystem" time="0.037">
    <system-out><![CDATA[01:52:53.997 [IPC Server handler 12 on default port 46323] ERROR OMAudit - user=runner | ip=127.0.0.1 | op=GET_FILE_STATUS {volume=volume68825, bucket=bucket30700, key=.Trash/runner, dataSize=0, replicationConfig=null} | ret=FAILURE
org.apache.hadoop.ozone.om.exceptions.OMException: Unable to get file status: volume: volume68825 bucket: bucket30700 key: .Trash/runner
	at org.apache.hadoop.ozone.om.KeyManagerImpl.getOzoneFileStatus(KeyManagerImpl.java:1280) ~[ozone-manager-1.3.0-SNAPSHOT.jar:?]
	at org.apache.hadoop.ozone.om.KeyManagerImpl.getFileStatus(KeyManagerImpl.java:1210) ~[ozone-manager-1.3.0-SNAPSHOT.jar:?]
	at org.apache.hadoop.ozone.om.OzoneManager.getFileStatus(OzoneManager.java:3009) ~[ozone-manager-1.3.0-SNAPSHOT.jar:?]
	at org.apache.hadoop.ozone.protocolPB.OzoneManagerRequestHandler.getOzoneFileStatus(OzoneManagerRequestHandler.java:670) ~[ozone-manager-1.3.0-SNAPSHOT.jar:?]
	at org.apache.hadoop.ozone.protocolPB.OzoneManagerRequestHandler.handleReadRequest(OzoneManagerRequestHandler.java:201) ~[ozone-manager-1.3.0-SNAPSHOT.jar:?]
	at org.apache.hadoop.ozone.protocolPB.OzoneManagerProtocolServerSideTranslatorPB.submitRequestDirectlyToOM(OzoneManagerProtocolServerSideTranslatorPB.java:271) ~[ozone-manager-1.3.0-SNAPSHOT.jar:?]
	at org.apache.hadoop.ozone.protocolPB.OzoneManagerProtocolServerSideTranslatorPB.processRequest(OzoneManagerProtocolServerSideTranslatorPB.java:195) ~[ozone-manager-1.3.0-SNAPSHOT.jar:?]
	at org.apache.hadoop.hdds.server.OzoneProtocolMessageDispatcher.processRequest(OzoneProtocolMessageDispatcher.java:87) [hdds-server-framework-1.3.0-SNAPSHOT.jar:?]
	at org.apache.hadoop.ozone.protocolPB.OzoneManagerProtocolServerSideTranslatorPB.submitRequest(OzoneManagerProtocolServerSideTranslatorPB.java:146) [ozone-manager-1.3.0-SNAPSHOT.jar:?]
	at org.apache.hadoop.ozone.protocol.proto.OzoneManagerProtocolProtos$OzoneManagerService$2.callBlockingMethod(OzoneManagerProtocolProtos.java) [ozone-interface-client-1.3.0-SNAPSHOT.jar:?]
	at org.apache.hadoop.ipc.ProtobufRpcEngine$Server.processCall(ProtobufRpcEngine.java:466) [hadoop-common-3.3.1.jar:?]
	at org.apache.hadoop.ipc.ProtobufRpcEngine2$Server$ProtoBufRpcInvoker.call(ProtobufRpcEngine2.java:574) [hadoop-common-3.3.1.jar:?]
	at org.apache.hadoop.ipc.ProtobufRpcEngine2$Server$ProtoBufRpcInvoker.call(ProtobufRpcEngine2.java:552) [hadoop-common-3.3.1.jar:?]
	at org.apache.hadoop.ipc.RPC$Server.call(RPC.java:1093) [hadoop-common-3.3.1.jar:?]
	at org.apache.hadoop.ipc.Server$RpcCall.run(Server.java:1035) [hadoop-common-3.3.1.jar:?]
	at org.apache.hadoop.ipc.Server$RpcCall.run(Server.java:963) [hadoop-common-3.3.1.jar:?]
	at java.security.AccessController.doPrivileged(Native Method) ~[?:1.8.0_322]
	at javax.security.auth.Subject.doAs(Subject.java:422) [?:1.8.0_322]
	at org.apache.hadoop.security.UserGroupInformation.doAs(UserGroupInformation.java:1878) [hadoop-common-3.3.1.jar:?]
	at org.apache.hadoop.ipc.Server$Handler.run(Server.java:2966) [hadoop-common-3.3.1.jar:?]
]]></system-out>
  </testcase>
  <testcase name="testGetTrashRoots" classname="TestOzoneFileSystem" time="0.042">
    <system-out><![CDATA[01:53:59.377 [IPC Server handler 14 on default port 40803] ERROR OMAudit - user=runner | ip=127.0.0.1 | op=GET_FILE_STATUS {volume=volume85710, bucket=bucket48480, key=.Trash/runner, dataSize=0, replicationConfig=null} | ret=FAILURE
org.apache.hadoop.ozone.om.exceptions.OMException: Unable to get file status: volume: volume85710 bucket: bucket48480 key: .Trash/runner
	at org.apache.hadoop.ozone.om.KeyManagerImpl.getOzoneFileStatus(KeyManagerImpl.java:1280) ~[ozone-manager-1.3.0-SNAPSHOT.jar:?]
	at org.apache.hadoop.ozone.om.KeyManagerImpl.getFileStatus(KeyManagerImpl.java:1210) ~[ozone-manager-1.3.0-SNAPSHOT.jar:?]
	at org.apache.hadoop.ozone.om.OzoneManager.getFileStatus(OzoneManager.java:3009) ~[ozone-manager-1.3.0-SNAPSHOT.jar:?]
	at org.apache.hadoop.ozone.protocolPB.OzoneManagerRequestHandler.getOzoneFileStatus(OzoneManagerRequestHandler.java:670) ~[ozone-manager-1.3.0-SNAPSHOT.jar:?]
	at org.apache.hadoop.ozone.protocolPB.OzoneManagerRequestHandler.handleReadRequest(OzoneManagerRequestHandler.java:201) ~[ozone-manager-1.3.0-SNAPSHOT.jar:?]
	at org.apache.hadoop.ozone.protocolPB.OzoneManagerProtocolServerSideTranslatorPB.submitReadRequestToOM(OzoneManagerProtocolServerSideTranslatorPB.java:213) ~[ozone-manager-1.3.0-SNAPSHOT.jar:?]
	at org.apache.hadoop.ozone.protocolPB.OzoneManagerProtocolServerSideTranslatorPB.processRequest(OzoneManagerProtocolServerSideTranslatorPB.java:174) ~[ozone-manager-1.3.0-SNAPSHOT.jar:?]
	at org.apache.hadoop.hdds.server.OzoneProtocolMessageDispatcher.processRequest(OzoneProtocolMessageDispatcher.java:87) [hdds-server-framework-1.3.0-SNAPSHOT.jar:?]
	at org.apache.hadoop.ozone.protocolPB.OzoneManagerProtocolServerSideTranslatorPB.submitRequest(OzoneManagerProtocolServerSideTranslatorPB.java:146) [ozone-manager-1.3.0-SNAPSHOT.jar:?]
	at org.apache.hadoop.ozone.protocol.proto.OzoneManagerProtocolProtos$OzoneManagerService$2.callBlockingMethod(OzoneManagerProtocolProtos.java) [ozone-interface-client-1.3.0-SNAPSHOT.jar:?]
	at org.apache.hadoop.ipc.ProtobufRpcEngine$Server.processCall(ProtobufRpcEngine.java:466) [hadoop-common-3.3.1.jar:?]
	at org.apache.hadoop.ipc.ProtobufRpcEngine2$Server$ProtoBufRpcInvoker.call(ProtobufRpcEngine2.java:574) [hadoop-common-3.3.1.jar:?]
	at org.apache.hadoop.ipc.ProtobufRpcEngine2$Server$ProtoBufRpcInvoker.call(ProtobufRpcEngine2.java:552) [hadoop-common-3.3.1.jar:?]
	at org.apache.hadoop.ipc.RPC$Server.call(RPC.java:1093) [hadoop-common-3.3.1.jar:?]
	at org.apache.hadoop.ipc.Server$RpcCall.run(Server.java:1035) [hadoop-common-3.3.1.jar:?]
	at org.apache.hadoop.ipc.Server$RpcCall.run(Server.java:963) [hadoop-common-3.3.1.jar:?]
	at java.security.AccessController.doPrivileged(Native Method) ~[?:1.8.0_322]
	at javax.security.auth.Subject.doAs(Subject.java:422) [?:1.8.0_322]
	at org.apache.hadoop.security.UserGroupInformation.doAs(UserGroupInformation.java:1878) [hadoop-common-3.3.1.jar:?]
	at org.apache.hadoop.ipc.Server$Handler.run(Server.java:2966) [hadoop-common-3.3.1.jar:?]
]]></system-out>
  </testcase>
  <testcase name="testGetTrashRoots" classname="TestOzoneFileSystem" time="0.093">
    <system-out><![CDATA[01:55:10.080 [IPC Server handler 17 on default port 35711] ERROR OMAudit - user=runner | ip=127.0.0.1 | op=GET_FILE_STATUS {volume=volume11484, bucket=bucket58947, key=.Trash/runner, dataSize=0, replicationConfig=null} | ret=FAILURE
org.apache.hadoop.ozone.om.exceptions.OMException: Unable to get file status: volume: volume11484 bucket: bucket58947 key: .Trash/runner
	at org.apache.hadoop.ozone.om.KeyManagerImpl.getOzoneFileStatus(KeyManagerImpl.java:1280) ~[ozone-manager-1.3.0-SNAPSHOT.jar:?]
	at org.apache.hadoop.ozone.om.KeyManagerImpl.getFileStatus(KeyManagerImpl.java:1210) ~[ozone-manager-1.3.0-SNAPSHOT.jar:?]
	at org.apache.hadoop.ozone.om.OzoneManager.getFileStatus(OzoneManager.java:3009) ~[ozone-manager-1.3.0-SNAPSHOT.jar:?]
	at org.apache.hadoop.ozone.protocolPB.OzoneManagerRequestHandler.getOzoneFileStatus(OzoneManagerRequestHandler.java:670) ~[ozone-manager-1.3.0-SNAPSHOT.jar:?]
	at org.apache.hadoop.ozone.protocolPB.OzoneManagerRequestHandler.handleReadRequest(OzoneManagerRequestHandler.java:201) ~[ozone-manager-1.3.0-SNAPSHOT.jar:?]
	at org.apache.hadoop.ozone.protocolPB.OzoneManagerProtocolServerSideTranslatorPB.submitRequestDirectlyToOM(OzoneManagerProtocolServerSideTranslatorPB.java:271) ~[ozone-manager-1.3.0-SNAPSHOT.jar:?]
	at org.apache.hadoop.ozone.protocolPB.OzoneManagerProtocolServerSideTranslatorPB.processRequest(OzoneManagerProtocolServerSideTranslatorPB.java:195) ~[ozone-manager-1.3.0-SNAPSHOT.jar:?]
	at org.apache.hadoop.hdds.server.OzoneProtocolMessageDispatcher.processRequest(OzoneProtocolMessageDispatcher.java:87) [hdds-server-framework-1.3.0-SNAPSHOT.jar:?]
	at org.apache.hadoop.ozone.protocolPB.OzoneManagerProtocolServerSideTranslatorPB.submitRequest(OzoneManagerProtocolServerSideTranslatorPB.java:146) [ozone-manager-1.3.0-SNAPSHOT.jar:?]
	at org.apache.hadoop.ozone.protocol.proto.OzoneManagerProtocolProtos$OzoneManagerService$2.callBlockingMethod(OzoneManagerProtocolProtos.java) [ozone-interface-client-1.3.0-SNAPSHOT.jar:?]
	at org.apache.hadoop.ipc.ProtobufRpcEngine$Server.processCall(ProtobufRpcEngine.java:466) [hadoop-common-3.3.1.jar:?]
	at org.apache.hadoop.ipc.ProtobufRpcEngine2$Server$ProtoBufRpcInvoker.call(ProtobufRpcEngine2.java:574) [hadoop-common-3.3.1.jar:?]
	at org.apache.hadoop.ipc.ProtobufRpcEngine2$Server$ProtoBufRpcInvoker.call(ProtobufRpcEngine2.java:552) [hadoop-common-3.3.1.jar:?]
	at org.apache.hadoop.ipc.RPC$Server.call(RPC.java:1093) [hadoop-common-3.3.1.jar:?]
	at org.apache.hadoop.ipc.Server$RpcCall.run(Server.java:1035) [hadoop-common-3.3.1.jar:?]
	at org.apache.hadoop.ipc.Server$RpcCall.run(Server.java:963) [hadoop-common-3.3.1.jar:?]
	at java.security.AccessController.doPrivileged(Native Method) ~[?:1.8.0_322]
	at javax.security.auth.Subject.doAs(Subject.java:422) [?:1.8.0_322]
	at org.apache.hadoop.security.UserGroupInformation.doAs(UserGroupInformation.java:1878) [hadoop-common-3.3.1.jar:?]
	at org.apache.hadoop.ipc.Server$Handler.run(Server.java:2966) [hadoop-common-3.3.1.jar:?]
]]></system-out>
  </testcase>
  <testcase name="testCreateDoesNotAddParentDirKeys" classname="TestOzoneFileSystem" time="0.059">
    <system-out><![CDATA[01:51:55.093 [IPC Server handler 10 on default port 44011] ERROR OMAudit - user=runner | ip=127.0.0.1 | op=READ_KEY {volume=volume70938, bucket=bucket97532, key=testCreateDoesNotAddParentDirKeys/parent/, dataSize=0, replicationConfig=null} | ret=FAILURE
org.apache.hadoop.ozone.om.exceptions.OMException: Key:testCreateDoesNotAddParentDirKeys/parent not found
	at org.apache.hadoop.ozone.om.KeyManagerImpl.lookupKey(KeyManagerImpl.java:374) ~[ozone-manager-1.3.0-SNAPSHOT.jar:?]
	at org.apache.hadoop.ozone.om.OzoneManager.lookupKey(OzoneManager.java:2667) ~[ozone-manager-1.3.0-SNAPSHOT.jar:?]
	at org.apache.hadoop.ozone.protocolPB.OzoneManagerRequestHandler.lookupKey(OzoneManagerRequestHandler.java:402) ~[ozone-manager-1.3.0-SNAPSHOT.jar:?]
	at org.apache.hadoop.ozone.protocolPB.OzoneManagerRequestHandler.handleReadRequest(OzoneManagerRequestHandler.java:166) ~[ozone-manager-1.3.0-SNAPSHOT.jar:?]
	at org.apache.hadoop.ozone.protocolPB.OzoneManagerProtocolServerSideTranslatorPB.submitReadRequestToOM(OzoneManagerProtocolServerSideTranslatorPB.java:213) ~[ozone-manager-1.3.0-SNAPSHOT.jar:?]
	at org.apache.hadoop.ozone.protocolPB.OzoneManagerProtocolServerSideTranslatorPB.processRequest(OzoneManagerProtocolServerSideTranslatorPB.java:174) ~[ozone-manager-1.3.0-SNAPSHOT.jar:?]
	at org.apache.hadoop.hdds.server.OzoneProtocolMessageDispatcher.processRequest(OzoneProtocolMessageDispatcher.java:87) [hdds-server-framework-1.3.0-SNAPSHOT.jar:?]
	at org.apache.hadoop.ozone.protocolPB.OzoneManagerProtocolServerSideTranslatorPB.submitRequest(OzoneManagerProtocolServerSideTranslatorPB.java:146) [ozone-manager-1.3.0-SNAPSHOT.jar:?]
	at org.apache.hadoop.ozone.protocol.proto.OzoneManagerProtocolProtos$OzoneManagerService$2.callBlockingMethod(OzoneManagerProtocolProtos.java) [ozone-interface-client-1.3.0-SNAPSHOT.jar:?]
	at org.apache.hadoop.ipc.ProtobufRpcEngine$Server.processCall(ProtobufRpcEngine.java:466) [hadoop-common-3.3.1.jar:?]
	at org.apache.hadoop.ipc.ProtobufRpcEngine2$Server$ProtoBufRpcInvoker.call(ProtobufRpcEngine2.java:574) [hadoop-common-3.3.1.jar:?]
	at org.apache.hadoop.ipc.ProtobufRpcEngine2$Server$ProtoBufRpcInvoker.call(ProtobufRpcEngine2.java:552) [hadoop-common-3.3.1.jar:?]
	at org.apache.hadoop.ipc.RPC$Server.call(RPC.java:1093) [hadoop-common-3.3.1.jar:?]
	at org.apache.hadoop.ipc.Server$RpcCall.run(Server.java:1035) [hadoop-common-3.3.1.jar:?]
	at org.apache.hadoop.ipc.Server$RpcCall.run(Server.java:963) [hadoop-common-3.3.1.jar:?]
	at java.security.AccessController.doPrivileged(Native Method) ~[?:1.8.0_322]
	at javax.security.auth.Subject.doAs(Subject.java:422) [?:1.8.0_322]
	at org.apache.hadoop.security.UserGroupInformation.doAs(UserGroupInformation.java:1878) [hadoop-common-3.3.1.jar:?]
	at org.apache.hadoop.ipc.Server$Handler.run(Server.java:2966) [hadoop-common-3.3.1.jar:?]
]]></system-out>
  </testcase>
  <testcase name="testCreateDoesNotAddParentDirKeys" classname="TestOzoneFileSystem" time="0.078">
    <system-out><![CDATA[01:52:54.094 [IPC Server handler 0 on default port 46323] ERROR OMAudit - user=runner | ip=127.0.0.1 | op=READ_KEY {volume=volume68825, bucket=bucket30700, key=testCreateDoesNotAddParentDirKeys/parent/, dataSize=0, replicationConfig=null} | ret=FAILURE
org.apache.hadoop.ozone.om.exceptions.OMException: Key:testCreateDoesNotAddParentDirKeys/parent not found
	at org.apache.hadoop.ozone.om.KeyManagerImpl.lookupKey(KeyManagerImpl.java:374) ~[ozone-manager-1.3.0-SNAPSHOT.jar:?]
	at org.apache.hadoop.ozone.om.OzoneManager.lookupKey(OzoneManager.java:2667) ~[ozone-manager-1.3.0-SNAPSHOT.jar:?]
	at org.apache.hadoop.ozone.protocolPB.OzoneManagerRequestHandler.lookupKey(OzoneManagerRequestHandler.java:402) ~[ozone-manager-1.3.0-SNAPSHOT.jar:?]
	at org.apache.hadoop.ozone.protocolPB.OzoneManagerRequestHandler.handleReadRequest(OzoneManagerRequestHandler.java:166) ~[ozone-manager-1.3.0-SNAPSHOT.jar:?]
	at org.apache.hadoop.ozone.protocolPB.OzoneManagerProtocolServerSideTranslatorPB.submitRequestDirectlyToOM(OzoneManagerProtocolServerSideTranslatorPB.java:271) ~[ozone-manager-1.3.0-SNAPSHOT.jar:?]
	at org.apache.hadoop.ozone.protocolPB.OzoneManagerProtocolServerSideTranslatorPB.processRequest(OzoneManagerProtocolServerSideTranslatorPB.java:195) ~[ozone-manager-1.3.0-SNAPSHOT.jar:?]
	at org.apache.hadoop.hdds.server.OzoneProtocolMessageDispatcher.processRequest(OzoneProtocolMessageDispatcher.java:87) [hdds-server-framework-1.3.0-SNAPSHOT.jar:?]
	at org.apache.hadoop.ozone.protocolPB.OzoneManagerProtocolServerSideTranslatorPB.submitRequest(OzoneManagerProtocolServerSideTranslatorPB.java:146) [ozone-manager-1.3.0-SNAPSHOT.jar:?]
	at org.apache.hadoop.ozone.protocol.proto.OzoneManagerProtocolProtos$OzoneManagerService$2.callBlockingMethod(OzoneManagerProtocolProtos.java) [ozone-interface-client-1.3.0-SNAPSHOT.jar:?]
	at org.apache.hadoop.ipc.ProtobufRpcEngine$Server.processCall(ProtobufRpcEngine.java:466) [hadoop-common-3.3.1.jar:?]
	at org.apache.hadoop.ipc.ProtobufRpcEngine2$Server$ProtoBufRpcInvoker.call(ProtobufRpcEngine2.java:574) [hadoop-common-3.3.1.jar:?]
	at org.apache.hadoop.ipc.ProtobufRpcEngine2$Server$ProtoBufRpcInvoker.call(ProtobufRpcEngine2.java:552) [hadoop-common-3.3.1.jar:?]
	at org.apache.hadoop.ipc.RPC$Server.call(RPC.java:1093) [hadoop-common-3.3.1.jar:?]
	at org.apache.hadoop.ipc.Server$RpcCall.run(Server.java:1035) [hadoop-common-3.3.1.jar:?]
	at org.apache.hadoop.ipc.Server$RpcCall.run(Server.java:963) [hadoop-common-3.3.1.jar:?]
	at java.security.AccessController.doPrivileged(Native Method) ~[?:1.8.0_322]
	at javax.security.auth.Subject.doAs(Subject.java:422) [?:1.8.0_322]
	at org.apache.hadoop.security.UserGroupInformation.doAs(UserGroupInformation.java:1878) [hadoop-common-3.3.1.jar:?]
	at org.apache.hadoop.ipc.Server$Handler.run(Server.java:2966) [hadoop-common-3.3.1.jar:?]
]]></system-out>
  </testcase>
  <testcase name="testCreateDoesNotAddParentDirKeys" classname="TestOzoneFileSystem" time="0.139"/>
  <testcase name="testCreateDoesNotAddParentDirKeys" classname="TestOzoneFileSystem" time="0.2"/>
  <testcase name="testDeleteCreatesFakeParentDir" classname="TestOzoneFileSystem" time="0.048">
    <system-out><![CDATA[01:51:55.141 [IPC Server handler 1 on default port 44011] ERROR OMAudit - user=runner | ip=127.0.0.1 | op=READ_KEY {volume=volume70938, bucket=bucket97532, key=testDeleteCreatesFakeParentDir/parent/, dataSize=0, replicationConfig=null} | ret=FAILURE
org.apache.hadoop.ozone.om.exceptions.OMException: Key:testDeleteCreatesFakeParentDir/parent not found
	at org.apache.hadoop.ozone.om.KeyManagerImpl.lookupKey(KeyManagerImpl.java:374) ~[ozone-manager-1.3.0-SNAPSHOT.jar:?]
	at org.apache.hadoop.ozone.om.OzoneManager.lookupKey(OzoneManager.java:2667) ~[ozone-manager-1.3.0-SNAPSHOT.jar:?]
	at org.apache.hadoop.ozone.protocolPB.OzoneManagerRequestHandler.lookupKey(OzoneManagerRequestHandler.java:402) ~[ozone-manager-1.3.0-SNAPSHOT.jar:?]
	at org.apache.hadoop.ozone.protocolPB.OzoneManagerRequestHandler.handleReadRequest(OzoneManagerRequestHandler.java:166) ~[ozone-manager-1.3.0-SNAPSHOT.jar:?]
	at org.apache.hadoop.ozone.protocolPB.OzoneManagerProtocolServerSideTranslatorPB.submitReadRequestToOM(OzoneManagerProtocolServerSideTranslatorPB.java:213) ~[ozone-manager-1.3.0-SNAPSHOT.jar:?]
	at org.apache.hadoop.ozone.protocolPB.OzoneManagerProtocolServerSideTranslatorPB.processRequest(OzoneManagerProtocolServerSideTranslatorPB.java:174) ~[ozone-manager-1.3.0-SNAPSHOT.jar:?]
	at org.apache.hadoop.hdds.server.OzoneProtocolMessageDispatcher.processRequest(OzoneProtocolMessageDispatcher.java:87) [hdds-server-framework-1.3.0-SNAPSHOT.jar:?]
	at org.apache.hadoop.ozone.protocolPB.OzoneManagerProtocolServerSideTranslatorPB.submitRequest(OzoneManagerProtocolServerSideTranslatorPB.java:146) [ozone-manager-1.3.0-SNAPSHOT.jar:?]
	at org.apache.hadoop.ozone.protocol.proto.OzoneManagerProtocolProtos$OzoneManagerService$2.callBlockingMethod(OzoneManagerProtocolProtos.java) [ozone-interface-client-1.3.0-SNAPSHOT.jar:?]
	at org.apache.hadoop.ipc.ProtobufRpcEngine$Server.processCall(ProtobufRpcEngine.java:466) [hadoop-common-3.3.1.jar:?]
	at org.apache.hadoop.ipc.ProtobufRpcEngine2$Server$ProtoBufRpcInvoker.call(ProtobufRpcEngine2.java:574) [hadoop-common-3.3.1.jar:?]
	at org.apache.hadoop.ipc.ProtobufRpcEngine2$Server$ProtoBufRpcInvoker.call(ProtobufRpcEngine2.java:552) [hadoop-common-3.3.1.jar:?]
	at org.apache.hadoop.ipc.RPC$Server.call(RPC.java:1093) [hadoop-common-3.3.1.jar:?]
	at org.apache.hadoop.ipc.Server$RpcCall.run(Server.java:1035) [hadoop-common-3.3.1.jar:?]
	at org.apache.hadoop.ipc.Server$RpcCall.run(Server.java:963) [hadoop-common-3.3.1.jar:?]
	at java.security.AccessController.doPrivileged(Native Method) ~[?:1.8.0_322]
	at javax.security.auth.Subject.doAs(Subject.java:422) [?:1.8.0_322]
	at org.apache.hadoop.security.UserGroupInformation.doAs(UserGroupInformation.java:1878) [hadoop-common-3.3.1.jar:?]
	at org.apache.hadoop.ipc.Server$Handler.run(Server.java:2966) [hadoop-common-3.3.1.jar:?]
]]></system-out>
  </testcase>
  <testcase name="testDeleteCreatesFakeParentDir" classname="TestOzoneFileSystem" time="0.083">
    <system-out><![CDATA[01:52:54.178 [IPC Server handler 13 on default port 46323] ERROR OMAudit - user=runner | ip=127.0.0.1 | op=READ_KEY {volume=volume68825, bucket=bucket30700, key=testDeleteCreatesFakeParentDir/parent/, dataSize=0, replicationConfig=null} | ret=FAILURE
org.apache.hadoop.ozone.om.exceptions.OMException: Key:testDeleteCreatesFakeParentDir/parent not found
	at org.apache.hadoop.ozone.om.KeyManagerImpl.lookupKey(KeyManagerImpl.java:374) ~[ozone-manager-1.3.0-SNAPSHOT.jar:?]
	at org.apache.hadoop.ozone.om.OzoneManager.lookupKey(OzoneManager.java:2667) ~[ozone-manager-1.3.0-SNAPSHOT.jar:?]
	at org.apache.hadoop.ozone.protocolPB.OzoneManagerRequestHandler.lookupKey(OzoneManagerRequestHandler.java:402) ~[ozone-manager-1.3.0-SNAPSHOT.jar:?]
	at org.apache.hadoop.ozone.protocolPB.OzoneManagerRequestHandler.handleReadRequest(OzoneManagerRequestHandler.java:166) ~[ozone-manager-1.3.0-SNAPSHOT.jar:?]
	at org.apache.hadoop.ozone.protocolPB.OzoneManagerProtocolServerSideTranslatorPB.submitRequestDirectlyToOM(OzoneManagerProtocolServerSideTranslatorPB.java:271) ~[ozone-manager-1.3.0-SNAPSHOT.jar:?]
	at org.apache.hadoop.ozone.protocolPB.OzoneManagerProtocolServerSideTranslatorPB.processRequest(OzoneManagerProtocolServerSideTranslatorPB.java:195) ~[ozone-manager-1.3.0-SNAPSHOT.jar:?]
	at org.apache.hadoop.hdds.server.OzoneProtocolMessageDispatcher.processRequest(OzoneProtocolMessageDispatcher.java:87) [hdds-server-framework-1.3.0-SNAPSHOT.jar:?]
	at org.apache.hadoop.ozone.protocolPB.OzoneManagerProtocolServerSideTranslatorPB.submitRequest(OzoneManagerProtocolServerSideTranslatorPB.java:146) [ozone-manager-1.3.0-SNAPSHOT.jar:?]
	at org.apache.hadoop.ozone.protocol.proto.OzoneManagerProtocolProtos$OzoneManagerService$2.callBlockingMethod(OzoneManagerProtocolProtos.java) [ozone-interface-client-1.3.0-SNAPSHOT.jar:?]
	at org.apache.hadoop.ipc.ProtobufRpcEngine$Server.processCall(ProtobufRpcEngine.java:466) [hadoop-common-3.3.1.jar:?]
	at org.apache.hadoop.ipc.ProtobufRpcEngine2$Server$ProtoBufRpcInvoker.call(ProtobufRpcEngine2.java:574) [hadoop-common-3.3.1.jar:?]
	at org.apache.hadoop.ipc.ProtobufRpcEngine2$Server$ProtoBufRpcInvoker.call(ProtobufRpcEngine2.java:552) [hadoop-common-3.3.1.jar:?]
	at org.apache.hadoop.ipc.RPC$Server.call(RPC.java:1093) [hadoop-common-3.3.1.jar:?]
	at org.apache.hadoop.ipc.Server$RpcCall.run(Server.java:1035) [hadoop-common-3.3.1.jar:?]
	at org.apache.hadoop.ipc.Server$RpcCall.run(Server.java:963) [hadoop-common-3.3.1.jar:?]
	at java.security.AccessController.doPrivileged(Native Method) ~[?:1.8.0_322]
	at javax.security.auth.Subject.doAs(Subject.java:422) [?:1.8.0_322]
	at org.apache.hadoop.security.UserGroupInformation.doAs(UserGroupInformation.java:1878) [hadoop-common-3.3.1.jar:?]
	at org.apache.hadoop.ipc.Server$Handler.run(Server.java:2966) [hadoop-common-3.3.1.jar:?]
]]></system-out>
  </testcase>
  <testcase name="testDeleteCreatesFakeParentDir" classname="TestOzoneFileSystem" time="0.096"/>
  <testcase name="testDeleteCreatesFakeParentDir" classname="TestOzoneFileSystem" time="0.134"/>
  <testcase name="testNonExplicitlyCreatedPathExistsAfterItsLeafsWereRemoved" classname="TestOzoneFileSystem" time="0.039">
    <system-out><![CDATA[01:51:55.170 [IPC Server handler 19 on default port 44011] ERROR OMAudit - user=runner | ip=127.0.0.1 | op=GET_FILE_STATUS {volume=volume70938, bucket=bucket97532, key=target/leaf, dataSize=0, replicationConfig=null} | ret=FAILURE
org.apache.hadoop.ozone.om.exceptions.OMException: Unable to get file status: volume: volume70938 bucket: bucket97532 key: target/leaf
	at org.apache.hadoop.ozone.om.KeyManagerImpl.getOzoneFileStatus(KeyManagerImpl.java:1280) ~[ozone-manager-1.3.0-SNAPSHOT.jar:?]
	at org.apache.hadoop.ozone.om.KeyManagerImpl.getFileStatus(KeyManagerImpl.java:1210) ~[ozone-manager-1.3.0-SNAPSHOT.jar:?]
	at org.apache.hadoop.ozone.om.OzoneManager.getFileStatus(OzoneManager.java:3009) ~[ozone-manager-1.3.0-SNAPSHOT.jar:?]
	at org.apache.hadoop.ozone.protocolPB.OzoneManagerRequestHandler.getOzoneFileStatus(OzoneManagerRequestHandler.java:670) ~[ozone-manager-1.3.0-SNAPSHOT.jar:?]
	at org.apache.hadoop.ozone.protocolPB.OzoneManagerRequestHandler.handleReadRequest(OzoneManagerRequestHandler.java:201) ~[ozone-manager-1.3.0-SNAPSHOT.jar:?]
	at org.apache.hadoop.ozone.protocolPB.OzoneManagerProtocolServerSideTranslatorPB.submitReadRequestToOM(OzoneManagerProtocolServerSideTranslatorPB.java:213) ~[ozone-manager-1.3.0-SNAPSHOT.jar:?]
	at org.apache.hadoop.ozone.protocolPB.OzoneManagerProtocolServerSideTranslatorPB.processRequest(OzoneManagerProtocolServerSideTranslatorPB.java:174) ~[ozone-manager-1.3.0-SNAPSHOT.jar:?]
	at org.apache.hadoop.hdds.server.OzoneProtocolMessageDispatcher.processRequest(OzoneProtocolMessageDispatcher.java:87) [hdds-server-framework-1.3.0-SNAPSHOT.jar:?]
	at org.apache.hadoop.ozone.protocolPB.OzoneManagerProtocolServerSideTranslatorPB.submitRequest(OzoneManagerProtocolServerSideTranslatorPB.java:146) [ozone-manager-1.3.0-SNAPSHOT.jar:?]
	at org.apache.hadoop.ozone.protocol.proto.OzoneManagerProtocolProtos$OzoneManagerService$2.callBlockingMethod(OzoneManagerProtocolProtos.java) [ozone-interface-client-1.3.0-SNAPSHOT.jar:?]
	at org.apache.hadoop.ipc.ProtobufRpcEngine$Server.processCall(ProtobufRpcEngine.java:466) [hadoop-common-3.3.1.jar:?]
	at org.apache.hadoop.ipc.ProtobufRpcEngine2$Server$ProtoBufRpcInvoker.call(ProtobufRpcEngine2.java:574) [hadoop-common-3.3.1.jar:?]
	at org.apache.hadoop.ipc.ProtobufRpcEngine2$Server$ProtoBufRpcInvoker.call(ProtobufRpcEngine2.java:552) [hadoop-common-3.3.1.jar:?]
	at org.apache.hadoop.ipc.RPC$Server.call(RPC.java:1093) [hadoop-common-3.3.1.jar:?]
	at org.apache.hadoop.ipc.Server$RpcCall.run(Server.java:1035) [hadoop-common-3.3.1.jar:?]
	at org.apache.hadoop.ipc.Server$RpcCall.run(Server.java:963) [hadoop-common-3.3.1.jar:?]
	at java.security.AccessController.doPrivileged(Native Method) ~[?:1.8.0_322]
	at javax.security.auth.Subject.doAs(Subject.java:422) [?:1.8.0_322]
	at org.apache.hadoop.security.UserGroupInformation.doAs(UserGroupInformation.java:1878) [hadoop-common-3.3.1.jar:?]
	at org.apache.hadoop.ipc.Server$Handler.run(Server.java:2966) [hadoop-common-3.3.1.jar:?]
]]></system-out>
  </testcase>
  <testcase name="testNonExplicitlyCreatedPathExistsAfterItsLeafsWereRemoved" classname="TestOzoneFileSystem" time="0.039">
    <system-out><![CDATA[01:52:54.203 [IPC Server handler 4 on default port 46323] ERROR OMAudit - user=runner | ip=127.0.0.1 | op=GET_FILE_STATUS {volume=volume68825, bucket=bucket30700, key=target/leaf, dataSize=0, replicationConfig=null} | ret=FAILURE
org.apache.hadoop.ozone.om.exceptions.OMException: Unable to get file status: volume: volume68825 bucket: bucket30700 key: target/leaf
	at org.apache.hadoop.ozone.om.KeyManagerImpl.getOzoneFileStatus(KeyManagerImpl.java:1280) ~[ozone-manager-1.3.0-SNAPSHOT.jar:?]
	at org.apache.hadoop.ozone.om.KeyManagerImpl.getFileStatus(KeyManagerImpl.java:1210) ~[ozone-manager-1.3.0-SNAPSHOT.jar:?]
	at org.apache.hadoop.ozone.om.OzoneManager.getFileStatus(OzoneManager.java:3009) ~[ozone-manager-1.3.0-SNAPSHOT.jar:?]
	at org.apache.hadoop.ozone.protocolPB.OzoneManagerRequestHandler.getOzoneFileStatus(OzoneManagerRequestHandler.java:670) ~[ozone-manager-1.3.0-SNAPSHOT.jar:?]
	at org.apache.hadoop.ozone.protocolPB.OzoneManagerRequestHandler.handleReadRequest(OzoneManagerRequestHandler.java:201) ~[ozone-manager-1.3.0-SNAPSHOT.jar:?]
	at org.apache.hadoop.ozone.protocolPB.OzoneManagerProtocolServerSideTranslatorPB.submitRequestDirectlyToOM(OzoneManagerProtocolServerSideTranslatorPB.java:271) ~[ozone-manager-1.3.0-SNAPSHOT.jar:?]
	at org.apache.hadoop.ozone.protocolPB.OzoneManagerProtocolServerSideTranslatorPB.processRequest(OzoneManagerProtocolServerSideTranslatorPB.java:195) ~[ozone-manager-1.3.0-SNAPSHOT.jar:?]
	at org.apache.hadoop.hdds.server.OzoneProtocolMessageDispatcher.processRequest(OzoneProtocolMessageDispatcher.java:87) [hdds-server-framework-1.3.0-SNAPSHOT.jar:?]
	at org.apache.hadoop.ozone.protocolPB.OzoneManagerProtocolServerSideTranslatorPB.submitRequest(OzoneManagerProtocolServerSideTranslatorPB.java:146) [ozone-manager-1.3.0-SNAPSHOT.jar:?]
	at org.apache.hadoop.ozone.protocol.proto.OzoneManagerProtocolProtos$OzoneManagerService$2.callBlockingMethod(OzoneManagerProtocolProtos.java) [ozone-interface-client-1.3.0-SNAPSHOT.jar:?]
	at org.apache.hadoop.ipc.ProtobufRpcEngine$Server.processCall(ProtobufRpcEngine.java:466) [hadoop-common-3.3.1.jar:?]
	at org.apache.hadoop.ipc.ProtobufRpcEngine2$Server$ProtoBufRpcInvoker.call(ProtobufRpcEngine2.java:574) [hadoop-common-3.3.1.jar:?]
	at org.apache.hadoop.ipc.ProtobufRpcEngine2$Server$ProtoBufRpcInvoker.call(ProtobufRpcEngine2.java:552) [hadoop-common-3.3.1.jar:?]
	at org.apache.hadoop.ipc.RPC$Server.call(RPC.java:1093) [hadoop-common-3.3.1.jar:?]
	at org.apache.hadoop.ipc.Server$RpcCall.run(Server.java:1035) [hadoop-common-3.3.1.jar:?]
	at org.apache.hadoop.ipc.Server$RpcCall.run(Server.java:963) [hadoop-common-3.3.1.jar:?]
	at java.security.AccessController.doPrivileged(Native Method) ~[?:1.8.0_322]
	at javax.security.auth.Subject.doAs(Subject.java:422) [?:1.8.0_322]
	at org.apache.hadoop.security.UserGroupInformation.doAs(UserGroupInformation.java:1878) [hadoop-common-3.3.1.jar:?]
	at org.apache.hadoop.ipc.Server$Handler.run(Server.java:2966) [hadoop-common-3.3.1.jar:?]
]]></system-out>
  </testcase>
  <testcase name="testNonExplicitlyCreatedPathExistsAfterItsLeafsWereRemoved" classname="TestOzoneFileSystem" time="0.057">
    <system-out><![CDATA[01:53:59.691 [IPC Server handler 18 on default port 40803] ERROR OMAudit - user=runner | ip=127.0.0.1 | op=GET_FILE_STATUS {volume=volume85710, bucket=bucket48480, key=target/leaf, dataSize=0, replicationConfig=null} | ret=FAILURE
org.apache.hadoop.ozone.om.exceptions.OMException: Unable to get file status: volume: volume85710 bucket: bucket48480 key: target/leaf
	at org.apache.hadoop.ozone.om.KeyManagerImpl.getOzoneFileStatus(KeyManagerImpl.java:1280) ~[ozone-manager-1.3.0-SNAPSHOT.jar:?]
	at org.apache.hadoop.ozone.om.KeyManagerImpl.getFileStatus(KeyManagerImpl.java:1210) ~[ozone-manager-1.3.0-SNAPSHOT.jar:?]
	at org.apache.hadoop.ozone.om.OzoneManager.getFileStatus(OzoneManager.java:3009) ~[ozone-manager-1.3.0-SNAPSHOT.jar:?]
	at org.apache.hadoop.ozone.protocolPB.OzoneManagerRequestHandler.getOzoneFileStatus(OzoneManagerRequestHandler.java:670) ~[ozone-manager-1.3.0-SNAPSHOT.jar:?]
	at org.apache.hadoop.ozone.protocolPB.OzoneManagerRequestHandler.handleReadRequest(OzoneManagerRequestHandler.java:201) ~[ozone-manager-1.3.0-SNAPSHOT.jar:?]
	at org.apache.hadoop.ozone.protocolPB.OzoneManagerProtocolServerSideTranslatorPB.submitReadRequestToOM(OzoneManagerProtocolServerSideTranslatorPB.java:213) ~[ozone-manager-1.3.0-SNAPSHOT.jar:?]
	at org.apache.hadoop.ozone.protocolPB.OzoneManagerProtocolServerSideTranslatorPB.processRequest(OzoneManagerProtocolServerSideTranslatorPB.java:174) ~[ozone-manager-1.3.0-SNAPSHOT.jar:?]
	at org.apache.hadoop.hdds.server.OzoneProtocolMessageDispatcher.processRequest(OzoneProtocolMessageDispatcher.java:87) [hdds-server-framework-1.3.0-SNAPSHOT.jar:?]
	at org.apache.hadoop.ozone.protocolPB.OzoneManagerProtocolServerSideTranslatorPB.submitRequest(OzoneManagerProtocolServerSideTranslatorPB.java:146) [ozone-manager-1.3.0-SNAPSHOT.jar:?]
	at org.apache.hadoop.ozone.protocol.proto.OzoneManagerProtocolProtos$OzoneManagerService$2.callBlockingMethod(OzoneManagerProtocolProtos.java) [ozone-interface-client-1.3.0-SNAPSHOT.jar:?]
	at org.apache.hadoop.ipc.ProtobufRpcEngine$Server.processCall(ProtobufRpcEngine.java:466) [hadoop-common-3.3.1.jar:?]
	at org.apache.hadoop.ipc.ProtobufRpcEngine2$Server$ProtoBufRpcInvoker.call(ProtobufRpcEngine2.java:574) [hadoop-common-3.3.1.jar:?]
	at org.apache.hadoop.ipc.ProtobufRpcEngine2$Server$ProtoBufRpcInvoker.call(ProtobufRpcEngine2.java:552) [hadoop-common-3.3.1.jar:?]
	at org.apache.hadoop.ipc.RPC$Server.call(RPC.java:1093) [hadoop-common-3.3.1.jar:?]
	at org.apache.hadoop.ipc.Server$RpcCall.run(Server.java:1035) [hadoop-common-3.3.1.jar:?]
	at org.apache.hadoop.ipc.Server$RpcCall.run(Server.java:963) [hadoop-common-3.3.1.jar:?]
	at java.security.AccessController.doPrivileged(Native Method) ~[?:1.8.0_322]
	at javax.security.auth.Subject.doAs(Subject.java:422) [?:1.8.0_322]
	at org.apache.hadoop.security.UserGroupInformation.doAs(UserGroupInformation.java:1878) [hadoop-common-3.3.1.jar:?]
	at org.apache.hadoop.ipc.Server$Handler.run(Server.java:2966) [hadoop-common-3.3.1.jar:?]
]]></system-out>
  </testcase>
  <testcase name="testNonExplicitlyCreatedPathExistsAfterItsLeafsWereRemoved" classname="TestOzoneFileSystem" time="0.038">
    <system-out><![CDATA[01:55:10.506 [IPC Server handler 5 on default port 35711] ERROR OMAudit - user=runner | ip=127.0.0.1 | op=GET_FILE_STATUS {volume=volume11484, bucket=bucket58947, key=target/leaf, dataSize=0, replicationConfig=null} | ret=FAILURE
org.apache.hadoop.ozone.om.exceptions.OMException: Unable to get file status: volume: volume11484 bucket: bucket58947 key: target/leaf
	at org.apache.hadoop.ozone.om.KeyManagerImpl.getOzoneFileStatus(KeyManagerImpl.java:1280) ~[ozone-manager-1.3.0-SNAPSHOT.jar:?]
	at org.apache.hadoop.ozone.om.KeyManagerImpl.getFileStatus(KeyManagerImpl.java:1210) ~[ozone-manager-1.3.0-SNAPSHOT.jar:?]
	at org.apache.hadoop.ozone.om.OzoneManager.getFileStatus(OzoneManager.java:3009) ~[ozone-manager-1.3.0-SNAPSHOT.jar:?]
	at org.apache.hadoop.ozone.protocolPB.OzoneManagerRequestHandler.getOzoneFileStatus(OzoneManagerRequestHandler.java:670) ~[ozone-manager-1.3.0-SNAPSHOT.jar:?]
	at org.apache.hadoop.ozone.protocolPB.OzoneManagerRequestHandler.handleReadRequest(OzoneManagerRequestHandler.java:201) ~[ozone-manager-1.3.0-SNAPSHOT.jar:?]
	at org.apache.hadoop.ozone.protocolPB.OzoneManagerProtocolServerSideTranslatorPB.submitRequestDirectlyToOM(OzoneManagerProtocolServerSideTranslatorPB.java:271) ~[ozone-manager-1.3.0-SNAPSHOT.jar:?]
	at org.apache.hadoop.ozone.protocolPB.OzoneManagerProtocolServerSideTranslatorPB.processRequest(OzoneManagerProtocolServerSideTranslatorPB.java:195) ~[ozone-manager-1.3.0-SNAPSHOT.jar:?]
	at org.apache.hadoop.hdds.server.OzoneProtocolMessageDispatcher.processRequest(OzoneProtocolMessageDispatcher.java:87) [hdds-server-framework-1.3.0-SNAPSHOT.jar:?]
	at org.apache.hadoop.ozone.protocolPB.OzoneManagerProtocolServerSideTranslatorPB.submitRequest(OzoneManagerProtocolServerSideTranslatorPB.java:146) [ozone-manager-1.3.0-SNAPSHOT.jar:?]
	at org.apache.hadoop.ozone.protocol.proto.OzoneManagerProtocolProtos$OzoneManagerService$2.callBlockingMethod(OzoneManagerProtocolProtos.java) [ozone-interface-client-1.3.0-SNAPSHOT.jar:?]
	at org.apache.hadoop.ipc.ProtobufRpcEngine$Server.processCall(ProtobufRpcEngine.java:466) [hadoop-common-3.3.1.jar:?]
	at org.apache.hadoop.ipc.ProtobufRpcEngine2$Server$ProtoBufRpcInvoker.call(ProtobufRpcEngine2.java:574) [hadoop-common-3.3.1.jar:?]
	at org.apache.hadoop.ipc.ProtobufRpcEngine2$Server$ProtoBufRpcInvoker.call(ProtobufRpcEngine2.java:552) [hadoop-common-3.3.1.jar:?]
	at org.apache.hadoop.ipc.RPC$Server.call(RPC.java:1093) [hadoop-common-3.3.1.jar:?]
	at org.apache.hadoop.ipc.Server$RpcCall.run(Server.java:1035) [hadoop-common-3.3.1.jar:?]
	at org.apache.hadoop.ipc.Server$RpcCall.run(Server.java:963) [hadoop-common-3.3.1.jar:?]
	at java.security.AccessController.doPrivileged(Native Method) ~[?:1.8.0_322]
	at javax.security.auth.Subject.doAs(Subject.java:422) [?:1.8.0_322]
	at org.apache.hadoop.security.UserGroupInformation.doAs(UserGroupInformation.java:1878) [hadoop-common-3.3.1.jar:?]
	at org.apache.hadoop.ipc.Server$Handler.run(Server.java:2966) [hadoop-common-3.3.1.jar:?]
]]></system-out>
  </testcase>
  <testcase name="testCreateFileShouldCheckExistenceOfDirWithSameName" classname="TestOzoneFileSystem" time="0.051">
    <system-out><![CDATA[01:51:55.220 [OM StateMachine ApplyTransaction Thread - 0] ERROR OMAudit - user=runner | ip=127.0.0.1 | op=CREATE_FILE {volume=volume70938, bucket=bucket97532, key=d1/d2/d3/d4/key2, dataSize=4194304, replicationType=RATIS, replicationFactor=THREE} | ret=FAILURE
org.apache.hadoop.ozone.om.exceptions.OMException: Can not write to directory: d1/d2/d3/d4/key2
	at org.apache.hadoop.ozone.om.request.file.OMFileCreateRequest.checkDirectoryResult(OMFileCreateRequest.java:367) ~[ozone-manager-1.3.0-SNAPSHOT.jar:?]
	at org.apache.hadoop.ozone.om.request.file.OMFileCreateRequest.validateAndUpdateCache(OMFileCreateRequest.java:239) ~[ozone-manager-1.3.0-SNAPSHOT.jar:?]
	at org.apache.hadoop.ozone.protocolPB.OzoneManagerRequestHandler.handleWriteRequest(OzoneManagerRequestHandler.java:254) ~[ozone-manager-1.3.0-SNAPSHOT.jar:?]
	at org.apache.hadoop.ozone.om.ratis.OzoneManagerStateMachine.runCommand(OzoneManagerStateMachine.java:514) ~[ozone-manager-1.3.0-SNAPSHOT.jar:?]
	at org.apache.hadoop.ozone.om.ratis.OzoneManagerStateMachine.lambda$2(OzoneManagerStateMachine.java:317) ~[ozone-manager-1.3.0-SNAPSHOT.jar:?]
	at java.util.concurrent.CompletableFuture$AsyncSupply.run(CompletableFuture.java:1604) [?:1.8.0_322]
	at java.util.concurrent.ThreadPoolExecutor.runWorker(ThreadPoolExecutor.java:1149) [?:1.8.0_322]
	at java.util.concurrent.ThreadPoolExecutor$Worker.run(ThreadPoolExecutor.java:624) [?:1.8.0_322]
	at java.lang.Thread.run(Thread.java:750) [?:1.8.0_322]
2022-04-26 01:51:55,221 [OM StateMachine ApplyTransaction Thread - 0] ERROR file.OMFileCreateRequest (OMFileCreateRequest.java:validateAndUpdateCache(340)) - File create failed. Volume:volume70938, Bucket:bucket97532, Keyd1/d2/d3/d4/key2.
NOT_A_FILE org.apache.hadoop.ozone.om.exceptions.OMException: Can not write to directory: d1/d2/d3/d4/key2
	at org.apache.hadoop.ozone.om.request.file.OMFileCreateRequest.checkDirectoryResult(OMFileCreateRequest.java:367)
	at org.apache.hadoop.ozone.om.request.file.OMFileCreateRequest.validateAndUpdateCache(OMFileCreateRequest.java:239)
	at org.apache.hadoop.ozone.protocolPB.OzoneManagerRequestHandler.handleWriteRequest(OzoneManagerRequestHandler.java:254)
	at org.apache.hadoop.ozone.om.ratis.OzoneManagerStateMachine.runCommand(OzoneManagerStateMachine.java:514)
	at org.apache.hadoop.ozone.om.ratis.OzoneManagerStateMachine.lambda$2(OzoneManagerStateMachine.java:317)
	at java.util.concurrent.CompletableFuture$AsyncSupply.run(CompletableFuture.java:1604)
	at java.util.concurrent.ThreadPoolExecutor.runWorker(ThreadPoolExecutor.java:1149)
	at java.util.concurrent.ThreadPoolExecutor$Worker.run(ThreadPoolExecutor.java:624)
	at java.lang.Thread.run(Thread.java:750)
01:51:55.231 [OM StateMachine ApplyTransaction Thread - 0] ERROR OMAudit - user=runner | ip=127.0.0.1 | op=CREATE_DIRECTORY {volume=volume70938, bucket=bucket97532, key=d1/d2/d3/d4/key3, dataSize=0, replicationType=NONE, replicationFactor=ZERO} | ret=FAILURE
org.apache.hadoop.ozone.om.exceptions.OMException: Unable to create directory: d1/d2/d3/d4/key3 in volume/bucket: volume70938/bucket97532
	at org.apache.hadoop.ozone.om.request.file.OMDirectoryCreateRequest.validateAndUpdateCache(OMDirectoryCreateRequest.java:198) ~[ozone-manager-1.3.0-SNAPSHOT.jar:?]
	at org.apache.hadoop.ozone.protocolPB.OzoneManagerRequestHandler.handleWriteRequest(OzoneManagerRequestHandler.java:254) ~[ozone-manager-1.3.0-SNAPSHOT.jar:?]
	at org.apache.hadoop.ozone.om.ratis.OzoneManagerStateMachine.runCommand(OzoneManagerStateMachine.java:514) ~[ozone-manager-1.3.0-SNAPSHOT.jar:?]
	at org.apache.hadoop.ozone.om.ratis.OzoneManagerStateMachine.lambda$2(OzoneManagerStateMachine.java:317) ~[ozone-manager-1.3.0-SNAPSHOT.jar:?]
	at java.util.concurrent.CompletableFuture$AsyncSupply.run(CompletableFuture.java:1604) [?:1.8.0_322]
	at java.util.concurrent.ThreadPoolExecutor.runWorker(ThreadPoolExecutor.java:1149) [?:1.8.0_322]
	at java.util.concurrent.ThreadPoolExecutor$Worker.run(ThreadPoolExecutor.java:624) [?:1.8.0_322]
	at java.lang.Thread.run(Thread.java:750) [?:1.8.0_322]
2022-04-26 01:51:55,232 [OM StateMachine ApplyTransaction Thread - 0] ERROR file.OMDirectoryCreateRequest (OMDirectoryCreateRequest.java:logResult(331)) - Directory creation failed. Volume:volume70938, Bucket:bucket97532, Keyd1/d2/d3/d4/key3. Exception:{}
FILE_ALREADY_EXISTS org.apache.hadoop.ozone.om.exceptions.OMException: Unable to create directory: d1/d2/d3/d4/key3 in volume/bucket: volume70938/bucket97532
	at org.apache.hadoop.ozone.om.request.file.OMDirectoryCreateRequest.validateAndUpdateCache(OMDirectoryCreateRequest.java:198)
	at org.apache.hadoop.ozone.protocolPB.OzoneManagerRequestHandler.handleWriteRequest(OzoneManagerRequestHandler.java:254)
	at org.apache.hadoop.ozone.om.ratis.OzoneManagerStateMachine.runCommand(OzoneManagerStateMachine.java:514)
	at org.apache.hadoop.ozone.om.ratis.OzoneManagerStateMachine.lambda$2(OzoneManagerStateMachine.java:317)
	at java.util.concurrent.CompletableFuture$AsyncSupply.run(CompletableFuture.java:1604)
	at java.util.concurrent.ThreadPoolExecutor.runWorker(ThreadPoolExecutor.java:1149)
	at java.util.concurrent.ThreadPoolExecutor$Worker.run(ThreadPoolExecutor.java:624)
	at java.lang.Thread.run(Thread.java:750)
01:51:55.235 [OM StateMachine ApplyTransaction Thread - 0] ERROR OMAudit - user=runner | ip=127.0.0.1 | op=CREATE_FILE {volume=volume70938, bucket=bucket97532, key=d1/d2/d3, dataSize=4194304, replicationType=RATIS, replicationFactor=THREE} | ret=FAILURE
org.apache.hadoop.ozone.om.exceptions.OMException: Can not write to directory: d1/d2/d3
	at org.apache.hadoop.ozone.om.request.file.OMFileCreateRequest.checkDirectoryResult(OMFileCreateRequest.java:367) ~[ozone-manager-1.3.0-SNAPSHOT.jar:?]
	at org.apache.hadoop.ozone.om.request.file.OMFileCreateRequest.validateAndUpdateCache(OMFileCreateRequest.java:239) ~[ozone-manager-1.3.0-SNAPSHOT.jar:?]
	at org.apache.hadoop.ozone.protocolPB.OzoneManagerRequestHandler.handleWriteRequest(OzoneManagerRequestHandler.java:254) ~[ozone-manager-1.3.0-SNAPSHOT.jar:?]
	at org.apache.hadoop.ozone.om.ratis.OzoneManagerStateMachine.runCommand(OzoneManagerStateMachine.java:514) ~[ozone-manager-1.3.0-SNAPSHOT.jar:?]
	at org.apache.hadoop.ozone.om.ratis.OzoneManagerStateMachine.lambda$2(OzoneManagerStateMachine.java:317) ~[ozone-manager-1.3.0-SNAPSHOT.jar:?]
	at java.util.concurrent.CompletableFuture$AsyncSupply.run(CompletableFuture.java:1604) [?:1.8.0_322]
	at java.util.concurrent.ThreadPoolExecutor.runWorker(ThreadPoolExecutor.java:1149) [?:1.8.0_322]
	at java.util.concurrent.ThreadPoolExecutor$Worker.run(ThreadPoolExecutor.java:624) [?:1.8.0_322]
	at java.lang.Thread.run(Thread.java:750) [?:1.8.0_322]
2022-04-26 01:51:55,236 [OM StateMachine ApplyTransaction Thread - 0] ERROR file.OMFileCreateRequest (OMFileCreateRequest.java:validateAndUpdateCache(340)) - File create failed. Volume:volume70938, Bucket:bucket97532, Keyd1/d2/d3.
NOT_A_FILE org.apache.hadoop.ozone.om.exceptions.OMException: Can not write to directory: d1/d2/d3
	at org.apache.hadoop.ozone.om.request.file.OMFileCreateRequest.checkDirectoryResult(OMFileCreateRequest.java:367)
	at org.apache.hadoop.ozone.om.request.file.OMFileCreateRequest.validateAndUpdateCache(OMFileCreateRequest.java:239)
	at org.apache.hadoop.ozone.protocolPB.OzoneManagerRequestHandler.handleWriteRequest(OzoneManagerRequestHandler.java:254)
	at org.apache.hadoop.ozone.om.ratis.OzoneManagerStateMachine.runCommand(OzoneManagerStateMachine.java:514)
	at org.apache.hadoop.ozone.om.ratis.OzoneManagerStateMachine.lambda$2(OzoneManagerStateMachine.java:317)
	at java.util.concurrent.CompletableFuture$AsyncSupply.run(CompletableFuture.java:1604)
	at java.util.concurrent.ThreadPoolExecutor.runWorker(ThreadPoolExecutor.java:1149)
	at java.util.concurrent.ThreadPoolExecutor$Worker.run(ThreadPoolExecutor.java:624)
	at java.lang.Thread.run(Thread.java:750)
01:51:55.238 [IPC Server handler 9 on default port 44011] ERROR OMAudit - user=runner | ip=127.0.0.1 | op=GET_FILE_STATUS {volume=volume70938, bucket=bucket97532, key=d1/d2/d3/d4/key3/invalid, dataSize=0, replicationConfig=null} | ret=FAILURE
org.apache.hadoop.ozone.om.exceptions.OMException: Unable to get file status: volume: volume70938 bucket: bucket97532 key: d1/d2/d3/d4/key3/invalid
	at org.apache.hadoop.ozone.om.KeyManagerImpl.getOzoneFileStatus(KeyManagerImpl.java:1280) ~[ozone-manager-1.3.0-SNAPSHOT.jar:?]
	at org.apache.hadoop.ozone.om.KeyManagerImpl.getFileStatus(KeyManagerImpl.java:1210) ~[ozone-manager-1.3.0-SNAPSHOT.jar:?]
	at org.apache.hadoop.ozone.om.OzoneManager.getFileStatus(OzoneManager.java:3009) ~[ozone-manager-1.3.0-SNAPSHOT.jar:?]
	at org.apache.hadoop.ozone.protocolPB.OzoneManagerRequestHandler.getOzoneFileStatus(OzoneManagerRequestHandler.java:670) ~[ozone-manager-1.3.0-SNAPSHOT.jar:?]
	at org.apache.hadoop.ozone.protocolPB.OzoneManagerRequestHandler.handleReadRequest(OzoneManagerRequestHandler.java:201) ~[ozone-manager-1.3.0-SNAPSHOT.jar:?]
	at org.apache.hadoop.ozone.protocolPB.OzoneManagerProtocolServerSideTranslatorPB.submitReadRequestToOM(OzoneManagerProtocolServerSideTranslatorPB.java:213) ~[ozone-manager-1.3.0-SNAPSHOT.jar:?]
	at org.apache.hadoop.ozone.protocolPB.OzoneManagerProtocolServerSideTranslatorPB.processRequest(OzoneManagerProtocolServerSideTranslatorPB.java:174) ~[ozone-manager-1.3.0-SNAPSHOT.jar:?]
	at org.apache.hadoop.hdds.server.OzoneProtocolMessageDispatcher.processRequest(OzoneProtocolMessageDispatcher.java:87) [hdds-server-framework-1.3.0-SNAPSHOT.jar:?]
	at org.apache.hadoop.ozone.protocolPB.OzoneManagerProtocolServerSideTranslatorPB.submitRequest(OzoneManagerProtocolServerSideTranslatorPB.java:146) [ozone-manager-1.3.0-SNAPSHOT.jar:?]
	at org.apache.hadoop.ozone.protocol.proto.OzoneManagerProtocolProtos$OzoneManagerService$2.callBlockingMethod(OzoneManagerProtocolProtos.java) [ozone-interface-client-1.3.0-SNAPSHOT.jar:?]
	at org.apache.hadoop.ipc.ProtobufRpcEngine$Server.processCall(ProtobufRpcEngine.java:466) [hadoop-common-3.3.1.jar:?]
	at org.apache.hadoop.ipc.ProtobufRpcEngine2$Server$ProtoBufRpcInvoker.call(ProtobufRpcEngine2.java:574) [hadoop-common-3.3.1.jar:?]
	at org.apache.hadoop.ipc.ProtobufRpcEngine2$Server$ProtoBufRpcInvoker.call(ProtobufRpcEngine2.java:552) [hadoop-common-3.3.1.jar:?]
	at org.apache.hadoop.ipc.RPC$Server.call(RPC.java:1093) [hadoop-common-3.3.1.jar:?]
	at org.apache.hadoop.ipc.Server$RpcCall.run(Server.java:1035) [hadoop-common-3.3.1.jar:?]
	at org.apache.hadoop.ipc.Server$RpcCall.run(Server.java:963) [hadoop-common-3.3.1.jar:?]
	at java.security.AccessController.doPrivileged(Native Method) ~[?:1.8.0_322]
	at javax.security.auth.Subject.doAs(Subject.java:422) [?:1.8.0_322]
	at org.apache.hadoop.security.UserGroupInformation.doAs(UserGroupInformation.java:1878) [hadoop-common-3.3.1.jar:?]
	at org.apache.hadoop.ipc.Server$Handler.run(Server.java:2966) [hadoop-common-3.3.1.jar:?]
01:51:55.239 [IPC Server handler 8 on default port 44011] ERROR OMAudit - user=runner | ip=127.0.0.1 | op=GET_FILE_STATUS {volume=volume70938, bucket=bucket97532, key=d1/d2/d3/d4/invalidkey, dataSize=0, replicationConfig=null} | ret=FAILURE
org.apache.hadoop.ozone.om.exceptions.OMException: Unable to get file status: volume: volume70938 bucket: bucket97532 key: d1/d2/d3/d4/invalidkey
	at org.apache.hadoop.ozone.om.KeyManagerImpl.getOzoneFileStatus(KeyManagerImpl.java:1280) ~[ozone-manager-1.3.0-SNAPSHOT.jar:?]
	at org.apache.hadoop.ozone.om.KeyManagerImpl.getFileStatus(KeyManagerImpl.java:1210) ~[ozone-manager-1.3.0-SNAPSHOT.jar:?]
	at org.apache.hadoop.ozone.om.OzoneManager.getFileStatus(OzoneManager.java:3009) ~[ozone-manager-1.3.0-SNAPSHOT.jar:?]
	at org.apache.hadoop.ozone.protocolPB.OzoneManagerRequestHandler.getOzoneFileStatus(OzoneManagerRequestHandler.java:670) ~[ozone-manager-1.3.0-SNAPSHOT.jar:?]
	at org.apache.hadoop.ozone.protocolPB.OzoneManagerRequestHandler.handleReadRequest(OzoneManagerRequestHandler.java:201) ~[ozone-manager-1.3.0-SNAPSHOT.jar:?]
	at org.apache.hadoop.ozone.protocolPB.OzoneManagerProtocolServerSideTranslatorPB.submitReadRequestToOM(OzoneManagerProtocolServerSideTranslatorPB.java:213) ~[ozone-manager-1.3.0-SNAPSHOT.jar:?]
	at org.apache.hadoop.ozone.protocolPB.OzoneManagerProtocolServerSideTranslatorPB.processRequest(OzoneManagerProtocolServerSideTranslatorPB.java:174) ~[ozone-manager-1.3.0-SNAPSHOT.jar:?]
	at org.apache.hadoop.hdds.server.OzoneProtocolMessageDispatcher.processRequest(OzoneProtocolMessageDispatcher.java:87) [hdds-server-framework-1.3.0-SNAPSHOT.jar:?]
	at org.apache.hadoop.ozone.protocolPB.OzoneManagerProtocolServerSideTranslatorPB.submitRequest(OzoneManagerProtocolServerSideTranslatorPB.java:146) [ozone-manager-1.3.0-SNAPSHOT.jar:?]
	at org.apache.hadoop.ozone.protocol.proto.OzoneManagerProtocolProtos$OzoneManagerService$2.callBlockingMethod(OzoneManagerProtocolProtos.java) [ozone-interface-client-1.3.0-SNAPSHOT.jar:?]
	at org.apache.hadoop.ipc.ProtobufRpcEngine$Server.processCall(ProtobufRpcEngine.java:466) [hadoop-common-3.3.1.jar:?]
	at org.apache.hadoop.ipc.ProtobufRpcEngine2$Server$ProtoBufRpcInvoker.call(ProtobufRpcEngine2.java:574) [hadoop-common-3.3.1.jar:?]
	at org.apache.hadoop.ipc.ProtobufRpcEngine2$Server$ProtoBufRpcInvoker.call(ProtobufRpcEngine2.java:552) [hadoop-common-3.3.1.jar:?]
	at org.apache.hadoop.ipc.RPC$Server.call(RPC.java:1093) [hadoop-common-3.3.1.jar:?]
	at org.apache.hadoop.ipc.Server$RpcCall.run(Server.java:1035) [hadoop-common-3.3.1.jar:?]
	at org.apache.hadoop.ipc.Server$RpcCall.run(Server.java:963) [hadoop-common-3.3.1.jar:?]
	at java.security.AccessController.doPrivileged(Native Method) ~[?:1.8.0_322]
	at javax.security.auth.Subject.doAs(Subject.java:422) [?:1.8.0_322]
	at org.apache.hadoop.security.UserGroupInformation.doAs(UserGroupInformation.java:1878) [hadoop-common-3.3.1.jar:?]
	at org.apache.hadoop.ipc.Server$Handler.run(Server.java:2966) [hadoop-common-3.3.1.jar:?]
]]></system-out>
  </testcase>
  <testcase name="testCreateFileShouldCheckExistenceOfDirWithSameName" classname="TestOzoneFileSystem" time="0.047">
    <system-out><![CDATA[01:52:54.242 [IPC Server handler 16 on default port 46323] ERROR OMAudit - user=runner | ip=127.0.0.1 | op=CREATE_FILE {volume=volume68825, bucket=bucket30700, key=d1/d2/d3/d4/key2, dataSize=4194304, replicationType=RATIS, replicationFactor=THREE} | ret=FAILURE
org.apache.hadoop.ozone.om.exceptions.OMException: Can not write to directory: d1/d2/d3/d4/key2
	at org.apache.hadoop.ozone.om.request.file.OMFileCreateRequest.checkDirectoryResult(OMFileCreateRequest.java:367) ~[ozone-manager-1.3.0-SNAPSHOT.jar:?]
	at org.apache.hadoop.ozone.om.request.file.OMFileCreateRequest.validateAndUpdateCache(OMFileCreateRequest.java:239) ~[ozone-manager-1.3.0-SNAPSHOT.jar:?]
	at org.apache.hadoop.ozone.protocolPB.OzoneManagerRequestHandler.handleWriteRequest(OzoneManagerRequestHandler.java:254) ~[ozone-manager-1.3.0-SNAPSHOT.jar:?]
	at org.apache.hadoop.ozone.protocolPB.OzoneManagerProtocolServerSideTranslatorPB.submitRequestDirectlyToOM(OzoneManagerProtocolServerSideTranslatorPB.java:280) ~[ozone-manager-1.3.0-SNAPSHOT.jar:?]
	at org.apache.hadoop.ozone.protocolPB.OzoneManagerProtocolServerSideTranslatorPB.processRequest(OzoneManagerProtocolServerSideTranslatorPB.java:195) ~[ozone-manager-1.3.0-SNAPSHOT.jar:?]
	at org.apache.hadoop.hdds.server.OzoneProtocolMessageDispatcher.processRequest(OzoneProtocolMessageDispatcher.java:87) [hdds-server-framework-1.3.0-SNAPSHOT.jar:?]
	at org.apache.hadoop.ozone.protocolPB.OzoneManagerProtocolServerSideTranslatorPB.submitRequest(OzoneManagerProtocolServerSideTranslatorPB.java:146) [ozone-manager-1.3.0-SNAPSHOT.jar:?]
	at org.apache.hadoop.ozone.protocol.proto.OzoneManagerProtocolProtos$OzoneManagerService$2.callBlockingMethod(OzoneManagerProtocolProtos.java) [ozone-interface-client-1.3.0-SNAPSHOT.jar:?]
	at org.apache.hadoop.ipc.ProtobufRpcEngine$Server.processCall(ProtobufRpcEngine.java:466) [hadoop-common-3.3.1.jar:?]
	at org.apache.hadoop.ipc.ProtobufRpcEngine2$Server$ProtoBufRpcInvoker.call(ProtobufRpcEngine2.java:574) [hadoop-common-3.3.1.jar:?]
	at org.apache.hadoop.ipc.ProtobufRpcEngine2$Server$ProtoBufRpcInvoker.call(ProtobufRpcEngine2.java:552) [hadoop-common-3.3.1.jar:?]
	at org.apache.hadoop.ipc.RPC$Server.call(RPC.java:1093) [hadoop-common-3.3.1.jar:?]
	at org.apache.hadoop.ipc.Server$RpcCall.run(Server.java:1035) [hadoop-common-3.3.1.jar:?]
	at org.apache.hadoop.ipc.Server$RpcCall.run(Server.java:963) [hadoop-common-3.3.1.jar:?]
	at java.security.AccessController.doPrivileged(Native Method) ~[?:1.8.0_322]
	at javax.security.auth.Subject.doAs(Subject.java:422) [?:1.8.0_322]
	at org.apache.hadoop.security.UserGroupInformation.doAs(UserGroupInformation.java:1878) [hadoop-common-3.3.1.jar:?]
	at org.apache.hadoop.ipc.Server$Handler.run(Server.java:2966) [hadoop-common-3.3.1.jar:?]
2022-04-26 01:52:54,242 [IPC Server handler 16 on default port 46323] ERROR file.OMFileCreateRequest (OMFileCreateRequest.java:validateAndUpdateCache(340)) - File create failed. Volume:volume68825, Bucket:bucket30700, Keyd1/d2/d3/d4/key2.
NOT_A_FILE org.apache.hadoop.ozone.om.exceptions.OMException: Can not write to directory: d1/d2/d3/d4/key2
	at org.apache.hadoop.ozone.om.request.file.OMFileCreateRequest.checkDirectoryResult(OMFileCreateRequest.java:367)
	at org.apache.hadoop.ozone.om.request.file.OMFileCreateRequest.validateAndUpdateCache(OMFileCreateRequest.java:239)
	at org.apache.hadoop.ozone.protocolPB.OzoneManagerRequestHandler.handleWriteRequest(OzoneManagerRequestHandler.java:254)
	at org.apache.hadoop.ozone.protocolPB.OzoneManagerProtocolServerSideTranslatorPB.submitRequestDirectlyToOM(OzoneManagerProtocolServerSideTranslatorPB.java:280)
	at org.apache.hadoop.ozone.protocolPB.OzoneManagerProtocolServerSideTranslatorPB.processRequest(OzoneManagerProtocolServerSideTranslatorPB.java:195)
	at org.apache.hadoop.hdds.server.OzoneProtocolMessageDispatcher.processRequest(OzoneProtocolMessageDispatcher.java:87)
	at org.apache.hadoop.ozone.protocolPB.OzoneManagerProtocolServerSideTranslatorPB.submitRequest(OzoneManagerProtocolServerSideTranslatorPB.java:146)
	at org.apache.hadoop.ozone.protocol.proto.OzoneManagerProtocolProtos$OzoneManagerService$2.callBlockingMethod(OzoneManagerProtocolProtos.java)
	at org.apache.hadoop.ipc.ProtobufRpcEngine$Server.processCall(ProtobufRpcEngine.java:466)
	at org.apache.hadoop.ipc.ProtobufRpcEngine2$Server$ProtoBufRpcInvoker.call(ProtobufRpcEngine2.java:574)
	at org.apache.hadoop.ipc.ProtobufRpcEngine2$Server$ProtoBufRpcInvoker.call(ProtobufRpcEngine2.java:552)
	at org.apache.hadoop.ipc.RPC$Server.call(RPC.java:1093)
	at org.apache.hadoop.ipc.Server$RpcCall.run(Server.java:1035)
	at org.apache.hadoop.ipc.Server$RpcCall.run(Server.java:963)
	at java.security.AccessController.doPrivileged(Native Method)
	at javax.security.auth.Subject.doAs(Subject.java:422)
	at org.apache.hadoop.security.UserGroupInformation.doAs(UserGroupInformation.java:1878)
	at org.apache.hadoop.ipc.Server$Handler.run(Server.java:2966)
01:52:54.249 [IPC Server handler 15 on default port 46323] ERROR OMAudit - user=runner | ip=127.0.0.1 | op=CREATE_DIRECTORY {volume=volume68825, bucket=bucket30700, key=d1/d2/d3/d4/key3, dataSize=0, replicationType=NONE, replicationFactor=ZERO} | ret=FAILURE
org.apache.hadoop.ozone.om.exceptions.OMException: Unable to create directory: d1/d2/d3/d4/key3 in volume/bucket: volume68825/bucket30700
	at org.apache.hadoop.ozone.om.request.file.OMDirectoryCreateRequest.validateAndUpdateCache(OMDirectoryCreateRequest.java:198) ~[ozone-manager-1.3.0-SNAPSHOT.jar:?]
	at org.apache.hadoop.ozone.protocolPB.OzoneManagerRequestHandler.handleWriteRequest(OzoneManagerRequestHandler.java:254) ~[ozone-manager-1.3.0-SNAPSHOT.jar:?]
	at org.apache.hadoop.ozone.protocolPB.OzoneManagerProtocolServerSideTranslatorPB.submitRequestDirectlyToOM(OzoneManagerProtocolServerSideTranslatorPB.java:280) ~[ozone-manager-1.3.0-SNAPSHOT.jar:?]
	at org.apache.hadoop.ozone.protocolPB.OzoneManagerProtocolServerSideTranslatorPB.processRequest(OzoneManagerProtocolServerSideTranslatorPB.java:195) ~[ozone-manager-1.3.0-SNAPSHOT.jar:?]
	at org.apache.hadoop.hdds.server.OzoneProtocolMessageDispatcher.processRequest(OzoneProtocolMessageDispatcher.java:87) [hdds-server-framework-1.3.0-SNAPSHOT.jar:?]
	at org.apache.hadoop.ozone.protocolPB.OzoneManagerProtocolServerSideTranslatorPB.submitRequest(OzoneManagerProtocolServerSideTranslatorPB.java:146) [ozone-manager-1.3.0-SNAPSHOT.jar:?]
	at org.apache.hadoop.ozone.protocol.proto.OzoneManagerProtocolProtos$OzoneManagerService$2.callBlockingMethod(OzoneManagerProtocolProtos.java) [ozone-interface-client-1.3.0-SNAPSHOT.jar:?]
	at org.apache.hadoop.ipc.ProtobufRpcEngine$Server.processCall(ProtobufRpcEngine.java:466) [hadoop-common-3.3.1.jar:?]
	at org.apache.hadoop.ipc.ProtobufRpcEngine2$Server$ProtoBufRpcInvoker.call(ProtobufRpcEngine2.java:574) [hadoop-common-3.3.1.jar:?]
	at org.apache.hadoop.ipc.ProtobufRpcEngine2$Server$ProtoBufRpcInvoker.call(ProtobufRpcEngine2.java:552) [hadoop-common-3.3.1.jar:?]
	at org.apache.hadoop.ipc.RPC$Server.call(RPC.java:1093) [hadoop-common-3.3.1.jar:?]
	at org.apache.hadoop.ipc.Server$RpcCall.run(Server.java:1035) [hadoop-common-3.3.1.jar:?]
	at org.apache.hadoop.ipc.Server$RpcCall.run(Server.java:963) [hadoop-common-3.3.1.jar:?]
	at java.security.AccessController.doPrivileged(Native Method) ~[?:1.8.0_322]
	at javax.security.auth.Subject.doAs(Subject.java:422) [?:1.8.0_322]
	at org.apache.hadoop.security.UserGroupInformation.doAs(UserGroupInformation.java:1878) [hadoop-common-3.3.1.jar:?]
	at org.apache.hadoop.ipc.Server$Handler.run(Server.java:2966) [hadoop-common-3.3.1.jar:?]
2022-04-26 01:52:54,250 [IPC Server handler 15 on default port 46323] ERROR file.OMDirectoryCreateRequest (OMDirectoryCreateRequest.java:logResult(331)) - Directory creation failed. Volume:volume68825, Bucket:bucket30700, Keyd1/d2/d3/d4/key3. Exception:{}
FILE_ALREADY_EXISTS org.apache.hadoop.ozone.om.exceptions.OMException: Unable to create directory: d1/d2/d3/d4/key3 in volume/bucket: volume68825/bucket30700
	at org.apache.hadoop.ozone.om.request.file.OMDirectoryCreateRequest.validateAndUpdateCache(OMDirectoryCreateRequest.java:198)
	at org.apache.hadoop.ozone.protocolPB.OzoneManagerRequestHandler.handleWriteRequest(OzoneManagerRequestHandler.java:254)
	at org.apache.hadoop.ozone.protocolPB.OzoneManagerProtocolServerSideTranslatorPB.submitRequestDirectlyToOM(OzoneManagerProtocolServerSideTranslatorPB.java:280)
	at org.apache.hadoop.ozone.protocolPB.OzoneManagerProtocolServerSideTranslatorPB.processRequest(OzoneManagerProtocolServerSideTranslatorPB.java:195)
	at org.apache.hadoop.hdds.server.OzoneProtocolMessageDispatcher.processRequest(OzoneProtocolMessageDispatcher.java:87)
	at org.apache.hadoop.ozone.protocolPB.OzoneManagerProtocolServerSideTranslatorPB.submitRequest(OzoneManagerProtocolServerSideTranslatorPB.java:146)
	at org.apache.hadoop.ozone.protocol.proto.OzoneManagerProtocolProtos$OzoneManagerService$2.callBlockingMethod(OzoneManagerProtocolProtos.java)
	at org.apache.hadoop.ipc.ProtobufRpcEngine$Server.processCall(ProtobufRpcEngine.java:466)
	at org.apache.hadoop.ipc.ProtobufRpcEngine2$Server$ProtoBufRpcInvoker.call(ProtobufRpcEngine2.java:574)
	at org.apache.hadoop.ipc.ProtobufRpcEngine2$Server$ProtoBufRpcInvoker.call(ProtobufRpcEngine2.java:552)
	at org.apache.hadoop.ipc.RPC$Server.call(RPC.java:1093)
	at org.apache.hadoop.ipc.Server$RpcCall.run(Server.java:1035)
	at org.apache.hadoop.ipc.Server$RpcCall.run(Server.java:963)
	at java.security.AccessController.doPrivileged(Native Method)
	at javax.security.auth.Subject.doAs(Subject.java:422)
	at org.apache.hadoop.security.UserGroupInformation.doAs(UserGroupInformation.java:1878)
	at org.apache.hadoop.ipc.Server$Handler.run(Server.java:2966)
01:52:54.263 [IPC Server handler 10 on default port 46323] ERROR OMAudit - user=runner | ip=127.0.0.1 | op=CREATE_FILE {volume=volume68825, bucket=bucket30700, key=d1/d2/d3, dataSize=4194304, replicationType=RATIS, replicationFactor=THREE} | ret=FAILURE
org.apache.hadoop.ozone.om.exceptions.OMException: Can not write to directory: d1/d2/d3
	at org.apache.hadoop.ozone.om.request.file.OMFileCreateRequest.checkDirectoryResult(OMFileCreateRequest.java:367) ~[ozone-manager-1.3.0-SNAPSHOT.jar:?]
	at org.apache.hadoop.ozone.om.request.file.OMFileCreateRequest.validateAndUpdateCache(OMFileCreateRequest.java:239) ~[ozone-manager-1.3.0-SNAPSHOT.jar:?]
	at org.apache.hadoop.ozone.protocolPB.OzoneManagerRequestHandler.handleWriteRequest(OzoneManagerRequestHandler.java:254) ~[ozone-manager-1.3.0-SNAPSHOT.jar:?]
	at org.apache.hadoop.ozone.protocolPB.OzoneManagerProtocolServerSideTranslatorPB.submitRequestDirectlyToOM(OzoneManagerProtocolServerSideTranslatorPB.java:280) ~[ozone-manager-1.3.0-SNAPSHOT.jar:?]
	at org.apache.hadoop.ozone.protocolPB.OzoneManagerProtocolServerSideTranslatorPB.processRequest(OzoneManagerProtocolServerSideTranslatorPB.java:195) ~[ozone-manager-1.3.0-SNAPSHOT.jar:?]
	at org.apache.hadoop.hdds.server.OzoneProtocolMessageDispatcher.processRequest(OzoneProtocolMessageDispatcher.java:87) [hdds-server-framework-1.3.0-SNAPSHOT.jar:?]
	at org.apache.hadoop.ozone.protocolPB.OzoneManagerProtocolServerSideTranslatorPB.submitRequest(OzoneManagerProtocolServerSideTranslatorPB.java:146) [ozone-manager-1.3.0-SNAPSHOT.jar:?]
	at org.apache.hadoop.ozone.protocol.proto.OzoneManagerProtocolProtos$OzoneManagerService$2.callBlockingMethod(OzoneManagerProtocolProtos.java) [ozone-interface-client-1.3.0-SNAPSHOT.jar:?]
	at org.apache.hadoop.ipc.ProtobufRpcEngine$Server.processCall(ProtobufRpcEngine.java:466) [hadoop-common-3.3.1.jar:?]
	at org.apache.hadoop.ipc.ProtobufRpcEngine2$Server$ProtoBufRpcInvoker.call(ProtobufRpcEngine2.java:574) [hadoop-common-3.3.1.jar:?]
	at org.apache.hadoop.ipc.ProtobufRpcEngine2$Server$ProtoBufRpcInvoker.call(ProtobufRpcEngine2.java:552) [hadoop-common-3.3.1.jar:?]
	at org.apache.hadoop.ipc.RPC$Server.call(RPC.java:1093) [hadoop-common-3.3.1.jar:?]
	at org.apache.hadoop.ipc.Server$RpcCall.run(Server.java:1035) [hadoop-common-3.3.1.jar:?]
	at org.apache.hadoop.ipc.Server$RpcCall.run(Server.java:963) [hadoop-common-3.3.1.jar:?]
	at java.security.AccessController.doPrivileged(Native Method) ~[?:1.8.0_322]
	at javax.security.auth.Subject.doAs(Subject.java:422) [?:1.8.0_322]
	at org.apache.hadoop.security.UserGroupInformation.doAs(UserGroupInformation.java:1878) [hadoop-common-3.3.1.jar:?]
	at org.apache.hadoop.ipc.Server$Handler.run(Server.java:2966) [hadoop-common-3.3.1.jar:?]
2022-04-26 01:52:54,263 [IPC Server handler 10 on default port 46323] ERROR file.OMFileCreateRequest (OMFileCreateRequest.java:validateAndUpdateCache(340)) - File create failed. Volume:volume68825, Bucket:bucket30700, Keyd1/d2/d3.
NOT_A_FILE org.apache.hadoop.ozone.om.exceptions.OMException: Can not write to directory: d1/d2/d3
	at org.apache.hadoop.ozone.om.request.file.OMFileCreateRequest.checkDirectoryResult(OMFileCreateRequest.java:367)
	at org.apache.hadoop.ozone.om.request.file.OMFileCreateRequest.validateAndUpdateCache(OMFileCreateRequest.java:239)
	at org.apache.hadoop.ozone.protocolPB.OzoneManagerRequestHandler.handleWriteRequest(OzoneManagerRequestHandler.java:254)
	at org.apache.hadoop.ozone.protocolPB.OzoneManagerProtocolServerSideTranslatorPB.submitRequestDirectlyToOM(OzoneManagerProtocolServerSideTranslatorPB.java:280)
	at org.apache.hadoop.ozone.protocolPB.OzoneManagerProtocolServerSideTranslatorPB.processRequest(OzoneManagerProtocolServerSideTranslatorPB.java:195)
	at org.apache.hadoop.hdds.server.OzoneProtocolMessageDispatcher.processRequest(OzoneProtocolMessageDispatcher.java:87)
	at org.apache.hadoop.ozone.protocolPB.OzoneManagerProtocolServerSideTranslatorPB.submitRequest(OzoneManagerProtocolServerSideTranslatorPB.java:146)
	at org.apache.hadoop.ozone.protocol.proto.OzoneManagerProtocolProtos$OzoneManagerService$2.callBlockingMethod(OzoneManagerProtocolProtos.java)
	at org.apache.hadoop.ipc.ProtobufRpcEngine$Server.processCall(ProtobufRpcEngine.java:466)
	at org.apache.hadoop.ipc.ProtobufRpcEngine2$Server$ProtoBufRpcInvoker.call(ProtobufRpcEngine2.java:574)
	at org.apache.hadoop.ipc.ProtobufRpcEngine2$Server$ProtoBufRpcInvoker.call(ProtobufRpcEngine2.java:552)
	at org.apache.hadoop.ipc.RPC$Server.call(RPC.java:1093)
	at org.apache.hadoop.ipc.Server$RpcCall.run(Server.java:1035)
	at org.apache.hadoop.ipc.Server$RpcCall.run(Server.java:963)
	at java.security.AccessController.doPrivileged(Native Method)
	at javax.security.auth.Subject.doAs(Subject.java:422)
	at org.apache.hadoop.security.UserGroupInformation.doAs(UserGroupInformation.java:1878)
	at org.apache.hadoop.ipc.Server$Handler.run(Server.java:2966)
01:52:54.265 [IPC Server handler 3 on default port 46323] ERROR OMAudit - user=runner | ip=127.0.0.1 | op=GET_FILE_STATUS {volume=volume68825, bucket=bucket30700, key=d1/d2/d3/d4/key3/invalid, dataSize=0, replicationConfig=null} | ret=FAILURE
org.apache.hadoop.ozone.om.exceptions.OMException: Unable to get file status: volume: volume68825 bucket: bucket30700 key: d1/d2/d3/d4/key3/invalid
	at org.apache.hadoop.ozone.om.KeyManagerImpl.getOzoneFileStatus(KeyManagerImpl.java:1280) ~[ozone-manager-1.3.0-SNAPSHOT.jar:?]
	at org.apache.hadoop.ozone.om.KeyManagerImpl.getFileStatus(KeyManagerImpl.java:1210) ~[ozone-manager-1.3.0-SNAPSHOT.jar:?]
	at org.apache.hadoop.ozone.om.OzoneManager.getFileStatus(OzoneManager.java:3009) ~[ozone-manager-1.3.0-SNAPSHOT.jar:?]
	at org.apache.hadoop.ozone.protocolPB.OzoneManagerRequestHandler.getOzoneFileStatus(OzoneManagerRequestHandler.java:670) ~[ozone-manager-1.3.0-SNAPSHOT.jar:?]
	at org.apache.hadoop.ozone.protocolPB.OzoneManagerRequestHandler.handleReadRequest(OzoneManagerRequestHandler.java:201) ~[ozone-manager-1.3.0-SNAPSHOT.jar:?]
	at org.apache.hadoop.ozone.protocolPB.OzoneManagerProtocolServerSideTranslatorPB.submitRequestDirectlyToOM(OzoneManagerProtocolServerSideTranslatorPB.java:271) ~[ozone-manager-1.3.0-SNAPSHOT.jar:?]
	at org.apache.hadoop.ozone.protocolPB.OzoneManagerProtocolServerSideTranslatorPB.processRequest(OzoneManagerProtocolServerSideTranslatorPB.java:195) ~[ozone-manager-1.3.0-SNAPSHOT.jar:?]
	at org.apache.hadoop.hdds.server.OzoneProtocolMessageDispatcher.processRequest(OzoneProtocolMessageDispatcher.java:87) [hdds-server-framework-1.3.0-SNAPSHOT.jar:?]
	at org.apache.hadoop.ozone.protocolPB.OzoneManagerProtocolServerSideTranslatorPB.submitRequest(OzoneManagerProtocolServerSideTranslatorPB.java:146) [ozone-manager-1.3.0-SNAPSHOT.jar:?]
	at org.apache.hadoop.ozone.protocol.proto.OzoneManagerProtocolProtos$OzoneManagerService$2.callBlockingMethod(OzoneManagerProtocolProtos.java) [ozone-interface-client-1.3.0-SNAPSHOT.jar:?]
	at org.apache.hadoop.ipc.ProtobufRpcEngine$Server.processCall(ProtobufRpcEngine.java:466) [hadoop-common-3.3.1.jar:?]
	at org.apache.hadoop.ipc.ProtobufRpcEngine2$Server$ProtoBufRpcInvoker.call(ProtobufRpcEngine2.java:574) [hadoop-common-3.3.1.jar:?]
	at org.apache.hadoop.ipc.ProtobufRpcEngine2$Server$ProtoBufRpcInvoker.call(ProtobufRpcEngine2.java:552) [hadoop-common-3.3.1.jar:?]
	at org.apache.hadoop.ipc.RPC$Server.call(RPC.java:1093) [hadoop-common-3.3.1.jar:?]
	at org.apache.hadoop.ipc.Server$RpcCall.run(Server.java:1035) [hadoop-common-3.3.1.jar:?]
	at org.apache.hadoop.ipc.Server$RpcCall.run(Server.java:963) [hadoop-common-3.3.1.jar:?]
	at java.security.AccessController.doPrivileged(Native Method) ~[?:1.8.0_322]
	at javax.security.auth.Subject.doAs(Subject.java:422) [?:1.8.0_322]
	at org.apache.hadoop.security.UserGroupInformation.doAs(UserGroupInformation.java:1878) [hadoop-common-3.3.1.jar:?]
	at org.apache.hadoop.ipc.Server$Handler.run(Server.java:2966) [hadoop-common-3.3.1.jar:?]
01:52:54.266 [IPC Server handler 1 on default port 46323] ERROR OMAudit - user=runner | ip=127.0.0.1 | op=GET_FILE_STATUS {volume=volume68825, bucket=bucket30700, key=d1/d2/d3/d4/invalidkey, dataSize=0, replicationConfig=null} | ret=FAILURE
org.apache.hadoop.ozone.om.exceptions.OMException: Unable to get file status: volume: volume68825 bucket: bucket30700 key: d1/d2/d3/d4/invalidkey
	at org.apache.hadoop.ozone.om.KeyManagerImpl.getOzoneFileStatus(KeyManagerImpl.java:1280) ~[ozone-manager-1.3.0-SNAPSHOT.jar:?]
	at org.apache.hadoop.ozone.om.KeyManagerImpl.getFileStatus(KeyManagerImpl.java:1210) ~[ozone-manager-1.3.0-SNAPSHOT.jar:?]
	at org.apache.hadoop.ozone.om.OzoneManager.getFileStatus(OzoneManager.java:3009) ~[ozone-manager-1.3.0-SNAPSHOT.jar:?]
	at org.apache.hadoop.ozone.protocolPB.OzoneManagerRequestHandler.getOzoneFileStatus(OzoneManagerRequestHandler.java:670) ~[ozone-manager-1.3.0-SNAPSHOT.jar:?]
	at org.apache.hadoop.ozone.protocolPB.OzoneManagerRequestHandler.handleReadRequest(OzoneManagerRequestHandler.java:201) ~[ozone-manager-1.3.0-SNAPSHOT.jar:?]
	at org.apache.hadoop.ozone.protocolPB.OzoneManagerProtocolServerSideTranslatorPB.submitRequestDirectlyToOM(OzoneManagerProtocolServerSideTranslatorPB.java:271) ~[ozone-manager-1.3.0-SNAPSHOT.jar:?]
	at org.apache.hadoop.ozone.protocolPB.OzoneManagerProtocolServerSideTranslatorPB.processRequest(OzoneManagerProtocolServerSideTranslatorPB.java:195) ~[ozone-manager-1.3.0-SNAPSHOT.jar:?]
	at org.apache.hadoop.hdds.server.OzoneProtocolMessageDispatcher.processRequest(OzoneProtocolMessageDispatcher.java:87) [hdds-server-framework-1.3.0-SNAPSHOT.jar:?]
	at org.apache.hadoop.ozone.protocolPB.OzoneManagerProtocolServerSideTranslatorPB.submitRequest(OzoneManagerProtocolServerSideTranslatorPB.java:146) [ozone-manager-1.3.0-SNAPSHOT.jar:?]
	at org.apache.hadoop.ozone.protocol.proto.OzoneManagerProtocolProtos$OzoneManagerService$2.callBlockingMethod(OzoneManagerProtocolProtos.java) [ozone-interface-client-1.3.0-SNAPSHOT.jar:?]
	at org.apache.hadoop.ipc.ProtobufRpcEngine$Server.processCall(ProtobufRpcEngine.java:466) [hadoop-common-3.3.1.jar:?]
	at org.apache.hadoop.ipc.ProtobufRpcEngine2$Server$ProtoBufRpcInvoker.call(ProtobufRpcEngine2.java:574) [hadoop-common-3.3.1.jar:?]
	at org.apache.hadoop.ipc.ProtobufRpcEngine2$Server$ProtoBufRpcInvoker.call(ProtobufRpcEngine2.java:552) [hadoop-common-3.3.1.jar:?]
	at org.apache.hadoop.ipc.RPC$Server.call(RPC.java:1093) [hadoop-common-3.3.1.jar:?]
	at org.apache.hadoop.ipc.Server$RpcCall.run(Server.java:1035) [hadoop-common-3.3.1.jar:?]
	at org.apache.hadoop.ipc.Server$RpcCall.run(Server.java:963) [hadoop-common-3.3.1.jar:?]
	at java.security.AccessController.doPrivileged(Native Method) ~[?:1.8.0_322]
	at javax.security.auth.Subject.doAs(Subject.java:422) [?:1.8.0_322]
	at org.apache.hadoop.security.UserGroupInformation.doAs(UserGroupInformation.java:1878) [hadoop-common-3.3.1.jar:?]
	at org.apache.hadoop.ipc.Server$Handler.run(Server.java:2966) [hadoop-common-3.3.1.jar:?]
]]></system-out>
  </testcase>
  <testcase name="testCreateFileShouldCheckExistenceOfDirWithSameName" classname="TestOzoneFileSystem" time="0.049">
    <system-out><![CDATA[01:53:59.726 [OM StateMachine ApplyTransaction Thread - 0] ERROR OMAudit - user=runner | ip=127.0.0.1 | op=CREATE_FILE {volume=volume85710, bucket=bucket48480, key=d1/d2/d3/d4/key2, dataSize=4194304, replicationType=RATIS, replicationFactor=THREE} | ret=FAILURE
org.apache.hadoop.ozone.om.exceptions.OMException: Can not write to directory: d1/d2/d3/d4/key2
	at org.apache.hadoop.ozone.om.request.file.OMFileCreateRequest.checkDirectoryResult(OMFileCreateRequest.java:367) ~[ozone-manager-1.3.0-SNAPSHOT.jar:?]
	at org.apache.hadoop.ozone.om.request.file.OMFileCreateRequest.validateAndUpdateCache(OMFileCreateRequest.java:239) ~[ozone-manager-1.3.0-SNAPSHOT.jar:?]
	at org.apache.hadoop.ozone.protocolPB.OzoneManagerRequestHandler.handleWriteRequest(OzoneManagerRequestHandler.java:254) ~[ozone-manager-1.3.0-SNAPSHOT.jar:?]
	at org.apache.hadoop.ozone.om.ratis.OzoneManagerStateMachine.runCommand(OzoneManagerStateMachine.java:514) ~[ozone-manager-1.3.0-SNAPSHOT.jar:?]
	at org.apache.hadoop.ozone.om.ratis.OzoneManagerStateMachine.lambda$2(OzoneManagerStateMachine.java:317) ~[ozone-manager-1.3.0-SNAPSHOT.jar:?]
	at java.util.concurrent.CompletableFuture$AsyncSupply.run(CompletableFuture.java:1604) [?:1.8.0_322]
	at java.util.concurrent.ThreadPoolExecutor.runWorker(ThreadPoolExecutor.java:1149) [?:1.8.0_322]
	at java.util.concurrent.ThreadPoolExecutor$Worker.run(ThreadPoolExecutor.java:624) [?:1.8.0_322]
	at java.lang.Thread.run(Thread.java:750) [?:1.8.0_322]
2022-04-26 01:53:59,726 [OM StateMachine ApplyTransaction Thread - 0] ERROR file.OMFileCreateRequest (OMFileCreateRequest.java:validateAndUpdateCache(340)) - File create failed. Volume:volume85710, Bucket:bucket48480, Keyd1/d2/d3/d4/key2.
NOT_A_FILE org.apache.hadoop.ozone.om.exceptions.OMException: Can not write to directory: d1/d2/d3/d4/key2
	at org.apache.hadoop.ozone.om.request.file.OMFileCreateRequest.checkDirectoryResult(OMFileCreateRequest.java:367)
	at org.apache.hadoop.ozone.om.request.file.OMFileCreateRequest.validateAndUpdateCache(OMFileCreateRequest.java:239)
	at org.apache.hadoop.ozone.protocolPB.OzoneManagerRequestHandler.handleWriteRequest(OzoneManagerRequestHandler.java:254)
	at org.apache.hadoop.ozone.om.ratis.OzoneManagerStateMachine.runCommand(OzoneManagerStateMachine.java:514)
	at org.apache.hadoop.ozone.om.ratis.OzoneManagerStateMachine.lambda$2(OzoneManagerStateMachine.java:317)
	at java.util.concurrent.CompletableFuture$AsyncSupply.run(CompletableFuture.java:1604)
	at java.util.concurrent.ThreadPoolExecutor.runWorker(ThreadPoolExecutor.java:1149)
	at java.util.concurrent.ThreadPoolExecutor$Worker.run(ThreadPoolExecutor.java:624)
	at java.lang.Thread.run(Thread.java:750)
01:53:59.736 [OM StateMachine ApplyTransaction Thread - 0] ERROR OMAudit - user=runner | ip=127.0.0.1 | op=CREATE_DIRECTORY {volume=volume85710, bucket=bucket48480, key=d1/d2/d3/d4/key3, dataSize=0, replicationType=NONE, replicationFactor=ZERO} | ret=FAILURE
org.apache.hadoop.ozone.om.exceptions.OMException: Unable to create directory: d1/d2/d3/d4/key3 in volume/bucket: volume85710/bucket48480
	at org.apache.hadoop.ozone.om.request.file.OMDirectoryCreateRequest.validateAndUpdateCache(OMDirectoryCreateRequest.java:198) ~[ozone-manager-1.3.0-SNAPSHOT.jar:?]
	at org.apache.hadoop.ozone.protocolPB.OzoneManagerRequestHandler.handleWriteRequest(OzoneManagerRequestHandler.java:254) ~[ozone-manager-1.3.0-SNAPSHOT.jar:?]
	at org.apache.hadoop.ozone.om.ratis.OzoneManagerStateMachine.runCommand(OzoneManagerStateMachine.java:514) ~[ozone-manager-1.3.0-SNAPSHOT.jar:?]
	at org.apache.hadoop.ozone.om.ratis.OzoneManagerStateMachine.lambda$2(OzoneManagerStateMachine.java:317) ~[ozone-manager-1.3.0-SNAPSHOT.jar:?]
	at java.util.concurrent.CompletableFuture$AsyncSupply.run(CompletableFuture.java:1604) [?:1.8.0_322]
	at java.util.concurrent.ThreadPoolExecutor.runWorker(ThreadPoolExecutor.java:1149) [?:1.8.0_322]
	at java.util.concurrent.ThreadPoolExecutor$Worker.run(ThreadPoolExecutor.java:624) [?:1.8.0_322]
	at java.lang.Thread.run(Thread.java:750) [?:1.8.0_322]
2022-04-26 01:53:59,736 [OM StateMachine ApplyTransaction Thread - 0] ERROR file.OMDirectoryCreateRequest (OMDirectoryCreateRequest.java:logResult(331)) - Directory creation failed. Volume:volume85710, Bucket:bucket48480, Keyd1/d2/d3/d4/key3. Exception:{}
FILE_ALREADY_EXISTS org.apache.hadoop.ozone.om.exceptions.OMException: Unable to create directory: d1/d2/d3/d4/key3 in volume/bucket: volume85710/bucket48480
	at org.apache.hadoop.ozone.om.request.file.OMDirectoryCreateRequest.validateAndUpdateCache(OMDirectoryCreateRequest.java:198)
	at org.apache.hadoop.ozone.protocolPB.OzoneManagerRequestHandler.handleWriteRequest(OzoneManagerRequestHandler.java:254)
	at org.apache.hadoop.ozone.om.ratis.OzoneManagerStateMachine.runCommand(OzoneManagerStateMachine.java:514)
	at org.apache.hadoop.ozone.om.ratis.OzoneManagerStateMachine.lambda$2(OzoneManagerStateMachine.java:317)
	at java.util.concurrent.CompletableFuture$AsyncSupply.run(CompletableFuture.java:1604)
	at java.util.concurrent.ThreadPoolExecutor.runWorker(ThreadPoolExecutor.java:1149)
	at java.util.concurrent.ThreadPoolExecutor$Worker.run(ThreadPoolExecutor.java:624)
	at java.lang.Thread.run(Thread.java:750)
01:53:59.739 [OM StateMachine ApplyTransaction Thread - 0] ERROR OMAudit - user=runner | ip=127.0.0.1 | op=CREATE_FILE {volume=volume85710, bucket=bucket48480, key=d1/d2/d3, dataSize=4194304, replicationType=RATIS, replicationFactor=THREE} | ret=FAILURE
org.apache.hadoop.ozone.om.exceptions.OMException: Can not write to directory: d1/d2/d3
	at org.apache.hadoop.ozone.om.request.file.OMFileCreateRequest.checkDirectoryResult(OMFileCreateRequest.java:367) ~[ozone-manager-1.3.0-SNAPSHOT.jar:?]
	at org.apache.hadoop.ozone.om.request.file.OMFileCreateRequest.validateAndUpdateCache(OMFileCreateRequest.java:239) ~[ozone-manager-1.3.0-SNAPSHOT.jar:?]
	at org.apache.hadoop.ozone.protocolPB.OzoneManagerRequestHandler.handleWriteRequest(OzoneManagerRequestHandler.java:254) ~[ozone-manager-1.3.0-SNAPSHOT.jar:?]
	at org.apache.hadoop.ozone.om.ratis.OzoneManagerStateMachine.runCommand(OzoneManagerStateMachine.java:514) ~[ozone-manager-1.3.0-SNAPSHOT.jar:?]
	at org.apache.hadoop.ozone.om.ratis.OzoneManagerStateMachine.lambda$2(OzoneManagerStateMachine.java:317) ~[ozone-manager-1.3.0-SNAPSHOT.jar:?]
	at java.util.concurrent.CompletableFuture$AsyncSupply.run(CompletableFuture.java:1604) [?:1.8.0_322]
	at java.util.concurrent.ThreadPoolExecutor.runWorker(ThreadPoolExecutor.java:1149) [?:1.8.0_322]
	at java.util.concurrent.ThreadPoolExecutor$Worker.run(ThreadPoolExecutor.java:624) [?:1.8.0_322]
	at java.lang.Thread.run(Thread.java:750) [?:1.8.0_322]
2022-04-26 01:53:59,739 [OM StateMachine ApplyTransaction Thread - 0] ERROR file.OMFileCreateRequest (OMFileCreateRequest.java:validateAndUpdateCache(340)) - File create failed. Volume:volume85710, Bucket:bucket48480, Keyd1/d2/d3.
NOT_A_FILE org.apache.hadoop.ozone.om.exceptions.OMException: Can not write to directory: d1/d2/d3
	at org.apache.hadoop.ozone.om.request.file.OMFileCreateRequest.checkDirectoryResult(OMFileCreateRequest.java:367)
	at org.apache.hadoop.ozone.om.request.file.OMFileCreateRequest.validateAndUpdateCache(OMFileCreateRequest.java:239)
	at org.apache.hadoop.ozone.protocolPB.OzoneManagerRequestHandler.handleWriteRequest(OzoneManagerRequestHandler.java:254)
	at org.apache.hadoop.ozone.om.ratis.OzoneManagerStateMachine.runCommand(OzoneManagerStateMachine.java:514)
	at org.apache.hadoop.ozone.om.ratis.OzoneManagerStateMachine.lambda$2(OzoneManagerStateMachine.java:317)
	at java.util.concurrent.CompletableFuture$AsyncSupply.run(CompletableFuture.java:1604)
	at java.util.concurrent.ThreadPoolExecutor.runWorker(ThreadPoolExecutor.java:1149)
	at java.util.concurrent.ThreadPoolExecutor$Worker.run(ThreadPoolExecutor.java:624)
	at java.lang.Thread.run(Thread.java:750)
01:53:59.743 [IPC Server handler 10 on default port 40803] ERROR OMAudit - user=runner | ip=127.0.0.1 | op=GET_FILE_STATUS {volume=volume85710, bucket=bucket48480, key=d1/d2/d3/d4/key3/invalid, dataSize=0, replicationConfig=null} | ret=FAILURE
org.apache.hadoop.ozone.om.exceptions.OMException: Unable to get file status: volume: volume85710 bucket: bucket48480 key: d1/d2/d3/d4/key3/invalid
	at org.apache.hadoop.ozone.om.KeyManagerImpl.getOzoneFileStatus(KeyManagerImpl.java:1280) ~[ozone-manager-1.3.0-SNAPSHOT.jar:?]
	at org.apache.hadoop.ozone.om.KeyManagerImpl.getFileStatus(KeyManagerImpl.java:1210) ~[ozone-manager-1.3.0-SNAPSHOT.jar:?]
	at org.apache.hadoop.ozone.om.OzoneManager.getFileStatus(OzoneManager.java:3009) ~[ozone-manager-1.3.0-SNAPSHOT.jar:?]
	at org.apache.hadoop.ozone.protocolPB.OzoneManagerRequestHandler.getOzoneFileStatus(OzoneManagerRequestHandler.java:670) ~[ozone-manager-1.3.0-SNAPSHOT.jar:?]
	at org.apache.hadoop.ozone.protocolPB.OzoneManagerRequestHandler.handleReadRequest(OzoneManagerRequestHandler.java:201) ~[ozone-manager-1.3.0-SNAPSHOT.jar:?]
	at org.apache.hadoop.ozone.protocolPB.OzoneManagerProtocolServerSideTranslatorPB.submitReadRequestToOM(OzoneManagerProtocolServerSideTranslatorPB.java:213) ~[ozone-manager-1.3.0-SNAPSHOT.jar:?]
	at org.apache.hadoop.ozone.protocolPB.OzoneManagerProtocolServerSideTranslatorPB.processRequest(OzoneManagerProtocolServerSideTranslatorPB.java:174) ~[ozone-manager-1.3.0-SNAPSHOT.jar:?]
	at org.apache.hadoop.hdds.server.OzoneProtocolMessageDispatcher.processRequest(OzoneProtocolMessageDispatcher.java:87) [hdds-server-framework-1.3.0-SNAPSHOT.jar:?]
	at org.apache.hadoop.ozone.protocolPB.OzoneManagerProtocolServerSideTranslatorPB.submitRequest(OzoneManagerProtocolServerSideTranslatorPB.java:146) [ozone-manager-1.3.0-SNAPSHOT.jar:?]
	at org.apache.hadoop.ozone.protocol.proto.OzoneManagerProtocolProtos$OzoneManagerService$2.callBlockingMethod(OzoneManagerProtocolProtos.java) [ozone-interface-client-1.3.0-SNAPSHOT.jar:?]
	at org.apache.hadoop.ipc.ProtobufRpcEngine$Server.processCall(ProtobufRpcEngine.java:466) [hadoop-common-3.3.1.jar:?]
	at org.apache.hadoop.ipc.ProtobufRpcEngine2$Server$ProtoBufRpcInvoker.call(ProtobufRpcEngine2.java:574) [hadoop-common-3.3.1.jar:?]
	at org.apache.hadoop.ipc.ProtobufRpcEngine2$Server$ProtoBufRpcInvoker.call(ProtobufRpcEngine2.java:552) [hadoop-common-3.3.1.jar:?]
	at org.apache.hadoop.ipc.RPC$Server.call(RPC.java:1093) [hadoop-common-3.3.1.jar:?]
	at org.apache.hadoop.ipc.Server$RpcCall.run(Server.java:1035) [hadoop-common-3.3.1.jar:?]
	at org.apache.hadoop.ipc.Server$RpcCall.run(Server.java:963) [hadoop-common-3.3.1.jar:?]
	at java.security.AccessController.doPrivileged(Native Method) ~[?:1.8.0_322]
	at javax.security.auth.Subject.doAs(Subject.java:422) [?:1.8.0_322]
	at org.apache.hadoop.security.UserGroupInformation.doAs(UserGroupInformation.java:1878) [hadoop-common-3.3.1.jar:?]
	at org.apache.hadoop.ipc.Server$Handler.run(Server.java:2966) [hadoop-common-3.3.1.jar:?]
01:53:59.744 [IPC Server handler 11 on default port 40803] ERROR OMAudit - user=runner | ip=127.0.0.1 | op=GET_FILE_STATUS {volume=volume85710, bucket=bucket48480, key=d1/d2/d3/d4/invalidkey, dataSize=0, replicationConfig=null} | ret=FAILURE
org.apache.hadoop.ozone.om.exceptions.OMException: Unable to get file status: volume: volume85710 bucket: bucket48480 key: d1/d2/d3/d4/invalidkey
	at org.apache.hadoop.ozone.om.KeyManagerImpl.getOzoneFileStatus(KeyManagerImpl.java:1280) ~[ozone-manager-1.3.0-SNAPSHOT.jar:?]
	at org.apache.hadoop.ozone.om.KeyManagerImpl.getFileStatus(KeyManagerImpl.java:1210) ~[ozone-manager-1.3.0-SNAPSHOT.jar:?]
	at org.apache.hadoop.ozone.om.OzoneManager.getFileStatus(OzoneManager.java:3009) ~[ozone-manager-1.3.0-SNAPSHOT.jar:?]
	at org.apache.hadoop.ozone.protocolPB.OzoneManagerRequestHandler.getOzoneFileStatus(OzoneManagerRequestHandler.java:670) ~[ozone-manager-1.3.0-SNAPSHOT.jar:?]
	at org.apache.hadoop.ozone.protocolPB.OzoneManagerRequestHandler.handleReadRequest(OzoneManagerRequestHandler.java:201) ~[ozone-manager-1.3.0-SNAPSHOT.jar:?]
	at org.apache.hadoop.ozone.protocolPB.OzoneManagerProtocolServerSideTranslatorPB.submitReadRequestToOM(OzoneManagerProtocolServerSideTranslatorPB.java:213) ~[ozone-manager-1.3.0-SNAPSHOT.jar:?]
	at org.apache.hadoop.ozone.protocolPB.OzoneManagerProtocolServerSideTranslatorPB.processRequest(OzoneManagerProtocolServerSideTranslatorPB.java:174) ~[ozone-manager-1.3.0-SNAPSHOT.jar:?]
	at org.apache.hadoop.hdds.server.OzoneProtocolMessageDispatcher.processRequest(OzoneProtocolMessageDispatcher.java:87) [hdds-server-framework-1.3.0-SNAPSHOT.jar:?]
	at org.apache.hadoop.ozone.protocolPB.OzoneManagerProtocolServerSideTranslatorPB.submitRequest(OzoneManagerProtocolServerSideTranslatorPB.java:146) [ozone-manager-1.3.0-SNAPSHOT.jar:?]
	at org.apache.hadoop.ozone.protocol.proto.OzoneManagerProtocolProtos$OzoneManagerService$2.callBlockingMethod(OzoneManagerProtocolProtos.java) [ozone-interface-client-1.3.0-SNAPSHOT.jar:?]
	at org.apache.hadoop.ipc.ProtobufRpcEngine$Server.processCall(ProtobufRpcEngine.java:466) [hadoop-common-3.3.1.jar:?]
	at org.apache.hadoop.ipc.ProtobufRpcEngine2$Server$ProtoBufRpcInvoker.call(ProtobufRpcEngine2.java:574) [hadoop-common-3.3.1.jar:?]
	at org.apache.hadoop.ipc.ProtobufRpcEngine2$Server$ProtoBufRpcInvoker.call(ProtobufRpcEngine2.java:552) [hadoop-common-3.3.1.jar:?]
	at org.apache.hadoop.ipc.RPC$Server.call(RPC.java:1093) [hadoop-common-3.3.1.jar:?]
	at org.apache.hadoop.ipc.Server$RpcCall.run(Server.java:1035) [hadoop-common-3.3.1.jar:?]
	at org.apache.hadoop.ipc.Server$RpcCall.run(Server.java:963) [hadoop-common-3.3.1.jar:?]
	at java.security.AccessController.doPrivileged(Native Method) ~[?:1.8.0_322]
	at javax.security.auth.Subject.doAs(Subject.java:422) [?:1.8.0_322]
	at org.apache.hadoop.security.UserGroupInformation.doAs(UserGroupInformation.java:1878) [hadoop-common-3.3.1.jar:?]
	at org.apache.hadoop.ipc.Server$Handler.run(Server.java:2966) [hadoop-common-3.3.1.jar:?]
]]></system-out>
  </testcase>
  <testcase name="testCreateFileShouldCheckExistenceOfDirWithSameName" classname="TestOzoneFileSystem" time="0.08">
    <system-out><![CDATA[01:55:10.542 [IPC Server handler 2 on default port 35711] ERROR OMAudit - user=runner | ip=127.0.0.1 | op=CREATE_FILE {volume=volume11484, bucket=bucket58947, key=d1/d2/d3/d4/key2, dataSize=4194304, replicationType=RATIS, replicationFactor=THREE} | ret=FAILURE
org.apache.hadoop.ozone.om.exceptions.OMException: Can not write to directory: d1/d2/d3/d4/key2
	at org.apache.hadoop.ozone.om.request.file.OMFileCreateRequest.checkDirectoryResult(OMFileCreateRequest.java:367) ~[ozone-manager-1.3.0-SNAPSHOT.jar:?]
	at org.apache.hadoop.ozone.om.request.file.OMFileCreateRequest.validateAndUpdateCache(OMFileCreateRequest.java:239) ~[ozone-manager-1.3.0-SNAPSHOT.jar:?]
	at org.apache.hadoop.ozone.protocolPB.OzoneManagerRequestHandler.handleWriteRequest(OzoneManagerRequestHandler.java:254) ~[ozone-manager-1.3.0-SNAPSHOT.jar:?]
	at org.apache.hadoop.ozone.protocolPB.OzoneManagerProtocolServerSideTranslatorPB.submitRequestDirectlyToOM(OzoneManagerProtocolServerSideTranslatorPB.java:280) ~[ozone-manager-1.3.0-SNAPSHOT.jar:?]
	at org.apache.hadoop.ozone.protocolPB.OzoneManagerProtocolServerSideTranslatorPB.processRequest(OzoneManagerProtocolServerSideTranslatorPB.java:195) ~[ozone-manager-1.3.0-SNAPSHOT.jar:?]
	at org.apache.hadoop.hdds.server.OzoneProtocolMessageDispatcher.processRequest(OzoneProtocolMessageDispatcher.java:87) [hdds-server-framework-1.3.0-SNAPSHOT.jar:?]
	at org.apache.hadoop.ozone.protocolPB.OzoneManagerProtocolServerSideTranslatorPB.submitRequest(OzoneManagerProtocolServerSideTranslatorPB.java:146) [ozone-manager-1.3.0-SNAPSHOT.jar:?]
	at org.apache.hadoop.ozone.protocol.proto.OzoneManagerProtocolProtos$OzoneManagerService$2.callBlockingMethod(OzoneManagerProtocolProtos.java) [ozone-interface-client-1.3.0-SNAPSHOT.jar:?]
	at org.apache.hadoop.ipc.ProtobufRpcEngine$Server.processCall(ProtobufRpcEngine.java:466) [hadoop-common-3.3.1.jar:?]
	at org.apache.hadoop.ipc.ProtobufRpcEngine2$Server$ProtoBufRpcInvoker.call(ProtobufRpcEngine2.java:574) [hadoop-common-3.3.1.jar:?]
	at org.apache.hadoop.ipc.ProtobufRpcEngine2$Server$ProtoBufRpcInvoker.call(ProtobufRpcEngine2.java:552) [hadoop-common-3.3.1.jar:?]
	at org.apache.hadoop.ipc.RPC$Server.call(RPC.java:1093) [hadoop-common-3.3.1.jar:?]
	at org.apache.hadoop.ipc.Server$RpcCall.run(Server.java:1035) [hadoop-common-3.3.1.jar:?]
	at org.apache.hadoop.ipc.Server$RpcCall.run(Server.java:963) [hadoop-common-3.3.1.jar:?]
	at java.security.AccessController.doPrivileged(Native Method) ~[?:1.8.0_322]
	at javax.security.auth.Subject.doAs(Subject.java:422) [?:1.8.0_322]
	at org.apache.hadoop.security.UserGroupInformation.doAs(UserGroupInformation.java:1878) [hadoop-common-3.3.1.jar:?]
	at org.apache.hadoop.ipc.Server$Handler.run(Server.java:2966) [hadoop-common-3.3.1.jar:?]
2022-04-26 01:55:10,542 [IPC Server handler 2 on default port 35711] ERROR file.OMFileCreateRequest (OMFileCreateRequest.java:validateAndUpdateCache(340)) - File create failed. Volume:volume11484, Bucket:bucket58947, Keyd1/d2/d3/d4/key2.
NOT_A_FILE org.apache.hadoop.ozone.om.exceptions.OMException: Can not write to directory: d1/d2/d3/d4/key2
	at org.apache.hadoop.ozone.om.request.file.OMFileCreateRequest.checkDirectoryResult(OMFileCreateRequest.java:367)
	at org.apache.hadoop.ozone.om.request.file.OMFileCreateRequest.validateAndUpdateCache(OMFileCreateRequest.java:239)
	at org.apache.hadoop.ozone.protocolPB.OzoneManagerRequestHandler.handleWriteRequest(OzoneManagerRequestHandler.java:254)
	at org.apache.hadoop.ozone.protocolPB.OzoneManagerProtocolServerSideTranslatorPB.submitRequestDirectlyToOM(OzoneManagerProtocolServerSideTranslatorPB.java:280)
	at org.apache.hadoop.ozone.protocolPB.OzoneManagerProtocolServerSideTranslatorPB.processRequest(OzoneManagerProtocolServerSideTranslatorPB.java:195)
	at org.apache.hadoop.hdds.server.OzoneProtocolMessageDispatcher.processRequest(OzoneProtocolMessageDispatcher.java:87)
	at org.apache.hadoop.ozone.protocolPB.OzoneManagerProtocolServerSideTranslatorPB.submitRequest(OzoneManagerProtocolServerSideTranslatorPB.java:146)
	at org.apache.hadoop.ozone.protocol.proto.OzoneManagerProtocolProtos$OzoneManagerService$2.callBlockingMethod(OzoneManagerProtocolProtos.java)
	at org.apache.hadoop.ipc.ProtobufRpcEngine$Server.processCall(ProtobufRpcEngine.java:466)
	at org.apache.hadoop.ipc.ProtobufRpcEngine2$Server$ProtoBufRpcInvoker.call(ProtobufRpcEngine2.java:574)
	at org.apache.hadoop.ipc.ProtobufRpcEngine2$Server$ProtoBufRpcInvoker.call(ProtobufRpcEngine2.java:552)
	at org.apache.hadoop.ipc.RPC$Server.call(RPC.java:1093)
	at org.apache.hadoop.ipc.Server$RpcCall.run(Server.java:1035)
	at org.apache.hadoop.ipc.Server$RpcCall.run(Server.java:963)
	at java.security.AccessController.doPrivileged(Native Method)
	at javax.security.auth.Subject.doAs(Subject.java:422)
	at org.apache.hadoop.security.UserGroupInformation.doAs(UserGroupInformation.java:1878)
	at org.apache.hadoop.ipc.Server$Handler.run(Server.java:2966)
01:55:10.557 [IPC Server handler 6 on default port 35711] ERROR OMAudit - user=runner | ip=127.0.0.1 | op=CREATE_DIRECTORY {volume=volume11484, bucket=bucket58947, key=d1/d2/d3/d4/key3, dataSize=0, replicationType=NONE, replicationFactor=ZERO} | ret=FAILURE
org.apache.hadoop.ozone.om.exceptions.OMException: Unable to create directory: d1/d2/d3/d4/key3 in volume/bucket: volume11484/bucket58947
	at org.apache.hadoop.ozone.om.request.file.OMDirectoryCreateRequest.validateAndUpdateCache(OMDirectoryCreateRequest.java:198) ~[ozone-manager-1.3.0-SNAPSHOT.jar:?]
	at org.apache.hadoop.ozone.protocolPB.OzoneManagerRequestHandler.handleWriteRequest(OzoneManagerRequestHandler.java:254) ~[ozone-manager-1.3.0-SNAPSHOT.jar:?]
	at org.apache.hadoop.ozone.protocolPB.OzoneManagerProtocolServerSideTranslatorPB.submitRequestDirectlyToOM(OzoneManagerProtocolServerSideTranslatorPB.java:280) ~[ozone-manager-1.3.0-SNAPSHOT.jar:?]
	at org.apache.hadoop.ozone.protocolPB.OzoneManagerProtocolServerSideTranslatorPB.processRequest(OzoneManagerProtocolServerSideTranslatorPB.java:195) ~[ozone-manager-1.3.0-SNAPSHOT.jar:?]
	at org.apache.hadoop.hdds.server.OzoneProtocolMessageDispatcher.processRequest(OzoneProtocolMessageDispatcher.java:87) [hdds-server-framework-1.3.0-SNAPSHOT.jar:?]
	at org.apache.hadoop.ozone.protocolPB.OzoneManagerProtocolServerSideTranslatorPB.submitRequest(OzoneManagerProtocolServerSideTranslatorPB.java:146) [ozone-manager-1.3.0-SNAPSHOT.jar:?]
	at org.apache.hadoop.ozone.protocol.proto.OzoneManagerProtocolProtos$OzoneManagerService$2.callBlockingMethod(OzoneManagerProtocolProtos.java) [ozone-interface-client-1.3.0-SNAPSHOT.jar:?]
	at org.apache.hadoop.ipc.ProtobufRpcEngine$Server.processCall(ProtobufRpcEngine.java:466) [hadoop-common-3.3.1.jar:?]
	at org.apache.hadoop.ipc.ProtobufRpcEngine2$Server$ProtoBufRpcInvoker.call(ProtobufRpcEngine2.java:574) [hadoop-common-3.3.1.jar:?]
	at org.apache.hadoop.ipc.ProtobufRpcEngine2$Server$ProtoBufRpcInvoker.call(ProtobufRpcEngine2.java:552) [hadoop-common-3.3.1.jar:?]
	at org.apache.hadoop.ipc.RPC$Server.call(RPC.java:1093) [hadoop-common-3.3.1.jar:?]
	at org.apache.hadoop.ipc.Server$RpcCall.run(Server.java:1035) [hadoop-common-3.3.1.jar:?]
	at org.apache.hadoop.ipc.Server$RpcCall.run(Server.java:963) [hadoop-common-3.3.1.jar:?]
	at java.security.AccessController.doPrivileged(Native Method) ~[?:1.8.0_322]
	at javax.security.auth.Subject.doAs(Subject.java:422) [?:1.8.0_322]
	at org.apache.hadoop.security.UserGroupInformation.doAs(UserGroupInformation.java:1878) [hadoop-common-3.3.1.jar:?]
	at org.apache.hadoop.ipc.Server$Handler.run(Server.java:2966) [hadoop-common-3.3.1.jar:?]
2022-04-26 01:55:10,558 [IPC Server handler 6 on default port 35711] ERROR file.OMDirectoryCreateRequest (OMDirectoryCreateRequest.java:logResult(331)) - Directory creation failed. Volume:volume11484, Bucket:bucket58947, Keyd1/d2/d3/d4/key3. Exception:{}
FILE_ALREADY_EXISTS org.apache.hadoop.ozone.om.exceptions.OMException: Unable to create directory: d1/d2/d3/d4/key3 in volume/bucket: volume11484/bucket58947
	at org.apache.hadoop.ozone.om.request.file.OMDirectoryCreateRequest.validateAndUpdateCache(OMDirectoryCreateRequest.java:198)
	at org.apache.hadoop.ozone.protocolPB.OzoneManagerRequestHandler.handleWriteRequest(OzoneManagerRequestHandler.java:254)
	at org.apache.hadoop.ozone.protocolPB.OzoneManagerProtocolServerSideTranslatorPB.submitRequestDirectlyToOM(OzoneManagerProtocolServerSideTranslatorPB.java:280)
	at org.apache.hadoop.ozone.protocolPB.OzoneManagerProtocolServerSideTranslatorPB.processRequest(OzoneManagerProtocolServerSideTranslatorPB.java:195)
	at org.apache.hadoop.hdds.server.OzoneProtocolMessageDispatcher.processRequest(OzoneProtocolMessageDispatcher.java:87)
	at org.apache.hadoop.ozone.protocolPB.OzoneManagerProtocolServerSideTranslatorPB.submitRequest(OzoneManagerProtocolServerSideTranslatorPB.java:146)
	at org.apache.hadoop.ozone.protocol.proto.OzoneManagerProtocolProtos$OzoneManagerService$2.callBlockingMethod(OzoneManagerProtocolProtos.java)
	at org.apache.hadoop.ipc.ProtobufRpcEngine$Server.processCall(ProtobufRpcEngine.java:466)
	at org.apache.hadoop.ipc.ProtobufRpcEngine2$Server$ProtoBufRpcInvoker.call(ProtobufRpcEngine2.java:574)
	at org.apache.hadoop.ipc.ProtobufRpcEngine2$Server$ProtoBufRpcInvoker.call(ProtobufRpcEngine2.java:552)
	at org.apache.hadoop.ipc.RPC$Server.call(RPC.java:1093)
	at org.apache.hadoop.ipc.Server$RpcCall.run(Server.java:1035)
	at org.apache.hadoop.ipc.Server$RpcCall.run(Server.java:963)
	at java.security.AccessController.doPrivileged(Native Method)
	at javax.security.auth.Subject.doAs(Subject.java:422)
	at org.apache.hadoop.security.UserGroupInformation.doAs(UserGroupInformation.java:1878)
	at org.apache.hadoop.ipc.Server$Handler.run(Server.java:2966)
01:55:10.562 [IPC Server handler 4 on default port 35711] ERROR OMAudit - user=runner | ip=127.0.0.1 | op=CREATE_FILE {volume=volume11484, bucket=bucket58947, key=d1/d2/d3, dataSize=4194304, replicationType=RATIS, replicationFactor=THREE} | ret=FAILURE
org.apache.hadoop.ozone.om.exceptions.OMException: Can not write to directory: d1/d2/d3
	at org.apache.hadoop.ozone.om.request.file.OMFileCreateRequest.checkDirectoryResult(OMFileCreateRequest.java:367) ~[ozone-manager-1.3.0-SNAPSHOT.jar:?]
	at org.apache.hadoop.ozone.om.request.file.OMFileCreateRequest.validateAndUpdateCache(OMFileCreateRequest.java:239) ~[ozone-manager-1.3.0-SNAPSHOT.jar:?]
	at org.apache.hadoop.ozone.protocolPB.OzoneManagerRequestHandler.handleWriteRequest(OzoneManagerRequestHandler.java:254) ~[ozone-manager-1.3.0-SNAPSHOT.jar:?]
	at org.apache.hadoop.ozone.protocolPB.OzoneManagerProtocolServerSideTranslatorPB.submitRequestDirectlyToOM(OzoneManagerProtocolServerSideTranslatorPB.java:280) ~[ozone-manager-1.3.0-SNAPSHOT.jar:?]
	at org.apache.hadoop.ozone.protocolPB.OzoneManagerProtocolServerSideTranslatorPB.processRequest(OzoneManagerProtocolServerSideTranslatorPB.java:195) ~[ozone-manager-1.3.0-SNAPSHOT.jar:?]
	at org.apache.hadoop.hdds.server.OzoneProtocolMessageDispatcher.processRequest(OzoneProtocolMessageDispatcher.java:87) [hdds-server-framework-1.3.0-SNAPSHOT.jar:?]
	at org.apache.hadoop.ozone.protocolPB.OzoneManagerProtocolServerSideTranslatorPB.submitRequest(OzoneManagerProtocolServerSideTranslatorPB.java:146) [ozone-manager-1.3.0-SNAPSHOT.jar:?]
	at org.apache.hadoop.ozone.protocol.proto.OzoneManagerProtocolProtos$OzoneManagerService$2.callBlockingMethod(OzoneManagerProtocolProtos.java) [ozone-interface-client-1.3.0-SNAPSHOT.jar:?]
	at org.apache.hadoop.ipc.ProtobufRpcEngine$Server.processCall(ProtobufRpcEngine.java:466) [hadoop-common-3.3.1.jar:?]
	at org.apache.hadoop.ipc.ProtobufRpcEngine2$Server$ProtoBufRpcInvoker.call(ProtobufRpcEngine2.java:574) [hadoop-common-3.3.1.jar:?]
	at org.apache.hadoop.ipc.ProtobufRpcEngine2$Server$ProtoBufRpcInvoker.call(ProtobufRpcEngine2.java:552) [hadoop-common-3.3.1.jar:?]
	at org.apache.hadoop.ipc.RPC$Server.call(RPC.java:1093) [hadoop-common-3.3.1.jar:?]
	at org.apache.hadoop.ipc.Server$RpcCall.run(Server.java:1035) [hadoop-common-3.3.1.jar:?]
	at org.apache.hadoop.ipc.Server$RpcCall.run(Server.java:963) [hadoop-common-3.3.1.jar:?]
	at java.security.AccessController.doPrivileged(Native Method) ~[?:1.8.0_322]
	at javax.security.auth.Subject.doAs(Subject.java:422) [?:1.8.0_322]
	at org.apache.hadoop.security.UserGroupInformation.doAs(UserGroupInformation.java:1878) [hadoop-common-3.3.1.jar:?]
	at org.apache.hadoop.ipc.Server$Handler.run(Server.java:2966) [hadoop-common-3.3.1.jar:?]
2022-04-26 01:55:10,562 [IPC Server handler 4 on default port 35711] ERROR file.OMFileCreateRequest (OMFileCreateRequest.java:validateAndUpdateCache(340)) - File create failed. Volume:volume11484, Bucket:bucket58947, Keyd1/d2/d3.
NOT_A_FILE org.apache.hadoop.ozone.om.exceptions.OMException: Can not write to directory: d1/d2/d3
	at org.apache.hadoop.ozone.om.request.file.OMFileCreateRequest.checkDirectoryResult(OMFileCreateRequest.java:367)
	at org.apache.hadoop.ozone.om.request.file.OMFileCreateRequest.validateAndUpdateCache(OMFileCreateRequest.java:239)
	at org.apache.hadoop.ozone.protocolPB.OzoneManagerRequestHandler.handleWriteRequest(OzoneManagerRequestHandler.java:254)
	at org.apache.hadoop.ozone.protocolPB.OzoneManagerProtocolServerSideTranslatorPB.submitRequestDirectlyToOM(OzoneManagerProtocolServerSideTranslatorPB.java:280)
	at org.apache.hadoop.ozone.protocolPB.OzoneManagerProtocolServerSideTranslatorPB.processRequest(OzoneManagerProtocolServerSideTranslatorPB.java:195)
	at org.apache.hadoop.hdds.server.OzoneProtocolMessageDispatcher.processRequest(OzoneProtocolMessageDispatcher.java:87)
	at org.apache.hadoop.ozone.protocolPB.OzoneManagerProtocolServerSideTranslatorPB.submitRequest(OzoneManagerProtocolServerSideTranslatorPB.java:146)
	at org.apache.hadoop.ozone.protocol.proto.OzoneManagerProtocolProtos$OzoneManagerService$2.callBlockingMethod(OzoneManagerProtocolProtos.java)
	at org.apache.hadoop.ipc.ProtobufRpcEngine$Server.processCall(ProtobufRpcEngine.java:466)
	at org.apache.hadoop.ipc.ProtobufRpcEngine2$Server$ProtoBufRpcInvoker.call(ProtobufRpcEngine2.java:574)
	at org.apache.hadoop.ipc.ProtobufRpcEngine2$Server$ProtoBufRpcInvoker.call(ProtobufRpcEngine2.java:552)
	at org.apache.hadoop.ipc.RPC$Server.call(RPC.java:1093)
	at org.apache.hadoop.ipc.Server$RpcCall.run(Server.java:1035)
	at org.apache.hadoop.ipc.Server$RpcCall.run(Server.java:963)
	at java.security.AccessController.doPrivileged(Native Method)
	at javax.security.auth.Subject.doAs(Subject.java:422)
	at org.apache.hadoop.security.UserGroupInformation.doAs(UserGroupInformation.java:1878)
	at org.apache.hadoop.ipc.Server$Handler.run(Server.java:2966)
01:55:10.563 [IPC Server handler 14 on default port 35711] ERROR OMAudit - user=runner | ip=127.0.0.1 | op=GET_FILE_STATUS {volume=volume11484, bucket=bucket58947, key=d1/d2/d3/d4/key3/invalid, dataSize=0, replicationConfig=null} | ret=FAILURE
org.apache.hadoop.ozone.om.exceptions.OMException: Unable to get file status: volume: volume11484 bucket: bucket58947 key: d1/d2/d3/d4/key3/invalid
	at org.apache.hadoop.ozone.om.KeyManagerImpl.getOzoneFileStatus(KeyManagerImpl.java:1280) ~[ozone-manager-1.3.0-SNAPSHOT.jar:?]
	at org.apache.hadoop.ozone.om.KeyManagerImpl.getFileStatus(KeyManagerImpl.java:1210) ~[ozone-manager-1.3.0-SNAPSHOT.jar:?]
	at org.apache.hadoop.ozone.om.OzoneManager.getFileStatus(OzoneManager.java:3009) ~[ozone-manager-1.3.0-SNAPSHOT.jar:?]
	at org.apache.hadoop.ozone.protocolPB.OzoneManagerRequestHandler.getOzoneFileStatus(OzoneManagerRequestHandler.java:670) ~[ozone-manager-1.3.0-SNAPSHOT.jar:?]
	at org.apache.hadoop.ozone.protocolPB.OzoneManagerRequestHandler.handleReadRequest(OzoneManagerRequestHandler.java:201) ~[ozone-manager-1.3.0-SNAPSHOT.jar:?]
	at org.apache.hadoop.ozone.protocolPB.OzoneManagerProtocolServerSideTranslatorPB.submitRequestDirectlyToOM(OzoneManagerProtocolServerSideTranslatorPB.java:271) ~[ozone-manager-1.3.0-SNAPSHOT.jar:?]
	at org.apache.hadoop.ozone.protocolPB.OzoneManagerProtocolServerSideTranslatorPB.processRequest(OzoneManagerProtocolServerSideTranslatorPB.java:195) ~[ozone-manager-1.3.0-SNAPSHOT.jar:?]
	at org.apache.hadoop.hdds.server.OzoneProtocolMessageDispatcher.processRequest(OzoneProtocolMessageDispatcher.java:87) [hdds-server-framework-1.3.0-SNAPSHOT.jar:?]
	at org.apache.hadoop.ozone.protocolPB.OzoneManagerProtocolServerSideTranslatorPB.submitRequest(OzoneManagerProtocolServerSideTranslatorPB.java:146) [ozone-manager-1.3.0-SNAPSHOT.jar:?]
	at org.apache.hadoop.ozone.protocol.proto.OzoneManagerProtocolProtos$OzoneManagerService$2.callBlockingMethod(OzoneManagerProtocolProtos.java) [ozone-interface-client-1.3.0-SNAPSHOT.jar:?]
	at org.apache.hadoop.ipc.ProtobufRpcEngine$Server.processCall(ProtobufRpcEngine.java:466) [hadoop-common-3.3.1.jar:?]
	at org.apache.hadoop.ipc.ProtobufRpcEngine2$Server$ProtoBufRpcInvoker.call(ProtobufRpcEngine2.java:574) [hadoop-common-3.3.1.jar:?]
	at org.apache.hadoop.ipc.ProtobufRpcEngine2$Server$ProtoBufRpcInvoker.call(ProtobufRpcEngine2.java:552) [hadoop-common-3.3.1.jar:?]
	at org.apache.hadoop.ipc.RPC$Server.call(RPC.java:1093) [hadoop-common-3.3.1.jar:?]
	at org.apache.hadoop.ipc.Server$RpcCall.run(Server.java:1035) [hadoop-common-3.3.1.jar:?]
	at org.apache.hadoop.ipc.Server$RpcCall.run(Server.java:963) [hadoop-common-3.3.1.jar:?]
	at java.security.AccessController.doPrivileged(Native Method) ~[?:1.8.0_322]
	at javax.security.auth.Subject.doAs(Subject.java:422) [?:1.8.0_322]
	at org.apache.hadoop.security.UserGroupInformation.doAs(UserGroupInformation.java:1878) [hadoop-common-3.3.1.jar:?]
	at org.apache.hadoop.ipc.Server$Handler.run(Server.java:2966) [hadoop-common-3.3.1.jar:?]
01:55:10.564 [IPC Server handler 12 on default port 35711] ERROR OMAudit - user=runner | ip=127.0.0.1 | op=GET_FILE_STATUS {volume=volume11484, bucket=bucket58947, key=d1/d2/d3/d4/invalidkey, dataSize=0, replicationConfig=null} | ret=FAILURE
org.apache.hadoop.ozone.om.exceptions.OMException: Unable to get file status: volume: volume11484 bucket: bucket58947 key: d1/d2/d3/d4/invalidkey
	at org.apache.hadoop.ozone.om.KeyManagerImpl.getOzoneFileStatus(KeyManagerImpl.java:1280) ~[ozone-manager-1.3.0-SNAPSHOT.jar:?]
	at org.apache.hadoop.ozone.om.KeyManagerImpl.getFileStatus(KeyManagerImpl.java:1210) ~[ozone-manager-1.3.0-SNAPSHOT.jar:?]
	at org.apache.hadoop.ozone.om.OzoneManager.getFileStatus(OzoneManager.java:3009) ~[ozone-manager-1.3.0-SNAPSHOT.jar:?]
	at org.apache.hadoop.ozone.protocolPB.OzoneManagerRequestHandler.getOzoneFileStatus(OzoneManagerRequestHandler.java:670) ~[ozone-manager-1.3.0-SNAPSHOT.jar:?]
	at org.apache.hadoop.ozone.protocolPB.OzoneManagerRequestHandler.handleReadRequest(OzoneManagerRequestHandler.java:201) ~[ozone-manager-1.3.0-SNAPSHOT.jar:?]
	at org.apache.hadoop.ozone.protocolPB.OzoneManagerProtocolServerSideTranslatorPB.submitRequestDirectlyToOM(OzoneManagerProtocolServerSideTranslatorPB.java:271) ~[ozone-manager-1.3.0-SNAPSHOT.jar:?]
	at org.apache.hadoop.ozone.protocolPB.OzoneManagerProtocolServerSideTranslatorPB.processRequest(OzoneManagerProtocolServerSideTranslatorPB.java:195) ~[ozone-manager-1.3.0-SNAPSHOT.jar:?]
	at org.apache.hadoop.hdds.server.OzoneProtocolMessageDispatcher.processRequest(OzoneProtocolMessageDispatcher.java:87) [hdds-server-framework-1.3.0-SNAPSHOT.jar:?]
	at org.apache.hadoop.ozone.protocolPB.OzoneManagerProtocolServerSideTranslatorPB.submitRequest(OzoneManagerProtocolServerSideTranslatorPB.java:146) [ozone-manager-1.3.0-SNAPSHOT.jar:?]
	at org.apache.hadoop.ozone.protocol.proto.OzoneManagerProtocolProtos$OzoneManagerService$2.callBlockingMethod(OzoneManagerProtocolProtos.java) [ozone-interface-client-1.3.0-SNAPSHOT.jar:?]
	at org.apache.hadoop.ipc.ProtobufRpcEngine$Server.processCall(ProtobufRpcEngine.java:466) [hadoop-common-3.3.1.jar:?]
	at org.apache.hadoop.ipc.ProtobufRpcEngine2$Server$ProtoBufRpcInvoker.call(ProtobufRpcEngine2.java:574) [hadoop-common-3.3.1.jar:?]
	at org.apache.hadoop.ipc.ProtobufRpcEngine2$Server$ProtoBufRpcInvoker.call(ProtobufRpcEngine2.java:552) [hadoop-common-3.3.1.jar:?]
	at org.apache.hadoop.ipc.RPC$Server.call(RPC.java:1093) [hadoop-common-3.3.1.jar:?]
	at org.apache.hadoop.ipc.Server$RpcCall.run(Server.java:1035) [hadoop-common-3.3.1.jar:?]
	at org.apache.hadoop.ipc.Server$RpcCall.run(Server.java:963) [hadoop-common-3.3.1.jar:?]
	at java.security.AccessController.doPrivileged(Native Method) ~[?:1.8.0_322]
	at javax.security.auth.Subject.doAs(Subject.java:422) [?:1.8.0_322]
	at org.apache.hadoop.security.UserGroupInformation.doAs(UserGroupInformation.java:1878) [hadoop-common-3.3.1.jar:?]
	at org.apache.hadoop.ipc.Server$Handler.run(Server.java:2966) [hadoop-common-3.3.1.jar:?]
]]></system-out>
  </testcase>
  <testcase name="testFileDelete" classname="TestOzoneFileSystem" time="0.158">
    <system-out><![CDATA[01:51:55.387 [IPC Server handler 2 on default port 44011] ERROR OMAudit - user=runner | ip=127.0.0.1 | op=GET_FILE_STATUS {volume=volume70938, bucket=bucket97532, key=testBatchDelete, dataSize=0, replicationConfig=null} | ret=FAILURE
org.apache.hadoop.ozone.om.exceptions.OMException: Unable to get file status: volume: volume70938 bucket: bucket97532 key: testBatchDelete
	at org.apache.hadoop.ozone.om.KeyManagerImpl.getOzoneFileStatus(KeyManagerImpl.java:1280) ~[ozone-manager-1.3.0-SNAPSHOT.jar:?]
	at org.apache.hadoop.ozone.om.KeyManagerImpl.getFileStatus(KeyManagerImpl.java:1210) ~[ozone-manager-1.3.0-SNAPSHOT.jar:?]
	at org.apache.hadoop.ozone.om.OzoneManager.getFileStatus(OzoneManager.java:3009) ~[ozone-manager-1.3.0-SNAPSHOT.jar:?]
	at org.apache.hadoop.ozone.protocolPB.OzoneManagerRequestHandler.getOzoneFileStatus(OzoneManagerRequestHandler.java:670) ~[ozone-manager-1.3.0-SNAPSHOT.jar:?]
	at org.apache.hadoop.ozone.protocolPB.OzoneManagerRequestHandler.handleReadRequest(OzoneManagerRequestHandler.java:201) ~[ozone-manager-1.3.0-SNAPSHOT.jar:?]
	at org.apache.hadoop.ozone.protocolPB.OzoneManagerProtocolServerSideTranslatorPB.submitReadRequestToOM(OzoneManagerProtocolServerSideTranslatorPB.java:213) ~[ozone-manager-1.3.0-SNAPSHOT.jar:?]
	at org.apache.hadoop.ozone.protocolPB.OzoneManagerProtocolServerSideTranslatorPB.processRequest(OzoneManagerProtocolServerSideTranslatorPB.java:174) ~[ozone-manager-1.3.0-SNAPSHOT.jar:?]
	at org.apache.hadoop.hdds.server.OzoneProtocolMessageDispatcher.processRequest(OzoneProtocolMessageDispatcher.java:87) [hdds-server-framework-1.3.0-SNAPSHOT.jar:?]
	at org.apache.hadoop.ozone.protocolPB.OzoneManagerProtocolServerSideTranslatorPB.submitRequest(OzoneManagerProtocolServerSideTranslatorPB.java:146) [ozone-manager-1.3.0-SNAPSHOT.jar:?]
	at org.apache.hadoop.ozone.protocol.proto.OzoneManagerProtocolProtos$OzoneManagerService$2.callBlockingMethod(OzoneManagerProtocolProtos.java) [ozone-interface-client-1.3.0-SNAPSHOT.jar:?]
	at org.apache.hadoop.ipc.ProtobufRpcEngine$Server.processCall(ProtobufRpcEngine.java:466) [hadoop-common-3.3.1.jar:?]
	at org.apache.hadoop.ipc.ProtobufRpcEngine2$Server$ProtoBufRpcInvoker.call(ProtobufRpcEngine2.java:574) [hadoop-common-3.3.1.jar:?]
	at org.apache.hadoop.ipc.ProtobufRpcEngine2$Server$ProtoBufRpcInvoker.call(ProtobufRpcEngine2.java:552) [hadoop-common-3.3.1.jar:?]
	at org.apache.hadoop.ipc.RPC$Server.call(RPC.java:1093) [hadoop-common-3.3.1.jar:?]
	at org.apache.hadoop.ipc.Server$RpcCall.run(Server.java:1035) [hadoop-common-3.3.1.jar:?]
	at org.apache.hadoop.ipc.Server$RpcCall.run(Server.java:963) [hadoop-common-3.3.1.jar:?]
	at java.security.AccessController.doPrivileged(Native Method) ~[?:1.8.0_322]
	at javax.security.auth.Subject.doAs(Subject.java:422) [?:1.8.0_322]
	at org.apache.hadoop.security.UserGroupInformation.doAs(UserGroupInformation.java:1878) [hadoop-common-3.3.1.jar:?]
	at org.apache.hadoop.ipc.Server$Handler.run(Server.java:2966) [hadoop-common-3.3.1.jar:?]
01:51:55.388 [IPC Server handler 5 on default port 44011] ERROR OMAudit - user=runner | ip=127.0.0.1 | op=GET_FILE_STATUS {volume=volume70938, bucket=bucket97532, key=testBatchDelete/parent/child0, dataSize=0, replicationConfig=null} | ret=FAILURE
org.apache.hadoop.ozone.om.exceptions.OMException: Unable to get file status: volume: volume70938 bucket: bucket97532 key: testBatchDelete/parent/child0
	at org.apache.hadoop.ozone.om.KeyManagerImpl.getOzoneFileStatus(KeyManagerImpl.java:1280) ~[ozone-manager-1.3.0-SNAPSHOT.jar:?]
	at org.apache.hadoop.ozone.om.KeyManagerImpl.getFileStatus(KeyManagerImpl.java:1210) ~[ozone-manager-1.3.0-SNAPSHOT.jar:?]
	at org.apache.hadoop.ozone.om.OzoneManager.getFileStatus(OzoneManager.java:3009) ~[ozone-manager-1.3.0-SNAPSHOT.jar:?]
	at org.apache.hadoop.ozone.protocolPB.OzoneManagerRequestHandler.getOzoneFileStatus(OzoneManagerRequestHandler.java:670) ~[ozone-manager-1.3.0-SNAPSHOT.jar:?]
	at org.apache.hadoop.ozone.protocolPB.OzoneManagerRequestHandler.handleReadRequest(OzoneManagerRequestHandler.java:201) ~[ozone-manager-1.3.0-SNAPSHOT.jar:?]
	at org.apache.hadoop.ozone.protocolPB.OzoneManagerProtocolServerSideTranslatorPB.submitReadRequestToOM(OzoneManagerProtocolServerSideTranslatorPB.java:213) ~[ozone-manager-1.3.0-SNAPSHOT.jar:?]
	at org.apache.hadoop.ozone.protocolPB.OzoneManagerProtocolServerSideTranslatorPB.processRequest(OzoneManagerProtocolServerSideTranslatorPB.java:174) ~[ozone-manager-1.3.0-SNAPSHOT.jar:?]
	at org.apache.hadoop.hdds.server.OzoneProtocolMessageDispatcher.processRequest(OzoneProtocolMessageDispatcher.java:87) [hdds-server-framework-1.3.0-SNAPSHOT.jar:?]
	at org.apache.hadoop.ozone.protocolPB.OzoneManagerProtocolServerSideTranslatorPB.submitRequest(OzoneManagerProtocolServerSideTranslatorPB.java:146) [ozone-manager-1.3.0-SNAPSHOT.jar:?]
	at org.apache.hadoop.ozone.protocol.proto.OzoneManagerProtocolProtos$OzoneManagerService$2.callBlockingMethod(OzoneManagerProtocolProtos.java) [ozone-interface-client-1.3.0-SNAPSHOT.jar:?]
	at org.apache.hadoop.ipc.ProtobufRpcEngine$Server.processCall(ProtobufRpcEngine.java:466) [hadoop-common-3.3.1.jar:?]
	at org.apache.hadoop.ipc.ProtobufRpcEngine2$Server$ProtoBufRpcInvoker.call(ProtobufRpcEngine2.java:574) [hadoop-common-3.3.1.jar:?]
	at org.apache.hadoop.ipc.ProtobufRpcEngine2$Server$ProtoBufRpcInvoker.call(ProtobufRpcEngine2.java:552) [hadoop-common-3.3.1.jar:?]
	at org.apache.hadoop.ipc.RPC$Server.call(RPC.java:1093) [hadoop-common-3.3.1.jar:?]
	at org.apache.hadoop.ipc.Server$RpcCall.run(Server.java:1035) [hadoop-common-3.3.1.jar:?]
	at org.apache.hadoop.ipc.Server$RpcCall.run(Server.java:963) [hadoop-common-3.3.1.jar:?]
	at java.security.AccessController.doPrivileged(Native Method) ~[?:1.8.0_322]
	at javax.security.auth.Subject.doAs(Subject.java:422) [?:1.8.0_322]
	at org.apache.hadoop.security.UserGroupInformation.doAs(UserGroupInformation.java:1878) [hadoop-common-3.3.1.jar:?]
	at org.apache.hadoop.ipc.Server$Handler.run(Server.java:2966) [hadoop-common-3.3.1.jar:?]
01:51:55.389 [IPC Server handler 12 on default port 44011] ERROR OMAudit - user=runner | ip=127.0.0.1 | op=GET_FILE_STATUS {volume=volume70938, bucket=bucket97532, key=testBatchDelete/parent/childFolder/child0, dataSize=0, replicationConfig=null} | ret=FAILURE
org.apache.hadoop.ozone.om.exceptions.OMException: Unable to get file status: volume: volume70938 bucket: bucket97532 key: testBatchDelete/parent/childFolder/child0
	at org.apache.hadoop.ozone.om.KeyManagerImpl.getOzoneFileStatus(KeyManagerImpl.java:1280) ~[ozone-manager-1.3.0-SNAPSHOT.jar:?]
	at org.apache.hadoop.ozone.om.KeyManagerImpl.getFileStatus(KeyManagerImpl.java:1210) ~[ozone-manager-1.3.0-SNAPSHOT.jar:?]
	at org.apache.hadoop.ozone.om.OzoneManager.getFileStatus(OzoneManager.java:3009) ~[ozone-manager-1.3.0-SNAPSHOT.jar:?]
	at org.apache.hadoop.ozone.protocolPB.OzoneManagerRequestHandler.getOzoneFileStatus(OzoneManagerRequestHandler.java:670) ~[ozone-manager-1.3.0-SNAPSHOT.jar:?]
	at org.apache.hadoop.ozone.protocolPB.OzoneManagerRequestHandler.handleReadRequest(OzoneManagerRequestHandler.java:201) ~[ozone-manager-1.3.0-SNAPSHOT.jar:?]
	at org.apache.hadoop.ozone.protocolPB.OzoneManagerProtocolServerSideTranslatorPB.submitReadRequestToOM(OzoneManagerProtocolServerSideTranslatorPB.java:213) ~[ozone-manager-1.3.0-SNAPSHOT.jar:?]
	at org.apache.hadoop.ozone.protocolPB.OzoneManagerProtocolServerSideTranslatorPB.processRequest(OzoneManagerProtocolServerSideTranslatorPB.java:174) ~[ozone-manager-1.3.0-SNAPSHOT.jar:?]
	at org.apache.hadoop.hdds.server.OzoneProtocolMessageDispatcher.processRequest(OzoneProtocolMessageDispatcher.java:87) [hdds-server-framework-1.3.0-SNAPSHOT.jar:?]
	at org.apache.hadoop.ozone.protocolPB.OzoneManagerProtocolServerSideTranslatorPB.submitRequest(OzoneManagerProtocolServerSideTranslatorPB.java:146) [ozone-manager-1.3.0-SNAPSHOT.jar:?]
	at org.apache.hadoop.ozone.protocol.proto.OzoneManagerProtocolProtos$OzoneManagerService$2.callBlockingMethod(OzoneManagerProtocolProtos.java) [ozone-interface-client-1.3.0-SNAPSHOT.jar:?]
	at org.apache.hadoop.ipc.ProtobufRpcEngine$Server.processCall(ProtobufRpcEngine.java:466) [hadoop-common-3.3.1.jar:?]
	at org.apache.hadoop.ipc.ProtobufRpcEngine2$Server$ProtoBufRpcInvoker.call(ProtobufRpcEngine2.java:574) [hadoop-common-3.3.1.jar:?]
	at org.apache.hadoop.ipc.ProtobufRpcEngine2$Server$ProtoBufRpcInvoker.call(ProtobufRpcEngine2.java:552) [hadoop-common-3.3.1.jar:?]
	at org.apache.hadoop.ipc.RPC$Server.call(RPC.java:1093) [hadoop-common-3.3.1.jar:?]
	at org.apache.hadoop.ipc.Server$RpcCall.run(Server.java:1035) [hadoop-common-3.3.1.jar:?]
	at org.apache.hadoop.ipc.Server$RpcCall.run(Server.java:963) [hadoop-common-3.3.1.jar:?]
	at java.security.AccessController.doPrivileged(Native Method) ~[?:1.8.0_322]
	at javax.security.auth.Subject.doAs(Subject.java:422) [?:1.8.0_322]
	at org.apache.hadoop.security.UserGroupInformation.doAs(UserGroupInformation.java:1878) [hadoop-common-3.3.1.jar:?]
	at org.apache.hadoop.ipc.Server$Handler.run(Server.java:2966) [hadoop-common-3.3.1.jar:?]
01:51:55.390 [IPC Server handler 4 on default port 44011] ERROR OMAudit - user=runner | ip=127.0.0.1 | op=GET_FILE_STATUS {volume=volume70938, bucket=bucket97532, key=testBatchDelete/parent/child1, dataSize=0, replicationConfig=null} | ret=FAILURE
org.apache.hadoop.ozone.om.exceptions.OMException: Unable to get file status: volume: volume70938 bucket: bucket97532 key: testBatchDelete/parent/child1
	at org.apache.hadoop.ozone.om.KeyManagerImpl.getOzoneFileStatus(KeyManagerImpl.java:1280) ~[ozone-manager-1.3.0-SNAPSHOT.jar:?]
	at org.apache.hadoop.ozone.om.KeyManagerImpl.getFileStatus(KeyManagerImpl.java:1210) ~[ozone-manager-1.3.0-SNAPSHOT.jar:?]
	at org.apache.hadoop.ozone.om.OzoneManager.getFileStatus(OzoneManager.java:3009) ~[ozone-manager-1.3.0-SNAPSHOT.jar:?]
	at org.apache.hadoop.ozone.protocolPB.OzoneManagerRequestHandler.getOzoneFileStatus(OzoneManagerRequestHandler.java:670) ~[ozone-manager-1.3.0-SNAPSHOT.jar:?]
	at org.apache.hadoop.ozone.protocolPB.OzoneManagerRequestHandler.handleReadRequest(OzoneManagerRequestHandler.java:201) ~[ozone-manager-1.3.0-SNAPSHOT.jar:?]
	at org.apache.hadoop.ozone.protocolPB.OzoneManagerProtocolServerSideTranslatorPB.submitReadRequestToOM(OzoneManagerProtocolServerSideTranslatorPB.java:213) ~[ozone-manager-1.3.0-SNAPSHOT.jar:?]
	at org.apache.hadoop.ozone.protocolPB.OzoneManagerProtocolServerSideTranslatorPB.processRequest(OzoneManagerProtocolServerSideTranslatorPB.java:174) ~[ozone-manager-1.3.0-SNAPSHOT.jar:?]
	at org.apache.hadoop.hdds.server.OzoneProtocolMessageDispatcher.processRequest(OzoneProtocolMessageDispatcher.java:87) [hdds-server-framework-1.3.0-SNAPSHOT.jar:?]
	at org.apache.hadoop.ozone.protocolPB.OzoneManagerProtocolServerSideTranslatorPB.submitRequest(OzoneManagerProtocolServerSideTranslatorPB.java:146) [ozone-manager-1.3.0-SNAPSHOT.jar:?]
	at org.apache.hadoop.ozone.protocol.proto.OzoneManagerProtocolProtos$OzoneManagerService$2.callBlockingMethod(OzoneManagerProtocolProtos.java) [ozone-interface-client-1.3.0-SNAPSHOT.jar:?]
	at org.apache.hadoop.ipc.ProtobufRpcEngine$Server.processCall(ProtobufRpcEngine.java:466) [hadoop-common-3.3.1.jar:?]
	at org.apache.hadoop.ipc.ProtobufRpcEngine2$Server$ProtoBufRpcInvoker.call(ProtobufRpcEngine2.java:574) [hadoop-common-3.3.1.jar:?]
	at org.apache.hadoop.ipc.ProtobufRpcEngine2$Server$ProtoBufRpcInvoker.call(ProtobufRpcEngine2.java:552) [hadoop-common-3.3.1.jar:?]
	at org.apache.hadoop.ipc.RPC$Server.call(RPC.java:1093) [hadoop-common-3.3.1.jar:?]
	at org.apache.hadoop.ipc.Server$RpcCall.run(Server.java:1035) [hadoop-common-3.3.1.jar:?]
	at org.apache.hadoop.ipc.Server$RpcCall.run(Server.java:963) [hadoop-common-3.3.1.jar:?]
	at java.security.AccessController.doPrivileged(Native Method) ~[?:1.8.0_322]
	at javax.security.auth.Subject.doAs(Subject.java:422) [?:1.8.0_322]
	at org.apache.hadoop.security.UserGroupInformation.doAs(UserGroupInformation.java:1878) [hadoop-common-3.3.1.jar:?]
	at org.apache.hadoop.ipc.Server$Handler.run(Server.java:2966) [hadoop-common-3.3.1.jar:?]
01:51:55.391 [IPC Server handler 1 on default port 44011] ERROR OMAudit - user=runner | ip=127.0.0.1 | op=GET_FILE_STATUS {volume=volume70938, bucket=bucket97532, key=testBatchDelete/parent/childFolder/child1, dataSize=0, replicationConfig=null} | ret=FAILURE
org.apache.hadoop.ozone.om.exceptions.OMException: Unable to get file status: volume: volume70938 bucket: bucket97532 key: testBatchDelete/parent/childFolder/child1
	at org.apache.hadoop.ozone.om.KeyManagerImpl.getOzoneFileStatus(KeyManagerImpl.java:1280) ~[ozone-manager-1.3.0-SNAPSHOT.jar:?]
	at org.apache.hadoop.ozone.om.KeyManagerImpl.getFileStatus(KeyManagerImpl.java:1210) ~[ozone-manager-1.3.0-SNAPSHOT.jar:?]
	at org.apache.hadoop.ozone.om.OzoneManager.getFileStatus(OzoneManager.java:3009) ~[ozone-manager-1.3.0-SNAPSHOT.jar:?]
	at org.apache.hadoop.ozone.protocolPB.OzoneManagerRequestHandler.getOzoneFileStatus(OzoneManagerRequestHandler.java:670) ~[ozone-manager-1.3.0-SNAPSHOT.jar:?]
	at org.apache.hadoop.ozone.protocolPB.OzoneManagerRequestHandler.handleReadRequest(OzoneManagerRequestHandler.java:201) ~[ozone-manager-1.3.0-SNAPSHOT.jar:?]
	at org.apache.hadoop.ozone.protocolPB.OzoneManagerProtocolServerSideTranslatorPB.submitReadRequestToOM(OzoneManagerProtocolServerSideTranslatorPB.java:213) ~[ozone-manager-1.3.0-SNAPSHOT.jar:?]
	at org.apache.hadoop.ozone.protocolPB.OzoneManagerProtocolServerSideTranslatorPB.processRequest(OzoneManagerProtocolServerSideTranslatorPB.java:174) ~[ozone-manager-1.3.0-SNAPSHOT.jar:?]
	at org.apache.hadoop.hdds.server.OzoneProtocolMessageDispatcher.processRequest(OzoneProtocolMessageDispatcher.java:87) [hdds-server-framework-1.3.0-SNAPSHOT.jar:?]
	at org.apache.hadoop.ozone.protocolPB.OzoneManagerProtocolServerSideTranslatorPB.submitRequest(OzoneManagerProtocolServerSideTranslatorPB.java:146) [ozone-manager-1.3.0-SNAPSHOT.jar:?]
	at org.apache.hadoop.ozone.protocol.proto.OzoneManagerProtocolProtos$OzoneManagerService$2.callBlockingMethod(OzoneManagerProtocolProtos.java) [ozone-interface-client-1.3.0-SNAPSHOT.jar:?]
	at org.apache.hadoop.ipc.ProtobufRpcEngine$Server.processCall(ProtobufRpcEngine.java:466) [hadoop-common-3.3.1.jar:?]
	at org.apache.hadoop.ipc.ProtobufRpcEngine2$Server$ProtoBufRpcInvoker.call(ProtobufRpcEngine2.java:574) [hadoop-common-3.3.1.jar:?]
	at org.apache.hadoop.ipc.ProtobufRpcEngine2$Server$ProtoBufRpcInvoker.call(ProtobufRpcEngine2.java:552) [hadoop-common-3.3.1.jar:?]
	at org.apache.hadoop.ipc.RPC$Server.call(RPC.java:1093) [hadoop-common-3.3.1.jar:?]
	at org.apache.hadoop.ipc.Server$RpcCall.run(Server.java:1035) [hadoop-common-3.3.1.jar:?]
	at org.apache.hadoop.ipc.Server$RpcCall.run(Server.java:963) [hadoop-common-3.3.1.jar:?]
	at java.security.AccessController.doPrivileged(Native Method) ~[?:1.8.0_322]
	at javax.security.auth.Subject.doAs(Subject.java:422) [?:1.8.0_322]
	at org.apache.hadoop.security.UserGroupInformation.doAs(UserGroupInformation.java:1878) [hadoop-common-3.3.1.jar:?]
	at org.apache.hadoop.ipc.Server$Handler.run(Server.java:2966) [hadoop-common-3.3.1.jar:?]
01:51:55.392 [IPC Server handler 7 on default port 44011] ERROR OMAudit - user=runner | ip=127.0.0.1 | op=GET_FILE_STATUS {volume=volume70938, bucket=bucket97532, key=testBatchDelete/parent/child2, dataSize=0, replicationConfig=null} | ret=FAILURE
org.apache.hadoop.ozone.om.exceptions.OMException: Unable to get file status: volume: volume70938 bucket: bucket97532 key: testBatchDelete/parent/child2
	at org.apache.hadoop.ozone.om.KeyManagerImpl.getOzoneFileStatus(KeyManagerImpl.java:1280) ~[ozone-manager-1.3.0-SNAPSHOT.jar:?]
	at org.apache.hadoop.ozone.om.KeyManagerImpl.getFileStatus(KeyManagerImpl.java:1210) ~[ozone-manager-1.3.0-SNAPSHOT.jar:?]
	at org.apache.hadoop.ozone.om.OzoneManager.getFileStatus(OzoneManager.java:3009) ~[ozone-manager-1.3.0-SNAPSHOT.jar:?]
	at org.apache.hadoop.ozone.protocolPB.OzoneManagerRequestHandler.getOzoneFileStatus(OzoneManagerRequestHandler.java:670) ~[ozone-manager-1.3.0-SNAPSHOT.jar:?]
	at org.apache.hadoop.ozone.protocolPB.OzoneManagerRequestHandler.handleReadRequest(OzoneManagerRequestHandler.java:201) ~[ozone-manager-1.3.0-SNAPSHOT.jar:?]
	at org.apache.hadoop.ozone.protocolPB.OzoneManagerProtocolServerSideTranslatorPB.submitReadRequestToOM(OzoneManagerProtocolServerSideTranslatorPB.java:213) ~[ozone-manager-1.3.0-SNAPSHOT.jar:?]
	at org.apache.hadoop.ozone.protocolPB.OzoneManagerProtocolServerSideTranslatorPB.processRequest(OzoneManagerProtocolServerSideTranslatorPB.java:174) ~[ozone-manager-1.3.0-SNAPSHOT.jar:?]
	at org.apache.hadoop.hdds.server.OzoneProtocolMessageDispatcher.processRequest(OzoneProtocolMessageDispatcher.java:87) [hdds-server-framework-1.3.0-SNAPSHOT.jar:?]
	at org.apache.hadoop.ozone.protocolPB.OzoneManagerProtocolServerSideTranslatorPB.submitRequest(OzoneManagerProtocolServerSideTranslatorPB.java:146) [ozone-manager-1.3.0-SNAPSHOT.jar:?]
	at org.apache.hadoop.ozone.protocol.proto.OzoneManagerProtocolProtos$OzoneManagerService$2.callBlockingMethod(OzoneManagerProtocolProtos.java) [ozone-interface-client-1.3.0-SNAPSHOT.jar:?]
	at org.apache.hadoop.ipc.ProtobufRpcEngine$Server.processCall(ProtobufRpcEngine.java:466) [hadoop-common-3.3.1.jar:?]
	at org.apache.hadoop.ipc.ProtobufRpcEngine2$Server$ProtoBufRpcInvoker.call(ProtobufRpcEngine2.java:574) [hadoop-common-3.3.1.jar:?]
	at org.apache.hadoop.ipc.ProtobufRpcEngine2$Server$ProtoBufRpcInvoker.call(ProtobufRpcEngine2.java:552) [hadoop-common-3.3.1.jar:?]
	at org.apache.hadoop.ipc.RPC$Server.call(RPC.java:1093) [hadoop-common-3.3.1.jar:?]
	at org.apache.hadoop.ipc.Server$RpcCall.run(Server.java:1035) [hadoop-common-3.3.1.jar:?]
	at org.apache.hadoop.ipc.Server$RpcCall.run(Server.java:963) [hadoop-common-3.3.1.jar:?]
	at java.security.AccessController.doPrivileged(Native Method) ~[?:1.8.0_322]
	at javax.security.auth.Subject.doAs(Subject.java:422) [?:1.8.0_322]
	at org.apache.hadoop.security.UserGroupInformation.doAs(UserGroupInformation.java:1878) [hadoop-common-3.3.1.jar:?]
	at org.apache.hadoop.ipc.Server$Handler.run(Server.java:2966) [hadoop-common-3.3.1.jar:?]
01:51:55.393 [IPC Server handler 6 on default port 44011] ERROR OMAudit - user=runner | ip=127.0.0.1 | op=GET_FILE_STATUS {volume=volume70938, bucket=bucket97532, key=testBatchDelete/parent/childFolder/child2, dataSize=0, replicationConfig=null} | ret=FAILURE
org.apache.hadoop.ozone.om.exceptions.OMException: Unable to get file status: volume: volume70938 bucket: bucket97532 key: testBatchDelete/parent/childFolder/child2
	at org.apache.hadoop.ozone.om.KeyManagerImpl.getOzoneFileStatus(KeyManagerImpl.java:1280) ~[ozone-manager-1.3.0-SNAPSHOT.jar:?]
	at org.apache.hadoop.ozone.om.KeyManagerImpl.getFileStatus(KeyManagerImpl.java:1210) ~[ozone-manager-1.3.0-SNAPSHOT.jar:?]
	at org.apache.hadoop.ozone.om.OzoneManager.getFileStatus(OzoneManager.java:3009) ~[ozone-manager-1.3.0-SNAPSHOT.jar:?]
	at org.apache.hadoop.ozone.protocolPB.OzoneManagerRequestHandler.getOzoneFileStatus(OzoneManagerRequestHandler.java:670) ~[ozone-manager-1.3.0-SNAPSHOT.jar:?]
	at org.apache.hadoop.ozone.protocolPB.OzoneManagerRequestHandler.handleReadRequest(OzoneManagerRequestHandler.java:201) ~[ozone-manager-1.3.0-SNAPSHOT.jar:?]
	at org.apache.hadoop.ozone.protocolPB.OzoneManagerProtocolServerSideTranslatorPB.submitReadRequestToOM(OzoneManagerProtocolServerSideTranslatorPB.java:213) ~[ozone-manager-1.3.0-SNAPSHOT.jar:?]
	at org.apache.hadoop.ozone.protocolPB.OzoneManagerProtocolServerSideTranslatorPB.processRequest(OzoneManagerProtocolServerSideTranslatorPB.java:174) ~[ozone-manager-1.3.0-SNAPSHOT.jar:?]
	at org.apache.hadoop.hdds.server.OzoneProtocolMessageDispatcher.processRequest(OzoneProtocolMessageDispatcher.java:87) [hdds-server-framework-1.3.0-SNAPSHOT.jar:?]
	at org.apache.hadoop.ozone.protocolPB.OzoneManagerProtocolServerSideTranslatorPB.submitRequest(OzoneManagerProtocolServerSideTranslatorPB.java:146) [ozone-manager-1.3.0-SNAPSHOT.jar:?]
	at org.apache.hadoop.ozone.protocol.proto.OzoneManagerProtocolProtos$OzoneManagerService$2.callBlockingMethod(OzoneManagerProtocolProtos.java) [ozone-interface-client-1.3.0-SNAPSHOT.jar:?]
	at org.apache.hadoop.ipc.ProtobufRpcEngine$Server.processCall(ProtobufRpcEngine.java:466) [hadoop-common-3.3.1.jar:?]
	at org.apache.hadoop.ipc.ProtobufRpcEngine2$Server$ProtoBufRpcInvoker.call(ProtobufRpcEngine2.java:574) [hadoop-common-3.3.1.jar:?]
	at org.apache.hadoop.ipc.ProtobufRpcEngine2$Server$ProtoBufRpcInvoker.call(ProtobufRpcEngine2.java:552) [hadoop-common-3.3.1.jar:?]
	at org.apache.hadoop.ipc.RPC$Server.call(RPC.java:1093) [hadoop-common-3.3.1.jar:?]
	at org.apache.hadoop.ipc.Server$RpcCall.run(Server.java:1035) [hadoop-common-3.3.1.jar:?]
	at org.apache.hadoop.ipc.Server$RpcCall.run(Server.java:963) [hadoop-common-3.3.1.jar:?]
	at java.security.AccessController.doPrivileged(Native Method) ~[?:1.8.0_322]
	at javax.security.auth.Subject.doAs(Subject.java:422) [?:1.8.0_322]
	at org.apache.hadoop.security.UserGroupInformation.doAs(UserGroupInformation.java:1878) [hadoop-common-3.3.1.jar:?]
	at org.apache.hadoop.ipc.Server$Handler.run(Server.java:2966) [hadoop-common-3.3.1.jar:?]
01:51:55.394 [IPC Server handler 0 on default port 44011] ERROR OMAudit - user=runner | ip=127.0.0.1 | op=GET_FILE_STATUS {volume=volume70938, bucket=bucket97532, key=testBatchDelete/parent/child3, dataSize=0, replicationConfig=null} | ret=FAILURE
org.apache.hadoop.ozone.om.exceptions.OMException: Unable to get file status: volume: volume70938 bucket: bucket97532 key: testBatchDelete/parent/child3
	at org.apache.hadoop.ozone.om.KeyManagerImpl.getOzoneFileStatus(KeyManagerImpl.java:1280) ~[ozone-manager-1.3.0-SNAPSHOT.jar:?]
	at org.apache.hadoop.ozone.om.KeyManagerImpl.getFileStatus(KeyManagerImpl.java:1210) ~[ozone-manager-1.3.0-SNAPSHOT.jar:?]
	at org.apache.hadoop.ozone.om.OzoneManager.getFileStatus(OzoneManager.java:3009) ~[ozone-manager-1.3.0-SNAPSHOT.jar:?]
	at org.apache.hadoop.ozone.protocolPB.OzoneManagerRequestHandler.getOzoneFileStatus(OzoneManagerRequestHandler.java:670) ~[ozone-manager-1.3.0-SNAPSHOT.jar:?]
	at org.apache.hadoop.ozone.protocolPB.OzoneManagerRequestHandler.handleReadRequest(OzoneManagerRequestHandler.java:201) ~[ozone-manager-1.3.0-SNAPSHOT.jar:?]
	at org.apache.hadoop.ozone.protocolPB.OzoneManagerProtocolServerSideTranslatorPB.submitReadRequestToOM(OzoneManagerProtocolServerSideTranslatorPB.java:213) ~[ozone-manager-1.3.0-SNAPSHOT.jar:?]
	at org.apache.hadoop.ozone.protocolPB.OzoneManagerProtocolServerSideTranslatorPB.processRequest(OzoneManagerProtocolServerSideTranslatorPB.java:174) ~[ozone-manager-1.3.0-SNAPSHOT.jar:?]
	at org.apache.hadoop.hdds.server.OzoneProtocolMessageDispatcher.processRequest(OzoneProtocolMessageDispatcher.java:87) [hdds-server-framework-1.3.0-SNAPSHOT.jar:?]
	at org.apache.hadoop.ozone.protocolPB.OzoneManagerProtocolServerSideTranslatorPB.submitRequest(OzoneManagerProtocolServerSideTranslatorPB.java:146) [ozone-manager-1.3.0-SNAPSHOT.jar:?]
	at org.apache.hadoop.ozone.protocol.proto.OzoneManagerProtocolProtos$OzoneManagerService$2.callBlockingMethod(OzoneManagerProtocolProtos.java) [ozone-interface-client-1.3.0-SNAPSHOT.jar:?]
	at org.apache.hadoop.ipc.ProtobufRpcEngine$Server.processCall(ProtobufRpcEngine.java:466) [hadoop-common-3.3.1.jar:?]
	at org.apache.hadoop.ipc.ProtobufRpcEngine2$Server$ProtoBufRpcInvoker.call(ProtobufRpcEngine2.java:574) [hadoop-common-3.3.1.jar:?]
	at org.apache.hadoop.ipc.ProtobufRpcEngine2$Server$ProtoBufRpcInvoker.call(ProtobufRpcEngine2.java:552) [hadoop-common-3.3.1.jar:?]
	at org.apache.hadoop.ipc.RPC$Server.call(RPC.java:1093) [hadoop-common-3.3.1.jar:?]
	at org.apache.hadoop.ipc.Server$RpcCall.run(Server.java:1035) [hadoop-common-3.3.1.jar:?]
	at org.apache.hadoop.ipc.Server$RpcCall.run(Server.java:963) [hadoop-common-3.3.1.jar:?]
	at java.security.AccessController.doPrivileged(Native Method) ~[?:1.8.0_322]
	at javax.security.auth.Subject.doAs(Subject.java:422) [?:1.8.0_322]
	at org.apache.hadoop.security.UserGroupInformation.doAs(UserGroupInformation.java:1878) [hadoop-common-3.3.1.jar:?]
	at org.apache.hadoop.ipc.Server$Handler.run(Server.java:2966) [hadoop-common-3.3.1.jar:?]
01:51:55.395 [IPC Server handler 9 on default port 44011] ERROR OMAudit - user=runner | ip=127.0.0.1 | op=GET_FILE_STATUS {volume=volume70938, bucket=bucket97532, key=testBatchDelete/parent/childFolder/child3, dataSize=0, replicationConfig=null} | ret=FAILURE
org.apache.hadoop.ozone.om.exceptions.OMException: Unable to get file status: volume: volume70938 bucket: bucket97532 key: testBatchDelete/parent/childFolder/child3
	at org.apache.hadoop.ozone.om.KeyManagerImpl.getOzoneFileStatus(KeyManagerImpl.java:1280) ~[ozone-manager-1.3.0-SNAPSHOT.jar:?]
	at org.apache.hadoop.ozone.om.KeyManagerImpl.getFileStatus(KeyManagerImpl.java:1210) ~[ozone-manager-1.3.0-SNAPSHOT.jar:?]
	at org.apache.hadoop.ozone.om.OzoneManager.getFileStatus(OzoneManager.java:3009) ~[ozone-manager-1.3.0-SNAPSHOT.jar:?]
	at org.apache.hadoop.ozone.protocolPB.OzoneManagerRequestHandler.getOzoneFileStatus(OzoneManagerRequestHandler.java:670) ~[ozone-manager-1.3.0-SNAPSHOT.jar:?]
	at org.apache.hadoop.ozone.protocolPB.OzoneManagerRequestHandler.handleReadRequest(OzoneManagerRequestHandler.java:201) ~[ozone-manager-1.3.0-SNAPSHOT.jar:?]
	at org.apache.hadoop.ozone.protocolPB.OzoneManagerProtocolServerSideTranslatorPB.submitReadRequestToOM(OzoneManagerProtocolServerSideTranslatorPB.java:213) ~[ozone-manager-1.3.0-SNAPSHOT.jar:?]
	at org.apache.hadoop.ozone.protocolPB.OzoneManagerProtocolServerSideTranslatorPB.processRequest(OzoneManagerProtocolServerSideTranslatorPB.java:174) ~[ozone-manager-1.3.0-SNAPSHOT.jar:?]
	at org.apache.hadoop.hdds.server.OzoneProtocolMessageDispatcher.processRequest(OzoneProtocolMessageDispatcher.java:87) [hdds-server-framework-1.3.0-SNAPSHOT.jar:?]
	at org.apache.hadoop.ozone.protocolPB.OzoneManagerProtocolServerSideTranslatorPB.submitRequest(OzoneManagerProtocolServerSideTranslatorPB.java:146) [ozone-manager-1.3.0-SNAPSHOT.jar:?]
	at org.apache.hadoop.ozone.protocol.proto.OzoneManagerProtocolProtos$OzoneManagerService$2.callBlockingMethod(OzoneManagerProtocolProtos.java) [ozone-interface-client-1.3.0-SNAPSHOT.jar:?]
	at org.apache.hadoop.ipc.ProtobufRpcEngine$Server.processCall(ProtobufRpcEngine.java:466) [hadoop-common-3.3.1.jar:?]
	at org.apache.hadoop.ipc.ProtobufRpcEngine2$Server$ProtoBufRpcInvoker.call(ProtobufRpcEngine2.java:574) [hadoop-common-3.3.1.jar:?]
	at org.apache.hadoop.ipc.ProtobufRpcEngine2$Server$ProtoBufRpcInvoker.call(ProtobufRpcEngine2.java:552) [hadoop-common-3.3.1.jar:?]
	at org.apache.hadoop.ipc.RPC$Server.call(RPC.java:1093) [hadoop-common-3.3.1.jar:?]
	at org.apache.hadoop.ipc.Server$RpcCall.run(Server.java:1035) [hadoop-common-3.3.1.jar:?]
	at org.apache.hadoop.ipc.Server$RpcCall.run(Server.java:963) [hadoop-common-3.3.1.jar:?]
	at java.security.AccessController.doPrivileged(Native Method) ~[?:1.8.0_322]
	at javax.security.auth.Subject.doAs(Subject.java:422) [?:1.8.0_322]
	at org.apache.hadoop.security.UserGroupInformation.doAs(UserGroupInformation.java:1878) [hadoop-common-3.3.1.jar:?]
	at org.apache.hadoop.ipc.Server$Handler.run(Server.java:2966) [hadoop-common-3.3.1.jar:?]
01:51:55.396 [IPC Server handler 8 on default port 44011] ERROR OMAudit - user=runner | ip=127.0.0.1 | op=GET_FILE_STATUS {volume=volume70938, bucket=bucket97532, key=testBatchDelete/parent/child4, dataSize=0, replicationConfig=null} | ret=FAILURE
org.apache.hadoop.ozone.om.exceptions.OMException: Unable to get file status: volume: volume70938 bucket: bucket97532 key: testBatchDelete/parent/child4
	at org.apache.hadoop.ozone.om.KeyManagerImpl.getOzoneFileStatus(KeyManagerImpl.java:1280) ~[ozone-manager-1.3.0-SNAPSHOT.jar:?]
	at org.apache.hadoop.ozone.om.KeyManagerImpl.getFileStatus(KeyManagerImpl.java:1210) ~[ozone-manager-1.3.0-SNAPSHOT.jar:?]
	at org.apache.hadoop.ozone.om.OzoneManager.getFileStatus(OzoneManager.java:3009) ~[ozone-manager-1.3.0-SNAPSHOT.jar:?]
	at org.apache.hadoop.ozone.protocolPB.OzoneManagerRequestHandler.getOzoneFileStatus(OzoneManagerRequestHandler.java:670) ~[ozone-manager-1.3.0-SNAPSHOT.jar:?]
	at org.apache.hadoop.ozone.protocolPB.OzoneManagerRequestHandler.handleReadRequest(OzoneManagerRequestHandler.java:201) ~[ozone-manager-1.3.0-SNAPSHOT.jar:?]
	at org.apache.hadoop.ozone.protocolPB.OzoneManagerProtocolServerSideTranslatorPB.submitReadRequestToOM(OzoneManagerProtocolServerSideTranslatorPB.java:213) ~[ozone-manager-1.3.0-SNAPSHOT.jar:?]
	at org.apache.hadoop.ozone.protocolPB.OzoneManagerProtocolServerSideTranslatorPB.processRequest(OzoneManagerProtocolServerSideTranslatorPB.java:174) ~[ozone-manager-1.3.0-SNAPSHOT.jar:?]
	at org.apache.hadoop.hdds.server.OzoneProtocolMessageDispatcher.processRequest(OzoneProtocolMessageDispatcher.java:87) [hdds-server-framework-1.3.0-SNAPSHOT.jar:?]
	at org.apache.hadoop.ozone.protocolPB.OzoneManagerProtocolServerSideTranslatorPB.submitRequest(OzoneManagerProtocolServerSideTranslatorPB.java:146) [ozone-manager-1.3.0-SNAPSHOT.jar:?]
	at org.apache.hadoop.ozone.protocol.proto.OzoneManagerProtocolProtos$OzoneManagerService$2.callBlockingMethod(OzoneManagerProtocolProtos.java) [ozone-interface-client-1.3.0-SNAPSHOT.jar:?]
	at org.apache.hadoop.ipc.ProtobufRpcEngine$Server.processCall(ProtobufRpcEngine.java:466) [hadoop-common-3.3.1.jar:?]
	at org.apache.hadoop.ipc.ProtobufRpcEngine2$Server$ProtoBufRpcInvoker.call(ProtobufRpcEngine2.java:574) [hadoop-common-3.3.1.jar:?]
	at org.apache.hadoop.ipc.ProtobufRpcEngine2$Server$ProtoBufRpcInvoker.call(ProtobufRpcEngine2.java:552) [hadoop-common-3.3.1.jar:?]
	at org.apache.hadoop.ipc.RPC$Server.call(RPC.java:1093) [hadoop-common-3.3.1.jar:?]
	at org.apache.hadoop.ipc.Server$RpcCall.run(Server.java:1035) [hadoop-common-3.3.1.jar:?]
	at org.apache.hadoop.ipc.Server$RpcCall.run(Server.java:963) [hadoop-common-3.3.1.jar:?]
	at java.security.AccessController.doPrivileged(Native Method) ~[?:1.8.0_322]
	at javax.security.auth.Subject.doAs(Subject.java:422) [?:1.8.0_322]
	at org.apache.hadoop.security.UserGroupInformation.doAs(UserGroupInformation.java:1878) [hadoop-common-3.3.1.jar:?]
	at org.apache.hadoop.ipc.Server$Handler.run(Server.java:2966) [hadoop-common-3.3.1.jar:?]
01:51:55.397 [IPC Server handler 10 on default port 44011] ERROR OMAudit - user=runner | ip=127.0.0.1 | op=GET_FILE_STATUS {volume=volume70938, bucket=bucket97532, key=testBatchDelete/parent/childFolder/child4, dataSize=0, replicationConfig=null} | ret=FAILURE
org.apache.hadoop.ozone.om.exceptions.OMException: Unable to get file status: volume: volume70938 bucket: bucket97532 key: testBatchDelete/parent/childFolder/child4
	at org.apache.hadoop.ozone.om.KeyManagerImpl.getOzoneFileStatus(KeyManagerImpl.java:1280) ~[ozone-manager-1.3.0-SNAPSHOT.jar:?]
	at org.apache.hadoop.ozone.om.KeyManagerImpl.getFileStatus(KeyManagerImpl.java:1210) ~[ozone-manager-1.3.0-SNAPSHOT.jar:?]
	at org.apache.hadoop.ozone.om.OzoneManager.getFileStatus(OzoneManager.java:3009) ~[ozone-manager-1.3.0-SNAPSHOT.jar:?]
	at org.apache.hadoop.ozone.protocolPB.OzoneManagerRequestHandler.getOzoneFileStatus(OzoneManagerRequestHandler.java:670) ~[ozone-manager-1.3.0-SNAPSHOT.jar:?]
	at org.apache.hadoop.ozone.protocolPB.OzoneManagerRequestHandler.handleReadRequest(OzoneManagerRequestHandler.java:201) ~[ozone-manager-1.3.0-SNAPSHOT.jar:?]
	at org.apache.hadoop.ozone.protocolPB.OzoneManagerProtocolServerSideTranslatorPB.submitReadRequestToOM(OzoneManagerProtocolServerSideTranslatorPB.java:213) ~[ozone-manager-1.3.0-SNAPSHOT.jar:?]
	at org.apache.hadoop.ozone.protocolPB.OzoneManagerProtocolServerSideTranslatorPB.processRequest(OzoneManagerProtocolServerSideTranslatorPB.java:174) ~[ozone-manager-1.3.0-SNAPSHOT.jar:?]
	at org.apache.hadoop.hdds.server.OzoneProtocolMessageDispatcher.processRequest(OzoneProtocolMessageDispatcher.java:87) [hdds-server-framework-1.3.0-SNAPSHOT.jar:?]
	at org.apache.hadoop.ozone.protocolPB.OzoneManagerProtocolServerSideTranslatorPB.submitRequest(OzoneManagerProtocolServerSideTranslatorPB.java:146) [ozone-manager-1.3.0-SNAPSHOT.jar:?]
	at org.apache.hadoop.ozone.protocol.proto.OzoneManagerProtocolProtos$OzoneManagerService$2.callBlockingMethod(OzoneManagerProtocolProtos.java) [ozone-interface-client-1.3.0-SNAPSHOT.jar:?]
	at org.apache.hadoop.ipc.ProtobufRpcEngine$Server.processCall(ProtobufRpcEngine.java:466) [hadoop-common-3.3.1.jar:?]
	at org.apache.hadoop.ipc.ProtobufRpcEngine2$Server$ProtoBufRpcInvoker.call(ProtobufRpcEngine2.java:574) [hadoop-common-3.3.1.jar:?]
	at org.apache.hadoop.ipc.ProtobufRpcEngine2$Server$ProtoBufRpcInvoker.call(ProtobufRpcEngine2.java:552) [hadoop-common-3.3.1.jar:?]
	at org.apache.hadoop.ipc.RPC$Server.call(RPC.java:1093) [hadoop-common-3.3.1.jar:?]
	at org.apache.hadoop.ipc.Server$RpcCall.run(Server.java:1035) [hadoop-common-3.3.1.jar:?]
	at org.apache.hadoop.ipc.Server$RpcCall.run(Server.java:963) [hadoop-common-3.3.1.jar:?]
	at java.security.AccessController.doPrivileged(Native Method) ~[?:1.8.0_322]
	at javax.security.auth.Subject.doAs(Subject.java:422) [?:1.8.0_322]
	at org.apache.hadoop.security.UserGroupInformation.doAs(UserGroupInformation.java:1878) [hadoop-common-3.3.1.jar:?]
	at org.apache.hadoop.ipc.Server$Handler.run(Server.java:2966) [hadoop-common-3.3.1.jar:?]
01:51:55.398 [IPC Server handler 3 on default port 44011] ERROR OMAudit - user=runner | ip=127.0.0.1 | op=GET_FILE_STATUS {volume=volume70938, bucket=bucket97532, key=testBatchDelete/parent/child5, dataSize=0, replicationConfig=null} | ret=FAILURE
org.apache.hadoop.ozone.om.exceptions.OMException: Unable to get file status: volume: volume70938 bucket: bucket97532 key: testBatchDelete/parent/child5
	at org.apache.hadoop.ozone.om.KeyManagerImpl.getOzoneFileStatus(KeyManagerImpl.java:1280) ~[ozone-manager-1.3.0-SNAPSHOT.jar:?]
	at org.apache.hadoop.ozone.om.KeyManagerImpl.getFileStatus(KeyManagerImpl.java:1210) ~[ozone-manager-1.3.0-SNAPSHOT.jar:?]
	at org.apache.hadoop.ozone.om.OzoneManager.getFileStatus(OzoneManager.java:3009) ~[ozone-manager-1.3.0-SNAPSHOT.jar:?]
	at org.apache.hadoop.ozone.protocolPB.OzoneManagerRequestHandler.getOzoneFileStatus(OzoneManagerRequestHandler.java:670) ~[ozone-manager-1.3.0-SNAPSHOT.jar:?]
	at org.apache.hadoop.ozone.protocolPB.OzoneManagerRequestHandler.handleReadRequest(OzoneManagerRequestHandler.java:201) ~[ozone-manager-1.3.0-SNAPSHOT.jar:?]
	at org.apache.hadoop.ozone.protocolPB.OzoneManagerProtocolServerSideTranslatorPB.submitReadRequestToOM(OzoneManagerProtocolServerSideTranslatorPB.java:213) ~[ozone-manager-1.3.0-SNAPSHOT.jar:?]
	at org.apache.hadoop.ozone.protocolPB.OzoneManagerProtocolServerSideTranslatorPB.processRequest(OzoneManagerProtocolServerSideTranslatorPB.java:174) ~[ozone-manager-1.3.0-SNAPSHOT.jar:?]
	at org.apache.hadoop.hdds.server.OzoneProtocolMessageDispatcher.processRequest(OzoneProtocolMessageDispatcher.java:87) [hdds-server-framework-1.3.0-SNAPSHOT.jar:?]
	at org.apache.hadoop.ozone.protocolPB.OzoneManagerProtocolServerSideTranslatorPB.submitRequest(OzoneManagerProtocolServerSideTranslatorPB.java:146) [ozone-manager-1.3.0-SNAPSHOT.jar:?]
	at org.apache.hadoop.ozone.protocol.proto.OzoneManagerProtocolProtos$OzoneManagerService$2.callBlockingMethod(OzoneManagerProtocolProtos.java) [ozone-interface-client-1.3.0-SNAPSHOT.jar:?]
	at org.apache.hadoop.ipc.ProtobufRpcEngine$Server.processCall(ProtobufRpcEngine.java:466) [hadoop-common-3.3.1.jar:?]
	at org.apache.hadoop.ipc.ProtobufRpcEngine2$Server$ProtoBufRpcInvoker.call(ProtobufRpcEngine2.java:574) [hadoop-common-3.3.1.jar:?]
	at org.apache.hadoop.ipc.ProtobufRpcEngine2$Server$ProtoBufRpcInvoker.call(ProtobufRpcEngine2.java:552) [hadoop-common-3.3.1.jar:?]
	at org.apache.hadoop.ipc.RPC$Server.call(RPC.java:1093) [hadoop-common-3.3.1.jar:?]
	at org.apache.hadoop.ipc.Server$RpcCall.run(Server.java:1035) [hadoop-common-3.3.1.jar:?]
	at org.apache.hadoop.ipc.Server$RpcCall.run(Server.java:963) [hadoop-common-3.3.1.jar:?]
	at java.security.AccessController.doPrivileged(Native Method) ~[?:1.8.0_322]
	at javax.security.auth.Subject.doAs(Subject.java:422) [?:1.8.0_322]
	at org.apache.hadoop.security.UserGroupInformation.doAs(UserGroupInformation.java:1878) [hadoop-common-3.3.1.jar:?]
	at org.apache.hadoop.ipc.Server$Handler.run(Server.java:2966) [hadoop-common-3.3.1.jar:?]
01:51:55.399 [IPC Server handler 11 on default port 44011] ERROR OMAudit - user=runner | ip=127.0.0.1 | op=GET_FILE_STATUS {volume=volume70938, bucket=bucket97532, key=testBatchDelete/parent/childFolder/child5, dataSize=0, replicationConfig=null} | ret=FAILURE
org.apache.hadoop.ozone.om.exceptions.OMException: Unable to get file status: volume: volume70938 bucket: bucket97532 key: testBatchDelete/parent/childFolder/child5
	at org.apache.hadoop.ozone.om.KeyManagerImpl.getOzoneFileStatus(KeyManagerImpl.java:1280) ~[ozone-manager-1.3.0-SNAPSHOT.jar:?]
	at org.apache.hadoop.ozone.om.KeyManagerImpl.getFileStatus(KeyManagerImpl.java:1210) ~[ozone-manager-1.3.0-SNAPSHOT.jar:?]
	at org.apache.hadoop.ozone.om.OzoneManager.getFileStatus(OzoneManager.java:3009) ~[ozone-manager-1.3.0-SNAPSHOT.jar:?]
	at org.apache.hadoop.ozone.protocolPB.OzoneManagerRequestHandler.getOzoneFileStatus(OzoneManagerRequestHandler.java:670) ~[ozone-manager-1.3.0-SNAPSHOT.jar:?]
	at org.apache.hadoop.ozone.protocolPB.OzoneManagerRequestHandler.handleReadRequest(OzoneManagerRequestHandler.java:201) ~[ozone-manager-1.3.0-SNAPSHOT.jar:?]
	at org.apache.hadoop.ozone.protocolPB.OzoneManagerProtocolServerSideTranslatorPB.submitReadRequestToOM(OzoneManagerProtocolServerSideTranslatorPB.java:213) ~[ozone-manager-1.3.0-SNAPSHOT.jar:?]
	at org.apache.hadoop.ozone.protocolPB.OzoneManagerProtocolServerSideTranslatorPB.processRequest(OzoneManagerProtocolServerSideTranslatorPB.java:174) ~[ozone-manager-1.3.0-SNAPSHOT.jar:?]
	at org.apache.hadoop.hdds.server.OzoneProtocolMessageDispatcher.processRequest(OzoneProtocolMessageDispatcher.java:87) [hdds-server-framework-1.3.0-SNAPSHOT.jar:?]
	at org.apache.hadoop.ozone.protocolPB.OzoneManagerProtocolServerSideTranslatorPB.submitRequest(OzoneManagerProtocolServerSideTranslatorPB.java:146) [ozone-manager-1.3.0-SNAPSHOT.jar:?]
	at org.apache.hadoop.ozone.protocol.proto.OzoneManagerProtocolProtos$OzoneManagerService$2.callBlockingMethod(OzoneManagerProtocolProtos.java) [ozone-interface-client-1.3.0-SNAPSHOT.jar:?]
	at org.apache.hadoop.ipc.ProtobufRpcEngine$Server.processCall(ProtobufRpcEngine.java:466) [hadoop-common-3.3.1.jar:?]
	at org.apache.hadoop.ipc.ProtobufRpcEngine2$Server$ProtoBufRpcInvoker.call(ProtobufRpcEngine2.java:574) [hadoop-common-3.3.1.jar:?]
	at org.apache.hadoop.ipc.ProtobufRpcEngine2$Server$ProtoBufRpcInvoker.call(ProtobufRpcEngine2.java:552) [hadoop-common-3.3.1.jar:?]
	at org.apache.hadoop.ipc.RPC$Server.call(RPC.java:1093) [hadoop-common-3.3.1.jar:?]
	at org.apache.hadoop.ipc.Server$RpcCall.run(Server.java:1035) [hadoop-common-3.3.1.jar:?]
	at org.apache.hadoop.ipc.Server$RpcCall.run(Server.java:963) [hadoop-common-3.3.1.jar:?]
	at java.security.AccessController.doPrivileged(Native Method) ~[?:1.8.0_322]
	at javax.security.auth.Subject.doAs(Subject.java:422) [?:1.8.0_322]
	at org.apache.hadoop.security.UserGroupInformation.doAs(UserGroupInformation.java:1878) [hadoop-common-3.3.1.jar:?]
	at org.apache.hadoop.ipc.Server$Handler.run(Server.java:2966) [hadoop-common-3.3.1.jar:?]
01:51:55.400 [IPC Server handler 14 on default port 44011] ERROR OMAudit - user=runner | ip=127.0.0.1 | op=GET_FILE_STATUS {volume=volume70938, bucket=bucket97532, key=testBatchDelete/parent/child6, dataSize=0, replicationConfig=null} | ret=FAILURE
org.apache.hadoop.ozone.om.exceptions.OMException: Unable to get file status: volume: volume70938 bucket: bucket97532 key: testBatchDelete/parent/child6
	at org.apache.hadoop.ozone.om.KeyManagerImpl.getOzoneFileStatus(KeyManagerImpl.java:1280) ~[ozone-manager-1.3.0-SNAPSHOT.jar:?]
	at org.apache.hadoop.ozone.om.KeyManagerImpl.getFileStatus(KeyManagerImpl.java:1210) ~[ozone-manager-1.3.0-SNAPSHOT.jar:?]
	at org.apache.hadoop.ozone.om.OzoneManager.getFileStatus(OzoneManager.java:3009) ~[ozone-manager-1.3.0-SNAPSHOT.jar:?]
	at org.apache.hadoop.ozone.protocolPB.OzoneManagerRequestHandler.getOzoneFileStatus(OzoneManagerRequestHandler.java:670) ~[ozone-manager-1.3.0-SNAPSHOT.jar:?]
	at org.apache.hadoop.ozone.protocolPB.OzoneManagerRequestHandler.handleReadRequest(OzoneManagerRequestHandler.java:201) ~[ozone-manager-1.3.0-SNAPSHOT.jar:?]
	at org.apache.hadoop.ozone.protocolPB.OzoneManagerProtocolServerSideTranslatorPB.submitReadRequestToOM(OzoneManagerProtocolServerSideTranslatorPB.java:213) ~[ozone-manager-1.3.0-SNAPSHOT.jar:?]
	at org.apache.hadoop.ozone.protocolPB.OzoneManagerProtocolServerSideTranslatorPB.processRequest(OzoneManagerProtocolServerSideTranslatorPB.java:174) ~[ozone-manager-1.3.0-SNAPSHOT.jar:?]
	at org.apache.hadoop.hdds.server.OzoneProtocolMessageDispatcher.processRequest(OzoneProtocolMessageDispatcher.java:87) [hdds-server-framework-1.3.0-SNAPSHOT.jar:?]
	at org.apache.hadoop.ozone.protocolPB.OzoneManagerProtocolServerSideTranslatorPB.submitRequest(OzoneManagerProtocolServerSideTranslatorPB.java:146) [ozone-manager-1.3.0-SNAPSHOT.jar:?]
	at org.apache.hadoop.ozone.protocol.proto.OzoneManagerProtocolProtos$OzoneManagerService$2.callBlockingMethod(OzoneManagerProtocolProtos.java) [ozone-interface-client-1.3.0-SNAPSHOT.jar:?]
	at org.apache.hadoop.ipc.ProtobufRpcEngine$Server.processCall(ProtobufRpcEngine.java:466) [hadoop-common-3.3.1.jar:?]
	at org.apache.hadoop.ipc.ProtobufRpcEngine2$Server$ProtoBufRpcInvoker.call(ProtobufRpcEngine2.java:574) [hadoop-common-3.3.1.jar:?]
	at org.apache.hadoop.ipc.ProtobufRpcEngine2$Server$ProtoBufRpcInvoker.call(ProtobufRpcEngine2.java:552) [hadoop-common-3.3.1.jar:?]
	at org.apache.hadoop.ipc.RPC$Server.call(RPC.java:1093) [hadoop-common-3.3.1.jar:?]
	at org.apache.hadoop.ipc.Server$RpcCall.run(Server.java:1035) [hadoop-common-3.3.1.jar:?]
	at org.apache.hadoop.ipc.Server$RpcCall.run(Server.java:963) [hadoop-common-3.3.1.jar:?]
	at java.security.AccessController.doPrivileged(Native Method) ~[?:1.8.0_322]
	at javax.security.auth.Subject.doAs(Subject.java:422) [?:1.8.0_322]
	at org.apache.hadoop.security.UserGroupInformation.doAs(UserGroupInformation.java:1878) [hadoop-common-3.3.1.jar:?]
	at org.apache.hadoop.ipc.Server$Handler.run(Server.java:2966) [hadoop-common-3.3.1.jar:?]
01:51:55.401 [IPC Server handler 16 on default port 44011] ERROR OMAudit - user=runner | ip=127.0.0.1 | op=GET_FILE_STATUS {volume=volume70938, bucket=bucket97532, key=testBatchDelete/parent/childFolder/child6, dataSize=0, replicationConfig=null} | ret=FAILURE
org.apache.hadoop.ozone.om.exceptions.OMException: Unable to get file status: volume: volume70938 bucket: bucket97532 key: testBatchDelete/parent/childFolder/child6
	at org.apache.hadoop.ozone.om.KeyManagerImpl.getOzoneFileStatus(KeyManagerImpl.java:1280) ~[ozone-manager-1.3.0-SNAPSHOT.jar:?]
	at org.apache.hadoop.ozone.om.KeyManagerImpl.getFileStatus(KeyManagerImpl.java:1210) ~[ozone-manager-1.3.0-SNAPSHOT.jar:?]
	at org.apache.hadoop.ozone.om.OzoneManager.getFileStatus(OzoneManager.java:3009) ~[ozone-manager-1.3.0-SNAPSHOT.jar:?]
	at org.apache.hadoop.ozone.protocolPB.OzoneManagerRequestHandler.getOzoneFileStatus(OzoneManagerRequestHandler.java:670) ~[ozone-manager-1.3.0-SNAPSHOT.jar:?]
	at org.apache.hadoop.ozone.protocolPB.OzoneManagerRequestHandler.handleReadRequest(OzoneManagerRequestHandler.java:201) ~[ozone-manager-1.3.0-SNAPSHOT.jar:?]
	at org.apache.hadoop.ozone.protocolPB.OzoneManagerProtocolServerSideTranslatorPB.submitReadRequestToOM(OzoneManagerProtocolServerSideTranslatorPB.java:213) ~[ozone-manager-1.3.0-SNAPSHOT.jar:?]
	at org.apache.hadoop.ozone.protocolPB.OzoneManagerProtocolServerSideTranslatorPB.processRequest(OzoneManagerProtocolServerSideTranslatorPB.java:174) ~[ozone-manager-1.3.0-SNAPSHOT.jar:?]
	at org.apache.hadoop.hdds.server.OzoneProtocolMessageDispatcher.processRequest(OzoneProtocolMessageDispatcher.java:87) [hdds-server-framework-1.3.0-SNAPSHOT.jar:?]
	at org.apache.hadoop.ozone.protocolPB.OzoneManagerProtocolServerSideTranslatorPB.submitRequest(OzoneManagerProtocolServerSideTranslatorPB.java:146) [ozone-manager-1.3.0-SNAPSHOT.jar:?]
	at org.apache.hadoop.ozone.protocol.proto.OzoneManagerProtocolProtos$OzoneManagerService$2.callBlockingMethod(OzoneManagerProtocolProtos.java) [ozone-interface-client-1.3.0-SNAPSHOT.jar:?]
	at org.apache.hadoop.ipc.ProtobufRpcEngine$Server.processCall(ProtobufRpcEngine.java:466) [hadoop-common-3.3.1.jar:?]
	at org.apache.hadoop.ipc.ProtobufRpcEngine2$Server$ProtoBufRpcInvoker.call(ProtobufRpcEngine2.java:574) [hadoop-common-3.3.1.jar:?]
	at org.apache.hadoop.ipc.ProtobufRpcEngine2$Server$ProtoBufRpcInvoker.call(ProtobufRpcEngine2.java:552) [hadoop-common-3.3.1.jar:?]
	at org.apache.hadoop.ipc.RPC$Server.call(RPC.java:1093) [hadoop-common-3.3.1.jar:?]
	at org.apache.hadoop.ipc.Server$RpcCall.run(Server.java:1035) [hadoop-common-3.3.1.jar:?]
	at org.apache.hadoop.ipc.Server$RpcCall.run(Server.java:963) [hadoop-common-3.3.1.jar:?]
	at java.security.AccessController.doPrivileged(Native Method) ~[?:1.8.0_322]
	at javax.security.auth.Subject.doAs(Subject.java:422) [?:1.8.0_322]
	at org.apache.hadoop.security.UserGroupInformation.doAs(UserGroupInformation.java:1878) [hadoop-common-3.3.1.jar:?]
	at org.apache.hadoop.ipc.Server$Handler.run(Server.java:2966) [hadoop-common-3.3.1.jar:?]
01:51:55.402 [IPC Server handler 15 on default port 44011] ERROR OMAudit - user=runner | ip=127.0.0.1 | op=GET_FILE_STATUS {volume=volume70938, bucket=bucket97532, key=testBatchDelete/parent/child7, dataSize=0, replicationConfig=null} | ret=FAILURE
org.apache.hadoop.ozone.om.exceptions.OMException: Unable to get file status: volume: volume70938 bucket: bucket97532 key: testBatchDelete/parent/child7
	at org.apache.hadoop.ozone.om.KeyManagerImpl.getOzoneFileStatus(KeyManagerImpl.java:1280) ~[ozone-manager-1.3.0-SNAPSHOT.jar:?]
	at org.apache.hadoop.ozone.om.KeyManagerImpl.getFileStatus(KeyManagerImpl.java:1210) ~[ozone-manager-1.3.0-SNAPSHOT.jar:?]
	at org.apache.hadoop.ozone.om.OzoneManager.getFileStatus(OzoneManager.java:3009) ~[ozone-manager-1.3.0-SNAPSHOT.jar:?]
	at org.apache.hadoop.ozone.protocolPB.OzoneManagerRequestHandler.getOzoneFileStatus(OzoneManagerRequestHandler.java:670) ~[ozone-manager-1.3.0-SNAPSHOT.jar:?]
	at org.apache.hadoop.ozone.protocolPB.OzoneManagerRequestHandler.handleReadRequest(OzoneManagerRequestHandler.java:201) ~[ozone-manager-1.3.0-SNAPSHOT.jar:?]
	at org.apache.hadoop.ozone.protocolPB.OzoneManagerProtocolServerSideTranslatorPB.submitReadRequestToOM(OzoneManagerProtocolServerSideTranslatorPB.java:213) ~[ozone-manager-1.3.0-SNAPSHOT.jar:?]
	at org.apache.hadoop.ozone.protocolPB.OzoneManagerProtocolServerSideTranslatorPB.processRequest(OzoneManagerProtocolServerSideTranslatorPB.java:174) ~[ozone-manager-1.3.0-SNAPSHOT.jar:?]
	at org.apache.hadoop.hdds.server.OzoneProtocolMessageDispatcher.processRequest(OzoneProtocolMessageDispatcher.java:87) [hdds-server-framework-1.3.0-SNAPSHOT.jar:?]
	at org.apache.hadoop.ozone.protocolPB.OzoneManagerProtocolServerSideTranslatorPB.submitRequest(OzoneManagerProtocolServerSideTranslatorPB.java:146) [ozone-manager-1.3.0-SNAPSHOT.jar:?]
	at org.apache.hadoop.ozone.protocol.proto.OzoneManagerProtocolProtos$OzoneManagerService$2.callBlockingMethod(OzoneManagerProtocolProtos.java) [ozone-interface-client-1.3.0-SNAPSHOT.jar:?]
	at org.apache.hadoop.ipc.ProtobufRpcEngine$Server.processCall(ProtobufRpcEngine.java:466) [hadoop-common-3.3.1.jar:?]
	at org.apache.hadoop.ipc.ProtobufRpcEngine2$Server$ProtoBufRpcInvoker.call(ProtobufRpcEngine2.java:574) [hadoop-common-3.3.1.jar:?]
	at org.apache.hadoop.ipc.ProtobufRpcEngine2$Server$ProtoBufRpcInvoker.call(ProtobufRpcEngine2.java:552) [hadoop-common-3.3.1.jar:?]
	at org.apache.hadoop.ipc.RPC$Server.call(RPC.java:1093) [hadoop-common-3.3.1.jar:?]
	at org.apache.hadoop.ipc.Server$RpcCall.run(Server.java:1035) [hadoop-common-3.3.1.jar:?]
	at org.apache.hadoop.ipc.Server$RpcCall.run(Server.java:963) [hadoop-common-3.3.1.jar:?]
	at java.security.AccessController.doPrivileged(Native Method) ~[?:1.8.0_322]
	at javax.security.auth.Subject.doAs(Subject.java:422) [?:1.8.0_322]
	at org.apache.hadoop.security.UserGroupInformation.doAs(UserGroupInformation.java:1878) [hadoop-common-3.3.1.jar:?]
	at org.apache.hadoop.ipc.Server$Handler.run(Server.java:2966) [hadoop-common-3.3.1.jar:?]
01:51:55.404 [IPC Server handler 17 on default port 44011] ERROR OMAudit - user=runner | ip=127.0.0.1 | op=GET_FILE_STATUS {volume=volume70938, bucket=bucket97532, key=testBatchDelete/parent/childFolder/child7, dataSize=0, replicationConfig=null} | ret=FAILURE
org.apache.hadoop.ozone.om.exceptions.OMException: Unable to get file status: volume: volume70938 bucket: bucket97532 key: testBatchDelete/parent/childFolder/child7
	at org.apache.hadoop.ozone.om.KeyManagerImpl.getOzoneFileStatus(KeyManagerImpl.java:1280) ~[ozone-manager-1.3.0-SNAPSHOT.jar:?]
	at org.apache.hadoop.ozone.om.KeyManagerImpl.getFileStatus(KeyManagerImpl.java:1210) ~[ozone-manager-1.3.0-SNAPSHOT.jar:?]
	at org.apache.hadoop.ozone.om.OzoneManager.getFileStatus(OzoneManager.java:3009) ~[ozone-manager-1.3.0-SNAPSHOT.jar:?]
	at org.apache.hadoop.ozone.protocolPB.OzoneManagerRequestHandler.getOzoneFileStatus(OzoneManagerRequestHandler.java:670) ~[ozone-manager-1.3.0-SNAPSHOT.jar:?]
	at org.apache.hadoop.ozone.protocolPB.OzoneManagerRequestHandler.handleReadRequest(OzoneManagerRequestHandler.java:201) ~[ozone-manager-1.3.0-SNAPSHOT.jar:?]
	at org.apache.hadoop.ozone.protocolPB.OzoneManagerProtocolServerSideTranslatorPB.submitReadRequestToOM(OzoneManagerProtocolServerSideTranslatorPB.java:213) ~[ozone-manager-1.3.0-SNAPSHOT.jar:?]
	at org.apache.hadoop.ozone.protocolPB.OzoneManagerProtocolServerSideTranslatorPB.processRequest(OzoneManagerProtocolServerSideTranslatorPB.java:174) ~[ozone-manager-1.3.0-SNAPSHOT.jar:?]
	at org.apache.hadoop.hdds.server.OzoneProtocolMessageDispatcher.processRequest(OzoneProtocolMessageDispatcher.java:87) [hdds-server-framework-1.3.0-SNAPSHOT.jar:?]
	at org.apache.hadoop.ozone.protocolPB.OzoneManagerProtocolServerSideTranslatorPB.submitRequest(OzoneManagerProtocolServerSideTranslatorPB.java:146) [ozone-manager-1.3.0-SNAPSHOT.jar:?]
	at org.apache.hadoop.ozone.protocol.proto.OzoneManagerProtocolProtos$OzoneManagerService$2.callBlockingMethod(OzoneManagerProtocolProtos.java) [ozone-interface-client-1.3.0-SNAPSHOT.jar:?]
	at org.apache.hadoop.ipc.ProtobufRpcEngine$Server.processCall(ProtobufRpcEngine.java:466) [hadoop-common-3.3.1.jar:?]
	at org.apache.hadoop.ipc.ProtobufRpcEngine2$Server$ProtoBufRpcInvoker.call(ProtobufRpcEngine2.java:574) [hadoop-common-3.3.1.jar:?]
	at org.apache.hadoop.ipc.ProtobufRpcEngine2$Server$ProtoBufRpcInvoker.call(ProtobufRpcEngine2.java:552) [hadoop-common-3.3.1.jar:?]
	at org.apache.hadoop.ipc.RPC$Server.call(RPC.java:1093) [hadoop-common-3.3.1.jar:?]
	at org.apache.hadoop.ipc.Server$RpcCall.run(Server.java:1035) [hadoop-common-3.3.1.jar:?]
	at org.apache.hadoop.ipc.Server$RpcCall.run(Server.java:963) [hadoop-common-3.3.1.jar:?]
	at java.security.AccessController.doPrivileged(Native Method) ~[?:1.8.0_322]
	at javax.security.auth.Subject.doAs(Subject.java:422) [?:1.8.0_322]
	at org.apache.hadoop.security.UserGroupInformation.doAs(UserGroupInformation.java:1878) [hadoop-common-3.3.1.jar:?]
	at org.apache.hadoop.ipc.Server$Handler.run(Server.java:2966) [hadoop-common-3.3.1.jar:?]
01:51:55.405 [IPC Server handler 18 on default port 44011] ERROR OMAudit - user=runner | ip=127.0.0.1 | op=GET_FILE_STATUS {volume=volume70938, bucket=bucket97532, key=testBatchDelete/parent, dataSize=0, replicationConfig=null} | ret=FAILURE
org.apache.hadoop.ozone.om.exceptions.OMException: Unable to get file status: volume: volume70938 bucket: bucket97532 key: testBatchDelete/parent
	at org.apache.hadoop.ozone.om.KeyManagerImpl.getOzoneFileStatus(KeyManagerImpl.java:1280) ~[ozone-manager-1.3.0-SNAPSHOT.jar:?]
	at org.apache.hadoop.ozone.om.KeyManagerImpl.getFileStatus(KeyManagerImpl.java:1210) ~[ozone-manager-1.3.0-SNAPSHOT.jar:?]
	at org.apache.hadoop.ozone.om.OzoneManager.getFileStatus(OzoneManager.java:3009) ~[ozone-manager-1.3.0-SNAPSHOT.jar:?]
	at org.apache.hadoop.ozone.protocolPB.OzoneManagerRequestHandler.getOzoneFileStatus(OzoneManagerRequestHandler.java:670) ~[ozone-manager-1.3.0-SNAPSHOT.jar:?]
	at org.apache.hadoop.ozone.protocolPB.OzoneManagerRequestHandler.handleReadRequest(OzoneManagerRequestHandler.java:201) ~[ozone-manager-1.3.0-SNAPSHOT.jar:?]
	at org.apache.hadoop.ozone.protocolPB.OzoneManagerProtocolServerSideTranslatorPB.submitReadRequestToOM(OzoneManagerProtocolServerSideTranslatorPB.java:213) ~[ozone-manager-1.3.0-SNAPSHOT.jar:?]
	at org.apache.hadoop.ozone.protocolPB.OzoneManagerProtocolServerSideTranslatorPB.processRequest(OzoneManagerProtocolServerSideTranslatorPB.java:174) ~[ozone-manager-1.3.0-SNAPSHOT.jar:?]
	at org.apache.hadoop.hdds.server.OzoneProtocolMessageDispatcher.processRequest(OzoneProtocolMessageDispatcher.java:87) [hdds-server-framework-1.3.0-SNAPSHOT.jar:?]
	at org.apache.hadoop.ozone.protocolPB.OzoneManagerProtocolServerSideTranslatorPB.submitRequest(OzoneManagerProtocolServerSideTranslatorPB.java:146) [ozone-manager-1.3.0-SNAPSHOT.jar:?]
	at org.apache.hadoop.ozone.protocol.proto.OzoneManagerProtocolProtos$OzoneManagerService$2.callBlockingMethod(OzoneManagerProtocolProtos.java) [ozone-interface-client-1.3.0-SNAPSHOT.jar:?]
	at org.apache.hadoop.ipc.ProtobufRpcEngine$Server.processCall(ProtobufRpcEngine.java:466) [hadoop-common-3.3.1.jar:?]
	at org.apache.hadoop.ipc.ProtobufRpcEngine2$Server$ProtoBufRpcInvoker.call(ProtobufRpcEngine2.java:574) [hadoop-common-3.3.1.jar:?]
	at org.apache.hadoop.ipc.ProtobufRpcEngine2$Server$ProtoBufRpcInvoker.call(ProtobufRpcEngine2.java:552) [hadoop-common-3.3.1.jar:?]
	at org.apache.hadoop.ipc.RPC$Server.call(RPC.java:1093) [hadoop-common-3.3.1.jar:?]
	at org.apache.hadoop.ipc.Server$RpcCall.run(Server.java:1035) [hadoop-common-3.3.1.jar:?]
	at org.apache.hadoop.ipc.Server$RpcCall.run(Server.java:963) [hadoop-common-3.3.1.jar:?]
	at java.security.AccessController.doPrivileged(Native Method) ~[?:1.8.0_322]
	at javax.security.auth.Subject.doAs(Subject.java:422) [?:1.8.0_322]
	at org.apache.hadoop.security.UserGroupInformation.doAs(UserGroupInformation.java:1878) [hadoop-common-3.3.1.jar:?]
	at org.apache.hadoop.ipc.Server$Handler.run(Server.java:2966) [hadoop-common-3.3.1.jar:?]
2022-04-26 01:51:55,406 [Time-limited test] WARN  ozone.BasicOzoneFileSystem (BasicOzoneFileSystem.java:delete(530)) - delete: Path does not exist: /testBatchDelete/parent
]]></system-out>
  </testcase>
  <testcase name="testFileDelete" classname="TestOzoneFileSystem" time="0.114">
    <system-out><![CDATA[01:52:54.363 [IPC Server handler 18 on default port 46323] ERROR OMAudit - user=runner | ip=127.0.0.1 | op=GET_FILE_STATUS {volume=volume68825, bucket=bucket30700, key=testBatchDelete, dataSize=0, replicationConfig=null} | ret=FAILURE
org.apache.hadoop.ozone.om.exceptions.OMException: Unable to get file status: volume: volume68825 bucket: bucket30700 key: testBatchDelete
	at org.apache.hadoop.ozone.om.KeyManagerImpl.getOzoneFileStatus(KeyManagerImpl.java:1280) ~[ozone-manager-1.3.0-SNAPSHOT.jar:?]
	at org.apache.hadoop.ozone.om.KeyManagerImpl.getFileStatus(KeyManagerImpl.java:1210) ~[ozone-manager-1.3.0-SNAPSHOT.jar:?]
	at org.apache.hadoop.ozone.om.OzoneManager.getFileStatus(OzoneManager.java:3009) ~[ozone-manager-1.3.0-SNAPSHOT.jar:?]
	at org.apache.hadoop.ozone.protocolPB.OzoneManagerRequestHandler.getOzoneFileStatus(OzoneManagerRequestHandler.java:670) ~[ozone-manager-1.3.0-SNAPSHOT.jar:?]
	at org.apache.hadoop.ozone.protocolPB.OzoneManagerRequestHandler.handleReadRequest(OzoneManagerRequestHandler.java:201) ~[ozone-manager-1.3.0-SNAPSHOT.jar:?]
	at org.apache.hadoop.ozone.protocolPB.OzoneManagerProtocolServerSideTranslatorPB.submitRequestDirectlyToOM(OzoneManagerProtocolServerSideTranslatorPB.java:271) ~[ozone-manager-1.3.0-SNAPSHOT.jar:?]
	at org.apache.hadoop.ozone.protocolPB.OzoneManagerProtocolServerSideTranslatorPB.processRequest(OzoneManagerProtocolServerSideTranslatorPB.java:195) ~[ozone-manager-1.3.0-SNAPSHOT.jar:?]
	at org.apache.hadoop.hdds.server.OzoneProtocolMessageDispatcher.processRequest(OzoneProtocolMessageDispatcher.java:87) [hdds-server-framework-1.3.0-SNAPSHOT.jar:?]
	at org.apache.hadoop.ozone.protocolPB.OzoneManagerProtocolServerSideTranslatorPB.submitRequest(OzoneManagerProtocolServerSideTranslatorPB.java:146) [ozone-manager-1.3.0-SNAPSHOT.jar:?]
	at org.apache.hadoop.ozone.protocol.proto.OzoneManagerProtocolProtos$OzoneManagerService$2.callBlockingMethod(OzoneManagerProtocolProtos.java) [ozone-interface-client-1.3.0-SNAPSHOT.jar:?]
	at org.apache.hadoop.ipc.ProtobufRpcEngine$Server.processCall(ProtobufRpcEngine.java:466) [hadoop-common-3.3.1.jar:?]
	at org.apache.hadoop.ipc.ProtobufRpcEngine2$Server$ProtoBufRpcInvoker.call(ProtobufRpcEngine2.java:574) [hadoop-common-3.3.1.jar:?]
	at org.apache.hadoop.ipc.ProtobufRpcEngine2$Server$ProtoBufRpcInvoker.call(ProtobufRpcEngine2.java:552) [hadoop-common-3.3.1.jar:?]
	at org.apache.hadoop.ipc.RPC$Server.call(RPC.java:1093) [hadoop-common-3.3.1.jar:?]
	at org.apache.hadoop.ipc.Server$RpcCall.run(Server.java:1035) [hadoop-common-3.3.1.jar:?]
	at org.apache.hadoop.ipc.Server$RpcCall.run(Server.java:963) [hadoop-common-3.3.1.jar:?]
	at java.security.AccessController.doPrivileged(Native Method) ~[?:1.8.0_322]
	at javax.security.auth.Subject.doAs(Subject.java:422) [?:1.8.0_322]
	at org.apache.hadoop.security.UserGroupInformation.doAs(UserGroupInformation.java:1878) [hadoop-common-3.3.1.jar:?]
	at org.apache.hadoop.ipc.Server$Handler.run(Server.java:2966) [hadoop-common-3.3.1.jar:?]
01:52:54.364 [IPC Server handler 17 on default port 46323] ERROR OMAudit - user=runner | ip=127.0.0.1 | op=GET_FILE_STATUS {volume=volume68825, bucket=bucket30700, key=testBatchDelete/parent/child0, dataSize=0, replicationConfig=null} | ret=FAILURE
org.apache.hadoop.ozone.om.exceptions.OMException: Unable to get file status: volume: volume68825 bucket: bucket30700 key: testBatchDelete/parent/child0
	at org.apache.hadoop.ozone.om.KeyManagerImpl.getOzoneFileStatus(KeyManagerImpl.java:1280) ~[ozone-manager-1.3.0-SNAPSHOT.jar:?]
	at org.apache.hadoop.ozone.om.KeyManagerImpl.getFileStatus(KeyManagerImpl.java:1210) ~[ozone-manager-1.3.0-SNAPSHOT.jar:?]
	at org.apache.hadoop.ozone.om.OzoneManager.getFileStatus(OzoneManager.java:3009) ~[ozone-manager-1.3.0-SNAPSHOT.jar:?]
	at org.apache.hadoop.ozone.protocolPB.OzoneManagerRequestHandler.getOzoneFileStatus(OzoneManagerRequestHandler.java:670) ~[ozone-manager-1.3.0-SNAPSHOT.jar:?]
	at org.apache.hadoop.ozone.protocolPB.OzoneManagerRequestHandler.handleReadRequest(OzoneManagerRequestHandler.java:201) ~[ozone-manager-1.3.0-SNAPSHOT.jar:?]
	at org.apache.hadoop.ozone.protocolPB.OzoneManagerProtocolServerSideTranslatorPB.submitRequestDirectlyToOM(OzoneManagerProtocolServerSideTranslatorPB.java:271) ~[ozone-manager-1.3.0-SNAPSHOT.jar:?]
	at org.apache.hadoop.ozone.protocolPB.OzoneManagerProtocolServerSideTranslatorPB.processRequest(OzoneManagerProtocolServerSideTranslatorPB.java:195) ~[ozone-manager-1.3.0-SNAPSHOT.jar:?]
	at org.apache.hadoop.hdds.server.OzoneProtocolMessageDispatcher.processRequest(OzoneProtocolMessageDispatcher.java:87) [hdds-server-framework-1.3.0-SNAPSHOT.jar:?]
	at org.apache.hadoop.ozone.protocolPB.OzoneManagerProtocolServerSideTranslatorPB.submitRequest(OzoneManagerProtocolServerSideTranslatorPB.java:146) [ozone-manager-1.3.0-SNAPSHOT.jar:?]
	at org.apache.hadoop.ozone.protocol.proto.OzoneManagerProtocolProtos$OzoneManagerService$2.callBlockingMethod(OzoneManagerProtocolProtos.java) [ozone-interface-client-1.3.0-SNAPSHOT.jar:?]
	at org.apache.hadoop.ipc.ProtobufRpcEngine$Server.processCall(ProtobufRpcEngine.java:466) [hadoop-common-3.3.1.jar:?]
	at org.apache.hadoop.ipc.ProtobufRpcEngine2$Server$ProtoBufRpcInvoker.call(ProtobufRpcEngine2.java:574) [hadoop-common-3.3.1.jar:?]
	at org.apache.hadoop.ipc.ProtobufRpcEngine2$Server$ProtoBufRpcInvoker.call(ProtobufRpcEngine2.java:552) [hadoop-common-3.3.1.jar:?]
	at org.apache.hadoop.ipc.RPC$Server.call(RPC.java:1093) [hadoop-common-3.3.1.jar:?]
	at org.apache.hadoop.ipc.Server$RpcCall.run(Server.java:1035) [hadoop-common-3.3.1.jar:?]
	at org.apache.hadoop.ipc.Server$RpcCall.run(Server.java:963) [hadoop-common-3.3.1.jar:?]
	at java.security.AccessController.doPrivileged(Native Method) ~[?:1.8.0_322]
	at javax.security.auth.Subject.doAs(Subject.java:422) [?:1.8.0_322]
	at org.apache.hadoop.security.UserGroupInformation.doAs(UserGroupInformation.java:1878) [hadoop-common-3.3.1.jar:?]
	at org.apache.hadoop.ipc.Server$Handler.run(Server.java:2966) [hadoop-common-3.3.1.jar:?]
01:52:54.365 [IPC Server handler 16 on default port 46323] ERROR OMAudit - user=runner | ip=127.0.0.1 | op=GET_FILE_STATUS {volume=volume68825, bucket=bucket30700, key=testBatchDelete/parent/childFolder/child0, dataSize=0, replicationConfig=null} | ret=FAILURE
org.apache.hadoop.ozone.om.exceptions.OMException: Unable to get file status: volume: volume68825 bucket: bucket30700 key: testBatchDelete/parent/childFolder/child0
	at org.apache.hadoop.ozone.om.KeyManagerImpl.getOzoneFileStatus(KeyManagerImpl.java:1280) ~[ozone-manager-1.3.0-SNAPSHOT.jar:?]
	at org.apache.hadoop.ozone.om.KeyManagerImpl.getFileStatus(KeyManagerImpl.java:1210) ~[ozone-manager-1.3.0-SNAPSHOT.jar:?]
	at org.apache.hadoop.ozone.om.OzoneManager.getFileStatus(OzoneManager.java:3009) ~[ozone-manager-1.3.0-SNAPSHOT.jar:?]
	at org.apache.hadoop.ozone.protocolPB.OzoneManagerRequestHandler.getOzoneFileStatus(OzoneManagerRequestHandler.java:670) ~[ozone-manager-1.3.0-SNAPSHOT.jar:?]
	at org.apache.hadoop.ozone.protocolPB.OzoneManagerRequestHandler.handleReadRequest(OzoneManagerRequestHandler.java:201) ~[ozone-manager-1.3.0-SNAPSHOT.jar:?]
	at org.apache.hadoop.ozone.protocolPB.OzoneManagerProtocolServerSideTranslatorPB.submitRequestDirectlyToOM(OzoneManagerProtocolServerSideTranslatorPB.java:271) ~[ozone-manager-1.3.0-SNAPSHOT.jar:?]
	at org.apache.hadoop.ozone.protocolPB.OzoneManagerProtocolServerSideTranslatorPB.processRequest(OzoneManagerProtocolServerSideTranslatorPB.java:195) ~[ozone-manager-1.3.0-SNAPSHOT.jar:?]
	at org.apache.hadoop.hdds.server.OzoneProtocolMessageDispatcher.processRequest(OzoneProtocolMessageDispatcher.java:87) [hdds-server-framework-1.3.0-SNAPSHOT.jar:?]
	at org.apache.hadoop.ozone.protocolPB.OzoneManagerProtocolServerSideTranslatorPB.submitRequest(OzoneManagerProtocolServerSideTranslatorPB.java:146) [ozone-manager-1.3.0-SNAPSHOT.jar:?]
	at org.apache.hadoop.ozone.protocol.proto.OzoneManagerProtocolProtos$OzoneManagerService$2.callBlockingMethod(OzoneManagerProtocolProtos.java) [ozone-interface-client-1.3.0-SNAPSHOT.jar:?]
	at org.apache.hadoop.ipc.ProtobufRpcEngine$Server.processCall(ProtobufRpcEngine.java:466) [hadoop-common-3.3.1.jar:?]
	at org.apache.hadoop.ipc.ProtobufRpcEngine2$Server$ProtoBufRpcInvoker.call(ProtobufRpcEngine2.java:574) [hadoop-common-3.3.1.jar:?]
	at org.apache.hadoop.ipc.ProtobufRpcEngine2$Server$ProtoBufRpcInvoker.call(ProtobufRpcEngine2.java:552) [hadoop-common-3.3.1.jar:?]
	at org.apache.hadoop.ipc.RPC$Server.call(RPC.java:1093) [hadoop-common-3.3.1.jar:?]
	at org.apache.hadoop.ipc.Server$RpcCall.run(Server.java:1035) [hadoop-common-3.3.1.jar:?]
	at org.apache.hadoop.ipc.Server$RpcCall.run(Server.java:963) [hadoop-common-3.3.1.jar:?]
	at java.security.AccessController.doPrivileged(Native Method) ~[?:1.8.0_322]
	at javax.security.auth.Subject.doAs(Subject.java:422) [?:1.8.0_322]
	at org.apache.hadoop.security.UserGroupInformation.doAs(UserGroupInformation.java:1878) [hadoop-common-3.3.1.jar:?]
	at org.apache.hadoop.ipc.Server$Handler.run(Server.java:2966) [hadoop-common-3.3.1.jar:?]
01:52:54.366 [IPC Server handler 14 on default port 46323] ERROR OMAudit - user=runner | ip=127.0.0.1 | op=GET_FILE_STATUS {volume=volume68825, bucket=bucket30700, key=testBatchDelete/parent/child1, dataSize=0, replicationConfig=null} | ret=FAILURE
org.apache.hadoop.ozone.om.exceptions.OMException: Unable to get file status: volume: volume68825 bucket: bucket30700 key: testBatchDelete/parent/child1
	at org.apache.hadoop.ozone.om.KeyManagerImpl.getOzoneFileStatus(KeyManagerImpl.java:1280) ~[ozone-manager-1.3.0-SNAPSHOT.jar:?]
	at org.apache.hadoop.ozone.om.KeyManagerImpl.getFileStatus(KeyManagerImpl.java:1210) ~[ozone-manager-1.3.0-SNAPSHOT.jar:?]
	at org.apache.hadoop.ozone.om.OzoneManager.getFileStatus(OzoneManager.java:3009) ~[ozone-manager-1.3.0-SNAPSHOT.jar:?]
	at org.apache.hadoop.ozone.protocolPB.OzoneManagerRequestHandler.getOzoneFileStatus(OzoneManagerRequestHandler.java:670) ~[ozone-manager-1.3.0-SNAPSHOT.jar:?]
	at org.apache.hadoop.ozone.protocolPB.OzoneManagerRequestHandler.handleReadRequest(OzoneManagerRequestHandler.java:201) ~[ozone-manager-1.3.0-SNAPSHOT.jar:?]
	at org.apache.hadoop.ozone.protocolPB.OzoneManagerProtocolServerSideTranslatorPB.submitRequestDirectlyToOM(OzoneManagerProtocolServerSideTranslatorPB.java:271) ~[ozone-manager-1.3.0-SNAPSHOT.jar:?]
	at org.apache.hadoop.ozone.protocolPB.OzoneManagerProtocolServerSideTranslatorPB.processRequest(OzoneManagerProtocolServerSideTranslatorPB.java:195) ~[ozone-manager-1.3.0-SNAPSHOT.jar:?]
	at org.apache.hadoop.hdds.server.OzoneProtocolMessageDispatcher.processRequest(OzoneProtocolMessageDispatcher.java:87) [hdds-server-framework-1.3.0-SNAPSHOT.jar:?]
	at org.apache.hadoop.ozone.protocolPB.OzoneManagerProtocolServerSideTranslatorPB.submitRequest(OzoneManagerProtocolServerSideTranslatorPB.java:146) [ozone-manager-1.3.0-SNAPSHOT.jar:?]
	at org.apache.hadoop.ozone.protocol.proto.OzoneManagerProtocolProtos$OzoneManagerService$2.callBlockingMethod(OzoneManagerProtocolProtos.java) [ozone-interface-client-1.3.0-SNAPSHOT.jar:?]
	at org.apache.hadoop.ipc.ProtobufRpcEngine$Server.processCall(ProtobufRpcEngine.java:466) [hadoop-common-3.3.1.jar:?]
	at org.apache.hadoop.ipc.ProtobufRpcEngine2$Server$ProtoBufRpcInvoker.call(ProtobufRpcEngine2.java:574) [hadoop-common-3.3.1.jar:?]
	at org.apache.hadoop.ipc.ProtobufRpcEngine2$Server$ProtoBufRpcInvoker.call(ProtobufRpcEngine2.java:552) [hadoop-common-3.3.1.jar:?]
	at org.apache.hadoop.ipc.RPC$Server.call(RPC.java:1093) [hadoop-common-3.3.1.jar:?]
	at org.apache.hadoop.ipc.Server$RpcCall.run(Server.java:1035) [hadoop-common-3.3.1.jar:?]
	at org.apache.hadoop.ipc.Server$RpcCall.run(Server.java:963) [hadoop-common-3.3.1.jar:?]
	at java.security.AccessController.doPrivileged(Native Method) ~[?:1.8.0_322]
	at javax.security.auth.Subject.doAs(Subject.java:422) [?:1.8.0_322]
	at org.apache.hadoop.security.UserGroupInformation.doAs(UserGroupInformation.java:1878) [hadoop-common-3.3.1.jar:?]
	at org.apache.hadoop.ipc.Server$Handler.run(Server.java:2966) [hadoop-common-3.3.1.jar:?]
01:52:54.367 [IPC Server handler 13 on default port 46323] ERROR OMAudit - user=runner | ip=127.0.0.1 | op=GET_FILE_STATUS {volume=volume68825, bucket=bucket30700, key=testBatchDelete/parent/childFolder/child1, dataSize=0, replicationConfig=null} | ret=FAILURE
org.apache.hadoop.ozone.om.exceptions.OMException: Unable to get file status: volume: volume68825 bucket: bucket30700 key: testBatchDelete/parent/childFolder/child1
	at org.apache.hadoop.ozone.om.KeyManagerImpl.getOzoneFileStatus(KeyManagerImpl.java:1280) ~[ozone-manager-1.3.0-SNAPSHOT.jar:?]
	at org.apache.hadoop.ozone.om.KeyManagerImpl.getFileStatus(KeyManagerImpl.java:1210) ~[ozone-manager-1.3.0-SNAPSHOT.jar:?]
	at org.apache.hadoop.ozone.om.OzoneManager.getFileStatus(OzoneManager.java:3009) ~[ozone-manager-1.3.0-SNAPSHOT.jar:?]
	at org.apache.hadoop.ozone.protocolPB.OzoneManagerRequestHandler.getOzoneFileStatus(OzoneManagerRequestHandler.java:670) ~[ozone-manager-1.3.0-SNAPSHOT.jar:?]
	at org.apache.hadoop.ozone.protocolPB.OzoneManagerRequestHandler.handleReadRequest(OzoneManagerRequestHandler.java:201) ~[ozone-manager-1.3.0-SNAPSHOT.jar:?]
	at org.apache.hadoop.ozone.protocolPB.OzoneManagerProtocolServerSideTranslatorPB.submitRequestDirectlyToOM(OzoneManagerProtocolServerSideTranslatorPB.java:271) ~[ozone-manager-1.3.0-SNAPSHOT.jar:?]
	at org.apache.hadoop.ozone.protocolPB.OzoneManagerProtocolServerSideTranslatorPB.processRequest(OzoneManagerProtocolServerSideTranslatorPB.java:195) ~[ozone-manager-1.3.0-SNAPSHOT.jar:?]
	at org.apache.hadoop.hdds.server.OzoneProtocolMessageDispatcher.processRequest(OzoneProtocolMessageDispatcher.java:87) [hdds-server-framework-1.3.0-SNAPSHOT.jar:?]
	at org.apache.hadoop.ozone.protocolPB.OzoneManagerProtocolServerSideTranslatorPB.submitRequest(OzoneManagerProtocolServerSideTranslatorPB.java:146) [ozone-manager-1.3.0-SNAPSHOT.jar:?]
	at org.apache.hadoop.ozone.protocol.proto.OzoneManagerProtocolProtos$OzoneManagerService$2.callBlockingMethod(OzoneManagerProtocolProtos.java) [ozone-interface-client-1.3.0-SNAPSHOT.jar:?]
	at org.apache.hadoop.ipc.ProtobufRpcEngine$Server.processCall(ProtobufRpcEngine.java:466) [hadoop-common-3.3.1.jar:?]
	at org.apache.hadoop.ipc.ProtobufRpcEngine2$Server$ProtoBufRpcInvoker.call(ProtobufRpcEngine2.java:574) [hadoop-common-3.3.1.jar:?]
	at org.apache.hadoop.ipc.ProtobufRpcEngine2$Server$ProtoBufRpcInvoker.call(ProtobufRpcEngine2.java:552) [hadoop-common-3.3.1.jar:?]
	at org.apache.hadoop.ipc.RPC$Server.call(RPC.java:1093) [hadoop-common-3.3.1.jar:?]
	at org.apache.hadoop.ipc.Server$RpcCall.run(Server.java:1035) [hadoop-common-3.3.1.jar:?]
	at org.apache.hadoop.ipc.Server$RpcCall.run(Server.java:963) [hadoop-common-3.3.1.jar:?]
	at java.security.AccessController.doPrivileged(Native Method) ~[?:1.8.0_322]
	at javax.security.auth.Subject.doAs(Subject.java:422) [?:1.8.0_322]
	at org.apache.hadoop.security.UserGroupInformation.doAs(UserGroupInformation.java:1878) [hadoop-common-3.3.1.jar:?]
	at org.apache.hadoop.ipc.Server$Handler.run(Server.java:2966) [hadoop-common-3.3.1.jar:?]
01:52:54.367 [IPC Server handler 15 on default port 46323] ERROR OMAudit - user=runner | ip=127.0.0.1 | op=GET_FILE_STATUS {volume=volume68825, bucket=bucket30700, key=testBatchDelete/parent/child2, dataSize=0, replicationConfig=null} | ret=FAILURE
org.apache.hadoop.ozone.om.exceptions.OMException: Unable to get file status: volume: volume68825 bucket: bucket30700 key: testBatchDelete/parent/child2
	at org.apache.hadoop.ozone.om.KeyManagerImpl.getOzoneFileStatus(KeyManagerImpl.java:1280) ~[ozone-manager-1.3.0-SNAPSHOT.jar:?]
	at org.apache.hadoop.ozone.om.KeyManagerImpl.getFileStatus(KeyManagerImpl.java:1210) ~[ozone-manager-1.3.0-SNAPSHOT.jar:?]
	at org.apache.hadoop.ozone.om.OzoneManager.getFileStatus(OzoneManager.java:3009) ~[ozone-manager-1.3.0-SNAPSHOT.jar:?]
	at org.apache.hadoop.ozone.protocolPB.OzoneManagerRequestHandler.getOzoneFileStatus(OzoneManagerRequestHandler.java:670) ~[ozone-manager-1.3.0-SNAPSHOT.jar:?]
	at org.apache.hadoop.ozone.protocolPB.OzoneManagerRequestHandler.handleReadRequest(OzoneManagerRequestHandler.java:201) ~[ozone-manager-1.3.0-SNAPSHOT.jar:?]
	at org.apache.hadoop.ozone.protocolPB.OzoneManagerProtocolServerSideTranslatorPB.submitRequestDirectlyToOM(OzoneManagerProtocolServerSideTranslatorPB.java:271) ~[ozone-manager-1.3.0-SNAPSHOT.jar:?]
	at org.apache.hadoop.ozone.protocolPB.OzoneManagerProtocolServerSideTranslatorPB.processRequest(OzoneManagerProtocolServerSideTranslatorPB.java:195) ~[ozone-manager-1.3.0-SNAPSHOT.jar:?]
	at org.apache.hadoop.hdds.server.OzoneProtocolMessageDispatcher.processRequest(OzoneProtocolMessageDispatcher.java:87) [hdds-server-framework-1.3.0-SNAPSHOT.jar:?]
	at org.apache.hadoop.ozone.protocolPB.OzoneManagerProtocolServerSideTranslatorPB.submitRequest(OzoneManagerProtocolServerSideTranslatorPB.java:146) [ozone-manager-1.3.0-SNAPSHOT.jar:?]
	at org.apache.hadoop.ozone.protocol.proto.OzoneManagerProtocolProtos$OzoneManagerService$2.callBlockingMethod(OzoneManagerProtocolProtos.java) [ozone-interface-client-1.3.0-SNAPSHOT.jar:?]
	at org.apache.hadoop.ipc.ProtobufRpcEngine$Server.processCall(ProtobufRpcEngine.java:466) [hadoop-common-3.3.1.jar:?]
	at org.apache.hadoop.ipc.ProtobufRpcEngine2$Server$ProtoBufRpcInvoker.call(ProtobufRpcEngine2.java:574) [hadoop-common-3.3.1.jar:?]
	at org.apache.hadoop.ipc.ProtobufRpcEngine2$Server$ProtoBufRpcInvoker.call(ProtobufRpcEngine2.java:552) [hadoop-common-3.3.1.jar:?]
	at org.apache.hadoop.ipc.RPC$Server.call(RPC.java:1093) [hadoop-common-3.3.1.jar:?]
	at org.apache.hadoop.ipc.Server$RpcCall.run(Server.java:1035) [hadoop-common-3.3.1.jar:?]
	at org.apache.hadoop.ipc.Server$RpcCall.run(Server.java:963) [hadoop-common-3.3.1.jar:?]
	at java.security.AccessController.doPrivileged(Native Method) ~[?:1.8.0_322]
	at javax.security.auth.Subject.doAs(Subject.java:422) [?:1.8.0_322]
	at org.apache.hadoop.security.UserGroupInformation.doAs(UserGroupInformation.java:1878) [hadoop-common-3.3.1.jar:?]
	at org.apache.hadoop.ipc.Server$Handler.run(Server.java:2966) [hadoop-common-3.3.1.jar:?]
01:52:54.368 [IPC Server handler 10 on default port 46323] ERROR OMAudit - user=runner | ip=127.0.0.1 | op=GET_FILE_STATUS {volume=volume68825, bucket=bucket30700, key=testBatchDelete/parent/childFolder/child2, dataSize=0, replicationConfig=null} | ret=FAILURE
org.apache.hadoop.ozone.om.exceptions.OMException: Unable to get file status: volume: volume68825 bucket: bucket30700 key: testBatchDelete/parent/childFolder/child2
	at org.apache.hadoop.ozone.om.KeyManagerImpl.getOzoneFileStatus(KeyManagerImpl.java:1280) ~[ozone-manager-1.3.0-SNAPSHOT.jar:?]
	at org.apache.hadoop.ozone.om.KeyManagerImpl.getFileStatus(KeyManagerImpl.java:1210) ~[ozone-manager-1.3.0-SNAPSHOT.jar:?]
	at org.apache.hadoop.ozone.om.OzoneManager.getFileStatus(OzoneManager.java:3009) ~[ozone-manager-1.3.0-SNAPSHOT.jar:?]
	at org.apache.hadoop.ozone.protocolPB.OzoneManagerRequestHandler.getOzoneFileStatus(OzoneManagerRequestHandler.java:670) ~[ozone-manager-1.3.0-SNAPSHOT.jar:?]
	at org.apache.hadoop.ozone.protocolPB.OzoneManagerRequestHandler.handleReadRequest(OzoneManagerRequestHandler.java:201) ~[ozone-manager-1.3.0-SNAPSHOT.jar:?]
	at org.apache.hadoop.ozone.protocolPB.OzoneManagerProtocolServerSideTranslatorPB.submitRequestDirectlyToOM(OzoneManagerProtocolServerSideTranslatorPB.java:271) ~[ozone-manager-1.3.0-SNAPSHOT.jar:?]
	at org.apache.hadoop.ozone.protocolPB.OzoneManagerProtocolServerSideTranslatorPB.processRequest(OzoneManagerProtocolServerSideTranslatorPB.java:195) ~[ozone-manager-1.3.0-SNAPSHOT.jar:?]
	at org.apache.hadoop.hdds.server.OzoneProtocolMessageDispatcher.processRequest(OzoneProtocolMessageDispatcher.java:87) [hdds-server-framework-1.3.0-SNAPSHOT.jar:?]
	at org.apache.hadoop.ozone.protocolPB.OzoneManagerProtocolServerSideTranslatorPB.submitRequest(OzoneManagerProtocolServerSideTranslatorPB.java:146) [ozone-manager-1.3.0-SNAPSHOT.jar:?]
	at org.apache.hadoop.ozone.protocol.proto.OzoneManagerProtocolProtos$OzoneManagerService$2.callBlockingMethod(OzoneManagerProtocolProtos.java) [ozone-interface-client-1.3.0-SNAPSHOT.jar:?]
	at org.apache.hadoop.ipc.ProtobufRpcEngine$Server.processCall(ProtobufRpcEngine.java:466) [hadoop-common-3.3.1.jar:?]
	at org.apache.hadoop.ipc.ProtobufRpcEngine2$Server$ProtoBufRpcInvoker.call(ProtobufRpcEngine2.java:574) [hadoop-common-3.3.1.jar:?]
	at org.apache.hadoop.ipc.ProtobufRpcEngine2$Server$ProtoBufRpcInvoker.call(ProtobufRpcEngine2.java:552) [hadoop-common-3.3.1.jar:?]
	at org.apache.hadoop.ipc.RPC$Server.call(RPC.java:1093) [hadoop-common-3.3.1.jar:?]
	at org.apache.hadoop.ipc.Server$RpcCall.run(Server.java:1035) [hadoop-common-3.3.1.jar:?]
	at org.apache.hadoop.ipc.Server$RpcCall.run(Server.java:963) [hadoop-common-3.3.1.jar:?]
	at java.security.AccessController.doPrivileged(Native Method) ~[?:1.8.0_322]
	at javax.security.auth.Subject.doAs(Subject.java:422) [?:1.8.0_322]
	at org.apache.hadoop.security.UserGroupInformation.doAs(UserGroupInformation.java:1878) [hadoop-common-3.3.1.jar:?]
	at org.apache.hadoop.ipc.Server$Handler.run(Server.java:2966) [hadoop-common-3.3.1.jar:?]
01:52:54.369 [IPC Server handler 9 on default port 46323] ERROR OMAudit - user=runner | ip=127.0.0.1 | op=GET_FILE_STATUS {volume=volume68825, bucket=bucket30700, key=testBatchDelete/parent/child3, dataSize=0, replicationConfig=null} | ret=FAILURE
org.apache.hadoop.ozone.om.exceptions.OMException: Unable to get file status: volume: volume68825 bucket: bucket30700 key: testBatchDelete/parent/child3
	at org.apache.hadoop.ozone.om.KeyManagerImpl.getOzoneFileStatus(KeyManagerImpl.java:1280) ~[ozone-manager-1.3.0-SNAPSHOT.jar:?]
	at org.apache.hadoop.ozone.om.KeyManagerImpl.getFileStatus(KeyManagerImpl.java:1210) ~[ozone-manager-1.3.0-SNAPSHOT.jar:?]
	at org.apache.hadoop.ozone.om.OzoneManager.getFileStatus(OzoneManager.java:3009) ~[ozone-manager-1.3.0-SNAPSHOT.jar:?]
	at org.apache.hadoop.ozone.protocolPB.OzoneManagerRequestHandler.getOzoneFileStatus(OzoneManagerRequestHandler.java:670) ~[ozone-manager-1.3.0-SNAPSHOT.jar:?]
	at org.apache.hadoop.ozone.protocolPB.OzoneManagerRequestHandler.handleReadRequest(OzoneManagerRequestHandler.java:201) ~[ozone-manager-1.3.0-SNAPSHOT.jar:?]
	at org.apache.hadoop.ozone.protocolPB.OzoneManagerProtocolServerSideTranslatorPB.submitRequestDirectlyToOM(OzoneManagerProtocolServerSideTranslatorPB.java:271) ~[ozone-manager-1.3.0-SNAPSHOT.jar:?]
	at org.apache.hadoop.ozone.protocolPB.OzoneManagerProtocolServerSideTranslatorPB.processRequest(OzoneManagerProtocolServerSideTranslatorPB.java:195) ~[ozone-manager-1.3.0-SNAPSHOT.jar:?]
	at org.apache.hadoop.hdds.server.OzoneProtocolMessageDispatcher.processRequest(OzoneProtocolMessageDispatcher.java:87) [hdds-server-framework-1.3.0-SNAPSHOT.jar:?]
	at org.apache.hadoop.ozone.protocolPB.OzoneManagerProtocolServerSideTranslatorPB.submitRequest(OzoneManagerProtocolServerSideTranslatorPB.java:146) [ozone-manager-1.3.0-SNAPSHOT.jar:?]
	at org.apache.hadoop.ozone.protocol.proto.OzoneManagerProtocolProtos$OzoneManagerService$2.callBlockingMethod(OzoneManagerProtocolProtos.java) [ozone-interface-client-1.3.0-SNAPSHOT.jar:?]
	at org.apache.hadoop.ipc.ProtobufRpcEngine$Server.processCall(ProtobufRpcEngine.java:466) [hadoop-common-3.3.1.jar:?]
	at org.apache.hadoop.ipc.ProtobufRpcEngine2$Server$ProtoBufRpcInvoker.call(ProtobufRpcEngine2.java:574) [hadoop-common-3.3.1.jar:?]
	at org.apache.hadoop.ipc.ProtobufRpcEngine2$Server$ProtoBufRpcInvoker.call(ProtobufRpcEngine2.java:552) [hadoop-common-3.3.1.jar:?]
	at org.apache.hadoop.ipc.RPC$Server.call(RPC.java:1093) [hadoop-common-3.3.1.jar:?]
	at org.apache.hadoop.ipc.Server$RpcCall.run(Server.java:1035) [hadoop-common-3.3.1.jar:?]
	at org.apache.hadoop.ipc.Server$RpcCall.run(Server.java:963) [hadoop-common-3.3.1.jar:?]
	at java.security.AccessController.doPrivileged(Native Method) ~[?:1.8.0_322]
	at javax.security.auth.Subject.doAs(Subject.java:422) [?:1.8.0_322]
	at org.apache.hadoop.security.UserGroupInformation.doAs(UserGroupInformation.java:1878) [hadoop-common-3.3.1.jar:?]
	at org.apache.hadoop.ipc.Server$Handler.run(Server.java:2966) [hadoop-common-3.3.1.jar:?]
01:52:54.373 [IPC Server handler 3 on default port 46323] ERROR OMAudit - user=runner | ip=127.0.0.1 | op=GET_FILE_STATUS {volume=volume68825, bucket=bucket30700, key=testBatchDelete/parent/childFolder/child3, dataSize=0, replicationConfig=null} | ret=FAILURE
org.apache.hadoop.ozone.om.exceptions.OMException: Unable to get file status: volume: volume68825 bucket: bucket30700 key: testBatchDelete/parent/childFolder/child3
	at org.apache.hadoop.ozone.om.KeyManagerImpl.getOzoneFileStatus(KeyManagerImpl.java:1280) ~[ozone-manager-1.3.0-SNAPSHOT.jar:?]
	at org.apache.hadoop.ozone.om.KeyManagerImpl.getFileStatus(KeyManagerImpl.java:1210) ~[ozone-manager-1.3.0-SNAPSHOT.jar:?]
	at org.apache.hadoop.ozone.om.OzoneManager.getFileStatus(OzoneManager.java:3009) ~[ozone-manager-1.3.0-SNAPSHOT.jar:?]
	at org.apache.hadoop.ozone.protocolPB.OzoneManagerRequestHandler.getOzoneFileStatus(OzoneManagerRequestHandler.java:670) ~[ozone-manager-1.3.0-SNAPSHOT.jar:?]
	at org.apache.hadoop.ozone.protocolPB.OzoneManagerRequestHandler.handleReadRequest(OzoneManagerRequestHandler.java:201) ~[ozone-manager-1.3.0-SNAPSHOT.jar:?]
	at org.apache.hadoop.ozone.protocolPB.OzoneManagerProtocolServerSideTranslatorPB.submitRequestDirectlyToOM(OzoneManagerProtocolServerSideTranslatorPB.java:271) ~[ozone-manager-1.3.0-SNAPSHOT.jar:?]
	at org.apache.hadoop.ozone.protocolPB.OzoneManagerProtocolServerSideTranslatorPB.processRequest(OzoneManagerProtocolServerSideTranslatorPB.java:195) ~[ozone-manager-1.3.0-SNAPSHOT.jar:?]
	at org.apache.hadoop.hdds.server.OzoneProtocolMessageDispatcher.processRequest(OzoneProtocolMessageDispatcher.java:87) [hdds-server-framework-1.3.0-SNAPSHOT.jar:?]
	at org.apache.hadoop.ozone.protocolPB.OzoneManagerProtocolServerSideTranslatorPB.submitRequest(OzoneManagerProtocolServerSideTranslatorPB.java:146) [ozone-manager-1.3.0-SNAPSHOT.jar:?]
	at org.apache.hadoop.ozone.protocol.proto.OzoneManagerProtocolProtos$OzoneManagerService$2.callBlockingMethod(OzoneManagerProtocolProtos.java) [ozone-interface-client-1.3.0-SNAPSHOT.jar:?]
	at org.apache.hadoop.ipc.ProtobufRpcEngine$Server.processCall(ProtobufRpcEngine.java:466) [hadoop-common-3.3.1.jar:?]
	at org.apache.hadoop.ipc.ProtobufRpcEngine2$Server$ProtoBufRpcInvoker.call(ProtobufRpcEngine2.java:574) [hadoop-common-3.3.1.jar:?]
	at org.apache.hadoop.ipc.ProtobufRpcEngine2$Server$ProtoBufRpcInvoker.call(ProtobufRpcEngine2.java:552) [hadoop-common-3.3.1.jar:?]
	at org.apache.hadoop.ipc.RPC$Server.call(RPC.java:1093) [hadoop-common-3.3.1.jar:?]
	at org.apache.hadoop.ipc.Server$RpcCall.run(Server.java:1035) [hadoop-common-3.3.1.jar:?]
	at org.apache.hadoop.ipc.Server$RpcCall.run(Server.java:963) [hadoop-common-3.3.1.jar:?]
	at java.security.AccessController.doPrivileged(Native Method) ~[?:1.8.0_322]
	at javax.security.auth.Subject.doAs(Subject.java:422) [?:1.8.0_322]
	at org.apache.hadoop.security.UserGroupInformation.doAs(UserGroupInformation.java:1878) [hadoop-common-3.3.1.jar:?]
	at org.apache.hadoop.ipc.Server$Handler.run(Server.java:2966) [hadoop-common-3.3.1.jar:?]
01:52:54.374 [IPC Server handler 1 on default port 46323] ERROR OMAudit - user=runner | ip=127.0.0.1 | op=GET_FILE_STATUS {volume=volume68825, bucket=bucket30700, key=testBatchDelete/parent/child4, dataSize=0, replicationConfig=null} | ret=FAILURE
org.apache.hadoop.ozone.om.exceptions.OMException: Unable to get file status: volume: volume68825 bucket: bucket30700 key: testBatchDelete/parent/child4
	at org.apache.hadoop.ozone.om.KeyManagerImpl.getOzoneFileStatus(KeyManagerImpl.java:1280) ~[ozone-manager-1.3.0-SNAPSHOT.jar:?]
	at org.apache.hadoop.ozone.om.KeyManagerImpl.getFileStatus(KeyManagerImpl.java:1210) ~[ozone-manager-1.3.0-SNAPSHOT.jar:?]
	at org.apache.hadoop.ozone.om.OzoneManager.getFileStatus(OzoneManager.java:3009) ~[ozone-manager-1.3.0-SNAPSHOT.jar:?]
	at org.apache.hadoop.ozone.protocolPB.OzoneManagerRequestHandler.getOzoneFileStatus(OzoneManagerRequestHandler.java:670) ~[ozone-manager-1.3.0-SNAPSHOT.jar:?]
	at org.apache.hadoop.ozone.protocolPB.OzoneManagerRequestHandler.handleReadRequest(OzoneManagerRequestHandler.java:201) ~[ozone-manager-1.3.0-SNAPSHOT.jar:?]
	at org.apache.hadoop.ozone.protocolPB.OzoneManagerProtocolServerSideTranslatorPB.submitRequestDirectlyToOM(OzoneManagerProtocolServerSideTranslatorPB.java:271) ~[ozone-manager-1.3.0-SNAPSHOT.jar:?]
	at org.apache.hadoop.ozone.protocolPB.OzoneManagerProtocolServerSideTranslatorPB.processRequest(OzoneManagerProtocolServerSideTranslatorPB.java:195) ~[ozone-manager-1.3.0-SNAPSHOT.jar:?]
	at org.apache.hadoop.hdds.server.OzoneProtocolMessageDispatcher.processRequest(OzoneProtocolMessageDispatcher.java:87) [hdds-server-framework-1.3.0-SNAPSHOT.jar:?]
	at org.apache.hadoop.ozone.protocolPB.OzoneManagerProtocolServerSideTranslatorPB.submitRequest(OzoneManagerProtocolServerSideTranslatorPB.java:146) [ozone-manager-1.3.0-SNAPSHOT.jar:?]
	at org.apache.hadoop.ozone.protocol.proto.OzoneManagerProtocolProtos$OzoneManagerService$2.callBlockingMethod(OzoneManagerProtocolProtos.java) [ozone-interface-client-1.3.0-SNAPSHOT.jar:?]
	at org.apache.hadoop.ipc.ProtobufRpcEngine$Server.processCall(ProtobufRpcEngine.java:466) [hadoop-common-3.3.1.jar:?]
	at org.apache.hadoop.ipc.ProtobufRpcEngine2$Server$ProtoBufRpcInvoker.call(ProtobufRpcEngine2.java:574) [hadoop-common-3.3.1.jar:?]
	at org.apache.hadoop.ipc.ProtobufRpcEngine2$Server$ProtoBufRpcInvoker.call(ProtobufRpcEngine2.java:552) [hadoop-common-3.3.1.jar:?]
	at org.apache.hadoop.ipc.RPC$Server.call(RPC.java:1093) [hadoop-common-3.3.1.jar:?]
	at org.apache.hadoop.ipc.Server$RpcCall.run(Server.java:1035) [hadoop-common-3.3.1.jar:?]
	at org.apache.hadoop.ipc.Server$RpcCall.run(Server.java:963) [hadoop-common-3.3.1.jar:?]
	at java.security.AccessController.doPrivileged(Native Method) ~[?:1.8.0_322]
	at javax.security.auth.Subject.doAs(Subject.java:422) [?:1.8.0_322]
	at org.apache.hadoop.security.UserGroupInformation.doAs(UserGroupInformation.java:1878) [hadoop-common-3.3.1.jar:?]
	at org.apache.hadoop.ipc.Server$Handler.run(Server.java:2966) [hadoop-common-3.3.1.jar:?]
01:52:54.375 [IPC Server handler 0 on default port 46323] ERROR OMAudit - user=runner | ip=127.0.0.1 | op=GET_FILE_STATUS {volume=volume68825, bucket=bucket30700, key=testBatchDelete/parent/childFolder/child4, dataSize=0, replicationConfig=null} | ret=FAILURE
org.apache.hadoop.ozone.om.exceptions.OMException: Unable to get file status: volume: volume68825 bucket: bucket30700 key: testBatchDelete/parent/childFolder/child4
	at org.apache.hadoop.ozone.om.KeyManagerImpl.getOzoneFileStatus(KeyManagerImpl.java:1280) ~[ozone-manager-1.3.0-SNAPSHOT.jar:?]
	at org.apache.hadoop.ozone.om.KeyManagerImpl.getFileStatus(KeyManagerImpl.java:1210) ~[ozone-manager-1.3.0-SNAPSHOT.jar:?]
	at org.apache.hadoop.ozone.om.OzoneManager.getFileStatus(OzoneManager.java:3009) ~[ozone-manager-1.3.0-SNAPSHOT.jar:?]
	at org.apache.hadoop.ozone.protocolPB.OzoneManagerRequestHandler.getOzoneFileStatus(OzoneManagerRequestHandler.java:670) ~[ozone-manager-1.3.0-SNAPSHOT.jar:?]
	at org.apache.hadoop.ozone.protocolPB.OzoneManagerRequestHandler.handleReadRequest(OzoneManagerRequestHandler.java:201) ~[ozone-manager-1.3.0-SNAPSHOT.jar:?]
	at org.apache.hadoop.ozone.protocolPB.OzoneManagerProtocolServerSideTranslatorPB.submitRequestDirectlyToOM(OzoneManagerProtocolServerSideTranslatorPB.java:271) ~[ozone-manager-1.3.0-SNAPSHOT.jar:?]
	at org.apache.hadoop.ozone.protocolPB.OzoneManagerProtocolServerSideTranslatorPB.processRequest(OzoneManagerProtocolServerSideTranslatorPB.java:195) ~[ozone-manager-1.3.0-SNAPSHOT.jar:?]
	at org.apache.hadoop.hdds.server.OzoneProtocolMessageDispatcher.processRequest(OzoneProtocolMessageDispatcher.java:87) [hdds-server-framework-1.3.0-SNAPSHOT.jar:?]
	at org.apache.hadoop.ozone.protocolPB.OzoneManagerProtocolServerSideTranslatorPB.submitRequest(OzoneManagerProtocolServerSideTranslatorPB.java:146) [ozone-manager-1.3.0-SNAPSHOT.jar:?]
	at org.apache.hadoop.ozone.protocol.proto.OzoneManagerProtocolProtos$OzoneManagerService$2.callBlockingMethod(OzoneManagerProtocolProtos.java) [ozone-interface-client-1.3.0-SNAPSHOT.jar:?]
	at org.apache.hadoop.ipc.ProtobufRpcEngine$Server.processCall(ProtobufRpcEngine.java:466) [hadoop-common-3.3.1.jar:?]
	at org.apache.hadoop.ipc.ProtobufRpcEngine2$Server$ProtoBufRpcInvoker.call(ProtobufRpcEngine2.java:574) [hadoop-common-3.3.1.jar:?]
	at org.apache.hadoop.ipc.ProtobufRpcEngine2$Server$ProtoBufRpcInvoker.call(ProtobufRpcEngine2.java:552) [hadoop-common-3.3.1.jar:?]
	at org.apache.hadoop.ipc.RPC$Server.call(RPC.java:1093) [hadoop-common-3.3.1.jar:?]
	at org.apache.hadoop.ipc.Server$RpcCall.run(Server.java:1035) [hadoop-common-3.3.1.jar:?]
	at org.apache.hadoop.ipc.Server$RpcCall.run(Server.java:963) [hadoop-common-3.3.1.jar:?]
	at java.security.AccessController.doPrivileged(Native Method) ~[?:1.8.0_322]
	at javax.security.auth.Subject.doAs(Subject.java:422) [?:1.8.0_322]
	at org.apache.hadoop.security.UserGroupInformation.doAs(UserGroupInformation.java:1878) [hadoop-common-3.3.1.jar:?]
	at org.apache.hadoop.ipc.Server$Handler.run(Server.java:2966) [hadoop-common-3.3.1.jar:?]
01:52:54.376 [IPC Server handler 19 on default port 46323] ERROR OMAudit - user=runner | ip=127.0.0.1 | op=GET_FILE_STATUS {volume=volume68825, bucket=bucket30700, key=testBatchDelete/parent/child5, dataSize=0, replicationConfig=null} | ret=FAILURE
org.apache.hadoop.ozone.om.exceptions.OMException: Unable to get file status: volume: volume68825 bucket: bucket30700 key: testBatchDelete/parent/child5
	at org.apache.hadoop.ozone.om.KeyManagerImpl.getOzoneFileStatus(KeyManagerImpl.java:1280) ~[ozone-manager-1.3.0-SNAPSHOT.jar:?]
	at org.apache.hadoop.ozone.om.KeyManagerImpl.getFileStatus(KeyManagerImpl.java:1210) ~[ozone-manager-1.3.0-SNAPSHOT.jar:?]
	at org.apache.hadoop.ozone.om.OzoneManager.getFileStatus(OzoneManager.java:3009) ~[ozone-manager-1.3.0-SNAPSHOT.jar:?]
	at org.apache.hadoop.ozone.protocolPB.OzoneManagerRequestHandler.getOzoneFileStatus(OzoneManagerRequestHandler.java:670) ~[ozone-manager-1.3.0-SNAPSHOT.jar:?]
	at org.apache.hadoop.ozone.protocolPB.OzoneManagerRequestHandler.handleReadRequest(OzoneManagerRequestHandler.java:201) ~[ozone-manager-1.3.0-SNAPSHOT.jar:?]
	at org.apache.hadoop.ozone.protocolPB.OzoneManagerProtocolServerSideTranslatorPB.submitRequestDirectlyToOM(OzoneManagerProtocolServerSideTranslatorPB.java:271) ~[ozone-manager-1.3.0-SNAPSHOT.jar:?]
	at org.apache.hadoop.ozone.protocolPB.OzoneManagerProtocolServerSideTranslatorPB.processRequest(OzoneManagerProtocolServerSideTranslatorPB.java:195) ~[ozone-manager-1.3.0-SNAPSHOT.jar:?]
	at org.apache.hadoop.hdds.server.OzoneProtocolMessageDispatcher.processRequest(OzoneProtocolMessageDispatcher.java:87) [hdds-server-framework-1.3.0-SNAPSHOT.jar:?]
	at org.apache.hadoop.ozone.protocolPB.OzoneManagerProtocolServerSideTranslatorPB.submitRequest(OzoneManagerProtocolServerSideTranslatorPB.java:146) [ozone-manager-1.3.0-SNAPSHOT.jar:?]
	at org.apache.hadoop.ozone.protocol.proto.OzoneManagerProtocolProtos$OzoneManagerService$2.callBlockingMethod(OzoneManagerProtocolProtos.java) [ozone-interface-client-1.3.0-SNAPSHOT.jar:?]
	at org.apache.hadoop.ipc.ProtobufRpcEngine$Server.processCall(ProtobufRpcEngine.java:466) [hadoop-common-3.3.1.jar:?]
	at org.apache.hadoop.ipc.ProtobufRpcEngine2$Server$ProtoBufRpcInvoker.call(ProtobufRpcEngine2.java:574) [hadoop-common-3.3.1.jar:?]
	at org.apache.hadoop.ipc.ProtobufRpcEngine2$Server$ProtoBufRpcInvoker.call(ProtobufRpcEngine2.java:552) [hadoop-common-3.3.1.jar:?]
	at org.apache.hadoop.ipc.RPC$Server.call(RPC.java:1093) [hadoop-common-3.3.1.jar:?]
	at org.apache.hadoop.ipc.Server$RpcCall.run(Server.java:1035) [hadoop-common-3.3.1.jar:?]
	at org.apache.hadoop.ipc.Server$RpcCall.run(Server.java:963) [hadoop-common-3.3.1.jar:?]
	at java.security.AccessController.doPrivileged(Native Method) ~[?:1.8.0_322]
	at javax.security.auth.Subject.doAs(Subject.java:422) [?:1.8.0_322]
	at org.apache.hadoop.security.UserGroupInformation.doAs(UserGroupInformation.java:1878) [hadoop-common-3.3.1.jar:?]
	at org.apache.hadoop.ipc.Server$Handler.run(Server.java:2966) [hadoop-common-3.3.1.jar:?]
01:52:54.376 [IPC Server handler 5 on default port 46323] ERROR OMAudit - user=runner | ip=127.0.0.1 | op=GET_FILE_STATUS {volume=volume68825, bucket=bucket30700, key=testBatchDelete/parent/childFolder/child5, dataSize=0, replicationConfig=null} | ret=FAILURE
org.apache.hadoop.ozone.om.exceptions.OMException: Unable to get file status: volume: volume68825 bucket: bucket30700 key: testBatchDelete/parent/childFolder/child5
	at org.apache.hadoop.ozone.om.KeyManagerImpl.getOzoneFileStatus(KeyManagerImpl.java:1280) ~[ozone-manager-1.3.0-SNAPSHOT.jar:?]
	at org.apache.hadoop.ozone.om.KeyManagerImpl.getFileStatus(KeyManagerImpl.java:1210) ~[ozone-manager-1.3.0-SNAPSHOT.jar:?]
	at org.apache.hadoop.ozone.om.OzoneManager.getFileStatus(OzoneManager.java:3009) ~[ozone-manager-1.3.0-SNAPSHOT.jar:?]
	at org.apache.hadoop.ozone.protocolPB.OzoneManagerRequestHandler.getOzoneFileStatus(OzoneManagerRequestHandler.java:670) ~[ozone-manager-1.3.0-SNAPSHOT.jar:?]
	at org.apache.hadoop.ozone.protocolPB.OzoneManagerRequestHandler.handleReadRequest(OzoneManagerRequestHandler.java:201) ~[ozone-manager-1.3.0-SNAPSHOT.jar:?]
	at org.apache.hadoop.ozone.protocolPB.OzoneManagerProtocolServerSideTranslatorPB.submitRequestDirectlyToOM(OzoneManagerProtocolServerSideTranslatorPB.java:271) ~[ozone-manager-1.3.0-SNAPSHOT.jar:?]
	at org.apache.hadoop.ozone.protocolPB.OzoneManagerProtocolServerSideTranslatorPB.processRequest(OzoneManagerProtocolServerSideTranslatorPB.java:195) ~[ozone-manager-1.3.0-SNAPSHOT.jar:?]
	at org.apache.hadoop.hdds.server.OzoneProtocolMessageDispatcher.processRequest(OzoneProtocolMessageDispatcher.java:87) [hdds-server-framework-1.3.0-SNAPSHOT.jar:?]
	at org.apache.hadoop.ozone.protocolPB.OzoneManagerProtocolServerSideTranslatorPB.submitRequest(OzoneManagerProtocolServerSideTranslatorPB.java:146) [ozone-manager-1.3.0-SNAPSHOT.jar:?]
	at org.apache.hadoop.ozone.protocol.proto.OzoneManagerProtocolProtos$OzoneManagerService$2.callBlockingMethod(OzoneManagerProtocolProtos.java) [ozone-interface-client-1.3.0-SNAPSHOT.jar:?]
	at org.apache.hadoop.ipc.ProtobufRpcEngine$Server.processCall(ProtobufRpcEngine.java:466) [hadoop-common-3.3.1.jar:?]
	at org.apache.hadoop.ipc.ProtobufRpcEngine2$Server$ProtoBufRpcInvoker.call(ProtobufRpcEngine2.java:574) [hadoop-common-3.3.1.jar:?]
	at org.apache.hadoop.ipc.ProtobufRpcEngine2$Server$ProtoBufRpcInvoker.call(ProtobufRpcEngine2.java:552) [hadoop-common-3.3.1.jar:?]
	at org.apache.hadoop.ipc.RPC$Server.call(RPC.java:1093) [hadoop-common-3.3.1.jar:?]
	at org.apache.hadoop.ipc.Server$RpcCall.run(Server.java:1035) [hadoop-common-3.3.1.jar:?]
	at org.apache.hadoop.ipc.Server$RpcCall.run(Server.java:963) [hadoop-common-3.3.1.jar:?]
	at java.security.AccessController.doPrivileged(Native Method) ~[?:1.8.0_322]
	at javax.security.auth.Subject.doAs(Subject.java:422) [?:1.8.0_322]
	at org.apache.hadoop.security.UserGroupInformation.doAs(UserGroupInformation.java:1878) [hadoop-common-3.3.1.jar:?]
	at org.apache.hadoop.ipc.Server$Handler.run(Server.java:2966) [hadoop-common-3.3.1.jar:?]
01:52:54.379 [IPC Server handler 6 on default port 46323] ERROR OMAudit - user=runner | ip=127.0.0.1 | op=GET_FILE_STATUS {volume=volume68825, bucket=bucket30700, key=testBatchDelete/parent/child6, dataSize=0, replicationConfig=null} | ret=FAILURE
org.apache.hadoop.ozone.om.exceptions.OMException: Unable to get file status: volume: volume68825 bucket: bucket30700 key: testBatchDelete/parent/child6
	at org.apache.hadoop.ozone.om.KeyManagerImpl.getOzoneFileStatus(KeyManagerImpl.java:1280) ~[ozone-manager-1.3.0-SNAPSHOT.jar:?]
	at org.apache.hadoop.ozone.om.KeyManagerImpl.getFileStatus(KeyManagerImpl.java:1210) ~[ozone-manager-1.3.0-SNAPSHOT.jar:?]
	at org.apache.hadoop.ozone.om.OzoneManager.getFileStatus(OzoneManager.java:3009) ~[ozone-manager-1.3.0-SNAPSHOT.jar:?]
	at org.apache.hadoop.ozone.protocolPB.OzoneManagerRequestHandler.getOzoneFileStatus(OzoneManagerRequestHandler.java:670) ~[ozone-manager-1.3.0-SNAPSHOT.jar:?]
	at org.apache.hadoop.ozone.protocolPB.OzoneManagerRequestHandler.handleReadRequest(OzoneManagerRequestHandler.java:201) ~[ozone-manager-1.3.0-SNAPSHOT.jar:?]
	at org.apache.hadoop.ozone.protocolPB.OzoneManagerProtocolServerSideTranslatorPB.submitRequestDirectlyToOM(OzoneManagerProtocolServerSideTranslatorPB.java:271) ~[ozone-manager-1.3.0-SNAPSHOT.jar:?]
	at org.apache.hadoop.ozone.protocolPB.OzoneManagerProtocolServerSideTranslatorPB.processRequest(OzoneManagerProtocolServerSideTranslatorPB.java:195) ~[ozone-manager-1.3.0-SNAPSHOT.jar:?]
	at org.apache.hadoop.hdds.server.OzoneProtocolMessageDispatcher.processRequest(OzoneProtocolMessageDispatcher.java:87) [hdds-server-framework-1.3.0-SNAPSHOT.jar:?]
	at org.apache.hadoop.ozone.protocolPB.OzoneManagerProtocolServerSideTranslatorPB.submitRequest(OzoneManagerProtocolServerSideTranslatorPB.java:146) [ozone-manager-1.3.0-SNAPSHOT.jar:?]
	at org.apache.hadoop.ozone.protocol.proto.OzoneManagerProtocolProtos$OzoneManagerService$2.callBlockingMethod(OzoneManagerProtocolProtos.java) [ozone-interface-client-1.3.0-SNAPSHOT.jar:?]
	at org.apache.hadoop.ipc.ProtobufRpcEngine$Server.processCall(ProtobufRpcEngine.java:466) [hadoop-common-3.3.1.jar:?]
	at org.apache.hadoop.ipc.ProtobufRpcEngine2$Server$ProtoBufRpcInvoker.call(ProtobufRpcEngine2.java:574) [hadoop-common-3.3.1.jar:?]
	at org.apache.hadoop.ipc.ProtobufRpcEngine2$Server$ProtoBufRpcInvoker.call(ProtobufRpcEngine2.java:552) [hadoop-common-3.3.1.jar:?]
	at org.apache.hadoop.ipc.RPC$Server.call(RPC.java:1093) [hadoop-common-3.3.1.jar:?]
	at org.apache.hadoop.ipc.Server$RpcCall.run(Server.java:1035) [hadoop-common-3.3.1.jar:?]
	at org.apache.hadoop.ipc.Server$RpcCall.run(Server.java:963) [hadoop-common-3.3.1.jar:?]
	at java.security.AccessController.doPrivileged(Native Method) ~[?:1.8.0_322]
	at javax.security.auth.Subject.doAs(Subject.java:422) [?:1.8.0_322]
	at org.apache.hadoop.security.UserGroupInformation.doAs(UserGroupInformation.java:1878) [hadoop-common-3.3.1.jar:?]
	at org.apache.hadoop.ipc.Server$Handler.run(Server.java:2966) [hadoop-common-3.3.1.jar:?]
01:52:54.380 [IPC Server handler 8 on default port 46323] ERROR OMAudit - user=runner | ip=127.0.0.1 | op=GET_FILE_STATUS {volume=volume68825, bucket=bucket30700, key=testBatchDelete/parent/childFolder/child6, dataSize=0, replicationConfig=null} | ret=FAILURE
org.apache.hadoop.ozone.om.exceptions.OMException: Unable to get file status: volume: volume68825 bucket: bucket30700 key: testBatchDelete/parent/childFolder/child6
	at org.apache.hadoop.ozone.om.KeyManagerImpl.getOzoneFileStatus(KeyManagerImpl.java:1280) ~[ozone-manager-1.3.0-SNAPSHOT.jar:?]
	at org.apache.hadoop.ozone.om.KeyManagerImpl.getFileStatus(KeyManagerImpl.java:1210) ~[ozone-manager-1.3.0-SNAPSHOT.jar:?]
	at org.apache.hadoop.ozone.om.OzoneManager.getFileStatus(OzoneManager.java:3009) ~[ozone-manager-1.3.0-SNAPSHOT.jar:?]
	at org.apache.hadoop.ozone.protocolPB.OzoneManagerRequestHandler.getOzoneFileStatus(OzoneManagerRequestHandler.java:670) ~[ozone-manager-1.3.0-SNAPSHOT.jar:?]
	at org.apache.hadoop.ozone.protocolPB.OzoneManagerRequestHandler.handleReadRequest(OzoneManagerRequestHandler.java:201) ~[ozone-manager-1.3.0-SNAPSHOT.jar:?]
	at org.apache.hadoop.ozone.protocolPB.OzoneManagerProtocolServerSideTranslatorPB.submitRequestDirectlyToOM(OzoneManagerProtocolServerSideTranslatorPB.java:271) ~[ozone-manager-1.3.0-SNAPSHOT.jar:?]
	at org.apache.hadoop.ozone.protocolPB.OzoneManagerProtocolServerSideTranslatorPB.processRequest(OzoneManagerProtocolServerSideTranslatorPB.java:195) ~[ozone-manager-1.3.0-SNAPSHOT.jar:?]
	at org.apache.hadoop.hdds.server.OzoneProtocolMessageDispatcher.processRequest(OzoneProtocolMessageDispatcher.java:87) [hdds-server-framework-1.3.0-SNAPSHOT.jar:?]
	at org.apache.hadoop.ozone.protocolPB.OzoneManagerProtocolServerSideTranslatorPB.submitRequest(OzoneManagerProtocolServerSideTranslatorPB.java:146) [ozone-manager-1.3.0-SNAPSHOT.jar:?]
	at org.apache.hadoop.ozone.protocol.proto.OzoneManagerProtocolProtos$OzoneManagerService$2.callBlockingMethod(OzoneManagerProtocolProtos.java) [ozone-interface-client-1.3.0-SNAPSHOT.jar:?]
	at org.apache.hadoop.ipc.ProtobufRpcEngine$Server.processCall(ProtobufRpcEngine.java:466) [hadoop-common-3.3.1.jar:?]
	at org.apache.hadoop.ipc.ProtobufRpcEngine2$Server$ProtoBufRpcInvoker.call(ProtobufRpcEngine2.java:574) [hadoop-common-3.3.1.jar:?]
	at org.apache.hadoop.ipc.ProtobufRpcEngine2$Server$ProtoBufRpcInvoker.call(ProtobufRpcEngine2.java:552) [hadoop-common-3.3.1.jar:?]
	at org.apache.hadoop.ipc.RPC$Server.call(RPC.java:1093) [hadoop-common-3.3.1.jar:?]
	at org.apache.hadoop.ipc.Server$RpcCall.run(Server.java:1035) [hadoop-common-3.3.1.jar:?]
	at org.apache.hadoop.ipc.Server$RpcCall.run(Server.java:963) [hadoop-common-3.3.1.jar:?]
	at java.security.AccessController.doPrivileged(Native Method) ~[?:1.8.0_322]
	at javax.security.auth.Subject.doAs(Subject.java:422) [?:1.8.0_322]
	at org.apache.hadoop.security.UserGroupInformation.doAs(UserGroupInformation.java:1878) [hadoop-common-3.3.1.jar:?]
	at org.apache.hadoop.ipc.Server$Handler.run(Server.java:2966) [hadoop-common-3.3.1.jar:?]
01:52:54.381 [IPC Server handler 11 on default port 46323] ERROR OMAudit - user=runner | ip=127.0.0.1 | op=GET_FILE_STATUS {volume=volume68825, bucket=bucket30700, key=testBatchDelete/parent/child7, dataSize=0, replicationConfig=null} | ret=FAILURE
org.apache.hadoop.ozone.om.exceptions.OMException: Unable to get file status: volume: volume68825 bucket: bucket30700 key: testBatchDelete/parent/child7
	at org.apache.hadoop.ozone.om.KeyManagerImpl.getOzoneFileStatus(KeyManagerImpl.java:1280) ~[ozone-manager-1.3.0-SNAPSHOT.jar:?]
	at org.apache.hadoop.ozone.om.KeyManagerImpl.getFileStatus(KeyManagerImpl.java:1210) ~[ozone-manager-1.3.0-SNAPSHOT.jar:?]
	at org.apache.hadoop.ozone.om.OzoneManager.getFileStatus(OzoneManager.java:3009) ~[ozone-manager-1.3.0-SNAPSHOT.jar:?]
	at org.apache.hadoop.ozone.protocolPB.OzoneManagerRequestHandler.getOzoneFileStatus(OzoneManagerRequestHandler.java:670) ~[ozone-manager-1.3.0-SNAPSHOT.jar:?]
	at org.apache.hadoop.ozone.protocolPB.OzoneManagerRequestHandler.handleReadRequest(OzoneManagerRequestHandler.java:201) ~[ozone-manager-1.3.0-SNAPSHOT.jar:?]
	at org.apache.hadoop.ozone.protocolPB.OzoneManagerProtocolServerSideTranslatorPB.submitRequestDirectlyToOM(OzoneManagerProtocolServerSideTranslatorPB.java:271) ~[ozone-manager-1.3.0-SNAPSHOT.jar:?]
	at org.apache.hadoop.ozone.protocolPB.OzoneManagerProtocolServerSideTranslatorPB.processRequest(OzoneManagerProtocolServerSideTranslatorPB.java:195) ~[ozone-manager-1.3.0-SNAPSHOT.jar:?]
	at org.apache.hadoop.hdds.server.OzoneProtocolMessageDispatcher.processRequest(OzoneProtocolMessageDispatcher.java:87) [hdds-server-framework-1.3.0-SNAPSHOT.jar:?]
	at org.apache.hadoop.ozone.protocolPB.OzoneManagerProtocolServerSideTranslatorPB.submitRequest(OzoneManagerProtocolServerSideTranslatorPB.java:146) [ozone-manager-1.3.0-SNAPSHOT.jar:?]
	at org.apache.hadoop.ozone.protocol.proto.OzoneManagerProtocolProtos$OzoneManagerService$2.callBlockingMethod(OzoneManagerProtocolProtos.java) [ozone-interface-client-1.3.0-SNAPSHOT.jar:?]
	at org.apache.hadoop.ipc.ProtobufRpcEngine$Server.processCall(ProtobufRpcEngine.java:466) [hadoop-common-3.3.1.jar:?]
	at org.apache.hadoop.ipc.ProtobufRpcEngine2$Server$ProtoBufRpcInvoker.call(ProtobufRpcEngine2.java:574) [hadoop-common-3.3.1.jar:?]
	at org.apache.hadoop.ipc.ProtobufRpcEngine2$Server$ProtoBufRpcInvoker.call(ProtobufRpcEngine2.java:552) [hadoop-common-3.3.1.jar:?]
	at org.apache.hadoop.ipc.RPC$Server.call(RPC.java:1093) [hadoop-common-3.3.1.jar:?]
	at org.apache.hadoop.ipc.Server$RpcCall.run(Server.java:1035) [hadoop-common-3.3.1.jar:?]
	at org.apache.hadoop.ipc.Server$RpcCall.run(Server.java:963) [hadoop-common-3.3.1.jar:?]
	at java.security.AccessController.doPrivileged(Native Method) ~[?:1.8.0_322]
	at javax.security.auth.Subject.doAs(Subject.java:422) [?:1.8.0_322]
	at org.apache.hadoop.security.UserGroupInformation.doAs(UserGroupInformation.java:1878) [hadoop-common-3.3.1.jar:?]
	at org.apache.hadoop.ipc.Server$Handler.run(Server.java:2966) [hadoop-common-3.3.1.jar:?]
01:52:54.383 [IPC Server handler 12 on default port 46323] ERROR OMAudit - user=runner | ip=127.0.0.1 | op=GET_FILE_STATUS {volume=volume68825, bucket=bucket30700, key=testBatchDelete/parent/childFolder/child7, dataSize=0, replicationConfig=null} | ret=FAILURE
org.apache.hadoop.ozone.om.exceptions.OMException: Unable to get file status: volume: volume68825 bucket: bucket30700 key: testBatchDelete/parent/childFolder/child7
	at org.apache.hadoop.ozone.om.KeyManagerImpl.getOzoneFileStatus(KeyManagerImpl.java:1280) ~[ozone-manager-1.3.0-SNAPSHOT.jar:?]
	at org.apache.hadoop.ozone.om.KeyManagerImpl.getFileStatus(KeyManagerImpl.java:1210) ~[ozone-manager-1.3.0-SNAPSHOT.jar:?]
	at org.apache.hadoop.ozone.om.OzoneManager.getFileStatus(OzoneManager.java:3009) ~[ozone-manager-1.3.0-SNAPSHOT.jar:?]
	at org.apache.hadoop.ozone.protocolPB.OzoneManagerRequestHandler.getOzoneFileStatus(OzoneManagerRequestHandler.java:670) ~[ozone-manager-1.3.0-SNAPSHOT.jar:?]
	at org.apache.hadoop.ozone.protocolPB.OzoneManagerRequestHandler.handleReadRequest(OzoneManagerRequestHandler.java:201) ~[ozone-manager-1.3.0-SNAPSHOT.jar:?]
	at org.apache.hadoop.ozone.protocolPB.OzoneManagerProtocolServerSideTranslatorPB.submitRequestDirectlyToOM(OzoneManagerProtocolServerSideTranslatorPB.java:271) ~[ozone-manager-1.3.0-SNAPSHOT.jar:?]
	at org.apache.hadoop.ozone.protocolPB.OzoneManagerProtocolServerSideTranslatorPB.processRequest(OzoneManagerProtocolServerSideTranslatorPB.java:195) ~[ozone-manager-1.3.0-SNAPSHOT.jar:?]
	at org.apache.hadoop.hdds.server.OzoneProtocolMessageDispatcher.processRequest(OzoneProtocolMessageDispatcher.java:87) [hdds-server-framework-1.3.0-SNAPSHOT.jar:?]
	at org.apache.hadoop.ozone.protocolPB.OzoneManagerProtocolServerSideTranslatorPB.submitRequest(OzoneManagerProtocolServerSideTranslatorPB.java:146) [ozone-manager-1.3.0-SNAPSHOT.jar:?]
	at org.apache.hadoop.ozone.protocol.proto.OzoneManagerProtocolProtos$OzoneManagerService$2.callBlockingMethod(OzoneManagerProtocolProtos.java) [ozone-interface-client-1.3.0-SNAPSHOT.jar:?]
	at org.apache.hadoop.ipc.ProtobufRpcEngine$Server.processCall(ProtobufRpcEngine.java:466) [hadoop-common-3.3.1.jar:?]
	at org.apache.hadoop.ipc.ProtobufRpcEngine2$Server$ProtoBufRpcInvoker.call(ProtobufRpcEngine2.java:574) [hadoop-common-3.3.1.jar:?]
	at org.apache.hadoop.ipc.ProtobufRpcEngine2$Server$ProtoBufRpcInvoker.call(ProtobufRpcEngine2.java:552) [hadoop-common-3.3.1.jar:?]
	at org.apache.hadoop.ipc.RPC$Server.call(RPC.java:1093) [hadoop-common-3.3.1.jar:?]
	at org.apache.hadoop.ipc.Server$RpcCall.run(Server.java:1035) [hadoop-common-3.3.1.jar:?]
	at org.apache.hadoop.ipc.Server$RpcCall.run(Server.java:963) [hadoop-common-3.3.1.jar:?]
	at java.security.AccessController.doPrivileged(Native Method) ~[?:1.8.0_322]
	at javax.security.auth.Subject.doAs(Subject.java:422) [?:1.8.0_322]
	at org.apache.hadoop.security.UserGroupInformation.doAs(UserGroupInformation.java:1878) [hadoop-common-3.3.1.jar:?]
	at org.apache.hadoop.ipc.Server$Handler.run(Server.java:2966) [hadoop-common-3.3.1.jar:?]
01:52:54.383 [IPC Server handler 2 on default port 46323] ERROR OMAudit - user=runner | ip=127.0.0.1 | op=GET_FILE_STATUS {volume=volume68825, bucket=bucket30700, key=testBatchDelete/parent, dataSize=0, replicationConfig=null} | ret=FAILURE
org.apache.hadoop.ozone.om.exceptions.OMException: Unable to get file status: volume: volume68825 bucket: bucket30700 key: testBatchDelete/parent
	at org.apache.hadoop.ozone.om.KeyManagerImpl.getOzoneFileStatus(KeyManagerImpl.java:1280) ~[ozone-manager-1.3.0-SNAPSHOT.jar:?]
	at org.apache.hadoop.ozone.om.KeyManagerImpl.getFileStatus(KeyManagerImpl.java:1210) ~[ozone-manager-1.3.0-SNAPSHOT.jar:?]
	at org.apache.hadoop.ozone.om.OzoneManager.getFileStatus(OzoneManager.java:3009) ~[ozone-manager-1.3.0-SNAPSHOT.jar:?]
	at org.apache.hadoop.ozone.protocolPB.OzoneManagerRequestHandler.getOzoneFileStatus(OzoneManagerRequestHandler.java:670) ~[ozone-manager-1.3.0-SNAPSHOT.jar:?]
	at org.apache.hadoop.ozone.protocolPB.OzoneManagerRequestHandler.handleReadRequest(OzoneManagerRequestHandler.java:201) ~[ozone-manager-1.3.0-SNAPSHOT.jar:?]
	at org.apache.hadoop.ozone.protocolPB.OzoneManagerProtocolServerSideTranslatorPB.submitRequestDirectlyToOM(OzoneManagerProtocolServerSideTranslatorPB.java:271) ~[ozone-manager-1.3.0-SNAPSHOT.jar:?]
	at org.apache.hadoop.ozone.protocolPB.OzoneManagerProtocolServerSideTranslatorPB.processRequest(OzoneManagerProtocolServerSideTranslatorPB.java:195) ~[ozone-manager-1.3.0-SNAPSHOT.jar:?]
	at org.apache.hadoop.hdds.server.OzoneProtocolMessageDispatcher.processRequest(OzoneProtocolMessageDispatcher.java:87) [hdds-server-framework-1.3.0-SNAPSHOT.jar:?]
	at org.apache.hadoop.ozone.protocolPB.OzoneManagerProtocolServerSideTranslatorPB.submitRequest(OzoneManagerProtocolServerSideTranslatorPB.java:146) [ozone-manager-1.3.0-SNAPSHOT.jar:?]
	at org.apache.hadoop.ozone.protocol.proto.OzoneManagerProtocolProtos$OzoneManagerService$2.callBlockingMethod(OzoneManagerProtocolProtos.java) [ozone-interface-client-1.3.0-SNAPSHOT.jar:?]
	at org.apache.hadoop.ipc.ProtobufRpcEngine$Server.processCall(ProtobufRpcEngine.java:466) [hadoop-common-3.3.1.jar:?]
	at org.apache.hadoop.ipc.ProtobufRpcEngine2$Server$ProtoBufRpcInvoker.call(ProtobufRpcEngine2.java:574) [hadoop-common-3.3.1.jar:?]
	at org.apache.hadoop.ipc.ProtobufRpcEngine2$Server$ProtoBufRpcInvoker.call(ProtobufRpcEngine2.java:552) [hadoop-common-3.3.1.jar:?]
	at org.apache.hadoop.ipc.RPC$Server.call(RPC.java:1093) [hadoop-common-3.3.1.jar:?]
	at org.apache.hadoop.ipc.Server$RpcCall.run(Server.java:1035) [hadoop-common-3.3.1.jar:?]
	at org.apache.hadoop.ipc.Server$RpcCall.run(Server.java:963) [hadoop-common-3.3.1.jar:?]
	at java.security.AccessController.doPrivileged(Native Method) ~[?:1.8.0_322]
	at javax.security.auth.Subject.doAs(Subject.java:422) [?:1.8.0_322]
	at org.apache.hadoop.security.UserGroupInformation.doAs(UserGroupInformation.java:1878) [hadoop-common-3.3.1.jar:?]
	at org.apache.hadoop.ipc.Server$Handler.run(Server.java:2966) [hadoop-common-3.3.1.jar:?]
2022-04-26 01:52:54,384 [Time-limited test] WARN  ozone.BasicOzoneFileSystem (BasicOzoneFileSystem.java:delete(530)) - delete: Path does not exist: /testBatchDelete/parent
]]></system-out>
  </testcase>
  <testcase name="testFileDelete" classname="TestOzoneFileSystem" time="0.16">
    <system-out><![CDATA[01:53:59.899 [IPC Server handler 19 on default port 40803] ERROR OMAudit - user=runner | ip=127.0.0.1 | op=GET_FILE_STATUS {volume=volume85710, bucket=bucket48480, key=testBatchDelete, dataSize=0, replicationConfig=null} | ret=FAILURE
org.apache.hadoop.ozone.om.exceptions.OMException: Unable to get file status: volume: volume85710 bucket: bucket48480 key: testBatchDelete
	at org.apache.hadoop.ozone.om.KeyManagerImpl.getOzoneFileStatus(KeyManagerImpl.java:1280) ~[ozone-manager-1.3.0-SNAPSHOT.jar:?]
	at org.apache.hadoop.ozone.om.KeyManagerImpl.getFileStatus(KeyManagerImpl.java:1210) ~[ozone-manager-1.3.0-SNAPSHOT.jar:?]
	at org.apache.hadoop.ozone.om.OzoneManager.getFileStatus(OzoneManager.java:3009) ~[ozone-manager-1.3.0-SNAPSHOT.jar:?]
	at org.apache.hadoop.ozone.protocolPB.OzoneManagerRequestHandler.getOzoneFileStatus(OzoneManagerRequestHandler.java:670) ~[ozone-manager-1.3.0-SNAPSHOT.jar:?]
	at org.apache.hadoop.ozone.protocolPB.OzoneManagerRequestHandler.handleReadRequest(OzoneManagerRequestHandler.java:201) ~[ozone-manager-1.3.0-SNAPSHOT.jar:?]
	at org.apache.hadoop.ozone.protocolPB.OzoneManagerProtocolServerSideTranslatorPB.submitReadRequestToOM(OzoneManagerProtocolServerSideTranslatorPB.java:213) ~[ozone-manager-1.3.0-SNAPSHOT.jar:?]
	at org.apache.hadoop.ozone.protocolPB.OzoneManagerProtocolServerSideTranslatorPB.processRequest(OzoneManagerProtocolServerSideTranslatorPB.java:174) ~[ozone-manager-1.3.0-SNAPSHOT.jar:?]
	at org.apache.hadoop.hdds.server.OzoneProtocolMessageDispatcher.processRequest(OzoneProtocolMessageDispatcher.java:87) [hdds-server-framework-1.3.0-SNAPSHOT.jar:?]
	at org.apache.hadoop.ozone.protocolPB.OzoneManagerProtocolServerSideTranslatorPB.submitRequest(OzoneManagerProtocolServerSideTranslatorPB.java:146) [ozone-manager-1.3.0-SNAPSHOT.jar:?]
	at org.apache.hadoop.ozone.protocol.proto.OzoneManagerProtocolProtos$OzoneManagerService$2.callBlockingMethod(OzoneManagerProtocolProtos.java) [ozone-interface-client-1.3.0-SNAPSHOT.jar:?]
	at org.apache.hadoop.ipc.ProtobufRpcEngine$Server.processCall(ProtobufRpcEngine.java:466) [hadoop-common-3.3.1.jar:?]
	at org.apache.hadoop.ipc.ProtobufRpcEngine2$Server$ProtoBufRpcInvoker.call(ProtobufRpcEngine2.java:574) [hadoop-common-3.3.1.jar:?]
	at org.apache.hadoop.ipc.ProtobufRpcEngine2$Server$ProtoBufRpcInvoker.call(ProtobufRpcEngine2.java:552) [hadoop-common-3.3.1.jar:?]
	at org.apache.hadoop.ipc.RPC$Server.call(RPC.java:1093) [hadoop-common-3.3.1.jar:?]
	at org.apache.hadoop.ipc.Server$RpcCall.run(Server.java:1035) [hadoop-common-3.3.1.jar:?]
	at org.apache.hadoop.ipc.Server$RpcCall.run(Server.java:963) [hadoop-common-3.3.1.jar:?]
	at java.security.AccessController.doPrivileged(Native Method) ~[?:1.8.0_322]
	at javax.security.auth.Subject.doAs(Subject.java:422) [?:1.8.0_322]
	at org.apache.hadoop.security.UserGroupInformation.doAs(UserGroupInformation.java:1878) [hadoop-common-3.3.1.jar:?]
	at org.apache.hadoop.ipc.Server$Handler.run(Server.java:2966) [hadoop-common-3.3.1.jar:?]
01:53:59.900 [IPC Server handler 1 on default port 40803] ERROR OMAudit - user=runner | ip=127.0.0.1 | op=GET_FILE_STATUS {volume=volume85710, bucket=bucket48480, key=testBatchDelete/parent/child0, dataSize=0, replicationConfig=null} | ret=FAILURE
org.apache.hadoop.ozone.om.exceptions.OMException: Unable to get file status: volume: volume85710 bucket: bucket48480 key: testBatchDelete/parent/child0
	at org.apache.hadoop.ozone.om.KeyManagerImpl.getOzoneFileStatus(KeyManagerImpl.java:1280) ~[ozone-manager-1.3.0-SNAPSHOT.jar:?]
	at org.apache.hadoop.ozone.om.KeyManagerImpl.getFileStatus(KeyManagerImpl.java:1210) ~[ozone-manager-1.3.0-SNAPSHOT.jar:?]
	at org.apache.hadoop.ozone.om.OzoneManager.getFileStatus(OzoneManager.java:3009) ~[ozone-manager-1.3.0-SNAPSHOT.jar:?]
	at org.apache.hadoop.ozone.protocolPB.OzoneManagerRequestHandler.getOzoneFileStatus(OzoneManagerRequestHandler.java:670) ~[ozone-manager-1.3.0-SNAPSHOT.jar:?]
	at org.apache.hadoop.ozone.protocolPB.OzoneManagerRequestHandler.handleReadRequest(OzoneManagerRequestHandler.java:201) ~[ozone-manager-1.3.0-SNAPSHOT.jar:?]
	at org.apache.hadoop.ozone.protocolPB.OzoneManagerProtocolServerSideTranslatorPB.submitReadRequestToOM(OzoneManagerProtocolServerSideTranslatorPB.java:213) ~[ozone-manager-1.3.0-SNAPSHOT.jar:?]
	at org.apache.hadoop.ozone.protocolPB.OzoneManagerProtocolServerSideTranslatorPB.processRequest(OzoneManagerProtocolServerSideTranslatorPB.java:174) ~[ozone-manager-1.3.0-SNAPSHOT.jar:?]
	at org.apache.hadoop.hdds.server.OzoneProtocolMessageDispatcher.processRequest(OzoneProtocolMessageDispatcher.java:87) [hdds-server-framework-1.3.0-SNAPSHOT.jar:?]
	at org.apache.hadoop.ozone.protocolPB.OzoneManagerProtocolServerSideTranslatorPB.submitRequest(OzoneManagerProtocolServerSideTranslatorPB.java:146) [ozone-manager-1.3.0-SNAPSHOT.jar:?]
	at org.apache.hadoop.ozone.protocol.proto.OzoneManagerProtocolProtos$OzoneManagerService$2.callBlockingMethod(OzoneManagerProtocolProtos.java) [ozone-interface-client-1.3.0-SNAPSHOT.jar:?]
	at org.apache.hadoop.ipc.ProtobufRpcEngine$Server.processCall(ProtobufRpcEngine.java:466) [hadoop-common-3.3.1.jar:?]
	at org.apache.hadoop.ipc.ProtobufRpcEngine2$Server$ProtoBufRpcInvoker.call(ProtobufRpcEngine2.java:574) [hadoop-common-3.3.1.jar:?]
	at org.apache.hadoop.ipc.ProtobufRpcEngine2$Server$ProtoBufRpcInvoker.call(ProtobufRpcEngine2.java:552) [hadoop-common-3.3.1.jar:?]
	at org.apache.hadoop.ipc.RPC$Server.call(RPC.java:1093) [hadoop-common-3.3.1.jar:?]
	at org.apache.hadoop.ipc.Server$RpcCall.run(Server.java:1035) [hadoop-common-3.3.1.jar:?]
	at org.apache.hadoop.ipc.Server$RpcCall.run(Server.java:963) [hadoop-common-3.3.1.jar:?]
	at java.security.AccessController.doPrivileged(Native Method) ~[?:1.8.0_322]
	at javax.security.auth.Subject.doAs(Subject.java:422) [?:1.8.0_322]
	at org.apache.hadoop.security.UserGroupInformation.doAs(UserGroupInformation.java:1878) [hadoop-common-3.3.1.jar:?]
	at org.apache.hadoop.ipc.Server$Handler.run(Server.java:2966) [hadoop-common-3.3.1.jar:?]
01:53:59.901 [IPC Server handler 0 on default port 40803] ERROR OMAudit - user=runner | ip=127.0.0.1 | op=GET_FILE_STATUS {volume=volume85710, bucket=bucket48480, key=testBatchDelete/parent/childFolder/child0, dataSize=0, replicationConfig=null} | ret=FAILURE
org.apache.hadoop.ozone.om.exceptions.OMException: Unable to get file status: volume: volume85710 bucket: bucket48480 key: testBatchDelete/parent/childFolder/child0
	at org.apache.hadoop.ozone.om.KeyManagerImpl.getOzoneFileStatus(KeyManagerImpl.java:1280) ~[ozone-manager-1.3.0-SNAPSHOT.jar:?]
	at org.apache.hadoop.ozone.om.KeyManagerImpl.getFileStatus(KeyManagerImpl.java:1210) ~[ozone-manager-1.3.0-SNAPSHOT.jar:?]
	at org.apache.hadoop.ozone.om.OzoneManager.getFileStatus(OzoneManager.java:3009) ~[ozone-manager-1.3.0-SNAPSHOT.jar:?]
	at org.apache.hadoop.ozone.protocolPB.OzoneManagerRequestHandler.getOzoneFileStatus(OzoneManagerRequestHandler.java:670) ~[ozone-manager-1.3.0-SNAPSHOT.jar:?]
	at org.apache.hadoop.ozone.protocolPB.OzoneManagerRequestHandler.handleReadRequest(OzoneManagerRequestHandler.java:201) ~[ozone-manager-1.3.0-SNAPSHOT.jar:?]
	at org.apache.hadoop.ozone.protocolPB.OzoneManagerProtocolServerSideTranslatorPB.submitReadRequestToOM(OzoneManagerProtocolServerSideTranslatorPB.java:213) ~[ozone-manager-1.3.0-SNAPSHOT.jar:?]
	at org.apache.hadoop.ozone.protocolPB.OzoneManagerProtocolServerSideTranslatorPB.processRequest(OzoneManagerProtocolServerSideTranslatorPB.java:174) ~[ozone-manager-1.3.0-SNAPSHOT.jar:?]
	at org.apache.hadoop.hdds.server.OzoneProtocolMessageDispatcher.processRequest(OzoneProtocolMessageDispatcher.java:87) [hdds-server-framework-1.3.0-SNAPSHOT.jar:?]
	at org.apache.hadoop.ozone.protocolPB.OzoneManagerProtocolServerSideTranslatorPB.submitRequest(OzoneManagerProtocolServerSideTranslatorPB.java:146) [ozone-manager-1.3.0-SNAPSHOT.jar:?]
	at org.apache.hadoop.ozone.protocol.proto.OzoneManagerProtocolProtos$OzoneManagerService$2.callBlockingMethod(OzoneManagerProtocolProtos.java) [ozone-interface-client-1.3.0-SNAPSHOT.jar:?]
	at org.apache.hadoop.ipc.ProtobufRpcEngine$Server.processCall(ProtobufRpcEngine.java:466) [hadoop-common-3.3.1.jar:?]
	at org.apache.hadoop.ipc.ProtobufRpcEngine2$Server$ProtoBufRpcInvoker.call(ProtobufRpcEngine2.java:574) [hadoop-common-3.3.1.jar:?]
	at org.apache.hadoop.ipc.ProtobufRpcEngine2$Server$ProtoBufRpcInvoker.call(ProtobufRpcEngine2.java:552) [hadoop-common-3.3.1.jar:?]
	at org.apache.hadoop.ipc.RPC$Server.call(RPC.java:1093) [hadoop-common-3.3.1.jar:?]
	at org.apache.hadoop.ipc.Server$RpcCall.run(Server.java:1035) [hadoop-common-3.3.1.jar:?]
	at org.apache.hadoop.ipc.Server$RpcCall.run(Server.java:963) [hadoop-common-3.3.1.jar:?]
	at java.security.AccessController.doPrivileged(Native Method) ~[?:1.8.0_322]
	at javax.security.auth.Subject.doAs(Subject.java:422) [?:1.8.0_322]
	at org.apache.hadoop.security.UserGroupInformation.doAs(UserGroupInformation.java:1878) [hadoop-common-3.3.1.jar:?]
	at org.apache.hadoop.ipc.Server$Handler.run(Server.java:2966) [hadoop-common-3.3.1.jar:?]
01:53:59.902 [IPC Server handler 5 on default port 40803] ERROR OMAudit - user=runner | ip=127.0.0.1 | op=GET_FILE_STATUS {volume=volume85710, bucket=bucket48480, key=testBatchDelete/parent/child1, dataSize=0, replicationConfig=null} | ret=FAILURE
org.apache.hadoop.ozone.om.exceptions.OMException: Unable to get file status: volume: volume85710 bucket: bucket48480 key: testBatchDelete/parent/child1
	at org.apache.hadoop.ozone.om.KeyManagerImpl.getOzoneFileStatus(KeyManagerImpl.java:1280) ~[ozone-manager-1.3.0-SNAPSHOT.jar:?]
	at org.apache.hadoop.ozone.om.KeyManagerImpl.getFileStatus(KeyManagerImpl.java:1210) ~[ozone-manager-1.3.0-SNAPSHOT.jar:?]
	at org.apache.hadoop.ozone.om.OzoneManager.getFileStatus(OzoneManager.java:3009) ~[ozone-manager-1.3.0-SNAPSHOT.jar:?]
	at org.apache.hadoop.ozone.protocolPB.OzoneManagerRequestHandler.getOzoneFileStatus(OzoneManagerRequestHandler.java:670) ~[ozone-manager-1.3.0-SNAPSHOT.jar:?]
	at org.apache.hadoop.ozone.protocolPB.OzoneManagerRequestHandler.handleReadRequest(OzoneManagerRequestHandler.java:201) ~[ozone-manager-1.3.0-SNAPSHOT.jar:?]
	at org.apache.hadoop.ozone.protocolPB.OzoneManagerProtocolServerSideTranslatorPB.submitReadRequestToOM(OzoneManagerProtocolServerSideTranslatorPB.java:213) ~[ozone-manager-1.3.0-SNAPSHOT.jar:?]
	at org.apache.hadoop.ozone.protocolPB.OzoneManagerProtocolServerSideTranslatorPB.processRequest(OzoneManagerProtocolServerSideTranslatorPB.java:174) ~[ozone-manager-1.3.0-SNAPSHOT.jar:?]
	at org.apache.hadoop.hdds.server.OzoneProtocolMessageDispatcher.processRequest(OzoneProtocolMessageDispatcher.java:87) [hdds-server-framework-1.3.0-SNAPSHOT.jar:?]
	at org.apache.hadoop.ozone.protocolPB.OzoneManagerProtocolServerSideTranslatorPB.submitRequest(OzoneManagerProtocolServerSideTranslatorPB.java:146) [ozone-manager-1.3.0-SNAPSHOT.jar:?]
	at org.apache.hadoop.ozone.protocol.proto.OzoneManagerProtocolProtos$OzoneManagerService$2.callBlockingMethod(OzoneManagerProtocolProtos.java) [ozone-interface-client-1.3.0-SNAPSHOT.jar:?]
	at org.apache.hadoop.ipc.ProtobufRpcEngine$Server.processCall(ProtobufRpcEngine.java:466) [hadoop-common-3.3.1.jar:?]
	at org.apache.hadoop.ipc.ProtobufRpcEngine2$Server$ProtoBufRpcInvoker.call(ProtobufRpcEngine2.java:574) [hadoop-common-3.3.1.jar:?]
	at org.apache.hadoop.ipc.ProtobufRpcEngine2$Server$ProtoBufRpcInvoker.call(ProtobufRpcEngine2.java:552) [hadoop-common-3.3.1.jar:?]
	at org.apache.hadoop.ipc.RPC$Server.call(RPC.java:1093) [hadoop-common-3.3.1.jar:?]
	at org.apache.hadoop.ipc.Server$RpcCall.run(Server.java:1035) [hadoop-common-3.3.1.jar:?]
	at org.apache.hadoop.ipc.Server$RpcCall.run(Server.java:963) [hadoop-common-3.3.1.jar:?]
	at java.security.AccessController.doPrivileged(Native Method) ~[?:1.8.0_322]
	at javax.security.auth.Subject.doAs(Subject.java:422) [?:1.8.0_322]
	at org.apache.hadoop.security.UserGroupInformation.doAs(UserGroupInformation.java:1878) [hadoop-common-3.3.1.jar:?]
	at org.apache.hadoop.ipc.Server$Handler.run(Server.java:2966) [hadoop-common-3.3.1.jar:?]
01:53:59.902 [IPC Server handler 4 on default port 40803] ERROR OMAudit - user=runner | ip=127.0.0.1 | op=GET_FILE_STATUS {volume=volume85710, bucket=bucket48480, key=testBatchDelete/parent/childFolder/child1, dataSize=0, replicationConfig=null} | ret=FAILURE
org.apache.hadoop.ozone.om.exceptions.OMException: Unable to get file status: volume: volume85710 bucket: bucket48480 key: testBatchDelete/parent/childFolder/child1
	at org.apache.hadoop.ozone.om.KeyManagerImpl.getOzoneFileStatus(KeyManagerImpl.java:1280) ~[ozone-manager-1.3.0-SNAPSHOT.jar:?]
	at org.apache.hadoop.ozone.om.KeyManagerImpl.getFileStatus(KeyManagerImpl.java:1210) ~[ozone-manager-1.3.0-SNAPSHOT.jar:?]
	at org.apache.hadoop.ozone.om.OzoneManager.getFileStatus(OzoneManager.java:3009) ~[ozone-manager-1.3.0-SNAPSHOT.jar:?]
	at org.apache.hadoop.ozone.protocolPB.OzoneManagerRequestHandler.getOzoneFileStatus(OzoneManagerRequestHandler.java:670) ~[ozone-manager-1.3.0-SNAPSHOT.jar:?]
	at org.apache.hadoop.ozone.protocolPB.OzoneManagerRequestHandler.handleReadRequest(OzoneManagerRequestHandler.java:201) ~[ozone-manager-1.3.0-SNAPSHOT.jar:?]
	at org.apache.hadoop.ozone.protocolPB.OzoneManagerProtocolServerSideTranslatorPB.submitReadRequestToOM(OzoneManagerProtocolServerSideTranslatorPB.java:213) ~[ozone-manager-1.3.0-SNAPSHOT.jar:?]
	at org.apache.hadoop.ozone.protocolPB.OzoneManagerProtocolServerSideTranslatorPB.processRequest(OzoneManagerProtocolServerSideTranslatorPB.java:174) ~[ozone-manager-1.3.0-SNAPSHOT.jar:?]
	at org.apache.hadoop.hdds.server.OzoneProtocolMessageDispatcher.processRequest(OzoneProtocolMessageDispatcher.java:87) [hdds-server-framework-1.3.0-SNAPSHOT.jar:?]
	at org.apache.hadoop.ozone.protocolPB.OzoneManagerProtocolServerSideTranslatorPB.submitRequest(OzoneManagerProtocolServerSideTranslatorPB.java:146) [ozone-manager-1.3.0-SNAPSHOT.jar:?]
	at org.apache.hadoop.ozone.protocol.proto.OzoneManagerProtocolProtos$OzoneManagerService$2.callBlockingMethod(OzoneManagerProtocolProtos.java) [ozone-interface-client-1.3.0-SNAPSHOT.jar:?]
	at org.apache.hadoop.ipc.ProtobufRpcEngine$Server.processCall(ProtobufRpcEngine.java:466) [hadoop-common-3.3.1.jar:?]
	at org.apache.hadoop.ipc.ProtobufRpcEngine2$Server$ProtoBufRpcInvoker.call(ProtobufRpcEngine2.java:574) [hadoop-common-3.3.1.jar:?]
	at org.apache.hadoop.ipc.ProtobufRpcEngine2$Server$ProtoBufRpcInvoker.call(ProtobufRpcEngine2.java:552) [hadoop-common-3.3.1.jar:?]
	at org.apache.hadoop.ipc.RPC$Server.call(RPC.java:1093) [hadoop-common-3.3.1.jar:?]
	at org.apache.hadoop.ipc.Server$RpcCall.run(Server.java:1035) [hadoop-common-3.3.1.jar:?]
	at org.apache.hadoop.ipc.Server$RpcCall.run(Server.java:963) [hadoop-common-3.3.1.jar:?]
	at java.security.AccessController.doPrivileged(Native Method) ~[?:1.8.0_322]
	at javax.security.auth.Subject.doAs(Subject.java:422) [?:1.8.0_322]
	at org.apache.hadoop.security.UserGroupInformation.doAs(UserGroupInformation.java:1878) [hadoop-common-3.3.1.jar:?]
	at org.apache.hadoop.ipc.Server$Handler.run(Server.java:2966) [hadoop-common-3.3.1.jar:?]
01:53:59.903 [IPC Server handler 3 on default port 40803] ERROR OMAudit - user=runner | ip=127.0.0.1 | op=GET_FILE_STATUS {volume=volume85710, bucket=bucket48480, key=testBatchDelete/parent/child2, dataSize=0, replicationConfig=null} | ret=FAILURE
org.apache.hadoop.ozone.om.exceptions.OMException: Unable to get file status: volume: volume85710 bucket: bucket48480 key: testBatchDelete/parent/child2
	at org.apache.hadoop.ozone.om.KeyManagerImpl.getOzoneFileStatus(KeyManagerImpl.java:1280) ~[ozone-manager-1.3.0-SNAPSHOT.jar:?]
	at org.apache.hadoop.ozone.om.KeyManagerImpl.getFileStatus(KeyManagerImpl.java:1210) ~[ozone-manager-1.3.0-SNAPSHOT.jar:?]
	at org.apache.hadoop.ozone.om.OzoneManager.getFileStatus(OzoneManager.java:3009) ~[ozone-manager-1.3.0-SNAPSHOT.jar:?]
	at org.apache.hadoop.ozone.protocolPB.OzoneManagerRequestHandler.getOzoneFileStatus(OzoneManagerRequestHandler.java:670) ~[ozone-manager-1.3.0-SNAPSHOT.jar:?]
	at org.apache.hadoop.ozone.protocolPB.OzoneManagerRequestHandler.handleReadRequest(OzoneManagerRequestHandler.java:201) ~[ozone-manager-1.3.0-SNAPSHOT.jar:?]
	at org.apache.hadoop.ozone.protocolPB.OzoneManagerProtocolServerSideTranslatorPB.submitReadRequestToOM(OzoneManagerProtocolServerSideTranslatorPB.java:213) ~[ozone-manager-1.3.0-SNAPSHOT.jar:?]
	at org.apache.hadoop.ozone.protocolPB.OzoneManagerProtocolServerSideTranslatorPB.processRequest(OzoneManagerProtocolServerSideTranslatorPB.java:174) ~[ozone-manager-1.3.0-SNAPSHOT.jar:?]
	at org.apache.hadoop.hdds.server.OzoneProtocolMessageDispatcher.processRequest(OzoneProtocolMessageDispatcher.java:87) [hdds-server-framework-1.3.0-SNAPSHOT.jar:?]
	at org.apache.hadoop.ozone.protocolPB.OzoneManagerProtocolServerSideTranslatorPB.submitRequest(OzoneManagerProtocolServerSideTranslatorPB.java:146) [ozone-manager-1.3.0-SNAPSHOT.jar:?]
	at org.apache.hadoop.ozone.protocol.proto.OzoneManagerProtocolProtos$OzoneManagerService$2.callBlockingMethod(OzoneManagerProtocolProtos.java) [ozone-interface-client-1.3.0-SNAPSHOT.jar:?]
	at org.apache.hadoop.ipc.ProtobufRpcEngine$Server.processCall(ProtobufRpcEngine.java:466) [hadoop-common-3.3.1.jar:?]
	at org.apache.hadoop.ipc.ProtobufRpcEngine2$Server$ProtoBufRpcInvoker.call(ProtobufRpcEngine2.java:574) [hadoop-common-3.3.1.jar:?]
	at org.apache.hadoop.ipc.ProtobufRpcEngine2$Server$ProtoBufRpcInvoker.call(ProtobufRpcEngine2.java:552) [hadoop-common-3.3.1.jar:?]
	at org.apache.hadoop.ipc.RPC$Server.call(RPC.java:1093) [hadoop-common-3.3.1.jar:?]
	at org.apache.hadoop.ipc.Server$RpcCall.run(Server.java:1035) [hadoop-common-3.3.1.jar:?]
	at org.apache.hadoop.ipc.Server$RpcCall.run(Server.java:963) [hadoop-common-3.3.1.jar:?]
	at java.security.AccessController.doPrivileged(Native Method) ~[?:1.8.0_322]
	at javax.security.auth.Subject.doAs(Subject.java:422) [?:1.8.0_322]
	at org.apache.hadoop.security.UserGroupInformation.doAs(UserGroupInformation.java:1878) [hadoop-common-3.3.1.jar:?]
	at org.apache.hadoop.ipc.Server$Handler.run(Server.java:2966) [hadoop-common-3.3.1.jar:?]
01:53:59.903 [IPC Server handler 6 on default port 40803] ERROR OMAudit - user=runner | ip=127.0.0.1 | op=GET_FILE_STATUS {volume=volume85710, bucket=bucket48480, key=testBatchDelete/parent/childFolder/child2, dataSize=0, replicationConfig=null} | ret=FAILURE
org.apache.hadoop.ozone.om.exceptions.OMException: Unable to get file status: volume: volume85710 bucket: bucket48480 key: testBatchDelete/parent/childFolder/child2
	at org.apache.hadoop.ozone.om.KeyManagerImpl.getOzoneFileStatus(KeyManagerImpl.java:1280) ~[ozone-manager-1.3.0-SNAPSHOT.jar:?]
	at org.apache.hadoop.ozone.om.KeyManagerImpl.getFileStatus(KeyManagerImpl.java:1210) ~[ozone-manager-1.3.0-SNAPSHOT.jar:?]
	at org.apache.hadoop.ozone.om.OzoneManager.getFileStatus(OzoneManager.java:3009) ~[ozone-manager-1.3.0-SNAPSHOT.jar:?]
	at org.apache.hadoop.ozone.protocolPB.OzoneManagerRequestHandler.getOzoneFileStatus(OzoneManagerRequestHandler.java:670) ~[ozone-manager-1.3.0-SNAPSHOT.jar:?]
	at org.apache.hadoop.ozone.protocolPB.OzoneManagerRequestHandler.handleReadRequest(OzoneManagerRequestHandler.java:201) ~[ozone-manager-1.3.0-SNAPSHOT.jar:?]
	at org.apache.hadoop.ozone.protocolPB.OzoneManagerProtocolServerSideTranslatorPB.submitReadRequestToOM(OzoneManagerProtocolServerSideTranslatorPB.java:213) ~[ozone-manager-1.3.0-SNAPSHOT.jar:?]
	at org.apache.hadoop.ozone.protocolPB.OzoneManagerProtocolServerSideTranslatorPB.processRequest(OzoneManagerProtocolServerSideTranslatorPB.java:174) ~[ozone-manager-1.3.0-SNAPSHOT.jar:?]
	at org.apache.hadoop.hdds.server.OzoneProtocolMessageDispatcher.processRequest(OzoneProtocolMessageDispatcher.java:87) [hdds-server-framework-1.3.0-SNAPSHOT.jar:?]
	at org.apache.hadoop.ozone.protocolPB.OzoneManagerProtocolServerSideTranslatorPB.submitRequest(OzoneManagerProtocolServerSideTranslatorPB.java:146) [ozone-manager-1.3.0-SNAPSHOT.jar:?]
	at org.apache.hadoop.ozone.protocol.proto.OzoneManagerProtocolProtos$OzoneManagerService$2.callBlockingMethod(OzoneManagerProtocolProtos.java) [ozone-interface-client-1.3.0-SNAPSHOT.jar:?]
	at org.apache.hadoop.ipc.ProtobufRpcEngine$Server.processCall(ProtobufRpcEngine.java:466) [hadoop-common-3.3.1.jar:?]
	at org.apache.hadoop.ipc.ProtobufRpcEngine2$Server$ProtoBufRpcInvoker.call(ProtobufRpcEngine2.java:574) [hadoop-common-3.3.1.jar:?]
	at org.apache.hadoop.ipc.ProtobufRpcEngine2$Server$ProtoBufRpcInvoker.call(ProtobufRpcEngine2.java:552) [hadoop-common-3.3.1.jar:?]
	at org.apache.hadoop.ipc.RPC$Server.call(RPC.java:1093) [hadoop-common-3.3.1.jar:?]
	at org.apache.hadoop.ipc.Server$RpcCall.run(Server.java:1035) [hadoop-common-3.3.1.jar:?]
	at org.apache.hadoop.ipc.Server$RpcCall.run(Server.java:963) [hadoop-common-3.3.1.jar:?]
	at java.security.AccessController.doPrivileged(Native Method) ~[?:1.8.0_322]
	at javax.security.auth.Subject.doAs(Subject.java:422) [?:1.8.0_322]
	at org.apache.hadoop.security.UserGroupInformation.doAs(UserGroupInformation.java:1878) [hadoop-common-3.3.1.jar:?]
	at org.apache.hadoop.ipc.Server$Handler.run(Server.java:2966) [hadoop-common-3.3.1.jar:?]
01:53:59.904 [IPC Server handler 7 on default port 40803] ERROR OMAudit - user=runner | ip=127.0.0.1 | op=GET_FILE_STATUS {volume=volume85710, bucket=bucket48480, key=testBatchDelete/parent/child3, dataSize=0, replicationConfig=null} | ret=FAILURE
org.apache.hadoop.ozone.om.exceptions.OMException: Unable to get file status: volume: volume85710 bucket: bucket48480 key: testBatchDelete/parent/child3
	at org.apache.hadoop.ozone.om.KeyManagerImpl.getOzoneFileStatus(KeyManagerImpl.java:1280) ~[ozone-manager-1.3.0-SNAPSHOT.jar:?]
	at org.apache.hadoop.ozone.om.KeyManagerImpl.getFileStatus(KeyManagerImpl.java:1210) ~[ozone-manager-1.3.0-SNAPSHOT.jar:?]
	at org.apache.hadoop.ozone.om.OzoneManager.getFileStatus(OzoneManager.java:3009) ~[ozone-manager-1.3.0-SNAPSHOT.jar:?]
	at org.apache.hadoop.ozone.protocolPB.OzoneManagerRequestHandler.getOzoneFileStatus(OzoneManagerRequestHandler.java:670) ~[ozone-manager-1.3.0-SNAPSHOT.jar:?]
	at org.apache.hadoop.ozone.protocolPB.OzoneManagerRequestHandler.handleReadRequest(OzoneManagerRequestHandler.java:201) ~[ozone-manager-1.3.0-SNAPSHOT.jar:?]
	at org.apache.hadoop.ozone.protocolPB.OzoneManagerProtocolServerSideTranslatorPB.submitReadRequestToOM(OzoneManagerProtocolServerSideTranslatorPB.java:213) ~[ozone-manager-1.3.0-SNAPSHOT.jar:?]
	at org.apache.hadoop.ozone.protocolPB.OzoneManagerProtocolServerSideTranslatorPB.processRequest(OzoneManagerProtocolServerSideTranslatorPB.java:174) ~[ozone-manager-1.3.0-SNAPSHOT.jar:?]
	at org.apache.hadoop.hdds.server.OzoneProtocolMessageDispatcher.processRequest(OzoneProtocolMessageDispatcher.java:87) [hdds-server-framework-1.3.0-SNAPSHOT.jar:?]
	at org.apache.hadoop.ozone.protocolPB.OzoneManagerProtocolServerSideTranslatorPB.submitRequest(OzoneManagerProtocolServerSideTranslatorPB.java:146) [ozone-manager-1.3.0-SNAPSHOT.jar:?]
	at org.apache.hadoop.ozone.protocol.proto.OzoneManagerProtocolProtos$OzoneManagerService$2.callBlockingMethod(OzoneManagerProtocolProtos.java) [ozone-interface-client-1.3.0-SNAPSHOT.jar:?]
	at org.apache.hadoop.ipc.ProtobufRpcEngine$Server.processCall(ProtobufRpcEngine.java:466) [hadoop-common-3.3.1.jar:?]
	at org.apache.hadoop.ipc.ProtobufRpcEngine2$Server$ProtoBufRpcInvoker.call(ProtobufRpcEngine2.java:574) [hadoop-common-3.3.1.jar:?]
	at org.apache.hadoop.ipc.ProtobufRpcEngine2$Server$ProtoBufRpcInvoker.call(ProtobufRpcEngine2.java:552) [hadoop-common-3.3.1.jar:?]
	at org.apache.hadoop.ipc.RPC$Server.call(RPC.java:1093) [hadoop-common-3.3.1.jar:?]
	at org.apache.hadoop.ipc.Server$RpcCall.run(Server.java:1035) [hadoop-common-3.3.1.jar:?]
	at org.apache.hadoop.ipc.Server$RpcCall.run(Server.java:963) [hadoop-common-3.3.1.jar:?]
	at java.security.AccessController.doPrivileged(Native Method) ~[?:1.8.0_322]
	at javax.security.auth.Subject.doAs(Subject.java:422) [?:1.8.0_322]
	at org.apache.hadoop.security.UserGroupInformation.doAs(UserGroupInformation.java:1878) [hadoop-common-3.3.1.jar:?]
	at org.apache.hadoop.ipc.Server$Handler.run(Server.java:2966) [hadoop-common-3.3.1.jar:?]
01:53:59.904 [IPC Server handler 10 on default port 40803] ERROR OMAudit - user=runner | ip=127.0.0.1 | op=GET_FILE_STATUS {volume=volume85710, bucket=bucket48480, key=testBatchDelete/parent/childFolder/child3, dataSize=0, replicationConfig=null} | ret=FAILURE
org.apache.hadoop.ozone.om.exceptions.OMException: Unable to get file status: volume: volume85710 bucket: bucket48480 key: testBatchDelete/parent/childFolder/child3
	at org.apache.hadoop.ozone.om.KeyManagerImpl.getOzoneFileStatus(KeyManagerImpl.java:1280) ~[ozone-manager-1.3.0-SNAPSHOT.jar:?]
	at org.apache.hadoop.ozone.om.KeyManagerImpl.getFileStatus(KeyManagerImpl.java:1210) ~[ozone-manager-1.3.0-SNAPSHOT.jar:?]
	at org.apache.hadoop.ozone.om.OzoneManager.getFileStatus(OzoneManager.java:3009) ~[ozone-manager-1.3.0-SNAPSHOT.jar:?]
	at org.apache.hadoop.ozone.protocolPB.OzoneManagerRequestHandler.getOzoneFileStatus(OzoneManagerRequestHandler.java:670) ~[ozone-manager-1.3.0-SNAPSHOT.jar:?]
	at org.apache.hadoop.ozone.protocolPB.OzoneManagerRequestHandler.handleReadRequest(OzoneManagerRequestHandler.java:201) ~[ozone-manager-1.3.0-SNAPSHOT.jar:?]
	at org.apache.hadoop.ozone.protocolPB.OzoneManagerProtocolServerSideTranslatorPB.submitReadRequestToOM(OzoneManagerProtocolServerSideTranslatorPB.java:213) ~[ozone-manager-1.3.0-SNAPSHOT.jar:?]
	at org.apache.hadoop.ozone.protocolPB.OzoneManagerProtocolServerSideTranslatorPB.processRequest(OzoneManagerProtocolServerSideTranslatorPB.java:174) ~[ozone-manager-1.3.0-SNAPSHOT.jar:?]
	at org.apache.hadoop.hdds.server.OzoneProtocolMessageDispatcher.processRequest(OzoneProtocolMessageDispatcher.java:87) [hdds-server-framework-1.3.0-SNAPSHOT.jar:?]
	at org.apache.hadoop.ozone.protocolPB.OzoneManagerProtocolServerSideTranslatorPB.submitRequest(OzoneManagerProtocolServerSideTranslatorPB.java:146) [ozone-manager-1.3.0-SNAPSHOT.jar:?]
	at org.apache.hadoop.ozone.protocol.proto.OzoneManagerProtocolProtos$OzoneManagerService$2.callBlockingMethod(OzoneManagerProtocolProtos.java) [ozone-interface-client-1.3.0-SNAPSHOT.jar:?]
	at org.apache.hadoop.ipc.ProtobufRpcEngine$Server.processCall(ProtobufRpcEngine.java:466) [hadoop-common-3.3.1.jar:?]
	at org.apache.hadoop.ipc.ProtobufRpcEngine2$Server$ProtoBufRpcInvoker.call(ProtobufRpcEngine2.java:574) [hadoop-common-3.3.1.jar:?]
	at org.apache.hadoop.ipc.ProtobufRpcEngine2$Server$ProtoBufRpcInvoker.call(ProtobufRpcEngine2.java:552) [hadoop-common-3.3.1.jar:?]
	at org.apache.hadoop.ipc.RPC$Server.call(RPC.java:1093) [hadoop-common-3.3.1.jar:?]
	at org.apache.hadoop.ipc.Server$RpcCall.run(Server.java:1035) [hadoop-common-3.3.1.jar:?]
	at org.apache.hadoop.ipc.Server$RpcCall.run(Server.java:963) [hadoop-common-3.3.1.jar:?]
	at java.security.AccessController.doPrivileged(Native Method) ~[?:1.8.0_322]
	at javax.security.auth.Subject.doAs(Subject.java:422) [?:1.8.0_322]
	at org.apache.hadoop.security.UserGroupInformation.doAs(UserGroupInformation.java:1878) [hadoop-common-3.3.1.jar:?]
	at org.apache.hadoop.ipc.Server$Handler.run(Server.java:2966) [hadoop-common-3.3.1.jar:?]
01:53:59.905 [IPC Server handler 11 on default port 40803] ERROR OMAudit - user=runner | ip=127.0.0.1 | op=GET_FILE_STATUS {volume=volume85710, bucket=bucket48480, key=testBatchDelete/parent/child4, dataSize=0, replicationConfig=null} | ret=FAILURE
org.apache.hadoop.ozone.om.exceptions.OMException: Unable to get file status: volume: volume85710 bucket: bucket48480 key: testBatchDelete/parent/child4
	at org.apache.hadoop.ozone.om.KeyManagerImpl.getOzoneFileStatus(KeyManagerImpl.java:1280) ~[ozone-manager-1.3.0-SNAPSHOT.jar:?]
	at org.apache.hadoop.ozone.om.KeyManagerImpl.getFileStatus(KeyManagerImpl.java:1210) ~[ozone-manager-1.3.0-SNAPSHOT.jar:?]
	at org.apache.hadoop.ozone.om.OzoneManager.getFileStatus(OzoneManager.java:3009) ~[ozone-manager-1.3.0-SNAPSHOT.jar:?]
	at org.apache.hadoop.ozone.protocolPB.OzoneManagerRequestHandler.getOzoneFileStatus(OzoneManagerRequestHandler.java:670) ~[ozone-manager-1.3.0-SNAPSHOT.jar:?]
	at org.apache.hadoop.ozone.protocolPB.OzoneManagerRequestHandler.handleReadRequest(OzoneManagerRequestHandler.java:201) ~[ozone-manager-1.3.0-SNAPSHOT.jar:?]
	at org.apache.hadoop.ozone.protocolPB.OzoneManagerProtocolServerSideTranslatorPB.submitReadRequestToOM(OzoneManagerProtocolServerSideTranslatorPB.java:213) ~[ozone-manager-1.3.0-SNAPSHOT.jar:?]
	at org.apache.hadoop.ozone.protocolPB.OzoneManagerProtocolServerSideTranslatorPB.processRequest(OzoneManagerProtocolServerSideTranslatorPB.java:174) ~[ozone-manager-1.3.0-SNAPSHOT.jar:?]
	at org.apache.hadoop.hdds.server.OzoneProtocolMessageDispatcher.processRequest(OzoneProtocolMessageDispatcher.java:87) [hdds-server-framework-1.3.0-SNAPSHOT.jar:?]
	at org.apache.hadoop.ozone.protocolPB.OzoneManagerProtocolServerSideTranslatorPB.submitRequest(OzoneManagerProtocolServerSideTranslatorPB.java:146) [ozone-manager-1.3.0-SNAPSHOT.jar:?]
	at org.apache.hadoop.ozone.protocol.proto.OzoneManagerProtocolProtos$OzoneManagerService$2.callBlockingMethod(OzoneManagerProtocolProtos.java) [ozone-interface-client-1.3.0-SNAPSHOT.jar:?]
	at org.apache.hadoop.ipc.ProtobufRpcEngine$Server.processCall(ProtobufRpcEngine.java:466) [hadoop-common-3.3.1.jar:?]
	at org.apache.hadoop.ipc.ProtobufRpcEngine2$Server$ProtoBufRpcInvoker.call(ProtobufRpcEngine2.java:574) [hadoop-common-3.3.1.jar:?]
	at org.apache.hadoop.ipc.ProtobufRpcEngine2$Server$ProtoBufRpcInvoker.call(ProtobufRpcEngine2.java:552) [hadoop-common-3.3.1.jar:?]
	at org.apache.hadoop.ipc.RPC$Server.call(RPC.java:1093) [hadoop-common-3.3.1.jar:?]
	at org.apache.hadoop.ipc.Server$RpcCall.run(Server.java:1035) [hadoop-common-3.3.1.jar:?]
	at org.apache.hadoop.ipc.Server$RpcCall.run(Server.java:963) [hadoop-common-3.3.1.jar:?]
	at java.security.AccessController.doPrivileged(Native Method) ~[?:1.8.0_322]
	at javax.security.auth.Subject.doAs(Subject.java:422) [?:1.8.0_322]
	at org.apache.hadoop.security.UserGroupInformation.doAs(UserGroupInformation.java:1878) [hadoop-common-3.3.1.jar:?]
	at org.apache.hadoop.ipc.Server$Handler.run(Server.java:2966) [hadoop-common-3.3.1.jar:?]
01:53:59.906 [IPC Server handler 2 on default port 40803] ERROR OMAudit - user=runner | ip=127.0.0.1 | op=GET_FILE_STATUS {volume=volume85710, bucket=bucket48480, key=testBatchDelete/parent/childFolder/child4, dataSize=0, replicationConfig=null} | ret=FAILURE
org.apache.hadoop.ozone.om.exceptions.OMException: Unable to get file status: volume: volume85710 bucket: bucket48480 key: testBatchDelete/parent/childFolder/child4
	at org.apache.hadoop.ozone.om.KeyManagerImpl.getOzoneFileStatus(KeyManagerImpl.java:1280) ~[ozone-manager-1.3.0-SNAPSHOT.jar:?]
	at org.apache.hadoop.ozone.om.KeyManagerImpl.getFileStatus(KeyManagerImpl.java:1210) ~[ozone-manager-1.3.0-SNAPSHOT.jar:?]
	at org.apache.hadoop.ozone.om.OzoneManager.getFileStatus(OzoneManager.java:3009) ~[ozone-manager-1.3.0-SNAPSHOT.jar:?]
	at org.apache.hadoop.ozone.protocolPB.OzoneManagerRequestHandler.getOzoneFileStatus(OzoneManagerRequestHandler.java:670) ~[ozone-manager-1.3.0-SNAPSHOT.jar:?]
	at org.apache.hadoop.ozone.protocolPB.OzoneManagerRequestHandler.handleReadRequest(OzoneManagerRequestHandler.java:201) ~[ozone-manager-1.3.0-SNAPSHOT.jar:?]
	at org.apache.hadoop.ozone.protocolPB.OzoneManagerProtocolServerSideTranslatorPB.submitReadRequestToOM(OzoneManagerProtocolServerSideTranslatorPB.java:213) ~[ozone-manager-1.3.0-SNAPSHOT.jar:?]
	at org.apache.hadoop.ozone.protocolPB.OzoneManagerProtocolServerSideTranslatorPB.processRequest(OzoneManagerProtocolServerSideTranslatorPB.java:174) ~[ozone-manager-1.3.0-SNAPSHOT.jar:?]
	at org.apache.hadoop.hdds.server.OzoneProtocolMessageDispatcher.processRequest(OzoneProtocolMessageDispatcher.java:87) [hdds-server-framework-1.3.0-SNAPSHOT.jar:?]
	at org.apache.hadoop.ozone.protocolPB.OzoneManagerProtocolServerSideTranslatorPB.submitRequest(OzoneManagerProtocolServerSideTranslatorPB.java:146) [ozone-manager-1.3.0-SNAPSHOT.jar:?]
	at org.apache.hadoop.ozone.protocol.proto.OzoneManagerProtocolProtos$OzoneManagerService$2.callBlockingMethod(OzoneManagerProtocolProtos.java) [ozone-interface-client-1.3.0-SNAPSHOT.jar:?]
	at org.apache.hadoop.ipc.ProtobufRpcEngine$Server.processCall(ProtobufRpcEngine.java:466) [hadoop-common-3.3.1.jar:?]
	at org.apache.hadoop.ipc.ProtobufRpcEngine2$Server$ProtoBufRpcInvoker.call(ProtobufRpcEngine2.java:574) [hadoop-common-3.3.1.jar:?]
	at org.apache.hadoop.ipc.ProtobufRpcEngine2$Server$ProtoBufRpcInvoker.call(ProtobufRpcEngine2.java:552) [hadoop-common-3.3.1.jar:?]
	at org.apache.hadoop.ipc.RPC$Server.call(RPC.java:1093) [hadoop-common-3.3.1.jar:?]
	at org.apache.hadoop.ipc.Server$RpcCall.run(Server.java:1035) [hadoop-common-3.3.1.jar:?]
	at org.apache.hadoop.ipc.Server$RpcCall.run(Server.java:963) [hadoop-common-3.3.1.jar:?]
	at java.security.AccessController.doPrivileged(Native Method) ~[?:1.8.0_322]
	at javax.security.auth.Subject.doAs(Subject.java:422) [?:1.8.0_322]
	at org.apache.hadoop.security.UserGroupInformation.doAs(UserGroupInformation.java:1878) [hadoop-common-3.3.1.jar:?]
	at org.apache.hadoop.ipc.Server$Handler.run(Server.java:2966) [hadoop-common-3.3.1.jar:?]
01:53:59.906 [IPC Server handler 13 on default port 40803] ERROR OMAudit - user=runner | ip=127.0.0.1 | op=GET_FILE_STATUS {volume=volume85710, bucket=bucket48480, key=testBatchDelete/parent/child5, dataSize=0, replicationConfig=null} | ret=FAILURE
org.apache.hadoop.ozone.om.exceptions.OMException: Unable to get file status: volume: volume85710 bucket: bucket48480 key: testBatchDelete/parent/child5
	at org.apache.hadoop.ozone.om.KeyManagerImpl.getOzoneFileStatus(KeyManagerImpl.java:1280) ~[ozone-manager-1.3.0-SNAPSHOT.jar:?]
	at org.apache.hadoop.ozone.om.KeyManagerImpl.getFileStatus(KeyManagerImpl.java:1210) ~[ozone-manager-1.3.0-SNAPSHOT.jar:?]
	at org.apache.hadoop.ozone.om.OzoneManager.getFileStatus(OzoneManager.java:3009) ~[ozone-manager-1.3.0-SNAPSHOT.jar:?]
	at org.apache.hadoop.ozone.protocolPB.OzoneManagerRequestHandler.getOzoneFileStatus(OzoneManagerRequestHandler.java:670) ~[ozone-manager-1.3.0-SNAPSHOT.jar:?]
	at org.apache.hadoop.ozone.protocolPB.OzoneManagerRequestHandler.handleReadRequest(OzoneManagerRequestHandler.java:201) ~[ozone-manager-1.3.0-SNAPSHOT.jar:?]
	at org.apache.hadoop.ozone.protocolPB.OzoneManagerProtocolServerSideTranslatorPB.submitReadRequestToOM(OzoneManagerProtocolServerSideTranslatorPB.java:213) ~[ozone-manager-1.3.0-SNAPSHOT.jar:?]
	at org.apache.hadoop.ozone.protocolPB.OzoneManagerProtocolServerSideTranslatorPB.processRequest(OzoneManagerProtocolServerSideTranslatorPB.java:174) ~[ozone-manager-1.3.0-SNAPSHOT.jar:?]
	at org.apache.hadoop.hdds.server.OzoneProtocolMessageDispatcher.processRequest(OzoneProtocolMessageDispatcher.java:87) [hdds-server-framework-1.3.0-SNAPSHOT.jar:?]
	at org.apache.hadoop.ozone.protocolPB.OzoneManagerProtocolServerSideTranslatorPB.submitRequest(OzoneManagerProtocolServerSideTranslatorPB.java:146) [ozone-manager-1.3.0-SNAPSHOT.jar:?]
	at org.apache.hadoop.ozone.protocol.proto.OzoneManagerProtocolProtos$OzoneManagerService$2.callBlockingMethod(OzoneManagerProtocolProtos.java) [ozone-interface-client-1.3.0-SNAPSHOT.jar:?]
	at org.apache.hadoop.ipc.ProtobufRpcEngine$Server.processCall(ProtobufRpcEngine.java:466) [hadoop-common-3.3.1.jar:?]
	at org.apache.hadoop.ipc.ProtobufRpcEngine2$Server$ProtoBufRpcInvoker.call(ProtobufRpcEngine2.java:574) [hadoop-common-3.3.1.jar:?]
	at org.apache.hadoop.ipc.ProtobufRpcEngine2$Server$ProtoBufRpcInvoker.call(ProtobufRpcEngine2.java:552) [hadoop-common-3.3.1.jar:?]
	at org.apache.hadoop.ipc.RPC$Server.call(RPC.java:1093) [hadoop-common-3.3.1.jar:?]
	at org.apache.hadoop.ipc.Server$RpcCall.run(Server.java:1035) [hadoop-common-3.3.1.jar:?]
	at org.apache.hadoop.ipc.Server$RpcCall.run(Server.java:963) [hadoop-common-3.3.1.jar:?]
	at java.security.AccessController.doPrivileged(Native Method) ~[?:1.8.0_322]
	at javax.security.auth.Subject.doAs(Subject.java:422) [?:1.8.0_322]
	at org.apache.hadoop.security.UserGroupInformation.doAs(UserGroupInformation.java:1878) [hadoop-common-3.3.1.jar:?]
	at org.apache.hadoop.ipc.Server$Handler.run(Server.java:2966) [hadoop-common-3.3.1.jar:?]
01:53:59.907 [IPC Server handler 12 on default port 40803] ERROR OMAudit - user=runner | ip=127.0.0.1 | op=GET_FILE_STATUS {volume=volume85710, bucket=bucket48480, key=testBatchDelete/parent/childFolder/child5, dataSize=0, replicationConfig=null} | ret=FAILURE
org.apache.hadoop.ozone.om.exceptions.OMException: Unable to get file status: volume: volume85710 bucket: bucket48480 key: testBatchDelete/parent/childFolder/child5
	at org.apache.hadoop.ozone.om.KeyManagerImpl.getOzoneFileStatus(KeyManagerImpl.java:1280) ~[ozone-manager-1.3.0-SNAPSHOT.jar:?]
	at org.apache.hadoop.ozone.om.KeyManagerImpl.getFileStatus(KeyManagerImpl.java:1210) ~[ozone-manager-1.3.0-SNAPSHOT.jar:?]
	at org.apache.hadoop.ozone.om.OzoneManager.getFileStatus(OzoneManager.java:3009) ~[ozone-manager-1.3.0-SNAPSHOT.jar:?]
	at org.apache.hadoop.ozone.protocolPB.OzoneManagerRequestHandler.getOzoneFileStatus(OzoneManagerRequestHandler.java:670) ~[ozone-manager-1.3.0-SNAPSHOT.jar:?]
	at org.apache.hadoop.ozone.protocolPB.OzoneManagerRequestHandler.handleReadRequest(OzoneManagerRequestHandler.java:201) ~[ozone-manager-1.3.0-SNAPSHOT.jar:?]
	at org.apache.hadoop.ozone.protocolPB.OzoneManagerProtocolServerSideTranslatorPB.submitReadRequestToOM(OzoneManagerProtocolServerSideTranslatorPB.java:213) ~[ozone-manager-1.3.0-SNAPSHOT.jar:?]
	at org.apache.hadoop.ozone.protocolPB.OzoneManagerProtocolServerSideTranslatorPB.processRequest(OzoneManagerProtocolServerSideTranslatorPB.java:174) ~[ozone-manager-1.3.0-SNAPSHOT.jar:?]
	at org.apache.hadoop.hdds.server.OzoneProtocolMessageDispatcher.processRequest(OzoneProtocolMessageDispatcher.java:87) [hdds-server-framework-1.3.0-SNAPSHOT.jar:?]
	at org.apache.hadoop.ozone.protocolPB.OzoneManagerProtocolServerSideTranslatorPB.submitRequest(OzoneManagerProtocolServerSideTranslatorPB.java:146) [ozone-manager-1.3.0-SNAPSHOT.jar:?]
	at org.apache.hadoop.ozone.protocol.proto.OzoneManagerProtocolProtos$OzoneManagerService$2.callBlockingMethod(OzoneManagerProtocolProtos.java) [ozone-interface-client-1.3.0-SNAPSHOT.jar:?]
	at org.apache.hadoop.ipc.ProtobufRpcEngine$Server.processCall(ProtobufRpcEngine.java:466) [hadoop-common-3.3.1.jar:?]
	at org.apache.hadoop.ipc.ProtobufRpcEngine2$Server$ProtoBufRpcInvoker.call(ProtobufRpcEngine2.java:574) [hadoop-common-3.3.1.jar:?]
	at org.apache.hadoop.ipc.ProtobufRpcEngine2$Server$ProtoBufRpcInvoker.call(ProtobufRpcEngine2.java:552) [hadoop-common-3.3.1.jar:?]
	at org.apache.hadoop.ipc.RPC$Server.call(RPC.java:1093) [hadoop-common-3.3.1.jar:?]
	at org.apache.hadoop.ipc.Server$RpcCall.run(Server.java:1035) [hadoop-common-3.3.1.jar:?]
	at org.apache.hadoop.ipc.Server$RpcCall.run(Server.java:963) [hadoop-common-3.3.1.jar:?]
	at java.security.AccessController.doPrivileged(Native Method) ~[?:1.8.0_322]
	at javax.security.auth.Subject.doAs(Subject.java:422) [?:1.8.0_322]
	at org.apache.hadoop.security.UserGroupInformation.doAs(UserGroupInformation.java:1878) [hadoop-common-3.3.1.jar:?]
	at org.apache.hadoop.ipc.Server$Handler.run(Server.java:2966) [hadoop-common-3.3.1.jar:?]
01:53:59.907 [IPC Server handler 9 on default port 40803] ERROR OMAudit - user=runner | ip=127.0.0.1 | op=GET_FILE_STATUS {volume=volume85710, bucket=bucket48480, key=testBatchDelete/parent/child6, dataSize=0, replicationConfig=null} | ret=FAILURE
org.apache.hadoop.ozone.om.exceptions.OMException: Unable to get file status: volume: volume85710 bucket: bucket48480 key: testBatchDelete/parent/child6
	at org.apache.hadoop.ozone.om.KeyManagerImpl.getOzoneFileStatus(KeyManagerImpl.java:1280) ~[ozone-manager-1.3.0-SNAPSHOT.jar:?]
	at org.apache.hadoop.ozone.om.KeyManagerImpl.getFileStatus(KeyManagerImpl.java:1210) ~[ozone-manager-1.3.0-SNAPSHOT.jar:?]
	at org.apache.hadoop.ozone.om.OzoneManager.getFileStatus(OzoneManager.java:3009) ~[ozone-manager-1.3.0-SNAPSHOT.jar:?]
	at org.apache.hadoop.ozone.protocolPB.OzoneManagerRequestHandler.getOzoneFileStatus(OzoneManagerRequestHandler.java:670) ~[ozone-manager-1.3.0-SNAPSHOT.jar:?]
	at org.apache.hadoop.ozone.protocolPB.OzoneManagerRequestHandler.handleReadRequest(OzoneManagerRequestHandler.java:201) ~[ozone-manager-1.3.0-SNAPSHOT.jar:?]
	at org.apache.hadoop.ozone.protocolPB.OzoneManagerProtocolServerSideTranslatorPB.submitReadRequestToOM(OzoneManagerProtocolServerSideTranslatorPB.java:213) ~[ozone-manager-1.3.0-SNAPSHOT.jar:?]
	at org.apache.hadoop.ozone.protocolPB.OzoneManagerProtocolServerSideTranslatorPB.processRequest(OzoneManagerProtocolServerSideTranslatorPB.java:174) ~[ozone-manager-1.3.0-SNAPSHOT.jar:?]
	at org.apache.hadoop.hdds.server.OzoneProtocolMessageDispatcher.processRequest(OzoneProtocolMessageDispatcher.java:87) [hdds-server-framework-1.3.0-SNAPSHOT.jar:?]
	at org.apache.hadoop.ozone.protocolPB.OzoneManagerProtocolServerSideTranslatorPB.submitRequest(OzoneManagerProtocolServerSideTranslatorPB.java:146) [ozone-manager-1.3.0-SNAPSHOT.jar:?]
	at org.apache.hadoop.ozone.protocol.proto.OzoneManagerProtocolProtos$OzoneManagerService$2.callBlockingMethod(OzoneManagerProtocolProtos.java) [ozone-interface-client-1.3.0-SNAPSHOT.jar:?]
	at org.apache.hadoop.ipc.ProtobufRpcEngine$Server.processCall(ProtobufRpcEngine.java:466) [hadoop-common-3.3.1.jar:?]
	at org.apache.hadoop.ipc.ProtobufRpcEngine2$Server$ProtoBufRpcInvoker.call(ProtobufRpcEngine2.java:574) [hadoop-common-3.3.1.jar:?]
	at org.apache.hadoop.ipc.ProtobufRpcEngine2$Server$ProtoBufRpcInvoker.call(ProtobufRpcEngine2.java:552) [hadoop-common-3.3.1.jar:?]
	at org.apache.hadoop.ipc.RPC$Server.call(RPC.java:1093) [hadoop-common-3.3.1.jar:?]
	at org.apache.hadoop.ipc.Server$RpcCall.run(Server.java:1035) [hadoop-common-3.3.1.jar:?]
	at org.apache.hadoop.ipc.Server$RpcCall.run(Server.java:963) [hadoop-common-3.3.1.jar:?]
	at java.security.AccessController.doPrivileged(Native Method) ~[?:1.8.0_322]
	at javax.security.auth.Subject.doAs(Subject.java:422) [?:1.8.0_322]
	at org.apache.hadoop.security.UserGroupInformation.doAs(UserGroupInformation.java:1878) [hadoop-common-3.3.1.jar:?]
	at org.apache.hadoop.ipc.Server$Handler.run(Server.java:2966) [hadoop-common-3.3.1.jar:?]
01:53:59.908 [IPC Server handler 15 on default port 40803] ERROR OMAudit - user=runner | ip=127.0.0.1 | op=GET_FILE_STATUS {volume=volume85710, bucket=bucket48480, key=testBatchDelete/parent/childFolder/child6, dataSize=0, replicationConfig=null} | ret=FAILURE
org.apache.hadoop.ozone.om.exceptions.OMException: Unable to get file status: volume: volume85710 bucket: bucket48480 key: testBatchDelete/parent/childFolder/child6
	at org.apache.hadoop.ozone.om.KeyManagerImpl.getOzoneFileStatus(KeyManagerImpl.java:1280) ~[ozone-manager-1.3.0-SNAPSHOT.jar:?]
	at org.apache.hadoop.ozone.om.KeyManagerImpl.getFileStatus(KeyManagerImpl.java:1210) ~[ozone-manager-1.3.0-SNAPSHOT.jar:?]
	at org.apache.hadoop.ozone.om.OzoneManager.getFileStatus(OzoneManager.java:3009) ~[ozone-manager-1.3.0-SNAPSHOT.jar:?]
	at org.apache.hadoop.ozone.protocolPB.OzoneManagerRequestHandler.getOzoneFileStatus(OzoneManagerRequestHandler.java:670) ~[ozone-manager-1.3.0-SNAPSHOT.jar:?]
	at org.apache.hadoop.ozone.protocolPB.OzoneManagerRequestHandler.handleReadRequest(OzoneManagerRequestHandler.java:201) ~[ozone-manager-1.3.0-SNAPSHOT.jar:?]
	at org.apache.hadoop.ozone.protocolPB.OzoneManagerProtocolServerSideTranslatorPB.submitReadRequestToOM(OzoneManagerProtocolServerSideTranslatorPB.java:213) ~[ozone-manager-1.3.0-SNAPSHOT.jar:?]
	at org.apache.hadoop.ozone.protocolPB.OzoneManagerProtocolServerSideTranslatorPB.processRequest(OzoneManagerProtocolServerSideTranslatorPB.java:174) ~[ozone-manager-1.3.0-SNAPSHOT.jar:?]
	at org.apache.hadoop.hdds.server.OzoneProtocolMessageDispatcher.processRequest(OzoneProtocolMessageDispatcher.java:87) [hdds-server-framework-1.3.0-SNAPSHOT.jar:?]
	at org.apache.hadoop.ozone.protocolPB.OzoneManagerProtocolServerSideTranslatorPB.submitRequest(OzoneManagerProtocolServerSideTranslatorPB.java:146) [ozone-manager-1.3.0-SNAPSHOT.jar:?]
	at org.apache.hadoop.ozone.protocol.proto.OzoneManagerProtocolProtos$OzoneManagerService$2.callBlockingMethod(OzoneManagerProtocolProtos.java) [ozone-interface-client-1.3.0-SNAPSHOT.jar:?]
	at org.apache.hadoop.ipc.ProtobufRpcEngine$Server.processCall(ProtobufRpcEngine.java:466) [hadoop-common-3.3.1.jar:?]
	at org.apache.hadoop.ipc.ProtobufRpcEngine2$Server$ProtoBufRpcInvoker.call(ProtobufRpcEngine2.java:574) [hadoop-common-3.3.1.jar:?]
	at org.apache.hadoop.ipc.ProtobufRpcEngine2$Server$ProtoBufRpcInvoker.call(ProtobufRpcEngine2.java:552) [hadoop-common-3.3.1.jar:?]
	at org.apache.hadoop.ipc.RPC$Server.call(RPC.java:1093) [hadoop-common-3.3.1.jar:?]
	at org.apache.hadoop.ipc.Server$RpcCall.run(Server.java:1035) [hadoop-common-3.3.1.jar:?]
	at org.apache.hadoop.ipc.Server$RpcCall.run(Server.java:963) [hadoop-common-3.3.1.jar:?]
	at java.security.AccessController.doPrivileged(Native Method) ~[?:1.8.0_322]
	at javax.security.auth.Subject.doAs(Subject.java:422) [?:1.8.0_322]
	at org.apache.hadoop.security.UserGroupInformation.doAs(UserGroupInformation.java:1878) [hadoop-common-3.3.1.jar:?]
	at org.apache.hadoop.ipc.Server$Handler.run(Server.java:2966) [hadoop-common-3.3.1.jar:?]
01:53:59.909 [IPC Server handler 8 on default port 40803] ERROR OMAudit - user=runner | ip=127.0.0.1 | op=GET_FILE_STATUS {volume=volume85710, bucket=bucket48480, key=testBatchDelete/parent/child7, dataSize=0, replicationConfig=null} | ret=FAILURE
org.apache.hadoop.ozone.om.exceptions.OMException: Unable to get file status: volume: volume85710 bucket: bucket48480 key: testBatchDelete/parent/child7
	at org.apache.hadoop.ozone.om.KeyManagerImpl.getOzoneFileStatus(KeyManagerImpl.java:1280) ~[ozone-manager-1.3.0-SNAPSHOT.jar:?]
	at org.apache.hadoop.ozone.om.KeyManagerImpl.getFileStatus(KeyManagerImpl.java:1210) ~[ozone-manager-1.3.0-SNAPSHOT.jar:?]
	at org.apache.hadoop.ozone.om.OzoneManager.getFileStatus(OzoneManager.java:3009) ~[ozone-manager-1.3.0-SNAPSHOT.jar:?]
	at org.apache.hadoop.ozone.protocolPB.OzoneManagerRequestHandler.getOzoneFileStatus(OzoneManagerRequestHandler.java:670) ~[ozone-manager-1.3.0-SNAPSHOT.jar:?]
	at org.apache.hadoop.ozone.protocolPB.OzoneManagerRequestHandler.handleReadRequest(OzoneManagerRequestHandler.java:201) ~[ozone-manager-1.3.0-SNAPSHOT.jar:?]
	at org.apache.hadoop.ozone.protocolPB.OzoneManagerProtocolServerSideTranslatorPB.submitReadRequestToOM(OzoneManagerProtocolServerSideTranslatorPB.java:213) ~[ozone-manager-1.3.0-SNAPSHOT.jar:?]
	at org.apache.hadoop.ozone.protocolPB.OzoneManagerProtocolServerSideTranslatorPB.processRequest(OzoneManagerProtocolServerSideTranslatorPB.java:174) ~[ozone-manager-1.3.0-SNAPSHOT.jar:?]
	at org.apache.hadoop.hdds.server.OzoneProtocolMessageDispatcher.processRequest(OzoneProtocolMessageDispatcher.java:87) [hdds-server-framework-1.3.0-SNAPSHOT.jar:?]
	at org.apache.hadoop.ozone.protocolPB.OzoneManagerProtocolServerSideTranslatorPB.submitRequest(OzoneManagerProtocolServerSideTranslatorPB.java:146) [ozone-manager-1.3.0-SNAPSHOT.jar:?]
	at org.apache.hadoop.ozone.protocol.proto.OzoneManagerProtocolProtos$OzoneManagerService$2.callBlockingMethod(OzoneManagerProtocolProtos.java) [ozone-interface-client-1.3.0-SNAPSHOT.jar:?]
	at org.apache.hadoop.ipc.ProtobufRpcEngine$Server.processCall(ProtobufRpcEngine.java:466) [hadoop-common-3.3.1.jar:?]
	at org.apache.hadoop.ipc.ProtobufRpcEngine2$Server$ProtoBufRpcInvoker.call(ProtobufRpcEngine2.java:574) [hadoop-common-3.3.1.jar:?]
	at org.apache.hadoop.ipc.ProtobufRpcEngine2$Server$ProtoBufRpcInvoker.call(ProtobufRpcEngine2.java:552) [hadoop-common-3.3.1.jar:?]
	at org.apache.hadoop.ipc.RPC$Server.call(RPC.java:1093) [hadoop-common-3.3.1.jar:?]
	at org.apache.hadoop.ipc.Server$RpcCall.run(Server.java:1035) [hadoop-common-3.3.1.jar:?]
	at org.apache.hadoop.ipc.Server$RpcCall.run(Server.java:963) [hadoop-common-3.3.1.jar:?]
	at java.security.AccessController.doPrivileged(Native Method) ~[?:1.8.0_322]
	at javax.security.auth.Subject.doAs(Subject.java:422) [?:1.8.0_322]
	at org.apache.hadoop.security.UserGroupInformation.doAs(UserGroupInformation.java:1878) [hadoop-common-3.3.1.jar:?]
	at org.apache.hadoop.ipc.Server$Handler.run(Server.java:2966) [hadoop-common-3.3.1.jar:?]
01:53:59.910 [IPC Server handler 14 on default port 40803] ERROR OMAudit - user=runner | ip=127.0.0.1 | op=GET_FILE_STATUS {volume=volume85710, bucket=bucket48480, key=testBatchDelete/parent/childFolder/child7, dataSize=0, replicationConfig=null} | ret=FAILURE
org.apache.hadoop.ozone.om.exceptions.OMException: Unable to get file status: volume: volume85710 bucket: bucket48480 key: testBatchDelete/parent/childFolder/child7
	at org.apache.hadoop.ozone.om.KeyManagerImpl.getOzoneFileStatus(KeyManagerImpl.java:1280) ~[ozone-manager-1.3.0-SNAPSHOT.jar:?]
	at org.apache.hadoop.ozone.om.KeyManagerImpl.getFileStatus(KeyManagerImpl.java:1210) ~[ozone-manager-1.3.0-SNAPSHOT.jar:?]
	at org.apache.hadoop.ozone.om.OzoneManager.getFileStatus(OzoneManager.java:3009) ~[ozone-manager-1.3.0-SNAPSHOT.jar:?]
	at org.apache.hadoop.ozone.protocolPB.OzoneManagerRequestHandler.getOzoneFileStatus(OzoneManagerRequestHandler.java:670) ~[ozone-manager-1.3.0-SNAPSHOT.jar:?]
	at org.apache.hadoop.ozone.protocolPB.OzoneManagerRequestHandler.handleReadRequest(OzoneManagerRequestHandler.java:201) ~[ozone-manager-1.3.0-SNAPSHOT.jar:?]
	at org.apache.hadoop.ozone.protocolPB.OzoneManagerProtocolServerSideTranslatorPB.submitReadRequestToOM(OzoneManagerProtocolServerSideTranslatorPB.java:213) ~[ozone-manager-1.3.0-SNAPSHOT.jar:?]
	at org.apache.hadoop.ozone.protocolPB.OzoneManagerProtocolServerSideTranslatorPB.processRequest(OzoneManagerProtocolServerSideTranslatorPB.java:174) ~[ozone-manager-1.3.0-SNAPSHOT.jar:?]
	at org.apache.hadoop.hdds.server.OzoneProtocolMessageDispatcher.processRequest(OzoneProtocolMessageDispatcher.java:87) [hdds-server-framework-1.3.0-SNAPSHOT.jar:?]
	at org.apache.hadoop.ozone.protocolPB.OzoneManagerProtocolServerSideTranslatorPB.submitRequest(OzoneManagerProtocolServerSideTranslatorPB.java:146) [ozone-manager-1.3.0-SNAPSHOT.jar:?]
	at org.apache.hadoop.ozone.protocol.proto.OzoneManagerProtocolProtos$OzoneManagerService$2.callBlockingMethod(OzoneManagerProtocolProtos.java) [ozone-interface-client-1.3.0-SNAPSHOT.jar:?]
	at org.apache.hadoop.ipc.ProtobufRpcEngine$Server.processCall(ProtobufRpcEngine.java:466) [hadoop-common-3.3.1.jar:?]
	at org.apache.hadoop.ipc.ProtobufRpcEngine2$Server$ProtoBufRpcInvoker.call(ProtobufRpcEngine2.java:574) [hadoop-common-3.3.1.jar:?]
	at org.apache.hadoop.ipc.ProtobufRpcEngine2$Server$ProtoBufRpcInvoker.call(ProtobufRpcEngine2.java:552) [hadoop-common-3.3.1.jar:?]
	at org.apache.hadoop.ipc.RPC$Server.call(RPC.java:1093) [hadoop-common-3.3.1.jar:?]
	at org.apache.hadoop.ipc.Server$RpcCall.run(Server.java:1035) [hadoop-common-3.3.1.jar:?]
	at org.apache.hadoop.ipc.Server$RpcCall.run(Server.java:963) [hadoop-common-3.3.1.jar:?]
	at java.security.AccessController.doPrivileged(Native Method) ~[?:1.8.0_322]
	at javax.security.auth.Subject.doAs(Subject.java:422) [?:1.8.0_322]
	at org.apache.hadoop.security.UserGroupInformation.doAs(UserGroupInformation.java:1878) [hadoop-common-3.3.1.jar:?]
	at org.apache.hadoop.ipc.Server$Handler.run(Server.java:2966) [hadoop-common-3.3.1.jar:?]
01:53:59.911 [IPC Server handler 16 on default port 40803] ERROR OMAudit - user=runner | ip=127.0.0.1 | op=GET_FILE_STATUS {volume=volume85710, bucket=bucket48480, key=testBatchDelete/parent, dataSize=0, replicationConfig=null} | ret=FAILURE
org.apache.hadoop.ozone.om.exceptions.OMException: Unable to get file status: volume: volume85710 bucket: bucket48480 key: testBatchDelete/parent
	at org.apache.hadoop.ozone.om.KeyManagerImpl.getOzoneFileStatus(KeyManagerImpl.java:1280) ~[ozone-manager-1.3.0-SNAPSHOT.jar:?]
	at org.apache.hadoop.ozone.om.KeyManagerImpl.getFileStatus(KeyManagerImpl.java:1210) ~[ozone-manager-1.3.0-SNAPSHOT.jar:?]
	at org.apache.hadoop.ozone.om.OzoneManager.getFileStatus(OzoneManager.java:3009) ~[ozone-manager-1.3.0-SNAPSHOT.jar:?]
	at org.apache.hadoop.ozone.protocolPB.OzoneManagerRequestHandler.getOzoneFileStatus(OzoneManagerRequestHandler.java:670) ~[ozone-manager-1.3.0-SNAPSHOT.jar:?]
	at org.apache.hadoop.ozone.protocolPB.OzoneManagerRequestHandler.handleReadRequest(OzoneManagerRequestHandler.java:201) ~[ozone-manager-1.3.0-SNAPSHOT.jar:?]
	at org.apache.hadoop.ozone.protocolPB.OzoneManagerProtocolServerSideTranslatorPB.submitReadRequestToOM(OzoneManagerProtocolServerSideTranslatorPB.java:213) ~[ozone-manager-1.3.0-SNAPSHOT.jar:?]
	at org.apache.hadoop.ozone.protocolPB.OzoneManagerProtocolServerSideTranslatorPB.processRequest(OzoneManagerProtocolServerSideTranslatorPB.java:174) ~[ozone-manager-1.3.0-SNAPSHOT.jar:?]
	at org.apache.hadoop.hdds.server.OzoneProtocolMessageDispatcher.processRequest(OzoneProtocolMessageDispatcher.java:87) [hdds-server-framework-1.3.0-SNAPSHOT.jar:?]
	at org.apache.hadoop.ozone.protocolPB.OzoneManagerProtocolServerSideTranslatorPB.submitRequest(OzoneManagerProtocolServerSideTranslatorPB.java:146) [ozone-manager-1.3.0-SNAPSHOT.jar:?]
	at org.apache.hadoop.ozone.protocol.proto.OzoneManagerProtocolProtos$OzoneManagerService$2.callBlockingMethod(OzoneManagerProtocolProtos.java) [ozone-interface-client-1.3.0-SNAPSHOT.jar:?]
	at org.apache.hadoop.ipc.ProtobufRpcEngine$Server.processCall(ProtobufRpcEngine.java:466) [hadoop-common-3.3.1.jar:?]
	at org.apache.hadoop.ipc.ProtobufRpcEngine2$Server$ProtoBufRpcInvoker.call(ProtobufRpcEngine2.java:574) [hadoop-common-3.3.1.jar:?]
	at org.apache.hadoop.ipc.ProtobufRpcEngine2$Server$ProtoBufRpcInvoker.call(ProtobufRpcEngine2.java:552) [hadoop-common-3.3.1.jar:?]
	at org.apache.hadoop.ipc.RPC$Server.call(RPC.java:1093) [hadoop-common-3.3.1.jar:?]
	at org.apache.hadoop.ipc.Server$RpcCall.run(Server.java:1035) [hadoop-common-3.3.1.jar:?]
	at org.apache.hadoop.ipc.Server$RpcCall.run(Server.java:963) [hadoop-common-3.3.1.jar:?]
	at java.security.AccessController.doPrivileged(Native Method) ~[?:1.8.0_322]
	at javax.security.auth.Subject.doAs(Subject.java:422) [?:1.8.0_322]
	at org.apache.hadoop.security.UserGroupInformation.doAs(UserGroupInformation.java:1878) [hadoop-common-3.3.1.jar:?]
	at org.apache.hadoop.ipc.Server$Handler.run(Server.java:2966) [hadoop-common-3.3.1.jar:?]
2022-04-26 01:53:59,911 [Time-limited test] WARN  ozone.BasicOzoneFileSystem (BasicOzoneFileSystem.java:delete(530)) - delete: Path does not exist: /testBatchDelete/parent
]]></system-out>
  </testcase>
  <testcase name="testFileDelete" classname="TestOzoneFileSystem" time="0.174">
    <system-out><![CDATA[01:55:10.744 [IPC Server handler 1 on default port 35711] ERROR OMAudit - user=runner | ip=127.0.0.1 | op=GET_FILE_STATUS {volume=volume11484, bucket=bucket58947, key=testBatchDelete, dataSize=0, replicationConfig=null} | ret=FAILURE
org.apache.hadoop.ozone.om.exceptions.OMException: Unable to get file status: volume: volume11484 bucket: bucket58947 key: testBatchDelete
	at org.apache.hadoop.ozone.om.KeyManagerImpl.getOzoneFileStatus(KeyManagerImpl.java:1280) ~[ozone-manager-1.3.0-SNAPSHOT.jar:?]
	at org.apache.hadoop.ozone.om.KeyManagerImpl.getFileStatus(KeyManagerImpl.java:1210) ~[ozone-manager-1.3.0-SNAPSHOT.jar:?]
	at org.apache.hadoop.ozone.om.OzoneManager.getFileStatus(OzoneManager.java:3009) ~[ozone-manager-1.3.0-SNAPSHOT.jar:?]
	at org.apache.hadoop.ozone.protocolPB.OzoneManagerRequestHandler.getOzoneFileStatus(OzoneManagerRequestHandler.java:670) ~[ozone-manager-1.3.0-SNAPSHOT.jar:?]
	at org.apache.hadoop.ozone.protocolPB.OzoneManagerRequestHandler.handleReadRequest(OzoneManagerRequestHandler.java:201) ~[ozone-manager-1.3.0-SNAPSHOT.jar:?]
	at org.apache.hadoop.ozone.protocolPB.OzoneManagerProtocolServerSideTranslatorPB.submitRequestDirectlyToOM(OzoneManagerProtocolServerSideTranslatorPB.java:271) ~[ozone-manager-1.3.0-SNAPSHOT.jar:?]
	at org.apache.hadoop.ozone.protocolPB.OzoneManagerProtocolServerSideTranslatorPB.processRequest(OzoneManagerProtocolServerSideTranslatorPB.java:195) ~[ozone-manager-1.3.0-SNAPSHOT.jar:?]
	at org.apache.hadoop.hdds.server.OzoneProtocolMessageDispatcher.processRequest(OzoneProtocolMessageDispatcher.java:87) [hdds-server-framework-1.3.0-SNAPSHOT.jar:?]
	at org.apache.hadoop.ozone.protocolPB.OzoneManagerProtocolServerSideTranslatorPB.submitRequest(OzoneManagerProtocolServerSideTranslatorPB.java:146) [ozone-manager-1.3.0-SNAPSHOT.jar:?]
	at org.apache.hadoop.ozone.protocol.proto.OzoneManagerProtocolProtos$OzoneManagerService$2.callBlockingMethod(OzoneManagerProtocolProtos.java) [ozone-interface-client-1.3.0-SNAPSHOT.jar:?]
	at org.apache.hadoop.ipc.ProtobufRpcEngine$Server.processCall(ProtobufRpcEngine.java:466) [hadoop-common-3.3.1.jar:?]
	at org.apache.hadoop.ipc.ProtobufRpcEngine2$Server$ProtoBufRpcInvoker.call(ProtobufRpcEngine2.java:574) [hadoop-common-3.3.1.jar:?]
	at org.apache.hadoop.ipc.ProtobufRpcEngine2$Server$ProtoBufRpcInvoker.call(ProtobufRpcEngine2.java:552) [hadoop-common-3.3.1.jar:?]
	at org.apache.hadoop.ipc.RPC$Server.call(RPC.java:1093) [hadoop-common-3.3.1.jar:?]
	at org.apache.hadoop.ipc.Server$RpcCall.run(Server.java:1035) [hadoop-common-3.3.1.jar:?]
	at org.apache.hadoop.ipc.Server$RpcCall.run(Server.java:963) [hadoop-common-3.3.1.jar:?]
	at java.security.AccessController.doPrivileged(Native Method) ~[?:1.8.0_322]
	at javax.security.auth.Subject.doAs(Subject.java:422) [?:1.8.0_322]
	at org.apache.hadoop.security.UserGroupInformation.doAs(UserGroupInformation.java:1878) [hadoop-common-3.3.1.jar:?]
	at org.apache.hadoop.ipc.Server$Handler.run(Server.java:2966) [hadoop-common-3.3.1.jar:?]
01:55:10.745 [IPC Server handler 7 on default port 35711] ERROR OMAudit - user=runner | ip=127.0.0.1 | op=GET_FILE_STATUS {volume=volume11484, bucket=bucket58947, key=testBatchDelete/parent/child0, dataSize=0, replicationConfig=null} | ret=FAILURE
org.apache.hadoop.ozone.om.exceptions.OMException: Unable to get file status: volume: volume11484 bucket: bucket58947 key: testBatchDelete/parent/child0
	at org.apache.hadoop.ozone.om.KeyManagerImpl.getOzoneFileStatus(KeyManagerImpl.java:1280) ~[ozone-manager-1.3.0-SNAPSHOT.jar:?]
	at org.apache.hadoop.ozone.om.KeyManagerImpl.getFileStatus(KeyManagerImpl.java:1210) ~[ozone-manager-1.3.0-SNAPSHOT.jar:?]
	at org.apache.hadoop.ozone.om.OzoneManager.getFileStatus(OzoneManager.java:3009) ~[ozone-manager-1.3.0-SNAPSHOT.jar:?]
	at org.apache.hadoop.ozone.protocolPB.OzoneManagerRequestHandler.getOzoneFileStatus(OzoneManagerRequestHandler.java:670) ~[ozone-manager-1.3.0-SNAPSHOT.jar:?]
	at org.apache.hadoop.ozone.protocolPB.OzoneManagerRequestHandler.handleReadRequest(OzoneManagerRequestHandler.java:201) ~[ozone-manager-1.3.0-SNAPSHOT.jar:?]
	at org.apache.hadoop.ozone.protocolPB.OzoneManagerProtocolServerSideTranslatorPB.submitRequestDirectlyToOM(OzoneManagerProtocolServerSideTranslatorPB.java:271) ~[ozone-manager-1.3.0-SNAPSHOT.jar:?]
	at org.apache.hadoop.ozone.protocolPB.OzoneManagerProtocolServerSideTranslatorPB.processRequest(OzoneManagerProtocolServerSideTranslatorPB.java:195) ~[ozone-manager-1.3.0-SNAPSHOT.jar:?]
	at org.apache.hadoop.hdds.server.OzoneProtocolMessageDispatcher.processRequest(OzoneProtocolMessageDispatcher.java:87) [hdds-server-framework-1.3.0-SNAPSHOT.jar:?]
	at org.apache.hadoop.ozone.protocolPB.OzoneManagerProtocolServerSideTranslatorPB.submitRequest(OzoneManagerProtocolServerSideTranslatorPB.java:146) [ozone-manager-1.3.0-SNAPSHOT.jar:?]
	at org.apache.hadoop.ozone.protocol.proto.OzoneManagerProtocolProtos$OzoneManagerService$2.callBlockingMethod(OzoneManagerProtocolProtos.java) [ozone-interface-client-1.3.0-SNAPSHOT.jar:?]
	at org.apache.hadoop.ipc.ProtobufRpcEngine$Server.processCall(ProtobufRpcEngine.java:466) [hadoop-common-3.3.1.jar:?]
	at org.apache.hadoop.ipc.ProtobufRpcEngine2$Server$ProtoBufRpcInvoker.call(ProtobufRpcEngine2.java:574) [hadoop-common-3.3.1.jar:?]
	at org.apache.hadoop.ipc.ProtobufRpcEngine2$Server$ProtoBufRpcInvoker.call(ProtobufRpcEngine2.java:552) [hadoop-common-3.3.1.jar:?]
	at org.apache.hadoop.ipc.RPC$Server.call(RPC.java:1093) [hadoop-common-3.3.1.jar:?]
	at org.apache.hadoop.ipc.Server$RpcCall.run(Server.java:1035) [hadoop-common-3.3.1.jar:?]
	at org.apache.hadoop.ipc.Server$RpcCall.run(Server.java:963) [hadoop-common-3.3.1.jar:?]
	at java.security.AccessController.doPrivileged(Native Method) ~[?:1.8.0_322]
	at javax.security.auth.Subject.doAs(Subject.java:422) [?:1.8.0_322]
	at org.apache.hadoop.security.UserGroupInformation.doAs(UserGroupInformation.java:1878) [hadoop-common-3.3.1.jar:?]
	at org.apache.hadoop.ipc.Server$Handler.run(Server.java:2966) [hadoop-common-3.3.1.jar:?]
01:55:10.749 [IPC Server handler 2 on default port 35711] ERROR OMAudit - user=runner | ip=127.0.0.1 | op=GET_FILE_STATUS {volume=volume11484, bucket=bucket58947, key=testBatchDelete/parent/childFolder/child0, dataSize=0, replicationConfig=null} | ret=FAILURE
org.apache.hadoop.ozone.om.exceptions.OMException: Unable to get file status: volume: volume11484 bucket: bucket58947 key: testBatchDelete/parent/childFolder/child0
	at org.apache.hadoop.ozone.om.KeyManagerImpl.getOzoneFileStatus(KeyManagerImpl.java:1280) ~[ozone-manager-1.3.0-SNAPSHOT.jar:?]
	at org.apache.hadoop.ozone.om.KeyManagerImpl.getFileStatus(KeyManagerImpl.java:1210) ~[ozone-manager-1.3.0-SNAPSHOT.jar:?]
	at org.apache.hadoop.ozone.om.OzoneManager.getFileStatus(OzoneManager.java:3009) ~[ozone-manager-1.3.0-SNAPSHOT.jar:?]
	at org.apache.hadoop.ozone.protocolPB.OzoneManagerRequestHandler.getOzoneFileStatus(OzoneManagerRequestHandler.java:670) ~[ozone-manager-1.3.0-SNAPSHOT.jar:?]
	at org.apache.hadoop.ozone.protocolPB.OzoneManagerRequestHandler.handleReadRequest(OzoneManagerRequestHandler.java:201) ~[ozone-manager-1.3.0-SNAPSHOT.jar:?]
	at org.apache.hadoop.ozone.protocolPB.OzoneManagerProtocolServerSideTranslatorPB.submitRequestDirectlyToOM(OzoneManagerProtocolServerSideTranslatorPB.java:271) ~[ozone-manager-1.3.0-SNAPSHOT.jar:?]
	at org.apache.hadoop.ozone.protocolPB.OzoneManagerProtocolServerSideTranslatorPB.processRequest(OzoneManagerProtocolServerSideTranslatorPB.java:195) ~[ozone-manager-1.3.0-SNAPSHOT.jar:?]
	at org.apache.hadoop.hdds.server.OzoneProtocolMessageDispatcher.processRequest(OzoneProtocolMessageDispatcher.java:87) [hdds-server-framework-1.3.0-SNAPSHOT.jar:?]
	at org.apache.hadoop.ozone.protocolPB.OzoneManagerProtocolServerSideTranslatorPB.submitRequest(OzoneManagerProtocolServerSideTranslatorPB.java:146) [ozone-manager-1.3.0-SNAPSHOT.jar:?]
	at org.apache.hadoop.ozone.protocol.proto.OzoneManagerProtocolProtos$OzoneManagerService$2.callBlockingMethod(OzoneManagerProtocolProtos.java) [ozone-interface-client-1.3.0-SNAPSHOT.jar:?]
	at org.apache.hadoop.ipc.ProtobufRpcEngine$Server.processCall(ProtobufRpcEngine.java:466) [hadoop-common-3.3.1.jar:?]
	at org.apache.hadoop.ipc.ProtobufRpcEngine2$Server$ProtoBufRpcInvoker.call(ProtobufRpcEngine2.java:574) [hadoop-common-3.3.1.jar:?]
	at org.apache.hadoop.ipc.ProtobufRpcEngine2$Server$ProtoBufRpcInvoker.call(ProtobufRpcEngine2.java:552) [hadoop-common-3.3.1.jar:?]
	at org.apache.hadoop.ipc.RPC$Server.call(RPC.java:1093) [hadoop-common-3.3.1.jar:?]
	at org.apache.hadoop.ipc.Server$RpcCall.run(Server.java:1035) [hadoop-common-3.3.1.jar:?]
	at org.apache.hadoop.ipc.Server$RpcCall.run(Server.java:963) [hadoop-common-3.3.1.jar:?]
	at java.security.AccessController.doPrivileged(Native Method) ~[?:1.8.0_322]
	at javax.security.auth.Subject.doAs(Subject.java:422) [?:1.8.0_322]
	at org.apache.hadoop.security.UserGroupInformation.doAs(UserGroupInformation.java:1878) [hadoop-common-3.3.1.jar:?]
	at org.apache.hadoop.ipc.Server$Handler.run(Server.java:2966) [hadoop-common-3.3.1.jar:?]
01:55:10.752 [IPC Server handler 3 on default port 35711] ERROR OMAudit - user=runner | ip=127.0.0.1 | op=GET_FILE_STATUS {volume=volume11484, bucket=bucket58947, key=testBatchDelete/parent/child1, dataSize=0, replicationConfig=null} | ret=FAILURE
org.apache.hadoop.ozone.om.exceptions.OMException: Unable to get file status: volume: volume11484 bucket: bucket58947 key: testBatchDelete/parent/child1
	at org.apache.hadoop.ozone.om.KeyManagerImpl.getOzoneFileStatus(KeyManagerImpl.java:1280) ~[ozone-manager-1.3.0-SNAPSHOT.jar:?]
	at org.apache.hadoop.ozone.om.KeyManagerImpl.getFileStatus(KeyManagerImpl.java:1210) ~[ozone-manager-1.3.0-SNAPSHOT.jar:?]
	at org.apache.hadoop.ozone.om.OzoneManager.getFileStatus(OzoneManager.java:3009) ~[ozone-manager-1.3.0-SNAPSHOT.jar:?]
	at org.apache.hadoop.ozone.protocolPB.OzoneManagerRequestHandler.getOzoneFileStatus(OzoneManagerRequestHandler.java:670) ~[ozone-manager-1.3.0-SNAPSHOT.jar:?]
	at org.apache.hadoop.ozone.protocolPB.OzoneManagerRequestHandler.handleReadRequest(OzoneManagerRequestHandler.java:201) ~[ozone-manager-1.3.0-SNAPSHOT.jar:?]
	at org.apache.hadoop.ozone.protocolPB.OzoneManagerProtocolServerSideTranslatorPB.submitRequestDirectlyToOM(OzoneManagerProtocolServerSideTranslatorPB.java:271) ~[ozone-manager-1.3.0-SNAPSHOT.jar:?]
	at org.apache.hadoop.ozone.protocolPB.OzoneManagerProtocolServerSideTranslatorPB.processRequest(OzoneManagerProtocolServerSideTranslatorPB.java:195) ~[ozone-manager-1.3.0-SNAPSHOT.jar:?]
	at org.apache.hadoop.hdds.server.OzoneProtocolMessageDispatcher.processRequest(OzoneProtocolMessageDispatcher.java:87) [hdds-server-framework-1.3.0-SNAPSHOT.jar:?]
	at org.apache.hadoop.ozone.protocolPB.OzoneManagerProtocolServerSideTranslatorPB.submitRequest(OzoneManagerProtocolServerSideTranslatorPB.java:146) [ozone-manager-1.3.0-SNAPSHOT.jar:?]
	at org.apache.hadoop.ozone.protocol.proto.OzoneManagerProtocolProtos$OzoneManagerService$2.callBlockingMethod(OzoneManagerProtocolProtos.java) [ozone-interface-client-1.3.0-SNAPSHOT.jar:?]
	at org.apache.hadoop.ipc.ProtobufRpcEngine$Server.processCall(ProtobufRpcEngine.java:466) [hadoop-common-3.3.1.jar:?]
	at org.apache.hadoop.ipc.ProtobufRpcEngine2$Server$ProtoBufRpcInvoker.call(ProtobufRpcEngine2.java:574) [hadoop-common-3.3.1.jar:?]
	at org.apache.hadoop.ipc.ProtobufRpcEngine2$Server$ProtoBufRpcInvoker.call(ProtobufRpcEngine2.java:552) [hadoop-common-3.3.1.jar:?]
	at org.apache.hadoop.ipc.RPC$Server.call(RPC.java:1093) [hadoop-common-3.3.1.jar:?]
	at org.apache.hadoop.ipc.Server$RpcCall.run(Server.java:1035) [hadoop-common-3.3.1.jar:?]
	at org.apache.hadoop.ipc.Server$RpcCall.run(Server.java:963) [hadoop-common-3.3.1.jar:?]
	at java.security.AccessController.doPrivileged(Native Method) ~[?:1.8.0_322]
	at javax.security.auth.Subject.doAs(Subject.java:422) [?:1.8.0_322]
	at org.apache.hadoop.security.UserGroupInformation.doAs(UserGroupInformation.java:1878) [hadoop-common-3.3.1.jar:?]
	at org.apache.hadoop.ipc.Server$Handler.run(Server.java:2966) [hadoop-common-3.3.1.jar:?]
01:55:10.752 [IPC Server handler 8 on default port 35711] ERROR OMAudit - user=runner | ip=127.0.0.1 | op=GET_FILE_STATUS {volume=volume11484, bucket=bucket58947, key=testBatchDelete/parent/childFolder/child1, dataSize=0, replicationConfig=null} | ret=FAILURE
org.apache.hadoop.ozone.om.exceptions.OMException: Unable to get file status: volume: volume11484 bucket: bucket58947 key: testBatchDelete/parent/childFolder/child1
	at org.apache.hadoop.ozone.om.KeyManagerImpl.getOzoneFileStatus(KeyManagerImpl.java:1280) ~[ozone-manager-1.3.0-SNAPSHOT.jar:?]
	at org.apache.hadoop.ozone.om.KeyManagerImpl.getFileStatus(KeyManagerImpl.java:1210) ~[ozone-manager-1.3.0-SNAPSHOT.jar:?]
	at org.apache.hadoop.ozone.om.OzoneManager.getFileStatus(OzoneManager.java:3009) ~[ozone-manager-1.3.0-SNAPSHOT.jar:?]
	at org.apache.hadoop.ozone.protocolPB.OzoneManagerRequestHandler.getOzoneFileStatus(OzoneManagerRequestHandler.java:670) ~[ozone-manager-1.3.0-SNAPSHOT.jar:?]
	at org.apache.hadoop.ozone.protocolPB.OzoneManagerRequestHandler.handleReadRequest(OzoneManagerRequestHandler.java:201) ~[ozone-manager-1.3.0-SNAPSHOT.jar:?]
	at org.apache.hadoop.ozone.protocolPB.OzoneManagerProtocolServerSideTranslatorPB.submitRequestDirectlyToOM(OzoneManagerProtocolServerSideTranslatorPB.java:271) ~[ozone-manager-1.3.0-SNAPSHOT.jar:?]
	at org.apache.hadoop.ozone.protocolPB.OzoneManagerProtocolServerSideTranslatorPB.processRequest(OzoneManagerProtocolServerSideTranslatorPB.java:195) ~[ozone-manager-1.3.0-SNAPSHOT.jar:?]
	at org.apache.hadoop.hdds.server.OzoneProtocolMessageDispatcher.processRequest(OzoneProtocolMessageDispatcher.java:87) [hdds-server-framework-1.3.0-SNAPSHOT.jar:?]
	at org.apache.hadoop.ozone.protocolPB.OzoneManagerProtocolServerSideTranslatorPB.submitRequest(OzoneManagerProtocolServerSideTranslatorPB.java:146) [ozone-manager-1.3.0-SNAPSHOT.jar:?]
	at org.apache.hadoop.ozone.protocol.proto.OzoneManagerProtocolProtos$OzoneManagerService$2.callBlockingMethod(OzoneManagerProtocolProtos.java) [ozone-interface-client-1.3.0-SNAPSHOT.jar:?]
	at org.apache.hadoop.ipc.ProtobufRpcEngine$Server.processCall(ProtobufRpcEngine.java:466) [hadoop-common-3.3.1.jar:?]
	at org.apache.hadoop.ipc.ProtobufRpcEngine2$Server$ProtoBufRpcInvoker.call(ProtobufRpcEngine2.java:574) [hadoop-common-3.3.1.jar:?]
	at org.apache.hadoop.ipc.ProtobufRpcEngine2$Server$ProtoBufRpcInvoker.call(ProtobufRpcEngine2.java:552) [hadoop-common-3.3.1.jar:?]
	at org.apache.hadoop.ipc.RPC$Server.call(RPC.java:1093) [hadoop-common-3.3.1.jar:?]
	at org.apache.hadoop.ipc.Server$RpcCall.run(Server.java:1035) [hadoop-common-3.3.1.jar:?]
	at org.apache.hadoop.ipc.Server$RpcCall.run(Server.java:963) [hadoop-common-3.3.1.jar:?]
	at java.security.AccessController.doPrivileged(Native Method) ~[?:1.8.0_322]
	at javax.security.auth.Subject.doAs(Subject.java:422) [?:1.8.0_322]
	at org.apache.hadoop.security.UserGroupInformation.doAs(UserGroupInformation.java:1878) [hadoop-common-3.3.1.jar:?]
	at org.apache.hadoop.ipc.Server$Handler.run(Server.java:2966) [hadoop-common-3.3.1.jar:?]
01:55:10.753 [IPC Server handler 6 on default port 35711] ERROR OMAudit - user=runner | ip=127.0.0.1 | op=GET_FILE_STATUS {volume=volume11484, bucket=bucket58947, key=testBatchDelete/parent/child2, dataSize=0, replicationConfig=null} | ret=FAILURE
org.apache.hadoop.ozone.om.exceptions.OMException: Unable to get file status: volume: volume11484 bucket: bucket58947 key: testBatchDelete/parent/child2
	at org.apache.hadoop.ozone.om.KeyManagerImpl.getOzoneFileStatus(KeyManagerImpl.java:1280) ~[ozone-manager-1.3.0-SNAPSHOT.jar:?]
	at org.apache.hadoop.ozone.om.KeyManagerImpl.getFileStatus(KeyManagerImpl.java:1210) ~[ozone-manager-1.3.0-SNAPSHOT.jar:?]
	at org.apache.hadoop.ozone.om.OzoneManager.getFileStatus(OzoneManager.java:3009) ~[ozone-manager-1.3.0-SNAPSHOT.jar:?]
	at org.apache.hadoop.ozone.protocolPB.OzoneManagerRequestHandler.getOzoneFileStatus(OzoneManagerRequestHandler.java:670) ~[ozone-manager-1.3.0-SNAPSHOT.jar:?]
	at org.apache.hadoop.ozone.protocolPB.OzoneManagerRequestHandler.handleReadRequest(OzoneManagerRequestHandler.java:201) ~[ozone-manager-1.3.0-SNAPSHOT.jar:?]
	at org.apache.hadoop.ozone.protocolPB.OzoneManagerProtocolServerSideTranslatorPB.submitRequestDirectlyToOM(OzoneManagerProtocolServerSideTranslatorPB.java:271) ~[ozone-manager-1.3.0-SNAPSHOT.jar:?]
	at org.apache.hadoop.ozone.protocolPB.OzoneManagerProtocolServerSideTranslatorPB.processRequest(OzoneManagerProtocolServerSideTranslatorPB.java:195) ~[ozone-manager-1.3.0-SNAPSHOT.jar:?]
	at org.apache.hadoop.hdds.server.OzoneProtocolMessageDispatcher.processRequest(OzoneProtocolMessageDispatcher.java:87) [hdds-server-framework-1.3.0-SNAPSHOT.jar:?]
	at org.apache.hadoop.ozone.protocolPB.OzoneManagerProtocolServerSideTranslatorPB.submitRequest(OzoneManagerProtocolServerSideTranslatorPB.java:146) [ozone-manager-1.3.0-SNAPSHOT.jar:?]
	at org.apache.hadoop.ozone.protocol.proto.OzoneManagerProtocolProtos$OzoneManagerService$2.callBlockingMethod(OzoneManagerProtocolProtos.java) [ozone-interface-client-1.3.0-SNAPSHOT.jar:?]
	at org.apache.hadoop.ipc.ProtobufRpcEngine$Server.processCall(ProtobufRpcEngine.java:466) [hadoop-common-3.3.1.jar:?]
	at org.apache.hadoop.ipc.ProtobufRpcEngine2$Server$ProtoBufRpcInvoker.call(ProtobufRpcEngine2.java:574) [hadoop-common-3.3.1.jar:?]
	at org.apache.hadoop.ipc.ProtobufRpcEngine2$Server$ProtoBufRpcInvoker.call(ProtobufRpcEngine2.java:552) [hadoop-common-3.3.1.jar:?]
	at org.apache.hadoop.ipc.RPC$Server.call(RPC.java:1093) [hadoop-common-3.3.1.jar:?]
	at org.apache.hadoop.ipc.Server$RpcCall.run(Server.java:1035) [hadoop-common-3.3.1.jar:?]
	at org.apache.hadoop.ipc.Server$RpcCall.run(Server.java:963) [hadoop-common-3.3.1.jar:?]
	at java.security.AccessController.doPrivileged(Native Method) ~[?:1.8.0_322]
	at javax.security.auth.Subject.doAs(Subject.java:422) [?:1.8.0_322]
	at org.apache.hadoop.security.UserGroupInformation.doAs(UserGroupInformation.java:1878) [hadoop-common-3.3.1.jar:?]
	at org.apache.hadoop.ipc.Server$Handler.run(Server.java:2966) [hadoop-common-3.3.1.jar:?]
01:55:10.753 [IPC Server handler 4 on default port 35711] ERROR OMAudit - user=runner | ip=127.0.0.1 | op=GET_FILE_STATUS {volume=volume11484, bucket=bucket58947, key=testBatchDelete/parent/childFolder/child2, dataSize=0, replicationConfig=null} | ret=FAILURE
org.apache.hadoop.ozone.om.exceptions.OMException: Unable to get file status: volume: volume11484 bucket: bucket58947 key: testBatchDelete/parent/childFolder/child2
	at org.apache.hadoop.ozone.om.KeyManagerImpl.getOzoneFileStatus(KeyManagerImpl.java:1280) ~[ozone-manager-1.3.0-SNAPSHOT.jar:?]
	at org.apache.hadoop.ozone.om.KeyManagerImpl.getFileStatus(KeyManagerImpl.java:1210) ~[ozone-manager-1.3.0-SNAPSHOT.jar:?]
	at org.apache.hadoop.ozone.om.OzoneManager.getFileStatus(OzoneManager.java:3009) ~[ozone-manager-1.3.0-SNAPSHOT.jar:?]
	at org.apache.hadoop.ozone.protocolPB.OzoneManagerRequestHandler.getOzoneFileStatus(OzoneManagerRequestHandler.java:670) ~[ozone-manager-1.3.0-SNAPSHOT.jar:?]
	at org.apache.hadoop.ozone.protocolPB.OzoneManagerRequestHandler.handleReadRequest(OzoneManagerRequestHandler.java:201) ~[ozone-manager-1.3.0-SNAPSHOT.jar:?]
	at org.apache.hadoop.ozone.protocolPB.OzoneManagerProtocolServerSideTranslatorPB.submitRequestDirectlyToOM(OzoneManagerProtocolServerSideTranslatorPB.java:271) ~[ozone-manager-1.3.0-SNAPSHOT.jar:?]
	at org.apache.hadoop.ozone.protocolPB.OzoneManagerProtocolServerSideTranslatorPB.processRequest(OzoneManagerProtocolServerSideTranslatorPB.java:195) ~[ozone-manager-1.3.0-SNAPSHOT.jar:?]
	at org.apache.hadoop.hdds.server.OzoneProtocolMessageDispatcher.processRequest(OzoneProtocolMessageDispatcher.java:87) [hdds-server-framework-1.3.0-SNAPSHOT.jar:?]
	at org.apache.hadoop.ozone.protocolPB.OzoneManagerProtocolServerSideTranslatorPB.submitRequest(OzoneManagerProtocolServerSideTranslatorPB.java:146) [ozone-manager-1.3.0-SNAPSHOT.jar:?]
	at org.apache.hadoop.ozone.protocol.proto.OzoneManagerProtocolProtos$OzoneManagerService$2.callBlockingMethod(OzoneManagerProtocolProtos.java) [ozone-interface-client-1.3.0-SNAPSHOT.jar:?]
	at org.apache.hadoop.ipc.ProtobufRpcEngine$Server.processCall(ProtobufRpcEngine.java:466) [hadoop-common-3.3.1.jar:?]
	at org.apache.hadoop.ipc.ProtobufRpcEngine2$Server$ProtoBufRpcInvoker.call(ProtobufRpcEngine2.java:574) [hadoop-common-3.3.1.jar:?]
	at org.apache.hadoop.ipc.ProtobufRpcEngine2$Server$ProtoBufRpcInvoker.call(ProtobufRpcEngine2.java:552) [hadoop-common-3.3.1.jar:?]
	at org.apache.hadoop.ipc.RPC$Server.call(RPC.java:1093) [hadoop-common-3.3.1.jar:?]
	at org.apache.hadoop.ipc.Server$RpcCall.run(Server.java:1035) [hadoop-common-3.3.1.jar:?]
	at org.apache.hadoop.ipc.Server$RpcCall.run(Server.java:963) [hadoop-common-3.3.1.jar:?]
	at java.security.AccessController.doPrivileged(Native Method) ~[?:1.8.0_322]
	at javax.security.auth.Subject.doAs(Subject.java:422) [?:1.8.0_322]
	at org.apache.hadoop.security.UserGroupInformation.doAs(UserGroupInformation.java:1878) [hadoop-common-3.3.1.jar:?]
	at org.apache.hadoop.ipc.Server$Handler.run(Server.java:2966) [hadoop-common-3.3.1.jar:?]
01:55:10.754 [IPC Server handler 9 on default port 35711] ERROR OMAudit - user=runner | ip=127.0.0.1 | op=GET_FILE_STATUS {volume=volume11484, bucket=bucket58947, key=testBatchDelete/parent/child3, dataSize=0, replicationConfig=null} | ret=FAILURE
org.apache.hadoop.ozone.om.exceptions.OMException: Unable to get file status: volume: volume11484 bucket: bucket58947 key: testBatchDelete/parent/child3
	at org.apache.hadoop.ozone.om.KeyManagerImpl.getOzoneFileStatus(KeyManagerImpl.java:1280) ~[ozone-manager-1.3.0-SNAPSHOT.jar:?]
	at org.apache.hadoop.ozone.om.KeyManagerImpl.getFileStatus(KeyManagerImpl.java:1210) ~[ozone-manager-1.3.0-SNAPSHOT.jar:?]
	at org.apache.hadoop.ozone.om.OzoneManager.getFileStatus(OzoneManager.java:3009) ~[ozone-manager-1.3.0-SNAPSHOT.jar:?]
	at org.apache.hadoop.ozone.protocolPB.OzoneManagerRequestHandler.getOzoneFileStatus(OzoneManagerRequestHandler.java:670) ~[ozone-manager-1.3.0-SNAPSHOT.jar:?]
	at org.apache.hadoop.ozone.protocolPB.OzoneManagerRequestHandler.handleReadRequest(OzoneManagerRequestHandler.java:201) ~[ozone-manager-1.3.0-SNAPSHOT.jar:?]
	at org.apache.hadoop.ozone.protocolPB.OzoneManagerProtocolServerSideTranslatorPB.submitRequestDirectlyToOM(OzoneManagerProtocolServerSideTranslatorPB.java:271) ~[ozone-manager-1.3.0-SNAPSHOT.jar:?]
	at org.apache.hadoop.ozone.protocolPB.OzoneManagerProtocolServerSideTranslatorPB.processRequest(OzoneManagerProtocolServerSideTranslatorPB.java:195) ~[ozone-manager-1.3.0-SNAPSHOT.jar:?]
	at org.apache.hadoop.hdds.server.OzoneProtocolMessageDispatcher.processRequest(OzoneProtocolMessageDispatcher.java:87) [hdds-server-framework-1.3.0-SNAPSHOT.jar:?]
	at org.apache.hadoop.ozone.protocolPB.OzoneManagerProtocolServerSideTranslatorPB.submitRequest(OzoneManagerProtocolServerSideTranslatorPB.java:146) [ozone-manager-1.3.0-SNAPSHOT.jar:?]
	at org.apache.hadoop.ozone.protocol.proto.OzoneManagerProtocolProtos$OzoneManagerService$2.callBlockingMethod(OzoneManagerProtocolProtos.java) [ozone-interface-client-1.3.0-SNAPSHOT.jar:?]
	at org.apache.hadoop.ipc.ProtobufRpcEngine$Server.processCall(ProtobufRpcEngine.java:466) [hadoop-common-3.3.1.jar:?]
	at org.apache.hadoop.ipc.ProtobufRpcEngine2$Server$ProtoBufRpcInvoker.call(ProtobufRpcEngine2.java:574) [hadoop-common-3.3.1.jar:?]
	at org.apache.hadoop.ipc.ProtobufRpcEngine2$Server$ProtoBufRpcInvoker.call(ProtobufRpcEngine2.java:552) [hadoop-common-3.3.1.jar:?]
	at org.apache.hadoop.ipc.RPC$Server.call(RPC.java:1093) [hadoop-common-3.3.1.jar:?]
	at org.apache.hadoop.ipc.Server$RpcCall.run(Server.java:1035) [hadoop-common-3.3.1.jar:?]
	at org.apache.hadoop.ipc.Server$RpcCall.run(Server.java:963) [hadoop-common-3.3.1.jar:?]
	at java.security.AccessController.doPrivileged(Native Method) ~[?:1.8.0_322]
	at javax.security.auth.Subject.doAs(Subject.java:422) [?:1.8.0_322]
	at org.apache.hadoop.security.UserGroupInformation.doAs(UserGroupInformation.java:1878) [hadoop-common-3.3.1.jar:?]
	at org.apache.hadoop.ipc.Server$Handler.run(Server.java:2966) [hadoop-common-3.3.1.jar:?]
01:55:10.754 [IPC Server handler 14 on default port 35711] ERROR OMAudit - user=runner | ip=127.0.0.1 | op=GET_FILE_STATUS {volume=volume11484, bucket=bucket58947, key=testBatchDelete/parent/childFolder/child3, dataSize=0, replicationConfig=null} | ret=FAILURE
org.apache.hadoop.ozone.om.exceptions.OMException: Unable to get file status: volume: volume11484 bucket: bucket58947 key: testBatchDelete/parent/childFolder/child3
	at org.apache.hadoop.ozone.om.KeyManagerImpl.getOzoneFileStatus(KeyManagerImpl.java:1280) ~[ozone-manager-1.3.0-SNAPSHOT.jar:?]
	at org.apache.hadoop.ozone.om.KeyManagerImpl.getFileStatus(KeyManagerImpl.java:1210) ~[ozone-manager-1.3.0-SNAPSHOT.jar:?]
	at org.apache.hadoop.ozone.om.OzoneManager.getFileStatus(OzoneManager.java:3009) ~[ozone-manager-1.3.0-SNAPSHOT.jar:?]
	at org.apache.hadoop.ozone.protocolPB.OzoneManagerRequestHandler.getOzoneFileStatus(OzoneManagerRequestHandler.java:670) ~[ozone-manager-1.3.0-SNAPSHOT.jar:?]
	at org.apache.hadoop.ozone.protocolPB.OzoneManagerRequestHandler.handleReadRequest(OzoneManagerRequestHandler.java:201) ~[ozone-manager-1.3.0-SNAPSHOT.jar:?]
	at org.apache.hadoop.ozone.protocolPB.OzoneManagerProtocolServerSideTranslatorPB.submitRequestDirectlyToOM(OzoneManagerProtocolServerSideTranslatorPB.java:271) ~[ozone-manager-1.3.0-SNAPSHOT.jar:?]
	at org.apache.hadoop.ozone.protocolPB.OzoneManagerProtocolServerSideTranslatorPB.processRequest(OzoneManagerProtocolServerSideTranslatorPB.java:195) ~[ozone-manager-1.3.0-SNAPSHOT.jar:?]
	at org.apache.hadoop.hdds.server.OzoneProtocolMessageDispatcher.processRequest(OzoneProtocolMessageDispatcher.java:87) [hdds-server-framework-1.3.0-SNAPSHOT.jar:?]
	at org.apache.hadoop.ozone.protocolPB.OzoneManagerProtocolServerSideTranslatorPB.submitRequest(OzoneManagerProtocolServerSideTranslatorPB.java:146) [ozone-manager-1.3.0-SNAPSHOT.jar:?]
	at org.apache.hadoop.ozone.protocol.proto.OzoneManagerProtocolProtos$OzoneManagerService$2.callBlockingMethod(OzoneManagerProtocolProtos.java) [ozone-interface-client-1.3.0-SNAPSHOT.jar:?]
	at org.apache.hadoop.ipc.ProtobufRpcEngine$Server.processCall(ProtobufRpcEngine.java:466) [hadoop-common-3.3.1.jar:?]
	at org.apache.hadoop.ipc.ProtobufRpcEngine2$Server$ProtoBufRpcInvoker.call(ProtobufRpcEngine2.java:574) [hadoop-common-3.3.1.jar:?]
	at org.apache.hadoop.ipc.ProtobufRpcEngine2$Server$ProtoBufRpcInvoker.call(ProtobufRpcEngine2.java:552) [hadoop-common-3.3.1.jar:?]
	at org.apache.hadoop.ipc.RPC$Server.call(RPC.java:1093) [hadoop-common-3.3.1.jar:?]
	at org.apache.hadoop.ipc.Server$RpcCall.run(Server.java:1035) [hadoop-common-3.3.1.jar:?]
	at org.apache.hadoop.ipc.Server$RpcCall.run(Server.java:963) [hadoop-common-3.3.1.jar:?]
	at java.security.AccessController.doPrivileged(Native Method) ~[?:1.8.0_322]
	at javax.security.auth.Subject.doAs(Subject.java:422) [?:1.8.0_322]
	at org.apache.hadoop.security.UserGroupInformation.doAs(UserGroupInformation.java:1878) [hadoop-common-3.3.1.jar:?]
	at org.apache.hadoop.ipc.Server$Handler.run(Server.java:2966) [hadoop-common-3.3.1.jar:?]
01:55:10.755 [IPC Server handler 12 on default port 35711] ERROR OMAudit - user=runner | ip=127.0.0.1 | op=GET_FILE_STATUS {volume=volume11484, bucket=bucket58947, key=testBatchDelete/parent/child4, dataSize=0, replicationConfig=null} | ret=FAILURE
org.apache.hadoop.ozone.om.exceptions.OMException: Unable to get file status: volume: volume11484 bucket: bucket58947 key: testBatchDelete/parent/child4
	at org.apache.hadoop.ozone.om.KeyManagerImpl.getOzoneFileStatus(KeyManagerImpl.java:1280) ~[ozone-manager-1.3.0-SNAPSHOT.jar:?]
	at org.apache.hadoop.ozone.om.KeyManagerImpl.getFileStatus(KeyManagerImpl.java:1210) ~[ozone-manager-1.3.0-SNAPSHOT.jar:?]
	at org.apache.hadoop.ozone.om.OzoneManager.getFileStatus(OzoneManager.java:3009) ~[ozone-manager-1.3.0-SNAPSHOT.jar:?]
	at org.apache.hadoop.ozone.protocolPB.OzoneManagerRequestHandler.getOzoneFileStatus(OzoneManagerRequestHandler.java:670) ~[ozone-manager-1.3.0-SNAPSHOT.jar:?]
	at org.apache.hadoop.ozone.protocolPB.OzoneManagerRequestHandler.handleReadRequest(OzoneManagerRequestHandler.java:201) ~[ozone-manager-1.3.0-SNAPSHOT.jar:?]
	at org.apache.hadoop.ozone.protocolPB.OzoneManagerProtocolServerSideTranslatorPB.submitRequestDirectlyToOM(OzoneManagerProtocolServerSideTranslatorPB.java:271) ~[ozone-manager-1.3.0-SNAPSHOT.jar:?]
	at org.apache.hadoop.ozone.protocolPB.OzoneManagerProtocolServerSideTranslatorPB.processRequest(OzoneManagerProtocolServerSideTranslatorPB.java:195) ~[ozone-manager-1.3.0-SNAPSHOT.jar:?]
	at org.apache.hadoop.hdds.server.OzoneProtocolMessageDispatcher.processRequest(OzoneProtocolMessageDispatcher.java:87) [hdds-server-framework-1.3.0-SNAPSHOT.jar:?]
	at org.apache.hadoop.ozone.protocolPB.OzoneManagerProtocolServerSideTranslatorPB.submitRequest(OzoneManagerProtocolServerSideTranslatorPB.java:146) [ozone-manager-1.3.0-SNAPSHOT.jar:?]
	at org.apache.hadoop.ozone.protocol.proto.OzoneManagerProtocolProtos$OzoneManagerService$2.callBlockingMethod(OzoneManagerProtocolProtos.java) [ozone-interface-client-1.3.0-SNAPSHOT.jar:?]
	at org.apache.hadoop.ipc.ProtobufRpcEngine$Server.processCall(ProtobufRpcEngine.java:466) [hadoop-common-3.3.1.jar:?]
	at org.apache.hadoop.ipc.ProtobufRpcEngine2$Server$ProtoBufRpcInvoker.call(ProtobufRpcEngine2.java:574) [hadoop-common-3.3.1.jar:?]
	at org.apache.hadoop.ipc.ProtobufRpcEngine2$Server$ProtoBufRpcInvoker.call(ProtobufRpcEngine2.java:552) [hadoop-common-3.3.1.jar:?]
	at org.apache.hadoop.ipc.RPC$Server.call(RPC.java:1093) [hadoop-common-3.3.1.jar:?]
	at org.apache.hadoop.ipc.Server$RpcCall.run(Server.java:1035) [hadoop-common-3.3.1.jar:?]
	at org.apache.hadoop.ipc.Server$RpcCall.run(Server.java:963) [hadoop-common-3.3.1.jar:?]
	at java.security.AccessController.doPrivileged(Native Method) ~[?:1.8.0_322]
	at javax.security.auth.Subject.doAs(Subject.java:422) [?:1.8.0_322]
	at org.apache.hadoop.security.UserGroupInformation.doAs(UserGroupInformation.java:1878) [hadoop-common-3.3.1.jar:?]
	at org.apache.hadoop.ipc.Server$Handler.run(Server.java:2966) [hadoop-common-3.3.1.jar:?]
01:55:10.756 [IPC Server handler 18 on default port 35711] ERROR OMAudit - user=runner | ip=127.0.0.1 | op=GET_FILE_STATUS {volume=volume11484, bucket=bucket58947, key=testBatchDelete/parent/childFolder/child4, dataSize=0, replicationConfig=null} | ret=FAILURE
org.apache.hadoop.ozone.om.exceptions.OMException: Unable to get file status: volume: volume11484 bucket: bucket58947 key: testBatchDelete/parent/childFolder/child4
	at org.apache.hadoop.ozone.om.KeyManagerImpl.getOzoneFileStatus(KeyManagerImpl.java:1280) ~[ozone-manager-1.3.0-SNAPSHOT.jar:?]
	at org.apache.hadoop.ozone.om.KeyManagerImpl.getFileStatus(KeyManagerImpl.java:1210) ~[ozone-manager-1.3.0-SNAPSHOT.jar:?]
	at org.apache.hadoop.ozone.om.OzoneManager.getFileStatus(OzoneManager.java:3009) ~[ozone-manager-1.3.0-SNAPSHOT.jar:?]
	at org.apache.hadoop.ozone.protocolPB.OzoneManagerRequestHandler.getOzoneFileStatus(OzoneManagerRequestHandler.java:670) ~[ozone-manager-1.3.0-SNAPSHOT.jar:?]
	at org.apache.hadoop.ozone.protocolPB.OzoneManagerRequestHandler.handleReadRequest(OzoneManagerRequestHandler.java:201) ~[ozone-manager-1.3.0-SNAPSHOT.jar:?]
	at org.apache.hadoop.ozone.protocolPB.OzoneManagerProtocolServerSideTranslatorPB.submitRequestDirectlyToOM(OzoneManagerProtocolServerSideTranslatorPB.java:271) ~[ozone-manager-1.3.0-SNAPSHOT.jar:?]
	at org.apache.hadoop.ozone.protocolPB.OzoneManagerProtocolServerSideTranslatorPB.processRequest(OzoneManagerProtocolServerSideTranslatorPB.java:195) ~[ozone-manager-1.3.0-SNAPSHOT.jar:?]
	at org.apache.hadoop.hdds.server.OzoneProtocolMessageDispatcher.processRequest(OzoneProtocolMessageDispatcher.java:87) [hdds-server-framework-1.3.0-SNAPSHOT.jar:?]
	at org.apache.hadoop.ozone.protocolPB.OzoneManagerProtocolServerSideTranslatorPB.submitRequest(OzoneManagerProtocolServerSideTranslatorPB.java:146) [ozone-manager-1.3.0-SNAPSHOT.jar:?]
	at org.apache.hadoop.ozone.protocol.proto.OzoneManagerProtocolProtos$OzoneManagerService$2.callBlockingMethod(OzoneManagerProtocolProtos.java) [ozone-interface-client-1.3.0-SNAPSHOT.jar:?]
	at org.apache.hadoop.ipc.ProtobufRpcEngine$Server.processCall(ProtobufRpcEngine.java:466) [hadoop-common-3.3.1.jar:?]
	at org.apache.hadoop.ipc.ProtobufRpcEngine2$Server$ProtoBufRpcInvoker.call(ProtobufRpcEngine2.java:574) [hadoop-common-3.3.1.jar:?]
	at org.apache.hadoop.ipc.ProtobufRpcEngine2$Server$ProtoBufRpcInvoker.call(ProtobufRpcEngine2.java:552) [hadoop-common-3.3.1.jar:?]
	at org.apache.hadoop.ipc.RPC$Server.call(RPC.java:1093) [hadoop-common-3.3.1.jar:?]
	at org.apache.hadoop.ipc.Server$RpcCall.run(Server.java:1035) [hadoop-common-3.3.1.jar:?]
	at org.apache.hadoop.ipc.Server$RpcCall.run(Server.java:963) [hadoop-common-3.3.1.jar:?]
	at java.security.AccessController.doPrivileged(Native Method) ~[?:1.8.0_322]
	at javax.security.auth.Subject.doAs(Subject.java:422) [?:1.8.0_322]
	at org.apache.hadoop.security.UserGroupInformation.doAs(UserGroupInformation.java:1878) [hadoop-common-3.3.1.jar:?]
	at org.apache.hadoop.ipc.Server$Handler.run(Server.java:2966) [hadoop-common-3.3.1.jar:?]
01:55:10.756 [IPC Server handler 10 on default port 35711] ERROR OMAudit - user=runner | ip=127.0.0.1 | op=GET_FILE_STATUS {volume=volume11484, bucket=bucket58947, key=testBatchDelete/parent/child5, dataSize=0, replicationConfig=null} | ret=FAILURE
org.apache.hadoop.ozone.om.exceptions.OMException: Unable to get file status: volume: volume11484 bucket: bucket58947 key: testBatchDelete/parent/child5
	at org.apache.hadoop.ozone.om.KeyManagerImpl.getOzoneFileStatus(KeyManagerImpl.java:1280) ~[ozone-manager-1.3.0-SNAPSHOT.jar:?]
	at org.apache.hadoop.ozone.om.KeyManagerImpl.getFileStatus(KeyManagerImpl.java:1210) ~[ozone-manager-1.3.0-SNAPSHOT.jar:?]
	at org.apache.hadoop.ozone.om.OzoneManager.getFileStatus(OzoneManager.java:3009) ~[ozone-manager-1.3.0-SNAPSHOT.jar:?]
	at org.apache.hadoop.ozone.protocolPB.OzoneManagerRequestHandler.getOzoneFileStatus(OzoneManagerRequestHandler.java:670) ~[ozone-manager-1.3.0-SNAPSHOT.jar:?]
	at org.apache.hadoop.ozone.protocolPB.OzoneManagerRequestHandler.handleReadRequest(OzoneManagerRequestHandler.java:201) ~[ozone-manager-1.3.0-SNAPSHOT.jar:?]
	at org.apache.hadoop.ozone.protocolPB.OzoneManagerProtocolServerSideTranslatorPB.submitRequestDirectlyToOM(OzoneManagerProtocolServerSideTranslatorPB.java:271) ~[ozone-manager-1.3.0-SNAPSHOT.jar:?]
	at org.apache.hadoop.ozone.protocolPB.OzoneManagerProtocolServerSideTranslatorPB.processRequest(OzoneManagerProtocolServerSideTranslatorPB.java:195) ~[ozone-manager-1.3.0-SNAPSHOT.jar:?]
	at org.apache.hadoop.hdds.server.OzoneProtocolMessageDispatcher.processRequest(OzoneProtocolMessageDispatcher.java:87) [hdds-server-framework-1.3.0-SNAPSHOT.jar:?]
	at org.apache.hadoop.ozone.protocolPB.OzoneManagerProtocolServerSideTranslatorPB.submitRequest(OzoneManagerProtocolServerSideTranslatorPB.java:146) [ozone-manager-1.3.0-SNAPSHOT.jar:?]
	at org.apache.hadoop.ozone.protocol.proto.OzoneManagerProtocolProtos$OzoneManagerService$2.callBlockingMethod(OzoneManagerProtocolProtos.java) [ozone-interface-client-1.3.0-SNAPSHOT.jar:?]
	at org.apache.hadoop.ipc.ProtobufRpcEngine$Server.processCall(ProtobufRpcEngine.java:466) [hadoop-common-3.3.1.jar:?]
	at org.apache.hadoop.ipc.ProtobufRpcEngine2$Server$ProtoBufRpcInvoker.call(ProtobufRpcEngine2.java:574) [hadoop-common-3.3.1.jar:?]
	at org.apache.hadoop.ipc.ProtobufRpcEngine2$Server$ProtoBufRpcInvoker.call(ProtobufRpcEngine2.java:552) [hadoop-common-3.3.1.jar:?]
	at org.apache.hadoop.ipc.RPC$Server.call(RPC.java:1093) [hadoop-common-3.3.1.jar:?]
	at org.apache.hadoop.ipc.Server$RpcCall.run(Server.java:1035) [hadoop-common-3.3.1.jar:?]
	at org.apache.hadoop.ipc.Server$RpcCall.run(Server.java:963) [hadoop-common-3.3.1.jar:?]
	at java.security.AccessController.doPrivileged(Native Method) ~[?:1.8.0_322]
	at javax.security.auth.Subject.doAs(Subject.java:422) [?:1.8.0_322]
	at org.apache.hadoop.security.UserGroupInformation.doAs(UserGroupInformation.java:1878) [hadoop-common-3.3.1.jar:?]
	at org.apache.hadoop.ipc.Server$Handler.run(Server.java:2966) [hadoop-common-3.3.1.jar:?]
01:55:10.757 [IPC Server handler 11 on default port 35711] ERROR OMAudit - user=runner | ip=127.0.0.1 | op=GET_FILE_STATUS {volume=volume11484, bucket=bucket58947, key=testBatchDelete/parent/childFolder/child5, dataSize=0, replicationConfig=null} | ret=FAILURE
org.apache.hadoop.ozone.om.exceptions.OMException: Unable to get file status: volume: volume11484 bucket: bucket58947 key: testBatchDelete/parent/childFolder/child5
	at org.apache.hadoop.ozone.om.KeyManagerImpl.getOzoneFileStatus(KeyManagerImpl.java:1280) ~[ozone-manager-1.3.0-SNAPSHOT.jar:?]
	at org.apache.hadoop.ozone.om.KeyManagerImpl.getFileStatus(KeyManagerImpl.java:1210) ~[ozone-manager-1.3.0-SNAPSHOT.jar:?]
	at org.apache.hadoop.ozone.om.OzoneManager.getFileStatus(OzoneManager.java:3009) ~[ozone-manager-1.3.0-SNAPSHOT.jar:?]
	at org.apache.hadoop.ozone.protocolPB.OzoneManagerRequestHandler.getOzoneFileStatus(OzoneManagerRequestHandler.java:670) ~[ozone-manager-1.3.0-SNAPSHOT.jar:?]
	at org.apache.hadoop.ozone.protocolPB.OzoneManagerRequestHandler.handleReadRequest(OzoneManagerRequestHandler.java:201) ~[ozone-manager-1.3.0-SNAPSHOT.jar:?]
	at org.apache.hadoop.ozone.protocolPB.OzoneManagerProtocolServerSideTranslatorPB.submitRequestDirectlyToOM(OzoneManagerProtocolServerSideTranslatorPB.java:271) ~[ozone-manager-1.3.0-SNAPSHOT.jar:?]
	at org.apache.hadoop.ozone.protocolPB.OzoneManagerProtocolServerSideTranslatorPB.processRequest(OzoneManagerProtocolServerSideTranslatorPB.java:195) ~[ozone-manager-1.3.0-SNAPSHOT.jar:?]
	at org.apache.hadoop.hdds.server.OzoneProtocolMessageDispatcher.processRequest(OzoneProtocolMessageDispatcher.java:87) [hdds-server-framework-1.3.0-SNAPSHOT.jar:?]
	at org.apache.hadoop.ozone.protocolPB.OzoneManagerProtocolServerSideTranslatorPB.submitRequest(OzoneManagerProtocolServerSideTranslatorPB.java:146) [ozone-manager-1.3.0-SNAPSHOT.jar:?]
	at org.apache.hadoop.ozone.protocol.proto.OzoneManagerProtocolProtos$OzoneManagerService$2.callBlockingMethod(OzoneManagerProtocolProtos.java) [ozone-interface-client-1.3.0-SNAPSHOT.jar:?]
	at org.apache.hadoop.ipc.ProtobufRpcEngine$Server.processCall(ProtobufRpcEngine.java:466) [hadoop-common-3.3.1.jar:?]
	at org.apache.hadoop.ipc.ProtobufRpcEngine2$Server$ProtoBufRpcInvoker.call(ProtobufRpcEngine2.java:574) [hadoop-common-3.3.1.jar:?]
	at org.apache.hadoop.ipc.ProtobufRpcEngine2$Server$ProtoBufRpcInvoker.call(ProtobufRpcEngine2.java:552) [hadoop-common-3.3.1.jar:?]
	at org.apache.hadoop.ipc.RPC$Server.call(RPC.java:1093) [hadoop-common-3.3.1.jar:?]
	at org.apache.hadoop.ipc.Server$RpcCall.run(Server.java:1035) [hadoop-common-3.3.1.jar:?]
	at org.apache.hadoop.ipc.Server$RpcCall.run(Server.java:963) [hadoop-common-3.3.1.jar:?]
	at java.security.AccessController.doPrivileged(Native Method) ~[?:1.8.0_322]
	at javax.security.auth.Subject.doAs(Subject.java:422) [?:1.8.0_322]
	at org.apache.hadoop.security.UserGroupInformation.doAs(UserGroupInformation.java:1878) [hadoop-common-3.3.1.jar:?]
	at org.apache.hadoop.ipc.Server$Handler.run(Server.java:2966) [hadoop-common-3.3.1.jar:?]
01:55:10.757 [IPC Server handler 13 on default port 35711] ERROR OMAudit - user=runner | ip=127.0.0.1 | op=GET_FILE_STATUS {volume=volume11484, bucket=bucket58947, key=testBatchDelete/parent/child6, dataSize=0, replicationConfig=null} | ret=FAILURE
org.apache.hadoop.ozone.om.exceptions.OMException: Unable to get file status: volume: volume11484 bucket: bucket58947 key: testBatchDelete/parent/child6
	at org.apache.hadoop.ozone.om.KeyManagerImpl.getOzoneFileStatus(KeyManagerImpl.java:1280) ~[ozone-manager-1.3.0-SNAPSHOT.jar:?]
	at org.apache.hadoop.ozone.om.KeyManagerImpl.getFileStatus(KeyManagerImpl.java:1210) ~[ozone-manager-1.3.0-SNAPSHOT.jar:?]
	at org.apache.hadoop.ozone.om.OzoneManager.getFileStatus(OzoneManager.java:3009) ~[ozone-manager-1.3.0-SNAPSHOT.jar:?]
	at org.apache.hadoop.ozone.protocolPB.OzoneManagerRequestHandler.getOzoneFileStatus(OzoneManagerRequestHandler.java:670) ~[ozone-manager-1.3.0-SNAPSHOT.jar:?]
	at org.apache.hadoop.ozone.protocolPB.OzoneManagerRequestHandler.handleReadRequest(OzoneManagerRequestHandler.java:201) ~[ozone-manager-1.3.0-SNAPSHOT.jar:?]
	at org.apache.hadoop.ozone.protocolPB.OzoneManagerProtocolServerSideTranslatorPB.submitRequestDirectlyToOM(OzoneManagerProtocolServerSideTranslatorPB.java:271) ~[ozone-manager-1.3.0-SNAPSHOT.jar:?]
	at org.apache.hadoop.ozone.protocolPB.OzoneManagerProtocolServerSideTranslatorPB.processRequest(OzoneManagerProtocolServerSideTranslatorPB.java:195) ~[ozone-manager-1.3.0-SNAPSHOT.jar:?]
	at org.apache.hadoop.hdds.server.OzoneProtocolMessageDispatcher.processRequest(OzoneProtocolMessageDispatcher.java:87) [hdds-server-framework-1.3.0-SNAPSHOT.jar:?]
	at org.apache.hadoop.ozone.protocolPB.OzoneManagerProtocolServerSideTranslatorPB.submitRequest(OzoneManagerProtocolServerSideTranslatorPB.java:146) [ozone-manager-1.3.0-SNAPSHOT.jar:?]
	at org.apache.hadoop.ozone.protocol.proto.OzoneManagerProtocolProtos$OzoneManagerService$2.callBlockingMethod(OzoneManagerProtocolProtos.java) [ozone-interface-client-1.3.0-SNAPSHOT.jar:?]
	at org.apache.hadoop.ipc.ProtobufRpcEngine$Server.processCall(ProtobufRpcEngine.java:466) [hadoop-common-3.3.1.jar:?]
	at org.apache.hadoop.ipc.ProtobufRpcEngine2$Server$ProtoBufRpcInvoker.call(ProtobufRpcEngine2.java:574) [hadoop-common-3.3.1.jar:?]
	at org.apache.hadoop.ipc.ProtobufRpcEngine2$Server$ProtoBufRpcInvoker.call(ProtobufRpcEngine2.java:552) [hadoop-common-3.3.1.jar:?]
	at org.apache.hadoop.ipc.RPC$Server.call(RPC.java:1093) [hadoop-common-3.3.1.jar:?]
	at org.apache.hadoop.ipc.Server$RpcCall.run(Server.java:1035) [hadoop-common-3.3.1.jar:?]
	at org.apache.hadoop.ipc.Server$RpcCall.run(Server.java:963) [hadoop-common-3.3.1.jar:?]
	at java.security.AccessController.doPrivileged(Native Method) ~[?:1.8.0_322]
	at javax.security.auth.Subject.doAs(Subject.java:422) [?:1.8.0_322]
	at org.apache.hadoop.security.UserGroupInformation.doAs(UserGroupInformation.java:1878) [hadoop-common-3.3.1.jar:?]
	at org.apache.hadoop.ipc.Server$Handler.run(Server.java:2966) [hadoop-common-3.3.1.jar:?]
01:55:10.758 [IPC Server handler 15 on default port 35711] ERROR OMAudit - user=runner | ip=127.0.0.1 | op=GET_FILE_STATUS {volume=volume11484, bucket=bucket58947, key=testBatchDelete/parent/childFolder/child6, dataSize=0, replicationConfig=null} | ret=FAILURE
org.apache.hadoop.ozone.om.exceptions.OMException: Unable to get file status: volume: volume11484 bucket: bucket58947 key: testBatchDelete/parent/childFolder/child6
	at org.apache.hadoop.ozone.om.KeyManagerImpl.getOzoneFileStatus(KeyManagerImpl.java:1280) ~[ozone-manager-1.3.0-SNAPSHOT.jar:?]
	at org.apache.hadoop.ozone.om.KeyManagerImpl.getFileStatus(KeyManagerImpl.java:1210) ~[ozone-manager-1.3.0-SNAPSHOT.jar:?]
	at org.apache.hadoop.ozone.om.OzoneManager.getFileStatus(OzoneManager.java:3009) ~[ozone-manager-1.3.0-SNAPSHOT.jar:?]
	at org.apache.hadoop.ozone.protocolPB.OzoneManagerRequestHandler.getOzoneFileStatus(OzoneManagerRequestHandler.java:670) ~[ozone-manager-1.3.0-SNAPSHOT.jar:?]
	at org.apache.hadoop.ozone.protocolPB.OzoneManagerRequestHandler.handleReadRequest(OzoneManagerRequestHandler.java:201) ~[ozone-manager-1.3.0-SNAPSHOT.jar:?]
	at org.apache.hadoop.ozone.protocolPB.OzoneManagerProtocolServerSideTranslatorPB.submitRequestDirectlyToOM(OzoneManagerProtocolServerSideTranslatorPB.java:271) ~[ozone-manager-1.3.0-SNAPSHOT.jar:?]
	at org.apache.hadoop.ozone.protocolPB.OzoneManagerProtocolServerSideTranslatorPB.processRequest(OzoneManagerProtocolServerSideTranslatorPB.java:195) ~[ozone-manager-1.3.0-SNAPSHOT.jar:?]
	at org.apache.hadoop.hdds.server.OzoneProtocolMessageDispatcher.processRequest(OzoneProtocolMessageDispatcher.java:87) [hdds-server-framework-1.3.0-SNAPSHOT.jar:?]
	at org.apache.hadoop.ozone.protocolPB.OzoneManagerProtocolServerSideTranslatorPB.submitRequest(OzoneManagerProtocolServerSideTranslatorPB.java:146) [ozone-manager-1.3.0-SNAPSHOT.jar:?]
	at org.apache.hadoop.ozone.protocol.proto.OzoneManagerProtocolProtos$OzoneManagerService$2.callBlockingMethod(OzoneManagerProtocolProtos.java) [ozone-interface-client-1.3.0-SNAPSHOT.jar:?]
	at org.apache.hadoop.ipc.ProtobufRpcEngine$Server.processCall(ProtobufRpcEngine.java:466) [hadoop-common-3.3.1.jar:?]
	at org.apache.hadoop.ipc.ProtobufRpcEngine2$Server$ProtoBufRpcInvoker.call(ProtobufRpcEngine2.java:574) [hadoop-common-3.3.1.jar:?]
	at org.apache.hadoop.ipc.ProtobufRpcEngine2$Server$ProtoBufRpcInvoker.call(ProtobufRpcEngine2.java:552) [hadoop-common-3.3.1.jar:?]
	at org.apache.hadoop.ipc.RPC$Server.call(RPC.java:1093) [hadoop-common-3.3.1.jar:?]
	at org.apache.hadoop.ipc.Server$RpcCall.run(Server.java:1035) [hadoop-common-3.3.1.jar:?]
	at org.apache.hadoop.ipc.Server$RpcCall.run(Server.java:963) [hadoop-common-3.3.1.jar:?]
	at java.security.AccessController.doPrivileged(Native Method) ~[?:1.8.0_322]
	at javax.security.auth.Subject.doAs(Subject.java:422) [?:1.8.0_322]
	at org.apache.hadoop.security.UserGroupInformation.doAs(UserGroupInformation.java:1878) [hadoop-common-3.3.1.jar:?]
	at org.apache.hadoop.ipc.Server$Handler.run(Server.java:2966) [hadoop-common-3.3.1.jar:?]
01:55:10.764 [IPC Server handler 16 on default port 35711] ERROR OMAudit - user=runner | ip=127.0.0.1 | op=GET_FILE_STATUS {volume=volume11484, bucket=bucket58947, key=testBatchDelete/parent/child7, dataSize=0, replicationConfig=null} | ret=FAILURE
org.apache.hadoop.ozone.om.exceptions.OMException: Unable to get file status: volume: volume11484 bucket: bucket58947 key: testBatchDelete/parent/child7
	at org.apache.hadoop.ozone.om.KeyManagerImpl.getOzoneFileStatus(KeyManagerImpl.java:1280) ~[ozone-manager-1.3.0-SNAPSHOT.jar:?]
	at org.apache.hadoop.ozone.om.KeyManagerImpl.getFileStatus(KeyManagerImpl.java:1210) ~[ozone-manager-1.3.0-SNAPSHOT.jar:?]
	at org.apache.hadoop.ozone.om.OzoneManager.getFileStatus(OzoneManager.java:3009) ~[ozone-manager-1.3.0-SNAPSHOT.jar:?]
	at org.apache.hadoop.ozone.protocolPB.OzoneManagerRequestHandler.getOzoneFileStatus(OzoneManagerRequestHandler.java:670) ~[ozone-manager-1.3.0-SNAPSHOT.jar:?]
	at org.apache.hadoop.ozone.protocolPB.OzoneManagerRequestHandler.handleReadRequest(OzoneManagerRequestHandler.java:201) ~[ozone-manager-1.3.0-SNAPSHOT.jar:?]
	at org.apache.hadoop.ozone.protocolPB.OzoneManagerProtocolServerSideTranslatorPB.submitRequestDirectlyToOM(OzoneManagerProtocolServerSideTranslatorPB.java:271) ~[ozone-manager-1.3.0-SNAPSHOT.jar:?]
	at org.apache.hadoop.ozone.protocolPB.OzoneManagerProtocolServerSideTranslatorPB.processRequest(OzoneManagerProtocolServerSideTranslatorPB.java:195) ~[ozone-manager-1.3.0-SNAPSHOT.jar:?]
	at org.apache.hadoop.hdds.server.OzoneProtocolMessageDispatcher.processRequest(OzoneProtocolMessageDispatcher.java:87) [hdds-server-framework-1.3.0-SNAPSHOT.jar:?]
	at org.apache.hadoop.ozone.protocolPB.OzoneManagerProtocolServerSideTranslatorPB.submitRequest(OzoneManagerProtocolServerSideTranslatorPB.java:146) [ozone-manager-1.3.0-SNAPSHOT.jar:?]
	at org.apache.hadoop.ozone.protocol.proto.OzoneManagerProtocolProtos$OzoneManagerService$2.callBlockingMethod(OzoneManagerProtocolProtos.java) [ozone-interface-client-1.3.0-SNAPSHOT.jar:?]
	at org.apache.hadoop.ipc.ProtobufRpcEngine$Server.processCall(ProtobufRpcEngine.java:466) [hadoop-common-3.3.1.jar:?]
	at org.apache.hadoop.ipc.ProtobufRpcEngine2$Server$ProtoBufRpcInvoker.call(ProtobufRpcEngine2.java:574) [hadoop-common-3.3.1.jar:?]
	at org.apache.hadoop.ipc.ProtobufRpcEngine2$Server$ProtoBufRpcInvoker.call(ProtobufRpcEngine2.java:552) [hadoop-common-3.3.1.jar:?]
	at org.apache.hadoop.ipc.RPC$Server.call(RPC.java:1093) [hadoop-common-3.3.1.jar:?]
	at org.apache.hadoop.ipc.Server$RpcCall.run(Server.java:1035) [hadoop-common-3.3.1.jar:?]
	at org.apache.hadoop.ipc.Server$RpcCall.run(Server.java:963) [hadoop-common-3.3.1.jar:?]
	at java.security.AccessController.doPrivileged(Native Method) ~[?:1.8.0_322]
	at javax.security.auth.Subject.doAs(Subject.java:422) [?:1.8.0_322]
	at org.apache.hadoop.security.UserGroupInformation.doAs(UserGroupInformation.java:1878) [hadoop-common-3.3.1.jar:?]
	at org.apache.hadoop.ipc.Server$Handler.run(Server.java:2966) [hadoop-common-3.3.1.jar:?]
01:55:10.766 [IPC Server handler 17 on default port 35711] ERROR OMAudit - user=runner | ip=127.0.0.1 | op=GET_FILE_STATUS {volume=volume11484, bucket=bucket58947, key=testBatchDelete/parent/childFolder/child7, dataSize=0, replicationConfig=null} | ret=FAILURE
org.apache.hadoop.ozone.om.exceptions.OMException: Unable to get file status: volume: volume11484 bucket: bucket58947 key: testBatchDelete/parent/childFolder/child7
	at org.apache.hadoop.ozone.om.KeyManagerImpl.getOzoneFileStatus(KeyManagerImpl.java:1280) ~[ozone-manager-1.3.0-SNAPSHOT.jar:?]
	at org.apache.hadoop.ozone.om.KeyManagerImpl.getFileStatus(KeyManagerImpl.java:1210) ~[ozone-manager-1.3.0-SNAPSHOT.jar:?]
	at org.apache.hadoop.ozone.om.OzoneManager.getFileStatus(OzoneManager.java:3009) ~[ozone-manager-1.3.0-SNAPSHOT.jar:?]
	at org.apache.hadoop.ozone.protocolPB.OzoneManagerRequestHandler.getOzoneFileStatus(OzoneManagerRequestHandler.java:670) ~[ozone-manager-1.3.0-SNAPSHOT.jar:?]
	at org.apache.hadoop.ozone.protocolPB.OzoneManagerRequestHandler.handleReadRequest(OzoneManagerRequestHandler.java:201) ~[ozone-manager-1.3.0-SNAPSHOT.jar:?]
	at org.apache.hadoop.ozone.protocolPB.OzoneManagerProtocolServerSideTranslatorPB.submitRequestDirectlyToOM(OzoneManagerProtocolServerSideTranslatorPB.java:271) ~[ozone-manager-1.3.0-SNAPSHOT.jar:?]
	at org.apache.hadoop.ozone.protocolPB.OzoneManagerProtocolServerSideTranslatorPB.processRequest(OzoneManagerProtocolServerSideTranslatorPB.java:195) ~[ozone-manager-1.3.0-SNAPSHOT.jar:?]
	at org.apache.hadoop.hdds.server.OzoneProtocolMessageDispatcher.processRequest(OzoneProtocolMessageDispatcher.java:87) [hdds-server-framework-1.3.0-SNAPSHOT.jar:?]
	at org.apache.hadoop.ozone.protocolPB.OzoneManagerProtocolServerSideTranslatorPB.submitRequest(OzoneManagerProtocolServerSideTranslatorPB.java:146) [ozone-manager-1.3.0-SNAPSHOT.jar:?]
	at org.apache.hadoop.ozone.protocol.proto.OzoneManagerProtocolProtos$OzoneManagerService$2.callBlockingMethod(OzoneManagerProtocolProtos.java) [ozone-interface-client-1.3.0-SNAPSHOT.jar:?]
	at org.apache.hadoop.ipc.ProtobufRpcEngine$Server.processCall(ProtobufRpcEngine.java:466) [hadoop-common-3.3.1.jar:?]
	at org.apache.hadoop.ipc.ProtobufRpcEngine2$Server$ProtoBufRpcInvoker.call(ProtobufRpcEngine2.java:574) [hadoop-common-3.3.1.jar:?]
	at org.apache.hadoop.ipc.ProtobufRpcEngine2$Server$ProtoBufRpcInvoker.call(ProtobufRpcEngine2.java:552) [hadoop-common-3.3.1.jar:?]
	at org.apache.hadoop.ipc.RPC$Server.call(RPC.java:1093) [hadoop-common-3.3.1.jar:?]
	at org.apache.hadoop.ipc.Server$RpcCall.run(Server.java:1035) [hadoop-common-3.3.1.jar:?]
	at org.apache.hadoop.ipc.Server$RpcCall.run(Server.java:963) [hadoop-common-3.3.1.jar:?]
	at java.security.AccessController.doPrivileged(Native Method) ~[?:1.8.0_322]
	at javax.security.auth.Subject.doAs(Subject.java:422) [?:1.8.0_322]
	at org.apache.hadoop.security.UserGroupInformation.doAs(UserGroupInformation.java:1878) [hadoop-common-3.3.1.jar:?]
	at org.apache.hadoop.ipc.Server$Handler.run(Server.java:2966) [hadoop-common-3.3.1.jar:?]
01:55:10.766 [IPC Server handler 19 on default port 35711] ERROR OMAudit - user=runner | ip=127.0.0.1 | op=GET_FILE_STATUS {volume=volume11484, bucket=bucket58947, key=testBatchDelete/parent, dataSize=0, replicationConfig=null} | ret=FAILURE
org.apache.hadoop.ozone.om.exceptions.OMException: Unable to get file status: volume: volume11484 bucket: bucket58947 key: testBatchDelete/parent
	at org.apache.hadoop.ozone.om.KeyManagerImpl.getOzoneFileStatus(KeyManagerImpl.java:1280) ~[ozone-manager-1.3.0-SNAPSHOT.jar:?]
	at org.apache.hadoop.ozone.om.KeyManagerImpl.getFileStatus(KeyManagerImpl.java:1210) ~[ozone-manager-1.3.0-SNAPSHOT.jar:?]
	at org.apache.hadoop.ozone.om.OzoneManager.getFileStatus(OzoneManager.java:3009) ~[ozone-manager-1.3.0-SNAPSHOT.jar:?]
	at org.apache.hadoop.ozone.protocolPB.OzoneManagerRequestHandler.getOzoneFileStatus(OzoneManagerRequestHandler.java:670) ~[ozone-manager-1.3.0-SNAPSHOT.jar:?]
	at org.apache.hadoop.ozone.protocolPB.OzoneManagerRequestHandler.handleReadRequest(OzoneManagerRequestHandler.java:201) ~[ozone-manager-1.3.0-SNAPSHOT.jar:?]
	at org.apache.hadoop.ozone.protocolPB.OzoneManagerProtocolServerSideTranslatorPB.submitRequestDirectlyToOM(OzoneManagerProtocolServerSideTranslatorPB.java:271) ~[ozone-manager-1.3.0-SNAPSHOT.jar:?]
	at org.apache.hadoop.ozone.protocolPB.OzoneManagerProtocolServerSideTranslatorPB.processRequest(OzoneManagerProtocolServerSideTranslatorPB.java:195) ~[ozone-manager-1.3.0-SNAPSHOT.jar:?]
	at org.apache.hadoop.hdds.server.OzoneProtocolMessageDispatcher.processRequest(OzoneProtocolMessageDispatcher.java:87) [hdds-server-framework-1.3.0-SNAPSHOT.jar:?]
	at org.apache.hadoop.ozone.protocolPB.OzoneManagerProtocolServerSideTranslatorPB.submitRequest(OzoneManagerProtocolServerSideTranslatorPB.java:146) [ozone-manager-1.3.0-SNAPSHOT.jar:?]
	at org.apache.hadoop.ozone.protocol.proto.OzoneManagerProtocolProtos$OzoneManagerService$2.callBlockingMethod(OzoneManagerProtocolProtos.java) [ozone-interface-client-1.3.0-SNAPSHOT.jar:?]
	at org.apache.hadoop.ipc.ProtobufRpcEngine$Server.processCall(ProtobufRpcEngine.java:466) [hadoop-common-3.3.1.jar:?]
	at org.apache.hadoop.ipc.ProtobufRpcEngine2$Server$ProtoBufRpcInvoker.call(ProtobufRpcEngine2.java:574) [hadoop-common-3.3.1.jar:?]
	at org.apache.hadoop.ipc.ProtobufRpcEngine2$Server$ProtoBufRpcInvoker.call(ProtobufRpcEngine2.java:552) [hadoop-common-3.3.1.jar:?]
	at org.apache.hadoop.ipc.RPC$Server.call(RPC.java:1093) [hadoop-common-3.3.1.jar:?]
	at org.apache.hadoop.ipc.Server$RpcCall.run(Server.java:1035) [hadoop-common-3.3.1.jar:?]
	at org.apache.hadoop.ipc.Server$RpcCall.run(Server.java:963) [hadoop-common-3.3.1.jar:?]
	at java.security.AccessController.doPrivileged(Native Method) ~[?:1.8.0_322]
	at javax.security.auth.Subject.doAs(Subject.java:422) [?:1.8.0_322]
	at org.apache.hadoop.security.UserGroupInformation.doAs(UserGroupInformation.java:1878) [hadoop-common-3.3.1.jar:?]
	at org.apache.hadoop.ipc.Server$Handler.run(Server.java:2966) [hadoop-common-3.3.1.jar:?]
2022-04-26 01:55:10,766 [Time-limited test] WARN  ozone.BasicOzoneFileSystem (BasicOzoneFileSystem.java:delete(530)) - delete: Path does not exist: /testBatchDelete/parent
]]></system-out>
  </testcase>
  <testcase name="testRenameToTrashEnabled" classname="TestOzoneFileSystem" time="0.109">
    <system-out><![CDATA[01:51:55.495 [IPC Server handler 4 on default port 44011] ERROR OMAudit - user=runner | ip=127.0.0.1 | op=GET_FILE_STATUS {volume=volume70938, bucket=bucket97532, key=.Trash/runner/Current/testKey1, dataSize=0, replicationConfig=null} | ret=FAILURE
org.apache.hadoop.ozone.om.exceptions.OMException: Unable to get file status: volume: volume70938 bucket: bucket97532 key: .Trash/runner/Current/testKey1
	at org.apache.hadoop.ozone.om.KeyManagerImpl.getOzoneFileStatus(KeyManagerImpl.java:1280) ~[ozone-manager-1.3.0-SNAPSHOT.jar:?]
	at org.apache.hadoop.ozone.om.KeyManagerImpl.getFileStatus(KeyManagerImpl.java:1210) ~[ozone-manager-1.3.0-SNAPSHOT.jar:?]
	at org.apache.hadoop.ozone.om.OzoneManager.getFileStatus(OzoneManager.java:3009) ~[ozone-manager-1.3.0-SNAPSHOT.jar:?]
	at org.apache.hadoop.ozone.protocolPB.OzoneManagerRequestHandler.getOzoneFileStatus(OzoneManagerRequestHandler.java:670) ~[ozone-manager-1.3.0-SNAPSHOT.jar:?]
	at org.apache.hadoop.ozone.protocolPB.OzoneManagerRequestHandler.handleReadRequest(OzoneManagerRequestHandler.java:201) ~[ozone-manager-1.3.0-SNAPSHOT.jar:?]
	at org.apache.hadoop.ozone.protocolPB.OzoneManagerProtocolServerSideTranslatorPB.submitReadRequestToOM(OzoneManagerProtocolServerSideTranslatorPB.java:213) ~[ozone-manager-1.3.0-SNAPSHOT.jar:?]
	at org.apache.hadoop.ozone.protocolPB.OzoneManagerProtocolServerSideTranslatorPB.processRequest(OzoneManagerProtocolServerSideTranslatorPB.java:174) ~[ozone-manager-1.3.0-SNAPSHOT.jar:?]
	at org.apache.hadoop.hdds.server.OzoneProtocolMessageDispatcher.processRequest(OzoneProtocolMessageDispatcher.java:87) [hdds-server-framework-1.3.0-SNAPSHOT.jar:?]
	at org.apache.hadoop.ozone.protocolPB.OzoneManagerProtocolServerSideTranslatorPB.submitRequest(OzoneManagerProtocolServerSideTranslatorPB.java:146) [ozone-manager-1.3.0-SNAPSHOT.jar:?]
	at org.apache.hadoop.ozone.protocol.proto.OzoneManagerProtocolProtos$OzoneManagerService$2.callBlockingMethod(OzoneManagerProtocolProtos.java) [ozone-interface-client-1.3.0-SNAPSHOT.jar:?]
	at org.apache.hadoop.ipc.ProtobufRpcEngine$Server.processCall(ProtobufRpcEngine.java:466) [hadoop-common-3.3.1.jar:?]
	at org.apache.hadoop.ipc.ProtobufRpcEngine2$Server$ProtoBufRpcInvoker.call(ProtobufRpcEngine2.java:574) [hadoop-common-3.3.1.jar:?]
	at org.apache.hadoop.ipc.ProtobufRpcEngine2$Server$ProtoBufRpcInvoker.call(ProtobufRpcEngine2.java:552) [hadoop-common-3.3.1.jar:?]
	at org.apache.hadoop.ipc.RPC$Server.call(RPC.java:1093) [hadoop-common-3.3.1.jar:?]
	at org.apache.hadoop.ipc.Server$RpcCall.run(Server.java:1035) [hadoop-common-3.3.1.jar:?]
	at org.apache.hadoop.ipc.Server$RpcCall.run(Server.java:963) [hadoop-common-3.3.1.jar:?]
	at java.security.AccessController.doPrivileged(Native Method) ~[?:1.8.0_322]
	at javax.security.auth.Subject.doAs(Subject.java:422) [?:1.8.0_322]
	at org.apache.hadoop.security.UserGroupInformation.doAs(UserGroupInformation.java:1878) [hadoop-common-3.3.1.jar:?]
	at org.apache.hadoop.ipc.Server$Handler.run(Server.java:2966) [hadoop-common-3.3.1.jar:?]
01:51:55.498 [IPC Server handler 7 on default port 44011] ERROR OMAudit - user=runner | ip=127.0.0.1 | op=GET_FILE_STATUS {volume=volume70938, bucket=bucket97532, key=.Trash/runner/Current/testKey1, dataSize=0, replicationConfig=null} | ret=FAILURE
org.apache.hadoop.ozone.om.exceptions.OMException: Unable to get file status: volume: volume70938 bucket: bucket97532 key: .Trash/runner/Current/testKey1
	at org.apache.hadoop.ozone.om.KeyManagerImpl.getOzoneFileStatus(KeyManagerImpl.java:1280) ~[ozone-manager-1.3.0-SNAPSHOT.jar:?]
	at org.apache.hadoop.ozone.om.KeyManagerImpl.getFileStatus(KeyManagerImpl.java:1210) ~[ozone-manager-1.3.0-SNAPSHOT.jar:?]
	at org.apache.hadoop.ozone.om.OzoneManager.getFileStatus(OzoneManager.java:3009) ~[ozone-manager-1.3.0-SNAPSHOT.jar:?]
	at org.apache.hadoop.ozone.protocolPB.OzoneManagerRequestHandler.getOzoneFileStatus(OzoneManagerRequestHandler.java:670) ~[ozone-manager-1.3.0-SNAPSHOT.jar:?]
	at org.apache.hadoop.ozone.protocolPB.OzoneManagerRequestHandler.handleReadRequest(OzoneManagerRequestHandler.java:201) ~[ozone-manager-1.3.0-SNAPSHOT.jar:?]
	at org.apache.hadoop.ozone.protocolPB.OzoneManagerProtocolServerSideTranslatorPB.submitReadRequestToOM(OzoneManagerProtocolServerSideTranslatorPB.java:213) ~[ozone-manager-1.3.0-SNAPSHOT.jar:?]
	at org.apache.hadoop.ozone.protocolPB.OzoneManagerProtocolServerSideTranslatorPB.processRequest(OzoneManagerProtocolServerSideTranslatorPB.java:174) ~[ozone-manager-1.3.0-SNAPSHOT.jar:?]
	at org.apache.hadoop.hdds.server.OzoneProtocolMessageDispatcher.processRequest(OzoneProtocolMessageDispatcher.java:87) [hdds-server-framework-1.3.0-SNAPSHOT.jar:?]
	at org.apache.hadoop.ozone.protocolPB.OzoneManagerProtocolServerSideTranslatorPB.submitRequest(OzoneManagerProtocolServerSideTranslatorPB.java:146) [ozone-manager-1.3.0-SNAPSHOT.jar:?]
	at org.apache.hadoop.ozone.protocol.proto.OzoneManagerProtocolProtos$OzoneManagerService$2.callBlockingMethod(OzoneManagerProtocolProtos.java) [ozone-interface-client-1.3.0-SNAPSHOT.jar:?]
	at org.apache.hadoop.ipc.ProtobufRpcEngine$Server.processCall(ProtobufRpcEngine.java:466) [hadoop-common-3.3.1.jar:?]
	at org.apache.hadoop.ipc.ProtobufRpcEngine2$Server$ProtoBufRpcInvoker.call(ProtobufRpcEngine2.java:574) [hadoop-common-3.3.1.jar:?]
	at org.apache.hadoop.ipc.ProtobufRpcEngine2$Server$ProtoBufRpcInvoker.call(ProtobufRpcEngine2.java:552) [hadoop-common-3.3.1.jar:?]
	at org.apache.hadoop.ipc.RPC$Server.call(RPC.java:1093) [hadoop-common-3.3.1.jar:?]
	at org.apache.hadoop.ipc.Server$RpcCall.run(Server.java:1035) [hadoop-common-3.3.1.jar:?]
	at org.apache.hadoop.ipc.Server$RpcCall.run(Server.java:963) [hadoop-common-3.3.1.jar:?]
	at java.security.AccessController.doPrivileged(Native Method) ~[?:1.8.0_322]
	at javax.security.auth.Subject.doAs(Subject.java:422) [?:1.8.0_322]
	at org.apache.hadoop.security.UserGroupInformation.doAs(UserGroupInformation.java:1878) [hadoop-common-3.3.1.jar:?]
	at org.apache.hadoop.ipc.Server$Handler.run(Server.java:2966) [hadoop-common-3.3.1.jar:?]
2022-04-26 01:51:55,506 [Time-limited test] INFO  fs.TrashPolicyDefault (TrashPolicyDefault.java:moveToTrash(188)) - Moved: '/testKey1' to trash at: /.Trash/runner/Current/testKey1
2022-04-26 01:51:55,516 [OM StateMachine ApplyTransaction Thread - 0] ERROR key.OMKeysDeleteRequest (OMKeysDeleteRequest.java:validateAndUpdateCache(139)) - Received a request to delete a Key does not exist /volume70938/bucket97532/.Trash/runner/Current/testKey1
2022-04-26 01:51:55,517 [Time-limited test] ERROR ozone.BasicOzoneClientAdapterImpl (BasicOzoneClientAdapterImpl.java:deleteObjects(353)) - delete key failed 
]]></system-out>
  </testcase>
  <testcase name="testRenameToTrashEnabled" classname="TestOzoneFileSystem" time="0.15">
    <system-out><![CDATA[01:52:54.522 [IPC Server handler 14 on default port 46323] ERROR OMAudit - user=runner | ip=127.0.0.1 | op=GET_FILE_STATUS {volume=volume68825, bucket=bucket30700, key=.Trash/runner/Current/testKey1, dataSize=0, replicationConfig=null} | ret=FAILURE
org.apache.hadoop.ozone.om.exceptions.OMException: Unable to get file status: volume: volume68825 bucket: bucket30700 key: .Trash/runner/Current/testKey1
	at org.apache.hadoop.ozone.om.KeyManagerImpl.getOzoneFileStatus(KeyManagerImpl.java:1280) ~[ozone-manager-1.3.0-SNAPSHOT.jar:?]
	at org.apache.hadoop.ozone.om.KeyManagerImpl.getFileStatus(KeyManagerImpl.java:1210) ~[ozone-manager-1.3.0-SNAPSHOT.jar:?]
	at org.apache.hadoop.ozone.om.OzoneManager.getFileStatus(OzoneManager.java:3009) ~[ozone-manager-1.3.0-SNAPSHOT.jar:?]
	at org.apache.hadoop.ozone.protocolPB.OzoneManagerRequestHandler.getOzoneFileStatus(OzoneManagerRequestHandler.java:670) ~[ozone-manager-1.3.0-SNAPSHOT.jar:?]
	at org.apache.hadoop.ozone.protocolPB.OzoneManagerRequestHandler.handleReadRequest(OzoneManagerRequestHandler.java:201) ~[ozone-manager-1.3.0-SNAPSHOT.jar:?]
	at org.apache.hadoop.ozone.protocolPB.OzoneManagerProtocolServerSideTranslatorPB.submitRequestDirectlyToOM(OzoneManagerProtocolServerSideTranslatorPB.java:271) ~[ozone-manager-1.3.0-SNAPSHOT.jar:?]
	at org.apache.hadoop.ozone.protocolPB.OzoneManagerProtocolServerSideTranslatorPB.processRequest(OzoneManagerProtocolServerSideTranslatorPB.java:195) ~[ozone-manager-1.3.0-SNAPSHOT.jar:?]
	at org.apache.hadoop.hdds.server.OzoneProtocolMessageDispatcher.processRequest(OzoneProtocolMessageDispatcher.java:87) [hdds-server-framework-1.3.0-SNAPSHOT.jar:?]
	at org.apache.hadoop.ozone.protocolPB.OzoneManagerProtocolServerSideTranslatorPB.submitRequest(OzoneManagerProtocolServerSideTranslatorPB.java:146) [ozone-manager-1.3.0-SNAPSHOT.jar:?]
	at org.apache.hadoop.ozone.protocol.proto.OzoneManagerProtocolProtos$OzoneManagerService$2.callBlockingMethod(OzoneManagerProtocolProtos.java) [ozone-interface-client-1.3.0-SNAPSHOT.jar:?]
	at org.apache.hadoop.ipc.ProtobufRpcEngine$Server.processCall(ProtobufRpcEngine.java:466) [hadoop-common-3.3.1.jar:?]
	at org.apache.hadoop.ipc.ProtobufRpcEngine2$Server$ProtoBufRpcInvoker.call(ProtobufRpcEngine2.java:574) [hadoop-common-3.3.1.jar:?]
	at org.apache.hadoop.ipc.ProtobufRpcEngine2$Server$ProtoBufRpcInvoker.call(ProtobufRpcEngine2.java:552) [hadoop-common-3.3.1.jar:?]
	at org.apache.hadoop.ipc.RPC$Server.call(RPC.java:1093) [hadoop-common-3.3.1.jar:?]
	at org.apache.hadoop.ipc.Server$RpcCall.run(Server.java:1035) [hadoop-common-3.3.1.jar:?]
	at org.apache.hadoop.ipc.Server$RpcCall.run(Server.java:963) [hadoop-common-3.3.1.jar:?]
	at java.security.AccessController.doPrivileged(Native Method) ~[?:1.8.0_322]
	at javax.security.auth.Subject.doAs(Subject.java:422) [?:1.8.0_322]
	at org.apache.hadoop.security.UserGroupInformation.doAs(UserGroupInformation.java:1878) [hadoop-common-3.3.1.jar:?]
	at org.apache.hadoop.ipc.Server$Handler.run(Server.java:2966) [hadoop-common-3.3.1.jar:?]
01:52:54.524 [IPC Server handler 15 on default port 46323] ERROR OMAudit - user=runner | ip=127.0.0.1 | op=GET_FILE_STATUS {volume=volume68825, bucket=bucket30700, key=.Trash/runner/Current/testKey1, dataSize=0, replicationConfig=null} | ret=FAILURE
org.apache.hadoop.ozone.om.exceptions.OMException: Unable to get file status: volume: volume68825 bucket: bucket30700 key: .Trash/runner/Current/testKey1
	at org.apache.hadoop.ozone.om.KeyManagerImpl.getOzoneFileStatus(KeyManagerImpl.java:1280) ~[ozone-manager-1.3.0-SNAPSHOT.jar:?]
	at org.apache.hadoop.ozone.om.KeyManagerImpl.getFileStatus(KeyManagerImpl.java:1210) ~[ozone-manager-1.3.0-SNAPSHOT.jar:?]
	at org.apache.hadoop.ozone.om.OzoneManager.getFileStatus(OzoneManager.java:3009) ~[ozone-manager-1.3.0-SNAPSHOT.jar:?]
	at org.apache.hadoop.ozone.protocolPB.OzoneManagerRequestHandler.getOzoneFileStatus(OzoneManagerRequestHandler.java:670) ~[ozone-manager-1.3.0-SNAPSHOT.jar:?]
	at org.apache.hadoop.ozone.protocolPB.OzoneManagerRequestHandler.handleReadRequest(OzoneManagerRequestHandler.java:201) ~[ozone-manager-1.3.0-SNAPSHOT.jar:?]
	at org.apache.hadoop.ozone.protocolPB.OzoneManagerProtocolServerSideTranslatorPB.submitRequestDirectlyToOM(OzoneManagerProtocolServerSideTranslatorPB.java:271) ~[ozone-manager-1.3.0-SNAPSHOT.jar:?]
	at org.apache.hadoop.ozone.protocolPB.OzoneManagerProtocolServerSideTranslatorPB.processRequest(OzoneManagerProtocolServerSideTranslatorPB.java:195) ~[ozone-manager-1.3.0-SNAPSHOT.jar:?]
	at org.apache.hadoop.hdds.server.OzoneProtocolMessageDispatcher.processRequest(OzoneProtocolMessageDispatcher.java:87) [hdds-server-framework-1.3.0-SNAPSHOT.jar:?]
	at org.apache.hadoop.ozone.protocolPB.OzoneManagerProtocolServerSideTranslatorPB.submitRequest(OzoneManagerProtocolServerSideTranslatorPB.java:146) [ozone-manager-1.3.0-SNAPSHOT.jar:?]
	at org.apache.hadoop.ozone.protocol.proto.OzoneManagerProtocolProtos$OzoneManagerService$2.callBlockingMethod(OzoneManagerProtocolProtos.java) [ozone-interface-client-1.3.0-SNAPSHOT.jar:?]
	at org.apache.hadoop.ipc.ProtobufRpcEngine$Server.processCall(ProtobufRpcEngine.java:466) [hadoop-common-3.3.1.jar:?]
	at org.apache.hadoop.ipc.ProtobufRpcEngine2$Server$ProtoBufRpcInvoker.call(ProtobufRpcEngine2.java:574) [hadoop-common-3.3.1.jar:?]
	at org.apache.hadoop.ipc.ProtobufRpcEngine2$Server$ProtoBufRpcInvoker.call(ProtobufRpcEngine2.java:552) [hadoop-common-3.3.1.jar:?]
	at org.apache.hadoop.ipc.RPC$Server.call(RPC.java:1093) [hadoop-common-3.3.1.jar:?]
	at org.apache.hadoop.ipc.Server$RpcCall.run(Server.java:1035) [hadoop-common-3.3.1.jar:?]
	at org.apache.hadoop.ipc.Server$RpcCall.run(Server.java:963) [hadoop-common-3.3.1.jar:?]
	at java.security.AccessController.doPrivileged(Native Method) ~[?:1.8.0_322]
	at javax.security.auth.Subject.doAs(Subject.java:422) [?:1.8.0_322]
	at org.apache.hadoop.security.UserGroupInformation.doAs(UserGroupInformation.java:1878) [hadoop-common-3.3.1.jar:?]
	at org.apache.hadoop.ipc.Server$Handler.run(Server.java:2966) [hadoop-common-3.3.1.jar:?]
2022-04-26 01:52:54,529 [Time-limited test] INFO  fs.TrashPolicyDefault (TrashPolicyDefault.java:moveToTrash(188)) - Moved: '/testKey1' to trash at: /.Trash/runner/Current/testKey1
]]></system-out>
  </testcase>
  <testcase name="testRenameToTrashEnabled" classname="TestOzoneFileSystem" time="0.277">
    <system-out><![CDATA[01:54:00.152 [IPC Server handler 5 on default port 40803] ERROR OMAudit - user=runner | ip=127.0.0.1 | op=GET_FILE_STATUS {volume=volume85710, bucket=bucket48480, key=.Trash/runner/Current/testKey1, dataSize=0, replicationConfig=null} | ret=FAILURE
org.apache.hadoop.ozone.om.exceptions.OMException: Unable to get file status: volume: volume85710 bucket: bucket48480 key: .Trash/runner/Current/testKey1
	at org.apache.hadoop.ozone.om.KeyManagerImpl.getOzoneFileStatus(KeyManagerImpl.java:1280) ~[ozone-manager-1.3.0-SNAPSHOT.jar:?]
	at org.apache.hadoop.ozone.om.KeyManagerImpl.getFileStatus(KeyManagerImpl.java:1210) ~[ozone-manager-1.3.0-SNAPSHOT.jar:?]
	at org.apache.hadoop.ozone.om.OzoneManager.getFileStatus(OzoneManager.java:3009) ~[ozone-manager-1.3.0-SNAPSHOT.jar:?]
	at org.apache.hadoop.ozone.protocolPB.OzoneManagerRequestHandler.getOzoneFileStatus(OzoneManagerRequestHandler.java:670) ~[ozone-manager-1.3.0-SNAPSHOT.jar:?]
	at org.apache.hadoop.ozone.protocolPB.OzoneManagerRequestHandler.handleReadRequest(OzoneManagerRequestHandler.java:201) ~[ozone-manager-1.3.0-SNAPSHOT.jar:?]
	at org.apache.hadoop.ozone.protocolPB.OzoneManagerProtocolServerSideTranslatorPB.submitReadRequestToOM(OzoneManagerProtocolServerSideTranslatorPB.java:213) ~[ozone-manager-1.3.0-SNAPSHOT.jar:?]
	at org.apache.hadoop.ozone.protocolPB.OzoneManagerProtocolServerSideTranslatorPB.processRequest(OzoneManagerProtocolServerSideTranslatorPB.java:174) ~[ozone-manager-1.3.0-SNAPSHOT.jar:?]
	at org.apache.hadoop.hdds.server.OzoneProtocolMessageDispatcher.processRequest(OzoneProtocolMessageDispatcher.java:87) [hdds-server-framework-1.3.0-SNAPSHOT.jar:?]
	at org.apache.hadoop.ozone.protocolPB.OzoneManagerProtocolServerSideTranslatorPB.submitRequest(OzoneManagerProtocolServerSideTranslatorPB.java:146) [ozone-manager-1.3.0-SNAPSHOT.jar:?]
	at org.apache.hadoop.ozone.protocol.proto.OzoneManagerProtocolProtos$OzoneManagerService$2.callBlockingMethod(OzoneManagerProtocolProtos.java) [ozone-interface-client-1.3.0-SNAPSHOT.jar:?]
	at org.apache.hadoop.ipc.ProtobufRpcEngine$Server.processCall(ProtobufRpcEngine.java:466) [hadoop-common-3.3.1.jar:?]
	at org.apache.hadoop.ipc.ProtobufRpcEngine2$Server$ProtoBufRpcInvoker.call(ProtobufRpcEngine2.java:574) [hadoop-common-3.3.1.jar:?]
	at org.apache.hadoop.ipc.ProtobufRpcEngine2$Server$ProtoBufRpcInvoker.call(ProtobufRpcEngine2.java:552) [hadoop-common-3.3.1.jar:?]
	at org.apache.hadoop.ipc.RPC$Server.call(RPC.java:1093) [hadoop-common-3.3.1.jar:?]
	at org.apache.hadoop.ipc.Server$RpcCall.run(Server.java:1035) [hadoop-common-3.3.1.jar:?]
	at org.apache.hadoop.ipc.Server$RpcCall.run(Server.java:963) [hadoop-common-3.3.1.jar:?]
	at java.security.AccessController.doPrivileged(Native Method) ~[?:1.8.0_322]
	at javax.security.auth.Subject.doAs(Subject.java:422) [?:1.8.0_322]
	at org.apache.hadoop.security.UserGroupInformation.doAs(UserGroupInformation.java:1878) [hadoop-common-3.3.1.jar:?]
	at org.apache.hadoop.ipc.Server$Handler.run(Server.java:2966) [hadoop-common-3.3.1.jar:?]
01:54:00.155 [IPC Server handler 3 on default port 40803] ERROR OMAudit - user=runner | ip=127.0.0.1 | op=GET_FILE_STATUS {volume=volume85710, bucket=bucket48480, key=.Trash/runner/Current/testKey1, dataSize=0, replicationConfig=null} | ret=FAILURE
org.apache.hadoop.ozone.om.exceptions.OMException: Unable to get file status: volume: volume85710 bucket: bucket48480 key: .Trash/runner/Current/testKey1
	at org.apache.hadoop.ozone.om.KeyManagerImpl.getOzoneFileStatus(KeyManagerImpl.java:1280) ~[ozone-manager-1.3.0-SNAPSHOT.jar:?]
	at org.apache.hadoop.ozone.om.KeyManagerImpl.getFileStatus(KeyManagerImpl.java:1210) ~[ozone-manager-1.3.0-SNAPSHOT.jar:?]
	at org.apache.hadoop.ozone.om.OzoneManager.getFileStatus(OzoneManager.java:3009) ~[ozone-manager-1.3.0-SNAPSHOT.jar:?]
	at org.apache.hadoop.ozone.protocolPB.OzoneManagerRequestHandler.getOzoneFileStatus(OzoneManagerRequestHandler.java:670) ~[ozone-manager-1.3.0-SNAPSHOT.jar:?]
	at org.apache.hadoop.ozone.protocolPB.OzoneManagerRequestHandler.handleReadRequest(OzoneManagerRequestHandler.java:201) ~[ozone-manager-1.3.0-SNAPSHOT.jar:?]
	at org.apache.hadoop.ozone.protocolPB.OzoneManagerProtocolServerSideTranslatorPB.submitReadRequestToOM(OzoneManagerProtocolServerSideTranslatorPB.java:213) ~[ozone-manager-1.3.0-SNAPSHOT.jar:?]
	at org.apache.hadoop.ozone.protocolPB.OzoneManagerProtocolServerSideTranslatorPB.processRequest(OzoneManagerProtocolServerSideTranslatorPB.java:174) ~[ozone-manager-1.3.0-SNAPSHOT.jar:?]
	at org.apache.hadoop.hdds.server.OzoneProtocolMessageDispatcher.processRequest(OzoneProtocolMessageDispatcher.java:87) [hdds-server-framework-1.3.0-SNAPSHOT.jar:?]
	at org.apache.hadoop.ozone.protocolPB.OzoneManagerProtocolServerSideTranslatorPB.submitRequest(OzoneManagerProtocolServerSideTranslatorPB.java:146) [ozone-manager-1.3.0-SNAPSHOT.jar:?]
	at org.apache.hadoop.ozone.protocol.proto.OzoneManagerProtocolProtos$OzoneManagerService$2.callBlockingMethod(OzoneManagerProtocolProtos.java) [ozone-interface-client-1.3.0-SNAPSHOT.jar:?]
	at org.apache.hadoop.ipc.ProtobufRpcEngine$Server.processCall(ProtobufRpcEngine.java:466) [hadoop-common-3.3.1.jar:?]
	at org.apache.hadoop.ipc.ProtobufRpcEngine2$Server$ProtoBufRpcInvoker.call(ProtobufRpcEngine2.java:574) [hadoop-common-3.3.1.jar:?]
	at org.apache.hadoop.ipc.ProtobufRpcEngine2$Server$ProtoBufRpcInvoker.call(ProtobufRpcEngine2.java:552) [hadoop-common-3.3.1.jar:?]
	at org.apache.hadoop.ipc.RPC$Server.call(RPC.java:1093) [hadoop-common-3.3.1.jar:?]
	at org.apache.hadoop.ipc.Server$RpcCall.run(Server.java:1035) [hadoop-common-3.3.1.jar:?]
	at org.apache.hadoop.ipc.Server$RpcCall.run(Server.java:963) [hadoop-common-3.3.1.jar:?]
	at java.security.AccessController.doPrivileged(Native Method) ~[?:1.8.0_322]
	at javax.security.auth.Subject.doAs(Subject.java:422) [?:1.8.0_322]
	at org.apache.hadoop.security.UserGroupInformation.doAs(UserGroupInformation.java:1878) [hadoop-common-3.3.1.jar:?]
	at org.apache.hadoop.ipc.Server$Handler.run(Server.java:2966) [hadoop-common-3.3.1.jar:?]
2022-04-26 01:54:00,159 [Time-limited test] INFO  fs.TrashPolicyDefault (TrashPolicyDefault.java:moveToTrash(188)) - Moved: '/testKey1' to trash at: /.Trash/runner/Current/testKey1
]]></system-out>
  </testcase>
  <testcase name="testRenameToTrashEnabled" classname="TestOzoneFileSystem" time="0.403">
    <system-out><![CDATA[01:55:11.147 [IPC Server handler 3 on default port 35711] ERROR OMAudit - user=runner | ip=127.0.0.1 | op=GET_FILE_STATUS {volume=volume11484, bucket=bucket58947, key=.Trash/runner/Current/testKey1, dataSize=0, replicationConfig=null} | ret=FAILURE
org.apache.hadoop.ozone.om.exceptions.OMException: Unable to get file status: volume: volume11484 bucket: bucket58947 key: .Trash/runner/Current/testKey1
	at org.apache.hadoop.ozone.om.KeyManagerImpl.getOzoneFileStatus(KeyManagerImpl.java:1280) ~[ozone-manager-1.3.0-SNAPSHOT.jar:?]
	at org.apache.hadoop.ozone.om.KeyManagerImpl.getFileStatus(KeyManagerImpl.java:1210) ~[ozone-manager-1.3.0-SNAPSHOT.jar:?]
	at org.apache.hadoop.ozone.om.OzoneManager.getFileStatus(OzoneManager.java:3009) ~[ozone-manager-1.3.0-SNAPSHOT.jar:?]
	at org.apache.hadoop.ozone.protocolPB.OzoneManagerRequestHandler.getOzoneFileStatus(OzoneManagerRequestHandler.java:670) ~[ozone-manager-1.3.0-SNAPSHOT.jar:?]
	at org.apache.hadoop.ozone.protocolPB.OzoneManagerRequestHandler.handleReadRequest(OzoneManagerRequestHandler.java:201) ~[ozone-manager-1.3.0-SNAPSHOT.jar:?]
	at org.apache.hadoop.ozone.protocolPB.OzoneManagerProtocolServerSideTranslatorPB.submitRequestDirectlyToOM(OzoneManagerProtocolServerSideTranslatorPB.java:271) ~[ozone-manager-1.3.0-SNAPSHOT.jar:?]
	at org.apache.hadoop.ozone.protocolPB.OzoneManagerProtocolServerSideTranslatorPB.processRequest(OzoneManagerProtocolServerSideTranslatorPB.java:195) ~[ozone-manager-1.3.0-SNAPSHOT.jar:?]
	at org.apache.hadoop.hdds.server.OzoneProtocolMessageDispatcher.processRequest(OzoneProtocolMessageDispatcher.java:87) [hdds-server-framework-1.3.0-SNAPSHOT.jar:?]
	at org.apache.hadoop.ozone.protocolPB.OzoneManagerProtocolServerSideTranslatorPB.submitRequest(OzoneManagerProtocolServerSideTranslatorPB.java:146) [ozone-manager-1.3.0-SNAPSHOT.jar:?]
	at org.apache.hadoop.ozone.protocol.proto.OzoneManagerProtocolProtos$OzoneManagerService$2.callBlockingMethod(OzoneManagerProtocolProtos.java) [ozone-interface-client-1.3.0-SNAPSHOT.jar:?]
	at org.apache.hadoop.ipc.ProtobufRpcEngine$Server.processCall(ProtobufRpcEngine.java:466) [hadoop-common-3.3.1.jar:?]
	at org.apache.hadoop.ipc.ProtobufRpcEngine2$Server$ProtoBufRpcInvoker.call(ProtobufRpcEngine2.java:574) [hadoop-common-3.3.1.jar:?]
	at org.apache.hadoop.ipc.ProtobufRpcEngine2$Server$ProtoBufRpcInvoker.call(ProtobufRpcEngine2.java:552) [hadoop-common-3.3.1.jar:?]
	at org.apache.hadoop.ipc.RPC$Server.call(RPC.java:1093) [hadoop-common-3.3.1.jar:?]
	at org.apache.hadoop.ipc.Server$RpcCall.run(Server.java:1035) [hadoop-common-3.3.1.jar:?]
	at org.apache.hadoop.ipc.Server$RpcCall.run(Server.java:963) [hadoop-common-3.3.1.jar:?]
	at java.security.AccessController.doPrivileged(Native Method) ~[?:1.8.0_322]
	at javax.security.auth.Subject.doAs(Subject.java:422) [?:1.8.0_322]
	at org.apache.hadoop.security.UserGroupInformation.doAs(UserGroupInformation.java:1878) [hadoop-common-3.3.1.jar:?]
	at org.apache.hadoop.ipc.Server$Handler.run(Server.java:2966) [hadoop-common-3.3.1.jar:?]
01:55:11.151 [IPC Server handler 6 on default port 35711] ERROR OMAudit - user=runner | ip=127.0.0.1 | op=GET_FILE_STATUS {volume=volume11484, bucket=bucket58947, key=.Trash/runner/Current/testKey1, dataSize=0, replicationConfig=null} | ret=FAILURE
org.apache.hadoop.ozone.om.exceptions.OMException: Unable to get file status: volume: volume11484 bucket: bucket58947 key: .Trash/runner/Current/testKey1
	at org.apache.hadoop.ozone.om.KeyManagerImpl.getOzoneFileStatus(KeyManagerImpl.java:1280) ~[ozone-manager-1.3.0-SNAPSHOT.jar:?]
	at org.apache.hadoop.ozone.om.KeyManagerImpl.getFileStatus(KeyManagerImpl.java:1210) ~[ozone-manager-1.3.0-SNAPSHOT.jar:?]
	at org.apache.hadoop.ozone.om.OzoneManager.getFileStatus(OzoneManager.java:3009) ~[ozone-manager-1.3.0-SNAPSHOT.jar:?]
	at org.apache.hadoop.ozone.protocolPB.OzoneManagerRequestHandler.getOzoneFileStatus(OzoneManagerRequestHandler.java:670) ~[ozone-manager-1.3.0-SNAPSHOT.jar:?]
	at org.apache.hadoop.ozone.protocolPB.OzoneManagerRequestHandler.handleReadRequest(OzoneManagerRequestHandler.java:201) ~[ozone-manager-1.3.0-SNAPSHOT.jar:?]
	at org.apache.hadoop.ozone.protocolPB.OzoneManagerProtocolServerSideTranslatorPB.submitRequestDirectlyToOM(OzoneManagerProtocolServerSideTranslatorPB.java:271) ~[ozone-manager-1.3.0-SNAPSHOT.jar:?]
	at org.apache.hadoop.ozone.protocolPB.OzoneManagerProtocolServerSideTranslatorPB.processRequest(OzoneManagerProtocolServerSideTranslatorPB.java:195) ~[ozone-manager-1.3.0-SNAPSHOT.jar:?]
	at org.apache.hadoop.hdds.server.OzoneProtocolMessageDispatcher.processRequest(OzoneProtocolMessageDispatcher.java:87) [hdds-server-framework-1.3.0-SNAPSHOT.jar:?]
	at org.apache.hadoop.ozone.protocolPB.OzoneManagerProtocolServerSideTranslatorPB.submitRequest(OzoneManagerProtocolServerSideTranslatorPB.java:146) [ozone-manager-1.3.0-SNAPSHOT.jar:?]
	at org.apache.hadoop.ozone.protocol.proto.OzoneManagerProtocolProtos$OzoneManagerService$2.callBlockingMethod(OzoneManagerProtocolProtos.java) [ozone-interface-client-1.3.0-SNAPSHOT.jar:?]
	at org.apache.hadoop.ipc.ProtobufRpcEngine$Server.processCall(ProtobufRpcEngine.java:466) [hadoop-common-3.3.1.jar:?]
	at org.apache.hadoop.ipc.ProtobufRpcEngine2$Server$ProtoBufRpcInvoker.call(ProtobufRpcEngine2.java:574) [hadoop-common-3.3.1.jar:?]
	at org.apache.hadoop.ipc.ProtobufRpcEngine2$Server$ProtoBufRpcInvoker.call(ProtobufRpcEngine2.java:552) [hadoop-common-3.3.1.jar:?]
	at org.apache.hadoop.ipc.RPC$Server.call(RPC.java:1093) [hadoop-common-3.3.1.jar:?]
	at org.apache.hadoop.ipc.Server$RpcCall.run(Server.java:1035) [hadoop-common-3.3.1.jar:?]
	at org.apache.hadoop.ipc.Server$RpcCall.run(Server.java:963) [hadoop-common-3.3.1.jar:?]
	at java.security.AccessController.doPrivileged(Native Method) ~[?:1.8.0_322]
	at javax.security.auth.Subject.doAs(Subject.java:422) [?:1.8.0_322]
	at org.apache.hadoop.security.UserGroupInformation.doAs(UserGroupInformation.java:1878) [hadoop-common-3.3.1.jar:?]
	at org.apache.hadoop.ipc.Server$Handler.run(Server.java:2966) [hadoop-common-3.3.1.jar:?]
2022-04-26 01:55:11,155 [Time-limited test] INFO  fs.TrashPolicyDefault (TrashPolicyDefault.java:moveToTrash(188)) - Moved: '/testKey1' to trash at: /.Trash/runner/Current/testKey1
]]></system-out>
  </testcase>
  <testcase name="testListStatusWithIntermediateDir" classname="TestOzoneFileSystem" time="0.037">
    <failure type="java.lang.AssertionError"><![CDATA[java.lang.AssertionError: expected:<1> but was:<2>
	at org.junit.Assert.fail(Assert.java:89)
	at org.junit.Assert.failNotEquals(Assert.java:835)
	at org.junit.Assert.assertEquals(Assert.java:647)
	at org.junit.Assert.assertEquals(Assert.java:633)
	at org.apache.hadoop.fs.ozone.TestOzoneFileSystem.testListStatusWithIntermediateDir(TestOzoneFileSystem.java:616)
	at sun.reflect.NativeMethodAccessorImpl.invoke0(Native Method)
	at sun.reflect.NativeMethodAccessorImpl.invoke(NativeMethodAccessorImpl.java:62)
	at sun.reflect.DelegatingMethodAccessorImpl.invoke(DelegatingMethodAccessorImpl.java:43)
	at java.lang.reflect.Method.invoke(Method.java:498)
	at org.junit.runners.model.FrameworkMethod$1.runReflectiveCall(FrameworkMethod.java:59)
	at org.junit.internal.runners.model.ReflectiveCallable.run(ReflectiveCallable.java:12)
	at org.junit.runners.model.FrameworkMethod.invokeExplosively(FrameworkMethod.java:56)
	at org.junit.internal.runners.statements.InvokeMethod.evaluate(InvokeMethod.java:17)
	at org.junit.internal.runners.statements.RunAfters.evaluate(RunAfters.java:27)
	at org.junit.internal.runners.statements.FailOnTimeout$CallableStatement.call(FailOnTimeout.java:288)
	at org.junit.internal.runners.statements.FailOnTimeout$CallableStatement.call(FailOnTimeout.java:282)
	at java.util.concurrent.FutureTask.run(FutureTask.java:266)
	at java.lang.Thread.run(Thread.java:750)
]]></failure>
    <system-out><![CDATA[2022-04-26 01:51:55,529 [IPC Server handler 19 on default port 44593] INFO  pipeline.PipelineStateManagerImpl (PipelineStateManagerImpl.java:addPipeline(101)) - Created pipeline Pipeline[ Id: d06ea633-a277-4051-8d71-c4d8dc3a6624, Nodes: c51dce87-425e-48a2-9f44-d785deaab87e{ip: 10.1.0.42, host: fv-az50-870.grzltbmokehuzjyc5b133kdqgh.cx.internal.cloudapp.net, ports: [REPLICATION=46153, RATIS=40827, RATIS_ADMIN=40827, RATIS_SERVER=40827, STANDALONE=43803], networkLocation: /default-rack, certSerialId: null, persistedOpState: IN_SERVICE, persistedOpStateExpiryEpochSec: 0}, ReplicationConfig: STANDALONE/ONE, State:OPEN, leaderId:, CreationTimestamp2022-04-26T01:51:55.528Z[Etc/UTC]].
01:51:55.544 [IPC Server handler 12 on default port 44011] ERROR OMAudit - user=runner | ip=127.0.0.1 | op=GET_FILE_STATUS {volume=volume70938, bucket=bucket97532, key=.Trash, dataSize=0, replicationConfig=null} | ret=FAILURE
org.apache.hadoop.ozone.om.exceptions.OMException: Unable to get file status: volume: volume70938 bucket: bucket97532 key: .Trash
	at org.apache.hadoop.ozone.om.KeyManagerImpl.getOzoneFileStatus(KeyManagerImpl.java:1280) ~[ozone-manager-1.3.0-SNAPSHOT.jar:?]
	at org.apache.hadoop.ozone.om.KeyManagerImpl.getFileStatus(KeyManagerImpl.java:1210) ~[ozone-manager-1.3.0-SNAPSHOT.jar:?]
	at org.apache.hadoop.ozone.om.OzoneManager.getFileStatus(OzoneManager.java:3009) ~[ozone-manager-1.3.0-SNAPSHOT.jar:?]
	at org.apache.hadoop.ozone.protocolPB.OzoneManagerRequestHandler.getOzoneFileStatus(OzoneManagerRequestHandler.java:670) ~[ozone-manager-1.3.0-SNAPSHOT.jar:?]
	at org.apache.hadoop.ozone.protocolPB.OzoneManagerRequestHandler.handleReadRequest(OzoneManagerRequestHandler.java:201) ~[ozone-manager-1.3.0-SNAPSHOT.jar:?]
	at org.apache.hadoop.ozone.protocolPB.OzoneManagerProtocolServerSideTranslatorPB.submitReadRequestToOM(OzoneManagerProtocolServerSideTranslatorPB.java:213) ~[ozone-manager-1.3.0-SNAPSHOT.jar:?]
	at org.apache.hadoop.ozone.protocolPB.OzoneManagerProtocolServerSideTranslatorPB.processRequest(OzoneManagerProtocolServerSideTranslatorPB.java:174) ~[ozone-manager-1.3.0-SNAPSHOT.jar:?]
	at org.apache.hadoop.hdds.server.OzoneProtocolMessageDispatcher.processRequest(OzoneProtocolMessageDispatcher.java:87) [hdds-server-framework-1.3.0-SNAPSHOT.jar:?]
	at org.apache.hadoop.ozone.protocolPB.OzoneManagerProtocolServerSideTranslatorPB.submitRequest(OzoneManagerProtocolServerSideTranslatorPB.java:146) [ozone-manager-1.3.0-SNAPSHOT.jar:?]
	at org.apache.hadoop.ozone.protocol.proto.OzoneManagerProtocolProtos$OzoneManagerService$2.callBlockingMethod(OzoneManagerProtocolProtos.java) [ozone-interface-client-1.3.0-SNAPSHOT.jar:?]
	at org.apache.hadoop.ipc.ProtobufRpcEngine$Server.processCall(ProtobufRpcEngine.java:466) [hadoop-common-3.3.1.jar:?]
	at org.apache.hadoop.ipc.ProtobufRpcEngine2$Server$ProtoBufRpcInvoker.call(ProtobufRpcEngine2.java:574) [hadoop-common-3.3.1.jar:?]
	at org.apache.hadoop.ipc.ProtobufRpcEngine2$Server$ProtoBufRpcInvoker.call(ProtobufRpcEngine2.java:552) [hadoop-common-3.3.1.jar:?]
	at org.apache.hadoop.ipc.RPC$Server.call(RPC.java:1093) [hadoop-common-3.3.1.jar:?]
	at org.apache.hadoop.ipc.Server$RpcCall.run(Server.java:1035) [hadoop-common-3.3.1.jar:?]
	at org.apache.hadoop.ipc.Server$RpcCall.run(Server.java:963) [hadoop-common-3.3.1.jar:?]
	at java.security.AccessController.doPrivileged(Native Method) ~[?:1.8.0_322]
	at javax.security.auth.Subject.doAs(Subject.java:422) [?:1.8.0_322]
	at org.apache.hadoop.security.UserGroupInformation.doAs(UserGroupInformation.java:1878) [hadoop-common-3.3.1.jar:?]
	at org.apache.hadoop.ipc.Server$Handler.run(Server.java:2966) [hadoop-common-3.3.1.jar:?]
2022-04-26 01:51:55,544 [Time-limited test] WARN  ozone.BasicOzoneFileSystem (BasicOzoneFileSystem.java:delete(530)) - delete: Path does not exist: o3fs://bucket97532.volume70938/.Trash
]]></system-out>
  </testcase>
  <testcase name="testListStatusWithIntermediateDir" classname="TestOzoneFileSystem" time="0.072">
    <system-out><![CDATA[2022-04-26 01:52:54,586 [IPC Server handler 6 on default port 42263] INFO  pipeline.PipelineStateManagerImpl (PipelineStateManagerImpl.java:addPipeline(101)) - Created pipeline Pipeline[ Id: e384c35d-e2f0-4799-9945-f5be2233acf3, Nodes: aa794ff7-e78a-42e1-b114-2e34ec5a968d{ip: 10.1.0.42, host: fv-az50-870.grzltbmokehuzjyc5b133kdqgh.cx.internal.cloudapp.net, ports: [REPLICATION=41163, RATIS=38125, RATIS_ADMIN=38125, RATIS_SERVER=38125, STANDALONE=37029], networkLocation: /default-rack, certSerialId: null, persistedOpState: IN_SERVICE, persistedOpStateExpiryEpochSec: 0}, ReplicationConfig: STANDALONE/ONE, State:OPEN, leaderId:, CreationTimestamp2022-04-26T01:52:54.565Z[Etc/UTC]].
]]></system-out>
  </testcase>
  <testcase name="testListStatusWithIntermediateDir" classname="TestOzoneFileSystem" time="0.067">
    <system-out><![CDATA[2022-04-26 01:54:00,214 [IPC Server handler 7 on default port 34757] INFO  pipeline.PipelineStateManagerImpl (PipelineStateManagerImpl.java:addPipeline(101)) - Created pipeline Pipeline[ Id: d8ef854b-d03e-4abf-bc59-ad0cf0d16c17, Nodes: 5f9c2808-8092-4bb8-be0b-9d445a417462{ip: 10.1.0.42, host: fv-az50-870.grzltbmokehuzjyc5b133kdqgh.cx.internal.cloudapp.net, ports: [REPLICATION=34419, RATIS=40901, RATIS_ADMIN=40901, RATIS_SERVER=40901, STANDALONE=37781], networkLocation: /default-rack, certSerialId: null, persistedOpState: IN_SERVICE, persistedOpStateExpiryEpochSec: 0}, ReplicationConfig: STANDALONE/ONE, State:OPEN, leaderId:, CreationTimestamp2022-04-26T01:54:00.212Z[Etc/UTC]].
]]></system-out>
  </testcase>
  <testcase name="testListStatusWithIntermediateDir" classname="TestOzoneFileSystem" time="0.106">
    <system-out><![CDATA[2022-04-26 01:55:11,219 [IPC Server handler 17 on default port 38217] INFO  pipeline.PipelineStateManagerImpl (PipelineStateManagerImpl.java:addPipeline(101)) - Created pipeline Pipeline[ Id: 8591b4e8-bb89-4a41-bc56-acf997c41812, Nodes: ea96ec81-7be1-42c0-a365-817fcc2d83b3{ip: 10.1.0.42, host: fv-az50-870.grzltbmokehuzjyc5b133kdqgh.cx.internal.cloudapp.net, ports: [REPLICATION=38469, RATIS=41121, RATIS_ADMIN=41121, RATIS_SERVER=41121, STANDALONE=45679], networkLocation: /default-rack, certSerialId: null, persistedOpState: IN_SERVICE, persistedOpStateExpiryEpochSec: 0}, ReplicationConfig: STANDALONE/ONE, State:OPEN, leaderId:, CreationTimestamp2022-04-26T01:55:11.213Z[Etc/UTC]].
]]></system-out>
  </testcase>
  <testcase name="testRenameSourceAndDestinAreSame" classname="TestOzoneFileSystem" time="0.03">
    <system-out><![CDATA[01:51:55.582 [IPC Server handler 11 on default port 44011] ERROR OMAudit - user=runner | ip=127.0.0.1 | op=GET_FILE_STATUS {volume=volume70938, bucket=bucket97532, key=.Trash, dataSize=0, replicationConfig=null} | ret=FAILURE
org.apache.hadoop.ozone.om.exceptions.OMException: Unable to get file status: volume: volume70938 bucket: bucket97532 key: .Trash
	at org.apache.hadoop.ozone.om.KeyManagerImpl.getOzoneFileStatus(KeyManagerImpl.java:1280) ~[ozone-manager-1.3.0-SNAPSHOT.jar:?]
	at org.apache.hadoop.ozone.om.KeyManagerImpl.getFileStatus(KeyManagerImpl.java:1210) ~[ozone-manager-1.3.0-SNAPSHOT.jar:?]
	at org.apache.hadoop.ozone.om.OzoneManager.getFileStatus(OzoneManager.java:3009) ~[ozone-manager-1.3.0-SNAPSHOT.jar:?]
	at org.apache.hadoop.ozone.protocolPB.OzoneManagerRequestHandler.getOzoneFileStatus(OzoneManagerRequestHandler.java:670) ~[ozone-manager-1.3.0-SNAPSHOT.jar:?]
	at org.apache.hadoop.ozone.protocolPB.OzoneManagerRequestHandler.handleReadRequest(OzoneManagerRequestHandler.java:201) ~[ozone-manager-1.3.0-SNAPSHOT.jar:?]
	at org.apache.hadoop.ozone.protocolPB.OzoneManagerProtocolServerSideTranslatorPB.submitReadRequestToOM(OzoneManagerProtocolServerSideTranslatorPB.java:213) ~[ozone-manager-1.3.0-SNAPSHOT.jar:?]
	at org.apache.hadoop.ozone.protocolPB.OzoneManagerProtocolServerSideTranslatorPB.processRequest(OzoneManagerProtocolServerSideTranslatorPB.java:174) ~[ozone-manager-1.3.0-SNAPSHOT.jar:?]
	at org.apache.hadoop.hdds.server.OzoneProtocolMessageDispatcher.processRequest(OzoneProtocolMessageDispatcher.java:87) [hdds-server-framework-1.3.0-SNAPSHOT.jar:?]
	at org.apache.hadoop.ozone.protocolPB.OzoneManagerProtocolServerSideTranslatorPB.submitRequest(OzoneManagerProtocolServerSideTranslatorPB.java:146) [ozone-manager-1.3.0-SNAPSHOT.jar:?]
	at org.apache.hadoop.ozone.protocol.proto.OzoneManagerProtocolProtos$OzoneManagerService$2.callBlockingMethod(OzoneManagerProtocolProtos.java) [ozone-interface-client-1.3.0-SNAPSHOT.jar:?]
	at org.apache.hadoop.ipc.ProtobufRpcEngine$Server.processCall(ProtobufRpcEngine.java:466) [hadoop-common-3.3.1.jar:?]
	at org.apache.hadoop.ipc.ProtobufRpcEngine2$Server$ProtoBufRpcInvoker.call(ProtobufRpcEngine2.java:574) [hadoop-common-3.3.1.jar:?]
	at org.apache.hadoop.ipc.ProtobufRpcEngine2$Server$ProtoBufRpcInvoker.call(ProtobufRpcEngine2.java:552) [hadoop-common-3.3.1.jar:?]
	at org.apache.hadoop.ipc.RPC$Server.call(RPC.java:1093) [hadoop-common-3.3.1.jar:?]
	at org.apache.hadoop.ipc.Server$RpcCall.run(Server.java:1035) [hadoop-common-3.3.1.jar:?]
	at org.apache.hadoop.ipc.Server$RpcCall.run(Server.java:963) [hadoop-common-3.3.1.jar:?]
	at java.security.AccessController.doPrivileged(Native Method) ~[?:1.8.0_322]
	at javax.security.auth.Subject.doAs(Subject.java:422) [?:1.8.0_322]
	at org.apache.hadoop.security.UserGroupInformation.doAs(UserGroupInformation.java:1878) [hadoop-common-3.3.1.jar:?]
	at org.apache.hadoop.ipc.Server$Handler.run(Server.java:2966) [hadoop-common-3.3.1.jar:?]
2022-04-26 01:51:55,583 [Time-limited test] WARN  ozone.BasicOzoneFileSystem (BasicOzoneFileSystem.java:delete(530)) - delete: Path does not exist: o3fs://bucket97532.volume70938/.Trash
]]></system-out>
  </testcase>
  <testcase name="testRenameSourceAndDestinAreSame" classname="TestOzoneFileSystem" time="0.022"/>
  <testcase name="testRenameSourceAndDestinAreSame" classname="TestOzoneFileSystem" time="0.032"/>
  <testcase name="testRenameSourceAndDestinAreSame" classname="TestOzoneFileSystem" time="0.025"/>
  <testcase name="testListStatusOnLargeDirectory" classname="TestOzoneFileSystem" time="0.012">
    <failure type="java.lang.AssertionError"><![CDATA[java.lang.AssertionError: Delete root failed! expected:<0> but was:<1>
	at org.junit.Assert.fail(Assert.java:89)
	at org.junit.Assert.failNotEquals(Assert.java:835)
	at org.junit.Assert.assertEquals(Assert.java:647)
	at org.apache.hadoop.fs.ozone.TestOzoneFileSystem.deleteRootDir(TestOzoneFileSystem.java:712)
	at org.apache.hadoop.fs.ozone.TestOzoneFileSystem.testListStatusOnLargeDirectory(TestOzoneFileSystem.java:652)
	at sun.reflect.NativeMethodAccessorImpl.invoke0(Native Method)
	at sun.reflect.NativeMethodAccessorImpl.invoke(NativeMethodAccessorImpl.java:62)
	at sun.reflect.DelegatingMethodAccessorImpl.invoke(DelegatingMethodAccessorImpl.java:43)
	at java.lang.reflect.Method.invoke(Method.java:498)
	at org.junit.runners.model.FrameworkMethod$1.runReflectiveCall(FrameworkMethod.java:59)
	at org.junit.internal.runners.model.ReflectiveCallable.run(ReflectiveCallable.java:12)
	at org.junit.runners.model.FrameworkMethod.invokeExplosively(FrameworkMethod.java:56)
	at org.junit.internal.runners.statements.InvokeMethod.evaluate(InvokeMethod.java:17)
	at org.junit.internal.runners.statements.RunAfters.evaluate(RunAfters.java:27)
	at org.junit.internal.runners.statements.FailOnTimeout$CallableStatement.call(FailOnTimeout.java:288)
	at org.junit.internal.runners.statements.FailOnTimeout$CallableStatement.call(FailOnTimeout.java:282)
	at java.util.concurrent.FutureTask.run(FutureTask.java:266)
	at java.lang.Thread.run(Thread.java:750)
]]></failure>
    <system-out><![CDATA[01:51:55.595 [IPC Server handler 19 on default port 44011] ERROR OMAudit - user=runner | ip=127.0.0.1 | op=GET_FILE_STATUS {volume=volume70938, bucket=bucket97532, key=.Trash, dataSize=0, replicationConfig=null} | ret=FAILURE
org.apache.hadoop.ozone.om.exceptions.OMException: Unable to get file status: volume: volume70938 bucket: bucket97532 key: .Trash
	at org.apache.hadoop.ozone.om.KeyManagerImpl.getOzoneFileStatus(KeyManagerImpl.java:1280) ~[ozone-manager-1.3.0-SNAPSHOT.jar:?]
	at org.apache.hadoop.ozone.om.KeyManagerImpl.getFileStatus(KeyManagerImpl.java:1210) ~[ozone-manager-1.3.0-SNAPSHOT.jar:?]
	at org.apache.hadoop.ozone.om.OzoneManager.getFileStatus(OzoneManager.java:3009) ~[ozone-manager-1.3.0-SNAPSHOT.jar:?]
	at org.apache.hadoop.ozone.protocolPB.OzoneManagerRequestHandler.getOzoneFileStatus(OzoneManagerRequestHandler.java:670) ~[ozone-manager-1.3.0-SNAPSHOT.jar:?]
	at org.apache.hadoop.ozone.protocolPB.OzoneManagerRequestHandler.handleReadRequest(OzoneManagerRequestHandler.java:201) ~[ozone-manager-1.3.0-SNAPSHOT.jar:?]
	at org.apache.hadoop.ozone.protocolPB.OzoneManagerProtocolServerSideTranslatorPB.submitReadRequestToOM(OzoneManagerProtocolServerSideTranslatorPB.java:213) ~[ozone-manager-1.3.0-SNAPSHOT.jar:?]
	at org.apache.hadoop.ozone.protocolPB.OzoneManagerProtocolServerSideTranslatorPB.processRequest(OzoneManagerProtocolServerSideTranslatorPB.java:174) ~[ozone-manager-1.3.0-SNAPSHOT.jar:?]
	at org.apache.hadoop.hdds.server.OzoneProtocolMessageDispatcher.processRequest(OzoneProtocolMessageDispatcher.java:87) [hdds-server-framework-1.3.0-SNAPSHOT.jar:?]
	at org.apache.hadoop.ozone.protocolPB.OzoneManagerProtocolServerSideTranslatorPB.submitRequest(OzoneManagerProtocolServerSideTranslatorPB.java:146) [ozone-manager-1.3.0-SNAPSHOT.jar:?]
	at org.apache.hadoop.ozone.protocol.proto.OzoneManagerProtocolProtos$OzoneManagerService$2.callBlockingMethod(OzoneManagerProtocolProtos.java) [ozone-interface-client-1.3.0-SNAPSHOT.jar:?]
	at org.apache.hadoop.ipc.ProtobufRpcEngine$Server.processCall(ProtobufRpcEngine.java:466) [hadoop-common-3.3.1.jar:?]
	at org.apache.hadoop.ipc.ProtobufRpcEngine2$Server$ProtoBufRpcInvoker.call(ProtobufRpcEngine2.java:574) [hadoop-common-3.3.1.jar:?]
	at org.apache.hadoop.ipc.ProtobufRpcEngine2$Server$ProtoBufRpcInvoker.call(ProtobufRpcEngine2.java:552) [hadoop-common-3.3.1.jar:?]
	at org.apache.hadoop.ipc.RPC$Server.call(RPC.java:1093) [hadoop-common-3.3.1.jar:?]
	at org.apache.hadoop.ipc.Server$RpcCall.run(Server.java:1035) [hadoop-common-3.3.1.jar:?]
	at org.apache.hadoop.ipc.Server$RpcCall.run(Server.java:963) [hadoop-common-3.3.1.jar:?]
	at java.security.AccessController.doPrivileged(Native Method) ~[?:1.8.0_322]
	at javax.security.auth.Subject.doAs(Subject.java:422) [?:1.8.0_322]
	at org.apache.hadoop.security.UserGroupInformation.doAs(UserGroupInformation.java:1878) [hadoop-common-3.3.1.jar:?]
	at org.apache.hadoop.ipc.Server$Handler.run(Server.java:2966) [hadoop-common-3.3.1.jar:?]
2022-04-26 01:51:55,598 [Time-limited test] WARN  ozone.BasicOzoneFileSystem (BasicOzoneFileSystem.java:delete(530)) - delete: Path does not exist: o3fs://bucket97532.volume70938/.Trash
01:51:55.601 [IPC Server handler 12 on default port 44011] ERROR OMAudit - user=runner | ip=127.0.0.1 | op=GET_FILE_STATUS {volume=volume70938, bucket=bucket97532, key=.Trash, dataSize=0, replicationConfig=null} | ret=FAILURE
org.apache.hadoop.ozone.om.exceptions.OMException: Unable to get file status: volume: volume70938 bucket: bucket97532 key: .Trash
	at org.apache.hadoop.ozone.om.KeyManagerImpl.getOzoneFileStatus(KeyManagerImpl.java:1280) ~[ozone-manager-1.3.0-SNAPSHOT.jar:?]
	at org.apache.hadoop.ozone.om.KeyManagerImpl.getFileStatus(KeyManagerImpl.java:1210) ~[ozone-manager-1.3.0-SNAPSHOT.jar:?]
	at org.apache.hadoop.ozone.om.OzoneManager.getFileStatus(OzoneManager.java:3009) ~[ozone-manager-1.3.0-SNAPSHOT.jar:?]
	at org.apache.hadoop.ozone.protocolPB.OzoneManagerRequestHandler.getOzoneFileStatus(OzoneManagerRequestHandler.java:670) ~[ozone-manager-1.3.0-SNAPSHOT.jar:?]
	at org.apache.hadoop.ozone.protocolPB.OzoneManagerRequestHandler.handleReadRequest(OzoneManagerRequestHandler.java:201) ~[ozone-manager-1.3.0-SNAPSHOT.jar:?]
	at org.apache.hadoop.ozone.protocolPB.OzoneManagerProtocolServerSideTranslatorPB.submitReadRequestToOM(OzoneManagerProtocolServerSideTranslatorPB.java:213) ~[ozone-manager-1.3.0-SNAPSHOT.jar:?]
	at org.apache.hadoop.ozone.protocolPB.OzoneManagerProtocolServerSideTranslatorPB.processRequest(OzoneManagerProtocolServerSideTranslatorPB.java:174) ~[ozone-manager-1.3.0-SNAPSHOT.jar:?]
	at org.apache.hadoop.hdds.server.OzoneProtocolMessageDispatcher.processRequest(OzoneProtocolMessageDispatcher.java:87) [hdds-server-framework-1.3.0-SNAPSHOT.jar:?]
	at org.apache.hadoop.ozone.protocolPB.OzoneManagerProtocolServerSideTranslatorPB.submitRequest(OzoneManagerProtocolServerSideTranslatorPB.java:146) [ozone-manager-1.3.0-SNAPSHOT.jar:?]
	at org.apache.hadoop.ozone.protocol.proto.OzoneManagerProtocolProtos$OzoneManagerService$2.callBlockingMethod(OzoneManagerProtocolProtos.java) [ozone-interface-client-1.3.0-SNAPSHOT.jar:?]
	at org.apache.hadoop.ipc.ProtobufRpcEngine$Server.processCall(ProtobufRpcEngine.java:466) [hadoop-common-3.3.1.jar:?]
	at org.apache.hadoop.ipc.ProtobufRpcEngine2$Server$ProtoBufRpcInvoker.call(ProtobufRpcEngine2.java:574) [hadoop-common-3.3.1.jar:?]
	at org.apache.hadoop.ipc.ProtobufRpcEngine2$Server$ProtoBufRpcInvoker.call(ProtobufRpcEngine2.java:552) [hadoop-common-3.3.1.jar:?]
	at org.apache.hadoop.ipc.RPC$Server.call(RPC.java:1093) [hadoop-common-3.3.1.jar:?]
	at org.apache.hadoop.ipc.Server$RpcCall.run(Server.java:1035) [hadoop-common-3.3.1.jar:?]
	at org.apache.hadoop.ipc.Server$RpcCall.run(Server.java:963) [hadoop-common-3.3.1.jar:?]
	at java.security.AccessController.doPrivileged(Native Method) ~[?:1.8.0_322]
	at javax.security.auth.Subject.doAs(Subject.java:422) [?:1.8.0_322]
	at org.apache.hadoop.security.UserGroupInformation.doAs(UserGroupInformation.java:1878) [hadoop-common-3.3.1.jar:?]
	at org.apache.hadoop.ipc.Server$Handler.run(Server.java:2966) [hadoop-common-3.3.1.jar:?]
2022-04-26 01:51:55,601 [Time-limited test] WARN  ozone.BasicOzoneFileSystem (BasicOzoneFileSystem.java:delete(530)) - delete: Path does not exist: o3fs://bucket97532.volume70938/.Trash
]]></system-out>
  </testcase>
  <testcase name="testListStatusOnLargeDirectory" classname="TestOzoneFileSystem" time="7.053">
    <system-out><![CDATA[2022-04-26 01:52:55,643 [e687a55e-a1fa-40ca-b40d-7e860929e1d7@group-E32B954BD76F-FollowerState] INFO  impl.FollowerState (FollowerState.java:run(134)) - e687a55e-a1fa-40ca-b40d-7e860929e1d7@group-E32B954BD76F-FollowerState: change to CANDIDATE, lastRpcElapsedTime:5168927822ns, electionTimeout:5138ms
2022-04-26 01:52:55,643 [e687a55e-a1fa-40ca-b40d-7e860929e1d7@group-E32B954BD76F-FollowerState] INFO  impl.RoleInfo (RoleInfo.java:shutdownFollowerState(108)) - e687a55e-a1fa-40ca-b40d-7e860929e1d7: shutdown e687a55e-a1fa-40ca-b40d-7e860929e1d7@group-E32B954BD76F-FollowerState
2022-04-26 01:52:55,643 [e687a55e-a1fa-40ca-b40d-7e860929e1d7@group-E32B954BD76F-FollowerState] INFO  server.RaftServer$Division (RaftServerImpl.java:setRole(290)) - e687a55e-a1fa-40ca-b40d-7e860929e1d7@group-E32B954BD76F: changes role from  FOLLOWER to CANDIDATE at term 2 for changeToCandidate
2022-04-26 01:52:55,643 [e687a55e-a1fa-40ca-b40d-7e860929e1d7@group-E32B954BD76F-FollowerState] INFO  server.RaftServerConfigKeys (ConfUtils.java:logGet(44)) - raft.server.leaderelection.pre-vote = false (custom)
2022-04-26 01:52:55,643 [e687a55e-a1fa-40ca-b40d-7e860929e1d7@group-E32B954BD76F-FollowerState] INFO  impl.RoleInfo (RoleInfo.java:updateAndGet(130)) - e687a55e-a1fa-40ca-b40d-7e860929e1d7: start e687a55e-a1fa-40ca-b40d-7e860929e1d7@group-E32B954BD76F-LeaderElection22
2022-04-26 01:52:55,678 [e687a55e-a1fa-40ca-b40d-7e860929e1d7@group-E32B954BD76F-LeaderElection22] INFO  impl.LeaderElection (LeaderElection.java:askForVotes(306)) - e687a55e-a1fa-40ca-b40d-7e860929e1d7@group-E32B954BD76F-LeaderElection22 ELECTION round 0: submit vote requests at term 3 for -1: [34d2ba22-a7fd-4f79-9d8a-4dadf85377fe|rpc:10.1.0.42:38711|priority:0, e687a55e-a1fa-40ca-b40d-7e860929e1d7|rpc:10.1.0.42:39343|priority:0, aa794ff7-e78a-42e1-b114-2e34ec5a968d|rpc:10.1.0.42:38125|priority:1], old=null
2022-04-26 01:52:55,690 [34d2ba22-a7fd-4f79-9d8a-4dadf85377fe@group-E32B954BD76F-FollowerState] INFO  impl.FollowerState (FollowerState.java:run(134)) - 34d2ba22-a7fd-4f79-9d8a-4dadf85377fe@group-E32B954BD76F-FollowerState: change to CANDIDATE, lastRpcElapsedTime:5136192295ns, electionTimeout:5129ms
2022-04-26 01:52:55,691 [34d2ba22-a7fd-4f79-9d8a-4dadf85377fe@group-E32B954BD76F-FollowerState] INFO  impl.RoleInfo (RoleInfo.java:shutdownFollowerState(108)) - 34d2ba22-a7fd-4f79-9d8a-4dadf85377fe: shutdown 34d2ba22-a7fd-4f79-9d8a-4dadf85377fe@group-E32B954BD76F-FollowerState
2022-04-26 01:52:55,691 [34d2ba22-a7fd-4f79-9d8a-4dadf85377fe@group-E32B954BD76F-FollowerState] INFO  server.RaftServer$Division (RaftServerImpl.java:setRole(290)) - 34d2ba22-a7fd-4f79-9d8a-4dadf85377fe@group-E32B954BD76F: changes role from  FOLLOWER to CANDIDATE at term 2 for changeToCandidate
2022-04-26 01:52:55,710 [34d2ba22-a7fd-4f79-9d8a-4dadf85377fe@group-E32B954BD76F-FollowerState] INFO  server.RaftServerConfigKeys (ConfUtils.java:logGet(44)) - raft.server.leaderelection.pre-vote = false (custom)
2022-04-26 01:52:55,710 [grpc-default-executor-0] INFO  server.RaftServer$Division (RaftServerImpl.java:requestVote(1046)) - 34d2ba22-a7fd-4f79-9d8a-4dadf85377fe@group-E32B954BD76F: receive requestVote(ELECTION, e687a55e-a1fa-40ca-b40d-7e860929e1d7, group-E32B954BD76F, 3, (t:0, i:0))
2022-04-26 01:52:55,710 [34d2ba22-a7fd-4f79-9d8a-4dadf85377fe@group-E32B954BD76F-FollowerState] INFO  impl.RoleInfo (RoleInfo.java:updateAndGet(130)) - 34d2ba22-a7fd-4f79-9d8a-4dadf85377fe: start 34d2ba22-a7fd-4f79-9d8a-4dadf85377fe@group-E32B954BD76F-LeaderElection23
2022-04-26 01:52:55,711 [grpc-default-executor-0] INFO  impl.VoteContext (VoteContext.java:log(48)) - 34d2ba22-a7fd-4f79-9d8a-4dadf85377fe@group-E32B954BD76F-CANDIDATE: accept ELECTION from e687a55e-a1fa-40ca-b40d-7e860929e1d7: our priority 0 <= candidate's priority 0
2022-04-26 01:52:55,711 [grpc-default-executor-0] INFO  server.RaftServer$Division (RaftServerImpl.java:setRole(290)) - 34d2ba22-a7fd-4f79-9d8a-4dadf85377fe@group-E32B954BD76F: changes role from CANDIDATE to FOLLOWER at term 3 for candidate:e687a55e-a1fa-40ca-b40d-7e860929e1d7
2022-04-26 01:52:55,711 [grpc-default-executor-0] INFO  impl.RoleInfo (RoleInfo.java:shutdownLeaderElection(121)) - 34d2ba22-a7fd-4f79-9d8a-4dadf85377fe: shutdown 34d2ba22-a7fd-4f79-9d8a-4dadf85377fe@group-E32B954BD76F-LeaderElection23
2022-04-26 01:52:55,711 [grpc-default-executor-0] INFO  impl.RoleInfo (RoleInfo.java:updateAndGet(130)) - 34d2ba22-a7fd-4f79-9d8a-4dadf85377fe: start 34d2ba22-a7fd-4f79-9d8a-4dadf85377fe@group-E32B954BD76F-FollowerState
2022-04-26 01:52:55,711 [34d2ba22-a7fd-4f79-9d8a-4dadf85377fe@group-E32B954BD76F-LeaderElection23] INFO  impl.LeaderElection (LeaderElection.java:run(230)) - 34d2ba22-a7fd-4f79-9d8a-4dadf85377fe@group-E32B954BD76F-LeaderElection23: skip running since this is already CLOSING
2022-04-26 01:52:55,718 [grpc-default-executor-0] INFO  server.RaftServer$Division (RaftServerImpl.java:requestVote(1078)) - 34d2ba22-a7fd-4f79-9d8a-4dadf85377fe@group-E32B954BD76F replies to ELECTION vote request: e687a55e-a1fa-40ca-b40d-7e860929e1d7<-34d2ba22-a7fd-4f79-9d8a-4dadf85377fe#0:OK-t3. Peer's state: 34d2ba22-a7fd-4f79-9d8a-4dadf85377fe@group-E32B954BD76F:t3, leader=null, voted=e687a55e-a1fa-40ca-b40d-7e860929e1d7, raftlog=34d2ba22-a7fd-4f79-9d8a-4dadf85377fe@group-E32B954BD76F-SegmentedRaftLog:OPENED:c-1, conf=-1: [34d2ba22-a7fd-4f79-9d8a-4dadf85377fe|rpc:10.1.0.42:38711|dataStream:|priority:0, e687a55e-a1fa-40ca-b40d-7e860929e1d7|rpc:10.1.0.42:39343|dataStream:|priority:0, aa794ff7-e78a-42e1-b114-2e34ec5a968d|rpc:10.1.0.42:38125|dataStream:|priority:1], old=null
2022-04-26 01:52:55,726 [grpc-default-executor-0] INFO  server.RaftServer$Division (RaftServerImpl.java:requestVote(1046)) - aa794ff7-e78a-42e1-b114-2e34ec5a968d@group-E32B954BD76F: receive requestVote(ELECTION, e687a55e-a1fa-40ca-b40d-7e860929e1d7, group-E32B954BD76F, 3, (t:0, i:0))
2022-04-26 01:52:55,735 [grpc-default-executor-0] INFO  impl.VoteContext (VoteContext.java:log(48)) - aa794ff7-e78a-42e1-b114-2e34ec5a968d@group-E32B954BD76F-FOLLOWER: reject ELECTION from e687a55e-a1fa-40ca-b40d-7e860929e1d7: our priority 1 > candidate's priority 0
2022-04-26 01:52:55,736 [grpc-default-executor-0] INFO  server.RaftServer$Division (RaftServerImpl.java:setRole(290)) - aa794ff7-e78a-42e1-b114-2e34ec5a968d@group-E32B954BD76F: changes role from  FOLLOWER to FOLLOWER at term 3 for candidate:e687a55e-a1fa-40ca-b40d-7e860929e1d7
2022-04-26 01:52:55,736 [grpc-default-executor-0] INFO  impl.RoleInfo (RoleInfo.java:shutdownFollowerState(108)) - aa794ff7-e78a-42e1-b114-2e34ec5a968d: shutdown aa794ff7-e78a-42e1-b114-2e34ec5a968d@group-E32B954BD76F-FollowerState
2022-04-26 01:52:55,736 [grpc-default-executor-0] INFO  impl.RoleInfo (RoleInfo.java:updateAndGet(130)) - aa794ff7-e78a-42e1-b114-2e34ec5a968d: start aa794ff7-e78a-42e1-b114-2e34ec5a968d@group-E32B954BD76F-FollowerState
2022-04-26 01:52:55,737 [aa794ff7-e78a-42e1-b114-2e34ec5a968d@group-E32B954BD76F-FollowerState] INFO  impl.FollowerState (FollowerState.java:run(143)) - aa794ff7-e78a-42e1-b114-2e34ec5a968d@group-E32B954BD76F-FollowerState was interrupted: {}
java.lang.InterruptedException: sleep interrupted
	at java.lang.Thread.sleep(Native Method)
	at java.lang.Thread.sleep(Thread.java:342)
	at java.util.concurrent.TimeUnit.sleep(TimeUnit.java:386)
	at org.apache.ratis.util.TimeDuration.sleep(TimeDuration.java:324)
	at org.apache.ratis.util.TimeDuration.sleep(TimeDuration.java:309)
	at org.apache.ratis.server.impl.FollowerState.run(FollowerState.java:118)
2022-04-26 01:52:55,750 [grpc-default-executor-0] INFO  server.RaftServer$Division (RaftServerImpl.java:requestVote(1078)) - aa794ff7-e78a-42e1-b114-2e34ec5a968d@group-E32B954BD76F replies to ELECTION vote request: e687a55e-a1fa-40ca-b40d-7e860929e1d7<-aa794ff7-e78a-42e1-b114-2e34ec5a968d#0:FAIL-t3. Peer's state: aa794ff7-e78a-42e1-b114-2e34ec5a968d@group-E32B954BD76F:t3, leader=null, voted=null, raftlog=aa794ff7-e78a-42e1-b114-2e34ec5a968d@group-E32B954BD76F-SegmentedRaftLog:OPENED:c-1, conf=-1: [34d2ba22-a7fd-4f79-9d8a-4dadf85377fe|rpc:10.1.0.42:38711|dataStream:|priority:0, e687a55e-a1fa-40ca-b40d-7e860929e1d7|rpc:10.1.0.42:39343|dataStream:|priority:0, aa794ff7-e78a-42e1-b114-2e34ec5a968d|rpc:10.1.0.42:38125|dataStream:|priority:1], old=null
2022-04-26 01:52:55,758 [e687a55e-a1fa-40ca-b40d-7e860929e1d7@group-E32B954BD76F-LeaderElection22] INFO  impl.LeaderElection (LeaderElection.java:logAndReturn(89)) - e687a55e-a1fa-40ca-b40d-7e860929e1d7@group-E32B954BD76F-LeaderElection22: ELECTION REJECTED received 2 response(s) and 0 exception(s):
2022-04-26 01:52:55,758 [e687a55e-a1fa-40ca-b40d-7e860929e1d7@group-E32B954BD76F-LeaderElection22] INFO  impl.LeaderElection (LeaderElection.java:logAndReturn(93)) -   Response 0: e687a55e-a1fa-40ca-b40d-7e860929e1d7<-34d2ba22-a7fd-4f79-9d8a-4dadf85377fe#0:OK-t3
2022-04-26 01:52:55,758 [e687a55e-a1fa-40ca-b40d-7e860929e1d7@group-E32B954BD76F-LeaderElection22] INFO  impl.LeaderElection (LeaderElection.java:logAndReturn(93)) -   Response 1: e687a55e-a1fa-40ca-b40d-7e860929e1d7<-aa794ff7-e78a-42e1-b114-2e34ec5a968d#0:FAIL-t3
2022-04-26 01:52:55,758 [e687a55e-a1fa-40ca-b40d-7e860929e1d7@group-E32B954BD76F-LeaderElection22] INFO  impl.LeaderElection (LeaderElection.java:askForVotes(308)) - e687a55e-a1fa-40ca-b40d-7e860929e1d7@group-E32B954BD76F-LeaderElection22 ELECTION round 0: result REJECTED
2022-04-26 01:52:55,758 [e687a55e-a1fa-40ca-b40d-7e860929e1d7@group-E32B954BD76F-LeaderElection22] INFO  server.RaftServer$Division (RaftServerImpl.java:setRole(290)) - e687a55e-a1fa-40ca-b40d-7e860929e1d7@group-E32B954BD76F: changes role from CANDIDATE to FOLLOWER at term 3 for REJECTED
2022-04-26 01:52:55,758 [e687a55e-a1fa-40ca-b40d-7e860929e1d7@group-E32B954BD76F-LeaderElection22] INFO  impl.RoleInfo (RoleInfo.java:shutdownLeaderElection(121)) - e687a55e-a1fa-40ca-b40d-7e860929e1d7: shutdown e687a55e-a1fa-40ca-b40d-7e860929e1d7@group-E32B954BD76F-LeaderElection22
2022-04-26 01:52:55,758 [e687a55e-a1fa-40ca-b40d-7e860929e1d7@group-E32B954BD76F-LeaderElection22] INFO  impl.RoleInfo (RoleInfo.java:updateAndGet(130)) - e687a55e-a1fa-40ca-b40d-7e860929e1d7: start e687a55e-a1fa-40ca-b40d-7e860929e1d7@group-E32B954BD76F-FollowerState
2022-04-26 01:53:00,759 [34d2ba22-a7fd-4f79-9d8a-4dadf85377fe@group-E32B954BD76F-FollowerState] INFO  impl.FollowerState (FollowerState.java:run(134)) - 34d2ba22-a7fd-4f79-9d8a-4dadf85377fe@group-E32B954BD76F-FollowerState: change to CANDIDATE, lastRpcElapsedTime:5040503624ns, electionTimeout:5024ms
2022-04-26 01:53:00,762 [34d2ba22-a7fd-4f79-9d8a-4dadf85377fe@group-E32B954BD76F-FollowerState] INFO  impl.RoleInfo (RoleInfo.java:shutdownFollowerState(108)) - 34d2ba22-a7fd-4f79-9d8a-4dadf85377fe: shutdown 34d2ba22-a7fd-4f79-9d8a-4dadf85377fe@group-E32B954BD76F-FollowerState
2022-04-26 01:53:00,762 [34d2ba22-a7fd-4f79-9d8a-4dadf85377fe@group-E32B954BD76F-FollowerState] INFO  server.RaftServer$Division (RaftServerImpl.java:setRole(290)) - 34d2ba22-a7fd-4f79-9d8a-4dadf85377fe@group-E32B954BD76F: changes role from  FOLLOWER to CANDIDATE at term 3 for changeToCandidate
2022-04-26 01:53:00,762 [34d2ba22-a7fd-4f79-9d8a-4dadf85377fe@group-E32B954BD76F-FollowerState] INFO  server.RaftServerConfigKeys (ConfUtils.java:logGet(44)) - raft.server.leaderelection.pre-vote = false (custom)
2022-04-26 01:53:00,762 [34d2ba22-a7fd-4f79-9d8a-4dadf85377fe@group-E32B954BD76F-FollowerState] INFO  impl.RoleInfo (RoleInfo.java:updateAndGet(130)) - 34d2ba22-a7fd-4f79-9d8a-4dadf85377fe: start 34d2ba22-a7fd-4f79-9d8a-4dadf85377fe@group-E32B954BD76F-LeaderElection24
2022-04-26 01:53:00,800 [e687a55e-a1fa-40ca-b40d-7e860929e1d7@group-E32B954BD76F-FollowerState] INFO  impl.FollowerState (FollowerState.java:run(134)) - e687a55e-a1fa-40ca-b40d-7e860929e1d7@group-E32B954BD76F-FollowerState: change to CANDIDATE, lastRpcElapsedTime:5041277930ns, electionTimeout:5034ms
2022-04-26 01:53:00,800 [e687a55e-a1fa-40ca-b40d-7e860929e1d7@group-E32B954BD76F-FollowerState] INFO  impl.RoleInfo (RoleInfo.java:shutdownFollowerState(108)) - e687a55e-a1fa-40ca-b40d-7e860929e1d7: shutdown e687a55e-a1fa-40ca-b40d-7e860929e1d7@group-E32B954BD76F-FollowerState
2022-04-26 01:53:00,800 [e687a55e-a1fa-40ca-b40d-7e860929e1d7@group-E32B954BD76F-FollowerState] INFO  server.RaftServer$Division (RaftServerImpl.java:setRole(290)) - e687a55e-a1fa-40ca-b40d-7e860929e1d7@group-E32B954BD76F: changes role from  FOLLOWER to CANDIDATE at term 3 for changeToCandidate
2022-04-26 01:53:00,800 [e687a55e-a1fa-40ca-b40d-7e860929e1d7@group-E32B954BD76F-FollowerState] INFO  server.RaftServerConfigKeys (ConfUtils.java:logGet(44)) - raft.server.leaderelection.pre-vote = false (custom)
2022-04-26 01:53:00,800 [e687a55e-a1fa-40ca-b40d-7e860929e1d7@group-E32B954BD76F-FollowerState] INFO  impl.RoleInfo (RoleInfo.java:updateAndGet(130)) - e687a55e-a1fa-40ca-b40d-7e860929e1d7: start e687a55e-a1fa-40ca-b40d-7e860929e1d7@group-E32B954BD76F-LeaderElection25
2022-04-26 01:53:00,816 [34d2ba22-a7fd-4f79-9d8a-4dadf85377fe@group-E32B954BD76F-LeaderElection24] INFO  impl.LeaderElection (LeaderElection.java:askForVotes(306)) - 34d2ba22-a7fd-4f79-9d8a-4dadf85377fe@group-E32B954BD76F-LeaderElection24 ELECTION round 0: submit vote requests at term 4 for -1: [34d2ba22-a7fd-4f79-9d8a-4dadf85377fe|rpc:10.1.0.42:38711|dataStream:|priority:0, e687a55e-a1fa-40ca-b40d-7e860929e1d7|rpc:10.1.0.42:39343|dataStream:|priority:0, aa794ff7-e78a-42e1-b114-2e34ec5a968d|rpc:10.1.0.42:38125|dataStream:|priority:1], old=null
2022-04-26 01:53:00,833 [grpc-default-executor-1] INFO  server.RaftServer$Division (RaftServerImpl.java:requestVote(1046)) - e687a55e-a1fa-40ca-b40d-7e860929e1d7@group-E32B954BD76F: receive requestVote(ELECTION, 34d2ba22-a7fd-4f79-9d8a-4dadf85377fe, group-E32B954BD76F, 4, (t:0, i:0))
2022-04-26 01:53:00,833 [grpc-default-executor-0] INFO  server.RaftServer$Division (RaftServerImpl.java:requestVote(1046)) - aa794ff7-e78a-42e1-b114-2e34ec5a968d@group-E32B954BD76F: receive requestVote(ELECTION, 34d2ba22-a7fd-4f79-9d8a-4dadf85377fe, group-E32B954BD76F, 4, (t:0, i:0))
2022-04-26 01:53:00,834 [e687a55e-a1fa-40ca-b40d-7e860929e1d7@group-E32B954BD76F-LeaderElection25] INFO  impl.LeaderElection (LeaderElection.java:askForVotes(306)) - e687a55e-a1fa-40ca-b40d-7e860929e1d7@group-E32B954BD76F-LeaderElection25 ELECTION round 0: submit vote requests at term 4 for -1: [34d2ba22-a7fd-4f79-9d8a-4dadf85377fe|rpc:10.1.0.42:38711|priority:0, e687a55e-a1fa-40ca-b40d-7e860929e1d7|rpc:10.1.0.42:39343|priority:0, aa794ff7-e78a-42e1-b114-2e34ec5a968d|rpc:10.1.0.42:38125|priority:1], old=null
2022-04-26 01:53:00,834 [grpc-default-executor-0] INFO  impl.VoteContext (VoteContext.java:log(48)) - aa794ff7-e78a-42e1-b114-2e34ec5a968d@group-E32B954BD76F-FOLLOWER: reject ELECTION from 34d2ba22-a7fd-4f79-9d8a-4dadf85377fe: our priority 1 > candidate's priority 0
2022-04-26 01:53:00,834 [grpc-default-executor-0] INFO  server.RaftServer$Division (RaftServerImpl.java:setRole(290)) - aa794ff7-e78a-42e1-b114-2e34ec5a968d@group-E32B954BD76F: changes role from  FOLLOWER to FOLLOWER at term 4 for candidate:34d2ba22-a7fd-4f79-9d8a-4dadf85377fe
2022-04-26 01:53:00,834 [grpc-default-executor-0] INFO  impl.RoleInfo (RoleInfo.java:shutdownFollowerState(108)) - aa794ff7-e78a-42e1-b114-2e34ec5a968d: shutdown aa794ff7-e78a-42e1-b114-2e34ec5a968d@group-E32B954BD76F-FollowerState
2022-04-26 01:53:00,856 [grpc-default-executor-0] INFO  impl.RoleInfo (RoleInfo.java:updateAndGet(130)) - aa794ff7-e78a-42e1-b114-2e34ec5a968d: start aa794ff7-e78a-42e1-b114-2e34ec5a968d@group-E32B954BD76F-FollowerState
2022-04-26 01:53:00,856 [grpc-default-executor-2] INFO  server.RaftServer$Division (RaftServerImpl.java:requestVote(1046)) - 34d2ba22-a7fd-4f79-9d8a-4dadf85377fe@group-E32B954BD76F: receive requestVote(ELECTION, e687a55e-a1fa-40ca-b40d-7e860929e1d7, group-E32B954BD76F, 4, (t:0, i:0))
2022-04-26 01:53:00,857 [aa794ff7-e78a-42e1-b114-2e34ec5a968d@group-E32B954BD76F-FollowerState] INFO  impl.FollowerState (FollowerState.java:run(143)) - aa794ff7-e78a-42e1-b114-2e34ec5a968d@group-E32B954BD76F-FollowerState was interrupted: {}
java.lang.InterruptedException: sleep interrupted
	at java.lang.Thread.sleep(Native Method)
	at java.lang.Thread.sleep(Thread.java:342)
	at java.util.concurrent.TimeUnit.sleep(TimeUnit.java:386)
	at org.apache.ratis.util.TimeDuration.sleep(TimeDuration.java:324)
	at org.apache.ratis.util.TimeDuration.sleep(TimeDuration.java:309)
	at org.apache.ratis.server.impl.FollowerState.run(FollowerState.java:118)
2022-04-26 01:53:00,857 [grpc-default-executor-1] INFO  impl.VoteContext (VoteContext.java:log(48)) - e687a55e-a1fa-40ca-b40d-7e860929e1d7@group-E32B954BD76F-CANDIDATE: reject ELECTION from 34d2ba22-a7fd-4f79-9d8a-4dadf85377fe: already has voted for e687a55e-a1fa-40ca-b40d-7e860929e1d7 at current term 4
2022-04-26 01:53:00,857 [grpc-default-executor-1] INFO  server.RaftServer$Division (RaftServerImpl.java:requestVote(1078)) - e687a55e-a1fa-40ca-b40d-7e860929e1d7@group-E32B954BD76F replies to ELECTION vote request: 34d2ba22-a7fd-4f79-9d8a-4dadf85377fe<-e687a55e-a1fa-40ca-b40d-7e860929e1d7#0:FAIL-t4. Peer's state: e687a55e-a1fa-40ca-b40d-7e860929e1d7@group-E32B954BD76F:t4, leader=null, voted=e687a55e-a1fa-40ca-b40d-7e860929e1d7, raftlog=e687a55e-a1fa-40ca-b40d-7e860929e1d7@group-E32B954BD76F-SegmentedRaftLog:OPENED:c-1, conf=-1: [34d2ba22-a7fd-4f79-9d8a-4dadf85377fe|rpc:10.1.0.42:38711|priority:0, e687a55e-a1fa-40ca-b40d-7e860929e1d7|rpc:10.1.0.42:39343|priority:0, aa794ff7-e78a-42e1-b114-2e34ec5a968d|rpc:10.1.0.42:38125|priority:1], old=null
2022-04-26 01:53:00,857 [grpc-default-executor-2] INFO  impl.VoteContext (VoteContext.java:log(48)) - 34d2ba22-a7fd-4f79-9d8a-4dadf85377fe@group-E32B954BD76F-CANDIDATE: reject ELECTION from e687a55e-a1fa-40ca-b40d-7e860929e1d7: already has voted for 34d2ba22-a7fd-4f79-9d8a-4dadf85377fe at current term 4
2022-04-26 01:53:00,857 [grpc-default-executor-2] INFO  server.RaftServer$Division (RaftServerImpl.java:requestVote(1078)) - 34d2ba22-a7fd-4f79-9d8a-4dadf85377fe@group-E32B954BD76F replies to ELECTION vote request: e687a55e-a1fa-40ca-b40d-7e860929e1d7<-34d2ba22-a7fd-4f79-9d8a-4dadf85377fe#0:FAIL-t4. Peer's state: 34d2ba22-a7fd-4f79-9d8a-4dadf85377fe@group-E32B954BD76F:t4, leader=null, voted=34d2ba22-a7fd-4f79-9d8a-4dadf85377fe, raftlog=34d2ba22-a7fd-4f79-9d8a-4dadf85377fe@group-E32B954BD76F-SegmentedRaftLog:OPENED:c-1, conf=-1: [34d2ba22-a7fd-4f79-9d8a-4dadf85377fe|rpc:10.1.0.42:38711|dataStream:|priority:0, e687a55e-a1fa-40ca-b40d-7e860929e1d7|rpc:10.1.0.42:39343|dataStream:|priority:0, aa794ff7-e78a-42e1-b114-2e34ec5a968d|rpc:10.1.0.42:38125|dataStream:|priority:1], old=null
2022-04-26 01:53:00,862 [grpc-default-executor-3] INFO  server.RaftServer$Division (RaftServerImpl.java:requestVote(1046)) - aa794ff7-e78a-42e1-b114-2e34ec5a968d@group-E32B954BD76F: receive requestVote(ELECTION, e687a55e-a1fa-40ca-b40d-7e860929e1d7, group-E32B954BD76F, 4, (t:0, i:0))
2022-04-26 01:53:00,877 [grpc-default-executor-0] INFO  server.RaftServer$Division (RaftServerImpl.java:requestVote(1078)) - aa794ff7-e78a-42e1-b114-2e34ec5a968d@group-E32B954BD76F replies to ELECTION vote request: 34d2ba22-a7fd-4f79-9d8a-4dadf85377fe<-aa794ff7-e78a-42e1-b114-2e34ec5a968d#0:FAIL-t4. Peer's state: aa794ff7-e78a-42e1-b114-2e34ec5a968d@group-E32B954BD76F:t4, leader=null, voted=null, raftlog=aa794ff7-e78a-42e1-b114-2e34ec5a968d@group-E32B954BD76F-SegmentedRaftLog:OPENED:c-1, conf=-1: [34d2ba22-a7fd-4f79-9d8a-4dadf85377fe|rpc:10.1.0.42:38711|dataStream:|priority:0, e687a55e-a1fa-40ca-b40d-7e860929e1d7|rpc:10.1.0.42:39343|dataStream:|priority:0, aa794ff7-e78a-42e1-b114-2e34ec5a968d|rpc:10.1.0.42:38125|dataStream:|priority:1], old=null
2022-04-26 01:53:00,890 [grpc-default-executor-3] INFO  impl.VoteContext (VoteContext.java:log(48)) - aa794ff7-e78a-42e1-b114-2e34ec5a968d@group-E32B954BD76F-FOLLOWER: reject ELECTION from e687a55e-a1fa-40ca-b40d-7e860929e1d7: our priority 1 > candidate's priority 0
2022-04-26 01:53:00,890 [grpc-default-executor-3] INFO  server.RaftServer$Division (RaftServerImpl.java:setRole(290)) - aa794ff7-e78a-42e1-b114-2e34ec5a968d@group-E32B954BD76F: changes role from  FOLLOWER to FOLLOWER at term 4 for candidate:e687a55e-a1fa-40ca-b40d-7e860929e1d7
2022-04-26 01:53:00,890 [grpc-default-executor-3] INFO  impl.RoleInfo (RoleInfo.java:shutdownFollowerState(108)) - aa794ff7-e78a-42e1-b114-2e34ec5a968d: shutdown aa794ff7-e78a-42e1-b114-2e34ec5a968d@group-E32B954BD76F-FollowerState
2022-04-26 01:53:00,890 [grpc-default-executor-3] INFO  impl.RoleInfo (RoleInfo.java:updateAndGet(130)) - aa794ff7-e78a-42e1-b114-2e34ec5a968d: start aa794ff7-e78a-42e1-b114-2e34ec5a968d@group-E32B954BD76F-FollowerState
2022-04-26 01:53:00,890 [aa794ff7-e78a-42e1-b114-2e34ec5a968d@group-E32B954BD76F-FollowerState] INFO  impl.FollowerState (FollowerState.java:run(143)) - aa794ff7-e78a-42e1-b114-2e34ec5a968d@group-E32B954BD76F-FollowerState was interrupted: {}
java.lang.InterruptedException: sleep interrupted
	at java.lang.Thread.sleep(Native Method)
	at java.lang.Thread.sleep(Thread.java:342)
	at java.util.concurrent.TimeUnit.sleep(TimeUnit.java:386)
	at org.apache.ratis.util.TimeDuration.sleep(TimeDuration.java:324)
	at org.apache.ratis.util.TimeDuration.sleep(TimeDuration.java:309)
	at org.apache.ratis.server.impl.FollowerState.run(FollowerState.java:118)
2022-04-26 01:53:00,896 [34d2ba22-a7fd-4f79-9d8a-4dadf85377fe@group-E32B954BD76F-LeaderElection24] INFO  impl.LeaderElection (LeaderElection.java:logAndReturn(89)) - 34d2ba22-a7fd-4f79-9d8a-4dadf85377fe@group-E32B954BD76F-LeaderElection24: ELECTION REJECTED received 2 response(s) and 0 exception(s):
2022-04-26 01:53:00,895 [grpc-default-executor-3] INFO  server.RaftServer$Division (RaftServerImpl.java:requestVote(1078)) - aa794ff7-e78a-42e1-b114-2e34ec5a968d@group-E32B954BD76F replies to ELECTION vote request: e687a55e-a1fa-40ca-b40d-7e860929e1d7<-aa794ff7-e78a-42e1-b114-2e34ec5a968d#0:FAIL-t4. Peer's state: aa794ff7-e78a-42e1-b114-2e34ec5a968d@group-E32B954BD76F:t4, leader=null, voted=null, raftlog=aa794ff7-e78a-42e1-b114-2e34ec5a968d@group-E32B954BD76F-SegmentedRaftLog:OPENED:c-1, conf=-1: [34d2ba22-a7fd-4f79-9d8a-4dadf85377fe|rpc:10.1.0.42:38711|dataStream:|priority:0, e687a55e-a1fa-40ca-b40d-7e860929e1d7|rpc:10.1.0.42:39343|dataStream:|priority:0, aa794ff7-e78a-42e1-b114-2e34ec5a968d|rpc:10.1.0.42:38125|dataStream:|priority:1], old=null
2022-04-26 01:53:00,898 [34d2ba22-a7fd-4f79-9d8a-4dadf85377fe@group-E32B954BD76F-LeaderElection24] INFO  impl.LeaderElection (LeaderElection.java:logAndReturn(93)) -   Response 0: 34d2ba22-a7fd-4f79-9d8a-4dadf85377fe<-e687a55e-a1fa-40ca-b40d-7e860929e1d7#0:FAIL-t4
2022-04-26 01:53:00,906 [34d2ba22-a7fd-4f79-9d8a-4dadf85377fe@group-E32B954BD76F-LeaderElection24] INFO  impl.LeaderElection (LeaderElection.java:logAndReturn(93)) -   Response 1: 34d2ba22-a7fd-4f79-9d8a-4dadf85377fe<-aa794ff7-e78a-42e1-b114-2e34ec5a968d#0:FAIL-t4
2022-04-26 01:53:00,906 [34d2ba22-a7fd-4f79-9d8a-4dadf85377fe@group-E32B954BD76F-LeaderElection24] INFO  impl.LeaderElection (LeaderElection.java:askForVotes(308)) - 34d2ba22-a7fd-4f79-9d8a-4dadf85377fe@group-E32B954BD76F-LeaderElection24 ELECTION round 0: result REJECTED
2022-04-26 01:53:00,906 [34d2ba22-a7fd-4f79-9d8a-4dadf85377fe@group-E32B954BD76F-LeaderElection24] INFO  server.RaftServer$Division (RaftServerImpl.java:setRole(290)) - 34d2ba22-a7fd-4f79-9d8a-4dadf85377fe@group-E32B954BD76F: changes role from CANDIDATE to FOLLOWER at term 4 for REJECTED
2022-04-26 01:53:00,906 [34d2ba22-a7fd-4f79-9d8a-4dadf85377fe@group-E32B954BD76F-LeaderElection24] INFO  impl.RoleInfo (RoleInfo.java:shutdownLeaderElection(121)) - 34d2ba22-a7fd-4f79-9d8a-4dadf85377fe: shutdown 34d2ba22-a7fd-4f79-9d8a-4dadf85377fe@group-E32B954BD76F-LeaderElection24
2022-04-26 01:53:00,906 [34d2ba22-a7fd-4f79-9d8a-4dadf85377fe@group-E32B954BD76F-LeaderElection24] INFO  impl.RoleInfo (RoleInfo.java:updateAndGet(130)) - 34d2ba22-a7fd-4f79-9d8a-4dadf85377fe: start 34d2ba22-a7fd-4f79-9d8a-4dadf85377fe@group-E32B954BD76F-FollowerState
2022-04-26 01:53:00,911 [e687a55e-a1fa-40ca-b40d-7e860929e1d7@group-E32B954BD76F-LeaderElection25] INFO  impl.LeaderElection (LeaderElection.java:logAndReturn(89)) - e687a55e-a1fa-40ca-b40d-7e860929e1d7@group-E32B954BD76F-LeaderElection25: ELECTION REJECTED received 2 response(s) and 0 exception(s):
2022-04-26 01:53:00,917 [e687a55e-a1fa-40ca-b40d-7e860929e1d7@group-E32B954BD76F-LeaderElection25] INFO  impl.LeaderElection (LeaderElection.java:logAndReturn(93)) -   Response 0: e687a55e-a1fa-40ca-b40d-7e860929e1d7<-34d2ba22-a7fd-4f79-9d8a-4dadf85377fe#0:FAIL-t4
2022-04-26 01:53:00,917 [e687a55e-a1fa-40ca-b40d-7e860929e1d7@group-E32B954BD76F-LeaderElection25] INFO  impl.LeaderElection (LeaderElection.java:logAndReturn(93)) -   Response 1: e687a55e-a1fa-40ca-b40d-7e860929e1d7<-aa794ff7-e78a-42e1-b114-2e34ec5a968d#0:FAIL-t4
2022-04-26 01:53:00,917 [e687a55e-a1fa-40ca-b40d-7e860929e1d7@group-E32B954BD76F-LeaderElection25] INFO  impl.LeaderElection (LeaderElection.java:askForVotes(308)) - e687a55e-a1fa-40ca-b40d-7e860929e1d7@group-E32B954BD76F-LeaderElection25 ELECTION round 0: result REJECTED
2022-04-26 01:53:00,921 [e687a55e-a1fa-40ca-b40d-7e860929e1d7@group-E32B954BD76F-LeaderElection25] INFO  server.RaftServer$Division (RaftServerImpl.java:setRole(290)) - e687a55e-a1fa-40ca-b40d-7e860929e1d7@group-E32B954BD76F: changes role from CANDIDATE to FOLLOWER at term 4 for REJECTED
2022-04-26 01:53:00,921 [e687a55e-a1fa-40ca-b40d-7e860929e1d7@group-E32B954BD76F-LeaderElection25] INFO  impl.RoleInfo (RoleInfo.java:shutdownLeaderElection(121)) - e687a55e-a1fa-40ca-b40d-7e860929e1d7: shutdown e687a55e-a1fa-40ca-b40d-7e860929e1d7@group-E32B954BD76F-LeaderElection25
2022-04-26 01:53:00,921 [e687a55e-a1fa-40ca-b40d-7e860929e1d7@group-E32B954BD76F-LeaderElection25] INFO  impl.RoleInfo (RoleInfo.java:updateAndGet(130)) - e687a55e-a1fa-40ca-b40d-7e860929e1d7: start e687a55e-a1fa-40ca-b40d-7e860929e1d7@group-E32B954BD76F-FollowerState
]]></system-out>
  </testcase>
  <testcase name="testListStatusOnLargeDirectory" classname="TestOzoneFileSystem" time="9.675">
    <system-out><![CDATA[2022-04-26 01:54:01,201 [c1d01455-3ad3-443a-8310-748688ca0e72@group-1DC918ECA009-FollowerState] INFO  impl.FollowerState (FollowerState.java:run(134)) - c1d01455-3ad3-443a-8310-748688ca0e72@group-1DC918ECA009-FollowerState: change to CANDIDATE, lastRpcElapsedTime:5007376805ns, electionTimeout:5003ms
2022-04-26 01:54:01,201 [c1d01455-3ad3-443a-8310-748688ca0e72@group-1DC918ECA009-FollowerState] INFO  impl.RoleInfo (RoleInfo.java:shutdownFollowerState(108)) - c1d01455-3ad3-443a-8310-748688ca0e72: shutdown c1d01455-3ad3-443a-8310-748688ca0e72@group-1DC918ECA009-FollowerState
2022-04-26 01:54:01,201 [c1d01455-3ad3-443a-8310-748688ca0e72@group-1DC918ECA009-FollowerState] INFO  server.RaftServer$Division (RaftServerImpl.java:setRole(290)) - c1d01455-3ad3-443a-8310-748688ca0e72@group-1DC918ECA009: changes role from  FOLLOWER to CANDIDATE at term 2 for changeToCandidate
2022-04-26 01:54:01,201 [c1d01455-3ad3-443a-8310-748688ca0e72@group-1DC918ECA009-FollowerState] INFO  server.RaftServerConfigKeys (ConfUtils.java:logGet(44)) - raft.server.leaderelection.pre-vote = false (custom)
2022-04-26 01:54:01,201 [c1d01455-3ad3-443a-8310-748688ca0e72@group-1DC918ECA009-FollowerState] INFO  impl.RoleInfo (RoleInfo.java:updateAndGet(130)) - c1d01455-3ad3-443a-8310-748688ca0e72: start c1d01455-3ad3-443a-8310-748688ca0e72@group-1DC918ECA009-LeaderElection44
2022-04-26 01:54:01,247 [c1d01455-3ad3-443a-8310-748688ca0e72@group-1DC918ECA009-LeaderElection44] INFO  impl.LeaderElection (LeaderElection.java:askForVotes(306)) - c1d01455-3ad3-443a-8310-748688ca0e72@group-1DC918ECA009-LeaderElection44 ELECTION round 0: submit vote requests at term 3 for -1: [c1d01455-3ad3-443a-8310-748688ca0e72|rpc:10.1.0.42:42877|dataStream:|priority:1, 382fe11f-ccc0-42c1-99a9-aa0fa042180d|rpc:10.1.0.42:39043|dataStream:|priority:0, 5f9c2808-8092-4bb8-be0b-9d445a417462|rpc:10.1.0.42:40901|dataStream:|priority:0], old=null
2022-04-26 01:54:01,286 [382fe11f-ccc0-42c1-99a9-aa0fa042180d@group-1DC918ECA009-FollowerState] INFO  impl.FollowerState (FollowerState.java:run(134)) - 382fe11f-ccc0-42c1-99a9-aa0fa042180d@group-1DC918ECA009-FollowerState: change to CANDIDATE, lastRpcElapsedTime:5138853113ns, electionTimeout:5127ms
2022-04-26 01:54:01,286 [382fe11f-ccc0-42c1-99a9-aa0fa042180d@group-1DC918ECA009-FollowerState] INFO  impl.RoleInfo (RoleInfo.java:shutdownFollowerState(108)) - 382fe11f-ccc0-42c1-99a9-aa0fa042180d: shutdown 382fe11f-ccc0-42c1-99a9-aa0fa042180d@group-1DC918ECA009-FollowerState
2022-04-26 01:54:01,286 [382fe11f-ccc0-42c1-99a9-aa0fa042180d@group-1DC918ECA009-FollowerState] INFO  server.RaftServer$Division (RaftServerImpl.java:setRole(290)) - 382fe11f-ccc0-42c1-99a9-aa0fa042180d@group-1DC918ECA009: changes role from  FOLLOWER to CANDIDATE at term 2 for changeToCandidate
2022-04-26 01:54:01,297 [382fe11f-ccc0-42c1-99a9-aa0fa042180d@group-1DC918ECA009-FollowerState] INFO  server.RaftServerConfigKeys (ConfUtils.java:logGet(44)) - raft.server.leaderelection.pre-vote = false (custom)
2022-04-26 01:54:01,297 [382fe11f-ccc0-42c1-99a9-aa0fa042180d@group-1DC918ECA009-FollowerState] INFO  impl.RoleInfo (RoleInfo.java:updateAndGet(130)) - 382fe11f-ccc0-42c1-99a9-aa0fa042180d: start 382fe11f-ccc0-42c1-99a9-aa0fa042180d@group-1DC918ECA009-LeaderElection45
2022-04-26 01:54:01,297 [grpc-default-executor-3] INFO  server.RaftServer$Division (RaftServerImpl.java:requestVote(1046)) - 382fe11f-ccc0-42c1-99a9-aa0fa042180d@group-1DC918ECA009: receive requestVote(ELECTION, c1d01455-3ad3-443a-8310-748688ca0e72, group-1DC918ECA009, 3, (t:0, i:0))
2022-04-26 01:54:01,321 [grpc-default-executor-3] INFO  impl.VoteContext (VoteContext.java:log(48)) - 382fe11f-ccc0-42c1-99a9-aa0fa042180d@group-1DC918ECA009-CANDIDATE: reject ELECTION from c1d01455-3ad3-443a-8310-748688ca0e72: already has voted for 382fe11f-ccc0-42c1-99a9-aa0fa042180d at current term 3
2022-04-26 01:54:01,321 [grpc-default-executor-3] INFO  server.RaftServer$Division (RaftServerImpl.java:requestVote(1078)) - 382fe11f-ccc0-42c1-99a9-aa0fa042180d@group-1DC918ECA009 replies to ELECTION vote request: c1d01455-3ad3-443a-8310-748688ca0e72<-382fe11f-ccc0-42c1-99a9-aa0fa042180d#0:FAIL-t3. Peer's state: 382fe11f-ccc0-42c1-99a9-aa0fa042180d@group-1DC918ECA009:t3, leader=null, voted=382fe11f-ccc0-42c1-99a9-aa0fa042180d, raftlog=382fe11f-ccc0-42c1-99a9-aa0fa042180d@group-1DC918ECA009-SegmentedRaftLog:OPENED:c-1, conf=-1: [c1d01455-3ad3-443a-8310-748688ca0e72|rpc:10.1.0.42:42877|dataStream:|priority:1, 382fe11f-ccc0-42c1-99a9-aa0fa042180d|rpc:10.1.0.42:39043|dataStream:|priority:0, 5f9c2808-8092-4bb8-be0b-9d445a417462|rpc:10.1.0.42:40901|dataStream:|priority:0], old=null
2022-04-26 01:54:01,323 [grpc-default-executor-3] INFO  server.RaftServer$Division (RaftServerImpl.java:requestVote(1046)) - 5f9c2808-8092-4bb8-be0b-9d445a417462@group-1DC918ECA009: receive requestVote(ELECTION, c1d01455-3ad3-443a-8310-748688ca0e72, group-1DC918ECA009, 3, (t:0, i:0))
2022-04-26 01:54:01,324 [grpc-default-executor-3] INFO  impl.VoteContext (VoteContext.java:log(48)) - 5f9c2808-8092-4bb8-be0b-9d445a417462@group-1DC918ECA009-FOLLOWER: accept ELECTION from c1d01455-3ad3-443a-8310-748688ca0e72: our priority 0 <= candidate's priority 1
2022-04-26 01:54:01,324 [grpc-default-executor-3] INFO  server.RaftServer$Division (RaftServerImpl.java:setRole(290)) - 5f9c2808-8092-4bb8-be0b-9d445a417462@group-1DC918ECA009: changes role from  FOLLOWER to FOLLOWER at term 3 for candidate:c1d01455-3ad3-443a-8310-748688ca0e72
2022-04-26 01:54:01,324 [grpc-default-executor-3] INFO  impl.RoleInfo (RoleInfo.java:shutdownFollowerState(108)) - 5f9c2808-8092-4bb8-be0b-9d445a417462: shutdown 5f9c2808-8092-4bb8-be0b-9d445a417462@group-1DC918ECA009-FollowerState
2022-04-26 01:54:01,324 [grpc-default-executor-3] INFO  impl.RoleInfo (RoleInfo.java:updateAndGet(130)) - 5f9c2808-8092-4bb8-be0b-9d445a417462: start 5f9c2808-8092-4bb8-be0b-9d445a417462@group-1DC918ECA009-FollowerState
2022-04-26 01:54:01,324 [5f9c2808-8092-4bb8-be0b-9d445a417462@group-1DC918ECA009-FollowerState] INFO  impl.FollowerState (FollowerState.java:run(143)) - 5f9c2808-8092-4bb8-be0b-9d445a417462@group-1DC918ECA009-FollowerState was interrupted: {}
java.lang.InterruptedException: sleep interrupted
	at java.lang.Thread.sleep(Native Method)
	at java.lang.Thread.sleep(Thread.java:342)
	at java.util.concurrent.TimeUnit.sleep(TimeUnit.java:386)
	at org.apache.ratis.util.TimeDuration.sleep(TimeDuration.java:324)
	at org.apache.ratis.util.TimeDuration.sleep(TimeDuration.java:309)
	at org.apache.ratis.server.impl.FollowerState.run(FollowerState.java:118)
2022-04-26 01:54:01,335 [grpc-default-executor-3] INFO  server.RaftServer$Division (RaftServerImpl.java:requestVote(1078)) - 5f9c2808-8092-4bb8-be0b-9d445a417462@group-1DC918ECA009 replies to ELECTION vote request: c1d01455-3ad3-443a-8310-748688ca0e72<-5f9c2808-8092-4bb8-be0b-9d445a417462#0:OK-t3. Peer's state: 5f9c2808-8092-4bb8-be0b-9d445a417462@group-1DC918ECA009:t3, leader=null, voted=c1d01455-3ad3-443a-8310-748688ca0e72, raftlog=5f9c2808-8092-4bb8-be0b-9d445a417462@group-1DC918ECA009-SegmentedRaftLog:OPENED:c-1, conf=-1: [c1d01455-3ad3-443a-8310-748688ca0e72|rpc:10.1.0.42:42877|priority:1, 382fe11f-ccc0-42c1-99a9-aa0fa042180d|rpc:10.1.0.42:39043|priority:0, 5f9c2808-8092-4bb8-be0b-9d445a417462|rpc:10.1.0.42:40901|priority:0], old=null
2022-04-26 01:54:01,353 [382fe11f-ccc0-42c1-99a9-aa0fa042180d@group-1DC918ECA009-LeaderElection45] INFO  impl.LeaderElection (LeaderElection.java:askForVotes(306)) - 382fe11f-ccc0-42c1-99a9-aa0fa042180d@group-1DC918ECA009-LeaderElection45 ELECTION round 0: submit vote requests at term 3 for -1: [c1d01455-3ad3-443a-8310-748688ca0e72|rpc:10.1.0.42:42877|dataStream:|priority:1, 382fe11f-ccc0-42c1-99a9-aa0fa042180d|rpc:10.1.0.42:39043|dataStream:|priority:0, 5f9c2808-8092-4bb8-be0b-9d445a417462|rpc:10.1.0.42:40901|dataStream:|priority:0], old=null
2022-04-26 01:54:01,405 [c1d01455-3ad3-443a-8310-748688ca0e72@group-1DC918ECA009-LeaderElection44] INFO  impl.LeaderElection (LeaderElection.java:logAndReturn(89)) - c1d01455-3ad3-443a-8310-748688ca0e72@group-1DC918ECA009-LeaderElection44: ELECTION PASSED received 2 response(s) and 0 exception(s):
2022-04-26 01:54:01,405 [c1d01455-3ad3-443a-8310-748688ca0e72@group-1DC918ECA009-LeaderElection44] INFO  impl.LeaderElection (LeaderElection.java:logAndReturn(93)) -   Response 0: c1d01455-3ad3-443a-8310-748688ca0e72<-382fe11f-ccc0-42c1-99a9-aa0fa042180d#0:FAIL-t3
2022-04-26 01:54:01,405 [c1d01455-3ad3-443a-8310-748688ca0e72@group-1DC918ECA009-LeaderElection44] INFO  impl.LeaderElection (LeaderElection.java:logAndReturn(93)) -   Response 1: c1d01455-3ad3-443a-8310-748688ca0e72<-5f9c2808-8092-4bb8-be0b-9d445a417462#0:OK-t3
2022-04-26 01:54:01,405 [c1d01455-3ad3-443a-8310-748688ca0e72@group-1DC918ECA009-LeaderElection44] INFO  impl.LeaderElection (LeaderElection.java:askForVotes(308)) - c1d01455-3ad3-443a-8310-748688ca0e72@group-1DC918ECA009-LeaderElection44 ELECTION round 0: result PASSED
2022-04-26 01:54:01,405 [c1d01455-3ad3-443a-8310-748688ca0e72@group-1DC918ECA009-LeaderElection44] INFO  impl.RoleInfo (RoleInfo.java:shutdownLeaderElection(121)) - c1d01455-3ad3-443a-8310-748688ca0e72: shutdown c1d01455-3ad3-443a-8310-748688ca0e72@group-1DC918ECA009-LeaderElection44
2022-04-26 01:54:01,405 [c1d01455-3ad3-443a-8310-748688ca0e72@group-1DC918ECA009-LeaderElection44] INFO  server.RaftServer$Division (RaftServerImpl.java:setRole(290)) - c1d01455-3ad3-443a-8310-748688ca0e72@group-1DC918ECA009: changes role from CANDIDATE to LEADER at term 3 for changeToLeader
2022-04-26 01:54:01,405 [c1d01455-3ad3-443a-8310-748688ca0e72@group-1DC918ECA009-LeaderElection44] INFO  ratis.XceiverServerRatis (XceiverServerRatis.java:handleLeaderChangedNotification(863)) - Leader change notification received for group: group-1DC918ECA009 with new leaderId: c1d01455-3ad3-443a-8310-748688ca0e72
2022-04-26 01:54:01,405 [c1d01455-3ad3-443a-8310-748688ca0e72@group-1DC918ECA009-LeaderElection44] INFO  server.RaftServer$Division (ServerState.java:setLeader(285)) - c1d01455-3ad3-443a-8310-748688ca0e72@group-1DC918ECA009: change Leader from null to c1d01455-3ad3-443a-8310-748688ca0e72 at term 3 for becomeLeader, leader elected after 15441ms
2022-04-26 01:54:01,405 [c1d01455-3ad3-443a-8310-748688ca0e72@group-1DC918ECA009-LeaderElection44] INFO  server.RaftServerConfigKeys (ConfUtils.java:logGet(44)) - raft.server.staging.catchup.gap = 1000 (default)
2022-04-26 01:54:01,406 [c1d01455-3ad3-443a-8310-748688ca0e72@group-1DC918ECA009-LeaderElection44] INFO  server.RaftServerConfigKeys (ConfUtils.java:logGet(44)) - raft.server.write.element-limit = 1024 (custom)
2022-04-26 01:54:01,406 [c1d01455-3ad3-443a-8310-748688ca0e72@group-1DC918ECA009-LeaderElection44] INFO  server.RaftServerConfigKeys (ConfUtils.java:logGet(44)) - raft.server.write.byte-limit = 1024 M (=1073741824) (custom)
2022-04-26 01:54:01,406 [c1d01455-3ad3-443a-8310-748688ca0e72@group-1DC918ECA009-LeaderElection44] INFO  server.RaftServerConfigKeys (ConfUtils.java:logGet(44)) - raft.server.watch.timeout = 180s (custom)
2022-04-26 01:54:01,406 [c1d01455-3ad3-443a-8310-748688ca0e72@group-1DC918ECA009-LeaderElection44] INFO  server.RaftServerConfigKeys (ConfUtils.java:logGet(44)) - raft.server.watch.timeout.denomination = 1s (default)
2022-04-26 01:54:01,406 [c1d01455-3ad3-443a-8310-748688ca0e72@group-1DC918ECA009-LeaderElection44] INFO  server.RaftServerConfigKeys (ConfUtils.java:logGet(44)) - raft.server.watch.element-limit = 65536 (default)
2022-04-26 01:54:01,406 [c1d01455-3ad3-443a-8310-748688ca0e72@group-1DC918ECA009-LeaderElection44] INFO  server.RaftServerConfigKeys (ConfUtils.java:logGet(44)) - raft.server.write.element-limit = 1024 (custom)
2022-04-26 01:54:01,406 [c1d01455-3ad3-443a-8310-748688ca0e72@group-1DC918ECA009-LeaderElection44] INFO  server.RaftServerConfigKeys (ConfUtils.java:logGet(44)) - raft.server.write.follower.gap.ratio.max = -1.0 (default)
2022-04-26 01:54:01,406 [c1d01455-3ad3-443a-8310-748688ca0e72@group-1DC918ECA009-LeaderElection44] INFO  server.RaftServerConfigKeys (ConfUtils.java:logGet(44)) - raft.server.log.appender.snapshot.chunk.size.max = 16MB (=16777216) (default)
2022-04-26 01:54:01,406 [c1d01455-3ad3-443a-8310-748688ca0e72@group-1DC918ECA009-LeaderElection44] INFO  server.RaftServerConfigKeys (ConfUtils.java:logGet(44)) - raft.server.log.appender.buffer.byte-limit = 33554432 (custom)
2022-04-26 01:54:01,406 [c1d01455-3ad3-443a-8310-748688ca0e72@group-1DC918ECA009-LeaderElection44] INFO  server.RaftServerConfigKeys (ConfUtils.java:logGet(44)) - raft.server.log.appender.buffer.element-limit = 1 (custom)
2022-04-26 01:54:01,406 [c1d01455-3ad3-443a-8310-748688ca0e72@group-1DC918ECA009-LeaderElection44] INFO  grpc.GrpcConfigKeys (ConfUtils.java:logGet(44)) - raft.grpc.server.leader.outstanding.appends.max = 128 (default)
2022-04-26 01:54:01,406 [c1d01455-3ad3-443a-8310-748688ca0e72@group-1DC918ECA009-LeaderElection44] INFO  server.RaftServerConfigKeys (ConfUtils.java:logGet(44)) - raft.server.rpc.request.timeout = 60s (custom)
2022-04-26 01:54:01,406 [c1d01455-3ad3-443a-8310-748688ca0e72@group-1DC918ECA009-LeaderElection44] INFO  server.RaftServerConfigKeys (ConfUtils.java:logGet(44)) - raft.server.log.appender.install.snapshot.enabled = false (custom)
2022-04-26 01:54:01,412 [grpc-default-executor-1] INFO  server.RaftServer$Division (RaftServerImpl.java:requestVote(1046)) - c1d01455-3ad3-443a-8310-748688ca0e72@group-1DC918ECA009: receive requestVote(ELECTION, 382fe11f-ccc0-42c1-99a9-aa0fa042180d, group-1DC918ECA009, 3, (t:0, i:0))
2022-04-26 01:54:01,412 [grpc-default-executor-2] INFO  server.RaftServer$Division (RaftServerImpl.java:requestVote(1046)) - 5f9c2808-8092-4bb8-be0b-9d445a417462@group-1DC918ECA009: receive requestVote(ELECTION, 382fe11f-ccc0-42c1-99a9-aa0fa042180d, group-1DC918ECA009, 3, (t:0, i:0))
2022-04-26 01:54:01,412 [grpc-default-executor-2] INFO  impl.VoteContext (VoteContext.java:log(48)) - 5f9c2808-8092-4bb8-be0b-9d445a417462@group-1DC918ECA009-FOLLOWER: reject ELECTION from 382fe11f-ccc0-42c1-99a9-aa0fa042180d: already has voted for c1d01455-3ad3-443a-8310-748688ca0e72 at current term 3
2022-04-26 01:54:01,412 [grpc-default-executor-2] INFO  server.RaftServer$Division (RaftServerImpl.java:requestVote(1078)) - 5f9c2808-8092-4bb8-be0b-9d445a417462@group-1DC918ECA009 replies to ELECTION vote request: 382fe11f-ccc0-42c1-99a9-aa0fa042180d<-5f9c2808-8092-4bb8-be0b-9d445a417462#0:FAIL-t3. Peer's state: 5f9c2808-8092-4bb8-be0b-9d445a417462@group-1DC918ECA009:t3, leader=null, voted=c1d01455-3ad3-443a-8310-748688ca0e72, raftlog=5f9c2808-8092-4bb8-be0b-9d445a417462@group-1DC918ECA009-SegmentedRaftLog:OPENED:c-1, conf=-1: [c1d01455-3ad3-443a-8310-748688ca0e72|rpc:10.1.0.42:42877|priority:1, 382fe11f-ccc0-42c1-99a9-aa0fa042180d|rpc:10.1.0.42:39043|priority:0, 5f9c2808-8092-4bb8-be0b-9d445a417462|rpc:10.1.0.42:40901|priority:0], old=null
2022-04-26 01:54:01,426 [c1d01455-3ad3-443a-8310-748688ca0e72@group-1DC918ECA009-LeaderElection44] INFO  server.RaftServerConfigKeys (ConfUtils.java:logGet(44)) - raft.server.log.appender.snapshot.chunk.size.max = 16MB (=16777216) (default)
2022-04-26 01:54:01,426 [c1d01455-3ad3-443a-8310-748688ca0e72@group-1DC918ECA009-LeaderElection44] INFO  server.RaftServerConfigKeys (ConfUtils.java:logGet(44)) - raft.server.log.appender.buffer.byte-limit = 33554432 (custom)
2022-04-26 01:54:01,426 [c1d01455-3ad3-443a-8310-748688ca0e72@group-1DC918ECA009-LeaderElection44] INFO  server.RaftServerConfigKeys (ConfUtils.java:logGet(44)) - raft.server.log.appender.buffer.element-limit = 1 (custom)
2022-04-26 01:54:01,426 [c1d01455-3ad3-443a-8310-748688ca0e72@group-1DC918ECA009-LeaderElection44] INFO  grpc.GrpcConfigKeys (ConfUtils.java:logGet(44)) - raft.grpc.server.leader.outstanding.appends.max = 128 (default)
2022-04-26 01:54:01,426 [c1d01455-3ad3-443a-8310-748688ca0e72@group-1DC918ECA009-LeaderElection44] INFO  server.RaftServerConfigKeys (ConfUtils.java:logGet(44)) - raft.server.rpc.request.timeout = 60s (custom)
2022-04-26 01:54:01,426 [c1d01455-3ad3-443a-8310-748688ca0e72@group-1DC918ECA009-LeaderElection44] INFO  server.RaftServerConfigKeys (ConfUtils.java:logGet(44)) - raft.server.log.appender.install.snapshot.enabled = false (custom)
2022-04-26 01:54:01,427 [c1d01455-3ad3-443a-8310-748688ca0e72@group-1DC918ECA009-LeaderElection44] INFO  impl.RoleInfo (RoleInfo.java:updateAndGet(130)) - c1d01455-3ad3-443a-8310-748688ca0e72: start c1d01455-3ad3-443a-8310-748688ca0e72@group-1DC918ECA009-LeaderStateImpl
2022-04-26 01:54:01,427 [c1d01455-3ad3-443a-8310-748688ca0e72@group-1DC918ECA009-LeaderElection44] INFO  segmented.SegmentedRaftLogWorker (SegmentedRaftLogWorker.java:startLogSegment(394)) - c1d01455-3ad3-443a-8310-748688ca0e72@group-1DC918ECA009-SegmentedRaftLogWorker: Starting segment from index:0
2022-04-26 01:54:01,429 [c1d01455-3ad3-443a-8310-748688ca0e72@group-1DC918ECA009-SegmentedRaftLogWorker] INFO  segmented.SegmentedRaftLogWorker (SegmentedRaftLogWorker.java:execute(601)) - c1d01455-3ad3-443a-8310-748688ca0e72@group-1DC918ECA009-SegmentedRaftLogWorker: created new log segment /home/runner/work/ozone/ozone/hadoop-ozone/integration-test/target/test-dir/MiniOzoneClusterImpl-f75a2855-399a-402c-9e8b-90c3c75b347d/datanode-2/data/ratis/8fd4ea4f-9a91-4b97-9e98-1dc918eca009/current/log_inprogress_0
2022-04-26 01:54:01,433 [EventQueue-PipelineReportForPipelineReportHandler] INFO  pipeline.PipelineManagerImpl (PipelineManagerImpl.java:openPipeline(321)) - Pipeline Pipeline[ Id: 8fd4ea4f-9a91-4b97-9e98-1dc918eca009, Nodes: 382fe11f-ccc0-42c1-99a9-aa0fa042180d{ip: 10.1.0.42, host: fv-az50-870.grzltbmokehuzjyc5b133kdqgh.cx.internal.cloudapp.net, ports: [REPLICATION=34605, RATIS=39043, RATIS_ADMIN=39043, RATIS_SERVER=39043, STANDALONE=38987], networkLocation: /default-rack, certSerialId: null, persistedOpState: IN_SERVICE, persistedOpStateExpiryEpochSec: 0}c1d01455-3ad3-443a-8310-748688ca0e72{ip: 10.1.0.42, host: fv-az50-870.grzltbmokehuzjyc5b133kdqgh.cx.internal.cloudapp.net, ports: [REPLICATION=34415, RATIS=42877, RATIS_ADMIN=42877, RATIS_SERVER=42877, STANDALONE=36421], networkLocation: /default-rack, certSerialId: null, persistedOpState: IN_SERVICE, persistedOpStateExpiryEpochSec: 0}5f9c2808-8092-4bb8-be0b-9d445a417462{ip: 10.1.0.42, host: fv-az50-870.grzltbmokehuzjyc5b133kdqgh.cx.internal.cloudapp.net, ports: [REPLICATION=34419, RATIS=40901, RATIS_ADMIN=40901, RATIS_SERVER=40901, STANDALONE=37781], networkLocation: /default-rack, certSerialId: null, persistedOpState: IN_SERVICE, persistedOpStateExpiryEpochSec: 0}, ReplicationConfig: RATIS/THREE, State:ALLOCATED, leaderId:c1d01455-3ad3-443a-8310-748688ca0e72, CreationTimestamp2022-04-26T01:53:43.762Z[Etc/UTC]] moved to OPEN state
2022-04-26 01:54:01,459 [grpc-default-executor-3] INFO  server.RaftServer$Division (RaftServerImpl.java:setRole(290)) - 382fe11f-ccc0-42c1-99a9-aa0fa042180d@group-1DC918ECA009: changes role from CANDIDATE to FOLLOWER at term 3 for appendEntries
2022-04-26 01:54:01,459 [grpc-default-executor-3] INFO  impl.RoleInfo (RoleInfo.java:shutdownLeaderElection(121)) - 382fe11f-ccc0-42c1-99a9-aa0fa042180d: shutdown 382fe11f-ccc0-42c1-99a9-aa0fa042180d@group-1DC918ECA009-LeaderElection45
2022-04-26 01:54:01,459 [grpc-default-executor-3] INFO  impl.RoleInfo (RoleInfo.java:updateAndGet(130)) - 382fe11f-ccc0-42c1-99a9-aa0fa042180d: start 382fe11f-ccc0-42c1-99a9-aa0fa042180d@group-1DC918ECA009-FollowerState
2022-04-26 01:54:01,463 [grpc-default-executor-3] INFO  ratis.XceiverServerRatis (XceiverServerRatis.java:handleLeaderChangedNotification(863)) - Leader change notification received for group: group-1DC918ECA009 with new leaderId: c1d01455-3ad3-443a-8310-748688ca0e72
2022-04-26 01:54:01,463 [grpc-default-executor-3] INFO  server.RaftServer$Division (ServerState.java:setLeader(285)) - 382fe11f-ccc0-42c1-99a9-aa0fa042180d@group-1DC918ECA009: change Leader from null to c1d01455-3ad3-443a-8310-748688ca0e72 at term 3 for appendEntries, leader elected after 15721ms
2022-04-26 01:54:01,495 [grpc-default-executor-0] INFO  ratis.XceiverServerRatis (XceiverServerRatis.java:handleLeaderChangedNotification(863)) - Leader change notification received for group: group-1DC918ECA009 with new leaderId: c1d01455-3ad3-443a-8310-748688ca0e72
2022-04-26 01:54:01,495 [grpc-default-executor-0] INFO  server.RaftServer$Division (ServerState.java:setLeader(285)) - 5f9c2808-8092-4bb8-be0b-9d445a417462@group-1DC918ECA009: change Leader from null to c1d01455-3ad3-443a-8310-748688ca0e72 at term 3 for appendEntries, leader elected after 15925ms
2022-04-26 01:54:01,501 [grpc-default-executor-3] INFO  server.RaftServer$Division (ServerState.java:setRaftConf(387)) - 382fe11f-ccc0-42c1-99a9-aa0fa042180d@group-1DC918ECA009: set configuration 0: [c1d01455-3ad3-443a-8310-748688ca0e72|rpc:10.1.0.42:42877|dataStream:|priority:1, 382fe11f-ccc0-42c1-99a9-aa0fa042180d|rpc:10.1.0.42:39043|dataStream:|priority:0, 5f9c2808-8092-4bb8-be0b-9d445a417462|rpc:10.1.0.42:40901|dataStream:|priority:0], old=null
2022-04-26 01:54:01,501 [grpc-default-executor-3] INFO  segmented.SegmentedRaftLogWorker (SegmentedRaftLogWorker.java:startLogSegment(394)) - 382fe11f-ccc0-42c1-99a9-aa0fa042180d@group-1DC918ECA009-SegmentedRaftLogWorker: Starting segment from index:0
2022-04-26 01:54:01,518 [382fe11f-ccc0-42c1-99a9-aa0fa042180d@group-1DC918ECA009-SegmentedRaftLogWorker] INFO  segmented.SegmentedRaftLogWorker (SegmentedRaftLogWorker.java:execute(601)) - 382fe11f-ccc0-42c1-99a9-aa0fa042180d@group-1DC918ECA009-SegmentedRaftLogWorker: created new log segment /home/runner/work/ozone/ozone/hadoop-ozone/integration-test/target/test-dir/MiniOzoneClusterImpl-f75a2855-399a-402c-9e8b-90c3c75b347d/datanode-1/data/ratis/8fd4ea4f-9a91-4b97-9e98-1dc918eca009/current/log_inprogress_0
2022-04-26 01:54:01,544 [c1d01455-3ad3-443a-8310-748688ca0e72@group-1DC918ECA009-LeaderElection44] INFO  server.RaftServer$Division (ServerState.java:setRaftConf(387)) - c1d01455-3ad3-443a-8310-748688ca0e72@group-1DC918ECA009: set configuration 0: [c1d01455-3ad3-443a-8310-748688ca0e72|rpc:10.1.0.42:42877|dataStream:|priority:1, 382fe11f-ccc0-42c1-99a9-aa0fa042180d|rpc:10.1.0.42:39043|dataStream:|priority:0, 5f9c2808-8092-4bb8-be0b-9d445a417462|rpc:10.1.0.42:40901|dataStream:|priority:0], old=null
2022-04-26 01:54:01,544 [grpc-default-executor-0] INFO  server.RaftServer$Division (ServerState.java:setRaftConf(387)) - 5f9c2808-8092-4bb8-be0b-9d445a417462@group-1DC918ECA009: set configuration 0: [c1d01455-3ad3-443a-8310-748688ca0e72|rpc:10.1.0.42:42877|dataStream:|priority:1, 382fe11f-ccc0-42c1-99a9-aa0fa042180d|rpc:10.1.0.42:39043|dataStream:|priority:0, 5f9c2808-8092-4bb8-be0b-9d445a417462|rpc:10.1.0.42:40901|dataStream:|priority:0], old=null
2022-04-26 01:54:01,544 [grpc-default-executor-0] INFO  segmented.SegmentedRaftLogWorker (SegmentedRaftLogWorker.java:startLogSegment(394)) - 5f9c2808-8092-4bb8-be0b-9d445a417462@group-1DC918ECA009-SegmentedRaftLogWorker: Starting segment from index:0
2022-04-26 01:54:01,546 [5f9c2808-8092-4bb8-be0b-9d445a417462@group-1DC918ECA009-SegmentedRaftLogWorker] INFO  segmented.SegmentedRaftLogWorker (SegmentedRaftLogWorker.java:execute(601)) - 5f9c2808-8092-4bb8-be0b-9d445a417462@group-1DC918ECA009-SegmentedRaftLogWorker: created new log segment /home/runner/work/ozone/ozone/hadoop-ozone/integration-test/target/test-dir/MiniOzoneClusterImpl-f75a2855-399a-402c-9e8b-90c3c75b347d/datanode-0/data/ratis/8fd4ea4f-9a91-4b97-9e98-1dc918eca009/current/log_inprogress_0
2022-04-26 01:54:01,549 [grpc-default-executor-1] INFO  impl.VoteContext (VoteContext.java:log(48)) - c1d01455-3ad3-443a-8310-748688ca0e72@group-1DC918ECA009-LEADER: reject ELECTION from 382fe11f-ccc0-42c1-99a9-aa0fa042180d: already has voted for c1d01455-3ad3-443a-8310-748688ca0e72 at current term 3
2022-04-26 01:54:01,549 [grpc-default-executor-1] INFO  server.RaftServer$Division (RaftServerImpl.java:requestVote(1078)) - c1d01455-3ad3-443a-8310-748688ca0e72@group-1DC918ECA009 replies to ELECTION vote request: 382fe11f-ccc0-42c1-99a9-aa0fa042180d<-c1d01455-3ad3-443a-8310-748688ca0e72#0:FAIL-t3. Peer's state: c1d01455-3ad3-443a-8310-748688ca0e72@group-1DC918ECA009:t3, leader=c1d01455-3ad3-443a-8310-748688ca0e72, voted=c1d01455-3ad3-443a-8310-748688ca0e72, raftlog=c1d01455-3ad3-443a-8310-748688ca0e72@group-1DC918ECA009-SegmentedRaftLog:OPENED:c0, conf=0: [c1d01455-3ad3-443a-8310-748688ca0e72|rpc:10.1.0.42:42877|dataStream:|priority:1, 382fe11f-ccc0-42c1-99a9-aa0fa042180d|rpc:10.1.0.42:39043|dataStream:|priority:0, 5f9c2808-8092-4bb8-be0b-9d445a417462|rpc:10.1.0.42:40901|dataStream:|priority:0], old=null
2022-04-26 01:54:01,572 [382fe11f-ccc0-42c1-99a9-aa0fa042180d@group-1DC918ECA009-LeaderElection45] INFO  impl.LeaderElection (LeaderElection.java:logAndReturn(89)) - 382fe11f-ccc0-42c1-99a9-aa0fa042180d@group-1DC918ECA009-LeaderElection45: ELECTION REJECTED received 2 response(s) and 0 exception(s):
2022-04-26 01:54:01,572 [382fe11f-ccc0-42c1-99a9-aa0fa042180d@group-1DC918ECA009-LeaderElection45] INFO  impl.LeaderElection (LeaderElection.java:logAndReturn(93)) -   Response 0: 382fe11f-ccc0-42c1-99a9-aa0fa042180d<-c1d01455-3ad3-443a-8310-748688ca0e72#0:FAIL-t3
2022-04-26 01:54:01,572 [382fe11f-ccc0-42c1-99a9-aa0fa042180d@group-1DC918ECA009-LeaderElection45] INFO  impl.LeaderElection (LeaderElection.java:logAndReturn(93)) -   Response 1: 382fe11f-ccc0-42c1-99a9-aa0fa042180d<-5f9c2808-8092-4bb8-be0b-9d445a417462#0:FAIL-t3
2022-04-26 01:54:01,572 [382fe11f-ccc0-42c1-99a9-aa0fa042180d@group-1DC918ECA009-LeaderElection45] INFO  impl.LeaderElection (LeaderElection.java:askForVotes(308)) - 382fe11f-ccc0-42c1-99a9-aa0fa042180d@group-1DC918ECA009-LeaderElection45 ELECTION round 0: result REJECTED
]]></system-out>
  </testcase>
  <testcase name="testListStatusOnLargeDirectory" classname="TestOzoneFileSystem" time="9.849">
    <system-out><![CDATA[2022-04-26 01:55:12,995 [2bf912ba-2a06-41a3-b1d6-bf04ad40fbe7@group-1E5E024634D1-FollowerState] INFO  impl.FollowerState (FollowerState.java:run(134)) - 2bf912ba-2a06-41a3-b1d6-bf04ad40fbe7@group-1E5E024634D1-FollowerState: change to CANDIDATE, lastRpcElapsedTime:5151836807ns, electionTimeout:5124ms
2022-04-26 01:55:12,995 [2bf912ba-2a06-41a3-b1d6-bf04ad40fbe7@group-1E5E024634D1-FollowerState] INFO  impl.RoleInfo (RoleInfo.java:shutdownFollowerState(108)) - 2bf912ba-2a06-41a3-b1d6-bf04ad40fbe7: shutdown 2bf912ba-2a06-41a3-b1d6-bf04ad40fbe7@group-1E5E024634D1-FollowerState
2022-04-26 01:55:12,996 [2bf912ba-2a06-41a3-b1d6-bf04ad40fbe7@group-1E5E024634D1-FollowerState] INFO  server.RaftServer$Division (RaftServerImpl.java:setRole(290)) - 2bf912ba-2a06-41a3-b1d6-bf04ad40fbe7@group-1E5E024634D1: changes role from  FOLLOWER to CANDIDATE at term 2 for changeToCandidate
2022-04-26 01:55:12,996 [2bf912ba-2a06-41a3-b1d6-bf04ad40fbe7@group-1E5E024634D1-FollowerState] INFO  server.RaftServerConfigKeys (ConfUtils.java:logGet(44)) - raft.server.leaderelection.pre-vote = false (custom)
2022-04-26 01:55:12,996 [2bf912ba-2a06-41a3-b1d6-bf04ad40fbe7@group-1E5E024634D1-FollowerState] INFO  impl.RoleInfo (RoleInfo.java:updateAndGet(130)) - 2bf912ba-2a06-41a3-b1d6-bf04ad40fbe7: start 2bf912ba-2a06-41a3-b1d6-bf04ad40fbe7@group-1E5E024634D1-LeaderElection58
2022-04-26 01:55:13,029 [2bf912ba-2a06-41a3-b1d6-bf04ad40fbe7@group-1E5E024634D1-LeaderElection58] INFO  impl.LeaderElection (LeaderElection.java:askForVotes(306)) - 2bf912ba-2a06-41a3-b1d6-bf04ad40fbe7@group-1E5E024634D1-LeaderElection58 ELECTION round 0: submit vote requests at term 3 for -1: [38feb0ec-788c-42ad-9852-eb5cbee3e7a8|rpc:10.1.0.42:43781|priority:0, a49f3fd7-aca1-41c1-ad3c-01adfe75912a|rpc:10.1.0.42:39407|priority:1, 2bf912ba-2a06-41a3-b1d6-bf04ad40fbe7|rpc:10.1.0.42:36263|priority:0], old=null
2022-04-26 01:55:13,081 [grpc-default-executor-0] INFO  server.RaftServer$Division (RaftServerImpl.java:requestVote(1046)) - 38feb0ec-788c-42ad-9852-eb5cbee3e7a8@group-1E5E024634D1: receive requestVote(ELECTION, 2bf912ba-2a06-41a3-b1d6-bf04ad40fbe7, group-1E5E024634D1, 3, (t:0, i:0))
2022-04-26 01:55:13,081 [grpc-default-executor-0] INFO  impl.VoteContext (VoteContext.java:log(48)) - 38feb0ec-788c-42ad-9852-eb5cbee3e7a8@group-1E5E024634D1-FOLLOWER: accept ELECTION from 2bf912ba-2a06-41a3-b1d6-bf04ad40fbe7: our priority 0 <= candidate's priority 0
2022-04-26 01:55:13,081 [grpc-default-executor-0] INFO  server.RaftServer$Division (RaftServerImpl.java:setRole(290)) - 38feb0ec-788c-42ad-9852-eb5cbee3e7a8@group-1E5E024634D1: changes role from  FOLLOWER to FOLLOWER at term 3 for candidate:2bf912ba-2a06-41a3-b1d6-bf04ad40fbe7
2022-04-26 01:55:13,081 [grpc-default-executor-0] INFO  impl.RoleInfo (RoleInfo.java:shutdownFollowerState(108)) - 38feb0ec-788c-42ad-9852-eb5cbee3e7a8: shutdown 38feb0ec-788c-42ad-9852-eb5cbee3e7a8@group-1E5E024634D1-FollowerState
2022-04-26 01:55:13,081 [grpc-default-executor-0] INFO  impl.RoleInfo (RoleInfo.java:updateAndGet(130)) - 38feb0ec-788c-42ad-9852-eb5cbee3e7a8: start 38feb0ec-788c-42ad-9852-eb5cbee3e7a8@group-1E5E024634D1-FollowerState
2022-04-26 01:55:13,081 [38feb0ec-788c-42ad-9852-eb5cbee3e7a8@group-1E5E024634D1-FollowerState] INFO  impl.FollowerState (FollowerState.java:run(143)) - 38feb0ec-788c-42ad-9852-eb5cbee3e7a8@group-1E5E024634D1-FollowerState was interrupted: {}
java.lang.InterruptedException: sleep interrupted
	at java.lang.Thread.sleep(Native Method)
	at java.lang.Thread.sleep(Thread.java:342)
	at java.util.concurrent.TimeUnit.sleep(TimeUnit.java:386)
	at org.apache.ratis.util.TimeDuration.sleep(TimeDuration.java:324)
	at org.apache.ratis.util.TimeDuration.sleep(TimeDuration.java:309)
	at org.apache.ratis.server.impl.FollowerState.run(FollowerState.java:118)
2022-04-26 01:55:13,087 [grpc-default-executor-0] INFO  server.RaftServer$Division (RaftServerImpl.java:requestVote(1078)) - 38feb0ec-788c-42ad-9852-eb5cbee3e7a8@group-1E5E024634D1 replies to ELECTION vote request: 2bf912ba-2a06-41a3-b1d6-bf04ad40fbe7<-38feb0ec-788c-42ad-9852-eb5cbee3e7a8#0:OK-t3. Peer's state: 38feb0ec-788c-42ad-9852-eb5cbee3e7a8@group-1E5E024634D1:t3, leader=null, voted=2bf912ba-2a06-41a3-b1d6-bf04ad40fbe7, raftlog=38feb0ec-788c-42ad-9852-eb5cbee3e7a8@group-1E5E024634D1-SegmentedRaftLog:OPENED:c-1, conf=-1: [38feb0ec-788c-42ad-9852-eb5cbee3e7a8|rpc:10.1.0.42:43781|priority:0, a49f3fd7-aca1-41c1-ad3c-01adfe75912a|rpc:10.1.0.42:39407|priority:1, 2bf912ba-2a06-41a3-b1d6-bf04ad40fbe7|rpc:10.1.0.42:36263|priority:0], old=null
2022-04-26 01:55:13,133 [a49f3fd7-aca1-41c1-ad3c-01adfe75912a@group-1E5E024634D1-FollowerState] INFO  impl.FollowerState (FollowerState.java:run(134)) - a49f3fd7-aca1-41c1-ad3c-01adfe75912a@group-1E5E024634D1-FollowerState: change to CANDIDATE, lastRpcElapsedTime:5219630874ns, electionTimeout:5173ms
2022-04-26 01:55:13,133 [a49f3fd7-aca1-41c1-ad3c-01adfe75912a@group-1E5E024634D1-FollowerState] INFO  impl.RoleInfo (RoleInfo.java:shutdownFollowerState(108)) - a49f3fd7-aca1-41c1-ad3c-01adfe75912a: shutdown a49f3fd7-aca1-41c1-ad3c-01adfe75912a@group-1E5E024634D1-FollowerState
2022-04-26 01:55:13,133 [a49f3fd7-aca1-41c1-ad3c-01adfe75912a@group-1E5E024634D1-FollowerState] INFO  server.RaftServer$Division (RaftServerImpl.java:setRole(290)) - a49f3fd7-aca1-41c1-ad3c-01adfe75912a@group-1E5E024634D1: changes role from  FOLLOWER to CANDIDATE at term 2 for changeToCandidate
2022-04-26 01:55:13,133 [a49f3fd7-aca1-41c1-ad3c-01adfe75912a@group-1E5E024634D1-FollowerState] INFO  server.RaftServerConfigKeys (ConfUtils.java:logGet(44)) - raft.server.leaderelection.pre-vote = false (custom)
2022-04-26 01:55:13,133 [a49f3fd7-aca1-41c1-ad3c-01adfe75912a@group-1E5E024634D1-FollowerState] INFO  impl.RoleInfo (RoleInfo.java:updateAndGet(130)) - a49f3fd7-aca1-41c1-ad3c-01adfe75912a: start a49f3fd7-aca1-41c1-ad3c-01adfe75912a@group-1E5E024634D1-LeaderElection59
2022-04-26 01:55:13,146 [a49f3fd7-aca1-41c1-ad3c-01adfe75912a@group-1E5E024634D1-LeaderElection59] INFO  impl.LeaderElection (LeaderElection.java:askForVotes(306)) - a49f3fd7-aca1-41c1-ad3c-01adfe75912a@group-1E5E024634D1-LeaderElection59 ELECTION round 0: submit vote requests at term 3 for -1: [38feb0ec-788c-42ad-9852-eb5cbee3e7a8|rpc:10.1.0.42:43781|dataStream:|priority:0, a49f3fd7-aca1-41c1-ad3c-01adfe75912a|rpc:10.1.0.42:39407|dataStream:|priority:1, 2bf912ba-2a06-41a3-b1d6-bf04ad40fbe7|rpc:10.1.0.42:36263|dataStream:|priority:0], old=null
2022-04-26 01:55:13,157 [grpc-default-executor-0] INFO  server.RaftServer$Division (RaftServerImpl.java:requestVote(1046)) - 38feb0ec-788c-42ad-9852-eb5cbee3e7a8@group-1E5E024634D1: receive requestVote(ELECTION, a49f3fd7-aca1-41c1-ad3c-01adfe75912a, group-1E5E024634D1, 3, (t:0, i:0))
2022-04-26 01:55:13,157 [grpc-default-executor-0] INFO  impl.VoteContext (VoteContext.java:log(48)) - 38feb0ec-788c-42ad-9852-eb5cbee3e7a8@group-1E5E024634D1-FOLLOWER: reject ELECTION from a49f3fd7-aca1-41c1-ad3c-01adfe75912a: already has voted for 2bf912ba-2a06-41a3-b1d6-bf04ad40fbe7 at current term 3
2022-04-26 01:55:13,157 [grpc-default-executor-0] INFO  server.RaftServer$Division (RaftServerImpl.java:requestVote(1078)) - 38feb0ec-788c-42ad-9852-eb5cbee3e7a8@group-1E5E024634D1 replies to ELECTION vote request: a49f3fd7-aca1-41c1-ad3c-01adfe75912a<-38feb0ec-788c-42ad-9852-eb5cbee3e7a8#0:FAIL-t3. Peer's state: 38feb0ec-788c-42ad-9852-eb5cbee3e7a8@group-1E5E024634D1:t3, leader=null, voted=2bf912ba-2a06-41a3-b1d6-bf04ad40fbe7, raftlog=38feb0ec-788c-42ad-9852-eb5cbee3e7a8@group-1E5E024634D1-SegmentedRaftLog:OPENED:c-1, conf=-1: [38feb0ec-788c-42ad-9852-eb5cbee3e7a8|rpc:10.1.0.42:43781|priority:0, a49f3fd7-aca1-41c1-ad3c-01adfe75912a|rpc:10.1.0.42:39407|priority:1, 2bf912ba-2a06-41a3-b1d6-bf04ad40fbe7|rpc:10.1.0.42:36263|priority:0], old=null
2022-04-26 01:55:13,194 [grpc-default-executor-2] INFO  server.RaftServer$Division (RaftServerImpl.java:requestVote(1046)) - a49f3fd7-aca1-41c1-ad3c-01adfe75912a@group-1E5E024634D1: receive requestVote(ELECTION, 2bf912ba-2a06-41a3-b1d6-bf04ad40fbe7, group-1E5E024634D1, 3, (t:0, i:0))
2022-04-26 01:55:13,194 [grpc-default-executor-2] INFO  impl.VoteContext (VoteContext.java:log(48)) - a49f3fd7-aca1-41c1-ad3c-01adfe75912a@group-1E5E024634D1-CANDIDATE: reject ELECTION from 2bf912ba-2a06-41a3-b1d6-bf04ad40fbe7: already has voted for a49f3fd7-aca1-41c1-ad3c-01adfe75912a at current term 3
2022-04-26 01:55:13,195 [grpc-default-executor-2] INFO  server.RaftServer$Division (RaftServerImpl.java:requestVote(1078)) - a49f3fd7-aca1-41c1-ad3c-01adfe75912a@group-1E5E024634D1 replies to ELECTION vote request: 2bf912ba-2a06-41a3-b1d6-bf04ad40fbe7<-a49f3fd7-aca1-41c1-ad3c-01adfe75912a#0:FAIL-t3. Peer's state: a49f3fd7-aca1-41c1-ad3c-01adfe75912a@group-1E5E024634D1:t3, leader=null, voted=a49f3fd7-aca1-41c1-ad3c-01adfe75912a, raftlog=a49f3fd7-aca1-41c1-ad3c-01adfe75912a@group-1E5E024634D1-SegmentedRaftLog:OPENED:c-1, conf=-1: [38feb0ec-788c-42ad-9852-eb5cbee3e7a8|rpc:10.1.0.42:43781|dataStream:|priority:0, a49f3fd7-aca1-41c1-ad3c-01adfe75912a|rpc:10.1.0.42:39407|dataStream:|priority:1, 2bf912ba-2a06-41a3-b1d6-bf04ad40fbe7|rpc:10.1.0.42:36263|dataStream:|priority:0], old=null
2022-04-26 01:55:13,196 [grpc-default-executor-2] INFO  server.RaftServer$Division (RaftServerImpl.java:requestVote(1046)) - 2bf912ba-2a06-41a3-b1d6-bf04ad40fbe7@group-1E5E024634D1: receive requestVote(ELECTION, a49f3fd7-aca1-41c1-ad3c-01adfe75912a, group-1E5E024634D1, 3, (t:0, i:0))
2022-04-26 01:55:13,196 [grpc-default-executor-2] INFO  impl.VoteContext (VoteContext.java:log(48)) - 2bf912ba-2a06-41a3-b1d6-bf04ad40fbe7@group-1E5E024634D1-CANDIDATE: reject ELECTION from a49f3fd7-aca1-41c1-ad3c-01adfe75912a: already has voted for 2bf912ba-2a06-41a3-b1d6-bf04ad40fbe7 at current term 3
2022-04-26 01:55:13,196 [grpc-default-executor-2] INFO  server.RaftServer$Division (RaftServerImpl.java:requestVote(1078)) - 2bf912ba-2a06-41a3-b1d6-bf04ad40fbe7@group-1E5E024634D1 replies to ELECTION vote request: a49f3fd7-aca1-41c1-ad3c-01adfe75912a<-2bf912ba-2a06-41a3-b1d6-bf04ad40fbe7#0:FAIL-t3. Peer's state: 2bf912ba-2a06-41a3-b1d6-bf04ad40fbe7@group-1E5E024634D1:t3, leader=null, voted=2bf912ba-2a06-41a3-b1d6-bf04ad40fbe7, raftlog=2bf912ba-2a06-41a3-b1d6-bf04ad40fbe7@group-1E5E024634D1-SegmentedRaftLog:OPENED:c-1, conf=-1: [38feb0ec-788c-42ad-9852-eb5cbee3e7a8|rpc:10.1.0.42:43781|priority:0, a49f3fd7-aca1-41c1-ad3c-01adfe75912a|rpc:10.1.0.42:39407|priority:1, 2bf912ba-2a06-41a3-b1d6-bf04ad40fbe7|rpc:10.1.0.42:36263|priority:0], old=null
2022-04-26 01:55:13,238 [2bf912ba-2a06-41a3-b1d6-bf04ad40fbe7@group-1E5E024634D1-LeaderElection58] INFO  impl.LeaderElection (LeaderElection.java:logAndReturn(89)) - 2bf912ba-2a06-41a3-b1d6-bf04ad40fbe7@group-1E5E024634D1-LeaderElection58: ELECTION REJECTED received 2 response(s) and 0 exception(s):
2022-04-26 01:55:13,238 [2bf912ba-2a06-41a3-b1d6-bf04ad40fbe7@group-1E5E024634D1-LeaderElection58] INFO  impl.LeaderElection (LeaderElection.java:logAndReturn(93)) -   Response 0: 2bf912ba-2a06-41a3-b1d6-bf04ad40fbe7<-38feb0ec-788c-42ad-9852-eb5cbee3e7a8#0:OK-t3
2022-04-26 01:55:13,238 [2bf912ba-2a06-41a3-b1d6-bf04ad40fbe7@group-1E5E024634D1-LeaderElection58] INFO  impl.LeaderElection (LeaderElection.java:logAndReturn(93)) -   Response 1: 2bf912ba-2a06-41a3-b1d6-bf04ad40fbe7<-a49f3fd7-aca1-41c1-ad3c-01adfe75912a#0:FAIL-t3
2022-04-26 01:55:13,238 [2bf912ba-2a06-41a3-b1d6-bf04ad40fbe7@group-1E5E024634D1-LeaderElection58] INFO  impl.LeaderElection (LeaderElection.java:askForVotes(308)) - 2bf912ba-2a06-41a3-b1d6-bf04ad40fbe7@group-1E5E024634D1-LeaderElection58 ELECTION round 0: result REJECTED
2022-04-26 01:55:13,238 [2bf912ba-2a06-41a3-b1d6-bf04ad40fbe7@group-1E5E024634D1-LeaderElection58] INFO  server.RaftServer$Division (RaftServerImpl.java:setRole(290)) - 2bf912ba-2a06-41a3-b1d6-bf04ad40fbe7@group-1E5E024634D1: changes role from CANDIDATE to FOLLOWER at term 3 for REJECTED
2022-04-26 01:55:13,238 [2bf912ba-2a06-41a3-b1d6-bf04ad40fbe7@group-1E5E024634D1-LeaderElection58] INFO  impl.RoleInfo (RoleInfo.java:shutdownLeaderElection(121)) - 2bf912ba-2a06-41a3-b1d6-bf04ad40fbe7: shutdown 2bf912ba-2a06-41a3-b1d6-bf04ad40fbe7@group-1E5E024634D1-LeaderElection58
2022-04-26 01:55:13,238 [2bf912ba-2a06-41a3-b1d6-bf04ad40fbe7@group-1E5E024634D1-LeaderElection58] INFO  impl.RoleInfo (RoleInfo.java:updateAndGet(130)) - 2bf912ba-2a06-41a3-b1d6-bf04ad40fbe7: start 2bf912ba-2a06-41a3-b1d6-bf04ad40fbe7@group-1E5E024634D1-FollowerState
2022-04-26 01:55:13,241 [a49f3fd7-aca1-41c1-ad3c-01adfe75912a@group-1E5E024634D1-LeaderElection59] INFO  impl.LeaderElection (LeaderElection.java:logAndReturn(89)) - a49f3fd7-aca1-41c1-ad3c-01adfe75912a@group-1E5E024634D1-LeaderElection59: ELECTION REJECTED received 2 response(s) and 0 exception(s):
2022-04-26 01:55:13,241 [a49f3fd7-aca1-41c1-ad3c-01adfe75912a@group-1E5E024634D1-LeaderElection59] INFO  impl.LeaderElection (LeaderElection.java:logAndReturn(93)) -   Response 0: a49f3fd7-aca1-41c1-ad3c-01adfe75912a<-38feb0ec-788c-42ad-9852-eb5cbee3e7a8#0:FAIL-t3
2022-04-26 01:55:13,241 [a49f3fd7-aca1-41c1-ad3c-01adfe75912a@group-1E5E024634D1-LeaderElection59] INFO  impl.LeaderElection (LeaderElection.java:logAndReturn(93)) -   Response 1: a49f3fd7-aca1-41c1-ad3c-01adfe75912a<-2bf912ba-2a06-41a3-b1d6-bf04ad40fbe7#0:FAIL-t3
2022-04-26 01:55:13,246 [a49f3fd7-aca1-41c1-ad3c-01adfe75912a@group-1E5E024634D1-LeaderElection59] INFO  impl.LeaderElection (LeaderElection.java:askForVotes(308)) - a49f3fd7-aca1-41c1-ad3c-01adfe75912a@group-1E5E024634D1-LeaderElection59 ELECTION round 0: result REJECTED
2022-04-26 01:55:13,246 [a49f3fd7-aca1-41c1-ad3c-01adfe75912a@group-1E5E024634D1-LeaderElection59] INFO  server.RaftServer$Division (RaftServerImpl.java:setRole(290)) - a49f3fd7-aca1-41c1-ad3c-01adfe75912a@group-1E5E024634D1: changes role from CANDIDATE to FOLLOWER at term 3 for REJECTED
2022-04-26 01:55:13,294 [a49f3fd7-aca1-41c1-ad3c-01adfe75912a@group-1E5E024634D1-LeaderElection59] INFO  impl.RoleInfo (RoleInfo.java:shutdownLeaderElection(121)) - a49f3fd7-aca1-41c1-ad3c-01adfe75912a: shutdown a49f3fd7-aca1-41c1-ad3c-01adfe75912a@group-1E5E024634D1-LeaderElection59
2022-04-26 01:55:13,294 [a49f3fd7-aca1-41c1-ad3c-01adfe75912a@group-1E5E024634D1-LeaderElection59] INFO  impl.RoleInfo (RoleInfo.java:updateAndGet(130)) - a49f3fd7-aca1-41c1-ad3c-01adfe75912a: start a49f3fd7-aca1-41c1-ad3c-01adfe75912a@group-1E5E024634D1-FollowerState
2022-04-26 01:55:18,175 [38feb0ec-788c-42ad-9852-eb5cbee3e7a8@group-1E5E024634D1-FollowerState] INFO  impl.FollowerState (FollowerState.java:run(134)) - 38feb0ec-788c-42ad-9852-eb5cbee3e7a8@group-1E5E024634D1-FollowerState: change to CANDIDATE, lastRpcElapsedTime:5087805459ns, electionTimeout:5066ms
2022-04-26 01:55:18,175 [38feb0ec-788c-42ad-9852-eb5cbee3e7a8@group-1E5E024634D1-FollowerState] INFO  impl.RoleInfo (RoleInfo.java:shutdownFollowerState(108)) - 38feb0ec-788c-42ad-9852-eb5cbee3e7a8: shutdown 38feb0ec-788c-42ad-9852-eb5cbee3e7a8@group-1E5E024634D1-FollowerState
2022-04-26 01:55:18,175 [38feb0ec-788c-42ad-9852-eb5cbee3e7a8@group-1E5E024634D1-FollowerState] INFO  server.RaftServer$Division (RaftServerImpl.java:setRole(290)) - 38feb0ec-788c-42ad-9852-eb5cbee3e7a8@group-1E5E024634D1: changes role from  FOLLOWER to CANDIDATE at term 3 for changeToCandidate
2022-04-26 01:55:18,175 [38feb0ec-788c-42ad-9852-eb5cbee3e7a8@group-1E5E024634D1-FollowerState] INFO  server.RaftServerConfigKeys (ConfUtils.java:logGet(44)) - raft.server.leaderelection.pre-vote = false (custom)
2022-04-26 01:55:18,175 [38feb0ec-788c-42ad-9852-eb5cbee3e7a8@group-1E5E024634D1-FollowerState] INFO  impl.RoleInfo (RoleInfo.java:updateAndGet(130)) - 38feb0ec-788c-42ad-9852-eb5cbee3e7a8: start 38feb0ec-788c-42ad-9852-eb5cbee3e7a8@group-1E5E024634D1-LeaderElection60
2022-04-26 01:55:18,198 [38feb0ec-788c-42ad-9852-eb5cbee3e7a8@group-1E5E024634D1-LeaderElection60] INFO  impl.LeaderElection (LeaderElection.java:askForVotes(306)) - 38feb0ec-788c-42ad-9852-eb5cbee3e7a8@group-1E5E024634D1-LeaderElection60 ELECTION round 0: submit vote requests at term 4 for -1: [38feb0ec-788c-42ad-9852-eb5cbee3e7a8|rpc:10.1.0.42:43781|priority:0, a49f3fd7-aca1-41c1-ad3c-01adfe75912a|rpc:10.1.0.42:39407|priority:1, 2bf912ba-2a06-41a3-b1d6-bf04ad40fbe7|rpc:10.1.0.42:36263|priority:0], old=null
2022-04-26 01:55:18,206 [grpc-default-executor-2] INFO  server.RaftServer$Division (RaftServerImpl.java:requestVote(1046)) - a49f3fd7-aca1-41c1-ad3c-01adfe75912a@group-1E5E024634D1: receive requestVote(ELECTION, 38feb0ec-788c-42ad-9852-eb5cbee3e7a8, group-1E5E024634D1, 4, (t:0, i:0))
2022-04-26 01:55:18,206 [grpc-default-executor-2] INFO  impl.VoteContext (VoteContext.java:log(48)) - a49f3fd7-aca1-41c1-ad3c-01adfe75912a@group-1E5E024634D1-FOLLOWER: reject ELECTION from 38feb0ec-788c-42ad-9852-eb5cbee3e7a8: our priority 1 > candidate's priority 0
2022-04-26 01:55:18,207 [grpc-default-executor-2] INFO  server.RaftServer$Division (RaftServerImpl.java:setRole(290)) - a49f3fd7-aca1-41c1-ad3c-01adfe75912a@group-1E5E024634D1: changes role from  FOLLOWER to FOLLOWER at term 4 for candidate:38feb0ec-788c-42ad-9852-eb5cbee3e7a8
2022-04-26 01:55:18,207 [grpc-default-executor-2] INFO  impl.RoleInfo (RoleInfo.java:shutdownFollowerState(108)) - a49f3fd7-aca1-41c1-ad3c-01adfe75912a: shutdown a49f3fd7-aca1-41c1-ad3c-01adfe75912a@group-1E5E024634D1-FollowerState
2022-04-26 01:55:18,207 [grpc-default-executor-2] INFO  impl.RoleInfo (RoleInfo.java:updateAndGet(130)) - a49f3fd7-aca1-41c1-ad3c-01adfe75912a: start a49f3fd7-aca1-41c1-ad3c-01adfe75912a@group-1E5E024634D1-FollowerState
2022-04-26 01:55:18,207 [a49f3fd7-aca1-41c1-ad3c-01adfe75912a@group-1E5E024634D1-FollowerState] INFO  impl.FollowerState (FollowerState.java:run(143)) - a49f3fd7-aca1-41c1-ad3c-01adfe75912a@group-1E5E024634D1-FollowerState was interrupted: {}
java.lang.InterruptedException: sleep interrupted
	at java.lang.Thread.sleep(Native Method)
	at java.lang.Thread.sleep(Thread.java:342)
	at java.util.concurrent.TimeUnit.sleep(TimeUnit.java:386)
	at org.apache.ratis.util.TimeDuration.sleep(TimeDuration.java:324)
	at org.apache.ratis.util.TimeDuration.sleep(TimeDuration.java:309)
	at org.apache.ratis.server.impl.FollowerState.run(FollowerState.java:118)
2022-04-26 01:55:18,213 [grpc-default-executor-2] INFO  server.RaftServer$Division (RaftServerImpl.java:requestVote(1078)) - a49f3fd7-aca1-41c1-ad3c-01adfe75912a@group-1E5E024634D1 replies to ELECTION vote request: 38feb0ec-788c-42ad-9852-eb5cbee3e7a8<-a49f3fd7-aca1-41c1-ad3c-01adfe75912a#0:FAIL-t4. Peer's state: a49f3fd7-aca1-41c1-ad3c-01adfe75912a@group-1E5E024634D1:t4, leader=null, voted=null, raftlog=a49f3fd7-aca1-41c1-ad3c-01adfe75912a@group-1E5E024634D1-SegmentedRaftLog:OPENED:c-1, conf=-1: [38feb0ec-788c-42ad-9852-eb5cbee3e7a8|rpc:10.1.0.42:43781|dataStream:|priority:0, a49f3fd7-aca1-41c1-ad3c-01adfe75912a|rpc:10.1.0.42:39407|dataStream:|priority:1, 2bf912ba-2a06-41a3-b1d6-bf04ad40fbe7|rpc:10.1.0.42:36263|dataStream:|priority:0], old=null
2022-04-26 01:55:18,214 [38feb0ec-788c-42ad-9852-eb5cbee3e7a8@group-1E5E024634D1-LeaderElection60] INFO  impl.LeaderElection (LeaderElection.java:logAndReturn(89)) - 38feb0ec-788c-42ad-9852-eb5cbee3e7a8@group-1E5E024634D1-LeaderElection60: ELECTION REJECTED received 1 response(s) and 0 exception(s):
2022-04-26 01:55:18,214 [38feb0ec-788c-42ad-9852-eb5cbee3e7a8@group-1E5E024634D1-LeaderElection60] INFO  impl.LeaderElection (LeaderElection.java:logAndReturn(93)) -   Response 0: 38feb0ec-788c-42ad-9852-eb5cbee3e7a8<-a49f3fd7-aca1-41c1-ad3c-01adfe75912a#0:FAIL-t4
2022-04-26 01:55:18,214 [38feb0ec-788c-42ad-9852-eb5cbee3e7a8@group-1E5E024634D1-LeaderElection60] INFO  impl.LeaderElection (LeaderElection.java:askForVotes(308)) - 38feb0ec-788c-42ad-9852-eb5cbee3e7a8@group-1E5E024634D1-LeaderElection60 ELECTION round 0: result REJECTED
2022-04-26 01:55:18,214 [38feb0ec-788c-42ad-9852-eb5cbee3e7a8@group-1E5E024634D1-LeaderElection60] INFO  server.RaftServer$Division (RaftServerImpl.java:setRole(290)) - 38feb0ec-788c-42ad-9852-eb5cbee3e7a8@group-1E5E024634D1: changes role from CANDIDATE to FOLLOWER at term 4 for REJECTED
2022-04-26 01:55:18,214 [38feb0ec-788c-42ad-9852-eb5cbee3e7a8@group-1E5E024634D1-LeaderElection60] INFO  impl.RoleInfo (RoleInfo.java:shutdownLeaderElection(121)) - 38feb0ec-788c-42ad-9852-eb5cbee3e7a8: shutdown 38feb0ec-788c-42ad-9852-eb5cbee3e7a8@group-1E5E024634D1-LeaderElection60
2022-04-26 01:55:18,214 [38feb0ec-788c-42ad-9852-eb5cbee3e7a8@group-1E5E024634D1-LeaderElection60] INFO  impl.RoleInfo (RoleInfo.java:updateAndGet(130)) - 38feb0ec-788c-42ad-9852-eb5cbee3e7a8: start 38feb0ec-788c-42ad-9852-eb5cbee3e7a8@group-1E5E024634D1-FollowerState
2022-04-26 01:55:18,289 [grpc-default-executor-2] INFO  server.RaftServer$Division (RaftServerImpl.java:requestVote(1046)) - 2bf912ba-2a06-41a3-b1d6-bf04ad40fbe7@group-1E5E024634D1: receive requestVote(ELECTION, 38feb0ec-788c-42ad-9852-eb5cbee3e7a8, group-1E5E024634D1, 4, (t:0, i:0))
2022-04-26 01:55:18,289 [grpc-default-executor-2] INFO  impl.VoteContext (VoteContext.java:log(48)) - 2bf912ba-2a06-41a3-b1d6-bf04ad40fbe7@group-1E5E024634D1-FOLLOWER: accept ELECTION from 38feb0ec-788c-42ad-9852-eb5cbee3e7a8: our priority 0 <= candidate's priority 0
2022-04-26 01:55:18,289 [grpc-default-executor-2] INFO  server.RaftServer$Division (RaftServerImpl.java:setRole(290)) - 2bf912ba-2a06-41a3-b1d6-bf04ad40fbe7@group-1E5E024634D1: changes role from  FOLLOWER to FOLLOWER at term 4 for candidate:38feb0ec-788c-42ad-9852-eb5cbee3e7a8
2022-04-26 01:55:18,289 [grpc-default-executor-2] INFO  impl.RoleInfo (RoleInfo.java:shutdownFollowerState(108)) - 2bf912ba-2a06-41a3-b1d6-bf04ad40fbe7: shutdown 2bf912ba-2a06-41a3-b1d6-bf04ad40fbe7@group-1E5E024634D1-FollowerState
2022-04-26 01:55:18,290 [grpc-default-executor-2] INFO  impl.RoleInfo (RoleInfo.java:updateAndGet(130)) - 2bf912ba-2a06-41a3-b1d6-bf04ad40fbe7: start 2bf912ba-2a06-41a3-b1d6-bf04ad40fbe7@group-1E5E024634D1-FollowerState
2022-04-26 01:55:18,297 [2bf912ba-2a06-41a3-b1d6-bf04ad40fbe7@group-1E5E024634D1-FollowerState] INFO  impl.FollowerState (FollowerState.java:run(143)) - 2bf912ba-2a06-41a3-b1d6-bf04ad40fbe7@group-1E5E024634D1-FollowerState was interrupted: {}
java.lang.InterruptedException: sleep interrupted
	at java.lang.Thread.sleep(Native Method)
	at java.lang.Thread.sleep(Thread.java:342)
	at java.util.concurrent.TimeUnit.sleep(TimeUnit.java:386)
	at org.apache.ratis.util.TimeDuration.sleep(TimeDuration.java:324)
	at org.apache.ratis.util.TimeDuration.sleep(TimeDuration.java:309)
	at org.apache.ratis.server.impl.FollowerState.run(FollowerState.java:118)
2022-04-26 01:55:18,352 [grpc-default-executor-2] INFO  server.RaftServer$Division (RaftServerImpl.java:requestVote(1078)) - 2bf912ba-2a06-41a3-b1d6-bf04ad40fbe7@group-1E5E024634D1 replies to ELECTION vote request: 38feb0ec-788c-42ad-9852-eb5cbee3e7a8<-2bf912ba-2a06-41a3-b1d6-bf04ad40fbe7#0:OK-t4. Peer's state: 2bf912ba-2a06-41a3-b1d6-bf04ad40fbe7@group-1E5E024634D1:t4, leader=null, voted=38feb0ec-788c-42ad-9852-eb5cbee3e7a8, raftlog=2bf912ba-2a06-41a3-b1d6-bf04ad40fbe7@group-1E5E024634D1-SegmentedRaftLog:OPENED:c-1, conf=-1: [38feb0ec-788c-42ad-9852-eb5cbee3e7a8|rpc:10.1.0.42:43781|priority:0, a49f3fd7-aca1-41c1-ad3c-01adfe75912a|rpc:10.1.0.42:39407|priority:1, 2bf912ba-2a06-41a3-b1d6-bf04ad40fbe7|rpc:10.1.0.42:36263|priority:0], old=null
]]></system-out>
  </testcase>
  <testcase name="testCreateKeyShouldUseRefreshedBucketReplicationConfig" classname="TestOzoneFileSystem" time="0.314">
    <system-out><![CDATA[2022-04-26 01:51:55,633 [Time-limited test] INFO  rpc.RpcClient (RpcClient.java:createVolume(448)) - Creating Volume: volume49595, with user51244 as owner and space quota set to -1 bytes, counts quota set to -1
2022-04-26 01:51:55,638 [OM StateMachine ApplyTransaction Thread - 0] INFO  volume.OMVolumeCreateRequest (OMVolumeCreateRequest.java:validateAndUpdateCache(195)) - created volume:volume49595 for user:user51244
2022-04-26 01:51:55,645 [Time-limited test] INFO  rpc.RpcClient (RpcClient.java:createBucket(637)) - Creating Bucket: volume49595/bucket98083, with runner as owner and Versioning false and Storage Type set to DISK and Encryption set to false 
2022-04-26 01:51:55,648 [OM StateMachine ApplyTransaction Thread - 0] INFO  bucket.OMBucketCreateRequest (OMBucketCreateRequest.java:validateAndUpdateCache(258)) - created bucket: bucket98083 of layout LEGACY in volume: volume49595
2022-04-26 01:51:55,725 [IPC Server handler 2 on default port 44593] INFO  pipeline.PipelineStateManagerImpl (PipelineStateManagerImpl.java:addPipeline(101)) - Created pipeline Pipeline[ Id: cf4e6d51-7d86-4a4c-a05d-78d62c7645b2, Nodes: b224c1cc-f2f1-4e28-bfd3-9ebcae4e38f6{ip: 10.1.0.42, host: fv-az50-870.grzltbmokehuzjyc5b133kdqgh.cx.internal.cloudapp.net, ports: [REPLICATION=46725, RATIS=33753, RATIS_ADMIN=33753, RATIS_SERVER=33753, STANDALONE=33237], networkLocation: /default-rack, certSerialId: null, persistedOpState: null, persistedOpStateExpiryEpochSec: 0}9ce53556-8a7e-44f7-a467-494b489fc56c{ip: 10.1.0.42, host: fv-az50-870.grzltbmokehuzjyc5b133kdqgh.cx.internal.cloudapp.net, ports: [REPLICATION=40087, RATIS=45729, RATIS_ADMIN=45729, RATIS_SERVER=45729, STANDALONE=46823], networkLocation: /default-rack, certSerialId: null, persistedOpState: null, persistedOpStateExpiryEpochSec: 0}e85881fc-38b9-422c-97f9-58a2dbde84eb{ip: 10.1.0.42, host: fv-az50-870.grzltbmokehuzjyc5b133kdqgh.cx.internal.cloudapp.net, ports: [REPLICATION=36317, RATIS=46161, RATIS_ADMIN=46161, RATIS_SERVER=46161, STANDALONE=41533], networkLocation: /default-rack, certSerialId: null, persistedOpState: null, persistedOpStateExpiryEpochSec: 0}0ef21c9d-d35f-446f-9851-8d806d67bbee{ip: 10.1.0.42, host: fv-az50-870.grzltbmokehuzjyc5b133kdqgh.cx.internal.cloudapp.net, ports: [REPLICATION=45041, RATIS=45405, RATIS_ADMIN=45405, RATIS_SERVER=45405, STANDALONE=36865], networkLocation: /default-rack, certSerialId: null, persistedOpState: null, persistedOpStateExpiryEpochSec: 0}c51dce87-425e-48a2-9f44-d785deaab87e{ip: 10.1.0.42, host: fv-az50-870.grzltbmokehuzjyc5b133kdqgh.cx.internal.cloudapp.net, ports: [REPLICATION=46153, RATIS=40827, RATIS_ADMIN=40827, RATIS_SERVER=40827, STANDALONE=43803], networkLocation: /default-rack, certSerialId: null, persistedOpState: null, persistedOpStateExpiryEpochSec: 0}, ReplicationConfig: EC/ECReplicationConfig{data=3, parity=2, ecChunkSize=1048576, codec=rs}, State:ALLOCATED, leaderId:, CreationTimestamp2022-04-26T01:51:55.724Z[Etc/UTC]].
2022-04-26 01:51:55,725 [IPC Server handler 2 on default port 44593] INFO  pipeline.PipelineManagerImpl (PipelineManagerImpl.java:openPipeline(321)) - Pipeline Pipeline[ Id: cf4e6d51-7d86-4a4c-a05d-78d62c7645b2, Nodes: b224c1cc-f2f1-4e28-bfd3-9ebcae4e38f6{ip: 10.1.0.42, host: fv-az50-870.grzltbmokehuzjyc5b133kdqgh.cx.internal.cloudapp.net, ports: [REPLICATION=46725, RATIS=33753, RATIS_ADMIN=33753, RATIS_SERVER=33753, STANDALONE=33237], networkLocation: /default-rack, certSerialId: null, persistedOpState: null, persistedOpStateExpiryEpochSec: 0}9ce53556-8a7e-44f7-a467-494b489fc56c{ip: 10.1.0.42, host: fv-az50-870.grzltbmokehuzjyc5b133kdqgh.cx.internal.cloudapp.net, ports: [REPLICATION=40087, RATIS=45729, RATIS_ADMIN=45729, RATIS_SERVER=45729, STANDALONE=46823], networkLocation: /default-rack, certSerialId: null, persistedOpState: null, persistedOpStateExpiryEpochSec: 0}e85881fc-38b9-422c-97f9-58a2dbde84eb{ip: 10.1.0.42, host: fv-az50-870.grzltbmokehuzjyc5b133kdqgh.cx.internal.cloudapp.net, ports: [REPLICATION=36317, RATIS=46161, RATIS_ADMIN=46161, RATIS_SERVER=46161, STANDALONE=41533], networkLocation: /default-rack, certSerialId: null, persistedOpState: null, persistedOpStateExpiryEpochSec: 0}0ef21c9d-d35f-446f-9851-8d806d67bbee{ip: 10.1.0.42, host: fv-az50-870.grzltbmokehuzjyc5b133kdqgh.cx.internal.cloudapp.net, ports: [REPLICATION=45041, RATIS=45405, RATIS_ADMIN=45405, RATIS_SERVER=45405, STANDALONE=36865], networkLocation: /default-rack, certSerialId: null, persistedOpState: null, persistedOpStateExpiryEpochSec: 0}c51dce87-425e-48a2-9f44-d785deaab87e{ip: 10.1.0.42, host: fv-az50-870.grzltbmokehuzjyc5b133kdqgh.cx.internal.cloudapp.net, ports: [REPLICATION=46153, RATIS=40827, RATIS_ADMIN=40827, RATIS_SERVER=40827, STANDALONE=43803], networkLocation: /default-rack, certSerialId: null, persistedOpState: null, persistedOpStateExpiryEpochSec: 0}, ReplicationConfig: EC/ECReplicationConfig{data=3, parity=2, ecChunkSize=1048576, codec=rs}, State:ALLOCATED, leaderId:, CreationTimestamp2022-04-26T01:51:55.724Z[Etc/UTC]] moved to OPEN state
2022-04-26 01:51:55,768 [Time-limited test] WARN  erasurecode.ErasureCodeNative (ErasureCodeNative.java:<clinit>(55)) - ISA-L support is not available in your platform... using builtin-java codec where applicable
2022-04-26 01:51:55,870 [IPC Server handler 1 on default port 44593] INFO  pipeline.PipelineStateManagerImpl (PipelineStateManagerImpl.java:addPipeline(101)) - Created pipeline Pipeline[ Id: aebbeaa6-afb6-4880-92f0-620ea9f646ca, Nodes: 9ce53556-8a7e-44f7-a467-494b489fc56c{ip: 10.1.0.42, host: fv-az50-870.grzltbmokehuzjyc5b133kdqgh.cx.internal.cloudapp.net, ports: [REPLICATION=40087, RATIS=45729, RATIS_ADMIN=45729, RATIS_SERVER=45729, STANDALONE=46823], networkLocation: /default-rack, certSerialId: null, persistedOpState: null, persistedOpStateExpiryEpochSec: 0}0ef21c9d-d35f-446f-9851-8d806d67bbee{ip: 10.1.0.42, host: fv-az50-870.grzltbmokehuzjyc5b133kdqgh.cx.internal.cloudapp.net, ports: [REPLICATION=45041, RATIS=45405, RATIS_ADMIN=45405, RATIS_SERVER=45405, STANDALONE=36865], networkLocation: /default-rack, certSerialId: null, persistedOpState: null, persistedOpStateExpiryEpochSec: 0}e85881fc-38b9-422c-97f9-58a2dbde84eb{ip: 10.1.0.42, host: fv-az50-870.grzltbmokehuzjyc5b133kdqgh.cx.internal.cloudapp.net, ports: [REPLICATION=36317, RATIS=46161, RATIS_ADMIN=46161, RATIS_SERVER=46161, STANDALONE=41533], networkLocation: /default-rack, certSerialId: null, persistedOpState: null, persistedOpStateExpiryEpochSec: 0}b224c1cc-f2f1-4e28-bfd3-9ebcae4e38f6{ip: 10.1.0.42, host: fv-az50-870.grzltbmokehuzjyc5b133kdqgh.cx.internal.cloudapp.net, ports: [REPLICATION=46725, RATIS=33753, RATIS_ADMIN=33753, RATIS_SERVER=33753, STANDALONE=33237], networkLocation: /default-rack, certSerialId: null, persistedOpState: null, persistedOpStateExpiryEpochSec: 0}c51dce87-425e-48a2-9f44-d785deaab87e{ip: 10.1.0.42, host: fv-az50-870.grzltbmokehuzjyc5b133kdqgh.cx.internal.cloudapp.net, ports: [REPLICATION=46153, RATIS=40827, RATIS_ADMIN=40827, RATIS_SERVER=40827, STANDALONE=43803], networkLocation: /default-rack, certSerialId: null, persistedOpState: null, persistedOpStateExpiryEpochSec: 0}, ReplicationConfig: EC/ECReplicationConfig{data=3, parity=2, ecChunkSize=1048576, codec=rs}, State:ALLOCATED, leaderId:, CreationTimestamp2022-04-26T01:51:55.869Z[Etc/UTC]].
2022-04-26 01:51:55,871 [IPC Server handler 1 on default port 44593] INFO  pipeline.PipelineManagerImpl (PipelineManagerImpl.java:openPipeline(321)) - Pipeline Pipeline[ Id: aebbeaa6-afb6-4880-92f0-620ea9f646ca, Nodes: 9ce53556-8a7e-44f7-a467-494b489fc56c{ip: 10.1.0.42, host: fv-az50-870.grzltbmokehuzjyc5b133kdqgh.cx.internal.cloudapp.net, ports: [REPLICATION=40087, RATIS=45729, RATIS_ADMIN=45729, RATIS_SERVER=45729, STANDALONE=46823], networkLocation: /default-rack, certSerialId: null, persistedOpState: null, persistedOpStateExpiryEpochSec: 0}0ef21c9d-d35f-446f-9851-8d806d67bbee{ip: 10.1.0.42, host: fv-az50-870.grzltbmokehuzjyc5b133kdqgh.cx.internal.cloudapp.net, ports: [REPLICATION=45041, RATIS=45405, RATIS_ADMIN=45405, RATIS_SERVER=45405, STANDALONE=36865], networkLocation: /default-rack, certSerialId: null, persistedOpState: null, persistedOpStateExpiryEpochSec: 0}e85881fc-38b9-422c-97f9-58a2dbde84eb{ip: 10.1.0.42, host: fv-az50-870.grzltbmokehuzjyc5b133kdqgh.cx.internal.cloudapp.net, ports: [REPLICATION=36317, RATIS=46161, RATIS_ADMIN=46161, RATIS_SERVER=46161, STANDALONE=41533], networkLocation: /default-rack, certSerialId: null, persistedOpState: null, persistedOpStateExpiryEpochSec: 0}b224c1cc-f2f1-4e28-bfd3-9ebcae4e38f6{ip: 10.1.0.42, host: fv-az50-870.grzltbmokehuzjyc5b133kdqgh.cx.internal.cloudapp.net, ports: [REPLICATION=46725, RATIS=33753, RATIS_ADMIN=33753, RATIS_SERVER=33753, STANDALONE=33237], networkLocation: /default-rack, certSerialId: null, persistedOpState: null, persistedOpStateExpiryEpochSec: 0}c51dce87-425e-48a2-9f44-d785deaab87e{ip: 10.1.0.42, host: fv-az50-870.grzltbmokehuzjyc5b133kdqgh.cx.internal.cloudapp.net, ports: [REPLICATION=46153, RATIS=40827, RATIS_ADMIN=40827, RATIS_SERVER=40827, STANDALONE=43803], networkLocation: /default-rack, certSerialId: null, persistedOpState: null, persistedOpStateExpiryEpochSec: 0}, ReplicationConfig: EC/ECReplicationConfig{data=3, parity=2, ecChunkSize=1048576, codec=rs}, State:ALLOCATED, leaderId:, CreationTimestamp2022-04-26T01:51:55.869Z[Etc/UTC]] moved to OPEN state
01:51:55.915 [IPC Server handler 11 on default port 44011] ERROR OMAudit - user=runner | ip=127.0.0.1 | op=GET_FILE_STATUS {volume=volume70938, bucket=bucket97532, key=.Trash, dataSize=0, replicationConfig=null} | ret=FAILURE
org.apache.hadoop.ozone.om.exceptions.OMException: Unable to get file status: volume: volume70938 bucket: bucket97532 key: .Trash
	at org.apache.hadoop.ozone.om.KeyManagerImpl.getOzoneFileStatus(KeyManagerImpl.java:1280) ~[ozone-manager-1.3.0-SNAPSHOT.jar:?]
	at org.apache.hadoop.ozone.om.KeyManagerImpl.getFileStatus(KeyManagerImpl.java:1210) ~[ozone-manager-1.3.0-SNAPSHOT.jar:?]
	at org.apache.hadoop.ozone.om.OzoneManager.getFileStatus(OzoneManager.java:3009) ~[ozone-manager-1.3.0-SNAPSHOT.jar:?]
	at org.apache.hadoop.ozone.protocolPB.OzoneManagerRequestHandler.getOzoneFileStatus(OzoneManagerRequestHandler.java:670) ~[ozone-manager-1.3.0-SNAPSHOT.jar:?]
	at org.apache.hadoop.ozone.protocolPB.OzoneManagerRequestHandler.handleReadRequest(OzoneManagerRequestHandler.java:201) ~[ozone-manager-1.3.0-SNAPSHOT.jar:?]
	at org.apache.hadoop.ozone.protocolPB.OzoneManagerProtocolServerSideTranslatorPB.submitReadRequestToOM(OzoneManagerProtocolServerSideTranslatorPB.java:213) ~[ozone-manager-1.3.0-SNAPSHOT.jar:?]
	at org.apache.hadoop.ozone.protocolPB.OzoneManagerProtocolServerSideTranslatorPB.processRequest(OzoneManagerProtocolServerSideTranslatorPB.java:174) ~[ozone-manager-1.3.0-SNAPSHOT.jar:?]
	at org.apache.hadoop.hdds.server.OzoneProtocolMessageDispatcher.processRequest(OzoneProtocolMessageDispatcher.java:87) [hdds-server-framework-1.3.0-SNAPSHOT.jar:?]
	at org.apache.hadoop.ozone.protocolPB.OzoneManagerProtocolServerSideTranslatorPB.submitRequest(OzoneManagerProtocolServerSideTranslatorPB.java:146) [ozone-manager-1.3.0-SNAPSHOT.jar:?]
	at org.apache.hadoop.ozone.protocol.proto.OzoneManagerProtocolProtos$OzoneManagerService$2.callBlockingMethod(OzoneManagerProtocolProtos.java) [ozone-interface-client-1.3.0-SNAPSHOT.jar:?]
	at org.apache.hadoop.ipc.ProtobufRpcEngine$Server.processCall(ProtobufRpcEngine.java:466) [hadoop-common-3.3.1.jar:?]
	at org.apache.hadoop.ipc.ProtobufRpcEngine2$Server$ProtoBufRpcInvoker.call(ProtobufRpcEngine2.java:574) [hadoop-common-3.3.1.jar:?]
	at org.apache.hadoop.ipc.ProtobufRpcEngine2$Server$ProtoBufRpcInvoker.call(ProtobufRpcEngine2.java:552) [hadoop-common-3.3.1.jar:?]
	at org.apache.hadoop.ipc.RPC$Server.call(RPC.java:1093) [hadoop-common-3.3.1.jar:?]
	at org.apache.hadoop.ipc.Server$RpcCall.run(Server.java:1035) [hadoop-common-3.3.1.jar:?]
	at org.apache.hadoop.ipc.Server$RpcCall.run(Server.java:963) [hadoop-common-3.3.1.jar:?]
	at java.security.AccessController.doPrivileged(Native Method) ~[?:1.8.0_322]
	at javax.security.auth.Subject.doAs(Subject.java:422) [?:1.8.0_322]
	at org.apache.hadoop.security.UserGroupInformation.doAs(UserGroupInformation.java:1878) [hadoop-common-3.3.1.jar:?]
	at org.apache.hadoop.ipc.Server$Handler.run(Server.java:2966) [hadoop-common-3.3.1.jar:?]
2022-04-26 01:51:55,916 [Time-limited test] WARN  ozone.BasicOzoneFileSystem (BasicOzoneFileSystem.java:delete(530)) - delete: Path does not exist: o3fs://bucket97532.volume70938/.Trash
]]></system-out>
  </testcase>
  <testcase name="testCreateKeyShouldUseRefreshedBucketReplicationConfig" classname="TestOzoneFileSystem" time="0.323">
    <system-out><![CDATA[2022-04-26 01:53:01,801 [Time-limited test] INFO  rpc.RpcClient (RpcClient.java:createVolume(448)) - Creating Volume: volume44078, with user03053 as owner and space quota set to -1 bytes, counts quota set to -1
2022-04-26 01:53:01,802 [IPC Server handler 18 on default port 46323] INFO  volume.OMVolumeCreateRequest (OMVolumeCreateRequest.java:validateAndUpdateCache(195)) - created volume:volume44078 for user:user03053
2022-04-26 01:53:01,819 [Time-limited test] INFO  rpc.RpcClient (RpcClient.java:createBucket(637)) - Creating Bucket: volume44078/bucket99243, with runner as owner and Versioning false and Storage Type set to DISK and Encryption set to false 
2022-04-26 01:53:01,825 [IPC Server handler 16 on default port 46323] INFO  bucket.OMBucketCreateRequest (OMBucketCreateRequest.java:validateAndUpdateCache(258)) - created bucket: bucket99243 of layout LEGACY in volume: volume44078
2022-04-26 01:53:01,889 [IPC Server handler 11 on default port 42263] INFO  pipeline.PipelineStateManagerImpl (PipelineStateManagerImpl.java:addPipeline(101)) - Created pipeline Pipeline[ Id: 753617ac-42ba-41bd-832f-4dc670c49122, Nodes: e687a55e-a1fa-40ca-b40d-7e860929e1d7{ip: 10.1.0.42, host: fv-az50-870.grzltbmokehuzjyc5b133kdqgh.cx.internal.cloudapp.net, ports: [REPLICATION=41677, RATIS=39343, RATIS_ADMIN=39343, RATIS_SERVER=39343, STANDALONE=46643], networkLocation: /default-rack, certSerialId: null, persistedOpState: null, persistedOpStateExpiryEpochSec: 0}bb1850ef-697f-4d85-a277-10b40770eb06{ip: 10.1.0.42, host: fv-az50-870.grzltbmokehuzjyc5b133kdqgh.cx.internal.cloudapp.net, ports: [REPLICATION=33273, RATIS=42845, RATIS_ADMIN=42845, RATIS_SERVER=42845, STANDALONE=46449], networkLocation: /default-rack, certSerialId: null, persistedOpState: null, persistedOpStateExpiryEpochSec: 0}aa794ff7-e78a-42e1-b114-2e34ec5a968d{ip: 10.1.0.42, host: fv-az50-870.grzltbmokehuzjyc5b133kdqgh.cx.internal.cloudapp.net, ports: [REPLICATION=41163, RATIS=38125, RATIS_ADMIN=38125, RATIS_SERVER=38125, STANDALONE=37029], networkLocation: /default-rack, certSerialId: null, persistedOpState: null, persistedOpStateExpiryEpochSec: 0}1861c462-4d2a-43a5-96af-87853490527e{ip: 10.1.0.42, host: fv-az50-870.grzltbmokehuzjyc5b133kdqgh.cx.internal.cloudapp.net, ports: [REPLICATION=35485, RATIS=42337, RATIS_ADMIN=42337, RATIS_SERVER=42337, STANDALONE=40561], networkLocation: /default-rack, certSerialId: null, persistedOpState: null, persistedOpStateExpiryEpochSec: 0}34d2ba22-a7fd-4f79-9d8a-4dadf85377fe{ip: 10.1.0.42, host: fv-az50-870.grzltbmokehuzjyc5b133kdqgh.cx.internal.cloudapp.net, ports: [REPLICATION=37319, RATIS=38711, RATIS_ADMIN=38711, RATIS_SERVER=38711, STANDALONE=43815], networkLocation: /default-rack, certSerialId: null, persistedOpState: null, persistedOpStateExpiryEpochSec: 0}, ReplicationConfig: EC/ECReplicationConfig{data=3, parity=2, ecChunkSize=1048576, codec=rs}, State:ALLOCATED, leaderId:, CreationTimestamp2022-04-26T01:53:01.889Z[Etc/UTC]].
2022-04-26 01:53:01,890 [IPC Server handler 11 on default port 42263] INFO  pipeline.PipelineManagerImpl (PipelineManagerImpl.java:openPipeline(321)) - Pipeline Pipeline[ Id: 753617ac-42ba-41bd-832f-4dc670c49122, Nodes: e687a55e-a1fa-40ca-b40d-7e860929e1d7{ip: 10.1.0.42, host: fv-az50-870.grzltbmokehuzjyc5b133kdqgh.cx.internal.cloudapp.net, ports: [REPLICATION=41677, RATIS=39343, RATIS_ADMIN=39343, RATIS_SERVER=39343, STANDALONE=46643], networkLocation: /default-rack, certSerialId: null, persistedOpState: null, persistedOpStateExpiryEpochSec: 0}bb1850ef-697f-4d85-a277-10b40770eb06{ip: 10.1.0.42, host: fv-az50-870.grzltbmokehuzjyc5b133kdqgh.cx.internal.cloudapp.net, ports: [REPLICATION=33273, RATIS=42845, RATIS_ADMIN=42845, RATIS_SERVER=42845, STANDALONE=46449], networkLocation: /default-rack, certSerialId: null, persistedOpState: null, persistedOpStateExpiryEpochSec: 0}aa794ff7-e78a-42e1-b114-2e34ec5a968d{ip: 10.1.0.42, host: fv-az50-870.grzltbmokehuzjyc5b133kdqgh.cx.internal.cloudapp.net, ports: [REPLICATION=41163, RATIS=38125, RATIS_ADMIN=38125, RATIS_SERVER=38125, STANDALONE=37029], networkLocation: /default-rack, certSerialId: null, persistedOpState: null, persistedOpStateExpiryEpochSec: 0}1861c462-4d2a-43a5-96af-87853490527e{ip: 10.1.0.42, host: fv-az50-870.grzltbmokehuzjyc5b133kdqgh.cx.internal.cloudapp.net, ports: [REPLICATION=35485, RATIS=42337, RATIS_ADMIN=42337, RATIS_SERVER=42337, STANDALONE=40561], networkLocation: /default-rack, certSerialId: null, persistedOpState: null, persistedOpStateExpiryEpochSec: 0}34d2ba22-a7fd-4f79-9d8a-4dadf85377fe{ip: 10.1.0.42, host: fv-az50-870.grzltbmokehuzjyc5b133kdqgh.cx.internal.cloudapp.net, ports: [REPLICATION=37319, RATIS=38711, RATIS_ADMIN=38711, RATIS_SERVER=38711, STANDALONE=43815], networkLocation: /default-rack, certSerialId: null, persistedOpState: null, persistedOpStateExpiryEpochSec: 0}, ReplicationConfig: EC/ECReplicationConfig{data=3, parity=2, ecChunkSize=1048576, codec=rs}, State:ALLOCATED, leaderId:, CreationTimestamp2022-04-26T01:53:01.889Z[Etc/UTC]] moved to OPEN state
2022-04-26 01:53:01,942 [IPC Server handler 13 on default port 42263] INFO  pipeline.PipelineStateManagerImpl (PipelineStateManagerImpl.java:addPipeline(101)) - Created pipeline Pipeline[ Id: dc453d33-063d-425a-90a1-7b43b6aa867f, Nodes: bb1850ef-697f-4d85-a277-10b40770eb06{ip: 10.1.0.42, host: fv-az50-870.grzltbmokehuzjyc5b133kdqgh.cx.internal.cloudapp.net, ports: [REPLICATION=33273, RATIS=42845, RATIS_ADMIN=42845, RATIS_SERVER=42845, STANDALONE=46449], networkLocation: /default-rack, certSerialId: null, persistedOpState: null, persistedOpStateExpiryEpochSec: 0}aa794ff7-e78a-42e1-b114-2e34ec5a968d{ip: 10.1.0.42, host: fv-az50-870.grzltbmokehuzjyc5b133kdqgh.cx.internal.cloudapp.net, ports: [REPLICATION=41163, RATIS=38125, RATIS_ADMIN=38125, RATIS_SERVER=38125, STANDALONE=37029], networkLocation: /default-rack, certSerialId: null, persistedOpState: null, persistedOpStateExpiryEpochSec: 0}e687a55e-a1fa-40ca-b40d-7e860929e1d7{ip: 10.1.0.42, host: fv-az50-870.grzltbmokehuzjyc5b133kdqgh.cx.internal.cloudapp.net, ports: [REPLICATION=41677, RATIS=39343, RATIS_ADMIN=39343, RATIS_SERVER=39343, STANDALONE=46643], networkLocation: /default-rack, certSerialId: null, persistedOpState: null, persistedOpStateExpiryEpochSec: 0}1861c462-4d2a-43a5-96af-87853490527e{ip: 10.1.0.42, host: fv-az50-870.grzltbmokehuzjyc5b133kdqgh.cx.internal.cloudapp.net, ports: [REPLICATION=35485, RATIS=42337, RATIS_ADMIN=42337, RATIS_SERVER=42337, STANDALONE=40561], networkLocation: /default-rack, certSerialId: null, persistedOpState: null, persistedOpStateExpiryEpochSec: 0}34d2ba22-a7fd-4f79-9d8a-4dadf85377fe{ip: 10.1.0.42, host: fv-az50-870.grzltbmokehuzjyc5b133kdqgh.cx.internal.cloudapp.net, ports: [REPLICATION=37319, RATIS=38711, RATIS_ADMIN=38711, RATIS_SERVER=38711, STANDALONE=43815], networkLocation: /default-rack, certSerialId: null, persistedOpState: null, persistedOpStateExpiryEpochSec: 0}, ReplicationConfig: EC/ECReplicationConfig{data=3, parity=2, ecChunkSize=1048576, codec=rs}, State:ALLOCATED, leaderId:, CreationTimestamp2022-04-26T01:53:01.941Z[Etc/UTC]].
2022-04-26 01:53:01,943 [IPC Server handler 13 on default port 42263] INFO  pipeline.PipelineManagerImpl (PipelineManagerImpl.java:openPipeline(321)) - Pipeline Pipeline[ Id: dc453d33-063d-425a-90a1-7b43b6aa867f, Nodes: bb1850ef-697f-4d85-a277-10b40770eb06{ip: 10.1.0.42, host: fv-az50-870.grzltbmokehuzjyc5b133kdqgh.cx.internal.cloudapp.net, ports: [REPLICATION=33273, RATIS=42845, RATIS_ADMIN=42845, RATIS_SERVER=42845, STANDALONE=46449], networkLocation: /default-rack, certSerialId: null, persistedOpState: null, persistedOpStateExpiryEpochSec: 0}aa794ff7-e78a-42e1-b114-2e34ec5a968d{ip: 10.1.0.42, host: fv-az50-870.grzltbmokehuzjyc5b133kdqgh.cx.internal.cloudapp.net, ports: [REPLICATION=41163, RATIS=38125, RATIS_ADMIN=38125, RATIS_SERVER=38125, STANDALONE=37029], networkLocation: /default-rack, certSerialId: null, persistedOpState: null, persistedOpStateExpiryEpochSec: 0}e687a55e-a1fa-40ca-b40d-7e860929e1d7{ip: 10.1.0.42, host: fv-az50-870.grzltbmokehuzjyc5b133kdqgh.cx.internal.cloudapp.net, ports: [REPLICATION=41677, RATIS=39343, RATIS_ADMIN=39343, RATIS_SERVER=39343, STANDALONE=46643], networkLocation: /default-rack, certSerialId: null, persistedOpState: null, persistedOpStateExpiryEpochSec: 0}1861c462-4d2a-43a5-96af-87853490527e{ip: 10.1.0.42, host: fv-az50-870.grzltbmokehuzjyc5b133kdqgh.cx.internal.cloudapp.net, ports: [REPLICATION=35485, RATIS=42337, RATIS_ADMIN=42337, RATIS_SERVER=42337, STANDALONE=40561], networkLocation: /default-rack, certSerialId: null, persistedOpState: null, persistedOpStateExpiryEpochSec: 0}34d2ba22-a7fd-4f79-9d8a-4dadf85377fe{ip: 10.1.0.42, host: fv-az50-870.grzltbmokehuzjyc5b133kdqgh.cx.internal.cloudapp.net, ports: [REPLICATION=37319, RATIS=38711, RATIS_ADMIN=38711, RATIS_SERVER=38711, STANDALONE=43815], networkLocation: /default-rack, certSerialId: null, persistedOpState: null, persistedOpStateExpiryEpochSec: 0}, ReplicationConfig: EC/ECReplicationConfig{data=3, parity=2, ecChunkSize=1048576, codec=rs}, State:ALLOCATED, leaderId:, CreationTimestamp2022-04-26T01:53:01.941Z[Etc/UTC]] moved to OPEN state
]]></system-out>
  </testcase>
  <testcase name="testCreateKeyShouldUseRefreshedBucketReplicationConfig" classname="TestOzoneFileSystem" time="0.518">
    <system-out><![CDATA[2022-04-26 01:54:10,158 [Time-limited test] INFO  rpc.RpcClient (RpcClient.java:createVolume(448)) - Creating Volume: volume56870, with user35135 as owner and space quota set to -1 bytes, counts quota set to -1
2022-04-26 01:54:10,164 [OM StateMachine ApplyTransaction Thread - 0] INFO  volume.OMVolumeCreateRequest (OMVolumeCreateRequest.java:validateAndUpdateCache(195)) - created volume:volume56870 for user:user35135
2022-04-26 01:54:10,169 [Time-limited test] INFO  rpc.RpcClient (RpcClient.java:createBucket(637)) - Creating Bucket: volume56870/bucket29370, with runner as owner and Versioning false and Storage Type set to DISK and Encryption set to false 
2022-04-26 01:54:10,170 [OM StateMachine ApplyTransaction Thread - 0] INFO  bucket.OMBucketCreateRequest (OMBucketCreateRequest.java:validateAndUpdateCache(258)) - created bucket: bucket29370 of layout LEGACY in volume: volume56870
2022-04-26 01:54:10,239 [IPC Server handler 14 on default port 34757] INFO  pipeline.PipelineStateManagerImpl (PipelineStateManagerImpl.java:addPipeline(101)) - Created pipeline Pipeline[ Id: e9c9322b-7a54-4e65-8e3d-6d4fe54a71c5, Nodes: 6a5f3765-4c59-4592-b8a0-ee9ddbc8d1d1{ip: 10.1.0.42, host: fv-az50-870.grzltbmokehuzjyc5b133kdqgh.cx.internal.cloudapp.net, ports: [REPLICATION=39301, RATIS=33891, RATIS_ADMIN=33891, RATIS_SERVER=33891, STANDALONE=38361], networkLocation: /default-rack, certSerialId: null, persistedOpState: null, persistedOpStateExpiryEpochSec: 0}382fe11f-ccc0-42c1-99a9-aa0fa042180d{ip: 10.1.0.42, host: fv-az50-870.grzltbmokehuzjyc5b133kdqgh.cx.internal.cloudapp.net, ports: [REPLICATION=34605, RATIS=39043, RATIS_ADMIN=39043, RATIS_SERVER=39043, STANDALONE=38987], networkLocation: /default-rack, certSerialId: null, persistedOpState: null, persistedOpStateExpiryEpochSec: 0}c1d01455-3ad3-443a-8310-748688ca0e72{ip: 10.1.0.42, host: fv-az50-870.grzltbmokehuzjyc5b133kdqgh.cx.internal.cloudapp.net, ports: [REPLICATION=34415, RATIS=42877, RATIS_ADMIN=42877, RATIS_SERVER=42877, STANDALONE=36421], networkLocation: /default-rack, certSerialId: null, persistedOpState: null, persistedOpStateExpiryEpochSec: 0}81ec24e6-6cd6-4f7d-92f4-0fd82cba14c4{ip: 10.1.0.42, host: fv-az50-870.grzltbmokehuzjyc5b133kdqgh.cx.internal.cloudapp.net, ports: [REPLICATION=38949, RATIS=33603, RATIS_ADMIN=33603, RATIS_SERVER=33603, STANDALONE=37467], networkLocation: /default-rack, certSerialId: null, persistedOpState: null, persistedOpStateExpiryEpochSec: 0}5f9c2808-8092-4bb8-be0b-9d445a417462{ip: 10.1.0.42, host: fv-az50-870.grzltbmokehuzjyc5b133kdqgh.cx.internal.cloudapp.net, ports: [REPLICATION=34419, RATIS=40901, RATIS_ADMIN=40901, RATIS_SERVER=40901, STANDALONE=37781], networkLocation: /default-rack, certSerialId: null, persistedOpState: null, persistedOpStateExpiryEpochSec: 0}, ReplicationConfig: EC/ECReplicationConfig{data=3, parity=2, ecChunkSize=1048576, codec=rs}, State:ALLOCATED, leaderId:, CreationTimestamp2022-04-26T01:54:10.238Z[Etc/UTC]].
2022-04-26 01:54:10,239 [IPC Server handler 14 on default port 34757] INFO  pipeline.PipelineManagerImpl (PipelineManagerImpl.java:openPipeline(321)) - Pipeline Pipeline[ Id: e9c9322b-7a54-4e65-8e3d-6d4fe54a71c5, Nodes: 6a5f3765-4c59-4592-b8a0-ee9ddbc8d1d1{ip: 10.1.0.42, host: fv-az50-870.grzltbmokehuzjyc5b133kdqgh.cx.internal.cloudapp.net, ports: [REPLICATION=39301, RATIS=33891, RATIS_ADMIN=33891, RATIS_SERVER=33891, STANDALONE=38361], networkLocation: /default-rack, certSerialId: null, persistedOpState: null, persistedOpStateExpiryEpochSec: 0}382fe11f-ccc0-42c1-99a9-aa0fa042180d{ip: 10.1.0.42, host: fv-az50-870.grzltbmokehuzjyc5b133kdqgh.cx.internal.cloudapp.net, ports: [REPLICATION=34605, RATIS=39043, RATIS_ADMIN=39043, RATIS_SERVER=39043, STANDALONE=38987], networkLocation: /default-rack, certSerialId: null, persistedOpState: null, persistedOpStateExpiryEpochSec: 0}c1d01455-3ad3-443a-8310-748688ca0e72{ip: 10.1.0.42, host: fv-az50-870.grzltbmokehuzjyc5b133kdqgh.cx.internal.cloudapp.net, ports: [REPLICATION=34415, RATIS=42877, RATIS_ADMIN=42877, RATIS_SERVER=42877, STANDALONE=36421], networkLocation: /default-rack, certSerialId: null, persistedOpState: null, persistedOpStateExpiryEpochSec: 0}81ec24e6-6cd6-4f7d-92f4-0fd82cba14c4{ip: 10.1.0.42, host: fv-az50-870.grzltbmokehuzjyc5b133kdqgh.cx.internal.cloudapp.net, ports: [REPLICATION=38949, RATIS=33603, RATIS_ADMIN=33603, RATIS_SERVER=33603, STANDALONE=37467], networkLocation: /default-rack, certSerialId: null, persistedOpState: null, persistedOpStateExpiryEpochSec: 0}5f9c2808-8092-4bb8-be0b-9d445a417462{ip: 10.1.0.42, host: fv-az50-870.grzltbmokehuzjyc5b133kdqgh.cx.internal.cloudapp.net, ports: [REPLICATION=34419, RATIS=40901, RATIS_ADMIN=40901, RATIS_SERVER=40901, STANDALONE=37781], networkLocation: /default-rack, certSerialId: null, persistedOpState: null, persistedOpStateExpiryEpochSec: 0}, ReplicationConfig: EC/ECReplicationConfig{data=3, parity=2, ecChunkSize=1048576, codec=rs}, State:ALLOCATED, leaderId:, CreationTimestamp2022-04-26T01:54:10.238Z[Etc/UTC]] moved to OPEN state
2022-04-26 01:54:10,369 [IPC Server handler 16 on default port 34757] INFO  pipeline.PipelineStateManagerImpl (PipelineStateManagerImpl.java:addPipeline(101)) - Created pipeline Pipeline[ Id: 69569bcb-f72e-426e-a933-989ab4309d84, Nodes: c1d01455-3ad3-443a-8310-748688ca0e72{ip: 10.1.0.42, host: fv-az50-870.grzltbmokehuzjyc5b133kdqgh.cx.internal.cloudapp.net, ports: [REPLICATION=34415, RATIS=42877, RATIS_ADMIN=42877, RATIS_SERVER=42877, STANDALONE=36421], networkLocation: /default-rack, certSerialId: null, persistedOpState: null, persistedOpStateExpiryEpochSec: 0}5f9c2808-8092-4bb8-be0b-9d445a417462{ip: 10.1.0.42, host: fv-az50-870.grzltbmokehuzjyc5b133kdqgh.cx.internal.cloudapp.net, ports: [REPLICATION=34419, RATIS=40901, RATIS_ADMIN=40901, RATIS_SERVER=40901, STANDALONE=37781], networkLocation: /default-rack, certSerialId: null, persistedOpState: null, persistedOpStateExpiryEpochSec: 0}382fe11f-ccc0-42c1-99a9-aa0fa042180d{ip: 10.1.0.42, host: fv-az50-870.grzltbmokehuzjyc5b133kdqgh.cx.internal.cloudapp.net, ports: [REPLICATION=34605, RATIS=39043, RATIS_ADMIN=39043, RATIS_SERVER=39043, STANDALONE=38987], networkLocation: /default-rack, certSerialId: null, persistedOpState: null, persistedOpStateExpiryEpochSec: 0}6a5f3765-4c59-4592-b8a0-ee9ddbc8d1d1{ip: 10.1.0.42, host: fv-az50-870.grzltbmokehuzjyc5b133kdqgh.cx.internal.cloudapp.net, ports: [REPLICATION=39301, RATIS=33891, RATIS_ADMIN=33891, RATIS_SERVER=33891, STANDALONE=38361], networkLocation: /default-rack, certSerialId: null, persistedOpState: null, persistedOpStateExpiryEpochSec: 0}81ec24e6-6cd6-4f7d-92f4-0fd82cba14c4{ip: 10.1.0.42, host: fv-az50-870.grzltbmokehuzjyc5b133kdqgh.cx.internal.cloudapp.net, ports: [REPLICATION=38949, RATIS=33603, RATIS_ADMIN=33603, RATIS_SERVER=33603, STANDALONE=37467], networkLocation: /default-rack, certSerialId: null, persistedOpState: null, persistedOpStateExpiryEpochSec: 0}, ReplicationConfig: EC/ECReplicationConfig{data=3, parity=2, ecChunkSize=1048576, codec=rs}, State:ALLOCATED, leaderId:, CreationTimestamp2022-04-26T01:54:10.368Z[Etc/UTC]].
2022-04-26 01:54:10,371 [IPC Server handler 16 on default port 34757] INFO  pipeline.PipelineManagerImpl (PipelineManagerImpl.java:openPipeline(321)) - Pipeline Pipeline[ Id: 69569bcb-f72e-426e-a933-989ab4309d84, Nodes: c1d01455-3ad3-443a-8310-748688ca0e72{ip: 10.1.0.42, host: fv-az50-870.grzltbmokehuzjyc5b133kdqgh.cx.internal.cloudapp.net, ports: [REPLICATION=34415, RATIS=42877, RATIS_ADMIN=42877, RATIS_SERVER=42877, STANDALONE=36421], networkLocation: /default-rack, certSerialId: null, persistedOpState: null, persistedOpStateExpiryEpochSec: 0}5f9c2808-8092-4bb8-be0b-9d445a417462{ip: 10.1.0.42, host: fv-az50-870.grzltbmokehuzjyc5b133kdqgh.cx.internal.cloudapp.net, ports: [REPLICATION=34419, RATIS=40901, RATIS_ADMIN=40901, RATIS_SERVER=40901, STANDALONE=37781], networkLocation: /default-rack, certSerialId: null, persistedOpState: null, persistedOpStateExpiryEpochSec: 0}382fe11f-ccc0-42c1-99a9-aa0fa042180d{ip: 10.1.0.42, host: fv-az50-870.grzltbmokehuzjyc5b133kdqgh.cx.internal.cloudapp.net, ports: [REPLICATION=34605, RATIS=39043, RATIS_ADMIN=39043, RATIS_SERVER=39043, STANDALONE=38987], networkLocation: /default-rack, certSerialId: null, persistedOpState: null, persistedOpStateExpiryEpochSec: 0}6a5f3765-4c59-4592-b8a0-ee9ddbc8d1d1{ip: 10.1.0.42, host: fv-az50-870.grzltbmokehuzjyc5b133kdqgh.cx.internal.cloudapp.net, ports: [REPLICATION=39301, RATIS=33891, RATIS_ADMIN=33891, RATIS_SERVER=33891, STANDALONE=38361], networkLocation: /default-rack, certSerialId: null, persistedOpState: null, persistedOpStateExpiryEpochSec: 0}81ec24e6-6cd6-4f7d-92f4-0fd82cba14c4{ip: 10.1.0.42, host: fv-az50-870.grzltbmokehuzjyc5b133kdqgh.cx.internal.cloudapp.net, ports: [REPLICATION=38949, RATIS=33603, RATIS_ADMIN=33603, RATIS_SERVER=33603, STANDALONE=37467], networkLocation: /default-rack, certSerialId: null, persistedOpState: null, persistedOpStateExpiryEpochSec: 0}, ReplicationConfig: EC/ECReplicationConfig{data=3, parity=2, ecChunkSize=1048576, codec=rs}, State:ALLOCATED, leaderId:, CreationTimestamp2022-04-26T01:54:10.368Z[Etc/UTC]] moved to OPEN state
]]></system-out>
  </testcase>
  <testcase name="testCreateKeyShouldUseRefreshedBucketReplicationConfig" classname="TestOzoneFileSystem" time="0.767">
    <system-out><![CDATA[2022-04-26 01:55:21,478 [Time-limited test] INFO  rpc.RpcClient (RpcClient.java:createVolume(448)) - Creating Volume: volume68461, with user15356 as owner and space quota set to -1 bytes, counts quota set to -1
2022-04-26 01:55:21,479 [IPC Server handler 17 on default port 35711] INFO  volume.OMVolumeCreateRequest (OMVolumeCreateRequest.java:validateAndUpdateCache(195)) - created volume:volume68461 for user:user15356
2022-04-26 01:55:21,489 [Time-limited test] INFO  rpc.RpcClient (RpcClient.java:createBucket(637)) - Creating Bucket: volume68461/bucket27304, with runner as owner and Versioning false and Storage Type set to DISK and Encryption set to false 
2022-04-26 01:55:21,491 [IPC Server handler 0 on default port 35711] INFO  bucket.OMBucketCreateRequest (OMBucketCreateRequest.java:validateAndUpdateCache(258)) - created bucket: bucket27304 of layout LEGACY in volume: volume68461
2022-04-26 01:55:21,730 [IPC Server handler 10 on default port 38217] INFO  pipeline.PipelineStateManagerImpl (PipelineStateManagerImpl.java:addPipeline(101)) - Created pipeline Pipeline[ Id: 0c2c0872-727f-4869-81e0-fa3dee3b9381, Nodes: 2bf912ba-2a06-41a3-b1d6-bf04ad40fbe7{ip: 10.1.0.42, host: fv-az50-870.grzltbmokehuzjyc5b133kdqgh.cx.internal.cloudapp.net, ports: [REPLICATION=37775, RATIS=36263, RATIS_ADMIN=36263, RATIS_SERVER=36263, STANDALONE=39001], networkLocation: /default-rack, certSerialId: null, persistedOpState: null, persistedOpStateExpiryEpochSec: 0}38feb0ec-788c-42ad-9852-eb5cbee3e7a8{ip: 10.1.0.42, host: fv-az50-870.grzltbmokehuzjyc5b133kdqgh.cx.internal.cloudapp.net, ports: [REPLICATION=38187, RATIS=43781, RATIS_ADMIN=43781, RATIS_SERVER=43781, STANDALONE=44739], networkLocation: /default-rack, certSerialId: null, persistedOpState: null, persistedOpStateExpiryEpochSec: 0}3f26cc77-40bb-4b12-ae17-f23562ebcede{ip: 10.1.0.42, host: fv-az50-870.grzltbmokehuzjyc5b133kdqgh.cx.internal.cloudapp.net, ports: [REPLICATION=41027, RATIS=42555, RATIS_ADMIN=42555, RATIS_SERVER=42555, STANDALONE=33173], networkLocation: /default-rack, certSerialId: null, persistedOpState: null, persistedOpStateExpiryEpochSec: 0}a49f3fd7-aca1-41c1-ad3c-01adfe75912a{ip: 10.1.0.42, host: fv-az50-870.grzltbmokehuzjyc5b133kdqgh.cx.internal.cloudapp.net, ports: [REPLICATION=43077, RATIS=39407, RATIS_ADMIN=39407, RATIS_SERVER=39407, STANDALONE=43813], networkLocation: /default-rack, certSerialId: null, persistedOpState: null, persistedOpStateExpiryEpochSec: 0}ea96ec81-7be1-42c0-a365-817fcc2d83b3{ip: 10.1.0.42, host: fv-az50-870.grzltbmokehuzjyc5b133kdqgh.cx.internal.cloudapp.net, ports: [REPLICATION=38469, RATIS=41121, RATIS_ADMIN=41121, RATIS_SERVER=41121, STANDALONE=45679], networkLocation: /default-rack, certSerialId: null, persistedOpState: null, persistedOpStateExpiryEpochSec: 0}, ReplicationConfig: EC/ECReplicationConfig{data=3, parity=2, ecChunkSize=1048576, codec=rs}, State:ALLOCATED, leaderId:, CreationTimestamp2022-04-26T01:55:21.729Z[Etc/UTC]].
2022-04-26 01:55:21,730 [IPC Server handler 10 on default port 38217] INFO  pipeline.PipelineManagerImpl (PipelineManagerImpl.java:openPipeline(321)) - Pipeline Pipeline[ Id: 0c2c0872-727f-4869-81e0-fa3dee3b9381, Nodes: 2bf912ba-2a06-41a3-b1d6-bf04ad40fbe7{ip: 10.1.0.42, host: fv-az50-870.grzltbmokehuzjyc5b133kdqgh.cx.internal.cloudapp.net, ports: [REPLICATION=37775, RATIS=36263, RATIS_ADMIN=36263, RATIS_SERVER=36263, STANDALONE=39001], networkLocation: /default-rack, certSerialId: null, persistedOpState: null, persistedOpStateExpiryEpochSec: 0}38feb0ec-788c-42ad-9852-eb5cbee3e7a8{ip: 10.1.0.42, host: fv-az50-870.grzltbmokehuzjyc5b133kdqgh.cx.internal.cloudapp.net, ports: [REPLICATION=38187, RATIS=43781, RATIS_ADMIN=43781, RATIS_SERVER=43781, STANDALONE=44739], networkLocation: /default-rack, certSerialId: null, persistedOpState: null, persistedOpStateExpiryEpochSec: 0}3f26cc77-40bb-4b12-ae17-f23562ebcede{ip: 10.1.0.42, host: fv-az50-870.grzltbmokehuzjyc5b133kdqgh.cx.internal.cloudapp.net, ports: [REPLICATION=41027, RATIS=42555, RATIS_ADMIN=42555, RATIS_SERVER=42555, STANDALONE=33173], networkLocation: /default-rack, certSerialId: null, persistedOpState: null, persistedOpStateExpiryEpochSec: 0}a49f3fd7-aca1-41c1-ad3c-01adfe75912a{ip: 10.1.0.42, host: fv-az50-870.grzltbmokehuzjyc5b133kdqgh.cx.internal.cloudapp.net, ports: [REPLICATION=43077, RATIS=39407, RATIS_ADMIN=39407, RATIS_SERVER=39407, STANDALONE=43813], networkLocation: /default-rack, certSerialId: null, persistedOpState: null, persistedOpStateExpiryEpochSec: 0}ea96ec81-7be1-42c0-a365-817fcc2d83b3{ip: 10.1.0.42, host: fv-az50-870.grzltbmokehuzjyc5b133kdqgh.cx.internal.cloudapp.net, ports: [REPLICATION=38469, RATIS=41121, RATIS_ADMIN=41121, RATIS_SERVER=41121, STANDALONE=45679], networkLocation: /default-rack, certSerialId: null, persistedOpState: null, persistedOpStateExpiryEpochSec: 0}, ReplicationConfig: EC/ECReplicationConfig{data=3, parity=2, ecChunkSize=1048576, codec=rs}, State:ALLOCATED, leaderId:, CreationTimestamp2022-04-26T01:55:21.729Z[Etc/UTC]] moved to OPEN state
2022-04-26 01:55:21,841 [IPC Server handler 17 on default port 38217] INFO  pipeline.PipelineStateManagerImpl (PipelineStateManagerImpl.java:addPipeline(101)) - Created pipeline Pipeline[ Id: df04ec51-c974-4408-8b49-2c15278fba13, Nodes: a49f3fd7-aca1-41c1-ad3c-01adfe75912a{ip: 10.1.0.42, host: fv-az50-870.grzltbmokehuzjyc5b133kdqgh.cx.internal.cloudapp.net, ports: [REPLICATION=43077, RATIS=39407, RATIS_ADMIN=39407, RATIS_SERVER=39407, STANDALONE=43813], networkLocation: /default-rack, certSerialId: null, persistedOpState: null, persistedOpStateExpiryEpochSec: 0}2bf912ba-2a06-41a3-b1d6-bf04ad40fbe7{ip: 10.1.0.42, host: fv-az50-870.grzltbmokehuzjyc5b133kdqgh.cx.internal.cloudapp.net, ports: [REPLICATION=37775, RATIS=36263, RATIS_ADMIN=36263, RATIS_SERVER=36263, STANDALONE=39001], networkLocation: /default-rack, certSerialId: null, persistedOpState: null, persistedOpStateExpiryEpochSec: 0}38feb0ec-788c-42ad-9852-eb5cbee3e7a8{ip: 10.1.0.42, host: fv-az50-870.grzltbmokehuzjyc5b133kdqgh.cx.internal.cloudapp.net, ports: [REPLICATION=38187, RATIS=43781, RATIS_ADMIN=43781, RATIS_SERVER=43781, STANDALONE=44739], networkLocation: /default-rack, certSerialId: null, persistedOpState: null, persistedOpStateExpiryEpochSec: 0}ea96ec81-7be1-42c0-a365-817fcc2d83b3{ip: 10.1.0.42, host: fv-az50-870.grzltbmokehuzjyc5b133kdqgh.cx.internal.cloudapp.net, ports: [REPLICATION=38469, RATIS=41121, RATIS_ADMIN=41121, RATIS_SERVER=41121, STANDALONE=45679], networkLocation: /default-rack, certSerialId: null, persistedOpState: null, persistedOpStateExpiryEpochSec: 0}3f26cc77-40bb-4b12-ae17-f23562ebcede{ip: 10.1.0.42, host: fv-az50-870.grzltbmokehuzjyc5b133kdqgh.cx.internal.cloudapp.net, ports: [REPLICATION=41027, RATIS=42555, RATIS_ADMIN=42555, RATIS_SERVER=42555, STANDALONE=33173], networkLocation: /default-rack, certSerialId: null, persistedOpState: null, persistedOpStateExpiryEpochSec: 0}, ReplicationConfig: EC/ECReplicationConfig{data=3, parity=2, ecChunkSize=1048576, codec=rs}, State:ALLOCATED, leaderId:, CreationTimestamp2022-04-26T01:55:21.841Z[Etc/UTC]].
2022-04-26 01:55:21,842 [IPC Server handler 17 on default port 38217] INFO  pipeline.PipelineManagerImpl (PipelineManagerImpl.java:openPipeline(321)) - Pipeline Pipeline[ Id: df04ec51-c974-4408-8b49-2c15278fba13, Nodes: a49f3fd7-aca1-41c1-ad3c-01adfe75912a{ip: 10.1.0.42, host: fv-az50-870.grzltbmokehuzjyc5b133kdqgh.cx.internal.cloudapp.net, ports: [REPLICATION=43077, RATIS=39407, RATIS_ADMIN=39407, RATIS_SERVER=39407, STANDALONE=43813], networkLocation: /default-rack, certSerialId: null, persistedOpState: null, persistedOpStateExpiryEpochSec: 0}2bf912ba-2a06-41a3-b1d6-bf04ad40fbe7{ip: 10.1.0.42, host: fv-az50-870.grzltbmokehuzjyc5b133kdqgh.cx.internal.cloudapp.net, ports: [REPLICATION=37775, RATIS=36263, RATIS_ADMIN=36263, RATIS_SERVER=36263, STANDALONE=39001], networkLocation: /default-rack, certSerialId: null, persistedOpState: null, persistedOpStateExpiryEpochSec: 0}38feb0ec-788c-42ad-9852-eb5cbee3e7a8{ip: 10.1.0.42, host: fv-az50-870.grzltbmokehuzjyc5b133kdqgh.cx.internal.cloudapp.net, ports: [REPLICATION=38187, RATIS=43781, RATIS_ADMIN=43781, RATIS_SERVER=43781, STANDALONE=44739], networkLocation: /default-rack, certSerialId: null, persistedOpState: null, persistedOpStateExpiryEpochSec: 0}ea96ec81-7be1-42c0-a365-817fcc2d83b3{ip: 10.1.0.42, host: fv-az50-870.grzltbmokehuzjyc5b133kdqgh.cx.internal.cloudapp.net, ports: [REPLICATION=38469, RATIS=41121, RATIS_ADMIN=41121, RATIS_SERVER=41121, STANDALONE=45679], networkLocation: /default-rack, certSerialId: null, persistedOpState: null, persistedOpStateExpiryEpochSec: 0}3f26cc77-40bb-4b12-ae17-f23562ebcede{ip: 10.1.0.42, host: fv-az50-870.grzltbmokehuzjyc5b133kdqgh.cx.internal.cloudapp.net, ports: [REPLICATION=41027, RATIS=42555, RATIS_ADMIN=42555, RATIS_SERVER=42555, STANDALONE=33173], networkLocation: /default-rack, certSerialId: null, persistedOpState: null, persistedOpStateExpiryEpochSec: 0}, ReplicationConfig: EC/ECReplicationConfig{data=3, parity=2, ecChunkSize=1048576, codec=rs}, State:ALLOCATED, leaderId:, CreationTimestamp2022-04-26T01:55:21.841Z[Etc/UTC]] moved to OPEN state
]]></system-out>
  </testcase>
  <testcase name="testRenameDirToFile" classname="TestOzoneFileSystem" time="0.037">
    <system-out><![CDATA[2022-04-26 01:51:55,937 [Time-limited test] WARN  ozone.BasicOzoneFileSystem (BasicOzoneFileSystem.java:rename(394)) - Failed to rename o3fs://bucket97532.volume70938/a/b/c to o3fs://bucket97532.volume70938/root/file1, file already exists!
01:51:55.939 [IPC Server handler 2 on default port 44011] ERROR OMAudit - user=runner | ip=127.0.0.1 | op=GET_FILE_STATUS {volume=volume70938, bucket=bucket97532, key=.Trash, dataSize=0, replicationConfig=null} | ret=FAILURE
org.apache.hadoop.ozone.om.exceptions.OMException: Unable to get file status: volume: volume70938 bucket: bucket97532 key: .Trash
	at org.apache.hadoop.ozone.om.KeyManagerImpl.getOzoneFileStatus(KeyManagerImpl.java:1280) ~[ozone-manager-1.3.0-SNAPSHOT.jar:?]
	at org.apache.hadoop.ozone.om.KeyManagerImpl.getFileStatus(KeyManagerImpl.java:1210) ~[ozone-manager-1.3.0-SNAPSHOT.jar:?]
	at org.apache.hadoop.ozone.om.OzoneManager.getFileStatus(OzoneManager.java:3009) ~[ozone-manager-1.3.0-SNAPSHOT.jar:?]
	at org.apache.hadoop.ozone.protocolPB.OzoneManagerRequestHandler.getOzoneFileStatus(OzoneManagerRequestHandler.java:670) ~[ozone-manager-1.3.0-SNAPSHOT.jar:?]
	at org.apache.hadoop.ozone.protocolPB.OzoneManagerRequestHandler.handleReadRequest(OzoneManagerRequestHandler.java:201) ~[ozone-manager-1.3.0-SNAPSHOT.jar:?]
	at org.apache.hadoop.ozone.protocolPB.OzoneManagerProtocolServerSideTranslatorPB.submitReadRequestToOM(OzoneManagerProtocolServerSideTranslatorPB.java:213) ~[ozone-manager-1.3.0-SNAPSHOT.jar:?]
	at org.apache.hadoop.ozone.protocolPB.OzoneManagerProtocolServerSideTranslatorPB.processRequest(OzoneManagerProtocolServerSideTranslatorPB.java:174) ~[ozone-manager-1.3.0-SNAPSHOT.jar:?]
	at org.apache.hadoop.hdds.server.OzoneProtocolMessageDispatcher.processRequest(OzoneProtocolMessageDispatcher.java:87) [hdds-server-framework-1.3.0-SNAPSHOT.jar:?]
	at org.apache.hadoop.ozone.protocolPB.OzoneManagerProtocolServerSideTranslatorPB.submitRequest(OzoneManagerProtocolServerSideTranslatorPB.java:146) [ozone-manager-1.3.0-SNAPSHOT.jar:?]
	at org.apache.hadoop.ozone.protocol.proto.OzoneManagerProtocolProtos$OzoneManagerService$2.callBlockingMethod(OzoneManagerProtocolProtos.java) [ozone-interface-client-1.3.0-SNAPSHOT.jar:?]
	at org.apache.hadoop.ipc.ProtobufRpcEngine$Server.processCall(ProtobufRpcEngine.java:466) [hadoop-common-3.3.1.jar:?]
	at org.apache.hadoop.ipc.ProtobufRpcEngine2$Server$ProtoBufRpcInvoker.call(ProtobufRpcEngine2.java:574) [hadoop-common-3.3.1.jar:?]
	at org.apache.hadoop.ipc.ProtobufRpcEngine2$Server$ProtoBufRpcInvoker.call(ProtobufRpcEngine2.java:552) [hadoop-common-3.3.1.jar:?]
	at org.apache.hadoop.ipc.RPC$Server.call(RPC.java:1093) [hadoop-common-3.3.1.jar:?]
	at org.apache.hadoop.ipc.Server$RpcCall.run(Server.java:1035) [hadoop-common-3.3.1.jar:?]
	at org.apache.hadoop.ipc.Server$RpcCall.run(Server.java:963) [hadoop-common-3.3.1.jar:?]
	at java.security.AccessController.doPrivileged(Native Method) ~[?:1.8.0_322]
	at javax.security.auth.Subject.doAs(Subject.java:422) [?:1.8.0_322]
	at org.apache.hadoop.security.UserGroupInformation.doAs(UserGroupInformation.java:1878) [hadoop-common-3.3.1.jar:?]
	at org.apache.hadoop.ipc.Server$Handler.run(Server.java:2966) [hadoop-common-3.3.1.jar:?]
2022-04-26 01:51:55,940 [Time-limited test] WARN  ozone.BasicOzoneFileSystem (BasicOzoneFileSystem.java:delete(530)) - delete: Path does not exist: o3fs://bucket97532.volume70938/.Trash
]]></system-out>
  </testcase>
  <testcase name="testRenameDirToFile" classname="TestOzoneFileSystem" time="0.051">
    <system-out><![CDATA[2022-04-26 01:53:02,040 [Time-limited test] WARN  ozone.BasicOzoneFileSystem (BasicOzoneFileSystem.java:rename(394)) - Failed to rename o3fs://bucket30700.volume68825/a/b/c to o3fs://bucket30700.volume68825/root/file1, file already exists!
]]></system-out>
  </testcase>
  <testcase name="testRenameDirToFile" classname="TestOzoneFileSystem" time="0.058">
    <system-out><![CDATA[2022-04-26 01:54:10,523 [Time-limited test] WARN  ozone.BasicOzoneFileSystem (BasicOzoneFileSystem.java:rename(394)) - Failed to rename o3fs://bucket48480.volume85710/a/b/c to o3fs://bucket48480.volume85710/root/file1, file already exists!
]]></system-out>
  </testcase>
  <testcase name="testRenameDirToFile" classname="TestOzoneFileSystem" time="0.117">
    <system-out><![CDATA[2022-04-26 01:55:22,006 [Time-limited test] WARN  ozone.BasicOzoneFileSystem (BasicOzoneFileSystem.java:rename(394)) - Failed to rename o3fs://bucket58947.volume11484/a/b/c to o3fs://bucket58947.volume11484/root/file1, file already exists!
]]></system-out>
  </testcase>
  <testcase name="testRenameToNewSubDirShouldNotExist" classname="TestOzoneFileSystem" time="0.053">
    <system-out><![CDATA[2022-04-26 01:51:55,968 [Time-limited test] WARN  ozone.BasicOzoneFileSystem (BasicOzoneFileSystem.java:rename(388)) - Failed to rename o3fs://bucket97532.volume70938/a to o3fs://bucket97532.volume70938/b/a, file already exists or not empty!
2022-04-26 01:51:55,988 [Time-limited test] WARN  ozone.BasicOzoneFileSystem (BasicOzoneFileSystem.java:rename(388)) - Failed to rename o3fs://bucket97532.volume70938/file1 to o3fs://bucket97532.volume70938/a/file1, file already exists or not empty!
01:51:55.990 [IPC Server handler 6 on default port 44011] ERROR OMAudit - user=runner | ip=127.0.0.1 | op=GET_FILE_STATUS {volume=volume70938, bucket=bucket97532, key=.Trash, dataSize=0, replicationConfig=null} | ret=FAILURE
org.apache.hadoop.ozone.om.exceptions.OMException: Unable to get file status: volume: volume70938 bucket: bucket97532 key: .Trash
	at org.apache.hadoop.ozone.om.KeyManagerImpl.getOzoneFileStatus(KeyManagerImpl.java:1280) ~[ozone-manager-1.3.0-SNAPSHOT.jar:?]
	at org.apache.hadoop.ozone.om.KeyManagerImpl.getFileStatus(KeyManagerImpl.java:1210) ~[ozone-manager-1.3.0-SNAPSHOT.jar:?]
	at org.apache.hadoop.ozone.om.OzoneManager.getFileStatus(OzoneManager.java:3009) ~[ozone-manager-1.3.0-SNAPSHOT.jar:?]
	at org.apache.hadoop.ozone.protocolPB.OzoneManagerRequestHandler.getOzoneFileStatus(OzoneManagerRequestHandler.java:670) ~[ozone-manager-1.3.0-SNAPSHOT.jar:?]
	at org.apache.hadoop.ozone.protocolPB.OzoneManagerRequestHandler.handleReadRequest(OzoneManagerRequestHandler.java:201) ~[ozone-manager-1.3.0-SNAPSHOT.jar:?]
	at org.apache.hadoop.ozone.protocolPB.OzoneManagerProtocolServerSideTranslatorPB.submitReadRequestToOM(OzoneManagerProtocolServerSideTranslatorPB.java:213) ~[ozone-manager-1.3.0-SNAPSHOT.jar:?]
	at org.apache.hadoop.ozone.protocolPB.OzoneManagerProtocolServerSideTranslatorPB.processRequest(OzoneManagerProtocolServerSideTranslatorPB.java:174) ~[ozone-manager-1.3.0-SNAPSHOT.jar:?]
	at org.apache.hadoop.hdds.server.OzoneProtocolMessageDispatcher.processRequest(OzoneProtocolMessageDispatcher.java:87) [hdds-server-framework-1.3.0-SNAPSHOT.jar:?]
	at org.apache.hadoop.ozone.protocolPB.OzoneManagerProtocolServerSideTranslatorPB.submitRequest(OzoneManagerProtocolServerSideTranslatorPB.java:146) [ozone-manager-1.3.0-SNAPSHOT.jar:?]
	at org.apache.hadoop.ozone.protocol.proto.OzoneManagerProtocolProtos$OzoneManagerService$2.callBlockingMethod(OzoneManagerProtocolProtos.java) [ozone-interface-client-1.3.0-SNAPSHOT.jar:?]
	at org.apache.hadoop.ipc.ProtobufRpcEngine$Server.processCall(ProtobufRpcEngine.java:466) [hadoop-common-3.3.1.jar:?]
	at org.apache.hadoop.ipc.ProtobufRpcEngine2$Server$ProtoBufRpcInvoker.call(ProtobufRpcEngine2.java:574) [hadoop-common-3.3.1.jar:?]
	at org.apache.hadoop.ipc.ProtobufRpcEngine2$Server$ProtoBufRpcInvoker.call(ProtobufRpcEngine2.java:552) [hadoop-common-3.3.1.jar:?]
	at org.apache.hadoop.ipc.RPC$Server.call(RPC.java:1093) [hadoop-common-3.3.1.jar:?]
	at org.apache.hadoop.ipc.Server$RpcCall.run(Server.java:1035) [hadoop-common-3.3.1.jar:?]
	at org.apache.hadoop.ipc.Server$RpcCall.run(Server.java:963) [hadoop-common-3.3.1.jar:?]
	at java.security.AccessController.doPrivileged(Native Method) ~[?:1.8.0_322]
	at javax.security.auth.Subject.doAs(Subject.java:422) [?:1.8.0_322]
	at org.apache.hadoop.security.UserGroupInformation.doAs(UserGroupInformation.java:1878) [hadoop-common-3.3.1.jar:?]
	at org.apache.hadoop.ipc.Server$Handler.run(Server.java:2966) [hadoop-common-3.3.1.jar:?]
2022-04-26 01:51:55,990 [Time-limited test] WARN  ozone.BasicOzoneFileSystem (BasicOzoneFileSystem.java:delete(530)) - delete: Path does not exist: o3fs://bucket97532.volume70938/.Trash
]]></system-out>
  </testcase>
  <testcase name="testRenameToNewSubDirShouldNotExist" classname="TestOzoneFileSystem" time="0.098">
    <system-out><![CDATA[2022-04-26 01:53:02,116 [Time-limited test] WARN  ozone.BasicOzoneFileSystem (BasicOzoneFileSystem.java:rename(388)) - Failed to rename o3fs://bucket30700.volume68825/a to o3fs://bucket30700.volume68825/b/a, file already exists or not empty!
2022-04-26 01:53:02,130 [Time-limited test] WARN  ozone.BasicOzoneFileSystem (BasicOzoneFileSystem.java:rename(388)) - Failed to rename o3fs://bucket30700.volume68825/file1 to o3fs://bucket30700.volume68825/a/file1, file already exists or not empty!
]]></system-out>
  </testcase>
  <testcase name="testRenameToNewSubDirShouldNotExist" classname="TestOzoneFileSystem" time="0.062">
    <system-out><![CDATA[2022-04-26 01:54:10,565 [Time-limited test] WARN  ozone.BasicOzoneFileSystem (BasicOzoneFileSystem.java:rename(388)) - Failed to rename o3fs://bucket48480.volume85710/a to o3fs://bucket48480.volume85710/b/a, file already exists or not empty!
2022-04-26 01:54:10,586 [Time-limited test] WARN  ozone.BasicOzoneFileSystem (BasicOzoneFileSystem.java:rename(388)) - Failed to rename o3fs://bucket48480.volume85710/file1 to o3fs://bucket48480.volume85710/a/file1, file already exists or not empty!
]]></system-out>
  </testcase>
  <testcase name="testRenameToNewSubDirShouldNotExist" classname="TestOzoneFileSystem" time="0.06">
    <system-out><![CDATA[2022-04-26 01:55:22,041 [Time-limited test] WARN  ozone.BasicOzoneFileSystem (BasicOzoneFileSystem.java:rename(388)) - Failed to rename o3fs://bucket58947.volume11484/a to o3fs://bucket58947.volume11484/b/a, file already exists or not empty!
2022-04-26 01:55:22,077 [Time-limited test] WARN  ozone.BasicOzoneFileSystem (BasicOzoneFileSystem.java:rename(388)) - Failed to rename o3fs://bucket58947.volume11484/file1 to o3fs://bucket58947.volume11484/a/file1, file already exists or not empty!
]]></system-out>
  </testcase>
  <testcase name="testListStatusOnLargeDirectoryForACLCheck" classname="TestOzoneFileSystem" time="3.28">
    <system-out><![CDATA[01:51:58.777 [IPC Server handler 17 on default port 44011] ERROR OMAudit - user=runner | ip=127.0.0.1 | op=GET_FILE_STATUS {volume=volume70938, bucket=bucket97532, key=.Trash, dataSize=0, replicationConfig=null} | ret=FAILURE
org.apache.hadoop.ozone.om.exceptions.OMException: Unable to get file status: volume: volume70938 bucket: bucket97532 key: .Trash
	at org.apache.hadoop.ozone.om.KeyManagerImpl.getOzoneFileStatus(KeyManagerImpl.java:1280) ~[ozone-manager-1.3.0-SNAPSHOT.jar:?]
	at org.apache.hadoop.ozone.om.KeyManagerImpl.getFileStatus(KeyManagerImpl.java:1210) ~[ozone-manager-1.3.0-SNAPSHOT.jar:?]
	at org.apache.hadoop.ozone.om.OzoneManager.getFileStatus(OzoneManager.java:3009) ~[ozone-manager-1.3.0-SNAPSHOT.jar:?]
	at org.apache.hadoop.ozone.protocolPB.OzoneManagerRequestHandler.getOzoneFileStatus(OzoneManagerRequestHandler.java:670) ~[ozone-manager-1.3.0-SNAPSHOT.jar:?]
	at org.apache.hadoop.ozone.protocolPB.OzoneManagerRequestHandler.handleReadRequest(OzoneManagerRequestHandler.java:201) ~[ozone-manager-1.3.0-SNAPSHOT.jar:?]
	at org.apache.hadoop.ozone.protocolPB.OzoneManagerProtocolServerSideTranslatorPB.submitReadRequestToOM(OzoneManagerProtocolServerSideTranslatorPB.java:213) ~[ozone-manager-1.3.0-SNAPSHOT.jar:?]
	at org.apache.hadoop.ozone.protocolPB.OzoneManagerProtocolServerSideTranslatorPB.processRequest(OzoneManagerProtocolServerSideTranslatorPB.java:174) ~[ozone-manager-1.3.0-SNAPSHOT.jar:?]
	at org.apache.hadoop.hdds.server.OzoneProtocolMessageDispatcher.processRequest(OzoneProtocolMessageDispatcher.java:87) [hdds-server-framework-1.3.0-SNAPSHOT.jar:?]
	at org.apache.hadoop.ozone.protocolPB.OzoneManagerProtocolServerSideTranslatorPB.submitRequest(OzoneManagerProtocolServerSideTranslatorPB.java:146) [ozone-manager-1.3.0-SNAPSHOT.jar:?]
	at org.apache.hadoop.ozone.protocol.proto.OzoneManagerProtocolProtos$OzoneManagerService$2.callBlockingMethod(OzoneManagerProtocolProtos.java) [ozone-interface-client-1.3.0-SNAPSHOT.jar:?]
	at org.apache.hadoop.ipc.ProtobufRpcEngine$Server.processCall(ProtobufRpcEngine.java:466) [hadoop-common-3.3.1.jar:?]
	at org.apache.hadoop.ipc.ProtobufRpcEngine2$Server$ProtoBufRpcInvoker.call(ProtobufRpcEngine2.java:574) [hadoop-common-3.3.1.jar:?]
	at org.apache.hadoop.ipc.ProtobufRpcEngine2$Server$ProtoBufRpcInvoker.call(ProtobufRpcEngine2.java:552) [hadoop-common-3.3.1.jar:?]
	at org.apache.hadoop.ipc.RPC$Server.call(RPC.java:1093) [hadoop-common-3.3.1.jar:?]
	at org.apache.hadoop.ipc.Server$RpcCall.run(Server.java:1035) [hadoop-common-3.3.1.jar:?]
	at org.apache.hadoop.ipc.Server$RpcCall.run(Server.java:963) [hadoop-common-3.3.1.jar:?]
	at java.security.AccessController.doPrivileged(Native Method) ~[?:1.8.0_322]
	at javax.security.auth.Subject.doAs(Subject.java:422) [?:1.8.0_322]
	at org.apache.hadoop.security.UserGroupInformation.doAs(UserGroupInformation.java:1878) [hadoop-common-3.3.1.jar:?]
	at org.apache.hadoop.ipc.Server$Handler.run(Server.java:2966) [hadoop-common-3.3.1.jar:?]
2022-04-26 01:51:58,778 [Time-limited test] WARN  ozone.BasicOzoneFileSystem (BasicOzoneFileSystem.java:delete(530)) - delete: Path does not exist: o3fs://bucket97532.volume70938/.Trash
]]></system-out>
  </testcase>
  <testcase name="testListStatusOnLargeDirectoryForACLCheck" classname="TestOzoneFileSystem" time="1.74"/>
  <testcase name="testListStatusOnLargeDirectoryForACLCheck" classname="TestOzoneFileSystem" time="3.428"/>
  <testcase name="testListStatusOnLargeDirectoryForACLCheck" classname="TestOzoneFileSystem" time="4.6">
    <system-out><![CDATA[2022-04-26 01:55:23,341 [a49f3fd7-aca1-41c1-ad3c-01adfe75912a@group-1E5E024634D1-FollowerState] INFO  impl.FollowerState (FollowerState.java:run(134)) - a49f3fd7-aca1-41c1-ad3c-01adfe75912a@group-1E5E024634D1-FollowerState: change to CANDIDATE, lastRpcElapsedTime:5134362073ns, electionTimeout:5131ms
2022-04-26 01:55:23,341 [a49f3fd7-aca1-41c1-ad3c-01adfe75912a@group-1E5E024634D1-FollowerState] INFO  impl.RoleInfo (RoleInfo.java:shutdownFollowerState(108)) - a49f3fd7-aca1-41c1-ad3c-01adfe75912a: shutdown a49f3fd7-aca1-41c1-ad3c-01adfe75912a@group-1E5E024634D1-FollowerState
2022-04-26 01:55:23,341 [a49f3fd7-aca1-41c1-ad3c-01adfe75912a@group-1E5E024634D1-FollowerState] INFO  server.RaftServer$Division (RaftServerImpl.java:setRole(290)) - a49f3fd7-aca1-41c1-ad3c-01adfe75912a@group-1E5E024634D1: changes role from  FOLLOWER to CANDIDATE at term 4 for changeToCandidate
2022-04-26 01:55:23,341 [a49f3fd7-aca1-41c1-ad3c-01adfe75912a@group-1E5E024634D1-FollowerState] INFO  server.RaftServerConfigKeys (ConfUtils.java:logGet(44)) - raft.server.leaderelection.pre-vote = false (custom)
2022-04-26 01:55:23,341 [a49f3fd7-aca1-41c1-ad3c-01adfe75912a@group-1E5E024634D1-FollowerState] INFO  impl.RoleInfo (RoleInfo.java:updateAndGet(130)) - a49f3fd7-aca1-41c1-ad3c-01adfe75912a: start a49f3fd7-aca1-41c1-ad3c-01adfe75912a@group-1E5E024634D1-LeaderElection61
2022-04-26 01:55:23,353 [38feb0ec-788c-42ad-9852-eb5cbee3e7a8@group-1E5E024634D1-FollowerState] INFO  impl.FollowerState (FollowerState.java:run(134)) - 38feb0ec-788c-42ad-9852-eb5cbee3e7a8@group-1E5E024634D1-FollowerState: change to CANDIDATE, lastRpcElapsedTime:5138699504ns, electionTimeout:5109ms
2022-04-26 01:55:23,353 [38feb0ec-788c-42ad-9852-eb5cbee3e7a8@group-1E5E024634D1-FollowerState] INFO  impl.RoleInfo (RoleInfo.java:shutdownFollowerState(108)) - 38feb0ec-788c-42ad-9852-eb5cbee3e7a8: shutdown 38feb0ec-788c-42ad-9852-eb5cbee3e7a8@group-1E5E024634D1-FollowerState
2022-04-26 01:55:23,353 [38feb0ec-788c-42ad-9852-eb5cbee3e7a8@group-1E5E024634D1-FollowerState] INFO  server.RaftServer$Division (RaftServerImpl.java:setRole(290)) - 38feb0ec-788c-42ad-9852-eb5cbee3e7a8@group-1E5E024634D1: changes role from  FOLLOWER to CANDIDATE at term 4 for changeToCandidate
2022-04-26 01:55:23,362 [38feb0ec-788c-42ad-9852-eb5cbee3e7a8@group-1E5E024634D1-FollowerState] INFO  server.RaftServerConfigKeys (ConfUtils.java:logGet(44)) - raft.server.leaderelection.pre-vote = false (custom)
2022-04-26 01:55:23,362 [38feb0ec-788c-42ad-9852-eb5cbee3e7a8@group-1E5E024634D1-FollowerState] INFO  impl.RoleInfo (RoleInfo.java:updateAndGet(130)) - 38feb0ec-788c-42ad-9852-eb5cbee3e7a8: start 38feb0ec-788c-42ad-9852-eb5cbee3e7a8@group-1E5E024634D1-LeaderElection62
2022-04-26 01:55:23,369 [a49f3fd7-aca1-41c1-ad3c-01adfe75912a@group-1E5E024634D1-LeaderElection61] INFO  impl.LeaderElection (LeaderElection.java:askForVotes(306)) - a49f3fd7-aca1-41c1-ad3c-01adfe75912a@group-1E5E024634D1-LeaderElection61 ELECTION round 0: submit vote requests at term 5 for -1: [38feb0ec-788c-42ad-9852-eb5cbee3e7a8|rpc:10.1.0.42:43781|dataStream:|priority:0, a49f3fd7-aca1-41c1-ad3c-01adfe75912a|rpc:10.1.0.42:39407|dataStream:|priority:1, 2bf912ba-2a06-41a3-b1d6-bf04ad40fbe7|rpc:10.1.0.42:36263|dataStream:|priority:0], old=null
2022-04-26 01:55:23,407 [grpc-default-executor-2] INFO  server.RaftServer$Division (RaftServerImpl.java:requestVote(1046)) - 38feb0ec-788c-42ad-9852-eb5cbee3e7a8@group-1E5E024634D1: receive requestVote(ELECTION, a49f3fd7-aca1-41c1-ad3c-01adfe75912a, group-1E5E024634D1, 5, (t:0, i:0))
2022-04-26 01:55:23,408 [grpc-default-executor-0] INFO  server.RaftServer$Division (RaftServerImpl.java:requestVote(1046)) - 2bf912ba-2a06-41a3-b1d6-bf04ad40fbe7@group-1E5E024634D1: receive requestVote(ELECTION, a49f3fd7-aca1-41c1-ad3c-01adfe75912a, group-1E5E024634D1, 5, (t:0, i:0))
2022-04-26 01:55:23,408 [grpc-default-executor-0] INFO  impl.VoteContext (VoteContext.java:log(48)) - 2bf912ba-2a06-41a3-b1d6-bf04ad40fbe7@group-1E5E024634D1-FOLLOWER: accept ELECTION from a49f3fd7-aca1-41c1-ad3c-01adfe75912a: our priority 0 <= candidate's priority 1
2022-04-26 01:55:23,408 [grpc-default-executor-0] INFO  server.RaftServer$Division (RaftServerImpl.java:setRole(290)) - 2bf912ba-2a06-41a3-b1d6-bf04ad40fbe7@group-1E5E024634D1: changes role from  FOLLOWER to FOLLOWER at term 5 for candidate:a49f3fd7-aca1-41c1-ad3c-01adfe75912a
2022-04-26 01:55:23,408 [grpc-default-executor-0] INFO  impl.RoleInfo (RoleInfo.java:shutdownFollowerState(108)) - 2bf912ba-2a06-41a3-b1d6-bf04ad40fbe7: shutdown 2bf912ba-2a06-41a3-b1d6-bf04ad40fbe7@group-1E5E024634D1-FollowerState
2022-04-26 01:55:23,408 [grpc-default-executor-0] INFO  impl.RoleInfo (RoleInfo.java:updateAndGet(130)) - 2bf912ba-2a06-41a3-b1d6-bf04ad40fbe7: start 2bf912ba-2a06-41a3-b1d6-bf04ad40fbe7@group-1E5E024634D1-FollowerState
2022-04-26 01:55:23,408 [2bf912ba-2a06-41a3-b1d6-bf04ad40fbe7@group-1E5E024634D1-FollowerState] INFO  impl.FollowerState (FollowerState.java:run(143)) - 2bf912ba-2a06-41a3-b1d6-bf04ad40fbe7@group-1E5E024634D1-FollowerState was interrupted: {}
java.lang.InterruptedException: sleep interrupted
	at java.lang.Thread.sleep(Native Method)
	at java.lang.Thread.sleep(Thread.java:342)
	at java.util.concurrent.TimeUnit.sleep(TimeUnit.java:386)
	at org.apache.ratis.util.TimeDuration.sleep(TimeDuration.java:324)
	at org.apache.ratis.util.TimeDuration.sleep(TimeDuration.java:309)
	at org.apache.ratis.server.impl.FollowerState.run(FollowerState.java:118)
2022-04-26 01:55:23,409 [38feb0ec-788c-42ad-9852-eb5cbee3e7a8@group-1E5E024634D1-LeaderElection62] INFO  impl.LeaderElection (LeaderElection.java:askForVotes(306)) - 38feb0ec-788c-42ad-9852-eb5cbee3e7a8@group-1E5E024634D1-LeaderElection62 ELECTION round 0: submit vote requests at term 5 for -1: [38feb0ec-788c-42ad-9852-eb5cbee3e7a8|rpc:10.1.0.42:43781|priority:0, a49f3fd7-aca1-41c1-ad3c-01adfe75912a|rpc:10.1.0.42:39407|priority:1, 2bf912ba-2a06-41a3-b1d6-bf04ad40fbe7|rpc:10.1.0.42:36263|priority:0], old=null
2022-04-26 01:55:23,409 [grpc-default-executor-2] INFO  impl.VoteContext (VoteContext.java:log(48)) - 38feb0ec-788c-42ad-9852-eb5cbee3e7a8@group-1E5E024634D1-CANDIDATE: reject ELECTION from a49f3fd7-aca1-41c1-ad3c-01adfe75912a: already has voted for 38feb0ec-788c-42ad-9852-eb5cbee3e7a8 at current term 5
2022-04-26 01:55:23,409 [grpc-default-executor-2] INFO  server.RaftServer$Division (RaftServerImpl.java:requestVote(1078)) - 38feb0ec-788c-42ad-9852-eb5cbee3e7a8@group-1E5E024634D1 replies to ELECTION vote request: a49f3fd7-aca1-41c1-ad3c-01adfe75912a<-38feb0ec-788c-42ad-9852-eb5cbee3e7a8#0:FAIL-t5. Peer's state: 38feb0ec-788c-42ad-9852-eb5cbee3e7a8@group-1E5E024634D1:t5, leader=null, voted=38feb0ec-788c-42ad-9852-eb5cbee3e7a8, raftlog=38feb0ec-788c-42ad-9852-eb5cbee3e7a8@group-1E5E024634D1-SegmentedRaftLog:OPENED:c-1, conf=-1: [38feb0ec-788c-42ad-9852-eb5cbee3e7a8|rpc:10.1.0.42:43781|priority:0, a49f3fd7-aca1-41c1-ad3c-01adfe75912a|rpc:10.1.0.42:39407|priority:1, 2bf912ba-2a06-41a3-b1d6-bf04ad40fbe7|rpc:10.1.0.42:36263|priority:0], old=null
2022-04-26 01:55:23,424 [grpc-default-executor-0] INFO  server.RaftServer$Division (RaftServerImpl.java:requestVote(1078)) - 2bf912ba-2a06-41a3-b1d6-bf04ad40fbe7@group-1E5E024634D1 replies to ELECTION vote request: a49f3fd7-aca1-41c1-ad3c-01adfe75912a<-2bf912ba-2a06-41a3-b1d6-bf04ad40fbe7#0:OK-t5. Peer's state: 2bf912ba-2a06-41a3-b1d6-bf04ad40fbe7@group-1E5E024634D1:t5, leader=null, voted=a49f3fd7-aca1-41c1-ad3c-01adfe75912a, raftlog=2bf912ba-2a06-41a3-b1d6-bf04ad40fbe7@group-1E5E024634D1-SegmentedRaftLog:OPENED:c-1, conf=-1: [38feb0ec-788c-42ad-9852-eb5cbee3e7a8|rpc:10.1.0.42:43781|priority:0, a49f3fd7-aca1-41c1-ad3c-01adfe75912a|rpc:10.1.0.42:39407|priority:1, 2bf912ba-2a06-41a3-b1d6-bf04ad40fbe7|rpc:10.1.0.42:36263|priority:0], old=null
2022-04-26 01:55:23,521 [grpc-default-executor-0] INFO  server.RaftServer$Division (RaftServerImpl.java:requestVote(1046)) - a49f3fd7-aca1-41c1-ad3c-01adfe75912a@group-1E5E024634D1: receive requestVote(ELECTION, 38feb0ec-788c-42ad-9852-eb5cbee3e7a8, group-1E5E024634D1, 5, (t:0, i:0))
2022-04-26 01:55:23,521 [grpc-default-executor-0] INFO  impl.VoteContext (VoteContext.java:log(48)) - a49f3fd7-aca1-41c1-ad3c-01adfe75912a@group-1E5E024634D1-CANDIDATE: reject ELECTION from 38feb0ec-788c-42ad-9852-eb5cbee3e7a8: already has voted for a49f3fd7-aca1-41c1-ad3c-01adfe75912a at current term 5
2022-04-26 01:55:23,521 [grpc-default-executor-0] INFO  server.RaftServer$Division (RaftServerImpl.java:requestVote(1078)) - a49f3fd7-aca1-41c1-ad3c-01adfe75912a@group-1E5E024634D1 replies to ELECTION vote request: 38feb0ec-788c-42ad-9852-eb5cbee3e7a8<-a49f3fd7-aca1-41c1-ad3c-01adfe75912a#0:FAIL-t5. Peer's state: a49f3fd7-aca1-41c1-ad3c-01adfe75912a@group-1E5E024634D1:t5, leader=null, voted=a49f3fd7-aca1-41c1-ad3c-01adfe75912a, raftlog=a49f3fd7-aca1-41c1-ad3c-01adfe75912a@group-1E5E024634D1-SegmentedRaftLog:OPENED:c-1, conf=-1: [38feb0ec-788c-42ad-9852-eb5cbee3e7a8|rpc:10.1.0.42:43781|dataStream:|priority:0, a49f3fd7-aca1-41c1-ad3c-01adfe75912a|rpc:10.1.0.42:39407|dataStream:|priority:1, 2bf912ba-2a06-41a3-b1d6-bf04ad40fbe7|rpc:10.1.0.42:36263|dataStream:|priority:0], old=null
2022-04-26 01:55:23,522 [38feb0ec-788c-42ad-9852-eb5cbee3e7a8@group-1E5E024634D1-LeaderElection62] INFO  impl.LeaderElection (LeaderElection.java:logAndReturn(89)) - 38feb0ec-788c-42ad-9852-eb5cbee3e7a8@group-1E5E024634D1-LeaderElection62: ELECTION REJECTED received 1 response(s) and 0 exception(s):
2022-04-26 01:55:23,522 [38feb0ec-788c-42ad-9852-eb5cbee3e7a8@group-1E5E024634D1-LeaderElection62] INFO  impl.LeaderElection (LeaderElection.java:logAndReturn(93)) -   Response 0: 38feb0ec-788c-42ad-9852-eb5cbee3e7a8<-a49f3fd7-aca1-41c1-ad3c-01adfe75912a#0:FAIL-t5
2022-04-26 01:55:23,522 [38feb0ec-788c-42ad-9852-eb5cbee3e7a8@group-1E5E024634D1-LeaderElection62] INFO  impl.LeaderElection (LeaderElection.java:askForVotes(308)) - 38feb0ec-788c-42ad-9852-eb5cbee3e7a8@group-1E5E024634D1-LeaderElection62 ELECTION round 0: result REJECTED
2022-04-26 01:55:23,522 [38feb0ec-788c-42ad-9852-eb5cbee3e7a8@group-1E5E024634D1-LeaderElection62] INFO  server.RaftServer$Division (RaftServerImpl.java:setRole(290)) - 38feb0ec-788c-42ad-9852-eb5cbee3e7a8@group-1E5E024634D1: changes role from CANDIDATE to FOLLOWER at term 5 for REJECTED
2022-04-26 01:55:23,522 [38feb0ec-788c-42ad-9852-eb5cbee3e7a8@group-1E5E024634D1-LeaderElection62] INFO  impl.RoleInfo (RoleInfo.java:shutdownLeaderElection(121)) - 38feb0ec-788c-42ad-9852-eb5cbee3e7a8: shutdown 38feb0ec-788c-42ad-9852-eb5cbee3e7a8@group-1E5E024634D1-LeaderElection62
2022-04-26 01:55:23,522 [38feb0ec-788c-42ad-9852-eb5cbee3e7a8@group-1E5E024634D1-LeaderElection62] INFO  impl.RoleInfo (RoleInfo.java:updateAndGet(130)) - 38feb0ec-788c-42ad-9852-eb5cbee3e7a8: start 38feb0ec-788c-42ad-9852-eb5cbee3e7a8@group-1E5E024634D1-FollowerState
2022-04-26 01:55:23,545 [a49f3fd7-aca1-41c1-ad3c-01adfe75912a@group-1E5E024634D1-LeaderElection61] INFO  impl.LeaderElection (LeaderElection.java:logAndReturn(89)) - a49f3fd7-aca1-41c1-ad3c-01adfe75912a@group-1E5E024634D1-LeaderElection61: ELECTION PASSED received 2 response(s) and 0 exception(s):
2022-04-26 01:55:23,545 [a49f3fd7-aca1-41c1-ad3c-01adfe75912a@group-1E5E024634D1-LeaderElection61] INFO  impl.LeaderElection (LeaderElection.java:logAndReturn(93)) -   Response 0: a49f3fd7-aca1-41c1-ad3c-01adfe75912a<-38feb0ec-788c-42ad-9852-eb5cbee3e7a8#0:FAIL-t5
2022-04-26 01:55:23,545 [a49f3fd7-aca1-41c1-ad3c-01adfe75912a@group-1E5E024634D1-LeaderElection61] INFO  impl.LeaderElection (LeaderElection.java:logAndReturn(93)) -   Response 1: a49f3fd7-aca1-41c1-ad3c-01adfe75912a<-2bf912ba-2a06-41a3-b1d6-bf04ad40fbe7#0:OK-t5
2022-04-26 01:55:23,545 [a49f3fd7-aca1-41c1-ad3c-01adfe75912a@group-1E5E024634D1-LeaderElection61] INFO  impl.LeaderElection (LeaderElection.java:askForVotes(308)) - a49f3fd7-aca1-41c1-ad3c-01adfe75912a@group-1E5E024634D1-LeaderElection61 ELECTION round 0: result PASSED
2022-04-26 01:55:23,545 [a49f3fd7-aca1-41c1-ad3c-01adfe75912a@group-1E5E024634D1-LeaderElection61] INFO  impl.RoleInfo (RoleInfo.java:shutdownLeaderElection(121)) - a49f3fd7-aca1-41c1-ad3c-01adfe75912a: shutdown a49f3fd7-aca1-41c1-ad3c-01adfe75912a@group-1E5E024634D1-LeaderElection61
2022-04-26 01:55:23,545 [a49f3fd7-aca1-41c1-ad3c-01adfe75912a@group-1E5E024634D1-LeaderElection61] INFO  server.RaftServer$Division (RaftServerImpl.java:setRole(290)) - a49f3fd7-aca1-41c1-ad3c-01adfe75912a@group-1E5E024634D1: changes role from CANDIDATE to LEADER at term 5 for changeToLeader
2022-04-26 01:55:23,561 [grpc-default-executor-0] INFO  server.RaftServer$Division (RaftServerImpl.java:requestVote(1046)) - 2bf912ba-2a06-41a3-b1d6-bf04ad40fbe7@group-1E5E024634D1: receive requestVote(ELECTION, 38feb0ec-788c-42ad-9852-eb5cbee3e7a8, group-1E5E024634D1, 5, (t:0, i:0))
2022-04-26 01:55:23,561 [grpc-default-executor-0] INFO  impl.VoteContext (VoteContext.java:log(48)) - 2bf912ba-2a06-41a3-b1d6-bf04ad40fbe7@group-1E5E024634D1-FOLLOWER: reject ELECTION from 38feb0ec-788c-42ad-9852-eb5cbee3e7a8: already has voted for a49f3fd7-aca1-41c1-ad3c-01adfe75912a at current term 5
2022-04-26 01:55:23,561 [grpc-default-executor-0] INFO  server.RaftServer$Division (RaftServerImpl.java:requestVote(1078)) - 2bf912ba-2a06-41a3-b1d6-bf04ad40fbe7@group-1E5E024634D1 replies to ELECTION vote request: 38feb0ec-788c-42ad-9852-eb5cbee3e7a8<-2bf912ba-2a06-41a3-b1d6-bf04ad40fbe7#0:FAIL-t5. Peer's state: 2bf912ba-2a06-41a3-b1d6-bf04ad40fbe7@group-1E5E024634D1:t5, leader=null, voted=a49f3fd7-aca1-41c1-ad3c-01adfe75912a, raftlog=2bf912ba-2a06-41a3-b1d6-bf04ad40fbe7@group-1E5E024634D1-SegmentedRaftLog:OPENED:c-1, conf=-1: [38feb0ec-788c-42ad-9852-eb5cbee3e7a8|rpc:10.1.0.42:43781|priority:0, a49f3fd7-aca1-41c1-ad3c-01adfe75912a|rpc:10.1.0.42:39407|priority:1, 2bf912ba-2a06-41a3-b1d6-bf04ad40fbe7|rpc:10.1.0.42:36263|priority:0], old=null
2022-04-26 01:55:23,589 [a49f3fd7-aca1-41c1-ad3c-01adfe75912a@group-1E5E024634D1-LeaderElection61] INFO  ratis.XceiverServerRatis (XceiverServerRatis.java:handleLeaderChangedNotification(863)) - Leader change notification received for group: group-1E5E024634D1 with new leaderId: a49f3fd7-aca1-41c1-ad3c-01adfe75912a
2022-04-26 01:55:23,589 [a49f3fd7-aca1-41c1-ad3c-01adfe75912a@group-1E5E024634D1-LeaderElection61] INFO  server.RaftServer$Division (ServerState.java:setLeader(285)) - a49f3fd7-aca1-41c1-ad3c-01adfe75912a@group-1E5E024634D1: change Leader from null to a49f3fd7-aca1-41c1-ad3c-01adfe75912a at term 5 for becomeLeader, leader elected after 26277ms
2022-04-26 01:55:23,589 [a49f3fd7-aca1-41c1-ad3c-01adfe75912a@group-1E5E024634D1-LeaderElection61] INFO  server.RaftServerConfigKeys (ConfUtils.java:logGet(44)) - raft.server.staging.catchup.gap = 1000 (default)
2022-04-26 01:55:23,589 [a49f3fd7-aca1-41c1-ad3c-01adfe75912a@group-1E5E024634D1-LeaderElection61] INFO  server.RaftServerConfigKeys (ConfUtils.java:logGet(44)) - raft.server.write.element-limit = 1024 (custom)
2022-04-26 01:55:23,590 [a49f3fd7-aca1-41c1-ad3c-01adfe75912a@group-1E5E024634D1-LeaderElection61] INFO  server.RaftServerConfigKeys (ConfUtils.java:logGet(44)) - raft.server.write.byte-limit = 1024 M (=1073741824) (custom)
2022-04-26 01:55:23,590 [a49f3fd7-aca1-41c1-ad3c-01adfe75912a@group-1E5E024634D1-LeaderElection61] INFO  server.RaftServerConfigKeys (ConfUtils.java:logGet(44)) - raft.server.watch.timeout = 180s (custom)
2022-04-26 01:55:23,590 [a49f3fd7-aca1-41c1-ad3c-01adfe75912a@group-1E5E024634D1-LeaderElection61] INFO  server.RaftServerConfigKeys (ConfUtils.java:logGet(44)) - raft.server.watch.timeout.denomination = 1s (default)
2022-04-26 01:55:23,590 [a49f3fd7-aca1-41c1-ad3c-01adfe75912a@group-1E5E024634D1-LeaderElection61] INFO  server.RaftServerConfigKeys (ConfUtils.java:logGet(44)) - raft.server.watch.element-limit = 65536 (default)
2022-04-26 01:55:23,590 [a49f3fd7-aca1-41c1-ad3c-01adfe75912a@group-1E5E024634D1-LeaderElection61] INFO  server.RaftServerConfigKeys (ConfUtils.java:logGet(44)) - raft.server.write.element-limit = 1024 (custom)
2022-04-26 01:55:23,590 [a49f3fd7-aca1-41c1-ad3c-01adfe75912a@group-1E5E024634D1-LeaderElection61] INFO  server.RaftServerConfigKeys (ConfUtils.java:logGet(44)) - raft.server.write.follower.gap.ratio.max = -1.0 (default)
2022-04-26 01:55:23,590 [a49f3fd7-aca1-41c1-ad3c-01adfe75912a@group-1E5E024634D1-LeaderElection61] INFO  server.RaftServerConfigKeys (ConfUtils.java:logGet(44)) - raft.server.log.appender.snapshot.chunk.size.max = 16MB (=16777216) (default)
2022-04-26 01:55:23,590 [a49f3fd7-aca1-41c1-ad3c-01adfe75912a@group-1E5E024634D1-LeaderElection61] INFO  server.RaftServerConfigKeys (ConfUtils.java:logGet(44)) - raft.server.log.appender.buffer.byte-limit = 33554432 (custom)
2022-04-26 01:55:23,590 [a49f3fd7-aca1-41c1-ad3c-01adfe75912a@group-1E5E024634D1-LeaderElection61] INFO  server.RaftServerConfigKeys (ConfUtils.java:logGet(44)) - raft.server.log.appender.buffer.element-limit = 1 (custom)
2022-04-26 01:55:23,590 [a49f3fd7-aca1-41c1-ad3c-01adfe75912a@group-1E5E024634D1-LeaderElection61] INFO  grpc.GrpcConfigKeys (ConfUtils.java:logGet(44)) - raft.grpc.server.leader.outstanding.appends.max = 128 (default)
2022-04-26 01:55:23,590 [a49f3fd7-aca1-41c1-ad3c-01adfe75912a@group-1E5E024634D1-LeaderElection61] INFO  server.RaftServerConfigKeys (ConfUtils.java:logGet(44)) - raft.server.rpc.request.timeout = 60s (custom)
2022-04-26 01:55:23,590 [a49f3fd7-aca1-41c1-ad3c-01adfe75912a@group-1E5E024634D1-LeaderElection61] INFO  server.RaftServerConfigKeys (ConfUtils.java:logGet(44)) - raft.server.log.appender.install.snapshot.enabled = false (custom)
2022-04-26 01:55:23,591 [a49f3fd7-aca1-41c1-ad3c-01adfe75912a@group-1E5E024634D1-LeaderElection61] INFO  server.RaftServerConfigKeys (ConfUtils.java:logGet(44)) - raft.server.log.appender.snapshot.chunk.size.max = 16MB (=16777216) (default)
2022-04-26 01:55:23,591 [a49f3fd7-aca1-41c1-ad3c-01adfe75912a@group-1E5E024634D1-LeaderElection61] INFO  server.RaftServerConfigKeys (ConfUtils.java:logGet(44)) - raft.server.log.appender.buffer.byte-limit = 33554432 (custom)
2022-04-26 01:55:23,591 [a49f3fd7-aca1-41c1-ad3c-01adfe75912a@group-1E5E024634D1-LeaderElection61] INFO  server.RaftServerConfigKeys (ConfUtils.java:logGet(44)) - raft.server.log.appender.buffer.element-limit = 1 (custom)
2022-04-26 01:55:23,592 [a49f3fd7-aca1-41c1-ad3c-01adfe75912a@group-1E5E024634D1-LeaderElection61] INFO  grpc.GrpcConfigKeys (ConfUtils.java:logGet(44)) - raft.grpc.server.leader.outstanding.appends.max = 128 (default)
2022-04-26 01:55:23,592 [a49f3fd7-aca1-41c1-ad3c-01adfe75912a@group-1E5E024634D1-LeaderElection61] INFO  server.RaftServerConfigKeys (ConfUtils.java:logGet(44)) - raft.server.rpc.request.timeout = 60s (custom)
2022-04-26 01:55:23,592 [a49f3fd7-aca1-41c1-ad3c-01adfe75912a@group-1E5E024634D1-LeaderElection61] INFO  server.RaftServerConfigKeys (ConfUtils.java:logGet(44)) - raft.server.log.appender.install.snapshot.enabled = false (custom)
2022-04-26 01:55:23,593 [EventQueue-PipelineReportForPipelineReportHandler] INFO  pipeline.PipelineManagerImpl (PipelineManagerImpl.java:openPipeline(321)) - Pipeline Pipeline[ Id: bc49be9e-2878-4505-a407-1e5e024634d1, Nodes: a49f3fd7-aca1-41c1-ad3c-01adfe75912a{ip: 10.1.0.42, host: fv-az50-870.grzltbmokehuzjyc5b133kdqgh.cx.internal.cloudapp.net, ports: [REPLICATION=43077, RATIS=39407, RATIS_ADMIN=39407, RATIS_SERVER=39407, STANDALONE=43813], networkLocation: /default-rack, certSerialId: null, persistedOpState: IN_SERVICE, persistedOpStateExpiryEpochSec: 0}2bf912ba-2a06-41a3-b1d6-bf04ad40fbe7{ip: 10.1.0.42, host: fv-az50-870.grzltbmokehuzjyc5b133kdqgh.cx.internal.cloudapp.net, ports: [REPLICATION=37775, RATIS=36263, RATIS_ADMIN=36263, RATIS_SERVER=36263, STANDALONE=39001], networkLocation: /default-rack, certSerialId: null, persistedOpState: IN_SERVICE, persistedOpStateExpiryEpochSec: 0}38feb0ec-788c-42ad-9852-eb5cbee3e7a8{ip: 10.1.0.42, host: fv-az50-870.grzltbmokehuzjyc5b133kdqgh.cx.internal.cloudapp.net, ports: [REPLICATION=38187, RATIS=43781, RATIS_ADMIN=43781, RATIS_SERVER=43781, STANDALONE=44739], networkLocation: /default-rack, certSerialId: null, persistedOpState: IN_SERVICE, persistedOpStateExpiryEpochSec: 0}, ReplicationConfig: RATIS/THREE, State:ALLOCATED, leaderId:a49f3fd7-aca1-41c1-ad3c-01adfe75912a, CreationTimestamp2022-04-26T01:54:54.851Z[Etc/UTC]] moved to OPEN state
2022-04-26 01:55:23,595 [a49f3fd7-aca1-41c1-ad3c-01adfe75912a@group-1E5E024634D1-LeaderElection61] INFO  impl.RoleInfo (RoleInfo.java:updateAndGet(130)) - a49f3fd7-aca1-41c1-ad3c-01adfe75912a: start a49f3fd7-aca1-41c1-ad3c-01adfe75912a@group-1E5E024634D1-LeaderStateImpl
2022-04-26 01:55:23,595 [a49f3fd7-aca1-41c1-ad3c-01adfe75912a@group-1E5E024634D1-LeaderElection61] INFO  segmented.SegmentedRaftLogWorker (SegmentedRaftLogWorker.java:startLogSegment(394)) - a49f3fd7-aca1-41c1-ad3c-01adfe75912a@group-1E5E024634D1-SegmentedRaftLogWorker: Starting segment from index:0
2022-04-26 01:55:23,597 [a49f3fd7-aca1-41c1-ad3c-01adfe75912a@group-1E5E024634D1-SegmentedRaftLogWorker] INFO  segmented.SegmentedRaftLogWorker (SegmentedRaftLogWorker.java:execute(601)) - a49f3fd7-aca1-41c1-ad3c-01adfe75912a@group-1E5E024634D1-SegmentedRaftLogWorker: created new log segment /home/runner/work/ozone/ozone/hadoop-ozone/integration-test/target/test-dir/MiniOzoneClusterImpl-b265c8eb-45a8-4330-a699-f70d21251437/datanode-2/data/ratis/bc49be9e-2878-4505-a407-1e5e024634d1/current/log_inprogress_0
2022-04-26 01:55:23,665 [a49f3fd7-aca1-41c1-ad3c-01adfe75912a@group-1E5E024634D1-LeaderElection61] INFO  server.RaftServer$Division (ServerState.java:setRaftConf(387)) - a49f3fd7-aca1-41c1-ad3c-01adfe75912a@group-1E5E024634D1: set configuration 0: [38feb0ec-788c-42ad-9852-eb5cbee3e7a8|rpc:10.1.0.42:43781|dataStream:|priority:0, a49f3fd7-aca1-41c1-ad3c-01adfe75912a|rpc:10.1.0.42:39407|dataStream:|priority:1, 2bf912ba-2a06-41a3-b1d6-bf04ad40fbe7|rpc:10.1.0.42:36263|dataStream:|priority:0], old=null
2022-04-26 01:55:23,706 [grpc-default-executor-0] INFO  ratis.XceiverServerRatis (XceiverServerRatis.java:handleLeaderChangedNotification(863)) - Leader change notification received for group: group-1E5E024634D1 with new leaderId: a49f3fd7-aca1-41c1-ad3c-01adfe75912a
2022-04-26 01:55:23,706 [grpc-default-executor-0] INFO  server.RaftServer$Division (ServerState.java:setLeader(285)) - 2bf912ba-2a06-41a3-b1d6-bf04ad40fbe7@group-1E5E024634D1: change Leader from null to a49f3fd7-aca1-41c1-ad3c-01adfe75912a at term 5 for appendEntries, leader elected after 26539ms
2022-04-26 01:55:23,710 [grpc-default-executor-0] INFO  server.RaftServer$Division (ServerState.java:setRaftConf(387)) - 2bf912ba-2a06-41a3-b1d6-bf04ad40fbe7@group-1E5E024634D1: set configuration 0: [38feb0ec-788c-42ad-9852-eb5cbee3e7a8|rpc:10.1.0.42:43781|dataStream:|priority:0, a49f3fd7-aca1-41c1-ad3c-01adfe75912a|rpc:10.1.0.42:39407|dataStream:|priority:1, 2bf912ba-2a06-41a3-b1d6-bf04ad40fbe7|rpc:10.1.0.42:36263|dataStream:|priority:0], old=null
2022-04-26 01:55:23,711 [grpc-default-executor-0] INFO  segmented.SegmentedRaftLogWorker (SegmentedRaftLogWorker.java:startLogSegment(394)) - 2bf912ba-2a06-41a3-b1d6-bf04ad40fbe7@group-1E5E024634D1-SegmentedRaftLogWorker: Starting segment from index:0
2022-04-26 01:55:23,713 [2bf912ba-2a06-41a3-b1d6-bf04ad40fbe7@group-1E5E024634D1-SegmentedRaftLogWorker] INFO  segmented.SegmentedRaftLogWorker (SegmentedRaftLogWorker.java:execute(601)) - 2bf912ba-2a06-41a3-b1d6-bf04ad40fbe7@group-1E5E024634D1-SegmentedRaftLogWorker: created new log segment /home/runner/work/ozone/ozone/hadoop-ozone/integration-test/target/test-dir/MiniOzoneClusterImpl-b265c8eb-45a8-4330-a699-f70d21251437/datanode-0/data/ratis/bc49be9e-2878-4505-a407-1e5e024634d1/current/log_inprogress_0
2022-04-26 01:55:23,724 [grpc-default-executor-0] INFO  ratis.XceiverServerRatis (XceiverServerRatis.java:handleLeaderChangedNotification(863)) - Leader change notification received for group: group-1E5E024634D1 with new leaderId: a49f3fd7-aca1-41c1-ad3c-01adfe75912a
2022-04-26 01:55:23,724 [grpc-default-executor-0] INFO  server.RaftServer$Division (ServerState.java:setLeader(285)) - 38feb0ec-788c-42ad-9852-eb5cbee3e7a8@group-1E5E024634D1: change Leader from null to a49f3fd7-aca1-41c1-ad3c-01adfe75912a at term 5 for appendEntries, leader elected after 26451ms
2022-04-26 01:55:23,745 [grpc-default-executor-0] INFO  server.RaftServer$Division (ServerState.java:setRaftConf(387)) - 38feb0ec-788c-42ad-9852-eb5cbee3e7a8@group-1E5E024634D1: set configuration 0: [38feb0ec-788c-42ad-9852-eb5cbee3e7a8|rpc:10.1.0.42:43781|dataStream:|priority:0, a49f3fd7-aca1-41c1-ad3c-01adfe75912a|rpc:10.1.0.42:39407|dataStream:|priority:1, 2bf912ba-2a06-41a3-b1d6-bf04ad40fbe7|rpc:10.1.0.42:36263|dataStream:|priority:0], old=null
2022-04-26 01:55:23,745 [grpc-default-executor-0] INFO  segmented.SegmentedRaftLogWorker (SegmentedRaftLogWorker.java:startLogSegment(394)) - 38feb0ec-788c-42ad-9852-eb5cbee3e7a8@group-1E5E024634D1-SegmentedRaftLogWorker: Starting segment from index:0
2022-04-26 01:55:23,748 [38feb0ec-788c-42ad-9852-eb5cbee3e7a8@group-1E5E024634D1-SegmentedRaftLogWorker] INFO  segmented.SegmentedRaftLogWorker (SegmentedRaftLogWorker.java:execute(601)) - 38feb0ec-788c-42ad-9852-eb5cbee3e7a8@group-1E5E024634D1-SegmentedRaftLogWorker: created new log segment /home/runner/work/ozone/ozone/hadoop-ozone/integration-test/target/test-dir/MiniOzoneClusterImpl-b265c8eb-45a8-4330-a699-f70d21251437/datanode-1/data/ratis/bc49be9e-2878-4505-a407-1e5e024634d1/current/log_inprogress_0
2022-04-26 01:55:26,429 [org.apache.ratis.util.JvmPauseMonitor$$Lambda$580/456889832@1c57935c] WARN  util.JvmPauseMonitor (JvmPauseMonitor.java:detectPause(124)) - JvmPauseMonitor-3f26cc77-40bb-4b12-ae17-f23562ebcede: Detected pause in JVM or host machine (eg GC): pause of approximately 285863713ns.
GC pool 'PS MarkSweep' had collection(s): count=1 time=277ms
GC pool 'PS Scavenge' had collection(s): count=1 time=13ms
]]></system-out>
  </testcase>
  <testcase name="testRenameFileToDir" classname="TestOzoneFileSystem" time="0.047">
    <system-out><![CDATA[01:51:59.316 [IPC Server handler 17 on default port 44011] ERROR OMAudit - user=runner | ip=127.0.0.1 | op=LIST_STATUS {volume=volume70938, bucket=bucket97532, key=a/b/c/file1, dataSize=0, replicationConfig=null} | ret=FAILURE
org.apache.hadoop.ozone.om.exceptions.OMException: Unable to get file status: volume: volume70938 bucket: bucket97532 key: a/b/c/file1
	at org.apache.hadoop.ozone.om.KeyManagerImpl.getOzoneFileStatus(KeyManagerImpl.java:1280) ~[ozone-manager-1.3.0-SNAPSHOT.jar:?]
	at org.apache.hadoop.ozone.om.KeyManagerImpl.getFileStatus(KeyManagerImpl.java:1210) ~[ozone-manager-1.3.0-SNAPSHOT.jar:?]
	at org.apache.hadoop.ozone.om.KeyManagerImpl.listStatus(KeyManagerImpl.java:1513) ~[ozone-manager-1.3.0-SNAPSHOT.jar:?]
	at org.apache.hadoop.ozone.om.OzoneManager.listStatus(OzoneManager.java:3080) ~[ozone-manager-1.3.0-SNAPSHOT.jar:?]
	at org.apache.hadoop.ozone.protocolPB.OzoneManagerRequestHandler.listStatus(OzoneManagerRequestHandler.java:760) ~[ozone-manager-1.3.0-SNAPSHOT.jar:?]
	at org.apache.hadoop.ozone.protocolPB.OzoneManagerRequestHandler.handleReadRequest(OzoneManagerRequestHandler.java:212) ~[ozone-manager-1.3.0-SNAPSHOT.jar:?]
	at org.apache.hadoop.ozone.protocolPB.OzoneManagerProtocolServerSideTranslatorPB.submitReadRequestToOM(OzoneManagerProtocolServerSideTranslatorPB.java:213) ~[ozone-manager-1.3.0-SNAPSHOT.jar:?]
	at org.apache.hadoop.ozone.protocolPB.OzoneManagerProtocolServerSideTranslatorPB.processRequest(OzoneManagerProtocolServerSideTranslatorPB.java:174) ~[ozone-manager-1.3.0-SNAPSHOT.jar:?]
	at org.apache.hadoop.hdds.server.OzoneProtocolMessageDispatcher.processRequest(OzoneProtocolMessageDispatcher.java:87) [hdds-server-framework-1.3.0-SNAPSHOT.jar:?]
	at org.apache.hadoop.ozone.protocolPB.OzoneManagerProtocolServerSideTranslatorPB.submitRequest(OzoneManagerProtocolServerSideTranslatorPB.java:146) [ozone-manager-1.3.0-SNAPSHOT.jar:?]
	at org.apache.hadoop.ozone.protocol.proto.OzoneManagerProtocolProtos$OzoneManagerService$2.callBlockingMethod(OzoneManagerProtocolProtos.java) [ozone-interface-client-1.3.0-SNAPSHOT.jar:?]
	at org.apache.hadoop.ipc.ProtobufRpcEngine$Server.processCall(ProtobufRpcEngine.java:466) [hadoop-common-3.3.1.jar:?]
	at org.apache.hadoop.ipc.ProtobufRpcEngine2$Server$ProtoBufRpcInvoker.call(ProtobufRpcEngine2.java:574) [hadoop-common-3.3.1.jar:?]
	at org.apache.hadoop.ipc.ProtobufRpcEngine2$Server$ProtoBufRpcInvoker.call(ProtobufRpcEngine2.java:552) [hadoop-common-3.3.1.jar:?]
	at org.apache.hadoop.ipc.RPC$Server.call(RPC.java:1093) [hadoop-common-3.3.1.jar:?]
	at org.apache.hadoop.ipc.Server$RpcCall.run(Server.java:1035) [hadoop-common-3.3.1.jar:?]
	at org.apache.hadoop.ipc.Server$RpcCall.run(Server.java:963) [hadoop-common-3.3.1.jar:?]
	at java.security.AccessController.doPrivileged(Native Method) ~[?:1.8.0_322]
	at javax.security.auth.Subject.doAs(Subject.java:422) [?:1.8.0_322]
	at org.apache.hadoop.security.UserGroupInformation.doAs(UserGroupInformation.java:1878) [hadoop-common-3.3.1.jar:?]
	at org.apache.hadoop.ipc.Server$Handler.run(Server.java:2966) [hadoop-common-3.3.1.jar:?]
01:51:59.323 [IPC Server handler 4 on default port 44011] ERROR OMAudit - user=runner | ip=127.0.0.1 | op=GET_FILE_STATUS {volume=volume70938, bucket=bucket97532, key=.Trash, dataSize=0, replicationConfig=null} | ret=FAILURE
org.apache.hadoop.ozone.om.exceptions.OMException: Unable to get file status: volume: volume70938 bucket: bucket97532 key: .Trash
	at org.apache.hadoop.ozone.om.KeyManagerImpl.getOzoneFileStatus(KeyManagerImpl.java:1280) ~[ozone-manager-1.3.0-SNAPSHOT.jar:?]
	at org.apache.hadoop.ozone.om.KeyManagerImpl.getFileStatus(KeyManagerImpl.java:1210) ~[ozone-manager-1.3.0-SNAPSHOT.jar:?]
	at org.apache.hadoop.ozone.om.OzoneManager.getFileStatus(OzoneManager.java:3009) ~[ozone-manager-1.3.0-SNAPSHOT.jar:?]
	at org.apache.hadoop.ozone.protocolPB.OzoneManagerRequestHandler.getOzoneFileStatus(OzoneManagerRequestHandler.java:670) ~[ozone-manager-1.3.0-SNAPSHOT.jar:?]
	at org.apache.hadoop.ozone.protocolPB.OzoneManagerRequestHandler.handleReadRequest(OzoneManagerRequestHandler.java:201) ~[ozone-manager-1.3.0-SNAPSHOT.jar:?]
	at org.apache.hadoop.ozone.protocolPB.OzoneManagerProtocolServerSideTranslatorPB.submitReadRequestToOM(OzoneManagerProtocolServerSideTranslatorPB.java:213) ~[ozone-manager-1.3.0-SNAPSHOT.jar:?]
	at org.apache.hadoop.ozone.protocolPB.OzoneManagerProtocolServerSideTranslatorPB.processRequest(OzoneManagerProtocolServerSideTranslatorPB.java:174) ~[ozone-manager-1.3.0-SNAPSHOT.jar:?]
	at org.apache.hadoop.hdds.server.OzoneProtocolMessageDispatcher.processRequest(OzoneProtocolMessageDispatcher.java:87) [hdds-server-framework-1.3.0-SNAPSHOT.jar:?]
	at org.apache.hadoop.ozone.protocolPB.OzoneManagerProtocolServerSideTranslatorPB.submitRequest(OzoneManagerProtocolServerSideTranslatorPB.java:146) [ozone-manager-1.3.0-SNAPSHOT.jar:?]
	at org.apache.hadoop.ozone.protocol.proto.OzoneManagerProtocolProtos$OzoneManagerService$2.callBlockingMethod(OzoneManagerProtocolProtos.java) [ozone-interface-client-1.3.0-SNAPSHOT.jar:?]
	at org.apache.hadoop.ipc.ProtobufRpcEngine$Server.processCall(ProtobufRpcEngine.java:466) [hadoop-common-3.3.1.jar:?]
	at org.apache.hadoop.ipc.ProtobufRpcEngine2$Server$ProtoBufRpcInvoker.call(ProtobufRpcEngine2.java:574) [hadoop-common-3.3.1.jar:?]
	at org.apache.hadoop.ipc.ProtobufRpcEngine2$Server$ProtoBufRpcInvoker.call(ProtobufRpcEngine2.java:552) [hadoop-common-3.3.1.jar:?]
	at org.apache.hadoop.ipc.RPC$Server.call(RPC.java:1093) [hadoop-common-3.3.1.jar:?]
	at org.apache.hadoop.ipc.Server$RpcCall.run(Server.java:1035) [hadoop-common-3.3.1.jar:?]
	at org.apache.hadoop.ipc.Server$RpcCall.run(Server.java:963) [hadoop-common-3.3.1.jar:?]
	at java.security.AccessController.doPrivileged(Native Method) ~[?:1.8.0_322]
	at javax.security.auth.Subject.doAs(Subject.java:422) [?:1.8.0_322]
	at org.apache.hadoop.security.UserGroupInformation.doAs(UserGroupInformation.java:1878) [hadoop-common-3.3.1.jar:?]
	at org.apache.hadoop.ipc.Server$Handler.run(Server.java:2966) [hadoop-common-3.3.1.jar:?]
2022-04-26 01:51:59,324 [Time-limited test] WARN  ozone.BasicOzoneFileSystem (BasicOzoneFileSystem.java:delete(530)) - delete: Path does not exist: o3fs://bucket97532.volume70938/.Trash
]]></system-out>
  </testcase>
  <testcase name="testRenameFileToDir" classname="TestOzoneFileSystem" time="0.036">
    <system-out><![CDATA[01:53:03.920 [IPC Server handler 3 on default port 46323] ERROR OMAudit - user=runner | ip=127.0.0.1 | op=LIST_STATUS {volume=volume68825, bucket=bucket30700, key=a/b/c/file1, dataSize=0, replicationConfig=null} | ret=FAILURE
org.apache.hadoop.ozone.om.exceptions.OMException: Unable to get file status: volume: volume68825 bucket: bucket30700 key: a/b/c/file1
	at org.apache.hadoop.ozone.om.KeyManagerImpl.getOzoneFileStatus(KeyManagerImpl.java:1280) ~[ozone-manager-1.3.0-SNAPSHOT.jar:?]
	at org.apache.hadoop.ozone.om.KeyManagerImpl.getFileStatus(KeyManagerImpl.java:1210) ~[ozone-manager-1.3.0-SNAPSHOT.jar:?]
	at org.apache.hadoop.ozone.om.KeyManagerImpl.listStatus(KeyManagerImpl.java:1513) ~[ozone-manager-1.3.0-SNAPSHOT.jar:?]
	at org.apache.hadoop.ozone.om.OzoneManager.listStatus(OzoneManager.java:3080) ~[ozone-manager-1.3.0-SNAPSHOT.jar:?]
	at org.apache.hadoop.ozone.protocolPB.OzoneManagerRequestHandler.listStatus(OzoneManagerRequestHandler.java:760) ~[ozone-manager-1.3.0-SNAPSHOT.jar:?]
	at org.apache.hadoop.ozone.protocolPB.OzoneManagerRequestHandler.handleReadRequest(OzoneManagerRequestHandler.java:212) ~[ozone-manager-1.3.0-SNAPSHOT.jar:?]
	at org.apache.hadoop.ozone.protocolPB.OzoneManagerProtocolServerSideTranslatorPB.submitRequestDirectlyToOM(OzoneManagerProtocolServerSideTranslatorPB.java:271) ~[ozone-manager-1.3.0-SNAPSHOT.jar:?]
	at org.apache.hadoop.ozone.protocolPB.OzoneManagerProtocolServerSideTranslatorPB.processRequest(OzoneManagerProtocolServerSideTranslatorPB.java:195) ~[ozone-manager-1.3.0-SNAPSHOT.jar:?]
	at org.apache.hadoop.hdds.server.OzoneProtocolMessageDispatcher.processRequest(OzoneProtocolMessageDispatcher.java:87) [hdds-server-framework-1.3.0-SNAPSHOT.jar:?]
	at org.apache.hadoop.ozone.protocolPB.OzoneManagerProtocolServerSideTranslatorPB.submitRequest(OzoneManagerProtocolServerSideTranslatorPB.java:146) [ozone-manager-1.3.0-SNAPSHOT.jar:?]
	at org.apache.hadoop.ozone.protocol.proto.OzoneManagerProtocolProtos$OzoneManagerService$2.callBlockingMethod(OzoneManagerProtocolProtos.java) [ozone-interface-client-1.3.0-SNAPSHOT.jar:?]
	at org.apache.hadoop.ipc.ProtobufRpcEngine$Server.processCall(ProtobufRpcEngine.java:466) [hadoop-common-3.3.1.jar:?]
	at org.apache.hadoop.ipc.ProtobufRpcEngine2$Server$ProtoBufRpcInvoker.call(ProtobufRpcEngine2.java:574) [hadoop-common-3.3.1.jar:?]
	at org.apache.hadoop.ipc.ProtobufRpcEngine2$Server$ProtoBufRpcInvoker.call(ProtobufRpcEngine2.java:552) [hadoop-common-3.3.1.jar:?]
	at org.apache.hadoop.ipc.RPC$Server.call(RPC.java:1093) [hadoop-common-3.3.1.jar:?]
	at org.apache.hadoop.ipc.Server$RpcCall.run(Server.java:1035) [hadoop-common-3.3.1.jar:?]
	at org.apache.hadoop.ipc.Server$RpcCall.run(Server.java:963) [hadoop-common-3.3.1.jar:?]
	at java.security.AccessController.doPrivileged(Native Method) ~[?:1.8.0_322]
	at javax.security.auth.Subject.doAs(Subject.java:422) [?:1.8.0_322]
	at org.apache.hadoop.security.UserGroupInformation.doAs(UserGroupInformation.java:1878) [hadoop-common-3.3.1.jar:?]
	at org.apache.hadoop.ipc.Server$Handler.run(Server.java:2966) [hadoop-common-3.3.1.jar:?]
]]></system-out>
  </testcase>
  <testcase name="testRenameFileToDir" classname="TestOzoneFileSystem" time="0.046">
    <system-out><![CDATA[01:54:14.056 [IPC Server handler 4 on default port 40803] ERROR OMAudit - user=runner | ip=127.0.0.1 | op=LIST_STATUS {volume=volume85710, bucket=bucket48480, key=a/b/c/file1, dataSize=0, replicationConfig=null} | ret=FAILURE
org.apache.hadoop.ozone.om.exceptions.OMException: Unable to get file status: volume: volume85710 bucket: bucket48480 key: a/b/c/file1
	at org.apache.hadoop.ozone.om.KeyManagerImpl.getOzoneFileStatus(KeyManagerImpl.java:1280) ~[ozone-manager-1.3.0-SNAPSHOT.jar:?]
	at org.apache.hadoop.ozone.om.KeyManagerImpl.getFileStatus(KeyManagerImpl.java:1210) ~[ozone-manager-1.3.0-SNAPSHOT.jar:?]
	at org.apache.hadoop.ozone.om.KeyManagerImpl.listStatus(KeyManagerImpl.java:1513) ~[ozone-manager-1.3.0-SNAPSHOT.jar:?]
	at org.apache.hadoop.ozone.om.OzoneManager.listStatus(OzoneManager.java:3080) ~[ozone-manager-1.3.0-SNAPSHOT.jar:?]
	at org.apache.hadoop.ozone.protocolPB.OzoneManagerRequestHandler.listStatus(OzoneManagerRequestHandler.java:760) ~[ozone-manager-1.3.0-SNAPSHOT.jar:?]
	at org.apache.hadoop.ozone.protocolPB.OzoneManagerRequestHandler.handleReadRequest(OzoneManagerRequestHandler.java:212) ~[ozone-manager-1.3.0-SNAPSHOT.jar:?]
	at org.apache.hadoop.ozone.protocolPB.OzoneManagerProtocolServerSideTranslatorPB.submitReadRequestToOM(OzoneManagerProtocolServerSideTranslatorPB.java:213) ~[ozone-manager-1.3.0-SNAPSHOT.jar:?]
	at org.apache.hadoop.ozone.protocolPB.OzoneManagerProtocolServerSideTranslatorPB.processRequest(OzoneManagerProtocolServerSideTranslatorPB.java:174) ~[ozone-manager-1.3.0-SNAPSHOT.jar:?]
	at org.apache.hadoop.hdds.server.OzoneProtocolMessageDispatcher.processRequest(OzoneProtocolMessageDispatcher.java:87) [hdds-server-framework-1.3.0-SNAPSHOT.jar:?]
	at org.apache.hadoop.ozone.protocolPB.OzoneManagerProtocolServerSideTranslatorPB.submitRequest(OzoneManagerProtocolServerSideTranslatorPB.java:146) [ozone-manager-1.3.0-SNAPSHOT.jar:?]
	at org.apache.hadoop.ozone.protocol.proto.OzoneManagerProtocolProtos$OzoneManagerService$2.callBlockingMethod(OzoneManagerProtocolProtos.java) [ozone-interface-client-1.3.0-SNAPSHOT.jar:?]
	at org.apache.hadoop.ipc.ProtobufRpcEngine$Server.processCall(ProtobufRpcEngine.java:466) [hadoop-common-3.3.1.jar:?]
	at org.apache.hadoop.ipc.ProtobufRpcEngine2$Server$ProtoBufRpcInvoker.call(ProtobufRpcEngine2.java:574) [hadoop-common-3.3.1.jar:?]
	at org.apache.hadoop.ipc.ProtobufRpcEngine2$Server$ProtoBufRpcInvoker.call(ProtobufRpcEngine2.java:552) [hadoop-common-3.3.1.jar:?]
	at org.apache.hadoop.ipc.RPC$Server.call(RPC.java:1093) [hadoop-common-3.3.1.jar:?]
	at org.apache.hadoop.ipc.Server$RpcCall.run(Server.java:1035) [hadoop-common-3.3.1.jar:?]
	at org.apache.hadoop.ipc.Server$RpcCall.run(Server.java:963) [hadoop-common-3.3.1.jar:?]
	at java.security.AccessController.doPrivileged(Native Method) ~[?:1.8.0_322]
	at javax.security.auth.Subject.doAs(Subject.java:422) [?:1.8.0_322]
	at org.apache.hadoop.security.UserGroupInformation.doAs(UserGroupInformation.java:1878) [hadoop-common-3.3.1.jar:?]
	at org.apache.hadoop.ipc.Server$Handler.run(Server.java:2966) [hadoop-common-3.3.1.jar:?]
]]></system-out>
  </testcase>
  <testcase name="testRenameFileToDir" classname="TestOzoneFileSystem" time="0.069">
    <system-out><![CDATA[01:55:26.747 [IPC Server handler 8 on default port 35711] ERROR OMAudit - user=runner | ip=127.0.0.1 | op=LIST_STATUS {volume=volume11484, bucket=bucket58947, key=a/b/c/file1, dataSize=0, replicationConfig=null} | ret=FAILURE
org.apache.hadoop.ozone.om.exceptions.OMException: Unable to get file status: volume: volume11484 bucket: bucket58947 key: a/b/c/file1
	at org.apache.hadoop.ozone.om.KeyManagerImpl.getOzoneFileStatus(KeyManagerImpl.java:1280) ~[ozone-manager-1.3.0-SNAPSHOT.jar:?]
	at org.apache.hadoop.ozone.om.KeyManagerImpl.getFileStatus(KeyManagerImpl.java:1210) ~[ozone-manager-1.3.0-SNAPSHOT.jar:?]
	at org.apache.hadoop.ozone.om.KeyManagerImpl.listStatus(KeyManagerImpl.java:1513) ~[ozone-manager-1.3.0-SNAPSHOT.jar:?]
	at org.apache.hadoop.ozone.om.OzoneManager.listStatus(OzoneManager.java:3080) ~[ozone-manager-1.3.0-SNAPSHOT.jar:?]
	at org.apache.hadoop.ozone.protocolPB.OzoneManagerRequestHandler.listStatus(OzoneManagerRequestHandler.java:760) ~[ozone-manager-1.3.0-SNAPSHOT.jar:?]
	at org.apache.hadoop.ozone.protocolPB.OzoneManagerRequestHandler.handleReadRequest(OzoneManagerRequestHandler.java:212) ~[ozone-manager-1.3.0-SNAPSHOT.jar:?]
	at org.apache.hadoop.ozone.protocolPB.OzoneManagerProtocolServerSideTranslatorPB.submitRequestDirectlyToOM(OzoneManagerProtocolServerSideTranslatorPB.java:271) ~[ozone-manager-1.3.0-SNAPSHOT.jar:?]
	at org.apache.hadoop.ozone.protocolPB.OzoneManagerProtocolServerSideTranslatorPB.processRequest(OzoneManagerProtocolServerSideTranslatorPB.java:195) ~[ozone-manager-1.3.0-SNAPSHOT.jar:?]
	at org.apache.hadoop.hdds.server.OzoneProtocolMessageDispatcher.processRequest(OzoneProtocolMessageDispatcher.java:87) [hdds-server-framework-1.3.0-SNAPSHOT.jar:?]
	at org.apache.hadoop.ozone.protocolPB.OzoneManagerProtocolServerSideTranslatorPB.submitRequest(OzoneManagerProtocolServerSideTranslatorPB.java:146) [ozone-manager-1.3.0-SNAPSHOT.jar:?]
	at org.apache.hadoop.ozone.protocol.proto.OzoneManagerProtocolProtos$OzoneManagerService$2.callBlockingMethod(OzoneManagerProtocolProtos.java) [ozone-interface-client-1.3.0-SNAPSHOT.jar:?]
	at org.apache.hadoop.ipc.ProtobufRpcEngine$Server.processCall(ProtobufRpcEngine.java:466) [hadoop-common-3.3.1.jar:?]
	at org.apache.hadoop.ipc.ProtobufRpcEngine2$Server$ProtoBufRpcInvoker.call(ProtobufRpcEngine2.java:574) [hadoop-common-3.3.1.jar:?]
	at org.apache.hadoop.ipc.ProtobufRpcEngine2$Server$ProtoBufRpcInvoker.call(ProtobufRpcEngine2.java:552) [hadoop-common-3.3.1.jar:?]
	at org.apache.hadoop.ipc.RPC$Server.call(RPC.java:1093) [hadoop-common-3.3.1.jar:?]
	at org.apache.hadoop.ipc.Server$RpcCall.run(Server.java:1035) [hadoop-common-3.3.1.jar:?]
	at org.apache.hadoop.ipc.Server$RpcCall.run(Server.java:963) [hadoop-common-3.3.1.jar:?]
	at java.security.AccessController.doPrivileged(Native Method) ~[?:1.8.0_322]
	at javax.security.auth.Subject.doAs(Subject.java:422) [?:1.8.0_322]
	at org.apache.hadoop.security.UserGroupInformation.doAs(UserGroupInformation.java:1878) [hadoop-common-3.3.1.jar:?]
	at org.apache.hadoop.ipc.Server$Handler.run(Server.java:2966) [hadoop-common-3.3.1.jar:?]
]]></system-out>
  </testcase>
  <testcase name="testMakeDirsWithAnExistingDirectoryPath" classname="TestOzoneFileSystem" time="0.022">
    <system-out><![CDATA[01:51:59.351 [IPC Server handler 13 on default port 44011] ERROR OMAudit - user=runner | ip=127.0.0.1 | op=GET_FILE_STATUS {volume=volume70938, bucket=bucket97532, key=.Trash, dataSize=0, replicationConfig=null} | ret=FAILURE
org.apache.hadoop.ozone.om.exceptions.OMException: Unable to get file status: volume: volume70938 bucket: bucket97532 key: .Trash
	at org.apache.hadoop.ozone.om.KeyManagerImpl.getOzoneFileStatus(KeyManagerImpl.java:1280) ~[ozone-manager-1.3.0-SNAPSHOT.jar:?]
	at org.apache.hadoop.ozone.om.KeyManagerImpl.getFileStatus(KeyManagerImpl.java:1210) ~[ozone-manager-1.3.0-SNAPSHOT.jar:?]
	at org.apache.hadoop.ozone.om.OzoneManager.getFileStatus(OzoneManager.java:3009) ~[ozone-manager-1.3.0-SNAPSHOT.jar:?]
	at org.apache.hadoop.ozone.protocolPB.OzoneManagerRequestHandler.getOzoneFileStatus(OzoneManagerRequestHandler.java:670) ~[ozone-manager-1.3.0-SNAPSHOT.jar:?]
	at org.apache.hadoop.ozone.protocolPB.OzoneManagerRequestHandler.handleReadRequest(OzoneManagerRequestHandler.java:201) ~[ozone-manager-1.3.0-SNAPSHOT.jar:?]
	at org.apache.hadoop.ozone.protocolPB.OzoneManagerProtocolServerSideTranslatorPB.submitReadRequestToOM(OzoneManagerProtocolServerSideTranslatorPB.java:213) ~[ozone-manager-1.3.0-SNAPSHOT.jar:?]
	at org.apache.hadoop.ozone.protocolPB.OzoneManagerProtocolServerSideTranslatorPB.processRequest(OzoneManagerProtocolServerSideTranslatorPB.java:174) ~[ozone-manager-1.3.0-SNAPSHOT.jar:?]
	at org.apache.hadoop.hdds.server.OzoneProtocolMessageDispatcher.processRequest(OzoneProtocolMessageDispatcher.java:87) [hdds-server-framework-1.3.0-SNAPSHOT.jar:?]
	at org.apache.hadoop.ozone.protocolPB.OzoneManagerProtocolServerSideTranslatorPB.submitRequest(OzoneManagerProtocolServerSideTranslatorPB.java:146) [ozone-manager-1.3.0-SNAPSHOT.jar:?]
	at org.apache.hadoop.ozone.protocol.proto.OzoneManagerProtocolProtos$OzoneManagerService$2.callBlockingMethod(OzoneManagerProtocolProtos.java) [ozone-interface-client-1.3.0-SNAPSHOT.jar:?]
	at org.apache.hadoop.ipc.ProtobufRpcEngine$Server.processCall(ProtobufRpcEngine.java:466) [hadoop-common-3.3.1.jar:?]
	at org.apache.hadoop.ipc.ProtobufRpcEngine2$Server$ProtoBufRpcInvoker.call(ProtobufRpcEngine2.java:574) [hadoop-common-3.3.1.jar:?]
	at org.apache.hadoop.ipc.ProtobufRpcEngine2$Server$ProtoBufRpcInvoker.call(ProtobufRpcEngine2.java:552) [hadoop-common-3.3.1.jar:?]
	at org.apache.hadoop.ipc.RPC$Server.call(RPC.java:1093) [hadoop-common-3.3.1.jar:?]
	at org.apache.hadoop.ipc.Server$RpcCall.run(Server.java:1035) [hadoop-common-3.3.1.jar:?]
	at org.apache.hadoop.ipc.Server$RpcCall.run(Server.java:963) [hadoop-common-3.3.1.jar:?]
	at java.security.AccessController.doPrivileged(Native Method) ~[?:1.8.0_322]
	at javax.security.auth.Subject.doAs(Subject.java:422) [?:1.8.0_322]
	at org.apache.hadoop.security.UserGroupInformation.doAs(UserGroupInformation.java:1878) [hadoop-common-3.3.1.jar:?]
	at org.apache.hadoop.ipc.Server$Handler.run(Server.java:2966) [hadoop-common-3.3.1.jar:?]
2022-04-26 01:51:59,351 [Time-limited test] WARN  ozone.BasicOzoneFileSystem (BasicOzoneFileSystem.java:delete(530)) - delete: Path does not exist: o3fs://bucket97532.volume70938/.Trash
]]></system-out>
  </testcase>
  <testcase name="testMakeDirsWithAnExistingDirectoryPath" classname="TestOzoneFileSystem" time="0.033"/>
  <testcase name="testMakeDirsWithAnExistingDirectoryPath" classname="TestOzoneFileSystem" time="0.024"/>
  <testcase name="testMakeDirsWithAnExistingDirectoryPath" classname="TestOzoneFileSystem" time="0.059"/>
</testsuite>