<?xml version="1.0" encoding="UTF-8"?>
<testsuite xmlns:xsi="http://www.w3.org/2001/XMLSchema-instance" xsi:noNamespaceSchemaLocation="https://maven.apache.org/surefire/maven-surefire-plugin/xsd/surefire-test-report.xsd" name="org.apache.hadoop.hdds.scm.pipeline.TestPipelineClose" time="152.156" tests="4" errors="0" skipped="0" failures="1">
  <properties>
    <property name="awt.toolkit" value="sun.awt.X11.XToolkit"/>
    <property name="file.encoding.pkg" value="sun.io"/>
    <property name="java.specification.version" value="1.8"/>
    <property name="sun.cpu.isalist" value=""/>
    <property name="sun.jnu.encoding" value="UTF-8"/>
    <property name="java.class.path" value="/home/runner/work/ozone/ozone/hadoop-ozone/integration-test/target/test-classes:/home/runner/work/ozone/ozone/hadoop-ozone/integration-test/target/classes:/home/runner/.m2/repository/org/apache/ozone/ozone-common/1.2.0-SNAPSHOT/ozone-common-1.2.0-SNAPSHOT.jar:/home/runner/.m2/repository/org/apache/commons/commons-compress/1.20/commons-compress-1.20.jar:/home/runner/.m2/repository/org/apache/ozone/hdds-common/1.2.0-SNAPSHOT/hdds-common-1.2.0-SNAPSHOT.jar:/home/runner/.m2/repository/org/apache/ozone/hdds-client/1.2.0-SNAPSHOT/hdds-client-1.2.0-SNAPSHOT.jar:/home/runner/.m2/repository/org/apache/ozone/ozone-interface-client/1.2.0-SNAPSHOT/ozone-interface-client-1.2.0-SNAPSHOT.jar:/home/runner/.m2/repository/org/apache/ozone/hdds-server-framework/1.2.0-SNAPSHOT/hdds-server-framework-1.2.0-SNAPSHOT.jar:/home/runner/.m2/repository/org/apache/ozone/hdds-interface-server/1.2.0-SNAPSHOT/hdds-interface-server-1.2.0-SNAPSHOT.jar:/home/runner/.m2/repository/org/eclipse/jetty/jetty-servlet/9.4.43.v20210629/jetty-servlet-9.4.43.v20210629.jar:/home/runner/.m2/repository/org/eclipse/jetty/jetty-security/9.4.43.v20210629/jetty-security-9.4.43.v20210629.jar:/home/runner/.m2/repository/org/rocksdb/rocksdbjni/6.20.3/rocksdbjni-6.20.3.jar:/home/runner/.m2/repository/io/prometheus/simpleclient_dropwizard/0.7.0/simpleclient_dropwizard-0.7.0.jar:/home/runner/.m2/repository/io/prometheus/simpleclient/0.7.0/simpleclient-0.7.0.jar:/home/runner/.m2/repository/io/prometheus/simpleclient_common/0.7.0/simpleclient_common-0.7.0.jar:/home/runner/.m2/repository/com/fasterxml/jackson/datatype/jackson-datatype-jsr310/2.12.1/jackson-datatype-jsr310-2.12.1.jar:/home/runner/.m2/repository/org/apache/ozone/hdds-test-utils/1.2.0-SNAPSHOT/hdds-test-utils-1.2.0-SNAPSHOT.jar:/home/runner/.m2/repository/com/google/guava/guava/30.1.1-jre/guava-30.1.1-jre.jar:/home/runner/.m2/repository/com/google/guava/failureaccess/1.0.1/failureaccess-1.0.1.jar:/home/runner/.m2/repository/com/google/guava/listenablefuture/9999.0-empty-to-avoid-conflict-with-guava/listenablefuture-9999.0-empty-to-avoid-conflict-with-guava.jar:/home/runner/.m2/repository/com/google/code/findbugs/jsr305/3.0.0/jsr305-3.0.0.jar:/home/runner/.m2/repository/org/checkerframework/checker-qual/3.8.0/checker-qual-3.8.0.jar:/home/runner/.m2/repository/com/google/errorprone/error_prone_annotations/2.2.0/error_prone_annotations-2.2.0.jar:/home/runner/.m2/repository/com/google/j2objc/j2objc-annotations/1.3/j2objc-annotations-1.3.jar:/home/runner/.m2/repository/commons-io/commons-io/2.8.0/commons-io-2.8.0.jar:/home/runner/.m2/repository/commons-logging/commons-logging/1.2/commons-logging-1.2.jar:/home/runner/.m2/repository/log4j/log4j/1.2.17/log4j-1.2.17.jar:/home/runner/.m2/repository/org/slf4j/slf4j-api/1.7.30/slf4j-api-1.7.30.jar:/home/runner/.m2/repository/org/apache/ozone/hdds-server-scm/1.2.0-SNAPSHOT/hdds-server-scm-1.2.0-SNAPSHOT.jar:/home/runner/.m2/repository/org/apache/ozone/hdds-container-service/1.2.0-SNAPSHOT/hdds-container-service-1.2.0-SNAPSHOT.jar:/home/runner/.m2/repository/org/apache/ozone/hdds-hadoop-dependency-server/1.2.0-SNAPSHOT/hdds-hadoop-dependency-server-1.2.0-SNAPSHOT.jar:/home/runner/.m2/repository/org/apache/hadoop/hadoop-hdfs/3.3.1/hadoop-hdfs-3.3.1.jar:/home/runner/.m2/repository/io/dropwizard/metrics/metrics-core/3.2.4/metrics-core-3.2.4.jar:/home/runner/.m2/repository/org/apache/hadoop/hadoop-hdfs-client/3.3.1/hadoop-hdfs-client-3.3.1.jar:/home/runner/.m2/repository/org/bouncycastle/bcprov-jdk15on/1.67/bcprov-jdk15on-1.67.jar:/home/runner/.m2/repository/com/google/protobuf/protobuf-java/2.5.0/protobuf-java-2.5.0.jar:/home/runner/.m2/repository/org/apache/ozone/ozone-manager/1.2.0-SNAPSHOT/ozone-manager-1.2.0-SNAPSHOT.jar:/home/runner/.m2/repository/org/aspectj/aspectjrt/1.8.9/aspectjrt-1.8.9.jar:/home/runner/.m2/repository/org/aspectj/aspectjweaver/1.8.9/aspectjweaver-1.8.9.jar:/home/runner/.m2/repository/org/apache/ozone/hdds-interface-client/1.2.0-SNAPSHOT/hdds-interface-client-1.2.0-SNAPSHOT.jar:/home/runner/.m2/repository/org/apache/hadoop/thirdparty/hadoop-shaded-protobuf_3_7/1.1.1/hadoop-shaded-protobuf_3_7-1.1.1.jar:/home/runner/.m2/repository/org/apache/ratis/ratis-thirdparty-misc/0.7.0/ratis-thirdparty-misc-0.7.0.jar:/home/runner/.m2/repository/org/apache/ozone/ozone-interface-storage/1.2.0-SNAPSHOT/ozone-interface-storage-1.2.0-SNAPSHOT.jar:/home/runner/.m2/repository/org/reflections/reflections/0.9.11/reflections-0.9.11.jar:/home/runner/.m2/repository/org/apache/hadoop/hadoop-minikdc/3.3.1/hadoop-minikdc-3.3.1.jar:/home/runner/.m2/repository/org/apache/kerby/kerb-simplekdc/1.0.1/kerb-simplekdc-1.0.1.jar:/home/runner/.m2/repository/org/apache/kerby/kerb-client/1.0.1/kerb-client-1.0.1.jar:/home/runner/.m2/repository/org/apache/kerby/kerby-config/1.0.1/kerby-config-1.0.1.jar:/home/runner/.m2/repository/org/apache/kerby/kerb-common/1.0.1/kerb-common-1.0.1.jar:/home/runner/.m2/repository/org/apache/kerby/kerb-crypto/1.0.1/kerb-crypto-1.0.1.jar:/home/runner/.m2/repository/org/apache/kerby/kerb-util/1.0.1/kerb-util-1.0.1.jar:/home/runner/.m2/repository/org/apache/kerby/token-provider/1.0.1/token-provider-1.0.1.jar:/home/runner/.m2/repository/org/apache/kerby/kerb-admin/1.0.1/kerb-admin-1.0.1.jar:/home/runner/.m2/repository/org/apache/kerby/kerb-server/1.0.1/kerb-server-1.0.1.jar:/home/runner/.m2/repository/org/apache/kerby/kerb-identity/1.0.1/kerb-identity-1.0.1.jar:/home/runner/.m2/repository/org/apache/kerby/kerby-xdr/1.0.1/kerby-xdr-1.0.1.jar:/home/runner/.m2/repository/org/slf4j/slf4j-log4j12/1.7.30/slf4j-log4j12-1.7.30.jar:/home/runner/.m2/repository/org/apache/ozone/ozone-s3gateway/1.2.0-SNAPSHOT/ozone-s3gateway-1.2.0-SNAPSHOT.jar:/home/runner/.m2/repository/org/javassist/javassist/3.21.0-GA/javassist-3.21.0-GA.jar:/home/runner/.m2/repository/org/jboss/weld/servlet/weld-servlet/2.4.7.Final/weld-servlet-2.4.7.Final.jar:/home/runner/.m2/repository/org/glassfish/jersey/containers/jersey-container-servlet-core/2.33/jersey-container-servlet-core-2.33.jar:/home/runner/.m2/repository/org/glassfish/hk2/external/jakarta.inject/2.6.1/jakarta.inject-2.6.1.jar:/home/runner/.m2/repository/org/glassfish/jersey/core/jersey-common/2.33/jersey-common-2.33.jar:/home/runner/.m2/repository/jakarta/ws/rs/jakarta.ws.rs-api/2.1.6/jakarta.ws.rs-api-2.1.6.jar:/home/runner/.m2/repository/org/glassfish/jersey/ext/cdi/jersey-cdi1x/2.33/jersey-cdi1x-2.33.jar:/home/runner/.m2/repository/org/glassfish/jersey/inject/jersey-hk2/2.33/jersey-hk2-2.33.jar:/home/runner/.m2/repository/org/glassfish/hk2/hk2-locator/2.6.1/hk2-locator-2.6.1.jar:/home/runner/.m2/repository/org/glassfish/jersey/media/jersey-media-jaxb/2.33/jersey-media-jaxb-2.33.jar:/home/runner/.m2/repository/org/glassfish/hk2/osgi-resource-locator/1.0.3/osgi-resource-locator-1.0.3.jar:/home/runner/.m2/repository/org/glassfish/hk2/hk2-api/2.5.0/hk2-api-2.5.0.jar:/home/runner/.m2/repository/org/glassfish/hk2/hk2-utils/2.5.0/hk2-utils-2.5.0.jar:/home/runner/.m2/repository/org/glassfish/hk2/external/aopalliance-repackaged/2.5.0/aopalliance-repackaged-2.5.0.jar:/home/runner/.m2/repository/com/fasterxml/jackson/dataformat/jackson-dataformat-xml/2.12.1/jackson-dataformat-xml-2.12.1.jar:/home/runner/.m2/repository/com/fasterxml/jackson/core/jackson-core/2.12.1/jackson-core-2.12.1.jar:/home/runner/.m2/repository/com/fasterxml/jackson/module/jackson-module-jaxb-annotations/2.12.1/jackson-module-jaxb-annotations-2.12.1.jar:/home/runner/.m2/repository/jakarta/xml/bind/jakarta.xml.bind-api/2.3.2/jakarta.xml.bind-api-2.3.2.jar:/home/runner/.m2/repository/org/codehaus/woodstox/stax2-api/3.1.4/stax2-api-3.1.4.jar:/home/runner/.m2/repository/com/fasterxml/woodstox/woodstox-core/5.0.3/woodstox-core-5.0.3.jar:/home/runner/.m2/repository/javax/enterprise/cdi-api/1.2/cdi-api-1.2.jar:/home/runner/.m2/repository/javax/el/javax.el-api/3.0.0/javax.el-api-3.0.0.jar:/home/runner/.m2/repository/javax/interceptor/javax.interceptor-api/1.2/javax.interceptor-api-1.2.jar:/home/runner/.m2/repository/javax/inject/javax.inject/1/javax.inject-1.jar:/home/runner/.m2/repository/javax/xml/bind/jaxb-api/2.3.0/jaxb-api-2.3.0.jar:/home/runner/.m2/repository/org/glassfish/jaxb/jaxb-runtime/2.3.0.1/jaxb-runtime-2.3.0.1.jar:/home/runner/.m2/repository/org/glassfish/jaxb/jaxb-core/2.3.0.1/jaxb-core-2.3.0.1.jar:/home/runner/.m2/repository/org/glassfish/jaxb/txw2/2.3.0.1/txw2-2.3.0.1.jar:/home/runner/.m2/repository/com/sun/istack/istack-commons-runtime/3.0.5/istack-commons-runtime-3.0.5.jar:/home/runner/.m2/repository/org/jvnet/staxex/stax-ex/1.7.8/stax-ex-1.7.8.jar:/home/runner/.m2/repository/com/sun/xml/fastinfoset/FastInfoset/1.2.13/FastInfoset-1.2.13.jar:/home/runner/.m2/repository/javax/activation/activation/1.1.1/activation-1.1.1.jar:/home/runner/.m2/repository/org/apache/ozone/ozone-csi/1.2.0-SNAPSHOT/ozone-csi-1.2.0-SNAPSHOT.jar:/home/runner/.m2/repository/com/google/protobuf/protobuf-java-util/3.12.0/protobuf-java-util-3.12.0.jar:/home/runner/.m2/repository/com/google/code/gson/gson/2.2.4/gson-2.2.4.jar:/home/runner/.m2/repository/org/apache/ozone/hdds-config/1.2.0-SNAPSHOT/hdds-config-1.2.0-SNAPSHOT.jar:/home/runner/.m2/repository/io/grpc/grpc-netty/1.33.0/grpc-netty-1.33.0.jar:/home/runner/.m2/repository/io/grpc/grpc-core/1.33.0/grpc-core-1.33.0.jar:/home/runner/.m2/repository/com/google/android/annotations/4.1.1.4/annotations-4.1.1.4.jar:/home/runner/.m2/repository/io/netty/netty-codec-http2/4.1.63.Final/netty-codec-http2-4.1.63.Final.jar:/home/runner/.m2/repository/io/netty/netty-codec-http/4.1.63.Final/netty-codec-http-4.1.63.Final.jar:/home/runner/.m2/repository/io/netty/netty-handler-proxy/4.1.63.Final/netty-handler-proxy-4.1.63.Final.jar:/home/runner/.m2/repository/io/netty/netty-codec-socks/4.1.63.Final/netty-codec-socks-4.1.63.Final.jar:/home/runner/.m2/repository/io/perfmark/perfmark-api/0.19.0/perfmark-api-0.19.0.jar:/home/runner/.m2/repository/org/codehaus/mojo/animal-sniffer-annotations/1.18/animal-sniffer-annotations-1.18.jar:/home/runner/.m2/repository/io/netty/netty-transport-native-epoll/4.1.63.Final/netty-transport-native-epoll-4.1.63.Final.jar:/home/runner/.m2/repository/io/netty/netty-common/4.1.63.Final/netty-common-4.1.63.Final.jar:/home/runner/.m2/repository/io/netty/netty-buffer/4.1.63.Final/netty-buffer-4.1.63.Final.jar:/home/runner/.m2/repository/io/netty/netty-transport-native-unix-common/4.1.63.Final/netty-transport-native-unix-common-4.1.63.Final.jar:/home/runner/.m2/repository/io/grpc/grpc-protobuf/1.33.0/grpc-protobuf-1.33.0.jar:/home/runner/.m2/repository/io/grpc/grpc-api/1.33.0/grpc-api-1.33.0.jar:/home/runner/.m2/repository/io/grpc/grpc-context/1.33.0/grpc-context-1.33.0.jar:/home/runner/.m2/repository/com/google/api/grpc/proto-google-common-protos/1.17.0/proto-google-common-protos-1.17.0.jar:/home/runner/.m2/repository/io/grpc/grpc-protobuf-lite/1.33.0/grpc-protobuf-lite-1.33.0.jar:/home/runner/.m2/repository/io/grpc/grpc-stub/1.33.0/grpc-stub-1.33.0.jar:/home/runner/.m2/repository/org/apache/ozone/ozone-recon/1.2.0-SNAPSHOT/ozone-recon-1.2.0-SNAPSHOT.jar:/home/runner/.m2/repository/org/apache/ozone/ozone-reconcodegen/1.2.0-SNAPSHOT/ozone-reconcodegen-1.2.0-SNAPSHOT.jar:/home/runner/.m2/repository/com/google/inject/extensions/guice-multibindings/4.0/guice-multibindings-4.0.jar:/home/runner/.m2/repository/com/google/inject/guice/4.0/guice-4.0.jar:/home/runner/.m2/repository/aopalliance/aopalliance/1.0/aopalliance-1.0.jar:/home/runner/.m2/repository/com/google/inject/extensions/guice-assistedinject/4.0/guice-assistedinject-4.0.jar:/home/runner/.m2/repository/com/google/inject/extensions/guice-servlet/4.0/guice-servlet-4.0.jar:/home/runner/.m2/repository/org/glassfish/jersey/containers/jersey-container-servlet/2.33/jersey-container-servlet-2.33.jar:/home/runner/.m2/repository/org/glassfish/hk2/guice-bridge/2.5.0/guice-bridge-2.5.0.jar:/home/runner/.m2/repository/org/glassfish/jersey/core/jersey-server/2.33/jersey-server-2.33.jar:/home/runner/.m2/repository/org/glassfish/jersey/core/jersey-client/2.33/jersey-client-2.33.jar:/home/runner/.m2/repository/jakarta/annotation/jakarta.annotation-api/1.3.5/jakarta.annotation-api-1.3.5.jar:/home/runner/.m2/repository/jakarta/validation/jakarta.validation-api/2.0.2/jakarta.validation-api-2.0.2.jar:/home/runner/.m2/repository/org/glassfish/jersey/media/jersey-media-json-jackson/2.33/jersey-media-json-jackson-2.33.jar:/home/runner/.m2/repository/org/glassfish/jersey/ext/jersey-entity-filtering/2.33/jersey-entity-filtering-2.33.jar:/home/runner/.m2/repository/org/jooq/jooq/3.11.10/jooq-3.11.10.jar:/home/runner/.m2/repository/org/jooq/jooq-meta/3.11.10/jooq-meta-3.11.10.jar:/home/runner/.m2/repository/org/jooq/jooq-codegen/3.11.10/jooq-codegen-3.11.10.jar:/home/runner/.m2/repository/com/jolbox/bonecp/0.8.0.RELEASE/bonecp-0.8.0.RELEASE.jar:/home/runner/.m2/repository/org/apache/derby/derby/10.14.2.0/derby-10.14.2.0.jar:/home/runner/.m2/repository/org/xerial/sqlite-jdbc/3.25.2/sqlite-jdbc-3.25.2.jar:/home/runner/.m2/repository/org/springframework/spring-jdbc/5.2.11.RELEASE/spring-jdbc-5.2.11.RELEASE.jar:/home/runner/.m2/repository/org/springframework/spring-beans/5.2.11.RELEASE/spring-beans-5.2.11.RELEASE.jar:/home/runner/.m2/repository/org/springframework/spring-core/5.2.11.RELEASE/spring-core-5.2.11.RELEASE.jar:/home/runner/.m2/repository/org/springframework/spring-jcl/5.2.11.RELEASE/spring-jcl-5.2.11.RELEASE.jar:/home/runner/.m2/repository/org/springframework/spring-tx/5.2.11.RELEASE/spring-tx-5.2.11.RELEASE.jar:/home/runner/.m2/repository/org/apache/ozone/ozone-client/1.2.0-SNAPSHOT/ozone-client-1.2.0-SNAPSHOT.jar:/home/runner/.m2/repository/org/apache/ozone/ozone-filesystem/1.2.0-SNAPSHOT/ozone-filesystem-1.2.0-SNAPSHOT.jar:/home/runner/.m2/repository/org/apache/ozone/ozone-filesystem-common/1.2.0-SNAPSHOT/ozone-filesystem-common-1.2.0-SNAPSHOT.jar:/home/runner/.m2/repository/org/apache/ozone/ozone-tools/1.2.0-SNAPSHOT/ozone-tools-1.2.0-SNAPSHOT.jar:/home/runner/.m2/repository/org/apache/ratis/ratis-tools/2.1.0-03f3b68-SNAPSHOT/ratis-tools-2.1.0-03f3b68-SNAPSHOT.jar:/home/runner/.m2/repository/org/apache/ratis/ratis-proto/2.1.0-03f3b68-SNAPSHOT/ratis-proto-2.1.0-03f3b68-SNAPSHOT.jar:/home/runner/.m2/repository/org/apache/ratis/ratis-common/2.1.0-03f3b68-SNAPSHOT/ratis-common-2.1.0-03f3b68-SNAPSHOT.jar:/home/runner/.m2/repository/com/amazonaws/aws-java-sdk-core/1.11.901/aws-java-sdk-core-1.11.901.jar:/home/runner/.m2/repository/org/apache/httpcomponents/httpclient/4.5.13/httpclient-4.5.13.jar:/home/runner/.m2/repository/org/apache/httpcomponents/httpcore/4.4.13/httpcore-4.4.13.jar:/home/runner/.m2/repository/software/amazon/ion/ion-java/1.0.2/ion-java-1.0.2.jar:/home/runner/.m2/repository/com/fasterxml/jackson/dataformat/jackson-dataformat-cbor/2.12.1/jackson-dataformat-cbor-2.12.1.jar:/home/runner/.m2/repository/joda-time/joda-time/2.8.1/joda-time-2.8.1.jar:/home/runner/.m2/repository/com/amazonaws/aws-java-sdk-s3/1.11.901/aws-java-sdk-s3-1.11.901.jar:/home/runner/.m2/repository/com/amazonaws/aws-java-sdk-kms/1.11.901/aws-java-sdk-kms-1.11.901.jar:/home/runner/.m2/repository/com/amazonaws/jmespath-java/1.11.901/jmespath-java-1.11.901.jar:/home/runner/.m2/repository/org/kohsuke/metainf-services/metainf-services/1.8/metainf-services-1.8.jar:/home/runner/.m2/repository/org/apache/ozone/hdds-tools/1.2.0-SNAPSHOT/hdds-tools-1.2.0-SNAPSHOT.jar:/home/runner/.m2/repository/commons-cli/commons-cli/1.2/commons-cli-1.2.jar:/home/runner/.m2/repository/org/apache/commons/commons-lang3/3.7/commons-lang3-3.7.jar:/home/runner/.m2/repository/org/apache/ozone/ozone-manager/1.2.0-SNAPSHOT/ozone-manager-1.2.0-SNAPSHOT-tests.jar:/home/runner/.m2/repository/org/apache/ozone/hdds-common/1.2.0-SNAPSHOT/hdds-common-1.2.0-SNAPSHOT-tests.jar:/home/runner/.m2/repository/org/apache/ozone/hdds-hadoop-dependency-client/1.2.0-SNAPSHOT/hdds-hadoop-dependency-client-1.2.0-SNAPSHOT.jar:/home/runner/.m2/repository/info/picocli/picocli/4.4.0/picocli-4.4.0.jar:/home/runner/.m2/repository/com/fasterxml/jackson/core/jackson-annotations/2.12.1/jackson-annotations-2.12.1.jar:/home/runner/.m2/repository/javax/annotation/javax.annotation-api/1.2/javax.annotation-api-1.2.jar:/home/runner/.m2/repository/org/apache/ratis/ratis-server/2.1.0-03f3b68-SNAPSHOT/ratis-server-2.1.0-03f3b68-SNAPSHOT.jar:/home/runner/.m2/repository/org/apache/ratis/ratis-client/2.1.0-03f3b68-SNAPSHOT/ratis-client-2.1.0-03f3b68-SNAPSHOT.jar:/home/runner/.m2/repository/org/apache/ratis/ratis-server-api/2.1.0-03f3b68-SNAPSHOT/ratis-server-api-2.1.0-03f3b68-SNAPSHOT.jar:/home/runner/.m2/repository/org/apache/ratis/ratis-metrics/2.1.0-03f3b68-SNAPSHOT/ratis-metrics-2.1.0-03f3b68-SNAPSHOT.jar:/home/runner/.m2/repository/org/apache/ratis/ratis-netty/2.1.0-03f3b68-SNAPSHOT/ratis-netty-2.1.0-03f3b68-SNAPSHOT.jar:/home/runner/.m2/repository/org/apache/ratis/ratis-grpc/2.1.0-03f3b68-SNAPSHOT/ratis-grpc-2.1.0-03f3b68-SNAPSHOT.jar:/home/runner/.m2/repository/org/apache/logging/log4j/log4j-api/2.13.3/log4j-api-2.13.3.jar:/home/runner/.m2/repository/org/apache/logging/log4j/log4j-core/2.13.3/log4j-core-2.13.3.jar:/home/runner/.m2/repository/com/lmax/disruptor/3.4.2/disruptor-3.4.2.jar:/home/runner/.m2/repository/org/apache/commons/commons-pool2/2.6.0/commons-pool2-2.6.0.jar:/home/runner/.m2/repository/org/bouncycastle/bcpkix-jdk15on/1.67/bcpkix-jdk15on-1.67.jar:/home/runner/.m2/repository/commons-validator/commons-validator/1.6/commons-validator-1.6.jar:/home/runner/.m2/repository/commons-beanutils/commons-beanutils/1.9.4/commons-beanutils-1.9.4.jar:/home/runner/.m2/repository/commons-digester/commons-digester/1.8.1/commons-digester-1.8.1.jar:/home/runner/.m2/repository/commons-collections/commons-collections/3.2.2/commons-collections-3.2.2.jar:/home/runner/.m2/repository/io/jaegertracing/jaeger-client/1.6.0/jaeger-client-1.6.0.jar:/home/runner/.m2/repository/io/jaegertracing/jaeger-thrift/1.6.0/jaeger-thrift-1.6.0.jar:/home/runner/.m2/repository/org/apache/thrift/libthrift/0.14.1/libthrift-0.14.1.jar:/home/runner/.m2/repository/com/squareup/okhttp3/okhttp/4.9.0/okhttp-4.9.0.jar:/home/runner/.m2/repository/com/squareup/okio/okio/2.8.0/okio-2.8.0.jar:/home/runner/.m2/repository/io/jaegertracing/jaeger-core/1.6.0/jaeger-core-1.6.0.jar:/home/runner/.m2/repository/io/jaegertracing/jaeger-tracerresolver/1.6.0/jaeger-tracerresolver-1.6.0.jar:/home/runner/.m2/repository/io/opentracing/contrib/opentracing-tracerresolver/0.1.8/opentracing-tracerresolver-0.1.8.jar:/home/runner/.m2/repository/org/jetbrains/kotlin/kotlin-stdlib/1.4.31/kotlin-stdlib-1.4.31.jar:/home/runner/.m2/repository/org/jetbrains/kotlin/kotlin-stdlib-common/1.4.31/kotlin-stdlib-common-1.4.31.jar:/home/runner/.m2/repository/org/jetbrains/annotations/13.0/annotations-13.0.jar:/home/runner/.m2/repository/io/opentracing/opentracing-util/0.33.0/opentracing-util-0.33.0.jar:/home/runner/.m2/repository/io/opentracing/opentracing-api/0.33.0/opentracing-api-0.33.0.jar:/home/runner/.m2/repository/io/opentracing/opentracing-noop/0.33.0/opentracing-noop-0.33.0.jar:/home/runner/.m2/repository/org/yaml/snakeyaml/1.26/snakeyaml-1.26.jar:/home/runner/.m2/repository/org/apache/ozone/hdds-interface-admin/1.2.0-SNAPSHOT/hdds-interface-admin-1.2.0-SNAPSHOT.jar:/home/runner/.m2/repository/junit/junit/4.13.1/junit-4.13.1.jar:/home/runner/.m2/repository/org/hamcrest/hamcrest-core/1.3/hamcrest-core-1.3.jar:/home/runner/.m2/repository/org/junit/jupiter/junit-jupiter-api/5.7.0/junit-jupiter-api-5.7.0.jar:/home/runner/.m2/repository/org/apiguardian/apiguardian-api/1.1.0/apiguardian-api-1.1.0.jar:/home/runner/.m2/repository/org/opentest4j/opentest4j/1.2.0/opentest4j-1.2.0.jar:/home/runner/.m2/repository/org/junit/platform/junit-platform-commons/1.7.0/junit-platform-commons-1.7.0.jar:/home/runner/.m2/repository/org/junit/jupiter/junit-jupiter-engine/5.7.0/junit-jupiter-engine-5.7.0.jar:/home/runner/.m2/repository/org/junit/platform/junit-platform-engine/1.7.0/junit-platform-engine-1.7.0.jar:/home/runner/.m2/repository/org/junit/vintage/junit-vintage-engine/5.7.0/junit-vintage-engine-5.7.0.jar:/home/runner/.m2/repository/org/junit/platform/junit-platform-launcher/1.7.0/junit-platform-launcher-1.7.0.jar:/home/runner/.m2/repository/org/openjdk/jmh/jmh-core/1.19/jmh-core-1.19.jar:/home/runner/.m2/repository/net/sf/jopt-simple/jopt-simple/4.6/jopt-simple-4.6.jar:/home/runner/.m2/repository/org/apache/commons/commons-math3/3.1.1/commons-math3-3.1.1.jar:/home/runner/.m2/repository/org/openjdk/jmh/jmh-generator-annprocess/1.19/jmh-generator-annprocess-1.19.jar:/home/runner/.m2/repository/org/mockito/mockito-core/2.28.2/mockito-core-2.28.2.jar:/home/runner/.m2/repository/net/bytebuddy/byte-buddy/1.9.10/byte-buddy-1.9.10.jar:/home/runner/.m2/repository/net/bytebuddy/byte-buddy-agent/1.9.10/byte-buddy-agent-1.9.10.jar:/home/runner/.m2/repository/org/objenesis/objenesis/1.0/objenesis-1.0.jar:/home/runner/.m2/repository/org/apache/hadoop/hadoop-kms/3.3.1/hadoop-kms-3.3.1.jar:/home/runner/.m2/repository/org/apache/hadoop/hadoop-auth/3.3.1/hadoop-auth-3.3.1.jar:/home/runner/.m2/repository/com/nimbusds/nimbus-jose-jwt/7.9/nimbus-jose-jwt-7.9.jar:/home/runner/.m2/repository/com/github/stephenc/jcip/jcip-annotations/1.0-1/jcip-annotations-1.0-1.jar:/home/runner/.m2/repository/net/minidev/json-smart/2.3/json-smart-2.3.jar:/home/runner/.m2/repository/net/minidev/accessors-smart/1.2/accessors-smart-1.2.jar:/home/runner/.m2/repository/org/ow2/asm/asm/5.0.4/asm-5.0.4.jar:/home/runner/.m2/repository/org/apache/zookeeper/zookeeper/3.5.6/zookeeper-3.5.6.jar:/home/runner/.m2/repository/org/apache/zookeeper/zookeeper-jute/3.5.6/zookeeper-jute-3.5.6.jar:/home/runner/.m2/repository/org/apache/yetus/audience-annotations/0.5.0/audience-annotations-0.5.0.jar:/home/runner/.m2/repository/org/apache/curator/curator-framework/4.2.0/curator-framework-4.2.0.jar:/home/runner/.m2/repository/org/apache/hadoop/thirdparty/hadoop-shaded-guava/1.1.1/hadoop-shaded-guava-1.1.1.jar:/home/runner/.m2/repository/com/sun/jersey/jersey-core/1.19/jersey-core-1.19.jar:/home/runner/.m2/repository/javax/ws/rs/jsr311-api/1.1.1/jsr311-api-1.1.1.jar:/home/runner/.m2/repository/com/sun/jersey/jersey-server/1.19/jersey-server-1.19.jar:/home/runner/.m2/repository/javax/servlet/javax.servlet-api/3.1.0/javax.servlet-api-3.1.0.jar:/home/runner/.m2/repository/org/eclipse/jetty/jetty-server/9.4.43.v20210629/jetty-server-9.4.43.v20210629.jar:/home/runner/.m2/repository/org/eclipse/jetty/jetty-http/9.4.43.v20210629/jetty-http-9.4.43.v20210629.jar:/home/runner/.m2/repository/org/eclipse/jetty/jetty-io/9.4.43.v20210629/jetty-io-9.4.43.v20210629.jar:/home/runner/.m2/repository/org/eclipse/jetty/jetty-webapp/9.4.43.v20210629/jetty-webapp-9.4.43.v20210629.jar:/home/runner/.m2/repository/org/eclipse/jetty/jetty-xml/9.4.43.v20210629/jetty-xml-9.4.43.v20210629.jar:/home/runner/.m2/repository/org/apache/hadoop/hadoop-common/3.3.1/hadoop-common-3.3.1.jar:/home/runner/.m2/repository/commons-net/commons-net/3.6/commons-net-3.6.jar:/home/runner/.m2/repository/jakarta/activation/jakarta.activation-api/1.2.1/jakarta.activation-api-1.2.1.jar:/home/runner/.m2/repository/com/sun/jersey/jersey-servlet/1.19/jersey-servlet-1.19.jar:/home/runner/.m2/repository/com/sun/jersey/jersey-json/1.19/jersey-json-1.19.jar:/home/runner/.m2/repository/org/codehaus/jettison/jettison/1.1/jettison-1.1.jar:/home/runner/.m2/repository/com/sun/xml/bind/jaxb-impl/2.2.3-1/jaxb-impl-2.2.3-1.jar:/home/runner/.m2/repository/org/codehaus/jackson/jackson-jaxrs/1.9.2/jackson-jaxrs-1.9.2.jar:/home/runner/.m2/repository/org/codehaus/jackson/jackson-xc/1.9.2/jackson-xc-1.9.2.jar:/home/runner/.m2/repository/org/apache/commons/commons-configuration2/2.1.1/commons-configuration2-2.1.1.jar:/home/runner/.m2/repository/org/apache/commons/commons-text/1.4/commons-text-1.4.jar:/home/runner/.m2/repository/com/google/re2j/re2j/1.1/re2j-1.1.jar:/home/runner/.m2/repository/com/jcraft/jsch/0.1.54/jsch-0.1.54.jar:/home/runner/.m2/repository/org/apache/curator/curator-client/4.2.0/curator-client-4.2.0.jar:/home/runner/.m2/repository/org/apache/curator/curator-recipes/4.2.0/curator-recipes-4.2.0.jar:/home/runner/.m2/repository/org/apache/kerby/kerb-core/1.0.1/kerb-core-1.0.1.jar:/home/runner/.m2/repository/org/apache/kerby/kerby-pkix/1.0.1/kerby-pkix-1.0.1.jar:/home/runner/.m2/repository/org/apache/kerby/kerby-asn1/1.0.1/kerby-asn1-1.0.1.jar:/home/runner/.m2/repository/org/apache/kerby/kerby-util/1.0.1/kerby-util-1.0.1.jar:/home/runner/.m2/repository/dnsjava/dnsjava/2.1.7/dnsjava-2.1.7.jar:/home/runner/.m2/repository/org/xerial/snappy/snappy-java/1.1.8.2/snappy-java-1.1.8.2.jar:/home/runner/.m2/repository/org/slf4j/jul-to-slf4j/1.7.30/jul-to-slf4j-1.7.30.jar:/home/runner/.m2/repository/org/eclipse/jetty/jetty-util/9.4.43.v20210629/jetty-util-9.4.43.v20210629.jar:/home/runner/.m2/repository/com/fasterxml/jackson/core/jackson-databind/2.12.1/jackson-databind-2.12.1.jar:/home/runner/.m2/repository/org/apache/hadoop/hadoop-kms/3.3.1/hadoop-kms-3.3.1-tests.jar:/home/runner/.m2/repository/org/apache/ozone/hdds-server-scm/1.2.0-SNAPSHOT/hdds-server-scm-1.2.0-SNAPSHOT-tests.jar:/home/runner/.m2/repository/org/apache/ozone/hdds-container-service/1.2.0-SNAPSHOT/hdds-container-service-1.2.0-SNAPSHOT-tests.jar:/home/runner/.m2/repository/commons-codec/commons-codec/1.11/commons-codec-1.11.jar:/home/runner/.m2/repository/io/netty/netty-transport/4.1.63.Final/netty-transport-4.1.63.Final.jar:/home/runner/.m2/repository/io/netty/netty-resolver/4.1.63.Final/netty-resolver-4.1.63.Final.jar:/home/runner/.m2/repository/io/netty/netty-codec/4.1.63.Final/netty-codec-4.1.63.Final.jar:/home/runner/.m2/repository/io/netty/netty-handler/4.1.63.Final/netty-handler-4.1.63.Final.jar:/home/runner/.m2/repository/org/apache/ozone/hdds-hadoop-dependency-test/1.2.0-SNAPSHOT/hdds-hadoop-dependency-test-1.2.0-SNAPSHOT.jar:/home/runner/.m2/repository/org/apache/hadoop/hadoop-common/3.3.1/hadoop-common-3.3.1-tests.jar:/home/runner/.m2/repository/org/assertj/assertj-core/3.12.2/assertj-core-3.12.2.jar:/home/runner/.m2/repository/org/apache/hadoop/hadoop-hdfs/3.3.1/hadoop-hdfs-3.3.1-tests.jar:/home/runner/.m2/repository/org/eclipse/jetty/jetty-util-ajax/9.4.43.v20210629/jetty-util-ajax-9.4.43.v20210629.jar:/home/runner/.m2/repository/commons-daemon/commons-daemon/1.0.13/commons-daemon-1.0.13.jar:/home/runner/.m2/repository/io/netty/netty/3.10.6.Final/netty-3.10.6.Final.jar:/home/runner/.m2/repository/io/netty/netty-all/4.1.63.Final/netty-all-4.1.63.Final.jar:/home/runner/.m2/repository/org/apache/htrace/htrace-core4/4.1.0-incubating/htrace-core4-4.1.0-incubating.jar:/home/runner/.m2/repository/org/fusesource/leveldbjni/leveldbjni-all/1.8/leveldbjni-all-1.8.jar:/home/runner/.m2/repository/org/apache/hadoop/hadoop-distcp/3.3.1/hadoop-distcp-3.3.1.jar:/home/runner/.m2/repository/org/apache/hadoop/hadoop-mapreduce-client-jobclient/3.3.1/hadoop-mapreduce-client-jobclient-3.3.1.jar:/home/runner/.m2/repository/org/apache/hadoop/hadoop-mapreduce-client-common/3.3.1/hadoop-mapreduce-client-common-3.3.1.jar:/home/runner/.m2/repository/org/apache/hadoop/hadoop-yarn-common/3.3.1/hadoop-yarn-common-3.3.1.jar:/home/runner/.m2/repository/org/apache/hadoop/hadoop-yarn-api/3.3.1/hadoop-yarn-api-3.3.1.jar:/home/runner/.m2/repository/com/sun/jersey/jersey-client/1.19/jersey-client-1.19.jar:/home/runner/.m2/repository/com/sun/jersey/contribs/jersey-guice/1.19/jersey-guice-1.19.jar:/home/runner/.m2/repository/com/fasterxml/jackson/jaxrs/jackson-jaxrs-json-provider/2.12.1/jackson-jaxrs-json-provider-2.12.1.jar:/home/runner/.m2/repository/com/fasterxml/jackson/jaxrs/jackson-jaxrs-base/2.12.1/jackson-jaxrs-base-2.12.1.jar:/home/runner/.m2/repository/org/apache/hadoop/hadoop-yarn-client/3.3.1/hadoop-yarn-client-3.3.1.jar:/home/runner/.m2/repository/org/eclipse/jetty/websocket/websocket-client/9.4.40.v20210413/websocket-client-9.4.40.v20210413.jar:/home/runner/.m2/repository/org/eclipse/jetty/jetty-client/9.4.40.v20210413/jetty-client-9.4.40.v20210413.jar:/home/runner/.m2/repository/org/eclipse/jetty/websocket/websocket-common/9.4.40.v20210413/websocket-common-9.4.40.v20210413.jar:/home/runner/.m2/repository/org/eclipse/jetty/websocket/websocket-api/9.4.40.v20210413/websocket-api-9.4.40.v20210413.jar:/home/runner/.m2/repository/org/jline/jline/3.9.0/jline-3.9.0.jar:/home/runner/.m2/repository/org/apache/hadoop/hadoop-mapreduce-client-core/3.3.1/hadoop-mapreduce-client-core-3.3.1.jar:/home/runner/.m2/repository/org/apache/avro/avro/1.7.7/avro-1.7.7.jar:/home/runner/.m2/repository/org/codehaus/jackson/jackson-core-asl/1.9.13/jackson-core-asl-1.9.13.jar:/home/runner/.m2/repository/org/codehaus/jackson/jackson-mapper-asl/1.9.13/jackson-mapper-asl-1.9.13.jar:/home/runner/.m2/repository/com/thoughtworks/paranamer/paranamer/2.3/paranamer-2.3.jar:/home/runner/.m2/repository/org/apache/hadoop/hadoop-annotations/3.3.1/hadoop-annotations-3.3.1.jar:/usr/lib/jvm/adoptopenjdk-8-hotspot-amd64/jre/../lib/tools.jar:/home/runner/.m2/repository/org/apache/hadoop/hadoop-distcp/3.3.1/hadoop-distcp-3.3.1-tests.jar:"/>
    <property name="java.vm.vendor" value="AdoptOpenJDK"/>
    <property name="sun.arch.data.model" value="64"/>
    <property name="test.build.dir" value="/home/runner/work/ozone/ozone/hadoop-ozone/integration-test/target/test-dir"/>
    <property name="test.cache.data" value=""/>
    <property name="java.vendor.url" value="https://adoptopenjdk.net/"/>
    <property name="user.timezone" value=""/>
    <property name="java.vm.specification.version" value="1.8"/>
    <property name="os.name" value="Linux"/>
    <property name="test.build.data" value="/home/runner/work/ozone/ozone/hadoop-ozone/integration-test/target/test-dir"/>
    <property name="sun.java.launcher" value="SUN_STANDARD"/>
    <property name="sun.boot.library.path" value="/usr/lib/jvm/adoptopenjdk-8-hotspot-amd64/jre/lib/amd64"/>
    <property name="sun.java.command" value="/home/runner/work/ozone/ozone/hadoop-ozone/integration-test/target/surefire/surefirebooter6433702959223800933.jar /home/runner/work/ozone/ozone/hadoop-ozone/integration-test/target/surefire 2021-08-15T12-48-45_578-jvmRun1 surefire6628274556675986251tmp surefire_143118384070467820177tmp"/>
    <property name="surefire.test.class.path" value="/home/runner/work/ozone/ozone/hadoop-ozone/integration-test/target/test-classes:/home/runner/work/ozone/ozone/hadoop-ozone/integration-test/target/classes:/home/runner/.m2/repository/org/apache/ozone/ozone-common/1.2.0-SNAPSHOT/ozone-common-1.2.0-SNAPSHOT.jar:/home/runner/.m2/repository/org/apache/commons/commons-compress/1.20/commons-compress-1.20.jar:/home/runner/.m2/repository/org/apache/ozone/hdds-common/1.2.0-SNAPSHOT/hdds-common-1.2.0-SNAPSHOT.jar:/home/runner/.m2/repository/org/apache/ozone/hdds-client/1.2.0-SNAPSHOT/hdds-client-1.2.0-SNAPSHOT.jar:/home/runner/.m2/repository/org/apache/ozone/ozone-interface-client/1.2.0-SNAPSHOT/ozone-interface-client-1.2.0-SNAPSHOT.jar:/home/runner/.m2/repository/org/apache/ozone/hdds-server-framework/1.2.0-SNAPSHOT/hdds-server-framework-1.2.0-SNAPSHOT.jar:/home/runner/.m2/repository/org/apache/ozone/hdds-interface-server/1.2.0-SNAPSHOT/hdds-interface-server-1.2.0-SNAPSHOT.jar:/home/runner/.m2/repository/org/eclipse/jetty/jetty-servlet/9.4.43.v20210629/jetty-servlet-9.4.43.v20210629.jar:/home/runner/.m2/repository/org/eclipse/jetty/jetty-security/9.4.43.v20210629/jetty-security-9.4.43.v20210629.jar:/home/runner/.m2/repository/org/rocksdb/rocksdbjni/6.20.3/rocksdbjni-6.20.3.jar:/home/runner/.m2/repository/io/prometheus/simpleclient_dropwizard/0.7.0/simpleclient_dropwizard-0.7.0.jar:/home/runner/.m2/repository/io/prometheus/simpleclient/0.7.0/simpleclient-0.7.0.jar:/home/runner/.m2/repository/io/prometheus/simpleclient_common/0.7.0/simpleclient_common-0.7.0.jar:/home/runner/.m2/repository/com/fasterxml/jackson/datatype/jackson-datatype-jsr310/2.12.1/jackson-datatype-jsr310-2.12.1.jar:/home/runner/.m2/repository/org/apache/ozone/hdds-test-utils/1.2.0-SNAPSHOT/hdds-test-utils-1.2.0-SNAPSHOT.jar:/home/runner/.m2/repository/com/google/guava/guava/30.1.1-jre/guava-30.1.1-jre.jar:/home/runner/.m2/repository/com/google/guava/failureaccess/1.0.1/failureaccess-1.0.1.jar:/home/runner/.m2/repository/com/google/guava/listenablefuture/9999.0-empty-to-avoid-conflict-with-guava/listenablefuture-9999.0-empty-to-avoid-conflict-with-guava.jar:/home/runner/.m2/repository/com/google/code/findbugs/jsr305/3.0.0/jsr305-3.0.0.jar:/home/runner/.m2/repository/org/checkerframework/checker-qual/3.8.0/checker-qual-3.8.0.jar:/home/runner/.m2/repository/com/google/errorprone/error_prone_annotations/2.2.0/error_prone_annotations-2.2.0.jar:/home/runner/.m2/repository/com/google/j2objc/j2objc-annotations/1.3/j2objc-annotations-1.3.jar:/home/runner/.m2/repository/commons-io/commons-io/2.8.0/commons-io-2.8.0.jar:/home/runner/.m2/repository/commons-logging/commons-logging/1.2/commons-logging-1.2.jar:/home/runner/.m2/repository/log4j/log4j/1.2.17/log4j-1.2.17.jar:/home/runner/.m2/repository/org/slf4j/slf4j-api/1.7.30/slf4j-api-1.7.30.jar:/home/runner/.m2/repository/org/apache/ozone/hdds-server-scm/1.2.0-SNAPSHOT/hdds-server-scm-1.2.0-SNAPSHOT.jar:/home/runner/.m2/repository/org/apache/ozone/hdds-container-service/1.2.0-SNAPSHOT/hdds-container-service-1.2.0-SNAPSHOT.jar:/home/runner/.m2/repository/org/apache/ozone/hdds-hadoop-dependency-server/1.2.0-SNAPSHOT/hdds-hadoop-dependency-server-1.2.0-SNAPSHOT.jar:/home/runner/.m2/repository/org/apache/hadoop/hadoop-hdfs/3.3.1/hadoop-hdfs-3.3.1.jar:/home/runner/.m2/repository/io/dropwizard/metrics/metrics-core/3.2.4/metrics-core-3.2.4.jar:/home/runner/.m2/repository/org/apache/hadoop/hadoop-hdfs-client/3.3.1/hadoop-hdfs-client-3.3.1.jar:/home/runner/.m2/repository/org/bouncycastle/bcprov-jdk15on/1.67/bcprov-jdk15on-1.67.jar:/home/runner/.m2/repository/com/google/protobuf/protobuf-java/2.5.0/protobuf-java-2.5.0.jar:/home/runner/.m2/repository/org/apache/ozone/ozone-manager/1.2.0-SNAPSHOT/ozone-manager-1.2.0-SNAPSHOT.jar:/home/runner/.m2/repository/org/aspectj/aspectjrt/1.8.9/aspectjrt-1.8.9.jar:/home/runner/.m2/repository/org/aspectj/aspectjweaver/1.8.9/aspectjweaver-1.8.9.jar:/home/runner/.m2/repository/org/apache/ozone/hdds-interface-client/1.2.0-SNAPSHOT/hdds-interface-client-1.2.0-SNAPSHOT.jar:/home/runner/.m2/repository/org/apache/hadoop/thirdparty/hadoop-shaded-protobuf_3_7/1.1.1/hadoop-shaded-protobuf_3_7-1.1.1.jar:/home/runner/.m2/repository/org/apache/ratis/ratis-thirdparty-misc/0.7.0/ratis-thirdparty-misc-0.7.0.jar:/home/runner/.m2/repository/org/apache/ozone/ozone-interface-storage/1.2.0-SNAPSHOT/ozone-interface-storage-1.2.0-SNAPSHOT.jar:/home/runner/.m2/repository/org/reflections/reflections/0.9.11/reflections-0.9.11.jar:/home/runner/.m2/repository/org/apache/hadoop/hadoop-minikdc/3.3.1/hadoop-minikdc-3.3.1.jar:/home/runner/.m2/repository/org/apache/kerby/kerb-simplekdc/1.0.1/kerb-simplekdc-1.0.1.jar:/home/runner/.m2/repository/org/apache/kerby/kerb-client/1.0.1/kerb-client-1.0.1.jar:/home/runner/.m2/repository/org/apache/kerby/kerby-config/1.0.1/kerby-config-1.0.1.jar:/home/runner/.m2/repository/org/apache/kerby/kerb-common/1.0.1/kerb-common-1.0.1.jar:/home/runner/.m2/repository/org/apache/kerby/kerb-crypto/1.0.1/kerb-crypto-1.0.1.jar:/home/runner/.m2/repository/org/apache/kerby/kerb-util/1.0.1/kerb-util-1.0.1.jar:/home/runner/.m2/repository/org/apache/kerby/token-provider/1.0.1/token-provider-1.0.1.jar:/home/runner/.m2/repository/org/apache/kerby/kerb-admin/1.0.1/kerb-admin-1.0.1.jar:/home/runner/.m2/repository/org/apache/kerby/kerb-server/1.0.1/kerb-server-1.0.1.jar:/home/runner/.m2/repository/org/apache/kerby/kerb-identity/1.0.1/kerb-identity-1.0.1.jar:/home/runner/.m2/repository/org/apache/kerby/kerby-xdr/1.0.1/kerby-xdr-1.0.1.jar:/home/runner/.m2/repository/org/slf4j/slf4j-log4j12/1.7.30/slf4j-log4j12-1.7.30.jar:/home/runner/.m2/repository/org/apache/ozone/ozone-s3gateway/1.2.0-SNAPSHOT/ozone-s3gateway-1.2.0-SNAPSHOT.jar:/home/runner/.m2/repository/org/javassist/javassist/3.21.0-GA/javassist-3.21.0-GA.jar:/home/runner/.m2/repository/org/jboss/weld/servlet/weld-servlet/2.4.7.Final/weld-servlet-2.4.7.Final.jar:/home/runner/.m2/repository/org/glassfish/jersey/containers/jersey-container-servlet-core/2.33/jersey-container-servlet-core-2.33.jar:/home/runner/.m2/repository/org/glassfish/hk2/external/jakarta.inject/2.6.1/jakarta.inject-2.6.1.jar:/home/runner/.m2/repository/org/glassfish/jersey/core/jersey-common/2.33/jersey-common-2.33.jar:/home/runner/.m2/repository/jakarta/ws/rs/jakarta.ws.rs-api/2.1.6/jakarta.ws.rs-api-2.1.6.jar:/home/runner/.m2/repository/org/glassfish/jersey/ext/cdi/jersey-cdi1x/2.33/jersey-cdi1x-2.33.jar:/home/runner/.m2/repository/org/glassfish/jersey/inject/jersey-hk2/2.33/jersey-hk2-2.33.jar:/home/runner/.m2/repository/org/glassfish/hk2/hk2-locator/2.6.1/hk2-locator-2.6.1.jar:/home/runner/.m2/repository/org/glassfish/jersey/media/jersey-media-jaxb/2.33/jersey-media-jaxb-2.33.jar:/home/runner/.m2/repository/org/glassfish/hk2/osgi-resource-locator/1.0.3/osgi-resource-locator-1.0.3.jar:/home/runner/.m2/repository/org/glassfish/hk2/hk2-api/2.5.0/hk2-api-2.5.0.jar:/home/runner/.m2/repository/org/glassfish/hk2/hk2-utils/2.5.0/hk2-utils-2.5.0.jar:/home/runner/.m2/repository/org/glassfish/hk2/external/aopalliance-repackaged/2.5.0/aopalliance-repackaged-2.5.0.jar:/home/runner/.m2/repository/com/fasterxml/jackson/dataformat/jackson-dataformat-xml/2.12.1/jackson-dataformat-xml-2.12.1.jar:/home/runner/.m2/repository/com/fasterxml/jackson/core/jackson-core/2.12.1/jackson-core-2.12.1.jar:/home/runner/.m2/repository/com/fasterxml/jackson/module/jackson-module-jaxb-annotations/2.12.1/jackson-module-jaxb-annotations-2.12.1.jar:/home/runner/.m2/repository/jakarta/xml/bind/jakarta.xml.bind-api/2.3.2/jakarta.xml.bind-api-2.3.2.jar:/home/runner/.m2/repository/org/codehaus/woodstox/stax2-api/3.1.4/stax2-api-3.1.4.jar:/home/runner/.m2/repository/com/fasterxml/woodstox/woodstox-core/5.0.3/woodstox-core-5.0.3.jar:/home/runner/.m2/repository/javax/enterprise/cdi-api/1.2/cdi-api-1.2.jar:/home/runner/.m2/repository/javax/el/javax.el-api/3.0.0/javax.el-api-3.0.0.jar:/home/runner/.m2/repository/javax/interceptor/javax.interceptor-api/1.2/javax.interceptor-api-1.2.jar:/home/runner/.m2/repository/javax/inject/javax.inject/1/javax.inject-1.jar:/home/runner/.m2/repository/javax/xml/bind/jaxb-api/2.3.0/jaxb-api-2.3.0.jar:/home/runner/.m2/repository/org/glassfish/jaxb/jaxb-runtime/2.3.0.1/jaxb-runtime-2.3.0.1.jar:/home/runner/.m2/repository/org/glassfish/jaxb/jaxb-core/2.3.0.1/jaxb-core-2.3.0.1.jar:/home/runner/.m2/repository/org/glassfish/jaxb/txw2/2.3.0.1/txw2-2.3.0.1.jar:/home/runner/.m2/repository/com/sun/istack/istack-commons-runtime/3.0.5/istack-commons-runtime-3.0.5.jar:/home/runner/.m2/repository/org/jvnet/staxex/stax-ex/1.7.8/stax-ex-1.7.8.jar:/home/runner/.m2/repository/com/sun/xml/fastinfoset/FastInfoset/1.2.13/FastInfoset-1.2.13.jar:/home/runner/.m2/repository/javax/activation/activation/1.1.1/activation-1.1.1.jar:/home/runner/.m2/repository/org/apache/ozone/ozone-csi/1.2.0-SNAPSHOT/ozone-csi-1.2.0-SNAPSHOT.jar:/home/runner/.m2/repository/com/google/protobuf/protobuf-java-util/3.12.0/protobuf-java-util-3.12.0.jar:/home/runner/.m2/repository/com/google/code/gson/gson/2.2.4/gson-2.2.4.jar:/home/runner/.m2/repository/org/apache/ozone/hdds-config/1.2.0-SNAPSHOT/hdds-config-1.2.0-SNAPSHOT.jar:/home/runner/.m2/repository/io/grpc/grpc-netty/1.33.0/grpc-netty-1.33.0.jar:/home/runner/.m2/repository/io/grpc/grpc-core/1.33.0/grpc-core-1.33.0.jar:/home/runner/.m2/repository/com/google/android/annotations/4.1.1.4/annotations-4.1.1.4.jar:/home/runner/.m2/repository/io/netty/netty-codec-http2/4.1.63.Final/netty-codec-http2-4.1.63.Final.jar:/home/runner/.m2/repository/io/netty/netty-codec-http/4.1.63.Final/netty-codec-http-4.1.63.Final.jar:/home/runner/.m2/repository/io/netty/netty-handler-proxy/4.1.63.Final/netty-handler-proxy-4.1.63.Final.jar:/home/runner/.m2/repository/io/netty/netty-codec-socks/4.1.63.Final/netty-codec-socks-4.1.63.Final.jar:/home/runner/.m2/repository/io/perfmark/perfmark-api/0.19.0/perfmark-api-0.19.0.jar:/home/runner/.m2/repository/org/codehaus/mojo/animal-sniffer-annotations/1.18/animal-sniffer-annotations-1.18.jar:/home/runner/.m2/repository/io/netty/netty-transport-native-epoll/4.1.63.Final/netty-transport-native-epoll-4.1.63.Final.jar:/home/runner/.m2/repository/io/netty/netty-common/4.1.63.Final/netty-common-4.1.63.Final.jar:/home/runner/.m2/repository/io/netty/netty-buffer/4.1.63.Final/netty-buffer-4.1.63.Final.jar:/home/runner/.m2/repository/io/netty/netty-transport-native-unix-common/4.1.63.Final/netty-transport-native-unix-common-4.1.63.Final.jar:/home/runner/.m2/repository/io/grpc/grpc-protobuf/1.33.0/grpc-protobuf-1.33.0.jar:/home/runner/.m2/repository/io/grpc/grpc-api/1.33.0/grpc-api-1.33.0.jar:/home/runner/.m2/repository/io/grpc/grpc-context/1.33.0/grpc-context-1.33.0.jar:/home/runner/.m2/repository/com/google/api/grpc/proto-google-common-protos/1.17.0/proto-google-common-protos-1.17.0.jar:/home/runner/.m2/repository/io/grpc/grpc-protobuf-lite/1.33.0/grpc-protobuf-lite-1.33.0.jar:/home/runner/.m2/repository/io/grpc/grpc-stub/1.33.0/grpc-stub-1.33.0.jar:/home/runner/.m2/repository/org/apache/ozone/ozone-recon/1.2.0-SNAPSHOT/ozone-recon-1.2.0-SNAPSHOT.jar:/home/runner/.m2/repository/org/apache/ozone/ozone-reconcodegen/1.2.0-SNAPSHOT/ozone-reconcodegen-1.2.0-SNAPSHOT.jar:/home/runner/.m2/repository/com/google/inject/extensions/guice-multibindings/4.0/guice-multibindings-4.0.jar:/home/runner/.m2/repository/com/google/inject/guice/4.0/guice-4.0.jar:/home/runner/.m2/repository/aopalliance/aopalliance/1.0/aopalliance-1.0.jar:/home/runner/.m2/repository/com/google/inject/extensions/guice-assistedinject/4.0/guice-assistedinject-4.0.jar:/home/runner/.m2/repository/com/google/inject/extensions/guice-servlet/4.0/guice-servlet-4.0.jar:/home/runner/.m2/repository/org/glassfish/jersey/containers/jersey-container-servlet/2.33/jersey-container-servlet-2.33.jar:/home/runner/.m2/repository/org/glassfish/hk2/guice-bridge/2.5.0/guice-bridge-2.5.0.jar:/home/runner/.m2/repository/org/glassfish/jersey/core/jersey-server/2.33/jersey-server-2.33.jar:/home/runner/.m2/repository/org/glassfish/jersey/core/jersey-client/2.33/jersey-client-2.33.jar:/home/runner/.m2/repository/jakarta/annotation/jakarta.annotation-api/1.3.5/jakarta.annotation-api-1.3.5.jar:/home/runner/.m2/repository/jakarta/validation/jakarta.validation-api/2.0.2/jakarta.validation-api-2.0.2.jar:/home/runner/.m2/repository/org/glassfish/jersey/media/jersey-media-json-jackson/2.33/jersey-media-json-jackson-2.33.jar:/home/runner/.m2/repository/org/glassfish/jersey/ext/jersey-entity-filtering/2.33/jersey-entity-filtering-2.33.jar:/home/runner/.m2/repository/org/jooq/jooq/3.11.10/jooq-3.11.10.jar:/home/runner/.m2/repository/org/jooq/jooq-meta/3.11.10/jooq-meta-3.11.10.jar:/home/runner/.m2/repository/org/jooq/jooq-codegen/3.11.10/jooq-codegen-3.11.10.jar:/home/runner/.m2/repository/com/jolbox/bonecp/0.8.0.RELEASE/bonecp-0.8.0.RELEASE.jar:/home/runner/.m2/repository/org/apache/derby/derby/10.14.2.0/derby-10.14.2.0.jar:/home/runner/.m2/repository/org/xerial/sqlite-jdbc/3.25.2/sqlite-jdbc-3.25.2.jar:/home/runner/.m2/repository/org/springframework/spring-jdbc/5.2.11.RELEASE/spring-jdbc-5.2.11.RELEASE.jar:/home/runner/.m2/repository/org/springframework/spring-beans/5.2.11.RELEASE/spring-beans-5.2.11.RELEASE.jar:/home/runner/.m2/repository/org/springframework/spring-core/5.2.11.RELEASE/spring-core-5.2.11.RELEASE.jar:/home/runner/.m2/repository/org/springframework/spring-jcl/5.2.11.RELEASE/spring-jcl-5.2.11.RELEASE.jar:/home/runner/.m2/repository/org/springframework/spring-tx/5.2.11.RELEASE/spring-tx-5.2.11.RELEASE.jar:/home/runner/.m2/repository/org/apache/ozone/ozone-client/1.2.0-SNAPSHOT/ozone-client-1.2.0-SNAPSHOT.jar:/home/runner/.m2/repository/org/apache/ozone/ozone-filesystem/1.2.0-SNAPSHOT/ozone-filesystem-1.2.0-SNAPSHOT.jar:/home/runner/.m2/repository/org/apache/ozone/ozone-filesystem-common/1.2.0-SNAPSHOT/ozone-filesystem-common-1.2.0-SNAPSHOT.jar:/home/runner/.m2/repository/org/apache/ozone/ozone-tools/1.2.0-SNAPSHOT/ozone-tools-1.2.0-SNAPSHOT.jar:/home/runner/.m2/repository/org/apache/ratis/ratis-tools/2.1.0-03f3b68-SNAPSHOT/ratis-tools-2.1.0-03f3b68-SNAPSHOT.jar:/home/runner/.m2/repository/org/apache/ratis/ratis-proto/2.1.0-03f3b68-SNAPSHOT/ratis-proto-2.1.0-03f3b68-SNAPSHOT.jar:/home/runner/.m2/repository/org/apache/ratis/ratis-common/2.1.0-03f3b68-SNAPSHOT/ratis-common-2.1.0-03f3b68-SNAPSHOT.jar:/home/runner/.m2/repository/com/amazonaws/aws-java-sdk-core/1.11.901/aws-java-sdk-core-1.11.901.jar:/home/runner/.m2/repository/org/apache/httpcomponents/httpclient/4.5.13/httpclient-4.5.13.jar:/home/runner/.m2/repository/org/apache/httpcomponents/httpcore/4.4.13/httpcore-4.4.13.jar:/home/runner/.m2/repository/software/amazon/ion/ion-java/1.0.2/ion-java-1.0.2.jar:/home/runner/.m2/repository/com/fasterxml/jackson/dataformat/jackson-dataformat-cbor/2.12.1/jackson-dataformat-cbor-2.12.1.jar:/home/runner/.m2/repository/joda-time/joda-time/2.8.1/joda-time-2.8.1.jar:/home/runner/.m2/repository/com/amazonaws/aws-java-sdk-s3/1.11.901/aws-java-sdk-s3-1.11.901.jar:/home/runner/.m2/repository/com/amazonaws/aws-java-sdk-kms/1.11.901/aws-java-sdk-kms-1.11.901.jar:/home/runner/.m2/repository/com/amazonaws/jmespath-java/1.11.901/jmespath-java-1.11.901.jar:/home/runner/.m2/repository/org/kohsuke/metainf-services/metainf-services/1.8/metainf-services-1.8.jar:/home/runner/.m2/repository/org/apache/ozone/hdds-tools/1.2.0-SNAPSHOT/hdds-tools-1.2.0-SNAPSHOT.jar:/home/runner/.m2/repository/commons-cli/commons-cli/1.2/commons-cli-1.2.jar:/home/runner/.m2/repository/org/apache/commons/commons-lang3/3.7/commons-lang3-3.7.jar:/home/runner/.m2/repository/org/apache/ozone/ozone-manager/1.2.0-SNAPSHOT/ozone-manager-1.2.0-SNAPSHOT-tests.jar:/home/runner/.m2/repository/org/apache/ozone/hdds-common/1.2.0-SNAPSHOT/hdds-common-1.2.0-SNAPSHOT-tests.jar:/home/runner/.m2/repository/org/apache/ozone/hdds-hadoop-dependency-client/1.2.0-SNAPSHOT/hdds-hadoop-dependency-client-1.2.0-SNAPSHOT.jar:/home/runner/.m2/repository/info/picocli/picocli/4.4.0/picocli-4.4.0.jar:/home/runner/.m2/repository/com/fasterxml/jackson/core/jackson-annotations/2.12.1/jackson-annotations-2.12.1.jar:/home/runner/.m2/repository/javax/annotation/javax.annotation-api/1.2/javax.annotation-api-1.2.jar:/home/runner/.m2/repository/org/apache/ratis/ratis-server/2.1.0-03f3b68-SNAPSHOT/ratis-server-2.1.0-03f3b68-SNAPSHOT.jar:/home/runner/.m2/repository/org/apache/ratis/ratis-client/2.1.0-03f3b68-SNAPSHOT/ratis-client-2.1.0-03f3b68-SNAPSHOT.jar:/home/runner/.m2/repository/org/apache/ratis/ratis-server-api/2.1.0-03f3b68-SNAPSHOT/ratis-server-api-2.1.0-03f3b68-SNAPSHOT.jar:/home/runner/.m2/repository/org/apache/ratis/ratis-metrics/2.1.0-03f3b68-SNAPSHOT/ratis-metrics-2.1.0-03f3b68-SNAPSHOT.jar:/home/runner/.m2/repository/org/apache/ratis/ratis-netty/2.1.0-03f3b68-SNAPSHOT/ratis-netty-2.1.0-03f3b68-SNAPSHOT.jar:/home/runner/.m2/repository/org/apache/ratis/ratis-grpc/2.1.0-03f3b68-SNAPSHOT/ratis-grpc-2.1.0-03f3b68-SNAPSHOT.jar:/home/runner/.m2/repository/org/apache/logging/log4j/log4j-api/2.13.3/log4j-api-2.13.3.jar:/home/runner/.m2/repository/org/apache/logging/log4j/log4j-core/2.13.3/log4j-core-2.13.3.jar:/home/runner/.m2/repository/com/lmax/disruptor/3.4.2/disruptor-3.4.2.jar:/home/runner/.m2/repository/org/apache/commons/commons-pool2/2.6.0/commons-pool2-2.6.0.jar:/home/runner/.m2/repository/org/bouncycastle/bcpkix-jdk15on/1.67/bcpkix-jdk15on-1.67.jar:/home/runner/.m2/repository/commons-validator/commons-validator/1.6/commons-validator-1.6.jar:/home/runner/.m2/repository/commons-beanutils/commons-beanutils/1.9.4/commons-beanutils-1.9.4.jar:/home/runner/.m2/repository/commons-digester/commons-digester/1.8.1/commons-digester-1.8.1.jar:/home/runner/.m2/repository/commons-collections/commons-collections/3.2.2/commons-collections-3.2.2.jar:/home/runner/.m2/repository/io/jaegertracing/jaeger-client/1.6.0/jaeger-client-1.6.0.jar:/home/runner/.m2/repository/io/jaegertracing/jaeger-thrift/1.6.0/jaeger-thrift-1.6.0.jar:/home/runner/.m2/repository/org/apache/thrift/libthrift/0.14.1/libthrift-0.14.1.jar:/home/runner/.m2/repository/com/squareup/okhttp3/okhttp/4.9.0/okhttp-4.9.0.jar:/home/runner/.m2/repository/com/squareup/okio/okio/2.8.0/okio-2.8.0.jar:/home/runner/.m2/repository/io/jaegertracing/jaeger-core/1.6.0/jaeger-core-1.6.0.jar:/home/runner/.m2/repository/io/jaegertracing/jaeger-tracerresolver/1.6.0/jaeger-tracerresolver-1.6.0.jar:/home/runner/.m2/repository/io/opentracing/contrib/opentracing-tracerresolver/0.1.8/opentracing-tracerresolver-0.1.8.jar:/home/runner/.m2/repository/org/jetbrains/kotlin/kotlin-stdlib/1.4.31/kotlin-stdlib-1.4.31.jar:/home/runner/.m2/repository/org/jetbrains/kotlin/kotlin-stdlib-common/1.4.31/kotlin-stdlib-common-1.4.31.jar:/home/runner/.m2/repository/org/jetbrains/annotations/13.0/annotations-13.0.jar:/home/runner/.m2/repository/io/opentracing/opentracing-util/0.33.0/opentracing-util-0.33.0.jar:/home/runner/.m2/repository/io/opentracing/opentracing-api/0.33.0/opentracing-api-0.33.0.jar:/home/runner/.m2/repository/io/opentracing/opentracing-noop/0.33.0/opentracing-noop-0.33.0.jar:/home/runner/.m2/repository/org/yaml/snakeyaml/1.26/snakeyaml-1.26.jar:/home/runner/.m2/repository/org/apache/ozone/hdds-interface-admin/1.2.0-SNAPSHOT/hdds-interface-admin-1.2.0-SNAPSHOT.jar:/home/runner/.m2/repository/junit/junit/4.13.1/junit-4.13.1.jar:/home/runner/.m2/repository/org/hamcrest/hamcrest-core/1.3/hamcrest-core-1.3.jar:/home/runner/.m2/repository/org/junit/jupiter/junit-jupiter-api/5.7.0/junit-jupiter-api-5.7.0.jar:/home/runner/.m2/repository/org/apiguardian/apiguardian-api/1.1.0/apiguardian-api-1.1.0.jar:/home/runner/.m2/repository/org/opentest4j/opentest4j/1.2.0/opentest4j-1.2.0.jar:/home/runner/.m2/repository/org/junit/platform/junit-platform-commons/1.7.0/junit-platform-commons-1.7.0.jar:/home/runner/.m2/repository/org/junit/jupiter/junit-jupiter-engine/5.7.0/junit-jupiter-engine-5.7.0.jar:/home/runner/.m2/repository/org/junit/platform/junit-platform-engine/1.7.0/junit-platform-engine-1.7.0.jar:/home/runner/.m2/repository/org/junit/vintage/junit-vintage-engine/5.7.0/junit-vintage-engine-5.7.0.jar:/home/runner/.m2/repository/org/junit/platform/junit-platform-launcher/1.7.0/junit-platform-launcher-1.7.0.jar:/home/runner/.m2/repository/org/openjdk/jmh/jmh-core/1.19/jmh-core-1.19.jar:/home/runner/.m2/repository/net/sf/jopt-simple/jopt-simple/4.6/jopt-simple-4.6.jar:/home/runner/.m2/repository/org/apache/commons/commons-math3/3.1.1/commons-math3-3.1.1.jar:/home/runner/.m2/repository/org/openjdk/jmh/jmh-generator-annprocess/1.19/jmh-generator-annprocess-1.19.jar:/home/runner/.m2/repository/org/mockito/mockito-core/2.28.2/mockito-core-2.28.2.jar:/home/runner/.m2/repository/net/bytebuddy/byte-buddy/1.9.10/byte-buddy-1.9.10.jar:/home/runner/.m2/repository/net/bytebuddy/byte-buddy-agent/1.9.10/byte-buddy-agent-1.9.10.jar:/home/runner/.m2/repository/org/objenesis/objenesis/1.0/objenesis-1.0.jar:/home/runner/.m2/repository/org/apache/hadoop/hadoop-kms/3.3.1/hadoop-kms-3.3.1.jar:/home/runner/.m2/repository/org/apache/hadoop/hadoop-auth/3.3.1/hadoop-auth-3.3.1.jar:/home/runner/.m2/repository/com/nimbusds/nimbus-jose-jwt/7.9/nimbus-jose-jwt-7.9.jar:/home/runner/.m2/repository/com/github/stephenc/jcip/jcip-annotations/1.0-1/jcip-annotations-1.0-1.jar:/home/runner/.m2/repository/net/minidev/json-smart/2.3/json-smart-2.3.jar:/home/runner/.m2/repository/net/minidev/accessors-smart/1.2/accessors-smart-1.2.jar:/home/runner/.m2/repository/org/ow2/asm/asm/5.0.4/asm-5.0.4.jar:/home/runner/.m2/repository/org/apache/zookeeper/zookeeper/3.5.6/zookeeper-3.5.6.jar:/home/runner/.m2/repository/org/apache/zookeeper/zookeeper-jute/3.5.6/zookeeper-jute-3.5.6.jar:/home/runner/.m2/repository/org/apache/yetus/audience-annotations/0.5.0/audience-annotations-0.5.0.jar:/home/runner/.m2/repository/org/apache/curator/curator-framework/4.2.0/curator-framework-4.2.0.jar:/home/runner/.m2/repository/org/apache/hadoop/thirdparty/hadoop-shaded-guava/1.1.1/hadoop-shaded-guava-1.1.1.jar:/home/runner/.m2/repository/com/sun/jersey/jersey-core/1.19/jersey-core-1.19.jar:/home/runner/.m2/repository/javax/ws/rs/jsr311-api/1.1.1/jsr311-api-1.1.1.jar:/home/runner/.m2/repository/com/sun/jersey/jersey-server/1.19/jersey-server-1.19.jar:/home/runner/.m2/repository/javax/servlet/javax.servlet-api/3.1.0/javax.servlet-api-3.1.0.jar:/home/runner/.m2/repository/org/eclipse/jetty/jetty-server/9.4.43.v20210629/jetty-server-9.4.43.v20210629.jar:/home/runner/.m2/repository/org/eclipse/jetty/jetty-http/9.4.43.v20210629/jetty-http-9.4.43.v20210629.jar:/home/runner/.m2/repository/org/eclipse/jetty/jetty-io/9.4.43.v20210629/jetty-io-9.4.43.v20210629.jar:/home/runner/.m2/repository/org/eclipse/jetty/jetty-webapp/9.4.43.v20210629/jetty-webapp-9.4.43.v20210629.jar:/home/runner/.m2/repository/org/eclipse/jetty/jetty-xml/9.4.43.v20210629/jetty-xml-9.4.43.v20210629.jar:/home/runner/.m2/repository/org/apache/hadoop/hadoop-common/3.3.1/hadoop-common-3.3.1.jar:/home/runner/.m2/repository/commons-net/commons-net/3.6/commons-net-3.6.jar:/home/runner/.m2/repository/jakarta/activation/jakarta.activation-api/1.2.1/jakarta.activation-api-1.2.1.jar:/home/runner/.m2/repository/com/sun/jersey/jersey-servlet/1.19/jersey-servlet-1.19.jar:/home/runner/.m2/repository/com/sun/jersey/jersey-json/1.19/jersey-json-1.19.jar:/home/runner/.m2/repository/org/codehaus/jettison/jettison/1.1/jettison-1.1.jar:/home/runner/.m2/repository/com/sun/xml/bind/jaxb-impl/2.2.3-1/jaxb-impl-2.2.3-1.jar:/home/runner/.m2/repository/org/codehaus/jackson/jackson-jaxrs/1.9.2/jackson-jaxrs-1.9.2.jar:/home/runner/.m2/repository/org/codehaus/jackson/jackson-xc/1.9.2/jackson-xc-1.9.2.jar:/home/runner/.m2/repository/org/apache/commons/commons-configuration2/2.1.1/commons-configuration2-2.1.1.jar:/home/runner/.m2/repository/org/apache/commons/commons-text/1.4/commons-text-1.4.jar:/home/runner/.m2/repository/com/google/re2j/re2j/1.1/re2j-1.1.jar:/home/runner/.m2/repository/com/jcraft/jsch/0.1.54/jsch-0.1.54.jar:/home/runner/.m2/repository/org/apache/curator/curator-client/4.2.0/curator-client-4.2.0.jar:/home/runner/.m2/repository/org/apache/curator/curator-recipes/4.2.0/curator-recipes-4.2.0.jar:/home/runner/.m2/repository/org/apache/kerby/kerb-core/1.0.1/kerb-core-1.0.1.jar:/home/runner/.m2/repository/org/apache/kerby/kerby-pkix/1.0.1/kerby-pkix-1.0.1.jar:/home/runner/.m2/repository/org/apache/kerby/kerby-asn1/1.0.1/kerby-asn1-1.0.1.jar:/home/runner/.m2/repository/org/apache/kerby/kerby-util/1.0.1/kerby-util-1.0.1.jar:/home/runner/.m2/repository/dnsjava/dnsjava/2.1.7/dnsjava-2.1.7.jar:/home/runner/.m2/repository/org/xerial/snappy/snappy-java/1.1.8.2/snappy-java-1.1.8.2.jar:/home/runner/.m2/repository/org/slf4j/jul-to-slf4j/1.7.30/jul-to-slf4j-1.7.30.jar:/home/runner/.m2/repository/org/eclipse/jetty/jetty-util/9.4.43.v20210629/jetty-util-9.4.43.v20210629.jar:/home/runner/.m2/repository/com/fasterxml/jackson/core/jackson-databind/2.12.1/jackson-databind-2.12.1.jar:/home/runner/.m2/repository/org/apache/hadoop/hadoop-kms/3.3.1/hadoop-kms-3.3.1-tests.jar:/home/runner/.m2/repository/org/apache/ozone/hdds-server-scm/1.2.0-SNAPSHOT/hdds-server-scm-1.2.0-SNAPSHOT-tests.jar:/home/runner/.m2/repository/org/apache/ozone/hdds-container-service/1.2.0-SNAPSHOT/hdds-container-service-1.2.0-SNAPSHOT-tests.jar:/home/runner/.m2/repository/commons-codec/commons-codec/1.11/commons-codec-1.11.jar:/home/runner/.m2/repository/io/netty/netty-transport/4.1.63.Final/netty-transport-4.1.63.Final.jar:/home/runner/.m2/repository/io/netty/netty-resolver/4.1.63.Final/netty-resolver-4.1.63.Final.jar:/home/runner/.m2/repository/io/netty/netty-codec/4.1.63.Final/netty-codec-4.1.63.Final.jar:/home/runner/.m2/repository/io/netty/netty-handler/4.1.63.Final/netty-handler-4.1.63.Final.jar:/home/runner/.m2/repository/org/apache/ozone/hdds-hadoop-dependency-test/1.2.0-SNAPSHOT/hdds-hadoop-dependency-test-1.2.0-SNAPSHOT.jar:/home/runner/.m2/repository/org/apache/hadoop/hadoop-common/3.3.1/hadoop-common-3.3.1-tests.jar:/home/runner/.m2/repository/org/assertj/assertj-core/3.12.2/assertj-core-3.12.2.jar:/home/runner/.m2/repository/org/apache/hadoop/hadoop-hdfs/3.3.1/hadoop-hdfs-3.3.1-tests.jar:/home/runner/.m2/repository/org/eclipse/jetty/jetty-util-ajax/9.4.43.v20210629/jetty-util-ajax-9.4.43.v20210629.jar:/home/runner/.m2/repository/commons-daemon/commons-daemon/1.0.13/commons-daemon-1.0.13.jar:/home/runner/.m2/repository/io/netty/netty/3.10.6.Final/netty-3.10.6.Final.jar:/home/runner/.m2/repository/io/netty/netty-all/4.1.63.Final/netty-all-4.1.63.Final.jar:/home/runner/.m2/repository/org/apache/htrace/htrace-core4/4.1.0-incubating/htrace-core4-4.1.0-incubating.jar:/home/runner/.m2/repository/org/fusesource/leveldbjni/leveldbjni-all/1.8/leveldbjni-all-1.8.jar:/home/runner/.m2/repository/org/apache/hadoop/hadoop-distcp/3.3.1/hadoop-distcp-3.3.1.jar:/home/runner/.m2/repository/org/apache/hadoop/hadoop-mapreduce-client-jobclient/3.3.1/hadoop-mapreduce-client-jobclient-3.3.1.jar:/home/runner/.m2/repository/org/apache/hadoop/hadoop-mapreduce-client-common/3.3.1/hadoop-mapreduce-client-common-3.3.1.jar:/home/runner/.m2/repository/org/apache/hadoop/hadoop-yarn-common/3.3.1/hadoop-yarn-common-3.3.1.jar:/home/runner/.m2/repository/org/apache/hadoop/hadoop-yarn-api/3.3.1/hadoop-yarn-api-3.3.1.jar:/home/runner/.m2/repository/com/sun/jersey/jersey-client/1.19/jersey-client-1.19.jar:/home/runner/.m2/repository/com/sun/jersey/contribs/jersey-guice/1.19/jersey-guice-1.19.jar:/home/runner/.m2/repository/com/fasterxml/jackson/jaxrs/jackson-jaxrs-json-provider/2.12.1/jackson-jaxrs-json-provider-2.12.1.jar:/home/runner/.m2/repository/com/fasterxml/jackson/jaxrs/jackson-jaxrs-base/2.12.1/jackson-jaxrs-base-2.12.1.jar:/home/runner/.m2/repository/org/apache/hadoop/hadoop-yarn-client/3.3.1/hadoop-yarn-client-3.3.1.jar:/home/runner/.m2/repository/org/eclipse/jetty/websocket/websocket-client/9.4.40.v20210413/websocket-client-9.4.40.v20210413.jar:/home/runner/.m2/repository/org/eclipse/jetty/jetty-client/9.4.40.v20210413/jetty-client-9.4.40.v20210413.jar:/home/runner/.m2/repository/org/eclipse/jetty/websocket/websocket-common/9.4.40.v20210413/websocket-common-9.4.40.v20210413.jar:/home/runner/.m2/repository/org/eclipse/jetty/websocket/websocket-api/9.4.40.v20210413/websocket-api-9.4.40.v20210413.jar:/home/runner/.m2/repository/org/jline/jline/3.9.0/jline-3.9.0.jar:/home/runner/.m2/repository/org/apache/hadoop/hadoop-mapreduce-client-core/3.3.1/hadoop-mapreduce-client-core-3.3.1.jar:/home/runner/.m2/repository/org/apache/avro/avro/1.7.7/avro-1.7.7.jar:/home/runner/.m2/repository/org/codehaus/jackson/jackson-core-asl/1.9.13/jackson-core-asl-1.9.13.jar:/home/runner/.m2/repository/org/codehaus/jackson/jackson-mapper-asl/1.9.13/jackson-mapper-asl-1.9.13.jar:/home/runner/.m2/repository/com/thoughtworks/paranamer/paranamer/2.3/paranamer-2.3.jar:/home/runner/.m2/repository/org/apache/hadoop/hadoop-annotations/3.3.1/hadoop-annotations-3.3.1.jar:/usr/lib/jvm/adoptopenjdk-8-hotspot-amd64/jre/../lib/tools.jar:/home/runner/.m2/repository/org/apache/hadoop/hadoop-distcp/3.3.1/hadoop-distcp-3.3.1-tests.jar:"/>
    <property name="sun.cpu.endian" value="little"/>
    <property name="user.home" value="/home/runner"/>
    <property name="user.language" value="en"/>
    <property name="java.specification.vendor" value="Oracle Corporation"/>
    <property name="java.home" value="/usr/lib/jvm/adoptopenjdk-8-hotspot-amd64/jre"/>
    <property name="java.security.krb5.conf" value="/home/runner/work/ozone/ozone/hadoop-ozone/integration-test/target/test-classes/krb5.conf"/>
    <property name="basedir" value="/home/runner/work/ozone/ozone/hadoop-ozone/integration-test"/>
    <property name="file.separator" value="/"/>
    <property name="line.separator" value="&#10;"/>
    <property name="java.vm.specification.vendor" value="Oracle Corporation"/>
    <property name="java.specification.name" value="Java Platform API Specification"/>
    <property name="java.awt.graphicsenv" value="sun.awt.X11GraphicsEnvironment"/>
    <property name="skip.installnpx" value="true"/>
    <property name="surefire.real.class.path" value="/home/runner/work/ozone/ozone/hadoop-ozone/integration-test/target/surefire/surefirebooter6433702959223800933.jar:/home/runner/.m2/repository/org/jacoco/org.jacoco.agent/0.8.5/org.jacoco.agent-0.8.5-runtime.jar"/>
    <property name="hadoop.log.dir" value="/home/runner/work/ozone/ozone/hadoop-ozone/integration-test/target/log"/>
    <property name="sun.boot.class.path" value="/usr/lib/jvm/adoptopenjdk-8-hotspot-amd64/jre/lib/resources.jar:/usr/lib/jvm/adoptopenjdk-8-hotspot-amd64/jre/lib/rt.jar:/usr/lib/jvm/adoptopenjdk-8-hotspot-amd64/jre/lib/sunrsasign.jar:/usr/lib/jvm/adoptopenjdk-8-hotspot-amd64/jre/lib/jsse.jar:/usr/lib/jvm/adoptopenjdk-8-hotspot-amd64/jre/lib/jce.jar:/usr/lib/jvm/adoptopenjdk-8-hotspot-amd64/jre/lib/charsets.jar:/usr/lib/jvm/adoptopenjdk-8-hotspot-amd64/jre/lib/jfr.jar:/usr/lib/jvm/adoptopenjdk-8-hotspot-amd64/jre/classes"/>
    <property name="sun.management.compiler" value="HotSpot 64-Bit Tiered Compilers"/>
    <property name="skip.npx" value="true"/>
    <property name="java.runtime.version" value="1.8.0_292-b10"/>
    <property name="java.net.preferIPv4Stack" value="true"/>
    <property name="user.name" value="runner"/>
    <property name="path.separator" value=":"/>
    <property name="java.security.egd" value="file:///dev/urandom"/>
    <property name="os.version" value="5.4.0-1055-azure"/>
    <property name="java.endorsed.dirs" value="/usr/lib/jvm/adoptopenjdk-8-hotspot-amd64/jre/lib/endorsed"/>
    <property name="java.runtime.name" value="OpenJDK Runtime Environment"/>
    <property name="file.encoding" value="UTF-8"/>
    <property name="java.vm.name" value="OpenJDK 64-Bit Server VM"/>
    <property name="test.build.webapps" value=""/>
    <property name="localRepository" value="/home/runner/.m2/repository"/>
    <property name="java.vendor.url.bug" value="https://github.com/AdoptOpenJDK/openjdk-support/issues"/>
    <property name="java.io.tmpdir" value="/tmp"/>
    <property name="require.test.libhadoop" value=""/>
    <property name="java.version" value="1.8.0_292"/>
    <property name="user.dir" value="/home/runner/work/ozone/ozone/hadoop-ozone/integration-test"/>
    <property name="os.arch" value="amd64"/>
    <property name="java.vm.specification.name" value="Java Virtual Machine Specification"/>
    <property name="test.build.classes" value="/home/runner/work/ozone/ozone/hadoop-ozone/integration-test/target/test-classes"/>
    <property name="java.awt.printerjob" value="sun.print.PSPrinterJob"/>
    <property name="sun.os.patch.level" value="unknown"/>
    <property name="hadoop.tmp.dir" value="/home/runner/work/ozone/ozone/hadoop-ozone/integration-test/target/tmp"/>
    <property name="java.library.path" value="/usr/java/packages/lib/amd64:/usr/lib64:/lib64:/lib:/usr/lib"/>
    <property name="java.vm.info" value="mixed mode"/>
    <property name="java.vendor" value="AdoptOpenJDK"/>
    <property name="java.vm.version" value="25.292-b10"/>
    <property name="java.ext.dirs" value="/usr/lib/jvm/adoptopenjdk-8-hotspot-amd64/jre/lib/ext:/usr/java/packages/lib/ext"/>
    <property name="sun.io.unicode.encoding" value="UnicodeLittle"/>
    <property name="java.class.version" value="52.0"/>
  </properties>
  <testcase name="testPipelineCloseWithPipelineAction" classname="org.apache.hadoop.hdds.scm.pipeline.TestPipelineClose" time="50.858"/>
  <testcase name="testPipelineCloseWithOpenContainer" classname="org.apache.hadoop.hdds.scm.pipeline.TestPipelineClose" time="31.099"/>
  <testcase name="testPipelineCloseWithClosedContainer" classname="org.apache.hadoop.hdds.scm.pipeline.TestPipelineClose" time="31.512"/>
  <testcase name="testPipelineCloseWithLogFailure" classname="org.apache.hadoop.hdds.scm.pipeline.TestPipelineClose" time="38.679">
    <failure message="&#10;Wanted but not invoked:&#10;pipelineActionHandler.onMessage(&#10;    &lt;Capturing argument&gt;,&#10;    &lt;any org.apache.hadoop.hdds.server.events.EventPublisher&gt;&#10;);&#10;-&gt; at org.apache.hadoop.hdds.scm.pipeline.PipelineActionHandler.onMessage(PipelineActionHandler.java:64)&#10;Actually, there were zero interactions with this mock.&#10;" type="Wanted but not invoked"><![CDATA[Wanted but not invoked:
pipelineActionHandler.onMessage(
    <Capturing argument>,
    <any org.apache.hadoop.hdds.server.events.EventPublisher>
);
-> at org.apache.hadoop.hdds.scm.pipeline.PipelineActionHandler.onMessage(PipelineActionHandler.java:64)
Actually, there were zero interactions with this mock.

	at org.apache.hadoop.hdds.scm.pipeline.PipelineActionHandler.onMessage(PipelineActionHandler.java:64)
	at org.apache.hadoop.hdds.scm.pipeline.TestPipelineClose.testPipelineCloseWithLogFailure(TestPipelineClose.java:246)
	at sun.reflect.NativeMethodAccessorImpl.invoke0(Native Method)
	at sun.reflect.NativeMethodAccessorImpl.invoke(NativeMethodAccessorImpl.java:62)
	at sun.reflect.DelegatingMethodAccessorImpl.invoke(DelegatingMethodAccessorImpl.java:43)
	at java.lang.reflect.Method.invoke(Method.java:498)
	at org.junit.runners.model.FrameworkMethod$1.runReflectiveCall(FrameworkMethod.java:59)
	at org.junit.internal.runners.model.ReflectiveCallable.run(ReflectiveCallable.java:12)
	at org.junit.runners.model.FrameworkMethod.invokeExplosively(FrameworkMethod.java:56)
	at org.junit.internal.runners.statements.InvokeMethod.evaluate(InvokeMethod.java:17)
	at org.junit.internal.runners.statements.RunBefores.evaluate(RunBefores.java:26)
	at org.junit.internal.runners.statements.RunAfters.evaluate(RunAfters.java:27)
	at org.junit.internal.runners.statements.FailOnTimeout$CallableStatement.call(FailOnTimeout.java:288)
	at org.junit.internal.runners.statements.FailOnTimeout$CallableStatement.call(FailOnTimeout.java:282)
	at java.util.concurrent.FutureTask.run(FutureTask.java:266)
	at java.lang.Thread.run(Thread.java:748)
]]></failure>
    <system-out><![CDATA[2021-08-15 13:11:57,761 [Time-limited test] WARN  server.ServerUtils (ServerUtils.java:getScmDbDir(148)) - ozone.scm.db.dirs is not configured. We recommend adding this setting. Falling back to ozone.metadata.dirs instead.
2021-08-15 13:11:57,772 [Time-limited test] INFO  ha.SCMHANodeDetails (SCMHANodeDetails.java:loadSCMHAConfig(157)) - ServiceID for StorageContainerManager is null
2021-08-15 13:11:57,772 [Time-limited test] INFO  ha.SCMHANodeDetails (SCMHANodeDetails.java:loadSCMHAConfig(162)) - ozone.scm.default.service.id is not defined, falling back to ozone.scm.service.ids to find serviceID for StorageContainerManager if it is HA enabled cluster
2021-08-15 13:11:57,773 [Time-limited test] WARN  server.ServerUtils (ServerUtils.java:getScmDbDir(148)) - ozone.scm.db.dirs is not configured. We recommend adding this setting. Falling back to ozone.metadata.dirs instead.
2021-08-15 13:11:57,773 [Time-limited test] INFO  upgrade.AbstractLayoutVersionManager (AbstractLayoutVersionManager.java:init(70)) - Initializing Layout version manager with metadata layout = SCM_HA (version = 2), software layout = SCM_HA (version = 2)
2021-08-15 13:11:57,843 [Time-limited test] INFO  reflections.Reflections (Reflections.java:scan(232)) - Reflections took 69 ms to scan 7 urls, producing 120 keys and 275 values 
2021-08-15 13:11:57,845 [Time-limited test] WARN  utils.HAUtils (HAUtils.java:getMetaDir(342)) - ozone.scm.db.dirs is not configured. We recommend adding this setting. Falling back to ozone.metadata.dirs instead.
2021-08-15 13:11:57,853 [Time-limited test] WARN  db.DBStoreBuilder (DBStoreBuilder.java:applyDBDefinition(145)) - ozone.scm.db.dirs is not configured. We recommend adding this setting. Falling back to ozone.metadata.dirs instead.
2021-08-15 13:11:58,003 [Time-limited test] INFO  net.NodeSchemaLoader (NodeSchemaLoader.java:loadSchemaFromFile(129)) - Loading schema from [jar:file:/home/runner/.m2/repository/org/apache/ozone/hdds-common/1.2.0-SNAPSHOT/hdds-common-1.2.0-SNAPSHOT.jar!/network-topology-default.xml]
2021-08-15 13:11:58,003 [Time-limited test] INFO  net.NodeSchemaLoader (NodeSchemaLoader.java:loadSchema(176)) - Loading network topology layer schema file
2021-08-15 13:11:58,010 [Time-limited test] INFO  ha.SequenceIdGenerator (SequenceIdGenerator.java:upgradeToSequenceId(327)) - upgrade localId to 107544261427200000
2021-08-15 13:11:58,011 [Time-limited test] INFO  ha.SequenceIdGenerator (SequenceIdGenerator.java:upgradeToSequenceId(337)) - upgrade delTxnId to 0
2021-08-15 13:11:58,011 [Time-limited test] INFO  ha.SequenceIdGenerator (SequenceIdGenerator.java:upgradeToSequenceId(351)) - upgrade containerId to 0
2021-08-15 13:11:58,011 [Time-limited test] INFO  ha.SequenceIdGenerator (SequenceIdGenerator.java:<init>(217)) - Init the HA SequenceIdGenerator.
2021-08-15 13:11:58,011 [Time-limited test] WARN  server.ServerUtils (ServerUtils.java:sanitizeUserArgs(73)) - ozone.scm.stale.node.interval value = 300000 is larger than max = 100000 based on the key value of ozone.scm.heartbeat.thread.interval, reset to the max value 100000.
2021-08-15 13:11:58,011 [Time-limited test] WARN  server.ServerUtils (ServerUtils.java:sanitizeUserArgs(73)) - ozone.scm.stale.node.interval value = 300000 is larger than max = 100000 based on the key value of ozone.scm.heartbeat.thread.interval, reset to the max value 100000.
2021-08-15 13:11:58,029 [Time-limited test] INFO  node.SCMNodeManager (SCMNodeManager.java:<init>(145)) - Entering startup safe mode.
2021-08-15 13:11:58,030 [Time-limited test] INFO  algorithms.ContainerPlacementPolicyFactory (ContainerPlacementPolicyFactory.java:getPolicy(60)) - Create container placement policy of type org.apache.hadoop.hdds.scm.container.placement.algorithms.SCMContainerPlacementRandom
2021-08-15 13:11:58,030 [Time-limited test] INFO  pipeline.PipelineStateManager (PipelineStateManagerV2Impl.java:initialize(78)) - No pipeline exists in current db
2021-08-15 13:11:58,030 [Time-limited test] INFO  algorithms.LeaderChoosePolicyFactory (LeaderChoosePolicyFactory.java:getPolicy(57)) - Create leader choose policy of type org.apache.hadoop.hdds.scm.pipeline.leader.choose.algorithms.MinLeaderCountChoosePolicy
2021-08-15 13:11:58,030 [Time-limited test] INFO  ha.SCMServiceManager (SCMServiceManager.java:register(43)) - Registering service BackgroundPipelineCreator.
2021-08-15 13:11:58,030 [Time-limited test] INFO  pipeline.BackgroundPipelineCreator (BackgroundPipelineCreatorV2.java:start(130)) - Starting RatisPipelineUtilsThread.
2021-08-15 13:11:58,033 [Time-limited test] INFO  algorithms.PipelineChoosePolicyFactory (PipelineChoosePolicyFactory.java:createPipelineChoosePolicyFromClass(73)) - Create pipeline choose policy of type org.apache.hadoop.hdds.scm.pipeline.choose.algorithms.RandomPipelineChoosePolicy
2021-08-15 13:11:58,033 [Time-limited test] INFO  ha.SCMServiceManager (SCMServiceManager.java:register(43)) - Registering service SCMBlockDeletingService.
2021-08-15 13:11:58,034 [Time-limited test] INFO  ha.SCMServiceManager (SCMServiceManager.java:register(43)) - Registering service ReplicationManager.
2021-08-15 13:11:58,034 [Time-limited test] INFO  container.ReplicationManager (ReplicationManager.java:start(286)) - Starting Replication Monitor Thread.
2021-08-15 13:11:58,039 [Time-limited test] INFO  safemode.ContainerSafeModeRule (ContainerSafeModeRule.java:<init>(89)) - containers with one replica threshold count 0
2021-08-15 13:11:58,040 [Time-limited test] INFO  safemode.HealthyPipelineSafeModeRule (HealthyPipelineSafeModeRule.java:initializeRule(156)) - Total pipeline count is 0, healthy pipeline threshold count is 1
2021-08-15 13:11:58,040 [Time-limited test] INFO  safemode.OneReplicaPipelineSafeModeRule (OneReplicaPipelineSafeModeRule.java:initializeRule(180)) - Total pipeline count is 0, pipeline's with at least one datanode reported threshold count is 0
2021-08-15 13:11:58,048 [Time-limited test] INFO  ipc.CallQueueManager (CallQueueManager.java:<init>(90)) - Using callQueue: class java.util.concurrent.LinkedBlockingQueue, queueCapacity: 2000, scheduler: class org.apache.hadoop.ipc.DefaultRpcScheduler, ipcBackoff: false.
2021-08-15 13:11:58,053 [ReplicationMonitor] INFO  container.ReplicationManager (ReplicationManager.java:processAll(341)) - Replication Monitor Thread took 0 milliseconds for processing 0 containers.
2021-08-15 13:11:58,073 [Socket Reader #1 for port 0] INFO  ipc.Server (Server.java:run(1265)) - Starting Socket Reader #1 for port 0
2021-08-15 13:11:58,074 [Listener at 0.0.0.0/45587] INFO  ipc.CallQueueManager (CallQueueManager.java:<init>(90)) - Using callQueue: class java.util.concurrent.LinkedBlockingQueue, queueCapacity: 2000, scheduler: class org.apache.hadoop.ipc.DefaultRpcScheduler, ipcBackoff: false.
2021-08-15 13:11:58,077 [Socket Reader #1 for port 0] INFO  ipc.Server (Server.java:run(1265)) - Starting Socket Reader #1 for port 0
2021-08-15 13:11:58,079 [Listener at 0.0.0.0/42625] INFO  ipc.CallQueueManager (CallQueueManager.java:<init>(90)) - Using callQueue: class java.util.concurrent.LinkedBlockingQueue, queueCapacity: 2000, scheduler: class org.apache.hadoop.ipc.DefaultRpcScheduler, ipcBackoff: false.
2021-08-15 13:11:58,079 [Socket Reader #1 for port 0] INFO  ipc.Server (Server.java:run(1265)) - Starting Socket Reader #1 for port 0
2021-08-15 13:11:58,109 [Listener at 0.0.0.0/45507] INFO  algorithms.ContainerPlacementPolicyFactory (ContainerPlacementPolicyFactory.java:getPolicy(60)) - Create container placement policy of type org.apache.hadoop.hdds.scm.container.placement.algorithms.SCMContainerPlacementRandom
2021-08-15 13:11:58,109 [Listener at 0.0.0.0/45507] INFO  server.StorageContainerManager (StorageContainerManager.java:<init>(383)) - 
Container Balancer status:
Key                            Value
Running                        false
Container Balancer Configuration values:
Key                                                Value
Threshold                                          0.1
Max Datanodes to Involve per Iteration(ratio)      0.5
Max Size to Move per Iteration                     10737418240B

2021-08-15 13:11:58,109 [Listener at 0.0.0.0/45507] WARN  events.EventQueue (EventQueue.java:fireEvent(194)) - No event handler registered for event TypedEvent{payloadType=SafeModeStatus, name='Safe mode status'}
2021-08-15 13:11:58,109 [Listener at 0.0.0.0/45507] INFO  ha.SCMContext (SCMContext.java:updateSafeModeStatus(205)) - Update SafeModeStatus from SafeModeStatus{safeModeStatus=true, preCheckPassed=false} to SafeModeStatus{safeModeStatus=true, preCheckPassed=false}.
2021-08-15 13:11:58,110 [Listener at 0.0.0.0/45507] INFO  server.StorageContainerManager (StorageContainerManager.java:start(1249)) - StorageContainerLocationProtocol RPC server is listening at /0.0.0.0:45507
2021-08-15 13:11:58,111 [Listener at 0.0.0.0/45507] WARN  impl.MetricsConfig (MetricsConfig.java:loadFirst(136)) - Cannot locate configuration: tried hadoop-metrics2-storagecontainermanager.properties,hadoop-metrics2.properties
2021-08-15 13:11:58,111 [Listener at 0.0.0.0/45507] INFO  impl.MetricsSystemImpl (MetricsSystemImpl.java:startTimer(378)) - Scheduled Metric snapshot period at 10 second(s).
2021-08-15 13:11:58,112 [Listener at 0.0.0.0/45507] INFO  impl.MetricsSystemImpl (MetricsSystemImpl.java:start(191)) - StorageContainerManager metrics system started
2021-08-15 13:11:58,183 [Listener at 0.0.0.0/45507] INFO  impl.MetricsSinkAdapter (MetricsSinkAdapter.java:start(204)) - Sink prometheus started
2021-08-15 13:11:58,183 [Listener at 0.0.0.0/45507] INFO  impl.MetricsSystemImpl (MetricsSystemImpl.java:registerSink(305)) - Registered sink prometheus
2021-08-15 13:11:58,204 [Listener at 0.0.0.0/45507] INFO  server.SCMClientProtocolServer (SCMClientProtocolServer.java:start(164)) - RPC server for Client  is listening at /0.0.0.0:45507
2021-08-15 13:11:58,205 [IPC Server Responder] INFO  ipc.Server (Server.java:run(1507)) - IPC Server Responder: starting
2021-08-15 13:11:58,205 [IPC Server listener on 0] INFO  ipc.Server (Server.java:run(1344)) - IPC Server listener on 0: starting
2021-08-15 13:11:58,207 [Listener at 0.0.0.0/45507] INFO  server.StorageContainerManager (StorageContainerManager.java:start(1264)) - ScmBlockLocationProtocol RPC server is listening at /0.0.0.0:42625
2021-08-15 13:11:58,208 [Listener at 0.0.0.0/45507] INFO  server.SCMBlockProtocolServer (SCMBlockProtocolServer.java:start(151)) - RPC server for Block Protocol is listening at /0.0.0.0:42625
2021-08-15 13:11:58,208 [IPC Server Responder] INFO  ipc.Server (Server.java:run(1507)) - IPC Server Responder: starting
2021-08-15 13:11:58,223 [IPC Server listener on 0] INFO  ipc.Server (Server.java:run(1344)) - IPC Server listener on 0: starting
2021-08-15 13:11:58,257 [Listener at 0.0.0.0/45507] INFO  server.StorageContainerManager (StorageContainerManager.java:start(1270)) - ScmDatanodeProtocl RPC server is listening at /0.0.0.0:45587
2021-08-15 13:11:58,258 [Listener at 0.0.0.0/45507] INFO  server.SCMDatanodeProtocolServer (SCMDatanodeProtocolServer.java:start(181)) - RPC server for DataNodes is listening at /0.0.0.0:45587
2021-08-15 13:11:58,261 [IPC Server Responder] INFO  ipc.Server (Server.java:run(1507)) - IPC Server Responder: starting
2021-08-15 13:11:58,261 [IPC Server listener on 0] INFO  ipc.Server (Server.java:run(1344)) - IPC Server listener on 0: starting
2021-08-15 13:11:58,276 [Listener at 0.0.0.0/45507] INFO  http.BaseHttpServer (BaseHttpServer.java:newHttpServer2BuilderForOzone(209)) - Starting Web-server for scm at: http://0.0.0.0:0
2021-08-15 13:11:58,276 [Listener at 0.0.0.0/45507] INFO  http.BaseHttpServer (BaseHttpServer.java:<init>(107)) - Hadoop Security Enabled: false Ozone Security Enabled: false Ozone HTTP Security Enabled: false 
2021-08-15 13:11:58,277 [org.apache.hadoop.util.JvmPauseMonitor$Monitor@4c2bf9e2] INFO  util.JvmPauseMonitor (JvmPauseMonitor.java:run(188)) - Starting JVM pause monitor
2021-08-15 13:11:58,285 [Listener at 0.0.0.0/45507] INFO  server.AuthenticationFilter (AuthenticationFilter.java:constructSecretProvider(240)) - Unable to initialize FileSignerSecretProvider, falling back to use random secrets.
2021-08-15 13:11:58,288 [Listener at 0.0.0.0/45507] WARN  http.HttpRequestLog (HttpRequestLog.java:getRequestLog(103)) - Jetty request log can only be enabled using Log4j
2021-08-15 13:11:58,289 [Listener at 0.0.0.0/45507] INFO  http.HttpServer2 (HttpServer2.java:addGlobalFilter(1020)) - Added global filter 'safety' (class=org.apache.hadoop.hdds.server.http.HttpServer2$QuotingInputFilter)
2021-08-15 13:11:58,290 [Listener at 0.0.0.0/45507] INFO  http.HttpServer2 (HttpServer2.java:addFilter(996)) - Added filter static_user_filter (class=org.apache.hadoop.http.lib.StaticUserWebFilter$StaticUserFilter) to context scm
2021-08-15 13:11:58,290 [Listener at 0.0.0.0/45507] INFO  http.HttpServer2 (HttpServer2.java:addFilter(1004)) - Added filter static_user_filter (class=org.apache.hadoop.http.lib.StaticUserWebFilter$StaticUserFilter) to context static
2021-08-15 13:11:58,290 [Listener at 0.0.0.0/45507] INFO  http.HttpServer2 (HttpServer2.java:addFilter(1004)) - Added filter static_user_filter (class=org.apache.hadoop.http.lib.StaticUserWebFilter$StaticUserFilter) to context logs
2021-08-15 13:11:58,291 [Listener at 0.0.0.0/45507] INFO  http.HttpServer2 (HttpServer2.java:bindListener(1239)) - Jetty bound to port 42103
2021-08-15 13:11:58,291 [Listener at 0.0.0.0/45507] INFO  server.Server (Server.java:doStart(375)) - jetty-9.4.43.v20210629; built: 2021-06-30T11:07:22.254Z; git: 526006ecfa3af7f1a27ef3a288e2bef7ea9dd7e8; jvm 1.8.0_292-b10
2021-08-15 13:11:58,293 [Listener at 0.0.0.0/45507] INFO  server.session (DefaultSessionIdManager.java:doStart(334)) - DefaultSessionIdManager workerName=node0
2021-08-15 13:11:58,293 [Listener at 0.0.0.0/45507] INFO  server.session (DefaultSessionIdManager.java:doStart(339)) - No SessionScavenger set, using defaults
2021-08-15 13:11:58,293 [Listener at 0.0.0.0/45507] INFO  server.session (HouseKeeper.java:startScavenging(132)) - node0 Scavenging every 600000ms
2021-08-15 13:11:58,294 [Listener at 0.0.0.0/45507] INFO  handler.ContextHandler (ContextHandler.java:doStart(915)) - Started o.e.j.s.ServletContextHandler@69f79758{logs,/logs,file:///home/runner/work/ozone/ozone/hadoop-ozone/integration-test/target/log,AVAILABLE}
2021-08-15 13:11:58,295 [Listener at 0.0.0.0/45507] INFO  handler.ContextHandler (ContextHandler.java:doStart(915)) - Started o.e.j.s.ServletContextHandler@42fa21bd{static,/static,file:///home/runner/work/ozone/ozone/hadoop-ozone/integration-test/target/test-classes/webapps/static,AVAILABLE}
2021-08-15 13:11:58,309 [Listener at 0.0.0.0/45507] INFO  handler.ContextHandler (ContextHandler.java:doStart(915)) - Started o.e.j.w.WebAppContext@4b7a0bc1{scm,/,file:///home/runner/work/ozone/ozone/hadoop-ozone/integration-test/target/test-classes/webapps/scm/,AVAILABLE}{file:/home/runner/work/ozone/ozone/hadoop-ozone/integration-test/target/test-classes/webapps/scm}
2021-08-15 13:11:58,311 [Listener at 0.0.0.0/45507] INFO  server.AbstractConnector (AbstractConnector.java:doStart(331)) - Started ServerConnector@48662ad4{HTTP/1.1, (http/1.1)}{0.0.0.0:42103}
2021-08-15 13:11:58,312 [Listener at 0.0.0.0/45507] INFO  server.Server (Server.java:doStart(415)) - Started @115145ms
2021-08-15 13:11:58,312 [Listener at 0.0.0.0/45507] WARN  impl.MetricsSystemImpl (MetricsSystemImpl.java:register(279)) - Sink prometheus already exists!
2021-08-15 13:11:58,314 [Listener at 0.0.0.0/45507] INFO  http.BaseHttpServer (BaseHttpServer.java:updateConnectorAddress(329)) - HTTP server of scm listening at http://0.0.0.0:42103
2021-08-15 13:11:58,314 [Listener at 0.0.0.0/45507] WARN  server.ServerUtils (ServerUtils.java:getDBPath(225)) - ozone.om.db.dirs is not configured. We recommend adding this setting. Falling back to ozone.metadata.dirs instead.
2021-08-15 13:11:58,322 [Listener at 0.0.0.0/45507] INFO  ha.OMHANodeDetails (OMHANodeDetails.java:loadOMHAConfig(112)) - ozone.om.internal.service.id is not defined, falling back to ozone.om.service.ids to find serviceID for OzoneManager if it is HA enabled cluster
2021-08-15 13:11:58,332 [Listener at 0.0.0.0/45507] INFO  ha.OMHANodeDetails (OMHANodeDetails.java:loadOMHAConfig(219)) - Configuration does not have ozone.om.address set. Falling back to the default OM address /127.0.0.1:0
2021-08-15 13:11:58,332 [Listener at 0.0.0.0/45507] INFO  ha.OMHANodeDetails (OMHANodeDetails.java:getOMNodeDetails(247)) - OM Service ID is not set. Setting it to the default ID: omServiceIdDefault
2021-08-15 13:11:58,332 [Listener at 0.0.0.0/45507] INFO  ha.OMHANodeDetails (OMHANodeDetails.java:getOMNodeDetails(254)) - OM Node ID is not set. Setting it to the default ID: om1
2021-08-15 13:11:58,332 [Listener at 0.0.0.0/45507] WARN  server.ServerUtils (ServerUtils.java:getDBPath(225)) - ozone.om.db.dirs is not configured. We recommend adding this setting. Falling back to ozone.metadata.dirs instead.
2021-08-15 13:11:58,333 [Listener at 0.0.0.0/45507] INFO  upgrade.AbstractLayoutVersionManager (AbstractLayoutVersionManager.java:init(70)) - Initializing Layout version manager with metadata layout = INITIAL_VERSION (version = 0), software layout = INITIAL_VERSION (version = 0)
2021-08-15 13:11:58,426 [Listener at 0.0.0.0/45507] INFO  reflections.Reflections (Reflections.java:scan(232)) - Reflections took 93 ms to scan 2 urls, producing 131 keys and 342 values [using 2 cores]
2021-08-15 13:11:58,426 [Listener at 0.0.0.0/45507] INFO  upgrade.OMLayoutVersionManager (OMLayoutVersionManager.java:lambda$0(116)) - Skipping Upgrade Action MockOmUpgradeAction since it has been finalized.
2021-08-15 13:11:58,426 [Listener at 0.0.0.0/45507] WARN  server.ServerUtils (ServerUtils.java:getDBPath(225)) - ozone.om.db.dirs is not configured. We recommend adding this setting. Falling back to ozone.metadata.dirs instead.
2021-08-15 13:11:58,463 [Listener at 0.0.0.0/45507] WARN  server.ServerUtils (ServerUtils.java:getDBPath(225)) - ozone.om.db.dirs is not configured. We recommend adding this setting. Falling back to ozone.metadata.dirs instead.
2021-08-15 13:11:58,463 [Listener at 0.0.0.0/45507] INFO  codec.OmKeyInfoCodec (OmKeyInfoCodec.java:<init>(51)) - OmKeyInfoCodec ignorePipeline = true
2021-08-15 13:11:58,464 [Listener at 0.0.0.0/45507] INFO  codec.RepeatedOmKeyInfoCodec (RepeatedOmKeyInfoCodec.java:<init>(42)) - RepeatedOmKeyInfoCodec ignorePipeline = true
2021-08-15 13:11:58,746 [Listener at 0.0.0.0/45507] INFO  om.OzoneManager (OzoneManager.java:addS3GVolumeToDB(4115)) - Created Volume s3v With Owner runner required for S3Gateway operations.
2021-08-15 13:11:58,746 [Listener at 0.0.0.0/45507] WARN  server.ServerUtils (ServerUtils.java:getDefaultRatisDirectory(237)) - Storage directory for Ratis is not configured. It is a good idea to map this to an SSD disk. Falling back to ozone.metadata.dirs
2021-08-15 13:11:58,746 [Listener at 0.0.0.0/45507] WARN  utils.OzoneManagerRatisUtils (OzoneManagerRatisUtils.java:getOMRatisSnapshotDirectory(391)) - ozone.om.ratis.snapshot.dir is not configured. Falling back to ozone.metadata.dirs config
2021-08-15 13:11:58,748 [Listener at 0.0.0.0/45507] WARN  server.ServerUtils (ServerUtils.java:getDefaultRatisDirectory(237)) - Storage directory for Ratis is not configured. It is a good idea to map this to an SSD disk. Falling back to ozone.metadata.dirs
2021-08-15 13:11:58,750 [Listener at 0.0.0.0/45507] INFO  ratis.OzoneManagerRatisServer (OzoneManagerRatisServer.java:<init>(158)) - Instantiating OM Ratis server with groupID: omServiceIdDefault and peers: localhost:9872
2021-08-15 13:11:58,754 [Listener at 0.0.0.0/45507] INFO  ratis.OzoneManagerStateMachine (OzoneManagerStateMachine.java:loadSnapshotInfoFromDB(605)) - LastAppliedIndex is set from TransactionInfo from OM DB as (t:0, i:~)
2021-08-15 13:11:58,764 [Listener at 0.0.0.0/45507] INFO  server.RaftServer (ConfUtils.java:logGet(44)) - raft.rpc.type = GRPC (default)
2021-08-15 13:11:58,764 [Listener at 0.0.0.0/45507] INFO  grpc.GrpcFactory (GrpcFactory.java:checkPooledByteBufAllocatorUseCacheForAllThreads(48)) - PERFORMANCE WARNING: useCacheForAllThreads is true that may cause Netty to create a lot garbage objects and, as a result, trigger GC.
	It is recommended to disable useCacheForAllThreads by setting -Dorg.apache.ratis.thirdparty.io.netty.allocator.useCacheForAllThreads=false in command line.
2021-08-15 13:11:58,768 [Listener at 0.0.0.0/45507] INFO  grpc.GrpcConfigKeys (ConfUtils.java:logGet(44)) - raft.grpc.admin.port = -1 (default)
2021-08-15 13:11:58,768 [Listener at 0.0.0.0/45507] INFO  grpc.GrpcConfigKeys (ConfUtils.java:logGet(44)) - raft.grpc.server.port = 9872 (custom)
2021-08-15 13:11:58,768 [Listener at 0.0.0.0/45507] INFO  grpc.GrpcConfigKeys (ConfUtils.java:logGet(44)) - raft.grpc.client.port = -1 (default)
2021-08-15 13:11:58,768 [Listener at 0.0.0.0/45507] INFO  grpc.GrpcConfigKeys (ConfUtils.java:logGet(44)) - raft.grpc.server.port = 9872 (custom)
2021-08-15 13:11:58,768 [Listener at 0.0.0.0/45507] INFO  grpc.GrpcConfigKeys (ConfUtils.java:logGet(44)) - raft.grpc.server.port = 9872 (custom)
2021-08-15 13:11:58,769 [Listener at 0.0.0.0/45507] INFO  server.GrpcService (ConfUtils.java:logGet(44)) - raft.grpc.message.size.max = 33554432 (custom)
2021-08-15 13:11:58,769 [Listener at 0.0.0.0/45507] INFO  server.RaftServerConfigKeys (ConfUtils.java:logGet(44)) - raft.server.log.appender.buffer.byte-limit = 33554432 (custom)
2021-08-15 13:11:58,769 [Listener at 0.0.0.0/45507] INFO  server.GrpcService (ConfUtils.java:logGet(44)) - raft.grpc.flow.control.window = 1MB (=1048576) (default)
2021-08-15 13:11:58,769 [Listener at 0.0.0.0/45507] INFO  server.RaftServerConfigKeys (ConfUtils.java:logGet(44)) - raft.server.rpc.request.timeout = 3000ms (default)
2021-08-15 13:11:58,770 [Listener at 0.0.0.0/45507] INFO  impl.DataStreamServerImpl (ConfUtils.java:logGet(44)) - raft.datastream.type = DISABLED (default)
2021-08-15 13:11:58,770 [Listener at 0.0.0.0/45507] INFO  server.RaftServerConfigKeys (ConfUtils.java:logGet(44)) - raft.server.rpc.slowness.timeout = 120s (custom)
2021-08-15 13:11:58,770 [Listener at 0.0.0.0/45507] INFO  server.RaftServerConfigKeys (ConfUtils.java:logGet(44)) - raft.server.leaderelection.leader.step-down.wait-time = 10s (default)
2021-08-15 13:11:58,771 [Listener at 0.0.0.0/45507] INFO  server.RaftServerConfigKeys (ConfUtils.java:logGet(44)) - raft.server.storage.dir = [/home/runner/work/ozone/ozone/hadoop-ozone/integration-test/target/test-dir/MiniOzoneClusterImpl-048a4f6d-23a9-42d5-a7f8-f934da4c6a5d/ozone-meta/ratis] (custom)
2021-08-15 13:11:58,777 [Listener at 0.0.0.0/45507] INFO  server.RaftServer (RaftServerProxy.java:addNew(95)) - om1: addNew group-C5BA1605619E:[om1|rpc:localhost:9872|priority:0] returns group-C5BA1605619E:java.util.concurrent.CompletableFuture@720fa7b6[Not completed]
2021-08-15 13:11:58,778 [Listener at 0.0.0.0/45507] INFO  om.OzoneManager (OzoneManager.java:initializeRatisServer(1573)) - OzoneManager Ratis server initialized at port 9872
2021-08-15 13:11:58,779 [Listener at 0.0.0.0/45507] INFO  ipc.CallQueueManager (CallQueueManager.java:<init>(90)) - Using callQueue: class java.util.concurrent.LinkedBlockingQueue, queueCapacity: 2000, scheduler: class org.apache.hadoop.ipc.DefaultRpcScheduler, ipcBackoff: false.
2021-08-15 13:11:58,779 [pool-355-thread-1] INFO  server.RaftServer$Division (RaftServerImpl.java:<init>(181)) - om1: new RaftServerImpl for group-C5BA1605619E:[om1|rpc:localhost:9872|priority:0] with OzoneManagerStateMachine:uninitialized
2021-08-15 13:11:58,780 [Socket Reader #1 for port 0] INFO  ipc.Server (Server.java:run(1265)) - Starting Socket Reader #1 for port 0
2021-08-15 13:11:58,800 [pool-355-thread-1] INFO  server.RaftServerConfigKeys (ConfUtils.java:logGet(44)) - raft.server.rpc.timeout.min = 1s (custom)
2021-08-15 13:11:58,800 [pool-355-thread-1] INFO  server.RaftServerConfigKeys (ConfUtils.java:logGet(44)) - raft.server.rpc.timeout.max = 1200ms (custom)
2021-08-15 13:11:58,800 [pool-355-thread-1] INFO  server.RaftServerConfigKeys (ConfUtils.java:logGet(44)) - raft.server.rpc.sleep.time = 25ms (default)
2021-08-15 13:11:58,800 [pool-355-thread-1] INFO  server.RaftServerConfigKeys (ConfUtils.java:logGet(44)) - raft.server.rpc.slowness.timeout = 120s (custom)
2021-08-15 13:11:58,800 [pool-355-thread-1] INFO  server.RaftServerConfigKeys (ConfUtils.java:logGet(44)) - raft.server.leaderelection.leader.step-down.wait-time = 10s (default)
2021-08-15 13:11:58,800 [pool-355-thread-1] INFO  server.RaftServerConfigKeys (ConfUtils.java:logGet(44)) - raft.server.sleep.deviation.threshold = 300ms (default)
2021-08-15 13:11:58,801 [pool-355-thread-1] INFO  server.RaftServerConfigKeys (ConfUtils.java:logGet(44)) - raft.server.log.appender.install.snapshot.enabled = false (custom)
2021-08-15 13:11:58,801 [pool-355-thread-1] INFO  server.RaftServer$Division (ServerState.java:<init>(105)) - om1@group-C5BA1605619E: ConfigurationManager, init=-1: [om1|rpc:localhost:9872|priority:0], old=null, confs=<EMPTY_MAP>
2021-08-15 13:11:58,801 [pool-355-thread-1] INFO  server.RaftServerConfigKeys (ConfUtils.java:logGet(44)) - raft.server.storage.dir = [/home/runner/work/ozone/ozone/hadoop-ozone/integration-test/target/test-dir/MiniOzoneClusterImpl-048a4f6d-23a9-42d5-a7f8-f934da4c6a5d/ozone-meta/ratis] (custom)
2021-08-15 13:11:58,801 [pool-355-thread-1] INFO  server.RaftServerConfigKeys (ConfUtils.java:logGet(44)) - raft.server.log.corruption.policy = EXCEPTION (default)
2021-08-15 13:11:58,801 [pool-355-thread-1] INFO  server.RaftServerConfigKeys (ConfUtils.java:logGet(44)) - raft.server.storage.free-space.min = 0MB (=0) (default)
2021-08-15 13:11:58,801 [pool-355-thread-1] INFO  storage.RaftStorageDirectory (RaftStorageDirectoryImpl.java:analyzeStorage(135)) - The storage directory /home/runner/work/ozone/ozone/hadoop-ozone/integration-test/target/test-dir/MiniOzoneClusterImpl-048a4f6d-23a9-42d5-a7f8-f934da4c6a5d/ozone-meta/ratis/bf265839-605b-3f16-9796-c5ba1605619e does not exist. Creating ...
2021-08-15 13:11:58,816 [pool-355-thread-1] INFO  storage.RaftStorageDirectory (RaftStorageDirectoryImpl.java:tryLock(230)) - Lock on /home/runner/work/ozone/ozone/hadoop-ozone/integration-test/target/test-dir/MiniOzoneClusterImpl-048a4f6d-23a9-42d5-a7f8-f934da4c6a5d/ozone-meta/ratis/bf265839-605b-3f16-9796-c5ba1605619e/in_use.lock acquired by nodename 21341@fv-az291-680
2021-08-15 13:11:58,822 [pool-355-thread-1] INFO  storage.RaftStorage (RaftStorageImpl.java:format(89)) - Storage directory /home/runner/work/ozone/ozone/hadoop-ozone/integration-test/target/test-dir/MiniOzoneClusterImpl-048a4f6d-23a9-42d5-a7f8-f934da4c6a5d/ozone-meta/ratis/bf265839-605b-3f16-9796-c5ba1605619e has been successfully formatted.
2021-08-15 13:11:58,822 [pool-355-thread-1] INFO  server.RaftServerConfigKeys (ConfUtils.java:logGet(44)) - raft.server.notification.no-leader.timeout = 120s (custom)
2021-08-15 13:11:58,822 [pool-355-thread-1] INFO  server.RaftServerConfigKeys (ConfUtils.java:logGet(44)) - raft.server.log.use.memory = false (default)
2021-08-15 13:11:58,822 [pool-355-thread-1] INFO  server.RaftServerConfigKeys (ConfUtils.java:logGet(44)) - raft.server.log.purge.gap = 1000000 (custom)
2021-08-15 13:11:58,823 [pool-355-thread-1] INFO  server.RaftServerConfigKeys (ConfUtils.java:logGet(44)) - raft.server.log.appender.buffer.byte-limit = 33554432 (custom)
2021-08-15 13:11:58,823 [pool-355-thread-1] INFO  server.RaftServerConfigKeys (ConfUtils.java:logGet(44)) - raft.server.log.segment.size.max = 4194304 (custom)
2021-08-15 13:11:58,824 [pool-355-thread-1] INFO  server.RaftServerConfigKeys (ConfUtils.java:logGet(44)) - raft.server.log.segment.cache.num.max = 2 (custom)
2021-08-15 13:11:58,824 [pool-355-thread-1] INFO  server.RaftServerConfigKeys (ConfUtils.java:logGet(44)) - raft.server.log.segment.cache.size.max = 200MB (=209715200) (default)
2021-08-15 13:11:58,824 [pool-355-thread-1] INFO  segmented.SegmentedRaftLogWorker (SegmentedRaftLogWorker.java:<init>(182)) - new om1@group-C5BA1605619E-SegmentedRaftLogWorker for RaftStorageImpl:Storage Directory /home/runner/work/ozone/ozone/hadoop-ozone/integration-test/target/test-dir/MiniOzoneClusterImpl-048a4f6d-23a9-42d5-a7f8-f934da4c6a5d/ozone-meta/ratis/bf265839-605b-3f16-9796-c5ba1605619e
2021-08-15 13:11:58,824 [pool-355-thread-1] INFO  server.RaftServerConfigKeys (ConfUtils.java:logGet(44)) - raft.server.log.queue.byte-limit = 64MB (=67108864) (default)
2021-08-15 13:11:58,824 [pool-355-thread-1] INFO  server.RaftServerConfigKeys (ConfUtils.java:logGet(44)) - raft.server.log.queue.element-limit = 4096 (default)
2021-08-15 13:11:58,824 [pool-355-thread-1] INFO  server.RaftServerConfigKeys (ConfUtils.java:logGet(44)) - raft.server.log.segment.size.max = 4194304 (custom)
2021-08-15 13:11:58,825 [pool-355-thread-1] INFO  server.RaftServerConfigKeys (ConfUtils.java:logGet(44)) - raft.server.log.preallocated.size = 4194304 (custom)
2021-08-15 13:11:58,825 [pool-355-thread-1] INFO  server.RaftServerConfigKeys (ConfUtils.java:logGet(44)) - raft.server.log.force.sync.num = 128 (default)
2021-08-15 13:11:58,825 [pool-355-thread-1] INFO  server.RaftServerConfigKeys (ConfUtils.java:logGet(44)) - raft.server.log.statemachine.data.sync = true (default)
2021-08-15 13:11:58,828 [pool-355-thread-1] INFO  server.RaftServerConfigKeys (ConfUtils.java:logGet(44)) - raft.server.log.statemachine.data.sync.timeout = 10s (default)
2021-08-15 13:11:58,829 [pool-355-thread-1] INFO  server.RaftServerConfigKeys (ConfUtils.java:logGet(44)) - raft.server.log.statemachine.data.sync.timeout.retry = -1 (default)
2021-08-15 13:11:58,829 [pool-355-thread-1] INFO  server.RaftServerConfigKeys (ConfUtils.java:logGet(44)) - raft.server.log.write.buffer.size = 64KB (=65536) (default)
2021-08-15 13:11:58,832 [pool-355-thread-1] INFO  server.RaftServerConfigKeys (ConfUtils.java:logGet(44)) - raft.server.log.statemachine.data.caching.enabled = false (default)
2021-08-15 13:11:58,832 [pool-355-thread-1] INFO  segmented.SegmentedRaftLogWorker (SegmentedRaftLogWorker.java:lambda$new$0(133)) - om1@group-C5BA1605619E-SegmentedRaftLogWorker: flushIndex: setUnconditionally 0 -> -1
2021-08-15 13:11:58,836 [pool-355-thread-1] INFO  segmented.SegmentedRaftLogWorker (SegmentedRaftLogWorker.java:lambda$new$0(133)) - om1@group-C5BA1605619E-SegmentedRaftLogWorker: safeCacheEvictIndex: setUnconditionally 0 -> -1
2021-08-15 13:11:58,850 [Listener at 127.0.0.1/41877] INFO  om.OzoneManager (OzoneManager.java:initFSOLayout(4321)) - Configured ozone.om.metadata.layout=SIMPLE and disabled optimized OM FS operations
2021-08-15 13:11:58,856 [pool-355-thread-1] INFO  server.RaftServerConfigKeys (ConfUtils.java:logGet(44)) - raft.server.snapshot.auto.trigger.enabled = true (custom)
2021-08-15 13:11:58,864 [pool-355-thread-1] INFO  server.RaftServerConfigKeys (ConfUtils.java:logGet(44)) - raft.server.snapshot.auto.trigger.threshold = 400000 (default)
2021-08-15 13:11:58,864 [pool-355-thread-1] INFO  server.RaftServerConfigKeys (ConfUtils.java:logGet(44)) - raft.server.snapshot.retention.file.num = -1 (default)
2021-08-15 13:11:58,864 [pool-355-thread-1] INFO  server.RaftServerConfigKeys (ConfUtils.java:logGet(44)) - raft.server.log.purge.upto.snapshot.index = true (custom)
2021-08-15 13:11:58,864 [pool-355-thread-1] INFO  server.RaftServerConfigKeys (ConfUtils.java:logGet(44)) - raft.server.retrycache.expirytime = 300s (custom)
2021-08-15 13:11:58,864 [Listener at 127.0.0.1/41877] INFO  impl.MetricsSystemImpl (MetricsSystemImpl.java:init(158)) - OzoneManager metrics system started (again)
2021-08-15 13:11:58,864 [pool-355-thread-1] INFO  server.RaftServerConfigKeys (ConfUtils.java:logGet(44)) - raft.server.retrycache.statistics.expirytime = 100μs (default)
2021-08-15 13:11:58,901 [Listener at 127.0.0.1/41877] INFO  om.OzoneManager (OzoneManager.java:start(1270)) - OzoneManager RPC server is listening at localhost/127.0.0.1:41877
2021-08-15 13:11:58,901 [Listener at 127.0.0.1/41877] INFO  ratis.OzoneManagerRatisServer (OzoneManagerRatisServer.java:start(516)) - Starting OzoneManagerRatisServer om1 at port 9872
2021-08-15 13:11:58,901 [Listener at 127.0.0.1/41877] INFO  server.RaftServer$Division (RaftServerImpl.java:start(296)) - om1@group-C5BA1605619E: start as a follower, conf=-1: [om1|rpc:localhost:9872|priority:0], old=null
2021-08-15 13:11:58,901 [Listener at 127.0.0.1/41877] INFO  server.RaftServer$Division (RaftServerImpl.java:setRole(285)) - om1@group-C5BA1605619E: changes role from      null to FOLLOWER at term 0 for startAsFollower
2021-08-15 13:11:58,901 [Listener at 127.0.0.1/41877] INFO  impl.RoleInfo (RoleInfo.java:updateAndGet(130)) - om1: start om1@group-C5BA1605619E-FollowerState
2021-08-15 13:11:58,901 [Listener at 127.0.0.1/41877] INFO  util.JmxRegister (JmxRegister.java:tryRegister(44)) - Successfully registered JMX Bean with object name Ratis:service=RaftServer,group=group-C5BA1605619E,id=om1
2021-08-15 13:11:58,907 [Listener at 127.0.0.1/41877] INFO  server.RaftServer (RaftServerProxy.java:lambda$start$5(374)) - om1: start RPC server
2021-08-15 13:11:58,912 [Listener at 127.0.0.1/41877] INFO  server.GrpcService (GrpcService.java:startImpl(253)) - om1: GrpcService started, listening on 9872
2021-08-15 13:11:58,913 [Listener at 127.0.0.1/41877] INFO  om.OzoneManager (OzoneManager.java:start(1288)) - Version File has different layout version (0) than OM DB (null). That is expected if this OM has never been finalized to a newer layout version.
2021-08-15 13:11:58,913 [org.apache.ratis.util.JvmPauseMonitor$$Lambda$531/36399757@40cd2161] INFO  util.JvmPauseMonitor (JvmPauseMonitor.java:run(103)) - JvmPauseMonitor-om1: Started
2021-08-15 13:11:58,955 [Listener at 127.0.0.1/41877] INFO  http.BaseHttpServer (BaseHttpServer.java:newHttpServer2BuilderForOzone(209)) - Starting Web-server for ozoneManager at: http://0.0.0.0:0
2021-08-15 13:11:58,955 [Listener at 127.0.0.1/41877] INFO  http.BaseHttpServer (BaseHttpServer.java:<init>(107)) - Hadoop Security Enabled: false Ozone Security Enabled: false Ozone HTTP Security Enabled: false 
2021-08-15 13:11:58,956 [Listener at 127.0.0.1/41877] INFO  server.AuthenticationFilter (AuthenticationFilter.java:constructSecretProvider(240)) - Unable to initialize FileSignerSecretProvider, falling back to use random secrets.
2021-08-15 13:11:58,957 [Listener at 127.0.0.1/41877] WARN  http.HttpRequestLog (HttpRequestLog.java:getRequestLog(103)) - Jetty request log can only be enabled using Log4j
2021-08-15 13:11:58,957 [Listener at 127.0.0.1/41877] INFO  http.HttpServer2 (HttpServer2.java:addGlobalFilter(1020)) - Added global filter 'safety' (class=org.apache.hadoop.hdds.server.http.HttpServer2$QuotingInputFilter)
2021-08-15 13:11:58,958 [Listener at 127.0.0.1/41877] INFO  http.HttpServer2 (HttpServer2.java:addFilter(996)) - Added filter static_user_filter (class=org.apache.hadoop.http.lib.StaticUserWebFilter$StaticUserFilter) to context ozoneManager
2021-08-15 13:11:58,958 [Listener at 127.0.0.1/41877] INFO  http.HttpServer2 (HttpServer2.java:addFilter(1004)) - Added filter static_user_filter (class=org.apache.hadoop.http.lib.StaticUserWebFilter$StaticUserFilter) to context logs
2021-08-15 13:11:58,958 [Listener at 127.0.0.1/41877] INFO  http.HttpServer2 (HttpServer2.java:addFilter(1004)) - Added filter static_user_filter (class=org.apache.hadoop.http.lib.StaticUserWebFilter$StaticUserFilter) to context static
2021-08-15 13:11:58,959 [Listener at 127.0.0.1/41877] INFO  http.HttpServer2 (HttpServer2.java:bindListener(1239)) - Jetty bound to port 44691
2021-08-15 13:11:58,959 [Listener at 127.0.0.1/41877] INFO  server.Server (Server.java:doStart(375)) - jetty-9.4.43.v20210629; built: 2021-06-30T11:07:22.254Z; git: 526006ecfa3af7f1a27ef3a288e2bef7ea9dd7e8; jvm 1.8.0_292-b10
2021-08-15 13:11:59,035 [Listener at 127.0.0.1/41877] INFO  server.session (DefaultSessionIdManager.java:doStart(334)) - DefaultSessionIdManager workerName=node0
2021-08-15 13:11:59,036 [Listener at 127.0.0.1/41877] INFO  server.session (DefaultSessionIdManager.java:doStart(339)) - No SessionScavenger set, using defaults
2021-08-15 13:11:59,036 [Listener at 127.0.0.1/41877] INFO  server.session (HouseKeeper.java:startScavenging(132)) - node0 Scavenging every 660000ms
2021-08-15 13:11:59,058 [Listener at 127.0.0.1/41877] INFO  handler.ContextHandler (ContextHandler.java:doStart(915)) - Started o.e.j.s.ServletContextHandler@50dc4b18{logs,/logs,file:///home/runner/work/ozone/ozone/hadoop-ozone/integration-test/target/log,AVAILABLE}
2021-08-15 13:11:59,058 [Listener at 127.0.0.1/41877] INFO  handler.ContextHandler (ContextHandler.java:doStart(915)) - Started o.e.j.s.ServletContextHandler@68ce010{static,/static,file:///home/runner/work/ozone/ozone/hadoop-ozone/integration-test/target/test-classes/webapps/static,AVAILABLE}
2021-08-15 13:11:59,061 [Listener at 127.0.0.1/41877] INFO  handler.ContextHandler (ContextHandler.java:doStart(915)) - Started o.e.j.w.WebAppContext@52c93518{ozoneManager,/,file:///home/runner/work/ozone/ozone/hadoop-ozone/integration-test/target/test-classes/webapps/ozoneManager/,AVAILABLE}{file:/home/runner/work/ozone/ozone/hadoop-ozone/integration-test/target/test-classes/webapps/ozoneManager}
2021-08-15 13:11:59,066 [Listener at 127.0.0.1/41877] INFO  server.AbstractConnector (AbstractConnector.java:doStart(331)) - Started ServerConnector@fb476fd{HTTP/1.1, (http/1.1)}{0.0.0.0:44691}
2021-08-15 13:11:59,066 [Listener at 127.0.0.1/41877] INFO  server.Server (Server.java:doStart(415)) - Started @115900ms
2021-08-15 13:11:59,066 [Listener at 127.0.0.1/41877] WARN  impl.MetricsSystemImpl (MetricsSystemImpl.java:register(279)) - Sink prometheus already exists!
2021-08-15 13:11:59,067 [Listener at 127.0.0.1/41877] INFO  http.BaseHttpServer (BaseHttpServer.java:updateConnectorAddress(329)) - HTTP server of ozoneManager listening at http://0.0.0.0:44691
2021-08-15 13:11:59,077 [IPC Server Responder] INFO  ipc.Server (Server.java:run(1507)) - IPC Server Responder: starting
2021-08-15 13:11:59,077 [IPC Server listener on 0] INFO  ipc.Server (Server.java:run(1344)) - IPC Server listener on 0: starting
2021-08-15 13:11:59,079 [Listener at 127.0.0.1/41877] INFO  om.OzoneManager (OzoneManager.java:startTrashEmptier(1531)) - Trash Interval set to 0. Files deleted will not move to trash
2021-08-15 13:11:59,104 [org.apache.hadoop.util.JvmPauseMonitor$Monitor@2b13ef94] INFO  util.JvmPauseMonitor (JvmPauseMonitor.java:run(188)) - Starting JVM pause monitor
2021-08-15 13:11:59,104 [Listener at 127.0.0.1/41877] WARN  impl.MetricRegistriesImpl (MetricRegistriesImpl.java:addReporterRegistration(111)) - New reporters are added after registries were created. Some metrics will be missing from the reporter. Please add reporter before adding any new registry.
2021-08-15 13:11:59,114 [Listener at 127.0.0.1/41877] WARN  impl.MetricRegistriesImpl (MetricRegistriesImpl.java:addReporterRegistration(111)) - New reporters are added after registries were created. Some metrics will be missing from the reporter. Please add reporter before adding any new registry.
2021-08-15 13:11:59,114 [Listener at 127.0.0.1/41877] INFO  impl.MetricsSystemImpl (MetricsSystemImpl.java:init(158)) - HddsDatanode metrics system started (again)
2021-08-15 13:11:59,136 [Listener at 127.0.0.1/41877] INFO  ozone.HddsDatanodeService (HddsDatanodeService.java:start(234)) - HddsDatanodeService host:fv-az291-680.wgnan5asplgejimfprtllbpdch.jx.internal.cloudapp.net ip:10.1.0.42
2021-08-15 13:11:59,191 [Listener at 127.0.0.1/41877] INFO  upgrade.AbstractLayoutVersionManager (AbstractLayoutVersionManager.java:init(70)) - Initializing Layout version manager with metadata layout = SCM_HA (version = 2), software layout = SCM_HA (version = 2)
2021-08-15 13:11:59,247 [Listener at 127.0.0.1/41877] INFO  reflections.Reflections (Reflections.java:scan(232)) - Reflections took 55 ms to scan 7 urls, producing 120 keys and 275 values 
2021-08-15 13:11:59,257 [Listener at 127.0.0.1/41877] INFO  volume.HddsVolume (HddsVolume.java:<init>(120)) - Creating HddsVolume: /home/runner/work/ozone/ozone/hadoop-ozone/integration-test/target/test-dir/MiniOzoneClusterImpl-048a4f6d-23a9-42d5-a7f8-f934da4c6a5d/datanode-0/data-0/containers/hdds of storage type : DISK capacity : 9223372036854775807
2021-08-15 13:11:59,261 [Listener at 127.0.0.1/41877] INFO  volume.MutableVolumeSet (MutableVolumeSet.java:initializeVolumeSet(181)) - Added Volume : /home/runner/work/ozone/ozone/hadoop-ozone/integration-test/target/test-dir/MiniOzoneClusterImpl-048a4f6d-23a9-42d5-a7f8-f934da4c6a5d/datanode-0/data-0/containers/hdds to VolumeSet
2021-08-15 13:11:59,261 [Listener at 127.0.0.1/41877] INFO  volume.ThrottledAsyncChecker (ThrottledAsyncChecker.java:schedule(141)) - Scheduling a check for /home/runner/work/ozone/ozone/hadoop-ozone/integration-test/target/test-dir/MiniOzoneClusterImpl-048a4f6d-23a9-42d5-a7f8-f934da4c6a5d/datanode-0/data-0/containers/hdds
2021-08-15 13:11:59,268 [Listener at 127.0.0.1/41877] INFO  volume.StorageVolumeChecker (StorageVolumeChecker.java:checkAllVolumes(202)) - Scheduled health check for volume /home/runner/work/ozone/ozone/hadoop-ozone/integration-test/target/test-dir/MiniOzoneClusterImpl-048a4f6d-23a9-42d5-a7f8-f934da4c6a5d/datanode-0/data-0/containers/hdds
2021-08-15 13:11:59,286 [Listener at 127.0.0.1/41877] INFO  volume.MutableVolumeSet (MutableVolumeSet.java:initializeVolumeSet(181)) - Added Volume : /home/runner/work/ozone/ozone/hadoop-ozone/integration-test/target/test-dir/MiniOzoneClusterImpl-048a4f6d-23a9-42d5-a7f8-f934da4c6a5d/datanode-0/data/ratis to VolumeSet
2021-08-15 13:11:59,286 [Listener at 127.0.0.1/41877] INFO  volume.ThrottledAsyncChecker (ThrottledAsyncChecker.java:schedule(141)) - Scheduling a check for /home/runner/work/ozone/ozone/hadoop-ozone/integration-test/target/test-dir/MiniOzoneClusterImpl-048a4f6d-23a9-42d5-a7f8-f934da4c6a5d/datanode-0/data/ratis
2021-08-15 13:11:59,286 [Listener at 127.0.0.1/41877] INFO  volume.StorageVolumeChecker (StorageVolumeChecker.java:checkAllVolumes(202)) - Scheduled health check for volume /home/runner/work/ozone/ozone/hadoop-ozone/integration-test/target/test-dir/MiniOzoneClusterImpl-048a4f6d-23a9-42d5-a7f8-f934da4c6a5d/datanode-0/data/ratis
2021-08-15 13:11:59,305 [Listener at 127.0.0.1/41877] INFO  ozoneimpl.ContainerReader (ContainerReader.java:<init>(98)) - Running in upgrade mode:true
2021-08-15 13:11:59,306 [Thread-906] INFO  ozoneimpl.ContainerReader (ContainerReader.java:readVolume(142)) - Start to verify containers on volume /home/runner/work/ozone/ozone/hadoop-ozone/integration-test/target/test-dir/MiniOzoneClusterImpl-048a4f6d-23a9-42d5-a7f8-f934da4c6a5d/datanode-0/data-0/containers/hdds
2021-08-15 13:11:59,306 [Thread-906] INFO  ozoneimpl.ContainerReader (ContainerReader.java:readVolume(174)) - Finish verifying containers on volume /home/runner/work/ozone/ozone/hadoop-ozone/integration-test/target/test-dir/MiniOzoneClusterImpl-048a4f6d-23a9-42d5-a7f8-f934da4c6a5d/datanode-0/data-0/containers/hdds
2021-08-15 13:11:59,306 [Listener at 127.0.0.1/41877] INFO  ozoneimpl.OzoneContainer (OzoneContainer.java:buildContainerSet(237)) - Build ContainerSet costs 0s
2021-08-15 13:11:59,308 [Listener at 127.0.0.1/41877] INFO  server.RaftServer (ConfUtils.java:logGet(44)) - raft.rpc.type = GRPC (default)
2021-08-15 13:11:59,308 [Listener at 127.0.0.1/41877] INFO  grpc.GrpcFactory (GrpcFactory.java:checkPooledByteBufAllocatorUseCacheForAllThreads(48)) - PERFORMANCE WARNING: useCacheForAllThreads is true that may cause Netty to create a lot garbage objects and, as a result, trigger GC.
	It is recommended to disable useCacheForAllThreads by setting -Dorg.apache.ratis.thirdparty.io.netty.allocator.useCacheForAllThreads=false in command line.
2021-08-15 13:11:59,308 [Listener at 127.0.0.1/41877] INFO  grpc.GrpcConfigKeys (ConfUtils.java:logGet(44)) - raft.grpc.admin.port = 0 (custom)
2021-08-15 13:11:59,308 [Listener at 127.0.0.1/41877] INFO  grpc.GrpcConfigKeys (ConfUtils.java:logGet(44)) - raft.grpc.client.port = 0 (custom)
2021-08-15 13:11:59,308 [Listener at 127.0.0.1/41877] INFO  grpc.GrpcConfigKeys (ConfUtils.java:logGet(44)) - raft.grpc.server.port = 0 (default)
2021-08-15 13:11:59,308 [Listener at 127.0.0.1/41877] INFO  server.GrpcService (ConfUtils.java:logGet(44)) - raft.grpc.message.size.max = 32MB (=33554432) (custom)
2021-08-15 13:11:59,308 [Listener at 127.0.0.1/41877] INFO  server.RaftServerConfigKeys (ConfUtils.java:logGet(44)) - raft.server.log.appender.buffer.byte-limit = 33554432 (custom)
2021-08-15 13:11:59,308 [Listener at 127.0.0.1/41877] INFO  server.GrpcService (ConfUtils.java:logGet(44)) - raft.grpc.flow.control.window = 5MB (=5242880) (custom)
2021-08-15 13:11:59,308 [Listener at 127.0.0.1/41877] INFO  server.RaftServerConfigKeys (ConfUtils.java:logGet(44)) - raft.server.rpc.request.timeout = 60s (custom)
2021-08-15 13:11:59,309 [Listener at 127.0.0.1/41877] INFO  impl.DataStreamServerImpl (ConfUtils.java:logGet(44)) - raft.datastream.type = DISABLED (default)
2021-08-15 13:11:59,309 [Listener at 127.0.0.1/41877] INFO  server.RaftServerConfigKeys (ConfUtils.java:logGet(44)) - raft.server.rpc.slowness.timeout = 300s (custom)
2021-08-15 13:11:59,309 [Listener at 127.0.0.1/41877] INFO  server.RaftServerConfigKeys (ConfUtils.java:logGet(44)) - raft.server.leaderelection.leader.step-down.wait-time = 10s (default)
2021-08-15 13:11:59,310 [Listener at 127.0.0.1/41877] INFO  server.RaftServerConfigKeys (ConfUtils.java:logGet(44)) - raft.server.storage.dir = [/home/runner/work/ozone/ozone/hadoop-ozone/integration-test/target/test-dir/MiniOzoneClusterImpl-048a4f6d-23a9-42d5-a7f8-f934da4c6a5d/datanode-0/data/ratis] (custom)
2021-08-15 13:11:59,325 [Listener at 127.0.0.1/41877] INFO  http.BaseHttpServer (BaseHttpServer.java:newHttpServer2BuilderForOzone(209)) - Starting Web-server for hddsDatanode at: http://0.0.0.0:0
2021-08-15 13:11:59,325 [Listener at 127.0.0.1/41877] INFO  http.BaseHttpServer (BaseHttpServer.java:<init>(107)) - Hadoop Security Enabled: false Ozone Security Enabled: false Ozone HTTP Security Enabled: false 
2021-08-15 13:11:59,326 [Listener at 127.0.0.1/41877] INFO  server.AuthenticationFilter (AuthenticationFilter.java:constructSecretProvider(240)) - Unable to initialize FileSignerSecretProvider, falling back to use random secrets.
2021-08-15 13:11:59,333 [Listener at 127.0.0.1/41877] WARN  http.HttpRequestLog (HttpRequestLog.java:getRequestLog(103)) - Jetty request log can only be enabled using Log4j
2021-08-15 13:11:59,333 [Listener at 127.0.0.1/41877] INFO  http.HttpServer2 (HttpServer2.java:addGlobalFilter(1020)) - Added global filter 'safety' (class=org.apache.hadoop.hdds.server.http.HttpServer2$QuotingInputFilter)
2021-08-15 13:11:59,348 [Listener at 127.0.0.1/41877] INFO  http.HttpServer2 (HttpServer2.java:addFilter(996)) - Added filter static_user_filter (class=org.apache.hadoop.http.lib.StaticUserWebFilter$StaticUserFilter) to context hddsDatanode
2021-08-15 13:11:59,348 [Listener at 127.0.0.1/41877] INFO  http.HttpServer2 (HttpServer2.java:addFilter(1004)) - Added filter static_user_filter (class=org.apache.hadoop.http.lib.StaticUserWebFilter$StaticUserFilter) to context static
2021-08-15 13:11:59,348 [Listener at 127.0.0.1/41877] INFO  http.HttpServer2 (HttpServer2.java:addFilter(1004)) - Added filter static_user_filter (class=org.apache.hadoop.http.lib.StaticUserWebFilter$StaticUserFilter) to context logs
2021-08-15 13:11:59,349 [Listener at 127.0.0.1/41877] INFO  http.HttpServer2 (HttpServer2.java:bindListener(1239)) - Jetty bound to port 34571
2021-08-15 13:11:59,349 [Listener at 127.0.0.1/41877] INFO  server.Server (Server.java:doStart(375)) - jetty-9.4.43.v20210629; built: 2021-06-30T11:07:22.254Z; git: 526006ecfa3af7f1a27ef3a288e2bef7ea9dd7e8; jvm 1.8.0_292-b10
2021-08-15 13:11:59,377 [Listener at 127.0.0.1/41877] INFO  server.session (DefaultSessionIdManager.java:doStart(334)) - DefaultSessionIdManager workerName=node0
2021-08-15 13:11:59,377 [Listener at 127.0.0.1/41877] INFO  server.session (DefaultSessionIdManager.java:doStart(339)) - No SessionScavenger set, using defaults
2021-08-15 13:11:59,378 [Listener at 127.0.0.1/41877] INFO  server.session (HouseKeeper.java:startScavenging(132)) - node0 Scavenging every 600000ms
2021-08-15 13:11:59,379 [Listener at 127.0.0.1/41877] INFO  handler.ContextHandler (ContextHandler.java:doStart(915)) - Started o.e.j.s.ServletContextHandler@2ae1d25c{logs,/logs,file:///home/runner/work/ozone/ozone/hadoop-ozone/integration-test/target/log,AVAILABLE}
2021-08-15 13:11:59,379 [Listener at 127.0.0.1/41877] INFO  handler.ContextHandler (ContextHandler.java:doStart(915)) - Started o.e.j.s.ServletContextHandler@5a8ecad9{static,/static,jar:file:/home/runner/.m2/repository/org/apache/ozone/hdds-container-service/1.2.0-SNAPSHOT/hdds-container-service-1.2.0-SNAPSHOT.jar!/webapps/static,AVAILABLE}
2021-08-15 13:11:59,445 [Listener at 127.0.0.1/41877] INFO  handler.ContextHandler (ContextHandler.java:doStart(915)) - Started o.e.j.w.WebAppContext@67cdf9fb{hddsDatanode,/,file:///tmp/jetty-0_0_0_0-34571-hdds-container-service-1_2_0-SNAPSHOT_jar-_-any-2714591338019582905/webapp/,AVAILABLE}{jar:file:/home/runner/.m2/repository/org/apache/ozone/hdds-container-service/1.2.0-SNAPSHOT/hdds-container-service-1.2.0-SNAPSHOT.jar!/webapps/hddsDatanode}
2021-08-15 13:11:59,454 [Listener at 127.0.0.1/41877] INFO  server.AbstractConnector (AbstractConnector.java:doStart(331)) - Started ServerConnector@126730bb{HTTP/1.1, (http/1.1)}{0.0.0.0:34571}
2021-08-15 13:11:59,455 [Listener at 127.0.0.1/41877] INFO  server.Server (Server.java:doStart(415)) - Started @116288ms
2021-08-15 13:11:59,455 [Listener at 127.0.0.1/41877] WARN  impl.MetricsSystemImpl (MetricsSystemImpl.java:register(279)) - Sink prometheus already exists!
2021-08-15 13:11:59,455 [Listener at 127.0.0.1/41877] INFO  http.BaseHttpServer (BaseHttpServer.java:updateConnectorAddress(329)) - HTTP server of hddsDatanode listening at http://0.0.0.0:34571
2021-08-15 13:11:59,456 [Listener at 127.0.0.1/41877] WARN  impl.MetricRegistriesImpl (MetricRegistriesImpl.java:addReporterRegistration(111)) - New reporters are added after registries were created. Some metrics will be missing from the reporter. Please add reporter before adding any new registry.
2021-08-15 13:11:59,456 [Listener at 127.0.0.1/41877] WARN  impl.MetricRegistriesImpl (MetricRegistriesImpl.java:addReporterRegistration(111)) - New reporters are added after registries were created. Some metrics will be missing from the reporter. Please add reporter before adding any new registry.
2021-08-15 13:11:59,456 [Listener at 127.0.0.1/41877] INFO  impl.MetricsSystemImpl (MetricsSystemImpl.java:init(158)) - HddsDatanode metrics system started (again)
2021-08-15 13:11:59,517 [Listener at 127.0.0.1/41877] INFO  ozone.HddsDatanodeService (HddsDatanodeService.java:start(234)) - HddsDatanodeService host:fv-az291-680.wgnan5asplgejimfprtllbpdch.jx.internal.cloudapp.net ip:10.1.0.42
2021-08-15 13:11:59,540 [org.apache.hadoop.util.JvmPauseMonitor$Monitor@594d1770] INFO  util.JvmPauseMonitor (JvmPauseMonitor.java:run(188)) - Starting JVM pause monitor
2021-08-15 13:11:59,560 [Datanode State Machine Task Thread - 0] INFO  datanode.InitDatanodeState (InitDatanodeState.java:persistContainerDatanodeDetails(145)) - DatanodeDetails is persisted to /home/runner/work/ozone/ozone/hadoop-ozone/integration-test/target/test-dir/MiniOzoneClusterImpl-048a4f6d-23a9-42d5-a7f8-f934da4c6a5d/datanode-0/meta/datanode.id
2021-08-15 13:11:59,568 [Listener at 127.0.0.1/41877] INFO  upgrade.AbstractLayoutVersionManager (AbstractLayoutVersionManager.java:init(70)) - Initializing Layout version manager with metadata layout = SCM_HA (version = 2), software layout = SCM_HA (version = 2)
2021-08-15 13:11:59,657 [Listener at 127.0.0.1/41877] INFO  reflections.Reflections (Reflections.java:scan(232)) - Reflections took 87 ms to scan 7 urls, producing 120 keys and 275 values 
2021-08-15 13:11:59,660 [Listener at 127.0.0.1/41877] INFO  volume.HddsVolume (HddsVolume.java:<init>(120)) - Creating HddsVolume: /home/runner/work/ozone/ozone/hadoop-ozone/integration-test/target/test-dir/MiniOzoneClusterImpl-048a4f6d-23a9-42d5-a7f8-f934da4c6a5d/datanode-1/data-0/containers/hdds of storage type : DISK capacity : 9223372036854775807
2021-08-15 13:11:59,660 [Listener at 127.0.0.1/41877] INFO  volume.MutableVolumeSet (MutableVolumeSet.java:initializeVolumeSet(181)) - Added Volume : /home/runner/work/ozone/ozone/hadoop-ozone/integration-test/target/test-dir/MiniOzoneClusterImpl-048a4f6d-23a9-42d5-a7f8-f934da4c6a5d/datanode-1/data-0/containers/hdds to VolumeSet
2021-08-15 13:11:59,660 [Listener at 127.0.0.1/41877] INFO  volume.ThrottledAsyncChecker (ThrottledAsyncChecker.java:schedule(141)) - Scheduling a check for /home/runner/work/ozone/ozone/hadoop-ozone/integration-test/target/test-dir/MiniOzoneClusterImpl-048a4f6d-23a9-42d5-a7f8-f934da4c6a5d/datanode-1/data-0/containers/hdds
2021-08-15 13:11:59,681 [Listener at 127.0.0.1/41877] INFO  volume.StorageVolumeChecker (StorageVolumeChecker.java:checkAllVolumes(202)) - Scheduled health check for volume /home/runner/work/ozone/ozone/hadoop-ozone/integration-test/target/test-dir/MiniOzoneClusterImpl-048a4f6d-23a9-42d5-a7f8-f934da4c6a5d/datanode-1/data-0/containers/hdds
2021-08-15 13:11:59,710 [Listener at 127.0.0.1/41877] INFO  volume.MutableVolumeSet (MutableVolumeSet.java:initializeVolumeSet(181)) - Added Volume : /home/runner/work/ozone/ozone/hadoop-ozone/integration-test/target/test-dir/MiniOzoneClusterImpl-048a4f6d-23a9-42d5-a7f8-f934da4c6a5d/datanode-1/data/ratis to VolumeSet
2021-08-15 13:11:59,710 [Listener at 127.0.0.1/41877] INFO  volume.ThrottledAsyncChecker (ThrottledAsyncChecker.java:schedule(141)) - Scheduling a check for /home/runner/work/ozone/ozone/hadoop-ozone/integration-test/target/test-dir/MiniOzoneClusterImpl-048a4f6d-23a9-42d5-a7f8-f934da4c6a5d/datanode-1/data/ratis
2021-08-15 13:11:59,711 [Listener at 127.0.0.1/41877] INFO  volume.StorageVolumeChecker (StorageVolumeChecker.java:checkAllVolumes(202)) - Scheduled health check for volume /home/runner/work/ozone/ozone/hadoop-ozone/integration-test/target/test-dir/MiniOzoneClusterImpl-048a4f6d-23a9-42d5-a7f8-f934da4c6a5d/datanode-1/data/ratis
2021-08-15 13:11:59,746 [Listener at 127.0.0.1/41877] INFO  ozoneimpl.ContainerReader (ContainerReader.java:<init>(98)) - Running in upgrade mode:true
2021-08-15 13:11:59,749 [Thread-918] INFO  ozoneimpl.ContainerReader (ContainerReader.java:readVolume(142)) - Start to verify containers on volume /home/runner/work/ozone/ozone/hadoop-ozone/integration-test/target/test-dir/MiniOzoneClusterImpl-048a4f6d-23a9-42d5-a7f8-f934da4c6a5d/datanode-1/data-0/containers/hdds
2021-08-15 13:11:59,749 [Thread-918] INFO  ozoneimpl.ContainerReader (ContainerReader.java:readVolume(174)) - Finish verifying containers on volume /home/runner/work/ozone/ozone/hadoop-ozone/integration-test/target/test-dir/MiniOzoneClusterImpl-048a4f6d-23a9-42d5-a7f8-f934da4c6a5d/datanode-1/data-0/containers/hdds
2021-08-15 13:11:59,749 [Listener at 127.0.0.1/41877] INFO  ozoneimpl.OzoneContainer (OzoneContainer.java:buildContainerSet(237)) - Build ContainerSet costs 0s
2021-08-15 13:11:59,751 [Listener at 127.0.0.1/41877] INFO  server.RaftServer (ConfUtils.java:logGet(44)) - raft.rpc.type = GRPC (default)
2021-08-15 13:11:59,751 [Listener at 127.0.0.1/41877] INFO  grpc.GrpcFactory (GrpcFactory.java:checkPooledByteBufAllocatorUseCacheForAllThreads(48)) - PERFORMANCE WARNING: useCacheForAllThreads is true that may cause Netty to create a lot garbage objects and, as a result, trigger GC.
	It is recommended to disable useCacheForAllThreads by setting -Dorg.apache.ratis.thirdparty.io.netty.allocator.useCacheForAllThreads=false in command line.
2021-08-15 13:11:59,751 [Listener at 127.0.0.1/41877] INFO  grpc.GrpcConfigKeys (ConfUtils.java:logGet(44)) - raft.grpc.admin.port = 0 (custom)
2021-08-15 13:11:59,751 [Listener at 127.0.0.1/41877] INFO  grpc.GrpcConfigKeys (ConfUtils.java:logGet(44)) - raft.grpc.client.port = 0 (custom)
2021-08-15 13:11:59,751 [Listener at 127.0.0.1/41877] INFO  grpc.GrpcConfigKeys (ConfUtils.java:logGet(44)) - raft.grpc.server.port = 0 (default)
2021-08-15 13:11:59,752 [Listener at 127.0.0.1/41877] INFO  server.GrpcService (ConfUtils.java:logGet(44)) - raft.grpc.message.size.max = 32MB (=33554432) (custom)
2021-08-15 13:11:59,752 [Listener at 127.0.0.1/41877] INFO  server.RaftServerConfigKeys (ConfUtils.java:logGet(44)) - raft.server.log.appender.buffer.byte-limit = 33554432 (custom)
2021-08-15 13:11:59,752 [Listener at 127.0.0.1/41877] INFO  server.GrpcService (ConfUtils.java:logGet(44)) - raft.grpc.flow.control.window = 5MB (=5242880) (custom)
2021-08-15 13:11:59,752 [Listener at 127.0.0.1/41877] INFO  server.RaftServerConfigKeys (ConfUtils.java:logGet(44)) - raft.server.rpc.request.timeout = 60s (custom)
2021-08-15 13:11:59,753 [Listener at 127.0.0.1/41877] INFO  impl.DataStreamServerImpl (ConfUtils.java:logGet(44)) - raft.datastream.type = DISABLED (default)
2021-08-15 13:11:59,753 [Listener at 127.0.0.1/41877] INFO  server.RaftServerConfigKeys (ConfUtils.java:logGet(44)) - raft.server.rpc.slowness.timeout = 300s (custom)
2021-08-15 13:11:59,753 [Listener at 127.0.0.1/41877] INFO  server.RaftServerConfigKeys (ConfUtils.java:logGet(44)) - raft.server.leaderelection.leader.step-down.wait-time = 10s (default)
2021-08-15 13:11:59,753 [Listener at 127.0.0.1/41877] INFO  server.RaftServerConfigKeys (ConfUtils.java:logGet(44)) - raft.server.storage.dir = [/home/runner/work/ozone/ozone/hadoop-ozone/integration-test/target/test-dir/MiniOzoneClusterImpl-048a4f6d-23a9-42d5-a7f8-f934da4c6a5d/datanode-1/data/ratis] (custom)
2021-08-15 13:11:59,769 [Listener at 127.0.0.1/41877] INFO  http.BaseHttpServer (BaseHttpServer.java:newHttpServer2BuilderForOzone(209)) - Starting Web-server for hddsDatanode at: http://0.0.0.0:0
2021-08-15 13:11:59,769 [Listener at 127.0.0.1/41877] INFO  http.BaseHttpServer (BaseHttpServer.java:<init>(107)) - Hadoop Security Enabled: false Ozone Security Enabled: false Ozone HTTP Security Enabled: false 
2021-08-15 13:11:59,770 [Listener at 127.0.0.1/41877] INFO  server.AuthenticationFilter (AuthenticationFilter.java:constructSecretProvider(240)) - Unable to initialize FileSignerSecretProvider, falling back to use random secrets.
2021-08-15 13:11:59,778 [Listener at 127.0.0.1/41877] WARN  http.HttpRequestLog (HttpRequestLog.java:getRequestLog(103)) - Jetty request log can only be enabled using Log4j
2021-08-15 13:11:59,779 [Listener at 127.0.0.1/41877] INFO  http.HttpServer2 (HttpServer2.java:addGlobalFilter(1020)) - Added global filter 'safety' (class=org.apache.hadoop.hdds.server.http.HttpServer2$QuotingInputFilter)
2021-08-15 13:11:59,779 [Listener at 127.0.0.1/41877] INFO  http.HttpServer2 (HttpServer2.java:addFilter(996)) - Added filter static_user_filter (class=org.apache.hadoop.http.lib.StaticUserWebFilter$StaticUserFilter) to context hddsDatanode
2021-08-15 13:11:59,779 [Listener at 127.0.0.1/41877] INFO  http.HttpServer2 (HttpServer2.java:addFilter(1004)) - Added filter static_user_filter (class=org.apache.hadoop.http.lib.StaticUserWebFilter$StaticUserFilter) to context static
2021-08-15 13:11:59,779 [Listener at 127.0.0.1/41877] INFO  http.HttpServer2 (HttpServer2.java:addFilter(1004)) - Added filter static_user_filter (class=org.apache.hadoop.http.lib.StaticUserWebFilter$StaticUserFilter) to context logs
2021-08-15 13:11:59,780 [Listener at 127.0.0.1/41877] INFO  http.HttpServer2 (HttpServer2.java:bindListener(1239)) - Jetty bound to port 46847
2021-08-15 13:11:59,780 [Listener at 127.0.0.1/41877] INFO  server.Server (Server.java:doStart(375)) - jetty-9.4.43.v20210629; built: 2021-06-30T11:07:22.254Z; git: 526006ecfa3af7f1a27ef3a288e2bef7ea9dd7e8; jvm 1.8.0_292-b10
2021-08-15 13:11:59,923 [om1@group-C5BA1605619E-FollowerState] INFO  impl.FollowerState (FollowerState.java:run(134)) - om1@group-C5BA1605619E-FollowerState: change to CANDIDATE, lastRpcElapsedTime:1021948160ns, electionTimeout:1021ms
2021-08-15 13:11:59,923 [om1@group-C5BA1605619E-FollowerState] INFO  impl.RoleInfo (RoleInfo.java:shutdownFollowerState(108)) - om1: shutdown om1@group-C5BA1605619E-FollowerState
2021-08-15 13:11:59,923 [om1@group-C5BA1605619E-FollowerState] INFO  server.RaftServer$Division (RaftServerImpl.java:setRole(285)) - om1@group-C5BA1605619E: changes role from  FOLLOWER to CANDIDATE at term 0 for changeToCandidate
2021-08-15 13:11:59,936 [Listener at 127.0.0.1/41877] INFO  server.session (DefaultSessionIdManager.java:doStart(334)) - DefaultSessionIdManager workerName=node0
2021-08-15 13:11:59,936 [Listener at 127.0.0.1/41877] INFO  server.session (DefaultSessionIdManager.java:doStart(339)) - No SessionScavenger set, using defaults
2021-08-15 13:11:59,936 [Listener at 127.0.0.1/41877] INFO  server.session (HouseKeeper.java:startScavenging(132)) - node0 Scavenging every 660000ms
2021-08-15 13:11:59,944 [Listener at 127.0.0.1/41877] INFO  handler.ContextHandler (ContextHandler.java:doStart(915)) - Started o.e.j.s.ServletContextHandler@5dead8b6{logs,/logs,file:///home/runner/work/ozone/ozone/hadoop-ozone/integration-test/target/log,AVAILABLE}
2021-08-15 13:11:59,944 [Listener at 127.0.0.1/41877] INFO  handler.ContextHandler (ContextHandler.java:doStart(915)) - Started o.e.j.s.ServletContextHandler@59366575{static,/static,jar:file:/home/runner/.m2/repository/org/apache/ozone/hdds-container-service/1.2.0-SNAPSHOT/hdds-container-service-1.2.0-SNAPSHOT.jar!/webapps/static,AVAILABLE}
2021-08-15 13:11:59,948 [om1@group-C5BA1605619E-FollowerState] INFO  server.RaftServerConfigKeys (ConfUtils.java:logGet(44)) - raft.server.leaderelection.pre-vote = false (custom)
2021-08-15 13:11:59,948 [om1@group-C5BA1605619E-FollowerState] INFO  impl.RoleInfo (RoleInfo.java:updateAndGet(130)) - om1: start om1@group-C5BA1605619E-LeaderElection33
2021-08-15 13:11:59,984 [om1@group-C5BA1605619E-LeaderElection33] INFO  impl.LeaderElection (LeaderElection.java:askForVotes(306)) - om1@group-C5BA1605619E-LeaderElection33 ELECTION round 0: submit vote requests at term 1 for -1: [om1|rpc:localhost:9872|priority:0], old=null
2021-08-15 13:11:59,984 [om1@group-C5BA1605619E-LeaderElection33] INFO  impl.LeaderElection (LeaderElection.java:askForVotes(308)) - om1@group-C5BA1605619E-LeaderElection33 ELECTION round 0: result PASSED (term=1)
2021-08-15 13:11:59,984 [om1@group-C5BA1605619E-LeaderElection33] INFO  impl.RoleInfo (RoleInfo.java:shutdownLeaderElection(121)) - om1: shutdown om1@group-C5BA1605619E-LeaderElection33
2021-08-15 13:11:59,984 [om1@group-C5BA1605619E-LeaderElection33] INFO  server.RaftServer$Division (RaftServerImpl.java:setRole(285)) - om1@group-C5BA1605619E: changes role from CANDIDATE to LEADER at term 1 for changeToLeader
2021-08-15 13:11:59,984 [om1@group-C5BA1605619E-LeaderElection33] INFO  server.RaftServer$Division (ServerState.java:setLeader(285)) - om1@group-C5BA1605619E: change Leader from null to om1 at term 1 for becomeLeader, leader elected after 1162ms
2021-08-15 13:11:59,984 [om1@group-C5BA1605619E-LeaderElection33] INFO  server.RaftServerConfigKeys (ConfUtils.java:logGet(44)) - raft.server.staging.catchup.gap = 1000 (default)
2021-08-15 13:11:59,984 [om1@group-C5BA1605619E-LeaderElection33] INFO  server.RaftServerConfigKeys (ConfUtils.java:logGet(44)) - raft.server.write.element-limit = 4096 (default)
2021-08-15 13:11:59,985 [om1@group-C5BA1605619E-LeaderElection33] INFO  server.RaftServerConfigKeys (ConfUtils.java:logGet(44)) - raft.server.write.byte-limit = 64MB (=67108864) (default)
2021-08-15 13:11:59,985 [om1@group-C5BA1605619E-LeaderElection33] INFO  server.RaftServerConfigKeys (ConfUtils.java:logGet(44)) - raft.server.watch.timeout = 10s (default)
2021-08-15 13:11:59,985 [om1@group-C5BA1605619E-LeaderElection33] INFO  server.RaftServerConfigKeys (ConfUtils.java:logGet(44)) - raft.server.watch.timeout.denomination = 1s (default)
2021-08-15 13:11:59,985 [om1@group-C5BA1605619E-LeaderElection33] INFO  server.RaftServerConfigKeys (ConfUtils.java:logGet(44)) - raft.server.watch.element-limit = 65536 (default)
2021-08-15 13:11:59,985 [om1@group-C5BA1605619E-LeaderElection33] INFO  impl.RoleInfo (RoleInfo.java:updateAndGet(130)) - om1: start om1@group-C5BA1605619E-LeaderStateImpl
2021-08-15 13:11:59,985 [om1@group-C5BA1605619E-LeaderElection33] INFO  segmented.SegmentedRaftLogWorker (SegmentedRaftLogWorker.java:startLogSegment(394)) - om1@group-C5BA1605619E-SegmentedRaftLogWorker: Starting segment from index:0
2021-08-15 13:11:59,992 [om1@group-C5BA1605619E-SegmentedRaftLogWorker] INFO  segmented.SegmentedRaftLogWorker (SegmentedRaftLogWorker.java:execute(601)) - om1@group-C5BA1605619E-SegmentedRaftLogWorker: created new log segment /home/runner/work/ozone/ozone/hadoop-ozone/integration-test/target/test-dir/MiniOzoneClusterImpl-048a4f6d-23a9-42d5-a7f8-f934da4c6a5d/ozone-meta/ratis/bf265839-605b-3f16-9796-c5ba1605619e/current/log_inprogress_0
2021-08-15 13:12:00,012 [om1@group-C5BA1605619E-LeaderElection33] INFO  server.RaftServer$Division (ServerState.java:setRaftConf(387)) - om1@group-C5BA1605619E: set configuration 0: [om1|rpc:localhost:9872|admin:|client:|dataStream:|priority:0], old=null
2021-08-15 13:12:00,020 [om1@group-C5BA1605619E-StateMachineUpdater] INFO  ratis.OzoneManagerStateMachine (OzoneManagerStateMachine.java:notifyConfigurationChanged(188)) - Received Configuration change notification from Ratis. New Peer list:
[id: "om1"
address: "localhost:9872"
]
2021-08-15 13:12:00,081 [Listener at 127.0.0.1/41877] INFO  handler.ContextHandler (ContextHandler.java:doStart(915)) - Started o.e.j.w.WebAppContext@7aea8f3b{hddsDatanode,/,file:///tmp/jetty-0_0_0_0-46847-hdds-container-service-1_2_0-SNAPSHOT_jar-_-any-7725000911827571172/webapp/,AVAILABLE}{jar:file:/home/runner/.m2/repository/org/apache/ozone/hdds-container-service/1.2.0-SNAPSHOT/hdds-container-service-1.2.0-SNAPSHOT.jar!/webapps/hddsDatanode}
2021-08-15 13:12:00,092 [Listener at 127.0.0.1/41877] INFO  server.AbstractConnector (AbstractConnector.java:doStart(331)) - Started ServerConnector@7841f0f{HTTP/1.1, (http/1.1)}{0.0.0.0:46847}
2021-08-15 13:12:00,092 [Listener at 127.0.0.1/41877] INFO  server.Server (Server.java:doStart(415)) - Started @116926ms
2021-08-15 13:12:00,092 [Listener at 127.0.0.1/41877] WARN  impl.MetricsSystemImpl (MetricsSystemImpl.java:register(279)) - Sink prometheus already exists!
2021-08-15 13:12:00,093 [Listener at 127.0.0.1/41877] INFO  http.BaseHttpServer (BaseHttpServer.java:updateConnectorAddress(329)) - HTTP server of hddsDatanode listening at http://0.0.0.0:46847
2021-08-15 13:12:00,096 [Listener at 127.0.0.1/41877] WARN  impl.MetricRegistriesImpl (MetricRegistriesImpl.java:addReporterRegistration(111)) - New reporters are added after registries were created. Some metrics will be missing from the reporter. Please add reporter before adding any new registry.
2021-08-15 13:12:00,096 [Listener at 127.0.0.1/41877] WARN  impl.MetricRegistriesImpl (MetricRegistriesImpl.java:addReporterRegistration(111)) - New reporters are added after registries were created. Some metrics will be missing from the reporter. Please add reporter before adding any new registry.
2021-08-15 13:12:00,096 [Listener at 127.0.0.1/41877] INFO  impl.MetricsSystemImpl (MetricsSystemImpl.java:init(158)) - HddsDatanode metrics system started (again)
2021-08-15 13:12:00,129 [Listener at 127.0.0.1/41877] INFO  ozone.HddsDatanodeService (HddsDatanodeService.java:start(234)) - HddsDatanodeService host:fv-az291-680.wgnan5asplgejimfprtllbpdch.jx.internal.cloudapp.net ip:10.1.0.42
2021-08-15 13:12:00,152 [org.apache.hadoop.util.JvmPauseMonitor$Monitor@15046be9] INFO  util.JvmPauseMonitor (JvmPauseMonitor.java:run(188)) - Starting JVM pause monitor
2021-08-15 13:12:00,202 [Datanode State Machine Task Thread - 0] INFO  datanode.InitDatanodeState (InitDatanodeState.java:persistContainerDatanodeDetails(145)) - DatanodeDetails is persisted to /home/runner/work/ozone/ozone/hadoop-ozone/integration-test/target/test-dir/MiniOzoneClusterImpl-048a4f6d-23a9-42d5-a7f8-f934da4c6a5d/datanode-1/meta/datanode.id
2021-08-15 13:12:00,218 [Listener at 127.0.0.1/41877] INFO  upgrade.AbstractLayoutVersionManager (AbstractLayoutVersionManager.java:init(70)) - Initializing Layout version manager with metadata layout = SCM_HA (version = 2), software layout = SCM_HA (version = 2)
2021-08-15 13:12:00,281 [Listener at 127.0.0.1/41877] INFO  reflections.Reflections (Reflections.java:scan(232)) - Reflections took 62 ms to scan 7 urls, producing 120 keys and 275 values 
2021-08-15 13:12:00,284 [Listener at 127.0.0.1/41877] INFO  volume.HddsVolume (HddsVolume.java:<init>(120)) - Creating HddsVolume: /home/runner/work/ozone/ozone/hadoop-ozone/integration-test/target/test-dir/MiniOzoneClusterImpl-048a4f6d-23a9-42d5-a7f8-f934da4c6a5d/datanode-2/data-0/containers/hdds of storage type : DISK capacity : 9223372036854775807
2021-08-15 13:12:00,284 [Listener at 127.0.0.1/41877] INFO  volume.MutableVolumeSet (MutableVolumeSet.java:initializeVolumeSet(181)) - Added Volume : /home/runner/work/ozone/ozone/hadoop-ozone/integration-test/target/test-dir/MiniOzoneClusterImpl-048a4f6d-23a9-42d5-a7f8-f934da4c6a5d/datanode-2/data-0/containers/hdds to VolumeSet
2021-08-15 13:12:00,284 [Listener at 127.0.0.1/41877] INFO  volume.ThrottledAsyncChecker (ThrottledAsyncChecker.java:schedule(141)) - Scheduling a check for /home/runner/work/ozone/ozone/hadoop-ozone/integration-test/target/test-dir/MiniOzoneClusterImpl-048a4f6d-23a9-42d5-a7f8-f934da4c6a5d/datanode-2/data-0/containers/hdds
2021-08-15 13:12:00,286 [Listener at 127.0.0.1/41877] INFO  volume.StorageVolumeChecker (StorageVolumeChecker.java:checkAllVolumes(202)) - Scheduled health check for volume /home/runner/work/ozone/ozone/hadoop-ozone/integration-test/target/test-dir/MiniOzoneClusterImpl-048a4f6d-23a9-42d5-a7f8-f934da4c6a5d/datanode-2/data-0/containers/hdds
2021-08-15 13:12:00,318 [Listener at 127.0.0.1/41877] INFO  volume.MutableVolumeSet (MutableVolumeSet.java:initializeVolumeSet(181)) - Added Volume : /home/runner/work/ozone/ozone/hadoop-ozone/integration-test/target/test-dir/MiniOzoneClusterImpl-048a4f6d-23a9-42d5-a7f8-f934da4c6a5d/datanode-2/data/ratis to VolumeSet
2021-08-15 13:12:00,318 [Listener at 127.0.0.1/41877] INFO  volume.ThrottledAsyncChecker (ThrottledAsyncChecker.java:schedule(141)) - Scheduling a check for /home/runner/work/ozone/ozone/hadoop-ozone/integration-test/target/test-dir/MiniOzoneClusterImpl-048a4f6d-23a9-42d5-a7f8-f934da4c6a5d/datanode-2/data/ratis
2021-08-15 13:12:00,318 [Listener at 127.0.0.1/41877] INFO  volume.StorageVolumeChecker (StorageVolumeChecker.java:checkAllVolumes(202)) - Scheduled health check for volume /home/runner/work/ozone/ozone/hadoop-ozone/integration-test/target/test-dir/MiniOzoneClusterImpl-048a4f6d-23a9-42d5-a7f8-f934da4c6a5d/datanode-2/data/ratis
2021-08-15 13:12:00,342 [Listener at 127.0.0.1/41877] INFO  ozoneimpl.ContainerReader (ContainerReader.java:<init>(98)) - Running in upgrade mode:true
2021-08-15 13:12:00,342 [Thread-932] INFO  ozoneimpl.ContainerReader (ContainerReader.java:readVolume(142)) - Start to verify containers on volume /home/runner/work/ozone/ozone/hadoop-ozone/integration-test/target/test-dir/MiniOzoneClusterImpl-048a4f6d-23a9-42d5-a7f8-f934da4c6a5d/datanode-2/data-0/containers/hdds
2021-08-15 13:12:00,343 [Thread-932] INFO  ozoneimpl.ContainerReader (ContainerReader.java:readVolume(174)) - Finish verifying containers on volume /home/runner/work/ozone/ozone/hadoop-ozone/integration-test/target/test-dir/MiniOzoneClusterImpl-048a4f6d-23a9-42d5-a7f8-f934da4c6a5d/datanode-2/data-0/containers/hdds
2021-08-15 13:12:00,343 [Listener at 127.0.0.1/41877] INFO  ozoneimpl.OzoneContainer (OzoneContainer.java:buildContainerSet(237)) - Build ContainerSet costs 0s
2021-08-15 13:12:00,345 [Listener at 127.0.0.1/41877] INFO  server.RaftServer (ConfUtils.java:logGet(44)) - raft.rpc.type = GRPC (default)
2021-08-15 13:12:00,345 [Listener at 127.0.0.1/41877] INFO  grpc.GrpcFactory (GrpcFactory.java:checkPooledByteBufAllocatorUseCacheForAllThreads(48)) - PERFORMANCE WARNING: useCacheForAllThreads is true that may cause Netty to create a lot garbage objects and, as a result, trigger GC.
	It is recommended to disable useCacheForAllThreads by setting -Dorg.apache.ratis.thirdparty.io.netty.allocator.useCacheForAllThreads=false in command line.
2021-08-15 13:12:00,345 [Listener at 127.0.0.1/41877] INFO  grpc.GrpcConfigKeys (ConfUtils.java:logGet(44)) - raft.grpc.admin.port = 0 (custom)
2021-08-15 13:12:00,345 [Listener at 127.0.0.1/41877] INFO  grpc.GrpcConfigKeys (ConfUtils.java:logGet(44)) - raft.grpc.client.port = 0 (custom)
2021-08-15 13:12:00,345 [Listener at 127.0.0.1/41877] INFO  grpc.GrpcConfigKeys (ConfUtils.java:logGet(44)) - raft.grpc.server.port = 0 (default)
2021-08-15 13:12:00,345 [Listener at 127.0.0.1/41877] INFO  server.GrpcService (ConfUtils.java:logGet(44)) - raft.grpc.message.size.max = 32MB (=33554432) (custom)
2021-08-15 13:12:00,345 [Listener at 127.0.0.1/41877] INFO  server.RaftServerConfigKeys (ConfUtils.java:logGet(44)) - raft.server.log.appender.buffer.byte-limit = 33554432 (custom)
2021-08-15 13:12:00,345 [Listener at 127.0.0.1/41877] INFO  server.GrpcService (ConfUtils.java:logGet(44)) - raft.grpc.flow.control.window = 5MB (=5242880) (custom)
2021-08-15 13:12:00,346 [Listener at 127.0.0.1/41877] INFO  server.RaftServerConfigKeys (ConfUtils.java:logGet(44)) - raft.server.rpc.request.timeout = 60s (custom)
2021-08-15 13:12:00,347 [Listener at 127.0.0.1/41877] INFO  impl.DataStreamServerImpl (ConfUtils.java:logGet(44)) - raft.datastream.type = DISABLED (default)
2021-08-15 13:12:00,347 [Listener at 127.0.0.1/41877] INFO  server.RaftServerConfigKeys (ConfUtils.java:logGet(44)) - raft.server.rpc.slowness.timeout = 300s (custom)
2021-08-15 13:12:00,347 [Listener at 127.0.0.1/41877] INFO  server.RaftServerConfigKeys (ConfUtils.java:logGet(44)) - raft.server.leaderelection.leader.step-down.wait-time = 10s (default)
2021-08-15 13:12:00,347 [Listener at 127.0.0.1/41877] INFO  server.RaftServerConfigKeys (ConfUtils.java:logGet(44)) - raft.server.storage.dir = [/home/runner/work/ozone/ozone/hadoop-ozone/integration-test/target/test-dir/MiniOzoneClusterImpl-048a4f6d-23a9-42d5-a7f8-f934da4c6a5d/datanode-2/data/ratis] (custom)
2021-08-15 13:12:00,358 [Listener at 127.0.0.1/41877] INFO  http.BaseHttpServer (BaseHttpServer.java:newHttpServer2BuilderForOzone(209)) - Starting Web-server for hddsDatanode at: http://0.0.0.0:0
2021-08-15 13:12:00,358 [Listener at 127.0.0.1/41877] INFO  http.BaseHttpServer (BaseHttpServer.java:<init>(107)) - Hadoop Security Enabled: false Ozone Security Enabled: false Ozone HTTP Security Enabled: false 
2021-08-15 13:12:00,359 [Listener at 127.0.0.1/41877] INFO  server.AuthenticationFilter (AuthenticationFilter.java:constructSecretProvider(240)) - Unable to initialize FileSignerSecretProvider, falling back to use random secrets.
2021-08-15 13:12:00,359 [Listener at 127.0.0.1/41877] WARN  http.HttpRequestLog (HttpRequestLog.java:getRequestLog(103)) - Jetty request log can only be enabled using Log4j
2021-08-15 13:12:00,360 [Listener at 127.0.0.1/41877] INFO  http.HttpServer2 (HttpServer2.java:addGlobalFilter(1020)) - Added global filter 'safety' (class=org.apache.hadoop.hdds.server.http.HttpServer2$QuotingInputFilter)
2021-08-15 13:12:00,360 [Listener at 127.0.0.1/41877] INFO  http.HttpServer2 (HttpServer2.java:addFilter(996)) - Added filter static_user_filter (class=org.apache.hadoop.http.lib.StaticUserWebFilter$StaticUserFilter) to context hddsDatanode
2021-08-15 13:12:00,360 [Listener at 127.0.0.1/41877] INFO  http.HttpServer2 (HttpServer2.java:addFilter(1004)) - Added filter static_user_filter (class=org.apache.hadoop.http.lib.StaticUserWebFilter$StaticUserFilter) to context static
2021-08-15 13:12:00,360 [Listener at 127.0.0.1/41877] INFO  http.HttpServer2 (HttpServer2.java:addFilter(1004)) - Added filter static_user_filter (class=org.apache.hadoop.http.lib.StaticUserWebFilter$StaticUserFilter) to context logs
2021-08-15 13:12:00,361 [Listener at 127.0.0.1/41877] INFO  http.HttpServer2 (HttpServer2.java:bindListener(1239)) - Jetty bound to port 45951
2021-08-15 13:12:00,361 [Listener at 127.0.0.1/41877] INFO  server.Server (Server.java:doStart(375)) - jetty-9.4.43.v20210629; built: 2021-06-30T11:07:22.254Z; git: 526006ecfa3af7f1a27ef3a288e2bef7ea9dd7e8; jvm 1.8.0_292-b10
2021-08-15 13:12:00,367 [Listener at 127.0.0.1/41877] INFO  server.session (DefaultSessionIdManager.java:doStart(334)) - DefaultSessionIdManager workerName=node0
2021-08-15 13:12:00,367 [Listener at 127.0.0.1/41877] INFO  server.session (DefaultSessionIdManager.java:doStart(339)) - No SessionScavenger set, using defaults
2021-08-15 13:12:00,367 [Listener at 127.0.0.1/41877] INFO  server.session (HouseKeeper.java:startScavenging(132)) - node0 Scavenging every 600000ms
2021-08-15 13:12:00,368 [Listener at 127.0.0.1/41877] INFO  handler.ContextHandler (ContextHandler.java:doStart(915)) - Started o.e.j.s.ServletContextHandler@51472ecd{logs,/logs,file:///home/runner/work/ozone/ozone/hadoop-ozone/integration-test/target/log,AVAILABLE}
2021-08-15 13:12:00,368 [Listener at 127.0.0.1/41877] INFO  handler.ContextHandler (ContextHandler.java:doStart(915)) - Started o.e.j.s.ServletContextHandler@22c0c4c6{static,/static,jar:file:/home/runner/.m2/repository/org/apache/ozone/hdds-container-service/1.2.0-SNAPSHOT/hdds-container-service-1.2.0-SNAPSHOT.jar!/webapps/static,AVAILABLE}
2021-08-15 13:12:00,579 [Listener at 127.0.0.1/41877] INFO  handler.ContextHandler (ContextHandler.java:doStart(915)) - Started o.e.j.w.WebAppContext@53c16045{hddsDatanode,/,file:///tmp/jetty-0_0_0_0-45951-hdds-container-service-1_2_0-SNAPSHOT_jar-_-any-7625970414281555922/webapp/,AVAILABLE}{jar:file:/home/runner/.m2/repository/org/apache/ozone/hdds-container-service/1.2.0-SNAPSHOT/hdds-container-service-1.2.0-SNAPSHOT.jar!/webapps/hddsDatanode}
2021-08-15 13:12:00,585 [Listener at 127.0.0.1/41877] INFO  server.AbstractConnector (AbstractConnector.java:doStart(331)) - Started ServerConnector@51581131{HTTP/1.1, (http/1.1)}{0.0.0.0:45951}
2021-08-15 13:12:00,585 [Listener at 127.0.0.1/41877] INFO  server.Server (Server.java:doStart(415)) - Started @117418ms
2021-08-15 13:12:00,585 [Listener at 127.0.0.1/41877] WARN  impl.MetricsSystemImpl (MetricsSystemImpl.java:register(279)) - Sink prometheus already exists!
2021-08-15 13:12:00,586 [Listener at 127.0.0.1/41877] INFO  http.BaseHttpServer (BaseHttpServer.java:updateConnectorAddress(329)) - HTTP server of hddsDatanode listening at http://0.0.0.0:45951
2021-08-15 13:12:00,633 [Listener at 127.0.0.1/41877] INFO  ozone.MiniOzoneClusterImpl (MiniOzoneClusterImpl.java:lambda$waitForClusterToBeReady$0(235)) - Waiting for nodes to be ready. Got 0 of 3 DN Heartbeats.
2021-08-15 13:12:00,633 [Listener at 127.0.0.1/41877] INFO  ozone.MiniOzoneClusterImpl (MiniOzoneClusterImpl.java:lambda$waitForClusterToBeReady$0(238)) - Waiting for cluster to exit safe mode
2021-08-15 13:12:00,633 [Listener at 127.0.0.1/41877] INFO  ozone.MiniOzoneClusterImpl (MiniOzoneClusterImpl.java:lambda$waitForClusterToBeReady$0(240)) - SCM became leader
2021-08-15 13:12:00,648 [org.apache.hadoop.util.JvmPauseMonitor$Monitor@b224be8] INFO  util.JvmPauseMonitor (JvmPauseMonitor.java:run(188)) - Starting JVM pause monitor
2021-08-15 13:12:00,678 [Datanode State Machine Task Thread - 0] INFO  datanode.InitDatanodeState (InitDatanodeState.java:persistContainerDatanodeDetails(145)) - DatanodeDetails is persisted to /home/runner/work/ozone/ozone/hadoop-ozone/integration-test/target/test-dir/MiniOzoneClusterImpl-048a4f6d-23a9-42d5-a7f8-f934da4c6a5d/datanode-2/meta/datanode.id
2021-08-15 13:12:01,566 [EndpointStateMachine task thread for /0.0.0.0:45587 - 0 ] INFO  ozoneimpl.OzoneContainer (OzoneContainer.java:start(305)) - Attempting to start container services.
2021-08-15 13:12:01,567 [EndpointStateMachine task thread for /0.0.0.0:45587 - 0 ] INFO  ozoneimpl.OzoneContainer (OzoneContainer.java:startContainerScrub(250)) - Background container scanner has been disabled.
2021-08-15 13:12:01,567 [EndpointStateMachine task thread for /0.0.0.0:45587 - 0 ] INFO  replication.ReplicationServer (ReplicationServer.java:start(106)) - ReplicationServer is started using port 42575
2021-08-15 13:12:01,568 [EndpointStateMachine task thread for /0.0.0.0:45587 - 0 ] INFO  ratis.XceiverServerRatis (XceiverServerRatis.java:start(482)) - Starting XceiverServerRatis 02f913b7-60d4-4225-a813-cf73e54e6f8a
2021-08-15 13:12:01,576 [EndpointStateMachine task thread for /0.0.0.0:45587 - 0 ] INFO  server.RaftServer (RaftServerProxy.java:lambda$start$5(374)) - 02f913b7-60d4-4225-a813-cf73e54e6f8a: start RPC server
2021-08-15 13:12:01,577 [EndpointStateMachine task thread for /0.0.0.0:45587 - 0 ] INFO  server.GrpcService (GrpcService.java:startImpl(253)) - 02f913b7-60d4-4225-a813-cf73e54e6f8a: GrpcService started, listening on 35145
2021-08-15 13:12:01,581 [EndpointStateMachine task thread for /0.0.0.0:45587 - 0 ] INFO  ratis.XceiverServerRatis (XceiverServerRatis.java:getRealPort(503)) - XceiverServerRatis 02f913b7-60d4-4225-a813-cf73e54e6f8a is started using port 35145 for RATIS
2021-08-15 13:12:01,581 [EndpointStateMachine task thread for /0.0.0.0:45587 - 0 ] INFO  ratis.XceiverServerRatis (XceiverServerRatis.java:getRealPort(503)) - XceiverServerRatis 02f913b7-60d4-4225-a813-cf73e54e6f8a is started using port 35145 for RATIS_ADMIN
2021-08-15 13:12:01,581 [EndpointStateMachine task thread for /0.0.0.0:45587 - 0 ] INFO  ratis.XceiverServerRatis (XceiverServerRatis.java:getRealPort(503)) - XceiverServerRatis 02f913b7-60d4-4225-a813-cf73e54e6f8a is started using port 35145 for RATIS_SERVER
2021-08-15 13:12:01,584 [EndpointStateMachine task thread for /0.0.0.0:45587 - 0 ] INFO  server.XceiverServerGrpc (XceiverServerGrpc.java:start(135)) - XceiverServerGrpc 02f913b7-60d4-4225-a813-cf73e54e6f8a is started using port 39831
2021-08-15 13:12:01,588 [org.apache.ratis.util.JvmPauseMonitor$$Lambda$531/36399757@7aefd622] INFO  util.JvmPauseMonitor (JvmPauseMonitor.java:run(103)) - JvmPauseMonitor-02f913b7-60d4-4225-a813-cf73e54e6f8a: Started
2021-08-15 13:12:01,633 [Listener at 127.0.0.1/41877] INFO  ozone.MiniOzoneClusterImpl (MiniOzoneClusterImpl.java:lambda$waitForClusterToBeReady$0(235)) - Waiting for nodes to be ready. Got 0 of 3 DN Heartbeats.
2021-08-15 13:12:01,633 [Listener at 127.0.0.1/41877] INFO  ozone.MiniOzoneClusterImpl (MiniOzoneClusterImpl.java:lambda$waitForClusterToBeReady$0(238)) - Waiting for cluster to exit safe mode
2021-08-15 13:12:01,633 [Listener at 127.0.0.1/41877] INFO  ozone.MiniOzoneClusterImpl (MiniOzoneClusterImpl.java:lambda$waitForClusterToBeReady$0(240)) - SCM became leader
2021-08-15 13:12:02,191 [EndpointStateMachine task thread for /0.0.0.0:45587 - 0 ] INFO  ozoneimpl.OzoneContainer (OzoneContainer.java:start(305)) - Attempting to start container services.
2021-08-15 13:12:02,191 [EndpointStateMachine task thread for /0.0.0.0:45587 - 0 ] INFO  ozoneimpl.OzoneContainer (OzoneContainer.java:startContainerScrub(250)) - Background container scanner has been disabled.
2021-08-15 13:12:02,192 [EndpointStateMachine task thread for /0.0.0.0:45587 - 0 ] INFO  replication.ReplicationServer (ReplicationServer.java:start(106)) - ReplicationServer is started using port 38509
2021-08-15 13:12:02,193 [EndpointStateMachine task thread for /0.0.0.0:45587 - 0 ] INFO  ratis.XceiverServerRatis (XceiverServerRatis.java:start(482)) - Starting XceiverServerRatis 4a9aa4e1-3390-4ebe-823b-9f07154ce862
2021-08-15 13:12:02,200 [EndpointStateMachine task thread for /0.0.0.0:45587 - 0 ] INFO  server.RaftServer (RaftServerProxy.java:lambda$start$5(374)) - 4a9aa4e1-3390-4ebe-823b-9f07154ce862: start RPC server
2021-08-15 13:12:02,211 [EndpointStateMachine task thread for /0.0.0.0:45587 - 0 ] INFO  server.GrpcService (GrpcService.java:startImpl(253)) - 4a9aa4e1-3390-4ebe-823b-9f07154ce862: GrpcService started, listening on 34883
2021-08-15 13:12:02,217 [EndpointStateMachine task thread for /0.0.0.0:45587 - 0 ] INFO  ratis.XceiverServerRatis (XceiverServerRatis.java:getRealPort(503)) - XceiverServerRatis 4a9aa4e1-3390-4ebe-823b-9f07154ce862 is started using port 34883 for RATIS
2021-08-15 13:12:02,217 [EndpointStateMachine task thread for /0.0.0.0:45587 - 0 ] INFO  ratis.XceiverServerRatis (XceiverServerRatis.java:getRealPort(503)) - XceiverServerRatis 4a9aa4e1-3390-4ebe-823b-9f07154ce862 is started using port 34883 for RATIS_ADMIN
2021-08-15 13:12:02,217 [EndpointStateMachine task thread for /0.0.0.0:45587 - 0 ] INFO  ratis.XceiverServerRatis (XceiverServerRatis.java:getRealPort(503)) - XceiverServerRatis 4a9aa4e1-3390-4ebe-823b-9f07154ce862 is started using port 34883 for RATIS_SERVER
2021-08-15 13:12:02,217 [EndpointStateMachine task thread for /0.0.0.0:45587 - 0 ] INFO  server.XceiverServerGrpc (XceiverServerGrpc.java:start(135)) - XceiverServerGrpc 4a9aa4e1-3390-4ebe-823b-9f07154ce862 is started using port 43903
2021-08-15 13:12:02,250 [org.apache.ratis.util.JvmPauseMonitor$$Lambda$531/36399757@b3e3fc8] INFO  util.JvmPauseMonitor (JvmPauseMonitor.java:run(103)) - JvmPauseMonitor-4a9aa4e1-3390-4ebe-823b-9f07154ce862: Started
2021-08-15 13:12:02,633 [Listener at 127.0.0.1/41877] INFO  ozone.MiniOzoneClusterImpl (MiniOzoneClusterImpl.java:lambda$waitForClusterToBeReady$0(235)) - Waiting for nodes to be ready. Got 0 of 3 DN Heartbeats.
2021-08-15 13:12:02,634 [Listener at 127.0.0.1/41877] INFO  ozone.MiniOzoneClusterImpl (MiniOzoneClusterImpl.java:lambda$waitForClusterToBeReady$0(238)) - Waiting for cluster to exit safe mode
2021-08-15 13:12:02,634 [Listener at 127.0.0.1/41877] INFO  ozone.MiniOzoneClusterImpl (MiniOzoneClusterImpl.java:lambda$waitForClusterToBeReady$0(240)) - SCM became leader
2021-08-15 13:12:02,657 [EndpointStateMachine task thread for /0.0.0.0:45587 - 0 ] INFO  ozoneimpl.OzoneContainer (OzoneContainer.java:start(305)) - Attempting to start container services.
2021-08-15 13:12:02,657 [EndpointStateMachine task thread for /0.0.0.0:45587 - 0 ] INFO  ozoneimpl.OzoneContainer (OzoneContainer.java:startContainerScrub(250)) - Background container scanner has been disabled.
2021-08-15 13:12:02,672 [EndpointStateMachine task thread for /0.0.0.0:45587 - 0 ] INFO  replication.ReplicationServer (ReplicationServer.java:start(106)) - ReplicationServer is started using port 33721
2021-08-15 13:12:02,673 [EndpointStateMachine task thread for /0.0.0.0:45587 - 0 ] INFO  ratis.XceiverServerRatis (XceiverServerRatis.java:start(482)) - Starting XceiverServerRatis dd118232-85e1-4ba3-86d8-b3b6639effb8
2021-08-15 13:12:02,707 [EndpointStateMachine task thread for /0.0.0.0:45587 - 0 ] INFO  server.RaftServer (RaftServerProxy.java:lambda$start$5(374)) - dd118232-85e1-4ba3-86d8-b3b6639effb8: start RPC server
2021-08-15 13:12:02,720 [EndpointStateMachine task thread for /0.0.0.0:45587 - 0 ] INFO  server.GrpcService (GrpcService.java:startImpl(253)) - dd118232-85e1-4ba3-86d8-b3b6639effb8: GrpcService started, listening on 43377
2021-08-15 13:12:02,729 [EndpointStateMachine task thread for /0.0.0.0:45587 - 0 ] INFO  ratis.XceiverServerRatis (XceiverServerRatis.java:getRealPort(503)) - XceiverServerRatis dd118232-85e1-4ba3-86d8-b3b6639effb8 is started using port 43377 for RATIS
2021-08-15 13:12:02,729 [EndpointStateMachine task thread for /0.0.0.0:45587 - 0 ] INFO  ratis.XceiverServerRatis (XceiverServerRatis.java:getRealPort(503)) - XceiverServerRatis dd118232-85e1-4ba3-86d8-b3b6639effb8 is started using port 43377 for RATIS_ADMIN
2021-08-15 13:12:02,729 [EndpointStateMachine task thread for /0.0.0.0:45587 - 0 ] INFO  ratis.XceiverServerRatis (XceiverServerRatis.java:getRealPort(503)) - XceiverServerRatis dd118232-85e1-4ba3-86d8-b3b6639effb8 is started using port 43377 for RATIS_SERVER
2021-08-15 13:12:02,730 [org.apache.ratis.util.JvmPauseMonitor$$Lambda$531/36399757@1838a1ee] INFO  util.JvmPauseMonitor (JvmPauseMonitor.java:run(103)) - JvmPauseMonitor-dd118232-85e1-4ba3-86d8-b3b6639effb8: Started
2021-08-15 13:12:02,731 [EndpointStateMachine task thread for /0.0.0.0:45587 - 0 ] INFO  server.XceiverServerGrpc (XceiverServerGrpc.java:start(135)) - XceiverServerGrpc dd118232-85e1-4ba3-86d8-b3b6639effb8 is started using port 35173
2021-08-15 13:12:03,543 [IPC Server handler 0 on default port 45587] INFO  net.NetworkTopologyImpl (NetworkTopologyImpl.java:add(112)) - Added a new node: /default-rack/02f913b7-60d4-4225-a813-cf73e54e6f8a
2021-08-15 13:12:03,543 [IPC Server handler 0 on default port 45587] INFO  node.SCMNodeManager (SCMNodeManager.java:register(390)) - Registered Data node : 02f913b7-60d4-4225-a813-cf73e54e6f8a{ip: 10.1.0.42, host: fv-az291-680.wgnan5asplgejimfprtllbpdch.jx.internal.cloudapp.net, ports: [REPLICATION=42575, RATIS=35145, RATIS_ADMIN=35145, RATIS_SERVER=35145, STANDALONE=39831], networkLocation: /default-rack, certSerialId: null, persistedOpState: null, persistedOpStateExpiryEpochSec: 0}
2021-08-15 13:12:03,545 [EventQueue-NodeRegistrationContainerReportForContainerSafeModeRule] INFO  safemode.SCMSafeModeManager (SCMSafeModeManager.java:validateSafeModeExitRules(204)) - ContainerSafeModeRule rule is successfully validated
2021-08-15 13:12:03,555 [EventQueue-NodeRegistrationContainerReportForDataNodeSafeModeRule] INFO  safemode.SCMSafeModeManager (DataNodeSafeModeRule.java:process(71)) - SCM in safe mode. 1 DataNodes registered, 3 required.
2021-08-15 13:12:03,559 [EventQueue-NewNodeForNewNodeHandler] INFO  pipeline.BackgroundPipelineCreator (BackgroundPipelineCreatorV2.java:notifyEventTriggered(285)) - trigger a one-shot run on RatisPipelineUtilsThread.
2021-08-15 13:12:03,560 [RatisPipelineUtilsThread - 0] INFO  pipeline.RatisPipelineProvider (RatisPipelineProvider.java:lambda$create$0(183)) - Sending CreatePipelineCommand for pipeline:PipelineID=a12f33a8-fcf9-4968-84b1-22b929ea956e to datanode:02f913b7-60d4-4225-a813-cf73e54e6f8a
2021-08-15 13:12:03,564 [RatisPipelineUtilsThread - 0] INFO  pipeline.PipelineStateManager (PipelineStateManagerV2Impl.java:addPipeline(101)) - Created pipeline Pipeline[ Id: a12f33a8-fcf9-4968-84b1-22b929ea956e, Nodes: 02f913b7-60d4-4225-a813-cf73e54e6f8a{ip: 10.1.0.42, host: fv-az291-680.wgnan5asplgejimfprtllbpdch.jx.internal.cloudapp.net, ports: [REPLICATION=42575, RATIS=35145, RATIS_ADMIN=35145, RATIS_SERVER=35145, STANDALONE=39831], networkLocation: /default-rack, certSerialId: null, persistedOpState: IN_SERVICE, persistedOpStateExpiryEpochSec: 0}, ReplicationConfig: RATIS/ONE, State:ALLOCATED, leaderId:, CreationTimestamp2021-08-15T13:12:03.560Z[Etc/UTC]].
2021-08-15 13:12:03,576 [EventQueue-PipelineReportForOneReplicaPipelineSafeModeRule] INFO  safemode.SCMSafeModeManager (SCMSafeModeManager.java:validateSafeModeExitRules(204)) - AtleastOneDatanodeReportedRule rule is successfully validated
2021-08-15 13:12:03,634 [Listener at 127.0.0.1/41877] INFO  ozone.MiniOzoneClusterImpl (MiniOzoneClusterImpl.java:lambda$waitForClusterToBeReady$0(235)) - Waiting for nodes to be ready. Got 1 of 3 DN Heartbeats.
2021-08-15 13:12:03,634 [Listener at 127.0.0.1/41877] INFO  ozone.MiniOzoneClusterImpl (MiniOzoneClusterImpl.java:lambda$waitForClusterToBeReady$0(238)) - Waiting for cluster to exit safe mode
2021-08-15 13:12:03,634 [Listener at 127.0.0.1/41877] INFO  ozone.MiniOzoneClusterImpl (MiniOzoneClusterImpl.java:lambda$waitForClusterToBeReady$0(240)) - SCM became leader
2021-08-15 13:12:04,157 [IPC Server handler 2 on default port 45587] INFO  net.NetworkTopologyImpl (NetworkTopologyImpl.java:add(112)) - Added a new node: /default-rack/4a9aa4e1-3390-4ebe-823b-9f07154ce862
2021-08-15 13:12:04,157 [IPC Server handler 2 on default port 45587] INFO  node.SCMNodeManager (SCMNodeManager.java:register(390)) - Registered Data node : 4a9aa4e1-3390-4ebe-823b-9f07154ce862{ip: 10.1.0.42, host: fv-az291-680.wgnan5asplgejimfprtllbpdch.jx.internal.cloudapp.net, ports: [REPLICATION=38509, RATIS=34883, RATIS_ADMIN=34883, RATIS_SERVER=34883, STANDALONE=43903], networkLocation: /default-rack, certSerialId: null, persistedOpState: null, persistedOpStateExpiryEpochSec: 0}
2021-08-15 13:12:04,157 [EventQueue-NewNodeForNewNodeHandler] INFO  pipeline.BackgroundPipelineCreator (BackgroundPipelineCreatorV2.java:notifyEventTriggered(285)) - trigger a one-shot run on RatisPipelineUtilsThread.
2021-08-15 13:12:04,168 [RatisPipelineUtilsThread - 0] INFO  pipeline.RatisPipelineProvider (RatisPipelineProvider.java:lambda$create$0(183)) - Sending CreatePipelineCommand for pipeline:PipelineID=f1ae9563-8e0d-4e0c-9586-99bd0d93f3d6 to datanode:4a9aa4e1-3390-4ebe-823b-9f07154ce862
2021-08-15 13:12:04,169 [RatisPipelineUtilsThread - 0] INFO  pipeline.PipelineStateManager (PipelineStateManagerV2Impl.java:addPipeline(101)) - Created pipeline Pipeline[ Id: f1ae9563-8e0d-4e0c-9586-99bd0d93f3d6, Nodes: 4a9aa4e1-3390-4ebe-823b-9f07154ce862{ip: 10.1.0.42, host: fv-az291-680.wgnan5asplgejimfprtllbpdch.jx.internal.cloudapp.net, ports: [REPLICATION=38509, RATIS=34883, RATIS_ADMIN=34883, RATIS_SERVER=34883, STANDALONE=43903], networkLocation: /default-rack, certSerialId: null, persistedOpState: IN_SERVICE, persistedOpStateExpiryEpochSec: 0}, ReplicationConfig: RATIS/ONE, State:ALLOCATED, leaderId:, CreationTimestamp2021-08-15T13:12:04.168Z[Etc/UTC]].
2021-08-15 13:12:04,169 [EventQueue-NodeRegistrationContainerReportForDataNodeSafeModeRule] INFO  safemode.SCMSafeModeManager (DataNodeSafeModeRule.java:process(71)) - SCM in safe mode. 2 DataNodes registered, 3 required.
2021-08-15 13:12:04,635 [Listener at 127.0.0.1/41877] INFO  ozone.MiniOzoneClusterImpl (MiniOzoneClusterImpl.java:lambda$waitForClusterToBeReady$0(235)) - Waiting for nodes to be ready. Got 2 of 3 DN Heartbeats.
2021-08-15 13:12:04,635 [Listener at 127.0.0.1/41877] INFO  ozone.MiniOzoneClusterImpl (MiniOzoneClusterImpl.java:lambda$waitForClusterToBeReady$0(238)) - Waiting for cluster to exit safe mode
2021-08-15 13:12:04,635 [Listener at 127.0.0.1/41877] INFO  ozone.MiniOzoneClusterImpl (MiniOzoneClusterImpl.java:lambda$waitForClusterToBeReady$0(240)) - SCM became leader
2021-08-15 13:12:04,650 [IPC Server handler 1 on default port 45587] INFO  net.NetworkTopologyImpl (NetworkTopologyImpl.java:add(112)) - Added a new node: /default-rack/dd118232-85e1-4ba3-86d8-b3b6639effb8
2021-08-15 13:12:04,650 [IPC Server handler 1 on default port 45587] INFO  node.SCMNodeManager (SCMNodeManager.java:register(390)) - Registered Data node : dd118232-85e1-4ba3-86d8-b3b6639effb8{ip: 10.1.0.42, host: fv-az291-680.wgnan5asplgejimfprtllbpdch.jx.internal.cloudapp.net, ports: [REPLICATION=33721, RATIS=43377, RATIS_ADMIN=43377, RATIS_SERVER=43377, STANDALONE=35173], networkLocation: /default-rack, certSerialId: null, persistedOpState: null, persistedOpStateExpiryEpochSec: 0}
2021-08-15 13:12:04,651 [EventQueue-NewNodeForNewNodeHandler] INFO  pipeline.BackgroundPipelineCreator (BackgroundPipelineCreatorV2.java:notifyEventTriggered(285)) - trigger a one-shot run on RatisPipelineUtilsThread.
2021-08-15 13:12:04,653 [EventQueue-NodeRegistrationContainerReportForDataNodeSafeModeRule] INFO  safemode.SCMSafeModeManager (DataNodeSafeModeRule.java:process(71)) - SCM in safe mode. 3 DataNodes registered, 3 required.
2021-08-15 13:12:04,653 [EventQueue-NodeRegistrationContainerReportForDataNodeSafeModeRule] INFO  safemode.SCMSafeModeManager (SCMSafeModeManager.java:validateSafeModeExitRules(204)) - DataNodeSafeModeRule rule is successfully validated
2021-08-15 13:12:04,653 [EventQueue-NodeRegistrationContainerReportForDataNodeSafeModeRule] INFO  safemode.SCMSafeModeManager (SCMSafeModeManager.java:completePreCheck(233)) - All SCM safe mode pre check rules have passed
2021-08-15 13:12:04,653 [EventQueue-NodeRegistrationContainerReportForDataNodeSafeModeRule] WARN  events.EventQueue (EventQueue.java:fireEvent(194)) - No event handler registered for event TypedEvent{payloadType=SafeModeStatus, name='Safe mode status'}
2021-08-15 13:12:04,653 [EventQueue-NodeRegistrationContainerReportForDataNodeSafeModeRule] INFO  ha.SCMContext (SCMContext.java:updateSafeModeStatus(205)) - Update SafeModeStatus from SafeModeStatus{safeModeStatus=true, preCheckPassed=false} to SafeModeStatus{safeModeStatus=true, preCheckPassed=true}.
2021-08-15 13:12:04,653 [EventQueue-NodeRegistrationContainerReportForDataNodeSafeModeRule] INFO  pipeline.BackgroundPipelineCreator (BackgroundPipelineCreatorV2.java:notifyEventTriggered(285)) - trigger a one-shot run on RatisPipelineUtilsThread.
2021-08-15 13:12:04,653 [RatisPipelineUtilsThread - 0] INFO  pipeline.RatisPipelineProvider (RatisPipelineProvider.java:lambda$create$0(183)) - Sending CreatePipelineCommand for pipeline:PipelineID=c5e92e9f-fd3f-4663-b5bc-a50875d3b715 to datanode:dd118232-85e1-4ba3-86d8-b3b6639effb8
2021-08-15 13:12:04,654 [RatisPipelineUtilsThread - 0] INFO  pipeline.PipelineStateManager (PipelineStateManagerV2Impl.java:addPipeline(101)) - Created pipeline Pipeline[ Id: c5e92e9f-fd3f-4663-b5bc-a50875d3b715, Nodes: dd118232-85e1-4ba3-86d8-b3b6639effb8{ip: 10.1.0.42, host: fv-az291-680.wgnan5asplgejimfprtllbpdch.jx.internal.cloudapp.net, ports: [REPLICATION=33721, RATIS=43377, RATIS_ADMIN=43377, RATIS_SERVER=43377, STANDALONE=35173], networkLocation: /default-rack, certSerialId: null, persistedOpState: IN_SERVICE, persistedOpStateExpiryEpochSec: 0}, ReplicationConfig: RATIS/ONE, State:ALLOCATED, leaderId:, CreationTimestamp2021-08-15T13:12:04.653Z[Etc/UTC]].
2021-08-15 13:12:04,654 [RatisPipelineUtilsThread - 0] INFO  pipeline.RatisPipelineProvider (RatisPipelineProvider.java:lambda$create$0(183)) - Sending CreatePipelineCommand for pipeline:PipelineID=e82e47f6-6103-40fd-b426-1d84d338afdc to datanode:02f913b7-60d4-4225-a813-cf73e54e6f8a
2021-08-15 13:12:04,654 [RatisPipelineUtilsThread - 0] INFO  pipeline.RatisPipelineProvider (RatisPipelineProvider.java:lambda$create$0(183)) - Sending CreatePipelineCommand for pipeline:PipelineID=e82e47f6-6103-40fd-b426-1d84d338afdc to datanode:4a9aa4e1-3390-4ebe-823b-9f07154ce862
2021-08-15 13:12:04,654 [RatisPipelineUtilsThread - 0] INFO  pipeline.RatisPipelineProvider (RatisPipelineProvider.java:lambda$create$0(183)) - Sending CreatePipelineCommand for pipeline:PipelineID=e82e47f6-6103-40fd-b426-1d84d338afdc to datanode:dd118232-85e1-4ba3-86d8-b3b6639effb8
2021-08-15 13:12:04,655 [RatisPipelineUtilsThread - 0] INFO  pipeline.PipelineStateManager (PipelineStateManagerV2Impl.java:addPipeline(101)) - Created pipeline Pipeline[ Id: e82e47f6-6103-40fd-b426-1d84d338afdc, Nodes: 02f913b7-60d4-4225-a813-cf73e54e6f8a{ip: 10.1.0.42, host: fv-az291-680.wgnan5asplgejimfprtllbpdch.jx.internal.cloudapp.net, ports: [REPLICATION=42575, RATIS=35145, RATIS_ADMIN=35145, RATIS_SERVER=35145, STANDALONE=39831], networkLocation: /default-rack, certSerialId: null, persistedOpState: IN_SERVICE, persistedOpStateExpiryEpochSec: 0}4a9aa4e1-3390-4ebe-823b-9f07154ce862{ip: 10.1.0.42, host: fv-az291-680.wgnan5asplgejimfprtllbpdch.jx.internal.cloudapp.net, ports: [REPLICATION=38509, RATIS=34883, RATIS_ADMIN=34883, RATIS_SERVER=34883, STANDALONE=43903], networkLocation: /default-rack, certSerialId: null, persistedOpState: IN_SERVICE, persistedOpStateExpiryEpochSec: 0}dd118232-85e1-4ba3-86d8-b3b6639effb8{ip: 10.1.0.42, host: fv-az291-680.wgnan5asplgejimfprtllbpdch.jx.internal.cloudapp.net, ports: [REPLICATION=33721, RATIS=43377, RATIS_ADMIN=43377, RATIS_SERVER=43377, STANDALONE=35173], networkLocation: /default-rack, certSerialId: null, persistedOpState: IN_SERVICE, persistedOpStateExpiryEpochSec: 0}, ReplicationConfig: RATIS/THREE, State:ALLOCATED, leaderId:, CreationTimestamp2021-08-15T13:12:04.654Z[Etc/UTC]].
2021-08-15 13:12:04,655 [RatisPipelineUtilsThread - 0] INFO  pipeline.RatisPipelineProvider (RatisPipelineProvider.java:lambda$create$0(183)) - Sending CreatePipelineCommand for pipeline:PipelineID=e3c4f94f-d294-4c08-914d-26c67ecf95d8 to datanode:4a9aa4e1-3390-4ebe-823b-9f07154ce862
2021-08-15 13:12:04,655 [RatisPipelineUtilsThread - 0] INFO  pipeline.RatisPipelineProvider (RatisPipelineProvider.java:lambda$create$0(183)) - Sending CreatePipelineCommand for pipeline:PipelineID=e3c4f94f-d294-4c08-914d-26c67ecf95d8 to datanode:02f913b7-60d4-4225-a813-cf73e54e6f8a
2021-08-15 13:12:04,655 [RatisPipelineUtilsThread - 0] INFO  pipeline.RatisPipelineProvider (RatisPipelineProvider.java:lambda$create$0(183)) - Sending CreatePipelineCommand for pipeline:PipelineID=e3c4f94f-d294-4c08-914d-26c67ecf95d8 to datanode:dd118232-85e1-4ba3-86d8-b3b6639effb8
2021-08-15 13:12:04,655 [RatisPipelineUtilsThread - 0] INFO  pipeline.PipelineStateManager (PipelineStateManagerV2Impl.java:addPipeline(101)) - Created pipeline Pipeline[ Id: e3c4f94f-d294-4c08-914d-26c67ecf95d8, Nodes: 4a9aa4e1-3390-4ebe-823b-9f07154ce862{ip: 10.1.0.42, host: fv-az291-680.wgnan5asplgejimfprtllbpdch.jx.internal.cloudapp.net, ports: [REPLICATION=38509, RATIS=34883, RATIS_ADMIN=34883, RATIS_SERVER=34883, STANDALONE=43903], networkLocation: /default-rack, certSerialId: null, persistedOpState: IN_SERVICE, persistedOpStateExpiryEpochSec: 0}02f913b7-60d4-4225-a813-cf73e54e6f8a{ip: 10.1.0.42, host: fv-az291-680.wgnan5asplgejimfprtllbpdch.jx.internal.cloudapp.net, ports: [REPLICATION=42575, RATIS=35145, RATIS_ADMIN=35145, RATIS_SERVER=35145, STANDALONE=39831], networkLocation: /default-rack, certSerialId: null, persistedOpState: IN_SERVICE, persistedOpStateExpiryEpochSec: 0}dd118232-85e1-4ba3-86d8-b3b6639effb8{ip: 10.1.0.42, host: fv-az291-680.wgnan5asplgejimfprtllbpdch.jx.internal.cloudapp.net, ports: [REPLICATION=33721, RATIS=43377, RATIS_ADMIN=43377, RATIS_SERVER=43377, STANDALONE=35173], networkLocation: /default-rack, certSerialId: null, persistedOpState: IN_SERVICE, persistedOpStateExpiryEpochSec: 0}, ReplicationConfig: RATIS/THREE, State:ALLOCATED, leaderId:, CreationTimestamp2021-08-15T13:12:04.655Z[Etc/UTC]].
2021-08-15 13:12:04,655 [RatisPipelineUtilsThread - 0] INFO  pipeline.PipelineManagerImpl (PipelineManagerImpl.java:recordMetricsForPipeline(614)) - Pipeline: PipelineID=e3c4f94f-d294-4c08-914d-26c67ecf95d8 contains same datanodes as previous pipelines: PipelineID=e82e47f6-6103-40fd-b426-1d84d338afdc nodeIds: 4a9aa4e1-3390-4ebe-823b-9f07154ce862, 02f913b7-60d4-4225-a813-cf73e54e6f8a, dd118232-85e1-4ba3-86d8-b3b6639effb8
2021-08-15 13:12:05,635 [Listener at 127.0.0.1/41877] INFO  ozone.MiniOzoneClusterImpl (MiniOzoneClusterImpl.java:lambda$waitForClusterToBeReady$0(235)) - Nodes are ready. Got 3 of 3 DN Heartbeats.
2021-08-15 13:12:05,636 [Listener at 127.0.0.1/41877] INFO  ozone.MiniOzoneClusterImpl (MiniOzoneClusterImpl.java:lambda$waitForClusterToBeReady$0(238)) - Waiting for cluster to exit safe mode
2021-08-15 13:12:05,636 [Listener at 127.0.0.1/41877] INFO  ozone.MiniOzoneClusterImpl (MiniOzoneClusterImpl.java:lambda$waitForClusterToBeReady$0(240)) - SCM became leader
2021-08-15 13:12:06,542 [Command processor thread] INFO  server.RaftServer (RaftServerProxy.java:addNew(95)) - 02f913b7-60d4-4225-a813-cf73e54e6f8a: addNew group-22B929EA956E:[02f913b7-60d4-4225-a813-cf73e54e6f8a|rpc:10.1.0.42:35145|priority:1] returns group-22B929EA956E:java.util.concurrent.CompletableFuture@2999254c[Not completed]
2021-08-15 13:12:06,543 [pool-369-thread-1] INFO  server.RaftServer$Division (RaftServerImpl.java:<init>(181)) - 02f913b7-60d4-4225-a813-cf73e54e6f8a: new RaftServerImpl for group-22B929EA956E:[02f913b7-60d4-4225-a813-cf73e54e6f8a|rpc:10.1.0.42:35145|priority:1] with ContainerStateMachine:uninitialized
2021-08-15 13:12:06,553 [pool-369-thread-1] INFO  server.RaftServerConfigKeys (ConfUtils.java:logGet(44)) - raft.server.rpc.timeout.min = 5s (custom)
2021-08-15 13:12:06,553 [pool-369-thread-1] INFO  server.RaftServerConfigKeys (ConfUtils.java:logGet(44)) - raft.server.rpc.timeout.max = 5200ms (custom)
2021-08-15 13:12:06,553 [pool-369-thread-1] INFO  server.RaftServerConfigKeys (ConfUtils.java:logGet(44)) - raft.server.rpc.sleep.time = 25ms (default)
2021-08-15 13:12:06,553 [pool-369-thread-1] INFO  server.RaftServerConfigKeys (ConfUtils.java:logGet(44)) - raft.server.rpc.slowness.timeout = 300s (custom)
2021-08-15 13:12:06,553 [pool-369-thread-1] INFO  server.RaftServerConfigKeys (ConfUtils.java:logGet(44)) - raft.server.leaderelection.leader.step-down.wait-time = 10s (default)
2021-08-15 13:12:06,554 [pool-369-thread-1] INFO  server.RaftServerConfigKeys (ConfUtils.java:logGet(44)) - raft.server.sleep.deviation.threshold = 300ms (default)
2021-08-15 13:12:06,554 [pool-369-thread-1] INFO  server.RaftServerConfigKeys (ConfUtils.java:logGet(44)) - raft.server.log.appender.install.snapshot.enabled = false (custom)
2021-08-15 13:12:06,554 [pool-369-thread-1] INFO  server.RaftServer$Division (ServerState.java:<init>(105)) - 02f913b7-60d4-4225-a813-cf73e54e6f8a@group-22B929EA956E: ConfigurationManager, init=-1: [02f913b7-60d4-4225-a813-cf73e54e6f8a|rpc:10.1.0.42:35145|priority:1], old=null, confs=<EMPTY_MAP>
2021-08-15 13:12:06,554 [pool-369-thread-1] INFO  server.RaftServerConfigKeys (ConfUtils.java:logGet(44)) - raft.server.storage.dir = [/home/runner/work/ozone/ozone/hadoop-ozone/integration-test/target/test-dir/MiniOzoneClusterImpl-048a4f6d-23a9-42d5-a7f8-f934da4c6a5d/datanode-0/data/ratis] (custom)
2021-08-15 13:12:06,554 [pool-369-thread-1] INFO  server.RaftServerConfigKeys (ConfUtils.java:logGet(44)) - raft.server.log.corruption.policy = EXCEPTION (default)
2021-08-15 13:12:06,554 [pool-369-thread-1] INFO  server.RaftServerConfigKeys (ConfUtils.java:logGet(44)) - raft.server.storage.free-space.min = 0MB (=0) (default)
2021-08-15 13:12:06,554 [pool-369-thread-1] INFO  storage.RaftStorageDirectory (RaftStorageDirectoryImpl.java:analyzeStorage(135)) - The storage directory /home/runner/work/ozone/ozone/hadoop-ozone/integration-test/target/test-dir/MiniOzoneClusterImpl-048a4f6d-23a9-42d5-a7f8-f934da4c6a5d/datanode-0/data/ratis/a12f33a8-fcf9-4968-84b1-22b929ea956e does not exist. Creating ...
2021-08-15 13:12:06,559 [pool-369-thread-1] INFO  storage.RaftStorageDirectory (RaftStorageDirectoryImpl.java:tryLock(230)) - Lock on /home/runner/work/ozone/ozone/hadoop-ozone/integration-test/target/test-dir/MiniOzoneClusterImpl-048a4f6d-23a9-42d5-a7f8-f934da4c6a5d/datanode-0/data/ratis/a12f33a8-fcf9-4968-84b1-22b929ea956e/in_use.lock acquired by nodename 21341@fv-az291-680
2021-08-15 13:12:06,572 [pool-369-thread-1] INFO  storage.RaftStorage (RaftStorageImpl.java:format(89)) - Storage directory /home/runner/work/ozone/ozone/hadoop-ozone/integration-test/target/test-dir/MiniOzoneClusterImpl-048a4f6d-23a9-42d5-a7f8-f934da4c6a5d/datanode-0/data/ratis/a12f33a8-fcf9-4968-84b1-22b929ea956e has been successfully formatted.
2021-08-15 13:12:06,574 [Datanode State Machine Thread - 0] WARN  statemachine.StateContext (StateContext.java:execute(621)) - No available thread in pool for past 1 seconds.
2021-08-15 13:12:06,574 [pool-369-thread-1] INFO  ratis.ContainerStateMachine (ContainerStateMachine.java:loadSnapshot(225)) - group-22B929EA956E: The snapshot info is null. Setting the last applied indexto:(t:0, i:~)
2021-08-15 13:12:06,575 [pool-369-thread-1] INFO  server.RaftServerConfigKeys (ConfUtils.java:logGet(44)) - raft.server.notification.no-leader.timeout = 300s (custom)
2021-08-15 13:12:06,575 [pool-369-thread-1] INFO  server.RaftServerConfigKeys (ConfUtils.java:logGet(44)) - raft.server.log.use.memory = false (default)
2021-08-15 13:12:06,575 [pool-369-thread-1] INFO  server.RaftServerConfigKeys (ConfUtils.java:logGet(44)) - raft.server.log.purge.gap = 1000000 (custom)
2021-08-15 13:12:06,575 [pool-369-thread-1] INFO  server.RaftServerConfigKeys (ConfUtils.java:logGet(44)) - raft.server.log.appender.buffer.byte-limit = 33554432 (custom)
2021-08-15 13:12:06,576 [pool-369-thread-1] INFO  server.RaftServerConfigKeys (ConfUtils.java:logGet(44)) - raft.server.log.segment.size.max = 1048576 (custom)
2021-08-15 13:12:06,576 [EventQueue-PipelineReportForPipelineReportHandler] INFO  pipeline.PipelineManagerImpl (PipelineManagerImpl.java:openPipeline(283)) - Pipeline Pipeline[ Id: a12f33a8-fcf9-4968-84b1-22b929ea956e, Nodes: 02f913b7-60d4-4225-a813-cf73e54e6f8a{ip: 10.1.0.42, host: fv-az291-680.wgnan5asplgejimfprtllbpdch.jx.internal.cloudapp.net, ports: [REPLICATION=42575, RATIS=35145, RATIS_ADMIN=35145, RATIS_SERVER=35145, STANDALONE=39831], networkLocation: /default-rack, certSerialId: null, persistedOpState: IN_SERVICE, persistedOpStateExpiryEpochSec: 0}, ReplicationConfig: RATIS/ONE, State:ALLOCATED, leaderId:02f913b7-60d4-4225-a813-cf73e54e6f8a, CreationTimestamp2021-08-15T13:12:03.560Z[Etc/UTC]] moved to OPEN state
2021-08-15 13:12:06,576 [pool-369-thread-1] INFO  server.RaftServerConfigKeys (ConfUtils.java:logGet(44)) - raft.server.log.segment.cache.num.max = 2 (custom)
2021-08-15 13:12:06,577 [pool-369-thread-1] INFO  server.RaftServerConfigKeys (ConfUtils.java:logGet(44)) - raft.server.log.segment.cache.size.max = 200MB (=209715200) (default)
2021-08-15 13:12:06,577 [pool-369-thread-1] INFO  segmented.SegmentedRaftLogWorker (SegmentedRaftLogWorker.java:<init>(182)) - new 02f913b7-60d4-4225-a813-cf73e54e6f8a@group-22B929EA956E-SegmentedRaftLogWorker for RaftStorageImpl:Storage Directory /home/runner/work/ozone/ozone/hadoop-ozone/integration-test/target/test-dir/MiniOzoneClusterImpl-048a4f6d-23a9-42d5-a7f8-f934da4c6a5d/datanode-0/data/ratis/a12f33a8-fcf9-4968-84b1-22b929ea956e
2021-08-15 13:12:06,577 [pool-369-thread-1] INFO  server.RaftServerConfigKeys (ConfUtils.java:logGet(44)) - raft.server.log.queue.byte-limit = 2147483647 (custom)
2021-08-15 13:12:06,577 [pool-369-thread-1] INFO  server.RaftServerConfigKeys (ConfUtils.java:logGet(44)) - raft.server.log.queue.element-limit = 1024 (custom)
2021-08-15 13:12:06,577 [pool-369-thread-1] INFO  server.RaftServerConfigKeys (ConfUtils.java:logGet(44)) - raft.server.log.segment.size.max = 1048576 (custom)
2021-08-15 13:12:06,577 [pool-369-thread-1] INFO  server.RaftServerConfigKeys (ConfUtils.java:logGet(44)) - raft.server.log.preallocated.size = 16384 (custom)
2021-08-15 13:12:06,577 [pool-369-thread-1] INFO  server.RaftServerConfigKeys (ConfUtils.java:logGet(44)) - raft.server.log.force.sync.num = 128 (default)
2021-08-15 13:12:06,577 [pool-369-thread-1] INFO  server.RaftServerConfigKeys (ConfUtils.java:logGet(44)) - raft.server.log.statemachine.data.sync = true (default)
2021-08-15 13:12:06,577 [pool-369-thread-1] INFO  server.RaftServerConfigKeys (ConfUtils.java:logGet(44)) - raft.server.log.statemachine.data.sync.timeout = 10s (default)
2021-08-15 13:12:06,577 [pool-369-thread-1] INFO  server.RaftServerConfigKeys (ConfUtils.java:logGet(44)) - raft.server.log.statemachine.data.sync.timeout.retry = -1 (default)
2021-08-15 13:12:06,608 [pool-369-thread-1] INFO  server.RaftServerConfigKeys (ConfUtils.java:logGet(44)) - raft.server.log.write.buffer.size = 1048576 (custom)
2021-08-15 13:12:06,608 [pool-369-thread-1] INFO  server.RaftServerConfigKeys (ConfUtils.java:logGet(44)) - raft.server.log.statemachine.data.caching.enabled = true (custom)
2021-08-15 13:12:06,609 [pool-369-thread-1] INFO  segmented.SegmentedRaftLogWorker (SegmentedRaftLogWorker.java:lambda$new$0(133)) - 02f913b7-60d4-4225-a813-cf73e54e6f8a@group-22B929EA956E-SegmentedRaftLogWorker: flushIndex: setUnconditionally 0 -> -1
2021-08-15 13:12:06,609 [pool-369-thread-1] INFO  segmented.SegmentedRaftLogWorker (SegmentedRaftLogWorker.java:lambda$new$0(133)) - 02f913b7-60d4-4225-a813-cf73e54e6f8a@group-22B929EA956E-SegmentedRaftLogWorker: safeCacheEvictIndex: setUnconditionally 0 -> -1
2021-08-15 13:12:06,621 [EventQueue-OpenPipelineForHealthyPipelineSafeModeRule] INFO  safemode.SCMSafeModeManager (HealthyPipelineSafeModeRule.java:process(124)) - SCM in safe mode. Healthy pipelines reported count is 0, required healthy pipeline reported count is 1
2021-08-15 13:12:06,621 [pool-369-thread-1] INFO  server.RaftServerConfigKeys (ConfUtils.java:logGet(44)) - raft.server.snapshot.auto.trigger.enabled = true (custom)
2021-08-15 13:12:06,624 [pool-369-thread-1] INFO  server.RaftServerConfigKeys (ConfUtils.java:logGet(44)) - raft.server.snapshot.auto.trigger.threshold = 10000 (custom)
2021-08-15 13:12:06,624 [pool-369-thread-1] INFO  server.RaftServerConfigKeys (ConfUtils.java:logGet(44)) - raft.server.snapshot.retention.file.num = 5 (custom)
2021-08-15 13:12:06,624 [pool-369-thread-1] INFO  server.RaftServerConfigKeys (ConfUtils.java:logGet(44)) - raft.server.log.purge.upto.snapshot.index = false (default)
2021-08-15 13:12:06,624 [pool-369-thread-1] INFO  server.RaftServerConfigKeys (ConfUtils.java:logGet(44)) - raft.server.retrycache.expirytime = 600000ms (custom)
2021-08-15 13:12:06,624 [pool-369-thread-1] INFO  server.RaftServerConfigKeys (ConfUtils.java:logGet(44)) - raft.server.retrycache.statistics.expirytime = 100μs (default)
2021-08-15 13:12:06,626 [pool-369-thread-1] INFO  server.RaftServer$Division (RaftServerImpl.java:start(296)) - 02f913b7-60d4-4225-a813-cf73e54e6f8a@group-22B929EA956E: start as a follower, conf=-1: [02f913b7-60d4-4225-a813-cf73e54e6f8a|rpc:10.1.0.42:35145|priority:1], old=null
2021-08-15 13:12:06,626 [pool-369-thread-1] INFO  server.RaftServer$Division (RaftServerImpl.java:setRole(285)) - 02f913b7-60d4-4225-a813-cf73e54e6f8a@group-22B929EA956E: changes role from      null to FOLLOWER at term 0 for startAsFollower
2021-08-15 13:12:06,626 [pool-369-thread-1] INFO  impl.RoleInfo (RoleInfo.java:updateAndGet(130)) - 02f913b7-60d4-4225-a813-cf73e54e6f8a: start 02f913b7-60d4-4225-a813-cf73e54e6f8a@group-22B929EA956E-FollowerState
2021-08-15 13:12:06,627 [pool-369-thread-1] INFO  util.JmxRegister (JmxRegister.java:tryRegister(44)) - Successfully registered JMX Bean with object name Ratis:service=RaftServer,group=group-22B929EA956E,id=02f913b7-60d4-4225-a813-cf73e54e6f8a
2021-08-15 13:12:06,628 [Command processor thread] INFO  ratis.XceiverServerRatis (XceiverServerRatis.java:addGroup(763)) - Created group PipelineID=a12f33a8-fcf9-4968-84b1-22b929ea956e
2021-08-15 13:12:06,628 [Command processor thread] INFO  commandhandler.CreatePipelineCommandHandler (CreatePipelineCommandHandler.java:handle(106)) - Created Pipeline RATIS ONE PipelineID=a12f33a8-fcf9-4968-84b1-22b929ea956e.
2021-08-15 13:12:06,628 [Command processor thread] INFO  server.RaftServer (RaftServerProxy.java:addNew(95)) - 02f913b7-60d4-4225-a813-cf73e54e6f8a: addNew group-1D84D338AFDC:[4a9aa4e1-3390-4ebe-823b-9f07154ce862|rpc:10.1.0.42:34883|priority:1, dd118232-85e1-4ba3-86d8-b3b6639effb8|rpc:10.1.0.42:43377|priority:0, 02f913b7-60d4-4225-a813-cf73e54e6f8a|rpc:10.1.0.42:35145|priority:0] returns group-1D84D338AFDC:java.util.concurrent.CompletableFuture@2da6a4a7[Not completed]
2021-08-15 13:12:06,630 [pool-369-thread-1] INFO  server.RaftServer$Division (RaftServerImpl.java:<init>(181)) - 02f913b7-60d4-4225-a813-cf73e54e6f8a: new RaftServerImpl for group-1D84D338AFDC:[4a9aa4e1-3390-4ebe-823b-9f07154ce862|rpc:10.1.0.42:34883|priority:1, dd118232-85e1-4ba3-86d8-b3b6639effb8|rpc:10.1.0.42:43377|priority:0, 02f913b7-60d4-4225-a813-cf73e54e6f8a|rpc:10.1.0.42:35145|priority:0] with ContainerStateMachine:uninitialized
2021-08-15 13:12:06,631 [pool-369-thread-1] INFO  server.RaftServerConfigKeys (ConfUtils.java:logGet(44)) - raft.server.rpc.timeout.min = 5s (custom)
2021-08-15 13:12:06,631 [pool-369-thread-1] INFO  server.RaftServerConfigKeys (ConfUtils.java:logGet(44)) - raft.server.rpc.timeout.max = 5200ms (custom)
2021-08-15 13:12:06,631 [pool-369-thread-1] INFO  server.RaftServerConfigKeys (ConfUtils.java:logGet(44)) - raft.server.rpc.sleep.time = 25ms (default)
2021-08-15 13:12:06,631 [pool-369-thread-1] INFO  server.RaftServerConfigKeys (ConfUtils.java:logGet(44)) - raft.server.rpc.slowness.timeout = 300s (custom)
2021-08-15 13:12:06,631 [pool-369-thread-1] INFO  server.RaftServerConfigKeys (ConfUtils.java:logGet(44)) - raft.server.leaderelection.leader.step-down.wait-time = 10s (default)
2021-08-15 13:12:06,631 [pool-369-thread-1] INFO  server.RaftServerConfigKeys (ConfUtils.java:logGet(44)) - raft.server.sleep.deviation.threshold = 300ms (default)
2021-08-15 13:12:06,631 [pool-369-thread-1] INFO  server.RaftServerConfigKeys (ConfUtils.java:logGet(44)) - raft.server.log.appender.install.snapshot.enabled = false (custom)
2021-08-15 13:12:06,631 [pool-369-thread-1] INFO  server.RaftServer$Division (ServerState.java:<init>(105)) - 02f913b7-60d4-4225-a813-cf73e54e6f8a@group-1D84D338AFDC: ConfigurationManager, init=-1: [4a9aa4e1-3390-4ebe-823b-9f07154ce862|rpc:10.1.0.42:34883|priority:1, dd118232-85e1-4ba3-86d8-b3b6639effb8|rpc:10.1.0.42:43377|priority:0, 02f913b7-60d4-4225-a813-cf73e54e6f8a|rpc:10.1.0.42:35145|priority:0], old=null, confs=<EMPTY_MAP>
2021-08-15 13:12:06,631 [pool-369-thread-1] INFO  server.RaftServerConfigKeys (ConfUtils.java:logGet(44)) - raft.server.storage.dir = [/home/runner/work/ozone/ozone/hadoop-ozone/integration-test/target/test-dir/MiniOzoneClusterImpl-048a4f6d-23a9-42d5-a7f8-f934da4c6a5d/datanode-0/data/ratis] (custom)
2021-08-15 13:12:06,632 [pool-369-thread-1] INFO  server.RaftServerConfigKeys (ConfUtils.java:logGet(44)) - raft.server.log.corruption.policy = EXCEPTION (default)
2021-08-15 13:12:06,632 [pool-369-thread-1] INFO  server.RaftServerConfigKeys (ConfUtils.java:logGet(44)) - raft.server.storage.free-space.min = 0MB (=0) (default)
2021-08-15 13:12:06,632 [pool-369-thread-1] INFO  storage.RaftStorageDirectory (RaftStorageDirectoryImpl.java:analyzeStorage(135)) - The storage directory /home/runner/work/ozone/ozone/hadoop-ozone/integration-test/target/test-dir/MiniOzoneClusterImpl-048a4f6d-23a9-42d5-a7f8-f934da4c6a5d/datanode-0/data/ratis/e82e47f6-6103-40fd-b426-1d84d338afdc does not exist. Creating ...
2021-08-15 13:12:06,633 [pool-369-thread-1] INFO  storage.RaftStorageDirectory (RaftStorageDirectoryImpl.java:tryLock(230)) - Lock on /home/runner/work/ozone/ozone/hadoop-ozone/integration-test/target/test-dir/MiniOzoneClusterImpl-048a4f6d-23a9-42d5-a7f8-f934da4c6a5d/datanode-0/data/ratis/e82e47f6-6103-40fd-b426-1d84d338afdc/in_use.lock acquired by nodename 21341@fv-az291-680
2021-08-15 13:12:06,635 [pool-369-thread-1] INFO  storage.RaftStorage (RaftStorageImpl.java:format(89)) - Storage directory /home/runner/work/ozone/ozone/hadoop-ozone/integration-test/target/test-dir/MiniOzoneClusterImpl-048a4f6d-23a9-42d5-a7f8-f934da4c6a5d/datanode-0/data/ratis/e82e47f6-6103-40fd-b426-1d84d338afdc has been successfully formatted.
2021-08-15 13:12:06,635 [pool-369-thread-1] INFO  ratis.ContainerStateMachine (ContainerStateMachine.java:loadSnapshot(225)) - group-1D84D338AFDC: The snapshot info is null. Setting the last applied indexto:(t:0, i:~)
2021-08-15 13:12:06,635 [pool-369-thread-1] INFO  server.RaftServerConfigKeys (ConfUtils.java:logGet(44)) - raft.server.notification.no-leader.timeout = 300s (custom)
2021-08-15 13:12:06,635 [pool-369-thread-1] INFO  server.RaftServerConfigKeys (ConfUtils.java:logGet(44)) - raft.server.log.use.memory = false (default)
2021-08-15 13:12:06,635 [pool-369-thread-1] INFO  server.RaftServerConfigKeys (ConfUtils.java:logGet(44)) - raft.server.log.purge.gap = 1000000 (custom)
2021-08-15 13:12:06,635 [pool-369-thread-1] INFO  server.RaftServerConfigKeys (ConfUtils.java:logGet(44)) - raft.server.log.appender.buffer.byte-limit = 33554432 (custom)
2021-08-15 13:12:06,635 [pool-369-thread-1] INFO  server.RaftServerConfigKeys (ConfUtils.java:logGet(44)) - raft.server.log.segment.size.max = 1048576 (custom)
2021-08-15 13:12:06,636 [pool-369-thread-1] INFO  server.RaftServerConfigKeys (ConfUtils.java:logGet(44)) - raft.server.log.segment.cache.num.max = 2 (custom)
2021-08-15 13:12:06,636 [pool-369-thread-1] INFO  server.RaftServerConfigKeys (ConfUtils.java:logGet(44)) - raft.server.log.segment.cache.size.max = 200MB (=209715200) (default)
2021-08-15 13:12:06,636 [pool-369-thread-1] INFO  segmented.SegmentedRaftLogWorker (SegmentedRaftLogWorker.java:<init>(182)) - new 02f913b7-60d4-4225-a813-cf73e54e6f8a@group-1D84D338AFDC-SegmentedRaftLogWorker for RaftStorageImpl:Storage Directory /home/runner/work/ozone/ozone/hadoop-ozone/integration-test/target/test-dir/MiniOzoneClusterImpl-048a4f6d-23a9-42d5-a7f8-f934da4c6a5d/datanode-0/data/ratis/e82e47f6-6103-40fd-b426-1d84d338afdc
2021-08-15 13:12:06,636 [pool-369-thread-1] INFO  server.RaftServerConfigKeys (ConfUtils.java:logGet(44)) - raft.server.log.queue.byte-limit = 2147483647 (custom)
2021-08-15 13:12:06,636 [pool-369-thread-1] INFO  server.RaftServerConfigKeys (ConfUtils.java:logGet(44)) - raft.server.log.queue.element-limit = 1024 (custom)
2021-08-15 13:12:06,636 [pool-369-thread-1] INFO  server.RaftServerConfigKeys (ConfUtils.java:logGet(44)) - raft.server.log.segment.size.max = 1048576 (custom)
2021-08-15 13:12:06,636 [pool-369-thread-1] INFO  server.RaftServerConfigKeys (ConfUtils.java:logGet(44)) - raft.server.log.preallocated.size = 16384 (custom)
2021-08-15 13:12:06,636 [pool-369-thread-1] INFO  server.RaftServerConfigKeys (ConfUtils.java:logGet(44)) - raft.server.log.force.sync.num = 128 (default)
2021-08-15 13:12:06,636 [Listener at 127.0.0.1/41877] INFO  ozone.MiniOzoneClusterImpl (MiniOzoneClusterImpl.java:lambda$waitForClusterToBeReady$0(235)) - Nodes are ready. Got 3 of 3 DN Heartbeats.
2021-08-15 13:12:06,636 [Listener at 127.0.0.1/41877] INFO  ozone.MiniOzoneClusterImpl (MiniOzoneClusterImpl.java:lambda$waitForClusterToBeReady$0(238)) - Waiting for cluster to exit safe mode
2021-08-15 13:12:06,636 [Listener at 127.0.0.1/41877] INFO  ozone.MiniOzoneClusterImpl (MiniOzoneClusterImpl.java:lambda$waitForClusterToBeReady$0(240)) - SCM became leader
2021-08-15 13:12:06,636 [pool-369-thread-1] INFO  server.RaftServerConfigKeys (ConfUtils.java:logGet(44)) - raft.server.log.statemachine.data.sync = true (default)
2021-08-15 13:12:06,637 [pool-369-thread-1] INFO  server.RaftServerConfigKeys (ConfUtils.java:logGet(44)) - raft.server.log.statemachine.data.sync.timeout = 10s (default)
2021-08-15 13:12:06,637 [pool-369-thread-1] INFO  server.RaftServerConfigKeys (ConfUtils.java:logGet(44)) - raft.server.log.statemachine.data.sync.timeout.retry = -1 (default)
2021-08-15 13:12:06,638 [pool-369-thread-1] INFO  server.RaftServerConfigKeys (ConfUtils.java:logGet(44)) - raft.server.log.write.buffer.size = 1048576 (custom)
2021-08-15 13:12:06,638 [EventQueue-OpenPipelineForHealthyPipelineSafeModeRule] INFO  safemode.SCMSafeModeManager (HealthyPipelineSafeModeRule.java:process(124)) - SCM in safe mode. Healthy pipelines reported count is 0, required healthy pipeline reported count is 1
2021-08-15 13:12:06,640 [pool-369-thread-1] INFO  server.RaftServerConfigKeys (ConfUtils.java:logGet(44)) - raft.server.log.statemachine.data.caching.enabled = true (custom)
2021-08-15 13:12:06,640 [pool-369-thread-1] INFO  segmented.SegmentedRaftLogWorker (SegmentedRaftLogWorker.java:lambda$new$0(133)) - 02f913b7-60d4-4225-a813-cf73e54e6f8a@group-1D84D338AFDC-SegmentedRaftLogWorker: flushIndex: setUnconditionally 0 -> -1
2021-08-15 13:12:06,640 [pool-369-thread-1] INFO  segmented.SegmentedRaftLogWorker (SegmentedRaftLogWorker.java:lambda$new$0(133)) - 02f913b7-60d4-4225-a813-cf73e54e6f8a@group-1D84D338AFDC-SegmentedRaftLogWorker: safeCacheEvictIndex: setUnconditionally 0 -> -1
2021-08-15 13:12:06,649 [pool-369-thread-1] INFO  server.RaftServerConfigKeys (ConfUtils.java:logGet(44)) - raft.server.snapshot.auto.trigger.enabled = true (custom)
2021-08-15 13:12:06,650 [pool-369-thread-1] INFO  server.RaftServerConfigKeys (ConfUtils.java:logGet(44)) - raft.server.snapshot.auto.trigger.threshold = 10000 (custom)
2021-08-15 13:12:06,650 [pool-369-thread-1] INFO  server.RaftServerConfigKeys (ConfUtils.java:logGet(44)) - raft.server.snapshot.retention.file.num = 5 (custom)
2021-08-15 13:12:06,650 [pool-369-thread-1] INFO  server.RaftServerConfigKeys (ConfUtils.java:logGet(44)) - raft.server.log.purge.upto.snapshot.index = false (default)
2021-08-15 13:12:06,650 [pool-369-thread-1] INFO  server.RaftServerConfigKeys (ConfUtils.java:logGet(44)) - raft.server.retrycache.expirytime = 600000ms (custom)
2021-08-15 13:12:06,650 [pool-369-thread-1] INFO  server.RaftServerConfigKeys (ConfUtils.java:logGet(44)) - raft.server.retrycache.statistics.expirytime = 100μs (default)
2021-08-15 13:12:06,651 [pool-369-thread-1] INFO  server.RaftServer$Division (RaftServerImpl.java:start(296)) - 02f913b7-60d4-4225-a813-cf73e54e6f8a@group-1D84D338AFDC: start as a follower, conf=-1: [4a9aa4e1-3390-4ebe-823b-9f07154ce862|rpc:10.1.0.42:34883|priority:1, dd118232-85e1-4ba3-86d8-b3b6639effb8|rpc:10.1.0.42:43377|priority:0, 02f913b7-60d4-4225-a813-cf73e54e6f8a|rpc:10.1.0.42:35145|priority:0], old=null
2021-08-15 13:12:06,651 [pool-369-thread-1] INFO  server.RaftServer$Division (RaftServerImpl.java:setRole(285)) - 02f913b7-60d4-4225-a813-cf73e54e6f8a@group-1D84D338AFDC: changes role from      null to FOLLOWER at term 0 for startAsFollower
2021-08-15 13:12:06,651 [pool-369-thread-1] INFO  impl.RoleInfo (RoleInfo.java:updateAndGet(130)) - 02f913b7-60d4-4225-a813-cf73e54e6f8a: start 02f913b7-60d4-4225-a813-cf73e54e6f8a@group-1D84D338AFDC-FollowerState
2021-08-15 13:12:06,664 [pool-369-thread-1] INFO  util.JmxRegister (JmxRegister.java:tryRegister(44)) - Successfully registered JMX Bean with object name Ratis:service=RaftServer,group=group-1D84D338AFDC,id=02f913b7-60d4-4225-a813-cf73e54e6f8a
2021-08-15 13:12:06,665 [Command processor thread] INFO  ratis.XceiverServerRatis (XceiverServerRatis.java:addGroup(763)) - Created group PipelineID=e82e47f6-6103-40fd-b426-1d84d338afdc
2021-08-15 13:12:06,772 [grpc-default-executor-0] INFO  server.RaftServer (RaftServerProxy.java:addNew(95)) - 4a9aa4e1-3390-4ebe-823b-9f07154ce862: addNew group-1D84D338AFDC:[4a9aa4e1-3390-4ebe-823b-9f07154ce862|rpc:10.1.0.42:34883|dataStream:|priority:1, dd118232-85e1-4ba3-86d8-b3b6639effb8|rpc:10.1.0.42:43377|dataStream:|priority:0, 02f913b7-60d4-4225-a813-cf73e54e6f8a|rpc:10.1.0.42:35145|dataStream:|priority:0] returns group-1D84D338AFDC:java.util.concurrent.CompletableFuture@5948b173[Not completed]
2021-08-15 13:12:06,802 [pool-388-thread-1] INFO  server.RaftServer$Division (RaftServerImpl.java:<init>(181)) - 4a9aa4e1-3390-4ebe-823b-9f07154ce862: new RaftServerImpl for group-1D84D338AFDC:[4a9aa4e1-3390-4ebe-823b-9f07154ce862|rpc:10.1.0.42:34883|dataStream:|priority:1, dd118232-85e1-4ba3-86d8-b3b6639effb8|rpc:10.1.0.42:43377|dataStream:|priority:0, 02f913b7-60d4-4225-a813-cf73e54e6f8a|rpc:10.1.0.42:35145|dataStream:|priority:0] with ContainerStateMachine:uninitialized
2021-08-15 13:12:06,802 [pool-388-thread-1] INFO  server.RaftServerConfigKeys (ConfUtils.java:logGet(44)) - raft.server.rpc.timeout.min = 5s (custom)
2021-08-15 13:12:06,802 [pool-388-thread-1] INFO  server.RaftServerConfigKeys (ConfUtils.java:logGet(44)) - raft.server.rpc.timeout.max = 5200ms (custom)
2021-08-15 13:12:06,802 [pool-388-thread-1] INFO  server.RaftServerConfigKeys (ConfUtils.java:logGet(44)) - raft.server.rpc.sleep.time = 25ms (default)
2021-08-15 13:12:06,802 [pool-388-thread-1] INFO  server.RaftServerConfigKeys (ConfUtils.java:logGet(44)) - raft.server.rpc.slowness.timeout = 300s (custom)
2021-08-15 13:12:06,802 [pool-388-thread-1] INFO  server.RaftServerConfigKeys (ConfUtils.java:logGet(44)) - raft.server.leaderelection.leader.step-down.wait-time = 10s (default)
2021-08-15 13:12:06,802 [pool-388-thread-1] INFO  server.RaftServerConfigKeys (ConfUtils.java:logGet(44)) - raft.server.sleep.deviation.threshold = 300ms (default)
2021-08-15 13:12:06,802 [pool-388-thread-1] INFO  server.RaftServerConfigKeys (ConfUtils.java:logGet(44)) - raft.server.log.appender.install.snapshot.enabled = false (custom)
2021-08-15 13:12:06,802 [pool-388-thread-1] INFO  server.RaftServer$Division (ServerState.java:<init>(105)) - 4a9aa4e1-3390-4ebe-823b-9f07154ce862@group-1D84D338AFDC: ConfigurationManager, init=-1: [4a9aa4e1-3390-4ebe-823b-9f07154ce862|rpc:10.1.0.42:34883|dataStream:|priority:1, dd118232-85e1-4ba3-86d8-b3b6639effb8|rpc:10.1.0.42:43377|dataStream:|priority:0, 02f913b7-60d4-4225-a813-cf73e54e6f8a|rpc:10.1.0.42:35145|dataStream:|priority:0], old=null, confs=<EMPTY_MAP>
2021-08-15 13:12:06,803 [pool-388-thread-1] INFO  server.RaftServerConfigKeys (ConfUtils.java:logGet(44)) - raft.server.storage.dir = [/home/runner/work/ozone/ozone/hadoop-ozone/integration-test/target/test-dir/MiniOzoneClusterImpl-048a4f6d-23a9-42d5-a7f8-f934da4c6a5d/datanode-1/data/ratis] (custom)
2021-08-15 13:12:06,803 [pool-388-thread-1] INFO  server.RaftServerConfigKeys (ConfUtils.java:logGet(44)) - raft.server.log.corruption.policy = EXCEPTION (default)
2021-08-15 13:12:06,803 [pool-388-thread-1] INFO  server.RaftServerConfigKeys (ConfUtils.java:logGet(44)) - raft.server.storage.free-space.min = 0MB (=0) (default)
2021-08-15 13:12:06,803 [pool-388-thread-1] INFO  storage.RaftStorageDirectory (RaftStorageDirectoryImpl.java:analyzeStorage(135)) - The storage directory /home/runner/work/ozone/ozone/hadoop-ozone/integration-test/target/test-dir/MiniOzoneClusterImpl-048a4f6d-23a9-42d5-a7f8-f934da4c6a5d/datanode-1/data/ratis/e82e47f6-6103-40fd-b426-1d84d338afdc does not exist. Creating ...
2021-08-15 13:12:06,809 [pool-388-thread-1] INFO  storage.RaftStorageDirectory (RaftStorageDirectoryImpl.java:tryLock(230)) - Lock on /home/runner/work/ozone/ozone/hadoop-ozone/integration-test/target/test-dir/MiniOzoneClusterImpl-048a4f6d-23a9-42d5-a7f8-f934da4c6a5d/datanode-1/data/ratis/e82e47f6-6103-40fd-b426-1d84d338afdc/in_use.lock acquired by nodename 21341@fv-az291-680
2021-08-15 13:12:06,811 [pool-388-thread-1] INFO  storage.RaftStorage (RaftStorageImpl.java:format(89)) - Storage directory /home/runner/work/ozone/ozone/hadoop-ozone/integration-test/target/test-dir/MiniOzoneClusterImpl-048a4f6d-23a9-42d5-a7f8-f934da4c6a5d/datanode-1/data/ratis/e82e47f6-6103-40fd-b426-1d84d338afdc has been successfully formatted.
2021-08-15 13:12:06,824 [pool-388-thread-1] INFO  ratis.ContainerStateMachine (ContainerStateMachine.java:loadSnapshot(225)) - group-1D84D338AFDC: The snapshot info is null. Setting the last applied indexto:(t:0, i:~)
2021-08-15 13:12:06,824 [pool-388-thread-1] INFO  server.RaftServerConfigKeys (ConfUtils.java:logGet(44)) - raft.server.notification.no-leader.timeout = 300s (custom)
2021-08-15 13:12:06,824 [pool-388-thread-1] INFO  server.RaftServerConfigKeys (ConfUtils.java:logGet(44)) - raft.server.log.use.memory = false (default)
2021-08-15 13:12:06,824 [pool-388-thread-1] INFO  server.RaftServerConfigKeys (ConfUtils.java:logGet(44)) - raft.server.log.purge.gap = 1000000 (custom)
2021-08-15 13:12:06,824 [pool-388-thread-1] INFO  server.RaftServerConfigKeys (ConfUtils.java:logGet(44)) - raft.server.log.appender.buffer.byte-limit = 33554432 (custom)
2021-08-15 13:12:06,824 [pool-388-thread-1] INFO  server.RaftServerConfigKeys (ConfUtils.java:logGet(44)) - raft.server.log.segment.size.max = 1048576 (custom)
2021-08-15 13:12:06,825 [pool-388-thread-1] INFO  server.RaftServerConfigKeys (ConfUtils.java:logGet(44)) - raft.server.log.segment.cache.num.max = 2 (custom)
2021-08-15 13:12:06,825 [pool-388-thread-1] INFO  server.RaftServerConfigKeys (ConfUtils.java:logGet(44)) - raft.server.log.segment.cache.size.max = 200MB (=209715200) (default)
2021-08-15 13:12:06,825 [pool-388-thread-1] INFO  segmented.SegmentedRaftLogWorker (SegmentedRaftLogWorker.java:<init>(182)) - new 4a9aa4e1-3390-4ebe-823b-9f07154ce862@group-1D84D338AFDC-SegmentedRaftLogWorker for RaftStorageImpl:Storage Directory /home/runner/work/ozone/ozone/hadoop-ozone/integration-test/target/test-dir/MiniOzoneClusterImpl-048a4f6d-23a9-42d5-a7f8-f934da4c6a5d/datanode-1/data/ratis/e82e47f6-6103-40fd-b426-1d84d338afdc
2021-08-15 13:12:06,825 [pool-388-thread-1] INFO  server.RaftServerConfigKeys (ConfUtils.java:logGet(44)) - raft.server.log.queue.byte-limit = 2147483647 (custom)
2021-08-15 13:12:06,825 [pool-388-thread-1] INFO  server.RaftServerConfigKeys (ConfUtils.java:logGet(44)) - raft.server.log.queue.element-limit = 1024 (custom)
2021-08-15 13:12:06,825 [pool-388-thread-1] INFO  server.RaftServerConfigKeys (ConfUtils.java:logGet(44)) - raft.server.log.segment.size.max = 1048576 (custom)
2021-08-15 13:12:06,825 [pool-388-thread-1] INFO  server.RaftServerConfigKeys (ConfUtils.java:logGet(44)) - raft.server.log.preallocated.size = 16384 (custom)
2021-08-15 13:12:06,825 [pool-388-thread-1] INFO  server.RaftServerConfigKeys (ConfUtils.java:logGet(44)) - raft.server.log.force.sync.num = 128 (default)
2021-08-15 13:12:06,825 [pool-388-thread-1] INFO  server.RaftServerConfigKeys (ConfUtils.java:logGet(44)) - raft.server.log.statemachine.data.sync = true (default)
2021-08-15 13:12:06,825 [pool-388-thread-1] INFO  server.RaftServerConfigKeys (ConfUtils.java:logGet(44)) - raft.server.log.statemachine.data.sync.timeout = 10s (default)
2021-08-15 13:12:06,825 [pool-388-thread-1] INFO  server.RaftServerConfigKeys (ConfUtils.java:logGet(44)) - raft.server.log.statemachine.data.sync.timeout.retry = -1 (default)
2021-08-15 13:12:06,826 [pool-388-thread-1] INFO  server.RaftServerConfigKeys (ConfUtils.java:logGet(44)) - raft.server.log.write.buffer.size = 1048576 (custom)
2021-08-15 13:12:06,827 [pool-388-thread-1] INFO  server.RaftServerConfigKeys (ConfUtils.java:logGet(44)) - raft.server.log.statemachine.data.caching.enabled = true (custom)
2021-08-15 13:12:06,827 [pool-388-thread-1] INFO  segmented.SegmentedRaftLogWorker (SegmentedRaftLogWorker.java:lambda$new$0(133)) - 4a9aa4e1-3390-4ebe-823b-9f07154ce862@group-1D84D338AFDC-SegmentedRaftLogWorker: flushIndex: setUnconditionally 0 -> -1
2021-08-15 13:12:06,827 [pool-388-thread-1] INFO  segmented.SegmentedRaftLogWorker (SegmentedRaftLogWorker.java:lambda$new$0(133)) - 4a9aa4e1-3390-4ebe-823b-9f07154ce862@group-1D84D338AFDC-SegmentedRaftLogWorker: safeCacheEvictIndex: setUnconditionally 0 -> -1
2021-08-15 13:12:06,832 [pool-388-thread-1] INFO  server.RaftServerConfigKeys (ConfUtils.java:logGet(44)) - raft.server.snapshot.auto.trigger.enabled = true (custom)
2021-08-15 13:12:06,832 [pool-388-thread-1] INFO  server.RaftServerConfigKeys (ConfUtils.java:logGet(44)) - raft.server.snapshot.auto.trigger.threshold = 10000 (custom)
2021-08-15 13:12:06,832 [pool-388-thread-1] INFO  server.RaftServerConfigKeys (ConfUtils.java:logGet(44)) - raft.server.snapshot.retention.file.num = 5 (custom)
2021-08-15 13:12:06,832 [pool-388-thread-1] INFO  server.RaftServerConfigKeys (ConfUtils.java:logGet(44)) - raft.server.log.purge.upto.snapshot.index = false (default)
2021-08-15 13:12:06,832 [pool-388-thread-1] INFO  server.RaftServerConfigKeys (ConfUtils.java:logGet(44)) - raft.server.retrycache.expirytime = 600000ms (custom)
2021-08-15 13:12:06,832 [pool-388-thread-1] INFO  server.RaftServerConfigKeys (ConfUtils.java:logGet(44)) - raft.server.retrycache.statistics.expirytime = 100μs (default)
2021-08-15 13:12:06,838 [pool-388-thread-1] INFO  server.RaftServer$Division (RaftServerImpl.java:start(296)) - 4a9aa4e1-3390-4ebe-823b-9f07154ce862@group-1D84D338AFDC: start as a follower, conf=-1: [4a9aa4e1-3390-4ebe-823b-9f07154ce862|rpc:10.1.0.42:34883|dataStream:|priority:1, dd118232-85e1-4ba3-86d8-b3b6639effb8|rpc:10.1.0.42:43377|dataStream:|priority:0, 02f913b7-60d4-4225-a813-cf73e54e6f8a|rpc:10.1.0.42:35145|dataStream:|priority:0], old=null
2021-08-15 13:12:06,838 [pool-388-thread-1] INFO  server.RaftServer$Division (RaftServerImpl.java:setRole(285)) - 4a9aa4e1-3390-4ebe-823b-9f07154ce862@group-1D84D338AFDC: changes role from      null to FOLLOWER at term 0 for startAsFollower
2021-08-15 13:12:06,838 [pool-388-thread-1] INFO  impl.RoleInfo (RoleInfo.java:updateAndGet(130)) - 4a9aa4e1-3390-4ebe-823b-9f07154ce862: start 4a9aa4e1-3390-4ebe-823b-9f07154ce862@group-1D84D338AFDC-FollowerState
2021-08-15 13:12:06,838 [pool-388-thread-1] INFO  util.JmxRegister (JmxRegister.java:tryRegister(44)) - Successfully registered JMX Bean with object name Ratis:service=RaftServer,group=group-1D84D338AFDC,id=4a9aa4e1-3390-4ebe-823b-9f07154ce862
2021-08-15 13:12:06,881 [grpc-default-executor-0] INFO  server.RaftServer (RaftServerProxy.java:addNew(95)) - dd118232-85e1-4ba3-86d8-b3b6639effb8: addNew group-1D84D338AFDC:[4a9aa4e1-3390-4ebe-823b-9f07154ce862|rpc:10.1.0.42:34883|dataStream:|priority:1, dd118232-85e1-4ba3-86d8-b3b6639effb8|rpc:10.1.0.42:43377|dataStream:|priority:0, 02f913b7-60d4-4225-a813-cf73e54e6f8a|rpc:10.1.0.42:35145|dataStream:|priority:0] returns group-1D84D338AFDC:java.util.concurrent.CompletableFuture@417fe7da[Not completed]
2021-08-15 13:12:06,889 [pool-407-thread-1] INFO  server.RaftServer$Division (RaftServerImpl.java:<init>(181)) - dd118232-85e1-4ba3-86d8-b3b6639effb8: new RaftServerImpl for group-1D84D338AFDC:[4a9aa4e1-3390-4ebe-823b-9f07154ce862|rpc:10.1.0.42:34883|dataStream:|priority:1, dd118232-85e1-4ba3-86d8-b3b6639effb8|rpc:10.1.0.42:43377|dataStream:|priority:0, 02f913b7-60d4-4225-a813-cf73e54e6f8a|rpc:10.1.0.42:35145|dataStream:|priority:0] with ContainerStateMachine:uninitialized
2021-08-15 13:12:06,904 [pool-407-thread-1] INFO  server.RaftServerConfigKeys (ConfUtils.java:logGet(44)) - raft.server.rpc.timeout.min = 5s (custom)
2021-08-15 13:12:06,904 [pool-407-thread-1] INFO  server.RaftServerConfigKeys (ConfUtils.java:logGet(44)) - raft.server.rpc.timeout.max = 5200ms (custom)
2021-08-15 13:12:06,904 [pool-407-thread-1] INFO  server.RaftServerConfigKeys (ConfUtils.java:logGet(44)) - raft.server.rpc.sleep.time = 25ms (default)
2021-08-15 13:12:06,904 [pool-407-thread-1] INFO  server.RaftServerConfigKeys (ConfUtils.java:logGet(44)) - raft.server.rpc.slowness.timeout = 300s (custom)
2021-08-15 13:12:06,904 [pool-407-thread-1] INFO  server.RaftServerConfigKeys (ConfUtils.java:logGet(44)) - raft.server.leaderelection.leader.step-down.wait-time = 10s (default)
2021-08-15 13:12:06,904 [pool-407-thread-1] INFO  server.RaftServerConfigKeys (ConfUtils.java:logGet(44)) - raft.server.sleep.deviation.threshold = 300ms (default)
2021-08-15 13:12:06,904 [pool-407-thread-1] INFO  server.RaftServerConfigKeys (ConfUtils.java:logGet(44)) - raft.server.log.appender.install.snapshot.enabled = false (custom)
2021-08-15 13:12:06,904 [pool-407-thread-1] INFO  server.RaftServer$Division (ServerState.java:<init>(105)) - dd118232-85e1-4ba3-86d8-b3b6639effb8@group-1D84D338AFDC: ConfigurationManager, init=-1: [4a9aa4e1-3390-4ebe-823b-9f07154ce862|rpc:10.1.0.42:34883|dataStream:|priority:1, dd118232-85e1-4ba3-86d8-b3b6639effb8|rpc:10.1.0.42:43377|dataStream:|priority:0, 02f913b7-60d4-4225-a813-cf73e54e6f8a|rpc:10.1.0.42:35145|dataStream:|priority:0], old=null, confs=<EMPTY_MAP>
2021-08-15 13:12:06,904 [pool-407-thread-1] INFO  server.RaftServerConfigKeys (ConfUtils.java:logGet(44)) - raft.server.storage.dir = [/home/runner/work/ozone/ozone/hadoop-ozone/integration-test/target/test-dir/MiniOzoneClusterImpl-048a4f6d-23a9-42d5-a7f8-f934da4c6a5d/datanode-2/data/ratis] (custom)
2021-08-15 13:12:06,904 [pool-407-thread-1] INFO  server.RaftServerConfigKeys (ConfUtils.java:logGet(44)) - raft.server.log.corruption.policy = EXCEPTION (default)
2021-08-15 13:12:06,905 [pool-407-thread-1] INFO  server.RaftServerConfigKeys (ConfUtils.java:logGet(44)) - raft.server.storage.free-space.min = 0MB (=0) (default)
2021-08-15 13:12:06,905 [pool-407-thread-1] INFO  storage.RaftStorageDirectory (RaftStorageDirectoryImpl.java:analyzeStorage(135)) - The storage directory /home/runner/work/ozone/ozone/hadoop-ozone/integration-test/target/test-dir/MiniOzoneClusterImpl-048a4f6d-23a9-42d5-a7f8-f934da4c6a5d/datanode-2/data/ratis/e82e47f6-6103-40fd-b426-1d84d338afdc does not exist. Creating ...
2021-08-15 13:12:06,907 [pool-407-thread-1] INFO  storage.RaftStorageDirectory (RaftStorageDirectoryImpl.java:tryLock(230)) - Lock on /home/runner/work/ozone/ozone/hadoop-ozone/integration-test/target/test-dir/MiniOzoneClusterImpl-048a4f6d-23a9-42d5-a7f8-f934da4c6a5d/datanode-2/data/ratis/e82e47f6-6103-40fd-b426-1d84d338afdc/in_use.lock acquired by nodename 21341@fv-az291-680
2021-08-15 13:12:06,908 [pool-407-thread-1] INFO  storage.RaftStorage (RaftStorageImpl.java:format(89)) - Storage directory /home/runner/work/ozone/ozone/hadoop-ozone/integration-test/target/test-dir/MiniOzoneClusterImpl-048a4f6d-23a9-42d5-a7f8-f934da4c6a5d/datanode-2/data/ratis/e82e47f6-6103-40fd-b426-1d84d338afdc has been successfully formatted.
2021-08-15 13:12:06,916 [pool-407-thread-1] INFO  ratis.ContainerStateMachine (ContainerStateMachine.java:loadSnapshot(225)) - group-1D84D338AFDC: The snapshot info is null. Setting the last applied indexto:(t:0, i:~)
2021-08-15 13:12:06,918 [pool-407-thread-1] INFO  server.RaftServerConfigKeys (ConfUtils.java:logGet(44)) - raft.server.notification.no-leader.timeout = 300s (custom)
2021-08-15 13:12:06,918 [pool-407-thread-1] INFO  server.RaftServerConfigKeys (ConfUtils.java:logGet(44)) - raft.server.log.use.memory = false (default)
2021-08-15 13:12:06,918 [pool-407-thread-1] INFO  server.RaftServerConfigKeys (ConfUtils.java:logGet(44)) - raft.server.log.purge.gap = 1000000 (custom)
2021-08-15 13:12:06,918 [pool-407-thread-1] INFO  server.RaftServerConfigKeys (ConfUtils.java:logGet(44)) - raft.server.log.appender.buffer.byte-limit = 33554432 (custom)
2021-08-15 13:12:06,918 [pool-407-thread-1] INFO  server.RaftServerConfigKeys (ConfUtils.java:logGet(44)) - raft.server.log.segment.size.max = 1048576 (custom)
2021-08-15 13:12:06,917 [Datanode State Machine Thread - 0] WARN  statemachine.StateContext (StateContext.java:execute(621)) - No available thread in pool for past 1 seconds.
2021-08-15 13:12:06,919 [pool-407-thread-1] INFO  server.RaftServerConfigKeys (ConfUtils.java:logGet(44)) - raft.server.log.segment.cache.num.max = 2 (custom)
2021-08-15 13:12:06,923 [pool-407-thread-1] INFO  server.RaftServerConfigKeys (ConfUtils.java:logGet(44)) - raft.server.log.segment.cache.size.max = 200MB (=209715200) (default)
2021-08-15 13:12:06,923 [pool-407-thread-1] INFO  segmented.SegmentedRaftLogWorker (SegmentedRaftLogWorker.java:<init>(182)) - new dd118232-85e1-4ba3-86d8-b3b6639effb8@group-1D84D338AFDC-SegmentedRaftLogWorker for RaftStorageImpl:Storage Directory /home/runner/work/ozone/ozone/hadoop-ozone/integration-test/target/test-dir/MiniOzoneClusterImpl-048a4f6d-23a9-42d5-a7f8-f934da4c6a5d/datanode-2/data/ratis/e82e47f6-6103-40fd-b426-1d84d338afdc
2021-08-15 13:12:06,923 [pool-407-thread-1] INFO  server.RaftServerConfigKeys (ConfUtils.java:logGet(44)) - raft.server.log.queue.byte-limit = 2147483647 (custom)
2021-08-15 13:12:06,923 [pool-407-thread-1] INFO  server.RaftServerConfigKeys (ConfUtils.java:logGet(44)) - raft.server.log.queue.element-limit = 1024 (custom)
2021-08-15 13:12:06,923 [pool-407-thread-1] INFO  server.RaftServerConfigKeys (ConfUtils.java:logGet(44)) - raft.server.log.segment.size.max = 1048576 (custom)
2021-08-15 13:12:06,923 [pool-407-thread-1] INFO  server.RaftServerConfigKeys (ConfUtils.java:logGet(44)) - raft.server.log.preallocated.size = 16384 (custom)
2021-08-15 13:12:06,923 [pool-407-thread-1] INFO  server.RaftServerConfigKeys (ConfUtils.java:logGet(44)) - raft.server.log.force.sync.num = 128 (default)
2021-08-15 13:12:06,923 [pool-407-thread-1] INFO  server.RaftServerConfigKeys (ConfUtils.java:logGet(44)) - raft.server.log.statemachine.data.sync = true (default)
2021-08-15 13:12:06,923 [pool-407-thread-1] INFO  server.RaftServerConfigKeys (ConfUtils.java:logGet(44)) - raft.server.log.statemachine.data.sync.timeout = 10s (default)
2021-08-15 13:12:06,923 [pool-407-thread-1] INFO  server.RaftServerConfigKeys (ConfUtils.java:logGet(44)) - raft.server.log.statemachine.data.sync.timeout.retry = -1 (default)
2021-08-15 13:12:06,924 [pool-407-thread-1] INFO  server.RaftServerConfigKeys (ConfUtils.java:logGet(44)) - raft.server.log.write.buffer.size = 1048576 (custom)
2021-08-15 13:12:06,924 [pool-407-thread-1] INFO  server.RaftServerConfigKeys (ConfUtils.java:logGet(44)) - raft.server.log.statemachine.data.caching.enabled = true (custom)
2021-08-15 13:12:06,925 [pool-407-thread-1] INFO  segmented.SegmentedRaftLogWorker (SegmentedRaftLogWorker.java:lambda$new$0(133)) - dd118232-85e1-4ba3-86d8-b3b6639effb8@group-1D84D338AFDC-SegmentedRaftLogWorker: flushIndex: setUnconditionally 0 -> -1
2021-08-15 13:12:06,925 [pool-407-thread-1] INFO  segmented.SegmentedRaftLogWorker (SegmentedRaftLogWorker.java:lambda$new$0(133)) - dd118232-85e1-4ba3-86d8-b3b6639effb8@group-1D84D338AFDC-SegmentedRaftLogWorker: safeCacheEvictIndex: setUnconditionally 0 -> -1
2021-08-15 13:12:06,925 [pool-407-thread-1] INFO  server.RaftServerConfigKeys (ConfUtils.java:logGet(44)) - raft.server.snapshot.auto.trigger.enabled = true (custom)
2021-08-15 13:12:06,925 [pool-407-thread-1] INFO  server.RaftServerConfigKeys (ConfUtils.java:logGet(44)) - raft.server.snapshot.auto.trigger.threshold = 10000 (custom)
2021-08-15 13:12:06,925 [pool-407-thread-1] INFO  server.RaftServerConfigKeys (ConfUtils.java:logGet(44)) - raft.server.snapshot.retention.file.num = 5 (custom)
2021-08-15 13:12:06,925 [pool-407-thread-1] INFO  server.RaftServerConfigKeys (ConfUtils.java:logGet(44)) - raft.server.log.purge.upto.snapshot.index = false (default)
2021-08-15 13:12:06,925 [pool-407-thread-1] INFO  server.RaftServerConfigKeys (ConfUtils.java:logGet(44)) - raft.server.retrycache.expirytime = 600000ms (custom)
2021-08-15 13:12:06,925 [pool-407-thread-1] INFO  server.RaftServerConfigKeys (ConfUtils.java:logGet(44)) - raft.server.retrycache.statistics.expirytime = 100μs (default)
2021-08-15 13:12:06,926 [pool-407-thread-1] INFO  server.RaftServer$Division (RaftServerImpl.java:start(296)) - dd118232-85e1-4ba3-86d8-b3b6639effb8@group-1D84D338AFDC: start as a follower, conf=-1: [4a9aa4e1-3390-4ebe-823b-9f07154ce862|rpc:10.1.0.42:34883|dataStream:|priority:1, dd118232-85e1-4ba3-86d8-b3b6639effb8|rpc:10.1.0.42:43377|dataStream:|priority:0, 02f913b7-60d4-4225-a813-cf73e54e6f8a|rpc:10.1.0.42:35145|dataStream:|priority:0], old=null
2021-08-15 13:12:06,926 [pool-407-thread-1] INFO  server.RaftServer$Division (RaftServerImpl.java:setRole(285)) - dd118232-85e1-4ba3-86d8-b3b6639effb8@group-1D84D338AFDC: changes role from      null to FOLLOWER at term 0 for startAsFollower
2021-08-15 13:12:06,926 [pool-407-thread-1] INFO  impl.RoleInfo (RoleInfo.java:updateAndGet(130)) - dd118232-85e1-4ba3-86d8-b3b6639effb8: start dd118232-85e1-4ba3-86d8-b3b6639effb8@group-1D84D338AFDC-FollowerState
2021-08-15 13:12:06,927 [pool-407-thread-1] INFO  util.JmxRegister (JmxRegister.java:tryRegister(44)) - Successfully registered JMX Bean with object name Ratis:service=RaftServer,group=group-1D84D338AFDC,id=dd118232-85e1-4ba3-86d8-b3b6639effb8
2021-08-15 13:12:06,934 [Command processor thread] INFO  commandhandler.CreatePipelineCommandHandler (CreatePipelineCommandHandler.java:handle(106)) - Created Pipeline RATIS THREE PipelineID=e82e47f6-6103-40fd-b426-1d84d338afdc.
2021-08-15 13:12:06,934 [Command processor thread] INFO  server.RaftServer (RaftServerProxy.java:addNew(95)) - 02f913b7-60d4-4225-a813-cf73e54e6f8a: addNew group-26C67ECF95D8:[4a9aa4e1-3390-4ebe-823b-9f07154ce862|rpc:10.1.0.42:34883|priority:0, dd118232-85e1-4ba3-86d8-b3b6639effb8|rpc:10.1.0.42:43377|priority:1, 02f913b7-60d4-4225-a813-cf73e54e6f8a|rpc:10.1.0.42:35145|priority:0] returns group-26C67ECF95D8:java.util.concurrent.CompletableFuture@24a05084[Not completed]
2021-08-15 13:12:06,946 [pool-369-thread-1] INFO  server.RaftServer$Division (RaftServerImpl.java:<init>(181)) - 02f913b7-60d4-4225-a813-cf73e54e6f8a: new RaftServerImpl for group-26C67ECF95D8:[4a9aa4e1-3390-4ebe-823b-9f07154ce862|rpc:10.1.0.42:34883|priority:0, dd118232-85e1-4ba3-86d8-b3b6639effb8|rpc:10.1.0.42:43377|priority:1, 02f913b7-60d4-4225-a813-cf73e54e6f8a|rpc:10.1.0.42:35145|priority:0] with ContainerStateMachine:uninitialized
2021-08-15 13:12:06,946 [pool-369-thread-1] INFO  server.RaftServerConfigKeys (ConfUtils.java:logGet(44)) - raft.server.rpc.timeout.min = 5s (custom)
2021-08-15 13:12:06,946 [pool-369-thread-1] INFO  server.RaftServerConfigKeys (ConfUtils.java:logGet(44)) - raft.server.rpc.timeout.max = 5200ms (custom)
2021-08-15 13:12:06,946 [pool-369-thread-1] INFO  server.RaftServerConfigKeys (ConfUtils.java:logGet(44)) - raft.server.rpc.sleep.time = 25ms (default)
2021-08-15 13:12:06,946 [pool-369-thread-1] INFO  server.RaftServerConfigKeys (ConfUtils.java:logGet(44)) - raft.server.rpc.slowness.timeout = 300s (custom)
2021-08-15 13:12:06,946 [pool-369-thread-1] INFO  server.RaftServerConfigKeys (ConfUtils.java:logGet(44)) - raft.server.leaderelection.leader.step-down.wait-time = 10s (default)
2021-08-15 13:12:06,946 [pool-369-thread-1] INFO  server.RaftServerConfigKeys (ConfUtils.java:logGet(44)) - raft.server.sleep.deviation.threshold = 300ms (default)
2021-08-15 13:12:06,946 [pool-369-thread-1] INFO  server.RaftServerConfigKeys (ConfUtils.java:logGet(44)) - raft.server.log.appender.install.snapshot.enabled = false (custom)
2021-08-15 13:12:06,946 [pool-369-thread-1] INFO  server.RaftServer$Division (ServerState.java:<init>(105)) - 02f913b7-60d4-4225-a813-cf73e54e6f8a@group-26C67ECF95D8: ConfigurationManager, init=-1: [4a9aa4e1-3390-4ebe-823b-9f07154ce862|rpc:10.1.0.42:34883|priority:0, dd118232-85e1-4ba3-86d8-b3b6639effb8|rpc:10.1.0.42:43377|priority:1, 02f913b7-60d4-4225-a813-cf73e54e6f8a|rpc:10.1.0.42:35145|priority:0], old=null, confs=<EMPTY_MAP>
2021-08-15 13:12:06,946 [pool-369-thread-1] INFO  server.RaftServerConfigKeys (ConfUtils.java:logGet(44)) - raft.server.storage.dir = [/home/runner/work/ozone/ozone/hadoop-ozone/integration-test/target/test-dir/MiniOzoneClusterImpl-048a4f6d-23a9-42d5-a7f8-f934da4c6a5d/datanode-0/data/ratis] (custom)
2021-08-15 13:12:06,947 [pool-369-thread-1] INFO  server.RaftServerConfigKeys (ConfUtils.java:logGet(44)) - raft.server.log.corruption.policy = EXCEPTION (default)
2021-08-15 13:12:06,947 [pool-369-thread-1] INFO  server.RaftServerConfigKeys (ConfUtils.java:logGet(44)) - raft.server.storage.free-space.min = 0MB (=0) (default)
2021-08-15 13:12:06,947 [pool-369-thread-1] INFO  storage.RaftStorageDirectory (RaftStorageDirectoryImpl.java:analyzeStorage(135)) - The storage directory /home/runner/work/ozone/ozone/hadoop-ozone/integration-test/target/test-dir/MiniOzoneClusterImpl-048a4f6d-23a9-42d5-a7f8-f934da4c6a5d/datanode-0/data/ratis/e3c4f94f-d294-4c08-914d-26c67ecf95d8 does not exist. Creating ...
2021-08-15 13:12:06,948 [pool-369-thread-1] INFO  storage.RaftStorageDirectory (RaftStorageDirectoryImpl.java:tryLock(230)) - Lock on /home/runner/work/ozone/ozone/hadoop-ozone/integration-test/target/test-dir/MiniOzoneClusterImpl-048a4f6d-23a9-42d5-a7f8-f934da4c6a5d/datanode-0/data/ratis/e3c4f94f-d294-4c08-914d-26c67ecf95d8/in_use.lock acquired by nodename 21341@fv-az291-680
2021-08-15 13:12:06,953 [pool-369-thread-1] INFO  storage.RaftStorage (RaftStorageImpl.java:format(89)) - Storage directory /home/runner/work/ozone/ozone/hadoop-ozone/integration-test/target/test-dir/MiniOzoneClusterImpl-048a4f6d-23a9-42d5-a7f8-f934da4c6a5d/datanode-0/data/ratis/e3c4f94f-d294-4c08-914d-26c67ecf95d8 has been successfully formatted.
2021-08-15 13:12:06,953 [pool-369-thread-1] INFO  ratis.ContainerStateMachine (ContainerStateMachine.java:loadSnapshot(225)) - group-26C67ECF95D8: The snapshot info is null. Setting the last applied indexto:(t:0, i:~)
2021-08-15 13:12:06,954 [pool-369-thread-1] INFO  server.RaftServerConfigKeys (ConfUtils.java:logGet(44)) - raft.server.notification.no-leader.timeout = 300s (custom)
2021-08-15 13:12:06,954 [pool-369-thread-1] INFO  server.RaftServerConfigKeys (ConfUtils.java:logGet(44)) - raft.server.log.use.memory = false (default)
2021-08-15 13:12:06,954 [pool-369-thread-1] INFO  server.RaftServerConfigKeys (ConfUtils.java:logGet(44)) - raft.server.log.purge.gap = 1000000 (custom)
2021-08-15 13:12:06,955 [EventQueue-OpenPipelineForHealthyPipelineSafeModeRule] INFO  safemode.SCMSafeModeManager (HealthyPipelineSafeModeRule.java:process(124)) - SCM in safe mode. Healthy pipelines reported count is 0, required healthy pipeline reported count is 1
2021-08-15 13:12:06,956 [pool-369-thread-1] INFO  server.RaftServerConfigKeys (ConfUtils.java:logGet(44)) - raft.server.log.appender.buffer.byte-limit = 33554432 (custom)
2021-08-15 13:12:06,956 [pool-369-thread-1] INFO  server.RaftServerConfigKeys (ConfUtils.java:logGet(44)) - raft.server.log.segment.size.max = 1048576 (custom)
2021-08-15 13:12:06,957 [pool-369-thread-1] INFO  server.RaftServerConfigKeys (ConfUtils.java:logGet(44)) - raft.server.log.segment.cache.num.max = 2 (custom)
2021-08-15 13:12:06,957 [pool-369-thread-1] INFO  server.RaftServerConfigKeys (ConfUtils.java:logGet(44)) - raft.server.log.segment.cache.size.max = 200MB (=209715200) (default)
2021-08-15 13:12:06,957 [pool-369-thread-1] INFO  segmented.SegmentedRaftLogWorker (SegmentedRaftLogWorker.java:<init>(182)) - new 02f913b7-60d4-4225-a813-cf73e54e6f8a@group-26C67ECF95D8-SegmentedRaftLogWorker for RaftStorageImpl:Storage Directory /home/runner/work/ozone/ozone/hadoop-ozone/integration-test/target/test-dir/MiniOzoneClusterImpl-048a4f6d-23a9-42d5-a7f8-f934da4c6a5d/datanode-0/data/ratis/e3c4f94f-d294-4c08-914d-26c67ecf95d8
2021-08-15 13:12:06,957 [pool-369-thread-1] INFO  server.RaftServerConfigKeys (ConfUtils.java:logGet(44)) - raft.server.log.queue.byte-limit = 2147483647 (custom)
2021-08-15 13:12:06,957 [pool-369-thread-1] INFO  server.RaftServerConfigKeys (ConfUtils.java:logGet(44)) - raft.server.log.queue.element-limit = 1024 (custom)
2021-08-15 13:12:06,957 [pool-369-thread-1] INFO  server.RaftServerConfigKeys (ConfUtils.java:logGet(44)) - raft.server.log.segment.size.max = 1048576 (custom)
2021-08-15 13:12:06,957 [pool-369-thread-1] INFO  server.RaftServerConfigKeys (ConfUtils.java:logGet(44)) - raft.server.log.preallocated.size = 16384 (custom)
2021-08-15 13:12:06,957 [pool-369-thread-1] INFO  server.RaftServerConfigKeys (ConfUtils.java:logGet(44)) - raft.server.log.force.sync.num = 128 (default)
2021-08-15 13:12:06,957 [pool-369-thread-1] INFO  server.RaftServerConfigKeys (ConfUtils.java:logGet(44)) - raft.server.log.statemachine.data.sync = true (default)
2021-08-15 13:12:06,957 [pool-369-thread-1] INFO  server.RaftServerConfigKeys (ConfUtils.java:logGet(44)) - raft.server.log.statemachine.data.sync.timeout = 10s (default)
2021-08-15 13:12:06,957 [pool-369-thread-1] INFO  server.RaftServerConfigKeys (ConfUtils.java:logGet(44)) - raft.server.log.statemachine.data.sync.timeout.retry = -1 (default)
2021-08-15 13:12:06,958 [pool-369-thread-1] INFO  server.RaftServerConfigKeys (ConfUtils.java:logGet(44)) - raft.server.log.write.buffer.size = 1048576 (custom)
2021-08-15 13:12:06,958 [pool-369-thread-1] INFO  server.RaftServerConfigKeys (ConfUtils.java:logGet(44)) - raft.server.log.statemachine.data.caching.enabled = true (custom)
2021-08-15 13:12:06,959 [pool-369-thread-1] INFO  segmented.SegmentedRaftLogWorker (SegmentedRaftLogWorker.java:lambda$new$0(133)) - 02f913b7-60d4-4225-a813-cf73e54e6f8a@group-26C67ECF95D8-SegmentedRaftLogWorker: flushIndex: setUnconditionally 0 -> -1
2021-08-15 13:12:06,959 [pool-369-thread-1] INFO  segmented.SegmentedRaftLogWorker (SegmentedRaftLogWorker.java:lambda$new$0(133)) - 02f913b7-60d4-4225-a813-cf73e54e6f8a@group-26C67ECF95D8-SegmentedRaftLogWorker: safeCacheEvictIndex: setUnconditionally 0 -> -1
2021-08-15 13:12:06,966 [pool-369-thread-1] INFO  server.RaftServerConfigKeys (ConfUtils.java:logGet(44)) - raft.server.snapshot.auto.trigger.enabled = true (custom)
2021-08-15 13:12:06,966 [pool-369-thread-1] INFO  server.RaftServerConfigKeys (ConfUtils.java:logGet(44)) - raft.server.snapshot.auto.trigger.threshold = 10000 (custom)
2021-08-15 13:12:06,966 [pool-369-thread-1] INFO  server.RaftServerConfigKeys (ConfUtils.java:logGet(44)) - raft.server.snapshot.retention.file.num = 5 (custom)
2021-08-15 13:12:06,966 [pool-369-thread-1] INFO  server.RaftServerConfigKeys (ConfUtils.java:logGet(44)) - raft.server.log.purge.upto.snapshot.index = false (default)
2021-08-15 13:12:06,966 [pool-369-thread-1] INFO  server.RaftServerConfigKeys (ConfUtils.java:logGet(44)) - raft.server.retrycache.expirytime = 600000ms (custom)
2021-08-15 13:12:06,966 [pool-369-thread-1] INFO  server.RaftServerConfigKeys (ConfUtils.java:logGet(44)) - raft.server.retrycache.statistics.expirytime = 100μs (default)
2021-08-15 13:12:06,968 [pool-369-thread-1] INFO  server.RaftServer$Division (RaftServerImpl.java:start(296)) - 02f913b7-60d4-4225-a813-cf73e54e6f8a@group-26C67ECF95D8: start as a follower, conf=-1: [4a9aa4e1-3390-4ebe-823b-9f07154ce862|rpc:10.1.0.42:34883|priority:0, dd118232-85e1-4ba3-86d8-b3b6639effb8|rpc:10.1.0.42:43377|priority:1, 02f913b7-60d4-4225-a813-cf73e54e6f8a|rpc:10.1.0.42:35145|priority:0], old=null
2021-08-15 13:12:06,968 [pool-369-thread-1] INFO  server.RaftServer$Division (RaftServerImpl.java:setRole(285)) - 02f913b7-60d4-4225-a813-cf73e54e6f8a@group-26C67ECF95D8: changes role from      null to FOLLOWER at term 0 for startAsFollower
2021-08-15 13:12:06,968 [pool-369-thread-1] INFO  impl.RoleInfo (RoleInfo.java:updateAndGet(130)) - 02f913b7-60d4-4225-a813-cf73e54e6f8a: start 02f913b7-60d4-4225-a813-cf73e54e6f8a@group-26C67ECF95D8-FollowerState
2021-08-15 13:12:06,977 [pool-369-thread-1] INFO  util.JmxRegister (JmxRegister.java:tryRegister(44)) - Successfully registered JMX Bean with object name Ratis:service=RaftServer,group=group-26C67ECF95D8,id=02f913b7-60d4-4225-a813-cf73e54e6f8a
2021-08-15 13:12:06,978 [Command processor thread] INFO  ratis.XceiverServerRatis (XceiverServerRatis.java:addGroup(763)) - Created group PipelineID=e3c4f94f-d294-4c08-914d-26c67ecf95d8
2021-08-15 13:12:07,000 [grpc-default-executor-0] INFO  server.RaftServer (RaftServerProxy.java:addNew(95)) - 4a9aa4e1-3390-4ebe-823b-9f07154ce862: addNew group-26C67ECF95D8:[4a9aa4e1-3390-4ebe-823b-9f07154ce862|rpc:10.1.0.42:34883|dataStream:|priority:0, dd118232-85e1-4ba3-86d8-b3b6639effb8|rpc:10.1.0.42:43377|dataStream:|priority:1, 02f913b7-60d4-4225-a813-cf73e54e6f8a|rpc:10.1.0.42:35145|dataStream:|priority:0] returns group-26C67ECF95D8:java.util.concurrent.CompletableFuture@5b017db8[Not completed]
2021-08-15 13:12:07,001 [pool-388-thread-1] INFO  server.RaftServer$Division (RaftServerImpl.java:<init>(181)) - 4a9aa4e1-3390-4ebe-823b-9f07154ce862: new RaftServerImpl for group-26C67ECF95D8:[4a9aa4e1-3390-4ebe-823b-9f07154ce862|rpc:10.1.0.42:34883|dataStream:|priority:0, dd118232-85e1-4ba3-86d8-b3b6639effb8|rpc:10.1.0.42:43377|dataStream:|priority:1, 02f913b7-60d4-4225-a813-cf73e54e6f8a|rpc:10.1.0.42:35145|dataStream:|priority:0] with ContainerStateMachine:uninitialized
2021-08-15 13:12:07,001 [pool-388-thread-1] INFO  server.RaftServerConfigKeys (ConfUtils.java:logGet(44)) - raft.server.rpc.timeout.min = 5s (custom)
2021-08-15 13:12:07,001 [pool-388-thread-1] INFO  server.RaftServerConfigKeys (ConfUtils.java:logGet(44)) - raft.server.rpc.timeout.max = 5200ms (custom)
2021-08-15 13:12:07,001 [pool-388-thread-1] INFO  server.RaftServerConfigKeys (ConfUtils.java:logGet(44)) - raft.server.rpc.sleep.time = 25ms (default)
2021-08-15 13:12:07,001 [pool-388-thread-1] INFO  server.RaftServerConfigKeys (ConfUtils.java:logGet(44)) - raft.server.rpc.slowness.timeout = 300s (custom)
2021-08-15 13:12:07,001 [pool-388-thread-1] INFO  server.RaftServerConfigKeys (ConfUtils.java:logGet(44)) - raft.server.leaderelection.leader.step-down.wait-time = 10s (default)
2021-08-15 13:12:07,002 [pool-388-thread-1] INFO  server.RaftServerConfigKeys (ConfUtils.java:logGet(44)) - raft.server.sleep.deviation.threshold = 300ms (default)
2021-08-15 13:12:07,002 [pool-388-thread-1] INFO  server.RaftServerConfigKeys (ConfUtils.java:logGet(44)) - raft.server.log.appender.install.snapshot.enabled = false (custom)
2021-08-15 13:12:07,002 [pool-388-thread-1] INFO  server.RaftServer$Division (ServerState.java:<init>(105)) - 4a9aa4e1-3390-4ebe-823b-9f07154ce862@group-26C67ECF95D8: ConfigurationManager, init=-1: [4a9aa4e1-3390-4ebe-823b-9f07154ce862|rpc:10.1.0.42:34883|dataStream:|priority:0, dd118232-85e1-4ba3-86d8-b3b6639effb8|rpc:10.1.0.42:43377|dataStream:|priority:1, 02f913b7-60d4-4225-a813-cf73e54e6f8a|rpc:10.1.0.42:35145|dataStream:|priority:0], old=null, confs=<EMPTY_MAP>
2021-08-15 13:12:07,002 [pool-388-thread-1] INFO  server.RaftServerConfigKeys (ConfUtils.java:logGet(44)) - raft.server.storage.dir = [/home/runner/work/ozone/ozone/hadoop-ozone/integration-test/target/test-dir/MiniOzoneClusterImpl-048a4f6d-23a9-42d5-a7f8-f934da4c6a5d/datanode-1/data/ratis] (custom)
2021-08-15 13:12:07,002 [pool-388-thread-1] INFO  server.RaftServerConfigKeys (ConfUtils.java:logGet(44)) - raft.server.log.corruption.policy = EXCEPTION (default)
2021-08-15 13:12:07,002 [pool-388-thread-1] INFO  server.RaftServerConfigKeys (ConfUtils.java:logGet(44)) - raft.server.storage.free-space.min = 0MB (=0) (default)
2021-08-15 13:12:07,002 [pool-388-thread-1] INFO  storage.RaftStorageDirectory (RaftStorageDirectoryImpl.java:analyzeStorage(135)) - The storage directory /home/runner/work/ozone/ozone/hadoop-ozone/integration-test/target/test-dir/MiniOzoneClusterImpl-048a4f6d-23a9-42d5-a7f8-f934da4c6a5d/datanode-1/data/ratis/e3c4f94f-d294-4c08-914d-26c67ecf95d8 does not exist. Creating ...
2021-08-15 13:12:07,009 [pool-388-thread-1] INFO  storage.RaftStorageDirectory (RaftStorageDirectoryImpl.java:tryLock(230)) - Lock on /home/runner/work/ozone/ozone/hadoop-ozone/integration-test/target/test-dir/MiniOzoneClusterImpl-048a4f6d-23a9-42d5-a7f8-f934da4c6a5d/datanode-1/data/ratis/e3c4f94f-d294-4c08-914d-26c67ecf95d8/in_use.lock acquired by nodename 21341@fv-az291-680
2021-08-15 13:12:07,011 [pool-388-thread-1] INFO  storage.RaftStorage (RaftStorageImpl.java:format(89)) - Storage directory /home/runner/work/ozone/ozone/hadoop-ozone/integration-test/target/test-dir/MiniOzoneClusterImpl-048a4f6d-23a9-42d5-a7f8-f934da4c6a5d/datanode-1/data/ratis/e3c4f94f-d294-4c08-914d-26c67ecf95d8 has been successfully formatted.
2021-08-15 13:12:07,011 [Datanode State Machine Thread - 0] WARN  statemachine.StateContext (StateContext.java:execute(621)) - No available thread in pool for past 1 seconds.
2021-08-15 13:12:07,011 [pool-388-thread-1] INFO  ratis.ContainerStateMachine (ContainerStateMachine.java:loadSnapshot(225)) - group-26C67ECF95D8: The snapshot info is null. Setting the last applied indexto:(t:0, i:~)
2021-08-15 13:12:07,011 [pool-388-thread-1] INFO  server.RaftServerConfigKeys (ConfUtils.java:logGet(44)) - raft.server.notification.no-leader.timeout = 300s (custom)
2021-08-15 13:12:07,012 [pool-388-thread-1] INFO  server.RaftServerConfigKeys (ConfUtils.java:logGet(44)) - raft.server.log.use.memory = false (default)
2021-08-15 13:12:07,012 [pool-388-thread-1] INFO  server.RaftServerConfigKeys (ConfUtils.java:logGet(44)) - raft.server.log.purge.gap = 1000000 (custom)
2021-08-15 13:12:07,012 [pool-388-thread-1] INFO  server.RaftServerConfigKeys (ConfUtils.java:logGet(44)) - raft.server.log.appender.buffer.byte-limit = 33554432 (custom)
2021-08-15 13:12:07,013 [pool-388-thread-1] INFO  server.RaftServerConfigKeys (ConfUtils.java:logGet(44)) - raft.server.log.segment.size.max = 1048576 (custom)
2021-08-15 13:12:07,013 [pool-388-thread-1] INFO  server.RaftServerConfigKeys (ConfUtils.java:logGet(44)) - raft.server.log.segment.cache.num.max = 2 (custom)
2021-08-15 13:12:07,013 [pool-388-thread-1] INFO  server.RaftServerConfigKeys (ConfUtils.java:logGet(44)) - raft.server.log.segment.cache.size.max = 200MB (=209715200) (default)
2021-08-15 13:12:07,013 [pool-388-thread-1] INFO  segmented.SegmentedRaftLogWorker (SegmentedRaftLogWorker.java:<init>(182)) - new 4a9aa4e1-3390-4ebe-823b-9f07154ce862@group-26C67ECF95D8-SegmentedRaftLogWorker for RaftStorageImpl:Storage Directory /home/runner/work/ozone/ozone/hadoop-ozone/integration-test/target/test-dir/MiniOzoneClusterImpl-048a4f6d-23a9-42d5-a7f8-f934da4c6a5d/datanode-1/data/ratis/e3c4f94f-d294-4c08-914d-26c67ecf95d8
2021-08-15 13:12:07,013 [pool-388-thread-1] INFO  server.RaftServerConfigKeys (ConfUtils.java:logGet(44)) - raft.server.log.queue.byte-limit = 2147483647 (custom)
2021-08-15 13:12:07,013 [pool-388-thread-1] INFO  server.RaftServerConfigKeys (ConfUtils.java:logGet(44)) - raft.server.log.queue.element-limit = 1024 (custom)
2021-08-15 13:12:07,013 [pool-388-thread-1] INFO  server.RaftServerConfigKeys (ConfUtils.java:logGet(44)) - raft.server.log.segment.size.max = 1048576 (custom)
2021-08-15 13:12:07,013 [pool-388-thread-1] INFO  server.RaftServerConfigKeys (ConfUtils.java:logGet(44)) - raft.server.log.preallocated.size = 16384 (custom)
2021-08-15 13:12:07,013 [pool-388-thread-1] INFO  server.RaftServerConfigKeys (ConfUtils.java:logGet(44)) - raft.server.log.force.sync.num = 128 (default)
2021-08-15 13:12:07,013 [pool-388-thread-1] INFO  server.RaftServerConfigKeys (ConfUtils.java:logGet(44)) - raft.server.log.statemachine.data.sync = true (default)
2021-08-15 13:12:07,013 [pool-388-thread-1] INFO  server.RaftServerConfigKeys (ConfUtils.java:logGet(44)) - raft.server.log.statemachine.data.sync.timeout = 10s (default)
2021-08-15 13:12:07,014 [pool-388-thread-1] INFO  server.RaftServerConfigKeys (ConfUtils.java:logGet(44)) - raft.server.log.statemachine.data.sync.timeout.retry = -1 (default)
2021-08-15 13:12:07,014 [pool-388-thread-1] INFO  server.RaftServerConfigKeys (ConfUtils.java:logGet(44)) - raft.server.log.write.buffer.size = 1048576 (custom)
2021-08-15 13:12:07,015 [pool-388-thread-1] INFO  server.RaftServerConfigKeys (ConfUtils.java:logGet(44)) - raft.server.log.statemachine.data.caching.enabled = true (custom)
2021-08-15 13:12:07,015 [pool-388-thread-1] INFO  segmented.SegmentedRaftLogWorker (SegmentedRaftLogWorker.java:lambda$new$0(133)) - 4a9aa4e1-3390-4ebe-823b-9f07154ce862@group-26C67ECF95D8-SegmentedRaftLogWorker: flushIndex: setUnconditionally 0 -> -1
2021-08-15 13:12:07,015 [pool-388-thread-1] INFO  segmented.SegmentedRaftLogWorker (SegmentedRaftLogWorker.java:lambda$new$0(133)) - 4a9aa4e1-3390-4ebe-823b-9f07154ce862@group-26C67ECF95D8-SegmentedRaftLogWorker: safeCacheEvictIndex: setUnconditionally 0 -> -1
2021-08-15 13:12:07,023 [pool-388-thread-1] INFO  server.RaftServerConfigKeys (ConfUtils.java:logGet(44)) - raft.server.snapshot.auto.trigger.enabled = true (custom)
2021-08-15 13:12:07,023 [pool-388-thread-1] INFO  server.RaftServerConfigKeys (ConfUtils.java:logGet(44)) - raft.server.snapshot.auto.trigger.threshold = 10000 (custom)
2021-08-15 13:12:07,023 [pool-388-thread-1] INFO  server.RaftServerConfigKeys (ConfUtils.java:logGet(44)) - raft.server.snapshot.retention.file.num = 5 (custom)
2021-08-15 13:12:07,023 [pool-388-thread-1] INFO  server.RaftServerConfigKeys (ConfUtils.java:logGet(44)) - raft.server.log.purge.upto.snapshot.index = false (default)
2021-08-15 13:12:07,023 [pool-388-thread-1] INFO  server.RaftServerConfigKeys (ConfUtils.java:logGet(44)) - raft.server.retrycache.expirytime = 600000ms (custom)
2021-08-15 13:12:07,023 [pool-388-thread-1] INFO  server.RaftServerConfigKeys (ConfUtils.java:logGet(44)) - raft.server.retrycache.statistics.expirytime = 100μs (default)
2021-08-15 13:12:07,024 [pool-388-thread-1] INFO  server.RaftServer$Division (RaftServerImpl.java:start(296)) - 4a9aa4e1-3390-4ebe-823b-9f07154ce862@group-26C67ECF95D8: start as a follower, conf=-1: [4a9aa4e1-3390-4ebe-823b-9f07154ce862|rpc:10.1.0.42:34883|dataStream:|priority:0, dd118232-85e1-4ba3-86d8-b3b6639effb8|rpc:10.1.0.42:43377|dataStream:|priority:1, 02f913b7-60d4-4225-a813-cf73e54e6f8a|rpc:10.1.0.42:35145|dataStream:|priority:0], old=null
2021-08-15 13:12:07,026 [pool-388-thread-1] INFO  server.RaftServer$Division (RaftServerImpl.java:setRole(285)) - 4a9aa4e1-3390-4ebe-823b-9f07154ce862@group-26C67ECF95D8: changes role from      null to FOLLOWER at term 0 for startAsFollower
2021-08-15 13:12:07,026 [pool-388-thread-1] INFO  impl.RoleInfo (RoleInfo.java:updateAndGet(130)) - 4a9aa4e1-3390-4ebe-823b-9f07154ce862: start 4a9aa4e1-3390-4ebe-823b-9f07154ce862@group-26C67ECF95D8-FollowerState
2021-08-15 13:12:07,032 [pool-388-thread-1] INFO  util.JmxRegister (JmxRegister.java:tryRegister(44)) - Successfully registered JMX Bean with object name Ratis:service=RaftServer,group=group-26C67ECF95D8,id=4a9aa4e1-3390-4ebe-823b-9f07154ce862
2021-08-15 13:12:07,079 [grpc-default-executor-0] INFO  server.RaftServer (RaftServerProxy.java:addNew(95)) - dd118232-85e1-4ba3-86d8-b3b6639effb8: addNew group-26C67ECF95D8:[4a9aa4e1-3390-4ebe-823b-9f07154ce862|rpc:10.1.0.42:34883|dataStream:|priority:0, dd118232-85e1-4ba3-86d8-b3b6639effb8|rpc:10.1.0.42:43377|dataStream:|priority:1, 02f913b7-60d4-4225-a813-cf73e54e6f8a|rpc:10.1.0.42:35145|dataStream:|priority:0] returns group-26C67ECF95D8:java.util.concurrent.CompletableFuture@4cbc8a2b[Not completed]
2021-08-15 13:12:07,080 [pool-407-thread-1] INFO  server.RaftServer$Division (RaftServerImpl.java:<init>(181)) - dd118232-85e1-4ba3-86d8-b3b6639effb8: new RaftServerImpl for group-26C67ECF95D8:[4a9aa4e1-3390-4ebe-823b-9f07154ce862|rpc:10.1.0.42:34883|dataStream:|priority:0, dd118232-85e1-4ba3-86d8-b3b6639effb8|rpc:10.1.0.42:43377|dataStream:|priority:1, 02f913b7-60d4-4225-a813-cf73e54e6f8a|rpc:10.1.0.42:35145|dataStream:|priority:0] with ContainerStateMachine:uninitialized
2021-08-15 13:12:07,080 [pool-407-thread-1] INFO  server.RaftServerConfigKeys (ConfUtils.java:logGet(44)) - raft.server.rpc.timeout.min = 5s (custom)
2021-08-15 13:12:07,080 [pool-407-thread-1] INFO  server.RaftServerConfigKeys (ConfUtils.java:logGet(44)) - raft.server.rpc.timeout.max = 5200ms (custom)
2021-08-15 13:12:07,080 [pool-407-thread-1] INFO  server.RaftServerConfigKeys (ConfUtils.java:logGet(44)) - raft.server.rpc.sleep.time = 25ms (default)
2021-08-15 13:12:07,080 [pool-407-thread-1] INFO  server.RaftServerConfigKeys (ConfUtils.java:logGet(44)) - raft.server.rpc.slowness.timeout = 300s (custom)
2021-08-15 13:12:07,080 [pool-407-thread-1] INFO  server.RaftServerConfigKeys (ConfUtils.java:logGet(44)) - raft.server.leaderelection.leader.step-down.wait-time = 10s (default)
2021-08-15 13:12:07,080 [pool-407-thread-1] INFO  server.RaftServerConfigKeys (ConfUtils.java:logGet(44)) - raft.server.sleep.deviation.threshold = 300ms (default)
2021-08-15 13:12:07,080 [pool-407-thread-1] INFO  server.RaftServerConfigKeys (ConfUtils.java:logGet(44)) - raft.server.log.appender.install.snapshot.enabled = false (custom)
2021-08-15 13:12:07,080 [pool-407-thread-1] INFO  server.RaftServer$Division (ServerState.java:<init>(105)) - dd118232-85e1-4ba3-86d8-b3b6639effb8@group-26C67ECF95D8: ConfigurationManager, init=-1: [4a9aa4e1-3390-4ebe-823b-9f07154ce862|rpc:10.1.0.42:34883|dataStream:|priority:0, dd118232-85e1-4ba3-86d8-b3b6639effb8|rpc:10.1.0.42:43377|dataStream:|priority:1, 02f913b7-60d4-4225-a813-cf73e54e6f8a|rpc:10.1.0.42:35145|dataStream:|priority:0], old=null, confs=<EMPTY_MAP>
2021-08-15 13:12:07,080 [pool-407-thread-1] INFO  server.RaftServerConfigKeys (ConfUtils.java:logGet(44)) - raft.server.storage.dir = [/home/runner/work/ozone/ozone/hadoop-ozone/integration-test/target/test-dir/MiniOzoneClusterImpl-048a4f6d-23a9-42d5-a7f8-f934da4c6a5d/datanode-2/data/ratis] (custom)
2021-08-15 13:12:07,080 [pool-407-thread-1] INFO  server.RaftServerConfigKeys (ConfUtils.java:logGet(44)) - raft.server.log.corruption.policy = EXCEPTION (default)
2021-08-15 13:12:07,081 [pool-407-thread-1] INFO  server.RaftServerConfigKeys (ConfUtils.java:logGet(44)) - raft.server.storage.free-space.min = 0MB (=0) (default)
2021-08-15 13:12:07,081 [pool-407-thread-1] INFO  storage.RaftStorageDirectory (RaftStorageDirectoryImpl.java:analyzeStorage(135)) - The storage directory /home/runner/work/ozone/ozone/hadoop-ozone/integration-test/target/test-dir/MiniOzoneClusterImpl-048a4f6d-23a9-42d5-a7f8-f934da4c6a5d/datanode-2/data/ratis/e3c4f94f-d294-4c08-914d-26c67ecf95d8 does not exist. Creating ...
2021-08-15 13:12:07,082 [pool-407-thread-1] INFO  storage.RaftStorageDirectory (RaftStorageDirectoryImpl.java:tryLock(230)) - Lock on /home/runner/work/ozone/ozone/hadoop-ozone/integration-test/target/test-dir/MiniOzoneClusterImpl-048a4f6d-23a9-42d5-a7f8-f934da4c6a5d/datanode-2/data/ratis/e3c4f94f-d294-4c08-914d-26c67ecf95d8/in_use.lock acquired by nodename 21341@fv-az291-680
2021-08-15 13:12:07,083 [pool-407-thread-1] INFO  storage.RaftStorage (RaftStorageImpl.java:format(89)) - Storage directory /home/runner/work/ozone/ozone/hadoop-ozone/integration-test/target/test-dir/MiniOzoneClusterImpl-048a4f6d-23a9-42d5-a7f8-f934da4c6a5d/datanode-2/data/ratis/e3c4f94f-d294-4c08-914d-26c67ecf95d8 has been successfully formatted.
2021-08-15 13:12:07,084 [pool-407-thread-1] INFO  ratis.ContainerStateMachine (ContainerStateMachine.java:loadSnapshot(225)) - group-26C67ECF95D8: The snapshot info is null. Setting the last applied indexto:(t:0, i:~)
2021-08-15 13:12:07,084 [Datanode State Machine Thread - 0] WARN  statemachine.StateContext (StateContext.java:execute(621)) - No available thread in pool for past 1 seconds.
2021-08-15 13:12:07,084 [pool-407-thread-1] INFO  server.RaftServerConfigKeys (ConfUtils.java:logGet(44)) - raft.server.notification.no-leader.timeout = 300s (custom)
2021-08-15 13:12:07,084 [pool-407-thread-1] INFO  server.RaftServerConfigKeys (ConfUtils.java:logGet(44)) - raft.server.log.use.memory = false (default)
2021-08-15 13:12:07,084 [pool-407-thread-1] INFO  server.RaftServerConfigKeys (ConfUtils.java:logGet(44)) - raft.server.log.purge.gap = 1000000 (custom)
2021-08-15 13:12:07,084 [pool-407-thread-1] INFO  server.RaftServerConfigKeys (ConfUtils.java:logGet(44)) - raft.server.log.appender.buffer.byte-limit = 33554432 (custom)
2021-08-15 13:12:07,084 [pool-407-thread-1] INFO  server.RaftServerConfigKeys (ConfUtils.java:logGet(44)) - raft.server.log.segment.size.max = 1048576 (custom)
2021-08-15 13:12:07,085 [pool-407-thread-1] INFO  server.RaftServerConfigKeys (ConfUtils.java:logGet(44)) - raft.server.log.segment.cache.num.max = 2 (custom)
2021-08-15 13:12:07,085 [pool-407-thread-1] INFO  server.RaftServerConfigKeys (ConfUtils.java:logGet(44)) - raft.server.log.segment.cache.size.max = 200MB (=209715200) (default)
2021-08-15 13:12:07,085 [pool-407-thread-1] INFO  segmented.SegmentedRaftLogWorker (SegmentedRaftLogWorker.java:<init>(182)) - new dd118232-85e1-4ba3-86d8-b3b6639effb8@group-26C67ECF95D8-SegmentedRaftLogWorker for RaftStorageImpl:Storage Directory /home/runner/work/ozone/ozone/hadoop-ozone/integration-test/target/test-dir/MiniOzoneClusterImpl-048a4f6d-23a9-42d5-a7f8-f934da4c6a5d/datanode-2/data/ratis/e3c4f94f-d294-4c08-914d-26c67ecf95d8
2021-08-15 13:12:07,085 [pool-407-thread-1] INFO  server.RaftServerConfigKeys (ConfUtils.java:logGet(44)) - raft.server.log.queue.byte-limit = 2147483647 (custom)
2021-08-15 13:12:07,085 [pool-407-thread-1] INFO  server.RaftServerConfigKeys (ConfUtils.java:logGet(44)) - raft.server.log.queue.element-limit = 1024 (custom)
2021-08-15 13:12:07,085 [pool-407-thread-1] INFO  server.RaftServerConfigKeys (ConfUtils.java:logGet(44)) - raft.server.log.segment.size.max = 1048576 (custom)
2021-08-15 13:12:07,085 [pool-407-thread-1] INFO  server.RaftServerConfigKeys (ConfUtils.java:logGet(44)) - raft.server.log.preallocated.size = 16384 (custom)
2021-08-15 13:12:07,085 [pool-407-thread-1] INFO  server.RaftServerConfigKeys (ConfUtils.java:logGet(44)) - raft.server.log.force.sync.num = 128 (default)
2021-08-15 13:12:07,085 [pool-407-thread-1] INFO  server.RaftServerConfigKeys (ConfUtils.java:logGet(44)) - raft.server.log.statemachine.data.sync = true (default)
2021-08-15 13:12:07,085 [pool-407-thread-1] INFO  server.RaftServerConfigKeys (ConfUtils.java:logGet(44)) - raft.server.log.statemachine.data.sync.timeout = 10s (default)
2021-08-15 13:12:07,086 [pool-407-thread-1] INFO  server.RaftServerConfigKeys (ConfUtils.java:logGet(44)) - raft.server.log.statemachine.data.sync.timeout.retry = -1 (default)
2021-08-15 13:12:07,086 [pool-407-thread-1] INFO  server.RaftServerConfigKeys (ConfUtils.java:logGet(44)) - raft.server.log.write.buffer.size = 1048576 (custom)
2021-08-15 13:12:07,087 [pool-407-thread-1] INFO  server.RaftServerConfigKeys (ConfUtils.java:logGet(44)) - raft.server.log.statemachine.data.caching.enabled = true (custom)
2021-08-15 13:12:07,087 [pool-407-thread-1] INFO  segmented.SegmentedRaftLogWorker (SegmentedRaftLogWorker.java:lambda$new$0(133)) - dd118232-85e1-4ba3-86d8-b3b6639effb8@group-26C67ECF95D8-SegmentedRaftLogWorker: flushIndex: setUnconditionally 0 -> -1
2021-08-15 13:12:07,087 [pool-407-thread-1] INFO  segmented.SegmentedRaftLogWorker (SegmentedRaftLogWorker.java:lambda$new$0(133)) - dd118232-85e1-4ba3-86d8-b3b6639effb8@group-26C67ECF95D8-SegmentedRaftLogWorker: safeCacheEvictIndex: setUnconditionally 0 -> -1
2021-08-15 13:12:07,087 [pool-407-thread-1] INFO  server.RaftServerConfigKeys (ConfUtils.java:logGet(44)) - raft.server.snapshot.auto.trigger.enabled = true (custom)
2021-08-15 13:12:07,087 [pool-407-thread-1] INFO  server.RaftServerConfigKeys (ConfUtils.java:logGet(44)) - raft.server.snapshot.auto.trigger.threshold = 10000 (custom)
2021-08-15 13:12:07,087 [pool-407-thread-1] INFO  server.RaftServerConfigKeys (ConfUtils.java:logGet(44)) - raft.server.snapshot.retention.file.num = 5 (custom)
2021-08-15 13:12:07,087 [pool-407-thread-1] INFO  server.RaftServerConfigKeys (ConfUtils.java:logGet(44)) - raft.server.log.purge.upto.snapshot.index = false (default)
2021-08-15 13:12:07,087 [pool-407-thread-1] INFO  server.RaftServerConfigKeys (ConfUtils.java:logGet(44)) - raft.server.retrycache.expirytime = 600000ms (custom)
2021-08-15 13:12:07,087 [pool-407-thread-1] INFO  server.RaftServerConfigKeys (ConfUtils.java:logGet(44)) - raft.server.retrycache.statistics.expirytime = 100μs (default)
2021-08-15 13:12:07,088 [pool-407-thread-1] INFO  server.RaftServer$Division (RaftServerImpl.java:start(296)) - dd118232-85e1-4ba3-86d8-b3b6639effb8@group-26C67ECF95D8: start as a follower, conf=-1: [4a9aa4e1-3390-4ebe-823b-9f07154ce862|rpc:10.1.0.42:34883|dataStream:|priority:0, dd118232-85e1-4ba3-86d8-b3b6639effb8|rpc:10.1.0.42:43377|dataStream:|priority:1, 02f913b7-60d4-4225-a813-cf73e54e6f8a|rpc:10.1.0.42:35145|dataStream:|priority:0], old=null
2021-08-15 13:12:07,088 [pool-407-thread-1] INFO  server.RaftServer$Division (RaftServerImpl.java:setRole(285)) - dd118232-85e1-4ba3-86d8-b3b6639effb8@group-26C67ECF95D8: changes role from      null to FOLLOWER at term 0 for startAsFollower
2021-08-15 13:12:07,088 [pool-407-thread-1] INFO  impl.RoleInfo (RoleInfo.java:updateAndGet(130)) - dd118232-85e1-4ba3-86d8-b3b6639effb8: start dd118232-85e1-4ba3-86d8-b3b6639effb8@group-26C67ECF95D8-FollowerState
2021-08-15 13:12:07,089 [pool-407-thread-1] INFO  util.JmxRegister (JmxRegister.java:tryRegister(44)) - Successfully registered JMX Bean with object name Ratis:service=RaftServer,group=group-26C67ECF95D8,id=dd118232-85e1-4ba3-86d8-b3b6639effb8
2021-08-15 13:12:07,111 [Command processor thread] INFO  commandhandler.CreatePipelineCommandHandler (CreatePipelineCommandHandler.java:handle(106)) - Created Pipeline RATIS THREE PipelineID=e3c4f94f-d294-4c08-914d-26c67ecf95d8.
2021-08-15 13:12:07,153 [Command processor thread] INFO  server.RaftServer (RaftServerProxy.java:addNew(95)) - 4a9aa4e1-3390-4ebe-823b-9f07154ce862: addNew group-99BD0D93F3D6:[4a9aa4e1-3390-4ebe-823b-9f07154ce862|rpc:10.1.0.42:34883|priority:1] returns group-99BD0D93F3D6:java.util.concurrent.CompletableFuture@2af3c1d2[Not completed]
2021-08-15 13:12:07,154 [pool-388-thread-1] INFO  server.RaftServer$Division (RaftServerImpl.java:<init>(181)) - 4a9aa4e1-3390-4ebe-823b-9f07154ce862: new RaftServerImpl for group-99BD0D93F3D6:[4a9aa4e1-3390-4ebe-823b-9f07154ce862|rpc:10.1.0.42:34883|priority:1] with ContainerStateMachine:uninitialized
2021-08-15 13:12:07,154 [pool-388-thread-1] INFO  server.RaftServerConfigKeys (ConfUtils.java:logGet(44)) - raft.server.rpc.timeout.min = 5s (custom)
2021-08-15 13:12:07,154 [pool-388-thread-1] INFO  server.RaftServerConfigKeys (ConfUtils.java:logGet(44)) - raft.server.rpc.timeout.max = 5200ms (custom)
2021-08-15 13:12:07,154 [pool-388-thread-1] INFO  server.RaftServerConfigKeys (ConfUtils.java:logGet(44)) - raft.server.rpc.sleep.time = 25ms (default)
2021-08-15 13:12:07,154 [pool-388-thread-1] INFO  server.RaftServerConfigKeys (ConfUtils.java:logGet(44)) - raft.server.rpc.slowness.timeout = 300s (custom)
2021-08-15 13:12:07,154 [pool-388-thread-1] INFO  server.RaftServerConfigKeys (ConfUtils.java:logGet(44)) - raft.server.leaderelection.leader.step-down.wait-time = 10s (default)
2021-08-15 13:12:07,154 [pool-388-thread-1] INFO  server.RaftServerConfigKeys (ConfUtils.java:logGet(44)) - raft.server.sleep.deviation.threshold = 300ms (default)
2021-08-15 13:12:07,154 [pool-388-thread-1] INFO  server.RaftServerConfigKeys (ConfUtils.java:logGet(44)) - raft.server.log.appender.install.snapshot.enabled = false (custom)
2021-08-15 13:12:07,154 [pool-388-thread-1] INFO  server.RaftServer$Division (ServerState.java:<init>(105)) - 4a9aa4e1-3390-4ebe-823b-9f07154ce862@group-99BD0D93F3D6: ConfigurationManager, init=-1: [4a9aa4e1-3390-4ebe-823b-9f07154ce862|rpc:10.1.0.42:34883|priority:1], old=null, confs=<EMPTY_MAP>
2021-08-15 13:12:07,155 [pool-388-thread-1] INFO  server.RaftServerConfigKeys (ConfUtils.java:logGet(44)) - raft.server.storage.dir = [/home/runner/work/ozone/ozone/hadoop-ozone/integration-test/target/test-dir/MiniOzoneClusterImpl-048a4f6d-23a9-42d5-a7f8-f934da4c6a5d/datanode-1/data/ratis] (custom)
2021-08-15 13:12:07,155 [pool-388-thread-1] INFO  server.RaftServerConfigKeys (ConfUtils.java:logGet(44)) - raft.server.log.corruption.policy = EXCEPTION (default)
2021-08-15 13:12:07,155 [pool-388-thread-1] INFO  server.RaftServerConfigKeys (ConfUtils.java:logGet(44)) - raft.server.storage.free-space.min = 0MB (=0) (default)
2021-08-15 13:12:07,155 [pool-388-thread-1] INFO  storage.RaftStorageDirectory (RaftStorageDirectoryImpl.java:analyzeStorage(135)) - The storage directory /home/runner/work/ozone/ozone/hadoop-ozone/integration-test/target/test-dir/MiniOzoneClusterImpl-048a4f6d-23a9-42d5-a7f8-f934da4c6a5d/datanode-1/data/ratis/f1ae9563-8e0d-4e0c-9586-99bd0d93f3d6 does not exist. Creating ...
2021-08-15 13:12:07,157 [pool-388-thread-1] INFO  storage.RaftStorageDirectory (RaftStorageDirectoryImpl.java:tryLock(230)) - Lock on /home/runner/work/ozone/ozone/hadoop-ozone/integration-test/target/test-dir/MiniOzoneClusterImpl-048a4f6d-23a9-42d5-a7f8-f934da4c6a5d/datanode-1/data/ratis/f1ae9563-8e0d-4e0c-9586-99bd0d93f3d6/in_use.lock acquired by nodename 21341@fv-az291-680
2021-08-15 13:12:07,169 [pool-388-thread-1] INFO  storage.RaftStorage (RaftStorageImpl.java:format(89)) - Storage directory /home/runner/work/ozone/ozone/hadoop-ozone/integration-test/target/test-dir/MiniOzoneClusterImpl-048a4f6d-23a9-42d5-a7f8-f934da4c6a5d/datanode-1/data/ratis/f1ae9563-8e0d-4e0c-9586-99bd0d93f3d6 has been successfully formatted.
2021-08-15 13:12:07,170 [Datanode State Machine Thread - 0] WARN  statemachine.StateContext (StateContext.java:execute(621)) - No available thread in pool for past 1 seconds.
2021-08-15 13:12:07,170 [pool-388-thread-1] INFO  ratis.ContainerStateMachine (ContainerStateMachine.java:loadSnapshot(225)) - group-99BD0D93F3D6: The snapshot info is null. Setting the last applied indexto:(t:0, i:~)
2021-08-15 13:12:07,170 [pool-388-thread-1] INFO  server.RaftServerConfigKeys (ConfUtils.java:logGet(44)) - raft.server.notification.no-leader.timeout = 300s (custom)
2021-08-15 13:12:07,170 [pool-388-thread-1] INFO  server.RaftServerConfigKeys (ConfUtils.java:logGet(44)) - raft.server.log.use.memory = false (default)
2021-08-15 13:12:07,171 [pool-388-thread-1] INFO  server.RaftServerConfigKeys (ConfUtils.java:logGet(44)) - raft.server.log.purge.gap = 1000000 (custom)
2021-08-15 13:12:07,171 [pool-388-thread-1] INFO  server.RaftServerConfigKeys (ConfUtils.java:logGet(44)) - raft.server.log.appender.buffer.byte-limit = 33554432 (custom)
2021-08-15 13:12:07,171 [pool-388-thread-1] INFO  server.RaftServerConfigKeys (ConfUtils.java:logGet(44)) - raft.server.log.segment.size.max = 1048576 (custom)
2021-08-15 13:12:07,171 [pool-388-thread-1] INFO  server.RaftServerConfigKeys (ConfUtils.java:logGet(44)) - raft.server.log.segment.cache.num.max = 2 (custom)
2021-08-15 13:12:07,171 [pool-388-thread-1] INFO  server.RaftServerConfigKeys (ConfUtils.java:logGet(44)) - raft.server.log.segment.cache.size.max = 200MB (=209715200) (default)
2021-08-15 13:12:07,171 [pool-388-thread-1] INFO  segmented.SegmentedRaftLogWorker (SegmentedRaftLogWorker.java:<init>(182)) - new 4a9aa4e1-3390-4ebe-823b-9f07154ce862@group-99BD0D93F3D6-SegmentedRaftLogWorker for RaftStorageImpl:Storage Directory /home/runner/work/ozone/ozone/hadoop-ozone/integration-test/target/test-dir/MiniOzoneClusterImpl-048a4f6d-23a9-42d5-a7f8-f934da4c6a5d/datanode-1/data/ratis/f1ae9563-8e0d-4e0c-9586-99bd0d93f3d6
2021-08-15 13:12:07,171 [pool-388-thread-1] INFO  server.RaftServerConfigKeys (ConfUtils.java:logGet(44)) - raft.server.log.queue.byte-limit = 2147483647 (custom)
2021-08-15 13:12:07,172 [pool-388-thread-1] INFO  server.RaftServerConfigKeys (ConfUtils.java:logGet(44)) - raft.server.log.queue.element-limit = 1024 (custom)
2021-08-15 13:12:07,172 [pool-388-thread-1] INFO  server.RaftServerConfigKeys (ConfUtils.java:logGet(44)) - raft.server.log.segment.size.max = 1048576 (custom)
2021-08-15 13:12:07,172 [pool-388-thread-1] INFO  server.RaftServerConfigKeys (ConfUtils.java:logGet(44)) - raft.server.log.preallocated.size = 16384 (custom)
2021-08-15 13:12:07,172 [pool-388-thread-1] INFO  server.RaftServerConfigKeys (ConfUtils.java:logGet(44)) - raft.server.log.force.sync.num = 128 (default)
2021-08-15 13:12:07,172 [pool-388-thread-1] INFO  server.RaftServerConfigKeys (ConfUtils.java:logGet(44)) - raft.server.log.statemachine.data.sync = true (default)
2021-08-15 13:12:07,172 [pool-388-thread-1] INFO  server.RaftServerConfigKeys (ConfUtils.java:logGet(44)) - raft.server.log.statemachine.data.sync.timeout = 10s (default)
2021-08-15 13:12:07,172 [pool-388-thread-1] INFO  server.RaftServerConfigKeys (ConfUtils.java:logGet(44)) - raft.server.log.statemachine.data.sync.timeout.retry = -1 (default)
2021-08-15 13:12:07,173 [EventQueue-PipelineReportForPipelineReportHandler] INFO  pipeline.PipelineManagerImpl (PipelineManagerImpl.java:openPipeline(283)) - Pipeline Pipeline[ Id: f1ae9563-8e0d-4e0c-9586-99bd0d93f3d6, Nodes: 4a9aa4e1-3390-4ebe-823b-9f07154ce862{ip: 10.1.0.42, host: fv-az291-680.wgnan5asplgejimfprtllbpdch.jx.internal.cloudapp.net, ports: [REPLICATION=38509, RATIS=34883, RATIS_ADMIN=34883, RATIS_SERVER=34883, STANDALONE=43903], networkLocation: /default-rack, certSerialId: null, persistedOpState: IN_SERVICE, persistedOpStateExpiryEpochSec: 0}, ReplicationConfig: RATIS/ONE, State:ALLOCATED, leaderId:4a9aa4e1-3390-4ebe-823b-9f07154ce862, CreationTimestamp2021-08-15T13:12:04.168Z[Etc/UTC]] moved to OPEN state
2021-08-15 13:12:07,173 [EventQueue-OpenPipelineForHealthyPipelineSafeModeRule] INFO  safemode.SCMSafeModeManager (HealthyPipelineSafeModeRule.java:process(124)) - SCM in safe mode. Healthy pipelines reported count is 0, required healthy pipeline reported count is 1
2021-08-15 13:12:07,174 [pool-388-thread-1] INFO  server.RaftServerConfigKeys (ConfUtils.java:logGet(44)) - raft.server.log.write.buffer.size = 1048576 (custom)
2021-08-15 13:12:07,175 [pool-388-thread-1] INFO  server.RaftServerConfigKeys (ConfUtils.java:logGet(44)) - raft.server.log.statemachine.data.caching.enabled = true (custom)
2021-08-15 13:12:07,177 [pool-388-thread-1] INFO  segmented.SegmentedRaftLogWorker (SegmentedRaftLogWorker.java:lambda$new$0(133)) - 4a9aa4e1-3390-4ebe-823b-9f07154ce862@group-99BD0D93F3D6-SegmentedRaftLogWorker: flushIndex: setUnconditionally 0 -> -1
2021-08-15 13:12:07,177 [pool-388-thread-1] INFO  segmented.SegmentedRaftLogWorker (SegmentedRaftLogWorker.java:lambda$new$0(133)) - 4a9aa4e1-3390-4ebe-823b-9f07154ce862@group-99BD0D93F3D6-SegmentedRaftLogWorker: safeCacheEvictIndex: setUnconditionally 0 -> -1
2021-08-15 13:12:07,182 [pool-388-thread-1] INFO  server.RaftServerConfigKeys (ConfUtils.java:logGet(44)) - raft.server.snapshot.auto.trigger.enabled = true (custom)
2021-08-15 13:12:07,182 [pool-388-thread-1] INFO  server.RaftServerConfigKeys (ConfUtils.java:logGet(44)) - raft.server.snapshot.auto.trigger.threshold = 10000 (custom)
2021-08-15 13:12:07,182 [pool-388-thread-1] INFO  server.RaftServerConfigKeys (ConfUtils.java:logGet(44)) - raft.server.snapshot.retention.file.num = 5 (custom)
2021-08-15 13:12:07,182 [pool-388-thread-1] INFO  server.RaftServerConfigKeys (ConfUtils.java:logGet(44)) - raft.server.log.purge.upto.snapshot.index = false (default)
2021-08-15 13:12:07,182 [pool-388-thread-1] INFO  server.RaftServerConfigKeys (ConfUtils.java:logGet(44)) - raft.server.retrycache.expirytime = 600000ms (custom)
2021-08-15 13:12:07,182 [pool-388-thread-1] INFO  server.RaftServerConfigKeys (ConfUtils.java:logGet(44)) - raft.server.retrycache.statistics.expirytime = 100μs (default)
2021-08-15 13:12:07,183 [pool-388-thread-1] INFO  server.RaftServer$Division (RaftServerImpl.java:start(296)) - 4a9aa4e1-3390-4ebe-823b-9f07154ce862@group-99BD0D93F3D6: start as a follower, conf=-1: [4a9aa4e1-3390-4ebe-823b-9f07154ce862|rpc:10.1.0.42:34883|priority:1], old=null
2021-08-15 13:12:07,183 [pool-388-thread-1] INFO  server.RaftServer$Division (RaftServerImpl.java:setRole(285)) - 4a9aa4e1-3390-4ebe-823b-9f07154ce862@group-99BD0D93F3D6: changes role from      null to FOLLOWER at term 0 for startAsFollower
2021-08-15 13:12:07,183 [pool-388-thread-1] INFO  impl.RoleInfo (RoleInfo.java:updateAndGet(130)) - 4a9aa4e1-3390-4ebe-823b-9f07154ce862: start 4a9aa4e1-3390-4ebe-823b-9f07154ce862@group-99BD0D93F3D6-FollowerState
2021-08-15 13:12:07,185 [pool-388-thread-1] INFO  util.JmxRegister (JmxRegister.java:tryRegister(44)) - Successfully registered JMX Bean with object name Ratis:service=RaftServer,group=group-99BD0D93F3D6,id=4a9aa4e1-3390-4ebe-823b-9f07154ce862
2021-08-15 13:12:07,186 [Command processor thread] INFO  ratis.XceiverServerRatis (XceiverServerRatis.java:addGroup(763)) - Created group PipelineID=f1ae9563-8e0d-4e0c-9586-99bd0d93f3d6
2021-08-15 13:12:07,186 [Command processor thread] INFO  commandhandler.CreatePipelineCommandHandler (CreatePipelineCommandHandler.java:handle(106)) - Created Pipeline RATIS ONE PipelineID=f1ae9563-8e0d-4e0c-9586-99bd0d93f3d6.
2021-08-15 13:12:07,636 [Listener at 127.0.0.1/41877] INFO  ozone.MiniOzoneClusterImpl (MiniOzoneClusterImpl.java:lambda$waitForClusterToBeReady$0(235)) - Nodes are ready. Got 3 of 3 DN Heartbeats.
2021-08-15 13:12:07,636 [Listener at 127.0.0.1/41877] INFO  ozone.MiniOzoneClusterImpl (MiniOzoneClusterImpl.java:lambda$waitForClusterToBeReady$0(238)) - Waiting for cluster to exit safe mode
2021-08-15 13:12:07,636 [Listener at 127.0.0.1/41877] INFO  ozone.MiniOzoneClusterImpl (MiniOzoneClusterImpl.java:lambda$waitForClusterToBeReady$0(240)) - SCM became leader
2021-08-15 13:12:07,649 [Command processor thread] INFO  server.RaftServer (RaftServerProxy.java:addNew(95)) - dd118232-85e1-4ba3-86d8-b3b6639effb8: addNew group-A50875D3B715:[dd118232-85e1-4ba3-86d8-b3b6639effb8|rpc:10.1.0.42:43377|priority:1] returns group-A50875D3B715:java.util.concurrent.CompletableFuture@7993a65b[Not completed]
2021-08-15 13:12:07,650 [pool-407-thread-1] INFO  server.RaftServer$Division (RaftServerImpl.java:<init>(181)) - dd118232-85e1-4ba3-86d8-b3b6639effb8: new RaftServerImpl for group-A50875D3B715:[dd118232-85e1-4ba3-86d8-b3b6639effb8|rpc:10.1.0.42:43377|priority:1] with ContainerStateMachine:uninitialized
2021-08-15 13:12:07,650 [pool-407-thread-1] INFO  server.RaftServerConfigKeys (ConfUtils.java:logGet(44)) - raft.server.rpc.timeout.min = 5s (custom)
2021-08-15 13:12:07,650 [pool-407-thread-1] INFO  server.RaftServerConfigKeys (ConfUtils.java:logGet(44)) - raft.server.rpc.timeout.max = 5200ms (custom)
2021-08-15 13:12:07,650 [pool-407-thread-1] INFO  server.RaftServerConfigKeys (ConfUtils.java:logGet(44)) - raft.server.rpc.sleep.time = 25ms (default)
2021-08-15 13:12:07,650 [pool-407-thread-1] INFO  server.RaftServerConfigKeys (ConfUtils.java:logGet(44)) - raft.server.rpc.slowness.timeout = 300s (custom)
2021-08-15 13:12:07,650 [pool-407-thread-1] INFO  server.RaftServerConfigKeys (ConfUtils.java:logGet(44)) - raft.server.leaderelection.leader.step-down.wait-time = 10s (default)
2021-08-15 13:12:07,650 [pool-407-thread-1] INFO  server.RaftServerConfigKeys (ConfUtils.java:logGet(44)) - raft.server.sleep.deviation.threshold = 300ms (default)
2021-08-15 13:12:07,650 [pool-407-thread-1] INFO  server.RaftServerConfigKeys (ConfUtils.java:logGet(44)) - raft.server.log.appender.install.snapshot.enabled = false (custom)
2021-08-15 13:12:07,650 [pool-407-thread-1] INFO  server.RaftServer$Division (ServerState.java:<init>(105)) - dd118232-85e1-4ba3-86d8-b3b6639effb8@group-A50875D3B715: ConfigurationManager, init=-1: [dd118232-85e1-4ba3-86d8-b3b6639effb8|rpc:10.1.0.42:43377|priority:1], old=null, confs=<EMPTY_MAP>
2021-08-15 13:12:07,650 [pool-407-thread-1] INFO  server.RaftServerConfigKeys (ConfUtils.java:logGet(44)) - raft.server.storage.dir = [/home/runner/work/ozone/ozone/hadoop-ozone/integration-test/target/test-dir/MiniOzoneClusterImpl-048a4f6d-23a9-42d5-a7f8-f934da4c6a5d/datanode-2/data/ratis] (custom)
2021-08-15 13:12:07,650 [pool-407-thread-1] INFO  server.RaftServerConfigKeys (ConfUtils.java:logGet(44)) - raft.server.log.corruption.policy = EXCEPTION (default)
2021-08-15 13:12:07,651 [pool-407-thread-1] INFO  server.RaftServerConfigKeys (ConfUtils.java:logGet(44)) - raft.server.storage.free-space.min = 0MB (=0) (default)
2021-08-15 13:12:07,651 [pool-407-thread-1] INFO  storage.RaftStorageDirectory (RaftStorageDirectoryImpl.java:analyzeStorage(135)) - The storage directory /home/runner/work/ozone/ozone/hadoop-ozone/integration-test/target/test-dir/MiniOzoneClusterImpl-048a4f6d-23a9-42d5-a7f8-f934da4c6a5d/datanode-2/data/ratis/c5e92e9f-fd3f-4663-b5bc-a50875d3b715 does not exist. Creating ...
2021-08-15 13:12:07,653 [pool-407-thread-1] INFO  storage.RaftStorageDirectory (RaftStorageDirectoryImpl.java:tryLock(230)) - Lock on /home/runner/work/ozone/ozone/hadoop-ozone/integration-test/target/test-dir/MiniOzoneClusterImpl-048a4f6d-23a9-42d5-a7f8-f934da4c6a5d/datanode-2/data/ratis/c5e92e9f-fd3f-4663-b5bc-a50875d3b715/in_use.lock acquired by nodename 21341@fv-az291-680
2021-08-15 13:12:07,656 [pool-407-thread-1] INFO  storage.RaftStorage (RaftStorageImpl.java:format(89)) - Storage directory /home/runner/work/ozone/ozone/hadoop-ozone/integration-test/target/test-dir/MiniOzoneClusterImpl-048a4f6d-23a9-42d5-a7f8-f934da4c6a5d/datanode-2/data/ratis/c5e92e9f-fd3f-4663-b5bc-a50875d3b715 has been successfully formatted.
2021-08-15 13:12:07,657 [pool-407-thread-1] INFO  ratis.ContainerStateMachine (ContainerStateMachine.java:loadSnapshot(225)) - group-A50875D3B715: The snapshot info is null. Setting the last applied indexto:(t:0, i:~)
2021-08-15 13:12:07,657 [pool-407-thread-1] INFO  server.RaftServerConfigKeys (ConfUtils.java:logGet(44)) - raft.server.notification.no-leader.timeout = 300s (custom)
2021-08-15 13:12:07,657 [pool-407-thread-1] INFO  server.RaftServerConfigKeys (ConfUtils.java:logGet(44)) - raft.server.log.use.memory = false (default)
2021-08-15 13:12:07,657 [pool-407-thread-1] INFO  server.RaftServerConfigKeys (ConfUtils.java:logGet(44)) - raft.server.log.purge.gap = 1000000 (custom)
2021-08-15 13:12:07,657 [pool-407-thread-1] INFO  server.RaftServerConfigKeys (ConfUtils.java:logGet(44)) - raft.server.log.appender.buffer.byte-limit = 33554432 (custom)
2021-08-15 13:12:07,657 [pool-407-thread-1] INFO  server.RaftServerConfigKeys (ConfUtils.java:logGet(44)) - raft.server.log.segment.size.max = 1048576 (custom)
2021-08-15 13:12:07,657 [pool-407-thread-1] INFO  server.RaftServerConfigKeys (ConfUtils.java:logGet(44)) - raft.server.log.segment.cache.num.max = 2 (custom)
2021-08-15 13:12:07,658 [pool-407-thread-1] INFO  server.RaftServerConfigKeys (ConfUtils.java:logGet(44)) - raft.server.log.segment.cache.size.max = 200MB (=209715200) (default)
2021-08-15 13:12:07,658 [pool-407-thread-1] INFO  segmented.SegmentedRaftLogWorker (SegmentedRaftLogWorker.java:<init>(182)) - new dd118232-85e1-4ba3-86d8-b3b6639effb8@group-A50875D3B715-SegmentedRaftLogWorker for RaftStorageImpl:Storage Directory /home/runner/work/ozone/ozone/hadoop-ozone/integration-test/target/test-dir/MiniOzoneClusterImpl-048a4f6d-23a9-42d5-a7f8-f934da4c6a5d/datanode-2/data/ratis/c5e92e9f-fd3f-4663-b5bc-a50875d3b715
2021-08-15 13:12:07,658 [pool-407-thread-1] INFO  server.RaftServerConfigKeys (ConfUtils.java:logGet(44)) - raft.server.log.queue.byte-limit = 2147483647 (custom)
2021-08-15 13:12:07,658 [EventQueue-PipelineReportForPipelineReportHandler] INFO  pipeline.PipelineManagerImpl (PipelineManagerImpl.java:openPipeline(283)) - Pipeline Pipeline[ Id: c5e92e9f-fd3f-4663-b5bc-a50875d3b715, Nodes: dd118232-85e1-4ba3-86d8-b3b6639effb8{ip: 10.1.0.42, host: fv-az291-680.wgnan5asplgejimfprtllbpdch.jx.internal.cloudapp.net, ports: [REPLICATION=33721, RATIS=43377, RATIS_ADMIN=43377, RATIS_SERVER=43377, STANDALONE=35173], networkLocation: /default-rack, certSerialId: null, persistedOpState: IN_SERVICE, persistedOpStateExpiryEpochSec: 0}, ReplicationConfig: RATIS/ONE, State:ALLOCATED, leaderId:dd118232-85e1-4ba3-86d8-b3b6639effb8, CreationTimestamp2021-08-15T13:12:04.653Z[Etc/UTC]] moved to OPEN state
2021-08-15 13:12:07,659 [EventQueue-OpenPipelineForHealthyPipelineSafeModeRule] INFO  safemode.SCMSafeModeManager (HealthyPipelineSafeModeRule.java:process(124)) - SCM in safe mode. Healthy pipelines reported count is 0, required healthy pipeline reported count is 1
2021-08-15 13:12:07,657 [Datanode State Machine Thread - 0] WARN  statemachine.StateContext (StateContext.java:execute(621)) - No available thread in pool for past 1 seconds.
2021-08-15 13:12:07,664 [pool-407-thread-1] INFO  server.RaftServerConfigKeys (ConfUtils.java:logGet(44)) - raft.server.log.queue.element-limit = 1024 (custom)
2021-08-15 13:12:07,664 [pool-407-thread-1] INFO  server.RaftServerConfigKeys (ConfUtils.java:logGet(44)) - raft.server.log.segment.size.max = 1048576 (custom)
2021-08-15 13:12:07,664 [pool-407-thread-1] INFO  server.RaftServerConfigKeys (ConfUtils.java:logGet(44)) - raft.server.log.preallocated.size = 16384 (custom)
2021-08-15 13:12:07,664 [pool-407-thread-1] INFO  server.RaftServerConfigKeys (ConfUtils.java:logGet(44)) - raft.server.log.force.sync.num = 128 (default)
2021-08-15 13:12:07,664 [pool-407-thread-1] INFO  server.RaftServerConfigKeys (ConfUtils.java:logGet(44)) - raft.server.log.statemachine.data.sync = true (default)
2021-08-15 13:12:07,665 [pool-407-thread-1] INFO  server.RaftServerConfigKeys (ConfUtils.java:logGet(44)) - raft.server.log.statemachine.data.sync.timeout = 10s (default)
2021-08-15 13:12:07,665 [pool-407-thread-1] INFO  server.RaftServerConfigKeys (ConfUtils.java:logGet(44)) - raft.server.log.statemachine.data.sync.timeout.retry = -1 (default)
2021-08-15 13:12:07,665 [pool-407-thread-1] INFO  server.RaftServerConfigKeys (ConfUtils.java:logGet(44)) - raft.server.log.write.buffer.size = 1048576 (custom)
2021-08-15 13:12:07,666 [pool-407-thread-1] INFO  server.RaftServerConfigKeys (ConfUtils.java:logGet(44)) - raft.server.log.statemachine.data.caching.enabled = true (custom)
2021-08-15 13:12:07,667 [pool-407-thread-1] INFO  segmented.SegmentedRaftLogWorker (SegmentedRaftLogWorker.java:lambda$new$0(133)) - dd118232-85e1-4ba3-86d8-b3b6639effb8@group-A50875D3B715-SegmentedRaftLogWorker: flushIndex: setUnconditionally 0 -> -1
2021-08-15 13:12:07,667 [pool-407-thread-1] INFO  segmented.SegmentedRaftLogWorker (SegmentedRaftLogWorker.java:lambda$new$0(133)) - dd118232-85e1-4ba3-86d8-b3b6639effb8@group-A50875D3B715-SegmentedRaftLogWorker: safeCacheEvictIndex: setUnconditionally 0 -> -1
2021-08-15 13:12:07,668 [pool-407-thread-1] INFO  server.RaftServerConfigKeys (ConfUtils.java:logGet(44)) - raft.server.snapshot.auto.trigger.enabled = true (custom)
2021-08-15 13:12:07,668 [pool-407-thread-1] INFO  server.RaftServerConfigKeys (ConfUtils.java:logGet(44)) - raft.server.snapshot.auto.trigger.threshold = 10000 (custom)
2021-08-15 13:12:07,668 [pool-407-thread-1] INFO  server.RaftServerConfigKeys (ConfUtils.java:logGet(44)) - raft.server.snapshot.retention.file.num = 5 (custom)
2021-08-15 13:12:07,668 [pool-407-thread-1] INFO  server.RaftServerConfigKeys (ConfUtils.java:logGet(44)) - raft.server.log.purge.upto.snapshot.index = false (default)
2021-08-15 13:12:07,668 [pool-407-thread-1] INFO  server.RaftServerConfigKeys (ConfUtils.java:logGet(44)) - raft.server.retrycache.expirytime = 600000ms (custom)
2021-08-15 13:12:07,668 [pool-407-thread-1] INFO  server.RaftServerConfigKeys (ConfUtils.java:logGet(44)) - raft.server.retrycache.statistics.expirytime = 100μs (default)
2021-08-15 13:12:07,669 [pool-407-thread-1] INFO  server.RaftServer$Division (RaftServerImpl.java:start(296)) - dd118232-85e1-4ba3-86d8-b3b6639effb8@group-A50875D3B715: start as a follower, conf=-1: [dd118232-85e1-4ba3-86d8-b3b6639effb8|rpc:10.1.0.42:43377|priority:1], old=null
2021-08-15 13:12:07,669 [pool-407-thread-1] INFO  server.RaftServer$Division (RaftServerImpl.java:setRole(285)) - dd118232-85e1-4ba3-86d8-b3b6639effb8@group-A50875D3B715: changes role from      null to FOLLOWER at term 0 for startAsFollower
2021-08-15 13:12:07,670 [pool-407-thread-1] INFO  impl.RoleInfo (RoleInfo.java:updateAndGet(130)) - dd118232-85e1-4ba3-86d8-b3b6639effb8: start dd118232-85e1-4ba3-86d8-b3b6639effb8@group-A50875D3B715-FollowerState
2021-08-15 13:12:07,676 [pool-407-thread-1] INFO  util.JmxRegister (JmxRegister.java:tryRegister(44)) - Successfully registered JMX Bean with object name Ratis:service=RaftServer,group=group-A50875D3B715,id=dd118232-85e1-4ba3-86d8-b3b6639effb8
2021-08-15 13:12:07,682 [Command processor thread] INFO  ratis.XceiverServerRatis (XceiverServerRatis.java:addGroup(763)) - Created group PipelineID=c5e92e9f-fd3f-4663-b5bc-a50875d3b715
2021-08-15 13:12:07,682 [Command processor thread] INFO  commandhandler.CreatePipelineCommandHandler (CreatePipelineCommandHandler.java:handle(106)) - Created Pipeline RATIS ONE PipelineID=c5e92e9f-fd3f-4663-b5bc-a50875d3b715.
2021-08-15 13:12:08,637 [Listener at 127.0.0.1/41877] INFO  ozone.MiniOzoneClusterImpl (MiniOzoneClusterImpl.java:lambda$waitForClusterToBeReady$0(235)) - Nodes are ready. Got 3 of 3 DN Heartbeats.
2021-08-15 13:12:08,637 [Listener at 127.0.0.1/41877] INFO  ozone.MiniOzoneClusterImpl (MiniOzoneClusterImpl.java:lambda$waitForClusterToBeReady$0(238)) - Waiting for cluster to exit safe mode
2021-08-15 13:12:08,637 [Listener at 127.0.0.1/41877] INFO  ozone.MiniOzoneClusterImpl (MiniOzoneClusterImpl.java:lambda$waitForClusterToBeReady$0(240)) - SCM became leader
2021-08-15 13:12:09,637 [Listener at 127.0.0.1/41877] INFO  ozone.MiniOzoneClusterImpl (MiniOzoneClusterImpl.java:lambda$waitForClusterToBeReady$0(235)) - Nodes are ready. Got 3 of 3 DN Heartbeats.
2021-08-15 13:12:09,637 [Listener at 127.0.0.1/41877] INFO  ozone.MiniOzoneClusterImpl (MiniOzoneClusterImpl.java:lambda$waitForClusterToBeReady$0(238)) - Waiting for cluster to exit safe mode
2021-08-15 13:12:09,637 [Listener at 127.0.0.1/41877] INFO  ozone.MiniOzoneClusterImpl (MiniOzoneClusterImpl.java:lambda$waitForClusterToBeReady$0(240)) - SCM became leader
2021-08-15 13:12:10,638 [Listener at 127.0.0.1/41877] INFO  ozone.MiniOzoneClusterImpl (MiniOzoneClusterImpl.java:lambda$waitForClusterToBeReady$0(235)) - Nodes are ready. Got 3 of 3 DN Heartbeats.
2021-08-15 13:12:10,638 [Listener at 127.0.0.1/41877] INFO  ozone.MiniOzoneClusterImpl (MiniOzoneClusterImpl.java:lambda$waitForClusterToBeReady$0(238)) - Waiting for cluster to exit safe mode
2021-08-15 13:12:10,638 [Listener at 127.0.0.1/41877] INFO  ozone.MiniOzoneClusterImpl (MiniOzoneClusterImpl.java:lambda$waitForClusterToBeReady$0(240)) - SCM became leader
2021-08-15 13:12:11,638 [Listener at 127.0.0.1/41877] INFO  ozone.MiniOzoneClusterImpl (MiniOzoneClusterImpl.java:lambda$waitForClusterToBeReady$0(235)) - Nodes are ready. Got 3 of 3 DN Heartbeats.
2021-08-15 13:12:11,638 [Listener at 127.0.0.1/41877] INFO  ozone.MiniOzoneClusterImpl (MiniOzoneClusterImpl.java:lambda$waitForClusterToBeReady$0(238)) - Waiting for cluster to exit safe mode
2021-08-15 13:12:11,638 [Listener at 127.0.0.1/41877] INFO  ozone.MiniOzoneClusterImpl (MiniOzoneClusterImpl.java:lambda$waitForClusterToBeReady$0(240)) - SCM became leader
2021-08-15 13:12:11,683 [02f913b7-60d4-4225-a813-cf73e54e6f8a@group-22B929EA956E-FollowerState] INFO  impl.FollowerState (FollowerState.java:run(134)) - 02f913b7-60d4-4225-a813-cf73e54e6f8a@group-22B929EA956E-FollowerState: change to CANDIDATE, lastRpcElapsedTime:5057119970ns, electionTimeout:5055ms
2021-08-15 13:12:11,683 [02f913b7-60d4-4225-a813-cf73e54e6f8a@group-22B929EA956E-FollowerState] INFO  impl.RoleInfo (RoleInfo.java:shutdownFollowerState(108)) - 02f913b7-60d4-4225-a813-cf73e54e6f8a: shutdown 02f913b7-60d4-4225-a813-cf73e54e6f8a@group-22B929EA956E-FollowerState
2021-08-15 13:12:11,683 [02f913b7-60d4-4225-a813-cf73e54e6f8a@group-22B929EA956E-FollowerState] INFO  server.RaftServer$Division (RaftServerImpl.java:setRole(285)) - 02f913b7-60d4-4225-a813-cf73e54e6f8a@group-22B929EA956E: changes role from  FOLLOWER to CANDIDATE at term 0 for changeToCandidate
2021-08-15 13:12:11,684 [02f913b7-60d4-4225-a813-cf73e54e6f8a@group-22B929EA956E-FollowerState] INFO  server.RaftServerConfigKeys (ConfUtils.java:logGet(44)) - raft.server.leaderelection.pre-vote = false (custom)
2021-08-15 13:12:11,685 [02f913b7-60d4-4225-a813-cf73e54e6f8a@group-22B929EA956E-FollowerState] INFO  impl.RoleInfo (RoleInfo.java:updateAndGet(130)) - 02f913b7-60d4-4225-a813-cf73e54e6f8a: start 02f913b7-60d4-4225-a813-cf73e54e6f8a@group-22B929EA956E-LeaderElection34
2021-08-15 13:12:11,700 [02f913b7-60d4-4225-a813-cf73e54e6f8a@group-22B929EA956E-LeaderElection34] INFO  impl.LeaderElection (LeaderElection.java:askForVotes(306)) - 02f913b7-60d4-4225-a813-cf73e54e6f8a@group-22B929EA956E-LeaderElection34 ELECTION round 0: submit vote requests at term 1 for -1: [02f913b7-60d4-4225-a813-cf73e54e6f8a|rpc:10.1.0.42:35145|priority:1], old=null
2021-08-15 13:12:11,700 [02f913b7-60d4-4225-a813-cf73e54e6f8a@group-22B929EA956E-LeaderElection34] INFO  impl.LeaderElection (LeaderElection.java:askForVotes(308)) - 02f913b7-60d4-4225-a813-cf73e54e6f8a@group-22B929EA956E-LeaderElection34 ELECTION round 0: result PASSED (term=1)
2021-08-15 13:12:11,700 [02f913b7-60d4-4225-a813-cf73e54e6f8a@group-22B929EA956E-LeaderElection34] INFO  impl.RoleInfo (RoleInfo.java:shutdownLeaderElection(121)) - 02f913b7-60d4-4225-a813-cf73e54e6f8a: shutdown 02f913b7-60d4-4225-a813-cf73e54e6f8a@group-22B929EA956E-LeaderElection34
2021-08-15 13:12:11,700 [02f913b7-60d4-4225-a813-cf73e54e6f8a@group-22B929EA956E-LeaderElection34] INFO  server.RaftServer$Division (RaftServerImpl.java:setRole(285)) - 02f913b7-60d4-4225-a813-cf73e54e6f8a@group-22B929EA956E: changes role from CANDIDATE to LEADER at term 1 for changeToLeader
2021-08-15 13:12:11,700 [02f913b7-60d4-4225-a813-cf73e54e6f8a@group-22B929EA956E-LeaderElection34] INFO  ratis.XceiverServerRatis (XceiverServerRatis.java:handleLeaderChangedNotification(861)) - Leader change notification received for group: group-22B929EA956E with new leaderId: 02f913b7-60d4-4225-a813-cf73e54e6f8a
2021-08-15 13:12:11,700 [02f913b7-60d4-4225-a813-cf73e54e6f8a@group-22B929EA956E-LeaderElection34] INFO  server.RaftServer$Division (ServerState.java:setLeader(285)) - 02f913b7-60d4-4225-a813-cf73e54e6f8a@group-22B929EA956E: change Leader from null to 02f913b7-60d4-4225-a813-cf73e54e6f8a at term 1 for becomeLeader, leader elected after 5125ms
2021-08-15 13:12:11,700 [02f913b7-60d4-4225-a813-cf73e54e6f8a@group-22B929EA956E-LeaderElection34] INFO  server.RaftServerConfigKeys (ConfUtils.java:logGet(44)) - raft.server.staging.catchup.gap = 1000 (default)
2021-08-15 13:12:11,700 [Datanode State Machine Thread - 0] WARN  statemachine.StateContext (StateContext.java:execute(621)) - No available thread in pool for past 1 seconds.
2021-08-15 13:12:11,701 [02f913b7-60d4-4225-a813-cf73e54e6f8a@group-22B929EA956E-LeaderElection34] INFO  server.RaftServerConfigKeys (ConfUtils.java:logGet(44)) - raft.server.write.element-limit = 1024 (custom)
2021-08-15 13:12:11,701 [02f913b7-60d4-4225-a813-cf73e54e6f8a@group-22B929EA956E-LeaderElection34] INFO  server.RaftServerConfigKeys (ConfUtils.java:logGet(44)) - raft.server.write.byte-limit = 1024 M (=1073741824) (custom)
2021-08-15 13:12:11,702 [EventQueue-OpenPipelineForHealthyPipelineSafeModeRule] INFO  safemode.SCMSafeModeManager (HealthyPipelineSafeModeRule.java:process(124)) - SCM in safe mode. Healthy pipelines reported count is 0, required healthy pipeline reported count is 1
2021-08-15 13:12:11,710 [02f913b7-60d4-4225-a813-cf73e54e6f8a@group-22B929EA956E-LeaderElection34] INFO  server.RaftServerConfigKeys (ConfUtils.java:logGet(44)) - raft.server.watch.timeout = 180s (custom)
2021-08-15 13:12:11,710 [02f913b7-60d4-4225-a813-cf73e54e6f8a@group-22B929EA956E-LeaderElection34] INFO  server.RaftServerConfigKeys (ConfUtils.java:logGet(44)) - raft.server.watch.timeout.denomination = 1s (default)
2021-08-15 13:12:11,710 [02f913b7-60d4-4225-a813-cf73e54e6f8a@group-22B929EA956E-LeaderElection34] INFO  server.RaftServerConfigKeys (ConfUtils.java:logGet(44)) - raft.server.watch.element-limit = 65536 (default)
2021-08-15 13:12:11,710 [02f913b7-60d4-4225-a813-cf73e54e6f8a@group-22B929EA956E-LeaderElection34] INFO  impl.RoleInfo (RoleInfo.java:updateAndGet(130)) - 02f913b7-60d4-4225-a813-cf73e54e6f8a: start 02f913b7-60d4-4225-a813-cf73e54e6f8a@group-22B929EA956E-LeaderStateImpl
2021-08-15 13:12:11,711 [02f913b7-60d4-4225-a813-cf73e54e6f8a@group-22B929EA956E-LeaderElection34] INFO  segmented.SegmentedRaftLogWorker (SegmentedRaftLogWorker.java:startLogSegment(394)) - 02f913b7-60d4-4225-a813-cf73e54e6f8a@group-22B929EA956E-SegmentedRaftLogWorker: Starting segment from index:0
2021-08-15 13:12:11,715 [02f913b7-60d4-4225-a813-cf73e54e6f8a@group-1D84D338AFDC-FollowerState] INFO  impl.FollowerState (FollowerState.java:run(134)) - 02f913b7-60d4-4225-a813-cf73e54e6f8a@group-1D84D338AFDC-FollowerState: change to CANDIDATE, lastRpcElapsedTime:5064247496ns, electionTimeout:5050ms
2021-08-15 13:12:11,715 [02f913b7-60d4-4225-a813-cf73e54e6f8a@group-1D84D338AFDC-FollowerState] INFO  impl.RoleInfo (RoleInfo.java:shutdownFollowerState(108)) - 02f913b7-60d4-4225-a813-cf73e54e6f8a: shutdown 02f913b7-60d4-4225-a813-cf73e54e6f8a@group-1D84D338AFDC-FollowerState
2021-08-15 13:12:11,715 [02f913b7-60d4-4225-a813-cf73e54e6f8a@group-1D84D338AFDC-FollowerState] INFO  server.RaftServer$Division (RaftServerImpl.java:setRole(285)) - 02f913b7-60d4-4225-a813-cf73e54e6f8a@group-1D84D338AFDC: changes role from  FOLLOWER to CANDIDATE at term 0 for changeToCandidate
2021-08-15 13:12:11,715 [02f913b7-60d4-4225-a813-cf73e54e6f8a@group-1D84D338AFDC-FollowerState] INFO  server.RaftServerConfigKeys (ConfUtils.java:logGet(44)) - raft.server.leaderelection.pre-vote = false (custom)
2021-08-15 13:12:11,715 [02f913b7-60d4-4225-a813-cf73e54e6f8a@group-1D84D338AFDC-FollowerState] INFO  impl.RoleInfo (RoleInfo.java:updateAndGet(130)) - 02f913b7-60d4-4225-a813-cf73e54e6f8a: start 02f913b7-60d4-4225-a813-cf73e54e6f8a@group-1D84D338AFDC-LeaderElection35
2021-08-15 13:12:11,736 [02f913b7-60d4-4225-a813-cf73e54e6f8a@group-22B929EA956E-LeaderElection34] INFO  server.RaftServer$Division (ServerState.java:setRaftConf(387)) - 02f913b7-60d4-4225-a813-cf73e54e6f8a@group-22B929EA956E: set configuration 0: [02f913b7-60d4-4225-a813-cf73e54e6f8a|rpc:10.1.0.42:35145|dataStream:|priority:1], old=null
2021-08-15 13:12:11,743 [02f913b7-60d4-4225-a813-cf73e54e6f8a@group-22B929EA956E-SegmentedRaftLogWorker] INFO  segmented.SegmentedRaftLogWorker (SegmentedRaftLogWorker.java:execute(601)) - 02f913b7-60d4-4225-a813-cf73e54e6f8a@group-22B929EA956E-SegmentedRaftLogWorker: created new log segment /home/runner/work/ozone/ozone/hadoop-ozone/integration-test/target/test-dir/MiniOzoneClusterImpl-048a4f6d-23a9-42d5-a7f8-f934da4c6a5d/datanode-0/data/ratis/a12f33a8-fcf9-4968-84b1-22b929ea956e/current/log_inprogress_0
2021-08-15 13:12:11,767 [02f913b7-60d4-4225-a813-cf73e54e6f8a@group-1D84D338AFDC-LeaderElection35] INFO  impl.LeaderElection (LeaderElection.java:askForVotes(306)) - 02f913b7-60d4-4225-a813-cf73e54e6f8a@group-1D84D338AFDC-LeaderElection35 ELECTION round 0: submit vote requests at term 1 for -1: [4a9aa4e1-3390-4ebe-823b-9f07154ce862|rpc:10.1.0.42:34883|priority:1, dd118232-85e1-4ba3-86d8-b3b6639effb8|rpc:10.1.0.42:43377|priority:0, 02f913b7-60d4-4225-a813-cf73e54e6f8a|rpc:10.1.0.42:35145|priority:0], old=null
2021-08-15 13:12:11,789 [grpc-default-executor-0] INFO  server.RaftServer$Division (RaftServerImpl.java:requestVote(1043)) - 4a9aa4e1-3390-4ebe-823b-9f07154ce862@group-1D84D338AFDC: receive requestVote(ELECTION, 02f913b7-60d4-4225-a813-cf73e54e6f8a, group-1D84D338AFDC, 1, (t:0, i:0))
2021-08-15 13:12:11,789 [grpc-default-executor-0] INFO  impl.VoteContext (VoteContext.java:log(48)) - 4a9aa4e1-3390-4ebe-823b-9f07154ce862@group-1D84D338AFDC-FOLLOWER: reject ELECTION from 02f913b7-60d4-4225-a813-cf73e54e6f8a: our priority 1 > candidate's priority 0
2021-08-15 13:12:11,789 [grpc-default-executor-0] INFO  server.RaftServer$Division (RaftServerImpl.java:setRole(285)) - 4a9aa4e1-3390-4ebe-823b-9f07154ce862@group-1D84D338AFDC: changes role from  FOLLOWER to FOLLOWER at term 1 for candidate:02f913b7-60d4-4225-a813-cf73e54e6f8a
2021-08-15 13:12:11,789 [grpc-default-executor-0] INFO  impl.RoleInfo (RoleInfo.java:shutdownFollowerState(108)) - 4a9aa4e1-3390-4ebe-823b-9f07154ce862: shutdown 4a9aa4e1-3390-4ebe-823b-9f07154ce862@group-1D84D338AFDC-FollowerState
2021-08-15 13:12:11,789 [grpc-default-executor-0] INFO  impl.RoleInfo (RoleInfo.java:updateAndGet(130)) - 4a9aa4e1-3390-4ebe-823b-9f07154ce862: start 4a9aa4e1-3390-4ebe-823b-9f07154ce862@group-1D84D338AFDC-FollowerState
2021-08-15 13:12:11,789 [4a9aa4e1-3390-4ebe-823b-9f07154ce862@group-1D84D338AFDC-FollowerState] INFO  impl.FollowerState (FollowerState.java:run(143)) - 4a9aa4e1-3390-4ebe-823b-9f07154ce862@group-1D84D338AFDC-FollowerState was interrupted: {}
java.lang.InterruptedException: sleep interrupted
	at java.lang.Thread.sleep(Native Method)
	at java.lang.Thread.sleep(Thread.java:340)
	at java.util.concurrent.TimeUnit.sleep(TimeUnit.java:386)
	at org.apache.ratis.util.TimeDuration.sleep(TimeDuration.java:324)
	at org.apache.ratis.util.TimeDuration.sleep(TimeDuration.java:309)
	at org.apache.ratis.server.impl.FollowerState.run(FollowerState.java:118)
2021-08-15 13:12:11,820 [grpc-default-executor-0] INFO  server.RaftServer$Division (RaftServerImpl.java:requestVote(1075)) - 4a9aa4e1-3390-4ebe-823b-9f07154ce862@group-1D84D338AFDC replies to ELECTION vote request: 02f913b7-60d4-4225-a813-cf73e54e6f8a<-4a9aa4e1-3390-4ebe-823b-9f07154ce862#0:FAIL-t1. Peer's state: 4a9aa4e1-3390-4ebe-823b-9f07154ce862@group-1D84D338AFDC:t1, leader=null, voted=null, raftlog=4a9aa4e1-3390-4ebe-823b-9f07154ce862@group-1D84D338AFDC-SegmentedRaftLog:OPENED:c-1,f-1,i0, conf=-1: [4a9aa4e1-3390-4ebe-823b-9f07154ce862|rpc:10.1.0.42:34883|dataStream:|priority:1, dd118232-85e1-4ba3-86d8-b3b6639effb8|rpc:10.1.0.42:43377|dataStream:|priority:0, 02f913b7-60d4-4225-a813-cf73e54e6f8a|rpc:10.1.0.42:35145|dataStream:|priority:0], old=null
2021-08-15 13:12:11,827 [02f913b7-60d4-4225-a813-cf73e54e6f8a@group-1D84D338AFDC-LeaderElection35] INFO  impl.LeaderElection (LeaderElection.java:logAndReturn(89)) - 02f913b7-60d4-4225-a813-cf73e54e6f8a@group-1D84D338AFDC-LeaderElection35: ELECTION REJECTED received 1 response(s) and 0 exception(s):
2021-08-15 13:12:11,827 [02f913b7-60d4-4225-a813-cf73e54e6f8a@group-1D84D338AFDC-LeaderElection35] INFO  impl.LeaderElection (LeaderElection.java:logAndReturn(93)) -   Response 0: 02f913b7-60d4-4225-a813-cf73e54e6f8a<-4a9aa4e1-3390-4ebe-823b-9f07154ce862#0:FAIL-t1
2021-08-15 13:12:11,827 [02f913b7-60d4-4225-a813-cf73e54e6f8a@group-1D84D338AFDC-LeaderElection35] INFO  impl.LeaderElection (LeaderElection.java:askForVotes(308)) - 02f913b7-60d4-4225-a813-cf73e54e6f8a@group-1D84D338AFDC-LeaderElection35 ELECTION round 0: result REJECTED
2021-08-15 13:12:11,827 [02f913b7-60d4-4225-a813-cf73e54e6f8a@group-1D84D338AFDC-LeaderElection35] INFO  server.RaftServer$Division (RaftServerImpl.java:setRole(285)) - 02f913b7-60d4-4225-a813-cf73e54e6f8a@group-1D84D338AFDC: changes role from CANDIDATE to FOLLOWER at term 1 for REJECTED
2021-08-15 13:12:11,827 [02f913b7-60d4-4225-a813-cf73e54e6f8a@group-1D84D338AFDC-LeaderElection35] INFO  impl.RoleInfo (RoleInfo.java:shutdownLeaderElection(121)) - 02f913b7-60d4-4225-a813-cf73e54e6f8a: shutdown 02f913b7-60d4-4225-a813-cf73e54e6f8a@group-1D84D338AFDC-LeaderElection35
2021-08-15 13:12:11,827 [02f913b7-60d4-4225-a813-cf73e54e6f8a@group-1D84D338AFDC-LeaderElection35] INFO  impl.RoleInfo (RoleInfo.java:updateAndGet(130)) - 02f913b7-60d4-4225-a813-cf73e54e6f8a: start 02f913b7-60d4-4225-a813-cf73e54e6f8a@group-1D84D338AFDC-FollowerState
2021-08-15 13:12:11,839 [grpc-default-executor-0] INFO  server.RaftServer$Division (RaftServerImpl.java:requestVote(1043)) - dd118232-85e1-4ba3-86d8-b3b6639effb8@group-1D84D338AFDC: receive requestVote(ELECTION, 02f913b7-60d4-4225-a813-cf73e54e6f8a, group-1D84D338AFDC, 1, (t:0, i:0))
2021-08-15 13:12:11,839 [grpc-default-executor-0] INFO  impl.VoteContext (VoteContext.java:log(48)) - dd118232-85e1-4ba3-86d8-b3b6639effb8@group-1D84D338AFDC-FOLLOWER: accept ELECTION from 02f913b7-60d4-4225-a813-cf73e54e6f8a: our priority 0 <= candidate's priority 0
2021-08-15 13:12:11,839 [grpc-default-executor-0] INFO  server.RaftServer$Division (RaftServerImpl.java:setRole(285)) - dd118232-85e1-4ba3-86d8-b3b6639effb8@group-1D84D338AFDC: changes role from  FOLLOWER to FOLLOWER at term 1 for candidate:02f913b7-60d4-4225-a813-cf73e54e6f8a
2021-08-15 13:12:11,839 [grpc-default-executor-0] INFO  impl.RoleInfo (RoleInfo.java:shutdownFollowerState(108)) - dd118232-85e1-4ba3-86d8-b3b6639effb8: shutdown dd118232-85e1-4ba3-86d8-b3b6639effb8@group-1D84D338AFDC-FollowerState
2021-08-15 13:12:11,839 [grpc-default-executor-0] INFO  impl.RoleInfo (RoleInfo.java:updateAndGet(130)) - dd118232-85e1-4ba3-86d8-b3b6639effb8: start dd118232-85e1-4ba3-86d8-b3b6639effb8@group-1D84D338AFDC-FollowerState
2021-08-15 13:12:11,840 [dd118232-85e1-4ba3-86d8-b3b6639effb8@group-1D84D338AFDC-FollowerState] INFO  impl.FollowerState (FollowerState.java:run(143)) - dd118232-85e1-4ba3-86d8-b3b6639effb8@group-1D84D338AFDC-FollowerState was interrupted: {}
java.lang.InterruptedException: sleep interrupted
	at java.lang.Thread.sleep(Native Method)
	at java.lang.Thread.sleep(Thread.java:340)
	at java.util.concurrent.TimeUnit.sleep(TimeUnit.java:386)
	at org.apache.ratis.util.TimeDuration.sleep(TimeDuration.java:324)
	at org.apache.ratis.util.TimeDuration.sleep(TimeDuration.java:309)
	at org.apache.ratis.server.impl.FollowerState.run(FollowerState.java:118)
2021-08-15 13:12:11,848 [grpc-default-executor-0] INFO  server.RaftServer$Division (RaftServerImpl.java:requestVote(1075)) - dd118232-85e1-4ba3-86d8-b3b6639effb8@group-1D84D338AFDC replies to ELECTION vote request: 02f913b7-60d4-4225-a813-cf73e54e6f8a<-dd118232-85e1-4ba3-86d8-b3b6639effb8#0:OK-t1. Peer's state: dd118232-85e1-4ba3-86d8-b3b6639effb8@group-1D84D338AFDC:t1, leader=null, voted=02f913b7-60d4-4225-a813-cf73e54e6f8a, raftlog=dd118232-85e1-4ba3-86d8-b3b6639effb8@group-1D84D338AFDC-SegmentedRaftLog:OPENED:c-1,f-1,i0, conf=-1: [4a9aa4e1-3390-4ebe-823b-9f07154ce862|rpc:10.1.0.42:34883|dataStream:|priority:1, dd118232-85e1-4ba3-86d8-b3b6639effb8|rpc:10.1.0.42:43377|dataStream:|priority:0, 02f913b7-60d4-4225-a813-cf73e54e6f8a|rpc:10.1.0.42:35145|dataStream:|priority:0], old=null
2021-08-15 13:12:12,083 [02f913b7-60d4-4225-a813-cf73e54e6f8a@group-26C67ECF95D8-FollowerState] INFO  impl.FollowerState (FollowerState.java:run(134)) - 02f913b7-60d4-4225-a813-cf73e54e6f8a@group-26C67ECF95D8-FollowerState: change to CANDIDATE, lastRpcElapsedTime:5114562085ns, electionTimeout:5105ms
2021-08-15 13:12:12,083 [02f913b7-60d4-4225-a813-cf73e54e6f8a@group-26C67ECF95D8-FollowerState] INFO  impl.RoleInfo (RoleInfo.java:shutdownFollowerState(108)) - 02f913b7-60d4-4225-a813-cf73e54e6f8a: shutdown 02f913b7-60d4-4225-a813-cf73e54e6f8a@group-26C67ECF95D8-FollowerState
2021-08-15 13:12:12,083 [02f913b7-60d4-4225-a813-cf73e54e6f8a@group-26C67ECF95D8-FollowerState] INFO  server.RaftServer$Division (RaftServerImpl.java:setRole(285)) - 02f913b7-60d4-4225-a813-cf73e54e6f8a@group-26C67ECF95D8: changes role from  FOLLOWER to CANDIDATE at term 0 for changeToCandidate
2021-08-15 13:12:12,083 [02f913b7-60d4-4225-a813-cf73e54e6f8a@group-26C67ECF95D8-FollowerState] INFO  server.RaftServerConfigKeys (ConfUtils.java:logGet(44)) - raft.server.leaderelection.pre-vote = false (custom)
2021-08-15 13:12:12,083 [02f913b7-60d4-4225-a813-cf73e54e6f8a@group-26C67ECF95D8-FollowerState] INFO  impl.RoleInfo (RoleInfo.java:updateAndGet(130)) - 02f913b7-60d4-4225-a813-cf73e54e6f8a: start 02f913b7-60d4-4225-a813-cf73e54e6f8a@group-26C67ECF95D8-LeaderElection36
2021-08-15 13:12:12,101 [02f913b7-60d4-4225-a813-cf73e54e6f8a@group-26C67ECF95D8-LeaderElection36] INFO  impl.LeaderElection (LeaderElection.java:askForVotes(306)) - 02f913b7-60d4-4225-a813-cf73e54e6f8a@group-26C67ECF95D8-LeaderElection36 ELECTION round 0: submit vote requests at term 1 for -1: [4a9aa4e1-3390-4ebe-823b-9f07154ce862|rpc:10.1.0.42:34883|priority:0, dd118232-85e1-4ba3-86d8-b3b6639effb8|rpc:10.1.0.42:43377|priority:1, 02f913b7-60d4-4225-a813-cf73e54e6f8a|rpc:10.1.0.42:35145|priority:0], old=null
2021-08-15 13:12:12,107 [dd118232-85e1-4ba3-86d8-b3b6639effb8@group-26C67ECF95D8-FollowerState] INFO  impl.FollowerState (FollowerState.java:run(134)) - dd118232-85e1-4ba3-86d8-b3b6639effb8@group-26C67ECF95D8-FollowerState: change to CANDIDATE, lastRpcElapsedTime:5018887724ns, electionTimeout:5013ms
2021-08-15 13:12:12,109 [dd118232-85e1-4ba3-86d8-b3b6639effb8@group-26C67ECF95D8-FollowerState] INFO  impl.RoleInfo (RoleInfo.java:shutdownFollowerState(108)) - dd118232-85e1-4ba3-86d8-b3b6639effb8: shutdown dd118232-85e1-4ba3-86d8-b3b6639effb8@group-26C67ECF95D8-FollowerState
2021-08-15 13:12:12,109 [dd118232-85e1-4ba3-86d8-b3b6639effb8@group-26C67ECF95D8-FollowerState] INFO  server.RaftServer$Division (RaftServerImpl.java:setRole(285)) - dd118232-85e1-4ba3-86d8-b3b6639effb8@group-26C67ECF95D8: changes role from  FOLLOWER to CANDIDATE at term 0 for changeToCandidate
2021-08-15 13:12:12,115 [dd118232-85e1-4ba3-86d8-b3b6639effb8@group-26C67ECF95D8-FollowerState] INFO  server.RaftServerConfigKeys (ConfUtils.java:logGet(44)) - raft.server.leaderelection.pre-vote = false (custom)
2021-08-15 13:12:12,115 [dd118232-85e1-4ba3-86d8-b3b6639effb8@group-26C67ECF95D8-FollowerState] INFO  impl.RoleInfo (RoleInfo.java:updateAndGet(130)) - dd118232-85e1-4ba3-86d8-b3b6639effb8: start dd118232-85e1-4ba3-86d8-b3b6639effb8@group-26C67ECF95D8-LeaderElection37
2021-08-15 13:12:12,121 [grpc-default-executor-0] INFO  server.RaftServer$Division (RaftServerImpl.java:requestVote(1043)) - 4a9aa4e1-3390-4ebe-823b-9f07154ce862@group-26C67ECF95D8: receive requestVote(ELECTION, 02f913b7-60d4-4225-a813-cf73e54e6f8a, group-26C67ECF95D8, 1, (t:0, i:0))
2021-08-15 13:12:12,121 [grpc-default-executor-0] INFO  impl.VoteContext (VoteContext.java:log(48)) - 4a9aa4e1-3390-4ebe-823b-9f07154ce862@group-26C67ECF95D8-FOLLOWER: accept ELECTION from 02f913b7-60d4-4225-a813-cf73e54e6f8a: our priority 0 <= candidate's priority 0
2021-08-15 13:12:12,121 [grpc-default-executor-0] INFO  server.RaftServer$Division (RaftServerImpl.java:setRole(285)) - 4a9aa4e1-3390-4ebe-823b-9f07154ce862@group-26C67ECF95D8: changes role from  FOLLOWER to FOLLOWER at term 1 for candidate:02f913b7-60d4-4225-a813-cf73e54e6f8a
2021-08-15 13:12:12,121 [grpc-default-executor-0] INFO  impl.RoleInfo (RoleInfo.java:shutdownFollowerState(108)) - 4a9aa4e1-3390-4ebe-823b-9f07154ce862: shutdown 4a9aa4e1-3390-4ebe-823b-9f07154ce862@group-26C67ECF95D8-FollowerState
2021-08-15 13:12:12,121 [grpc-default-executor-0] INFO  impl.RoleInfo (RoleInfo.java:updateAndGet(130)) - 4a9aa4e1-3390-4ebe-823b-9f07154ce862: start 4a9aa4e1-3390-4ebe-823b-9f07154ce862@group-26C67ECF95D8-FollowerState
2021-08-15 13:12:12,123 [4a9aa4e1-3390-4ebe-823b-9f07154ce862@group-26C67ECF95D8-FollowerState] INFO  impl.FollowerState (FollowerState.java:run(143)) - 4a9aa4e1-3390-4ebe-823b-9f07154ce862@group-26C67ECF95D8-FollowerState was interrupted: {}
java.lang.InterruptedException: sleep interrupted
	at java.lang.Thread.sleep(Native Method)
	at java.lang.Thread.sleep(Thread.java:340)
	at java.util.concurrent.TimeUnit.sleep(TimeUnit.java:386)
	at org.apache.ratis.util.TimeDuration.sleep(TimeDuration.java:324)
	at org.apache.ratis.util.TimeDuration.sleep(TimeDuration.java:309)
	at org.apache.ratis.server.impl.FollowerState.run(FollowerState.java:118)
2021-08-15 13:12:12,124 [grpc-default-executor-0] INFO  server.RaftServer$Division (RaftServerImpl.java:requestVote(1075)) - 4a9aa4e1-3390-4ebe-823b-9f07154ce862@group-26C67ECF95D8 replies to ELECTION vote request: 02f913b7-60d4-4225-a813-cf73e54e6f8a<-4a9aa4e1-3390-4ebe-823b-9f07154ce862#0:OK-t1. Peer's state: 4a9aa4e1-3390-4ebe-823b-9f07154ce862@group-26C67ECF95D8:t1, leader=null, voted=02f913b7-60d4-4225-a813-cf73e54e6f8a, raftlog=4a9aa4e1-3390-4ebe-823b-9f07154ce862@group-26C67ECF95D8-SegmentedRaftLog:OPENED:c-1,f-1,i0, conf=-1: [4a9aa4e1-3390-4ebe-823b-9f07154ce862|rpc:10.1.0.42:34883|dataStream:|priority:0, dd118232-85e1-4ba3-86d8-b3b6639effb8|rpc:10.1.0.42:43377|dataStream:|priority:1, 02f913b7-60d4-4225-a813-cf73e54e6f8a|rpc:10.1.0.42:35145|dataStream:|priority:0], old=null
2021-08-15 13:12:12,134 [dd118232-85e1-4ba3-86d8-b3b6639effb8@group-26C67ECF95D8-LeaderElection37] INFO  impl.LeaderElection (LeaderElection.java:askForVotes(306)) - dd118232-85e1-4ba3-86d8-b3b6639effb8@group-26C67ECF95D8-LeaderElection37 ELECTION round 0: submit vote requests at term 1 for -1: [4a9aa4e1-3390-4ebe-823b-9f07154ce862|rpc:10.1.0.42:34883|dataStream:|priority:0, dd118232-85e1-4ba3-86d8-b3b6639effb8|rpc:10.1.0.42:43377|dataStream:|priority:1, 02f913b7-60d4-4225-a813-cf73e54e6f8a|rpc:10.1.0.42:35145|dataStream:|priority:0], old=null
2021-08-15 13:12:12,161 [grpc-default-executor-0] INFO  server.RaftServer$Division (RaftServerImpl.java:requestVote(1043)) - 4a9aa4e1-3390-4ebe-823b-9f07154ce862@group-26C67ECF95D8: receive requestVote(ELECTION, dd118232-85e1-4ba3-86d8-b3b6639effb8, group-26C67ECF95D8, 1, (t:0, i:0))
2021-08-15 13:12:12,161 [grpc-default-executor-0] INFO  impl.VoteContext (VoteContext.java:log(48)) - 4a9aa4e1-3390-4ebe-823b-9f07154ce862@group-26C67ECF95D8-FOLLOWER: reject ELECTION from dd118232-85e1-4ba3-86d8-b3b6639effb8: already has voted for 02f913b7-60d4-4225-a813-cf73e54e6f8a at current term 1
2021-08-15 13:12:12,161 [grpc-default-executor-0] INFO  server.RaftServer$Division (RaftServerImpl.java:requestVote(1075)) - 4a9aa4e1-3390-4ebe-823b-9f07154ce862@group-26C67ECF95D8 replies to ELECTION vote request: dd118232-85e1-4ba3-86d8-b3b6639effb8<-4a9aa4e1-3390-4ebe-823b-9f07154ce862#0:FAIL-t1. Peer's state: 4a9aa4e1-3390-4ebe-823b-9f07154ce862@group-26C67ECF95D8:t1, leader=null, voted=02f913b7-60d4-4225-a813-cf73e54e6f8a, raftlog=4a9aa4e1-3390-4ebe-823b-9f07154ce862@group-26C67ECF95D8-SegmentedRaftLog:OPENED:c-1,f-1,i0, conf=-1: [4a9aa4e1-3390-4ebe-823b-9f07154ce862|rpc:10.1.0.42:34883|dataStream:|priority:0, dd118232-85e1-4ba3-86d8-b3b6639effb8|rpc:10.1.0.42:43377|dataStream:|priority:1, 02f913b7-60d4-4225-a813-cf73e54e6f8a|rpc:10.1.0.42:35145|dataStream:|priority:0], old=null
2021-08-15 13:12:12,161 [grpc-default-executor-1] INFO  server.RaftServer$Division (RaftServerImpl.java:requestVote(1043)) - dd118232-85e1-4ba3-86d8-b3b6639effb8@group-26C67ECF95D8: receive requestVote(ELECTION, 02f913b7-60d4-4225-a813-cf73e54e6f8a, group-26C67ECF95D8, 1, (t:0, i:0))
2021-08-15 13:12:12,161 [grpc-default-executor-1] INFO  impl.VoteContext (VoteContext.java:log(48)) - dd118232-85e1-4ba3-86d8-b3b6639effb8@group-26C67ECF95D8-CANDIDATE: reject ELECTION from 02f913b7-60d4-4225-a813-cf73e54e6f8a: already has voted for dd118232-85e1-4ba3-86d8-b3b6639effb8 at current term 1
2021-08-15 13:12:12,161 [grpc-default-executor-1] INFO  server.RaftServer$Division (RaftServerImpl.java:requestVote(1075)) - dd118232-85e1-4ba3-86d8-b3b6639effb8@group-26C67ECF95D8 replies to ELECTION vote request: 02f913b7-60d4-4225-a813-cf73e54e6f8a<-dd118232-85e1-4ba3-86d8-b3b6639effb8#0:FAIL-t1. Peer's state: dd118232-85e1-4ba3-86d8-b3b6639effb8@group-26C67ECF95D8:t1, leader=null, voted=dd118232-85e1-4ba3-86d8-b3b6639effb8, raftlog=dd118232-85e1-4ba3-86d8-b3b6639effb8@group-26C67ECF95D8-SegmentedRaftLog:OPENED:c-1,f-1,i0, conf=-1: [4a9aa4e1-3390-4ebe-823b-9f07154ce862|rpc:10.1.0.42:34883|dataStream:|priority:0, dd118232-85e1-4ba3-86d8-b3b6639effb8|rpc:10.1.0.42:43377|dataStream:|priority:1, 02f913b7-60d4-4225-a813-cf73e54e6f8a|rpc:10.1.0.42:35145|dataStream:|priority:0], old=null
2021-08-15 13:12:12,163 [02f913b7-60d4-4225-a813-cf73e54e6f8a@group-26C67ECF95D8-LeaderElection36] INFO  impl.LeaderElection (LeaderElection.java:logAndReturn(89)) - 02f913b7-60d4-4225-a813-cf73e54e6f8a@group-26C67ECF95D8-LeaderElection36: ELECTION REJECTED received 2 response(s) and 0 exception(s):
2021-08-15 13:12:12,163 [02f913b7-60d4-4225-a813-cf73e54e6f8a@group-26C67ECF95D8-LeaderElection36] INFO  impl.LeaderElection (LeaderElection.java:logAndReturn(93)) -   Response 0: 02f913b7-60d4-4225-a813-cf73e54e6f8a<-4a9aa4e1-3390-4ebe-823b-9f07154ce862#0:OK-t1
2021-08-15 13:12:12,163 [02f913b7-60d4-4225-a813-cf73e54e6f8a@group-26C67ECF95D8-LeaderElection36] INFO  impl.LeaderElection (LeaderElection.java:logAndReturn(93)) -   Response 1: 02f913b7-60d4-4225-a813-cf73e54e6f8a<-dd118232-85e1-4ba3-86d8-b3b6639effb8#0:FAIL-t1
2021-08-15 13:12:12,163 [02f913b7-60d4-4225-a813-cf73e54e6f8a@group-26C67ECF95D8-LeaderElection36] INFO  impl.LeaderElection (LeaderElection.java:askForVotes(308)) - 02f913b7-60d4-4225-a813-cf73e54e6f8a@group-26C67ECF95D8-LeaderElection36 ELECTION round 0: result REJECTED
2021-08-15 13:12:12,163 [02f913b7-60d4-4225-a813-cf73e54e6f8a@group-26C67ECF95D8-LeaderElection36] INFO  server.RaftServer$Division (RaftServerImpl.java:setRole(285)) - 02f913b7-60d4-4225-a813-cf73e54e6f8a@group-26C67ECF95D8: changes role from CANDIDATE to FOLLOWER at term 1 for REJECTED
2021-08-15 13:12:12,163 [02f913b7-60d4-4225-a813-cf73e54e6f8a@group-26C67ECF95D8-LeaderElection36] INFO  impl.RoleInfo (RoleInfo.java:shutdownLeaderElection(121)) - 02f913b7-60d4-4225-a813-cf73e54e6f8a: shutdown 02f913b7-60d4-4225-a813-cf73e54e6f8a@group-26C67ECF95D8-LeaderElection36
2021-08-15 13:12:12,163 [02f913b7-60d4-4225-a813-cf73e54e6f8a@group-26C67ECF95D8-LeaderElection36] INFO  impl.RoleInfo (RoleInfo.java:updateAndGet(130)) - 02f913b7-60d4-4225-a813-cf73e54e6f8a: start 02f913b7-60d4-4225-a813-cf73e54e6f8a@group-26C67ECF95D8-FollowerState
2021-08-15 13:12:12,184 [grpc-default-executor-3] INFO  server.RaftServer$Division (RaftServerImpl.java:requestVote(1043)) - 02f913b7-60d4-4225-a813-cf73e54e6f8a@group-26C67ECF95D8: receive requestVote(ELECTION, dd118232-85e1-4ba3-86d8-b3b6639effb8, group-26C67ECF95D8, 1, (t:0, i:0))
2021-08-15 13:12:12,184 [grpc-default-executor-3] INFO  impl.VoteContext (VoteContext.java:log(48)) - 02f913b7-60d4-4225-a813-cf73e54e6f8a@group-26C67ECF95D8-FOLLOWER: reject ELECTION from dd118232-85e1-4ba3-86d8-b3b6639effb8: already has voted for 02f913b7-60d4-4225-a813-cf73e54e6f8a at current term 1
2021-08-15 13:12:12,184 [grpc-default-executor-3] INFO  server.RaftServer$Division (RaftServerImpl.java:requestVote(1075)) - 02f913b7-60d4-4225-a813-cf73e54e6f8a@group-26C67ECF95D8 replies to ELECTION vote request: dd118232-85e1-4ba3-86d8-b3b6639effb8<-02f913b7-60d4-4225-a813-cf73e54e6f8a#0:FAIL-t1. Peer's state: 02f913b7-60d4-4225-a813-cf73e54e6f8a@group-26C67ECF95D8:t1, leader=null, voted=02f913b7-60d4-4225-a813-cf73e54e6f8a, raftlog=02f913b7-60d4-4225-a813-cf73e54e6f8a@group-26C67ECF95D8-SegmentedRaftLog:OPENED:c-1,f-1,i0, conf=-1: [4a9aa4e1-3390-4ebe-823b-9f07154ce862|rpc:10.1.0.42:34883|priority:0, dd118232-85e1-4ba3-86d8-b3b6639effb8|rpc:10.1.0.42:43377|priority:1, 02f913b7-60d4-4225-a813-cf73e54e6f8a|rpc:10.1.0.42:35145|priority:0], old=null
2021-08-15 13:12:12,193 [dd118232-85e1-4ba3-86d8-b3b6639effb8@group-26C67ECF95D8-LeaderElection37] INFO  impl.LeaderElection (LeaderElection.java:logAndReturn(89)) - dd118232-85e1-4ba3-86d8-b3b6639effb8@group-26C67ECF95D8-LeaderElection37: ELECTION REJECTED received 2 response(s) and 0 exception(s):
2021-08-15 13:12:12,193 [dd118232-85e1-4ba3-86d8-b3b6639effb8@group-26C67ECF95D8-LeaderElection37] INFO  impl.LeaderElection (LeaderElection.java:logAndReturn(93)) -   Response 0: dd118232-85e1-4ba3-86d8-b3b6639effb8<-4a9aa4e1-3390-4ebe-823b-9f07154ce862#0:FAIL-t1
2021-08-15 13:12:12,193 [dd118232-85e1-4ba3-86d8-b3b6639effb8@group-26C67ECF95D8-LeaderElection37] INFO  impl.LeaderElection (LeaderElection.java:logAndReturn(93)) -   Response 1: dd118232-85e1-4ba3-86d8-b3b6639effb8<-02f913b7-60d4-4225-a813-cf73e54e6f8a#0:FAIL-t1
2021-08-15 13:12:12,193 [dd118232-85e1-4ba3-86d8-b3b6639effb8@group-26C67ECF95D8-LeaderElection37] INFO  impl.LeaderElection (LeaderElection.java:askForVotes(308)) - dd118232-85e1-4ba3-86d8-b3b6639effb8@group-26C67ECF95D8-LeaderElection37 ELECTION round 0: result REJECTED
2021-08-15 13:12:12,193 [dd118232-85e1-4ba3-86d8-b3b6639effb8@group-26C67ECF95D8-LeaderElection37] INFO  server.RaftServer$Division (RaftServerImpl.java:setRole(285)) - dd118232-85e1-4ba3-86d8-b3b6639effb8@group-26C67ECF95D8: changes role from CANDIDATE to FOLLOWER at term 1 for REJECTED
2021-08-15 13:12:12,193 [dd118232-85e1-4ba3-86d8-b3b6639effb8@group-26C67ECF95D8-LeaderElection37] INFO  impl.RoleInfo (RoleInfo.java:shutdownLeaderElection(121)) - dd118232-85e1-4ba3-86d8-b3b6639effb8: shutdown dd118232-85e1-4ba3-86d8-b3b6639effb8@group-26C67ECF95D8-LeaderElection37
2021-08-15 13:12:12,193 [dd118232-85e1-4ba3-86d8-b3b6639effb8@group-26C67ECF95D8-LeaderElection37] INFO  impl.RoleInfo (RoleInfo.java:updateAndGet(130)) - dd118232-85e1-4ba3-86d8-b3b6639effb8: start dd118232-85e1-4ba3-86d8-b3b6639effb8@group-26C67ECF95D8-FollowerState
2021-08-15 13:12:12,328 [4a9aa4e1-3390-4ebe-823b-9f07154ce862@group-99BD0D93F3D6-FollowerState] INFO  impl.FollowerState (FollowerState.java:run(134)) - 4a9aa4e1-3390-4ebe-823b-9f07154ce862@group-99BD0D93F3D6-FollowerState: change to CANDIDATE, lastRpcElapsedTime:5145036799ns, electionTimeout:5143ms
2021-08-15 13:12:12,329 [4a9aa4e1-3390-4ebe-823b-9f07154ce862@group-99BD0D93F3D6-FollowerState] INFO  impl.RoleInfo (RoleInfo.java:shutdownFollowerState(108)) - 4a9aa4e1-3390-4ebe-823b-9f07154ce862: shutdown 4a9aa4e1-3390-4ebe-823b-9f07154ce862@group-99BD0D93F3D6-FollowerState
2021-08-15 13:12:12,329 [4a9aa4e1-3390-4ebe-823b-9f07154ce862@group-99BD0D93F3D6-FollowerState] INFO  server.RaftServer$Division (RaftServerImpl.java:setRole(285)) - 4a9aa4e1-3390-4ebe-823b-9f07154ce862@group-99BD0D93F3D6: changes role from  FOLLOWER to CANDIDATE at term 0 for changeToCandidate
2021-08-15 13:12:12,330 [4a9aa4e1-3390-4ebe-823b-9f07154ce862@group-99BD0D93F3D6-FollowerState] INFO  server.RaftServerConfigKeys (ConfUtils.java:logGet(44)) - raft.server.leaderelection.pre-vote = false (custom)
2021-08-15 13:12:12,330 [4a9aa4e1-3390-4ebe-823b-9f07154ce862@group-99BD0D93F3D6-FollowerState] INFO  impl.RoleInfo (RoleInfo.java:updateAndGet(130)) - 4a9aa4e1-3390-4ebe-823b-9f07154ce862: start 4a9aa4e1-3390-4ebe-823b-9f07154ce862@group-99BD0D93F3D6-LeaderElection38
2021-08-15 13:12:12,358 [4a9aa4e1-3390-4ebe-823b-9f07154ce862@group-99BD0D93F3D6-LeaderElection38] INFO  impl.LeaderElection (LeaderElection.java:askForVotes(306)) - 4a9aa4e1-3390-4ebe-823b-9f07154ce862@group-99BD0D93F3D6-LeaderElection38 ELECTION round 0: submit vote requests at term 1 for -1: [4a9aa4e1-3390-4ebe-823b-9f07154ce862|rpc:10.1.0.42:34883|priority:1], old=null
2021-08-15 13:12:12,358 [4a9aa4e1-3390-4ebe-823b-9f07154ce862@group-99BD0D93F3D6-LeaderElection38] INFO  impl.LeaderElection (LeaderElection.java:askForVotes(308)) - 4a9aa4e1-3390-4ebe-823b-9f07154ce862@group-99BD0D93F3D6-LeaderElection38 ELECTION round 0: result PASSED (term=1)
2021-08-15 13:12:12,358 [4a9aa4e1-3390-4ebe-823b-9f07154ce862@group-99BD0D93F3D6-LeaderElection38] INFO  impl.RoleInfo (RoleInfo.java:shutdownLeaderElection(121)) - 4a9aa4e1-3390-4ebe-823b-9f07154ce862: shutdown 4a9aa4e1-3390-4ebe-823b-9f07154ce862@group-99BD0D93F3D6-LeaderElection38
2021-08-15 13:12:12,358 [4a9aa4e1-3390-4ebe-823b-9f07154ce862@group-99BD0D93F3D6-LeaderElection38] INFO  server.RaftServer$Division (RaftServerImpl.java:setRole(285)) - 4a9aa4e1-3390-4ebe-823b-9f07154ce862@group-99BD0D93F3D6: changes role from CANDIDATE to LEADER at term 1 for changeToLeader
2021-08-15 13:12:12,359 [4a9aa4e1-3390-4ebe-823b-9f07154ce862@group-99BD0D93F3D6-LeaderElection38] INFO  ratis.XceiverServerRatis (XceiverServerRatis.java:handleLeaderChangedNotification(861)) - Leader change notification received for group: group-99BD0D93F3D6 with new leaderId: 4a9aa4e1-3390-4ebe-823b-9f07154ce862
2021-08-15 13:12:12,359 [4a9aa4e1-3390-4ebe-823b-9f07154ce862@group-99BD0D93F3D6-LeaderElection38] INFO  server.RaftServer$Division (ServerState.java:setLeader(285)) - 4a9aa4e1-3390-4ebe-823b-9f07154ce862@group-99BD0D93F3D6: change Leader from null to 4a9aa4e1-3390-4ebe-823b-9f07154ce862 at term 1 for becomeLeader, leader elected after 5188ms
2021-08-15 13:12:12,359 [4a9aa4e1-3390-4ebe-823b-9f07154ce862@group-99BD0D93F3D6-LeaderElection38] INFO  server.RaftServerConfigKeys (ConfUtils.java:logGet(44)) - raft.server.staging.catchup.gap = 1000 (default)
2021-08-15 13:12:12,359 [4a9aa4e1-3390-4ebe-823b-9f07154ce862@group-99BD0D93F3D6-LeaderElection38] INFO  server.RaftServerConfigKeys (ConfUtils.java:logGet(44)) - raft.server.write.element-limit = 1024 (custom)
2021-08-15 13:12:12,359 [4a9aa4e1-3390-4ebe-823b-9f07154ce862@group-99BD0D93F3D6-LeaderElection38] INFO  server.RaftServerConfigKeys (ConfUtils.java:logGet(44)) - raft.server.write.byte-limit = 1024 M (=1073741824) (custom)
2021-08-15 13:12:12,359 [4a9aa4e1-3390-4ebe-823b-9f07154ce862@group-99BD0D93F3D6-LeaderElection38] INFO  server.RaftServerConfigKeys (ConfUtils.java:logGet(44)) - raft.server.watch.timeout = 180s (custom)
2021-08-15 13:12:12,361 [EventQueue-OpenPipelineForHealthyPipelineSafeModeRule] INFO  safemode.SCMSafeModeManager (HealthyPipelineSafeModeRule.java:process(124)) - SCM in safe mode. Healthy pipelines reported count is 0, required healthy pipeline reported count is 1
2021-08-15 13:12:12,362 [4a9aa4e1-3390-4ebe-823b-9f07154ce862@group-99BD0D93F3D6-LeaderElection38] INFO  server.RaftServerConfigKeys (ConfUtils.java:logGet(44)) - raft.server.watch.timeout.denomination = 1s (default)
2021-08-15 13:12:12,363 [4a9aa4e1-3390-4ebe-823b-9f07154ce862@group-99BD0D93F3D6-LeaderElection38] INFO  server.RaftServerConfigKeys (ConfUtils.java:logGet(44)) - raft.server.watch.element-limit = 65536 (default)
2021-08-15 13:12:12,364 [4a9aa4e1-3390-4ebe-823b-9f07154ce862@group-99BD0D93F3D6-LeaderElection38] INFO  impl.RoleInfo (RoleInfo.java:updateAndGet(130)) - 4a9aa4e1-3390-4ebe-823b-9f07154ce862: start 4a9aa4e1-3390-4ebe-823b-9f07154ce862@group-99BD0D93F3D6-LeaderStateImpl
2021-08-15 13:12:12,364 [4a9aa4e1-3390-4ebe-823b-9f07154ce862@group-99BD0D93F3D6-LeaderElection38] INFO  segmented.SegmentedRaftLogWorker (SegmentedRaftLogWorker.java:startLogSegment(394)) - 4a9aa4e1-3390-4ebe-823b-9f07154ce862@group-99BD0D93F3D6-SegmentedRaftLogWorker: Starting segment from index:0
2021-08-15 13:12:12,366 [4a9aa4e1-3390-4ebe-823b-9f07154ce862@group-99BD0D93F3D6-SegmentedRaftLogWorker] INFO  segmented.SegmentedRaftLogWorker (SegmentedRaftLogWorker.java:execute(601)) - 4a9aa4e1-3390-4ebe-823b-9f07154ce862@group-99BD0D93F3D6-SegmentedRaftLogWorker: created new log segment /home/runner/work/ozone/ozone/hadoop-ozone/integration-test/target/test-dir/MiniOzoneClusterImpl-048a4f6d-23a9-42d5-a7f8-f934da4c6a5d/datanode-1/data/ratis/f1ae9563-8e0d-4e0c-9586-99bd0d93f3d6/current/log_inprogress_0
2021-08-15 13:12:12,383 [4a9aa4e1-3390-4ebe-823b-9f07154ce862@group-99BD0D93F3D6-LeaderElection38] INFO  server.RaftServer$Division (ServerState.java:setRaftConf(387)) - 4a9aa4e1-3390-4ebe-823b-9f07154ce862@group-99BD0D93F3D6: set configuration 0: [4a9aa4e1-3390-4ebe-823b-9f07154ce862|rpc:10.1.0.42:34883|dataStream:|priority:1], old=null
2021-08-15 13:12:12,638 [Listener at 127.0.0.1/41877] INFO  ozone.MiniOzoneClusterImpl (MiniOzoneClusterImpl.java:lambda$waitForClusterToBeReady$0(235)) - Nodes are ready. Got 3 of 3 DN Heartbeats.
2021-08-15 13:12:12,639 [Listener at 127.0.0.1/41877] INFO  ozone.MiniOzoneClusterImpl (MiniOzoneClusterImpl.java:lambda$waitForClusterToBeReady$0(238)) - Waiting for cluster to exit safe mode
2021-08-15 13:12:12,639 [Listener at 127.0.0.1/41877] INFO  ozone.MiniOzoneClusterImpl (MiniOzoneClusterImpl.java:lambda$waitForClusterToBeReady$0(240)) - SCM became leader
2021-08-15 13:12:12,695 [dd118232-85e1-4ba3-86d8-b3b6639effb8@group-A50875D3B715-FollowerState] INFO  impl.FollowerState (FollowerState.java:run(134)) - dd118232-85e1-4ba3-86d8-b3b6639effb8@group-A50875D3B715-FollowerState: change to CANDIDATE, lastRpcElapsedTime:5025575847ns, electionTimeout:5009ms
2021-08-15 13:12:12,695 [dd118232-85e1-4ba3-86d8-b3b6639effb8@group-A50875D3B715-FollowerState] INFO  impl.RoleInfo (RoleInfo.java:shutdownFollowerState(108)) - dd118232-85e1-4ba3-86d8-b3b6639effb8: shutdown dd118232-85e1-4ba3-86d8-b3b6639effb8@group-A50875D3B715-FollowerState
2021-08-15 13:12:12,695 [dd118232-85e1-4ba3-86d8-b3b6639effb8@group-A50875D3B715-FollowerState] INFO  server.RaftServer$Division (RaftServerImpl.java:setRole(285)) - dd118232-85e1-4ba3-86d8-b3b6639effb8@group-A50875D3B715: changes role from  FOLLOWER to CANDIDATE at term 0 for changeToCandidate
2021-08-15 13:12:12,696 [dd118232-85e1-4ba3-86d8-b3b6639effb8@group-A50875D3B715-FollowerState] INFO  server.RaftServerConfigKeys (ConfUtils.java:logGet(44)) - raft.server.leaderelection.pre-vote = false (custom)
2021-08-15 13:12:12,696 [dd118232-85e1-4ba3-86d8-b3b6639effb8@group-A50875D3B715-FollowerState] INFO  impl.RoleInfo (RoleInfo.java:updateAndGet(130)) - dd118232-85e1-4ba3-86d8-b3b6639effb8: start dd118232-85e1-4ba3-86d8-b3b6639effb8@group-A50875D3B715-LeaderElection39
2021-08-15 13:12:12,723 [dd118232-85e1-4ba3-86d8-b3b6639effb8@group-A50875D3B715-LeaderElection39] INFO  impl.LeaderElection (LeaderElection.java:askForVotes(306)) - dd118232-85e1-4ba3-86d8-b3b6639effb8@group-A50875D3B715-LeaderElection39 ELECTION round 0: submit vote requests at term 1 for -1: [dd118232-85e1-4ba3-86d8-b3b6639effb8|rpc:10.1.0.42:43377|priority:1], old=null
2021-08-15 13:12:12,723 [dd118232-85e1-4ba3-86d8-b3b6639effb8@group-A50875D3B715-LeaderElection39] INFO  impl.LeaderElection (LeaderElection.java:askForVotes(308)) - dd118232-85e1-4ba3-86d8-b3b6639effb8@group-A50875D3B715-LeaderElection39 ELECTION round 0: result PASSED (term=1)
2021-08-15 13:12:12,723 [dd118232-85e1-4ba3-86d8-b3b6639effb8@group-A50875D3B715-LeaderElection39] INFO  impl.RoleInfo (RoleInfo.java:shutdownLeaderElection(121)) - dd118232-85e1-4ba3-86d8-b3b6639effb8: shutdown dd118232-85e1-4ba3-86d8-b3b6639effb8@group-A50875D3B715-LeaderElection39
2021-08-15 13:12:12,723 [dd118232-85e1-4ba3-86d8-b3b6639effb8@group-A50875D3B715-LeaderElection39] INFO  server.RaftServer$Division (RaftServerImpl.java:setRole(285)) - dd118232-85e1-4ba3-86d8-b3b6639effb8@group-A50875D3B715: changes role from CANDIDATE to LEADER at term 1 for changeToLeader
2021-08-15 13:12:12,723 [dd118232-85e1-4ba3-86d8-b3b6639effb8@group-A50875D3B715-LeaderElection39] INFO  ratis.XceiverServerRatis (XceiverServerRatis.java:handleLeaderChangedNotification(861)) - Leader change notification received for group: group-A50875D3B715 with new leaderId: dd118232-85e1-4ba3-86d8-b3b6639effb8
2021-08-15 13:12:12,724 [Datanode State Machine Thread - 0] WARN  statemachine.StateContext (StateContext.java:execute(621)) - No available thread in pool for past 1 seconds.
2021-08-15 13:12:12,728 [EventQueue-OpenPipelineForHealthyPipelineSafeModeRule] INFO  safemode.SCMSafeModeManager (HealthyPipelineSafeModeRule.java:process(124)) - SCM in safe mode. Healthy pipelines reported count is 0, required healthy pipeline reported count is 1
2021-08-15 13:12:12,741 [dd118232-85e1-4ba3-86d8-b3b6639effb8@group-A50875D3B715-LeaderElection39] INFO  server.RaftServer$Division (ServerState.java:setLeader(285)) - dd118232-85e1-4ba3-86d8-b3b6639effb8@group-A50875D3B715: change Leader from null to dd118232-85e1-4ba3-86d8-b3b6639effb8 at term 1 for becomeLeader, leader elected after 5066ms
2021-08-15 13:12:12,741 [dd118232-85e1-4ba3-86d8-b3b6639effb8@group-A50875D3B715-LeaderElection39] INFO  server.RaftServerConfigKeys (ConfUtils.java:logGet(44)) - raft.server.staging.catchup.gap = 1000 (default)
2021-08-15 13:12:12,742 [dd118232-85e1-4ba3-86d8-b3b6639effb8@group-A50875D3B715-LeaderElection39] INFO  server.RaftServerConfigKeys (ConfUtils.java:logGet(44)) - raft.server.write.element-limit = 1024 (custom)
2021-08-15 13:12:12,742 [dd118232-85e1-4ba3-86d8-b3b6639effb8@group-A50875D3B715-LeaderElection39] INFO  server.RaftServerConfigKeys (ConfUtils.java:logGet(44)) - raft.server.write.byte-limit = 1024 M (=1073741824) (custom)
2021-08-15 13:12:12,742 [dd118232-85e1-4ba3-86d8-b3b6639effb8@group-A50875D3B715-LeaderElection39] INFO  server.RaftServerConfigKeys (ConfUtils.java:logGet(44)) - raft.server.watch.timeout = 180s (custom)
2021-08-15 13:12:12,742 [dd118232-85e1-4ba3-86d8-b3b6639effb8@group-A50875D3B715-LeaderElection39] INFO  server.RaftServerConfigKeys (ConfUtils.java:logGet(44)) - raft.server.watch.timeout.denomination = 1s (default)
2021-08-15 13:12:12,742 [dd118232-85e1-4ba3-86d8-b3b6639effb8@group-A50875D3B715-LeaderElection39] INFO  server.RaftServerConfigKeys (ConfUtils.java:logGet(44)) - raft.server.watch.element-limit = 65536 (default)
2021-08-15 13:12:12,743 [dd118232-85e1-4ba3-86d8-b3b6639effb8@group-A50875D3B715-LeaderElection39] INFO  impl.RoleInfo (RoleInfo.java:updateAndGet(130)) - dd118232-85e1-4ba3-86d8-b3b6639effb8: start dd118232-85e1-4ba3-86d8-b3b6639effb8@group-A50875D3B715-LeaderStateImpl
2021-08-15 13:12:12,743 [dd118232-85e1-4ba3-86d8-b3b6639effb8@group-A50875D3B715-LeaderElection39] INFO  segmented.SegmentedRaftLogWorker (SegmentedRaftLogWorker.java:startLogSegment(394)) - dd118232-85e1-4ba3-86d8-b3b6639effb8@group-A50875D3B715-SegmentedRaftLogWorker: Starting segment from index:0
2021-08-15 13:12:12,748 [dd118232-85e1-4ba3-86d8-b3b6639effb8@group-A50875D3B715-SegmentedRaftLogWorker] INFO  segmented.SegmentedRaftLogWorker (SegmentedRaftLogWorker.java:execute(601)) - dd118232-85e1-4ba3-86d8-b3b6639effb8@group-A50875D3B715-SegmentedRaftLogWorker: created new log segment /home/runner/work/ozone/ozone/hadoop-ozone/integration-test/target/test-dir/MiniOzoneClusterImpl-048a4f6d-23a9-42d5-a7f8-f934da4c6a5d/datanode-2/data/ratis/c5e92e9f-fd3f-4663-b5bc-a50875d3b715/current/log_inprogress_0
2021-08-15 13:12:12,773 [dd118232-85e1-4ba3-86d8-b3b6639effb8@group-A50875D3B715-LeaderElection39] INFO  server.RaftServer$Division (ServerState.java:setRaftConf(387)) - dd118232-85e1-4ba3-86d8-b3b6639effb8@group-A50875D3B715: set configuration 0: [dd118232-85e1-4ba3-86d8-b3b6639effb8|rpc:10.1.0.42:43377|dataStream:|priority:1], old=null
2021-08-15 13:12:13,639 [Listener at 127.0.0.1/41877] INFO  ozone.MiniOzoneClusterImpl (MiniOzoneClusterImpl.java:lambda$waitForClusterToBeReady$0(235)) - Nodes are ready. Got 3 of 3 DN Heartbeats.
2021-08-15 13:12:13,639 [Listener at 127.0.0.1/41877] INFO  ozone.MiniOzoneClusterImpl (MiniOzoneClusterImpl.java:lambda$waitForClusterToBeReady$0(238)) - Waiting for cluster to exit safe mode
2021-08-15 13:12:13,639 [Listener at 127.0.0.1/41877] INFO  ozone.MiniOzoneClusterImpl (MiniOzoneClusterImpl.java:lambda$waitForClusterToBeReady$0(240)) - SCM became leader
2021-08-15 13:12:14,639 [Listener at 127.0.0.1/41877] INFO  ozone.MiniOzoneClusterImpl (MiniOzoneClusterImpl.java:lambda$waitForClusterToBeReady$0(235)) - Nodes are ready. Got 3 of 3 DN Heartbeats.
2021-08-15 13:12:14,639 [Listener at 127.0.0.1/41877] INFO  ozone.MiniOzoneClusterImpl (MiniOzoneClusterImpl.java:lambda$waitForClusterToBeReady$0(238)) - Waiting for cluster to exit safe mode
2021-08-15 13:12:14,640 [Listener at 127.0.0.1/41877] INFO  ozone.MiniOzoneClusterImpl (MiniOzoneClusterImpl.java:lambda$waitForClusterToBeReady$0(240)) - SCM became leader
2021-08-15 13:12:15,640 [Listener at 127.0.0.1/41877] INFO  ozone.MiniOzoneClusterImpl (MiniOzoneClusterImpl.java:lambda$waitForClusterToBeReady$0(235)) - Nodes are ready. Got 3 of 3 DN Heartbeats.
2021-08-15 13:12:15,640 [Listener at 127.0.0.1/41877] INFO  ozone.MiniOzoneClusterImpl (MiniOzoneClusterImpl.java:lambda$waitForClusterToBeReady$0(238)) - Waiting for cluster to exit safe mode
2021-08-15 13:12:15,640 [Listener at 127.0.0.1/41877] INFO  ozone.MiniOzoneClusterImpl (MiniOzoneClusterImpl.java:lambda$waitForClusterToBeReady$0(240)) - SCM became leader
2021-08-15 13:12:16,641 [Listener at 127.0.0.1/41877] INFO  ozone.MiniOzoneClusterImpl (MiniOzoneClusterImpl.java:lambda$waitForClusterToBeReady$0(235)) - Nodes are ready. Got 3 of 3 DN Heartbeats.
2021-08-15 13:12:16,641 [Listener at 127.0.0.1/41877] INFO  ozone.MiniOzoneClusterImpl (MiniOzoneClusterImpl.java:lambda$waitForClusterToBeReady$0(238)) - Waiting for cluster to exit safe mode
2021-08-15 13:12:16,641 [Listener at 127.0.0.1/41877] INFO  ozone.MiniOzoneClusterImpl (MiniOzoneClusterImpl.java:lambda$waitForClusterToBeReady$0(240)) - SCM became leader
2021-08-15 13:12:16,875 [02f913b7-60d4-4225-a813-cf73e54e6f8a@group-1D84D338AFDC-FollowerState] INFO  impl.FollowerState (FollowerState.java:run(134)) - 02f913b7-60d4-4225-a813-cf73e54e6f8a@group-1D84D338AFDC-FollowerState: change to CANDIDATE, lastRpcElapsedTime:5048180219ns, electionTimeout:5047ms
2021-08-15 13:12:16,876 [02f913b7-60d4-4225-a813-cf73e54e6f8a@group-1D84D338AFDC-FollowerState] INFO  impl.RoleInfo (RoleInfo.java:shutdownFollowerState(108)) - 02f913b7-60d4-4225-a813-cf73e54e6f8a: shutdown 02f913b7-60d4-4225-a813-cf73e54e6f8a@group-1D84D338AFDC-FollowerState
2021-08-15 13:12:16,876 [02f913b7-60d4-4225-a813-cf73e54e6f8a@group-1D84D338AFDC-FollowerState] INFO  server.RaftServer$Division (RaftServerImpl.java:setRole(285)) - 02f913b7-60d4-4225-a813-cf73e54e6f8a@group-1D84D338AFDC: changes role from  FOLLOWER to CANDIDATE at term 1 for changeToCandidate
2021-08-15 13:12:16,876 [02f913b7-60d4-4225-a813-cf73e54e6f8a@group-1D84D338AFDC-FollowerState] INFO  server.RaftServerConfigKeys (ConfUtils.java:logGet(44)) - raft.server.leaderelection.pre-vote = false (custom)
2021-08-15 13:12:16,876 [02f913b7-60d4-4225-a813-cf73e54e6f8a@group-1D84D338AFDC-FollowerState] INFO  impl.RoleInfo (RoleInfo.java:updateAndGet(130)) - 02f913b7-60d4-4225-a813-cf73e54e6f8a: start 02f913b7-60d4-4225-a813-cf73e54e6f8a@group-1D84D338AFDC-LeaderElection40
2021-08-15 13:12:16,890 [02f913b7-60d4-4225-a813-cf73e54e6f8a@group-1D84D338AFDC-LeaderElection40] INFO  impl.LeaderElection (LeaderElection.java:askForVotes(306)) - 02f913b7-60d4-4225-a813-cf73e54e6f8a@group-1D84D338AFDC-LeaderElection40 ELECTION round 0: submit vote requests at term 2 for -1: [4a9aa4e1-3390-4ebe-823b-9f07154ce862|rpc:10.1.0.42:34883|priority:1, dd118232-85e1-4ba3-86d8-b3b6639effb8|rpc:10.1.0.42:43377|priority:0, 02f913b7-60d4-4225-a813-cf73e54e6f8a|rpc:10.1.0.42:35145|priority:0], old=null
2021-08-15 13:12:16,921 [grpc-default-executor-3] INFO  server.RaftServer$Division (RaftServerImpl.java:requestVote(1043)) - 4a9aa4e1-3390-4ebe-823b-9f07154ce862@group-1D84D338AFDC: receive requestVote(ELECTION, 02f913b7-60d4-4225-a813-cf73e54e6f8a, group-1D84D338AFDC, 2, (t:0, i:0))
2021-08-15 13:12:16,922 [grpc-default-executor-3] INFO  impl.VoteContext (VoteContext.java:log(48)) - 4a9aa4e1-3390-4ebe-823b-9f07154ce862@group-1D84D338AFDC-FOLLOWER: reject ELECTION from 02f913b7-60d4-4225-a813-cf73e54e6f8a: our priority 1 > candidate's priority 0
2021-08-15 13:12:16,922 [grpc-default-executor-3] INFO  server.RaftServer$Division (RaftServerImpl.java:setRole(285)) - 4a9aa4e1-3390-4ebe-823b-9f07154ce862@group-1D84D338AFDC: changes role from  FOLLOWER to FOLLOWER at term 2 for candidate:02f913b7-60d4-4225-a813-cf73e54e6f8a
2021-08-15 13:12:16,922 [grpc-default-executor-3] INFO  impl.RoleInfo (RoleInfo.java:shutdownFollowerState(108)) - 4a9aa4e1-3390-4ebe-823b-9f07154ce862: shutdown 4a9aa4e1-3390-4ebe-823b-9f07154ce862@group-1D84D338AFDC-FollowerState
2021-08-15 13:12:16,923 [grpc-default-executor-3] INFO  impl.RoleInfo (RoleInfo.java:updateAndGet(130)) - 4a9aa4e1-3390-4ebe-823b-9f07154ce862: start 4a9aa4e1-3390-4ebe-823b-9f07154ce862@group-1D84D338AFDC-FollowerState
2021-08-15 13:12:16,924 [4a9aa4e1-3390-4ebe-823b-9f07154ce862@group-1D84D338AFDC-FollowerState] INFO  impl.FollowerState (FollowerState.java:run(143)) - 4a9aa4e1-3390-4ebe-823b-9f07154ce862@group-1D84D338AFDC-FollowerState was interrupted: {}
java.lang.InterruptedException: sleep interrupted
	at java.lang.Thread.sleep(Native Method)
	at java.lang.Thread.sleep(Thread.java:340)
	at java.util.concurrent.TimeUnit.sleep(TimeUnit.java:386)
	at org.apache.ratis.util.TimeDuration.sleep(TimeDuration.java:324)
	at org.apache.ratis.util.TimeDuration.sleep(TimeDuration.java:309)
	at org.apache.ratis.server.impl.FollowerState.run(FollowerState.java:118)
2021-08-15 13:12:16,931 [grpc-default-executor-3] INFO  server.RaftServer$Division (RaftServerImpl.java:requestVote(1075)) - 4a9aa4e1-3390-4ebe-823b-9f07154ce862@group-1D84D338AFDC replies to ELECTION vote request: 02f913b7-60d4-4225-a813-cf73e54e6f8a<-4a9aa4e1-3390-4ebe-823b-9f07154ce862#0:FAIL-t2. Peer's state: 4a9aa4e1-3390-4ebe-823b-9f07154ce862@group-1D84D338AFDC:t2, leader=null, voted=null, raftlog=4a9aa4e1-3390-4ebe-823b-9f07154ce862@group-1D84D338AFDC-SegmentedRaftLog:OPENED:c-1,f-1,i0, conf=-1: [4a9aa4e1-3390-4ebe-823b-9f07154ce862|rpc:10.1.0.42:34883|dataStream:|priority:1, dd118232-85e1-4ba3-86d8-b3b6639effb8|rpc:10.1.0.42:43377|dataStream:|priority:0, 02f913b7-60d4-4225-a813-cf73e54e6f8a|rpc:10.1.0.42:35145|dataStream:|priority:0], old=null
2021-08-15 13:12:16,933 [02f913b7-60d4-4225-a813-cf73e54e6f8a@group-1D84D338AFDC-LeaderElection40] INFO  impl.LeaderElection (LeaderElection.java:logAndReturn(89)) - 02f913b7-60d4-4225-a813-cf73e54e6f8a@group-1D84D338AFDC-LeaderElection40: ELECTION REJECTED received 1 response(s) and 0 exception(s):
2021-08-15 13:12:16,933 [02f913b7-60d4-4225-a813-cf73e54e6f8a@group-1D84D338AFDC-LeaderElection40] INFO  impl.LeaderElection (LeaderElection.java:logAndReturn(93)) -   Response 0: 02f913b7-60d4-4225-a813-cf73e54e6f8a<-4a9aa4e1-3390-4ebe-823b-9f07154ce862#0:FAIL-t2
2021-08-15 13:12:16,933 [02f913b7-60d4-4225-a813-cf73e54e6f8a@group-1D84D338AFDC-LeaderElection40] INFO  impl.LeaderElection (LeaderElection.java:askForVotes(308)) - 02f913b7-60d4-4225-a813-cf73e54e6f8a@group-1D84D338AFDC-LeaderElection40 ELECTION round 0: result REJECTED
2021-08-15 13:12:16,933 [02f913b7-60d4-4225-a813-cf73e54e6f8a@group-1D84D338AFDC-LeaderElection40] INFO  server.RaftServer$Division (RaftServerImpl.java:setRole(285)) - 02f913b7-60d4-4225-a813-cf73e54e6f8a@group-1D84D338AFDC: changes role from CANDIDATE to FOLLOWER at term 2 for REJECTED
2021-08-15 13:12:16,933 [02f913b7-60d4-4225-a813-cf73e54e6f8a@group-1D84D338AFDC-LeaderElection40] INFO  impl.RoleInfo (RoleInfo.java:shutdownLeaderElection(121)) - 02f913b7-60d4-4225-a813-cf73e54e6f8a: shutdown 02f913b7-60d4-4225-a813-cf73e54e6f8a@group-1D84D338AFDC-LeaderElection40
2021-08-15 13:12:16,933 [02f913b7-60d4-4225-a813-cf73e54e6f8a@group-1D84D338AFDC-LeaderElection40] INFO  impl.RoleInfo (RoleInfo.java:updateAndGet(130)) - 02f913b7-60d4-4225-a813-cf73e54e6f8a: start 02f913b7-60d4-4225-a813-cf73e54e6f8a@group-1D84D338AFDC-FollowerState
2021-08-15 13:12:16,938 [dd118232-85e1-4ba3-86d8-b3b6639effb8@group-1D84D338AFDC-FollowerState] INFO  impl.FollowerState (FollowerState.java:run(134)) - dd118232-85e1-4ba3-86d8-b3b6639effb8@group-1D84D338AFDC-FollowerState: change to CANDIDATE, lastRpcElapsedTime:5089615175ns, electionTimeout:5079ms
2021-08-15 13:12:16,938 [dd118232-85e1-4ba3-86d8-b3b6639effb8@group-1D84D338AFDC-FollowerState] INFO  impl.RoleInfo (RoleInfo.java:shutdownFollowerState(108)) - dd118232-85e1-4ba3-86d8-b3b6639effb8: shutdown dd118232-85e1-4ba3-86d8-b3b6639effb8@group-1D84D338AFDC-FollowerState
2021-08-15 13:12:16,938 [dd118232-85e1-4ba3-86d8-b3b6639effb8@group-1D84D338AFDC-FollowerState] INFO  server.RaftServer$Division (RaftServerImpl.java:setRole(285)) - dd118232-85e1-4ba3-86d8-b3b6639effb8@group-1D84D338AFDC: changes role from  FOLLOWER to CANDIDATE at term 1 for changeToCandidate
2021-08-15 13:12:16,938 [dd118232-85e1-4ba3-86d8-b3b6639effb8@group-1D84D338AFDC-FollowerState] INFO  server.RaftServerConfigKeys (ConfUtils.java:logGet(44)) - raft.server.leaderelection.pre-vote = false (custom)
2021-08-15 13:12:16,938 [dd118232-85e1-4ba3-86d8-b3b6639effb8@group-1D84D338AFDC-FollowerState] INFO  impl.RoleInfo (RoleInfo.java:updateAndGet(130)) - dd118232-85e1-4ba3-86d8-b3b6639effb8: start dd118232-85e1-4ba3-86d8-b3b6639effb8@group-1D84D338AFDC-LeaderElection41
2021-08-15 13:12:16,964 [grpc-default-executor-3] INFO  server.RaftServer$Division (RaftServerImpl.java:requestVote(1043)) - dd118232-85e1-4ba3-86d8-b3b6639effb8@group-1D84D338AFDC: receive requestVote(ELECTION, 02f913b7-60d4-4225-a813-cf73e54e6f8a, group-1D84D338AFDC, 2, (t:0, i:0))
2021-08-15 13:12:16,965 [dd118232-85e1-4ba3-86d8-b3b6639effb8@group-1D84D338AFDC-LeaderElection41] INFO  impl.LeaderElection (LeaderElection.java:askForVotes(306)) - dd118232-85e1-4ba3-86d8-b3b6639effb8@group-1D84D338AFDC-LeaderElection41 ELECTION round 0: submit vote requests at term 2 for -1: [4a9aa4e1-3390-4ebe-823b-9f07154ce862|rpc:10.1.0.42:34883|dataStream:|priority:1, dd118232-85e1-4ba3-86d8-b3b6639effb8|rpc:10.1.0.42:43377|dataStream:|priority:0, 02f913b7-60d4-4225-a813-cf73e54e6f8a|rpc:10.1.0.42:35145|dataStream:|priority:0], old=null
2021-08-15 13:12:16,966 [grpc-default-executor-3] INFO  impl.VoteContext (VoteContext.java:log(48)) - dd118232-85e1-4ba3-86d8-b3b6639effb8@group-1D84D338AFDC-CANDIDATE: reject ELECTION from 02f913b7-60d4-4225-a813-cf73e54e6f8a: already has voted for dd118232-85e1-4ba3-86d8-b3b6639effb8 at current term 2
2021-08-15 13:12:16,968 [grpc-default-executor-3] INFO  server.RaftServer$Division (RaftServerImpl.java:requestVote(1075)) - dd118232-85e1-4ba3-86d8-b3b6639effb8@group-1D84D338AFDC replies to ELECTION vote request: 02f913b7-60d4-4225-a813-cf73e54e6f8a<-dd118232-85e1-4ba3-86d8-b3b6639effb8#0:FAIL-t2. Peer's state: dd118232-85e1-4ba3-86d8-b3b6639effb8@group-1D84D338AFDC:t2, leader=null, voted=dd118232-85e1-4ba3-86d8-b3b6639effb8, raftlog=dd118232-85e1-4ba3-86d8-b3b6639effb8@group-1D84D338AFDC-SegmentedRaftLog:OPENED:c-1,f-1,i0, conf=-1: [4a9aa4e1-3390-4ebe-823b-9f07154ce862|rpc:10.1.0.42:34883|dataStream:|priority:1, dd118232-85e1-4ba3-86d8-b3b6639effb8|rpc:10.1.0.42:43377|dataStream:|priority:0, 02f913b7-60d4-4225-a813-cf73e54e6f8a|rpc:10.1.0.42:35145|dataStream:|priority:0], old=null
2021-08-15 13:12:17,002 [grpc-default-executor-3] INFO  server.RaftServer$Division (RaftServerImpl.java:requestVote(1043)) - 02f913b7-60d4-4225-a813-cf73e54e6f8a@group-1D84D338AFDC: receive requestVote(ELECTION, dd118232-85e1-4ba3-86d8-b3b6639effb8, group-1D84D338AFDC, 2, (t:0, i:0))
2021-08-15 13:12:17,002 [grpc-default-executor-3] INFO  impl.VoteContext (VoteContext.java:log(48)) - 02f913b7-60d4-4225-a813-cf73e54e6f8a@group-1D84D338AFDC-FOLLOWER: reject ELECTION from dd118232-85e1-4ba3-86d8-b3b6639effb8: already has voted for 02f913b7-60d4-4225-a813-cf73e54e6f8a at current term 2
2021-08-15 13:12:17,002 [grpc-default-executor-3] INFO  server.RaftServer$Division (RaftServerImpl.java:requestVote(1075)) - 02f913b7-60d4-4225-a813-cf73e54e6f8a@group-1D84D338AFDC replies to ELECTION vote request: dd118232-85e1-4ba3-86d8-b3b6639effb8<-02f913b7-60d4-4225-a813-cf73e54e6f8a#0:FAIL-t2. Peer's state: 02f913b7-60d4-4225-a813-cf73e54e6f8a@group-1D84D338AFDC:t2, leader=null, voted=02f913b7-60d4-4225-a813-cf73e54e6f8a, raftlog=02f913b7-60d4-4225-a813-cf73e54e6f8a@group-1D84D338AFDC-SegmentedRaftLog:OPENED:c-1,f-1,i0, conf=-1: [4a9aa4e1-3390-4ebe-823b-9f07154ce862|rpc:10.1.0.42:34883|priority:1, dd118232-85e1-4ba3-86d8-b3b6639effb8|rpc:10.1.0.42:43377|priority:0, 02f913b7-60d4-4225-a813-cf73e54e6f8a|rpc:10.1.0.42:35145|priority:0], old=null
2021-08-15 13:12:17,002 [grpc-default-executor-2] INFO  server.RaftServer$Division (RaftServerImpl.java:requestVote(1043)) - 4a9aa4e1-3390-4ebe-823b-9f07154ce862@group-1D84D338AFDC: receive requestVote(ELECTION, dd118232-85e1-4ba3-86d8-b3b6639effb8, group-1D84D338AFDC, 2, (t:0, i:0))
2021-08-15 13:12:17,002 [grpc-default-executor-2] INFO  impl.VoteContext (VoteContext.java:log(48)) - 4a9aa4e1-3390-4ebe-823b-9f07154ce862@group-1D84D338AFDC-FOLLOWER: reject ELECTION from dd118232-85e1-4ba3-86d8-b3b6639effb8: our priority 1 > candidate's priority 0
2021-08-15 13:12:17,002 [grpc-default-executor-2] INFO  server.RaftServer$Division (RaftServerImpl.java:setRole(285)) - 4a9aa4e1-3390-4ebe-823b-9f07154ce862@group-1D84D338AFDC: changes role from  FOLLOWER to FOLLOWER at term 2 for candidate:dd118232-85e1-4ba3-86d8-b3b6639effb8
2021-08-15 13:12:17,002 [grpc-default-executor-2] INFO  impl.RoleInfo (RoleInfo.java:shutdownFollowerState(108)) - 4a9aa4e1-3390-4ebe-823b-9f07154ce862: shutdown 4a9aa4e1-3390-4ebe-823b-9f07154ce862@group-1D84D338AFDC-FollowerState
2021-08-15 13:12:17,003 [grpc-default-executor-2] INFO  impl.RoleInfo (RoleInfo.java:updateAndGet(130)) - 4a9aa4e1-3390-4ebe-823b-9f07154ce862: start 4a9aa4e1-3390-4ebe-823b-9f07154ce862@group-1D84D338AFDC-FollowerState
2021-08-15 13:12:17,003 [4a9aa4e1-3390-4ebe-823b-9f07154ce862@group-1D84D338AFDC-FollowerState] INFO  impl.FollowerState (FollowerState.java:run(143)) - 4a9aa4e1-3390-4ebe-823b-9f07154ce862@group-1D84D338AFDC-FollowerState was interrupted: {}
java.lang.InterruptedException: sleep interrupted
	at java.lang.Thread.sleep(Native Method)
	at java.lang.Thread.sleep(Thread.java:340)
	at java.util.concurrent.TimeUnit.sleep(TimeUnit.java:386)
	at org.apache.ratis.util.TimeDuration.sleep(TimeDuration.java:324)
	at org.apache.ratis.util.TimeDuration.sleep(TimeDuration.java:309)
	at org.apache.ratis.server.impl.FollowerState.run(FollowerState.java:118)
2021-08-15 13:12:17,003 [grpc-default-executor-2] INFO  server.RaftServer$Division (RaftServerImpl.java:requestVote(1075)) - 4a9aa4e1-3390-4ebe-823b-9f07154ce862@group-1D84D338AFDC replies to ELECTION vote request: dd118232-85e1-4ba3-86d8-b3b6639effb8<-4a9aa4e1-3390-4ebe-823b-9f07154ce862#0:FAIL-t2. Peer's state: 4a9aa4e1-3390-4ebe-823b-9f07154ce862@group-1D84D338AFDC:t2, leader=null, voted=null, raftlog=4a9aa4e1-3390-4ebe-823b-9f07154ce862@group-1D84D338AFDC-SegmentedRaftLog:OPENED:c-1,f-1,i0, conf=-1: [4a9aa4e1-3390-4ebe-823b-9f07154ce862|rpc:10.1.0.42:34883|dataStream:|priority:1, dd118232-85e1-4ba3-86d8-b3b6639effb8|rpc:10.1.0.42:43377|dataStream:|priority:0, 02f913b7-60d4-4225-a813-cf73e54e6f8a|rpc:10.1.0.42:35145|dataStream:|priority:0], old=null
2021-08-15 13:12:17,020 [dd118232-85e1-4ba3-86d8-b3b6639effb8@group-1D84D338AFDC-LeaderElection41] INFO  impl.LeaderElection (LeaderElection.java:logAndReturn(89)) - dd118232-85e1-4ba3-86d8-b3b6639effb8@group-1D84D338AFDC-LeaderElection41: ELECTION REJECTED received 1 response(s) and 0 exception(s):
2021-08-15 13:12:17,020 [dd118232-85e1-4ba3-86d8-b3b6639effb8@group-1D84D338AFDC-LeaderElection41] INFO  impl.LeaderElection (LeaderElection.java:logAndReturn(93)) -   Response 0: dd118232-85e1-4ba3-86d8-b3b6639effb8<-4a9aa4e1-3390-4ebe-823b-9f07154ce862#0:FAIL-t2
2021-08-15 13:12:17,020 [dd118232-85e1-4ba3-86d8-b3b6639effb8@group-1D84D338AFDC-LeaderElection41] INFO  impl.LeaderElection (LeaderElection.java:askForVotes(308)) - dd118232-85e1-4ba3-86d8-b3b6639effb8@group-1D84D338AFDC-LeaderElection41 ELECTION round 0: result REJECTED
2021-08-15 13:12:17,020 [dd118232-85e1-4ba3-86d8-b3b6639effb8@group-1D84D338AFDC-LeaderElection41] INFO  server.RaftServer$Division (RaftServerImpl.java:setRole(285)) - dd118232-85e1-4ba3-86d8-b3b6639effb8@group-1D84D338AFDC: changes role from CANDIDATE to FOLLOWER at term 2 for REJECTED
2021-08-15 13:12:17,020 [dd118232-85e1-4ba3-86d8-b3b6639effb8@group-1D84D338AFDC-LeaderElection41] INFO  impl.RoleInfo (RoleInfo.java:shutdownLeaderElection(121)) - dd118232-85e1-4ba3-86d8-b3b6639effb8: shutdown dd118232-85e1-4ba3-86d8-b3b6639effb8@group-1D84D338AFDC-LeaderElection41
2021-08-15 13:12:17,020 [dd118232-85e1-4ba3-86d8-b3b6639effb8@group-1D84D338AFDC-LeaderElection41] INFO  impl.RoleInfo (RoleInfo.java:updateAndGet(130)) - dd118232-85e1-4ba3-86d8-b3b6639effb8: start dd118232-85e1-4ba3-86d8-b3b6639effb8@group-1D84D338AFDC-FollowerState
2021-08-15 13:12:17,268 [dd118232-85e1-4ba3-86d8-b3b6639effb8@group-26C67ECF95D8-FollowerState] INFO  impl.FollowerState (FollowerState.java:run(134)) - dd118232-85e1-4ba3-86d8-b3b6639effb8@group-26C67ECF95D8-FollowerState: change to CANDIDATE, lastRpcElapsedTime:5074332217ns, electionTimeout:5064ms
2021-08-15 13:12:17,268 [dd118232-85e1-4ba3-86d8-b3b6639effb8@group-26C67ECF95D8-FollowerState] INFO  impl.RoleInfo (RoleInfo.java:shutdownFollowerState(108)) - dd118232-85e1-4ba3-86d8-b3b6639effb8: shutdown dd118232-85e1-4ba3-86d8-b3b6639effb8@group-26C67ECF95D8-FollowerState
2021-08-15 13:12:17,268 [dd118232-85e1-4ba3-86d8-b3b6639effb8@group-26C67ECF95D8-FollowerState] INFO  server.RaftServer$Division (RaftServerImpl.java:setRole(285)) - dd118232-85e1-4ba3-86d8-b3b6639effb8@group-26C67ECF95D8: changes role from  FOLLOWER to CANDIDATE at term 1 for changeToCandidate
2021-08-15 13:12:17,268 [dd118232-85e1-4ba3-86d8-b3b6639effb8@group-26C67ECF95D8-FollowerState] INFO  server.RaftServerConfigKeys (ConfUtils.java:logGet(44)) - raft.server.leaderelection.pre-vote = false (custom)
2021-08-15 13:12:17,268 [dd118232-85e1-4ba3-86d8-b3b6639effb8@group-26C67ECF95D8-FollowerState] INFO  impl.RoleInfo (RoleInfo.java:updateAndGet(130)) - dd118232-85e1-4ba3-86d8-b3b6639effb8: start dd118232-85e1-4ba3-86d8-b3b6639effb8@group-26C67ECF95D8-LeaderElection42
2021-08-15 13:12:17,280 [dd118232-85e1-4ba3-86d8-b3b6639effb8@group-26C67ECF95D8-LeaderElection42] INFO  impl.LeaderElection (LeaderElection.java:askForVotes(306)) - dd118232-85e1-4ba3-86d8-b3b6639effb8@group-26C67ECF95D8-LeaderElection42 ELECTION round 0: submit vote requests at term 2 for -1: [4a9aa4e1-3390-4ebe-823b-9f07154ce862|rpc:10.1.0.42:34883|dataStream:|priority:0, dd118232-85e1-4ba3-86d8-b3b6639effb8|rpc:10.1.0.42:43377|dataStream:|priority:1, 02f913b7-60d4-4225-a813-cf73e54e6f8a|rpc:10.1.0.42:35145|dataStream:|priority:0], old=null
2021-08-15 13:12:17,291 [grpc-default-executor-2] INFO  server.RaftServer$Division (RaftServerImpl.java:requestVote(1043)) - 4a9aa4e1-3390-4ebe-823b-9f07154ce862@group-26C67ECF95D8: receive requestVote(ELECTION, dd118232-85e1-4ba3-86d8-b3b6639effb8, group-26C67ECF95D8, 2, (t:0, i:0))
2021-08-15 13:12:17,292 [grpc-default-executor-2] INFO  impl.VoteContext (VoteContext.java:log(48)) - 4a9aa4e1-3390-4ebe-823b-9f07154ce862@group-26C67ECF95D8-FOLLOWER: accept ELECTION from dd118232-85e1-4ba3-86d8-b3b6639effb8: our priority 0 <= candidate's priority 1
2021-08-15 13:12:17,292 [grpc-default-executor-2] INFO  server.RaftServer$Division (RaftServerImpl.java:setRole(285)) - 4a9aa4e1-3390-4ebe-823b-9f07154ce862@group-26C67ECF95D8: changes role from  FOLLOWER to FOLLOWER at term 2 for candidate:dd118232-85e1-4ba3-86d8-b3b6639effb8
2021-08-15 13:12:17,292 [grpc-default-executor-2] INFO  impl.RoleInfo (RoleInfo.java:shutdownFollowerState(108)) - 4a9aa4e1-3390-4ebe-823b-9f07154ce862: shutdown 4a9aa4e1-3390-4ebe-823b-9f07154ce862@group-26C67ECF95D8-FollowerState
2021-08-15 13:12:17,292 [grpc-default-executor-2] INFO  impl.RoleInfo (RoleInfo.java:updateAndGet(130)) - 4a9aa4e1-3390-4ebe-823b-9f07154ce862: start 4a9aa4e1-3390-4ebe-823b-9f07154ce862@group-26C67ECF95D8-FollowerState
2021-08-15 13:12:17,294 [grpc-default-executor-2] INFO  server.RaftServer$Division (RaftServerImpl.java:requestVote(1075)) - 4a9aa4e1-3390-4ebe-823b-9f07154ce862@group-26C67ECF95D8 replies to ELECTION vote request: dd118232-85e1-4ba3-86d8-b3b6639effb8<-4a9aa4e1-3390-4ebe-823b-9f07154ce862#0:OK-t2. Peer's state: 4a9aa4e1-3390-4ebe-823b-9f07154ce862@group-26C67ECF95D8:t2, leader=null, voted=dd118232-85e1-4ba3-86d8-b3b6639effb8, raftlog=4a9aa4e1-3390-4ebe-823b-9f07154ce862@group-26C67ECF95D8-SegmentedRaftLog:OPENED:c-1,f-1,i0, conf=-1: [4a9aa4e1-3390-4ebe-823b-9f07154ce862|rpc:10.1.0.42:34883|dataStream:|priority:0, dd118232-85e1-4ba3-86d8-b3b6639effb8|rpc:10.1.0.42:43377|dataStream:|priority:1, 02f913b7-60d4-4225-a813-cf73e54e6f8a|rpc:10.1.0.42:35145|dataStream:|priority:0], old=null
2021-08-15 13:12:17,295 [dd118232-85e1-4ba3-86d8-b3b6639effb8@group-26C67ECF95D8-LeaderElection42] INFO  impl.LeaderElection (LeaderElection.java:logAndReturn(89)) - dd118232-85e1-4ba3-86d8-b3b6639effb8@group-26C67ECF95D8-LeaderElection42: ELECTION PASSED received 1 response(s) and 0 exception(s):
2021-08-15 13:12:17,295 [dd118232-85e1-4ba3-86d8-b3b6639effb8@group-26C67ECF95D8-LeaderElection42] INFO  impl.LeaderElection (LeaderElection.java:logAndReturn(93)) -   Response 0: dd118232-85e1-4ba3-86d8-b3b6639effb8<-4a9aa4e1-3390-4ebe-823b-9f07154ce862#0:OK-t2
2021-08-15 13:12:17,295 [dd118232-85e1-4ba3-86d8-b3b6639effb8@group-26C67ECF95D8-LeaderElection42] INFO  impl.LeaderElection (LeaderElection.java:askForVotes(308)) - dd118232-85e1-4ba3-86d8-b3b6639effb8@group-26C67ECF95D8-LeaderElection42 ELECTION round 0: result PASSED
2021-08-15 13:12:17,295 [dd118232-85e1-4ba3-86d8-b3b6639effb8@group-26C67ECF95D8-LeaderElection42] INFO  impl.RoleInfo (RoleInfo.java:shutdownLeaderElection(121)) - dd118232-85e1-4ba3-86d8-b3b6639effb8: shutdown dd118232-85e1-4ba3-86d8-b3b6639effb8@group-26C67ECF95D8-LeaderElection42
2021-08-15 13:12:17,295 [dd118232-85e1-4ba3-86d8-b3b6639effb8@group-26C67ECF95D8-LeaderElection42] INFO  server.RaftServer$Division (RaftServerImpl.java:setRole(285)) - dd118232-85e1-4ba3-86d8-b3b6639effb8@group-26C67ECF95D8: changes role from CANDIDATE to LEADER at term 2 for changeToLeader
2021-08-15 13:12:17,295 [dd118232-85e1-4ba3-86d8-b3b6639effb8@group-26C67ECF95D8-LeaderElection42] INFO  ratis.XceiverServerRatis (XceiverServerRatis.java:handleLeaderChangedNotification(861)) - Leader change notification received for group: group-26C67ECF95D8 with new leaderId: dd118232-85e1-4ba3-86d8-b3b6639effb8
2021-08-15 13:12:17,295 [dd118232-85e1-4ba3-86d8-b3b6639effb8@group-26C67ECF95D8-LeaderElection42] INFO  server.RaftServer$Division (ServerState.java:setLeader(285)) - dd118232-85e1-4ba3-86d8-b3b6639effb8@group-26C67ECF95D8: change Leader from null to dd118232-85e1-4ba3-86d8-b3b6639effb8 at term 2 for becomeLeader, leader elected after 10211ms
2021-08-15 13:12:17,295 [dd118232-85e1-4ba3-86d8-b3b6639effb8@group-26C67ECF95D8-LeaderElection42] INFO  server.RaftServerConfigKeys (ConfUtils.java:logGet(44)) - raft.server.staging.catchup.gap = 1000 (default)
2021-08-15 13:12:17,295 [Datanode State Machine Thread - 0] WARN  statemachine.StateContext (StateContext.java:execute(621)) - No available thread in pool for past 1 seconds.
2021-08-15 13:12:17,296 [dd118232-85e1-4ba3-86d8-b3b6639effb8@group-26C67ECF95D8-LeaderElection42] INFO  server.RaftServerConfigKeys (ConfUtils.java:logGet(44)) - raft.server.write.element-limit = 1024 (custom)
2021-08-15 13:12:17,296 [dd118232-85e1-4ba3-86d8-b3b6639effb8@group-26C67ECF95D8-LeaderElection42] INFO  server.RaftServerConfigKeys (ConfUtils.java:logGet(44)) - raft.server.write.byte-limit = 1024 M (=1073741824) (custom)
2021-08-15 13:12:17,296 [dd118232-85e1-4ba3-86d8-b3b6639effb8@group-26C67ECF95D8-LeaderElection42] INFO  server.RaftServerConfigKeys (ConfUtils.java:logGet(44)) - raft.server.watch.timeout = 180s (custom)
2021-08-15 13:12:17,296 [dd118232-85e1-4ba3-86d8-b3b6639effb8@group-26C67ECF95D8-LeaderElection42] INFO  server.RaftServerConfigKeys (ConfUtils.java:logGet(44)) - raft.server.watch.timeout.denomination = 1s (default)
2021-08-15 13:12:17,296 [dd118232-85e1-4ba3-86d8-b3b6639effb8@group-26C67ECF95D8-LeaderElection42] INFO  server.RaftServerConfigKeys (ConfUtils.java:logGet(44)) - raft.server.watch.element-limit = 65536 (default)
2021-08-15 13:12:17,296 [dd118232-85e1-4ba3-86d8-b3b6639effb8@group-26C67ECF95D8-LeaderElection42] INFO  server.RaftServerConfigKeys (ConfUtils.java:logGet(44)) - raft.server.log.appender.snapshot.chunk.size.max = 16MB (=16777216) (default)
2021-08-15 13:12:17,296 [dd118232-85e1-4ba3-86d8-b3b6639effb8@group-26C67ECF95D8-LeaderElection42] INFO  server.RaftServerConfigKeys (ConfUtils.java:logGet(44)) - raft.server.log.appender.buffer.byte-limit = 33554432 (custom)
2021-08-15 13:12:17,297 [dd118232-85e1-4ba3-86d8-b3b6639effb8@group-26C67ECF95D8-LeaderElection42] INFO  server.RaftServerConfigKeys (ConfUtils.java:logGet(44)) - raft.server.log.appender.buffer.element-limit = 1 (custom)
2021-08-15 13:12:17,297 [dd118232-85e1-4ba3-86d8-b3b6639effb8@group-26C67ECF95D8-LeaderElection42] INFO  grpc.GrpcConfigKeys (ConfUtils.java:logGet(44)) - raft.grpc.server.leader.outstanding.appends.max = 128 (default)
2021-08-15 13:12:17,297 [dd118232-85e1-4ba3-86d8-b3b6639effb8@group-26C67ECF95D8-LeaderElection42] INFO  server.RaftServerConfigKeys (ConfUtils.java:logGet(44)) - raft.server.rpc.request.timeout = 60s (custom)
2021-08-15 13:12:17,297 [dd118232-85e1-4ba3-86d8-b3b6639effb8@group-26C67ECF95D8-LeaderElection42] INFO  server.RaftServerConfigKeys (ConfUtils.java:logGet(44)) - raft.server.log.appender.install.snapshot.enabled = false (custom)
2021-08-15 13:12:17,298 [dd118232-85e1-4ba3-86d8-b3b6639effb8@group-26C67ECF95D8-LeaderElection42] INFO  server.RaftServerConfigKeys (ConfUtils.java:logGet(44)) - raft.server.log.appender.snapshot.chunk.size.max = 16MB (=16777216) (default)
2021-08-15 13:12:17,298 [dd118232-85e1-4ba3-86d8-b3b6639effb8@group-26C67ECF95D8-LeaderElection42] INFO  server.RaftServerConfigKeys (ConfUtils.java:logGet(44)) - raft.server.log.appender.buffer.byte-limit = 33554432 (custom)
2021-08-15 13:12:17,298 [dd118232-85e1-4ba3-86d8-b3b6639effb8@group-26C67ECF95D8-LeaderElection42] INFO  server.RaftServerConfigKeys (ConfUtils.java:logGet(44)) - raft.server.log.appender.buffer.element-limit = 1 (custom)
2021-08-15 13:12:17,298 [dd118232-85e1-4ba3-86d8-b3b6639effb8@group-26C67ECF95D8-LeaderElection42] INFO  grpc.GrpcConfigKeys (ConfUtils.java:logGet(44)) - raft.grpc.server.leader.outstanding.appends.max = 128 (default)
2021-08-15 13:12:17,298 [dd118232-85e1-4ba3-86d8-b3b6639effb8@group-26C67ECF95D8-LeaderElection42] INFO  server.RaftServerConfigKeys (ConfUtils.java:logGet(44)) - raft.server.rpc.request.timeout = 60s (custom)
2021-08-15 13:12:17,298 [dd118232-85e1-4ba3-86d8-b3b6639effb8@group-26C67ECF95D8-LeaderElection42] INFO  server.RaftServerConfigKeys (ConfUtils.java:logGet(44)) - raft.server.log.appender.install.snapshot.enabled = false (custom)
2021-08-15 13:12:17,299 [dd118232-85e1-4ba3-86d8-b3b6639effb8@group-26C67ECF95D8-LeaderElection42] INFO  impl.RoleInfo (RoleInfo.java:updateAndGet(130)) - dd118232-85e1-4ba3-86d8-b3b6639effb8: start dd118232-85e1-4ba3-86d8-b3b6639effb8@group-26C67ECF95D8-LeaderStateImpl
2021-08-15 13:12:17,299 [dd118232-85e1-4ba3-86d8-b3b6639effb8@group-26C67ECF95D8-LeaderElection42] INFO  segmented.SegmentedRaftLogWorker (SegmentedRaftLogWorker.java:startLogSegment(394)) - dd118232-85e1-4ba3-86d8-b3b6639effb8@group-26C67ECF95D8-SegmentedRaftLogWorker: Starting segment from index:0
2021-08-15 13:12:17,302 [EventQueue-PipelineReportForPipelineReportHandler] INFO  pipeline.PipelineManagerImpl (PipelineManagerImpl.java:openPipeline(283)) - Pipeline Pipeline[ Id: e3c4f94f-d294-4c08-914d-26c67ecf95d8, Nodes: 4a9aa4e1-3390-4ebe-823b-9f07154ce862{ip: 10.1.0.42, host: fv-az291-680.wgnan5asplgejimfprtllbpdch.jx.internal.cloudapp.net, ports: [REPLICATION=38509, RATIS=34883, RATIS_ADMIN=34883, RATIS_SERVER=34883, STANDALONE=43903], networkLocation: /default-rack, certSerialId: null, persistedOpState: IN_SERVICE, persistedOpStateExpiryEpochSec: 0}02f913b7-60d4-4225-a813-cf73e54e6f8a{ip: 10.1.0.42, host: fv-az291-680.wgnan5asplgejimfprtllbpdch.jx.internal.cloudapp.net, ports: [REPLICATION=42575, RATIS=35145, RATIS_ADMIN=35145, RATIS_SERVER=35145, STANDALONE=39831], networkLocation: /default-rack, certSerialId: null, persistedOpState: IN_SERVICE, persistedOpStateExpiryEpochSec: 0}dd118232-85e1-4ba3-86d8-b3b6639effb8{ip: 10.1.0.42, host: fv-az291-680.wgnan5asplgejimfprtllbpdch.jx.internal.cloudapp.net, ports: [REPLICATION=33721, RATIS=43377, RATIS_ADMIN=43377, RATIS_SERVER=43377, STANDALONE=35173], networkLocation: /default-rack, certSerialId: null, persistedOpState: IN_SERVICE, persistedOpStateExpiryEpochSec: 0}, ReplicationConfig: RATIS/THREE, State:ALLOCATED, leaderId:dd118232-85e1-4ba3-86d8-b3b6639effb8, CreationTimestamp2021-08-15T13:12:04.655Z[Etc/UTC]] moved to OPEN state
2021-08-15 13:12:17,302 [EventQueue-OpenPipelineForHealthyPipelineSafeModeRule] INFO  safemode.SCMSafeModeManager (HealthyPipelineSafeModeRule.java:process(124)) - SCM in safe mode. Healthy pipelines reported count is 0, required healthy pipeline reported count is 1
2021-08-15 13:12:17,302 [EventQueue-OpenPipelineForHealthyPipelineSafeModeRule] INFO  safemode.SCMSafeModeManager (HealthyPipelineSafeModeRule.java:process(124)) - SCM in safe mode. Healthy pipelines reported count is 1, required healthy pipeline reported count is 1
2021-08-15 13:12:17,302 [EventQueue-OpenPipelineForHealthyPipelineSafeModeRule] INFO  safemode.SCMSafeModeManager (SCMSafeModeManager.java:validateSafeModeExitRules(204)) - HealthyPipelineSafeModeRule rule is successfully validated
2021-08-15 13:12:17,302 [EventQueue-OpenPipelineForHealthyPipelineSafeModeRule] INFO  safemode.SCMSafeModeManager (SCMSafeModeManager.java:validateSafeModeExitRules(219)) - ScmSafeModeManager, all rules are successfully validated
2021-08-15 13:12:17,302 [EventQueue-OpenPipelineForHealthyPipelineSafeModeRule] INFO  safemode.SCMSafeModeManager (SCMSafeModeManager.java:exitSafeMode(248)) - SCM exiting safe mode.
2021-08-15 13:12:17,302 [EventQueue-OpenPipelineForHealthyPipelineSafeModeRule] WARN  events.EventQueue (EventQueue.java:fireEvent(194)) - No event handler registered for event TypedEvent{payloadType=SafeModeStatus, name='Safe mode status'}
2021-08-15 13:12:17,303 [EventQueue-OpenPipelineForHealthyPipelineSafeModeRule] INFO  ha.SCMContext (SCMContext.java:updateSafeModeStatus(205)) - Update SafeModeStatus from SafeModeStatus{safeModeStatus=true, preCheckPassed=true} to SafeModeStatus{safeModeStatus=false, preCheckPassed=true}.
2021-08-15 13:12:17,303 [EventQueue-OpenPipelineForHealthyPipelineSafeModeRule] INFO  pipeline.BackgroundPipelineCreator (BackgroundPipelineCreatorV2.java:notifyStatusChanged(264)) - Service BackgroundPipelineCreator transitions to RUNNING.
2021-08-15 13:12:17,303 [EventQueue-OpenPipelineForHealthyPipelineSafeModeRule] INFO  container.ReplicationManager (ReplicationManager.java:notifyStatusChanged(1679)) - Service ReplicationManager transitions to RUNNING.
2021-08-15 13:12:17,308 [dd118232-85e1-4ba3-86d8-b3b6639effb8@group-26C67ECF95D8-SegmentedRaftLogWorker] INFO  segmented.SegmentedRaftLogWorker (SegmentedRaftLogWorker.java:execute(601)) - dd118232-85e1-4ba3-86d8-b3b6639effb8@group-26C67ECF95D8-SegmentedRaftLogWorker: created new log segment /home/runner/work/ozone/ozone/hadoop-ozone/integration-test/target/test-dir/MiniOzoneClusterImpl-048a4f6d-23a9-42d5-a7f8-f934da4c6a5d/datanode-2/data/ratis/e3c4f94f-d294-4c08-914d-26c67ecf95d8/current/log_inprogress_0
2021-08-15 13:12:17,313 [grpc-default-executor-3] INFO  ratis.XceiverServerRatis (XceiverServerRatis.java:handleLeaderChangedNotification(861)) - Leader change notification received for group: group-26C67ECF95D8 with new leaderId: dd118232-85e1-4ba3-86d8-b3b6639effb8
2021-08-15 13:12:17,313 [grpc-default-executor-3] INFO  server.RaftServer$Division (ServerState.java:setLeader(285)) - 4a9aa4e1-3390-4ebe-823b-9f07154ce862@group-26C67ECF95D8: change Leader from null to dd118232-85e1-4ba3-86d8-b3b6639effb8 at term 2 for appendEntries, leader elected after 10301ms
2021-08-15 13:12:17,316 [dd118232-85e1-4ba3-86d8-b3b6639effb8@group-26C67ECF95D8-LeaderElection42] INFO  server.RaftServer$Division (ServerState.java:setRaftConf(387)) - dd118232-85e1-4ba3-86d8-b3b6639effb8@group-26C67ECF95D8: set configuration 0: [4a9aa4e1-3390-4ebe-823b-9f07154ce862|rpc:10.1.0.42:34883|dataStream:|priority:0, dd118232-85e1-4ba3-86d8-b3b6639effb8|rpc:10.1.0.42:43377|dataStream:|priority:1, 02f913b7-60d4-4225-a813-cf73e54e6f8a|rpc:10.1.0.42:35145|dataStream:|priority:0], old=null
2021-08-15 13:12:17,327 [4a9aa4e1-3390-4ebe-823b-9f07154ce862@group-26C67ECF95D8-FollowerState] INFO  impl.FollowerState (FollowerState.java:run(143)) - 4a9aa4e1-3390-4ebe-823b-9f07154ce862@group-26C67ECF95D8-FollowerState was interrupted: {}
java.lang.InterruptedException: sleep interrupted
	at java.lang.Thread.sleep(Native Method)
	at java.lang.Thread.sleep(Thread.java:340)
	at java.util.concurrent.TimeUnit.sleep(TimeUnit.java:386)
	at org.apache.ratis.util.TimeDuration.sleep(TimeDuration.java:324)
	at org.apache.ratis.util.TimeDuration.sleep(TimeDuration.java:309)
	at org.apache.ratis.server.impl.FollowerState.run(FollowerState.java:118)
2021-08-15 13:12:17,345 [grpc-default-executor-0] INFO  ratis.XceiverServerRatis (XceiverServerRatis.java:handleLeaderChangedNotification(861)) - Leader change notification received for group: group-26C67ECF95D8 with new leaderId: dd118232-85e1-4ba3-86d8-b3b6639effb8
2021-08-15 13:12:17,345 [grpc-default-executor-0] INFO  server.RaftServer$Division (ServerState.java:setLeader(285)) - 02f913b7-60d4-4225-a813-cf73e54e6f8a@group-26C67ECF95D8: change Leader from null to dd118232-85e1-4ba3-86d8-b3b6639effb8 at term 2 for appendEntries, leader elected after 10390ms
2021-08-15 13:12:17,352 [grpc-default-executor-3] INFO  server.RaftServer$Division (ServerState.java:setRaftConf(387)) - 4a9aa4e1-3390-4ebe-823b-9f07154ce862@group-26C67ECF95D8: set configuration 0: [4a9aa4e1-3390-4ebe-823b-9f07154ce862|rpc:10.1.0.42:34883|dataStream:|priority:0, dd118232-85e1-4ba3-86d8-b3b6639effb8|rpc:10.1.0.42:43377|dataStream:|priority:1, 02f913b7-60d4-4225-a813-cf73e54e6f8a|rpc:10.1.0.42:35145|dataStream:|priority:0], old=null
2021-08-15 13:12:17,352 [grpc-default-executor-3] INFO  segmented.SegmentedRaftLogWorker (SegmentedRaftLogWorker.java:startLogSegment(394)) - 4a9aa4e1-3390-4ebe-823b-9f07154ce862@group-26C67ECF95D8-SegmentedRaftLogWorker: Starting segment from index:0
2021-08-15 13:12:17,362 [grpc-default-executor-2] INFO  server.RaftServer$Division (RaftServerImpl.java:requestVote(1043)) - 02f913b7-60d4-4225-a813-cf73e54e6f8a@group-26C67ECF95D8: receive requestVote(ELECTION, dd118232-85e1-4ba3-86d8-b3b6639effb8, group-26C67ECF95D8, 2, (t:0, i:0))
2021-08-15 13:12:17,363 [grpc-default-executor-2] INFO  impl.VoteContext (VoteContext.java:log(48)) - 02f913b7-60d4-4225-a813-cf73e54e6f8a@group-26C67ECF95D8-FOLLOWER: reject ELECTION from dd118232-85e1-4ba3-86d8-b3b6639effb8: this server is a follower and still has a valid leader dd118232-85e1-4ba3-86d8-b3b6639effb8
2021-08-15 13:12:17,363 [grpc-default-executor-2] INFO  server.RaftServer$Division (RaftServerImpl.java:requestVote(1075)) - 02f913b7-60d4-4225-a813-cf73e54e6f8a@group-26C67ECF95D8 replies to ELECTION vote request: dd118232-85e1-4ba3-86d8-b3b6639effb8<-02f913b7-60d4-4225-a813-cf73e54e6f8a#0:FAIL-t2. Peer's state: 02f913b7-60d4-4225-a813-cf73e54e6f8a@group-26C67ECF95D8:t2, leader=dd118232-85e1-4ba3-86d8-b3b6639effb8, voted=null, raftlog=02f913b7-60d4-4225-a813-cf73e54e6f8a@group-26C67ECF95D8-SegmentedRaftLog:OPENED:c-1,f-1,i0, conf=-1: [4a9aa4e1-3390-4ebe-823b-9f07154ce862|rpc:10.1.0.42:34883|priority:0, dd118232-85e1-4ba3-86d8-b3b6639effb8|rpc:10.1.0.42:43377|priority:1, 02f913b7-60d4-4225-a813-cf73e54e6f8a|rpc:10.1.0.42:35145|priority:0], old=null
2021-08-15 13:12:17,366 [4a9aa4e1-3390-4ebe-823b-9f07154ce862@group-26C67ECF95D8-SegmentedRaftLogWorker] INFO  segmented.SegmentedRaftLogWorker (SegmentedRaftLogWorker.java:execute(601)) - 4a9aa4e1-3390-4ebe-823b-9f07154ce862@group-26C67ECF95D8-SegmentedRaftLogWorker: created new log segment /home/runner/work/ozone/ozone/hadoop-ozone/integration-test/target/test-dir/MiniOzoneClusterImpl-048a4f6d-23a9-42d5-a7f8-f934da4c6a5d/datanode-1/data/ratis/e3c4f94f-d294-4c08-914d-26c67ecf95d8/current/log_inprogress_0
2021-08-15 13:12:17,376 [grpc-default-executor-0] INFO  server.RaftServer$Division (ServerState.java:setRaftConf(387)) - 02f913b7-60d4-4225-a813-cf73e54e6f8a@group-26C67ECF95D8: set configuration 0: [4a9aa4e1-3390-4ebe-823b-9f07154ce862|rpc:10.1.0.42:34883|dataStream:|priority:0, dd118232-85e1-4ba3-86d8-b3b6639effb8|rpc:10.1.0.42:43377|dataStream:|priority:1, 02f913b7-60d4-4225-a813-cf73e54e6f8a|rpc:10.1.0.42:35145|dataStream:|priority:0], old=null
2021-08-15 13:12:17,376 [grpc-default-executor-0] INFO  segmented.SegmentedRaftLogWorker (SegmentedRaftLogWorker.java:startLogSegment(394)) - 02f913b7-60d4-4225-a813-cf73e54e6f8a@group-26C67ECF95D8-SegmentedRaftLogWorker: Starting segment from index:0
2021-08-15 13:12:17,381 [02f913b7-60d4-4225-a813-cf73e54e6f8a@group-26C67ECF95D8-SegmentedRaftLogWorker] INFO  segmented.SegmentedRaftLogWorker (SegmentedRaftLogWorker.java:execute(601)) - 02f913b7-60d4-4225-a813-cf73e54e6f8a@group-26C67ECF95D8-SegmentedRaftLogWorker: created new log segment /home/runner/work/ozone/ozone/hadoop-ozone/integration-test/target/test-dir/MiniOzoneClusterImpl-048a4f6d-23a9-42d5-a7f8-f934da4c6a5d/datanode-0/data/ratis/e3c4f94f-d294-4c08-914d-26c67ecf95d8/current/log_inprogress_0
2021-08-15 13:12:17,641 [Listener at 127.0.0.1/41877] INFO  ozone.MiniOzoneClusterImpl (MiniOzoneClusterImpl.java:lambda$waitForClusterToBeReady$0(235)) - Nodes are ready. Got 3 of 3 DN Heartbeats.
2021-08-15 13:12:17,641 [Listener at 127.0.0.1/41877] INFO  ozone.MiniOzoneClusterImpl (MiniOzoneClusterImpl.java:lambda$waitForClusterToBeReady$0(238)) - Cluster exits safe mode
2021-08-15 13:12:17,641 [Listener at 127.0.0.1/41877] INFO  ozone.MiniOzoneClusterImpl (MiniOzoneClusterImpl.java:lambda$waitForClusterToBeReady$0(240)) - SCM became leader
2021-08-15 13:12:17,641 [Listener at 127.0.0.1/41877] INFO  ha.SequenceIdGenerator (SequenceIdGenerator.java:getNextId(127)) - Allocate a batch for containerId, change lastId from 0 to 1000.
2021-08-15 13:12:19,203 [Listener at 127.0.0.1/41877] ERROR ratis.XceiverServerRatis (XceiverServerRatis.java:triggerPipelineClose(676)) - pipeline Action CLOSE on pipeline PipelineID=e3c4f94f-d294-4c08-914d-26c67ecf95d8.Reason : Unspecified failure reported in Ratis log
2021-08-15 13:12:19,203 [Datanode State Machine Thread - 0] WARN  statemachine.StateContext (StateContext.java:execute(621)) - No available thread in pool for past 1 seconds.
2021-08-15 13:12:19,230 [EventQueue-PipelineActionsForPipelineActionHandler] INFO  pipeline.PipelineActionHandler (PipelineActionHandler.java:processPipelineAction(82)) - Received pipeline action CLOSE for PipelineID=e3c4f94f-d294-4c08-914d-26c67ecf95d8 from datanode 4a9aa4e1-3390-4ebe-823b-9f07154ce862. Reason : Unspecified failure reported in Ratis log
2021-08-15 13:12:19,231 [EventQueue-PipelineActionsForPipelineActionHandler] INFO  pipeline.PipelineManagerImpl (PipelineManagerImpl.java:closePipeline(343)) - Pipeline Pipeline[ Id: e3c4f94f-d294-4c08-914d-26c67ecf95d8, Nodes: 4a9aa4e1-3390-4ebe-823b-9f07154ce862{ip: 10.1.0.42, host: fv-az291-680.wgnan5asplgejimfprtllbpdch.jx.internal.cloudapp.net, ports: [REPLICATION=38509, RATIS=34883, RATIS_ADMIN=34883, RATIS_SERVER=34883, STANDALONE=43903], networkLocation: /default-rack, certSerialId: null, persistedOpState: IN_SERVICE, persistedOpStateExpiryEpochSec: 0}02f913b7-60d4-4225-a813-cf73e54e6f8a{ip: 10.1.0.42, host: fv-az291-680.wgnan5asplgejimfprtllbpdch.jx.internal.cloudapp.net, ports: [REPLICATION=42575, RATIS=35145, RATIS_ADMIN=35145, RATIS_SERVER=35145, STANDALONE=39831], networkLocation: /default-rack, certSerialId: null, persistedOpState: IN_SERVICE, persistedOpStateExpiryEpochSec: 0}dd118232-85e1-4ba3-86d8-b3b6639effb8{ip: 10.1.0.42, host: fv-az291-680.wgnan5asplgejimfprtllbpdch.jx.internal.cloudapp.net, ports: [REPLICATION=33721, RATIS=43377, RATIS_ADMIN=43377, RATIS_SERVER=43377, STANDALONE=35173], networkLocation: /default-rack, certSerialId: null, persistedOpState: IN_SERVICE, persistedOpStateExpiryEpochSec: 0}, ReplicationConfig: RATIS/THREE, State:OPEN, leaderId:dd118232-85e1-4ba3-86d8-b3b6639effb8, CreationTimestamp2021-08-15T13:12:04.655Z[Etc/UTC]] moved to CLOSED state
2021-08-15 13:12:19,262 [EventQueue-PipelineActionsForPipelineActionHandler] INFO  pipeline.RatisPipelineProvider (RatisPipelineProvider.java:lambda$close$1(222)) - Send pipeline:PipelineID=e3c4f94f-d294-4c08-914d-26c67ecf95d8 close command to datanode 4a9aa4e1-3390-4ebe-823b-9f07154ce862
2021-08-15 13:12:19,262 [EventQueue-PipelineActionsForPipelineActionHandler] INFO  pipeline.RatisPipelineProvider (RatisPipelineProvider.java:lambda$close$1(222)) - Send pipeline:PipelineID=e3c4f94f-d294-4c08-914d-26c67ecf95d8 close command to datanode 02f913b7-60d4-4225-a813-cf73e54e6f8a
2021-08-15 13:12:19,263 [EventQueue-PipelineActionsForPipelineActionHandler] INFO  pipeline.RatisPipelineProvider (RatisPipelineProvider.java:lambda$close$1(222)) - Send pipeline:PipelineID=e3c4f94f-d294-4c08-914d-26c67ecf95d8 close command to datanode dd118232-85e1-4ba3-86d8-b3b6639effb8
2021-08-15 13:12:19,271 [EventQueue-PipelineActionsForPipelineActionHandler] INFO  pipeline.PipelineStateManager (PipelineStateManagerV2Impl.java:removePipeline(211)) - Pipeline Pipeline[ Id: e3c4f94f-d294-4c08-914d-26c67ecf95d8, Nodes: 4a9aa4e1-3390-4ebe-823b-9f07154ce862{ip: 10.1.0.42, host: fv-az291-680.wgnan5asplgejimfprtllbpdch.jx.internal.cloudapp.net, ports: [REPLICATION=38509, RATIS=34883, RATIS_ADMIN=34883, RATIS_SERVER=34883, STANDALONE=43903], networkLocation: /default-rack, certSerialId: null, persistedOpState: IN_SERVICE, persistedOpStateExpiryEpochSec: 0}02f913b7-60d4-4225-a813-cf73e54e6f8a{ip: 10.1.0.42, host: fv-az291-680.wgnan5asplgejimfprtllbpdch.jx.internal.cloudapp.net, ports: [REPLICATION=42575, RATIS=35145, RATIS_ADMIN=35145, RATIS_SERVER=35145, STANDALONE=39831], networkLocation: /default-rack, certSerialId: null, persistedOpState: IN_SERVICE, persistedOpStateExpiryEpochSec: 0}dd118232-85e1-4ba3-86d8-b3b6639effb8{ip: 10.1.0.42, host: fv-az291-680.wgnan5asplgejimfprtllbpdch.jx.internal.cloudapp.net, ports: [REPLICATION=33721, RATIS=43377, RATIS_ADMIN=43377, RATIS_SERVER=43377, STANDALONE=35173], networkLocation: /default-rack, certSerialId: null, persistedOpState: IN_SERVICE, persistedOpStateExpiryEpochSec: 0}, ReplicationConfig: RATIS/THREE, State:CLOSED, leaderId:dd118232-85e1-4ba3-86d8-b3b6639effb8, CreationTimestamp2021-08-15T13:12:04.655Z[Etc/UTC]] removed.
2021-08-15 13:12:19,280 [EventQueue-CloseContainerForCloseContainerEventHandler] INFO  container.CloseContainerEventHandler (CloseContainerEventHandler.java:onMessage(69)) - Close container Event triggered for container : #1
2021-08-15 13:12:19,281 [EventQueue-CloseContainerForCloseContainerEventHandler] INFO  pipeline.PipelineStateManager (PipelineStateManagerV2Impl.java:removeContainerFromPipeline(237)) - Pipeline PipelineID=e3c4f94f-d294-4c08-914d-26c67ecf95d8 is not found in the pipeline2ContainerMap. Pipeline may have been closed already.
2021-08-15 13:12:19,281 [EventQueue-CloseContainerForCloseContainerEventHandler] INFO  container.CloseContainerEventHandler (CloseContainerEventHandler.java:onMessage(69)) - Close container Event triggered for container : #2
2021-08-15 13:12:19,282 [EventQueue-CloseContainerForCloseContainerEventHandler] INFO  pipeline.PipelineStateManager (PipelineStateManagerV2Impl.java:removeContainerFromPipeline(237)) - Pipeline PipelineID=e3c4f94f-d294-4c08-914d-26c67ecf95d8 is not found in the pipeline2ContainerMap. Pipeline may have been closed already.
2021-08-15 13:12:19,620 [Listener at 127.0.0.1/41877] INFO  ozone.MiniOzoneClusterImpl (MiniOzoneClusterImpl.java:shutdown(453)) - Shutting down the Mini Ozone Cluster
2021-08-15 13:12:19,624 [Listener at 127.0.0.1/41877] INFO  ozone.MiniOzoneClusterImpl (MiniOzoneClusterImpl.java:stop(468)) - Stopping the Mini Ozone Cluster
2021-08-15 13:12:19,624 [Listener at 127.0.0.1/41877] INFO  ozone.MiniOzoneClusterImpl (MiniOzoneClusterImpl.java:stopOM(550)) - Stopping the OzoneManager
2021-08-15 13:12:19,628 [Listener at 127.0.0.1/41877] INFO  om.OzoneManager (OzoneManager.java:stop(1632)) - Stopping Ozone Manager
2021-08-15 13:12:19,628 [Listener at 127.0.0.1/41877] INFO  ipc.Server (Server.java:stop(3414)) - Stopping server on 41877
2021-08-15 13:12:19,666 [IPC Server listener on 0] INFO  ipc.Server (Server.java:run(1376)) - Stopping IPC Server listener on 0
2021-08-15 13:12:19,666 [IPC Server Responder] INFO  ipc.Server (Server.java:run(1512)) - Stopping IPC Server Responder
2021-08-15 13:12:19,690 [Listener at 127.0.0.1/41877] INFO  server.RaftServer (RaftServerProxy.java:lambda$close$6(391)) - om1: close
2021-08-15 13:12:19,691 [Listener at 127.0.0.1/41877] INFO  server.RaftServer$Division (RaftServerImpl.java:lambda$close$4(407)) - om1@group-C5BA1605619E: shutdown
2021-08-15 13:12:19,691 [Listener at 127.0.0.1/41877] INFO  util.JmxRegister (JmxRegister.java:unregister(73)) - Successfully un-registered JMX Bean with object name Ratis:service=RaftServer,group=group-C5BA1605619E,id=om1
2021-08-15 13:12:19,691 [Listener at 127.0.0.1/41877] INFO  impl.RoleInfo (RoleInfo.java:shutdownLeaderState(91)) - om1: shutdown om1@group-C5BA1605619E-LeaderStateImpl
2021-08-15 13:12:19,691 [Listener at 127.0.0.1/41877] INFO  impl.PendingRequests (PendingRequests.java:sendNotLeaderResponses(282)) - om1@group-C5BA1605619E-PendingRequests: sendNotLeaderResponses
2021-08-15 13:12:19,694 [om1@group-C5BA1605619E-StateMachineUpdater] INFO  ratis.OzoneManagerStateMachine (OzoneManagerStateMachine.java:takeSnapshot(417)) - Current Snapshot Index (t:1, i:0)
2021-08-15 13:12:19,695 [om1@group-C5BA1605619E-StateMachineUpdater] INFO  impl.StateMachineUpdater (StateMachineUpdater.java:takeSnapshot(281)) - om1@group-C5BA1605619E-StateMachineUpdater: Took a snapshot at index 0
2021-08-15 13:12:19,695 [om1@group-C5BA1605619E-StateMachineUpdater] INFO  impl.StateMachineUpdater (StateMachineUpdater.java:lambda$new$0(89)) - om1@group-C5BA1605619E-StateMachineUpdater: snapshotIndex: updateIncreasingly -1 -> 0
2021-08-15 13:12:19,695 [om1@group-C5BA1605619E-StateMachineUpdater] INFO  ratis.OzoneManagerStateMachine (OzoneManagerStateMachine.java:close(471)) - StateMachine has shutdown. Shutdown OzoneManager if not already shutdown.
2021-08-15 13:12:19,695 [Listener at 127.0.0.1/41877] INFO  impl.StateMachineUpdater (StateMachineUpdater.java:stopAndJoin(149)) - om1@group-C5BA1605619E-StateMachineUpdater: set stopIndex = 0
2021-08-15 13:12:19,696 [Listener at 127.0.0.1/41877] INFO  server.RaftServer$Division (ServerState.java:close(419)) - om1@group-C5BA1605619E: closes. applyIndex: 0
2021-08-15 13:12:19,740 [om1@group-C5BA1605619E-SegmentedRaftLogWorker] INFO  segmented.SegmentedRaftLogWorker (SegmentedRaftLogWorker.java:run(327)) - om1@group-C5BA1605619E-SegmentedRaftLogWorker was interrupted, exiting. There are 0 tasks remaining in the queue.
2021-08-15 13:12:19,794 [Listener at 127.0.0.1/41877] INFO  segmented.SegmentedRaftLogWorker (SegmentedRaftLogWorker.java:close(237)) - om1@group-C5BA1605619E-SegmentedRaftLogWorker close()
2021-08-15 13:12:19,795 [Listener at 127.0.0.1/41877] INFO  server.GrpcService (GrpcService.java:closeImpl(262)) - om1: shutdown server with port 9872 now
2021-08-15 13:12:19,801 [Listener at 127.0.0.1/41877] INFO  server.GrpcService (GrpcService.java:closeImpl(271)) - om1: shutdown server with port 9872 successfully
2021-08-15 13:12:19,803 [org.apache.ratis.util.JvmPauseMonitor$$Lambda$531/36399757@40cd2161] INFO  util.JvmPauseMonitor (JvmPauseMonitor.java:run(109)) - JvmPauseMonitor-om1: Stopped
2021-08-15 13:12:19,804 [Listener at 127.0.0.1/41877] INFO  ratis.OzoneManagerDoubleBuffer (OzoneManagerDoubleBuffer.java:stop(437)) - Stopping OMDoubleBuffer flush thread
2021-08-15 13:12:19,804 [OMDoubleBufferFlushThread] INFO  ratis.OzoneManagerDoubleBuffer (OzoneManagerDoubleBuffer.java:flushTransactions(356)) - OMDoubleBuffer flush thread OMDoubleBufferFlushThread is interrupted and will exit. OMDoubleBufferFlushThread
2021-08-15 13:12:19,828 [Listener at 127.0.0.1/41877] INFO  utils.BackgroundService (BackgroundService.java:shutdown(132)) - Shutting down service KeyDeletingService
2021-08-15 13:12:19,841 [Listener at 127.0.0.1/41877] INFO  handler.ContextHandler (ContextHandler.java:doStop(1153)) - Stopped o.e.j.w.WebAppContext@52c93518{ozoneManager,/,null,STOPPED}{file:/home/runner/work/ozone/ozone/hadoop-ozone/integration-test/target/test-classes/webapps/ozoneManager}
2021-08-15 13:12:19,842 [Listener at 127.0.0.1/41877] INFO  server.AbstractConnector (AbstractConnector.java:doStop(381)) - Stopped ServerConnector@fb476fd{HTTP/1.1, (http/1.1)}{0.0.0.0:0}
2021-08-15 13:12:19,842 [Listener at 127.0.0.1/41877] INFO  server.session (HouseKeeper.java:stopScavenging(149)) - node0 Stopped scavenging
2021-08-15 13:12:19,843 [Listener at 127.0.0.1/41877] INFO  handler.ContextHandler (ContextHandler.java:doStop(1153)) - Stopped o.e.j.s.ServletContextHandler@68ce010{static,/static,file:///home/runner/work/ozone/ozone/hadoop-ozone/integration-test/target/test-classes/webapps/static,STOPPED}
2021-08-15 13:12:19,843 [Listener at 127.0.0.1/41877] INFO  handler.ContextHandler (ContextHandler.java:doStop(1153)) - Stopped o.e.j.s.ServletContextHandler@50dc4b18{logs,/logs,file:///home/runner/work/ozone/ozone/hadoop-ozone/integration-test/target/log,STOPPED}
2021-08-15 13:12:19,863 [Listener at 127.0.0.1/41877] INFO  ozone.MiniOzoneClusterImpl (MiniOzoneClusterImpl.java:stopDatanodes(527)) - Stopping the HddsDatanodes
2021-08-15 13:12:20,204 [Datanode State Machine Thread - 0] INFO  statemachine.DatanodeStateMachine (DatanodeStateMachine.java:lambda$startDaemon$0(457)) - Ozone container server started.
2021-08-15 13:12:20,763 [Datanode State Machine Thread - 0] INFO  statemachine.DatanodeStateMachine (DatanodeStateMachine.java:lambda$startDaemon$0(457)) - Ozone container server started.
2021-08-15 13:12:21,296 [Command processor thread] INFO  server.RaftServer (RaftServerProxy.java:remove(106)) - dd118232-85e1-4ba3-86d8-b3b6639effb8: remove    LEADER dd118232-85e1-4ba3-86d8-b3b6639effb8@group-26C67ECF95D8:t2, leader=dd118232-85e1-4ba3-86d8-b3b6639effb8, voted=dd118232-85e1-4ba3-86d8-b3b6639effb8, raftlog=dd118232-85e1-4ba3-86d8-b3b6639effb8@group-26C67ECF95D8-SegmentedRaftLog:OPENED:c0,f0,i0, conf=0: [4a9aa4e1-3390-4ebe-823b-9f07154ce862|rpc:10.1.0.42:34883|dataStream:|priority:0, dd118232-85e1-4ba3-86d8-b3b6639effb8|rpc:10.1.0.42:43377|dataStream:|priority:1, 02f913b7-60d4-4225-a813-cf73e54e6f8a|rpc:10.1.0.42:35145|dataStream:|priority:0], old=null RUNNING
2021-08-15 13:12:21,296 [Command processor thread] INFO  server.RaftServer$Division (RaftServerImpl.java:lambda$close$4(407)) - dd118232-85e1-4ba3-86d8-b3b6639effb8@group-26C67ECF95D8: shutdown
2021-08-15 13:12:21,296 [Command processor thread] INFO  util.JmxRegister (JmxRegister.java:unregister(73)) - Successfully un-registered JMX Bean with object name Ratis:service=RaftServer,group=group-26C67ECF95D8,id=dd118232-85e1-4ba3-86d8-b3b6639effb8
2021-08-15 13:12:21,297 [Command processor thread] INFO  impl.RoleInfo (RoleInfo.java:shutdownLeaderState(91)) - dd118232-85e1-4ba3-86d8-b3b6639effb8: shutdown dd118232-85e1-4ba3-86d8-b3b6639effb8@group-26C67ECF95D8-LeaderStateImpl
2021-08-15 13:12:21,297 [dd118232-85e1-4ba3-86d8-b3b6639effb8@group-26C67ECF95D8->4a9aa4e1-3390-4ebe-823b-9f07154ce862-GrpcLogAppender-LogAppenderDaemon] WARN  server.GrpcLogAppender (GrpcLogAppender.java:mayWait(175)) - dd118232-85e1-4ba3-86d8-b3b6639effb8@group-26C67ECF95D8->4a9aa4e1-3390-4ebe-823b-9f07154ce862-GrpcLogAppender: Wait interrupted by java.lang.InterruptedException
2021-08-15 13:12:21,298 [dd118232-85e1-4ba3-86d8-b3b6639effb8@group-26C67ECF95D8->02f913b7-60d4-4225-a813-cf73e54e6f8a-GrpcLogAppender-LogAppenderDaemon] WARN  server.GrpcLogAppender (GrpcLogAppender.java:mayWait(175)) - dd118232-85e1-4ba3-86d8-b3b6639effb8@group-26C67ECF95D8->02f913b7-60d4-4225-a813-cf73e54e6f8a-GrpcLogAppender: Wait interrupted by java.lang.InterruptedException
2021-08-15 13:12:21,299 [grpc-default-executor-0] INFO  server.GrpcServerProtocolService (GrpcServerProtocolService.java:onCompleted(140)) - 4a9aa4e1-3390-4ebe-823b-9f07154ce862: Completed APPEND_ENTRIES, lastRequest: dd118232-85e1-4ba3-86d8-b3b6639effb8->4a9aa4e1-3390-4ebe-823b-9f07154ce862#1-t2,previous=(t:0, i:0),leaderCommit=0,initializing? true,entries: size=1, first=(t:2, i:0), CONFIGURATIONENTRY
2021-08-15 13:12:21,303 [grpc-default-executor-2] INFO  server.GrpcServerProtocolService (GrpcServerProtocolService.java:onCompleted(140)) - 02f913b7-60d4-4225-a813-cf73e54e6f8a: Completed APPEND_ENTRIES, lastRequest: dd118232-85e1-4ba3-86d8-b3b6639effb8->02f913b7-60d4-4225-a813-cf73e54e6f8a#1-t2,previous=(t:0, i:0),leaderCommit=0,initializing? true,entries: size=1, first=(t:2, i:0), CONFIGURATIONENTRY
2021-08-15 13:12:21,304 [grpc-default-executor-3] INFO  server.GrpcLogAppender (GrpcLogAppender.java:onCompleted(344)) - dd118232-85e1-4ba3-86d8-b3b6639effb8@group-26C67ECF95D8->4a9aa4e1-3390-4ebe-823b-9f07154ce862-AppendLogResponseHandler: follower responses appendEntries COMPLETED
2021-08-15 13:12:21,304 [grpc-default-executor-3] INFO  leader.FollowerInfo (FollowerInfoImpl.java:lambda$new$0(46)) - dd118232-85e1-4ba3-86d8-b3b6639effb8@group-26C67ECF95D8->4a9aa4e1-3390-4ebe-823b-9f07154ce862: nextIndex: updateUnconditionally 1 -> 0
2021-08-15 13:12:21,297 [Command processor thread] INFO  impl.PendingRequests (PendingRequests.java:sendNotLeaderResponses(282)) - dd118232-85e1-4ba3-86d8-b3b6639effb8@group-26C67ECF95D8-PendingRequests: sendNotLeaderResponses
2021-08-15 13:12:21,325 [Command processor thread] INFO  impl.StateMachineUpdater (StateMachineUpdater.java:stopAndJoin(149)) - dd118232-85e1-4ba3-86d8-b3b6639effb8@group-26C67ECF95D8-StateMachineUpdater: set stopIndex = 0
2021-08-15 13:12:21,326 [dd118232-85e1-4ba3-86d8-b3b6639effb8@group-26C67ECF95D8-StateMachineUpdater] INFO  ratis.ContainerStateMachine (ContainerStateMachine.java:takeSnapshot(293)) - group-26C67ECF95D8: Taking a snapshot at:(t:2, i:0) file /home/runner/work/ozone/ozone/hadoop-ozone/integration-test/target/test-dir/MiniOzoneClusterImpl-048a4f6d-23a9-42d5-a7f8-f934da4c6a5d/datanode-2/data/ratis/e3c4f94f-d294-4c08-914d-26c67ecf95d8/sm/snapshot.2_0
2021-08-15 13:12:21,339 [dd118232-85e1-4ba3-86d8-b3b6639effb8@group-26C67ECF95D8-StateMachineUpdater] INFO  ratis.ContainerStateMachine (ContainerStateMachine.java:takeSnapshot(304)) - group-26C67ECF95D8: Finished taking a snapshot at:(t:2, i:0) file:/home/runner/work/ozone/ozone/hadoop-ozone/integration-test/target/test-dir/MiniOzoneClusterImpl-048a4f6d-23a9-42d5-a7f8-f934da4c6a5d/datanode-2/data/ratis/e3c4f94f-d294-4c08-914d-26c67ecf95d8/sm/snapshot.2_0 took: 13 ms
2021-08-15 13:12:21,339 [dd118232-85e1-4ba3-86d8-b3b6639effb8@group-26C67ECF95D8-StateMachineUpdater] INFO  impl.StateMachineUpdater (StateMachineUpdater.java:takeSnapshot(281)) - dd118232-85e1-4ba3-86d8-b3b6639effb8@group-26C67ECF95D8-StateMachineUpdater: Took a snapshot at index 0
2021-08-15 13:12:21,339 [dd118232-85e1-4ba3-86d8-b3b6639effb8@group-26C67ECF95D8-StateMachineUpdater] INFO  impl.StateMachineUpdater (StateMachineUpdater.java:lambda$new$0(89)) - dd118232-85e1-4ba3-86d8-b3b6639effb8@group-26C67ECF95D8-StateMachineUpdater: snapshotIndex: updateIncreasingly -1 -> 0
2021-08-15 13:12:21,340 [Command processor thread] INFO  server.RaftServer$Division (ServerState.java:close(419)) - dd118232-85e1-4ba3-86d8-b3b6639effb8@group-26C67ECF95D8: closes. applyIndex: 0
2021-08-15 13:12:21,340 [dd118232-85e1-4ba3-86d8-b3b6639effb8@group-26C67ECF95D8-SegmentedRaftLogWorker] INFO  segmented.SegmentedRaftLogWorker (SegmentedRaftLogWorker.java:run(327)) - dd118232-85e1-4ba3-86d8-b3b6639effb8@group-26C67ECF95D8-SegmentedRaftLogWorker was interrupted, exiting. There are 0 tasks remaining in the queue.
2021-08-15 13:12:21,344 [grpc-default-executor-3] INFO  server.GrpcLogAppender (GrpcLogAppender.java:onCompleted(344)) - dd118232-85e1-4ba3-86d8-b3b6639effb8@group-26C67ECF95D8->02f913b7-60d4-4225-a813-cf73e54e6f8a-AppendLogResponseHandler: follower responses appendEntries COMPLETED
2021-08-15 13:12:21,344 [grpc-default-executor-3] INFO  leader.FollowerInfo (FollowerInfoImpl.java:lambda$new$0(46)) - dd118232-85e1-4ba3-86d8-b3b6639effb8@group-26C67ECF95D8->02f913b7-60d4-4225-a813-cf73e54e6f8a: nextIndex: updateUnconditionally 1 -> 0
2021-08-15 13:12:21,350 [Command processor thread] INFO  segmented.SegmentedRaftLogWorker (SegmentedRaftLogWorker.java:close(237)) - dd118232-85e1-4ba3-86d8-b3b6639effb8@group-26C67ECF95D8-SegmentedRaftLogWorker close()
2021-08-15 13:12:21,352 [Command processor thread] INFO  server.RaftServer$Division (RaftServerImpl.java:groupRemove(377)) - dd118232-85e1-4ba3-86d8-b3b6639effb8@group-26C67ECF95D8: Succeed to remove RaftStorageDirectory Storage Directory /home/runner/work/ozone/ozone/hadoop-ozone/integration-test/target/test-dir/MiniOzoneClusterImpl-048a4f6d-23a9-42d5-a7f8-f934da4c6a5d/datanode-2/data/ratis/e3c4f94f-d294-4c08-914d-26c67ecf95d8
2021-08-15 13:12:21,352 [Command processor thread] INFO  commandhandler.ClosePipelineCommandHandler (ClosePipelineCommandHandler.java:handle(75)) - Close Pipeline PipelineID=e3c4f94f-d294-4c08-914d-26c67ecf95d8 command on datanode dd118232-85e1-4ba3-86d8-b3b6639effb8.
2021-08-15 13:12:22,037 [dd118232-85e1-4ba3-86d8-b3b6639effb8@group-1D84D338AFDC-FollowerState] INFO  impl.FollowerState (FollowerState.java:run(134)) - dd118232-85e1-4ba3-86d8-b3b6639effb8@group-1D84D338AFDC-FollowerState: change to CANDIDATE, lastRpcElapsedTime:5016964986ns, electionTimeout:5004ms
2021-08-15 13:12:22,038 [dd118232-85e1-4ba3-86d8-b3b6639effb8@group-1D84D338AFDC-FollowerState] INFO  impl.RoleInfo (RoleInfo.java:shutdownFollowerState(108)) - dd118232-85e1-4ba3-86d8-b3b6639effb8: shutdown dd118232-85e1-4ba3-86d8-b3b6639effb8@group-1D84D338AFDC-FollowerState
2021-08-15 13:12:22,038 [dd118232-85e1-4ba3-86d8-b3b6639effb8@group-1D84D338AFDC-FollowerState] INFO  server.RaftServer$Division (RaftServerImpl.java:setRole(285)) - dd118232-85e1-4ba3-86d8-b3b6639effb8@group-1D84D338AFDC: changes role from  FOLLOWER to CANDIDATE at term 2 for changeToCandidate
2021-08-15 13:12:22,038 [dd118232-85e1-4ba3-86d8-b3b6639effb8@group-1D84D338AFDC-FollowerState] INFO  server.RaftServerConfigKeys (ConfUtils.java:logGet(44)) - raft.server.leaderelection.pre-vote = false (custom)
2021-08-15 13:12:22,038 [dd118232-85e1-4ba3-86d8-b3b6639effb8@group-1D84D338AFDC-FollowerState] INFO  impl.RoleInfo (RoleInfo.java:updateAndGet(130)) - dd118232-85e1-4ba3-86d8-b3b6639effb8: start dd118232-85e1-4ba3-86d8-b3b6639effb8@group-1D84D338AFDC-LeaderElection43
2021-08-15 13:12:22,049 [02f913b7-60d4-4225-a813-cf73e54e6f8a@group-1D84D338AFDC-FollowerState] INFO  impl.FollowerState (FollowerState.java:run(134)) - 02f913b7-60d4-4225-a813-cf73e54e6f8a@group-1D84D338AFDC-FollowerState: change to CANDIDATE, lastRpcElapsedTime:5116566961ns, electionTimeout:5116ms
2021-08-15 13:12:22,050 [02f913b7-60d4-4225-a813-cf73e54e6f8a@group-1D84D338AFDC-FollowerState] INFO  impl.RoleInfo (RoleInfo.java:shutdownFollowerState(108)) - 02f913b7-60d4-4225-a813-cf73e54e6f8a: shutdown 02f913b7-60d4-4225-a813-cf73e54e6f8a@group-1D84D338AFDC-FollowerState
2021-08-15 13:12:22,050 [02f913b7-60d4-4225-a813-cf73e54e6f8a@group-1D84D338AFDC-FollowerState] INFO  server.RaftServer$Division (RaftServerImpl.java:setRole(285)) - 02f913b7-60d4-4225-a813-cf73e54e6f8a@group-1D84D338AFDC: changes role from  FOLLOWER to CANDIDATE at term 2 for changeToCandidate
2021-08-15 13:12:22,069 [02f913b7-60d4-4225-a813-cf73e54e6f8a@group-1D84D338AFDC-FollowerState] INFO  server.RaftServerConfigKeys (ConfUtils.java:logGet(44)) - raft.server.leaderelection.pre-vote = false (custom)
2021-08-15 13:12:22,069 [02f913b7-60d4-4225-a813-cf73e54e6f8a@group-1D84D338AFDC-FollowerState] INFO  impl.RoleInfo (RoleInfo.java:updateAndGet(130)) - 02f913b7-60d4-4225-a813-cf73e54e6f8a: start 02f913b7-60d4-4225-a813-cf73e54e6f8a@group-1D84D338AFDC-LeaderElection44
2021-08-15 13:12:22,084 [02f913b7-60d4-4225-a813-cf73e54e6f8a@group-1D84D338AFDC-LeaderElection44] INFO  impl.LeaderElection (LeaderElection.java:askForVotes(306)) - 02f913b7-60d4-4225-a813-cf73e54e6f8a@group-1D84D338AFDC-LeaderElection44 ELECTION round 0: submit vote requests at term 3 for -1: [4a9aa4e1-3390-4ebe-823b-9f07154ce862|rpc:10.1.0.42:34883|priority:1, dd118232-85e1-4ba3-86d8-b3b6639effb8|rpc:10.1.0.42:43377|priority:0, 02f913b7-60d4-4225-a813-cf73e54e6f8a|rpc:10.1.0.42:35145|priority:0], old=null
2021-08-15 13:12:22,084 [dd118232-85e1-4ba3-86d8-b3b6639effb8@group-1D84D338AFDC-LeaderElection43] INFO  impl.LeaderElection (LeaderElection.java:askForVotes(306)) - dd118232-85e1-4ba3-86d8-b3b6639effb8@group-1D84D338AFDC-LeaderElection43 ELECTION round 0: submit vote requests at term 3 for -1: [4a9aa4e1-3390-4ebe-823b-9f07154ce862|rpc:10.1.0.42:34883|dataStream:|priority:1, dd118232-85e1-4ba3-86d8-b3b6639effb8|rpc:10.1.0.42:43377|dataStream:|priority:0, 02f913b7-60d4-4225-a813-cf73e54e6f8a|rpc:10.1.0.42:35145|dataStream:|priority:0], old=null
2021-08-15 13:12:22,088 [4a9aa4e1-3390-4ebe-823b-9f07154ce862@group-1D84D338AFDC-FollowerState] INFO  impl.FollowerState (FollowerState.java:run(134)) - 4a9aa4e1-3390-4ebe-823b-9f07154ce862@group-1D84D338AFDC-FollowerState: change to CANDIDATE, lastRpcElapsedTime:5085294242ns, electionTimeout:5055ms
2021-08-15 13:12:22,089 [4a9aa4e1-3390-4ebe-823b-9f07154ce862@group-1D84D338AFDC-FollowerState] INFO  impl.RoleInfo (RoleInfo.java:shutdownFollowerState(108)) - 4a9aa4e1-3390-4ebe-823b-9f07154ce862: shutdown 4a9aa4e1-3390-4ebe-823b-9f07154ce862@group-1D84D338AFDC-FollowerState
2021-08-15 13:12:22,089 [4a9aa4e1-3390-4ebe-823b-9f07154ce862@group-1D84D338AFDC-FollowerState] INFO  server.RaftServer$Division (RaftServerImpl.java:setRole(285)) - 4a9aa4e1-3390-4ebe-823b-9f07154ce862@group-1D84D338AFDC: changes role from  FOLLOWER to CANDIDATE at term 2 for changeToCandidate
2021-08-15 13:12:22,104 [4a9aa4e1-3390-4ebe-823b-9f07154ce862@group-1D84D338AFDC-FollowerState] INFO  server.RaftServerConfigKeys (ConfUtils.java:logGet(44)) - raft.server.leaderelection.pre-vote = false (custom)
2021-08-15 13:12:22,104 [4a9aa4e1-3390-4ebe-823b-9f07154ce862@group-1D84D338AFDC-FollowerState] INFO  impl.RoleInfo (RoleInfo.java:updateAndGet(130)) - 4a9aa4e1-3390-4ebe-823b-9f07154ce862: start 4a9aa4e1-3390-4ebe-823b-9f07154ce862@group-1D84D338AFDC-LeaderElection45
2021-08-15 13:12:22,138 [4a9aa4e1-3390-4ebe-823b-9f07154ce862@group-1D84D338AFDC-LeaderElection45] INFO  impl.LeaderElection (LeaderElection.java:askForVotes(306)) - 4a9aa4e1-3390-4ebe-823b-9f07154ce862@group-1D84D338AFDC-LeaderElection45 ELECTION round 0: submit vote requests at term 3 for -1: [4a9aa4e1-3390-4ebe-823b-9f07154ce862|rpc:10.1.0.42:34883|dataStream:|priority:1, dd118232-85e1-4ba3-86d8-b3b6639effb8|rpc:10.1.0.42:43377|dataStream:|priority:0, 02f913b7-60d4-4225-a813-cf73e54e6f8a|rpc:10.1.0.42:35145|dataStream:|priority:0], old=null
2021-08-15 13:12:22,183 [grpc-default-executor-3] INFO  server.RaftServer$Division (RaftServerImpl.java:requestVote(1043)) - 4a9aa4e1-3390-4ebe-823b-9f07154ce862@group-1D84D338AFDC: receive requestVote(ELECTION, 02f913b7-60d4-4225-a813-cf73e54e6f8a, group-1D84D338AFDC, 3, (t:0, i:0))
2021-08-15 13:12:22,183 [grpc-default-executor-3] INFO  impl.VoteContext (VoteContext.java:log(48)) - 4a9aa4e1-3390-4ebe-823b-9f07154ce862@group-1D84D338AFDC-CANDIDATE: reject ELECTION from 02f913b7-60d4-4225-a813-cf73e54e6f8a: already has voted for 4a9aa4e1-3390-4ebe-823b-9f07154ce862 at current term 3
2021-08-15 13:12:22,183 [grpc-default-executor-3] INFO  server.RaftServer$Division (RaftServerImpl.java:requestVote(1075)) - 4a9aa4e1-3390-4ebe-823b-9f07154ce862@group-1D84D338AFDC replies to ELECTION vote request: 02f913b7-60d4-4225-a813-cf73e54e6f8a<-4a9aa4e1-3390-4ebe-823b-9f07154ce862#0:FAIL-t3. Peer's state: 4a9aa4e1-3390-4ebe-823b-9f07154ce862@group-1D84D338AFDC:t3, leader=null, voted=4a9aa4e1-3390-4ebe-823b-9f07154ce862, raftlog=4a9aa4e1-3390-4ebe-823b-9f07154ce862@group-1D84D338AFDC-SegmentedRaftLog:OPENED:c-1,f-1,i0, conf=-1: [4a9aa4e1-3390-4ebe-823b-9f07154ce862|rpc:10.1.0.42:34883|dataStream:|priority:1, dd118232-85e1-4ba3-86d8-b3b6639effb8|rpc:10.1.0.42:43377|dataStream:|priority:0, 02f913b7-60d4-4225-a813-cf73e54e6f8a|rpc:10.1.0.42:35145|dataStream:|priority:0], old=null
2021-08-15 13:12:22,184 [grpc-default-executor-0] INFO  server.RaftServer$Division (RaftServerImpl.java:requestVote(1043)) - 02f913b7-60d4-4225-a813-cf73e54e6f8a@group-1D84D338AFDC: receive requestVote(ELECTION, dd118232-85e1-4ba3-86d8-b3b6639effb8, group-1D84D338AFDC, 3, (t:0, i:0))
2021-08-15 13:12:22,184 [grpc-default-executor-2] INFO  server.RaftServer$Division (RaftServerImpl.java:requestVote(1043)) - 4a9aa4e1-3390-4ebe-823b-9f07154ce862@group-1D84D338AFDC: receive requestVote(ELECTION, dd118232-85e1-4ba3-86d8-b3b6639effb8, group-1D84D338AFDC, 3, (t:0, i:0))
2021-08-15 13:12:22,184 [grpc-default-executor-2] INFO  impl.VoteContext (VoteContext.java:log(48)) - 4a9aa4e1-3390-4ebe-823b-9f07154ce862@group-1D84D338AFDC-CANDIDATE: reject ELECTION from dd118232-85e1-4ba3-86d8-b3b6639effb8: already has voted for 4a9aa4e1-3390-4ebe-823b-9f07154ce862 at current term 3
2021-08-15 13:12:22,184 [grpc-default-executor-2] INFO  server.RaftServer$Division (RaftServerImpl.java:requestVote(1075)) - 4a9aa4e1-3390-4ebe-823b-9f07154ce862@group-1D84D338AFDC replies to ELECTION vote request: dd118232-85e1-4ba3-86d8-b3b6639effb8<-4a9aa4e1-3390-4ebe-823b-9f07154ce862#0:FAIL-t3. Peer's state: 4a9aa4e1-3390-4ebe-823b-9f07154ce862@group-1D84D338AFDC:t3, leader=null, voted=4a9aa4e1-3390-4ebe-823b-9f07154ce862, raftlog=4a9aa4e1-3390-4ebe-823b-9f07154ce862@group-1D84D338AFDC-SegmentedRaftLog:OPENED:c-1,f-1,i0, conf=-1: [4a9aa4e1-3390-4ebe-823b-9f07154ce862|rpc:10.1.0.42:34883|dataStream:|priority:1, dd118232-85e1-4ba3-86d8-b3b6639effb8|rpc:10.1.0.42:43377|dataStream:|priority:0, 02f913b7-60d4-4225-a813-cf73e54e6f8a|rpc:10.1.0.42:35145|dataStream:|priority:0], old=null
2021-08-15 13:12:22,184 [grpc-default-executor-0] INFO  impl.VoteContext (VoteContext.java:log(48)) - 02f913b7-60d4-4225-a813-cf73e54e6f8a@group-1D84D338AFDC-CANDIDATE: reject ELECTION from dd118232-85e1-4ba3-86d8-b3b6639effb8: already has voted for 02f913b7-60d4-4225-a813-cf73e54e6f8a at current term 3
2021-08-15 13:12:22,186 [grpc-default-executor-0] INFO  server.RaftServer$Division (RaftServerImpl.java:requestVote(1075)) - 02f913b7-60d4-4225-a813-cf73e54e6f8a@group-1D84D338AFDC replies to ELECTION vote request: dd118232-85e1-4ba3-86d8-b3b6639effb8<-02f913b7-60d4-4225-a813-cf73e54e6f8a#0:FAIL-t3. Peer's state: 02f913b7-60d4-4225-a813-cf73e54e6f8a@group-1D84D338AFDC:t3, leader=null, voted=02f913b7-60d4-4225-a813-cf73e54e6f8a, raftlog=02f913b7-60d4-4225-a813-cf73e54e6f8a@group-1D84D338AFDC-SegmentedRaftLog:OPENED:c-1,f-1,i0, conf=-1: [4a9aa4e1-3390-4ebe-823b-9f07154ce862|rpc:10.1.0.42:34883|priority:1, dd118232-85e1-4ba3-86d8-b3b6639effb8|rpc:10.1.0.42:43377|priority:0, 02f913b7-60d4-4225-a813-cf73e54e6f8a|rpc:10.1.0.42:35145|priority:0], old=null
2021-08-15 13:12:22,201 [02f913b7-60d4-4225-a813-cf73e54e6f8a@group-1D84D338AFDC-LeaderElection44] INFO  impl.LeaderElection (LeaderElection.java:logAndReturn(89)) - 02f913b7-60d4-4225-a813-cf73e54e6f8a@group-1D84D338AFDC-LeaderElection44: ELECTION REJECTED received 1 response(s) and 0 exception(s):
2021-08-15 13:12:22,201 [02f913b7-60d4-4225-a813-cf73e54e6f8a@group-1D84D338AFDC-LeaderElection44] INFO  impl.LeaderElection (LeaderElection.java:logAndReturn(93)) -   Response 0: 02f913b7-60d4-4225-a813-cf73e54e6f8a<-4a9aa4e1-3390-4ebe-823b-9f07154ce862#0:FAIL-t3
2021-08-15 13:12:22,220 [02f913b7-60d4-4225-a813-cf73e54e6f8a@group-1D84D338AFDC-LeaderElection44] INFO  impl.LeaderElection (LeaderElection.java:askForVotes(308)) - 02f913b7-60d4-4225-a813-cf73e54e6f8a@group-1D84D338AFDC-LeaderElection44 ELECTION round 0: result REJECTED
2021-08-15 13:12:22,220 [02f913b7-60d4-4225-a813-cf73e54e6f8a@group-1D84D338AFDC-LeaderElection44] INFO  server.RaftServer$Division (RaftServerImpl.java:setRole(285)) - 02f913b7-60d4-4225-a813-cf73e54e6f8a@group-1D84D338AFDC: changes role from CANDIDATE to FOLLOWER at term 3 for REJECTED
2021-08-15 13:12:22,220 [02f913b7-60d4-4225-a813-cf73e54e6f8a@group-1D84D338AFDC-LeaderElection44] INFO  impl.RoleInfo (RoleInfo.java:shutdownLeaderElection(121)) - 02f913b7-60d4-4225-a813-cf73e54e6f8a: shutdown 02f913b7-60d4-4225-a813-cf73e54e6f8a@group-1D84D338AFDC-LeaderElection44
2021-08-15 13:12:22,220 [02f913b7-60d4-4225-a813-cf73e54e6f8a@group-1D84D338AFDC-LeaderElection44] INFO  impl.RoleInfo (RoleInfo.java:updateAndGet(130)) - 02f913b7-60d4-4225-a813-cf73e54e6f8a: start 02f913b7-60d4-4225-a813-cf73e54e6f8a@group-1D84D338AFDC-FollowerState
2021-08-15 13:12:22,241 [grpc-default-executor-0] INFO  server.RaftServer$Division (RaftServerImpl.java:requestVote(1043)) - dd118232-85e1-4ba3-86d8-b3b6639effb8@group-1D84D338AFDC: receive requestVote(ELECTION, 4a9aa4e1-3390-4ebe-823b-9f07154ce862, group-1D84D338AFDC, 3, (t:0, i:0))
2021-08-15 13:12:22,241 [grpc-default-executor-0] INFO  impl.VoteContext (VoteContext.java:log(48)) - dd118232-85e1-4ba3-86d8-b3b6639effb8@group-1D84D338AFDC-CANDIDATE: reject ELECTION from 4a9aa4e1-3390-4ebe-823b-9f07154ce862: already has voted for dd118232-85e1-4ba3-86d8-b3b6639effb8 at current term 3
2021-08-15 13:12:22,241 [grpc-default-executor-0] INFO  server.RaftServer$Division (RaftServerImpl.java:requestVote(1075)) - dd118232-85e1-4ba3-86d8-b3b6639effb8@group-1D84D338AFDC replies to ELECTION vote request: 4a9aa4e1-3390-4ebe-823b-9f07154ce862<-dd118232-85e1-4ba3-86d8-b3b6639effb8#0:FAIL-t3. Peer's state: dd118232-85e1-4ba3-86d8-b3b6639effb8@group-1D84D338AFDC:t3, leader=null, voted=dd118232-85e1-4ba3-86d8-b3b6639effb8, raftlog=dd118232-85e1-4ba3-86d8-b3b6639effb8@group-1D84D338AFDC-SegmentedRaftLog:OPENED:c-1,f-1,i0, conf=-1: [4a9aa4e1-3390-4ebe-823b-9f07154ce862|rpc:10.1.0.42:34883|dataStream:|priority:1, dd118232-85e1-4ba3-86d8-b3b6639effb8|rpc:10.1.0.42:43377|dataStream:|priority:0, 02f913b7-60d4-4225-a813-cf73e54e6f8a|rpc:10.1.0.42:35145|dataStream:|priority:0], old=null
2021-08-15 13:12:22,242 [dd118232-85e1-4ba3-86d8-b3b6639effb8@group-1D84D338AFDC-LeaderElection43] INFO  impl.LeaderElection (LeaderElection.java:logAndReturn(89)) - dd118232-85e1-4ba3-86d8-b3b6639effb8@group-1D84D338AFDC-LeaderElection43: ELECTION REJECTED received 2 response(s) and 0 exception(s):
2021-08-15 13:12:22,242 [dd118232-85e1-4ba3-86d8-b3b6639effb8@group-1D84D338AFDC-LeaderElection43] INFO  impl.LeaderElection (LeaderElection.java:logAndReturn(93)) -   Response 0: dd118232-85e1-4ba3-86d8-b3b6639effb8<-4a9aa4e1-3390-4ebe-823b-9f07154ce862#0:FAIL-t3
2021-08-15 13:12:22,242 [dd118232-85e1-4ba3-86d8-b3b6639effb8@group-1D84D338AFDC-LeaderElection43] INFO  impl.LeaderElection (LeaderElection.java:logAndReturn(93)) -   Response 1: dd118232-85e1-4ba3-86d8-b3b6639effb8<-02f913b7-60d4-4225-a813-cf73e54e6f8a#0:FAIL-t3
2021-08-15 13:12:22,243 [dd118232-85e1-4ba3-86d8-b3b6639effb8@group-1D84D338AFDC-LeaderElection43] INFO  impl.LeaderElection (LeaderElection.java:askForVotes(308)) - dd118232-85e1-4ba3-86d8-b3b6639effb8@group-1D84D338AFDC-LeaderElection43 ELECTION round 0: result REJECTED
2021-08-15 13:12:22,243 [dd118232-85e1-4ba3-86d8-b3b6639effb8@group-1D84D338AFDC-LeaderElection43] INFO  server.RaftServer$Division (RaftServerImpl.java:setRole(285)) - dd118232-85e1-4ba3-86d8-b3b6639effb8@group-1D84D338AFDC: changes role from CANDIDATE to FOLLOWER at term 3 for REJECTED
2021-08-15 13:12:22,243 [dd118232-85e1-4ba3-86d8-b3b6639effb8@group-1D84D338AFDC-LeaderElection43] INFO  impl.RoleInfo (RoleInfo.java:shutdownLeaderElection(121)) - dd118232-85e1-4ba3-86d8-b3b6639effb8: shutdown dd118232-85e1-4ba3-86d8-b3b6639effb8@group-1D84D338AFDC-LeaderElection43
2021-08-15 13:12:22,243 [dd118232-85e1-4ba3-86d8-b3b6639effb8@group-1D84D338AFDC-LeaderElection43] INFO  impl.RoleInfo (RoleInfo.java:updateAndGet(130)) - dd118232-85e1-4ba3-86d8-b3b6639effb8: start dd118232-85e1-4ba3-86d8-b3b6639effb8@group-1D84D338AFDC-FollowerState
2021-08-15 13:12:22,273 [grpc-default-executor-0] INFO  server.RaftServer$Division (RaftServerImpl.java:requestVote(1043)) - dd118232-85e1-4ba3-86d8-b3b6639effb8@group-1D84D338AFDC: receive requestVote(ELECTION, 02f913b7-60d4-4225-a813-cf73e54e6f8a, group-1D84D338AFDC, 3, (t:0, i:0))
2021-08-15 13:12:22,273 [grpc-default-executor-0] INFO  impl.VoteContext (VoteContext.java:log(48)) - dd118232-85e1-4ba3-86d8-b3b6639effb8@group-1D84D338AFDC-FOLLOWER: reject ELECTION from 02f913b7-60d4-4225-a813-cf73e54e6f8a: already has voted for dd118232-85e1-4ba3-86d8-b3b6639effb8 at current term 3
2021-08-15 13:12:22,273 [grpc-default-executor-0] INFO  server.RaftServer$Division (RaftServerImpl.java:requestVote(1075)) - dd118232-85e1-4ba3-86d8-b3b6639effb8@group-1D84D338AFDC replies to ELECTION vote request: 02f913b7-60d4-4225-a813-cf73e54e6f8a<-dd118232-85e1-4ba3-86d8-b3b6639effb8#0:FAIL-t3. Peer's state: dd118232-85e1-4ba3-86d8-b3b6639effb8@group-1D84D338AFDC:t3, leader=null, voted=dd118232-85e1-4ba3-86d8-b3b6639effb8, raftlog=dd118232-85e1-4ba3-86d8-b3b6639effb8@group-1D84D338AFDC-SegmentedRaftLog:OPENED:c-1,f-1,i0, conf=-1: [4a9aa4e1-3390-4ebe-823b-9f07154ce862|rpc:10.1.0.42:34883|dataStream:|priority:1, dd118232-85e1-4ba3-86d8-b3b6639effb8|rpc:10.1.0.42:43377|dataStream:|priority:0, 02f913b7-60d4-4225-a813-cf73e54e6f8a|rpc:10.1.0.42:35145|dataStream:|priority:0], old=null
2021-08-15 13:12:22,294 [grpc-default-executor-0] INFO  server.RaftServer$Division (RaftServerImpl.java:requestVote(1043)) - 02f913b7-60d4-4225-a813-cf73e54e6f8a@group-1D84D338AFDC: receive requestVote(ELECTION, 4a9aa4e1-3390-4ebe-823b-9f07154ce862, group-1D84D338AFDC, 3, (t:0, i:0))
2021-08-15 13:12:22,294 [grpc-default-executor-0] INFO  impl.VoteContext (VoteContext.java:log(48)) - 02f913b7-60d4-4225-a813-cf73e54e6f8a@group-1D84D338AFDC-FOLLOWER: reject ELECTION from 4a9aa4e1-3390-4ebe-823b-9f07154ce862: already has voted for 02f913b7-60d4-4225-a813-cf73e54e6f8a at current term 3
2021-08-15 13:12:22,294 [grpc-default-executor-0] INFO  server.RaftServer$Division (RaftServerImpl.java:requestVote(1075)) - 02f913b7-60d4-4225-a813-cf73e54e6f8a@group-1D84D338AFDC replies to ELECTION vote request: 4a9aa4e1-3390-4ebe-823b-9f07154ce862<-02f913b7-60d4-4225-a813-cf73e54e6f8a#0:FAIL-t3. Peer's state: 02f913b7-60d4-4225-a813-cf73e54e6f8a@group-1D84D338AFDC:t3, leader=null, voted=02f913b7-60d4-4225-a813-cf73e54e6f8a, raftlog=02f913b7-60d4-4225-a813-cf73e54e6f8a@group-1D84D338AFDC-SegmentedRaftLog:OPENED:c-1,f-1,i0, conf=-1: [4a9aa4e1-3390-4ebe-823b-9f07154ce862|rpc:10.1.0.42:34883|priority:1, dd118232-85e1-4ba3-86d8-b3b6639effb8|rpc:10.1.0.42:43377|priority:0, 02f913b7-60d4-4225-a813-cf73e54e6f8a|rpc:10.1.0.42:35145|priority:0], old=null
2021-08-15 13:12:22,332 [4a9aa4e1-3390-4ebe-823b-9f07154ce862@group-1D84D338AFDC-LeaderElection45] INFO  impl.LeaderElection (LeaderElection.java:logAndReturn(89)) - 4a9aa4e1-3390-4ebe-823b-9f07154ce862@group-1D84D338AFDC-LeaderElection45: ELECTION REJECTED received 2 response(s) and 0 exception(s):
2021-08-15 13:12:22,332 [4a9aa4e1-3390-4ebe-823b-9f07154ce862@group-1D84D338AFDC-LeaderElection45] INFO  impl.LeaderElection (LeaderElection.java:logAndReturn(93)) -   Response 0: 4a9aa4e1-3390-4ebe-823b-9f07154ce862<-dd118232-85e1-4ba3-86d8-b3b6639effb8#0:FAIL-t3
2021-08-15 13:12:22,332 [4a9aa4e1-3390-4ebe-823b-9f07154ce862@group-1D84D338AFDC-LeaderElection45] INFO  impl.LeaderElection (LeaderElection.java:logAndReturn(93)) -   Response 1: 4a9aa4e1-3390-4ebe-823b-9f07154ce862<-02f913b7-60d4-4225-a813-cf73e54e6f8a#0:FAIL-t3
2021-08-15 13:12:22,332 [4a9aa4e1-3390-4ebe-823b-9f07154ce862@group-1D84D338AFDC-LeaderElection45] INFO  impl.LeaderElection (LeaderElection.java:askForVotes(308)) - 4a9aa4e1-3390-4ebe-823b-9f07154ce862@group-1D84D338AFDC-LeaderElection45 ELECTION round 0: result REJECTED
2021-08-15 13:12:22,332 [4a9aa4e1-3390-4ebe-823b-9f07154ce862@group-1D84D338AFDC-LeaderElection45] INFO  server.RaftServer$Division (RaftServerImpl.java:setRole(285)) - 4a9aa4e1-3390-4ebe-823b-9f07154ce862@group-1D84D338AFDC: changes role from CANDIDATE to FOLLOWER at term 3 for REJECTED
2021-08-15 13:12:22,332 [4a9aa4e1-3390-4ebe-823b-9f07154ce862@group-1D84D338AFDC-LeaderElection45] INFO  impl.RoleInfo (RoleInfo.java:shutdownLeaderElection(121)) - 4a9aa4e1-3390-4ebe-823b-9f07154ce862: shutdown 4a9aa4e1-3390-4ebe-823b-9f07154ce862@group-1D84D338AFDC-LeaderElection45
2021-08-15 13:12:22,332 [4a9aa4e1-3390-4ebe-823b-9f07154ce862@group-1D84D338AFDC-LeaderElection45] INFO  impl.RoleInfo (RoleInfo.java:updateAndGet(130)) - 4a9aa4e1-3390-4ebe-823b-9f07154ce862: start 4a9aa4e1-3390-4ebe-823b-9f07154ce862@group-1D84D338AFDC-FollowerState
2021-08-15 13:12:24,873 [Listener at 127.0.0.1/41877] INFO  ozoneimpl.OzoneContainer (OzoneContainer.java:stop(326)) - Attempting to stop container services.
2021-08-15 13:12:24,879 [ForkJoinPool.commonPool-worker-0] INFO  ozoneimpl.OzoneContainer (OzoneContainer.java:stop(326)) - Attempting to stop container services.
2021-08-15 13:12:24,880 [ForkJoinPool.commonPool-worker-0] INFO  server.RaftServer (RaftServerProxy.java:lambda$close$6(391)) - 02f913b7-60d4-4225-a813-cf73e54e6f8a: close
2021-08-15 13:12:24,880 [ForkJoinPool.commonPool-worker-0] INFO  server.RaftServer$Division (RaftServerImpl.java:lambda$close$4(407)) - 02f913b7-60d4-4225-a813-cf73e54e6f8a@group-1D84D338AFDC: shutdown
2021-08-15 13:12:24,880 [ForkJoinPool.commonPool-worker-0] INFO  util.JmxRegister (JmxRegister.java:unregister(73)) - Successfully un-registered JMX Bean with object name Ratis:service=RaftServer,group=group-1D84D338AFDC,id=02f913b7-60d4-4225-a813-cf73e54e6f8a
2021-08-15 13:12:24,880 [ForkJoinPool.commonPool-worker-0] INFO  impl.RoleInfo (RoleInfo.java:shutdownFollowerState(108)) - 02f913b7-60d4-4225-a813-cf73e54e6f8a: shutdown 02f913b7-60d4-4225-a813-cf73e54e6f8a@group-1D84D338AFDC-FollowerState
2021-08-15 13:12:24,881 [ForkJoinPool.commonPool-worker-0] INFO  impl.StateMachineUpdater (StateMachineUpdater.java:stopAndJoin(149)) - 02f913b7-60d4-4225-a813-cf73e54e6f8a@group-1D84D338AFDC-StateMachineUpdater: set stopIndex = -1
2021-08-15 13:12:24,881 [02f913b7-60d4-4225-a813-cf73e54e6f8a@group-1D84D338AFDC-FollowerState] INFO  impl.FollowerState (FollowerState.java:run(143)) - 02f913b7-60d4-4225-a813-cf73e54e6f8a@group-1D84D338AFDC-FollowerState was interrupted: {}
java.lang.InterruptedException: sleep interrupted
	at java.lang.Thread.sleep(Native Method)
	at java.lang.Thread.sleep(Thread.java:340)
	at java.util.concurrent.TimeUnit.sleep(TimeUnit.java:386)
	at org.apache.ratis.util.TimeDuration.sleep(TimeDuration.java:324)
	at org.apache.ratis.util.TimeDuration.sleep(TimeDuration.java:309)
	at org.apache.ratis.server.impl.FollowerState.run(FollowerState.java:118)
2021-08-15 13:12:24,893 [ForkJoinPool.commonPool-worker-0] INFO  server.RaftServer$Division (ServerState.java:close(419)) - 02f913b7-60d4-4225-a813-cf73e54e6f8a@group-1D84D338AFDC: closes. applyIndex: -1
2021-08-15 13:12:24,896 [02f913b7-60d4-4225-a813-cf73e54e6f8a@group-1D84D338AFDC-SegmentedRaftLogWorker] INFO  segmented.SegmentedRaftLogWorker (SegmentedRaftLogWorker.java:run(327)) - 02f913b7-60d4-4225-a813-cf73e54e6f8a@group-1D84D338AFDC-SegmentedRaftLogWorker was interrupted, exiting. There are 0 tasks remaining in the queue.
2021-08-15 13:12:24,896 [ForkJoinPool.commonPool-worker-0] INFO  segmented.SegmentedRaftLogWorker (SegmentedRaftLogWorker.java:close(237)) - 02f913b7-60d4-4225-a813-cf73e54e6f8a@group-1D84D338AFDC-SegmentedRaftLogWorker close()
2021-08-15 13:12:24,896 [Listener at 127.0.0.1/41877] INFO  server.RaftServer (RaftServerProxy.java:lambda$close$6(391)) - 4a9aa4e1-3390-4ebe-823b-9f07154ce862: close
2021-08-15 13:12:24,916 [Listener at 127.0.0.1/41877] INFO  server.RaftServer$Division (RaftServerImpl.java:lambda$close$4(407)) - 4a9aa4e1-3390-4ebe-823b-9f07154ce862@group-1D84D338AFDC: shutdown
2021-08-15 13:12:24,916 [Listener at 127.0.0.1/41877] INFO  util.JmxRegister (JmxRegister.java:unregister(73)) - Successfully un-registered JMX Bean with object name Ratis:service=RaftServer,group=group-1D84D338AFDC,id=4a9aa4e1-3390-4ebe-823b-9f07154ce862
2021-08-15 13:12:24,916 [Listener at 127.0.0.1/41877] INFO  impl.RoleInfo (RoleInfo.java:shutdownFollowerState(108)) - 4a9aa4e1-3390-4ebe-823b-9f07154ce862: shutdown 4a9aa4e1-3390-4ebe-823b-9f07154ce862@group-1D84D338AFDC-FollowerState
2021-08-15 13:12:24,916 [Listener at 127.0.0.1/41877] INFO  impl.StateMachineUpdater (StateMachineUpdater.java:stopAndJoin(149)) - 4a9aa4e1-3390-4ebe-823b-9f07154ce862@group-1D84D338AFDC-StateMachineUpdater: set stopIndex = -1
2021-08-15 13:12:24,917 [ForkJoinPool.commonPool-worker-0] INFO  server.RaftServer$Division (RaftServerImpl.java:lambda$close$4(407)) - 02f913b7-60d4-4225-a813-cf73e54e6f8a@group-22B929EA956E: shutdown
2021-08-15 13:12:24,917 [ForkJoinPool.commonPool-worker-0] INFO  util.JmxRegister (JmxRegister.java:unregister(73)) - Successfully un-registered JMX Bean with object name Ratis:service=RaftServer,group=group-22B929EA956E,id=02f913b7-60d4-4225-a813-cf73e54e6f8a
2021-08-15 13:12:24,917 [ForkJoinPool.commonPool-worker-0] INFO  impl.RoleInfo (RoleInfo.java:shutdownLeaderState(91)) - 02f913b7-60d4-4225-a813-cf73e54e6f8a: shutdown 02f913b7-60d4-4225-a813-cf73e54e6f8a@group-22B929EA956E-LeaderStateImpl
2021-08-15 13:12:24,917 [ForkJoinPool.commonPool-worker-0] INFO  impl.PendingRequests (PendingRequests.java:sendNotLeaderResponses(282)) - 02f913b7-60d4-4225-a813-cf73e54e6f8a@group-22B929EA956E-PendingRequests: sendNotLeaderResponses
2021-08-15 13:12:24,918 [ForkJoinPool.commonPool-worker-0] INFO  impl.StateMachineUpdater (StateMachineUpdater.java:stopAndJoin(149)) - 02f913b7-60d4-4225-a813-cf73e54e6f8a@group-22B929EA956E-StateMachineUpdater: set stopIndex = 0
2021-08-15 13:12:24,918 [02f913b7-60d4-4225-a813-cf73e54e6f8a@group-22B929EA956E-StateMachineUpdater] INFO  ratis.ContainerStateMachine (ContainerStateMachine.java:takeSnapshot(293)) - group-22B929EA956E: Taking a snapshot at:(t:1, i:0) file /home/runner/work/ozone/ozone/hadoop-ozone/integration-test/target/test-dir/MiniOzoneClusterImpl-048a4f6d-23a9-42d5-a7f8-f934da4c6a5d/datanode-0/data/ratis/a12f33a8-fcf9-4968-84b1-22b929ea956e/sm/snapshot.1_0
2021-08-15 13:12:24,919 [Listener at 127.0.0.1/41877] INFO  server.RaftServer$Division (ServerState.java:close(419)) - 4a9aa4e1-3390-4ebe-823b-9f07154ce862@group-1D84D338AFDC: closes. applyIndex: -1
2021-08-15 13:12:24,919 [4a9aa4e1-3390-4ebe-823b-9f07154ce862@group-1D84D338AFDC-SegmentedRaftLogWorker] INFO  segmented.SegmentedRaftLogWorker (SegmentedRaftLogWorker.java:run(327)) - 4a9aa4e1-3390-4ebe-823b-9f07154ce862@group-1D84D338AFDC-SegmentedRaftLogWorker was interrupted, exiting. There are 0 tasks remaining in the queue.
2021-08-15 13:12:24,919 [Listener at 127.0.0.1/41877] INFO  segmented.SegmentedRaftLogWorker (SegmentedRaftLogWorker.java:close(237)) - 4a9aa4e1-3390-4ebe-823b-9f07154ce862@group-1D84D338AFDC-SegmentedRaftLogWorker close()
2021-08-15 13:12:24,920 [4a9aa4e1-3390-4ebe-823b-9f07154ce862@group-1D84D338AFDC-FollowerState] INFO  impl.FollowerState (FollowerState.java:run(143)) - 4a9aa4e1-3390-4ebe-823b-9f07154ce862@group-1D84D338AFDC-FollowerState was interrupted: {}
java.lang.InterruptedException: sleep interrupted
	at java.lang.Thread.sleep(Native Method)
	at java.lang.Thread.sleep(Thread.java:340)
	at java.util.concurrent.TimeUnit.sleep(TimeUnit.java:386)
	at org.apache.ratis.util.TimeDuration.sleep(TimeDuration.java:324)
	at org.apache.ratis.util.TimeDuration.sleep(TimeDuration.java:309)
	at org.apache.ratis.server.impl.FollowerState.run(FollowerState.java:118)
2021-08-15 13:12:24,937 [02f913b7-60d4-4225-a813-cf73e54e6f8a@group-22B929EA956E-StateMachineUpdater] INFO  ratis.ContainerStateMachine (ContainerStateMachine.java:takeSnapshot(304)) - group-22B929EA956E: Finished taking a snapshot at:(t:1, i:0) file:/home/runner/work/ozone/ozone/hadoop-ozone/integration-test/target/test-dir/MiniOzoneClusterImpl-048a4f6d-23a9-42d5-a7f8-f934da4c6a5d/datanode-0/data/ratis/a12f33a8-fcf9-4968-84b1-22b929ea956e/sm/snapshot.1_0 took: 18 ms
2021-08-15 13:12:24,956 [Listener at 127.0.0.1/41877] INFO  server.RaftServer$Division (RaftServerImpl.java:lambda$close$4(407)) - 4a9aa4e1-3390-4ebe-823b-9f07154ce862@group-99BD0D93F3D6: shutdown
2021-08-15 13:12:24,956 [02f913b7-60d4-4225-a813-cf73e54e6f8a@group-22B929EA956E-StateMachineUpdater] INFO  impl.StateMachineUpdater (StateMachineUpdater.java:takeSnapshot(281)) - 02f913b7-60d4-4225-a813-cf73e54e6f8a@group-22B929EA956E-StateMachineUpdater: Took a snapshot at index 0
2021-08-15 13:12:24,956 [Listener at 127.0.0.1/41877] INFO  util.JmxRegister (JmxRegister.java:unregister(73)) - Successfully un-registered JMX Bean with object name Ratis:service=RaftServer,group=group-99BD0D93F3D6,id=4a9aa4e1-3390-4ebe-823b-9f07154ce862
2021-08-15 13:12:24,956 [Listener at 127.0.0.1/41877] INFO  impl.RoleInfo (RoleInfo.java:shutdownLeaderState(91)) - 4a9aa4e1-3390-4ebe-823b-9f07154ce862: shutdown 4a9aa4e1-3390-4ebe-823b-9f07154ce862@group-99BD0D93F3D6-LeaderStateImpl
2021-08-15 13:12:24,956 [Listener at 127.0.0.1/41877] INFO  impl.PendingRequests (PendingRequests.java:sendNotLeaderResponses(282)) - 4a9aa4e1-3390-4ebe-823b-9f07154ce862@group-99BD0D93F3D6-PendingRequests: sendNotLeaderResponses
2021-08-15 13:12:24,957 [Listener at 127.0.0.1/41877] INFO  impl.StateMachineUpdater (StateMachineUpdater.java:stopAndJoin(149)) - 4a9aa4e1-3390-4ebe-823b-9f07154ce862@group-99BD0D93F3D6-StateMachineUpdater: set stopIndex = 0
2021-08-15 13:12:24,958 [4a9aa4e1-3390-4ebe-823b-9f07154ce862@group-99BD0D93F3D6-StateMachineUpdater] INFO  ratis.ContainerStateMachine (ContainerStateMachine.java:takeSnapshot(293)) - group-99BD0D93F3D6: Taking a snapshot at:(t:1, i:0) file /home/runner/work/ozone/ozone/hadoop-ozone/integration-test/target/test-dir/MiniOzoneClusterImpl-048a4f6d-23a9-42d5-a7f8-f934da4c6a5d/datanode-1/data/ratis/f1ae9563-8e0d-4e0c-9586-99bd0d93f3d6/sm/snapshot.1_0
2021-08-15 13:12:24,956 [02f913b7-60d4-4225-a813-cf73e54e6f8a@group-22B929EA956E-StateMachineUpdater] INFO  impl.StateMachineUpdater (StateMachineUpdater.java:lambda$new$0(89)) - 02f913b7-60d4-4225-a813-cf73e54e6f8a@group-22B929EA956E-StateMachineUpdater: snapshotIndex: updateIncreasingly -1 -> 0
2021-08-15 13:12:24,958 [ForkJoinPool.commonPool-worker-0] INFO  server.RaftServer$Division (ServerState.java:close(419)) - 02f913b7-60d4-4225-a813-cf73e54e6f8a@group-22B929EA956E: closes. applyIndex: 0
2021-08-15 13:12:24,958 [02f913b7-60d4-4225-a813-cf73e54e6f8a@group-22B929EA956E-SegmentedRaftLogWorker] INFO  segmented.SegmentedRaftLogWorker (SegmentedRaftLogWorker.java:run(327)) - 02f913b7-60d4-4225-a813-cf73e54e6f8a@group-22B929EA956E-SegmentedRaftLogWorker was interrupted, exiting. There are 0 tasks remaining in the queue.
2021-08-15 13:12:24,959 [ForkJoinPool.commonPool-worker-0] INFO  segmented.SegmentedRaftLogWorker (SegmentedRaftLogWorker.java:close(237)) - 02f913b7-60d4-4225-a813-cf73e54e6f8a@group-22B929EA956E-SegmentedRaftLogWorker close()
2021-08-15 13:12:24,960 [ForkJoinPool.commonPool-worker-0] INFO  server.RaftServer$Division (RaftServerImpl.java:lambda$close$4(407)) - 02f913b7-60d4-4225-a813-cf73e54e6f8a@group-26C67ECF95D8: shutdown
2021-08-15 13:12:24,960 [ForkJoinPool.commonPool-worker-0] INFO  util.JmxRegister (JmxRegister.java:unregister(73)) - Successfully un-registered JMX Bean with object name Ratis:service=RaftServer,group=group-26C67ECF95D8,id=02f913b7-60d4-4225-a813-cf73e54e6f8a
2021-08-15 13:12:24,960 [ForkJoinPool.commonPool-worker-0] INFO  impl.RoleInfo (RoleInfo.java:shutdownFollowerState(108)) - 02f913b7-60d4-4225-a813-cf73e54e6f8a: shutdown 02f913b7-60d4-4225-a813-cf73e54e6f8a@group-26C67ECF95D8-FollowerState
2021-08-15 13:12:24,960 [ForkJoinPool.commonPool-worker-0] INFO  impl.StateMachineUpdater (StateMachineUpdater.java:stopAndJoin(149)) - 02f913b7-60d4-4225-a813-cf73e54e6f8a@group-26C67ECF95D8-StateMachineUpdater: set stopIndex = 0
2021-08-15 13:12:24,961 [02f913b7-60d4-4225-a813-cf73e54e6f8a@group-26C67ECF95D8-FollowerState] INFO  impl.FollowerState (FollowerState.java:run(143)) - 02f913b7-60d4-4225-a813-cf73e54e6f8a@group-26C67ECF95D8-FollowerState was interrupted: {}
java.lang.InterruptedException: sleep interrupted
	at java.lang.Thread.sleep(Native Method)
	at java.lang.Thread.sleep(Thread.java:340)
	at java.util.concurrent.TimeUnit.sleep(TimeUnit.java:386)
	at org.apache.ratis.util.TimeDuration.sleep(TimeDuration.java:324)
	at org.apache.ratis.util.TimeDuration.sleep(TimeDuration.java:309)
	at org.apache.ratis.server.impl.FollowerState.run(FollowerState.java:118)
2021-08-15 13:12:24,961 [02f913b7-60d4-4225-a813-cf73e54e6f8a@group-26C67ECF95D8-StateMachineUpdater] INFO  ratis.ContainerStateMachine (ContainerStateMachine.java:takeSnapshot(293)) - group-26C67ECF95D8: Taking a snapshot at:(t:2, i:0) file /home/runner/work/ozone/ozone/hadoop-ozone/integration-test/target/test-dir/MiniOzoneClusterImpl-048a4f6d-23a9-42d5-a7f8-f934da4c6a5d/datanode-0/data/ratis/e3c4f94f-d294-4c08-914d-26c67ecf95d8/sm/snapshot.2_0
2021-08-15 13:12:24,962 [02f913b7-60d4-4225-a813-cf73e54e6f8a@group-26C67ECF95D8-StateMachineUpdater] INFO  ratis.ContainerStateMachine (ContainerStateMachine.java:takeSnapshot(304)) - group-26C67ECF95D8: Finished taking a snapshot at:(t:2, i:0) file:/home/runner/work/ozone/ozone/hadoop-ozone/integration-test/target/test-dir/MiniOzoneClusterImpl-048a4f6d-23a9-42d5-a7f8-f934da4c6a5d/datanode-0/data/ratis/e3c4f94f-d294-4c08-914d-26c67ecf95d8/sm/snapshot.2_0 took: 0 ms
2021-08-15 13:12:24,962 [02f913b7-60d4-4225-a813-cf73e54e6f8a@group-26C67ECF95D8-StateMachineUpdater] INFO  impl.StateMachineUpdater (StateMachineUpdater.java:takeSnapshot(281)) - 02f913b7-60d4-4225-a813-cf73e54e6f8a@group-26C67ECF95D8-StateMachineUpdater: Took a snapshot at index 0
2021-08-15 13:12:24,962 [02f913b7-60d4-4225-a813-cf73e54e6f8a@group-26C67ECF95D8-StateMachineUpdater] INFO  impl.StateMachineUpdater (StateMachineUpdater.java:lambda$new$0(89)) - 02f913b7-60d4-4225-a813-cf73e54e6f8a@group-26C67ECF95D8-StateMachineUpdater: snapshotIndex: updateIncreasingly -1 -> 0
2021-08-15 13:12:24,962 [ForkJoinPool.commonPool-worker-0] INFO  server.RaftServer$Division (ServerState.java:close(419)) - 02f913b7-60d4-4225-a813-cf73e54e6f8a@group-26C67ECF95D8: closes. applyIndex: 0
2021-08-15 13:12:24,962 [02f913b7-60d4-4225-a813-cf73e54e6f8a@group-26C67ECF95D8-SegmentedRaftLogWorker] INFO  segmented.SegmentedRaftLogWorker (SegmentedRaftLogWorker.java:run(327)) - 02f913b7-60d4-4225-a813-cf73e54e6f8a@group-26C67ECF95D8-SegmentedRaftLogWorker was interrupted, exiting. There are 0 tasks remaining in the queue.
2021-08-15 13:12:24,963 [4a9aa4e1-3390-4ebe-823b-9f07154ce862@group-99BD0D93F3D6-StateMachineUpdater] INFO  ratis.ContainerStateMachine (ContainerStateMachine.java:takeSnapshot(304)) - group-99BD0D93F3D6: Finished taking a snapshot at:(t:1, i:0) file:/home/runner/work/ozone/ozone/hadoop-ozone/integration-test/target/test-dir/MiniOzoneClusterImpl-048a4f6d-23a9-42d5-a7f8-f934da4c6a5d/datanode-1/data/ratis/f1ae9563-8e0d-4e0c-9586-99bd0d93f3d6/sm/snapshot.1_0 took: 5 ms
2021-08-15 13:12:24,963 [4a9aa4e1-3390-4ebe-823b-9f07154ce862@group-99BD0D93F3D6-StateMachineUpdater] INFO  impl.StateMachineUpdater (StateMachineUpdater.java:takeSnapshot(281)) - 4a9aa4e1-3390-4ebe-823b-9f07154ce862@group-99BD0D93F3D6-StateMachineUpdater: Took a snapshot at index 0
2021-08-15 13:12:24,963 [4a9aa4e1-3390-4ebe-823b-9f07154ce862@group-99BD0D93F3D6-StateMachineUpdater] INFO  impl.StateMachineUpdater (StateMachineUpdater.java:lambda$new$0(89)) - 4a9aa4e1-3390-4ebe-823b-9f07154ce862@group-99BD0D93F3D6-StateMachineUpdater: snapshotIndex: updateIncreasingly -1 -> 0
2021-08-15 13:12:24,963 [Listener at 127.0.0.1/41877] INFO  server.RaftServer$Division (ServerState.java:close(419)) - 4a9aa4e1-3390-4ebe-823b-9f07154ce862@group-99BD0D93F3D6: closes. applyIndex: 0
2021-08-15 13:12:24,963 [4a9aa4e1-3390-4ebe-823b-9f07154ce862@group-99BD0D93F3D6-SegmentedRaftLogWorker] INFO  segmented.SegmentedRaftLogWorker (SegmentedRaftLogWorker.java:run(327)) - 4a9aa4e1-3390-4ebe-823b-9f07154ce862@group-99BD0D93F3D6-SegmentedRaftLogWorker was interrupted, exiting. There are 0 tasks remaining in the queue.
2021-08-15 13:12:24,964 [ForkJoinPool.commonPool-worker-0] INFO  segmented.SegmentedRaftLogWorker (SegmentedRaftLogWorker.java:close(237)) - 02f913b7-60d4-4225-a813-cf73e54e6f8a@group-26C67ECF95D8-SegmentedRaftLogWorker close()
2021-08-15 13:12:24,964 [Listener at 127.0.0.1/41877] INFO  segmented.SegmentedRaftLogWorker (SegmentedRaftLogWorker.java:close(237)) - 4a9aa4e1-3390-4ebe-823b-9f07154ce862@group-99BD0D93F3D6-SegmentedRaftLogWorker close()
2021-08-15 13:12:24,965 [Listener at 127.0.0.1/41877] INFO  server.RaftServer$Division (RaftServerImpl.java:lambda$close$4(407)) - 4a9aa4e1-3390-4ebe-823b-9f07154ce862@group-26C67ECF95D8: shutdown
2021-08-15 13:12:24,965 [ForkJoinPool.commonPool-worker-0] INFO  server.GrpcService (GrpcService.java:closeImpl(262)) - 02f913b7-60d4-4225-a813-cf73e54e6f8a: shutdown server with port 35145 now
2021-08-15 13:12:24,965 [Listener at 127.0.0.1/41877] INFO  util.JmxRegister (JmxRegister.java:unregister(73)) - Successfully un-registered JMX Bean with object name Ratis:service=RaftServer,group=group-26C67ECF95D8,id=4a9aa4e1-3390-4ebe-823b-9f07154ce862
2021-08-15 13:12:24,966 [Listener at 127.0.0.1/41877] INFO  impl.RoleInfo (RoleInfo.java:shutdownFollowerState(108)) - 4a9aa4e1-3390-4ebe-823b-9f07154ce862: shutdown 4a9aa4e1-3390-4ebe-823b-9f07154ce862@group-26C67ECF95D8-FollowerState
2021-08-15 13:12:24,966 [4a9aa4e1-3390-4ebe-823b-9f07154ce862@group-26C67ECF95D8-FollowerState] INFO  impl.FollowerState (FollowerState.java:run(143)) - 4a9aa4e1-3390-4ebe-823b-9f07154ce862@group-26C67ECF95D8-FollowerState was interrupted: {}
java.lang.InterruptedException: sleep interrupted
	at java.lang.Thread.sleep(Native Method)
	at java.lang.Thread.sleep(Thread.java:340)
	at java.util.concurrent.TimeUnit.sleep(TimeUnit.java:386)
	at org.apache.ratis.util.TimeDuration.sleep(TimeDuration.java:324)
	at org.apache.ratis.util.TimeDuration.sleep(TimeDuration.java:309)
	at org.apache.ratis.server.impl.FollowerState.run(FollowerState.java:118)
2021-08-15 13:12:24,966 [Listener at 127.0.0.1/41877] INFO  impl.StateMachineUpdater (StateMachineUpdater.java:stopAndJoin(149)) - 4a9aa4e1-3390-4ebe-823b-9f07154ce862@group-26C67ECF95D8-StateMachineUpdater: set stopIndex = 0
2021-08-15 13:12:24,966 [4a9aa4e1-3390-4ebe-823b-9f07154ce862@group-26C67ECF95D8-StateMachineUpdater] INFO  ratis.ContainerStateMachine (ContainerStateMachine.java:takeSnapshot(293)) - group-26C67ECF95D8: Taking a snapshot at:(t:2, i:0) file /home/runner/work/ozone/ozone/hadoop-ozone/integration-test/target/test-dir/MiniOzoneClusterImpl-048a4f6d-23a9-42d5-a7f8-f934da4c6a5d/datanode-1/data/ratis/e3c4f94f-d294-4c08-914d-26c67ecf95d8/sm/snapshot.2_0
2021-08-15 13:12:24,972 [ForkJoinPool.commonPool-worker-0] INFO  server.GrpcService (GrpcService.java:closeImpl(271)) - 02f913b7-60d4-4225-a813-cf73e54e6f8a: shutdown server with port 35145 successfully
2021-08-15 13:12:24,973 [org.apache.ratis.util.JvmPauseMonitor$$Lambda$531/36399757@7aefd622] INFO  util.JvmPauseMonitor (JvmPauseMonitor.java:run(109)) - JvmPauseMonitor-02f913b7-60d4-4225-a813-cf73e54e6f8a: Stopped
2021-08-15 13:12:24,975 [ForkJoinPool.commonPool-worker-0] INFO  utils.BackgroundService (BackgroundService.java:shutdown(132)) - Shutting down service BlockDeletingService
2021-08-15 13:12:24,976 [4a9aa4e1-3390-4ebe-823b-9f07154ce862@group-26C67ECF95D8-StateMachineUpdater] INFO  ratis.ContainerStateMachine (ContainerStateMachine.java:takeSnapshot(304)) - group-26C67ECF95D8: Finished taking a snapshot at:(t:2, i:0) file:/home/runner/work/ozone/ozone/hadoop-ozone/integration-test/target/test-dir/MiniOzoneClusterImpl-048a4f6d-23a9-42d5-a7f8-f934da4c6a5d/datanode-1/data/ratis/e3c4f94f-d294-4c08-914d-26c67ecf95d8/sm/snapshot.2_0 took: 10 ms
2021-08-15 13:12:24,982 [4a9aa4e1-3390-4ebe-823b-9f07154ce862@group-26C67ECF95D8-StateMachineUpdater] INFO  impl.StateMachineUpdater (StateMachineUpdater.java:takeSnapshot(281)) - 4a9aa4e1-3390-4ebe-823b-9f07154ce862@group-26C67ECF95D8-StateMachineUpdater: Took a snapshot at index 0
2021-08-15 13:12:24,982 [4a9aa4e1-3390-4ebe-823b-9f07154ce862@group-26C67ECF95D8-StateMachineUpdater] INFO  impl.StateMachineUpdater (StateMachineUpdater.java:lambda$new$0(89)) - 4a9aa4e1-3390-4ebe-823b-9f07154ce862@group-26C67ECF95D8-StateMachineUpdater: snapshotIndex: updateIncreasingly -1 -> 0
2021-08-15 13:12:24,982 [Listener at 127.0.0.1/41877] INFO  server.RaftServer$Division (ServerState.java:close(419)) - 4a9aa4e1-3390-4ebe-823b-9f07154ce862@group-26C67ECF95D8: closes. applyIndex: 0
2021-08-15 13:12:24,982 [4a9aa4e1-3390-4ebe-823b-9f07154ce862@group-26C67ECF95D8-SegmentedRaftLogWorker] INFO  segmented.SegmentedRaftLogWorker (SegmentedRaftLogWorker.java:run(327)) - 4a9aa4e1-3390-4ebe-823b-9f07154ce862@group-26C67ECF95D8-SegmentedRaftLogWorker was interrupted, exiting. There are 0 tasks remaining in the queue.
2021-08-15 13:12:24,992 [Listener at 127.0.0.1/41877] INFO  segmented.SegmentedRaftLogWorker (SegmentedRaftLogWorker.java:close(237)) - 4a9aa4e1-3390-4ebe-823b-9f07154ce862@group-26C67ECF95D8-SegmentedRaftLogWorker close()
2021-08-15 13:12:25,005 [Listener at 127.0.0.1/41877] INFO  server.GrpcService (GrpcService.java:closeImpl(262)) - 4a9aa4e1-3390-4ebe-823b-9f07154ce862: shutdown server with port 34883 now
2021-08-15 13:12:25,035 [Listener at 127.0.0.1/41877] INFO  server.GrpcService (GrpcService.java:closeImpl(271)) - 4a9aa4e1-3390-4ebe-823b-9f07154ce862: shutdown server with port 34883 successfully
2021-08-15 13:12:25,035 [org.apache.ratis.util.JvmPauseMonitor$$Lambda$531/36399757@b3e3fc8] INFO  util.JvmPauseMonitor (JvmPauseMonitor.java:run(109)) - JvmPauseMonitor-4a9aa4e1-3390-4ebe-823b-9f07154ce862: Stopped
2021-08-15 13:12:25,041 [Listener at 127.0.0.1/41877] INFO  utils.BackgroundService (BackgroundService.java:shutdown(132)) - Shutting down service BlockDeletingService
2021-08-15 13:12:27,321 [dd118232-85e1-4ba3-86d8-b3b6639effb8@group-1D84D338AFDC-FollowerState] INFO  impl.FollowerState (FollowerState.java:run(134)) - dd118232-85e1-4ba3-86d8-b3b6639effb8@group-1D84D338AFDC-FollowerState: change to CANDIDATE, lastRpcElapsedTime:5078293500ns, electionTimeout:5077ms
2021-08-15 13:12:27,321 [dd118232-85e1-4ba3-86d8-b3b6639effb8@group-1D84D338AFDC-FollowerState] INFO  impl.RoleInfo (RoleInfo.java:shutdownFollowerState(108)) - dd118232-85e1-4ba3-86d8-b3b6639effb8: shutdown dd118232-85e1-4ba3-86d8-b3b6639effb8@group-1D84D338AFDC-FollowerState
2021-08-15 13:12:27,322 [dd118232-85e1-4ba3-86d8-b3b6639effb8@group-1D84D338AFDC-FollowerState] INFO  server.RaftServer$Division (RaftServerImpl.java:setRole(285)) - dd118232-85e1-4ba3-86d8-b3b6639effb8@group-1D84D338AFDC: changes role from  FOLLOWER to CANDIDATE at term 3 for changeToCandidate
2021-08-15 13:12:27,328 [dd118232-85e1-4ba3-86d8-b3b6639effb8@group-1D84D338AFDC-FollowerState] INFO  server.RaftServerConfigKeys (ConfUtils.java:logGet(44)) - raft.server.leaderelection.pre-vote = false (custom)
2021-08-15 13:12:27,328 [dd118232-85e1-4ba3-86d8-b3b6639effb8@group-1D84D338AFDC-FollowerState] INFO  impl.RoleInfo (RoleInfo.java:updateAndGet(130)) - dd118232-85e1-4ba3-86d8-b3b6639effb8: start dd118232-85e1-4ba3-86d8-b3b6639effb8@group-1D84D338AFDC-LeaderElection46
2021-08-15 13:12:27,349 [dd118232-85e1-4ba3-86d8-b3b6639effb8@group-1D84D338AFDC-LeaderElection46] INFO  impl.LeaderElection (LeaderElection.java:askForVotes(306)) - dd118232-85e1-4ba3-86d8-b3b6639effb8@group-1D84D338AFDC-LeaderElection46 ELECTION round 0: submit vote requests at term 4 for -1: [4a9aa4e1-3390-4ebe-823b-9f07154ce862|rpc:10.1.0.42:34883|dataStream:|priority:1, dd118232-85e1-4ba3-86d8-b3b6639effb8|rpc:10.1.0.42:43377|dataStream:|priority:0, 02f913b7-60d4-4225-a813-cf73e54e6f8a|rpc:10.1.0.42:35145|dataStream:|priority:0], old=null
2021-08-15 13:12:27,376 [dd118232-85e1-4ba3-86d8-b3b6639effb8@group-1D84D338AFDC-LeaderElection46] INFO  impl.LeaderElection (LogUtils.java:infoOrTrace(137)) - dd118232-85e1-4ba3-86d8-b3b6639effb8@group-1D84D338AFDC-LeaderElection46 got exception when requesting votes: java.util.concurrent.ExecutionException: org.apache.ratis.thirdparty.io.grpc.StatusRuntimeException: UNAVAILABLE: io exception
2021-08-15 13:12:27,400 [dd118232-85e1-4ba3-86d8-b3b6639effb8@group-1D84D338AFDC-LeaderElection46] INFO  impl.LeaderElection (LogUtils.java:infoOrTrace(137)) - dd118232-85e1-4ba3-86d8-b3b6639effb8@group-1D84D338AFDC-LeaderElection46 got exception when requesting votes: java.util.concurrent.ExecutionException: org.apache.ratis.thirdparty.io.grpc.StatusRuntimeException: UNAVAILABLE: io exception
2021-08-15 13:12:27,400 [dd118232-85e1-4ba3-86d8-b3b6639effb8@group-1D84D338AFDC-LeaderElection46] INFO  impl.LeaderElection (LeaderElection.java:logAndReturn(89)) - dd118232-85e1-4ba3-86d8-b3b6639effb8@group-1D84D338AFDC-LeaderElection46: ELECTION REJECTED received 0 response(s) and 2 exception(s):
2021-08-15 13:12:27,400 [dd118232-85e1-4ba3-86d8-b3b6639effb8@group-1D84D338AFDC-LeaderElection46] INFO  impl.LeaderElection (LogUtils.java:infoOrTrace(137)) -   Exception 0: java.util.concurrent.ExecutionException: org.apache.ratis.thirdparty.io.grpc.StatusRuntimeException: UNAVAILABLE: io exception
2021-08-15 13:12:27,400 [dd118232-85e1-4ba3-86d8-b3b6639effb8@group-1D84D338AFDC-LeaderElection46] INFO  impl.LeaderElection (LogUtils.java:infoOrTrace(137)) -   Exception 1: java.util.concurrent.ExecutionException: org.apache.ratis.thirdparty.io.grpc.StatusRuntimeException: UNAVAILABLE: io exception
2021-08-15 13:12:27,400 [dd118232-85e1-4ba3-86d8-b3b6639effb8@group-1D84D338AFDC-LeaderElection46] INFO  impl.LeaderElection (LeaderElection.java:askForVotes(308)) - dd118232-85e1-4ba3-86d8-b3b6639effb8@group-1D84D338AFDC-LeaderElection46 ELECTION round 0: result REJECTED
2021-08-15 13:12:27,400 [dd118232-85e1-4ba3-86d8-b3b6639effb8@group-1D84D338AFDC-LeaderElection46] INFO  server.RaftServer$Division (RaftServerImpl.java:setRole(285)) - dd118232-85e1-4ba3-86d8-b3b6639effb8@group-1D84D338AFDC: changes role from CANDIDATE to FOLLOWER at term 4 for REJECTED
2021-08-15 13:12:27,400 [dd118232-85e1-4ba3-86d8-b3b6639effb8@group-1D84D338AFDC-LeaderElection46] INFO  impl.RoleInfo (RoleInfo.java:shutdownLeaderElection(121)) - dd118232-85e1-4ba3-86d8-b3b6639effb8: shutdown dd118232-85e1-4ba3-86d8-b3b6639effb8@group-1D84D338AFDC-LeaderElection46
2021-08-15 13:12:27,400 [dd118232-85e1-4ba3-86d8-b3b6639effb8@group-1D84D338AFDC-LeaderElection46] INFO  impl.RoleInfo (RoleInfo.java:updateAndGet(130)) - dd118232-85e1-4ba3-86d8-b3b6639effb8: start dd118232-85e1-4ba3-86d8-b3b6639effb8@group-1D84D338AFDC-FollowerState
2021-08-15 13:12:28,000 [ForkJoinPool.commonPool-worker-0] INFO  statemachine.DatanodeStateMachine (DatanodeStateMachine.java:stopDaemon(515)) - Ozone container server stopped.
2021-08-15 13:12:28,023 [ForkJoinPool.commonPool-worker-0] INFO  handler.ContextHandler (ContextHandler.java:doStop(1153)) - Stopped o.e.j.w.WebAppContext@67cdf9fb{hddsDatanode,/,null,STOPPED}{jar:file:/home/runner/.m2/repository/org/apache/ozone/hdds-container-service/1.2.0-SNAPSHOT/hdds-container-service-1.2.0-SNAPSHOT.jar!/webapps/hddsDatanode}
2021-08-15 13:12:28,032 [ForkJoinPool.commonPool-worker-0] INFO  server.AbstractConnector (AbstractConnector.java:doStop(381)) - Stopped ServerConnector@126730bb{HTTP/1.1, (http/1.1)}{0.0.0.0:0}
2021-08-15 13:12:28,032 [ForkJoinPool.commonPool-worker-0] INFO  server.session (HouseKeeper.java:stopScavenging(149)) - node0 Stopped scavenging
2021-08-15 13:12:28,032 [ForkJoinPool.commonPool-worker-0] INFO  handler.ContextHandler (ContextHandler.java:doStop(1153)) - Stopped o.e.j.s.ServletContextHandler@5a8ecad9{static,/static,jar:file:/home/runner/.m2/repository/org/apache/ozone/hdds-container-service/1.2.0-SNAPSHOT/hdds-container-service-1.2.0-SNAPSHOT.jar!/webapps/static,STOPPED}
2021-08-15 13:12:28,033 [ForkJoinPool.commonPool-worker-0] INFO  handler.ContextHandler (ContextHandler.java:doStop(1153)) - Stopped o.e.j.s.ServletContextHandler@2ae1d25c{logs,/logs,file:///home/runner/work/ozone/ozone/hadoop-ozone/integration-test/target/log,STOPPED}
2021-08-15 13:12:28,066 [Listener at 127.0.0.1/41877] INFO  statemachine.DatanodeStateMachine (DatanodeStateMachine.java:stopDaemon(515)) - Ozone container server stopped.
2021-08-15 13:12:28,066 [Listener at 127.0.0.1/41877] INFO  handler.ContextHandler (ContextHandler.java:doStop(1153)) - Stopped o.e.j.w.WebAppContext@7aea8f3b{hddsDatanode,/,null,STOPPED}{jar:file:/home/runner/.m2/repository/org/apache/ozone/hdds-container-service/1.2.0-SNAPSHOT/hdds-container-service-1.2.0-SNAPSHOT.jar!/webapps/hddsDatanode}
2021-08-15 13:12:28,070 [Listener at 127.0.0.1/41877] INFO  server.AbstractConnector (AbstractConnector.java:doStop(381)) - Stopped ServerConnector@7841f0f{HTTP/1.1, (http/1.1)}{0.0.0.0:0}
2021-08-15 13:12:28,071 [Listener at 127.0.0.1/41877] INFO  server.session (HouseKeeper.java:stopScavenging(149)) - node0 Stopped scavenging
2021-08-15 13:12:28,071 [Listener at 127.0.0.1/41877] INFO  handler.ContextHandler (ContextHandler.java:doStop(1153)) - Stopped o.e.j.s.ServletContextHandler@59366575{static,/static,jar:file:/home/runner/.m2/repository/org/apache/ozone/hdds-container-service/1.2.0-SNAPSHOT/hdds-container-service-1.2.0-SNAPSHOT.jar!/webapps/static,STOPPED}
2021-08-15 13:12:28,071 [Listener at 127.0.0.1/41877] INFO  handler.ContextHandler (ContextHandler.java:doStop(1153)) - Stopped o.e.j.s.ServletContextHandler@5dead8b6{logs,/logs,file:///home/runner/work/ozone/ozone/hadoop-ozone/integration-test/target/log,STOPPED}
2021-08-15 13:12:28,295 [Datanode State Machine Thread - 0] INFO  statemachine.DatanodeStateMachine (DatanodeStateMachine.java:lambda$startDaemon$0(457)) - Ozone container server started.
2021-08-15 13:12:32,542 [dd118232-85e1-4ba3-86d8-b3b6639effb8@group-1D84D338AFDC-FollowerState] INFO  impl.FollowerState (FollowerState.java:run(134)) - dd118232-85e1-4ba3-86d8-b3b6639effb8@group-1D84D338AFDC-FollowerState: change to CANDIDATE, lastRpcElapsedTime:5142056524ns, electionTimeout:5134ms
2021-08-15 13:12:32,543 [dd118232-85e1-4ba3-86d8-b3b6639effb8@group-1D84D338AFDC-FollowerState] INFO  impl.RoleInfo (RoleInfo.java:shutdownFollowerState(108)) - dd118232-85e1-4ba3-86d8-b3b6639effb8: shutdown dd118232-85e1-4ba3-86d8-b3b6639effb8@group-1D84D338AFDC-FollowerState
2021-08-15 13:12:32,543 [dd118232-85e1-4ba3-86d8-b3b6639effb8@group-1D84D338AFDC-FollowerState] INFO  server.RaftServer$Division (RaftServerImpl.java:setRole(285)) - dd118232-85e1-4ba3-86d8-b3b6639effb8@group-1D84D338AFDC: changes role from  FOLLOWER to CANDIDATE at term 4 for changeToCandidate
2021-08-15 13:12:32,543 [dd118232-85e1-4ba3-86d8-b3b6639effb8@group-1D84D338AFDC-FollowerState] INFO  server.RaftServerConfigKeys (ConfUtils.java:logGet(44)) - raft.server.leaderelection.pre-vote = false (custom)
2021-08-15 13:12:32,543 [dd118232-85e1-4ba3-86d8-b3b6639effb8@group-1D84D338AFDC-FollowerState] INFO  impl.RoleInfo (RoleInfo.java:updateAndGet(130)) - dd118232-85e1-4ba3-86d8-b3b6639effb8: start dd118232-85e1-4ba3-86d8-b3b6639effb8@group-1D84D338AFDC-LeaderElection47
2021-08-15 13:12:32,570 [dd118232-85e1-4ba3-86d8-b3b6639effb8@group-1D84D338AFDC-LeaderElection47] INFO  impl.LeaderElection (LeaderElection.java:askForVotes(306)) - dd118232-85e1-4ba3-86d8-b3b6639effb8@group-1D84D338AFDC-LeaderElection47 ELECTION round 0: submit vote requests at term 5 for -1: [4a9aa4e1-3390-4ebe-823b-9f07154ce862|rpc:10.1.0.42:34883|dataStream:|priority:1, dd118232-85e1-4ba3-86d8-b3b6639effb8|rpc:10.1.0.42:43377|dataStream:|priority:0, 02f913b7-60d4-4225-a813-cf73e54e6f8a|rpc:10.1.0.42:35145|dataStream:|priority:0], old=null
2021-08-15 13:12:32,582 [dd118232-85e1-4ba3-86d8-b3b6639effb8@group-1D84D338AFDC-LeaderElection47] INFO  impl.LeaderElection (LogUtils.java:infoOrTrace(137)) - dd118232-85e1-4ba3-86d8-b3b6639effb8@group-1D84D338AFDC-LeaderElection47 got exception when requesting votes: java.util.concurrent.ExecutionException: org.apache.ratis.thirdparty.io.grpc.StatusRuntimeException: UNAVAILABLE: io exception
2021-08-15 13:12:32,584 [dd118232-85e1-4ba3-86d8-b3b6639effb8@group-1D84D338AFDC-LeaderElection47] INFO  impl.LeaderElection (LogUtils.java:infoOrTrace(137)) - dd118232-85e1-4ba3-86d8-b3b6639effb8@group-1D84D338AFDC-LeaderElection47 got exception when requesting votes: java.util.concurrent.ExecutionException: org.apache.ratis.thirdparty.io.grpc.StatusRuntimeException: UNAVAILABLE: io exception
2021-08-15 13:12:32,584 [dd118232-85e1-4ba3-86d8-b3b6639effb8@group-1D84D338AFDC-LeaderElection47] INFO  impl.LeaderElection (LeaderElection.java:logAndReturn(89)) - dd118232-85e1-4ba3-86d8-b3b6639effb8@group-1D84D338AFDC-LeaderElection47: ELECTION REJECTED received 0 response(s) and 2 exception(s):
2021-08-15 13:12:32,584 [dd118232-85e1-4ba3-86d8-b3b6639effb8@group-1D84D338AFDC-LeaderElection47] INFO  impl.LeaderElection (LogUtils.java:infoOrTrace(137)) -   Exception 0: java.util.concurrent.ExecutionException: org.apache.ratis.thirdparty.io.grpc.StatusRuntimeException: UNAVAILABLE: io exception
2021-08-15 13:12:32,584 [dd118232-85e1-4ba3-86d8-b3b6639effb8@group-1D84D338AFDC-LeaderElection47] INFO  impl.LeaderElection (LogUtils.java:infoOrTrace(137)) -   Exception 1: java.util.concurrent.ExecutionException: org.apache.ratis.thirdparty.io.grpc.StatusRuntimeException: UNAVAILABLE: io exception
2021-08-15 13:12:32,584 [dd118232-85e1-4ba3-86d8-b3b6639effb8@group-1D84D338AFDC-LeaderElection47] INFO  impl.LeaderElection (LeaderElection.java:askForVotes(308)) - dd118232-85e1-4ba3-86d8-b3b6639effb8@group-1D84D338AFDC-LeaderElection47 ELECTION round 0: result REJECTED
2021-08-15 13:12:32,585 [dd118232-85e1-4ba3-86d8-b3b6639effb8@group-1D84D338AFDC-LeaderElection47] INFO  server.RaftServer$Division (RaftServerImpl.java:setRole(285)) - dd118232-85e1-4ba3-86d8-b3b6639effb8@group-1D84D338AFDC: changes role from CANDIDATE to FOLLOWER at term 5 for REJECTED
2021-08-15 13:12:32,585 [dd118232-85e1-4ba3-86d8-b3b6639effb8@group-1D84D338AFDC-LeaderElection47] INFO  impl.RoleInfo (RoleInfo.java:shutdownLeaderElection(121)) - dd118232-85e1-4ba3-86d8-b3b6639effb8: shutdown dd118232-85e1-4ba3-86d8-b3b6639effb8@group-1D84D338AFDC-LeaderElection47
2021-08-15 13:12:32,585 [dd118232-85e1-4ba3-86d8-b3b6639effb8@group-1D84D338AFDC-LeaderElection47] INFO  impl.RoleInfo (RoleInfo.java:updateAndGet(130)) - dd118232-85e1-4ba3-86d8-b3b6639effb8: start dd118232-85e1-4ba3-86d8-b3b6639effb8@group-1D84D338AFDC-FollowerState
2021-08-15 13:12:33,039 [ForkJoinPool.commonPool-worker-0] INFO  ozoneimpl.OzoneContainer (OzoneContainer.java:stop(326)) - Attempting to stop container services.
2021-08-15 13:12:33,041 [ForkJoinPool.commonPool-worker-0] INFO  server.RaftServer (RaftServerProxy.java:lambda$close$6(391)) - dd118232-85e1-4ba3-86d8-b3b6639effb8: close
2021-08-15 13:12:33,041 [ForkJoinPool.commonPool-worker-0] INFO  server.RaftServer$Division (RaftServerImpl.java:lambda$close$4(407)) - dd118232-85e1-4ba3-86d8-b3b6639effb8@group-1D84D338AFDC: shutdown
2021-08-15 13:12:33,041 [ForkJoinPool.commonPool-worker-0] INFO  util.JmxRegister (JmxRegister.java:unregister(73)) - Successfully un-registered JMX Bean with object name Ratis:service=RaftServer,group=group-1D84D338AFDC,id=dd118232-85e1-4ba3-86d8-b3b6639effb8
2021-08-15 13:12:33,042 [ForkJoinPool.commonPool-worker-0] INFO  impl.RoleInfo (RoleInfo.java:shutdownFollowerState(108)) - dd118232-85e1-4ba3-86d8-b3b6639effb8: shutdown dd118232-85e1-4ba3-86d8-b3b6639effb8@group-1D84D338AFDC-FollowerState
2021-08-15 13:12:33,042 [ForkJoinPool.commonPool-worker-0] INFO  impl.StateMachineUpdater (StateMachineUpdater.java:stopAndJoin(149)) - dd118232-85e1-4ba3-86d8-b3b6639effb8@group-1D84D338AFDC-StateMachineUpdater: set stopIndex = -1
2021-08-15 13:12:33,042 [dd118232-85e1-4ba3-86d8-b3b6639effb8@group-1D84D338AFDC-FollowerState] INFO  impl.FollowerState (FollowerState.java:run(143)) - dd118232-85e1-4ba3-86d8-b3b6639effb8@group-1D84D338AFDC-FollowerState was interrupted: {}
java.lang.InterruptedException: sleep interrupted
	at java.lang.Thread.sleep(Native Method)
	at java.lang.Thread.sleep(Thread.java:340)
	at java.util.concurrent.TimeUnit.sleep(TimeUnit.java:386)
	at org.apache.ratis.util.TimeDuration.sleep(TimeDuration.java:324)
	at org.apache.ratis.util.TimeDuration.sleep(TimeDuration.java:309)
	at org.apache.ratis.server.impl.FollowerState.run(FollowerState.java:118)
2021-08-15 13:12:33,043 [ForkJoinPool.commonPool-worker-0] INFO  server.RaftServer$Division (ServerState.java:close(419)) - dd118232-85e1-4ba3-86d8-b3b6639effb8@group-1D84D338AFDC: closes. applyIndex: -1
2021-08-15 13:12:33,047 [dd118232-85e1-4ba3-86d8-b3b6639effb8@group-1D84D338AFDC-SegmentedRaftLogWorker] INFO  segmented.SegmentedRaftLogWorker (SegmentedRaftLogWorker.java:run(327)) - dd118232-85e1-4ba3-86d8-b3b6639effb8@group-1D84D338AFDC-SegmentedRaftLogWorker was interrupted, exiting. There are 0 tasks remaining in the queue.
2021-08-15 13:12:33,047 [ForkJoinPool.commonPool-worker-0] INFO  segmented.SegmentedRaftLogWorker (SegmentedRaftLogWorker.java:close(237)) - dd118232-85e1-4ba3-86d8-b3b6639effb8@group-1D84D338AFDC-SegmentedRaftLogWorker close()
2021-08-15 13:12:33,049 [ForkJoinPool.commonPool-worker-0] INFO  server.RaftServer$Division (RaftServerImpl.java:lambda$close$4(407)) - dd118232-85e1-4ba3-86d8-b3b6639effb8@group-A50875D3B715: shutdown
2021-08-15 13:12:33,049 [ForkJoinPool.commonPool-worker-0] INFO  util.JmxRegister (JmxRegister.java:unregister(73)) - Successfully un-registered JMX Bean with object name Ratis:service=RaftServer,group=group-A50875D3B715,id=dd118232-85e1-4ba3-86d8-b3b6639effb8
2021-08-15 13:12:33,049 [ForkJoinPool.commonPool-worker-0] INFO  impl.RoleInfo (RoleInfo.java:shutdownLeaderState(91)) - dd118232-85e1-4ba3-86d8-b3b6639effb8: shutdown dd118232-85e1-4ba3-86d8-b3b6639effb8@group-A50875D3B715-LeaderStateImpl
2021-08-15 13:12:33,050 [ForkJoinPool.commonPool-worker-0] INFO  impl.PendingRequests (PendingRequests.java:sendNotLeaderResponses(282)) - dd118232-85e1-4ba3-86d8-b3b6639effb8@group-A50875D3B715-PendingRequests: sendNotLeaderResponses
2021-08-15 13:12:33,050 [ForkJoinPool.commonPool-worker-0] INFO  impl.StateMachineUpdater (StateMachineUpdater.java:stopAndJoin(149)) - dd118232-85e1-4ba3-86d8-b3b6639effb8@group-A50875D3B715-StateMachineUpdater: set stopIndex = 0
2021-08-15 13:12:33,052 [dd118232-85e1-4ba3-86d8-b3b6639effb8@group-A50875D3B715-StateMachineUpdater] INFO  ratis.ContainerStateMachine (ContainerStateMachine.java:takeSnapshot(293)) - group-A50875D3B715: Taking a snapshot at:(t:1, i:0) file /home/runner/work/ozone/ozone/hadoop-ozone/integration-test/target/test-dir/MiniOzoneClusterImpl-048a4f6d-23a9-42d5-a7f8-f934da4c6a5d/datanode-2/data/ratis/c5e92e9f-fd3f-4663-b5bc-a50875d3b715/sm/snapshot.1_0
2021-08-15 13:12:33,054 [dd118232-85e1-4ba3-86d8-b3b6639effb8@group-A50875D3B715-StateMachineUpdater] INFO  ratis.ContainerStateMachine (ContainerStateMachine.java:takeSnapshot(304)) - group-A50875D3B715: Finished taking a snapshot at:(t:1, i:0) file:/home/runner/work/ozone/ozone/hadoop-ozone/integration-test/target/test-dir/MiniOzoneClusterImpl-048a4f6d-23a9-42d5-a7f8-f934da4c6a5d/datanode-2/data/ratis/c5e92e9f-fd3f-4663-b5bc-a50875d3b715/sm/snapshot.1_0 took: 2 ms
2021-08-15 13:12:33,054 [dd118232-85e1-4ba3-86d8-b3b6639effb8@group-A50875D3B715-StateMachineUpdater] INFO  impl.StateMachineUpdater (StateMachineUpdater.java:takeSnapshot(281)) - dd118232-85e1-4ba3-86d8-b3b6639effb8@group-A50875D3B715-StateMachineUpdater: Took a snapshot at index 0
2021-08-15 13:12:33,055 [dd118232-85e1-4ba3-86d8-b3b6639effb8@group-A50875D3B715-StateMachineUpdater] INFO  impl.StateMachineUpdater (StateMachineUpdater.java:lambda$new$0(89)) - dd118232-85e1-4ba3-86d8-b3b6639effb8@group-A50875D3B715-StateMachineUpdater: snapshotIndex: updateIncreasingly -1 -> 0
2021-08-15 13:12:33,055 [ForkJoinPool.commonPool-worker-0] INFO  server.RaftServer$Division (ServerState.java:close(419)) - dd118232-85e1-4ba3-86d8-b3b6639effb8@group-A50875D3B715: closes. applyIndex: 0
2021-08-15 13:12:33,055 [dd118232-85e1-4ba3-86d8-b3b6639effb8@group-A50875D3B715-SegmentedRaftLogWorker] INFO  segmented.SegmentedRaftLogWorker (SegmentedRaftLogWorker.java:run(327)) - dd118232-85e1-4ba3-86d8-b3b6639effb8@group-A50875D3B715-SegmentedRaftLogWorker was interrupted, exiting. There are 0 tasks remaining in the queue.
2021-08-15 13:12:33,056 [ForkJoinPool.commonPool-worker-0] INFO  segmented.SegmentedRaftLogWorker (SegmentedRaftLogWorker.java:close(237)) - dd118232-85e1-4ba3-86d8-b3b6639effb8@group-A50875D3B715-SegmentedRaftLogWorker close()
2021-08-15 13:12:33,057 [ForkJoinPool.commonPool-worker-0] INFO  server.GrpcService (GrpcService.java:closeImpl(262)) - dd118232-85e1-4ba3-86d8-b3b6639effb8: shutdown server with port 43377 now
2021-08-15 13:12:33,067 [ForkJoinPool.commonPool-worker-0] INFO  server.GrpcService (GrpcService.java:closeImpl(271)) - dd118232-85e1-4ba3-86d8-b3b6639effb8: shutdown server with port 43377 successfully
2021-08-15 13:12:33,068 [org.apache.ratis.util.JvmPauseMonitor$$Lambda$531/36399757@1838a1ee] INFO  util.JvmPauseMonitor (JvmPauseMonitor.java:run(109)) - JvmPauseMonitor-dd118232-85e1-4ba3-86d8-b3b6639effb8: Stopped
2021-08-15 13:12:33,089 [ForkJoinPool.commonPool-worker-0] INFO  utils.BackgroundService (BackgroundService.java:shutdown(132)) - Shutting down service BlockDeletingService
2021-08-15 13:12:36,127 [ForkJoinPool.commonPool-worker-0] INFO  statemachine.DatanodeStateMachine (DatanodeStateMachine.java:stopDaemon(515)) - Ozone container server stopped.
2021-08-15 13:12:36,138 [ForkJoinPool.commonPool-worker-0] INFO  handler.ContextHandler (ContextHandler.java:doStop(1153)) - Stopped o.e.j.w.WebAppContext@53c16045{hddsDatanode,/,null,STOPPED}{jar:file:/home/runner/.m2/repository/org/apache/ozone/hdds-container-service/1.2.0-SNAPSHOT/hdds-container-service-1.2.0-SNAPSHOT.jar!/webapps/hddsDatanode}
2021-08-15 13:12:36,138 [ForkJoinPool.commonPool-worker-0] INFO  server.AbstractConnector (AbstractConnector.java:doStop(381)) - Stopped ServerConnector@51581131{HTTP/1.1, (http/1.1)}{0.0.0.0:0}
2021-08-15 13:12:36,139 [ForkJoinPool.commonPool-worker-0] INFO  server.session (HouseKeeper.java:stopScavenging(149)) - node0 Stopped scavenging
2021-08-15 13:12:36,150 [ForkJoinPool.commonPool-worker-0] INFO  handler.ContextHandler (ContextHandler.java:doStop(1153)) - Stopped o.e.j.s.ServletContextHandler@22c0c4c6{static,/static,jar:file:/home/runner/.m2/repository/org/apache/ozone/hdds-container-service/1.2.0-SNAPSHOT/hdds-container-service-1.2.0-SNAPSHOT.jar!/webapps/static,STOPPED}
2021-08-15 13:12:36,151 [ForkJoinPool.commonPool-worker-0] INFO  handler.ContextHandler (ContextHandler.java:doStop(1153)) - Stopped o.e.j.s.ServletContextHandler@51472ecd{logs,/logs,file:///home/runner/work/ozone/ozone/hadoop-ozone/integration-test/target/log,STOPPED}
2021-08-15 13:12:36,155 [Listener at 127.0.0.1/41877] INFO  ozone.MiniOzoneClusterImpl (MiniOzoneClusterImpl.java:stopSCM(542)) - Stopping the StorageContainerManager
2021-08-15 13:12:36,155 [Listener at 127.0.0.1/41877] INFO  server.StorageContainerManager (StorageContainerManager.java:stop(1341)) - Stopping Replication Manager Service.
2021-08-15 13:12:36,155 [Listener at 127.0.0.1/41877] INFO  container.ReplicationManager (ReplicationManager.java:stop(317)) - Stopping Replication Monitor Thread.
2021-08-15 13:12:36,156 [Listener at 127.0.0.1/41877] INFO  server.StorageContainerManager (StorageContainerManager.java:stop(1348)) - Stopping the Datanode Admin Monitor.
2021-08-15 13:12:36,156 [Listener at 127.0.0.1/41877] INFO  server.StorageContainerManager (StorageContainerManager.java:stop(1355)) - Stopping Lease Manager of the command watchers
2021-08-15 13:12:36,156 [Listener at 127.0.0.1/41877] INFO  server.StorageContainerManager (StorageContainerManager.java:stop(1362)) - Stopping datanode service RPC server
2021-08-15 13:12:36,156 [Listener at 127.0.0.1/41877] INFO  server.SCMDatanodeProtocolServer (SCMDatanodeProtocolServer.java:stop(389)) - Stopping the RPC server for DataNodes
2021-08-15 13:12:36,156 [Listener at 127.0.0.1/41877] INFO  ipc.Server (Server.java:stop(3414)) - Stopping server on 45587
2021-08-15 13:12:36,163 [IPC Server Responder] INFO  ipc.Server (Server.java:run(1512)) - Stopping IPC Server Responder
2021-08-15 13:12:36,163 [IPC Server listener on 0] INFO  ipc.Server (Server.java:run(1376)) - Stopping IPC Server listener on 0
2021-08-15 13:12:36,195 [SCM Heartbeat Processing Thread - 0] WARN  node.NodeStateManager (NodeStateManager.java:scheduleNextHealthCheck(799)) - Current Thread is interrupted, shutting down HB processing thread for Node Manager.
2021-08-15 13:12:36,196 [Listener at 127.0.0.1/41877] INFO  server.StorageContainerManager (StorageContainerManager.java:stop(1370)) - Stopping block service RPC server
2021-08-15 13:12:36,196 [Listener at 127.0.0.1/41877] INFO  server.SCMBlockProtocolServer (SCMBlockProtocolServer.java:stop(160)) - Stopping the RPC server for Block Protocol
2021-08-15 13:12:36,196 [Listener at 127.0.0.1/41877] INFO  ipc.Server (Server.java:stop(3414)) - Stopping server on 42625
2021-08-15 13:12:36,200 [Listener at 127.0.0.1/41877] INFO  server.StorageContainerManager (StorageContainerManager.java:stop(1377)) - Stopping the StorageContainerLocationProtocol RPC server
2021-08-15 13:12:36,200 [Listener at 127.0.0.1/41877] INFO  server.SCMClientProtocolServer (SCMClientProtocolServer.java:stop(173)) - Stopping the RPC server for Client Protocol
2021-08-15 13:12:36,200 [Listener at 127.0.0.1/41877] INFO  ipc.Server (Server.java:stop(3414)) - Stopping server on 45507
2021-08-15 13:12:36,201 [IPC Server Responder] INFO  ipc.Server (Server.java:run(1512)) - Stopping IPC Server Responder
2021-08-15 13:12:36,214 [IPC Server listener on 0] INFO  ipc.Server (Server.java:run(1376)) - Stopping IPC Server listener on 0
2021-08-15 13:12:36,215 [IPC Server Responder] INFO  ipc.Server (Server.java:run(1512)) - Stopping IPC Server Responder
2021-08-15 13:12:36,215 [Listener at 127.0.0.1/41877] INFO  server.StorageContainerManager (StorageContainerManager.java:stop(1384)) - Stopping Storage Container Manager HTTP server.
2021-08-15 13:12:36,216 [Listener at 127.0.0.1/41877] INFO  handler.ContextHandler (ContextHandler.java:doStop(1153)) - Stopped o.e.j.w.WebAppContext@4b7a0bc1{scm,/,null,STOPPED}{file:/home/runner/work/ozone/ozone/hadoop-ozone/integration-test/target/test-classes/webapps/scm}
2021-08-15 13:12:36,216 [IPC Server listener on 0] INFO  ipc.Server (Server.java:run(1376)) - Stopping IPC Server listener on 0
2021-08-15 13:12:36,240 [Listener at 127.0.0.1/41877] INFO  server.AbstractConnector (AbstractConnector.java:doStop(381)) - Stopped ServerConnector@48662ad4{HTTP/1.1, (http/1.1)}{0.0.0.0:0}
2021-08-15 13:12:36,240 [Listener at 127.0.0.1/41877] INFO  server.session (HouseKeeper.java:stopScavenging(149)) - node0 Stopped scavenging
2021-08-15 13:12:36,240 [Listener at 127.0.0.1/41877] INFO  handler.ContextHandler (ContextHandler.java:doStop(1153)) - Stopped o.e.j.s.ServletContextHandler@42fa21bd{static,/static,file:///home/runner/work/ozone/ozone/hadoop-ozone/integration-test/target/test-classes/webapps/static,STOPPED}
2021-08-15 13:12:36,241 [Listener at 127.0.0.1/41877] INFO  handler.ContextHandler (ContextHandler.java:doStop(1153)) - Stopped o.e.j.s.ServletContextHandler@69f79758{logs,/logs,file:///home/runner/work/ozone/ozone/hadoop-ozone/integration-test/target/log,STOPPED}
2021-08-15 13:12:36,245 [Listener at 127.0.0.1/41877] INFO  server.StorageContainerManager (StorageContainerManager.java:stop(1395)) - Stopping Block Manager Service.
2021-08-15 13:12:36,245 [Listener at 127.0.0.1/41877] INFO  utils.BackgroundService (BackgroundService.java:shutdown(132)) - Shutting down service SCMBlockDeletingService
2021-08-15 13:12:36,257 [Listener at 127.0.0.1/41877] INFO  utils.BackgroundService (BackgroundService.java:shutdown(132)) - Shutting down service SCMBlockDeletingService
2021-08-15 13:12:36,257 [Listener at 127.0.0.1/41877] INFO  server.StorageContainerManager (StorageContainerManager.java:stop(1422)) - Stopping SCM Event Queue.
2021-08-15 13:12:36,261 [Listener at 127.0.0.1/41877] INFO  server.StorageContainerManager (StorageContainerManager.java:stop(1433)) - Stopping SCM HA services.
2021-08-15 13:12:36,261 [Listener at 127.0.0.1/41877] INFO  pipeline.BackgroundPipelineCreator (BackgroundPipelineCreatorV2.java:stop(158)) - Stopping RatisPipelineUtilsThread.
2021-08-15 13:12:36,261 [Listener at 127.0.0.1/41877] INFO  server.StorageContainerManager (StorageContainerManager.java:stop(1443)) - Stopping SCM MetadataStore.
2021-08-15 13:12:36,262 [Listener at 127.0.0.1/41877] INFO  impl.MetricsSystemImpl (MetricsSystemImpl.java:stop(210)) - Stopping HddsDatanode metrics system...
2021-08-15 13:12:36,296 [prometheus] INFO  impl.MetricsSinkAdapter (MetricsSinkAdapter.java:publishMetricsFromQueue(141)) - prometheus thread interrupted.
2021-08-15 13:12:36,296 [Listener at 127.0.0.1/41877] INFO  impl.MetricsSystemImpl (MetricsSystemImpl.java:stop(216)) - HddsDatanode metrics system stopped.
]]></system-out>
  </testcase>
</testsuite>