<?xml version="1.0" encoding="UTF-8"?>
<testsuite xmlns:xsi="http://www.w3.org/2001/XMLSchema-instance" xsi:noNamespaceSchemaLocation="https://maven.apache.org/surefire/maven-surefire-plugin/xsd/surefire-test-report.xsd" name="org.apache.hadoop.ozone.client.rpc.TestDeleteWithSlowFollower" time="33.545" tests="1" errors="0" skipped="0" failures="1">
  <properties>
    <property name="awt.toolkit" value="sun.awt.X11.XToolkit"/>
    <property name="file.encoding.pkg" value="sun.io"/>
    <property name="java.specification.version" value="1.8"/>
    <property name="sun.cpu.isalist" value=""/>
    <property name="sun.jnu.encoding" value="ANSI_X3.4-1968"/>
    <property name="java.class.path" value="/github/workspace/mnt/ozone/hadoop-ozone/integration-test/target/test-classes:/github/workspace/mnt/ozone/hadoop-ozone/integration-test/target/classes:/home/user/.m2/repository/org/apache/hadoop/hadoop-ozone-common/1.2.0-SNAPSHOT/hadoop-ozone-common-1.2.0-SNAPSHOT.jar:/home/user/.m2/repository/org/apache/commons/commons-compress/1.20/commons-compress-1.20.jar:/home/user/.m2/repository/org/apache/hadoop/hadoop-hdds-common/1.2.0-SNAPSHOT/hadoop-hdds-common-1.2.0-SNAPSHOT.jar:/home/user/.m2/repository/org/apache/hadoop/hadoop-hdds-client/1.2.0-SNAPSHOT/hadoop-hdds-client-1.2.0-SNAPSHOT.jar:/home/user/.m2/repository/org/apache/hadoop/hadoop-ozone-interface-client/1.2.0-SNAPSHOT/hadoop-ozone-interface-client-1.2.0-SNAPSHOT.jar:/home/user/.m2/repository/org/apache/hadoop/hadoop-hdds-test-utils/1.2.0-SNAPSHOT/hadoop-hdds-test-utils-1.2.0-SNAPSHOT.jar:/home/user/.m2/repository/com/google/guava/guava/30.1.1-jre/guava-30.1.1-jre.jar:/home/user/.m2/repository/com/google/guava/failureaccess/1.0.1/failureaccess-1.0.1.jar:/home/user/.m2/repository/com/google/guava/listenablefuture/9999.0-empty-to-avoid-conflict-with-guava/listenablefuture-9999.0-empty-to-avoid-conflict-with-guava.jar:/home/user/.m2/repository/com/google/code/findbugs/jsr305/3.0.0/jsr305-3.0.0.jar:/home/user/.m2/repository/org/checkerframework/checker-qual/3.8.0/checker-qual-3.8.0.jar:/home/user/.m2/repository/com/google/errorprone/error_prone_annotations/2.2.0/error_prone_annotations-2.2.0.jar:/home/user/.m2/repository/com/google/j2objc/j2objc-annotations/1.3/j2objc-annotations-1.3.jar:/home/user/.m2/repository/commons-io/commons-io/2.8.0/commons-io-2.8.0.jar:/home/user/.m2/repository/commons-logging/commons-logging/1.2/commons-logging-1.2.jar:/home/user/.m2/repository/log4j/log4j/1.2.17/log4j-1.2.17.jar:/home/user/.m2/repository/org/slf4j/slf4j-api/1.7.30/slf4j-api-1.7.30.jar:/home/user/.m2/repository/org/apache/hadoop/hadoop-hdds-server-scm/1.2.0-SNAPSHOT/hadoop-hdds-server-scm-1.2.0-SNAPSHOT.jar:/home/user/.m2/repository/org/apache/hadoop/hadoop-hdds-container-service/1.2.0-SNAPSHOT/hadoop-hdds-container-service-1.2.0-SNAPSHOT.jar:/home/user/.m2/repository/org/apache/hadoop/hadoop-hdds-hadoop-dependency-server/1.2.0-SNAPSHOT/hadoop-hdds-hadoop-dependency-server-1.2.0-SNAPSHOT.jar:/home/user/.m2/repository/org/apache/hadoop/hadoop-hdfs/3.2.2/hadoop-hdfs-3.2.2.jar:/home/user/.m2/repository/org/apache/hadoop/hadoop-hdds-server-framework/1.2.0-SNAPSHOT/hadoop-hdds-server-framework-1.2.0-SNAPSHOT.jar:/home/user/.m2/repository/org/apache/hadoop/hadoop-hdds-interface-server/1.2.0-SNAPSHOT/hadoop-hdds-interface-server-1.2.0-SNAPSHOT.jar:/home/user/.m2/repository/org/eclipse/jetty/jetty-servlet/9.4.35.v20201120/jetty-servlet-9.4.35.v20201120.jar:/home/user/.m2/repository/org/eclipse/jetty/jetty-security/9.4.35.v20201120/jetty-security-9.4.35.v20201120.jar:/home/user/.m2/repository/org/rocksdb/rocksdbjni/6.20.3/rocksdbjni-6.20.3.jar:/home/user/.m2/repository/io/prometheus/simpleclient_dropwizard/0.7.0/simpleclient_dropwizard-0.7.0.jar:/home/user/.m2/repository/io/prometheus/simpleclient/0.7.0/simpleclient-0.7.0.jar:/home/user/.m2/repository/io/prometheus/simpleclient_common/0.7.0/simpleclient_common-0.7.0.jar:/home/user/.m2/repository/com/fasterxml/jackson/datatype/jackson-datatype-jsr310/2.12.1/jackson-datatype-jsr310-2.12.1.jar:/home/user/.m2/repository/io/dropwizard/metrics/metrics-core/3.2.4/metrics-core-3.2.4.jar:/home/user/.m2/repository/org/apache/hadoop/hadoop-hdfs-client/3.2.2/hadoop-hdfs-client-3.2.2.jar:/home/user/.m2/repository/org/bouncycastle/bcprov-jdk15on/1.67/bcprov-jdk15on-1.67.jar:/home/user/.m2/repository/com/google/protobuf/protobuf-java/2.5.0/protobuf-java-2.5.0.jar:/home/user/.m2/repository/org/apache/hadoop/hadoop-ozone-ozone-manager/1.2.0-SNAPSHOT/hadoop-ozone-ozone-manager-1.2.0-SNAPSHOT.jar:/home/user/.m2/repository/org/apache/hadoop/hadoop-hdds-interface-client/1.2.0-SNAPSHOT/hadoop-hdds-interface-client-1.2.0-SNAPSHOT.jar:/home/user/.m2/repository/org/apache/ratis/ratis-thirdparty-misc/0.7.0-a398b19-SNAPSHOT/ratis-thirdparty-misc-0.7.0-a398b19-SNAPSHOT.jar:/home/user/.m2/repository/org/apache/hadoop/hadoop-ozone-interface-storage/1.2.0-SNAPSHOT/hadoop-ozone-interface-storage-1.2.0-SNAPSHOT.jar:/home/user/.m2/repository/org/apache/hadoop/hadoop-minikdc/3.2.2/hadoop-minikdc-3.2.2.jar:/home/user/.m2/repository/org/apache/kerby/kerb-simplekdc/1.0.1/kerb-simplekdc-1.0.1.jar:/home/user/.m2/repository/org/apache/kerby/kerb-client/1.0.1/kerb-client-1.0.1.jar:/home/user/.m2/repository/org/apache/kerby/kerby-config/1.0.1/kerby-config-1.0.1.jar:/home/user/.m2/repository/org/apache/kerby/kerb-core/1.0.1/kerb-core-1.0.1.jar:/home/user/.m2/repository/org/apache/kerby/kerby-pkix/1.0.1/kerby-pkix-1.0.1.jar:/home/user/.m2/repository/org/apache/kerby/kerby-asn1/1.0.1/kerby-asn1-1.0.1.jar:/home/user/.m2/repository/org/apache/kerby/kerby-util/1.0.1/kerby-util-1.0.1.jar:/home/user/.m2/repository/org/apache/kerby/kerb-common/1.0.1/kerb-common-1.0.1.jar:/home/user/.m2/repository/org/apache/kerby/kerb-crypto/1.0.1/kerb-crypto-1.0.1.jar:/home/user/.m2/repository/org/apache/kerby/kerb-util/1.0.1/kerb-util-1.0.1.jar:/home/user/.m2/repository/org/apache/kerby/token-provider/1.0.1/token-provider-1.0.1.jar:/home/user/.m2/repository/org/apache/kerby/kerb-admin/1.0.1/kerb-admin-1.0.1.jar:/home/user/.m2/repository/org/apache/kerby/kerb-server/1.0.1/kerb-server-1.0.1.jar:/home/user/.m2/repository/org/apache/kerby/kerb-identity/1.0.1/kerb-identity-1.0.1.jar:/home/user/.m2/repository/org/apache/kerby/kerby-xdr/1.0.1/kerby-xdr-1.0.1.jar:/home/user/.m2/repository/org/slf4j/slf4j-log4j12/1.7.30/slf4j-log4j12-1.7.30.jar:/home/user/.m2/repository/org/apache/hadoop/hadoop-ozone-s3gateway/1.2.0-SNAPSHOT/hadoop-ozone-s3gateway-1.2.0-SNAPSHOT.jar:/home/user/.m2/repository/org/jboss/weld/servlet/weld-servlet/2.4.7.Final/weld-servlet-2.4.7.Final.jar:/home/user/.m2/repository/org/glassfish/jersey/containers/jersey-container-servlet-core/2.33/jersey-container-servlet-core-2.33.jar:/home/user/.m2/repository/org/glassfish/hk2/external/jakarta.inject/2.6.1/jakarta.inject-2.6.1.jar:/home/user/.m2/repository/org/glassfish/jersey/core/jersey-common/2.33/jersey-common-2.33.jar:/home/user/.m2/repository/jakarta/ws/rs/jakarta.ws.rs-api/2.1.6/jakarta.ws.rs-api-2.1.6.jar:/home/user/.m2/repository/org/glassfish/jersey/ext/cdi/jersey-cdi1x/2.33/jersey-cdi1x-2.33.jar:/home/user/.m2/repository/org/glassfish/jersey/inject/jersey-hk2/2.33/jersey-hk2-2.33.jar:/home/user/.m2/repository/org/glassfish/hk2/hk2-locator/2.6.1/hk2-locator-2.6.1.jar:/home/user/.m2/repository/org/javassist/javassist/3.25.0-GA/javassist-3.25.0-GA.jar:/home/user/.m2/repository/org/glassfish/jersey/media/jersey-media-jaxb/2.33/jersey-media-jaxb-2.33.jar:/home/user/.m2/repository/org/glassfish/hk2/osgi-resource-locator/1.0.3/osgi-resource-locator-1.0.3.jar:/home/user/.m2/repository/org/glassfish/hk2/hk2-api/2.5.0/hk2-api-2.5.0.jar:/home/user/.m2/repository/org/glassfish/hk2/hk2-utils/2.5.0/hk2-utils-2.5.0.jar:/home/user/.m2/repository/org/glassfish/hk2/external/aopalliance-repackaged/2.5.0/aopalliance-repackaged-2.5.0.jar:/home/user/.m2/repository/com/fasterxml/jackson/dataformat/jackson-dataformat-xml/2.12.1/jackson-dataformat-xml-2.12.1.jar:/home/user/.m2/repository/com/fasterxml/jackson/core/jackson-core/2.12.1/jackson-core-2.12.1.jar:/home/user/.m2/repository/com/fasterxml/jackson/module/jackson-module-jaxb-annotations/2.12.1/jackson-module-jaxb-annotations-2.12.1.jar:/home/user/.m2/repository/jakarta/xml/bind/jakarta.xml.bind-api/2.3.2/jakarta.xml.bind-api-2.3.2.jar:/home/user/.m2/repository/jakarta/activation/jakarta.activation-api/1.2.1/jakarta.activation-api-1.2.1.jar:/home/user/.m2/repository/org/codehaus/woodstox/stax2-api/3.1.4/stax2-api-3.1.4.jar:/home/user/.m2/repository/com/fasterxml/woodstox/woodstox-core/5.0.3/woodstox-core-5.0.3.jar:/home/user/.m2/repository/javax/enterprise/cdi-api/1.2/cdi-api-1.2.jar:/home/user/.m2/repository/javax/el/javax.el-api/3.0.0/javax.el-api-3.0.0.jar:/home/user/.m2/repository/javax/interceptor/javax.interceptor-api/1.2/javax.interceptor-api-1.2.jar:/home/user/.m2/repository/javax/inject/javax.inject/1/javax.inject-1.jar:/home/user/.m2/repository/javax/xml/bind/jaxb-api/2.3.0/jaxb-api-2.3.0.jar:/home/user/.m2/repository/org/glassfish/jaxb/jaxb-runtime/2.3.0.1/jaxb-runtime-2.3.0.1.jar:/home/user/.m2/repository/org/glassfish/jaxb/jaxb-core/2.3.0.1/jaxb-core-2.3.0.1.jar:/home/user/.m2/repository/org/glassfish/jaxb/txw2/2.3.0.1/txw2-2.3.0.1.jar:/home/user/.m2/repository/com/sun/istack/istack-commons-runtime/3.0.5/istack-commons-runtime-3.0.5.jar:/home/user/.m2/repository/org/jvnet/staxex/stax-ex/1.7.8/stax-ex-1.7.8.jar:/home/user/.m2/repository/com/sun/xml/fastinfoset/FastInfoset/1.2.13/FastInfoset-1.2.13.jar:/home/user/.m2/repository/javax/activation/activation/1.1.1/activation-1.1.1.jar:/home/user/.m2/repository/org/apache/hadoop/hadoop-ozone-csi/1.2.0-SNAPSHOT/hadoop-ozone-csi-1.2.0-SNAPSHOT.jar:/home/user/.m2/repository/com/google/protobuf/protobuf-java-util/3.12.0/protobuf-java-util-3.12.0.jar:/home/user/.m2/repository/com/google/code/gson/gson/2.2.4/gson-2.2.4.jar:/home/user/.m2/repository/org/apache/hadoop/hadoop-hdds-config/1.2.0-SNAPSHOT/hadoop-hdds-config-1.2.0-SNAPSHOT.jar:/home/user/.m2/repository/io/grpc/grpc-netty/1.33.0/grpc-netty-1.33.0.jar:/home/user/.m2/repository/io/grpc/grpc-core/1.33.0/grpc-core-1.33.0.jar:/home/user/.m2/repository/com/google/android/annotations/4.1.1.4/annotations-4.1.1.4.jar:/home/user/.m2/repository/io/netty/netty-codec-http2/4.1.51.Final/netty-codec-http2-4.1.51.Final.jar:/home/user/.m2/repository/io/netty/netty-codec/4.1.51.Final/netty-codec-4.1.51.Final.jar:/home/user/.m2/repository/io/netty/netty-handler/4.1.51.Final/netty-handler-4.1.51.Final.jar:/home/user/.m2/repository/io/netty/netty-codec-http/4.1.51.Final/netty-codec-http-4.1.51.Final.jar:/home/user/.m2/repository/io/netty/netty-handler-proxy/4.1.51.Final/netty-handler-proxy-4.1.51.Final.jar:/home/user/.m2/repository/io/netty/netty-codec-socks/4.1.51.Final/netty-codec-socks-4.1.51.Final.jar:/home/user/.m2/repository/io/perfmark/perfmark-api/0.19.0/perfmark-api-0.19.0.jar:/home/user/.m2/repository/org/codehaus/mojo/animal-sniffer-annotations/1.18/animal-sniffer-annotations-1.18.jar:/home/user/.m2/repository/io/netty/netty-transport-native-epoll/4.1.63.Final/netty-transport-native-epoll-4.1.63.Final.jar:/home/user/.m2/repository/io/netty/netty-common/4.1.63.Final/netty-common-4.1.63.Final.jar:/home/user/.m2/repository/io/netty/netty-buffer/4.1.63.Final/netty-buffer-4.1.63.Final.jar:/home/user/.m2/repository/io/netty/netty-transport/4.1.63.Final/netty-transport-4.1.63.Final.jar:/home/user/.m2/repository/io/netty/netty-resolver/4.1.63.Final/netty-resolver-4.1.63.Final.jar:/home/user/.m2/repository/io/netty/netty-transport-native-unix-common/4.1.63.Final/netty-transport-native-unix-common-4.1.63.Final.jar:/home/user/.m2/repository/io/grpc/grpc-protobuf/1.33.0/grpc-protobuf-1.33.0.jar:/home/user/.m2/repository/io/grpc/grpc-api/1.33.0/grpc-api-1.33.0.jar:/home/user/.m2/repository/io/grpc/grpc-context/1.33.0/grpc-context-1.33.0.jar:/home/user/.m2/repository/com/google/api/grpc/proto-google-common-protos/1.17.0/proto-google-common-protos-1.17.0.jar:/home/user/.m2/repository/io/grpc/grpc-protobuf-lite/1.33.0/grpc-protobuf-lite-1.33.0.jar:/home/user/.m2/repository/io/grpc/grpc-stub/1.33.0/grpc-stub-1.33.0.jar:/home/user/.m2/repository/org/apache/hadoop/hadoop-ozone-recon/1.2.0-SNAPSHOT/hadoop-ozone-recon-1.2.0-SNAPSHOT.jar:/home/user/.m2/repository/org/apache/hadoop/hadoop-ozone-reconcodegen/1.2.0-SNAPSHOT/hadoop-ozone-reconcodegen-1.2.0-SNAPSHOT.jar:/home/user/.m2/repository/com/google/inject/extensions/guice-multibindings/4.0/guice-multibindings-4.0.jar:/home/user/.m2/repository/com/google/inject/guice/4.0/guice-4.0.jar:/home/user/.m2/repository/aopalliance/aopalliance/1.0/aopalliance-1.0.jar:/home/user/.m2/repository/com/google/inject/extensions/guice-assistedinject/4.0/guice-assistedinject-4.0.jar:/home/user/.m2/repository/com/google/inject/extensions/guice-servlet/4.0/guice-servlet-4.0.jar:/home/user/.m2/repository/org/glassfish/jersey/containers/jersey-container-servlet/2.33/jersey-container-servlet-2.33.jar:/home/user/.m2/repository/org/glassfish/hk2/guice-bridge/2.5.0/guice-bridge-2.5.0.jar:/home/user/.m2/repository/org/glassfish/jersey/core/jersey-server/2.33/jersey-server-2.33.jar:/home/user/.m2/repository/org/glassfish/jersey/core/jersey-client/2.33/jersey-client-2.33.jar:/home/user/.m2/repository/jakarta/annotation/jakarta.annotation-api/1.3.5/jakarta.annotation-api-1.3.5.jar:/home/user/.m2/repository/jakarta/validation/jakarta.validation-api/2.0.2/jakarta.validation-api-2.0.2.jar:/home/user/.m2/repository/org/glassfish/jersey/media/jersey-media-json-jackson/2.33/jersey-media-json-jackson-2.33.jar:/home/user/.m2/repository/org/glassfish/jersey/ext/jersey-entity-filtering/2.33/jersey-entity-filtering-2.33.jar:/home/user/.m2/repository/org/jooq/jooq/3.11.10/jooq-3.11.10.jar:/home/user/.m2/repository/org/jooq/jooq-meta/3.11.10/jooq-meta-3.11.10.jar:/home/user/.m2/repository/org/jooq/jooq-codegen/3.11.10/jooq-codegen-3.11.10.jar:/home/user/.m2/repository/com/jolbox/bonecp/0.8.0.RELEASE/bonecp-0.8.0.RELEASE.jar:/home/user/.m2/repository/org/apache/derby/derby/10.14.2.0/derby-10.14.2.0.jar:/home/user/.m2/repository/org/xerial/sqlite-jdbc/3.25.2/sqlite-jdbc-3.25.2.jar:/home/user/.m2/repository/org/springframework/spring-jdbc/5.2.11.RELEASE/spring-jdbc-5.2.11.RELEASE.jar:/home/user/.m2/repository/org/springframework/spring-beans/5.2.11.RELEASE/spring-beans-5.2.11.RELEASE.jar:/home/user/.m2/repository/org/springframework/spring-core/5.2.11.RELEASE/spring-core-5.2.11.RELEASE.jar:/home/user/.m2/repository/org/springframework/spring-jcl/5.2.11.RELEASE/spring-jcl-5.2.11.RELEASE.jar:/home/user/.m2/repository/org/springframework/spring-tx/5.2.11.RELEASE/spring-tx-5.2.11.RELEASE.jar:/home/user/.m2/repository/org/apache/hadoop/hadoop-ozone-client/1.2.0-SNAPSHOT/hadoop-ozone-client-1.2.0-SNAPSHOT.jar:/home/user/.m2/repository/org/apache/hadoop/hadoop-ozone-filesystem/1.2.0-SNAPSHOT/hadoop-ozone-filesystem-1.2.0-SNAPSHOT.jar:/home/user/.m2/repository/org/apache/hadoop/hadoop-ozone-filesystem-common/1.2.0-SNAPSHOT/hadoop-ozone-filesystem-common-1.2.0-SNAPSHOT.jar:/home/user/.m2/repository/org/apache/hadoop/hadoop-ozone-tools/1.2.0-SNAPSHOT/hadoop-ozone-tools-1.2.0-SNAPSHOT.jar:/home/user/.m2/repository/org/apache/ratis/ratis-tools/2.1.0-ff8aa66-SNAPSHOT/ratis-tools-2.1.0-ff8aa66-SNAPSHOT.jar:/home/user/.m2/repository/org/apache/ratis/ratis-proto/2.1.0-ff8aa66-SNAPSHOT/ratis-proto-2.1.0-ff8aa66-SNAPSHOT.jar:/home/user/.m2/repository/org/apache/ratis/ratis-common/2.1.0-ff8aa66-SNAPSHOT/ratis-common-2.1.0-ff8aa66-SNAPSHOT.jar:/home/user/.m2/repository/com/amazonaws/aws-java-sdk-core/1.11.901/aws-java-sdk-core-1.11.901.jar:/home/user/.m2/repository/org/apache/httpcomponents/httpclient/4.5.13/httpclient-4.5.13.jar:/home/user/.m2/repository/org/apache/httpcomponents/httpcore/4.4.13/httpcore-4.4.13.jar:/home/user/.m2/repository/software/amazon/ion/ion-java/1.0.2/ion-java-1.0.2.jar:/home/user/.m2/repository/com/fasterxml/jackson/dataformat/jackson-dataformat-cbor/2.12.1/jackson-dataformat-cbor-2.12.1.jar:/home/user/.m2/repository/joda-time/joda-time/2.8.1/joda-time-2.8.1.jar:/home/user/.m2/repository/com/amazonaws/aws-java-sdk-s3/1.11.901/aws-java-sdk-s3-1.11.901.jar:/home/user/.m2/repository/com/amazonaws/aws-java-sdk-kms/1.11.901/aws-java-sdk-kms-1.11.901.jar:/home/user/.m2/repository/com/amazonaws/jmespath-java/1.11.901/jmespath-java-1.11.901.jar:/home/user/.m2/repository/org/kohsuke/metainf-services/metainf-services/1.8/metainf-services-1.8.jar:/home/user/.m2/repository/org/apache/hadoop/hadoop-hdds-tools/1.2.0-SNAPSHOT/hadoop-hdds-tools-1.2.0-SNAPSHOT.jar:/home/user/.m2/repository/commons-cli/commons-cli/1.2/commons-cli-1.2.jar:/home/user/.m2/repository/org/apache/commons/commons-lang3/3.7/commons-lang3-3.7.jar:/home/user/.m2/repository/org/apache/hadoop/hadoop-ozone-ozone-manager/1.2.0-SNAPSHOT/hadoop-ozone-ozone-manager-1.2.0-SNAPSHOT-tests.jar:/home/user/.m2/repository/org/apache/hadoop/hadoop-hdds-common/1.2.0-SNAPSHOT/hadoop-hdds-common-1.2.0-SNAPSHOT-tests.jar:/home/user/.m2/repository/org/apache/hadoop/hadoop-hdds-hadoop-dependency-client/1.2.0-SNAPSHOT/hadoop-hdds-hadoop-dependency-client-1.2.0-SNAPSHOT.jar:/home/user/.m2/repository/info/picocli/picocli/4.4.0/picocli-4.4.0.jar:/home/user/.m2/repository/com/fasterxml/jackson/core/jackson-annotations/2.12.1/jackson-annotations-2.12.1.jar:/home/user/.m2/repository/javax/annotation/javax.annotation-api/1.2/javax.annotation-api-1.2.jar:/home/user/.m2/repository/org/fusesource/leveldbjni/leveldbjni-all/1.8/leveldbjni-all-1.8.jar:/home/user/.m2/repository/org/apache/ratis/ratis-server/2.1.0-ff8aa66-SNAPSHOT/ratis-server-2.1.0-ff8aa66-SNAPSHOT.jar:/home/user/.m2/repository/org/apache/ratis/ratis-client/2.1.0-ff8aa66-SNAPSHOT/ratis-client-2.1.0-ff8aa66-SNAPSHOT.jar:/home/user/.m2/repository/org/apache/ratis/ratis-server-api/2.1.0-ff8aa66-SNAPSHOT/ratis-server-api-2.1.0-ff8aa66-SNAPSHOT.jar:/home/user/.m2/repository/org/apache/ratis/ratis-metrics/2.1.0-ff8aa66-SNAPSHOT/ratis-metrics-2.1.0-ff8aa66-SNAPSHOT.jar:/home/user/.m2/repository/org/apache/ratis/ratis-netty/2.1.0-ff8aa66-SNAPSHOT/ratis-netty-2.1.0-ff8aa66-SNAPSHOT.jar:/home/user/.m2/repository/org/apache/ratis/ratis-grpc/2.1.0-ff8aa66-SNAPSHOT/ratis-grpc-2.1.0-ff8aa66-SNAPSHOT.jar:/home/user/.m2/repository/org/apache/logging/log4j/log4j-api/2.13.3/log4j-api-2.13.3.jar:/home/user/.m2/repository/org/apache/logging/log4j/log4j-core/2.13.3/log4j-core-2.13.3.jar:/home/user/.m2/repository/com/lmax/disruptor/3.4.2/disruptor-3.4.2.jar:/home/user/.m2/repository/org/apache/commons/commons-pool2/2.6.0/commons-pool2-2.6.0.jar:/home/user/.m2/repository/org/bouncycastle/bcpkix-jdk15on/1.67/bcpkix-jdk15on-1.67.jar:/home/user/.m2/repository/commons-validator/commons-validator/1.6/commons-validator-1.6.jar:/home/user/.m2/repository/commons-beanutils/commons-beanutils/1.9.4/commons-beanutils-1.9.4.jar:/home/user/.m2/repository/commons-digester/commons-digester/1.8.1/commons-digester-1.8.1.jar:/home/user/.m2/repository/commons-collections/commons-collections/3.2.2/commons-collections-3.2.2.jar:/home/user/.m2/repository/io/jaegertracing/jaeger-client/1.6.0/jaeger-client-1.6.0.jar:/home/user/.m2/repository/io/jaegertracing/jaeger-thrift/1.6.0/jaeger-thrift-1.6.0.jar:/home/user/.m2/repository/org/apache/thrift/libthrift/0.14.1/libthrift-0.14.1.jar:/home/user/.m2/repository/com/squareup/okhttp3/okhttp/4.9.0/okhttp-4.9.0.jar:/home/user/.m2/repository/com/squareup/okio/okio/2.8.0/okio-2.8.0.jar:/home/user/.m2/repository/io/jaegertracing/jaeger-core/1.6.0/jaeger-core-1.6.0.jar:/home/user/.m2/repository/io/jaegertracing/jaeger-tracerresolver/1.6.0/jaeger-tracerresolver-1.6.0.jar:/home/user/.m2/repository/io/opentracing/contrib/opentracing-tracerresolver/0.1.8/opentracing-tracerresolver-0.1.8.jar:/home/user/.m2/repository/org/jetbrains/kotlin/kotlin-stdlib/1.4.31/kotlin-stdlib-1.4.31.jar:/home/user/.m2/repository/org/jetbrains/kotlin/kotlin-stdlib-common/1.4.31/kotlin-stdlib-common-1.4.31.jar:/home/user/.m2/repository/org/jetbrains/annotations/13.0/annotations-13.0.jar:/home/user/.m2/repository/io/opentracing/opentracing-util/0.33.0/opentracing-util-0.33.0.jar:/home/user/.m2/repository/io/opentracing/opentracing-api/0.33.0/opentracing-api-0.33.0.jar:/home/user/.m2/repository/io/opentracing/opentracing-noop/0.33.0/opentracing-noop-0.33.0.jar:/home/user/.m2/repository/org/yaml/snakeyaml/1.26/snakeyaml-1.26.jar:/home/user/.m2/repository/org/apache/hadoop/hadoop-hdds-interface-admin/1.2.0-SNAPSHOT/hadoop-hdds-interface-admin-1.2.0-SNAPSHOT.jar:/home/user/.m2/repository/junit/junit/4.13.1/junit-4.13.1.jar:/home/user/.m2/repository/org/hamcrest/hamcrest-core/1.3/hamcrest-core-1.3.jar:/home/user/.m2/repository/org/junit/jupiter/junit-jupiter-api/5.7.0/junit-jupiter-api-5.7.0.jar:/home/user/.m2/repository/org/apiguardian/apiguardian-api/1.1.0/apiguardian-api-1.1.0.jar:/home/user/.m2/repository/org/opentest4j/opentest4j/1.2.0/opentest4j-1.2.0.jar:/home/user/.m2/repository/org/junit/platform/junit-platform-commons/1.7.0/junit-platform-commons-1.7.0.jar:/home/user/.m2/repository/org/junit/jupiter/junit-jupiter-engine/5.7.0/junit-jupiter-engine-5.7.0.jar:/home/user/.m2/repository/org/junit/platform/junit-platform-engine/1.7.0/junit-platform-engine-1.7.0.jar:/home/user/.m2/repository/org/junit/vintage/junit-vintage-engine/5.7.0/junit-vintage-engine-5.7.0.jar:/home/user/.m2/repository/org/junit/platform/junit-platform-launcher/1.7.0/junit-platform-launcher-1.7.0.jar:/home/user/.m2/repository/org/openjdk/jmh/jmh-core/1.19/jmh-core-1.19.jar:/home/user/.m2/repository/net/sf/jopt-simple/jopt-simple/4.6/jopt-simple-4.6.jar:/home/user/.m2/repository/org/apache/commons/commons-math3/3.1.1/commons-math3-3.1.1.jar:/home/user/.m2/repository/org/openjdk/jmh/jmh-generator-annprocess/1.19/jmh-generator-annprocess-1.19.jar:/home/user/.m2/repository/org/mockito/mockito-all/1.8.5/mockito-all-1.8.5.jar:/home/user/.m2/repository/org/apache/hadoop/hadoop-kms/3.2.2/hadoop-kms-3.2.2.jar:/home/user/.m2/repository/org/apache/hadoop/hadoop-auth/3.2.2/hadoop-auth-3.2.2.jar:/home/user/.m2/repository/com/nimbusds/nimbus-jose-jwt/7.9/nimbus-jose-jwt-7.9.jar:/home/user/.m2/repository/com/github/stephenc/jcip/jcip-annotations/1.0-1/jcip-annotations-1.0-1.jar:/home/user/.m2/repository/net/minidev/json-smart/2.3/json-smart-2.3.jar:/home/user/.m2/repository/net/minidev/accessors-smart/1.2/accessors-smart-1.2.jar:/home/user/.m2/repository/org/ow2/asm/asm/5.0.4/asm-5.0.4.jar:/home/user/.m2/repository/org/apache/zookeeper/zookeeper/3.4.13/zookeeper-3.4.13.jar:/home/user/.m2/repository/org/apache/yetus/audience-annotations/0.5.0/audience-annotations-0.5.0.jar:/home/user/.m2/repository/org/apache/curator/curator-framework/2.13.0/curator-framework-2.13.0.jar:/home/user/.m2/repository/com/sun/jersey/jersey-core/1.19/jersey-core-1.19.jar:/home/user/.m2/repository/javax/ws/rs/jsr311-api/1.1.1/jsr311-api-1.1.1.jar:/home/user/.m2/repository/com/sun/jersey/jersey-server/1.19/jersey-server-1.19.jar:/home/user/.m2/repository/javax/servlet/javax.servlet-api/3.1.0/javax.servlet-api-3.1.0.jar:/home/user/.m2/repository/org/eclipse/jetty/jetty-server/9.4.35.v20201120/jetty-server-9.4.35.v20201120.jar:/home/user/.m2/repository/org/eclipse/jetty/jetty-http/9.4.35.v20201120/jetty-http-9.4.35.v20201120.jar:/home/user/.m2/repository/org/eclipse/jetty/jetty-io/9.4.35.v20201120/jetty-io-9.4.35.v20201120.jar:/home/user/.m2/repository/org/eclipse/jetty/jetty-webapp/9.4.35.v20201120/jetty-webapp-9.4.35.v20201120.jar:/home/user/.m2/repository/org/eclipse/jetty/jetty-xml/9.4.35.v20201120/jetty-xml-9.4.35.v20201120.jar:/home/user/.m2/repository/org/apache/hadoop/hadoop-common/3.2.2/hadoop-common-3.2.2.jar:/home/user/.m2/repository/commons-net/commons-net/3.6/commons-net-3.6.jar:/home/user/.m2/repository/javax/activation/javax.activation-api/1.2.0/javax.activation-api-1.2.0.jar:/home/user/.m2/repository/com/sun/jersey/jersey-servlet/1.19/jersey-servlet-1.19.jar:/home/user/.m2/repository/com/sun/jersey/jersey-json/1.19/jersey-json-1.19.jar:/home/user/.m2/repository/org/codehaus/jettison/jettison/1.1/jettison-1.1.jar:/home/user/.m2/repository/com/sun/xml/bind/jaxb-impl/2.2.3-1/jaxb-impl-2.2.3-1.jar:/home/user/.m2/repository/org/codehaus/jackson/jackson-jaxrs/1.9.2/jackson-jaxrs-1.9.2.jar:/home/user/.m2/repository/org/codehaus/jackson/jackson-xc/1.9.2/jackson-xc-1.9.2.jar:/home/user/.m2/repository/org/apache/commons/commons-configuration2/2.1.1/commons-configuration2-2.1.1.jar:/home/user/.m2/repository/org/apache/commons/commons-text/1.4/commons-text-1.4.jar:/home/user/.m2/repository/com/google/re2j/re2j/1.1/re2j-1.1.jar:/home/user/.m2/repository/com/jcraft/jsch/0.1.54/jsch-0.1.54.jar:/home/user/.m2/repository/org/apache/curator/curator-client/2.13.0/curator-client-2.13.0.jar:/home/user/.m2/repository/org/apache/curator/curator-recipes/2.13.0/curator-recipes-2.13.0.jar:/home/user/.m2/repository/dnsjava/dnsjava/2.1.7/dnsjava-2.1.7.jar:/home/user/.m2/repository/org/slf4j/jul-to-slf4j/1.7.30/jul-to-slf4j-1.7.30.jar:/home/user/.m2/repository/org/eclipse/jetty/jetty-util/9.4.35.v20201120/jetty-util-9.4.35.v20201120.jar:/home/user/.m2/repository/com/fasterxml/jackson/core/jackson-databind/2.12.1/jackson-databind-2.12.1.jar:/home/user/.m2/repository/org/apache/hadoop/hadoop-kms/3.2.2/hadoop-kms-3.2.2-tests.jar:/home/user/.m2/repository/org/apache/hadoop/hadoop-hdds-server-scm/1.2.0-SNAPSHOT/hadoop-hdds-server-scm-1.2.0-SNAPSHOT-tests.jar:/home/user/.m2/repository/org/apache/hadoop/hadoop-hdds-container-service/1.2.0-SNAPSHOT/hadoop-hdds-container-service-1.2.0-SNAPSHOT-tests.jar:/home/user/.m2/repository/commons-codec/commons-codec/1.11/commons-codec-1.11.jar:/home/user/.m2/repository/org/apache/hadoop/hadoop-hdds-hadoop-dependency-test/1.2.0-SNAPSHOT/hadoop-hdds-hadoop-dependency-test-1.2.0-SNAPSHOT.jar:/home/user/.m2/repository/org/apache/hadoop/hadoop-common/3.2.2/hadoop-common-3.2.2-tests.jar:/home/user/.m2/repository/org/apache/hadoop/hadoop-hdfs/3.2.2/hadoop-hdfs-3.2.2-tests.jar:/home/user/.m2/repository/org/eclipse/jetty/jetty-util-ajax/9.4.35.v20201120/jetty-util-ajax-9.4.35.v20201120.jar:/home/user/.m2/repository/commons-daemon/commons-daemon/1.0.13/commons-daemon-1.0.13.jar:/home/user/.m2/repository/io/netty/netty/3.10.6.Final/netty-3.10.6.Final.jar:/home/user/.m2/repository/io/netty/netty-all/4.1.63.Final/netty-all-4.1.63.Final.jar:/home/user/.m2/repository/org/apache/htrace/htrace-core4/4.1.0-incubating/htrace-core4-4.1.0-incubating.jar:/home/user/.m2/repository/org/apache/hadoop/hadoop-distcp/3.2.2/hadoop-distcp-3.2.2.jar:/home/user/.m2/repository/org/apache/hadoop/hadoop-mapreduce-client-jobclient/3.2.2/hadoop-mapreduce-client-jobclient-3.2.2.jar:/home/user/.m2/repository/org/apache/hadoop/hadoop-mapreduce-client-common/3.2.2/hadoop-mapreduce-client-common-3.2.2.jar:/home/user/.m2/repository/org/apache/hadoop/hadoop-yarn-common/3.2.2/hadoop-yarn-common-3.2.2.jar:/home/user/.m2/repository/org/apache/hadoop/hadoop-yarn-api/3.2.2/hadoop-yarn-api-3.2.2.jar:/home/user/.m2/repository/com/sun/jersey/jersey-client/1.19/jersey-client-1.19.jar:/home/user/.m2/repository/com/sun/jersey/contribs/jersey-guice/1.19/jersey-guice-1.19.jar:/home/user/.m2/repository/com/fasterxml/jackson/jaxrs/jackson-jaxrs-json-provider/2.12.1/jackson-jaxrs-json-provider-2.12.1.jar:/home/user/.m2/repository/com/fasterxml/jackson/jaxrs/jackson-jaxrs-base/2.12.1/jackson-jaxrs-base-2.12.1.jar:/home/user/.m2/repository/org/apache/hadoop/hadoop-yarn-client/3.2.2/hadoop-yarn-client-3.2.2.jar:/home/user/.m2/repository/org/apache/hadoop/hadoop-mapreduce-client-core/3.2.2/hadoop-mapreduce-client-core-3.2.2.jar:/home/user/.m2/repository/org/apache/avro/avro/1.7.7/avro-1.7.7.jar:/home/user/.m2/repository/org/codehaus/jackson/jackson-core-asl/1.9.13/jackson-core-asl-1.9.13.jar:/home/user/.m2/repository/org/codehaus/jackson/jackson-mapper-asl/1.9.13/jackson-mapper-asl-1.9.13.jar:/home/user/.m2/repository/com/thoughtworks/paranamer/paranamer/2.3/paranamer-2.3.jar:/home/user/.m2/repository/org/xerial/snappy/snappy-java/1.0.5/snappy-java-1.0.5.jar:/home/user/.m2/repository/org/apache/hadoop/hadoop-annotations/3.2.2/hadoop-annotations-3.2.2.jar:/usr/lib/jvm/java-1.8.0-openjdk-1.8.0.232.b09-0.el7_7.x86_64/jre/../lib/tools.jar:/home/user/.m2/repository/org/apache/hadoop/hadoop-distcp/3.2.2/hadoop-distcp-3.2.2-tests.jar:"/>
    <property name="java.vm.vendor" value="Oracle Corporation"/>
    <property name="sun.arch.data.model" value="64"/>
    <property name="test.build.dir" value="/github/workspace/mnt/ozone/hadoop-ozone/integration-test/target/test-dir"/>
    <property name="test.cache.data" value=""/>
    <property name="java.vendor.url" value="http://java.oracle.com/"/>
    <property name="user.timezone" value=""/>
    <property name="java.vm.specification.version" value="1.8"/>
    <property name="os.name" value="Linux"/>
    <property name="test.build.data" value="/github/workspace/mnt/ozone/hadoop-ozone/integration-test/target/test-dir"/>
    <property name="user.country" value="US"/>
    <property name="sun.java.launcher" value="SUN_STANDARD"/>
    <property name="sun.boot.library.path" value="/usr/lib/jvm/java-1.8.0-openjdk-1.8.0.232.b09-0.el7_7.x86_64/jre/lib/amd64"/>
    <property name="sun.java.command" value="/github/workspace/mnt/ozone/hadoop-ozone/integration-test/target/surefire/surefirebooter218645607509286015.jar /github/workspace/mnt/ozone/hadoop-ozone/integration-test/target/surefire 2021-05-19T07-09-12_477-jvmRun1 surefire7070217020884444047tmp surefire_132339592726358822222tmp"/>
    <property name="surefire.test.class.path" value="/github/workspace/mnt/ozone/hadoop-ozone/integration-test/target/test-classes:/github/workspace/mnt/ozone/hadoop-ozone/integration-test/target/classes:/home/user/.m2/repository/org/apache/hadoop/hadoop-ozone-common/1.2.0-SNAPSHOT/hadoop-ozone-common-1.2.0-SNAPSHOT.jar:/home/user/.m2/repository/org/apache/commons/commons-compress/1.20/commons-compress-1.20.jar:/home/user/.m2/repository/org/apache/hadoop/hadoop-hdds-common/1.2.0-SNAPSHOT/hadoop-hdds-common-1.2.0-SNAPSHOT.jar:/home/user/.m2/repository/org/apache/hadoop/hadoop-hdds-client/1.2.0-SNAPSHOT/hadoop-hdds-client-1.2.0-SNAPSHOT.jar:/home/user/.m2/repository/org/apache/hadoop/hadoop-ozone-interface-client/1.2.0-SNAPSHOT/hadoop-ozone-interface-client-1.2.0-SNAPSHOT.jar:/home/user/.m2/repository/org/apache/hadoop/hadoop-hdds-test-utils/1.2.0-SNAPSHOT/hadoop-hdds-test-utils-1.2.0-SNAPSHOT.jar:/home/user/.m2/repository/com/google/guava/guava/30.1.1-jre/guava-30.1.1-jre.jar:/home/user/.m2/repository/com/google/guava/failureaccess/1.0.1/failureaccess-1.0.1.jar:/home/user/.m2/repository/com/google/guava/listenablefuture/9999.0-empty-to-avoid-conflict-with-guava/listenablefuture-9999.0-empty-to-avoid-conflict-with-guava.jar:/home/user/.m2/repository/com/google/code/findbugs/jsr305/3.0.0/jsr305-3.0.0.jar:/home/user/.m2/repository/org/checkerframework/checker-qual/3.8.0/checker-qual-3.8.0.jar:/home/user/.m2/repository/com/google/errorprone/error_prone_annotations/2.2.0/error_prone_annotations-2.2.0.jar:/home/user/.m2/repository/com/google/j2objc/j2objc-annotations/1.3/j2objc-annotations-1.3.jar:/home/user/.m2/repository/commons-io/commons-io/2.8.0/commons-io-2.8.0.jar:/home/user/.m2/repository/commons-logging/commons-logging/1.2/commons-logging-1.2.jar:/home/user/.m2/repository/log4j/log4j/1.2.17/log4j-1.2.17.jar:/home/user/.m2/repository/org/slf4j/slf4j-api/1.7.30/slf4j-api-1.7.30.jar:/home/user/.m2/repository/org/apache/hadoop/hadoop-hdds-server-scm/1.2.0-SNAPSHOT/hadoop-hdds-server-scm-1.2.0-SNAPSHOT.jar:/home/user/.m2/repository/org/apache/hadoop/hadoop-hdds-container-service/1.2.0-SNAPSHOT/hadoop-hdds-container-service-1.2.0-SNAPSHOT.jar:/home/user/.m2/repository/org/apache/hadoop/hadoop-hdds-hadoop-dependency-server/1.2.0-SNAPSHOT/hadoop-hdds-hadoop-dependency-server-1.2.0-SNAPSHOT.jar:/home/user/.m2/repository/org/apache/hadoop/hadoop-hdfs/3.2.2/hadoop-hdfs-3.2.2.jar:/home/user/.m2/repository/org/apache/hadoop/hadoop-hdds-server-framework/1.2.0-SNAPSHOT/hadoop-hdds-server-framework-1.2.0-SNAPSHOT.jar:/home/user/.m2/repository/org/apache/hadoop/hadoop-hdds-interface-server/1.2.0-SNAPSHOT/hadoop-hdds-interface-server-1.2.0-SNAPSHOT.jar:/home/user/.m2/repository/org/eclipse/jetty/jetty-servlet/9.4.35.v20201120/jetty-servlet-9.4.35.v20201120.jar:/home/user/.m2/repository/org/eclipse/jetty/jetty-security/9.4.35.v20201120/jetty-security-9.4.35.v20201120.jar:/home/user/.m2/repository/org/rocksdb/rocksdbjni/6.20.3/rocksdbjni-6.20.3.jar:/home/user/.m2/repository/io/prometheus/simpleclient_dropwizard/0.7.0/simpleclient_dropwizard-0.7.0.jar:/home/user/.m2/repository/io/prometheus/simpleclient/0.7.0/simpleclient-0.7.0.jar:/home/user/.m2/repository/io/prometheus/simpleclient_common/0.7.0/simpleclient_common-0.7.0.jar:/home/user/.m2/repository/com/fasterxml/jackson/datatype/jackson-datatype-jsr310/2.12.1/jackson-datatype-jsr310-2.12.1.jar:/home/user/.m2/repository/io/dropwizard/metrics/metrics-core/3.2.4/metrics-core-3.2.4.jar:/home/user/.m2/repository/org/apache/hadoop/hadoop-hdfs-client/3.2.2/hadoop-hdfs-client-3.2.2.jar:/home/user/.m2/repository/org/bouncycastle/bcprov-jdk15on/1.67/bcprov-jdk15on-1.67.jar:/home/user/.m2/repository/com/google/protobuf/protobuf-java/2.5.0/protobuf-java-2.5.0.jar:/home/user/.m2/repository/org/apache/hadoop/hadoop-ozone-ozone-manager/1.2.0-SNAPSHOT/hadoop-ozone-ozone-manager-1.2.0-SNAPSHOT.jar:/home/user/.m2/repository/org/apache/hadoop/hadoop-hdds-interface-client/1.2.0-SNAPSHOT/hadoop-hdds-interface-client-1.2.0-SNAPSHOT.jar:/home/user/.m2/repository/org/apache/ratis/ratis-thirdparty-misc/0.7.0-a398b19-SNAPSHOT/ratis-thirdparty-misc-0.7.0-a398b19-SNAPSHOT.jar:/home/user/.m2/repository/org/apache/hadoop/hadoop-ozone-interface-storage/1.2.0-SNAPSHOT/hadoop-ozone-interface-storage-1.2.0-SNAPSHOT.jar:/home/user/.m2/repository/org/apache/hadoop/hadoop-minikdc/3.2.2/hadoop-minikdc-3.2.2.jar:/home/user/.m2/repository/org/apache/kerby/kerb-simplekdc/1.0.1/kerb-simplekdc-1.0.1.jar:/home/user/.m2/repository/org/apache/kerby/kerb-client/1.0.1/kerb-client-1.0.1.jar:/home/user/.m2/repository/org/apache/kerby/kerby-config/1.0.1/kerby-config-1.0.1.jar:/home/user/.m2/repository/org/apache/kerby/kerb-core/1.0.1/kerb-core-1.0.1.jar:/home/user/.m2/repository/org/apache/kerby/kerby-pkix/1.0.1/kerby-pkix-1.0.1.jar:/home/user/.m2/repository/org/apache/kerby/kerby-asn1/1.0.1/kerby-asn1-1.0.1.jar:/home/user/.m2/repository/org/apache/kerby/kerby-util/1.0.1/kerby-util-1.0.1.jar:/home/user/.m2/repository/org/apache/kerby/kerb-common/1.0.1/kerb-common-1.0.1.jar:/home/user/.m2/repository/org/apache/kerby/kerb-crypto/1.0.1/kerb-crypto-1.0.1.jar:/home/user/.m2/repository/org/apache/kerby/kerb-util/1.0.1/kerb-util-1.0.1.jar:/home/user/.m2/repository/org/apache/kerby/token-provider/1.0.1/token-provider-1.0.1.jar:/home/user/.m2/repository/org/apache/kerby/kerb-admin/1.0.1/kerb-admin-1.0.1.jar:/home/user/.m2/repository/org/apache/kerby/kerb-server/1.0.1/kerb-server-1.0.1.jar:/home/user/.m2/repository/org/apache/kerby/kerb-identity/1.0.1/kerb-identity-1.0.1.jar:/home/user/.m2/repository/org/apache/kerby/kerby-xdr/1.0.1/kerby-xdr-1.0.1.jar:/home/user/.m2/repository/org/slf4j/slf4j-log4j12/1.7.30/slf4j-log4j12-1.7.30.jar:/home/user/.m2/repository/org/apache/hadoop/hadoop-ozone-s3gateway/1.2.0-SNAPSHOT/hadoop-ozone-s3gateway-1.2.0-SNAPSHOT.jar:/home/user/.m2/repository/org/jboss/weld/servlet/weld-servlet/2.4.7.Final/weld-servlet-2.4.7.Final.jar:/home/user/.m2/repository/org/glassfish/jersey/containers/jersey-container-servlet-core/2.33/jersey-container-servlet-core-2.33.jar:/home/user/.m2/repository/org/glassfish/hk2/external/jakarta.inject/2.6.1/jakarta.inject-2.6.1.jar:/home/user/.m2/repository/org/glassfish/jersey/core/jersey-common/2.33/jersey-common-2.33.jar:/home/user/.m2/repository/jakarta/ws/rs/jakarta.ws.rs-api/2.1.6/jakarta.ws.rs-api-2.1.6.jar:/home/user/.m2/repository/org/glassfish/jersey/ext/cdi/jersey-cdi1x/2.33/jersey-cdi1x-2.33.jar:/home/user/.m2/repository/org/glassfish/jersey/inject/jersey-hk2/2.33/jersey-hk2-2.33.jar:/home/user/.m2/repository/org/glassfish/hk2/hk2-locator/2.6.1/hk2-locator-2.6.1.jar:/home/user/.m2/repository/org/javassist/javassist/3.25.0-GA/javassist-3.25.0-GA.jar:/home/user/.m2/repository/org/glassfish/jersey/media/jersey-media-jaxb/2.33/jersey-media-jaxb-2.33.jar:/home/user/.m2/repository/org/glassfish/hk2/osgi-resource-locator/1.0.3/osgi-resource-locator-1.0.3.jar:/home/user/.m2/repository/org/glassfish/hk2/hk2-api/2.5.0/hk2-api-2.5.0.jar:/home/user/.m2/repository/org/glassfish/hk2/hk2-utils/2.5.0/hk2-utils-2.5.0.jar:/home/user/.m2/repository/org/glassfish/hk2/external/aopalliance-repackaged/2.5.0/aopalliance-repackaged-2.5.0.jar:/home/user/.m2/repository/com/fasterxml/jackson/dataformat/jackson-dataformat-xml/2.12.1/jackson-dataformat-xml-2.12.1.jar:/home/user/.m2/repository/com/fasterxml/jackson/core/jackson-core/2.12.1/jackson-core-2.12.1.jar:/home/user/.m2/repository/com/fasterxml/jackson/module/jackson-module-jaxb-annotations/2.12.1/jackson-module-jaxb-annotations-2.12.1.jar:/home/user/.m2/repository/jakarta/xml/bind/jakarta.xml.bind-api/2.3.2/jakarta.xml.bind-api-2.3.2.jar:/home/user/.m2/repository/jakarta/activation/jakarta.activation-api/1.2.1/jakarta.activation-api-1.2.1.jar:/home/user/.m2/repository/org/codehaus/woodstox/stax2-api/3.1.4/stax2-api-3.1.4.jar:/home/user/.m2/repository/com/fasterxml/woodstox/woodstox-core/5.0.3/woodstox-core-5.0.3.jar:/home/user/.m2/repository/javax/enterprise/cdi-api/1.2/cdi-api-1.2.jar:/home/user/.m2/repository/javax/el/javax.el-api/3.0.0/javax.el-api-3.0.0.jar:/home/user/.m2/repository/javax/interceptor/javax.interceptor-api/1.2/javax.interceptor-api-1.2.jar:/home/user/.m2/repository/javax/inject/javax.inject/1/javax.inject-1.jar:/home/user/.m2/repository/javax/xml/bind/jaxb-api/2.3.0/jaxb-api-2.3.0.jar:/home/user/.m2/repository/org/glassfish/jaxb/jaxb-runtime/2.3.0.1/jaxb-runtime-2.3.0.1.jar:/home/user/.m2/repository/org/glassfish/jaxb/jaxb-core/2.3.0.1/jaxb-core-2.3.0.1.jar:/home/user/.m2/repository/org/glassfish/jaxb/txw2/2.3.0.1/txw2-2.3.0.1.jar:/home/user/.m2/repository/com/sun/istack/istack-commons-runtime/3.0.5/istack-commons-runtime-3.0.5.jar:/home/user/.m2/repository/org/jvnet/staxex/stax-ex/1.7.8/stax-ex-1.7.8.jar:/home/user/.m2/repository/com/sun/xml/fastinfoset/FastInfoset/1.2.13/FastInfoset-1.2.13.jar:/home/user/.m2/repository/javax/activation/activation/1.1.1/activation-1.1.1.jar:/home/user/.m2/repository/org/apache/hadoop/hadoop-ozone-csi/1.2.0-SNAPSHOT/hadoop-ozone-csi-1.2.0-SNAPSHOT.jar:/home/user/.m2/repository/com/google/protobuf/protobuf-java-util/3.12.0/protobuf-java-util-3.12.0.jar:/home/user/.m2/repository/com/google/code/gson/gson/2.2.4/gson-2.2.4.jar:/home/user/.m2/repository/org/apache/hadoop/hadoop-hdds-config/1.2.0-SNAPSHOT/hadoop-hdds-config-1.2.0-SNAPSHOT.jar:/home/user/.m2/repository/io/grpc/grpc-netty/1.33.0/grpc-netty-1.33.0.jar:/home/user/.m2/repository/io/grpc/grpc-core/1.33.0/grpc-core-1.33.0.jar:/home/user/.m2/repository/com/google/android/annotations/4.1.1.4/annotations-4.1.1.4.jar:/home/user/.m2/repository/io/netty/netty-codec-http2/4.1.51.Final/netty-codec-http2-4.1.51.Final.jar:/home/user/.m2/repository/io/netty/netty-codec/4.1.51.Final/netty-codec-4.1.51.Final.jar:/home/user/.m2/repository/io/netty/netty-handler/4.1.51.Final/netty-handler-4.1.51.Final.jar:/home/user/.m2/repository/io/netty/netty-codec-http/4.1.51.Final/netty-codec-http-4.1.51.Final.jar:/home/user/.m2/repository/io/netty/netty-handler-proxy/4.1.51.Final/netty-handler-proxy-4.1.51.Final.jar:/home/user/.m2/repository/io/netty/netty-codec-socks/4.1.51.Final/netty-codec-socks-4.1.51.Final.jar:/home/user/.m2/repository/io/perfmark/perfmark-api/0.19.0/perfmark-api-0.19.0.jar:/home/user/.m2/repository/org/codehaus/mojo/animal-sniffer-annotations/1.18/animal-sniffer-annotations-1.18.jar:/home/user/.m2/repository/io/netty/netty-transport-native-epoll/4.1.63.Final/netty-transport-native-epoll-4.1.63.Final.jar:/home/user/.m2/repository/io/netty/netty-common/4.1.63.Final/netty-common-4.1.63.Final.jar:/home/user/.m2/repository/io/netty/netty-buffer/4.1.63.Final/netty-buffer-4.1.63.Final.jar:/home/user/.m2/repository/io/netty/netty-transport/4.1.63.Final/netty-transport-4.1.63.Final.jar:/home/user/.m2/repository/io/netty/netty-resolver/4.1.63.Final/netty-resolver-4.1.63.Final.jar:/home/user/.m2/repository/io/netty/netty-transport-native-unix-common/4.1.63.Final/netty-transport-native-unix-common-4.1.63.Final.jar:/home/user/.m2/repository/io/grpc/grpc-protobuf/1.33.0/grpc-protobuf-1.33.0.jar:/home/user/.m2/repository/io/grpc/grpc-api/1.33.0/grpc-api-1.33.0.jar:/home/user/.m2/repository/io/grpc/grpc-context/1.33.0/grpc-context-1.33.0.jar:/home/user/.m2/repository/com/google/api/grpc/proto-google-common-protos/1.17.0/proto-google-common-protos-1.17.0.jar:/home/user/.m2/repository/io/grpc/grpc-protobuf-lite/1.33.0/grpc-protobuf-lite-1.33.0.jar:/home/user/.m2/repository/io/grpc/grpc-stub/1.33.0/grpc-stub-1.33.0.jar:/home/user/.m2/repository/org/apache/hadoop/hadoop-ozone-recon/1.2.0-SNAPSHOT/hadoop-ozone-recon-1.2.0-SNAPSHOT.jar:/home/user/.m2/repository/org/apache/hadoop/hadoop-ozone-reconcodegen/1.2.0-SNAPSHOT/hadoop-ozone-reconcodegen-1.2.0-SNAPSHOT.jar:/home/user/.m2/repository/com/google/inject/extensions/guice-multibindings/4.0/guice-multibindings-4.0.jar:/home/user/.m2/repository/com/google/inject/guice/4.0/guice-4.0.jar:/home/user/.m2/repository/aopalliance/aopalliance/1.0/aopalliance-1.0.jar:/home/user/.m2/repository/com/google/inject/extensions/guice-assistedinject/4.0/guice-assistedinject-4.0.jar:/home/user/.m2/repository/com/google/inject/extensions/guice-servlet/4.0/guice-servlet-4.0.jar:/home/user/.m2/repository/org/glassfish/jersey/containers/jersey-container-servlet/2.33/jersey-container-servlet-2.33.jar:/home/user/.m2/repository/org/glassfish/hk2/guice-bridge/2.5.0/guice-bridge-2.5.0.jar:/home/user/.m2/repository/org/glassfish/jersey/core/jersey-server/2.33/jersey-server-2.33.jar:/home/user/.m2/repository/org/glassfish/jersey/core/jersey-client/2.33/jersey-client-2.33.jar:/home/user/.m2/repository/jakarta/annotation/jakarta.annotation-api/1.3.5/jakarta.annotation-api-1.3.5.jar:/home/user/.m2/repository/jakarta/validation/jakarta.validation-api/2.0.2/jakarta.validation-api-2.0.2.jar:/home/user/.m2/repository/org/glassfish/jersey/media/jersey-media-json-jackson/2.33/jersey-media-json-jackson-2.33.jar:/home/user/.m2/repository/org/glassfish/jersey/ext/jersey-entity-filtering/2.33/jersey-entity-filtering-2.33.jar:/home/user/.m2/repository/org/jooq/jooq/3.11.10/jooq-3.11.10.jar:/home/user/.m2/repository/org/jooq/jooq-meta/3.11.10/jooq-meta-3.11.10.jar:/home/user/.m2/repository/org/jooq/jooq-codegen/3.11.10/jooq-codegen-3.11.10.jar:/home/user/.m2/repository/com/jolbox/bonecp/0.8.0.RELEASE/bonecp-0.8.0.RELEASE.jar:/home/user/.m2/repository/org/apache/derby/derby/10.14.2.0/derby-10.14.2.0.jar:/home/user/.m2/repository/org/xerial/sqlite-jdbc/3.25.2/sqlite-jdbc-3.25.2.jar:/home/user/.m2/repository/org/springframework/spring-jdbc/5.2.11.RELEASE/spring-jdbc-5.2.11.RELEASE.jar:/home/user/.m2/repository/org/springframework/spring-beans/5.2.11.RELEASE/spring-beans-5.2.11.RELEASE.jar:/home/user/.m2/repository/org/springframework/spring-core/5.2.11.RELEASE/spring-core-5.2.11.RELEASE.jar:/home/user/.m2/repository/org/springframework/spring-jcl/5.2.11.RELEASE/spring-jcl-5.2.11.RELEASE.jar:/home/user/.m2/repository/org/springframework/spring-tx/5.2.11.RELEASE/spring-tx-5.2.11.RELEASE.jar:/home/user/.m2/repository/org/apache/hadoop/hadoop-ozone-client/1.2.0-SNAPSHOT/hadoop-ozone-client-1.2.0-SNAPSHOT.jar:/home/user/.m2/repository/org/apache/hadoop/hadoop-ozone-filesystem/1.2.0-SNAPSHOT/hadoop-ozone-filesystem-1.2.0-SNAPSHOT.jar:/home/user/.m2/repository/org/apache/hadoop/hadoop-ozone-filesystem-common/1.2.0-SNAPSHOT/hadoop-ozone-filesystem-common-1.2.0-SNAPSHOT.jar:/home/user/.m2/repository/org/apache/hadoop/hadoop-ozone-tools/1.2.0-SNAPSHOT/hadoop-ozone-tools-1.2.0-SNAPSHOT.jar:/home/user/.m2/repository/org/apache/ratis/ratis-tools/2.1.0-ff8aa66-SNAPSHOT/ratis-tools-2.1.0-ff8aa66-SNAPSHOT.jar:/home/user/.m2/repository/org/apache/ratis/ratis-proto/2.1.0-ff8aa66-SNAPSHOT/ratis-proto-2.1.0-ff8aa66-SNAPSHOT.jar:/home/user/.m2/repository/org/apache/ratis/ratis-common/2.1.0-ff8aa66-SNAPSHOT/ratis-common-2.1.0-ff8aa66-SNAPSHOT.jar:/home/user/.m2/repository/com/amazonaws/aws-java-sdk-core/1.11.901/aws-java-sdk-core-1.11.901.jar:/home/user/.m2/repository/org/apache/httpcomponents/httpclient/4.5.13/httpclient-4.5.13.jar:/home/user/.m2/repository/org/apache/httpcomponents/httpcore/4.4.13/httpcore-4.4.13.jar:/home/user/.m2/repository/software/amazon/ion/ion-java/1.0.2/ion-java-1.0.2.jar:/home/user/.m2/repository/com/fasterxml/jackson/dataformat/jackson-dataformat-cbor/2.12.1/jackson-dataformat-cbor-2.12.1.jar:/home/user/.m2/repository/joda-time/joda-time/2.8.1/joda-time-2.8.1.jar:/home/user/.m2/repository/com/amazonaws/aws-java-sdk-s3/1.11.901/aws-java-sdk-s3-1.11.901.jar:/home/user/.m2/repository/com/amazonaws/aws-java-sdk-kms/1.11.901/aws-java-sdk-kms-1.11.901.jar:/home/user/.m2/repository/com/amazonaws/jmespath-java/1.11.901/jmespath-java-1.11.901.jar:/home/user/.m2/repository/org/kohsuke/metainf-services/metainf-services/1.8/metainf-services-1.8.jar:/home/user/.m2/repository/org/apache/hadoop/hadoop-hdds-tools/1.2.0-SNAPSHOT/hadoop-hdds-tools-1.2.0-SNAPSHOT.jar:/home/user/.m2/repository/commons-cli/commons-cli/1.2/commons-cli-1.2.jar:/home/user/.m2/repository/org/apache/commons/commons-lang3/3.7/commons-lang3-3.7.jar:/home/user/.m2/repository/org/apache/hadoop/hadoop-ozone-ozone-manager/1.2.0-SNAPSHOT/hadoop-ozone-ozone-manager-1.2.0-SNAPSHOT-tests.jar:/home/user/.m2/repository/org/apache/hadoop/hadoop-hdds-common/1.2.0-SNAPSHOT/hadoop-hdds-common-1.2.0-SNAPSHOT-tests.jar:/home/user/.m2/repository/org/apache/hadoop/hadoop-hdds-hadoop-dependency-client/1.2.0-SNAPSHOT/hadoop-hdds-hadoop-dependency-client-1.2.0-SNAPSHOT.jar:/home/user/.m2/repository/info/picocli/picocli/4.4.0/picocli-4.4.0.jar:/home/user/.m2/repository/com/fasterxml/jackson/core/jackson-annotations/2.12.1/jackson-annotations-2.12.1.jar:/home/user/.m2/repository/javax/annotation/javax.annotation-api/1.2/javax.annotation-api-1.2.jar:/home/user/.m2/repository/org/fusesource/leveldbjni/leveldbjni-all/1.8/leveldbjni-all-1.8.jar:/home/user/.m2/repository/org/apache/ratis/ratis-server/2.1.0-ff8aa66-SNAPSHOT/ratis-server-2.1.0-ff8aa66-SNAPSHOT.jar:/home/user/.m2/repository/org/apache/ratis/ratis-client/2.1.0-ff8aa66-SNAPSHOT/ratis-client-2.1.0-ff8aa66-SNAPSHOT.jar:/home/user/.m2/repository/org/apache/ratis/ratis-server-api/2.1.0-ff8aa66-SNAPSHOT/ratis-server-api-2.1.0-ff8aa66-SNAPSHOT.jar:/home/user/.m2/repository/org/apache/ratis/ratis-metrics/2.1.0-ff8aa66-SNAPSHOT/ratis-metrics-2.1.0-ff8aa66-SNAPSHOT.jar:/home/user/.m2/repository/org/apache/ratis/ratis-netty/2.1.0-ff8aa66-SNAPSHOT/ratis-netty-2.1.0-ff8aa66-SNAPSHOT.jar:/home/user/.m2/repository/org/apache/ratis/ratis-grpc/2.1.0-ff8aa66-SNAPSHOT/ratis-grpc-2.1.0-ff8aa66-SNAPSHOT.jar:/home/user/.m2/repository/org/apache/logging/log4j/log4j-api/2.13.3/log4j-api-2.13.3.jar:/home/user/.m2/repository/org/apache/logging/log4j/log4j-core/2.13.3/log4j-core-2.13.3.jar:/home/user/.m2/repository/com/lmax/disruptor/3.4.2/disruptor-3.4.2.jar:/home/user/.m2/repository/org/apache/commons/commons-pool2/2.6.0/commons-pool2-2.6.0.jar:/home/user/.m2/repository/org/bouncycastle/bcpkix-jdk15on/1.67/bcpkix-jdk15on-1.67.jar:/home/user/.m2/repository/commons-validator/commons-validator/1.6/commons-validator-1.6.jar:/home/user/.m2/repository/commons-beanutils/commons-beanutils/1.9.4/commons-beanutils-1.9.4.jar:/home/user/.m2/repository/commons-digester/commons-digester/1.8.1/commons-digester-1.8.1.jar:/home/user/.m2/repository/commons-collections/commons-collections/3.2.2/commons-collections-3.2.2.jar:/home/user/.m2/repository/io/jaegertracing/jaeger-client/1.6.0/jaeger-client-1.6.0.jar:/home/user/.m2/repository/io/jaegertracing/jaeger-thrift/1.6.0/jaeger-thrift-1.6.0.jar:/home/user/.m2/repository/org/apache/thrift/libthrift/0.14.1/libthrift-0.14.1.jar:/home/user/.m2/repository/com/squareup/okhttp3/okhttp/4.9.0/okhttp-4.9.0.jar:/home/user/.m2/repository/com/squareup/okio/okio/2.8.0/okio-2.8.0.jar:/home/user/.m2/repository/io/jaegertracing/jaeger-core/1.6.0/jaeger-core-1.6.0.jar:/home/user/.m2/repository/io/jaegertracing/jaeger-tracerresolver/1.6.0/jaeger-tracerresolver-1.6.0.jar:/home/user/.m2/repository/io/opentracing/contrib/opentracing-tracerresolver/0.1.8/opentracing-tracerresolver-0.1.8.jar:/home/user/.m2/repository/org/jetbrains/kotlin/kotlin-stdlib/1.4.31/kotlin-stdlib-1.4.31.jar:/home/user/.m2/repository/org/jetbrains/kotlin/kotlin-stdlib-common/1.4.31/kotlin-stdlib-common-1.4.31.jar:/home/user/.m2/repository/org/jetbrains/annotations/13.0/annotations-13.0.jar:/home/user/.m2/repository/io/opentracing/opentracing-util/0.33.0/opentracing-util-0.33.0.jar:/home/user/.m2/repository/io/opentracing/opentracing-api/0.33.0/opentracing-api-0.33.0.jar:/home/user/.m2/repository/io/opentracing/opentracing-noop/0.33.0/opentracing-noop-0.33.0.jar:/home/user/.m2/repository/org/yaml/snakeyaml/1.26/snakeyaml-1.26.jar:/home/user/.m2/repository/org/apache/hadoop/hadoop-hdds-interface-admin/1.2.0-SNAPSHOT/hadoop-hdds-interface-admin-1.2.0-SNAPSHOT.jar:/home/user/.m2/repository/junit/junit/4.13.1/junit-4.13.1.jar:/home/user/.m2/repository/org/hamcrest/hamcrest-core/1.3/hamcrest-core-1.3.jar:/home/user/.m2/repository/org/junit/jupiter/junit-jupiter-api/5.7.0/junit-jupiter-api-5.7.0.jar:/home/user/.m2/repository/org/apiguardian/apiguardian-api/1.1.0/apiguardian-api-1.1.0.jar:/home/user/.m2/repository/org/opentest4j/opentest4j/1.2.0/opentest4j-1.2.0.jar:/home/user/.m2/repository/org/junit/platform/junit-platform-commons/1.7.0/junit-platform-commons-1.7.0.jar:/home/user/.m2/repository/org/junit/jupiter/junit-jupiter-engine/5.7.0/junit-jupiter-engine-5.7.0.jar:/home/user/.m2/repository/org/junit/platform/junit-platform-engine/1.7.0/junit-platform-engine-1.7.0.jar:/home/user/.m2/repository/org/junit/vintage/junit-vintage-engine/5.7.0/junit-vintage-engine-5.7.0.jar:/home/user/.m2/repository/org/junit/platform/junit-platform-launcher/1.7.0/junit-platform-launcher-1.7.0.jar:/home/user/.m2/repository/org/openjdk/jmh/jmh-core/1.19/jmh-core-1.19.jar:/home/user/.m2/repository/net/sf/jopt-simple/jopt-simple/4.6/jopt-simple-4.6.jar:/home/user/.m2/repository/org/apache/commons/commons-math3/3.1.1/commons-math3-3.1.1.jar:/home/user/.m2/repository/org/openjdk/jmh/jmh-generator-annprocess/1.19/jmh-generator-annprocess-1.19.jar:/home/user/.m2/repository/org/mockito/mockito-all/1.8.5/mockito-all-1.8.5.jar:/home/user/.m2/repository/org/apache/hadoop/hadoop-kms/3.2.2/hadoop-kms-3.2.2.jar:/home/user/.m2/repository/org/apache/hadoop/hadoop-auth/3.2.2/hadoop-auth-3.2.2.jar:/home/user/.m2/repository/com/nimbusds/nimbus-jose-jwt/7.9/nimbus-jose-jwt-7.9.jar:/home/user/.m2/repository/com/github/stephenc/jcip/jcip-annotations/1.0-1/jcip-annotations-1.0-1.jar:/home/user/.m2/repository/net/minidev/json-smart/2.3/json-smart-2.3.jar:/home/user/.m2/repository/net/minidev/accessors-smart/1.2/accessors-smart-1.2.jar:/home/user/.m2/repository/org/ow2/asm/asm/5.0.4/asm-5.0.4.jar:/home/user/.m2/repository/org/apache/zookeeper/zookeeper/3.4.13/zookeeper-3.4.13.jar:/home/user/.m2/repository/org/apache/yetus/audience-annotations/0.5.0/audience-annotations-0.5.0.jar:/home/user/.m2/repository/org/apache/curator/curator-framework/2.13.0/curator-framework-2.13.0.jar:/home/user/.m2/repository/com/sun/jersey/jersey-core/1.19/jersey-core-1.19.jar:/home/user/.m2/repository/javax/ws/rs/jsr311-api/1.1.1/jsr311-api-1.1.1.jar:/home/user/.m2/repository/com/sun/jersey/jersey-server/1.19/jersey-server-1.19.jar:/home/user/.m2/repository/javax/servlet/javax.servlet-api/3.1.0/javax.servlet-api-3.1.0.jar:/home/user/.m2/repository/org/eclipse/jetty/jetty-server/9.4.35.v20201120/jetty-server-9.4.35.v20201120.jar:/home/user/.m2/repository/org/eclipse/jetty/jetty-http/9.4.35.v20201120/jetty-http-9.4.35.v20201120.jar:/home/user/.m2/repository/org/eclipse/jetty/jetty-io/9.4.35.v20201120/jetty-io-9.4.35.v20201120.jar:/home/user/.m2/repository/org/eclipse/jetty/jetty-webapp/9.4.35.v20201120/jetty-webapp-9.4.35.v20201120.jar:/home/user/.m2/repository/org/eclipse/jetty/jetty-xml/9.4.35.v20201120/jetty-xml-9.4.35.v20201120.jar:/home/user/.m2/repository/org/apache/hadoop/hadoop-common/3.2.2/hadoop-common-3.2.2.jar:/home/user/.m2/repository/commons-net/commons-net/3.6/commons-net-3.6.jar:/home/user/.m2/repository/javax/activation/javax.activation-api/1.2.0/javax.activation-api-1.2.0.jar:/home/user/.m2/repository/com/sun/jersey/jersey-servlet/1.19/jersey-servlet-1.19.jar:/home/user/.m2/repository/com/sun/jersey/jersey-json/1.19/jersey-json-1.19.jar:/home/user/.m2/repository/org/codehaus/jettison/jettison/1.1/jettison-1.1.jar:/home/user/.m2/repository/com/sun/xml/bind/jaxb-impl/2.2.3-1/jaxb-impl-2.2.3-1.jar:/home/user/.m2/repository/org/codehaus/jackson/jackson-jaxrs/1.9.2/jackson-jaxrs-1.9.2.jar:/home/user/.m2/repository/org/codehaus/jackson/jackson-xc/1.9.2/jackson-xc-1.9.2.jar:/home/user/.m2/repository/org/apache/commons/commons-configuration2/2.1.1/commons-configuration2-2.1.1.jar:/home/user/.m2/repository/org/apache/commons/commons-text/1.4/commons-text-1.4.jar:/home/user/.m2/repository/com/google/re2j/re2j/1.1/re2j-1.1.jar:/home/user/.m2/repository/com/jcraft/jsch/0.1.54/jsch-0.1.54.jar:/home/user/.m2/repository/org/apache/curator/curator-client/2.13.0/curator-client-2.13.0.jar:/home/user/.m2/repository/org/apache/curator/curator-recipes/2.13.0/curator-recipes-2.13.0.jar:/home/user/.m2/repository/dnsjava/dnsjava/2.1.7/dnsjava-2.1.7.jar:/home/user/.m2/repository/org/slf4j/jul-to-slf4j/1.7.30/jul-to-slf4j-1.7.30.jar:/home/user/.m2/repository/org/eclipse/jetty/jetty-util/9.4.35.v20201120/jetty-util-9.4.35.v20201120.jar:/home/user/.m2/repository/com/fasterxml/jackson/core/jackson-databind/2.12.1/jackson-databind-2.12.1.jar:/home/user/.m2/repository/org/apache/hadoop/hadoop-kms/3.2.2/hadoop-kms-3.2.2-tests.jar:/home/user/.m2/repository/org/apache/hadoop/hadoop-hdds-server-scm/1.2.0-SNAPSHOT/hadoop-hdds-server-scm-1.2.0-SNAPSHOT-tests.jar:/home/user/.m2/repository/org/apache/hadoop/hadoop-hdds-container-service/1.2.0-SNAPSHOT/hadoop-hdds-container-service-1.2.0-SNAPSHOT-tests.jar:/home/user/.m2/repository/commons-codec/commons-codec/1.11/commons-codec-1.11.jar:/home/user/.m2/repository/org/apache/hadoop/hadoop-hdds-hadoop-dependency-test/1.2.0-SNAPSHOT/hadoop-hdds-hadoop-dependency-test-1.2.0-SNAPSHOT.jar:/home/user/.m2/repository/org/apache/hadoop/hadoop-common/3.2.2/hadoop-common-3.2.2-tests.jar:/home/user/.m2/repository/org/apache/hadoop/hadoop-hdfs/3.2.2/hadoop-hdfs-3.2.2-tests.jar:/home/user/.m2/repository/org/eclipse/jetty/jetty-util-ajax/9.4.35.v20201120/jetty-util-ajax-9.4.35.v20201120.jar:/home/user/.m2/repository/commons-daemon/commons-daemon/1.0.13/commons-daemon-1.0.13.jar:/home/user/.m2/repository/io/netty/netty/3.10.6.Final/netty-3.10.6.Final.jar:/home/user/.m2/repository/io/netty/netty-all/4.1.63.Final/netty-all-4.1.63.Final.jar:/home/user/.m2/repository/org/apache/htrace/htrace-core4/4.1.0-incubating/htrace-core4-4.1.0-incubating.jar:/home/user/.m2/repository/org/apache/hadoop/hadoop-distcp/3.2.2/hadoop-distcp-3.2.2.jar:/home/user/.m2/repository/org/apache/hadoop/hadoop-mapreduce-client-jobclient/3.2.2/hadoop-mapreduce-client-jobclient-3.2.2.jar:/home/user/.m2/repository/org/apache/hadoop/hadoop-mapreduce-client-common/3.2.2/hadoop-mapreduce-client-common-3.2.2.jar:/home/user/.m2/repository/org/apache/hadoop/hadoop-yarn-common/3.2.2/hadoop-yarn-common-3.2.2.jar:/home/user/.m2/repository/org/apache/hadoop/hadoop-yarn-api/3.2.2/hadoop-yarn-api-3.2.2.jar:/home/user/.m2/repository/com/sun/jersey/jersey-client/1.19/jersey-client-1.19.jar:/home/user/.m2/repository/com/sun/jersey/contribs/jersey-guice/1.19/jersey-guice-1.19.jar:/home/user/.m2/repository/com/fasterxml/jackson/jaxrs/jackson-jaxrs-json-provider/2.12.1/jackson-jaxrs-json-provider-2.12.1.jar:/home/user/.m2/repository/com/fasterxml/jackson/jaxrs/jackson-jaxrs-base/2.12.1/jackson-jaxrs-base-2.12.1.jar:/home/user/.m2/repository/org/apache/hadoop/hadoop-yarn-client/3.2.2/hadoop-yarn-client-3.2.2.jar:/home/user/.m2/repository/org/apache/hadoop/hadoop-mapreduce-client-core/3.2.2/hadoop-mapreduce-client-core-3.2.2.jar:/home/user/.m2/repository/org/apache/avro/avro/1.7.7/avro-1.7.7.jar:/home/user/.m2/repository/org/codehaus/jackson/jackson-core-asl/1.9.13/jackson-core-asl-1.9.13.jar:/home/user/.m2/repository/org/codehaus/jackson/jackson-mapper-asl/1.9.13/jackson-mapper-asl-1.9.13.jar:/home/user/.m2/repository/com/thoughtworks/paranamer/paranamer/2.3/paranamer-2.3.jar:/home/user/.m2/repository/org/xerial/snappy/snappy-java/1.0.5/snappy-java-1.0.5.jar:/home/user/.m2/repository/org/apache/hadoop/hadoop-annotations/3.2.2/hadoop-annotations-3.2.2.jar:/usr/lib/jvm/java-1.8.0-openjdk-1.8.0.232.b09-0.el7_7.x86_64/jre/../lib/tools.jar:/home/user/.m2/repository/org/apache/hadoop/hadoop-distcp/3.2.2/hadoop-distcp-3.2.2-tests.jar:"/>
    <property name="sun.cpu.endian" value="little"/>
    <property name="user.home" value="/home/user"/>
    <property name="user.language" value="en"/>
    <property name="java.specification.vendor" value="Oracle Corporation"/>
    <property name="java.home" value="/usr/lib/jvm/java-1.8.0-openjdk-1.8.0.232.b09-0.el7_7.x86_64/jre"/>
    <property name="java.security.krb5.conf" value="/github/workspace/mnt/ozone/hadoop-ozone/integration-test/target/test-classes/krb5.conf"/>
    <property name="basedir" value="/github/workspace/mnt/ozone/hadoop-ozone/integration-test"/>
    <property name="file.separator" value="/"/>
    <property name="line.separator" value="&#10;"/>
    <property name="java.vm.specification.vendor" value="Oracle Corporation"/>
    <property name="java.specification.name" value="Java Platform API Specification"/>
    <property name="java.awt.graphicsenv" value="sun.awt.X11GraphicsEnvironment"/>
    <property name="skip.installnpx" value="true"/>
    <property name="surefire.real.class.path" value="/github/workspace/mnt/ozone/hadoop-ozone/integration-test/target/surefire/surefirebooter218645607509286015.jar:/home/user/.m2/repository/org/jacoco/org.jacoco.agent/0.8.5/org.jacoco.agent-0.8.5-runtime.jar"/>
    <property name="hadoop.log.dir" value="/github/workspace/mnt/ozone/hadoop-ozone/integration-test/target/log"/>
    <property name="sun.boot.class.path" value="/usr/lib/jvm/java-1.8.0-openjdk-1.8.0.232.b09-0.el7_7.x86_64/jre/lib/resources.jar:/usr/lib/jvm/java-1.8.0-openjdk-1.8.0.232.b09-0.el7_7.x86_64/jre/lib/rt.jar:/usr/lib/jvm/java-1.8.0-openjdk-1.8.0.232.b09-0.el7_7.x86_64/jre/lib/sunrsasign.jar:/usr/lib/jvm/java-1.8.0-openjdk-1.8.0.232.b09-0.el7_7.x86_64/jre/lib/jsse.jar:/usr/lib/jvm/java-1.8.0-openjdk-1.8.0.232.b09-0.el7_7.x86_64/jre/lib/jce.jar:/usr/lib/jvm/java-1.8.0-openjdk-1.8.0.232.b09-0.el7_7.x86_64/jre/lib/charsets.jar:/usr/lib/jvm/java-1.8.0-openjdk-1.8.0.232.b09-0.el7_7.x86_64/jre/lib/jfr.jar:/usr/lib/jvm/java-1.8.0-openjdk-1.8.0.232.b09-0.el7_7.x86_64/jre/classes"/>
    <property name="sun.management.compiler" value="HotSpot 64-Bit Tiered Compilers"/>
    <property name="skip.npx" value="true"/>
    <property name="java.runtime.version" value="1.8.0_232-b09"/>
    <property name="java.net.preferIPv4Stack" value="true"/>
    <property name="user.name" value="jenkins1001"/>
    <property name="path.separator" value=":"/>
    <property name="java.security.egd" value="file:///dev/urandom"/>
    <property name="os.version" value="5.4.0-1047-azure"/>
    <property name="java.endorsed.dirs" value="/usr/lib/jvm/java-1.8.0-openjdk-1.8.0.232.b09-0.el7_7.x86_64/jre/lib/endorsed"/>
    <property name="java.runtime.name" value="OpenJDK Runtime Environment"/>
    <property name="file.encoding" value="ANSI_X3.4-1968"/>
    <property name="java.vm.name" value="OpenJDK 64-Bit Server VM"/>
    <property name="test.build.webapps" value=""/>
    <property name="localRepository" value="/home/user/.m2/repository"/>
    <property name="java.vendor.url.bug" value="http://bugreport.sun.com/bugreport/"/>
    <property name="java.io.tmpdir" value="/tmp"/>
    <property name="require.test.libhadoop" value=""/>
    <property name="java.version" value="1.8.0_232"/>
    <property name="user.dir" value="/github/workspace/mnt/ozone/hadoop-ozone/integration-test"/>
    <property name="os.arch" value="amd64"/>
    <property name="java.vm.specification.name" value="Java Virtual Machine Specification"/>
    <property name="test.build.classes" value="/github/workspace/mnt/ozone/hadoop-ozone/integration-test/target/test-classes"/>
    <property name="java.awt.printerjob" value="sun.print.PSPrinterJob"/>
    <property name="sun.os.patch.level" value="unknown"/>
    <property name="hadoop.tmp.dir" value="/github/workspace/mnt/ozone/hadoop-ozone/integration-test/target/tmp"/>
    <property name="java.library.path" value="/usr/lib:/usr/java/packages/lib/amd64:/usr/lib64:/lib64:/lib:/usr/lib"/>
    <property name="java.vm.info" value="mixed mode"/>
    <property name="java.vendor" value="Oracle Corporation"/>
    <property name="java.vm.version" value="25.232-b09"/>
    <property name="java.ext.dirs" value="/usr/lib/jvm/java-1.8.0-openjdk-1.8.0.232.b09-0.el7_7.x86_64/jre/lib/ext:/usr/java/packages/lib/ext"/>
    <property name="sun.io.unicode.encoding" value="UnicodeLittle"/>
    <property name="java.class.version" value="52.0"/>
  </properties>
  <testcase name="testDeleteKeyWithSlowFollower" classname="org.apache.hadoop.ozone.client.rpc.TestDeleteWithSlowFollower" time="0.157">
    <failure type="java.lang.AssertionError">java.lang.AssertionError
	at org.junit.Assert.fail(Assert.java:87)
	at org.junit.Assert.assertTrue(Assert.java:42)
	at org.junit.Assert.assertNotNull(Assert.java:713)
	at org.junit.Assert.assertNotNull(Assert.java:723)
	at org.apache.hadoop.ozone.client.rpc.TestDeleteWithSlowFollower.testDeleteKeyWithSlowFollower(TestDeleteWithSlowFollower.java:237)
	at sun.reflect.NativeMethodAccessorImpl.invoke0(Native Method)
	at sun.reflect.NativeMethodAccessorImpl.invoke(NativeMethodAccessorImpl.java:62)
	at sun.reflect.DelegatingMethodAccessorImpl.invoke(DelegatingMethodAccessorImpl.java:43)
	at java.lang.reflect.Method.invoke(Method.java:498)
	at org.junit.runners.model.FrameworkMethod$1.runReflectiveCall(FrameworkMethod.java:59)
	at org.junit.internal.runners.model.ReflectiveCallable.run(ReflectiveCallable.java:12)
	at org.junit.runners.model.FrameworkMethod.invokeExplosively(FrameworkMethod.java:56)
	at org.junit.internal.runners.statements.InvokeMethod.evaluate(InvokeMethod.java:17)
	at org.junit.runners.ParentRunner$3.evaluate(ParentRunner.java:306)
	at org.junit.runners.BlockJUnit4ClassRunner$1.evaluate(BlockJUnit4ClassRunner.java:100)
	at org.junit.runners.ParentRunner.runLeaf(ParentRunner.java:366)
	at org.junit.runners.BlockJUnit4ClassRunner.runChild(BlockJUnit4ClassRunner.java:103)
	at org.junit.runners.BlockJUnit4ClassRunner.runChild(BlockJUnit4ClassRunner.java:63)
	at org.junit.runners.ParentRunner$4.run(ParentRunner.java:331)
	at org.junit.runners.ParentRunner$1.schedule(ParentRunner.java:79)
	at org.junit.runners.ParentRunner.runChildren(ParentRunner.java:329)
	at org.junit.runners.ParentRunner.access$100(ParentRunner.java:66)
	at org.junit.runners.ParentRunner$2.evaluate(ParentRunner.java:293)
	at org.junit.internal.runners.statements.RunBefores.evaluate(RunBefores.java:26)
	at org.junit.internal.runners.statements.RunAfters.evaluate(RunAfters.java:27)
	at org.junit.runners.ParentRunner$3.evaluate(ParentRunner.java:306)
	at org.junit.runners.ParentRunner.run(ParentRunner.java:413)
	at org.junit.runner.JUnitCore.run(JUnitCore.java:137)
	at org.junit.runner.JUnitCore.run(JUnitCore.java:115)
	at org.junit.vintage.engine.execution.RunnerExecutor.execute(RunnerExecutor.java:43)
	at java.util.stream.ForEachOps$ForEachOp$OfRef.accept(ForEachOps.java:183)
	at java.util.stream.ReferencePipeline$3$1.accept(ReferencePipeline.java:193)
	at java.util.Iterator.forEachRemaining(Iterator.java:116)
	at java.util.Spliterators$IteratorSpliterator.forEachRemaining(Spliterators.java:1801)
	at java.util.stream.AbstractPipeline.copyInto(AbstractPipeline.java:482)
	at java.util.stream.AbstractPipeline.wrapAndCopyInto(AbstractPipeline.java:472)
	at java.util.stream.ForEachOps$ForEachOp.evaluateSequential(ForEachOps.java:150)
	at java.util.stream.ForEachOps$ForEachOp$OfRef.evaluateSequential(ForEachOps.java:173)
	at java.util.stream.AbstractPipeline.evaluate(AbstractPipeline.java:234)
	at java.util.stream.ReferencePipeline.forEach(ReferencePipeline.java:485)
	at org.junit.vintage.engine.VintageTestEngine.executeAllChildren(VintageTestEngine.java:82)
	at org.junit.vintage.engine.VintageTestEngine.execute(VintageTestEngine.java:73)
	at org.junit.platform.launcher.core.EngineExecutionOrchestrator.execute(EngineExecutionOrchestrator.java:108)
	at org.junit.platform.launcher.core.EngineExecutionOrchestrator.execute(EngineExecutionOrchestrator.java:88)
	at org.junit.platform.launcher.core.EngineExecutionOrchestrator.lambda$execute$0(EngineExecutionOrchestrator.java:54)
	at org.junit.platform.launcher.core.EngineExecutionOrchestrator.withInterceptedStreams(EngineExecutionOrchestrator.java:67)
	at org.junit.platform.launcher.core.EngineExecutionOrchestrator.execute(EngineExecutionOrchestrator.java:52)
	at org.junit.platform.launcher.core.DefaultLauncher.execute(DefaultLauncher.java:96)
	at org.junit.platform.launcher.core.DefaultLauncher.execute(DefaultLauncher.java:75)
	at org.apache.maven.surefire.junitplatform.JUnitPlatformProvider.invokeAllTests(JUnitPlatformProvider.java:142)
	at org.apache.maven.surefire.junitplatform.JUnitPlatformProvider.invoke(JUnitPlatformProvider.java:113)
	at org.apache.maven.surefire.booter.ForkedBooter.invokeProviderInSameClassLoader(ForkedBooter.java:384)
	at org.apache.maven.surefire.booter.ForkedBooter.runSuitesInProcess(ForkedBooter.java:345)
	at org.apache.maven.surefire.booter.ForkedBooter.execute(ForkedBooter.java:126)
	at org.apache.maven.surefire.booter.ForkedBooter.main(ForkedBooter.java:418)
</failure>
    <system-out><![CDATA[2021-05-19 07:25:49,056 [main] WARN  server.ServerUtils (ServerUtils.java:getScmDbDir(148)) - ozone.scm.db.dirs is not configured. We recommend adding this setting. Falling back to ozone.metadata.dirs instead.
2021-05-19 07:25:49,124 [main] INFO  ha.SCMHANodeDetails (SCMHANodeDetails.java:loadSCMHAConfig(149)) - ServiceID for StorageContainerManager is null
2021-05-19 07:25:49,124 [main] INFO  ha.SCMHANodeDetails (SCMHANodeDetails.java:loadSCMHAConfig(154)) - ozone.scm.default.service.id is not defined, falling back to ozone.scm.service.ids to find serviceID for StorageContainerManager if it is HA enabled cluster
2021-05-19 07:25:49,191 [main] WARN  server.ServerUtils (ServerUtils.java:getScmDbDir(148)) - ozone.scm.db.dirs is not configured. We recommend adding this setting. Falling back to ozone.metadata.dirs instead.
2021-05-19 07:25:49,630 [main] WARN  utils.HAUtils (HAUtils.java:getMetaDir(338)) - ozone.scm.db.dirs is not configured. We recommend adding this setting. Falling back to ozone.metadata.dirs instead.
2021-05-19 07:25:49,759 [main] WARN  db.DBStoreBuilder (DBStoreBuilder.java:applyDBDefinition(145)) - ozone.scm.db.dirs is not configured. We recommend adding this setting. Falling back to ozone.metadata.dirs instead.
2021-05-19 07:25:49,925 [main] INFO  net.NodeSchemaLoader (NodeSchemaLoader.java:loadSchemaFromFile(129)) - Loading schema from [jar:file:/home/user/.m2/repository/org/apache/hadoop/hadoop-hdds-common/1.2.0-SNAPSHOT/hadoop-hdds-common-1.2.0-SNAPSHOT.jar!/network-topology-default.xml, jar:file:/home/user/.m2/repository/org/apache/hadoop/hadoop-ozone-ozone-manager/1.2.0-SNAPSHOT/hadoop-ozone-ozone-manager-1.2.0-SNAPSHOT-tests.jar!/network-topology-default.xml, jar:file:/home/user/.m2/repository/org/apache/hadoop/hadoop-hdds-server-scm/1.2.0-SNAPSHOT/hadoop-hdds-server-scm-1.2.0-SNAPSHOT-tests.jar!/network-topology-default.xml]
2021-05-19 07:25:49,927 [main] INFO  net.NodeSchemaLoader (NodeSchemaLoader.java:loadSchema(176)) - Loading network topology layer schema file
2021-05-19 07:25:50,033 [main] INFO  ha.SequenceIdGenerator (SequenceIdGenerator.java:upgradeToSequenceId(300)) - upgrade localId to 107544261427200000
2021-05-19 07:25:50,033 [main] INFO  ha.SequenceIdGenerator (SequenceIdGenerator.java:upgradeToSequenceId(310)) - upgrade delTxnId to 0
2021-05-19 07:25:50,037 [main] INFO  ha.SequenceIdGenerator (SequenceIdGenerator.java:upgradeToSequenceId(324)) - upgrade containerId to 0
2021-05-19 07:25:50,038 [main] INFO  ha.SequenceIdGenerator (SequenceIdGenerator.java:<init>(196)) - Init the HA SequenceIdGenerator.
2021-05-19 07:25:50,073 [main] WARN  server.ServerUtils (ServerUtils.java:sanitizeUserArgs(73)) - ozone.scm.stale.node.interval value = 1000000 is larger than max = 100000 based on the key value of ozone.scm.heartbeat.thread.interval, reset to the max value 100000.
2021-05-19 07:25:50,073 [main] WARN  server.ServerUtils (ServerUtils.java:sanitizeUserArgs(73)) - ozone.scm.stale.node.interval value = 1000000 is larger than max = 100000 based on the key value of ozone.scm.heartbeat.thread.interval, reset to the max value 100000.
2021-05-19 07:25:50,077 [main] INFO  node.SCMNodeManager (SCMNodeManager.java:<init>(125)) - Entering startup safe mode.
2021-05-19 07:25:50,198 [main] INFO  algorithms.ContainerPlacementPolicyFactory (ContainerPlacementPolicyFactory.java:getPolicy(60)) - Create container placement policy of type org.apache.hadoop.hdds.scm.container.placement.algorithms.SCMContainerPlacementRandom
2021-05-19 07:25:50,208 [main] INFO  pipeline.PipelineStateManager (PipelineStateManagerV2Impl.java:initialize(78)) - No pipeline exists in current db
2021-05-19 07:25:50,242 [main] INFO  algorithms.LeaderChoosePolicyFactory (LeaderChoosePolicyFactory.java:getPolicy(57)) - Create leader choose policy of type org.apache.hadoop.hdds.scm.pipeline.leader.choose.algorithms.MinLeaderCountChoosePolicy
2021-05-19 07:25:50,250 [main] INFO  ha.SCMServiceManager (SCMServiceManager.java:register(43)) - Registering service BackgroundPipelineCreator.
2021-05-19 07:25:50,251 [main] INFO  pipeline.BackgroundPipelineCreator (BackgroundPipelineCreatorV2.java:start(130)) - Starting RatisPipelineUtilsThread.
2021-05-19 07:25:50,277 [main] INFO  algorithms.PipelineChoosePolicyFactory (PipelineChoosePolicyFactory.java:createPipelineChoosePolicyFromClass(73)) - Create pipeline choose policy of type org.apache.hadoop.hdds.scm.pipeline.choose.algorithms.RandomPipelineChoosePolicy
2021-05-19 07:25:50,294 [main] INFO  ha.SCMServiceManager (SCMServiceManager.java:register(43)) - Registering service SCMBlockDeletingService.
2021-05-19 07:25:50,319 [main] INFO  ha.SCMServiceManager (SCMServiceManager.java:register(43)) - Registering service ReplicationManager.
2021-05-19 07:25:50,322 [main] INFO  container.ReplicationManager (ReplicationManager.java:start(226)) - Starting Replication Monitor Thread.
2021-05-19 07:25:50,332 [ReplicationMonitor] INFO  container.ReplicationManager (ReplicationManager.java:run(290)) - Replication Monitor Thread took 1 milliseconds for processing 0 containers.
2021-05-19 07:25:50,336 [main] INFO  safemode.HealthyPipelineSafeModeRule (HealthyPipelineSafeModeRule.java:<init>(90)) - Total pipeline count is 0, healthy pipeline threshold count is 0
2021-05-19 07:25:50,339 [main] INFO  safemode.OneReplicaPipelineSafeModeRule (OneReplicaPipelineSafeModeRule.java:<init>(86)) - Total pipeline count is 0, pipeline's with at least one datanode reported threshold count is 0
2021-05-19 07:25:50,709 [main] INFO  ipc.CallQueueManager (CallQueueManager.java:<init>(85)) - Using callQueue: class java.util.concurrent.LinkedBlockingQueue, queueCapacity: 2000, scheduler: class org.apache.hadoop.ipc.DefaultRpcScheduler, ipcBackoff: false.
2021-05-19 07:25:50,727 [Socket Reader #1 for port 0] INFO  ipc.Server (Server.java:run(1255)) - Starting Socket Reader #1 for port 0
2021-05-19 07:25:50,764 [Listener at 0.0.0.0/35451] INFO  ipc.CallQueueManager (CallQueueManager.java:<init>(85)) - Using callQueue: class java.util.concurrent.LinkedBlockingQueue, queueCapacity: 2000, scheduler: class org.apache.hadoop.ipc.DefaultRpcScheduler, ipcBackoff: false.
2021-05-19 07:25:50,765 [Socket Reader #1 for port 0] INFO  ipc.Server (Server.java:run(1255)) - Starting Socket Reader #1 for port 0
2021-05-19 07:25:50,780 [Listener at 0.0.0.0/46793] INFO  ipc.CallQueueManager (CallQueueManager.java:<init>(85)) - Using callQueue: class java.util.concurrent.LinkedBlockingQueue, queueCapacity: 2000, scheduler: class org.apache.hadoop.ipc.DefaultRpcScheduler, ipcBackoff: false.
2021-05-19 07:25:50,784 [Socket Reader #1 for port 0] INFO  ipc.Server (Server.java:run(1255)) - Starting Socket Reader #1 for port 0
2021-05-19 07:25:50,793 [Listener at 0.0.0.0/38777] INFO  server.StorageContainerManager (StorageContainerManager.java:<init>(416)) - Container Balancer status:
Key                            Value
Running                        false
Container Balancer Configuration values:
Key                            Value
Threshold                      0.100000
Max Datanodes to Balance       5
Max Size to Move               10737418240B

2021-05-19 07:25:50,794 [Listener at 0.0.0.0/38777] WARN  events.EventQueue (EventQueue.java:fireEvent(185)) - No event handler registered for event TypedEvent{payloadType=SafeModeStatus, name='Safe mode status'}
2021-05-19 07:25:50,794 [Listener at 0.0.0.0/38777] INFO  ha.SCMContext (SCMContext.java:updateSafeModeStatus(147)) - Update SafeModeStatus from SafeModeStatus{safeModeStatus=true, preCheckPassed=false} to SafeModeStatus{safeModeStatus=true, preCheckPassed=false}.
2021-05-19 07:25:50,797 [Listener at 0.0.0.0/38777] INFO  server.StorageContainerManager (StorageContainerManager.java:start(1169)) - StorageContainerLocationProtocol RPC server is listening at /0.0.0.0:38777
2021-05-19 07:25:50,854 [Listener at 0.0.0.0/38777] WARN  impl.MetricsConfig (MetricsConfig.java:loadFirst(136)) - Cannot locate configuration: tried hadoop-metrics2-storagecontainermanager.properties,hadoop-metrics2.properties
2021-05-19 07:25:50,868 [Listener at 0.0.0.0/38777] INFO  impl.MetricsSystemImpl (MetricsSystemImpl.java:startTimer(378)) - Scheduled Metric snapshot period at 10 second(s).
2021-05-19 07:25:50,869 [Listener at 0.0.0.0/38777] INFO  impl.MetricsSystemImpl (MetricsSystemImpl.java:start(191)) - StorageContainerManager metrics system started
2021-05-19 07:25:51,082 [Listener at 0.0.0.0/38777] INFO  server.SCMClientProtocolServer (SCMClientProtocolServer.java:start(163)) - RPC server for Client  is listening at /0.0.0.0:38777
2021-05-19 07:25:51,085 [IPC Server listener on 0] INFO  ipc.Server (Server.java:run(1334)) - IPC Server listener on 0: starting
2021-05-19 07:25:51,086 [IPC Server Responder] INFO  ipc.Server (Server.java:run(1497)) - IPC Server Responder: starting
2021-05-19 07:25:51,098 [Listener at 0.0.0.0/38777] INFO  server.StorageContainerManager (StorageContainerManager.java:start(1184)) - ScmBlockLocationProtocol RPC server is listening at /0.0.0.0:46793
2021-05-19 07:25:51,098 [Listener at 0.0.0.0/38777] INFO  server.SCMBlockProtocolServer (SCMBlockProtocolServer.java:start(149)) - RPC server for Block Protocol is listening at /0.0.0.0:46793
2021-05-19 07:25:51,099 [IPC Server Responder] INFO  ipc.Server (Server.java:run(1497)) - IPC Server Responder: starting
2021-05-19 07:25:51,100 [IPC Server listener on 0] INFO  ipc.Server (Server.java:run(1334)) - IPC Server listener on 0: starting
2021-05-19 07:25:51,107 [Listener at 0.0.0.0/38777] INFO  server.StorageContainerManager (StorageContainerManager.java:start(1190)) - ScmDatanodeProtocl RPC server is listening at /0.0.0.0:35451
2021-05-19 07:25:51,107 [Listener at 0.0.0.0/38777] INFO  server.SCMDatanodeProtocolServer (SCMDatanodeProtocolServer.java:start(174)) - RPC server for DataNodes is listening at /0.0.0.0:35451
2021-05-19 07:25:51,108 [IPC Server Responder] INFO  ipc.Server (Server.java:run(1497)) - IPC Server Responder: starting
2021-05-19 07:25:51,108 [IPC Server listener on 0] INFO  ipc.Server (Server.java:run(1334)) - IPC Server listener on 0: starting
2021-05-19 07:25:51,141 [org.apache.hadoop.util.JvmPauseMonitor$Monitor@5fdb7394] INFO  util.JvmPauseMonitor (JvmPauseMonitor.java:run(188)) - Starting JVM pause monitor
2021-05-19 07:25:51,161 [Listener at 0.0.0.0/38777] INFO  http.BaseHttpServer (BaseHttpServer.java:newHttpServer2BuilderForOzone(209)) - Starting Web-server for scm at: http://0.0.0.0:0
2021-05-19 07:25:51,161 [Listener at 0.0.0.0/38777] INFO  http.BaseHttpServer (BaseHttpServer.java:<init>(107)) - Hadoop Security Enabled: false Ozone Security Enabled: false Ozone HTTP Security Enabled: false 
2021-05-19 07:25:51,187 [Listener at 0.0.0.0/38777] INFO  util.log (Log.java:initialized(169)) - Logging initialized @3402ms to org.eclipse.jetty.util.log.Slf4jLog
2021-05-19 07:25:51,370 [Listener at 0.0.0.0/38777] INFO  server.AuthenticationFilter (AuthenticationFilter.java:constructSecretProvider(240)) - Unable to initialize FileSignerSecretProvider, falling back to use random secrets.
2021-05-19 07:25:51,375 [Listener at 0.0.0.0/38777] WARN  http.HttpRequestLog (HttpRequestLog.java:getRequestLog(103)) - Jetty request log can only be enabled using Log4j
2021-05-19 07:25:51,379 [Listener at 0.0.0.0/38777] INFO  http.HttpServer2 (HttpServer2.java:addGlobalFilter(1020)) - Added global filter 'safety' (class=org.apache.hadoop.hdds.server.http.HttpServer2$QuotingInputFilter)
2021-05-19 07:25:51,382 [Listener at 0.0.0.0/38777] INFO  http.HttpServer2 (HttpServer2.java:addFilter(996)) - Added filter static_user_filter (class=org.apache.hadoop.http.lib.StaticUserWebFilter$StaticUserFilter) to context scm
2021-05-19 07:25:51,382 [Listener at 0.0.0.0/38777] INFO  http.HttpServer2 (HttpServer2.java:addFilter(1004)) - Added filter static_user_filter (class=org.apache.hadoop.http.lib.StaticUserWebFilter$StaticUserFilter) to context logs
2021-05-19 07:25:51,382 [Listener at 0.0.0.0/38777] INFO  http.HttpServer2 (HttpServer2.java:addFilter(1004)) - Added filter static_user_filter (class=org.apache.hadoop.http.lib.StaticUserWebFilter$StaticUserFilter) to context static
2021-05-19 07:25:51,424 [Listener at 0.0.0.0/38777] INFO  http.HttpServer2 (HttpServer2.java:bindListener(1238)) - Jetty bound to port 45727
2021-05-19 07:25:51,426 [Listener at 0.0.0.0/38777] INFO  server.Server (Server.java:doStart(375)) - jetty-9.4.35.v20201120; built: 2020-11-20T21:17:03.964Z; git: bdc54f03a5e0a7e280fab27f55c3c75ee8da89fb; jvm 1.8.0_232-b09
2021-05-19 07:25:51,455 [Listener at 0.0.0.0/38777] INFO  server.session (DefaultSessionIdManager.java:doStart(334)) - DefaultSessionIdManager workerName=node0
2021-05-19 07:25:51,455 [Listener at 0.0.0.0/38777] INFO  server.session (DefaultSessionIdManager.java:doStart(339)) - No SessionScavenger set, using defaults
2021-05-19 07:25:51,457 [Listener at 0.0.0.0/38777] INFO  server.session (HouseKeeper.java:startScavenging(132)) - node0 Scavenging every 660000ms
2021-05-19 07:25:51,468 [Listener at 0.0.0.0/38777] INFO  handler.ContextHandler (ContextHandler.java:doStart(916)) - Started o.e.j.s.ServletContextHandler@2beee3e8{logs,/logs,file:///github/workspace/mnt/ozone/hadoop-ozone/integration-test/target/log,AVAILABLE}
2021-05-19 07:25:51,468 [Listener at 0.0.0.0/38777] INFO  handler.ContextHandler (ContextHandler.java:doStart(916)) - Started o.e.j.s.ServletContextHandler@35becbd4{static,/static,file:///github/workspace/mnt/ozone/hadoop-ozone/integration-test/target/test-classes/webapps/static,AVAILABLE}
2021-05-19 07:25:51,512 [Listener at 0.0.0.0/38777] INFO  handler.ContextHandler (ContextHandler.java:doStart(916)) - Started o.e.j.w.WebAppContext@45c408a4{scm,/,file:///github/workspace/mnt/ozone/hadoop-ozone/integration-test/target/test-classes/webapps/scm/,AVAILABLE}{file:/github/workspace/mnt/ozone/hadoop-ozone/integration-test/target/test-classes/webapps/scm}
2021-05-19 07:25:51,519 [Listener at 0.0.0.0/38777] INFO  server.AbstractConnector (AbstractConnector.java:doStart(331)) - Started ServerConnector@6ebbc06{HTTP/1.1, (http/1.1)}{0.0.0.0:45727}
2021-05-19 07:25:51,520 [Listener at 0.0.0.0/38777] INFO  server.Server (Server.java:doStart(415)) - Started @3735ms
2021-05-19 07:25:51,522 [Listener at 0.0.0.0/38777] INFO  impl.MetricsSinkAdapter (MetricsSinkAdapter.java:start(204)) - Sink prometheus started
2021-05-19 07:25:51,522 [Listener at 0.0.0.0/38777] INFO  impl.MetricsSystemImpl (MetricsSystemImpl.java:registerSink(305)) - Registered sink prometheus
2021-05-19 07:25:51,526 [Listener at 0.0.0.0/38777] INFO  http.BaseHttpServer (BaseHttpServer.java:updateConnectorAddress(329)) - HTTP server of scm listening at http://0.0.0.0:45727
2021-05-19 07:25:51,527 [Listener at 0.0.0.0/38777] WARN  server.ServerUtils (ServerUtils.java:getDBPath(225)) - ozone.om.db.dirs is not configured. We recommend adding this setting. Falling back to ozone.metadata.dirs instead.
2021-05-19 07:25:51,625 [Listener at 0.0.0.0/38777] INFO  ha.OMHANodeDetails (OMHANodeDetails.java:loadOMHAConfig(105)) - ozone.om.internal.service.id is not defined, falling back to ozone.om.service.ids to find serviceID for OzoneManager if it is HA enabled cluster
2021-05-19 07:25:51,628 [Listener at 0.0.0.0/38777] INFO  ha.OMHANodeDetails (OMHANodeDetails.java:loadOMHAConfig(212)) - Configuration does not have ozone.om.address set. Falling back to the default OM address /127.0.0.1:0
2021-05-19 07:25:51,628 [Listener at 0.0.0.0/38777] INFO  ha.OMHANodeDetails (OMHANodeDetails.java:getOMNodeDetails(240)) - OM Service ID is not set. Setting it to the default ID: omServiceIdDefault
2021-05-19 07:25:51,628 [Listener at 0.0.0.0/38777] INFO  ha.OMHANodeDetails (OMHANodeDetails.java:getOMNodeDetails(247)) - OM Node ID is not set. Setting it to the default ID: om1
2021-05-19 07:25:51,631 [Listener at 0.0.0.0/38777] WARN  server.ServerUtils (ServerUtils.java:getDBPath(225)) - ozone.om.db.dirs is not configured. We recommend adding this setting. Falling back to ozone.metadata.dirs instead.
2021-05-19 07:25:51,631 [Listener at 0.0.0.0/38777] WARN  server.ServerUtils (ServerUtils.java:getDBPath(225)) - ozone.om.db.dirs is not configured. We recommend adding this setting. Falling back to ozone.metadata.dirs instead.
2021-05-19 07:25:52,008 [Listener at 0.0.0.0/38777] WARN  server.ServerUtils (ServerUtils.java:getDBPath(225)) - ozone.om.db.dirs is not configured. We recommend adding this setting. Falling back to ozone.metadata.dirs instead.
2021-05-19 07:25:52,014 [Listener at 0.0.0.0/38777] INFO  codec.OmKeyInfoCodec (OmKeyInfoCodec.java:<init>(43)) - OmKeyInfoCodec ignorePipeline = true
2021-05-19 07:25:52,015 [Listener at 0.0.0.0/38777] INFO  codec.RepeatedOmKeyInfoCodec (RepeatedOmKeyInfoCodec.java:<init>(42)) - RepeatedOmKeyInfoCodec ignorePipeline = true
2021-05-19 07:25:52,160 [Listener at 0.0.0.0/38777] INFO  om.OzoneManager (OzoneManager.java:addS3GVolumeToDB(3726)) - Created Volume s3v With Owner jenkins1001 required for S3Gateway operations.
2021-05-19 07:25:52,166 [Listener at 0.0.0.0/38777] WARN  server.ServerUtils (ServerUtils.java:getDefaultRatisDirectory(237)) - Storage directory for Ratis is not configured. It is a good idea to map this to an SSD disk. Falling back to ozone.metadata.dirs
2021-05-19 07:25:52,167 [Listener at 0.0.0.0/38777] WARN  ratis.OzoneManagerRatisServer (OzoneManagerRatisServer.java:getOMRatisSnapshotDirectory(634)) - ozone.om.ratis.snapshot.dir is not configured. Falling back to ozone.metadata.dirs config
2021-05-19 07:25:52,177 [Listener at 0.0.0.0/38777] INFO  metrics.MetricRegistries (MetricRegistriesLoader.java:load(64)) - Loaded MetricRegistries class org.apache.ratis.metrics.impl.MetricRegistriesImpl
2021-05-19 07:25:52,204 [Listener at 0.0.0.0/38777] WARN  server.ServerUtils (ServerUtils.java:getDefaultRatisDirectory(237)) - Storage directory for Ratis is not configured. It is a good idea to map this to an SSD disk. Falling back to ozone.metadata.dirs
2021-05-19 07:25:52,229 [Listener at 0.0.0.0/38777] INFO  ratis.OzoneManagerRatisServer (OzoneManagerRatisServer.java:<init>(288)) - Instantiating OM Ratis server with GroupID: omServiceIdDefault and Raft Peers: localhost:9872
2021-05-19 07:25:52,241 [Listener at 0.0.0.0/38777] INFO  ratis.OzoneManagerStateMachine (OzoneManagerStateMachine.java:loadSnapshotInfoFromDB(520)) - LastAppliedIndex is set from TransactionInfo from OM DB as (t:0, i:~)
2021-05-19 07:25:52,275 [Listener at 0.0.0.0/38777] INFO  server.RaftServer (ConfUtils.java:logGet(44)) - raft.rpc.type = GRPC (default)
2021-05-19 07:25:52,334 [Listener at 0.0.0.0/38777] INFO  grpc.GrpcFactory (GrpcFactory.java:checkPooledByteBufAllocatorUseCacheForAllThreads(48)) - PERFORMANCE WARNING: useCacheForAllThreads is true that may cause Netty to create a lot garbage objects and, as a result, trigger GC.
	It is recommended to disable useCacheForAllThreads by setting -Dorg.apache.ratis.thirdparty.io.netty.allocator.useCacheForAllThreads=false in command line.
2021-05-19 07:25:52,339 [Listener at 0.0.0.0/38777] INFO  grpc.GrpcConfigKeys (ConfUtils.java:logGet(44)) - raft.grpc.admin.port = -1 (default)
2021-05-19 07:25:52,340 [Listener at 0.0.0.0/38777] INFO  grpc.GrpcConfigKeys (ConfUtils.java:logGet(44)) - raft.grpc.server.port = 9872 (custom)
2021-05-19 07:25:52,341 [Listener at 0.0.0.0/38777] INFO  grpc.GrpcConfigKeys (ConfUtils.java:logGet(44)) - raft.grpc.client.port = -1 (default)
2021-05-19 07:25:52,341 [Listener at 0.0.0.0/38777] INFO  grpc.GrpcConfigKeys (ConfUtils.java:logGet(44)) - raft.grpc.server.port = 9872 (custom)
2021-05-19 07:25:52,341 [Listener at 0.0.0.0/38777] INFO  grpc.GrpcConfigKeys (ConfUtils.java:logGet(44)) - raft.grpc.server.port = 9872 (custom)
2021-05-19 07:25:52,342 [Listener at 0.0.0.0/38777] INFO  server.GrpcService (ConfUtils.java:logGet(44)) - raft.grpc.message.size.max = 33554432 (custom)
2021-05-19 07:25:52,344 [Listener at 0.0.0.0/38777] INFO  server.RaftServerConfigKeys (ConfUtils.java:logGet(44)) - raft.server.log.appender.buffer.byte-limit = 33554432 (custom)
2021-05-19 07:25:52,344 [Listener at 0.0.0.0/38777] INFO  server.GrpcService (ConfUtils.java:logGet(44)) - raft.grpc.flow.control.window = 1MB (=1048576) (default)
2021-05-19 07:25:52,345 [Listener at 0.0.0.0/38777] INFO  server.RaftServerConfigKeys (ConfUtils.java:logGet(44)) - raft.server.rpc.request.timeout = 3000ms (default)
2021-05-19 07:25:52,529 [Listener at 0.0.0.0/38777] INFO  impl.DataStreamServerImpl (ConfUtils.java:logGet(44)) - raft.datastream.type = DISABLED (default)
2021-05-19 07:25:52,532 [Listener at 0.0.0.0/38777] INFO  server.RaftServerConfigKeys (ConfUtils.java:logGet(44)) - raft.server.rpc.slowness.timeout = 120s (custom)
2021-05-19 07:25:52,533 [Listener at 0.0.0.0/38777] INFO  server.RaftServerConfigKeys (ConfUtils.java:logGet(44)) - raft.server.leaderelection.leader.step-down.wait-time = 10s (default)
2021-05-19 07:25:52,544 [Listener at 0.0.0.0/38777] INFO  server.RaftServerConfigKeys (ConfUtils.java:logGet(44)) - raft.server.storage.dir = [/github/workspace/mnt/ozone/hadoop-ozone/integration-test/target/test-dir/MiniOzoneClusterImpl-9cb82971-bc04-407e-a27d-eff665a14f0b/ozone-meta/ratis] (custom)
2021-05-19 07:25:52,550 [Listener at 0.0.0.0/38777] INFO  server.RaftServer (RaftServerProxy.java:addNew(95)) - om1: addNew group-C5BA1605619E:[om1|rpc:localhost:9872|priority:0] returns group-C5BA1605619E:java.util.concurrent.CompletableFuture@3c2188b0[Not completed]
2021-05-19 07:25:52,550 [Listener at 0.0.0.0/38777] INFO  om.OzoneManager (OzoneManager.java:initializeRatisServer(1285)) - OzoneManager Ratis server initialized at port 9872
2021-05-19 07:25:52,586 [Listener at 0.0.0.0/38777] INFO  ipc.CallQueueManager (CallQueueManager.java:<init>(85)) - Using callQueue: class java.util.concurrent.LinkedBlockingQueue, queueCapacity: 2000, scheduler: class org.apache.hadoop.ipc.DefaultRpcScheduler, ipcBackoff: false.
2021-05-19 07:25:52,586 [Socket Reader #1 for port 0] INFO  ipc.Server (Server.java:run(1255)) - Starting Socket Reader #1 for port 0
2021-05-19 07:25:52,602 [pool-32-thread-1] INFO  server.RaftServer$Division (RaftServerImpl.java:<init>(180)) - om1: new RaftServerImpl for group-C5BA1605619E:[om1|rpc:localhost:9872|priority:0] with OzoneManagerStateMachine:uninitialized
2021-05-19 07:25:52,604 [pool-32-thread-1] INFO  server.RaftServerConfigKeys (ConfUtils.java:logGet(44)) - raft.server.rpc.timeout.min = 1s (custom)
2021-05-19 07:25:52,605 [pool-32-thread-1] INFO  server.RaftServerConfigKeys (ConfUtils.java:logGet(44)) - raft.server.rpc.timeout.max = 1200ms (custom)
2021-05-19 07:25:52,605 [pool-32-thread-1] INFO  server.RaftServerConfigKeys (ConfUtils.java:logGet(44)) - raft.server.rpc.sleep.time = 25ms (default)
2021-05-19 07:25:52,605 [pool-32-thread-1] INFO  server.RaftServerConfigKeys (ConfUtils.java:logGet(44)) - raft.server.rpc.slowness.timeout = 120s (custom)
2021-05-19 07:25:52,605 [pool-32-thread-1] INFO  server.RaftServerConfigKeys (ConfUtils.java:logGet(44)) - raft.server.leaderelection.leader.step-down.wait-time = 10s (default)
2021-05-19 07:25:52,605 [pool-32-thread-1] INFO  server.RaftServerConfigKeys (ConfUtils.java:logGet(44)) - raft.server.sleep.deviation.threshold = 300ms (default)
2021-05-19 07:25:52,606 [pool-32-thread-1] INFO  server.RaftServerConfigKeys (ConfUtils.java:logGet(44)) - raft.server.log.appender.install.snapshot.enabled = false (custom)
2021-05-19 07:25:52,615 [pool-32-thread-1] INFO  server.RaftServer$Division (ServerState.java:<init>(105)) - om1@group-C5BA1605619E: ConfigurationManager, init=-1: [om1|rpc:localhost:9872|priority:0], old=null, confs=<EMPTY_MAP>
2021-05-19 07:25:52,616 [pool-32-thread-1] INFO  server.RaftServerConfigKeys (ConfUtils.java:logGet(44)) - raft.server.storage.dir = [/github/workspace/mnt/ozone/hadoop-ozone/integration-test/target/test-dir/MiniOzoneClusterImpl-9cb82971-bc04-407e-a27d-eff665a14f0b/ozone-meta/ratis] (custom)
2021-05-19 07:25:52,628 [pool-32-thread-1] INFO  server.RaftServerConfigKeys (ConfUtils.java:logGet(44)) - raft.server.log.corruption.policy = EXCEPTION (default)
2021-05-19 07:25:52,630 [pool-32-thread-1] INFO  storage.RaftStorageDirectory (RaftStorageDirectoryImpl.java:analyzeStorage(132)) - The storage directory /github/workspace/mnt/ozone/hadoop-ozone/integration-test/target/test-dir/MiniOzoneClusterImpl-9cb82971-bc04-407e-a27d-eff665a14f0b/ozone-meta/ratis/bf265839-605b-3f16-9796-c5ba1605619e does not exist. Creating ...
2021-05-19 07:25:52,636 [Listener at 127.0.0.1/46767] INFO  impl.MetricsSystemImpl (MetricsSystemImpl.java:init(158)) - OzoneManager metrics system started (again)
2021-05-19 07:25:52,638 [Listener at 127.0.0.1/46767] INFO  om.OzoneManager (OzoneManager.java:start(1095)) - OzoneManager RPC server is listening at localhost/127.0.0.1:46767
2021-05-19 07:25:52,638 [Listener at 127.0.0.1/46767] INFO  ratis.OzoneManagerRatisServer (OzoneManagerRatisServer.java:start(388)) - Starting OzoneManagerRatisServer om1 at port 9872
2021-05-19 07:25:52,641 [pool-32-thread-1] INFO  storage.RaftStorageDirectory (RaftStorageDirectoryImpl.java:tryLock(215)) - Lock on /github/workspace/mnt/ozone/hadoop-ozone/integration-test/target/test-dir/MiniOzoneClusterImpl-9cb82971-bc04-407e-a27d-eff665a14f0b/ozone-meta/ratis/bf265839-605b-3f16-9796-c5ba1605619e/in_use.lock acquired by nodename 23231@263d9e8109d8
2021-05-19 07:25:52,656 [pool-32-thread-1] INFO  storage.RaftStorage (RaftStorageImpl.java:format(87)) - Storage directory /github/workspace/mnt/ozone/hadoop-ozone/integration-test/target/test-dir/MiniOzoneClusterImpl-9cb82971-bc04-407e-a27d-eff665a14f0b/ozone-meta/ratis/bf265839-605b-3f16-9796-c5ba1605619e has been successfully formatted.
2021-05-19 07:25:52,658 [pool-32-thread-1] INFO  server.RaftServerConfigKeys (ConfUtils.java:logGet(44)) - raft.server.notification.no-leader.timeout = 120s (custom)
2021-05-19 07:25:52,662 [pool-32-thread-1] INFO  server.RaftServerConfigKeys (ConfUtils.java:logGet(44)) - raft.server.log.use.memory = false (default)
2021-05-19 07:25:52,671 [pool-32-thread-1] INFO  server.RaftServerConfigKeys (ConfUtils.java:logGet(44)) - raft.server.log.purge.gap = 1000000 (custom)
2021-05-19 07:25:52,671 [pool-32-thread-1] INFO  server.RaftServerConfigKeys (ConfUtils.java:logGet(44)) - raft.server.log.appender.buffer.byte-limit = 33554432 (custom)
2021-05-19 07:25:52,676 [pool-32-thread-1] INFO  metrics.RatisMetrics (RatisMetrics.java:lambda$create$0(36)) - Creating Metrics Registry : ratis.log_worker.om1@group-C5BA1605619E
2021-05-19 07:25:52,685 [pool-32-thread-1] INFO  server.RaftServerConfigKeys (ConfUtils.java:logGet(44)) - raft.server.log.segment.size.max = 4194304 (custom)
2021-05-19 07:25:52,693 [pool-32-thread-1] INFO  server.RaftServerConfigKeys (ConfUtils.java:logGet(44)) - raft.server.log.segment.cache.num.max = 2 (custom)
2021-05-19 07:25:52,693 [pool-32-thread-1] INFO  server.RaftServerConfigKeys (ConfUtils.java:logGet(44)) - raft.server.log.segment.cache.size.max = 200MB (=209715200) (default)
2021-05-19 07:25:52,699 [pool-32-thread-1] INFO  segmented.SegmentedRaftLogWorker (SegmentedRaftLogWorker.java:<init>(182)) - new om1@group-C5BA1605619E-SegmentedRaftLogWorker for RaftStorageImpl:Storage Directory /github/workspace/mnt/ozone/hadoop-ozone/integration-test/target/test-dir/MiniOzoneClusterImpl-9cb82971-bc04-407e-a27d-eff665a14f0b/ozone-meta/ratis/bf265839-605b-3f16-9796-c5ba1605619e
2021-05-19 07:25:52,700 [pool-32-thread-1] INFO  server.RaftServerConfigKeys (ConfUtils.java:logGet(44)) - raft.server.log.queue.byte-limit = 64MB (=67108864) (default)
2021-05-19 07:25:52,700 [pool-32-thread-1] INFO  server.RaftServerConfigKeys (ConfUtils.java:logGet(44)) - raft.server.log.queue.element-limit = 4096 (default)
2021-05-19 07:25:52,702 [pool-32-thread-1] INFO  server.RaftServerConfigKeys (ConfUtils.java:logGet(44)) - raft.server.log.segment.size.max = 4194304 (custom)
2021-05-19 07:25:52,702 [pool-32-thread-1] INFO  server.RaftServerConfigKeys (ConfUtils.java:logGet(44)) - raft.server.log.preallocated.size = 4194304 (custom)
2021-05-19 07:25:52,704 [pool-32-thread-1] INFO  server.RaftServerConfigKeys (ConfUtils.java:logGet(44)) - raft.server.log.force.sync.num = 128 (default)
2021-05-19 07:25:52,705 [pool-32-thread-1] INFO  server.RaftServerConfigKeys (ConfUtils.java:logGet(44)) - raft.server.log.statemachine.data.sync = true (default)
2021-05-19 07:25:52,706 [pool-32-thread-1] INFO  server.RaftServerConfigKeys (ConfUtils.java:logGet(44)) - raft.server.log.statemachine.data.sync.timeout = 10s (default)
2021-05-19 07:25:52,707 [pool-32-thread-1] INFO  server.RaftServerConfigKeys (ConfUtils.java:logGet(44)) - raft.server.log.statemachine.data.sync.timeout.retry = -1 (default)
2021-05-19 07:25:52,714 [pool-32-thread-1] INFO  server.RaftServerConfigKeys (ConfUtils.java:logGet(44)) - raft.server.log.write.buffer.size = 64KB (=65536) (default)
2021-05-19 07:25:52,715 [pool-32-thread-1] INFO  server.RaftServerConfigKeys (ConfUtils.java:logGet(44)) - raft.server.log.statemachine.data.caching.enabled = false (default)
2021-05-19 07:25:52,725 [pool-32-thread-1] INFO  segmented.SegmentedRaftLogWorker (SegmentedRaftLogWorker.java:lambda$new$0(133)) - om1@group-C5BA1605619E-SegmentedRaftLogWorker: flushIndex: setUnconditionally 0 -> -1
2021-05-19 07:25:52,725 [pool-32-thread-1] INFO  segmented.SegmentedRaftLogWorker (SegmentedRaftLogWorker.java:lambda$new$0(133)) - om1@group-C5BA1605619E-SegmentedRaftLogWorker: safeCacheEvictIndex: setUnconditionally 0 -> -1
2021-05-19 07:25:52,730 [pool-32-thread-1] INFO  server.RaftServerConfigKeys (ConfUtils.java:logGet(44)) - raft.server.snapshot.auto.trigger.enabled = true (custom)
2021-05-19 07:25:52,732 [pool-32-thread-1] INFO  server.RaftServerConfigKeys (ConfUtils.java:logGet(44)) - raft.server.snapshot.auto.trigger.threshold = 400000 (default)
2021-05-19 07:25:52,733 [pool-32-thread-1] INFO  server.RaftServerConfigKeys (ConfUtils.java:logGet(44)) - raft.server.snapshot.retention.file.num = -1 (default)
2021-05-19 07:25:52,734 [pool-32-thread-1] INFO  server.RaftServerConfigKeys (ConfUtils.java:logGet(44)) - raft.server.log.purge.upto.snapshot.index = true (custom)
2021-05-19 07:25:52,735 [pool-32-thread-1] INFO  server.RaftServerConfigKeys (ConfUtils.java:logGet(44)) - raft.server.retrycache.expirytime = 300s (custom)
2021-05-19 07:25:52,735 [pool-32-thread-1] INFO  server.RaftServerConfigKeys (ConfUtils.java:logGet(44)) - raft.server.retrycache.statistics.expirytime = 100?s (default)
2021-05-19 07:25:52,754 [pool-32-thread-1] INFO  metrics.RatisMetrics (RatisMetrics.java:lambda$create$0(36)) - Creating Metrics Registry : ratis.leader_election.om1@group-C5BA1605619E
2021-05-19 07:25:52,758 [pool-32-thread-1] INFO  metrics.RatisMetrics (RatisMetrics.java:lambda$create$0(36)) - Creating Metrics Registry : ratis.server.om1@group-C5BA1605619E
2021-05-19 07:25:52,765 [Listener at 127.0.0.1/46767] INFO  server.RaftServer$Division (RaftServerImpl.java:start(295)) - om1@group-C5BA1605619E: start as a follower, conf=-1: [om1|rpc:localhost:9872|priority:0], old=null
2021-05-19 07:25:52,766 [Listener at 127.0.0.1/46767] INFO  server.RaftServer$Division (RaftServerImpl.java:setRole(284)) - om1@group-C5BA1605619E: changes role from      null to FOLLOWER at term 0 for startAsFollower
2021-05-19 07:25:52,767 [Listener at 127.0.0.1/46767] INFO  impl.RoleInfo (RoleInfo.java:updateAndGet(130)) - om1: start om1@group-C5BA1605619E-FollowerState
2021-05-19 07:25:52,768 [Listener at 127.0.0.1/46767] INFO  util.JmxRegister (JmxRegister.java:tryRegister(44)) - Successfully registered JMX Bean with object name Ratis:service=RaftServer,group=group-C5BA1605619E,id=om1
2021-05-19 07:25:52,769 [Listener at 127.0.0.1/46767] INFO  metrics.RatisMetrics (RatisMetrics.java:lambda$create$0(36)) - Creating Metrics Registry : ratis.state_machine.om1@group-C5BA1605619E
2021-05-19 07:25:52,776 [Listener at 127.0.0.1/46767] INFO  server.RaftServer (RaftServerProxy.java:lambda$start$5(374)) - om1: start RPC server
2021-05-19 07:25:52,820 [Listener at 127.0.0.1/46767] INFO  server.GrpcService (GrpcService.java:startImpl(253)) - om1: GrpcService started, listening on 9872
2021-05-19 07:25:52,824 [org.apache.ratis.util.JvmPauseMonitor$$Lambda$494/301682537@618d2191] INFO  util.JvmPauseMonitor (JvmPauseMonitor.java:run(103)) - JvmPauseMonitor-om1: Started
2021-05-19 07:25:52,835 [Listener at 127.0.0.1/46767] INFO  http.BaseHttpServer (BaseHttpServer.java:newHttpServer2BuilderForOzone(209)) - Starting Web-server for ozoneManager at: http://0.0.0.0:0
2021-05-19 07:25:52,835 [Listener at 127.0.0.1/46767] INFO  http.BaseHttpServer (BaseHttpServer.java:<init>(107)) - Hadoop Security Enabled: false Ozone Security Enabled: false Ozone HTTP Security Enabled: false 
2021-05-19 07:25:52,837 [Listener at 127.0.0.1/46767] INFO  server.AuthenticationFilter (AuthenticationFilter.java:constructSecretProvider(240)) - Unable to initialize FileSignerSecretProvider, falling back to use random secrets.
2021-05-19 07:25:52,844 [Listener at 127.0.0.1/46767] WARN  http.HttpRequestLog (HttpRequestLog.java:getRequestLog(103)) - Jetty request log can only be enabled using Log4j
2021-05-19 07:25:52,845 [Listener at 127.0.0.1/46767] INFO  http.HttpServer2 (HttpServer2.java:addGlobalFilter(1020)) - Added global filter 'safety' (class=org.apache.hadoop.hdds.server.http.HttpServer2$QuotingInputFilter)
2021-05-19 07:25:52,846 [Listener at 127.0.0.1/46767] INFO  http.HttpServer2 (HttpServer2.java:addFilter(996)) - Added filter static_user_filter (class=org.apache.hadoop.http.lib.StaticUserWebFilter$StaticUserFilter) to context ozoneManager
2021-05-19 07:25:52,846 [Listener at 127.0.0.1/46767] INFO  http.HttpServer2 (HttpServer2.java:addFilter(1004)) - Added filter static_user_filter (class=org.apache.hadoop.http.lib.StaticUserWebFilter$StaticUserFilter) to context static
2021-05-19 07:25:52,847 [Listener at 127.0.0.1/46767] INFO  http.HttpServer2 (HttpServer2.java:addFilter(1004)) - Added filter static_user_filter (class=org.apache.hadoop.http.lib.StaticUserWebFilter$StaticUserFilter) to context logs
2021-05-19 07:25:52,848 [Listener at 127.0.0.1/46767] INFO  http.HttpServer2 (HttpServer2.java:bindListener(1238)) - Jetty bound to port 37379
2021-05-19 07:25:52,849 [Listener at 127.0.0.1/46767] INFO  server.Server (Server.java:doStart(375)) - jetty-9.4.35.v20201120; built: 2020-11-20T21:17:03.964Z; git: bdc54f03a5e0a7e280fab27f55c3c75ee8da89fb; jvm 1.8.0_232-b09
2021-05-19 07:25:52,854 [Listener at 127.0.0.1/46767] INFO  server.session (DefaultSessionIdManager.java:doStart(334)) - DefaultSessionIdManager workerName=node0
2021-05-19 07:25:52,854 [Listener at 127.0.0.1/46767] INFO  server.session (DefaultSessionIdManager.java:doStart(339)) - No SessionScavenger set, using defaults
2021-05-19 07:25:52,854 [Listener at 127.0.0.1/46767] INFO  server.session (HouseKeeper.java:startScavenging(132)) - node0 Scavenging every 660000ms
2021-05-19 07:25:52,855 [Listener at 127.0.0.1/46767] INFO  handler.ContextHandler (ContextHandler.java:doStart(916)) - Started o.e.j.s.ServletContextHandler@521e34d4{logs,/logs,file:///github/workspace/mnt/ozone/hadoop-ozone/integration-test/target/log,AVAILABLE}
2021-05-19 07:25:52,855 [Listener at 127.0.0.1/46767] INFO  handler.ContextHandler (ContextHandler.java:doStart(916)) - Started o.e.j.s.ServletContextHandler@2be9add0{static,/static,file:///github/workspace/mnt/ozone/hadoop-ozone/integration-test/target/test-classes/webapps/static,AVAILABLE}
2021-05-19 07:25:52,858 [Listener at 127.0.0.1/46767] INFO  handler.ContextHandler (ContextHandler.java:doStart(916)) - Started o.e.j.w.WebAppContext@6915b614{ozoneManager,/,file:///github/workspace/mnt/ozone/hadoop-ozone/integration-test/target/test-classes/webapps/ozoneManager/,AVAILABLE}{file:/github/workspace/mnt/ozone/hadoop-ozone/integration-test/target/test-classes/webapps/ozoneManager}
2021-05-19 07:25:52,861 [Listener at 127.0.0.1/46767] INFO  server.AbstractConnector (AbstractConnector.java:doStart(331)) - Started ServerConnector@6e157f48{HTTP/1.1, (http/1.1)}{0.0.0.0:37379}
2021-05-19 07:25:52,861 [Listener at 127.0.0.1/46767] INFO  server.Server (Server.java:doStart(415)) - Started @5076ms
2021-05-19 07:25:52,861 [Listener at 127.0.0.1/46767] WARN  impl.MetricsSystemImpl (MetricsSystemImpl.java:register(279)) - Sink prometheus already exists!
2021-05-19 07:25:52,864 [Listener at 127.0.0.1/46767] INFO  http.BaseHttpServer (BaseHttpServer.java:updateConnectorAddress(329)) - HTTP server of ozoneManager listening at http://0.0.0.0:37379
2021-05-19 07:25:52,868 [IPC Server Responder] INFO  ipc.Server (Server.java:run(1497)) - IPC Server Responder: starting
2021-05-19 07:25:52,876 [Listener at 127.0.0.1/46767] INFO  om.OzoneManager (OzoneManager.java:startTrashEmptier(1225)) - Trash Interval set to 0. Files deleted will not move to trash
2021-05-19 07:25:52,914 [org.apache.hadoop.util.JvmPauseMonitor$Monitor@2e8417ea] INFO  util.JvmPauseMonitor (JvmPauseMonitor.java:run(188)) - Starting JVM pause monitor
2021-05-19 07:25:52,921 [IPC Server listener on 0] INFO  ipc.Server (Server.java:run(1334)) - IPC Server listener on 0: starting
2021-05-19 07:25:53,068 [Listener at 127.0.0.1/46767] INFO  impl.MetricsSystemImpl (MetricsSystemImpl.java:init(158)) - HddsDatanode metrics system started (again)
2021-05-19 07:25:53,072 [Listener at 127.0.0.1/46767] INFO  ozone.HddsDatanodeService (HddsDatanodeService.java:start(220)) - HddsDatanodeService host:263d9e8109d8 ip:172.17.0.2
2021-05-19 07:25:53,154 [Listener at 127.0.0.1/46767] INFO  volume.HddsVolume (HddsVolume.java:<init>(184)) - Creating Volume: /github/workspace/mnt/ozone/hadoop-ozone/integration-test/target/test-dir/MiniOzoneClusterImpl-9cb82971-bc04-407e-a27d-eff665a14f0b/datanode-0/data-0/containers/hdds of storage type : DISK and capacity : 9223372036854775807
2021-05-19 07:25:53,156 [Listener at 127.0.0.1/46767] INFO  volume.MutableVolumeSet (MutableVolumeSet.java:initializeVolumeSet(195)) - Added Volume : /github/workspace/mnt/ozone/hadoop-ozone/integration-test/target/test-dir/MiniOzoneClusterImpl-9cb82971-bc04-407e-a27d-eff665a14f0b/datanode-0/data-0/containers/hdds to VolumeSet
2021-05-19 07:25:53,157 [Listener at 127.0.0.1/46767] INFO  volume.ThrottledAsyncChecker (ThrottledAsyncChecker.java:schedule(141)) - Scheduling a check for /github/workspace/mnt/ozone/hadoop-ozone/integration-test/target/test-dir/MiniOzoneClusterImpl-9cb82971-bc04-407e-a27d-eff665a14f0b/datanode-0/data-0/containers/hdds
2021-05-19 07:25:53,178 [Listener at 127.0.0.1/46767] INFO  volume.HddsVolumeChecker (HddsVolumeChecker.java:checkAllVolumes(200)) - Scheduled health check for volume /github/workspace/mnt/ozone/hadoop-ozone/integration-test/target/test-dir/MiniOzoneClusterImpl-9cb82971-bc04-407e-a27d-eff665a14f0b/datanode-0/data-0/containers/hdds
2021-05-19 07:25:53,199 [Listener at 127.0.0.1/46767] INFO  ozoneimpl.ContainerReader (ContainerReader.java:<init>(98)) - Running in upgrade mode:true
2021-05-19 07:25:53,200 [Thread-127] INFO  ozoneimpl.ContainerReader (ContainerReader.java:readVolume(142)) - Start to verify containers on volume /github/workspace/mnt/ozone/hadoop-ozone/integration-test/target/test-dir/MiniOzoneClusterImpl-9cb82971-bc04-407e-a27d-eff665a14f0b/datanode-0/data-0/containers/hdds
2021-05-19 07:25:53,201 [Thread-127] INFO  ozoneimpl.ContainerReader (ContainerReader.java:readVolume(174)) - Finish verifying containers on volume /github/workspace/mnt/ozone/hadoop-ozone/integration-test/target/test-dir/MiniOzoneClusterImpl-9cb82971-bc04-407e-a27d-eff665a14f0b/datanode-0/data-0/containers/hdds
2021-05-19 07:25:53,201 [Listener at 127.0.0.1/46767] INFO  ozoneimpl.OzoneContainer (OzoneContainer.java:buildContainerSet(224)) - Build ContainerSet costs 0s
2021-05-19 07:25:53,264 [Listener at 127.0.0.1/46767] INFO  server.RaftServer (ConfUtils.java:logGet(44)) - raft.rpc.type = GRPC (default)
2021-05-19 07:25:53,264 [Listener at 127.0.0.1/46767] INFO  grpc.GrpcFactory (GrpcFactory.java:checkPooledByteBufAllocatorUseCacheForAllThreads(48)) - PERFORMANCE WARNING: useCacheForAllThreads is true that may cause Netty to create a lot garbage objects and, as a result, trigger GC.
	It is recommended to disable useCacheForAllThreads by setting -Dorg.apache.ratis.thirdparty.io.netty.allocator.useCacheForAllThreads=false in command line.
2021-05-19 07:25:53,264 [Listener at 127.0.0.1/46767] INFO  grpc.GrpcConfigKeys (ConfUtils.java:logGet(44)) - raft.grpc.admin.port = 0 (custom)
2021-05-19 07:25:53,265 [Listener at 127.0.0.1/46767] INFO  grpc.GrpcConfigKeys (ConfUtils.java:logGet(44)) - raft.grpc.client.port = 0 (custom)
2021-05-19 07:25:53,265 [Listener at 127.0.0.1/46767] INFO  grpc.GrpcConfigKeys (ConfUtils.java:logGet(44)) - raft.grpc.server.port = 0 (default)
2021-05-19 07:25:53,265 [Listener at 127.0.0.1/46767] INFO  server.GrpcService (ConfUtils.java:logGet(44)) - raft.grpc.message.size.max = 32MB (=33554432) (custom)
2021-05-19 07:25:53,265 [Listener at 127.0.0.1/46767] INFO  server.RaftServerConfigKeys (ConfUtils.java:logGet(44)) - raft.server.log.appender.buffer.byte-limit = 33554432 (custom)
2021-05-19 07:25:53,265 [Listener at 127.0.0.1/46767] INFO  server.GrpcService (ConfUtils.java:logGet(44)) - raft.grpc.flow.control.window = 5MB (=5242880) (custom)
2021-05-19 07:25:53,266 [Listener at 127.0.0.1/46767] INFO  server.RaftServerConfigKeys (ConfUtils.java:logGet(44)) - raft.server.rpc.request.timeout = 3000ms (default)
2021-05-19 07:25:53,267 [Listener at 127.0.0.1/46767] INFO  impl.DataStreamServerImpl (ConfUtils.java:logGet(44)) - raft.datastream.type = DISABLED (default)
2021-05-19 07:25:53,267 [Listener at 127.0.0.1/46767] INFO  server.RaftServerConfigKeys (ConfUtils.java:logGet(44)) - raft.server.rpc.slowness.timeout = 1000000ms (custom)
2021-05-19 07:25:53,267 [Listener at 127.0.0.1/46767] INFO  server.RaftServerConfigKeys (ConfUtils.java:logGet(44)) - raft.server.leaderelection.leader.step-down.wait-time = 10s (default)
2021-05-19 07:25:53,267 [Listener at 127.0.0.1/46767] INFO  server.RaftServerConfigKeys (ConfUtils.java:logGet(44)) - raft.server.storage.dir = [/github/workspace/mnt/ozone/hadoop-ozone/integration-test/target/test-dir/MiniOzoneClusterImpl-9cb82971-bc04-407e-a27d-eff665a14f0b/datanode-0/data/ratis] (custom)
2021-05-19 07:25:53,325 [Listener at 127.0.0.1/46767] INFO  http.BaseHttpServer (BaseHttpServer.java:newHttpServer2BuilderForOzone(209)) - Starting Web-server for hddsDatanode at: http://0.0.0.0:0
2021-05-19 07:25:53,325 [Listener at 127.0.0.1/46767] INFO  http.BaseHttpServer (BaseHttpServer.java:<init>(107)) - Hadoop Security Enabled: false Ozone Security Enabled: false Ozone HTTP Security Enabled: false 
2021-05-19 07:25:53,327 [Listener at 127.0.0.1/46767] INFO  server.AuthenticationFilter (AuthenticationFilter.java:constructSecretProvider(240)) - Unable to initialize FileSignerSecretProvider, falling back to use random secrets.
2021-05-19 07:25:53,328 [Listener at 127.0.0.1/46767] WARN  http.HttpRequestLog (HttpRequestLog.java:getRequestLog(103)) - Jetty request log can only be enabled using Log4j
2021-05-19 07:25:53,329 [Listener at 127.0.0.1/46767] INFO  http.HttpServer2 (HttpServer2.java:addGlobalFilter(1020)) - Added global filter 'safety' (class=org.apache.hadoop.hdds.server.http.HttpServer2$QuotingInputFilter)
2021-05-19 07:25:53,330 [Listener at 127.0.0.1/46767] INFO  http.HttpServer2 (HttpServer2.java:addFilter(996)) - Added filter static_user_filter (class=org.apache.hadoop.http.lib.StaticUserWebFilter$StaticUserFilter) to context hddsDatanode
2021-05-19 07:25:53,330 [Listener at 127.0.0.1/46767] INFO  http.HttpServer2 (HttpServer2.java:addFilter(1004)) - Added filter static_user_filter (class=org.apache.hadoop.http.lib.StaticUserWebFilter$StaticUserFilter) to context logs
2021-05-19 07:25:53,330 [Listener at 127.0.0.1/46767] INFO  http.HttpServer2 (HttpServer2.java:addFilter(1004)) - Added filter static_user_filter (class=org.apache.hadoop.http.lib.StaticUserWebFilter$StaticUserFilter) to context static
2021-05-19 07:25:53,331 [Listener at 127.0.0.1/46767] INFO  http.HttpServer2 (HttpServer2.java:bindListener(1238)) - Jetty bound to port 45981
2021-05-19 07:25:53,331 [Listener at 127.0.0.1/46767] INFO  server.Server (Server.java:doStart(375)) - jetty-9.4.35.v20201120; built: 2020-11-20T21:17:03.964Z; git: bdc54f03a5e0a7e280fab27f55c3c75ee8da89fb; jvm 1.8.0_232-b09
2021-05-19 07:25:53,333 [Listener at 127.0.0.1/46767] INFO  server.session (DefaultSessionIdManager.java:doStart(334)) - DefaultSessionIdManager workerName=node0
2021-05-19 07:25:53,333 [Listener at 127.0.0.1/46767] INFO  server.session (DefaultSessionIdManager.java:doStart(339)) - No SessionScavenger set, using defaults
2021-05-19 07:25:53,333 [Listener at 127.0.0.1/46767] INFO  server.session (HouseKeeper.java:startScavenging(132)) - node0 Scavenging every 600000ms
2021-05-19 07:25:53,337 [Listener at 127.0.0.1/46767] INFO  handler.ContextHandler (ContextHandler.java:doStart(916)) - Started o.e.j.s.ServletContextHandler@21845b36{logs,/logs,file:///github/workspace/mnt/ozone/hadoop-ozone/integration-test/target/log,AVAILABLE}
2021-05-19 07:25:53,338 [Listener at 127.0.0.1/46767] INFO  handler.ContextHandler (ContextHandler.java:doStart(916)) - Started o.e.j.s.ServletContextHandler@749330a8{static,/static,jar:file:/home/user/.m2/repository/org/apache/hadoop/hadoop-hdds-container-service/1.2.0-SNAPSHOT/hadoop-hdds-container-service-1.2.0-SNAPSHOT.jar!/webapps/static,AVAILABLE}
2021-05-19 07:25:53,520 [Listener at 127.0.0.1/46767] INFO  handler.ContextHandler (ContextHandler.java:doStart(916)) - Started o.e.j.w.WebAppContext@b6c290a{hddsDatanode,/,file:///tmp/jetty-0_0_0_0-45981-hadoop-hdds-container-service-1_2_0-SNAPSHOT_jar-_-any-6946604392882771576/webapp/,AVAILABLE}{jar:file:/home/user/.m2/repository/org/apache/hadoop/hadoop-hdds-container-service/1.2.0-SNAPSHOT/hadoop-hdds-container-service-1.2.0-SNAPSHOT.jar!/webapps/hddsDatanode}
2021-05-19 07:25:53,522 [Listener at 127.0.0.1/46767] INFO  server.AbstractConnector (AbstractConnector.java:doStart(331)) - Started ServerConnector@56c72fff{HTTP/1.1, (http/1.1)}{0.0.0.0:45981}
2021-05-19 07:25:53,522 [Listener at 127.0.0.1/46767] INFO  server.Server (Server.java:doStart(415)) - Started @5738ms
2021-05-19 07:25:53,523 [Listener at 127.0.0.1/46767] WARN  impl.MetricsSystemImpl (MetricsSystemImpl.java:register(279)) - Sink prometheus already exists!
2021-05-19 07:25:53,526 [Listener at 127.0.0.1/46767] INFO  http.BaseHttpServer (BaseHttpServer.java:updateConnectorAddress(329)) - HTTP server of hddsDatanode listening at http://0.0.0.0:45981
2021-05-19 07:25:53,528 [Listener at 127.0.0.1/46767] INFO  impl.MetricsSystemImpl (MetricsSystemImpl.java:init(158)) - HddsDatanode metrics system started (again)
2021-05-19 07:25:53,529 [Listener at 127.0.0.1/46767] INFO  ozone.HddsDatanodeService (HddsDatanodeService.java:start(220)) - HddsDatanodeService host:263d9e8109d8 ip:172.17.0.2
2021-05-19 07:25:53,557 [org.apache.hadoop.util.JvmPauseMonitor$Monitor@553e33fa] INFO  util.JvmPauseMonitor (JvmPauseMonitor.java:run(188)) - Starting JVM pause monitor
2021-05-19 07:25:53,577 [Listener at 127.0.0.1/46767] INFO  volume.HddsVolume (HddsVolume.java:<init>(184)) - Creating Volume: /github/workspace/mnt/ozone/hadoop-ozone/integration-test/target/test-dir/MiniOzoneClusterImpl-9cb82971-bc04-407e-a27d-eff665a14f0b/datanode-1/data-0/containers/hdds of storage type : DISK and capacity : 9223372036854775807
2021-05-19 07:25:53,577 [Listener at 127.0.0.1/46767] INFO  volume.MutableVolumeSet (MutableVolumeSet.java:initializeVolumeSet(195)) - Added Volume : /github/workspace/mnt/ozone/hadoop-ozone/integration-test/target/test-dir/MiniOzoneClusterImpl-9cb82971-bc04-407e-a27d-eff665a14f0b/datanode-1/data-0/containers/hdds to VolumeSet
2021-05-19 07:25:53,577 [Listener at 127.0.0.1/46767] INFO  volume.ThrottledAsyncChecker (ThrottledAsyncChecker.java:schedule(141)) - Scheduling a check for /github/workspace/mnt/ozone/hadoop-ozone/integration-test/target/test-dir/MiniOzoneClusterImpl-9cb82971-bc04-407e-a27d-eff665a14f0b/datanode-1/data-0/containers/hdds
2021-05-19 07:25:53,588 [Listener at 127.0.0.1/46767] INFO  volume.HddsVolumeChecker (HddsVolumeChecker.java:checkAllVolumes(200)) - Scheduled health check for volume /github/workspace/mnt/ozone/hadoop-ozone/integration-test/target/test-dir/MiniOzoneClusterImpl-9cb82971-bc04-407e-a27d-eff665a14f0b/datanode-1/data-0/containers/hdds
2021-05-19 07:25:53,611 [Listener at 127.0.0.1/46767] INFO  ozoneimpl.ContainerReader (ContainerReader.java:<init>(98)) - Running in upgrade mode:true
2021-05-19 07:25:53,628 [Thread-138] INFO  ozoneimpl.ContainerReader (ContainerReader.java:readVolume(142)) - Start to verify containers on volume /github/workspace/mnt/ozone/hadoop-ozone/integration-test/target/test-dir/MiniOzoneClusterImpl-9cb82971-bc04-407e-a27d-eff665a14f0b/datanode-1/data-0/containers/hdds
2021-05-19 07:25:53,629 [Thread-138] INFO  ozoneimpl.ContainerReader (ContainerReader.java:readVolume(174)) - Finish verifying containers on volume /github/workspace/mnt/ozone/hadoop-ozone/integration-test/target/test-dir/MiniOzoneClusterImpl-9cb82971-bc04-407e-a27d-eff665a14f0b/datanode-1/data-0/containers/hdds
2021-05-19 07:25:53,630 [Listener at 127.0.0.1/46767] INFO  ozoneimpl.OzoneContainer (OzoneContainer.java:buildContainerSet(224)) - Build ContainerSet costs 0s
2021-05-19 07:25:53,634 [Listener at 127.0.0.1/46767] INFO  server.RaftServer (ConfUtils.java:logGet(44)) - raft.rpc.type = GRPC (default)
2021-05-19 07:25:53,634 [Listener at 127.0.0.1/46767] INFO  grpc.GrpcFactory (GrpcFactory.java:checkPooledByteBufAllocatorUseCacheForAllThreads(48)) - PERFORMANCE WARNING: useCacheForAllThreads is true that may cause Netty to create a lot garbage objects and, as a result, trigger GC.
	It is recommended to disable useCacheForAllThreads by setting -Dorg.apache.ratis.thirdparty.io.netty.allocator.useCacheForAllThreads=false in command line.
2021-05-19 07:25:53,634 [Listener at 127.0.0.1/46767] INFO  grpc.GrpcConfigKeys (ConfUtils.java:logGet(44)) - raft.grpc.admin.port = 0 (custom)
2021-05-19 07:25:53,635 [Listener at 127.0.0.1/46767] INFO  grpc.GrpcConfigKeys (ConfUtils.java:logGet(44)) - raft.grpc.client.port = 0 (custom)
2021-05-19 07:25:53,635 [Listener at 127.0.0.1/46767] INFO  grpc.GrpcConfigKeys (ConfUtils.java:logGet(44)) - raft.grpc.server.port = 0 (default)
2021-05-19 07:25:53,635 [Listener at 127.0.0.1/46767] INFO  server.GrpcService (ConfUtils.java:logGet(44)) - raft.grpc.message.size.max = 32MB (=33554432) (custom)
2021-05-19 07:25:53,635 [Listener at 127.0.0.1/46767] INFO  server.RaftServerConfigKeys (ConfUtils.java:logGet(44)) - raft.server.log.appender.buffer.byte-limit = 33554432 (custom)
2021-05-19 07:25:53,635 [Listener at 127.0.0.1/46767] INFO  server.GrpcService (ConfUtils.java:logGet(44)) - raft.grpc.flow.control.window = 5MB (=5242880) (custom)
2021-05-19 07:25:53,635 [Listener at 127.0.0.1/46767] INFO  server.RaftServerConfigKeys (ConfUtils.java:logGet(44)) - raft.server.rpc.request.timeout = 3000ms (default)
2021-05-19 07:25:53,642 [Listener at 127.0.0.1/46767] INFO  impl.DataStreamServerImpl (ConfUtils.java:logGet(44)) - raft.datastream.type = DISABLED (default)
2021-05-19 07:25:53,643 [Listener at 127.0.0.1/46767] INFO  server.RaftServerConfigKeys (ConfUtils.java:logGet(44)) - raft.server.rpc.slowness.timeout = 1000000ms (custom)
2021-05-19 07:25:53,643 [Listener at 127.0.0.1/46767] INFO  server.RaftServerConfigKeys (ConfUtils.java:logGet(44)) - raft.server.leaderelection.leader.step-down.wait-time = 10s (default)
2021-05-19 07:25:53,644 [Listener at 127.0.0.1/46767] INFO  server.RaftServerConfigKeys (ConfUtils.java:logGet(44)) - raft.server.storage.dir = [/github/workspace/mnt/ozone/hadoop-ozone/integration-test/target/test-dir/MiniOzoneClusterImpl-9cb82971-bc04-407e-a27d-eff665a14f0b/datanode-1/data/ratis] (custom)
2021-05-19 07:25:53,650 [Listener at 127.0.0.1/46767] INFO  http.BaseHttpServer (BaseHttpServer.java:newHttpServer2BuilderForOzone(209)) - Starting Web-server for hddsDatanode at: http://0.0.0.0:0
2021-05-19 07:25:53,650 [Listener at 127.0.0.1/46767] INFO  http.BaseHttpServer (BaseHttpServer.java:<init>(107)) - Hadoop Security Enabled: false Ozone Security Enabled: false Ozone HTTP Security Enabled: false 
2021-05-19 07:25:53,651 [Listener at 127.0.0.1/46767] INFO  server.AuthenticationFilter (AuthenticationFilter.java:constructSecretProvider(240)) - Unable to initialize FileSignerSecretProvider, falling back to use random secrets.
2021-05-19 07:25:53,658 [Listener at 127.0.0.1/46767] WARN  http.HttpRequestLog (HttpRequestLog.java:getRequestLog(103)) - Jetty request log can only be enabled using Log4j
2021-05-19 07:25:53,658 [Listener at 127.0.0.1/46767] INFO  http.HttpServer2 (HttpServer2.java:addGlobalFilter(1020)) - Added global filter 'safety' (class=org.apache.hadoop.hdds.server.http.HttpServer2$QuotingInputFilter)
2021-05-19 07:25:53,659 [Listener at 127.0.0.1/46767] INFO  http.HttpServer2 (HttpServer2.java:addFilter(996)) - Added filter static_user_filter (class=org.apache.hadoop.http.lib.StaticUserWebFilter$StaticUserFilter) to context hddsDatanode
2021-05-19 07:25:53,660 [Listener at 127.0.0.1/46767] INFO  http.HttpServer2 (HttpServer2.java:addFilter(1004)) - Added filter static_user_filter (class=org.apache.hadoop.http.lib.StaticUserWebFilter$StaticUserFilter) to context logs
2021-05-19 07:25:53,660 [Listener at 127.0.0.1/46767] INFO  http.HttpServer2 (HttpServer2.java:addFilter(1004)) - Added filter static_user_filter (class=org.apache.hadoop.http.lib.StaticUserWebFilter$StaticUserFilter) to context static
2021-05-19 07:25:53,660 [Listener at 127.0.0.1/46767] INFO  http.HttpServer2 (HttpServer2.java:bindListener(1238)) - Jetty bound to port 46127
2021-05-19 07:25:53,660 [Listener at 127.0.0.1/46767] INFO  server.Server (Server.java:doStart(375)) - jetty-9.4.35.v20201120; built: 2020-11-20T21:17:03.964Z; git: bdc54f03a5e0a7e280fab27f55c3c75ee8da89fb; jvm 1.8.0_232-b09
2021-05-19 07:25:53,664 [Listener at 127.0.0.1/46767] INFO  server.session (DefaultSessionIdManager.java:doStart(334)) - DefaultSessionIdManager workerName=node0
2021-05-19 07:25:53,664 [Listener at 127.0.0.1/46767] INFO  server.session (DefaultSessionIdManager.java:doStart(339)) - No SessionScavenger set, using defaults
2021-05-19 07:25:53,665 [Listener at 127.0.0.1/46767] INFO  server.session (HouseKeeper.java:startScavenging(132)) - node0 Scavenging every 660000ms
2021-05-19 07:25:53,666 [Listener at 127.0.0.1/46767] INFO  handler.ContextHandler (ContextHandler.java:doStart(916)) - Started o.e.j.s.ServletContextHandler@62a30701{logs,/logs,file:///github/workspace/mnt/ozone/hadoop-ozone/integration-test/target/log,AVAILABLE}
2021-05-19 07:25:53,666 [Listener at 127.0.0.1/46767] INFO  handler.ContextHandler (ContextHandler.java:doStart(916)) - Started o.e.j.s.ServletContextHandler@14a204f{static,/static,jar:file:/home/user/.m2/repository/org/apache/hadoop/hadoop-hdds-container-service/1.2.0-SNAPSHOT/hadoop-hdds-container-service-1.2.0-SNAPSHOT.jar!/webapps/static,AVAILABLE}
2021-05-19 07:25:53,704 [Datanode State Machine Task Thread - 0] INFO  datanode.InitDatanodeState (InitDatanodeState.java:persistContainerDatanodeDetails(145)) - DatanodeDetails is persisted to /github/workspace/mnt/ozone/hadoop-ozone/integration-test/target/test-dir/MiniOzoneClusterImpl-9cb82971-bc04-407e-a27d-eff665a14f0b/datanode-0/meta/datanode.id
2021-05-19 07:25:53,848 [Listener at 127.0.0.1/46767] INFO  handler.ContextHandler (ContextHandler.java:doStart(916)) - Started o.e.j.w.WebAppContext@5b83545d{hddsDatanode,/,file:///tmp/jetty-0_0_0_0-46127-hadoop-hdds-container-service-1_2_0-SNAPSHOT_jar-_-any-4851217182025546240/webapp/,AVAILABLE}{jar:file:/home/user/.m2/repository/org/apache/hadoop/hadoop-hdds-container-service/1.2.0-SNAPSHOT/hadoop-hdds-container-service-1.2.0-SNAPSHOT.jar!/webapps/hddsDatanode}
2021-05-19 07:25:53,851 [Listener at 127.0.0.1/46767] INFO  server.AbstractConnector (AbstractConnector.java:doStart(331)) - Started ServerConnector@52c22bc5{HTTP/1.1, (http/1.1)}{0.0.0.0:46127}
2021-05-19 07:25:53,852 [Listener at 127.0.0.1/46767] INFO  server.Server (Server.java:doStart(415)) - Started @6067ms
2021-05-19 07:25:53,852 [Listener at 127.0.0.1/46767] WARN  impl.MetricsSystemImpl (MetricsSystemImpl.java:register(279)) - Sink prometheus already exists!
2021-05-19 07:25:53,855 [Listener at 127.0.0.1/46767] INFO  http.BaseHttpServer (BaseHttpServer.java:updateConnectorAddress(329)) - HTTP server of hddsDatanode listening at http://0.0.0.0:46127
2021-05-19 07:25:53,856 [Listener at 127.0.0.1/46767] INFO  impl.MetricsSystemImpl (MetricsSystemImpl.java:init(158)) - HddsDatanode metrics system started (again)
2021-05-19 07:25:53,857 [Listener at 127.0.0.1/46767] INFO  ozone.HddsDatanodeService (HddsDatanodeService.java:start(220)) - HddsDatanodeService host:263d9e8109d8 ip:172.17.0.2
2021-05-19 07:25:53,868 [org.apache.hadoop.util.JvmPauseMonitor$Monitor@6e0d424] INFO  util.JvmPauseMonitor (JvmPauseMonitor.java:run(188)) - Starting JVM pause monitor
2021-05-19 07:25:53,875 [Datanode State Machine Task Thread - 0] INFO  datanode.InitDatanodeState (InitDatanodeState.java:persistContainerDatanodeDetails(145)) - DatanodeDetails is persisted to /github/workspace/mnt/ozone/hadoop-ozone/integration-test/target/test-dir/MiniOzoneClusterImpl-9cb82971-bc04-407e-a27d-eff665a14f0b/datanode-1/meta/datanode.id
2021-05-19 07:25:53,885 [Listener at 127.0.0.1/46767] INFO  volume.HddsVolume (HddsVolume.java:<init>(184)) - Creating Volume: /github/workspace/mnt/ozone/hadoop-ozone/integration-test/target/test-dir/MiniOzoneClusterImpl-9cb82971-bc04-407e-a27d-eff665a14f0b/datanode-2/data-0/containers/hdds of storage type : DISK and capacity : 9223372036854775807
2021-05-19 07:25:53,885 [Listener at 127.0.0.1/46767] INFO  volume.MutableVolumeSet (MutableVolumeSet.java:initializeVolumeSet(195)) - Added Volume : /github/workspace/mnt/ozone/hadoop-ozone/integration-test/target/test-dir/MiniOzoneClusterImpl-9cb82971-bc04-407e-a27d-eff665a14f0b/datanode-2/data-0/containers/hdds to VolumeSet
2021-05-19 07:25:53,886 [Listener at 127.0.0.1/46767] INFO  volume.ThrottledAsyncChecker (ThrottledAsyncChecker.java:schedule(141)) - Scheduling a check for /github/workspace/mnt/ozone/hadoop-ozone/integration-test/target/test-dir/MiniOzoneClusterImpl-9cb82971-bc04-407e-a27d-eff665a14f0b/datanode-2/data-0/containers/hdds
2021-05-19 07:25:53,888 [Listener at 127.0.0.1/46767] INFO  volume.HddsVolumeChecker (HddsVolumeChecker.java:checkAllVolumes(200)) - Scheduled health check for volume /github/workspace/mnt/ozone/hadoop-ozone/integration-test/target/test-dir/MiniOzoneClusterImpl-9cb82971-bc04-407e-a27d-eff665a14f0b/datanode-2/data-0/containers/hdds
2021-05-19 07:25:53,905 [Listener at 127.0.0.1/46767] INFO  ozoneimpl.ContainerReader (ContainerReader.java:<init>(98)) - Running in upgrade mode:true
2021-05-19 07:25:53,906 [Thread-149] INFO  ozoneimpl.ContainerReader (ContainerReader.java:readVolume(142)) - Start to verify containers on volume /github/workspace/mnt/ozone/hadoop-ozone/integration-test/target/test-dir/MiniOzoneClusterImpl-9cb82971-bc04-407e-a27d-eff665a14f0b/datanode-2/data-0/containers/hdds
2021-05-19 07:25:53,906 [Thread-149] INFO  ozoneimpl.ContainerReader (ContainerReader.java:readVolume(174)) - Finish verifying containers on volume /github/workspace/mnt/ozone/hadoop-ozone/integration-test/target/test-dir/MiniOzoneClusterImpl-9cb82971-bc04-407e-a27d-eff665a14f0b/datanode-2/data-0/containers/hdds
2021-05-19 07:25:53,906 [Listener at 127.0.0.1/46767] INFO  ozoneimpl.OzoneContainer (OzoneContainer.java:buildContainerSet(224)) - Build ContainerSet costs 0s
2021-05-19 07:25:53,910 [Listener at 127.0.0.1/46767] INFO  server.RaftServer (ConfUtils.java:logGet(44)) - raft.rpc.type = GRPC (default)
2021-05-19 07:25:53,912 [Listener at 127.0.0.1/46767] INFO  grpc.GrpcFactory (GrpcFactory.java:checkPooledByteBufAllocatorUseCacheForAllThreads(48)) - PERFORMANCE WARNING: useCacheForAllThreads is true that may cause Netty to create a lot garbage objects and, as a result, trigger GC.
	It is recommended to disable useCacheForAllThreads by setting -Dorg.apache.ratis.thirdparty.io.netty.allocator.useCacheForAllThreads=false in command line.
2021-05-19 07:25:53,912 [Listener at 127.0.0.1/46767] INFO  grpc.GrpcConfigKeys (ConfUtils.java:logGet(44)) - raft.grpc.admin.port = 0 (custom)
2021-05-19 07:25:53,912 [Listener at 127.0.0.1/46767] INFO  grpc.GrpcConfigKeys (ConfUtils.java:logGet(44)) - raft.grpc.client.port = 0 (custom)
2021-05-19 07:25:53,913 [Listener at 127.0.0.1/46767] INFO  grpc.GrpcConfigKeys (ConfUtils.java:logGet(44)) - raft.grpc.server.port = 0 (default)
2021-05-19 07:25:53,913 [Listener at 127.0.0.1/46767] INFO  server.GrpcService (ConfUtils.java:logGet(44)) - raft.grpc.message.size.max = 32MB (=33554432) (custom)
2021-05-19 07:25:53,913 [Listener at 127.0.0.1/46767] INFO  server.RaftServerConfigKeys (ConfUtils.java:logGet(44)) - raft.server.log.appender.buffer.byte-limit = 33554432 (custom)
2021-05-19 07:25:53,913 [Listener at 127.0.0.1/46767] INFO  server.GrpcService (ConfUtils.java:logGet(44)) - raft.grpc.flow.control.window = 5MB (=5242880) (custom)
2021-05-19 07:25:53,914 [Listener at 127.0.0.1/46767] INFO  server.RaftServerConfigKeys (ConfUtils.java:logGet(44)) - raft.server.rpc.request.timeout = 3000ms (default)
2021-05-19 07:25:53,915 [Listener at 127.0.0.1/46767] INFO  impl.DataStreamServerImpl (ConfUtils.java:logGet(44)) - raft.datastream.type = DISABLED (default)
2021-05-19 07:25:53,916 [Listener at 127.0.0.1/46767] INFO  server.RaftServerConfigKeys (ConfUtils.java:logGet(44)) - raft.server.rpc.slowness.timeout = 1000000ms (custom)
2021-05-19 07:25:53,916 [Listener at 127.0.0.1/46767] INFO  server.RaftServerConfigKeys (ConfUtils.java:logGet(44)) - raft.server.leaderelection.leader.step-down.wait-time = 10s (default)
2021-05-19 07:25:53,916 [Listener at 127.0.0.1/46767] INFO  server.RaftServerConfigKeys (ConfUtils.java:logGet(44)) - raft.server.storage.dir = [/github/workspace/mnt/ozone/hadoop-ozone/integration-test/target/test-dir/MiniOzoneClusterImpl-9cb82971-bc04-407e-a27d-eff665a14f0b/datanode-2/data/ratis] (custom)
2021-05-19 07:25:53,924 [Listener at 127.0.0.1/46767] INFO  http.BaseHttpServer (BaseHttpServer.java:newHttpServer2BuilderForOzone(209)) - Starting Web-server for hddsDatanode at: http://0.0.0.0:0
2021-05-19 07:25:53,924 [Listener at 127.0.0.1/46767] INFO  http.BaseHttpServer (BaseHttpServer.java:<init>(107)) - Hadoop Security Enabled: false Ozone Security Enabled: false Ozone HTTP Security Enabled: false 
2021-05-19 07:25:53,926 [Listener at 127.0.0.1/46767] INFO  server.AuthenticationFilter (AuthenticationFilter.java:constructSecretProvider(240)) - Unable to initialize FileSignerSecretProvider, falling back to use random secrets.
2021-05-19 07:25:53,928 [Listener at 127.0.0.1/46767] WARN  http.HttpRequestLog (HttpRequestLog.java:getRequestLog(103)) - Jetty request log can only be enabled using Log4j
2021-05-19 07:25:53,929 [Listener at 127.0.0.1/46767] INFO  http.HttpServer2 (HttpServer2.java:addGlobalFilter(1020)) - Added global filter 'safety' (class=org.apache.hadoop.hdds.server.http.HttpServer2$QuotingInputFilter)
2021-05-19 07:25:53,931 [Listener at 127.0.0.1/46767] INFO  http.HttpServer2 (HttpServer2.java:addFilter(996)) - Added filter static_user_filter (class=org.apache.hadoop.http.lib.StaticUserWebFilter$StaticUserFilter) to context hddsDatanode
2021-05-19 07:25:53,931 [Listener at 127.0.0.1/46767] INFO  http.HttpServer2 (HttpServer2.java:addFilter(1004)) - Added filter static_user_filter (class=org.apache.hadoop.http.lib.StaticUserWebFilter$StaticUserFilter) to context static
2021-05-19 07:25:53,931 [Listener at 127.0.0.1/46767] INFO  http.HttpServer2 (HttpServer2.java:addFilter(1004)) - Added filter static_user_filter (class=org.apache.hadoop.http.lib.StaticUserWebFilter$StaticUserFilter) to context logs
2021-05-19 07:25:53,932 [Listener at 127.0.0.1/46767] INFO  http.HttpServer2 (HttpServer2.java:bindListener(1238)) - Jetty bound to port 35737
2021-05-19 07:25:53,932 [Listener at 127.0.0.1/46767] INFO  server.Server (Server.java:doStart(375)) - jetty-9.4.35.v20201120; built: 2020-11-20T21:17:03.964Z; git: bdc54f03a5e0a7e280fab27f55c3c75ee8da89fb; jvm 1.8.0_232-b09
2021-05-19 07:25:53,934 [Listener at 127.0.0.1/46767] INFO  server.session (DefaultSessionIdManager.java:doStart(334)) - DefaultSessionIdManager workerName=node0
2021-05-19 07:25:53,934 [Listener at 127.0.0.1/46767] INFO  server.session (DefaultSessionIdManager.java:doStart(339)) - No SessionScavenger set, using defaults
2021-05-19 07:25:53,935 [Listener at 127.0.0.1/46767] INFO  server.session (HouseKeeper.java:startScavenging(132)) - node0 Scavenging every 660000ms
2021-05-19 07:25:53,936 [Listener at 127.0.0.1/46767] INFO  handler.ContextHandler (ContextHandler.java:doStart(916)) - Started o.e.j.s.ServletContextHandler@49dce561{logs,/logs,file:///github/workspace/mnt/ozone/hadoop-ozone/integration-test/target/log,AVAILABLE}
2021-05-19 07:25:53,936 [Listener at 127.0.0.1/46767] INFO  handler.ContextHandler (ContextHandler.java:doStart(916)) - Started o.e.j.s.ServletContextHandler@4e38b4ea{static,/static,jar:file:/home/user/.m2/repository/org/apache/hadoop/hadoop-hdds-container-service/1.2.0-SNAPSHOT/hadoop-hdds-container-service-1.2.0-SNAPSHOT.jar!/webapps/static,AVAILABLE}
2021-05-19 07:25:53,953 [om1@group-C5BA1605619E-FollowerState] INFO  impl.FollowerState (FollowerState.java:run(134)) - om1@group-C5BA1605619E-FollowerState: change to CANDIDATE, lastRpcElapsedTime:1186217903ns, electionTimeout:1172ms
2021-05-19 07:25:53,954 [om1@group-C5BA1605619E-FollowerState] INFO  impl.RoleInfo (RoleInfo.java:shutdownFollowerState(108)) - om1: shutdown om1@group-C5BA1605619E-FollowerState
2021-05-19 07:25:53,955 [om1@group-C5BA1605619E-FollowerState] INFO  server.RaftServer$Division (RaftServerImpl.java:setRole(284)) - om1@group-C5BA1605619E: changes role from  FOLLOWER to CANDIDATE at term 0 for changeToCandidate
2021-05-19 07:25:53,958 [om1@group-C5BA1605619E-FollowerState] INFO  server.RaftServerConfigKeys (ConfUtils.java:logGet(44)) - raft.server.leaderelection.pre-vote = false (custom)
2021-05-19 07:25:53,958 [om1@group-C5BA1605619E-FollowerState] INFO  impl.RoleInfo (RoleInfo.java:updateAndGet(130)) - om1: start om1@group-C5BA1605619E-LeaderElection1
2021-05-19 07:25:53,972 [om1@group-C5BA1605619E-LeaderElection1] INFO  impl.LeaderElection (LeaderElection.java:askForVotes(306)) - om1@group-C5BA1605619E-LeaderElection1 ELECTION round 0: submit vote requests at term 1 for -1: [om1|rpc:localhost:9872|priority:0], old=null
2021-05-19 07:25:53,973 [om1@group-C5BA1605619E-LeaderElection1] INFO  impl.LeaderElection (LeaderElection.java:askForVotes(308)) - om1@group-C5BA1605619E-LeaderElection1 ELECTION round 0: result PASSED (term=1)
2021-05-19 07:25:53,973 [om1@group-C5BA1605619E-LeaderElection1] INFO  impl.RoleInfo (RoleInfo.java:shutdownLeaderElection(121)) - om1: shutdown om1@group-C5BA1605619E-LeaderElection1
2021-05-19 07:25:53,973 [om1@group-C5BA1605619E-LeaderElection1] INFO  server.RaftServer$Division (RaftServerImpl.java:setRole(284)) - om1@group-C5BA1605619E: changes role from CANDIDATE to LEADER at term 1 for changeToLeader
2021-05-19 07:25:53,974 [om1@group-C5BA1605619E-LeaderElection1] INFO  server.RaftServer$Division (ServerState.java:setLeader(271)) - om1@group-C5BA1605619E: change Leader from null to om1 at term 1 for becomeLeader, leader elected after 1315ms
2021-05-19 07:25:53,979 [om1@group-C5BA1605619E-LeaderElection1] INFO  server.RaftServerConfigKeys (ConfUtils.java:logGet(44)) - raft.server.staging.catchup.gap = 1000 (default)
2021-05-19 07:25:53,990 [om1@group-C5BA1605619E-LeaderElection1] INFO  metrics.RatisMetrics (RatisMetrics.java:lambda$create$0(36)) - Creating Metrics Registry : ratis.log_appender.om1@group-C5BA1605619E
2021-05-19 07:25:53,992 [om1@group-C5BA1605619E-LeaderElection1] INFO  server.RaftServerConfigKeys (ConfUtils.java:logGet(44)) - raft.server.write.element-limit = 4096 (default)
2021-05-19 07:25:53,993 [om1@group-C5BA1605619E-LeaderElection1] INFO  server.RaftServerConfigKeys (ConfUtils.java:logGet(44)) - raft.server.write.byte-limit = 64MB (=67108864) (default)
2021-05-19 07:25:53,997 [om1@group-C5BA1605619E-LeaderElection1] INFO  server.RaftServerConfigKeys (ConfUtils.java:logGet(44)) - raft.server.watch.timeout = 10s (default)
2021-05-19 07:25:53,998 [om1@group-C5BA1605619E-LeaderElection1] INFO  server.RaftServerConfigKeys (ConfUtils.java:logGet(44)) - raft.server.watch.timeout.denomination = 1s (default)
2021-05-19 07:25:53,998 [om1@group-C5BA1605619E-LeaderElection1] INFO  server.RaftServerConfigKeys (ConfUtils.java:logGet(44)) - raft.server.watch.element-limit = 65536 (default)
2021-05-19 07:25:54,003 [om1@group-C5BA1605619E-LeaderElection1] INFO  impl.RoleInfo (RoleInfo.java:updateAndGet(130)) - om1: start om1@group-C5BA1605619E-LeaderStateImpl
2021-05-19 07:25:54,024 [om1@group-C5BA1605619E-LeaderElection1] INFO  segmented.SegmentedRaftLogWorker (SegmentedRaftLogWorker.java:startLogSegment(394)) - om1@group-C5BA1605619E-SegmentedRaftLogWorker: Starting segment from index:0
2021-05-19 07:25:54,071 [om1@group-C5BA1605619E-LeaderElection1] INFO  server.RaftServer$Division (ServerState.java:setRaftConf(373)) - om1@group-C5BA1605619E: set configuration 0: [om1|rpc:localhost:9872|admin:|client:|dataStream:|priority:0], old=null
2021-05-19 07:25:54,127 [Listener at 127.0.0.1/46767] INFO  handler.ContextHandler (ContextHandler.java:doStart(916)) - Started o.e.j.w.WebAppContext@1a6864f0{hddsDatanode,/,file:///tmp/jetty-0_0_0_0-35737-hadoop-hdds-container-service-1_2_0-SNAPSHOT_jar-_-any-2965962771470721363/webapp/,AVAILABLE}{jar:file:/home/user/.m2/repository/org/apache/hadoop/hadoop-hdds-container-service/1.2.0-SNAPSHOT/hadoop-hdds-container-service-1.2.0-SNAPSHOT.jar!/webapps/hddsDatanode}
2021-05-19 07:25:54,128 [Listener at 127.0.0.1/46767] INFO  server.AbstractConnector (AbstractConnector.java:doStart(331)) - Started ServerConnector@5b1505c3{HTTP/1.1, (http/1.1)}{0.0.0.0:35737}
2021-05-19 07:25:54,129 [Listener at 127.0.0.1/46767] INFO  server.Server (Server.java:doStart(415)) - Started @6344ms
2021-05-19 07:25:54,129 [Listener at 127.0.0.1/46767] WARN  impl.MetricsSystemImpl (MetricsSystemImpl.java:register(279)) - Sink prometheus already exists!
2021-05-19 07:25:54,136 [Listener at 127.0.0.1/46767] INFO  http.BaseHttpServer (BaseHttpServer.java:updateConnectorAddress(329)) - HTTP server of hddsDatanode listening at http://0.0.0.0:35737
2021-05-19 07:25:54,161 [org.apache.hadoop.util.JvmPauseMonitor$Monitor@620373fb] INFO  util.JvmPauseMonitor (JvmPauseMonitor.java:run(188)) - Starting JVM pause monitor
2021-05-19 07:25:54,161 [Listener at 127.0.0.1/46767] INFO  ozone.MiniOzoneClusterImpl (MiniOzoneClusterImpl.java:lambda$waitForClusterToBeReady$0(224)) - Waiting for nodes to be ready. Got 0 of 3 DN Heartbeats.
2021-05-19 07:25:54,161 [Listener at 127.0.0.1/46767] INFO  ozone.MiniOzoneClusterImpl (MiniOzoneClusterImpl.java:lambda$waitForClusterToBeReady$0(227)) - Waiting for cluster to exit safe mode
2021-05-19 07:25:54,161 [Listener at 127.0.0.1/46767] INFO  ozone.MiniOzoneClusterImpl (MiniOzoneClusterImpl.java:lambda$waitForClusterToBeReady$0(230)) - SCM became leader
2021-05-19 07:25:54,173 [Datanode State Machine Task Thread - 0] INFO  datanode.InitDatanodeState (InitDatanodeState.java:persistContainerDatanodeDetails(145)) - DatanodeDetails is persisted to /github/workspace/mnt/ozone/hadoop-ozone/integration-test/target/test-dir/MiniOzoneClusterImpl-9cb82971-bc04-407e-a27d-eff665a14f0b/datanode-2/meta/datanode.id
2021-05-19 07:25:54,196 [om1@group-C5BA1605619E-SegmentedRaftLogWorker] INFO  segmented.SegmentedRaftLogWorker (SegmentedRaftLogWorker.java:execute(601)) - om1@group-C5BA1605619E-SegmentedRaftLogWorker: created new log segment /github/workspace/mnt/ozone/hadoop-ozone/integration-test/target/test-dir/MiniOzoneClusterImpl-9cb82971-bc04-407e-a27d-eff665a14f0b/ozone-meta/ratis/bf265839-605b-3f16-9796-c5ba1605619e/current/log_inprogress_0
2021-05-19 07:25:55,162 [Listener at 127.0.0.1/46767] INFO  ozone.MiniOzoneClusterImpl (MiniOzoneClusterImpl.java:lambda$waitForClusterToBeReady$0(224)) - Waiting for nodes to be ready. Got 0 of 3 DN Heartbeats.
2021-05-19 07:25:55,162 [Listener at 127.0.0.1/46767] INFO  ozone.MiniOzoneClusterImpl (MiniOzoneClusterImpl.java:lambda$waitForClusterToBeReady$0(227)) - Waiting for cluster to exit safe mode
2021-05-19 07:25:55,162 [Listener at 127.0.0.1/46767] INFO  ozone.MiniOzoneClusterImpl (MiniOzoneClusterImpl.java:lambda$waitForClusterToBeReady$0(230)) - SCM became leader
2021-05-19 07:25:55,604 [EndpointStateMachine task thread for /0.0.0.0:35451 - 0 ] INFO  ozoneimpl.OzoneContainer (OzoneContainer.java:start(291)) - Attempting to start container services.
2021-05-19 07:25:55,606 [EndpointStateMachine task thread for /0.0.0.0:35451 - 0 ] INFO  ozoneimpl.OzoneContainer (OzoneContainer.java:startContainerScrub(237)) - Background container scanner has been disabled.
2021-05-19 07:25:55,610 [EndpointStateMachine task thread for /0.0.0.0:35451 - 0 ] INFO  replication.ReplicationServer (ReplicationServer.java:start(106)) - ReplicationServer is started using port 35579
2021-05-19 07:25:55,613 [EndpointStateMachine task thread for /0.0.0.0:35451 - 0 ] INFO  ratis.XceiverServerRatis (XceiverServerRatis.java:start(490)) - Starting XceiverServerRatis 10b33b2a-35f4-43b4-a40e-d46234aca334
2021-05-19 07:25:55,620 [EndpointStateMachine task thread for /0.0.0.0:35451 - 0 ] INFO  server.RaftServer (RaftServerProxy.java:lambda$start$5(374)) - 10b33b2a-35f4-43b4-a40e-d46234aca334: start RPC server
2021-05-19 07:25:55,625 [EndpointStateMachine task thread for /0.0.0.0:35451 - 0 ] INFO  server.GrpcService (GrpcService.java:startImpl(253)) - 10b33b2a-35f4-43b4-a40e-d46234aca334: GrpcService started, listening on 38163
2021-05-19 07:25:55,625 [EndpointStateMachine task thread for /0.0.0.0:35451 - 0 ] INFO  ratis.XceiverServerRatis (XceiverServerRatis.java:getRealPort(511)) - XceiverServerRatis 10b33b2a-35f4-43b4-a40e-d46234aca334 is started using port 38163 for RATIS
2021-05-19 07:25:55,625 [EndpointStateMachine task thread for /0.0.0.0:35451 - 0 ] INFO  ratis.XceiverServerRatis (XceiverServerRatis.java:getRealPort(511)) - XceiverServerRatis 10b33b2a-35f4-43b4-a40e-d46234aca334 is started using port 38163 for RATIS_ADMIN
2021-05-19 07:25:55,625 [EndpointStateMachine task thread for /0.0.0.0:35451 - 0 ] INFO  ratis.XceiverServerRatis (XceiverServerRatis.java:getRealPort(511)) - XceiverServerRatis 10b33b2a-35f4-43b4-a40e-d46234aca334 is started using port 38163 for RATIS_SERVER
2021-05-19 07:25:55,628 [EndpointStateMachine task thread for /0.0.0.0:35451 - 0 ] INFO  server.XceiverServerGrpc (XceiverServerGrpc.java:start(135)) - XceiverServerGrpc 10b33b2a-35f4-43b4-a40e-d46234aca334 is started using port 45791
2021-05-19 07:25:55,629 [org.apache.ratis.util.JvmPauseMonitor$$Lambda$494/301682537@77ad0d59] INFO  util.JvmPauseMonitor (JvmPauseMonitor.java:run(103)) - JvmPauseMonitor-10b33b2a-35f4-43b4-a40e-d46234aca334: Started
2021-05-19 07:25:55,873 [EndpointStateMachine task thread for /0.0.0.0:35451 - 0 ] INFO  ozoneimpl.OzoneContainer (OzoneContainer.java:start(291)) - Attempting to start container services.
2021-05-19 07:25:55,874 [EndpointStateMachine task thread for /0.0.0.0:35451 - 0 ] INFO  ozoneimpl.OzoneContainer (OzoneContainer.java:startContainerScrub(237)) - Background container scanner has been disabled.
2021-05-19 07:25:55,878 [EndpointStateMachine task thread for /0.0.0.0:35451 - 0 ] INFO  replication.ReplicationServer (ReplicationServer.java:start(106)) - ReplicationServer is started using port 46421
2021-05-19 07:25:55,880 [EndpointStateMachine task thread for /0.0.0.0:35451 - 0 ] INFO  ratis.XceiverServerRatis (XceiverServerRatis.java:start(490)) - Starting XceiverServerRatis 24cc0112-2c7f-455b-86a3-d41ab711ca71
2021-05-19 07:25:55,883 [EndpointStateMachine task thread for /0.0.0.0:35451 - 0 ] INFO  server.RaftServer (RaftServerProxy.java:lambda$start$5(374)) - 24cc0112-2c7f-455b-86a3-d41ab711ca71: start RPC server
2021-05-19 07:25:55,883 [EndpointStateMachine task thread for /0.0.0.0:35451 - 0 ] INFO  server.GrpcService (GrpcService.java:startImpl(253)) - 24cc0112-2c7f-455b-86a3-d41ab711ca71: GrpcService started, listening on 33355
2021-05-19 07:25:55,884 [EndpointStateMachine task thread for /0.0.0.0:35451 - 0 ] INFO  ratis.XceiverServerRatis (XceiverServerRatis.java:getRealPort(511)) - XceiverServerRatis 24cc0112-2c7f-455b-86a3-d41ab711ca71 is started using port 33355 for RATIS
2021-05-19 07:25:55,884 [org.apache.ratis.util.JvmPauseMonitor$$Lambda$494/301682537@33b02959] INFO  util.JvmPauseMonitor (JvmPauseMonitor.java:run(103)) - JvmPauseMonitor-24cc0112-2c7f-455b-86a3-d41ab711ca71: Started
2021-05-19 07:25:55,884 [EndpointStateMachine task thread for /0.0.0.0:35451 - 0 ] INFO  ratis.XceiverServerRatis (XceiverServerRatis.java:getRealPort(511)) - XceiverServerRatis 24cc0112-2c7f-455b-86a3-d41ab711ca71 is started using port 33355 for RATIS_ADMIN
2021-05-19 07:25:55,884 [EndpointStateMachine task thread for /0.0.0.0:35451 - 0 ] INFO  ratis.XceiverServerRatis (XceiverServerRatis.java:getRealPort(511)) - XceiverServerRatis 24cc0112-2c7f-455b-86a3-d41ab711ca71 is started using port 33355 for RATIS_SERVER
2021-05-19 07:25:55,885 [EndpointStateMachine task thread for /0.0.0.0:35451 - 0 ] INFO  server.XceiverServerGrpc (XceiverServerGrpc.java:start(135)) - XceiverServerGrpc 24cc0112-2c7f-455b-86a3-d41ab711ca71 is started using port 38243
2021-05-19 07:25:56,162 [EndpointStateMachine task thread for /0.0.0.0:35451 - 0 ] INFO  ozoneimpl.OzoneContainer (OzoneContainer.java:start(291)) - Attempting to start container services.
2021-05-19 07:25:56,163 [Listener at 127.0.0.1/46767] INFO  ozone.MiniOzoneClusterImpl (MiniOzoneClusterImpl.java:lambda$waitForClusterToBeReady$0(224)) - Waiting for nodes to be ready. Got 0 of 3 DN Heartbeats.
2021-05-19 07:25:56,163 [Listener at 127.0.0.1/46767] INFO  ozone.MiniOzoneClusterImpl (MiniOzoneClusterImpl.java:lambda$waitForClusterToBeReady$0(227)) - Waiting for cluster to exit safe mode
2021-05-19 07:25:56,163 [Listener at 127.0.0.1/46767] INFO  ozone.MiniOzoneClusterImpl (MiniOzoneClusterImpl.java:lambda$waitForClusterToBeReady$0(230)) - SCM became leader
2021-05-19 07:25:56,163 [EndpointStateMachine task thread for /0.0.0.0:35451 - 0 ] INFO  ozoneimpl.OzoneContainer (OzoneContainer.java:startContainerScrub(237)) - Background container scanner has been disabled.
2021-05-19 07:25:56,165 [EndpointStateMachine task thread for /0.0.0.0:35451 - 0 ] INFO  replication.ReplicationServer (ReplicationServer.java:start(106)) - ReplicationServer is started using port 43117
2021-05-19 07:25:56,165 [EndpointStateMachine task thread for /0.0.0.0:35451 - 0 ] INFO  ratis.XceiverServerRatis (XceiverServerRatis.java:start(490)) - Starting XceiverServerRatis 0cd32c65-f3ff-4dcf-8f2d-158191f49883
2021-05-19 07:25:56,175 [EndpointStateMachine task thread for /0.0.0.0:35451 - 0 ] INFO  server.RaftServer (RaftServerProxy.java:lambda$start$5(374)) - 0cd32c65-f3ff-4dcf-8f2d-158191f49883: start RPC server
2021-05-19 07:25:56,181 [EndpointStateMachine task thread for /0.0.0.0:35451 - 0 ] INFO  server.GrpcService (GrpcService.java:startImpl(253)) - 0cd32c65-f3ff-4dcf-8f2d-158191f49883: GrpcService started, listening on 43505
2021-05-19 07:25:56,181 [EndpointStateMachine task thread for /0.0.0.0:35451 - 0 ] INFO  ratis.XceiverServerRatis (XceiverServerRatis.java:getRealPort(511)) - XceiverServerRatis 0cd32c65-f3ff-4dcf-8f2d-158191f49883 is started using port 43505 for RATIS
2021-05-19 07:25:56,181 [EndpointStateMachine task thread for /0.0.0.0:35451 - 0 ] INFO  ratis.XceiverServerRatis (XceiverServerRatis.java:getRealPort(511)) - XceiverServerRatis 0cd32c65-f3ff-4dcf-8f2d-158191f49883 is started using port 43505 for RATIS_ADMIN
2021-05-19 07:25:56,181 [EndpointStateMachine task thread for /0.0.0.0:35451 - 0 ] INFO  ratis.XceiverServerRatis (XceiverServerRatis.java:getRealPort(511)) - XceiverServerRatis 0cd32c65-f3ff-4dcf-8f2d-158191f49883 is started using port 43505 for RATIS_SERVER
2021-05-19 07:25:56,182 [org.apache.ratis.util.JvmPauseMonitor$$Lambda$494/301682537@75b65e63] INFO  util.JvmPauseMonitor (JvmPauseMonitor.java:run(103)) - JvmPauseMonitor-0cd32c65-f3ff-4dcf-8f2d-158191f49883: Started
2021-05-19 07:25:56,182 [EndpointStateMachine task thread for /0.0.0.0:35451 - 0 ] INFO  server.XceiverServerGrpc (XceiverServerGrpc.java:start(135)) - XceiverServerGrpc 0cd32c65-f3ff-4dcf-8f2d-158191f49883 is started using port 35025
2021-05-19 07:25:57,164 [Listener at 127.0.0.1/46767] INFO  ozone.MiniOzoneClusterImpl (MiniOzoneClusterImpl.java:lambda$waitForClusterToBeReady$0(224)) - Waiting for nodes to be ready. Got 0 of 3 DN Heartbeats.
2021-05-19 07:25:57,164 [Listener at 127.0.0.1/46767] INFO  ozone.MiniOzoneClusterImpl (MiniOzoneClusterImpl.java:lambda$waitForClusterToBeReady$0(227)) - Waiting for cluster to exit safe mode
2021-05-19 07:25:57,164 [Listener at 127.0.0.1/46767] INFO  ozone.MiniOzoneClusterImpl (MiniOzoneClusterImpl.java:lambda$waitForClusterToBeReady$0(230)) - SCM became leader
2021-05-19 07:25:57,603 [IPC Server handler 1 on default port 35451] INFO  net.NetworkTopologyImpl (NetworkTopologyImpl.java:add(112)) - Added a new node: /default-rack/10b33b2a-35f4-43b4-a40e-d46234aca334
2021-05-19 07:25:57,605 [IPC Server handler 1 on default port 35451] INFO  node.SCMNodeManager (SCMNodeManager.java:register(348)) - Registered Data node : 10b33b2a-35f4-43b4-a40e-d46234aca334{ip: 172.17.0.2, host: 263d9e8109d8, ports: [REPLICATION=35579, RATIS=38163, RATIS_ADMIN=38163, RATIS_SERVER=38163, STANDALONE=45791], networkLocation: /default-rack, certSerialId: null, persistedOpState: null, persistedOpStateExpiryEpochSec: 0}
2021-05-19 07:25:57,606 [EventQueue-NewNodeForNewNodeHandler] INFO  pipeline.BackgroundPipelineCreator (BackgroundPipelineCreatorV2.java:notifyEventTriggered(282)) - trigger a one-shot run on RatisPipelineUtilsThread.
2021-05-19 07:25:57,616 [RatisPipelineUtilsThread - 0] INFO  pipeline.RatisPipelineProvider (RatisPipelineProvider.java:lambda$create$0(170)) - Sending CreatePipelineCommand for pipeline:PipelineID=42edafeb-011c-4233-b82b-0a8c5d33944d to datanode:10b33b2a-35f4-43b4-a40e-d46234aca334
2021-05-19 07:25:57,620 [EventQueue-NodeRegistrationContainerReportForContainerSafeModeRule] INFO  safemode.SCMSafeModeManager (SCMSafeModeManager.java:validateSafeModeExitRules(201)) - ContainerSafeModeRule rule is successfully validated
2021-05-19 07:25:57,621 [EventQueue-NodeRegistrationContainerReportForDataNodeSafeModeRule] INFO  safemode.SCMSafeModeManager (DataNodeSafeModeRule.java:process(71)) - SCM in safe mode. 1 DataNodes registered, 1 required.
2021-05-19 07:25:57,621 [EventQueue-NodeRegistrationContainerReportForDataNodeSafeModeRule] INFO  safemode.SCMSafeModeManager (SCMSafeModeManager.java:validateSafeModeExitRules(201)) - DataNodeSafeModeRule rule is successfully validated
2021-05-19 07:25:57,621 [EventQueue-NodeRegistrationContainerReportForDataNodeSafeModeRule] INFO  safemode.SCMSafeModeManager (SCMSafeModeManager.java:completePreCheck(229)) - All SCM safe mode pre check rules have passed
2021-05-19 07:25:57,621 [EventQueue-NodeRegistrationContainerReportForDataNodeSafeModeRule] WARN  events.EventQueue (EventQueue.java:fireEvent(185)) - No event handler registered for event TypedEvent{payloadType=SafeModeStatus, name='Safe mode status'}
2021-05-19 07:25:57,621 [EventQueue-NodeRegistrationContainerReportForDataNodeSafeModeRule] INFO  ha.SCMContext (SCMContext.java:updateSafeModeStatus(147)) - Update SafeModeStatus from SafeModeStatus{safeModeStatus=true, preCheckPassed=false} to SafeModeStatus{safeModeStatus=true, preCheckPassed=true}.
2021-05-19 07:25:57,621 [EventQueue-NodeRegistrationContainerReportForDataNodeSafeModeRule] INFO  pipeline.BackgroundPipelineCreator (BackgroundPipelineCreatorV2.java:notifyEventTriggered(282)) - trigger a one-shot run on RatisPipelineUtilsThread.
2021-05-19 07:25:57,625 [EventQueue-PipelineReportForOneReplicaPipelineSafeModeRule] INFO  safemode.SCMSafeModeManager (SCMSafeModeManager.java:validateSafeModeExitRules(201)) - AtleastOneDatanodeReportedRule rule is successfully validated
2021-05-19 07:25:57,635 [RatisPipelineUtilsThread - 0] INFO  pipeline.PipelineStateManager (PipelineStateManagerV2Impl.java:addPipeline(101)) - Created pipeline Pipeline[ Id: 42edafeb-011c-4233-b82b-0a8c5d33944d, Nodes: 10b33b2a-35f4-43b4-a40e-d46234aca334{ip: 172.17.0.2, host: 263d9e8109d8, ports: [REPLICATION=35579, RATIS=38163, RATIS_ADMIN=38163, RATIS_SERVER=38163, STANDALONE=45791], networkLocation: /default-rack, certSerialId: null, persistedOpState: IN_SERVICE, persistedOpStateExpiryEpochSec: 0}, ReplicationConfig: RATIS/ONE, State:ALLOCATED, leaderId:, CreationTimestamp2021-05-19T07:25:57.613Z].
2021-05-19 07:25:57,638 [RatisPipelineUtilsThread - 0] WARN  pipeline.PipelinePlacementPolicy (PipelinePlacementPolicy.java:filterViableNodes(149)) - Pipeline creation failed due to no sufficient healthy datanodes. Required 3. Found 1.
2021-05-19 07:25:57,871 [IPC Server handler 2 on default port 35451] INFO  net.NetworkTopologyImpl (NetworkTopologyImpl.java:add(112)) - Added a new node: /default-rack/24cc0112-2c7f-455b-86a3-d41ab711ca71
2021-05-19 07:25:57,872 [IPC Server handler 2 on default port 35451] INFO  node.SCMNodeManager (SCMNodeManager.java:register(348)) - Registered Data node : 24cc0112-2c7f-455b-86a3-d41ab711ca71{ip: 172.17.0.2, host: 263d9e8109d8, ports: [REPLICATION=46421, RATIS=33355, RATIS_ADMIN=33355, RATIS_SERVER=33355, STANDALONE=38243], networkLocation: /default-rack, certSerialId: null, persistedOpState: null, persistedOpStateExpiryEpochSec: 0}
2021-05-19 07:25:57,872 [EventQueue-NodeRegistrationContainerReportForContainerSafeModeRule] INFO  safemode.SCMSafeModeManager (SCMSafeModeManager.java:validateSafeModeExitRules(201)) - ContainerSafeModeRule rule is successfully validated
2021-05-19 07:25:57,872 [EventQueue-NodeRegistrationContainerReportForDataNodeSafeModeRule] INFO  safemode.SCMSafeModeManager (SCMSafeModeManager.java:validateSafeModeExitRules(201)) - DataNodeSafeModeRule rule is successfully validated
2021-05-19 07:25:57,873 [EventQueue-PipelineReportForOneReplicaPipelineSafeModeRule] INFO  safemode.SCMSafeModeManager (SCMSafeModeManager.java:validateSafeModeExitRules(201)) - AtleastOneDatanodeReportedRule rule is successfully validated
2021-05-19 07:25:57,872 [EventQueue-NewNodeForNewNodeHandler] INFO  pipeline.BackgroundPipelineCreator (BackgroundPipelineCreatorV2.java:notifyEventTriggered(282)) - trigger a one-shot run on RatisPipelineUtilsThread.
2021-05-19 07:25:57,875 [RatisPipelineUtilsThread - 0] INFO  pipeline.RatisPipelineProvider (RatisPipelineProvider.java:lambda$create$0(170)) - Sending CreatePipelineCommand for pipeline:PipelineID=b9cf22d6-ac9c-4c63-98ee-cc09bbb41841 to datanode:24cc0112-2c7f-455b-86a3-d41ab711ca71
2021-05-19 07:25:57,876 [RatisPipelineUtilsThread - 0] INFO  pipeline.PipelineStateManager (PipelineStateManagerV2Impl.java:addPipeline(101)) - Created pipeline Pipeline[ Id: b9cf22d6-ac9c-4c63-98ee-cc09bbb41841, Nodes: 24cc0112-2c7f-455b-86a3-d41ab711ca71{ip: 172.17.0.2, host: 263d9e8109d8, ports: [REPLICATION=46421, RATIS=33355, RATIS_ADMIN=33355, RATIS_SERVER=33355, STANDALONE=38243], networkLocation: /default-rack, certSerialId: null, persistedOpState: IN_SERVICE, persistedOpStateExpiryEpochSec: 0}, ReplicationConfig: RATIS/ONE, State:ALLOCATED, leaderId:, CreationTimestamp2021-05-19T07:25:57.875Z].
2021-05-19 07:25:57,876 [RatisPipelineUtilsThread - 0] WARN  pipeline.PipelinePlacementPolicy (PipelinePlacementPolicy.java:filterViableNodes(149)) - Pipeline creation failed due to no sufficient healthy datanodes. Required 3. Found 2.
2021-05-19 07:25:58,160 [IPC Server handler 0 on default port 35451] INFO  net.NetworkTopologyImpl (NetworkTopologyImpl.java:add(112)) - Added a new node: /default-rack/0cd32c65-f3ff-4dcf-8f2d-158191f49883
2021-05-19 07:25:58,161 [IPC Server handler 0 on default port 35451] INFO  node.SCMNodeManager (SCMNodeManager.java:register(348)) - Registered Data node : 0cd32c65-f3ff-4dcf-8f2d-158191f49883{ip: 172.17.0.2, host: 263d9e8109d8, ports: [REPLICATION=43117, RATIS=43505, RATIS_ADMIN=43505, RATIS_SERVER=43505, STANDALONE=35025], networkLocation: /default-rack, certSerialId: null, persistedOpState: null, persistedOpStateExpiryEpochSec: 0}
2021-05-19 07:25:58,161 [EventQueue-NewNodeForNewNodeHandler] INFO  pipeline.BackgroundPipelineCreator (BackgroundPipelineCreatorV2.java:notifyEventTriggered(282)) - trigger a one-shot run on RatisPipelineUtilsThread.
2021-05-19 07:25:58,161 [EventQueue-NodeRegistrationContainerReportForContainerSafeModeRule] INFO  safemode.SCMSafeModeManager (SCMSafeModeManager.java:validateSafeModeExitRules(201)) - ContainerSafeModeRule rule is successfully validated
2021-05-19 07:25:58,161 [EventQueue-NodeRegistrationContainerReportForDataNodeSafeModeRule] INFO  safemode.SCMSafeModeManager (SCMSafeModeManager.java:validateSafeModeExitRules(201)) - DataNodeSafeModeRule rule is successfully validated
2021-05-19 07:25:58,161 [EventQueue-PipelineReportForOneReplicaPipelineSafeModeRule] INFO  safemode.SCMSafeModeManager (SCMSafeModeManager.java:validateSafeModeExitRules(201)) - AtleastOneDatanodeReportedRule rule is successfully validated
2021-05-19 07:25:58,162 [RatisPipelineUtilsThread - 0] INFO  pipeline.RatisPipelineProvider (RatisPipelineProvider.java:lambda$create$0(170)) - Sending CreatePipelineCommand for pipeline:PipelineID=e1497386-432b-4157-9842-dc63eaebffb0 to datanode:0cd32c65-f3ff-4dcf-8f2d-158191f49883
2021-05-19 07:25:58,163 [RatisPipelineUtilsThread - 0] INFO  pipeline.PipelineStateManager (PipelineStateManagerV2Impl.java:addPipeline(101)) - Created pipeline Pipeline[ Id: e1497386-432b-4157-9842-dc63eaebffb0, Nodes: 0cd32c65-f3ff-4dcf-8f2d-158191f49883{ip: 172.17.0.2, host: 263d9e8109d8, ports: [REPLICATION=43117, RATIS=43505, RATIS_ADMIN=43505, RATIS_SERVER=43505, STANDALONE=35025], networkLocation: /default-rack, certSerialId: null, persistedOpState: IN_SERVICE, persistedOpStateExpiryEpochSec: 0}, ReplicationConfig: RATIS/ONE, State:ALLOCATED, leaderId:, CreationTimestamp2021-05-19T07:25:58.162Z].
2021-05-19 07:25:58,165 [Listener at 127.0.0.1/46767] INFO  ozone.MiniOzoneClusterImpl (MiniOzoneClusterImpl.java:lambda$waitForClusterToBeReady$0(224)) - Nodes are ready. Got 3 of 3 DN Heartbeats.
2021-05-19 07:25:58,165 [Listener at 127.0.0.1/46767] INFO  ozone.MiniOzoneClusterImpl (MiniOzoneClusterImpl.java:lambda$waitForClusterToBeReady$0(227)) - Waiting for cluster to exit safe mode
2021-05-19 07:25:58,165 [Listener at 127.0.0.1/46767] INFO  ozone.MiniOzoneClusterImpl (MiniOzoneClusterImpl.java:lambda$waitForClusterToBeReady$0(230)) - SCM became leader
2021-05-19 07:25:58,165 [RatisPipelineUtilsThread - 0] INFO  pipeline.RatisPipelineProvider (RatisPipelineProvider.java:lambda$create$0(170)) - Sending CreatePipelineCommand for pipeline:PipelineID=ec590540-7c93-4627-a02b-d77a720d96ee to datanode:10b33b2a-35f4-43b4-a40e-d46234aca334
2021-05-19 07:25:58,166 [RatisPipelineUtilsThread - 0] INFO  pipeline.RatisPipelineProvider (RatisPipelineProvider.java:lambda$create$0(170)) - Sending CreatePipelineCommand for pipeline:PipelineID=ec590540-7c93-4627-a02b-d77a720d96ee to datanode:0cd32c65-f3ff-4dcf-8f2d-158191f49883
2021-05-19 07:25:58,166 [RatisPipelineUtilsThread - 0] INFO  pipeline.RatisPipelineProvider (RatisPipelineProvider.java:lambda$create$0(170)) - Sending CreatePipelineCommand for pipeline:PipelineID=ec590540-7c93-4627-a02b-d77a720d96ee to datanode:24cc0112-2c7f-455b-86a3-d41ab711ca71
2021-05-19 07:25:58,167 [RatisPipelineUtilsThread - 0] INFO  pipeline.PipelineStateManager (PipelineStateManagerV2Impl.java:addPipeline(101)) - Created pipeline Pipeline[ Id: ec590540-7c93-4627-a02b-d77a720d96ee, Nodes: 10b33b2a-35f4-43b4-a40e-d46234aca334{ip: 172.17.0.2, host: 263d9e8109d8, ports: [REPLICATION=35579, RATIS=38163, RATIS_ADMIN=38163, RATIS_SERVER=38163, STANDALONE=45791], networkLocation: /default-rack, certSerialId: null, persistedOpState: IN_SERVICE, persistedOpStateExpiryEpochSec: 0}0cd32c65-f3ff-4dcf-8f2d-158191f49883{ip: 172.17.0.2, host: 263d9e8109d8, ports: [REPLICATION=43117, RATIS=43505, RATIS_ADMIN=43505, RATIS_SERVER=43505, STANDALONE=35025], networkLocation: /default-rack, certSerialId: null, persistedOpState: IN_SERVICE, persistedOpStateExpiryEpochSec: 0}24cc0112-2c7f-455b-86a3-d41ab711ca71{ip: 172.17.0.2, host: 263d9e8109d8, ports: [REPLICATION=46421, RATIS=33355, RATIS_ADMIN=33355, RATIS_SERVER=33355, STANDALONE=38243], networkLocation: /default-rack, certSerialId: null, persistedOpState: IN_SERVICE, persistedOpStateExpiryEpochSec: 0}, ReplicationConfig: RATIS/THREE, State:ALLOCATED, leaderId:, CreationTimestamp2021-05-19T07:25:58.165Z].
2021-05-19 07:25:59,165 [Listener at 127.0.0.1/46767] INFO  ozone.MiniOzoneClusterImpl (MiniOzoneClusterImpl.java:lambda$waitForClusterToBeReady$0(224)) - Nodes are ready. Got 3 of 3 DN Heartbeats.
2021-05-19 07:25:59,165 [Listener at 127.0.0.1/46767] INFO  ozone.MiniOzoneClusterImpl (MiniOzoneClusterImpl.java:lambda$waitForClusterToBeReady$0(227)) - Waiting for cluster to exit safe mode
2021-05-19 07:25:59,165 [Listener at 127.0.0.1/46767] INFO  ozone.MiniOzoneClusterImpl (MiniOzoneClusterImpl.java:lambda$waitForClusterToBeReady$0(230)) - SCM became leader
2021-05-19 07:25:59,728 [Datanode State Machine Thread - 0] ERROR datanode.RunningDatanodeState (RunningDatanodeState.java:computeNextContainerState(199)) - Error in executing end point task.
java.util.concurrent.ExecutionException: java.util.concurrent.TimeoutException
	at java.util.concurrent.FutureTask.report(FutureTask.java:122)
	at java.util.concurrent.FutureTask.get(FutureTask.java:192)
	at org.apache.hadoop.ozone.container.common.states.datanode.RunningDatanodeState.computeNextContainerState(RunningDatanodeState.java:191)
	at org.apache.hadoop.ozone.container.common.states.datanode.RunningDatanodeState.await(RunningDatanodeState.java:231)
	at org.apache.hadoop.ozone.container.common.states.datanode.RunningDatanodeState.await(RunningDatanodeState.java:50)
	at org.apache.hadoop.ozone.container.common.statemachine.StateContext.execute(StateContext.java:579)
	at org.apache.hadoop.ozone.container.common.statemachine.DatanodeStateMachine.start(DatanodeStateMachine.java:233)
	at org.apache.hadoop.ozone.container.common.statemachine.DatanodeStateMachine.lambda$startDaemon$0(DatanodeStateMachine.java:410)
	at java.lang.Thread.run(Thread.java:748)
Caused by: java.util.concurrent.TimeoutException
	at java.util.concurrent.FutureTask.get(FutureTask.java:205)
	at org.apache.hadoop.ozone.container.common.states.datanode.RunningDatanodeState.lambda$execute$0(RunningDatanodeState.java:149)
	at java.util.concurrent.FutureTask.run(FutureTask.java:266)
	at java.util.concurrent.Executors$RunnableAdapter.call(Executors.java:511)
	at java.util.concurrent.FutureTask.run(FutureTask.java:266)
	at java.util.concurrent.ThreadPoolExecutor.runWorker(ThreadPoolExecutor.java:1149)
	at java.util.concurrent.ThreadPoolExecutor$Worker.run(ThreadPoolExecutor.java:624)
	... 1 more
2021-05-19 07:26:00,166 [Listener at 127.0.0.1/46767] INFO  ozone.MiniOzoneClusterImpl (MiniOzoneClusterImpl.java:lambda$waitForClusterToBeReady$0(224)) - Nodes are ready. Got 3 of 3 DN Heartbeats.
2021-05-19 07:26:00,166 [Listener at 127.0.0.1/46767] INFO  ozone.MiniOzoneClusterImpl (MiniOzoneClusterImpl.java:lambda$waitForClusterToBeReady$0(227)) - Waiting for cluster to exit safe mode
2021-05-19 07:26:00,166 [Listener at 127.0.0.1/46767] INFO  ozone.MiniOzoneClusterImpl (MiniOzoneClusterImpl.java:lambda$waitForClusterToBeReady$0(230)) - SCM became leader
2021-05-19 07:26:00,562 [Command processor thread] INFO  server.RaftServer (RaftServerProxy.java:addNew(95)) - 10b33b2a-35f4-43b4-a40e-d46234aca334: addNew group-0A8C5D33944D:[10b33b2a-35f4-43b4-a40e-d46234aca334|rpc:172.17.0.2:38163|priority:1] returns group-0A8C5D33944D:java.util.concurrent.CompletableFuture@3b2ceebd[Not completed]
2021-05-19 07:26:00,572 [pool-47-thread-1] INFO  server.RaftServer$Division (RaftServerImpl.java:<init>(180)) - 10b33b2a-35f4-43b4-a40e-d46234aca334: new RaftServerImpl for group-0A8C5D33944D:[10b33b2a-35f4-43b4-a40e-d46234aca334|rpc:172.17.0.2:38163|priority:1] with ContainerStateMachine:uninitialized
2021-05-19 07:26:00,573 [pool-47-thread-1] INFO  server.RaftServerConfigKeys (ConfUtils.java:logGet(44)) - raft.server.rpc.timeout.min = 5s (custom)
2021-05-19 07:26:00,573 [pool-47-thread-1] INFO  server.RaftServerConfigKeys (ConfUtils.java:logGet(44)) - raft.server.rpc.timeout.max = 5200ms (custom)
2021-05-19 07:26:00,574 [pool-47-thread-1] INFO  server.RaftServerConfigKeys (ConfUtils.java:logGet(44)) - raft.server.rpc.sleep.time = 25ms (default)
2021-05-19 07:26:00,574 [pool-47-thread-1] INFO  server.RaftServerConfigKeys (ConfUtils.java:logGet(44)) - raft.server.rpc.slowness.timeout = 1000000ms (custom)
2021-05-19 07:26:00,574 [pool-47-thread-1] INFO  server.RaftServerConfigKeys (ConfUtils.java:logGet(44)) - raft.server.leaderelection.leader.step-down.wait-time = 10s (default)
2021-05-19 07:26:00,574 [pool-47-thread-1] INFO  server.RaftServerConfigKeys (ConfUtils.java:logGet(44)) - raft.server.sleep.deviation.threshold = 300ms (default)
2021-05-19 07:26:00,574 [pool-47-thread-1] INFO  server.RaftServerConfigKeys (ConfUtils.java:logGet(44)) - raft.server.log.appender.install.snapshot.enabled = false (custom)
2021-05-19 07:26:00,574 [pool-47-thread-1] INFO  server.RaftServer$Division (ServerState.java:<init>(105)) - 10b33b2a-35f4-43b4-a40e-d46234aca334@group-0A8C5D33944D: ConfigurationManager, init=-1: [10b33b2a-35f4-43b4-a40e-d46234aca334|rpc:172.17.0.2:38163|priority:1], old=null, confs=<EMPTY_MAP>
2021-05-19 07:26:00,574 [pool-47-thread-1] INFO  server.RaftServerConfigKeys (ConfUtils.java:logGet(44)) - raft.server.storage.dir = [/github/workspace/mnt/ozone/hadoop-ozone/integration-test/target/test-dir/MiniOzoneClusterImpl-9cb82971-bc04-407e-a27d-eff665a14f0b/datanode-0/data/ratis] (custom)
2021-05-19 07:26:00,574 [pool-47-thread-1] INFO  server.RaftServerConfigKeys (ConfUtils.java:logGet(44)) - raft.server.log.corruption.policy = EXCEPTION (default)
2021-05-19 07:26:00,575 [pool-47-thread-1] INFO  storage.RaftStorageDirectory (RaftStorageDirectoryImpl.java:analyzeStorage(132)) - The storage directory /github/workspace/mnt/ozone/hadoop-ozone/integration-test/target/test-dir/MiniOzoneClusterImpl-9cb82971-bc04-407e-a27d-eff665a14f0b/datanode-0/data/ratis/42edafeb-011c-4233-b82b-0a8c5d33944d does not exist. Creating ...
2021-05-19 07:26:00,576 [pool-47-thread-1] INFO  storage.RaftStorageDirectory (RaftStorageDirectoryImpl.java:tryLock(215)) - Lock on /github/workspace/mnt/ozone/hadoop-ozone/integration-test/target/test-dir/MiniOzoneClusterImpl-9cb82971-bc04-407e-a27d-eff665a14f0b/datanode-0/data/ratis/42edafeb-011c-4233-b82b-0a8c5d33944d/in_use.lock acquired by nodename 23231@263d9e8109d8
2021-05-19 07:26:00,577 [pool-47-thread-1] INFO  storage.RaftStorage (RaftStorageImpl.java:format(87)) - Storage directory /github/workspace/mnt/ozone/hadoop-ozone/integration-test/target/test-dir/MiniOzoneClusterImpl-9cb82971-bc04-407e-a27d-eff665a14f0b/datanode-0/data/ratis/42edafeb-011c-4233-b82b-0a8c5d33944d has been successfully formatted.
2021-05-19 07:26:00,581 [pool-47-thread-1] INFO  ratis.ContainerStateMachine (ContainerStateMachine.java:loadSnapshot(224)) - group-0A8C5D33944D: The snapshot info is null. Setting the last applied indexto:(t:0, i:~)
2021-05-19 07:26:00,585 [pool-47-thread-1] INFO  server.RaftServerConfigKeys (ConfUtils.java:logGet(44)) - raft.server.notification.no-leader.timeout = 1000000ms (custom)
2021-05-19 07:26:00,585 [pool-47-thread-1] INFO  server.RaftServerConfigKeys (ConfUtils.java:logGet(44)) - raft.server.log.use.memory = false (default)
2021-05-19 07:26:00,585 [EventQueue-PipelineReportForOneReplicaPipelineSafeModeRule] INFO  safemode.SCMSafeModeManager (SCMSafeModeManager.java:validateSafeModeExitRules(201)) - AtleastOneDatanodeReportedRule rule is successfully validated
2021-05-19 07:26:00,586 [EventQueue-PipelineReportForPipelineReportHandler] INFO  pipeline.PipelineManagerV2Impl (PipelineManagerV2Impl.java:openPipeline(270)) - Pipeline Pipeline[ Id: 42edafeb-011c-4233-b82b-0a8c5d33944d, Nodes: 10b33b2a-35f4-43b4-a40e-d46234aca334{ip: 172.17.0.2, host: 263d9e8109d8, ports: [REPLICATION=35579, RATIS=38163, RATIS_ADMIN=38163, RATIS_SERVER=38163, STANDALONE=45791], networkLocation: /default-rack, certSerialId: null, persistedOpState: IN_SERVICE, persistedOpStateExpiryEpochSec: 0}, ReplicationConfig: RATIS/ONE, State:ALLOCATED, leaderId:10b33b2a-35f4-43b4-a40e-d46234aca334, CreationTimestamp2021-05-19T07:25:57.613Z] moved to OPEN state
2021-05-19 07:26:00,588 [pool-47-thread-1] INFO  server.RaftServerConfigKeys (ConfUtils.java:logGet(44)) - raft.server.log.purge.gap = 1000000 (custom)
2021-05-19 07:26:00,588 [pool-47-thread-1] INFO  server.RaftServerConfigKeys (ConfUtils.java:logGet(44)) - raft.server.log.appender.buffer.byte-limit = 33554432 (custom)
2021-05-19 07:26:00,588 [pool-47-thread-1] INFO  metrics.RatisMetrics (RatisMetrics.java:lambda$create$0(36)) - Creating Metrics Registry : ratis.log_worker.10b33b2a-35f4-43b4-a40e-d46234aca334@group-0A8C5D33944D
2021-05-19 07:26:00,589 [pool-47-thread-1] INFO  server.RaftServerConfigKeys (ConfUtils.java:logGet(44)) - raft.server.log.segment.size.max = 1048576 (custom)
2021-05-19 07:26:00,589 [EventQueue-OpenPipelineForHealthyPipelineSafeModeRule] INFO  safemode.SCMSafeModeManager (HealthyPipelineSafeModeRule.java:process(130)) - SCM in safe mode. Healthy pipelines reported count is 0, required healthy pipeline reported count is 1
2021-05-19 07:26:00,594 [pool-47-thread-1] INFO  server.RaftServerConfigKeys (ConfUtils.java:logGet(44)) - raft.server.log.segment.cache.num.max = 2 (custom)
2021-05-19 07:26:00,594 [pool-47-thread-1] INFO  server.RaftServerConfigKeys (ConfUtils.java:logGet(44)) - raft.server.log.segment.cache.size.max = 200MB (=209715200) (default)
2021-05-19 07:26:00,594 [pool-47-thread-1] INFO  segmented.SegmentedRaftLogWorker (SegmentedRaftLogWorker.java:<init>(182)) - new 10b33b2a-35f4-43b4-a40e-d46234aca334@group-0A8C5D33944D-SegmentedRaftLogWorker for RaftStorageImpl:Storage Directory /github/workspace/mnt/ozone/hadoop-ozone/integration-test/target/test-dir/MiniOzoneClusterImpl-9cb82971-bc04-407e-a27d-eff665a14f0b/datanode-0/data/ratis/42edafeb-011c-4233-b82b-0a8c5d33944d
2021-05-19 07:26:00,594 [pool-47-thread-1] INFO  server.RaftServerConfigKeys (ConfUtils.java:logGet(44)) - raft.server.log.queue.byte-limit = 2147483647 (custom)
2021-05-19 07:26:00,594 [pool-47-thread-1] INFO  server.RaftServerConfigKeys (ConfUtils.java:logGet(44)) - raft.server.log.queue.element-limit = 1024 (custom)
2021-05-19 07:26:00,594 [pool-47-thread-1] INFO  server.RaftServerConfigKeys (ConfUtils.java:logGet(44)) - raft.server.log.segment.size.max = 1048576 (custom)
2021-05-19 07:26:00,594 [pool-47-thread-1] INFO  server.RaftServerConfigKeys (ConfUtils.java:logGet(44)) - raft.server.log.preallocated.size = 16384 (custom)
2021-05-19 07:26:00,594 [pool-47-thread-1] INFO  server.RaftServerConfigKeys (ConfUtils.java:logGet(44)) - raft.server.log.force.sync.num = 128 (default)
2021-05-19 07:26:00,594 [pool-47-thread-1] INFO  server.RaftServerConfigKeys (ConfUtils.java:logGet(44)) - raft.server.log.statemachine.data.sync = true (default)
2021-05-19 07:26:00,594 [pool-47-thread-1] INFO  server.RaftServerConfigKeys (ConfUtils.java:logGet(44)) - raft.server.log.statemachine.data.sync.timeout = 10s (default)
2021-05-19 07:26:00,594 [pool-47-thread-1] INFO  server.RaftServerConfigKeys (ConfUtils.java:logGet(44)) - raft.server.log.statemachine.data.sync.timeout.retry = -1 (default)
2021-05-19 07:26:00,596 [pool-47-thread-1] INFO  server.RaftServerConfigKeys (ConfUtils.java:logGet(44)) - raft.server.log.write.buffer.size = 1048576 (custom)
2021-05-19 07:26:00,596 [pool-47-thread-1] INFO  server.RaftServerConfigKeys (ConfUtils.java:logGet(44)) - raft.server.log.statemachine.data.caching.enabled = true (custom)
2021-05-19 07:26:00,597 [pool-47-thread-1] INFO  segmented.SegmentedRaftLogWorker (SegmentedRaftLogWorker.java:lambda$new$0(133)) - 10b33b2a-35f4-43b4-a40e-d46234aca334@group-0A8C5D33944D-SegmentedRaftLogWorker: flushIndex: setUnconditionally 0 -> -1
2021-05-19 07:26:00,597 [pool-47-thread-1] INFO  segmented.SegmentedRaftLogWorker (SegmentedRaftLogWorker.java:lambda$new$0(133)) - 10b33b2a-35f4-43b4-a40e-d46234aca334@group-0A8C5D33944D-SegmentedRaftLogWorker: safeCacheEvictIndex: setUnconditionally 0 -> -1
2021-05-19 07:26:00,598 [pool-47-thread-1] INFO  server.RaftServerConfigKeys (ConfUtils.java:logGet(44)) - raft.server.snapshot.auto.trigger.enabled = true (custom)
2021-05-19 07:26:00,598 [pool-47-thread-1] INFO  server.RaftServerConfigKeys (ConfUtils.java:logGet(44)) - raft.server.snapshot.auto.trigger.threshold = 10000 (custom)
2021-05-19 07:26:00,598 [pool-47-thread-1] INFO  server.RaftServerConfigKeys (ConfUtils.java:logGet(44)) - raft.server.snapshot.retention.file.num = 5 (custom)
2021-05-19 07:26:00,598 [pool-47-thread-1] INFO  server.RaftServerConfigKeys (ConfUtils.java:logGet(44)) - raft.server.log.purge.upto.snapshot.index = false (default)
2021-05-19 07:26:00,599 [pool-47-thread-1] INFO  server.RaftServerConfigKeys (ConfUtils.java:logGet(44)) - raft.server.retrycache.expirytime = 600000ms (custom)
2021-05-19 07:26:00,599 [pool-47-thread-1] INFO  server.RaftServerConfigKeys (ConfUtils.java:logGet(44)) - raft.server.retrycache.statistics.expirytime = 100?s (default)
2021-05-19 07:26:00,599 [pool-47-thread-1] INFO  metrics.RatisMetrics (RatisMetrics.java:lambda$create$0(36)) - Creating Metrics Registry : ratis.leader_election.10b33b2a-35f4-43b4-a40e-d46234aca334@group-0A8C5D33944D
2021-05-19 07:26:00,599 [pool-47-thread-1] INFO  metrics.RatisMetrics (RatisMetrics.java:lambda$create$0(36)) - Creating Metrics Registry : ratis.server.10b33b2a-35f4-43b4-a40e-d46234aca334@group-0A8C5D33944D
2021-05-19 07:26:00,600 [pool-47-thread-1] INFO  server.RaftServer$Division (RaftServerImpl.java:start(295)) - 10b33b2a-35f4-43b4-a40e-d46234aca334@group-0A8C5D33944D: start as a follower, conf=-1: [10b33b2a-35f4-43b4-a40e-d46234aca334|rpc:172.17.0.2:38163|priority:1], old=null
2021-05-19 07:26:00,601 [pool-47-thread-1] INFO  server.RaftServer$Division (RaftServerImpl.java:setRole(284)) - 10b33b2a-35f4-43b4-a40e-d46234aca334@group-0A8C5D33944D: changes role from      null to FOLLOWER at term 0 for startAsFollower
2021-05-19 07:26:00,601 [pool-47-thread-1] INFO  impl.RoleInfo (RoleInfo.java:updateAndGet(130)) - 10b33b2a-35f4-43b4-a40e-d46234aca334: start 10b33b2a-35f4-43b4-a40e-d46234aca334@group-0A8C5D33944D-FollowerState
2021-05-19 07:26:00,601 [pool-47-thread-1] INFO  util.JmxRegister (JmxRegister.java:tryRegister(44)) - Successfully registered JMX Bean with object name Ratis:service=RaftServer,group=group-0A8C5D33944D,id=10b33b2a-35f4-43b4-a40e-d46234aca334
2021-05-19 07:26:00,604 [pool-47-thread-1] INFO  metrics.RatisMetrics (RatisMetrics.java:lambda$create$0(36)) - Creating Metrics Registry : ratis.state_machine.10b33b2a-35f4-43b4-a40e-d46234aca334@group-0A8C5D33944D
2021-05-19 07:26:00,611 [Command processor thread] INFO  ratis.XceiverServerRatis (XceiverServerRatis.java:addGroup(808)) - Created group PipelineID=42edafeb-011c-4233-b82b-0a8c5d33944d
2021-05-19 07:26:00,612 [Command processor thread] INFO  commandhandler.CreatePipelineCommandHandler (CreatePipelineCommandHandler.java:handle(106)) - Created Pipeline RATIS ONE PipelineID=42edafeb-011c-4233-b82b-0a8c5d33944d.
2021-05-19 07:26:00,612 [Command processor thread] INFO  server.RaftServer (RaftServerProxy.java:addNew(95)) - 10b33b2a-35f4-43b4-a40e-d46234aca334: addNew group-D77A720D96EE:[0cd32c65-f3ff-4dcf-8f2d-158191f49883|rpc:172.17.0.2:43505|priority:0, 24cc0112-2c7f-455b-86a3-d41ab711ca71|rpc:172.17.0.2:33355|priority:1, 10b33b2a-35f4-43b4-a40e-d46234aca334|rpc:172.17.0.2:38163|priority:0] returns group-D77A720D96EE:java.util.concurrent.CompletableFuture@157a5043[Not completed]
2021-05-19 07:26:00,613 [pool-47-thread-1] INFO  server.RaftServer$Division (RaftServerImpl.java:<init>(180)) - 10b33b2a-35f4-43b4-a40e-d46234aca334: new RaftServerImpl for group-D77A720D96EE:[0cd32c65-f3ff-4dcf-8f2d-158191f49883|rpc:172.17.0.2:43505|priority:0, 24cc0112-2c7f-455b-86a3-d41ab711ca71|rpc:172.17.0.2:33355|priority:1, 10b33b2a-35f4-43b4-a40e-d46234aca334|rpc:172.17.0.2:38163|priority:0] with ContainerStateMachine:uninitialized
2021-05-19 07:26:00,613 [pool-47-thread-1] INFO  server.RaftServerConfigKeys (ConfUtils.java:logGet(44)) - raft.server.rpc.timeout.min = 5s (custom)
2021-05-19 07:26:00,613 [pool-47-thread-1] INFO  server.RaftServerConfigKeys (ConfUtils.java:logGet(44)) - raft.server.rpc.timeout.max = 5200ms (custom)
2021-05-19 07:26:00,613 [pool-47-thread-1] INFO  server.RaftServerConfigKeys (ConfUtils.java:logGet(44)) - raft.server.rpc.sleep.time = 25ms (default)
2021-05-19 07:26:00,613 [pool-47-thread-1] INFO  server.RaftServerConfigKeys (ConfUtils.java:logGet(44)) - raft.server.rpc.slowness.timeout = 1000000ms (custom)
2021-05-19 07:26:00,614 [pool-47-thread-1] INFO  server.RaftServerConfigKeys (ConfUtils.java:logGet(44)) - raft.server.leaderelection.leader.step-down.wait-time = 10s (default)
2021-05-19 07:26:00,614 [pool-47-thread-1] INFO  server.RaftServerConfigKeys (ConfUtils.java:logGet(44)) - raft.server.sleep.deviation.threshold = 300ms (default)
2021-05-19 07:26:00,614 [pool-47-thread-1] INFO  server.RaftServerConfigKeys (ConfUtils.java:logGet(44)) - raft.server.log.appender.install.snapshot.enabled = false (custom)
2021-05-19 07:26:00,614 [pool-47-thread-1] INFO  server.RaftServer$Division (ServerState.java:<init>(105)) - 10b33b2a-35f4-43b4-a40e-d46234aca334@group-D77A720D96EE: ConfigurationManager, init=-1: [0cd32c65-f3ff-4dcf-8f2d-158191f49883|rpc:172.17.0.2:43505|priority:0, 24cc0112-2c7f-455b-86a3-d41ab711ca71|rpc:172.17.0.2:33355|priority:1, 10b33b2a-35f4-43b4-a40e-d46234aca334|rpc:172.17.0.2:38163|priority:0], old=null, confs=<EMPTY_MAP>
2021-05-19 07:26:00,614 [pool-47-thread-1] INFO  server.RaftServerConfigKeys (ConfUtils.java:logGet(44)) - raft.server.storage.dir = [/github/workspace/mnt/ozone/hadoop-ozone/integration-test/target/test-dir/MiniOzoneClusterImpl-9cb82971-bc04-407e-a27d-eff665a14f0b/datanode-0/data/ratis] (custom)
2021-05-19 07:26:00,614 [pool-47-thread-1] INFO  server.RaftServerConfigKeys (ConfUtils.java:logGet(44)) - raft.server.log.corruption.policy = EXCEPTION (default)
2021-05-19 07:26:00,614 [pool-47-thread-1] INFO  storage.RaftStorageDirectory (RaftStorageDirectoryImpl.java:analyzeStorage(132)) - The storage directory /github/workspace/mnt/ozone/hadoop-ozone/integration-test/target/test-dir/MiniOzoneClusterImpl-9cb82971-bc04-407e-a27d-eff665a14f0b/datanode-0/data/ratis/ec590540-7c93-4627-a02b-d77a720d96ee does not exist. Creating ...
2021-05-19 07:26:00,615 [pool-47-thread-1] INFO  storage.RaftStorageDirectory (RaftStorageDirectoryImpl.java:tryLock(215)) - Lock on /github/workspace/mnt/ozone/hadoop-ozone/integration-test/target/test-dir/MiniOzoneClusterImpl-9cb82971-bc04-407e-a27d-eff665a14f0b/datanode-0/data/ratis/ec590540-7c93-4627-a02b-d77a720d96ee/in_use.lock acquired by nodename 23231@263d9e8109d8
2021-05-19 07:26:00,617 [pool-47-thread-1] INFO  storage.RaftStorage (RaftStorageImpl.java:format(87)) - Storage directory /github/workspace/mnt/ozone/hadoop-ozone/integration-test/target/test-dir/MiniOzoneClusterImpl-9cb82971-bc04-407e-a27d-eff665a14f0b/datanode-0/data/ratis/ec590540-7c93-4627-a02b-d77a720d96ee has been successfully formatted.
2021-05-19 07:26:00,617 [pool-47-thread-1] INFO  ratis.ContainerStateMachine (ContainerStateMachine.java:loadSnapshot(224)) - group-D77A720D96EE: The snapshot info is null. Setting the last applied indexto:(t:0, i:~)
2021-05-19 07:26:00,617 [pool-47-thread-1] INFO  server.RaftServerConfigKeys (ConfUtils.java:logGet(44)) - raft.server.notification.no-leader.timeout = 1000000ms (custom)
2021-05-19 07:26:00,618 [pool-47-thread-1] INFO  server.RaftServerConfigKeys (ConfUtils.java:logGet(44)) - raft.server.log.use.memory = false (default)
2021-05-19 07:26:00,618 [pool-47-thread-1] INFO  server.RaftServerConfigKeys (ConfUtils.java:logGet(44)) - raft.server.log.purge.gap = 1000000 (custom)
2021-05-19 07:26:00,618 [pool-47-thread-1] INFO  server.RaftServerConfigKeys (ConfUtils.java:logGet(44)) - raft.server.log.appender.buffer.byte-limit = 33554432 (custom)
2021-05-19 07:26:00,618 [pool-47-thread-1] INFO  metrics.RatisMetrics (RatisMetrics.java:lambda$create$0(36)) - Creating Metrics Registry : ratis.log_worker.10b33b2a-35f4-43b4-a40e-d46234aca334@group-D77A720D96EE
2021-05-19 07:26:00,618 [pool-47-thread-1] INFO  server.RaftServerConfigKeys (ConfUtils.java:logGet(44)) - raft.server.log.segment.size.max = 1048576 (custom)
2021-05-19 07:26:00,619 [pool-47-thread-1] INFO  server.RaftServerConfigKeys (ConfUtils.java:logGet(44)) - raft.server.log.segment.cache.num.max = 2 (custom)
2021-05-19 07:26:00,619 [pool-47-thread-1] INFO  server.RaftServerConfigKeys (ConfUtils.java:logGet(44)) - raft.server.log.segment.cache.size.max = 200MB (=209715200) (default)
2021-05-19 07:26:00,619 [pool-47-thread-1] INFO  segmented.SegmentedRaftLogWorker (SegmentedRaftLogWorker.java:<init>(182)) - new 10b33b2a-35f4-43b4-a40e-d46234aca334@group-D77A720D96EE-SegmentedRaftLogWorker for RaftStorageImpl:Storage Directory /github/workspace/mnt/ozone/hadoop-ozone/integration-test/target/test-dir/MiniOzoneClusterImpl-9cb82971-bc04-407e-a27d-eff665a14f0b/datanode-0/data/ratis/ec590540-7c93-4627-a02b-d77a720d96ee
2021-05-19 07:26:00,619 [pool-47-thread-1] INFO  server.RaftServerConfigKeys (ConfUtils.java:logGet(44)) - raft.server.log.queue.byte-limit = 2147483647 (custom)
2021-05-19 07:26:00,619 [pool-47-thread-1] INFO  server.RaftServerConfigKeys (ConfUtils.java:logGet(44)) - raft.server.log.queue.element-limit = 1024 (custom)
2021-05-19 07:26:00,619 [pool-47-thread-1] INFO  server.RaftServerConfigKeys (ConfUtils.java:logGet(44)) - raft.server.log.segment.size.max = 1048576 (custom)
2021-05-19 07:26:00,619 [pool-47-thread-1] INFO  server.RaftServerConfigKeys (ConfUtils.java:logGet(44)) - raft.server.log.preallocated.size = 16384 (custom)
2021-05-19 07:26:00,619 [pool-47-thread-1] INFO  server.RaftServerConfigKeys (ConfUtils.java:logGet(44)) - raft.server.log.force.sync.num = 128 (default)
2021-05-19 07:26:00,619 [pool-47-thread-1] INFO  server.RaftServerConfigKeys (ConfUtils.java:logGet(44)) - raft.server.log.statemachine.data.sync = true (default)
2021-05-19 07:26:00,619 [pool-47-thread-1] INFO  server.RaftServerConfigKeys (ConfUtils.java:logGet(44)) - raft.server.log.statemachine.data.sync.timeout = 10s (default)
2021-05-19 07:26:00,620 [pool-47-thread-1] INFO  server.RaftServerConfigKeys (ConfUtils.java:logGet(44)) - raft.server.log.statemachine.data.sync.timeout.retry = -1 (default)
2021-05-19 07:26:00,621 [pool-47-thread-1] INFO  server.RaftServerConfigKeys (ConfUtils.java:logGet(44)) - raft.server.log.write.buffer.size = 1048576 (custom)
2021-05-19 07:26:00,621 [pool-47-thread-1] INFO  server.RaftServerConfigKeys (ConfUtils.java:logGet(44)) - raft.server.log.statemachine.data.caching.enabled = true (custom)
2021-05-19 07:26:00,622 [pool-47-thread-1] INFO  segmented.SegmentedRaftLogWorker (SegmentedRaftLogWorker.java:lambda$new$0(133)) - 10b33b2a-35f4-43b4-a40e-d46234aca334@group-D77A720D96EE-SegmentedRaftLogWorker: flushIndex: setUnconditionally 0 -> -1
2021-05-19 07:26:00,622 [pool-47-thread-1] INFO  segmented.SegmentedRaftLogWorker (SegmentedRaftLogWorker.java:lambda$new$0(133)) - 10b33b2a-35f4-43b4-a40e-d46234aca334@group-D77A720D96EE-SegmentedRaftLogWorker: safeCacheEvictIndex: setUnconditionally 0 -> -1
2021-05-19 07:26:00,622 [pool-47-thread-1] INFO  server.RaftServerConfigKeys (ConfUtils.java:logGet(44)) - raft.server.snapshot.auto.trigger.enabled = true (custom)
2021-05-19 07:26:00,622 [pool-47-thread-1] INFO  server.RaftServerConfigKeys (ConfUtils.java:logGet(44)) - raft.server.snapshot.auto.trigger.threshold = 10000 (custom)
2021-05-19 07:26:00,622 [pool-47-thread-1] INFO  server.RaftServerConfigKeys (ConfUtils.java:logGet(44)) - raft.server.snapshot.retention.file.num = 5 (custom)
2021-05-19 07:26:00,622 [pool-47-thread-1] INFO  server.RaftServerConfigKeys (ConfUtils.java:logGet(44)) - raft.server.log.purge.upto.snapshot.index = false (default)
2021-05-19 07:26:00,622 [pool-47-thread-1] INFO  server.RaftServerConfigKeys (ConfUtils.java:logGet(44)) - raft.server.retrycache.expirytime = 600000ms (custom)
2021-05-19 07:26:00,622 [pool-47-thread-1] INFO  server.RaftServerConfigKeys (ConfUtils.java:logGet(44)) - raft.server.retrycache.statistics.expirytime = 100?s (default)
2021-05-19 07:26:00,622 [pool-47-thread-1] INFO  metrics.RatisMetrics (RatisMetrics.java:lambda$create$0(36)) - Creating Metrics Registry : ratis.leader_election.10b33b2a-35f4-43b4-a40e-d46234aca334@group-D77A720D96EE
2021-05-19 07:26:00,623 [pool-47-thread-1] INFO  metrics.RatisMetrics (RatisMetrics.java:lambda$create$0(36)) - Creating Metrics Registry : ratis.server.10b33b2a-35f4-43b4-a40e-d46234aca334@group-D77A720D96EE
2021-05-19 07:26:00,623 [pool-47-thread-1] INFO  server.RaftServer$Division (RaftServerImpl.java:start(295)) - 10b33b2a-35f4-43b4-a40e-d46234aca334@group-D77A720D96EE: start as a follower, conf=-1: [0cd32c65-f3ff-4dcf-8f2d-158191f49883|rpc:172.17.0.2:43505|priority:0, 24cc0112-2c7f-455b-86a3-d41ab711ca71|rpc:172.17.0.2:33355|priority:1, 10b33b2a-35f4-43b4-a40e-d46234aca334|rpc:172.17.0.2:38163|priority:0], old=null
2021-05-19 07:26:00,624 [pool-47-thread-1] INFO  server.RaftServer$Division (RaftServerImpl.java:setRole(284)) - 10b33b2a-35f4-43b4-a40e-d46234aca334@group-D77A720D96EE: changes role from      null to FOLLOWER at term 0 for startAsFollower
2021-05-19 07:26:00,624 [pool-47-thread-1] INFO  impl.RoleInfo (RoleInfo.java:updateAndGet(130)) - 10b33b2a-35f4-43b4-a40e-d46234aca334: start 10b33b2a-35f4-43b4-a40e-d46234aca334@group-D77A720D96EE-FollowerState
2021-05-19 07:26:00,624 [pool-47-thread-1] INFO  util.JmxRegister (JmxRegister.java:tryRegister(44)) - Successfully registered JMX Bean with object name Ratis:service=RaftServer,group=group-D77A720D96EE,id=10b33b2a-35f4-43b4-a40e-d46234aca334
2021-05-19 07:26:00,624 [pool-47-thread-1] INFO  metrics.RatisMetrics (RatisMetrics.java:lambda$create$0(36)) - Creating Metrics Registry : ratis.state_machine.10b33b2a-35f4-43b4-a40e-d46234aca334@group-D77A720D96EE
2021-05-19 07:26:00,628 [Command processor thread] INFO  ratis.XceiverServerRatis (XceiverServerRatis.java:addGroup(808)) - Created group PipelineID=ec590540-7c93-4627-a02b-d77a720d96ee
2021-05-19 07:26:00,629 [EventQueue-PipelineReportForOneReplicaPipelineSafeModeRule] INFO  safemode.SCMSafeModeManager (SCMSafeModeManager.java:validateSafeModeExitRules(201)) - AtleastOneDatanodeReportedRule rule is successfully validated
2021-05-19 07:26:00,632 [EventQueue-OpenPipelineForHealthyPipelineSafeModeRule] INFO  safemode.SCMSafeModeManager (HealthyPipelineSafeModeRule.java:process(130)) - SCM in safe mode. Healthy pipelines reported count is 0, required healthy pipeline reported count is 1
2021-05-19 07:26:00,657 [Command processor thread] INFO  metrics.RatisMetrics (RatisMetrics.java:lambda$create$0(36)) - Creating Metrics Registry : ratis.client_message_metrics.client-1FF233D84BFC->0cd32c65-f3ff-4dcf-8f2d-158191f49883
2021-05-19 07:26:00,724 [EventQueue-PipelineReportForOneReplicaPipelineSafeModeRule] INFO  safemode.SCMSafeModeManager (SCMSafeModeManager.java:validateSafeModeExitRules(201)) - AtleastOneDatanodeReportedRule rule is successfully validated
2021-05-19 07:26:00,724 [EventQueue-OpenPipelineForHealthyPipelineSafeModeRule] INFO  safemode.SCMSafeModeManager (HealthyPipelineSafeModeRule.java:process(130)) - SCM in safe mode. Healthy pipelines reported count is 0, required healthy pipeline reported count is 1
2021-05-19 07:26:00,821 [EventQueue-PipelineReportForOneReplicaPipelineSafeModeRule] INFO  safemode.SCMSafeModeManager (SCMSafeModeManager.java:validateSafeModeExitRules(201)) - AtleastOneDatanodeReportedRule rule is successfully validated
2021-05-19 07:26:00,822 [EventQueue-OpenPipelineForHealthyPipelineSafeModeRule] INFO  safemode.SCMSafeModeManager (HealthyPipelineSafeModeRule.java:process(130)) - SCM in safe mode. Healthy pipelines reported count is 0, required healthy pipeline reported count is 1
2021-05-19 07:26:00,872 [Command processor thread] INFO  server.RaftServer (RaftServerProxy.java:addNew(95)) - 24cc0112-2c7f-455b-86a3-d41ab711ca71: addNew group-CC09BBB41841:[24cc0112-2c7f-455b-86a3-d41ab711ca71|rpc:172.17.0.2:33355|priority:1] returns group-CC09BBB41841:java.util.concurrent.CompletableFuture@361ddf32[Not completed]
2021-05-19 07:26:00,933 [EventQueue-PipelineReportForOneReplicaPipelineSafeModeRule] INFO  safemode.SCMSafeModeManager (SCMSafeModeManager.java:validateSafeModeExitRules(201)) - AtleastOneDatanodeReportedRule rule is successfully validated
2021-05-19 07:26:00,934 [EventQueue-OpenPipelineForHealthyPipelineSafeModeRule] INFO  safemode.SCMSafeModeManager (HealthyPipelineSafeModeRule.java:process(130)) - SCM in safe mode. Healthy pipelines reported count is 0, required healthy pipeline reported count is 1
2021-05-19 07:26:01,021 [pool-65-thread-1] INFO  server.RaftServer$Division (RaftServerImpl.java:<init>(180)) - 24cc0112-2c7f-455b-86a3-d41ab711ca71: new RaftServerImpl for group-CC09BBB41841:[24cc0112-2c7f-455b-86a3-d41ab711ca71|rpc:172.17.0.2:33355|priority:1] with ContainerStateMachine:uninitialized
2021-05-19 07:26:01,025 [EventQueue-PipelineReportForOneReplicaPipelineSafeModeRule] INFO  safemode.SCMSafeModeManager (SCMSafeModeManager.java:validateSafeModeExitRules(201)) - AtleastOneDatanodeReportedRule rule is successfully validated
2021-05-19 07:26:01,025 [EventQueue-OpenPipelineForHealthyPipelineSafeModeRule] INFO  safemode.SCMSafeModeManager (HealthyPipelineSafeModeRule.java:process(130)) - SCM in safe mode. Healthy pipelines reported count is 0, required healthy pipeline reported count is 1
2021-05-19 07:26:01,029 [pool-65-thread-1] INFO  server.RaftServerConfigKeys (ConfUtils.java:logGet(44)) - raft.server.rpc.timeout.min = 5s (custom)
2021-05-19 07:26:01,029 [pool-65-thread-1] INFO  server.RaftServerConfigKeys (ConfUtils.java:logGet(44)) - raft.server.rpc.timeout.max = 5200ms (custom)
2021-05-19 07:26:01,030 [pool-65-thread-1] INFO  server.RaftServerConfigKeys (ConfUtils.java:logGet(44)) - raft.server.rpc.sleep.time = 25ms (default)
2021-05-19 07:26:01,030 [pool-65-thread-1] INFO  server.RaftServerConfigKeys (ConfUtils.java:logGet(44)) - raft.server.rpc.slowness.timeout = 1000000ms (custom)
2021-05-19 07:26:01,030 [pool-65-thread-1] INFO  server.RaftServerConfigKeys (ConfUtils.java:logGet(44)) - raft.server.leaderelection.leader.step-down.wait-time = 10s (default)
2021-05-19 07:26:01,030 [pool-65-thread-1] INFO  server.RaftServerConfigKeys (ConfUtils.java:logGet(44)) - raft.server.sleep.deviation.threshold = 300ms (default)
2021-05-19 07:26:01,030 [pool-65-thread-1] INFO  server.RaftServerConfigKeys (ConfUtils.java:logGet(44)) - raft.server.log.appender.install.snapshot.enabled = false (custom)
2021-05-19 07:26:01,030 [pool-65-thread-1] INFO  server.RaftServer$Division (ServerState.java:<init>(105)) - 24cc0112-2c7f-455b-86a3-d41ab711ca71@group-CC09BBB41841: ConfigurationManager, init=-1: [24cc0112-2c7f-455b-86a3-d41ab711ca71|rpc:172.17.0.2:33355|priority:1], old=null, confs=<EMPTY_MAP>
2021-05-19 07:26:01,030 [pool-65-thread-1] INFO  server.RaftServerConfigKeys (ConfUtils.java:logGet(44)) - raft.server.storage.dir = [/github/workspace/mnt/ozone/hadoop-ozone/integration-test/target/test-dir/MiniOzoneClusterImpl-9cb82971-bc04-407e-a27d-eff665a14f0b/datanode-1/data/ratis] (custom)
2021-05-19 07:26:01,030 [pool-65-thread-1] INFO  server.RaftServerConfigKeys (ConfUtils.java:logGet(44)) - raft.server.log.corruption.policy = EXCEPTION (default)
2021-05-19 07:26:01,030 [pool-65-thread-1] INFO  storage.RaftStorageDirectory (RaftStorageDirectoryImpl.java:analyzeStorage(132)) - The storage directory /github/workspace/mnt/ozone/hadoop-ozone/integration-test/target/test-dir/MiniOzoneClusterImpl-9cb82971-bc04-407e-a27d-eff665a14f0b/datanode-1/data/ratis/b9cf22d6-ac9c-4c63-98ee-cc09bbb41841 does not exist. Creating ...
2021-05-19 07:26:01,032 [pool-65-thread-1] INFO  storage.RaftStorageDirectory (RaftStorageDirectoryImpl.java:tryLock(215)) - Lock on /github/workspace/mnt/ozone/hadoop-ozone/integration-test/target/test-dir/MiniOzoneClusterImpl-9cb82971-bc04-407e-a27d-eff665a14f0b/datanode-1/data/ratis/b9cf22d6-ac9c-4c63-98ee-cc09bbb41841/in_use.lock acquired by nodename 23231@263d9e8109d8
2021-05-19 07:26:01,034 [pool-65-thread-1] INFO  storage.RaftStorage (RaftStorageImpl.java:format(87)) - Storage directory /github/workspace/mnt/ozone/hadoop-ozone/integration-test/target/test-dir/MiniOzoneClusterImpl-9cb82971-bc04-407e-a27d-eff665a14f0b/datanode-1/data/ratis/b9cf22d6-ac9c-4c63-98ee-cc09bbb41841 has been successfully formatted.
2021-05-19 07:26:01,034 [pool-65-thread-1] INFO  ratis.ContainerStateMachine (ContainerStateMachine.java:loadSnapshot(224)) - group-CC09BBB41841: The snapshot info is null. Setting the last applied indexto:(t:0, i:~)
2021-05-19 07:26:01,036 [pool-65-thread-1] INFO  server.RaftServerConfigKeys (ConfUtils.java:logGet(44)) - raft.server.notification.no-leader.timeout = 1000000ms (custom)
2021-05-19 07:26:01,036 [pool-65-thread-1] INFO  server.RaftServerConfigKeys (ConfUtils.java:logGet(44)) - raft.server.log.use.memory = false (default)
2021-05-19 07:26:01,036 [pool-65-thread-1] INFO  server.RaftServerConfigKeys (ConfUtils.java:logGet(44)) - raft.server.log.purge.gap = 1000000 (custom)
2021-05-19 07:26:01,037 [pool-65-thread-1] INFO  server.RaftServerConfigKeys (ConfUtils.java:logGet(44)) - raft.server.log.appender.buffer.byte-limit = 33554432 (custom)
2021-05-19 07:26:01,037 [pool-65-thread-1] INFO  metrics.RatisMetrics (RatisMetrics.java:lambda$create$0(36)) - Creating Metrics Registry : ratis.log_worker.24cc0112-2c7f-455b-86a3-d41ab711ca71@group-CC09BBB41841
2021-05-19 07:26:01,037 [pool-65-thread-1] INFO  server.RaftServerConfigKeys (ConfUtils.java:logGet(44)) - raft.server.log.segment.size.max = 1048576 (custom)
2021-05-19 07:26:01,043 [pool-65-thread-1] INFO  server.RaftServerConfigKeys (ConfUtils.java:logGet(44)) - raft.server.log.segment.cache.num.max = 2 (custom)
2021-05-19 07:26:01,043 [pool-65-thread-1] INFO  server.RaftServerConfigKeys (ConfUtils.java:logGet(44)) - raft.server.log.segment.cache.size.max = 200MB (=209715200) (default)
2021-05-19 07:26:01,043 [pool-65-thread-1] INFO  segmented.SegmentedRaftLogWorker (SegmentedRaftLogWorker.java:<init>(182)) - new 24cc0112-2c7f-455b-86a3-d41ab711ca71@group-CC09BBB41841-SegmentedRaftLogWorker for RaftStorageImpl:Storage Directory /github/workspace/mnt/ozone/hadoop-ozone/integration-test/target/test-dir/MiniOzoneClusterImpl-9cb82971-bc04-407e-a27d-eff665a14f0b/datanode-1/data/ratis/b9cf22d6-ac9c-4c63-98ee-cc09bbb41841
2021-05-19 07:26:01,043 [pool-65-thread-1] INFO  server.RaftServerConfigKeys (ConfUtils.java:logGet(44)) - raft.server.log.queue.byte-limit = 2147483647 (custom)
2021-05-19 07:26:01,043 [pool-65-thread-1] INFO  server.RaftServerConfigKeys (ConfUtils.java:logGet(44)) - raft.server.log.queue.element-limit = 1024 (custom)
2021-05-19 07:26:01,043 [pool-65-thread-1] INFO  server.RaftServerConfigKeys (ConfUtils.java:logGet(44)) - raft.server.log.segment.size.max = 1048576 (custom)
2021-05-19 07:26:01,043 [pool-65-thread-1] INFO  server.RaftServerConfigKeys (ConfUtils.java:logGet(44)) - raft.server.log.preallocated.size = 16384 (custom)
2021-05-19 07:26:01,043 [pool-65-thread-1] INFO  server.RaftServerConfigKeys (ConfUtils.java:logGet(44)) - raft.server.log.force.sync.num = 128 (default)
2021-05-19 07:26:01,043 [pool-65-thread-1] INFO  server.RaftServerConfigKeys (ConfUtils.java:logGet(44)) - raft.server.log.statemachine.data.sync = true (default)
2021-05-19 07:26:01,044 [pool-65-thread-1] INFO  server.RaftServerConfigKeys (ConfUtils.java:logGet(44)) - raft.server.log.statemachine.data.sync.timeout = 10s (default)
2021-05-19 07:26:01,044 [pool-65-thread-1] INFO  server.RaftServerConfigKeys (ConfUtils.java:logGet(44)) - raft.server.log.statemachine.data.sync.timeout.retry = -1 (default)
2021-05-19 07:26:01,045 [EventQueue-PipelineReportForPipelineReportHandler] INFO  pipeline.PipelineManagerV2Impl (PipelineManagerV2Impl.java:openPipeline(270)) - Pipeline Pipeline[ Id: b9cf22d6-ac9c-4c63-98ee-cc09bbb41841, Nodes: 24cc0112-2c7f-455b-86a3-d41ab711ca71{ip: 172.17.0.2, host: 263d9e8109d8, ports: [REPLICATION=46421, RATIS=33355, RATIS_ADMIN=33355, RATIS_SERVER=33355, STANDALONE=38243], networkLocation: /default-rack, certSerialId: null, persistedOpState: IN_SERVICE, persistedOpStateExpiryEpochSec: 0}, ReplicationConfig: RATIS/ONE, State:ALLOCATED, leaderId:24cc0112-2c7f-455b-86a3-d41ab711ca71, CreationTimestamp2021-05-19T07:25:57.875Z] moved to OPEN state
2021-05-19 07:26:01,045 [EventQueue-PipelineReportForOneReplicaPipelineSafeModeRule] INFO  safemode.SCMSafeModeManager (SCMSafeModeManager.java:validateSafeModeExitRules(201)) - AtleastOneDatanodeReportedRule rule is successfully validated
2021-05-19 07:26:01,045 [EventQueue-OpenPipelineForHealthyPipelineSafeModeRule] INFO  safemode.SCMSafeModeManager (HealthyPipelineSafeModeRule.java:process(130)) - SCM in safe mode. Healthy pipelines reported count is 0, required healthy pipeline reported count is 1
2021-05-19 07:26:01,048 [pool-65-thread-1] INFO  server.RaftServerConfigKeys (ConfUtils.java:logGet(44)) - raft.server.log.write.buffer.size = 1048576 (custom)
2021-05-19 07:26:01,049 [pool-65-thread-1] INFO  server.RaftServerConfigKeys (ConfUtils.java:logGet(44)) - raft.server.log.statemachine.data.caching.enabled = true (custom)
2021-05-19 07:26:01,049 [pool-65-thread-1] INFO  segmented.SegmentedRaftLogWorker (SegmentedRaftLogWorker.java:lambda$new$0(133)) - 24cc0112-2c7f-455b-86a3-d41ab711ca71@group-CC09BBB41841-SegmentedRaftLogWorker: flushIndex: setUnconditionally 0 -> -1
2021-05-19 07:26:01,049 [pool-65-thread-1] INFO  segmented.SegmentedRaftLogWorker (SegmentedRaftLogWorker.java:lambda$new$0(133)) - 24cc0112-2c7f-455b-86a3-d41ab711ca71@group-CC09BBB41841-SegmentedRaftLogWorker: safeCacheEvictIndex: setUnconditionally 0 -> -1
2021-05-19 07:26:01,051 [pool-65-thread-1] INFO  server.RaftServerConfigKeys (ConfUtils.java:logGet(44)) - raft.server.snapshot.auto.trigger.enabled = true (custom)
2021-05-19 07:26:01,051 [pool-65-thread-1] INFO  server.RaftServerConfigKeys (ConfUtils.java:logGet(44)) - raft.server.snapshot.auto.trigger.threshold = 10000 (custom)
2021-05-19 07:26:01,051 [pool-65-thread-1] INFO  server.RaftServerConfigKeys (ConfUtils.java:logGet(44)) - raft.server.snapshot.retention.file.num = 5 (custom)
2021-05-19 07:26:01,051 [pool-65-thread-1] INFO  server.RaftServerConfigKeys (ConfUtils.java:logGet(44)) - raft.server.log.purge.upto.snapshot.index = false (default)
2021-05-19 07:26:01,052 [pool-65-thread-1] INFO  server.RaftServerConfigKeys (ConfUtils.java:logGet(44)) - raft.server.retrycache.expirytime = 600000ms (custom)
2021-05-19 07:26:01,052 [pool-65-thread-1] INFO  server.RaftServerConfigKeys (ConfUtils.java:logGet(44)) - raft.server.retrycache.statistics.expirytime = 100?s (default)
2021-05-19 07:26:01,052 [pool-65-thread-1] INFO  metrics.RatisMetrics (RatisMetrics.java:lambda$create$0(36)) - Creating Metrics Registry : ratis.leader_election.24cc0112-2c7f-455b-86a3-d41ab711ca71@group-CC09BBB41841
2021-05-19 07:26:01,052 [pool-65-thread-1] INFO  metrics.RatisMetrics (RatisMetrics.java:lambda$create$0(36)) - Creating Metrics Registry : ratis.server.24cc0112-2c7f-455b-86a3-d41ab711ca71@group-CC09BBB41841
2021-05-19 07:26:01,053 [pool-65-thread-1] INFO  server.RaftServer$Division (RaftServerImpl.java:start(295)) - 24cc0112-2c7f-455b-86a3-d41ab711ca71@group-CC09BBB41841: start as a follower, conf=-1: [24cc0112-2c7f-455b-86a3-d41ab711ca71|rpc:172.17.0.2:33355|priority:1], old=null
2021-05-19 07:26:01,053 [pool-65-thread-1] INFO  server.RaftServer$Division (RaftServerImpl.java:setRole(284)) - 24cc0112-2c7f-455b-86a3-d41ab711ca71@group-CC09BBB41841: changes role from      null to FOLLOWER at term 0 for startAsFollower
2021-05-19 07:26:01,053 [pool-65-thread-1] INFO  impl.RoleInfo (RoleInfo.java:updateAndGet(130)) - 24cc0112-2c7f-455b-86a3-d41ab711ca71: start 24cc0112-2c7f-455b-86a3-d41ab711ca71@group-CC09BBB41841-FollowerState
2021-05-19 07:26:01,054 [pool-65-thread-1] INFO  util.JmxRegister (JmxRegister.java:tryRegister(44)) - Successfully registered JMX Bean with object name Ratis:service=RaftServer,group=group-CC09BBB41841,id=24cc0112-2c7f-455b-86a3-d41ab711ca71
2021-05-19 07:26:01,054 [pool-65-thread-1] INFO  metrics.RatisMetrics (RatisMetrics.java:lambda$create$0(36)) - Creating Metrics Registry : ratis.state_machine.24cc0112-2c7f-455b-86a3-d41ab711ca71@group-CC09BBB41841
2021-05-19 07:26:01,057 [Command processor thread] INFO  ratis.XceiverServerRatis (XceiverServerRatis.java:addGroup(808)) - Created group PipelineID=b9cf22d6-ac9c-4c63-98ee-cc09bbb41841
2021-05-19 07:26:01,058 [grpc-default-executor-0] INFO  metrics.RatisMetrics (RatisMetrics.java:lambda$create$0(36)) - Creating Metrics Registry : ratis.server_message_metrics.0cd32c65-f3ff-4dcf-8f2d-158191f49883
2021-05-19 07:26:01,057 [Command processor thread] INFO  commandhandler.CreatePipelineCommandHandler (CreatePipelineCommandHandler.java:handle(106)) - Created Pipeline RATIS ONE PipelineID=b9cf22d6-ac9c-4c63-98ee-cc09bbb41841.
2021-05-19 07:26:01,061 [Command processor thread] INFO  server.RaftServer (RaftServerProxy.java:addNew(95)) - 24cc0112-2c7f-455b-86a3-d41ab711ca71: addNew group-D77A720D96EE:[0cd32c65-f3ff-4dcf-8f2d-158191f49883|rpc:172.17.0.2:43505|priority:0, 24cc0112-2c7f-455b-86a3-d41ab711ca71|rpc:172.17.0.2:33355|priority:1, 10b33b2a-35f4-43b4-a40e-d46234aca334|rpc:172.17.0.2:38163|priority:0] returns group-D77A720D96EE:java.util.concurrent.CompletableFuture@32225d29[Not completed]
2021-05-19 07:26:01,063 [pool-65-thread-1] INFO  server.RaftServer$Division (RaftServerImpl.java:<init>(180)) - 24cc0112-2c7f-455b-86a3-d41ab711ca71: new RaftServerImpl for group-D77A720D96EE:[0cd32c65-f3ff-4dcf-8f2d-158191f49883|rpc:172.17.0.2:43505|priority:0, 24cc0112-2c7f-455b-86a3-d41ab711ca71|rpc:172.17.0.2:33355|priority:1, 10b33b2a-35f4-43b4-a40e-d46234aca334|rpc:172.17.0.2:38163|priority:0] with ContainerStateMachine:uninitialized
2021-05-19 07:26:01,063 [pool-65-thread-1] INFO  server.RaftServerConfigKeys (ConfUtils.java:logGet(44)) - raft.server.rpc.timeout.min = 5s (custom)
2021-05-19 07:26:01,063 [pool-65-thread-1] INFO  server.RaftServerConfigKeys (ConfUtils.java:logGet(44)) - raft.server.rpc.timeout.max = 5200ms (custom)
2021-05-19 07:26:01,063 [pool-65-thread-1] INFO  server.RaftServerConfigKeys (ConfUtils.java:logGet(44)) - raft.server.rpc.sleep.time = 25ms (default)
2021-05-19 07:26:01,063 [pool-65-thread-1] INFO  server.RaftServerConfigKeys (ConfUtils.java:logGet(44)) - raft.server.rpc.slowness.timeout = 1000000ms (custom)
2021-05-19 07:26:01,063 [pool-65-thread-1] INFO  server.RaftServerConfigKeys (ConfUtils.java:logGet(44)) - raft.server.leaderelection.leader.step-down.wait-time = 10s (default)
2021-05-19 07:26:01,063 [pool-65-thread-1] INFO  server.RaftServerConfigKeys (ConfUtils.java:logGet(44)) - raft.server.sleep.deviation.threshold = 300ms (default)
2021-05-19 07:26:01,063 [pool-65-thread-1] INFO  server.RaftServerConfigKeys (ConfUtils.java:logGet(44)) - raft.server.log.appender.install.snapshot.enabled = false (custom)
2021-05-19 07:26:01,063 [pool-65-thread-1] INFO  server.RaftServer$Division (ServerState.java:<init>(105)) - 24cc0112-2c7f-455b-86a3-d41ab711ca71@group-D77A720D96EE: ConfigurationManager, init=-1: [0cd32c65-f3ff-4dcf-8f2d-158191f49883|rpc:172.17.0.2:43505|priority:0, 24cc0112-2c7f-455b-86a3-d41ab711ca71|rpc:172.17.0.2:33355|priority:1, 10b33b2a-35f4-43b4-a40e-d46234aca334|rpc:172.17.0.2:38163|priority:0], old=null, confs=<EMPTY_MAP>
2021-05-19 07:26:01,063 [pool-65-thread-1] INFO  server.RaftServerConfigKeys (ConfUtils.java:logGet(44)) - raft.server.storage.dir = [/github/workspace/mnt/ozone/hadoop-ozone/integration-test/target/test-dir/MiniOzoneClusterImpl-9cb82971-bc04-407e-a27d-eff665a14f0b/datanode-1/data/ratis] (custom)
2021-05-19 07:26:01,063 [pool-65-thread-1] INFO  server.RaftServerConfigKeys (ConfUtils.java:logGet(44)) - raft.server.log.corruption.policy = EXCEPTION (default)
2021-05-19 07:26:01,064 [pool-65-thread-1] INFO  storage.RaftStorageDirectory (RaftStorageDirectoryImpl.java:analyzeStorage(132)) - The storage directory /github/workspace/mnt/ozone/hadoop-ozone/integration-test/target/test-dir/MiniOzoneClusterImpl-9cb82971-bc04-407e-a27d-eff665a14f0b/datanode-1/data/ratis/ec590540-7c93-4627-a02b-d77a720d96ee does not exist. Creating ...
2021-05-19 07:26:01,068 [pool-65-thread-1] INFO  storage.RaftStorageDirectory (RaftStorageDirectoryImpl.java:tryLock(215)) - Lock on /github/workspace/mnt/ozone/hadoop-ozone/integration-test/target/test-dir/MiniOzoneClusterImpl-9cb82971-bc04-407e-a27d-eff665a14f0b/datanode-1/data/ratis/ec590540-7c93-4627-a02b-d77a720d96ee/in_use.lock acquired by nodename 23231@263d9e8109d8
2021-05-19 07:26:01,071 [pool-65-thread-1] INFO  storage.RaftStorage (RaftStorageImpl.java:format(87)) - Storage directory /github/workspace/mnt/ozone/hadoop-ozone/integration-test/target/test-dir/MiniOzoneClusterImpl-9cb82971-bc04-407e-a27d-eff665a14f0b/datanode-1/data/ratis/ec590540-7c93-4627-a02b-d77a720d96ee has been successfully formatted.
2021-05-19 07:26:01,071 [pool-65-thread-1] INFO  ratis.ContainerStateMachine (ContainerStateMachine.java:loadSnapshot(224)) - group-D77A720D96EE: The snapshot info is null. Setting the last applied indexto:(t:0, i:~)
2021-05-19 07:26:01,071 [pool-65-thread-1] INFO  server.RaftServerConfigKeys (ConfUtils.java:logGet(44)) - raft.server.notification.no-leader.timeout = 1000000ms (custom)
2021-05-19 07:26:01,071 [pool-65-thread-1] INFO  server.RaftServerConfigKeys (ConfUtils.java:logGet(44)) - raft.server.log.use.memory = false (default)
2021-05-19 07:26:01,071 [pool-65-thread-1] INFO  server.RaftServerConfigKeys (ConfUtils.java:logGet(44)) - raft.server.log.purge.gap = 1000000 (custom)
2021-05-19 07:26:01,071 [pool-65-thread-1] INFO  server.RaftServerConfigKeys (ConfUtils.java:logGet(44)) - raft.server.log.appender.buffer.byte-limit = 33554432 (custom)
2021-05-19 07:26:01,071 [pool-65-thread-1] INFO  metrics.RatisMetrics (RatisMetrics.java:lambda$create$0(36)) - Creating Metrics Registry : ratis.log_worker.24cc0112-2c7f-455b-86a3-d41ab711ca71@group-D77A720D96EE
2021-05-19 07:26:01,072 [EventQueue-OpenPipelineForHealthyPipelineSafeModeRule] INFO  safemode.SCMSafeModeManager (HealthyPipelineSafeModeRule.java:process(130)) - SCM in safe mode. Healthy pipelines reported count is 0, required healthy pipeline reported count is 1
2021-05-19 07:26:01,072 [EventQueue-PipelineReportForOneReplicaPipelineSafeModeRule] INFO  safemode.SCMSafeModeManager (SCMSafeModeManager.java:validateSafeModeExitRules(201)) - AtleastOneDatanodeReportedRule rule is successfully validated
2021-05-19 07:26:01,073 [pool-65-thread-1] INFO  server.RaftServerConfigKeys (ConfUtils.java:logGet(44)) - raft.server.log.segment.size.max = 1048576 (custom)
2021-05-19 07:26:01,073 [pool-65-thread-1] INFO  server.RaftServerConfigKeys (ConfUtils.java:logGet(44)) - raft.server.log.segment.cache.num.max = 2 (custom)
2021-05-19 07:26:01,073 [pool-65-thread-1] INFO  server.RaftServerConfigKeys (ConfUtils.java:logGet(44)) - raft.server.log.segment.cache.size.max = 200MB (=209715200) (default)
2021-05-19 07:26:01,073 [pool-65-thread-1] INFO  segmented.SegmentedRaftLogWorker (SegmentedRaftLogWorker.java:<init>(182)) - new 24cc0112-2c7f-455b-86a3-d41ab711ca71@group-D77A720D96EE-SegmentedRaftLogWorker for RaftStorageImpl:Storage Directory /github/workspace/mnt/ozone/hadoop-ozone/integration-test/target/test-dir/MiniOzoneClusterImpl-9cb82971-bc04-407e-a27d-eff665a14f0b/datanode-1/data/ratis/ec590540-7c93-4627-a02b-d77a720d96ee
2021-05-19 07:26:01,073 [pool-65-thread-1] INFO  server.RaftServerConfigKeys (ConfUtils.java:logGet(44)) - raft.server.log.queue.byte-limit = 2147483647 (custom)
2021-05-19 07:26:01,073 [pool-65-thread-1] INFO  server.RaftServerConfigKeys (ConfUtils.java:logGet(44)) - raft.server.log.queue.element-limit = 1024 (custom)
2021-05-19 07:26:01,073 [pool-65-thread-1] INFO  server.RaftServerConfigKeys (ConfUtils.java:logGet(44)) - raft.server.log.segment.size.max = 1048576 (custom)
2021-05-19 07:26:01,073 [pool-65-thread-1] INFO  server.RaftServerConfigKeys (ConfUtils.java:logGet(44)) - raft.server.log.preallocated.size = 16384 (custom)
2021-05-19 07:26:01,073 [pool-65-thread-1] INFO  server.RaftServerConfigKeys (ConfUtils.java:logGet(44)) - raft.server.log.force.sync.num = 128 (default)
2021-05-19 07:26:01,073 [pool-65-thread-1] INFO  server.RaftServerConfigKeys (ConfUtils.java:logGet(44)) - raft.server.log.statemachine.data.sync = true (default)
2021-05-19 07:26:01,074 [pool-65-thread-1] INFO  server.RaftServerConfigKeys (ConfUtils.java:logGet(44)) - raft.server.log.statemachine.data.sync.timeout = 10s (default)
2021-05-19 07:26:01,074 [pool-65-thread-1] INFO  server.RaftServerConfigKeys (ConfUtils.java:logGet(44)) - raft.server.log.statemachine.data.sync.timeout.retry = -1 (default)
2021-05-19 07:26:01,074 [pool-65-thread-1] INFO  server.RaftServerConfigKeys (ConfUtils.java:logGet(44)) - raft.server.log.write.buffer.size = 1048576 (custom)
2021-05-19 07:26:01,075 [pool-65-thread-1] INFO  server.RaftServerConfigKeys (ConfUtils.java:logGet(44)) - raft.server.log.statemachine.data.caching.enabled = true (custom)
2021-05-19 07:26:01,075 [pool-65-thread-1] INFO  segmented.SegmentedRaftLogWorker (SegmentedRaftLogWorker.java:lambda$new$0(133)) - 24cc0112-2c7f-455b-86a3-d41ab711ca71@group-D77A720D96EE-SegmentedRaftLogWorker: flushIndex: setUnconditionally 0 -> -1
2021-05-19 07:26:01,075 [pool-65-thread-1] INFO  segmented.SegmentedRaftLogWorker (SegmentedRaftLogWorker.java:lambda$new$0(133)) - 24cc0112-2c7f-455b-86a3-d41ab711ca71@group-D77A720D96EE-SegmentedRaftLogWorker: safeCacheEvictIndex: setUnconditionally 0 -> -1
2021-05-19 07:26:01,084 [pool-65-thread-1] INFO  server.RaftServerConfigKeys (ConfUtils.java:logGet(44)) - raft.server.snapshot.auto.trigger.enabled = true (custom)
2021-05-19 07:26:01,085 [pool-65-thread-1] INFO  server.RaftServerConfigKeys (ConfUtils.java:logGet(44)) - raft.server.snapshot.auto.trigger.threshold = 10000 (custom)
2021-05-19 07:26:01,085 [pool-65-thread-1] INFO  server.RaftServerConfigKeys (ConfUtils.java:logGet(44)) - raft.server.snapshot.retention.file.num = 5 (custom)
2021-05-19 07:26:01,085 [pool-65-thread-1] INFO  server.RaftServerConfigKeys (ConfUtils.java:logGet(44)) - raft.server.log.purge.upto.snapshot.index = false (default)
2021-05-19 07:26:01,085 [pool-65-thread-1] INFO  server.RaftServerConfigKeys (ConfUtils.java:logGet(44)) - raft.server.retrycache.expirytime = 600000ms (custom)
2021-05-19 07:26:01,085 [pool-65-thread-1] INFO  server.RaftServerConfigKeys (ConfUtils.java:logGet(44)) - raft.server.retrycache.statistics.expirytime = 100?s (default)
2021-05-19 07:26:01,085 [pool-65-thread-1] INFO  metrics.RatisMetrics (RatisMetrics.java:lambda$create$0(36)) - Creating Metrics Registry : ratis.leader_election.24cc0112-2c7f-455b-86a3-d41ab711ca71@group-D77A720D96EE
2021-05-19 07:26:01,085 [pool-65-thread-1] INFO  metrics.RatisMetrics (RatisMetrics.java:lambda$create$0(36)) - Creating Metrics Registry : ratis.server.24cc0112-2c7f-455b-86a3-d41ab711ca71@group-D77A720D96EE
2021-05-19 07:26:01,086 [pool-65-thread-1] INFO  server.RaftServer$Division (RaftServerImpl.java:start(295)) - 24cc0112-2c7f-455b-86a3-d41ab711ca71@group-D77A720D96EE: start as a follower, conf=-1: [0cd32c65-f3ff-4dcf-8f2d-158191f49883|rpc:172.17.0.2:43505|priority:0, 24cc0112-2c7f-455b-86a3-d41ab711ca71|rpc:172.17.0.2:33355|priority:1, 10b33b2a-35f4-43b4-a40e-d46234aca334|rpc:172.17.0.2:38163|priority:0], old=null
2021-05-19 07:26:01,086 [pool-65-thread-1] INFO  server.RaftServer$Division (RaftServerImpl.java:setRole(284)) - 24cc0112-2c7f-455b-86a3-d41ab711ca71@group-D77A720D96EE: changes role from      null to FOLLOWER at term 0 for startAsFollower
2021-05-19 07:26:01,087 [grpc-default-executor-0] INFO  server.RaftServer (RaftServerProxy.java:addNew(95)) - 0cd32c65-f3ff-4dcf-8f2d-158191f49883: addNew group-D77A720D96EE:[0cd32c65-f3ff-4dcf-8f2d-158191f49883|rpc:172.17.0.2:43505|dataStream:|priority:0, 24cc0112-2c7f-455b-86a3-d41ab711ca71|rpc:172.17.0.2:33355|dataStream:|priority:1, 10b33b2a-35f4-43b4-a40e-d46234aca334|rpc:172.17.0.2:38163|dataStream:|priority:0] returns group-D77A720D96EE:java.util.concurrent.CompletableFuture@282b15c5[Not completed]
2021-05-19 07:26:01,087 [pool-65-thread-1] INFO  impl.RoleInfo (RoleInfo.java:updateAndGet(130)) - 24cc0112-2c7f-455b-86a3-d41ab711ca71: start 24cc0112-2c7f-455b-86a3-d41ab711ca71@group-D77A720D96EE-FollowerState
2021-05-19 07:26:01,092 [pool-65-thread-1] INFO  util.JmxRegister (JmxRegister.java:tryRegister(44)) - Successfully registered JMX Bean with object name Ratis:service=RaftServer,group=group-D77A720D96EE,id=24cc0112-2c7f-455b-86a3-d41ab711ca71
2021-05-19 07:26:01,092 [pool-65-thread-1] INFO  metrics.RatisMetrics (RatisMetrics.java:lambda$create$0(36)) - Creating Metrics Registry : ratis.state_machine.24cc0112-2c7f-455b-86a3-d41ab711ca71@group-D77A720D96EE
2021-05-19 07:26:01,098 [Command processor thread] INFO  ratis.XceiverServerRatis (XceiverServerRatis.java:addGroup(808)) - Created group PipelineID=ec590540-7c93-4627-a02b-d77a720d96ee
2021-05-19 07:26:01,105 [pool-83-thread-1] INFO  server.RaftServer$Division (RaftServerImpl.java:<init>(180)) - 0cd32c65-f3ff-4dcf-8f2d-158191f49883: new RaftServerImpl for group-D77A720D96EE:[0cd32c65-f3ff-4dcf-8f2d-158191f49883|rpc:172.17.0.2:43505|dataStream:|priority:0, 24cc0112-2c7f-455b-86a3-d41ab711ca71|rpc:172.17.0.2:33355|dataStream:|priority:1, 10b33b2a-35f4-43b4-a40e-d46234aca334|rpc:172.17.0.2:38163|dataStream:|priority:0] with ContainerStateMachine:uninitialized
2021-05-19 07:26:01,105 [pool-83-thread-1] INFO  server.RaftServerConfigKeys (ConfUtils.java:logGet(44)) - raft.server.rpc.timeout.min = 5s (custom)
2021-05-19 07:26:01,105 [pool-83-thread-1] INFO  server.RaftServerConfigKeys (ConfUtils.java:logGet(44)) - raft.server.rpc.timeout.max = 5200ms (custom)
2021-05-19 07:26:01,106 [pool-83-thread-1] INFO  server.RaftServerConfigKeys (ConfUtils.java:logGet(44)) - raft.server.rpc.sleep.time = 25ms (default)
2021-05-19 07:26:01,106 [pool-83-thread-1] INFO  server.RaftServerConfigKeys (ConfUtils.java:logGet(44)) - raft.server.rpc.slowness.timeout = 1000000ms (custom)
2021-05-19 07:26:01,106 [pool-83-thread-1] INFO  server.RaftServerConfigKeys (ConfUtils.java:logGet(44)) - raft.server.leaderelection.leader.step-down.wait-time = 10s (default)
2021-05-19 07:26:01,106 [pool-83-thread-1] INFO  server.RaftServerConfigKeys (ConfUtils.java:logGet(44)) - raft.server.sleep.deviation.threshold = 300ms (default)
2021-05-19 07:26:01,106 [pool-83-thread-1] INFO  server.RaftServerConfigKeys (ConfUtils.java:logGet(44)) - raft.server.log.appender.install.snapshot.enabled = false (custom)
2021-05-19 07:26:01,106 [pool-83-thread-1] INFO  server.RaftServer$Division (ServerState.java:<init>(105)) - 0cd32c65-f3ff-4dcf-8f2d-158191f49883@group-D77A720D96EE: ConfigurationManager, init=-1: [0cd32c65-f3ff-4dcf-8f2d-158191f49883|rpc:172.17.0.2:43505|dataStream:|priority:0, 24cc0112-2c7f-455b-86a3-d41ab711ca71|rpc:172.17.0.2:33355|dataStream:|priority:1, 10b33b2a-35f4-43b4-a40e-d46234aca334|rpc:172.17.0.2:38163|dataStream:|priority:0], old=null, confs=<EMPTY_MAP>
2021-05-19 07:26:01,106 [pool-83-thread-1] INFO  server.RaftServerConfigKeys (ConfUtils.java:logGet(44)) - raft.server.storage.dir = [/github/workspace/mnt/ozone/hadoop-ozone/integration-test/target/test-dir/MiniOzoneClusterImpl-9cb82971-bc04-407e-a27d-eff665a14f0b/datanode-2/data/ratis] (custom)
2021-05-19 07:26:01,106 [pool-83-thread-1] INFO  server.RaftServerConfigKeys (ConfUtils.java:logGet(44)) - raft.server.log.corruption.policy = EXCEPTION (default)
2021-05-19 07:26:01,107 [pool-83-thread-1] INFO  storage.RaftStorageDirectory (RaftStorageDirectoryImpl.java:analyzeStorage(132)) - The storage directory /github/workspace/mnt/ozone/hadoop-ozone/integration-test/target/test-dir/MiniOzoneClusterImpl-9cb82971-bc04-407e-a27d-eff665a14f0b/datanode-2/data/ratis/ec590540-7c93-4627-a02b-d77a720d96ee does not exist. Creating ...
2021-05-19 07:26:01,107 [Command processor thread] INFO  metrics.RatisMetrics (RatisMetrics.java:lambda$create$0(36)) - Creating Metrics Registry : ratis.client_message_metrics.client-61D1C8F10229->10b33b2a-35f4-43b4-a40e-d46234aca334
2021-05-19 07:26:01,108 [pool-83-thread-1] INFO  storage.RaftStorageDirectory (RaftStorageDirectoryImpl.java:tryLock(215)) - Lock on /github/workspace/mnt/ozone/hadoop-ozone/integration-test/target/test-dir/MiniOzoneClusterImpl-9cb82971-bc04-407e-a27d-eff665a14f0b/datanode-2/data/ratis/ec590540-7c93-4627-a02b-d77a720d96ee/in_use.lock acquired by nodename 23231@263d9e8109d8
2021-05-19 07:26:01,115 [pool-83-thread-1] INFO  storage.RaftStorage (RaftStorageImpl.java:format(87)) - Storage directory /github/workspace/mnt/ozone/hadoop-ozone/integration-test/target/test-dir/MiniOzoneClusterImpl-9cb82971-bc04-407e-a27d-eff665a14f0b/datanode-2/data/ratis/ec590540-7c93-4627-a02b-d77a720d96ee has been successfully formatted.
2021-05-19 07:26:01,122 [EventQueue-PipelineReportForOneReplicaPipelineSafeModeRule] INFO  safemode.SCMSafeModeManager (SCMSafeModeManager.java:validateSafeModeExitRules(201)) - AtleastOneDatanodeReportedRule rule is successfully validated
2021-05-19 07:26:01,122 [pool-83-thread-1] INFO  ratis.ContainerStateMachine (ContainerStateMachine.java:loadSnapshot(224)) - group-D77A720D96EE: The snapshot info is null. Setting the last applied indexto:(t:0, i:~)
2021-05-19 07:26:01,122 [pool-83-thread-1] INFO  server.RaftServerConfigKeys (ConfUtils.java:logGet(44)) - raft.server.notification.no-leader.timeout = 1000000ms (custom)
2021-05-19 07:26:01,122 [pool-83-thread-1] INFO  server.RaftServerConfigKeys (ConfUtils.java:logGet(44)) - raft.server.log.use.memory = false (default)
2021-05-19 07:26:01,122 [pool-83-thread-1] INFO  server.RaftServerConfigKeys (ConfUtils.java:logGet(44)) - raft.server.log.purge.gap = 1000000 (custom)
2021-05-19 07:26:01,122 [pool-83-thread-1] INFO  server.RaftServerConfigKeys (ConfUtils.java:logGet(44)) - raft.server.log.appender.buffer.byte-limit = 33554432 (custom)
2021-05-19 07:26:01,122 [pool-83-thread-1] INFO  metrics.RatisMetrics (RatisMetrics.java:lambda$create$0(36)) - Creating Metrics Registry : ratis.log_worker.0cd32c65-f3ff-4dcf-8f2d-158191f49883@group-D77A720D96EE
2021-05-19 07:26:01,123 [pool-83-thread-1] INFO  server.RaftServerConfigKeys (ConfUtils.java:logGet(44)) - raft.server.log.segment.size.max = 1048576 (custom)
2021-05-19 07:26:01,123 [pool-83-thread-1] INFO  server.RaftServerConfigKeys (ConfUtils.java:logGet(44)) - raft.server.log.segment.cache.num.max = 2 (custom)
2021-05-19 07:26:01,123 [pool-83-thread-1] INFO  server.RaftServerConfigKeys (ConfUtils.java:logGet(44)) - raft.server.log.segment.cache.size.max = 200MB (=209715200) (default)
2021-05-19 07:26:01,123 [pool-83-thread-1] INFO  segmented.SegmentedRaftLogWorker (SegmentedRaftLogWorker.java:<init>(182)) - new 0cd32c65-f3ff-4dcf-8f2d-158191f49883@group-D77A720D96EE-SegmentedRaftLogWorker for RaftStorageImpl:Storage Directory /github/workspace/mnt/ozone/hadoop-ozone/integration-test/target/test-dir/MiniOzoneClusterImpl-9cb82971-bc04-407e-a27d-eff665a14f0b/datanode-2/data/ratis/ec590540-7c93-4627-a02b-d77a720d96ee
2021-05-19 07:26:01,123 [pool-83-thread-1] INFO  server.RaftServerConfigKeys (ConfUtils.java:logGet(44)) - raft.server.log.queue.byte-limit = 2147483647 (custom)
2021-05-19 07:26:01,123 [pool-83-thread-1] INFO  server.RaftServerConfigKeys (ConfUtils.java:logGet(44)) - raft.server.log.queue.element-limit = 1024 (custom)
2021-05-19 07:26:01,123 [pool-83-thread-1] INFO  server.RaftServerConfigKeys (ConfUtils.java:logGet(44)) - raft.server.log.segment.size.max = 1048576 (custom)
2021-05-19 07:26:01,123 [pool-83-thread-1] INFO  server.RaftServerConfigKeys (ConfUtils.java:logGet(44)) - raft.server.log.preallocated.size = 16384 (custom)
2021-05-19 07:26:01,124 [pool-83-thread-1] INFO  server.RaftServerConfigKeys (ConfUtils.java:logGet(44)) - raft.server.log.force.sync.num = 128 (default)
2021-05-19 07:26:01,124 [pool-83-thread-1] INFO  server.RaftServerConfigKeys (ConfUtils.java:logGet(44)) - raft.server.log.statemachine.data.sync = true (default)
2021-05-19 07:26:01,124 [pool-83-thread-1] INFO  server.RaftServerConfigKeys (ConfUtils.java:logGet(44)) - raft.server.log.statemachine.data.sync.timeout = 10s (default)
2021-05-19 07:26:01,124 [EventQueue-PipelineReportForOneReplicaPipelineSafeModeRule] INFO  safemode.SCMSafeModeManager (SCMSafeModeManager.java:validateSafeModeExitRules(201)) - AtleastOneDatanodeReportedRule rule is successfully validated
2021-05-19 07:26:01,125 [pool-83-thread-1] INFO  server.RaftServerConfigKeys (ConfUtils.java:logGet(44)) - raft.server.log.statemachine.data.sync.timeout.retry = -1 (default)
2021-05-19 07:26:01,125 [EventQueue-OpenPipelineForHealthyPipelineSafeModeRule] INFO  safemode.SCMSafeModeManager (HealthyPipelineSafeModeRule.java:process(130)) - SCM in safe mode. Healthy pipelines reported count is 0, required healthy pipeline reported count is 1
2021-05-19 07:26:01,132 [pool-83-thread-1] INFO  server.RaftServerConfigKeys (ConfUtils.java:logGet(44)) - raft.server.log.write.buffer.size = 1048576 (custom)
2021-05-19 07:26:01,133 [pool-83-thread-1] INFO  server.RaftServerConfigKeys (ConfUtils.java:logGet(44)) - raft.server.log.statemachine.data.caching.enabled = true (custom)
2021-05-19 07:26:01,133 [pool-83-thread-1] INFO  segmented.SegmentedRaftLogWorker (SegmentedRaftLogWorker.java:lambda$new$0(133)) - 0cd32c65-f3ff-4dcf-8f2d-158191f49883@group-D77A720D96EE-SegmentedRaftLogWorker: flushIndex: setUnconditionally 0 -> -1
2021-05-19 07:26:01,133 [pool-83-thread-1] INFO  segmented.SegmentedRaftLogWorker (SegmentedRaftLogWorker.java:lambda$new$0(133)) - 0cd32c65-f3ff-4dcf-8f2d-158191f49883@group-D77A720D96EE-SegmentedRaftLogWorker: safeCacheEvictIndex: setUnconditionally 0 -> -1
2021-05-19 07:26:01,133 [pool-83-thread-1] INFO  server.RaftServerConfigKeys (ConfUtils.java:logGet(44)) - raft.server.snapshot.auto.trigger.enabled = true (custom)
2021-05-19 07:26:01,134 [pool-83-thread-1] INFO  server.RaftServerConfigKeys (ConfUtils.java:logGet(44)) - raft.server.snapshot.auto.trigger.threshold = 10000 (custom)
2021-05-19 07:26:01,134 [pool-83-thread-1] INFO  server.RaftServerConfigKeys (ConfUtils.java:logGet(44)) - raft.server.snapshot.retention.file.num = 5 (custom)
2021-05-19 07:26:01,134 [pool-83-thread-1] INFO  server.RaftServerConfigKeys (ConfUtils.java:logGet(44)) - raft.server.log.purge.upto.snapshot.index = false (default)
2021-05-19 07:26:01,134 [pool-83-thread-1] INFO  server.RaftServerConfigKeys (ConfUtils.java:logGet(44)) - raft.server.retrycache.expirytime = 600000ms (custom)
2021-05-19 07:26:01,134 [pool-83-thread-1] INFO  server.RaftServerConfigKeys (ConfUtils.java:logGet(44)) - raft.server.retrycache.statistics.expirytime = 100?s (default)
2021-05-19 07:26:01,134 [pool-83-thread-1] INFO  metrics.RatisMetrics (RatisMetrics.java:lambda$create$0(36)) - Creating Metrics Registry : ratis.leader_election.0cd32c65-f3ff-4dcf-8f2d-158191f49883@group-D77A720D96EE
2021-05-19 07:26:01,134 [pool-83-thread-1] INFO  metrics.RatisMetrics (RatisMetrics.java:lambda$create$0(36)) - Creating Metrics Registry : ratis.server.0cd32c65-f3ff-4dcf-8f2d-158191f49883@group-D77A720D96EE
2021-05-19 07:26:01,135 [pool-83-thread-1] INFO  server.RaftServer$Division (RaftServerImpl.java:start(295)) - 0cd32c65-f3ff-4dcf-8f2d-158191f49883@group-D77A720D96EE: start as a follower, conf=-1: [0cd32c65-f3ff-4dcf-8f2d-158191f49883|rpc:172.17.0.2:43505|dataStream:|priority:0, 24cc0112-2c7f-455b-86a3-d41ab711ca71|rpc:172.17.0.2:33355|dataStream:|priority:1, 10b33b2a-35f4-43b4-a40e-d46234aca334|rpc:172.17.0.2:38163|dataStream:|priority:0], old=null
2021-05-19 07:26:01,135 [pool-83-thread-1] INFO  server.RaftServer$Division (RaftServerImpl.java:setRole(284)) - 0cd32c65-f3ff-4dcf-8f2d-158191f49883@group-D77A720D96EE: changes role from      null to FOLLOWER at term 0 for startAsFollower
2021-05-19 07:26:01,135 [pool-83-thread-1] INFO  impl.RoleInfo (RoleInfo.java:updateAndGet(130)) - 0cd32c65-f3ff-4dcf-8f2d-158191f49883: start 0cd32c65-f3ff-4dcf-8f2d-158191f49883@group-D77A720D96EE-FollowerState
2021-05-19 07:26:01,136 [pool-83-thread-1] INFO  util.JmxRegister (JmxRegister.java:tryRegister(44)) - Successfully registered JMX Bean with object name Ratis:service=RaftServer,group=group-D77A720D96EE,id=0cd32c65-f3ff-4dcf-8f2d-158191f49883
2021-05-19 07:26:01,136 [pool-83-thread-1] INFO  metrics.RatisMetrics (RatisMetrics.java:lambda$create$0(36)) - Creating Metrics Registry : ratis.state_machine.0cd32c65-f3ff-4dcf-8f2d-158191f49883@group-D77A720D96EE
2021-05-19 07:26:01,146 [grpc-default-executor-0] INFO  metrics.RatisMetrics (RatisMetrics.java:lambda$create$0(36)) - Creating Metrics Registry : ratis.server_message_metrics.10b33b2a-35f4-43b4-a40e-d46234aca334
2021-05-19 07:26:01,159 [Command processor thread] INFO  server.RaftServer (RaftServerProxy.java:addNew(95)) - 0cd32c65-f3ff-4dcf-8f2d-158191f49883: addNew group-DC63EAEBFFB0:[0cd32c65-f3ff-4dcf-8f2d-158191f49883|rpc:172.17.0.2:43505|priority:1] returns group-DC63EAEBFFB0:java.util.concurrent.CompletableFuture@1dc5025d[Not completed]
2021-05-19 07:26:01,160 [pool-83-thread-1] INFO  server.RaftServer$Division (RaftServerImpl.java:<init>(180)) - 0cd32c65-f3ff-4dcf-8f2d-158191f49883: new RaftServerImpl for group-DC63EAEBFFB0:[0cd32c65-f3ff-4dcf-8f2d-158191f49883|rpc:172.17.0.2:43505|priority:1] with ContainerStateMachine:uninitialized
2021-05-19 07:26:01,160 [pool-83-thread-1] INFO  server.RaftServerConfigKeys (ConfUtils.java:logGet(44)) - raft.server.rpc.timeout.min = 5s (custom)
2021-05-19 07:26:01,160 [pool-83-thread-1] INFO  server.RaftServerConfigKeys (ConfUtils.java:logGet(44)) - raft.server.rpc.timeout.max = 5200ms (custom)
2021-05-19 07:26:01,160 [pool-83-thread-1] INFO  server.RaftServerConfigKeys (ConfUtils.java:logGet(44)) - raft.server.rpc.sleep.time = 25ms (default)
2021-05-19 07:26:01,160 [pool-83-thread-1] INFO  server.RaftServerConfigKeys (ConfUtils.java:logGet(44)) - raft.server.rpc.slowness.timeout = 1000000ms (custom)
2021-05-19 07:26:01,160 [pool-83-thread-1] INFO  server.RaftServerConfigKeys (ConfUtils.java:logGet(44)) - raft.server.leaderelection.leader.step-down.wait-time = 10s (default)
2021-05-19 07:26:01,160 [pool-83-thread-1] INFO  server.RaftServerConfigKeys (ConfUtils.java:logGet(44)) - raft.server.sleep.deviation.threshold = 300ms (default)
2021-05-19 07:26:01,160 [pool-83-thread-1] INFO  server.RaftServerConfigKeys (ConfUtils.java:logGet(44)) - raft.server.log.appender.install.snapshot.enabled = false (custom)
2021-05-19 07:26:01,160 [pool-83-thread-1] INFO  server.RaftServer$Division (ServerState.java:<init>(105)) - 0cd32c65-f3ff-4dcf-8f2d-158191f49883@group-DC63EAEBFFB0: ConfigurationManager, init=-1: [0cd32c65-f3ff-4dcf-8f2d-158191f49883|rpc:172.17.0.2:43505|priority:1], old=null, confs=<EMPTY_MAP>
2021-05-19 07:26:01,160 [pool-83-thread-1] INFO  server.RaftServerConfigKeys (ConfUtils.java:logGet(44)) - raft.server.storage.dir = [/github/workspace/mnt/ozone/hadoop-ozone/integration-test/target/test-dir/MiniOzoneClusterImpl-9cb82971-bc04-407e-a27d-eff665a14f0b/datanode-2/data/ratis] (custom)
2021-05-19 07:26:01,160 [pool-83-thread-1] INFO  server.RaftServerConfigKeys (ConfUtils.java:logGet(44)) - raft.server.log.corruption.policy = EXCEPTION (default)
2021-05-19 07:26:01,160 [pool-83-thread-1] INFO  storage.RaftStorageDirectory (RaftStorageDirectoryImpl.java:analyzeStorage(132)) - The storage directory /github/workspace/mnt/ozone/hadoop-ozone/integration-test/target/test-dir/MiniOzoneClusterImpl-9cb82971-bc04-407e-a27d-eff665a14f0b/datanode-2/data/ratis/e1497386-432b-4157-9842-dc63eaebffb0 does not exist. Creating ...
2021-05-19 07:26:01,162 [pool-83-thread-1] INFO  storage.RaftStorageDirectory (RaftStorageDirectoryImpl.java:tryLock(215)) - Lock on /github/workspace/mnt/ozone/hadoop-ozone/integration-test/target/test-dir/MiniOzoneClusterImpl-9cb82971-bc04-407e-a27d-eff665a14f0b/datanode-2/data/ratis/e1497386-432b-4157-9842-dc63eaebffb0/in_use.lock acquired by nodename 23231@263d9e8109d8
2021-05-19 07:26:01,165 [pool-83-thread-1] INFO  storage.RaftStorage (RaftStorageImpl.java:format(87)) - Storage directory /github/workspace/mnt/ozone/hadoop-ozone/integration-test/target/test-dir/MiniOzoneClusterImpl-9cb82971-bc04-407e-a27d-eff665a14f0b/datanode-2/data/ratis/e1497386-432b-4157-9842-dc63eaebffb0 has been successfully formatted.
2021-05-19 07:26:01,166 [EventQueue-PipelineReportForOneReplicaPipelineSafeModeRule] INFO  safemode.SCMSafeModeManager (SCMSafeModeManager.java:validateSafeModeExitRules(201)) - AtleastOneDatanodeReportedRule rule is successfully validated
2021-05-19 07:26:01,166 [EventQueue-PipelineReportForPipelineReportHandler] INFO  pipeline.PipelineManagerV2Impl (PipelineManagerV2Impl.java:openPipeline(270)) - Pipeline Pipeline[ Id: e1497386-432b-4157-9842-dc63eaebffb0, Nodes: 0cd32c65-f3ff-4dcf-8f2d-158191f49883{ip: 172.17.0.2, host: 263d9e8109d8, ports: [REPLICATION=43117, RATIS=43505, RATIS_ADMIN=43505, RATIS_SERVER=43505, STANDALONE=35025], networkLocation: /default-rack, certSerialId: null, persistedOpState: IN_SERVICE, persistedOpStateExpiryEpochSec: 0}, ReplicationConfig: RATIS/ONE, State:ALLOCATED, leaderId:0cd32c65-f3ff-4dcf-8f2d-158191f49883, CreationTimestamp2021-05-19T07:25:58.162Z] moved to OPEN state
2021-05-19 07:26:01,167 [pool-83-thread-1] INFO  ratis.ContainerStateMachine (ContainerStateMachine.java:loadSnapshot(224)) - group-DC63EAEBFFB0: The snapshot info is null. Setting the last applied indexto:(t:0, i:~)
2021-05-19 07:26:01,167 [pool-83-thread-1] INFO  server.RaftServerConfigKeys (ConfUtils.java:logGet(44)) - raft.server.notification.no-leader.timeout = 1000000ms (custom)
2021-05-19 07:26:01,167 [pool-83-thread-1] INFO  server.RaftServerConfigKeys (ConfUtils.java:logGet(44)) - raft.server.log.use.memory = false (default)
2021-05-19 07:26:01,167 [pool-83-thread-1] INFO  server.RaftServerConfigKeys (ConfUtils.java:logGet(44)) - raft.server.log.purge.gap = 1000000 (custom)
2021-05-19 07:26:01,167 [pool-83-thread-1] INFO  server.RaftServerConfigKeys (ConfUtils.java:logGet(44)) - raft.server.log.appender.buffer.byte-limit = 33554432 (custom)
2021-05-19 07:26:01,167 [pool-83-thread-1] INFO  metrics.RatisMetrics (RatisMetrics.java:lambda$create$0(36)) - Creating Metrics Registry : ratis.log_worker.0cd32c65-f3ff-4dcf-8f2d-158191f49883@group-DC63EAEBFFB0
2021-05-19 07:26:01,167 [Listener at 127.0.0.1/46767] INFO  ozone.MiniOzoneClusterImpl (MiniOzoneClusterImpl.java:lambda$waitForClusterToBeReady$0(224)) - Nodes are ready. Got 3 of 3 DN Heartbeats.
2021-05-19 07:26:01,168 [Listener at 127.0.0.1/46767] INFO  ozone.MiniOzoneClusterImpl (MiniOzoneClusterImpl.java:lambda$waitForClusterToBeReady$0(227)) - Waiting for cluster to exit safe mode
2021-05-19 07:26:01,168 [Listener at 127.0.0.1/46767] INFO  ozone.MiniOzoneClusterImpl (MiniOzoneClusterImpl.java:lambda$waitForClusterToBeReady$0(230)) - SCM became leader
2021-05-19 07:26:01,167 [EventQueue-OpenPipelineForHealthyPipelineSafeModeRule] INFO  safemode.SCMSafeModeManager (HealthyPipelineSafeModeRule.java:process(130)) - SCM in safe mode. Healthy pipelines reported count is 0, required healthy pipeline reported count is 1
2021-05-19 07:26:01,168 [pool-83-thread-1] INFO  server.RaftServerConfigKeys (ConfUtils.java:logGet(44)) - raft.server.log.segment.size.max = 1048576 (custom)
2021-05-19 07:26:01,170 [pool-83-thread-1] INFO  server.RaftServerConfigKeys (ConfUtils.java:logGet(44)) - raft.server.log.segment.cache.num.max = 2 (custom)
2021-05-19 07:26:01,173 [EventQueue-OpenPipelineForHealthyPipelineSafeModeRule] INFO  safemode.SCMSafeModeManager (HealthyPipelineSafeModeRule.java:process(130)) - SCM in safe mode. Healthy pipelines reported count is 0, required healthy pipeline reported count is 1
2021-05-19 07:26:01,173 [EventQueue-PipelineReportForOneReplicaPipelineSafeModeRule] INFO  safemode.SCMSafeModeManager (SCMSafeModeManager.java:validateSafeModeExitRules(201)) - AtleastOneDatanodeReportedRule rule is successfully validated
2021-05-19 07:26:01,174 [pool-83-thread-1] INFO  server.RaftServerConfigKeys (ConfUtils.java:logGet(44)) - raft.server.log.segment.cache.size.max = 200MB (=209715200) (default)
2021-05-19 07:26:01,174 [pool-83-thread-1] INFO  segmented.SegmentedRaftLogWorker (SegmentedRaftLogWorker.java:<init>(182)) - new 0cd32c65-f3ff-4dcf-8f2d-158191f49883@group-DC63EAEBFFB0-SegmentedRaftLogWorker for RaftStorageImpl:Storage Directory /github/workspace/mnt/ozone/hadoop-ozone/integration-test/target/test-dir/MiniOzoneClusterImpl-9cb82971-bc04-407e-a27d-eff665a14f0b/datanode-2/data/ratis/e1497386-432b-4157-9842-dc63eaebffb0
2021-05-19 07:26:01,174 [pool-83-thread-1] INFO  server.RaftServerConfigKeys (ConfUtils.java:logGet(44)) - raft.server.log.queue.byte-limit = 2147483647 (custom)
2021-05-19 07:26:01,174 [pool-83-thread-1] INFO  server.RaftServerConfigKeys (ConfUtils.java:logGet(44)) - raft.server.log.queue.element-limit = 1024 (custom)
2021-05-19 07:26:01,174 [pool-83-thread-1] INFO  server.RaftServerConfigKeys (ConfUtils.java:logGet(44)) - raft.server.log.segment.size.max = 1048576 (custom)
2021-05-19 07:26:01,174 [pool-83-thread-1] INFO  server.RaftServerConfigKeys (ConfUtils.java:logGet(44)) - raft.server.log.preallocated.size = 16384 (custom)
2021-05-19 07:26:01,174 [pool-83-thread-1] INFO  server.RaftServerConfigKeys (ConfUtils.java:logGet(44)) - raft.server.log.force.sync.num = 128 (default)
2021-05-19 07:26:01,175 [pool-83-thread-1] INFO  server.RaftServerConfigKeys (ConfUtils.java:logGet(44)) - raft.server.log.statemachine.data.sync = true (default)
2021-05-19 07:26:01,179 [pool-83-thread-1] INFO  server.RaftServerConfigKeys (ConfUtils.java:logGet(44)) - raft.server.log.statemachine.data.sync.timeout = 10s (default)
2021-05-19 07:26:01,179 [pool-83-thread-1] INFO  server.RaftServerConfigKeys (ConfUtils.java:logGet(44)) - raft.server.log.statemachine.data.sync.timeout.retry = -1 (default)
2021-05-19 07:26:01,187 [pool-83-thread-1] INFO  server.RaftServerConfigKeys (ConfUtils.java:logGet(44)) - raft.server.log.write.buffer.size = 1048576 (custom)
2021-05-19 07:26:01,188 [pool-83-thread-1] INFO  server.RaftServerConfigKeys (ConfUtils.java:logGet(44)) - raft.server.log.statemachine.data.caching.enabled = true (custom)
2021-05-19 07:26:01,189 [pool-83-thread-1] INFO  segmented.SegmentedRaftLogWorker (SegmentedRaftLogWorker.java:lambda$new$0(133)) - 0cd32c65-f3ff-4dcf-8f2d-158191f49883@group-DC63EAEBFFB0-SegmentedRaftLogWorker: flushIndex: setUnconditionally 0 -> -1
2021-05-19 07:26:01,189 [pool-83-thread-1] INFO  segmented.SegmentedRaftLogWorker (SegmentedRaftLogWorker.java:lambda$new$0(133)) - 0cd32c65-f3ff-4dcf-8f2d-158191f49883@group-DC63EAEBFFB0-SegmentedRaftLogWorker: safeCacheEvictIndex: setUnconditionally 0 -> -1
2021-05-19 07:26:01,189 [pool-83-thread-1] INFO  server.RaftServerConfigKeys (ConfUtils.java:logGet(44)) - raft.server.snapshot.auto.trigger.enabled = true (custom)
2021-05-19 07:26:01,189 [pool-83-thread-1] INFO  server.RaftServerConfigKeys (ConfUtils.java:logGet(44)) - raft.server.snapshot.auto.trigger.threshold = 10000 (custom)
2021-05-19 07:26:01,189 [pool-83-thread-1] INFO  server.RaftServerConfigKeys (ConfUtils.java:logGet(44)) - raft.server.snapshot.retention.file.num = 5 (custom)
2021-05-19 07:26:01,189 [pool-83-thread-1] INFO  server.RaftServerConfigKeys (ConfUtils.java:logGet(44)) - raft.server.log.purge.upto.snapshot.index = false (default)
2021-05-19 07:26:01,189 [pool-83-thread-1] INFO  server.RaftServerConfigKeys (ConfUtils.java:logGet(44)) - raft.server.retrycache.expirytime = 600000ms (custom)
2021-05-19 07:26:01,190 [pool-83-thread-1] INFO  server.RaftServerConfigKeys (ConfUtils.java:logGet(44)) - raft.server.retrycache.statistics.expirytime = 100?s (default)
2021-05-19 07:26:01,190 [pool-83-thread-1] INFO  metrics.RatisMetrics (RatisMetrics.java:lambda$create$0(36)) - Creating Metrics Registry : ratis.leader_election.0cd32c65-f3ff-4dcf-8f2d-158191f49883@group-DC63EAEBFFB0
2021-05-19 07:26:01,191 [pool-83-thread-1] INFO  metrics.RatisMetrics (RatisMetrics.java:lambda$create$0(36)) - Creating Metrics Registry : ratis.server.0cd32c65-f3ff-4dcf-8f2d-158191f49883@group-DC63EAEBFFB0
2021-05-19 07:26:01,194 [pool-83-thread-1] INFO  server.RaftServer$Division (RaftServerImpl.java:start(295)) - 0cd32c65-f3ff-4dcf-8f2d-158191f49883@group-DC63EAEBFFB0: start as a follower, conf=-1: [0cd32c65-f3ff-4dcf-8f2d-158191f49883|rpc:172.17.0.2:43505|priority:1], old=null
2021-05-19 07:26:01,194 [pool-83-thread-1] INFO  server.RaftServer$Division (RaftServerImpl.java:setRole(284)) - 0cd32c65-f3ff-4dcf-8f2d-158191f49883@group-DC63EAEBFFB0: changes role from      null to FOLLOWER at term 0 for startAsFollower
2021-05-19 07:26:01,194 [pool-83-thread-1] INFO  impl.RoleInfo (RoleInfo.java:updateAndGet(130)) - 0cd32c65-f3ff-4dcf-8f2d-158191f49883: start 0cd32c65-f3ff-4dcf-8f2d-158191f49883@group-DC63EAEBFFB0-FollowerState
2021-05-19 07:26:01,194 [pool-83-thread-1] INFO  util.JmxRegister (JmxRegister.java:tryRegister(44)) - Successfully registered JMX Bean with object name Ratis:service=RaftServer,group=group-DC63EAEBFFB0,id=0cd32c65-f3ff-4dcf-8f2d-158191f49883
2021-05-19 07:26:01,194 [pool-83-thread-1] INFO  metrics.RatisMetrics (RatisMetrics.java:lambda$create$0(36)) - Creating Metrics Registry : ratis.state_machine.0cd32c65-f3ff-4dcf-8f2d-158191f49883@group-DC63EAEBFFB0
2021-05-19 07:26:01,195 [Command processor thread] INFO  ratis.XceiverServerRatis (XceiverServerRatis.java:addGroup(808)) - Created group PipelineID=e1497386-432b-4157-9842-dc63eaebffb0
2021-05-19 07:26:01,195 [Command processor thread] INFO  commandhandler.CreatePipelineCommandHandler (CreatePipelineCommandHandler.java:handle(106)) - Created Pipeline RATIS ONE PipelineID=e1497386-432b-4157-9842-dc63eaebffb0.
2021-05-19 07:26:01,221 [Command processor thread] INFO  metrics.RatisMetrics (RatisMetrics.java:lambda$create$0(36)) - Creating Metrics Registry : ratis.client_message_metrics.client-07C71EEF8CAD->24cc0112-2c7f-455b-86a3-d41ab711ca71
2021-05-19 07:26:01,225 [EventQueue-PipelineReportForOneReplicaPipelineSafeModeRule] INFO  safemode.SCMSafeModeManager (SCMSafeModeManager.java:validateSafeModeExitRules(201)) - AtleastOneDatanodeReportedRule rule is successfully validated
2021-05-19 07:26:01,225 [EventQueue-OpenPipelineForHealthyPipelineSafeModeRule] INFO  safemode.SCMSafeModeManager (HealthyPipelineSafeModeRule.java:process(130)) - SCM in safe mode. Healthy pipelines reported count is 0, required healthy pipeline reported count is 1
2021-05-19 07:26:01,237 [Command processor thread] INFO  metrics.RatisMetrics (RatisMetrics.java:lambda$create$0(36)) - Creating Metrics Registry : ratis.client_message_metrics.client-F85B854C81F9->0cd32c65-f3ff-4dcf-8f2d-158191f49883
2021-05-19 07:26:01,251 [grpc-default-executor-0] INFO  metrics.RatisMetrics (RatisMetrics.java:lambda$create$0(36)) - Creating Metrics Registry : ratis.server_message_metrics.24cc0112-2c7f-455b-86a3-d41ab711ca71
2021-05-19 07:26:01,265 [Command processor thread] INFO  commandhandler.CreatePipelineCommandHandler (CreatePipelineCommandHandler.java:handle(106)) - Created Pipeline RATIS THREE PipelineID=ec590540-7c93-4627-a02b-d77a720d96ee.
2021-05-19 07:26:01,266 [EventQueue-PipelineReportForOneReplicaPipelineSafeModeRule] INFO  safemode.SCMSafeModeManager (SCMSafeModeManager.java:validateSafeModeExitRules(201)) - AtleastOneDatanodeReportedRule rule is successfully validated
2021-05-19 07:26:01,267 [EventQueue-OpenPipelineForHealthyPipelineSafeModeRule] INFO  safemode.SCMSafeModeManager (HealthyPipelineSafeModeRule.java:process(130)) - SCM in safe mode. Healthy pipelines reported count is 0, required healthy pipeline reported count is 1
2021-05-19 07:26:01,273 [EventQueue-PipelineReportForOneReplicaPipelineSafeModeRule] INFO  safemode.SCMSafeModeManager (SCMSafeModeManager.java:validateSafeModeExitRules(201)) - AtleastOneDatanodeReportedRule rule is successfully validated
2021-05-19 07:26:01,273 [EventQueue-OpenPipelineForHealthyPipelineSafeModeRule] INFO  safemode.SCMSafeModeManager (HealthyPipelineSafeModeRule.java:process(130)) - SCM in safe mode. Healthy pipelines reported count is 0, required healthy pipeline reported count is 1
2021-05-19 07:26:01,279 [Command processor thread] INFO  commandhandler.CreatePipelineCommandHandler (CreatePipelineCommandHandler.java:handle(106)) - Created Pipeline RATIS THREE PipelineID=ec590540-7c93-4627-a02b-d77a720d96ee.
2021-05-19 07:26:01,325 [EventQueue-PipelineReportForOneReplicaPipelineSafeModeRule] INFO  safemode.SCMSafeModeManager (SCMSafeModeManager.java:validateSafeModeExitRules(201)) - AtleastOneDatanodeReportedRule rule is successfully validated
2021-05-19 07:26:01,326 [EventQueue-OpenPipelineForHealthyPipelineSafeModeRule] INFO  safemode.SCMSafeModeManager (HealthyPipelineSafeModeRule.java:process(130)) - SCM in safe mode. Healthy pipelines reported count is 0, required healthy pipeline reported count is 1
2021-05-19 07:26:01,367 [EventQueue-PipelineReportForOneReplicaPipelineSafeModeRule] INFO  safemode.SCMSafeModeManager (SCMSafeModeManager.java:validateSafeModeExitRules(201)) - AtleastOneDatanodeReportedRule rule is successfully validated
2021-05-19 07:26:01,367 [EventQueue-OpenPipelineForHealthyPipelineSafeModeRule] INFO  safemode.SCMSafeModeManager (HealthyPipelineSafeModeRule.java:process(130)) - SCM in safe mode. Healthy pipelines reported count is 0, required healthy pipeline reported count is 1
2021-05-19 07:26:01,373 [EventQueue-OpenPipelineForHealthyPipelineSafeModeRule] INFO  safemode.SCMSafeModeManager (HealthyPipelineSafeModeRule.java:process(130)) - SCM in safe mode. Healthy pipelines reported count is 0, required healthy pipeline reported count is 1
2021-05-19 07:26:01,373 [EventQueue-PipelineReportForOneReplicaPipelineSafeModeRule] INFO  safemode.SCMSafeModeManager (SCMSafeModeManager.java:validateSafeModeExitRules(201)) - AtleastOneDatanodeReportedRule rule is successfully validated
2021-05-19 07:26:01,425 [EventQueue-PipelineReportForOneReplicaPipelineSafeModeRule] INFO  safemode.SCMSafeModeManager (SCMSafeModeManager.java:validateSafeModeExitRules(201)) - AtleastOneDatanodeReportedRule rule is successfully validated
2021-05-19 07:26:01,425 [EventQueue-OpenPipelineForHealthyPipelineSafeModeRule] INFO  safemode.SCMSafeModeManager (HealthyPipelineSafeModeRule.java:process(130)) - SCM in safe mode. Healthy pipelines reported count is 0, required healthy pipeline reported count is 1
2021-05-19 07:26:01,467 [EventQueue-PipelineReportForOneReplicaPipelineSafeModeRule] INFO  safemode.SCMSafeModeManager (SCMSafeModeManager.java:validateSafeModeExitRules(201)) - AtleastOneDatanodeReportedRule rule is successfully validated
2021-05-19 07:26:01,467 [EventQueue-OpenPipelineForHealthyPipelineSafeModeRule] INFO  safemode.SCMSafeModeManager (HealthyPipelineSafeModeRule.java:process(130)) - SCM in safe mode. Healthy pipelines reported count is 0, required healthy pipeline reported count is 1
2021-05-19 07:26:01,473 [EventQueue-PipelineReportForOneReplicaPipelineSafeModeRule] INFO  safemode.SCMSafeModeManager (SCMSafeModeManager.java:validateSafeModeExitRules(201)) - AtleastOneDatanodeReportedRule rule is successfully validated
2021-05-19 07:26:01,473 [EventQueue-OpenPipelineForHealthyPipelineSafeModeRule] INFO  safemode.SCMSafeModeManager (HealthyPipelineSafeModeRule.java:process(130)) - SCM in safe mode. Healthy pipelines reported count is 0, required healthy pipeline reported count is 1
2021-05-19 07:26:01,527 [EventQueue-PipelineReportForOneReplicaPipelineSafeModeRule] INFO  safemode.SCMSafeModeManager (SCMSafeModeManager.java:validateSafeModeExitRules(201)) - AtleastOneDatanodeReportedRule rule is successfully validated
2021-05-19 07:26:01,527 [EventQueue-OpenPipelineForHealthyPipelineSafeModeRule] INFO  safemode.SCMSafeModeManager (HealthyPipelineSafeModeRule.java:process(130)) - SCM in safe mode. Healthy pipelines reported count is 0, required healthy pipeline reported count is 1
2021-05-19 07:26:01,567 [EventQueue-PipelineReportForOneReplicaPipelineSafeModeRule] INFO  safemode.SCMSafeModeManager (SCMSafeModeManager.java:validateSafeModeExitRules(201)) - AtleastOneDatanodeReportedRule rule is successfully validated
2021-05-19 07:26:01,567 [EventQueue-OpenPipelineForHealthyPipelineSafeModeRule] INFO  safemode.SCMSafeModeManager (HealthyPipelineSafeModeRule.java:process(130)) - SCM in safe mode. Healthy pipelines reported count is 0, required healthy pipeline reported count is 1
2021-05-19 07:26:01,574 [EventQueue-OpenPipelineForHealthyPipelineSafeModeRule] INFO  safemode.SCMSafeModeManager (HealthyPipelineSafeModeRule.java:process(130)) - SCM in safe mode. Healthy pipelines reported count is 0, required healthy pipeline reported count is 1
2021-05-19 07:26:01,574 [EventQueue-PipelineReportForOneReplicaPipelineSafeModeRule] INFO  safemode.SCMSafeModeManager (SCMSafeModeManager.java:validateSafeModeExitRules(201)) - AtleastOneDatanodeReportedRule rule is successfully validated
2021-05-19 07:26:01,625 [EventQueue-PipelineReportForOneReplicaPipelineSafeModeRule] INFO  safemode.SCMSafeModeManager (SCMSafeModeManager.java:validateSafeModeExitRules(201)) - AtleastOneDatanodeReportedRule rule is successfully validated
2021-05-19 07:26:01,625 [EventQueue-OpenPipelineForHealthyPipelineSafeModeRule] INFO  safemode.SCMSafeModeManager (HealthyPipelineSafeModeRule.java:process(130)) - SCM in safe mode. Healthy pipelines reported count is 0, required healthy pipeline reported count is 1
2021-05-19 07:26:01,667 [EventQueue-PipelineReportForOneReplicaPipelineSafeModeRule] INFO  safemode.SCMSafeModeManager (SCMSafeModeManager.java:validateSafeModeExitRules(201)) - AtleastOneDatanodeReportedRule rule is successfully validated
2021-05-19 07:26:01,667 [EventQueue-OpenPipelineForHealthyPipelineSafeModeRule] INFO  safemode.SCMSafeModeManager (HealthyPipelineSafeModeRule.java:process(130)) - SCM in safe mode. Healthy pipelines reported count is 0, required healthy pipeline reported count is 1
2021-05-19 07:26:01,673 [EventQueue-PipelineReportForOneReplicaPipelineSafeModeRule] INFO  safemode.SCMSafeModeManager (SCMSafeModeManager.java:validateSafeModeExitRules(201)) - AtleastOneDatanodeReportedRule rule is successfully validated
2021-05-19 07:26:01,674 [EventQueue-OpenPipelineForHealthyPipelineSafeModeRule] INFO  safemode.SCMSafeModeManager (HealthyPipelineSafeModeRule.java:process(130)) - SCM in safe mode. Healthy pipelines reported count is 0, required healthy pipeline reported count is 1
2021-05-19 07:26:01,725 [EventQueue-OpenPipelineForHealthyPipelineSafeModeRule] INFO  safemode.SCMSafeModeManager (HealthyPipelineSafeModeRule.java:process(130)) - SCM in safe mode. Healthy pipelines reported count is 0, required healthy pipeline reported count is 1
2021-05-19 07:26:01,725 [EventQueue-PipelineReportForOneReplicaPipelineSafeModeRule] INFO  safemode.SCMSafeModeManager (SCMSafeModeManager.java:validateSafeModeExitRules(201)) - AtleastOneDatanodeReportedRule rule is successfully validated
2021-05-19 07:26:01,767 [EventQueue-PipelineReportForOneReplicaPipelineSafeModeRule] INFO  safemode.SCMSafeModeManager (SCMSafeModeManager.java:validateSafeModeExitRules(201)) - AtleastOneDatanodeReportedRule rule is successfully validated
2021-05-19 07:26:01,768 [EventQueue-OpenPipelineForHealthyPipelineSafeModeRule] INFO  safemode.SCMSafeModeManager (HealthyPipelineSafeModeRule.java:process(130)) - SCM in safe mode. Healthy pipelines reported count is 0, required healthy pipeline reported count is 1
2021-05-19 07:26:01,773 [EventQueue-PipelineReportForOneReplicaPipelineSafeModeRule] INFO  safemode.SCMSafeModeManager (SCMSafeModeManager.java:validateSafeModeExitRules(201)) - AtleastOneDatanodeReportedRule rule is successfully validated
2021-05-19 07:26:01,774 [EventQueue-OpenPipelineForHealthyPipelineSafeModeRule] INFO  safemode.SCMSafeModeManager (HealthyPipelineSafeModeRule.java:process(130)) - SCM in safe mode. Healthy pipelines reported count is 0, required healthy pipeline reported count is 1
2021-05-19 07:26:01,825 [EventQueue-PipelineReportForOneReplicaPipelineSafeModeRule] INFO  safemode.SCMSafeModeManager (SCMSafeModeManager.java:validateSafeModeExitRules(201)) - AtleastOneDatanodeReportedRule rule is successfully validated
2021-05-19 07:26:01,825 [EventQueue-OpenPipelineForHealthyPipelineSafeModeRule] INFO  safemode.SCMSafeModeManager (HealthyPipelineSafeModeRule.java:process(130)) - SCM in safe mode. Healthy pipelines reported count is 0, required healthy pipeline reported count is 1
2021-05-19 07:26:01,868 [EventQueue-PipelineReportForOneReplicaPipelineSafeModeRule] INFO  safemode.SCMSafeModeManager (SCMSafeModeManager.java:validateSafeModeExitRules(201)) - AtleastOneDatanodeReportedRule rule is successfully validated
2021-05-19 07:26:01,868 [EventQueue-OpenPipelineForHealthyPipelineSafeModeRule] INFO  safemode.SCMSafeModeManager (HealthyPipelineSafeModeRule.java:process(130)) - SCM in safe mode. Healthy pipelines reported count is 0, required healthy pipeline reported count is 1
2021-05-19 07:26:01,873 [EventQueue-OpenPipelineForHealthyPipelineSafeModeRule] INFO  safemode.SCMSafeModeManager (HealthyPipelineSafeModeRule.java:process(130)) - SCM in safe mode. Healthy pipelines reported count is 0, required healthy pipeline reported count is 1
2021-05-19 07:26:01,873 [EventQueue-PipelineReportForOneReplicaPipelineSafeModeRule] INFO  safemode.SCMSafeModeManager (SCMSafeModeManager.java:validateSafeModeExitRules(201)) - AtleastOneDatanodeReportedRule rule is successfully validated
2021-05-19 07:26:01,925 [EventQueue-PipelineReportForOneReplicaPipelineSafeModeRule] INFO  safemode.SCMSafeModeManager (SCMSafeModeManager.java:validateSafeModeExitRules(201)) - AtleastOneDatanodeReportedRule rule is successfully validated
2021-05-19 07:26:01,926 [EventQueue-OpenPipelineForHealthyPipelineSafeModeRule] INFO  safemode.SCMSafeModeManager (HealthyPipelineSafeModeRule.java:process(130)) - SCM in safe mode. Healthy pipelines reported count is 0, required healthy pipeline reported count is 1
2021-05-19 07:26:01,968 [EventQueue-PipelineReportForOneReplicaPipelineSafeModeRule] INFO  safemode.SCMSafeModeManager (SCMSafeModeManager.java:validateSafeModeExitRules(201)) - AtleastOneDatanodeReportedRule rule is successfully validated
2021-05-19 07:26:01,968 [EventQueue-OpenPipelineForHealthyPipelineSafeModeRule] INFO  safemode.SCMSafeModeManager (HealthyPipelineSafeModeRule.java:process(130)) - SCM in safe mode. Healthy pipelines reported count is 0, required healthy pipeline reported count is 1
2021-05-19 07:26:01,974 [EventQueue-PipelineReportForOneReplicaPipelineSafeModeRule] INFO  safemode.SCMSafeModeManager (SCMSafeModeManager.java:validateSafeModeExitRules(201)) - AtleastOneDatanodeReportedRule rule is successfully validated
2021-05-19 07:26:01,974 [EventQueue-OpenPipelineForHealthyPipelineSafeModeRule] INFO  safemode.SCMSafeModeManager (HealthyPipelineSafeModeRule.java:process(130)) - SCM in safe mode. Healthy pipelines reported count is 0, required healthy pipeline reported count is 1
2021-05-19 07:26:02,026 [EventQueue-OpenPipelineForHealthyPipelineSafeModeRule] INFO  safemode.SCMSafeModeManager (HealthyPipelineSafeModeRule.java:process(130)) - SCM in safe mode. Healthy pipelines reported count is 0, required healthy pipeline reported count is 1
2021-05-19 07:26:02,026 [EventQueue-PipelineReportForOneReplicaPipelineSafeModeRule] INFO  safemode.SCMSafeModeManager (SCMSafeModeManager.java:validateSafeModeExitRules(201)) - AtleastOneDatanodeReportedRule rule is successfully validated
2021-05-19 07:26:02,069 [EventQueue-PipelineReportForOneReplicaPipelineSafeModeRule] INFO  safemode.SCMSafeModeManager (SCMSafeModeManager.java:validateSafeModeExitRules(201)) - AtleastOneDatanodeReportedRule rule is successfully validated
2021-05-19 07:26:02,069 [EventQueue-OpenPipelineForHealthyPipelineSafeModeRule] INFO  safemode.SCMSafeModeManager (HealthyPipelineSafeModeRule.java:process(130)) - SCM in safe mode. Healthy pipelines reported count is 0, required healthy pipeline reported count is 1
2021-05-19 07:26:02,074 [EventQueue-PipelineReportForOneReplicaPipelineSafeModeRule] INFO  safemode.SCMSafeModeManager (SCMSafeModeManager.java:validateSafeModeExitRules(201)) - AtleastOneDatanodeReportedRule rule is successfully validated
2021-05-19 07:26:02,074 [EventQueue-OpenPipelineForHealthyPipelineSafeModeRule] INFO  safemode.SCMSafeModeManager (HealthyPipelineSafeModeRule.java:process(130)) - SCM in safe mode. Healthy pipelines reported count is 0, required healthy pipeline reported count is 1
2021-05-19 07:26:02,126 [EventQueue-PipelineReportForOneReplicaPipelineSafeModeRule] INFO  safemode.SCMSafeModeManager (SCMSafeModeManager.java:validateSafeModeExitRules(201)) - AtleastOneDatanodeReportedRule rule is successfully validated
2021-05-19 07:26:02,126 [EventQueue-OpenPipelineForHealthyPipelineSafeModeRule] INFO  safemode.SCMSafeModeManager (HealthyPipelineSafeModeRule.java:process(130)) - SCM in safe mode. Healthy pipelines reported count is 0, required healthy pipeline reported count is 1
2021-05-19 07:26:02,168 [Listener at 127.0.0.1/46767] INFO  ozone.MiniOzoneClusterImpl (MiniOzoneClusterImpl.java:lambda$waitForClusterToBeReady$0(224)) - Nodes are ready. Got 3 of 3 DN Heartbeats.
2021-05-19 07:26:02,169 [Listener at 127.0.0.1/46767] INFO  ozone.MiniOzoneClusterImpl (MiniOzoneClusterImpl.java:lambda$waitForClusterToBeReady$0(227)) - Waiting for cluster to exit safe mode
2021-05-19 07:26:02,169 [Listener at 127.0.0.1/46767] INFO  ozone.MiniOzoneClusterImpl (MiniOzoneClusterImpl.java:lambda$waitForClusterToBeReady$0(230)) - SCM became leader
2021-05-19 07:26:02,170 [EventQueue-PipelineReportForOneReplicaPipelineSafeModeRule] INFO  safemode.SCMSafeModeManager (SCMSafeModeManager.java:validateSafeModeExitRules(201)) - AtleastOneDatanodeReportedRule rule is successfully validated
2021-05-19 07:26:02,170 [EventQueue-OpenPipelineForHealthyPipelineSafeModeRule] INFO  safemode.SCMSafeModeManager (HealthyPipelineSafeModeRule.java:process(130)) - SCM in safe mode. Healthy pipelines reported count is 0, required healthy pipeline reported count is 1
2021-05-19 07:26:02,175 [EventQueue-PipelineReportForOneReplicaPipelineSafeModeRule] INFO  safemode.SCMSafeModeManager (SCMSafeModeManager.java:validateSafeModeExitRules(201)) - AtleastOneDatanodeReportedRule rule is successfully validated
2021-05-19 07:26:02,175 [EventQueue-OpenPipelineForHealthyPipelineSafeModeRule] INFO  safemode.SCMSafeModeManager (HealthyPipelineSafeModeRule.java:process(130)) - SCM in safe mode. Healthy pipelines reported count is 0, required healthy pipeline reported count is 1
2021-05-19 07:26:02,226 [EventQueue-PipelineReportForOneReplicaPipelineSafeModeRule] INFO  safemode.SCMSafeModeManager (SCMSafeModeManager.java:validateSafeModeExitRules(201)) - AtleastOneDatanodeReportedRule rule is successfully validated
2021-05-19 07:26:02,226 [EventQueue-OpenPipelineForHealthyPipelineSafeModeRule] INFO  safemode.SCMSafeModeManager (HealthyPipelineSafeModeRule.java:process(130)) - SCM in safe mode. Healthy pipelines reported count is 0, required healthy pipeline reported count is 1
2021-05-19 07:26:02,269 [EventQueue-PipelineReportForOneReplicaPipelineSafeModeRule] INFO  safemode.SCMSafeModeManager (SCMSafeModeManager.java:validateSafeModeExitRules(201)) - AtleastOneDatanodeReportedRule rule is successfully validated
2021-05-19 07:26:02,270 [EventQueue-OpenPipelineForHealthyPipelineSafeModeRule] INFO  safemode.SCMSafeModeManager (HealthyPipelineSafeModeRule.java:process(130)) - SCM in safe mode. Healthy pipelines reported count is 0, required healthy pipeline reported count is 1
2021-05-19 07:26:02,275 [EventQueue-PipelineReportForOneReplicaPipelineSafeModeRule] INFO  safemode.SCMSafeModeManager (SCMSafeModeManager.java:validateSafeModeExitRules(201)) - AtleastOneDatanodeReportedRule rule is successfully validated
2021-05-19 07:26:02,275 [EventQueue-OpenPipelineForHealthyPipelineSafeModeRule] INFO  safemode.SCMSafeModeManager (HealthyPipelineSafeModeRule.java:process(130)) - SCM in safe mode. Healthy pipelines reported count is 0, required healthy pipeline reported count is 1
2021-05-19 07:26:02,327 [EventQueue-PipelineReportForOneReplicaPipelineSafeModeRule] INFO  safemode.SCMSafeModeManager (SCMSafeModeManager.java:validateSafeModeExitRules(201)) - AtleastOneDatanodeReportedRule rule is successfully validated
2021-05-19 07:26:02,328 [EventQueue-OpenPipelineForHealthyPipelineSafeModeRule] INFO  safemode.SCMSafeModeManager (HealthyPipelineSafeModeRule.java:process(130)) - SCM in safe mode. Healthy pipelines reported count is 0, required healthy pipeline reported count is 1
2021-05-19 07:26:02,369 [EventQueue-PipelineReportForOneReplicaPipelineSafeModeRule] INFO  safemode.SCMSafeModeManager (SCMSafeModeManager.java:validateSafeModeExitRules(201)) - AtleastOneDatanodeReportedRule rule is successfully validated
2021-05-19 07:26:02,370 [EventQueue-OpenPipelineForHealthyPipelineSafeModeRule] INFO  safemode.SCMSafeModeManager (HealthyPipelineSafeModeRule.java:process(130)) - SCM in safe mode. Healthy pipelines reported count is 0, required healthy pipeline reported count is 1
2021-05-19 07:26:02,376 [EventQueue-PipelineReportForOneReplicaPipelineSafeModeRule] INFO  safemode.SCMSafeModeManager (SCMSafeModeManager.java:validateSafeModeExitRules(201)) - AtleastOneDatanodeReportedRule rule is successfully validated
2021-05-19 07:26:02,376 [EventQueue-OpenPipelineForHealthyPipelineSafeModeRule] INFO  safemode.SCMSafeModeManager (HealthyPipelineSafeModeRule.java:process(130)) - SCM in safe mode. Healthy pipelines reported count is 0, required healthy pipeline reported count is 1
2021-05-19 07:26:02,427 [EventQueue-PipelineReportForOneReplicaPipelineSafeModeRule] INFO  safemode.SCMSafeModeManager (SCMSafeModeManager.java:validateSafeModeExitRules(201)) - AtleastOneDatanodeReportedRule rule is successfully validated
2021-05-19 07:26:02,428 [EventQueue-OpenPipelineForHealthyPipelineSafeModeRule] INFO  safemode.SCMSafeModeManager (HealthyPipelineSafeModeRule.java:process(130)) - SCM in safe mode. Healthy pipelines reported count is 0, required healthy pipeline reported count is 1
2021-05-19 07:26:02,470 [EventQueue-PipelineReportForOneReplicaPipelineSafeModeRule] INFO  safemode.SCMSafeModeManager (SCMSafeModeManager.java:validateSafeModeExitRules(201)) - AtleastOneDatanodeReportedRule rule is successfully validated
2021-05-19 07:26:02,470 [EventQueue-OpenPipelineForHealthyPipelineSafeModeRule] INFO  safemode.SCMSafeModeManager (HealthyPipelineSafeModeRule.java:process(130)) - SCM in safe mode. Healthy pipelines reported count is 0, required healthy pipeline reported count is 1
2021-05-19 07:26:02,476 [EventQueue-PipelineReportForOneReplicaPipelineSafeModeRule] INFO  safemode.SCMSafeModeManager (SCMSafeModeManager.java:validateSafeModeExitRules(201)) - AtleastOneDatanodeReportedRule rule is successfully validated
2021-05-19 07:26:02,476 [EventQueue-OpenPipelineForHealthyPipelineSafeModeRule] INFO  safemode.SCMSafeModeManager (HealthyPipelineSafeModeRule.java:process(130)) - SCM in safe mode. Healthy pipelines reported count is 0, required healthy pipeline reported count is 1
2021-05-19 07:26:02,527 [EventQueue-PipelineReportForOneReplicaPipelineSafeModeRule] INFO  safemode.SCMSafeModeManager (SCMSafeModeManager.java:validateSafeModeExitRules(201)) - AtleastOneDatanodeReportedRule rule is successfully validated
2021-05-19 07:26:02,527 [EventQueue-OpenPipelineForHealthyPipelineSafeModeRule] INFO  safemode.SCMSafeModeManager (HealthyPipelineSafeModeRule.java:process(130)) - SCM in safe mode. Healthy pipelines reported count is 0, required healthy pipeline reported count is 1
2021-05-19 07:26:02,570 [EventQueue-PipelineReportForOneReplicaPipelineSafeModeRule] INFO  safemode.SCMSafeModeManager (SCMSafeModeManager.java:validateSafeModeExitRules(201)) - AtleastOneDatanodeReportedRule rule is successfully validated
2021-05-19 07:26:02,570 [EventQueue-OpenPipelineForHealthyPipelineSafeModeRule] INFO  safemode.SCMSafeModeManager (HealthyPipelineSafeModeRule.java:process(130)) - SCM in safe mode. Healthy pipelines reported count is 0, required healthy pipeline reported count is 1
2021-05-19 07:26:02,575 [EventQueue-PipelineReportForOneReplicaPipelineSafeModeRule] INFO  safemode.SCMSafeModeManager (SCMSafeModeManager.java:validateSafeModeExitRules(201)) - AtleastOneDatanodeReportedRule rule is successfully validated
2021-05-19 07:26:02,575 [EventQueue-OpenPipelineForHealthyPipelineSafeModeRule] INFO  safemode.SCMSafeModeManager (HealthyPipelineSafeModeRule.java:process(130)) - SCM in safe mode. Healthy pipelines reported count is 0, required healthy pipeline reported count is 1
2021-05-19 07:26:02,627 [EventQueue-PipelineReportForOneReplicaPipelineSafeModeRule] INFO  safemode.SCMSafeModeManager (SCMSafeModeManager.java:validateSafeModeExitRules(201)) - AtleastOneDatanodeReportedRule rule is successfully validated
2021-05-19 07:26:02,627 [EventQueue-OpenPipelineForHealthyPipelineSafeModeRule] INFO  safemode.SCMSafeModeManager (HealthyPipelineSafeModeRule.java:process(130)) - SCM in safe mode. Healthy pipelines reported count is 0, required healthy pipeline reported count is 1
2021-05-19 07:26:02,670 [EventQueue-OpenPipelineForHealthyPipelineSafeModeRule] INFO  safemode.SCMSafeModeManager (HealthyPipelineSafeModeRule.java:process(130)) - SCM in safe mode. Healthy pipelines reported count is 0, required healthy pipeline reported count is 1
2021-05-19 07:26:02,670 [EventQueue-PipelineReportForOneReplicaPipelineSafeModeRule] INFO  safemode.SCMSafeModeManager (SCMSafeModeManager.java:validateSafeModeExitRules(201)) - AtleastOneDatanodeReportedRule rule is successfully validated
2021-05-19 07:26:02,675 [EventQueue-PipelineReportForOneReplicaPipelineSafeModeRule] INFO  safemode.SCMSafeModeManager (SCMSafeModeManager.java:validateSafeModeExitRules(201)) - AtleastOneDatanodeReportedRule rule is successfully validated
2021-05-19 07:26:02,676 [EventQueue-OpenPipelineForHealthyPipelineSafeModeRule] INFO  safemode.SCMSafeModeManager (HealthyPipelineSafeModeRule.java:process(130)) - SCM in safe mode. Healthy pipelines reported count is 0, required healthy pipeline reported count is 1
2021-05-19 07:26:02,728 [EventQueue-OpenPipelineForHealthyPipelineSafeModeRule] INFO  safemode.SCMSafeModeManager (HealthyPipelineSafeModeRule.java:process(130)) - SCM in safe mode. Healthy pipelines reported count is 0, required healthy pipeline reported count is 1
2021-05-19 07:26:02,728 [EventQueue-PipelineReportForOneReplicaPipelineSafeModeRule] INFO  safemode.SCMSafeModeManager (SCMSafeModeManager.java:validateSafeModeExitRules(201)) - AtleastOneDatanodeReportedRule rule is successfully validated
2021-05-19 07:26:02,770 [EventQueue-PipelineReportForOneReplicaPipelineSafeModeRule] INFO  safemode.SCMSafeModeManager (SCMSafeModeManager.java:validateSafeModeExitRules(201)) - AtleastOneDatanodeReportedRule rule is successfully validated
2021-05-19 07:26:02,770 [EventQueue-OpenPipelineForHealthyPipelineSafeModeRule] INFO  safemode.SCMSafeModeManager (HealthyPipelineSafeModeRule.java:process(130)) - SCM in safe mode. Healthy pipelines reported count is 0, required healthy pipeline reported count is 1
2021-05-19 07:26:02,775 [EventQueue-OpenPipelineForHealthyPipelineSafeModeRule] INFO  safemode.SCMSafeModeManager (HealthyPipelineSafeModeRule.java:process(130)) - SCM in safe mode. Healthy pipelines reported count is 0, required healthy pipeline reported count is 1
2021-05-19 07:26:02,775 [EventQueue-PipelineReportForOneReplicaPipelineSafeModeRule] INFO  safemode.SCMSafeModeManager (SCMSafeModeManager.java:validateSafeModeExitRules(201)) - AtleastOneDatanodeReportedRule rule is successfully validated
2021-05-19 07:26:02,828 [EventQueue-PipelineReportForOneReplicaPipelineSafeModeRule] INFO  safemode.SCMSafeModeManager (SCMSafeModeManager.java:validateSafeModeExitRules(201)) - AtleastOneDatanodeReportedRule rule is successfully validated
2021-05-19 07:26:02,828 [EventQueue-OpenPipelineForHealthyPipelineSafeModeRule] INFO  safemode.SCMSafeModeManager (HealthyPipelineSafeModeRule.java:process(130)) - SCM in safe mode. Healthy pipelines reported count is 0, required healthy pipeline reported count is 1
2021-05-19 07:26:02,870 [EventQueue-PipelineReportForOneReplicaPipelineSafeModeRule] INFO  safemode.SCMSafeModeManager (SCMSafeModeManager.java:validateSafeModeExitRules(201)) - AtleastOneDatanodeReportedRule rule is successfully validated
2021-05-19 07:26:02,870 [EventQueue-OpenPipelineForHealthyPipelineSafeModeRule] INFO  safemode.SCMSafeModeManager (HealthyPipelineSafeModeRule.java:process(130)) - SCM in safe mode. Healthy pipelines reported count is 0, required healthy pipeline reported count is 1
2021-05-19 07:26:02,876 [EventQueue-OpenPipelineForHealthyPipelineSafeModeRule] INFO  safemode.SCMSafeModeManager (HealthyPipelineSafeModeRule.java:process(130)) - SCM in safe mode. Healthy pipelines reported count is 0, required healthy pipeline reported count is 1
2021-05-19 07:26:02,876 [EventQueue-PipelineReportForOneReplicaPipelineSafeModeRule] INFO  safemode.SCMSafeModeManager (SCMSafeModeManager.java:validateSafeModeExitRules(201)) - AtleastOneDatanodeReportedRule rule is successfully validated
2021-05-19 07:26:02,928 [EventQueue-OpenPipelineForHealthyPipelineSafeModeRule] INFO  safemode.SCMSafeModeManager (HealthyPipelineSafeModeRule.java:process(130)) - SCM in safe mode. Healthy pipelines reported count is 0, required healthy pipeline reported count is 1
2021-05-19 07:26:02,928 [EventQueue-PipelineReportForOneReplicaPipelineSafeModeRule] INFO  safemode.SCMSafeModeManager (SCMSafeModeManager.java:validateSafeModeExitRules(201)) - AtleastOneDatanodeReportedRule rule is successfully validated
2021-05-19 07:26:02,970 [EventQueue-OpenPipelineForHealthyPipelineSafeModeRule] INFO  safemode.SCMSafeModeManager (HealthyPipelineSafeModeRule.java:process(130)) - SCM in safe mode. Healthy pipelines reported count is 0, required healthy pipeline reported count is 1
2021-05-19 07:26:02,970 [EventQueue-PipelineReportForOneReplicaPipelineSafeModeRule] INFO  safemode.SCMSafeModeManager (SCMSafeModeManager.java:validateSafeModeExitRules(201)) - AtleastOneDatanodeReportedRule rule is successfully validated
2021-05-19 07:26:02,977 [EventQueue-OpenPipelineForHealthyPipelineSafeModeRule] INFO  safemode.SCMSafeModeManager (HealthyPipelineSafeModeRule.java:process(130)) - SCM in safe mode. Healthy pipelines reported count is 0, required healthy pipeline reported count is 1
2021-05-19 07:26:02,977 [EventQueue-PipelineReportForOneReplicaPipelineSafeModeRule] INFO  safemode.SCMSafeModeManager (SCMSafeModeManager.java:validateSafeModeExitRules(201)) - AtleastOneDatanodeReportedRule rule is successfully validated
2021-05-19 07:26:03,027 [EventQueue-PipelineReportForOneReplicaPipelineSafeModeRule] INFO  safemode.SCMSafeModeManager (SCMSafeModeManager.java:validateSafeModeExitRules(201)) - AtleastOneDatanodeReportedRule rule is successfully validated
2021-05-19 07:26:03,028 [EventQueue-OpenPipelineForHealthyPipelineSafeModeRule] INFO  safemode.SCMSafeModeManager (HealthyPipelineSafeModeRule.java:process(130)) - SCM in safe mode. Healthy pipelines reported count is 0, required healthy pipeline reported count is 1
2021-05-19 07:26:03,069 [EventQueue-PipelineReportForOneReplicaPipelineSafeModeRule] INFO  safemode.SCMSafeModeManager (SCMSafeModeManager.java:validateSafeModeExitRules(201)) - AtleastOneDatanodeReportedRule rule is successfully validated
2021-05-19 07:26:03,070 [EventQueue-OpenPipelineForHealthyPipelineSafeModeRule] INFO  safemode.SCMSafeModeManager (HealthyPipelineSafeModeRule.java:process(130)) - SCM in safe mode. Healthy pipelines reported count is 0, required healthy pipeline reported count is 1
2021-05-19 07:26:03,078 [EventQueue-PipelineReportForOneReplicaPipelineSafeModeRule] INFO  safemode.SCMSafeModeManager (SCMSafeModeManager.java:validateSafeModeExitRules(201)) - AtleastOneDatanodeReportedRule rule is successfully validated
2021-05-19 07:26:03,078 [EventQueue-OpenPipelineForHealthyPipelineSafeModeRule] INFO  safemode.SCMSafeModeManager (HealthyPipelineSafeModeRule.java:process(130)) - SCM in safe mode. Healthy pipelines reported count is 0, required healthy pipeline reported count is 1
2021-05-19 07:26:03,128 [EventQueue-PipelineReportForOneReplicaPipelineSafeModeRule] INFO  safemode.SCMSafeModeManager (SCMSafeModeManager.java:validateSafeModeExitRules(201)) - AtleastOneDatanodeReportedRule rule is successfully validated
2021-05-19 07:26:03,128 [EventQueue-OpenPipelineForHealthyPipelineSafeModeRule] INFO  safemode.SCMSafeModeManager (HealthyPipelineSafeModeRule.java:process(130)) - SCM in safe mode. Healthy pipelines reported count is 0, required healthy pipeline reported count is 1
2021-05-19 07:26:03,169 [Listener at 127.0.0.1/46767] INFO  ozone.MiniOzoneClusterImpl (MiniOzoneClusterImpl.java:lambda$waitForClusterToBeReady$0(224)) - Nodes are ready. Got 3 of 3 DN Heartbeats.
2021-05-19 07:26:03,169 [Listener at 127.0.0.1/46767] INFO  ozone.MiniOzoneClusterImpl (MiniOzoneClusterImpl.java:lambda$waitForClusterToBeReady$0(227)) - Waiting for cluster to exit safe mode
2021-05-19 07:26:03,169 [Listener at 127.0.0.1/46767] INFO  ozone.MiniOzoneClusterImpl (MiniOzoneClusterImpl.java:lambda$waitForClusterToBeReady$0(230)) - SCM became leader
2021-05-19 07:26:03,169 [EventQueue-PipelineReportForOneReplicaPipelineSafeModeRule] INFO  safemode.SCMSafeModeManager (SCMSafeModeManager.java:validateSafeModeExitRules(201)) - AtleastOneDatanodeReportedRule rule is successfully validated
2021-05-19 07:26:03,169 [EventQueue-OpenPipelineForHealthyPipelineSafeModeRule] INFO  safemode.SCMSafeModeManager (HealthyPipelineSafeModeRule.java:process(130)) - SCM in safe mode. Healthy pipelines reported count is 0, required healthy pipeline reported count is 1
2021-05-19 07:26:03,177 [EventQueue-OpenPipelineForHealthyPipelineSafeModeRule] INFO  safemode.SCMSafeModeManager (HealthyPipelineSafeModeRule.java:process(130)) - SCM in safe mode. Healthy pipelines reported count is 0, required healthy pipeline reported count is 1
2021-05-19 07:26:03,177 [EventQueue-PipelineReportForOneReplicaPipelineSafeModeRule] INFO  safemode.SCMSafeModeManager (SCMSafeModeManager.java:validateSafeModeExitRules(201)) - AtleastOneDatanodeReportedRule rule is successfully validated
2021-05-19 07:26:03,228 [EventQueue-OpenPipelineForHealthyPipelineSafeModeRule] INFO  safemode.SCMSafeModeManager (HealthyPipelineSafeModeRule.java:process(130)) - SCM in safe mode. Healthy pipelines reported count is 0, required healthy pipeline reported count is 1
2021-05-19 07:26:03,228 [EventQueue-PipelineReportForOneReplicaPipelineSafeModeRule] INFO  safemode.SCMSafeModeManager (SCMSafeModeManager.java:validateSafeModeExitRules(201)) - AtleastOneDatanodeReportedRule rule is successfully validated
2021-05-19 07:26:03,269 [EventQueue-PipelineReportForOneReplicaPipelineSafeModeRule] INFO  safemode.SCMSafeModeManager (SCMSafeModeManager.java:validateSafeModeExitRules(201)) - AtleastOneDatanodeReportedRule rule is successfully validated
2021-05-19 07:26:03,269 [EventQueue-OpenPipelineForHealthyPipelineSafeModeRule] INFO  safemode.SCMSafeModeManager (HealthyPipelineSafeModeRule.java:process(130)) - SCM in safe mode. Healthy pipelines reported count is 0, required healthy pipeline reported count is 1
2021-05-19 07:26:03,277 [EventQueue-PipelineReportForOneReplicaPipelineSafeModeRule] INFO  safemode.SCMSafeModeManager (SCMSafeModeManager.java:validateSafeModeExitRules(201)) - AtleastOneDatanodeReportedRule rule is successfully validated
2021-05-19 07:26:03,277 [EventQueue-OpenPipelineForHealthyPipelineSafeModeRule] INFO  safemode.SCMSafeModeManager (HealthyPipelineSafeModeRule.java:process(130)) - SCM in safe mode. Healthy pipelines reported count is 0, required healthy pipeline reported count is 1
2021-05-19 07:26:03,328 [EventQueue-PipelineReportForOneReplicaPipelineSafeModeRule] INFO  safemode.SCMSafeModeManager (SCMSafeModeManager.java:validateSafeModeExitRules(201)) - AtleastOneDatanodeReportedRule rule is successfully validated
2021-05-19 07:26:03,328 [EventQueue-OpenPipelineForHealthyPipelineSafeModeRule] INFO  safemode.SCMSafeModeManager (HealthyPipelineSafeModeRule.java:process(130)) - SCM in safe mode. Healthy pipelines reported count is 0, required healthy pipeline reported count is 1
2021-05-19 07:26:03,370 [EventQueue-OpenPipelineForHealthyPipelineSafeModeRule] INFO  safemode.SCMSafeModeManager (HealthyPipelineSafeModeRule.java:process(130)) - SCM in safe mode. Healthy pipelines reported count is 0, required healthy pipeline reported count is 1
2021-05-19 07:26:03,370 [EventQueue-PipelineReportForOneReplicaPipelineSafeModeRule] INFO  safemode.SCMSafeModeManager (SCMSafeModeManager.java:validateSafeModeExitRules(201)) - AtleastOneDatanodeReportedRule rule is successfully validated
2021-05-19 07:26:03,378 [EventQueue-PipelineReportForOneReplicaPipelineSafeModeRule] INFO  safemode.SCMSafeModeManager (SCMSafeModeManager.java:validateSafeModeExitRules(201)) - AtleastOneDatanodeReportedRule rule is successfully validated
2021-05-19 07:26:03,378 [EventQueue-OpenPipelineForHealthyPipelineSafeModeRule] INFO  safemode.SCMSafeModeManager (HealthyPipelineSafeModeRule.java:process(130)) - SCM in safe mode. Healthy pipelines reported count is 0, required healthy pipeline reported count is 1
2021-05-19 07:26:03,428 [EventQueue-PipelineReportForOneReplicaPipelineSafeModeRule] INFO  safemode.SCMSafeModeManager (SCMSafeModeManager.java:validateSafeModeExitRules(201)) - AtleastOneDatanodeReportedRule rule is successfully validated
2021-05-19 07:26:03,428 [EventQueue-OpenPipelineForHealthyPipelineSafeModeRule] INFO  safemode.SCMSafeModeManager (HealthyPipelineSafeModeRule.java:process(130)) - SCM in safe mode. Healthy pipelines reported count is 0, required healthy pipeline reported count is 1
2021-05-19 07:26:03,470 [EventQueue-PipelineReportForOneReplicaPipelineSafeModeRule] INFO  safemode.SCMSafeModeManager (SCMSafeModeManager.java:validateSafeModeExitRules(201)) - AtleastOneDatanodeReportedRule rule is successfully validated
2021-05-19 07:26:03,470 [EventQueue-OpenPipelineForHealthyPipelineSafeModeRule] INFO  safemode.SCMSafeModeManager (HealthyPipelineSafeModeRule.java:process(130)) - SCM in safe mode. Healthy pipelines reported count is 0, required healthy pipeline reported count is 1
2021-05-19 07:26:03,477 [EventQueue-OpenPipelineForHealthyPipelineSafeModeRule] INFO  safemode.SCMSafeModeManager (HealthyPipelineSafeModeRule.java:process(130)) - SCM in safe mode. Healthy pipelines reported count is 0, required healthy pipeline reported count is 1
2021-05-19 07:26:03,478 [EventQueue-PipelineReportForOneReplicaPipelineSafeModeRule] INFO  safemode.SCMSafeModeManager (SCMSafeModeManager.java:validateSafeModeExitRules(201)) - AtleastOneDatanodeReportedRule rule is successfully validated
2021-05-19 07:26:03,529 [EventQueue-PipelineReportForOneReplicaPipelineSafeModeRule] INFO  safemode.SCMSafeModeManager (SCMSafeModeManager.java:validateSafeModeExitRules(201)) - AtleastOneDatanodeReportedRule rule is successfully validated
2021-05-19 07:26:03,529 [EventQueue-OpenPipelineForHealthyPipelineSafeModeRule] INFO  safemode.SCMSafeModeManager (HealthyPipelineSafeModeRule.java:process(130)) - SCM in safe mode. Healthy pipelines reported count is 0, required healthy pipeline reported count is 1
2021-05-19 07:26:03,571 [EventQueue-PipelineReportForOneReplicaPipelineSafeModeRule] INFO  safemode.SCMSafeModeManager (SCMSafeModeManager.java:validateSafeModeExitRules(201)) - AtleastOneDatanodeReportedRule rule is successfully validated
2021-05-19 07:26:03,571 [EventQueue-OpenPipelineForHealthyPipelineSafeModeRule] INFO  safemode.SCMSafeModeManager (HealthyPipelineSafeModeRule.java:process(130)) - SCM in safe mode. Healthy pipelines reported count is 0, required healthy pipeline reported count is 1
2021-05-19 07:26:03,578 [EventQueue-PipelineReportForOneReplicaPipelineSafeModeRule] INFO  safemode.SCMSafeModeManager (SCMSafeModeManager.java:validateSafeModeExitRules(201)) - AtleastOneDatanodeReportedRule rule is successfully validated
2021-05-19 07:26:03,578 [EventQueue-OpenPipelineForHealthyPipelineSafeModeRule] INFO  safemode.SCMSafeModeManager (HealthyPipelineSafeModeRule.java:process(130)) - SCM in safe mode. Healthy pipelines reported count is 0, required healthy pipeline reported count is 1
2021-05-19 07:26:03,629 [EventQueue-PipelineReportForOneReplicaPipelineSafeModeRule] INFO  safemode.SCMSafeModeManager (SCMSafeModeManager.java:validateSafeModeExitRules(201)) - AtleastOneDatanodeReportedRule rule is successfully validated
2021-05-19 07:26:03,630 [EventQueue-OpenPipelineForHealthyPipelineSafeModeRule] INFO  safemode.SCMSafeModeManager (HealthyPipelineSafeModeRule.java:process(130)) - SCM in safe mode. Healthy pipelines reported count is 0, required healthy pipeline reported count is 1
2021-05-19 07:26:03,671 [EventQueue-PipelineReportForOneReplicaPipelineSafeModeRule] INFO  safemode.SCMSafeModeManager (SCMSafeModeManager.java:validateSafeModeExitRules(201)) - AtleastOneDatanodeReportedRule rule is successfully validated
2021-05-19 07:26:03,672 [EventQueue-OpenPipelineForHealthyPipelineSafeModeRule] INFO  safemode.SCMSafeModeManager (HealthyPipelineSafeModeRule.java:process(130)) - SCM in safe mode. Healthy pipelines reported count is 0, required healthy pipeline reported count is 1
2021-05-19 07:26:03,678 [EventQueue-PipelineReportForOneReplicaPipelineSafeModeRule] INFO  safemode.SCMSafeModeManager (SCMSafeModeManager.java:validateSafeModeExitRules(201)) - AtleastOneDatanodeReportedRule rule is successfully validated
2021-05-19 07:26:03,678 [EventQueue-OpenPipelineForHealthyPipelineSafeModeRule] INFO  safemode.SCMSafeModeManager (HealthyPipelineSafeModeRule.java:process(130)) - SCM in safe mode. Healthy pipelines reported count is 0, required healthy pipeline reported count is 1
2021-05-19 07:26:03,730 [EventQueue-PipelineReportForOneReplicaPipelineSafeModeRule] INFO  safemode.SCMSafeModeManager (SCMSafeModeManager.java:validateSafeModeExitRules(201)) - AtleastOneDatanodeReportedRule rule is successfully validated
2021-05-19 07:26:03,730 [EventQueue-OpenPipelineForHealthyPipelineSafeModeRule] INFO  safemode.SCMSafeModeManager (HealthyPipelineSafeModeRule.java:process(130)) - SCM in safe mode. Healthy pipelines reported count is 0, required healthy pipeline reported count is 1
2021-05-19 07:26:03,773 [EventQueue-PipelineReportForOneReplicaPipelineSafeModeRule] INFO  safemode.SCMSafeModeManager (SCMSafeModeManager.java:validateSafeModeExitRules(201)) - AtleastOneDatanodeReportedRule rule is successfully validated
2021-05-19 07:26:03,773 [EventQueue-OpenPipelineForHealthyPipelineSafeModeRule] INFO  safemode.SCMSafeModeManager (HealthyPipelineSafeModeRule.java:process(130)) - SCM in safe mode. Healthy pipelines reported count is 0, required healthy pipeline reported count is 1
2021-05-19 07:26:03,777 [EventQueue-PipelineReportForOneReplicaPipelineSafeModeRule] INFO  safemode.SCMSafeModeManager (SCMSafeModeManager.java:validateSafeModeExitRules(201)) - AtleastOneDatanodeReportedRule rule is successfully validated
2021-05-19 07:26:03,777 [EventQueue-OpenPipelineForHealthyPipelineSafeModeRule] INFO  safemode.SCMSafeModeManager (HealthyPipelineSafeModeRule.java:process(130)) - SCM in safe mode. Healthy pipelines reported count is 0, required healthy pipeline reported count is 1
2021-05-19 07:26:03,830 [EventQueue-PipelineReportForOneReplicaPipelineSafeModeRule] INFO  safemode.SCMSafeModeManager (SCMSafeModeManager.java:validateSafeModeExitRules(201)) - AtleastOneDatanodeReportedRule rule is successfully validated
2021-05-19 07:26:03,830 [EventQueue-OpenPipelineForHealthyPipelineSafeModeRule] INFO  safemode.SCMSafeModeManager (HealthyPipelineSafeModeRule.java:process(130)) - SCM in safe mode. Healthy pipelines reported count is 0, required healthy pipeline reported count is 1
2021-05-19 07:26:03,871 [EventQueue-PipelineReportForOneReplicaPipelineSafeModeRule] INFO  safemode.SCMSafeModeManager (SCMSafeModeManager.java:validateSafeModeExitRules(201)) - AtleastOneDatanodeReportedRule rule is successfully validated
2021-05-19 07:26:03,872 [EventQueue-OpenPipelineForHealthyPipelineSafeModeRule] INFO  safemode.SCMSafeModeManager (HealthyPipelineSafeModeRule.java:process(130)) - SCM in safe mode. Healthy pipelines reported count is 0, required healthy pipeline reported count is 1
2021-05-19 07:26:03,878 [EventQueue-OpenPipelineForHealthyPipelineSafeModeRule] INFO  safemode.SCMSafeModeManager (HealthyPipelineSafeModeRule.java:process(130)) - SCM in safe mode. Healthy pipelines reported count is 0, required healthy pipeline reported count is 1
2021-05-19 07:26:03,878 [EventQueue-PipelineReportForOneReplicaPipelineSafeModeRule] INFO  safemode.SCMSafeModeManager (SCMSafeModeManager.java:validateSafeModeExitRules(201)) - AtleastOneDatanodeReportedRule rule is successfully validated
2021-05-19 07:26:03,930 [EventQueue-PipelineReportForOneReplicaPipelineSafeModeRule] INFO  safemode.SCMSafeModeManager (SCMSafeModeManager.java:validateSafeModeExitRules(201)) - AtleastOneDatanodeReportedRule rule is successfully validated
2021-05-19 07:26:03,930 [EventQueue-OpenPipelineForHealthyPipelineSafeModeRule] INFO  safemode.SCMSafeModeManager (HealthyPipelineSafeModeRule.java:process(130)) - SCM in safe mode. Healthy pipelines reported count is 0, required healthy pipeline reported count is 1
2021-05-19 07:26:03,971 [EventQueue-PipelineReportForOneReplicaPipelineSafeModeRule] INFO  safemode.SCMSafeModeManager (SCMSafeModeManager.java:validateSafeModeExitRules(201)) - AtleastOneDatanodeReportedRule rule is successfully validated
2021-05-19 07:26:03,972 [EventQueue-OpenPipelineForHealthyPipelineSafeModeRule] INFO  safemode.SCMSafeModeManager (HealthyPipelineSafeModeRule.java:process(130)) - SCM in safe mode. Healthy pipelines reported count is 0, required healthy pipeline reported count is 1
2021-05-19 07:26:03,978 [EventQueue-OpenPipelineForHealthyPipelineSafeModeRule] INFO  safemode.SCMSafeModeManager (HealthyPipelineSafeModeRule.java:process(130)) - SCM in safe mode. Healthy pipelines reported count is 0, required healthy pipeline reported count is 1
2021-05-19 07:26:03,978 [EventQueue-PipelineReportForOneReplicaPipelineSafeModeRule] INFO  safemode.SCMSafeModeManager (SCMSafeModeManager.java:validateSafeModeExitRules(201)) - AtleastOneDatanodeReportedRule rule is successfully validated
2021-05-19 07:26:04,030 [EventQueue-OpenPipelineForHealthyPipelineSafeModeRule] INFO  safemode.SCMSafeModeManager (HealthyPipelineSafeModeRule.java:process(130)) - SCM in safe mode. Healthy pipelines reported count is 0, required healthy pipeline reported count is 1
2021-05-19 07:26:04,030 [EventQueue-PipelineReportForOneReplicaPipelineSafeModeRule] INFO  safemode.SCMSafeModeManager (SCMSafeModeManager.java:validateSafeModeExitRules(201)) - AtleastOneDatanodeReportedRule rule is successfully validated
2021-05-19 07:26:04,071 [EventQueue-PipelineReportForOneReplicaPipelineSafeModeRule] INFO  safemode.SCMSafeModeManager (SCMSafeModeManager.java:validateSafeModeExitRules(201)) - AtleastOneDatanodeReportedRule rule is successfully validated
2021-05-19 07:26:04,071 [EventQueue-OpenPipelineForHealthyPipelineSafeModeRule] INFO  safemode.SCMSafeModeManager (HealthyPipelineSafeModeRule.java:process(130)) - SCM in safe mode. Healthy pipelines reported count is 0, required healthy pipeline reported count is 1
2021-05-19 07:26:04,077 [EventQueue-PipelineReportForOneReplicaPipelineSafeModeRule] INFO  safemode.SCMSafeModeManager (SCMSafeModeManager.java:validateSafeModeExitRules(201)) - AtleastOneDatanodeReportedRule rule is successfully validated
2021-05-19 07:26:04,078 [EventQueue-OpenPipelineForHealthyPipelineSafeModeRule] INFO  safemode.SCMSafeModeManager (HealthyPipelineSafeModeRule.java:process(130)) - SCM in safe mode. Healthy pipelines reported count is 0, required healthy pipeline reported count is 1
2021-05-19 07:26:04,130 [EventQueue-PipelineReportForOneReplicaPipelineSafeModeRule] INFO  safemode.SCMSafeModeManager (SCMSafeModeManager.java:validateSafeModeExitRules(201)) - AtleastOneDatanodeReportedRule rule is successfully validated
2021-05-19 07:26:04,130 [EventQueue-OpenPipelineForHealthyPipelineSafeModeRule] INFO  safemode.SCMSafeModeManager (HealthyPipelineSafeModeRule.java:process(130)) - SCM in safe mode. Healthy pipelines reported count is 0, required healthy pipeline reported count is 1
2021-05-19 07:26:04,169 [Listener at 127.0.0.1/46767] INFO  ozone.MiniOzoneClusterImpl (MiniOzoneClusterImpl.java:lambda$waitForClusterToBeReady$0(224)) - Nodes are ready. Got 3 of 3 DN Heartbeats.
2021-05-19 07:26:04,170 [Listener at 127.0.0.1/46767] INFO  ozone.MiniOzoneClusterImpl (MiniOzoneClusterImpl.java:lambda$waitForClusterToBeReady$0(227)) - Waiting for cluster to exit safe mode
2021-05-19 07:26:04,170 [Listener at 127.0.0.1/46767] INFO  ozone.MiniOzoneClusterImpl (MiniOzoneClusterImpl.java:lambda$waitForClusterToBeReady$0(230)) - SCM became leader
2021-05-19 07:26:04,171 [EventQueue-PipelineReportForOneReplicaPipelineSafeModeRule] INFO  safemode.SCMSafeModeManager (SCMSafeModeManager.java:validateSafeModeExitRules(201)) - AtleastOneDatanodeReportedRule rule is successfully validated
2021-05-19 07:26:04,171 [EventQueue-OpenPipelineForHealthyPipelineSafeModeRule] INFO  safemode.SCMSafeModeManager (HealthyPipelineSafeModeRule.java:process(130)) - SCM in safe mode. Healthy pipelines reported count is 0, required healthy pipeline reported count is 1
2021-05-19 07:26:04,177 [EventQueue-OpenPipelineForHealthyPipelineSafeModeRule] INFO  safemode.SCMSafeModeManager (HealthyPipelineSafeModeRule.java:process(130)) - SCM in safe mode. Healthy pipelines reported count is 0, required healthy pipeline reported count is 1
2021-05-19 07:26:04,177 [EventQueue-PipelineReportForOneReplicaPipelineSafeModeRule] INFO  safemode.SCMSafeModeManager (SCMSafeModeManager.java:validateSafeModeExitRules(201)) - AtleastOneDatanodeReportedRule rule is successfully validated
2021-05-19 07:26:04,230 [EventQueue-OpenPipelineForHealthyPipelineSafeModeRule] INFO  safemode.SCMSafeModeManager (HealthyPipelineSafeModeRule.java:process(130)) - SCM in safe mode. Healthy pipelines reported count is 0, required healthy pipeline reported count is 1
2021-05-19 07:26:04,230 [EventQueue-PipelineReportForOneReplicaPipelineSafeModeRule] INFO  safemode.SCMSafeModeManager (SCMSafeModeManager.java:validateSafeModeExitRules(201)) - AtleastOneDatanodeReportedRule rule is successfully validated
2021-05-19 07:26:04,272 [EventQueue-PipelineReportForOneReplicaPipelineSafeModeRule] INFO  safemode.SCMSafeModeManager (SCMSafeModeManager.java:validateSafeModeExitRules(201)) - AtleastOneDatanodeReportedRule rule is successfully validated
2021-05-19 07:26:04,272 [EventQueue-OpenPipelineForHealthyPipelineSafeModeRule] INFO  safemode.SCMSafeModeManager (HealthyPipelineSafeModeRule.java:process(130)) - SCM in safe mode. Healthy pipelines reported count is 0, required healthy pipeline reported count is 1
2021-05-19 07:26:04,278 [EventQueue-PipelineReportForOneReplicaPipelineSafeModeRule] INFO  safemode.SCMSafeModeManager (SCMSafeModeManager.java:validateSafeModeExitRules(201)) - AtleastOneDatanodeReportedRule rule is successfully validated
2021-05-19 07:26:04,278 [EventQueue-OpenPipelineForHealthyPipelineSafeModeRule] INFO  safemode.SCMSafeModeManager (HealthyPipelineSafeModeRule.java:process(130)) - SCM in safe mode. Healthy pipelines reported count is 0, required healthy pipeline reported count is 1
2021-05-19 07:26:04,330 [EventQueue-PipelineReportForOneReplicaPipelineSafeModeRule] INFO  safemode.SCMSafeModeManager (SCMSafeModeManager.java:validateSafeModeExitRules(201)) - AtleastOneDatanodeReportedRule rule is successfully validated
2021-05-19 07:26:04,330 [EventQueue-OpenPipelineForHealthyPipelineSafeModeRule] INFO  safemode.SCMSafeModeManager (HealthyPipelineSafeModeRule.java:process(130)) - SCM in safe mode. Healthy pipelines reported count is 0, required healthy pipeline reported count is 1
2021-05-19 07:26:04,371 [EventQueue-PipelineReportForOneReplicaPipelineSafeModeRule] INFO  safemode.SCMSafeModeManager (SCMSafeModeManager.java:validateSafeModeExitRules(201)) - AtleastOneDatanodeReportedRule rule is successfully validated
2021-05-19 07:26:04,371 [EventQueue-OpenPipelineForHealthyPipelineSafeModeRule] INFO  safemode.SCMSafeModeManager (HealthyPipelineSafeModeRule.java:process(130)) - SCM in safe mode. Healthy pipelines reported count is 0, required healthy pipeline reported count is 1
2021-05-19 07:26:04,377 [EventQueue-OpenPipelineForHealthyPipelineSafeModeRule] INFO  safemode.SCMSafeModeManager (HealthyPipelineSafeModeRule.java:process(130)) - SCM in safe mode. Healthy pipelines reported count is 0, required healthy pipeline reported count is 1
2021-05-19 07:26:04,378 [EventQueue-PipelineReportForOneReplicaPipelineSafeModeRule] INFO  safemode.SCMSafeModeManager (SCMSafeModeManager.java:validateSafeModeExitRules(201)) - AtleastOneDatanodeReportedRule rule is successfully validated
2021-05-19 07:26:04,430 [EventQueue-PipelineReportForOneReplicaPipelineSafeModeRule] INFO  safemode.SCMSafeModeManager (SCMSafeModeManager.java:validateSafeModeExitRules(201)) - AtleastOneDatanodeReportedRule rule is successfully validated
2021-05-19 07:26:04,430 [EventQueue-OpenPipelineForHealthyPipelineSafeModeRule] INFO  safemode.SCMSafeModeManager (HealthyPipelineSafeModeRule.java:process(130)) - SCM in safe mode. Healthy pipelines reported count is 0, required healthy pipeline reported count is 1
2021-05-19 07:26:04,472 [EventQueue-PipelineReportForOneReplicaPipelineSafeModeRule] INFO  safemode.SCMSafeModeManager (SCMSafeModeManager.java:validateSafeModeExitRules(201)) - AtleastOneDatanodeReportedRule rule is successfully validated
2021-05-19 07:26:04,472 [EventQueue-OpenPipelineForHealthyPipelineSafeModeRule] INFO  safemode.SCMSafeModeManager (HealthyPipelineSafeModeRule.java:process(130)) - SCM in safe mode. Healthy pipelines reported count is 0, required healthy pipeline reported count is 1
2021-05-19 07:26:04,477 [EventQueue-OpenPipelineForHealthyPipelineSafeModeRule] INFO  safemode.SCMSafeModeManager (HealthyPipelineSafeModeRule.java:process(130)) - SCM in safe mode. Healthy pipelines reported count is 0, required healthy pipeline reported count is 1
2021-05-19 07:26:04,477 [EventQueue-PipelineReportForOneReplicaPipelineSafeModeRule] INFO  safemode.SCMSafeModeManager (SCMSafeModeManager.java:validateSafeModeExitRules(201)) - AtleastOneDatanodeReportedRule rule is successfully validated
2021-05-19 07:26:04,530 [EventQueue-PipelineReportForOneReplicaPipelineSafeModeRule] INFO  safemode.SCMSafeModeManager (SCMSafeModeManager.java:validateSafeModeExitRules(201)) - AtleastOneDatanodeReportedRule rule is successfully validated
2021-05-19 07:26:04,530 [EventQueue-OpenPipelineForHealthyPipelineSafeModeRule] INFO  safemode.SCMSafeModeManager (HealthyPipelineSafeModeRule.java:process(130)) - SCM in safe mode. Healthy pipelines reported count is 0, required healthy pipeline reported count is 1
2021-05-19 07:26:04,573 [EventQueue-OpenPipelineForHealthyPipelineSafeModeRule] INFO  safemode.SCMSafeModeManager (HealthyPipelineSafeModeRule.java:process(130)) - SCM in safe mode. Healthy pipelines reported count is 0, required healthy pipeline reported count is 1
2021-05-19 07:26:04,573 [EventQueue-PipelineReportForOneReplicaPipelineSafeModeRule] INFO  safemode.SCMSafeModeManager (SCMSafeModeManager.java:validateSafeModeExitRules(201)) - AtleastOneDatanodeReportedRule rule is successfully validated
2021-05-19 07:26:04,578 [EventQueue-OpenPipelineForHealthyPipelineSafeModeRule] INFO  safemode.SCMSafeModeManager (HealthyPipelineSafeModeRule.java:process(130)) - SCM in safe mode. Healthy pipelines reported count is 0, required healthy pipeline reported count is 1
2021-05-19 07:26:04,578 [EventQueue-PipelineReportForOneReplicaPipelineSafeModeRule] INFO  safemode.SCMSafeModeManager (SCMSafeModeManager.java:validateSafeModeExitRules(201)) - AtleastOneDatanodeReportedRule rule is successfully validated
2021-05-19 07:26:04,633 [EventQueue-PipelineReportForOneReplicaPipelineSafeModeRule] INFO  safemode.SCMSafeModeManager (SCMSafeModeManager.java:validateSafeModeExitRules(201)) - AtleastOneDatanodeReportedRule rule is successfully validated
2021-05-19 07:26:04,633 [EventQueue-OpenPipelineForHealthyPipelineSafeModeRule] INFO  safemode.SCMSafeModeManager (HealthyPipelineSafeModeRule.java:process(130)) - SCM in safe mode. Healthy pipelines reported count is 0, required healthy pipeline reported count is 1
2021-05-19 07:26:04,673 [EventQueue-PipelineReportForOneReplicaPipelineSafeModeRule] INFO  safemode.SCMSafeModeManager (SCMSafeModeManager.java:validateSafeModeExitRules(201)) - AtleastOneDatanodeReportedRule rule is successfully validated
2021-05-19 07:26:04,674 [EventQueue-OpenPipelineForHealthyPipelineSafeModeRule] INFO  safemode.SCMSafeModeManager (HealthyPipelineSafeModeRule.java:process(130)) - SCM in safe mode. Healthy pipelines reported count is 0, required healthy pipeline reported count is 1
2021-05-19 07:26:04,677 [EventQueue-PipelineReportForOneReplicaPipelineSafeModeRule] INFO  safemode.SCMSafeModeManager (SCMSafeModeManager.java:validateSafeModeExitRules(201)) - AtleastOneDatanodeReportedRule rule is successfully validated
2021-05-19 07:26:04,677 [EventQueue-OpenPipelineForHealthyPipelineSafeModeRule] INFO  safemode.SCMSafeModeManager (HealthyPipelineSafeModeRule.java:process(130)) - SCM in safe mode. Healthy pipelines reported count is 0, required healthy pipeline reported count is 1
2021-05-19 07:26:04,733 [EventQueue-PipelineReportForOneReplicaPipelineSafeModeRule] INFO  safemode.SCMSafeModeManager (SCMSafeModeManager.java:validateSafeModeExitRules(201)) - AtleastOneDatanodeReportedRule rule is successfully validated
2021-05-19 07:26:04,733 [EventQueue-OpenPipelineForHealthyPipelineSafeModeRule] INFO  safemode.SCMSafeModeManager (HealthyPipelineSafeModeRule.java:process(130)) - SCM in safe mode. Healthy pipelines reported count is 0, required healthy pipeline reported count is 1
2021-05-19 07:26:04,774 [EventQueue-PipelineReportForOneReplicaPipelineSafeModeRule] INFO  safemode.SCMSafeModeManager (SCMSafeModeManager.java:validateSafeModeExitRules(201)) - AtleastOneDatanodeReportedRule rule is successfully validated
2021-05-19 07:26:04,774 [EventQueue-OpenPipelineForHealthyPipelineSafeModeRule] INFO  safemode.SCMSafeModeManager (HealthyPipelineSafeModeRule.java:process(130)) - SCM in safe mode. Healthy pipelines reported count is 0, required healthy pipeline reported count is 1
2021-05-19 07:26:04,777 [EventQueue-PipelineReportForOneReplicaPipelineSafeModeRule] INFO  safemode.SCMSafeModeManager (SCMSafeModeManager.java:validateSafeModeExitRules(201)) - AtleastOneDatanodeReportedRule rule is successfully validated
2021-05-19 07:26:04,778 [EventQueue-OpenPipelineForHealthyPipelineSafeModeRule] INFO  safemode.SCMSafeModeManager (HealthyPipelineSafeModeRule.java:process(130)) - SCM in safe mode. Healthy pipelines reported count is 0, required healthy pipeline reported count is 1
2021-05-19 07:26:04,833 [EventQueue-PipelineReportForOneReplicaPipelineSafeModeRule] INFO  safemode.SCMSafeModeManager (SCMSafeModeManager.java:validateSafeModeExitRules(201)) - AtleastOneDatanodeReportedRule rule is successfully validated
2021-05-19 07:26:04,833 [EventQueue-OpenPipelineForHealthyPipelineSafeModeRule] INFO  safemode.SCMSafeModeManager (HealthyPipelineSafeModeRule.java:process(130)) - SCM in safe mode. Healthy pipelines reported count is 0, required healthy pipeline reported count is 1
2021-05-19 07:26:04,875 [EventQueue-PipelineReportForOneReplicaPipelineSafeModeRule] INFO  safemode.SCMSafeModeManager (SCMSafeModeManager.java:validateSafeModeExitRules(201)) - AtleastOneDatanodeReportedRule rule is successfully validated
2021-05-19 07:26:04,875 [EventQueue-OpenPipelineForHealthyPipelineSafeModeRule] INFO  safemode.SCMSafeModeManager (HealthyPipelineSafeModeRule.java:process(130)) - SCM in safe mode. Healthy pipelines reported count is 0, required healthy pipeline reported count is 1
2021-05-19 07:26:04,878 [EventQueue-PipelineReportForOneReplicaPipelineSafeModeRule] INFO  safemode.SCMSafeModeManager (SCMSafeModeManager.java:validateSafeModeExitRules(201)) - AtleastOneDatanodeReportedRule rule is successfully validated
2021-05-19 07:26:04,878 [EventQueue-OpenPipelineForHealthyPipelineSafeModeRule] INFO  safemode.SCMSafeModeManager (HealthyPipelineSafeModeRule.java:process(130)) - SCM in safe mode. Healthy pipelines reported count is 0, required healthy pipeline reported count is 1
2021-05-19 07:26:04,933 [EventQueue-PipelineReportForOneReplicaPipelineSafeModeRule] INFO  safemode.SCMSafeModeManager (SCMSafeModeManager.java:validateSafeModeExitRules(201)) - AtleastOneDatanodeReportedRule rule is successfully validated
2021-05-19 07:26:04,933 [EventQueue-OpenPipelineForHealthyPipelineSafeModeRule] INFO  safemode.SCMSafeModeManager (HealthyPipelineSafeModeRule.java:process(130)) - SCM in safe mode. Healthy pipelines reported count is 0, required healthy pipeline reported count is 1
2021-05-19 07:26:04,975 [EventQueue-PipelineReportForOneReplicaPipelineSafeModeRule] INFO  safemode.SCMSafeModeManager (SCMSafeModeManager.java:validateSafeModeExitRules(201)) - AtleastOneDatanodeReportedRule rule is successfully validated
2021-05-19 07:26:04,975 [EventQueue-OpenPipelineForHealthyPipelineSafeModeRule] INFO  safemode.SCMSafeModeManager (HealthyPipelineSafeModeRule.java:process(130)) - SCM in safe mode. Healthy pipelines reported count is 0, required healthy pipeline reported count is 1
2021-05-19 07:26:04,978 [EventQueue-PipelineReportForOneReplicaPipelineSafeModeRule] INFO  safemode.SCMSafeModeManager (SCMSafeModeManager.java:validateSafeModeExitRules(201)) - AtleastOneDatanodeReportedRule rule is successfully validated
2021-05-19 07:26:04,978 [EventQueue-OpenPipelineForHealthyPipelineSafeModeRule] INFO  safemode.SCMSafeModeManager (HealthyPipelineSafeModeRule.java:process(130)) - SCM in safe mode. Healthy pipelines reported count is 0, required healthy pipeline reported count is 1
2021-05-19 07:26:05,033 [EventQueue-PipelineReportForOneReplicaPipelineSafeModeRule] INFO  safemode.SCMSafeModeManager (SCMSafeModeManager.java:validateSafeModeExitRules(201)) - AtleastOneDatanodeReportedRule rule is successfully validated
2021-05-19 07:26:05,033 [EventQueue-OpenPipelineForHealthyPipelineSafeModeRule] INFO  safemode.SCMSafeModeManager (HealthyPipelineSafeModeRule.java:process(130)) - SCM in safe mode. Healthy pipelines reported count is 0, required healthy pipeline reported count is 1
2021-05-19 07:26:05,075 [EventQueue-PipelineReportForOneReplicaPipelineSafeModeRule] INFO  safemode.SCMSafeModeManager (SCMSafeModeManager.java:validateSafeModeExitRules(201)) - AtleastOneDatanodeReportedRule rule is successfully validated
2021-05-19 07:26:05,075 [EventQueue-OpenPipelineForHealthyPipelineSafeModeRule] INFO  safemode.SCMSafeModeManager (HealthyPipelineSafeModeRule.java:process(130)) - SCM in safe mode. Healthy pipelines reported count is 0, required healthy pipeline reported count is 1
2021-05-19 07:26:05,078 [EventQueue-OpenPipelineForHealthyPipelineSafeModeRule] INFO  safemode.SCMSafeModeManager (HealthyPipelineSafeModeRule.java:process(130)) - SCM in safe mode. Healthy pipelines reported count is 0, required healthy pipeline reported count is 1
2021-05-19 07:26:05,078 [EventQueue-PipelineReportForOneReplicaPipelineSafeModeRule] INFO  safemode.SCMSafeModeManager (SCMSafeModeManager.java:validateSafeModeExitRules(201)) - AtleastOneDatanodeReportedRule rule is successfully validated
2021-05-19 07:26:05,134 [EventQueue-PipelineReportForOneReplicaPipelineSafeModeRule] INFO  safemode.SCMSafeModeManager (SCMSafeModeManager.java:validateSafeModeExitRules(201)) - AtleastOneDatanodeReportedRule rule is successfully validated
2021-05-19 07:26:05,134 [EventQueue-OpenPipelineForHealthyPipelineSafeModeRule] INFO  safemode.SCMSafeModeManager (HealthyPipelineSafeModeRule.java:process(130)) - SCM in safe mode. Healthy pipelines reported count is 0, required healthy pipeline reported count is 1
2021-05-19 07:26:05,170 [Listener at 127.0.0.1/46767] INFO  ozone.MiniOzoneClusterImpl (MiniOzoneClusterImpl.java:lambda$waitForClusterToBeReady$0(224)) - Nodes are ready. Got 3 of 3 DN Heartbeats.
2021-05-19 07:26:05,170 [Listener at 127.0.0.1/46767] INFO  ozone.MiniOzoneClusterImpl (MiniOzoneClusterImpl.java:lambda$waitForClusterToBeReady$0(227)) - Waiting for cluster to exit safe mode
2021-05-19 07:26:05,171 [Listener at 127.0.0.1/46767] INFO  ozone.MiniOzoneClusterImpl (MiniOzoneClusterImpl.java:lambda$waitForClusterToBeReady$0(230)) - SCM became leader
2021-05-19 07:26:05,175 [EventQueue-OpenPipelineForHealthyPipelineSafeModeRule] INFO  safemode.SCMSafeModeManager (HealthyPipelineSafeModeRule.java:process(130)) - SCM in safe mode. Healthy pipelines reported count is 0, required healthy pipeline reported count is 1
2021-05-19 07:26:05,175 [EventQueue-PipelineReportForOneReplicaPipelineSafeModeRule] INFO  safemode.SCMSafeModeManager (SCMSafeModeManager.java:validateSafeModeExitRules(201)) - AtleastOneDatanodeReportedRule rule is successfully validated
2021-05-19 07:26:05,178 [EventQueue-PipelineReportForOneReplicaPipelineSafeModeRule] INFO  safemode.SCMSafeModeManager (SCMSafeModeManager.java:validateSafeModeExitRules(201)) - AtleastOneDatanodeReportedRule rule is successfully validated
2021-05-19 07:26:05,178 [EventQueue-OpenPipelineForHealthyPipelineSafeModeRule] INFO  safemode.SCMSafeModeManager (HealthyPipelineSafeModeRule.java:process(130)) - SCM in safe mode. Healthy pipelines reported count is 0, required healthy pipeline reported count is 1
2021-05-19 07:26:05,234 [EventQueue-PipelineReportForOneReplicaPipelineSafeModeRule] INFO  safemode.SCMSafeModeManager (SCMSafeModeManager.java:validateSafeModeExitRules(201)) - AtleastOneDatanodeReportedRule rule is successfully validated
2021-05-19 07:26:05,235 [EventQueue-OpenPipelineForHealthyPipelineSafeModeRule] INFO  safemode.SCMSafeModeManager (HealthyPipelineSafeModeRule.java:process(130)) - SCM in safe mode. Healthy pipelines reported count is 0, required healthy pipeline reported count is 1
2021-05-19 07:26:05,275 [EventQueue-PipelineReportForOneReplicaPipelineSafeModeRule] INFO  safemode.SCMSafeModeManager (SCMSafeModeManager.java:validateSafeModeExitRules(201)) - AtleastOneDatanodeReportedRule rule is successfully validated
2021-05-19 07:26:05,275 [EventQueue-OpenPipelineForHealthyPipelineSafeModeRule] INFO  safemode.SCMSafeModeManager (HealthyPipelineSafeModeRule.java:process(130)) - SCM in safe mode. Healthy pipelines reported count is 0, required healthy pipeline reported count is 1
2021-05-19 07:26:05,278 [EventQueue-OpenPipelineForHealthyPipelineSafeModeRule] INFO  safemode.SCMSafeModeManager (HealthyPipelineSafeModeRule.java:process(130)) - SCM in safe mode. Healthy pipelines reported count is 0, required healthy pipeline reported count is 1
2021-05-19 07:26:05,278 [EventQueue-PipelineReportForOneReplicaPipelineSafeModeRule] INFO  safemode.SCMSafeModeManager (SCMSafeModeManager.java:validateSafeModeExitRules(201)) - AtleastOneDatanodeReportedRule rule is successfully validated
2021-05-19 07:26:05,334 [EventQueue-PipelineReportForOneReplicaPipelineSafeModeRule] INFO  safemode.SCMSafeModeManager (SCMSafeModeManager.java:validateSafeModeExitRules(201)) - AtleastOneDatanodeReportedRule rule is successfully validated
2021-05-19 07:26:05,334 [EventQueue-OpenPipelineForHealthyPipelineSafeModeRule] INFO  safemode.SCMSafeModeManager (HealthyPipelineSafeModeRule.java:process(130)) - SCM in safe mode. Healthy pipelines reported count is 0, required healthy pipeline reported count is 1
2021-05-19 07:26:05,375 [EventQueue-PipelineReportForOneReplicaPipelineSafeModeRule] INFO  safemode.SCMSafeModeManager (SCMSafeModeManager.java:validateSafeModeExitRules(201)) - AtleastOneDatanodeReportedRule rule is successfully validated
2021-05-19 07:26:05,375 [EventQueue-OpenPipelineForHealthyPipelineSafeModeRule] INFO  safemode.SCMSafeModeManager (HealthyPipelineSafeModeRule.java:process(130)) - SCM in safe mode. Healthy pipelines reported count is 0, required healthy pipeline reported count is 1
2021-05-19 07:26:05,379 [EventQueue-PipelineReportForOneReplicaPipelineSafeModeRule] INFO  safemode.SCMSafeModeManager (SCMSafeModeManager.java:validateSafeModeExitRules(201)) - AtleastOneDatanodeReportedRule rule is successfully validated
2021-05-19 07:26:05,379 [EventQueue-OpenPipelineForHealthyPipelineSafeModeRule] INFO  safemode.SCMSafeModeManager (HealthyPipelineSafeModeRule.java:process(130)) - SCM in safe mode. Healthy pipelines reported count is 0, required healthy pipeline reported count is 1
2021-05-19 07:26:05,434 [EventQueue-PipelineReportForOneReplicaPipelineSafeModeRule] INFO  safemode.SCMSafeModeManager (SCMSafeModeManager.java:validateSafeModeExitRules(201)) - AtleastOneDatanodeReportedRule rule is successfully validated
2021-05-19 07:26:05,435 [EventQueue-OpenPipelineForHealthyPipelineSafeModeRule] INFO  safemode.SCMSafeModeManager (HealthyPipelineSafeModeRule.java:process(130)) - SCM in safe mode. Healthy pipelines reported count is 0, required healthy pipeline reported count is 1
2021-05-19 07:26:05,475 [EventQueue-PipelineReportForOneReplicaPipelineSafeModeRule] INFO  safemode.SCMSafeModeManager (SCMSafeModeManager.java:validateSafeModeExitRules(201)) - AtleastOneDatanodeReportedRule rule is successfully validated
2021-05-19 07:26:05,475 [EventQueue-OpenPipelineForHealthyPipelineSafeModeRule] INFO  safemode.SCMSafeModeManager (HealthyPipelineSafeModeRule.java:process(130)) - SCM in safe mode. Healthy pipelines reported count is 0, required healthy pipeline reported count is 1
2021-05-19 07:26:05,478 [EventQueue-PipelineReportForOneReplicaPipelineSafeModeRule] INFO  safemode.SCMSafeModeManager (SCMSafeModeManager.java:validateSafeModeExitRules(201)) - AtleastOneDatanodeReportedRule rule is successfully validated
2021-05-19 07:26:05,478 [EventQueue-OpenPipelineForHealthyPipelineSafeModeRule] INFO  safemode.SCMSafeModeManager (HealthyPipelineSafeModeRule.java:process(130)) - SCM in safe mode. Healthy pipelines reported count is 0, required healthy pipeline reported count is 1
2021-05-19 07:26:05,534 [EventQueue-PipelineReportForOneReplicaPipelineSafeModeRule] INFO  safemode.SCMSafeModeManager (SCMSafeModeManager.java:validateSafeModeExitRules(201)) - AtleastOneDatanodeReportedRule rule is successfully validated
2021-05-19 07:26:05,535 [EventQueue-OpenPipelineForHealthyPipelineSafeModeRule] INFO  safemode.SCMSafeModeManager (HealthyPipelineSafeModeRule.java:process(130)) - SCM in safe mode. Healthy pipelines reported count is 0, required healthy pipeline reported count is 1
2021-05-19 07:26:05,575 [EventQueue-OpenPipelineForHealthyPipelineSafeModeRule] INFO  safemode.SCMSafeModeManager (HealthyPipelineSafeModeRule.java:process(130)) - SCM in safe mode. Healthy pipelines reported count is 0, required healthy pipeline reported count is 1
2021-05-19 07:26:05,575 [EventQueue-PipelineReportForOneReplicaPipelineSafeModeRule] INFO  safemode.SCMSafeModeManager (SCMSafeModeManager.java:validateSafeModeExitRules(201)) - AtleastOneDatanodeReportedRule rule is successfully validated
2021-05-19 07:26:05,578 [EventQueue-PipelineReportForOneReplicaPipelineSafeModeRule] INFO  safemode.SCMSafeModeManager (SCMSafeModeManager.java:validateSafeModeExitRules(201)) - AtleastOneDatanodeReportedRule rule is successfully validated
2021-05-19 07:26:05,579 [EventQueue-OpenPipelineForHealthyPipelineSafeModeRule] INFO  safemode.SCMSafeModeManager (HealthyPipelineSafeModeRule.java:process(130)) - SCM in safe mode. Healthy pipelines reported count is 0, required healthy pipeline reported count is 1
2021-05-19 07:26:05,634 [EventQueue-PipelineReportForOneReplicaPipelineSafeModeRule] INFO  safemode.SCMSafeModeManager (SCMSafeModeManager.java:validateSafeModeExitRules(201)) - AtleastOneDatanodeReportedRule rule is successfully validated
2021-05-19 07:26:05,634 [EventQueue-OpenPipelineForHealthyPipelineSafeModeRule] INFO  safemode.SCMSafeModeManager (HealthyPipelineSafeModeRule.java:process(130)) - SCM in safe mode. Healthy pipelines reported count is 0, required healthy pipeline reported count is 1
2021-05-19 07:26:05,675 [EventQueue-PipelineReportForOneReplicaPipelineSafeModeRule] INFO  safemode.SCMSafeModeManager (SCMSafeModeManager.java:validateSafeModeExitRules(201)) - AtleastOneDatanodeReportedRule rule is successfully validated
2021-05-19 07:26:05,675 [EventQueue-OpenPipelineForHealthyPipelineSafeModeRule] INFO  safemode.SCMSafeModeManager (HealthyPipelineSafeModeRule.java:process(130)) - SCM in safe mode. Healthy pipelines reported count is 0, required healthy pipeline reported count is 1
2021-05-19 07:26:05,678 [EventQueue-PipelineReportForOneReplicaPipelineSafeModeRule] INFO  safemode.SCMSafeModeManager (SCMSafeModeManager.java:validateSafeModeExitRules(201)) - AtleastOneDatanodeReportedRule rule is successfully validated
2021-05-19 07:26:05,678 [EventQueue-OpenPipelineForHealthyPipelineSafeModeRule] INFO  safemode.SCMSafeModeManager (HealthyPipelineSafeModeRule.java:process(130)) - SCM in safe mode. Healthy pipelines reported count is 0, required healthy pipeline reported count is 1
2021-05-19 07:26:05,693 [10b33b2a-35f4-43b4-a40e-d46234aca334@group-D77A720D96EE-FollowerState] INFO  impl.FollowerState (FollowerState.java:run(134)) - 10b33b2a-35f4-43b4-a40e-d46234aca334@group-D77A720D96EE-FollowerState: change to CANDIDATE, lastRpcElapsedTime:5069168260ns, electionTimeout:5068ms
2021-05-19 07:26:05,695 [10b33b2a-35f4-43b4-a40e-d46234aca334@group-D77A720D96EE-FollowerState] INFO  impl.RoleInfo (RoleInfo.java:shutdownFollowerState(108)) - 10b33b2a-35f4-43b4-a40e-d46234aca334: shutdown 10b33b2a-35f4-43b4-a40e-d46234aca334@group-D77A720D96EE-FollowerState
2021-05-19 07:26:05,695 [10b33b2a-35f4-43b4-a40e-d46234aca334@group-D77A720D96EE-FollowerState] INFO  server.RaftServer$Division (RaftServerImpl.java:setRole(284)) - 10b33b2a-35f4-43b4-a40e-d46234aca334@group-D77A720D96EE: changes role from  FOLLOWER to CANDIDATE at term 0 for changeToCandidate
2021-05-19 07:26:05,695 [10b33b2a-35f4-43b4-a40e-d46234aca334@group-D77A720D96EE-FollowerState] INFO  server.RaftServerConfigKeys (ConfUtils.java:logGet(44)) - raft.server.leaderelection.pre-vote = false (custom)
2021-05-19 07:26:05,695 [10b33b2a-35f4-43b4-a40e-d46234aca334@group-D77A720D96EE-FollowerState] INFO  impl.RoleInfo (RoleInfo.java:updateAndGet(130)) - 10b33b2a-35f4-43b4-a40e-d46234aca334: start 10b33b2a-35f4-43b4-a40e-d46234aca334@group-D77A720D96EE-LeaderElection2
2021-05-19 07:26:05,698 [10b33b2a-35f4-43b4-a40e-d46234aca334@group-D77A720D96EE-LeaderElection2] INFO  impl.LeaderElection (LeaderElection.java:askForVotes(306)) - 10b33b2a-35f4-43b4-a40e-d46234aca334@group-D77A720D96EE-LeaderElection2 ELECTION round 0: submit vote requests at term 1 for -1: [0cd32c65-f3ff-4dcf-8f2d-158191f49883|rpc:172.17.0.2:43505|priority:0, 24cc0112-2c7f-455b-86a3-d41ab711ca71|rpc:172.17.0.2:33355|priority:1, 10b33b2a-35f4-43b4-a40e-d46234aca334|rpc:172.17.0.2:38163|priority:0], old=null
2021-05-19 07:26:05,699 [10b33b2a-35f4-43b4-a40e-d46234aca334@group-0A8C5D33944D-FollowerState] INFO  impl.FollowerState (FollowerState.java:run(134)) - 10b33b2a-35f4-43b4-a40e-d46234aca334@group-0A8C5D33944D-FollowerState: change to CANDIDATE, lastRpcElapsedTime:5098510801ns, electionTimeout:5093ms
2021-05-19 07:26:05,700 [10b33b2a-35f4-43b4-a40e-d46234aca334@group-0A8C5D33944D-FollowerState] INFO  impl.RoleInfo (RoleInfo.java:shutdownFollowerState(108)) - 10b33b2a-35f4-43b4-a40e-d46234aca334: shutdown 10b33b2a-35f4-43b4-a40e-d46234aca334@group-0A8C5D33944D-FollowerState
2021-05-19 07:26:05,700 [10b33b2a-35f4-43b4-a40e-d46234aca334@group-0A8C5D33944D-FollowerState] INFO  server.RaftServer$Division (RaftServerImpl.java:setRole(284)) - 10b33b2a-35f4-43b4-a40e-d46234aca334@group-0A8C5D33944D: changes role from  FOLLOWER to CANDIDATE at term 0 for changeToCandidate
2021-05-19 07:26:05,700 [10b33b2a-35f4-43b4-a40e-d46234aca334@group-0A8C5D33944D-FollowerState] INFO  server.RaftServerConfigKeys (ConfUtils.java:logGet(44)) - raft.server.leaderelection.pre-vote = false (custom)
2021-05-19 07:26:05,700 [10b33b2a-35f4-43b4-a40e-d46234aca334@group-0A8C5D33944D-FollowerState] INFO  impl.RoleInfo (RoleInfo.java:updateAndGet(130)) - 10b33b2a-35f4-43b4-a40e-d46234aca334: start 10b33b2a-35f4-43b4-a40e-d46234aca334@group-0A8C5D33944D-LeaderElection3
2021-05-19 07:26:05,715 [10b33b2a-35f4-43b4-a40e-d46234aca334@group-0A8C5D33944D-LeaderElection3] INFO  impl.LeaderElection (LeaderElection.java:askForVotes(306)) - 10b33b2a-35f4-43b4-a40e-d46234aca334@group-0A8C5D33944D-LeaderElection3 ELECTION round 0: submit vote requests at term 1 for -1: [10b33b2a-35f4-43b4-a40e-d46234aca334|rpc:172.17.0.2:38163|priority:1], old=null
2021-05-19 07:26:05,718 [10b33b2a-35f4-43b4-a40e-d46234aca334@group-0A8C5D33944D-LeaderElection3] INFO  impl.LeaderElection (LeaderElection.java:askForVotes(308)) - 10b33b2a-35f4-43b4-a40e-d46234aca334@group-0A8C5D33944D-LeaderElection3 ELECTION round 0: result PASSED (term=1)
2021-05-19 07:26:05,718 [10b33b2a-35f4-43b4-a40e-d46234aca334@group-0A8C5D33944D-LeaderElection3] INFO  impl.RoleInfo (RoleInfo.java:shutdownLeaderElection(121)) - 10b33b2a-35f4-43b4-a40e-d46234aca334: shutdown 10b33b2a-35f4-43b4-a40e-d46234aca334@group-0A8C5D33944D-LeaderElection3
2021-05-19 07:26:05,718 [10b33b2a-35f4-43b4-a40e-d46234aca334@group-0A8C5D33944D-LeaderElection3] INFO  server.RaftServer$Division (RaftServerImpl.java:setRole(284)) - 10b33b2a-35f4-43b4-a40e-d46234aca334@group-0A8C5D33944D: changes role from CANDIDATE to LEADER at term 1 for changeToLeader
2021-05-19 07:26:05,718 [10b33b2a-35f4-43b4-a40e-d46234aca334@group-0A8C5D33944D-LeaderElection3] INFO  ratis.XceiverServerRatis (XceiverServerRatis.java:handleLeaderChangedNotification(906)) - Leader change notification received for group: group-0A8C5D33944D with new leaderId: 10b33b2a-35f4-43b4-a40e-d46234aca334
2021-05-19 07:26:05,718 [10b33b2a-35f4-43b4-a40e-d46234aca334@group-0A8C5D33944D-LeaderElection3] INFO  server.RaftServer$Division (ServerState.java:setLeader(271)) - 10b33b2a-35f4-43b4-a40e-d46234aca334@group-0A8C5D33944D: change Leader from null to 10b33b2a-35f4-43b4-a40e-d46234aca334 at term 1 for becomeLeader, leader elected after 5136ms
2021-05-19 07:26:05,718 [10b33b2a-35f4-43b4-a40e-d46234aca334@group-0A8C5D33944D-LeaderElection3] INFO  server.RaftServerConfigKeys (ConfUtils.java:logGet(44)) - raft.server.staging.catchup.gap = 1000 (default)
2021-05-19 07:26:05,718 [10b33b2a-35f4-43b4-a40e-d46234aca334@group-0A8C5D33944D-LeaderElection3] INFO  metrics.RatisMetrics (RatisMetrics.java:lambda$create$0(36)) - Creating Metrics Registry : ratis.log_appender.10b33b2a-35f4-43b4-a40e-d46234aca334@group-0A8C5D33944D
2021-05-19 07:26:05,719 [10b33b2a-35f4-43b4-a40e-d46234aca334@group-0A8C5D33944D-LeaderElection3] INFO  server.RaftServerConfigKeys (ConfUtils.java:logGet(44)) - raft.server.write.element-limit = 1024 (custom)
2021-05-19 07:26:05,719 [10b33b2a-35f4-43b4-a40e-d46234aca334@group-0A8C5D33944D-LeaderElection3] INFO  server.RaftServerConfigKeys (ConfUtils.java:logGet(44)) - raft.server.write.byte-limit = 1073741824 (custom)
2021-05-19 07:26:05,719 [10b33b2a-35f4-43b4-a40e-d46234aca334@group-0A8C5D33944D-LeaderElection3] INFO  server.RaftServerConfigKeys (ConfUtils.java:logGet(44)) - raft.server.watch.timeout = 3000ms (custom)
2021-05-19 07:26:05,719 [10b33b2a-35f4-43b4-a40e-d46234aca334@group-0A8C5D33944D-LeaderElection3] INFO  server.RaftServerConfigKeys (ConfUtils.java:logGet(44)) - raft.server.watch.timeout.denomination = 1s (default)
2021-05-19 07:26:05,719 [10b33b2a-35f4-43b4-a40e-d46234aca334@group-0A8C5D33944D-LeaderElection3] INFO  server.RaftServerConfigKeys (ConfUtils.java:logGet(44)) - raft.server.watch.element-limit = 65536 (default)
2021-05-19 07:26:05,719 [10b33b2a-35f4-43b4-a40e-d46234aca334@group-0A8C5D33944D-LeaderElection3] INFO  impl.RoleInfo (RoleInfo.java:updateAndGet(130)) - 10b33b2a-35f4-43b4-a40e-d46234aca334: start 10b33b2a-35f4-43b4-a40e-d46234aca334@group-0A8C5D33944D-LeaderStateImpl
2021-05-19 07:26:05,719 [10b33b2a-35f4-43b4-a40e-d46234aca334@group-0A8C5D33944D-LeaderElection3] INFO  segmented.SegmentedRaftLogWorker (SegmentedRaftLogWorker.java:startLogSegment(394)) - 10b33b2a-35f4-43b4-a40e-d46234aca334@group-0A8C5D33944D-SegmentedRaftLogWorker: Starting segment from index:0
2021-05-19 07:26:05,720 [EventQueue-PipelineReportForOneReplicaPipelineSafeModeRule] INFO  safemode.SCMSafeModeManager (SCMSafeModeManager.java:validateSafeModeExitRules(201)) - AtleastOneDatanodeReportedRule rule is successfully validated
2021-05-19 07:26:05,721 [EventQueue-OpenPipelineForHealthyPipelineSafeModeRule] INFO  safemode.SCMSafeModeManager (HealthyPipelineSafeModeRule.java:process(130)) - SCM in safe mode. Healthy pipelines reported count is 0, required healthy pipeline reported count is 1
2021-05-19 07:26:05,721 [10b33b2a-35f4-43b4-a40e-d46234aca334@group-0A8C5D33944D-SegmentedRaftLogWorker] INFO  segmented.SegmentedRaftLogWorker (SegmentedRaftLogWorker.java:execute(601)) - 10b33b2a-35f4-43b4-a40e-d46234aca334@group-0A8C5D33944D-SegmentedRaftLogWorker: created new log segment /github/workspace/mnt/ozone/hadoop-ozone/integration-test/target/test-dir/MiniOzoneClusterImpl-9cb82971-bc04-407e-a27d-eff665a14f0b/datanode-0/data/ratis/42edafeb-011c-4233-b82b-0a8c5d33944d/current/log_inprogress_0
2021-05-19 07:26:05,729 [10b33b2a-35f4-43b4-a40e-d46234aca334@group-0A8C5D33944D-LeaderElection3] INFO  server.RaftServer$Division (ServerState.java:setRaftConf(373)) - 10b33b2a-35f4-43b4-a40e-d46234aca334@group-0A8C5D33944D: set configuration 0: [10b33b2a-35f4-43b4-a40e-d46234aca334|rpc:172.17.0.2:38163|dataStream:|priority:1], old=null
2021-05-19 07:26:05,744 [grpc-default-executor-1] INFO  server.RaftServer$Division (RaftServerImpl.java:requestVote(1042)) - 24cc0112-2c7f-455b-86a3-d41ab711ca71@group-D77A720D96EE: receive requestVote(ELECTION, 10b33b2a-35f4-43b4-a40e-d46234aca334, group-D77A720D96EE, 1, (t:0, i:0))
2021-05-19 07:26:05,746 [grpc-default-executor-1] INFO  impl.VoteContext (VoteContext.java:log(48)) - 24cc0112-2c7f-455b-86a3-d41ab711ca71@group-D77A720D96EE-FOLLOWER: reject ELECTION from 10b33b2a-35f4-43b4-a40e-d46234aca334: our priority 1 > candidate's priority 0
2021-05-19 07:26:05,747 [grpc-default-executor-1] INFO  server.RaftServer$Division (RaftServerImpl.java:setRole(284)) - 24cc0112-2c7f-455b-86a3-d41ab711ca71@group-D77A720D96EE: changes role from  FOLLOWER to FOLLOWER at term 1 for candidate:10b33b2a-35f4-43b4-a40e-d46234aca334
2021-05-19 07:26:05,747 [grpc-default-executor-1] INFO  impl.RoleInfo (RoleInfo.java:shutdownFollowerState(108)) - 24cc0112-2c7f-455b-86a3-d41ab711ca71: shutdown 24cc0112-2c7f-455b-86a3-d41ab711ca71@group-D77A720D96EE-FollowerState
2021-05-19 07:26:05,747 [24cc0112-2c7f-455b-86a3-d41ab711ca71@group-D77A720D96EE-FollowerState] INFO  impl.FollowerState (FollowerState.java:run(143)) - 24cc0112-2c7f-455b-86a3-d41ab711ca71@group-D77A720D96EE-FollowerState was interrupted: {}
java.lang.InterruptedException: sleep interrupted
	at java.lang.Thread.sleep(Native Method)
	at java.lang.Thread.sleep(Thread.java:340)
	at java.util.concurrent.TimeUnit.sleep(TimeUnit.java:386)
	at org.apache.ratis.util.TimeDuration.sleep(TimeDuration.java:324)
	at org.apache.ratis.util.TimeDuration.sleep(TimeDuration.java:309)
	at org.apache.ratis.server.impl.FollowerState.run(FollowerState.java:118)
2021-05-19 07:26:05,747 [grpc-default-executor-1] INFO  impl.RoleInfo (RoleInfo.java:updateAndGet(130)) - 24cc0112-2c7f-455b-86a3-d41ab711ca71: start 24cc0112-2c7f-455b-86a3-d41ab711ca71@group-D77A720D96EE-FollowerState
2021-05-19 07:26:05,754 [grpc-default-executor-0] INFO  server.RaftServer$Division (RaftServerImpl.java:requestVote(1042)) - 0cd32c65-f3ff-4dcf-8f2d-158191f49883@group-D77A720D96EE: receive requestVote(ELECTION, 10b33b2a-35f4-43b4-a40e-d46234aca334, group-D77A720D96EE, 1, (t:0, i:0))
2021-05-19 07:26:05,756 [grpc-default-executor-1] INFO  server.RaftServer$Division (RaftServerImpl.java:requestVote(1074)) - 24cc0112-2c7f-455b-86a3-d41ab711ca71@group-D77A720D96EE replies to ELECTION vote request: 10b33b2a-35f4-43b4-a40e-d46234aca334<-24cc0112-2c7f-455b-86a3-d41ab711ca71#0:FAIL-t1. Peer's state: 24cc0112-2c7f-455b-86a3-d41ab711ca71@group-D77A720D96EE:t1, leader=null, voted=null, raftlog=24cc0112-2c7f-455b-86a3-d41ab711ca71@group-D77A720D96EE-SegmentedRaftLog:OPENED:c-1,f-1,i0, conf=-1: [0cd32c65-f3ff-4dcf-8f2d-158191f49883|rpc:172.17.0.2:43505|priority:0, 24cc0112-2c7f-455b-86a3-d41ab711ca71|rpc:172.17.0.2:33355|priority:1, 10b33b2a-35f4-43b4-a40e-d46234aca334|rpc:172.17.0.2:38163|priority:0], old=null
2021-05-19 07:26:05,754 [grpc-default-executor-0] INFO  impl.VoteContext (VoteContext.java:log(48)) - 0cd32c65-f3ff-4dcf-8f2d-158191f49883@group-D77A720D96EE-FOLLOWER: accept ELECTION from 10b33b2a-35f4-43b4-a40e-d46234aca334: our priority 0 <= candidate's priority 0
2021-05-19 07:26:05,758 [grpc-default-executor-0] INFO  server.RaftServer$Division (RaftServerImpl.java:setRole(284)) - 0cd32c65-f3ff-4dcf-8f2d-158191f49883@group-D77A720D96EE: changes role from  FOLLOWER to FOLLOWER at term 1 for candidate:10b33b2a-35f4-43b4-a40e-d46234aca334
2021-05-19 07:26:05,758 [grpc-default-executor-0] INFO  impl.RoleInfo (RoleInfo.java:shutdownFollowerState(108)) - 0cd32c65-f3ff-4dcf-8f2d-158191f49883: shutdown 0cd32c65-f3ff-4dcf-8f2d-158191f49883@group-D77A720D96EE-FollowerState
2021-05-19 07:26:05,758 [grpc-default-executor-0] INFO  impl.RoleInfo (RoleInfo.java:updateAndGet(130)) - 0cd32c65-f3ff-4dcf-8f2d-158191f49883: start 0cd32c65-f3ff-4dcf-8f2d-158191f49883@group-D77A720D96EE-FollowerState
2021-05-19 07:26:05,758 [0cd32c65-f3ff-4dcf-8f2d-158191f49883@group-D77A720D96EE-FollowerState] INFO  impl.FollowerState (FollowerState.java:run(143)) - 0cd32c65-f3ff-4dcf-8f2d-158191f49883@group-D77A720D96EE-FollowerState was interrupted: {}
java.lang.InterruptedException: sleep interrupted
	at java.lang.Thread.sleep(Native Method)
	at java.lang.Thread.sleep(Thread.java:340)
	at java.util.concurrent.TimeUnit.sleep(TimeUnit.java:386)
	at org.apache.ratis.util.TimeDuration.sleep(TimeDuration.java:324)
	at org.apache.ratis.util.TimeDuration.sleep(TimeDuration.java:309)
	at org.apache.ratis.server.impl.FollowerState.run(FollowerState.java:118)
2021-05-19 07:26:05,765 [grpc-default-executor-0] INFO  server.RaftServer$Division (RaftServerImpl.java:requestVote(1074)) - 0cd32c65-f3ff-4dcf-8f2d-158191f49883@group-D77A720D96EE replies to ELECTION vote request: 10b33b2a-35f4-43b4-a40e-d46234aca334<-0cd32c65-f3ff-4dcf-8f2d-158191f49883#0:OK-t1. Peer's state: 0cd32c65-f3ff-4dcf-8f2d-158191f49883@group-D77A720D96EE:t1, leader=null, voted=10b33b2a-35f4-43b4-a40e-d46234aca334, raftlog=0cd32c65-f3ff-4dcf-8f2d-158191f49883@group-D77A720D96EE-SegmentedRaftLog:OPENED:c-1,f-1,i0, conf=-1: [0cd32c65-f3ff-4dcf-8f2d-158191f49883|rpc:172.17.0.2:43505|dataStream:|priority:0, 24cc0112-2c7f-455b-86a3-d41ab711ca71|rpc:172.17.0.2:33355|dataStream:|priority:1, 10b33b2a-35f4-43b4-a40e-d46234aca334|rpc:172.17.0.2:38163|dataStream:|priority:0], old=null
2021-05-19 07:26:05,769 [10b33b2a-35f4-43b4-a40e-d46234aca334@group-D77A720D96EE-LeaderElection2] INFO  impl.LeaderElection (LeaderElection.java:logAndReturn(89)) - 10b33b2a-35f4-43b4-a40e-d46234aca334@group-D77A720D96EE-LeaderElection2: ELECTION REJECTED received 2 response(s) and 0 exception(s):
2021-05-19 07:26:05,769 [10b33b2a-35f4-43b4-a40e-d46234aca334@group-D77A720D96EE-LeaderElection2] INFO  impl.LeaderElection (LeaderElection.java:logAndReturn(93)) -   Response 0: 10b33b2a-35f4-43b4-a40e-d46234aca334<-0cd32c65-f3ff-4dcf-8f2d-158191f49883#0:OK-t1
2021-05-19 07:26:05,769 [10b33b2a-35f4-43b4-a40e-d46234aca334@group-D77A720D96EE-LeaderElection2] INFO  impl.LeaderElection (LeaderElection.java:logAndReturn(93)) -   Response 1: 10b33b2a-35f4-43b4-a40e-d46234aca334<-24cc0112-2c7f-455b-86a3-d41ab711ca71#0:FAIL-t1
2021-05-19 07:26:05,769 [10b33b2a-35f4-43b4-a40e-d46234aca334@group-D77A720D96EE-LeaderElection2] INFO  impl.LeaderElection (LeaderElection.java:askForVotes(308)) - 10b33b2a-35f4-43b4-a40e-d46234aca334@group-D77A720D96EE-LeaderElection2 ELECTION round 0: result REJECTED
2021-05-19 07:26:05,769 [10b33b2a-35f4-43b4-a40e-d46234aca334@group-D77A720D96EE-LeaderElection2] INFO  server.RaftServer$Division (RaftServerImpl.java:setRole(284)) - 10b33b2a-35f4-43b4-a40e-d46234aca334@group-D77A720D96EE: changes role from CANDIDATE to FOLLOWER at term 1 for REJECTED
2021-05-19 07:26:05,769 [10b33b2a-35f4-43b4-a40e-d46234aca334@group-D77A720D96EE-LeaderElection2] INFO  impl.RoleInfo (RoleInfo.java:shutdownLeaderElection(121)) - 10b33b2a-35f4-43b4-a40e-d46234aca334: shutdown 10b33b2a-35f4-43b4-a40e-d46234aca334@group-D77A720D96EE-LeaderElection2
2021-05-19 07:26:05,769 [10b33b2a-35f4-43b4-a40e-d46234aca334@group-D77A720D96EE-LeaderElection2] INFO  impl.RoleInfo (RoleInfo.java:updateAndGet(130)) - 10b33b2a-35f4-43b4-a40e-d46234aca334: start 10b33b2a-35f4-43b4-a40e-d46234aca334@group-D77A720D96EE-FollowerState
2021-05-19 07:26:05,779 [EventQueue-PipelineReportForOneReplicaPipelineSafeModeRule] INFO  safemode.SCMSafeModeManager (SCMSafeModeManager.java:validateSafeModeExitRules(201)) - AtleastOneDatanodeReportedRule rule is successfully validated
2021-05-19 07:26:05,781 [EventQueue-PipelineReportForOneReplicaPipelineSafeModeRule] INFO  safemode.SCMSafeModeManager (SCMSafeModeManager.java:validateSafeModeExitRules(201)) - AtleastOneDatanodeReportedRule rule is successfully validated
2021-05-19 07:26:05,779 [EventQueue-OpenPipelineForHealthyPipelineSafeModeRule] INFO  safemode.SCMSafeModeManager (HealthyPipelineSafeModeRule.java:process(130)) - SCM in safe mode. Healthy pipelines reported count is 0, required healthy pipeline reported count is 1
2021-05-19 07:26:05,781 [EventQueue-OpenPipelineForHealthyPipelineSafeModeRule] INFO  safemode.SCMSafeModeManager (HealthyPipelineSafeModeRule.java:process(130)) - SCM in safe mode. Healthy pipelines reported count is 0, required healthy pipeline reported count is 1
2021-05-19 07:26:05,819 [EventQueue-OpenPipelineForHealthyPipelineSafeModeRule] INFO  safemode.SCMSafeModeManager (HealthyPipelineSafeModeRule.java:process(130)) - SCM in safe mode. Healthy pipelines reported count is 0, required healthy pipeline reported count is 1
2021-05-19 07:26:05,819 [EventQueue-PipelineReportForOneReplicaPipelineSafeModeRule] INFO  safemode.SCMSafeModeManager (SCMSafeModeManager.java:validateSafeModeExitRules(201)) - AtleastOneDatanodeReportedRule rule is successfully validated
2021-05-19 07:26:05,879 [EventQueue-PipelineReportForOneReplicaPipelineSafeModeRule] INFO  safemode.SCMSafeModeManager (SCMSafeModeManager.java:validateSafeModeExitRules(201)) - AtleastOneDatanodeReportedRule rule is successfully validated
2021-05-19 07:26:05,879 [EventQueue-OpenPipelineForHealthyPipelineSafeModeRule] INFO  safemode.SCMSafeModeManager (HealthyPipelineSafeModeRule.java:process(130)) - SCM in safe mode. Healthy pipelines reported count is 0, required healthy pipeline reported count is 1
2021-05-19 07:26:05,880 [EventQueue-OpenPipelineForHealthyPipelineSafeModeRule] INFO  safemode.SCMSafeModeManager (HealthyPipelineSafeModeRule.java:process(130)) - SCM in safe mode. Healthy pipelines reported count is 0, required healthy pipeline reported count is 1
2021-05-19 07:26:05,881 [EventQueue-PipelineReportForOneReplicaPipelineSafeModeRule] INFO  safemode.SCMSafeModeManager (SCMSafeModeManager.java:validateSafeModeExitRules(201)) - AtleastOneDatanodeReportedRule rule is successfully validated
2021-05-19 07:26:05,920 [EventQueue-PipelineReportForOneReplicaPipelineSafeModeRule] INFO  safemode.SCMSafeModeManager (SCMSafeModeManager.java:validateSafeModeExitRules(201)) - AtleastOneDatanodeReportedRule rule is successfully validated
2021-05-19 07:26:05,920 [EventQueue-OpenPipelineForHealthyPipelineSafeModeRule] INFO  safemode.SCMSafeModeManager (HealthyPipelineSafeModeRule.java:process(130)) - SCM in safe mode. Healthy pipelines reported count is 0, required healthy pipeline reported count is 1
2021-05-19 07:26:05,978 [EventQueue-PipelineReportForOneReplicaPipelineSafeModeRule] INFO  safemode.SCMSafeModeManager (SCMSafeModeManager.java:validateSafeModeExitRules(201)) - AtleastOneDatanodeReportedRule rule is successfully validated
2021-05-19 07:26:05,979 [EventQueue-OpenPipelineForHealthyPipelineSafeModeRule] INFO  safemode.SCMSafeModeManager (HealthyPipelineSafeModeRule.java:process(130)) - SCM in safe mode. Healthy pipelines reported count is 0, required healthy pipeline reported count is 1
2021-05-19 07:26:05,979 [EventQueue-OpenPipelineForHealthyPipelineSafeModeRule] INFO  safemode.SCMSafeModeManager (HealthyPipelineSafeModeRule.java:process(130)) - SCM in safe mode. Healthy pipelines reported count is 0, required healthy pipeline reported count is 1
2021-05-19 07:26:05,979 [EventQueue-PipelineReportForOneReplicaPipelineSafeModeRule] INFO  safemode.SCMSafeModeManager (SCMSafeModeManager.java:validateSafeModeExitRules(201)) - AtleastOneDatanodeReportedRule rule is successfully validated
2021-05-19 07:26:06,020 [EventQueue-PipelineReportForOneReplicaPipelineSafeModeRule] INFO  safemode.SCMSafeModeManager (SCMSafeModeManager.java:validateSafeModeExitRules(201)) - AtleastOneDatanodeReportedRule rule is successfully validated
2021-05-19 07:26:06,020 [EventQueue-OpenPipelineForHealthyPipelineSafeModeRule] INFO  safemode.SCMSafeModeManager (HealthyPipelineSafeModeRule.java:process(130)) - SCM in safe mode. Healthy pipelines reported count is 0, required healthy pipeline reported count is 1
2021-05-19 07:26:06,079 [EventQueue-OpenPipelineForHealthyPipelineSafeModeRule] INFO  safemode.SCMSafeModeManager (HealthyPipelineSafeModeRule.java:process(130)) - SCM in safe mode. Healthy pipelines reported count is 0, required healthy pipeline reported count is 1
2021-05-19 07:26:06,079 [EventQueue-PipelineReportForOneReplicaPipelineSafeModeRule] INFO  safemode.SCMSafeModeManager (SCMSafeModeManager.java:validateSafeModeExitRules(201)) - AtleastOneDatanodeReportedRule rule is successfully validated
2021-05-19 07:26:06,079 [EventQueue-PipelineReportForOneReplicaPipelineSafeModeRule] INFO  safemode.SCMSafeModeManager (SCMSafeModeManager.java:validateSafeModeExitRules(201)) - AtleastOneDatanodeReportedRule rule is successfully validated
2021-05-19 07:26:06,080 [EventQueue-OpenPipelineForHealthyPipelineSafeModeRule] INFO  safemode.SCMSafeModeManager (HealthyPipelineSafeModeRule.java:process(130)) - SCM in safe mode. Healthy pipelines reported count is 0, required healthy pipeline reported count is 1
2021-05-19 07:26:06,120 [EventQueue-OpenPipelineForHealthyPipelineSafeModeRule] INFO  safemode.SCMSafeModeManager (HealthyPipelineSafeModeRule.java:process(130)) - SCM in safe mode. Healthy pipelines reported count is 0, required healthy pipeline reported count is 1
2021-05-19 07:26:06,120 [EventQueue-PipelineReportForOneReplicaPipelineSafeModeRule] INFO  safemode.SCMSafeModeManager (SCMSafeModeManager.java:validateSafeModeExitRules(201)) - AtleastOneDatanodeReportedRule rule is successfully validated
2021-05-19 07:26:06,171 [Listener at 127.0.0.1/46767] INFO  ozone.MiniOzoneClusterImpl (MiniOzoneClusterImpl.java:lambda$waitForClusterToBeReady$0(224)) - Nodes are ready. Got 3 of 3 DN Heartbeats.
2021-05-19 07:26:06,171 [Listener at 127.0.0.1/46767] INFO  ozone.MiniOzoneClusterImpl (MiniOzoneClusterImpl.java:lambda$waitForClusterToBeReady$0(227)) - Waiting for cluster to exit safe mode
2021-05-19 07:26:06,171 [Listener at 127.0.0.1/46767] INFO  ozone.MiniOzoneClusterImpl (MiniOzoneClusterImpl.java:lambda$waitForClusterToBeReady$0(230)) - SCM became leader
2021-05-19 07:26:06,175 [24cc0112-2c7f-455b-86a3-d41ab711ca71@group-CC09BBB41841-FollowerState] INFO  impl.FollowerState (FollowerState.java:run(134)) - 24cc0112-2c7f-455b-86a3-d41ab711ca71@group-CC09BBB41841-FollowerState: change to CANDIDATE, lastRpcElapsedTime:5121947713ns, electionTimeout:5121ms
2021-05-19 07:26:06,176 [24cc0112-2c7f-455b-86a3-d41ab711ca71@group-CC09BBB41841-FollowerState] INFO  impl.RoleInfo (RoleInfo.java:shutdownFollowerState(108)) - 24cc0112-2c7f-455b-86a3-d41ab711ca71: shutdown 24cc0112-2c7f-455b-86a3-d41ab711ca71@group-CC09BBB41841-FollowerState
2021-05-19 07:26:06,176 [24cc0112-2c7f-455b-86a3-d41ab711ca71@group-CC09BBB41841-FollowerState] INFO  server.RaftServer$Division (RaftServerImpl.java:setRole(284)) - 24cc0112-2c7f-455b-86a3-d41ab711ca71@group-CC09BBB41841: changes role from  FOLLOWER to CANDIDATE at term 0 for changeToCandidate
2021-05-19 07:26:06,176 [24cc0112-2c7f-455b-86a3-d41ab711ca71@group-CC09BBB41841-FollowerState] INFO  server.RaftServerConfigKeys (ConfUtils.java:logGet(44)) - raft.server.leaderelection.pre-vote = false (custom)
2021-05-19 07:26:06,176 [24cc0112-2c7f-455b-86a3-d41ab711ca71@group-CC09BBB41841-FollowerState] INFO  impl.RoleInfo (RoleInfo.java:updateAndGet(130)) - 24cc0112-2c7f-455b-86a3-d41ab711ca71: start 24cc0112-2c7f-455b-86a3-d41ab711ca71@group-CC09BBB41841-LeaderElection4
2021-05-19 07:26:06,180 [EventQueue-PipelineReportForOneReplicaPipelineSafeModeRule] INFO  safemode.SCMSafeModeManager (SCMSafeModeManager.java:validateSafeModeExitRules(201)) - AtleastOneDatanodeReportedRule rule is successfully validated
2021-05-19 07:26:06,180 [EventQueue-PipelineReportForOneReplicaPipelineSafeModeRule] INFO  safemode.SCMSafeModeManager (SCMSafeModeManager.java:validateSafeModeExitRules(201)) - AtleastOneDatanodeReportedRule rule is successfully validated
2021-05-19 07:26:06,180 [EventQueue-OpenPipelineForHealthyPipelineSafeModeRule] INFO  safemode.SCMSafeModeManager (HealthyPipelineSafeModeRule.java:process(130)) - SCM in safe mode. Healthy pipelines reported count is 0, required healthy pipeline reported count is 1
2021-05-19 07:26:06,181 [EventQueue-OpenPipelineForHealthyPipelineSafeModeRule] INFO  safemode.SCMSafeModeManager (HealthyPipelineSafeModeRule.java:process(130)) - SCM in safe mode. Healthy pipelines reported count is 0, required healthy pipeline reported count is 1
2021-05-19 07:26:06,181 [24cc0112-2c7f-455b-86a3-d41ab711ca71@group-CC09BBB41841-LeaderElection4] INFO  impl.LeaderElection (LeaderElection.java:askForVotes(306)) - 24cc0112-2c7f-455b-86a3-d41ab711ca71@group-CC09BBB41841-LeaderElection4 ELECTION round 0: submit vote requests at term 1 for -1: [24cc0112-2c7f-455b-86a3-d41ab711ca71|rpc:172.17.0.2:33355|priority:1], old=null
2021-05-19 07:26:06,181 [24cc0112-2c7f-455b-86a3-d41ab711ca71@group-CC09BBB41841-LeaderElection4] INFO  impl.LeaderElection (LeaderElection.java:askForVotes(308)) - 24cc0112-2c7f-455b-86a3-d41ab711ca71@group-CC09BBB41841-LeaderElection4 ELECTION round 0: result PASSED (term=1)
2021-05-19 07:26:06,181 [24cc0112-2c7f-455b-86a3-d41ab711ca71@group-CC09BBB41841-LeaderElection4] INFO  impl.RoleInfo (RoleInfo.java:shutdownLeaderElection(121)) - 24cc0112-2c7f-455b-86a3-d41ab711ca71: shutdown 24cc0112-2c7f-455b-86a3-d41ab711ca71@group-CC09BBB41841-LeaderElection4
2021-05-19 07:26:06,181 [24cc0112-2c7f-455b-86a3-d41ab711ca71@group-CC09BBB41841-LeaderElection4] INFO  server.RaftServer$Division (RaftServerImpl.java:setRole(284)) - 24cc0112-2c7f-455b-86a3-d41ab711ca71@group-CC09BBB41841: changes role from CANDIDATE to LEADER at term 1 for changeToLeader
2021-05-19 07:26:06,181 [24cc0112-2c7f-455b-86a3-d41ab711ca71@group-CC09BBB41841-LeaderElection4] INFO  ratis.XceiverServerRatis (XceiverServerRatis.java:handleLeaderChangedNotification(906)) - Leader change notification received for group: group-CC09BBB41841 with new leaderId: 24cc0112-2c7f-455b-86a3-d41ab711ca71
2021-05-19 07:26:06,182 [24cc0112-2c7f-455b-86a3-d41ab711ca71@group-CC09BBB41841-LeaderElection4] INFO  server.RaftServer$Division (ServerState.java:setLeader(271)) - 24cc0112-2c7f-455b-86a3-d41ab711ca71@group-CC09BBB41841: change Leader from null to 24cc0112-2c7f-455b-86a3-d41ab711ca71 at term 1 for becomeLeader, leader elected after 5145ms
2021-05-19 07:26:06,182 [24cc0112-2c7f-455b-86a3-d41ab711ca71@group-CC09BBB41841-LeaderElection4] INFO  server.RaftServerConfigKeys (ConfUtils.java:logGet(44)) - raft.server.staging.catchup.gap = 1000 (default)
2021-05-19 07:26:06,182 [24cc0112-2c7f-455b-86a3-d41ab711ca71@group-CC09BBB41841-LeaderElection4] INFO  metrics.RatisMetrics (RatisMetrics.java:lambda$create$0(36)) - Creating Metrics Registry : ratis.log_appender.24cc0112-2c7f-455b-86a3-d41ab711ca71@group-CC09BBB41841
2021-05-19 07:26:06,182 [24cc0112-2c7f-455b-86a3-d41ab711ca71@group-CC09BBB41841-LeaderElection4] INFO  server.RaftServerConfigKeys (ConfUtils.java:logGet(44)) - raft.server.write.element-limit = 1024 (custom)
2021-05-19 07:26:06,182 [24cc0112-2c7f-455b-86a3-d41ab711ca71@group-CC09BBB41841-LeaderElection4] INFO  server.RaftServerConfigKeys (ConfUtils.java:logGet(44)) - raft.server.write.byte-limit = 1073741824 (custom)
2021-05-19 07:26:06,183 [EventQueue-PipelineReportForOneReplicaPipelineSafeModeRule] INFO  safemode.SCMSafeModeManager (SCMSafeModeManager.java:validateSafeModeExitRules(201)) - AtleastOneDatanodeReportedRule rule is successfully validated
2021-05-19 07:26:06,183 [24cc0112-2c7f-455b-86a3-d41ab711ca71@group-CC09BBB41841-LeaderElection4] INFO  server.RaftServerConfigKeys (ConfUtils.java:logGet(44)) - raft.server.watch.timeout = 3000ms (custom)
2021-05-19 07:26:06,183 [24cc0112-2c7f-455b-86a3-d41ab711ca71@group-CC09BBB41841-LeaderElection4] INFO  server.RaftServerConfigKeys (ConfUtils.java:logGet(44)) - raft.server.watch.timeout.denomination = 1s (default)
2021-05-19 07:26:06,183 [24cc0112-2c7f-455b-86a3-d41ab711ca71@group-CC09BBB41841-LeaderElection4] INFO  server.RaftServerConfigKeys (ConfUtils.java:logGet(44)) - raft.server.watch.element-limit = 65536 (default)
2021-05-19 07:26:06,183 [24cc0112-2c7f-455b-86a3-d41ab711ca71@group-CC09BBB41841-LeaderElection4] INFO  impl.RoleInfo (RoleInfo.java:updateAndGet(130)) - 24cc0112-2c7f-455b-86a3-d41ab711ca71: start 24cc0112-2c7f-455b-86a3-d41ab711ca71@group-CC09BBB41841-LeaderStateImpl
2021-05-19 07:26:06,184 [24cc0112-2c7f-455b-86a3-d41ab711ca71@group-CC09BBB41841-LeaderElection4] INFO  segmented.SegmentedRaftLogWorker (SegmentedRaftLogWorker.java:startLogSegment(394)) - 24cc0112-2c7f-455b-86a3-d41ab711ca71@group-CC09BBB41841-SegmentedRaftLogWorker: Starting segment from index:0
2021-05-19 07:26:06,184 [EventQueue-OpenPipelineForHealthyPipelineSafeModeRule] INFO  safemode.SCMSafeModeManager (HealthyPipelineSafeModeRule.java:process(130)) - SCM in safe mode. Healthy pipelines reported count is 0, required healthy pipeline reported count is 1
2021-05-19 07:26:06,185 [24cc0112-2c7f-455b-86a3-d41ab711ca71@group-CC09BBB41841-SegmentedRaftLogWorker] INFO  segmented.SegmentedRaftLogWorker (SegmentedRaftLogWorker.java:execute(601)) - 24cc0112-2c7f-455b-86a3-d41ab711ca71@group-CC09BBB41841-SegmentedRaftLogWorker: created new log segment /github/workspace/mnt/ozone/hadoop-ozone/integration-test/target/test-dir/MiniOzoneClusterImpl-9cb82971-bc04-407e-a27d-eff665a14f0b/datanode-1/data/ratis/b9cf22d6-ac9c-4c63-98ee-cc09bbb41841/current/log_inprogress_0
2021-05-19 07:26:06,195 [24cc0112-2c7f-455b-86a3-d41ab711ca71@group-CC09BBB41841-LeaderElection4] INFO  server.RaftServer$Division (ServerState.java:setRaftConf(373)) - 24cc0112-2c7f-455b-86a3-d41ab711ca71@group-CC09BBB41841: set configuration 0: [24cc0112-2c7f-455b-86a3-d41ab711ca71|rpc:172.17.0.2:33355|dataStream:|priority:1], old=null
2021-05-19 07:26:06,220 [EventQueue-PipelineReportForOneReplicaPipelineSafeModeRule] INFO  safemode.SCMSafeModeManager (SCMSafeModeManager.java:validateSafeModeExitRules(201)) - AtleastOneDatanodeReportedRule rule is successfully validated
2021-05-19 07:26:06,220 [EventQueue-OpenPipelineForHealthyPipelineSafeModeRule] INFO  safemode.SCMSafeModeManager (HealthyPipelineSafeModeRule.java:process(130)) - SCM in safe mode. Healthy pipelines reported count is 0, required healthy pipeline reported count is 1
2021-05-19 07:26:06,279 [EventQueue-OpenPipelineForHealthyPipelineSafeModeRule] INFO  safemode.SCMSafeModeManager (HealthyPipelineSafeModeRule.java:process(130)) - SCM in safe mode. Healthy pipelines reported count is 0, required healthy pipeline reported count is 1
2021-05-19 07:26:06,279 [EventQueue-PipelineReportForOneReplicaPipelineSafeModeRule] INFO  safemode.SCMSafeModeManager (SCMSafeModeManager.java:validateSafeModeExitRules(201)) - AtleastOneDatanodeReportedRule rule is successfully validated
2021-05-19 07:26:06,282 [EventQueue-PipelineReportForOneReplicaPipelineSafeModeRule] INFO  safemode.SCMSafeModeManager (SCMSafeModeManager.java:validateSafeModeExitRules(201)) - AtleastOneDatanodeReportedRule rule is successfully validated
2021-05-19 07:26:06,282 [EventQueue-OpenPipelineForHealthyPipelineSafeModeRule] INFO  safemode.SCMSafeModeManager (HealthyPipelineSafeModeRule.java:process(130)) - SCM in safe mode. Healthy pipelines reported count is 0, required healthy pipeline reported count is 1
2021-05-19 07:26:06,319 [EventQueue-PipelineReportForOneReplicaPipelineSafeModeRule] INFO  safemode.SCMSafeModeManager (SCMSafeModeManager.java:validateSafeModeExitRules(201)) - AtleastOneDatanodeReportedRule rule is successfully validated
2021-05-19 07:26:06,319 [EventQueue-OpenPipelineForHealthyPipelineSafeModeRule] INFO  safemode.SCMSafeModeManager (HealthyPipelineSafeModeRule.java:process(130)) - SCM in safe mode. Healthy pipelines reported count is 0, required healthy pipeline reported count is 1
2021-05-19 07:26:06,339 [0cd32c65-f3ff-4dcf-8f2d-158191f49883@group-DC63EAEBFFB0-FollowerState] INFO  impl.FollowerState (FollowerState.java:run(134)) - 0cd32c65-f3ff-4dcf-8f2d-158191f49883@group-DC63EAEBFFB0-FollowerState: change to CANDIDATE, lastRpcElapsedTime:5144527621ns, electionTimeout:5138ms
2021-05-19 07:26:06,339 [0cd32c65-f3ff-4dcf-8f2d-158191f49883@group-DC63EAEBFFB0-FollowerState] INFO  impl.RoleInfo (RoleInfo.java:shutdownFollowerState(108)) - 0cd32c65-f3ff-4dcf-8f2d-158191f49883: shutdown 0cd32c65-f3ff-4dcf-8f2d-158191f49883@group-DC63EAEBFFB0-FollowerState
2021-05-19 07:26:06,339 [0cd32c65-f3ff-4dcf-8f2d-158191f49883@group-DC63EAEBFFB0-FollowerState] INFO  server.RaftServer$Division (RaftServerImpl.java:setRole(284)) - 0cd32c65-f3ff-4dcf-8f2d-158191f49883@group-DC63EAEBFFB0: changes role from  FOLLOWER to CANDIDATE at term 0 for changeToCandidate
2021-05-19 07:26:06,339 [0cd32c65-f3ff-4dcf-8f2d-158191f49883@group-DC63EAEBFFB0-FollowerState] INFO  server.RaftServerConfigKeys (ConfUtils.java:logGet(44)) - raft.server.leaderelection.pre-vote = false (custom)
2021-05-19 07:26:06,339 [0cd32c65-f3ff-4dcf-8f2d-158191f49883@group-DC63EAEBFFB0-FollowerState] INFO  impl.RoleInfo (RoleInfo.java:updateAndGet(130)) - 0cd32c65-f3ff-4dcf-8f2d-158191f49883: start 0cd32c65-f3ff-4dcf-8f2d-158191f49883@group-DC63EAEBFFB0-LeaderElection5
2021-05-19 07:26:06,342 [0cd32c65-f3ff-4dcf-8f2d-158191f49883@group-DC63EAEBFFB0-LeaderElection5] INFO  impl.LeaderElection (LeaderElection.java:askForVotes(306)) - 0cd32c65-f3ff-4dcf-8f2d-158191f49883@group-DC63EAEBFFB0-LeaderElection5 ELECTION round 0: submit vote requests at term 1 for -1: [0cd32c65-f3ff-4dcf-8f2d-158191f49883|rpc:172.17.0.2:43505|priority:1], old=null
2021-05-19 07:26:06,342 [0cd32c65-f3ff-4dcf-8f2d-158191f49883@group-DC63EAEBFFB0-LeaderElection5] INFO  impl.LeaderElection (LeaderElection.java:askForVotes(308)) - 0cd32c65-f3ff-4dcf-8f2d-158191f49883@group-DC63EAEBFFB0-LeaderElection5 ELECTION round 0: result PASSED (term=1)
2021-05-19 07:26:06,342 [0cd32c65-f3ff-4dcf-8f2d-158191f49883@group-DC63EAEBFFB0-LeaderElection5] INFO  impl.RoleInfo (RoleInfo.java:shutdownLeaderElection(121)) - 0cd32c65-f3ff-4dcf-8f2d-158191f49883: shutdown 0cd32c65-f3ff-4dcf-8f2d-158191f49883@group-DC63EAEBFFB0-LeaderElection5
2021-05-19 07:26:06,342 [0cd32c65-f3ff-4dcf-8f2d-158191f49883@group-DC63EAEBFFB0-LeaderElection5] INFO  server.RaftServer$Division (RaftServerImpl.java:setRole(284)) - 0cd32c65-f3ff-4dcf-8f2d-158191f49883@group-DC63EAEBFFB0: changes role from CANDIDATE to LEADER at term 1 for changeToLeader
2021-05-19 07:26:06,342 [0cd32c65-f3ff-4dcf-8f2d-158191f49883@group-DC63EAEBFFB0-LeaderElection5] INFO  ratis.XceiverServerRatis (XceiverServerRatis.java:handleLeaderChangedNotification(906)) - Leader change notification received for group: group-DC63EAEBFFB0 with new leaderId: 0cd32c65-f3ff-4dcf-8f2d-158191f49883
2021-05-19 07:26:06,343 [0cd32c65-f3ff-4dcf-8f2d-158191f49883@group-DC63EAEBFFB0-LeaderElection5] INFO  server.RaftServer$Division (ServerState.java:setLeader(271)) - 0cd32c65-f3ff-4dcf-8f2d-158191f49883@group-DC63EAEBFFB0: change Leader from null to 0cd32c65-f3ff-4dcf-8f2d-158191f49883 at term 1 for becomeLeader, leader elected after 5175ms
2021-05-19 07:26:06,343 [0cd32c65-f3ff-4dcf-8f2d-158191f49883@group-DC63EAEBFFB0-LeaderElection5] INFO  server.RaftServerConfigKeys (ConfUtils.java:logGet(44)) - raft.server.staging.catchup.gap = 1000 (default)
2021-05-19 07:26:06,343 [0cd32c65-f3ff-4dcf-8f2d-158191f49883@group-DC63EAEBFFB0-LeaderElection5] INFO  metrics.RatisMetrics (RatisMetrics.java:lambda$create$0(36)) - Creating Metrics Registry : ratis.log_appender.0cd32c65-f3ff-4dcf-8f2d-158191f49883@group-DC63EAEBFFB0
2021-05-19 07:26:06,343 [0cd32c65-f3ff-4dcf-8f2d-158191f49883@group-DC63EAEBFFB0-LeaderElection5] INFO  server.RaftServerConfigKeys (ConfUtils.java:logGet(44)) - raft.server.write.element-limit = 1024 (custom)
2021-05-19 07:26:06,343 [0cd32c65-f3ff-4dcf-8f2d-158191f49883@group-DC63EAEBFFB0-LeaderElection5] INFO  server.RaftServerConfigKeys (ConfUtils.java:logGet(44)) - raft.server.write.byte-limit = 1073741824 (custom)
2021-05-19 07:26:06,343 [0cd32c65-f3ff-4dcf-8f2d-158191f49883@group-DC63EAEBFFB0-LeaderElection5] INFO  server.RaftServerConfigKeys (ConfUtils.java:logGet(44)) - raft.server.watch.timeout = 3000ms (custom)
2021-05-19 07:26:06,343 [0cd32c65-f3ff-4dcf-8f2d-158191f49883@group-DC63EAEBFFB0-LeaderElection5] INFO  server.RaftServerConfigKeys (ConfUtils.java:logGet(44)) - raft.server.watch.timeout.denomination = 1s (default)
2021-05-19 07:26:06,344 [0cd32c65-f3ff-4dcf-8f2d-158191f49883@group-DC63EAEBFFB0-LeaderElection5] INFO  server.RaftServerConfigKeys (ConfUtils.java:logGet(44)) - raft.server.watch.element-limit = 65536 (default)
2021-05-19 07:26:06,344 [0cd32c65-f3ff-4dcf-8f2d-158191f49883@group-DC63EAEBFFB0-LeaderElection5] INFO  impl.RoleInfo (RoleInfo.java:updateAndGet(130)) - 0cd32c65-f3ff-4dcf-8f2d-158191f49883: start 0cd32c65-f3ff-4dcf-8f2d-158191f49883@group-DC63EAEBFFB0-LeaderStateImpl
2021-05-19 07:26:06,344 [0cd32c65-f3ff-4dcf-8f2d-158191f49883@group-DC63EAEBFFB0-LeaderElection5] INFO  segmented.SegmentedRaftLogWorker (SegmentedRaftLogWorker.java:startLogSegment(394)) - 0cd32c65-f3ff-4dcf-8f2d-158191f49883@group-DC63EAEBFFB0-SegmentedRaftLogWorker: Starting segment from index:0
2021-05-19 07:26:06,344 [EventQueue-PipelineReportForOneReplicaPipelineSafeModeRule] INFO  safemode.SCMSafeModeManager (SCMSafeModeManager.java:validateSafeModeExitRules(201)) - AtleastOneDatanodeReportedRule rule is successfully validated
2021-05-19 07:26:06,344 [EventQueue-OpenPipelineForHealthyPipelineSafeModeRule] INFO  safemode.SCMSafeModeManager (HealthyPipelineSafeModeRule.java:process(130)) - SCM in safe mode. Healthy pipelines reported count is 0, required healthy pipeline reported count is 1
2021-05-19 07:26:06,348 [0cd32c65-f3ff-4dcf-8f2d-158191f49883@group-DC63EAEBFFB0-LeaderElection5] INFO  server.RaftServer$Division (ServerState.java:setRaftConf(373)) - 0cd32c65-f3ff-4dcf-8f2d-158191f49883@group-DC63EAEBFFB0: set configuration 0: [0cd32c65-f3ff-4dcf-8f2d-158191f49883|rpc:172.17.0.2:43505|dataStream:|priority:1], old=null
2021-05-19 07:26:06,348 [0cd32c65-f3ff-4dcf-8f2d-158191f49883@group-DC63EAEBFFB0-SegmentedRaftLogWorker] INFO  segmented.SegmentedRaftLogWorker (SegmentedRaftLogWorker.java:execute(601)) - 0cd32c65-f3ff-4dcf-8f2d-158191f49883@group-DC63EAEBFFB0-SegmentedRaftLogWorker: created new log segment /github/workspace/mnt/ozone/hadoop-ozone/integration-test/target/test-dir/MiniOzoneClusterImpl-9cb82971-bc04-407e-a27d-eff665a14f0b/datanode-2/data/ratis/e1497386-432b-4157-9842-dc63eaebffb0/current/log_inprogress_0
2021-05-19 07:26:06,383 [EventQueue-PipelineReportForOneReplicaPipelineSafeModeRule] INFO  safemode.SCMSafeModeManager (SCMSafeModeManager.java:validateSafeModeExitRules(201)) - AtleastOneDatanodeReportedRule rule is successfully validated
2021-05-19 07:26:06,383 [EventQueue-OpenPipelineForHealthyPipelineSafeModeRule] INFO  safemode.SCMSafeModeManager (HealthyPipelineSafeModeRule.java:process(130)) - SCM in safe mode. Healthy pipelines reported count is 0, required healthy pipeline reported count is 1
2021-05-19 07:26:06,419 [EventQueue-PipelineReportForOneReplicaPipelineSafeModeRule] INFO  safemode.SCMSafeModeManager (SCMSafeModeManager.java:validateSafeModeExitRules(201)) - AtleastOneDatanodeReportedRule rule is successfully validated
2021-05-19 07:26:06,419 [EventQueue-OpenPipelineForHealthyPipelineSafeModeRule] INFO  safemode.SCMSafeModeManager (HealthyPipelineSafeModeRule.java:process(130)) - SCM in safe mode. Healthy pipelines reported count is 0, required healthy pipeline reported count is 1
2021-05-19 07:26:06,444 [EventQueue-OpenPipelineForHealthyPipelineSafeModeRule] INFO  safemode.SCMSafeModeManager (HealthyPipelineSafeModeRule.java:process(130)) - SCM in safe mode. Healthy pipelines reported count is 0, required healthy pipeline reported count is 1
2021-05-19 07:26:06,444 [EventQueue-PipelineReportForOneReplicaPipelineSafeModeRule] INFO  safemode.SCMSafeModeManager (SCMSafeModeManager.java:validateSafeModeExitRules(201)) - AtleastOneDatanodeReportedRule rule is successfully validated
2021-05-19 07:26:06,484 [EventQueue-PipelineReportForOneReplicaPipelineSafeModeRule] INFO  safemode.SCMSafeModeManager (SCMSafeModeManager.java:validateSafeModeExitRules(201)) - AtleastOneDatanodeReportedRule rule is successfully validated
2021-05-19 07:26:06,484 [EventQueue-OpenPipelineForHealthyPipelineSafeModeRule] INFO  safemode.SCMSafeModeManager (HealthyPipelineSafeModeRule.java:process(130)) - SCM in safe mode. Healthy pipelines reported count is 0, required healthy pipeline reported count is 1
2021-05-19 07:26:06,520 [EventQueue-PipelineReportForOneReplicaPipelineSafeModeRule] INFO  safemode.SCMSafeModeManager (SCMSafeModeManager.java:validateSafeModeExitRules(201)) - AtleastOneDatanodeReportedRule rule is successfully validated
2021-05-19 07:26:06,520 [EventQueue-OpenPipelineForHealthyPipelineSafeModeRule] INFO  safemode.SCMSafeModeManager (HealthyPipelineSafeModeRule.java:process(130)) - SCM in safe mode. Healthy pipelines reported count is 0, required healthy pipeline reported count is 1
2021-05-19 07:26:06,545 [EventQueue-PipelineReportForOneReplicaPipelineSafeModeRule] INFO  safemode.SCMSafeModeManager (SCMSafeModeManager.java:validateSafeModeExitRules(201)) - AtleastOneDatanodeReportedRule rule is successfully validated
2021-05-19 07:26:06,545 [EventQueue-OpenPipelineForHealthyPipelineSafeModeRule] INFO  safemode.SCMSafeModeManager (HealthyPipelineSafeModeRule.java:process(130)) - SCM in safe mode. Healthy pipelines reported count is 0, required healthy pipeline reported count is 1
2021-05-19 07:26:06,584 [EventQueue-OpenPipelineForHealthyPipelineSafeModeRule] INFO  safemode.SCMSafeModeManager (HealthyPipelineSafeModeRule.java:process(130)) - SCM in safe mode. Healthy pipelines reported count is 0, required healthy pipeline reported count is 1
2021-05-19 07:26:06,584 [EventQueue-PipelineReportForOneReplicaPipelineSafeModeRule] INFO  safemode.SCMSafeModeManager (SCMSafeModeManager.java:validateSafeModeExitRules(201)) - AtleastOneDatanodeReportedRule rule is successfully validated
2021-05-19 07:26:06,620 [EventQueue-PipelineReportForOneReplicaPipelineSafeModeRule] INFO  safemode.SCMSafeModeManager (SCMSafeModeManager.java:validateSafeModeExitRules(201)) - AtleastOneDatanodeReportedRule rule is successfully validated
2021-05-19 07:26:06,620 [EventQueue-OpenPipelineForHealthyPipelineSafeModeRule] INFO  safemode.SCMSafeModeManager (HealthyPipelineSafeModeRule.java:process(130)) - SCM in safe mode. Healthy pipelines reported count is 0, required healthy pipeline reported count is 1
2021-05-19 07:26:06,645 [EventQueue-PipelineReportForOneReplicaPipelineSafeModeRule] INFO  safemode.SCMSafeModeManager (SCMSafeModeManager.java:validateSafeModeExitRules(201)) - AtleastOneDatanodeReportedRule rule is successfully validated
2021-05-19 07:26:06,645 [EventQueue-OpenPipelineForHealthyPipelineSafeModeRule] INFO  safemode.SCMSafeModeManager (HealthyPipelineSafeModeRule.java:process(130)) - SCM in safe mode. Healthy pipelines reported count is 0, required healthy pipeline reported count is 1
2021-05-19 07:26:06,684 [EventQueue-PipelineReportForOneReplicaPipelineSafeModeRule] INFO  safemode.SCMSafeModeManager (SCMSafeModeManager.java:validateSafeModeExitRules(201)) - AtleastOneDatanodeReportedRule rule is successfully validated
2021-05-19 07:26:06,684 [EventQueue-OpenPipelineForHealthyPipelineSafeModeRule] INFO  safemode.SCMSafeModeManager (HealthyPipelineSafeModeRule.java:process(130)) - SCM in safe mode. Healthy pipelines reported count is 0, required healthy pipeline reported count is 1
2021-05-19 07:26:06,719 [EventQueue-PipelineReportForOneReplicaPipelineSafeModeRule] INFO  safemode.SCMSafeModeManager (SCMSafeModeManager.java:validateSafeModeExitRules(201)) - AtleastOneDatanodeReportedRule rule is successfully validated
2021-05-19 07:26:06,719 [EventQueue-OpenPipelineForHealthyPipelineSafeModeRule] INFO  safemode.SCMSafeModeManager (HealthyPipelineSafeModeRule.java:process(130)) - SCM in safe mode. Healthy pipelines reported count is 0, required healthy pipeline reported count is 1
2021-05-19 07:26:06,745 [EventQueue-PipelineReportForOneReplicaPipelineSafeModeRule] INFO  safemode.SCMSafeModeManager (SCMSafeModeManager.java:validateSafeModeExitRules(201)) - AtleastOneDatanodeReportedRule rule is successfully validated
2021-05-19 07:26:06,745 [EventQueue-OpenPipelineForHealthyPipelineSafeModeRule] INFO  safemode.SCMSafeModeManager (HealthyPipelineSafeModeRule.java:process(130)) - SCM in safe mode. Healthy pipelines reported count is 0, required healthy pipeline reported count is 1
2021-05-19 07:26:06,783 [EventQueue-PipelineReportForOneReplicaPipelineSafeModeRule] INFO  safemode.SCMSafeModeManager (SCMSafeModeManager.java:validateSafeModeExitRules(201)) - AtleastOneDatanodeReportedRule rule is successfully validated
2021-05-19 07:26:06,783 [EventQueue-OpenPipelineForHealthyPipelineSafeModeRule] INFO  safemode.SCMSafeModeManager (HealthyPipelineSafeModeRule.java:process(130)) - SCM in safe mode. Healthy pipelines reported count is 0, required healthy pipeline reported count is 1
2021-05-19 07:26:06,819 [EventQueue-OpenPipelineForHealthyPipelineSafeModeRule] INFO  safemode.SCMSafeModeManager (HealthyPipelineSafeModeRule.java:process(130)) - SCM in safe mode. Healthy pipelines reported count is 0, required healthy pipeline reported count is 1
2021-05-19 07:26:06,819 [EventQueue-PipelineReportForOneReplicaPipelineSafeModeRule] INFO  safemode.SCMSafeModeManager (SCMSafeModeManager.java:validateSafeModeExitRules(201)) - AtleastOneDatanodeReportedRule rule is successfully validated
2021-05-19 07:26:06,845 [EventQueue-OpenPipelineForHealthyPipelineSafeModeRule] INFO  safemode.SCMSafeModeManager (HealthyPipelineSafeModeRule.java:process(130)) - SCM in safe mode. Healthy pipelines reported count is 0, required healthy pipeline reported count is 1
2021-05-19 07:26:06,845 [EventQueue-PipelineReportForOneReplicaPipelineSafeModeRule] INFO  safemode.SCMSafeModeManager (SCMSafeModeManager.java:validateSafeModeExitRules(201)) - AtleastOneDatanodeReportedRule rule is successfully validated
2021-05-19 07:26:06,884 [EventQueue-PipelineReportForOneReplicaPipelineSafeModeRule] INFO  safemode.SCMSafeModeManager (SCMSafeModeManager.java:validateSafeModeExitRules(201)) - AtleastOneDatanodeReportedRule rule is successfully validated
2021-05-19 07:26:06,884 [EventQueue-OpenPipelineForHealthyPipelineSafeModeRule] INFO  safemode.SCMSafeModeManager (HealthyPipelineSafeModeRule.java:process(130)) - SCM in safe mode. Healthy pipelines reported count is 0, required healthy pipeline reported count is 1
2021-05-19 07:26:06,920 [EventQueue-PipelineReportForOneReplicaPipelineSafeModeRule] INFO  safemode.SCMSafeModeManager (SCMSafeModeManager.java:validateSafeModeExitRules(201)) - AtleastOneDatanodeReportedRule rule is successfully validated
2021-05-19 07:26:06,920 [EventQueue-OpenPipelineForHealthyPipelineSafeModeRule] INFO  safemode.SCMSafeModeManager (HealthyPipelineSafeModeRule.java:process(130)) - SCM in safe mode. Healthy pipelines reported count is 0, required healthy pipeline reported count is 1
2021-05-19 07:26:06,945 [EventQueue-PipelineReportForOneReplicaPipelineSafeModeRule] INFO  safemode.SCMSafeModeManager (SCMSafeModeManager.java:validateSafeModeExitRules(201)) - AtleastOneDatanodeReportedRule rule is successfully validated
2021-05-19 07:26:06,945 [EventQueue-OpenPipelineForHealthyPipelineSafeModeRule] INFO  safemode.SCMSafeModeManager (HealthyPipelineSafeModeRule.java:process(130)) - SCM in safe mode. Healthy pipelines reported count is 0, required healthy pipeline reported count is 1
2021-05-19 07:26:06,984 [EventQueue-PipelineReportForOneReplicaPipelineSafeModeRule] INFO  safemode.SCMSafeModeManager (SCMSafeModeManager.java:validateSafeModeExitRules(201)) - AtleastOneDatanodeReportedRule rule is successfully validated
2021-05-19 07:26:06,985 [EventQueue-OpenPipelineForHealthyPipelineSafeModeRule] INFO  safemode.SCMSafeModeManager (HealthyPipelineSafeModeRule.java:process(130)) - SCM in safe mode. Healthy pipelines reported count is 0, required healthy pipeline reported count is 1
2021-05-19 07:26:07,019 [EventQueue-PipelineReportForOneReplicaPipelineSafeModeRule] INFO  safemode.SCMSafeModeManager (SCMSafeModeManager.java:validateSafeModeExitRules(201)) - AtleastOneDatanodeReportedRule rule is successfully validated
2021-05-19 07:26:07,019 [EventQueue-OpenPipelineForHealthyPipelineSafeModeRule] INFO  safemode.SCMSafeModeManager (HealthyPipelineSafeModeRule.java:process(130)) - SCM in safe mode. Healthy pipelines reported count is 0, required healthy pipeline reported count is 1
2021-05-19 07:26:07,045 [EventQueue-PipelineReportForOneReplicaPipelineSafeModeRule] INFO  safemode.SCMSafeModeManager (SCMSafeModeManager.java:validateSafeModeExitRules(201)) - AtleastOneDatanodeReportedRule rule is successfully validated
2021-05-19 07:26:07,045 [EventQueue-OpenPipelineForHealthyPipelineSafeModeRule] INFO  safemode.SCMSafeModeManager (HealthyPipelineSafeModeRule.java:process(130)) - SCM in safe mode. Healthy pipelines reported count is 0, required healthy pipeline reported count is 1
2021-05-19 07:26:07,085 [EventQueue-PipelineReportForOneReplicaPipelineSafeModeRule] INFO  safemode.SCMSafeModeManager (SCMSafeModeManager.java:validateSafeModeExitRules(201)) - AtleastOneDatanodeReportedRule rule is successfully validated
2021-05-19 07:26:07,085 [EventQueue-OpenPipelineForHealthyPipelineSafeModeRule] INFO  safemode.SCMSafeModeManager (HealthyPipelineSafeModeRule.java:process(130)) - SCM in safe mode. Healthy pipelines reported count is 0, required healthy pipeline reported count is 1
2021-05-19 07:26:07,119 [EventQueue-OpenPipelineForHealthyPipelineSafeModeRule] INFO  safemode.SCMSafeModeManager (HealthyPipelineSafeModeRule.java:process(130)) - SCM in safe mode. Healthy pipelines reported count is 0, required healthy pipeline reported count is 1
2021-05-19 07:26:07,119 [EventQueue-PipelineReportForOneReplicaPipelineSafeModeRule] INFO  safemode.SCMSafeModeManager (SCMSafeModeManager.java:validateSafeModeExitRules(201)) - AtleastOneDatanodeReportedRule rule is successfully validated
2021-05-19 07:26:07,145 [EventQueue-OpenPipelineForHealthyPipelineSafeModeRule] INFO  safemode.SCMSafeModeManager (HealthyPipelineSafeModeRule.java:process(130)) - SCM in safe mode. Healthy pipelines reported count is 0, required healthy pipeline reported count is 1
2021-05-19 07:26:07,145 [EventQueue-PipelineReportForOneReplicaPipelineSafeModeRule] INFO  safemode.SCMSafeModeManager (SCMSafeModeManager.java:validateSafeModeExitRules(201)) - AtleastOneDatanodeReportedRule rule is successfully validated
2021-05-19 07:26:07,172 [Listener at 127.0.0.1/46767] INFO  ozone.MiniOzoneClusterImpl (MiniOzoneClusterImpl.java:lambda$waitForClusterToBeReady$0(224)) - Nodes are ready. Got 3 of 3 DN Heartbeats.
2021-05-19 07:26:07,172 [Listener at 127.0.0.1/46767] INFO  ozone.MiniOzoneClusterImpl (MiniOzoneClusterImpl.java:lambda$waitForClusterToBeReady$0(227)) - Waiting for cluster to exit safe mode
2021-05-19 07:26:07,172 [Listener at 127.0.0.1/46767] INFO  ozone.MiniOzoneClusterImpl (MiniOzoneClusterImpl.java:lambda$waitForClusterToBeReady$0(230)) - SCM became leader
2021-05-19 07:26:07,186 [EventQueue-PipelineReportForOneReplicaPipelineSafeModeRule] INFO  safemode.SCMSafeModeManager (SCMSafeModeManager.java:validateSafeModeExitRules(201)) - AtleastOneDatanodeReportedRule rule is successfully validated
2021-05-19 07:26:07,186 [EventQueue-OpenPipelineForHealthyPipelineSafeModeRule] INFO  safemode.SCMSafeModeManager (HealthyPipelineSafeModeRule.java:process(130)) - SCM in safe mode. Healthy pipelines reported count is 0, required healthy pipeline reported count is 1
2021-05-19 07:26:07,219 [EventQueue-OpenPipelineForHealthyPipelineSafeModeRule] INFO  safemode.SCMSafeModeManager (HealthyPipelineSafeModeRule.java:process(130)) - SCM in safe mode. Healthy pipelines reported count is 0, required healthy pipeline reported count is 1
2021-05-19 07:26:07,220 [EventQueue-PipelineReportForOneReplicaPipelineSafeModeRule] INFO  safemode.SCMSafeModeManager (SCMSafeModeManager.java:validateSafeModeExitRules(201)) - AtleastOneDatanodeReportedRule rule is successfully validated
2021-05-19 07:26:07,244 [EventQueue-PipelineReportForOneReplicaPipelineSafeModeRule] INFO  safemode.SCMSafeModeManager (SCMSafeModeManager.java:validateSafeModeExitRules(201)) - AtleastOneDatanodeReportedRule rule is successfully validated
2021-05-19 07:26:07,245 [EventQueue-OpenPipelineForHealthyPipelineSafeModeRule] INFO  safemode.SCMSafeModeManager (HealthyPipelineSafeModeRule.java:process(130)) - SCM in safe mode. Healthy pipelines reported count is 0, required healthy pipeline reported count is 1
2021-05-19 07:26:07,285 [EventQueue-PipelineReportForOneReplicaPipelineSafeModeRule] INFO  safemode.SCMSafeModeManager (SCMSafeModeManager.java:validateSafeModeExitRules(201)) - AtleastOneDatanodeReportedRule rule is successfully validated
2021-05-19 07:26:07,286 [EventQueue-OpenPipelineForHealthyPipelineSafeModeRule] INFO  safemode.SCMSafeModeManager (HealthyPipelineSafeModeRule.java:process(130)) - SCM in safe mode. Healthy pipelines reported count is 0, required healthy pipeline reported count is 1
2021-05-19 07:26:07,320 [EventQueue-OpenPipelineForHealthyPipelineSafeModeRule] INFO  safemode.SCMSafeModeManager (HealthyPipelineSafeModeRule.java:process(130)) - SCM in safe mode. Healthy pipelines reported count is 0, required healthy pipeline reported count is 1
2021-05-19 07:26:07,320 [EventQueue-PipelineReportForOneReplicaPipelineSafeModeRule] INFO  safemode.SCMSafeModeManager (SCMSafeModeManager.java:validateSafeModeExitRules(201)) - AtleastOneDatanodeReportedRule rule is successfully validated
2021-05-19 07:26:07,344 [EventQueue-PipelineReportForOneReplicaPipelineSafeModeRule] INFO  safemode.SCMSafeModeManager (SCMSafeModeManager.java:validateSafeModeExitRules(201)) - AtleastOneDatanodeReportedRule rule is successfully validated
2021-05-19 07:26:07,344 [EventQueue-OpenPipelineForHealthyPipelineSafeModeRule] INFO  safemode.SCMSafeModeManager (HealthyPipelineSafeModeRule.java:process(130)) - SCM in safe mode. Healthy pipelines reported count is 0, required healthy pipeline reported count is 1
2021-05-19 07:26:07,386 [EventQueue-OpenPipelineForHealthyPipelineSafeModeRule] INFO  safemode.SCMSafeModeManager (HealthyPipelineSafeModeRule.java:process(130)) - SCM in safe mode. Healthy pipelines reported count is 0, required healthy pipeline reported count is 1
2021-05-19 07:26:07,386 [EventQueue-PipelineReportForOneReplicaPipelineSafeModeRule] INFO  safemode.SCMSafeModeManager (SCMSafeModeManager.java:validateSafeModeExitRules(201)) - AtleastOneDatanodeReportedRule rule is successfully validated
2021-05-19 07:26:07,421 [EventQueue-OpenPipelineForHealthyPipelineSafeModeRule] INFO  safemode.SCMSafeModeManager (HealthyPipelineSafeModeRule.java:process(130)) - SCM in safe mode. Healthy pipelines reported count is 0, required healthy pipeline reported count is 1
2021-05-19 07:26:07,421 [EventQueue-PipelineReportForOneReplicaPipelineSafeModeRule] INFO  safemode.SCMSafeModeManager (SCMSafeModeManager.java:validateSafeModeExitRules(201)) - AtleastOneDatanodeReportedRule rule is successfully validated
2021-05-19 07:26:07,444 [EventQueue-PipelineReportForOneReplicaPipelineSafeModeRule] INFO  safemode.SCMSafeModeManager (SCMSafeModeManager.java:validateSafeModeExitRules(201)) - AtleastOneDatanodeReportedRule rule is successfully validated
2021-05-19 07:26:07,445 [EventQueue-OpenPipelineForHealthyPipelineSafeModeRule] INFO  safemode.SCMSafeModeManager (HealthyPipelineSafeModeRule.java:process(130)) - SCM in safe mode. Healthy pipelines reported count is 0, required healthy pipeline reported count is 1
2021-05-19 07:26:07,487 [EventQueue-OpenPipelineForHealthyPipelineSafeModeRule] INFO  safemode.SCMSafeModeManager (HealthyPipelineSafeModeRule.java:process(130)) - SCM in safe mode. Healthy pipelines reported count is 0, required healthy pipeline reported count is 1
2021-05-19 07:26:07,487 [EventQueue-PipelineReportForOneReplicaPipelineSafeModeRule] INFO  safemode.SCMSafeModeManager (SCMSafeModeManager.java:validateSafeModeExitRules(201)) - AtleastOneDatanodeReportedRule rule is successfully validated
2021-05-19 07:26:07,521 [EventQueue-OpenPipelineForHealthyPipelineSafeModeRule] INFO  safemode.SCMSafeModeManager (HealthyPipelineSafeModeRule.java:process(130)) - SCM in safe mode. Healthy pipelines reported count is 0, required healthy pipeline reported count is 1
2021-05-19 07:26:07,521 [EventQueue-PipelineReportForOneReplicaPipelineSafeModeRule] INFO  safemode.SCMSafeModeManager (SCMSafeModeManager.java:validateSafeModeExitRules(201)) - AtleastOneDatanodeReportedRule rule is successfully validated
2021-05-19 07:26:07,545 [EventQueue-OpenPipelineForHealthyPipelineSafeModeRule] INFO  safemode.SCMSafeModeManager (HealthyPipelineSafeModeRule.java:process(130)) - SCM in safe mode. Healthy pipelines reported count is 0, required healthy pipeline reported count is 1
2021-05-19 07:26:07,545 [EventQueue-PipelineReportForOneReplicaPipelineSafeModeRule] INFO  safemode.SCMSafeModeManager (SCMSafeModeManager.java:validateSafeModeExitRules(201)) - AtleastOneDatanodeReportedRule rule is successfully validated
2021-05-19 07:26:07,586 [EventQueue-OpenPipelineForHealthyPipelineSafeModeRule] INFO  safemode.SCMSafeModeManager (HealthyPipelineSafeModeRule.java:process(130)) - SCM in safe mode. Healthy pipelines reported count is 0, required healthy pipeline reported count is 1
2021-05-19 07:26:07,587 [EventQueue-PipelineReportForOneReplicaPipelineSafeModeRule] INFO  safemode.SCMSafeModeManager (SCMSafeModeManager.java:validateSafeModeExitRules(201)) - AtleastOneDatanodeReportedRule rule is successfully validated
2021-05-19 07:26:07,622 [EventQueue-OpenPipelineForHealthyPipelineSafeModeRule] INFO  safemode.SCMSafeModeManager (HealthyPipelineSafeModeRule.java:process(130)) - SCM in safe mode. Healthy pipelines reported count is 0, required healthy pipeline reported count is 1
2021-05-19 07:26:07,622 [EventQueue-PipelineReportForOneReplicaPipelineSafeModeRule] INFO  safemode.SCMSafeModeManager (SCMSafeModeManager.java:validateSafeModeExitRules(201)) - AtleastOneDatanodeReportedRule rule is successfully validated
2021-05-19 07:26:07,645 [EventQueue-OpenPipelineForHealthyPipelineSafeModeRule] INFO  safemode.SCMSafeModeManager (HealthyPipelineSafeModeRule.java:process(130)) - SCM in safe mode. Healthy pipelines reported count is 0, required healthy pipeline reported count is 1
2021-05-19 07:26:07,645 [EventQueue-PipelineReportForOneReplicaPipelineSafeModeRule] INFO  safemode.SCMSafeModeManager (SCMSafeModeManager.java:validateSafeModeExitRules(201)) - AtleastOneDatanodeReportedRule rule is successfully validated
2021-05-19 07:26:07,686 [EventQueue-PipelineReportForOneReplicaPipelineSafeModeRule] INFO  safemode.SCMSafeModeManager (SCMSafeModeManager.java:validateSafeModeExitRules(201)) - AtleastOneDatanodeReportedRule rule is successfully validated
2021-05-19 07:26:07,686 [EventQueue-OpenPipelineForHealthyPipelineSafeModeRule] INFO  safemode.SCMSafeModeManager (HealthyPipelineSafeModeRule.java:process(130)) - SCM in safe mode. Healthy pipelines reported count is 0, required healthy pipeline reported count is 1
2021-05-19 07:26:07,721 [EventQueue-PipelineReportForOneReplicaPipelineSafeModeRule] INFO  safemode.SCMSafeModeManager (SCMSafeModeManager.java:validateSafeModeExitRules(201)) - AtleastOneDatanodeReportedRule rule is successfully validated
2021-05-19 07:26:07,721 [EventQueue-OpenPipelineForHealthyPipelineSafeModeRule] INFO  safemode.SCMSafeModeManager (HealthyPipelineSafeModeRule.java:process(130)) - SCM in safe mode. Healthy pipelines reported count is 0, required healthy pipeline reported count is 1
2021-05-19 07:26:07,745 [EventQueue-PipelineReportForOneReplicaPipelineSafeModeRule] INFO  safemode.SCMSafeModeManager (SCMSafeModeManager.java:validateSafeModeExitRules(201)) - AtleastOneDatanodeReportedRule rule is successfully validated
2021-05-19 07:26:07,745 [EventQueue-OpenPipelineForHealthyPipelineSafeModeRule] INFO  safemode.SCMSafeModeManager (HealthyPipelineSafeModeRule.java:process(130)) - SCM in safe mode. Healthy pipelines reported count is 0, required healthy pipeline reported count is 1
2021-05-19 07:26:07,787 [EventQueue-PipelineReportForOneReplicaPipelineSafeModeRule] INFO  safemode.SCMSafeModeManager (SCMSafeModeManager.java:validateSafeModeExitRules(201)) - AtleastOneDatanodeReportedRule rule is successfully validated
2021-05-19 07:26:07,787 [EventQueue-OpenPipelineForHealthyPipelineSafeModeRule] INFO  safemode.SCMSafeModeManager (HealthyPipelineSafeModeRule.java:process(130)) - SCM in safe mode. Healthy pipelines reported count is 0, required healthy pipeline reported count is 1
2021-05-19 07:26:07,822 [EventQueue-PipelineReportForOneReplicaPipelineSafeModeRule] INFO  safemode.SCMSafeModeManager (SCMSafeModeManager.java:validateSafeModeExitRules(201)) - AtleastOneDatanodeReportedRule rule is successfully validated
2021-05-19 07:26:07,822 [EventQueue-OpenPipelineForHealthyPipelineSafeModeRule] INFO  safemode.SCMSafeModeManager (HealthyPipelineSafeModeRule.java:process(130)) - SCM in safe mode. Healthy pipelines reported count is 0, required healthy pipeline reported count is 1
2021-05-19 07:26:07,844 [EventQueue-OpenPipelineForHealthyPipelineSafeModeRule] INFO  safemode.SCMSafeModeManager (HealthyPipelineSafeModeRule.java:process(130)) - SCM in safe mode. Healthy pipelines reported count is 0, required healthy pipeline reported count is 1
2021-05-19 07:26:07,845 [EventQueue-PipelineReportForOneReplicaPipelineSafeModeRule] INFO  safemode.SCMSafeModeManager (SCMSafeModeManager.java:validateSafeModeExitRules(201)) - AtleastOneDatanodeReportedRule rule is successfully validated
2021-05-19 07:26:07,887 [EventQueue-PipelineReportForOneReplicaPipelineSafeModeRule] INFO  safemode.SCMSafeModeManager (SCMSafeModeManager.java:validateSafeModeExitRules(201)) - AtleastOneDatanodeReportedRule rule is successfully validated
2021-05-19 07:26:07,887 [EventQueue-OpenPipelineForHealthyPipelineSafeModeRule] INFO  safemode.SCMSafeModeManager (HealthyPipelineSafeModeRule.java:process(130)) - SCM in safe mode. Healthy pipelines reported count is 0, required healthy pipeline reported count is 1
2021-05-19 07:26:07,922 [EventQueue-PipelineReportForOneReplicaPipelineSafeModeRule] INFO  safemode.SCMSafeModeManager (SCMSafeModeManager.java:validateSafeModeExitRules(201)) - AtleastOneDatanodeReportedRule rule is successfully validated
2021-05-19 07:26:07,922 [EventQueue-OpenPipelineForHealthyPipelineSafeModeRule] INFO  safemode.SCMSafeModeManager (HealthyPipelineSafeModeRule.java:process(130)) - SCM in safe mode. Healthy pipelines reported count is 0, required healthy pipeline reported count is 1
2021-05-19 07:26:07,944 [EventQueue-OpenPipelineForHealthyPipelineSafeModeRule] INFO  safemode.SCMSafeModeManager (HealthyPipelineSafeModeRule.java:process(130)) - SCM in safe mode. Healthy pipelines reported count is 0, required healthy pipeline reported count is 1
2021-05-19 07:26:07,945 [EventQueue-PipelineReportForOneReplicaPipelineSafeModeRule] INFO  safemode.SCMSafeModeManager (SCMSafeModeManager.java:validateSafeModeExitRules(201)) - AtleastOneDatanodeReportedRule rule is successfully validated
2021-05-19 07:26:07,987 [EventQueue-PipelineReportForOneReplicaPipelineSafeModeRule] INFO  safemode.SCMSafeModeManager (SCMSafeModeManager.java:validateSafeModeExitRules(201)) - AtleastOneDatanodeReportedRule rule is successfully validated
2021-05-19 07:26:07,987 [EventQueue-OpenPipelineForHealthyPipelineSafeModeRule] INFO  safemode.SCMSafeModeManager (HealthyPipelineSafeModeRule.java:process(130)) - SCM in safe mode. Healthy pipelines reported count is 0, required healthy pipeline reported count is 1
2021-05-19 07:26:08,022 [EventQueue-PipelineReportForOneReplicaPipelineSafeModeRule] INFO  safemode.SCMSafeModeManager (SCMSafeModeManager.java:validateSafeModeExitRules(201)) - AtleastOneDatanodeReportedRule rule is successfully validated
2021-05-19 07:26:08,022 [EventQueue-OpenPipelineForHealthyPipelineSafeModeRule] INFO  safemode.SCMSafeModeManager (HealthyPipelineSafeModeRule.java:process(130)) - SCM in safe mode. Healthy pipelines reported count is 0, required healthy pipeline reported count is 1
2021-05-19 07:26:08,044 [EventQueue-PipelineReportForOneReplicaPipelineSafeModeRule] INFO  safemode.SCMSafeModeManager (SCMSafeModeManager.java:validateSafeModeExitRules(201)) - AtleastOneDatanodeReportedRule rule is successfully validated
2021-05-19 07:26:08,044 [EventQueue-OpenPipelineForHealthyPipelineSafeModeRule] INFO  safemode.SCMSafeModeManager (HealthyPipelineSafeModeRule.java:process(130)) - SCM in safe mode. Healthy pipelines reported count is 0, required healthy pipeline reported count is 1
2021-05-19 07:26:08,087 [EventQueue-PipelineReportForOneReplicaPipelineSafeModeRule] INFO  safemode.SCMSafeModeManager (SCMSafeModeManager.java:validateSafeModeExitRules(201)) - AtleastOneDatanodeReportedRule rule is successfully validated
2021-05-19 07:26:08,087 [EventQueue-OpenPipelineForHealthyPipelineSafeModeRule] INFO  safemode.SCMSafeModeManager (HealthyPipelineSafeModeRule.java:process(130)) - SCM in safe mode. Healthy pipelines reported count is 0, required healthy pipeline reported count is 1
2021-05-19 07:26:08,121 [EventQueue-PipelineReportForOneReplicaPipelineSafeModeRule] INFO  safemode.SCMSafeModeManager (SCMSafeModeManager.java:validateSafeModeExitRules(201)) - AtleastOneDatanodeReportedRule rule is successfully validated
2021-05-19 07:26:08,121 [EventQueue-OpenPipelineForHealthyPipelineSafeModeRule] INFO  safemode.SCMSafeModeManager (HealthyPipelineSafeModeRule.java:process(130)) - SCM in safe mode. Healthy pipelines reported count is 0, required healthy pipeline reported count is 1
2021-05-19 07:26:08,145 [EventQueue-PipelineReportForOneReplicaPipelineSafeModeRule] INFO  safemode.SCMSafeModeManager (SCMSafeModeManager.java:validateSafeModeExitRules(201)) - AtleastOneDatanodeReportedRule rule is successfully validated
2021-05-19 07:26:08,145 [EventQueue-OpenPipelineForHealthyPipelineSafeModeRule] INFO  safemode.SCMSafeModeManager (HealthyPipelineSafeModeRule.java:process(130)) - SCM in safe mode. Healthy pipelines reported count is 0, required healthy pipeline reported count is 1
2021-05-19 07:26:08,172 [Listener at 127.0.0.1/46767] INFO  ozone.MiniOzoneClusterImpl (MiniOzoneClusterImpl.java:lambda$waitForClusterToBeReady$0(224)) - Nodes are ready. Got 3 of 3 DN Heartbeats.
2021-05-19 07:26:08,172 [Listener at 127.0.0.1/46767] INFO  ozone.MiniOzoneClusterImpl (MiniOzoneClusterImpl.java:lambda$waitForClusterToBeReady$0(227)) - Waiting for cluster to exit safe mode
2021-05-19 07:26:08,173 [Listener at 127.0.0.1/46767] INFO  ozone.MiniOzoneClusterImpl (MiniOzoneClusterImpl.java:lambda$waitForClusterToBeReady$0(230)) - SCM became leader
2021-05-19 07:26:08,187 [EventQueue-OpenPipelineForHealthyPipelineSafeModeRule] INFO  safemode.SCMSafeModeManager (HealthyPipelineSafeModeRule.java:process(130)) - SCM in safe mode. Healthy pipelines reported count is 0, required healthy pipeline reported count is 1
2021-05-19 07:26:08,187 [EventQueue-PipelineReportForOneReplicaPipelineSafeModeRule] INFO  safemode.SCMSafeModeManager (SCMSafeModeManager.java:validateSafeModeExitRules(201)) - AtleastOneDatanodeReportedRule rule is successfully validated
2021-05-19 07:26:08,222 [EventQueue-PipelineReportForOneReplicaPipelineSafeModeRule] INFO  safemode.SCMSafeModeManager (SCMSafeModeManager.java:validateSafeModeExitRules(201)) - AtleastOneDatanodeReportedRule rule is successfully validated
2021-05-19 07:26:08,222 [EventQueue-OpenPipelineForHealthyPipelineSafeModeRule] INFO  safemode.SCMSafeModeManager (HealthyPipelineSafeModeRule.java:process(130)) - SCM in safe mode. Healthy pipelines reported count is 0, required healthy pipeline reported count is 1
2021-05-19 07:26:08,245 [EventQueue-OpenPipelineForHealthyPipelineSafeModeRule] INFO  safemode.SCMSafeModeManager (HealthyPipelineSafeModeRule.java:process(130)) - SCM in safe mode. Healthy pipelines reported count is 0, required healthy pipeline reported count is 1
2021-05-19 07:26:08,245 [EventQueue-PipelineReportForOneReplicaPipelineSafeModeRule] INFO  safemode.SCMSafeModeManager (SCMSafeModeManager.java:validateSafeModeExitRules(201)) - AtleastOneDatanodeReportedRule rule is successfully validated
2021-05-19 07:26:08,287 [EventQueue-PipelineReportForOneReplicaPipelineSafeModeRule] INFO  safemode.SCMSafeModeManager (SCMSafeModeManager.java:validateSafeModeExitRules(201)) - AtleastOneDatanodeReportedRule rule is successfully validated
2021-05-19 07:26:08,287 [EventQueue-OpenPipelineForHealthyPipelineSafeModeRule] INFO  safemode.SCMSafeModeManager (HealthyPipelineSafeModeRule.java:process(130)) - SCM in safe mode. Healthy pipelines reported count is 0, required healthy pipeline reported count is 1
2021-05-19 07:26:08,322 [EventQueue-OpenPipelineForHealthyPipelineSafeModeRule] INFO  safemode.SCMSafeModeManager (HealthyPipelineSafeModeRule.java:process(130)) - SCM in safe mode. Healthy pipelines reported count is 0, required healthy pipeline reported count is 1
2021-05-19 07:26:08,322 [EventQueue-PipelineReportForOneReplicaPipelineSafeModeRule] INFO  safemode.SCMSafeModeManager (SCMSafeModeManager.java:validateSafeModeExitRules(201)) - AtleastOneDatanodeReportedRule rule is successfully validated
2021-05-19 07:26:08,345 [EventQueue-PipelineReportForOneReplicaPipelineSafeModeRule] INFO  safemode.SCMSafeModeManager (SCMSafeModeManager.java:validateSafeModeExitRules(201)) - AtleastOneDatanodeReportedRule rule is successfully validated
2021-05-19 07:26:08,345 [EventQueue-OpenPipelineForHealthyPipelineSafeModeRule] INFO  safemode.SCMSafeModeManager (HealthyPipelineSafeModeRule.java:process(130)) - SCM in safe mode. Healthy pipelines reported count is 0, required healthy pipeline reported count is 1
2021-05-19 07:26:08,386 [EventQueue-OpenPipelineForHealthyPipelineSafeModeRule] INFO  safemode.SCMSafeModeManager (HealthyPipelineSafeModeRule.java:process(130)) - SCM in safe mode. Healthy pipelines reported count is 0, required healthy pipeline reported count is 1
2021-05-19 07:26:08,386 [EventQueue-PipelineReportForOneReplicaPipelineSafeModeRule] INFO  safemode.SCMSafeModeManager (SCMSafeModeManager.java:validateSafeModeExitRules(201)) - AtleastOneDatanodeReportedRule rule is successfully validated
2021-05-19 07:26:08,422 [EventQueue-PipelineReportForOneReplicaPipelineSafeModeRule] INFO  safemode.SCMSafeModeManager (SCMSafeModeManager.java:validateSafeModeExitRules(201)) - AtleastOneDatanodeReportedRule rule is successfully validated
2021-05-19 07:26:08,423 [EventQueue-OpenPipelineForHealthyPipelineSafeModeRule] INFO  safemode.SCMSafeModeManager (HealthyPipelineSafeModeRule.java:process(130)) - SCM in safe mode. Healthy pipelines reported count is 0, required healthy pipeline reported count is 1
2021-05-19 07:26:08,444 [EventQueue-OpenPipelineForHealthyPipelineSafeModeRule] INFO  safemode.SCMSafeModeManager (HealthyPipelineSafeModeRule.java:process(130)) - SCM in safe mode. Healthy pipelines reported count is 0, required healthy pipeline reported count is 1
2021-05-19 07:26:08,444 [EventQueue-PipelineReportForOneReplicaPipelineSafeModeRule] INFO  safemode.SCMSafeModeManager (SCMSafeModeManager.java:validateSafeModeExitRules(201)) - AtleastOneDatanodeReportedRule rule is successfully validated
2021-05-19 07:26:08,487 [EventQueue-PipelineReportForOneReplicaPipelineSafeModeRule] INFO  safemode.SCMSafeModeManager (SCMSafeModeManager.java:validateSafeModeExitRules(201)) - AtleastOneDatanodeReportedRule rule is successfully validated
2021-05-19 07:26:08,487 [EventQueue-OpenPipelineForHealthyPipelineSafeModeRule] INFO  safemode.SCMSafeModeManager (HealthyPipelineSafeModeRule.java:process(130)) - SCM in safe mode. Healthy pipelines reported count is 0, required healthy pipeline reported count is 1
2021-05-19 07:26:08,523 [EventQueue-OpenPipelineForHealthyPipelineSafeModeRule] INFO  safemode.SCMSafeModeManager (HealthyPipelineSafeModeRule.java:process(130)) - SCM in safe mode. Healthy pipelines reported count is 0, required healthy pipeline reported count is 1
2021-05-19 07:26:08,523 [EventQueue-PipelineReportForOneReplicaPipelineSafeModeRule] INFO  safemode.SCMSafeModeManager (SCMSafeModeManager.java:validateSafeModeExitRules(201)) - AtleastOneDatanodeReportedRule rule is successfully validated
2021-05-19 07:26:08,544 [EventQueue-OpenPipelineForHealthyPipelineSafeModeRule] INFO  safemode.SCMSafeModeManager (HealthyPipelineSafeModeRule.java:process(130)) - SCM in safe mode. Healthy pipelines reported count is 0, required healthy pipeline reported count is 1
2021-05-19 07:26:08,544 [EventQueue-PipelineReportForOneReplicaPipelineSafeModeRule] INFO  safemode.SCMSafeModeManager (SCMSafeModeManager.java:validateSafeModeExitRules(201)) - AtleastOneDatanodeReportedRule rule is successfully validated
2021-05-19 07:26:08,587 [EventQueue-OpenPipelineForHealthyPipelineSafeModeRule] INFO  safemode.SCMSafeModeManager (HealthyPipelineSafeModeRule.java:process(130)) - SCM in safe mode. Healthy pipelines reported count is 0, required healthy pipeline reported count is 1
2021-05-19 07:26:08,587 [EventQueue-PipelineReportForOneReplicaPipelineSafeModeRule] INFO  safemode.SCMSafeModeManager (SCMSafeModeManager.java:validateSafeModeExitRules(201)) - AtleastOneDatanodeReportedRule rule is successfully validated
2021-05-19 07:26:08,622 [EventQueue-PipelineReportForOneReplicaPipelineSafeModeRule] INFO  safemode.SCMSafeModeManager (SCMSafeModeManager.java:validateSafeModeExitRules(201)) - AtleastOneDatanodeReportedRule rule is successfully validated
2021-05-19 07:26:08,622 [EventQueue-OpenPipelineForHealthyPipelineSafeModeRule] INFO  safemode.SCMSafeModeManager (HealthyPipelineSafeModeRule.java:process(130)) - SCM in safe mode. Healthy pipelines reported count is 0, required healthy pipeline reported count is 1
2021-05-19 07:26:08,645 [EventQueue-OpenPipelineForHealthyPipelineSafeModeRule] INFO  safemode.SCMSafeModeManager (HealthyPipelineSafeModeRule.java:process(130)) - SCM in safe mode. Healthy pipelines reported count is 0, required healthy pipeline reported count is 1
2021-05-19 07:26:08,645 [EventQueue-PipelineReportForOneReplicaPipelineSafeModeRule] INFO  safemode.SCMSafeModeManager (SCMSafeModeManager.java:validateSafeModeExitRules(201)) - AtleastOneDatanodeReportedRule rule is successfully validated
2021-05-19 07:26:08,686 [EventQueue-PipelineReportForOneReplicaPipelineSafeModeRule] INFO  safemode.SCMSafeModeManager (SCMSafeModeManager.java:validateSafeModeExitRules(201)) - AtleastOneDatanodeReportedRule rule is successfully validated
2021-05-19 07:26:08,687 [EventQueue-OpenPipelineForHealthyPipelineSafeModeRule] INFO  safemode.SCMSafeModeManager (HealthyPipelineSafeModeRule.java:process(130)) - SCM in safe mode. Healthy pipelines reported count is 0, required healthy pipeline reported count is 1
2021-05-19 07:26:08,722 [EventQueue-OpenPipelineForHealthyPipelineSafeModeRule] INFO  safemode.SCMSafeModeManager (HealthyPipelineSafeModeRule.java:process(130)) - SCM in safe mode. Healthy pipelines reported count is 0, required healthy pipeline reported count is 1
2021-05-19 07:26:08,722 [EventQueue-PipelineReportForOneReplicaPipelineSafeModeRule] INFO  safemode.SCMSafeModeManager (SCMSafeModeManager.java:validateSafeModeExitRules(201)) - AtleastOneDatanodeReportedRule rule is successfully validated
2021-05-19 07:26:08,745 [EventQueue-OpenPipelineForHealthyPipelineSafeModeRule] INFO  safemode.SCMSafeModeManager (HealthyPipelineSafeModeRule.java:process(130)) - SCM in safe mode. Healthy pipelines reported count is 0, required healthy pipeline reported count is 1
2021-05-19 07:26:08,745 [EventQueue-PipelineReportForOneReplicaPipelineSafeModeRule] INFO  safemode.SCMSafeModeManager (SCMSafeModeManager.java:validateSafeModeExitRules(201)) - AtleastOneDatanodeReportedRule rule is successfully validated
2021-05-19 07:26:08,787 [EventQueue-OpenPipelineForHealthyPipelineSafeModeRule] INFO  safemode.SCMSafeModeManager (HealthyPipelineSafeModeRule.java:process(130)) - SCM in safe mode. Healthy pipelines reported count is 0, required healthy pipeline reported count is 1
2021-05-19 07:26:08,787 [EventQueue-PipelineReportForOneReplicaPipelineSafeModeRule] INFO  safemode.SCMSafeModeManager (SCMSafeModeManager.java:validateSafeModeExitRules(201)) - AtleastOneDatanodeReportedRule rule is successfully validated
2021-05-19 07:26:08,822 [EventQueue-PipelineReportForOneReplicaPipelineSafeModeRule] INFO  safemode.SCMSafeModeManager (SCMSafeModeManager.java:validateSafeModeExitRules(201)) - AtleastOneDatanodeReportedRule rule is successfully validated
2021-05-19 07:26:08,823 [EventQueue-OpenPipelineForHealthyPipelineSafeModeRule] INFO  safemode.SCMSafeModeManager (HealthyPipelineSafeModeRule.java:process(130)) - SCM in safe mode. Healthy pipelines reported count is 0, required healthy pipeline reported count is 1
2021-05-19 07:26:08,844 [EventQueue-PipelineReportForOneReplicaPipelineSafeModeRule] INFO  safemode.SCMSafeModeManager (SCMSafeModeManager.java:validateSafeModeExitRules(201)) - AtleastOneDatanodeReportedRule rule is successfully validated
2021-05-19 07:26:08,845 [EventQueue-OpenPipelineForHealthyPipelineSafeModeRule] INFO  safemode.SCMSafeModeManager (HealthyPipelineSafeModeRule.java:process(130)) - SCM in safe mode. Healthy pipelines reported count is 0, required healthy pipeline reported count is 1
2021-05-19 07:26:08,886 [EventQueue-OpenPipelineForHealthyPipelineSafeModeRule] INFO  safemode.SCMSafeModeManager (HealthyPipelineSafeModeRule.java:process(130)) - SCM in safe mode. Healthy pipelines reported count is 0, required healthy pipeline reported count is 1
2021-05-19 07:26:08,886 [EventQueue-PipelineReportForOneReplicaPipelineSafeModeRule] INFO  safemode.SCMSafeModeManager (SCMSafeModeManager.java:validateSafeModeExitRules(201)) - AtleastOneDatanodeReportedRule rule is successfully validated
2021-05-19 07:26:08,922 [EventQueue-PipelineReportForOneReplicaPipelineSafeModeRule] INFO  safemode.SCMSafeModeManager (SCMSafeModeManager.java:validateSafeModeExitRules(201)) - AtleastOneDatanodeReportedRule rule is successfully validated
2021-05-19 07:26:08,922 [EventQueue-OpenPipelineForHealthyPipelineSafeModeRule] INFO  safemode.SCMSafeModeManager (HealthyPipelineSafeModeRule.java:process(130)) - SCM in safe mode. Healthy pipelines reported count is 0, required healthy pipeline reported count is 1
2021-05-19 07:26:08,944 [EventQueue-PipelineReportForOneReplicaPipelineSafeModeRule] INFO  safemode.SCMSafeModeManager (SCMSafeModeManager.java:validateSafeModeExitRules(201)) - AtleastOneDatanodeReportedRule rule is successfully validated
2021-05-19 07:26:08,945 [EventQueue-OpenPipelineForHealthyPipelineSafeModeRule] INFO  safemode.SCMSafeModeManager (HealthyPipelineSafeModeRule.java:process(130)) - SCM in safe mode. Healthy pipelines reported count is 0, required healthy pipeline reported count is 1
2021-05-19 07:26:08,986 [EventQueue-PipelineReportForOneReplicaPipelineSafeModeRule] INFO  safemode.SCMSafeModeManager (SCMSafeModeManager.java:validateSafeModeExitRules(201)) - AtleastOneDatanodeReportedRule rule is successfully validated
2021-05-19 07:26:08,986 [EventQueue-OpenPipelineForHealthyPipelineSafeModeRule] INFO  safemode.SCMSafeModeManager (HealthyPipelineSafeModeRule.java:process(130)) - SCM in safe mode. Healthy pipelines reported count is 0, required healthy pipeline reported count is 1
2021-05-19 07:26:09,023 [EventQueue-PipelineReportForOneReplicaPipelineSafeModeRule] INFO  safemode.SCMSafeModeManager (SCMSafeModeManager.java:validateSafeModeExitRules(201)) - AtleastOneDatanodeReportedRule rule is successfully validated
2021-05-19 07:26:09,023 [EventQueue-OpenPipelineForHealthyPipelineSafeModeRule] INFO  safemode.SCMSafeModeManager (HealthyPipelineSafeModeRule.java:process(130)) - SCM in safe mode. Healthy pipelines reported count is 0, required healthy pipeline reported count is 1
2021-05-19 07:26:09,044 [EventQueue-PipelineReportForOneReplicaPipelineSafeModeRule] INFO  safemode.SCMSafeModeManager (SCMSafeModeManager.java:validateSafeModeExitRules(201)) - AtleastOneDatanodeReportedRule rule is successfully validated
2021-05-19 07:26:09,044 [EventQueue-OpenPipelineForHealthyPipelineSafeModeRule] INFO  safemode.SCMSafeModeManager (HealthyPipelineSafeModeRule.java:process(130)) - SCM in safe mode. Healthy pipelines reported count is 0, required healthy pipeline reported count is 1
2021-05-19 07:26:09,087 [EventQueue-OpenPipelineForHealthyPipelineSafeModeRule] INFO  safemode.SCMSafeModeManager (HealthyPipelineSafeModeRule.java:process(130)) - SCM in safe mode. Healthy pipelines reported count is 0, required healthy pipeline reported count is 1
2021-05-19 07:26:09,087 [EventQueue-PipelineReportForOneReplicaPipelineSafeModeRule] INFO  safemode.SCMSafeModeManager (SCMSafeModeManager.java:validateSafeModeExitRules(201)) - AtleastOneDatanodeReportedRule rule is successfully validated
2021-05-19 07:26:09,122 [EventQueue-OpenPipelineForHealthyPipelineSafeModeRule] INFO  safemode.SCMSafeModeManager (HealthyPipelineSafeModeRule.java:process(130)) - SCM in safe mode. Healthy pipelines reported count is 0, required healthy pipeline reported count is 1
2021-05-19 07:26:09,122 [EventQueue-PipelineReportForOneReplicaPipelineSafeModeRule] INFO  safemode.SCMSafeModeManager (SCMSafeModeManager.java:validateSafeModeExitRules(201)) - AtleastOneDatanodeReportedRule rule is successfully validated
2021-05-19 07:26:09,145 [EventQueue-PipelineReportForOneReplicaPipelineSafeModeRule] INFO  safemode.SCMSafeModeManager (SCMSafeModeManager.java:validateSafeModeExitRules(201)) - AtleastOneDatanodeReportedRule rule is successfully validated
2021-05-19 07:26:09,145 [EventQueue-OpenPipelineForHealthyPipelineSafeModeRule] INFO  safemode.SCMSafeModeManager (HealthyPipelineSafeModeRule.java:process(130)) - SCM in safe mode. Healthy pipelines reported count is 0, required healthy pipeline reported count is 1
2021-05-19 07:26:09,173 [Listener at 127.0.0.1/46767] INFO  ozone.MiniOzoneClusterImpl (MiniOzoneClusterImpl.java:lambda$waitForClusterToBeReady$0(224)) - Nodes are ready. Got 3 of 3 DN Heartbeats.
2021-05-19 07:26:09,173 [Listener at 127.0.0.1/46767] INFO  ozone.MiniOzoneClusterImpl (MiniOzoneClusterImpl.java:lambda$waitForClusterToBeReady$0(227)) - Waiting for cluster to exit safe mode
2021-05-19 07:26:09,173 [Listener at 127.0.0.1/46767] INFO  ozone.MiniOzoneClusterImpl (MiniOzoneClusterImpl.java:lambda$waitForClusterToBeReady$0(230)) - SCM became leader
2021-05-19 07:26:09,186 [EventQueue-PipelineReportForOneReplicaPipelineSafeModeRule] INFO  safemode.SCMSafeModeManager (SCMSafeModeManager.java:validateSafeModeExitRules(201)) - AtleastOneDatanodeReportedRule rule is successfully validated
2021-05-19 07:26:09,186 [EventQueue-OpenPipelineForHealthyPipelineSafeModeRule] INFO  safemode.SCMSafeModeManager (HealthyPipelineSafeModeRule.java:process(130)) - SCM in safe mode. Healthy pipelines reported count is 0, required healthy pipeline reported count is 1
2021-05-19 07:26:09,222 [EventQueue-PipelineReportForOneReplicaPipelineSafeModeRule] INFO  safemode.SCMSafeModeManager (SCMSafeModeManager.java:validateSafeModeExitRules(201)) - AtleastOneDatanodeReportedRule rule is successfully validated
2021-05-19 07:26:09,222 [EventQueue-OpenPipelineForHealthyPipelineSafeModeRule] INFO  safemode.SCMSafeModeManager (HealthyPipelineSafeModeRule.java:process(130)) - SCM in safe mode. Healthy pipelines reported count is 0, required healthy pipeline reported count is 1
2021-05-19 07:26:09,244 [EventQueue-PipelineReportForOneReplicaPipelineSafeModeRule] INFO  safemode.SCMSafeModeManager (SCMSafeModeManager.java:validateSafeModeExitRules(201)) - AtleastOneDatanodeReportedRule rule is successfully validated
2021-05-19 07:26:09,244 [EventQueue-OpenPipelineForHealthyPipelineSafeModeRule] INFO  safemode.SCMSafeModeManager (HealthyPipelineSafeModeRule.java:process(130)) - SCM in safe mode. Healthy pipelines reported count is 0, required healthy pipeline reported count is 1
2021-05-19 07:26:09,287 [EventQueue-OpenPipelineForHealthyPipelineSafeModeRule] INFO  safemode.SCMSafeModeManager (HealthyPipelineSafeModeRule.java:process(130)) - SCM in safe mode. Healthy pipelines reported count is 0, required healthy pipeline reported count is 1
2021-05-19 07:26:09,287 [EventQueue-PipelineReportForOneReplicaPipelineSafeModeRule] INFO  safemode.SCMSafeModeManager (SCMSafeModeManager.java:validateSafeModeExitRules(201)) - AtleastOneDatanodeReportedRule rule is successfully validated
2021-05-19 07:26:09,323 [EventQueue-PipelineReportForOneReplicaPipelineSafeModeRule] INFO  safemode.SCMSafeModeManager (SCMSafeModeManager.java:validateSafeModeExitRules(201)) - AtleastOneDatanodeReportedRule rule is successfully validated
2021-05-19 07:26:09,323 [EventQueue-OpenPipelineForHealthyPipelineSafeModeRule] INFO  safemode.SCMSafeModeManager (HealthyPipelineSafeModeRule.java:process(130)) - SCM in safe mode. Healthy pipelines reported count is 0, required healthy pipeline reported count is 1
2021-05-19 07:26:09,345 [EventQueue-PipelineReportForOneReplicaPipelineSafeModeRule] INFO  safemode.SCMSafeModeManager (SCMSafeModeManager.java:validateSafeModeExitRules(201)) - AtleastOneDatanodeReportedRule rule is successfully validated
2021-05-19 07:26:09,345 [EventQueue-OpenPipelineForHealthyPipelineSafeModeRule] INFO  safemode.SCMSafeModeManager (HealthyPipelineSafeModeRule.java:process(130)) - SCM in safe mode. Healthy pipelines reported count is 0, required healthy pipeline reported count is 1
2021-05-19 07:26:09,388 [EventQueue-PipelineReportForOneReplicaPipelineSafeModeRule] INFO  safemode.SCMSafeModeManager (SCMSafeModeManager.java:validateSafeModeExitRules(201)) - AtleastOneDatanodeReportedRule rule is successfully validated
2021-05-19 07:26:09,388 [EventQueue-OpenPipelineForHealthyPipelineSafeModeRule] INFO  safemode.SCMSafeModeManager (HealthyPipelineSafeModeRule.java:process(130)) - SCM in safe mode. Healthy pipelines reported count is 0, required healthy pipeline reported count is 1
2021-05-19 07:26:09,429 [EventQueue-PipelineReportForOneReplicaPipelineSafeModeRule] INFO  safemode.SCMSafeModeManager (SCMSafeModeManager.java:validateSafeModeExitRules(201)) - AtleastOneDatanodeReportedRule rule is successfully validated
2021-05-19 07:26:09,429 [EventQueue-OpenPipelineForHealthyPipelineSafeModeRule] INFO  safemode.SCMSafeModeManager (HealthyPipelineSafeModeRule.java:process(130)) - SCM in safe mode. Healthy pipelines reported count is 0, required healthy pipeline reported count is 1
2021-05-19 07:26:09,446 [EventQueue-PipelineReportForOneReplicaPipelineSafeModeRule] INFO  safemode.SCMSafeModeManager (SCMSafeModeManager.java:validateSafeModeExitRules(201)) - AtleastOneDatanodeReportedRule rule is successfully validated
2021-05-19 07:26:09,447 [EventQueue-OpenPipelineForHealthyPipelineSafeModeRule] INFO  safemode.SCMSafeModeManager (HealthyPipelineSafeModeRule.java:process(130)) - SCM in safe mode. Healthy pipelines reported count is 0, required healthy pipeline reported count is 1
2021-05-19 07:26:09,487 [EventQueue-PipelineReportForOneReplicaPipelineSafeModeRule] INFO  safemode.SCMSafeModeManager (SCMSafeModeManager.java:validateSafeModeExitRules(201)) - AtleastOneDatanodeReportedRule rule is successfully validated
2021-05-19 07:26:09,487 [EventQueue-OpenPipelineForHealthyPipelineSafeModeRule] INFO  safemode.SCMSafeModeManager (HealthyPipelineSafeModeRule.java:process(130)) - SCM in safe mode. Healthy pipelines reported count is 0, required healthy pipeline reported count is 1
2021-05-19 07:26:09,530 [EventQueue-PipelineReportForOneReplicaPipelineSafeModeRule] INFO  safemode.SCMSafeModeManager (SCMSafeModeManager.java:validateSafeModeExitRules(201)) - AtleastOneDatanodeReportedRule rule is successfully validated
2021-05-19 07:26:09,530 [EventQueue-OpenPipelineForHealthyPipelineSafeModeRule] INFO  safemode.SCMSafeModeManager (HealthyPipelineSafeModeRule.java:process(130)) - SCM in safe mode. Healthy pipelines reported count is 0, required healthy pipeline reported count is 1
2021-05-19 07:26:09,545 [EventQueue-OpenPipelineForHealthyPipelineSafeModeRule] INFO  safemode.SCMSafeModeManager (HealthyPipelineSafeModeRule.java:process(130)) - SCM in safe mode. Healthy pipelines reported count is 0, required healthy pipeline reported count is 1
2021-05-19 07:26:09,545 [EventQueue-PipelineReportForOneReplicaPipelineSafeModeRule] INFO  safemode.SCMSafeModeManager (SCMSafeModeManager.java:validateSafeModeExitRules(201)) - AtleastOneDatanodeReportedRule rule is successfully validated
2021-05-19 07:26:09,587 [EventQueue-PipelineReportForOneReplicaPipelineSafeModeRule] INFO  safemode.SCMSafeModeManager (SCMSafeModeManager.java:validateSafeModeExitRules(201)) - AtleastOneDatanodeReportedRule rule is successfully validated
2021-05-19 07:26:09,587 [EventQueue-OpenPipelineForHealthyPipelineSafeModeRule] INFO  safemode.SCMSafeModeManager (HealthyPipelineSafeModeRule.java:process(130)) - SCM in safe mode. Healthy pipelines reported count is 0, required healthy pipeline reported count is 1
2021-05-19 07:26:09,629 [EventQueue-PipelineReportForOneReplicaPipelineSafeModeRule] INFO  safemode.SCMSafeModeManager (SCMSafeModeManager.java:validateSafeModeExitRules(201)) - AtleastOneDatanodeReportedRule rule is successfully validated
2021-05-19 07:26:09,630 [EventQueue-OpenPipelineForHealthyPipelineSafeModeRule] INFO  safemode.SCMSafeModeManager (HealthyPipelineSafeModeRule.java:process(130)) - SCM in safe mode. Healthy pipelines reported count is 0, required healthy pipeline reported count is 1
2021-05-19 07:26:09,645 [EventQueue-PipelineReportForOneReplicaPipelineSafeModeRule] INFO  safemode.SCMSafeModeManager (SCMSafeModeManager.java:validateSafeModeExitRules(201)) - AtleastOneDatanodeReportedRule rule is successfully validated
2021-05-19 07:26:09,645 [EventQueue-OpenPipelineForHealthyPipelineSafeModeRule] INFO  safemode.SCMSafeModeManager (HealthyPipelineSafeModeRule.java:process(130)) - SCM in safe mode. Healthy pipelines reported count is 0, required healthy pipeline reported count is 1
2021-05-19 07:26:09,688 [EventQueue-OpenPipelineForHealthyPipelineSafeModeRule] INFO  safemode.SCMSafeModeManager (HealthyPipelineSafeModeRule.java:process(130)) - SCM in safe mode. Healthy pipelines reported count is 0, required healthy pipeline reported count is 1
2021-05-19 07:26:09,688 [EventQueue-PipelineReportForOneReplicaPipelineSafeModeRule] INFO  safemode.SCMSafeModeManager (SCMSafeModeManager.java:validateSafeModeExitRules(201)) - AtleastOneDatanodeReportedRule rule is successfully validated
2021-05-19 07:26:09,729 [EventQueue-PipelineReportForOneReplicaPipelineSafeModeRule] INFO  safemode.SCMSafeModeManager (SCMSafeModeManager.java:validateSafeModeExitRules(201)) - AtleastOneDatanodeReportedRule rule is successfully validated
2021-05-19 07:26:09,729 [EventQueue-OpenPipelineForHealthyPipelineSafeModeRule] INFO  safemode.SCMSafeModeManager (HealthyPipelineSafeModeRule.java:process(130)) - SCM in safe mode. Healthy pipelines reported count is 0, required healthy pipeline reported count is 1
2021-05-19 07:26:09,745 [EventQueue-OpenPipelineForHealthyPipelineSafeModeRule] INFO  safemode.SCMSafeModeManager (HealthyPipelineSafeModeRule.java:process(130)) - SCM in safe mode. Healthy pipelines reported count is 0, required healthy pipeline reported count is 1
2021-05-19 07:26:09,745 [EventQueue-PipelineReportForOneReplicaPipelineSafeModeRule] INFO  safemode.SCMSafeModeManager (SCMSafeModeManager.java:validateSafeModeExitRules(201)) - AtleastOneDatanodeReportedRule rule is successfully validated
2021-05-19 07:26:09,787 [EventQueue-PipelineReportForOneReplicaPipelineSafeModeRule] INFO  safemode.SCMSafeModeManager (SCMSafeModeManager.java:validateSafeModeExitRules(201)) - AtleastOneDatanodeReportedRule rule is successfully validated
2021-05-19 07:26:09,788 [EventQueue-OpenPipelineForHealthyPipelineSafeModeRule] INFO  safemode.SCMSafeModeManager (HealthyPipelineSafeModeRule.java:process(130)) - SCM in safe mode. Healthy pipelines reported count is 0, required healthy pipeline reported count is 1
2021-05-19 07:26:09,830 [EventQueue-PipelineReportForOneReplicaPipelineSafeModeRule] INFO  safemode.SCMSafeModeManager (SCMSafeModeManager.java:validateSafeModeExitRules(201)) - AtleastOneDatanodeReportedRule rule is successfully validated
2021-05-19 07:26:09,830 [EventQueue-OpenPipelineForHealthyPipelineSafeModeRule] INFO  safemode.SCMSafeModeManager (HealthyPipelineSafeModeRule.java:process(130)) - SCM in safe mode. Healthy pipelines reported count is 0, required healthy pipeline reported count is 1
2021-05-19 07:26:09,845 [EventQueue-PipelineReportForOneReplicaPipelineSafeModeRule] INFO  safemode.SCMSafeModeManager (SCMSafeModeManager.java:validateSafeModeExitRules(201)) - AtleastOneDatanodeReportedRule rule is successfully validated
2021-05-19 07:26:09,846 [EventQueue-OpenPipelineForHealthyPipelineSafeModeRule] INFO  safemode.SCMSafeModeManager (HealthyPipelineSafeModeRule.java:process(130)) - SCM in safe mode. Healthy pipelines reported count is 0, required healthy pipeline reported count is 1
2021-05-19 07:26:09,887 [EventQueue-OpenPipelineForHealthyPipelineSafeModeRule] INFO  safemode.SCMSafeModeManager (HealthyPipelineSafeModeRule.java:process(130)) - SCM in safe mode. Healthy pipelines reported count is 0, required healthy pipeline reported count is 1
2021-05-19 07:26:09,887 [EventQueue-PipelineReportForOneReplicaPipelineSafeModeRule] INFO  safemode.SCMSafeModeManager (SCMSafeModeManager.java:validateSafeModeExitRules(201)) - AtleastOneDatanodeReportedRule rule is successfully validated
2021-05-19 07:26:09,929 [EventQueue-PipelineReportForOneReplicaPipelineSafeModeRule] INFO  safemode.SCMSafeModeManager (SCMSafeModeManager.java:validateSafeModeExitRules(201)) - AtleastOneDatanodeReportedRule rule is successfully validated
2021-05-19 07:26:09,930 [EventQueue-OpenPipelineForHealthyPipelineSafeModeRule] INFO  safemode.SCMSafeModeManager (HealthyPipelineSafeModeRule.java:process(130)) - SCM in safe mode. Healthy pipelines reported count is 0, required healthy pipeline reported count is 1
2021-05-19 07:26:09,946 [EventQueue-OpenPipelineForHealthyPipelineSafeModeRule] INFO  safemode.SCMSafeModeManager (HealthyPipelineSafeModeRule.java:process(130)) - SCM in safe mode. Healthy pipelines reported count is 0, required healthy pipeline reported count is 1
2021-05-19 07:26:09,946 [EventQueue-PipelineReportForOneReplicaPipelineSafeModeRule] INFO  safemode.SCMSafeModeManager (SCMSafeModeManager.java:validateSafeModeExitRules(201)) - AtleastOneDatanodeReportedRule rule is successfully validated
2021-05-19 07:26:09,988 [EventQueue-OpenPipelineForHealthyPipelineSafeModeRule] INFO  safemode.SCMSafeModeManager (HealthyPipelineSafeModeRule.java:process(130)) - SCM in safe mode. Healthy pipelines reported count is 0, required healthy pipeline reported count is 1
2021-05-19 07:26:09,988 [EventQueue-PipelineReportForOneReplicaPipelineSafeModeRule] INFO  safemode.SCMSafeModeManager (SCMSafeModeManager.java:validateSafeModeExitRules(201)) - AtleastOneDatanodeReportedRule rule is successfully validated
2021-05-19 07:26:10,029 [EventQueue-OpenPipelineForHealthyPipelineSafeModeRule] INFO  safemode.SCMSafeModeManager (HealthyPipelineSafeModeRule.java:process(130)) - SCM in safe mode. Healthy pipelines reported count is 0, required healthy pipeline reported count is 1
2021-05-19 07:26:10,029 [EventQueue-PipelineReportForOneReplicaPipelineSafeModeRule] INFO  safemode.SCMSafeModeManager (SCMSafeModeManager.java:validateSafeModeExitRules(201)) - AtleastOneDatanodeReportedRule rule is successfully validated
2021-05-19 07:26:10,045 [EventQueue-PipelineReportForOneReplicaPipelineSafeModeRule] INFO  safemode.SCMSafeModeManager (SCMSafeModeManager.java:validateSafeModeExitRules(201)) - AtleastOneDatanodeReportedRule rule is successfully validated
2021-05-19 07:26:10,045 [EventQueue-OpenPipelineForHealthyPipelineSafeModeRule] INFO  safemode.SCMSafeModeManager (HealthyPipelineSafeModeRule.java:process(130)) - SCM in safe mode. Healthy pipelines reported count is 0, required healthy pipeline reported count is 1
2021-05-19 07:26:10,089 [EventQueue-PipelineReportForOneReplicaPipelineSafeModeRule] INFO  safemode.SCMSafeModeManager (SCMSafeModeManager.java:validateSafeModeExitRules(201)) - AtleastOneDatanodeReportedRule rule is successfully validated
2021-05-19 07:26:10,089 [EventQueue-OpenPipelineForHealthyPipelineSafeModeRule] INFO  safemode.SCMSafeModeManager (HealthyPipelineSafeModeRule.java:process(130)) - SCM in safe mode. Healthy pipelines reported count is 0, required healthy pipeline reported count is 1
2021-05-19 07:26:10,130 [EventQueue-PipelineReportForOneReplicaPipelineSafeModeRule] INFO  safemode.SCMSafeModeManager (SCMSafeModeManager.java:validateSafeModeExitRules(201)) - AtleastOneDatanodeReportedRule rule is successfully validated
2021-05-19 07:26:10,130 [EventQueue-OpenPipelineForHealthyPipelineSafeModeRule] INFO  safemode.SCMSafeModeManager (HealthyPipelineSafeModeRule.java:process(130)) - SCM in safe mode. Healthy pipelines reported count is 0, required healthy pipeline reported count is 1
2021-05-19 07:26:10,145 [EventQueue-PipelineReportForOneReplicaPipelineSafeModeRule] INFO  safemode.SCMSafeModeManager (SCMSafeModeManager.java:validateSafeModeExitRules(201)) - AtleastOneDatanodeReportedRule rule is successfully validated
2021-05-19 07:26:10,146 [EventQueue-OpenPipelineForHealthyPipelineSafeModeRule] INFO  safemode.SCMSafeModeManager (HealthyPipelineSafeModeRule.java:process(130)) - SCM in safe mode. Healthy pipelines reported count is 0, required healthy pipeline reported count is 1
2021-05-19 07:26:10,174 [Listener at 127.0.0.1/46767] INFO  ozone.MiniOzoneClusterImpl (MiniOzoneClusterImpl.java:lambda$waitForClusterToBeReady$0(224)) - Nodes are ready. Got 3 of 3 DN Heartbeats.
2021-05-19 07:26:10,174 [Listener at 127.0.0.1/46767] INFO  ozone.MiniOzoneClusterImpl (MiniOzoneClusterImpl.java:lambda$waitForClusterToBeReady$0(227)) - Waiting for cluster to exit safe mode
2021-05-19 07:26:10,174 [Listener at 127.0.0.1/46767] INFO  ozone.MiniOzoneClusterImpl (MiniOzoneClusterImpl.java:lambda$waitForClusterToBeReady$0(230)) - SCM became leader
2021-05-19 07:26:10,188 [EventQueue-OpenPipelineForHealthyPipelineSafeModeRule] INFO  safemode.SCMSafeModeManager (HealthyPipelineSafeModeRule.java:process(130)) - SCM in safe mode. Healthy pipelines reported count is 0, required healthy pipeline reported count is 1
2021-05-19 07:26:10,188 [EventQueue-PipelineReportForOneReplicaPipelineSafeModeRule] INFO  safemode.SCMSafeModeManager (SCMSafeModeManager.java:validateSafeModeExitRules(201)) - AtleastOneDatanodeReportedRule rule is successfully validated
2021-05-19 07:26:10,229 [EventQueue-PipelineReportForOneReplicaPipelineSafeModeRule] INFO  safemode.SCMSafeModeManager (SCMSafeModeManager.java:validateSafeModeExitRules(201)) - AtleastOneDatanodeReportedRule rule is successfully validated
2021-05-19 07:26:10,230 [EventQueue-OpenPipelineForHealthyPipelineSafeModeRule] INFO  safemode.SCMSafeModeManager (HealthyPipelineSafeModeRule.java:process(130)) - SCM in safe mode. Healthy pipelines reported count is 0, required healthy pipeline reported count is 1
2021-05-19 07:26:10,246 [EventQueue-OpenPipelineForHealthyPipelineSafeModeRule] INFO  safemode.SCMSafeModeManager (HealthyPipelineSafeModeRule.java:process(130)) - SCM in safe mode. Healthy pipelines reported count is 0, required healthy pipeline reported count is 1
2021-05-19 07:26:10,246 [EventQueue-PipelineReportForOneReplicaPipelineSafeModeRule] INFO  safemode.SCMSafeModeManager (SCMSafeModeManager.java:validateSafeModeExitRules(201)) - AtleastOneDatanodeReportedRule rule is successfully validated
2021-05-19 07:26:10,289 [EventQueue-OpenPipelineForHealthyPipelineSafeModeRule] INFO  safemode.SCMSafeModeManager (HealthyPipelineSafeModeRule.java:process(130)) - SCM in safe mode. Healthy pipelines reported count is 0, required healthy pipeline reported count is 1
2021-05-19 07:26:10,289 [EventQueue-PipelineReportForOneReplicaPipelineSafeModeRule] INFO  safemode.SCMSafeModeManager (SCMSafeModeManager.java:validateSafeModeExitRules(201)) - AtleastOneDatanodeReportedRule rule is successfully validated
2021-05-19 07:26:10,329 [EventQueue-OpenPipelineForHealthyPipelineSafeModeRule] INFO  safemode.SCMSafeModeManager (HealthyPipelineSafeModeRule.java:process(130)) - SCM in safe mode. Healthy pipelines reported count is 0, required healthy pipeline reported count is 1
2021-05-19 07:26:10,329 [EventQueue-PipelineReportForOneReplicaPipelineSafeModeRule] INFO  safemode.SCMSafeModeManager (SCMSafeModeManager.java:validateSafeModeExitRules(201)) - AtleastOneDatanodeReportedRule rule is successfully validated
2021-05-19 07:26:10,346 [EventQueue-OpenPipelineForHealthyPipelineSafeModeRule] INFO  safemode.SCMSafeModeManager (HealthyPipelineSafeModeRule.java:process(130)) - SCM in safe mode. Healthy pipelines reported count is 0, required healthy pipeline reported count is 1
2021-05-19 07:26:10,346 [EventQueue-PipelineReportForOneReplicaPipelineSafeModeRule] INFO  safemode.SCMSafeModeManager (SCMSafeModeManager.java:validateSafeModeExitRules(201)) - AtleastOneDatanodeReportedRule rule is successfully validated
2021-05-19 07:26:10,388 [EventQueue-OpenPipelineForHealthyPipelineSafeModeRule] INFO  safemode.SCMSafeModeManager (HealthyPipelineSafeModeRule.java:process(130)) - SCM in safe mode. Healthy pipelines reported count is 0, required healthy pipeline reported count is 1
2021-05-19 07:26:10,388 [EventQueue-PipelineReportForOneReplicaPipelineSafeModeRule] INFO  safemode.SCMSafeModeManager (SCMSafeModeManager.java:validateSafeModeExitRules(201)) - AtleastOneDatanodeReportedRule rule is successfully validated
2021-05-19 07:26:10,430 [EventQueue-OpenPipelineForHealthyPipelineSafeModeRule] INFO  safemode.SCMSafeModeManager (HealthyPipelineSafeModeRule.java:process(130)) - SCM in safe mode. Healthy pipelines reported count is 0, required healthy pipeline reported count is 1
2021-05-19 07:26:10,430 [EventQueue-PipelineReportForOneReplicaPipelineSafeModeRule] INFO  safemode.SCMSafeModeManager (SCMSafeModeManager.java:validateSafeModeExitRules(201)) - AtleastOneDatanodeReportedRule rule is successfully validated
2021-05-19 07:26:10,447 [EventQueue-OpenPipelineForHealthyPipelineSafeModeRule] INFO  safemode.SCMSafeModeManager (HealthyPipelineSafeModeRule.java:process(130)) - SCM in safe mode. Healthy pipelines reported count is 0, required healthy pipeline reported count is 1
2021-05-19 07:26:10,447 [EventQueue-PipelineReportForOneReplicaPipelineSafeModeRule] INFO  safemode.SCMSafeModeManager (SCMSafeModeManager.java:validateSafeModeExitRules(201)) - AtleastOneDatanodeReportedRule rule is successfully validated
2021-05-19 07:26:10,488 [EventQueue-OpenPipelineForHealthyPipelineSafeModeRule] INFO  safemode.SCMSafeModeManager (HealthyPipelineSafeModeRule.java:process(130)) - SCM in safe mode. Healthy pipelines reported count is 0, required healthy pipeline reported count is 1
2021-05-19 07:26:10,488 [EventQueue-PipelineReportForOneReplicaPipelineSafeModeRule] INFO  safemode.SCMSafeModeManager (SCMSafeModeManager.java:validateSafeModeExitRules(201)) - AtleastOneDatanodeReportedRule rule is successfully validated
2021-05-19 07:26:10,529 [EventQueue-OpenPipelineForHealthyPipelineSafeModeRule] INFO  safemode.SCMSafeModeManager (HealthyPipelineSafeModeRule.java:process(130)) - SCM in safe mode. Healthy pipelines reported count is 0, required healthy pipeline reported count is 1
2021-05-19 07:26:10,529 [EventQueue-PipelineReportForOneReplicaPipelineSafeModeRule] INFO  safemode.SCMSafeModeManager (SCMSafeModeManager.java:validateSafeModeExitRules(201)) - AtleastOneDatanodeReportedRule rule is successfully validated
2021-05-19 07:26:10,547 [EventQueue-OpenPipelineForHealthyPipelineSafeModeRule] INFO  safemode.SCMSafeModeManager (HealthyPipelineSafeModeRule.java:process(130)) - SCM in safe mode. Healthy pipelines reported count is 0, required healthy pipeline reported count is 1
2021-05-19 07:26:10,547 [EventQueue-PipelineReportForOneReplicaPipelineSafeModeRule] INFO  safemode.SCMSafeModeManager (SCMSafeModeManager.java:validateSafeModeExitRules(201)) - AtleastOneDatanodeReportedRule rule is successfully validated
2021-05-19 07:26:10,589 [EventQueue-PipelineReportForOneReplicaPipelineSafeModeRule] INFO  safemode.SCMSafeModeManager (SCMSafeModeManager.java:validateSafeModeExitRules(201)) - AtleastOneDatanodeReportedRule rule is successfully validated
2021-05-19 07:26:10,589 [EventQueue-OpenPipelineForHealthyPipelineSafeModeRule] INFO  safemode.SCMSafeModeManager (HealthyPipelineSafeModeRule.java:process(130)) - SCM in safe mode. Healthy pipelines reported count is 0, required healthy pipeline reported count is 1
2021-05-19 07:26:10,629 [EventQueue-PipelineReportForOneReplicaPipelineSafeModeRule] INFO  safemode.SCMSafeModeManager (SCMSafeModeManager.java:validateSafeModeExitRules(201)) - AtleastOneDatanodeReportedRule rule is successfully validated
2021-05-19 07:26:10,629 [EventQueue-OpenPipelineForHealthyPipelineSafeModeRule] INFO  safemode.SCMSafeModeManager (HealthyPipelineSafeModeRule.java:process(130)) - SCM in safe mode. Healthy pipelines reported count is 0, required healthy pipeline reported count is 1
2021-05-19 07:26:10,647 [EventQueue-OpenPipelineForHealthyPipelineSafeModeRule] INFO  safemode.SCMSafeModeManager (HealthyPipelineSafeModeRule.java:process(130)) - SCM in safe mode. Healthy pipelines reported count is 0, required healthy pipeline reported count is 1
2021-05-19 07:26:10,647 [EventQueue-PipelineReportForOneReplicaPipelineSafeModeRule] INFO  safemode.SCMSafeModeManager (SCMSafeModeManager.java:validateSafeModeExitRules(201)) - AtleastOneDatanodeReportedRule rule is successfully validated
2021-05-19 07:26:10,688 [EventQueue-PipelineReportForOneReplicaPipelineSafeModeRule] INFO  safemode.SCMSafeModeManager (SCMSafeModeManager.java:validateSafeModeExitRules(201)) - AtleastOneDatanodeReportedRule rule is successfully validated
2021-05-19 07:26:10,689 [EventQueue-OpenPipelineForHealthyPipelineSafeModeRule] INFO  safemode.SCMSafeModeManager (HealthyPipelineSafeModeRule.java:process(130)) - SCM in safe mode. Healthy pipelines reported count is 0, required healthy pipeline reported count is 1
2021-05-19 07:26:10,730 [EventQueue-PipelineReportForOneReplicaPipelineSafeModeRule] INFO  safemode.SCMSafeModeManager (SCMSafeModeManager.java:validateSafeModeExitRules(201)) - AtleastOneDatanodeReportedRule rule is successfully validated
2021-05-19 07:26:10,730 [EventQueue-OpenPipelineForHealthyPipelineSafeModeRule] INFO  safemode.SCMSafeModeManager (HealthyPipelineSafeModeRule.java:process(130)) - SCM in safe mode. Healthy pipelines reported count is 0, required healthy pipeline reported count is 1
2021-05-19 07:26:10,748 [EventQueue-PipelineReportForOneReplicaPipelineSafeModeRule] INFO  safemode.SCMSafeModeManager (SCMSafeModeManager.java:validateSafeModeExitRules(201)) - AtleastOneDatanodeReportedRule rule is successfully validated
2021-05-19 07:26:10,748 [EventQueue-OpenPipelineForHealthyPipelineSafeModeRule] INFO  safemode.SCMSafeModeManager (HealthyPipelineSafeModeRule.java:process(130)) - SCM in safe mode. Healthy pipelines reported count is 0, required healthy pipeline reported count is 1
2021-05-19 07:26:10,788 [EventQueue-OpenPipelineForHealthyPipelineSafeModeRule] INFO  safemode.SCMSafeModeManager (HealthyPipelineSafeModeRule.java:process(130)) - SCM in safe mode. Healthy pipelines reported count is 0, required healthy pipeline reported count is 1
2021-05-19 07:26:10,788 [EventQueue-PipelineReportForOneReplicaPipelineSafeModeRule] INFO  safemode.SCMSafeModeManager (SCMSafeModeManager.java:validateSafeModeExitRules(201)) - AtleastOneDatanodeReportedRule rule is successfully validated
2021-05-19 07:26:10,792 [24cc0112-2c7f-455b-86a3-d41ab711ca71@group-D77A720D96EE-FollowerState] INFO  impl.FollowerState (FollowerState.java:run(134)) - 24cc0112-2c7f-455b-86a3-d41ab711ca71@group-D77A720D96EE-FollowerState: change to CANDIDATE, lastRpcElapsedTime:5044327133ns, electionTimeout:5037ms
2021-05-19 07:26:10,792 [24cc0112-2c7f-455b-86a3-d41ab711ca71@group-D77A720D96EE-FollowerState] INFO  impl.RoleInfo (RoleInfo.java:shutdownFollowerState(108)) - 24cc0112-2c7f-455b-86a3-d41ab711ca71: shutdown 24cc0112-2c7f-455b-86a3-d41ab711ca71@group-D77A720D96EE-FollowerState
2021-05-19 07:26:10,792 [24cc0112-2c7f-455b-86a3-d41ab711ca71@group-D77A720D96EE-FollowerState] INFO  server.RaftServer$Division (RaftServerImpl.java:setRole(284)) - 24cc0112-2c7f-455b-86a3-d41ab711ca71@group-D77A720D96EE: changes role from  FOLLOWER to CANDIDATE at term 1 for changeToCandidate
2021-05-19 07:26:10,792 [24cc0112-2c7f-455b-86a3-d41ab711ca71@group-D77A720D96EE-FollowerState] INFO  server.RaftServerConfigKeys (ConfUtils.java:logGet(44)) - raft.server.leaderelection.pre-vote = false (custom)
2021-05-19 07:26:10,792 [24cc0112-2c7f-455b-86a3-d41ab711ca71@group-D77A720D96EE-FollowerState] INFO  impl.RoleInfo (RoleInfo.java:updateAndGet(130)) - 24cc0112-2c7f-455b-86a3-d41ab711ca71: start 24cc0112-2c7f-455b-86a3-d41ab711ca71@group-D77A720D96EE-LeaderElection6
2021-05-19 07:26:10,794 [24cc0112-2c7f-455b-86a3-d41ab711ca71@group-D77A720D96EE-LeaderElection6] INFO  impl.LeaderElection (LeaderElection.java:askForVotes(306)) - 24cc0112-2c7f-455b-86a3-d41ab711ca71@group-D77A720D96EE-LeaderElection6 ELECTION round 0: submit vote requests at term 2 for -1: [0cd32c65-f3ff-4dcf-8f2d-158191f49883|rpc:172.17.0.2:43505|priority:0, 24cc0112-2c7f-455b-86a3-d41ab711ca71|rpc:172.17.0.2:33355|priority:1, 10b33b2a-35f4-43b4-a40e-d46234aca334|rpc:172.17.0.2:38163|priority:0], old=null
2021-05-19 07:26:10,817 [grpc-default-executor-1] INFO  server.RaftServer$Division (RaftServerImpl.java:requestVote(1042)) - 10b33b2a-35f4-43b4-a40e-d46234aca334@group-D77A720D96EE: receive requestVote(ELECTION, 24cc0112-2c7f-455b-86a3-d41ab711ca71, group-D77A720D96EE, 2, (t:0, i:0))
2021-05-19 07:26:10,817 [grpc-default-executor-0] INFO  server.RaftServer$Division (RaftServerImpl.java:requestVote(1042)) - 0cd32c65-f3ff-4dcf-8f2d-158191f49883@group-D77A720D96EE: receive requestVote(ELECTION, 24cc0112-2c7f-455b-86a3-d41ab711ca71, group-D77A720D96EE, 2, (t:0, i:0))
2021-05-19 07:26:10,820 [grpc-default-executor-0] INFO  impl.VoteContext (VoteContext.java:log(48)) - 0cd32c65-f3ff-4dcf-8f2d-158191f49883@group-D77A720D96EE-FOLLOWER: accept ELECTION from 24cc0112-2c7f-455b-86a3-d41ab711ca71: our priority 0 <= candidate's priority 1
2021-05-19 07:26:10,821 [grpc-default-executor-0] INFO  server.RaftServer$Division (RaftServerImpl.java:setRole(284)) - 0cd32c65-f3ff-4dcf-8f2d-158191f49883@group-D77A720D96EE: changes role from  FOLLOWER to FOLLOWER at term 2 for candidate:24cc0112-2c7f-455b-86a3-d41ab711ca71
2021-05-19 07:26:10,821 [grpc-default-executor-0] INFO  impl.RoleInfo (RoleInfo.java:shutdownFollowerState(108)) - 0cd32c65-f3ff-4dcf-8f2d-158191f49883: shutdown 0cd32c65-f3ff-4dcf-8f2d-158191f49883@group-D77A720D96EE-FollowerState
2021-05-19 07:26:10,821 [grpc-default-executor-0] INFO  impl.RoleInfo (RoleInfo.java:updateAndGet(130)) - 0cd32c65-f3ff-4dcf-8f2d-158191f49883: start 0cd32c65-f3ff-4dcf-8f2d-158191f49883@group-D77A720D96EE-FollowerState
2021-05-19 07:26:10,817 [grpc-default-executor-1] INFO  impl.VoteContext (VoteContext.java:log(48)) - 10b33b2a-35f4-43b4-a40e-d46234aca334@group-D77A720D96EE-FOLLOWER: accept ELECTION from 24cc0112-2c7f-455b-86a3-d41ab711ca71: our priority 0 <= candidate's priority 1
2021-05-19 07:26:10,821 [grpc-default-executor-1] INFO  server.RaftServer$Division (RaftServerImpl.java:setRole(284)) - 10b33b2a-35f4-43b4-a40e-d46234aca334@group-D77A720D96EE: changes role from  FOLLOWER to FOLLOWER at term 2 for candidate:24cc0112-2c7f-455b-86a3-d41ab711ca71
2021-05-19 07:26:10,821 [grpc-default-executor-1] INFO  impl.RoleInfo (RoleInfo.java:shutdownFollowerState(108)) - 10b33b2a-35f4-43b4-a40e-d46234aca334: shutdown 10b33b2a-35f4-43b4-a40e-d46234aca334@group-D77A720D96EE-FollowerState
2021-05-19 07:26:10,821 [grpc-default-executor-1] INFO  impl.RoleInfo (RoleInfo.java:updateAndGet(130)) - 10b33b2a-35f4-43b4-a40e-d46234aca334: start 10b33b2a-35f4-43b4-a40e-d46234aca334@group-D77A720D96EE-FollowerState
2021-05-19 07:26:10,821 [0cd32c65-f3ff-4dcf-8f2d-158191f49883@group-D77A720D96EE-FollowerState] INFO  impl.FollowerState (FollowerState.java:run(143)) - 0cd32c65-f3ff-4dcf-8f2d-158191f49883@group-D77A720D96EE-FollowerState was interrupted: {}
java.lang.InterruptedException: sleep interrupted
	at java.lang.Thread.sleep(Native Method)
	at java.lang.Thread.sleep(Thread.java:340)
	at java.util.concurrent.TimeUnit.sleep(TimeUnit.java:386)
	at org.apache.ratis.util.TimeDuration.sleep(TimeDuration.java:324)
	at org.apache.ratis.util.TimeDuration.sleep(TimeDuration.java:309)
	at org.apache.ratis.server.impl.FollowerState.run(FollowerState.java:118)
2021-05-19 07:26:10,822 [grpc-default-executor-0] INFO  server.RaftServer$Division (RaftServerImpl.java:requestVote(1074)) - 0cd32c65-f3ff-4dcf-8f2d-158191f49883@group-D77A720D96EE replies to ELECTION vote request: 24cc0112-2c7f-455b-86a3-d41ab711ca71<-0cd32c65-f3ff-4dcf-8f2d-158191f49883#0:OK-t2. Peer's state: 0cd32c65-f3ff-4dcf-8f2d-158191f49883@group-D77A720D96EE:t2, leader=null, voted=24cc0112-2c7f-455b-86a3-d41ab711ca71, raftlog=0cd32c65-f3ff-4dcf-8f2d-158191f49883@group-D77A720D96EE-SegmentedRaftLog:OPENED:c-1,f-1,i0, conf=-1: [0cd32c65-f3ff-4dcf-8f2d-158191f49883|rpc:172.17.0.2:43505|dataStream:|priority:0, 24cc0112-2c7f-455b-86a3-d41ab711ca71|rpc:172.17.0.2:33355|dataStream:|priority:1, 10b33b2a-35f4-43b4-a40e-d46234aca334|rpc:172.17.0.2:38163|dataStream:|priority:0], old=null
2021-05-19 07:26:10,829 [24cc0112-2c7f-455b-86a3-d41ab711ca71@group-D77A720D96EE-LeaderElection6] INFO  impl.LeaderElection (LeaderElection.java:logAndReturn(89)) - 24cc0112-2c7f-455b-86a3-d41ab711ca71@group-D77A720D96EE-LeaderElection6: ELECTION PASSED received 1 response(s) and 0 exception(s):
2021-05-19 07:26:10,829 [24cc0112-2c7f-455b-86a3-d41ab711ca71@group-D77A720D96EE-LeaderElection6] INFO  impl.LeaderElection (LeaderElection.java:logAndReturn(93)) -   Response 0: 24cc0112-2c7f-455b-86a3-d41ab711ca71<-0cd32c65-f3ff-4dcf-8f2d-158191f49883#0:OK-t2
2021-05-19 07:26:10,829 [24cc0112-2c7f-455b-86a3-d41ab711ca71@group-D77A720D96EE-LeaderElection6] INFO  impl.LeaderElection (LeaderElection.java:askForVotes(308)) - 24cc0112-2c7f-455b-86a3-d41ab711ca71@group-D77A720D96EE-LeaderElection6 ELECTION round 0: result PASSED
2021-05-19 07:26:10,829 [24cc0112-2c7f-455b-86a3-d41ab711ca71@group-D77A720D96EE-LeaderElection6] INFO  impl.RoleInfo (RoleInfo.java:shutdownLeaderElection(121)) - 24cc0112-2c7f-455b-86a3-d41ab711ca71: shutdown 24cc0112-2c7f-455b-86a3-d41ab711ca71@group-D77A720D96EE-LeaderElection6
2021-05-19 07:26:10,829 [24cc0112-2c7f-455b-86a3-d41ab711ca71@group-D77A720D96EE-LeaderElection6] INFO  server.RaftServer$Division (RaftServerImpl.java:setRole(284)) - 24cc0112-2c7f-455b-86a3-d41ab711ca71@group-D77A720D96EE: changes role from CANDIDATE to LEADER at term 2 for changeToLeader
2021-05-19 07:26:10,829 [24cc0112-2c7f-455b-86a3-d41ab711ca71@group-D77A720D96EE-LeaderElection6] INFO  ratis.XceiverServerRatis (XceiverServerRatis.java:handleLeaderChangedNotification(906)) - Leader change notification received for group: group-D77A720D96EE with new leaderId: 24cc0112-2c7f-455b-86a3-d41ab711ca71
2021-05-19 07:26:10,829 [24cc0112-2c7f-455b-86a3-d41ab711ca71@group-D77A720D96EE-LeaderElection6] INFO  server.RaftServer$Division (ServerState.java:setLeader(271)) - 24cc0112-2c7f-455b-86a3-d41ab711ca71@group-D77A720D96EE: change Leader from null to 24cc0112-2c7f-455b-86a3-d41ab711ca71 at term 2 for becomeLeader, leader elected after 9757ms
2021-05-19 07:26:10,829 [24cc0112-2c7f-455b-86a3-d41ab711ca71@group-D77A720D96EE-LeaderElection6] INFO  server.RaftServerConfigKeys (ConfUtils.java:logGet(44)) - raft.server.staging.catchup.gap = 1000 (default)
2021-05-19 07:26:10,829 [24cc0112-2c7f-455b-86a3-d41ab711ca71@group-D77A720D96EE-LeaderElection6] INFO  metrics.RatisMetrics (RatisMetrics.java:lambda$create$0(36)) - Creating Metrics Registry : ratis.log_appender.24cc0112-2c7f-455b-86a3-d41ab711ca71@group-D77A720D96EE
2021-05-19 07:26:10,829 [EventQueue-PipelineReportForOneReplicaPipelineSafeModeRule] INFO  safemode.SCMSafeModeManager (SCMSafeModeManager.java:validateSafeModeExitRules(201)) - AtleastOneDatanodeReportedRule rule is successfully validated
2021-05-19 07:26:10,829 [EventQueue-OpenPipelineForHealthyPipelineSafeModeRule] INFO  safemode.SCMSafeModeManager (HealthyPipelineSafeModeRule.java:process(130)) - SCM in safe mode. Healthy pipelines reported count is 0, required healthy pipeline reported count is 1
2021-05-19 07:26:10,829 [24cc0112-2c7f-455b-86a3-d41ab711ca71@group-D77A720D96EE-LeaderElection6] INFO  server.RaftServerConfigKeys (ConfUtils.java:logGet(44)) - raft.server.write.element-limit = 1024 (custom)
2021-05-19 07:26:10,831 [24cc0112-2c7f-455b-86a3-d41ab711ca71@group-D77A720D96EE-LeaderElection6] INFO  server.RaftServerConfigKeys (ConfUtils.java:logGet(44)) - raft.server.write.byte-limit = 1073741824 (custom)
2021-05-19 07:26:10,831 [24cc0112-2c7f-455b-86a3-d41ab711ca71@group-D77A720D96EE-LeaderElection6] INFO  server.RaftServerConfigKeys (ConfUtils.java:logGet(44)) - raft.server.watch.timeout = 3000ms (custom)
2021-05-19 07:26:10,831 [24cc0112-2c7f-455b-86a3-d41ab711ca71@group-D77A720D96EE-LeaderElection6] INFO  server.RaftServerConfigKeys (ConfUtils.java:logGet(44)) - raft.server.watch.timeout.denomination = 1s (default)
2021-05-19 07:26:10,831 [24cc0112-2c7f-455b-86a3-d41ab711ca71@group-D77A720D96EE-LeaderElection6] INFO  server.RaftServerConfigKeys (ConfUtils.java:logGet(44)) - raft.server.watch.element-limit = 65536 (default)
2021-05-19 07:26:10,833 [grpc-default-executor-1] INFO  server.RaftServer$Division (RaftServerImpl.java:requestVote(1074)) - 10b33b2a-35f4-43b4-a40e-d46234aca334@group-D77A720D96EE replies to ELECTION vote request: 24cc0112-2c7f-455b-86a3-d41ab711ca71<-10b33b2a-35f4-43b4-a40e-d46234aca334#0:OK-t2. Peer's state: 10b33b2a-35f4-43b4-a40e-d46234aca334@group-D77A720D96EE:t2, leader=null, voted=24cc0112-2c7f-455b-86a3-d41ab711ca71, raftlog=10b33b2a-35f4-43b4-a40e-d46234aca334@group-D77A720D96EE-SegmentedRaftLog:OPENED:c-1,f-1,i0, conf=-1: [0cd32c65-f3ff-4dcf-8f2d-158191f49883|rpc:172.17.0.2:43505|priority:0, 24cc0112-2c7f-455b-86a3-d41ab711ca71|rpc:172.17.0.2:33355|priority:1, 10b33b2a-35f4-43b4-a40e-d46234aca334|rpc:172.17.0.2:38163|priority:0], old=null
2021-05-19 07:26:10,833 [10b33b2a-35f4-43b4-a40e-d46234aca334@group-D77A720D96EE-FollowerState] INFO  impl.FollowerState (FollowerState.java:run(134)) - 10b33b2a-35f4-43b4-a40e-d46234aca334@group-D77A720D96EE-FollowerState: change to CANDIDATE, lastRpcElapsedTime:5063639027ns, electionTimeout:5044ms
2021-05-19 07:26:10,833 [10b33b2a-35f4-43b4-a40e-d46234aca334@group-D77A720D96EE-FollowerState] INFO  impl.RoleInfo (RoleInfo.java:shutdownFollowerState(108)) - 10b33b2a-35f4-43b4-a40e-d46234aca334: shutdown 10b33b2a-35f4-43b4-a40e-d46234aca334@group-D77A720D96EE-FollowerState
2021-05-19 07:26:10,833 [10b33b2a-35f4-43b4-a40e-d46234aca334@group-D77A720D96EE-FollowerState] INFO  server.RaftServer$Division (RaftServerImpl.java:setRole(284)) - 10b33b2a-35f4-43b4-a40e-d46234aca334@group-D77A720D96EE: changes role from  FOLLOWER to CANDIDATE at term 2 for changeToCandidate
2021-05-19 07:26:10,833 [10b33b2a-35f4-43b4-a40e-d46234aca334@group-D77A720D96EE-FollowerState] INFO  server.RaftServerConfigKeys (ConfUtils.java:logGet(44)) - raft.server.leaderelection.pre-vote = false (custom)
2021-05-19 07:26:10,833 [10b33b2a-35f4-43b4-a40e-d46234aca334@group-D77A720D96EE-FollowerState] INFO  impl.RoleInfo (RoleInfo.java:updateAndGet(130)) - 10b33b2a-35f4-43b4-a40e-d46234aca334: start 10b33b2a-35f4-43b4-a40e-d46234aca334@group-D77A720D96EE-LeaderElection7
2021-05-19 07:26:10,834 [10b33b2a-35f4-43b4-a40e-d46234aca334@group-D77A720D96EE-FollowerState] INFO  impl.FollowerState (FollowerState.java:run(143)) - 10b33b2a-35f4-43b4-a40e-d46234aca334@group-D77A720D96EE-FollowerState was interrupted: {}
java.lang.InterruptedException: sleep interrupted
	at java.lang.Thread.sleep(Native Method)
	at java.lang.Thread.sleep(Thread.java:340)
	at java.util.concurrent.TimeUnit.sleep(TimeUnit.java:386)
	at org.apache.ratis.util.TimeDuration.sleep(TimeDuration.java:324)
	at org.apache.ratis.util.TimeDuration.sleep(TimeDuration.java:309)
	at org.apache.ratis.server.impl.FollowerState.run(FollowerState.java:118)
2021-05-19 07:26:10,839 [10b33b2a-35f4-43b4-a40e-d46234aca334@group-D77A720D96EE-LeaderElection7] INFO  impl.LeaderElection (LeaderElection.java:askForVotes(306)) - 10b33b2a-35f4-43b4-a40e-d46234aca334@group-D77A720D96EE-LeaderElection7 ELECTION round 0: submit vote requests at term 3 for -1: [0cd32c65-f3ff-4dcf-8f2d-158191f49883|rpc:172.17.0.2:43505|priority:0, 24cc0112-2c7f-455b-86a3-d41ab711ca71|rpc:172.17.0.2:33355|priority:1, 10b33b2a-35f4-43b4-a40e-d46234aca334|rpc:172.17.0.2:38163|priority:0], old=null
2021-05-19 07:26:10,837 [EventQueue-PipelineReportForOneReplicaPipelineSafeModeRule] INFO  safemode.SCMSafeModeManager (SCMSafeModeManager.java:validateSafeModeExitRules(201)) - AtleastOneDatanodeReportedRule rule is successfully validated
2021-05-19 07:26:10,837 [EventQueue-PipelineReportForPipelineReportHandler] INFO  pipeline.PipelineManagerV2Impl (PipelineManagerV2Impl.java:openPipeline(270)) - Pipeline Pipeline[ Id: ec590540-7c93-4627-a02b-d77a720d96ee, Nodes: 10b33b2a-35f4-43b4-a40e-d46234aca334{ip: 172.17.0.2, host: 263d9e8109d8, ports: [REPLICATION=35579, RATIS=38163, RATIS_ADMIN=38163, RATIS_SERVER=38163, STANDALONE=45791], networkLocation: /default-rack, certSerialId: null, persistedOpState: IN_SERVICE, persistedOpStateExpiryEpochSec: 0}0cd32c65-f3ff-4dcf-8f2d-158191f49883{ip: 172.17.0.2, host: 263d9e8109d8, ports: [REPLICATION=43117, RATIS=43505, RATIS_ADMIN=43505, RATIS_SERVER=43505, STANDALONE=35025], networkLocation: /default-rack, certSerialId: null, persistedOpState: IN_SERVICE, persistedOpStateExpiryEpochSec: 0}24cc0112-2c7f-455b-86a3-d41ab711ca71{ip: 172.17.0.2, host: 263d9e8109d8, ports: [REPLICATION=46421, RATIS=33355, RATIS_ADMIN=33355, RATIS_SERVER=33355, STANDALONE=38243], networkLocation: /default-rack, certSerialId: null, persistedOpState: IN_SERVICE, persistedOpStateExpiryEpochSec: 0}, ReplicationConfig: RATIS/THREE, State:ALLOCATED, leaderId:24cc0112-2c7f-455b-86a3-d41ab711ca71, CreationTimestamp2021-05-19T07:25:58.165Z] moved to OPEN state
2021-05-19 07:26:10,845 [24cc0112-2c7f-455b-86a3-d41ab711ca71@group-D77A720D96EE-LeaderElection6] INFO  server.RaftServerConfigKeys (ConfUtils.java:logGet(44)) - raft.server.log.appender.snapshot.chunk.size.max = 16MB (=16777216) (default)
2021-05-19 07:26:10,845 [24cc0112-2c7f-455b-86a3-d41ab711ca71@group-D77A720D96EE-LeaderElection6] INFO  server.RaftServerConfigKeys (ConfUtils.java:logGet(44)) - raft.server.log.appender.buffer.byte-limit = 33554432 (custom)
2021-05-19 07:26:10,845 [24cc0112-2c7f-455b-86a3-d41ab711ca71@group-D77A720D96EE-LeaderElection6] INFO  server.RaftServerConfigKeys (ConfUtils.java:logGet(44)) - raft.server.log.appender.buffer.element-limit = 1 (custom)
2021-05-19 07:26:10,837 [EventQueue-OpenPipelineForHealthyPipelineSafeModeRule] INFO  safemode.SCMSafeModeManager (HealthyPipelineSafeModeRule.java:process(130)) - SCM in safe mode. Healthy pipelines reported count is 0, required healthy pipeline reported count is 1
2021-05-19 07:26:10,851 [EventQueue-OpenPipelineForHealthyPipelineSafeModeRule] INFO  safemode.SCMSafeModeManager (HealthyPipelineSafeModeRule.java:process(130)) - SCM in safe mode. Healthy pipelines reported count is 1, required healthy pipeline reported count is 1
2021-05-19 07:26:10,851 [grpc-default-executor-1] INFO  server.RaftServer$Division (RaftServerImpl.java:requestVote(1042)) - 24cc0112-2c7f-455b-86a3-d41ab711ca71@group-D77A720D96EE: receive requestVote(ELECTION, 10b33b2a-35f4-43b4-a40e-d46234aca334, group-D77A720D96EE, 3, (t:0, i:0))
2021-05-19 07:26:10,850 [EventQueue-PipelineReportForOneReplicaPipelineSafeModeRule] INFO  safemode.SCMSafeModeManager (SCMSafeModeManager.java:validateSafeModeExitRules(201)) - AtleastOneDatanodeReportedRule rule is successfully validated
2021-05-19 07:26:10,852 [EventQueue-OpenPipelineForHealthyPipelineSafeModeRule] INFO  safemode.SCMSafeModeManager (SCMSafeModeManager.java:validateSafeModeExitRules(201)) - HealthyPipelineSafeModeRule rule is successfully validated
2021-05-19 07:26:10,852 [EventQueue-OpenPipelineForHealthyPipelineSafeModeRule] INFO  safemode.SCMSafeModeManager (SCMSafeModeManager.java:validateSafeModeExitRules(215)) - ScmSafeModeManager, all rules are successfully validated
2021-05-19 07:26:10,852 [EventQueue-OpenPipelineForHealthyPipelineSafeModeRule] INFO  safemode.SCMSafeModeManager (SCMSafeModeManager.java:exitSafeMode(244)) - SCM exiting safe mode.
2021-05-19 07:26:10,852 [EventQueue-OpenPipelineForHealthyPipelineSafeModeRule] WARN  events.EventQueue (EventQueue.java:fireEvent(185)) - No event handler registered for event TypedEvent{payloadType=SafeModeStatus, name='Safe mode status'}
2021-05-19 07:26:10,852 [EventQueue-OpenPipelineForHealthyPipelineSafeModeRule] INFO  ha.SCMContext (SCMContext.java:updateSafeModeStatus(147)) - Update SafeModeStatus from SafeModeStatus{safeModeStatus=true, preCheckPassed=true} to SafeModeStatus{safeModeStatus=false, preCheckPassed=true}.
2021-05-19 07:26:10,852 [EventQueue-OpenPipelineForHealthyPipelineSafeModeRule] INFO  pipeline.BackgroundPipelineCreator (BackgroundPipelineCreatorV2.java:notifyStatusChanged(261)) - Service BackgroundPipelineCreator transitions to RUNNING.
2021-05-19 07:26:10,852 [EventQueue-OpenPipelineForHealthyPipelineSafeModeRule] INFO  container.ReplicationManager (ReplicationManager.java:notifyStatusChanged(1279)) - Service ReplicationManager transitions to RUNNING.
2021-05-19 07:26:10,848 [24cc0112-2c7f-455b-86a3-d41ab711ca71@group-D77A720D96EE-LeaderElection6] INFO  grpc.GrpcConfigKeys (ConfUtils.java:logGet(44)) - raft.grpc.server.leader.outstanding.appends.max = 128 (default)
2021-05-19 07:26:10,854 [grpc-default-executor-0] INFO  server.RaftServer$Division (RaftServerImpl.java:requestVote(1042)) - 0cd32c65-f3ff-4dcf-8f2d-158191f49883@group-D77A720D96EE: receive requestVote(ELECTION, 10b33b2a-35f4-43b4-a40e-d46234aca334, group-D77A720D96EE, 3, (t:0, i:0))
2021-05-19 07:26:10,856 [grpc-default-executor-0] INFO  impl.VoteContext (VoteContext.java:log(48)) - 0cd32c65-f3ff-4dcf-8f2d-158191f49883@group-D77A720D96EE-FOLLOWER: accept ELECTION from 10b33b2a-35f4-43b4-a40e-d46234aca334: our priority 0 <= candidate's priority 0
2021-05-19 07:26:10,856 [grpc-default-executor-0] INFO  server.RaftServer$Division (RaftServerImpl.java:setRole(284)) - 0cd32c65-f3ff-4dcf-8f2d-158191f49883@group-D77A720D96EE: changes role from  FOLLOWER to FOLLOWER at term 3 for candidate:10b33b2a-35f4-43b4-a40e-d46234aca334
2021-05-19 07:26:10,856 [grpc-default-executor-0] INFO  impl.RoleInfo (RoleInfo.java:shutdownFollowerState(108)) - 0cd32c65-f3ff-4dcf-8f2d-158191f49883: shutdown 0cd32c65-f3ff-4dcf-8f2d-158191f49883@group-D77A720D96EE-FollowerState
2021-05-19 07:26:10,856 [grpc-default-executor-0] INFO  impl.RoleInfo (RoleInfo.java:updateAndGet(130)) - 0cd32c65-f3ff-4dcf-8f2d-158191f49883: start 0cd32c65-f3ff-4dcf-8f2d-158191f49883@group-D77A720D96EE-FollowerState
2021-05-19 07:26:10,856 [0cd32c65-f3ff-4dcf-8f2d-158191f49883@group-D77A720D96EE-FollowerState] INFO  impl.FollowerState (FollowerState.java:run(143)) - 0cd32c65-f3ff-4dcf-8f2d-158191f49883@group-D77A720D96EE-FollowerState was interrupted: {}
java.lang.InterruptedException: sleep interrupted
	at java.lang.Thread.sleep(Native Method)
	at java.lang.Thread.sleep(Thread.java:340)
	at java.util.concurrent.TimeUnit.sleep(TimeUnit.java:386)
	at org.apache.ratis.util.TimeDuration.sleep(TimeDuration.java:324)
	at org.apache.ratis.util.TimeDuration.sleep(TimeDuration.java:309)
	at org.apache.ratis.server.impl.FollowerState.run(FollowerState.java:118)
2021-05-19 07:26:10,856 [24cc0112-2c7f-455b-86a3-d41ab711ca71@group-D77A720D96EE-LeaderElection6] INFO  server.RaftServerConfigKeys (ConfUtils.java:logGet(44)) - raft.server.rpc.request.timeout = 3000ms (default)
2021-05-19 07:26:10,857 [24cc0112-2c7f-455b-86a3-d41ab711ca71@group-D77A720D96EE-LeaderElection6] INFO  server.RaftServerConfigKeys (ConfUtils.java:logGet(44)) - raft.server.log.appender.install.snapshot.enabled = false (custom)
2021-05-19 07:26:10,857 [24cc0112-2c7f-455b-86a3-d41ab711ca71@group-D77A720D96EE-LeaderElection6] INFO  metrics.RatisMetrics (RatisMetrics.java:lambda$create$0(36)) - Creating Metrics Registry : ratis_grpc.log_appender.24cc0112-2c7f-455b-86a3-d41ab711ca71@group-D77A720D96EE
2021-05-19 07:26:10,860 [24cc0112-2c7f-455b-86a3-d41ab711ca71@group-D77A720D96EE-LeaderElection6] INFO  server.RaftServerConfigKeys (ConfUtils.java:logGet(44)) - raft.server.log.appender.snapshot.chunk.size.max = 16MB (=16777216) (default)
2021-05-19 07:26:10,860 [24cc0112-2c7f-455b-86a3-d41ab711ca71@group-D77A720D96EE-LeaderElection6] INFO  server.RaftServerConfigKeys (ConfUtils.java:logGet(44)) - raft.server.log.appender.buffer.byte-limit = 33554432 (custom)
2021-05-19 07:26:10,865 [24cc0112-2c7f-455b-86a3-d41ab711ca71@group-D77A720D96EE-LeaderElection6] INFO  server.RaftServerConfigKeys (ConfUtils.java:logGet(44)) - raft.server.log.appender.buffer.element-limit = 1 (custom)
2021-05-19 07:26:10,865 [24cc0112-2c7f-455b-86a3-d41ab711ca71@group-D77A720D96EE-LeaderElection6] INFO  grpc.GrpcConfigKeys (ConfUtils.java:logGet(44)) - raft.grpc.server.leader.outstanding.appends.max = 128 (default)
2021-05-19 07:26:10,865 [grpc-default-executor-0] INFO  server.RaftServer$Division (RaftServerImpl.java:requestVote(1074)) - 0cd32c65-f3ff-4dcf-8f2d-158191f49883@group-D77A720D96EE replies to ELECTION vote request: 10b33b2a-35f4-43b4-a40e-d46234aca334<-0cd32c65-f3ff-4dcf-8f2d-158191f49883#0:OK-t3. Peer's state: 0cd32c65-f3ff-4dcf-8f2d-158191f49883@group-D77A720D96EE:t3, leader=null, voted=10b33b2a-35f4-43b4-a40e-d46234aca334, raftlog=0cd32c65-f3ff-4dcf-8f2d-158191f49883@group-D77A720D96EE-SegmentedRaftLog:OPENED:c-1,f-1,i0, conf=-1: [0cd32c65-f3ff-4dcf-8f2d-158191f49883|rpc:172.17.0.2:43505|dataStream:|priority:0, 24cc0112-2c7f-455b-86a3-d41ab711ca71|rpc:172.17.0.2:33355|dataStream:|priority:1, 10b33b2a-35f4-43b4-a40e-d46234aca334|rpc:172.17.0.2:38163|dataStream:|priority:0], old=null
2021-05-19 07:26:10,866 [24cc0112-2c7f-455b-86a3-d41ab711ca71@group-D77A720D96EE-LeaderElection6] INFO  server.RaftServerConfigKeys (ConfUtils.java:logGet(44)) - raft.server.rpc.request.timeout = 3000ms (default)
2021-05-19 07:26:10,866 [24cc0112-2c7f-455b-86a3-d41ab711ca71@group-D77A720D96EE-LeaderElection6] INFO  server.RaftServerConfigKeys (ConfUtils.java:logGet(44)) - raft.server.log.appender.install.snapshot.enabled = false (custom)
2021-05-19 07:26:10,867 [24cc0112-2c7f-455b-86a3-d41ab711ca71@group-D77A720D96EE-LeaderElection6] INFO  impl.RoleInfo (RoleInfo.java:updateAndGet(130)) - 24cc0112-2c7f-455b-86a3-d41ab711ca71: start 24cc0112-2c7f-455b-86a3-d41ab711ca71@group-D77A720D96EE-LeaderStateImpl
2021-05-19 07:26:10,867 [24cc0112-2c7f-455b-86a3-d41ab711ca71@group-D77A720D96EE-LeaderElection6] INFO  segmented.SegmentedRaftLogWorker (SegmentedRaftLogWorker.java:startLogSegment(394)) - 24cc0112-2c7f-455b-86a3-d41ab711ca71@group-D77A720D96EE-SegmentedRaftLogWorker: Starting segment from index:0
2021-05-19 07:26:10,868 [24cc0112-2c7f-455b-86a3-d41ab711ca71@group-D77A720D96EE-SegmentedRaftLogWorker] INFO  segmented.SegmentedRaftLogWorker (SegmentedRaftLogWorker.java:execute(601)) - 24cc0112-2c7f-455b-86a3-d41ab711ca71@group-D77A720D96EE-SegmentedRaftLogWorker: created new log segment /github/workspace/mnt/ozone/hadoop-ozone/integration-test/target/test-dir/MiniOzoneClusterImpl-9cb82971-bc04-407e-a27d-eff665a14f0b/datanode-1/data/ratis/ec590540-7c93-4627-a02b-d77a720d96ee/current/log_inprogress_0
2021-05-19 07:26:10,896 [24cc0112-2c7f-455b-86a3-d41ab711ca71@group-D77A720D96EE-LeaderElection6] INFO  server.RaftServer$Division (ServerState.java:setRaftConf(373)) - 24cc0112-2c7f-455b-86a3-d41ab711ca71@group-D77A720D96EE: set configuration 0: [0cd32c65-f3ff-4dcf-8f2d-158191f49883|rpc:172.17.0.2:43505|dataStream:|priority:0, 24cc0112-2c7f-455b-86a3-d41ab711ca71|rpc:172.17.0.2:33355|dataStream:|priority:1, 10b33b2a-35f4-43b4-a40e-d46234aca334|rpc:172.17.0.2:38163|dataStream:|priority:0], old=null
2021-05-19 07:26:10,915 [grpc-default-executor-1] INFO  impl.VoteContext (VoteContext.java:log(48)) - 24cc0112-2c7f-455b-86a3-d41ab711ca71@group-D77A720D96EE-LEADER: reject ELECTION from 10b33b2a-35f4-43b4-a40e-d46234aca334: our last entry (t:2, i:0) > candidate's last entry (t:0, i:0)
2021-05-19 07:26:10,915 [grpc-default-executor-1] INFO  server.RaftServer$Division (ServerState.java:setLeader(271)) - 24cc0112-2c7f-455b-86a3-d41ab711ca71@group-D77A720D96EE: change Leader from 24cc0112-2c7f-455b-86a3-d41ab711ca71 to null at term 3 for updateCurrentTerm
2021-05-19 07:26:10,915 [grpc-default-executor-1] INFO  server.RaftServer$Division (RaftServerImpl.java:setRole(284)) - 24cc0112-2c7f-455b-86a3-d41ab711ca71@group-D77A720D96EE: changes role from    LEADER to FOLLOWER at term 3 for candidate:10b33b2a-35f4-43b4-a40e-d46234aca334
2021-05-19 07:26:10,915 [grpc-default-executor-1] INFO  impl.RoleInfo (RoleInfo.java:shutdownLeaderState(91)) - 24cc0112-2c7f-455b-86a3-d41ab711ca71: shutdown 24cc0112-2c7f-455b-86a3-d41ab711ca71@group-D77A720D96EE-LeaderStateImpl
2021-05-19 07:26:10,915 [grpc-default-executor-1] INFO  metrics.RatisMetrics (RatisMetrics.java:unregister(43)) - Unregistering Metrics Registry : ratis_grpc.log_appender.24cc0112-2c7f-455b-86a3-d41ab711ca71@group-D77A720D96EE
2021-05-19 07:26:10,916 [grpc-default-executor-1] INFO  metrics.RatisMetrics (RatisMetrics.java:unregister(43)) - Unregistering Metrics Registry : ratis_grpc.log_appender.24cc0112-2c7f-455b-86a3-d41ab711ca71@group-D77A720D96EE
2021-05-19 07:26:10,917 [grpc-default-executor-1] INFO  impl.PendingRequests (PendingRequests.java:sendNotLeaderResponses(249)) - 24cc0112-2c7f-455b-86a3-d41ab711ca71@group-D77A720D96EE-PendingRequests: sendNotLeaderResponses
2021-05-19 07:26:10,917 [grpc-default-executor-1] INFO  metrics.RatisMetrics (RatisMetrics.java:unregister(43)) - Unregistering Metrics Registry : ratis.log_appender.24cc0112-2c7f-455b-86a3-d41ab711ca71@group-D77A720D96EE
2021-05-19 07:26:10,917 [grpc-default-executor-1] INFO  metrics.RatisMetrics (RatisMetrics.java:unregister(43)) - Unregistering Metrics Registry : ratis.server.24cc0112-2c7f-455b-86a3-d41ab711ca71@group-D77A720D96EE
2021-05-19 07:26:10,918 [grpc-default-executor-1] INFO  impl.RoleInfo (RoleInfo.java:updateAndGet(130)) - 24cc0112-2c7f-455b-86a3-d41ab711ca71: start 24cc0112-2c7f-455b-86a3-d41ab711ca71@group-D77A720D96EE-FollowerState
2021-05-19 07:26:10,918 [24cc0112-2c7f-455b-86a3-d41ab711ca71@group-D77A720D96EE->0cd32c65-f3ff-4dcf-8f2d-158191f49883-GrpcLogAppender-LogAppenderDaemon] WARN  server.GrpcLogAppender (GrpcLogAppender.java:mayWait(175)) - 24cc0112-2c7f-455b-86a3-d41ab711ca71@group-D77A720D96EE->0cd32c65-f3ff-4dcf-8f2d-158191f49883-GrpcLogAppender: Wait interrupted by java.lang.InterruptedException
2021-05-19 07:26:10,920 [24cc0112-2c7f-455b-86a3-d41ab711ca71@group-D77A720D96EE->10b33b2a-35f4-43b4-a40e-d46234aca334-GrpcLogAppender-LogAppenderDaemon] WARN  server.GrpcLogAppender (GrpcLogAppender.java:mayWait(175)) - 24cc0112-2c7f-455b-86a3-d41ab711ca71@group-D77A720D96EE->10b33b2a-35f4-43b4-a40e-d46234aca334-GrpcLogAppender: Wait interrupted by java.lang.InterruptedException
2021-05-19 07:26:10,936 [grpc-default-executor-1] INFO  server.RaftServer$Division (RaftServerImpl.java:requestVote(1074)) - 24cc0112-2c7f-455b-86a3-d41ab711ca71@group-D77A720D96EE replies to ELECTION vote request: 10b33b2a-35f4-43b4-a40e-d46234aca334<-24cc0112-2c7f-455b-86a3-d41ab711ca71#0:FAIL-t3. Peer's state: 24cc0112-2c7f-455b-86a3-d41ab711ca71@group-D77A720D96EE:t3, leader=null, voted=null, raftlog=24cc0112-2c7f-455b-86a3-d41ab711ca71@group-D77A720D96EE-SegmentedRaftLog:OPENED:c0,f0,i0, conf=0: [0cd32c65-f3ff-4dcf-8f2d-158191f49883|rpc:172.17.0.2:43505|dataStream:|priority:0, 24cc0112-2c7f-455b-86a3-d41ab711ca71|rpc:172.17.0.2:33355|dataStream:|priority:1, 10b33b2a-35f4-43b4-a40e-d46234aca334|rpc:172.17.0.2:38163|dataStream:|priority:0], old=null
2021-05-19 07:26:10,937 [grpc-default-executor-3] INFO  server.GrpcServerProtocolService (GrpcServerProtocolService.java:onCompleted(140)) - 10b33b2a-35f4-43b4-a40e-d46234aca334: Completed APPEND_ENTRIES, lastRequest: 24cc0112-2c7f-455b-86a3-d41ab711ca71->10b33b2a-35f4-43b4-a40e-d46234aca334#1-t2,previous=(t:0, i:0),leaderCommit=0,initializing? true,entries: size=1, first=(t:2, i:0), CONFIGURATIONENTRY
2021-05-19 07:26:10,948 [10b33b2a-35f4-43b4-a40e-d46234aca334@group-D77A720D96EE-LeaderElection7] INFO  impl.LeaderElection (LeaderElection.java:logAndReturn(89)) - 10b33b2a-35f4-43b4-a40e-d46234aca334@group-D77A720D96EE-LeaderElection7: ELECTION REJECTED received 2 response(s) and 0 exception(s):
2021-05-19 07:26:10,949 [10b33b2a-35f4-43b4-a40e-d46234aca334@group-D77A720D96EE-LeaderElection7] INFO  impl.LeaderElection (LeaderElection.java:logAndReturn(93)) -   Response 0: 10b33b2a-35f4-43b4-a40e-d46234aca334<-0cd32c65-f3ff-4dcf-8f2d-158191f49883#0:OK-t3
2021-05-19 07:26:10,949 [10b33b2a-35f4-43b4-a40e-d46234aca334@group-D77A720D96EE-LeaderElection7] INFO  impl.LeaderElection (LeaderElection.java:logAndReturn(93)) -   Response 1: 10b33b2a-35f4-43b4-a40e-d46234aca334<-24cc0112-2c7f-455b-86a3-d41ab711ca71#0:FAIL-t3
2021-05-19 07:26:10,949 [10b33b2a-35f4-43b4-a40e-d46234aca334@group-D77A720D96EE-LeaderElection7] INFO  impl.LeaderElection (LeaderElection.java:askForVotes(308)) - 10b33b2a-35f4-43b4-a40e-d46234aca334@group-D77A720D96EE-LeaderElection7 ELECTION round 0: result REJECTED
2021-05-19 07:26:10,949 [10b33b2a-35f4-43b4-a40e-d46234aca334@group-D77A720D96EE-LeaderElection7] INFO  server.RaftServer$Division (RaftServerImpl.java:setRole(284)) - 10b33b2a-35f4-43b4-a40e-d46234aca334@group-D77A720D96EE: changes role from CANDIDATE to FOLLOWER at term 3 for REJECTED
2021-05-19 07:26:10,949 [10b33b2a-35f4-43b4-a40e-d46234aca334@group-D77A720D96EE-LeaderElection7] INFO  impl.RoleInfo (RoleInfo.java:shutdownLeaderElection(121)) - 10b33b2a-35f4-43b4-a40e-d46234aca334: shutdown 10b33b2a-35f4-43b4-a40e-d46234aca334@group-D77A720D96EE-LeaderElection7
2021-05-19 07:26:10,949 [10b33b2a-35f4-43b4-a40e-d46234aca334@group-D77A720D96EE-LeaderElection7] INFO  impl.RoleInfo (RoleInfo.java:updateAndGet(130)) - 10b33b2a-35f4-43b4-a40e-d46234aca334: start 10b33b2a-35f4-43b4-a40e-d46234aca334@group-D77A720D96EE-FollowerState
2021-05-19 07:26:10,963 [grpc-default-executor-0] INFO  server.GrpcLogAppender (GrpcLogAppender.java:onCompleted(344)) - 24cc0112-2c7f-455b-86a3-d41ab711ca71@group-D77A720D96EE->10b33b2a-35f4-43b4-a40e-d46234aca334-AppendLogResponseHandler: follower responses appendEntries COMPLETED
2021-05-19 07:26:10,965 [grpc-default-executor-0] INFO  leader.FollowerInfo (FollowerInfoImpl.java:lambda$new$0(46)) - 24cc0112-2c7f-455b-86a3-d41ab711ca71@group-D77A720D96EE->10b33b2a-35f4-43b4-a40e-d46234aca334: nextIndex: updateUnconditionally 1 -> 0
2021-05-19 07:26:10,962 [grpc-default-executor-2] INFO  server.GrpcServerProtocolService (GrpcServerProtocolService.java:onCompleted(140)) - 0cd32c65-f3ff-4dcf-8f2d-158191f49883: Completed APPEND_ENTRIES, lastRequest: 24cc0112-2c7f-455b-86a3-d41ab711ca71->0cd32c65-f3ff-4dcf-8f2d-158191f49883#1-t2,previous=(t:0, i:0),leaderCommit=0,initializing? true,entries: size=1, first=(t:2, i:0), CONFIGURATIONENTRY
2021-05-19 07:26:10,968 [grpc-default-executor-0] INFO  server.GrpcLogAppender (GrpcLogAppender.java:onCompleted(344)) - 24cc0112-2c7f-455b-86a3-d41ab711ca71@group-D77A720D96EE->0cd32c65-f3ff-4dcf-8f2d-158191f49883-AppendLogResponseHandler: follower responses appendEntries COMPLETED
2021-05-19 07:26:10,968 [grpc-default-executor-0] INFO  leader.FollowerInfo (FollowerInfoImpl.java:lambda$new$0(46)) - 24cc0112-2c7f-455b-86a3-d41ab711ca71@group-D77A720D96EE->0cd32c65-f3ff-4dcf-8f2d-158191f49883: nextIndex: updateUnconditionally 1 -> 0
2021-05-19 07:26:11,174 [Listener at 127.0.0.1/46767] INFO  ozone.MiniOzoneClusterImpl (MiniOzoneClusterImpl.java:lambda$waitForClusterToBeReady$0(224)) - Nodes are ready. Got 3 of 3 DN Heartbeats.
2021-05-19 07:26:11,175 [Listener at 127.0.0.1/46767] INFO  ozone.MiniOzoneClusterImpl (MiniOzoneClusterImpl.java:lambda$waitForClusterToBeReady$0(227)) - Cluster exits safe mode
2021-05-19 07:26:11,175 [Listener at 127.0.0.1/46767] INFO  ozone.MiniOzoneClusterImpl (MiniOzoneClusterImpl.java:lambda$waitForClusterToBeReady$0(230)) - SCM became leader
2021-05-19 07:26:11,617 [Listener at 127.0.0.1/46767] INFO  rpc.RpcClient (RpcClient.java:createVolume(336)) - Creating Volume: testcontainerstatemachinefailures, with jenkins1001 as owner and space quota set to -1 bytes, counts quota set to -1
2021-05-19 07:26:11,724 [OM StateMachine ApplyTransaction Thread - 0] INFO  volume.OMVolumeCreateRequest (OMVolumeCreateRequest.java:validateAndUpdateCache(195)) - created volume:testcontainerstatemachinefailures for user:jenkins1001
2021-05-19 07:26:11,744 [Listener at 127.0.0.1/46767] INFO  rpc.RpcClient (RpcClient.java:createBucket(495)) - Creating Bucket: testcontainerstatemachinefailures/testcontainerstatemachinefailures, with Versioning false and Storage Type set to DISK and Encryption set to false 
2021-05-19 07:26:11,811 [IPC Server handler 0 on default port 46793] INFO  ha.SequenceIdGenerator (SequenceIdGenerator.java:getNextId(127)) - Allocate a batch for containerId, change lastId from 0 to 1000.
2021-05-19 07:26:11,823 [IPC Server handler 0 on default port 46793] WARN  ha.SequenceIdGenerator (SequenceIdGenerator.java:allocateBatch(213)) - Failed to allocate a batch for localId, expected lastId is 0, actual lastId is 107544261427200000.
2021-05-19 07:26:11,823 [IPC Server handler 0 on default port 46793] INFO  ha.SequenceIdGenerator (SequenceIdGenerator.java:getNextId(127)) - Allocate a batch for localId, change lastId from 107544261427200000 to 107544261427201000.
2021-05-19 07:26:11,909 [Listener at 127.0.0.1/46767] INFO  impl.MetricsSystemImpl (MetricsSystemImpl.java:init(158)) - XceiverClientMetrics metrics system started (again)
]]></system-out>
  </testcase>
</testsuite>