<?xml version="1.0" encoding="UTF-8"?>
<testsuite xmlns:xsi="http://www.w3.org/2001/XMLSchema-instance" xsi:noNamespaceSchemaLocation="https://maven.apache.org/surefire/maven-surefire-plugin/xsd/surefire-test-report.xsd" name="org.apache.hadoop.ozone.client.rpc.TestFailureHandlingByClient" time="264.944" tests="5" errors="0" skipped="1" failures="1">
  <properties>
    <property name="awt.toolkit" value="sun.awt.X11.XToolkit"/>
    <property name="file.encoding.pkg" value="sun.io"/>
    <property name="java.specification.version" value="1.8"/>
    <property name="sun.cpu.isalist" value=""/>
    <property name="sun.jnu.encoding" value="ANSI_X3.4-1968"/>
    <property name="java.class.path" value="/github/workspace/mnt/ozone/hadoop-ozone/integration-test/target/test-classes:/github/workspace/mnt/ozone/hadoop-ozone/integration-test/target/classes:/home/user/.m2/repository/org/apache/hadoop/hadoop-ozone-common/0.6.0-SNAPSHOT/hadoop-ozone-common-0.6.0-SNAPSHOT.jar:/home/user/.m2/repository/org/apache/commons/commons-compress/1.4.1/commons-compress-1.4.1.jar:/home/user/.m2/repository/org/tukaani/xz/1.0/xz-1.0.jar:/home/user/.m2/repository/org/apache/hadoop/hadoop-hdds-common/0.6.0-SNAPSHOT/hadoop-hdds-common-0.6.0-SNAPSHOT.jar:/home/user/.m2/repository/org/apache/hadoop/hadoop-hdds-hadoop-dependency-client/0.6.0-SNAPSHOT/hadoop-hdds-hadoop-dependency-client-0.6.0-SNAPSHOT.jar:/home/user/.m2/repository/info/picocli/picocli/3.9.6/picocli-3.9.6.jar:/home/user/.m2/repository/com/fasterxml/jackson/core/jackson-annotations/2.10.3/jackson-annotations-2.10.3.jar:/home/user/.m2/repository/javax/annotation/javax.annotation-api/1.2/javax.annotation-api-1.2.jar:/home/user/.m2/repository/org/apache/ratis/ratis-server/0.6.0-6ab75ae-SNAPSHOT/ratis-server-0.6.0-6ab75ae-SNAPSHOT.jar:/home/user/.m2/repository/org/apache/ratis/ratis-client/0.6.0-6ab75ae-SNAPSHOT/ratis-client-0.6.0-6ab75ae-SNAPSHOT.jar:/home/user/.m2/repository/org/apache/ratis/ratis-metrics/0.6.0-6ab75ae-SNAPSHOT/ratis-metrics-0.6.0-6ab75ae-SNAPSHOT.jar:/home/user/.m2/repository/org/apache/ratis/ratis-netty/0.6.0-6ab75ae-SNAPSHOT/ratis-netty-0.6.0-6ab75ae-SNAPSHOT.jar:/home/user/.m2/repository/org/apache/ratis/ratis-grpc/0.6.0-6ab75ae-SNAPSHOT/ratis-grpc-0.6.0-6ab75ae-SNAPSHOT.jar:/home/user/.m2/repository/org/apache/logging/log4j/log4j-api/2.11.0/log4j-api-2.11.0.jar:/home/user/.m2/repository/org/apache/logging/log4j/log4j-core/2.11.0/log4j-core-2.11.0.jar:/home/user/.m2/repository/com/lmax/disruptor/3.4.2/disruptor-3.4.2.jar:/home/user/.m2/repository/org/apache/commons/commons-pool2/2.6.0/commons-pool2-2.6.0.jar:/home/user/.m2/repository/org/bouncycastle/bcpkix-jdk15on/1.60/bcpkix-jdk15on-1.60.jar:/home/user/.m2/repository/commons-validator/commons-validator/1.6/commons-validator-1.6.jar:/home/user/.m2/repository/commons-digester/commons-digester/1.8.1/commons-digester-1.8.1.jar:/home/user/.m2/repository/io/jaegertracing/jaeger-client/1.2.0/jaeger-client-1.2.0.jar:/home/user/.m2/repository/io/jaegertracing/jaeger-thrift/1.2.0/jaeger-thrift-1.2.0.jar:/home/user/.m2/repository/org/apache/thrift/libthrift/0.13.0/libthrift-0.13.0.jar:/home/user/.m2/repository/com/squareup/okhttp3/okhttp/4.2.2/okhttp-4.2.2.jar:/home/user/.m2/repository/com/squareup/okio/okio/2.2.2/okio-2.2.2.jar:/home/user/.m2/repository/org/jetbrains/kotlin/kotlin-stdlib/1.3.50/kotlin-stdlib-1.3.50.jar:/home/user/.m2/repository/org/jetbrains/kotlin/kotlin-stdlib-common/1.3.50/kotlin-stdlib-common-1.3.50.jar:/home/user/.m2/repository/org/jetbrains/annotations/13.0/annotations-13.0.jar:/home/user/.m2/repository/io/jaegertracing/jaeger-core/1.2.0/jaeger-core-1.2.0.jar:/home/user/.m2/repository/io/jaegertracing/jaeger-tracerresolver/1.2.0/jaeger-tracerresolver-1.2.0.jar:/home/user/.m2/repository/io/opentracing/contrib/opentracing-tracerresolver/0.1.8/opentracing-tracerresolver-0.1.8.jar:/home/user/.m2/repository/io/opentracing/opentracing-util/0.33.0/opentracing-util-0.33.0.jar:/home/user/.m2/repository/io/opentracing/opentracing-api/0.33.0/opentracing-api-0.33.0.jar:/home/user/.m2/repository/io/opentracing/opentracing-noop/0.33.0/opentracing-noop-0.33.0.jar:/home/user/.m2/repository/org/apache/hadoop/hadoop-hdds-client/0.6.0-SNAPSHOT/hadoop-hdds-client-0.6.0-SNAPSHOT.jar:/home/user/.m2/repository/org/apache/hadoop/hadoop-ozone-interface-client/0.6.0-SNAPSHOT/hadoop-ozone-interface-client-0.6.0-SNAPSHOT.jar:/home/user/.m2/repository/org/apache/hadoop/hadoop-hdds-test-utils/0.6.0-SNAPSHOT/hadoop-hdds-test-utils-0.6.0-SNAPSHOT.jar:/home/user/.m2/repository/com/google/guava/guava/28.2-jre/guava-28.2-jre.jar:/home/user/.m2/repository/com/google/guava/failureaccess/1.0.1/failureaccess-1.0.1.jar:/home/user/.m2/repository/com/google/guava/listenablefuture/9999.0-empty-to-avoid-conflict-with-guava/listenablefuture-9999.0-empty-to-avoid-conflict-with-guava.jar:/home/user/.m2/repository/com/google/code/findbugs/jsr305/3.0.0/jsr305-3.0.0.jar:/home/user/.m2/repository/org/checkerframework/checker-qual/2.10.0/checker-qual-2.10.0.jar:/home/user/.m2/repository/com/google/errorprone/error_prone_annotations/2.2.0/error_prone_annotations-2.2.0.jar:/home/user/.m2/repository/com/google/j2objc/j2objc-annotations/1.3/j2objc-annotations-1.3.jar:/home/user/.m2/repository/commons-io/commons-io/2.5/commons-io-2.5.jar:/home/user/.m2/repository/commons-logging/commons-logging/1.2/commons-logging-1.2.jar:/home/user/.m2/repository/log4j/log4j/1.2.17/log4j-1.2.17.jar:/home/user/.m2/repository/org/slf4j/slf4j-api/1.7.25/slf4j-api-1.7.25.jar:/home/user/.m2/repository/org/apache/hadoop/hadoop-hdds-server-scm/0.6.0-SNAPSHOT/hadoop-hdds-server-scm-0.6.0-SNAPSHOT.jar:/home/user/.m2/repository/org/apache/hadoop/hadoop-hdds-container-service/0.6.0-SNAPSHOT/hadoop-hdds-container-service-0.6.0-SNAPSHOT.jar:/home/user/.m2/repository/org/apache/hadoop/hadoop-hdds-hadoop-dependency-server/0.6.0-SNAPSHOT/hadoop-hdds-hadoop-dependency-server-0.6.0-SNAPSHOT.jar:/home/user/.m2/repository/org/apache/hadoop/hadoop-hdds-server-framework/0.6.0-SNAPSHOT/hadoop-hdds-server-framework-0.6.0-SNAPSHOT.jar:/home/user/.m2/repository/org/apache/hadoop/hadoop-hdds-interface-server/0.6.0-SNAPSHOT/hadoop-hdds-interface-server-0.6.0-SNAPSHOT.jar:/home/user/.m2/repository/org/apache/hadoop/hadoop-hdds-interface-admin/0.6.0-SNAPSHOT/hadoop-hdds-interface-admin-0.6.0-SNAPSHOT.jar:/home/user/.m2/repository/org/rocksdb/rocksdbjni/6.8.1/rocksdbjni-6.8.1.jar:/home/user/.m2/repository/io/prometheus/simpleclient_dropwizard/0.7.0/simpleclient_dropwizard-0.7.0.jar:/home/user/.m2/repository/io/prometheus/simpleclient/0.7.0/simpleclient-0.7.0.jar:/home/user/.m2/repository/io/prometheus/simpleclient_common/0.7.0/simpleclient_common-0.7.0.jar:/home/user/.m2/repository/com/fasterxml/jackson/datatype/jackson-datatype-jsr310/2.10.3/jackson-datatype-jsr310-2.10.3.jar:/home/user/.m2/repository/org/apache/hadoop/hadoop-hdds-docs/0.6.0-SNAPSHOT/hadoop-hdds-docs-0.6.0-SNAPSHOT.jar:/home/user/.m2/repository/io/dropwizard/metrics/metrics-core/3.2.4/metrics-core-3.2.4.jar:/home/user/.m2/repository/org/apache/hadoop/hadoop-hdfs-client/3.2.1/hadoop-hdfs-client-3.2.1.jar:/home/user/.m2/repository/org/bouncycastle/bcprov-jdk15on/1.60/bcprov-jdk15on-1.60.jar:/home/user/.m2/repository/org/apache/hadoop/hadoop-ozone-ozone-manager/0.6.0-SNAPSHOT/hadoop-ozone-ozone-manager-0.6.0-SNAPSHOT.jar:/home/user/.m2/repository/org/apache/hadoop/hadoop-hdds-interface-client/0.6.0-SNAPSHOT/hadoop-hdds-interface-client-0.6.0-SNAPSHOT.jar:/home/user/.m2/repository/org/apache/ratis/ratis-thirdparty-misc/0.4.0/ratis-thirdparty-misc-0.4.0.jar:/home/user/.m2/repository/org/apache/hadoop/hadoop-minikdc/3.2.1/hadoop-minikdc-3.2.1.jar:/home/user/.m2/repository/org/apache/kerby/kerb-simplekdc/1.0.1/kerb-simplekdc-1.0.1.jar:/home/user/.m2/repository/org/apache/kerby/kerb-client/1.0.1/kerb-client-1.0.1.jar:/home/user/.m2/repository/org/apache/kerby/kerby-config/1.0.1/kerby-config-1.0.1.jar:/home/user/.m2/repository/org/apache/kerby/kerb-core/1.0.1/kerb-core-1.0.1.jar:/home/user/.m2/repository/org/apache/kerby/kerby-pkix/1.0.1/kerby-pkix-1.0.1.jar:/home/user/.m2/repository/org/apache/kerby/kerby-asn1/1.0.1/kerby-asn1-1.0.1.jar:/home/user/.m2/repository/org/apache/kerby/kerby-util/1.0.1/kerby-util-1.0.1.jar:/home/user/.m2/repository/org/apache/kerby/kerb-common/1.0.1/kerb-common-1.0.1.jar:/home/user/.m2/repository/org/apache/kerby/kerb-crypto/1.0.1/kerb-crypto-1.0.1.jar:/home/user/.m2/repository/org/apache/kerby/kerb-util/1.0.1/kerb-util-1.0.1.jar:/home/user/.m2/repository/org/apache/kerby/token-provider/1.0.1/token-provider-1.0.1.jar:/home/user/.m2/repository/org/apache/kerby/kerb-admin/1.0.1/kerb-admin-1.0.1.jar:/home/user/.m2/repository/org/apache/kerby/kerb-server/1.0.1/kerb-server-1.0.1.jar:/home/user/.m2/repository/org/apache/kerby/kerb-identity/1.0.1/kerb-identity-1.0.1.jar:/home/user/.m2/repository/org/apache/kerby/kerby-xdr/1.0.1/kerby-xdr-1.0.1.jar:/home/user/.m2/repository/org/slf4j/slf4j-log4j12/1.7.25/slf4j-log4j12-1.7.25.jar:/home/user/.m2/repository/org/apache/hadoop/hadoop-ozone-s3gateway/0.6.0-SNAPSHOT/hadoop-ozone-s3gateway-0.6.0-SNAPSHOT.jar:/home/user/.m2/repository/org/jboss/weld/servlet/weld-servlet/2.4.7.Final/weld-servlet-2.4.7.Final.jar:/home/user/.m2/repository/org/glassfish/jersey/containers/jersey-container-servlet-core/2.27/jersey-container-servlet-core-2.27.jar:/home/user/.m2/repository/org/glassfish/hk2/external/javax.inject/2.5.0-b42/javax.inject-2.5.0-b42.jar:/home/user/.m2/repository/org/glassfish/jersey/core/jersey-common/2.27/jersey-common-2.27.jar:/home/user/.m2/repository/org/glassfish/hk2/osgi-resource-locator/1.0.1/osgi-resource-locator-1.0.1.jar:/home/user/.m2/repository/javax/ws/rs/javax.ws.rs-api/2.1/javax.ws.rs-api-2.1.jar:/home/user/.m2/repository/org/glassfish/jersey/ext/cdi/jersey-cdi1x/2.27/jersey-cdi1x-2.27.jar:/home/user/.m2/repository/org/glassfish/jersey/inject/jersey-hk2/2.27/jersey-hk2-2.27.jar:/home/user/.m2/repository/org/glassfish/hk2/hk2-locator/2.5.0-b42/hk2-locator-2.5.0-b42.jar:/home/user/.m2/repository/org/javassist/javassist/3.22.0-CR2/javassist-3.22.0-CR2.jar:/home/user/.m2/repository/org/glassfish/hk2/hk2-api/2.5.0/hk2-api-2.5.0.jar:/home/user/.m2/repository/org/glassfish/hk2/external/jakarta.inject/2.5.0/jakarta.inject-2.5.0.jar:/home/user/.m2/repository/org/glassfish/hk2/hk2-utils/2.5.0/hk2-utils-2.5.0.jar:/home/user/.m2/repository/jakarta/annotation/jakarta.annotation-api/1.3.4/jakarta.annotation-api-1.3.4.jar:/home/user/.m2/repository/org/glassfish/hk2/external/aopalliance-repackaged/2.5.0/aopalliance-repackaged-2.5.0.jar:/home/user/.m2/repository/com/fasterxml/jackson/dataformat/jackson-dataformat-xml/2.10.3/jackson-dataformat-xml-2.10.3.jar:/home/user/.m2/repository/com/fasterxml/jackson/core/jackson-core/2.10.3/jackson-core-2.10.3.jar:/home/user/.m2/repository/com/fasterxml/jackson/module/jackson-module-jaxb-annotations/2.10.3/jackson-module-jaxb-annotations-2.10.3.jar:/home/user/.m2/repository/jakarta/xml/bind/jakarta.xml.bind-api/2.3.2/jakarta.xml.bind-api-2.3.2.jar:/home/user/.m2/repository/jakarta/activation/jakarta.activation-api/1.2.1/jakarta.activation-api-1.2.1.jar:/home/user/.m2/repository/org/codehaus/woodstox/stax2-api/3.1.4/stax2-api-3.1.4.jar:/home/user/.m2/repository/com/fasterxml/woodstox/woodstox-core/5.0.3/woodstox-core-5.0.3.jar:/home/user/.m2/repository/javax/enterprise/cdi-api/1.2/cdi-api-1.2.jar:/home/user/.m2/repository/javax/el/javax.el-api/3.0.0/javax.el-api-3.0.0.jar:/home/user/.m2/repository/javax/interceptor/javax.interceptor-api/1.2/javax.interceptor-api-1.2.jar:/home/user/.m2/repository/javax/inject/javax.inject/1/javax.inject-1.jar:/home/user/.m2/repository/com/sun/xml/bind/jaxb-impl/2.3.0.1/jaxb-impl-2.3.0.1.jar:/home/user/.m2/repository/com/sun/xml/bind/jaxb-core/2.3.0.1/jaxb-core-2.3.0.1.jar:/home/user/.m2/repository/javax/xml/bind/jaxb-api/2.3.0/jaxb-api-2.3.0.jar:/home/user/.m2/repository/javax/activation/activation/1.1.1/activation-1.1.1.jar:/home/user/.m2/repository/org/apache/hadoop/hadoop-ozone-csi/0.6.0-SNAPSHOT/hadoop-ozone-csi-0.6.0-SNAPSHOT.jar:/home/user/.m2/repository/com/google/protobuf/protobuf-java-util/3.11.0/protobuf-java-util-3.11.0.jar:/home/user/.m2/repository/com/google/code/gson/gson/2.2.4/gson-2.2.4.jar:/home/user/.m2/repository/org/apache/hadoop/hadoop-hdds-config/0.6.0-SNAPSHOT/hadoop-hdds-config-0.6.0-SNAPSHOT.jar:/home/user/.m2/repository/com/google/protobuf/protobuf-java/2.5.0/protobuf-java-2.5.0.jar:/home/user/.m2/repository/io/grpc/grpc-netty/1.29.0/grpc-netty-1.29.0.jar:/home/user/.m2/repository/io/grpc/grpc-core/1.29.0/grpc-core-1.29.0.jar:/home/user/.m2/repository/com/google/android/annotations/4.1.1.4/annotations-4.1.1.4.jar:/home/user/.m2/repository/io/perfmark/perfmark-api/0.19.0/perfmark-api-0.19.0.jar:/home/user/.m2/repository/io/netty/netty-codec-http2/4.1.48.Final/netty-codec-http2-4.1.48.Final.jar:/home/user/.m2/repository/io/netty/netty-codec/4.1.48.Final/netty-codec-4.1.48.Final.jar:/home/user/.m2/repository/io/netty/netty-handler/4.1.48.Final/netty-handler-4.1.48.Final.jar:/home/user/.m2/repository/io/netty/netty-codec-http/4.1.48.Final/netty-codec-http-4.1.48.Final.jar:/home/user/.m2/repository/io/netty/netty-handler-proxy/4.1.48.Final/netty-handler-proxy-4.1.48.Final.jar:/home/user/.m2/repository/io/netty/netty-codec-socks/4.1.48.Final/netty-codec-socks-4.1.48.Final.jar:/home/user/.m2/repository/io/netty/netty-transport-native-epoll/4.1.48.Final/netty-transport-native-epoll-4.1.48.Final.jar:/home/user/.m2/repository/io/netty/netty-common/4.1.48.Final/netty-common-4.1.48.Final.jar:/home/user/.m2/repository/io/netty/netty-buffer/4.1.48.Final/netty-buffer-4.1.48.Final.jar:/home/user/.m2/repository/io/netty/netty-transport/4.1.48.Final/netty-transport-4.1.48.Final.jar:/home/user/.m2/repository/io/netty/netty-resolver/4.1.48.Final/netty-resolver-4.1.48.Final.jar:/home/user/.m2/repository/io/netty/netty-transport-native-unix-common/4.1.48.Final/netty-transport-native-unix-common-4.1.48.Final.jar:/home/user/.m2/repository/io/grpc/grpc-protobuf/1.29.0/grpc-protobuf-1.29.0.jar:/home/user/.m2/repository/io/grpc/grpc-api/1.29.0/grpc-api-1.29.0.jar:/home/user/.m2/repository/io/grpc/grpc-context/1.29.0/grpc-context-1.29.0.jar:/home/user/.m2/repository/org/codehaus/mojo/animal-sniffer-annotations/1.18/animal-sniffer-annotations-1.18.jar:/home/user/.m2/repository/com/google/api/grpc/proto-google-common-protos/1.17.0/proto-google-common-protos-1.17.0.jar:/home/user/.m2/repository/io/grpc/grpc-protobuf-lite/1.29.0/grpc-protobuf-lite-1.29.0.jar:/home/user/.m2/repository/io/grpc/grpc-stub/1.29.0/grpc-stub-1.29.0.jar:/home/user/.m2/repository/org/apache/hadoop/hadoop-ozone-recon/0.6.0-SNAPSHOT/hadoop-ozone-recon-0.6.0-SNAPSHOT.jar:/home/user/.m2/repository/org/apache/hadoop/hadoop-ozone-reconcodegen/0.6.0-SNAPSHOT/hadoop-ozone-reconcodegen-0.6.0-SNAPSHOT.jar:/home/user/.m2/repository/com/google/inject/extensions/guice-multibindings/4.0/guice-multibindings-4.0.jar:/home/user/.m2/repository/com/google/inject/guice/4.0/guice-4.0.jar:/home/user/.m2/repository/aopalliance/aopalliance/1.0/aopalliance-1.0.jar:/home/user/.m2/repository/com/google/inject/extensions/guice-assistedinject/4.0/guice-assistedinject-4.0.jar:/home/user/.m2/repository/com/google/inject/extensions/guice-servlet/4.0/guice-servlet-4.0.jar:/home/user/.m2/repository/org/glassfish/jersey/containers/jersey-container-servlet/2.27/jersey-container-servlet-2.27.jar:/home/user/.m2/repository/org/glassfish/hk2/guice-bridge/2.5.0/guice-bridge-2.5.0.jar:/home/user/.m2/repository/org/glassfish/jersey/core/jersey-server/2.27/jersey-server-2.27.jar:/home/user/.m2/repository/org/glassfish/jersey/core/jersey-client/2.27/jersey-client-2.27.jar:/home/user/.m2/repository/org/glassfish/jersey/media/jersey-media-jaxb/2.27/jersey-media-jaxb-2.27.jar:/home/user/.m2/repository/javax/validation/validation-api/1.1.0.Final/validation-api-1.1.0.Final.jar:/home/user/.m2/repository/org/glassfish/jersey/media/jersey-media-json-jackson/2.27/jersey-media-json-jackson-2.27.jar:/home/user/.m2/repository/org/glassfish/jersey/ext/jersey-entity-filtering/2.27/jersey-entity-filtering-2.27.jar:/home/user/.m2/repository/org/jooq/jooq/3.11.10/jooq-3.11.10.jar:/home/user/.m2/repository/org/jooq/jooq-meta/3.11.10/jooq-meta-3.11.10.jar:/home/user/.m2/repository/org/jooq/jooq-codegen/3.11.10/jooq-codegen-3.11.10.jar:/home/user/.m2/repository/com/jolbox/bonecp/0.8.0.RELEASE/bonecp-0.8.0.RELEASE.jar:/home/user/.m2/repository/org/apache/derby/derby/10.14.2.0/derby-10.14.2.0.jar:/home/user/.m2/repository/org/xerial/sqlite-jdbc/3.25.2/sqlite-jdbc-3.25.2.jar:/home/user/.m2/repository/org/springframework/spring-jdbc/5.2.5.RELEASE/spring-jdbc-5.2.5.RELEASE.jar:/home/user/.m2/repository/org/springframework/spring-beans/5.2.5.RELEASE/spring-beans-5.2.5.RELEASE.jar:/home/user/.m2/repository/org/springframework/spring-core/5.2.5.RELEASE/spring-core-5.2.5.RELEASE.jar:/home/user/.m2/repository/org/springframework/spring-jcl/5.2.5.RELEASE/spring-jcl-5.2.5.RELEASE.jar:/home/user/.m2/repository/org/springframework/spring-tx/5.2.5.RELEASE/spring-tx-5.2.5.RELEASE.jar:/home/user/.m2/repository/org/apache/hadoop/hadoop-ozone-client/0.6.0-SNAPSHOT/hadoop-ozone-client-0.6.0-SNAPSHOT.jar:/home/user/.m2/repository/org/apache/hadoop/hadoop-ozone-filesystem/0.6.0-SNAPSHOT/hadoop-ozone-filesystem-0.6.0-SNAPSHOT.jar:/home/user/.m2/repository/org/apache/hadoop/hadoop-ozone-filesystem-common/0.6.0-SNAPSHOT/hadoop-ozone-filesystem-common-0.6.0-SNAPSHOT.jar:/home/user/.m2/repository/org/apache/hadoop/hadoop-ozone-tools/0.6.0-SNAPSHOT/hadoop-ozone-tools-0.6.0-SNAPSHOT.jar:/home/user/.m2/repository/org/apache/hadoop/hadoop-hdfs/3.2.1/hadoop-hdfs-3.2.1.jar:/home/user/.m2/repository/org/apache/ratis/ratis-tools/0.6.0-6ab75ae-SNAPSHOT/ratis-tools-0.6.0-6ab75ae-SNAPSHOT.jar:/home/user/.m2/repository/org/apache/ratis/ratis-proto/0.6.0-6ab75ae-SNAPSHOT/ratis-proto-0.6.0-6ab75ae-SNAPSHOT.jar:/home/user/.m2/repository/org/apache/ratis/ratis-common/0.6.0-6ab75ae-SNAPSHOT/ratis-common-0.6.0-6ab75ae-SNAPSHOT.jar:/home/user/.m2/repository/com/amazonaws/aws-java-sdk-core/1.11.615/aws-java-sdk-core-1.11.615.jar:/home/user/.m2/repository/org/apache/httpcomponents/httpclient/4.5.2/httpclient-4.5.2.jar:/home/user/.m2/repository/org/apache/httpcomponents/httpcore/4.4.4/httpcore-4.4.4.jar:/home/user/.m2/repository/software/amazon/ion/ion-java/1.0.2/ion-java-1.0.2.jar:/home/user/.m2/repository/com/fasterxml/jackson/dataformat/jackson-dataformat-cbor/2.10.3/jackson-dataformat-cbor-2.10.3.jar:/home/user/.m2/repository/joda-time/joda-time/2.8.1/joda-time-2.8.1.jar:/home/user/.m2/repository/com/amazonaws/aws-java-sdk-s3/1.11.615/aws-java-sdk-s3-1.11.615.jar:/home/user/.m2/repository/com/amazonaws/aws-java-sdk-kms/1.11.615/aws-java-sdk-kms-1.11.615.jar:/home/user/.m2/repository/com/amazonaws/jmespath-java/1.11.615/jmespath-java-1.11.615.jar:/home/user/.m2/repository/org/apache/hadoop/hadoop-hdds-tools/0.6.0-SNAPSHOT/hadoop-hdds-tools-0.6.0-SNAPSHOT.jar:/home/user/.m2/repository/commons-cli/commons-cli/1.2/commons-cli-1.2.jar:/home/user/.m2/repository/org/apache/commons/commons-lang3/3.7/commons-lang3-3.7.jar:/home/user/.m2/repository/org/apache/hadoop/hadoop-ozone-ozone-manager/0.6.0-SNAPSHOT/hadoop-ozone-ozone-manager-0.6.0-SNAPSHOT-tests.jar:/home/user/.m2/repository/junit/junit/4.11/junit-4.11.jar:/home/user/.m2/repository/org/hamcrest/hamcrest-core/1.3/hamcrest-core-1.3.jar:/home/user/.m2/repository/org/openjdk/jmh/jmh-core/1.19/jmh-core-1.19.jar:/home/user/.m2/repository/net/sf/jopt-simple/jopt-simple/4.6/jopt-simple-4.6.jar:/home/user/.m2/repository/org/apache/commons/commons-math3/3.1.1/commons-math3-3.1.1.jar:/home/user/.m2/repository/org/openjdk/jmh/jmh-generator-annprocess/1.19/jmh-generator-annprocess-1.19.jar:/home/user/.m2/repository/org/mockito/mockito-all/1.8.5/mockito-all-1.8.5.jar:/home/user/.m2/repository/org/apache/hadoop/hadoop-kms/3.2.1/hadoop-kms-3.2.1.jar:/home/user/.m2/repository/org/apache/hadoop/hadoop-auth/3.2.1/hadoop-auth-3.2.1.jar:/home/user/.m2/repository/com/nimbusds/nimbus-jose-jwt/7.9/nimbus-jose-jwt-7.9.jar:/home/user/.m2/repository/com/github/stephenc/jcip/jcip-annotations/1.0-1/jcip-annotations-1.0-1.jar:/home/user/.m2/repository/net/minidev/json-smart/2.3/json-smart-2.3.jar:/home/user/.m2/repository/net/minidev/accessors-smart/1.2/accessors-smart-1.2.jar:/home/user/.m2/repository/org/ow2/asm/asm/5.0.4/asm-5.0.4.jar:/home/user/.m2/repository/org/apache/zookeeper/zookeeper/3.4.13/zookeeper-3.4.13.jar:/home/user/.m2/repository/org/apache/yetus/audience-annotations/0.5.0/audience-annotations-0.5.0.jar:/home/user/.m2/repository/org/apache/curator/curator-framework/2.13.0/curator-framework-2.13.0.jar:/home/user/.m2/repository/com/sun/jersey/jersey-core/1.19/jersey-core-1.19.jar:/home/user/.m2/repository/javax/ws/rs/jsr311-api/1.1.1/jsr311-api-1.1.1.jar:/home/user/.m2/repository/com/sun/jersey/jersey-server/1.19/jersey-server-1.19.jar:/home/user/.m2/repository/javax/servlet/javax.servlet-api/3.1.0/javax.servlet-api-3.1.0.jar:/home/user/.m2/repository/org/eclipse/jetty/jetty-server/9.4.26.v20200117/jetty-server-9.4.26.v20200117.jar:/home/user/.m2/repository/org/eclipse/jetty/jetty-http/9.4.26.v20200117/jetty-http-9.4.26.v20200117.jar:/home/user/.m2/repository/org/eclipse/jetty/jetty-io/9.4.26.v20200117/jetty-io-9.4.26.v20200117.jar:/home/user/.m2/repository/org/eclipse/jetty/jetty-webapp/9.4.26.v20200117/jetty-webapp-9.4.26.v20200117.jar:/home/user/.m2/repository/org/eclipse/jetty/jetty-xml/9.4.26.v20200117/jetty-xml-9.4.26.v20200117.jar:/home/user/.m2/repository/org/eclipse/jetty/jetty-servlet/9.4.26.v20200117/jetty-servlet-9.4.26.v20200117.jar:/home/user/.m2/repository/org/eclipse/jetty/jetty-security/9.4.26.v20200117/jetty-security-9.4.26.v20200117.jar:/home/user/.m2/repository/org/apache/hadoop/hadoop-common/3.2.1/hadoop-common-3.2.1.jar:/home/user/.m2/repository/commons-net/commons-net/3.6/commons-net-3.6.jar:/home/user/.m2/repository/commons-collections/commons-collections/3.2.2/commons-collections-3.2.2.jar:/home/user/.m2/repository/com/sun/jersey/jersey-servlet/1.19/jersey-servlet-1.19.jar:/home/user/.m2/repository/com/sun/jersey/jersey-json/1.19/jersey-json-1.19.jar:/home/user/.m2/repository/org/codehaus/jettison/jettison/1.1/jettison-1.1.jar:/home/user/.m2/repository/org/codehaus/jackson/jackson-jaxrs/1.9.2/jackson-jaxrs-1.9.2.jar:/home/user/.m2/repository/org/codehaus/jackson/jackson-xc/1.9.2/jackson-xc-1.9.2.jar:/home/user/.m2/repository/commons-beanutils/commons-beanutils/1.9.4/commons-beanutils-1.9.4.jar:/home/user/.m2/repository/org/apache/commons/commons-configuration2/2.1.1/commons-configuration2-2.1.1.jar:/home/user/.m2/repository/org/apache/commons/commons-text/1.4/commons-text-1.4.jar:/home/user/.m2/repository/com/google/re2j/re2j/1.1/re2j-1.1.jar:/home/user/.m2/repository/com/jcraft/jsch/0.1.54/jsch-0.1.54.jar:/home/user/.m2/repository/org/apache/curator/curator-client/2.13.0/curator-client-2.13.0.jar:/home/user/.m2/repository/org/apache/curator/curator-recipes/2.13.0/curator-recipes-2.13.0.jar:/home/user/.m2/repository/dnsjava/dnsjava/2.1.7/dnsjava-2.1.7.jar:/home/user/.m2/repository/org/slf4j/jul-to-slf4j/1.7.25/jul-to-slf4j-1.7.25.jar:/home/user/.m2/repository/org/eclipse/jetty/jetty-util/9.4.26.v20200117/jetty-util-9.4.26.v20200117.jar:/home/user/.m2/repository/com/fasterxml/jackson/core/jackson-databind/2.10.3/jackson-databind-2.10.3.jar:/home/user/.m2/repository/org/apache/hadoop/hadoop-kms/3.2.1/hadoop-kms-3.2.1-tests.jar:/home/user/.m2/repository/org/apache/hadoop/hadoop-hdds-server-scm/0.6.0-SNAPSHOT/hadoop-hdds-server-scm-0.6.0-SNAPSHOT-tests.jar:/home/user/.m2/repository/org/apache/hadoop/hadoop-hdds-container-service/0.6.0-SNAPSHOT/hadoop-hdds-container-service-0.6.0-SNAPSHOT-tests.jar:/home/user/.m2/repository/org/apache/hadoop/hadoop-hdds-common/0.6.0-SNAPSHOT/hadoop-hdds-common-0.6.0-SNAPSHOT-tests.jar:/home/user/.m2/repository/org/yaml/snakeyaml/1.16/snakeyaml-1.16.jar:/home/user/.m2/repository/org/apache/hadoop/hadoop-hdds-hadoop-dependency-test/0.6.0-SNAPSHOT/hadoop-hdds-hadoop-dependency-test-0.6.0-SNAPSHOT.jar:/home/user/.m2/repository/org/apache/hadoop/hadoop-common/3.2.1/hadoop-common-3.2.1-tests.jar:/home/user/.m2/repository/javax/servlet/jsp/jsp-api/2.1/jsp-api-2.1.jar:/home/user/.m2/repository/org/apache/hadoop/hadoop-hdfs/3.2.1/hadoop-hdfs-3.2.1-tests.jar:/home/user/.m2/repository/org/eclipse/jetty/jetty-util-ajax/9.4.26.v20200117/jetty-util-ajax-9.4.26.v20200117.jar:/home/user/.m2/repository/commons-codec/commons-codec/1.11/commons-codec-1.11.jar:/home/user/.m2/repository/commons-daemon/commons-daemon/1.0.13/commons-daemon-1.0.13.jar:/home/user/.m2/repository/io/netty/netty/3.10.5.Final/netty-3.10.5.Final.jar:/home/user/.m2/repository/io/netty/netty-all/4.1.48.Final/netty-all-4.1.48.Final.jar:/home/user/.m2/repository/org/apache/htrace/htrace-core4/4.1.0-incubating/htrace-core4-4.1.0-incubating.jar:/home/user/.m2/repository/org/fusesource/leveldbjni/leveldbjni-all/1.8/leveldbjni-all-1.8.jar:/home/user/.m2/repository/org/apache/hadoop/hadoop-distcp/3.2.1/hadoop-distcp-3.2.1.jar:/home/user/.m2/repository/org/apache/hadoop/hadoop-mapreduce-client-jobclient/3.2.1/hadoop-mapreduce-client-jobclient-3.2.1.jar:/home/user/.m2/repository/org/apache/hadoop/hadoop-mapreduce-client-common/3.2.1/hadoop-mapreduce-client-common-3.2.1.jar:/home/user/.m2/repository/org/apache/hadoop/hadoop-yarn-common/3.2.1/hadoop-yarn-common-3.2.1.jar:/home/user/.m2/repository/org/apache/hadoop/hadoop-yarn-api/3.2.1/hadoop-yarn-api-3.2.1.jar:/home/user/.m2/repository/com/sun/jersey/jersey-client/1.19/jersey-client-1.19.jar:/home/user/.m2/repository/com/sun/jersey/contribs/jersey-guice/1.19/jersey-guice-1.19.jar:/home/user/.m2/repository/com/fasterxml/jackson/jaxrs/jackson-jaxrs-json-provider/2.10.3/jackson-jaxrs-json-provider-2.10.3.jar:/home/user/.m2/repository/com/fasterxml/jackson/jaxrs/jackson-jaxrs-base/2.10.3/jackson-jaxrs-base-2.10.3.jar:/home/user/.m2/repository/org/apache/hadoop/hadoop-yarn-client/3.2.1/hadoop-yarn-client-3.2.1.jar:/home/user/.m2/repository/org/apache/hadoop/hadoop-mapreduce-client-core/3.2.1/hadoop-mapreduce-client-core-3.2.1.jar:/home/user/.m2/repository/org/apache/avro/avro/1.7.7/avro-1.7.7.jar:/home/user/.m2/repository/org/codehaus/jackson/jackson-core-asl/1.9.13/jackson-core-asl-1.9.13.jar:/home/user/.m2/repository/org/codehaus/jackson/jackson-mapper-asl/1.9.13/jackson-mapper-asl-1.9.13.jar:/home/user/.m2/repository/com/thoughtworks/paranamer/paranamer/2.3/paranamer-2.3.jar:/home/user/.m2/repository/org/xerial/snappy/snappy-java/1.0.5/snappy-java-1.0.5.jar:/home/user/.m2/repository/org/apache/hadoop/hadoop-annotations/3.2.1/hadoop-annotations-3.2.1.jar:/usr/lib/jvm/java-1.8.0-openjdk-1.8.0.232.b09-0.el7_7.x86_64/jre/../lib/tools.jar:/home/user/.m2/repository/org/apache/hadoop/hadoop-distcp/3.2.1/hadoop-distcp-3.2.1-tests.jar:"/>
    <property name="java.vm.vendor" value="Oracle Corporation"/>
    <property name="sun.arch.data.model" value="64"/>
    <property name="test.build.dir" value="/github/workspace/mnt/ozone/hadoop-ozone/integration-test/target/test-dir"/>
    <property name="test.cache.data" value=""/>
    <property name="java.vendor.url" value="http://java.oracle.com/"/>
    <property name="user.timezone" value=""/>
    <property name="java.vm.specification.version" value="1.8"/>
    <property name="os.name" value="Linux"/>
    <property name="test.build.data" value="/github/workspace/mnt/ozone/hadoop-ozone/integration-test/target/test-dir"/>
    <property name="user.country" value="US"/>
    <property name="sun.java.launcher" value="SUN_STANDARD"/>
    <property name="sun.boot.library.path" value="/usr/lib/jvm/java-1.8.0-openjdk-1.8.0.232.b09-0.el7_7.x86_64/jre/lib/amd64"/>
    <property name="sun.java.command" value="/github/workspace/mnt/ozone/hadoop-ozone/integration-test/target/surefire/surefirebooter1528323762748667184.jar /github/workspace/mnt/ozone/hadoop-ozone/integration-test/target/surefire 2020-07-02T08-10-37_026-jvmRun1 surefire7993072115197077354tmp surefire_245822479697540426368tmp"/>
    <property name="surefire.test.class.path" value="/github/workspace/mnt/ozone/hadoop-ozone/integration-test/target/test-classes:/github/workspace/mnt/ozone/hadoop-ozone/integration-test/target/classes:/home/user/.m2/repository/org/apache/hadoop/hadoop-ozone-common/0.6.0-SNAPSHOT/hadoop-ozone-common-0.6.0-SNAPSHOT.jar:/home/user/.m2/repository/org/apache/commons/commons-compress/1.4.1/commons-compress-1.4.1.jar:/home/user/.m2/repository/org/tukaani/xz/1.0/xz-1.0.jar:/home/user/.m2/repository/org/apache/hadoop/hadoop-hdds-common/0.6.0-SNAPSHOT/hadoop-hdds-common-0.6.0-SNAPSHOT.jar:/home/user/.m2/repository/org/apache/hadoop/hadoop-hdds-hadoop-dependency-client/0.6.0-SNAPSHOT/hadoop-hdds-hadoop-dependency-client-0.6.0-SNAPSHOT.jar:/home/user/.m2/repository/info/picocli/picocli/3.9.6/picocli-3.9.6.jar:/home/user/.m2/repository/com/fasterxml/jackson/core/jackson-annotations/2.10.3/jackson-annotations-2.10.3.jar:/home/user/.m2/repository/javax/annotation/javax.annotation-api/1.2/javax.annotation-api-1.2.jar:/home/user/.m2/repository/org/apache/ratis/ratis-server/0.6.0-6ab75ae-SNAPSHOT/ratis-server-0.6.0-6ab75ae-SNAPSHOT.jar:/home/user/.m2/repository/org/apache/ratis/ratis-client/0.6.0-6ab75ae-SNAPSHOT/ratis-client-0.6.0-6ab75ae-SNAPSHOT.jar:/home/user/.m2/repository/org/apache/ratis/ratis-metrics/0.6.0-6ab75ae-SNAPSHOT/ratis-metrics-0.6.0-6ab75ae-SNAPSHOT.jar:/home/user/.m2/repository/org/apache/ratis/ratis-netty/0.6.0-6ab75ae-SNAPSHOT/ratis-netty-0.6.0-6ab75ae-SNAPSHOT.jar:/home/user/.m2/repository/org/apache/ratis/ratis-grpc/0.6.0-6ab75ae-SNAPSHOT/ratis-grpc-0.6.0-6ab75ae-SNAPSHOT.jar:/home/user/.m2/repository/org/apache/logging/log4j/log4j-api/2.11.0/log4j-api-2.11.0.jar:/home/user/.m2/repository/org/apache/logging/log4j/log4j-core/2.11.0/log4j-core-2.11.0.jar:/home/user/.m2/repository/com/lmax/disruptor/3.4.2/disruptor-3.4.2.jar:/home/user/.m2/repository/org/apache/commons/commons-pool2/2.6.0/commons-pool2-2.6.0.jar:/home/user/.m2/repository/org/bouncycastle/bcpkix-jdk15on/1.60/bcpkix-jdk15on-1.60.jar:/home/user/.m2/repository/commons-validator/commons-validator/1.6/commons-validator-1.6.jar:/home/user/.m2/repository/commons-digester/commons-digester/1.8.1/commons-digester-1.8.1.jar:/home/user/.m2/repository/io/jaegertracing/jaeger-client/1.2.0/jaeger-client-1.2.0.jar:/home/user/.m2/repository/io/jaegertracing/jaeger-thrift/1.2.0/jaeger-thrift-1.2.0.jar:/home/user/.m2/repository/org/apache/thrift/libthrift/0.13.0/libthrift-0.13.0.jar:/home/user/.m2/repository/com/squareup/okhttp3/okhttp/4.2.2/okhttp-4.2.2.jar:/home/user/.m2/repository/com/squareup/okio/okio/2.2.2/okio-2.2.2.jar:/home/user/.m2/repository/org/jetbrains/kotlin/kotlin-stdlib/1.3.50/kotlin-stdlib-1.3.50.jar:/home/user/.m2/repository/org/jetbrains/kotlin/kotlin-stdlib-common/1.3.50/kotlin-stdlib-common-1.3.50.jar:/home/user/.m2/repository/org/jetbrains/annotations/13.0/annotations-13.0.jar:/home/user/.m2/repository/io/jaegertracing/jaeger-core/1.2.0/jaeger-core-1.2.0.jar:/home/user/.m2/repository/io/jaegertracing/jaeger-tracerresolver/1.2.0/jaeger-tracerresolver-1.2.0.jar:/home/user/.m2/repository/io/opentracing/contrib/opentracing-tracerresolver/0.1.8/opentracing-tracerresolver-0.1.8.jar:/home/user/.m2/repository/io/opentracing/opentracing-util/0.33.0/opentracing-util-0.33.0.jar:/home/user/.m2/repository/io/opentracing/opentracing-api/0.33.0/opentracing-api-0.33.0.jar:/home/user/.m2/repository/io/opentracing/opentracing-noop/0.33.0/opentracing-noop-0.33.0.jar:/home/user/.m2/repository/org/apache/hadoop/hadoop-hdds-client/0.6.0-SNAPSHOT/hadoop-hdds-client-0.6.0-SNAPSHOT.jar:/home/user/.m2/repository/org/apache/hadoop/hadoop-ozone-interface-client/0.6.0-SNAPSHOT/hadoop-ozone-interface-client-0.6.0-SNAPSHOT.jar:/home/user/.m2/repository/org/apache/hadoop/hadoop-hdds-test-utils/0.6.0-SNAPSHOT/hadoop-hdds-test-utils-0.6.0-SNAPSHOT.jar:/home/user/.m2/repository/com/google/guava/guava/28.2-jre/guava-28.2-jre.jar:/home/user/.m2/repository/com/google/guava/failureaccess/1.0.1/failureaccess-1.0.1.jar:/home/user/.m2/repository/com/google/guava/listenablefuture/9999.0-empty-to-avoid-conflict-with-guava/listenablefuture-9999.0-empty-to-avoid-conflict-with-guava.jar:/home/user/.m2/repository/com/google/code/findbugs/jsr305/3.0.0/jsr305-3.0.0.jar:/home/user/.m2/repository/org/checkerframework/checker-qual/2.10.0/checker-qual-2.10.0.jar:/home/user/.m2/repository/com/google/errorprone/error_prone_annotations/2.2.0/error_prone_annotations-2.2.0.jar:/home/user/.m2/repository/com/google/j2objc/j2objc-annotations/1.3/j2objc-annotations-1.3.jar:/home/user/.m2/repository/commons-io/commons-io/2.5/commons-io-2.5.jar:/home/user/.m2/repository/commons-logging/commons-logging/1.2/commons-logging-1.2.jar:/home/user/.m2/repository/log4j/log4j/1.2.17/log4j-1.2.17.jar:/home/user/.m2/repository/org/slf4j/slf4j-api/1.7.25/slf4j-api-1.7.25.jar:/home/user/.m2/repository/org/apache/hadoop/hadoop-hdds-server-scm/0.6.0-SNAPSHOT/hadoop-hdds-server-scm-0.6.0-SNAPSHOT.jar:/home/user/.m2/repository/org/apache/hadoop/hadoop-hdds-container-service/0.6.0-SNAPSHOT/hadoop-hdds-container-service-0.6.0-SNAPSHOT.jar:/home/user/.m2/repository/org/apache/hadoop/hadoop-hdds-hadoop-dependency-server/0.6.0-SNAPSHOT/hadoop-hdds-hadoop-dependency-server-0.6.0-SNAPSHOT.jar:/home/user/.m2/repository/org/apache/hadoop/hadoop-hdds-server-framework/0.6.0-SNAPSHOT/hadoop-hdds-server-framework-0.6.0-SNAPSHOT.jar:/home/user/.m2/repository/org/apache/hadoop/hadoop-hdds-interface-server/0.6.0-SNAPSHOT/hadoop-hdds-interface-server-0.6.0-SNAPSHOT.jar:/home/user/.m2/repository/org/apache/hadoop/hadoop-hdds-interface-admin/0.6.0-SNAPSHOT/hadoop-hdds-interface-admin-0.6.0-SNAPSHOT.jar:/home/user/.m2/repository/org/rocksdb/rocksdbjni/6.8.1/rocksdbjni-6.8.1.jar:/home/user/.m2/repository/io/prometheus/simpleclient_dropwizard/0.7.0/simpleclient_dropwizard-0.7.0.jar:/home/user/.m2/repository/io/prometheus/simpleclient/0.7.0/simpleclient-0.7.0.jar:/home/user/.m2/repository/io/prometheus/simpleclient_common/0.7.0/simpleclient_common-0.7.0.jar:/home/user/.m2/repository/com/fasterxml/jackson/datatype/jackson-datatype-jsr310/2.10.3/jackson-datatype-jsr310-2.10.3.jar:/home/user/.m2/repository/org/apache/hadoop/hadoop-hdds-docs/0.6.0-SNAPSHOT/hadoop-hdds-docs-0.6.0-SNAPSHOT.jar:/home/user/.m2/repository/io/dropwizard/metrics/metrics-core/3.2.4/metrics-core-3.2.4.jar:/home/user/.m2/repository/org/apache/hadoop/hadoop-hdfs-client/3.2.1/hadoop-hdfs-client-3.2.1.jar:/home/user/.m2/repository/org/bouncycastle/bcprov-jdk15on/1.60/bcprov-jdk15on-1.60.jar:/home/user/.m2/repository/org/apache/hadoop/hadoop-ozone-ozone-manager/0.6.0-SNAPSHOT/hadoop-ozone-ozone-manager-0.6.0-SNAPSHOT.jar:/home/user/.m2/repository/org/apache/hadoop/hadoop-hdds-interface-client/0.6.0-SNAPSHOT/hadoop-hdds-interface-client-0.6.0-SNAPSHOT.jar:/home/user/.m2/repository/org/apache/ratis/ratis-thirdparty-misc/0.4.0/ratis-thirdparty-misc-0.4.0.jar:/home/user/.m2/repository/org/apache/hadoop/hadoop-minikdc/3.2.1/hadoop-minikdc-3.2.1.jar:/home/user/.m2/repository/org/apache/kerby/kerb-simplekdc/1.0.1/kerb-simplekdc-1.0.1.jar:/home/user/.m2/repository/org/apache/kerby/kerb-client/1.0.1/kerb-client-1.0.1.jar:/home/user/.m2/repository/org/apache/kerby/kerby-config/1.0.1/kerby-config-1.0.1.jar:/home/user/.m2/repository/org/apache/kerby/kerb-core/1.0.1/kerb-core-1.0.1.jar:/home/user/.m2/repository/org/apache/kerby/kerby-pkix/1.0.1/kerby-pkix-1.0.1.jar:/home/user/.m2/repository/org/apache/kerby/kerby-asn1/1.0.1/kerby-asn1-1.0.1.jar:/home/user/.m2/repository/org/apache/kerby/kerby-util/1.0.1/kerby-util-1.0.1.jar:/home/user/.m2/repository/org/apache/kerby/kerb-common/1.0.1/kerb-common-1.0.1.jar:/home/user/.m2/repository/org/apache/kerby/kerb-crypto/1.0.1/kerb-crypto-1.0.1.jar:/home/user/.m2/repository/org/apache/kerby/kerb-util/1.0.1/kerb-util-1.0.1.jar:/home/user/.m2/repository/org/apache/kerby/token-provider/1.0.1/token-provider-1.0.1.jar:/home/user/.m2/repository/org/apache/kerby/kerb-admin/1.0.1/kerb-admin-1.0.1.jar:/home/user/.m2/repository/org/apache/kerby/kerb-server/1.0.1/kerb-server-1.0.1.jar:/home/user/.m2/repository/org/apache/kerby/kerb-identity/1.0.1/kerb-identity-1.0.1.jar:/home/user/.m2/repository/org/apache/kerby/kerby-xdr/1.0.1/kerby-xdr-1.0.1.jar:/home/user/.m2/repository/org/slf4j/slf4j-log4j12/1.7.25/slf4j-log4j12-1.7.25.jar:/home/user/.m2/repository/org/apache/hadoop/hadoop-ozone-s3gateway/0.6.0-SNAPSHOT/hadoop-ozone-s3gateway-0.6.0-SNAPSHOT.jar:/home/user/.m2/repository/org/jboss/weld/servlet/weld-servlet/2.4.7.Final/weld-servlet-2.4.7.Final.jar:/home/user/.m2/repository/org/glassfish/jersey/containers/jersey-container-servlet-core/2.27/jersey-container-servlet-core-2.27.jar:/home/user/.m2/repository/org/glassfish/hk2/external/javax.inject/2.5.0-b42/javax.inject-2.5.0-b42.jar:/home/user/.m2/repository/org/glassfish/jersey/core/jersey-common/2.27/jersey-common-2.27.jar:/home/user/.m2/repository/org/glassfish/hk2/osgi-resource-locator/1.0.1/osgi-resource-locator-1.0.1.jar:/home/user/.m2/repository/javax/ws/rs/javax.ws.rs-api/2.1/javax.ws.rs-api-2.1.jar:/home/user/.m2/repository/org/glassfish/jersey/ext/cdi/jersey-cdi1x/2.27/jersey-cdi1x-2.27.jar:/home/user/.m2/repository/org/glassfish/jersey/inject/jersey-hk2/2.27/jersey-hk2-2.27.jar:/home/user/.m2/repository/org/glassfish/hk2/hk2-locator/2.5.0-b42/hk2-locator-2.5.0-b42.jar:/home/user/.m2/repository/org/javassist/javassist/3.22.0-CR2/javassist-3.22.0-CR2.jar:/home/user/.m2/repository/org/glassfish/hk2/hk2-api/2.5.0/hk2-api-2.5.0.jar:/home/user/.m2/repository/org/glassfish/hk2/external/jakarta.inject/2.5.0/jakarta.inject-2.5.0.jar:/home/user/.m2/repository/org/glassfish/hk2/hk2-utils/2.5.0/hk2-utils-2.5.0.jar:/home/user/.m2/repository/jakarta/annotation/jakarta.annotation-api/1.3.4/jakarta.annotation-api-1.3.4.jar:/home/user/.m2/repository/org/glassfish/hk2/external/aopalliance-repackaged/2.5.0/aopalliance-repackaged-2.5.0.jar:/home/user/.m2/repository/com/fasterxml/jackson/dataformat/jackson-dataformat-xml/2.10.3/jackson-dataformat-xml-2.10.3.jar:/home/user/.m2/repository/com/fasterxml/jackson/core/jackson-core/2.10.3/jackson-core-2.10.3.jar:/home/user/.m2/repository/com/fasterxml/jackson/module/jackson-module-jaxb-annotations/2.10.3/jackson-module-jaxb-annotations-2.10.3.jar:/home/user/.m2/repository/jakarta/xml/bind/jakarta.xml.bind-api/2.3.2/jakarta.xml.bind-api-2.3.2.jar:/home/user/.m2/repository/jakarta/activation/jakarta.activation-api/1.2.1/jakarta.activation-api-1.2.1.jar:/home/user/.m2/repository/org/codehaus/woodstox/stax2-api/3.1.4/stax2-api-3.1.4.jar:/home/user/.m2/repository/com/fasterxml/woodstox/woodstox-core/5.0.3/woodstox-core-5.0.3.jar:/home/user/.m2/repository/javax/enterprise/cdi-api/1.2/cdi-api-1.2.jar:/home/user/.m2/repository/javax/el/javax.el-api/3.0.0/javax.el-api-3.0.0.jar:/home/user/.m2/repository/javax/interceptor/javax.interceptor-api/1.2/javax.interceptor-api-1.2.jar:/home/user/.m2/repository/javax/inject/javax.inject/1/javax.inject-1.jar:/home/user/.m2/repository/com/sun/xml/bind/jaxb-impl/2.3.0.1/jaxb-impl-2.3.0.1.jar:/home/user/.m2/repository/com/sun/xml/bind/jaxb-core/2.3.0.1/jaxb-core-2.3.0.1.jar:/home/user/.m2/repository/javax/xml/bind/jaxb-api/2.3.0/jaxb-api-2.3.0.jar:/home/user/.m2/repository/javax/activation/activation/1.1.1/activation-1.1.1.jar:/home/user/.m2/repository/org/apache/hadoop/hadoop-ozone-csi/0.6.0-SNAPSHOT/hadoop-ozone-csi-0.6.0-SNAPSHOT.jar:/home/user/.m2/repository/com/google/protobuf/protobuf-java-util/3.11.0/protobuf-java-util-3.11.0.jar:/home/user/.m2/repository/com/google/code/gson/gson/2.2.4/gson-2.2.4.jar:/home/user/.m2/repository/org/apache/hadoop/hadoop-hdds-config/0.6.0-SNAPSHOT/hadoop-hdds-config-0.6.0-SNAPSHOT.jar:/home/user/.m2/repository/com/google/protobuf/protobuf-java/2.5.0/protobuf-java-2.5.0.jar:/home/user/.m2/repository/io/grpc/grpc-netty/1.29.0/grpc-netty-1.29.0.jar:/home/user/.m2/repository/io/grpc/grpc-core/1.29.0/grpc-core-1.29.0.jar:/home/user/.m2/repository/com/google/android/annotations/4.1.1.4/annotations-4.1.1.4.jar:/home/user/.m2/repository/io/perfmark/perfmark-api/0.19.0/perfmark-api-0.19.0.jar:/home/user/.m2/repository/io/netty/netty-codec-http2/4.1.48.Final/netty-codec-http2-4.1.48.Final.jar:/home/user/.m2/repository/io/netty/netty-codec/4.1.48.Final/netty-codec-4.1.48.Final.jar:/home/user/.m2/repository/io/netty/netty-handler/4.1.48.Final/netty-handler-4.1.48.Final.jar:/home/user/.m2/repository/io/netty/netty-codec-http/4.1.48.Final/netty-codec-http-4.1.48.Final.jar:/home/user/.m2/repository/io/netty/netty-handler-proxy/4.1.48.Final/netty-handler-proxy-4.1.48.Final.jar:/home/user/.m2/repository/io/netty/netty-codec-socks/4.1.48.Final/netty-codec-socks-4.1.48.Final.jar:/home/user/.m2/repository/io/netty/netty-transport-native-epoll/4.1.48.Final/netty-transport-native-epoll-4.1.48.Final.jar:/home/user/.m2/repository/io/netty/netty-common/4.1.48.Final/netty-common-4.1.48.Final.jar:/home/user/.m2/repository/io/netty/netty-buffer/4.1.48.Final/netty-buffer-4.1.48.Final.jar:/home/user/.m2/repository/io/netty/netty-transport/4.1.48.Final/netty-transport-4.1.48.Final.jar:/home/user/.m2/repository/io/netty/netty-resolver/4.1.48.Final/netty-resolver-4.1.48.Final.jar:/home/user/.m2/repository/io/netty/netty-transport-native-unix-common/4.1.48.Final/netty-transport-native-unix-common-4.1.48.Final.jar:/home/user/.m2/repository/io/grpc/grpc-protobuf/1.29.0/grpc-protobuf-1.29.0.jar:/home/user/.m2/repository/io/grpc/grpc-api/1.29.0/grpc-api-1.29.0.jar:/home/user/.m2/repository/io/grpc/grpc-context/1.29.0/grpc-context-1.29.0.jar:/home/user/.m2/repository/org/codehaus/mojo/animal-sniffer-annotations/1.18/animal-sniffer-annotations-1.18.jar:/home/user/.m2/repository/com/google/api/grpc/proto-google-common-protos/1.17.0/proto-google-common-protos-1.17.0.jar:/home/user/.m2/repository/io/grpc/grpc-protobuf-lite/1.29.0/grpc-protobuf-lite-1.29.0.jar:/home/user/.m2/repository/io/grpc/grpc-stub/1.29.0/grpc-stub-1.29.0.jar:/home/user/.m2/repository/org/apache/hadoop/hadoop-ozone-recon/0.6.0-SNAPSHOT/hadoop-ozone-recon-0.6.0-SNAPSHOT.jar:/home/user/.m2/repository/org/apache/hadoop/hadoop-ozone-reconcodegen/0.6.0-SNAPSHOT/hadoop-ozone-reconcodegen-0.6.0-SNAPSHOT.jar:/home/user/.m2/repository/com/google/inject/extensions/guice-multibindings/4.0/guice-multibindings-4.0.jar:/home/user/.m2/repository/com/google/inject/guice/4.0/guice-4.0.jar:/home/user/.m2/repository/aopalliance/aopalliance/1.0/aopalliance-1.0.jar:/home/user/.m2/repository/com/google/inject/extensions/guice-assistedinject/4.0/guice-assistedinject-4.0.jar:/home/user/.m2/repository/com/google/inject/extensions/guice-servlet/4.0/guice-servlet-4.0.jar:/home/user/.m2/repository/org/glassfish/jersey/containers/jersey-container-servlet/2.27/jersey-container-servlet-2.27.jar:/home/user/.m2/repository/org/glassfish/hk2/guice-bridge/2.5.0/guice-bridge-2.5.0.jar:/home/user/.m2/repository/org/glassfish/jersey/core/jersey-server/2.27/jersey-server-2.27.jar:/home/user/.m2/repository/org/glassfish/jersey/core/jersey-client/2.27/jersey-client-2.27.jar:/home/user/.m2/repository/org/glassfish/jersey/media/jersey-media-jaxb/2.27/jersey-media-jaxb-2.27.jar:/home/user/.m2/repository/javax/validation/validation-api/1.1.0.Final/validation-api-1.1.0.Final.jar:/home/user/.m2/repository/org/glassfish/jersey/media/jersey-media-json-jackson/2.27/jersey-media-json-jackson-2.27.jar:/home/user/.m2/repository/org/glassfish/jersey/ext/jersey-entity-filtering/2.27/jersey-entity-filtering-2.27.jar:/home/user/.m2/repository/org/jooq/jooq/3.11.10/jooq-3.11.10.jar:/home/user/.m2/repository/org/jooq/jooq-meta/3.11.10/jooq-meta-3.11.10.jar:/home/user/.m2/repository/org/jooq/jooq-codegen/3.11.10/jooq-codegen-3.11.10.jar:/home/user/.m2/repository/com/jolbox/bonecp/0.8.0.RELEASE/bonecp-0.8.0.RELEASE.jar:/home/user/.m2/repository/org/apache/derby/derby/10.14.2.0/derby-10.14.2.0.jar:/home/user/.m2/repository/org/xerial/sqlite-jdbc/3.25.2/sqlite-jdbc-3.25.2.jar:/home/user/.m2/repository/org/springframework/spring-jdbc/5.2.5.RELEASE/spring-jdbc-5.2.5.RELEASE.jar:/home/user/.m2/repository/org/springframework/spring-beans/5.2.5.RELEASE/spring-beans-5.2.5.RELEASE.jar:/home/user/.m2/repository/org/springframework/spring-core/5.2.5.RELEASE/spring-core-5.2.5.RELEASE.jar:/home/user/.m2/repository/org/springframework/spring-jcl/5.2.5.RELEASE/spring-jcl-5.2.5.RELEASE.jar:/home/user/.m2/repository/org/springframework/spring-tx/5.2.5.RELEASE/spring-tx-5.2.5.RELEASE.jar:/home/user/.m2/repository/org/apache/hadoop/hadoop-ozone-client/0.6.0-SNAPSHOT/hadoop-ozone-client-0.6.0-SNAPSHOT.jar:/home/user/.m2/repository/org/apache/hadoop/hadoop-ozone-filesystem/0.6.0-SNAPSHOT/hadoop-ozone-filesystem-0.6.0-SNAPSHOT.jar:/home/user/.m2/repository/org/apache/hadoop/hadoop-ozone-filesystem-common/0.6.0-SNAPSHOT/hadoop-ozone-filesystem-common-0.6.0-SNAPSHOT.jar:/home/user/.m2/repository/org/apache/hadoop/hadoop-ozone-tools/0.6.0-SNAPSHOT/hadoop-ozone-tools-0.6.0-SNAPSHOT.jar:/home/user/.m2/repository/org/apache/hadoop/hadoop-hdfs/3.2.1/hadoop-hdfs-3.2.1.jar:/home/user/.m2/repository/org/apache/ratis/ratis-tools/0.6.0-6ab75ae-SNAPSHOT/ratis-tools-0.6.0-6ab75ae-SNAPSHOT.jar:/home/user/.m2/repository/org/apache/ratis/ratis-proto/0.6.0-6ab75ae-SNAPSHOT/ratis-proto-0.6.0-6ab75ae-SNAPSHOT.jar:/home/user/.m2/repository/org/apache/ratis/ratis-common/0.6.0-6ab75ae-SNAPSHOT/ratis-common-0.6.0-6ab75ae-SNAPSHOT.jar:/home/user/.m2/repository/com/amazonaws/aws-java-sdk-core/1.11.615/aws-java-sdk-core-1.11.615.jar:/home/user/.m2/repository/org/apache/httpcomponents/httpclient/4.5.2/httpclient-4.5.2.jar:/home/user/.m2/repository/org/apache/httpcomponents/httpcore/4.4.4/httpcore-4.4.4.jar:/home/user/.m2/repository/software/amazon/ion/ion-java/1.0.2/ion-java-1.0.2.jar:/home/user/.m2/repository/com/fasterxml/jackson/dataformat/jackson-dataformat-cbor/2.10.3/jackson-dataformat-cbor-2.10.3.jar:/home/user/.m2/repository/joda-time/joda-time/2.8.1/joda-time-2.8.1.jar:/home/user/.m2/repository/com/amazonaws/aws-java-sdk-s3/1.11.615/aws-java-sdk-s3-1.11.615.jar:/home/user/.m2/repository/com/amazonaws/aws-java-sdk-kms/1.11.615/aws-java-sdk-kms-1.11.615.jar:/home/user/.m2/repository/com/amazonaws/jmespath-java/1.11.615/jmespath-java-1.11.615.jar:/home/user/.m2/repository/org/apache/hadoop/hadoop-hdds-tools/0.6.0-SNAPSHOT/hadoop-hdds-tools-0.6.0-SNAPSHOT.jar:/home/user/.m2/repository/commons-cli/commons-cli/1.2/commons-cli-1.2.jar:/home/user/.m2/repository/org/apache/commons/commons-lang3/3.7/commons-lang3-3.7.jar:/home/user/.m2/repository/org/apache/hadoop/hadoop-ozone-ozone-manager/0.6.0-SNAPSHOT/hadoop-ozone-ozone-manager-0.6.0-SNAPSHOT-tests.jar:/home/user/.m2/repository/junit/junit/4.11/junit-4.11.jar:/home/user/.m2/repository/org/hamcrest/hamcrest-core/1.3/hamcrest-core-1.3.jar:/home/user/.m2/repository/org/openjdk/jmh/jmh-core/1.19/jmh-core-1.19.jar:/home/user/.m2/repository/net/sf/jopt-simple/jopt-simple/4.6/jopt-simple-4.6.jar:/home/user/.m2/repository/org/apache/commons/commons-math3/3.1.1/commons-math3-3.1.1.jar:/home/user/.m2/repository/org/openjdk/jmh/jmh-generator-annprocess/1.19/jmh-generator-annprocess-1.19.jar:/home/user/.m2/repository/org/mockito/mockito-all/1.8.5/mockito-all-1.8.5.jar:/home/user/.m2/repository/org/apache/hadoop/hadoop-kms/3.2.1/hadoop-kms-3.2.1.jar:/home/user/.m2/repository/org/apache/hadoop/hadoop-auth/3.2.1/hadoop-auth-3.2.1.jar:/home/user/.m2/repository/com/nimbusds/nimbus-jose-jwt/7.9/nimbus-jose-jwt-7.9.jar:/home/user/.m2/repository/com/github/stephenc/jcip/jcip-annotations/1.0-1/jcip-annotations-1.0-1.jar:/home/user/.m2/repository/net/minidev/json-smart/2.3/json-smart-2.3.jar:/home/user/.m2/repository/net/minidev/accessors-smart/1.2/accessors-smart-1.2.jar:/home/user/.m2/repository/org/ow2/asm/asm/5.0.4/asm-5.0.4.jar:/home/user/.m2/repository/org/apache/zookeeper/zookeeper/3.4.13/zookeeper-3.4.13.jar:/home/user/.m2/repository/org/apache/yetus/audience-annotations/0.5.0/audience-annotations-0.5.0.jar:/home/user/.m2/repository/org/apache/curator/curator-framework/2.13.0/curator-framework-2.13.0.jar:/home/user/.m2/repository/com/sun/jersey/jersey-core/1.19/jersey-core-1.19.jar:/home/user/.m2/repository/javax/ws/rs/jsr311-api/1.1.1/jsr311-api-1.1.1.jar:/home/user/.m2/repository/com/sun/jersey/jersey-server/1.19/jersey-server-1.19.jar:/home/user/.m2/repository/javax/servlet/javax.servlet-api/3.1.0/javax.servlet-api-3.1.0.jar:/home/user/.m2/repository/org/eclipse/jetty/jetty-server/9.4.26.v20200117/jetty-server-9.4.26.v20200117.jar:/home/user/.m2/repository/org/eclipse/jetty/jetty-http/9.4.26.v20200117/jetty-http-9.4.26.v20200117.jar:/home/user/.m2/repository/org/eclipse/jetty/jetty-io/9.4.26.v20200117/jetty-io-9.4.26.v20200117.jar:/home/user/.m2/repository/org/eclipse/jetty/jetty-webapp/9.4.26.v20200117/jetty-webapp-9.4.26.v20200117.jar:/home/user/.m2/repository/org/eclipse/jetty/jetty-xml/9.4.26.v20200117/jetty-xml-9.4.26.v20200117.jar:/home/user/.m2/repository/org/eclipse/jetty/jetty-servlet/9.4.26.v20200117/jetty-servlet-9.4.26.v20200117.jar:/home/user/.m2/repository/org/eclipse/jetty/jetty-security/9.4.26.v20200117/jetty-security-9.4.26.v20200117.jar:/home/user/.m2/repository/org/apache/hadoop/hadoop-common/3.2.1/hadoop-common-3.2.1.jar:/home/user/.m2/repository/commons-net/commons-net/3.6/commons-net-3.6.jar:/home/user/.m2/repository/commons-collections/commons-collections/3.2.2/commons-collections-3.2.2.jar:/home/user/.m2/repository/com/sun/jersey/jersey-servlet/1.19/jersey-servlet-1.19.jar:/home/user/.m2/repository/com/sun/jersey/jersey-json/1.19/jersey-json-1.19.jar:/home/user/.m2/repository/org/codehaus/jettison/jettison/1.1/jettison-1.1.jar:/home/user/.m2/repository/org/codehaus/jackson/jackson-jaxrs/1.9.2/jackson-jaxrs-1.9.2.jar:/home/user/.m2/repository/org/codehaus/jackson/jackson-xc/1.9.2/jackson-xc-1.9.2.jar:/home/user/.m2/repository/commons-beanutils/commons-beanutils/1.9.4/commons-beanutils-1.9.4.jar:/home/user/.m2/repository/org/apache/commons/commons-configuration2/2.1.1/commons-configuration2-2.1.1.jar:/home/user/.m2/repository/org/apache/commons/commons-text/1.4/commons-text-1.4.jar:/home/user/.m2/repository/com/google/re2j/re2j/1.1/re2j-1.1.jar:/home/user/.m2/repository/com/jcraft/jsch/0.1.54/jsch-0.1.54.jar:/home/user/.m2/repository/org/apache/curator/curator-client/2.13.0/curator-client-2.13.0.jar:/home/user/.m2/repository/org/apache/curator/curator-recipes/2.13.0/curator-recipes-2.13.0.jar:/home/user/.m2/repository/dnsjava/dnsjava/2.1.7/dnsjava-2.1.7.jar:/home/user/.m2/repository/org/slf4j/jul-to-slf4j/1.7.25/jul-to-slf4j-1.7.25.jar:/home/user/.m2/repository/org/eclipse/jetty/jetty-util/9.4.26.v20200117/jetty-util-9.4.26.v20200117.jar:/home/user/.m2/repository/com/fasterxml/jackson/core/jackson-databind/2.10.3/jackson-databind-2.10.3.jar:/home/user/.m2/repository/org/apache/hadoop/hadoop-kms/3.2.1/hadoop-kms-3.2.1-tests.jar:/home/user/.m2/repository/org/apache/hadoop/hadoop-hdds-server-scm/0.6.0-SNAPSHOT/hadoop-hdds-server-scm-0.6.0-SNAPSHOT-tests.jar:/home/user/.m2/repository/org/apache/hadoop/hadoop-hdds-container-service/0.6.0-SNAPSHOT/hadoop-hdds-container-service-0.6.0-SNAPSHOT-tests.jar:/home/user/.m2/repository/org/apache/hadoop/hadoop-hdds-common/0.6.0-SNAPSHOT/hadoop-hdds-common-0.6.0-SNAPSHOT-tests.jar:/home/user/.m2/repository/org/yaml/snakeyaml/1.16/snakeyaml-1.16.jar:/home/user/.m2/repository/org/apache/hadoop/hadoop-hdds-hadoop-dependency-test/0.6.0-SNAPSHOT/hadoop-hdds-hadoop-dependency-test-0.6.0-SNAPSHOT.jar:/home/user/.m2/repository/org/apache/hadoop/hadoop-common/3.2.1/hadoop-common-3.2.1-tests.jar:/home/user/.m2/repository/javax/servlet/jsp/jsp-api/2.1/jsp-api-2.1.jar:/home/user/.m2/repository/org/apache/hadoop/hadoop-hdfs/3.2.1/hadoop-hdfs-3.2.1-tests.jar:/home/user/.m2/repository/org/eclipse/jetty/jetty-util-ajax/9.4.26.v20200117/jetty-util-ajax-9.4.26.v20200117.jar:/home/user/.m2/repository/commons-codec/commons-codec/1.11/commons-codec-1.11.jar:/home/user/.m2/repository/commons-daemon/commons-daemon/1.0.13/commons-daemon-1.0.13.jar:/home/user/.m2/repository/io/netty/netty/3.10.5.Final/netty-3.10.5.Final.jar:/home/user/.m2/repository/io/netty/netty-all/4.1.48.Final/netty-all-4.1.48.Final.jar:/home/user/.m2/repository/org/apache/htrace/htrace-core4/4.1.0-incubating/htrace-core4-4.1.0-incubating.jar:/home/user/.m2/repository/org/fusesource/leveldbjni/leveldbjni-all/1.8/leveldbjni-all-1.8.jar:/home/user/.m2/repository/org/apache/hadoop/hadoop-distcp/3.2.1/hadoop-distcp-3.2.1.jar:/home/user/.m2/repository/org/apache/hadoop/hadoop-mapreduce-client-jobclient/3.2.1/hadoop-mapreduce-client-jobclient-3.2.1.jar:/home/user/.m2/repository/org/apache/hadoop/hadoop-mapreduce-client-common/3.2.1/hadoop-mapreduce-client-common-3.2.1.jar:/home/user/.m2/repository/org/apache/hadoop/hadoop-yarn-common/3.2.1/hadoop-yarn-common-3.2.1.jar:/home/user/.m2/repository/org/apache/hadoop/hadoop-yarn-api/3.2.1/hadoop-yarn-api-3.2.1.jar:/home/user/.m2/repository/com/sun/jersey/jersey-client/1.19/jersey-client-1.19.jar:/home/user/.m2/repository/com/sun/jersey/contribs/jersey-guice/1.19/jersey-guice-1.19.jar:/home/user/.m2/repository/com/fasterxml/jackson/jaxrs/jackson-jaxrs-json-provider/2.10.3/jackson-jaxrs-json-provider-2.10.3.jar:/home/user/.m2/repository/com/fasterxml/jackson/jaxrs/jackson-jaxrs-base/2.10.3/jackson-jaxrs-base-2.10.3.jar:/home/user/.m2/repository/org/apache/hadoop/hadoop-yarn-client/3.2.1/hadoop-yarn-client-3.2.1.jar:/home/user/.m2/repository/org/apache/hadoop/hadoop-mapreduce-client-core/3.2.1/hadoop-mapreduce-client-core-3.2.1.jar:/home/user/.m2/repository/org/apache/avro/avro/1.7.7/avro-1.7.7.jar:/home/user/.m2/repository/org/codehaus/jackson/jackson-core-asl/1.9.13/jackson-core-asl-1.9.13.jar:/home/user/.m2/repository/org/codehaus/jackson/jackson-mapper-asl/1.9.13/jackson-mapper-asl-1.9.13.jar:/home/user/.m2/repository/com/thoughtworks/paranamer/paranamer/2.3/paranamer-2.3.jar:/home/user/.m2/repository/org/xerial/snappy/snappy-java/1.0.5/snappy-java-1.0.5.jar:/home/user/.m2/repository/org/apache/hadoop/hadoop-annotations/3.2.1/hadoop-annotations-3.2.1.jar:/usr/lib/jvm/java-1.8.0-openjdk-1.8.0.232.b09-0.el7_7.x86_64/jre/../lib/tools.jar:/home/user/.m2/repository/org/apache/hadoop/hadoop-distcp/3.2.1/hadoop-distcp-3.2.1-tests.jar:"/>
    <property name="sun.cpu.endian" value="little"/>
    <property name="user.home" value="/home/user"/>
    <property name="user.language" value="en"/>
    <property name="java.specification.vendor" value="Oracle Corporation"/>
    <property name="java.home" value="/usr/lib/jvm/java-1.8.0-openjdk-1.8.0.232.b09-0.el7_7.x86_64/jre"/>
    <property name="java.security.krb5.conf" value="/github/workspace/mnt/ozone/hadoop-ozone/integration-test/target/test-classes/krb5.conf"/>
    <property name="basedir" value="/github/workspace/mnt/ozone/hadoop-ozone/integration-test"/>
    <property name="file.separator" value="/"/>
    <property name="line.separator" value="&#10;"/>
    <property name="java.vm.specification.vendor" value="Oracle Corporation"/>
    <property name="java.specification.name" value="Java Platform API Specification"/>
    <property name="java.awt.graphicsenv" value="sun.awt.X11GraphicsEnvironment"/>
    <property name="skip.installnpx" value="true"/>
    <property name="surefire.real.class.path" value="/github/workspace/mnt/ozone/hadoop-ozone/integration-test/target/surefire/surefirebooter1528323762748667184.jar:/home/user/.m2/repository/org/jacoco/org.jacoco.agent/0.8.5/org.jacoco.agent-0.8.5-runtime.jar"/>
    <property name="hadoop.log.dir" value="/github/workspace/mnt/ozone/hadoop-ozone/integration-test/target/log"/>
    <property name="sun.boot.class.path" value="/usr/lib/jvm/java-1.8.0-openjdk-1.8.0.232.b09-0.el7_7.x86_64/jre/lib/resources.jar:/usr/lib/jvm/java-1.8.0-openjdk-1.8.0.232.b09-0.el7_7.x86_64/jre/lib/rt.jar:/usr/lib/jvm/java-1.8.0-openjdk-1.8.0.232.b09-0.el7_7.x86_64/jre/lib/sunrsasign.jar:/usr/lib/jvm/java-1.8.0-openjdk-1.8.0.232.b09-0.el7_7.x86_64/jre/lib/jsse.jar:/usr/lib/jvm/java-1.8.0-openjdk-1.8.0.232.b09-0.el7_7.x86_64/jre/lib/jce.jar:/usr/lib/jvm/java-1.8.0-openjdk-1.8.0.232.b09-0.el7_7.x86_64/jre/lib/charsets.jar:/usr/lib/jvm/java-1.8.0-openjdk-1.8.0.232.b09-0.el7_7.x86_64/jre/lib/jfr.jar:/usr/lib/jvm/java-1.8.0-openjdk-1.8.0.232.b09-0.el7_7.x86_64/jre/classes"/>
    <property name="sun.management.compiler" value="HotSpot 64-Bit Tiered Compilers"/>
    <property name="skip.npx" value="true"/>
    <property name="java.runtime.version" value="1.8.0_232-b09"/>
    <property name="java.net.preferIPv4Stack" value="true"/>
    <property name="user.name" value="jenkins1001"/>
    <property name="path.separator" value=":"/>
    <property name="java.security.egd" value="file:///dev/urandom"/>
    <property name="os.version" value="5.3.0-1031-azure"/>
    <property name="java.endorsed.dirs" value="/usr/lib/jvm/java-1.8.0-openjdk-1.8.0.232.b09-0.el7_7.x86_64/jre/lib/endorsed"/>
    <property name="java.runtime.name" value="OpenJDK Runtime Environment"/>
    <property name="file.encoding" value="ANSI_X3.4-1968"/>
    <property name="java.vm.name" value="OpenJDK 64-Bit Server VM"/>
    <property name="test.build.webapps" value=""/>
    <property name="localRepository" value="/home/user/.m2/repository"/>
    <property name="java.vendor.url.bug" value="http://bugreport.sun.com/bugreport/"/>
    <property name="java.io.tmpdir" value="/tmp"/>
    <property name="require.test.libhadoop" value=""/>
    <property name="java.version" value="1.8.0_232"/>
    <property name="user.dir" value="/github/workspace/mnt/ozone/hadoop-ozone/integration-test"/>
    <property name="os.arch" value="amd64"/>
    <property name="java.vm.specification.name" value="Java Virtual Machine Specification"/>
    <property name="test.build.classes" value="/github/workspace/mnt/ozone/hadoop-ozone/integration-test/target/test-classes"/>
    <property name="java.awt.printerjob" value="sun.print.PSPrinterJob"/>
    <property name="sun.os.patch.level" value="unknown"/>
    <property name="hadoop.tmp.dir" value="/github/workspace/mnt/ozone/hadoop-ozone/integration-test/target/tmp"/>
    <property name="java.library.path" value="/usr/lib:/usr/java/packages/lib/amd64:/usr/lib64:/lib64:/lib:/usr/lib"/>
    <property name="java.vm.info" value="mixed mode"/>
    <property name="java.vendor" value="Oracle Corporation"/>
    <property name="java.vm.version" value="25.232-b09"/>
    <property name="java.ext.dirs" value="/usr/lib/jvm/java-1.8.0-openjdk-1.8.0.232.b09-0.el7_7.x86_64/jre/lib/ext:/usr/java/packages/lib/ext"/>
    <property name="sun.io.unicode.encoding" value="UnicodeLittle"/>
    <property name="java.class.version" value="52.0"/>
  </properties>
  <testcase name="testPipelineExclusionWithPipelineFailure" classname="org.apache.hadoop.ozone.client.rpc.TestFailureHandlingByClient" time="81.867"/>
  <testcase name="testContainerExclusionWithClosedContainerException" classname="org.apache.hadoop.ozone.client.rpc.TestFailureHandlingByClient" time="39.4">
    <failure type="java.lang.AssertionError">java.lang.AssertionError
	at org.junit.Assert.fail(Assert.java:86)
	at org.junit.Assert.assertTrue(Assert.java:41)
	at org.junit.Assert.assertFalse(Assert.java:64)
	at org.junit.Assert.assertFalse(Assert.java:74)
	at org.apache.hadoop.ozone.container.TestHelper.waitForContainerClose(TestHelper.java:270)
	at org.apache.hadoop.ozone.client.rpc.TestFailureHandlingByClient.testContainerExclusionWithClosedContainerException(TestFailureHandlingByClient.java:273)
	at sun.reflect.NativeMethodAccessorImpl.invoke0(Native Method)
	at sun.reflect.NativeMethodAccessorImpl.invoke(NativeMethodAccessorImpl.java:62)
	at sun.reflect.DelegatingMethodAccessorImpl.invoke(DelegatingMethodAccessorImpl.java:43)
	at java.lang.reflect.Method.invoke(Method.java:498)
	at org.junit.runners.model.FrameworkMethod$1.runReflectiveCall(FrameworkMethod.java:47)
	at org.junit.internal.runners.model.ReflectiveCallable.run(ReflectiveCallable.java:12)
	at org.junit.runners.model.FrameworkMethod.invokeExplosively(FrameworkMethod.java:44)
	at org.junit.internal.runners.statements.InvokeMethod.evaluate(InvokeMethod.java:17)
	at org.junit.internal.runners.statements.RunAfters.evaluate(RunAfters.java:27)
	at org.junit.internal.runners.statements.FailOnTimeout$StatementThread.run(FailOnTimeout.java:74)
</failure>
    <system-out><![CDATA[2020-07-02 08:47:35,171 [Thread-963] WARN  server.ServerUtils (ServerUtils.java:getScmDbDir(148)) - ozone.scm.db.dirs is not configured. We recommend adding this setting. Falling back to ozone.metadata.dirs instead.
2020-07-02 08:47:35,173 [Thread-963] WARN  server.ServerUtils (ServerUtils.java:getScmDbDir(148)) - ozone.scm.db.dirs is not configured. We recommend adding this setting. Falling back to ozone.metadata.dirs instead.
2020-07-02 08:47:35,174 [Thread-963] WARN  db.DBStoreBuilder (DBStoreBuilder.java:createDBStoreBuilder(277)) - ozone.scm.db.dirs is not configured. We recommend adding this setting. Falling back to ozone.metadata.dirs instead.
2020-07-02 08:47:35,205 [Thread-963] INFO  net.NodeSchemaLoader (NodeSchemaLoader.java:loadSchemaFromFile(126)) - Loading file from sun.misc.CompoundEnumeration@7408ee46
2020-07-02 08:47:35,205 [Thread-963] INFO  net.NodeSchemaLoader (NodeSchemaLoader.java:loadSchema(172)) - Loading network topology layer schema file
2020-07-02 08:47:35,208 [Thread-963] INFO  node.SCMNodeManager (SCMNodeManager.java:<init>(116)) - Entering startup safe mode.
2020-07-02 08:47:35,209 [Thread-963] INFO  algorithms.ContainerPlacementPolicyFactory (ContainerPlacementPolicyFactory.java:getPolicy(60)) - Create container placement policy of type org.apache.hadoop.hdds.scm.container.placement.algorithms.SCMContainerPlacementRandom
2020-07-02 08:47:35,209 [Thread-963] INFO  pipeline.SCMPipelineManager (SCMPipelineManager.java:initializePipelineState(158)) - No pipeline exists in current db
2020-07-02 08:47:35,210 [Thread-963] INFO  safemode.HealthyPipelineSafeModeRule (HealthyPipelineSafeModeRule.java:<init>(89)) - Total pipeline count is 0, healthy pipeline threshold count is 0
2020-07-02 08:47:35,211 [Thread-963] INFO  safemode.OneReplicaPipelineSafeModeRule (OneReplicaPipelineSafeModeRule.java:<init>(79)) - Total pipeline count is 0, pipeline's with at least one datanode reported threshold count is 0
2020-07-02 08:47:35,212 [RatisPipelineUtilsThread] ERROR pipeline.SCMPipelineManager (SCMPipelineManager.java:createPipeline(222)) - Failed to create pipeline of type RATIS and factor ONE. Exception: Cannot create pipeline of factor 1 using 0 nodes. Used 0 nodes. Healthy nodes 0
2020-07-02 08:47:35,212 [Thread-963] INFO  ipc.CallQueueManager (CallQueueManager.java:<init>(84)) - Using callQueue: class java.util.concurrent.LinkedBlockingQueue, queueCapacity: 2000, scheduler: class org.apache.hadoop.ipc.DefaultRpcScheduler, ipcBackoff: false.
2020-07-02 08:47:35,212 [Socket Reader #1 for port 0] INFO  ipc.Server (Server.java:run(1219)) - Starting Socket Reader #1 for port 0
2020-07-02 08:47:35,213 [Listener at 0.0.0.0/33313] INFO  ipc.CallQueueManager (CallQueueManager.java:<init>(84)) - Using callQueue: class java.util.concurrent.LinkedBlockingQueue, queueCapacity: 2000, scheduler: class org.apache.hadoop.ipc.DefaultRpcScheduler, ipcBackoff: false.
2020-07-02 08:47:35,218 [Socket Reader #1 for port 0] INFO  ipc.Server (Server.java:run(1219)) - Starting Socket Reader #1 for port 0
2020-07-02 08:47:35,219 [Listener at 0.0.0.0/43901] INFO  ipc.CallQueueManager (CallQueueManager.java:<init>(84)) - Using callQueue: class java.util.concurrent.LinkedBlockingQueue, queueCapacity: 2000, scheduler: class org.apache.hadoop.ipc.DefaultRpcScheduler, ipcBackoff: false.
2020-07-02 08:47:35,219 [Socket Reader #1 for port 0] INFO  ipc.Server (Server.java:run(1219)) - Starting Socket Reader #1 for port 0
2020-07-02 08:47:35,225 [Listener at 0.0.0.0/39669] INFO  http.BaseHttpServer (BaseHttpServer.java:newHttpServer2BuilderForOzone(207)) - Starting Web-server for scm at: http://0.0.0.0:0
2020-07-02 08:47:35,225 [Listener at 0.0.0.0/39669] INFO  http.BaseHttpServer (BaseHttpServer.java:<init>(106)) - Hadoop Security Enabled: false Ozone Security Enabled: false Ozone HTTP Security Enabled: false 
2020-07-02 08:47:35,226 [Listener at 0.0.0.0/39669] INFO  server.AuthenticationFilter (AuthenticationFilter.java:constructSecretProvider(240)) - Unable to initialize FileSignerSecretProvider, falling back to use random secrets.
2020-07-02 08:47:35,227 [Listener at 0.0.0.0/39669] WARN  http.HttpRequestLog (HttpRequestLog.java:getRequestLog(103)) - Jetty request log can only be enabled using Log4j
2020-07-02 08:47:35,228 [Listener at 0.0.0.0/39669] INFO  http.HttpServer2 (HttpServer2.java:addGlobalFilter(998)) - Added global filter 'safety' (class=org.apache.hadoop.hdds.server.http.HttpServer2$QuotingInputFilter)
2020-07-02 08:47:35,228 [Listener at 0.0.0.0/39669] INFO  http.HttpServer2 (HttpServer2.java:addFilter(974)) - Added filter static_user_filter (class=org.apache.hadoop.http.lib.StaticUserWebFilter$StaticUserFilter) to context scm
2020-07-02 08:47:35,228 [Listener at 0.0.0.0/39669] INFO  http.HttpServer2 (HttpServer2.java:addFilter(982)) - Added filter static_user_filter (class=org.apache.hadoop.http.lib.StaticUserWebFilter$StaticUserFilter) to context static
2020-07-02 08:47:35,229 [Listener at 0.0.0.0/39669] INFO  http.HttpServer2 (HttpServer2.java:addFilter(982)) - Added filter static_user_filter (class=org.apache.hadoop.http.lib.StaticUserWebFilter$StaticUserFilter) to context logs
2020-07-02 08:47:35,231 [Listener at 0.0.0.0/39669] INFO  server.StorageContainerManager (StorageContainerManager.java:start(782)) - StorageContainerLocationProtocol RPC server is listening at /0.0.0.0:39669
2020-07-02 08:47:35,232 [Listener at 0.0.0.0/39669] WARN  impl.MetricsConfig (MetricsConfig.java:loadFirst(134)) - Cannot locate configuration: tried hadoop-metrics2-storagecontainermanager.properties,hadoop-metrics2.properties
2020-07-02 08:47:35,233 [Listener at 0.0.0.0/39669] INFO  impl.MetricsSystemImpl (MetricsSystemImpl.java:startTimer(374)) - Scheduled Metric snapshot period at 10 second(s).
2020-07-02 08:47:35,233 [Listener at 0.0.0.0/39669] INFO  impl.MetricsSystemImpl (MetricsSystemImpl.java:start(191)) - StorageContainerManager metrics system started
2020-07-02 08:47:35,249 [Listener at 0.0.0.0/39669] WARN  impl.MetricsSystemImpl (MetricsSystemImpl.java:register(276)) - Sink prometheus already exists!
2020-07-02 08:47:35,258 [Listener at 0.0.0.0/39669] INFO  server.SCMClientProtocolServer (SCMClientProtocolServer.java:start(156)) - RPC server for Client  is listening at /0.0.0.0:39669
2020-07-02 08:47:35,258 [IPC Server Responder] INFO  ipc.Server (Server.java:run(1460)) - IPC Server Responder: starting
2020-07-02 08:47:35,258 [IPC Server listener on 0] INFO  ipc.Server (Server.java:run(1298)) - IPC Server listener on 0: starting
2020-07-02 08:47:35,267 [Listener at 0.0.0.0/39669] INFO  server.StorageContainerManager (StorageContainerManager.java:start(794)) - ScmBlockLocationProtocol RPC server is listening at /0.0.0.0:43901
2020-07-02 08:47:35,268 [Listener at 0.0.0.0/39669] INFO  server.SCMBlockProtocolServer (SCMBlockProtocolServer.java:start(149)) - RPC server for Block Protocol is listening at /0.0.0.0:43901
2020-07-02 08:47:35,268 [IPC Server Responder] INFO  ipc.Server (Server.java:run(1460)) - IPC Server Responder: starting
2020-07-02 08:47:35,268 [IPC Server listener on 0] INFO  ipc.Server (Server.java:run(1298)) - IPC Server listener on 0: starting
2020-07-02 08:47:35,273 [Listener at 0.0.0.0/39669] INFO  server.StorageContainerManager (StorageContainerManager.java:start(800)) - ScmDatanodeProtocl RPC server is listening at /0.0.0.0:33313
2020-07-02 08:47:35,273 [Listener at 0.0.0.0/39669] INFO  server.SCMDatanodeProtocolServer (SCMDatanodeProtocolServer.java:start(172)) - RPC server for DataNodes is listening at /0.0.0.0:33313
2020-07-02 08:47:35,274 [IPC Server Responder] INFO  ipc.Server (Server.java:run(1460)) - IPC Server Responder: starting
2020-07-02 08:47:35,279 [IPC Server listener on 0] INFO  ipc.Server (Server.java:run(1298)) - IPC Server listener on 0: starting
2020-07-02 08:47:35,283 [Listener at 0.0.0.0/39669] INFO  http.HttpServer2 (HttpServer2.java:bindListener(1216)) - Jetty bound to port 45477
2020-07-02 08:47:35,284 [Listener at 0.0.0.0/39669] INFO  server.Server (Server.java:doStart(359)) - jetty-9.4.26.v20200117; built: 2020-01-17T12:35:33.676Z; git: 7b38981d25d14afb4a12ff1f2596756144edf695; jvm 1.8.0_232-b09
2020-07-02 08:47:35,286 [Listener at 0.0.0.0/39669] INFO  server.session (DefaultSessionIdManager.java:doStart(333)) - DefaultSessionIdManager workerName=node0
2020-07-02 08:47:35,286 [Listener at 0.0.0.0/39669] INFO  server.session (DefaultSessionIdManager.java:doStart(338)) - No SessionScavenger set, using defaults
2020-07-02 08:47:35,286 [Listener at 0.0.0.0/39669] INFO  server.session (HouseKeeper.java:startScavenging(140)) - node0 Scavenging every 660000ms
2020-07-02 08:47:35,290 [Listener at 0.0.0.0/39669] INFO  handler.ContextHandler (ContextHandler.java:doStart(825)) - Started o.e.j.s.ServletContextHandler@798ea658{logs,/logs,file:///github/workspace/mnt/ozone/hadoop-ozone/integration-test/target/log,AVAILABLE}
2020-07-02 08:47:35,290 [Listener at 0.0.0.0/39669] INFO  handler.ContextHandler (ContextHandler.java:doStart(825)) - Started o.e.j.s.ServletContextHandler@63d63a22{static,/static,file:///github/workspace/mnt/ozone/hadoop-ozone/integration-test/target/test-classes/webapps/static,AVAILABLE}
2020-07-02 08:47:35,293 [Listener at 0.0.0.0/39669] INFO  handler.ContextHandler (ContextHandler.java:doStart(825)) - Started o.e.j.w.WebAppContext@3fc37b11{scm,/,file:///github/workspace/mnt/ozone/hadoop-ozone/integration-test/target/test-classes/webapps/scm/,AVAILABLE}{file:/github/workspace/mnt/ozone/hadoop-ozone/integration-test/target/test-classes/webapps/scm}
2020-07-02 08:47:35,298 [Listener at 0.0.0.0/39669] INFO  server.AbstractConnector (AbstractConnector.java:doStart(330)) - Started ServerConnector@74935ebd{HTTP/1.1,[http/1.1]}{0.0.0.0:45477}
2020-07-02 08:47:35,298 [Listener at 0.0.0.0/39669] INFO  server.Server (Server.java:doStart(399)) - Started @82718ms
2020-07-02 08:47:35,298 [Listener at 0.0.0.0/39669] WARN  impl.MetricsSystemImpl (MetricsSystemImpl.java:register(276)) - Sink prometheus already exists!
2020-07-02 08:47:35,301 [Listener at 0.0.0.0/39669] INFO  http.BaseHttpServer (BaseHttpServer.java:updateConnectorAddress(327)) - HTTP server of scm listening at http://0.0.0.0:45477
2020-07-02 08:47:35,302 [Listener at 0.0.0.0/39669] WARN  server.ServerUtils (ServerUtils.java:getDBPath(225)) - ozone.om.db.dirs is not configured. We recommend adding this setting. Falling back to ozone.metadata.dirs instead.
2020-07-02 08:47:35,303 [org.apache.hadoop.util.JvmPauseMonitor$Monitor@1ab5acee] INFO  util.JvmPauseMonitor (JvmPauseMonitor.java:run(188)) - Starting JVM pause monitor
2020-07-02 08:47:35,304 [Listener at 0.0.0.0/39669] INFO  ha.OMHANodeDetails (OMHANodeDetails.java:loadOMHAConfig(104)) - ozone.om.internal.service.id is not defined, falling back to ozone.om.service.ids to find serviceID for OzoneManager if it is HA enabled cluster
2020-07-02 08:47:35,304 [Listener at 0.0.0.0/39669] INFO  ha.OMHANodeDetails (OMHANodeDetails.java:loadOMHAConfig(213)) - Configuration either no ozone.om.address set. Falling back to the default OM address /127.0.0.1:0
2020-07-02 08:47:35,304 [Listener at 0.0.0.0/39669] INFO  ha.OMHANodeDetails (OMHANodeDetails.java:getOMNodeDetails(241)) - OM Service ID is not set. Setting it to the default ID: omServiceIdDefault
2020-07-02 08:47:35,305 [Listener at 0.0.0.0/39669] WARN  server.ServerUtils (ServerUtils.java:getDBPath(225)) - ozone.om.db.dirs is not configured. We recommend adding this setting. Falling back to ozone.metadata.dirs instead.
2020-07-02 08:47:35,305 [Listener at 0.0.0.0/39669] WARN  server.ServerUtils (ServerUtils.java:getDBPath(225)) - ozone.om.db.dirs is not configured. We recommend adding this setting. Falling back to ozone.metadata.dirs instead.
2020-07-02 08:47:35,312 [Listener at 0.0.0.0/39669] WARN  server.ServerUtils (ServerUtils.java:getDBPath(225)) - ozone.om.db.dirs is not configured. We recommend adding this setting. Falling back to ozone.metadata.dirs instead.
2020-07-02 08:47:35,363 [Listener at 0.0.0.0/39669] INFO  ipc.CallQueueManager (CallQueueManager.java:<init>(84)) - Using callQueue: class java.util.concurrent.LinkedBlockingQueue, queueCapacity: 2000, scheduler: class org.apache.hadoop.ipc.DefaultRpcScheduler, ipcBackoff: false.
2020-07-02 08:47:35,364 [Socket Reader #1 for port 0] INFO  ipc.Server (Server.java:run(1219)) - Starting Socket Reader #1 for port 0
2020-07-02 08:47:35,377 [Listener at 127.0.0.1/44281] INFO  impl.MetricsSystemImpl (MetricsSystemImpl.java:init(158)) - OzoneManager metrics system started (again)
2020-07-02 08:47:35,377 [Listener at 127.0.0.1/44281] INFO  om.OzoneManager (OzoneManager.java:start(1083)) - OzoneManager RPC server is listening at localhost/127.0.0.1:44281
2020-07-02 08:47:35,379 [IPC Server Responder] INFO  ipc.Server (Server.java:run(1460)) - IPC Server Responder: starting
2020-07-02 08:47:35,379 [IPC Server listener on 0] INFO  ipc.Server (Server.java:run(1298)) - IPC Server listener on 0: starting
2020-07-02 08:47:35,393 [Listener at 127.0.0.1/44281] INFO  http.BaseHttpServer (BaseHttpServer.java:newHttpServer2BuilderForOzone(207)) - Starting Web-server for ozoneManager at: http://0.0.0.0:0
2020-07-02 08:47:35,393 [Listener at 127.0.0.1/44281] INFO  http.BaseHttpServer (BaseHttpServer.java:<init>(106)) - Hadoop Security Enabled: false Ozone Security Enabled: false Ozone HTTP Security Enabled: false 
2020-07-02 08:47:35,394 [Listener at 127.0.0.1/44281] INFO  server.AuthenticationFilter (AuthenticationFilter.java:constructSecretProvider(240)) - Unable to initialize FileSignerSecretProvider, falling back to use random secrets.
2020-07-02 08:47:35,395 [Listener at 127.0.0.1/44281] WARN  http.HttpRequestLog (HttpRequestLog.java:getRequestLog(103)) - Jetty request log can only be enabled using Log4j
2020-07-02 08:47:35,396 [Listener at 127.0.0.1/44281] INFO  http.HttpServer2 (HttpServer2.java:addGlobalFilter(998)) - Added global filter 'safety' (class=org.apache.hadoop.hdds.server.http.HttpServer2$QuotingInputFilter)
2020-07-02 08:47:35,396 [Listener at 127.0.0.1/44281] INFO  http.HttpServer2 (HttpServer2.java:addFilter(974)) - Added filter static_user_filter (class=org.apache.hadoop.http.lib.StaticUserWebFilter$StaticUserFilter) to context ozoneManager
2020-07-02 08:47:35,396 [Listener at 127.0.0.1/44281] INFO  http.HttpServer2 (HttpServer2.java:addFilter(982)) - Added filter static_user_filter (class=org.apache.hadoop.http.lib.StaticUserWebFilter$StaticUserFilter) to context logs
2020-07-02 08:47:35,396 [Listener at 127.0.0.1/44281] INFO  http.HttpServer2 (HttpServer2.java:addFilter(982)) - Added filter static_user_filter (class=org.apache.hadoop.http.lib.StaticUserWebFilter$StaticUserFilter) to context static
2020-07-02 08:47:35,397 [Listener at 127.0.0.1/44281] INFO  http.HttpServer2 (HttpServer2.java:bindListener(1216)) - Jetty bound to port 33805
2020-07-02 08:47:35,397 [Listener at 127.0.0.1/44281] INFO  server.Server (Server.java:doStart(359)) - jetty-9.4.26.v20200117; built: 2020-01-17T12:35:33.676Z; git: 7b38981d25d14afb4a12ff1f2596756144edf695; jvm 1.8.0_232-b09
2020-07-02 08:47:35,398 [Listener at 127.0.0.1/44281] INFO  server.session (DefaultSessionIdManager.java:doStart(333)) - DefaultSessionIdManager workerName=node0
2020-07-02 08:47:35,398 [Listener at 127.0.0.1/44281] INFO  server.session (DefaultSessionIdManager.java:doStart(338)) - No SessionScavenger set, using defaults
2020-07-02 08:47:35,398 [Listener at 127.0.0.1/44281] INFO  server.session (HouseKeeper.java:startScavenging(140)) - node0 Scavenging every 660000ms
2020-07-02 08:47:35,399 [Listener at 127.0.0.1/44281] INFO  handler.ContextHandler (ContextHandler.java:doStart(825)) - Started o.e.j.s.ServletContextHandler@1fc65360{logs,/logs,file:///github/workspace/mnt/ozone/hadoop-ozone/integration-test/target/log,AVAILABLE}
2020-07-02 08:47:35,399 [Listener at 127.0.0.1/44281] INFO  handler.ContextHandler (ContextHandler.java:doStart(825)) - Started o.e.j.s.ServletContextHandler@5d759acf{static,/static,file:///github/workspace/mnt/ozone/hadoop-ozone/integration-test/target/test-classes/webapps/static,AVAILABLE}
2020-07-02 08:47:35,402 [Listener at 127.0.0.1/44281] INFO  handler.ContextHandler (ContextHandler.java:doStart(825)) - Started o.e.j.w.WebAppContext@633b4785{ozoneManager,/,file:///github/workspace/mnt/ozone/hadoop-ozone/integration-test/target/test-classes/webapps/ozoneManager/,AVAILABLE}{file:/github/workspace/mnt/ozone/hadoop-ozone/integration-test/target/test-classes/webapps/ozoneManager}
2020-07-02 08:47:35,403 [Listener at 127.0.0.1/44281] INFO  server.AbstractConnector (AbstractConnector.java:doStart(330)) - Started ServerConnector@5afa1567{HTTP/1.1,[http/1.1]}{0.0.0.0:33805}
2020-07-02 08:47:35,403 [Listener at 127.0.0.1/44281] INFO  server.Server (Server.java:doStart(399)) - Started @82823ms
2020-07-02 08:47:35,403 [Listener at 127.0.0.1/44281] WARN  impl.MetricsSystemImpl (MetricsSystemImpl.java:register(276)) - Sink prometheus already exists!
2020-07-02 08:47:35,406 [Listener at 127.0.0.1/44281] INFO  http.BaseHttpServer (BaseHttpServer.java:updateConnectorAddress(327)) - HTTP server of ozoneManager listening at http://0.0.0.0:33805
2020-07-02 08:47:35,408 [org.apache.hadoop.util.JvmPauseMonitor$Monitor@5e496221] INFO  util.JvmPauseMonitor (JvmPauseMonitor.java:run(188)) - Starting JVM pause monitor
2020-07-02 08:47:35,424 [Listener at 127.0.0.1/44281] INFO  impl.MetricsSystemImpl (MetricsSystemImpl.java:init(158)) - HddsDatanode metrics system started (again)
2020-07-02 08:47:35,426 [Listener at 127.0.0.1/44281] INFO  ozone.HddsDatanodeService (HddsDatanodeService.java:start(197)) - HddsDatanodeService host:06760bff8a89 ip:172.17.0.2
2020-07-02 08:47:35,430 [Listener at 127.0.0.1/44281] INFO  volume.HddsVolume (HddsVolume.java:<init>(176)) - Creating Volume: /github/workspace/mnt/ozone/hadoop-ozone/integration-test/target/test-dir/MiniOzoneClusterImpl-2ea21c0c-9bca-4642-a989-259fb4fcb281/datanode-0/data-0/containers/hdds of storage type : DISK and capacity : 9223372036854775807
2020-07-02 08:47:35,430 [Listener at 127.0.0.1/44281] INFO  volume.MutableVolumeSet (MutableVolumeSet.java:initializeVolumeSet(181)) - Added Volume : /github/workspace/mnt/ozone/hadoop-ozone/integration-test/target/test-dir/MiniOzoneClusterImpl-2ea21c0c-9bca-4642-a989-259fb4fcb281/datanode-0/data-0/containers/hdds to VolumeSet
2020-07-02 08:47:35,430 [Listener at 127.0.0.1/44281] INFO  volume.ThrottledAsyncChecker (ThrottledAsyncChecker.java:schedule(141)) - Scheduling a check for /github/workspace/mnt/ozone/hadoop-ozone/integration-test/target/test-dir/MiniOzoneClusterImpl-2ea21c0c-9bca-4642-a989-259fb4fcb281/datanode-0/data-0/containers/hdds
2020-07-02 08:47:35,434 [Listener at 127.0.0.1/44281] INFO  volume.HddsVolumeChecker (HddsVolumeChecker.java:checkAllVolumes(200)) - Scheduled health check for volume /github/workspace/mnt/ozone/hadoop-ozone/integration-test/target/test-dir/MiniOzoneClusterImpl-2ea21c0c-9bca-4642-a989-259fb4fcb281/datanode-0/data-0/containers/hdds
2020-07-02 08:47:35,449 [Listener at 127.0.0.1/44281] INFO  impl.RaftServerProxy (ConfUtils.java:logGet(44)) - raft.rpc.type = GRPC (default)
2020-07-02 08:47:35,450 [Listener at 127.0.0.1/44281] INFO  grpc.GrpcFactory (GrpcFactory.java:checkPooledByteBufAllocatorUseCacheForAllThreads(45)) - PERFORMANCE WARNING: useCacheForAllThreads is true that may cause Netty to create a lot garbage objects and, as a result, trigger GC.
	It is recommended to disable useCacheForAllThreads by setting -Dorg.apache.ratis.thirdparty.io.netty.allocator.useCacheForAllThreads=false in command line.
2020-07-02 08:47:35,450 [Listener at 127.0.0.1/44281] INFO  grpc.GrpcConfigKeys (ConfUtils.java:logGet(44)) - raft.grpc.server.port = 0 (default)
2020-07-02 08:47:35,450 [Listener at 127.0.0.1/44281] INFO  server.GrpcService (ConfUtils.java:logGet(44)) - raft.grpc.message.size.max = 32MB (=33554432) (custom)
2020-07-02 08:47:35,450 [Listener at 127.0.0.1/44281] INFO  server.RaftServerConfigKeys (ConfUtils.java:logGet(44)) - raft.server.log.appender.buffer.byte-limit = 33554432 (custom)
2020-07-02 08:47:35,450 [Listener at 127.0.0.1/44281] INFO  server.GrpcService (ConfUtils.java:logGet(44)) - raft.grpc.flow.control.window = 5MB (=5242880) (custom)
2020-07-02 08:47:35,450 [Listener at 127.0.0.1/44281] INFO  server.RaftServerConfigKeys (ConfUtils.java:logGet(44)) - raft.server.rpc.request.timeout = 3000ms (default)
2020-07-02 08:47:35,451 [Listener at 127.0.0.1/44281] INFO  server.RaftServerConfigKeys (ConfUtils.java:logGet(44)) - raft.server.storage.dir = [/github/workspace/mnt/ozone/hadoop-ozone/integration-test/target/test-dir/MiniOzoneClusterImpl-2ea21c0c-9bca-4642-a989-259fb4fcb281/datanode-0/data/ratis] (custom)
2020-07-02 08:47:35,455 [Listener at 127.0.0.1/44281] INFO  http.BaseHttpServer (BaseHttpServer.java:newHttpServer2BuilderForOzone(207)) - Starting Web-server for hddsDatanode at: http://0.0.0.0:0
2020-07-02 08:47:35,455 [Listener at 127.0.0.1/44281] INFO  http.BaseHttpServer (BaseHttpServer.java:<init>(106)) - Hadoop Security Enabled: false Ozone Security Enabled: false Ozone HTTP Security Enabled: false 
2020-07-02 08:47:35,456 [Listener at 127.0.0.1/44281] INFO  server.AuthenticationFilter (AuthenticationFilter.java:constructSecretProvider(240)) - Unable to initialize FileSignerSecretProvider, falling back to use random secrets.
2020-07-02 08:47:35,456 [Listener at 127.0.0.1/44281] WARN  http.HttpRequestLog (HttpRequestLog.java:getRequestLog(103)) - Jetty request log can only be enabled using Log4j
2020-07-02 08:47:35,457 [Listener at 127.0.0.1/44281] INFO  http.HttpServer2 (HttpServer2.java:addGlobalFilter(998)) - Added global filter 'safety' (class=org.apache.hadoop.hdds.server.http.HttpServer2$QuotingInputFilter)
2020-07-02 08:47:35,457 [Listener at 127.0.0.1/44281] INFO  http.HttpServer2 (HttpServer2.java:addFilter(974)) - Added filter static_user_filter (class=org.apache.hadoop.http.lib.StaticUserWebFilter$StaticUserFilter) to context hddsDatanode
2020-07-02 08:47:35,457 [Listener at 127.0.0.1/44281] INFO  http.HttpServer2 (HttpServer2.java:addFilter(982)) - Added filter static_user_filter (class=org.apache.hadoop.http.lib.StaticUserWebFilter$StaticUserFilter) to context static
2020-07-02 08:47:35,457 [Listener at 127.0.0.1/44281] INFO  http.HttpServer2 (HttpServer2.java:addFilter(982)) - Added filter static_user_filter (class=org.apache.hadoop.http.lib.StaticUserWebFilter$StaticUserFilter) to context logs
2020-07-02 08:47:35,458 [Listener at 127.0.0.1/44281] INFO  http.HttpServer2 (HttpServer2.java:bindListener(1216)) - Jetty bound to port 39609
2020-07-02 08:47:35,458 [Listener at 127.0.0.1/44281] INFO  server.Server (Server.java:doStart(359)) - jetty-9.4.26.v20200117; built: 2020-01-17T12:35:33.676Z; git: 7b38981d25d14afb4a12ff1f2596756144edf695; jvm 1.8.0_232-b09
2020-07-02 08:47:35,462 [Listener at 127.0.0.1/44281] INFO  server.session (DefaultSessionIdManager.java:doStart(333)) - DefaultSessionIdManager workerName=node0
2020-07-02 08:47:35,462 [Listener at 127.0.0.1/44281] INFO  server.session (DefaultSessionIdManager.java:doStart(338)) - No SessionScavenger set, using defaults
2020-07-02 08:47:35,462 [Listener at 127.0.0.1/44281] INFO  server.session (HouseKeeper.java:startScavenging(140)) - node0 Scavenging every 660000ms
2020-07-02 08:47:35,463 [Listener at 127.0.0.1/44281] INFO  handler.ContextHandler (ContextHandler.java:doStart(825)) - Started o.e.j.s.ServletContextHandler@406a9661{logs,/logs,file:///github/workspace/mnt/ozone/hadoop-ozone/integration-test/target/log,AVAILABLE}
2020-07-02 08:47:35,463 [Listener at 127.0.0.1/44281] INFO  handler.ContextHandler (ContextHandler.java:doStart(825)) - Started o.e.j.s.ServletContextHandler@e09a9e9{static,/static,jar:file:/home/user/.m2/repository/org/apache/hadoop/hadoop-hdds-container-service/0.6.0-SNAPSHOT/hadoop-hdds-container-service-0.6.0-SNAPSHOT.jar!/webapps/static,AVAILABLE}
2020-07-02 08:47:35,477 [Listener at 127.0.0.1/44281] INFO  handler.ContextHandler (ContextHandler.java:doStart(825)) - Started o.e.j.w.WebAppContext@61debcd0{hddsDatanode,/,file:///tmp/jetty-0_0_0_0-39609-hadoop-hdds-container-service-0_6_0-SNAPSHOT_jar-_-any-3870368341466670540.dir/webapp/,AVAILABLE}{jar:file:/home/user/.m2/repository/org/apache/hadoop/hadoop-hdds-container-service/0.6.0-SNAPSHOT/hadoop-hdds-container-service-0.6.0-SNAPSHOT.jar!/webapps/hddsDatanode}
2020-07-02 08:47:35,478 [Listener at 127.0.0.1/44281] INFO  server.AbstractConnector (AbstractConnector.java:doStart(330)) - Started ServerConnector@5fabbf57{HTTP/1.1,[http/1.1]}{0.0.0.0:39609}
2020-07-02 08:47:35,478 [Listener at 127.0.0.1/44281] INFO  server.Server (Server.java:doStart(399)) - Started @82899ms
2020-07-02 08:47:35,478 [Listener at 127.0.0.1/44281] WARN  impl.MetricsSystemImpl (MetricsSystemImpl.java:register(276)) - Sink prometheus already exists!
2020-07-02 08:47:35,481 [Listener at 127.0.0.1/44281] INFO  http.BaseHttpServer (BaseHttpServer.java:updateConnectorAddress(327)) - HTTP server of hddsDatanode listening at http://0.0.0.0:39609
2020-07-02 08:47:35,481 [Listener at 127.0.0.1/44281] INFO  impl.MetricsSystemImpl (MetricsSystemImpl.java:init(158)) - HddsDatanode metrics system started (again)
2020-07-02 08:47:35,485 [Listener at 127.0.0.1/44281] INFO  ozone.HddsDatanodeService (HddsDatanodeService.java:start(197)) - HddsDatanodeService host:06760bff8a89 ip:172.17.0.2
2020-07-02 08:47:35,490 [org.apache.hadoop.util.JvmPauseMonitor$Monitor@79d9683d] INFO  util.JvmPauseMonitor (JvmPauseMonitor.java:run(188)) - Starting JVM pause monitor
2020-07-02 08:47:35,490 [Listener at 127.0.0.1/44281] INFO  volume.HddsVolume (HddsVolume.java:<init>(176)) - Creating Volume: /github/workspace/mnt/ozone/hadoop-ozone/integration-test/target/test-dir/MiniOzoneClusterImpl-2ea21c0c-9bca-4642-a989-259fb4fcb281/datanode-1/data-0/containers/hdds of storage type : DISK and capacity : 9223372036854775807
2020-07-02 08:47:35,490 [Listener at 127.0.0.1/44281] INFO  volume.MutableVolumeSet (MutableVolumeSet.java:initializeVolumeSet(181)) - Added Volume : /github/workspace/mnt/ozone/hadoop-ozone/integration-test/target/test-dir/MiniOzoneClusterImpl-2ea21c0c-9bca-4642-a989-259fb4fcb281/datanode-1/data-0/containers/hdds to VolumeSet
2020-07-02 08:47:35,490 [Listener at 127.0.0.1/44281] INFO  volume.ThrottledAsyncChecker (ThrottledAsyncChecker.java:schedule(141)) - Scheduling a check for /github/workspace/mnt/ozone/hadoop-ozone/integration-test/target/test-dir/MiniOzoneClusterImpl-2ea21c0c-9bca-4642-a989-259fb4fcb281/datanode-1/data-0/containers/hdds
2020-07-02 08:47:35,491 [Listener at 127.0.0.1/44281] INFO  volume.HddsVolumeChecker (HddsVolumeChecker.java:checkAllVolumes(200)) - Scheduled health check for volume /github/workspace/mnt/ozone/hadoop-ozone/integration-test/target/test-dir/MiniOzoneClusterImpl-2ea21c0c-9bca-4642-a989-259fb4fcb281/datanode-1/data-0/containers/hdds
2020-07-02 08:47:35,492 [Datanode State Machine Thread - 0] INFO  datanode.InitDatanodeState (InitDatanodeState.java:persistContainerDatanodeDetails(145)) - DatanodeDetails is persisted to /github/workspace/mnt/ozone/hadoop-ozone/integration-test/target/test-dir/MiniOzoneClusterImpl-2ea21c0c-9bca-4642-a989-259fb4fcb281/datanode-0/meta/datanode.id
2020-07-02 08:47:35,503 [Listener at 127.0.0.1/44281] INFO  impl.RaftServerProxy (ConfUtils.java:logGet(44)) - raft.rpc.type = GRPC (default)
2020-07-02 08:47:35,503 [Listener at 127.0.0.1/44281] INFO  grpc.GrpcFactory (GrpcFactory.java:checkPooledByteBufAllocatorUseCacheForAllThreads(45)) - PERFORMANCE WARNING: useCacheForAllThreads is true that may cause Netty to create a lot garbage objects and, as a result, trigger GC.
	It is recommended to disable useCacheForAllThreads by setting -Dorg.apache.ratis.thirdparty.io.netty.allocator.useCacheForAllThreads=false in command line.
2020-07-02 08:47:35,503 [Listener at 127.0.0.1/44281] INFO  grpc.GrpcConfigKeys (ConfUtils.java:logGet(44)) - raft.grpc.server.port = 0 (default)
2020-07-02 08:47:35,503 [Listener at 127.0.0.1/44281] INFO  server.GrpcService (ConfUtils.java:logGet(44)) - raft.grpc.message.size.max = 32MB (=33554432) (custom)
2020-07-02 08:47:35,503 [Listener at 127.0.0.1/44281] INFO  server.RaftServerConfigKeys (ConfUtils.java:logGet(44)) - raft.server.log.appender.buffer.byte-limit = 33554432 (custom)
2020-07-02 08:47:35,503 [Listener at 127.0.0.1/44281] INFO  server.GrpcService (ConfUtils.java:logGet(44)) - raft.grpc.flow.control.window = 5MB (=5242880) (custom)
2020-07-02 08:47:35,503 [Listener at 127.0.0.1/44281] INFO  server.RaftServerConfigKeys (ConfUtils.java:logGet(44)) - raft.server.rpc.request.timeout = 3000ms (default)
2020-07-02 08:47:35,504 [Listener at 127.0.0.1/44281] INFO  server.RaftServerConfigKeys (ConfUtils.java:logGet(44)) - raft.server.storage.dir = [/github/workspace/mnt/ozone/hadoop-ozone/integration-test/target/test-dir/MiniOzoneClusterImpl-2ea21c0c-9bca-4642-a989-259fb4fcb281/datanode-1/data/ratis] (custom)
2020-07-02 08:47:35,511 [Listener at 127.0.0.1/44281] INFO  http.BaseHttpServer (BaseHttpServer.java:newHttpServer2BuilderForOzone(207)) - Starting Web-server for hddsDatanode at: http://0.0.0.0:0
2020-07-02 08:47:35,511 [Listener at 127.0.0.1/44281] INFO  http.BaseHttpServer (BaseHttpServer.java:<init>(106)) - Hadoop Security Enabled: false Ozone Security Enabled: false Ozone HTTP Security Enabled: false 
2020-07-02 08:47:35,512 [Listener at 127.0.0.1/44281] INFO  server.AuthenticationFilter (AuthenticationFilter.java:constructSecretProvider(240)) - Unable to initialize FileSignerSecretProvider, falling back to use random secrets.
2020-07-02 08:47:35,512 [Listener at 127.0.0.1/44281] WARN  http.HttpRequestLog (HttpRequestLog.java:getRequestLog(103)) - Jetty request log can only be enabled using Log4j
2020-07-02 08:47:35,513 [Listener at 127.0.0.1/44281] INFO  http.HttpServer2 (HttpServer2.java:addGlobalFilter(998)) - Added global filter 'safety' (class=org.apache.hadoop.hdds.server.http.HttpServer2$QuotingInputFilter)
2020-07-02 08:47:35,514 [Listener at 127.0.0.1/44281] INFO  http.HttpServer2 (HttpServer2.java:addFilter(974)) - Added filter static_user_filter (class=org.apache.hadoop.http.lib.StaticUserWebFilter$StaticUserFilter) to context hddsDatanode
2020-07-02 08:47:35,514 [Listener at 127.0.0.1/44281] INFO  http.HttpServer2 (HttpServer2.java:addFilter(982)) - Added filter static_user_filter (class=org.apache.hadoop.http.lib.StaticUserWebFilter$StaticUserFilter) to context logs
2020-07-02 08:47:35,514 [Listener at 127.0.0.1/44281] INFO  http.HttpServer2 (HttpServer2.java:addFilter(982)) - Added filter static_user_filter (class=org.apache.hadoop.http.lib.StaticUserWebFilter$StaticUserFilter) to context static
2020-07-02 08:47:35,515 [Listener at 127.0.0.1/44281] INFO  http.HttpServer2 (HttpServer2.java:bindListener(1216)) - Jetty bound to port 34805
2020-07-02 08:47:35,515 [Listener at 127.0.0.1/44281] INFO  server.Server (Server.java:doStart(359)) - jetty-9.4.26.v20200117; built: 2020-01-17T12:35:33.676Z; git: 7b38981d25d14afb4a12ff1f2596756144edf695; jvm 1.8.0_232-b09
2020-07-02 08:47:35,517 [Listener at 127.0.0.1/44281] INFO  server.session (DefaultSessionIdManager.java:doStart(333)) - DefaultSessionIdManager workerName=node0
2020-07-02 08:47:35,517 [Listener at 127.0.0.1/44281] INFO  server.session (DefaultSessionIdManager.java:doStart(338)) - No SessionScavenger set, using defaults
2020-07-02 08:47:35,517 [Listener at 127.0.0.1/44281] INFO  server.session (HouseKeeper.java:startScavenging(140)) - node0 Scavenging every 600000ms
2020-07-02 08:47:35,518 [Listener at 127.0.0.1/44281] INFO  handler.ContextHandler (ContextHandler.java:doStart(825)) - Started o.e.j.s.ServletContextHandler@7448be4d{logs,/logs,file:///github/workspace/mnt/ozone/hadoop-ozone/integration-test/target/log,AVAILABLE}
2020-07-02 08:47:35,519 [Listener at 127.0.0.1/44281] INFO  handler.ContextHandler (ContextHandler.java:doStart(825)) - Started o.e.j.s.ServletContextHandler@63cf9f0{static,/static,jar:file:/home/user/.m2/repository/org/apache/hadoop/hadoop-hdds-container-service/0.6.0-SNAPSHOT/hadoop-hdds-container-service-0.6.0-SNAPSHOT.jar!/webapps/static,AVAILABLE}
2020-07-02 08:47:35,532 [Listener at 127.0.0.1/44281] INFO  handler.ContextHandler (ContextHandler.java:doStart(825)) - Started o.e.j.w.WebAppContext@57a6e0c2{hddsDatanode,/,file:///tmp/jetty-0_0_0_0-34805-hadoop-hdds-container-service-0_6_0-SNAPSHOT_jar-_-any-5701050421816729360.dir/webapp/,AVAILABLE}{jar:file:/home/user/.m2/repository/org/apache/hadoop/hadoop-hdds-container-service/0.6.0-SNAPSHOT/hadoop-hdds-container-service-0.6.0-SNAPSHOT.jar!/webapps/hddsDatanode}
2020-07-02 08:47:35,533 [Listener at 127.0.0.1/44281] INFO  server.AbstractConnector (AbstractConnector.java:doStart(330)) - Started ServerConnector@72b92769{HTTP/1.1,[http/1.1]}{0.0.0.0:34805}
2020-07-02 08:47:35,533 [Listener at 127.0.0.1/44281] INFO  server.Server (Server.java:doStart(399)) - Started @82954ms
2020-07-02 08:47:35,534 [Listener at 127.0.0.1/44281] WARN  impl.MetricsSystemImpl (MetricsSystemImpl.java:register(276)) - Sink prometheus already exists!
2020-07-02 08:47:35,536 [Listener at 127.0.0.1/44281] INFO  http.BaseHttpServer (BaseHttpServer.java:updateConnectorAddress(327)) - HTTP server of hddsDatanode listening at http://0.0.0.0:34805
2020-07-02 08:47:35,537 [Listener at 127.0.0.1/44281] INFO  impl.MetricsSystemImpl (MetricsSystemImpl.java:init(158)) - HddsDatanode metrics system started (again)
2020-07-02 08:47:35,540 [Listener at 127.0.0.1/44281] INFO  ozone.HddsDatanodeService (HddsDatanodeService.java:start(197)) - HddsDatanodeService host:06760bff8a89 ip:172.17.0.2
2020-07-02 08:47:35,549 [org.apache.hadoop.util.JvmPauseMonitor$Monitor@371e2c5a] INFO  util.JvmPauseMonitor (JvmPauseMonitor.java:run(188)) - Starting JVM pause monitor
2020-07-02 08:47:35,553 [Datanode State Machine Thread - 0] INFO  datanode.InitDatanodeState (InitDatanodeState.java:persistContainerDatanodeDetails(145)) - DatanodeDetails is persisted to /github/workspace/mnt/ozone/hadoop-ozone/integration-test/target/test-dir/MiniOzoneClusterImpl-2ea21c0c-9bca-4642-a989-259fb4fcb281/datanode-1/meta/datanode.id
2020-07-02 08:47:35,554 [Listener at 127.0.0.1/44281] INFO  volume.HddsVolume (HddsVolume.java:<init>(176)) - Creating Volume: /github/workspace/mnt/ozone/hadoop-ozone/integration-test/target/test-dir/MiniOzoneClusterImpl-2ea21c0c-9bca-4642-a989-259fb4fcb281/datanode-2/data-0/containers/hdds of storage type : DISK and capacity : 9223372036854775807
2020-07-02 08:47:35,554 [Listener at 127.0.0.1/44281] INFO  volume.MutableVolumeSet (MutableVolumeSet.java:initializeVolumeSet(181)) - Added Volume : /github/workspace/mnt/ozone/hadoop-ozone/integration-test/target/test-dir/MiniOzoneClusterImpl-2ea21c0c-9bca-4642-a989-259fb4fcb281/datanode-2/data-0/containers/hdds to VolumeSet
2020-07-02 08:47:35,554 [Listener at 127.0.0.1/44281] INFO  volume.ThrottledAsyncChecker (ThrottledAsyncChecker.java:schedule(141)) - Scheduling a check for /github/workspace/mnt/ozone/hadoop-ozone/integration-test/target/test-dir/MiniOzoneClusterImpl-2ea21c0c-9bca-4642-a989-259fb4fcb281/datanode-2/data-0/containers/hdds
2020-07-02 08:47:35,554 [Listener at 127.0.0.1/44281] INFO  volume.HddsVolumeChecker (HddsVolumeChecker.java:checkAllVolumes(200)) - Scheduled health check for volume /github/workspace/mnt/ozone/hadoop-ozone/integration-test/target/test-dir/MiniOzoneClusterImpl-2ea21c0c-9bca-4642-a989-259fb4fcb281/datanode-2/data-0/containers/hdds
2020-07-02 08:47:35,566 [Listener at 127.0.0.1/44281] INFO  impl.RaftServerProxy (ConfUtils.java:logGet(44)) - raft.rpc.type = GRPC (default)
2020-07-02 08:47:35,566 [Listener at 127.0.0.1/44281] INFO  grpc.GrpcFactory (GrpcFactory.java:checkPooledByteBufAllocatorUseCacheForAllThreads(45)) - PERFORMANCE WARNING: useCacheForAllThreads is true that may cause Netty to create a lot garbage objects and, as a result, trigger GC.
	It is recommended to disable useCacheForAllThreads by setting -Dorg.apache.ratis.thirdparty.io.netty.allocator.useCacheForAllThreads=false in command line.
2020-07-02 08:47:35,566 [Listener at 127.0.0.1/44281] INFO  grpc.GrpcConfigKeys (ConfUtils.java:logGet(44)) - raft.grpc.server.port = 0 (default)
2020-07-02 08:47:35,567 [Listener at 127.0.0.1/44281] INFO  server.GrpcService (ConfUtils.java:logGet(44)) - raft.grpc.message.size.max = 32MB (=33554432) (custom)
2020-07-02 08:47:35,567 [Listener at 127.0.0.1/44281] INFO  server.RaftServerConfigKeys (ConfUtils.java:logGet(44)) - raft.server.log.appender.buffer.byte-limit = 33554432 (custom)
2020-07-02 08:47:35,567 [Listener at 127.0.0.1/44281] INFO  server.GrpcService (ConfUtils.java:logGet(44)) - raft.grpc.flow.control.window = 5MB (=5242880) (custom)
2020-07-02 08:47:35,567 [Listener at 127.0.0.1/44281] INFO  server.RaftServerConfigKeys (ConfUtils.java:logGet(44)) - raft.server.rpc.request.timeout = 3000ms (default)
2020-07-02 08:47:35,568 [Listener at 127.0.0.1/44281] INFO  server.RaftServerConfigKeys (ConfUtils.java:logGet(44)) - raft.server.storage.dir = [/github/workspace/mnt/ozone/hadoop-ozone/integration-test/target/test-dir/MiniOzoneClusterImpl-2ea21c0c-9bca-4642-a989-259fb4fcb281/datanode-2/data/ratis] (custom)
2020-07-02 08:47:35,571 [Listener at 127.0.0.1/44281] INFO  http.BaseHttpServer (BaseHttpServer.java:newHttpServer2BuilderForOzone(207)) - Starting Web-server for hddsDatanode at: http://0.0.0.0:0
2020-07-02 08:47:35,571 [Listener at 127.0.0.1/44281] INFO  http.BaseHttpServer (BaseHttpServer.java:<init>(106)) - Hadoop Security Enabled: false Ozone Security Enabled: false Ozone HTTP Security Enabled: false 
2020-07-02 08:47:35,572 [Listener at 127.0.0.1/44281] INFO  server.AuthenticationFilter (AuthenticationFilter.java:constructSecretProvider(240)) - Unable to initialize FileSignerSecretProvider, falling back to use random secrets.
2020-07-02 08:47:35,573 [Listener at 127.0.0.1/44281] WARN  http.HttpRequestLog (HttpRequestLog.java:getRequestLog(103)) - Jetty request log can only be enabled using Log4j
2020-07-02 08:47:35,573 [Listener at 127.0.0.1/44281] INFO  http.HttpServer2 (HttpServer2.java:addGlobalFilter(998)) - Added global filter 'safety' (class=org.apache.hadoop.hdds.server.http.HttpServer2$QuotingInputFilter)
2020-07-02 08:47:35,574 [Listener at 127.0.0.1/44281] INFO  http.HttpServer2 (HttpServer2.java:addFilter(974)) - Added filter static_user_filter (class=org.apache.hadoop.http.lib.StaticUserWebFilter$StaticUserFilter) to context hddsDatanode
2020-07-02 08:47:35,574 [Listener at 127.0.0.1/44281] INFO  http.HttpServer2 (HttpServer2.java:addFilter(982)) - Added filter static_user_filter (class=org.apache.hadoop.http.lib.StaticUserWebFilter$StaticUserFilter) to context static
2020-07-02 08:47:35,574 [Listener at 127.0.0.1/44281] INFO  http.HttpServer2 (HttpServer2.java:addFilter(982)) - Added filter static_user_filter (class=org.apache.hadoop.http.lib.StaticUserWebFilter$StaticUserFilter) to context logs
2020-07-02 08:47:35,574 [Listener at 127.0.0.1/44281] INFO  http.HttpServer2 (HttpServer2.java:bindListener(1216)) - Jetty bound to port 43233
2020-07-02 08:47:35,574 [Listener at 127.0.0.1/44281] INFO  server.Server (Server.java:doStart(359)) - jetty-9.4.26.v20200117; built: 2020-01-17T12:35:33.676Z; git: 7b38981d25d14afb4a12ff1f2596756144edf695; jvm 1.8.0_232-b09
2020-07-02 08:47:35,576 [Listener at 127.0.0.1/44281] INFO  server.session (DefaultSessionIdManager.java:doStart(333)) - DefaultSessionIdManager workerName=node0
2020-07-02 08:47:35,577 [Listener at 127.0.0.1/44281] INFO  server.session (DefaultSessionIdManager.java:doStart(338)) - No SessionScavenger set, using defaults
2020-07-02 08:47:35,577 [Listener at 127.0.0.1/44281] INFO  server.session (HouseKeeper.java:startScavenging(140)) - node0 Scavenging every 600000ms
2020-07-02 08:47:35,577 [Listener at 127.0.0.1/44281] INFO  handler.ContextHandler (ContextHandler.java:doStart(825)) - Started o.e.j.s.ServletContextHandler@4d139669{logs,/logs,file:///github/workspace/mnt/ozone/hadoop-ozone/integration-test/target/log,AVAILABLE}
2020-07-02 08:47:35,578 [Listener at 127.0.0.1/44281] INFO  handler.ContextHandler (ContextHandler.java:doStart(825)) - Started o.e.j.s.ServletContextHandler@2ba897eb{static,/static,jar:file:/home/user/.m2/repository/org/apache/hadoop/hadoop-hdds-container-service/0.6.0-SNAPSHOT/hadoop-hdds-container-service-0.6.0-SNAPSHOT.jar!/webapps/static,AVAILABLE}
2020-07-02 08:47:35,591 [Listener at 127.0.0.1/44281] INFO  handler.ContextHandler (ContextHandler.java:doStart(825)) - Started o.e.j.w.WebAppContext@6996f64b{hddsDatanode,/,file:///tmp/jetty-0_0_0_0-43233-hadoop-hdds-container-service-0_6_0-SNAPSHOT_jar-_-any-7075148901025794010.dir/webapp/,AVAILABLE}{jar:file:/home/user/.m2/repository/org/apache/hadoop/hadoop-hdds-container-service/0.6.0-SNAPSHOT/hadoop-hdds-container-service-0.6.0-SNAPSHOT.jar!/webapps/hddsDatanode}
2020-07-02 08:47:35,592 [Listener at 127.0.0.1/44281] INFO  server.AbstractConnector (AbstractConnector.java:doStart(330)) - Started ServerConnector@130a1f57{HTTP/1.1,[http/1.1]}{0.0.0.0:43233}
2020-07-02 08:47:35,592 [Listener at 127.0.0.1/44281] INFO  server.Server (Server.java:doStart(399)) - Started @83013ms
2020-07-02 08:47:35,592 [Listener at 127.0.0.1/44281] WARN  impl.MetricsSystemImpl (MetricsSystemImpl.java:register(276)) - Sink prometheus already exists!
2020-07-02 08:47:35,596 [Listener at 127.0.0.1/44281] INFO  http.BaseHttpServer (BaseHttpServer.java:updateConnectorAddress(327)) - HTTP server of hddsDatanode listening at http://0.0.0.0:43233
2020-07-02 08:47:35,596 [Listener at 127.0.0.1/44281] INFO  impl.MetricsSystemImpl (MetricsSystemImpl.java:init(158)) - HddsDatanode metrics system started (again)
2020-07-02 08:47:35,599 [Listener at 127.0.0.1/44281] INFO  ozone.HddsDatanodeService (HddsDatanodeService.java:start(197)) - HddsDatanodeService host:06760bff8a89 ip:172.17.0.2
2020-07-02 08:47:35,603 [org.apache.hadoop.util.JvmPauseMonitor$Monitor@23a4a7ad] INFO  util.JvmPauseMonitor (JvmPauseMonitor.java:run(188)) - Starting JVM pause monitor
2020-07-02 08:47:35,607 [Listener at 127.0.0.1/44281] INFO  volume.HddsVolume (HddsVolume.java:<init>(176)) - Creating Volume: /github/workspace/mnt/ozone/hadoop-ozone/integration-test/target/test-dir/MiniOzoneClusterImpl-2ea21c0c-9bca-4642-a989-259fb4fcb281/datanode-3/data-0/containers/hdds of storage type : DISK and capacity : 9223372036854775807
2020-07-02 08:47:35,607 [Listener at 127.0.0.1/44281] INFO  volume.MutableVolumeSet (MutableVolumeSet.java:initializeVolumeSet(181)) - Added Volume : /github/workspace/mnt/ozone/hadoop-ozone/integration-test/target/test-dir/MiniOzoneClusterImpl-2ea21c0c-9bca-4642-a989-259fb4fcb281/datanode-3/data-0/containers/hdds to VolumeSet
2020-07-02 08:47:35,607 [Listener at 127.0.0.1/44281] INFO  volume.ThrottledAsyncChecker (ThrottledAsyncChecker.java:schedule(141)) - Scheduling a check for /github/workspace/mnt/ozone/hadoop-ozone/integration-test/target/test-dir/MiniOzoneClusterImpl-2ea21c0c-9bca-4642-a989-259fb4fcb281/datanode-3/data-0/containers/hdds
2020-07-02 08:47:35,607 [Datanode State Machine Thread - 0] INFO  datanode.InitDatanodeState (InitDatanodeState.java:persistContainerDatanodeDetails(145)) - DatanodeDetails is persisted to /github/workspace/mnt/ozone/hadoop-ozone/integration-test/target/test-dir/MiniOzoneClusterImpl-2ea21c0c-9bca-4642-a989-259fb4fcb281/datanode-2/meta/datanode.id
2020-07-02 08:47:35,608 [Listener at 127.0.0.1/44281] INFO  volume.HddsVolumeChecker (HddsVolumeChecker.java:checkAllVolumes(200)) - Scheduled health check for volume /github/workspace/mnt/ozone/hadoop-ozone/integration-test/target/test-dir/MiniOzoneClusterImpl-2ea21c0c-9bca-4642-a989-259fb4fcb281/datanode-3/data-0/containers/hdds
2020-07-02 08:47:35,622 [Listener at 127.0.0.1/44281] INFO  impl.RaftServerProxy (ConfUtils.java:logGet(44)) - raft.rpc.type = GRPC (default)
2020-07-02 08:47:35,622 [Listener at 127.0.0.1/44281] INFO  grpc.GrpcFactory (GrpcFactory.java:checkPooledByteBufAllocatorUseCacheForAllThreads(45)) - PERFORMANCE WARNING: useCacheForAllThreads is true that may cause Netty to create a lot garbage objects and, as a result, trigger GC.
	It is recommended to disable useCacheForAllThreads by setting -Dorg.apache.ratis.thirdparty.io.netty.allocator.useCacheForAllThreads=false in command line.
2020-07-02 08:47:35,622 [Listener at 127.0.0.1/44281] INFO  grpc.GrpcConfigKeys (ConfUtils.java:logGet(44)) - raft.grpc.server.port = 0 (default)
2020-07-02 08:47:35,622 [Listener at 127.0.0.1/44281] INFO  server.GrpcService (ConfUtils.java:logGet(44)) - raft.grpc.message.size.max = 32MB (=33554432) (custom)
2020-07-02 08:47:35,622 [Listener at 127.0.0.1/44281] INFO  server.RaftServerConfigKeys (ConfUtils.java:logGet(44)) - raft.server.log.appender.buffer.byte-limit = 33554432 (custom)
2020-07-02 08:47:35,622 [Listener at 127.0.0.1/44281] INFO  server.GrpcService (ConfUtils.java:logGet(44)) - raft.grpc.flow.control.window = 5MB (=5242880) (custom)
2020-07-02 08:47:35,622 [Listener at 127.0.0.1/44281] INFO  server.RaftServerConfigKeys (ConfUtils.java:logGet(44)) - raft.server.rpc.request.timeout = 3000ms (default)
2020-07-02 08:47:35,623 [Listener at 127.0.0.1/44281] INFO  server.RaftServerConfigKeys (ConfUtils.java:logGet(44)) - raft.server.storage.dir = [/github/workspace/mnt/ozone/hadoop-ozone/integration-test/target/test-dir/MiniOzoneClusterImpl-2ea21c0c-9bca-4642-a989-259fb4fcb281/datanode-3/data/ratis] (custom)
2020-07-02 08:47:35,629 [Listener at 127.0.0.1/44281] INFO  http.BaseHttpServer (BaseHttpServer.java:newHttpServer2BuilderForOzone(207)) - Starting Web-server for hddsDatanode at: http://0.0.0.0:0
2020-07-02 08:47:35,629 [Listener at 127.0.0.1/44281] INFO  http.BaseHttpServer (BaseHttpServer.java:<init>(106)) - Hadoop Security Enabled: false Ozone Security Enabled: false Ozone HTTP Security Enabled: false 
2020-07-02 08:47:35,631 [Listener at 127.0.0.1/44281] INFO  server.AuthenticationFilter (AuthenticationFilter.java:constructSecretProvider(240)) - Unable to initialize FileSignerSecretProvider, falling back to use random secrets.
2020-07-02 08:47:35,633 [Listener at 127.0.0.1/44281] WARN  http.HttpRequestLog (HttpRequestLog.java:getRequestLog(103)) - Jetty request log can only be enabled using Log4j
2020-07-02 08:47:35,634 [Listener at 127.0.0.1/44281] INFO  http.HttpServer2 (HttpServer2.java:addGlobalFilter(998)) - Added global filter 'safety' (class=org.apache.hadoop.hdds.server.http.HttpServer2$QuotingInputFilter)
2020-07-02 08:47:35,634 [Listener at 127.0.0.1/44281] INFO  http.HttpServer2 (HttpServer2.java:addFilter(974)) - Added filter static_user_filter (class=org.apache.hadoop.http.lib.StaticUserWebFilter$StaticUserFilter) to context hddsDatanode
2020-07-02 08:47:35,635 [Listener at 127.0.0.1/44281] INFO  http.HttpServer2 (HttpServer2.java:addFilter(982)) - Added filter static_user_filter (class=org.apache.hadoop.http.lib.StaticUserWebFilter$StaticUserFilter) to context logs
2020-07-02 08:47:35,635 [Listener at 127.0.0.1/44281] INFO  http.HttpServer2 (HttpServer2.java:addFilter(982)) - Added filter static_user_filter (class=org.apache.hadoop.http.lib.StaticUserWebFilter$StaticUserFilter) to context static
2020-07-02 08:47:35,635 [Listener at 127.0.0.1/44281] INFO  http.HttpServer2 (HttpServer2.java:bindListener(1216)) - Jetty bound to port 42845
2020-07-02 08:47:35,635 [Listener at 127.0.0.1/44281] INFO  server.Server (Server.java:doStart(359)) - jetty-9.4.26.v20200117; built: 2020-01-17T12:35:33.676Z; git: 7b38981d25d14afb4a12ff1f2596756144edf695; jvm 1.8.0_232-b09
2020-07-02 08:47:35,637 [Listener at 127.0.0.1/44281] INFO  server.session (DefaultSessionIdManager.java:doStart(333)) - DefaultSessionIdManager workerName=node0
2020-07-02 08:47:35,637 [Listener at 127.0.0.1/44281] INFO  server.session (DefaultSessionIdManager.java:doStart(338)) - No SessionScavenger set, using defaults
2020-07-02 08:47:35,637 [Listener at 127.0.0.1/44281] INFO  server.session (HouseKeeper.java:startScavenging(140)) - node0 Scavenging every 600000ms
2020-07-02 08:47:35,637 [Listener at 127.0.0.1/44281] INFO  handler.ContextHandler (ContextHandler.java:doStart(825)) - Started o.e.j.s.ServletContextHandler@724bf80b{logs,/logs,file:///github/workspace/mnt/ozone/hadoop-ozone/integration-test/target/log,AVAILABLE}
2020-07-02 08:47:35,638 [Listener at 127.0.0.1/44281] INFO  handler.ContextHandler (ContextHandler.java:doStart(825)) - Started o.e.j.s.ServletContextHandler@469c47b5{static,/static,jar:file:/home/user/.m2/repository/org/apache/hadoop/hadoop-hdds-container-service/0.6.0-SNAPSHOT/hadoop-hdds-container-service-0.6.0-SNAPSHOT.jar!/webapps/static,AVAILABLE}
2020-07-02 08:47:35,654 [Listener at 127.0.0.1/44281] INFO  handler.ContextHandler (ContextHandler.java:doStart(825)) - Started o.e.j.w.WebAppContext@491ba827{hddsDatanode,/,file:///tmp/jetty-0_0_0_0-42845-hadoop-hdds-container-service-0_6_0-SNAPSHOT_jar-_-any-17471609378974793.dir/webapp/,AVAILABLE}{jar:file:/home/user/.m2/repository/org/apache/hadoop/hadoop-hdds-container-service/0.6.0-SNAPSHOT/hadoop-hdds-container-service-0.6.0-SNAPSHOT.jar!/webapps/hddsDatanode}
2020-07-02 08:47:35,655 [Listener at 127.0.0.1/44281] INFO  server.AbstractConnector (AbstractConnector.java:doStart(330)) - Started ServerConnector@602e94b1{HTTP/1.1,[http/1.1]}{0.0.0.0:42845}
2020-07-02 08:47:35,655 [Listener at 127.0.0.1/44281] INFO  server.Server (Server.java:doStart(399)) - Started @83076ms
2020-07-02 08:47:35,655 [Listener at 127.0.0.1/44281] WARN  impl.MetricsSystemImpl (MetricsSystemImpl.java:register(276)) - Sink prometheus already exists!
2020-07-02 08:47:35,658 [Listener at 127.0.0.1/44281] INFO  http.BaseHttpServer (BaseHttpServer.java:updateConnectorAddress(327)) - HTTP server of hddsDatanode listening at http://0.0.0.0:42845
2020-07-02 08:47:35,658 [Listener at 127.0.0.1/44281] INFO  impl.MetricsSystemImpl (MetricsSystemImpl.java:init(158)) - HddsDatanode metrics system started (again)
2020-07-02 08:47:35,663 [Listener at 127.0.0.1/44281] INFO  ozone.HddsDatanodeService (HddsDatanodeService.java:start(197)) - HddsDatanodeService host:06760bff8a89 ip:172.17.0.2
2020-07-02 08:47:35,666 [org.apache.hadoop.util.JvmPauseMonitor$Monitor@5ea9b91c] INFO  util.JvmPauseMonitor (JvmPauseMonitor.java:run(188)) - Starting JVM pause monitor
2020-07-02 08:47:35,667 [Listener at 127.0.0.1/44281] INFO  volume.HddsVolume (HddsVolume.java:<init>(176)) - Creating Volume: /github/workspace/mnt/ozone/hadoop-ozone/integration-test/target/test-dir/MiniOzoneClusterImpl-2ea21c0c-9bca-4642-a989-259fb4fcb281/datanode-4/data-0/containers/hdds of storage type : DISK and capacity : 9223372036854775807
2020-07-02 08:47:35,667 [Listener at 127.0.0.1/44281] INFO  volume.MutableVolumeSet (MutableVolumeSet.java:initializeVolumeSet(181)) - Added Volume : /github/workspace/mnt/ozone/hadoop-ozone/integration-test/target/test-dir/MiniOzoneClusterImpl-2ea21c0c-9bca-4642-a989-259fb4fcb281/datanode-4/data-0/containers/hdds to VolumeSet
2020-07-02 08:47:35,667 [Listener at 127.0.0.1/44281] INFO  volume.ThrottledAsyncChecker (ThrottledAsyncChecker.java:schedule(141)) - Scheduling a check for /github/workspace/mnt/ozone/hadoop-ozone/integration-test/target/test-dir/MiniOzoneClusterImpl-2ea21c0c-9bca-4642-a989-259fb4fcb281/datanode-4/data-0/containers/hdds
2020-07-02 08:47:35,668 [Listener at 127.0.0.1/44281] INFO  volume.HddsVolumeChecker (HddsVolumeChecker.java:checkAllVolumes(200)) - Scheduled health check for volume /github/workspace/mnt/ozone/hadoop-ozone/integration-test/target/test-dir/MiniOzoneClusterImpl-2ea21c0c-9bca-4642-a989-259fb4fcb281/datanode-4/data-0/containers/hdds
2020-07-02 08:47:35,670 [Datanode State Machine Thread - 0] INFO  datanode.InitDatanodeState (InitDatanodeState.java:persistContainerDatanodeDetails(145)) - DatanodeDetails is persisted to /github/workspace/mnt/ozone/hadoop-ozone/integration-test/target/test-dir/MiniOzoneClusterImpl-2ea21c0c-9bca-4642-a989-259fb4fcb281/datanode-3/meta/datanode.id
2020-07-02 08:47:35,686 [Listener at 127.0.0.1/44281] INFO  impl.RaftServerProxy (ConfUtils.java:logGet(44)) - raft.rpc.type = GRPC (default)
2020-07-02 08:47:35,686 [Listener at 127.0.0.1/44281] INFO  grpc.GrpcFactory (GrpcFactory.java:checkPooledByteBufAllocatorUseCacheForAllThreads(45)) - PERFORMANCE WARNING: useCacheForAllThreads is true that may cause Netty to create a lot garbage objects and, as a result, trigger GC.
	It is recommended to disable useCacheForAllThreads by setting -Dorg.apache.ratis.thirdparty.io.netty.allocator.useCacheForAllThreads=false in command line.
2020-07-02 08:47:35,686 [Listener at 127.0.0.1/44281] INFO  grpc.GrpcConfigKeys (ConfUtils.java:logGet(44)) - raft.grpc.server.port = 0 (default)
2020-07-02 08:47:35,686 [Listener at 127.0.0.1/44281] INFO  server.GrpcService (ConfUtils.java:logGet(44)) - raft.grpc.message.size.max = 32MB (=33554432) (custom)
2020-07-02 08:47:35,686 [Listener at 127.0.0.1/44281] INFO  server.RaftServerConfigKeys (ConfUtils.java:logGet(44)) - raft.server.log.appender.buffer.byte-limit = 33554432 (custom)
2020-07-02 08:47:35,687 [Listener at 127.0.0.1/44281] INFO  server.GrpcService (ConfUtils.java:logGet(44)) - raft.grpc.flow.control.window = 5MB (=5242880) (custom)
2020-07-02 08:47:35,687 [Listener at 127.0.0.1/44281] INFO  server.RaftServerConfigKeys (ConfUtils.java:logGet(44)) - raft.server.rpc.request.timeout = 3000ms (default)
2020-07-02 08:47:35,687 [Listener at 127.0.0.1/44281] INFO  server.RaftServerConfigKeys (ConfUtils.java:logGet(44)) - raft.server.storage.dir = [/github/workspace/mnt/ozone/hadoop-ozone/integration-test/target/test-dir/MiniOzoneClusterImpl-2ea21c0c-9bca-4642-a989-259fb4fcb281/datanode-4/data/ratis] (custom)
2020-07-02 08:47:35,691 [Listener at 127.0.0.1/44281] INFO  http.BaseHttpServer (BaseHttpServer.java:newHttpServer2BuilderForOzone(207)) - Starting Web-server for hddsDatanode at: http://0.0.0.0:0
2020-07-02 08:47:35,691 [Listener at 127.0.0.1/44281] INFO  http.BaseHttpServer (BaseHttpServer.java:<init>(106)) - Hadoop Security Enabled: false Ozone Security Enabled: false Ozone HTTP Security Enabled: false 
2020-07-02 08:47:35,692 [Listener at 127.0.0.1/44281] INFO  server.AuthenticationFilter (AuthenticationFilter.java:constructSecretProvider(240)) - Unable to initialize FileSignerSecretProvider, falling back to use random secrets.
2020-07-02 08:47:35,692 [Listener at 127.0.0.1/44281] WARN  http.HttpRequestLog (HttpRequestLog.java:getRequestLog(103)) - Jetty request log can only be enabled using Log4j
2020-07-02 08:47:35,693 [Listener at 127.0.0.1/44281] INFO  http.HttpServer2 (HttpServer2.java:addGlobalFilter(998)) - Added global filter 'safety' (class=org.apache.hadoop.hdds.server.http.HttpServer2$QuotingInputFilter)
2020-07-02 08:47:35,694 [Listener at 127.0.0.1/44281] INFO  http.HttpServer2 (HttpServer2.java:addFilter(974)) - Added filter static_user_filter (class=org.apache.hadoop.http.lib.StaticUserWebFilter$StaticUserFilter) to context hddsDatanode
2020-07-02 08:47:35,694 [Listener at 127.0.0.1/44281] INFO  http.HttpServer2 (HttpServer2.java:addFilter(982)) - Added filter static_user_filter (class=org.apache.hadoop.http.lib.StaticUserWebFilter$StaticUserFilter) to context logs
2020-07-02 08:47:35,694 [Listener at 127.0.0.1/44281] INFO  http.HttpServer2 (HttpServer2.java:addFilter(982)) - Added filter static_user_filter (class=org.apache.hadoop.http.lib.StaticUserWebFilter$StaticUserFilter) to context static
2020-07-02 08:47:35,694 [Listener at 127.0.0.1/44281] INFO  http.HttpServer2 (HttpServer2.java:bindListener(1216)) - Jetty bound to port 33249
2020-07-02 08:47:35,694 [Listener at 127.0.0.1/44281] INFO  server.Server (Server.java:doStart(359)) - jetty-9.4.26.v20200117; built: 2020-01-17T12:35:33.676Z; git: 7b38981d25d14afb4a12ff1f2596756144edf695; jvm 1.8.0_232-b09
2020-07-02 08:47:35,696 [Listener at 127.0.0.1/44281] INFO  server.session (DefaultSessionIdManager.java:doStart(333)) - DefaultSessionIdManager workerName=node0
2020-07-02 08:47:35,696 [Listener at 127.0.0.1/44281] INFO  server.session (DefaultSessionIdManager.java:doStart(338)) - No SessionScavenger set, using defaults
2020-07-02 08:47:35,696 [Listener at 127.0.0.1/44281] INFO  server.session (HouseKeeper.java:startScavenging(140)) - node0 Scavenging every 660000ms
2020-07-02 08:47:35,697 [Listener at 127.0.0.1/44281] INFO  handler.ContextHandler (ContextHandler.java:doStart(825)) - Started o.e.j.s.ServletContextHandler@63b9549f{logs,/logs,file:///github/workspace/mnt/ozone/hadoop-ozone/integration-test/target/log,AVAILABLE}
2020-07-02 08:47:35,697 [Listener at 127.0.0.1/44281] INFO  handler.ContextHandler (ContextHandler.java:doStart(825)) - Started o.e.j.s.ServletContextHandler@653b9ce7{static,/static,jar:file:/home/user/.m2/repository/org/apache/hadoop/hadoop-hdds-container-service/0.6.0-SNAPSHOT/hadoop-hdds-container-service-0.6.0-SNAPSHOT.jar!/webapps/static,AVAILABLE}
2020-07-02 08:47:35,711 [Listener at 127.0.0.1/44281] INFO  handler.ContextHandler (ContextHandler.java:doStart(825)) - Started o.e.j.w.WebAppContext@45cf3373{hddsDatanode,/,file:///tmp/jetty-0_0_0_0-33249-hadoop-hdds-container-service-0_6_0-SNAPSHOT_jar-_-any-4938232671432626286.dir/webapp/,AVAILABLE}{jar:file:/home/user/.m2/repository/org/apache/hadoop/hadoop-hdds-container-service/0.6.0-SNAPSHOT/hadoop-hdds-container-service-0.6.0-SNAPSHOT.jar!/webapps/hddsDatanode}
2020-07-02 08:47:35,715 [Listener at 127.0.0.1/44281] INFO  server.AbstractConnector (AbstractConnector.java:doStart(330)) - Started ServerConnector@67d62f2{HTTP/1.1,[http/1.1]}{0.0.0.0:33249}
2020-07-02 08:47:35,715 [Listener at 127.0.0.1/44281] INFO  server.Server (Server.java:doStart(399)) - Started @83135ms
2020-07-02 08:47:35,715 [Listener at 127.0.0.1/44281] WARN  impl.MetricsSystemImpl (MetricsSystemImpl.java:register(276)) - Sink prometheus already exists!
2020-07-02 08:47:35,718 [Listener at 127.0.0.1/44281] INFO  http.BaseHttpServer (BaseHttpServer.java:updateConnectorAddress(327)) - HTTP server of hddsDatanode listening at http://0.0.0.0:33249
2020-07-02 08:47:35,720 [Listener at 127.0.0.1/44281] INFO  impl.MetricsSystemImpl (MetricsSystemImpl.java:init(158)) - HddsDatanode metrics system started (again)
2020-07-02 08:47:35,724 [Listener at 127.0.0.1/44281] INFO  ozone.HddsDatanodeService (HddsDatanodeService.java:start(197)) - HddsDatanodeService host:06760bff8a89 ip:172.17.0.2
2020-07-02 08:47:35,730 [org.apache.hadoop.util.JvmPauseMonitor$Monitor@627470dc] INFO  util.JvmPauseMonitor (JvmPauseMonitor.java:run(188)) - Starting JVM pause monitor
2020-07-02 08:47:35,730 [Datanode State Machine Thread - 0] INFO  datanode.InitDatanodeState (InitDatanodeState.java:persistContainerDatanodeDetails(145)) - DatanodeDetails is persisted to /github/workspace/mnt/ozone/hadoop-ozone/integration-test/target/test-dir/MiniOzoneClusterImpl-2ea21c0c-9bca-4642-a989-259fb4fcb281/datanode-4/meta/datanode.id
2020-07-02 08:47:35,731 [Listener at 127.0.0.1/44281] INFO  volume.HddsVolume (HddsVolume.java:<init>(176)) - Creating Volume: /github/workspace/mnt/ozone/hadoop-ozone/integration-test/target/test-dir/MiniOzoneClusterImpl-2ea21c0c-9bca-4642-a989-259fb4fcb281/datanode-5/data-0/containers/hdds of storage type : DISK and capacity : 9223372036854775807
2020-07-02 08:47:35,731 [Listener at 127.0.0.1/44281] INFO  volume.MutableVolumeSet (MutableVolumeSet.java:initializeVolumeSet(181)) - Added Volume : /github/workspace/mnt/ozone/hadoop-ozone/integration-test/target/test-dir/MiniOzoneClusterImpl-2ea21c0c-9bca-4642-a989-259fb4fcb281/datanode-5/data-0/containers/hdds to VolumeSet
2020-07-02 08:47:35,731 [Listener at 127.0.0.1/44281] INFO  volume.ThrottledAsyncChecker (ThrottledAsyncChecker.java:schedule(141)) - Scheduling a check for /github/workspace/mnt/ozone/hadoop-ozone/integration-test/target/test-dir/MiniOzoneClusterImpl-2ea21c0c-9bca-4642-a989-259fb4fcb281/datanode-5/data-0/containers/hdds
2020-07-02 08:47:35,732 [Listener at 127.0.0.1/44281] INFO  volume.HddsVolumeChecker (HddsVolumeChecker.java:checkAllVolumes(200)) - Scheduled health check for volume /github/workspace/mnt/ozone/hadoop-ozone/integration-test/target/test-dir/MiniOzoneClusterImpl-2ea21c0c-9bca-4642-a989-259fb4fcb281/datanode-5/data-0/containers/hdds
2020-07-02 08:47:35,746 [Listener at 127.0.0.1/44281] INFO  impl.RaftServerProxy (ConfUtils.java:logGet(44)) - raft.rpc.type = GRPC (default)
2020-07-02 08:47:35,746 [Listener at 127.0.0.1/44281] INFO  grpc.GrpcFactory (GrpcFactory.java:checkPooledByteBufAllocatorUseCacheForAllThreads(45)) - PERFORMANCE WARNING: useCacheForAllThreads is true that may cause Netty to create a lot garbage objects and, as a result, trigger GC.
	It is recommended to disable useCacheForAllThreads by setting -Dorg.apache.ratis.thirdparty.io.netty.allocator.useCacheForAllThreads=false in command line.
2020-07-02 08:47:35,746 [Listener at 127.0.0.1/44281] INFO  grpc.GrpcConfigKeys (ConfUtils.java:logGet(44)) - raft.grpc.server.port = 0 (default)
2020-07-02 08:47:35,746 [Listener at 127.0.0.1/44281] INFO  server.GrpcService (ConfUtils.java:logGet(44)) - raft.grpc.message.size.max = 32MB (=33554432) (custom)
2020-07-02 08:47:35,746 [Listener at 127.0.0.1/44281] INFO  server.RaftServerConfigKeys (ConfUtils.java:logGet(44)) - raft.server.log.appender.buffer.byte-limit = 33554432 (custom)
2020-07-02 08:47:35,746 [Listener at 127.0.0.1/44281] INFO  server.GrpcService (ConfUtils.java:logGet(44)) - raft.grpc.flow.control.window = 5MB (=5242880) (custom)
2020-07-02 08:47:35,746 [Listener at 127.0.0.1/44281] INFO  server.RaftServerConfigKeys (ConfUtils.java:logGet(44)) - raft.server.rpc.request.timeout = 3000ms (default)
2020-07-02 08:47:35,747 [Listener at 127.0.0.1/44281] INFO  server.RaftServerConfigKeys (ConfUtils.java:logGet(44)) - raft.server.storage.dir = [/github/workspace/mnt/ozone/hadoop-ozone/integration-test/target/test-dir/MiniOzoneClusterImpl-2ea21c0c-9bca-4642-a989-259fb4fcb281/datanode-5/data/ratis] (custom)
2020-07-02 08:47:35,756 [Listener at 127.0.0.1/44281] INFO  http.BaseHttpServer (BaseHttpServer.java:newHttpServer2BuilderForOzone(207)) - Starting Web-server for hddsDatanode at: http://0.0.0.0:0
2020-07-02 08:47:35,756 [Listener at 127.0.0.1/44281] INFO  http.BaseHttpServer (BaseHttpServer.java:<init>(106)) - Hadoop Security Enabled: false Ozone Security Enabled: false Ozone HTTP Security Enabled: false 
2020-07-02 08:47:35,757 [Listener at 127.0.0.1/44281] INFO  server.AuthenticationFilter (AuthenticationFilter.java:constructSecretProvider(240)) - Unable to initialize FileSignerSecretProvider, falling back to use random secrets.
2020-07-02 08:47:35,757 [Listener at 127.0.0.1/44281] WARN  http.HttpRequestLog (HttpRequestLog.java:getRequestLog(103)) - Jetty request log can only be enabled using Log4j
2020-07-02 08:47:35,758 [Listener at 127.0.0.1/44281] INFO  http.HttpServer2 (HttpServer2.java:addGlobalFilter(998)) - Added global filter 'safety' (class=org.apache.hadoop.hdds.server.http.HttpServer2$QuotingInputFilter)
2020-07-02 08:47:35,758 [Listener at 127.0.0.1/44281] INFO  http.HttpServer2 (HttpServer2.java:addFilter(974)) - Added filter static_user_filter (class=org.apache.hadoop.http.lib.StaticUserWebFilter$StaticUserFilter) to context hddsDatanode
2020-07-02 08:47:35,758 [Listener at 127.0.0.1/44281] INFO  http.HttpServer2 (HttpServer2.java:addFilter(982)) - Added filter static_user_filter (class=org.apache.hadoop.http.lib.StaticUserWebFilter$StaticUserFilter) to context logs
2020-07-02 08:47:35,758 [Listener at 127.0.0.1/44281] INFO  http.HttpServer2 (HttpServer2.java:addFilter(982)) - Added filter static_user_filter (class=org.apache.hadoop.http.lib.StaticUserWebFilter$StaticUserFilter) to context static
2020-07-02 08:47:35,759 [Listener at 127.0.0.1/44281] INFO  http.HttpServer2 (HttpServer2.java:bindListener(1216)) - Jetty bound to port 40629
2020-07-02 08:47:35,759 [Listener at 127.0.0.1/44281] INFO  server.Server (Server.java:doStart(359)) - jetty-9.4.26.v20200117; built: 2020-01-17T12:35:33.676Z; git: 7b38981d25d14afb4a12ff1f2596756144edf695; jvm 1.8.0_232-b09
2020-07-02 08:47:35,760 [Listener at 127.0.0.1/44281] INFO  server.session (DefaultSessionIdManager.java:doStart(333)) - DefaultSessionIdManager workerName=node0
2020-07-02 08:47:35,760 [Listener at 127.0.0.1/44281] INFO  server.session (DefaultSessionIdManager.java:doStart(338)) - No SessionScavenger set, using defaults
2020-07-02 08:47:35,760 [Listener at 127.0.0.1/44281] INFO  server.session (HouseKeeper.java:startScavenging(140)) - node0 Scavenging every 660000ms
2020-07-02 08:47:35,761 [Listener at 127.0.0.1/44281] INFO  handler.ContextHandler (ContextHandler.java:doStart(825)) - Started o.e.j.s.ServletContextHandler@6dee9877{logs,/logs,file:///github/workspace/mnt/ozone/hadoop-ozone/integration-test/target/log,AVAILABLE}
2020-07-02 08:47:35,761 [Listener at 127.0.0.1/44281] INFO  handler.ContextHandler (ContextHandler.java:doStart(825)) - Started o.e.j.s.ServletContextHandler@62b95a15{static,/static,jar:file:/home/user/.m2/repository/org/apache/hadoop/hadoop-hdds-container-service/0.6.0-SNAPSHOT/hadoop-hdds-container-service-0.6.0-SNAPSHOT.jar!/webapps/static,AVAILABLE}
2020-07-02 08:47:35,775 [Listener at 127.0.0.1/44281] INFO  handler.ContextHandler (ContextHandler.java:doStart(825)) - Started o.e.j.w.WebAppContext@7e59f735{hddsDatanode,/,file:///tmp/jetty-0_0_0_0-40629-hadoop-hdds-container-service-0_6_0-SNAPSHOT_jar-_-any-7727385006656208609.dir/webapp/,AVAILABLE}{jar:file:/home/user/.m2/repository/org/apache/hadoop/hadoop-hdds-container-service/0.6.0-SNAPSHOT/hadoop-hdds-container-service-0.6.0-SNAPSHOT.jar!/webapps/hddsDatanode}
2020-07-02 08:47:35,776 [Listener at 127.0.0.1/44281] INFO  server.AbstractConnector (AbstractConnector.java:doStart(330)) - Started ServerConnector@64897c5f{HTTP/1.1,[http/1.1]}{0.0.0.0:40629}
2020-07-02 08:47:35,776 [Listener at 127.0.0.1/44281] INFO  server.Server (Server.java:doStart(399)) - Started @83197ms
2020-07-02 08:47:35,776 [Listener at 127.0.0.1/44281] WARN  impl.MetricsSystemImpl (MetricsSystemImpl.java:register(276)) - Sink prometheus already exists!
2020-07-02 08:47:35,799 [Listener at 127.0.0.1/44281] INFO  http.BaseHttpServer (BaseHttpServer.java:updateConnectorAddress(327)) - HTTP server of hddsDatanode listening at http://0.0.0.0:40629
2020-07-02 08:47:35,802 [Listener at 127.0.0.1/44281] INFO  impl.MetricsSystemImpl (MetricsSystemImpl.java:init(158)) - HddsDatanode metrics system started (again)
2020-07-02 08:47:35,805 [Listener at 127.0.0.1/44281] INFO  ozone.HddsDatanodeService (HddsDatanodeService.java:start(197)) - HddsDatanodeService host:06760bff8a89 ip:172.17.0.2
2020-07-02 08:47:35,810 [Listener at 127.0.0.1/44281] INFO  volume.HddsVolume (HddsVolume.java:<init>(176)) - Creating Volume: /github/workspace/mnt/ozone/hadoop-ozone/integration-test/target/test-dir/MiniOzoneClusterImpl-2ea21c0c-9bca-4642-a989-259fb4fcb281/datanode-6/data-0/containers/hdds of storage type : DISK and capacity : 9223372036854775807
2020-07-02 08:47:35,811 [Listener at 127.0.0.1/44281] INFO  volume.MutableVolumeSet (MutableVolumeSet.java:initializeVolumeSet(181)) - Added Volume : /github/workspace/mnt/ozone/hadoop-ozone/integration-test/target/test-dir/MiniOzoneClusterImpl-2ea21c0c-9bca-4642-a989-259fb4fcb281/datanode-6/data-0/containers/hdds to VolumeSet
2020-07-02 08:47:35,811 [Listener at 127.0.0.1/44281] INFO  volume.ThrottledAsyncChecker (ThrottledAsyncChecker.java:schedule(141)) - Scheduling a check for /github/workspace/mnt/ozone/hadoop-ozone/integration-test/target/test-dir/MiniOzoneClusterImpl-2ea21c0c-9bca-4642-a989-259fb4fcb281/datanode-6/data-0/containers/hdds
2020-07-02 08:47:35,814 [org.apache.hadoop.util.JvmPauseMonitor$Monitor@4b7587bb] INFO  util.JvmPauseMonitor (JvmPauseMonitor.java:run(188)) - Starting JVM pause monitor
2020-07-02 08:47:35,814 [Listener at 127.0.0.1/44281] INFO  volume.HddsVolumeChecker (HddsVolumeChecker.java:checkAllVolumes(200)) - Scheduled health check for volume /github/workspace/mnt/ozone/hadoop-ozone/integration-test/target/test-dir/MiniOzoneClusterImpl-2ea21c0c-9bca-4642-a989-259fb4fcb281/datanode-6/data-0/containers/hdds
2020-07-02 08:47:35,816 [Datanode State Machine Thread - 0] INFO  datanode.InitDatanodeState (InitDatanodeState.java:persistContainerDatanodeDetails(145)) - DatanodeDetails is persisted to /github/workspace/mnt/ozone/hadoop-ozone/integration-test/target/test-dir/MiniOzoneClusterImpl-2ea21c0c-9bca-4642-a989-259fb4fcb281/datanode-5/meta/datanode.id
2020-07-02 08:47:35,827 [Listener at 127.0.0.1/44281] INFO  impl.RaftServerProxy (ConfUtils.java:logGet(44)) - raft.rpc.type = GRPC (default)
2020-07-02 08:47:35,827 [Listener at 127.0.0.1/44281] INFO  grpc.GrpcFactory (GrpcFactory.java:checkPooledByteBufAllocatorUseCacheForAllThreads(45)) - PERFORMANCE WARNING: useCacheForAllThreads is true that may cause Netty to create a lot garbage objects and, as a result, trigger GC.
	It is recommended to disable useCacheForAllThreads by setting -Dorg.apache.ratis.thirdparty.io.netty.allocator.useCacheForAllThreads=false in command line.
2020-07-02 08:47:35,828 [Listener at 127.0.0.1/44281] INFO  grpc.GrpcConfigKeys (ConfUtils.java:logGet(44)) - raft.grpc.server.port = 0 (default)
2020-07-02 08:47:35,828 [Listener at 127.0.0.1/44281] INFO  server.GrpcService (ConfUtils.java:logGet(44)) - raft.grpc.message.size.max = 32MB (=33554432) (custom)
2020-07-02 08:47:35,828 [Listener at 127.0.0.1/44281] INFO  server.RaftServerConfigKeys (ConfUtils.java:logGet(44)) - raft.server.log.appender.buffer.byte-limit = 33554432 (custom)
2020-07-02 08:47:35,828 [Listener at 127.0.0.1/44281] INFO  server.GrpcService (ConfUtils.java:logGet(44)) - raft.grpc.flow.control.window = 5MB (=5242880) (custom)
2020-07-02 08:47:35,828 [Listener at 127.0.0.1/44281] INFO  server.RaftServerConfigKeys (ConfUtils.java:logGet(44)) - raft.server.rpc.request.timeout = 3000ms (default)
2020-07-02 08:47:35,829 [Listener at 127.0.0.1/44281] INFO  server.RaftServerConfigKeys (ConfUtils.java:logGet(44)) - raft.server.storage.dir = [/github/workspace/mnt/ozone/hadoop-ozone/integration-test/target/test-dir/MiniOzoneClusterImpl-2ea21c0c-9bca-4642-a989-259fb4fcb281/datanode-6/data/ratis] (custom)
2020-07-02 08:47:35,833 [Listener at 127.0.0.1/44281] INFO  http.BaseHttpServer (BaseHttpServer.java:newHttpServer2BuilderForOzone(207)) - Starting Web-server for hddsDatanode at: http://0.0.0.0:0
2020-07-02 08:47:35,833 [Listener at 127.0.0.1/44281] INFO  http.BaseHttpServer (BaseHttpServer.java:<init>(106)) - Hadoop Security Enabled: false Ozone Security Enabled: false Ozone HTTP Security Enabled: false 
2020-07-02 08:47:35,834 [Listener at 127.0.0.1/44281] INFO  server.AuthenticationFilter (AuthenticationFilter.java:constructSecretProvider(240)) - Unable to initialize FileSignerSecretProvider, falling back to use random secrets.
2020-07-02 08:47:35,835 [Listener at 127.0.0.1/44281] WARN  http.HttpRequestLog (HttpRequestLog.java:getRequestLog(103)) - Jetty request log can only be enabled using Log4j
2020-07-02 08:47:35,836 [Listener at 127.0.0.1/44281] INFO  http.HttpServer2 (HttpServer2.java:addGlobalFilter(998)) - Added global filter 'safety' (class=org.apache.hadoop.hdds.server.http.HttpServer2$QuotingInputFilter)
2020-07-02 08:47:35,836 [Listener at 127.0.0.1/44281] INFO  http.HttpServer2 (HttpServer2.java:addFilter(974)) - Added filter static_user_filter (class=org.apache.hadoop.http.lib.StaticUserWebFilter$StaticUserFilter) to context hddsDatanode
2020-07-02 08:47:35,837 [Listener at 127.0.0.1/44281] INFO  http.HttpServer2 (HttpServer2.java:addFilter(982)) - Added filter static_user_filter (class=org.apache.hadoop.http.lib.StaticUserWebFilter$StaticUserFilter) to context static
2020-07-02 08:47:35,837 [Listener at 127.0.0.1/44281] INFO  http.HttpServer2 (HttpServer2.java:addFilter(982)) - Added filter static_user_filter (class=org.apache.hadoop.http.lib.StaticUserWebFilter$StaticUserFilter) to context logs
2020-07-02 08:47:35,837 [Listener at 127.0.0.1/44281] INFO  http.HttpServer2 (HttpServer2.java:bindListener(1216)) - Jetty bound to port 38393
2020-07-02 08:47:35,837 [Listener at 127.0.0.1/44281] INFO  server.Server (Server.java:doStart(359)) - jetty-9.4.26.v20200117; built: 2020-01-17T12:35:33.676Z; git: 7b38981d25d14afb4a12ff1f2596756144edf695; jvm 1.8.0_232-b09
2020-07-02 08:47:35,839 [Listener at 127.0.0.1/44281] INFO  server.session (DefaultSessionIdManager.java:doStart(333)) - DefaultSessionIdManager workerName=node0
2020-07-02 08:47:35,839 [Listener at 127.0.0.1/44281] INFO  server.session (DefaultSessionIdManager.java:doStart(338)) - No SessionScavenger set, using defaults
2020-07-02 08:47:35,839 [Listener at 127.0.0.1/44281] INFO  server.session (HouseKeeper.java:startScavenging(140)) - node0 Scavenging every 600000ms
2020-07-02 08:47:35,840 [Listener at 127.0.0.1/44281] INFO  handler.ContextHandler (ContextHandler.java:doStart(825)) - Started o.e.j.s.ServletContextHandler@2db966e7{logs,/logs,file:///github/workspace/mnt/ozone/hadoop-ozone/integration-test/target/log,AVAILABLE}
2020-07-02 08:47:35,840 [Listener at 127.0.0.1/44281] INFO  handler.ContextHandler (ContextHandler.java:doStart(825)) - Started o.e.j.s.ServletContextHandler@6b1cee60{static,/static,jar:file:/home/user/.m2/repository/org/apache/hadoop/hadoop-hdds-container-service/0.6.0-SNAPSHOT/hadoop-hdds-container-service-0.6.0-SNAPSHOT.jar!/webapps/static,AVAILABLE}
2020-07-02 08:47:35,854 [Listener at 127.0.0.1/44281] INFO  handler.ContextHandler (ContextHandler.java:doStart(825)) - Started o.e.j.w.WebAppContext@59fc093b{hddsDatanode,/,file:///tmp/jetty-0_0_0_0-38393-hadoop-hdds-container-service-0_6_0-SNAPSHOT_jar-_-any-5717359322421489543.dir/webapp/,AVAILABLE}{jar:file:/home/user/.m2/repository/org/apache/hadoop/hadoop-hdds-container-service/0.6.0-SNAPSHOT/hadoop-hdds-container-service-0.6.0-SNAPSHOT.jar!/webapps/hddsDatanode}
2020-07-02 08:47:35,855 [Listener at 127.0.0.1/44281] INFO  server.AbstractConnector (AbstractConnector.java:doStart(330)) - Started ServerConnector@4e845682{HTTP/1.1,[http/1.1]}{0.0.0.0:38393}
2020-07-02 08:47:35,855 [Listener at 127.0.0.1/44281] INFO  server.Server (Server.java:doStart(399)) - Started @83275ms
2020-07-02 08:47:35,855 [Listener at 127.0.0.1/44281] WARN  impl.MetricsSystemImpl (MetricsSystemImpl.java:register(276)) - Sink prometheus already exists!
2020-07-02 08:47:35,858 [Listener at 127.0.0.1/44281] INFO  http.BaseHttpServer (BaseHttpServer.java:updateConnectorAddress(327)) - HTTP server of hddsDatanode listening at http://0.0.0.0:38393
2020-07-02 08:47:35,860 [Listener at 127.0.0.1/44281] INFO  impl.MetricsSystemImpl (MetricsSystemImpl.java:init(158)) - HddsDatanode metrics system started (again)
2020-07-02 08:47:35,864 [Listener at 127.0.0.1/44281] INFO  ozone.HddsDatanodeService (HddsDatanodeService.java:start(197)) - HddsDatanodeService host:06760bff8a89 ip:172.17.0.2
2020-07-02 08:47:35,869 [org.apache.hadoop.util.JvmPauseMonitor$Monitor@2c70087b] INFO  util.JvmPauseMonitor (JvmPauseMonitor.java:run(188)) - Starting JVM pause monitor
2020-07-02 08:47:35,870 [Datanode State Machine Thread - 0] INFO  datanode.InitDatanodeState (InitDatanodeState.java:persistContainerDatanodeDetails(145)) - DatanodeDetails is persisted to /github/workspace/mnt/ozone/hadoop-ozone/integration-test/target/test-dir/MiniOzoneClusterImpl-2ea21c0c-9bca-4642-a989-259fb4fcb281/datanode-6/meta/datanode.id
2020-07-02 08:47:35,871 [Listener at 127.0.0.1/44281] INFO  volume.HddsVolume (HddsVolume.java:<init>(176)) - Creating Volume: /github/workspace/mnt/ozone/hadoop-ozone/integration-test/target/test-dir/MiniOzoneClusterImpl-2ea21c0c-9bca-4642-a989-259fb4fcb281/datanode-7/data-0/containers/hdds of storage type : DISK and capacity : 9223372036854775807
2020-07-02 08:47:35,871 [Listener at 127.0.0.1/44281] INFO  volume.MutableVolumeSet (MutableVolumeSet.java:initializeVolumeSet(181)) - Added Volume : /github/workspace/mnt/ozone/hadoop-ozone/integration-test/target/test-dir/MiniOzoneClusterImpl-2ea21c0c-9bca-4642-a989-259fb4fcb281/datanode-7/data-0/containers/hdds to VolumeSet
2020-07-02 08:47:35,871 [Listener at 127.0.0.1/44281] INFO  volume.ThrottledAsyncChecker (ThrottledAsyncChecker.java:schedule(141)) - Scheduling a check for /github/workspace/mnt/ozone/hadoop-ozone/integration-test/target/test-dir/MiniOzoneClusterImpl-2ea21c0c-9bca-4642-a989-259fb4fcb281/datanode-7/data-0/containers/hdds
2020-07-02 08:47:35,871 [Listener at 127.0.0.1/44281] INFO  volume.HddsVolumeChecker (HddsVolumeChecker.java:checkAllVolumes(200)) - Scheduled health check for volume /github/workspace/mnt/ozone/hadoop-ozone/integration-test/target/test-dir/MiniOzoneClusterImpl-2ea21c0c-9bca-4642-a989-259fb4fcb281/datanode-7/data-0/containers/hdds
2020-07-02 08:47:35,885 [Listener at 127.0.0.1/44281] INFO  impl.RaftServerProxy (ConfUtils.java:logGet(44)) - raft.rpc.type = GRPC (default)
2020-07-02 08:47:35,885 [Listener at 127.0.0.1/44281] INFO  grpc.GrpcFactory (GrpcFactory.java:checkPooledByteBufAllocatorUseCacheForAllThreads(45)) - PERFORMANCE WARNING: useCacheForAllThreads is true that may cause Netty to create a lot garbage objects and, as a result, trigger GC.
	It is recommended to disable useCacheForAllThreads by setting -Dorg.apache.ratis.thirdparty.io.netty.allocator.useCacheForAllThreads=false in command line.
2020-07-02 08:47:35,885 [Listener at 127.0.0.1/44281] INFO  grpc.GrpcConfigKeys (ConfUtils.java:logGet(44)) - raft.grpc.server.port = 0 (default)
2020-07-02 08:47:35,885 [Listener at 127.0.0.1/44281] INFO  server.GrpcService (ConfUtils.java:logGet(44)) - raft.grpc.message.size.max = 32MB (=33554432) (custom)
2020-07-02 08:47:35,886 [Listener at 127.0.0.1/44281] INFO  server.RaftServerConfigKeys (ConfUtils.java:logGet(44)) - raft.server.log.appender.buffer.byte-limit = 33554432 (custom)
2020-07-02 08:47:35,886 [Listener at 127.0.0.1/44281] INFO  server.GrpcService (ConfUtils.java:logGet(44)) - raft.grpc.flow.control.window = 5MB (=5242880) (custom)
2020-07-02 08:47:35,886 [Listener at 127.0.0.1/44281] INFO  server.RaftServerConfigKeys (ConfUtils.java:logGet(44)) - raft.server.rpc.request.timeout = 3000ms (default)
2020-07-02 08:47:35,887 [Listener at 127.0.0.1/44281] INFO  server.RaftServerConfigKeys (ConfUtils.java:logGet(44)) - raft.server.storage.dir = [/github/workspace/mnt/ozone/hadoop-ozone/integration-test/target/test-dir/MiniOzoneClusterImpl-2ea21c0c-9bca-4642-a989-259fb4fcb281/datanode-7/data/ratis] (custom)
2020-07-02 08:47:35,890 [Listener at 127.0.0.1/44281] INFO  http.BaseHttpServer (BaseHttpServer.java:newHttpServer2BuilderForOzone(207)) - Starting Web-server for hddsDatanode at: http://0.0.0.0:0
2020-07-02 08:47:35,890 [Listener at 127.0.0.1/44281] INFO  http.BaseHttpServer (BaseHttpServer.java:<init>(106)) - Hadoop Security Enabled: false Ozone Security Enabled: false Ozone HTTP Security Enabled: false 
2020-07-02 08:47:35,892 [Listener at 127.0.0.1/44281] INFO  server.AuthenticationFilter (AuthenticationFilter.java:constructSecretProvider(240)) - Unable to initialize FileSignerSecretProvider, falling back to use random secrets.
2020-07-02 08:47:35,893 [Listener at 127.0.0.1/44281] WARN  http.HttpRequestLog (HttpRequestLog.java:getRequestLog(103)) - Jetty request log can only be enabled using Log4j
2020-07-02 08:47:35,897 [Listener at 127.0.0.1/44281] INFO  http.HttpServer2 (HttpServer2.java:addGlobalFilter(998)) - Added global filter 'safety' (class=org.apache.hadoop.hdds.server.http.HttpServer2$QuotingInputFilter)
2020-07-02 08:47:35,897 [Listener at 127.0.0.1/44281] INFO  http.HttpServer2 (HttpServer2.java:addFilter(974)) - Added filter static_user_filter (class=org.apache.hadoop.http.lib.StaticUserWebFilter$StaticUserFilter) to context hddsDatanode
2020-07-02 08:47:35,897 [Listener at 127.0.0.1/44281] INFO  http.HttpServer2 (HttpServer2.java:addFilter(982)) - Added filter static_user_filter (class=org.apache.hadoop.http.lib.StaticUserWebFilter$StaticUserFilter) to context static
2020-07-02 08:47:35,897 [Listener at 127.0.0.1/44281] INFO  http.HttpServer2 (HttpServer2.java:addFilter(982)) - Added filter static_user_filter (class=org.apache.hadoop.http.lib.StaticUserWebFilter$StaticUserFilter) to context logs
2020-07-02 08:47:35,899 [Listener at 127.0.0.1/44281] INFO  http.HttpServer2 (HttpServer2.java:bindListener(1216)) - Jetty bound to port 35837
2020-07-02 08:47:35,899 [Listener at 127.0.0.1/44281] INFO  server.Server (Server.java:doStart(359)) - jetty-9.4.26.v20200117; built: 2020-01-17T12:35:33.676Z; git: 7b38981d25d14afb4a12ff1f2596756144edf695; jvm 1.8.0_232-b09
2020-07-02 08:47:35,902 [Listener at 127.0.0.1/44281] INFO  server.session (DefaultSessionIdManager.java:doStart(333)) - DefaultSessionIdManager workerName=node0
2020-07-02 08:47:35,902 [Listener at 127.0.0.1/44281] INFO  server.session (DefaultSessionIdManager.java:doStart(338)) - No SessionScavenger set, using defaults
2020-07-02 08:47:35,902 [Listener at 127.0.0.1/44281] INFO  server.session (HouseKeeper.java:startScavenging(140)) - node0 Scavenging every 660000ms
2020-07-02 08:47:35,903 [Listener at 127.0.0.1/44281] INFO  handler.ContextHandler (ContextHandler.java:doStart(825)) - Started o.e.j.s.ServletContextHandler@73b27c8{logs,/logs,file:///github/workspace/mnt/ozone/hadoop-ozone/integration-test/target/log,AVAILABLE}
2020-07-02 08:47:35,903 [Listener at 127.0.0.1/44281] INFO  handler.ContextHandler (ContextHandler.java:doStart(825)) - Started o.e.j.s.ServletContextHandler@7586e2f6{static,/static,jar:file:/home/user/.m2/repository/org/apache/hadoop/hadoop-hdds-container-service/0.6.0-SNAPSHOT/hadoop-hdds-container-service-0.6.0-SNAPSHOT.jar!/webapps/static,AVAILABLE}
2020-07-02 08:47:35,923 [Listener at 127.0.0.1/44281] INFO  handler.ContextHandler (ContextHandler.java:doStart(825)) - Started o.e.j.w.WebAppContext@28be6af9{hddsDatanode,/,file:///tmp/jetty-0_0_0_0-35837-hadoop-hdds-container-service-0_6_0-SNAPSHOT_jar-_-any-7292203086416511377.dir/webapp/,AVAILABLE}{jar:file:/home/user/.m2/repository/org/apache/hadoop/hadoop-hdds-container-service/0.6.0-SNAPSHOT/hadoop-hdds-container-service-0.6.0-SNAPSHOT.jar!/webapps/hddsDatanode}
2020-07-02 08:47:35,937 [Listener at 127.0.0.1/44281] INFO  server.AbstractConnector (AbstractConnector.java:doStart(330)) - Started ServerConnector@72252a4f{HTTP/1.1,[http/1.1]}{0.0.0.0:35837}
2020-07-02 08:47:35,938 [Listener at 127.0.0.1/44281] INFO  server.Server (Server.java:doStart(399)) - Started @83358ms
2020-07-02 08:47:35,939 [Listener at 127.0.0.1/44281] WARN  impl.MetricsSystemImpl (MetricsSystemImpl.java:register(276)) - Sink prometheus already exists!
2020-07-02 08:47:35,942 [Listener at 127.0.0.1/44281] INFO  http.BaseHttpServer (BaseHttpServer.java:updateConnectorAddress(327)) - HTTP server of hddsDatanode listening at http://0.0.0.0:35837
2020-07-02 08:47:35,944 [Listener at 127.0.0.1/44281] INFO  impl.MetricsSystemImpl (MetricsSystemImpl.java:init(158)) - HddsDatanode metrics system started (again)
2020-07-02 08:47:35,947 [Listener at 127.0.0.1/44281] INFO  ozone.HddsDatanodeService (HddsDatanodeService.java:start(197)) - HddsDatanodeService host:06760bff8a89 ip:172.17.0.2
2020-07-02 08:47:35,948 [Listener at 127.0.0.1/44281] INFO  volume.HddsVolume (HddsVolume.java:<init>(176)) - Creating Volume: /github/workspace/mnt/ozone/hadoop-ozone/integration-test/target/test-dir/MiniOzoneClusterImpl-2ea21c0c-9bca-4642-a989-259fb4fcb281/datanode-8/data-0/containers/hdds of storage type : DISK and capacity : 9223372036854775807
2020-07-02 08:47:35,948 [Listener at 127.0.0.1/44281] INFO  volume.MutableVolumeSet (MutableVolumeSet.java:initializeVolumeSet(181)) - Added Volume : /github/workspace/mnt/ozone/hadoop-ozone/integration-test/target/test-dir/MiniOzoneClusterImpl-2ea21c0c-9bca-4642-a989-259fb4fcb281/datanode-8/data-0/containers/hdds to VolumeSet
2020-07-02 08:47:35,948 [Listener at 127.0.0.1/44281] INFO  volume.ThrottledAsyncChecker (ThrottledAsyncChecker.java:schedule(141)) - Scheduling a check for /github/workspace/mnt/ozone/hadoop-ozone/integration-test/target/test-dir/MiniOzoneClusterImpl-2ea21c0c-9bca-4642-a989-259fb4fcb281/datanode-8/data-0/containers/hdds
2020-07-02 08:47:35,949 [Listener at 127.0.0.1/44281] INFO  volume.HddsVolumeChecker (HddsVolumeChecker.java:checkAllVolumes(200)) - Scheduled health check for volume /github/workspace/mnt/ozone/hadoop-ozone/integration-test/target/test-dir/MiniOzoneClusterImpl-2ea21c0c-9bca-4642-a989-259fb4fcb281/datanode-8/data-0/containers/hdds
2020-07-02 08:47:35,974 [org.apache.hadoop.util.JvmPauseMonitor$Monitor@60f9fd1a] INFO  util.JvmPauseMonitor (JvmPauseMonitor.java:run(188)) - Starting JVM pause monitor
2020-07-02 08:47:35,978 [Datanode State Machine Thread - 0] INFO  datanode.InitDatanodeState (InitDatanodeState.java:persistContainerDatanodeDetails(145)) - DatanodeDetails is persisted to /github/workspace/mnt/ozone/hadoop-ozone/integration-test/target/test-dir/MiniOzoneClusterImpl-2ea21c0c-9bca-4642-a989-259fb4fcb281/datanode-7/meta/datanode.id
2020-07-02 08:47:35,979 [Listener at 127.0.0.1/44281] INFO  impl.RaftServerProxy (ConfUtils.java:logGet(44)) - raft.rpc.type = GRPC (default)
2020-07-02 08:47:35,979 [Listener at 127.0.0.1/44281] INFO  grpc.GrpcFactory (GrpcFactory.java:checkPooledByteBufAllocatorUseCacheForAllThreads(45)) - PERFORMANCE WARNING: useCacheForAllThreads is true that may cause Netty to create a lot garbage objects and, as a result, trigger GC.
	It is recommended to disable useCacheForAllThreads by setting -Dorg.apache.ratis.thirdparty.io.netty.allocator.useCacheForAllThreads=false in command line.
2020-07-02 08:47:35,979 [Listener at 127.0.0.1/44281] INFO  grpc.GrpcConfigKeys (ConfUtils.java:logGet(44)) - raft.grpc.server.port = 0 (default)
2020-07-02 08:47:35,980 [Listener at 127.0.0.1/44281] INFO  server.GrpcService (ConfUtils.java:logGet(44)) - raft.grpc.message.size.max = 32MB (=33554432) (custom)
2020-07-02 08:47:35,980 [Listener at 127.0.0.1/44281] INFO  server.RaftServerConfigKeys (ConfUtils.java:logGet(44)) - raft.server.log.appender.buffer.byte-limit = 33554432 (custom)
2020-07-02 08:47:35,980 [Listener at 127.0.0.1/44281] INFO  server.GrpcService (ConfUtils.java:logGet(44)) - raft.grpc.flow.control.window = 5MB (=5242880) (custom)
2020-07-02 08:47:35,980 [Listener at 127.0.0.1/44281] INFO  server.RaftServerConfigKeys (ConfUtils.java:logGet(44)) - raft.server.rpc.request.timeout = 3000ms (default)
2020-07-02 08:47:35,981 [Listener at 127.0.0.1/44281] INFO  server.RaftServerConfigKeys (ConfUtils.java:logGet(44)) - raft.server.storage.dir = [/github/workspace/mnt/ozone/hadoop-ozone/integration-test/target/test-dir/MiniOzoneClusterImpl-2ea21c0c-9bca-4642-a989-259fb4fcb281/datanode-8/data/ratis] (custom)
2020-07-02 08:47:35,985 [Listener at 127.0.0.1/44281] INFO  http.BaseHttpServer (BaseHttpServer.java:newHttpServer2BuilderForOzone(207)) - Starting Web-server for hddsDatanode at: http://0.0.0.0:0
2020-07-02 08:47:35,985 [Listener at 127.0.0.1/44281] INFO  http.BaseHttpServer (BaseHttpServer.java:<init>(106)) - Hadoop Security Enabled: false Ozone Security Enabled: false Ozone HTTP Security Enabled: false 
2020-07-02 08:47:35,986 [Listener at 127.0.0.1/44281] INFO  server.AuthenticationFilter (AuthenticationFilter.java:constructSecretProvider(240)) - Unable to initialize FileSignerSecretProvider, falling back to use random secrets.
2020-07-02 08:47:35,987 [Listener at 127.0.0.1/44281] WARN  http.HttpRequestLog (HttpRequestLog.java:getRequestLog(103)) - Jetty request log can only be enabled using Log4j
2020-07-02 08:47:35,988 [Listener at 127.0.0.1/44281] INFO  http.HttpServer2 (HttpServer2.java:addGlobalFilter(998)) - Added global filter 'safety' (class=org.apache.hadoop.hdds.server.http.HttpServer2$QuotingInputFilter)
2020-07-02 08:47:35,988 [Listener at 127.0.0.1/44281] INFO  http.HttpServer2 (HttpServer2.java:addFilter(974)) - Added filter static_user_filter (class=org.apache.hadoop.http.lib.StaticUserWebFilter$StaticUserFilter) to context hddsDatanode
2020-07-02 08:47:35,988 [Listener at 127.0.0.1/44281] INFO  http.HttpServer2 (HttpServer2.java:addFilter(982)) - Added filter static_user_filter (class=org.apache.hadoop.http.lib.StaticUserWebFilter$StaticUserFilter) to context static
2020-07-02 08:47:35,988 [Listener at 127.0.0.1/44281] INFO  http.HttpServer2 (HttpServer2.java:addFilter(982)) - Added filter static_user_filter (class=org.apache.hadoop.http.lib.StaticUserWebFilter$StaticUserFilter) to context logs
2020-07-02 08:47:35,989 [Listener at 127.0.0.1/44281] INFO  http.HttpServer2 (HttpServer2.java:bindListener(1216)) - Jetty bound to port 45755
2020-07-02 08:47:35,989 [Listener at 127.0.0.1/44281] INFO  server.Server (Server.java:doStart(359)) - jetty-9.4.26.v20200117; built: 2020-01-17T12:35:33.676Z; git: 7b38981d25d14afb4a12ff1f2596756144edf695; jvm 1.8.0_232-b09
2020-07-02 08:47:35,999 [Listener at 127.0.0.1/44281] INFO  server.session (DefaultSessionIdManager.java:doStart(333)) - DefaultSessionIdManager workerName=node0
2020-07-02 08:47:35,999 [Listener at 127.0.0.1/44281] INFO  server.session (DefaultSessionIdManager.java:doStart(338)) - No SessionScavenger set, using defaults
2020-07-02 08:47:35,999 [Listener at 127.0.0.1/44281] INFO  server.session (HouseKeeper.java:startScavenging(140)) - node0 Scavenging every 600000ms
2020-07-02 08:47:35,999 [Listener at 127.0.0.1/44281] INFO  handler.ContextHandler (ContextHandler.java:doStart(825)) - Started o.e.j.s.ServletContextHandler@298009e7{logs,/logs,file:///github/workspace/mnt/ozone/hadoop-ozone/integration-test/target/log,AVAILABLE}
2020-07-02 08:47:36,000 [Listener at 127.0.0.1/44281] INFO  handler.ContextHandler (ContextHandler.java:doStart(825)) - Started o.e.j.s.ServletContextHandler@4252a230{static,/static,jar:file:/home/user/.m2/repository/org/apache/hadoop/hadoop-hdds-container-service/0.6.0-SNAPSHOT/hadoop-hdds-container-service-0.6.0-SNAPSHOT.jar!/webapps/static,AVAILABLE}
2020-07-02 08:47:36,014 [Listener at 127.0.0.1/44281] INFO  handler.ContextHandler (ContextHandler.java:doStart(825)) - Started o.e.j.w.WebAppContext@609ca596{hddsDatanode,/,file:///tmp/jetty-0_0_0_0-45755-hadoop-hdds-container-service-0_6_0-SNAPSHOT_jar-_-any-5089068308897013407.dir/webapp/,AVAILABLE}{jar:file:/home/user/.m2/repository/org/apache/hadoop/hadoop-hdds-container-service/0.6.0-SNAPSHOT/hadoop-hdds-container-service-0.6.0-SNAPSHOT.jar!/webapps/hddsDatanode}
2020-07-02 08:47:36,016 [Listener at 127.0.0.1/44281] INFO  server.AbstractConnector (AbstractConnector.java:doStart(330)) - Started ServerConnector@4c0637c{HTTP/1.1,[http/1.1]}{0.0.0.0:45755}
2020-07-02 08:47:36,016 [Listener at 127.0.0.1/44281] INFO  server.Server (Server.java:doStart(399)) - Started @83436ms
2020-07-02 08:47:36,016 [Listener at 127.0.0.1/44281] WARN  impl.MetricsSystemImpl (MetricsSystemImpl.java:register(276)) - Sink prometheus already exists!
2020-07-02 08:47:36,019 [Listener at 127.0.0.1/44281] INFO  http.BaseHttpServer (BaseHttpServer.java:updateConnectorAddress(327)) - HTTP server of hddsDatanode listening at http://0.0.0.0:45755
2020-07-02 08:47:36,019 [Listener at 127.0.0.1/44281] INFO  impl.MetricsSystemImpl (MetricsSystemImpl.java:init(158)) - HddsDatanode metrics system started (again)
2020-07-02 08:47:36,022 [Listener at 127.0.0.1/44281] INFO  ozone.HddsDatanodeService (HddsDatanodeService.java:start(197)) - HddsDatanodeService host:06760bff8a89 ip:172.17.0.2
2020-07-02 08:47:36,026 [Listener at 127.0.0.1/44281] INFO  volume.HddsVolume (HddsVolume.java:<init>(176)) - Creating Volume: /github/workspace/mnt/ozone/hadoop-ozone/integration-test/target/test-dir/MiniOzoneClusterImpl-2ea21c0c-9bca-4642-a989-259fb4fcb281/datanode-9/data-0/containers/hdds of storage type : DISK and capacity : 9223372036854775807
2020-07-02 08:47:36,026 [Listener at 127.0.0.1/44281] INFO  volume.MutableVolumeSet (MutableVolumeSet.java:initializeVolumeSet(181)) - Added Volume : /github/workspace/mnt/ozone/hadoop-ozone/integration-test/target/test-dir/MiniOzoneClusterImpl-2ea21c0c-9bca-4642-a989-259fb4fcb281/datanode-9/data-0/containers/hdds to VolumeSet
2020-07-02 08:47:36,026 [Listener at 127.0.0.1/44281] INFO  volume.ThrottledAsyncChecker (ThrottledAsyncChecker.java:schedule(141)) - Scheduling a check for /github/workspace/mnt/ozone/hadoop-ozone/integration-test/target/test-dir/MiniOzoneClusterImpl-2ea21c0c-9bca-4642-a989-259fb4fcb281/datanode-9/data-0/containers/hdds
2020-07-02 08:47:36,028 [Listener at 127.0.0.1/44281] INFO  volume.HddsVolumeChecker (HddsVolumeChecker.java:checkAllVolumes(200)) - Scheduled health check for volume /github/workspace/mnt/ozone/hadoop-ozone/integration-test/target/test-dir/MiniOzoneClusterImpl-2ea21c0c-9bca-4642-a989-259fb4fcb281/datanode-9/data-0/containers/hdds
2020-07-02 08:47:36,031 [org.apache.hadoop.util.JvmPauseMonitor$Monitor@4d6eb010] INFO  util.JvmPauseMonitor (JvmPauseMonitor.java:run(188)) - Starting JVM pause monitor
2020-07-02 08:47:36,032 [Datanode State Machine Thread - 0] INFO  datanode.InitDatanodeState (InitDatanodeState.java:persistContainerDatanodeDetails(145)) - DatanodeDetails is persisted to /github/workspace/mnt/ozone/hadoop-ozone/integration-test/target/test-dir/MiniOzoneClusterImpl-2ea21c0c-9bca-4642-a989-259fb4fcb281/datanode-8/meta/datanode.id
2020-07-02 08:47:36,042 [Listener at 127.0.0.1/44281] INFO  impl.RaftServerProxy (ConfUtils.java:logGet(44)) - raft.rpc.type = GRPC (default)
2020-07-02 08:47:36,042 [Listener at 127.0.0.1/44281] INFO  grpc.GrpcFactory (GrpcFactory.java:checkPooledByteBufAllocatorUseCacheForAllThreads(45)) - PERFORMANCE WARNING: useCacheForAllThreads is true that may cause Netty to create a lot garbage objects and, as a result, trigger GC.
	It is recommended to disable useCacheForAllThreads by setting -Dorg.apache.ratis.thirdparty.io.netty.allocator.useCacheForAllThreads=false in command line.
2020-07-02 08:47:36,042 [Listener at 127.0.0.1/44281] INFO  grpc.GrpcConfigKeys (ConfUtils.java:logGet(44)) - raft.grpc.server.port = 0 (default)
2020-07-02 08:47:36,042 [Listener at 127.0.0.1/44281] INFO  server.GrpcService (ConfUtils.java:logGet(44)) - raft.grpc.message.size.max = 32MB (=33554432) (custom)
2020-07-02 08:47:36,042 [Listener at 127.0.0.1/44281] INFO  server.RaftServerConfigKeys (ConfUtils.java:logGet(44)) - raft.server.log.appender.buffer.byte-limit = 33554432 (custom)
2020-07-02 08:47:36,042 [Listener at 127.0.0.1/44281] INFO  server.GrpcService (ConfUtils.java:logGet(44)) - raft.grpc.flow.control.window = 5MB (=5242880) (custom)
2020-07-02 08:47:36,043 [Listener at 127.0.0.1/44281] INFO  server.RaftServerConfigKeys (ConfUtils.java:logGet(44)) - raft.server.rpc.request.timeout = 3000ms (default)
2020-07-02 08:47:36,043 [Listener at 127.0.0.1/44281] INFO  server.RaftServerConfigKeys (ConfUtils.java:logGet(44)) - raft.server.storage.dir = [/github/workspace/mnt/ozone/hadoop-ozone/integration-test/target/test-dir/MiniOzoneClusterImpl-2ea21c0c-9bca-4642-a989-259fb4fcb281/datanode-9/data/ratis] (custom)
2020-07-02 08:47:36,047 [Listener at 127.0.0.1/44281] INFO  http.BaseHttpServer (BaseHttpServer.java:newHttpServer2BuilderForOzone(207)) - Starting Web-server for hddsDatanode at: http://0.0.0.0:0
2020-07-02 08:47:36,047 [Listener at 127.0.0.1/44281] INFO  http.BaseHttpServer (BaseHttpServer.java:<init>(106)) - Hadoop Security Enabled: false Ozone Security Enabled: false Ozone HTTP Security Enabled: false 
2020-07-02 08:47:36,048 [Listener at 127.0.0.1/44281] INFO  server.AuthenticationFilter (AuthenticationFilter.java:constructSecretProvider(240)) - Unable to initialize FileSignerSecretProvider, falling back to use random secrets.
2020-07-02 08:47:36,049 [Listener at 127.0.0.1/44281] WARN  http.HttpRequestLog (HttpRequestLog.java:getRequestLog(103)) - Jetty request log can only be enabled using Log4j
2020-07-02 08:47:36,049 [Listener at 127.0.0.1/44281] INFO  http.HttpServer2 (HttpServer2.java:addGlobalFilter(998)) - Added global filter 'safety' (class=org.apache.hadoop.hdds.server.http.HttpServer2$QuotingInputFilter)
2020-07-02 08:47:36,050 [Listener at 127.0.0.1/44281] INFO  http.HttpServer2 (HttpServer2.java:addFilter(974)) - Added filter static_user_filter (class=org.apache.hadoop.http.lib.StaticUserWebFilter$StaticUserFilter) to context hddsDatanode
2020-07-02 08:47:36,050 [Listener at 127.0.0.1/44281] INFO  http.HttpServer2 (HttpServer2.java:addFilter(982)) - Added filter static_user_filter (class=org.apache.hadoop.http.lib.StaticUserWebFilter$StaticUserFilter) to context logs
2020-07-02 08:47:36,050 [Listener at 127.0.0.1/44281] INFO  http.HttpServer2 (HttpServer2.java:addFilter(982)) - Added filter static_user_filter (class=org.apache.hadoop.http.lib.StaticUserWebFilter$StaticUserFilter) to context static
2020-07-02 08:47:36,050 [Listener at 127.0.0.1/44281] INFO  http.HttpServer2 (HttpServer2.java:bindListener(1216)) - Jetty bound to port 33883
2020-07-02 08:47:36,050 [Listener at 127.0.0.1/44281] INFO  server.Server (Server.java:doStart(359)) - jetty-9.4.26.v20200117; built: 2020-01-17T12:35:33.676Z; git: 7b38981d25d14afb4a12ff1f2596756144edf695; jvm 1.8.0_232-b09
2020-07-02 08:47:36,052 [Listener at 127.0.0.1/44281] INFO  server.session (DefaultSessionIdManager.java:doStart(333)) - DefaultSessionIdManager workerName=node0
2020-07-02 08:47:36,052 [Listener at 127.0.0.1/44281] INFO  server.session (DefaultSessionIdManager.java:doStart(338)) - No SessionScavenger set, using defaults
2020-07-02 08:47:36,052 [Listener at 127.0.0.1/44281] INFO  server.session (HouseKeeper.java:startScavenging(140)) - node0 Scavenging every 660000ms
2020-07-02 08:47:36,053 [Listener at 127.0.0.1/44281] INFO  handler.ContextHandler (ContextHandler.java:doStart(825)) - Started o.e.j.s.ServletContextHandler@4ecd7017{logs,/logs,file:///github/workspace/mnt/ozone/hadoop-ozone/integration-test/target/log,AVAILABLE}
2020-07-02 08:47:36,053 [Listener at 127.0.0.1/44281] INFO  handler.ContextHandler (ContextHandler.java:doStart(825)) - Started o.e.j.s.ServletContextHandler@87f1e90{static,/static,jar:file:/home/user/.m2/repository/org/apache/hadoop/hadoop-hdds-container-service/0.6.0-SNAPSHOT/hadoop-hdds-container-service-0.6.0-SNAPSHOT.jar!/webapps/static,AVAILABLE}
2020-07-02 08:47:36,067 [Listener at 127.0.0.1/44281] INFO  handler.ContextHandler (ContextHandler.java:doStart(825)) - Started o.e.j.w.WebAppContext@31287200{hddsDatanode,/,file:///tmp/jetty-0_0_0_0-33883-hadoop-hdds-container-service-0_6_0-SNAPSHOT_jar-_-any-3223392073071645890.dir/webapp/,AVAILABLE}{jar:file:/home/user/.m2/repository/org/apache/hadoop/hadoop-hdds-container-service/0.6.0-SNAPSHOT/hadoop-hdds-container-service-0.6.0-SNAPSHOT.jar!/webapps/hddsDatanode}
2020-07-02 08:47:36,068 [Listener at 127.0.0.1/44281] INFO  server.AbstractConnector (AbstractConnector.java:doStart(330)) - Started ServerConnector@4c9226c8{HTTP/1.1,[http/1.1]}{0.0.0.0:33883}
2020-07-02 08:47:36,068 [Listener at 127.0.0.1/44281] INFO  server.Server (Server.java:doStart(399)) - Started @83488ms
2020-07-02 08:47:36,068 [Listener at 127.0.0.1/44281] WARN  impl.MetricsSystemImpl (MetricsSystemImpl.java:register(276)) - Sink prometheus already exists!
2020-07-02 08:47:36,070 [Listener at 127.0.0.1/44281] INFO  http.BaseHttpServer (BaseHttpServer.java:updateConnectorAddress(327)) - HTTP server of hddsDatanode listening at http://0.0.0.0:33883
2020-07-02 08:47:36,071 [Listener at 127.0.0.1/44281] INFO  ozone.MiniOzoneClusterImpl (MiniOzoneClusterImpl.java:lambda$waitForClusterToBeReady$0(177)) - Waiting for nodes to be ready. Got 0 of 10 DN Heartbeats.
2020-07-02 08:47:36,072 [Listener at 127.0.0.1/44281] INFO  ozone.MiniOzoneClusterImpl (MiniOzoneClusterImpl.java:lambda$waitForClusterToBeReady$0(180)) - Waiting for cluster to exit safe mode
2020-07-02 08:47:36,074 [org.apache.hadoop.util.JvmPauseMonitor$Monitor@7a29dc22] INFO  util.JvmPauseMonitor (JvmPauseMonitor.java:run(188)) - Starting JVM pause monitor
2020-07-02 08:47:36,074 [Datanode State Machine Thread - 0] INFO  datanode.InitDatanodeState (InitDatanodeState.java:persistContainerDatanodeDetails(145)) - DatanodeDetails is persisted to /github/workspace/mnt/ozone/hadoop-ozone/integration-test/target/test-dir/MiniOzoneClusterImpl-2ea21c0c-9bca-4642-a989-259fb4fcb281/datanode-9/meta/datanode.id
2020-07-02 08:47:37,072 [Listener at 127.0.0.1/44281] INFO  ozone.MiniOzoneClusterImpl (MiniOzoneClusterImpl.java:lambda$waitForClusterToBeReady$0(177)) - Waiting for nodes to be ready. Got 0 of 10 DN Heartbeats.
2020-07-02 08:47:37,072 [Listener at 127.0.0.1/44281] INFO  ozone.MiniOzoneClusterImpl (MiniOzoneClusterImpl.java:lambda$waitForClusterToBeReady$0(180)) - Waiting for cluster to exit safe mode
2020-07-02 08:47:37,496 [Datanode State Machine Thread - 0] INFO  ozoneimpl.OzoneContainer (OzoneContainer.java:start(232)) - Attempting to start container services.
2020-07-02 08:47:37,496 [Datanode State Machine Thread - 0] INFO  ozoneimpl.OzoneContainer (OzoneContainer.java:startContainerScrub(196)) - Background container scanner has been disabled.
2020-07-02 08:47:37,496 [Datanode State Machine Thread - 0] INFO  ratis.XceiverServerRatis (XceiverServerRatis.java:start(425)) - Starting XceiverServerRatis 26f1b97f-198a-4bc6-840d-b3fa7ce7fcfa at port 0
2020-07-02 08:47:37,497 [Datanode State Machine Thread - 0] INFO  impl.RaftServerProxy (RaftServerProxy.java:lambda$start$3(304)) - 26f1b97f-198a-4bc6-840d-b3fa7ce7fcfa: start RPC server
2020-07-02 08:47:37,498 [Datanode State Machine Thread - 0] INFO  server.GrpcService (GrpcService.java:startImpl(160)) - 26f1b97f-198a-4bc6-840d-b3fa7ce7fcfa: GrpcService started, listening on 0.0.0.0/0.0.0.0:45833
2020-07-02 08:47:37,498 [Datanode State Machine Thread - 0] INFO  ratis.XceiverServerRatis (XceiverServerRatis.java:start(437)) - XceiverServerRatis 26f1b97f-198a-4bc6-840d-b3fa7ce7fcfa is started using port 45833
2020-07-02 08:47:37,498 [Datanode State Machine Thread - 0] INFO  server.XceiverServerGrpc (XceiverServerGrpc.java:start(145)) - XceiverServerGrpc 26f1b97f-198a-4bc6-840d-b3fa7ce7fcfa is started using port 40159
2020-07-02 08:47:37,552 [Datanode State Machine Thread - 0] INFO  ozoneimpl.OzoneContainer (OzoneContainer.java:start(232)) - Attempting to start container services.
2020-07-02 08:47:37,552 [Datanode State Machine Thread - 0] INFO  ozoneimpl.OzoneContainer (OzoneContainer.java:startContainerScrub(196)) - Background container scanner has been disabled.
2020-07-02 08:47:37,552 [Datanode State Machine Thread - 0] INFO  ratis.XceiverServerRatis (XceiverServerRatis.java:start(425)) - Starting XceiverServerRatis f7ed0b0c-c89c-471c-8c37-09edce727015 at port 0
2020-07-02 08:47:37,556 [Datanode State Machine Thread - 0] INFO  impl.RaftServerProxy (RaftServerProxy.java:lambda$start$3(304)) - f7ed0b0c-c89c-471c-8c37-09edce727015: start RPC server
2020-07-02 08:47:37,556 [Datanode State Machine Thread - 0] INFO  server.GrpcService (GrpcService.java:startImpl(160)) - f7ed0b0c-c89c-471c-8c37-09edce727015: GrpcService started, listening on 0.0.0.0/0.0.0.0:46061
2020-07-02 08:47:37,556 [Datanode State Machine Thread - 0] INFO  ratis.XceiverServerRatis (XceiverServerRatis.java:start(437)) - XceiverServerRatis f7ed0b0c-c89c-471c-8c37-09edce727015 is started using port 46061
2020-07-02 08:47:37,557 [Datanode State Machine Thread - 0] INFO  server.XceiverServerGrpc (XceiverServerGrpc.java:start(145)) - XceiverServerGrpc f7ed0b0c-c89c-471c-8c37-09edce727015 is started using port 34135
2020-07-02 08:47:37,604 [Datanode State Machine Thread - 0] INFO  ozoneimpl.OzoneContainer (OzoneContainer.java:start(232)) - Attempting to start container services.
2020-07-02 08:47:37,604 [Datanode State Machine Thread - 0] INFO  ozoneimpl.OzoneContainer (OzoneContainer.java:startContainerScrub(196)) - Background container scanner has been disabled.
2020-07-02 08:47:37,604 [Datanode State Machine Thread - 0] INFO  ratis.XceiverServerRatis (XceiverServerRatis.java:start(425)) - Starting XceiverServerRatis c4f8bc01-7deb-4cd9-a6c1-654553e0e0ff at port 0
2020-07-02 08:47:37,606 [Datanode State Machine Thread - 0] INFO  impl.RaftServerProxy (RaftServerProxy.java:lambda$start$3(304)) - c4f8bc01-7deb-4cd9-a6c1-654553e0e0ff: start RPC server
2020-07-02 08:47:37,607 [Datanode State Machine Thread - 0] INFO  server.GrpcService (GrpcService.java:startImpl(160)) - c4f8bc01-7deb-4cd9-a6c1-654553e0e0ff: GrpcService started, listening on 0.0.0.0/0.0.0.0:33519
2020-07-02 08:47:37,607 [Datanode State Machine Thread - 0] INFO  ratis.XceiverServerRatis (XceiverServerRatis.java:start(437)) - XceiverServerRatis c4f8bc01-7deb-4cd9-a6c1-654553e0e0ff is started using port 33519
2020-07-02 08:47:37,608 [Datanode State Machine Thread - 0] INFO  server.XceiverServerGrpc (XceiverServerGrpc.java:start(145)) - XceiverServerGrpc c4f8bc01-7deb-4cd9-a6c1-654553e0e0ff is started using port 46133
2020-07-02 08:47:37,667 [Datanode State Machine Thread - 0] INFO  ozoneimpl.OzoneContainer (OzoneContainer.java:start(232)) - Attempting to start container services.
2020-07-02 08:47:37,667 [Datanode State Machine Thread - 0] INFO  ozoneimpl.OzoneContainer (OzoneContainer.java:startContainerScrub(196)) - Background container scanner has been disabled.
2020-07-02 08:47:37,667 [Datanode State Machine Thread - 0] INFO  ratis.XceiverServerRatis (XceiverServerRatis.java:start(425)) - Starting XceiverServerRatis b5ee9bf6-c323-4b90-8393-8aea495c4582 at port 0
2020-07-02 08:47:37,669 [Datanode State Machine Thread - 0] INFO  impl.RaftServerProxy (RaftServerProxy.java:lambda$start$3(304)) - b5ee9bf6-c323-4b90-8393-8aea495c4582: start RPC server
2020-07-02 08:47:37,669 [Datanode State Machine Thread - 0] INFO  server.GrpcService (GrpcService.java:startImpl(160)) - b5ee9bf6-c323-4b90-8393-8aea495c4582: GrpcService started, listening on 0.0.0.0/0.0.0.0:35087
2020-07-02 08:47:37,669 [Datanode State Machine Thread - 0] INFO  ratis.XceiverServerRatis (XceiverServerRatis.java:start(437)) - XceiverServerRatis b5ee9bf6-c323-4b90-8393-8aea495c4582 is started using port 35087
2020-07-02 08:47:37,670 [Datanode State Machine Thread - 0] INFO  server.XceiverServerGrpc (XceiverServerGrpc.java:start(145)) - XceiverServerGrpc b5ee9bf6-c323-4b90-8393-8aea495c4582 is started using port 34263
2020-07-02 08:47:37,731 [Datanode State Machine Thread - 0] INFO  ozoneimpl.OzoneContainer (OzoneContainer.java:start(232)) - Attempting to start container services.
2020-07-02 08:47:37,731 [Datanode State Machine Thread - 0] INFO  ozoneimpl.OzoneContainer (OzoneContainer.java:startContainerScrub(196)) - Background container scanner has been disabled.
2020-07-02 08:47:37,731 [Datanode State Machine Thread - 0] INFO  ratis.XceiverServerRatis (XceiverServerRatis.java:start(425)) - Starting XceiverServerRatis a3230122-e9f1-469c-a445-fc983e5286bd at port 0
2020-07-02 08:47:37,732 [Datanode State Machine Thread - 0] INFO  impl.RaftServerProxy (RaftServerProxy.java:lambda$start$3(304)) - a3230122-e9f1-469c-a445-fc983e5286bd: start RPC server
2020-07-02 08:47:37,732 [Datanode State Machine Thread - 0] INFO  server.GrpcService (GrpcService.java:startImpl(160)) - a3230122-e9f1-469c-a445-fc983e5286bd: GrpcService started, listening on 0.0.0.0/0.0.0.0:39051
2020-07-02 08:47:37,733 [Datanode State Machine Thread - 0] INFO  ratis.XceiverServerRatis (XceiverServerRatis.java:start(437)) - XceiverServerRatis a3230122-e9f1-469c-a445-fc983e5286bd is started using port 39051
2020-07-02 08:47:37,735 [Datanode State Machine Thread - 0] INFO  server.XceiverServerGrpc (XceiverServerGrpc.java:start(145)) - XceiverServerGrpc a3230122-e9f1-469c-a445-fc983e5286bd is started using port 33191
2020-07-02 08:47:37,816 [Datanode State Machine Thread - 0] INFO  ozoneimpl.OzoneContainer (OzoneContainer.java:start(232)) - Attempting to start container services.
2020-07-02 08:47:37,816 [Datanode State Machine Thread - 0] INFO  ozoneimpl.OzoneContainer (OzoneContainer.java:startContainerScrub(196)) - Background container scanner has been disabled.
2020-07-02 08:47:37,817 [Datanode State Machine Thread - 0] INFO  ratis.XceiverServerRatis (XceiverServerRatis.java:start(425)) - Starting XceiverServerRatis d4095b94-faf8-4714-9e04-9d2538430758 at port 0
2020-07-02 08:47:37,817 [Datanode State Machine Thread - 0] INFO  impl.RaftServerProxy (RaftServerProxy.java:lambda$start$3(304)) - d4095b94-faf8-4714-9e04-9d2538430758: start RPC server
2020-07-02 08:47:37,818 [Datanode State Machine Thread - 0] INFO  server.GrpcService (GrpcService.java:startImpl(160)) - d4095b94-faf8-4714-9e04-9d2538430758: GrpcService started, listening on 0.0.0.0/0.0.0.0:35223
2020-07-02 08:47:37,818 [Datanode State Machine Thread - 0] INFO  ratis.XceiverServerRatis (XceiverServerRatis.java:start(437)) - XceiverServerRatis d4095b94-faf8-4714-9e04-9d2538430758 is started using port 35223
2020-07-02 08:47:37,818 [Datanode State Machine Thread - 0] INFO  server.XceiverServerGrpc (XceiverServerGrpc.java:start(145)) - XceiverServerGrpc d4095b94-faf8-4714-9e04-9d2538430758 is started using port 38653
2020-07-02 08:47:37,871 [Datanode State Machine Thread - 0] INFO  ozoneimpl.OzoneContainer (OzoneContainer.java:start(232)) - Attempting to start container services.
2020-07-02 08:47:37,871 [Datanode State Machine Thread - 0] INFO  ozoneimpl.OzoneContainer (OzoneContainer.java:startContainerScrub(196)) - Background container scanner has been disabled.
2020-07-02 08:47:37,871 [Datanode State Machine Thread - 0] INFO  ratis.XceiverServerRatis (XceiverServerRatis.java:start(425)) - Starting XceiverServerRatis b62aeb05-24ab-4842-8919-6c05a4e657f5 at port 0
2020-07-02 08:47:37,872 [Datanode State Machine Thread - 0] INFO  impl.RaftServerProxy (RaftServerProxy.java:lambda$start$3(304)) - b62aeb05-24ab-4842-8919-6c05a4e657f5: start RPC server
2020-07-02 08:47:37,872 [Datanode State Machine Thread - 0] INFO  server.GrpcService (GrpcService.java:startImpl(160)) - b62aeb05-24ab-4842-8919-6c05a4e657f5: GrpcService started, listening on 0.0.0.0/0.0.0.0:40851
2020-07-02 08:47:37,873 [Datanode State Machine Thread - 0] INFO  ratis.XceiverServerRatis (XceiverServerRatis.java:start(437)) - XceiverServerRatis b62aeb05-24ab-4842-8919-6c05a4e657f5 is started using port 40851
2020-07-02 08:47:37,877 [Datanode State Machine Thread - 0] INFO  server.XceiverServerGrpc (XceiverServerGrpc.java:start(145)) - XceiverServerGrpc b62aeb05-24ab-4842-8919-6c05a4e657f5 is started using port 34599
2020-07-02 08:47:37,976 [Datanode State Machine Thread - 0] INFO  ozoneimpl.OzoneContainer (OzoneContainer.java:start(232)) - Attempting to start container services.
2020-07-02 08:47:37,977 [Datanode State Machine Thread - 0] INFO  ozoneimpl.OzoneContainer (OzoneContainer.java:startContainerScrub(196)) - Background container scanner has been disabled.
2020-07-02 08:47:37,977 [Datanode State Machine Thread - 0] INFO  ratis.XceiverServerRatis (XceiverServerRatis.java:start(425)) - Starting XceiverServerRatis aab70d5c-3498-440f-806b-05f26fe37e72 at port 0
2020-07-02 08:47:37,977 [Datanode State Machine Thread - 0] INFO  impl.RaftServerProxy (RaftServerProxy.java:lambda$start$3(304)) - aab70d5c-3498-440f-806b-05f26fe37e72: start RPC server
2020-07-02 08:47:37,978 [Datanode State Machine Thread - 0] INFO  server.GrpcService (GrpcService.java:startImpl(160)) - aab70d5c-3498-440f-806b-05f26fe37e72: GrpcService started, listening on 0.0.0.0/0.0.0.0:40789
2020-07-02 08:47:37,978 [Datanode State Machine Thread - 0] INFO  ratis.XceiverServerRatis (XceiverServerRatis.java:start(437)) - XceiverServerRatis aab70d5c-3498-440f-806b-05f26fe37e72 is started using port 40789
2020-07-02 08:47:37,978 [Datanode State Machine Thread - 0] INFO  server.XceiverServerGrpc (XceiverServerGrpc.java:start(145)) - XceiverServerGrpc aab70d5c-3498-440f-806b-05f26fe37e72 is started using port 46317
2020-07-02 08:47:38,033 [Datanode State Machine Thread - 0] INFO  ozoneimpl.OzoneContainer (OzoneContainer.java:start(232)) - Attempting to start container services.
2020-07-02 08:47:38,034 [Datanode State Machine Thread - 0] INFO  ozoneimpl.OzoneContainer (OzoneContainer.java:startContainerScrub(196)) - Background container scanner has been disabled.
2020-07-02 08:47:38,034 [Datanode State Machine Thread - 0] INFO  ratis.XceiverServerRatis (XceiverServerRatis.java:start(425)) - Starting XceiverServerRatis 7d30d443-236e-4da8-b613-0865c2b8e378 at port 0
2020-07-02 08:47:38,035 [Datanode State Machine Thread - 0] INFO  impl.RaftServerProxy (RaftServerProxy.java:lambda$start$3(304)) - 7d30d443-236e-4da8-b613-0865c2b8e378: start RPC server
2020-07-02 08:47:38,035 [Datanode State Machine Thread - 0] INFO  server.GrpcService (GrpcService.java:startImpl(160)) - 7d30d443-236e-4da8-b613-0865c2b8e378: GrpcService started, listening on 0.0.0.0/0.0.0.0:36199
2020-07-02 08:47:38,035 [Datanode State Machine Thread - 0] INFO  ratis.XceiverServerRatis (XceiverServerRatis.java:start(437)) - XceiverServerRatis 7d30d443-236e-4da8-b613-0865c2b8e378 is started using port 36199
2020-07-02 08:47:38,035 [Datanode State Machine Thread - 0] INFO  server.XceiverServerGrpc (XceiverServerGrpc.java:start(145)) - XceiverServerGrpc 7d30d443-236e-4da8-b613-0865c2b8e378 is started using port 43793
2020-07-02 08:47:38,072 [Listener at 127.0.0.1/44281] INFO  ozone.MiniOzoneClusterImpl (MiniOzoneClusterImpl.java:lambda$waitForClusterToBeReady$0(177)) - Waiting for nodes to be ready. Got 0 of 10 DN Heartbeats.
2020-07-02 08:47:38,072 [Listener at 127.0.0.1/44281] INFO  ozone.MiniOzoneClusterImpl (MiniOzoneClusterImpl.java:lambda$waitForClusterToBeReady$0(180)) - Waiting for cluster to exit safe mode
2020-07-02 08:47:38,075 [Datanode State Machine Thread - 0] INFO  ozoneimpl.OzoneContainer (OzoneContainer.java:start(232)) - Attempting to start container services.
2020-07-02 08:47:38,076 [Datanode State Machine Thread - 0] INFO  ozoneimpl.OzoneContainer (OzoneContainer.java:startContainerScrub(196)) - Background container scanner has been disabled.
2020-07-02 08:47:38,076 [Datanode State Machine Thread - 0] INFO  ratis.XceiverServerRatis (XceiverServerRatis.java:start(425)) - Starting XceiverServerRatis 01084dfa-b8b2-4a33-8af9-f7edd7c23cfb at port 0
2020-07-02 08:47:38,076 [Datanode State Machine Thread - 0] INFO  impl.RaftServerProxy (RaftServerProxy.java:lambda$start$3(304)) - 01084dfa-b8b2-4a33-8af9-f7edd7c23cfb: start RPC server
2020-07-02 08:47:38,077 [Datanode State Machine Thread - 0] INFO  server.GrpcService (GrpcService.java:startImpl(160)) - 01084dfa-b8b2-4a33-8af9-f7edd7c23cfb: GrpcService started, listening on 0.0.0.0/0.0.0.0:33373
2020-07-02 08:47:38,077 [Datanode State Machine Thread - 0] INFO  ratis.XceiverServerRatis (XceiverServerRatis.java:start(437)) - XceiverServerRatis 01084dfa-b8b2-4a33-8af9-f7edd7c23cfb is started using port 33373
2020-07-02 08:47:38,079 [Datanode State Machine Thread - 0] INFO  server.XceiverServerGrpc (XceiverServerGrpc.java:start(145)) - XceiverServerGrpc 01084dfa-b8b2-4a33-8af9-f7edd7c23cfb is started using port 37975
2020-07-02 08:47:39,073 [Listener at 127.0.0.1/44281] INFO  ozone.MiniOzoneClusterImpl (MiniOzoneClusterImpl.java:lambda$waitForClusterToBeReady$0(177)) - Waiting for nodes to be ready. Got 0 of 10 DN Heartbeats.
2020-07-02 08:47:39,073 [Listener at 127.0.0.1/44281] INFO  ozone.MiniOzoneClusterImpl (MiniOzoneClusterImpl.java:lambda$waitForClusterToBeReady$0(180)) - Waiting for cluster to exit safe mode
2020-07-02 08:47:39,491 [IPC Server handler 0 on default port 33313] INFO  net.NetworkTopology (NetworkTopologyImpl.java:add(111)) - Added a new node: /rack1/26f1b97f-198a-4bc6-840d-b3fa7ce7fcfa
2020-07-02 08:47:39,492 [IPC Server handler 0 on default port 33313] INFO  node.SCMNodeManager (SCMNodeManager.java:register(268)) - Registered Data node : 26f1b97f-198a-4bc6-840d-b3fa7ce7fcfa{ip: 172.17.0.2, host: 06760bff8a89, networkLocation: /rack1, certSerialId: null}
2020-07-02 08:47:39,492 [RatisPipelineUtilsThread] INFO  pipeline.RatisPipelineProvider (RatisPipelineProvider.java:lambda$create$0(138)) - Sending CreatePipelineCommand for pipeline:PipelineID=760ae7a8-12fb-4fce-8f2d-dda07415e3c3 to datanode:26f1b97f-198a-4bc6-840d-b3fa7ce7fcfa
2020-07-02 08:47:39,493 [EventQueue-NodeRegistrationContainerReportForDataNodeSafeModeRule] INFO  safemode.SCMSafeModeManager (DataNodeSafeModeRule.java:process(71)) - SCM in safe mode. 1 DataNodes registered, 1 required.
2020-07-02 08:47:39,493 [EventQueue-NodeRegistrationContainerReportForDataNodeSafeModeRule] INFO  safemode.SCMSafeModeManager (SCMSafeModeManager.java:validateSafeModeExitRules(214)) - DataNodeSafeModeRule rule is successfully validated
2020-07-02 08:47:39,493 [EventQueue-NodeRegistrationContainerReportForDataNodeSafeModeRule] INFO  safemode.SCMSafeModeManager (SCMSafeModeManager.java:completePreCheck(242)) - All SCM safe mode pre check rules have passed
2020-07-02 08:47:39,494 [RatisPipelineUtilsThread] INFO  pipeline.PipelineStateManager (PipelineStateManager.java:addPipeline(54)) - Created pipeline Pipeline[ Id: 760ae7a8-12fb-4fce-8f2d-dda07415e3c3, Nodes: 26f1b97f-198a-4bc6-840d-b3fa7ce7fcfa{ip: 172.17.0.2, host: 06760bff8a89, networkLocation: /rack1, certSerialId: null}, Type:RATIS, Factor:ONE, State:ALLOCATED, leaderId:, CreationTimestamp2020-07-02T08:47:39.492Z]
2020-07-02 08:47:39,494 [RatisPipelineUtilsThread] ERROR pipeline.SCMPipelineManager (SCMPipelineManager.java:createPipeline(222)) - Failed to create pipeline of type RATIS and factor ONE. Exception: Cannot create pipeline of factor 1 using 0 nodes. Used 1 nodes. Healthy nodes 1
2020-07-02 08:47:39,494 [RatisPipelineUtilsThread] WARN  pipeline.PipelinePlacementPolicy (PipelinePlacementPolicy.java:filterViableNodes(133)) - Pipeline creation failed due to no sufficient healthy datanodes. Required 3. Found 1.
2020-07-02 08:47:39,494 [RatisPipelineUtilsThread] ERROR pipeline.SCMPipelineManager (SCMPipelineManager.java:createPipeline(222)) - Failed to create pipeline of type RATIS and factor THREE. Exception: Pipeline creation failed due to no sufficient healthy datanodes. Required 3. Found 1.
2020-07-02 08:47:39,495 [EventQueue-NodeRegistrationContainerReportForContainerSafeModeRule] INFO  safemode.SCMSafeModeManager (SCMSafeModeManager.java:validateSafeModeExitRules(214)) - ContainerSafeModeRule rule is successfully validated
2020-07-02 08:47:39,550 [IPC Server handler 1 on default port 33313] INFO  net.NetworkTopology (NetworkTopologyImpl.java:add(111)) - Added a new node: /rack1/f7ed0b0c-c89c-471c-8c37-09edce727015
2020-07-02 08:47:39,551 [IPC Server handler 1 on default port 33313] INFO  node.SCMNodeManager (SCMNodeManager.java:register(268)) - Registered Data node : f7ed0b0c-c89c-471c-8c37-09edce727015{ip: 172.17.0.2, host: 06760bff8a89, networkLocation: /rack1, certSerialId: null}
2020-07-02 08:47:39,551 [EventQueue-NodeRegistrationContainerReportForDataNodeSafeModeRule] INFO  safemode.SCMSafeModeManager (SCMSafeModeManager.java:validateSafeModeExitRules(214)) - DataNodeSafeModeRule rule is successfully validated
2020-07-02 08:47:39,551 [EventQueue-NodeRegistrationContainerReportForContainerSafeModeRule] INFO  safemode.SCMSafeModeManager (SCMSafeModeManager.java:validateSafeModeExitRules(214)) - ContainerSafeModeRule rule is successfully validated
2020-07-02 08:47:39,551 [RatisPipelineUtilsThread] INFO  pipeline.RatisPipelineProvider (RatisPipelineProvider.java:lambda$create$0(138)) - Sending CreatePipelineCommand for pipeline:PipelineID=be1ee5aa-0dfb-4c4c-b953-4c1530fd2b30 to datanode:f7ed0b0c-c89c-471c-8c37-09edce727015
2020-07-02 08:47:39,552 [RatisPipelineUtilsThread] INFO  pipeline.PipelineStateManager (PipelineStateManager.java:addPipeline(54)) - Created pipeline Pipeline[ Id: be1ee5aa-0dfb-4c4c-b953-4c1530fd2b30, Nodes: f7ed0b0c-c89c-471c-8c37-09edce727015{ip: 172.17.0.2, host: 06760bff8a89, networkLocation: /rack1, certSerialId: null}, Type:RATIS, Factor:ONE, State:ALLOCATED, leaderId:, CreationTimestamp2020-07-02T08:47:39.551Z]
2020-07-02 08:47:39,552 [RatisPipelineUtilsThread] ERROR pipeline.SCMPipelineManager (SCMPipelineManager.java:createPipeline(222)) - Failed to create pipeline of type RATIS and factor ONE. Exception: Cannot create pipeline of factor 1 using 0 nodes. Used 2 nodes. Healthy nodes 2
2020-07-02 08:47:39,552 [RatisPipelineUtilsThread] WARN  pipeline.PipelinePlacementPolicy (PipelinePlacementPolicy.java:filterViableNodes(133)) - Pipeline creation failed due to no sufficient healthy datanodes. Required 3. Found 2.
2020-07-02 08:47:39,552 [RatisPipelineUtilsThread] ERROR pipeline.SCMPipelineManager (SCMPipelineManager.java:createPipeline(222)) - Failed to create pipeline of type RATIS and factor THREE. Exception: Pipeline creation failed due to no sufficient healthy datanodes. Required 3. Found 2.
2020-07-02 08:47:39,603 [IPC Server handler 2 on default port 33313] INFO  net.NetworkTopology (NetworkTopologyImpl.java:add(111)) - Added a new node: /rack1/c4f8bc01-7deb-4cd9-a6c1-654553e0e0ff
2020-07-02 08:47:39,603 [IPC Server handler 2 on default port 33313] INFO  node.SCMNodeManager (SCMNodeManager.java:register(268)) - Registered Data node : c4f8bc01-7deb-4cd9-a6c1-654553e0e0ff{ip: 172.17.0.2, host: 06760bff8a89, networkLocation: /rack1, certSerialId: null}
2020-07-02 08:47:39,603 [EventQueue-NodeRegistrationContainerReportForDataNodeSafeModeRule] INFO  safemode.SCMSafeModeManager (SCMSafeModeManager.java:validateSafeModeExitRules(214)) - DataNodeSafeModeRule rule is successfully validated
2020-07-02 08:47:39,604 [RatisPipelineUtilsThread] INFO  pipeline.RatisPipelineProvider (RatisPipelineProvider.java:lambda$create$0(138)) - Sending CreatePipelineCommand for pipeline:PipelineID=38d0021e-233c-4bcb-922a-86fe461f22b8 to datanode:c4f8bc01-7deb-4cd9-a6c1-654553e0e0ff
2020-07-02 08:47:39,604 [EventQueue-NodeRegistrationContainerReportForContainerSafeModeRule] INFO  safemode.SCMSafeModeManager (SCMSafeModeManager.java:validateSafeModeExitRules(214)) - ContainerSafeModeRule rule is successfully validated
2020-07-02 08:47:39,604 [RatisPipelineUtilsThread] INFO  pipeline.PipelineStateManager (PipelineStateManager.java:addPipeline(54)) - Created pipeline Pipeline[ Id: 38d0021e-233c-4bcb-922a-86fe461f22b8, Nodes: c4f8bc01-7deb-4cd9-a6c1-654553e0e0ff{ip: 172.17.0.2, host: 06760bff8a89, networkLocation: /rack1, certSerialId: null}, Type:RATIS, Factor:ONE, State:ALLOCATED, leaderId:, CreationTimestamp2020-07-02T08:47:39.604Z]
2020-07-02 08:47:39,604 [RatisPipelineUtilsThread] ERROR pipeline.SCMPipelineManager (SCMPipelineManager.java:createPipeline(222)) - Failed to create pipeline of type RATIS and factor ONE. Exception: Cannot create pipeline of factor 1 using 0 nodes. Used 3 nodes. Healthy nodes 3
2020-07-02 08:47:39,604 [RatisPipelineUtilsThread] INFO  pipeline.RatisPipelineProvider (RatisPipelineProvider.java:lambda$create$0(138)) - Sending CreatePipelineCommand for pipeline:PipelineID=91acdc32-11c2-425a-8fac-d93938ef698d to datanode:c4f8bc01-7deb-4cd9-a6c1-654553e0e0ff
2020-07-02 08:47:39,604 [RatisPipelineUtilsThread] INFO  pipeline.RatisPipelineProvider (RatisPipelineProvider.java:lambda$create$0(138)) - Sending CreatePipelineCommand for pipeline:PipelineID=91acdc32-11c2-425a-8fac-d93938ef698d to datanode:26f1b97f-198a-4bc6-840d-b3fa7ce7fcfa
2020-07-02 08:47:39,604 [RatisPipelineUtilsThread] INFO  pipeline.RatisPipelineProvider (RatisPipelineProvider.java:lambda$create$0(138)) - Sending CreatePipelineCommand for pipeline:PipelineID=91acdc32-11c2-425a-8fac-d93938ef698d to datanode:f7ed0b0c-c89c-471c-8c37-09edce727015
2020-07-02 08:47:39,605 [RatisPipelineUtilsThread] INFO  pipeline.PipelineStateManager (PipelineStateManager.java:addPipeline(54)) - Created pipeline Pipeline[ Id: 91acdc32-11c2-425a-8fac-d93938ef698d, Nodes: c4f8bc01-7deb-4cd9-a6c1-654553e0e0ff{ip: 172.17.0.2, host: 06760bff8a89, networkLocation: /rack1, certSerialId: null}26f1b97f-198a-4bc6-840d-b3fa7ce7fcfa{ip: 172.17.0.2, host: 06760bff8a89, networkLocation: /rack1, certSerialId: null}f7ed0b0c-c89c-471c-8c37-09edce727015{ip: 172.17.0.2, host: 06760bff8a89, networkLocation: /rack1, certSerialId: null}, Type:RATIS, Factor:THREE, State:ALLOCATED, leaderId:, CreationTimestamp2020-07-02T08:47:39.604Z]
2020-07-02 08:47:39,605 [RatisPipelineUtilsThread] ERROR pipeline.SCMPipelineManager (SCMPipelineManager.java:createPipeline(222)) - Failed to create pipeline of type RATIS and factor THREE. Exception: Pipeline creation failed because nodes are engaged in other pipelines and every node can only be engaged in max 2 pipelines. Required 3. Found 0
2020-07-02 08:47:39,666 [IPC Server handler 3 on default port 33313] INFO  net.NetworkTopology (NetworkTopologyImpl.java:add(111)) - Added a new node: /rack1/b5ee9bf6-c323-4b90-8393-8aea495c4582
2020-07-02 08:47:39,667 [IPC Server handler 3 on default port 33313] INFO  node.SCMNodeManager (SCMNodeManager.java:register(268)) - Registered Data node : b5ee9bf6-c323-4b90-8393-8aea495c4582{ip: 172.17.0.2, host: 06760bff8a89, networkLocation: /rack1, certSerialId: null}
2020-07-02 08:47:39,667 [RatisPipelineUtilsThread] INFO  pipeline.RatisPipelineProvider (RatisPipelineProvider.java:lambda$create$0(138)) - Sending CreatePipelineCommand for pipeline:PipelineID=7680d878-d8bc-4439-b0d6-e5fed5a09344 to datanode:b5ee9bf6-c323-4b90-8393-8aea495c4582
2020-07-02 08:47:39,668 [RatisPipelineUtilsThread] INFO  pipeline.PipelineStateManager (PipelineStateManager.java:addPipeline(54)) - Created pipeline Pipeline[ Id: 7680d878-d8bc-4439-b0d6-e5fed5a09344, Nodes: b5ee9bf6-c323-4b90-8393-8aea495c4582{ip: 172.17.0.2, host: 06760bff8a89, networkLocation: /rack1, certSerialId: null}, Type:RATIS, Factor:ONE, State:ALLOCATED, leaderId:, CreationTimestamp2020-07-02T08:47:39.667Z]
2020-07-02 08:47:39,667 [EventQueue-NodeRegistrationContainerReportForContainerSafeModeRule] INFO  safemode.SCMSafeModeManager (SCMSafeModeManager.java:validateSafeModeExitRules(214)) - ContainerSafeModeRule rule is successfully validated
2020-07-02 08:47:39,668 [EventQueue-NodeRegistrationContainerReportForDataNodeSafeModeRule] INFO  safemode.SCMSafeModeManager (SCMSafeModeManager.java:validateSafeModeExitRules(214)) - DataNodeSafeModeRule rule is successfully validated
2020-07-02 08:47:39,668 [RatisPipelineUtilsThread] ERROR pipeline.SCMPipelineManager (SCMPipelineManager.java:createPipeline(222)) - Failed to create pipeline of type RATIS and factor ONE. Exception: Cannot create pipeline of factor 1 using 0 nodes. Used 4 nodes. Healthy nodes 4
2020-07-02 08:47:39,668 [RatisPipelineUtilsThread] ERROR pipeline.SCMPipelineManager (SCMPipelineManager.java:createPipeline(222)) - Failed to create pipeline of type RATIS and factor THREE. Exception: Pipeline creation failed because nodes are engaged in other pipelines and every node can only be engaged in max 2 pipelines. Required 3. Found 1
2020-07-02 08:47:39,730 [IPC Server handler 5 on default port 33313] INFO  net.NetworkTopology (NetworkTopologyImpl.java:add(111)) - Added a new node: /rack1/a3230122-e9f1-469c-a445-fc983e5286bd
2020-07-02 08:47:39,730 [IPC Server handler 5 on default port 33313] INFO  node.SCMNodeManager (SCMNodeManager.java:register(268)) - Registered Data node : a3230122-e9f1-469c-a445-fc983e5286bd{ip: 172.17.0.2, host: 06760bff8a89, networkLocation: /rack1, certSerialId: null}
2020-07-02 08:47:39,731 [RatisPipelineUtilsThread] INFO  pipeline.RatisPipelineProvider (RatisPipelineProvider.java:lambda$create$0(138)) - Sending CreatePipelineCommand for pipeline:PipelineID=bb978cf7-98ce-4e39-a660-d3309ece33d4 to datanode:a3230122-e9f1-469c-a445-fc983e5286bd
2020-07-02 08:47:39,731 [EventQueue-NodeRegistrationContainerReportForDataNodeSafeModeRule] INFO  safemode.SCMSafeModeManager (SCMSafeModeManager.java:validateSafeModeExitRules(214)) - DataNodeSafeModeRule rule is successfully validated
2020-07-02 08:47:39,731 [RatisPipelineUtilsThread] INFO  pipeline.PipelineStateManager (PipelineStateManager.java:addPipeline(54)) - Created pipeline Pipeline[ Id: bb978cf7-98ce-4e39-a660-d3309ece33d4, Nodes: a3230122-e9f1-469c-a445-fc983e5286bd{ip: 172.17.0.2, host: 06760bff8a89, networkLocation: /rack1, certSerialId: null}, Type:RATIS, Factor:ONE, State:ALLOCATED, leaderId:, CreationTimestamp2020-07-02T08:47:39.731Z]
2020-07-02 08:47:39,731 [RatisPipelineUtilsThread] ERROR pipeline.SCMPipelineManager (SCMPipelineManager.java:createPipeline(222)) - Failed to create pipeline of type RATIS and factor ONE. Exception: Cannot create pipeline of factor 1 using 0 nodes. Used 5 nodes. Healthy nodes 5
2020-07-02 08:47:39,732 [RatisPipelineUtilsThread] ERROR pipeline.SCMPipelineManager (SCMPipelineManager.java:createPipeline(222)) - Failed to create pipeline of type RATIS and factor THREE. Exception: Pipeline creation failed because nodes are engaged in other pipelines and every node can only be engaged in max 2 pipelines. Required 3. Found 2
2020-07-02 08:47:39,731 [EventQueue-NodeRegistrationContainerReportForContainerSafeModeRule] INFO  safemode.SCMSafeModeManager (SCMSafeModeManager.java:validateSafeModeExitRules(214)) - ContainerSafeModeRule rule is successfully validated
2020-07-02 08:47:39,814 [IPC Server handler 6 on default port 33313] INFO  net.NetworkTopology (NetworkTopologyImpl.java:add(111)) - Added a new node: /rack1/d4095b94-faf8-4714-9e04-9d2538430758
2020-07-02 08:47:39,814 [IPC Server handler 6 on default port 33313] INFO  node.SCMNodeManager (SCMNodeManager.java:register(268)) - Registered Data node : d4095b94-faf8-4714-9e04-9d2538430758{ip: 172.17.0.2, host: 06760bff8a89, networkLocation: /rack1, certSerialId: null}
2020-07-02 08:47:39,815 [EventQueue-NodeRegistrationContainerReportForContainerSafeModeRule] INFO  safemode.SCMSafeModeManager (SCMSafeModeManager.java:validateSafeModeExitRules(214)) - ContainerSafeModeRule rule is successfully validated
2020-07-02 08:47:39,815 [EventQueue-NodeRegistrationContainerReportForDataNodeSafeModeRule] INFO  safemode.SCMSafeModeManager (SCMSafeModeManager.java:validateSafeModeExitRules(214)) - DataNodeSafeModeRule rule is successfully validated
2020-07-02 08:47:39,815 [RatisPipelineUtilsThread] INFO  pipeline.RatisPipelineProvider (RatisPipelineProvider.java:lambda$create$0(138)) - Sending CreatePipelineCommand for pipeline:PipelineID=1d2fcee6-eef7-4565-8960-894020439aad to datanode:d4095b94-faf8-4714-9e04-9d2538430758
2020-07-02 08:47:39,815 [RatisPipelineUtilsThread] INFO  pipeline.PipelineStateManager (PipelineStateManager.java:addPipeline(54)) - Created pipeline Pipeline[ Id: 1d2fcee6-eef7-4565-8960-894020439aad, Nodes: d4095b94-faf8-4714-9e04-9d2538430758{ip: 172.17.0.2, host: 06760bff8a89, networkLocation: /rack1, certSerialId: null}, Type:RATIS, Factor:ONE, State:ALLOCATED, leaderId:, CreationTimestamp2020-07-02T08:47:39.815Z]
2020-07-02 08:47:39,816 [RatisPipelineUtilsThread] ERROR pipeline.SCMPipelineManager (SCMPipelineManager.java:createPipeline(222)) - Failed to create pipeline of type RATIS and factor ONE. Exception: Cannot create pipeline of factor 1 using 0 nodes. Used 6 nodes. Healthy nodes 6
2020-07-02 08:47:39,816 [RatisPipelineUtilsThread] INFO  pipeline.RatisPipelineProvider (RatisPipelineProvider.java:lambda$create$0(138)) - Sending CreatePipelineCommand for pipeline:PipelineID=e550a23b-173f-4fb1-89ef-8e625a2998a3 to datanode:d4095b94-faf8-4714-9e04-9d2538430758
2020-07-02 08:47:39,816 [RatisPipelineUtilsThread] INFO  pipeline.RatisPipelineProvider (RatisPipelineProvider.java:lambda$create$0(138)) - Sending CreatePipelineCommand for pipeline:PipelineID=e550a23b-173f-4fb1-89ef-8e625a2998a3 to datanode:b5ee9bf6-c323-4b90-8393-8aea495c4582
2020-07-02 08:47:39,817 [RatisPipelineUtilsThread] INFO  pipeline.RatisPipelineProvider (RatisPipelineProvider.java:lambda$create$0(138)) - Sending CreatePipelineCommand for pipeline:PipelineID=e550a23b-173f-4fb1-89ef-8e625a2998a3 to datanode:a3230122-e9f1-469c-a445-fc983e5286bd
2020-07-02 08:47:39,817 [RatisPipelineUtilsThread] INFO  pipeline.PipelineStateManager (PipelineStateManager.java:addPipeline(54)) - Created pipeline Pipeline[ Id: e550a23b-173f-4fb1-89ef-8e625a2998a3, Nodes: d4095b94-faf8-4714-9e04-9d2538430758{ip: 172.17.0.2, host: 06760bff8a89, networkLocation: /rack1, certSerialId: null}b5ee9bf6-c323-4b90-8393-8aea495c4582{ip: 172.17.0.2, host: 06760bff8a89, networkLocation: /rack1, certSerialId: null}a3230122-e9f1-469c-a445-fc983e5286bd{ip: 172.17.0.2, host: 06760bff8a89, networkLocation: /rack1, certSerialId: null}, Type:RATIS, Factor:THREE, State:ALLOCATED, leaderId:, CreationTimestamp2020-07-02T08:47:39.816Z]
2020-07-02 08:47:39,817 [RatisPipelineUtilsThread] ERROR pipeline.SCMPipelineManager (SCMPipelineManager.java:createPipeline(222)) - Failed to create pipeline of type RATIS and factor THREE. Exception: Pipeline creation failed because nodes are engaged in other pipelines and every node can only be engaged in max 2 pipelines. Required 3. Found 0
2020-07-02 08:47:39,870 [IPC Server handler 7 on default port 33313] INFO  net.NetworkTopology (NetworkTopologyImpl.java:add(111)) - Added a new node: /rack1/b62aeb05-24ab-4842-8919-6c05a4e657f5
2020-07-02 08:47:39,871 [IPC Server handler 7 on default port 33313] INFO  node.SCMNodeManager (SCMNodeManager.java:register(268)) - Registered Data node : b62aeb05-24ab-4842-8919-6c05a4e657f5{ip: 172.17.0.2, host: 06760bff8a89, networkLocation: /rack1, certSerialId: null}
2020-07-02 08:47:39,871 [RatisPipelineUtilsThread] INFO  pipeline.RatisPipelineProvider (RatisPipelineProvider.java:lambda$create$0(138)) - Sending CreatePipelineCommand for pipeline:PipelineID=9f003a07-3fdd-464d-be0e-d8b848013692 to datanode:b62aeb05-24ab-4842-8919-6c05a4e657f5
2020-07-02 08:47:39,871 [EventQueue-NodeRegistrationContainerReportForDataNodeSafeModeRule] INFO  safemode.SCMSafeModeManager (SCMSafeModeManager.java:validateSafeModeExitRules(214)) - DataNodeSafeModeRule rule is successfully validated
2020-07-02 08:47:39,871 [RatisPipelineUtilsThread] INFO  pipeline.PipelineStateManager (PipelineStateManager.java:addPipeline(54)) - Created pipeline Pipeline[ Id: 9f003a07-3fdd-464d-be0e-d8b848013692, Nodes: b62aeb05-24ab-4842-8919-6c05a4e657f5{ip: 172.17.0.2, host: 06760bff8a89, networkLocation: /rack1, certSerialId: null}, Type:RATIS, Factor:ONE, State:ALLOCATED, leaderId:, CreationTimestamp2020-07-02T08:47:39.871Z]
2020-07-02 08:47:39,872 [EventQueue-NodeRegistrationContainerReportForContainerSafeModeRule] INFO  safemode.SCMSafeModeManager (SCMSafeModeManager.java:validateSafeModeExitRules(214)) - ContainerSafeModeRule rule is successfully validated
2020-07-02 08:47:39,872 [RatisPipelineUtilsThread] ERROR pipeline.SCMPipelineManager (SCMPipelineManager.java:createPipeline(222)) - Failed to create pipeline of type RATIS and factor ONE. Exception: Cannot create pipeline of factor 1 using 0 nodes. Used 7 nodes. Healthy nodes 7
2020-07-02 08:47:39,872 [RatisPipelineUtilsThread] ERROR pipeline.SCMPipelineManager (SCMPipelineManager.java:createPipeline(222)) - Failed to create pipeline of type RATIS and factor THREE. Exception: Pipeline creation failed because nodes are engaged in other pipelines and every node can only be engaged in max 2 pipelines. Required 3. Found 1
2020-07-02 08:47:39,975 [IPC Server handler 9 on default port 33313] INFO  net.NetworkTopology (NetworkTopologyImpl.java:add(111)) - Added a new node: /rack1/aab70d5c-3498-440f-806b-05f26fe37e72
2020-07-02 08:47:39,975 [IPC Server handler 9 on default port 33313] INFO  node.SCMNodeManager (SCMNodeManager.java:register(268)) - Registered Data node : aab70d5c-3498-440f-806b-05f26fe37e72{ip: 172.17.0.2, host: 06760bff8a89, networkLocation: /rack1, certSerialId: null}
2020-07-02 08:47:39,975 [RatisPipelineUtilsThread] INFO  pipeline.RatisPipelineProvider (RatisPipelineProvider.java:lambda$create$0(138)) - Sending CreatePipelineCommand for pipeline:PipelineID=9eb45eea-2963-4133-b4c4-f11aca092c28 to datanode:aab70d5c-3498-440f-806b-05f26fe37e72
2020-07-02 08:47:39,975 [EventQueue-NodeRegistrationContainerReportForDataNodeSafeModeRule] INFO  safemode.SCMSafeModeManager (SCMSafeModeManager.java:validateSafeModeExitRules(214)) - DataNodeSafeModeRule rule is successfully validated
2020-07-02 08:47:39,975 [RatisPipelineUtilsThread] INFO  pipeline.PipelineStateManager (PipelineStateManager.java:addPipeline(54)) - Created pipeline Pipeline[ Id: 9eb45eea-2963-4133-b4c4-f11aca092c28, Nodes: aab70d5c-3498-440f-806b-05f26fe37e72{ip: 172.17.0.2, host: 06760bff8a89, networkLocation: /rack1, certSerialId: null}, Type:RATIS, Factor:ONE, State:ALLOCATED, leaderId:, CreationTimestamp2020-07-02T08:47:39.975Z]
2020-07-02 08:47:39,975 [EventQueue-NodeRegistrationContainerReportForContainerSafeModeRule] INFO  safemode.SCMSafeModeManager (SCMSafeModeManager.java:validateSafeModeExitRules(214)) - ContainerSafeModeRule rule is successfully validated
2020-07-02 08:47:39,976 [RatisPipelineUtilsThread] ERROR pipeline.SCMPipelineManager (SCMPipelineManager.java:createPipeline(222)) - Failed to create pipeline of type RATIS and factor ONE. Exception: Cannot create pipeline of factor 1 using 0 nodes. Used 8 nodes. Healthy nodes 8
2020-07-02 08:47:39,976 [RatisPipelineUtilsThread] ERROR pipeline.SCMPipelineManager (SCMPipelineManager.java:createPipeline(222)) - Failed to create pipeline of type RATIS and factor THREE. Exception: Pipeline creation failed because nodes are engaged in other pipelines and every node can only be engaged in max 2 pipelines. Required 3. Found 2
2020-07-02 08:47:40,032 [IPC Server handler 8 on default port 33313] INFO  net.NetworkTopology (NetworkTopologyImpl.java:add(111)) - Added a new node: /rack1/7d30d443-236e-4da8-b613-0865c2b8e378
2020-07-02 08:47:40,032 [IPC Server handler 8 on default port 33313] INFO  node.SCMNodeManager (SCMNodeManager.java:register(268)) - Registered Data node : 7d30d443-236e-4da8-b613-0865c2b8e378{ip: 172.17.0.2, host: 06760bff8a89, networkLocation: /rack1, certSerialId: null}
2020-07-02 08:47:40,032 [EventQueue-NodeRegistrationContainerReportForDataNodeSafeModeRule] INFO  safemode.SCMSafeModeManager (SCMSafeModeManager.java:validateSafeModeExitRules(214)) - DataNodeSafeModeRule rule is successfully validated
2020-07-02 08:47:40,032 [EventQueue-NodeRegistrationContainerReportForContainerSafeModeRule] INFO  safemode.SCMSafeModeManager (SCMSafeModeManager.java:validateSafeModeExitRules(214)) - ContainerSafeModeRule rule is successfully validated
2020-07-02 08:47:40,033 [RatisPipelineUtilsThread] INFO  pipeline.RatisPipelineProvider (RatisPipelineProvider.java:lambda$create$0(138)) - Sending CreatePipelineCommand for pipeline:PipelineID=b33c00d2-53ac-4783-8867-51aacbacfb83 to datanode:7d30d443-236e-4da8-b613-0865c2b8e378
2020-07-02 08:47:40,034 [RatisPipelineUtilsThread] INFO  pipeline.PipelineStateManager (PipelineStateManager.java:addPipeline(54)) - Created pipeline Pipeline[ Id: b33c00d2-53ac-4783-8867-51aacbacfb83, Nodes: 7d30d443-236e-4da8-b613-0865c2b8e378{ip: 172.17.0.2, host: 06760bff8a89, networkLocation: /rack1, certSerialId: null}, Type:RATIS, Factor:ONE, State:ALLOCATED, leaderId:, CreationTimestamp2020-07-02T08:47:40.033Z]
2020-07-02 08:47:40,034 [RatisPipelineUtilsThread] ERROR pipeline.SCMPipelineManager (SCMPipelineManager.java:createPipeline(222)) - Failed to create pipeline of type RATIS and factor ONE. Exception: Cannot create pipeline of factor 1 using 0 nodes. Used 9 nodes. Healthy nodes 9
2020-07-02 08:47:40,034 [RatisPipelineUtilsThread] INFO  pipeline.RatisPipelineProvider (RatisPipelineProvider.java:lambda$create$0(138)) - Sending CreatePipelineCommand for pipeline:PipelineID=4a1b0e43-e9cb-4761-8073-32bf70e33156 to datanode:7d30d443-236e-4da8-b613-0865c2b8e378
2020-07-02 08:47:40,034 [RatisPipelineUtilsThread] INFO  pipeline.RatisPipelineProvider (RatisPipelineProvider.java:lambda$create$0(138)) - Sending CreatePipelineCommand for pipeline:PipelineID=4a1b0e43-e9cb-4761-8073-32bf70e33156 to datanode:aab70d5c-3498-440f-806b-05f26fe37e72
2020-07-02 08:47:40,034 [RatisPipelineUtilsThread] INFO  pipeline.RatisPipelineProvider (RatisPipelineProvider.java:lambda$create$0(138)) - Sending CreatePipelineCommand for pipeline:PipelineID=4a1b0e43-e9cb-4761-8073-32bf70e33156 to datanode:b62aeb05-24ab-4842-8919-6c05a4e657f5
2020-07-02 08:47:40,035 [RatisPipelineUtilsThread] INFO  pipeline.PipelineStateManager (PipelineStateManager.java:addPipeline(54)) - Created pipeline Pipeline[ Id: 4a1b0e43-e9cb-4761-8073-32bf70e33156, Nodes: 7d30d443-236e-4da8-b613-0865c2b8e378{ip: 172.17.0.2, host: 06760bff8a89, networkLocation: /rack1, certSerialId: null}aab70d5c-3498-440f-806b-05f26fe37e72{ip: 172.17.0.2, host: 06760bff8a89, networkLocation: /rack1, certSerialId: null}b62aeb05-24ab-4842-8919-6c05a4e657f5{ip: 172.17.0.2, host: 06760bff8a89, networkLocation: /rack1, certSerialId: null}, Type:RATIS, Factor:THREE, State:ALLOCATED, leaderId:, CreationTimestamp2020-07-02T08:47:40.034Z]
2020-07-02 08:47:40,035 [RatisPipelineUtilsThread] ERROR pipeline.SCMPipelineManager (SCMPipelineManager.java:createPipeline(222)) - Failed to create pipeline of type RATIS and factor THREE. Exception: Pipeline creation failed because nodes are engaged in other pipelines and every node can only be engaged in max 2 pipelines. Required 3. Found 0
2020-07-02 08:47:40,073 [Listener at 127.0.0.1/44281] INFO  ozone.MiniOzoneClusterImpl (MiniOzoneClusterImpl.java:lambda$waitForClusterToBeReady$0(177)) - Waiting for nodes to be ready. Got 9 of 10 DN Heartbeats.
2020-07-02 08:47:40,074 [Listener at 127.0.0.1/44281] INFO  ozone.MiniOzoneClusterImpl (MiniOzoneClusterImpl.java:lambda$waitForClusterToBeReady$0(180)) - Waiting for cluster to exit safe mode
2020-07-02 08:47:40,074 [IPC Server handler 10 on default port 33313] INFO  net.NetworkTopology (NetworkTopologyImpl.java:add(111)) - Added a new node: /rack1/01084dfa-b8b2-4a33-8af9-f7edd7c23cfb
2020-07-02 08:47:40,074 [IPC Server handler 10 on default port 33313] INFO  node.SCMNodeManager (SCMNodeManager.java:register(268)) - Registered Data node : 01084dfa-b8b2-4a33-8af9-f7edd7c23cfb{ip: 172.17.0.2, host: 06760bff8a89, networkLocation: /rack1, certSerialId: null}
2020-07-02 08:47:40,075 [EventQueue-NodeRegistrationContainerReportForDataNodeSafeModeRule] INFO  safemode.SCMSafeModeManager (SCMSafeModeManager.java:validateSafeModeExitRules(214)) - DataNodeSafeModeRule rule is successfully validated
2020-07-02 08:47:40,075 [EventQueue-NodeRegistrationContainerReportForContainerSafeModeRule] INFO  safemode.SCMSafeModeManager (SCMSafeModeManager.java:validateSafeModeExitRules(214)) - ContainerSafeModeRule rule is successfully validated
2020-07-02 08:47:40,076 [RatisPipelineUtilsThread] INFO  pipeline.RatisPipelineProvider (RatisPipelineProvider.java:lambda$create$0(138)) - Sending CreatePipelineCommand for pipeline:PipelineID=6e90daf8-b57c-493f-8ef9-3e304ed24bc9 to datanode:01084dfa-b8b2-4a33-8af9-f7edd7c23cfb
2020-07-02 08:47:40,076 [RatisPipelineUtilsThread] INFO  pipeline.PipelineStateManager (PipelineStateManager.java:addPipeline(54)) - Created pipeline Pipeline[ Id: 6e90daf8-b57c-493f-8ef9-3e304ed24bc9, Nodes: 01084dfa-b8b2-4a33-8af9-f7edd7c23cfb{ip: 172.17.0.2, host: 06760bff8a89, networkLocation: /rack1, certSerialId: null}, Type:RATIS, Factor:ONE, State:ALLOCATED, leaderId:, CreationTimestamp2020-07-02T08:47:40.076Z]
2020-07-02 08:47:40,077 [RatisPipelineUtilsThread] ERROR pipeline.SCMPipelineManager (SCMPipelineManager.java:createPipeline(222)) - Failed to create pipeline of type RATIS and factor ONE. Exception: Cannot create pipeline of factor 1 using 0 nodes. Used 10 nodes. Healthy nodes 10
2020-07-02 08:47:40,078 [RatisPipelineUtilsThread] ERROR pipeline.SCMPipelineManager (SCMPipelineManager.java:createPipeline(222)) - Failed to create pipeline of type RATIS and factor THREE. Exception: Pipeline creation failed because nodes are engaged in other pipelines and every node can only be engaged in max 2 pipelines. Required 3. Found 1
2020-07-02 08:47:41,074 [Listener at 127.0.0.1/44281] INFO  ozone.MiniOzoneClusterImpl (MiniOzoneClusterImpl.java:lambda$waitForClusterToBeReady$0(177)) - Nodes are ready. Got 10 of 10 DN Heartbeats.
2020-07-02 08:47:41,074 [Listener at 127.0.0.1/44281] INFO  ozone.MiniOzoneClusterImpl (MiniOzoneClusterImpl.java:lambda$waitForClusterToBeReady$0(180)) - Waiting for cluster to exit safe mode
2020-07-02 08:47:42,074 [Listener at 127.0.0.1/44281] INFO  ozone.MiniOzoneClusterImpl (MiniOzoneClusterImpl.java:lambda$waitForClusterToBeReady$0(177)) - Nodes are ready. Got 10 of 10 DN Heartbeats.
2020-07-02 08:47:42,074 [Listener at 127.0.0.1/44281] INFO  ozone.MiniOzoneClusterImpl (MiniOzoneClusterImpl.java:lambda$waitForClusterToBeReady$0(180)) - Waiting for cluster to exit safe mode
2020-07-02 08:47:42,491 [Command processor thread] INFO  impl.RaftServerProxy (RaftServerProxy.java:addNew(89)) - 26f1b97f-198a-4bc6-840d-b3fa7ce7fcfa: addNew group-DDA07415E3C3:[26f1b97f-198a-4bc6-840d-b3fa7ce7fcfa:172.17.0.2:45833] returns group-DDA07415E3C3:java.util.concurrent.CompletableFuture@2a480e0d[Not completed]
2020-07-02 08:47:42,493 [pool-207-thread-1] INFO  impl.RaftServerImpl (RaftServerImpl.java:<init>(99)) - 26f1b97f-198a-4bc6-840d-b3fa7ce7fcfa: new RaftServerImpl for group-DDA07415E3C3:[26f1b97f-198a-4bc6-840d-b3fa7ce7fcfa:172.17.0.2:45833] with ContainerStateMachine:uninitialized
2020-07-02 08:47:42,493 [pool-207-thread-1] INFO  server.RaftServerConfigKeys (ConfUtils.java:logGet(44)) - raft.server.rpc.timeout.min = 1s (custom)
2020-07-02 08:47:42,493 [pool-207-thread-1] INFO  server.RaftServerConfigKeys (ConfUtils.java:logGet(44)) - raft.server.rpc.timeout.max = 1200ms (custom)
2020-07-02 08:47:42,493 [pool-207-thread-1] INFO  server.RaftServerConfigKeys (ConfUtils.java:logGet(44)) - raft.server.rpcslowness.timeout = 300000ms (custom)
2020-07-02 08:47:42,494 [pool-207-thread-1] INFO  server.RaftServerConfigKeys (ConfUtils.java:logGet(44)) - raft.server.sleep.deviation.threshold = 300 (default)
2020-07-02 08:47:42,494 [pool-207-thread-1] INFO  server.RaftServerConfigKeys (ConfUtils.java:logGet(44)) - raft.server.log.appender.install.snapshot.enabled = false (custom)
2020-07-02 08:47:42,494 [pool-207-thread-1] INFO  impl.RaftServerImpl (ServerState.java:<init>(103)) - 26f1b97f-198a-4bc6-840d-b3fa7ce7fcfa@group-DDA07415E3C3: ConfigurationManager, init=-1: [26f1b97f-198a-4bc6-840d-b3fa7ce7fcfa:172.17.0.2:45833], old=null, confs=<EMPTY_MAP>
2020-07-02 08:47:42,494 [pool-207-thread-1] INFO  server.RaftServerConfigKeys (ConfUtils.java:logGet(44)) - raft.server.storage.dir = [/github/workspace/mnt/ozone/hadoop-ozone/integration-test/target/test-dir/MiniOzoneClusterImpl-2ea21c0c-9bca-4642-a989-259fb4fcb281/datanode-0/data/ratis] (custom)
2020-07-02 08:47:42,494 [pool-207-thread-1] INFO  server.RaftServerConfigKeys (ConfUtils.java:logGet(44)) - raft.server.log.corruption.policy = EXCEPTION (default)
2020-07-02 08:47:42,494 [pool-207-thread-1] INFO  storage.RaftStorageDirectory (RaftStorageDirectory.java:analyzeStorage(261)) - The storage directory /github/workspace/mnt/ozone/hadoop-ozone/integration-test/target/test-dir/MiniOzoneClusterImpl-2ea21c0c-9bca-4642-a989-259fb4fcb281/datanode-0/data/ratis/760ae7a8-12fb-4fce-8f2d-dda07415e3c3 does not exist. Creating ...
2020-07-02 08:47:42,496 [pool-207-thread-1] INFO  storage.RaftStorageDirectory (RaftStorageDirectory.java:tryLock(343)) - Lock on /github/workspace/mnt/ozone/hadoop-ozone/integration-test/target/test-dir/MiniOzoneClusterImpl-2ea21c0c-9bca-4642-a989-259fb4fcb281/datanode-0/data/ratis/760ae7a8-12fb-4fce-8f2d-dda07415e3c3/in_use.lock acquired by nodename 37427@06760bff8a89
2020-07-02 08:47:42,497 [pool-207-thread-1] INFO  storage.RaftStorage (RaftStorage.java:format(84)) - Storage directory /github/workspace/mnt/ozone/hadoop-ozone/integration-test/target/test-dir/MiniOzoneClusterImpl-2ea21c0c-9bca-4642-a989-259fb4fcb281/datanode-0/data/ratis/760ae7a8-12fb-4fce-8f2d-dda07415e3c3 has been successfully formatted.
2020-07-02 08:47:42,498 [pool-207-thread-1] INFO  ratis.ContainerStateMachine (ContainerStateMachine.java:loadSnapshot(225)) - group-DDA07415E3C3: The snapshot info is null. Setting the last applied indexto:(t:0, i:~)
2020-07-02 08:47:42,498 [pool-207-thread-1] INFO  server.RaftServerConfigKeys (ConfUtils.java:logGet(44)) - raft.server.notification.no-leader.timeout = 60s (default)
2020-07-02 08:47:42,498 [pool-207-thread-1] INFO  server.RaftServerConfigKeys (ConfUtils.java:logGet(44)) - raft.server.log.use.memory = false (default)
2020-07-02 08:47:42,499 [EventQueue-PipelineReportForPipelineReportHandler] INFO  pipeline.PipelineStateManager (PipelineStateManager.java:openPipeline(131)) - Pipeline Pipeline[ Id: 760ae7a8-12fb-4fce-8f2d-dda07415e3c3, Nodes: 26f1b97f-198a-4bc6-840d-b3fa7ce7fcfa{ip: 172.17.0.2, host: 06760bff8a89, networkLocation: /rack1, certSerialId: null}, Type:RATIS, Factor:ONE, State:ALLOCATED, leaderId:26f1b97f-198a-4bc6-840d-b3fa7ce7fcfa, CreationTimestamp2020-07-02T08:47:39.492Z] moved to OPEN state
2020-07-02 08:47:42,507 [pool-207-thread-1] INFO  server.RaftServerConfigKeys (ConfUtils.java:logGet(44)) - raft.server.log.purge.gap = 1000000 (custom)
2020-07-02 08:47:42,507 [pool-207-thread-1] INFO  server.RaftServerConfigKeys (ConfUtils.java:logGet(44)) - raft.server.log.appender.buffer.byte-limit = 33554432 (custom)
2020-07-02 08:47:42,507 [EventQueue-OpenPipelineForOneReplicaPipelineSafeModeRule] INFO  safemode.SCMSafeModeManager (SCMSafeModeManager.java:validateSafeModeExitRules(214)) - AtleastOneDatanodeReportedRule rule is successfully validated
2020-07-02 08:47:42,507 [pool-207-thread-1] INFO  server.RaftServerConfigKeys (ConfUtils.java:logGet(44)) - raft.server.log.segment.size.max = 1048576 (custom)
2020-07-02 08:47:42,507 [pool-207-thread-1] INFO  metrics.RatisMetrics (RatisMetrics.java:lambda$create$0(36)) - Creating Metrics Registry : ratis.log_worker.26f1b97f-198a-4bc6-840d-b3fa7ce7fcfa@group-DDA07415E3C3
2020-07-02 08:47:42,508 [pool-207-thread-1] INFO  server.RaftServerConfigKeys (ConfUtils.java:logGet(44)) - raft.server.log.segment.cache.num.max = 2 (custom)
2020-07-02 08:47:42,508 [pool-207-thread-1] INFO  segmented.SegmentedRaftLogWorker (SegmentedRaftLogWorker.java:<init>(180)) - new 26f1b97f-198a-4bc6-840d-b3fa7ce7fcfa@group-DDA07415E3C3-SegmentedRaftLogWorker for RaftStorage:Storage Directory /github/workspace/mnt/ozone/hadoop-ozone/integration-test/target/test-dir/MiniOzoneClusterImpl-2ea21c0c-9bca-4642-a989-259fb4fcb281/datanode-0/data/ratis/760ae7a8-12fb-4fce-8f2d-dda07415e3c3
2020-07-02 08:47:42,508 [pool-207-thread-1] INFO  server.RaftServerConfigKeys (ConfUtils.java:logGet(44)) - raft.server.log.queue.byte-limit = 2147483647 (custom)
2020-07-02 08:47:42,508 [pool-207-thread-1] INFO  server.RaftServerConfigKeys (ConfUtils.java:logGet(44)) - raft.server.log.queue.element-limit = 1024 (custom)
2020-07-02 08:47:42,508 [pool-207-thread-1] INFO  server.RaftServerConfigKeys (ConfUtils.java:logGet(44)) - raft.server.log.segment.size.max = 1048576 (custom)
2020-07-02 08:47:42,508 [pool-207-thread-1] INFO  server.RaftServerConfigKeys (ConfUtils.java:logGet(44)) - raft.server.log.preallocated.size = 16384 (custom)
2020-07-02 08:47:42,508 [pool-207-thread-1] INFO  server.RaftServerConfigKeys (ConfUtils.java:logGet(44)) - raft.server.log.write.buffer.size = 1048576 (custom)
2020-07-02 08:47:42,508 [pool-207-thread-1] INFO  server.RaftServerConfigKeys (ConfUtils.java:logGet(44)) - raft.server.log.force.sync.num = 128 (default)
2020-07-02 08:47:42,508 [pool-207-thread-1] INFO  server.RaftServerConfigKeys (ConfUtils.java:logGet(44)) - raft.server.log.statemachine.data.sync = true (default)
2020-07-02 08:47:42,508 [pool-207-thread-1] INFO  server.RaftServerConfigKeys (ConfUtils.java:logGet(44)) - raft.server.log.statemachine.data.sync.timeout = 10s (default)
2020-07-02 08:47:42,508 [pool-207-thread-1] INFO  server.RaftServerConfigKeys (ConfUtils.java:logGet(44)) - raft.server.log.statemachine.data.sync.timeout.retry = -1 (default)
2020-07-02 08:47:42,510 [pool-207-thread-1] INFO  server.RaftServerConfigKeys (ConfUtils.java:logGet(44)) - raft.server.log.statemachine.data.caching.enabled = true (custom)
2020-07-02 08:47:42,510 [pool-207-thread-1] INFO  segmented.SegmentedRaftLogWorker (SegmentedRaftLogWorker.java:lambda$new$0(129)) - 26f1b97f-198a-4bc6-840d-b3fa7ce7fcfa@group-DDA07415E3C3-SegmentedRaftLogWorker: flushIndex: setUnconditionally 0 -> -1
2020-07-02 08:47:42,511 [pool-207-thread-1] INFO  segmented.SegmentedRaftLogWorker (SegmentedRaftLogWorker.java:lambda$new$0(129)) - 26f1b97f-198a-4bc6-840d-b3fa7ce7fcfa@group-DDA07415E3C3-SegmentedRaftLogWorker: safeCacheEvictIndex: setUnconditionally 0 -> -1
2020-07-02 08:47:42,511 [EventQueue-OpenPipelineForHealthyPipelineSafeModeRule] INFO  safemode.SCMSafeModeManager (HealthyPipelineSafeModeRule.java:process(129)) - SCM in safe mode. Healthy pipelines reported count is 0, required healthy pipeline reported count is 1
2020-07-02 08:47:42,517 [pool-207-thread-1] INFO  server.RaftServerConfigKeys (ConfUtils.java:logGet(44)) - raft.server.snapshot.auto.trigger.enabled = true (custom)
2020-07-02 08:47:42,518 [pool-207-thread-1] INFO  server.RaftServerConfigKeys (ConfUtils.java:logGet(44)) - raft.server.snapshot.auto.trigger.threshold = 10000 (custom)
2020-07-02 08:47:42,518 [pool-207-thread-1] INFO  server.RaftServerConfigKeys (ConfUtils.java:logGet(44)) - raft.server.snapshot.retention.file.num = 5 (custom)
2020-07-02 08:47:42,518 [pool-207-thread-1] INFO  server.RaftServerConfigKeys (ConfUtils.java:logGet(44)) - raft.server.log.purge.upto.snapshot.index = false (default)
2020-07-02 08:47:42,518 [pool-207-thread-1] INFO  server.RaftServerConfigKeys (ConfUtils.java:logGet(44)) - raft.server.retrycache.expirytime = 600000ms (custom)
2020-07-02 08:47:42,518 [pool-207-thread-1] INFO  metrics.RatisMetrics (RatisMetrics.java:lambda$create$0(36)) - Creating Metrics Registry : ratis.leader_election.26f1b97f-198a-4bc6-840d-b3fa7ce7fcfa@group-DDA07415E3C3
2020-07-02 08:47:42,518 [pool-207-thread-1] INFO  metrics.RatisMetrics (RatisMetrics.java:lambda$create$0(36)) - Creating Metrics Registry : ratis.server.26f1b97f-198a-4bc6-840d-b3fa7ce7fcfa@group-DDA07415E3C3
2020-07-02 08:47:42,520 [pool-207-thread-1] INFO  impl.RaftServerImpl (RaftServerImpl.java:start(186)) - 26f1b97f-198a-4bc6-840d-b3fa7ce7fcfa@group-DDA07415E3C3: start as a follower, conf=-1: [26f1b97f-198a-4bc6-840d-b3fa7ce7fcfa:172.17.0.2:45833], old=null
2020-07-02 08:47:42,520 [pool-207-thread-1] INFO  impl.RaftServerImpl (RaftServerImpl.java:setRole(175)) - 26f1b97f-198a-4bc6-840d-b3fa7ce7fcfa@group-DDA07415E3C3: changes role from      null to FOLLOWER at term 0 for startAsFollower
2020-07-02 08:47:42,520 [pool-207-thread-1] INFO  impl.RoleInfo (RoleInfo.java:updateAndGet(143)) - 26f1b97f-198a-4bc6-840d-b3fa7ce7fcfa: start FollowerState
2020-07-02 08:47:42,530 [pool-207-thread-1] INFO  util.JmxRegister (JmxRegister.java:tryRegister(44)) - Successfully registered JMX Bean with object name Ratis:service=RaftServer,group=group-DDA07415E3C3,id=26f1b97f-198a-4bc6-840d-b3fa7ce7fcfa
2020-07-02 08:47:42,531 [pool-207-thread-1] INFO  metrics.RatisMetrics (RatisMetrics.java:lambda$create$0(36)) - Creating Metrics Registry : ratis.state_machine.26f1b97f-198a-4bc6-840d-b3fa7ce7fcfa@group-DDA07415E3C3
2020-07-02 08:47:42,531 [Command processor thread] INFO  commandhandler.CreatePipelineCommandHandler (CreatePipelineCommandHandler.java:handle(109)) - Created Pipeline RATIS ONE #id: "760ae7a8-12fb-4fce-8f2d-dda07415e3c3"
.
2020-07-02 08:47:42,533 [Command processor thread] INFO  impl.RaftServerProxy (RaftServerProxy.java:addNew(89)) - 26f1b97f-198a-4bc6-840d-b3fa7ce7fcfa: addNew group-D93938EF698D:[26f1b97f-198a-4bc6-840d-b3fa7ce7fcfa:172.17.0.2:45833, c4f8bc01-7deb-4cd9-a6c1-654553e0e0ff:172.17.0.2:33519, f7ed0b0c-c89c-471c-8c37-09edce727015:172.17.0.2:46061] returns group-D93938EF698D:java.util.concurrent.CompletableFuture@2e779f9c[Not completed]
2020-07-02 08:47:42,534 [pool-207-thread-1] INFO  impl.RaftServerImpl (RaftServerImpl.java:<init>(99)) - 26f1b97f-198a-4bc6-840d-b3fa7ce7fcfa: new RaftServerImpl for group-D93938EF698D:[26f1b97f-198a-4bc6-840d-b3fa7ce7fcfa:172.17.0.2:45833, c4f8bc01-7deb-4cd9-a6c1-654553e0e0ff:172.17.0.2:33519, f7ed0b0c-c89c-471c-8c37-09edce727015:172.17.0.2:46061] with ContainerStateMachine:uninitialized
2020-07-02 08:47:42,534 [pool-207-thread-1] INFO  server.RaftServerConfigKeys (ConfUtils.java:logGet(44)) - raft.server.rpc.timeout.min = 1s (custom)
2020-07-02 08:47:42,534 [pool-207-thread-1] INFO  server.RaftServerConfigKeys (ConfUtils.java:logGet(44)) - raft.server.rpc.timeout.max = 1200ms (custom)
2020-07-02 08:47:42,534 [pool-207-thread-1] INFO  server.RaftServerConfigKeys (ConfUtils.java:logGet(44)) - raft.server.rpcslowness.timeout = 300000ms (custom)
2020-07-02 08:47:42,534 [pool-207-thread-1] INFO  server.RaftServerConfigKeys (ConfUtils.java:logGet(44)) - raft.server.sleep.deviation.threshold = 300 (default)
2020-07-02 08:47:42,534 [pool-207-thread-1] INFO  server.RaftServerConfigKeys (ConfUtils.java:logGet(44)) - raft.server.log.appender.install.snapshot.enabled = false (custom)
2020-07-02 08:47:42,534 [pool-207-thread-1] INFO  impl.RaftServerImpl (ServerState.java:<init>(103)) - 26f1b97f-198a-4bc6-840d-b3fa7ce7fcfa@group-D93938EF698D: ConfigurationManager, init=-1: [26f1b97f-198a-4bc6-840d-b3fa7ce7fcfa:172.17.0.2:45833, c4f8bc01-7deb-4cd9-a6c1-654553e0e0ff:172.17.0.2:33519, f7ed0b0c-c89c-471c-8c37-09edce727015:172.17.0.2:46061], old=null, confs=<EMPTY_MAP>
2020-07-02 08:47:42,535 [pool-207-thread-1] INFO  server.RaftServerConfigKeys (ConfUtils.java:logGet(44)) - raft.server.storage.dir = [/github/workspace/mnt/ozone/hadoop-ozone/integration-test/target/test-dir/MiniOzoneClusterImpl-2ea21c0c-9bca-4642-a989-259fb4fcb281/datanode-0/data/ratis] (custom)
2020-07-02 08:47:42,535 [pool-207-thread-1] INFO  server.RaftServerConfigKeys (ConfUtils.java:logGet(44)) - raft.server.log.corruption.policy = EXCEPTION (default)
2020-07-02 08:47:42,535 [pool-207-thread-1] INFO  storage.RaftStorageDirectory (RaftStorageDirectory.java:analyzeStorage(261)) - The storage directory /github/workspace/mnt/ozone/hadoop-ozone/integration-test/target/test-dir/MiniOzoneClusterImpl-2ea21c0c-9bca-4642-a989-259fb4fcb281/datanode-0/data/ratis/91acdc32-11c2-425a-8fac-d93938ef698d does not exist. Creating ...
2020-07-02 08:47:42,536 [pool-207-thread-1] INFO  storage.RaftStorageDirectory (RaftStorageDirectory.java:tryLock(343)) - Lock on /github/workspace/mnt/ozone/hadoop-ozone/integration-test/target/test-dir/MiniOzoneClusterImpl-2ea21c0c-9bca-4642-a989-259fb4fcb281/datanode-0/data/ratis/91acdc32-11c2-425a-8fac-d93938ef698d/in_use.lock acquired by nodename 37427@06760bff8a89
2020-07-02 08:47:42,537 [pool-207-thread-1] INFO  storage.RaftStorage (RaftStorage.java:format(84)) - Storage directory /github/workspace/mnt/ozone/hadoop-ozone/integration-test/target/test-dir/MiniOzoneClusterImpl-2ea21c0c-9bca-4642-a989-259fb4fcb281/datanode-0/data/ratis/91acdc32-11c2-425a-8fac-d93938ef698d has been successfully formatted.
2020-07-02 08:47:42,538 [pool-207-thread-1] INFO  ratis.ContainerStateMachine (ContainerStateMachine.java:loadSnapshot(225)) - group-D93938EF698D: The snapshot info is null. Setting the last applied indexto:(t:0, i:~)
2020-07-02 08:47:42,538 [pool-207-thread-1] INFO  server.RaftServerConfigKeys (ConfUtils.java:logGet(44)) - raft.server.notification.no-leader.timeout = 60s (default)
2020-07-02 08:47:42,538 [pool-207-thread-1] INFO  server.RaftServerConfigKeys (ConfUtils.java:logGet(44)) - raft.server.log.use.memory = false (default)
2020-07-02 08:47:42,538 [pool-207-thread-1] INFO  server.RaftServerConfigKeys (ConfUtils.java:logGet(44)) - raft.server.log.purge.gap = 1000000 (custom)
2020-07-02 08:47:42,538 [pool-207-thread-1] INFO  server.RaftServerConfigKeys (ConfUtils.java:logGet(44)) - raft.server.log.appender.buffer.byte-limit = 33554432 (custom)
2020-07-02 08:47:42,538 [pool-207-thread-1] INFO  server.RaftServerConfigKeys (ConfUtils.java:logGet(44)) - raft.server.log.segment.size.max = 1048576 (custom)
2020-07-02 08:47:42,538 [pool-207-thread-1] INFO  metrics.RatisMetrics (RatisMetrics.java:lambda$create$0(36)) - Creating Metrics Registry : ratis.log_worker.26f1b97f-198a-4bc6-840d-b3fa7ce7fcfa@group-D93938EF698D
2020-07-02 08:47:42,539 [pool-207-thread-1] INFO  server.RaftServerConfigKeys (ConfUtils.java:logGet(44)) - raft.server.log.segment.cache.num.max = 2 (custom)
2020-07-02 08:47:42,539 [pool-207-thread-1] INFO  segmented.SegmentedRaftLogWorker (SegmentedRaftLogWorker.java:<init>(180)) - new 26f1b97f-198a-4bc6-840d-b3fa7ce7fcfa@group-D93938EF698D-SegmentedRaftLogWorker for RaftStorage:Storage Directory /github/workspace/mnt/ozone/hadoop-ozone/integration-test/target/test-dir/MiniOzoneClusterImpl-2ea21c0c-9bca-4642-a989-259fb4fcb281/datanode-0/data/ratis/91acdc32-11c2-425a-8fac-d93938ef698d
2020-07-02 08:47:42,539 [pool-207-thread-1] INFO  server.RaftServerConfigKeys (ConfUtils.java:logGet(44)) - raft.server.log.queue.byte-limit = 2147483647 (custom)
2020-07-02 08:47:42,539 [pool-207-thread-1] INFO  server.RaftServerConfigKeys (ConfUtils.java:logGet(44)) - raft.server.log.queue.element-limit = 1024 (custom)
2020-07-02 08:47:42,539 [pool-207-thread-1] INFO  server.RaftServerConfigKeys (ConfUtils.java:logGet(44)) - raft.server.log.segment.size.max = 1048576 (custom)
2020-07-02 08:47:42,539 [pool-207-thread-1] INFO  server.RaftServerConfigKeys (ConfUtils.java:logGet(44)) - raft.server.log.preallocated.size = 16384 (custom)
2020-07-02 08:47:42,539 [pool-207-thread-1] INFO  server.RaftServerConfigKeys (ConfUtils.java:logGet(44)) - raft.server.log.write.buffer.size = 1048576 (custom)
2020-07-02 08:47:42,539 [pool-207-thread-1] INFO  server.RaftServerConfigKeys (ConfUtils.java:logGet(44)) - raft.server.log.force.sync.num = 128 (default)
2020-07-02 08:47:42,539 [pool-207-thread-1] INFO  server.RaftServerConfigKeys (ConfUtils.java:logGet(44)) - raft.server.log.statemachine.data.sync = true (default)
2020-07-02 08:47:42,539 [pool-207-thread-1] INFO  server.RaftServerConfigKeys (ConfUtils.java:logGet(44)) - raft.server.log.statemachine.data.sync.timeout = 10s (default)
2020-07-02 08:47:42,539 [pool-207-thread-1] INFO  server.RaftServerConfigKeys (ConfUtils.java:logGet(44)) - raft.server.log.statemachine.data.sync.timeout.retry = -1 (default)
2020-07-02 08:47:42,543 [pool-207-thread-1] INFO  server.RaftServerConfigKeys (ConfUtils.java:logGet(44)) - raft.server.log.statemachine.data.caching.enabled = true (custom)
2020-07-02 08:47:42,543 [pool-207-thread-1] INFO  segmented.SegmentedRaftLogWorker (SegmentedRaftLogWorker.java:lambda$new$0(129)) - 26f1b97f-198a-4bc6-840d-b3fa7ce7fcfa@group-D93938EF698D-SegmentedRaftLogWorker: flushIndex: setUnconditionally 0 -> -1
2020-07-02 08:47:42,543 [pool-207-thread-1] INFO  segmented.SegmentedRaftLogWorker (SegmentedRaftLogWorker.java:lambda$new$0(129)) - 26f1b97f-198a-4bc6-840d-b3fa7ce7fcfa@group-D93938EF698D-SegmentedRaftLogWorker: safeCacheEvictIndex: setUnconditionally 0 -> -1
2020-07-02 08:47:42,543 [pool-207-thread-1] INFO  server.RaftServerConfigKeys (ConfUtils.java:logGet(44)) - raft.server.snapshot.auto.trigger.enabled = true (custom)
2020-07-02 08:47:42,544 [pool-207-thread-1] INFO  server.RaftServerConfigKeys (ConfUtils.java:logGet(44)) - raft.server.snapshot.auto.trigger.threshold = 10000 (custom)
2020-07-02 08:47:42,544 [pool-207-thread-1] INFO  server.RaftServerConfigKeys (ConfUtils.java:logGet(44)) - raft.server.snapshot.retention.file.num = 5 (custom)
2020-07-02 08:47:42,544 [pool-207-thread-1] INFO  server.RaftServerConfigKeys (ConfUtils.java:logGet(44)) - raft.server.log.purge.upto.snapshot.index = false (default)
2020-07-02 08:47:42,544 [pool-207-thread-1] INFO  server.RaftServerConfigKeys (ConfUtils.java:logGet(44)) - raft.server.retrycache.expirytime = 600000ms (custom)
2020-07-02 08:47:42,544 [pool-207-thread-1] INFO  metrics.RatisMetrics (RatisMetrics.java:lambda$create$0(36)) - Creating Metrics Registry : ratis.leader_election.26f1b97f-198a-4bc6-840d-b3fa7ce7fcfa@group-D93938EF698D
2020-07-02 08:47:42,544 [pool-207-thread-1] INFO  metrics.RatisMetrics (RatisMetrics.java:lambda$create$0(36)) - Creating Metrics Registry : ratis.server.26f1b97f-198a-4bc6-840d-b3fa7ce7fcfa@group-D93938EF698D
2020-07-02 08:47:42,546 [pool-207-thread-1] INFO  impl.RaftServerImpl (RaftServerImpl.java:start(186)) - 26f1b97f-198a-4bc6-840d-b3fa7ce7fcfa@group-D93938EF698D: start as a follower, conf=-1: [26f1b97f-198a-4bc6-840d-b3fa7ce7fcfa:172.17.0.2:45833, c4f8bc01-7deb-4cd9-a6c1-654553e0e0ff:172.17.0.2:33519, f7ed0b0c-c89c-471c-8c37-09edce727015:172.17.0.2:46061], old=null
2020-07-02 08:47:42,546 [pool-207-thread-1] INFO  impl.RaftServerImpl (RaftServerImpl.java:setRole(175)) - 26f1b97f-198a-4bc6-840d-b3fa7ce7fcfa@group-D93938EF698D: changes role from      null to FOLLOWER at term 0 for startAsFollower
2020-07-02 08:47:42,546 [pool-207-thread-1] INFO  impl.RoleInfo (RoleInfo.java:updateAndGet(143)) - 26f1b97f-198a-4bc6-840d-b3fa7ce7fcfa: start FollowerState
2020-07-02 08:47:42,546 [pool-207-thread-1] INFO  util.JmxRegister (JmxRegister.java:tryRegister(44)) - Successfully registered JMX Bean with object name Ratis:service=RaftServer,group=group-D93938EF698D,id=26f1b97f-198a-4bc6-840d-b3fa7ce7fcfa
2020-07-02 08:47:42,546 [pool-207-thread-1] INFO  metrics.RatisMetrics (RatisMetrics.java:lambda$create$0(36)) - Creating Metrics Registry : ratis.state_machine.26f1b97f-198a-4bc6-840d-b3fa7ce7fcfa@group-D93938EF698D
2020-07-02 08:47:42,554 [Command processor thread] INFO  impl.RaftServerProxy (RaftServerProxy.java:addNew(89)) - f7ed0b0c-c89c-471c-8c37-09edce727015: addNew group-4C1530FD2B30:[f7ed0b0c-c89c-471c-8c37-09edce727015:172.17.0.2:46061] returns group-4C1530FD2B30:java.util.concurrent.CompletableFuture@27f704dd[Not completed]
2020-07-02 08:47:42,563 [pool-222-thread-1] INFO  impl.RaftServerImpl (RaftServerImpl.java:<init>(99)) - f7ed0b0c-c89c-471c-8c37-09edce727015: new RaftServerImpl for group-4C1530FD2B30:[f7ed0b0c-c89c-471c-8c37-09edce727015:172.17.0.2:46061] with ContainerStateMachine:uninitialized
2020-07-02 08:47:42,563 [pool-222-thread-1] INFO  server.RaftServerConfigKeys (ConfUtils.java:logGet(44)) - raft.server.rpc.timeout.min = 1s (custom)
2020-07-02 08:47:42,563 [pool-222-thread-1] INFO  server.RaftServerConfigKeys (ConfUtils.java:logGet(44)) - raft.server.rpc.timeout.max = 1200ms (custom)
2020-07-02 08:47:42,563 [pool-222-thread-1] INFO  server.RaftServerConfigKeys (ConfUtils.java:logGet(44)) - raft.server.rpcslowness.timeout = 300000ms (custom)
2020-07-02 08:47:42,563 [pool-222-thread-1] INFO  server.RaftServerConfigKeys (ConfUtils.java:logGet(44)) - raft.server.sleep.deviation.threshold = 300 (default)
2020-07-02 08:47:42,563 [pool-222-thread-1] INFO  server.RaftServerConfigKeys (ConfUtils.java:logGet(44)) - raft.server.log.appender.install.snapshot.enabled = false (custom)
2020-07-02 08:47:42,563 [pool-222-thread-1] INFO  impl.RaftServerImpl (ServerState.java:<init>(103)) - f7ed0b0c-c89c-471c-8c37-09edce727015@group-4C1530FD2B30: ConfigurationManager, init=-1: [f7ed0b0c-c89c-471c-8c37-09edce727015:172.17.0.2:46061], old=null, confs=<EMPTY_MAP>
2020-07-02 08:47:42,564 [pool-222-thread-1] INFO  server.RaftServerConfigKeys (ConfUtils.java:logGet(44)) - raft.server.storage.dir = [/github/workspace/mnt/ozone/hadoop-ozone/integration-test/target/test-dir/MiniOzoneClusterImpl-2ea21c0c-9bca-4642-a989-259fb4fcb281/datanode-1/data/ratis] (custom)
2020-07-02 08:47:42,564 [pool-222-thread-1] INFO  server.RaftServerConfigKeys (ConfUtils.java:logGet(44)) - raft.server.log.corruption.policy = EXCEPTION (default)
2020-07-02 08:47:42,564 [pool-222-thread-1] INFO  storage.RaftStorageDirectory (RaftStorageDirectory.java:analyzeStorage(261)) - The storage directory /github/workspace/mnt/ozone/hadoop-ozone/integration-test/target/test-dir/MiniOzoneClusterImpl-2ea21c0c-9bca-4642-a989-259fb4fcb281/datanode-1/data/ratis/be1ee5aa-0dfb-4c4c-b953-4c1530fd2b30 does not exist. Creating ...
2020-07-02 08:47:42,565 [grpc-default-executor-4] INFO  impl.RaftServerProxy (RaftServerProxy.java:addNew(89)) - c4f8bc01-7deb-4cd9-a6c1-654553e0e0ff: addNew group-D93938EF698D:[26f1b97f-198a-4bc6-840d-b3fa7ce7fcfa:172.17.0.2:45833, c4f8bc01-7deb-4cd9-a6c1-654553e0e0ff:172.17.0.2:33519, f7ed0b0c-c89c-471c-8c37-09edce727015:172.17.0.2:46061] returns group-D93938EF698D:java.util.concurrent.CompletableFuture@789ba426[Not completed]
2020-07-02 08:47:42,565 [pool-222-thread-1] INFO  storage.RaftStorageDirectory (RaftStorageDirectory.java:tryLock(343)) - Lock on /github/workspace/mnt/ozone/hadoop-ozone/integration-test/target/test-dir/MiniOzoneClusterImpl-2ea21c0c-9bca-4642-a989-259fb4fcb281/datanode-1/data/ratis/be1ee5aa-0dfb-4c4c-b953-4c1530fd2b30/in_use.lock acquired by nodename 37427@06760bff8a89
2020-07-02 08:47:42,566 [pool-222-thread-1] INFO  storage.RaftStorage (RaftStorage.java:format(84)) - Storage directory /github/workspace/mnt/ozone/hadoop-ozone/integration-test/target/test-dir/MiniOzoneClusterImpl-2ea21c0c-9bca-4642-a989-259fb4fcb281/datanode-1/data/ratis/be1ee5aa-0dfb-4c4c-b953-4c1530fd2b30 has been successfully formatted.
2020-07-02 08:47:42,571 [pool-237-thread-1] INFO  impl.RaftServerImpl (RaftServerImpl.java:<init>(99)) - c4f8bc01-7deb-4cd9-a6c1-654553e0e0ff: new RaftServerImpl for group-D93938EF698D:[26f1b97f-198a-4bc6-840d-b3fa7ce7fcfa:172.17.0.2:45833, c4f8bc01-7deb-4cd9-a6c1-654553e0e0ff:172.17.0.2:33519, f7ed0b0c-c89c-471c-8c37-09edce727015:172.17.0.2:46061] with ContainerStateMachine:uninitialized
2020-07-02 08:47:42,571 [pool-222-thread-1] INFO  ratis.ContainerStateMachine (ContainerStateMachine.java:loadSnapshot(225)) - group-4C1530FD2B30: The snapshot info is null. Setting the last applied indexto:(t:0, i:~)
2020-07-02 08:47:42,571 [pool-222-thread-1] INFO  server.RaftServerConfigKeys (ConfUtils.java:logGet(44)) - raft.server.notification.no-leader.timeout = 60s (default)
2020-07-02 08:47:42,571 [EventQueue-PipelineReportForPipelineReportHandler] INFO  pipeline.PipelineStateManager (PipelineStateManager.java:openPipeline(131)) - Pipeline Pipeline[ Id: be1ee5aa-0dfb-4c4c-b953-4c1530fd2b30, Nodes: f7ed0b0c-c89c-471c-8c37-09edce727015{ip: 172.17.0.2, host: 06760bff8a89, networkLocation: /rack1, certSerialId: null}, Type:RATIS, Factor:ONE, State:ALLOCATED, leaderId:f7ed0b0c-c89c-471c-8c37-09edce727015, CreationTimestamp2020-07-02T08:47:39.551Z] moved to OPEN state
2020-07-02 08:47:42,571 [pool-222-thread-1] INFO  server.RaftServerConfigKeys (ConfUtils.java:logGet(44)) - raft.server.log.use.memory = false (default)
2020-07-02 08:47:42,571 [pool-237-thread-1] INFO  server.RaftServerConfigKeys (ConfUtils.java:logGet(44)) - raft.server.rpc.timeout.min = 1s (custom)
2020-07-02 08:47:42,571 [pool-222-thread-1] INFO  server.RaftServerConfigKeys (ConfUtils.java:logGet(44)) - raft.server.log.purge.gap = 1000000 (custom)
2020-07-02 08:47:42,571 [EventQueue-OpenPipelineForHealthyPipelineSafeModeRule] INFO  safemode.SCMSafeModeManager (HealthyPipelineSafeModeRule.java:process(129)) - SCM in safe mode. Healthy pipelines reported count is 0, required healthy pipeline reported count is 1
2020-07-02 08:47:42,571 [EventQueue-OpenPipelineForOneReplicaPipelineSafeModeRule] INFO  safemode.SCMSafeModeManager (SCMSafeModeManager.java:validateSafeModeExitRules(214)) - AtleastOneDatanodeReportedRule rule is successfully validated
2020-07-02 08:47:42,572 [pool-222-thread-1] INFO  server.RaftServerConfigKeys (ConfUtils.java:logGet(44)) - raft.server.log.appender.buffer.byte-limit = 33554432 (custom)
2020-07-02 08:47:42,572 [pool-222-thread-1] INFO  server.RaftServerConfigKeys (ConfUtils.java:logGet(44)) - raft.server.log.segment.size.max = 1048576 (custom)
2020-07-02 08:47:42,572 [pool-222-thread-1] INFO  metrics.RatisMetrics (RatisMetrics.java:lambda$create$0(36)) - Creating Metrics Registry : ratis.log_worker.f7ed0b0c-c89c-471c-8c37-09edce727015@group-4C1530FD2B30
2020-07-02 08:47:42,571 [pool-237-thread-1] INFO  server.RaftServerConfigKeys (ConfUtils.java:logGet(44)) - raft.server.rpc.timeout.max = 1200ms (custom)
2020-07-02 08:47:42,573 [pool-222-thread-1] INFO  server.RaftServerConfigKeys (ConfUtils.java:logGet(44)) - raft.server.log.segment.cache.num.max = 2 (custom)
2020-07-02 08:47:42,573 [pool-222-thread-1] INFO  segmented.SegmentedRaftLogWorker (SegmentedRaftLogWorker.java:<init>(180)) - new f7ed0b0c-c89c-471c-8c37-09edce727015@group-4C1530FD2B30-SegmentedRaftLogWorker for RaftStorage:Storage Directory /github/workspace/mnt/ozone/hadoop-ozone/integration-test/target/test-dir/MiniOzoneClusterImpl-2ea21c0c-9bca-4642-a989-259fb4fcb281/datanode-1/data/ratis/be1ee5aa-0dfb-4c4c-b953-4c1530fd2b30
2020-07-02 08:47:42,573 [pool-222-thread-1] INFO  server.RaftServerConfigKeys (ConfUtils.java:logGet(44)) - raft.server.log.queue.byte-limit = 2147483647 (custom)
2020-07-02 08:47:42,573 [pool-222-thread-1] INFO  server.RaftServerConfigKeys (ConfUtils.java:logGet(44)) - raft.server.log.queue.element-limit = 1024 (custom)
2020-07-02 08:47:42,573 [pool-222-thread-1] INFO  server.RaftServerConfigKeys (ConfUtils.java:logGet(44)) - raft.server.log.segment.size.max = 1048576 (custom)
2020-07-02 08:47:42,573 [pool-222-thread-1] INFO  server.RaftServerConfigKeys (ConfUtils.java:logGet(44)) - raft.server.log.preallocated.size = 16384 (custom)
2020-07-02 08:47:42,573 [pool-222-thread-1] INFO  server.RaftServerConfigKeys (ConfUtils.java:logGet(44)) - raft.server.log.write.buffer.size = 1048576 (custom)
2020-07-02 08:47:42,573 [pool-222-thread-1] INFO  server.RaftServerConfigKeys (ConfUtils.java:logGet(44)) - raft.server.log.force.sync.num = 128 (default)
2020-07-02 08:47:42,573 [pool-222-thread-1] INFO  server.RaftServerConfigKeys (ConfUtils.java:logGet(44)) - raft.server.log.statemachine.data.sync = true (default)
2020-07-02 08:47:42,573 [pool-222-thread-1] INFO  server.RaftServerConfigKeys (ConfUtils.java:logGet(44)) - raft.server.log.statemachine.data.sync.timeout = 10s (default)
2020-07-02 08:47:42,573 [pool-222-thread-1] INFO  server.RaftServerConfigKeys (ConfUtils.java:logGet(44)) - raft.server.log.statemachine.data.sync.timeout.retry = -1 (default)
2020-07-02 08:47:42,573 [pool-237-thread-1] INFO  server.RaftServerConfigKeys (ConfUtils.java:logGet(44)) - raft.server.rpcslowness.timeout = 300000ms (custom)
2020-07-02 08:47:42,574 [pool-237-thread-1] INFO  server.RaftServerConfigKeys (ConfUtils.java:logGet(44)) - raft.server.sleep.deviation.threshold = 300 (default)
2020-07-02 08:47:42,574 [pool-237-thread-1] INFO  server.RaftServerConfigKeys (ConfUtils.java:logGet(44)) - raft.server.log.appender.install.snapshot.enabled = false (custom)
2020-07-02 08:47:42,574 [pool-237-thread-1] INFO  impl.RaftServerImpl (ServerState.java:<init>(103)) - c4f8bc01-7deb-4cd9-a6c1-654553e0e0ff@group-D93938EF698D: ConfigurationManager, init=-1: [26f1b97f-198a-4bc6-840d-b3fa7ce7fcfa:172.17.0.2:45833, c4f8bc01-7deb-4cd9-a6c1-654553e0e0ff:172.17.0.2:33519, f7ed0b0c-c89c-471c-8c37-09edce727015:172.17.0.2:46061], old=null, confs=<EMPTY_MAP>
2020-07-02 08:47:42,574 [pool-237-thread-1] INFO  server.RaftServerConfigKeys (ConfUtils.java:logGet(44)) - raft.server.storage.dir = [/github/workspace/mnt/ozone/hadoop-ozone/integration-test/target/test-dir/MiniOzoneClusterImpl-2ea21c0c-9bca-4642-a989-259fb4fcb281/datanode-2/data/ratis] (custom)
2020-07-02 08:47:42,574 [pool-237-thread-1] INFO  server.RaftServerConfigKeys (ConfUtils.java:logGet(44)) - raft.server.log.corruption.policy = EXCEPTION (default)
2020-07-02 08:47:42,574 [pool-237-thread-1] INFO  storage.RaftStorageDirectory (RaftStorageDirectory.java:analyzeStorage(261)) - The storage directory /github/workspace/mnt/ozone/hadoop-ozone/integration-test/target/test-dir/MiniOzoneClusterImpl-2ea21c0c-9bca-4642-a989-259fb4fcb281/datanode-2/data/ratis/91acdc32-11c2-425a-8fac-d93938ef698d does not exist. Creating ...
2020-07-02 08:47:42,575 [pool-237-thread-1] INFO  storage.RaftStorageDirectory (RaftStorageDirectory.java:tryLock(343)) - Lock on /github/workspace/mnt/ozone/hadoop-ozone/integration-test/target/test-dir/MiniOzoneClusterImpl-2ea21c0c-9bca-4642-a989-259fb4fcb281/datanode-2/data/ratis/91acdc32-11c2-425a-8fac-d93938ef698d/in_use.lock acquired by nodename 37427@06760bff8a89
2020-07-02 08:47:42,576 [pool-222-thread-1] INFO  server.RaftServerConfigKeys (ConfUtils.java:logGet(44)) - raft.server.log.statemachine.data.caching.enabled = true (custom)
2020-07-02 08:47:42,576 [pool-222-thread-1] INFO  segmented.SegmentedRaftLogWorker (SegmentedRaftLogWorker.java:lambda$new$0(129)) - f7ed0b0c-c89c-471c-8c37-09edce727015@group-4C1530FD2B30-SegmentedRaftLogWorker: flushIndex: setUnconditionally 0 -> -1
2020-07-02 08:47:42,576 [pool-222-thread-1] INFO  segmented.SegmentedRaftLogWorker (SegmentedRaftLogWorker.java:lambda$new$0(129)) - f7ed0b0c-c89c-471c-8c37-09edce727015@group-4C1530FD2B30-SegmentedRaftLogWorker: safeCacheEvictIndex: setUnconditionally 0 -> -1
2020-07-02 08:47:42,576 [pool-237-thread-1] INFO  storage.RaftStorage (RaftStorage.java:format(84)) - Storage directory /github/workspace/mnt/ozone/hadoop-ozone/integration-test/target/test-dir/MiniOzoneClusterImpl-2ea21c0c-9bca-4642-a989-259fb4fcb281/datanode-2/data/ratis/91acdc32-11c2-425a-8fac-d93938ef698d has been successfully formatted.
2020-07-02 08:47:42,576 [pool-222-thread-1] INFO  server.RaftServerConfigKeys (ConfUtils.java:logGet(44)) - raft.server.snapshot.auto.trigger.enabled = true (custom)
2020-07-02 08:47:42,576 [pool-222-thread-1] INFO  server.RaftServerConfigKeys (ConfUtils.java:logGet(44)) - raft.server.snapshot.auto.trigger.threshold = 10000 (custom)
2020-07-02 08:47:42,577 [pool-222-thread-1] INFO  server.RaftServerConfigKeys (ConfUtils.java:logGet(44)) - raft.server.snapshot.retention.file.num = 5 (custom)
2020-07-02 08:47:42,577 [pool-222-thread-1] INFO  server.RaftServerConfigKeys (ConfUtils.java:logGet(44)) - raft.server.log.purge.upto.snapshot.index = false (default)
2020-07-02 08:47:42,577 [pool-237-thread-1] INFO  ratis.ContainerStateMachine (ContainerStateMachine.java:loadSnapshot(225)) - group-D93938EF698D: The snapshot info is null. Setting the last applied indexto:(t:0, i:~)
2020-07-02 08:47:42,578 [pool-237-thread-1] INFO  server.RaftServerConfigKeys (ConfUtils.java:logGet(44)) - raft.server.notification.no-leader.timeout = 60s (default)
2020-07-02 08:47:42,578 [pool-237-thread-1] INFO  server.RaftServerConfigKeys (ConfUtils.java:logGet(44)) - raft.server.log.use.memory = false (default)
2020-07-02 08:47:42,578 [pool-237-thread-1] INFO  server.RaftServerConfigKeys (ConfUtils.java:logGet(44)) - raft.server.log.purge.gap = 1000000 (custom)
2020-07-02 08:47:42,578 [pool-237-thread-1] INFO  server.RaftServerConfigKeys (ConfUtils.java:logGet(44)) - raft.server.log.appender.buffer.byte-limit = 33554432 (custom)
2020-07-02 08:47:42,578 [pool-237-thread-1] INFO  server.RaftServerConfigKeys (ConfUtils.java:logGet(44)) - raft.server.log.segment.size.max = 1048576 (custom)
2020-07-02 08:47:42,578 [pool-237-thread-1] INFO  metrics.RatisMetrics (RatisMetrics.java:lambda$create$0(36)) - Creating Metrics Registry : ratis.log_worker.c4f8bc01-7deb-4cd9-a6c1-654553e0e0ff@group-D93938EF698D
2020-07-02 08:47:42,579 [pool-237-thread-1] INFO  server.RaftServerConfigKeys (ConfUtils.java:logGet(44)) - raft.server.log.segment.cache.num.max = 2 (custom)
2020-07-02 08:47:42,579 [pool-237-thread-1] INFO  segmented.SegmentedRaftLogWorker (SegmentedRaftLogWorker.java:<init>(180)) - new c4f8bc01-7deb-4cd9-a6c1-654553e0e0ff@group-D93938EF698D-SegmentedRaftLogWorker for RaftStorage:Storage Directory /github/workspace/mnt/ozone/hadoop-ozone/integration-test/target/test-dir/MiniOzoneClusterImpl-2ea21c0c-9bca-4642-a989-259fb4fcb281/datanode-2/data/ratis/91acdc32-11c2-425a-8fac-d93938ef698d
2020-07-02 08:47:42,579 [pool-237-thread-1] INFO  server.RaftServerConfigKeys (ConfUtils.java:logGet(44)) - raft.server.log.queue.byte-limit = 2147483647 (custom)
2020-07-02 08:47:42,579 [pool-237-thread-1] INFO  server.RaftServerConfigKeys (ConfUtils.java:logGet(44)) - raft.server.log.queue.element-limit = 1024 (custom)
2020-07-02 08:47:42,579 [pool-237-thread-1] INFO  server.RaftServerConfigKeys (ConfUtils.java:logGet(44)) - raft.server.log.segment.size.max = 1048576 (custom)
2020-07-02 08:47:42,579 [pool-237-thread-1] INFO  server.RaftServerConfigKeys (ConfUtils.java:logGet(44)) - raft.server.log.preallocated.size = 16384 (custom)
2020-07-02 08:47:42,579 [pool-237-thread-1] INFO  server.RaftServerConfigKeys (ConfUtils.java:logGet(44)) - raft.server.log.write.buffer.size = 1048576 (custom)
2020-07-02 08:47:42,579 [pool-237-thread-1] INFO  server.RaftServerConfigKeys (ConfUtils.java:logGet(44)) - raft.server.log.force.sync.num = 128 (default)
2020-07-02 08:47:42,579 [pool-237-thread-1] INFO  server.RaftServerConfigKeys (ConfUtils.java:logGet(44)) - raft.server.log.statemachine.data.sync = true (default)
2020-07-02 08:47:42,579 [pool-237-thread-1] INFO  server.RaftServerConfigKeys (ConfUtils.java:logGet(44)) - raft.server.log.statemachine.data.sync.timeout = 10s (default)
2020-07-02 08:47:42,579 [pool-237-thread-1] INFO  server.RaftServerConfigKeys (ConfUtils.java:logGet(44)) - raft.server.log.statemachine.data.sync.timeout.retry = -1 (default)
2020-07-02 08:47:42,584 [pool-222-thread-1] INFO  server.RaftServerConfigKeys (ConfUtils.java:logGet(44)) - raft.server.retrycache.expirytime = 600000ms (custom)
2020-07-02 08:47:42,584 [pool-222-thread-1] INFO  metrics.RatisMetrics (RatisMetrics.java:lambda$create$0(36)) - Creating Metrics Registry : ratis.leader_election.f7ed0b0c-c89c-471c-8c37-09edce727015@group-4C1530FD2B30
2020-07-02 08:47:42,584 [pool-222-thread-1] INFO  metrics.RatisMetrics (RatisMetrics.java:lambda$create$0(36)) - Creating Metrics Registry : ratis.server.f7ed0b0c-c89c-471c-8c37-09edce727015@group-4C1530FD2B30
2020-07-02 08:47:42,590 [pool-222-thread-1] INFO  impl.RaftServerImpl (RaftServerImpl.java:start(186)) - f7ed0b0c-c89c-471c-8c37-09edce727015@group-4C1530FD2B30: start as a follower, conf=-1: [f7ed0b0c-c89c-471c-8c37-09edce727015:172.17.0.2:46061], old=null
2020-07-02 08:47:42,590 [pool-222-thread-1] INFO  impl.RaftServerImpl (RaftServerImpl.java:setRole(175)) - f7ed0b0c-c89c-471c-8c37-09edce727015@group-4C1530FD2B30: changes role from      null to FOLLOWER at term 0 for startAsFollower
2020-07-02 08:47:42,590 [pool-222-thread-1] INFO  impl.RoleInfo (RoleInfo.java:updateAndGet(143)) - f7ed0b0c-c89c-471c-8c37-09edce727015: start FollowerState
2020-07-02 08:47:42,592 [pool-237-thread-1] INFO  server.RaftServerConfigKeys (ConfUtils.java:logGet(44)) - raft.server.log.statemachine.data.caching.enabled = true (custom)
2020-07-02 08:47:42,592 [pool-237-thread-1] INFO  segmented.SegmentedRaftLogWorker (SegmentedRaftLogWorker.java:lambda$new$0(129)) - c4f8bc01-7deb-4cd9-a6c1-654553e0e0ff@group-D93938EF698D-SegmentedRaftLogWorker: flushIndex: setUnconditionally 0 -> -1
2020-07-02 08:47:42,592 [pool-237-thread-1] INFO  segmented.SegmentedRaftLogWorker (SegmentedRaftLogWorker.java:lambda$new$0(129)) - c4f8bc01-7deb-4cd9-a6c1-654553e0e0ff@group-D93938EF698D-SegmentedRaftLogWorker: safeCacheEvictIndex: setUnconditionally 0 -> -1
2020-07-02 08:47:42,592 [pool-222-thread-1] INFO  util.JmxRegister (JmxRegister.java:tryRegister(44)) - Successfully registered JMX Bean with object name Ratis:service=RaftServer,group=group-4C1530FD2B30,id=f7ed0b0c-c89c-471c-8c37-09edce727015
2020-07-02 08:47:42,593 [pool-222-thread-1] INFO  metrics.RatisMetrics (RatisMetrics.java:lambda$create$0(36)) - Creating Metrics Registry : ratis.state_machine.f7ed0b0c-c89c-471c-8c37-09edce727015@group-4C1530FD2B30
2020-07-02 08:47:42,593 [Command processor thread] INFO  commandhandler.CreatePipelineCommandHandler (CreatePipelineCommandHandler.java:handle(109)) - Created Pipeline RATIS ONE #id: "be1ee5aa-0dfb-4c4c-b953-4c1530fd2b30"
.
2020-07-02 08:47:42,594 [pool-237-thread-1] INFO  server.RaftServerConfigKeys (ConfUtils.java:logGet(44)) - raft.server.snapshot.auto.trigger.enabled = true (custom)
2020-07-02 08:47:42,594 [Command processor thread] INFO  impl.RaftServerProxy (RaftServerProxy.java:addNew(89)) - f7ed0b0c-c89c-471c-8c37-09edce727015: addNew group-D93938EF698D:[26f1b97f-198a-4bc6-840d-b3fa7ce7fcfa:172.17.0.2:45833, c4f8bc01-7deb-4cd9-a6c1-654553e0e0ff:172.17.0.2:33519, f7ed0b0c-c89c-471c-8c37-09edce727015:172.17.0.2:46061] returns group-D93938EF698D:java.util.concurrent.CompletableFuture@23c884fb[Not completed]
2020-07-02 08:47:42,594 [pool-222-thread-1] INFO  impl.RaftServerImpl (RaftServerImpl.java:<init>(99)) - f7ed0b0c-c89c-471c-8c37-09edce727015: new RaftServerImpl for group-D93938EF698D:[26f1b97f-198a-4bc6-840d-b3fa7ce7fcfa:172.17.0.2:45833, c4f8bc01-7deb-4cd9-a6c1-654553e0e0ff:172.17.0.2:33519, f7ed0b0c-c89c-471c-8c37-09edce727015:172.17.0.2:46061] with ContainerStateMachine:uninitialized
2020-07-02 08:47:42,594 [pool-222-thread-1] INFO  server.RaftServerConfigKeys (ConfUtils.java:logGet(44)) - raft.server.rpc.timeout.min = 1s (custom)
2020-07-02 08:47:42,595 [pool-222-thread-1] INFO  server.RaftServerConfigKeys (ConfUtils.java:logGet(44)) - raft.server.rpc.timeout.max = 1200ms (custom)
2020-07-02 08:47:42,595 [pool-222-thread-1] INFO  server.RaftServerConfigKeys (ConfUtils.java:logGet(44)) - raft.server.rpcslowness.timeout = 300000ms (custom)
2020-07-02 08:47:42,595 [pool-222-thread-1] INFO  server.RaftServerConfigKeys (ConfUtils.java:logGet(44)) - raft.server.sleep.deviation.threshold = 300 (default)
2020-07-02 08:47:42,595 [pool-222-thread-1] INFO  server.RaftServerConfigKeys (ConfUtils.java:logGet(44)) - raft.server.log.appender.install.snapshot.enabled = false (custom)
2020-07-02 08:47:42,595 [pool-222-thread-1] INFO  impl.RaftServerImpl (ServerState.java:<init>(103)) - f7ed0b0c-c89c-471c-8c37-09edce727015@group-D93938EF698D: ConfigurationManager, init=-1: [26f1b97f-198a-4bc6-840d-b3fa7ce7fcfa:172.17.0.2:45833, c4f8bc01-7deb-4cd9-a6c1-654553e0e0ff:172.17.0.2:33519, f7ed0b0c-c89c-471c-8c37-09edce727015:172.17.0.2:46061], old=null, confs=<EMPTY_MAP>
2020-07-02 08:47:42,595 [pool-222-thread-1] INFO  server.RaftServerConfigKeys (ConfUtils.java:logGet(44)) - raft.server.storage.dir = [/github/workspace/mnt/ozone/hadoop-ozone/integration-test/target/test-dir/MiniOzoneClusterImpl-2ea21c0c-9bca-4642-a989-259fb4fcb281/datanode-1/data/ratis] (custom)
2020-07-02 08:47:42,595 [pool-222-thread-1] INFO  server.RaftServerConfigKeys (ConfUtils.java:logGet(44)) - raft.server.log.corruption.policy = EXCEPTION (default)
2020-07-02 08:47:42,595 [pool-222-thread-1] INFO  storage.RaftStorageDirectory (RaftStorageDirectory.java:analyzeStorage(261)) - The storage directory /github/workspace/mnt/ozone/hadoop-ozone/integration-test/target/test-dir/MiniOzoneClusterImpl-2ea21c0c-9bca-4642-a989-259fb4fcb281/datanode-1/data/ratis/91acdc32-11c2-425a-8fac-d93938ef698d does not exist. Creating ...
2020-07-02 08:47:42,594 [pool-237-thread-1] INFO  server.RaftServerConfigKeys (ConfUtils.java:logGet(44)) - raft.server.snapshot.auto.trigger.threshold = 10000 (custom)
2020-07-02 08:47:42,596 [pool-237-thread-1] INFO  server.RaftServerConfigKeys (ConfUtils.java:logGet(44)) - raft.server.snapshot.retention.file.num = 5 (custom)
2020-07-02 08:47:42,596 [pool-237-thread-1] INFO  server.RaftServerConfigKeys (ConfUtils.java:logGet(44)) - raft.server.log.purge.upto.snapshot.index = false (default)
2020-07-02 08:47:42,596 [pool-237-thread-1] INFO  server.RaftServerConfigKeys (ConfUtils.java:logGet(44)) - raft.server.retrycache.expirytime = 600000ms (custom)
2020-07-02 08:47:42,596 [pool-237-thread-1] INFO  metrics.RatisMetrics (RatisMetrics.java:lambda$create$0(36)) - Creating Metrics Registry : ratis.leader_election.c4f8bc01-7deb-4cd9-a6c1-654553e0e0ff@group-D93938EF698D
2020-07-02 08:47:42,596 [pool-237-thread-1] INFO  metrics.RatisMetrics (RatisMetrics.java:lambda$create$0(36)) - Creating Metrics Registry : ratis.server.c4f8bc01-7deb-4cd9-a6c1-654553e0e0ff@group-D93938EF698D
2020-07-02 08:47:42,598 [pool-237-thread-1] INFO  impl.RaftServerImpl (RaftServerImpl.java:start(186)) - c4f8bc01-7deb-4cd9-a6c1-654553e0e0ff@group-D93938EF698D: start as a follower, conf=-1: [26f1b97f-198a-4bc6-840d-b3fa7ce7fcfa:172.17.0.2:45833, c4f8bc01-7deb-4cd9-a6c1-654553e0e0ff:172.17.0.2:33519, f7ed0b0c-c89c-471c-8c37-09edce727015:172.17.0.2:46061], old=null
2020-07-02 08:47:42,598 [pool-237-thread-1] INFO  impl.RaftServerImpl (RaftServerImpl.java:setRole(175)) - c4f8bc01-7deb-4cd9-a6c1-654553e0e0ff@group-D93938EF698D: changes role from      null to FOLLOWER at term 0 for startAsFollower
2020-07-02 08:47:42,598 [pool-237-thread-1] INFO  impl.RoleInfo (RoleInfo.java:updateAndGet(143)) - c4f8bc01-7deb-4cd9-a6c1-654553e0e0ff: start FollowerState
2020-07-02 08:47:42,598 [pool-222-thread-1] INFO  storage.RaftStorageDirectory (RaftStorageDirectory.java:tryLock(343)) - Lock on /github/workspace/mnt/ozone/hadoop-ozone/integration-test/target/test-dir/MiniOzoneClusterImpl-2ea21c0c-9bca-4642-a989-259fb4fcb281/datanode-1/data/ratis/91acdc32-11c2-425a-8fac-d93938ef698d/in_use.lock acquired by nodename 37427@06760bff8a89
2020-07-02 08:47:42,599 [pool-237-thread-1] INFO  util.JmxRegister (JmxRegister.java:tryRegister(44)) - Successfully registered JMX Bean with object name Ratis:service=RaftServer,group=group-D93938EF698D,id=c4f8bc01-7deb-4cd9-a6c1-654553e0e0ff
2020-07-02 08:47:42,599 [pool-237-thread-1] INFO  metrics.RatisMetrics (RatisMetrics.java:lambda$create$0(36)) - Creating Metrics Registry : ratis.state_machine.c4f8bc01-7deb-4cd9-a6c1-654553e0e0ff@group-D93938EF698D
2020-07-02 08:47:42,600 [pool-222-thread-1] INFO  storage.RaftStorage (RaftStorage.java:format(84)) - Storage directory /github/workspace/mnt/ozone/hadoop-ozone/integration-test/target/test-dir/MiniOzoneClusterImpl-2ea21c0c-9bca-4642-a989-259fb4fcb281/datanode-1/data/ratis/91acdc32-11c2-425a-8fac-d93938ef698d has been successfully formatted.
2020-07-02 08:47:42,600 [pool-222-thread-1] INFO  ratis.ContainerStateMachine (ContainerStateMachine.java:loadSnapshot(225)) - group-D93938EF698D: The snapshot info is null. Setting the last applied indexto:(t:0, i:~)
2020-07-02 08:47:42,600 [pool-222-thread-1] INFO  server.RaftServerConfigKeys (ConfUtils.java:logGet(44)) - raft.server.notification.no-leader.timeout = 60s (default)
2020-07-02 08:47:42,601 [pool-222-thread-1] INFO  server.RaftServerConfigKeys (ConfUtils.java:logGet(44)) - raft.server.log.use.memory = false (default)
2020-07-02 08:47:42,601 [pool-222-thread-1] INFO  server.RaftServerConfigKeys (ConfUtils.java:logGet(44)) - raft.server.log.purge.gap = 1000000 (custom)
2020-07-02 08:47:42,601 [pool-222-thread-1] INFO  server.RaftServerConfigKeys (ConfUtils.java:logGet(44)) - raft.server.log.appender.buffer.byte-limit = 33554432 (custom)
2020-07-02 08:47:42,601 [pool-222-thread-1] INFO  server.RaftServerConfigKeys (ConfUtils.java:logGet(44)) - raft.server.log.segment.size.max = 1048576 (custom)
2020-07-02 08:47:42,601 [pool-222-thread-1] INFO  metrics.RatisMetrics (RatisMetrics.java:lambda$create$0(36)) - Creating Metrics Registry : ratis.log_worker.f7ed0b0c-c89c-471c-8c37-09edce727015@group-D93938EF698D
2020-07-02 08:47:42,601 [pool-222-thread-1] INFO  server.RaftServerConfigKeys (ConfUtils.java:logGet(44)) - raft.server.log.segment.cache.num.max = 2 (custom)
2020-07-02 08:47:42,601 [pool-222-thread-1] INFO  segmented.SegmentedRaftLogWorker (SegmentedRaftLogWorker.java:<init>(180)) - new f7ed0b0c-c89c-471c-8c37-09edce727015@group-D93938EF698D-SegmentedRaftLogWorker for RaftStorage:Storage Directory /github/workspace/mnt/ozone/hadoop-ozone/integration-test/target/test-dir/MiniOzoneClusterImpl-2ea21c0c-9bca-4642-a989-259fb4fcb281/datanode-1/data/ratis/91acdc32-11c2-425a-8fac-d93938ef698d
2020-07-02 08:47:42,601 [pool-222-thread-1] INFO  server.RaftServerConfigKeys (ConfUtils.java:logGet(44)) - raft.server.log.queue.byte-limit = 2147483647 (custom)
2020-07-02 08:47:42,601 [pool-222-thread-1] INFO  server.RaftServerConfigKeys (ConfUtils.java:logGet(44)) - raft.server.log.queue.element-limit = 1024 (custom)
2020-07-02 08:47:42,601 [pool-222-thread-1] INFO  server.RaftServerConfigKeys (ConfUtils.java:logGet(44)) - raft.server.log.segment.size.max = 1048576 (custom)
2020-07-02 08:47:42,601 [pool-222-thread-1] INFO  server.RaftServerConfigKeys (ConfUtils.java:logGet(44)) - raft.server.log.preallocated.size = 16384 (custom)
2020-07-02 08:47:42,601 [pool-222-thread-1] INFO  server.RaftServerConfigKeys (ConfUtils.java:logGet(44)) - raft.server.log.write.buffer.size = 1048576 (custom)
2020-07-02 08:47:42,601 [pool-222-thread-1] INFO  server.RaftServerConfigKeys (ConfUtils.java:logGet(44)) - raft.server.log.force.sync.num = 128 (default)
2020-07-02 08:47:42,601 [pool-222-thread-1] INFO  server.RaftServerConfigKeys (ConfUtils.java:logGet(44)) - raft.server.log.statemachine.data.sync = true (default)
2020-07-02 08:47:42,602 [pool-222-thread-1] INFO  server.RaftServerConfigKeys (ConfUtils.java:logGet(44)) - raft.server.log.statemachine.data.sync.timeout = 10s (default)
2020-07-02 08:47:42,602 [pool-222-thread-1] INFO  server.RaftServerConfigKeys (ConfUtils.java:logGet(44)) - raft.server.log.statemachine.data.sync.timeout.retry = -1 (default)
2020-07-02 08:47:42,604 [pool-222-thread-1] INFO  server.RaftServerConfigKeys (ConfUtils.java:logGet(44)) - raft.server.log.statemachine.data.caching.enabled = true (custom)
2020-07-02 08:47:42,604 [pool-237-thread-1] INFO  impl.RaftServerImpl (RaftServerImpl.java:<init>(99)) - c4f8bc01-7deb-4cd9-a6c1-654553e0e0ff: new RaftServerImpl for group-86FE461F22B8:[c4f8bc01-7deb-4cd9-a6c1-654553e0e0ff:172.17.0.2:33519] with ContainerStateMachine:uninitialized
2020-07-02 08:47:42,605 [pool-237-thread-1] INFO  server.RaftServerConfigKeys (ConfUtils.java:logGet(44)) - raft.server.rpc.timeout.min = 1s (custom)
2020-07-02 08:47:42,605 [pool-237-thread-1] INFO  server.RaftServerConfigKeys (ConfUtils.java:logGet(44)) - raft.server.rpc.timeout.max = 1200ms (custom)
2020-07-02 08:47:42,605 [pool-237-thread-1] INFO  server.RaftServerConfigKeys (ConfUtils.java:logGet(44)) - raft.server.rpcslowness.timeout = 300000ms (custom)
2020-07-02 08:47:42,605 [pool-237-thread-1] INFO  server.RaftServerConfigKeys (ConfUtils.java:logGet(44)) - raft.server.sleep.deviation.threshold = 300 (default)
2020-07-02 08:47:42,605 [pool-237-thread-1] INFO  server.RaftServerConfigKeys (ConfUtils.java:logGet(44)) - raft.server.log.appender.install.snapshot.enabled = false (custom)
2020-07-02 08:47:42,605 [pool-237-thread-1] INFO  impl.RaftServerImpl (ServerState.java:<init>(103)) - c4f8bc01-7deb-4cd9-a6c1-654553e0e0ff@group-86FE461F22B8: ConfigurationManager, init=-1: [c4f8bc01-7deb-4cd9-a6c1-654553e0e0ff:172.17.0.2:33519], old=null, confs=<EMPTY_MAP>
2020-07-02 08:47:42,605 [pool-237-thread-1] INFO  server.RaftServerConfigKeys (ConfUtils.java:logGet(44)) - raft.server.storage.dir = [/github/workspace/mnt/ozone/hadoop-ozone/integration-test/target/test-dir/MiniOzoneClusterImpl-2ea21c0c-9bca-4642-a989-259fb4fcb281/datanode-2/data/ratis] (custom)
2020-07-02 08:47:42,605 [pool-237-thread-1] INFO  server.RaftServerConfigKeys (ConfUtils.java:logGet(44)) - raft.server.log.corruption.policy = EXCEPTION (default)
2020-07-02 08:47:42,605 [pool-237-thread-1] INFO  storage.RaftStorageDirectory (RaftStorageDirectory.java:analyzeStorage(261)) - The storage directory /github/workspace/mnt/ozone/hadoop-ozone/integration-test/target/test-dir/MiniOzoneClusterImpl-2ea21c0c-9bca-4642-a989-259fb4fcb281/datanode-2/data/ratis/38d0021e-233c-4bcb-922a-86fe461f22b8 does not exist. Creating ...
2020-07-02 08:47:42,604 [Command processor thread] INFO  impl.RaftServerProxy (RaftServerProxy.java:addNew(89)) - c4f8bc01-7deb-4cd9-a6c1-654553e0e0ff: addNew group-86FE461F22B8:[c4f8bc01-7deb-4cd9-a6c1-654553e0e0ff:172.17.0.2:33519] returns group-86FE461F22B8:java.util.concurrent.CompletableFuture@59f77859[Not completed]
2020-07-02 08:47:42,606 [pool-222-thread-1] INFO  segmented.SegmentedRaftLogWorker (SegmentedRaftLogWorker.java:lambda$new$0(129)) - f7ed0b0c-c89c-471c-8c37-09edce727015@group-D93938EF698D-SegmentedRaftLogWorker: flushIndex: setUnconditionally 0 -> -1
2020-07-02 08:47:42,606 [pool-222-thread-1] INFO  segmented.SegmentedRaftLogWorker (SegmentedRaftLogWorker.java:lambda$new$0(129)) - f7ed0b0c-c89c-471c-8c37-09edce727015@group-D93938EF698D-SegmentedRaftLogWorker: safeCacheEvictIndex: setUnconditionally 0 -> -1
2020-07-02 08:47:42,607 [pool-237-thread-1] INFO  storage.RaftStorageDirectory (RaftStorageDirectory.java:tryLock(343)) - Lock on /github/workspace/mnt/ozone/hadoop-ozone/integration-test/target/test-dir/MiniOzoneClusterImpl-2ea21c0c-9bca-4642-a989-259fb4fcb281/datanode-2/data/ratis/38d0021e-233c-4bcb-922a-86fe461f22b8/in_use.lock acquired by nodename 37427@06760bff8a89
2020-07-02 08:47:42,608 [pool-222-thread-1] INFO  server.RaftServerConfigKeys (ConfUtils.java:logGet(44)) - raft.server.snapshot.auto.trigger.enabled = true (custom)
2020-07-02 08:47:42,608 [pool-222-thread-1] INFO  server.RaftServerConfigKeys (ConfUtils.java:logGet(44)) - raft.server.snapshot.auto.trigger.threshold = 10000 (custom)
2020-07-02 08:47:42,608 [pool-222-thread-1] INFO  server.RaftServerConfigKeys (ConfUtils.java:logGet(44)) - raft.server.snapshot.retention.file.num = 5 (custom)
2020-07-02 08:47:42,608 [pool-222-thread-1] INFO  server.RaftServerConfigKeys (ConfUtils.java:logGet(44)) - raft.server.log.purge.upto.snapshot.index = false (default)
2020-07-02 08:47:42,608 [pool-222-thread-1] INFO  server.RaftServerConfigKeys (ConfUtils.java:logGet(44)) - raft.server.retrycache.expirytime = 600000ms (custom)
2020-07-02 08:47:42,608 [pool-222-thread-1] INFO  metrics.RatisMetrics (RatisMetrics.java:lambda$create$0(36)) - Creating Metrics Registry : ratis.leader_election.f7ed0b0c-c89c-471c-8c37-09edce727015@group-D93938EF698D
2020-07-02 08:47:42,608 [pool-237-thread-1] INFO  storage.RaftStorage (RaftStorage.java:format(84)) - Storage directory /github/workspace/mnt/ozone/hadoop-ozone/integration-test/target/test-dir/MiniOzoneClusterImpl-2ea21c0c-9bca-4642-a989-259fb4fcb281/datanode-2/data/ratis/38d0021e-233c-4bcb-922a-86fe461f22b8 has been successfully formatted.
2020-07-02 08:47:42,609 [pool-237-thread-1] INFO  ratis.ContainerStateMachine (ContainerStateMachine.java:loadSnapshot(225)) - group-86FE461F22B8: The snapshot info is null. Setting the last applied indexto:(t:0, i:~)
2020-07-02 08:47:42,609 [pool-237-thread-1] INFO  server.RaftServerConfigKeys (ConfUtils.java:logGet(44)) - raft.server.notification.no-leader.timeout = 60s (default)
2020-07-02 08:47:42,609 [pool-237-thread-1] INFO  server.RaftServerConfigKeys (ConfUtils.java:logGet(44)) - raft.server.log.use.memory = false (default)
2020-07-02 08:47:42,609 [pool-237-thread-1] INFO  server.RaftServerConfigKeys (ConfUtils.java:logGet(44)) - raft.server.log.purge.gap = 1000000 (custom)
2020-07-02 08:47:42,609 [pool-237-thread-1] INFO  server.RaftServerConfigKeys (ConfUtils.java:logGet(44)) - raft.server.log.appender.buffer.byte-limit = 33554432 (custom)
2020-07-02 08:47:42,609 [pool-237-thread-1] INFO  server.RaftServerConfigKeys (ConfUtils.java:logGet(44)) - raft.server.log.segment.size.max = 1048576 (custom)
2020-07-02 08:47:42,614 [pool-237-thread-1] INFO  metrics.RatisMetrics (RatisMetrics.java:lambda$create$0(36)) - Creating Metrics Registry : ratis.log_worker.c4f8bc01-7deb-4cd9-a6c1-654553e0e0ff@group-86FE461F22B8
2020-07-02 08:47:42,614 [pool-237-thread-1] INFO  server.RaftServerConfigKeys (ConfUtils.java:logGet(44)) - raft.server.log.segment.cache.num.max = 2 (custom)
2020-07-02 08:47:42,615 [pool-237-thread-1] INFO  segmented.SegmentedRaftLogWorker (SegmentedRaftLogWorker.java:<init>(180)) - new c4f8bc01-7deb-4cd9-a6c1-654553e0e0ff@group-86FE461F22B8-SegmentedRaftLogWorker for RaftStorage:Storage Directory /github/workspace/mnt/ozone/hadoop-ozone/integration-test/target/test-dir/MiniOzoneClusterImpl-2ea21c0c-9bca-4642-a989-259fb4fcb281/datanode-2/data/ratis/38d0021e-233c-4bcb-922a-86fe461f22b8
2020-07-02 08:47:42,615 [pool-237-thread-1] INFO  server.RaftServerConfigKeys (ConfUtils.java:logGet(44)) - raft.server.log.queue.byte-limit = 2147483647 (custom)
2020-07-02 08:47:42,615 [pool-237-thread-1] INFO  server.RaftServerConfigKeys (ConfUtils.java:logGet(44)) - raft.server.log.queue.element-limit = 1024 (custom)
2020-07-02 08:47:42,615 [pool-237-thread-1] INFO  server.RaftServerConfigKeys (ConfUtils.java:logGet(44)) - raft.server.log.segment.size.max = 1048576 (custom)
2020-07-02 08:47:42,615 [pool-237-thread-1] INFO  server.RaftServerConfigKeys (ConfUtils.java:logGet(44)) - raft.server.log.preallocated.size = 16384 (custom)
2020-07-02 08:47:42,615 [pool-237-thread-1] INFO  server.RaftServerConfigKeys (ConfUtils.java:logGet(44)) - raft.server.log.write.buffer.size = 1048576 (custom)
2020-07-02 08:47:42,615 [pool-237-thread-1] INFO  server.RaftServerConfigKeys (ConfUtils.java:logGet(44)) - raft.server.log.force.sync.num = 128 (default)
2020-07-02 08:47:42,615 [pool-237-thread-1] INFO  server.RaftServerConfigKeys (ConfUtils.java:logGet(44)) - raft.server.log.statemachine.data.sync = true (default)
2020-07-02 08:47:42,615 [pool-237-thread-1] INFO  server.RaftServerConfigKeys (ConfUtils.java:logGet(44)) - raft.server.log.statemachine.data.sync.timeout = 10s (default)
2020-07-02 08:47:42,615 [pool-237-thread-1] INFO  server.RaftServerConfigKeys (ConfUtils.java:logGet(44)) - raft.server.log.statemachine.data.sync.timeout.retry = -1 (default)
2020-07-02 08:47:42,609 [pool-222-thread-1] INFO  metrics.RatisMetrics (RatisMetrics.java:lambda$create$0(36)) - Creating Metrics Registry : ratis.server.f7ed0b0c-c89c-471c-8c37-09edce727015@group-D93938EF698D
2020-07-02 08:47:42,618 [EventQueue-PipelineReportForPipelineReportHandler] INFO  pipeline.PipelineStateManager (PipelineStateManager.java:openPipeline(131)) - Pipeline Pipeline[ Id: 38d0021e-233c-4bcb-922a-86fe461f22b8, Nodes: c4f8bc01-7deb-4cd9-a6c1-654553e0e0ff{ip: 172.17.0.2, host: 06760bff8a89, networkLocation: /rack1, certSerialId: null}, Type:RATIS, Factor:ONE, State:ALLOCATED, leaderId:c4f8bc01-7deb-4cd9-a6c1-654553e0e0ff, CreationTimestamp2020-07-02T08:47:39.604Z] moved to OPEN state
2020-07-02 08:47:42,619 [EventQueue-OpenPipelineForHealthyPipelineSafeModeRule] INFO  safemode.SCMSafeModeManager (HealthyPipelineSafeModeRule.java:process(129)) - SCM in safe mode. Healthy pipelines reported count is 0, required healthy pipeline reported count is 1
2020-07-02 08:47:42,619 [EventQueue-OpenPipelineForOneReplicaPipelineSafeModeRule] INFO  safemode.SCMSafeModeManager (SCMSafeModeManager.java:validateSafeModeExitRules(214)) - AtleastOneDatanodeReportedRule rule is successfully validated
2020-07-02 08:47:42,628 [pool-222-thread-1] INFO  impl.RaftServerImpl (RaftServerImpl.java:start(186)) - f7ed0b0c-c89c-471c-8c37-09edce727015@group-D93938EF698D: start as a follower, conf=-1: [26f1b97f-198a-4bc6-840d-b3fa7ce7fcfa:172.17.0.2:45833, c4f8bc01-7deb-4cd9-a6c1-654553e0e0ff:172.17.0.2:33519, f7ed0b0c-c89c-471c-8c37-09edce727015:172.17.0.2:46061], old=null
2020-07-02 08:47:42,629 [pool-222-thread-1] INFO  impl.RaftServerImpl (RaftServerImpl.java:setRole(175)) - f7ed0b0c-c89c-471c-8c37-09edce727015@group-D93938EF698D: changes role from      null to FOLLOWER at term 0 for startAsFollower
2020-07-02 08:47:42,629 [pool-222-thread-1] INFO  impl.RoleInfo (RoleInfo.java:updateAndGet(143)) - f7ed0b0c-c89c-471c-8c37-09edce727015: start FollowerState
2020-07-02 08:47:42,629 [pool-222-thread-1] INFO  util.JmxRegister (JmxRegister.java:tryRegister(44)) - Successfully registered JMX Bean with object name Ratis:service=RaftServer,group=group-D93938EF698D,id=f7ed0b0c-c89c-471c-8c37-09edce727015
2020-07-02 08:47:42,629 [pool-222-thread-1] INFO  metrics.RatisMetrics (RatisMetrics.java:lambda$create$0(36)) - Creating Metrics Registry : ratis.state_machine.f7ed0b0c-c89c-471c-8c37-09edce727015@group-D93938EF698D
2020-07-02 08:47:42,629 [pool-237-thread-1] INFO  server.RaftServerConfigKeys (ConfUtils.java:logGet(44)) - raft.server.log.statemachine.data.caching.enabled = true (custom)
2020-07-02 08:47:42,629 [pool-237-thread-1] INFO  segmented.SegmentedRaftLogWorker (SegmentedRaftLogWorker.java:lambda$new$0(129)) - c4f8bc01-7deb-4cd9-a6c1-654553e0e0ff@group-86FE461F22B8-SegmentedRaftLogWorker: flushIndex: setUnconditionally 0 -> -1
2020-07-02 08:47:42,629 [pool-237-thread-1] INFO  segmented.SegmentedRaftLogWorker (SegmentedRaftLogWorker.java:lambda$new$0(129)) - c4f8bc01-7deb-4cd9-a6c1-654553e0e0ff@group-86FE461F22B8-SegmentedRaftLogWorker: safeCacheEvictIndex: setUnconditionally 0 -> -1
2020-07-02 08:47:42,637 [pool-237-thread-1] INFO  server.RaftServerConfigKeys (ConfUtils.java:logGet(44)) - raft.server.snapshot.auto.trigger.enabled = true (custom)
2020-07-02 08:47:42,637 [pool-237-thread-1] INFO  server.RaftServerConfigKeys (ConfUtils.java:logGet(44)) - raft.server.snapshot.auto.trigger.threshold = 10000 (custom)
2020-07-02 08:47:42,638 [pool-237-thread-1] INFO  server.RaftServerConfigKeys (ConfUtils.java:logGet(44)) - raft.server.snapshot.retention.file.num = 5 (custom)
2020-07-02 08:47:42,638 [pool-237-thread-1] INFO  server.RaftServerConfigKeys (ConfUtils.java:logGet(44)) - raft.server.log.purge.upto.snapshot.index = false (default)
2020-07-02 08:47:42,638 [pool-237-thread-1] INFO  server.RaftServerConfigKeys (ConfUtils.java:logGet(44)) - raft.server.retrycache.expirytime = 600000ms (custom)
2020-07-02 08:47:42,638 [pool-237-thread-1] INFO  metrics.RatisMetrics (RatisMetrics.java:lambda$create$0(36)) - Creating Metrics Registry : ratis.leader_election.c4f8bc01-7deb-4cd9-a6c1-654553e0e0ff@group-86FE461F22B8
2020-07-02 08:47:42,638 [pool-237-thread-1] INFO  metrics.RatisMetrics (RatisMetrics.java:lambda$create$0(36)) - Creating Metrics Registry : ratis.server.c4f8bc01-7deb-4cd9-a6c1-654553e0e0ff@group-86FE461F22B8
2020-07-02 08:47:42,639 [pool-237-thread-1] INFO  impl.RaftServerImpl (RaftServerImpl.java:start(186)) - c4f8bc01-7deb-4cd9-a6c1-654553e0e0ff@group-86FE461F22B8: start as a follower, conf=-1: [c4f8bc01-7deb-4cd9-a6c1-654553e0e0ff:172.17.0.2:33519], old=null
2020-07-02 08:47:42,640 [pool-237-thread-1] INFO  impl.RaftServerImpl (RaftServerImpl.java:setRole(175)) - c4f8bc01-7deb-4cd9-a6c1-654553e0e0ff@group-86FE461F22B8: changes role from      null to FOLLOWER at term 0 for startAsFollower
2020-07-02 08:47:42,640 [pool-237-thread-1] INFO  impl.RoleInfo (RoleInfo.java:updateAndGet(143)) - c4f8bc01-7deb-4cd9-a6c1-654553e0e0ff: start FollowerState
2020-07-02 08:47:42,640 [Command processor thread] INFO  commandhandler.CreatePipelineCommandHandler (CreatePipelineCommandHandler.java:handle(109)) - Created Pipeline RATIS THREE #id: "91acdc32-11c2-425a-8fac-d93938ef698d"
.
2020-07-02 08:47:42,658 [pool-237-thread-1] INFO  util.JmxRegister (JmxRegister.java:tryRegister(44)) - Successfully registered JMX Bean with object name Ratis:service=RaftServer,group=group-86FE461F22B8,id=c4f8bc01-7deb-4cd9-a6c1-654553e0e0ff
2020-07-02 08:47:42,658 [pool-237-thread-1] INFO  metrics.RatisMetrics (RatisMetrics.java:lambda$create$0(36)) - Creating Metrics Registry : ratis.state_machine.c4f8bc01-7deb-4cd9-a6c1-654553e0e0ff@group-86FE461F22B8
2020-07-02 08:47:42,664 [Command processor thread] INFO  commandhandler.CreatePipelineCommandHandler (CreatePipelineCommandHandler.java:handle(109)) - Created Pipeline RATIS ONE #id: "38d0021e-233c-4bcb-922a-86fe461f22b8"
.
2020-07-02 08:47:42,670 [Command processor thread] INFO  impl.RaftServerProxy (RaftServerProxy.java:addNew(89)) - b5ee9bf6-c323-4b90-8393-8aea495c4582: addNew group-E5FED5A09344:[b5ee9bf6-c323-4b90-8393-8aea495c4582:172.17.0.2:35087] returns group-E5FED5A09344:java.util.concurrent.CompletableFuture@660ff432[Not completed]
2020-07-02 08:47:42,679 [pool-252-thread-1] INFO  impl.RaftServerImpl (RaftServerImpl.java:<init>(99)) - b5ee9bf6-c323-4b90-8393-8aea495c4582: new RaftServerImpl for group-E5FED5A09344:[b5ee9bf6-c323-4b90-8393-8aea495c4582:172.17.0.2:35087] with ContainerStateMachine:uninitialized
2020-07-02 08:47:42,681 [pool-252-thread-1] INFO  server.RaftServerConfigKeys (ConfUtils.java:logGet(44)) - raft.server.rpc.timeout.min = 1s (custom)
2020-07-02 08:47:42,681 [pool-252-thread-1] INFO  server.RaftServerConfigKeys (ConfUtils.java:logGet(44)) - raft.server.rpc.timeout.max = 1200ms (custom)
2020-07-02 08:47:42,681 [pool-252-thread-1] INFO  server.RaftServerConfigKeys (ConfUtils.java:logGet(44)) - raft.server.rpcslowness.timeout = 300000ms (custom)
2020-07-02 08:47:42,682 [pool-252-thread-1] INFO  server.RaftServerConfigKeys (ConfUtils.java:logGet(44)) - raft.server.sleep.deviation.threshold = 300 (default)
2020-07-02 08:47:42,682 [pool-252-thread-1] INFO  server.RaftServerConfigKeys (ConfUtils.java:logGet(44)) - raft.server.log.appender.install.snapshot.enabled = false (custom)
2020-07-02 08:47:42,682 [pool-252-thread-1] INFO  impl.RaftServerImpl (ServerState.java:<init>(103)) - b5ee9bf6-c323-4b90-8393-8aea495c4582@group-E5FED5A09344: ConfigurationManager, init=-1: [b5ee9bf6-c323-4b90-8393-8aea495c4582:172.17.0.2:35087], old=null, confs=<EMPTY_MAP>
2020-07-02 08:47:42,682 [pool-252-thread-1] INFO  server.RaftServerConfigKeys (ConfUtils.java:logGet(44)) - raft.server.storage.dir = [/github/workspace/mnt/ozone/hadoop-ozone/integration-test/target/test-dir/MiniOzoneClusterImpl-2ea21c0c-9bca-4642-a989-259fb4fcb281/datanode-3/data/ratis] (custom)
2020-07-02 08:47:42,682 [pool-252-thread-1] INFO  server.RaftServerConfigKeys (ConfUtils.java:logGet(44)) - raft.server.log.corruption.policy = EXCEPTION (default)
2020-07-02 08:47:42,682 [pool-252-thread-1] INFO  storage.RaftStorageDirectory (RaftStorageDirectory.java:analyzeStorage(261)) - The storage directory /github/workspace/mnt/ozone/hadoop-ozone/integration-test/target/test-dir/MiniOzoneClusterImpl-2ea21c0c-9bca-4642-a989-259fb4fcb281/datanode-3/data/ratis/7680d878-d8bc-4439-b0d6-e5fed5a09344 does not exist. Creating ...
2020-07-02 08:47:42,687 [pool-252-thread-1] INFO  storage.RaftStorageDirectory (RaftStorageDirectory.java:tryLock(343)) - Lock on /github/workspace/mnt/ozone/hadoop-ozone/integration-test/target/test-dir/MiniOzoneClusterImpl-2ea21c0c-9bca-4642-a989-259fb4fcb281/datanode-3/data/ratis/7680d878-d8bc-4439-b0d6-e5fed5a09344/in_use.lock acquired by nodename 37427@06760bff8a89
2020-07-02 08:47:42,688 [pool-252-thread-1] INFO  storage.RaftStorage (RaftStorage.java:format(84)) - Storage directory /github/workspace/mnt/ozone/hadoop-ozone/integration-test/target/test-dir/MiniOzoneClusterImpl-2ea21c0c-9bca-4642-a989-259fb4fcb281/datanode-3/data/ratis/7680d878-d8bc-4439-b0d6-e5fed5a09344 has been successfully formatted.
2020-07-02 08:47:42,689 [pool-252-thread-1] INFO  ratis.ContainerStateMachine (ContainerStateMachine.java:loadSnapshot(225)) - group-E5FED5A09344: The snapshot info is null. Setting the last applied indexto:(t:0, i:~)
2020-07-02 08:47:42,689 [pool-252-thread-1] INFO  server.RaftServerConfigKeys (ConfUtils.java:logGet(44)) - raft.server.notification.no-leader.timeout = 60s (default)
2020-07-02 08:47:42,689 [pool-252-thread-1] INFO  server.RaftServerConfigKeys (ConfUtils.java:logGet(44)) - raft.server.log.use.memory = false (default)
2020-07-02 08:47:42,689 [pool-252-thread-1] INFO  server.RaftServerConfigKeys (ConfUtils.java:logGet(44)) - raft.server.log.purge.gap = 1000000 (custom)
2020-07-02 08:47:42,689 [pool-252-thread-1] INFO  server.RaftServerConfigKeys (ConfUtils.java:logGet(44)) - raft.server.log.appender.buffer.byte-limit = 33554432 (custom)
2020-07-02 08:47:42,690 [pool-252-thread-1] INFO  server.RaftServerConfigKeys (ConfUtils.java:logGet(44)) - raft.server.log.segment.size.max = 1048576 (custom)
2020-07-02 08:47:42,690 [pool-252-thread-1] INFO  metrics.RatisMetrics (RatisMetrics.java:lambda$create$0(36)) - Creating Metrics Registry : ratis.log_worker.b5ee9bf6-c323-4b90-8393-8aea495c4582@group-E5FED5A09344
2020-07-02 08:47:42,690 [EventQueue-PipelineReportForPipelineReportHandler] INFO  pipeline.PipelineStateManager (PipelineStateManager.java:openPipeline(131)) - Pipeline Pipeline[ Id: 7680d878-d8bc-4439-b0d6-e5fed5a09344, Nodes: b5ee9bf6-c323-4b90-8393-8aea495c4582{ip: 172.17.0.2, host: 06760bff8a89, networkLocation: /rack1, certSerialId: null}, Type:RATIS, Factor:ONE, State:ALLOCATED, leaderId:b5ee9bf6-c323-4b90-8393-8aea495c4582, CreationTimestamp2020-07-02T08:47:39.667Z] moved to OPEN state
2020-07-02 08:47:42,690 [pool-252-thread-1] INFO  server.RaftServerConfigKeys (ConfUtils.java:logGet(44)) - raft.server.log.segment.cache.num.max = 2 (custom)
2020-07-02 08:47:42,690 [EventQueue-OpenPipelineForOneReplicaPipelineSafeModeRule] INFO  safemode.SCMSafeModeManager (SCMSafeModeManager.java:validateSafeModeExitRules(214)) - AtleastOneDatanodeReportedRule rule is successfully validated
2020-07-02 08:47:42,690 [EventQueue-OpenPipelineForHealthyPipelineSafeModeRule] INFO  safemode.SCMSafeModeManager (HealthyPipelineSafeModeRule.java:process(129)) - SCM in safe mode. Healthy pipelines reported count is 0, required healthy pipeline reported count is 1
2020-07-02 08:47:42,690 [pool-252-thread-1] INFO  segmented.SegmentedRaftLogWorker (SegmentedRaftLogWorker.java:<init>(180)) - new b5ee9bf6-c323-4b90-8393-8aea495c4582@group-E5FED5A09344-SegmentedRaftLogWorker for RaftStorage:Storage Directory /github/workspace/mnt/ozone/hadoop-ozone/integration-test/target/test-dir/MiniOzoneClusterImpl-2ea21c0c-9bca-4642-a989-259fb4fcb281/datanode-3/data/ratis/7680d878-d8bc-4439-b0d6-e5fed5a09344
2020-07-02 08:47:42,690 [pool-252-thread-1] INFO  server.RaftServerConfigKeys (ConfUtils.java:logGet(44)) - raft.server.log.queue.byte-limit = 2147483647 (custom)
2020-07-02 08:47:42,690 [pool-252-thread-1] INFO  server.RaftServerConfigKeys (ConfUtils.java:logGet(44)) - raft.server.log.queue.element-limit = 1024 (custom)
2020-07-02 08:47:42,690 [pool-252-thread-1] INFO  server.RaftServerConfigKeys (ConfUtils.java:logGet(44)) - raft.server.log.segment.size.max = 1048576 (custom)
2020-07-02 08:47:42,690 [pool-252-thread-1] INFO  server.RaftServerConfigKeys (ConfUtils.java:logGet(44)) - raft.server.log.preallocated.size = 16384 (custom)
2020-07-02 08:47:42,690 [pool-252-thread-1] INFO  server.RaftServerConfigKeys (ConfUtils.java:logGet(44)) - raft.server.log.write.buffer.size = 1048576 (custom)
2020-07-02 08:47:42,690 [pool-252-thread-1] INFO  server.RaftServerConfigKeys (ConfUtils.java:logGet(44)) - raft.server.log.force.sync.num = 128 (default)
2020-07-02 08:47:42,691 [pool-252-thread-1] INFO  server.RaftServerConfigKeys (ConfUtils.java:logGet(44)) - raft.server.log.statemachine.data.sync = true (default)
2020-07-02 08:47:42,691 [pool-252-thread-1] INFO  server.RaftServerConfigKeys (ConfUtils.java:logGet(44)) - raft.server.log.statemachine.data.sync.timeout = 10s (default)
2020-07-02 08:47:42,691 [pool-252-thread-1] INFO  server.RaftServerConfigKeys (ConfUtils.java:logGet(44)) - raft.server.log.statemachine.data.sync.timeout.retry = -1 (default)
2020-07-02 08:47:42,693 [pool-252-thread-1] INFO  server.RaftServerConfigKeys (ConfUtils.java:logGet(44)) - raft.server.log.statemachine.data.caching.enabled = true (custom)
2020-07-02 08:47:42,693 [pool-252-thread-1] INFO  segmented.SegmentedRaftLogWorker (SegmentedRaftLogWorker.java:lambda$new$0(129)) - b5ee9bf6-c323-4b90-8393-8aea495c4582@group-E5FED5A09344-SegmentedRaftLogWorker: flushIndex: setUnconditionally 0 -> -1
2020-07-02 08:47:42,693 [pool-252-thread-1] INFO  segmented.SegmentedRaftLogWorker (SegmentedRaftLogWorker.java:lambda$new$0(129)) - b5ee9bf6-c323-4b90-8393-8aea495c4582@group-E5FED5A09344-SegmentedRaftLogWorker: safeCacheEvictIndex: setUnconditionally 0 -> -1
2020-07-02 08:47:42,697 [pool-252-thread-1] INFO  server.RaftServerConfigKeys (ConfUtils.java:logGet(44)) - raft.server.snapshot.auto.trigger.enabled = true (custom)
2020-07-02 08:47:42,697 [pool-252-thread-1] INFO  server.RaftServerConfigKeys (ConfUtils.java:logGet(44)) - raft.server.snapshot.auto.trigger.threshold = 10000 (custom)
2020-07-02 08:47:42,698 [pool-252-thread-1] INFO  server.RaftServerConfigKeys (ConfUtils.java:logGet(44)) - raft.server.snapshot.retention.file.num = 5 (custom)
2020-07-02 08:47:42,698 [pool-252-thread-1] INFO  server.RaftServerConfigKeys (ConfUtils.java:logGet(44)) - raft.server.log.purge.upto.snapshot.index = false (default)
2020-07-02 08:47:42,698 [pool-252-thread-1] INFO  server.RaftServerConfigKeys (ConfUtils.java:logGet(44)) - raft.server.retrycache.expirytime = 600000ms (custom)
2020-07-02 08:47:42,698 [pool-252-thread-1] INFO  metrics.RatisMetrics (RatisMetrics.java:lambda$create$0(36)) - Creating Metrics Registry : ratis.leader_election.b5ee9bf6-c323-4b90-8393-8aea495c4582@group-E5FED5A09344
2020-07-02 08:47:42,699 [pool-252-thread-1] INFO  metrics.RatisMetrics (RatisMetrics.java:lambda$create$0(36)) - Creating Metrics Registry : ratis.server.b5ee9bf6-c323-4b90-8393-8aea495c4582@group-E5FED5A09344
2020-07-02 08:47:42,700 [pool-252-thread-1] INFO  impl.RaftServerImpl (RaftServerImpl.java:start(186)) - b5ee9bf6-c323-4b90-8393-8aea495c4582@group-E5FED5A09344: start as a follower, conf=-1: [b5ee9bf6-c323-4b90-8393-8aea495c4582:172.17.0.2:35087], old=null
2020-07-02 08:47:42,700 [pool-252-thread-1] INFO  impl.RaftServerImpl (RaftServerImpl.java:setRole(175)) - b5ee9bf6-c323-4b90-8393-8aea495c4582@group-E5FED5A09344: changes role from      null to FOLLOWER at term 0 for startAsFollower
2020-07-02 08:47:42,700 [pool-252-thread-1] INFO  impl.RoleInfo (RoleInfo.java:updateAndGet(143)) - b5ee9bf6-c323-4b90-8393-8aea495c4582: start FollowerState
2020-07-02 08:47:42,701 [pool-252-thread-1] INFO  util.JmxRegister (JmxRegister.java:tryRegister(44)) - Successfully registered JMX Bean with object name Ratis:service=RaftServer,group=group-E5FED5A09344,id=b5ee9bf6-c323-4b90-8393-8aea495c4582
2020-07-02 08:47:42,708 [pool-252-thread-1] INFO  metrics.RatisMetrics (RatisMetrics.java:lambda$create$0(36)) - Creating Metrics Registry : ratis.state_machine.b5ee9bf6-c323-4b90-8393-8aea495c4582@group-E5FED5A09344
2020-07-02 08:47:42,708 [Command processor thread] INFO  commandhandler.CreatePipelineCommandHandler (CreatePipelineCommandHandler.java:handle(109)) - Created Pipeline RATIS ONE #id: "7680d878-d8bc-4439-b0d6-e5fed5a09344"
.
2020-07-02 08:47:42,709 [Command processor thread] INFO  impl.RaftServerProxy (RaftServerProxy.java:addNew(89)) - b5ee9bf6-c323-4b90-8393-8aea495c4582: addNew group-8E625A2998A3:[a3230122-e9f1-469c-a445-fc983e5286bd:172.17.0.2:39051, b5ee9bf6-c323-4b90-8393-8aea495c4582:172.17.0.2:35087, d4095b94-faf8-4714-9e04-9d2538430758:172.17.0.2:35223] returns group-8E625A2998A3:java.util.concurrent.CompletableFuture@62306c2b[Not completed]
2020-07-02 08:47:42,709 [pool-252-thread-1] INFO  impl.RaftServerImpl (RaftServerImpl.java:<init>(99)) - b5ee9bf6-c323-4b90-8393-8aea495c4582: new RaftServerImpl for group-8E625A2998A3:[a3230122-e9f1-469c-a445-fc983e5286bd:172.17.0.2:39051, b5ee9bf6-c323-4b90-8393-8aea495c4582:172.17.0.2:35087, d4095b94-faf8-4714-9e04-9d2538430758:172.17.0.2:35223] with ContainerStateMachine:uninitialized
2020-07-02 08:47:42,709 [pool-252-thread-1] INFO  server.RaftServerConfigKeys (ConfUtils.java:logGet(44)) - raft.server.rpc.timeout.min = 1s (custom)
2020-07-02 08:47:42,710 [pool-252-thread-1] INFO  server.RaftServerConfigKeys (ConfUtils.java:logGet(44)) - raft.server.rpc.timeout.max = 1200ms (custom)
2020-07-02 08:47:42,710 [pool-252-thread-1] INFO  server.RaftServerConfigKeys (ConfUtils.java:logGet(44)) - raft.server.rpcslowness.timeout = 300000ms (custom)
2020-07-02 08:47:42,710 [pool-252-thread-1] INFO  server.RaftServerConfigKeys (ConfUtils.java:logGet(44)) - raft.server.sleep.deviation.threshold = 300 (default)
2020-07-02 08:47:42,710 [pool-252-thread-1] INFO  server.RaftServerConfigKeys (ConfUtils.java:logGet(44)) - raft.server.log.appender.install.snapshot.enabled = false (custom)
2020-07-02 08:47:42,710 [pool-252-thread-1] INFO  impl.RaftServerImpl (ServerState.java:<init>(103)) - b5ee9bf6-c323-4b90-8393-8aea495c4582@group-8E625A2998A3: ConfigurationManager, init=-1: [a3230122-e9f1-469c-a445-fc983e5286bd:172.17.0.2:39051, b5ee9bf6-c323-4b90-8393-8aea495c4582:172.17.0.2:35087, d4095b94-faf8-4714-9e04-9d2538430758:172.17.0.2:35223], old=null, confs=<EMPTY_MAP>
2020-07-02 08:47:42,710 [pool-252-thread-1] INFO  server.RaftServerConfigKeys (ConfUtils.java:logGet(44)) - raft.server.storage.dir = [/github/workspace/mnt/ozone/hadoop-ozone/integration-test/target/test-dir/MiniOzoneClusterImpl-2ea21c0c-9bca-4642-a989-259fb4fcb281/datanode-3/data/ratis] (custom)
2020-07-02 08:47:42,710 [pool-252-thread-1] INFO  server.RaftServerConfigKeys (ConfUtils.java:logGet(44)) - raft.server.log.corruption.policy = EXCEPTION (default)
2020-07-02 08:47:42,710 [pool-252-thread-1] INFO  storage.RaftStorageDirectory (RaftStorageDirectory.java:analyzeStorage(261)) - The storage directory /github/workspace/mnt/ozone/hadoop-ozone/integration-test/target/test-dir/MiniOzoneClusterImpl-2ea21c0c-9bca-4642-a989-259fb4fcb281/datanode-3/data/ratis/e550a23b-173f-4fb1-89ef-8e625a2998a3 does not exist. Creating ...
2020-07-02 08:47:42,718 [pool-252-thread-1] INFO  storage.RaftStorageDirectory (RaftStorageDirectory.java:tryLock(343)) - Lock on /github/workspace/mnt/ozone/hadoop-ozone/integration-test/target/test-dir/MiniOzoneClusterImpl-2ea21c0c-9bca-4642-a989-259fb4fcb281/datanode-3/data/ratis/e550a23b-173f-4fb1-89ef-8e625a2998a3/in_use.lock acquired by nodename 37427@06760bff8a89
2020-07-02 08:47:42,720 [Command processor thread] INFO  commandhandler.CreatePipelineCommandHandler (CreatePipelineCommandHandler.java:handle(109)) - Created Pipeline RATIS THREE #id: "91acdc32-11c2-425a-8fac-d93938ef698d"
.
2020-07-02 08:47:42,721 [pool-252-thread-1] INFO  storage.RaftStorage (RaftStorage.java:format(84)) - Storage directory /github/workspace/mnt/ozone/hadoop-ozone/integration-test/target/test-dir/MiniOzoneClusterImpl-2ea21c0c-9bca-4642-a989-259fb4fcb281/datanode-3/data/ratis/e550a23b-173f-4fb1-89ef-8e625a2998a3 has been successfully formatted.
2020-07-02 08:47:42,721 [pool-252-thread-1] INFO  ratis.ContainerStateMachine (ContainerStateMachine.java:loadSnapshot(225)) - group-8E625A2998A3: The snapshot info is null. Setting the last applied indexto:(t:0, i:~)
2020-07-02 08:47:42,721 [pool-252-thread-1] INFO  server.RaftServerConfigKeys (ConfUtils.java:logGet(44)) - raft.server.notification.no-leader.timeout = 60s (default)
2020-07-02 08:47:42,721 [pool-252-thread-1] INFO  server.RaftServerConfigKeys (ConfUtils.java:logGet(44)) - raft.server.log.use.memory = false (default)
2020-07-02 08:47:42,721 [pool-252-thread-1] INFO  server.RaftServerConfigKeys (ConfUtils.java:logGet(44)) - raft.server.log.purge.gap = 1000000 (custom)
2020-07-02 08:47:42,721 [pool-252-thread-1] INFO  server.RaftServerConfigKeys (ConfUtils.java:logGet(44)) - raft.server.log.appender.buffer.byte-limit = 33554432 (custom)
2020-07-02 08:47:42,721 [pool-252-thread-1] INFO  server.RaftServerConfigKeys (ConfUtils.java:logGet(44)) - raft.server.log.segment.size.max = 1048576 (custom)
2020-07-02 08:47:42,721 [pool-252-thread-1] INFO  metrics.RatisMetrics (RatisMetrics.java:lambda$create$0(36)) - Creating Metrics Registry : ratis.log_worker.b5ee9bf6-c323-4b90-8393-8aea495c4582@group-8E625A2998A3
2020-07-02 08:47:42,721 [pool-252-thread-1] INFO  server.RaftServerConfigKeys (ConfUtils.java:logGet(44)) - raft.server.log.segment.cache.num.max = 2 (custom)
2020-07-02 08:47:42,721 [pool-252-thread-1] INFO  segmented.SegmentedRaftLogWorker (SegmentedRaftLogWorker.java:<init>(180)) - new b5ee9bf6-c323-4b90-8393-8aea495c4582@group-8E625A2998A3-SegmentedRaftLogWorker for RaftStorage:Storage Directory /github/workspace/mnt/ozone/hadoop-ozone/integration-test/target/test-dir/MiniOzoneClusterImpl-2ea21c0c-9bca-4642-a989-259fb4fcb281/datanode-3/data/ratis/e550a23b-173f-4fb1-89ef-8e625a2998a3
2020-07-02 08:47:42,722 [pool-252-thread-1] INFO  server.RaftServerConfigKeys (ConfUtils.java:logGet(44)) - raft.server.log.queue.byte-limit = 2147483647 (custom)
2020-07-02 08:47:42,722 [pool-252-thread-1] INFO  server.RaftServerConfigKeys (ConfUtils.java:logGet(44)) - raft.server.log.queue.element-limit = 1024 (custom)
2020-07-02 08:47:42,722 [pool-252-thread-1] INFO  server.RaftServerConfigKeys (ConfUtils.java:logGet(44)) - raft.server.log.segment.size.max = 1048576 (custom)
2020-07-02 08:47:42,722 [pool-252-thread-1] INFO  server.RaftServerConfigKeys (ConfUtils.java:logGet(44)) - raft.server.log.preallocated.size = 16384 (custom)
2020-07-02 08:47:42,722 [pool-252-thread-1] INFO  server.RaftServerConfigKeys (ConfUtils.java:logGet(44)) - raft.server.log.write.buffer.size = 1048576 (custom)
2020-07-02 08:47:42,722 [pool-252-thread-1] INFO  server.RaftServerConfigKeys (ConfUtils.java:logGet(44)) - raft.server.log.force.sync.num = 128 (default)
2020-07-02 08:47:42,722 [pool-252-thread-1] INFO  server.RaftServerConfigKeys (ConfUtils.java:logGet(44)) - raft.server.log.statemachine.data.sync = true (default)
2020-07-02 08:47:42,722 [pool-252-thread-1] INFO  server.RaftServerConfigKeys (ConfUtils.java:logGet(44)) - raft.server.log.statemachine.data.sync.timeout = 10s (default)
2020-07-02 08:47:42,722 [pool-252-thread-1] INFO  server.RaftServerConfigKeys (ConfUtils.java:logGet(44)) - raft.server.log.statemachine.data.sync.timeout.retry = -1 (default)
2020-07-02 08:47:42,724 [pool-252-thread-1] INFO  server.RaftServerConfigKeys (ConfUtils.java:logGet(44)) - raft.server.log.statemachine.data.caching.enabled = true (custom)
2020-07-02 08:47:42,724 [pool-252-thread-1] INFO  segmented.SegmentedRaftLogWorker (SegmentedRaftLogWorker.java:lambda$new$0(129)) - b5ee9bf6-c323-4b90-8393-8aea495c4582@group-8E625A2998A3-SegmentedRaftLogWorker: flushIndex: setUnconditionally 0 -> -1
2020-07-02 08:47:42,724 [pool-252-thread-1] INFO  segmented.SegmentedRaftLogWorker (SegmentedRaftLogWorker.java:lambda$new$0(129)) - b5ee9bf6-c323-4b90-8393-8aea495c4582@group-8E625A2998A3-SegmentedRaftLogWorker: safeCacheEvictIndex: setUnconditionally 0 -> -1
2020-07-02 08:47:42,725 [pool-252-thread-1] INFO  server.RaftServerConfigKeys (ConfUtils.java:logGet(44)) - raft.server.snapshot.auto.trigger.enabled = true (custom)
2020-07-02 08:47:42,725 [pool-252-thread-1] INFO  server.RaftServerConfigKeys (ConfUtils.java:logGet(44)) - raft.server.snapshot.auto.trigger.threshold = 10000 (custom)
2020-07-02 08:47:42,725 [pool-252-thread-1] INFO  server.RaftServerConfigKeys (ConfUtils.java:logGet(44)) - raft.server.snapshot.retention.file.num = 5 (custom)
2020-07-02 08:47:42,725 [pool-252-thread-1] INFO  server.RaftServerConfigKeys (ConfUtils.java:logGet(44)) - raft.server.log.purge.upto.snapshot.index = false (default)
2020-07-02 08:47:42,725 [pool-252-thread-1] INFO  server.RaftServerConfigKeys (ConfUtils.java:logGet(44)) - raft.server.retrycache.expirytime = 600000ms (custom)
2020-07-02 08:47:42,725 [pool-252-thread-1] INFO  metrics.RatisMetrics (RatisMetrics.java:lambda$create$0(36)) - Creating Metrics Registry : ratis.leader_election.b5ee9bf6-c323-4b90-8393-8aea495c4582@group-8E625A2998A3
2020-07-02 08:47:42,725 [pool-252-thread-1] INFO  metrics.RatisMetrics (RatisMetrics.java:lambda$create$0(36)) - Creating Metrics Registry : ratis.server.b5ee9bf6-c323-4b90-8393-8aea495c4582@group-8E625A2998A3
2020-07-02 08:47:42,727 [pool-252-thread-1] INFO  impl.RaftServerImpl (RaftServerImpl.java:start(186)) - b5ee9bf6-c323-4b90-8393-8aea495c4582@group-8E625A2998A3: start as a follower, conf=-1: [a3230122-e9f1-469c-a445-fc983e5286bd:172.17.0.2:39051, b5ee9bf6-c323-4b90-8393-8aea495c4582:172.17.0.2:35087, d4095b94-faf8-4714-9e04-9d2538430758:172.17.0.2:35223], old=null
2020-07-02 08:47:42,727 [pool-252-thread-1] INFO  impl.RaftServerImpl (RaftServerImpl.java:setRole(175)) - b5ee9bf6-c323-4b90-8393-8aea495c4582@group-8E625A2998A3: changes role from      null to FOLLOWER at term 0 for startAsFollower
2020-07-02 08:47:42,727 [pool-252-thread-1] INFO  impl.RoleInfo (RoleInfo.java:updateAndGet(143)) - b5ee9bf6-c323-4b90-8393-8aea495c4582: start FollowerState
2020-07-02 08:47:42,727 [pool-252-thread-1] INFO  util.JmxRegister (JmxRegister.java:tryRegister(44)) - Successfully registered JMX Bean with object name Ratis:service=RaftServer,group=group-8E625A2998A3,id=b5ee9bf6-c323-4b90-8393-8aea495c4582
2020-07-02 08:47:42,727 [pool-252-thread-1] INFO  metrics.RatisMetrics (RatisMetrics.java:lambda$create$0(36)) - Creating Metrics Registry : ratis.state_machine.b5ee9bf6-c323-4b90-8393-8aea495c4582@group-8E625A2998A3
2020-07-02 08:47:42,732 [Command processor thread] INFO  impl.RaftServerProxy (RaftServerProxy.java:addNew(89)) - a3230122-e9f1-469c-a445-fc983e5286bd: addNew group-D3309ECE33D4:[a3230122-e9f1-469c-a445-fc983e5286bd:172.17.0.2:39051] returns group-D3309ECE33D4:java.util.concurrent.CompletableFuture@45fcb655[Not completed]
2020-07-02 08:47:42,734 [grpc-default-executor-4] INFO  impl.RaftServerProxy (RaftServerProxy.java:addNew(89)) - d4095b94-faf8-4714-9e04-9d2538430758: addNew group-8E625A2998A3:[a3230122-e9f1-469c-a445-fc983e5286bd:172.17.0.2:39051, b5ee9bf6-c323-4b90-8393-8aea495c4582:172.17.0.2:35087, d4095b94-faf8-4714-9e04-9d2538430758:172.17.0.2:35223] returns group-8E625A2998A3:java.util.concurrent.CompletableFuture@4696fba0[Not completed]
2020-07-02 08:47:42,734 [pool-267-thread-1] INFO  impl.RaftServerImpl (RaftServerImpl.java:<init>(99)) - a3230122-e9f1-469c-a445-fc983e5286bd: new RaftServerImpl for group-D3309ECE33D4:[a3230122-e9f1-469c-a445-fc983e5286bd:172.17.0.2:39051] with ContainerStateMachine:uninitialized
2020-07-02 08:47:42,735 [pool-282-thread-1] INFO  impl.RaftServerImpl (RaftServerImpl.java:<init>(99)) - d4095b94-faf8-4714-9e04-9d2538430758: new RaftServerImpl for group-8E625A2998A3:[a3230122-e9f1-469c-a445-fc983e5286bd:172.17.0.2:39051, b5ee9bf6-c323-4b90-8393-8aea495c4582:172.17.0.2:35087, d4095b94-faf8-4714-9e04-9d2538430758:172.17.0.2:35223] with ContainerStateMachine:uninitialized
2020-07-02 08:47:42,737 [pool-282-thread-1] INFO  server.RaftServerConfigKeys (ConfUtils.java:logGet(44)) - raft.server.rpc.timeout.min = 1s (custom)
2020-07-02 08:47:42,737 [pool-282-thread-1] INFO  server.RaftServerConfigKeys (ConfUtils.java:logGet(44)) - raft.server.rpc.timeout.max = 1200ms (custom)
2020-07-02 08:47:42,737 [pool-282-thread-1] INFO  server.RaftServerConfigKeys (ConfUtils.java:logGet(44)) - raft.server.rpcslowness.timeout = 300000ms (custom)
2020-07-02 08:47:42,737 [pool-282-thread-1] INFO  server.RaftServerConfigKeys (ConfUtils.java:logGet(44)) - raft.server.sleep.deviation.threshold = 300 (default)
2020-07-02 08:47:42,737 [pool-282-thread-1] INFO  server.RaftServerConfigKeys (ConfUtils.java:logGet(44)) - raft.server.log.appender.install.snapshot.enabled = false (custom)
2020-07-02 08:47:42,737 [pool-282-thread-1] INFO  impl.RaftServerImpl (ServerState.java:<init>(103)) - d4095b94-faf8-4714-9e04-9d2538430758@group-8E625A2998A3: ConfigurationManager, init=-1: [a3230122-e9f1-469c-a445-fc983e5286bd:172.17.0.2:39051, b5ee9bf6-c323-4b90-8393-8aea495c4582:172.17.0.2:35087, d4095b94-faf8-4714-9e04-9d2538430758:172.17.0.2:35223], old=null, confs=<EMPTY_MAP>
2020-07-02 08:47:42,737 [pool-282-thread-1] INFO  server.RaftServerConfigKeys (ConfUtils.java:logGet(44)) - raft.server.storage.dir = [/github/workspace/mnt/ozone/hadoop-ozone/integration-test/target/test-dir/MiniOzoneClusterImpl-2ea21c0c-9bca-4642-a989-259fb4fcb281/datanode-5/data/ratis] (custom)
2020-07-02 08:47:42,737 [pool-282-thread-1] INFO  server.RaftServerConfigKeys (ConfUtils.java:logGet(44)) - raft.server.log.corruption.policy = EXCEPTION (default)
2020-07-02 08:47:42,737 [pool-267-thread-1] INFO  server.RaftServerConfigKeys (ConfUtils.java:logGet(44)) - raft.server.rpc.timeout.min = 1s (custom)
2020-07-02 08:47:42,737 [pool-267-thread-1] INFO  server.RaftServerConfigKeys (ConfUtils.java:logGet(44)) - raft.server.rpc.timeout.max = 1200ms (custom)
2020-07-02 08:47:42,737 [pool-267-thread-1] INFO  server.RaftServerConfigKeys (ConfUtils.java:logGet(44)) - raft.server.rpcslowness.timeout = 300000ms (custom)
2020-07-02 08:47:42,737 [pool-267-thread-1] INFO  server.RaftServerConfigKeys (ConfUtils.java:logGet(44)) - raft.server.sleep.deviation.threshold = 300 (default)
2020-07-02 08:47:42,738 [pool-267-thread-1] INFO  server.RaftServerConfigKeys (ConfUtils.java:logGet(44)) - raft.server.log.appender.install.snapshot.enabled = false (custom)
2020-07-02 08:47:42,738 [pool-267-thread-1] INFO  impl.RaftServerImpl (ServerState.java:<init>(103)) - a3230122-e9f1-469c-a445-fc983e5286bd@group-D3309ECE33D4: ConfigurationManager, init=-1: [a3230122-e9f1-469c-a445-fc983e5286bd:172.17.0.2:39051], old=null, confs=<EMPTY_MAP>
2020-07-02 08:47:42,738 [pool-267-thread-1] INFO  server.RaftServerConfigKeys (ConfUtils.java:logGet(44)) - raft.server.storage.dir = [/github/workspace/mnt/ozone/hadoop-ozone/integration-test/target/test-dir/MiniOzoneClusterImpl-2ea21c0c-9bca-4642-a989-259fb4fcb281/datanode-4/data/ratis] (custom)
2020-07-02 08:47:42,738 [pool-267-thread-1] INFO  server.RaftServerConfigKeys (ConfUtils.java:logGet(44)) - raft.server.log.corruption.policy = EXCEPTION (default)
2020-07-02 08:47:42,738 [pool-267-thread-1] INFO  storage.RaftStorageDirectory (RaftStorageDirectory.java:analyzeStorage(261)) - The storage directory /github/workspace/mnt/ozone/hadoop-ozone/integration-test/target/test-dir/MiniOzoneClusterImpl-2ea21c0c-9bca-4642-a989-259fb4fcb281/datanode-4/data/ratis/bb978cf7-98ce-4e39-a660-d3309ece33d4 does not exist. Creating ...
2020-07-02 08:47:42,738 [pool-282-thread-1] INFO  storage.RaftStorageDirectory (RaftStorageDirectory.java:analyzeStorage(261)) - The storage directory /github/workspace/mnt/ozone/hadoop-ozone/integration-test/target/test-dir/MiniOzoneClusterImpl-2ea21c0c-9bca-4642-a989-259fb4fcb281/datanode-5/data/ratis/e550a23b-173f-4fb1-89ef-8e625a2998a3 does not exist. Creating ...
2020-07-02 08:47:42,739 [pool-282-thread-1] INFO  storage.RaftStorageDirectory (RaftStorageDirectory.java:tryLock(343)) - Lock on /github/workspace/mnt/ozone/hadoop-ozone/integration-test/target/test-dir/MiniOzoneClusterImpl-2ea21c0c-9bca-4642-a989-259fb4fcb281/datanode-5/data/ratis/e550a23b-173f-4fb1-89ef-8e625a2998a3/in_use.lock acquired by nodename 37427@06760bff8a89
2020-07-02 08:47:42,739 [pool-267-thread-1] INFO  storage.RaftStorageDirectory (RaftStorageDirectory.java:tryLock(343)) - Lock on /github/workspace/mnt/ozone/hadoop-ozone/integration-test/target/test-dir/MiniOzoneClusterImpl-2ea21c0c-9bca-4642-a989-259fb4fcb281/datanode-4/data/ratis/bb978cf7-98ce-4e39-a660-d3309ece33d4/in_use.lock acquired by nodename 37427@06760bff8a89
2020-07-02 08:47:42,740 [pool-282-thread-1] INFO  storage.RaftStorage (RaftStorage.java:format(84)) - Storage directory /github/workspace/mnt/ozone/hadoop-ozone/integration-test/target/test-dir/MiniOzoneClusterImpl-2ea21c0c-9bca-4642-a989-259fb4fcb281/datanode-5/data/ratis/e550a23b-173f-4fb1-89ef-8e625a2998a3 has been successfully formatted.
2020-07-02 08:47:42,741 [pool-267-thread-1] INFO  storage.RaftStorage (RaftStorage.java:format(84)) - Storage directory /github/workspace/mnt/ozone/hadoop-ozone/integration-test/target/test-dir/MiniOzoneClusterImpl-2ea21c0c-9bca-4642-a989-259fb4fcb281/datanode-4/data/ratis/bb978cf7-98ce-4e39-a660-d3309ece33d4 has been successfully formatted.
2020-07-02 08:47:42,741 [pool-282-thread-1] INFO  ratis.ContainerStateMachine (ContainerStateMachine.java:loadSnapshot(225)) - group-8E625A2998A3: The snapshot info is null. Setting the last applied indexto:(t:0, i:~)
2020-07-02 08:47:42,742 [pool-282-thread-1] INFO  server.RaftServerConfigKeys (ConfUtils.java:logGet(44)) - raft.server.notification.no-leader.timeout = 60s (default)
2020-07-02 08:47:42,742 [pool-282-thread-1] INFO  server.RaftServerConfigKeys (ConfUtils.java:logGet(44)) - raft.server.log.use.memory = false (default)
2020-07-02 08:47:42,742 [pool-282-thread-1] INFO  server.RaftServerConfigKeys (ConfUtils.java:logGet(44)) - raft.server.log.purge.gap = 1000000 (custom)
2020-07-02 08:47:42,742 [pool-282-thread-1] INFO  server.RaftServerConfigKeys (ConfUtils.java:logGet(44)) - raft.server.log.appender.buffer.byte-limit = 33554432 (custom)
2020-07-02 08:47:42,742 [pool-282-thread-1] INFO  server.RaftServerConfigKeys (ConfUtils.java:logGet(44)) - raft.server.log.segment.size.max = 1048576 (custom)
2020-07-02 08:47:42,742 [pool-282-thread-1] INFO  metrics.RatisMetrics (RatisMetrics.java:lambda$create$0(36)) - Creating Metrics Registry : ratis.log_worker.d4095b94-faf8-4714-9e04-9d2538430758@group-8E625A2998A3
2020-07-02 08:47:42,743 [EventQueue-PipelineReportForPipelineReportHandler] INFO  pipeline.PipelineStateManager (PipelineStateManager.java:openPipeline(131)) - Pipeline Pipeline[ Id: bb978cf7-98ce-4e39-a660-d3309ece33d4, Nodes: a3230122-e9f1-469c-a445-fc983e5286bd{ip: 172.17.0.2, host: 06760bff8a89, networkLocation: /rack1, certSerialId: null}, Type:RATIS, Factor:ONE, State:ALLOCATED, leaderId:a3230122-e9f1-469c-a445-fc983e5286bd, CreationTimestamp2020-07-02T08:47:39.731Z] moved to OPEN state
2020-07-02 08:47:42,742 [pool-267-thread-1] INFO  ratis.ContainerStateMachine (ContainerStateMachine.java:loadSnapshot(225)) - group-D3309ECE33D4: The snapshot info is null. Setting the last applied indexto:(t:0, i:~)
2020-07-02 08:47:42,743 [EventQueue-OpenPipelineForHealthyPipelineSafeModeRule] INFO  safemode.SCMSafeModeManager (HealthyPipelineSafeModeRule.java:process(129)) - SCM in safe mode. Healthy pipelines reported count is 0, required healthy pipeline reported count is 1
2020-07-02 08:47:42,743 [EventQueue-OpenPipelineForOneReplicaPipelineSafeModeRule] INFO  safemode.SCMSafeModeManager (SCMSafeModeManager.java:validateSafeModeExitRules(214)) - AtleastOneDatanodeReportedRule rule is successfully validated
2020-07-02 08:47:42,743 [pool-267-thread-1] INFO  server.RaftServerConfigKeys (ConfUtils.java:logGet(44)) - raft.server.notification.no-leader.timeout = 60s (default)
2020-07-02 08:47:42,743 [pool-267-thread-1] INFO  server.RaftServerConfigKeys (ConfUtils.java:logGet(44)) - raft.server.log.use.memory = false (default)
2020-07-02 08:47:42,743 [pool-267-thread-1] INFO  server.RaftServerConfigKeys (ConfUtils.java:logGet(44)) - raft.server.log.purge.gap = 1000000 (custom)
2020-07-02 08:47:42,743 [pool-267-thread-1] INFO  server.RaftServerConfigKeys (ConfUtils.java:logGet(44)) - raft.server.log.appender.buffer.byte-limit = 33554432 (custom)
2020-07-02 08:47:42,744 [pool-267-thread-1] INFO  server.RaftServerConfigKeys (ConfUtils.java:logGet(44)) - raft.server.log.segment.size.max = 1048576 (custom)
2020-07-02 08:47:42,744 [pool-267-thread-1] INFO  metrics.RatisMetrics (RatisMetrics.java:lambda$create$0(36)) - Creating Metrics Registry : ratis.log_worker.a3230122-e9f1-469c-a445-fc983e5286bd@group-D3309ECE33D4
2020-07-02 08:47:42,744 [pool-267-thread-1] INFO  server.RaftServerConfigKeys (ConfUtils.java:logGet(44)) - raft.server.log.segment.cache.num.max = 2 (custom)
2020-07-02 08:47:42,744 [pool-267-thread-1] INFO  segmented.SegmentedRaftLogWorker (SegmentedRaftLogWorker.java:<init>(180)) - new a3230122-e9f1-469c-a445-fc983e5286bd@group-D3309ECE33D4-SegmentedRaftLogWorker for RaftStorage:Storage Directory /github/workspace/mnt/ozone/hadoop-ozone/integration-test/target/test-dir/MiniOzoneClusterImpl-2ea21c0c-9bca-4642-a989-259fb4fcb281/datanode-4/data/ratis/bb978cf7-98ce-4e39-a660-d3309ece33d4
2020-07-02 08:47:42,744 [pool-267-thread-1] INFO  server.RaftServerConfigKeys (ConfUtils.java:logGet(44)) - raft.server.log.queue.byte-limit = 2147483647 (custom)
2020-07-02 08:47:42,744 [pool-267-thread-1] INFO  server.RaftServerConfigKeys (ConfUtils.java:logGet(44)) - raft.server.log.queue.element-limit = 1024 (custom)
2020-07-02 08:47:42,743 [pool-282-thread-1] INFO  server.RaftServerConfigKeys (ConfUtils.java:logGet(44)) - raft.server.log.segment.cache.num.max = 2 (custom)
2020-07-02 08:47:42,744 [pool-282-thread-1] INFO  segmented.SegmentedRaftLogWorker (SegmentedRaftLogWorker.java:<init>(180)) - new d4095b94-faf8-4714-9e04-9d2538430758@group-8E625A2998A3-SegmentedRaftLogWorker for RaftStorage:Storage Directory /github/workspace/mnt/ozone/hadoop-ozone/integration-test/target/test-dir/MiniOzoneClusterImpl-2ea21c0c-9bca-4642-a989-259fb4fcb281/datanode-5/data/ratis/e550a23b-173f-4fb1-89ef-8e625a2998a3
2020-07-02 08:47:42,745 [pool-282-thread-1] INFO  server.RaftServerConfigKeys (ConfUtils.java:logGet(44)) - raft.server.log.queue.byte-limit = 2147483647 (custom)
2020-07-02 08:47:42,745 [pool-282-thread-1] INFO  server.RaftServerConfigKeys (ConfUtils.java:logGet(44)) - raft.server.log.queue.element-limit = 1024 (custom)
2020-07-02 08:47:42,745 [pool-267-thread-1] INFO  server.RaftServerConfigKeys (ConfUtils.java:logGet(44)) - raft.server.log.segment.size.max = 1048576 (custom)
2020-07-02 08:47:42,745 [pool-282-thread-1] INFO  server.RaftServerConfigKeys (ConfUtils.java:logGet(44)) - raft.server.log.segment.size.max = 1048576 (custom)
2020-07-02 08:47:42,745 [pool-282-thread-1] INFO  server.RaftServerConfigKeys (ConfUtils.java:logGet(44)) - raft.server.log.preallocated.size = 16384 (custom)
2020-07-02 08:47:42,745 [pool-267-thread-1] INFO  server.RaftServerConfigKeys (ConfUtils.java:logGet(44)) - raft.server.log.preallocated.size = 16384 (custom)
2020-07-02 08:47:42,745 [pool-267-thread-1] INFO  server.RaftServerConfigKeys (ConfUtils.java:logGet(44)) - raft.server.log.write.buffer.size = 1048576 (custom)
2020-07-02 08:47:42,745 [pool-267-thread-1] INFO  server.RaftServerConfigKeys (ConfUtils.java:logGet(44)) - raft.server.log.force.sync.num = 128 (default)
2020-07-02 08:47:42,745 [pool-267-thread-1] INFO  server.RaftServerConfigKeys (ConfUtils.java:logGet(44)) - raft.server.log.statemachine.data.sync = true (default)
2020-07-02 08:47:42,745 [pool-282-thread-1] INFO  server.RaftServerConfigKeys (ConfUtils.java:logGet(44)) - raft.server.log.write.buffer.size = 1048576 (custom)
2020-07-02 08:47:42,746 [pool-282-thread-1] INFO  server.RaftServerConfigKeys (ConfUtils.java:logGet(44)) - raft.server.log.force.sync.num = 128 (default)
2020-07-02 08:47:42,746 [pool-282-thread-1] INFO  server.RaftServerConfigKeys (ConfUtils.java:logGet(44)) - raft.server.log.statemachine.data.sync = true (default)
2020-07-02 08:47:42,746 [pool-267-thread-1] INFO  server.RaftServerConfigKeys (ConfUtils.java:logGet(44)) - raft.server.log.statemachine.data.sync.timeout = 10s (default)
2020-07-02 08:47:42,746 [pool-282-thread-1] INFO  server.RaftServerConfigKeys (ConfUtils.java:logGet(44)) - raft.server.log.statemachine.data.sync.timeout = 10s (default)
2020-07-02 08:47:42,746 [pool-282-thread-1] INFO  server.RaftServerConfigKeys (ConfUtils.java:logGet(44)) - raft.server.log.statemachine.data.sync.timeout.retry = -1 (default)
2020-07-02 08:47:42,746 [pool-267-thread-1] INFO  server.RaftServerConfigKeys (ConfUtils.java:logGet(44)) - raft.server.log.statemachine.data.sync.timeout.retry = -1 (default)
2020-07-02 08:47:42,748 [pool-282-thread-1] INFO  server.RaftServerConfigKeys (ConfUtils.java:logGet(44)) - raft.server.log.statemachine.data.caching.enabled = true (custom)
2020-07-02 08:47:42,750 [pool-267-thread-1] INFO  server.RaftServerConfigKeys (ConfUtils.java:logGet(44)) - raft.server.log.statemachine.data.caching.enabled = true (custom)
2020-07-02 08:47:42,750 [pool-282-thread-1] INFO  segmented.SegmentedRaftLogWorker (SegmentedRaftLogWorker.java:lambda$new$0(129)) - d4095b94-faf8-4714-9e04-9d2538430758@group-8E625A2998A3-SegmentedRaftLogWorker: flushIndex: setUnconditionally 0 -> -1
2020-07-02 08:47:42,750 [pool-282-thread-1] INFO  segmented.SegmentedRaftLogWorker (SegmentedRaftLogWorker.java:lambda$new$0(129)) - d4095b94-faf8-4714-9e04-9d2538430758@group-8E625A2998A3-SegmentedRaftLogWorker: safeCacheEvictIndex: setUnconditionally 0 -> -1
2020-07-02 08:47:42,750 [pool-267-thread-1] INFO  segmented.SegmentedRaftLogWorker (SegmentedRaftLogWorker.java:lambda$new$0(129)) - a3230122-e9f1-469c-a445-fc983e5286bd@group-D3309ECE33D4-SegmentedRaftLogWorker: flushIndex: setUnconditionally 0 -> -1
2020-07-02 08:47:42,751 [pool-267-thread-1] INFO  segmented.SegmentedRaftLogWorker (SegmentedRaftLogWorker.java:lambda$new$0(129)) - a3230122-e9f1-469c-a445-fc983e5286bd@group-D3309ECE33D4-SegmentedRaftLogWorker: safeCacheEvictIndex: setUnconditionally 0 -> -1
2020-07-02 08:47:42,751 [pool-282-thread-1] INFO  server.RaftServerConfigKeys (ConfUtils.java:logGet(44)) - raft.server.snapshot.auto.trigger.enabled = true (custom)
2020-07-02 08:47:42,751 [pool-282-thread-1] INFO  server.RaftServerConfigKeys (ConfUtils.java:logGet(44)) - raft.server.snapshot.auto.trigger.threshold = 10000 (custom)
2020-07-02 08:47:42,751 [pool-282-thread-1] INFO  server.RaftServerConfigKeys (ConfUtils.java:logGet(44)) - raft.server.snapshot.retention.file.num = 5 (custom)
2020-07-02 08:47:42,751 [pool-282-thread-1] INFO  server.RaftServerConfigKeys (ConfUtils.java:logGet(44)) - raft.server.log.purge.upto.snapshot.index = false (default)
2020-07-02 08:47:42,751 [pool-282-thread-1] INFO  server.RaftServerConfigKeys (ConfUtils.java:logGet(44)) - raft.server.retrycache.expirytime = 600000ms (custom)
2020-07-02 08:47:42,751 [pool-282-thread-1] INFO  metrics.RatisMetrics (RatisMetrics.java:lambda$create$0(36)) - Creating Metrics Registry : ratis.leader_election.d4095b94-faf8-4714-9e04-9d2538430758@group-8E625A2998A3
2020-07-02 08:47:42,752 [pool-282-thread-1] INFO  metrics.RatisMetrics (RatisMetrics.java:lambda$create$0(36)) - Creating Metrics Registry : ratis.server.d4095b94-faf8-4714-9e04-9d2538430758@group-8E625A2998A3
2020-07-02 08:47:42,753 [pool-282-thread-1] INFO  impl.RaftServerImpl (RaftServerImpl.java:start(186)) - d4095b94-faf8-4714-9e04-9d2538430758@group-8E625A2998A3: start as a follower, conf=-1: [a3230122-e9f1-469c-a445-fc983e5286bd:172.17.0.2:39051, b5ee9bf6-c323-4b90-8393-8aea495c4582:172.17.0.2:35087, d4095b94-faf8-4714-9e04-9d2538430758:172.17.0.2:35223], old=null
2020-07-02 08:47:42,753 [pool-282-thread-1] INFO  impl.RaftServerImpl (RaftServerImpl.java:setRole(175)) - d4095b94-faf8-4714-9e04-9d2538430758@group-8E625A2998A3: changes role from      null to FOLLOWER at term 0 for startAsFollower
2020-07-02 08:47:42,753 [pool-267-thread-1] INFO  server.RaftServerConfigKeys (ConfUtils.java:logGet(44)) - raft.server.snapshot.auto.trigger.enabled = true (custom)
2020-07-02 08:47:42,753 [pool-267-thread-1] INFO  server.RaftServerConfigKeys (ConfUtils.java:logGet(44)) - raft.server.snapshot.auto.trigger.threshold = 10000 (custom)
2020-07-02 08:47:42,753 [pool-267-thread-1] INFO  server.RaftServerConfigKeys (ConfUtils.java:logGet(44)) - raft.server.snapshot.retention.file.num = 5 (custom)
2020-07-02 08:47:42,753 [pool-267-thread-1] INFO  server.RaftServerConfigKeys (ConfUtils.java:logGet(44)) - raft.server.log.purge.upto.snapshot.index = false (default)
2020-07-02 08:47:42,754 [pool-267-thread-1] INFO  server.RaftServerConfigKeys (ConfUtils.java:logGet(44)) - raft.server.retrycache.expirytime = 600000ms (custom)
2020-07-02 08:47:42,754 [pool-267-thread-1] INFO  metrics.RatisMetrics (RatisMetrics.java:lambda$create$0(36)) - Creating Metrics Registry : ratis.leader_election.a3230122-e9f1-469c-a445-fc983e5286bd@group-D3309ECE33D4
2020-07-02 08:47:42,754 [pool-267-thread-1] INFO  metrics.RatisMetrics (RatisMetrics.java:lambda$create$0(36)) - Creating Metrics Registry : ratis.server.a3230122-e9f1-469c-a445-fc983e5286bd@group-D3309ECE33D4
2020-07-02 08:47:42,755 [pool-282-thread-1] INFO  impl.RoleInfo (RoleInfo.java:updateAndGet(143)) - d4095b94-faf8-4714-9e04-9d2538430758: start FollowerState
2020-07-02 08:47:42,756 [pool-267-thread-1] INFO  impl.RaftServerImpl (RaftServerImpl.java:start(186)) - a3230122-e9f1-469c-a445-fc983e5286bd@group-D3309ECE33D4: start as a follower, conf=-1: [a3230122-e9f1-469c-a445-fc983e5286bd:172.17.0.2:39051], old=null
2020-07-02 08:47:42,756 [pool-267-thread-1] INFO  impl.RaftServerImpl (RaftServerImpl.java:setRole(175)) - a3230122-e9f1-469c-a445-fc983e5286bd@group-D3309ECE33D4: changes role from      null to FOLLOWER at term 0 for startAsFollower
2020-07-02 08:47:42,756 [pool-282-thread-1] INFO  util.JmxRegister (JmxRegister.java:tryRegister(44)) - Successfully registered JMX Bean with object name Ratis:service=RaftServer,group=group-8E625A2998A3,id=d4095b94-faf8-4714-9e04-9d2538430758
2020-07-02 08:47:42,756 [pool-282-thread-1] INFO  metrics.RatisMetrics (RatisMetrics.java:lambda$create$0(36)) - Creating Metrics Registry : ratis.state_machine.d4095b94-faf8-4714-9e04-9d2538430758@group-8E625A2998A3
2020-07-02 08:47:42,757 [pool-267-thread-1] INFO  impl.RoleInfo (RoleInfo.java:updateAndGet(143)) - a3230122-e9f1-469c-a445-fc983e5286bd: start FollowerState
2020-07-02 08:47:42,761 [pool-267-thread-1] INFO  util.JmxRegister (JmxRegister.java:tryRegister(44)) - Successfully registered JMX Bean with object name Ratis:service=RaftServer,group=group-D3309ECE33D4,id=a3230122-e9f1-469c-a445-fc983e5286bd
2020-07-02 08:47:42,761 [pool-267-thread-1] INFO  metrics.RatisMetrics (RatisMetrics.java:lambda$create$0(36)) - Creating Metrics Registry : ratis.state_machine.a3230122-e9f1-469c-a445-fc983e5286bd@group-D3309ECE33D4
2020-07-02 08:47:42,765 [Command processor thread] INFO  commandhandler.CreatePipelineCommandHandler (CreatePipelineCommandHandler.java:handle(109)) - Created Pipeline RATIS ONE #id: "bb978cf7-98ce-4e39-a660-d3309ece33d4"
.
2020-07-02 08:47:42,766 [Command processor thread] INFO  impl.RaftServerProxy (RaftServerProxy.java:addNew(89)) - a3230122-e9f1-469c-a445-fc983e5286bd: addNew group-8E625A2998A3:[a3230122-e9f1-469c-a445-fc983e5286bd:172.17.0.2:39051, b5ee9bf6-c323-4b90-8393-8aea495c4582:172.17.0.2:35087, d4095b94-faf8-4714-9e04-9d2538430758:172.17.0.2:35223] returns group-8E625A2998A3:java.util.concurrent.CompletableFuture@41c32a32[Not completed]
2020-07-02 08:47:42,766 [pool-267-thread-1] INFO  impl.RaftServerImpl (RaftServerImpl.java:<init>(99)) - a3230122-e9f1-469c-a445-fc983e5286bd: new RaftServerImpl for group-8E625A2998A3:[a3230122-e9f1-469c-a445-fc983e5286bd:172.17.0.2:39051, b5ee9bf6-c323-4b90-8393-8aea495c4582:172.17.0.2:35087, d4095b94-faf8-4714-9e04-9d2538430758:172.17.0.2:35223] with ContainerStateMachine:uninitialized
2020-07-02 08:47:42,767 [pool-267-thread-1] INFO  server.RaftServerConfigKeys (ConfUtils.java:logGet(44)) - raft.server.rpc.timeout.min = 1s (custom)
2020-07-02 08:47:42,767 [pool-267-thread-1] INFO  server.RaftServerConfigKeys (ConfUtils.java:logGet(44)) - raft.server.rpc.timeout.max = 1200ms (custom)
2020-07-02 08:47:42,767 [pool-267-thread-1] INFO  server.RaftServerConfigKeys (ConfUtils.java:logGet(44)) - raft.server.rpcslowness.timeout = 300000ms (custom)
2020-07-02 08:47:42,767 [pool-267-thread-1] INFO  server.RaftServerConfigKeys (ConfUtils.java:logGet(44)) - raft.server.sleep.deviation.threshold = 300 (default)
2020-07-02 08:47:42,767 [pool-267-thread-1] INFO  server.RaftServerConfigKeys (ConfUtils.java:logGet(44)) - raft.server.log.appender.install.snapshot.enabled = false (custom)
2020-07-02 08:47:42,767 [pool-267-thread-1] INFO  impl.RaftServerImpl (ServerState.java:<init>(103)) - a3230122-e9f1-469c-a445-fc983e5286bd@group-8E625A2998A3: ConfigurationManager, init=-1: [a3230122-e9f1-469c-a445-fc983e5286bd:172.17.0.2:39051, b5ee9bf6-c323-4b90-8393-8aea495c4582:172.17.0.2:35087, d4095b94-faf8-4714-9e04-9d2538430758:172.17.0.2:35223], old=null, confs=<EMPTY_MAP>
2020-07-02 08:47:42,767 [pool-267-thread-1] INFO  server.RaftServerConfigKeys (ConfUtils.java:logGet(44)) - raft.server.storage.dir = [/github/workspace/mnt/ozone/hadoop-ozone/integration-test/target/test-dir/MiniOzoneClusterImpl-2ea21c0c-9bca-4642-a989-259fb4fcb281/datanode-4/data/ratis] (custom)
2020-07-02 08:47:42,767 [pool-267-thread-1] INFO  server.RaftServerConfigKeys (ConfUtils.java:logGet(44)) - raft.server.log.corruption.policy = EXCEPTION (default)
2020-07-02 08:47:42,767 [pool-267-thread-1] INFO  storage.RaftStorageDirectory (RaftStorageDirectory.java:analyzeStorage(261)) - The storage directory /github/workspace/mnt/ozone/hadoop-ozone/integration-test/target/test-dir/MiniOzoneClusterImpl-2ea21c0c-9bca-4642-a989-259fb4fcb281/datanode-4/data/ratis/e550a23b-173f-4fb1-89ef-8e625a2998a3 does not exist. Creating ...
2020-07-02 08:47:42,771 [pool-267-thread-1] INFO  storage.RaftStorageDirectory (RaftStorageDirectory.java:tryLock(343)) - Lock on /github/workspace/mnt/ozone/hadoop-ozone/integration-test/target/test-dir/MiniOzoneClusterImpl-2ea21c0c-9bca-4642-a989-259fb4fcb281/datanode-4/data/ratis/e550a23b-173f-4fb1-89ef-8e625a2998a3/in_use.lock acquired by nodename 37427@06760bff8a89
2020-07-02 08:47:42,773 [pool-267-thread-1] INFO  storage.RaftStorage (RaftStorage.java:format(84)) - Storage directory /github/workspace/mnt/ozone/hadoop-ozone/integration-test/target/test-dir/MiniOzoneClusterImpl-2ea21c0c-9bca-4642-a989-259fb4fcb281/datanode-4/data/ratis/e550a23b-173f-4fb1-89ef-8e625a2998a3 has been successfully formatted.
2020-07-02 08:47:42,773 [pool-267-thread-1] INFO  ratis.ContainerStateMachine (ContainerStateMachine.java:loadSnapshot(225)) - group-8E625A2998A3: The snapshot info is null. Setting the last applied indexto:(t:0, i:~)
2020-07-02 08:47:42,773 [pool-267-thread-1] INFO  server.RaftServerConfigKeys (ConfUtils.java:logGet(44)) - raft.server.notification.no-leader.timeout = 60s (default)
2020-07-02 08:47:42,773 [pool-267-thread-1] INFO  server.RaftServerConfigKeys (ConfUtils.java:logGet(44)) - raft.server.log.use.memory = false (default)
2020-07-02 08:47:42,773 [pool-267-thread-1] INFO  server.RaftServerConfigKeys (ConfUtils.java:logGet(44)) - raft.server.log.purge.gap = 1000000 (custom)
2020-07-02 08:47:42,773 [pool-267-thread-1] INFO  server.RaftServerConfigKeys (ConfUtils.java:logGet(44)) - raft.server.log.appender.buffer.byte-limit = 33554432 (custom)
2020-07-02 08:47:42,773 [pool-267-thread-1] INFO  server.RaftServerConfigKeys (ConfUtils.java:logGet(44)) - raft.server.log.segment.size.max = 1048576 (custom)
2020-07-02 08:47:42,773 [pool-267-thread-1] INFO  metrics.RatisMetrics (RatisMetrics.java:lambda$create$0(36)) - Creating Metrics Registry : ratis.log_worker.a3230122-e9f1-469c-a445-fc983e5286bd@group-8E625A2998A3
2020-07-02 08:47:42,774 [pool-267-thread-1] INFO  server.RaftServerConfigKeys (ConfUtils.java:logGet(44)) - raft.server.log.segment.cache.num.max = 2 (custom)
2020-07-02 08:47:42,774 [pool-267-thread-1] INFO  segmented.SegmentedRaftLogWorker (SegmentedRaftLogWorker.java:<init>(180)) - new a3230122-e9f1-469c-a445-fc983e5286bd@group-8E625A2998A3-SegmentedRaftLogWorker for RaftStorage:Storage Directory /github/workspace/mnt/ozone/hadoop-ozone/integration-test/target/test-dir/MiniOzoneClusterImpl-2ea21c0c-9bca-4642-a989-259fb4fcb281/datanode-4/data/ratis/e550a23b-173f-4fb1-89ef-8e625a2998a3
2020-07-02 08:47:42,774 [pool-267-thread-1] INFO  server.RaftServerConfigKeys (ConfUtils.java:logGet(44)) - raft.server.log.queue.byte-limit = 2147483647 (custom)
2020-07-02 08:47:42,774 [pool-267-thread-1] INFO  server.RaftServerConfigKeys (ConfUtils.java:logGet(44)) - raft.server.log.queue.element-limit = 1024 (custom)
2020-07-02 08:47:42,774 [pool-267-thread-1] INFO  server.RaftServerConfigKeys (ConfUtils.java:logGet(44)) - raft.server.log.segment.size.max = 1048576 (custom)
2020-07-02 08:47:42,774 [pool-267-thread-1] INFO  server.RaftServerConfigKeys (ConfUtils.java:logGet(44)) - raft.server.log.preallocated.size = 16384 (custom)
2020-07-02 08:47:42,774 [pool-267-thread-1] INFO  server.RaftServerConfigKeys (ConfUtils.java:logGet(44)) - raft.server.log.write.buffer.size = 1048576 (custom)
2020-07-02 08:47:42,774 [pool-267-thread-1] INFO  server.RaftServerConfigKeys (ConfUtils.java:logGet(44)) - raft.server.log.force.sync.num = 128 (default)
2020-07-02 08:47:42,774 [pool-267-thread-1] INFO  server.RaftServerConfigKeys (ConfUtils.java:logGet(44)) - raft.server.log.statemachine.data.sync = true (default)
2020-07-02 08:47:42,774 [pool-267-thread-1] INFO  server.RaftServerConfigKeys (ConfUtils.java:logGet(44)) - raft.server.log.statemachine.data.sync.timeout = 10s (default)
2020-07-02 08:47:42,774 [pool-267-thread-1] INFO  server.RaftServerConfigKeys (ConfUtils.java:logGet(44)) - raft.server.log.statemachine.data.sync.timeout.retry = -1 (default)
2020-07-02 08:47:42,777 [pool-267-thread-1] INFO  server.RaftServerConfigKeys (ConfUtils.java:logGet(44)) - raft.server.log.statemachine.data.caching.enabled = true (custom)
2020-07-02 08:47:42,777 [pool-267-thread-1] INFO  segmented.SegmentedRaftLogWorker (SegmentedRaftLogWorker.java:lambda$new$0(129)) - a3230122-e9f1-469c-a445-fc983e5286bd@group-8E625A2998A3-SegmentedRaftLogWorker: flushIndex: setUnconditionally 0 -> -1
2020-07-02 08:47:42,784 [pool-267-thread-1] INFO  segmented.SegmentedRaftLogWorker (SegmentedRaftLogWorker.java:lambda$new$0(129)) - a3230122-e9f1-469c-a445-fc983e5286bd@group-8E625A2998A3-SegmentedRaftLogWorker: safeCacheEvictIndex: setUnconditionally 0 -> -1
2020-07-02 08:47:42,787 [pool-267-thread-1] INFO  server.RaftServerConfigKeys (ConfUtils.java:logGet(44)) - raft.server.snapshot.auto.trigger.enabled = true (custom)
2020-07-02 08:47:42,787 [pool-267-thread-1] INFO  server.RaftServerConfigKeys (ConfUtils.java:logGet(44)) - raft.server.snapshot.auto.trigger.threshold = 10000 (custom)
2020-07-02 08:47:42,787 [pool-267-thread-1] INFO  server.RaftServerConfigKeys (ConfUtils.java:logGet(44)) - raft.server.snapshot.retention.file.num = 5 (custom)
2020-07-02 08:47:42,787 [pool-267-thread-1] INFO  server.RaftServerConfigKeys (ConfUtils.java:logGet(44)) - raft.server.log.purge.upto.snapshot.index = false (default)
2020-07-02 08:47:42,787 [pool-267-thread-1] INFO  server.RaftServerConfigKeys (ConfUtils.java:logGet(44)) - raft.server.retrycache.expirytime = 600000ms (custom)
2020-07-02 08:47:42,787 [pool-267-thread-1] INFO  metrics.RatisMetrics (RatisMetrics.java:lambda$create$0(36)) - Creating Metrics Registry : ratis.leader_election.a3230122-e9f1-469c-a445-fc983e5286bd@group-8E625A2998A3
2020-07-02 08:47:42,794 [pool-267-thread-1] INFO  metrics.RatisMetrics (RatisMetrics.java:lambda$create$0(36)) - Creating Metrics Registry : ratis.server.a3230122-e9f1-469c-a445-fc983e5286bd@group-8E625A2998A3
2020-07-02 08:47:42,795 [pool-267-thread-1] INFO  impl.RaftServerImpl (RaftServerImpl.java:start(186)) - a3230122-e9f1-469c-a445-fc983e5286bd@group-8E625A2998A3: start as a follower, conf=-1: [a3230122-e9f1-469c-a445-fc983e5286bd:172.17.0.2:39051, b5ee9bf6-c323-4b90-8393-8aea495c4582:172.17.0.2:35087, d4095b94-faf8-4714-9e04-9d2538430758:172.17.0.2:35223], old=null
2020-07-02 08:47:42,795 [pool-267-thread-1] INFO  impl.RaftServerImpl (RaftServerImpl.java:setRole(175)) - a3230122-e9f1-469c-a445-fc983e5286bd@group-8E625A2998A3: changes role from      null to FOLLOWER at term 0 for startAsFollower
2020-07-02 08:47:42,795 [pool-267-thread-1] INFO  impl.RoleInfo (RoleInfo.java:updateAndGet(143)) - a3230122-e9f1-469c-a445-fc983e5286bd: start FollowerState
2020-07-02 08:47:42,796 [Command processor thread] INFO  commandhandler.CreatePipelineCommandHandler (CreatePipelineCommandHandler.java:handle(109)) - Created Pipeline RATIS THREE #id: "e550a23b-173f-4fb1-89ef-8e625a2998a3"
.
2020-07-02 08:47:42,796 [pool-267-thread-1] INFO  util.JmxRegister (JmxRegister.java:tryRegister(44)) - Successfully registered JMX Bean with object name Ratis:service=RaftServer,group=group-8E625A2998A3,id=a3230122-e9f1-469c-a445-fc983e5286bd
2020-07-02 08:47:42,796 [pool-267-thread-1] INFO  metrics.RatisMetrics (RatisMetrics.java:lambda$create$0(36)) - Creating Metrics Registry : ratis.state_machine.a3230122-e9f1-469c-a445-fc983e5286bd@group-8E625A2998A3
2020-07-02 08:47:42,814 [Command processor thread] INFO  impl.RaftServerProxy (RaftServerProxy.java:addNew(89)) - d4095b94-faf8-4714-9e04-9d2538430758: addNew group-894020439AAD:[d4095b94-faf8-4714-9e04-9d2538430758:172.17.0.2:35223] returns group-894020439AAD:java.util.concurrent.CompletableFuture@4dbca28d[Not completed]
2020-07-02 08:47:42,815 [pool-282-thread-1] INFO  impl.RaftServerImpl (RaftServerImpl.java:<init>(99)) - d4095b94-faf8-4714-9e04-9d2538430758: new RaftServerImpl for group-894020439AAD:[d4095b94-faf8-4714-9e04-9d2538430758:172.17.0.2:35223] with ContainerStateMachine:uninitialized
2020-07-02 08:47:42,815 [pool-282-thread-1] INFO  server.RaftServerConfigKeys (ConfUtils.java:logGet(44)) - raft.server.rpc.timeout.min = 1s (custom)
2020-07-02 08:47:42,815 [pool-282-thread-1] INFO  server.RaftServerConfigKeys (ConfUtils.java:logGet(44)) - raft.server.rpc.timeout.max = 1200ms (custom)
2020-07-02 08:47:42,815 [pool-282-thread-1] INFO  server.RaftServerConfigKeys (ConfUtils.java:logGet(44)) - raft.server.rpcslowness.timeout = 300000ms (custom)
2020-07-02 08:47:42,815 [pool-282-thread-1] INFO  server.RaftServerConfigKeys (ConfUtils.java:logGet(44)) - raft.server.sleep.deviation.threshold = 300 (default)
2020-07-02 08:47:42,816 [pool-282-thread-1] INFO  server.RaftServerConfigKeys (ConfUtils.java:logGet(44)) - raft.server.log.appender.install.snapshot.enabled = false (custom)
2020-07-02 08:47:42,816 [pool-282-thread-1] INFO  impl.RaftServerImpl (ServerState.java:<init>(103)) - d4095b94-faf8-4714-9e04-9d2538430758@group-894020439AAD: ConfigurationManager, init=-1: [d4095b94-faf8-4714-9e04-9d2538430758:172.17.0.2:35223], old=null, confs=<EMPTY_MAP>
2020-07-02 08:47:42,816 [pool-282-thread-1] INFO  server.RaftServerConfigKeys (ConfUtils.java:logGet(44)) - raft.server.storage.dir = [/github/workspace/mnt/ozone/hadoop-ozone/integration-test/target/test-dir/MiniOzoneClusterImpl-2ea21c0c-9bca-4642-a989-259fb4fcb281/datanode-5/data/ratis] (custom)
2020-07-02 08:47:42,816 [pool-282-thread-1] INFO  server.RaftServerConfigKeys (ConfUtils.java:logGet(44)) - raft.server.log.corruption.policy = EXCEPTION (default)
2020-07-02 08:47:42,816 [pool-282-thread-1] INFO  storage.RaftStorageDirectory (RaftStorageDirectory.java:analyzeStorage(261)) - The storage directory /github/workspace/mnt/ozone/hadoop-ozone/integration-test/target/test-dir/MiniOzoneClusterImpl-2ea21c0c-9bca-4642-a989-259fb4fcb281/datanode-5/data/ratis/1d2fcee6-eef7-4565-8960-894020439aad does not exist. Creating ...
2020-07-02 08:47:42,818 [pool-282-thread-1] INFO  storage.RaftStorageDirectory (RaftStorageDirectory.java:tryLock(343)) - Lock on /github/workspace/mnt/ozone/hadoop-ozone/integration-test/target/test-dir/MiniOzoneClusterImpl-2ea21c0c-9bca-4642-a989-259fb4fcb281/datanode-5/data/ratis/1d2fcee6-eef7-4565-8960-894020439aad/in_use.lock acquired by nodename 37427@06760bff8a89
2020-07-02 08:47:42,820 [pool-282-thread-1] INFO  storage.RaftStorage (RaftStorage.java:format(84)) - Storage directory /github/workspace/mnt/ozone/hadoop-ozone/integration-test/target/test-dir/MiniOzoneClusterImpl-2ea21c0c-9bca-4642-a989-259fb4fcb281/datanode-5/data/ratis/1d2fcee6-eef7-4565-8960-894020439aad has been successfully formatted.
2020-07-02 08:47:42,821 [pool-282-thread-1] INFO  ratis.ContainerStateMachine (ContainerStateMachine.java:loadSnapshot(225)) - group-894020439AAD: The snapshot info is null. Setting the last applied indexto:(t:0, i:~)
2020-07-02 08:47:42,821 [pool-282-thread-1] INFO  server.RaftServerConfigKeys (ConfUtils.java:logGet(44)) - raft.server.notification.no-leader.timeout = 60s (default)
2020-07-02 08:47:42,821 [pool-282-thread-1] INFO  server.RaftServerConfigKeys (ConfUtils.java:logGet(44)) - raft.server.log.use.memory = false (default)
2020-07-02 08:47:42,822 [pool-282-thread-1] INFO  server.RaftServerConfigKeys (ConfUtils.java:logGet(44)) - raft.server.log.purge.gap = 1000000 (custom)
2020-07-02 08:47:42,822 [pool-282-thread-1] INFO  server.RaftServerConfigKeys (ConfUtils.java:logGet(44)) - raft.server.log.appender.buffer.byte-limit = 33554432 (custom)
2020-07-02 08:47:42,822 [pool-282-thread-1] INFO  server.RaftServerConfigKeys (ConfUtils.java:logGet(44)) - raft.server.log.segment.size.max = 1048576 (custom)
2020-07-02 08:47:42,822 [pool-282-thread-1] INFO  metrics.RatisMetrics (RatisMetrics.java:lambda$create$0(36)) - Creating Metrics Registry : ratis.log_worker.d4095b94-faf8-4714-9e04-9d2538430758@group-894020439AAD
2020-07-02 08:47:42,822 [EventQueue-PipelineReportForPipelineReportHandler] INFO  pipeline.PipelineStateManager (PipelineStateManager.java:openPipeline(131)) - Pipeline Pipeline[ Id: 1d2fcee6-eef7-4565-8960-894020439aad, Nodes: d4095b94-faf8-4714-9e04-9d2538430758{ip: 172.17.0.2, host: 06760bff8a89, networkLocation: /rack1, certSerialId: null}, Type:RATIS, Factor:ONE, State:ALLOCATED, leaderId:d4095b94-faf8-4714-9e04-9d2538430758, CreationTimestamp2020-07-02T08:47:39.815Z] moved to OPEN state
2020-07-02 08:47:42,822 [EventQueue-OpenPipelineForOneReplicaPipelineSafeModeRule] INFO  safemode.SCMSafeModeManager (SCMSafeModeManager.java:validateSafeModeExitRules(214)) - AtleastOneDatanodeReportedRule rule is successfully validated
2020-07-02 08:47:42,822 [EventQueue-OpenPipelineForHealthyPipelineSafeModeRule] INFO  safemode.SCMSafeModeManager (HealthyPipelineSafeModeRule.java:process(129)) - SCM in safe mode. Healthy pipelines reported count is 0, required healthy pipeline reported count is 1
2020-07-02 08:47:42,823 [pool-282-thread-1] INFO  server.RaftServerConfigKeys (ConfUtils.java:logGet(44)) - raft.server.log.segment.cache.num.max = 2 (custom)
2020-07-02 08:47:42,823 [pool-282-thread-1] INFO  segmented.SegmentedRaftLogWorker (SegmentedRaftLogWorker.java:<init>(180)) - new d4095b94-faf8-4714-9e04-9d2538430758@group-894020439AAD-SegmentedRaftLogWorker for RaftStorage:Storage Directory /github/workspace/mnt/ozone/hadoop-ozone/integration-test/target/test-dir/MiniOzoneClusterImpl-2ea21c0c-9bca-4642-a989-259fb4fcb281/datanode-5/data/ratis/1d2fcee6-eef7-4565-8960-894020439aad
2020-07-02 08:47:42,823 [pool-282-thread-1] INFO  server.RaftServerConfigKeys (ConfUtils.java:logGet(44)) - raft.server.log.queue.byte-limit = 2147483647 (custom)
2020-07-02 08:47:42,823 [pool-282-thread-1] INFO  server.RaftServerConfigKeys (ConfUtils.java:logGet(44)) - raft.server.log.queue.element-limit = 1024 (custom)
2020-07-02 08:47:42,823 [pool-282-thread-1] INFO  server.RaftServerConfigKeys (ConfUtils.java:logGet(44)) - raft.server.log.segment.size.max = 1048576 (custom)
2020-07-02 08:47:42,823 [pool-282-thread-1] INFO  server.RaftServerConfigKeys (ConfUtils.java:logGet(44)) - raft.server.log.preallocated.size = 16384 (custom)
2020-07-02 08:47:42,823 [pool-282-thread-1] INFO  server.RaftServerConfigKeys (ConfUtils.java:logGet(44)) - raft.server.log.write.buffer.size = 1048576 (custom)
2020-07-02 08:47:42,823 [pool-282-thread-1] INFO  server.RaftServerConfigKeys (ConfUtils.java:logGet(44)) - raft.server.log.force.sync.num = 128 (default)
2020-07-02 08:47:42,823 [pool-282-thread-1] INFO  server.RaftServerConfigKeys (ConfUtils.java:logGet(44)) - raft.server.log.statemachine.data.sync = true (default)
2020-07-02 08:47:42,823 [pool-282-thread-1] INFO  server.RaftServerConfigKeys (ConfUtils.java:logGet(44)) - raft.server.log.statemachine.data.sync.timeout = 10s (default)
2020-07-02 08:47:42,823 [pool-282-thread-1] INFO  server.RaftServerConfigKeys (ConfUtils.java:logGet(44)) - raft.server.log.statemachine.data.sync.timeout.retry = -1 (default)
2020-07-02 08:47:42,825 [pool-282-thread-1] INFO  server.RaftServerConfigKeys (ConfUtils.java:logGet(44)) - raft.server.log.statemachine.data.caching.enabled = true (custom)
2020-07-02 08:47:42,825 [pool-282-thread-1] INFO  segmented.SegmentedRaftLogWorker (SegmentedRaftLogWorker.java:lambda$new$0(129)) - d4095b94-faf8-4714-9e04-9d2538430758@group-894020439AAD-SegmentedRaftLogWorker: flushIndex: setUnconditionally 0 -> -1
2020-07-02 08:47:42,825 [pool-282-thread-1] INFO  segmented.SegmentedRaftLogWorker (SegmentedRaftLogWorker.java:lambda$new$0(129)) - d4095b94-faf8-4714-9e04-9d2538430758@group-894020439AAD-SegmentedRaftLogWorker: safeCacheEvictIndex: setUnconditionally 0 -> -1
2020-07-02 08:47:42,830 [pool-282-thread-1] INFO  server.RaftServerConfigKeys (ConfUtils.java:logGet(44)) - raft.server.snapshot.auto.trigger.enabled = true (custom)
2020-07-02 08:47:42,830 [pool-282-thread-1] INFO  server.RaftServerConfigKeys (ConfUtils.java:logGet(44)) - raft.server.snapshot.auto.trigger.threshold = 10000 (custom)
2020-07-02 08:47:42,830 [pool-282-thread-1] INFO  server.RaftServerConfigKeys (ConfUtils.java:logGet(44)) - raft.server.snapshot.retention.file.num = 5 (custom)
2020-07-02 08:47:42,830 [pool-282-thread-1] INFO  server.RaftServerConfigKeys (ConfUtils.java:logGet(44)) - raft.server.log.purge.upto.snapshot.index = false (default)
2020-07-02 08:47:42,830 [pool-282-thread-1] INFO  server.RaftServerConfigKeys (ConfUtils.java:logGet(44)) - raft.server.retrycache.expirytime = 600000ms (custom)
2020-07-02 08:47:42,830 [pool-282-thread-1] INFO  metrics.RatisMetrics (RatisMetrics.java:lambda$create$0(36)) - Creating Metrics Registry : ratis.leader_election.d4095b94-faf8-4714-9e04-9d2538430758@group-894020439AAD
2020-07-02 08:47:42,831 [pool-282-thread-1] INFO  metrics.RatisMetrics (RatisMetrics.java:lambda$create$0(36)) - Creating Metrics Registry : ratis.server.d4095b94-faf8-4714-9e04-9d2538430758@group-894020439AAD
2020-07-02 08:47:42,834 [Command processor thread] INFO  commandhandler.CreatePipelineCommandHandler (CreatePipelineCommandHandler.java:handle(109)) - Created Pipeline RATIS THREE #id: "e550a23b-173f-4fb1-89ef-8e625a2998a3"
.
2020-07-02 08:47:42,834 [pool-282-thread-1] INFO  impl.RaftServerImpl (RaftServerImpl.java:start(186)) - d4095b94-faf8-4714-9e04-9d2538430758@group-894020439AAD: start as a follower, conf=-1: [d4095b94-faf8-4714-9e04-9d2538430758:172.17.0.2:35223], old=null
2020-07-02 08:47:42,835 [pool-282-thread-1] INFO  impl.RaftServerImpl (RaftServerImpl.java:setRole(175)) - d4095b94-faf8-4714-9e04-9d2538430758@group-894020439AAD: changes role from      null to FOLLOWER at term 0 for startAsFollower
2020-07-02 08:47:42,835 [pool-282-thread-1] INFO  impl.RoleInfo (RoleInfo.java:updateAndGet(143)) - d4095b94-faf8-4714-9e04-9d2538430758: start FollowerState
2020-07-02 08:47:42,839 [pool-282-thread-1] INFO  util.JmxRegister (JmxRegister.java:tryRegister(44)) - Successfully registered JMX Bean with object name Ratis:service=RaftServer,group=group-894020439AAD,id=d4095b94-faf8-4714-9e04-9d2538430758
2020-07-02 08:47:42,839 [pool-282-thread-1] INFO  metrics.RatisMetrics (RatisMetrics.java:lambda$create$0(36)) - Creating Metrics Registry : ratis.state_machine.d4095b94-faf8-4714-9e04-9d2538430758@group-894020439AAD
2020-07-02 08:47:42,840 [Command processor thread] INFO  commandhandler.CreatePipelineCommandHandler (CreatePipelineCommandHandler.java:handle(109)) - Created Pipeline RATIS ONE #id: "1d2fcee6-eef7-4565-8960-894020439aad"
.
2020-07-02 08:47:42,870 [Command processor thread] INFO  impl.RaftServerProxy (RaftServerProxy.java:addNew(89)) - b62aeb05-24ab-4842-8919-6c05a4e657f5: addNew group-D8B848013692:[b62aeb05-24ab-4842-8919-6c05a4e657f5:172.17.0.2:40851] returns group-D8B848013692:java.util.concurrent.CompletableFuture@3a9117c9[Not completed]
2020-07-02 08:47:42,871 [pool-297-thread-1] INFO  impl.RaftServerImpl (RaftServerImpl.java:<init>(99)) - b62aeb05-24ab-4842-8919-6c05a4e657f5: new RaftServerImpl for group-D8B848013692:[b62aeb05-24ab-4842-8919-6c05a4e657f5:172.17.0.2:40851] with ContainerStateMachine:uninitialized
2020-07-02 08:47:42,874 [pool-297-thread-1] INFO  server.RaftServerConfigKeys (ConfUtils.java:logGet(44)) - raft.server.rpc.timeout.min = 1s (custom)
2020-07-02 08:47:42,874 [pool-297-thread-1] INFO  server.RaftServerConfigKeys (ConfUtils.java:logGet(44)) - raft.server.rpc.timeout.max = 1200ms (custom)
2020-07-02 08:47:42,874 [pool-297-thread-1] INFO  server.RaftServerConfigKeys (ConfUtils.java:logGet(44)) - raft.server.rpcslowness.timeout = 300000ms (custom)
2020-07-02 08:47:42,874 [pool-297-thread-1] INFO  server.RaftServerConfigKeys (ConfUtils.java:logGet(44)) - raft.server.sleep.deviation.threshold = 300 (default)
2020-07-02 08:47:42,874 [pool-297-thread-1] INFO  server.RaftServerConfigKeys (ConfUtils.java:logGet(44)) - raft.server.log.appender.install.snapshot.enabled = false (custom)
2020-07-02 08:47:42,874 [pool-297-thread-1] INFO  impl.RaftServerImpl (ServerState.java:<init>(103)) - b62aeb05-24ab-4842-8919-6c05a4e657f5@group-D8B848013692: ConfigurationManager, init=-1: [b62aeb05-24ab-4842-8919-6c05a4e657f5:172.17.0.2:40851], old=null, confs=<EMPTY_MAP>
2020-07-02 08:47:42,874 [pool-297-thread-1] INFO  server.RaftServerConfigKeys (ConfUtils.java:logGet(44)) - raft.server.storage.dir = [/github/workspace/mnt/ozone/hadoop-ozone/integration-test/target/test-dir/MiniOzoneClusterImpl-2ea21c0c-9bca-4642-a989-259fb4fcb281/datanode-6/data/ratis] (custom)
2020-07-02 08:47:42,875 [pool-297-thread-1] INFO  server.RaftServerConfigKeys (ConfUtils.java:logGet(44)) - raft.server.log.corruption.policy = EXCEPTION (default)
2020-07-02 08:47:42,875 [pool-297-thread-1] INFO  storage.RaftStorageDirectory (RaftStorageDirectory.java:analyzeStorage(261)) - The storage directory /github/workspace/mnt/ozone/hadoop-ozone/integration-test/target/test-dir/MiniOzoneClusterImpl-2ea21c0c-9bca-4642-a989-259fb4fcb281/datanode-6/data/ratis/9f003a07-3fdd-464d-be0e-d8b848013692 does not exist. Creating ...
2020-07-02 08:47:42,876 [pool-297-thread-1] INFO  storage.RaftStorageDirectory (RaftStorageDirectory.java:tryLock(343)) - Lock on /github/workspace/mnt/ozone/hadoop-ozone/integration-test/target/test-dir/MiniOzoneClusterImpl-2ea21c0c-9bca-4642-a989-259fb4fcb281/datanode-6/data/ratis/9f003a07-3fdd-464d-be0e-d8b848013692/in_use.lock acquired by nodename 37427@06760bff8a89
2020-07-02 08:47:42,877 [pool-297-thread-1] INFO  storage.RaftStorage (RaftStorage.java:format(84)) - Storage directory /github/workspace/mnt/ozone/hadoop-ozone/integration-test/target/test-dir/MiniOzoneClusterImpl-2ea21c0c-9bca-4642-a989-259fb4fcb281/datanode-6/data/ratis/9f003a07-3fdd-464d-be0e-d8b848013692 has been successfully formatted.
2020-07-02 08:47:42,879 [EventQueue-PipelineReportForPipelineReportHandler] INFO  pipeline.PipelineStateManager (PipelineStateManager.java:openPipeline(131)) - Pipeline Pipeline[ Id: 9f003a07-3fdd-464d-be0e-d8b848013692, Nodes: b62aeb05-24ab-4842-8919-6c05a4e657f5{ip: 172.17.0.2, host: 06760bff8a89, networkLocation: /rack1, certSerialId: null}, Type:RATIS, Factor:ONE, State:ALLOCATED, leaderId:b62aeb05-24ab-4842-8919-6c05a4e657f5, CreationTimestamp2020-07-02T08:47:39.871Z] moved to OPEN state
2020-07-02 08:47:42,879 [EventQueue-OpenPipelineForOneReplicaPipelineSafeModeRule] INFO  safemode.SCMSafeModeManager (SCMSafeModeManager.java:validateSafeModeExitRules(214)) - AtleastOneDatanodeReportedRule rule is successfully validated
2020-07-02 08:47:42,879 [EventQueue-OpenPipelineForHealthyPipelineSafeModeRule] INFO  safemode.SCMSafeModeManager (HealthyPipelineSafeModeRule.java:process(129)) - SCM in safe mode. Healthy pipelines reported count is 0, required healthy pipeline reported count is 1
2020-07-02 08:47:42,880 [pool-297-thread-1] INFO  ratis.ContainerStateMachine (ContainerStateMachine.java:loadSnapshot(225)) - group-D8B848013692: The snapshot info is null. Setting the last applied indexto:(t:0, i:~)
2020-07-02 08:47:42,880 [pool-297-thread-1] INFO  server.RaftServerConfigKeys (ConfUtils.java:logGet(44)) - raft.server.notification.no-leader.timeout = 60s (default)
2020-07-02 08:47:42,880 [pool-297-thread-1] INFO  server.RaftServerConfigKeys (ConfUtils.java:logGet(44)) - raft.server.log.use.memory = false (default)
2020-07-02 08:47:42,880 [pool-297-thread-1] INFO  server.RaftServerConfigKeys (ConfUtils.java:logGet(44)) - raft.server.log.purge.gap = 1000000 (custom)
2020-07-02 08:47:42,881 [pool-297-thread-1] INFO  server.RaftServerConfigKeys (ConfUtils.java:logGet(44)) - raft.server.log.appender.buffer.byte-limit = 33554432 (custom)
2020-07-02 08:47:42,881 [pool-297-thread-1] INFO  server.RaftServerConfigKeys (ConfUtils.java:logGet(44)) - raft.server.log.segment.size.max = 1048576 (custom)
2020-07-02 08:47:42,881 [pool-297-thread-1] INFO  metrics.RatisMetrics (RatisMetrics.java:lambda$create$0(36)) - Creating Metrics Registry : ratis.log_worker.b62aeb05-24ab-4842-8919-6c05a4e657f5@group-D8B848013692
2020-07-02 08:47:42,881 [pool-297-thread-1] INFO  server.RaftServerConfigKeys (ConfUtils.java:logGet(44)) - raft.server.log.segment.cache.num.max = 2 (custom)
2020-07-02 08:47:42,881 [pool-297-thread-1] INFO  segmented.SegmentedRaftLogWorker (SegmentedRaftLogWorker.java:<init>(180)) - new b62aeb05-24ab-4842-8919-6c05a4e657f5@group-D8B848013692-SegmentedRaftLogWorker for RaftStorage:Storage Directory /github/workspace/mnt/ozone/hadoop-ozone/integration-test/target/test-dir/MiniOzoneClusterImpl-2ea21c0c-9bca-4642-a989-259fb4fcb281/datanode-6/data/ratis/9f003a07-3fdd-464d-be0e-d8b848013692
2020-07-02 08:47:42,881 [pool-297-thread-1] INFO  server.RaftServerConfigKeys (ConfUtils.java:logGet(44)) - raft.server.log.queue.byte-limit = 2147483647 (custom)
2020-07-02 08:47:42,881 [pool-297-thread-1] INFO  server.RaftServerConfigKeys (ConfUtils.java:logGet(44)) - raft.server.log.queue.element-limit = 1024 (custom)
2020-07-02 08:47:42,881 [pool-297-thread-1] INFO  server.RaftServerConfigKeys (ConfUtils.java:logGet(44)) - raft.server.log.segment.size.max = 1048576 (custom)
2020-07-02 08:47:42,881 [pool-297-thread-1] INFO  server.RaftServerConfigKeys (ConfUtils.java:logGet(44)) - raft.server.log.preallocated.size = 16384 (custom)
2020-07-02 08:47:42,882 [pool-297-thread-1] INFO  server.RaftServerConfigKeys (ConfUtils.java:logGet(44)) - raft.server.log.write.buffer.size = 1048576 (custom)
2020-07-02 08:47:42,882 [pool-297-thread-1] INFO  server.RaftServerConfigKeys (ConfUtils.java:logGet(44)) - raft.server.log.force.sync.num = 128 (default)
2020-07-02 08:47:42,882 [pool-297-thread-1] INFO  server.RaftServerConfigKeys (ConfUtils.java:logGet(44)) - raft.server.log.statemachine.data.sync = true (default)
2020-07-02 08:47:42,882 [pool-297-thread-1] INFO  server.RaftServerConfigKeys (ConfUtils.java:logGet(44)) - raft.server.log.statemachine.data.sync.timeout = 10s (default)
2020-07-02 08:47:42,882 [pool-297-thread-1] INFO  server.RaftServerConfigKeys (ConfUtils.java:logGet(44)) - raft.server.log.statemachine.data.sync.timeout.retry = -1 (default)
2020-07-02 08:47:42,884 [pool-297-thread-1] INFO  server.RaftServerConfigKeys (ConfUtils.java:logGet(44)) - raft.server.log.statemachine.data.caching.enabled = true (custom)
2020-07-02 08:47:42,884 [pool-297-thread-1] INFO  segmented.SegmentedRaftLogWorker (SegmentedRaftLogWorker.java:lambda$new$0(129)) - b62aeb05-24ab-4842-8919-6c05a4e657f5@group-D8B848013692-SegmentedRaftLogWorker: flushIndex: setUnconditionally 0 -> -1
2020-07-02 08:47:42,884 [pool-297-thread-1] INFO  segmented.SegmentedRaftLogWorker (SegmentedRaftLogWorker.java:lambda$new$0(129)) - b62aeb05-24ab-4842-8919-6c05a4e657f5@group-D8B848013692-SegmentedRaftLogWorker: safeCacheEvictIndex: setUnconditionally 0 -> -1
2020-07-02 08:47:42,885 [pool-297-thread-1] INFO  server.RaftServerConfigKeys (ConfUtils.java:logGet(44)) - raft.server.snapshot.auto.trigger.enabled = true (custom)
2020-07-02 08:47:42,885 [pool-297-thread-1] INFO  server.RaftServerConfigKeys (ConfUtils.java:logGet(44)) - raft.server.snapshot.auto.trigger.threshold = 10000 (custom)
2020-07-02 08:47:42,885 [pool-297-thread-1] INFO  server.RaftServerConfigKeys (ConfUtils.java:logGet(44)) - raft.server.snapshot.retention.file.num = 5 (custom)
2020-07-02 08:47:42,886 [pool-297-thread-1] INFO  server.RaftServerConfigKeys (ConfUtils.java:logGet(44)) - raft.server.log.purge.upto.snapshot.index = false (default)
2020-07-02 08:47:42,886 [pool-297-thread-1] INFO  server.RaftServerConfigKeys (ConfUtils.java:logGet(44)) - raft.server.retrycache.expirytime = 600000ms (custom)
2020-07-02 08:47:42,886 [pool-297-thread-1] INFO  metrics.RatisMetrics (RatisMetrics.java:lambda$create$0(36)) - Creating Metrics Registry : ratis.leader_election.b62aeb05-24ab-4842-8919-6c05a4e657f5@group-D8B848013692
2020-07-02 08:47:42,886 [pool-297-thread-1] INFO  metrics.RatisMetrics (RatisMetrics.java:lambda$create$0(36)) - Creating Metrics Registry : ratis.server.b62aeb05-24ab-4842-8919-6c05a4e657f5@group-D8B848013692
2020-07-02 08:47:42,887 [pool-297-thread-1] INFO  impl.RaftServerImpl (RaftServerImpl.java:start(186)) - b62aeb05-24ab-4842-8919-6c05a4e657f5@group-D8B848013692: start as a follower, conf=-1: [b62aeb05-24ab-4842-8919-6c05a4e657f5:172.17.0.2:40851], old=null
2020-07-02 08:47:42,887 [pool-297-thread-1] INFO  impl.RaftServerImpl (RaftServerImpl.java:setRole(175)) - b62aeb05-24ab-4842-8919-6c05a4e657f5@group-D8B848013692: changes role from      null to FOLLOWER at term 0 for startAsFollower
2020-07-02 08:47:42,887 [pool-297-thread-1] INFO  impl.RoleInfo (RoleInfo.java:updateAndGet(143)) - b62aeb05-24ab-4842-8919-6c05a4e657f5: start FollowerState
2020-07-02 08:47:42,888 [pool-297-thread-1] INFO  util.JmxRegister (JmxRegister.java:tryRegister(44)) - Successfully registered JMX Bean with object name Ratis:service=RaftServer,group=group-D8B848013692,id=b62aeb05-24ab-4842-8919-6c05a4e657f5
2020-07-02 08:47:42,888 [pool-297-thread-1] INFO  metrics.RatisMetrics (RatisMetrics.java:lambda$create$0(36)) - Creating Metrics Registry : ratis.state_machine.b62aeb05-24ab-4842-8919-6c05a4e657f5@group-D8B848013692
2020-07-02 08:47:42,889 [Command processor thread] INFO  commandhandler.CreatePipelineCommandHandler (CreatePipelineCommandHandler.java:handle(109)) - Created Pipeline RATIS ONE #id: "9f003a07-3fdd-464d-be0e-d8b848013692"
.
2020-07-02 08:47:42,889 [Command processor thread] INFO  impl.RaftServerProxy (RaftServerProxy.java:addNew(89)) - b62aeb05-24ab-4842-8919-6c05a4e657f5: addNew group-32BF70E33156:[7d30d443-236e-4da8-b613-0865c2b8e378:172.17.0.2:36199, b62aeb05-24ab-4842-8919-6c05a4e657f5:172.17.0.2:40851, aab70d5c-3498-440f-806b-05f26fe37e72:172.17.0.2:40789] returns group-32BF70E33156:java.util.concurrent.CompletableFuture@3eae9443[Not completed]
2020-07-02 08:47:42,890 [pool-297-thread-1] INFO  impl.RaftServerImpl (RaftServerImpl.java:<init>(99)) - b62aeb05-24ab-4842-8919-6c05a4e657f5: new RaftServerImpl for group-32BF70E33156:[7d30d443-236e-4da8-b613-0865c2b8e378:172.17.0.2:36199, b62aeb05-24ab-4842-8919-6c05a4e657f5:172.17.0.2:40851, aab70d5c-3498-440f-806b-05f26fe37e72:172.17.0.2:40789] with ContainerStateMachine:uninitialized
2020-07-02 08:47:42,890 [pool-297-thread-1] INFO  server.RaftServerConfigKeys (ConfUtils.java:logGet(44)) - raft.server.rpc.timeout.min = 1s (custom)
2020-07-02 08:47:42,890 [pool-297-thread-1] INFO  server.RaftServerConfigKeys (ConfUtils.java:logGet(44)) - raft.server.rpc.timeout.max = 1200ms (custom)
2020-07-02 08:47:42,890 [pool-297-thread-1] INFO  server.RaftServerConfigKeys (ConfUtils.java:logGet(44)) - raft.server.rpcslowness.timeout = 300000ms (custom)
2020-07-02 08:47:42,890 [pool-297-thread-1] INFO  server.RaftServerConfigKeys (ConfUtils.java:logGet(44)) - raft.server.sleep.deviation.threshold = 300 (default)
2020-07-02 08:47:42,890 [pool-297-thread-1] INFO  server.RaftServerConfigKeys (ConfUtils.java:logGet(44)) - raft.server.log.appender.install.snapshot.enabled = false (custom)
2020-07-02 08:47:42,890 [pool-297-thread-1] INFO  impl.RaftServerImpl (ServerState.java:<init>(103)) - b62aeb05-24ab-4842-8919-6c05a4e657f5@group-32BF70E33156: ConfigurationManager, init=-1: [7d30d443-236e-4da8-b613-0865c2b8e378:172.17.0.2:36199, b62aeb05-24ab-4842-8919-6c05a4e657f5:172.17.0.2:40851, aab70d5c-3498-440f-806b-05f26fe37e72:172.17.0.2:40789], old=null, confs=<EMPTY_MAP>
2020-07-02 08:47:42,890 [pool-297-thread-1] INFO  server.RaftServerConfigKeys (ConfUtils.java:logGet(44)) - raft.server.storage.dir = [/github/workspace/mnt/ozone/hadoop-ozone/integration-test/target/test-dir/MiniOzoneClusterImpl-2ea21c0c-9bca-4642-a989-259fb4fcb281/datanode-6/data/ratis] (custom)
2020-07-02 08:47:42,890 [pool-297-thread-1] INFO  server.RaftServerConfigKeys (ConfUtils.java:logGet(44)) - raft.server.log.corruption.policy = EXCEPTION (default)
2020-07-02 08:47:42,890 [pool-297-thread-1] INFO  storage.RaftStorageDirectory (RaftStorageDirectory.java:analyzeStorage(261)) - The storage directory /github/workspace/mnt/ozone/hadoop-ozone/integration-test/target/test-dir/MiniOzoneClusterImpl-2ea21c0c-9bca-4642-a989-259fb4fcb281/datanode-6/data/ratis/4a1b0e43-e9cb-4761-8073-32bf70e33156 does not exist. Creating ...
2020-07-02 08:47:42,892 [pool-297-thread-1] INFO  storage.RaftStorageDirectory (RaftStorageDirectory.java:tryLock(343)) - Lock on /github/workspace/mnt/ozone/hadoop-ozone/integration-test/target/test-dir/MiniOzoneClusterImpl-2ea21c0c-9bca-4642-a989-259fb4fcb281/datanode-6/data/ratis/4a1b0e43-e9cb-4761-8073-32bf70e33156/in_use.lock acquired by nodename 37427@06760bff8a89
2020-07-02 08:47:42,893 [pool-297-thread-1] INFO  storage.RaftStorage (RaftStorage.java:format(84)) - Storage directory /github/workspace/mnt/ozone/hadoop-ozone/integration-test/target/test-dir/MiniOzoneClusterImpl-2ea21c0c-9bca-4642-a989-259fb4fcb281/datanode-6/data/ratis/4a1b0e43-e9cb-4761-8073-32bf70e33156 has been successfully formatted.
2020-07-02 08:47:42,896 [pool-297-thread-1] INFO  ratis.ContainerStateMachine (ContainerStateMachine.java:loadSnapshot(225)) - group-32BF70E33156: The snapshot info is null. Setting the last applied indexto:(t:0, i:~)
2020-07-02 08:47:42,896 [pool-297-thread-1] INFO  server.RaftServerConfigKeys (ConfUtils.java:logGet(44)) - raft.server.notification.no-leader.timeout = 60s (default)
2020-07-02 08:47:42,896 [pool-297-thread-1] INFO  server.RaftServerConfigKeys (ConfUtils.java:logGet(44)) - raft.server.log.use.memory = false (default)
2020-07-02 08:47:42,896 [pool-297-thread-1] INFO  server.RaftServerConfigKeys (ConfUtils.java:logGet(44)) - raft.server.log.purge.gap = 1000000 (custom)
2020-07-02 08:47:42,896 [pool-297-thread-1] INFO  server.RaftServerConfigKeys (ConfUtils.java:logGet(44)) - raft.server.log.appender.buffer.byte-limit = 33554432 (custom)
2020-07-02 08:47:42,896 [pool-297-thread-1] INFO  server.RaftServerConfigKeys (ConfUtils.java:logGet(44)) - raft.server.log.segment.size.max = 1048576 (custom)
2020-07-02 08:47:42,896 [pool-297-thread-1] INFO  metrics.RatisMetrics (RatisMetrics.java:lambda$create$0(36)) - Creating Metrics Registry : ratis.log_worker.b62aeb05-24ab-4842-8919-6c05a4e657f5@group-32BF70E33156
2020-07-02 08:47:42,896 [pool-297-thread-1] INFO  server.RaftServerConfigKeys (ConfUtils.java:logGet(44)) - raft.server.log.segment.cache.num.max = 2 (custom)
2020-07-02 08:47:42,897 [pool-297-thread-1] INFO  segmented.SegmentedRaftLogWorker (SegmentedRaftLogWorker.java:<init>(180)) - new b62aeb05-24ab-4842-8919-6c05a4e657f5@group-32BF70E33156-SegmentedRaftLogWorker for RaftStorage:Storage Directory /github/workspace/mnt/ozone/hadoop-ozone/integration-test/target/test-dir/MiniOzoneClusterImpl-2ea21c0c-9bca-4642-a989-259fb4fcb281/datanode-6/data/ratis/4a1b0e43-e9cb-4761-8073-32bf70e33156
2020-07-02 08:47:42,897 [pool-297-thread-1] INFO  server.RaftServerConfigKeys (ConfUtils.java:logGet(44)) - raft.server.log.queue.byte-limit = 2147483647 (custom)
2020-07-02 08:47:42,897 [pool-297-thread-1] INFO  server.RaftServerConfigKeys (ConfUtils.java:logGet(44)) - raft.server.log.queue.element-limit = 1024 (custom)
2020-07-02 08:47:42,897 [pool-297-thread-1] INFO  server.RaftServerConfigKeys (ConfUtils.java:logGet(44)) - raft.server.log.segment.size.max = 1048576 (custom)
2020-07-02 08:47:42,897 [pool-297-thread-1] INFO  server.RaftServerConfigKeys (ConfUtils.java:logGet(44)) - raft.server.log.preallocated.size = 16384 (custom)
2020-07-02 08:47:42,899 [pool-297-thread-1] INFO  server.RaftServerConfigKeys (ConfUtils.java:logGet(44)) - raft.server.log.write.buffer.size = 1048576 (custom)
2020-07-02 08:47:42,899 [pool-297-thread-1] INFO  server.RaftServerConfigKeys (ConfUtils.java:logGet(44)) - raft.server.log.force.sync.num = 128 (default)
2020-07-02 08:47:42,900 [pool-297-thread-1] INFO  server.RaftServerConfigKeys (ConfUtils.java:logGet(44)) - raft.server.log.statemachine.data.sync = true (default)
2020-07-02 08:47:42,900 [pool-297-thread-1] INFO  server.RaftServerConfigKeys (ConfUtils.java:logGet(44)) - raft.server.log.statemachine.data.sync.timeout = 10s (default)
2020-07-02 08:47:42,900 [pool-297-thread-1] INFO  server.RaftServerConfigKeys (ConfUtils.java:logGet(44)) - raft.server.log.statemachine.data.sync.timeout.retry = -1 (default)
2020-07-02 08:47:42,901 [pool-297-thread-1] INFO  server.RaftServerConfigKeys (ConfUtils.java:logGet(44)) - raft.server.log.statemachine.data.caching.enabled = true (custom)
2020-07-02 08:47:42,902 [pool-297-thread-1] INFO  segmented.SegmentedRaftLogWorker (SegmentedRaftLogWorker.java:lambda$new$0(129)) - b62aeb05-24ab-4842-8919-6c05a4e657f5@group-32BF70E33156-SegmentedRaftLogWorker: flushIndex: setUnconditionally 0 -> -1
2020-07-02 08:47:42,902 [pool-297-thread-1] INFO  segmented.SegmentedRaftLogWorker (SegmentedRaftLogWorker.java:lambda$new$0(129)) - b62aeb05-24ab-4842-8919-6c05a4e657f5@group-32BF70E33156-SegmentedRaftLogWorker: safeCacheEvictIndex: setUnconditionally 0 -> -1
2020-07-02 08:47:42,905 [pool-297-thread-1] INFO  server.RaftServerConfigKeys (ConfUtils.java:logGet(44)) - raft.server.snapshot.auto.trigger.enabled = true (custom)
2020-07-02 08:47:42,906 [pool-297-thread-1] INFO  server.RaftServerConfigKeys (ConfUtils.java:logGet(44)) - raft.server.snapshot.auto.trigger.threshold = 10000 (custom)
2020-07-02 08:47:42,906 [pool-297-thread-1] INFO  server.RaftServerConfigKeys (ConfUtils.java:logGet(44)) - raft.server.snapshot.retention.file.num = 5 (custom)
2020-07-02 08:47:42,906 [pool-297-thread-1] INFO  server.RaftServerConfigKeys (ConfUtils.java:logGet(44)) - raft.server.log.purge.upto.snapshot.index = false (default)
2020-07-02 08:47:42,906 [pool-297-thread-1] INFO  server.RaftServerConfigKeys (ConfUtils.java:logGet(44)) - raft.server.retrycache.expirytime = 600000ms (custom)
2020-07-02 08:47:42,906 [pool-297-thread-1] INFO  metrics.RatisMetrics (RatisMetrics.java:lambda$create$0(36)) - Creating Metrics Registry : ratis.leader_election.b62aeb05-24ab-4842-8919-6c05a4e657f5@group-32BF70E33156
2020-07-02 08:47:42,906 [pool-297-thread-1] INFO  metrics.RatisMetrics (RatisMetrics.java:lambda$create$0(36)) - Creating Metrics Registry : ratis.server.b62aeb05-24ab-4842-8919-6c05a4e657f5@group-32BF70E33156
2020-07-02 08:47:42,908 [pool-297-thread-1] INFO  impl.RaftServerImpl (RaftServerImpl.java:start(186)) - b62aeb05-24ab-4842-8919-6c05a4e657f5@group-32BF70E33156: start as a follower, conf=-1: [7d30d443-236e-4da8-b613-0865c2b8e378:172.17.0.2:36199, b62aeb05-24ab-4842-8919-6c05a4e657f5:172.17.0.2:40851, aab70d5c-3498-440f-806b-05f26fe37e72:172.17.0.2:40789], old=null
2020-07-02 08:47:42,908 [pool-297-thread-1] INFO  impl.RaftServerImpl (RaftServerImpl.java:setRole(175)) - b62aeb05-24ab-4842-8919-6c05a4e657f5@group-32BF70E33156: changes role from      null to FOLLOWER at term 0 for startAsFollower
2020-07-02 08:47:42,908 [pool-297-thread-1] INFO  impl.RoleInfo (RoleInfo.java:updateAndGet(143)) - b62aeb05-24ab-4842-8919-6c05a4e657f5: start FollowerState
2020-07-02 08:47:42,908 [pool-297-thread-1] INFO  util.JmxRegister (JmxRegister.java:tryRegister(44)) - Successfully registered JMX Bean with object name Ratis:service=RaftServer,group=group-32BF70E33156,id=b62aeb05-24ab-4842-8919-6c05a4e657f5
2020-07-02 08:47:42,908 [pool-297-thread-1] INFO  metrics.RatisMetrics (RatisMetrics.java:lambda$create$0(36)) - Creating Metrics Registry : ratis.state_machine.b62aeb05-24ab-4842-8919-6c05a4e657f5@group-32BF70E33156
2020-07-02 08:47:42,927 [grpc-default-executor-4] INFO  impl.RaftServerProxy (RaftServerProxy.java:addNew(89)) - 7d30d443-236e-4da8-b613-0865c2b8e378: addNew group-32BF70E33156:[7d30d443-236e-4da8-b613-0865c2b8e378:172.17.0.2:36199, b62aeb05-24ab-4842-8919-6c05a4e657f5:172.17.0.2:40851, aab70d5c-3498-440f-806b-05f26fe37e72:172.17.0.2:40789] returns group-32BF70E33156:java.util.concurrent.CompletableFuture@4cb6a55e[Not completed]
2020-07-02 08:47:42,928 [pool-327-thread-1] INFO  impl.RaftServerImpl (RaftServerImpl.java:<init>(99)) - 7d30d443-236e-4da8-b613-0865c2b8e378: new RaftServerImpl for group-32BF70E33156:[7d30d443-236e-4da8-b613-0865c2b8e378:172.17.0.2:36199, b62aeb05-24ab-4842-8919-6c05a4e657f5:172.17.0.2:40851, aab70d5c-3498-440f-806b-05f26fe37e72:172.17.0.2:40789] with ContainerStateMachine:uninitialized
2020-07-02 08:47:42,928 [pool-327-thread-1] INFO  server.RaftServerConfigKeys (ConfUtils.java:logGet(44)) - raft.server.rpc.timeout.min = 1s (custom)
2020-07-02 08:47:42,928 [pool-327-thread-1] INFO  server.RaftServerConfigKeys (ConfUtils.java:logGet(44)) - raft.server.rpc.timeout.max = 1200ms (custom)
2020-07-02 08:47:42,928 [pool-327-thread-1] INFO  server.RaftServerConfigKeys (ConfUtils.java:logGet(44)) - raft.server.rpcslowness.timeout = 300000ms (custom)
2020-07-02 08:47:42,928 [pool-327-thread-1] INFO  server.RaftServerConfigKeys (ConfUtils.java:logGet(44)) - raft.server.sleep.deviation.threshold = 300 (default)
2020-07-02 08:47:42,928 [pool-327-thread-1] INFO  server.RaftServerConfigKeys (ConfUtils.java:logGet(44)) - raft.server.log.appender.install.snapshot.enabled = false (custom)
2020-07-02 08:47:42,928 [pool-327-thread-1] INFO  impl.RaftServerImpl (ServerState.java:<init>(103)) - 7d30d443-236e-4da8-b613-0865c2b8e378@group-32BF70E33156: ConfigurationManager, init=-1: [7d30d443-236e-4da8-b613-0865c2b8e378:172.17.0.2:36199, b62aeb05-24ab-4842-8919-6c05a4e657f5:172.17.0.2:40851, aab70d5c-3498-440f-806b-05f26fe37e72:172.17.0.2:40789], old=null, confs=<EMPTY_MAP>
2020-07-02 08:47:42,928 [pool-327-thread-1] INFO  server.RaftServerConfigKeys (ConfUtils.java:logGet(44)) - raft.server.storage.dir = [/github/workspace/mnt/ozone/hadoop-ozone/integration-test/target/test-dir/MiniOzoneClusterImpl-2ea21c0c-9bca-4642-a989-259fb4fcb281/datanode-8/data/ratis] (custom)
2020-07-02 08:47:42,929 [pool-327-thread-1] INFO  server.RaftServerConfigKeys (ConfUtils.java:logGet(44)) - raft.server.log.corruption.policy = EXCEPTION (default)
2020-07-02 08:47:42,929 [pool-327-thread-1] INFO  storage.RaftStorageDirectory (RaftStorageDirectory.java:analyzeStorage(261)) - The storage directory /github/workspace/mnt/ozone/hadoop-ozone/integration-test/target/test-dir/MiniOzoneClusterImpl-2ea21c0c-9bca-4642-a989-259fb4fcb281/datanode-8/data/ratis/4a1b0e43-e9cb-4761-8073-32bf70e33156 does not exist. Creating ...
2020-07-02 08:47:42,930 [pool-327-thread-1] INFO  storage.RaftStorageDirectory (RaftStorageDirectory.java:tryLock(343)) - Lock on /github/workspace/mnt/ozone/hadoop-ozone/integration-test/target/test-dir/MiniOzoneClusterImpl-2ea21c0c-9bca-4642-a989-259fb4fcb281/datanode-8/data/ratis/4a1b0e43-e9cb-4761-8073-32bf70e33156/in_use.lock acquired by nodename 37427@06760bff8a89
2020-07-02 08:47:42,931 [pool-327-thread-1] INFO  storage.RaftStorage (RaftStorage.java:format(84)) - Storage directory /github/workspace/mnt/ozone/hadoop-ozone/integration-test/target/test-dir/MiniOzoneClusterImpl-2ea21c0c-9bca-4642-a989-259fb4fcb281/datanode-8/data/ratis/4a1b0e43-e9cb-4761-8073-32bf70e33156 has been successfully formatted.
2020-07-02 08:47:42,932 [pool-327-thread-1] INFO  ratis.ContainerStateMachine (ContainerStateMachine.java:loadSnapshot(225)) - group-32BF70E33156: The snapshot info is null. Setting the last applied indexto:(t:0, i:~)
2020-07-02 08:47:42,932 [pool-327-thread-1] INFO  server.RaftServerConfigKeys (ConfUtils.java:logGet(44)) - raft.server.notification.no-leader.timeout = 60s (default)
2020-07-02 08:47:42,932 [pool-327-thread-1] INFO  server.RaftServerConfigKeys (ConfUtils.java:logGet(44)) - raft.server.log.use.memory = false (default)
2020-07-02 08:47:42,932 [pool-327-thread-1] INFO  server.RaftServerConfigKeys (ConfUtils.java:logGet(44)) - raft.server.log.purge.gap = 1000000 (custom)
2020-07-02 08:47:42,933 [pool-327-thread-1] INFO  server.RaftServerConfigKeys (ConfUtils.java:logGet(44)) - raft.server.log.appender.buffer.byte-limit = 33554432 (custom)
2020-07-02 08:47:42,933 [pool-327-thread-1] INFO  server.RaftServerConfigKeys (ConfUtils.java:logGet(44)) - raft.server.log.segment.size.max = 1048576 (custom)
2020-07-02 08:47:42,933 [pool-327-thread-1] INFO  metrics.RatisMetrics (RatisMetrics.java:lambda$create$0(36)) - Creating Metrics Registry : ratis.log_worker.7d30d443-236e-4da8-b613-0865c2b8e378@group-32BF70E33156
2020-07-02 08:47:42,933 [pool-327-thread-1] INFO  server.RaftServerConfigKeys (ConfUtils.java:logGet(44)) - raft.server.log.segment.cache.num.max = 2 (custom)
2020-07-02 08:47:42,933 [pool-327-thread-1] INFO  segmented.SegmentedRaftLogWorker (SegmentedRaftLogWorker.java:<init>(180)) - new 7d30d443-236e-4da8-b613-0865c2b8e378@group-32BF70E33156-SegmentedRaftLogWorker for RaftStorage:Storage Directory /github/workspace/mnt/ozone/hadoop-ozone/integration-test/target/test-dir/MiniOzoneClusterImpl-2ea21c0c-9bca-4642-a989-259fb4fcb281/datanode-8/data/ratis/4a1b0e43-e9cb-4761-8073-32bf70e33156
2020-07-02 08:47:42,933 [pool-327-thread-1] INFO  server.RaftServerConfigKeys (ConfUtils.java:logGet(44)) - raft.server.log.queue.byte-limit = 2147483647 (custom)
2020-07-02 08:47:42,933 [pool-327-thread-1] INFO  server.RaftServerConfigKeys (ConfUtils.java:logGet(44)) - raft.server.log.queue.element-limit = 1024 (custom)
2020-07-02 08:47:42,933 [pool-327-thread-1] INFO  server.RaftServerConfigKeys (ConfUtils.java:logGet(44)) - raft.server.log.segment.size.max = 1048576 (custom)
2020-07-02 08:47:42,933 [pool-327-thread-1] INFO  server.RaftServerConfigKeys (ConfUtils.java:logGet(44)) - raft.server.log.preallocated.size = 16384 (custom)
2020-07-02 08:47:42,934 [pool-327-thread-1] INFO  server.RaftServerConfigKeys (ConfUtils.java:logGet(44)) - raft.server.log.write.buffer.size = 1048576 (custom)
2020-07-02 08:47:42,934 [pool-327-thread-1] INFO  server.RaftServerConfigKeys (ConfUtils.java:logGet(44)) - raft.server.log.force.sync.num = 128 (default)
2020-07-02 08:47:42,934 [pool-327-thread-1] INFO  server.RaftServerConfigKeys (ConfUtils.java:logGet(44)) - raft.server.log.statemachine.data.sync = true (default)
2020-07-02 08:47:42,934 [pool-327-thread-1] INFO  server.RaftServerConfigKeys (ConfUtils.java:logGet(44)) - raft.server.log.statemachine.data.sync.timeout = 10s (default)
2020-07-02 08:47:42,934 [pool-327-thread-1] INFO  server.RaftServerConfigKeys (ConfUtils.java:logGet(44)) - raft.server.log.statemachine.data.sync.timeout.retry = -1 (default)
2020-07-02 08:47:42,935 [pool-327-thread-1] INFO  server.RaftServerConfigKeys (ConfUtils.java:logGet(44)) - raft.server.log.statemachine.data.caching.enabled = true (custom)
2020-07-02 08:47:42,936 [pool-327-thread-1] INFO  segmented.SegmentedRaftLogWorker (SegmentedRaftLogWorker.java:lambda$new$0(129)) - 7d30d443-236e-4da8-b613-0865c2b8e378@group-32BF70E33156-SegmentedRaftLogWorker: flushIndex: setUnconditionally 0 -> -1
2020-07-02 08:47:42,936 [pool-327-thread-1] INFO  segmented.SegmentedRaftLogWorker (SegmentedRaftLogWorker.java:lambda$new$0(129)) - 7d30d443-236e-4da8-b613-0865c2b8e378@group-32BF70E33156-SegmentedRaftLogWorker: safeCacheEvictIndex: setUnconditionally 0 -> -1
2020-07-02 08:47:42,941 [pool-327-thread-1] INFO  server.RaftServerConfigKeys (ConfUtils.java:logGet(44)) - raft.server.snapshot.auto.trigger.enabled = true (custom)
2020-07-02 08:47:42,942 [pool-327-thread-1] INFO  server.RaftServerConfigKeys (ConfUtils.java:logGet(44)) - raft.server.snapshot.auto.trigger.threshold = 10000 (custom)
2020-07-02 08:47:42,942 [pool-327-thread-1] INFO  server.RaftServerConfigKeys (ConfUtils.java:logGet(44)) - raft.server.snapshot.retention.file.num = 5 (custom)
2020-07-02 08:47:42,942 [pool-327-thread-1] INFO  server.RaftServerConfigKeys (ConfUtils.java:logGet(44)) - raft.server.log.purge.upto.snapshot.index = false (default)
2020-07-02 08:47:42,942 [pool-327-thread-1] INFO  server.RaftServerConfigKeys (ConfUtils.java:logGet(44)) - raft.server.retrycache.expirytime = 600000ms (custom)
2020-07-02 08:47:42,942 [pool-327-thread-1] INFO  metrics.RatisMetrics (RatisMetrics.java:lambda$create$0(36)) - Creating Metrics Registry : ratis.leader_election.7d30d443-236e-4da8-b613-0865c2b8e378@group-32BF70E33156
2020-07-02 08:47:42,943 [pool-327-thread-1] INFO  metrics.RatisMetrics (RatisMetrics.java:lambda$create$0(36)) - Creating Metrics Registry : ratis.server.7d30d443-236e-4da8-b613-0865c2b8e378@group-32BF70E33156
2020-07-02 08:47:42,944 [pool-327-thread-1] INFO  impl.RaftServerImpl (RaftServerImpl.java:start(186)) - 7d30d443-236e-4da8-b613-0865c2b8e378@group-32BF70E33156: start as a follower, conf=-1: [7d30d443-236e-4da8-b613-0865c2b8e378:172.17.0.2:36199, b62aeb05-24ab-4842-8919-6c05a4e657f5:172.17.0.2:40851, aab70d5c-3498-440f-806b-05f26fe37e72:172.17.0.2:40789], old=null
2020-07-02 08:47:42,944 [pool-327-thread-1] INFO  impl.RaftServerImpl (RaftServerImpl.java:setRole(175)) - 7d30d443-236e-4da8-b613-0865c2b8e378@group-32BF70E33156: changes role from      null to FOLLOWER at term 0 for startAsFollower
2020-07-02 08:47:42,944 [pool-327-thread-1] INFO  impl.RoleInfo (RoleInfo.java:updateAndGet(143)) - 7d30d443-236e-4da8-b613-0865c2b8e378: start FollowerState
2020-07-02 08:47:42,945 [pool-327-thread-1] INFO  util.JmxRegister (JmxRegister.java:tryRegister(44)) - Successfully registered JMX Bean with object name Ratis:service=RaftServer,group=group-32BF70E33156,id=7d30d443-236e-4da8-b613-0865c2b8e378
2020-07-02 08:47:42,945 [pool-327-thread-1] INFO  metrics.RatisMetrics (RatisMetrics.java:lambda$create$0(36)) - Creating Metrics Registry : ratis.state_machine.7d30d443-236e-4da8-b613-0865c2b8e378@group-32BF70E33156
2020-07-02 08:47:42,962 [grpc-default-executor-4] INFO  impl.RaftServerProxy (RaftServerProxy.java:addNew(89)) - aab70d5c-3498-440f-806b-05f26fe37e72: addNew group-32BF70E33156:[7d30d443-236e-4da8-b613-0865c2b8e378:172.17.0.2:36199, b62aeb05-24ab-4842-8919-6c05a4e657f5:172.17.0.2:40851, aab70d5c-3498-440f-806b-05f26fe37e72:172.17.0.2:40789] returns group-32BF70E33156:java.util.concurrent.CompletableFuture@30b2dc6b[Not completed]
2020-07-02 08:47:42,965 [pool-312-thread-1] INFO  impl.RaftServerImpl (RaftServerImpl.java:<init>(99)) - aab70d5c-3498-440f-806b-05f26fe37e72: new RaftServerImpl for group-32BF70E33156:[7d30d443-236e-4da8-b613-0865c2b8e378:172.17.0.2:36199, b62aeb05-24ab-4842-8919-6c05a4e657f5:172.17.0.2:40851, aab70d5c-3498-440f-806b-05f26fe37e72:172.17.0.2:40789] with ContainerStateMachine:uninitialized
2020-07-02 08:47:42,965 [pool-312-thread-1] INFO  server.RaftServerConfigKeys (ConfUtils.java:logGet(44)) - raft.server.rpc.timeout.min = 1s (custom)
2020-07-02 08:47:42,965 [pool-312-thread-1] INFO  server.RaftServerConfigKeys (ConfUtils.java:logGet(44)) - raft.server.rpc.timeout.max = 1200ms (custom)
2020-07-02 08:47:42,965 [pool-312-thread-1] INFO  server.RaftServerConfigKeys (ConfUtils.java:logGet(44)) - raft.server.rpcslowness.timeout = 300000ms (custom)
2020-07-02 08:47:42,965 [pool-312-thread-1] INFO  server.RaftServerConfigKeys (ConfUtils.java:logGet(44)) - raft.server.sleep.deviation.threshold = 300 (default)
2020-07-02 08:47:42,965 [pool-312-thread-1] INFO  server.RaftServerConfigKeys (ConfUtils.java:logGet(44)) - raft.server.log.appender.install.snapshot.enabled = false (custom)
2020-07-02 08:47:42,965 [pool-312-thread-1] INFO  impl.RaftServerImpl (ServerState.java:<init>(103)) - aab70d5c-3498-440f-806b-05f26fe37e72@group-32BF70E33156: ConfigurationManager, init=-1: [7d30d443-236e-4da8-b613-0865c2b8e378:172.17.0.2:36199, b62aeb05-24ab-4842-8919-6c05a4e657f5:172.17.0.2:40851, aab70d5c-3498-440f-806b-05f26fe37e72:172.17.0.2:40789], old=null, confs=<EMPTY_MAP>
2020-07-02 08:47:42,966 [pool-312-thread-1] INFO  server.RaftServerConfigKeys (ConfUtils.java:logGet(44)) - raft.server.storage.dir = [/github/workspace/mnt/ozone/hadoop-ozone/integration-test/target/test-dir/MiniOzoneClusterImpl-2ea21c0c-9bca-4642-a989-259fb4fcb281/datanode-7/data/ratis] (custom)
2020-07-02 08:47:42,966 [pool-312-thread-1] INFO  server.RaftServerConfigKeys (ConfUtils.java:logGet(44)) - raft.server.log.corruption.policy = EXCEPTION (default)
2020-07-02 08:47:42,966 [pool-312-thread-1] INFO  storage.RaftStorageDirectory (RaftStorageDirectory.java:analyzeStorage(261)) - The storage directory /github/workspace/mnt/ozone/hadoop-ozone/integration-test/target/test-dir/MiniOzoneClusterImpl-2ea21c0c-9bca-4642-a989-259fb4fcb281/datanode-7/data/ratis/4a1b0e43-e9cb-4761-8073-32bf70e33156 does not exist. Creating ...
2020-07-02 08:47:42,967 [pool-312-thread-1] INFO  storage.RaftStorageDirectory (RaftStorageDirectory.java:tryLock(343)) - Lock on /github/workspace/mnt/ozone/hadoop-ozone/integration-test/target/test-dir/MiniOzoneClusterImpl-2ea21c0c-9bca-4642-a989-259fb4fcb281/datanode-7/data/ratis/4a1b0e43-e9cb-4761-8073-32bf70e33156/in_use.lock acquired by nodename 37427@06760bff8a89
2020-07-02 08:47:42,967 [pool-312-thread-1] INFO  storage.RaftStorage (RaftStorage.java:format(84)) - Storage directory /github/workspace/mnt/ozone/hadoop-ozone/integration-test/target/test-dir/MiniOzoneClusterImpl-2ea21c0c-9bca-4642-a989-259fb4fcb281/datanode-7/data/ratis/4a1b0e43-e9cb-4761-8073-32bf70e33156 has been successfully formatted.
2020-07-02 08:47:42,969 [pool-312-thread-1] INFO  ratis.ContainerStateMachine (ContainerStateMachine.java:loadSnapshot(225)) - group-32BF70E33156: The snapshot info is null. Setting the last applied indexto:(t:0, i:~)
2020-07-02 08:47:42,969 [pool-312-thread-1] INFO  server.RaftServerConfigKeys (ConfUtils.java:logGet(44)) - raft.server.notification.no-leader.timeout = 60s (default)
2020-07-02 08:47:42,969 [pool-312-thread-1] INFO  server.RaftServerConfigKeys (ConfUtils.java:logGet(44)) - raft.server.log.use.memory = false (default)
2020-07-02 08:47:42,969 [pool-312-thread-1] INFO  server.RaftServerConfigKeys (ConfUtils.java:logGet(44)) - raft.server.log.purge.gap = 1000000 (custom)
2020-07-02 08:47:42,969 [pool-312-thread-1] INFO  server.RaftServerConfigKeys (ConfUtils.java:logGet(44)) - raft.server.log.appender.buffer.byte-limit = 33554432 (custom)
2020-07-02 08:47:42,969 [pool-312-thread-1] INFO  server.RaftServerConfigKeys (ConfUtils.java:logGet(44)) - raft.server.log.segment.size.max = 1048576 (custom)
2020-07-02 08:47:42,969 [pool-312-thread-1] INFO  metrics.RatisMetrics (RatisMetrics.java:lambda$create$0(36)) - Creating Metrics Registry : ratis.log_worker.aab70d5c-3498-440f-806b-05f26fe37e72@group-32BF70E33156
2020-07-02 08:47:42,970 [pool-312-thread-1] INFO  server.RaftServerConfigKeys (ConfUtils.java:logGet(44)) - raft.server.log.segment.cache.num.max = 2 (custom)
2020-07-02 08:47:42,970 [pool-312-thread-1] INFO  segmented.SegmentedRaftLogWorker (SegmentedRaftLogWorker.java:<init>(180)) - new aab70d5c-3498-440f-806b-05f26fe37e72@group-32BF70E33156-SegmentedRaftLogWorker for RaftStorage:Storage Directory /github/workspace/mnt/ozone/hadoop-ozone/integration-test/target/test-dir/MiniOzoneClusterImpl-2ea21c0c-9bca-4642-a989-259fb4fcb281/datanode-7/data/ratis/4a1b0e43-e9cb-4761-8073-32bf70e33156
2020-07-02 08:47:42,970 [pool-312-thread-1] INFO  server.RaftServerConfigKeys (ConfUtils.java:logGet(44)) - raft.server.log.queue.byte-limit = 2147483647 (custom)
2020-07-02 08:47:42,970 [pool-312-thread-1] INFO  server.RaftServerConfigKeys (ConfUtils.java:logGet(44)) - raft.server.log.queue.element-limit = 1024 (custom)
2020-07-02 08:47:42,970 [pool-312-thread-1] INFO  server.RaftServerConfigKeys (ConfUtils.java:logGet(44)) - raft.server.log.segment.size.max = 1048576 (custom)
2020-07-02 08:47:42,970 [pool-312-thread-1] INFO  server.RaftServerConfigKeys (ConfUtils.java:logGet(44)) - raft.server.log.preallocated.size = 16384 (custom)
2020-07-02 08:47:42,970 [pool-312-thread-1] INFO  server.RaftServerConfigKeys (ConfUtils.java:logGet(44)) - raft.server.log.write.buffer.size = 1048576 (custom)
2020-07-02 08:47:42,970 [pool-312-thread-1] INFO  server.RaftServerConfigKeys (ConfUtils.java:logGet(44)) - raft.server.log.force.sync.num = 128 (default)
2020-07-02 08:47:42,970 [pool-312-thread-1] INFO  server.RaftServerConfigKeys (ConfUtils.java:logGet(44)) - raft.server.log.statemachine.data.sync = true (default)
2020-07-02 08:47:42,970 [pool-312-thread-1] INFO  server.RaftServerConfigKeys (ConfUtils.java:logGet(44)) - raft.server.log.statemachine.data.sync.timeout = 10s (default)
2020-07-02 08:47:42,971 [pool-312-thread-1] INFO  server.RaftServerConfigKeys (ConfUtils.java:logGet(44)) - raft.server.log.statemachine.data.sync.timeout.retry = -1 (default)
2020-07-02 08:47:42,974 [pool-312-thread-1] INFO  server.RaftServerConfigKeys (ConfUtils.java:logGet(44)) - raft.server.log.statemachine.data.caching.enabled = true (custom)
2020-07-02 08:47:42,974 [Command processor thread] INFO  impl.RaftServerProxy (RaftServerProxy.java:addNew(89)) - aab70d5c-3498-440f-806b-05f26fe37e72: addNew group-F11ACA092C28:[aab70d5c-3498-440f-806b-05f26fe37e72:172.17.0.2:40789] returns group-F11ACA092C28:java.util.concurrent.CompletableFuture@42d84c4d[Not completed]
2020-07-02 08:47:42,975 [pool-312-thread-1] INFO  segmented.SegmentedRaftLogWorker (SegmentedRaftLogWorker.java:lambda$new$0(129)) - aab70d5c-3498-440f-806b-05f26fe37e72@group-32BF70E33156-SegmentedRaftLogWorker: flushIndex: setUnconditionally 0 -> -1
2020-07-02 08:47:42,975 [pool-312-thread-1] INFO  segmented.SegmentedRaftLogWorker (SegmentedRaftLogWorker.java:lambda$new$0(129)) - aab70d5c-3498-440f-806b-05f26fe37e72@group-32BF70E33156-SegmentedRaftLogWorker: safeCacheEvictIndex: setUnconditionally 0 -> -1
2020-07-02 08:47:42,977 [pool-312-thread-1] INFO  server.RaftServerConfigKeys (ConfUtils.java:logGet(44)) - raft.server.snapshot.auto.trigger.enabled = true (custom)
2020-07-02 08:47:42,977 [pool-312-thread-1] INFO  server.RaftServerConfigKeys (ConfUtils.java:logGet(44)) - raft.server.snapshot.auto.trigger.threshold = 10000 (custom)
2020-07-02 08:47:42,978 [pool-312-thread-1] INFO  server.RaftServerConfigKeys (ConfUtils.java:logGet(44)) - raft.server.snapshot.retention.file.num = 5 (custom)
2020-07-02 08:47:42,978 [pool-312-thread-1] INFO  server.RaftServerConfigKeys (ConfUtils.java:logGet(44)) - raft.server.log.purge.upto.snapshot.index = false (default)
2020-07-02 08:47:42,978 [pool-312-thread-1] INFO  server.RaftServerConfigKeys (ConfUtils.java:logGet(44)) - raft.server.retrycache.expirytime = 600000ms (custom)
2020-07-02 08:47:42,978 [pool-312-thread-1] INFO  metrics.RatisMetrics (RatisMetrics.java:lambda$create$0(36)) - Creating Metrics Registry : ratis.leader_election.aab70d5c-3498-440f-806b-05f26fe37e72@group-32BF70E33156
2020-07-02 08:47:42,979 [pool-312-thread-1] INFO  metrics.RatisMetrics (RatisMetrics.java:lambda$create$0(36)) - Creating Metrics Registry : ratis.server.aab70d5c-3498-440f-806b-05f26fe37e72@group-32BF70E33156
2020-07-02 08:47:42,981 [pool-312-thread-1] INFO  impl.RaftServerImpl (RaftServerImpl.java:<init>(99)) - aab70d5c-3498-440f-806b-05f26fe37e72: new RaftServerImpl for group-F11ACA092C28:[aab70d5c-3498-440f-806b-05f26fe37e72:172.17.0.2:40789] with ContainerStateMachine:uninitialized
2020-07-02 08:47:42,981 [pool-312-thread-1] INFO  server.RaftServerConfigKeys (ConfUtils.java:logGet(44)) - raft.server.rpc.timeout.min = 1s (custom)
2020-07-02 08:47:42,981 [pool-312-thread-1] INFO  server.RaftServerConfigKeys (ConfUtils.java:logGet(44)) - raft.server.rpc.timeout.max = 1200ms (custom)
2020-07-02 08:47:42,981 [pool-312-thread-1] INFO  server.RaftServerConfigKeys (ConfUtils.java:logGet(44)) - raft.server.rpcslowness.timeout = 300000ms (custom)
2020-07-02 08:47:42,981 [pool-312-thread-1] INFO  server.RaftServerConfigKeys (ConfUtils.java:logGet(44)) - raft.server.sleep.deviation.threshold = 300 (default)
2020-07-02 08:47:42,981 [pool-312-thread-1] INFO  server.RaftServerConfigKeys (ConfUtils.java:logGet(44)) - raft.server.log.appender.install.snapshot.enabled = false (custom)
2020-07-02 08:47:42,982 [pool-312-thread-1] INFO  impl.RaftServerImpl (ServerState.java:<init>(103)) - aab70d5c-3498-440f-806b-05f26fe37e72@group-F11ACA092C28: ConfigurationManager, init=-1: [aab70d5c-3498-440f-806b-05f26fe37e72:172.17.0.2:40789], old=null, confs=<EMPTY_MAP>
2020-07-02 08:47:42,982 [pool-312-thread-1] INFO  server.RaftServerConfigKeys (ConfUtils.java:logGet(44)) - raft.server.storage.dir = [/github/workspace/mnt/ozone/hadoop-ozone/integration-test/target/test-dir/MiniOzoneClusterImpl-2ea21c0c-9bca-4642-a989-259fb4fcb281/datanode-7/data/ratis] (custom)
2020-07-02 08:47:42,982 [pool-312-thread-1] INFO  server.RaftServerConfigKeys (ConfUtils.java:logGet(44)) - raft.server.log.corruption.policy = EXCEPTION (default)
2020-07-02 08:47:42,982 [pool-312-thread-1] INFO  storage.RaftStorageDirectory (RaftStorageDirectory.java:analyzeStorage(261)) - The storage directory /github/workspace/mnt/ozone/hadoop-ozone/integration-test/target/test-dir/MiniOzoneClusterImpl-2ea21c0c-9bca-4642-a989-259fb4fcb281/datanode-7/data/ratis/9eb45eea-2963-4133-b4c4-f11aca092c28 does not exist. Creating ...
2020-07-02 08:47:42,983 [pool-312-thread-1] INFO  storage.RaftStorageDirectory (RaftStorageDirectory.java:tryLock(343)) - Lock on /github/workspace/mnt/ozone/hadoop-ozone/integration-test/target/test-dir/MiniOzoneClusterImpl-2ea21c0c-9bca-4642-a989-259fb4fcb281/datanode-7/data/ratis/9eb45eea-2963-4133-b4c4-f11aca092c28/in_use.lock acquired by nodename 37427@06760bff8a89
2020-07-02 08:47:42,984 [pool-312-thread-1] INFO  storage.RaftStorage (RaftStorage.java:format(84)) - Storage directory /github/workspace/mnt/ozone/hadoop-ozone/integration-test/target/test-dir/MiniOzoneClusterImpl-2ea21c0c-9bca-4642-a989-259fb4fcb281/datanode-7/data/ratis/9eb45eea-2963-4133-b4c4-f11aca092c28 has been successfully formatted.
2020-07-02 08:47:42,985 [EventQueue-PipelineReportForPipelineReportHandler] INFO  pipeline.PipelineStateManager (PipelineStateManager.java:openPipeline(131)) - Pipeline Pipeline[ Id: 9eb45eea-2963-4133-b4c4-f11aca092c28, Nodes: aab70d5c-3498-440f-806b-05f26fe37e72{ip: 172.17.0.2, host: 06760bff8a89, networkLocation: /rack1, certSerialId: null}, Type:RATIS, Factor:ONE, State:ALLOCATED, leaderId:aab70d5c-3498-440f-806b-05f26fe37e72, CreationTimestamp2020-07-02T08:47:39.975Z] moved to OPEN state
2020-07-02 08:47:42,985 [EventQueue-OpenPipelineForOneReplicaPipelineSafeModeRule] INFO  safemode.SCMSafeModeManager (SCMSafeModeManager.java:validateSafeModeExitRules(214)) - AtleastOneDatanodeReportedRule rule is successfully validated
2020-07-02 08:47:42,985 [EventQueue-OpenPipelineForHealthyPipelineSafeModeRule] INFO  safemode.SCMSafeModeManager (HealthyPipelineSafeModeRule.java:process(129)) - SCM in safe mode. Healthy pipelines reported count is 0, required healthy pipeline reported count is 1
2020-07-02 08:47:42,986 [pool-312-thread-1] INFO  ratis.ContainerStateMachine (ContainerStateMachine.java:loadSnapshot(225)) - group-F11ACA092C28: The snapshot info is null. Setting the last applied indexto:(t:0, i:~)
2020-07-02 08:47:42,986 [pool-312-thread-1] INFO  server.RaftServerConfigKeys (ConfUtils.java:logGet(44)) - raft.server.notification.no-leader.timeout = 60s (default)
2020-07-02 08:47:42,986 [pool-312-thread-1] INFO  server.RaftServerConfigKeys (ConfUtils.java:logGet(44)) - raft.server.log.use.memory = false (default)
2020-07-02 08:47:42,986 [pool-312-thread-1] INFO  server.RaftServerConfigKeys (ConfUtils.java:logGet(44)) - raft.server.log.purge.gap = 1000000 (custom)
2020-07-02 08:47:42,986 [pool-312-thread-1] INFO  server.RaftServerConfigKeys (ConfUtils.java:logGet(44)) - raft.server.log.appender.buffer.byte-limit = 33554432 (custom)
2020-07-02 08:47:42,986 [pool-312-thread-1] INFO  server.RaftServerConfigKeys (ConfUtils.java:logGet(44)) - raft.server.log.segment.size.max = 1048576 (custom)
2020-07-02 08:47:42,986 [pool-312-thread-1] INFO  metrics.RatisMetrics (RatisMetrics.java:lambda$create$0(36)) - Creating Metrics Registry : ratis.log_worker.aab70d5c-3498-440f-806b-05f26fe37e72@group-F11ACA092C28
2020-07-02 08:47:42,986 [pool-312-thread-1] INFO  server.RaftServerConfigKeys (ConfUtils.java:logGet(44)) - raft.server.log.segment.cache.num.max = 2 (custom)
2020-07-02 08:47:42,986 [pool-312-thread-1] INFO  segmented.SegmentedRaftLogWorker (SegmentedRaftLogWorker.java:<init>(180)) - new aab70d5c-3498-440f-806b-05f26fe37e72@group-F11ACA092C28-SegmentedRaftLogWorker for RaftStorage:Storage Directory /github/workspace/mnt/ozone/hadoop-ozone/integration-test/target/test-dir/MiniOzoneClusterImpl-2ea21c0c-9bca-4642-a989-259fb4fcb281/datanode-7/data/ratis/9eb45eea-2963-4133-b4c4-f11aca092c28
2020-07-02 08:47:42,986 [pool-312-thread-1] INFO  server.RaftServerConfigKeys (ConfUtils.java:logGet(44)) - raft.server.log.queue.byte-limit = 2147483647 (custom)
2020-07-02 08:47:42,987 [pool-312-thread-1] INFO  server.RaftServerConfigKeys (ConfUtils.java:logGet(44)) - raft.server.log.queue.element-limit = 1024 (custom)
2020-07-02 08:47:42,987 [pool-312-thread-1] INFO  server.RaftServerConfigKeys (ConfUtils.java:logGet(44)) - raft.server.log.segment.size.max = 1048576 (custom)
2020-07-02 08:47:42,987 [pool-312-thread-1] INFO  server.RaftServerConfigKeys (ConfUtils.java:logGet(44)) - raft.server.log.preallocated.size = 16384 (custom)
2020-07-02 08:47:42,987 [pool-312-thread-1] INFO  server.RaftServerConfigKeys (ConfUtils.java:logGet(44)) - raft.server.log.write.buffer.size = 1048576 (custom)
2020-07-02 08:47:42,987 [pool-312-thread-1] INFO  server.RaftServerConfigKeys (ConfUtils.java:logGet(44)) - raft.server.log.force.sync.num = 128 (default)
2020-07-02 08:47:42,987 [pool-312-thread-1] INFO  server.RaftServerConfigKeys (ConfUtils.java:logGet(44)) - raft.server.log.statemachine.data.sync = true (default)
2020-07-02 08:47:42,987 [pool-312-thread-1] INFO  server.RaftServerConfigKeys (ConfUtils.java:logGet(44)) - raft.server.log.statemachine.data.sync.timeout = 10s (default)
2020-07-02 08:47:42,987 [pool-312-thread-1] INFO  server.RaftServerConfigKeys (ConfUtils.java:logGet(44)) - raft.server.log.statemachine.data.sync.timeout.retry = -1 (default)
2020-07-02 08:47:42,989 [pool-312-thread-1] INFO  server.RaftServerConfigKeys (ConfUtils.java:logGet(44)) - raft.server.log.statemachine.data.caching.enabled = true (custom)
2020-07-02 08:47:42,990 [pool-312-thread-1] INFO  segmented.SegmentedRaftLogWorker (SegmentedRaftLogWorker.java:lambda$new$0(129)) - aab70d5c-3498-440f-806b-05f26fe37e72@group-F11ACA092C28-SegmentedRaftLogWorker: flushIndex: setUnconditionally 0 -> -1
2020-07-02 08:47:42,990 [pool-312-thread-1] INFO  segmented.SegmentedRaftLogWorker (SegmentedRaftLogWorker.java:lambda$new$0(129)) - aab70d5c-3498-440f-806b-05f26fe37e72@group-F11ACA092C28-SegmentedRaftLogWorker: safeCacheEvictIndex: setUnconditionally 0 -> -1
2020-07-02 08:47:42,992 [pool-312-thread-1] INFO  server.RaftServerConfigKeys (ConfUtils.java:logGet(44)) - raft.server.snapshot.auto.trigger.enabled = true (custom)
2020-07-02 08:47:42,992 [pool-312-thread-1] INFO  server.RaftServerConfigKeys (ConfUtils.java:logGet(44)) - raft.server.snapshot.auto.trigger.threshold = 10000 (custom)
2020-07-02 08:47:42,992 [pool-312-thread-1] INFO  server.RaftServerConfigKeys (ConfUtils.java:logGet(44)) - raft.server.snapshot.retention.file.num = 5 (custom)
2020-07-02 08:47:42,992 [pool-312-thread-1] INFO  server.RaftServerConfigKeys (ConfUtils.java:logGet(44)) - raft.server.log.purge.upto.snapshot.index = false (default)
2020-07-02 08:47:42,993 [pool-312-thread-1] INFO  server.RaftServerConfigKeys (ConfUtils.java:logGet(44)) - raft.server.retrycache.expirytime = 600000ms (custom)
2020-07-02 08:47:42,993 [pool-312-thread-1] INFO  metrics.RatisMetrics (RatisMetrics.java:lambda$create$0(36)) - Creating Metrics Registry : ratis.leader_election.aab70d5c-3498-440f-806b-05f26fe37e72@group-F11ACA092C28
2020-07-02 08:47:42,993 [pool-312-thread-1] INFO  metrics.RatisMetrics (RatisMetrics.java:lambda$create$0(36)) - Creating Metrics Registry : ratis.server.aab70d5c-3498-440f-806b-05f26fe37e72@group-F11ACA092C28
2020-07-02 08:47:42,994 [pool-312-thread-1] INFO  impl.RaftServerImpl (RaftServerImpl.java:start(186)) - aab70d5c-3498-440f-806b-05f26fe37e72@group-32BF70E33156: start as a follower, conf=-1: [7d30d443-236e-4da8-b613-0865c2b8e378:172.17.0.2:36199, b62aeb05-24ab-4842-8919-6c05a4e657f5:172.17.0.2:40851, aab70d5c-3498-440f-806b-05f26fe37e72:172.17.0.2:40789], old=null
2020-07-02 08:47:42,994 [pool-312-thread-1] INFO  impl.RaftServerImpl (RaftServerImpl.java:setRole(175)) - aab70d5c-3498-440f-806b-05f26fe37e72@group-32BF70E33156: changes role from      null to FOLLOWER at term 0 for startAsFollower
2020-07-02 08:47:42,995 [pool-312-thread-1] INFO  impl.RoleInfo (RoleInfo.java:updateAndGet(143)) - aab70d5c-3498-440f-806b-05f26fe37e72: start FollowerState
2020-07-02 08:47:42,995 [pool-312-thread-1] INFO  util.JmxRegister (JmxRegister.java:tryRegister(44)) - Successfully registered JMX Bean with object name Ratis:service=RaftServer,group=group-32BF70E33156,id=aab70d5c-3498-440f-806b-05f26fe37e72
2020-07-02 08:47:42,995 [pool-312-thread-1] INFO  metrics.RatisMetrics (RatisMetrics.java:lambda$create$0(36)) - Creating Metrics Registry : ratis.state_machine.aab70d5c-3498-440f-806b-05f26fe37e72@group-32BF70E33156
2020-07-02 08:47:42,996 [pool-312-thread-1] INFO  impl.RaftServerImpl (RaftServerImpl.java:start(186)) - aab70d5c-3498-440f-806b-05f26fe37e72@group-F11ACA092C28: start as a follower, conf=-1: [aab70d5c-3498-440f-806b-05f26fe37e72:172.17.0.2:40789], old=null
2020-07-02 08:47:42,996 [pool-312-thread-1] INFO  impl.RaftServerImpl (RaftServerImpl.java:setRole(175)) - aab70d5c-3498-440f-806b-05f26fe37e72@group-F11ACA092C28: changes role from      null to FOLLOWER at term 0 for startAsFollower
2020-07-02 08:47:42,996 [pool-312-thread-1] INFO  impl.RoleInfo (RoleInfo.java:updateAndGet(143)) - aab70d5c-3498-440f-806b-05f26fe37e72: start FollowerState
2020-07-02 08:47:43,001 [Command processor thread] INFO  commandhandler.CreatePipelineCommandHandler (CreatePipelineCommandHandler.java:handle(109)) - Created Pipeline RATIS THREE #id: "4a1b0e43-e9cb-4761-8073-32bf70e33156"
.
2020-07-02 08:47:43,001 [pool-312-thread-1] INFO  util.JmxRegister (JmxRegister.java:tryRegister(44)) - Successfully registered JMX Bean with object name Ratis:service=RaftServer,group=group-F11ACA092C28,id=aab70d5c-3498-440f-806b-05f26fe37e72
2020-07-02 08:47:43,002 [pool-312-thread-1] INFO  metrics.RatisMetrics (RatisMetrics.java:lambda$create$0(36)) - Creating Metrics Registry : ratis.state_machine.aab70d5c-3498-440f-806b-05f26fe37e72@group-F11ACA092C28
2020-07-02 08:47:43,003 [Command processor thread] INFO  commandhandler.CreatePipelineCommandHandler (CreatePipelineCommandHandler.java:handle(109)) - Created Pipeline RATIS ONE #id: "9eb45eea-2963-4133-b4c4-f11aca092c28"
.
2020-07-02 08:47:43,031 [Command processor thread] INFO  impl.RaftServerProxy (RaftServerProxy.java:addNew(89)) - 7d30d443-236e-4da8-b613-0865c2b8e378: addNew group-51AACBACFB83:[7d30d443-236e-4da8-b613-0865c2b8e378:172.17.0.2:36199] returns group-51AACBACFB83:java.util.concurrent.CompletableFuture@5eeba8bc[Not completed]
2020-07-02 08:47:43,032 [pool-327-thread-1] INFO  impl.RaftServerImpl (RaftServerImpl.java:<init>(99)) - 7d30d443-236e-4da8-b613-0865c2b8e378: new RaftServerImpl for group-51AACBACFB83:[7d30d443-236e-4da8-b613-0865c2b8e378:172.17.0.2:36199] with ContainerStateMachine:uninitialized
2020-07-02 08:47:43,032 [pool-327-thread-1] INFO  server.RaftServerConfigKeys (ConfUtils.java:logGet(44)) - raft.server.rpc.timeout.min = 1s (custom)
2020-07-02 08:47:43,032 [pool-327-thread-1] INFO  server.RaftServerConfigKeys (ConfUtils.java:logGet(44)) - raft.server.rpc.timeout.max = 1200ms (custom)
2020-07-02 08:47:43,032 [pool-327-thread-1] INFO  server.RaftServerConfigKeys (ConfUtils.java:logGet(44)) - raft.server.rpcslowness.timeout = 300000ms (custom)
2020-07-02 08:47:43,032 [pool-327-thread-1] INFO  server.RaftServerConfigKeys (ConfUtils.java:logGet(44)) - raft.server.sleep.deviation.threshold = 300 (default)
2020-07-02 08:47:43,032 [pool-327-thread-1] INFO  server.RaftServerConfigKeys (ConfUtils.java:logGet(44)) - raft.server.log.appender.install.snapshot.enabled = false (custom)
2020-07-02 08:47:43,032 [pool-327-thread-1] INFO  impl.RaftServerImpl (ServerState.java:<init>(103)) - 7d30d443-236e-4da8-b613-0865c2b8e378@group-51AACBACFB83: ConfigurationManager, init=-1: [7d30d443-236e-4da8-b613-0865c2b8e378:172.17.0.2:36199], old=null, confs=<EMPTY_MAP>
2020-07-02 08:47:43,032 [pool-327-thread-1] INFO  server.RaftServerConfigKeys (ConfUtils.java:logGet(44)) - raft.server.storage.dir = [/github/workspace/mnt/ozone/hadoop-ozone/integration-test/target/test-dir/MiniOzoneClusterImpl-2ea21c0c-9bca-4642-a989-259fb4fcb281/datanode-8/data/ratis] (custom)
2020-07-02 08:47:43,032 [pool-327-thread-1] INFO  server.RaftServerConfigKeys (ConfUtils.java:logGet(44)) - raft.server.log.corruption.policy = EXCEPTION (default)
2020-07-02 08:47:43,032 [pool-327-thread-1] INFO  storage.RaftStorageDirectory (RaftStorageDirectory.java:analyzeStorage(261)) - The storage directory /github/workspace/mnt/ozone/hadoop-ozone/integration-test/target/test-dir/MiniOzoneClusterImpl-2ea21c0c-9bca-4642-a989-259fb4fcb281/datanode-8/data/ratis/b33c00d2-53ac-4783-8867-51aacbacfb83 does not exist. Creating ...
2020-07-02 08:47:43,036 [pool-327-thread-1] INFO  storage.RaftStorageDirectory (RaftStorageDirectory.java:tryLock(343)) - Lock on /github/workspace/mnt/ozone/hadoop-ozone/integration-test/target/test-dir/MiniOzoneClusterImpl-2ea21c0c-9bca-4642-a989-259fb4fcb281/datanode-8/data/ratis/b33c00d2-53ac-4783-8867-51aacbacfb83/in_use.lock acquired by nodename 37427@06760bff8a89
2020-07-02 08:47:43,037 [pool-327-thread-1] INFO  storage.RaftStorage (RaftStorage.java:format(84)) - Storage directory /github/workspace/mnt/ozone/hadoop-ozone/integration-test/target/test-dir/MiniOzoneClusterImpl-2ea21c0c-9bca-4642-a989-259fb4fcb281/datanode-8/data/ratis/b33c00d2-53ac-4783-8867-51aacbacfb83 has been successfully formatted.
2020-07-02 08:47:43,037 [pool-327-thread-1] INFO  ratis.ContainerStateMachine (ContainerStateMachine.java:loadSnapshot(225)) - group-51AACBACFB83: The snapshot info is null. Setting the last applied indexto:(t:0, i:~)
2020-07-02 08:47:43,037 [pool-327-thread-1] INFO  server.RaftServerConfigKeys (ConfUtils.java:logGet(44)) - raft.server.notification.no-leader.timeout = 60s (default)
2020-07-02 08:47:43,038 [pool-327-thread-1] INFO  server.RaftServerConfigKeys (ConfUtils.java:logGet(44)) - raft.server.log.use.memory = false (default)
2020-07-02 08:47:43,038 [pool-327-thread-1] INFO  server.RaftServerConfigKeys (ConfUtils.java:logGet(44)) - raft.server.log.purge.gap = 1000000 (custom)
2020-07-02 08:47:43,038 [pool-327-thread-1] INFO  server.RaftServerConfigKeys (ConfUtils.java:logGet(44)) - raft.server.log.appender.buffer.byte-limit = 33554432 (custom)
2020-07-02 08:47:43,038 [pool-327-thread-1] INFO  server.RaftServerConfigKeys (ConfUtils.java:logGet(44)) - raft.server.log.segment.size.max = 1048576 (custom)
2020-07-02 08:47:43,038 [pool-327-thread-1] INFO  metrics.RatisMetrics (RatisMetrics.java:lambda$create$0(36)) - Creating Metrics Registry : ratis.log_worker.7d30d443-236e-4da8-b613-0865c2b8e378@group-51AACBACFB83
2020-07-02 08:47:43,038 [pool-327-thread-1] INFO  server.RaftServerConfigKeys (ConfUtils.java:logGet(44)) - raft.server.log.segment.cache.num.max = 2 (custom)
2020-07-02 08:47:43,038 [pool-327-thread-1] INFO  segmented.SegmentedRaftLogWorker (SegmentedRaftLogWorker.java:<init>(180)) - new 7d30d443-236e-4da8-b613-0865c2b8e378@group-51AACBACFB83-SegmentedRaftLogWorker for RaftStorage:Storage Directory /github/workspace/mnt/ozone/hadoop-ozone/integration-test/target/test-dir/MiniOzoneClusterImpl-2ea21c0c-9bca-4642-a989-259fb4fcb281/datanode-8/data/ratis/b33c00d2-53ac-4783-8867-51aacbacfb83
2020-07-02 08:47:43,038 [pool-327-thread-1] INFO  server.RaftServerConfigKeys (ConfUtils.java:logGet(44)) - raft.server.log.queue.byte-limit = 2147483647 (custom)
2020-07-02 08:47:43,038 [pool-327-thread-1] INFO  server.RaftServerConfigKeys (ConfUtils.java:logGet(44)) - raft.server.log.queue.element-limit = 1024 (custom)
2020-07-02 08:47:43,038 [pool-327-thread-1] INFO  server.RaftServerConfigKeys (ConfUtils.java:logGet(44)) - raft.server.log.segment.size.max = 1048576 (custom)
2020-07-02 08:47:43,038 [pool-327-thread-1] INFO  server.RaftServerConfigKeys (ConfUtils.java:logGet(44)) - raft.server.log.preallocated.size = 16384 (custom)
2020-07-02 08:47:43,038 [pool-327-thread-1] INFO  server.RaftServerConfigKeys (ConfUtils.java:logGet(44)) - raft.server.log.write.buffer.size = 1048576 (custom)
2020-07-02 08:47:43,038 [pool-327-thread-1] INFO  server.RaftServerConfigKeys (ConfUtils.java:logGet(44)) - raft.server.log.force.sync.num = 128 (default)
2020-07-02 08:47:43,038 [pool-327-thread-1] INFO  server.RaftServerConfigKeys (ConfUtils.java:logGet(44)) - raft.server.log.statemachine.data.sync = true (default)
2020-07-02 08:47:43,039 [pool-327-thread-1] INFO  server.RaftServerConfigKeys (ConfUtils.java:logGet(44)) - raft.server.log.statemachine.data.sync.timeout = 10s (default)
2020-07-02 08:47:43,039 [pool-327-thread-1] INFO  server.RaftServerConfigKeys (ConfUtils.java:logGet(44)) - raft.server.log.statemachine.data.sync.timeout.retry = -1 (default)
2020-07-02 08:47:43,040 [pool-327-thread-1] INFO  server.RaftServerConfigKeys (ConfUtils.java:logGet(44)) - raft.server.log.statemachine.data.caching.enabled = true (custom)
2020-07-02 08:47:43,041 [EventQueue-PipelineReportForPipelineReportHandler] INFO  pipeline.PipelineStateManager (PipelineStateManager.java:openPipeline(131)) - Pipeline Pipeline[ Id: b33c00d2-53ac-4783-8867-51aacbacfb83, Nodes: 7d30d443-236e-4da8-b613-0865c2b8e378{ip: 172.17.0.2, host: 06760bff8a89, networkLocation: /rack1, certSerialId: null}, Type:RATIS, Factor:ONE, State:ALLOCATED, leaderId:7d30d443-236e-4da8-b613-0865c2b8e378, CreationTimestamp2020-07-02T08:47:40.033Z] moved to OPEN state
2020-07-02 08:47:43,042 [EventQueue-OpenPipelineForOneReplicaPipelineSafeModeRule] INFO  safemode.SCMSafeModeManager (SCMSafeModeManager.java:validateSafeModeExitRules(214)) - AtleastOneDatanodeReportedRule rule is successfully validated
2020-07-02 08:47:43,042 [EventQueue-OpenPipelineForHealthyPipelineSafeModeRule] INFO  safemode.SCMSafeModeManager (HealthyPipelineSafeModeRule.java:process(129)) - SCM in safe mode. Healthy pipelines reported count is 0, required healthy pipeline reported count is 1
2020-07-02 08:47:43,042 [pool-327-thread-1] INFO  segmented.SegmentedRaftLogWorker (SegmentedRaftLogWorker.java:lambda$new$0(129)) - 7d30d443-236e-4da8-b613-0865c2b8e378@group-51AACBACFB83-SegmentedRaftLogWorker: flushIndex: setUnconditionally 0 -> -1
2020-07-02 08:47:43,042 [pool-327-thread-1] INFO  segmented.SegmentedRaftLogWorker (SegmentedRaftLogWorker.java:lambda$new$0(129)) - 7d30d443-236e-4da8-b613-0865c2b8e378@group-51AACBACFB83-SegmentedRaftLogWorker: safeCacheEvictIndex: setUnconditionally 0 -> -1
2020-07-02 08:47:43,044 [pool-327-thread-1] INFO  server.RaftServerConfigKeys (ConfUtils.java:logGet(44)) - raft.server.snapshot.auto.trigger.enabled = true (custom)
2020-07-02 08:47:43,044 [pool-327-thread-1] INFO  server.RaftServerConfigKeys (ConfUtils.java:logGet(44)) - raft.server.snapshot.auto.trigger.threshold = 10000 (custom)
2020-07-02 08:47:43,045 [pool-327-thread-1] INFO  server.RaftServerConfigKeys (ConfUtils.java:logGet(44)) - raft.server.snapshot.retention.file.num = 5 (custom)
2020-07-02 08:47:43,045 [pool-327-thread-1] INFO  server.RaftServerConfigKeys (ConfUtils.java:logGet(44)) - raft.server.log.purge.upto.snapshot.index = false (default)
2020-07-02 08:47:43,045 [pool-327-thread-1] INFO  server.RaftServerConfigKeys (ConfUtils.java:logGet(44)) - raft.server.retrycache.expirytime = 600000ms (custom)
2020-07-02 08:47:43,045 [pool-327-thread-1] INFO  metrics.RatisMetrics (RatisMetrics.java:lambda$create$0(36)) - Creating Metrics Registry : ratis.leader_election.7d30d443-236e-4da8-b613-0865c2b8e378@group-51AACBACFB83
2020-07-02 08:47:43,045 [pool-327-thread-1] INFO  metrics.RatisMetrics (RatisMetrics.java:lambda$create$0(36)) - Creating Metrics Registry : ratis.server.7d30d443-236e-4da8-b613-0865c2b8e378@group-51AACBACFB83
2020-07-02 08:47:43,046 [pool-327-thread-1] INFO  impl.RaftServerImpl (RaftServerImpl.java:start(186)) - 7d30d443-236e-4da8-b613-0865c2b8e378@group-51AACBACFB83: start as a follower, conf=-1: [7d30d443-236e-4da8-b613-0865c2b8e378:172.17.0.2:36199], old=null
2020-07-02 08:47:43,046 [pool-327-thread-1] INFO  impl.RaftServerImpl (RaftServerImpl.java:setRole(175)) - 7d30d443-236e-4da8-b613-0865c2b8e378@group-51AACBACFB83: changes role from      null to FOLLOWER at term 0 for startAsFollower
2020-07-02 08:47:43,046 [pool-327-thread-1] INFO  impl.RoleInfo (RoleInfo.java:updateAndGet(143)) - 7d30d443-236e-4da8-b613-0865c2b8e378: start FollowerState
2020-07-02 08:47:43,047 [pool-327-thread-1] INFO  util.JmxRegister (JmxRegister.java:tryRegister(44)) - Successfully registered JMX Bean with object name Ratis:service=RaftServer,group=group-51AACBACFB83,id=7d30d443-236e-4da8-b613-0865c2b8e378
2020-07-02 08:47:43,047 [pool-327-thread-1] INFO  metrics.RatisMetrics (RatisMetrics.java:lambda$create$0(36)) - Creating Metrics Registry : ratis.state_machine.7d30d443-236e-4da8-b613-0865c2b8e378@group-51AACBACFB83
2020-07-02 08:47:43,047 [Command processor thread] INFO  commandhandler.CreatePipelineCommandHandler (CreatePipelineCommandHandler.java:handle(109)) - Created Pipeline RATIS ONE #id: "b33c00d2-53ac-4783-8867-51aacbacfb83"
.
2020-07-02 08:47:43,075 [Listener at 127.0.0.1/44281] INFO  ozone.MiniOzoneClusterImpl (MiniOzoneClusterImpl.java:lambda$waitForClusterToBeReady$0(177)) - Nodes are ready. Got 10 of 10 DN Heartbeats.
2020-07-02 08:47:43,075 [Listener at 127.0.0.1/44281] INFO  ozone.MiniOzoneClusterImpl (MiniOzoneClusterImpl.java:lambda$waitForClusterToBeReady$0(180)) - Waiting for cluster to exit safe mode
2020-07-02 08:47:43,076 [Command processor thread] INFO  impl.RaftServerProxy (RaftServerProxy.java:addNew(89)) - 01084dfa-b8b2-4a33-8af9-f7edd7c23cfb: addNew group-3E304ED24BC9:[01084dfa-b8b2-4a33-8af9-f7edd7c23cfb:172.17.0.2:33373] returns group-3E304ED24BC9:java.util.concurrent.CompletableFuture@6195845e[Not completed]
2020-07-02 08:47:43,077 [pool-342-thread-1] INFO  impl.RaftServerImpl (RaftServerImpl.java:<init>(99)) - 01084dfa-b8b2-4a33-8af9-f7edd7c23cfb: new RaftServerImpl for group-3E304ED24BC9:[01084dfa-b8b2-4a33-8af9-f7edd7c23cfb:172.17.0.2:33373] with ContainerStateMachine:uninitialized
2020-07-02 08:47:43,077 [pool-342-thread-1] INFO  server.RaftServerConfigKeys (ConfUtils.java:logGet(44)) - raft.server.rpc.timeout.min = 1s (custom)
2020-07-02 08:47:43,077 [pool-342-thread-1] INFO  server.RaftServerConfigKeys (ConfUtils.java:logGet(44)) - raft.server.rpc.timeout.max = 1200ms (custom)
2020-07-02 08:47:43,077 [pool-342-thread-1] INFO  server.RaftServerConfigKeys (ConfUtils.java:logGet(44)) - raft.server.rpcslowness.timeout = 300000ms (custom)
2020-07-02 08:47:43,077 [pool-342-thread-1] INFO  server.RaftServerConfigKeys (ConfUtils.java:logGet(44)) - raft.server.sleep.deviation.threshold = 300 (default)
2020-07-02 08:47:43,077 [pool-342-thread-1] INFO  server.RaftServerConfigKeys (ConfUtils.java:logGet(44)) - raft.server.log.appender.install.snapshot.enabled = false (custom)
2020-07-02 08:47:43,077 [pool-342-thread-1] INFO  impl.RaftServerImpl (ServerState.java:<init>(103)) - 01084dfa-b8b2-4a33-8af9-f7edd7c23cfb@group-3E304ED24BC9: ConfigurationManager, init=-1: [01084dfa-b8b2-4a33-8af9-f7edd7c23cfb:172.17.0.2:33373], old=null, confs=<EMPTY_MAP>
2020-07-02 08:47:43,077 [pool-342-thread-1] INFO  server.RaftServerConfigKeys (ConfUtils.java:logGet(44)) - raft.server.storage.dir = [/github/workspace/mnt/ozone/hadoop-ozone/integration-test/target/test-dir/MiniOzoneClusterImpl-2ea21c0c-9bca-4642-a989-259fb4fcb281/datanode-9/data/ratis] (custom)
2020-07-02 08:47:43,077 [pool-342-thread-1] INFO  server.RaftServerConfigKeys (ConfUtils.java:logGet(44)) - raft.server.log.corruption.policy = EXCEPTION (default)
2020-07-02 08:47:43,077 [pool-342-thread-1] INFO  storage.RaftStorageDirectory (RaftStorageDirectory.java:analyzeStorage(261)) - The storage directory /github/workspace/mnt/ozone/hadoop-ozone/integration-test/target/test-dir/MiniOzoneClusterImpl-2ea21c0c-9bca-4642-a989-259fb4fcb281/datanode-9/data/ratis/6e90daf8-b57c-493f-8ef9-3e304ed24bc9 does not exist. Creating ...
2020-07-02 08:47:43,078 [pool-342-thread-1] INFO  storage.RaftStorageDirectory (RaftStorageDirectory.java:tryLock(343)) - Lock on /github/workspace/mnt/ozone/hadoop-ozone/integration-test/target/test-dir/MiniOzoneClusterImpl-2ea21c0c-9bca-4642-a989-259fb4fcb281/datanode-9/data/ratis/6e90daf8-b57c-493f-8ef9-3e304ed24bc9/in_use.lock acquired by nodename 37427@06760bff8a89
2020-07-02 08:47:43,079 [pool-342-thread-1] INFO  storage.RaftStorage (RaftStorage.java:format(84)) - Storage directory /github/workspace/mnt/ozone/hadoop-ozone/integration-test/target/test-dir/MiniOzoneClusterImpl-2ea21c0c-9bca-4642-a989-259fb4fcb281/datanode-9/data/ratis/6e90daf8-b57c-493f-8ef9-3e304ed24bc9 has been successfully formatted.
2020-07-02 08:47:43,080 [pool-342-thread-1] INFO  ratis.ContainerStateMachine (ContainerStateMachine.java:loadSnapshot(225)) - group-3E304ED24BC9: The snapshot info is null. Setting the last applied indexto:(t:0, i:~)
2020-07-02 08:47:43,080 [pool-342-thread-1] INFO  server.RaftServerConfigKeys (ConfUtils.java:logGet(44)) - raft.server.notification.no-leader.timeout = 60s (default)
2020-07-02 08:47:43,080 [pool-342-thread-1] INFO  server.RaftServerConfigKeys (ConfUtils.java:logGet(44)) - raft.server.log.use.memory = false (default)
2020-07-02 08:47:43,080 [pool-342-thread-1] INFO  server.RaftServerConfigKeys (ConfUtils.java:logGet(44)) - raft.server.log.purge.gap = 1000000 (custom)
2020-07-02 08:47:43,080 [pool-342-thread-1] INFO  server.RaftServerConfigKeys (ConfUtils.java:logGet(44)) - raft.server.log.appender.buffer.byte-limit = 33554432 (custom)
2020-07-02 08:47:43,080 [pool-342-thread-1] INFO  server.RaftServerConfigKeys (ConfUtils.java:logGet(44)) - raft.server.log.segment.size.max = 1048576 (custom)
2020-07-02 08:47:43,080 [pool-342-thread-1] INFO  metrics.RatisMetrics (RatisMetrics.java:lambda$create$0(36)) - Creating Metrics Registry : ratis.log_worker.01084dfa-b8b2-4a33-8af9-f7edd7c23cfb@group-3E304ED24BC9
2020-07-02 08:47:43,081 [EventQueue-PipelineReportForPipelineReportHandler] INFO  pipeline.PipelineStateManager (PipelineStateManager.java:openPipeline(131)) - Pipeline Pipeline[ Id: 6e90daf8-b57c-493f-8ef9-3e304ed24bc9, Nodes: 01084dfa-b8b2-4a33-8af9-f7edd7c23cfb{ip: 172.17.0.2, host: 06760bff8a89, networkLocation: /rack1, certSerialId: null}, Type:RATIS, Factor:ONE, State:ALLOCATED, leaderId:01084dfa-b8b2-4a33-8af9-f7edd7c23cfb, CreationTimestamp2020-07-02T08:47:40.076Z] moved to OPEN state
2020-07-02 08:47:43,081 [pool-342-thread-1] INFO  server.RaftServerConfigKeys (ConfUtils.java:logGet(44)) - raft.server.log.segment.cache.num.max = 2 (custom)
2020-07-02 08:47:43,081 [EventQueue-OpenPipelineForHealthyPipelineSafeModeRule] INFO  safemode.SCMSafeModeManager (HealthyPipelineSafeModeRule.java:process(129)) - SCM in safe mode. Healthy pipelines reported count is 0, required healthy pipeline reported count is 1
2020-07-02 08:47:43,081 [EventQueue-OpenPipelineForOneReplicaPipelineSafeModeRule] INFO  safemode.SCMSafeModeManager (SCMSafeModeManager.java:validateSafeModeExitRules(214)) - AtleastOneDatanodeReportedRule rule is successfully validated
2020-07-02 08:47:43,081 [pool-342-thread-1] INFO  segmented.SegmentedRaftLogWorker (SegmentedRaftLogWorker.java:<init>(180)) - new 01084dfa-b8b2-4a33-8af9-f7edd7c23cfb@group-3E304ED24BC9-SegmentedRaftLogWorker for RaftStorage:Storage Directory /github/workspace/mnt/ozone/hadoop-ozone/integration-test/target/test-dir/MiniOzoneClusterImpl-2ea21c0c-9bca-4642-a989-259fb4fcb281/datanode-9/data/ratis/6e90daf8-b57c-493f-8ef9-3e304ed24bc9
2020-07-02 08:47:43,081 [pool-342-thread-1] INFO  server.RaftServerConfigKeys (ConfUtils.java:logGet(44)) - raft.server.log.queue.byte-limit = 2147483647 (custom)
2020-07-02 08:47:43,081 [pool-342-thread-1] INFO  server.RaftServerConfigKeys (ConfUtils.java:logGet(44)) - raft.server.log.queue.element-limit = 1024 (custom)
2020-07-02 08:47:43,081 [pool-342-thread-1] INFO  server.RaftServerConfigKeys (ConfUtils.java:logGet(44)) - raft.server.log.segment.size.max = 1048576 (custom)
2020-07-02 08:47:43,081 [pool-342-thread-1] INFO  server.RaftServerConfigKeys (ConfUtils.java:logGet(44)) - raft.server.log.preallocated.size = 16384 (custom)
2020-07-02 08:47:43,081 [pool-342-thread-1] INFO  server.RaftServerConfigKeys (ConfUtils.java:logGet(44)) - raft.server.log.write.buffer.size = 1048576 (custom)
2020-07-02 08:47:43,081 [pool-342-thread-1] INFO  server.RaftServerConfigKeys (ConfUtils.java:logGet(44)) - raft.server.log.force.sync.num = 128 (default)
2020-07-02 08:47:43,081 [pool-342-thread-1] INFO  server.RaftServerConfigKeys (ConfUtils.java:logGet(44)) - raft.server.log.statemachine.data.sync = true (default)
2020-07-02 08:47:43,081 [pool-342-thread-1] INFO  server.RaftServerConfigKeys (ConfUtils.java:logGet(44)) - raft.server.log.statemachine.data.sync.timeout = 10s (default)
2020-07-02 08:47:43,082 [pool-342-thread-1] INFO  server.RaftServerConfigKeys (ConfUtils.java:logGet(44)) - raft.server.log.statemachine.data.sync.timeout.retry = -1 (default)
2020-07-02 08:47:43,083 [pool-342-thread-1] INFO  server.RaftServerConfigKeys (ConfUtils.java:logGet(44)) - raft.server.log.statemachine.data.caching.enabled = true (custom)
2020-07-02 08:47:43,083 [pool-342-thread-1] INFO  segmented.SegmentedRaftLogWorker (SegmentedRaftLogWorker.java:lambda$new$0(129)) - 01084dfa-b8b2-4a33-8af9-f7edd7c23cfb@group-3E304ED24BC9-SegmentedRaftLogWorker: flushIndex: setUnconditionally 0 -> -1
2020-07-02 08:47:43,083 [pool-342-thread-1] INFO  segmented.SegmentedRaftLogWorker (SegmentedRaftLogWorker.java:lambda$new$0(129)) - 01084dfa-b8b2-4a33-8af9-f7edd7c23cfb@group-3E304ED24BC9-SegmentedRaftLogWorker: safeCacheEvictIndex: setUnconditionally 0 -> -1
2020-07-02 08:47:43,084 [pool-342-thread-1] INFO  server.RaftServerConfigKeys (ConfUtils.java:logGet(44)) - raft.server.snapshot.auto.trigger.enabled = true (custom)
2020-07-02 08:47:43,084 [pool-342-thread-1] INFO  server.RaftServerConfigKeys (ConfUtils.java:logGet(44)) - raft.server.snapshot.auto.trigger.threshold = 10000 (custom)
2020-07-02 08:47:43,084 [pool-342-thread-1] INFO  server.RaftServerConfigKeys (ConfUtils.java:logGet(44)) - raft.server.snapshot.retention.file.num = 5 (custom)
2020-07-02 08:47:43,084 [pool-342-thread-1] INFO  server.RaftServerConfigKeys (ConfUtils.java:logGet(44)) - raft.server.log.purge.upto.snapshot.index = false (default)
2020-07-02 08:47:43,084 [pool-342-thread-1] INFO  server.RaftServerConfigKeys (ConfUtils.java:logGet(44)) - raft.server.retrycache.expirytime = 600000ms (custom)
2020-07-02 08:47:43,084 [pool-342-thread-1] INFO  metrics.RatisMetrics (RatisMetrics.java:lambda$create$0(36)) - Creating Metrics Registry : ratis.leader_election.01084dfa-b8b2-4a33-8af9-f7edd7c23cfb@group-3E304ED24BC9
2020-07-02 08:47:43,084 [pool-342-thread-1] INFO  metrics.RatisMetrics (RatisMetrics.java:lambda$create$0(36)) - Creating Metrics Registry : ratis.server.01084dfa-b8b2-4a33-8af9-f7edd7c23cfb@group-3E304ED24BC9
2020-07-02 08:47:43,086 [pool-342-thread-1] INFO  impl.RaftServerImpl (RaftServerImpl.java:start(186)) - 01084dfa-b8b2-4a33-8af9-f7edd7c23cfb@group-3E304ED24BC9: start as a follower, conf=-1: [01084dfa-b8b2-4a33-8af9-f7edd7c23cfb:172.17.0.2:33373], old=null
2020-07-02 08:47:43,086 [pool-342-thread-1] INFO  impl.RaftServerImpl (RaftServerImpl.java:setRole(175)) - 01084dfa-b8b2-4a33-8af9-f7edd7c23cfb@group-3E304ED24BC9: changes role from      null to FOLLOWER at term 0 for startAsFollower
2020-07-02 08:47:43,086 [pool-342-thread-1] INFO  impl.RoleInfo (RoleInfo.java:updateAndGet(143)) - 01084dfa-b8b2-4a33-8af9-f7edd7c23cfb: start FollowerState
2020-07-02 08:47:43,086 [pool-342-thread-1] INFO  util.JmxRegister (JmxRegister.java:tryRegister(44)) - Successfully registered JMX Bean with object name Ratis:service=RaftServer,group=group-3E304ED24BC9,id=01084dfa-b8b2-4a33-8af9-f7edd7c23cfb
2020-07-02 08:47:43,086 [pool-342-thread-1] INFO  metrics.RatisMetrics (RatisMetrics.java:lambda$create$0(36)) - Creating Metrics Registry : ratis.state_machine.01084dfa-b8b2-4a33-8af9-f7edd7c23cfb@group-3E304ED24BC9
2020-07-02 08:47:43,087 [Command processor thread] INFO  commandhandler.CreatePipelineCommandHandler (CreatePipelineCommandHandler.java:handle(109)) - Created Pipeline RATIS ONE #id: "6e90daf8-b57c-493f-8ef9-3e304ed24bc9"
.
2020-07-02 08:47:43,540 [Thread-1228] INFO  impl.FollowerState (FollowerState.java:run(108)) - 26f1b97f-198a-4bc6-840d-b3fa7ce7fcfa@group-DDA07415E3C3-FollowerState: change to CANDIDATE, lastRpcTime:1019ms, electionTimeout:1009ms
2020-07-02 08:47:43,540 [Thread-1228] INFO  impl.RoleInfo (RoleInfo.java:shutdownFollowerState(121)) - 26f1b97f-198a-4bc6-840d-b3fa7ce7fcfa: shutdown FollowerState
2020-07-02 08:47:43,540 [Thread-1228] INFO  impl.RaftServerImpl (RaftServerImpl.java:setRole(175)) - 26f1b97f-198a-4bc6-840d-b3fa7ce7fcfa@group-DDA07415E3C3: changes role from  FOLLOWER to CANDIDATE at term 0 for changeToCandidate
2020-07-02 08:47:43,540 [Thread-1228] INFO  impl.RoleInfo (RoleInfo.java:updateAndGet(143)) - 26f1b97f-198a-4bc6-840d-b3fa7ce7fcfa: start LeaderElection
2020-07-02 08:47:43,547 [26f1b97f-198a-4bc6-840d-b3fa7ce7fcfa@group-DDA07415E3C3-LeaderElection21] INFO  impl.LeaderElection (LeaderElection.java:askForVotes(206)) - 26f1b97f-198a-4bc6-840d-b3fa7ce7fcfa@group-DDA07415E3C3-LeaderElection21: begin an election at term 1 for -1: [26f1b97f-198a-4bc6-840d-b3fa7ce7fcfa:172.17.0.2:45833], old=null
2020-07-02 08:47:43,547 [26f1b97f-198a-4bc6-840d-b3fa7ce7fcfa@group-DDA07415E3C3-LeaderElection21] INFO  impl.RoleInfo (RoleInfo.java:shutdownLeaderElection(134)) - 26f1b97f-198a-4bc6-840d-b3fa7ce7fcfa: shutdown LeaderElection
2020-07-02 08:47:43,547 [26f1b97f-198a-4bc6-840d-b3fa7ce7fcfa@group-DDA07415E3C3-LeaderElection21] INFO  impl.RaftServerImpl (RaftServerImpl.java:setRole(175)) - 26f1b97f-198a-4bc6-840d-b3fa7ce7fcfa@group-DDA07415E3C3: changes role from CANDIDATE to LEADER at term 1 for changeToLeader
2020-07-02 08:47:43,547 [26f1b97f-198a-4bc6-840d-b3fa7ce7fcfa@group-DDA07415E3C3-LeaderElection21] INFO  ratis.XceiverServerRatis (XceiverServerRatis.java:handleLeaderChangedNotification(762)) - Leader change notification received for group: group-DDA07415E3C3 with new leaderId: 26f1b97f-198a-4bc6-840d-b3fa7ce7fcfa
2020-07-02 08:47:43,547 [26f1b97f-198a-4bc6-840d-b3fa7ce7fcfa@group-DDA07415E3C3-LeaderElection21] INFO  impl.RaftServerImpl (ServerState.java:setLeader(255)) - 26f1b97f-198a-4bc6-840d-b3fa7ce7fcfa@group-DDA07415E3C3: change Leader from null to 26f1b97f-198a-4bc6-840d-b3fa7ce7fcfa at term 1 for becomeLeader, leader elected after 1048ms
2020-07-02 08:47:43,547 [26f1b97f-198a-4bc6-840d-b3fa7ce7fcfa@group-DDA07415E3C3-LeaderElection21] INFO  server.RaftServerConfigKeys (ConfUtils.java:logGet(44)) - raft.server.staging.catchup.gap = 1000 (default)
2020-07-02 08:47:43,547 [26f1b97f-198a-4bc6-840d-b3fa7ce7fcfa@group-DDA07415E3C3-LeaderElection21] INFO  server.RaftServerConfigKeys (ConfUtils.java:logGet(44)) - raft.server.rpc.sleep.time = 25ms (default)
2020-07-02 08:47:43,547 [26f1b97f-198a-4bc6-840d-b3fa7ce7fcfa@group-DDA07415E3C3-LeaderElection21] INFO  metrics.RatisMetrics (RatisMetrics.java:lambda$create$0(36)) - Creating Metrics Registry : ratis.log_appender.26f1b97f-198a-4bc6-840d-b3fa7ce7fcfa@group-DDA07415E3C3
2020-07-02 08:47:43,548 [26f1b97f-198a-4bc6-840d-b3fa7ce7fcfa@group-DDA07415E3C3-LeaderElection21] INFO  server.RaftServerConfigKeys (ConfUtils.java:logGet(44)) - raft.server.write.element-limit = 1024 (custom)
2020-07-02 08:47:43,548 [26f1b97f-198a-4bc6-840d-b3fa7ce7fcfa@group-DDA07415E3C3-LeaderElection21] INFO  server.RaftServerConfigKeys (ConfUtils.java:logGet(44)) - raft.server.write.byte-limit = 1073741824 (custom)
2020-07-02 08:47:43,548 [26f1b97f-198a-4bc6-840d-b3fa7ce7fcfa@group-DDA07415E3C3-LeaderElection21] INFO  server.RaftServerConfigKeys (ConfUtils.java:logGet(44)) - raft.server.watch.timeout = 3000ms (custom)
2020-07-02 08:47:43,548 [26f1b97f-198a-4bc6-840d-b3fa7ce7fcfa@group-DDA07415E3C3-LeaderElection21] INFO  server.RaftServerConfigKeys (ConfUtils.java:logGet(44)) - raft.server.watch.timeout.denomination = 1s (default)
2020-07-02 08:47:43,548 [26f1b97f-198a-4bc6-840d-b3fa7ce7fcfa@group-DDA07415E3C3-LeaderElection21] INFO  server.RaftServerConfigKeys (ConfUtils.java:logGet(44)) - raft.server.watch.element-limit = 65536 (default)
2020-07-02 08:47:43,548 [26f1b97f-198a-4bc6-840d-b3fa7ce7fcfa@group-DDA07415E3C3-LeaderElection21] INFO  impl.RoleInfo (RoleInfo.java:updateAndGet(143)) - 26f1b97f-198a-4bc6-840d-b3fa7ce7fcfa: start LeaderState
2020-07-02 08:47:43,549 [26f1b97f-198a-4bc6-840d-b3fa7ce7fcfa@group-DDA07415E3C3-LeaderElection21] INFO  segmented.SegmentedRaftLogWorker (SegmentedRaftLogWorker.java:startLogSegment(397)) - 26f1b97f-198a-4bc6-840d-b3fa7ce7fcfa@group-DDA07415E3C3-SegmentedRaftLogWorker: Starting segment from index:0
2020-07-02 08:47:43,549 [26f1b97f-198a-4bc6-840d-b3fa7ce7fcfa@group-DDA07415E3C3-LeaderElection21] INFO  impl.RaftServerImpl (ServerState.java:setRaftConf(356)) - 26f1b97f-198a-4bc6-840d-b3fa7ce7fcfa@group-DDA07415E3C3: set configuration 0: [26f1b97f-198a-4bc6-840d-b3fa7ce7fcfa:172.17.0.2:45833], old=null at 0
2020-07-02 08:47:43,550 [26f1b97f-198a-4bc6-840d-b3fa7ce7fcfa@group-DDA07415E3C3-SegmentedRaftLogWorker] INFO  segmented.SegmentedRaftLogWorker (SegmentedRaftLogWorker.java:execute(596)) - 26f1b97f-198a-4bc6-840d-b3fa7ce7fcfa@group-DDA07415E3C3-SegmentedRaftLogWorker: created new log segment /github/workspace/mnt/ozone/hadoop-ozone/integration-test/target/test-dir/MiniOzoneClusterImpl-2ea21c0c-9bca-4642-a989-259fb4fcb281/datanode-0/data/ratis/760ae7a8-12fb-4fce-8f2d-dda07415e3c3/current/log_inprogress_0
2020-07-02 08:47:43,672 [Thread-1232] INFO  impl.FollowerState (FollowerState.java:run(108)) - f7ed0b0c-c89c-471c-8c37-09edce727015@group-4C1530FD2B30-FollowerState: change to CANDIDATE, lastRpcTime:1082ms, electionTimeout:1079ms
2020-07-02 08:47:43,673 [Thread-1232] INFO  impl.RoleInfo (RoleInfo.java:shutdownFollowerState(121)) - f7ed0b0c-c89c-471c-8c37-09edce727015: shutdown FollowerState
2020-07-02 08:47:43,673 [Thread-1232] INFO  impl.RaftServerImpl (RaftServerImpl.java:setRole(175)) - f7ed0b0c-c89c-471c-8c37-09edce727015@group-4C1530FD2B30: changes role from  FOLLOWER to CANDIDATE at term 0 for changeToCandidate
2020-07-02 08:47:43,673 [Thread-1232] INFO  impl.RoleInfo (RoleInfo.java:updateAndGet(143)) - f7ed0b0c-c89c-471c-8c37-09edce727015: start LeaderElection
2020-07-02 08:47:43,675 [f7ed0b0c-c89c-471c-8c37-09edce727015@group-4C1530FD2B30-LeaderElection22] INFO  impl.LeaderElection (LeaderElection.java:askForVotes(206)) - f7ed0b0c-c89c-471c-8c37-09edce727015@group-4C1530FD2B30-LeaderElection22: begin an election at term 1 for -1: [f7ed0b0c-c89c-471c-8c37-09edce727015:172.17.0.2:46061], old=null
2020-07-02 08:47:43,675 [f7ed0b0c-c89c-471c-8c37-09edce727015@group-4C1530FD2B30-LeaderElection22] INFO  impl.RoleInfo (RoleInfo.java:shutdownLeaderElection(134)) - f7ed0b0c-c89c-471c-8c37-09edce727015: shutdown LeaderElection
2020-07-02 08:47:43,675 [f7ed0b0c-c89c-471c-8c37-09edce727015@group-4C1530FD2B30-LeaderElection22] INFO  impl.RaftServerImpl (RaftServerImpl.java:setRole(175)) - f7ed0b0c-c89c-471c-8c37-09edce727015@group-4C1530FD2B30: changes role from CANDIDATE to LEADER at term 1 for changeToLeader
2020-07-02 08:47:43,675 [f7ed0b0c-c89c-471c-8c37-09edce727015@group-4C1530FD2B30-LeaderElection22] INFO  ratis.XceiverServerRatis (XceiverServerRatis.java:handleLeaderChangedNotification(762)) - Leader change notification received for group: group-4C1530FD2B30 with new leaderId: f7ed0b0c-c89c-471c-8c37-09edce727015
2020-07-02 08:47:43,676 [f7ed0b0c-c89c-471c-8c37-09edce727015@group-4C1530FD2B30-LeaderElection22] INFO  impl.RaftServerImpl (ServerState.java:setLeader(255)) - f7ed0b0c-c89c-471c-8c37-09edce727015@group-4C1530FD2B30: change Leader from null to f7ed0b0c-c89c-471c-8c37-09edce727015 at term 1 for becomeLeader, leader elected after 1104ms
2020-07-02 08:47:43,676 [f7ed0b0c-c89c-471c-8c37-09edce727015@group-4C1530FD2B30-LeaderElection22] INFO  server.RaftServerConfigKeys (ConfUtils.java:logGet(44)) - raft.server.staging.catchup.gap = 1000 (default)
2020-07-02 08:47:43,676 [f7ed0b0c-c89c-471c-8c37-09edce727015@group-4C1530FD2B30-LeaderElection22] INFO  server.RaftServerConfigKeys (ConfUtils.java:logGet(44)) - raft.server.rpc.sleep.time = 25ms (default)
2020-07-02 08:47:43,676 [f7ed0b0c-c89c-471c-8c37-09edce727015@group-4C1530FD2B30-LeaderElection22] INFO  metrics.RatisMetrics (RatisMetrics.java:lambda$create$0(36)) - Creating Metrics Registry : ratis.log_appender.f7ed0b0c-c89c-471c-8c37-09edce727015@group-4C1530FD2B30
2020-07-02 08:47:43,676 [f7ed0b0c-c89c-471c-8c37-09edce727015@group-4C1530FD2B30-LeaderElection22] INFO  server.RaftServerConfigKeys (ConfUtils.java:logGet(44)) - raft.server.write.element-limit = 1024 (custom)
2020-07-02 08:47:43,676 [f7ed0b0c-c89c-471c-8c37-09edce727015@group-4C1530FD2B30-LeaderElection22] INFO  server.RaftServerConfigKeys (ConfUtils.java:logGet(44)) - raft.server.write.byte-limit = 1073741824 (custom)
2020-07-02 08:47:43,677 [f7ed0b0c-c89c-471c-8c37-09edce727015@group-4C1530FD2B30-LeaderElection22] INFO  server.RaftServerConfigKeys (ConfUtils.java:logGet(44)) - raft.server.watch.timeout = 3000ms (custom)
2020-07-02 08:47:43,677 [f7ed0b0c-c89c-471c-8c37-09edce727015@group-4C1530FD2B30-LeaderElection22] INFO  server.RaftServerConfigKeys (ConfUtils.java:logGet(44)) - raft.server.watch.timeout.denomination = 1s (default)
2020-07-02 08:47:43,677 [f7ed0b0c-c89c-471c-8c37-09edce727015@group-4C1530FD2B30-LeaderElection22] INFO  server.RaftServerConfigKeys (ConfUtils.java:logGet(44)) - raft.server.watch.element-limit = 65536 (default)
2020-07-02 08:47:43,677 [f7ed0b0c-c89c-471c-8c37-09edce727015@group-4C1530FD2B30-LeaderElection22] INFO  impl.RoleInfo (RoleInfo.java:updateAndGet(143)) - f7ed0b0c-c89c-471c-8c37-09edce727015: start LeaderState
2020-07-02 08:47:43,677 [f7ed0b0c-c89c-471c-8c37-09edce727015@group-4C1530FD2B30-LeaderElection22] INFO  segmented.SegmentedRaftLogWorker (SegmentedRaftLogWorker.java:startLogSegment(397)) - f7ed0b0c-c89c-471c-8c37-09edce727015@group-4C1530FD2B30-SegmentedRaftLogWorker: Starting segment from index:0
2020-07-02 08:47:43,678 [f7ed0b0c-c89c-471c-8c37-09edce727015@group-4C1530FD2B30-LeaderElection22] INFO  impl.RaftServerImpl (ServerState.java:setRaftConf(356)) - f7ed0b0c-c89c-471c-8c37-09edce727015@group-4C1530FD2B30: set configuration 0: [f7ed0b0c-c89c-471c-8c37-09edce727015:172.17.0.2:46061], old=null at 0
2020-07-02 08:47:43,679 [f7ed0b0c-c89c-471c-8c37-09edce727015@group-4C1530FD2B30-SegmentedRaftLogWorker] INFO  segmented.SegmentedRaftLogWorker (SegmentedRaftLogWorker.java:execute(596)) - f7ed0b0c-c89c-471c-8c37-09edce727015@group-4C1530FD2B30-SegmentedRaftLogWorker: created new log segment /github/workspace/mnt/ozone/hadoop-ozone/integration-test/target/test-dir/MiniOzoneClusterImpl-2ea21c0c-9bca-4642-a989-259fb4fcb281/datanode-1/data/ratis/be1ee5aa-0dfb-4c4c-b953-4c1530fd2b30/current/log_inprogress_0
2020-07-02 08:47:43,700 [Thread-1238] INFO  impl.FollowerState (FollowerState.java:run(108)) - f7ed0b0c-c89c-471c-8c37-09edce727015@group-D93938EF698D-FollowerState: change to CANDIDATE, lastRpcTime:1071ms, electionTimeout:1070ms
2020-07-02 08:47:43,700 [Thread-1238] INFO  impl.RoleInfo (RoleInfo.java:shutdownFollowerState(121)) - f7ed0b0c-c89c-471c-8c37-09edce727015: shutdown FollowerState
2020-07-02 08:47:43,700 [Thread-1238] INFO  impl.RaftServerImpl (RaftServerImpl.java:setRole(175)) - f7ed0b0c-c89c-471c-8c37-09edce727015@group-D93938EF698D: changes role from  FOLLOWER to CANDIDATE at term 0 for changeToCandidate
2020-07-02 08:47:43,700 [Thread-1238] INFO  impl.RoleInfo (RoleInfo.java:updateAndGet(143)) - f7ed0b0c-c89c-471c-8c37-09edce727015: start LeaderElection
2020-07-02 08:47:43,709 [f7ed0b0c-c89c-471c-8c37-09edce727015@group-D93938EF698D-LeaderElection23] INFO  impl.LeaderElection (LeaderElection.java:askForVotes(206)) - f7ed0b0c-c89c-471c-8c37-09edce727015@group-D93938EF698D-LeaderElection23: begin an election at term 1 for -1: [26f1b97f-198a-4bc6-840d-b3fa7ce7fcfa:172.17.0.2:45833, c4f8bc01-7deb-4cd9-a6c1-654553e0e0ff:172.17.0.2:33519, f7ed0b0c-c89c-471c-8c37-09edce727015:172.17.0.2:46061], old=null
2020-07-02 08:47:43,716 [Thread-1230] INFO  impl.FollowerState (FollowerState.java:run(108)) - 26f1b97f-198a-4bc6-840d-b3fa7ce7fcfa@group-D93938EF698D-FollowerState: change to CANDIDATE, lastRpcTime:1170ms, electionTimeout:1169ms
2020-07-02 08:47:43,716 [Thread-1230] INFO  impl.RoleInfo (RoleInfo.java:shutdownFollowerState(121)) - 26f1b97f-198a-4bc6-840d-b3fa7ce7fcfa: shutdown FollowerState
2020-07-02 08:47:43,716 [Thread-1230] INFO  impl.RaftServerImpl (RaftServerImpl.java:setRole(175)) - 26f1b97f-198a-4bc6-840d-b3fa7ce7fcfa@group-D93938EF698D: changes role from  FOLLOWER to CANDIDATE at term 0 for changeToCandidate
2020-07-02 08:47:43,716 [Thread-1230] INFO  impl.RoleInfo (RoleInfo.java:updateAndGet(143)) - 26f1b97f-198a-4bc6-840d-b3fa7ce7fcfa: start LeaderElection
2020-07-02 08:47:43,721 [grpc-default-executor-4] DEBUG impl.RaftServerImpl (RaftServerImpl.java:requestVote(821)) - 26f1b97f-198a-4bc6-840d-b3fa7ce7fcfa@group-D93938EF698D: receive requestVote(f7ed0b0c-c89c-471c-8c37-09edce727015, group-D93938EF698D, 1, (t:0, i:0))
2020-07-02 08:47:43,721 [grpc-default-executor-4] INFO  impl.RaftServerImpl (RaftServerImpl.java:setRole(175)) - 26f1b97f-198a-4bc6-840d-b3fa7ce7fcfa@group-D93938EF698D: changes role from CANDIDATE to FOLLOWER at term 1 for recognizeCandidate:f7ed0b0c-c89c-471c-8c37-09edce727015
2020-07-02 08:47:43,722 [grpc-default-executor-4] INFO  impl.RoleInfo (RoleInfo.java:shutdownLeaderElection(134)) - 26f1b97f-198a-4bc6-840d-b3fa7ce7fcfa: shutdown LeaderElection
2020-07-02 08:47:43,722 [grpc-default-executor-4] INFO  impl.RoleInfo (RoleInfo.java:updateAndGet(143)) - 26f1b97f-198a-4bc6-840d-b3fa7ce7fcfa: start FollowerState
2020-07-02 08:47:43,727 [grpc-default-executor-3] DEBUG impl.RaftServerImpl (RaftServerImpl.java:requestVote(821)) - c4f8bc01-7deb-4cd9-a6c1-654553e0e0ff@group-D93938EF698D: receive requestVote(f7ed0b0c-c89c-471c-8c37-09edce727015, group-D93938EF698D, 1, (t:0, i:0))
2020-07-02 08:47:43,728 [grpc-default-executor-3] INFO  impl.RaftServerImpl (RaftServerImpl.java:setRole(175)) - c4f8bc01-7deb-4cd9-a6c1-654553e0e0ff@group-D93938EF698D: changes role from  FOLLOWER to FOLLOWER at term 1 for recognizeCandidate:f7ed0b0c-c89c-471c-8c37-09edce727015
2020-07-02 08:47:43,728 [grpc-default-executor-4] DEBUG impl.RaftServerImpl (RaftServerImpl.java:requestVote(853)) - 26f1b97f-198a-4bc6-840d-b3fa7ce7fcfa@group-D93938EF698D replies to vote request: f7ed0b0c-c89c-471c-8c37-09edce727015<-26f1b97f-198a-4bc6-840d-b3fa7ce7fcfa#0:FAIL-t1. Peer's state: 26f1b97f-198a-4bc6-840d-b3fa7ce7fcfa@group-D93938EF698D:t1, leader=null, voted=null, raftlog=26f1b97f-198a-4bc6-840d-b3fa7ce7fcfa@group-D93938EF698D-SegmentedRaftLog:OPENED:c-1,f-1,i0, conf=-1: [26f1b97f-198a-4bc6-840d-b3fa7ce7fcfa:172.17.0.2:45833, c4f8bc01-7deb-4cd9-a6c1-654553e0e0ff:172.17.0.2:33519, f7ed0b0c-c89c-471c-8c37-09edce727015:172.17.0.2:46061], old=null
2020-07-02 08:47:43,728 [grpc-default-executor-3] INFO  impl.RoleInfo (RoleInfo.java:shutdownFollowerState(121)) - c4f8bc01-7deb-4cd9-a6c1-654553e0e0ff: shutdown FollowerState
2020-07-02 08:47:43,728 [grpc-default-executor-3] INFO  impl.RoleInfo (RoleInfo.java:updateAndGet(143)) - c4f8bc01-7deb-4cd9-a6c1-654553e0e0ff: start FollowerState
2020-07-02 08:47:43,728 [Thread-1234] INFO  impl.FollowerState (FollowerState.java:run(117)) - c4f8bc01-7deb-4cd9-a6c1-654553e0e0ff@group-D93938EF698D-FollowerState was interrupted: java.lang.InterruptedException: sleep interrupted
2020-07-02 08:47:43,733 [Thread-1240] INFO  impl.FollowerState (FollowerState.java:run(108)) - c4f8bc01-7deb-4cd9-a6c1-654553e0e0ff@group-86FE461F22B8-FollowerState: change to CANDIDATE, lastRpcTime:1093ms, electionTimeout:1072ms
2020-07-02 08:47:43,733 [grpc-default-executor-3] DEBUG impl.RaftServerImpl (RaftServerImpl.java:requestVote(853)) - c4f8bc01-7deb-4cd9-a6c1-654553e0e0ff@group-D93938EF698D replies to vote request: f7ed0b0c-c89c-471c-8c37-09edce727015<-c4f8bc01-7deb-4cd9-a6c1-654553e0e0ff#0:OK-t1. Peer's state: c4f8bc01-7deb-4cd9-a6c1-654553e0e0ff@group-D93938EF698D:t1, leader=null, voted=f7ed0b0c-c89c-471c-8c37-09edce727015, raftlog=c4f8bc01-7deb-4cd9-a6c1-654553e0e0ff@group-D93938EF698D-SegmentedRaftLog:OPENED:c-1,f-1,i0, conf=-1: [26f1b97f-198a-4bc6-840d-b3fa7ce7fcfa:172.17.0.2:45833, c4f8bc01-7deb-4cd9-a6c1-654553e0e0ff:172.17.0.2:33519, f7ed0b0c-c89c-471c-8c37-09edce727015:172.17.0.2:46061], old=null
2020-07-02 08:47:43,733 [Thread-1240] INFO  impl.RoleInfo (RoleInfo.java:shutdownFollowerState(121)) - c4f8bc01-7deb-4cd9-a6c1-654553e0e0ff: shutdown FollowerState
2020-07-02 08:47:43,734 [Thread-1240] INFO  impl.RaftServerImpl (RaftServerImpl.java:setRole(175)) - c4f8bc01-7deb-4cd9-a6c1-654553e0e0ff@group-86FE461F22B8: changes role from  FOLLOWER to CANDIDATE at term 0 for changeToCandidate
2020-07-02 08:47:43,734 [Thread-1240] INFO  impl.RoleInfo (RoleInfo.java:updateAndGet(143)) - c4f8bc01-7deb-4cd9-a6c1-654553e0e0ff: start LeaderElection
2020-07-02 08:47:43,735 [26f1b97f-198a-4bc6-840d-b3fa7ce7fcfa@group-D93938EF698D-LeaderElection24] INFO  impl.LeaderElection (LeaderElection.java:askForVotes(206)) - 26f1b97f-198a-4bc6-840d-b3fa7ce7fcfa@group-D93938EF698D-LeaderElection24: begin an election at term 2 for -1: [26f1b97f-198a-4bc6-840d-b3fa7ce7fcfa:172.17.0.2:45833, c4f8bc01-7deb-4cd9-a6c1-654553e0e0ff:172.17.0.2:33519, f7ed0b0c-c89c-471c-8c37-09edce727015:172.17.0.2:46061], old=null
2020-07-02 08:47:43,736 [f7ed0b0c-c89c-471c-8c37-09edce727015@group-D93938EF698D-LeaderElection23] INFO  impl.LeaderElection (LeaderElection.java:logAndReturn(61)) - f7ed0b0c-c89c-471c-8c37-09edce727015@group-D93938EF698D-LeaderElection23: Election PASSED; received 2 response(s) [f7ed0b0c-c89c-471c-8c37-09edce727015<-26f1b97f-198a-4bc6-840d-b3fa7ce7fcfa#0:FAIL-t1, f7ed0b0c-c89c-471c-8c37-09edce727015<-c4f8bc01-7deb-4cd9-a6c1-654553e0e0ff#0:OK-t1] and 0 exception(s); f7ed0b0c-c89c-471c-8c37-09edce727015@group-D93938EF698D:t1, leader=null, voted=f7ed0b0c-c89c-471c-8c37-09edce727015, raftlog=f7ed0b0c-c89c-471c-8c37-09edce727015@group-D93938EF698D-SegmentedRaftLog:OPENED:c-1,f-1,i0, conf=-1: [26f1b97f-198a-4bc6-840d-b3fa7ce7fcfa:172.17.0.2:45833, c4f8bc01-7deb-4cd9-a6c1-654553e0e0ff:172.17.0.2:33519, f7ed0b0c-c89c-471c-8c37-09edce727015:172.17.0.2:46061], old=null
2020-07-02 08:47:43,741 [26f1b97f-198a-4bc6-840d-b3fa7ce7fcfa@group-D93938EF698D-LeaderElection24] INFO  impl.LeaderElection (LeaderElection.java:logAndReturn(61)) - 26f1b97f-198a-4bc6-840d-b3fa7ce7fcfa@group-D93938EF698D-LeaderElection24: Election REJECTED; received 0 response(s) [] and 0 exception(s); 26f1b97f-198a-4bc6-840d-b3fa7ce7fcfa@group-D93938EF698D:t2, leader=null, voted=26f1b97f-198a-4bc6-840d-b3fa7ce7fcfa, raftlog=26f1b97f-198a-4bc6-840d-b3fa7ce7fcfa@group-D93938EF698D-SegmentedRaftLog:OPENED:c-1,f-1,i0, conf=-1: [26f1b97f-198a-4bc6-840d-b3fa7ce7fcfa:172.17.0.2:45833, c4f8bc01-7deb-4cd9-a6c1-654553e0e0ff:172.17.0.2:33519, f7ed0b0c-c89c-471c-8c37-09edce727015:172.17.0.2:46061], old=null
2020-07-02 08:47:43,746 [f7ed0b0c-c89c-471c-8c37-09edce727015@group-D93938EF698D-LeaderElection23] INFO  impl.RoleInfo (RoleInfo.java:shutdownLeaderElection(134)) - f7ed0b0c-c89c-471c-8c37-09edce727015: shutdown LeaderElection
2020-07-02 08:47:43,749 [f7ed0b0c-c89c-471c-8c37-09edce727015@group-D93938EF698D-LeaderElection23] INFO  impl.RaftServerImpl (RaftServerImpl.java:setRole(175)) - f7ed0b0c-c89c-471c-8c37-09edce727015@group-D93938EF698D: changes role from CANDIDATE to LEADER at term 1 for changeToLeader
2020-07-02 08:47:43,749 [grpc-default-executor-3] DEBUG impl.RaftServerImpl (RaftServerImpl.java:requestVote(821)) - c4f8bc01-7deb-4cd9-a6c1-654553e0e0ff@group-D93938EF698D: receive requestVote(26f1b97f-198a-4bc6-840d-b3fa7ce7fcfa, group-D93938EF698D, 2, (t:0, i:0))
2020-07-02 08:47:43,751 [grpc-default-executor-3] INFO  impl.RaftServerImpl (RaftServerImpl.java:setRole(175)) - c4f8bc01-7deb-4cd9-a6c1-654553e0e0ff@group-D93938EF698D: changes role from  FOLLOWER to FOLLOWER at term 2 for recognizeCandidate:26f1b97f-198a-4bc6-840d-b3fa7ce7fcfa
2020-07-02 08:47:43,751 [grpc-default-executor-3] INFO  impl.RoleInfo (RoleInfo.java:shutdownFollowerState(121)) - c4f8bc01-7deb-4cd9-a6c1-654553e0e0ff: shutdown FollowerState
2020-07-02 08:47:43,751 [grpc-default-executor-3] INFO  impl.RoleInfo (RoleInfo.java:updateAndGet(143)) - c4f8bc01-7deb-4cd9-a6c1-654553e0e0ff: start FollowerState
2020-07-02 08:47:43,749 [f7ed0b0c-c89c-471c-8c37-09edce727015@group-D93938EF698D-LeaderElection23] INFO  ratis.XceiverServerRatis (XceiverServerRatis.java:handleLeaderChangedNotification(762)) - Leader change notification received for group: group-D93938EF698D with new leaderId: f7ed0b0c-c89c-471c-8c37-09edce727015
2020-07-02 08:47:43,752 [Thread-1284] INFO  impl.FollowerState (FollowerState.java:run(117)) - c4f8bc01-7deb-4cd9-a6c1-654553e0e0ff@group-D93938EF698D-FollowerState was interrupted: java.lang.InterruptedException: sleep interrupted
2020-07-02 08:47:43,755 [f7ed0b0c-c89c-471c-8c37-09edce727015@group-D93938EF698D-LeaderElection23] INFO  impl.RaftServerImpl (ServerState.java:setLeader(255)) - f7ed0b0c-c89c-471c-8c37-09edce727015@group-D93938EF698D: change Leader from null to f7ed0b0c-c89c-471c-8c37-09edce727015 at term 1 for becomeLeader, leader elected after 1148ms
2020-07-02 08:47:43,755 [f7ed0b0c-c89c-471c-8c37-09edce727015@group-D93938EF698D-LeaderElection23] INFO  server.RaftServerConfigKeys (ConfUtils.java:logGet(44)) - raft.server.staging.catchup.gap = 1000 (default)
2020-07-02 08:47:43,755 [f7ed0b0c-c89c-471c-8c37-09edce727015@group-D93938EF698D-LeaderElection23] INFO  server.RaftServerConfigKeys (ConfUtils.java:logGet(44)) - raft.server.rpc.sleep.time = 25ms (default)
2020-07-02 08:47:43,755 [f7ed0b0c-c89c-471c-8c37-09edce727015@group-D93938EF698D-LeaderElection23] INFO  metrics.RatisMetrics (RatisMetrics.java:lambda$create$0(36)) - Creating Metrics Registry : ratis.log_appender.f7ed0b0c-c89c-471c-8c37-09edce727015@group-D93938EF698D
2020-07-02 08:47:43,755 [f7ed0b0c-c89c-471c-8c37-09edce727015@group-D93938EF698D-LeaderElection23] INFO  server.RaftServerConfigKeys (ConfUtils.java:logGet(44)) - raft.server.write.element-limit = 1024 (custom)
2020-07-02 08:47:43,755 [f7ed0b0c-c89c-471c-8c37-09edce727015@group-D93938EF698D-LeaderElection23] INFO  server.RaftServerConfigKeys (ConfUtils.java:logGet(44)) - raft.server.write.byte-limit = 1073741824 (custom)
2020-07-02 08:47:43,755 [f7ed0b0c-c89c-471c-8c37-09edce727015@group-D93938EF698D-LeaderElection23] INFO  server.RaftServerConfigKeys (ConfUtils.java:logGet(44)) - raft.server.watch.timeout = 3000ms (custom)
2020-07-02 08:47:43,756 [f7ed0b0c-c89c-471c-8c37-09edce727015@group-D93938EF698D-LeaderElection23] INFO  server.RaftServerConfigKeys (ConfUtils.java:logGet(44)) - raft.server.watch.timeout.denomination = 1s (default)
2020-07-02 08:47:43,756 [f7ed0b0c-c89c-471c-8c37-09edce727015@group-D93938EF698D-LeaderElection23] INFO  server.RaftServerConfigKeys (ConfUtils.java:logGet(44)) - raft.server.watch.element-limit = 65536 (default)
2020-07-02 08:47:43,756 [f7ed0b0c-c89c-471c-8c37-09edce727015@group-D93938EF698D-LeaderElection23] INFO  server.RaftServerConfigKeys (ConfUtils.java:logGet(44)) - raft.server.log.appender.snapshot.chunk.size.max = 16MB (=16777216) (default)
2020-07-02 08:47:43,756 [f7ed0b0c-c89c-471c-8c37-09edce727015@group-D93938EF698D-LeaderElection23] INFO  server.RaftServerConfigKeys (ConfUtils.java:logGet(44)) - raft.server.log.appender.buffer.byte-limit = 33554432 (custom)
2020-07-02 08:47:43,756 [f7ed0b0c-c89c-471c-8c37-09edce727015@group-D93938EF698D-LeaderElection23] INFO  server.RaftServerConfigKeys (ConfUtils.java:logGet(44)) - raft.server.log.appender.buffer.element-limit = 1 (custom)
2020-07-02 08:47:43,756 [f7ed0b0c-c89c-471c-8c37-09edce727015@group-D93938EF698D-LeaderElection23] INFO  grpc.GrpcConfigKeys (ConfUtils.java:logGet(44)) - raft.grpc.server.leader.outstanding.appends.max = 128 (default)
2020-07-02 08:47:43,756 [f7ed0b0c-c89c-471c-8c37-09edce727015@group-D93938EF698D-LeaderElection23] INFO  server.RaftServerConfigKeys (ConfUtils.java:logGet(44)) - raft.server.rpc.request.timeout = 3000ms (default)
2020-07-02 08:47:43,756 [f7ed0b0c-c89c-471c-8c37-09edce727015@group-D93938EF698D-LeaderElection23] INFO  server.RaftServerConfigKeys (ConfUtils.java:logGet(44)) - raft.server.log.appender.install.snapshot.enabled = false (custom)
2020-07-02 08:47:43,756 [f7ed0b0c-c89c-471c-8c37-09edce727015@group-D93938EF698D-LeaderElection23] INFO  metrics.RatisMetrics (RatisMetrics.java:lambda$create$0(36)) - Creating Metrics Registry : ratis_grpc.log_appender.f7ed0b0c-c89c-471c-8c37-09edce727015@group-D93938EF698D
2020-07-02 08:47:43,758 [EventQueue-PipelineReportForPipelineReportHandler] INFO  pipeline.PipelineStateManager (PipelineStateManager.java:openPipeline(131)) - Pipeline Pipeline[ Id: 91acdc32-11c2-425a-8fac-d93938ef698d, Nodes: c4f8bc01-7deb-4cd9-a6c1-654553e0e0ff{ip: 172.17.0.2, host: 06760bff8a89, networkLocation: /rack1, certSerialId: null}26f1b97f-198a-4bc6-840d-b3fa7ce7fcfa{ip: 172.17.0.2, host: 06760bff8a89, networkLocation: /rack1, certSerialId: null}f7ed0b0c-c89c-471c-8c37-09edce727015{ip: 172.17.0.2, host: 06760bff8a89, networkLocation: /rack1, certSerialId: null}, Type:RATIS, Factor:THREE, State:ALLOCATED, leaderId:f7ed0b0c-c89c-471c-8c37-09edce727015, CreationTimestamp2020-07-02T08:47:39.604Z] moved to OPEN state
2020-07-02 08:47:43,758 [f7ed0b0c-c89c-471c-8c37-09edce727015@group-D93938EF698D-LeaderElection23] INFO  server.RaftServerConfigKeys (ConfUtils.java:logGet(44)) - raft.server.log.appender.snapshot.chunk.size.max = 16MB (=16777216) (default)
2020-07-02 08:47:43,758 [EventQueue-OpenPipelineForHealthyPipelineSafeModeRule] INFO  safemode.SCMSafeModeManager (HealthyPipelineSafeModeRule.java:process(129)) - SCM in safe mode. Healthy pipelines reported count is 1, required healthy pipeline reported count is 1
2020-07-02 08:47:43,760 [grpc-default-executor-3] DEBUG impl.RaftServerImpl (RaftServerImpl.java:requestVote(853)) - c4f8bc01-7deb-4cd9-a6c1-654553e0e0ff@group-D93938EF698D replies to vote request: 26f1b97f-198a-4bc6-840d-b3fa7ce7fcfa<-c4f8bc01-7deb-4cd9-a6c1-654553e0e0ff#0:OK-t2. Peer's state: c4f8bc01-7deb-4cd9-a6c1-654553e0e0ff@group-D93938EF698D:t2, leader=null, voted=26f1b97f-198a-4bc6-840d-b3fa7ce7fcfa, raftlog=c4f8bc01-7deb-4cd9-a6c1-654553e0e0ff@group-D93938EF698D-SegmentedRaftLog:OPENED:c-1,f-1,i0, conf=-1: [26f1b97f-198a-4bc6-840d-b3fa7ce7fcfa:172.17.0.2:45833, c4f8bc01-7deb-4cd9-a6c1-654553e0e0ff:172.17.0.2:33519, f7ed0b0c-c89c-471c-8c37-09edce727015:172.17.0.2:46061], old=null
2020-07-02 08:47:43,758 [EventQueue-OpenPipelineForOneReplicaPipelineSafeModeRule] INFO  safemode.SCMSafeModeManager (SCMSafeModeManager.java:validateSafeModeExitRules(214)) - AtleastOneDatanodeReportedRule rule is successfully validated
2020-07-02 08:47:43,758 [c4f8bc01-7deb-4cd9-a6c1-654553e0e0ff@group-86FE461F22B8-LeaderElection25] INFO  impl.LeaderElection (LeaderElection.java:askForVotes(206)) - c4f8bc01-7deb-4cd9-a6c1-654553e0e0ff@group-86FE461F22B8-LeaderElection25: begin an election at term 1 for -1: [c4f8bc01-7deb-4cd9-a6c1-654553e0e0ff:172.17.0.2:33519], old=null
2020-07-02 08:47:43,758 [f7ed0b0c-c89c-471c-8c37-09edce727015@group-D93938EF698D-LeaderElection23] INFO  server.RaftServerConfigKeys (ConfUtils.java:logGet(44)) - raft.server.log.appender.buffer.byte-limit = 33554432 (custom)
2020-07-02 08:47:43,761 [f7ed0b0c-c89c-471c-8c37-09edce727015@group-D93938EF698D-LeaderElection23] INFO  server.RaftServerConfigKeys (ConfUtils.java:logGet(44)) - raft.server.log.appender.buffer.element-limit = 1 (custom)
2020-07-02 08:47:43,760 [c4f8bc01-7deb-4cd9-a6c1-654553e0e0ff@group-86FE461F22B8-LeaderElection25] INFO  impl.RoleInfo (RoleInfo.java:shutdownLeaderElection(134)) - c4f8bc01-7deb-4cd9-a6c1-654553e0e0ff: shutdown LeaderElection
2020-07-02 08:47:43,761 [c4f8bc01-7deb-4cd9-a6c1-654553e0e0ff@group-86FE461F22B8-LeaderElection25] INFO  impl.RaftServerImpl (RaftServerImpl.java:setRole(175)) - c4f8bc01-7deb-4cd9-a6c1-654553e0e0ff@group-86FE461F22B8: changes role from CANDIDATE to LEADER at term 1 for changeToLeader
2020-07-02 08:47:43,761 [c4f8bc01-7deb-4cd9-a6c1-654553e0e0ff@group-86FE461F22B8-LeaderElection25] INFO  ratis.XceiverServerRatis (XceiverServerRatis.java:handleLeaderChangedNotification(762)) - Leader change notification received for group: group-86FE461F22B8 with new leaderId: c4f8bc01-7deb-4cd9-a6c1-654553e0e0ff
2020-07-02 08:47:43,761 [c4f8bc01-7deb-4cd9-a6c1-654553e0e0ff@group-86FE461F22B8-LeaderElection25] INFO  impl.RaftServerImpl (ServerState.java:setLeader(255)) - c4f8bc01-7deb-4cd9-a6c1-654553e0e0ff@group-86FE461F22B8: change Leader from null to c4f8bc01-7deb-4cd9-a6c1-654553e0e0ff at term 1 for becomeLeader, leader elected after 1152ms
2020-07-02 08:47:43,761 [c4f8bc01-7deb-4cd9-a6c1-654553e0e0ff@group-86FE461F22B8-LeaderElection25] INFO  server.RaftServerConfigKeys (ConfUtils.java:logGet(44)) - raft.server.staging.catchup.gap = 1000 (default)
2020-07-02 08:47:43,761 [c4f8bc01-7deb-4cd9-a6c1-654553e0e0ff@group-86FE461F22B8-LeaderElection25] INFO  server.RaftServerConfigKeys (ConfUtils.java:logGet(44)) - raft.server.rpc.sleep.time = 25ms (default)
2020-07-02 08:47:43,761 [c4f8bc01-7deb-4cd9-a6c1-654553e0e0ff@group-86FE461F22B8-LeaderElection25] INFO  metrics.RatisMetrics (RatisMetrics.java:lambda$create$0(36)) - Creating Metrics Registry : ratis.log_appender.c4f8bc01-7deb-4cd9-a6c1-654553e0e0ff@group-86FE461F22B8
2020-07-02 08:47:43,761 [c4f8bc01-7deb-4cd9-a6c1-654553e0e0ff@group-86FE461F22B8-LeaderElection25] INFO  server.RaftServerConfigKeys (ConfUtils.java:logGet(44)) - raft.server.write.element-limit = 1024 (custom)
2020-07-02 08:47:43,761 [c4f8bc01-7deb-4cd9-a6c1-654553e0e0ff@group-86FE461F22B8-LeaderElection25] INFO  server.RaftServerConfigKeys (ConfUtils.java:logGet(44)) - raft.server.write.byte-limit = 1073741824 (custom)
2020-07-02 08:47:43,762 [c4f8bc01-7deb-4cd9-a6c1-654553e0e0ff@group-86FE461F22B8-LeaderElection25] INFO  server.RaftServerConfigKeys (ConfUtils.java:logGet(44)) - raft.server.watch.timeout = 3000ms (custom)
2020-07-02 08:47:43,762 [c4f8bc01-7deb-4cd9-a6c1-654553e0e0ff@group-86FE461F22B8-LeaderElection25] INFO  server.RaftServerConfigKeys (ConfUtils.java:logGet(44)) - raft.server.watch.timeout.denomination = 1s (default)
2020-07-02 08:47:43,762 [c4f8bc01-7deb-4cd9-a6c1-654553e0e0ff@group-86FE461F22B8-LeaderElection25] INFO  server.RaftServerConfigKeys (ConfUtils.java:logGet(44)) - raft.server.watch.element-limit = 65536 (default)
2020-07-02 08:47:43,762 [c4f8bc01-7deb-4cd9-a6c1-654553e0e0ff@group-86FE461F22B8-LeaderElection25] INFO  impl.RoleInfo (RoleInfo.java:updateAndGet(143)) - c4f8bc01-7deb-4cd9-a6c1-654553e0e0ff: start LeaderState
2020-07-02 08:47:43,762 [c4f8bc01-7deb-4cd9-a6c1-654553e0e0ff@group-86FE461F22B8-LeaderElection25] INFO  segmented.SegmentedRaftLogWorker (SegmentedRaftLogWorker.java:startLogSegment(397)) - c4f8bc01-7deb-4cd9-a6c1-654553e0e0ff@group-86FE461F22B8-SegmentedRaftLogWorker: Starting segment from index:0
2020-07-02 08:47:43,760 [EventQueue-OpenPipelineForHealthyPipelineSafeModeRule] INFO  safemode.SCMSafeModeManager (SCMSafeModeManager.java:validateSafeModeExitRules(214)) - HealthyPipelineSafeModeRule rule is successfully validated
2020-07-02 08:47:43,762 [EventQueue-OpenPipelineForHealthyPipelineSafeModeRule] INFO  safemode.SCMSafeModeManager (SCMSafeModeManager.java:validateSafeModeExitRules(228)) - ScmSafeModeManager, all rules are successfully validated
2020-07-02 08:47:43,762 [EventQueue-OpenPipelineForHealthyPipelineSafeModeRule] INFO  safemode.SCMSafeModeManager (SCMSafeModeManager.java:exitSafeMode(257)) - SCM exiting safe mode.
2020-07-02 08:47:43,761 [f7ed0b0c-c89c-471c-8c37-09edce727015@group-D93938EF698D-LeaderElection23] INFO  grpc.GrpcConfigKeys (ConfUtils.java:logGet(44)) - raft.grpc.server.leader.outstanding.appends.max = 128 (default)
2020-07-02 08:47:43,763 [f7ed0b0c-c89c-471c-8c37-09edce727015@group-D93938EF698D-LeaderElection23] INFO  server.RaftServerConfigKeys (ConfUtils.java:logGet(44)) - raft.server.rpc.request.timeout = 3000ms (default)
2020-07-02 08:47:43,763 [f7ed0b0c-c89c-471c-8c37-09edce727015@group-D93938EF698D-LeaderElection23] INFO  server.RaftServerConfigKeys (ConfUtils.java:logGet(44)) - raft.server.log.appender.install.snapshot.enabled = false (custom)
2020-07-02 08:47:43,764 [c4f8bc01-7deb-4cd9-a6c1-654553e0e0ff@group-86FE461F22B8-LeaderElection25] INFO  impl.RaftServerImpl (ServerState.java:setRaftConf(356)) - c4f8bc01-7deb-4cd9-a6c1-654553e0e0ff@group-86FE461F22B8: set configuration 0: [c4f8bc01-7deb-4cd9-a6c1-654553e0e0ff:172.17.0.2:33519], old=null at 0
2020-07-02 08:47:43,772 [Thread-1244] INFO  impl.FollowerState (FollowerState.java:run(108)) - b5ee9bf6-c323-4b90-8393-8aea495c4582@group-E5FED5A09344-FollowerState: change to CANDIDATE, lastRpcTime:1071ms, electionTimeout:1063ms
2020-07-02 08:47:43,772 [grpc-default-executor-3] DEBUG impl.RaftServerImpl (RaftServerImpl.java:requestVote(821)) - f7ed0b0c-c89c-471c-8c37-09edce727015@group-D93938EF698D: receive requestVote(26f1b97f-198a-4bc6-840d-b3fa7ce7fcfa, group-D93938EF698D, 2, (t:0, i:0))
2020-07-02 08:47:43,773 [f7ed0b0c-c89c-471c-8c37-09edce727015@group-D93938EF698D-LeaderElection23] INFO  impl.RoleInfo (RoleInfo.java:updateAndGet(143)) - f7ed0b0c-c89c-471c-8c37-09edce727015: start LeaderState
2020-07-02 08:47:43,774 [Thread-1244] INFO  impl.RoleInfo (RoleInfo.java:shutdownFollowerState(121)) - b5ee9bf6-c323-4b90-8393-8aea495c4582: shutdown FollowerState
2020-07-02 08:47:43,774 [Thread-1244] INFO  impl.RaftServerImpl (RaftServerImpl.java:setRole(175)) - b5ee9bf6-c323-4b90-8393-8aea495c4582@group-E5FED5A09344: changes role from  FOLLOWER to CANDIDATE at term 0 for changeToCandidate
2020-07-02 08:47:43,774 [Thread-1244] INFO  impl.RoleInfo (RoleInfo.java:updateAndGet(143)) - b5ee9bf6-c323-4b90-8393-8aea495c4582: start LeaderElection
2020-07-02 08:47:43,774 [f7ed0b0c-c89c-471c-8c37-09edce727015@group-D93938EF698D-LeaderElection23] INFO  segmented.SegmentedRaftLogWorker (SegmentedRaftLogWorker.java:startLogSegment(397)) - f7ed0b0c-c89c-471c-8c37-09edce727015@group-D93938EF698D-SegmentedRaftLogWorker: Starting segment from index:0
2020-07-02 08:47:43,774 [c4f8bc01-7deb-4cd9-a6c1-654553e0e0ff@group-86FE461F22B8-SegmentedRaftLogWorker] INFO  segmented.SegmentedRaftLogWorker (SegmentedRaftLogWorker.java:execute(596)) - c4f8bc01-7deb-4cd9-a6c1-654553e0e0ff@group-86FE461F22B8-SegmentedRaftLogWorker: created new log segment /github/workspace/mnt/ozone/hadoop-ozone/integration-test/target/test-dir/MiniOzoneClusterImpl-2ea21c0c-9bca-4642-a989-259fb4fcb281/datanode-2/data/ratis/38d0021e-233c-4bcb-922a-86fe461f22b8/current/log_inprogress_0
2020-07-02 08:47:43,780 [f7ed0b0c-c89c-471c-8c37-09edce727015@group-D93938EF698D-SegmentedRaftLogWorker] INFO  segmented.SegmentedRaftLogWorker (SegmentedRaftLogWorker.java:execute(596)) - f7ed0b0c-c89c-471c-8c37-09edce727015@group-D93938EF698D-SegmentedRaftLogWorker: created new log segment /github/workspace/mnt/ozone/hadoop-ozone/integration-test/target/test-dir/MiniOzoneClusterImpl-2ea21c0c-9bca-4642-a989-259fb4fcb281/datanode-1/data/ratis/91acdc32-11c2-425a-8fac-d93938ef698d/current/log_inprogress_0
2020-07-02 08:47:43,781 [f7ed0b0c-c89c-471c-8c37-09edce727015@group-D93938EF698D-LeaderElection23] INFO  impl.RaftServerImpl (ServerState.java:setRaftConf(356)) - f7ed0b0c-c89c-471c-8c37-09edce727015@group-D93938EF698D: set configuration 0: [26f1b97f-198a-4bc6-840d-b3fa7ce7fcfa:172.17.0.2:45833, c4f8bc01-7deb-4cd9-a6c1-654553e0e0ff:172.17.0.2:33519, f7ed0b0c-c89c-471c-8c37-09edce727015:172.17.0.2:46061], old=null at 0
2020-07-02 08:47:43,782 [grpc-default-executor-4] DEBUG impl.RaftServerImpl (RaftServerImpl.java:appendEntriesAsync(990)) - 26f1b97f-198a-4bc6-840d-b3fa7ce7fcfa@group-D93938EF698D: Not recognize f7ed0b0c-c89c-471c-8c37-09edce727015 (term=1) as leader, state: 26f1b97f-198a-4bc6-840d-b3fa7ce7fcfa@group-D93938EF698D:t2, leader=null, voted=26f1b97f-198a-4bc6-840d-b3fa7ce7fcfa, raftlog=26f1b97f-198a-4bc6-840d-b3fa7ce7fcfa@group-D93938EF698D-SegmentedRaftLog:OPENED:c-1,f-1,i0, conf=-1: [26f1b97f-198a-4bc6-840d-b3fa7ce7fcfa:172.17.0.2:45833, c4f8bc01-7deb-4cd9-a6c1-654553e0e0ff:172.17.0.2:33519, f7ed0b0c-c89c-471c-8c37-09edce727015:172.17.0.2:46061], old=null reply: f7ed0b0c-c89c-471c-8c37-09edce727015<-26f1b97f-198a-4bc6-840d-b3fa7ce7fcfa#0:FAIL,NOT_LEADER,nextIndex:1,term:2,followerCommit:-1
2020-07-02 08:47:43,782 [grpc-default-executor-4] DEBUG server.GrpcLogAppender (GrpcLogAppender.java:onNext(257)) - f7ed0b0c-c89c-471c-8c37-09edce727015@group-D93938EF698D->26f1b97f-198a-4bc6-840d-b3fa7ce7fcfa-AppendLogResponseHandler: received the first reply f7ed0b0c-c89c-471c-8c37-09edce727015<-26f1b97f-198a-4bc6-840d-b3fa7ce7fcfa#0:FAIL,NOT_LEADER,nextIndex:1,term:2,followerCommit:-1, request=AppendEntriesRequest:cid=0,entriesCount=0,lastEntry=null
2020-07-02 08:47:43,784 [b5ee9bf6-c323-4b90-8393-8aea495c4582@group-E5FED5A09344-LeaderElection26] INFO  impl.LeaderElection (LeaderElection.java:askForVotes(206)) - b5ee9bf6-c323-4b90-8393-8aea495c4582@group-E5FED5A09344-LeaderElection26: begin an election at term 1 for -1: [b5ee9bf6-c323-4b90-8393-8aea495c4582:172.17.0.2:35087], old=null
2020-07-02 08:47:43,785 [b5ee9bf6-c323-4b90-8393-8aea495c4582@group-E5FED5A09344-LeaderElection26] INFO  impl.RoleInfo (RoleInfo.java:shutdownLeaderElection(134)) - b5ee9bf6-c323-4b90-8393-8aea495c4582: shutdown LeaderElection
2020-07-02 08:47:43,785 [b5ee9bf6-c323-4b90-8393-8aea495c4582@group-E5FED5A09344-LeaderElection26] INFO  impl.RaftServerImpl (RaftServerImpl.java:setRole(175)) - b5ee9bf6-c323-4b90-8393-8aea495c4582@group-E5FED5A09344: changes role from CANDIDATE to LEADER at term 1 for changeToLeader
2020-07-02 08:47:43,785 [b5ee9bf6-c323-4b90-8393-8aea495c4582@group-E5FED5A09344-LeaderElection26] INFO  ratis.XceiverServerRatis (XceiverServerRatis.java:handleLeaderChangedNotification(762)) - Leader change notification received for group: group-E5FED5A09344 with new leaderId: b5ee9bf6-c323-4b90-8393-8aea495c4582
2020-07-02 08:47:43,786 [b5ee9bf6-c323-4b90-8393-8aea495c4582@group-E5FED5A09344-LeaderElection26] INFO  impl.RaftServerImpl (ServerState.java:setLeader(255)) - b5ee9bf6-c323-4b90-8393-8aea495c4582@group-E5FED5A09344: change Leader from null to b5ee9bf6-c323-4b90-8393-8aea495c4582 at term 1 for becomeLeader, leader elected after 1096ms
2020-07-02 08:47:43,786 [b5ee9bf6-c323-4b90-8393-8aea495c4582@group-E5FED5A09344-LeaderElection26] INFO  server.RaftServerConfigKeys (ConfUtils.java:logGet(44)) - raft.server.staging.catchup.gap = 1000 (default)
2020-07-02 08:47:43,786 [b5ee9bf6-c323-4b90-8393-8aea495c4582@group-E5FED5A09344-LeaderElection26] INFO  server.RaftServerConfigKeys (ConfUtils.java:logGet(44)) - raft.server.rpc.sleep.time = 25ms (default)
2020-07-02 08:47:43,786 [b5ee9bf6-c323-4b90-8393-8aea495c4582@group-E5FED5A09344-LeaderElection26] INFO  metrics.RatisMetrics (RatisMetrics.java:lambda$create$0(36)) - Creating Metrics Registry : ratis.log_appender.b5ee9bf6-c323-4b90-8393-8aea495c4582@group-E5FED5A09344
2020-07-02 08:47:43,786 [b5ee9bf6-c323-4b90-8393-8aea495c4582@group-E5FED5A09344-LeaderElection26] INFO  server.RaftServerConfigKeys (ConfUtils.java:logGet(44)) - raft.server.write.element-limit = 1024 (custom)
2020-07-02 08:47:43,786 [b5ee9bf6-c323-4b90-8393-8aea495c4582@group-E5FED5A09344-LeaderElection26] INFO  server.RaftServerConfigKeys (ConfUtils.java:logGet(44)) - raft.server.write.byte-limit = 1073741824 (custom)
2020-07-02 08:47:43,790 [b5ee9bf6-c323-4b90-8393-8aea495c4582@group-E5FED5A09344-LeaderElection26] INFO  server.RaftServerConfigKeys (ConfUtils.java:logGet(44)) - raft.server.watch.timeout = 3000ms (custom)
2020-07-02 08:47:43,791 [grpc-default-executor-3] INFO  impl.RaftServerImpl (ServerState.java:setLeader(255)) - f7ed0b0c-c89c-471c-8c37-09edce727015@group-D93938EF698D: change Leader from f7ed0b0c-c89c-471c-8c37-09edce727015 to null at term 2 for updateCurrentTerm
2020-07-02 08:47:43,791 [grpc-default-executor-5] DEBUG impl.RaftServerImpl (RaftServerImpl.java:logAppendEntries(928)) - 26f1b97f-198a-4bc6-840d-b3fa7ce7fcfa@group-D93938EF698D: receive appendEntries(f7ed0b0c-c89c-471c-8c37-09edce727015, 1, null, -1, false, commits[f7ed0b0c-c89c-471c-8c37-09edce727015:c-1, 26f1b97f-198a-4bc6-840d-b3fa7ce7fcfa:c-1, c4f8bc01-7deb-4cd9-a6c1-654553e0e0ff:c-1], entries: (t:1, i:0), CONFIGURATIONENTRY
2020-07-02 08:47:43,791 [grpc-default-executor-3] INFO  impl.RaftServerImpl (RaftServerImpl.java:setRole(175)) - f7ed0b0c-c89c-471c-8c37-09edce727015@group-D93938EF698D: changes role from    LEADER to FOLLOWER at term 2 for recognizeCandidate:26f1b97f-198a-4bc6-840d-b3fa7ce7fcfa
2020-07-02 08:47:43,791 [grpc-default-executor-3] INFO  impl.RoleInfo (RoleInfo.java:shutdownLeaderState(104)) - f7ed0b0c-c89c-471c-8c37-09edce727015: shutdown LeaderState
2020-07-02 08:47:43,792 [grpc-default-executor-3] INFO  metrics.RatisMetrics (RatisMetrics.java:unregister(43)) - Unregistering Metrics Registry : ratis_grpc.log_appender.f7ed0b0c-c89c-471c-8c37-09edce727015@group-D93938EF698D
2020-07-02 08:47:43,792 [grpc-default-executor-5] DEBUG impl.RaftServerImpl (RaftServerImpl.java:appendEntriesAsync(990)) - 26f1b97f-198a-4bc6-840d-b3fa7ce7fcfa@group-D93938EF698D: Not recognize f7ed0b0c-c89c-471c-8c37-09edce727015 (term=1) as leader, state: 26f1b97f-198a-4bc6-840d-b3fa7ce7fcfa@group-D93938EF698D:t2, leader=null, voted=26f1b97f-198a-4bc6-840d-b3fa7ce7fcfa, raftlog=26f1b97f-198a-4bc6-840d-b3fa7ce7fcfa@group-D93938EF698D-SegmentedRaftLog:OPENED:c-1,f-1,i0, conf=-1: [26f1b97f-198a-4bc6-840d-b3fa7ce7fcfa:172.17.0.2:45833, c4f8bc01-7deb-4cd9-a6c1-654553e0e0ff:172.17.0.2:33519, f7ed0b0c-c89c-471c-8c37-09edce727015:172.17.0.2:46061], old=null reply: f7ed0b0c-c89c-471c-8c37-09edce727015<-26f1b97f-198a-4bc6-840d-b3fa7ce7fcfa#1:FAIL,NOT_LEADER,nextIndex:1,term:2,followerCommit:-1
2020-07-02 08:47:43,793 [grpc-default-executor-3] INFO  metrics.RatisMetrics (RatisMetrics.java:unregister(43)) - Unregistering Metrics Registry : ratis_grpc.log_appender.f7ed0b0c-c89c-471c-8c37-09edce727015@group-D93938EF698D
2020-07-02 08:47:43,793 [org.apache.ratis.server.impl.LogAppender$AppenderDaemon$$Lambda$457/1674559201@7181dbde] WARN  server.GrpcLogAppender (GrpcLogAppender.java:mayWait(153)) - f7ed0b0c-c89c-471c-8c37-09edce727015@group-D93938EF698D->26f1b97f-198a-4bc6-840d-b3fa7ce7fcfa-GrpcLogAppender: Wait interrupted by java.lang.InterruptedException
2020-07-02 08:47:43,794 [grpc-default-executor-3] INFO  impl.PendingRequests (PendingRequests.java:sendNotLeaderResponses(249)) - f7ed0b0c-c89c-471c-8c37-09edce727015@group-D93938EF698D-PendingRequests: sendNotLeaderResponses
2020-07-02 08:47:43,795 [grpc-default-executor-3] INFO  metrics.RatisMetrics (RatisMetrics.java:unregister(43)) - Unregistering Metrics Registry : ratis.log_appender.f7ed0b0c-c89c-471c-8c37-09edce727015@group-D93938EF698D
2020-07-02 08:47:43,795 [grpc-default-executor-3] INFO  metrics.RatisMetrics (RatisMetrics.java:unregister(43)) - Unregistering Metrics Registry : ratis.server.f7ed0b0c-c89c-471c-8c37-09edce727015@group-D93938EF698D
2020-07-02 08:47:43,795 [grpc-default-executor-3] INFO  impl.RoleInfo (RoleInfo.java:updateAndGet(143)) - f7ed0b0c-c89c-471c-8c37-09edce727015: start FollowerState
2020-07-02 08:47:43,795 [org.apache.ratis.server.impl.LogAppender$AppenderDaemon$$Lambda$457/1674559201@1140c2c8] WARN  server.GrpcLogAppender (GrpcLogAppender.java:mayWait(153)) - f7ed0b0c-c89c-471c-8c37-09edce727015@group-D93938EF698D->c4f8bc01-7deb-4cd9-a6c1-654553e0e0ff-GrpcLogAppender: Wait interrupted by java.lang.InterruptedException
2020-07-02 08:47:43,795 [b5ee9bf6-c323-4b90-8393-8aea495c4582@group-E5FED5A09344-LeaderElection26] INFO  server.RaftServerConfigKeys (ConfUtils.java:logGet(44)) - raft.server.watch.timeout.denomination = 1s (default)
2020-07-02 08:47:43,795 [Thread-1250] INFO  impl.FollowerState (FollowerState.java:run(108)) - a3230122-e9f1-469c-a445-fc983e5286bd@group-D3309ECE33D4-FollowerState: change to CANDIDATE, lastRpcTime:1037ms, electionTimeout:1032ms
2020-07-02 08:47:43,796 [Thread-1250] INFO  impl.RoleInfo (RoleInfo.java:shutdownFollowerState(121)) - a3230122-e9f1-469c-a445-fc983e5286bd: shutdown FollowerState
2020-07-02 08:47:43,796 [Thread-1250] INFO  impl.RaftServerImpl (RaftServerImpl.java:setRole(175)) - a3230122-e9f1-469c-a445-fc983e5286bd@group-D3309ECE33D4: changes role from  FOLLOWER to CANDIDATE at term 0 for changeToCandidate
2020-07-02 08:47:43,796 [b5ee9bf6-c323-4b90-8393-8aea495c4582@group-E5FED5A09344-LeaderElection26] INFO  server.RaftServerConfigKeys (ConfUtils.java:logGet(44)) - raft.server.watch.element-limit = 65536 (default)
2020-07-02 08:47:43,795 [grpc-default-executor-5] DEBUG impl.RaftServerImpl (RaftServerImpl.java:appendEntriesAsync(990)) - c4f8bc01-7deb-4cd9-a6c1-654553e0e0ff@group-D93938EF698D: Not recognize f7ed0b0c-c89c-471c-8c37-09edce727015 (term=1) as leader, state: c4f8bc01-7deb-4cd9-a6c1-654553e0e0ff@group-D93938EF698D:t2, leader=null, voted=26f1b97f-198a-4bc6-840d-b3fa7ce7fcfa, raftlog=c4f8bc01-7deb-4cd9-a6c1-654553e0e0ff@group-D93938EF698D-SegmentedRaftLog:OPENED:c-1,f-1,i0, conf=-1: [26f1b97f-198a-4bc6-840d-b3fa7ce7fcfa:172.17.0.2:45833, c4f8bc01-7deb-4cd9-a6c1-654553e0e0ff:172.17.0.2:33519, f7ed0b0c-c89c-471c-8c37-09edce727015:172.17.0.2:46061], old=null reply: f7ed0b0c-c89c-471c-8c37-09edce727015<-c4f8bc01-7deb-4cd9-a6c1-654553e0e0ff#0:FAIL,NOT_LEADER,nextIndex:1,term:2,followerCommit:-1
2020-07-02 08:47:43,796 [b5ee9bf6-c323-4b90-8393-8aea495c4582@group-E5FED5A09344-LeaderElection26] INFO  impl.RoleInfo (RoleInfo.java:updateAndGet(143)) - b5ee9bf6-c323-4b90-8393-8aea495c4582: start LeaderState
2020-07-02 08:47:43,797 [b5ee9bf6-c323-4b90-8393-8aea495c4582@group-E5FED5A09344-LeaderElection26] INFO  segmented.SegmentedRaftLogWorker (SegmentedRaftLogWorker.java:startLogSegment(397)) - b5ee9bf6-c323-4b90-8393-8aea495c4582@group-E5FED5A09344-SegmentedRaftLogWorker: Starting segment from index:0
2020-07-02 08:47:43,800 [Thread-1248] INFO  impl.FollowerState (FollowerState.java:run(108)) - d4095b94-faf8-4714-9e04-9d2538430758@group-8E625A2998A3-FollowerState: change to CANDIDATE, lastRpcTime:1045ms, electionTimeout:1043ms
2020-07-02 08:47:43,810 [Thread-1248] INFO  impl.RoleInfo (RoleInfo.java:shutdownFollowerState(121)) - d4095b94-faf8-4714-9e04-9d2538430758: shutdown FollowerState
2020-07-02 08:47:43,810 [Thread-1248] INFO  impl.RaftServerImpl (RaftServerImpl.java:setRole(175)) - d4095b94-faf8-4714-9e04-9d2538430758@group-8E625A2998A3: changes role from  FOLLOWER to CANDIDATE at term 0 for changeToCandidate
2020-07-02 08:47:43,811 [b5ee9bf6-c323-4b90-8393-8aea495c4582@group-E5FED5A09344-LeaderElection26] INFO  impl.RaftServerImpl (ServerState.java:setRaftConf(356)) - b5ee9bf6-c323-4b90-8393-8aea495c4582@group-E5FED5A09344: set configuration 0: [b5ee9bf6-c323-4b90-8393-8aea495c4582:172.17.0.2:35087], old=null at 0
2020-07-02 08:47:43,811 [Thread-1250] INFO  impl.RoleInfo (RoleInfo.java:updateAndGet(143)) - a3230122-e9f1-469c-a445-fc983e5286bd: start LeaderElection
2020-07-02 08:47:43,811 [b5ee9bf6-c323-4b90-8393-8aea495c4582@group-E5FED5A09344-SegmentedRaftLogWorker] INFO  segmented.SegmentedRaftLogWorker (SegmentedRaftLogWorker.java:execute(596)) - b5ee9bf6-c323-4b90-8393-8aea495c4582@group-E5FED5A09344-SegmentedRaftLogWorker: created new log segment /github/workspace/mnt/ozone/hadoop-ozone/integration-test/target/test-dir/MiniOzoneClusterImpl-2ea21c0c-9bca-4642-a989-259fb4fcb281/datanode-3/data/ratis/7680d878-d8bc-4439-b0d6-e5fed5a09344/current/log_inprogress_0
2020-07-02 08:47:43,816 [Thread-1248] INFO  impl.RoleInfo (RoleInfo.java:updateAndGet(143)) - d4095b94-faf8-4714-9e04-9d2538430758: start LeaderElection
2020-07-02 08:47:43,817 [grpc-default-executor-3] DEBUG impl.RaftServerImpl (RaftServerImpl.java:requestVote(853)) - f7ed0b0c-c89c-471c-8c37-09edce727015@group-D93938EF698D replies to vote request: 26f1b97f-198a-4bc6-840d-b3fa7ce7fcfa<-f7ed0b0c-c89c-471c-8c37-09edce727015#0:FAIL-t2. Peer's state: f7ed0b0c-c89c-471c-8c37-09edce727015@group-D93938EF698D:t2, leader=null, voted=null, raftlog=f7ed0b0c-c89c-471c-8c37-09edce727015@group-D93938EF698D-SegmentedRaftLog:OPENED:c0,f0,i0, conf=0: [26f1b97f-198a-4bc6-840d-b3fa7ce7fcfa:172.17.0.2:45833, c4f8bc01-7deb-4cd9-a6c1-654553e0e0ff:172.17.0.2:33519, f7ed0b0c-c89c-471c-8c37-09edce727015:172.17.0.2:46061], old=null
2020-07-02 08:47:43,820 [grpc-default-executor-3] INFO  server.GrpcServerProtocolService (GrpcServerProtocolService.java:onCompleted(138)) - 26f1b97f-198a-4bc6-840d-b3fa7ce7fcfa: Completed APPEND_ENTRIES, lastRequest: f7ed0b0c-c89c-471c-8c37-09edce727015->26f1b97f-198a-4bc6-840d-b3fa7ce7fcfa#1-t1, previous=(t:0, i:0), leaderCommit=-1, initializing? false, entries: size=1, first=(t:1, i:0), CONFIGURATIONENTRY
2020-07-02 08:47:43,821 [grpc-default-executor-3] DEBUG impl.RaftServerImpl (RaftServerImpl.java:logAppendEntries(928)) - c4f8bc01-7deb-4cd9-a6c1-654553e0e0ff@group-D93938EF698D: receive appendEntries(f7ed0b0c-c89c-471c-8c37-09edce727015, 1, null, 0, false, commits[f7ed0b0c-c89c-471c-8c37-09edce727015:c0, 26f1b97f-198a-4bc6-840d-b3fa7ce7fcfa:c-1, c4f8bc01-7deb-4cd9-a6c1-654553e0e0ff:c-1], entries: (t:1, i:0), CONFIGURATIONENTRY
2020-07-02 08:47:43,822 [grpc-default-executor-3] DEBUG impl.RaftServerImpl (RaftServerImpl.java:appendEntriesAsync(990)) - c4f8bc01-7deb-4cd9-a6c1-654553e0e0ff@group-D93938EF698D: Not recognize f7ed0b0c-c89c-471c-8c37-09edce727015 (term=1) as leader, state: c4f8bc01-7deb-4cd9-a6c1-654553e0e0ff@group-D93938EF698D:t2, leader=null, voted=26f1b97f-198a-4bc6-840d-b3fa7ce7fcfa, raftlog=c4f8bc01-7deb-4cd9-a6c1-654553e0e0ff@group-D93938EF698D-SegmentedRaftLog:OPENED:c-1,f-1,i0, conf=-1: [26f1b97f-198a-4bc6-840d-b3fa7ce7fcfa:172.17.0.2:45833, c4f8bc01-7deb-4cd9-a6c1-654553e0e0ff:172.17.0.2:33519, f7ed0b0c-c89c-471c-8c37-09edce727015:172.17.0.2:46061], old=null reply: f7ed0b0c-c89c-471c-8c37-09edce727015<-c4f8bc01-7deb-4cd9-a6c1-654553e0e0ff#1:FAIL,NOT_LEADER,nextIndex:1,term:2,followerCommit:-1
2020-07-02 08:47:43,821 [grpc-default-executor-4] DEBUG server.GrpcLogAppender (GrpcLogAppender.java:onNext(257)) - f7ed0b0c-c89c-471c-8c37-09edce727015@group-D93938EF698D->26f1b97f-198a-4bc6-840d-b3fa7ce7fcfa-AppendLogResponseHandler: received a reply f7ed0b0c-c89c-471c-8c37-09edce727015<-26f1b97f-198a-4bc6-840d-b3fa7ce7fcfa#1:FAIL,NOT_LEADER,nextIndex:1,term:2,followerCommit:-1, request=AppendEntriesRequest:cid=1,entriesCount=1,lastEntry=(t:1, i:0)
2020-07-02 08:47:43,828 [grpc-default-executor-4] INFO  server.GrpcLogAppender (GrpcLogAppender.java:onCompleted(319)) - f7ed0b0c-c89c-471c-8c37-09edce727015@group-D93938EF698D->26f1b97f-198a-4bc6-840d-b3fa7ce7fcfa-AppendLogResponseHandler: follower responses appendEntries COMPLETED
2020-07-02 08:47:43,828 [grpc-default-executor-2] DEBUG server.GrpcLogAppender (GrpcLogAppender.java:onNext(257)) - f7ed0b0c-c89c-471c-8c37-09edce727015@group-D93938EF698D->c4f8bc01-7deb-4cd9-a6c1-654553e0e0ff-AppendLogResponseHandler: received the first reply f7ed0b0c-c89c-471c-8c37-09edce727015<-c4f8bc01-7deb-4cd9-a6c1-654553e0e0ff#0:FAIL,NOT_LEADER,nextIndex:1,term:2,followerCommit:-1, request=AppendEntriesRequest:cid=0,entriesCount=0,lastEntry=null
2020-07-02 08:47:43,825 [grpc-default-executor-3] INFO  server.GrpcServerProtocolService (GrpcServerProtocolService.java:onCompleted(138)) - c4f8bc01-7deb-4cd9-a6c1-654553e0e0ff: Completed APPEND_ENTRIES, lastRequest: f7ed0b0c-c89c-471c-8c37-09edce727015->c4f8bc01-7deb-4cd9-a6c1-654553e0e0ff#1-t1, previous=(t:0, i:0), leaderCommit=0, initializing? false, entries: size=1, first=(t:1, i:0), CONFIGURATIONENTRY
2020-07-02 08:47:43,822 [a3230122-e9f1-469c-a445-fc983e5286bd@group-D3309ECE33D4-LeaderElection27] INFO  impl.LeaderElection (LeaderElection.java:askForVotes(206)) - a3230122-e9f1-469c-a445-fc983e5286bd@group-D3309ECE33D4-LeaderElection27: begin an election at term 1 for -1: [a3230122-e9f1-469c-a445-fc983e5286bd:172.17.0.2:39051], old=null
2020-07-02 08:47:43,830 [a3230122-e9f1-469c-a445-fc983e5286bd@group-D3309ECE33D4-LeaderElection27] INFO  impl.RoleInfo (RoleInfo.java:shutdownLeaderElection(134)) - a3230122-e9f1-469c-a445-fc983e5286bd: shutdown LeaderElection
2020-07-02 08:47:43,830 [a3230122-e9f1-469c-a445-fc983e5286bd@group-D3309ECE33D4-LeaderElection27] INFO  impl.RaftServerImpl (RaftServerImpl.java:setRole(175)) - a3230122-e9f1-469c-a445-fc983e5286bd@group-D3309ECE33D4: changes role from CANDIDATE to LEADER at term 1 for changeToLeader
2020-07-02 08:47:43,830 [a3230122-e9f1-469c-a445-fc983e5286bd@group-D3309ECE33D4-LeaderElection27] INFO  ratis.XceiverServerRatis (XceiverServerRatis.java:handleLeaderChangedNotification(762)) - Leader change notification received for group: group-D3309ECE33D4 with new leaderId: a3230122-e9f1-469c-a445-fc983e5286bd
2020-07-02 08:47:43,830 [a3230122-e9f1-469c-a445-fc983e5286bd@group-D3309ECE33D4-LeaderElection27] INFO  impl.RaftServerImpl (ServerState.java:setLeader(255)) - a3230122-e9f1-469c-a445-fc983e5286bd@group-D3309ECE33D4: change Leader from null to a3230122-e9f1-469c-a445-fc983e5286bd at term 1 for becomeLeader, leader elected after 1086ms
2020-07-02 08:47:43,830 [a3230122-e9f1-469c-a445-fc983e5286bd@group-D3309ECE33D4-LeaderElection27] INFO  server.RaftServerConfigKeys (ConfUtils.java:logGet(44)) - raft.server.staging.catchup.gap = 1000 (default)
2020-07-02 08:47:43,830 [a3230122-e9f1-469c-a445-fc983e5286bd@group-D3309ECE33D4-LeaderElection27] INFO  server.RaftServerConfigKeys (ConfUtils.java:logGet(44)) - raft.server.rpc.sleep.time = 25ms (default)
2020-07-02 08:47:43,831 [a3230122-e9f1-469c-a445-fc983e5286bd@group-D3309ECE33D4-LeaderElection27] INFO  metrics.RatisMetrics (RatisMetrics.java:lambda$create$0(36)) - Creating Metrics Registry : ratis.log_appender.a3230122-e9f1-469c-a445-fc983e5286bd@group-D3309ECE33D4
2020-07-02 08:47:43,831 [a3230122-e9f1-469c-a445-fc983e5286bd@group-D3309ECE33D4-LeaderElection27] INFO  server.RaftServerConfigKeys (ConfUtils.java:logGet(44)) - raft.server.write.element-limit = 1024 (custom)
2020-07-02 08:47:43,831 [a3230122-e9f1-469c-a445-fc983e5286bd@group-D3309ECE33D4-LeaderElection27] INFO  server.RaftServerConfigKeys (ConfUtils.java:logGet(44)) - raft.server.write.byte-limit = 1073741824 (custom)
2020-07-02 08:47:43,831 [a3230122-e9f1-469c-a445-fc983e5286bd@group-D3309ECE33D4-LeaderElection27] INFO  server.RaftServerConfigKeys (ConfUtils.java:logGet(44)) - raft.server.watch.timeout = 3000ms (custom)
2020-07-02 08:47:43,831 [a3230122-e9f1-469c-a445-fc983e5286bd@group-D3309ECE33D4-LeaderElection27] INFO  server.RaftServerConfigKeys (ConfUtils.java:logGet(44)) - raft.server.watch.timeout.denomination = 1s (default)
2020-07-02 08:47:43,831 [a3230122-e9f1-469c-a445-fc983e5286bd@group-D3309ECE33D4-LeaderElection27] INFO  server.RaftServerConfigKeys (ConfUtils.java:logGet(44)) - raft.server.watch.element-limit = 65536 (default)
2020-07-02 08:47:43,831 [a3230122-e9f1-469c-a445-fc983e5286bd@group-D3309ECE33D4-LeaderElection27] INFO  impl.RoleInfo (RoleInfo.java:updateAndGet(143)) - a3230122-e9f1-469c-a445-fc983e5286bd: start LeaderState
2020-07-02 08:47:43,832 [a3230122-e9f1-469c-a445-fc983e5286bd@group-D3309ECE33D4-LeaderElection27] INFO  segmented.SegmentedRaftLogWorker (SegmentedRaftLogWorker.java:startLogSegment(397)) - a3230122-e9f1-469c-a445-fc983e5286bd@group-D3309ECE33D4-SegmentedRaftLogWorker: Starting segment from index:0
2020-07-02 08:47:43,830 [d4095b94-faf8-4714-9e04-9d2538430758@group-8E625A2998A3-LeaderElection28] INFO  impl.LeaderElection (LeaderElection.java:askForVotes(206)) - d4095b94-faf8-4714-9e04-9d2538430758@group-8E625A2998A3-LeaderElection28: begin an election at term 1 for -1: [a3230122-e9f1-469c-a445-fc983e5286bd:172.17.0.2:39051, b5ee9bf6-c323-4b90-8393-8aea495c4582:172.17.0.2:35087, d4095b94-faf8-4714-9e04-9d2538430758:172.17.0.2:35223], old=null
2020-07-02 08:47:43,829 [grpc-default-executor-4] INFO  impl.FollowerInfo (FollowerInfo.java:lambda$new$0(51)) - f7ed0b0c-c89c-471c-8c37-09edce727015@group-D93938EF698D->26f1b97f-198a-4bc6-840d-b3fa7ce7fcfa: nextIndex: updateUnconditionally 1 -> 0
2020-07-02 08:47:43,830 [grpc-default-executor-2] DEBUG server.GrpcLogAppender (GrpcLogAppender.java:onNext(257)) - f7ed0b0c-c89c-471c-8c37-09edce727015@group-D93938EF698D->c4f8bc01-7deb-4cd9-a6c1-654553e0e0ff-AppendLogResponseHandler: received a reply f7ed0b0c-c89c-471c-8c37-09edce727015<-c4f8bc01-7deb-4cd9-a6c1-654553e0e0ff#1:FAIL,NOT_LEADER,nextIndex:1,term:2,followerCommit:-1, request=AppendEntriesRequest:cid=1,entriesCount=1,lastEntry=(t:1, i:0)
2020-07-02 08:47:43,834 [grpc-default-executor-2] INFO  server.GrpcLogAppender (GrpcLogAppender.java:onCompleted(319)) - f7ed0b0c-c89c-471c-8c37-09edce727015@group-D93938EF698D->c4f8bc01-7deb-4cd9-a6c1-654553e0e0ff-AppendLogResponseHandler: follower responses appendEntries COMPLETED
2020-07-02 08:47:43,834 [grpc-default-executor-2] INFO  impl.FollowerInfo (FollowerInfo.java:lambda$new$0(51)) - f7ed0b0c-c89c-471c-8c37-09edce727015@group-D93938EF698D->c4f8bc01-7deb-4cd9-a6c1-654553e0e0ff: nextIndex: updateUnconditionally 1 -> 0
2020-07-02 08:47:43,835 [a3230122-e9f1-469c-a445-fc983e5286bd@group-D3309ECE33D4-SegmentedRaftLogWorker] INFO  segmented.SegmentedRaftLogWorker (SegmentedRaftLogWorker.java:execute(596)) - a3230122-e9f1-469c-a445-fc983e5286bd@group-D3309ECE33D4-SegmentedRaftLogWorker: created new log segment /github/workspace/mnt/ozone/hadoop-ozone/integration-test/target/test-dir/MiniOzoneClusterImpl-2ea21c0c-9bca-4642-a989-259fb4fcb281/datanode-4/data/ratis/bb978cf7-98ce-4e39-a660-d3309ece33d4/current/log_inprogress_0
2020-07-02 08:47:43,854 [a3230122-e9f1-469c-a445-fc983e5286bd@group-D3309ECE33D4-LeaderElection27] INFO  impl.RaftServerImpl (ServerState.java:setRaftConf(356)) - a3230122-e9f1-469c-a445-fc983e5286bd@group-D3309ECE33D4: set configuration 0: [a3230122-e9f1-469c-a445-fc983e5286bd:172.17.0.2:39051], old=null at 0
2020-07-02 08:47:43,865 [Thread-1258] INFO  impl.FollowerState (FollowerState.java:run(108)) - d4095b94-faf8-4714-9e04-9d2538430758@group-894020439AAD-FollowerState: change to CANDIDATE, lastRpcTime:1030ms, electionTimeout:1019ms
2020-07-02 08:47:43,865 [Thread-1258] INFO  impl.RoleInfo (RoleInfo.java:shutdownFollowerState(121)) - d4095b94-faf8-4714-9e04-9d2538430758: shutdown FollowerState
2020-07-02 08:47:43,865 [Thread-1258] INFO  impl.RaftServerImpl (RaftServerImpl.java:setRole(175)) - d4095b94-faf8-4714-9e04-9d2538430758@group-894020439AAD: changes role from  FOLLOWER to CANDIDATE at term 0 for changeToCandidate
2020-07-02 08:47:43,866 [Thread-1258] INFO  impl.RoleInfo (RoleInfo.java:updateAndGet(143)) - d4095b94-faf8-4714-9e04-9d2538430758: start LeaderElection
2020-07-02 08:47:43,872 [grpc-default-executor-3] DEBUG impl.RaftServerImpl (RaftServerImpl.java:requestVote(821)) - a3230122-e9f1-469c-a445-fc983e5286bd@group-8E625A2998A3: receive requestVote(d4095b94-faf8-4714-9e04-9d2538430758, group-8E625A2998A3, 1, (t:0, i:0))
2020-07-02 08:47:43,872 [grpc-default-executor-3] INFO  impl.RaftServerImpl (RaftServerImpl.java:setRole(175)) - a3230122-e9f1-469c-a445-fc983e5286bd@group-8E625A2998A3: changes role from  FOLLOWER to FOLLOWER at term 1 for recognizeCandidate:d4095b94-faf8-4714-9e04-9d2538430758
2020-07-02 08:47:43,872 [grpc-default-executor-3] INFO  impl.RoleInfo (RoleInfo.java:shutdownFollowerState(121)) - a3230122-e9f1-469c-a445-fc983e5286bd: shutdown FollowerState
2020-07-02 08:47:43,872 [grpc-default-executor-3] INFO  impl.RoleInfo (RoleInfo.java:updateAndGet(143)) - a3230122-e9f1-469c-a445-fc983e5286bd: start FollowerState
2020-07-02 08:47:43,872 [Thread-1254] INFO  impl.FollowerState (FollowerState.java:run(117)) - a3230122-e9f1-469c-a445-fc983e5286bd@group-8E625A2998A3-FollowerState was interrupted: java.lang.InterruptedException: sleep interrupted
2020-07-02 08:47:43,874 [grpc-default-executor-3] DEBUG impl.RaftServerImpl (RaftServerImpl.java:requestVote(853)) - a3230122-e9f1-469c-a445-fc983e5286bd@group-8E625A2998A3 replies to vote request: d4095b94-faf8-4714-9e04-9d2538430758<-a3230122-e9f1-469c-a445-fc983e5286bd#0:OK-t1. Peer's state: a3230122-e9f1-469c-a445-fc983e5286bd@group-8E625A2998A3:t1, leader=null, voted=d4095b94-faf8-4714-9e04-9d2538430758, raftlog=a3230122-e9f1-469c-a445-fc983e5286bd@group-8E625A2998A3-SegmentedRaftLog:OPENED:c-1,f-1,i0, conf=-1: [a3230122-e9f1-469c-a445-fc983e5286bd:172.17.0.2:39051, b5ee9bf6-c323-4b90-8393-8aea495c4582:172.17.0.2:35087, d4095b94-faf8-4714-9e04-9d2538430758:172.17.0.2:35223], old=null
2020-07-02 08:47:43,877 [d4095b94-faf8-4714-9e04-9d2538430758@group-8E625A2998A3-LeaderElection28] INFO  impl.LeaderElection (LeaderElection.java:logAndReturn(61)) - d4095b94-faf8-4714-9e04-9d2538430758@group-8E625A2998A3-LeaderElection28: Election PASSED; received 1 response(s) [d4095b94-faf8-4714-9e04-9d2538430758<-a3230122-e9f1-469c-a445-fc983e5286bd#0:OK-t1] and 0 exception(s); d4095b94-faf8-4714-9e04-9d2538430758@group-8E625A2998A3:t1, leader=null, voted=d4095b94-faf8-4714-9e04-9d2538430758, raftlog=d4095b94-faf8-4714-9e04-9d2538430758@group-8E625A2998A3-SegmentedRaftLog:OPENED:c-1,f-1,i0, conf=-1: [a3230122-e9f1-469c-a445-fc983e5286bd:172.17.0.2:39051, b5ee9bf6-c323-4b90-8393-8aea495c4582:172.17.0.2:35087, d4095b94-faf8-4714-9e04-9d2538430758:172.17.0.2:35223], old=null
2020-07-02 08:47:43,877 [d4095b94-faf8-4714-9e04-9d2538430758@group-8E625A2998A3-LeaderElection28] INFO  impl.RoleInfo (RoleInfo.java:shutdownLeaderElection(134)) - d4095b94-faf8-4714-9e04-9d2538430758: shutdown LeaderElection
2020-07-02 08:47:43,877 [d4095b94-faf8-4714-9e04-9d2538430758@group-8E625A2998A3-LeaderElection28] INFO  impl.RaftServerImpl (RaftServerImpl.java:setRole(175)) - d4095b94-faf8-4714-9e04-9d2538430758@group-8E625A2998A3: changes role from CANDIDATE to LEADER at term 1 for changeToLeader
2020-07-02 08:47:43,877 [d4095b94-faf8-4714-9e04-9d2538430758@group-8E625A2998A3-LeaderElection28] INFO  ratis.XceiverServerRatis (XceiverServerRatis.java:handleLeaderChangedNotification(762)) - Leader change notification received for group: group-8E625A2998A3 with new leaderId: d4095b94-faf8-4714-9e04-9d2538430758
2020-07-02 08:47:43,877 [d4095b94-faf8-4714-9e04-9d2538430758@group-8E625A2998A3-LeaderElection28] INFO  impl.RaftServerImpl (ServerState.java:setLeader(255)) - d4095b94-faf8-4714-9e04-9d2538430758@group-8E625A2998A3: change Leader from null to d4095b94-faf8-4714-9e04-9d2538430758 at term 1 for becomeLeader, leader elected after 1135ms
2020-07-02 08:47:43,877 [d4095b94-faf8-4714-9e04-9d2538430758@group-8E625A2998A3-LeaderElection28] INFO  server.RaftServerConfigKeys (ConfUtils.java:logGet(44)) - raft.server.staging.catchup.gap = 1000 (default)
2020-07-02 08:47:43,877 [d4095b94-faf8-4714-9e04-9d2538430758@group-8E625A2998A3-LeaderElection28] INFO  server.RaftServerConfigKeys (ConfUtils.java:logGet(44)) - raft.server.rpc.sleep.time = 25ms (default)
2020-07-02 08:47:43,877 [d4095b94-faf8-4714-9e04-9d2538430758@group-8E625A2998A3-LeaderElection28] INFO  metrics.RatisMetrics (RatisMetrics.java:lambda$create$0(36)) - Creating Metrics Registry : ratis.log_appender.d4095b94-faf8-4714-9e04-9d2538430758@group-8E625A2998A3
2020-07-02 08:47:43,878 [d4095b94-faf8-4714-9e04-9d2538430758@group-8E625A2998A3-LeaderElection28] INFO  server.RaftServerConfigKeys (ConfUtils.java:logGet(44)) - raft.server.write.element-limit = 1024 (custom)
2020-07-02 08:47:43,878 [d4095b94-faf8-4714-9e04-9d2538430758@group-8E625A2998A3-LeaderElection28] INFO  server.RaftServerConfigKeys (ConfUtils.java:logGet(44)) - raft.server.write.byte-limit = 1073741824 (custom)
2020-07-02 08:47:43,878 [EventQueue-PipelineReportForPipelineReportHandler] INFO  pipeline.PipelineStateManager (PipelineStateManager.java:openPipeline(131)) - Pipeline Pipeline[ Id: e550a23b-173f-4fb1-89ef-8e625a2998a3, Nodes: d4095b94-faf8-4714-9e04-9d2538430758{ip: 172.17.0.2, host: 06760bff8a89, networkLocation: /rack1, certSerialId: null}b5ee9bf6-c323-4b90-8393-8aea495c4582{ip: 172.17.0.2, host: 06760bff8a89, networkLocation: /rack1, certSerialId: null}a3230122-e9f1-469c-a445-fc983e5286bd{ip: 172.17.0.2, host: 06760bff8a89, networkLocation: /rack1, certSerialId: null}, Type:RATIS, Factor:THREE, State:ALLOCATED, leaderId:d4095b94-faf8-4714-9e04-9d2538430758, CreationTimestamp2020-07-02T08:47:39.816Z] moved to OPEN state
2020-07-02 08:47:43,881 [d4095b94-faf8-4714-9e04-9d2538430758@group-8E625A2998A3-LeaderElection28] INFO  server.RaftServerConfigKeys (ConfUtils.java:logGet(44)) - raft.server.watch.timeout = 3000ms (custom)
2020-07-02 08:47:43,882 [grpc-default-executor-2] DEBUG impl.RaftServerImpl (RaftServerImpl.java:requestVote(821)) - b5ee9bf6-c323-4b90-8393-8aea495c4582@group-8E625A2998A3: receive requestVote(d4095b94-faf8-4714-9e04-9d2538430758, group-8E625A2998A3, 1, (t:0, i:0))
2020-07-02 08:47:43,886 [grpc-default-executor-2] INFO  impl.RaftServerImpl (RaftServerImpl.java:setRole(175)) - b5ee9bf6-c323-4b90-8393-8aea495c4582@group-8E625A2998A3: changes role from  FOLLOWER to FOLLOWER at term 1 for recognizeCandidate:d4095b94-faf8-4714-9e04-9d2538430758
2020-07-02 08:47:43,887 [grpc-default-executor-2] INFO  impl.RoleInfo (RoleInfo.java:shutdownFollowerState(121)) - b5ee9bf6-c323-4b90-8393-8aea495c4582: shutdown FollowerState
2020-07-02 08:47:43,887 [grpc-default-executor-2] INFO  impl.RoleInfo (RoleInfo.java:updateAndGet(143)) - b5ee9bf6-c323-4b90-8393-8aea495c4582: start FollowerState
2020-07-02 08:47:43,883 [d4095b94-faf8-4714-9e04-9d2538430758@group-894020439AAD-LeaderElection29] INFO  impl.LeaderElection (LeaderElection.java:askForVotes(206)) - d4095b94-faf8-4714-9e04-9d2538430758@group-894020439AAD-LeaderElection29: begin an election at term 1 for -1: [d4095b94-faf8-4714-9e04-9d2538430758:172.17.0.2:35223], old=null
2020-07-02 08:47:43,887 [d4095b94-faf8-4714-9e04-9d2538430758@group-894020439AAD-LeaderElection29] INFO  impl.RoleInfo (RoleInfo.java:shutdownLeaderElection(134)) - d4095b94-faf8-4714-9e04-9d2538430758: shutdown LeaderElection
2020-07-02 08:47:43,887 [d4095b94-faf8-4714-9e04-9d2538430758@group-894020439AAD-LeaderElection29] INFO  impl.RaftServerImpl (RaftServerImpl.java:setRole(175)) - d4095b94-faf8-4714-9e04-9d2538430758@group-894020439AAD: changes role from CANDIDATE to LEADER at term 1 for changeToLeader
2020-07-02 08:47:43,887 [d4095b94-faf8-4714-9e04-9d2538430758@group-894020439AAD-LeaderElection29] INFO  ratis.XceiverServerRatis (XceiverServerRatis.java:handleLeaderChangedNotification(762)) - Leader change notification received for group: group-894020439AAD with new leaderId: d4095b94-faf8-4714-9e04-9d2538430758
2020-07-02 08:47:43,887 [d4095b94-faf8-4714-9e04-9d2538430758@group-894020439AAD-LeaderElection29] INFO  impl.RaftServerImpl (ServerState.java:setLeader(255)) - d4095b94-faf8-4714-9e04-9d2538430758@group-894020439AAD: change Leader from null to d4095b94-faf8-4714-9e04-9d2538430758 at term 1 for becomeLeader, leader elected after 1065ms
2020-07-02 08:47:43,887 [d4095b94-faf8-4714-9e04-9d2538430758@group-894020439AAD-LeaderElection29] INFO  server.RaftServerConfigKeys (ConfUtils.java:logGet(44)) - raft.server.staging.catchup.gap = 1000 (default)
2020-07-02 08:47:43,887 [d4095b94-faf8-4714-9e04-9d2538430758@group-894020439AAD-LeaderElection29] INFO  server.RaftServerConfigKeys (ConfUtils.java:logGet(44)) - raft.server.rpc.sleep.time = 25ms (default)
2020-07-02 08:47:43,887 [d4095b94-faf8-4714-9e04-9d2538430758@group-894020439AAD-LeaderElection29] INFO  metrics.RatisMetrics (RatisMetrics.java:lambda$create$0(36)) - Creating Metrics Registry : ratis.log_appender.d4095b94-faf8-4714-9e04-9d2538430758@group-894020439AAD
2020-07-02 08:47:43,887 [d4095b94-faf8-4714-9e04-9d2538430758@group-894020439AAD-LeaderElection29] INFO  server.RaftServerConfigKeys (ConfUtils.java:logGet(44)) - raft.server.write.element-limit = 1024 (custom)
2020-07-02 08:47:43,887 [d4095b94-faf8-4714-9e04-9d2538430758@group-894020439AAD-LeaderElection29] INFO  server.RaftServerConfigKeys (ConfUtils.java:logGet(44)) - raft.server.write.byte-limit = 1073741824 (custom)
2020-07-02 08:47:43,888 [d4095b94-faf8-4714-9e04-9d2538430758@group-894020439AAD-LeaderElection29] INFO  server.RaftServerConfigKeys (ConfUtils.java:logGet(44)) - raft.server.watch.timeout = 3000ms (custom)
2020-07-02 08:47:43,882 [d4095b94-faf8-4714-9e04-9d2538430758@group-8E625A2998A3-LeaderElection28] INFO  server.RaftServerConfigKeys (ConfUtils.java:logGet(44)) - raft.server.watch.timeout.denomination = 1s (default)
2020-07-02 08:47:43,888 [grpc-default-executor-2] DEBUG impl.RaftServerImpl (RaftServerImpl.java:requestVote(853)) - b5ee9bf6-c323-4b90-8393-8aea495c4582@group-8E625A2998A3 replies to vote request: d4095b94-faf8-4714-9e04-9d2538430758<-b5ee9bf6-c323-4b90-8393-8aea495c4582#0:OK-t1. Peer's state: b5ee9bf6-c323-4b90-8393-8aea495c4582@group-8E625A2998A3:t1, leader=null, voted=d4095b94-faf8-4714-9e04-9d2538430758, raftlog=b5ee9bf6-c323-4b90-8393-8aea495c4582@group-8E625A2998A3-SegmentedRaftLog:OPENED:c-1,f-1,i0, conf=-1: [a3230122-e9f1-469c-a445-fc983e5286bd:172.17.0.2:39051, b5ee9bf6-c323-4b90-8393-8aea495c4582:172.17.0.2:35087, d4095b94-faf8-4714-9e04-9d2538430758:172.17.0.2:35223], old=null
2020-07-02 08:47:43,889 [d4095b94-faf8-4714-9e04-9d2538430758@group-894020439AAD-LeaderElection29] INFO  server.RaftServerConfigKeys (ConfUtils.java:logGet(44)) - raft.server.watch.timeout.denomination = 1s (default)
2020-07-02 08:47:43,887 [Thread-1246] INFO  impl.FollowerState (FollowerState.java:run(117)) - b5ee9bf6-c323-4b90-8393-8aea495c4582@group-8E625A2998A3-FollowerState was interrupted: java.lang.InterruptedException: sleep interrupted
2020-07-02 08:47:43,890 [d4095b94-faf8-4714-9e04-9d2538430758@group-894020439AAD-LeaderElection29] INFO  server.RaftServerConfigKeys (ConfUtils.java:logGet(44)) - raft.server.watch.element-limit = 65536 (default)
2020-07-02 08:47:43,892 [d4095b94-faf8-4714-9e04-9d2538430758@group-894020439AAD-LeaderElection29] INFO  impl.RoleInfo (RoleInfo.java:updateAndGet(143)) - d4095b94-faf8-4714-9e04-9d2538430758: start LeaderState
2020-07-02 08:47:43,892 [d4095b94-faf8-4714-9e04-9d2538430758@group-894020439AAD-LeaderElection29] INFO  segmented.SegmentedRaftLogWorker (SegmentedRaftLogWorker.java:startLogSegment(397)) - d4095b94-faf8-4714-9e04-9d2538430758@group-894020439AAD-SegmentedRaftLogWorker: Starting segment from index:0
2020-07-02 08:47:43,889 [d4095b94-faf8-4714-9e04-9d2538430758@group-8E625A2998A3-LeaderElection28] INFO  server.RaftServerConfigKeys (ConfUtils.java:logGet(44)) - raft.server.watch.element-limit = 65536 (default)
2020-07-02 08:47:43,892 [d4095b94-faf8-4714-9e04-9d2538430758@group-8E625A2998A3-LeaderElection28] INFO  server.RaftServerConfigKeys (ConfUtils.java:logGet(44)) - raft.server.log.appender.snapshot.chunk.size.max = 16MB (=16777216) (default)
2020-07-02 08:47:43,892 [d4095b94-faf8-4714-9e04-9d2538430758@group-8E625A2998A3-LeaderElection28] INFO  server.RaftServerConfigKeys (ConfUtils.java:logGet(44)) - raft.server.log.appender.buffer.byte-limit = 33554432 (custom)
2020-07-02 08:47:43,893 [d4095b94-faf8-4714-9e04-9d2538430758@group-8E625A2998A3-LeaderElection28] INFO  server.RaftServerConfigKeys (ConfUtils.java:logGet(44)) - raft.server.log.appender.buffer.element-limit = 1 (custom)
2020-07-02 08:47:43,893 [d4095b94-faf8-4714-9e04-9d2538430758@group-8E625A2998A3-LeaderElection28] INFO  grpc.GrpcConfigKeys (ConfUtils.java:logGet(44)) - raft.grpc.server.leader.outstanding.appends.max = 128 (default)
2020-07-02 08:47:43,893 [d4095b94-faf8-4714-9e04-9d2538430758@group-8E625A2998A3-LeaderElection28] INFO  server.RaftServerConfigKeys (ConfUtils.java:logGet(44)) - raft.server.rpc.request.timeout = 3000ms (default)
2020-07-02 08:47:43,893 [d4095b94-faf8-4714-9e04-9d2538430758@group-8E625A2998A3-LeaderElection28] INFO  server.RaftServerConfigKeys (ConfUtils.java:logGet(44)) - raft.server.log.appender.install.snapshot.enabled = false (custom)
2020-07-02 08:47:43,893 [d4095b94-faf8-4714-9e04-9d2538430758@group-8E625A2998A3-LeaderElection28] INFO  metrics.RatisMetrics (RatisMetrics.java:lambda$create$0(36)) - Creating Metrics Registry : ratis_grpc.log_appender.d4095b94-faf8-4714-9e04-9d2538430758@group-8E625A2998A3
2020-07-02 08:47:43,899 [d4095b94-faf8-4714-9e04-9d2538430758@group-8E625A2998A3-LeaderElection28] INFO  server.RaftServerConfigKeys (ConfUtils.java:logGet(44)) - raft.server.log.appender.snapshot.chunk.size.max = 16MB (=16777216) (default)
2020-07-02 08:47:43,899 [d4095b94-faf8-4714-9e04-9d2538430758@group-8E625A2998A3-LeaderElection28] INFO  server.RaftServerConfigKeys (ConfUtils.java:logGet(44)) - raft.server.log.appender.buffer.byte-limit = 33554432 (custom)
2020-07-02 08:47:43,899 [d4095b94-faf8-4714-9e04-9d2538430758@group-894020439AAD-SegmentedRaftLogWorker] INFO  segmented.SegmentedRaftLogWorker (SegmentedRaftLogWorker.java:execute(596)) - d4095b94-faf8-4714-9e04-9d2538430758@group-894020439AAD-SegmentedRaftLogWorker: created new log segment /github/workspace/mnt/ozone/hadoop-ozone/integration-test/target/test-dir/MiniOzoneClusterImpl-2ea21c0c-9bca-4642-a989-259fb4fcb281/datanode-5/data/ratis/1d2fcee6-eef7-4565-8960-894020439aad/current/log_inprogress_0
2020-07-02 08:47:43,900 [d4095b94-faf8-4714-9e04-9d2538430758@group-8E625A2998A3-LeaderElection28] INFO  server.RaftServerConfigKeys (ConfUtils.java:logGet(44)) - raft.server.log.appender.buffer.element-limit = 1 (custom)
2020-07-02 08:47:43,905 [d4095b94-faf8-4714-9e04-9d2538430758@group-894020439AAD-LeaderElection29] INFO  impl.RaftServerImpl (ServerState.java:setRaftConf(356)) - d4095b94-faf8-4714-9e04-9d2538430758@group-894020439AAD: set configuration 0: [d4095b94-faf8-4714-9e04-9d2538430758:172.17.0.2:35223], old=null at 0
2020-07-02 08:47:43,907 [d4095b94-faf8-4714-9e04-9d2538430758@group-8E625A2998A3-LeaderElection28] INFO  grpc.GrpcConfigKeys (ConfUtils.java:logGet(44)) - raft.grpc.server.leader.outstanding.appends.max = 128 (default)
2020-07-02 08:47:43,908 [d4095b94-faf8-4714-9e04-9d2538430758@group-8E625A2998A3-LeaderElection28] INFO  server.RaftServerConfigKeys (ConfUtils.java:logGet(44)) - raft.server.rpc.request.timeout = 3000ms (default)
2020-07-02 08:47:43,908 [d4095b94-faf8-4714-9e04-9d2538430758@group-8E625A2998A3-LeaderElection28] INFO  server.RaftServerConfigKeys (ConfUtils.java:logGet(44)) - raft.server.log.appender.install.snapshot.enabled = false (custom)
2020-07-02 08:47:43,909 [d4095b94-faf8-4714-9e04-9d2538430758@group-8E625A2998A3-LeaderElection28] INFO  impl.RoleInfo (RoleInfo.java:updateAndGet(143)) - d4095b94-faf8-4714-9e04-9d2538430758: start LeaderState
2020-07-02 08:47:43,909 [d4095b94-faf8-4714-9e04-9d2538430758@group-8E625A2998A3-LeaderElection28] INFO  segmented.SegmentedRaftLogWorker (SegmentedRaftLogWorker.java:startLogSegment(397)) - d4095b94-faf8-4714-9e04-9d2538430758@group-8E625A2998A3-SegmentedRaftLogWorker: Starting segment from index:0
2020-07-02 08:47:43,910 [d4095b94-faf8-4714-9e04-9d2538430758@group-8E625A2998A3-SegmentedRaftLogWorker] INFO  segmented.SegmentedRaftLogWorker (SegmentedRaftLogWorker.java:execute(596)) - d4095b94-faf8-4714-9e04-9d2538430758@group-8E625A2998A3-SegmentedRaftLogWorker: created new log segment /github/workspace/mnt/ozone/hadoop-ozone/integration-test/target/test-dir/MiniOzoneClusterImpl-2ea21c0c-9bca-4642-a989-259fb4fcb281/datanode-5/data/ratis/e550a23b-173f-4fb1-89ef-8e625a2998a3/current/log_inprogress_0
2020-07-02 08:47:43,913 [grpc-default-executor-3] INFO  ratis.XceiverServerRatis (XceiverServerRatis.java:handleLeaderChangedNotification(762)) - Leader change notification received for group: group-8E625A2998A3 with new leaderId: d4095b94-faf8-4714-9e04-9d2538430758
2020-07-02 08:47:43,913 [grpc-default-executor-3] INFO  impl.RaftServerImpl (ServerState.java:setLeader(255)) - a3230122-e9f1-469c-a445-fc983e5286bd@group-8E625A2998A3: change Leader from null to d4095b94-faf8-4714-9e04-9d2538430758 at term 1 for appendEntries, leader elected after 1139ms
2020-07-02 08:47:43,914 [d4095b94-faf8-4714-9e04-9d2538430758@group-8E625A2998A3-LeaderElection28] INFO  impl.RaftServerImpl (ServerState.java:setRaftConf(356)) - d4095b94-faf8-4714-9e04-9d2538430758@group-8E625A2998A3: set configuration 0: [a3230122-e9f1-469c-a445-fc983e5286bd:172.17.0.2:39051, b5ee9bf6-c323-4b90-8393-8aea495c4582:172.17.0.2:35087, d4095b94-faf8-4714-9e04-9d2538430758:172.17.0.2:35223], old=null at 0
2020-07-02 08:47:43,927 [grpc-default-executor-2] INFO  ratis.XceiverServerRatis (XceiverServerRatis.java:handleLeaderChangedNotification(762)) - Leader change notification received for group: group-8E625A2998A3 with new leaderId: d4095b94-faf8-4714-9e04-9d2538430758
2020-07-02 08:47:43,930 [grpc-default-executor-2] INFO  impl.RaftServerImpl (ServerState.java:setLeader(255)) - b5ee9bf6-c323-4b90-8393-8aea495c4582@group-8E625A2998A3: change Leader from null to d4095b94-faf8-4714-9e04-9d2538430758 at term 1 for appendEntries, leader elected after 1206ms
2020-07-02 08:47:43,928 [grpc-default-executor-3] DEBUG impl.RaftServerImpl (RaftServerImpl.java:logAppendEntries(928)) - a3230122-e9f1-469c-a445-fc983e5286bd@group-8E625A2998A3: receive appendEntries(d4095b94-faf8-4714-9e04-9d2538430758, 1, null, -1, false, commits[d4095b94-faf8-4714-9e04-9d2538430758:c-1, a3230122-e9f1-469c-a445-fc983e5286bd:c-1, b5ee9bf6-c323-4b90-8393-8aea495c4582:c-1], entries: (t:1, i:0), CONFIGURATIONENTRY
2020-07-02 08:47:43,931 [grpc-default-executor-3] INFO  impl.RaftServerImpl (ServerState.java:setRaftConf(356)) - a3230122-e9f1-469c-a445-fc983e5286bd@group-8E625A2998A3: set configuration 0: [a3230122-e9f1-469c-a445-fc983e5286bd:172.17.0.2:39051, b5ee9bf6-c323-4b90-8393-8aea495c4582:172.17.0.2:35087, d4095b94-faf8-4714-9e04-9d2538430758:172.17.0.2:35223], old=null at 0
2020-07-02 08:47:43,932 [grpc-default-executor-3] INFO  segmented.SegmentedRaftLogWorker (SegmentedRaftLogWorker.java:startLogSegment(397)) - a3230122-e9f1-469c-a445-fc983e5286bd@group-8E625A2998A3-SegmentedRaftLogWorker: Starting segment from index:0
2020-07-02 08:47:43,933 [grpc-default-executor-2] DEBUG impl.RaftServerImpl (RaftServerImpl.java:logAppendEntries(928)) - b5ee9bf6-c323-4b90-8393-8aea495c4582@group-8E625A2998A3: receive appendEntries(d4095b94-faf8-4714-9e04-9d2538430758, 1, null, -1, false, commits[d4095b94-faf8-4714-9e04-9d2538430758:c-1, a3230122-e9f1-469c-a445-fc983e5286bd:c-1, b5ee9bf6-c323-4b90-8393-8aea495c4582:c-1], entries: (t:1, i:0), CONFIGURATIONENTRY
2020-07-02 08:47:43,933 [grpc-default-executor-2] INFO  impl.RaftServerImpl (ServerState.java:setRaftConf(356)) - b5ee9bf6-c323-4b90-8393-8aea495c4582@group-8E625A2998A3: set configuration 0: [a3230122-e9f1-469c-a445-fc983e5286bd:172.17.0.2:39051, b5ee9bf6-c323-4b90-8393-8aea495c4582:172.17.0.2:35087, d4095b94-faf8-4714-9e04-9d2538430758:172.17.0.2:35223], old=null at 0
2020-07-02 08:47:43,933 [grpc-default-executor-2] INFO  segmented.SegmentedRaftLogWorker (SegmentedRaftLogWorker.java:startLogSegment(397)) - b5ee9bf6-c323-4b90-8393-8aea495c4582@group-8E625A2998A3-SegmentedRaftLogWorker: Starting segment from index:0
2020-07-02 08:47:43,938 [b5ee9bf6-c323-4b90-8393-8aea495c4582@group-8E625A2998A3-SegmentedRaftLogWorker] INFO  segmented.SegmentedRaftLogWorker (SegmentedRaftLogWorker.java:execute(596)) - b5ee9bf6-c323-4b90-8393-8aea495c4582@group-8E625A2998A3-SegmentedRaftLogWorker: created new log segment /github/workspace/mnt/ozone/hadoop-ozone/integration-test/target/test-dir/MiniOzoneClusterImpl-2ea21c0c-9bca-4642-a989-259fb4fcb281/datanode-3/data/ratis/e550a23b-173f-4fb1-89ef-8e625a2998a3/current/log_inprogress_0
2020-07-02 08:47:43,938 [a3230122-e9f1-469c-a445-fc983e5286bd@group-8E625A2998A3-SegmentedRaftLogWorker] INFO  segmented.SegmentedRaftLogWorker (SegmentedRaftLogWorker.java:execute(596)) - a3230122-e9f1-469c-a445-fc983e5286bd@group-8E625A2998A3-SegmentedRaftLogWorker: created new log segment /github/workspace/mnt/ozone/hadoop-ozone/integration-test/target/test-dir/MiniOzoneClusterImpl-2ea21c0c-9bca-4642-a989-259fb4fcb281/datanode-4/data/ratis/e550a23b-173f-4fb1-89ef-8e625a2998a3/current/log_inprogress_0
2020-07-02 08:47:43,939 [grpc-default-executor-3] DEBUG server.GrpcLogAppender (GrpcLogAppender.java:onNext(257)) - d4095b94-faf8-4714-9e04-9d2538430758@group-8E625A2998A3->b5ee9bf6-c323-4b90-8393-8aea495c4582-AppendLogResponseHandler: received the first reply d4095b94-faf8-4714-9e04-9d2538430758<-b5ee9bf6-c323-4b90-8393-8aea495c4582#0:OK,SUCCESS,nextIndex:1,term:1,followerCommit:-1, request=AppendEntriesRequest:cid=0,entriesCount=0,lastEntry=null
2020-07-02 08:47:43,939 [grpc-default-executor-2] DEBUG server.GrpcLogAppender (GrpcLogAppender.java:onNext(257)) - d4095b94-faf8-4714-9e04-9d2538430758@group-8E625A2998A3->a3230122-e9f1-469c-a445-fc983e5286bd-AppendLogResponseHandler: received the first reply d4095b94-faf8-4714-9e04-9d2538430758<-a3230122-e9f1-469c-a445-fc983e5286bd#0:OK,SUCCESS,nextIndex:1,term:1,followerCommit:-1, request=AppendEntriesRequest:cid=0,entriesCount=0,lastEntry=null
2020-07-02 08:47:43,941 [Thread-1312] DEBUG impl.RaftServerImpl (RaftServerImpl.java:logAppendEntries(928)) - b5ee9bf6-c323-4b90-8393-8aea495c4582@group-8E625A2998A3: succeeded to handle AppendEntries. Reply: d4095b94-faf8-4714-9e04-9d2538430758<-b5ee9bf6-c323-4b90-8393-8aea495c4582#1:OK,SUCCESS,nextIndex:1,term:1,followerCommit:-1
2020-07-02 08:47:43,941 [grpc-default-executor-2] DEBUG server.GrpcLogAppender (GrpcLogAppender.java:onNext(257)) - d4095b94-faf8-4714-9e04-9d2538430758@group-8E625A2998A3->b5ee9bf6-c323-4b90-8393-8aea495c4582-AppendLogResponseHandler: received a reply d4095b94-faf8-4714-9e04-9d2538430758<-b5ee9bf6-c323-4b90-8393-8aea495c4582#1:OK,SUCCESS,nextIndex:1,term:1,followerCommit:-1, request=AppendEntriesRequest:cid=1,entriesCount=1,lastEntry=(t:1, i:0)
2020-07-02 08:47:43,942 [Thread-1313] DEBUG impl.RaftServerImpl (RaftServerImpl.java:logAppendEntries(928)) - a3230122-e9f1-469c-a445-fc983e5286bd@group-8E625A2998A3: succeeded to handle AppendEntries. Reply: d4095b94-faf8-4714-9e04-9d2538430758<-a3230122-e9f1-469c-a445-fc983e5286bd#1:OK,SUCCESS,nextIndex:1,term:1,followerCommit:-1
2020-07-02 08:47:43,942 [grpc-default-executor-2] DEBUG server.GrpcLogAppender (GrpcLogAppender.java:onNext(257)) - d4095b94-faf8-4714-9e04-9d2538430758@group-8E625A2998A3->a3230122-e9f1-469c-a445-fc983e5286bd-AppendLogResponseHandler: received a reply d4095b94-faf8-4714-9e04-9d2538430758<-a3230122-e9f1-469c-a445-fc983e5286bd#1:OK,SUCCESS,nextIndex:1,term:1,followerCommit:-1, request=AppendEntriesRequest:cid=1,entriesCount=1,lastEntry=(t:1, i:0)
2020-07-02 08:47:43,975 [Thread-1262] INFO  impl.FollowerState (FollowerState.java:run(108)) - b62aeb05-24ab-4842-8919-6c05a4e657f5@group-32BF70E33156-FollowerState: change to CANDIDATE, lastRpcTime:1067ms, electionTimeout:1066ms
2020-07-02 08:47:43,975 [Thread-1262] INFO  impl.RoleInfo (RoleInfo.java:shutdownFollowerState(121)) - b62aeb05-24ab-4842-8919-6c05a4e657f5: shutdown FollowerState
2020-07-02 08:47:43,975 [Thread-1262] INFO  impl.RaftServerImpl (RaftServerImpl.java:setRole(175)) - b62aeb05-24ab-4842-8919-6c05a4e657f5@group-32BF70E33156: changes role from  FOLLOWER to CANDIDATE at term 0 for changeToCandidate
2020-07-02 08:47:43,975 [Thread-1262] INFO  impl.RoleInfo (RoleInfo.java:updateAndGet(143)) - b62aeb05-24ab-4842-8919-6c05a4e657f5: start LeaderElection
2020-07-02 08:47:43,978 [b62aeb05-24ab-4842-8919-6c05a4e657f5@group-32BF70E33156-LeaderElection30] INFO  impl.LeaderElection (LeaderElection.java:askForVotes(206)) - b62aeb05-24ab-4842-8919-6c05a4e657f5@group-32BF70E33156-LeaderElection30: begin an election at term 1 for -1: [7d30d443-236e-4da8-b613-0865c2b8e378:172.17.0.2:36199, b62aeb05-24ab-4842-8919-6c05a4e657f5:172.17.0.2:40851, aab70d5c-3498-440f-806b-05f26fe37e72:172.17.0.2:40789], old=null
2020-07-02 08:47:43,984 [grpc-default-executor-2] DEBUG impl.RaftServerImpl (RaftServerImpl.java:requestVote(821)) - 7d30d443-236e-4da8-b613-0865c2b8e378@group-32BF70E33156: receive requestVote(b62aeb05-24ab-4842-8919-6c05a4e657f5, group-32BF70E33156, 1, (t:0, i:0))
2020-07-02 08:47:43,984 [grpc-default-executor-2] INFO  impl.RaftServerImpl (RaftServerImpl.java:setRole(175)) - 7d30d443-236e-4da8-b613-0865c2b8e378@group-32BF70E33156: changes role from  FOLLOWER to FOLLOWER at term 1 for recognizeCandidate:b62aeb05-24ab-4842-8919-6c05a4e657f5
2020-07-02 08:47:43,984 [grpc-default-executor-2] INFO  impl.RoleInfo (RoleInfo.java:shutdownFollowerState(121)) - 7d30d443-236e-4da8-b613-0865c2b8e378: shutdown FollowerState
2020-07-02 08:47:43,984 [grpc-default-executor-2] INFO  impl.RoleInfo (RoleInfo.java:updateAndGet(143)) - 7d30d443-236e-4da8-b613-0865c2b8e378: start FollowerState
2020-07-02 08:47:43,984 [Thread-1264] INFO  impl.FollowerState (FollowerState.java:run(117)) - 7d30d443-236e-4da8-b613-0865c2b8e378@group-32BF70E33156-FollowerState was interrupted: java.lang.InterruptedException: sleep interrupted
2020-07-02 08:47:43,993 [grpc-default-executor-3] DEBUG impl.RaftServerImpl (RaftServerImpl.java:requestVote(821)) - aab70d5c-3498-440f-806b-05f26fe37e72@group-32BF70E33156: receive requestVote(b62aeb05-24ab-4842-8919-6c05a4e657f5, group-32BF70E33156, 1, (t:0, i:0))
2020-07-02 08:47:43,994 [grpc-default-executor-3] INFO  impl.RaftServerImpl (RaftServerImpl.java:setRole(175)) - aab70d5c-3498-440f-806b-05f26fe37e72@group-32BF70E33156: changes role from  FOLLOWER to FOLLOWER at term 1 for recognizeCandidate:b62aeb05-24ab-4842-8919-6c05a4e657f5
2020-07-02 08:47:43,994 [grpc-default-executor-3] INFO  impl.RoleInfo (RoleInfo.java:shutdownFollowerState(121)) - aab70d5c-3498-440f-806b-05f26fe37e72: shutdown FollowerState
2020-07-02 08:47:43,994 [grpc-default-executor-3] INFO  impl.RoleInfo (RoleInfo.java:updateAndGet(143)) - aab70d5c-3498-440f-806b-05f26fe37e72: start FollowerState
2020-07-02 08:47:43,994 [Thread-1268] INFO  impl.FollowerState (FollowerState.java:run(117)) - aab70d5c-3498-440f-806b-05f26fe37e72@group-32BF70E33156-FollowerState was interrupted: java.lang.InterruptedException: sleep interrupted
2020-07-02 08:47:43,995 [grpc-default-executor-2] DEBUG impl.RaftServerImpl (RaftServerImpl.java:requestVote(853)) - 7d30d443-236e-4da8-b613-0865c2b8e378@group-32BF70E33156 replies to vote request: b62aeb05-24ab-4842-8919-6c05a4e657f5<-7d30d443-236e-4da8-b613-0865c2b8e378#0:OK-t1. Peer's state: 7d30d443-236e-4da8-b613-0865c2b8e378@group-32BF70E33156:t1, leader=null, voted=b62aeb05-24ab-4842-8919-6c05a4e657f5, raftlog=7d30d443-236e-4da8-b613-0865c2b8e378@group-32BF70E33156-SegmentedRaftLog:OPENED:c-1,f-1,i0, conf=-1: [7d30d443-236e-4da8-b613-0865c2b8e378:172.17.0.2:36199, b62aeb05-24ab-4842-8919-6c05a4e657f5:172.17.0.2:40851, aab70d5c-3498-440f-806b-05f26fe37e72:172.17.0.2:40789], old=null
2020-07-02 08:47:43,998 [grpc-default-executor-3] DEBUG impl.RaftServerImpl (RaftServerImpl.java:requestVote(853)) - aab70d5c-3498-440f-806b-05f26fe37e72@group-32BF70E33156 replies to vote request: b62aeb05-24ab-4842-8919-6c05a4e657f5<-aab70d5c-3498-440f-806b-05f26fe37e72#0:OK-t1. Peer's state: aab70d5c-3498-440f-806b-05f26fe37e72@group-32BF70E33156:t1, leader=null, voted=b62aeb05-24ab-4842-8919-6c05a4e657f5, raftlog=aab70d5c-3498-440f-806b-05f26fe37e72@group-32BF70E33156-SegmentedRaftLog:OPENED:c-1,f-1,i0, conf=-1: [7d30d443-236e-4da8-b613-0865c2b8e378:172.17.0.2:36199, b62aeb05-24ab-4842-8919-6c05a4e657f5:172.17.0.2:40851, aab70d5c-3498-440f-806b-05f26fe37e72:172.17.0.2:40789], old=null
2020-07-02 08:47:44,000 [b62aeb05-24ab-4842-8919-6c05a4e657f5@group-32BF70E33156-LeaderElection30] INFO  impl.LeaderElection (LeaderElection.java:logAndReturn(61)) - b62aeb05-24ab-4842-8919-6c05a4e657f5@group-32BF70E33156-LeaderElection30: Election PASSED; received 1 response(s) [b62aeb05-24ab-4842-8919-6c05a4e657f5<-7d30d443-236e-4da8-b613-0865c2b8e378#0:OK-t1] and 0 exception(s); b62aeb05-24ab-4842-8919-6c05a4e657f5@group-32BF70E33156:t1, leader=null, voted=b62aeb05-24ab-4842-8919-6c05a4e657f5, raftlog=b62aeb05-24ab-4842-8919-6c05a4e657f5@group-32BF70E33156-SegmentedRaftLog:OPENED:c-1,f-1,i0, conf=-1: [7d30d443-236e-4da8-b613-0865c2b8e378:172.17.0.2:36199, b62aeb05-24ab-4842-8919-6c05a4e657f5:172.17.0.2:40851, aab70d5c-3498-440f-806b-05f26fe37e72:172.17.0.2:40789], old=null
2020-07-02 08:47:44,000 [b62aeb05-24ab-4842-8919-6c05a4e657f5@group-32BF70E33156-LeaderElection30] INFO  impl.RoleInfo (RoleInfo.java:shutdownLeaderElection(134)) - b62aeb05-24ab-4842-8919-6c05a4e657f5: shutdown LeaderElection
2020-07-02 08:47:44,000 [b62aeb05-24ab-4842-8919-6c05a4e657f5@group-32BF70E33156-LeaderElection30] INFO  impl.RaftServerImpl (RaftServerImpl.java:setRole(175)) - b62aeb05-24ab-4842-8919-6c05a4e657f5@group-32BF70E33156: changes role from CANDIDATE to LEADER at term 1 for changeToLeader
2020-07-02 08:47:44,001 [b62aeb05-24ab-4842-8919-6c05a4e657f5@group-32BF70E33156-LeaderElection30] INFO  ratis.XceiverServerRatis (XceiverServerRatis.java:handleLeaderChangedNotification(762)) - Leader change notification received for group: group-32BF70E33156 with new leaderId: b62aeb05-24ab-4842-8919-6c05a4e657f5
2020-07-02 08:47:44,001 [b62aeb05-24ab-4842-8919-6c05a4e657f5@group-32BF70E33156-LeaderElection30] INFO  impl.RaftServerImpl (ServerState.java:setLeader(255)) - b62aeb05-24ab-4842-8919-6c05a4e657f5@group-32BF70E33156: change Leader from null to b62aeb05-24ab-4842-8919-6c05a4e657f5 at term 1 for becomeLeader, leader elected after 1104ms
2020-07-02 08:47:44,001 [b62aeb05-24ab-4842-8919-6c05a4e657f5@group-32BF70E33156-LeaderElection30] INFO  server.RaftServerConfigKeys (ConfUtils.java:logGet(44)) - raft.server.staging.catchup.gap = 1000 (default)
2020-07-02 08:47:44,001 [b62aeb05-24ab-4842-8919-6c05a4e657f5@group-32BF70E33156-LeaderElection30] INFO  server.RaftServerConfigKeys (ConfUtils.java:logGet(44)) - raft.server.rpc.sleep.time = 25ms (default)
2020-07-02 08:47:44,001 [b62aeb05-24ab-4842-8919-6c05a4e657f5@group-32BF70E33156-LeaderElection30] INFO  metrics.RatisMetrics (RatisMetrics.java:lambda$create$0(36)) - Creating Metrics Registry : ratis.log_appender.b62aeb05-24ab-4842-8919-6c05a4e657f5@group-32BF70E33156
2020-07-02 08:47:44,001 [b62aeb05-24ab-4842-8919-6c05a4e657f5@group-32BF70E33156-LeaderElection30] INFO  server.RaftServerConfigKeys (ConfUtils.java:logGet(44)) - raft.server.write.element-limit = 1024 (custom)
2020-07-02 08:47:44,001 [b62aeb05-24ab-4842-8919-6c05a4e657f5@group-32BF70E33156-LeaderElection30] INFO  server.RaftServerConfigKeys (ConfUtils.java:logGet(44)) - raft.server.write.byte-limit = 1073741824 (custom)
2020-07-02 08:47:44,001 [EventQueue-PipelineReportForPipelineReportHandler] INFO  pipeline.PipelineStateManager (PipelineStateManager.java:openPipeline(131)) - Pipeline Pipeline[ Id: 4a1b0e43-e9cb-4761-8073-32bf70e33156, Nodes: 7d30d443-236e-4da8-b613-0865c2b8e378{ip: 172.17.0.2, host: 06760bff8a89, networkLocation: /rack1, certSerialId: null}aab70d5c-3498-440f-806b-05f26fe37e72{ip: 172.17.0.2, host: 06760bff8a89, networkLocation: /rack1, certSerialId: null}b62aeb05-24ab-4842-8919-6c05a4e657f5{ip: 172.17.0.2, host: 06760bff8a89, networkLocation: /rack1, certSerialId: null}, Type:RATIS, Factor:THREE, State:ALLOCATED, leaderId:b62aeb05-24ab-4842-8919-6c05a4e657f5, CreationTimestamp2020-07-02T08:47:40.034Z] moved to OPEN state
2020-07-02 08:47:44,003 [b62aeb05-24ab-4842-8919-6c05a4e657f5@group-32BF70E33156-LeaderElection30] INFO  server.RaftServerConfigKeys (ConfUtils.java:logGet(44)) - raft.server.watch.timeout = 3000ms (custom)
2020-07-02 08:47:44,003 [b62aeb05-24ab-4842-8919-6c05a4e657f5@group-32BF70E33156-LeaderElection30] INFO  server.RaftServerConfigKeys (ConfUtils.java:logGet(44)) - raft.server.watch.timeout.denomination = 1s (default)
2020-07-02 08:47:44,003 [b62aeb05-24ab-4842-8919-6c05a4e657f5@group-32BF70E33156-LeaderElection30] INFO  server.RaftServerConfigKeys (ConfUtils.java:logGet(44)) - raft.server.watch.element-limit = 65536 (default)
2020-07-02 08:47:44,003 [b62aeb05-24ab-4842-8919-6c05a4e657f5@group-32BF70E33156-LeaderElection30] INFO  server.RaftServerConfigKeys (ConfUtils.java:logGet(44)) - raft.server.log.appender.snapshot.chunk.size.max = 16MB (=16777216) (default)
2020-07-02 08:47:44,003 [b62aeb05-24ab-4842-8919-6c05a4e657f5@group-32BF70E33156-LeaderElection30] INFO  server.RaftServerConfigKeys (ConfUtils.java:logGet(44)) - raft.server.log.appender.buffer.byte-limit = 33554432 (custom)
2020-07-02 08:47:44,003 [b62aeb05-24ab-4842-8919-6c05a4e657f5@group-32BF70E33156-LeaderElection30] INFO  server.RaftServerConfigKeys (ConfUtils.java:logGet(44)) - raft.server.log.appender.buffer.element-limit = 1 (custom)
2020-07-02 08:47:44,003 [b62aeb05-24ab-4842-8919-6c05a4e657f5@group-32BF70E33156-LeaderElection30] INFO  grpc.GrpcConfigKeys (ConfUtils.java:logGet(44)) - raft.grpc.server.leader.outstanding.appends.max = 128 (default)
2020-07-02 08:47:44,003 [b62aeb05-24ab-4842-8919-6c05a4e657f5@group-32BF70E33156-LeaderElection30] INFO  server.RaftServerConfigKeys (ConfUtils.java:logGet(44)) - raft.server.rpc.request.timeout = 3000ms (default)
2020-07-02 08:47:44,004 [b62aeb05-24ab-4842-8919-6c05a4e657f5@group-32BF70E33156-LeaderElection30] INFO  server.RaftServerConfigKeys (ConfUtils.java:logGet(44)) - raft.server.log.appender.install.snapshot.enabled = false (custom)
2020-07-02 08:47:44,004 [b62aeb05-24ab-4842-8919-6c05a4e657f5@group-32BF70E33156-LeaderElection30] INFO  metrics.RatisMetrics (RatisMetrics.java:lambda$create$0(36)) - Creating Metrics Registry : ratis_grpc.log_appender.b62aeb05-24ab-4842-8919-6c05a4e657f5@group-32BF70E33156
2020-07-02 08:47:44,005 [b62aeb05-24ab-4842-8919-6c05a4e657f5@group-32BF70E33156-LeaderElection30] INFO  server.RaftServerConfigKeys (ConfUtils.java:logGet(44)) - raft.server.log.appender.snapshot.chunk.size.max = 16MB (=16777216) (default)
2020-07-02 08:47:44,005 [b62aeb05-24ab-4842-8919-6c05a4e657f5@group-32BF70E33156-LeaderElection30] INFO  server.RaftServerConfigKeys (ConfUtils.java:logGet(44)) - raft.server.log.appender.buffer.byte-limit = 33554432 (custom)
2020-07-02 08:47:44,005 [b62aeb05-24ab-4842-8919-6c05a4e657f5@group-32BF70E33156-LeaderElection30] INFO  server.RaftServerConfigKeys (ConfUtils.java:logGet(44)) - raft.server.log.appender.buffer.element-limit = 1 (custom)
2020-07-02 08:47:44,005 [b62aeb05-24ab-4842-8919-6c05a4e657f5@group-32BF70E33156-LeaderElection30] INFO  grpc.GrpcConfigKeys (ConfUtils.java:logGet(44)) - raft.grpc.server.leader.outstanding.appends.max = 128 (default)
2020-07-02 08:47:44,005 [b62aeb05-24ab-4842-8919-6c05a4e657f5@group-32BF70E33156-LeaderElection30] INFO  server.RaftServerConfigKeys (ConfUtils.java:logGet(44)) - raft.server.rpc.request.timeout = 3000ms (default)
2020-07-02 08:47:44,005 [b62aeb05-24ab-4842-8919-6c05a4e657f5@group-32BF70E33156-LeaderElection30] INFO  server.RaftServerConfigKeys (ConfUtils.java:logGet(44)) - raft.server.log.appender.install.snapshot.enabled = false (custom)
2020-07-02 08:47:44,007 [b62aeb05-24ab-4842-8919-6c05a4e657f5@group-32BF70E33156-LeaderElection30] INFO  impl.RoleInfo (RoleInfo.java:updateAndGet(143)) - b62aeb05-24ab-4842-8919-6c05a4e657f5: start LeaderState
2020-07-02 08:47:44,007 [b62aeb05-24ab-4842-8919-6c05a4e657f5@group-32BF70E33156-LeaderElection30] INFO  segmented.SegmentedRaftLogWorker (SegmentedRaftLogWorker.java:startLogSegment(397)) - b62aeb05-24ab-4842-8919-6c05a4e657f5@group-32BF70E33156-SegmentedRaftLogWorker: Starting segment from index:0
2020-07-02 08:47:44,008 [b62aeb05-24ab-4842-8919-6c05a4e657f5@group-32BF70E33156-SegmentedRaftLogWorker] INFO  segmented.SegmentedRaftLogWorker (SegmentedRaftLogWorker.java:execute(596)) - b62aeb05-24ab-4842-8919-6c05a4e657f5@group-32BF70E33156-SegmentedRaftLogWorker: created new log segment /github/workspace/mnt/ozone/hadoop-ozone/integration-test/target/test-dir/MiniOzoneClusterImpl-2ea21c0c-9bca-4642-a989-259fb4fcb281/datanode-6/data/ratis/4a1b0e43-e9cb-4761-8073-32bf70e33156/current/log_inprogress_0
2020-07-02 08:47:44,022 [grpc-default-executor-3] INFO  ratis.XceiverServerRatis (XceiverServerRatis.java:handleLeaderChangedNotification(762)) - Leader change notification received for group: group-32BF70E33156 with new leaderId: b62aeb05-24ab-4842-8919-6c05a4e657f5
2020-07-02 08:47:44,022 [grpc-default-executor-3] INFO  impl.RaftServerImpl (ServerState.java:setLeader(255)) - 7d30d443-236e-4da8-b613-0865c2b8e378@group-32BF70E33156: change Leader from null to b62aeb05-24ab-4842-8919-6c05a4e657f5 at term 1 for appendEntries, leader elected after 1089ms
2020-07-02 08:47:44,022 [grpc-default-executor-3] DEBUG impl.RaftServerImpl (RaftServerImpl.java:logAppendEntries(928)) - 7d30d443-236e-4da8-b613-0865c2b8e378@group-32BF70E33156: receive appendEntries(b62aeb05-24ab-4842-8919-6c05a4e657f5, 1, null, -1, false, commits[b62aeb05-24ab-4842-8919-6c05a4e657f5:c-1, 7d30d443-236e-4da8-b613-0865c2b8e378:c-1, aab70d5c-3498-440f-806b-05f26fe37e72:c-1], entries: (t:1, i:0), CONFIGURATIONENTRY
2020-07-02 08:47:44,023 [b62aeb05-24ab-4842-8919-6c05a4e657f5@group-32BF70E33156-LeaderElection30] INFO  impl.RaftServerImpl (ServerState.java:setRaftConf(356)) - b62aeb05-24ab-4842-8919-6c05a4e657f5@group-32BF70E33156: set configuration 0: [7d30d443-236e-4da8-b613-0865c2b8e378:172.17.0.2:36199, b62aeb05-24ab-4842-8919-6c05a4e657f5:172.17.0.2:40851, aab70d5c-3498-440f-806b-05f26fe37e72:172.17.0.2:40789], old=null at 0
2020-07-02 08:47:44,056 [grpc-default-executor-3] INFO  impl.RaftServerImpl (ServerState.java:setRaftConf(356)) - 7d30d443-236e-4da8-b613-0865c2b8e378@group-32BF70E33156: set configuration 0: [7d30d443-236e-4da8-b613-0865c2b8e378:172.17.0.2:36199, b62aeb05-24ab-4842-8919-6c05a4e657f5:172.17.0.2:40851, aab70d5c-3498-440f-806b-05f26fe37e72:172.17.0.2:40789], old=null at 0
2020-07-02 08:47:44,056 [grpc-default-executor-3] INFO  segmented.SegmentedRaftLogWorker (SegmentedRaftLogWorker.java:startLogSegment(397)) - 7d30d443-236e-4da8-b613-0865c2b8e378@group-32BF70E33156-SegmentedRaftLogWorker: Starting segment from index:0
2020-07-02 08:47:44,056 [Thread-1260] INFO  impl.FollowerState (FollowerState.java:run(108)) - b62aeb05-24ab-4842-8919-6c05a4e657f5@group-D8B848013692-FollowerState: change to CANDIDATE, lastRpcTime:1168ms, electionTimeout:1139ms
2020-07-02 08:47:44,059 [Thread-1260] INFO  impl.RoleInfo (RoleInfo.java:shutdownFollowerState(121)) - b62aeb05-24ab-4842-8919-6c05a4e657f5: shutdown FollowerState
2020-07-02 08:47:44,059 [Thread-1260] INFO  impl.RaftServerImpl (RaftServerImpl.java:setRole(175)) - b62aeb05-24ab-4842-8919-6c05a4e657f5@group-D8B848013692: changes role from  FOLLOWER to CANDIDATE at term 0 for changeToCandidate
2020-07-02 08:47:44,059 [Thread-1260] INFO  impl.RoleInfo (RoleInfo.java:updateAndGet(143)) - b62aeb05-24ab-4842-8919-6c05a4e657f5: start LeaderElection
2020-07-02 08:47:44,059 [grpc-default-executor-3] DEBUG server.GrpcLogAppender (GrpcLogAppender.java:onNext(257)) - b62aeb05-24ab-4842-8919-6c05a4e657f5@group-32BF70E33156->7d30d443-236e-4da8-b613-0865c2b8e378-AppendLogResponseHandler: received the first reply b62aeb05-24ab-4842-8919-6c05a4e657f5<-7d30d443-236e-4da8-b613-0865c2b8e378#0:OK,SUCCESS,nextIndex:1,term:1,followerCommit:-1, request=AppendEntriesRequest:cid=0,entriesCount=0,lastEntry=null
2020-07-02 08:47:44,073 [7d30d443-236e-4da8-b613-0865c2b8e378@group-32BF70E33156-SegmentedRaftLogWorker] INFO  segmented.SegmentedRaftLogWorker (SegmentedRaftLogWorker.java:execute(596)) - 7d30d443-236e-4da8-b613-0865c2b8e378@group-32BF70E33156-SegmentedRaftLogWorker: created new log segment /github/workspace/mnt/ozone/hadoop-ozone/integration-test/target/test-dir/MiniOzoneClusterImpl-2ea21c0c-9bca-4642-a989-259fb4fcb281/datanode-8/data/ratis/4a1b0e43-e9cb-4761-8073-32bf70e33156/current/log_inprogress_0
2020-07-02 08:47:44,075 [grpc-default-executor-2] INFO  ratis.XceiverServerRatis (XceiverServerRatis.java:handleLeaderChangedNotification(762)) - Leader change notification received for group: group-32BF70E33156 with new leaderId: b62aeb05-24ab-4842-8919-6c05a4e657f5
2020-07-02 08:47:44,075 [grpc-default-executor-2] INFO  impl.RaftServerImpl (ServerState.java:setLeader(255)) - aab70d5c-3498-440f-806b-05f26fe37e72@group-32BF70E33156: change Leader from null to b62aeb05-24ab-4842-8919-6c05a4e657f5 at term 1 for appendEntries, leader elected after 1106ms
2020-07-02 08:47:44,075 [grpc-default-executor-2] DEBUG impl.RaftServerImpl (RaftServerImpl.java:logAppendEntries(928)) - aab70d5c-3498-440f-806b-05f26fe37e72@group-32BF70E33156: receive appendEntries(b62aeb05-24ab-4842-8919-6c05a4e657f5, 1, null, 0, false, commits[b62aeb05-24ab-4842-8919-6c05a4e657f5:c0, 7d30d443-236e-4da8-b613-0865c2b8e378:c-1, aab70d5c-3498-440f-806b-05f26fe37e72:c-1], entries: (t:1, i:0), CONFIGURATIONENTRY
2020-07-02 08:47:44,076 [Listener at 127.0.0.1/44281] INFO  ozone.MiniOzoneClusterImpl (MiniOzoneClusterImpl.java:lambda$waitForClusterToBeReady$0(177)) - Nodes are ready. Got 10 of 10 DN Heartbeats.
2020-07-02 08:47:44,076 [Thread-1325] DEBUG impl.RaftServerImpl (RaftServerImpl.java:logAppendEntries(928)) - 7d30d443-236e-4da8-b613-0865c2b8e378@group-32BF70E33156: succeeded to handle AppendEntries. Reply: b62aeb05-24ab-4842-8919-6c05a4e657f5<-7d30d443-236e-4da8-b613-0865c2b8e378#1:OK,SUCCESS,nextIndex:1,term:1,followerCommit:-1
2020-07-02 08:47:44,076 [Listener at 127.0.0.1/44281] INFO  ozone.MiniOzoneClusterImpl (MiniOzoneClusterImpl.java:lambda$waitForClusterToBeReady$0(180)) - Cluster exits safe mode
2020-07-02 08:47:44,077 [b62aeb05-24ab-4842-8919-6c05a4e657f5@group-D8B848013692-LeaderElection31] INFO  impl.LeaderElection (LeaderElection.java:askForVotes(206)) - b62aeb05-24ab-4842-8919-6c05a4e657f5@group-D8B848013692-LeaderElection31: begin an election at term 1 for -1: [b62aeb05-24ab-4842-8919-6c05a4e657f5:172.17.0.2:40851], old=null
2020-07-02 08:47:44,077 [b62aeb05-24ab-4842-8919-6c05a4e657f5@group-D8B848013692-LeaderElection31] INFO  impl.RoleInfo (RoleInfo.java:shutdownLeaderElection(134)) - b62aeb05-24ab-4842-8919-6c05a4e657f5: shutdown LeaderElection
2020-07-02 08:47:44,077 [b62aeb05-24ab-4842-8919-6c05a4e657f5@group-D8B848013692-LeaderElection31] INFO  impl.RaftServerImpl (RaftServerImpl.java:setRole(175)) - b62aeb05-24ab-4842-8919-6c05a4e657f5@group-D8B848013692: changes role from CANDIDATE to LEADER at term 1 for changeToLeader
2020-07-02 08:47:44,077 [b62aeb05-24ab-4842-8919-6c05a4e657f5@group-D8B848013692-LeaderElection31] INFO  ratis.XceiverServerRatis (XceiverServerRatis.java:handleLeaderChangedNotification(762)) - Leader change notification received for group: group-D8B848013692 with new leaderId: b62aeb05-24ab-4842-8919-6c05a4e657f5
2020-07-02 08:47:44,077 [grpc-default-executor-3] DEBUG server.GrpcLogAppender (GrpcLogAppender.java:onNext(257)) - b62aeb05-24ab-4842-8919-6c05a4e657f5@group-32BF70E33156->7d30d443-236e-4da8-b613-0865c2b8e378-AppendLogResponseHandler: received a reply b62aeb05-24ab-4842-8919-6c05a4e657f5<-7d30d443-236e-4da8-b613-0865c2b8e378#1:OK,SUCCESS,nextIndex:1,term:1,followerCommit:-1, request=AppendEntriesRequest:cid=1,entriesCount=1,lastEntry=(t:1, i:0)
2020-07-02 08:47:44,077 [b62aeb05-24ab-4842-8919-6c05a4e657f5@group-D8B848013692-LeaderElection31] INFO  impl.RaftServerImpl (ServerState.java:setLeader(255)) - b62aeb05-24ab-4842-8919-6c05a4e657f5@group-D8B848013692: change Leader from null to b62aeb05-24ab-4842-8919-6c05a4e657f5 at term 1 for becomeLeader, leader elected after 1197ms
2020-07-02 08:47:44,077 [b62aeb05-24ab-4842-8919-6c05a4e657f5@group-D8B848013692-LeaderElection31] INFO  server.RaftServerConfigKeys (ConfUtils.java:logGet(44)) - raft.server.staging.catchup.gap = 1000 (default)
2020-07-02 08:47:44,077 [b62aeb05-24ab-4842-8919-6c05a4e657f5@group-D8B848013692-LeaderElection31] INFO  server.RaftServerConfigKeys (ConfUtils.java:logGet(44)) - raft.server.rpc.sleep.time = 25ms (default)
2020-07-02 08:47:44,078 [b62aeb05-24ab-4842-8919-6c05a4e657f5@group-D8B848013692-LeaderElection31] INFO  metrics.RatisMetrics (RatisMetrics.java:lambda$create$0(36)) - Creating Metrics Registry : ratis.log_appender.b62aeb05-24ab-4842-8919-6c05a4e657f5@group-D8B848013692
2020-07-02 08:47:44,078 [b62aeb05-24ab-4842-8919-6c05a4e657f5@group-D8B848013692-LeaderElection31] INFO  server.RaftServerConfigKeys (ConfUtils.java:logGet(44)) - raft.server.write.element-limit = 1024 (custom)
2020-07-02 08:47:44,078 [b62aeb05-24ab-4842-8919-6c05a4e657f5@group-D8B848013692-LeaderElection31] INFO  server.RaftServerConfigKeys (ConfUtils.java:logGet(44)) - raft.server.write.byte-limit = 1073741824 (custom)
2020-07-02 08:47:44,078 [b62aeb05-24ab-4842-8919-6c05a4e657f5@group-D8B848013692-LeaderElection31] INFO  server.RaftServerConfigKeys (ConfUtils.java:logGet(44)) - raft.server.watch.timeout = 3000ms (custom)
2020-07-02 08:47:44,078 [b62aeb05-24ab-4842-8919-6c05a4e657f5@group-D8B848013692-LeaderElection31] INFO  server.RaftServerConfigKeys (ConfUtils.java:logGet(44)) - raft.server.watch.timeout.denomination = 1s (default)
2020-07-02 08:47:44,078 [b62aeb05-24ab-4842-8919-6c05a4e657f5@group-D8B848013692-LeaderElection31] INFO  server.RaftServerConfigKeys (ConfUtils.java:logGet(44)) - raft.server.watch.element-limit = 65536 (default)
2020-07-02 08:47:44,078 [b62aeb05-24ab-4842-8919-6c05a4e657f5@group-D8B848013692-LeaderElection31] INFO  impl.RoleInfo (RoleInfo.java:updateAndGet(143)) - b62aeb05-24ab-4842-8919-6c05a4e657f5: start LeaderState
2020-07-02 08:47:44,079 [b62aeb05-24ab-4842-8919-6c05a4e657f5@group-D8B848013692-LeaderElection31] INFO  segmented.SegmentedRaftLogWorker (SegmentedRaftLogWorker.java:startLogSegment(397)) - b62aeb05-24ab-4842-8919-6c05a4e657f5@group-D8B848013692-SegmentedRaftLogWorker: Starting segment from index:0
2020-07-02 08:47:44,080 [b62aeb05-24ab-4842-8919-6c05a4e657f5@group-D8B848013692-SegmentedRaftLogWorker] INFO  segmented.SegmentedRaftLogWorker (SegmentedRaftLogWorker.java:execute(596)) - b62aeb05-24ab-4842-8919-6c05a4e657f5@group-D8B848013692-SegmentedRaftLogWorker: created new log segment /github/workspace/mnt/ozone/hadoop-ozone/integration-test/target/test-dir/MiniOzoneClusterImpl-2ea21c0c-9bca-4642-a989-259fb4fcb281/datanode-6/data/ratis/9f003a07-3fdd-464d-be0e-d8b848013692/current/log_inprogress_0
2020-07-02 08:47:44,086 [b62aeb05-24ab-4842-8919-6c05a4e657f5@group-D8B848013692-LeaderElection31] INFO  impl.RaftServerImpl (ServerState.java:setRaftConf(356)) - b62aeb05-24ab-4842-8919-6c05a4e657f5@group-D8B848013692: set configuration 0: [b62aeb05-24ab-4842-8919-6c05a4e657f5:172.17.0.2:40851], old=null at 0
2020-07-02 08:47:44,087 [grpc-default-executor-2] INFO  impl.RaftServerImpl (ServerState.java:setRaftConf(356)) - aab70d5c-3498-440f-806b-05f26fe37e72@group-32BF70E33156: set configuration 0: [7d30d443-236e-4da8-b613-0865c2b8e378:172.17.0.2:36199, b62aeb05-24ab-4842-8919-6c05a4e657f5:172.17.0.2:40851, aab70d5c-3498-440f-806b-05f26fe37e72:172.17.0.2:40789], old=null at 0
2020-07-02 08:47:44,087 [grpc-default-executor-2] INFO  segmented.SegmentedRaftLogWorker (SegmentedRaftLogWorker.java:startLogSegment(397)) - aab70d5c-3498-440f-806b-05f26fe37e72@group-32BF70E33156-SegmentedRaftLogWorker: Starting segment from index:0
2020-07-02 08:47:44,088 [aab70d5c-3498-440f-806b-05f26fe37e72@group-32BF70E33156-SegmentedRaftLogWorker] INFO  segmented.SegmentedRaftLogWorker (SegmentedRaftLogWorker.java:execute(596)) - aab70d5c-3498-440f-806b-05f26fe37e72@group-32BF70E33156-SegmentedRaftLogWorker: created new log segment /github/workspace/mnt/ozone/hadoop-ozone/integration-test/target/test-dir/MiniOzoneClusterImpl-2ea21c0c-9bca-4642-a989-259fb4fcb281/datanode-7/data/ratis/4a1b0e43-e9cb-4761-8073-32bf70e33156/current/log_inprogress_0
2020-07-02 08:47:44,089 [grpc-default-executor-2] DEBUG server.GrpcLogAppender (GrpcLogAppender.java:onNext(257)) - b62aeb05-24ab-4842-8919-6c05a4e657f5@group-32BF70E33156->aab70d5c-3498-440f-806b-05f26fe37e72-AppendLogResponseHandler: received the first reply b62aeb05-24ab-4842-8919-6c05a4e657f5<-aab70d5c-3498-440f-806b-05f26fe37e72#0:OK,SUCCESS,nextIndex:1,term:1,followerCommit:-1, request=AppendEntriesRequest:cid=0,entriesCount=0,lastEntry=null
2020-07-02 08:47:44,094 [Thread-1327] DEBUG impl.RaftServerImpl (RaftServerImpl.java:logAppendEntries(928)) - aab70d5c-3498-440f-806b-05f26fe37e72@group-32BF70E33156: succeeded to handle AppendEntries. Reply: b62aeb05-24ab-4842-8919-6c05a4e657f5<-aab70d5c-3498-440f-806b-05f26fe37e72#1:OK,SUCCESS,nextIndex:1,term:1,followerCommit:0
2020-07-02 08:47:44,096 [grpc-default-executor-2] DEBUG server.GrpcLogAppender (GrpcLogAppender.java:onNext(257)) - b62aeb05-24ab-4842-8919-6c05a4e657f5@group-32BF70E33156->aab70d5c-3498-440f-806b-05f26fe37e72-AppendLogResponseHandler: received a reply b62aeb05-24ab-4842-8919-6c05a4e657f5<-aab70d5c-3498-440f-806b-05f26fe37e72#1:OK,SUCCESS,nextIndex:1,term:1,followerCommit:0, request=AppendEntriesRequest:cid=1,entriesCount=1,lastEntry=(t:1, i:0)
2020-07-02 08:47:44,110 [Listener at 127.0.0.1/44281] INFO  rpc.RpcClient (RpcClient.java:createVolume(313)) - Creating Volume: datanodefailurehandlingtest, with jenkins1001 as owner.
2020-07-02 08:47:44,116 [IPC Server handler 1 on default port 44281] INFO  volume.OMVolumeCreateRequest (OMVolumeCreateRequest.java:validateAndUpdateCache(208)) - created volume:datanodefailurehandlingtest for user:jenkins1001
2020-07-02 08:47:44,129 [Listener at 127.0.0.1/44281] INFO  rpc.RpcClient (RpcClient.java:createBucket(456)) - Creating Bucket: datanodefailurehandlingtest/datanodefailurehandlingtest, with Versioning false and Storage Type set to DISK and Encryption set to false 
2020-07-02 08:47:44,135 [Thread-1274] INFO  impl.FollowerState (FollowerState.java:run(108)) - 01084dfa-b8b2-4a33-8af9-f7edd7c23cfb@group-3E304ED24BC9-FollowerState: change to CANDIDATE, lastRpcTime:1049ms, electionTimeout:1048ms
2020-07-02 08:47:44,135 [Thread-1274] INFO  impl.RoleInfo (RoleInfo.java:shutdownFollowerState(121)) - 01084dfa-b8b2-4a33-8af9-f7edd7c23cfb: shutdown FollowerState
2020-07-02 08:47:44,135 [Thread-1274] INFO  impl.RaftServerImpl (RaftServerImpl.java:setRole(175)) - 01084dfa-b8b2-4a33-8af9-f7edd7c23cfb@group-3E304ED24BC9: changes role from  FOLLOWER to CANDIDATE at term 0 for changeToCandidate
2020-07-02 08:47:44,135 [Thread-1274] INFO  impl.RoleInfo (RoleInfo.java:updateAndGet(143)) - 01084dfa-b8b2-4a33-8af9-f7edd7c23cfb: start LeaderElection
2020-07-02 08:47:44,151 [Thread-1270] INFO  impl.FollowerState (FollowerState.java:run(108)) - aab70d5c-3498-440f-806b-05f26fe37e72@group-F11ACA092C28-FollowerState: change to CANDIDATE, lastRpcTime:1155ms, electionTimeout:1148ms
2020-07-02 08:47:44,152 [Thread-1270] INFO  impl.RoleInfo (RoleInfo.java:shutdownFollowerState(121)) - aab70d5c-3498-440f-806b-05f26fe37e72: shutdown FollowerState
2020-07-02 08:47:44,152 [Thread-1270] INFO  impl.RaftServerImpl (RaftServerImpl.java:setRole(175)) - aab70d5c-3498-440f-806b-05f26fe37e72@group-F11ACA092C28: changes role from  FOLLOWER to CANDIDATE at term 0 for changeToCandidate
2020-07-02 08:47:44,152 [Thread-1270] INFO  impl.RoleInfo (RoleInfo.java:updateAndGet(143)) - aab70d5c-3498-440f-806b-05f26fe37e72: start LeaderElection
2020-07-02 08:47:44,155 [aab70d5c-3498-440f-806b-05f26fe37e72@group-F11ACA092C28-LeaderElection33] INFO  impl.LeaderElection (LeaderElection.java:askForVotes(206)) - aab70d5c-3498-440f-806b-05f26fe37e72@group-F11ACA092C28-LeaderElection33: begin an election at term 1 for -1: [aab70d5c-3498-440f-806b-05f26fe37e72:172.17.0.2:40789], old=null
2020-07-02 08:47:44,155 [aab70d5c-3498-440f-806b-05f26fe37e72@group-F11ACA092C28-LeaderElection33] INFO  impl.RoleInfo (RoleInfo.java:shutdownLeaderElection(134)) - aab70d5c-3498-440f-806b-05f26fe37e72: shutdown LeaderElection
2020-07-02 08:47:44,155 [aab70d5c-3498-440f-806b-05f26fe37e72@group-F11ACA092C28-LeaderElection33] INFO  impl.RaftServerImpl (RaftServerImpl.java:setRole(175)) - aab70d5c-3498-440f-806b-05f26fe37e72@group-F11ACA092C28: changes role from CANDIDATE to LEADER at term 1 for changeToLeader
2020-07-02 08:47:44,155 [aab70d5c-3498-440f-806b-05f26fe37e72@group-F11ACA092C28-LeaderElection33] INFO  ratis.XceiverServerRatis (XceiverServerRatis.java:handleLeaderChangedNotification(762)) - Leader change notification received for group: group-F11ACA092C28 with new leaderId: aab70d5c-3498-440f-806b-05f26fe37e72
2020-07-02 08:47:44,156 [aab70d5c-3498-440f-806b-05f26fe37e72@group-F11ACA092C28-LeaderElection33] INFO  impl.RaftServerImpl (ServerState.java:setLeader(255)) - aab70d5c-3498-440f-806b-05f26fe37e72@group-F11ACA092C28: change Leader from null to aab70d5c-3498-440f-806b-05f26fe37e72 at term 1 for becomeLeader, leader elected after 1169ms
2020-07-02 08:47:44,156 [aab70d5c-3498-440f-806b-05f26fe37e72@group-F11ACA092C28-LeaderElection33] INFO  server.RaftServerConfigKeys (ConfUtils.java:logGet(44)) - raft.server.staging.catchup.gap = 1000 (default)
2020-07-02 08:47:44,156 [aab70d5c-3498-440f-806b-05f26fe37e72@group-F11ACA092C28-LeaderElection33] INFO  server.RaftServerConfigKeys (ConfUtils.java:logGet(44)) - raft.server.rpc.sleep.time = 25ms (default)
2020-07-02 08:47:44,156 [aab70d5c-3498-440f-806b-05f26fe37e72@group-F11ACA092C28-LeaderElection33] INFO  metrics.RatisMetrics (RatisMetrics.java:lambda$create$0(36)) - Creating Metrics Registry : ratis.log_appender.aab70d5c-3498-440f-806b-05f26fe37e72@group-F11ACA092C28
2020-07-02 08:47:44,157 [aab70d5c-3498-440f-806b-05f26fe37e72@group-F11ACA092C28-LeaderElection33] INFO  server.RaftServerConfigKeys (ConfUtils.java:logGet(44)) - raft.server.write.element-limit = 1024 (custom)
2020-07-02 08:47:44,157 [aab70d5c-3498-440f-806b-05f26fe37e72@group-F11ACA092C28-LeaderElection33] INFO  server.RaftServerConfigKeys (ConfUtils.java:logGet(44)) - raft.server.write.byte-limit = 1073741824 (custom)
2020-07-02 08:47:44,157 [aab70d5c-3498-440f-806b-05f26fe37e72@group-F11ACA092C28-LeaderElection33] INFO  server.RaftServerConfigKeys (ConfUtils.java:logGet(44)) - raft.server.watch.timeout = 3000ms (custom)
2020-07-02 08:47:44,157 [aab70d5c-3498-440f-806b-05f26fe37e72@group-F11ACA092C28-LeaderElection33] INFO  server.RaftServerConfigKeys (ConfUtils.java:logGet(44)) - raft.server.watch.timeout.denomination = 1s (default)
2020-07-02 08:47:44,157 [aab70d5c-3498-440f-806b-05f26fe37e72@group-F11ACA092C28-LeaderElection33] INFO  server.RaftServerConfigKeys (ConfUtils.java:logGet(44)) - raft.server.watch.element-limit = 65536 (default)
2020-07-02 08:47:44,157 [aab70d5c-3498-440f-806b-05f26fe37e72@group-F11ACA092C28-LeaderElection33] INFO  impl.RoleInfo (RoleInfo.java:updateAndGet(143)) - aab70d5c-3498-440f-806b-05f26fe37e72: start LeaderState
2020-07-02 08:47:44,158 [aab70d5c-3498-440f-806b-05f26fe37e72@group-F11ACA092C28-LeaderElection33] INFO  segmented.SegmentedRaftLogWorker (SegmentedRaftLogWorker.java:startLogSegment(397)) - aab70d5c-3498-440f-806b-05f26fe37e72@group-F11ACA092C28-SegmentedRaftLogWorker: Starting segment from index:0
2020-07-02 08:47:44,158 [aab70d5c-3498-440f-806b-05f26fe37e72@group-F11ACA092C28-LeaderElection33] INFO  impl.RaftServerImpl (ServerState.java:setRaftConf(356)) - aab70d5c-3498-440f-806b-05f26fe37e72@group-F11ACA092C28: set configuration 0: [aab70d5c-3498-440f-806b-05f26fe37e72:172.17.0.2:40789], old=null at 0
2020-07-02 08:47:44,159 [aab70d5c-3498-440f-806b-05f26fe37e72@group-F11ACA092C28-SegmentedRaftLogWorker] INFO  segmented.SegmentedRaftLogWorker (SegmentedRaftLogWorker.java:execute(596)) - aab70d5c-3498-440f-806b-05f26fe37e72@group-F11ACA092C28-SegmentedRaftLogWorker: created new log segment /github/workspace/mnt/ozone/hadoop-ozone/integration-test/target/test-dir/MiniOzoneClusterImpl-2ea21c0c-9bca-4642-a989-259fb4fcb281/datanode-7/data/ratis/9eb45eea-2963-4133-b4c4-f11aca092c28/current/log_inprogress_0
2020-07-02 08:47:44,159 [01084dfa-b8b2-4a33-8af9-f7edd7c23cfb@group-3E304ED24BC9-LeaderElection32] INFO  impl.LeaderElection (LeaderElection.java:askForVotes(206)) - 01084dfa-b8b2-4a33-8af9-f7edd7c23cfb@group-3E304ED24BC9-LeaderElection32: begin an election at term 1 for -1: [01084dfa-b8b2-4a33-8af9-f7edd7c23cfb:172.17.0.2:33373], old=null
2020-07-02 08:47:44,159 [01084dfa-b8b2-4a33-8af9-f7edd7c23cfb@group-3E304ED24BC9-LeaderElection32] INFO  impl.RoleInfo (RoleInfo.java:shutdownLeaderElection(134)) - 01084dfa-b8b2-4a33-8af9-f7edd7c23cfb: shutdown LeaderElection
2020-07-02 08:47:44,159 [01084dfa-b8b2-4a33-8af9-f7edd7c23cfb@group-3E304ED24BC9-LeaderElection32] INFO  impl.RaftServerImpl (RaftServerImpl.java:setRole(175)) - 01084dfa-b8b2-4a33-8af9-f7edd7c23cfb@group-3E304ED24BC9: changes role from CANDIDATE to LEADER at term 1 for changeToLeader
2020-07-02 08:47:44,159 [01084dfa-b8b2-4a33-8af9-f7edd7c23cfb@group-3E304ED24BC9-LeaderElection32] INFO  ratis.XceiverServerRatis (XceiverServerRatis.java:handleLeaderChangedNotification(762)) - Leader change notification received for group: group-3E304ED24BC9 with new leaderId: 01084dfa-b8b2-4a33-8af9-f7edd7c23cfb
2020-07-02 08:47:44,160 [01084dfa-b8b2-4a33-8af9-f7edd7c23cfb@group-3E304ED24BC9-LeaderElection32] INFO  impl.RaftServerImpl (ServerState.java:setLeader(255)) - 01084dfa-b8b2-4a33-8af9-f7edd7c23cfb@group-3E304ED24BC9: change Leader from null to 01084dfa-b8b2-4a33-8af9-f7edd7c23cfb at term 1 for becomeLeader, leader elected after 1079ms
2020-07-02 08:47:44,164 [01084dfa-b8b2-4a33-8af9-f7edd7c23cfb@group-3E304ED24BC9-LeaderElection32] INFO  server.RaftServerConfigKeys (ConfUtils.java:logGet(44)) - raft.server.staging.catchup.gap = 1000 (default)
2020-07-02 08:47:44,165 [01084dfa-b8b2-4a33-8af9-f7edd7c23cfb@group-3E304ED24BC9-LeaderElection32] INFO  server.RaftServerConfigKeys (ConfUtils.java:logGet(44)) - raft.server.rpc.sleep.time = 25ms (default)
2020-07-02 08:47:44,165 [01084dfa-b8b2-4a33-8af9-f7edd7c23cfb@group-3E304ED24BC9-LeaderElection32] INFO  metrics.RatisMetrics (RatisMetrics.java:lambda$create$0(36)) - Creating Metrics Registry : ratis.log_appender.01084dfa-b8b2-4a33-8af9-f7edd7c23cfb@group-3E304ED24BC9
2020-07-02 08:47:44,165 [01084dfa-b8b2-4a33-8af9-f7edd7c23cfb@group-3E304ED24BC9-LeaderElection32] INFO  server.RaftServerConfigKeys (ConfUtils.java:logGet(44)) - raft.server.write.element-limit = 1024 (custom)
2020-07-02 08:47:44,165 [01084dfa-b8b2-4a33-8af9-f7edd7c23cfb@group-3E304ED24BC9-LeaderElection32] INFO  server.RaftServerConfigKeys (ConfUtils.java:logGet(44)) - raft.server.write.byte-limit = 1073741824 (custom)
2020-07-02 08:47:44,165 [01084dfa-b8b2-4a33-8af9-f7edd7c23cfb@group-3E304ED24BC9-LeaderElection32] INFO  server.RaftServerConfigKeys (ConfUtils.java:logGet(44)) - raft.server.watch.timeout = 3000ms (custom)
2020-07-02 08:47:44,165 [01084dfa-b8b2-4a33-8af9-f7edd7c23cfb@group-3E304ED24BC9-LeaderElection32] INFO  server.RaftServerConfigKeys (ConfUtils.java:logGet(44)) - raft.server.watch.timeout.denomination = 1s (default)
2020-07-02 08:47:44,165 [Thread-1272] INFO  impl.FollowerState (FollowerState.java:run(108)) - 7d30d443-236e-4da8-b613-0865c2b8e378@group-51AACBACFB83-FollowerState: change to CANDIDATE, lastRpcTime:1119ms, electionTimeout:1118ms
2020-07-02 08:47:44,166 [Thread-1272] INFO  impl.RoleInfo (RoleInfo.java:shutdownFollowerState(121)) - 7d30d443-236e-4da8-b613-0865c2b8e378: shutdown FollowerState
2020-07-02 08:47:44,166 [Thread-1272] INFO  impl.RaftServerImpl (RaftServerImpl.java:setRole(175)) - 7d30d443-236e-4da8-b613-0865c2b8e378@group-51AACBACFB83: changes role from  FOLLOWER to CANDIDATE at term 0 for changeToCandidate
2020-07-02 08:47:44,166 [Thread-1272] INFO  impl.RoleInfo (RoleInfo.java:updateAndGet(143)) - 7d30d443-236e-4da8-b613-0865c2b8e378: start LeaderElection
2020-07-02 08:47:44,166 [01084dfa-b8b2-4a33-8af9-f7edd7c23cfb@group-3E304ED24BC9-LeaderElection32] INFO  server.RaftServerConfigKeys (ConfUtils.java:logGet(44)) - raft.server.watch.element-limit = 65536 (default)
2020-07-02 08:47:44,166 [01084dfa-b8b2-4a33-8af9-f7edd7c23cfb@group-3E304ED24BC9-LeaderElection32] INFO  impl.RoleInfo (RoleInfo.java:updateAndGet(143)) - 01084dfa-b8b2-4a33-8af9-f7edd7c23cfb: start LeaderState
2020-07-02 08:47:44,166 [01084dfa-b8b2-4a33-8af9-f7edd7c23cfb@group-3E304ED24BC9-LeaderElection32] INFO  segmented.SegmentedRaftLogWorker (SegmentedRaftLogWorker.java:startLogSegment(397)) - 01084dfa-b8b2-4a33-8af9-f7edd7c23cfb@group-3E304ED24BC9-SegmentedRaftLogWorker: Starting segment from index:0
2020-07-02 08:47:44,168 [01084dfa-b8b2-4a33-8af9-f7edd7c23cfb@group-3E304ED24BC9-SegmentedRaftLogWorker] INFO  segmented.SegmentedRaftLogWorker (SegmentedRaftLogWorker.java:execute(596)) - 01084dfa-b8b2-4a33-8af9-f7edd7c23cfb@group-3E304ED24BC9-SegmentedRaftLogWorker: created new log segment /github/workspace/mnt/ozone/hadoop-ozone/integration-test/target/test-dir/MiniOzoneClusterImpl-2ea21c0c-9bca-4642-a989-259fb4fcb281/datanode-9/data/ratis/6e90daf8-b57c-493f-8ef9-3e304ed24bc9/current/log_inprogress_0
2020-07-02 08:47:44,174 [01084dfa-b8b2-4a33-8af9-f7edd7c23cfb@group-3E304ED24BC9-LeaderElection32] INFO  impl.RaftServerImpl (ServerState.java:setRaftConf(356)) - 01084dfa-b8b2-4a33-8af9-f7edd7c23cfb@group-3E304ED24BC9: set configuration 0: [01084dfa-b8b2-4a33-8af9-f7edd7c23cfb:172.17.0.2:33373], old=null at 0
2020-07-02 08:47:44,180 [7d30d443-236e-4da8-b613-0865c2b8e378@group-51AACBACFB83-LeaderElection34] INFO  impl.LeaderElection (LeaderElection.java:askForVotes(206)) - 7d30d443-236e-4da8-b613-0865c2b8e378@group-51AACBACFB83-LeaderElection34: begin an election at term 1 for -1: [7d30d443-236e-4da8-b613-0865c2b8e378:172.17.0.2:36199], old=null
2020-07-02 08:47:44,180 [7d30d443-236e-4da8-b613-0865c2b8e378@group-51AACBACFB83-LeaderElection34] INFO  impl.RoleInfo (RoleInfo.java:shutdownLeaderElection(134)) - 7d30d443-236e-4da8-b613-0865c2b8e378: shutdown LeaderElection
2020-07-02 08:47:44,180 [7d30d443-236e-4da8-b613-0865c2b8e378@group-51AACBACFB83-LeaderElection34] INFO  impl.RaftServerImpl (RaftServerImpl.java:setRole(175)) - 7d30d443-236e-4da8-b613-0865c2b8e378@group-51AACBACFB83: changes role from CANDIDATE to LEADER at term 1 for changeToLeader
2020-07-02 08:47:44,180 [7d30d443-236e-4da8-b613-0865c2b8e378@group-51AACBACFB83-LeaderElection34] INFO  ratis.XceiverServerRatis (XceiverServerRatis.java:handleLeaderChangedNotification(762)) - Leader change notification received for group: group-51AACBACFB83 with new leaderId: 7d30d443-236e-4da8-b613-0865c2b8e378
2020-07-02 08:47:44,180 [grpc-default-executor-2] DEBUG impl.RaftServerImpl (RaftServerImpl.java:submitClientRequestAsync(575)) - f7ed0b0c-c89c-471c-8c37-09edce727015@group-D93938EF698D: receive client request(RaftClientRequest:client-022099832E41->f7ed0b0c-c89c-471c-8c37-09edce727015@group-D93938EF698D, cid=42, seq=1*, Watch(0), Message:<EMPTY>)
2020-07-02 08:47:44,180 [7d30d443-236e-4da8-b613-0865c2b8e378@group-51AACBACFB83-LeaderElection34] INFO  impl.RaftServerImpl (ServerState.java:setLeader(255)) - 7d30d443-236e-4da8-b613-0865c2b8e378@group-51AACBACFB83: change Leader from null to 7d30d443-236e-4da8-b613-0865c2b8e378 at term 1 for becomeLeader, leader elected after 1142ms
2020-07-02 08:47:44,180 [7d30d443-236e-4da8-b613-0865c2b8e378@group-51AACBACFB83-LeaderElection34] INFO  server.RaftServerConfigKeys (ConfUtils.java:logGet(44)) - raft.server.staging.catchup.gap = 1000 (default)
2020-07-02 08:47:44,180 [7d30d443-236e-4da8-b613-0865c2b8e378@group-51AACBACFB83-LeaderElection34] INFO  server.RaftServerConfigKeys (ConfUtils.java:logGet(44)) - raft.server.rpc.sleep.time = 25ms (default)
2020-07-02 08:47:44,181 [7d30d443-236e-4da8-b613-0865c2b8e378@group-51AACBACFB83-LeaderElection34] INFO  metrics.RatisMetrics (RatisMetrics.java:lambda$create$0(36)) - Creating Metrics Registry : ratis.log_appender.7d30d443-236e-4da8-b613-0865c2b8e378@group-51AACBACFB83
2020-07-02 08:47:44,181 [7d30d443-236e-4da8-b613-0865c2b8e378@group-51AACBACFB83-LeaderElection34] INFO  server.RaftServerConfigKeys (ConfUtils.java:logGet(44)) - raft.server.write.element-limit = 1024 (custom)
2020-07-02 08:47:44,181 [7d30d443-236e-4da8-b613-0865c2b8e378@group-51AACBACFB83-LeaderElection34] INFO  server.RaftServerConfigKeys (ConfUtils.java:logGet(44)) - raft.server.write.byte-limit = 1073741824 (custom)
2020-07-02 08:47:44,181 [7d30d443-236e-4da8-b613-0865c2b8e378@group-51AACBACFB83-LeaderElection34] INFO  server.RaftServerConfigKeys (ConfUtils.java:logGet(44)) - raft.server.watch.timeout = 3000ms (custom)
2020-07-02 08:47:44,181 [7d30d443-236e-4da8-b613-0865c2b8e378@group-51AACBACFB83-LeaderElection34] INFO  server.RaftServerConfigKeys (ConfUtils.java:logGet(44)) - raft.server.watch.timeout.denomination = 1s (default)
2020-07-02 08:47:44,181 [7d30d443-236e-4da8-b613-0865c2b8e378@group-51AACBACFB83-LeaderElection34] INFO  server.RaftServerConfigKeys (ConfUtils.java:logGet(44)) - raft.server.watch.element-limit = 65536 (default)
2020-07-02 08:47:44,181 [7d30d443-236e-4da8-b613-0865c2b8e378@group-51AACBACFB83-LeaderElection34] INFO  impl.RoleInfo (RoleInfo.java:updateAndGet(143)) - 7d30d443-236e-4da8-b613-0865c2b8e378: start LeaderState
2020-07-02 08:47:44,182 [7d30d443-236e-4da8-b613-0865c2b8e378@group-51AACBACFB83-LeaderElection34] INFO  segmented.SegmentedRaftLogWorker (SegmentedRaftLogWorker.java:startLogSegment(397)) - 7d30d443-236e-4da8-b613-0865c2b8e378@group-51AACBACFB83-SegmentedRaftLogWorker: Starting segment from index:0
2020-07-02 08:47:44,187 [7d30d443-236e-4da8-b613-0865c2b8e378@group-51AACBACFB83-LeaderElection34] INFO  impl.RaftServerImpl (ServerState.java:setRaftConf(356)) - 7d30d443-236e-4da8-b613-0865c2b8e378@group-51AACBACFB83: set configuration 0: [7d30d443-236e-4da8-b613-0865c2b8e378:172.17.0.2:36199], old=null at 0
2020-07-02 08:47:44,187 [7d30d443-236e-4da8-b613-0865c2b8e378@group-51AACBACFB83-SegmentedRaftLogWorker] INFO  segmented.SegmentedRaftLogWorker (SegmentedRaftLogWorker.java:execute(596)) - 7d30d443-236e-4da8-b613-0865c2b8e378@group-51AACBACFB83-SegmentedRaftLogWorker: created new log segment /github/workspace/mnt/ozone/hadoop-ozone/integration-test/target/test-dir/MiniOzoneClusterImpl-2ea21c0c-9bca-4642-a989-259fb4fcb281/datanode-8/data/ratis/b33c00d2-53ac-4783-8867-51aacbacfb83/current/log_inprogress_0
2020-07-02 08:47:44,444 [grpc-default-executor-2] DEBUG server.GrpcLogAppender (GrpcLogAppender.java:onNext(257)) - d4095b94-faf8-4714-9e04-9d2538430758@group-8E625A2998A3->b5ee9bf6-c323-4b90-8393-8aea495c4582-AppendLogResponseHandler: received a reply d4095b94-faf8-4714-9e04-9d2538430758<-b5ee9bf6-c323-4b90-8393-8aea495c4582#2:OK,SUCCESS,nextIndex:1,term:1,followerCommit:0, request=AppendEntriesRequest:cid=2,entriesCount=0,lastEntry=null
2020-07-02 08:47:44,445 [grpc-default-executor-3] DEBUG server.GrpcLogAppender (GrpcLogAppender.java:onNext(257)) - d4095b94-faf8-4714-9e04-9d2538430758@group-8E625A2998A3->a3230122-e9f1-469c-a445-fc983e5286bd-AppendLogResponseHandler: received a reply d4095b94-faf8-4714-9e04-9d2538430758<-a3230122-e9f1-469c-a445-fc983e5286bd#2:OK,SUCCESS,nextIndex:1,term:1,followerCommit:0, request=AppendEntriesRequest:cid=2,entriesCount=0,lastEntry=null
2020-07-02 08:47:44,579 [grpc-default-executor-3] DEBUG server.GrpcLogAppender (GrpcLogAppender.java:onNext(257)) - b62aeb05-24ab-4842-8919-6c05a4e657f5@group-32BF70E33156->7d30d443-236e-4da8-b613-0865c2b8e378-AppendLogResponseHandler: received a reply b62aeb05-24ab-4842-8919-6c05a4e657f5<-7d30d443-236e-4da8-b613-0865c2b8e378#2:OK,SUCCESS,nextIndex:1,term:1,followerCommit:0, request=AppendEntriesRequest:cid=2,entriesCount=0,lastEntry=null
2020-07-02 08:47:44,598 [grpc-default-executor-3] DEBUG server.GrpcLogAppender (GrpcLogAppender.java:onNext(257)) - b62aeb05-24ab-4842-8919-6c05a4e657f5@group-32BF70E33156->aab70d5c-3498-440f-806b-05f26fe37e72-AppendLogResponseHandler: received a reply b62aeb05-24ab-4842-8919-6c05a4e657f5<-aab70d5c-3498-440f-806b-05f26fe37e72#2:OK,SUCCESS,nextIndex:1,term:1,followerCommit:0, request=AppendEntriesRequest:cid=2,entriesCount=0,lastEntry=null
2020-07-02 08:47:44,748 [Thread-1283] INFO  impl.FollowerState (FollowerState.java:run(108)) - 26f1b97f-198a-4bc6-840d-b3fa7ce7fcfa@group-D93938EF698D-FollowerState: change to CANDIDATE, lastRpcTime:1026ms, electionTimeout:1015ms
2020-07-02 08:47:44,748 [Thread-1283] INFO  impl.RoleInfo (RoleInfo.java:shutdownFollowerState(121)) - 26f1b97f-198a-4bc6-840d-b3fa7ce7fcfa: shutdown FollowerState
2020-07-02 08:47:44,748 [Thread-1283] INFO  impl.RaftServerImpl (RaftServerImpl.java:setRole(175)) - 26f1b97f-198a-4bc6-840d-b3fa7ce7fcfa@group-D93938EF698D: changes role from  FOLLOWER to CANDIDATE at term 2 for changeToCandidate
2020-07-02 08:47:44,748 [Thread-1283] INFO  impl.RoleInfo (RoleInfo.java:updateAndGet(143)) - 26f1b97f-198a-4bc6-840d-b3fa7ce7fcfa: start LeaderElection
2020-07-02 08:47:44,750 [26f1b97f-198a-4bc6-840d-b3fa7ce7fcfa@group-D93938EF698D-LeaderElection35] INFO  impl.LeaderElection (LeaderElection.java:askForVotes(206)) - 26f1b97f-198a-4bc6-840d-b3fa7ce7fcfa@group-D93938EF698D-LeaderElection35: begin an election at term 3 for -1: [26f1b97f-198a-4bc6-840d-b3fa7ce7fcfa:172.17.0.2:45833, c4f8bc01-7deb-4cd9-a6c1-654553e0e0ff:172.17.0.2:33519, f7ed0b0c-c89c-471c-8c37-09edce727015:172.17.0.2:46061], old=null
2020-07-02 08:47:44,754 [grpc-default-executor-3] DEBUG impl.RaftServerImpl (RaftServerImpl.java:requestVote(821)) - f7ed0b0c-c89c-471c-8c37-09edce727015@group-D93938EF698D: receive requestVote(26f1b97f-198a-4bc6-840d-b3fa7ce7fcfa, group-D93938EF698D, 3, (t:0, i:0))
2020-07-02 08:47:44,754 [grpc-default-executor-3] INFO  impl.RaftServerImpl (RaftServerImpl.java:setRole(175)) - f7ed0b0c-c89c-471c-8c37-09edce727015@group-D93938EF698D: changes role from  FOLLOWER to FOLLOWER at term 3 for recognizeCandidate:26f1b97f-198a-4bc6-840d-b3fa7ce7fcfa
2020-07-02 08:47:44,754 [grpc-default-executor-3] INFO  impl.RoleInfo (RoleInfo.java:shutdownFollowerState(121)) - f7ed0b0c-c89c-471c-8c37-09edce727015: shutdown FollowerState
2020-07-02 08:47:44,754 [grpc-default-executor-3] INFO  impl.RoleInfo (RoleInfo.java:updateAndGet(143)) - f7ed0b0c-c89c-471c-8c37-09edce727015: start FollowerState
2020-07-02 08:47:44,754 [Thread-1297] INFO  impl.FollowerState (FollowerState.java:run(117)) - f7ed0b0c-c89c-471c-8c37-09edce727015@group-D93938EF698D-FollowerState was interrupted: java.lang.InterruptedException: sleep interrupted
2020-07-02 08:47:44,754 [grpc-default-executor-2] DEBUG impl.RaftServerImpl (RaftServerImpl.java:requestVote(821)) - c4f8bc01-7deb-4cd9-a6c1-654553e0e0ff@group-D93938EF698D: receive requestVote(26f1b97f-198a-4bc6-840d-b3fa7ce7fcfa, group-D93938EF698D, 3, (t:0, i:0))
2020-07-02 08:47:44,755 [grpc-default-executor-2] INFO  impl.RaftServerImpl (RaftServerImpl.java:setRole(175)) - c4f8bc01-7deb-4cd9-a6c1-654553e0e0ff@group-D93938EF698D: changes role from  FOLLOWER to FOLLOWER at term 3 for recognizeCandidate:26f1b97f-198a-4bc6-840d-b3fa7ce7fcfa
2020-07-02 08:47:44,755 [grpc-default-executor-2] INFO  impl.RoleInfo (RoleInfo.java:shutdownFollowerState(121)) - c4f8bc01-7deb-4cd9-a6c1-654553e0e0ff: shutdown FollowerState
2020-07-02 08:47:44,755 [grpc-default-executor-2] INFO  impl.RoleInfo (RoleInfo.java:updateAndGet(143)) - c4f8bc01-7deb-4cd9-a6c1-654553e0e0ff: start FollowerState
2020-07-02 08:47:44,756 [Thread-1288] INFO  impl.FollowerState (FollowerState.java:run(117)) - c4f8bc01-7deb-4cd9-a6c1-654553e0e0ff@group-D93938EF698D-FollowerState was interrupted: java.lang.InterruptedException: sleep interrupted
2020-07-02 08:47:44,757 [grpc-default-executor-2] DEBUG impl.RaftServerImpl (RaftServerImpl.java:requestVote(853)) - c4f8bc01-7deb-4cd9-a6c1-654553e0e0ff@group-D93938EF698D replies to vote request: 26f1b97f-198a-4bc6-840d-b3fa7ce7fcfa<-c4f8bc01-7deb-4cd9-a6c1-654553e0e0ff#0:OK-t3. Peer's state: c4f8bc01-7deb-4cd9-a6c1-654553e0e0ff@group-D93938EF698D:t3, leader=null, voted=26f1b97f-198a-4bc6-840d-b3fa7ce7fcfa, raftlog=c4f8bc01-7deb-4cd9-a6c1-654553e0e0ff@group-D93938EF698D-SegmentedRaftLog:OPENED:c-1,f-1,i0, conf=-1: [26f1b97f-198a-4bc6-840d-b3fa7ce7fcfa:172.17.0.2:45833, c4f8bc01-7deb-4cd9-a6c1-654553e0e0ff:172.17.0.2:33519, f7ed0b0c-c89c-471c-8c37-09edce727015:172.17.0.2:46061], old=null
2020-07-02 08:47:44,757 [grpc-default-executor-3] DEBUG impl.RaftServerImpl (RaftServerImpl.java:requestVote(853)) - f7ed0b0c-c89c-471c-8c37-09edce727015@group-D93938EF698D replies to vote request: 26f1b97f-198a-4bc6-840d-b3fa7ce7fcfa<-f7ed0b0c-c89c-471c-8c37-09edce727015#0:FAIL-t3. Peer's state: f7ed0b0c-c89c-471c-8c37-09edce727015@group-D93938EF698D:t3, leader=null, voted=null, raftlog=f7ed0b0c-c89c-471c-8c37-09edce727015@group-D93938EF698D-SegmentedRaftLog:OPENED:c0,f0,i0, conf=0: [26f1b97f-198a-4bc6-840d-b3fa7ce7fcfa:172.17.0.2:45833, c4f8bc01-7deb-4cd9-a6c1-654553e0e0ff:172.17.0.2:33519, f7ed0b0c-c89c-471c-8c37-09edce727015:172.17.0.2:46061], old=null
2020-07-02 08:47:44,762 [26f1b97f-198a-4bc6-840d-b3fa7ce7fcfa@group-D93938EF698D-LeaderElection35] INFO  impl.LeaderElection (LeaderElection.java:logAndReturn(61)) - 26f1b97f-198a-4bc6-840d-b3fa7ce7fcfa@group-D93938EF698D-LeaderElection35: Election PASSED; received 2 response(s) [26f1b97f-198a-4bc6-840d-b3fa7ce7fcfa<-c4f8bc01-7deb-4cd9-a6c1-654553e0e0ff#0:OK-t3, 26f1b97f-198a-4bc6-840d-b3fa7ce7fcfa<-f7ed0b0c-c89c-471c-8c37-09edce727015#0:FAIL-t3] and 0 exception(s); 26f1b97f-198a-4bc6-840d-b3fa7ce7fcfa@group-D93938EF698D:t3, leader=null, voted=26f1b97f-198a-4bc6-840d-b3fa7ce7fcfa, raftlog=26f1b97f-198a-4bc6-840d-b3fa7ce7fcfa@group-D93938EF698D-SegmentedRaftLog:OPENED:c-1,f-1,i0, conf=-1: [26f1b97f-198a-4bc6-840d-b3fa7ce7fcfa:172.17.0.2:45833, c4f8bc01-7deb-4cd9-a6c1-654553e0e0ff:172.17.0.2:33519, f7ed0b0c-c89c-471c-8c37-09edce727015:172.17.0.2:46061], old=null
2020-07-02 08:47:44,762 [26f1b97f-198a-4bc6-840d-b3fa7ce7fcfa@group-D93938EF698D-LeaderElection35] INFO  impl.RoleInfo (RoleInfo.java:shutdownLeaderElection(134)) - 26f1b97f-198a-4bc6-840d-b3fa7ce7fcfa: shutdown LeaderElection
2020-07-02 08:47:44,762 [26f1b97f-198a-4bc6-840d-b3fa7ce7fcfa@group-D93938EF698D-LeaderElection35] INFO  impl.RaftServerImpl (RaftServerImpl.java:setRole(175)) - 26f1b97f-198a-4bc6-840d-b3fa7ce7fcfa@group-D93938EF698D: changes role from CANDIDATE to LEADER at term 3 for changeToLeader
2020-07-02 08:47:44,763 [26f1b97f-198a-4bc6-840d-b3fa7ce7fcfa@group-D93938EF698D-LeaderElection35] INFO  ratis.XceiverServerRatis (XceiverServerRatis.java:handleLeaderChangedNotification(762)) - Leader change notification received for group: group-D93938EF698D with new leaderId: 26f1b97f-198a-4bc6-840d-b3fa7ce7fcfa
2020-07-02 08:47:44,763 [26f1b97f-198a-4bc6-840d-b3fa7ce7fcfa@group-D93938EF698D-LeaderElection35] INFO  impl.RaftServerImpl (ServerState.java:setLeader(255)) - 26f1b97f-198a-4bc6-840d-b3fa7ce7fcfa@group-D93938EF698D: change Leader from null to 26f1b97f-198a-4bc6-840d-b3fa7ce7fcfa at term 3 for becomeLeader, leader elected after 2224ms
2020-07-02 08:47:44,763 [26f1b97f-198a-4bc6-840d-b3fa7ce7fcfa@group-D93938EF698D-LeaderElection35] INFO  server.RaftServerConfigKeys (ConfUtils.java:logGet(44)) - raft.server.staging.catchup.gap = 1000 (default)
2020-07-02 08:47:44,763 [26f1b97f-198a-4bc6-840d-b3fa7ce7fcfa@group-D93938EF698D-LeaderElection35] INFO  server.RaftServerConfigKeys (ConfUtils.java:logGet(44)) - raft.server.rpc.sleep.time = 25ms (default)
2020-07-02 08:47:44,763 [26f1b97f-198a-4bc6-840d-b3fa7ce7fcfa@group-D93938EF698D-LeaderElection35] INFO  metrics.RatisMetrics (RatisMetrics.java:lambda$create$0(36)) - Creating Metrics Registry : ratis.log_appender.26f1b97f-198a-4bc6-840d-b3fa7ce7fcfa@group-D93938EF698D
2020-07-02 08:47:44,763 [26f1b97f-198a-4bc6-840d-b3fa7ce7fcfa@group-D93938EF698D-LeaderElection35] INFO  server.RaftServerConfigKeys (ConfUtils.java:logGet(44)) - raft.server.write.element-limit = 1024 (custom)
2020-07-02 08:47:44,763 [26f1b97f-198a-4bc6-840d-b3fa7ce7fcfa@group-D93938EF698D-LeaderElection35] INFO  server.RaftServerConfigKeys (ConfUtils.java:logGet(44)) - raft.server.write.byte-limit = 1073741824 (custom)
2020-07-02 08:47:44,764 [26f1b97f-198a-4bc6-840d-b3fa7ce7fcfa@group-D93938EF698D-LeaderElection35] INFO  server.RaftServerConfigKeys (ConfUtils.java:logGet(44)) - raft.server.watch.timeout = 3000ms (custom)
2020-07-02 08:47:44,764 [26f1b97f-198a-4bc6-840d-b3fa7ce7fcfa@group-D93938EF698D-LeaderElection35] INFO  server.RaftServerConfigKeys (ConfUtils.java:logGet(44)) - raft.server.watch.timeout.denomination = 1s (default)
2020-07-02 08:47:44,764 [26f1b97f-198a-4bc6-840d-b3fa7ce7fcfa@group-D93938EF698D-LeaderElection35] INFO  server.RaftServerConfigKeys (ConfUtils.java:logGet(44)) - raft.server.watch.element-limit = 65536 (default)
2020-07-02 08:47:44,764 [26f1b97f-198a-4bc6-840d-b3fa7ce7fcfa@group-D93938EF698D-LeaderElection35] INFO  server.RaftServerConfigKeys (ConfUtils.java:logGet(44)) - raft.server.log.appender.snapshot.chunk.size.max = 16MB (=16777216) (default)
2020-07-02 08:47:44,764 [26f1b97f-198a-4bc6-840d-b3fa7ce7fcfa@group-D93938EF698D-LeaderElection35] INFO  server.RaftServerConfigKeys (ConfUtils.java:logGet(44)) - raft.server.log.appender.buffer.byte-limit = 33554432 (custom)
2020-07-02 08:47:44,764 [26f1b97f-198a-4bc6-840d-b3fa7ce7fcfa@group-D93938EF698D-LeaderElection35] INFO  server.RaftServerConfigKeys (ConfUtils.java:logGet(44)) - raft.server.log.appender.buffer.element-limit = 1 (custom)
2020-07-02 08:47:44,764 [26f1b97f-198a-4bc6-840d-b3fa7ce7fcfa@group-D93938EF698D-LeaderElection35] INFO  grpc.GrpcConfigKeys (ConfUtils.java:logGet(44)) - raft.grpc.server.leader.outstanding.appends.max = 128 (default)
2020-07-02 08:47:44,764 [26f1b97f-198a-4bc6-840d-b3fa7ce7fcfa@group-D93938EF698D-LeaderElection35] INFO  server.RaftServerConfigKeys (ConfUtils.java:logGet(44)) - raft.server.rpc.request.timeout = 3000ms (default)
2020-07-02 08:47:44,764 [26f1b97f-198a-4bc6-840d-b3fa7ce7fcfa@group-D93938EF698D-LeaderElection35] INFO  server.RaftServerConfigKeys (ConfUtils.java:logGet(44)) - raft.server.log.appender.install.snapshot.enabled = false (custom)
2020-07-02 08:47:44,765 [26f1b97f-198a-4bc6-840d-b3fa7ce7fcfa@group-D93938EF698D-LeaderElection35] INFO  metrics.RatisMetrics (RatisMetrics.java:lambda$create$0(36)) - Creating Metrics Registry : ratis_grpc.log_appender.26f1b97f-198a-4bc6-840d-b3fa7ce7fcfa@group-D93938EF698D
2020-07-02 08:47:44,766 [26f1b97f-198a-4bc6-840d-b3fa7ce7fcfa@group-D93938EF698D-LeaderElection35] INFO  server.RaftServerConfigKeys (ConfUtils.java:logGet(44)) - raft.server.log.appender.snapshot.chunk.size.max = 16MB (=16777216) (default)
2020-07-02 08:47:44,766 [26f1b97f-198a-4bc6-840d-b3fa7ce7fcfa@group-D93938EF698D-LeaderElection35] INFO  server.RaftServerConfigKeys (ConfUtils.java:logGet(44)) - raft.server.log.appender.buffer.byte-limit = 33554432 (custom)
2020-07-02 08:47:44,766 [26f1b97f-198a-4bc6-840d-b3fa7ce7fcfa@group-D93938EF698D-LeaderElection35] INFO  server.RaftServerConfigKeys (ConfUtils.java:logGet(44)) - raft.server.log.appender.buffer.element-limit = 1 (custom)
2020-07-02 08:47:44,767 [26f1b97f-198a-4bc6-840d-b3fa7ce7fcfa@group-D93938EF698D-LeaderElection35] INFO  grpc.GrpcConfigKeys (ConfUtils.java:logGet(44)) - raft.grpc.server.leader.outstanding.appends.max = 128 (default)
2020-07-02 08:47:44,767 [26f1b97f-198a-4bc6-840d-b3fa7ce7fcfa@group-D93938EF698D-LeaderElection35] INFO  server.RaftServerConfigKeys (ConfUtils.java:logGet(44)) - raft.server.rpc.request.timeout = 3000ms (default)
2020-07-02 08:47:44,767 [26f1b97f-198a-4bc6-840d-b3fa7ce7fcfa@group-D93938EF698D-LeaderElection35] INFO  server.RaftServerConfigKeys (ConfUtils.java:logGet(44)) - raft.server.log.appender.install.snapshot.enabled = false (custom)
2020-07-02 08:47:44,768 [26f1b97f-198a-4bc6-840d-b3fa7ce7fcfa@group-D93938EF698D-LeaderElection35] INFO  impl.RoleInfo (RoleInfo.java:updateAndGet(143)) - 26f1b97f-198a-4bc6-840d-b3fa7ce7fcfa: start LeaderState
2020-07-02 08:47:44,769 [26f1b97f-198a-4bc6-840d-b3fa7ce7fcfa@group-D93938EF698D-LeaderElection35] INFO  segmented.SegmentedRaftLogWorker (SegmentedRaftLogWorker.java:startLogSegment(397)) - 26f1b97f-198a-4bc6-840d-b3fa7ce7fcfa@group-D93938EF698D-SegmentedRaftLogWorker: Starting segment from index:0
2020-07-02 08:47:44,770 [26f1b97f-198a-4bc6-840d-b3fa7ce7fcfa@group-D93938EF698D-SegmentedRaftLogWorker] INFO  segmented.SegmentedRaftLogWorker (SegmentedRaftLogWorker.java:execute(596)) - 26f1b97f-198a-4bc6-840d-b3fa7ce7fcfa@group-D93938EF698D-SegmentedRaftLogWorker: created new log segment /github/workspace/mnt/ozone/hadoop-ozone/integration-test/target/test-dir/MiniOzoneClusterImpl-2ea21c0c-9bca-4642-a989-259fb4fcb281/datanode-0/data/ratis/91acdc32-11c2-425a-8fac-d93938ef698d/current/log_inprogress_0
2020-07-02 08:47:44,771 [grpc-default-executor-2] INFO  ratis.XceiverServerRatis (XceiverServerRatis.java:handleLeaderChangedNotification(762)) - Leader change notification received for group: group-D93938EF698D with new leaderId: 26f1b97f-198a-4bc6-840d-b3fa7ce7fcfa
2020-07-02 08:47:44,772 [grpc-default-executor-2] INFO  impl.RaftServerImpl (ServerState.java:setLeader(255)) - c4f8bc01-7deb-4cd9-a6c1-654553e0e0ff@group-D93938EF698D: change Leader from null to 26f1b97f-198a-4bc6-840d-b3fa7ce7fcfa at term 3 for appendEntries, leader elected after 2193ms
2020-07-02 08:47:44,772 [26f1b97f-198a-4bc6-840d-b3fa7ce7fcfa@group-D93938EF698D-LeaderElection35] INFO  impl.RaftServerImpl (ServerState.java:setRaftConf(356)) - 26f1b97f-198a-4bc6-840d-b3fa7ce7fcfa@group-D93938EF698D: set configuration 0: [26f1b97f-198a-4bc6-840d-b3fa7ce7fcfa:172.17.0.2:45833, c4f8bc01-7deb-4cd9-a6c1-654553e0e0ff:172.17.0.2:33519, f7ed0b0c-c89c-471c-8c37-09edce727015:172.17.0.2:46061], old=null at 0
2020-07-02 08:47:44,773 [grpc-default-executor-2] DEBUG impl.RaftServerImpl (RaftServerImpl.java:logAppendEntries(928)) - c4f8bc01-7deb-4cd9-a6c1-654553e0e0ff@group-D93938EF698D: receive appendEntries(26f1b97f-198a-4bc6-840d-b3fa7ce7fcfa, 3, null, -1, false, commits[26f1b97f-198a-4bc6-840d-b3fa7ce7fcfa:c-1, c4f8bc01-7deb-4cd9-a6c1-654553e0e0ff:c-1, f7ed0b0c-c89c-471c-8c37-09edce727015:c-1], entries: (t:3, i:0), CONFIGURATIONENTRY
2020-07-02 08:47:44,773 [grpc-default-executor-2] INFO  impl.RaftServerImpl (ServerState.java:setRaftConf(356)) - c4f8bc01-7deb-4cd9-a6c1-654553e0e0ff@group-D93938EF698D: set configuration 0: [26f1b97f-198a-4bc6-840d-b3fa7ce7fcfa:172.17.0.2:45833, c4f8bc01-7deb-4cd9-a6c1-654553e0e0ff:172.17.0.2:33519, f7ed0b0c-c89c-471c-8c37-09edce727015:172.17.0.2:46061], old=null at 0
2020-07-02 08:47:44,773 [grpc-default-executor-2] INFO  segmented.SegmentedRaftLogWorker (SegmentedRaftLogWorker.java:startLogSegment(397)) - c4f8bc01-7deb-4cd9-a6c1-654553e0e0ff@group-D93938EF698D-SegmentedRaftLogWorker: Starting segment from index:0
2020-07-02 08:47:44,775 [c4f8bc01-7deb-4cd9-a6c1-654553e0e0ff@group-D93938EF698D-SegmentedRaftLogWorker] INFO  segmented.SegmentedRaftLogWorker (SegmentedRaftLogWorker.java:execute(596)) - c4f8bc01-7deb-4cd9-a6c1-654553e0e0ff@group-D93938EF698D-SegmentedRaftLogWorker: created new log segment /github/workspace/mnt/ozone/hadoop-ozone/integration-test/target/test-dir/MiniOzoneClusterImpl-2ea21c0c-9bca-4642-a989-259fb4fcb281/datanode-2/data/ratis/91acdc32-11c2-425a-8fac-d93938ef698d/current/log_inprogress_0
2020-07-02 08:47:44,776 [Thread-1350] DEBUG impl.RaftServerImpl (RaftServerImpl.java:logAppendEntries(928)) - c4f8bc01-7deb-4cd9-a6c1-654553e0e0ff@group-D93938EF698D: succeeded to handle AppendEntries. Reply: 26f1b97f-198a-4bc6-840d-b3fa7ce7fcfa<-c4f8bc01-7deb-4cd9-a6c1-654553e0e0ff#1:OK,SUCCESS,nextIndex:1,term:3,followerCommit:-1
2020-07-02 08:47:44,777 [grpc-default-executor-2] DEBUG server.GrpcLogAppender (GrpcLogAppender.java:onNext(257)) - 26f1b97f-198a-4bc6-840d-b3fa7ce7fcfa@group-D93938EF698D->c4f8bc01-7deb-4cd9-a6c1-654553e0e0ff-AppendLogResponseHandler: received the first reply 26f1b97f-198a-4bc6-840d-b3fa7ce7fcfa<-c4f8bc01-7deb-4cd9-a6c1-654553e0e0ff#0:OK,SUCCESS,nextIndex:1,term:3,followerCommit:-1, request=AppendEntriesRequest:cid=0,entriesCount=0,lastEntry=null
2020-07-02 08:47:44,778 [grpc-default-executor-4] INFO  ratis.XceiverServerRatis (XceiverServerRatis.java:handleLeaderChangedNotification(762)) - Leader change notification received for group: group-D93938EF698D with new leaderId: 26f1b97f-198a-4bc6-840d-b3fa7ce7fcfa
2020-07-02 08:47:44,778 [grpc-default-executor-4] INFO  impl.RaftServerImpl (ServerState.java:setLeader(255)) - f7ed0b0c-c89c-471c-8c37-09edce727015@group-D93938EF698D: change Leader from null to 26f1b97f-198a-4bc6-840d-b3fa7ce7fcfa at term 3 for appendEntries, leader elected after 987ms
2020-07-02 08:47:44,779 [grpc-default-executor-4] DEBUG impl.RaftServerImpl (RaftServerImpl.java:logAppendEntries(928)) - f7ed0b0c-c89c-471c-8c37-09edce727015@group-D93938EF698D: receive appendEntries(26f1b97f-198a-4bc6-840d-b3fa7ce7fcfa, 3, null, 0, false, commits[26f1b97f-198a-4bc6-840d-b3fa7ce7fcfa:c0, c4f8bc01-7deb-4cd9-a6c1-654553e0e0ff:c-1, f7ed0b0c-c89c-471c-8c37-09edce727015:c-1], entries: (t:3, i:0), CONFIGURATIONENTRY
2020-07-02 08:47:44,779 [grpc-default-executor-4] INFO  impl.RaftServerImpl (ServerState.java:setRaftConf(356)) - f7ed0b0c-c89c-471c-8c37-09edce727015@group-D93938EF698D: set configuration 0: [26f1b97f-198a-4bc6-840d-b3fa7ce7fcfa:172.17.0.2:45833, c4f8bc01-7deb-4cd9-a6c1-654553e0e0ff:172.17.0.2:33519, f7ed0b0c-c89c-471c-8c37-09edce727015:172.17.0.2:46061], old=null at 0
2020-07-02 08:47:44,781 [grpc-default-executor-4] INFO  segmented.SegmentedRaftLogWorker (SegmentedRaftLogWorker.java:truncate(413)) - f7ed0b0c-c89c-471c-8c37-09edce727015@group-D93938EF698D-SegmentedRaftLogWorker: Truncating segments toTruncate: null
  toDelete: [(0, 0) isOpen? true, length=0, newEndIndex=-1], start index 0
2020-07-02 08:47:44,781 [grpc-default-executor-4] INFO  segmented.SegmentedRaftLogWorker (SegmentedRaftLogWorker.java:startLogSegment(397)) - f7ed0b0c-c89c-471c-8c37-09edce727015@group-D93938EF698D-SegmentedRaftLogWorker: Starting segment from index:0
2020-07-02 08:47:44,782 [f7ed0b0c-c89c-471c-8c37-09edce727015@group-D93938EF698D-SegmentedRaftLogWorker] INFO  segmented.SegmentedRaftLogWorker (SegmentedRaftLogWorker.java:execute(663)) - f7ed0b0c-c89c-471c-8c37-09edce727015@group-D93938EF698D-SegmentedRaftLogWorker: Deleted log file /github/workspace/mnt/ozone/hadoop-ozone/integration-test/target/test-dir/MiniOzoneClusterImpl-2ea21c0c-9bca-4642-a989-259fb4fcb281/datanode-1/data/ratis/91acdc32-11c2-425a-8fac-d93938ef698d/current/log_inprogress_0
2020-07-02 08:47:44,782 [f7ed0b0c-c89c-471c-8c37-09edce727015@group-D93938EF698D-SegmentedRaftLogWorker] INFO  segmented.SegmentedRaftLogWorker (SegmentedRaftLogWorker.java:lambda$new$0(129)) - f7ed0b0c-c89c-471c-8c37-09edce727015@group-D93938EF698D-SegmentedRaftLogWorker: flushIndex: setUnconditionally 0 -> -1
2020-07-02 08:47:44,783 [f7ed0b0c-c89c-471c-8c37-09edce727015@group-D93938EF698D-SegmentedRaftLogWorker] INFO  segmented.SegmentedRaftLogWorker (SegmentedRaftLogWorker.java:lambda$new$0(129)) - f7ed0b0c-c89c-471c-8c37-09edce727015@group-D93938EF698D-SegmentedRaftLogWorker: safeCacheEvictIndex: setUnconditionally -1 -> -1
2020-07-02 08:47:44,783 [grpc-default-executor-4] DEBUG server.GrpcLogAppender (GrpcLogAppender.java:onNext(257)) - 26f1b97f-198a-4bc6-840d-b3fa7ce7fcfa@group-D93938EF698D->f7ed0b0c-c89c-471c-8c37-09edce727015-AppendLogResponseHandler: received the first reply 26f1b97f-198a-4bc6-840d-b3fa7ce7fcfa<-f7ed0b0c-c89c-471c-8c37-09edce727015#0:OK,SUCCESS,nextIndex:1,term:3,followerCommit:0, request=AppendEntriesRequest:cid=0,entriesCount=0,lastEntry=null
2020-07-02 08:47:44,784 [f7ed0b0c-c89c-471c-8c37-09edce727015@group-D93938EF698D-SegmentedRaftLogWorker] INFO  segmented.SegmentedRaftLogWorker (SegmentedRaftLogWorker.java:execute(596)) - f7ed0b0c-c89c-471c-8c37-09edce727015@group-D93938EF698D-SegmentedRaftLogWorker: created new log segment /github/workspace/mnt/ozone/hadoop-ozone/integration-test/target/test-dir/MiniOzoneClusterImpl-2ea21c0c-9bca-4642-a989-259fb4fcb281/datanode-1/data/ratis/91acdc32-11c2-425a-8fac-d93938ef698d/current/log_inprogress_0
2020-07-02 08:47:44,784 [Thread-1352] DEBUG impl.RaftServerImpl (RaftServerImpl.java:logAppendEntries(928)) - f7ed0b0c-c89c-471c-8c37-09edce727015@group-D93938EF698D: succeeded to handle AppendEntries. Reply: 26f1b97f-198a-4bc6-840d-b3fa7ce7fcfa<-f7ed0b0c-c89c-471c-8c37-09edce727015#1:OK,SUCCESS,nextIndex:1,term:3,followerCommit:0
2020-07-02 08:47:44,785 [grpc-default-executor-4] DEBUG server.GrpcLogAppender (GrpcLogAppender.java:onNext(257)) - 26f1b97f-198a-4bc6-840d-b3fa7ce7fcfa@group-D93938EF698D->f7ed0b0c-c89c-471c-8c37-09edce727015-AppendLogResponseHandler: received a reply 26f1b97f-198a-4bc6-840d-b3fa7ce7fcfa<-f7ed0b0c-c89c-471c-8c37-09edce727015#1:OK,SUCCESS,nextIndex:1,term:3,followerCommit:0, request=AppendEntriesRequest:cid=1,entriesCount=1,lastEntry=(t:3, i:0)
2020-07-02 08:47:44,945 [grpc-default-executor-2] DEBUG server.GrpcLogAppender (GrpcLogAppender.java:onNext(257)) - d4095b94-faf8-4714-9e04-9d2538430758@group-8E625A2998A3->b5ee9bf6-c323-4b90-8393-8aea495c4582-AppendLogResponseHandler: received a reply d4095b94-faf8-4714-9e04-9d2538430758<-b5ee9bf6-c323-4b90-8393-8aea495c4582#3:OK,SUCCESS,nextIndex:1,term:1,followerCommit:0, request=AppendEntriesRequest:cid=3,entriesCount=0,lastEntry=null
2020-07-02 08:47:44,946 [grpc-default-executor-2] DEBUG server.GrpcLogAppender (GrpcLogAppender.java:onNext(257)) - d4095b94-faf8-4714-9e04-9d2538430758@group-8E625A2998A3->a3230122-e9f1-469c-a445-fc983e5286bd-AppendLogResponseHandler: received a reply d4095b94-faf8-4714-9e04-9d2538430758<-a3230122-e9f1-469c-a445-fc983e5286bd#3:OK,SUCCESS,nextIndex:1,term:1,followerCommit:0, request=AppendEntriesRequest:cid=3,entriesCount=0,lastEntry=null
2020-07-02 08:47:45,080 [grpc-default-executor-2] DEBUG server.GrpcLogAppender (GrpcLogAppender.java:onNext(257)) - b62aeb05-24ab-4842-8919-6c05a4e657f5@group-32BF70E33156->7d30d443-236e-4da8-b613-0865c2b8e378-AppendLogResponseHandler: received a reply b62aeb05-24ab-4842-8919-6c05a4e657f5<-7d30d443-236e-4da8-b613-0865c2b8e378#3:OK,SUCCESS,nextIndex:1,term:1,followerCommit:0, request=AppendEntriesRequest:cid=3,entriesCount=0,lastEntry=null
2020-07-02 08:47:45,099 [grpc-default-executor-2] DEBUG server.GrpcLogAppender (GrpcLogAppender.java:onNext(257)) - b62aeb05-24ab-4842-8919-6c05a4e657f5@group-32BF70E33156->aab70d5c-3498-440f-806b-05f26fe37e72-AppendLogResponseHandler: received a reply b62aeb05-24ab-4842-8919-6c05a4e657f5<-aab70d5c-3498-440f-806b-05f26fe37e72#3:OK,SUCCESS,nextIndex:1,term:1,followerCommit:0, request=AppendEntriesRequest:cid=3,entriesCount=0,lastEntry=null
2020-07-02 08:47:45,279 [grpc-default-executor-2] DEBUG server.GrpcLogAppender (GrpcLogAppender.java:onNext(257)) - 26f1b97f-198a-4bc6-840d-b3fa7ce7fcfa@group-D93938EF698D->c4f8bc01-7deb-4cd9-a6c1-654553e0e0ff-AppendLogResponseHandler: received a reply 26f1b97f-198a-4bc6-840d-b3fa7ce7fcfa<-c4f8bc01-7deb-4cd9-a6c1-654553e0e0ff#2:OK,SUCCESS,nextIndex:1,term:3,followerCommit:0, request=AppendEntriesRequest:cid=2,entriesCount=0,lastEntry=null
2020-07-02 08:47:45,286 [grpc-default-executor-2] DEBUG server.GrpcLogAppender (GrpcLogAppender.java:onNext(257)) - 26f1b97f-198a-4bc6-840d-b3fa7ce7fcfa@group-D93938EF698D->f7ed0b0c-c89c-471c-8c37-09edce727015-AppendLogResponseHandler: received a reply 26f1b97f-198a-4bc6-840d-b3fa7ce7fcfa<-f7ed0b0c-c89c-471c-8c37-09edce727015#2:OK,SUCCESS,nextIndex:1,term:3,followerCommit:0, request=AppendEntriesRequest:cid=2,entriesCount=0,lastEntry=null
2020-07-02 08:47:45,447 [grpc-default-executor-2] DEBUG server.GrpcLogAppender (GrpcLogAppender.java:onNext(257)) - d4095b94-faf8-4714-9e04-9d2538430758@group-8E625A2998A3->b5ee9bf6-c323-4b90-8393-8aea495c4582-AppendLogResponseHandler: received a reply d4095b94-faf8-4714-9e04-9d2538430758<-b5ee9bf6-c323-4b90-8393-8aea495c4582#4:OK,SUCCESS,nextIndex:1,term:1,followerCommit:0, request=AppendEntriesRequest:cid=4,entriesCount=0,lastEntry=null
2020-07-02 08:47:45,447 [grpc-default-executor-2] DEBUG server.GrpcLogAppender (GrpcLogAppender.java:onNext(257)) - d4095b94-faf8-4714-9e04-9d2538430758@group-8E625A2998A3->a3230122-e9f1-469c-a445-fc983e5286bd-AppendLogResponseHandler: received a reply d4095b94-faf8-4714-9e04-9d2538430758<-a3230122-e9f1-469c-a445-fc983e5286bd#4:OK,SUCCESS,nextIndex:1,term:1,followerCommit:0, request=AppendEntriesRequest:cid=4,entriesCount=0,lastEntry=null
2020-07-02 08:47:45,581 [grpc-default-executor-2] DEBUG server.GrpcLogAppender (GrpcLogAppender.java:onNext(257)) - b62aeb05-24ab-4842-8919-6c05a4e657f5@group-32BF70E33156->7d30d443-236e-4da8-b613-0865c2b8e378-AppendLogResponseHandler: received a reply b62aeb05-24ab-4842-8919-6c05a4e657f5<-7d30d443-236e-4da8-b613-0865c2b8e378#4:OK,SUCCESS,nextIndex:1,term:1,followerCommit:0, request=AppendEntriesRequest:cid=4,entriesCount=0,lastEntry=null
2020-07-02 08:47:45,600 [grpc-default-executor-2] DEBUG server.GrpcLogAppender (GrpcLogAppender.java:onNext(257)) - b62aeb05-24ab-4842-8919-6c05a4e657f5@group-32BF70E33156->aab70d5c-3498-440f-806b-05f26fe37e72-AppendLogResponseHandler: received a reply b62aeb05-24ab-4842-8919-6c05a4e657f5<-aab70d5c-3498-440f-806b-05f26fe37e72#4:OK,SUCCESS,nextIndex:1,term:1,followerCommit:0, request=AppendEntriesRequest:cid=4,entriesCount=0,lastEntry=null
2020-07-02 08:47:45,780 [grpc-default-executor-2] DEBUG server.GrpcLogAppender (GrpcLogAppender.java:onNext(257)) - 26f1b97f-198a-4bc6-840d-b3fa7ce7fcfa@group-D93938EF698D->c4f8bc01-7deb-4cd9-a6c1-654553e0e0ff-AppendLogResponseHandler: received a reply 26f1b97f-198a-4bc6-840d-b3fa7ce7fcfa<-c4f8bc01-7deb-4cd9-a6c1-654553e0e0ff#3:OK,SUCCESS,nextIndex:1,term:3,followerCommit:0, request=AppendEntriesRequest:cid=3,entriesCount=0,lastEntry=null
2020-07-02 08:47:45,787 [grpc-default-executor-2] DEBUG server.GrpcLogAppender (GrpcLogAppender.java:onNext(257)) - 26f1b97f-198a-4bc6-840d-b3fa7ce7fcfa@group-D93938EF698D->f7ed0b0c-c89c-471c-8c37-09edce727015-AppendLogResponseHandler: received a reply 26f1b97f-198a-4bc6-840d-b3fa7ce7fcfa<-f7ed0b0c-c89c-471c-8c37-09edce727015#3:OK,SUCCESS,nextIndex:1,term:3,followerCommit:0, request=AppendEntriesRequest:cid=3,entriesCount=0,lastEntry=null
2020-07-02 08:47:45,948 [grpc-default-executor-4] DEBUG server.GrpcLogAppender (GrpcLogAppender.java:onNext(257)) - d4095b94-faf8-4714-9e04-9d2538430758@group-8E625A2998A3->a3230122-e9f1-469c-a445-fc983e5286bd-AppendLogResponseHandler: received a reply d4095b94-faf8-4714-9e04-9d2538430758<-a3230122-e9f1-469c-a445-fc983e5286bd#5:OK,SUCCESS,nextIndex:1,term:1,followerCommit:0, request=AppendEntriesRequest:cid=5,entriesCount=0,lastEntry=null
2020-07-02 08:47:45,949 [grpc-default-executor-4] DEBUG server.GrpcLogAppender (GrpcLogAppender.java:onNext(257)) - d4095b94-faf8-4714-9e04-9d2538430758@group-8E625A2998A3->b5ee9bf6-c323-4b90-8393-8aea495c4582-AppendLogResponseHandler: received a reply d4095b94-faf8-4714-9e04-9d2538430758<-b5ee9bf6-c323-4b90-8393-8aea495c4582#5:OK,SUCCESS,nextIndex:1,term:1,followerCommit:0, request=AppendEntriesRequest:cid=5,entriesCount=0,lastEntry=null
2020-07-02 08:47:46,083 [grpc-default-executor-4] DEBUG server.GrpcLogAppender (GrpcLogAppender.java:onNext(257)) - b62aeb05-24ab-4842-8919-6c05a4e657f5@group-32BF70E33156->7d30d443-236e-4da8-b613-0865c2b8e378-AppendLogResponseHandler: received a reply b62aeb05-24ab-4842-8919-6c05a4e657f5<-7d30d443-236e-4da8-b613-0865c2b8e378#5:OK,SUCCESS,nextIndex:1,term:1,followerCommit:0, request=AppendEntriesRequest:cid=5,entriesCount=0,lastEntry=null
2020-07-02 08:47:46,102 [grpc-default-executor-4] DEBUG server.GrpcLogAppender (GrpcLogAppender.java:onNext(257)) - b62aeb05-24ab-4842-8919-6c05a4e657f5@group-32BF70E33156->aab70d5c-3498-440f-806b-05f26fe37e72-AppendLogResponseHandler: received a reply b62aeb05-24ab-4842-8919-6c05a4e657f5<-aab70d5c-3498-440f-806b-05f26fe37e72#5:OK,SUCCESS,nextIndex:1,term:1,followerCommit:0, request=AppendEntriesRequest:cid=5,entriesCount=0,lastEntry=null
2020-07-02 08:47:46,281 [grpc-default-executor-4] DEBUG server.GrpcLogAppender (GrpcLogAppender.java:onNext(257)) - 26f1b97f-198a-4bc6-840d-b3fa7ce7fcfa@group-D93938EF698D->c4f8bc01-7deb-4cd9-a6c1-654553e0e0ff-AppendLogResponseHandler: received a reply 26f1b97f-198a-4bc6-840d-b3fa7ce7fcfa<-c4f8bc01-7deb-4cd9-a6c1-654553e0e0ff#4:OK,SUCCESS,nextIndex:1,term:3,followerCommit:0, request=AppendEntriesRequest:cid=4,entriesCount=0,lastEntry=null
2020-07-02 08:47:46,288 [grpc-default-executor-4] DEBUG server.GrpcLogAppender (GrpcLogAppender.java:onNext(257)) - 26f1b97f-198a-4bc6-840d-b3fa7ce7fcfa@group-D93938EF698D->f7ed0b0c-c89c-471c-8c37-09edce727015-AppendLogResponseHandler: received a reply 26f1b97f-198a-4bc6-840d-b3fa7ce7fcfa<-f7ed0b0c-c89c-471c-8c37-09edce727015#4:OK,SUCCESS,nextIndex:1,term:3,followerCommit:0, request=AppendEntriesRequest:cid=4,entriesCount=0,lastEntry=null
2020-07-02 08:47:46,450 [grpc-default-executor-2] DEBUG server.GrpcLogAppender (GrpcLogAppender.java:onNext(257)) - d4095b94-faf8-4714-9e04-9d2538430758@group-8E625A2998A3->a3230122-e9f1-469c-a445-fc983e5286bd-AppendLogResponseHandler: received a reply d4095b94-faf8-4714-9e04-9d2538430758<-a3230122-e9f1-469c-a445-fc983e5286bd#6:OK,SUCCESS,nextIndex:1,term:1,followerCommit:0, request=AppendEntriesRequest:cid=6,entriesCount=0,lastEntry=null
2020-07-02 08:47:46,450 [grpc-default-executor-2] DEBUG server.GrpcLogAppender (GrpcLogAppender.java:onNext(257)) - d4095b94-faf8-4714-9e04-9d2538430758@group-8E625A2998A3->b5ee9bf6-c323-4b90-8393-8aea495c4582-AppendLogResponseHandler: received a reply d4095b94-faf8-4714-9e04-9d2538430758<-b5ee9bf6-c323-4b90-8393-8aea495c4582#6:OK,SUCCESS,nextIndex:1,term:1,followerCommit:0, request=AppendEntriesRequest:cid=6,entriesCount=0,lastEntry=null
2020-07-02 08:47:46,584 [grpc-default-executor-2] DEBUG server.GrpcLogAppender (GrpcLogAppender.java:onNext(257)) - b62aeb05-24ab-4842-8919-6c05a4e657f5@group-32BF70E33156->7d30d443-236e-4da8-b613-0865c2b8e378-AppendLogResponseHandler: received a reply b62aeb05-24ab-4842-8919-6c05a4e657f5<-7d30d443-236e-4da8-b613-0865c2b8e378#6:OK,SUCCESS,nextIndex:1,term:1,followerCommit:0, request=AppendEntriesRequest:cid=6,entriesCount=0,lastEntry=null
2020-07-02 08:47:46,603 [grpc-default-executor-2] DEBUG server.GrpcLogAppender (GrpcLogAppender.java:onNext(257)) - b62aeb05-24ab-4842-8919-6c05a4e657f5@group-32BF70E33156->aab70d5c-3498-440f-806b-05f26fe37e72-AppendLogResponseHandler: received a reply b62aeb05-24ab-4842-8919-6c05a4e657f5<-aab70d5c-3498-440f-806b-05f26fe37e72#6:OK,SUCCESS,nextIndex:1,term:1,followerCommit:0, request=AppendEntriesRequest:cid=6,entriesCount=0,lastEntry=null
2020-07-02 08:47:46,779 [EventQueue-Delayed safe mode statusForReplicationManager] INFO  container.ReplicationManager (ReplicationManager.java:start(177)) - Starting Replication Monitor Thread.
2020-07-02 08:47:46,783 [grpc-default-executor-2] DEBUG server.GrpcLogAppender (GrpcLogAppender.java:onNext(257)) - 26f1b97f-198a-4bc6-840d-b3fa7ce7fcfa@group-D93938EF698D->c4f8bc01-7deb-4cd9-a6c1-654553e0e0ff-AppendLogResponseHandler: received a reply 26f1b97f-198a-4bc6-840d-b3fa7ce7fcfa<-c4f8bc01-7deb-4cd9-a6c1-654553e0e0ff#5:OK,SUCCESS,nextIndex:1,term:3,followerCommit:0, request=AppendEntriesRequest:cid=5,entriesCount=0,lastEntry=null
2020-07-02 08:47:46,783 [ReplicationMonitor] INFO  container.ReplicationManager (ReplicationManager.java:run(241)) - Replication Monitor Thread took 1 milliseconds for processing 1 containers.
2020-07-02 08:47:46,783 [EventQueue-CloseContainerForCloseContainerEventHandler] INFO  container.CloseContainerEventHandler (CloseContainerEventHandler.java:onMessage(61)) - Close container Event triggered for container : #1
2020-07-02 08:47:46,790 [grpc-default-executor-2] DEBUG server.GrpcLogAppender (GrpcLogAppender.java:onNext(257)) - 26f1b97f-198a-4bc6-840d-b3fa7ce7fcfa@group-D93938EF698D->f7ed0b0c-c89c-471c-8c37-09edce727015-AppendLogResponseHandler: received a reply 26f1b97f-198a-4bc6-840d-b3fa7ce7fcfa<-f7ed0b0c-c89c-471c-8c37-09edce727015#5:OK,SUCCESS,nextIndex:1,term:3,followerCommit:0, request=AppendEntriesRequest:cid=5,entriesCount=0,lastEntry=null
2020-07-02 08:47:46,951 [grpc-default-executor-4] DEBUG server.GrpcLogAppender (GrpcLogAppender.java:onNext(257)) - d4095b94-faf8-4714-9e04-9d2538430758@group-8E625A2998A3->a3230122-e9f1-469c-a445-fc983e5286bd-AppendLogResponseHandler: received a reply d4095b94-faf8-4714-9e04-9d2538430758<-a3230122-e9f1-469c-a445-fc983e5286bd#7:OK,SUCCESS,nextIndex:1,term:1,followerCommit:0, request=AppendEntriesRequest:cid=7,entriesCount=0,lastEntry=null
2020-07-02 08:47:46,951 [grpc-default-executor-4] DEBUG server.GrpcLogAppender (GrpcLogAppender.java:onNext(257)) - d4095b94-faf8-4714-9e04-9d2538430758@group-8E625A2998A3->b5ee9bf6-c323-4b90-8393-8aea495c4582-AppendLogResponseHandler: received a reply d4095b94-faf8-4714-9e04-9d2538430758<-b5ee9bf6-c323-4b90-8393-8aea495c4582#7:OK,SUCCESS,nextIndex:1,term:1,followerCommit:0, request=AppendEntriesRequest:cid=7,entriesCount=0,lastEntry=null
2020-07-02 08:47:47,087 [grpc-default-executor-4] DEBUG server.GrpcLogAppender (GrpcLogAppender.java:onNext(257)) - b62aeb05-24ab-4842-8919-6c05a4e657f5@group-32BF70E33156->7d30d443-236e-4da8-b613-0865c2b8e378-AppendLogResponseHandler: received a reply b62aeb05-24ab-4842-8919-6c05a4e657f5<-7d30d443-236e-4da8-b613-0865c2b8e378#7:OK,SUCCESS,nextIndex:1,term:1,followerCommit:0, request=AppendEntriesRequest:cid=7,entriesCount=0,lastEntry=null
2020-07-02 08:47:47,104 [grpc-default-executor-4] DEBUG server.GrpcLogAppender (GrpcLogAppender.java:onNext(257)) - b62aeb05-24ab-4842-8919-6c05a4e657f5@group-32BF70E33156->aab70d5c-3498-440f-806b-05f26fe37e72-AppendLogResponseHandler: received a reply b62aeb05-24ab-4842-8919-6c05a4e657f5<-aab70d5c-3498-440f-806b-05f26fe37e72#7:OK,SUCCESS,nextIndex:1,term:1,followerCommit:0, request=AppendEntriesRequest:cid=7,entriesCount=0,lastEntry=null
2020-07-02 08:47:47,284 [grpc-default-executor-4] DEBUG server.GrpcLogAppender (GrpcLogAppender.java:onNext(257)) - 26f1b97f-198a-4bc6-840d-b3fa7ce7fcfa@group-D93938EF698D->c4f8bc01-7deb-4cd9-a6c1-654553e0e0ff-AppendLogResponseHandler: received a reply 26f1b97f-198a-4bc6-840d-b3fa7ce7fcfa<-c4f8bc01-7deb-4cd9-a6c1-654553e0e0ff#6:OK,SUCCESS,nextIndex:1,term:3,followerCommit:0, request=AppendEntriesRequest:cid=6,entriesCount=0,lastEntry=null
2020-07-02 08:47:47,292 [grpc-default-executor-4] DEBUG server.GrpcLogAppender (GrpcLogAppender.java:onNext(257)) - 26f1b97f-198a-4bc6-840d-b3fa7ce7fcfa@group-D93938EF698D->f7ed0b0c-c89c-471c-8c37-09edce727015-AppendLogResponseHandler: received a reply 26f1b97f-198a-4bc6-840d-b3fa7ce7fcfa<-f7ed0b0c-c89c-471c-8c37-09edce727015#6:OK,SUCCESS,nextIndex:1,term:3,followerCommit:0, request=AppendEntriesRequest:cid=6,entriesCount=0,lastEntry=null
2020-07-02 08:47:47,452 [grpc-default-executor-2] DEBUG server.GrpcLogAppender (GrpcLogAppender.java:onNext(257)) - d4095b94-faf8-4714-9e04-9d2538430758@group-8E625A2998A3->b5ee9bf6-c323-4b90-8393-8aea495c4582-AppendLogResponseHandler: received a reply d4095b94-faf8-4714-9e04-9d2538430758<-b5ee9bf6-c323-4b90-8393-8aea495c4582#8:OK,SUCCESS,nextIndex:1,term:1,followerCommit:0, request=AppendEntriesRequest:cid=8,entriesCount=0,lastEntry=null
2020-07-02 08:47:47,453 [grpc-default-executor-2] DEBUG server.GrpcLogAppender (GrpcLogAppender.java:onNext(257)) - d4095b94-faf8-4714-9e04-9d2538430758@group-8E625A2998A3->a3230122-e9f1-469c-a445-fc983e5286bd-AppendLogResponseHandler: received a reply d4095b94-faf8-4714-9e04-9d2538430758<-a3230122-e9f1-469c-a445-fc983e5286bd#8:OK,SUCCESS,nextIndex:1,term:1,followerCommit:0, request=AppendEntriesRequest:cid=8,entriesCount=0,lastEntry=null
2020-07-02 08:47:47,589 [grpc-default-executor-2] DEBUG server.GrpcLogAppender (GrpcLogAppender.java:onNext(257)) - b62aeb05-24ab-4842-8919-6c05a4e657f5@group-32BF70E33156->7d30d443-236e-4da8-b613-0865c2b8e378-AppendLogResponseHandler: received a reply b62aeb05-24ab-4842-8919-6c05a4e657f5<-7d30d443-236e-4da8-b613-0865c2b8e378#8:OK,SUCCESS,nextIndex:1,term:1,followerCommit:0, request=AppendEntriesRequest:cid=8,entriesCount=0,lastEntry=null
2020-07-02 08:47:47,605 [grpc-default-executor-2] DEBUG server.GrpcLogAppender (GrpcLogAppender.java:onNext(257)) - b62aeb05-24ab-4842-8919-6c05a4e657f5@group-32BF70E33156->aab70d5c-3498-440f-806b-05f26fe37e72-AppendLogResponseHandler: received a reply b62aeb05-24ab-4842-8919-6c05a4e657f5<-aab70d5c-3498-440f-806b-05f26fe37e72#8:OK,SUCCESS,nextIndex:1,term:1,followerCommit:0, request=AppendEntriesRequest:cid=8,entriesCount=0,lastEntry=null
2020-07-02 08:47:47,771 [java.util.concurrent.ThreadPoolExecutor$Worker@20fe0783[State = -1, empty queue]] WARN  server.GrpcLogAppender (GrpcLogAppender.java:timeoutAppendRequest(219)) - 26f1b97f-198a-4bc6-840d-b3fa7ce7fcfa@group-D93938EF698D->c4f8bc01-7deb-4cd9-a6c1-654553e0e0ff-GrpcLogAppender:  appendEntries Timeout, request=AppendEntriesRequest:cid=1,entriesCount=1,lastEntry=(t:3, i:0)
2020-07-02 08:47:47,786 [grpc-default-executor-2] DEBUG server.GrpcLogAppender (GrpcLogAppender.java:onNext(257)) - 26f1b97f-198a-4bc6-840d-b3fa7ce7fcfa@group-D93938EF698D->c4f8bc01-7deb-4cd9-a6c1-654553e0e0ff-AppendLogResponseHandler: received a reply 26f1b97f-198a-4bc6-840d-b3fa7ce7fcfa<-c4f8bc01-7deb-4cd9-a6c1-654553e0e0ff#7:OK,SUCCESS,nextIndex:1,term:3,followerCommit:0, request=AppendEntriesRequest:cid=7,entriesCount=0,lastEntry=null
2020-07-02 08:47:47,793 [grpc-default-executor-2] DEBUG server.GrpcLogAppender (GrpcLogAppender.java:onNext(257)) - 26f1b97f-198a-4bc6-840d-b3fa7ce7fcfa@group-D93938EF698D->f7ed0b0c-c89c-471c-8c37-09edce727015-AppendLogResponseHandler: received a reply 26f1b97f-198a-4bc6-840d-b3fa7ce7fcfa<-f7ed0b0c-c89c-471c-8c37-09edce727015#7:OK,SUCCESS,nextIndex:1,term:3,followerCommit:0, request=AppendEntriesRequest:cid=7,entriesCount=0,lastEntry=null
2020-07-02 08:47:47,954 [grpc-default-executor-2] DEBUG server.GrpcLogAppender (GrpcLogAppender.java:onNext(257)) - d4095b94-faf8-4714-9e04-9d2538430758@group-8E625A2998A3->b5ee9bf6-c323-4b90-8393-8aea495c4582-AppendLogResponseHandler: received a reply d4095b94-faf8-4714-9e04-9d2538430758<-b5ee9bf6-c323-4b90-8393-8aea495c4582#9:OK,SUCCESS,nextIndex:1,term:1,followerCommit:0, request=AppendEntriesRequest:cid=9,entriesCount=0,lastEntry=null
2020-07-02 08:47:47,954 [grpc-default-executor-4] DEBUG server.GrpcLogAppender (GrpcLogAppender.java:onNext(257)) - d4095b94-faf8-4714-9e04-9d2538430758@group-8E625A2998A3->a3230122-e9f1-469c-a445-fc983e5286bd-AppendLogResponseHandler: received a reply d4095b94-faf8-4714-9e04-9d2538430758<-a3230122-e9f1-469c-a445-fc983e5286bd#9:OK,SUCCESS,nextIndex:1,term:1,followerCommit:0, request=AppendEntriesRequest:cid=9,entriesCount=0,lastEntry=null
2020-07-02 08:47:48,090 [grpc-default-executor-4] DEBUG server.GrpcLogAppender (GrpcLogAppender.java:onNext(257)) - b62aeb05-24ab-4842-8919-6c05a4e657f5@group-32BF70E33156->7d30d443-236e-4da8-b613-0865c2b8e378-AppendLogResponseHandler: received a reply b62aeb05-24ab-4842-8919-6c05a4e657f5<-7d30d443-236e-4da8-b613-0865c2b8e378#9:OK,SUCCESS,nextIndex:1,term:1,followerCommit:0, request=AppendEntriesRequest:cid=9,entriesCount=0,lastEntry=null
2020-07-02 08:47:48,106 [grpc-default-executor-4] DEBUG server.GrpcLogAppender (GrpcLogAppender.java:onNext(257)) - b62aeb05-24ab-4842-8919-6c05a4e657f5@group-32BF70E33156->aab70d5c-3498-440f-806b-05f26fe37e72-AppendLogResponseHandler: received a reply b62aeb05-24ab-4842-8919-6c05a4e657f5<-aab70d5c-3498-440f-806b-05f26fe37e72#9:OK,SUCCESS,nextIndex:1,term:1,followerCommit:0, request=AppendEntriesRequest:cid=9,entriesCount=0,lastEntry=null
2020-07-02 08:47:48,287 [grpc-default-executor-4] DEBUG server.GrpcLogAppender (GrpcLogAppender.java:onNext(257)) - 26f1b97f-198a-4bc6-840d-b3fa7ce7fcfa@group-D93938EF698D->c4f8bc01-7deb-4cd9-a6c1-654553e0e0ff-AppendLogResponseHandler: received a reply 26f1b97f-198a-4bc6-840d-b3fa7ce7fcfa<-c4f8bc01-7deb-4cd9-a6c1-654553e0e0ff#8:OK,SUCCESS,nextIndex:1,term:3,followerCommit:0, request=AppendEntriesRequest:cid=8,entriesCount=0,lastEntry=null
2020-07-02 08:47:48,294 [grpc-default-executor-4] DEBUG server.GrpcLogAppender (GrpcLogAppender.java:onNext(257)) - 26f1b97f-198a-4bc6-840d-b3fa7ce7fcfa@group-D93938EF698D->f7ed0b0c-c89c-471c-8c37-09edce727015-AppendLogResponseHandler: received a reply 26f1b97f-198a-4bc6-840d-b3fa7ce7fcfa<-f7ed0b0c-c89c-471c-8c37-09edce727015#8:OK,SUCCESS,nextIndex:1,term:3,followerCommit:0, request=AppendEntriesRequest:cid=8,entriesCount=0,lastEntry=null
2020-07-02 08:47:48,455 [grpc-default-executor-4] DEBUG server.GrpcLogAppender (GrpcLogAppender.java:onNext(257)) - d4095b94-faf8-4714-9e04-9d2538430758@group-8E625A2998A3->b5ee9bf6-c323-4b90-8393-8aea495c4582-AppendLogResponseHandler: received a reply d4095b94-faf8-4714-9e04-9d2538430758<-b5ee9bf6-c323-4b90-8393-8aea495c4582#10:OK,SUCCESS,nextIndex:1,term:1,followerCommit:0, request=AppendEntriesRequest:cid=10,entriesCount=0,lastEntry=null
2020-07-02 08:47:48,456 [grpc-default-executor-4] DEBUG server.GrpcLogAppender (GrpcLogAppender.java:onNext(257)) - d4095b94-faf8-4714-9e04-9d2538430758@group-8E625A2998A3->a3230122-e9f1-469c-a445-fc983e5286bd-AppendLogResponseHandler: received a reply d4095b94-faf8-4714-9e04-9d2538430758<-a3230122-e9f1-469c-a445-fc983e5286bd#10:OK,SUCCESS,nextIndex:1,term:1,followerCommit:0, request=AppendEntriesRequest:cid=10,entriesCount=0,lastEntry=null
2020-07-02 08:47:48,592 [grpc-default-executor-4] DEBUG server.GrpcLogAppender (GrpcLogAppender.java:onNext(257)) - b62aeb05-24ab-4842-8919-6c05a4e657f5@group-32BF70E33156->7d30d443-236e-4da8-b613-0865c2b8e378-AppendLogResponseHandler: received a reply b62aeb05-24ab-4842-8919-6c05a4e657f5<-7d30d443-236e-4da8-b613-0865c2b8e378#10:OK,SUCCESS,nextIndex:1,term:1,followerCommit:0, request=AppendEntriesRequest:cid=10,entriesCount=0,lastEntry=null
2020-07-02 08:47:48,607 [grpc-default-executor-4] DEBUG server.GrpcLogAppender (GrpcLogAppender.java:onNext(257)) - b62aeb05-24ab-4842-8919-6c05a4e657f5@group-32BF70E33156->aab70d5c-3498-440f-806b-05f26fe37e72-AppendLogResponseHandler: received a reply b62aeb05-24ab-4842-8919-6c05a4e657f5<-aab70d5c-3498-440f-806b-05f26fe37e72#10:OK,SUCCESS,nextIndex:1,term:1,followerCommit:0, request=AppendEntriesRequest:cid=10,entriesCount=0,lastEntry=null
2020-07-02 08:47:48,657 [grpc-default-executor-4] DEBUG impl.RaftServerImpl (RaftServerImpl.java:submitClientRequestAsync(575)) - c4f8bc01-7deb-4cd9-a6c1-654553e0e0ff@group-D93938EF698D: receive client request(RaftClientRequest:client-022099832E41->c4f8bc01-7deb-4cd9-a6c1-654553e0e0ff@group-D93938EF698D, cid=42, seq=1*, Watch(0), Message:<EMPTY>)
2020-07-02 08:47:48,672 [grpc-default-executor-4] DEBUG impl.RaftServerImpl (RaftServerImpl.java:submitClientRequestAsync(575)) - 26f1b97f-198a-4bc6-840d-b3fa7ce7fcfa@group-D93938EF698D: receive client request(RaftClientRequest:client-022099832E41->26f1b97f-198a-4bc6-840d-b3fa7ce7fcfa@group-D93938EF698D, cid=42, seq=1*, Watch(0), Message:<EMPTY>)
2020-07-02 08:47:48,672 [grpc-default-executor-4] DEBUG impl.RaftServerImpl (LeaderState.java:addWatchReqeust(353)) - 26f1b97f-198a-4bc6-840d-b3fa7ce7fcfa@group-D93938EF698D-LeaderState: addWatchRequest RaftClientRequest:client-022099832E41->26f1b97f-198a-4bc6-840d-b3fa7ce7fcfa@group-D93938EF698D, cid=42, seq=1*, Watch(0), Message:<EMPTY>
2020-07-02 08:47:48,682 [grpc-default-executor-4] DEBUG impl.RaftServerImpl (RaftServerImpl.java:submitClientRequestAsync(575)) - 26f1b97f-198a-4bc6-840d-b3fa7ce7fcfa@group-D93938EF698D: receive client request(RaftClientRequest:client-022099832E41->26f1b97f-198a-4bc6-840d-b3fa7ce7fcfa@group-D93938EF698D, cid=43, seq=2, RW, Message:00000071080c12001801...(size=1048693))
2020-07-02 08:47:48,684 [grpc-default-executor-4] DEBUG impl.RaftServerImpl (LeaderState.java:addPendingRequest(335)) - 26f1b97f-198a-4bc6-840d-b3fa7ce7fcfa@group-D93938EF698D-LeaderState: addPendingRequest at RaftClientRequest:client-022099832E41->26f1b97f-198a-4bc6-840d-b3fa7ce7fcfa@group-D93938EF698D, cid=43, seq=2, RW, Message:00000071080c12001801...(size=1048693), entry=(t:3, i:1), STATEMACHINELOGENTRY, client-022099832E41, cid=43
2020-07-02 08:47:48,687 [grpc-default-executor-4] DEBUG impl.RaftServerImpl (RaftServerImpl.java:submitClientRequestAsync(575)) - 26f1b97f-198a-4bc6-840d-b3fa7ce7fcfa@group-D93938EF698D: receive client request(RaftClientRequest:client-022099832E41->26f1b97f-198a-4bc6-840d-b3fa7ce7fcfa@group-D93938EF698D, cid=44, seq=3, RW, Message:00000081080612001801...(size=133))
2020-07-02 08:47:48,687 [grpc-default-executor-4] DEBUG impl.RaftServerImpl (LeaderState.java:addPendingRequest(335)) - 26f1b97f-198a-4bc6-840d-b3fa7ce7fcfa@group-D93938EF698D-LeaderState: addPendingRequest at RaftClientRequest:client-022099832E41->26f1b97f-198a-4bc6-840d-b3fa7ce7fcfa@group-D93938EF698D, cid=44, seq=3, RW, Message:00000081080612001801...(size=133), entry=(t:3, i:2), STATEMACHINELOGENTRY, client-022099832E41, cid=44
2020-07-02 08:47:48,689 [grpc-default-executor-2] DEBUG impl.RaftServerImpl (RaftServerImpl.java:logAppendEntries(928)) - c4f8bc01-7deb-4cd9-a6c1-654553e0e0ff@group-D93938EF698D: receive appendEntries(26f1b97f-198a-4bc6-840d-b3fa7ce7fcfa, 3, (t:3, i:0), 0, false, commits[26f1b97f-198a-4bc6-840d-b3fa7ce7fcfa:c0, c4f8bc01-7deb-4cd9-a6c1-654553e0e0ff:c0, f7ed0b0c-c89c-471c-8c37-09edce727015:c0], entries: (t:3, i:1), STATEMACHINELOGENTRY, client-022099832E41, cid=43
2020-07-02 08:47:48,690 [grpc-default-executor-2] DEBUG impl.RaftServerImpl (RaftServerImpl.java:logAppendEntries(928)) - c4f8bc01-7deb-4cd9-a6c1-654553e0e0ff@group-D93938EF698D: receive appendEntries(26f1b97f-198a-4bc6-840d-b3fa7ce7fcfa, 3, (t:3, i:1), 0, false, commits[26f1b97f-198a-4bc6-840d-b3fa7ce7fcfa:c0, c4f8bc01-7deb-4cd9-a6c1-654553e0e0ff:c0, f7ed0b0c-c89c-471c-8c37-09edce727015:c0], entries: (t:3, i:2), STATEMACHINELOGENTRY, client-022099832E41, cid=44
2020-07-02 08:47:48,694 [grpc-default-executor-4] DEBUG impl.RaftServerImpl (RaftServerImpl.java:logAppendEntries(928)) - f7ed0b0c-c89c-471c-8c37-09edce727015@group-D93938EF698D: receive appendEntries(26f1b97f-198a-4bc6-840d-b3fa7ce7fcfa, 3, (t:3, i:0), 0, false, commits[26f1b97f-198a-4bc6-840d-b3fa7ce7fcfa:c0, c4f8bc01-7deb-4cd9-a6c1-654553e0e0ff:c0, f7ed0b0c-c89c-471c-8c37-09edce727015:c0], entries: (t:3, i:1), STATEMACHINELOGENTRY, client-022099832E41, cid=43
2020-07-02 08:47:48,696 [grpc-default-executor-4] DEBUG impl.RaftServerImpl (RaftServerImpl.java:logAppendEntries(928)) - f7ed0b0c-c89c-471c-8c37-09edce727015@group-D93938EF698D: receive appendEntries(26f1b97f-198a-4bc6-840d-b3fa7ce7fcfa, 3, (t:3, i:1), 0, false, commits[26f1b97f-198a-4bc6-840d-b3fa7ce7fcfa:c0, c4f8bc01-7deb-4cd9-a6c1-654553e0e0ff:c0, f7ed0b0c-c89c-471c-8c37-09edce727015:c0], entries: (t:3, i:2), STATEMACHINELOGENTRY, client-022099832E41, cid=44
2020-07-02 08:47:48,714 [Thread-1405] DEBUG impl.RaftServerImpl (RaftServerImpl.java:logAppendEntries(928)) - f7ed0b0c-c89c-471c-8c37-09edce727015@group-D93938EF698D: succeeded to handle AppendEntries. Reply: 26f1b97f-198a-4bc6-840d-b3fa7ce7fcfa<-f7ed0b0c-c89c-471c-8c37-09edce727015#9:OK,SUCCESS,nextIndex:2,term:3,followerCommit:0
2020-07-02 08:47:48,715 [grpc-default-executor-4] DEBUG server.GrpcLogAppender (GrpcLogAppender.java:onNext(257)) - 26f1b97f-198a-4bc6-840d-b3fa7ce7fcfa@group-D93938EF698D->f7ed0b0c-c89c-471c-8c37-09edce727015-AppendLogResponseHandler: received a reply 26f1b97f-198a-4bc6-840d-b3fa7ce7fcfa<-f7ed0b0c-c89c-471c-8c37-09edce727015#9:OK,SUCCESS,nextIndex:2,term:3,followerCommit:0, request=AppendEntriesRequest:cid=9,entriesCount=1,lastEntry=(t:3, i:1)
2020-07-02 08:47:48,718 [grpc-default-executor-2] DEBUG impl.RaftServerImpl (RaftServerImpl.java:logAppendEntries(928)) - f7ed0b0c-c89c-471c-8c37-09edce727015@group-D93938EF698D: receive appendEntries(26f1b97f-198a-4bc6-840d-b3fa7ce7fcfa, 3, (t:3, i:2), 1, false, commits[26f1b97f-198a-4bc6-840d-b3fa7ce7fcfa:c1, c4f8bc01-7deb-4cd9-a6c1-654553e0e0ff:c0, f7ed0b0c-c89c-471c-8c37-09edce727015:c0], entries: (t:3, i:3), METADATAENTRY(c:1)
2020-07-02 08:47:48,718 [grpc-default-executor-4] DEBUG impl.RaftServerImpl (RaftServerImpl.java:logAppendEntries(928)) - c4f8bc01-7deb-4cd9-a6c1-654553e0e0ff@group-D93938EF698D: receive appendEntries(26f1b97f-198a-4bc6-840d-b3fa7ce7fcfa, 3, (t:3, i:2), 1, false, commits[26f1b97f-198a-4bc6-840d-b3fa7ce7fcfa:c1, c4f8bc01-7deb-4cd9-a6c1-654553e0e0ff:c0, f7ed0b0c-c89c-471c-8c37-09edce727015:c0], entries: (t:3, i:3), METADATAENTRY(c:1)
2020-07-02 08:47:48,719 [Thread-1406] DEBUG impl.RaftServerImpl (RaftServerImpl.java:logAppendEntries(928)) - f7ed0b0c-c89c-471c-8c37-09edce727015@group-D93938EF698D: succeeded to handle AppendEntries. Reply: 26f1b97f-198a-4bc6-840d-b3fa7ce7fcfa<-f7ed0b0c-c89c-471c-8c37-09edce727015#10:OK,SUCCESS,nextIndex:3,term:3,followerCommit:0
2020-07-02 08:47:48,719 [grpc-default-executor-4] DEBUG server.GrpcLogAppender (GrpcLogAppender.java:onNext(257)) - 26f1b97f-198a-4bc6-840d-b3fa7ce7fcfa@group-D93938EF698D->f7ed0b0c-c89c-471c-8c37-09edce727015-AppendLogResponseHandler: received a reply 26f1b97f-198a-4bc6-840d-b3fa7ce7fcfa<-f7ed0b0c-c89c-471c-8c37-09edce727015#10:OK,SUCCESS,nextIndex:3,term:3,followerCommit:0, request=AppendEntriesRequest:cid=10,entriesCount=1,lastEntry=(t:3, i:2)
2020-07-02 08:47:48,720 [grpc-default-executor-2] DEBUG impl.RaftServerImpl (RaftServerImpl.java:logAppendEntries(928)) - c4f8bc01-7deb-4cd9-a6c1-654553e0e0ff@group-D93938EF698D: receive appendEntries(26f1b97f-198a-4bc6-840d-b3fa7ce7fcfa, 3, (t:3, i:3), 2, false, commits[26f1b97f-198a-4bc6-840d-b3fa7ce7fcfa:c2, c4f8bc01-7deb-4cd9-a6c1-654553e0e0ff:c0, f7ed0b0c-c89c-471c-8c37-09edce727015:c0], entries: (t:3, i:4), METADATAENTRY(c:2)
2020-07-02 08:47:48,720 [grpc-default-executor-4] DEBUG impl.RaftServerImpl (RaftServerImpl.java:logAppendEntries(928)) - f7ed0b0c-c89c-471c-8c37-09edce727015@group-D93938EF698D: receive appendEntries(26f1b97f-198a-4bc6-840d-b3fa7ce7fcfa, 3, (t:3, i:3), 2, false, commits[26f1b97f-198a-4bc6-840d-b3fa7ce7fcfa:c2, c4f8bc01-7deb-4cd9-a6c1-654553e0e0ff:c0, f7ed0b0c-c89c-471c-8c37-09edce727015:c0], entries: (t:3, i:4), METADATAENTRY(c:2)
2020-07-02 08:47:48,725 [Thread-1409] DEBUG impl.RaftServerImpl (RaftServerImpl.java:logAppendEntries(928)) - f7ed0b0c-c89c-471c-8c37-09edce727015@group-D93938EF698D: succeeded to handle AppendEntries. Reply: 26f1b97f-198a-4bc6-840d-b3fa7ce7fcfa<-f7ed0b0c-c89c-471c-8c37-09edce727015#11:OK,SUCCESS,nextIndex:4,term:3,followerCommit:1
2020-07-02 08:47:48,726 [grpc-default-executor-4] DEBUG server.GrpcLogAppender (GrpcLogAppender.java:onNext(257)) - 26f1b97f-198a-4bc6-840d-b3fa7ce7fcfa@group-D93938EF698D->f7ed0b0c-c89c-471c-8c37-09edce727015-AppendLogResponseHandler: received a reply 26f1b97f-198a-4bc6-840d-b3fa7ce7fcfa<-f7ed0b0c-c89c-471c-8c37-09edce727015#11:OK,SUCCESS,nextIndex:4,term:3,followerCommit:1, request=AppendEntriesRequest:cid=11,entriesCount=1,lastEntry=(t:3, i:3)
2020-07-02 08:47:48,726 [Thread-1408] DEBUG impl.RaftServerImpl (RaftServerImpl.java:logAppendEntries(928)) - c4f8bc01-7deb-4cd9-a6c1-654553e0e0ff@group-D93938EF698D: succeeded to handle AppendEntries. Reply: 26f1b97f-198a-4bc6-840d-b3fa7ce7fcfa<-c4f8bc01-7deb-4cd9-a6c1-654553e0e0ff#9:OK,SUCCESS,nextIndex:2,term:3,followerCommit:0
2020-07-02 08:47:48,726 [Thread-1413] DEBUG impl.RaftServerImpl (RaftServerImpl.java:logAppendEntries(928)) - c4f8bc01-7deb-4cd9-a6c1-654553e0e0ff@group-D93938EF698D: succeeded to handle AppendEntries. Reply: 26f1b97f-198a-4bc6-840d-b3fa7ce7fcfa<-c4f8bc01-7deb-4cd9-a6c1-654553e0e0ff#10:OK,SUCCESS,nextIndex:3,term:3,followerCommit:0
2020-07-02 08:47:48,731 [Thread-1411] DEBUG impl.RaftServerImpl (RaftServerImpl.java:logAppendEntries(928)) - f7ed0b0c-c89c-471c-8c37-09edce727015@group-D93938EF698D: succeeded to handle AppendEntries. Reply: 26f1b97f-198a-4bc6-840d-b3fa7ce7fcfa<-f7ed0b0c-c89c-471c-8c37-09edce727015#12:OK,SUCCESS,nextIndex:5,term:3,followerCommit:2
2020-07-02 08:47:48,732 [grpc-default-executor-4] DEBUG server.GrpcLogAppender (GrpcLogAppender.java:onNext(257)) - 26f1b97f-198a-4bc6-840d-b3fa7ce7fcfa@group-D93938EF698D->f7ed0b0c-c89c-471c-8c37-09edce727015-AppendLogResponseHandler: received a reply 26f1b97f-198a-4bc6-840d-b3fa7ce7fcfa<-f7ed0b0c-c89c-471c-8c37-09edce727015#12:OK,SUCCESS,nextIndex:5,term:3,followerCommit:2, request=AppendEntriesRequest:cid=12,entriesCount=1,lastEntry=(t:3, i:4)
2020-07-02 08:47:48,733 [Thread-1415] DEBUG impl.RaftServerImpl (RaftServerImpl.java:logAppendEntries(928)) - c4f8bc01-7deb-4cd9-a6c1-654553e0e0ff@group-D93938EF698D: succeeded to handle AppendEntries. Reply: 26f1b97f-198a-4bc6-840d-b3fa7ce7fcfa<-c4f8bc01-7deb-4cd9-a6c1-654553e0e0ff#11:OK,SUCCESS,nextIndex:4,term:3,followerCommit:1
2020-07-02 08:47:48,740 [Thread-1416] DEBUG impl.RaftServerImpl (RaftServerImpl.java:logAppendEntries(928)) - c4f8bc01-7deb-4cd9-a6c1-654553e0e0ff@group-D93938EF698D: succeeded to handle AppendEntries. Reply: 26f1b97f-198a-4bc6-840d-b3fa7ce7fcfa<-c4f8bc01-7deb-4cd9-a6c1-654553e0e0ff#12:OK,SUCCESS,nextIndex:5,term:3,followerCommit:2
2020-07-02 08:47:48,750 [grpc-default-executor-2] DEBUG impl.RaftServerImpl (RaftServerImpl.java:submitClientRequestAsync(575)) - 26f1b97f-198a-4bc6-840d-b3fa7ce7fcfa@group-D93938EF698D: receive client request(RaftClientRequest:client-022099832E41->26f1b97f-198a-4bc6-840d-b3fa7ce7fcfa@group-D93938EF698D, cid=45, seq=0, Watch-ALL_COMMITTED(2), Message:<EMPTY>)
2020-07-02 08:47:48,751 [grpc-default-executor-2] DEBUG impl.RaftServerImpl (LeaderState.java:addWatchReqeust(353)) - 26f1b97f-198a-4bc6-840d-b3fa7ce7fcfa@group-D93938EF698D-LeaderState: addWatchRequest RaftClientRequest:client-022099832E41->26f1b97f-198a-4bc6-840d-b3fa7ce7fcfa@group-D93938EF698D, cid=45, seq=0, Watch-ALL_COMMITTED(2), Message:<EMPTY>
2020-07-02 08:47:48,761 [Command processor thread] DEBUG impl.RaftServerImpl (RaftServerImpl.java:submitClientRequestAsync(575)) - f7ed0b0c-c89c-471c-8c37-09edce727015@group-D93938EF698D: receive client request(RaftClientRequest:client-01D0A7B7B509->f7ed0b0c-c89c-471c-8c37-09edce727015@group-D93938EF698D, cid=34, seq=0, RW, cmdType: CloseContainer
traceID: ""
containerID: 1
datanodeUuid: "f7ed0b0c-c89c-471c-8c37-09edce727015"
closeContainer {
}
, data.size=0)
2020-07-02 08:47:48,765 [Command processor thread] DEBUG impl.RaftServerImpl (RaftServerImpl.java:submitClientRequestAsync(575)) - 26f1b97f-198a-4bc6-840d-b3fa7ce7fcfa@group-D93938EF698D: receive client request(RaftClientRequest:client-C9EDC7299326->26f1b97f-198a-4bc6-840d-b3fa7ce7fcfa@group-D93938EF698D, cid=35, seq=0, RW, cmdType: CloseContainer
traceID: ""
containerID: 1
datanodeUuid: "26f1b97f-198a-4bc6-840d-b3fa7ce7fcfa"
closeContainer {
}
, data.size=0)
2020-07-02 08:47:48,767 [Command processor thread] DEBUG impl.RaftServerImpl (LeaderState.java:addPendingRequest(335)) - 26f1b97f-198a-4bc6-840d-b3fa7ce7fcfa@group-D93938EF698D-LeaderState: addPendingRequest at RaftClientRequest:client-C9EDC7299326->26f1b97f-198a-4bc6-840d-b3fa7ce7fcfa@group-D93938EF698D, cid=35, seq=0, RW, cmdType: CloseContainer
traceID: ""
containerID: 1
datanodeUuid: "26f1b97f-198a-4bc6-840d-b3fa7ce7fcfa"
closeContainer {
}
, data.size=0, entry=(t:3, i:5), STATEMACHINELOGENTRY, client-C9EDC7299326, cid=35
2020-07-02 08:47:48,768 [grpc-default-executor-4] DEBUG impl.RaftServerImpl (RaftServerImpl.java:logAppendEntries(928)) - c4f8bc01-7deb-4cd9-a6c1-654553e0e0ff@group-D93938EF698D: receive appendEntries(26f1b97f-198a-4bc6-840d-b3fa7ce7fcfa, 3, (t:3, i:4), 4, false, commits[26f1b97f-198a-4bc6-840d-b3fa7ce7fcfa:c4, c4f8bc01-7deb-4cd9-a6c1-654553e0e0ff:c0, f7ed0b0c-c89c-471c-8c37-09edce727015:c2], entries: (t:3, i:5), STATEMACHINELOGENTRY, client-C9EDC7299326, cid=35
2020-07-02 08:47:48,768 [grpc-default-executor-2] DEBUG impl.RaftServerImpl (RaftServerImpl.java:logAppendEntries(928)) - f7ed0b0c-c89c-471c-8c37-09edce727015@group-D93938EF698D: receive appendEntries(26f1b97f-198a-4bc6-840d-b3fa7ce7fcfa, 3, (t:3, i:4), 4, false, commits[26f1b97f-198a-4bc6-840d-b3fa7ce7fcfa:c4, c4f8bc01-7deb-4cd9-a6c1-654553e0e0ff:c0, f7ed0b0c-c89c-471c-8c37-09edce727015:c2], entries: (t:3, i:5), STATEMACHINELOGENTRY, client-C9EDC7299326, cid=35
2020-07-02 08:47:48,773 [Thread-1418] DEBUG impl.RaftServerImpl (RaftServerImpl.java:logAppendEntries(928)) - f7ed0b0c-c89c-471c-8c37-09edce727015@group-D93938EF698D: succeeded to handle AppendEntries. Reply: 26f1b97f-198a-4bc6-840d-b3fa7ce7fcfa<-f7ed0b0c-c89c-471c-8c37-09edce727015#13:OK,SUCCESS,nextIndex:6,term:3,followerCommit:4
2020-07-02 08:47:48,773 [Thread-1419] DEBUG impl.RaftServerImpl (RaftServerImpl.java:logAppendEntries(928)) - c4f8bc01-7deb-4cd9-a6c1-654553e0e0ff@group-D93938EF698D: succeeded to handle AppendEntries. Reply: 26f1b97f-198a-4bc6-840d-b3fa7ce7fcfa<-c4f8bc01-7deb-4cd9-a6c1-654553e0e0ff#13:OK,SUCCESS,nextIndex:6,term:3,followerCommit:4
2020-07-02 08:47:48,774 [grpc-default-executor-4] DEBUG server.GrpcLogAppender (GrpcLogAppender.java:onNext(257)) - 26f1b97f-198a-4bc6-840d-b3fa7ce7fcfa@group-D93938EF698D->f7ed0b0c-c89c-471c-8c37-09edce727015-AppendLogResponseHandler: received a reply 26f1b97f-198a-4bc6-840d-b3fa7ce7fcfa<-f7ed0b0c-c89c-471c-8c37-09edce727015#13:OK,SUCCESS,nextIndex:6,term:3,followerCommit:4, request=AppendEntriesRequest:cid=13,entriesCount=1,lastEntry=(t:3, i:5)
2020-07-02 08:47:48,777 [grpc-default-executor-4] DEBUG impl.RaftServerImpl (RaftServerImpl.java:logAppendEntries(928)) - c4f8bc01-7deb-4cd9-a6c1-654553e0e0ff@group-D93938EF698D: receive appendEntries(26f1b97f-198a-4bc6-840d-b3fa7ce7fcfa, 3, (t:3, i:5), 5, false, commits[26f1b97f-198a-4bc6-840d-b3fa7ce7fcfa:c5, c4f8bc01-7deb-4cd9-a6c1-654553e0e0ff:c0, f7ed0b0c-c89c-471c-8c37-09edce727015:c4], entries: (t:3, i:6), METADATAENTRY(c:5)
2020-07-02 08:47:48,777 [grpc-default-executor-2] DEBUG impl.RaftServerImpl (RaftServerImpl.java:logAppendEntries(928)) - f7ed0b0c-c89c-471c-8c37-09edce727015@group-D93938EF698D: receive appendEntries(26f1b97f-198a-4bc6-840d-b3fa7ce7fcfa, 3, (t:3, i:5), 5, false, commits[26f1b97f-198a-4bc6-840d-b3fa7ce7fcfa:c5, c4f8bc01-7deb-4cd9-a6c1-654553e0e0ff:c0, f7ed0b0c-c89c-471c-8c37-09edce727015:c4], entries: (t:3, i:6), METADATAENTRY(c:5)
2020-07-02 08:47:48,778 [RatisApplyTransactionExecutor 1] INFO  interfaces.Container (KeyValueContainer.java:flushAndSyncDB(387)) - Container 1 is synced with bcsId 2.
2020-07-02 08:47:48,778 [RatisApplyTransactionExecutor 1] INFO  interfaces.Container (KeyValueContainer.java:flushAndSyncDB(387)) - Container 1 is synced with bcsId 2.
2020-07-02 08:47:48,780 [RatisApplyTransactionExecutor 1] INFO  interfaces.Container (KeyValueContainer.java:close(325)) - Container 1 is closed with bcsId 2.
2020-07-02 08:47:48,781 [Thread-1420] DEBUG impl.RaftServerImpl (RaftServerImpl.java:logAppendEntries(928)) - c4f8bc01-7deb-4cd9-a6c1-654553e0e0ff@group-D93938EF698D: succeeded to handle AppendEntries. Reply: 26f1b97f-198a-4bc6-840d-b3fa7ce7fcfa<-c4f8bc01-7deb-4cd9-a6c1-654553e0e0ff#14:OK,SUCCESS,nextIndex:7,term:3,followerCommit:5
2020-07-02 08:47:48,782 [EventQueue-IncrementalContainerReportForIncrementalContainerReportHandler] INFO  container.IncrementalContainerReportHandler (AbstractContainerReportHandler.java:updateContainerState(171)) - Moving container #1 to CLOSED state, datanode 26f1b97f-198a-4bc6-840d-b3fa7ce7fcfa{ip: 172.17.0.2, host: 06760bff8a89, networkLocation: /rack1, certSerialId: null} reported CLOSED replica.
2020-07-02 08:47:48,782 [Thread-1421] DEBUG impl.RaftServerImpl (RaftServerImpl.java:logAppendEntries(928)) - f7ed0b0c-c89c-471c-8c37-09edce727015@group-D93938EF698D: succeeded to handle AppendEntries. Reply: 26f1b97f-198a-4bc6-840d-b3fa7ce7fcfa<-f7ed0b0c-c89c-471c-8c37-09edce727015#14:OK,SUCCESS,nextIndex:7,term:3,followerCommit:5
2020-07-02 08:47:48,783 [grpc-default-executor-2] DEBUG server.GrpcLogAppender (GrpcLogAppender.java:onNext(257)) - 26f1b97f-198a-4bc6-840d-b3fa7ce7fcfa@group-D93938EF698D->f7ed0b0c-c89c-471c-8c37-09edce727015-AppendLogResponseHandler: received a reply 26f1b97f-198a-4bc6-840d-b3fa7ce7fcfa<-f7ed0b0c-c89c-471c-8c37-09edce727015#14:OK,SUCCESS,nextIndex:7,term:3,followerCommit:5, request=AppendEntriesRequest:cid=14,entriesCount=1,lastEntry=(t:3, i:6)
2020-07-02 08:47:48,791 [RatisApplyTransactionExecutor 1] INFO  interfaces.Container (KeyValueContainer.java:flushAndSyncDB(387)) - Container 1 is synced with bcsId 2.
2020-07-02 08:47:48,802 [RatisApplyTransactionExecutor 1] INFO  interfaces.Container (KeyValueContainer.java:flushAndSyncDB(387)) - Container 1 is synced with bcsId 2.
2020-07-02 08:47:48,793 [RatisApplyTransactionExecutor 1] INFO  interfaces.Container (KeyValueContainer.java:flushAndSyncDB(387)) - Container 1 is synced with bcsId 2.
2020-07-02 08:47:48,802 [RatisApplyTransactionExecutor 1] INFO  interfaces.Container (KeyValueContainer.java:flushAndSyncDB(387)) - Container 1 is synced with bcsId 2.
2020-07-02 08:47:48,805 [RatisApplyTransactionExecutor 1] INFO  interfaces.Container (KeyValueContainer.java:close(325)) - Container 1 is closed with bcsId 2.
2020-07-02 08:47:48,805 [RatisApplyTransactionExecutor 1] INFO  interfaces.Container (KeyValueContainer.java:close(325)) - Container 1 is closed with bcsId 2.
2020-07-02 08:47:48,957 [grpc-default-executor-4] DEBUG server.GrpcLogAppender (GrpcLogAppender.java:onNext(257)) - d4095b94-faf8-4714-9e04-9d2538430758@group-8E625A2998A3->b5ee9bf6-c323-4b90-8393-8aea495c4582-AppendLogResponseHandler: received a reply d4095b94-faf8-4714-9e04-9d2538430758<-b5ee9bf6-c323-4b90-8393-8aea495c4582#11:OK,SUCCESS,nextIndex:1,term:1,followerCommit:0, request=AppendEntriesRequest:cid=11,entriesCount=0,lastEntry=null
2020-07-02 08:47:48,957 [grpc-default-executor-4] DEBUG server.GrpcLogAppender (GrpcLogAppender.java:onNext(257)) - d4095b94-faf8-4714-9e04-9d2538430758@group-8E625A2998A3->a3230122-e9f1-469c-a445-fc983e5286bd-AppendLogResponseHandler: received a reply d4095b94-faf8-4714-9e04-9d2538430758<-a3230122-e9f1-469c-a445-fc983e5286bd#11:OK,SUCCESS,nextIndex:1,term:1,followerCommit:0, request=AppendEntriesRequest:cid=11,entriesCount=0,lastEntry=null
2020-07-02 08:47:49,093 [grpc-default-executor-4] DEBUG server.GrpcLogAppender (GrpcLogAppender.java:onNext(257)) - b62aeb05-24ab-4842-8919-6c05a4e657f5@group-32BF70E33156->7d30d443-236e-4da8-b613-0865c2b8e378-AppendLogResponseHandler: received a reply b62aeb05-24ab-4842-8919-6c05a4e657f5<-7d30d443-236e-4da8-b613-0865c2b8e378#11:OK,SUCCESS,nextIndex:1,term:1,followerCommit:0, request=AppendEntriesRequest:cid=11,entriesCount=0,lastEntry=null
2020-07-02 08:47:49,109 [grpc-default-executor-4] DEBUG server.GrpcLogAppender (GrpcLogAppender.java:onNext(257)) - b62aeb05-24ab-4842-8919-6c05a4e657f5@group-32BF70E33156->aab70d5c-3498-440f-806b-05f26fe37e72-AppendLogResponseHandler: received a reply b62aeb05-24ab-4842-8919-6c05a4e657f5<-aab70d5c-3498-440f-806b-05f26fe37e72#11:OK,SUCCESS,nextIndex:1,term:1,followerCommit:0, request=AppendEntriesRequest:cid=11,entriesCount=0,lastEntry=null
2020-07-02 08:47:49,279 [grpc-default-executor-4] DEBUG server.GrpcLogAppender (GrpcLogAppender.java:onNext(257)) - 26f1b97f-198a-4bc6-840d-b3fa7ce7fcfa@group-D93938EF698D->c4f8bc01-7deb-4cd9-a6c1-654553e0e0ff-AppendLogResponseHandler: received a reply 26f1b97f-198a-4bc6-840d-b3fa7ce7fcfa<-c4f8bc01-7deb-4cd9-a6c1-654553e0e0ff#15:OK,SUCCESS,nextIndex:7,term:3,followerCommit:6, request=AppendEntriesRequest:cid=15,entriesCount=0,lastEntry=null
2020-07-02 08:47:49,283 [Listener at 127.0.0.1/44281] INFO  ozone.MiniOzoneClusterImpl (MiniOzoneClusterImpl.java:shutdown(387)) - Shutting down the Mini Ozone Cluster
2020-07-02 08:47:49,283 [Listener at 127.0.0.1/44281] INFO  ozone.MiniOzoneClusterImpl (MiniOzoneClusterImpl.java:stop(402)) - Stopping the Mini Ozone Cluster
2020-07-02 08:47:49,283 [Listener at 127.0.0.1/44281] INFO  ozone.MiniOzoneClusterImpl (MiniOzoneClusterImpl.java:stopOM(484)) - Stopping the OzoneManager
2020-07-02 08:47:49,283 [Listener at 127.0.0.1/44281] INFO  ipc.Server (Server.java:stop(3359)) - Stopping server on 44281
2020-07-02 08:47:49,290 [Listener at 127.0.0.1/44281] INFO  ratis.OzoneManagerDoubleBuffer (OzoneManagerDoubleBuffer.java:stop(458)) - Stopping OMDoubleBuffer flush thread
2020-07-02 08:47:49,290 [IPC Server listener on 0] INFO  ipc.Server (Server.java:run(1330)) - Stopping IPC Server listener on 0
2020-07-02 08:47:49,296 [grpc-default-executor-4] DEBUG server.GrpcLogAppender (GrpcLogAppender.java:onNext(257)) - 26f1b97f-198a-4bc6-840d-b3fa7ce7fcfa@group-D93938EF698D->f7ed0b0c-c89c-471c-8c37-09edce727015-AppendLogResponseHandler: received a reply 26f1b97f-198a-4bc6-840d-b3fa7ce7fcfa<-f7ed0b0c-c89c-471c-8c37-09edce727015#15:OK,SUCCESS,nextIndex:7,term:3,followerCommit:6, request=AppendEntriesRequest:cid=15,entriesCount=0,lastEntry=null
2020-07-02 08:47:49,305 [IPC Server Responder] INFO  ipc.Server (Server.java:run(1465)) - Stopping IPC Server Responder
2020-07-02 08:47:49,305 [OMDoubleBufferFlushThread] INFO  ratis.OzoneManagerDoubleBuffer (OzoneManagerDoubleBuffer.java:flushTransactions(357)) - OMDoubleBuffer flush thread OMDoubleBufferFlushThread is interrupted and will exit. OMDoubleBufferFlushThread
2020-07-02 08:47:49,305 [Listener at 127.0.0.1/44281] INFO  utils.BackgroundService (BackgroundService.java:shutdown(157)) - Shutting down service KeyDeletingService
2020-07-02 08:47:49,306 [Listener at 127.0.0.1/44281] INFO  handler.ContextHandler (ContextHandler.java:doStop(1016)) - Stopped o.e.j.w.WebAppContext@633b4785{ozoneManager,/,null,UNAVAILABLE}{file:/github/workspace/mnt/ozone/hadoop-ozone/integration-test/target/test-classes/webapps/ozoneManager}
2020-07-02 08:47:49,306 [Listener at 127.0.0.1/44281] INFO  server.AbstractConnector (AbstractConnector.java:doStop(380)) - Stopped ServerConnector@5afa1567{HTTP/1.1,[http/1.1]}{0.0.0.0:0}
2020-07-02 08:47:49,306 [Listener at 127.0.0.1/44281] INFO  server.session (HouseKeeper.java:stopScavenging(158)) - node0 Stopped scavenging
2020-07-02 08:47:49,306 [Listener at 127.0.0.1/44281] INFO  handler.ContextHandler (ContextHandler.java:doStop(1016)) - Stopped o.e.j.s.ServletContextHandler@5d759acf{static,/static,file:///github/workspace/mnt/ozone/hadoop-ozone/integration-test/target/test-classes/webapps/static,UNAVAILABLE}
2020-07-02 08:47:49,307 [Listener at 127.0.0.1/44281] INFO  handler.ContextHandler (ContextHandler.java:doStop(1016)) - Stopped o.e.j.s.ServletContextHandler@1fc65360{logs,/logs,file:///github/workspace/mnt/ozone/hadoop-ozone/integration-test/target/log,UNAVAILABLE}
2020-07-02 08:47:49,310 [Listener at 127.0.0.1/44281] INFO  ozone.MiniOzoneClusterImpl (MiniOzoneClusterImpl.java:stopDatanodes(461)) - Stopping the HddsDatanodes
2020-07-02 08:47:49,459 [grpc-default-executor-4] DEBUG server.GrpcLogAppender (GrpcLogAppender.java:onNext(257)) - d4095b94-faf8-4714-9e04-9d2538430758@group-8E625A2998A3->b5ee9bf6-c323-4b90-8393-8aea495c4582-AppendLogResponseHandler: received a reply d4095b94-faf8-4714-9e04-9d2538430758<-b5ee9bf6-c323-4b90-8393-8aea495c4582#12:OK,SUCCESS,nextIndex:1,term:1,followerCommit:0, request=AppendEntriesRequest:cid=12,entriesCount=0,lastEntry=null
2020-07-02 08:47:49,459 [grpc-default-executor-4] DEBUG server.GrpcLogAppender (GrpcLogAppender.java:onNext(257)) - d4095b94-faf8-4714-9e04-9d2538430758@group-8E625A2998A3->a3230122-e9f1-469c-a445-fc983e5286bd-AppendLogResponseHandler: received a reply d4095b94-faf8-4714-9e04-9d2538430758<-a3230122-e9f1-469c-a445-fc983e5286bd#12:OK,SUCCESS,nextIndex:1,term:1,followerCommit:0, request=AppendEntriesRequest:cid=12,entriesCount=0,lastEntry=null
2020-07-02 08:47:49,595 [grpc-default-executor-4] DEBUG server.GrpcLogAppender (GrpcLogAppender.java:onNext(257)) - b62aeb05-24ab-4842-8919-6c05a4e657f5@group-32BF70E33156->7d30d443-236e-4da8-b613-0865c2b8e378-AppendLogResponseHandler: received a reply b62aeb05-24ab-4842-8919-6c05a4e657f5<-7d30d443-236e-4da8-b613-0865c2b8e378#12:OK,SUCCESS,nextIndex:1,term:1,followerCommit:0, request=AppendEntriesRequest:cid=12,entriesCount=0,lastEntry=null
2020-07-02 08:47:49,610 [grpc-default-executor-4] DEBUG server.GrpcLogAppender (GrpcLogAppender.java:onNext(257)) - b62aeb05-24ab-4842-8919-6c05a4e657f5@group-32BF70E33156->aab70d5c-3498-440f-806b-05f26fe37e72-AppendLogResponseHandler: received a reply b62aeb05-24ab-4842-8919-6c05a4e657f5<-aab70d5c-3498-440f-806b-05f26fe37e72#12:OK,SUCCESS,nextIndex:1,term:1,followerCommit:0, request=AppendEntriesRequest:cid=12,entriesCount=0,lastEntry=null
2020-07-02 08:47:49,781 [grpc-default-executor-4] DEBUG server.GrpcLogAppender (GrpcLogAppender.java:onNext(257)) - 26f1b97f-198a-4bc6-840d-b3fa7ce7fcfa@group-D93938EF698D->c4f8bc01-7deb-4cd9-a6c1-654553e0e0ff-AppendLogResponseHandler: received a reply 26f1b97f-198a-4bc6-840d-b3fa7ce7fcfa<-c4f8bc01-7deb-4cd9-a6c1-654553e0e0ff#16:OK,SUCCESS,nextIndex:7,term:3,followerCommit:6, request=AppendEntriesRequest:cid=16,entriesCount=0,lastEntry=null
2020-07-02 08:47:49,797 [grpc-default-executor-4] DEBUG server.GrpcLogAppender (GrpcLogAppender.java:onNext(257)) - 26f1b97f-198a-4bc6-840d-b3fa7ce7fcfa@group-D93938EF698D->f7ed0b0c-c89c-471c-8c37-09edce727015-AppendLogResponseHandler: received a reply 26f1b97f-198a-4bc6-840d-b3fa7ce7fcfa<-f7ed0b0c-c89c-471c-8c37-09edce727015#16:OK,SUCCESS,nextIndex:7,term:3,followerCommit:6, request=AppendEntriesRequest:cid=16,entriesCount=0,lastEntry=null
2020-07-02 08:47:49,805 [Datanode State Machine Thread - 0] INFO  statemachine.DatanodeStateMachine (DatanodeStateMachine.java:lambda$startDaemon$0(380)) - Ozone container server started.
2020-07-02 08:47:49,890 [Datanode State Machine Thread - 0] INFO  statemachine.DatanodeStateMachine (DatanodeStateMachine.java:lambda$startDaemon$0(380)) - Ozone container server started.
2020-07-02 08:47:49,960 [grpc-default-executor-4] DEBUG server.GrpcLogAppender (GrpcLogAppender.java:onNext(257)) - d4095b94-faf8-4714-9e04-9d2538430758@group-8E625A2998A3->b5ee9bf6-c323-4b90-8393-8aea495c4582-AppendLogResponseHandler: received a reply d4095b94-faf8-4714-9e04-9d2538430758<-b5ee9bf6-c323-4b90-8393-8aea495c4582#13:OK,SUCCESS,nextIndex:1,term:1,followerCommit:0, request=AppendEntriesRequest:cid=13,entriesCount=0,lastEntry=null
2020-07-02 08:47:49,961 [grpc-default-executor-4] DEBUG server.GrpcLogAppender (GrpcLogAppender.java:onNext(257)) - d4095b94-faf8-4714-9e04-9d2538430758@group-8E625A2998A3->a3230122-e9f1-469c-a445-fc983e5286bd-AppendLogResponseHandler: received a reply d4095b94-faf8-4714-9e04-9d2538430758<-a3230122-e9f1-469c-a445-fc983e5286bd#13:OK,SUCCESS,nextIndex:1,term:1,followerCommit:0, request=AppendEntriesRequest:cid=13,entriesCount=0,lastEntry=null
2020-07-02 08:47:50,097 [grpc-default-executor-4] DEBUG server.GrpcLogAppender (GrpcLogAppender.java:onNext(257)) - b62aeb05-24ab-4842-8919-6c05a4e657f5@group-32BF70E33156->7d30d443-236e-4da8-b613-0865c2b8e378-AppendLogResponseHandler: received a reply b62aeb05-24ab-4842-8919-6c05a4e657f5<-7d30d443-236e-4da8-b613-0865c2b8e378#13:OK,SUCCESS,nextIndex:1,term:1,followerCommit:0, request=AppendEntriesRequest:cid=13,entriesCount=0,lastEntry=null
2020-07-02 08:47:50,111 [grpc-default-executor-4] DEBUG server.GrpcLogAppender (GrpcLogAppender.java:onNext(257)) - b62aeb05-24ab-4842-8919-6c05a4e657f5@group-32BF70E33156->aab70d5c-3498-440f-806b-05f26fe37e72-AppendLogResponseHandler: received a reply b62aeb05-24ab-4842-8919-6c05a4e657f5<-aab70d5c-3498-440f-806b-05f26fe37e72#13:OK,SUCCESS,nextIndex:1,term:1,followerCommit:0, request=AppendEntriesRequest:cid=13,entriesCount=0,lastEntry=null
2020-07-02 08:47:50,282 [grpc-default-executor-4] DEBUG server.GrpcLogAppender (GrpcLogAppender.java:onNext(257)) - 26f1b97f-198a-4bc6-840d-b3fa7ce7fcfa@group-D93938EF698D->c4f8bc01-7deb-4cd9-a6c1-654553e0e0ff-AppendLogResponseHandler: received a reply 26f1b97f-198a-4bc6-840d-b3fa7ce7fcfa<-c4f8bc01-7deb-4cd9-a6c1-654553e0e0ff#17:OK,SUCCESS,nextIndex:7,term:3,followerCommit:6, request=AppendEntriesRequest:cid=17,entriesCount=0,lastEntry=null
2020-07-02 08:47:50,299 [grpc-default-executor-4] DEBUG server.GrpcLogAppender (GrpcLogAppender.java:onNext(257)) - 26f1b97f-198a-4bc6-840d-b3fa7ce7fcfa@group-D93938EF698D->f7ed0b0c-c89c-471c-8c37-09edce727015-AppendLogResponseHandler: received a reply 26f1b97f-198a-4bc6-840d-b3fa7ce7fcfa<-f7ed0b0c-c89c-471c-8c37-09edce727015#17:OK,SUCCESS,nextIndex:7,term:3,followerCommit:6, request=AppendEntriesRequest:cid=17,entriesCount=0,lastEntry=null
2020-07-02 08:47:50,462 [grpc-default-executor-2] DEBUG server.GrpcLogAppender (GrpcLogAppender.java:onNext(257)) - d4095b94-faf8-4714-9e04-9d2538430758@group-8E625A2998A3->b5ee9bf6-c323-4b90-8393-8aea495c4582-AppendLogResponseHandler: received a reply d4095b94-faf8-4714-9e04-9d2538430758<-b5ee9bf6-c323-4b90-8393-8aea495c4582#14:OK,SUCCESS,nextIndex:1,term:1,followerCommit:0, request=AppendEntriesRequest:cid=14,entriesCount=0,lastEntry=null
2020-07-02 08:47:50,462 [grpc-default-executor-2] DEBUG server.GrpcLogAppender (GrpcLogAppender.java:onNext(257)) - d4095b94-faf8-4714-9e04-9d2538430758@group-8E625A2998A3->a3230122-e9f1-469c-a445-fc983e5286bd-AppendLogResponseHandler: received a reply d4095b94-faf8-4714-9e04-9d2538430758<-a3230122-e9f1-469c-a445-fc983e5286bd#14:OK,SUCCESS,nextIndex:1,term:1,followerCommit:0, request=AppendEntriesRequest:cid=14,entriesCount=0,lastEntry=null
2020-07-02 08:47:50,598 [grpc-default-executor-2] DEBUG server.GrpcLogAppender (GrpcLogAppender.java:onNext(257)) - b62aeb05-24ab-4842-8919-6c05a4e657f5@group-32BF70E33156->7d30d443-236e-4da8-b613-0865c2b8e378-AppendLogResponseHandler: received a reply b62aeb05-24ab-4842-8919-6c05a4e657f5<-7d30d443-236e-4da8-b613-0865c2b8e378#14:OK,SUCCESS,nextIndex:1,term:1,followerCommit:0, request=AppendEntriesRequest:cid=14,entriesCount=0,lastEntry=null
2020-07-02 08:47:50,612 [grpc-default-executor-2] DEBUG server.GrpcLogAppender (GrpcLogAppender.java:onNext(257)) - b62aeb05-24ab-4842-8919-6c05a4e657f5@group-32BF70E33156->aab70d5c-3498-440f-806b-05f26fe37e72-AppendLogResponseHandler: received a reply b62aeb05-24ab-4842-8919-6c05a4e657f5<-aab70d5c-3498-440f-806b-05f26fe37e72#14:OK,SUCCESS,nextIndex:1,term:1,followerCommit:0, request=AppendEntriesRequest:cid=14,entriesCount=0,lastEntry=null
2020-07-02 08:47:50,783 [grpc-default-executor-2] DEBUG server.GrpcLogAppender (GrpcLogAppender.java:onNext(257)) - 26f1b97f-198a-4bc6-840d-b3fa7ce7fcfa@group-D93938EF698D->c4f8bc01-7deb-4cd9-a6c1-654553e0e0ff-AppendLogResponseHandler: received a reply 26f1b97f-198a-4bc6-840d-b3fa7ce7fcfa<-c4f8bc01-7deb-4cd9-a6c1-654553e0e0ff#18:OK,SUCCESS,nextIndex:7,term:3,followerCommit:6, request=AppendEntriesRequest:cid=18,entriesCount=0,lastEntry=null
2020-07-02 08:47:50,800 [grpc-default-executor-2] DEBUG server.GrpcLogAppender (GrpcLogAppender.java:onNext(257)) - 26f1b97f-198a-4bc6-840d-b3fa7ce7fcfa@group-D93938EF698D->f7ed0b0c-c89c-471c-8c37-09edce727015-AppendLogResponseHandler: received a reply 26f1b97f-198a-4bc6-840d-b3fa7ce7fcfa<-f7ed0b0c-c89c-471c-8c37-09edce727015#18:OK,SUCCESS,nextIndex:7,term:3,followerCommit:6, request=AppendEntriesRequest:cid=18,entriesCount=0,lastEntry=null
2020-07-02 08:47:50,963 [grpc-default-executor-4] DEBUG server.GrpcLogAppender (GrpcLogAppender.java:onNext(257)) - d4095b94-faf8-4714-9e04-9d2538430758@group-8E625A2998A3->b5ee9bf6-c323-4b90-8393-8aea495c4582-AppendLogResponseHandler: received a reply d4095b94-faf8-4714-9e04-9d2538430758<-b5ee9bf6-c323-4b90-8393-8aea495c4582#15:OK,SUCCESS,nextIndex:1,term:1,followerCommit:0, request=AppendEntriesRequest:cid=15,entriesCount=0,lastEntry=null
2020-07-02 08:47:50,963 [grpc-default-executor-4] DEBUG server.GrpcLogAppender (GrpcLogAppender.java:onNext(257)) - d4095b94-faf8-4714-9e04-9d2538430758@group-8E625A2998A3->a3230122-e9f1-469c-a445-fc983e5286bd-AppendLogResponseHandler: received a reply d4095b94-faf8-4714-9e04-9d2538430758<-a3230122-e9f1-469c-a445-fc983e5286bd#15:OK,SUCCESS,nextIndex:1,term:1,followerCommit:0, request=AppendEntriesRequest:cid=15,entriesCount=0,lastEntry=null
2020-07-02 08:47:51,100 [grpc-default-executor-4] DEBUG server.GrpcLogAppender (GrpcLogAppender.java:onNext(257)) - b62aeb05-24ab-4842-8919-6c05a4e657f5@group-32BF70E33156->7d30d443-236e-4da8-b613-0865c2b8e378-AppendLogResponseHandler: received a reply b62aeb05-24ab-4842-8919-6c05a4e657f5<-7d30d443-236e-4da8-b613-0865c2b8e378#15:OK,SUCCESS,nextIndex:1,term:1,followerCommit:0, request=AppendEntriesRequest:cid=15,entriesCount=0,lastEntry=null
2020-07-02 08:47:51,118 [grpc-default-executor-4] DEBUG server.GrpcLogAppender (GrpcLogAppender.java:onNext(257)) - b62aeb05-24ab-4842-8919-6c05a4e657f5@group-32BF70E33156->aab70d5c-3498-440f-806b-05f26fe37e72-AppendLogResponseHandler: received a reply b62aeb05-24ab-4842-8919-6c05a4e657f5<-aab70d5c-3498-440f-806b-05f26fe37e72#15:OK,SUCCESS,nextIndex:1,term:1,followerCommit:0, request=AppendEntriesRequest:cid=15,entriesCount=0,lastEntry=null
2020-07-02 08:47:51,285 [grpc-default-executor-4] DEBUG server.GrpcLogAppender (GrpcLogAppender.java:onNext(257)) - 26f1b97f-198a-4bc6-840d-b3fa7ce7fcfa@group-D93938EF698D->c4f8bc01-7deb-4cd9-a6c1-654553e0e0ff-AppendLogResponseHandler: received a reply 26f1b97f-198a-4bc6-840d-b3fa7ce7fcfa<-c4f8bc01-7deb-4cd9-a6c1-654553e0e0ff#19:OK,SUCCESS,nextIndex:7,term:3,followerCommit:6, request=AppendEntriesRequest:cid=19,entriesCount=0,lastEntry=null
2020-07-02 08:47:51,301 [grpc-default-executor-4] DEBUG server.GrpcLogAppender (GrpcLogAppender.java:onNext(257)) - 26f1b97f-198a-4bc6-840d-b3fa7ce7fcfa@group-D93938EF698D->f7ed0b0c-c89c-471c-8c37-09edce727015-AppendLogResponseHandler: received a reply 26f1b97f-198a-4bc6-840d-b3fa7ce7fcfa<-f7ed0b0c-c89c-471c-8c37-09edce727015#19:OK,SUCCESS,nextIndex:7,term:3,followerCommit:6, request=AppendEntriesRequest:cid=19,entriesCount=0,lastEntry=null
2020-07-02 08:47:51,465 [grpc-default-executor-2] DEBUG server.GrpcLogAppender (GrpcLogAppender.java:onNext(257)) - d4095b94-faf8-4714-9e04-9d2538430758@group-8E625A2998A3->b5ee9bf6-c323-4b90-8393-8aea495c4582-AppendLogResponseHandler: received a reply d4095b94-faf8-4714-9e04-9d2538430758<-b5ee9bf6-c323-4b90-8393-8aea495c4582#16:OK,SUCCESS,nextIndex:1,term:1,followerCommit:0, request=AppendEntriesRequest:cid=16,entriesCount=0,lastEntry=null
2020-07-02 08:47:51,465 [grpc-default-executor-4] DEBUG server.GrpcLogAppender (GrpcLogAppender.java:onNext(257)) - d4095b94-faf8-4714-9e04-9d2538430758@group-8E625A2998A3->a3230122-e9f1-469c-a445-fc983e5286bd-AppendLogResponseHandler: received a reply d4095b94-faf8-4714-9e04-9d2538430758<-a3230122-e9f1-469c-a445-fc983e5286bd#16:OK,SUCCESS,nextIndex:1,term:1,followerCommit:0, request=AppendEntriesRequest:cid=16,entriesCount=0,lastEntry=null
2020-07-02 08:47:51,601 [grpc-default-executor-4] DEBUG server.GrpcLogAppender (GrpcLogAppender.java:onNext(257)) - b62aeb05-24ab-4842-8919-6c05a4e657f5@group-32BF70E33156->7d30d443-236e-4da8-b613-0865c2b8e378-AppendLogResponseHandler: received a reply b62aeb05-24ab-4842-8919-6c05a4e657f5<-7d30d443-236e-4da8-b613-0865c2b8e378#16:OK,SUCCESS,nextIndex:1,term:1,followerCommit:0, request=AppendEntriesRequest:cid=16,entriesCount=0,lastEntry=null
2020-07-02 08:47:51,620 [grpc-default-executor-4] DEBUG server.GrpcLogAppender (GrpcLogAppender.java:onNext(257)) - b62aeb05-24ab-4842-8919-6c05a4e657f5@group-32BF70E33156->aab70d5c-3498-440f-806b-05f26fe37e72-AppendLogResponseHandler: received a reply b62aeb05-24ab-4842-8919-6c05a4e657f5<-aab70d5c-3498-440f-806b-05f26fe37e72#16:OK,SUCCESS,nextIndex:1,term:1,followerCommit:0, request=AppendEntriesRequest:cid=16,entriesCount=0,lastEntry=null
2020-07-02 08:47:51,685 [java.util.concurrent.ThreadPoolExecutor$Worker@3d727141[State = -1, empty queue]] WARN  server.GrpcLogAppender (GrpcLogAppender.java:timeoutAppendRequest(219)) - 26f1b97f-198a-4bc6-840d-b3fa7ce7fcfa@group-D93938EF698D->c4f8bc01-7deb-4cd9-a6c1-654553e0e0ff-GrpcLogAppender:  appendEntries Timeout, request=AppendEntriesRequest:cid=9,entriesCount=1,lastEntry=(t:3, i:1)
2020-07-02 08:47:51,687 [java.util.concurrent.ThreadPoolExecutor$Worker@3d727141[State = -1, empty queue]] WARN  server.GrpcLogAppender (GrpcLogAppender.java:timeoutAppendRequest(219)) - 26f1b97f-198a-4bc6-840d-b3fa7ce7fcfa@group-D93938EF698D->c4f8bc01-7deb-4cd9-a6c1-654553e0e0ff-GrpcLogAppender:  appendEntries Timeout, request=AppendEntriesRequest:cid=10,entriesCount=1,lastEntry=(t:3, i:2)
2020-07-02 08:47:51,718 [java.util.concurrent.ThreadPoolExecutor$Worker@3d727141[State = -1, empty queue]] WARN  server.GrpcLogAppender (GrpcLogAppender.java:timeoutAppendRequest(219)) - 26f1b97f-198a-4bc6-840d-b3fa7ce7fcfa@group-D93938EF698D->c4f8bc01-7deb-4cd9-a6c1-654553e0e0ff-GrpcLogAppender:  appendEntries Timeout, request=AppendEntriesRequest:cid=11,entriesCount=1,lastEntry=(t:3, i:3)
2020-07-02 08:47:51,720 [java.util.concurrent.ThreadPoolExecutor$Worker@3d727141[State = -1, empty queue]] WARN  server.GrpcLogAppender (GrpcLogAppender.java:timeoutAppendRequest(219)) - 26f1b97f-198a-4bc6-840d-b3fa7ce7fcfa@group-D93938EF698D->c4f8bc01-7deb-4cd9-a6c1-654553e0e0ff-GrpcLogAppender:  appendEntries Timeout, request=AppendEntriesRequest:cid=12,entriesCount=1,lastEntry=(t:3, i:4)
2020-07-02 08:47:51,768 [java.util.concurrent.ThreadPoolExecutor$Worker@3d727141[State = -1, empty queue]] WARN  server.GrpcLogAppender (GrpcLogAppender.java:timeoutAppendRequest(219)) - 26f1b97f-198a-4bc6-840d-b3fa7ce7fcfa@group-D93938EF698D->c4f8bc01-7deb-4cd9-a6c1-654553e0e0ff-GrpcLogAppender:  appendEntries Timeout, request=AppendEntriesRequest:cid=13,entriesCount=1,lastEntry=(t:3, i:5)
2020-07-02 08:47:51,777 [java.util.concurrent.ThreadPoolExecutor$Worker@3d727141[State = -1, empty queue]] WARN  server.GrpcLogAppender (GrpcLogAppender.java:timeoutAppendRequest(219)) - 26f1b97f-198a-4bc6-840d-b3fa7ce7fcfa@group-D93938EF698D->c4f8bc01-7deb-4cd9-a6c1-654553e0e0ff-GrpcLogAppender:  appendEntries Timeout, request=AppendEntriesRequest:cid=14,entriesCount=1,lastEntry=(t:3, i:6)
2020-07-02 08:47:51,787 [grpc-default-executor-4] DEBUG server.GrpcLogAppender (GrpcLogAppender.java:onNext(257)) - 26f1b97f-198a-4bc6-840d-b3fa7ce7fcfa@group-D93938EF698D->c4f8bc01-7deb-4cd9-a6c1-654553e0e0ff-AppendLogResponseHandler: received a reply 26f1b97f-198a-4bc6-840d-b3fa7ce7fcfa<-c4f8bc01-7deb-4cd9-a6c1-654553e0e0ff#20:OK,SUCCESS,nextIndex:7,term:3,followerCommit:6, request=AppendEntriesRequest:cid=20,entriesCount=0,lastEntry=null
2020-07-02 08:47:51,802 [grpc-default-executor-4] DEBUG server.GrpcLogAppender (GrpcLogAppender.java:onNext(257)) - 26f1b97f-198a-4bc6-840d-b3fa7ce7fcfa@group-D93938EF698D->f7ed0b0c-c89c-471c-8c37-09edce727015-AppendLogResponseHandler: received a reply 26f1b97f-198a-4bc6-840d-b3fa7ce7fcfa<-f7ed0b0c-c89c-471c-8c37-09edce727015#20:OK,SUCCESS,nextIndex:7,term:3,followerCommit:6, request=AppendEntriesRequest:cid=20,entriesCount=0,lastEntry=null
2020-07-02 08:47:51,966 [grpc-default-executor-2] DEBUG server.GrpcLogAppender (GrpcLogAppender.java:onNext(257)) - d4095b94-faf8-4714-9e04-9d2538430758@group-8E625A2998A3->a3230122-e9f1-469c-a445-fc983e5286bd-AppendLogResponseHandler: received a reply d4095b94-faf8-4714-9e04-9d2538430758<-a3230122-e9f1-469c-a445-fc983e5286bd#17:OK,SUCCESS,nextIndex:1,term:1,followerCommit:0, request=AppendEntriesRequest:cid=17,entriesCount=0,lastEntry=null
2020-07-02 08:47:51,967 [grpc-default-executor-4] DEBUG server.GrpcLogAppender (GrpcLogAppender.java:onNext(257)) - d4095b94-faf8-4714-9e04-9d2538430758@group-8E625A2998A3->b5ee9bf6-c323-4b90-8393-8aea495c4582-AppendLogResponseHandler: received a reply d4095b94-faf8-4714-9e04-9d2538430758<-b5ee9bf6-c323-4b90-8393-8aea495c4582#17:OK,SUCCESS,nextIndex:1,term:1,followerCommit:0, request=AppendEntriesRequest:cid=17,entriesCount=0,lastEntry=null
2020-07-02 08:47:52,103 [grpc-default-executor-4] DEBUG server.GrpcLogAppender (GrpcLogAppender.java:onNext(257)) - b62aeb05-24ab-4842-8919-6c05a4e657f5@group-32BF70E33156->7d30d443-236e-4da8-b613-0865c2b8e378-AppendLogResponseHandler: received a reply b62aeb05-24ab-4842-8919-6c05a4e657f5<-7d30d443-236e-4da8-b613-0865c2b8e378#17:OK,SUCCESS,nextIndex:1,term:1,followerCommit:0, request=AppendEntriesRequest:cid=17,entriesCount=0,lastEntry=null
2020-07-02 08:47:52,122 [grpc-default-executor-4] DEBUG server.GrpcLogAppender (GrpcLogAppender.java:onNext(257)) - b62aeb05-24ab-4842-8919-6c05a4e657f5@group-32BF70E33156->aab70d5c-3498-440f-806b-05f26fe37e72-AppendLogResponseHandler: received a reply b62aeb05-24ab-4842-8919-6c05a4e657f5<-aab70d5c-3498-440f-806b-05f26fe37e72#17:OK,SUCCESS,nextIndex:1,term:1,followerCommit:0, request=AppendEntriesRequest:cid=17,entriesCount=0,lastEntry=null
2020-07-02 08:47:52,288 [grpc-default-executor-4] DEBUG server.GrpcLogAppender (GrpcLogAppender.java:onNext(257)) - 26f1b97f-198a-4bc6-840d-b3fa7ce7fcfa@group-D93938EF698D->c4f8bc01-7deb-4cd9-a6c1-654553e0e0ff-AppendLogResponseHandler: received a reply 26f1b97f-198a-4bc6-840d-b3fa7ce7fcfa<-c4f8bc01-7deb-4cd9-a6c1-654553e0e0ff#21:OK,SUCCESS,nextIndex:7,term:3,followerCommit:6, request=AppendEntriesRequest:cid=21,entriesCount=0,lastEntry=null
2020-07-02 08:47:52,303 [grpc-default-executor-4] DEBUG server.GrpcLogAppender (GrpcLogAppender.java:onNext(257)) - 26f1b97f-198a-4bc6-840d-b3fa7ce7fcfa@group-D93938EF698D->f7ed0b0c-c89c-471c-8c37-09edce727015-AppendLogResponseHandler: received a reply 26f1b97f-198a-4bc6-840d-b3fa7ce7fcfa<-f7ed0b0c-c89c-471c-8c37-09edce727015#21:OK,SUCCESS,nextIndex:7,term:3,followerCommit:6, request=AppendEntriesRequest:cid=21,entriesCount=0,lastEntry=null
2020-07-02 08:47:52,468 [grpc-default-executor-4] DEBUG server.GrpcLogAppender (GrpcLogAppender.java:onNext(257)) - d4095b94-faf8-4714-9e04-9d2538430758@group-8E625A2998A3->a3230122-e9f1-469c-a445-fc983e5286bd-AppendLogResponseHandler: received a reply d4095b94-faf8-4714-9e04-9d2538430758<-a3230122-e9f1-469c-a445-fc983e5286bd#18:OK,SUCCESS,nextIndex:1,term:1,followerCommit:0, request=AppendEntriesRequest:cid=18,entriesCount=0,lastEntry=null
2020-07-02 08:47:52,469 [grpc-default-executor-4] DEBUG server.GrpcLogAppender (GrpcLogAppender.java:onNext(257)) - d4095b94-faf8-4714-9e04-9d2538430758@group-8E625A2998A3->b5ee9bf6-c323-4b90-8393-8aea495c4582-AppendLogResponseHandler: received a reply d4095b94-faf8-4714-9e04-9d2538430758<-b5ee9bf6-c323-4b90-8393-8aea495c4582#18:OK,SUCCESS,nextIndex:1,term:1,followerCommit:0, request=AppendEntriesRequest:cid=18,entriesCount=0,lastEntry=null
2020-07-02 08:47:52,605 [grpc-default-executor-4] DEBUG server.GrpcLogAppender (GrpcLogAppender.java:onNext(257)) - b62aeb05-24ab-4842-8919-6c05a4e657f5@group-32BF70E33156->7d30d443-236e-4da8-b613-0865c2b8e378-AppendLogResponseHandler: received a reply b62aeb05-24ab-4842-8919-6c05a4e657f5<-7d30d443-236e-4da8-b613-0865c2b8e378#18:OK,SUCCESS,nextIndex:1,term:1,followerCommit:0, request=AppendEntriesRequest:cid=18,entriesCount=0,lastEntry=null
2020-07-02 08:47:52,624 [grpc-default-executor-4] DEBUG server.GrpcLogAppender (GrpcLogAppender.java:onNext(257)) - b62aeb05-24ab-4842-8919-6c05a4e657f5@group-32BF70E33156->aab70d5c-3498-440f-806b-05f26fe37e72-AppendLogResponseHandler: received a reply b62aeb05-24ab-4842-8919-6c05a4e657f5<-aab70d5c-3498-440f-806b-05f26fe37e72#18:OK,SUCCESS,nextIndex:1,term:1,followerCommit:0, request=AppendEntriesRequest:cid=18,entriesCount=0,lastEntry=null
2020-07-02 08:47:52,789 [grpc-default-executor-4] DEBUG server.GrpcLogAppender (GrpcLogAppender.java:onNext(257)) - 26f1b97f-198a-4bc6-840d-b3fa7ce7fcfa@group-D93938EF698D->c4f8bc01-7deb-4cd9-a6c1-654553e0e0ff-AppendLogResponseHandler: received a reply 26f1b97f-198a-4bc6-840d-b3fa7ce7fcfa<-c4f8bc01-7deb-4cd9-a6c1-654553e0e0ff#22:OK,SUCCESS,nextIndex:7,term:3,followerCommit:6, request=AppendEntriesRequest:cid=22,entriesCount=0,lastEntry=null
2020-07-02 08:47:52,805 [grpc-default-executor-4] DEBUG server.GrpcLogAppender (GrpcLogAppender.java:onNext(257)) - 26f1b97f-198a-4bc6-840d-b3fa7ce7fcfa@group-D93938EF698D->f7ed0b0c-c89c-471c-8c37-09edce727015-AppendLogResponseHandler: received a reply 26f1b97f-198a-4bc6-840d-b3fa7ce7fcfa<-f7ed0b0c-c89c-471c-8c37-09edce727015#22:OK,SUCCESS,nextIndex:7,term:3,followerCommit:6, request=AppendEntriesRequest:cid=22,entriesCount=0,lastEntry=null
2020-07-02 08:47:52,970 [grpc-default-executor-4] DEBUG server.GrpcLogAppender (GrpcLogAppender.java:onNext(257)) - d4095b94-faf8-4714-9e04-9d2538430758@group-8E625A2998A3->a3230122-e9f1-469c-a445-fc983e5286bd-AppendLogResponseHandler: received a reply d4095b94-faf8-4714-9e04-9d2538430758<-a3230122-e9f1-469c-a445-fc983e5286bd#19:OK,SUCCESS,nextIndex:1,term:1,followerCommit:0, request=AppendEntriesRequest:cid=19,entriesCount=0,lastEntry=null
2020-07-02 08:47:52,971 [grpc-default-executor-4] DEBUG server.GrpcLogAppender (GrpcLogAppender.java:onNext(257)) - d4095b94-faf8-4714-9e04-9d2538430758@group-8E625A2998A3->b5ee9bf6-c323-4b90-8393-8aea495c4582-AppendLogResponseHandler: received a reply d4095b94-faf8-4714-9e04-9d2538430758<-b5ee9bf6-c323-4b90-8393-8aea495c4582#19:OK,SUCCESS,nextIndex:1,term:1,followerCommit:0, request=AppendEntriesRequest:cid=19,entriesCount=0,lastEntry=null
2020-07-02 08:47:53,107 [grpc-default-executor-4] DEBUG server.GrpcLogAppender (GrpcLogAppender.java:onNext(257)) - b62aeb05-24ab-4842-8919-6c05a4e657f5@group-32BF70E33156->7d30d443-236e-4da8-b613-0865c2b8e378-AppendLogResponseHandler: received a reply b62aeb05-24ab-4842-8919-6c05a4e657f5<-7d30d443-236e-4da8-b613-0865c2b8e378#19:OK,SUCCESS,nextIndex:1,term:1,followerCommit:0, request=AppendEntriesRequest:cid=19,entriesCount=0,lastEntry=null
2020-07-02 08:47:53,125 [grpc-default-executor-4] DEBUG server.GrpcLogAppender (GrpcLogAppender.java:onNext(257)) - b62aeb05-24ab-4842-8919-6c05a4e657f5@group-32BF70E33156->aab70d5c-3498-440f-806b-05f26fe37e72-AppendLogResponseHandler: received a reply b62aeb05-24ab-4842-8919-6c05a4e657f5<-aab70d5c-3498-440f-806b-05f26fe37e72#19:OK,SUCCESS,nextIndex:1,term:1,followerCommit:0, request=AppendEntriesRequest:cid=19,entriesCount=0,lastEntry=null
2020-07-02 08:47:53,291 [grpc-default-executor-4] DEBUG server.GrpcLogAppender (GrpcLogAppender.java:onNext(257)) - 26f1b97f-198a-4bc6-840d-b3fa7ce7fcfa@group-D93938EF698D->c4f8bc01-7deb-4cd9-a6c1-654553e0e0ff-AppendLogResponseHandler: received a reply 26f1b97f-198a-4bc6-840d-b3fa7ce7fcfa<-c4f8bc01-7deb-4cd9-a6c1-654553e0e0ff#23:OK,SUCCESS,nextIndex:7,term:3,followerCommit:6, request=AppendEntriesRequest:cid=23,entriesCount=0,lastEntry=null
2020-07-02 08:47:53,306 [grpc-default-executor-4] DEBUG server.GrpcLogAppender (GrpcLogAppender.java:onNext(257)) - 26f1b97f-198a-4bc6-840d-b3fa7ce7fcfa@group-D93938EF698D->f7ed0b0c-c89c-471c-8c37-09edce727015-AppendLogResponseHandler: received a reply 26f1b97f-198a-4bc6-840d-b3fa7ce7fcfa<-f7ed0b0c-c89c-471c-8c37-09edce727015#23:OK,SUCCESS,nextIndex:7,term:3,followerCommit:6, request=AppendEntriesRequest:cid=23,entriesCount=0,lastEntry=null
2020-07-02 08:47:53,472 [grpc-default-executor-2] DEBUG server.GrpcLogAppender (GrpcLogAppender.java:onNext(257)) - d4095b94-faf8-4714-9e04-9d2538430758@group-8E625A2998A3->a3230122-e9f1-469c-a445-fc983e5286bd-AppendLogResponseHandler: received a reply d4095b94-faf8-4714-9e04-9d2538430758<-a3230122-e9f1-469c-a445-fc983e5286bd#20:OK,SUCCESS,nextIndex:1,term:1,followerCommit:0, request=AppendEntriesRequest:cid=20,entriesCount=0,lastEntry=null
2020-07-02 08:47:53,472 [grpc-default-executor-4] DEBUG server.GrpcLogAppender (GrpcLogAppender.java:onNext(257)) - d4095b94-faf8-4714-9e04-9d2538430758@group-8E625A2998A3->b5ee9bf6-c323-4b90-8393-8aea495c4582-AppendLogResponseHandler: received a reply d4095b94-faf8-4714-9e04-9d2538430758<-b5ee9bf6-c323-4b90-8393-8aea495c4582#20:OK,SUCCESS,nextIndex:1,term:1,followerCommit:0, request=AppendEntriesRequest:cid=20,entriesCount=0,lastEntry=null
2020-07-02 08:47:53,608 [grpc-default-executor-4] DEBUG server.GrpcLogAppender (GrpcLogAppender.java:onNext(257)) - b62aeb05-24ab-4842-8919-6c05a4e657f5@group-32BF70E33156->7d30d443-236e-4da8-b613-0865c2b8e378-AppendLogResponseHandler: received a reply b62aeb05-24ab-4842-8919-6c05a4e657f5<-7d30d443-236e-4da8-b613-0865c2b8e378#20:OK,SUCCESS,nextIndex:1,term:1,followerCommit:0, request=AppendEntriesRequest:cid=20,entriesCount=0,lastEntry=null
2020-07-02 08:47:53,627 [grpc-default-executor-4] DEBUG server.GrpcLogAppender (GrpcLogAppender.java:onNext(257)) - b62aeb05-24ab-4842-8919-6c05a4e657f5@group-32BF70E33156->aab70d5c-3498-440f-806b-05f26fe37e72-AppendLogResponseHandler: received a reply b62aeb05-24ab-4842-8919-6c05a4e657f5<-aab70d5c-3498-440f-806b-05f26fe37e72#20:OK,SUCCESS,nextIndex:1,term:1,followerCommit:0, request=AppendEntriesRequest:cid=20,entriesCount=0,lastEntry=null
2020-07-02 08:47:53,793 [grpc-default-executor-4] DEBUG server.GrpcLogAppender (GrpcLogAppender.java:onNext(257)) - 26f1b97f-198a-4bc6-840d-b3fa7ce7fcfa@group-D93938EF698D->c4f8bc01-7deb-4cd9-a6c1-654553e0e0ff-AppendLogResponseHandler: received a reply 26f1b97f-198a-4bc6-840d-b3fa7ce7fcfa<-c4f8bc01-7deb-4cd9-a6c1-654553e0e0ff#24:OK,SUCCESS,nextIndex:7,term:3,followerCommit:6, request=AppendEntriesRequest:cid=24,entriesCount=0,lastEntry=null
2020-07-02 08:47:53,807 [grpc-default-executor-4] DEBUG server.GrpcLogAppender (GrpcLogAppender.java:onNext(257)) - 26f1b97f-198a-4bc6-840d-b3fa7ce7fcfa@group-D93938EF698D->f7ed0b0c-c89c-471c-8c37-09edce727015-AppendLogResponseHandler: received a reply 26f1b97f-198a-4bc6-840d-b3fa7ce7fcfa<-f7ed0b0c-c89c-471c-8c37-09edce727015#24:OK,SUCCESS,nextIndex:7,term:3,followerCommit:6, request=AppendEntriesRequest:cid=24,entriesCount=0,lastEntry=null
2020-07-02 08:47:53,973 [grpc-default-executor-2] DEBUG server.GrpcLogAppender (GrpcLogAppender.java:onNext(257)) - d4095b94-faf8-4714-9e04-9d2538430758@group-8E625A2998A3->a3230122-e9f1-469c-a445-fc983e5286bd-AppendLogResponseHandler: received a reply d4095b94-faf8-4714-9e04-9d2538430758<-a3230122-e9f1-469c-a445-fc983e5286bd#21:OK,SUCCESS,nextIndex:1,term:1,followerCommit:0, request=AppendEntriesRequest:cid=21,entriesCount=0,lastEntry=null
2020-07-02 08:47:53,973 [grpc-default-executor-2] DEBUG server.GrpcLogAppender (GrpcLogAppender.java:onNext(257)) - d4095b94-faf8-4714-9e04-9d2538430758@group-8E625A2998A3->b5ee9bf6-c323-4b90-8393-8aea495c4582-AppendLogResponseHandler: received a reply d4095b94-faf8-4714-9e04-9d2538430758<-b5ee9bf6-c323-4b90-8393-8aea495c4582#21:OK,SUCCESS,nextIndex:1,term:1,followerCommit:0, request=AppendEntriesRequest:cid=21,entriesCount=0,lastEntry=null
2020-07-02 08:47:54,110 [grpc-default-executor-2] DEBUG server.GrpcLogAppender (GrpcLogAppender.java:onNext(257)) - b62aeb05-24ab-4842-8919-6c05a4e657f5@group-32BF70E33156->7d30d443-236e-4da8-b613-0865c2b8e378-AppendLogResponseHandler: received a reply b62aeb05-24ab-4842-8919-6c05a4e657f5<-7d30d443-236e-4da8-b613-0865c2b8e378#21:OK,SUCCESS,nextIndex:1,term:1,followerCommit:0, request=AppendEntriesRequest:cid=21,entriesCount=0,lastEntry=null
2020-07-02 08:47:54,128 [grpc-default-executor-2] DEBUG server.GrpcLogAppender (GrpcLogAppender.java:onNext(257)) - b62aeb05-24ab-4842-8919-6c05a4e657f5@group-32BF70E33156->aab70d5c-3498-440f-806b-05f26fe37e72-AppendLogResponseHandler: received a reply b62aeb05-24ab-4842-8919-6c05a4e657f5<-aab70d5c-3498-440f-806b-05f26fe37e72#21:OK,SUCCESS,nextIndex:1,term:1,followerCommit:0, request=AppendEntriesRequest:cid=21,entriesCount=0,lastEntry=null
2020-07-02 08:47:54,294 [grpc-default-executor-2] DEBUG server.GrpcLogAppender (GrpcLogAppender.java:onNext(257)) - 26f1b97f-198a-4bc6-840d-b3fa7ce7fcfa@group-D93938EF698D->c4f8bc01-7deb-4cd9-a6c1-654553e0e0ff-AppendLogResponseHandler: received a reply 26f1b97f-198a-4bc6-840d-b3fa7ce7fcfa<-c4f8bc01-7deb-4cd9-a6c1-654553e0e0ff#25:OK,SUCCESS,nextIndex:7,term:3,followerCommit:6, request=AppendEntriesRequest:cid=25,entriesCount=0,lastEntry=null
2020-07-02 08:47:54,308 [grpc-default-executor-2] DEBUG server.GrpcLogAppender (GrpcLogAppender.java:onNext(257)) - 26f1b97f-198a-4bc6-840d-b3fa7ce7fcfa@group-D93938EF698D->f7ed0b0c-c89c-471c-8c37-09edce727015-AppendLogResponseHandler: received a reply 26f1b97f-198a-4bc6-840d-b3fa7ce7fcfa<-f7ed0b0c-c89c-471c-8c37-09edce727015#25:OK,SUCCESS,nextIndex:7,term:3,followerCommit:6, request=AppendEntriesRequest:cid=25,entriesCount=0,lastEntry=null
2020-07-02 08:47:54,311 [ForkJoinPool.commonPool-worker-0] INFO  ozoneimpl.OzoneContainer (OzoneContainer.java:stop(246)) - Attempting to stop container services.
2020-07-02 08:47:54,311 [Listener at 127.0.0.1/44281] INFO  ozoneimpl.OzoneContainer (OzoneContainer.java:stop(246)) - Attempting to stop container services.
2020-07-02 08:47:54,312 [Listener at 127.0.0.1/44281] INFO  impl.RaftServerProxy (RaftServerProxy.java:lambda$close$4(319)) - d4095b94-faf8-4714-9e04-9d2538430758: close
2020-07-02 08:47:54,312 [Listener at 127.0.0.1/44281] INFO  impl.RaftServerImpl (RaftServerImpl.java:lambda$shutdown$3(252)) - d4095b94-faf8-4714-9e04-9d2538430758@group-8E625A2998A3: shutdown
2020-07-02 08:47:54,312 [Listener at 127.0.0.1/44281] INFO  util.JmxRegister (JmxRegister.java:unregister(73)) - Successfully un-registered JMX Bean with object name Ratis:service=RaftServer,group=group-8E625A2998A3,id=d4095b94-faf8-4714-9e04-9d2538430758
2020-07-02 08:47:54,312 [Listener at 127.0.0.1/44281] INFO  impl.RoleInfo (RoleInfo.java:shutdownLeaderState(104)) - d4095b94-faf8-4714-9e04-9d2538430758: shutdown LeaderState
2020-07-02 08:47:54,312 [Listener at 127.0.0.1/44281] INFO  metrics.RatisMetrics (RatisMetrics.java:unregister(43)) - Unregistering Metrics Registry : ratis_grpc.log_appender.d4095b94-faf8-4714-9e04-9d2538430758@group-8E625A2998A3
2020-07-02 08:47:54,312 [ForkJoinPool.commonPool-worker-0] INFO  impl.RaftServerProxy (RaftServerProxy.java:lambda$close$4(319)) - c4f8bc01-7deb-4cd9-a6c1-654553e0e0ff: close
2020-07-02 08:47:54,313 [org.apache.ratis.server.impl.LogAppender$AppenderDaemon$$Lambda$457/1674559201@7b889543] WARN  server.GrpcLogAppender (GrpcLogAppender.java:mayWait(153)) - d4095b94-faf8-4714-9e04-9d2538430758@group-8E625A2998A3->a3230122-e9f1-469c-a445-fc983e5286bd-GrpcLogAppender: Wait interrupted by java.lang.InterruptedException
2020-07-02 08:47:54,313 [Listener at 127.0.0.1/44281] INFO  metrics.RatisMetrics (RatisMetrics.java:unregister(43)) - Unregistering Metrics Registry : ratis_grpc.log_appender.d4095b94-faf8-4714-9e04-9d2538430758@group-8E625A2998A3
2020-07-02 08:47:54,313 [ForkJoinPool.commonPool-worker-0] INFO  impl.RaftServerImpl (RaftServerImpl.java:lambda$shutdown$3(252)) - c4f8bc01-7deb-4cd9-a6c1-654553e0e0ff@group-D93938EF698D: shutdown
2020-07-02 08:47:54,314 [ForkJoinPool.commonPool-worker-0] INFO  util.JmxRegister (JmxRegister.java:unregister(73)) - Successfully un-registered JMX Bean with object name Ratis:service=RaftServer,group=group-D93938EF698D,id=c4f8bc01-7deb-4cd9-a6c1-654553e0e0ff
2020-07-02 08:47:54,314 [ForkJoinPool.commonPool-worker-0] INFO  impl.RoleInfo (RoleInfo.java:shutdownFollowerState(121)) - c4f8bc01-7deb-4cd9-a6c1-654553e0e0ff: shutdown FollowerState
2020-07-02 08:47:54,314 [ForkJoinPool.commonPool-worker-0] INFO  impl.StateMachineUpdater (StateMachineUpdater.java:stopAndJoin(142)) - c4f8bc01-7deb-4cd9-a6c1-654553e0e0ff@group-D93938EF698D-StateMachineUpdater: set stopIndex = 6
2020-07-02 08:47:54,314 [org.apache.ratis.server.impl.LogAppender$AppenderDaemon$$Lambda$457/1674559201@38cd5636] WARN  server.GrpcLogAppender (GrpcLogAppender.java:mayWait(153)) - d4095b94-faf8-4714-9e04-9d2538430758@group-8E625A2998A3->b5ee9bf6-c323-4b90-8393-8aea495c4582-GrpcLogAppender: Wait interrupted by java.lang.InterruptedException
2020-07-02 08:47:54,315 [c4f8bc01-7deb-4cd9-a6c1-654553e0e0ff@group-D93938EF698D-StateMachineUpdater] INFO  ratis.ContainerStateMachine (ContainerStateMachine.java:takeSnapshot(293)) - group-D93938EF698D: Taking a snapshot at:(t:3, i:6) file /github/workspace/mnt/ozone/hadoop-ozone/integration-test/target/test-dir/MiniOzoneClusterImpl-2ea21c0c-9bca-4642-a989-259fb4fcb281/datanode-2/data/ratis/91acdc32-11c2-425a-8fac-d93938ef698d/sm/snapshot.3_6
2020-07-02 08:47:54,314 [Listener at 127.0.0.1/44281] INFO  impl.PendingRequests (PendingRequests.java:sendNotLeaderResponses(249)) - d4095b94-faf8-4714-9e04-9d2538430758@group-8E625A2998A3-PendingRequests: sendNotLeaderResponses
2020-07-02 08:47:54,316 [Listener at 127.0.0.1/44281] INFO  metrics.RatisMetrics (RatisMetrics.java:unregister(43)) - Unregistering Metrics Registry : ratis.log_appender.d4095b94-faf8-4714-9e04-9d2538430758@group-8E625A2998A3
2020-07-02 08:47:54,316 [grpc-default-executor-2] INFO  server.GrpcServerProtocolService (GrpcServerProtocolService.java:onCompleted(138)) - a3230122-e9f1-469c-a445-fc983e5286bd: Completed APPEND_ENTRIES, lastRequest: d4095b94-faf8-4714-9e04-9d2538430758->a3230122-e9f1-469c-a445-fc983e5286bd#1-t1, previous=(t:0, i:0), leaderCommit=-1, initializing? false, entries: size=1, first=(t:1, i:0), CONFIGURATIONENTRY
2020-07-02 08:47:54,314 [Thread-1345] INFO  impl.FollowerState (FollowerState.java:run(117)) - c4f8bc01-7deb-4cd9-a6c1-654553e0e0ff@group-D93938EF698D-FollowerState was interrupted: java.lang.InterruptedException: sleep interrupted
2020-07-02 08:47:54,316 [Listener at 127.0.0.1/44281] INFO  metrics.RatisMetrics (RatisMetrics.java:unregister(43)) - Unregistering Metrics Registry : ratis.server.d4095b94-faf8-4714-9e04-9d2538430758@group-8E625A2998A3
2020-07-02 08:47:54,317 [grpc-default-executor-3] INFO  server.GrpcLogAppender (GrpcLogAppender.java:onCompleted(319)) - d4095b94-faf8-4714-9e04-9d2538430758@group-8E625A2998A3->a3230122-e9f1-469c-a445-fc983e5286bd-AppendLogResponseHandler: follower responses appendEntries COMPLETED
2020-07-02 08:47:54,316 [grpc-default-executor-4] INFO  server.GrpcServerProtocolService (GrpcServerProtocolService.java:onCompleted(138)) - b5ee9bf6-c323-4b90-8393-8aea495c4582: Completed APPEND_ENTRIES, lastRequest: d4095b94-faf8-4714-9e04-9d2538430758->b5ee9bf6-c323-4b90-8393-8aea495c4582#1-t1, previous=(t:0, i:0), leaderCommit=-1, initializing? false, entries: size=1, first=(t:1, i:0), CONFIGURATIONENTRY
2020-07-02 08:47:54,317 [c4f8bc01-7deb-4cd9-a6c1-654553e0e0ff@group-D93938EF698D-StateMachineUpdater] INFO  ratis.ContainerStateMachine (ContainerStateMachine.java:takeSnapshot(304)) - group-D93938EF698D: Finished taking a snapshot at:(t:3, i:6) file:/github/workspace/mnt/ozone/hadoop-ozone/integration-test/target/test-dir/MiniOzoneClusterImpl-2ea21c0c-9bca-4642-a989-259fb4fcb281/datanode-2/data/ratis/91acdc32-11c2-425a-8fac-d93938ef698d/sm/snapshot.3_6 time:2
2020-07-02 08:47:54,318 [grpc-default-executor-3] INFO  impl.FollowerInfo (FollowerInfo.java:lambda$new$0(51)) - d4095b94-faf8-4714-9e04-9d2538430758@group-8E625A2998A3->a3230122-e9f1-469c-a445-fc983e5286bd: nextIndex: updateUnconditionally 1 -> 0
2020-07-02 08:47:54,318 [c4f8bc01-7deb-4cd9-a6c1-654553e0e0ff@group-D93938EF698D-StateMachineUpdater] INFO  impl.StateMachineUpdater (StateMachineUpdater.java:takeSnapshot(277)) - c4f8bc01-7deb-4cd9-a6c1-654553e0e0ff@group-D93938EF698D-StateMachineUpdater: Took a snapshot at index 6
2020-07-02 08:47:54,321 [c4f8bc01-7deb-4cd9-a6c1-654553e0e0ff@group-D93938EF698D-StateMachineUpdater] INFO  impl.StateMachineUpdater (StateMachineUpdater.java:lambda$new$0(87)) - c4f8bc01-7deb-4cd9-a6c1-654553e0e0ff@group-D93938EF698D-StateMachineUpdater: snapshotIndex: updateIncreasingly -1 -> 6
2020-07-02 08:47:54,321 [grpc-default-executor-3] INFO  server.GrpcLogAppender (GrpcLogAppender.java:onCompleted(319)) - d4095b94-faf8-4714-9e04-9d2538430758@group-8E625A2998A3->b5ee9bf6-c323-4b90-8393-8aea495c4582-AppendLogResponseHandler: follower responses appendEntries COMPLETED
2020-07-02 08:47:54,321 [c4f8bc01-7deb-4cd9-a6c1-654553e0e0ff@group-D93938EF698D-StateMachineUpdater] INFO  metrics.RatisMetrics (RatisMetrics.java:unregister(43)) - Unregistering Metrics Registry : ratis.state_machine.c4f8bc01-7deb-4cd9-a6c1-654553e0e0ff@group-D93938EF698D
2020-07-02 08:47:54,321 [ForkJoinPool.commonPool-worker-0] INFO  impl.RaftServerImpl (ServerState.java:close(387)) - c4f8bc01-7deb-4cd9-a6c1-654553e0e0ff@group-D93938EF698D: closes. applyIndex: 6
2020-07-02 08:47:54,322 [c4f8bc01-7deb-4cd9-a6c1-654553e0e0ff@group-D93938EF698D-SegmentedRaftLogWorker] INFO  segmented.SegmentedRaftLogWorker (SegmentedRaftLogWorker.java:run(327)) - c4f8bc01-7deb-4cd9-a6c1-654553e0e0ff@group-D93938EF698D-SegmentedRaftLogWorker was interrupted, exiting. There are 0 tasks remaining in the queue.
2020-07-02 08:47:54,323 [grpc-default-executor-3] INFO  impl.FollowerInfo (FollowerInfo.java:lambda$new$0(51)) - d4095b94-faf8-4714-9e04-9d2538430758@group-8E625A2998A3->b5ee9bf6-c323-4b90-8393-8aea495c4582: nextIndex: updateUnconditionally 1 -> 0
2020-07-02 08:47:54,330 [ForkJoinPool.commonPool-worker-0] INFO  segmented.SegmentedRaftLogWorker (SegmentedRaftLogWorker.java:close(234)) - c4f8bc01-7deb-4cd9-a6c1-654553e0e0ff@group-D93938EF698D-SegmentedRaftLogWorker close()
2020-07-02 08:47:54,330 [Listener at 127.0.0.1/44281] INFO  impl.StateMachineUpdater (StateMachineUpdater.java:stopAndJoin(142)) - d4095b94-faf8-4714-9e04-9d2538430758@group-8E625A2998A3-StateMachineUpdater: set stopIndex = 0
2020-07-02 08:47:54,333 [d4095b94-faf8-4714-9e04-9d2538430758@group-8E625A2998A3-StateMachineUpdater] INFO  ratis.ContainerStateMachine (ContainerStateMachine.java:takeSnapshot(293)) - group-8E625A2998A3: Taking a snapshot at:(t:1, i:0) file /github/workspace/mnt/ozone/hadoop-ozone/integration-test/target/test-dir/MiniOzoneClusterImpl-2ea21c0c-9bca-4642-a989-259fb4fcb281/datanode-5/data/ratis/e550a23b-173f-4fb1-89ef-8e625a2998a3/sm/snapshot.1_0
2020-07-02 08:47:54,333 [ForkJoinPool.commonPool-worker-0] INFO  metrics.RatisMetrics (RatisMetrics.java:unregister(43)) - Unregistering Metrics Registry : ratis.log_worker.c4f8bc01-7deb-4cd9-a6c1-654553e0e0ff@group-D93938EF698D
2020-07-02 08:47:54,333 [ForkJoinPool.commonPool-worker-0] INFO  metrics.RatisMetrics (RatisMetrics.java:unregister(43)) - Unregistering Metrics Registry : ratis.leader_election.c4f8bc01-7deb-4cd9-a6c1-654553e0e0ff@group-D93938EF698D
2020-07-02 08:47:54,333 [ForkJoinPool.commonPool-worker-0] INFO  metrics.RatisMetrics (RatisMetrics.java:unregister(43)) - Unregistering Metrics Registry : ratis.server.c4f8bc01-7deb-4cd9-a6c1-654553e0e0ff@group-D93938EF698D
2020-07-02 08:47:54,333 [ForkJoinPool.commonPool-worker-0] INFO  impl.RaftServerImpl (RaftServerImpl.java:lambda$shutdown$3(252)) - c4f8bc01-7deb-4cd9-a6c1-654553e0e0ff@group-86FE461F22B8: shutdown
2020-07-02 08:47:54,334 [ForkJoinPool.commonPool-worker-0] INFO  util.JmxRegister (JmxRegister.java:unregister(73)) - Successfully un-registered JMX Bean with object name Ratis:service=RaftServer,group=group-86FE461F22B8,id=c4f8bc01-7deb-4cd9-a6c1-654553e0e0ff
2020-07-02 08:47:54,334 [ForkJoinPool.commonPool-worker-0] INFO  impl.RoleInfo (RoleInfo.java:shutdownLeaderState(104)) - c4f8bc01-7deb-4cd9-a6c1-654553e0e0ff: shutdown LeaderState
2020-07-02 08:47:54,334 [d4095b94-faf8-4714-9e04-9d2538430758@group-8E625A2998A3-StateMachineUpdater] INFO  ratis.ContainerStateMachine (ContainerStateMachine.java:takeSnapshot(304)) - group-8E625A2998A3: Finished taking a snapshot at:(t:1, i:0) file:/github/workspace/mnt/ozone/hadoop-ozone/integration-test/target/test-dir/MiniOzoneClusterImpl-2ea21c0c-9bca-4642-a989-259fb4fcb281/datanode-5/data/ratis/e550a23b-173f-4fb1-89ef-8e625a2998a3/sm/snapshot.1_0 time:2
2020-07-02 08:47:54,334 [ForkJoinPool.commonPool-worker-0] INFO  impl.PendingRequests (PendingRequests.java:sendNotLeaderResponses(249)) - c4f8bc01-7deb-4cd9-a6c1-654553e0e0ff@group-86FE461F22B8-PendingRequests: sendNotLeaderResponses
2020-07-02 08:47:54,334 [d4095b94-faf8-4714-9e04-9d2538430758@group-8E625A2998A3-StateMachineUpdater] INFO  impl.StateMachineUpdater (StateMachineUpdater.java:takeSnapshot(277)) - d4095b94-faf8-4714-9e04-9d2538430758@group-8E625A2998A3-StateMachineUpdater: Took a snapshot at index 0
2020-07-02 08:47:54,334 [d4095b94-faf8-4714-9e04-9d2538430758@group-8E625A2998A3-StateMachineUpdater] INFO  impl.StateMachineUpdater (StateMachineUpdater.java:lambda$new$0(87)) - d4095b94-faf8-4714-9e04-9d2538430758@group-8E625A2998A3-StateMachineUpdater: snapshotIndex: updateIncreasingly -1 -> 0
2020-07-02 08:47:54,334 [ForkJoinPool.commonPool-worker-0] INFO  metrics.RatisMetrics (RatisMetrics.java:unregister(43)) - Unregistering Metrics Registry : ratis.log_appender.c4f8bc01-7deb-4cd9-a6c1-654553e0e0ff@group-86FE461F22B8
2020-07-02 08:47:54,334 [d4095b94-faf8-4714-9e04-9d2538430758@group-8E625A2998A3-StateMachineUpdater] INFO  metrics.RatisMetrics (RatisMetrics.java:unregister(43)) - Unregistering Metrics Registry : ratis.state_machine.d4095b94-faf8-4714-9e04-9d2538430758@group-8E625A2998A3
2020-07-02 08:47:54,334 [ForkJoinPool.commonPool-worker-0] INFO  metrics.RatisMetrics (RatisMetrics.java:unregister(43)) - Unregistering Metrics Registry : ratis.server.c4f8bc01-7deb-4cd9-a6c1-654553e0e0ff@group-86FE461F22B8
2020-07-02 08:47:54,335 [Listener at 127.0.0.1/44281] INFO  impl.RaftServerImpl (ServerState.java:close(387)) - d4095b94-faf8-4714-9e04-9d2538430758@group-8E625A2998A3: closes. applyIndex: 0
2020-07-02 08:47:54,335 [d4095b94-faf8-4714-9e04-9d2538430758@group-8E625A2998A3-SegmentedRaftLogWorker] INFO  segmented.SegmentedRaftLogWorker (SegmentedRaftLogWorker.java:run(327)) - d4095b94-faf8-4714-9e04-9d2538430758@group-8E625A2998A3-SegmentedRaftLogWorker was interrupted, exiting. There are 0 tasks remaining in the queue.
2020-07-02 08:47:54,335 [c4f8bc01-7deb-4cd9-a6c1-654553e0e0ff@group-86FE461F22B8-StateMachineUpdater] INFO  ratis.ContainerStateMachine (ContainerStateMachine.java:takeSnapshot(293)) - group-86FE461F22B8: Taking a snapshot at:(t:1, i:0) file /github/workspace/mnt/ozone/hadoop-ozone/integration-test/target/test-dir/MiniOzoneClusterImpl-2ea21c0c-9bca-4642-a989-259fb4fcb281/datanode-2/data/ratis/38d0021e-233c-4bcb-922a-86fe461f22b8/sm/snapshot.1_0
2020-07-02 08:47:54,335 [ForkJoinPool.commonPool-worker-0] INFO  impl.StateMachineUpdater (StateMachineUpdater.java:stopAndJoin(142)) - c4f8bc01-7deb-4cd9-a6c1-654553e0e0ff@group-86FE461F22B8-StateMachineUpdater: set stopIndex = 0
2020-07-02 08:47:54,336 [c4f8bc01-7deb-4cd9-a6c1-654553e0e0ff@group-86FE461F22B8-StateMachineUpdater] INFO  ratis.ContainerStateMachine (ContainerStateMachine.java:takeSnapshot(304)) - group-86FE461F22B8: Finished taking a snapshot at:(t:1, i:0) file:/github/workspace/mnt/ozone/hadoop-ozone/integration-test/target/test-dir/MiniOzoneClusterImpl-2ea21c0c-9bca-4642-a989-259fb4fcb281/datanode-2/data/ratis/38d0021e-233c-4bcb-922a-86fe461f22b8/sm/snapshot.1_0 time:1
2020-07-02 08:47:54,336 [c4f8bc01-7deb-4cd9-a6c1-654553e0e0ff@group-86FE461F22B8-StateMachineUpdater] INFO  impl.StateMachineUpdater (StateMachineUpdater.java:takeSnapshot(277)) - c4f8bc01-7deb-4cd9-a6c1-654553e0e0ff@group-86FE461F22B8-StateMachineUpdater: Took a snapshot at index 0
2020-07-02 08:47:54,336 [c4f8bc01-7deb-4cd9-a6c1-654553e0e0ff@group-86FE461F22B8-StateMachineUpdater] INFO  impl.StateMachineUpdater (StateMachineUpdater.java:lambda$new$0(87)) - c4f8bc01-7deb-4cd9-a6c1-654553e0e0ff@group-86FE461F22B8-StateMachineUpdater: snapshotIndex: updateIncreasingly -1 -> 0
2020-07-02 08:47:54,336 [c4f8bc01-7deb-4cd9-a6c1-654553e0e0ff@group-86FE461F22B8-StateMachineUpdater] INFO  metrics.RatisMetrics (RatisMetrics.java:unregister(43)) - Unregistering Metrics Registry : ratis.state_machine.c4f8bc01-7deb-4cd9-a6c1-654553e0e0ff@group-86FE461F22B8
2020-07-02 08:47:54,337 [ForkJoinPool.commonPool-worker-0] INFO  impl.RaftServerImpl (ServerState.java:close(387)) - c4f8bc01-7deb-4cd9-a6c1-654553e0e0ff@group-86FE461F22B8: closes. applyIndex: 0
2020-07-02 08:47:54,337 [c4f8bc01-7deb-4cd9-a6c1-654553e0e0ff@group-86FE461F22B8-SegmentedRaftLogWorker] INFO  segmented.SegmentedRaftLogWorker (SegmentedRaftLogWorker.java:run(327)) - c4f8bc01-7deb-4cd9-a6c1-654553e0e0ff@group-86FE461F22B8-SegmentedRaftLogWorker was interrupted, exiting. There are 0 tasks remaining in the queue.
2020-07-02 08:47:54,340 [Listener at 127.0.0.1/44281] INFO  segmented.SegmentedRaftLogWorker (SegmentedRaftLogWorker.java:close(234)) - d4095b94-faf8-4714-9e04-9d2538430758@group-8E625A2998A3-SegmentedRaftLogWorker close()
2020-07-02 08:47:54,340 [ForkJoinPool.commonPool-worker-0] INFO  segmented.SegmentedRaftLogWorker (SegmentedRaftLogWorker.java:close(234)) - c4f8bc01-7deb-4cd9-a6c1-654553e0e0ff@group-86FE461F22B8-SegmentedRaftLogWorker close()
2020-07-02 08:47:54,340 [Listener at 127.0.0.1/44281] INFO  metrics.RatisMetrics (RatisMetrics.java:unregister(43)) - Unregistering Metrics Registry : ratis.log_worker.d4095b94-faf8-4714-9e04-9d2538430758@group-8E625A2998A3
2020-07-02 08:47:54,341 [Listener at 127.0.0.1/44281] INFO  metrics.RatisMetrics (RatisMetrics.java:unregister(43)) - Unregistering Metrics Registry : ratis.leader_election.d4095b94-faf8-4714-9e04-9d2538430758@group-8E625A2998A3
2020-07-02 08:47:54,341 [Listener at 127.0.0.1/44281] INFO  metrics.RatisMetrics (RatisMetrics.java:unregister(43)) - Unregistering Metrics Registry : ratis.server.d4095b94-faf8-4714-9e04-9d2538430758@group-8E625A2998A3
2020-07-02 08:47:54,341 [Listener at 127.0.0.1/44281] INFO  impl.RaftServerImpl (RaftServerImpl.java:lambda$shutdown$3(252)) - d4095b94-faf8-4714-9e04-9d2538430758@group-894020439AAD: shutdown
2020-07-02 08:47:54,341 [Listener at 127.0.0.1/44281] INFO  util.JmxRegister (JmxRegister.java:unregister(73)) - Successfully un-registered JMX Bean with object name Ratis:service=RaftServer,group=group-894020439AAD,id=d4095b94-faf8-4714-9e04-9d2538430758
2020-07-02 08:47:54,341 [Listener at 127.0.0.1/44281] INFO  impl.RoleInfo (RoleInfo.java:shutdownLeaderState(104)) - d4095b94-faf8-4714-9e04-9d2538430758: shutdown LeaderState
2020-07-02 08:47:54,341 [Listener at 127.0.0.1/44281] INFO  impl.PendingRequests (PendingRequests.java:sendNotLeaderResponses(249)) - d4095b94-faf8-4714-9e04-9d2538430758@group-894020439AAD-PendingRequests: sendNotLeaderResponses
2020-07-02 08:47:54,342 [Listener at 127.0.0.1/44281] INFO  metrics.RatisMetrics (RatisMetrics.java:unregister(43)) - Unregistering Metrics Registry : ratis.log_appender.d4095b94-faf8-4714-9e04-9d2538430758@group-894020439AAD
2020-07-02 08:47:54,342 [Listener at 127.0.0.1/44281] INFO  metrics.RatisMetrics (RatisMetrics.java:unregister(43)) - Unregistering Metrics Registry : ratis.server.d4095b94-faf8-4714-9e04-9d2538430758@group-894020439AAD
2020-07-02 08:47:54,342 [Listener at 127.0.0.1/44281] INFO  impl.StateMachineUpdater (StateMachineUpdater.java:stopAndJoin(142)) - d4095b94-faf8-4714-9e04-9d2538430758@group-894020439AAD-StateMachineUpdater: set stopIndex = 0
2020-07-02 08:47:54,343 [d4095b94-faf8-4714-9e04-9d2538430758@group-894020439AAD-StateMachineUpdater] INFO  ratis.ContainerStateMachine (ContainerStateMachine.java:takeSnapshot(293)) - group-894020439AAD: Taking a snapshot at:(t:1, i:0) file /github/workspace/mnt/ozone/hadoop-ozone/integration-test/target/test-dir/MiniOzoneClusterImpl-2ea21c0c-9bca-4642-a989-259fb4fcb281/datanode-5/data/ratis/1d2fcee6-eef7-4565-8960-894020439aad/sm/snapshot.1_0
2020-07-02 08:47:54,344 [d4095b94-faf8-4714-9e04-9d2538430758@group-894020439AAD-StateMachineUpdater] INFO  ratis.ContainerStateMachine (ContainerStateMachine.java:takeSnapshot(304)) - group-894020439AAD: Finished taking a snapshot at:(t:1, i:0) file:/github/workspace/mnt/ozone/hadoop-ozone/integration-test/target/test-dir/MiniOzoneClusterImpl-2ea21c0c-9bca-4642-a989-259fb4fcb281/datanode-5/data/ratis/1d2fcee6-eef7-4565-8960-894020439aad/sm/snapshot.1_0 time:1
2020-07-02 08:47:54,344 [d4095b94-faf8-4714-9e04-9d2538430758@group-894020439AAD-StateMachineUpdater] INFO  impl.StateMachineUpdater (StateMachineUpdater.java:takeSnapshot(277)) - d4095b94-faf8-4714-9e04-9d2538430758@group-894020439AAD-StateMachineUpdater: Took a snapshot at index 0
2020-07-02 08:47:54,344 [d4095b94-faf8-4714-9e04-9d2538430758@group-894020439AAD-StateMachineUpdater] INFO  impl.StateMachineUpdater (StateMachineUpdater.java:lambda$new$0(87)) - d4095b94-faf8-4714-9e04-9d2538430758@group-894020439AAD-StateMachineUpdater: snapshotIndex: updateIncreasingly -1 -> 0
2020-07-02 08:47:54,344 [d4095b94-faf8-4714-9e04-9d2538430758@group-894020439AAD-StateMachineUpdater] INFO  metrics.RatisMetrics (RatisMetrics.java:unregister(43)) - Unregistering Metrics Registry : ratis.state_machine.d4095b94-faf8-4714-9e04-9d2538430758@group-894020439AAD
2020-07-02 08:47:54,344 [Listener at 127.0.0.1/44281] INFO  impl.RaftServerImpl (ServerState.java:close(387)) - d4095b94-faf8-4714-9e04-9d2538430758@group-894020439AAD: closes. applyIndex: 0
2020-07-02 08:47:54,344 [ForkJoinPool.commonPool-worker-0] INFO  metrics.RatisMetrics (RatisMetrics.java:unregister(43)) - Unregistering Metrics Registry : ratis.log_worker.c4f8bc01-7deb-4cd9-a6c1-654553e0e0ff@group-86FE461F22B8
2020-07-02 08:47:54,344 [ForkJoinPool.commonPool-worker-0] INFO  metrics.RatisMetrics (RatisMetrics.java:unregister(43)) - Unregistering Metrics Registry : ratis.leader_election.c4f8bc01-7deb-4cd9-a6c1-654553e0e0ff@group-86FE461F22B8
2020-07-02 08:47:54,344 [ForkJoinPool.commonPool-worker-0] INFO  metrics.RatisMetrics (RatisMetrics.java:unregister(43)) - Unregistering Metrics Registry : ratis.server.c4f8bc01-7deb-4cd9-a6c1-654553e0e0ff@group-86FE461F22B8
2020-07-02 08:47:54,345 [ForkJoinPool.commonPool-worker-0] INFO  server.GrpcService (GrpcService.java:closeImpl(166)) - c4f8bc01-7deb-4cd9-a6c1-654553e0e0ff: shutdown server with port 33519 now
2020-07-02 08:47:54,345 [d4095b94-faf8-4714-9e04-9d2538430758@group-894020439AAD-SegmentedRaftLogWorker] INFO  segmented.SegmentedRaftLogWorker (SegmentedRaftLogWorker.java:run(327)) - d4095b94-faf8-4714-9e04-9d2538430758@group-894020439AAD-SegmentedRaftLogWorker was interrupted, exiting. There are 0 tasks remaining in the queue.
2020-07-02 08:47:54,346 [grpc-default-executor-2] WARN  server.GrpcServerProtocolService (LogUtils.java:warn(122)) - c4f8bc01-7deb-4cd9-a6c1-654553e0e0ff: installSnapshot onError, lastRequest: 26f1b97f-198a-4bc6-840d-b3fa7ce7fcfa->c4f8bc01-7deb-4cd9-a6c1-654553e0e0ff#14-t3, previous=(t:3, i:5), leaderCommit=5, initializing? false, entries: size=1, first=(t:3, i:6), METADATAENTRY(c:5): org.apache.ratis.thirdparty.io.grpc.StatusRuntimeException: CANCELLED: cancelled before receiving half close
2020-07-02 08:47:54,346 [grpc-default-executor-4] WARN  server.GrpcLogAppender (LogUtils.java:warn(122)) - 26f1b97f-198a-4bc6-840d-b3fa7ce7fcfa@group-D93938EF698D->c4f8bc01-7deb-4cd9-a6c1-654553e0e0ff-AppendLogResponseHandler: Failed appendEntries: org.apache.ratis.thirdparty.io.grpc.StatusRuntimeException: CANCELLED: HTTP/2 error code: CANCEL
Received Rst Stream
2020-07-02 08:47:54,346 [ForkJoinPool.commonPool-worker-0] INFO  server.GrpcService (GrpcService.java:closeImpl(174)) - c4f8bc01-7deb-4cd9-a6c1-654553e0e0ff: shutdown server with port 33519 successfully
2020-07-02 08:47:54,346 [grpc-default-executor-4] INFO  impl.FollowerInfo (FollowerInfo.java:lambda$new$0(51)) - 26f1b97f-198a-4bc6-840d-b3fa7ce7fcfa@group-D93938EF698D->c4f8bc01-7deb-4cd9-a6c1-654553e0e0ff: nextIndex: updateUnconditionally 7 -> 1
2020-07-02 08:47:54,348 [ForkJoinPool.commonPool-worker-0] INFO  utils.BackgroundService (BackgroundService.java:shutdown(157)) - Shutting down service BlockDeletingService
2020-07-02 08:47:54,349 [Listener at 127.0.0.1/44281] INFO  segmented.SegmentedRaftLogWorker (SegmentedRaftLogWorker.java:close(234)) - d4095b94-faf8-4714-9e04-9d2538430758@group-894020439AAD-SegmentedRaftLogWorker close()
2020-07-02 08:47:54,353 [Listener at 127.0.0.1/44281] INFO  metrics.RatisMetrics (RatisMetrics.java:unregister(43)) - Unregistering Metrics Registry : ratis.log_worker.d4095b94-faf8-4714-9e04-9d2538430758@group-894020439AAD
2020-07-02 08:47:54,353 [Listener at 127.0.0.1/44281] INFO  metrics.RatisMetrics (RatisMetrics.java:unregister(43)) - Unregistering Metrics Registry : ratis.leader_election.d4095b94-faf8-4714-9e04-9d2538430758@group-894020439AAD
2020-07-02 08:47:54,353 [Listener at 127.0.0.1/44281] INFO  metrics.RatisMetrics (RatisMetrics.java:unregister(43)) - Unregistering Metrics Registry : ratis.server.d4095b94-faf8-4714-9e04-9d2538430758@group-894020439AAD
2020-07-02 08:47:54,353 [Listener at 127.0.0.1/44281] INFO  server.GrpcService (GrpcService.java:closeImpl(166)) - d4095b94-faf8-4714-9e04-9d2538430758: shutdown server with port 35223 now
2020-07-02 08:47:54,355 [ForkJoinPool.commonPool-worker-0] INFO  statemachine.DatanodeStateMachine (DatanodeStateMachine.java:stopDaemon(428)) - Ozone container server stopped.
2020-07-02 08:47:54,355 [Listener at 127.0.0.1/44281] INFO  server.GrpcService (GrpcService.java:closeImpl(174)) - d4095b94-faf8-4714-9e04-9d2538430758: shutdown server with port 35223 successfully
2020-07-02 08:47:54,357 [ForkJoinPool.commonPool-worker-0] INFO  handler.ContextHandler (ContextHandler.java:doStop(1016)) - Stopped o.e.j.w.WebAppContext@6996f64b{hddsDatanode,/,null,UNAVAILABLE}{jar:file:/home/user/.m2/repository/org/apache/hadoop/hadoop-hdds-container-service/0.6.0-SNAPSHOT/hadoop-hdds-container-service-0.6.0-SNAPSHOT.jar!/webapps/hddsDatanode}
2020-07-02 08:47:54,359 [ForkJoinPool.commonPool-worker-0] INFO  server.AbstractConnector (AbstractConnector.java:doStop(380)) - Stopped ServerConnector@130a1f57{HTTP/1.1,[http/1.1]}{0.0.0.0:0}
2020-07-02 08:47:54,359 [ForkJoinPool.commonPool-worker-0] INFO  server.session (HouseKeeper.java:stopScavenging(158)) - node0 Stopped scavenging
2020-07-02 08:47:54,359 [Listener at 127.0.0.1/44281] INFO  utils.BackgroundService (BackgroundService.java:shutdown(157)) - Shutting down service BlockDeletingService
2020-07-02 08:47:54,363 [ForkJoinPool.commonPool-worker-0] INFO  handler.ContextHandler (ContextHandler.java:doStop(1016)) - Stopped o.e.j.s.ServletContextHandler@2ba897eb{static,/static,jar:file:/home/user/.m2/repository/org/apache/hadoop/hadoop-hdds-container-service/0.6.0-SNAPSHOT/hadoop-hdds-container-service-0.6.0-SNAPSHOT.jar!/webapps/static,UNAVAILABLE}
2020-07-02 08:47:54,363 [Listener at 127.0.0.1/44281] INFO  statemachine.DatanodeStateMachine (DatanodeStateMachine.java:stopDaemon(428)) - Ozone container server stopped.
2020-07-02 08:47:54,364 [ForkJoinPool.commonPool-worker-0] INFO  handler.ContextHandler (ContextHandler.java:doStop(1016)) - Stopped o.e.j.s.ServletContextHandler@4d139669{logs,/logs,file:///github/workspace/mnt/ozone/hadoop-ozone/integration-test/target/log,UNAVAILABLE}
2020-07-02 08:47:54,366 [Listener at 127.0.0.1/44281] INFO  handler.ContextHandler (ContextHandler.java:doStop(1016)) - Stopped o.e.j.w.WebAppContext@7e59f735{hddsDatanode,/,null,UNAVAILABLE}{jar:file:/home/user/.m2/repository/org/apache/hadoop/hadoop-hdds-container-service/0.6.0-SNAPSHOT/hadoop-hdds-container-service-0.6.0-SNAPSHOT.jar!/webapps/hddsDatanode}
2020-07-02 08:47:54,366 [Listener at 127.0.0.1/44281] INFO  server.AbstractConnector (AbstractConnector.java:doStop(380)) - Stopped ServerConnector@64897c5f{HTTP/1.1,[http/1.1]}{0.0.0.0:0}
2020-07-02 08:47:54,366 [Listener at 127.0.0.1/44281] INFO  server.session (HouseKeeper.java:stopScavenging(158)) - node0 Stopped scavenging
2020-07-02 08:47:54,367 [Listener at 127.0.0.1/44281] INFO  handler.ContextHandler (ContextHandler.java:doStop(1016)) - Stopped o.e.j.s.ServletContextHandler@62b95a15{static,/static,jar:file:/home/user/.m2/repository/org/apache/hadoop/hadoop-hdds-container-service/0.6.0-SNAPSHOT/hadoop-hdds-container-service-0.6.0-SNAPSHOT.jar!/webapps/static,UNAVAILABLE}
2020-07-02 08:47:54,367 [Listener at 127.0.0.1/44281] INFO  handler.ContextHandler (ContextHandler.java:doStop(1016)) - Stopped o.e.j.s.ServletContextHandler@6dee9877{logs,/logs,file:///github/workspace/mnt/ozone/hadoop-ozone/integration-test/target/log,UNAVAILABLE}
2020-07-02 08:47:54,611 [grpc-default-executor-4] DEBUG server.GrpcLogAppender (GrpcLogAppender.java:onNext(257)) - b62aeb05-24ab-4842-8919-6c05a4e657f5@group-32BF70E33156->7d30d443-236e-4da8-b613-0865c2b8e378-AppendLogResponseHandler: received a reply b62aeb05-24ab-4842-8919-6c05a4e657f5<-7d30d443-236e-4da8-b613-0865c2b8e378#22:OK,SUCCESS,nextIndex:1,term:1,followerCommit:0, request=AppendEntriesRequest:cid=22,entriesCount=0,lastEntry=null
2020-07-02 08:47:54,629 [grpc-default-executor-4] DEBUG server.GrpcLogAppender (GrpcLogAppender.java:onNext(257)) - b62aeb05-24ab-4842-8919-6c05a4e657f5@group-32BF70E33156->aab70d5c-3498-440f-806b-05f26fe37e72-AppendLogResponseHandler: received a reply b62aeb05-24ab-4842-8919-6c05a4e657f5<-aab70d5c-3498-440f-806b-05f26fe37e72#22:OK,SUCCESS,nextIndex:1,term:1,followerCommit:0, request=AppendEntriesRequest:cid=22,entriesCount=0,lastEntry=null
2020-07-02 08:47:54,792 [Datanode State Machine Thread - 0] INFO  statemachine.DatanodeStateMachine (DatanodeStateMachine.java:lambda$startDaemon$0(380)) - Ozone container server started.
2020-07-02 08:47:54,797 [grpc-default-executor-2] WARN  server.GrpcLogAppender (LogUtils.java:warn(122)) - 26f1b97f-198a-4bc6-840d-b3fa7ce7fcfa@group-D93938EF698D->c4f8bc01-7deb-4cd9-a6c1-654553e0e0ff-AppendLogResponseHandler: Failed appendEntries: org.apache.ratis.thirdparty.io.grpc.StatusRuntimeException: UNAVAILABLE: io exception
2020-07-02 08:47:54,797 [grpc-default-executor-2] INFO  impl.FollowerInfo (FollowerInfo.java:lambda$new$0(51)) - 26f1b97f-198a-4bc6-840d-b3fa7ce7fcfa@group-D93938EF698D->c4f8bc01-7deb-4cd9-a6c1-654553e0e0ff: nextIndex: updateUnconditionally 2 -> 1
2020-07-02 08:47:54,809 [grpc-default-executor-2] DEBUG server.GrpcLogAppender (GrpcLogAppender.java:onNext(257)) - 26f1b97f-198a-4bc6-840d-b3fa7ce7fcfa@group-D93938EF698D->f7ed0b0c-c89c-471c-8c37-09edce727015-AppendLogResponseHandler: received a reply 26f1b97f-198a-4bc6-840d-b3fa7ce7fcfa<-f7ed0b0c-c89c-471c-8c37-09edce727015#26:OK,SUCCESS,nextIndex:7,term:3,followerCommit:6, request=AppendEntriesRequest:cid=26,entriesCount=0,lastEntry=null
2020-07-02 08:47:55,081 [Datanode State Machine Thread - 0] INFO  statemachine.DatanodeStateMachine (DatanodeStateMachine.java:lambda$startDaemon$0(380)) - Ozone container server started.
2020-07-02 08:47:55,113 [grpc-default-executor-2] DEBUG server.GrpcLogAppender (GrpcLogAppender.java:onNext(257)) - b62aeb05-24ab-4842-8919-6c05a4e657f5@group-32BF70E33156->7d30d443-236e-4da8-b613-0865c2b8e378-AppendLogResponseHandler: received a reply b62aeb05-24ab-4842-8919-6c05a4e657f5<-7d30d443-236e-4da8-b613-0865c2b8e378#23:OK,SUCCESS,nextIndex:1,term:1,followerCommit:0, request=AppendEntriesRequest:cid=23,entriesCount=0,lastEntry=null
2020-07-02 08:47:55,130 [grpc-default-executor-2] DEBUG server.GrpcLogAppender (GrpcLogAppender.java:onNext(257)) - b62aeb05-24ab-4842-8919-6c05a4e657f5@group-32BF70E33156->aab70d5c-3498-440f-806b-05f26fe37e72-AppendLogResponseHandler: received a reply b62aeb05-24ab-4842-8919-6c05a4e657f5<-aab70d5c-3498-440f-806b-05f26fe37e72#23:OK,SUCCESS,nextIndex:1,term:1,followerCommit:0, request=AppendEntriesRequest:cid=23,entriesCount=0,lastEntry=null
2020-07-02 08:47:55,301 [grpc-default-executor-3] WARN  server.GrpcLogAppender (LogUtils.java:warn(122)) - 26f1b97f-198a-4bc6-840d-b3fa7ce7fcfa@group-D93938EF698D->c4f8bc01-7deb-4cd9-a6c1-654553e0e0ff-AppendLogResponseHandler: Failed appendEntries: org.apache.ratis.thirdparty.io.grpc.StatusRuntimeException: UNAVAILABLE: io exception
2020-07-02 08:47:55,301 [grpc-default-executor-3] INFO  impl.FollowerInfo (FollowerInfo.java:lambda$new$0(51)) - 26f1b97f-198a-4bc6-840d-b3fa7ce7fcfa@group-D93938EF698D->c4f8bc01-7deb-4cd9-a6c1-654553e0e0ff: nextIndex: updateUnconditionally 2 -> 1
2020-07-02 08:47:55,311 [grpc-default-executor-3] DEBUG server.GrpcLogAppender (GrpcLogAppender.java:onNext(257)) - 26f1b97f-198a-4bc6-840d-b3fa7ce7fcfa@group-D93938EF698D->f7ed0b0c-c89c-471c-8c37-09edce727015-AppendLogResponseHandler: received a reply 26f1b97f-198a-4bc6-840d-b3fa7ce7fcfa<-f7ed0b0c-c89c-471c-8c37-09edce727015#27:OK,SUCCESS,nextIndex:7,term:3,followerCommit:6, request=AppendEntriesRequest:cid=27,entriesCount=0,lastEntry=null
2020-07-02 08:47:55,614 [grpc-default-executor-3] DEBUG server.GrpcLogAppender (GrpcLogAppender.java:onNext(257)) - b62aeb05-24ab-4842-8919-6c05a4e657f5@group-32BF70E33156->7d30d443-236e-4da8-b613-0865c2b8e378-AppendLogResponseHandler: received a reply b62aeb05-24ab-4842-8919-6c05a4e657f5<-7d30d443-236e-4da8-b613-0865c2b8e378#24:OK,SUCCESS,nextIndex:1,term:1,followerCommit:0, request=AppendEntriesRequest:cid=24,entriesCount=0,lastEntry=null
2020-07-02 08:47:55,632 [grpc-default-executor-3] DEBUG server.GrpcLogAppender (GrpcLogAppender.java:onNext(257)) - b62aeb05-24ab-4842-8919-6c05a4e657f5@group-32BF70E33156->aab70d5c-3498-440f-806b-05f26fe37e72-AppendLogResponseHandler: received a reply b62aeb05-24ab-4842-8919-6c05a4e657f5<-aab70d5c-3498-440f-806b-05f26fe37e72#24:OK,SUCCESS,nextIndex:1,term:1,followerCommit:0, request=AppendEntriesRequest:cid=24,entriesCount=0,lastEntry=null
2020-07-02 08:47:55,804 [grpc-default-executor-4] WARN  server.GrpcLogAppender (LogUtils.java:warn(122)) - 26f1b97f-198a-4bc6-840d-b3fa7ce7fcfa@group-D93938EF698D->c4f8bc01-7deb-4cd9-a6c1-654553e0e0ff-AppendLogResponseHandler: Failed appendEntries: org.apache.ratis.thirdparty.io.grpc.StatusRuntimeException: UNAVAILABLE: io exception
2020-07-02 08:47:55,804 [grpc-default-executor-4] INFO  impl.FollowerInfo (FollowerInfo.java:lambda$new$0(51)) - 26f1b97f-198a-4bc6-840d-b3fa7ce7fcfa@group-D93938EF698D->c4f8bc01-7deb-4cd9-a6c1-654553e0e0ff: nextIndex: updateUnconditionally 2 -> 1
2020-07-02 08:47:55,812 [grpc-default-executor-4] DEBUG server.GrpcLogAppender (GrpcLogAppender.java:onNext(257)) - 26f1b97f-198a-4bc6-840d-b3fa7ce7fcfa@group-D93938EF698D->f7ed0b0c-c89c-471c-8c37-09edce727015-AppendLogResponseHandler: received a reply 26f1b97f-198a-4bc6-840d-b3fa7ce7fcfa<-f7ed0b0c-c89c-471c-8c37-09edce727015#28:OK,SUCCESS,nextIndex:7,term:3,followerCommit:6, request=AppendEntriesRequest:cid=28,entriesCount=0,lastEntry=null
2020-07-02 08:47:55,994 [Thread-1304] INFO  impl.FollowerState (FollowerState.java:run(108)) - a3230122-e9f1-469c-a445-fc983e5286bd@group-8E625A2998A3-FollowerState: change to CANDIDATE, lastRpcTime:2021ms, electionTimeout:1021ms
2020-07-02 08:47:55,994 [Thread-1304] INFO  impl.RoleInfo (RoleInfo.java:shutdownFollowerState(121)) - a3230122-e9f1-469c-a445-fc983e5286bd: shutdown FollowerState
2020-07-02 08:47:55,994 [Thread-1304] INFO  impl.RaftServerImpl (RaftServerImpl.java:setRole(175)) - a3230122-e9f1-469c-a445-fc983e5286bd@group-8E625A2998A3: changes role from  FOLLOWER to CANDIDATE at term 1 for changeToCandidate
2020-07-02 08:47:55,994 [Thread-1304] INFO  impl.RoleInfo (RoleInfo.java:updateAndGet(143)) - a3230122-e9f1-469c-a445-fc983e5286bd: start LeaderElection
2020-07-02 08:47:55,995 [a3230122-e9f1-469c-a445-fc983e5286bd@group-8E625A2998A3-LeaderElection36] INFO  impl.RaftServerImpl (ServerState.java:setLeader(255)) - a3230122-e9f1-469c-a445-fc983e5286bd@group-8E625A2998A3: change Leader from d4095b94-faf8-4714-9e04-9d2538430758 to null at term 1 for initElection
2020-07-02 08:47:55,997 [a3230122-e9f1-469c-a445-fc983e5286bd@group-8E625A2998A3-LeaderElection36] INFO  impl.LeaderElection (LeaderElection.java:askForVotes(206)) - a3230122-e9f1-469c-a445-fc983e5286bd@group-8E625A2998A3-LeaderElection36: begin an election at term 2 for 0: [a3230122-e9f1-469c-a445-fc983e5286bd:172.17.0.2:39051, b5ee9bf6-c323-4b90-8393-8aea495c4582:172.17.0.2:35087, d4095b94-faf8-4714-9e04-9d2538430758:172.17.0.2:35223], old=null
2020-07-02 08:47:56,001 [a3230122-e9f1-469c-a445-fc983e5286bd@group-8E625A2998A3-LeaderElection36] INFO  impl.LeaderElection (LogUtils.java:infoOrTrace(137)) - a3230122-e9f1-469c-a445-fc983e5286bd@group-8E625A2998A3-LeaderElection36 got exception when requesting votes: java.util.concurrent.ExecutionException: org.apache.ratis.thirdparty.io.grpc.StatusRuntimeException: UNAVAILABLE: io exception
2020-07-02 08:47:56,005 [grpc-default-executor-4] DEBUG impl.RaftServerImpl (RaftServerImpl.java:requestVote(821)) - b5ee9bf6-c323-4b90-8393-8aea495c4582@group-8E625A2998A3: receive requestVote(a3230122-e9f1-469c-a445-fc983e5286bd, group-8E625A2998A3, 2, (t:1, i:0))
2020-07-02 08:47:56,005 [grpc-default-executor-4] INFO  impl.RaftServerImpl (ServerState.java:setLeader(255)) - b5ee9bf6-c323-4b90-8393-8aea495c4582@group-8E625A2998A3: change Leader from d4095b94-faf8-4714-9e04-9d2538430758 to null at term 2 for updateCurrentTerm
2020-07-02 08:47:56,006 [grpc-default-executor-4] INFO  impl.RaftServerImpl (RaftServerImpl.java:setRole(175)) - b5ee9bf6-c323-4b90-8393-8aea495c4582@group-8E625A2998A3: changes role from  FOLLOWER to FOLLOWER at term 2 for recognizeCandidate:a3230122-e9f1-469c-a445-fc983e5286bd
2020-07-02 08:47:56,006 [grpc-default-executor-4] INFO  impl.RoleInfo (RoleInfo.java:shutdownFollowerState(121)) - b5ee9bf6-c323-4b90-8393-8aea495c4582: shutdown FollowerState
2020-07-02 08:47:56,006 [grpc-default-executor-4] INFO  impl.RoleInfo (RoleInfo.java:updateAndGet(143)) - b5ee9bf6-c323-4b90-8393-8aea495c4582: start FollowerState
2020-07-02 08:47:56,006 [Thread-1306] INFO  impl.FollowerState (FollowerState.java:run(117)) - b5ee9bf6-c323-4b90-8393-8aea495c4582@group-8E625A2998A3-FollowerState was interrupted: java.lang.InterruptedException: sleep interrupted
2020-07-02 08:47:56,007 [grpc-default-executor-4] DEBUG impl.RaftServerImpl (RaftServerImpl.java:requestVote(853)) - b5ee9bf6-c323-4b90-8393-8aea495c4582@group-8E625A2998A3 replies to vote request: a3230122-e9f1-469c-a445-fc983e5286bd<-b5ee9bf6-c323-4b90-8393-8aea495c4582#0:OK-t2. Peer's state: b5ee9bf6-c323-4b90-8393-8aea495c4582@group-8E625A2998A3:t2, leader=null, voted=a3230122-e9f1-469c-a445-fc983e5286bd, raftlog=b5ee9bf6-c323-4b90-8393-8aea495c4582@group-8E625A2998A3-SegmentedRaftLog:OPENED:c0,f0,i0, conf=0: [a3230122-e9f1-469c-a445-fc983e5286bd:172.17.0.2:39051, b5ee9bf6-c323-4b90-8393-8aea495c4582:172.17.0.2:35087, d4095b94-faf8-4714-9e04-9d2538430758:172.17.0.2:35223], old=null
2020-07-02 08:47:56,009 [a3230122-e9f1-469c-a445-fc983e5286bd@group-8E625A2998A3-LeaderElection36] INFO  impl.LeaderElection (LeaderElection.java:logAndReturn(61)) - a3230122-e9f1-469c-a445-fc983e5286bd@group-8E625A2998A3-LeaderElection36: Election PASSED; received 1 response(s) [a3230122-e9f1-469c-a445-fc983e5286bd<-b5ee9bf6-c323-4b90-8393-8aea495c4582#0:OK-t2] and 1 exception(s); a3230122-e9f1-469c-a445-fc983e5286bd@group-8E625A2998A3:t2, leader=null, voted=a3230122-e9f1-469c-a445-fc983e5286bd, raftlog=a3230122-e9f1-469c-a445-fc983e5286bd@group-8E625A2998A3-SegmentedRaftLog:OPENED:c0,f0,i0, conf=0: [a3230122-e9f1-469c-a445-fc983e5286bd:172.17.0.2:39051, b5ee9bf6-c323-4b90-8393-8aea495c4582:172.17.0.2:35087, d4095b94-faf8-4714-9e04-9d2538430758:172.17.0.2:35223], old=null
2020-07-02 08:47:56,009 [a3230122-e9f1-469c-a445-fc983e5286bd@group-8E625A2998A3-LeaderElection36] INFO  impl.LeaderElection (LogUtils.java:infoOrTrace(137)) -   Exception 0: java.util.concurrent.ExecutionException: org.apache.ratis.thirdparty.io.grpc.StatusRuntimeException: UNAVAILABLE: io exception
2020-07-02 08:47:56,010 [a3230122-e9f1-469c-a445-fc983e5286bd@group-8E625A2998A3-LeaderElection36] INFO  impl.RoleInfo (RoleInfo.java:shutdownLeaderElection(134)) - a3230122-e9f1-469c-a445-fc983e5286bd: shutdown LeaderElection
2020-07-02 08:47:56,010 [a3230122-e9f1-469c-a445-fc983e5286bd@group-8E625A2998A3-LeaderElection36] INFO  impl.RaftServerImpl (RaftServerImpl.java:setRole(175)) - a3230122-e9f1-469c-a445-fc983e5286bd@group-8E625A2998A3: changes role from CANDIDATE to LEADER at term 2 for changeToLeader
2020-07-02 08:47:56,010 [a3230122-e9f1-469c-a445-fc983e5286bd@group-8E625A2998A3-LeaderElection36] INFO  ratis.XceiverServerRatis (XceiverServerRatis.java:handleLeaderChangedNotification(762)) - Leader change notification received for group: group-8E625A2998A3 with new leaderId: a3230122-e9f1-469c-a445-fc983e5286bd
2020-07-02 08:47:56,010 [a3230122-e9f1-469c-a445-fc983e5286bd@group-8E625A2998A3-LeaderElection36] INFO  impl.RaftServerImpl (ServerState.java:setLeader(255)) - a3230122-e9f1-469c-a445-fc983e5286bd@group-8E625A2998A3: change Leader from null to a3230122-e9f1-469c-a445-fc983e5286bd at term 2 for becomeLeader, leader elected after 14ms
2020-07-02 08:47:56,010 [a3230122-e9f1-469c-a445-fc983e5286bd@group-8E625A2998A3-LeaderElection36] INFO  server.RaftServerConfigKeys (ConfUtils.java:logGet(44)) - raft.server.staging.catchup.gap = 1000 (default)
2020-07-02 08:47:56,010 [a3230122-e9f1-469c-a445-fc983e5286bd@group-8E625A2998A3-LeaderElection36] INFO  server.RaftServerConfigKeys (ConfUtils.java:logGet(44)) - raft.server.rpc.sleep.time = 25ms (default)
2020-07-02 08:47:56,010 [a3230122-e9f1-469c-a445-fc983e5286bd@group-8E625A2998A3-LeaderElection36] INFO  metrics.RatisMetrics (RatisMetrics.java:lambda$create$0(36)) - Creating Metrics Registry : ratis.log_appender.a3230122-e9f1-469c-a445-fc983e5286bd@group-8E625A2998A3
2020-07-02 08:47:56,010 [a3230122-e9f1-469c-a445-fc983e5286bd@group-8E625A2998A3-LeaderElection36] INFO  server.RaftServerConfigKeys (ConfUtils.java:logGet(44)) - raft.server.write.element-limit = 1024 (custom)
2020-07-02 08:47:56,010 [a3230122-e9f1-469c-a445-fc983e5286bd@group-8E625A2998A3-LeaderElection36] INFO  server.RaftServerConfigKeys (ConfUtils.java:logGet(44)) - raft.server.write.byte-limit = 1073741824 (custom)
2020-07-02 08:47:56,011 [a3230122-e9f1-469c-a445-fc983e5286bd@group-8E625A2998A3-LeaderElection36] INFO  server.RaftServerConfigKeys (ConfUtils.java:logGet(44)) - raft.server.watch.timeout = 3000ms (custom)
2020-07-02 08:47:56,011 [a3230122-e9f1-469c-a445-fc983e5286bd@group-8E625A2998A3-LeaderElection36] INFO  server.RaftServerConfigKeys (ConfUtils.java:logGet(44)) - raft.server.watch.timeout.denomination = 1s (default)
2020-07-02 08:47:56,011 [a3230122-e9f1-469c-a445-fc983e5286bd@group-8E625A2998A3-LeaderElection36] INFO  server.RaftServerConfigKeys (ConfUtils.java:logGet(44)) - raft.server.watch.element-limit = 65536 (default)
2020-07-02 08:47:56,011 [a3230122-e9f1-469c-a445-fc983e5286bd@group-8E625A2998A3-LeaderElection36] INFO  server.RaftServerConfigKeys (ConfUtils.java:logGet(44)) - raft.server.log.appender.snapshot.chunk.size.max = 16MB (=16777216) (default)
2020-07-02 08:47:56,011 [a3230122-e9f1-469c-a445-fc983e5286bd@group-8E625A2998A3-LeaderElection36] INFO  server.RaftServerConfigKeys (ConfUtils.java:logGet(44)) - raft.server.log.appender.buffer.byte-limit = 33554432 (custom)
2020-07-02 08:47:56,011 [a3230122-e9f1-469c-a445-fc983e5286bd@group-8E625A2998A3-LeaderElection36] INFO  server.RaftServerConfigKeys (ConfUtils.java:logGet(44)) - raft.server.log.appender.buffer.element-limit = 1 (custom)
2020-07-02 08:47:56,011 [a3230122-e9f1-469c-a445-fc983e5286bd@group-8E625A2998A3-LeaderElection36] INFO  grpc.GrpcConfigKeys (ConfUtils.java:logGet(44)) - raft.grpc.server.leader.outstanding.appends.max = 128 (default)
2020-07-02 08:47:56,011 [a3230122-e9f1-469c-a445-fc983e5286bd@group-8E625A2998A3-LeaderElection36] INFO  server.RaftServerConfigKeys (ConfUtils.java:logGet(44)) - raft.server.rpc.request.timeout = 3000ms (default)
2020-07-02 08:47:56,011 [a3230122-e9f1-469c-a445-fc983e5286bd@group-8E625A2998A3-LeaderElection36] INFO  server.RaftServerConfigKeys (ConfUtils.java:logGet(44)) - raft.server.log.appender.install.snapshot.enabled = false (custom)
2020-07-02 08:47:56,011 [a3230122-e9f1-469c-a445-fc983e5286bd@group-8E625A2998A3-LeaderElection36] INFO  metrics.RatisMetrics (RatisMetrics.java:lambda$create$0(36)) - Creating Metrics Registry : ratis_grpc.log_appender.a3230122-e9f1-469c-a445-fc983e5286bd@group-8E625A2998A3
2020-07-02 08:47:56,012 [a3230122-e9f1-469c-a445-fc983e5286bd@group-8E625A2998A3-LeaderElection36] INFO  server.RaftServerConfigKeys (ConfUtils.java:logGet(44)) - raft.server.log.appender.snapshot.chunk.size.max = 16MB (=16777216) (default)
2020-07-02 08:47:56,012 [a3230122-e9f1-469c-a445-fc983e5286bd@group-8E625A2998A3-LeaderElection36] INFO  server.RaftServerConfigKeys (ConfUtils.java:logGet(44)) - raft.server.log.appender.buffer.byte-limit = 33554432 (custom)
2020-07-02 08:47:56,012 [a3230122-e9f1-469c-a445-fc983e5286bd@group-8E625A2998A3-LeaderElection36] INFO  server.RaftServerConfigKeys (ConfUtils.java:logGet(44)) - raft.server.log.appender.buffer.element-limit = 1 (custom)
2020-07-02 08:47:56,013 [a3230122-e9f1-469c-a445-fc983e5286bd@group-8E625A2998A3-LeaderElection36] INFO  grpc.GrpcConfigKeys (ConfUtils.java:logGet(44)) - raft.grpc.server.leader.outstanding.appends.max = 128 (default)
2020-07-02 08:47:56,013 [a3230122-e9f1-469c-a445-fc983e5286bd@group-8E625A2998A3-LeaderElection36] INFO  server.RaftServerConfigKeys (ConfUtils.java:logGet(44)) - raft.server.rpc.request.timeout = 3000ms (default)
2020-07-02 08:47:56,013 [a3230122-e9f1-469c-a445-fc983e5286bd@group-8E625A2998A3-LeaderElection36] INFO  server.RaftServerConfigKeys (ConfUtils.java:logGet(44)) - raft.server.log.appender.install.snapshot.enabled = false (custom)
2020-07-02 08:47:56,014 [a3230122-e9f1-469c-a445-fc983e5286bd@group-8E625A2998A3-LeaderElection36] INFO  impl.RoleInfo (RoleInfo.java:updateAndGet(143)) - a3230122-e9f1-469c-a445-fc983e5286bd: start LeaderState
2020-07-02 08:47:56,015 [a3230122-e9f1-469c-a445-fc983e5286bd@group-8E625A2998A3-LeaderElection36] INFO  segmented.SegmentedRaftLogWorker (SegmentedRaftLogWorker.java:rollLogSegment(402)) - a3230122-e9f1-469c-a445-fc983e5286bd@group-8E625A2998A3-SegmentedRaftLogWorker: Rolling segment log-0_0 to index:0
2020-07-02 08:47:56,015 [a3230122-e9f1-469c-a445-fc983e5286bd@group-8E625A2998A3-SegmentedRaftLogWorker] INFO  segmented.SegmentedRaftLogWorker (SegmentedRaftLogWorker.java:execute(553)) - a3230122-e9f1-469c-a445-fc983e5286bd@group-8E625A2998A3-SegmentedRaftLogWorker: Rolled log segment from /github/workspace/mnt/ozone/hadoop-ozone/integration-test/target/test-dir/MiniOzoneClusterImpl-2ea21c0c-9bca-4642-a989-259fb4fcb281/datanode-4/data/ratis/e550a23b-173f-4fb1-89ef-8e625a2998a3/current/log_inprogress_0 to /github/workspace/mnt/ozone/hadoop-ozone/integration-test/target/test-dir/MiniOzoneClusterImpl-2ea21c0c-9bca-4642-a989-259fb4fcb281/datanode-4/data/ratis/e550a23b-173f-4fb1-89ef-8e625a2998a3/current/log_0-0
2020-07-02 08:47:56,017 [a3230122-e9f1-469c-a445-fc983e5286bd@group-8E625A2998A3-SegmentedRaftLogWorker] INFO  segmented.SegmentedRaftLogWorker (SegmentedRaftLogWorker.java:execute(596)) - a3230122-e9f1-469c-a445-fc983e5286bd@group-8E625A2998A3-SegmentedRaftLogWorker: created new log segment /github/workspace/mnt/ozone/hadoop-ozone/integration-test/target/test-dir/MiniOzoneClusterImpl-2ea21c0c-9bca-4642-a989-259fb4fcb281/datanode-4/data/ratis/e550a23b-173f-4fb1-89ef-8e625a2998a3/current/log_inprogress_1
2020-07-02 08:47:56,018 [grpc-default-executor-4] INFO  ratis.XceiverServerRatis (XceiverServerRatis.java:handleLeaderChangedNotification(762)) - Leader change notification received for group: group-8E625A2998A3 with new leaderId: a3230122-e9f1-469c-a445-fc983e5286bd
2020-07-02 08:47:56,022 [grpc-default-executor-4] INFO  impl.RaftServerImpl (ServerState.java:setLeader(255)) - b5ee9bf6-c323-4b90-8393-8aea495c4582@group-8E625A2998A3: change Leader from null to a3230122-e9f1-469c-a445-fc983e5286bd at term 2 for appendEntries, leader elected after 12ms
2020-07-02 08:47:56,022 [a3230122-e9f1-469c-a445-fc983e5286bd@group-8E625A2998A3-LeaderElection36] INFO  impl.RaftServerImpl (ServerState.java:setRaftConf(356)) - a3230122-e9f1-469c-a445-fc983e5286bd@group-8E625A2998A3: set configuration 1: [a3230122-e9f1-469c-a445-fc983e5286bd:172.17.0.2:39051, b5ee9bf6-c323-4b90-8393-8aea495c4582:172.17.0.2:35087, d4095b94-faf8-4714-9e04-9d2538430758:172.17.0.2:35223], old=null at 1
2020-07-02 08:47:56,022 [grpc-default-executor-4] DEBUG impl.RaftServerImpl (RaftServerImpl.java:logAppendEntries(928)) - b5ee9bf6-c323-4b90-8393-8aea495c4582@group-8E625A2998A3: receive appendEntries(a3230122-e9f1-469c-a445-fc983e5286bd, 2, (t:1, i:0), 0, false, commits[a3230122-e9f1-469c-a445-fc983e5286bd:c0, b5ee9bf6-c323-4b90-8393-8aea495c4582:c0, d4095b94-faf8-4714-9e04-9d2538430758:c0], entries: (t:2, i:1), CONFIGURATIONENTRY
2020-07-02 08:47:56,022 [grpc-default-executor-4] INFO  impl.RaftServerImpl (ServerState.java:setRaftConf(356)) - b5ee9bf6-c323-4b90-8393-8aea495c4582@group-8E625A2998A3: set configuration 1: [a3230122-e9f1-469c-a445-fc983e5286bd:172.17.0.2:39051, b5ee9bf6-c323-4b90-8393-8aea495c4582:172.17.0.2:35087, d4095b94-faf8-4714-9e04-9d2538430758:172.17.0.2:35223], old=null at 1
2020-07-02 08:47:56,023 [grpc-default-executor-4] INFO  segmented.SegmentedRaftLogWorker (SegmentedRaftLogWorker.java:rollLogSegment(402)) - b5ee9bf6-c323-4b90-8393-8aea495c4582@group-8E625A2998A3-SegmentedRaftLogWorker: Rolling segment log-0_0 to index:0
2020-07-02 08:47:56,023 [b5ee9bf6-c323-4b90-8393-8aea495c4582@group-8E625A2998A3-SegmentedRaftLogWorker] INFO  segmented.SegmentedRaftLogWorker (SegmentedRaftLogWorker.java:execute(553)) - b5ee9bf6-c323-4b90-8393-8aea495c4582@group-8E625A2998A3-SegmentedRaftLogWorker: Rolled log segment from /github/workspace/mnt/ozone/hadoop-ozone/integration-test/target/test-dir/MiniOzoneClusterImpl-2ea21c0c-9bca-4642-a989-259fb4fcb281/datanode-3/data/ratis/e550a23b-173f-4fb1-89ef-8e625a2998a3/current/log_inprogress_0 to /github/workspace/mnt/ozone/hadoop-ozone/integration-test/target/test-dir/MiniOzoneClusterImpl-2ea21c0c-9bca-4642-a989-259fb4fcb281/datanode-3/data/ratis/e550a23b-173f-4fb1-89ef-8e625a2998a3/current/log_0-0
2020-07-02 08:47:56,024 [grpc-default-executor-4] DEBUG server.GrpcLogAppender (GrpcLogAppender.java:onNext(257)) - a3230122-e9f1-469c-a445-fc983e5286bd@group-8E625A2998A3->b5ee9bf6-c323-4b90-8393-8aea495c4582-AppendLogResponseHandler: received the first reply a3230122-e9f1-469c-a445-fc983e5286bd<-b5ee9bf6-c323-4b90-8393-8aea495c4582#0:OK,SUCCESS,nextIndex:2,term:2,followerCommit:0, request=AppendEntriesRequest:cid=0,entriesCount=0,lastEntry=null
2020-07-02 08:47:56,024 [b5ee9bf6-c323-4b90-8393-8aea495c4582@group-8E625A2998A3-SegmentedRaftLogWorker] INFO  segmented.SegmentedRaftLogWorker (SegmentedRaftLogWorker.java:execute(596)) - b5ee9bf6-c323-4b90-8393-8aea495c4582@group-8E625A2998A3-SegmentedRaftLogWorker: created new log segment /github/workspace/mnt/ozone/hadoop-ozone/integration-test/target/test-dir/MiniOzoneClusterImpl-2ea21c0c-9bca-4642-a989-259fb4fcb281/datanode-3/data/ratis/e550a23b-173f-4fb1-89ef-8e625a2998a3/current/log_inprogress_1
2020-07-02 08:47:56,025 [Thread-1507] DEBUG impl.RaftServerImpl (RaftServerImpl.java:logAppendEntries(928)) - b5ee9bf6-c323-4b90-8393-8aea495c4582@group-8E625A2998A3: succeeded to handle AppendEntries. Reply: a3230122-e9f1-469c-a445-fc983e5286bd<-b5ee9bf6-c323-4b90-8393-8aea495c4582#1:OK,SUCCESS,nextIndex:2,term:2,followerCommit:0
2020-07-02 08:47:56,025 [grpc-default-executor-4] WARN  server.GrpcLogAppender (LogUtils.java:warn(122)) - a3230122-e9f1-469c-a445-fc983e5286bd@group-8E625A2998A3->d4095b94-faf8-4714-9e04-9d2538430758-AppendLogResponseHandler: Failed appendEntries: org.apache.ratis.thirdparty.io.grpc.StatusRuntimeException: UNAVAILABLE: io exception
2020-07-02 08:47:56,028 [grpc-default-executor-3] DEBUG server.GrpcLogAppender (GrpcLogAppender.java:onNext(257)) - a3230122-e9f1-469c-a445-fc983e5286bd@group-8E625A2998A3->b5ee9bf6-c323-4b90-8393-8aea495c4582-AppendLogResponseHandler: received a reply a3230122-e9f1-469c-a445-fc983e5286bd<-b5ee9bf6-c323-4b90-8393-8aea495c4582#1:OK,SUCCESS,nextIndex:2,term:2,followerCommit:0, request=AppendEntriesRequest:cid=1,entriesCount=1,lastEntry=(t:2, i:1)
2020-07-02 08:47:56,028 [grpc-default-executor-4] INFO  impl.FollowerInfo (FollowerInfo.java:lambda$new$0(51)) - a3230122-e9f1-469c-a445-fc983e5286bd@group-8E625A2998A3->d4095b94-faf8-4714-9e04-9d2538430758: nextIndex: updateUnconditionally 1 -> 0
2020-07-02 08:47:56,030 [grpc-default-executor-4] WARN  server.GrpcLogAppender (LogUtils.java:warn(122)) - a3230122-e9f1-469c-a445-fc983e5286bd@group-8E625A2998A3->d4095b94-faf8-4714-9e04-9d2538430758-AppendLogResponseHandler: Failed appendEntries: org.apache.ratis.thirdparty.io.grpc.StatusRuntimeException: UNAVAILABLE: io exception
2020-07-02 08:47:56,030 [grpc-default-executor-4] INFO  impl.FollowerInfo (FollowerInfo.java:lambda$new$0(51)) - a3230122-e9f1-469c-a445-fc983e5286bd@group-8E625A2998A3->d4095b94-faf8-4714-9e04-9d2538430758: nextIndex: updateUnconditionally 1 -> 0
2020-07-02 08:47:56,036 [grpc-default-executor-4] DEBUG impl.RaftServerImpl (RaftServerImpl.java:logAppendEntries(928)) - b5ee9bf6-c323-4b90-8393-8aea495c4582@group-8E625A2998A3: receive appendEntries(a3230122-e9f1-469c-a445-fc983e5286bd, 2, (t:2, i:1), 1, false, commits[a3230122-e9f1-469c-a445-fc983e5286bd:c1, b5ee9bf6-c323-4b90-8393-8aea495c4582:c0, d4095b94-faf8-4714-9e04-9d2538430758:c0], entries: (t:2, i:2), METADATAENTRY(c:1)
2020-07-02 08:47:56,037 [Thread-1508] DEBUG impl.RaftServerImpl (RaftServerImpl.java:logAppendEntries(928)) - b5ee9bf6-c323-4b90-8393-8aea495c4582@group-8E625A2998A3: succeeded to handle AppendEntries. Reply: a3230122-e9f1-469c-a445-fc983e5286bd<-b5ee9bf6-c323-4b90-8393-8aea495c4582#2:OK,SUCCESS,nextIndex:3,term:2,followerCommit:1
2020-07-02 08:47:56,038 [grpc-default-executor-4] DEBUG server.GrpcLogAppender (GrpcLogAppender.java:onNext(257)) - a3230122-e9f1-469c-a445-fc983e5286bd@group-8E625A2998A3->b5ee9bf6-c323-4b90-8393-8aea495c4582-AppendLogResponseHandler: received a reply a3230122-e9f1-469c-a445-fc983e5286bd<-b5ee9bf6-c323-4b90-8393-8aea495c4582#2:OK,SUCCESS,nextIndex:3,term:2,followerCommit:1, request=AppendEntriesRequest:cid=2,entriesCount=1,lastEntry=(t:2, i:2)
2020-07-02 08:47:56,039 [grpc-default-executor-3] WARN  server.GrpcLogAppender (LogUtils.java:warn(122)) - a3230122-e9f1-469c-a445-fc983e5286bd@group-8E625A2998A3->d4095b94-faf8-4714-9e04-9d2538430758-AppendLogResponseHandler: Failed appendEntries: org.apache.ratis.thirdparty.io.grpc.StatusRuntimeException: UNAVAILABLE: io exception
2020-07-02 08:47:56,039 [grpc-default-executor-3] INFO  impl.FollowerInfo (FollowerInfo.java:lambda$new$0(51)) - a3230122-e9f1-469c-a445-fc983e5286bd@group-8E625A2998A3->d4095b94-faf8-4714-9e04-9d2538430758: nextIndex: updateUnconditionally 1 -> 0
2020-07-02 08:47:56,116 [grpc-default-executor-3] DEBUG server.GrpcLogAppender (GrpcLogAppender.java:onNext(257)) - b62aeb05-24ab-4842-8919-6c05a4e657f5@group-32BF70E33156->7d30d443-236e-4da8-b613-0865c2b8e378-AppendLogResponseHandler: received a reply b62aeb05-24ab-4842-8919-6c05a4e657f5<-7d30d443-236e-4da8-b613-0865c2b8e378#25:OK,SUCCESS,nextIndex:1,term:1,followerCommit:0, request=AppendEntriesRequest:cid=25,entriesCount=0,lastEntry=null
2020-07-02 08:47:56,133 [grpc-default-executor-3] DEBUG server.GrpcLogAppender (GrpcLogAppender.java:onNext(257)) - b62aeb05-24ab-4842-8919-6c05a4e657f5@group-32BF70E33156->aab70d5c-3498-440f-806b-05f26fe37e72-AppendLogResponseHandler: received a reply b62aeb05-24ab-4842-8919-6c05a4e657f5<-aab70d5c-3498-440f-806b-05f26fe37e72#25:OK,SUCCESS,nextIndex:1,term:1,followerCommit:0, request=AppendEntriesRequest:cid=25,entriesCount=0,lastEntry=null
2020-07-02 08:47:56,307 [grpc-default-executor-4] WARN  server.GrpcLogAppender (LogUtils.java:warn(122)) - 26f1b97f-198a-4bc6-840d-b3fa7ce7fcfa@group-D93938EF698D->c4f8bc01-7deb-4cd9-a6c1-654553e0e0ff-AppendLogResponseHandler: Failed appendEntries: org.apache.ratis.thirdparty.io.grpc.StatusRuntimeException: UNAVAILABLE: io exception
2020-07-02 08:47:56,307 [grpc-default-executor-4] INFO  impl.FollowerInfo (FollowerInfo.java:lambda$new$0(51)) - 26f1b97f-198a-4bc6-840d-b3fa7ce7fcfa@group-D93938EF698D->c4f8bc01-7deb-4cd9-a6c1-654553e0e0ff: nextIndex: updateUnconditionally 2 -> 1
2020-07-02 08:47:56,313 [grpc-default-executor-4] DEBUG server.GrpcLogAppender (GrpcLogAppender.java:onNext(257)) - 26f1b97f-198a-4bc6-840d-b3fa7ce7fcfa@group-D93938EF698D->f7ed0b0c-c89c-471c-8c37-09edce727015-AppendLogResponseHandler: received a reply 26f1b97f-198a-4bc6-840d-b3fa7ce7fcfa<-f7ed0b0c-c89c-471c-8c37-09edce727015#29:OK,SUCCESS,nextIndex:7,term:3,followerCommit:6, request=AppendEntriesRequest:cid=29,entriesCount=0,lastEntry=null
2020-07-02 08:47:56,540 [grpc-default-executor-4] DEBUG server.GrpcLogAppender (GrpcLogAppender.java:onNext(257)) - a3230122-e9f1-469c-a445-fc983e5286bd@group-8E625A2998A3->b5ee9bf6-c323-4b90-8393-8aea495c4582-AppendLogResponseHandler: received a reply a3230122-e9f1-469c-a445-fc983e5286bd<-b5ee9bf6-c323-4b90-8393-8aea495c4582#3:OK,SUCCESS,nextIndex:3,term:2,followerCommit:2, request=AppendEntriesRequest:cid=3,entriesCount=0,lastEntry=null
2020-07-02 08:47:56,541 [grpc-default-executor-3] WARN  server.GrpcLogAppender (LogUtils.java:warn(122)) - a3230122-e9f1-469c-a445-fc983e5286bd@group-8E625A2998A3->d4095b94-faf8-4714-9e04-9d2538430758-AppendLogResponseHandler: Failed appendEntries: org.apache.ratis.thirdparty.io.grpc.StatusRuntimeException: UNAVAILABLE: io exception
2020-07-02 08:47:56,541 [grpc-default-executor-3] INFO  impl.FollowerInfo (FollowerInfo.java:lambda$new$0(51)) - a3230122-e9f1-469c-a445-fc983e5286bd@group-8E625A2998A3->d4095b94-faf8-4714-9e04-9d2538430758: nextIndex: updateUnconditionally 1 -> 0
2020-07-02 08:47:56,617 [grpc-default-executor-3] DEBUG server.GrpcLogAppender (GrpcLogAppender.java:onNext(257)) - b62aeb05-24ab-4842-8919-6c05a4e657f5@group-32BF70E33156->7d30d443-236e-4da8-b613-0865c2b8e378-AppendLogResponseHandler: received a reply b62aeb05-24ab-4842-8919-6c05a4e657f5<-7d30d443-236e-4da8-b613-0865c2b8e378#26:OK,SUCCESS,nextIndex:1,term:1,followerCommit:0, request=AppendEntriesRequest:cid=26,entriesCount=0,lastEntry=null
2020-07-02 08:47:56,635 [grpc-default-executor-3] DEBUG server.GrpcLogAppender (GrpcLogAppender.java:onNext(257)) - b62aeb05-24ab-4842-8919-6c05a4e657f5@group-32BF70E33156->aab70d5c-3498-440f-806b-05f26fe37e72-AppendLogResponseHandler: received a reply b62aeb05-24ab-4842-8919-6c05a4e657f5<-aab70d5c-3498-440f-806b-05f26fe37e72#26:OK,SUCCESS,nextIndex:1,term:1,followerCommit:0, request=AppendEntriesRequest:cid=26,entriesCount=0,lastEntry=null
2020-07-02 08:47:56,810 [grpc-default-executor-4] WARN  server.GrpcLogAppender (LogUtils.java:warn(122)) - 26f1b97f-198a-4bc6-840d-b3fa7ce7fcfa@group-D93938EF698D->c4f8bc01-7deb-4cd9-a6c1-654553e0e0ff-AppendLogResponseHandler: Failed appendEntries: org.apache.ratis.thirdparty.io.grpc.StatusRuntimeException: UNAVAILABLE: io exception
2020-07-02 08:47:56,810 [grpc-default-executor-4] INFO  impl.FollowerInfo (FollowerInfo.java:lambda$new$0(51)) - 26f1b97f-198a-4bc6-840d-b3fa7ce7fcfa@group-D93938EF698D->c4f8bc01-7deb-4cd9-a6c1-654553e0e0ff: nextIndex: updateUnconditionally 2 -> 1
2020-07-02 08:47:56,815 [grpc-default-executor-4] DEBUG server.GrpcLogAppender (GrpcLogAppender.java:onNext(257)) - 26f1b97f-198a-4bc6-840d-b3fa7ce7fcfa@group-D93938EF698D->f7ed0b0c-c89c-471c-8c37-09edce727015-AppendLogResponseHandler: received a reply 26f1b97f-198a-4bc6-840d-b3fa7ce7fcfa<-f7ed0b0c-c89c-471c-8c37-09edce727015#30:OK,SUCCESS,nextIndex:7,term:3,followerCommit:6, request=AppendEntriesRequest:cid=30,entriesCount=0,lastEntry=null
2020-07-02 08:47:57,042 [grpc-default-executor-2] WARN  server.GrpcLogAppender (LogUtils.java:warn(122)) - a3230122-e9f1-469c-a445-fc983e5286bd@group-8E625A2998A3->d4095b94-faf8-4714-9e04-9d2538430758-AppendLogResponseHandler: Failed appendEntries: org.apache.ratis.thirdparty.io.grpc.StatusRuntimeException: UNAVAILABLE: io exception
2020-07-02 08:47:57,043 [grpc-default-executor-2] INFO  impl.FollowerInfo (FollowerInfo.java:lambda$new$0(51)) - a3230122-e9f1-469c-a445-fc983e5286bd@group-8E625A2998A3->d4095b94-faf8-4714-9e04-9d2538430758: nextIndex: updateUnconditionally 1 -> 0
2020-07-02 08:47:57,046 [grpc-default-executor-4] DEBUG server.GrpcLogAppender (GrpcLogAppender.java:onNext(257)) - a3230122-e9f1-469c-a445-fc983e5286bd@group-8E625A2998A3->b5ee9bf6-c323-4b90-8393-8aea495c4582-AppendLogResponseHandler: received a reply a3230122-e9f1-469c-a445-fc983e5286bd<-b5ee9bf6-c323-4b90-8393-8aea495c4582#4:OK,SUCCESS,nextIndex:3,term:2,followerCommit:2, request=AppendEntriesRequest:cid=4,entriesCount=0,lastEntry=null
2020-07-02 08:47:57,118 [grpc-default-executor-4] DEBUG server.GrpcLogAppender (GrpcLogAppender.java:onNext(257)) - b62aeb05-24ab-4842-8919-6c05a4e657f5@group-32BF70E33156->7d30d443-236e-4da8-b613-0865c2b8e378-AppendLogResponseHandler: received a reply b62aeb05-24ab-4842-8919-6c05a4e657f5<-7d30d443-236e-4da8-b613-0865c2b8e378#27:OK,SUCCESS,nextIndex:1,term:1,followerCommit:0, request=AppendEntriesRequest:cid=27,entriesCount=0,lastEntry=null
2020-07-02 08:47:57,136 [grpc-default-executor-4] DEBUG server.GrpcLogAppender (GrpcLogAppender.java:onNext(257)) - b62aeb05-24ab-4842-8919-6c05a4e657f5@group-32BF70E33156->aab70d5c-3498-440f-806b-05f26fe37e72-AppendLogResponseHandler: received a reply b62aeb05-24ab-4842-8919-6c05a4e657f5<-aab70d5c-3498-440f-806b-05f26fe37e72#27:OK,SUCCESS,nextIndex:1,term:1,followerCommit:0, request=AppendEntriesRequest:cid=27,entriesCount=0,lastEntry=null
2020-07-02 08:47:57,313 [grpc-default-executor-2] WARN  server.GrpcLogAppender (LogUtils.java:warn(122)) - 26f1b97f-198a-4bc6-840d-b3fa7ce7fcfa@group-D93938EF698D->c4f8bc01-7deb-4cd9-a6c1-654553e0e0ff-AppendLogResponseHandler: Failed appendEntries: org.apache.ratis.thirdparty.io.grpc.StatusRuntimeException: UNAVAILABLE: io exception
2020-07-02 08:47:57,313 [grpc-default-executor-2] INFO  impl.FollowerInfo (FollowerInfo.java:lambda$new$0(51)) - 26f1b97f-198a-4bc6-840d-b3fa7ce7fcfa@group-D93938EF698D->c4f8bc01-7deb-4cd9-a6c1-654553e0e0ff: nextIndex: updateUnconditionally 2 -> 1
2020-07-02 08:47:57,316 [grpc-default-executor-2] DEBUG server.GrpcLogAppender (GrpcLogAppender.java:onNext(257)) - 26f1b97f-198a-4bc6-840d-b3fa7ce7fcfa@group-D93938EF698D->f7ed0b0c-c89c-471c-8c37-09edce727015-AppendLogResponseHandler: received a reply 26f1b97f-198a-4bc6-840d-b3fa7ce7fcfa<-f7ed0b0c-c89c-471c-8c37-09edce727015#31:OK,SUCCESS,nextIndex:7,term:3,followerCommit:6, request=AppendEntriesRequest:cid=31,entriesCount=0,lastEntry=null
2020-07-02 08:47:57,544 [grpc-default-executor-4] WARN  server.GrpcLogAppender (LogUtils.java:warn(122)) - a3230122-e9f1-469c-a445-fc983e5286bd@group-8E625A2998A3->d4095b94-faf8-4714-9e04-9d2538430758-AppendLogResponseHandler: Failed appendEntries: org.apache.ratis.thirdparty.io.grpc.StatusRuntimeException: UNAVAILABLE: io exception
2020-07-02 08:47:57,544 [grpc-default-executor-4] INFO  impl.FollowerInfo (FollowerInfo.java:lambda$new$0(51)) - a3230122-e9f1-469c-a445-fc983e5286bd@group-8E625A2998A3->d4095b94-faf8-4714-9e04-9d2538430758: nextIndex: updateUnconditionally 1 -> 0
2020-07-02 08:47:57,547 [grpc-default-executor-4] DEBUG server.GrpcLogAppender (GrpcLogAppender.java:onNext(257)) - a3230122-e9f1-469c-a445-fc983e5286bd@group-8E625A2998A3->b5ee9bf6-c323-4b90-8393-8aea495c4582-AppendLogResponseHandler: received a reply a3230122-e9f1-469c-a445-fc983e5286bd<-b5ee9bf6-c323-4b90-8393-8aea495c4582#5:OK,SUCCESS,nextIndex:3,term:2,followerCommit:2, request=AppendEntriesRequest:cid=5,entriesCount=0,lastEntry=null
2020-07-02 08:47:57,619 [grpc-default-executor-4] DEBUG server.GrpcLogAppender (GrpcLogAppender.java:onNext(257)) - b62aeb05-24ab-4842-8919-6c05a4e657f5@group-32BF70E33156->7d30d443-236e-4da8-b613-0865c2b8e378-AppendLogResponseHandler: received a reply b62aeb05-24ab-4842-8919-6c05a4e657f5<-7d30d443-236e-4da8-b613-0865c2b8e378#28:OK,SUCCESS,nextIndex:1,term:1,followerCommit:0, request=AppendEntriesRequest:cid=28,entriesCount=0,lastEntry=null
2020-07-02 08:47:57,637 [grpc-default-executor-4] DEBUG server.GrpcLogAppender (GrpcLogAppender.java:onNext(257)) - b62aeb05-24ab-4842-8919-6c05a4e657f5@group-32BF70E33156->aab70d5c-3498-440f-806b-05f26fe37e72-AppendLogResponseHandler: received a reply b62aeb05-24ab-4842-8919-6c05a4e657f5<-aab70d5c-3498-440f-806b-05f26fe37e72#28:OK,SUCCESS,nextIndex:1,term:1,followerCommit:0, request=AppendEntriesRequest:cid=28,entriesCount=0,lastEntry=null
2020-07-02 08:47:57,816 [grpc-default-executor-2] WARN  server.GrpcLogAppender (LogUtils.java:warn(122)) - 26f1b97f-198a-4bc6-840d-b3fa7ce7fcfa@group-D93938EF698D->c4f8bc01-7deb-4cd9-a6c1-654553e0e0ff-AppendLogResponseHandler: Failed appendEntries: org.apache.ratis.thirdparty.io.grpc.StatusRuntimeException: UNAVAILABLE: io exception
2020-07-02 08:47:57,816 [grpc-default-executor-2] INFO  impl.FollowerInfo (FollowerInfo.java:lambda$new$0(51)) - 26f1b97f-198a-4bc6-840d-b3fa7ce7fcfa@group-D93938EF698D->c4f8bc01-7deb-4cd9-a6c1-654553e0e0ff: nextIndex: updateUnconditionally 2 -> 1
2020-07-02 08:47:57,818 [grpc-default-executor-2] DEBUG server.GrpcLogAppender (GrpcLogAppender.java:onNext(257)) - 26f1b97f-198a-4bc6-840d-b3fa7ce7fcfa@group-D93938EF698D->f7ed0b0c-c89c-471c-8c37-09edce727015-AppendLogResponseHandler: received a reply 26f1b97f-198a-4bc6-840d-b3fa7ce7fcfa<-f7ed0b0c-c89c-471c-8c37-09edce727015#32:OK,SUCCESS,nextIndex:7,term:3,followerCommit:6, request=AppendEntriesRequest:cid=32,entriesCount=0,lastEntry=null
2020-07-02 08:47:58,045 [grpc-default-executor-4] WARN  server.GrpcLogAppender (LogUtils.java:warn(122)) - a3230122-e9f1-469c-a445-fc983e5286bd@group-8E625A2998A3->d4095b94-faf8-4714-9e04-9d2538430758-AppendLogResponseHandler: Failed appendEntries: org.apache.ratis.thirdparty.io.grpc.StatusRuntimeException: UNAVAILABLE: io exception
2020-07-02 08:47:58,046 [grpc-default-executor-4] INFO  impl.FollowerInfo (FollowerInfo.java:lambda$new$0(51)) - a3230122-e9f1-469c-a445-fc983e5286bd@group-8E625A2998A3->d4095b94-faf8-4714-9e04-9d2538430758: nextIndex: updateUnconditionally 1 -> 0
2020-07-02 08:47:58,048 [grpc-default-executor-4] DEBUG server.GrpcLogAppender (GrpcLogAppender.java:onNext(257)) - a3230122-e9f1-469c-a445-fc983e5286bd@group-8E625A2998A3->b5ee9bf6-c323-4b90-8393-8aea495c4582-AppendLogResponseHandler: received a reply a3230122-e9f1-469c-a445-fc983e5286bd<-b5ee9bf6-c323-4b90-8393-8aea495c4582#6:OK,SUCCESS,nextIndex:3,term:2,followerCommit:2, request=AppendEntriesRequest:cid=6,entriesCount=0,lastEntry=null
2020-07-02 08:47:58,121 [grpc-default-executor-4] DEBUG server.GrpcLogAppender (GrpcLogAppender.java:onNext(257)) - b62aeb05-24ab-4842-8919-6c05a4e657f5@group-32BF70E33156->7d30d443-236e-4da8-b613-0865c2b8e378-AppendLogResponseHandler: received a reply b62aeb05-24ab-4842-8919-6c05a4e657f5<-7d30d443-236e-4da8-b613-0865c2b8e378#29:OK,SUCCESS,nextIndex:1,term:1,followerCommit:0, request=AppendEntriesRequest:cid=29,entriesCount=0,lastEntry=null
2020-07-02 08:47:58,140 [grpc-default-executor-4] DEBUG server.GrpcLogAppender (GrpcLogAppender.java:onNext(257)) - b62aeb05-24ab-4842-8919-6c05a4e657f5@group-32BF70E33156->aab70d5c-3498-440f-806b-05f26fe37e72-AppendLogResponseHandler: received a reply b62aeb05-24ab-4842-8919-6c05a4e657f5<-aab70d5c-3498-440f-806b-05f26fe37e72#29:OK,SUCCESS,nextIndex:1,term:1,followerCommit:0, request=AppendEntriesRequest:cid=29,entriesCount=0,lastEntry=null
2020-07-02 08:47:58,318 [grpc-default-executor-2] WARN  server.GrpcLogAppender (LogUtils.java:warn(122)) - 26f1b97f-198a-4bc6-840d-b3fa7ce7fcfa@group-D93938EF698D->c4f8bc01-7deb-4cd9-a6c1-654553e0e0ff-AppendLogResponseHandler: Failed appendEntries: org.apache.ratis.thirdparty.io.grpc.StatusRuntimeException: UNAVAILABLE: io exception
2020-07-02 08:47:58,319 [grpc-default-executor-2] INFO  impl.FollowerInfo (FollowerInfo.java:lambda$new$0(51)) - 26f1b97f-198a-4bc6-840d-b3fa7ce7fcfa@group-D93938EF698D->c4f8bc01-7deb-4cd9-a6c1-654553e0e0ff: nextIndex: updateUnconditionally 2 -> 1
2020-07-02 08:47:58,320 [grpc-default-executor-2] DEBUG server.GrpcLogAppender (GrpcLogAppender.java:onNext(257)) - 26f1b97f-198a-4bc6-840d-b3fa7ce7fcfa@group-D93938EF698D->f7ed0b0c-c89c-471c-8c37-09edce727015-AppendLogResponseHandler: received a reply 26f1b97f-198a-4bc6-840d-b3fa7ce7fcfa<-f7ed0b0c-c89c-471c-8c37-09edce727015#33:OK,SUCCESS,nextIndex:7,term:3,followerCommit:6, request=AppendEntriesRequest:cid=33,entriesCount=0,lastEntry=null
2020-07-02 08:47:58,547 [grpc-default-executor-4] WARN  server.GrpcLogAppender (LogUtils.java:warn(122)) - a3230122-e9f1-469c-a445-fc983e5286bd@group-8E625A2998A3->d4095b94-faf8-4714-9e04-9d2538430758-AppendLogResponseHandler: Failed appendEntries: org.apache.ratis.thirdparty.io.grpc.StatusRuntimeException: UNAVAILABLE: io exception
2020-07-02 08:47:58,548 [grpc-default-executor-4] INFO  impl.FollowerInfo (FollowerInfo.java:lambda$new$0(51)) - a3230122-e9f1-469c-a445-fc983e5286bd@group-8E625A2998A3->d4095b94-faf8-4714-9e04-9d2538430758: nextIndex: updateUnconditionally 1 -> 0
2020-07-02 08:47:58,550 [grpc-default-executor-4] DEBUG server.GrpcLogAppender (GrpcLogAppender.java:onNext(257)) - a3230122-e9f1-469c-a445-fc983e5286bd@group-8E625A2998A3->b5ee9bf6-c323-4b90-8393-8aea495c4582-AppendLogResponseHandler: received a reply a3230122-e9f1-469c-a445-fc983e5286bd<-b5ee9bf6-c323-4b90-8393-8aea495c4582#7:OK,SUCCESS,nextIndex:3,term:2,followerCommit:2, request=AppendEntriesRequest:cid=7,entriesCount=0,lastEntry=null
2020-07-02 08:47:58,622 [grpc-default-executor-4] DEBUG server.GrpcLogAppender (GrpcLogAppender.java:onNext(257)) - b62aeb05-24ab-4842-8919-6c05a4e657f5@group-32BF70E33156->7d30d443-236e-4da8-b613-0865c2b8e378-AppendLogResponseHandler: received a reply b62aeb05-24ab-4842-8919-6c05a4e657f5<-7d30d443-236e-4da8-b613-0865c2b8e378#30:OK,SUCCESS,nextIndex:1,term:1,followerCommit:0, request=AppendEntriesRequest:cid=30,entriesCount=0,lastEntry=null
2020-07-02 08:47:58,641 [grpc-default-executor-4] DEBUG server.GrpcLogAppender (GrpcLogAppender.java:onNext(257)) - b62aeb05-24ab-4842-8919-6c05a4e657f5@group-32BF70E33156->aab70d5c-3498-440f-806b-05f26fe37e72-AppendLogResponseHandler: received a reply b62aeb05-24ab-4842-8919-6c05a4e657f5<-aab70d5c-3498-440f-806b-05f26fe37e72#30:OK,SUCCESS,nextIndex:1,term:1,followerCommit:0, request=AppendEntriesRequest:cid=30,entriesCount=0,lastEntry=null
2020-07-02 08:47:58,822 [grpc-default-executor-3] WARN  server.GrpcLogAppender (LogUtils.java:warn(122)) - 26f1b97f-198a-4bc6-840d-b3fa7ce7fcfa@group-D93938EF698D->c4f8bc01-7deb-4cd9-a6c1-654553e0e0ff-AppendLogResponseHandler: Failed appendEntries: org.apache.ratis.thirdparty.io.grpc.StatusRuntimeException: UNAVAILABLE: io exception
2020-07-02 08:47:58,822 [grpc-default-executor-3] INFO  impl.FollowerInfo (FollowerInfo.java:lambda$new$0(51)) - 26f1b97f-198a-4bc6-840d-b3fa7ce7fcfa@group-D93938EF698D->c4f8bc01-7deb-4cd9-a6c1-654553e0e0ff: nextIndex: updateUnconditionally 2 -> 1
2020-07-02 08:47:58,823 [grpc-default-executor-2] DEBUG server.GrpcLogAppender (GrpcLogAppender.java:onNext(257)) - 26f1b97f-198a-4bc6-840d-b3fa7ce7fcfa@group-D93938EF698D->f7ed0b0c-c89c-471c-8c37-09edce727015-AppendLogResponseHandler: received a reply 26f1b97f-198a-4bc6-840d-b3fa7ce7fcfa<-f7ed0b0c-c89c-471c-8c37-09edce727015#34:OK,SUCCESS,nextIndex:7,term:3,followerCommit:6, request=AppendEntriesRequest:cid=34,entriesCount=0,lastEntry=null
2020-07-02 08:47:59,049 [grpc-default-executor-3] WARN  server.GrpcLogAppender (LogUtils.java:warn(122)) - a3230122-e9f1-469c-a445-fc983e5286bd@group-8E625A2998A3->d4095b94-faf8-4714-9e04-9d2538430758-AppendLogResponseHandler: Failed appendEntries: org.apache.ratis.thirdparty.io.grpc.StatusRuntimeException: UNAVAILABLE: io exception
2020-07-02 08:47:59,049 [grpc-default-executor-3] INFO  impl.FollowerInfo (FollowerInfo.java:lambda$new$0(51)) - a3230122-e9f1-469c-a445-fc983e5286bd@group-8E625A2998A3->d4095b94-faf8-4714-9e04-9d2538430758: nextIndex: updateUnconditionally 1 -> 0
2020-07-02 08:47:59,051 [grpc-default-executor-3] DEBUG server.GrpcLogAppender (GrpcLogAppender.java:onNext(257)) - a3230122-e9f1-469c-a445-fc983e5286bd@group-8E625A2998A3->b5ee9bf6-c323-4b90-8393-8aea495c4582-AppendLogResponseHandler: received a reply a3230122-e9f1-469c-a445-fc983e5286bd<-b5ee9bf6-c323-4b90-8393-8aea495c4582#8:OK,SUCCESS,nextIndex:3,term:2,followerCommit:2, request=AppendEntriesRequest:cid=8,entriesCount=0,lastEntry=null
2020-07-02 08:47:59,123 [grpc-default-executor-3] DEBUG server.GrpcLogAppender (GrpcLogAppender.java:onNext(257)) - b62aeb05-24ab-4842-8919-6c05a4e657f5@group-32BF70E33156->7d30d443-236e-4da8-b613-0865c2b8e378-AppendLogResponseHandler: received a reply b62aeb05-24ab-4842-8919-6c05a4e657f5<-7d30d443-236e-4da8-b613-0865c2b8e378#31:OK,SUCCESS,nextIndex:1,term:1,followerCommit:0, request=AppendEntriesRequest:cid=31,entriesCount=0,lastEntry=null
2020-07-02 08:47:59,142 [grpc-default-executor-3] DEBUG server.GrpcLogAppender (GrpcLogAppender.java:onNext(257)) - b62aeb05-24ab-4842-8919-6c05a4e657f5@group-32BF70E33156->aab70d5c-3498-440f-806b-05f26fe37e72-AppendLogResponseHandler: received a reply b62aeb05-24ab-4842-8919-6c05a4e657f5<-aab70d5c-3498-440f-806b-05f26fe37e72#31:OK,SUCCESS,nextIndex:1,term:1,followerCommit:0, request=AppendEntriesRequest:cid=31,entriesCount=0,lastEntry=null
2020-07-02 08:47:59,324 [grpc-default-executor-4] WARN  server.GrpcLogAppender (LogUtils.java:warn(122)) - 26f1b97f-198a-4bc6-840d-b3fa7ce7fcfa@group-D93938EF698D->c4f8bc01-7deb-4cd9-a6c1-654553e0e0ff-AppendLogResponseHandler: Failed appendEntries: org.apache.ratis.thirdparty.io.grpc.StatusRuntimeException: UNAVAILABLE: io exception
2020-07-02 08:47:59,325 [grpc-default-executor-4] INFO  impl.FollowerInfo (FollowerInfo.java:lambda$new$0(51)) - 26f1b97f-198a-4bc6-840d-b3fa7ce7fcfa@group-D93938EF698D->c4f8bc01-7deb-4cd9-a6c1-654553e0e0ff: nextIndex: updateUnconditionally 2 -> 1
2020-07-02 08:47:59,325 [grpc-default-executor-3] DEBUG server.GrpcLogAppender (GrpcLogAppender.java:onNext(257)) - 26f1b97f-198a-4bc6-840d-b3fa7ce7fcfa@group-D93938EF698D->f7ed0b0c-c89c-471c-8c37-09edce727015-AppendLogResponseHandler: received a reply 26f1b97f-198a-4bc6-840d-b3fa7ce7fcfa<-f7ed0b0c-c89c-471c-8c37-09edce727015#35:OK,SUCCESS,nextIndex:7,term:3,followerCommit:6, request=AppendEntriesRequest:cid=35,entriesCount=0,lastEntry=null
2020-07-02 08:47:59,366 [ForkJoinPool.commonPool-worker-0] INFO  ozoneimpl.OzoneContainer (OzoneContainer.java:stop(246)) - Attempting to stop container services.
2020-07-02 08:47:59,366 [ForkJoinPool.commonPool-worker-0] INFO  impl.RaftServerProxy (RaftServerProxy.java:lambda$close$4(319)) - b5ee9bf6-c323-4b90-8393-8aea495c4582: close
2020-07-02 08:47:59,366 [ForkJoinPool.commonPool-worker-0] INFO  impl.RaftServerImpl (RaftServerImpl.java:lambda$shutdown$3(252)) - b5ee9bf6-c323-4b90-8393-8aea495c4582@group-E5FED5A09344: shutdown
2020-07-02 08:47:59,366 [ForkJoinPool.commonPool-worker-0] INFO  util.JmxRegister (JmxRegister.java:unregister(73)) - Successfully un-registered JMX Bean with object name Ratis:service=RaftServer,group=group-E5FED5A09344,id=b5ee9bf6-c323-4b90-8393-8aea495c4582
2020-07-02 08:47:59,367 [ForkJoinPool.commonPool-worker-0] INFO  impl.RoleInfo (RoleInfo.java:shutdownLeaderState(104)) - b5ee9bf6-c323-4b90-8393-8aea495c4582: shutdown LeaderState
2020-07-02 08:47:59,367 [ForkJoinPool.commonPool-worker-0] INFO  impl.PendingRequests (PendingRequests.java:sendNotLeaderResponses(249)) - b5ee9bf6-c323-4b90-8393-8aea495c4582@group-E5FED5A09344-PendingRequests: sendNotLeaderResponses
2020-07-02 08:47:59,367 [ForkJoinPool.commonPool-worker-0] INFO  metrics.RatisMetrics (RatisMetrics.java:unregister(43)) - Unregistering Metrics Registry : ratis.log_appender.b5ee9bf6-c323-4b90-8393-8aea495c4582@group-E5FED5A09344
2020-07-02 08:47:59,367 [ForkJoinPool.commonPool-worker-0] INFO  metrics.RatisMetrics (RatisMetrics.java:unregister(43)) - Unregistering Metrics Registry : ratis.server.b5ee9bf6-c323-4b90-8393-8aea495c4582@group-E5FED5A09344
2020-07-02 08:47:59,368 [ForkJoinPool.commonPool-worker-0] INFO  impl.StateMachineUpdater (StateMachineUpdater.java:stopAndJoin(142)) - b5ee9bf6-c323-4b90-8393-8aea495c4582@group-E5FED5A09344-StateMachineUpdater: set stopIndex = 0
2020-07-02 08:47:59,368 [b5ee9bf6-c323-4b90-8393-8aea495c4582@group-E5FED5A09344-StateMachineUpdater] INFO  ratis.ContainerStateMachine (ContainerStateMachine.java:takeSnapshot(293)) - group-E5FED5A09344: Taking a snapshot at:(t:1, i:0) file /github/workspace/mnt/ozone/hadoop-ozone/integration-test/target/test-dir/MiniOzoneClusterImpl-2ea21c0c-9bca-4642-a989-259fb4fcb281/datanode-3/data/ratis/7680d878-d8bc-4439-b0d6-e5fed5a09344/sm/snapshot.1_0
2020-07-02 08:47:59,368 [Listener at 127.0.0.1/44281] INFO  ozoneimpl.OzoneContainer (OzoneContainer.java:stop(246)) - Attempting to stop container services.
2020-07-02 08:47:59,369 [b5ee9bf6-c323-4b90-8393-8aea495c4582@group-E5FED5A09344-StateMachineUpdater] INFO  ratis.ContainerStateMachine (ContainerStateMachine.java:takeSnapshot(304)) - group-E5FED5A09344: Finished taking a snapshot at:(t:1, i:0) file:/github/workspace/mnt/ozone/hadoop-ozone/integration-test/target/test-dir/MiniOzoneClusterImpl-2ea21c0c-9bca-4642-a989-259fb4fcb281/datanode-3/data/ratis/7680d878-d8bc-4439-b0d6-e5fed5a09344/sm/snapshot.1_0 time:0
2020-07-02 08:47:59,369 [b5ee9bf6-c323-4b90-8393-8aea495c4582@group-E5FED5A09344-StateMachineUpdater] INFO  impl.StateMachineUpdater (StateMachineUpdater.java:takeSnapshot(277)) - b5ee9bf6-c323-4b90-8393-8aea495c4582@group-E5FED5A09344-StateMachineUpdater: Took a snapshot at index 0
2020-07-02 08:47:59,369 [b5ee9bf6-c323-4b90-8393-8aea495c4582@group-E5FED5A09344-StateMachineUpdater] INFO  impl.StateMachineUpdater (StateMachineUpdater.java:lambda$new$0(87)) - b5ee9bf6-c323-4b90-8393-8aea495c4582@group-E5FED5A09344-StateMachineUpdater: snapshotIndex: updateIncreasingly -1 -> 0
2020-07-02 08:47:59,369 [b5ee9bf6-c323-4b90-8393-8aea495c4582@group-E5FED5A09344-StateMachineUpdater] INFO  metrics.RatisMetrics (RatisMetrics.java:unregister(43)) - Unregistering Metrics Registry : ratis.state_machine.b5ee9bf6-c323-4b90-8393-8aea495c4582@group-E5FED5A09344
2020-07-02 08:47:59,369 [ForkJoinPool.commonPool-worker-0] INFO  impl.RaftServerImpl (ServerState.java:close(387)) - b5ee9bf6-c323-4b90-8393-8aea495c4582@group-E5FED5A09344: closes. applyIndex: 0
2020-07-02 08:47:59,369 [Listener at 127.0.0.1/44281] INFO  impl.RaftServerProxy (RaftServerProxy.java:lambda$close$4(319)) - b62aeb05-24ab-4842-8919-6c05a4e657f5: close
2020-07-02 08:47:59,370 [Listener at 127.0.0.1/44281] INFO  impl.RaftServerImpl (RaftServerImpl.java:lambda$shutdown$3(252)) - b62aeb05-24ab-4842-8919-6c05a4e657f5@group-D8B848013692: shutdown
2020-07-02 08:47:59,370 [Listener at 127.0.0.1/44281] INFO  util.JmxRegister (JmxRegister.java:unregister(73)) - Successfully un-registered JMX Bean with object name Ratis:service=RaftServer,group=group-D8B848013692,id=b62aeb05-24ab-4842-8919-6c05a4e657f5
2020-07-02 08:47:59,370 [Listener at 127.0.0.1/44281] INFO  impl.RoleInfo (RoleInfo.java:shutdownLeaderState(104)) - b62aeb05-24ab-4842-8919-6c05a4e657f5: shutdown LeaderState
2020-07-02 08:47:59,370 [Listener at 127.0.0.1/44281] INFO  impl.PendingRequests (PendingRequests.java:sendNotLeaderResponses(249)) - b62aeb05-24ab-4842-8919-6c05a4e657f5@group-D8B848013692-PendingRequests: sendNotLeaderResponses
2020-07-02 08:47:59,370 [Listener at 127.0.0.1/44281] INFO  metrics.RatisMetrics (RatisMetrics.java:unregister(43)) - Unregistering Metrics Registry : ratis.log_appender.b62aeb05-24ab-4842-8919-6c05a4e657f5@group-D8B848013692
2020-07-02 08:47:59,370 [Listener at 127.0.0.1/44281] INFO  metrics.RatisMetrics (RatisMetrics.java:unregister(43)) - Unregistering Metrics Registry : ratis.server.b62aeb05-24ab-4842-8919-6c05a4e657f5@group-D8B848013692
2020-07-02 08:47:59,371 [Listener at 127.0.0.1/44281] INFO  impl.StateMachineUpdater (StateMachineUpdater.java:stopAndJoin(142)) - b62aeb05-24ab-4842-8919-6c05a4e657f5@group-D8B848013692-StateMachineUpdater: set stopIndex = 0
2020-07-02 08:47:59,371 [b5ee9bf6-c323-4b90-8393-8aea495c4582@group-E5FED5A09344-SegmentedRaftLogWorker] INFO  segmented.SegmentedRaftLogWorker (SegmentedRaftLogWorker.java:run(327)) - b5ee9bf6-c323-4b90-8393-8aea495c4582@group-E5FED5A09344-SegmentedRaftLogWorker was interrupted, exiting. There are 0 tasks remaining in the queue.
2020-07-02 08:47:59,371 [b62aeb05-24ab-4842-8919-6c05a4e657f5@group-D8B848013692-StateMachineUpdater] INFO  ratis.ContainerStateMachine (ContainerStateMachine.java:takeSnapshot(293)) - group-D8B848013692: Taking a snapshot at:(t:1, i:0) file /github/workspace/mnt/ozone/hadoop-ozone/integration-test/target/test-dir/MiniOzoneClusterImpl-2ea21c0c-9bca-4642-a989-259fb4fcb281/datanode-6/data/ratis/9f003a07-3fdd-464d-be0e-d8b848013692/sm/snapshot.1_0
2020-07-02 08:47:59,372 [ForkJoinPool.commonPool-worker-0] INFO  segmented.SegmentedRaftLogWorker (SegmentedRaftLogWorker.java:close(234)) - b5ee9bf6-c323-4b90-8393-8aea495c4582@group-E5FED5A09344-SegmentedRaftLogWorker close()
2020-07-02 08:47:59,373 [ForkJoinPool.commonPool-worker-0] INFO  metrics.RatisMetrics (RatisMetrics.java:unregister(43)) - Unregistering Metrics Registry : ratis.log_worker.b5ee9bf6-c323-4b90-8393-8aea495c4582@group-E5FED5A09344
2020-07-02 08:47:59,373 [ForkJoinPool.commonPool-worker-0] INFO  metrics.RatisMetrics (RatisMetrics.java:unregister(43)) - Unregistering Metrics Registry : ratis.leader_election.b5ee9bf6-c323-4b90-8393-8aea495c4582@group-E5FED5A09344
2020-07-02 08:47:59,373 [ForkJoinPool.commonPool-worker-0] INFO  metrics.RatisMetrics (RatisMetrics.java:unregister(43)) - Unregistering Metrics Registry : ratis.server.b5ee9bf6-c323-4b90-8393-8aea495c4582@group-E5FED5A09344
2020-07-02 08:47:59,373 [ForkJoinPool.commonPool-worker-0] INFO  impl.RaftServerImpl (RaftServerImpl.java:lambda$shutdown$3(252)) - b5ee9bf6-c323-4b90-8393-8aea495c4582@group-8E625A2998A3: shutdown
2020-07-02 08:47:59,373 [ForkJoinPool.commonPool-worker-0] INFO  util.JmxRegister (JmxRegister.java:unregister(73)) - Successfully un-registered JMX Bean with object name Ratis:service=RaftServer,group=group-8E625A2998A3,id=b5ee9bf6-c323-4b90-8393-8aea495c4582
2020-07-02 08:47:59,373 [ForkJoinPool.commonPool-worker-0] INFO  impl.RoleInfo (RoleInfo.java:shutdownFollowerState(121)) - b5ee9bf6-c323-4b90-8393-8aea495c4582: shutdown FollowerState
2020-07-02 08:47:59,373 [b62aeb05-24ab-4842-8919-6c05a4e657f5@group-D8B848013692-StateMachineUpdater] INFO  ratis.ContainerStateMachine (ContainerStateMachine.java:takeSnapshot(304)) - group-D8B848013692: Finished taking a snapshot at:(t:1, i:0) file:/github/workspace/mnt/ozone/hadoop-ozone/integration-test/target/test-dir/MiniOzoneClusterImpl-2ea21c0c-9bca-4642-a989-259fb4fcb281/datanode-6/data/ratis/9f003a07-3fdd-464d-be0e-d8b848013692/sm/snapshot.1_0 time:1
2020-07-02 08:47:59,373 [Thread-1502] INFO  impl.FollowerState (FollowerState.java:run(117)) - b5ee9bf6-c323-4b90-8393-8aea495c4582@group-8E625A2998A3-FollowerState was interrupted: java.lang.InterruptedException: sleep interrupted
2020-07-02 08:47:59,374 [b62aeb05-24ab-4842-8919-6c05a4e657f5@group-D8B848013692-StateMachineUpdater] INFO  impl.StateMachineUpdater (StateMachineUpdater.java:takeSnapshot(277)) - b62aeb05-24ab-4842-8919-6c05a4e657f5@group-D8B848013692-StateMachineUpdater: Took a snapshot at index 0
2020-07-02 08:47:59,374 [b62aeb05-24ab-4842-8919-6c05a4e657f5@group-D8B848013692-StateMachineUpdater] INFO  impl.StateMachineUpdater (StateMachineUpdater.java:lambda$new$0(87)) - b62aeb05-24ab-4842-8919-6c05a4e657f5@group-D8B848013692-StateMachineUpdater: snapshotIndex: updateIncreasingly -1 -> 0
2020-07-02 08:47:59,374 [b5ee9bf6-c323-4b90-8393-8aea495c4582@group-8E625A2998A3-StateMachineUpdater] INFO  ratis.ContainerStateMachine (ContainerStateMachine.java:takeSnapshot(293)) - group-8E625A2998A3: Taking a snapshot at:(t:2, i:2) file /github/workspace/mnt/ozone/hadoop-ozone/integration-test/target/test-dir/MiniOzoneClusterImpl-2ea21c0c-9bca-4642-a989-259fb4fcb281/datanode-3/data/ratis/e550a23b-173f-4fb1-89ef-8e625a2998a3/sm/snapshot.2_2
2020-07-02 08:47:59,374 [b62aeb05-24ab-4842-8919-6c05a4e657f5@group-D8B848013692-StateMachineUpdater] INFO  metrics.RatisMetrics (RatisMetrics.java:unregister(43)) - Unregistering Metrics Registry : ratis.state_machine.b62aeb05-24ab-4842-8919-6c05a4e657f5@group-D8B848013692
2020-07-02 08:47:59,374 [ForkJoinPool.commonPool-worker-0] INFO  impl.StateMachineUpdater (StateMachineUpdater.java:stopAndJoin(142)) - b5ee9bf6-c323-4b90-8393-8aea495c4582@group-8E625A2998A3-StateMachineUpdater: set stopIndex = 2
2020-07-02 08:47:59,375 [Listener at 127.0.0.1/44281] INFO  impl.RaftServerImpl (ServerState.java:close(387)) - b62aeb05-24ab-4842-8919-6c05a4e657f5@group-D8B848013692: closes. applyIndex: 0
2020-07-02 08:47:59,375 [b62aeb05-24ab-4842-8919-6c05a4e657f5@group-D8B848013692-SegmentedRaftLogWorker] INFO  segmented.SegmentedRaftLogWorker (SegmentedRaftLogWorker.java:run(327)) - b62aeb05-24ab-4842-8919-6c05a4e657f5@group-D8B848013692-SegmentedRaftLogWorker was interrupted, exiting. There are 0 tasks remaining in the queue.
2020-07-02 08:47:59,375 [b5ee9bf6-c323-4b90-8393-8aea495c4582@group-8E625A2998A3-StateMachineUpdater] INFO  ratis.ContainerStateMachine (ContainerStateMachine.java:takeSnapshot(304)) - group-8E625A2998A3: Finished taking a snapshot at:(t:2, i:2) file:/github/workspace/mnt/ozone/hadoop-ozone/integration-test/target/test-dir/MiniOzoneClusterImpl-2ea21c0c-9bca-4642-a989-259fb4fcb281/datanode-3/data/ratis/e550a23b-173f-4fb1-89ef-8e625a2998a3/sm/snapshot.2_2 time:1
2020-07-02 08:47:59,375 [Listener at 127.0.0.1/44281] INFO  segmented.SegmentedRaftLogWorker (SegmentedRaftLogWorker.java:close(234)) - b62aeb05-24ab-4842-8919-6c05a4e657f5@group-D8B848013692-SegmentedRaftLogWorker close()
2020-07-02 08:47:59,376 [b5ee9bf6-c323-4b90-8393-8aea495c4582@group-8E625A2998A3-StateMachineUpdater] INFO  impl.StateMachineUpdater (StateMachineUpdater.java:takeSnapshot(277)) - b5ee9bf6-c323-4b90-8393-8aea495c4582@group-8E625A2998A3-StateMachineUpdater: Took a snapshot at index 2
2020-07-02 08:47:59,376 [b5ee9bf6-c323-4b90-8393-8aea495c4582@group-8E625A2998A3-StateMachineUpdater] INFO  impl.StateMachineUpdater (StateMachineUpdater.java:lambda$new$0(87)) - b5ee9bf6-c323-4b90-8393-8aea495c4582@group-8E625A2998A3-StateMachineUpdater: snapshotIndex: updateIncreasingly -1 -> 2
2020-07-02 08:47:59,376 [b5ee9bf6-c323-4b90-8393-8aea495c4582@group-8E625A2998A3-StateMachineUpdater] INFO  metrics.RatisMetrics (RatisMetrics.java:unregister(43)) - Unregistering Metrics Registry : ratis.state_machine.b5ee9bf6-c323-4b90-8393-8aea495c4582@group-8E625A2998A3
2020-07-02 08:47:59,376 [ForkJoinPool.commonPool-worker-0] INFO  impl.RaftServerImpl (ServerState.java:close(387)) - b5ee9bf6-c323-4b90-8393-8aea495c4582@group-8E625A2998A3: closes. applyIndex: 2
2020-07-02 08:47:59,377 [Listener at 127.0.0.1/44281] INFO  metrics.RatisMetrics (RatisMetrics.java:unregister(43)) - Unregistering Metrics Registry : ratis.log_worker.b62aeb05-24ab-4842-8919-6c05a4e657f5@group-D8B848013692
2020-07-02 08:47:59,377 [Listener at 127.0.0.1/44281] INFO  metrics.RatisMetrics (RatisMetrics.java:unregister(43)) - Unregistering Metrics Registry : ratis.leader_election.b62aeb05-24ab-4842-8919-6c05a4e657f5@group-D8B848013692
2020-07-02 08:47:59,377 [Listener at 127.0.0.1/44281] INFO  metrics.RatisMetrics (RatisMetrics.java:unregister(43)) - Unregistering Metrics Registry : ratis.server.b62aeb05-24ab-4842-8919-6c05a4e657f5@group-D8B848013692
2020-07-02 08:47:59,378 [Listener at 127.0.0.1/44281] INFO  impl.RaftServerImpl (RaftServerImpl.java:lambda$shutdown$3(252)) - b62aeb05-24ab-4842-8919-6c05a4e657f5@group-32BF70E33156: shutdown
2020-07-02 08:47:59,378 [Listener at 127.0.0.1/44281] INFO  util.JmxRegister (JmxRegister.java:unregister(73)) - Successfully un-registered JMX Bean with object name Ratis:service=RaftServer,group=group-32BF70E33156,id=b62aeb05-24ab-4842-8919-6c05a4e657f5
2020-07-02 08:47:59,378 [Listener at 127.0.0.1/44281] INFO  impl.RoleInfo (RoleInfo.java:shutdownLeaderState(104)) - b62aeb05-24ab-4842-8919-6c05a4e657f5: shutdown LeaderState
2020-07-02 08:47:59,378 [Listener at 127.0.0.1/44281] INFO  metrics.RatisMetrics (RatisMetrics.java:unregister(43)) - Unregistering Metrics Registry : ratis_grpc.log_appender.b62aeb05-24ab-4842-8919-6c05a4e657f5@group-32BF70E33156
2020-07-02 08:47:59,378 [b5ee9bf6-c323-4b90-8393-8aea495c4582@group-8E625A2998A3-SegmentedRaftLogWorker] INFO  segmented.SegmentedRaftLogWorker (SegmentedRaftLogWorker.java:run(327)) - b5ee9bf6-c323-4b90-8393-8aea495c4582@group-8E625A2998A3-SegmentedRaftLogWorker was interrupted, exiting. There are 0 tasks remaining in the queue.
2020-07-02 08:47:59,379 [Listener at 127.0.0.1/44281] INFO  metrics.RatisMetrics (RatisMetrics.java:unregister(43)) - Unregistering Metrics Registry : ratis_grpc.log_appender.b62aeb05-24ab-4842-8919-6c05a4e657f5@group-32BF70E33156
2020-07-02 08:47:59,379 [org.apache.ratis.server.impl.LogAppender$AppenderDaemon$$Lambda$457/1674559201@7739fd4] WARN  server.GrpcLogAppender (GrpcLogAppender.java:mayWait(153)) - b62aeb05-24ab-4842-8919-6c05a4e657f5@group-32BF70E33156->7d30d443-236e-4da8-b613-0865c2b8e378-GrpcLogAppender: Wait interrupted by java.lang.InterruptedException
2020-07-02 08:47:59,380 [org.apache.ratis.server.impl.LogAppender$AppenderDaemon$$Lambda$457/1674559201@4ce5f99] WARN  server.GrpcLogAppender (GrpcLogAppender.java:mayWait(153)) - b62aeb05-24ab-4842-8919-6c05a4e657f5@group-32BF70E33156->aab70d5c-3498-440f-806b-05f26fe37e72-GrpcLogAppender: Wait interrupted by java.lang.InterruptedException
2020-07-02 08:47:59,380 [ForkJoinPool.commonPool-worker-0] INFO  segmented.SegmentedRaftLogWorker (SegmentedRaftLogWorker.java:close(234)) - b5ee9bf6-c323-4b90-8393-8aea495c4582@group-8E625A2998A3-SegmentedRaftLogWorker close()
2020-07-02 08:47:59,380 [grpc-default-executor-2] INFO  server.GrpcServerProtocolService (GrpcServerProtocolService.java:onCompleted(138)) - 7d30d443-236e-4da8-b613-0865c2b8e378: Completed APPEND_ENTRIES, lastRequest: b62aeb05-24ab-4842-8919-6c05a4e657f5->7d30d443-236e-4da8-b613-0865c2b8e378#1-t1, previous=(t:0, i:0), leaderCommit=-1, initializing? false, entries: size=1, first=(t:1, i:0), CONFIGURATIONENTRY
2020-07-02 08:47:59,380 [Listener at 127.0.0.1/44281] INFO  impl.PendingRequests (PendingRequests.java:sendNotLeaderResponses(249)) - b62aeb05-24ab-4842-8919-6c05a4e657f5@group-32BF70E33156-PendingRequests: sendNotLeaderResponses
2020-07-02 08:47:59,381 [Listener at 127.0.0.1/44281] INFO  metrics.RatisMetrics (RatisMetrics.java:unregister(43)) - Unregistering Metrics Registry : ratis.log_appender.b62aeb05-24ab-4842-8919-6c05a4e657f5@group-32BF70E33156
2020-07-02 08:47:59,381 [Listener at 127.0.0.1/44281] INFO  metrics.RatisMetrics (RatisMetrics.java:unregister(43)) - Unregistering Metrics Registry : ratis.server.b62aeb05-24ab-4842-8919-6c05a4e657f5@group-32BF70E33156
2020-07-02 08:47:59,382 [ForkJoinPool.commonPool-worker-0] INFO  metrics.RatisMetrics (RatisMetrics.java:unregister(43)) - Unregistering Metrics Registry : ratis.log_worker.b5ee9bf6-c323-4b90-8393-8aea495c4582@group-8E625A2998A3
2020-07-02 08:47:59,382 [ForkJoinPool.commonPool-worker-0] INFO  metrics.RatisMetrics (RatisMetrics.java:unregister(43)) - Unregistering Metrics Registry : ratis.leader_election.b5ee9bf6-c323-4b90-8393-8aea495c4582@group-8E625A2998A3
2020-07-02 08:47:59,382 [ForkJoinPool.commonPool-worker-0] INFO  metrics.RatisMetrics (RatisMetrics.java:unregister(43)) - Unregistering Metrics Registry : ratis.server.b5ee9bf6-c323-4b90-8393-8aea495c4582@group-8E625A2998A3
2020-07-02 08:47:59,382 [ForkJoinPool.commonPool-worker-0] INFO  server.GrpcService (GrpcService.java:closeImpl(166)) - b5ee9bf6-c323-4b90-8393-8aea495c4582: shutdown server with port 35087 now
2020-07-02 08:47:59,382 [grpc-default-executor-3] INFO  server.GrpcServerProtocolService (GrpcServerProtocolService.java:onCompleted(138)) - aab70d5c-3498-440f-806b-05f26fe37e72: Completed APPEND_ENTRIES, lastRequest: b62aeb05-24ab-4842-8919-6c05a4e657f5->aab70d5c-3498-440f-806b-05f26fe37e72#1-t1, previous=(t:0, i:0), leaderCommit=0, initializing? false, entries: size=1, first=(t:1, i:0), CONFIGURATIONENTRY
2020-07-02 08:47:59,381 [grpc-default-executor-4] INFO  server.GrpcLogAppender (GrpcLogAppender.java:onCompleted(319)) - b62aeb05-24ab-4842-8919-6c05a4e657f5@group-32BF70E33156->7d30d443-236e-4da8-b613-0865c2b8e378-AppendLogResponseHandler: follower responses appendEntries COMPLETED
2020-07-02 08:47:59,382 [b62aeb05-24ab-4842-8919-6c05a4e657f5@group-32BF70E33156-StateMachineUpdater] INFO  ratis.ContainerStateMachine (ContainerStateMachine.java:takeSnapshot(293)) - group-32BF70E33156: Taking a snapshot at:(t:1, i:0) file /github/workspace/mnt/ozone/hadoop-ozone/integration-test/target/test-dir/MiniOzoneClusterImpl-2ea21c0c-9bca-4642-a989-259fb4fcb281/datanode-6/data/ratis/4a1b0e43-e9cb-4761-8073-32bf70e33156/sm/snapshot.1_0
2020-07-02 08:47:59,383 [Listener at 127.0.0.1/44281] INFO  impl.StateMachineUpdater (StateMachineUpdater.java:stopAndJoin(142)) - b62aeb05-24ab-4842-8919-6c05a4e657f5@group-32BF70E33156-StateMachineUpdater: set stopIndex = 0
2020-07-02 08:47:59,383 [grpc-default-executor-4] INFO  impl.FollowerInfo (FollowerInfo.java:lambda$new$0(51)) - b62aeb05-24ab-4842-8919-6c05a4e657f5@group-32BF70E33156->7d30d443-236e-4da8-b613-0865c2b8e378: nextIndex: updateUnconditionally 1 -> 0
2020-07-02 08:47:59,383 [b62aeb05-24ab-4842-8919-6c05a4e657f5@group-32BF70E33156-StateMachineUpdater] INFO  ratis.ContainerStateMachine (ContainerStateMachine.java:takeSnapshot(304)) - group-32BF70E33156: Finished taking a snapshot at:(t:1, i:0) file:/github/workspace/mnt/ozone/hadoop-ozone/integration-test/target/test-dir/MiniOzoneClusterImpl-2ea21c0c-9bca-4642-a989-259fb4fcb281/datanode-6/data/ratis/4a1b0e43-e9cb-4761-8073-32bf70e33156/sm/snapshot.1_0 time:1
2020-07-02 08:47:59,384 [b62aeb05-24ab-4842-8919-6c05a4e657f5@group-32BF70E33156-StateMachineUpdater] INFO  impl.StateMachineUpdater (StateMachineUpdater.java:takeSnapshot(277)) - b62aeb05-24ab-4842-8919-6c05a4e657f5@group-32BF70E33156-StateMachineUpdater: Took a snapshot at index 0
2020-07-02 08:47:59,384 [b62aeb05-24ab-4842-8919-6c05a4e657f5@group-32BF70E33156-StateMachineUpdater] INFO  impl.StateMachineUpdater (StateMachineUpdater.java:lambda$new$0(87)) - b62aeb05-24ab-4842-8919-6c05a4e657f5@group-32BF70E33156-StateMachineUpdater: snapshotIndex: updateIncreasingly -1 -> 0
2020-07-02 08:47:59,384 [b62aeb05-24ab-4842-8919-6c05a4e657f5@group-32BF70E33156-StateMachineUpdater] INFO  metrics.RatisMetrics (RatisMetrics.java:unregister(43)) - Unregistering Metrics Registry : ratis.state_machine.b62aeb05-24ab-4842-8919-6c05a4e657f5@group-32BF70E33156
2020-07-02 08:47:59,384 [Listener at 127.0.0.1/44281] INFO  impl.RaftServerImpl (ServerState.java:close(387)) - b62aeb05-24ab-4842-8919-6c05a4e657f5@group-32BF70E33156: closes. applyIndex: 0
2020-07-02 08:47:59,384 [grpc-default-executor-4] INFO  server.GrpcLogAppender (GrpcLogAppender.java:onCompleted(319)) - b62aeb05-24ab-4842-8919-6c05a4e657f5@group-32BF70E33156->aab70d5c-3498-440f-806b-05f26fe37e72-AppendLogResponseHandler: follower responses appendEntries COMPLETED
2020-07-02 08:47:59,385 [b62aeb05-24ab-4842-8919-6c05a4e657f5@group-32BF70E33156-SegmentedRaftLogWorker] INFO  segmented.SegmentedRaftLogWorker (SegmentedRaftLogWorker.java:run(327)) - b62aeb05-24ab-4842-8919-6c05a4e657f5@group-32BF70E33156-SegmentedRaftLogWorker was interrupted, exiting. There are 0 tasks remaining in the queue.
2020-07-02 08:47:59,385 [grpc-default-executor-4] INFO  impl.FollowerInfo (FollowerInfo.java:lambda$new$0(51)) - b62aeb05-24ab-4842-8919-6c05a4e657f5@group-32BF70E33156->aab70d5c-3498-440f-806b-05f26fe37e72: nextIndex: updateUnconditionally 1 -> 0
2020-07-02 08:47:59,385 [grpc-default-executor-5] WARN  server.GrpcLogAppender (LogUtils.java:warn(122)) - a3230122-e9f1-469c-a445-fc983e5286bd@group-8E625A2998A3->b5ee9bf6-c323-4b90-8393-8aea495c4582-AppendLogResponseHandler: Failed appendEntries: org.apache.ratis.thirdparty.io.grpc.StatusRuntimeException: CANCELLED: HTTP/2 error code: CANCEL
Received Rst Stream
2020-07-02 08:47:59,385 [grpc-default-executor-2] WARN  server.GrpcServerProtocolService (LogUtils.java:warn(122)) - b5ee9bf6-c323-4b90-8393-8aea495c4582: installSnapshot onError, lastRequest: a3230122-e9f1-469c-a445-fc983e5286bd->b5ee9bf6-c323-4b90-8393-8aea495c4582#2-t2, previous=(t:2, i:1), leaderCommit=1, initializing? false, entries: size=1, first=(t:2, i:2), METADATAENTRY(c:1): org.apache.ratis.thirdparty.io.grpc.StatusRuntimeException: CANCELLED: cancelled before receiving half close
2020-07-02 08:47:59,385 [grpc-default-executor-5] INFO  impl.FollowerInfo (FollowerInfo.java:lambda$new$0(51)) - a3230122-e9f1-469c-a445-fc983e5286bd@group-8E625A2998A3->b5ee9bf6-c323-4b90-8393-8aea495c4582: nextIndex: updateUnconditionally 3 -> 2
2020-07-02 08:47:59,385 [ForkJoinPool.commonPool-worker-0] INFO  server.GrpcService (GrpcService.java:closeImpl(174)) - b5ee9bf6-c323-4b90-8393-8aea495c4582: shutdown server with port 35087 successfully
2020-07-02 08:47:59,387 [Listener at 127.0.0.1/44281] INFO  segmented.SegmentedRaftLogWorker (SegmentedRaftLogWorker.java:close(234)) - b62aeb05-24ab-4842-8919-6c05a4e657f5@group-32BF70E33156-SegmentedRaftLogWorker close()
2020-07-02 08:47:59,387 [ForkJoinPool.commonPool-worker-0] INFO  utils.BackgroundService (BackgroundService.java:shutdown(157)) - Shutting down service BlockDeletingService
2020-07-02 08:47:59,388 [Listener at 127.0.0.1/44281] INFO  metrics.RatisMetrics (RatisMetrics.java:unregister(43)) - Unregistering Metrics Registry : ratis.log_worker.b62aeb05-24ab-4842-8919-6c05a4e657f5@group-32BF70E33156
2020-07-02 08:47:59,388 [Listener at 127.0.0.1/44281] INFO  metrics.RatisMetrics (RatisMetrics.java:unregister(43)) - Unregistering Metrics Registry : ratis.leader_election.b62aeb05-24ab-4842-8919-6c05a4e657f5@group-32BF70E33156
2020-07-02 08:47:59,389 [Listener at 127.0.0.1/44281] INFO  metrics.RatisMetrics (RatisMetrics.java:unregister(43)) - Unregistering Metrics Registry : ratis.server.b62aeb05-24ab-4842-8919-6c05a4e657f5@group-32BF70E33156
2020-07-02 08:47:59,389 [Listener at 127.0.0.1/44281] INFO  server.GrpcService (GrpcService.java:closeImpl(166)) - b62aeb05-24ab-4842-8919-6c05a4e657f5: shutdown server with port 40851 now
2020-07-02 08:47:59,390 [ForkJoinPool.commonPool-worker-0] INFO  statemachine.DatanodeStateMachine (DatanodeStateMachine.java:stopDaemon(428)) - Ozone container server stopped.
2020-07-02 08:47:59,392 [Listener at 127.0.0.1/44281] INFO  server.GrpcService (GrpcService.java:closeImpl(174)) - b62aeb05-24ab-4842-8919-6c05a4e657f5: shutdown server with port 40851 successfully
2020-07-02 08:47:59,393 [ForkJoinPool.commonPool-worker-0] INFO  handler.ContextHandler (ContextHandler.java:doStop(1016)) - Stopped o.e.j.w.WebAppContext@491ba827{hddsDatanode,/,null,UNAVAILABLE}{jar:file:/home/user/.m2/repository/org/apache/hadoop/hadoop-hdds-container-service/0.6.0-SNAPSHOT/hadoop-hdds-container-service-0.6.0-SNAPSHOT.jar!/webapps/hddsDatanode}
2020-07-02 08:47:59,395 [ForkJoinPool.commonPool-worker-0] INFO  server.AbstractConnector (AbstractConnector.java:doStop(380)) - Stopped ServerConnector@602e94b1{HTTP/1.1,[http/1.1]}{0.0.0.0:0}
2020-07-02 08:47:59,395 [ForkJoinPool.commonPool-worker-0] INFO  server.session (HouseKeeper.java:stopScavenging(158)) - node0 Stopped scavenging
2020-07-02 08:47:59,396 [ForkJoinPool.commonPool-worker-0] INFO  handler.ContextHandler (ContextHandler.java:doStop(1016)) - Stopped o.e.j.s.ServletContextHandler@469c47b5{static,/static,jar:file:/home/user/.m2/repository/org/apache/hadoop/hadoop-hdds-container-service/0.6.0-SNAPSHOT/hadoop-hdds-container-service-0.6.0-SNAPSHOT.jar!/webapps/static,UNAVAILABLE}
2020-07-02 08:47:59,397 [ForkJoinPool.commonPool-worker-0] INFO  handler.ContextHandler (ContextHandler.java:doStop(1016)) - Stopped o.e.j.s.ServletContextHandler@724bf80b{logs,/logs,file:///github/workspace/mnt/ozone/hadoop-ozone/integration-test/target/log,UNAVAILABLE}
2020-07-02 08:47:59,401 [Listener at 127.0.0.1/44281] INFO  utils.BackgroundService (BackgroundService.java:shutdown(157)) - Shutting down service BlockDeletingService
2020-07-02 08:47:59,403 [Listener at 127.0.0.1/44281] INFO  statemachine.DatanodeStateMachine (DatanodeStateMachine.java:stopDaemon(428)) - Ozone container server stopped.
2020-07-02 08:47:59,403 [Listener at 127.0.0.1/44281] INFO  handler.ContextHandler (ContextHandler.java:doStop(1016)) - Stopped o.e.j.w.WebAppContext@59fc093b{hddsDatanode,/,null,UNAVAILABLE}{jar:file:/home/user/.m2/repository/org/apache/hadoop/hadoop-hdds-container-service/0.6.0-SNAPSHOT/hadoop-hdds-container-service-0.6.0-SNAPSHOT.jar!/webapps/hddsDatanode}
2020-07-02 08:47:59,404 [Listener at 127.0.0.1/44281] INFO  server.AbstractConnector (AbstractConnector.java:doStop(380)) - Stopped ServerConnector@4e845682{HTTP/1.1,[http/1.1]}{0.0.0.0:0}
2020-07-02 08:47:59,404 [Listener at 127.0.0.1/44281] INFO  server.session (HouseKeeper.java:stopScavenging(158)) - node0 Stopped scavenging
2020-07-02 08:47:59,405 [Listener at 127.0.0.1/44281] INFO  handler.ContextHandler (ContextHandler.java:doStop(1016)) - Stopped o.e.j.s.ServletContextHandler@6b1cee60{static,/static,jar:file:/home/user/.m2/repository/org/apache/hadoop/hadoop-hdds-container-service/0.6.0-SNAPSHOT/hadoop-hdds-container-service-0.6.0-SNAPSHOT.jar!/webapps/static,UNAVAILABLE}
2020-07-02 08:47:59,405 [Listener at 127.0.0.1/44281] INFO  handler.ContextHandler (ContextHandler.java:doStop(1016)) - Stopped o.e.j.s.ServletContextHandler@2db966e7{logs,/logs,file:///github/workspace/mnt/ozone/hadoop-ozone/integration-test/target/log,UNAVAILABLE}
2020-07-02 08:47:59,550 [grpc-default-executor-5] WARN  server.GrpcLogAppender (LogUtils.java:warn(122)) - a3230122-e9f1-469c-a445-fc983e5286bd@group-8E625A2998A3->d4095b94-faf8-4714-9e04-9d2538430758-AppendLogResponseHandler: Failed appendEntries: org.apache.ratis.thirdparty.io.grpc.StatusRuntimeException: UNAVAILABLE: io exception
2020-07-02 08:47:59,551 [grpc-default-executor-5] INFO  impl.FollowerInfo (FollowerInfo.java:lambda$new$0(51)) - a3230122-e9f1-469c-a445-fc983e5286bd@group-8E625A2998A3->d4095b94-faf8-4714-9e04-9d2538430758: nextIndex: updateUnconditionally 1 -> 0
2020-07-02 08:47:59,553 [grpc-default-executor-3] WARN  server.GrpcLogAppender (LogUtils.java:warn(122)) - a3230122-e9f1-469c-a445-fc983e5286bd@group-8E625A2998A3->b5ee9bf6-c323-4b90-8393-8aea495c4582-AppendLogResponseHandler: Failed appendEntries: org.apache.ratis.thirdparty.io.grpc.StatusRuntimeException: UNAVAILABLE: io exception
2020-07-02 08:47:59,553 [grpc-default-executor-3] INFO  impl.FollowerInfo (FollowerInfo.java:lambda$new$0(51)) - a3230122-e9f1-469c-a445-fc983e5286bd@group-8E625A2998A3->b5ee9bf6-c323-4b90-8393-8aea495c4582: nextIndex: updateUnconditionally 3 -> 2
2020-07-02 08:47:59,826 [grpc-default-executor-5] WARN  server.GrpcLogAppender (LogUtils.java:warn(122)) - 26f1b97f-198a-4bc6-840d-b3fa7ce7fcfa@group-D93938EF698D->c4f8bc01-7deb-4cd9-a6c1-654553e0e0ff-AppendLogResponseHandler: Failed appendEntries: org.apache.ratis.thirdparty.io.grpc.StatusRuntimeException: UNAVAILABLE: io exception
2020-07-02 08:47:59,827 [grpc-default-executor-5] INFO  impl.FollowerInfo (FollowerInfo.java:lambda$new$0(51)) - 26f1b97f-198a-4bc6-840d-b3fa7ce7fcfa@group-D93938EF698D->c4f8bc01-7deb-4cd9-a6c1-654553e0e0ff: nextIndex: updateUnconditionally 2 -> 1
2020-07-02 08:47:59,827 [grpc-default-executor-3] DEBUG server.GrpcLogAppender (GrpcLogAppender.java:onNext(257)) - 26f1b97f-198a-4bc6-840d-b3fa7ce7fcfa@group-D93938EF698D->f7ed0b0c-c89c-471c-8c37-09edce727015-AppendLogResponseHandler: received a reply 26f1b97f-198a-4bc6-840d-b3fa7ce7fcfa<-f7ed0b0c-c89c-471c-8c37-09edce727015#36:OK,SUCCESS,nextIndex:7,term:3,followerCommit:6, request=AppendEntriesRequest:cid=36,entriesCount=0,lastEntry=null
2020-07-02 08:48:00,013 [Datanode State Machine Thread - 0] INFO  statemachine.DatanodeStateMachine (DatanodeStateMachine.java:lambda$startDaemon$0(380)) - Ozone container server started.
2020-07-02 08:48:00,052 [grpc-default-executor-5] WARN  server.GrpcLogAppender (LogUtils.java:warn(122)) - a3230122-e9f1-469c-a445-fc983e5286bd@group-8E625A2998A3->d4095b94-faf8-4714-9e04-9d2538430758-AppendLogResponseHandler: Failed appendEntries: org.apache.ratis.thirdparty.io.grpc.StatusRuntimeException: UNAVAILABLE: io exception
2020-07-02 08:48:00,052 [grpc-default-executor-5] INFO  impl.FollowerInfo (FollowerInfo.java:lambda$new$0(51)) - a3230122-e9f1-469c-a445-fc983e5286bd@group-8E625A2998A3->d4095b94-faf8-4714-9e04-9d2538430758: nextIndex: updateUnconditionally 1 -> 0
2020-07-02 08:48:00,055 [grpc-default-executor-3] WARN  server.GrpcLogAppender (LogUtils.java:warn(122)) - a3230122-e9f1-469c-a445-fc983e5286bd@group-8E625A2998A3->b5ee9bf6-c323-4b90-8393-8aea495c4582-AppendLogResponseHandler: Failed appendEntries: org.apache.ratis.thirdparty.io.grpc.StatusRuntimeException: UNAVAILABLE: io exception
2020-07-02 08:48:00,055 [grpc-default-executor-3] INFO  impl.FollowerInfo (FollowerInfo.java:lambda$new$0(51)) - a3230122-e9f1-469c-a445-fc983e5286bd@group-8E625A2998A3->b5ee9bf6-c323-4b90-8393-8aea495c4582: nextIndex: updateUnconditionally 3 -> 2
2020-07-02 08:48:00,182 [Datanode State Machine Thread - 0] INFO  statemachine.DatanodeStateMachine (DatanodeStateMachine.java:lambda$startDaemon$0(380)) - Ozone container server started.
2020-07-02 08:48:00,330 [grpc-default-executor-5] WARN  server.GrpcLogAppender (LogUtils.java:warn(122)) - 26f1b97f-198a-4bc6-840d-b3fa7ce7fcfa@group-D93938EF698D->c4f8bc01-7deb-4cd9-a6c1-654553e0e0ff-AppendLogResponseHandler: Failed appendEntries: org.apache.ratis.thirdparty.io.grpc.StatusRuntimeException: UNAVAILABLE: io exception
2020-07-02 08:48:00,330 [grpc-default-executor-5] INFO  impl.FollowerInfo (FollowerInfo.java:lambda$new$0(51)) - 26f1b97f-198a-4bc6-840d-b3fa7ce7fcfa@group-D93938EF698D->c4f8bc01-7deb-4cd9-a6c1-654553e0e0ff: nextIndex: updateUnconditionally 2 -> 1
2020-07-02 08:48:00,331 [grpc-default-executor-5] DEBUG server.GrpcLogAppender (GrpcLogAppender.java:onNext(257)) - 26f1b97f-198a-4bc6-840d-b3fa7ce7fcfa@group-D93938EF698D->f7ed0b0c-c89c-471c-8c37-09edce727015-AppendLogResponseHandler: received a reply 26f1b97f-198a-4bc6-840d-b3fa7ce7fcfa<-f7ed0b0c-c89c-471c-8c37-09edce727015#37:OK,SUCCESS,nextIndex:7,term:3,followerCommit:6, request=AppendEntriesRequest:cid=37,entriesCount=0,lastEntry=null
2020-07-02 08:48:00,519 [Thread-1317] INFO  impl.FollowerState (FollowerState.java:run(108)) - 7d30d443-236e-4da8-b613-0865c2b8e378@group-32BF70E33156-FollowerState: change to CANDIDATE, lastRpcTime:1396ms, electionTimeout:1186ms
2020-07-02 08:48:00,519 [Thread-1317] INFO  impl.RoleInfo (RoleInfo.java:shutdownFollowerState(121)) - 7d30d443-236e-4da8-b613-0865c2b8e378: shutdown FollowerState
2020-07-02 08:48:00,519 [Thread-1317] INFO  impl.RaftServerImpl (RaftServerImpl.java:setRole(175)) - 7d30d443-236e-4da8-b613-0865c2b8e378@group-32BF70E33156: changes role from  FOLLOWER to CANDIDATE at term 1 for changeToCandidate
2020-07-02 08:48:00,519 [Thread-1317] INFO  impl.RoleInfo (RoleInfo.java:updateAndGet(143)) - 7d30d443-236e-4da8-b613-0865c2b8e378: start LeaderElection
2020-07-02 08:48:00,520 [7d30d443-236e-4da8-b613-0865c2b8e378@group-32BF70E33156-LeaderElection37] INFO  impl.RaftServerImpl (ServerState.java:setLeader(255)) - 7d30d443-236e-4da8-b613-0865c2b8e378@group-32BF70E33156: change Leader from b62aeb05-24ab-4842-8919-6c05a4e657f5 to null at term 1 for initElection
2020-07-02 08:48:00,521 [7d30d443-236e-4da8-b613-0865c2b8e378@group-32BF70E33156-LeaderElection37] INFO  impl.LeaderElection (LeaderElection.java:askForVotes(206)) - 7d30d443-236e-4da8-b613-0865c2b8e378@group-32BF70E33156-LeaderElection37: begin an election at term 2 for 0: [7d30d443-236e-4da8-b613-0865c2b8e378:172.17.0.2:36199, b62aeb05-24ab-4842-8919-6c05a4e657f5:172.17.0.2:40851, aab70d5c-3498-440f-806b-05f26fe37e72:172.17.0.2:40789], old=null
2020-07-02 08:48:00,524 [7d30d443-236e-4da8-b613-0865c2b8e378@group-32BF70E33156-LeaderElection37] INFO  impl.LeaderElection (LogUtils.java:infoOrTrace(137)) - 7d30d443-236e-4da8-b613-0865c2b8e378@group-32BF70E33156-LeaderElection37 got exception when requesting votes: java.util.concurrent.ExecutionException: org.apache.ratis.thirdparty.io.grpc.StatusRuntimeException: UNAVAILABLE: io exception
2020-07-02 08:48:00,527 [grpc-default-executor-5] DEBUG impl.RaftServerImpl (RaftServerImpl.java:requestVote(821)) - aab70d5c-3498-440f-806b-05f26fe37e72@group-32BF70E33156: receive requestVote(7d30d443-236e-4da8-b613-0865c2b8e378, group-32BF70E33156, 2, (t:1, i:0))
2020-07-02 08:48:00,527 [grpc-default-executor-5] INFO  impl.RaftServerImpl (ServerState.java:setLeader(255)) - aab70d5c-3498-440f-806b-05f26fe37e72@group-32BF70E33156: change Leader from b62aeb05-24ab-4842-8919-6c05a4e657f5 to null at term 2 for updateCurrentTerm
2020-07-02 08:48:00,527 [grpc-default-executor-5] INFO  impl.RaftServerImpl (RaftServerImpl.java:setRole(175)) - aab70d5c-3498-440f-806b-05f26fe37e72@group-32BF70E33156: changes role from  FOLLOWER to FOLLOWER at term 2 for recognizeCandidate:7d30d443-236e-4da8-b613-0865c2b8e378
2020-07-02 08:48:00,527 [grpc-default-executor-5] INFO  impl.RoleInfo (RoleInfo.java:shutdownFollowerState(121)) - aab70d5c-3498-440f-806b-05f26fe37e72: shutdown FollowerState
2020-07-02 08:48:00,527 [grpc-default-executor-5] INFO  impl.RoleInfo (RoleInfo.java:updateAndGet(143)) - aab70d5c-3498-440f-806b-05f26fe37e72: start FollowerState
2020-07-02 08:48:00,527 [Thread-1318] INFO  impl.FollowerState (FollowerState.java:run(117)) - aab70d5c-3498-440f-806b-05f26fe37e72@group-32BF70E33156-FollowerState was interrupted: java.lang.InterruptedException: sleep interrupted
2020-07-02 08:48:00,529 [grpc-default-executor-5] DEBUG impl.RaftServerImpl (RaftServerImpl.java:requestVote(853)) - aab70d5c-3498-440f-806b-05f26fe37e72@group-32BF70E33156 replies to vote request: 7d30d443-236e-4da8-b613-0865c2b8e378<-aab70d5c-3498-440f-806b-05f26fe37e72#0:OK-t2. Peer's state: aab70d5c-3498-440f-806b-05f26fe37e72@group-32BF70E33156:t2, leader=null, voted=7d30d443-236e-4da8-b613-0865c2b8e378, raftlog=aab70d5c-3498-440f-806b-05f26fe37e72@group-32BF70E33156-SegmentedRaftLog:OPENED:c0,f0,i0, conf=0: [7d30d443-236e-4da8-b613-0865c2b8e378:172.17.0.2:36199, b62aeb05-24ab-4842-8919-6c05a4e657f5:172.17.0.2:40851, aab70d5c-3498-440f-806b-05f26fe37e72:172.17.0.2:40789], old=null
2020-07-02 08:48:00,530 [7d30d443-236e-4da8-b613-0865c2b8e378@group-32BF70E33156-LeaderElection37] INFO  impl.LeaderElection (LeaderElection.java:logAndReturn(61)) - 7d30d443-236e-4da8-b613-0865c2b8e378@group-32BF70E33156-LeaderElection37: Election PASSED; received 1 response(s) [7d30d443-236e-4da8-b613-0865c2b8e378<-aab70d5c-3498-440f-806b-05f26fe37e72#0:OK-t2] and 1 exception(s); 7d30d443-236e-4da8-b613-0865c2b8e378@group-32BF70E33156:t2, leader=null, voted=7d30d443-236e-4da8-b613-0865c2b8e378, raftlog=7d30d443-236e-4da8-b613-0865c2b8e378@group-32BF70E33156-SegmentedRaftLog:OPENED:c0,f0,i0, conf=0: [7d30d443-236e-4da8-b613-0865c2b8e378:172.17.0.2:36199, b62aeb05-24ab-4842-8919-6c05a4e657f5:172.17.0.2:40851, aab70d5c-3498-440f-806b-05f26fe37e72:172.17.0.2:40789], old=null
2020-07-02 08:48:00,531 [7d30d443-236e-4da8-b613-0865c2b8e378@group-32BF70E33156-LeaderElection37] INFO  impl.LeaderElection (LogUtils.java:infoOrTrace(137)) -   Exception 0: java.util.concurrent.ExecutionException: org.apache.ratis.thirdparty.io.grpc.StatusRuntimeException: UNAVAILABLE: io exception
2020-07-02 08:48:00,531 [7d30d443-236e-4da8-b613-0865c2b8e378@group-32BF70E33156-LeaderElection37] INFO  impl.RoleInfo (RoleInfo.java:shutdownLeaderElection(134)) - 7d30d443-236e-4da8-b613-0865c2b8e378: shutdown LeaderElection
2020-07-02 08:48:00,531 [7d30d443-236e-4da8-b613-0865c2b8e378@group-32BF70E33156-LeaderElection37] INFO  impl.RaftServerImpl (RaftServerImpl.java:setRole(175)) - 7d30d443-236e-4da8-b613-0865c2b8e378@group-32BF70E33156: changes role from CANDIDATE to LEADER at term 2 for changeToLeader
2020-07-02 08:48:00,531 [7d30d443-236e-4da8-b613-0865c2b8e378@group-32BF70E33156-LeaderElection37] INFO  ratis.XceiverServerRatis (XceiverServerRatis.java:handleLeaderChangedNotification(762)) - Leader change notification received for group: group-32BF70E33156 with new leaderId: 7d30d443-236e-4da8-b613-0865c2b8e378
2020-07-02 08:48:00,531 [7d30d443-236e-4da8-b613-0865c2b8e378@group-32BF70E33156-LeaderElection37] INFO  impl.RaftServerImpl (ServerState.java:setLeader(255)) - 7d30d443-236e-4da8-b613-0865c2b8e378@group-32BF70E33156: change Leader from null to 7d30d443-236e-4da8-b613-0865c2b8e378 at term 2 for becomeLeader, leader elected after 11ms
2020-07-02 08:48:00,531 [7d30d443-236e-4da8-b613-0865c2b8e378@group-32BF70E33156-LeaderElection37] INFO  server.RaftServerConfigKeys (ConfUtils.java:logGet(44)) - raft.server.staging.catchup.gap = 1000 (default)
2020-07-02 08:48:00,531 [7d30d443-236e-4da8-b613-0865c2b8e378@group-32BF70E33156-LeaderElection37] INFO  server.RaftServerConfigKeys (ConfUtils.java:logGet(44)) - raft.server.rpc.sleep.time = 25ms (default)
2020-07-02 08:48:00,531 [7d30d443-236e-4da8-b613-0865c2b8e378@group-32BF70E33156-LeaderElection37] INFO  metrics.RatisMetrics (RatisMetrics.java:lambda$create$0(36)) - Creating Metrics Registry : ratis.log_appender.7d30d443-236e-4da8-b613-0865c2b8e378@group-32BF70E33156
2020-07-02 08:48:00,532 [7d30d443-236e-4da8-b613-0865c2b8e378@group-32BF70E33156-LeaderElection37] INFO  server.RaftServerConfigKeys (ConfUtils.java:logGet(44)) - raft.server.write.element-limit = 1024 (custom)
2020-07-02 08:48:00,532 [7d30d443-236e-4da8-b613-0865c2b8e378@group-32BF70E33156-LeaderElection37] INFO  server.RaftServerConfigKeys (ConfUtils.java:logGet(44)) - raft.server.write.byte-limit = 1073741824 (custom)
2020-07-02 08:48:00,532 [7d30d443-236e-4da8-b613-0865c2b8e378@group-32BF70E33156-LeaderElection37] INFO  server.RaftServerConfigKeys (ConfUtils.java:logGet(44)) - raft.server.watch.timeout = 3000ms (custom)
2020-07-02 08:48:00,532 [7d30d443-236e-4da8-b613-0865c2b8e378@group-32BF70E33156-LeaderElection37] INFO  server.RaftServerConfigKeys (ConfUtils.java:logGet(44)) - raft.server.watch.timeout.denomination = 1s (default)
2020-07-02 08:48:00,532 [7d30d443-236e-4da8-b613-0865c2b8e378@group-32BF70E33156-LeaderElection37] INFO  server.RaftServerConfigKeys (ConfUtils.java:logGet(44)) - raft.server.watch.element-limit = 65536 (default)
2020-07-02 08:48:00,532 [7d30d443-236e-4da8-b613-0865c2b8e378@group-32BF70E33156-LeaderElection37] INFO  server.RaftServerConfigKeys (ConfUtils.java:logGet(44)) - raft.server.log.appender.snapshot.chunk.size.max = 16MB (=16777216) (default)
2020-07-02 08:48:00,532 [7d30d443-236e-4da8-b613-0865c2b8e378@group-32BF70E33156-LeaderElection37] INFO  server.RaftServerConfigKeys (ConfUtils.java:logGet(44)) - raft.server.log.appender.buffer.byte-limit = 33554432 (custom)
2020-07-02 08:48:00,532 [7d30d443-236e-4da8-b613-0865c2b8e378@group-32BF70E33156-LeaderElection37] INFO  server.RaftServerConfigKeys (ConfUtils.java:logGet(44)) - raft.server.log.appender.buffer.element-limit = 1 (custom)
2020-07-02 08:48:00,533 [7d30d443-236e-4da8-b613-0865c2b8e378@group-32BF70E33156-LeaderElection37] INFO  grpc.GrpcConfigKeys (ConfUtils.java:logGet(44)) - raft.grpc.server.leader.outstanding.appends.max = 128 (default)
2020-07-02 08:48:00,533 [7d30d443-236e-4da8-b613-0865c2b8e378@group-32BF70E33156-LeaderElection37] INFO  server.RaftServerConfigKeys (ConfUtils.java:logGet(44)) - raft.server.rpc.request.timeout = 3000ms (default)
2020-07-02 08:48:00,533 [7d30d443-236e-4da8-b613-0865c2b8e378@group-32BF70E33156-LeaderElection37] INFO  server.RaftServerConfigKeys (ConfUtils.java:logGet(44)) - raft.server.log.appender.install.snapshot.enabled = false (custom)
2020-07-02 08:48:00,533 [7d30d443-236e-4da8-b613-0865c2b8e378@group-32BF70E33156-LeaderElection37] INFO  metrics.RatisMetrics (RatisMetrics.java:lambda$create$0(36)) - Creating Metrics Registry : ratis_grpc.log_appender.7d30d443-236e-4da8-b613-0865c2b8e378@group-32BF70E33156
2020-07-02 08:48:00,534 [7d30d443-236e-4da8-b613-0865c2b8e378@group-32BF70E33156-LeaderElection37] INFO  server.RaftServerConfigKeys (ConfUtils.java:logGet(44)) - raft.server.log.appender.snapshot.chunk.size.max = 16MB (=16777216) (default)
2020-07-02 08:48:00,534 [7d30d443-236e-4da8-b613-0865c2b8e378@group-32BF70E33156-LeaderElection37] INFO  server.RaftServerConfigKeys (ConfUtils.java:logGet(44)) - raft.server.log.appender.buffer.byte-limit = 33554432 (custom)
2020-07-02 08:48:00,534 [7d30d443-236e-4da8-b613-0865c2b8e378@group-32BF70E33156-LeaderElection37] INFO  server.RaftServerConfigKeys (ConfUtils.java:logGet(44)) - raft.server.log.appender.buffer.element-limit = 1 (custom)
2020-07-02 08:48:00,534 [7d30d443-236e-4da8-b613-0865c2b8e378@group-32BF70E33156-LeaderElection37] INFO  grpc.GrpcConfigKeys (ConfUtils.java:logGet(44)) - raft.grpc.server.leader.outstanding.appends.max = 128 (default)
2020-07-02 08:48:00,534 [7d30d443-236e-4da8-b613-0865c2b8e378@group-32BF70E33156-LeaderElection37] INFO  server.RaftServerConfigKeys (ConfUtils.java:logGet(44)) - raft.server.rpc.request.timeout = 3000ms (default)
2020-07-02 08:48:00,534 [7d30d443-236e-4da8-b613-0865c2b8e378@group-32BF70E33156-LeaderElection37] INFO  server.RaftServerConfigKeys (ConfUtils.java:logGet(44)) - raft.server.log.appender.install.snapshot.enabled = false (custom)
2020-07-02 08:48:00,535 [7d30d443-236e-4da8-b613-0865c2b8e378@group-32BF70E33156-LeaderElection37] INFO  impl.RoleInfo (RoleInfo.java:updateAndGet(143)) - 7d30d443-236e-4da8-b613-0865c2b8e378: start LeaderState
2020-07-02 08:48:00,536 [7d30d443-236e-4da8-b613-0865c2b8e378@group-32BF70E33156-LeaderElection37] INFO  segmented.SegmentedRaftLogWorker (SegmentedRaftLogWorker.java:rollLogSegment(402)) - 7d30d443-236e-4da8-b613-0865c2b8e378@group-32BF70E33156-SegmentedRaftLogWorker: Rolling segment log-0_0 to index:0
2020-07-02 08:48:00,536 [7d30d443-236e-4da8-b613-0865c2b8e378@group-32BF70E33156-SegmentedRaftLogWorker] INFO  segmented.SegmentedRaftLogWorker (SegmentedRaftLogWorker.java:execute(553)) - 7d30d443-236e-4da8-b613-0865c2b8e378@group-32BF70E33156-SegmentedRaftLogWorker: Rolled log segment from /github/workspace/mnt/ozone/hadoop-ozone/integration-test/target/test-dir/MiniOzoneClusterImpl-2ea21c0c-9bca-4642-a989-259fb4fcb281/datanode-8/data/ratis/4a1b0e43-e9cb-4761-8073-32bf70e33156/current/log_inprogress_0 to /github/workspace/mnt/ozone/hadoop-ozone/integration-test/target/test-dir/MiniOzoneClusterImpl-2ea21c0c-9bca-4642-a989-259fb4fcb281/datanode-8/data/ratis/4a1b0e43-e9cb-4761-8073-32bf70e33156/current/log_0-0
2020-07-02 08:48:00,542 [7d30d443-236e-4da8-b613-0865c2b8e378@group-32BF70E33156-LeaderElection37] INFO  impl.RaftServerImpl (ServerState.java:setRaftConf(356)) - 7d30d443-236e-4da8-b613-0865c2b8e378@group-32BF70E33156: set configuration 1: [7d30d443-236e-4da8-b613-0865c2b8e378:172.17.0.2:36199, b62aeb05-24ab-4842-8919-6c05a4e657f5:172.17.0.2:40851, aab70d5c-3498-440f-806b-05f26fe37e72:172.17.0.2:40789], old=null at 1
2020-07-02 08:48:00,537 [grpc-default-executor-5] WARN  server.GrpcLogAppender (LogUtils.java:warn(122)) - 7d30d443-236e-4da8-b613-0865c2b8e378@group-32BF70E33156->b62aeb05-24ab-4842-8919-6c05a4e657f5-AppendLogResponseHandler: Failed appendEntries: org.apache.ratis.thirdparty.io.grpc.StatusRuntimeException: UNAVAILABLE: io exception
2020-07-02 08:48:00,543 [7d30d443-236e-4da8-b613-0865c2b8e378@group-32BF70E33156-SegmentedRaftLogWorker] INFO  segmented.SegmentedRaftLogWorker (SegmentedRaftLogWorker.java:execute(596)) - 7d30d443-236e-4da8-b613-0865c2b8e378@group-32BF70E33156-SegmentedRaftLogWorker: created new log segment /github/workspace/mnt/ozone/hadoop-ozone/integration-test/target/test-dir/MiniOzoneClusterImpl-2ea21c0c-9bca-4642-a989-259fb4fcb281/datanode-8/data/ratis/4a1b0e43-e9cb-4761-8073-32bf70e33156/current/log_inprogress_1
2020-07-02 08:48:00,543 [grpc-default-executor-5] INFO  impl.FollowerInfo (FollowerInfo.java:lambda$new$0(51)) - 7d30d443-236e-4da8-b613-0865c2b8e378@group-32BF70E33156->b62aeb05-24ab-4842-8919-6c05a4e657f5: nextIndex: updateUnconditionally 2 -> 1
2020-07-02 08:48:00,544 [grpc-default-executor-2] INFO  ratis.XceiverServerRatis (XceiverServerRatis.java:handleLeaderChangedNotification(762)) - Leader change notification received for group: group-32BF70E33156 with new leaderId: 7d30d443-236e-4da8-b613-0865c2b8e378
2020-07-02 08:48:00,548 [grpc-default-executor-2] INFO  impl.RaftServerImpl (ServerState.java:setLeader(255)) - aab70d5c-3498-440f-806b-05f26fe37e72@group-32BF70E33156: change Leader from null to 7d30d443-236e-4da8-b613-0865c2b8e378 at term 2 for appendEntries, leader elected after 17ms
2020-07-02 08:48:00,549 [grpc-default-executor-2] DEBUG impl.RaftServerImpl (RaftServerImpl.java:logAppendEntries(928)) - aab70d5c-3498-440f-806b-05f26fe37e72@group-32BF70E33156: receive appendEntries(7d30d443-236e-4da8-b613-0865c2b8e378, 2, (t:1, i:0), 0, false, commits[7d30d443-236e-4da8-b613-0865c2b8e378:c0, b62aeb05-24ab-4842-8919-6c05a4e657f5:c0, aab70d5c-3498-440f-806b-05f26fe37e72:c0], entries: (t:2, i:1), CONFIGURATIONENTRY
2020-07-02 08:48:00,549 [grpc-default-executor-2] INFO  impl.RaftServerImpl (ServerState.java:setRaftConf(356)) - aab70d5c-3498-440f-806b-05f26fe37e72@group-32BF70E33156: set configuration 1: [7d30d443-236e-4da8-b613-0865c2b8e378:172.17.0.2:36199, b62aeb05-24ab-4842-8919-6c05a4e657f5:172.17.0.2:40851, aab70d5c-3498-440f-806b-05f26fe37e72:172.17.0.2:40789], old=null at 1
2020-07-02 08:48:00,549 [grpc-default-executor-2] INFO  segmented.SegmentedRaftLogWorker (SegmentedRaftLogWorker.java:rollLogSegment(402)) - aab70d5c-3498-440f-806b-05f26fe37e72@group-32BF70E33156-SegmentedRaftLogWorker: Rolling segment log-0_0 to index:0
2020-07-02 08:48:00,550 [aab70d5c-3498-440f-806b-05f26fe37e72@group-32BF70E33156-SegmentedRaftLogWorker] INFO  segmented.SegmentedRaftLogWorker (SegmentedRaftLogWorker.java:execute(553)) - aab70d5c-3498-440f-806b-05f26fe37e72@group-32BF70E33156-SegmentedRaftLogWorker: Rolled log segment from /github/workspace/mnt/ozone/hadoop-ozone/integration-test/target/test-dir/MiniOzoneClusterImpl-2ea21c0c-9bca-4642-a989-259fb4fcb281/datanode-7/data/ratis/4a1b0e43-e9cb-4761-8073-32bf70e33156/current/log_inprogress_0 to /github/workspace/mnt/ozone/hadoop-ozone/integration-test/target/test-dir/MiniOzoneClusterImpl-2ea21c0c-9bca-4642-a989-259fb4fcb281/datanode-7/data/ratis/4a1b0e43-e9cb-4761-8073-32bf70e33156/current/log_0-0
2020-07-02 08:48:00,551 [grpc-default-executor-2] DEBUG server.GrpcLogAppender (GrpcLogAppender.java:onNext(257)) - 7d30d443-236e-4da8-b613-0865c2b8e378@group-32BF70E33156->aab70d5c-3498-440f-806b-05f26fe37e72-AppendLogResponseHandler: received the first reply 7d30d443-236e-4da8-b613-0865c2b8e378<-aab70d5c-3498-440f-806b-05f26fe37e72#0:OK,SUCCESS,nextIndex:2,term:2,followerCommit:0, request=AppendEntriesRequest:cid=0,entriesCount=0,lastEntry=null
2020-07-02 08:48:00,552 [aab70d5c-3498-440f-806b-05f26fe37e72@group-32BF70E33156-SegmentedRaftLogWorker] INFO  segmented.SegmentedRaftLogWorker (SegmentedRaftLogWorker.java:execute(596)) - aab70d5c-3498-440f-806b-05f26fe37e72@group-32BF70E33156-SegmentedRaftLogWorker: created new log segment /github/workspace/mnt/ozone/hadoop-ozone/integration-test/target/test-dir/MiniOzoneClusterImpl-2ea21c0c-9bca-4642-a989-259fb4fcb281/datanode-7/data/ratis/4a1b0e43-e9cb-4761-8073-32bf70e33156/current/log_inprogress_1
2020-07-02 08:48:00,553 [grpc-default-executor-5] WARN  server.GrpcLogAppender (LogUtils.java:warn(122)) - a3230122-e9f1-469c-a445-fc983e5286bd@group-8E625A2998A3->d4095b94-faf8-4714-9e04-9d2538430758-AppendLogResponseHandler: Failed appendEntries: org.apache.ratis.thirdparty.io.grpc.StatusRuntimeException: UNAVAILABLE: io exception
2020-07-02 08:48:00,553 [grpc-default-executor-5] INFO  impl.FollowerInfo (FollowerInfo.java:lambda$new$0(51)) - a3230122-e9f1-469c-a445-fc983e5286bd@group-8E625A2998A3->d4095b94-faf8-4714-9e04-9d2538430758: nextIndex: updateUnconditionally 1 -> 0
2020-07-02 08:48:00,553 [Thread-1546] DEBUG impl.RaftServerImpl (RaftServerImpl.java:logAppendEntries(928)) - aab70d5c-3498-440f-806b-05f26fe37e72@group-32BF70E33156: succeeded to handle AppendEntries. Reply: 7d30d443-236e-4da8-b613-0865c2b8e378<-aab70d5c-3498-440f-806b-05f26fe37e72#1:OK,SUCCESS,nextIndex:2,term:2,followerCommit:0
2020-07-02 08:48:00,554 [grpc-default-executor-5] DEBUG server.GrpcLogAppender (GrpcLogAppender.java:onNext(257)) - 7d30d443-236e-4da8-b613-0865c2b8e378@group-32BF70E33156->aab70d5c-3498-440f-806b-05f26fe37e72-AppendLogResponseHandler: received a reply 7d30d443-236e-4da8-b613-0865c2b8e378<-aab70d5c-3498-440f-806b-05f26fe37e72#1:OK,SUCCESS,nextIndex:2,term:2,followerCommit:0, request=AppendEntriesRequest:cid=1,entriesCount=1,lastEntry=(t:2, i:1)
2020-07-02 08:48:00,557 [grpc-default-executor-2] DEBUG impl.RaftServerImpl (RaftServerImpl.java:logAppendEntries(928)) - aab70d5c-3498-440f-806b-05f26fe37e72@group-32BF70E33156: receive appendEntries(7d30d443-236e-4da8-b613-0865c2b8e378, 2, (t:2, i:1), 1, false, commits[7d30d443-236e-4da8-b613-0865c2b8e378:c1, b62aeb05-24ab-4842-8919-6c05a4e657f5:c0, aab70d5c-3498-440f-806b-05f26fe37e72:c0], entries: (t:2, i:2), METADATAENTRY(c:1)
2020-07-02 08:48:00,557 [grpc-default-executor-2] WARN  server.GrpcLogAppender (LogUtils.java:warn(122)) - a3230122-e9f1-469c-a445-fc983e5286bd@group-8E625A2998A3->b5ee9bf6-c323-4b90-8393-8aea495c4582-AppendLogResponseHandler: Failed appendEntries: org.apache.ratis.thirdparty.io.grpc.StatusRuntimeException: UNAVAILABLE: io exception
2020-07-02 08:48:00,557 [grpc-default-executor-2] INFO  impl.FollowerInfo (FollowerInfo.java:lambda$new$0(51)) - a3230122-e9f1-469c-a445-fc983e5286bd@group-8E625A2998A3->b5ee9bf6-c323-4b90-8393-8aea495c4582: nextIndex: updateUnconditionally 3 -> 2
2020-07-02 08:48:00,558 [grpc-default-executor-5] WARN  server.GrpcLogAppender (LogUtils.java:warn(122)) - 7d30d443-236e-4da8-b613-0865c2b8e378@group-32BF70E33156->b62aeb05-24ab-4842-8919-6c05a4e657f5-AppendLogResponseHandler: Failed appendEntries: org.apache.ratis.thirdparty.io.grpc.StatusRuntimeException: UNAVAILABLE: io exception
2020-07-02 08:48:00,558 [grpc-default-executor-5] INFO  impl.FollowerInfo (FollowerInfo.java:lambda$new$0(51)) - 7d30d443-236e-4da8-b613-0865c2b8e378@group-32BF70E33156->b62aeb05-24ab-4842-8919-6c05a4e657f5: nextIndex: updateUnconditionally 2 -> 1
2020-07-02 08:48:00,558 [Thread-1547] DEBUG impl.RaftServerImpl (RaftServerImpl.java:logAppendEntries(928)) - aab70d5c-3498-440f-806b-05f26fe37e72@group-32BF70E33156: succeeded to handle AppendEntries. Reply: 7d30d443-236e-4da8-b613-0865c2b8e378<-aab70d5c-3498-440f-806b-05f26fe37e72#2:OK,SUCCESS,nextIndex:3,term:2,followerCommit:1
2020-07-02 08:48:00,559 [grpc-default-executor-5] DEBUG server.GrpcLogAppender (GrpcLogAppender.java:onNext(257)) - 7d30d443-236e-4da8-b613-0865c2b8e378@group-32BF70E33156->aab70d5c-3498-440f-806b-05f26fe37e72-AppendLogResponseHandler: received a reply 7d30d443-236e-4da8-b613-0865c2b8e378<-aab70d5c-3498-440f-806b-05f26fe37e72#2:OK,SUCCESS,nextIndex:3,term:2,followerCommit:1, request=AppendEntriesRequest:cid=2,entriesCount=1,lastEntry=(t:2, i:2)
2020-07-02 08:48:00,561 [grpc-default-executor-2] WARN  server.GrpcLogAppender (LogUtils.java:warn(122)) - 7d30d443-236e-4da8-b613-0865c2b8e378@group-32BF70E33156->b62aeb05-24ab-4842-8919-6c05a4e657f5-AppendLogResponseHandler: Failed appendEntries: org.apache.ratis.thirdparty.io.grpc.StatusRuntimeException: UNAVAILABLE: io exception
2020-07-02 08:48:00,561 [grpc-default-executor-2] INFO  impl.FollowerInfo (FollowerInfo.java:lambda$new$0(51)) - 7d30d443-236e-4da8-b613-0865c2b8e378@group-32BF70E33156->b62aeb05-24ab-4842-8919-6c05a4e657f5: nextIndex: updateUnconditionally 2 -> 1
2020-07-02 08:48:00,832 [grpc-default-executor-5] WARN  server.GrpcLogAppender (LogUtils.java:warn(122)) - 26f1b97f-198a-4bc6-840d-b3fa7ce7fcfa@group-D93938EF698D->c4f8bc01-7deb-4cd9-a6c1-654553e0e0ff-AppendLogResponseHandler: Failed appendEntries: org.apache.ratis.thirdparty.io.grpc.StatusRuntimeException: UNAVAILABLE: io exception
2020-07-02 08:48:00,832 [grpc-default-executor-5] INFO  impl.FollowerInfo (FollowerInfo.java:lambda$new$0(51)) - 26f1b97f-198a-4bc6-840d-b3fa7ce7fcfa@group-D93938EF698D->c4f8bc01-7deb-4cd9-a6c1-654553e0e0ff: nextIndex: updateUnconditionally 2 -> 1
2020-07-02 08:48:00,833 [grpc-default-executor-2] DEBUG server.GrpcLogAppender (GrpcLogAppender.java:onNext(257)) - 26f1b97f-198a-4bc6-840d-b3fa7ce7fcfa@group-D93938EF698D->f7ed0b0c-c89c-471c-8c37-09edce727015-AppendLogResponseHandler: received a reply 26f1b97f-198a-4bc6-840d-b3fa7ce7fcfa<-f7ed0b0c-c89c-471c-8c37-09edce727015#38:OK,SUCCESS,nextIndex:7,term:3,followerCommit:6, request=AppendEntriesRequest:cid=38,entriesCount=0,lastEntry=null
2020-07-02 08:48:01,055 [grpc-default-executor-5] WARN  server.GrpcLogAppender (LogUtils.java:warn(122)) - a3230122-e9f1-469c-a445-fc983e5286bd@group-8E625A2998A3->d4095b94-faf8-4714-9e04-9d2538430758-AppendLogResponseHandler: Failed appendEntries: org.apache.ratis.thirdparty.io.grpc.StatusRuntimeException: UNAVAILABLE: io exception
2020-07-02 08:48:01,055 [grpc-default-executor-5] INFO  impl.FollowerInfo (FollowerInfo.java:lambda$new$0(51)) - a3230122-e9f1-469c-a445-fc983e5286bd@group-8E625A2998A3->d4095b94-faf8-4714-9e04-9d2538430758: nextIndex: updateUnconditionally 1 -> 0
2020-07-02 08:48:01,057 [grpc-default-executor-2] WARN  server.GrpcLogAppender (LogUtils.java:warn(122)) - a3230122-e9f1-469c-a445-fc983e5286bd@group-8E625A2998A3->b5ee9bf6-c323-4b90-8393-8aea495c4582-AppendLogResponseHandler: Failed appendEntries: org.apache.ratis.thirdparty.io.grpc.StatusRuntimeException: UNAVAILABLE: io exception
2020-07-02 08:48:01,057 [grpc-default-executor-2] INFO  impl.FollowerInfo (FollowerInfo.java:lambda$new$0(51)) - a3230122-e9f1-469c-a445-fc983e5286bd@group-8E625A2998A3->b5ee9bf6-c323-4b90-8393-8aea495c4582: nextIndex: updateUnconditionally 3 -> 2
2020-07-02 08:48:01,060 [grpc-default-executor-2] DEBUG server.GrpcLogAppender (GrpcLogAppender.java:onNext(257)) - 7d30d443-236e-4da8-b613-0865c2b8e378@group-32BF70E33156->aab70d5c-3498-440f-806b-05f26fe37e72-AppendLogResponseHandler: received a reply 7d30d443-236e-4da8-b613-0865c2b8e378<-aab70d5c-3498-440f-806b-05f26fe37e72#3:OK,SUCCESS,nextIndex:3,term:2,followerCommit:2, request=AppendEntriesRequest:cid=3,entriesCount=0,lastEntry=null
2020-07-02 08:48:01,063 [grpc-default-executor-5] WARN  server.GrpcLogAppender (LogUtils.java:warn(122)) - 7d30d443-236e-4da8-b613-0865c2b8e378@group-32BF70E33156->b62aeb05-24ab-4842-8919-6c05a4e657f5-AppendLogResponseHandler: Failed appendEntries: org.apache.ratis.thirdparty.io.grpc.StatusRuntimeException: UNAVAILABLE: io exception
2020-07-02 08:48:01,063 [grpc-default-executor-5] INFO  impl.FollowerInfo (FollowerInfo.java:lambda$new$0(51)) - 7d30d443-236e-4da8-b613-0865c2b8e378@group-32BF70E33156->b62aeb05-24ab-4842-8919-6c05a4e657f5: nextIndex: updateUnconditionally 2 -> 1
2020-07-02 08:48:01,335 [grpc-default-executor-2] WARN  server.GrpcLogAppender (LogUtils.java:warn(122)) - 26f1b97f-198a-4bc6-840d-b3fa7ce7fcfa@group-D93938EF698D->c4f8bc01-7deb-4cd9-a6c1-654553e0e0ff-AppendLogResponseHandler: Failed appendEntries: org.apache.ratis.thirdparty.io.grpc.StatusRuntimeException: UNAVAILABLE: io exception
2020-07-02 08:48:01,335 [grpc-default-executor-2] INFO  impl.FollowerInfo (FollowerInfo.java:lambda$new$0(51)) - 26f1b97f-198a-4bc6-840d-b3fa7ce7fcfa@group-D93938EF698D->c4f8bc01-7deb-4cd9-a6c1-654553e0e0ff: nextIndex: updateUnconditionally 2 -> 1
2020-07-02 08:48:01,336 [grpc-default-executor-5] DEBUG server.GrpcLogAppender (GrpcLogAppender.java:onNext(257)) - 26f1b97f-198a-4bc6-840d-b3fa7ce7fcfa@group-D93938EF698D->f7ed0b0c-c89c-471c-8c37-09edce727015-AppendLogResponseHandler: received a reply 26f1b97f-198a-4bc6-840d-b3fa7ce7fcfa<-f7ed0b0c-c89c-471c-8c37-09edce727015#39:OK,SUCCESS,nextIndex:7,term:3,followerCommit:6, request=AppendEntriesRequest:cid=39,entriesCount=0,lastEntry=null
2020-07-02 08:48:01,556 [grpc-default-executor-2] WARN  server.GrpcLogAppender (LogUtils.java:warn(122)) - a3230122-e9f1-469c-a445-fc983e5286bd@group-8E625A2998A3->d4095b94-faf8-4714-9e04-9d2538430758-AppendLogResponseHandler: Failed appendEntries: org.apache.ratis.thirdparty.io.grpc.StatusRuntimeException: UNAVAILABLE: io exception
2020-07-02 08:48:01,556 [grpc-default-executor-2] INFO  impl.FollowerInfo (FollowerInfo.java:lambda$new$0(51)) - a3230122-e9f1-469c-a445-fc983e5286bd@group-8E625A2998A3->d4095b94-faf8-4714-9e04-9d2538430758: nextIndex: updateUnconditionally 1 -> 0
2020-07-02 08:48:01,558 [grpc-default-executor-5] WARN  server.GrpcLogAppender (LogUtils.java:warn(122)) - a3230122-e9f1-469c-a445-fc983e5286bd@group-8E625A2998A3->b5ee9bf6-c323-4b90-8393-8aea495c4582-AppendLogResponseHandler: Failed appendEntries: org.apache.ratis.thirdparty.io.grpc.StatusRuntimeException: UNAVAILABLE: io exception
2020-07-02 08:48:01,558 [grpc-default-executor-5] INFO  impl.FollowerInfo (FollowerInfo.java:lambda$new$0(51)) - a3230122-e9f1-469c-a445-fc983e5286bd@group-8E625A2998A3->b5ee9bf6-c323-4b90-8393-8aea495c4582: nextIndex: updateUnconditionally 3 -> 2
2020-07-02 08:48:01,562 [grpc-default-executor-5] DEBUG server.GrpcLogAppender (GrpcLogAppender.java:onNext(257)) - 7d30d443-236e-4da8-b613-0865c2b8e378@group-32BF70E33156->aab70d5c-3498-440f-806b-05f26fe37e72-AppendLogResponseHandler: received a reply 7d30d443-236e-4da8-b613-0865c2b8e378<-aab70d5c-3498-440f-806b-05f26fe37e72#4:OK,SUCCESS,nextIndex:3,term:2,followerCommit:2, request=AppendEntriesRequest:cid=4,entriesCount=0,lastEntry=null
2020-07-02 08:48:01,564 [grpc-default-executor-2] WARN  server.GrpcLogAppender (LogUtils.java:warn(122)) - 7d30d443-236e-4da8-b613-0865c2b8e378@group-32BF70E33156->b62aeb05-24ab-4842-8919-6c05a4e657f5-AppendLogResponseHandler: Failed appendEntries: org.apache.ratis.thirdparty.io.grpc.StatusRuntimeException: UNAVAILABLE: io exception
2020-07-02 08:48:01,564 [grpc-default-executor-2] INFO  impl.FollowerInfo (FollowerInfo.java:lambda$new$0(51)) - 7d30d443-236e-4da8-b613-0865c2b8e378@group-32BF70E33156->b62aeb05-24ab-4842-8919-6c05a4e657f5: nextIndex: updateUnconditionally 2 -> 1
2020-07-02 08:48:01,838 [grpc-default-executor-5] WARN  server.GrpcLogAppender (LogUtils.java:warn(122)) - 26f1b97f-198a-4bc6-840d-b3fa7ce7fcfa@group-D93938EF698D->c4f8bc01-7deb-4cd9-a6c1-654553e0e0ff-AppendLogResponseHandler: Failed appendEntries: org.apache.ratis.thirdparty.io.grpc.StatusRuntimeException: UNAVAILABLE: io exception
2020-07-02 08:48:01,838 [grpc-default-executor-5] INFO  impl.FollowerInfo (FollowerInfo.java:lambda$new$0(51)) - 26f1b97f-198a-4bc6-840d-b3fa7ce7fcfa@group-D93938EF698D->c4f8bc01-7deb-4cd9-a6c1-654553e0e0ff: nextIndex: updateUnconditionally 2 -> 1
2020-07-02 08:48:01,839 [grpc-default-executor-5] DEBUG server.GrpcLogAppender (GrpcLogAppender.java:onNext(257)) - 26f1b97f-198a-4bc6-840d-b3fa7ce7fcfa@group-D93938EF698D->f7ed0b0c-c89c-471c-8c37-09edce727015-AppendLogResponseHandler: received a reply 26f1b97f-198a-4bc6-840d-b3fa7ce7fcfa<-f7ed0b0c-c89c-471c-8c37-09edce727015#40:OK,SUCCESS,nextIndex:7,term:3,followerCommit:6, request=AppendEntriesRequest:cid=40,entriesCount=0,lastEntry=null
2020-07-02 08:48:02,057 [grpc-default-executor-2] WARN  server.GrpcLogAppender (LogUtils.java:warn(122)) - a3230122-e9f1-469c-a445-fc983e5286bd@group-8E625A2998A3->d4095b94-faf8-4714-9e04-9d2538430758-AppendLogResponseHandler: Failed appendEntries: org.apache.ratis.thirdparty.io.grpc.StatusRuntimeException: UNAVAILABLE: io exception
2020-07-02 08:48:02,058 [grpc-default-executor-2] INFO  impl.FollowerInfo (FollowerInfo.java:lambda$new$0(51)) - a3230122-e9f1-469c-a445-fc983e5286bd@group-8E625A2998A3->d4095b94-faf8-4714-9e04-9d2538430758: nextIndex: updateUnconditionally 1 -> 0
2020-07-02 08:48:02,059 [grpc-default-executor-5] WARN  server.GrpcLogAppender (LogUtils.java:warn(122)) - a3230122-e9f1-469c-a445-fc983e5286bd@group-8E625A2998A3->b5ee9bf6-c323-4b90-8393-8aea495c4582-AppendLogResponseHandler: Failed appendEntries: org.apache.ratis.thirdparty.io.grpc.StatusRuntimeException: UNAVAILABLE: io exception
2020-07-02 08:48:02,059 [grpc-default-executor-5] INFO  impl.FollowerInfo (FollowerInfo.java:lambda$new$0(51)) - a3230122-e9f1-469c-a445-fc983e5286bd@group-8E625A2998A3->b5ee9bf6-c323-4b90-8393-8aea495c4582: nextIndex: updateUnconditionally 3 -> 2
2020-07-02 08:48:02,063 [grpc-default-executor-5] DEBUG server.GrpcLogAppender (GrpcLogAppender.java:onNext(257)) - 7d30d443-236e-4da8-b613-0865c2b8e378@group-32BF70E33156->aab70d5c-3498-440f-806b-05f26fe37e72-AppendLogResponseHandler: received a reply 7d30d443-236e-4da8-b613-0865c2b8e378<-aab70d5c-3498-440f-806b-05f26fe37e72#5:OK,SUCCESS,nextIndex:3,term:2,followerCommit:2, request=AppendEntriesRequest:cid=5,entriesCount=0,lastEntry=null
2020-07-02 08:48:02,065 [grpc-default-executor-2] WARN  server.GrpcLogAppender (LogUtils.java:warn(122)) - 7d30d443-236e-4da8-b613-0865c2b8e378@group-32BF70E33156->b62aeb05-24ab-4842-8919-6c05a4e657f5-AppendLogResponseHandler: Failed appendEntries: org.apache.ratis.thirdparty.io.grpc.StatusRuntimeException: UNAVAILABLE: io exception
2020-07-02 08:48:02,065 [grpc-default-executor-2] INFO  impl.FollowerInfo (FollowerInfo.java:lambda$new$0(51)) - 7d30d443-236e-4da8-b613-0865c2b8e378@group-32BF70E33156->b62aeb05-24ab-4842-8919-6c05a4e657f5: nextIndex: updateUnconditionally 2 -> 1
2020-07-02 08:48:02,341 [grpc-default-executor-5] WARN  server.GrpcLogAppender (LogUtils.java:warn(122)) - 26f1b97f-198a-4bc6-840d-b3fa7ce7fcfa@group-D93938EF698D->c4f8bc01-7deb-4cd9-a6c1-654553e0e0ff-AppendLogResponseHandler: Failed appendEntries: org.apache.ratis.thirdparty.io.grpc.StatusRuntimeException: UNAVAILABLE: io exception
2020-07-02 08:48:02,341 [grpc-default-executor-2] DEBUG server.GrpcLogAppender (GrpcLogAppender.java:onNext(257)) - 26f1b97f-198a-4bc6-840d-b3fa7ce7fcfa@group-D93938EF698D->f7ed0b0c-c89c-471c-8c37-09edce727015-AppendLogResponseHandler: received a reply 26f1b97f-198a-4bc6-840d-b3fa7ce7fcfa<-f7ed0b0c-c89c-471c-8c37-09edce727015#41:OK,SUCCESS,nextIndex:7,term:3,followerCommit:6, request=AppendEntriesRequest:cid=41,entriesCount=0,lastEntry=null
2020-07-02 08:48:02,342 [grpc-default-executor-5] INFO  impl.FollowerInfo (FollowerInfo.java:lambda$new$0(51)) - 26f1b97f-198a-4bc6-840d-b3fa7ce7fcfa@group-D93938EF698D->c4f8bc01-7deb-4cd9-a6c1-654553e0e0ff: nextIndex: updateUnconditionally 2 -> 1
2020-07-02 08:48:02,560 [grpc-default-executor-3] WARN  server.GrpcLogAppender (LogUtils.java:warn(122)) - a3230122-e9f1-469c-a445-fc983e5286bd@group-8E625A2998A3->d4095b94-faf8-4714-9e04-9d2538430758-AppendLogResponseHandler: Failed appendEntries: org.apache.ratis.thirdparty.io.grpc.StatusRuntimeException: UNAVAILABLE: io exception
2020-07-02 08:48:02,560 [grpc-default-executor-3] INFO  impl.FollowerInfo (FollowerInfo.java:lambda$new$0(51)) - a3230122-e9f1-469c-a445-fc983e5286bd@group-8E625A2998A3->d4095b94-faf8-4714-9e04-9d2538430758: nextIndex: updateUnconditionally 1 -> 0
2020-07-02 08:48:02,561 [grpc-default-executor-3] WARN  server.GrpcLogAppender (LogUtils.java:warn(122)) - a3230122-e9f1-469c-a445-fc983e5286bd@group-8E625A2998A3->b5ee9bf6-c323-4b90-8393-8aea495c4582-AppendLogResponseHandler: Failed appendEntries: org.apache.ratis.thirdparty.io.grpc.StatusRuntimeException: UNAVAILABLE: io exception
2020-07-02 08:48:02,561 [grpc-default-executor-3] INFO  impl.FollowerInfo (FollowerInfo.java:lambda$new$0(51)) - a3230122-e9f1-469c-a445-fc983e5286bd@group-8E625A2998A3->b5ee9bf6-c323-4b90-8393-8aea495c4582: nextIndex: updateUnconditionally 3 -> 2
2020-07-02 08:48:02,566 [grpc-default-executor-2] DEBUG server.GrpcLogAppender (GrpcLogAppender.java:onNext(257)) - 7d30d443-236e-4da8-b613-0865c2b8e378@group-32BF70E33156->aab70d5c-3498-440f-806b-05f26fe37e72-AppendLogResponseHandler: received a reply 7d30d443-236e-4da8-b613-0865c2b8e378<-aab70d5c-3498-440f-806b-05f26fe37e72#6:OK,SUCCESS,nextIndex:3,term:2,followerCommit:2, request=AppendEntriesRequest:cid=6,entriesCount=0,lastEntry=null
2020-07-02 08:48:02,566 [grpc-default-executor-2] WARN  server.GrpcLogAppender (LogUtils.java:warn(122)) - 7d30d443-236e-4da8-b613-0865c2b8e378@group-32BF70E33156->b62aeb05-24ab-4842-8919-6c05a4e657f5-AppendLogResponseHandler: Failed appendEntries: org.apache.ratis.thirdparty.io.grpc.StatusRuntimeException: UNAVAILABLE: io exception
2020-07-02 08:48:02,566 [grpc-default-executor-2] INFO  impl.FollowerInfo (FollowerInfo.java:lambda$new$0(51)) - 7d30d443-236e-4da8-b613-0865c2b8e378@group-32BF70E33156->b62aeb05-24ab-4842-8919-6c05a4e657f5: nextIndex: updateUnconditionally 2 -> 1
2020-07-02 08:48:02,844 [grpc-default-executor-3] DEBUG server.GrpcLogAppender (GrpcLogAppender.java:onNext(257)) - 26f1b97f-198a-4bc6-840d-b3fa7ce7fcfa@group-D93938EF698D->f7ed0b0c-c89c-471c-8c37-09edce727015-AppendLogResponseHandler: received a reply 26f1b97f-198a-4bc6-840d-b3fa7ce7fcfa<-f7ed0b0c-c89c-471c-8c37-09edce727015#42:OK,SUCCESS,nextIndex:7,term:3,followerCommit:6, request=AppendEntriesRequest:cid=42,entriesCount=0,lastEntry=null
2020-07-02 08:48:02,844 [grpc-default-executor-2] WARN  server.GrpcLogAppender (LogUtils.java:warn(122)) - 26f1b97f-198a-4bc6-840d-b3fa7ce7fcfa@group-D93938EF698D->c4f8bc01-7deb-4cd9-a6c1-654553e0e0ff-AppendLogResponseHandler: Failed appendEntries: org.apache.ratis.thirdparty.io.grpc.StatusRuntimeException: UNAVAILABLE: io exception
2020-07-02 08:48:02,845 [grpc-default-executor-2] INFO  impl.FollowerInfo (FollowerInfo.java:lambda$new$0(51)) - 26f1b97f-198a-4bc6-840d-b3fa7ce7fcfa@group-D93938EF698D->c4f8bc01-7deb-4cd9-a6c1-654553e0e0ff: nextIndex: updateUnconditionally 2 -> 1
2020-07-02 08:48:03,060 [grpc-default-executor-3] WARN  server.GrpcLogAppender (LogUtils.java:warn(122)) - a3230122-e9f1-469c-a445-fc983e5286bd@group-8E625A2998A3->d4095b94-faf8-4714-9e04-9d2538430758-AppendLogResponseHandler: Failed appendEntries: org.apache.ratis.thirdparty.io.grpc.StatusRuntimeException: UNAVAILABLE: io exception
2020-07-02 08:48:03,061 [grpc-default-executor-3] INFO  impl.FollowerInfo (FollowerInfo.java:lambda$new$0(51)) - a3230122-e9f1-469c-a445-fc983e5286bd@group-8E625A2998A3->d4095b94-faf8-4714-9e04-9d2538430758: nextIndex: updateUnconditionally 1 -> 0
2020-07-02 08:48:03,063 [grpc-default-executor-3] WARN  server.GrpcLogAppender (LogUtils.java:warn(122)) - a3230122-e9f1-469c-a445-fc983e5286bd@group-8E625A2998A3->b5ee9bf6-c323-4b90-8393-8aea495c4582-AppendLogResponseHandler: Failed appendEntries: org.apache.ratis.thirdparty.io.grpc.StatusRuntimeException: UNAVAILABLE: io exception
2020-07-02 08:48:03,063 [grpc-default-executor-3] INFO  impl.FollowerInfo (FollowerInfo.java:lambda$new$0(51)) - a3230122-e9f1-469c-a445-fc983e5286bd@group-8E625A2998A3->b5ee9bf6-c323-4b90-8393-8aea495c4582: nextIndex: updateUnconditionally 3 -> 2
2020-07-02 08:48:03,069 [grpc-default-executor-5] WARN  server.GrpcLogAppender (LogUtils.java:warn(122)) - 7d30d443-236e-4da8-b613-0865c2b8e378@group-32BF70E33156->b62aeb05-24ab-4842-8919-6c05a4e657f5-AppendLogResponseHandler: Failed appendEntries: org.apache.ratis.thirdparty.io.grpc.StatusRuntimeException: UNAVAILABLE: io exception
2020-07-02 08:48:03,069 [grpc-default-executor-5] INFO  impl.FollowerInfo (FollowerInfo.java:lambda$new$0(51)) - 7d30d443-236e-4da8-b613-0865c2b8e378@group-32BF70E33156->b62aeb05-24ab-4842-8919-6c05a4e657f5: nextIndex: updateUnconditionally 2 -> 1
2020-07-02 08:48:03,070 [grpc-default-executor-2] DEBUG server.GrpcLogAppender (GrpcLogAppender.java:onNext(257)) - 7d30d443-236e-4da8-b613-0865c2b8e378@group-32BF70E33156->aab70d5c-3498-440f-806b-05f26fe37e72-AppendLogResponseHandler: received a reply 7d30d443-236e-4da8-b613-0865c2b8e378<-aab70d5c-3498-440f-806b-05f26fe37e72#7:OK,SUCCESS,nextIndex:3,term:2,followerCommit:2, request=AppendEntriesRequest:cid=7,entriesCount=0,lastEntry=null
2020-07-02 08:48:03,346 [grpc-default-executor-2] DEBUG server.GrpcLogAppender (GrpcLogAppender.java:onNext(257)) - 26f1b97f-198a-4bc6-840d-b3fa7ce7fcfa@group-D93938EF698D->f7ed0b0c-c89c-471c-8c37-09edce727015-AppendLogResponseHandler: received a reply 26f1b97f-198a-4bc6-840d-b3fa7ce7fcfa<-f7ed0b0c-c89c-471c-8c37-09edce727015#43:OK,SUCCESS,nextIndex:7,term:3,followerCommit:6, request=AppendEntriesRequest:cid=43,entriesCount=0,lastEntry=null
2020-07-02 08:48:03,347 [grpc-default-executor-5] WARN  server.GrpcLogAppender (LogUtils.java:warn(122)) - 26f1b97f-198a-4bc6-840d-b3fa7ce7fcfa@group-D93938EF698D->c4f8bc01-7deb-4cd9-a6c1-654553e0e0ff-AppendLogResponseHandler: Failed appendEntries: org.apache.ratis.thirdparty.io.grpc.StatusRuntimeException: UNAVAILABLE: io exception
2020-07-02 08:48:03,349 [grpc-default-executor-5] INFO  impl.FollowerInfo (FollowerInfo.java:lambda$new$0(51)) - 26f1b97f-198a-4bc6-840d-b3fa7ce7fcfa@group-D93938EF698D->c4f8bc01-7deb-4cd9-a6c1-654553e0e0ff: nextIndex: updateUnconditionally 2 -> 1
2020-07-02 08:48:03,563 [grpc-default-executor-3] WARN  server.GrpcLogAppender (LogUtils.java:warn(122)) - a3230122-e9f1-469c-a445-fc983e5286bd@group-8E625A2998A3->b5ee9bf6-c323-4b90-8393-8aea495c4582-AppendLogResponseHandler: Failed appendEntries: org.apache.ratis.thirdparty.io.grpc.StatusRuntimeException: UNAVAILABLE: io exception
2020-07-02 08:48:03,563 [grpc-default-executor-3] INFO  impl.FollowerInfo (FollowerInfo.java:lambda$new$0(51)) - a3230122-e9f1-469c-a445-fc983e5286bd@group-8E625A2998A3->b5ee9bf6-c323-4b90-8393-8aea495c4582: nextIndex: updateUnconditionally 3 -> 2
2020-07-02 08:48:03,563 [grpc-default-executor-3] WARN  server.GrpcLogAppender (LogUtils.java:warn(122)) - a3230122-e9f1-469c-a445-fc983e5286bd@group-8E625A2998A3->d4095b94-faf8-4714-9e04-9d2538430758-AppendLogResponseHandler: Failed appendEntries: org.apache.ratis.thirdparty.io.grpc.StatusRuntimeException: UNAVAILABLE: io exception
2020-07-02 08:48:03,564 [grpc-default-executor-3] INFO  impl.FollowerInfo (FollowerInfo.java:lambda$new$0(51)) - a3230122-e9f1-469c-a445-fc983e5286bd@group-8E625A2998A3->d4095b94-faf8-4714-9e04-9d2538430758: nextIndex: updateUnconditionally 1 -> 0
2020-07-02 08:48:03,569 [grpc-default-executor-2] WARN  server.GrpcLogAppender (LogUtils.java:warn(122)) - 7d30d443-236e-4da8-b613-0865c2b8e378@group-32BF70E33156->b62aeb05-24ab-4842-8919-6c05a4e657f5-AppendLogResponseHandler: Failed appendEntries: org.apache.ratis.thirdparty.io.grpc.StatusRuntimeException: UNAVAILABLE: io exception
2020-07-02 08:48:03,569 [grpc-default-executor-2] INFO  impl.FollowerInfo (FollowerInfo.java:lambda$new$0(51)) - 7d30d443-236e-4da8-b613-0865c2b8e378@group-32BF70E33156->b62aeb05-24ab-4842-8919-6c05a4e657f5: nextIndex: updateUnconditionally 2 -> 1
2020-07-02 08:48:03,571 [grpc-default-executor-2] DEBUG server.GrpcLogAppender (GrpcLogAppender.java:onNext(257)) - 7d30d443-236e-4da8-b613-0865c2b8e378@group-32BF70E33156->aab70d5c-3498-440f-806b-05f26fe37e72-AppendLogResponseHandler: received a reply 7d30d443-236e-4da8-b613-0865c2b8e378<-aab70d5c-3498-440f-806b-05f26fe37e72#8:OK,SUCCESS,nextIndex:3,term:2,followerCommit:2, request=AppendEntriesRequest:cid=8,entriesCount=0,lastEntry=null
2020-07-02 08:48:03,847 [grpc-default-executor-2] DEBUG server.GrpcLogAppender (GrpcLogAppender.java:onNext(257)) - 26f1b97f-198a-4bc6-840d-b3fa7ce7fcfa@group-D93938EF698D->f7ed0b0c-c89c-471c-8c37-09edce727015-AppendLogResponseHandler: received a reply 26f1b97f-198a-4bc6-840d-b3fa7ce7fcfa<-f7ed0b0c-c89c-471c-8c37-09edce727015#44:OK,SUCCESS,nextIndex:7,term:3,followerCommit:6, request=AppendEntriesRequest:cid=44,entriesCount=0,lastEntry=null
2020-07-02 08:48:03,850 [grpc-default-executor-3] WARN  server.GrpcLogAppender (LogUtils.java:warn(122)) - 26f1b97f-198a-4bc6-840d-b3fa7ce7fcfa@group-D93938EF698D->c4f8bc01-7deb-4cd9-a6c1-654553e0e0ff-AppendLogResponseHandler: Failed appendEntries: org.apache.ratis.thirdparty.io.grpc.StatusRuntimeException: UNAVAILABLE: io exception
2020-07-02 08:48:03,850 [grpc-default-executor-3] INFO  impl.FollowerInfo (FollowerInfo.java:lambda$new$0(51)) - 26f1b97f-198a-4bc6-840d-b3fa7ce7fcfa@group-D93938EF698D->c4f8bc01-7deb-4cd9-a6c1-654553e0e0ff: nextIndex: updateUnconditionally 2 -> 1
2020-07-02 08:48:04,066 [grpc-default-executor-5] WARN  server.GrpcLogAppender (LogUtils.java:warn(122)) - a3230122-e9f1-469c-a445-fc983e5286bd@group-8E625A2998A3->b5ee9bf6-c323-4b90-8393-8aea495c4582-AppendLogResponseHandler: Failed appendEntries: org.apache.ratis.thirdparty.io.grpc.StatusRuntimeException: UNAVAILABLE: io exception
2020-07-02 08:48:04,066 [grpc-default-executor-5] INFO  impl.FollowerInfo (FollowerInfo.java:lambda$new$0(51)) - a3230122-e9f1-469c-a445-fc983e5286bd@group-8E625A2998A3->b5ee9bf6-c323-4b90-8393-8aea495c4582: nextIndex: updateUnconditionally 3 -> 2
2020-07-02 08:48:04,066 [grpc-default-executor-4] WARN  server.GrpcLogAppender (LogUtils.java:warn(122)) - a3230122-e9f1-469c-a445-fc983e5286bd@group-8E625A2998A3->d4095b94-faf8-4714-9e04-9d2538430758-AppendLogResponseHandler: Failed appendEntries: org.apache.ratis.thirdparty.io.grpc.StatusRuntimeException: UNAVAILABLE: io exception
2020-07-02 08:48:04,066 [grpc-default-executor-4] INFO  impl.FollowerInfo (FollowerInfo.java:lambda$new$0(51)) - a3230122-e9f1-469c-a445-fc983e5286bd@group-8E625A2998A3->d4095b94-faf8-4714-9e04-9d2538430758: nextIndex: updateUnconditionally 1 -> 0
2020-07-02 08:48:04,070 [grpc-default-executor-5] WARN  server.GrpcLogAppender (LogUtils.java:warn(122)) - 7d30d443-236e-4da8-b613-0865c2b8e378@group-32BF70E33156->b62aeb05-24ab-4842-8919-6c05a4e657f5-AppendLogResponseHandler: Failed appendEntries: org.apache.ratis.thirdparty.io.grpc.StatusRuntimeException: UNAVAILABLE: io exception
2020-07-02 08:48:04,070 [grpc-default-executor-5] INFO  impl.FollowerInfo (FollowerInfo.java:lambda$new$0(51)) - 7d30d443-236e-4da8-b613-0865c2b8e378@group-32BF70E33156->b62aeb05-24ab-4842-8919-6c05a4e657f5: nextIndex: updateUnconditionally 2 -> 1
2020-07-02 08:48:04,073 [grpc-default-executor-5] DEBUG server.GrpcLogAppender (GrpcLogAppender.java:onNext(257)) - 7d30d443-236e-4da8-b613-0865c2b8e378@group-32BF70E33156->aab70d5c-3498-440f-806b-05f26fe37e72-AppendLogResponseHandler: received a reply 7d30d443-236e-4da8-b613-0865c2b8e378<-aab70d5c-3498-440f-806b-05f26fe37e72#9:OK,SUCCESS,nextIndex:3,term:2,followerCommit:2, request=AppendEntriesRequest:cid=9,entriesCount=0,lastEntry=null
2020-07-02 08:48:04,350 [grpc-default-executor-5] DEBUG server.GrpcLogAppender (GrpcLogAppender.java:onNext(257)) - 26f1b97f-198a-4bc6-840d-b3fa7ce7fcfa@group-D93938EF698D->f7ed0b0c-c89c-471c-8c37-09edce727015-AppendLogResponseHandler: received a reply 26f1b97f-198a-4bc6-840d-b3fa7ce7fcfa<-f7ed0b0c-c89c-471c-8c37-09edce727015#45:OK,SUCCESS,nextIndex:7,term:3,followerCommit:6, request=AppendEntriesRequest:cid=45,entriesCount=0,lastEntry=null
2020-07-02 08:48:04,353 [grpc-default-executor-4] WARN  server.GrpcLogAppender (LogUtils.java:warn(122)) - 26f1b97f-198a-4bc6-840d-b3fa7ce7fcfa@group-D93938EF698D->c4f8bc01-7deb-4cd9-a6c1-654553e0e0ff-AppendLogResponseHandler: Failed appendEntries: org.apache.ratis.thirdparty.io.grpc.StatusRuntimeException: UNAVAILABLE: io exception
2020-07-02 08:48:04,354 [grpc-default-executor-4] INFO  impl.FollowerInfo (FollowerInfo.java:lambda$new$0(51)) - 26f1b97f-198a-4bc6-840d-b3fa7ce7fcfa@group-D93938EF698D->c4f8bc01-7deb-4cd9-a6c1-654553e0e0ff: nextIndex: updateUnconditionally 2 -> 1
2020-07-02 08:48:04,399 [ForkJoinPool.commonPool-worker-0] INFO  ozoneimpl.OzoneContainer (OzoneContainer.java:stop(246)) - Attempting to stop container services.
2020-07-02 08:48:04,399 [ForkJoinPool.commonPool-worker-0] INFO  impl.RaftServerProxy (RaftServerProxy.java:lambda$close$4(319)) - a3230122-e9f1-469c-a445-fc983e5286bd: close
2020-07-02 08:48:04,399 [ForkJoinPool.commonPool-worker-0] INFO  impl.RaftServerImpl (RaftServerImpl.java:lambda$shutdown$3(252)) - a3230122-e9f1-469c-a445-fc983e5286bd@group-8E625A2998A3: shutdown
2020-07-02 08:48:04,400 [ForkJoinPool.commonPool-worker-0] INFO  util.JmxRegister (JmxRegister.java:unregister(73)) - Successfully un-registered JMX Bean with object name Ratis:service=RaftServer,group=group-8E625A2998A3,id=a3230122-e9f1-469c-a445-fc983e5286bd
2020-07-02 08:48:04,400 [ForkJoinPool.commonPool-worker-0] INFO  impl.RoleInfo (RoleInfo.java:shutdownLeaderState(104)) - a3230122-e9f1-469c-a445-fc983e5286bd: shutdown LeaderState
2020-07-02 08:48:04,400 [ForkJoinPool.commonPool-worker-0] INFO  metrics.RatisMetrics (RatisMetrics.java:unregister(43)) - Unregistering Metrics Registry : ratis_grpc.log_appender.a3230122-e9f1-469c-a445-fc983e5286bd@group-8E625A2998A3
2020-07-02 08:48:04,401 [ForkJoinPool.commonPool-worker-0] INFO  metrics.RatisMetrics (RatisMetrics.java:unregister(43)) - Unregistering Metrics Registry : ratis_grpc.log_appender.a3230122-e9f1-469c-a445-fc983e5286bd@group-8E625A2998A3
2020-07-02 08:48:04,401 [org.apache.ratis.server.impl.LogAppender$AppenderDaemon$$Lambda$457/1674559201@6a97c0be] WARN  server.GrpcLogAppender (GrpcLogAppender.java:mayWait(153)) - a3230122-e9f1-469c-a445-fc983e5286bd@group-8E625A2998A3->b5ee9bf6-c323-4b90-8393-8aea495c4582-GrpcLogAppender: Wait interrupted by java.lang.InterruptedException
2020-07-02 08:48:04,401 [ForkJoinPool.commonPool-worker-0] INFO  impl.PendingRequests (PendingRequests.java:sendNotLeaderResponses(249)) - a3230122-e9f1-469c-a445-fc983e5286bd@group-8E625A2998A3-PendingRequests: sendNotLeaderResponses
2020-07-02 08:48:04,401 [org.apache.ratis.server.impl.LogAppender$AppenderDaemon$$Lambda$457/1674559201@699d4f63] WARN  server.GrpcLogAppender (GrpcLogAppender.java:mayWait(153)) - a3230122-e9f1-469c-a445-fc983e5286bd@group-8E625A2998A3->d4095b94-faf8-4714-9e04-9d2538430758-GrpcLogAppender: Wait interrupted by java.lang.InterruptedException
2020-07-02 08:48:04,403 [ForkJoinPool.commonPool-worker-0] INFO  metrics.RatisMetrics (RatisMetrics.java:unregister(43)) - Unregistering Metrics Registry : ratis.log_appender.a3230122-e9f1-469c-a445-fc983e5286bd@group-8E625A2998A3
2020-07-02 08:48:04,403 [ForkJoinPool.commonPool-worker-0] INFO  metrics.RatisMetrics (RatisMetrics.java:unregister(43)) - Unregistering Metrics Registry : ratis.server.a3230122-e9f1-469c-a445-fc983e5286bd@group-8E625A2998A3
2020-07-02 08:48:04,403 [ForkJoinPool.commonPool-worker-0] INFO  impl.StateMachineUpdater (StateMachineUpdater.java:stopAndJoin(142)) - a3230122-e9f1-469c-a445-fc983e5286bd@group-8E625A2998A3-StateMachineUpdater: set stopIndex = 2
2020-07-02 08:48:04,404 [a3230122-e9f1-469c-a445-fc983e5286bd@group-8E625A2998A3-StateMachineUpdater] INFO  ratis.ContainerStateMachine (ContainerStateMachine.java:takeSnapshot(293)) - group-8E625A2998A3: Taking a snapshot at:(t:2, i:2) file /github/workspace/mnt/ozone/hadoop-ozone/integration-test/target/test-dir/MiniOzoneClusterImpl-2ea21c0c-9bca-4642-a989-259fb4fcb281/datanode-4/data/ratis/e550a23b-173f-4fb1-89ef-8e625a2998a3/sm/snapshot.2_2
2020-07-02 08:48:04,404 [a3230122-e9f1-469c-a445-fc983e5286bd@group-8E625A2998A3-StateMachineUpdater] INFO  ratis.ContainerStateMachine (ContainerStateMachine.java:takeSnapshot(304)) - group-8E625A2998A3: Finished taking a snapshot at:(t:2, i:2) file:/github/workspace/mnt/ozone/hadoop-ozone/integration-test/target/test-dir/MiniOzoneClusterImpl-2ea21c0c-9bca-4642-a989-259fb4fcb281/datanode-4/data/ratis/e550a23b-173f-4fb1-89ef-8e625a2998a3/sm/snapshot.2_2 time:1
2020-07-02 08:48:04,404 [a3230122-e9f1-469c-a445-fc983e5286bd@group-8E625A2998A3-StateMachineUpdater] INFO  impl.StateMachineUpdater (StateMachineUpdater.java:takeSnapshot(277)) - a3230122-e9f1-469c-a445-fc983e5286bd@group-8E625A2998A3-StateMachineUpdater: Took a snapshot at index 2
2020-07-02 08:48:04,405 [a3230122-e9f1-469c-a445-fc983e5286bd@group-8E625A2998A3-StateMachineUpdater] INFO  impl.StateMachineUpdater (StateMachineUpdater.java:lambda$new$0(87)) - a3230122-e9f1-469c-a445-fc983e5286bd@group-8E625A2998A3-StateMachineUpdater: snapshotIndex: updateIncreasingly -1 -> 2
2020-07-02 08:48:04,405 [a3230122-e9f1-469c-a445-fc983e5286bd@group-8E625A2998A3-StateMachineUpdater] INFO  metrics.RatisMetrics (RatisMetrics.java:unregister(43)) - Unregistering Metrics Registry : ratis.state_machine.a3230122-e9f1-469c-a445-fc983e5286bd@group-8E625A2998A3
2020-07-02 08:48:04,405 [ForkJoinPool.commonPool-worker-0] INFO  impl.RaftServerImpl (ServerState.java:close(387)) - a3230122-e9f1-469c-a445-fc983e5286bd@group-8E625A2998A3: closes. applyIndex: 2
2020-07-02 08:48:04,405 [a3230122-e9f1-469c-a445-fc983e5286bd@group-8E625A2998A3-SegmentedRaftLogWorker] INFO  segmented.SegmentedRaftLogWorker (SegmentedRaftLogWorker.java:run(327)) - a3230122-e9f1-469c-a445-fc983e5286bd@group-8E625A2998A3-SegmentedRaftLogWorker was interrupted, exiting. There are 0 tasks remaining in the queue.
2020-07-02 08:48:04,406 [ForkJoinPool.commonPool-worker-0] INFO  segmented.SegmentedRaftLogWorker (SegmentedRaftLogWorker.java:close(234)) - a3230122-e9f1-469c-a445-fc983e5286bd@group-8E625A2998A3-SegmentedRaftLogWorker close()
2020-07-02 08:48:04,406 [ForkJoinPool.commonPool-worker-0] INFO  metrics.RatisMetrics (RatisMetrics.java:unregister(43)) - Unregistering Metrics Registry : ratis.log_worker.a3230122-e9f1-469c-a445-fc983e5286bd@group-8E625A2998A3
2020-07-02 08:48:04,406 [ForkJoinPool.commonPool-worker-0] INFO  metrics.RatisMetrics (RatisMetrics.java:unregister(43)) - Unregistering Metrics Registry : ratis.leader_election.a3230122-e9f1-469c-a445-fc983e5286bd@group-8E625A2998A3
2020-07-02 08:48:04,407 [ForkJoinPool.commonPool-worker-0] INFO  metrics.RatisMetrics (RatisMetrics.java:unregister(43)) - Unregistering Metrics Registry : ratis.server.a3230122-e9f1-469c-a445-fc983e5286bd@group-8E625A2998A3
2020-07-02 08:48:04,407 [ForkJoinPool.commonPool-worker-0] INFO  impl.RaftServerImpl (RaftServerImpl.java:lambda$shutdown$3(252)) - a3230122-e9f1-469c-a445-fc983e5286bd@group-D3309ECE33D4: shutdown
2020-07-02 08:48:04,407 [ForkJoinPool.commonPool-worker-0] INFO  util.JmxRegister (JmxRegister.java:unregister(73)) - Successfully un-registered JMX Bean with object name Ratis:service=RaftServer,group=group-D3309ECE33D4,id=a3230122-e9f1-469c-a445-fc983e5286bd
2020-07-02 08:48:04,407 [ForkJoinPool.commonPool-worker-0] INFO  impl.RoleInfo (RoleInfo.java:shutdownLeaderState(104)) - a3230122-e9f1-469c-a445-fc983e5286bd: shutdown LeaderState
2020-07-02 08:48:04,407 [ForkJoinPool.commonPool-worker-0] INFO  impl.PendingRequests (PendingRequests.java:sendNotLeaderResponses(249)) - a3230122-e9f1-469c-a445-fc983e5286bd@group-D3309ECE33D4-PendingRequests: sendNotLeaderResponses
2020-07-02 08:48:04,407 [ForkJoinPool.commonPool-worker-0] INFO  metrics.RatisMetrics (RatisMetrics.java:unregister(43)) - Unregistering Metrics Registry : ratis.log_appender.a3230122-e9f1-469c-a445-fc983e5286bd@group-D3309ECE33D4
2020-07-02 08:48:04,408 [Listener at 127.0.0.1/44281] INFO  ozoneimpl.OzoneContainer (OzoneContainer.java:stop(246)) - Attempting to stop container services.
2020-07-02 08:48:04,408 [Listener at 127.0.0.1/44281] INFO  impl.RaftServerProxy (RaftServerProxy.java:lambda$close$4(319)) - 7d30d443-236e-4da8-b613-0865c2b8e378: close
2020-07-02 08:48:04,408 [Listener at 127.0.0.1/44281] INFO  impl.RaftServerImpl (RaftServerImpl.java:lambda$shutdown$3(252)) - 7d30d443-236e-4da8-b613-0865c2b8e378@group-51AACBACFB83: shutdown
2020-07-02 08:48:04,408 [ForkJoinPool.commonPool-worker-0] INFO  metrics.RatisMetrics (RatisMetrics.java:unregister(43)) - Unregistering Metrics Registry : ratis.server.a3230122-e9f1-469c-a445-fc983e5286bd@group-D3309ECE33D4
2020-07-02 08:48:04,408 [Listener at 127.0.0.1/44281] INFO  util.JmxRegister (JmxRegister.java:unregister(73)) - Successfully un-registered JMX Bean with object name Ratis:service=RaftServer,group=group-51AACBACFB83,id=7d30d443-236e-4da8-b613-0865c2b8e378
2020-07-02 08:48:04,408 [Listener at 127.0.0.1/44281] INFO  impl.RoleInfo (RoleInfo.java:shutdownLeaderState(104)) - 7d30d443-236e-4da8-b613-0865c2b8e378: shutdown LeaderState
2020-07-02 08:48:04,409 [Listener at 127.0.0.1/44281] INFO  impl.PendingRequests (PendingRequests.java:sendNotLeaderResponses(249)) - 7d30d443-236e-4da8-b613-0865c2b8e378@group-51AACBACFB83-PendingRequests: sendNotLeaderResponses
2020-07-02 08:48:04,409 [Listener at 127.0.0.1/44281] INFO  metrics.RatisMetrics (RatisMetrics.java:unregister(43)) - Unregistering Metrics Registry : ratis.log_appender.7d30d443-236e-4da8-b613-0865c2b8e378@group-51AACBACFB83
2020-07-02 08:48:04,409 [Listener at 127.0.0.1/44281] INFO  metrics.RatisMetrics (RatisMetrics.java:unregister(43)) - Unregistering Metrics Registry : ratis.server.7d30d443-236e-4da8-b613-0865c2b8e378@group-51AACBACFB83
2020-07-02 08:48:04,410 [7d30d443-236e-4da8-b613-0865c2b8e378@group-51AACBACFB83-StateMachineUpdater] INFO  ratis.ContainerStateMachine (ContainerStateMachine.java:takeSnapshot(293)) - group-51AACBACFB83: Taking a snapshot at:(t:1, i:0) file /github/workspace/mnt/ozone/hadoop-ozone/integration-test/target/test-dir/MiniOzoneClusterImpl-2ea21c0c-9bca-4642-a989-259fb4fcb281/datanode-8/data/ratis/b33c00d2-53ac-4783-8867-51aacbacfb83/sm/snapshot.1_0
2020-07-02 08:48:04,410 [Listener at 127.0.0.1/44281] INFO  impl.StateMachineUpdater (StateMachineUpdater.java:stopAndJoin(142)) - 7d30d443-236e-4da8-b613-0865c2b8e378@group-51AACBACFB83-StateMachineUpdater: set stopIndex = 0
2020-07-02 08:48:04,410 [7d30d443-236e-4da8-b613-0865c2b8e378@group-51AACBACFB83-StateMachineUpdater] INFO  ratis.ContainerStateMachine (ContainerStateMachine.java:takeSnapshot(304)) - group-51AACBACFB83: Finished taking a snapshot at:(t:1, i:0) file:/github/workspace/mnt/ozone/hadoop-ozone/integration-test/target/test-dir/MiniOzoneClusterImpl-2ea21c0c-9bca-4642-a989-259fb4fcb281/datanode-8/data/ratis/b33c00d2-53ac-4783-8867-51aacbacfb83/sm/snapshot.1_0 time:0
2020-07-02 08:48:04,411 [7d30d443-236e-4da8-b613-0865c2b8e378@group-51AACBACFB83-StateMachineUpdater] INFO  impl.StateMachineUpdater (StateMachineUpdater.java:takeSnapshot(277)) - 7d30d443-236e-4da8-b613-0865c2b8e378@group-51AACBACFB83-StateMachineUpdater: Took a snapshot at index 0
2020-07-02 08:48:04,411 [7d30d443-236e-4da8-b613-0865c2b8e378@group-51AACBACFB83-StateMachineUpdater] INFO  impl.StateMachineUpdater (StateMachineUpdater.java:lambda$new$0(87)) - 7d30d443-236e-4da8-b613-0865c2b8e378@group-51AACBACFB83-StateMachineUpdater: snapshotIndex: updateIncreasingly -1 -> 0
2020-07-02 08:48:04,411 [7d30d443-236e-4da8-b613-0865c2b8e378@group-51AACBACFB83-StateMachineUpdater] INFO  metrics.RatisMetrics (RatisMetrics.java:unregister(43)) - Unregistering Metrics Registry : ratis.state_machine.7d30d443-236e-4da8-b613-0865c2b8e378@group-51AACBACFB83
2020-07-02 08:48:04,411 [Listener at 127.0.0.1/44281] INFO  impl.RaftServerImpl (ServerState.java:close(387)) - 7d30d443-236e-4da8-b613-0865c2b8e378@group-51AACBACFB83: closes. applyIndex: 0
2020-07-02 08:48:04,411 [7d30d443-236e-4da8-b613-0865c2b8e378@group-51AACBACFB83-SegmentedRaftLogWorker] INFO  segmented.SegmentedRaftLogWorker (SegmentedRaftLogWorker.java:run(327)) - 7d30d443-236e-4da8-b613-0865c2b8e378@group-51AACBACFB83-SegmentedRaftLogWorker was interrupted, exiting. There are 0 tasks remaining in the queue.
2020-07-02 08:48:04,412 [Listener at 127.0.0.1/44281] INFO  segmented.SegmentedRaftLogWorker (SegmentedRaftLogWorker.java:close(234)) - 7d30d443-236e-4da8-b613-0865c2b8e378@group-51AACBACFB83-SegmentedRaftLogWorker close()
2020-07-02 08:48:04,414 [Listener at 127.0.0.1/44281] INFO  metrics.RatisMetrics (RatisMetrics.java:unregister(43)) - Unregistering Metrics Registry : ratis.log_worker.7d30d443-236e-4da8-b613-0865c2b8e378@group-51AACBACFB83
2020-07-02 08:48:04,414 [Listener at 127.0.0.1/44281] INFO  metrics.RatisMetrics (RatisMetrics.java:unregister(43)) - Unregistering Metrics Registry : ratis.leader_election.7d30d443-236e-4da8-b613-0865c2b8e378@group-51AACBACFB83
2020-07-02 08:48:04,414 [Listener at 127.0.0.1/44281] INFO  metrics.RatisMetrics (RatisMetrics.java:unregister(43)) - Unregistering Metrics Registry : ratis.server.7d30d443-236e-4da8-b613-0865c2b8e378@group-51AACBACFB83
2020-07-02 08:48:04,414 [Listener at 127.0.0.1/44281] INFO  impl.RaftServerImpl (RaftServerImpl.java:lambda$shutdown$3(252)) - 7d30d443-236e-4da8-b613-0865c2b8e378@group-32BF70E33156: shutdown
2020-07-02 08:48:04,415 [Listener at 127.0.0.1/44281] INFO  util.JmxRegister (JmxRegister.java:unregister(73)) - Successfully un-registered JMX Bean with object name Ratis:service=RaftServer,group=group-32BF70E33156,id=7d30d443-236e-4da8-b613-0865c2b8e378
2020-07-02 08:48:04,415 [Listener at 127.0.0.1/44281] INFO  impl.RoleInfo (RoleInfo.java:shutdownLeaderState(104)) - 7d30d443-236e-4da8-b613-0865c2b8e378: shutdown LeaderState
2020-07-02 08:48:04,415 [Listener at 127.0.0.1/44281] INFO  metrics.RatisMetrics (RatisMetrics.java:unregister(43)) - Unregistering Metrics Registry : ratis_grpc.log_appender.7d30d443-236e-4da8-b613-0865c2b8e378@group-32BF70E33156
2020-07-02 08:48:04,415 [ForkJoinPool.commonPool-worker-0] INFO  impl.StateMachineUpdater (StateMachineUpdater.java:stopAndJoin(142)) - a3230122-e9f1-469c-a445-fc983e5286bd@group-D3309ECE33D4-StateMachineUpdater: set stopIndex = 0
2020-07-02 08:48:04,416 [a3230122-e9f1-469c-a445-fc983e5286bd@group-D3309ECE33D4-StateMachineUpdater] INFO  ratis.ContainerStateMachine (ContainerStateMachine.java:takeSnapshot(293)) - group-D3309ECE33D4: Taking a snapshot at:(t:1, i:0) file /github/workspace/mnt/ozone/hadoop-ozone/integration-test/target/test-dir/MiniOzoneClusterImpl-2ea21c0c-9bca-4642-a989-259fb4fcb281/datanode-4/data/ratis/bb978cf7-98ce-4e39-a660-d3309ece33d4/sm/snapshot.1_0
2020-07-02 08:48:04,416 [a3230122-e9f1-469c-a445-fc983e5286bd@group-D3309ECE33D4-StateMachineUpdater] INFO  ratis.ContainerStateMachine (ContainerStateMachine.java:takeSnapshot(304)) - group-D3309ECE33D4: Finished taking a snapshot at:(t:1, i:0) file:/github/workspace/mnt/ozone/hadoop-ozone/integration-test/target/test-dir/MiniOzoneClusterImpl-2ea21c0c-9bca-4642-a989-259fb4fcb281/datanode-4/data/ratis/bb978cf7-98ce-4e39-a660-d3309ece33d4/sm/snapshot.1_0 time:1
2020-07-02 08:48:04,416 [org.apache.ratis.server.impl.LogAppender$AppenderDaemon$$Lambda$457/1674559201@7b9d9474] WARN  server.GrpcLogAppender (GrpcLogAppender.java:mayWait(153)) - 7d30d443-236e-4da8-b613-0865c2b8e378@group-32BF70E33156->b62aeb05-24ab-4842-8919-6c05a4e657f5-GrpcLogAppender: Wait interrupted by java.lang.InterruptedException
2020-07-02 08:48:04,416 [a3230122-e9f1-469c-a445-fc983e5286bd@group-D3309ECE33D4-StateMachineUpdater] INFO  impl.StateMachineUpdater (StateMachineUpdater.java:takeSnapshot(277)) - a3230122-e9f1-469c-a445-fc983e5286bd@group-D3309ECE33D4-StateMachineUpdater: Took a snapshot at index 0
2020-07-02 08:48:04,416 [a3230122-e9f1-469c-a445-fc983e5286bd@group-D3309ECE33D4-StateMachineUpdater] INFO  impl.StateMachineUpdater (StateMachineUpdater.java:lambda$new$0(87)) - a3230122-e9f1-469c-a445-fc983e5286bd@group-D3309ECE33D4-StateMachineUpdater: snapshotIndex: updateIncreasingly -1 -> 0
2020-07-02 08:48:04,416 [Listener at 127.0.0.1/44281] INFO  metrics.RatisMetrics (RatisMetrics.java:unregister(43)) - Unregistering Metrics Registry : ratis_grpc.log_appender.7d30d443-236e-4da8-b613-0865c2b8e378@group-32BF70E33156
2020-07-02 08:48:04,416 [a3230122-e9f1-469c-a445-fc983e5286bd@group-D3309ECE33D4-StateMachineUpdater] INFO  metrics.RatisMetrics (RatisMetrics.java:unregister(43)) - Unregistering Metrics Registry : ratis.state_machine.a3230122-e9f1-469c-a445-fc983e5286bd@group-D3309ECE33D4
2020-07-02 08:48:04,417 [ForkJoinPool.commonPool-worker-0] INFO  impl.RaftServerImpl (ServerState.java:close(387)) - a3230122-e9f1-469c-a445-fc983e5286bd@group-D3309ECE33D4: closes. applyIndex: 0
2020-07-02 08:48:04,417 [a3230122-e9f1-469c-a445-fc983e5286bd@group-D3309ECE33D4-SegmentedRaftLogWorker] INFO  segmented.SegmentedRaftLogWorker (SegmentedRaftLogWorker.java:run(327)) - a3230122-e9f1-469c-a445-fc983e5286bd@group-D3309ECE33D4-SegmentedRaftLogWorker was interrupted, exiting. There are 0 tasks remaining in the queue.
2020-07-02 08:48:04,417 [ForkJoinPool.commonPool-worker-0] INFO  segmented.SegmentedRaftLogWorker (SegmentedRaftLogWorker.java:close(234)) - a3230122-e9f1-469c-a445-fc983e5286bd@group-D3309ECE33D4-SegmentedRaftLogWorker close()
2020-07-02 08:48:04,417 [ForkJoinPool.commonPool-worker-0] INFO  metrics.RatisMetrics (RatisMetrics.java:unregister(43)) - Unregistering Metrics Registry : ratis.log_worker.a3230122-e9f1-469c-a445-fc983e5286bd@group-D3309ECE33D4
2020-07-02 08:48:04,418 [ForkJoinPool.commonPool-worker-0] INFO  metrics.RatisMetrics (RatisMetrics.java:unregister(43)) - Unregistering Metrics Registry : ratis.leader_election.a3230122-e9f1-469c-a445-fc983e5286bd@group-D3309ECE33D4
2020-07-02 08:48:04,419 [org.apache.ratis.server.impl.LogAppender$AppenderDaemon$$Lambda$457/1674559201@5f502a2d] WARN  server.GrpcLogAppender (GrpcLogAppender.java:mayWait(153)) - 7d30d443-236e-4da8-b613-0865c2b8e378@group-32BF70E33156->aab70d5c-3498-440f-806b-05f26fe37e72-GrpcLogAppender: Wait interrupted by java.lang.InterruptedException
2020-07-02 08:48:04,419 [Listener at 127.0.0.1/44281] INFO  impl.PendingRequests (PendingRequests.java:sendNotLeaderResponses(249)) - 7d30d443-236e-4da8-b613-0865c2b8e378@group-32BF70E33156-PendingRequests: sendNotLeaderResponses
2020-07-02 08:48:04,419 [ForkJoinPool.commonPool-worker-0] INFO  metrics.RatisMetrics (RatisMetrics.java:unregister(43)) - Unregistering Metrics Registry : ratis.server.a3230122-e9f1-469c-a445-fc983e5286bd@group-D3309ECE33D4
2020-07-02 08:48:04,420 [grpc-default-executor-4] INFO  server.GrpcServerProtocolService (GrpcServerProtocolService.java:onCompleted(138)) - aab70d5c-3498-440f-806b-05f26fe37e72: Completed APPEND_ENTRIES, lastRequest: 7d30d443-236e-4da8-b613-0865c2b8e378->aab70d5c-3498-440f-806b-05f26fe37e72#2-t2, previous=(t:2, i:1), leaderCommit=1, initializing? false, entries: size=1, first=(t:2, i:2), METADATAENTRY(c:1)
2020-07-02 08:48:04,420 [Listener at 127.0.0.1/44281] INFO  metrics.RatisMetrics (RatisMetrics.java:unregister(43)) - Unregistering Metrics Registry : ratis.log_appender.7d30d443-236e-4da8-b613-0865c2b8e378@group-32BF70E33156
2020-07-02 08:48:04,421 [grpc-default-executor-4] INFO  server.GrpcLogAppender (GrpcLogAppender.java:onCompleted(319)) - 7d30d443-236e-4da8-b613-0865c2b8e378@group-32BF70E33156->aab70d5c-3498-440f-806b-05f26fe37e72-AppendLogResponseHandler: follower responses appendEntries COMPLETED
2020-07-02 08:48:04,420 [ForkJoinPool.commonPool-worker-0] INFO  server.GrpcService (GrpcService.java:closeImpl(166)) - a3230122-e9f1-469c-a445-fc983e5286bd: shutdown server with port 39051 now
2020-07-02 08:48:04,421 [Listener at 127.0.0.1/44281] INFO  metrics.RatisMetrics (RatisMetrics.java:unregister(43)) - Unregistering Metrics Registry : ratis.server.7d30d443-236e-4da8-b613-0865c2b8e378@group-32BF70E33156
2020-07-02 08:48:04,421 [grpc-default-executor-4] INFO  impl.FollowerInfo (FollowerInfo.java:lambda$new$0(51)) - 7d30d443-236e-4da8-b613-0865c2b8e378@group-32BF70E33156->aab70d5c-3498-440f-806b-05f26fe37e72: nextIndex: updateUnconditionally 3 -> 2
2020-07-02 08:48:04,422 [ForkJoinPool.commonPool-worker-0] INFO  server.GrpcService (GrpcService.java:closeImpl(174)) - a3230122-e9f1-469c-a445-fc983e5286bd: shutdown server with port 39051 successfully
2020-07-02 08:48:04,422 [Listener at 127.0.0.1/44281] INFO  impl.StateMachineUpdater (StateMachineUpdater.java:stopAndJoin(142)) - 7d30d443-236e-4da8-b613-0865c2b8e378@group-32BF70E33156-StateMachineUpdater: set stopIndex = 2
2020-07-02 08:48:04,423 [7d30d443-236e-4da8-b613-0865c2b8e378@group-32BF70E33156-StateMachineUpdater] INFO  ratis.ContainerStateMachine (ContainerStateMachine.java:takeSnapshot(293)) - group-32BF70E33156: Taking a snapshot at:(t:2, i:2) file /github/workspace/mnt/ozone/hadoop-ozone/integration-test/target/test-dir/MiniOzoneClusterImpl-2ea21c0c-9bca-4642-a989-259fb4fcb281/datanode-8/data/ratis/4a1b0e43-e9cb-4761-8073-32bf70e33156/sm/snapshot.2_2
2020-07-02 08:48:04,424 [7d30d443-236e-4da8-b613-0865c2b8e378@group-32BF70E33156-StateMachineUpdater] INFO  ratis.ContainerStateMachine (ContainerStateMachine.java:takeSnapshot(304)) - group-32BF70E33156: Finished taking a snapshot at:(t:2, i:2) file:/github/workspace/mnt/ozone/hadoop-ozone/integration-test/target/test-dir/MiniOzoneClusterImpl-2ea21c0c-9bca-4642-a989-259fb4fcb281/datanode-8/data/ratis/4a1b0e43-e9cb-4761-8073-32bf70e33156/sm/snapshot.2_2 time:1
2020-07-02 08:48:04,424 [7d30d443-236e-4da8-b613-0865c2b8e378@group-32BF70E33156-StateMachineUpdater] INFO  impl.StateMachineUpdater (StateMachineUpdater.java:takeSnapshot(277)) - 7d30d443-236e-4da8-b613-0865c2b8e378@group-32BF70E33156-StateMachineUpdater: Took a snapshot at index 2
2020-07-02 08:48:04,424 [7d30d443-236e-4da8-b613-0865c2b8e378@group-32BF70E33156-StateMachineUpdater] INFO  impl.StateMachineUpdater (StateMachineUpdater.java:lambda$new$0(87)) - 7d30d443-236e-4da8-b613-0865c2b8e378@group-32BF70E33156-StateMachineUpdater: snapshotIndex: updateIncreasingly -1 -> 2
2020-07-02 08:48:04,424 [7d30d443-236e-4da8-b613-0865c2b8e378@group-32BF70E33156-StateMachineUpdater] INFO  metrics.RatisMetrics (RatisMetrics.java:unregister(43)) - Unregistering Metrics Registry : ratis.state_machine.7d30d443-236e-4da8-b613-0865c2b8e378@group-32BF70E33156
2020-07-02 08:48:04,424 [Listener at 127.0.0.1/44281] INFO  impl.RaftServerImpl (ServerState.java:close(387)) - 7d30d443-236e-4da8-b613-0865c2b8e378@group-32BF70E33156: closes. applyIndex: 2
2020-07-02 08:48:04,425 [7d30d443-236e-4da8-b613-0865c2b8e378@group-32BF70E33156-SegmentedRaftLogWorker] INFO  segmented.SegmentedRaftLogWorker (SegmentedRaftLogWorker.java:run(327)) - 7d30d443-236e-4da8-b613-0865c2b8e378@group-32BF70E33156-SegmentedRaftLogWorker was interrupted, exiting. There are 0 tasks remaining in the queue.
2020-07-02 08:48:04,425 [Listener at 127.0.0.1/44281] INFO  segmented.SegmentedRaftLogWorker (SegmentedRaftLogWorker.java:close(234)) - 7d30d443-236e-4da8-b613-0865c2b8e378@group-32BF70E33156-SegmentedRaftLogWorker close()
2020-07-02 08:48:04,425 [Listener at 127.0.0.1/44281] INFO  metrics.RatisMetrics (RatisMetrics.java:unregister(43)) - Unregistering Metrics Registry : ratis.log_worker.7d30d443-236e-4da8-b613-0865c2b8e378@group-32BF70E33156
2020-07-02 08:48:04,425 [Listener at 127.0.0.1/44281] INFO  metrics.RatisMetrics (RatisMetrics.java:unregister(43)) - Unregistering Metrics Registry : ratis.leader_election.7d30d443-236e-4da8-b613-0865c2b8e378@group-32BF70E33156
2020-07-02 08:48:04,425 [Listener at 127.0.0.1/44281] INFO  metrics.RatisMetrics (RatisMetrics.java:unregister(43)) - Unregistering Metrics Registry : ratis.server.7d30d443-236e-4da8-b613-0865c2b8e378@group-32BF70E33156
2020-07-02 08:48:04,425 [Listener at 127.0.0.1/44281] INFO  server.GrpcService (GrpcService.java:closeImpl(166)) - 7d30d443-236e-4da8-b613-0865c2b8e378: shutdown server with port 36199 now
2020-07-02 08:48:04,426 [Listener at 127.0.0.1/44281] INFO  server.GrpcService (GrpcService.java:closeImpl(174)) - 7d30d443-236e-4da8-b613-0865c2b8e378: shutdown server with port 36199 successfully
2020-07-02 08:48:04,428 [Listener at 127.0.0.1/44281] INFO  utils.BackgroundService (BackgroundService.java:shutdown(157)) - Shutting down service BlockDeletingService
2020-07-02 08:48:04,428 [ForkJoinPool.commonPool-worker-0] INFO  utils.BackgroundService (BackgroundService.java:shutdown(157)) - Shutting down service BlockDeletingService
2020-07-02 08:48:04,429 [Listener at 127.0.0.1/44281] INFO  statemachine.DatanodeStateMachine (DatanodeStateMachine.java:stopDaemon(428)) - Ozone container server stopped.
2020-07-02 08:48:04,430 [Listener at 127.0.0.1/44281] INFO  handler.ContextHandler (ContextHandler.java:doStop(1016)) - Stopped o.e.j.w.WebAppContext@609ca596{hddsDatanode,/,null,UNAVAILABLE}{jar:file:/home/user/.m2/repository/org/apache/hadoop/hadoop-hdds-container-service/0.6.0-SNAPSHOT/hadoop-hdds-container-service-0.6.0-SNAPSHOT.jar!/webapps/hddsDatanode}
2020-07-02 08:48:04,430 [Listener at 127.0.0.1/44281] INFO  server.AbstractConnector (AbstractConnector.java:doStop(380)) - Stopped ServerConnector@4c0637c{HTTP/1.1,[http/1.1]}{0.0.0.0:0}
2020-07-02 08:48:04,431 [Listener at 127.0.0.1/44281] INFO  server.session (HouseKeeper.java:stopScavenging(158)) - node0 Stopped scavenging
2020-07-02 08:48:04,431 [Listener at 127.0.0.1/44281] INFO  handler.ContextHandler (ContextHandler.java:doStop(1016)) - Stopped o.e.j.s.ServletContextHandler@4252a230{static,/static,jar:file:/home/user/.m2/repository/org/apache/hadoop/hadoop-hdds-container-service/0.6.0-SNAPSHOT/hadoop-hdds-container-service-0.6.0-SNAPSHOT.jar!/webapps/static,UNAVAILABLE}
2020-07-02 08:48:04,431 [Listener at 127.0.0.1/44281] INFO  handler.ContextHandler (ContextHandler.java:doStop(1016)) - Stopped o.e.j.s.ServletContextHandler@298009e7{logs,/logs,file:///github/workspace/mnt/ozone/hadoop-ozone/integration-test/target/log,UNAVAILABLE}
2020-07-02 08:48:04,434 [ForkJoinPool.commonPool-worker-0] INFO  statemachine.DatanodeStateMachine (DatanodeStateMachine.java:stopDaemon(428)) - Ozone container server stopped.
2020-07-02 08:48:04,435 [ForkJoinPool.commonPool-worker-0] INFO  handler.ContextHandler (ContextHandler.java:doStop(1016)) - Stopped o.e.j.w.WebAppContext@45cf3373{hddsDatanode,/,null,UNAVAILABLE}{jar:file:/home/user/.m2/repository/org/apache/hadoop/hadoop-hdds-container-service/0.6.0-SNAPSHOT/hadoop-hdds-container-service-0.6.0-SNAPSHOT.jar!/webapps/hddsDatanode}
2020-07-02 08:48:04,436 [ForkJoinPool.commonPool-worker-0] INFO  server.AbstractConnector (AbstractConnector.java:doStop(380)) - Stopped ServerConnector@67d62f2{HTTP/1.1,[http/1.1]}{0.0.0.0:0}
2020-07-02 08:48:04,436 [ForkJoinPool.commonPool-worker-0] INFO  server.session (HouseKeeper.java:stopScavenging(158)) - node0 Stopped scavenging
2020-07-02 08:48:04,437 [ForkJoinPool.commonPool-worker-0] INFO  handler.ContextHandler (ContextHandler.java:doStop(1016)) - Stopped o.e.j.s.ServletContextHandler@653b9ce7{static,/static,jar:file:/home/user/.m2/repository/org/apache/hadoop/hadoop-hdds-container-service/0.6.0-SNAPSHOT/hadoop-hdds-container-service-0.6.0-SNAPSHOT.jar!/webapps/static,UNAVAILABLE}
2020-07-02 08:48:04,438 [ForkJoinPool.commonPool-worker-0] INFO  handler.ContextHandler (ContextHandler.java:doStop(1016)) - Stopped o.e.j.s.ServletContextHandler@63b9549f{logs,/logs,file:///github/workspace/mnt/ozone/hadoop-ozone/integration-test/target/log,UNAVAILABLE}
2020-07-02 08:48:04,784 [Datanode State Machine Thread - 0] INFO  statemachine.DatanodeStateMachine (DatanodeStateMachine.java:lambda$startDaemon$0(380)) - Ozone container server started.
2020-07-02 08:48:04,851 [grpc-default-executor-4] DEBUG server.GrpcLogAppender (GrpcLogAppender.java:onNext(257)) - 26f1b97f-198a-4bc6-840d-b3fa7ce7fcfa@group-D93938EF698D->f7ed0b0c-c89c-471c-8c37-09edce727015-AppendLogResponseHandler: received a reply 26f1b97f-198a-4bc6-840d-b3fa7ce7fcfa<-f7ed0b0c-c89c-471c-8c37-09edce727015#46:OK,SUCCESS,nextIndex:7,term:3,followerCommit:6, request=AppendEntriesRequest:cid=46,entriesCount=0,lastEntry=null
2020-07-02 08:48:04,856 [grpc-default-executor-5] WARN  server.GrpcLogAppender (LogUtils.java:warn(122)) - 26f1b97f-198a-4bc6-840d-b3fa7ce7fcfa@group-D93938EF698D->c4f8bc01-7deb-4cd9-a6c1-654553e0e0ff-AppendLogResponseHandler: Failed appendEntries: org.apache.ratis.thirdparty.io.grpc.StatusRuntimeException: UNAVAILABLE: io exception
2020-07-02 08:48:04,856 [grpc-default-executor-5] INFO  impl.FollowerInfo (FollowerInfo.java:lambda$new$0(51)) - 26f1b97f-198a-4bc6-840d-b3fa7ce7fcfa@group-D93938EF698D->c4f8bc01-7deb-4cd9-a6c1-654553e0e0ff: nextIndex: updateUnconditionally 2 -> 1
2020-07-02 08:48:05,161 [Datanode State Machine Thread - 0] INFO  statemachine.DatanodeStateMachine (DatanodeStateMachine.java:lambda$startDaemon$0(380)) - Ozone container server started.
2020-07-02 08:48:05,353 [grpc-default-executor-5] DEBUG server.GrpcLogAppender (GrpcLogAppender.java:onNext(257)) - 26f1b97f-198a-4bc6-840d-b3fa7ce7fcfa@group-D93938EF698D->f7ed0b0c-c89c-471c-8c37-09edce727015-AppendLogResponseHandler: received a reply 26f1b97f-198a-4bc6-840d-b3fa7ce7fcfa<-f7ed0b0c-c89c-471c-8c37-09edce727015#47:OK,SUCCESS,nextIndex:7,term:3,followerCommit:6, request=AppendEntriesRequest:cid=47,entriesCount=0,lastEntry=null
2020-07-02 08:48:05,358 [grpc-default-executor-4] WARN  server.GrpcLogAppender (LogUtils.java:warn(122)) - 26f1b97f-198a-4bc6-840d-b3fa7ce7fcfa@group-D93938EF698D->c4f8bc01-7deb-4cd9-a6c1-654553e0e0ff-AppendLogResponseHandler: Failed appendEntries: org.apache.ratis.thirdparty.io.grpc.StatusRuntimeException: UNAVAILABLE: io exception
2020-07-02 08:48:05,360 [grpc-default-executor-4] INFO  impl.FollowerInfo (FollowerInfo.java:lambda$new$0(51)) - 26f1b97f-198a-4bc6-840d-b3fa7ce7fcfa@group-D93938EF698D->c4f8bc01-7deb-4cd9-a6c1-654553e0e0ff: nextIndex: updateUnconditionally 2 -> 1
2020-07-02 08:48:05,855 [grpc-default-executor-4] DEBUG server.GrpcLogAppender (GrpcLogAppender.java:onNext(257)) - 26f1b97f-198a-4bc6-840d-b3fa7ce7fcfa@group-D93938EF698D->f7ed0b0c-c89c-471c-8c37-09edce727015-AppendLogResponseHandler: received a reply 26f1b97f-198a-4bc6-840d-b3fa7ce7fcfa<-f7ed0b0c-c89c-471c-8c37-09edce727015#48:OK,SUCCESS,nextIndex:7,term:3,followerCommit:6, request=AppendEntriesRequest:cid=48,entriesCount=0,lastEntry=null
2020-07-02 08:48:05,861 [grpc-default-executor-5] WARN  server.GrpcLogAppender (LogUtils.java:warn(122)) - 26f1b97f-198a-4bc6-840d-b3fa7ce7fcfa@group-D93938EF698D->c4f8bc01-7deb-4cd9-a6c1-654553e0e0ff-AppendLogResponseHandler: Failed appendEntries: org.apache.ratis.thirdparty.io.grpc.StatusRuntimeException: UNAVAILABLE: io exception
2020-07-02 08:48:05,862 [grpc-default-executor-5] INFO  impl.FollowerInfo (FollowerInfo.java:lambda$new$0(51)) - 26f1b97f-198a-4bc6-840d-b3fa7ce7fcfa@group-D93938EF698D->c4f8bc01-7deb-4cd9-a6c1-654553e0e0ff: nextIndex: updateUnconditionally 2 -> 1
2020-07-02 08:48:06,086 [Thread-1541] INFO  impl.FollowerState (FollowerState.java:run(108)) - aab70d5c-3498-440f-806b-05f26fe37e72@group-32BF70E33156-FollowerState: change to CANDIDATE, lastRpcTime:2013ms, electionTimeout:1160ms
2020-07-02 08:48:06,086 [Thread-1541] INFO  impl.RoleInfo (RoleInfo.java:shutdownFollowerState(121)) - aab70d5c-3498-440f-806b-05f26fe37e72: shutdown FollowerState
2020-07-02 08:48:06,086 [Thread-1541] INFO  impl.RaftServerImpl (RaftServerImpl.java:setRole(175)) - aab70d5c-3498-440f-806b-05f26fe37e72@group-32BF70E33156: changes role from  FOLLOWER to CANDIDATE at term 2 for changeToCandidate
2020-07-02 08:48:06,086 [Thread-1541] INFO  impl.RoleInfo (RoleInfo.java:updateAndGet(143)) - aab70d5c-3498-440f-806b-05f26fe37e72: start LeaderElection
2020-07-02 08:48:06,087 [aab70d5c-3498-440f-806b-05f26fe37e72@group-32BF70E33156-LeaderElection38] INFO  impl.RaftServerImpl (ServerState.java:setLeader(255)) - aab70d5c-3498-440f-806b-05f26fe37e72@group-32BF70E33156: change Leader from 7d30d443-236e-4da8-b613-0865c2b8e378 to null at term 2 for initElection
2020-07-02 08:48:06,088 [aab70d5c-3498-440f-806b-05f26fe37e72@group-32BF70E33156-LeaderElection38] INFO  impl.LeaderElection (LeaderElection.java:askForVotes(206)) - aab70d5c-3498-440f-806b-05f26fe37e72@group-32BF70E33156-LeaderElection38: begin an election at term 3 for 1: [7d30d443-236e-4da8-b613-0865c2b8e378:172.17.0.2:36199, b62aeb05-24ab-4842-8919-6c05a4e657f5:172.17.0.2:40851, aab70d5c-3498-440f-806b-05f26fe37e72:172.17.0.2:40789], old=null
2020-07-02 08:48:06,092 [aab70d5c-3498-440f-806b-05f26fe37e72@group-32BF70E33156-LeaderElection38] INFO  impl.LeaderElection (LogUtils.java:infoOrTrace(137)) - aab70d5c-3498-440f-806b-05f26fe37e72@group-32BF70E33156-LeaderElection38 got exception when requesting votes: java.util.concurrent.ExecutionException: org.apache.ratis.thirdparty.io.grpc.StatusRuntimeException: UNAVAILABLE: io exception
2020-07-02 08:48:06,093 [aab70d5c-3498-440f-806b-05f26fe37e72@group-32BF70E33156-LeaderElection38] INFO  impl.LeaderElection (LogUtils.java:infoOrTrace(137)) - aab70d5c-3498-440f-806b-05f26fe37e72@group-32BF70E33156-LeaderElection38 got exception when requesting votes: java.util.concurrent.ExecutionException: org.apache.ratis.thirdparty.io.grpc.StatusRuntimeException: UNAVAILABLE: io exception
2020-07-02 08:48:06,093 [aab70d5c-3498-440f-806b-05f26fe37e72@group-32BF70E33156-LeaderElection38] INFO  impl.LeaderElection (LeaderElection.java:logAndReturn(61)) - aab70d5c-3498-440f-806b-05f26fe37e72@group-32BF70E33156-LeaderElection38: Election REJECTED; received 0 response(s) [] and 2 exception(s); aab70d5c-3498-440f-806b-05f26fe37e72@group-32BF70E33156:t3, leader=null, voted=aab70d5c-3498-440f-806b-05f26fe37e72, raftlog=aab70d5c-3498-440f-806b-05f26fe37e72@group-32BF70E33156-SegmentedRaftLog:OPENED:c2,f2,i2, conf=1: [7d30d443-236e-4da8-b613-0865c2b8e378:172.17.0.2:36199, b62aeb05-24ab-4842-8919-6c05a4e657f5:172.17.0.2:40851, aab70d5c-3498-440f-806b-05f26fe37e72:172.17.0.2:40789], old=null
2020-07-02 08:48:06,093 [aab70d5c-3498-440f-806b-05f26fe37e72@group-32BF70E33156-LeaderElection38] INFO  impl.LeaderElection (LogUtils.java:infoOrTrace(137)) -   Exception 0: java.util.concurrent.ExecutionException: org.apache.ratis.thirdparty.io.grpc.StatusRuntimeException: UNAVAILABLE: io exception
2020-07-02 08:48:06,093 [aab70d5c-3498-440f-806b-05f26fe37e72@group-32BF70E33156-LeaderElection38] INFO  impl.LeaderElection (LogUtils.java:infoOrTrace(137)) -   Exception 1: java.util.concurrent.ExecutionException: org.apache.ratis.thirdparty.io.grpc.StatusRuntimeException: UNAVAILABLE: io exception
2020-07-02 08:48:06,093 [aab70d5c-3498-440f-806b-05f26fe37e72@group-32BF70E33156-LeaderElection38] INFO  impl.RaftServerImpl (RaftServerImpl.java:setRole(175)) - aab70d5c-3498-440f-806b-05f26fe37e72@group-32BF70E33156: changes role from CANDIDATE to FOLLOWER at term 3 for DISCOVERED_A_NEW_TERM
2020-07-02 08:48:06,093 [aab70d5c-3498-440f-806b-05f26fe37e72@group-32BF70E33156-LeaderElection38] INFO  impl.RoleInfo (RoleInfo.java:shutdownLeaderElection(134)) - aab70d5c-3498-440f-806b-05f26fe37e72: shutdown LeaderElection
2020-07-02 08:48:06,093 [aab70d5c-3498-440f-806b-05f26fe37e72@group-32BF70E33156-LeaderElection38] INFO  impl.RoleInfo (RoleInfo.java:updateAndGet(143)) - aab70d5c-3498-440f-806b-05f26fe37e72: start FollowerState
2020-07-02 08:48:06,356 [grpc-default-executor-5] DEBUG server.GrpcLogAppender (GrpcLogAppender.java:onNext(257)) - 26f1b97f-198a-4bc6-840d-b3fa7ce7fcfa@group-D93938EF698D->f7ed0b0c-c89c-471c-8c37-09edce727015-AppendLogResponseHandler: received a reply 26f1b97f-198a-4bc6-840d-b3fa7ce7fcfa<-f7ed0b0c-c89c-471c-8c37-09edce727015#49:OK,SUCCESS,nextIndex:7,term:3,followerCommit:6, request=AppendEntriesRequest:cid=49,entriesCount=0,lastEntry=null
2020-07-02 08:48:06,363 [grpc-default-executor-4] WARN  server.GrpcLogAppender (LogUtils.java:warn(122)) - 26f1b97f-198a-4bc6-840d-b3fa7ce7fcfa@group-D93938EF698D->c4f8bc01-7deb-4cd9-a6c1-654553e0e0ff-AppendLogResponseHandler: Failed appendEntries: org.apache.ratis.thirdparty.io.grpc.StatusRuntimeException: UNAVAILABLE: io exception
2020-07-02 08:48:06,364 [grpc-default-executor-4] INFO  impl.FollowerInfo (FollowerInfo.java:lambda$new$0(51)) - 26f1b97f-198a-4bc6-840d-b3fa7ce7fcfa@group-D93938EF698D->c4f8bc01-7deb-4cd9-a6c1-654553e0e0ff: nextIndex: updateUnconditionally 2 -> 1
2020-07-02 08:48:06,858 [grpc-default-executor-4] DEBUG server.GrpcLogAppender (GrpcLogAppender.java:onNext(257)) - 26f1b97f-198a-4bc6-840d-b3fa7ce7fcfa@group-D93938EF698D->f7ed0b0c-c89c-471c-8c37-09edce727015-AppendLogResponseHandler: received a reply 26f1b97f-198a-4bc6-840d-b3fa7ce7fcfa<-f7ed0b0c-c89c-471c-8c37-09edce727015#50:OK,SUCCESS,nextIndex:7,term:3,followerCommit:6, request=AppendEntriesRequest:cid=50,entriesCount=0,lastEntry=null
2020-07-02 08:48:06,867 [grpc-default-executor-5] WARN  server.GrpcLogAppender (LogUtils.java:warn(122)) - 26f1b97f-198a-4bc6-840d-b3fa7ce7fcfa@group-D93938EF698D->c4f8bc01-7deb-4cd9-a6c1-654553e0e0ff-AppendLogResponseHandler: Failed appendEntries: org.apache.ratis.thirdparty.io.grpc.StatusRuntimeException: UNAVAILABLE: io exception
2020-07-02 08:48:06,867 [grpc-default-executor-5] INFO  impl.FollowerInfo (FollowerInfo.java:lambda$new$0(51)) - 26f1b97f-198a-4bc6-840d-b3fa7ce7fcfa@group-D93938EF698D->c4f8bc01-7deb-4cd9-a6c1-654553e0e0ff: nextIndex: updateUnconditionally 2 -> 1
2020-07-02 08:48:07,153 [Thread-1569] INFO  impl.FollowerState (FollowerState.java:run(108)) - aab70d5c-3498-440f-806b-05f26fe37e72@group-32BF70E33156-FollowerState: change to CANDIDATE, lastRpcTime:1059ms, electionTimeout:1059ms
2020-07-02 08:48:07,153 [Thread-1569] INFO  impl.RoleInfo (RoleInfo.java:shutdownFollowerState(121)) - aab70d5c-3498-440f-806b-05f26fe37e72: shutdown FollowerState
2020-07-02 08:48:07,153 [Thread-1569] INFO  impl.RaftServerImpl (RaftServerImpl.java:setRole(175)) - aab70d5c-3498-440f-806b-05f26fe37e72@group-32BF70E33156: changes role from  FOLLOWER to CANDIDATE at term 3 for changeToCandidate
2020-07-02 08:48:07,153 [Thread-1569] INFO  impl.RoleInfo (RoleInfo.java:updateAndGet(143)) - aab70d5c-3498-440f-806b-05f26fe37e72: start LeaderElection
2020-07-02 08:48:07,155 [aab70d5c-3498-440f-806b-05f26fe37e72@group-32BF70E33156-LeaderElection39] INFO  impl.LeaderElection (LeaderElection.java:askForVotes(206)) - aab70d5c-3498-440f-806b-05f26fe37e72@group-32BF70E33156-LeaderElection39: begin an election at term 4 for 1: [7d30d443-236e-4da8-b613-0865c2b8e378:172.17.0.2:36199, b62aeb05-24ab-4842-8919-6c05a4e657f5:172.17.0.2:40851, aab70d5c-3498-440f-806b-05f26fe37e72:172.17.0.2:40789], old=null
2020-07-02 08:48:07,156 [aab70d5c-3498-440f-806b-05f26fe37e72@group-32BF70E33156-LeaderElection39] INFO  impl.LeaderElection (LogUtils.java:infoOrTrace(137)) - aab70d5c-3498-440f-806b-05f26fe37e72@group-32BF70E33156-LeaderElection39 got exception when requesting votes: java.util.concurrent.ExecutionException: org.apache.ratis.thirdparty.io.grpc.StatusRuntimeException: UNAVAILABLE: io exception
2020-07-02 08:48:07,156 [aab70d5c-3498-440f-806b-05f26fe37e72@group-32BF70E33156-LeaderElection39] INFO  impl.LeaderElection (LogUtils.java:infoOrTrace(137)) - aab70d5c-3498-440f-806b-05f26fe37e72@group-32BF70E33156-LeaderElection39 got exception when requesting votes: java.util.concurrent.ExecutionException: org.apache.ratis.thirdparty.io.grpc.StatusRuntimeException: UNAVAILABLE: io exception
2020-07-02 08:48:07,157 [aab70d5c-3498-440f-806b-05f26fe37e72@group-32BF70E33156-LeaderElection39] INFO  impl.LeaderElection (LeaderElection.java:logAndReturn(61)) - aab70d5c-3498-440f-806b-05f26fe37e72@group-32BF70E33156-LeaderElection39: Election REJECTED; received 0 response(s) [] and 2 exception(s); aab70d5c-3498-440f-806b-05f26fe37e72@group-32BF70E33156:t4, leader=null, voted=aab70d5c-3498-440f-806b-05f26fe37e72, raftlog=aab70d5c-3498-440f-806b-05f26fe37e72@group-32BF70E33156-SegmentedRaftLog:OPENED:c2,f2,i2, conf=1: [7d30d443-236e-4da8-b613-0865c2b8e378:172.17.0.2:36199, b62aeb05-24ab-4842-8919-6c05a4e657f5:172.17.0.2:40851, aab70d5c-3498-440f-806b-05f26fe37e72:172.17.0.2:40789], old=null
2020-07-02 08:48:07,157 [aab70d5c-3498-440f-806b-05f26fe37e72@group-32BF70E33156-LeaderElection39] INFO  impl.LeaderElection (LogUtils.java:infoOrTrace(137)) -   Exception 0: java.util.concurrent.ExecutionException: org.apache.ratis.thirdparty.io.grpc.StatusRuntimeException: UNAVAILABLE: io exception
2020-07-02 08:48:07,157 [aab70d5c-3498-440f-806b-05f26fe37e72@group-32BF70E33156-LeaderElection39] INFO  impl.LeaderElection (LogUtils.java:infoOrTrace(137)) -   Exception 1: java.util.concurrent.ExecutionException: org.apache.ratis.thirdparty.io.grpc.StatusRuntimeException: UNAVAILABLE: io exception
2020-07-02 08:48:07,157 [aab70d5c-3498-440f-806b-05f26fe37e72@group-32BF70E33156-LeaderElection39] INFO  impl.RaftServerImpl (RaftServerImpl.java:setRole(175)) - aab70d5c-3498-440f-806b-05f26fe37e72@group-32BF70E33156: changes role from CANDIDATE to FOLLOWER at term 4 for DISCOVERED_A_NEW_TERM
2020-07-02 08:48:07,157 [aab70d5c-3498-440f-806b-05f26fe37e72@group-32BF70E33156-LeaderElection39] INFO  impl.RoleInfo (RoleInfo.java:shutdownLeaderElection(134)) - aab70d5c-3498-440f-806b-05f26fe37e72: shutdown LeaderElection
2020-07-02 08:48:07,157 [aab70d5c-3498-440f-806b-05f26fe37e72@group-32BF70E33156-LeaderElection39] INFO  impl.RoleInfo (RoleInfo.java:updateAndGet(143)) - aab70d5c-3498-440f-806b-05f26fe37e72: start FollowerState
2020-07-02 08:48:07,361 [grpc-default-executor-5] DEBUG server.GrpcLogAppender (GrpcLogAppender.java:onNext(257)) - 26f1b97f-198a-4bc6-840d-b3fa7ce7fcfa@group-D93938EF698D->f7ed0b0c-c89c-471c-8c37-09edce727015-AppendLogResponseHandler: received a reply 26f1b97f-198a-4bc6-840d-b3fa7ce7fcfa<-f7ed0b0c-c89c-471c-8c37-09edce727015#51:OK,SUCCESS,nextIndex:7,term:3,followerCommit:6, request=AppendEntriesRequest:cid=51,entriesCount=0,lastEntry=null
2020-07-02 08:48:07,370 [grpc-default-executor-4] WARN  server.GrpcLogAppender (LogUtils.java:warn(122)) - 26f1b97f-198a-4bc6-840d-b3fa7ce7fcfa@group-D93938EF698D->c4f8bc01-7deb-4cd9-a6c1-654553e0e0ff-AppendLogResponseHandler: Failed appendEntries: org.apache.ratis.thirdparty.io.grpc.StatusRuntimeException: UNAVAILABLE: io exception
2020-07-02 08:48:07,370 [grpc-default-executor-4] INFO  impl.FollowerInfo (FollowerInfo.java:lambda$new$0(51)) - 26f1b97f-198a-4bc6-840d-b3fa7ce7fcfa@group-D93938EF698D->c4f8bc01-7deb-4cd9-a6c1-654553e0e0ff: nextIndex: updateUnconditionally 2 -> 1
2020-07-02 08:48:07,864 [grpc-default-executor-4] DEBUG server.GrpcLogAppender (GrpcLogAppender.java:onNext(257)) - 26f1b97f-198a-4bc6-840d-b3fa7ce7fcfa@group-D93938EF698D->f7ed0b0c-c89c-471c-8c37-09edce727015-AppendLogResponseHandler: received a reply 26f1b97f-198a-4bc6-840d-b3fa7ce7fcfa<-f7ed0b0c-c89c-471c-8c37-09edce727015#52:OK,SUCCESS,nextIndex:7,term:3,followerCommit:6, request=AppendEntriesRequest:cid=52,entriesCount=0,lastEntry=null
2020-07-02 08:48:07,872 [grpc-default-executor-5] WARN  server.GrpcLogAppender (LogUtils.java:warn(122)) - 26f1b97f-198a-4bc6-840d-b3fa7ce7fcfa@group-D93938EF698D->c4f8bc01-7deb-4cd9-a6c1-654553e0e0ff-AppendLogResponseHandler: Failed appendEntries: org.apache.ratis.thirdparty.io.grpc.StatusRuntimeException: UNAVAILABLE: io exception
2020-07-02 08:48:07,873 [grpc-default-executor-5] INFO  impl.FollowerInfo (FollowerInfo.java:lambda$new$0(51)) - 26f1b97f-198a-4bc6-840d-b3fa7ce7fcfa@group-D93938EF698D->c4f8bc01-7deb-4cd9-a6c1-654553e0e0ff: nextIndex: updateUnconditionally 2 -> 1
2020-07-02 08:48:08,277 [Thread-1575] INFO  impl.FollowerState (FollowerState.java:run(108)) - aab70d5c-3498-440f-806b-05f26fe37e72@group-32BF70E33156-FollowerState: change to CANDIDATE, lastRpcTime:1119ms, electionTimeout:1119ms
2020-07-02 08:48:08,277 [Thread-1575] INFO  impl.RoleInfo (RoleInfo.java:shutdownFollowerState(121)) - aab70d5c-3498-440f-806b-05f26fe37e72: shutdown FollowerState
2020-07-02 08:48:08,277 [Thread-1575] INFO  impl.RaftServerImpl (RaftServerImpl.java:setRole(175)) - aab70d5c-3498-440f-806b-05f26fe37e72@group-32BF70E33156: changes role from  FOLLOWER to CANDIDATE at term 4 for changeToCandidate
2020-07-02 08:48:08,277 [Thread-1575] INFO  impl.RoleInfo (RoleInfo.java:updateAndGet(143)) - aab70d5c-3498-440f-806b-05f26fe37e72: start LeaderElection
2020-07-02 08:48:08,279 [aab70d5c-3498-440f-806b-05f26fe37e72@group-32BF70E33156-LeaderElection40] INFO  impl.LeaderElection (LeaderElection.java:askForVotes(206)) - aab70d5c-3498-440f-806b-05f26fe37e72@group-32BF70E33156-LeaderElection40: begin an election at term 5 for 1: [7d30d443-236e-4da8-b613-0865c2b8e378:172.17.0.2:36199, b62aeb05-24ab-4842-8919-6c05a4e657f5:172.17.0.2:40851, aab70d5c-3498-440f-806b-05f26fe37e72:172.17.0.2:40789], old=null
2020-07-02 08:48:08,280 [aab70d5c-3498-440f-806b-05f26fe37e72@group-32BF70E33156-LeaderElection40] INFO  impl.LeaderElection (LogUtils.java:infoOrTrace(137)) - aab70d5c-3498-440f-806b-05f26fe37e72@group-32BF70E33156-LeaderElection40 got exception when requesting votes: java.util.concurrent.ExecutionException: org.apache.ratis.thirdparty.io.grpc.StatusRuntimeException: UNAVAILABLE: io exception
2020-07-02 08:48:08,280 [aab70d5c-3498-440f-806b-05f26fe37e72@group-32BF70E33156-LeaderElection40] INFO  impl.LeaderElection (LogUtils.java:infoOrTrace(137)) - aab70d5c-3498-440f-806b-05f26fe37e72@group-32BF70E33156-LeaderElection40 got exception when requesting votes: java.util.concurrent.ExecutionException: org.apache.ratis.thirdparty.io.grpc.StatusRuntimeException: UNAVAILABLE: io exception
2020-07-02 08:48:08,280 [aab70d5c-3498-440f-806b-05f26fe37e72@group-32BF70E33156-LeaderElection40] INFO  impl.LeaderElection (LeaderElection.java:logAndReturn(61)) - aab70d5c-3498-440f-806b-05f26fe37e72@group-32BF70E33156-LeaderElection40: Election REJECTED; received 0 response(s) [] and 2 exception(s); aab70d5c-3498-440f-806b-05f26fe37e72@group-32BF70E33156:t5, leader=null, voted=aab70d5c-3498-440f-806b-05f26fe37e72, raftlog=aab70d5c-3498-440f-806b-05f26fe37e72@group-32BF70E33156-SegmentedRaftLog:OPENED:c2,f2,i2, conf=1: [7d30d443-236e-4da8-b613-0865c2b8e378:172.17.0.2:36199, b62aeb05-24ab-4842-8919-6c05a4e657f5:172.17.0.2:40851, aab70d5c-3498-440f-806b-05f26fe37e72:172.17.0.2:40789], old=null
2020-07-02 08:48:08,280 [aab70d5c-3498-440f-806b-05f26fe37e72@group-32BF70E33156-LeaderElection40] INFO  impl.LeaderElection (LogUtils.java:infoOrTrace(137)) -   Exception 0: java.util.concurrent.ExecutionException: org.apache.ratis.thirdparty.io.grpc.StatusRuntimeException: UNAVAILABLE: io exception
2020-07-02 08:48:08,280 [aab70d5c-3498-440f-806b-05f26fe37e72@group-32BF70E33156-LeaderElection40] INFO  impl.LeaderElection (LogUtils.java:infoOrTrace(137)) -   Exception 1: java.util.concurrent.ExecutionException: org.apache.ratis.thirdparty.io.grpc.StatusRuntimeException: UNAVAILABLE: io exception
2020-07-02 08:48:08,280 [aab70d5c-3498-440f-806b-05f26fe37e72@group-32BF70E33156-LeaderElection40] INFO  impl.RaftServerImpl (RaftServerImpl.java:setRole(175)) - aab70d5c-3498-440f-806b-05f26fe37e72@group-32BF70E33156: changes role from CANDIDATE to FOLLOWER at term 5 for DISCOVERED_A_NEW_TERM
2020-07-02 08:48:08,280 [aab70d5c-3498-440f-806b-05f26fe37e72@group-32BF70E33156-LeaderElection40] INFO  impl.RoleInfo (RoleInfo.java:shutdownLeaderElection(134)) - aab70d5c-3498-440f-806b-05f26fe37e72: shutdown LeaderElection
2020-07-02 08:48:08,280 [aab70d5c-3498-440f-806b-05f26fe37e72@group-32BF70E33156-LeaderElection40] INFO  impl.RoleInfo (RoleInfo.java:updateAndGet(143)) - aab70d5c-3498-440f-806b-05f26fe37e72: start FollowerState
2020-07-02 08:48:08,365 [grpc-default-executor-5] DEBUG server.GrpcLogAppender (GrpcLogAppender.java:onNext(257)) - 26f1b97f-198a-4bc6-840d-b3fa7ce7fcfa@group-D93938EF698D->f7ed0b0c-c89c-471c-8c37-09edce727015-AppendLogResponseHandler: received a reply 26f1b97f-198a-4bc6-840d-b3fa7ce7fcfa<-f7ed0b0c-c89c-471c-8c37-09edce727015#53:OK,SUCCESS,nextIndex:7,term:3,followerCommit:6, request=AppendEntriesRequest:cid=53,entriesCount=0,lastEntry=null
2020-07-02 08:48:08,378 [grpc-default-executor-4] WARN  server.GrpcLogAppender (LogUtils.java:warn(122)) - 26f1b97f-198a-4bc6-840d-b3fa7ce7fcfa@group-D93938EF698D->c4f8bc01-7deb-4cd9-a6c1-654553e0e0ff-AppendLogResponseHandler: Failed appendEntries: org.apache.ratis.thirdparty.io.grpc.StatusRuntimeException: UNAVAILABLE: io exception
2020-07-02 08:48:08,378 [grpc-default-executor-4] INFO  impl.FollowerInfo (FollowerInfo.java:lambda$new$0(51)) - 26f1b97f-198a-4bc6-840d-b3fa7ce7fcfa@group-D93938EF698D->c4f8bc01-7deb-4cd9-a6c1-654553e0e0ff: nextIndex: updateUnconditionally 2 -> 1
2020-07-02 08:48:08,867 [grpc-default-executor-4] DEBUG server.GrpcLogAppender (GrpcLogAppender.java:onNext(257)) - 26f1b97f-198a-4bc6-840d-b3fa7ce7fcfa@group-D93938EF698D->f7ed0b0c-c89c-471c-8c37-09edce727015-AppendLogResponseHandler: received a reply 26f1b97f-198a-4bc6-840d-b3fa7ce7fcfa<-f7ed0b0c-c89c-471c-8c37-09edce727015#54:OK,SUCCESS,nextIndex:7,term:3,followerCommit:6, request=AppendEntriesRequest:cid=54,entriesCount=0,lastEntry=null
2020-07-02 08:48:08,880 [grpc-default-executor-5] WARN  server.GrpcLogAppender (LogUtils.java:warn(122)) - 26f1b97f-198a-4bc6-840d-b3fa7ce7fcfa@group-D93938EF698D->c4f8bc01-7deb-4cd9-a6c1-654553e0e0ff-AppendLogResponseHandler: Failed appendEntries: org.apache.ratis.thirdparty.io.grpc.StatusRuntimeException: UNAVAILABLE: io exception
2020-07-02 08:48:08,880 [grpc-default-executor-5] INFO  impl.FollowerInfo (FollowerInfo.java:lambda$new$0(51)) - 26f1b97f-198a-4bc6-840d-b3fa7ce7fcfa@group-D93938EF698D->c4f8bc01-7deb-4cd9-a6c1-654553e0e0ff: nextIndex: updateUnconditionally 2 -> 1
2020-07-02 08:48:08,884 [grpc-default-executor-4] WARN  server.GrpcLogAppender (LogUtils.java:warn(122)) - 26f1b97f-198a-4bc6-840d-b3fa7ce7fcfa@group-D93938EF698D->c4f8bc01-7deb-4cd9-a6c1-654553e0e0ff-AppendLogResponseHandler: Failed appendEntries: org.apache.ratis.thirdparty.io.grpc.StatusRuntimeException: UNAVAILABLE: io exception
2020-07-02 08:48:08,884 [grpc-default-executor-4] INFO  impl.FollowerInfo (FollowerInfo.java:lambda$new$0(51)) - 26f1b97f-198a-4bc6-840d-b3fa7ce7fcfa@group-D93938EF698D->c4f8bc01-7deb-4cd9-a6c1-654553e0e0ff: nextIndex: updateUnconditionally 2 -> 1
2020-07-02 08:48:09,324 [Thread-1581] INFO  impl.FollowerState (FollowerState.java:run(108)) - aab70d5c-3498-440f-806b-05f26fe37e72@group-32BF70E33156-FollowerState: change to CANDIDATE, lastRpcTime:1043ms, electionTimeout:1043ms
2020-07-02 08:48:09,324 [Thread-1581] INFO  impl.RoleInfo (RoleInfo.java:shutdownFollowerState(121)) - aab70d5c-3498-440f-806b-05f26fe37e72: shutdown FollowerState
2020-07-02 08:48:09,324 [Thread-1581] INFO  impl.RaftServerImpl (RaftServerImpl.java:setRole(175)) - aab70d5c-3498-440f-806b-05f26fe37e72@group-32BF70E33156: changes role from  FOLLOWER to CANDIDATE at term 5 for changeToCandidate
2020-07-02 08:48:09,324 [Thread-1581] INFO  impl.RoleInfo (RoleInfo.java:updateAndGet(143)) - aab70d5c-3498-440f-806b-05f26fe37e72: start LeaderElection
2020-07-02 08:48:09,326 [aab70d5c-3498-440f-806b-05f26fe37e72@group-32BF70E33156-LeaderElection41] INFO  impl.LeaderElection (LeaderElection.java:askForVotes(206)) - aab70d5c-3498-440f-806b-05f26fe37e72@group-32BF70E33156-LeaderElection41: begin an election at term 6 for 1: [7d30d443-236e-4da8-b613-0865c2b8e378:172.17.0.2:36199, b62aeb05-24ab-4842-8919-6c05a4e657f5:172.17.0.2:40851, aab70d5c-3498-440f-806b-05f26fe37e72:172.17.0.2:40789], old=null
2020-07-02 08:48:09,327 [aab70d5c-3498-440f-806b-05f26fe37e72@group-32BF70E33156-LeaderElection41] INFO  impl.LeaderElection (LogUtils.java:infoOrTrace(137)) - aab70d5c-3498-440f-806b-05f26fe37e72@group-32BF70E33156-LeaderElection41 got exception when requesting votes: java.util.concurrent.ExecutionException: org.apache.ratis.thirdparty.io.grpc.StatusRuntimeException: UNAVAILABLE: io exception
2020-07-02 08:48:09,328 [aab70d5c-3498-440f-806b-05f26fe37e72@group-32BF70E33156-LeaderElection41] INFO  impl.LeaderElection (LogUtils.java:infoOrTrace(137)) - aab70d5c-3498-440f-806b-05f26fe37e72@group-32BF70E33156-LeaderElection41 got exception when requesting votes: java.util.concurrent.ExecutionException: org.apache.ratis.thirdparty.io.grpc.StatusRuntimeException: UNAVAILABLE: io exception
2020-07-02 08:48:09,328 [aab70d5c-3498-440f-806b-05f26fe37e72@group-32BF70E33156-LeaderElection41] INFO  impl.LeaderElection (LeaderElection.java:logAndReturn(61)) - aab70d5c-3498-440f-806b-05f26fe37e72@group-32BF70E33156-LeaderElection41: Election REJECTED; received 0 response(s) [] and 2 exception(s); aab70d5c-3498-440f-806b-05f26fe37e72@group-32BF70E33156:t6, leader=null, voted=aab70d5c-3498-440f-806b-05f26fe37e72, raftlog=aab70d5c-3498-440f-806b-05f26fe37e72@group-32BF70E33156-SegmentedRaftLog:OPENED:c2,f2,i2, conf=1: [7d30d443-236e-4da8-b613-0865c2b8e378:172.17.0.2:36199, b62aeb05-24ab-4842-8919-6c05a4e657f5:172.17.0.2:40851, aab70d5c-3498-440f-806b-05f26fe37e72:172.17.0.2:40789], old=null
2020-07-02 08:48:09,328 [aab70d5c-3498-440f-806b-05f26fe37e72@group-32BF70E33156-LeaderElection41] INFO  impl.LeaderElection (LogUtils.java:infoOrTrace(137)) -   Exception 0: java.util.concurrent.ExecutionException: org.apache.ratis.thirdparty.io.grpc.StatusRuntimeException: UNAVAILABLE: io exception
2020-07-02 08:48:09,328 [aab70d5c-3498-440f-806b-05f26fe37e72@group-32BF70E33156-LeaderElection41] INFO  impl.LeaderElection (LogUtils.java:infoOrTrace(137)) -   Exception 1: java.util.concurrent.ExecutionException: org.apache.ratis.thirdparty.io.grpc.StatusRuntimeException: UNAVAILABLE: io exception
2020-07-02 08:48:09,328 [aab70d5c-3498-440f-806b-05f26fe37e72@group-32BF70E33156-LeaderElection41] INFO  impl.RaftServerImpl (RaftServerImpl.java:setRole(175)) - aab70d5c-3498-440f-806b-05f26fe37e72@group-32BF70E33156: changes role from CANDIDATE to FOLLOWER at term 6 for DISCOVERED_A_NEW_TERM
2020-07-02 08:48:09,328 [aab70d5c-3498-440f-806b-05f26fe37e72@group-32BF70E33156-LeaderElection41] INFO  impl.RoleInfo (RoleInfo.java:shutdownLeaderElection(134)) - aab70d5c-3498-440f-806b-05f26fe37e72: shutdown LeaderElection
2020-07-02 08:48:09,328 [aab70d5c-3498-440f-806b-05f26fe37e72@group-32BF70E33156-LeaderElection41] INFO  impl.RoleInfo (RoleInfo.java:updateAndGet(143)) - aab70d5c-3498-440f-806b-05f26fe37e72: start FollowerState
2020-07-02 08:48:09,369 [grpc-default-executor-4] DEBUG server.GrpcLogAppender (GrpcLogAppender.java:onNext(257)) - 26f1b97f-198a-4bc6-840d-b3fa7ce7fcfa@group-D93938EF698D->f7ed0b0c-c89c-471c-8c37-09edce727015-AppendLogResponseHandler: received a reply 26f1b97f-198a-4bc6-840d-b3fa7ce7fcfa<-f7ed0b0c-c89c-471c-8c37-09edce727015#55:OK,SUCCESS,nextIndex:7,term:3,followerCommit:6, request=AppendEntriesRequest:cid=55,entriesCount=0,lastEntry=null
2020-07-02 08:48:09,386 [grpc-default-executor-5] WARN  server.GrpcLogAppender (LogUtils.java:warn(122)) - 26f1b97f-198a-4bc6-840d-b3fa7ce7fcfa@group-D93938EF698D->c4f8bc01-7deb-4cd9-a6c1-654553e0e0ff-AppendLogResponseHandler: Failed appendEntries: org.apache.ratis.thirdparty.io.grpc.StatusRuntimeException: UNAVAILABLE: io exception
2020-07-02 08:48:09,386 [grpc-default-executor-5] INFO  impl.FollowerInfo (FollowerInfo.java:lambda$new$0(51)) - 26f1b97f-198a-4bc6-840d-b3fa7ce7fcfa@group-D93938EF698D->c4f8bc01-7deb-4cd9-a6c1-654553e0e0ff: nextIndex: updateUnconditionally 2 -> 1
2020-07-02 08:48:09,433 [Listener at 127.0.0.1/44281] INFO  ozoneimpl.OzoneContainer (OzoneContainer.java:stop(246)) - Attempting to stop container services.
2020-07-02 08:48:09,433 [Listener at 127.0.0.1/44281] INFO  impl.RaftServerProxy (RaftServerProxy.java:lambda$close$4(319)) - 01084dfa-b8b2-4a33-8af9-f7edd7c23cfb: close
2020-07-02 08:48:09,433 [Listener at 127.0.0.1/44281] INFO  impl.RaftServerImpl (RaftServerImpl.java:lambda$shutdown$3(252)) - 01084dfa-b8b2-4a33-8af9-f7edd7c23cfb@group-3E304ED24BC9: shutdown
2020-07-02 08:48:09,434 [Listener at 127.0.0.1/44281] INFO  util.JmxRegister (JmxRegister.java:unregister(73)) - Successfully un-registered JMX Bean with object name Ratis:service=RaftServer,group=group-3E304ED24BC9,id=01084dfa-b8b2-4a33-8af9-f7edd7c23cfb
2020-07-02 08:48:09,434 [Listener at 127.0.0.1/44281] INFO  impl.RoleInfo (RoleInfo.java:shutdownLeaderState(104)) - 01084dfa-b8b2-4a33-8af9-f7edd7c23cfb: shutdown LeaderState
2020-07-02 08:48:09,434 [Listener at 127.0.0.1/44281] INFO  impl.PendingRequests (PendingRequests.java:sendNotLeaderResponses(249)) - 01084dfa-b8b2-4a33-8af9-f7edd7c23cfb@group-3E304ED24BC9-PendingRequests: sendNotLeaderResponses
2020-07-02 08:48:09,434 [Listener at 127.0.0.1/44281] INFO  metrics.RatisMetrics (RatisMetrics.java:unregister(43)) - Unregistering Metrics Registry : ratis.log_appender.01084dfa-b8b2-4a33-8af9-f7edd7c23cfb@group-3E304ED24BC9
2020-07-02 08:48:09,434 [Listener at 127.0.0.1/44281] INFO  metrics.RatisMetrics (RatisMetrics.java:unregister(43)) - Unregistering Metrics Registry : ratis.server.01084dfa-b8b2-4a33-8af9-f7edd7c23cfb@group-3E304ED24BC9
2020-07-02 08:48:09,435 [Listener at 127.0.0.1/44281] INFO  impl.StateMachineUpdater (StateMachineUpdater.java:stopAndJoin(142)) - 01084dfa-b8b2-4a33-8af9-f7edd7c23cfb@group-3E304ED24BC9-StateMachineUpdater: set stopIndex = 0
2020-07-02 08:48:09,435 [01084dfa-b8b2-4a33-8af9-f7edd7c23cfb@group-3E304ED24BC9-StateMachineUpdater] INFO  ratis.ContainerStateMachine (ContainerStateMachine.java:takeSnapshot(293)) - group-3E304ED24BC9: Taking a snapshot at:(t:1, i:0) file /github/workspace/mnt/ozone/hadoop-ozone/integration-test/target/test-dir/MiniOzoneClusterImpl-2ea21c0c-9bca-4642-a989-259fb4fcb281/datanode-9/data/ratis/6e90daf8-b57c-493f-8ef9-3e304ed24bc9/sm/snapshot.1_0
2020-07-02 08:48:09,436 [01084dfa-b8b2-4a33-8af9-f7edd7c23cfb@group-3E304ED24BC9-StateMachineUpdater] INFO  ratis.ContainerStateMachine (ContainerStateMachine.java:takeSnapshot(304)) - group-3E304ED24BC9: Finished taking a snapshot at:(t:1, i:0) file:/github/workspace/mnt/ozone/hadoop-ozone/integration-test/target/test-dir/MiniOzoneClusterImpl-2ea21c0c-9bca-4642-a989-259fb4fcb281/datanode-9/data/ratis/6e90daf8-b57c-493f-8ef9-3e304ed24bc9/sm/snapshot.1_0 time:1
2020-07-02 08:48:09,436 [01084dfa-b8b2-4a33-8af9-f7edd7c23cfb@group-3E304ED24BC9-StateMachineUpdater] INFO  impl.StateMachineUpdater (StateMachineUpdater.java:takeSnapshot(277)) - 01084dfa-b8b2-4a33-8af9-f7edd7c23cfb@group-3E304ED24BC9-StateMachineUpdater: Took a snapshot at index 0
2020-07-02 08:48:09,436 [01084dfa-b8b2-4a33-8af9-f7edd7c23cfb@group-3E304ED24BC9-StateMachineUpdater] INFO  impl.StateMachineUpdater (StateMachineUpdater.java:lambda$new$0(87)) - 01084dfa-b8b2-4a33-8af9-f7edd7c23cfb@group-3E304ED24BC9-StateMachineUpdater: snapshotIndex: updateIncreasingly -1 -> 0
2020-07-02 08:48:09,436 [01084dfa-b8b2-4a33-8af9-f7edd7c23cfb@group-3E304ED24BC9-StateMachineUpdater] INFO  metrics.RatisMetrics (RatisMetrics.java:unregister(43)) - Unregistering Metrics Registry : ratis.state_machine.01084dfa-b8b2-4a33-8af9-f7edd7c23cfb@group-3E304ED24BC9
2020-07-02 08:48:09,437 [Listener at 127.0.0.1/44281] INFO  impl.RaftServerImpl (ServerState.java:close(387)) - 01084dfa-b8b2-4a33-8af9-f7edd7c23cfb@group-3E304ED24BC9: closes. applyIndex: 0
2020-07-02 08:48:09,437 [01084dfa-b8b2-4a33-8af9-f7edd7c23cfb@group-3E304ED24BC9-SegmentedRaftLogWorker] INFO  segmented.SegmentedRaftLogWorker (SegmentedRaftLogWorker.java:run(327)) - 01084dfa-b8b2-4a33-8af9-f7edd7c23cfb@group-3E304ED24BC9-SegmentedRaftLogWorker was interrupted, exiting. There are 0 tasks remaining in the queue.
2020-07-02 08:48:09,437 [Listener at 127.0.0.1/44281] INFO  segmented.SegmentedRaftLogWorker (SegmentedRaftLogWorker.java:close(234)) - 01084dfa-b8b2-4a33-8af9-f7edd7c23cfb@group-3E304ED24BC9-SegmentedRaftLogWorker close()
2020-07-02 08:48:09,437 [Listener at 127.0.0.1/44281] INFO  metrics.RatisMetrics (RatisMetrics.java:unregister(43)) - Unregistering Metrics Registry : ratis.log_worker.01084dfa-b8b2-4a33-8af9-f7edd7c23cfb@group-3E304ED24BC9
2020-07-02 08:48:09,438 [Listener at 127.0.0.1/44281] INFO  metrics.RatisMetrics (RatisMetrics.java:unregister(43)) - Unregistering Metrics Registry : ratis.leader_election.01084dfa-b8b2-4a33-8af9-f7edd7c23cfb@group-3E304ED24BC9
2020-07-02 08:48:09,438 [Listener at 127.0.0.1/44281] INFO  metrics.RatisMetrics (RatisMetrics.java:unregister(43)) - Unregistering Metrics Registry : ratis.server.01084dfa-b8b2-4a33-8af9-f7edd7c23cfb@group-3E304ED24BC9
2020-07-02 08:48:09,438 [Listener at 127.0.0.1/44281] INFO  server.GrpcService (GrpcService.java:closeImpl(166)) - 01084dfa-b8b2-4a33-8af9-f7edd7c23cfb: shutdown server with port 33373 now
2020-07-02 08:48:09,438 [Listener at 127.0.0.1/44281] INFO  server.GrpcService (GrpcService.java:closeImpl(174)) - 01084dfa-b8b2-4a33-8af9-f7edd7c23cfb: shutdown server with port 33373 successfully
2020-07-02 08:48:09,439 [Listener at 127.0.0.1/44281] INFO  utils.BackgroundService (BackgroundService.java:shutdown(157)) - Shutting down service BlockDeletingService
2020-07-02 08:48:09,440 [Listener at 127.0.0.1/44281] INFO  statemachine.DatanodeStateMachine (DatanodeStateMachine.java:stopDaemon(428)) - Ozone container server stopped.
2020-07-02 08:48:09,441 [Listener at 127.0.0.1/44281] INFO  handler.ContextHandler (ContextHandler.java:doStop(1016)) - Stopped o.e.j.w.WebAppContext@31287200{hddsDatanode,/,null,UNAVAILABLE}{jar:file:/home/user/.m2/repository/org/apache/hadoop/hadoop-hdds-container-service/0.6.0-SNAPSHOT/hadoop-hdds-container-service-0.6.0-SNAPSHOT.jar!/webapps/hddsDatanode}
2020-07-02 08:48:09,441 [ForkJoinPool.commonPool-worker-0] INFO  ozoneimpl.OzoneContainer (OzoneContainer.java:stop(246)) - Attempting to stop container services.
2020-07-02 08:48:09,441 [Listener at 127.0.0.1/44281] INFO  server.AbstractConnector (AbstractConnector.java:doStop(380)) - Stopped ServerConnector@4c9226c8{HTTP/1.1,[http/1.1]}{0.0.0.0:0}
2020-07-02 08:48:09,441 [Listener at 127.0.0.1/44281] INFO  server.session (HouseKeeper.java:stopScavenging(158)) - node0 Stopped scavenging
2020-07-02 08:48:09,442 [Listener at 127.0.0.1/44281] INFO  handler.ContextHandler (ContextHandler.java:doStop(1016)) - Stopped o.e.j.s.ServletContextHandler@87f1e90{static,/static,jar:file:/home/user/.m2/repository/org/apache/hadoop/hadoop-hdds-container-service/0.6.0-SNAPSHOT/hadoop-hdds-container-service-0.6.0-SNAPSHOT.jar!/webapps/static,UNAVAILABLE}
2020-07-02 08:48:09,442 [Listener at 127.0.0.1/44281] INFO  handler.ContextHandler (ContextHandler.java:doStop(1016)) - Stopped o.e.j.s.ServletContextHandler@4ecd7017{logs,/logs,file:///github/workspace/mnt/ozone/hadoop-ozone/integration-test/target/log,UNAVAILABLE}
2020-07-02 08:48:09,442 [ForkJoinPool.commonPool-worker-0] INFO  impl.RaftServerProxy (RaftServerProxy.java:lambda$close$4(319)) - 26f1b97f-198a-4bc6-840d-b3fa7ce7fcfa: close
2020-07-02 08:48:09,442 [ForkJoinPool.commonPool-worker-0] INFO  impl.RaftServerImpl (RaftServerImpl.java:lambda$shutdown$3(252)) - 26f1b97f-198a-4bc6-840d-b3fa7ce7fcfa@group-D93938EF698D: shutdown
2020-07-02 08:48:09,442 [ForkJoinPool.commonPool-worker-0] INFO  util.JmxRegister (JmxRegister.java:unregister(73)) - Successfully un-registered JMX Bean with object name Ratis:service=RaftServer,group=group-D93938EF698D,id=26f1b97f-198a-4bc6-840d-b3fa7ce7fcfa
2020-07-02 08:48:09,442 [ForkJoinPool.commonPool-worker-0] INFO  impl.RoleInfo (RoleInfo.java:shutdownLeaderState(104)) - 26f1b97f-198a-4bc6-840d-b3fa7ce7fcfa: shutdown LeaderState
2020-07-02 08:48:09,443 [ForkJoinPool.commonPool-worker-0] INFO  metrics.RatisMetrics (RatisMetrics.java:unregister(43)) - Unregistering Metrics Registry : ratis_grpc.log_appender.26f1b97f-198a-4bc6-840d-b3fa7ce7fcfa@group-D93938EF698D
2020-07-02 08:48:09,443 [ForkJoinPool.commonPool-worker-0] INFO  metrics.RatisMetrics (RatisMetrics.java:unregister(43)) - Unregistering Metrics Registry : ratis_grpc.log_appender.26f1b97f-198a-4bc6-840d-b3fa7ce7fcfa@group-D93938EF698D
2020-07-02 08:48:09,443 [ForkJoinPool.commonPool-worker-0] INFO  impl.PendingRequests (PendingRequests.java:sendNotLeaderResponses(249)) - 26f1b97f-198a-4bc6-840d-b3fa7ce7fcfa@group-D93938EF698D-PendingRequests: sendNotLeaderResponses
2020-07-02 08:48:09,443 [org.apache.ratis.server.impl.LogAppender$AppenderDaemon$$Lambda$457/1674559201@4c1b7c2e] WARN  server.GrpcLogAppender (GrpcLogAppender.java:mayWait(153)) - 26f1b97f-198a-4bc6-840d-b3fa7ce7fcfa@group-D93938EF698D->c4f8bc01-7deb-4cd9-a6c1-654553e0e0ff-GrpcLogAppender: Wait interrupted by java.lang.InterruptedException
2020-07-02 08:48:09,443 [org.apache.ratis.server.impl.LogAppender$AppenderDaemon$$Lambda$457/1674559201@3db5694e] WARN  server.GrpcLogAppender (GrpcLogAppender.java:mayWait(153)) - 26f1b97f-198a-4bc6-840d-b3fa7ce7fcfa@group-D93938EF698D->f7ed0b0c-c89c-471c-8c37-09edce727015-GrpcLogAppender: Wait interrupted by java.lang.InterruptedException
2020-07-02 08:48:09,444 [grpc-default-executor-5] INFO  server.GrpcServerProtocolService (GrpcServerProtocolService.java:onCompleted(138)) - f7ed0b0c-c89c-471c-8c37-09edce727015: Completed APPEND_ENTRIES, lastRequest: 26f1b97f-198a-4bc6-840d-b3fa7ce7fcfa->f7ed0b0c-c89c-471c-8c37-09edce727015#14-t3, previous=(t:3, i:5), leaderCommit=5, initializing? false, entries: size=1, first=(t:3, i:6), METADATAENTRY(c:5)
2020-07-02 08:48:09,445 [grpc-default-executor-4] INFO  server.GrpcLogAppender (GrpcLogAppender.java:onCompleted(319)) - 26f1b97f-198a-4bc6-840d-b3fa7ce7fcfa@group-D93938EF698D->f7ed0b0c-c89c-471c-8c37-09edce727015-AppendLogResponseHandler: follower responses appendEntries COMPLETED
2020-07-02 08:48:09,445 [grpc-default-executor-4] INFO  impl.FollowerInfo (FollowerInfo.java:lambda$new$0(51)) - 26f1b97f-198a-4bc6-840d-b3fa7ce7fcfa@group-D93938EF698D->f7ed0b0c-c89c-471c-8c37-09edce727015: nextIndex: updateUnconditionally 7 -> 6
2020-07-02 08:48:09,450 [ForkJoinPool.commonPool-worker-0] INFO  metrics.RatisMetrics (RatisMetrics.java:unregister(43)) - Unregistering Metrics Registry : ratis.log_appender.26f1b97f-198a-4bc6-840d-b3fa7ce7fcfa@group-D93938EF698D
2020-07-02 08:48:09,450 [ForkJoinPool.commonPool-worker-0] INFO  metrics.RatisMetrics (RatisMetrics.java:unregister(43)) - Unregistering Metrics Registry : ratis.server.26f1b97f-198a-4bc6-840d-b3fa7ce7fcfa@group-D93938EF698D
2020-07-02 08:48:09,450 [ForkJoinPool.commonPool-worker-0] INFO  impl.StateMachineUpdater (StateMachineUpdater.java:stopAndJoin(142)) - 26f1b97f-198a-4bc6-840d-b3fa7ce7fcfa@group-D93938EF698D-StateMachineUpdater: set stopIndex = 6
2020-07-02 08:48:09,451 [26f1b97f-198a-4bc6-840d-b3fa7ce7fcfa@group-D93938EF698D-StateMachineUpdater] INFO  ratis.ContainerStateMachine (ContainerStateMachine.java:takeSnapshot(293)) - group-D93938EF698D: Taking a snapshot at:(t:3, i:6) file /github/workspace/mnt/ozone/hadoop-ozone/integration-test/target/test-dir/MiniOzoneClusterImpl-2ea21c0c-9bca-4642-a989-259fb4fcb281/datanode-0/data/ratis/91acdc32-11c2-425a-8fac-d93938ef698d/sm/snapshot.3_6
2020-07-02 08:48:09,451 [26f1b97f-198a-4bc6-840d-b3fa7ce7fcfa@group-D93938EF698D-StateMachineUpdater] INFO  ratis.ContainerStateMachine (ContainerStateMachine.java:takeSnapshot(304)) - group-D93938EF698D: Finished taking a snapshot at:(t:3, i:6) file:/github/workspace/mnt/ozone/hadoop-ozone/integration-test/target/test-dir/MiniOzoneClusterImpl-2ea21c0c-9bca-4642-a989-259fb4fcb281/datanode-0/data/ratis/91acdc32-11c2-425a-8fac-d93938ef698d/sm/snapshot.3_6 time:1
2020-07-02 08:48:09,452 [26f1b97f-198a-4bc6-840d-b3fa7ce7fcfa@group-D93938EF698D-StateMachineUpdater] INFO  impl.StateMachineUpdater (StateMachineUpdater.java:takeSnapshot(277)) - 26f1b97f-198a-4bc6-840d-b3fa7ce7fcfa@group-D93938EF698D-StateMachineUpdater: Took a snapshot at index 6
2020-07-02 08:48:09,452 [26f1b97f-198a-4bc6-840d-b3fa7ce7fcfa@group-D93938EF698D-StateMachineUpdater] INFO  impl.StateMachineUpdater (StateMachineUpdater.java:lambda$new$0(87)) - 26f1b97f-198a-4bc6-840d-b3fa7ce7fcfa@group-D93938EF698D-StateMachineUpdater: snapshotIndex: updateIncreasingly -1 -> 6
2020-07-02 08:48:09,452 [26f1b97f-198a-4bc6-840d-b3fa7ce7fcfa@group-D93938EF698D-StateMachineUpdater] INFO  metrics.RatisMetrics (RatisMetrics.java:unregister(43)) - Unregistering Metrics Registry : ratis.state_machine.26f1b97f-198a-4bc6-840d-b3fa7ce7fcfa@group-D93938EF698D
2020-07-02 08:48:09,452 [ForkJoinPool.commonPool-worker-0] INFO  impl.RaftServerImpl (ServerState.java:close(387)) - 26f1b97f-198a-4bc6-840d-b3fa7ce7fcfa@group-D93938EF698D: closes. applyIndex: 6
2020-07-02 08:48:09,452 [26f1b97f-198a-4bc6-840d-b3fa7ce7fcfa@group-D93938EF698D-SegmentedRaftLogWorker] INFO  segmented.SegmentedRaftLogWorker (SegmentedRaftLogWorker.java:run(327)) - 26f1b97f-198a-4bc6-840d-b3fa7ce7fcfa@group-D93938EF698D-SegmentedRaftLogWorker was interrupted, exiting. There are 0 tasks remaining in the queue.
2020-07-02 08:48:09,452 [ForkJoinPool.commonPool-worker-0] INFO  segmented.SegmentedRaftLogWorker (SegmentedRaftLogWorker.java:close(234)) - 26f1b97f-198a-4bc6-840d-b3fa7ce7fcfa@group-D93938EF698D-SegmentedRaftLogWorker close()
2020-07-02 08:48:09,452 [ForkJoinPool.commonPool-worker-0] INFO  metrics.RatisMetrics (RatisMetrics.java:unregister(43)) - Unregistering Metrics Registry : ratis.log_worker.26f1b97f-198a-4bc6-840d-b3fa7ce7fcfa@group-D93938EF698D
2020-07-02 08:48:09,453 [ForkJoinPool.commonPool-worker-0] INFO  metrics.RatisMetrics (RatisMetrics.java:unregister(43)) - Unregistering Metrics Registry : ratis.leader_election.26f1b97f-198a-4bc6-840d-b3fa7ce7fcfa@group-D93938EF698D
2020-07-02 08:48:09,453 [ForkJoinPool.commonPool-worker-0] INFO  metrics.RatisMetrics (RatisMetrics.java:unregister(43)) - Unregistering Metrics Registry : ratis.server.26f1b97f-198a-4bc6-840d-b3fa7ce7fcfa@group-D93938EF698D
2020-07-02 08:48:09,453 [ForkJoinPool.commonPool-worker-0] INFO  impl.RaftServerImpl (RaftServerImpl.java:lambda$shutdown$3(252)) - 26f1b97f-198a-4bc6-840d-b3fa7ce7fcfa@group-DDA07415E3C3: shutdown
2020-07-02 08:48:09,453 [ForkJoinPool.commonPool-worker-0] INFO  util.JmxRegister (JmxRegister.java:unregister(73)) - Successfully un-registered JMX Bean with object name Ratis:service=RaftServer,group=group-DDA07415E3C3,id=26f1b97f-198a-4bc6-840d-b3fa7ce7fcfa
2020-07-02 08:48:09,453 [ForkJoinPool.commonPool-worker-0] INFO  impl.RoleInfo (RoleInfo.java:shutdownLeaderState(104)) - 26f1b97f-198a-4bc6-840d-b3fa7ce7fcfa: shutdown LeaderState
2020-07-02 08:48:09,453 [ForkJoinPool.commonPool-worker-0] INFO  impl.PendingRequests (PendingRequests.java:sendNotLeaderResponses(249)) - 26f1b97f-198a-4bc6-840d-b3fa7ce7fcfa@group-DDA07415E3C3-PendingRequests: sendNotLeaderResponses
2020-07-02 08:48:09,454 [ForkJoinPool.commonPool-worker-0] INFO  metrics.RatisMetrics (RatisMetrics.java:unregister(43)) - Unregistering Metrics Registry : ratis.log_appender.26f1b97f-198a-4bc6-840d-b3fa7ce7fcfa@group-DDA07415E3C3
2020-07-02 08:48:09,454 [ForkJoinPool.commonPool-worker-0] INFO  metrics.RatisMetrics (RatisMetrics.java:unregister(43)) - Unregistering Metrics Registry : ratis.server.26f1b97f-198a-4bc6-840d-b3fa7ce7fcfa@group-DDA07415E3C3
2020-07-02 08:48:09,455 [ForkJoinPool.commonPool-worker-0] INFO  impl.StateMachineUpdater (StateMachineUpdater.java:stopAndJoin(142)) - 26f1b97f-198a-4bc6-840d-b3fa7ce7fcfa@group-DDA07415E3C3-StateMachineUpdater: set stopIndex = 0
2020-07-02 08:48:09,455 [26f1b97f-198a-4bc6-840d-b3fa7ce7fcfa@group-DDA07415E3C3-StateMachineUpdater] INFO  ratis.ContainerStateMachine (ContainerStateMachine.java:takeSnapshot(293)) - group-DDA07415E3C3: Taking a snapshot at:(t:1, i:0) file /github/workspace/mnt/ozone/hadoop-ozone/integration-test/target/test-dir/MiniOzoneClusterImpl-2ea21c0c-9bca-4642-a989-259fb4fcb281/datanode-0/data/ratis/760ae7a8-12fb-4fce-8f2d-dda07415e3c3/sm/snapshot.1_0
2020-07-02 08:48:09,456 [26f1b97f-198a-4bc6-840d-b3fa7ce7fcfa@group-DDA07415E3C3-StateMachineUpdater] INFO  ratis.ContainerStateMachine (ContainerStateMachine.java:takeSnapshot(304)) - group-DDA07415E3C3: Finished taking a snapshot at:(t:1, i:0) file:/github/workspace/mnt/ozone/hadoop-ozone/integration-test/target/test-dir/MiniOzoneClusterImpl-2ea21c0c-9bca-4642-a989-259fb4fcb281/datanode-0/data/ratis/760ae7a8-12fb-4fce-8f2d-dda07415e3c3/sm/snapshot.1_0 time:0
2020-07-02 08:48:09,456 [26f1b97f-198a-4bc6-840d-b3fa7ce7fcfa@group-DDA07415E3C3-StateMachineUpdater] INFO  impl.StateMachineUpdater (StateMachineUpdater.java:takeSnapshot(277)) - 26f1b97f-198a-4bc6-840d-b3fa7ce7fcfa@group-DDA07415E3C3-StateMachineUpdater: Took a snapshot at index 0
2020-07-02 08:48:09,456 [26f1b97f-198a-4bc6-840d-b3fa7ce7fcfa@group-DDA07415E3C3-StateMachineUpdater] INFO  impl.StateMachineUpdater (StateMachineUpdater.java:lambda$new$0(87)) - 26f1b97f-198a-4bc6-840d-b3fa7ce7fcfa@group-DDA07415E3C3-StateMachineUpdater: snapshotIndex: updateIncreasingly -1 -> 0
2020-07-02 08:48:09,456 [26f1b97f-198a-4bc6-840d-b3fa7ce7fcfa@group-DDA07415E3C3-StateMachineUpdater] INFO  metrics.RatisMetrics (RatisMetrics.java:unregister(43)) - Unregistering Metrics Registry : ratis.state_machine.26f1b97f-198a-4bc6-840d-b3fa7ce7fcfa@group-DDA07415E3C3
2020-07-02 08:48:09,456 [ForkJoinPool.commonPool-worker-0] INFO  impl.RaftServerImpl (ServerState.java:close(387)) - 26f1b97f-198a-4bc6-840d-b3fa7ce7fcfa@group-DDA07415E3C3: closes. applyIndex: 0
2020-07-02 08:48:09,456 [26f1b97f-198a-4bc6-840d-b3fa7ce7fcfa@group-DDA07415E3C3-SegmentedRaftLogWorker] INFO  segmented.SegmentedRaftLogWorker (SegmentedRaftLogWorker.java:run(327)) - 26f1b97f-198a-4bc6-840d-b3fa7ce7fcfa@group-DDA07415E3C3-SegmentedRaftLogWorker was interrupted, exiting. There are 0 tasks remaining in the queue.
2020-07-02 08:48:09,456 [ForkJoinPool.commonPool-worker-0] INFO  segmented.SegmentedRaftLogWorker (SegmentedRaftLogWorker.java:close(234)) - 26f1b97f-198a-4bc6-840d-b3fa7ce7fcfa@group-DDA07415E3C3-SegmentedRaftLogWorker close()
2020-07-02 08:48:09,457 [ForkJoinPool.commonPool-worker-0] INFO  metrics.RatisMetrics (RatisMetrics.java:unregister(43)) - Unregistering Metrics Registry : ratis.log_worker.26f1b97f-198a-4bc6-840d-b3fa7ce7fcfa@group-DDA07415E3C3
2020-07-02 08:48:09,457 [ForkJoinPool.commonPool-worker-0] INFO  metrics.RatisMetrics (RatisMetrics.java:unregister(43)) - Unregistering Metrics Registry : ratis.leader_election.26f1b97f-198a-4bc6-840d-b3fa7ce7fcfa@group-DDA07415E3C3
2020-07-02 08:48:09,457 [ForkJoinPool.commonPool-worker-0] INFO  metrics.RatisMetrics (RatisMetrics.java:unregister(43)) - Unregistering Metrics Registry : ratis.server.26f1b97f-198a-4bc6-840d-b3fa7ce7fcfa@group-DDA07415E3C3
2020-07-02 08:48:09,457 [ForkJoinPool.commonPool-worker-0] INFO  server.GrpcService (GrpcService.java:closeImpl(166)) - 26f1b97f-198a-4bc6-840d-b3fa7ce7fcfa: shutdown server with port 45833 now
2020-07-02 08:48:09,457 [grpc-default-executor-5] WARN  client.GrpcClientProtocolService (LogUtils.java:warn(122)) - 1-UnorderedRequestStreamObserver1: onError: org.apache.ratis.thirdparty.io.grpc.StatusRuntimeException: CANCELLED: cancelled before receiving half close
2020-07-02 08:48:09,458 [ForkJoinPool.commonPool-worker-0] INFO  server.GrpcService (GrpcService.java:closeImpl(174)) - 26f1b97f-198a-4bc6-840d-b3fa7ce7fcfa: shutdown server with port 45833 successfully
2020-07-02 08:48:09,460 [ForkJoinPool.commonPool-worker-0] INFO  utils.BackgroundService (BackgroundService.java:shutdown(157)) - Shutting down service BlockDeletingService
2020-07-02 08:48:09,461 [ForkJoinPool.commonPool-worker-0] INFO  statemachine.DatanodeStateMachine (DatanodeStateMachine.java:stopDaemon(428)) - Ozone container server stopped.
2020-07-02 08:48:09,463 [ForkJoinPool.commonPool-worker-0] INFO  handler.ContextHandler (ContextHandler.java:doStop(1016)) - Stopped o.e.j.w.WebAppContext@61debcd0{hddsDatanode,/,null,UNAVAILABLE}{jar:file:/home/user/.m2/repository/org/apache/hadoop/hadoop-hdds-container-service/0.6.0-SNAPSHOT/hadoop-hdds-container-service-0.6.0-SNAPSHOT.jar!/webapps/hddsDatanode}
2020-07-02 08:48:09,463 [ForkJoinPool.commonPool-worker-0] INFO  server.AbstractConnector (AbstractConnector.java:doStop(380)) - Stopped ServerConnector@5fabbf57{HTTP/1.1,[http/1.1]}{0.0.0.0:0}
2020-07-02 08:48:09,463 [ForkJoinPool.commonPool-worker-0] INFO  server.session (HouseKeeper.java:stopScavenging(158)) - node0 Stopped scavenging
2020-07-02 08:48:09,464 [ForkJoinPool.commonPool-worker-0] INFO  handler.ContextHandler (ContextHandler.java:doStop(1016)) - Stopped o.e.j.s.ServletContextHandler@e09a9e9{static,/static,jar:file:/home/user/.m2/repository/org/apache/hadoop/hadoop-hdds-container-service/0.6.0-SNAPSHOT/hadoop-hdds-container-service-0.6.0-SNAPSHOT.jar!/webapps/static,UNAVAILABLE}
2020-07-02 08:48:09,464 [ForkJoinPool.commonPool-worker-0] INFO  handler.ContextHandler (ContextHandler.java:doStop(1016)) - Stopped o.e.j.s.ServletContextHandler@406a9661{logs,/logs,file:///github/workspace/mnt/ozone/hadoop-ozone/integration-test/target/log,UNAVAILABLE}
2020-07-02 08:48:09,809 [Datanode State Machine Thread - 0] INFO  statemachine.DatanodeStateMachine (DatanodeStateMachine.java:lambda$startDaemon$0(380)) - Ozone container server started.
2020-07-02 08:48:10,161 [Datanode State Machine Thread - 0] INFO  statemachine.DatanodeStateMachine (DatanodeStateMachine.java:lambda$startDaemon$0(380)) - Ozone container server started.
2020-07-02 08:48:10,356 [Thread-1587] INFO  impl.FollowerState (FollowerState.java:run(108)) - aab70d5c-3498-440f-806b-05f26fe37e72@group-32BF70E33156-FollowerState: change to CANDIDATE, lastRpcTime:1027ms, electionTimeout:1027ms
2020-07-02 08:48:10,356 [Thread-1587] INFO  impl.RoleInfo (RoleInfo.java:shutdownFollowerState(121)) - aab70d5c-3498-440f-806b-05f26fe37e72: shutdown FollowerState
2020-07-02 08:48:10,356 [Thread-1587] INFO  impl.RaftServerImpl (RaftServerImpl.java:setRole(175)) - aab70d5c-3498-440f-806b-05f26fe37e72@group-32BF70E33156: changes role from  FOLLOWER to CANDIDATE at term 6 for changeToCandidate
2020-07-02 08:48:10,356 [Thread-1587] INFO  impl.RoleInfo (RoleInfo.java:updateAndGet(143)) - aab70d5c-3498-440f-806b-05f26fe37e72: start LeaderElection
2020-07-02 08:48:10,358 [aab70d5c-3498-440f-806b-05f26fe37e72@group-32BF70E33156-LeaderElection42] INFO  impl.LeaderElection (LeaderElection.java:askForVotes(206)) - aab70d5c-3498-440f-806b-05f26fe37e72@group-32BF70E33156-LeaderElection42: begin an election at term 7 for 1: [7d30d443-236e-4da8-b613-0865c2b8e378:172.17.0.2:36199, b62aeb05-24ab-4842-8919-6c05a4e657f5:172.17.0.2:40851, aab70d5c-3498-440f-806b-05f26fe37e72:172.17.0.2:40789], old=null
2020-07-02 08:48:10,359 [aab70d5c-3498-440f-806b-05f26fe37e72@group-32BF70E33156-LeaderElection42] INFO  impl.LeaderElection (LogUtils.java:infoOrTrace(137)) - aab70d5c-3498-440f-806b-05f26fe37e72@group-32BF70E33156-LeaderElection42 got exception when requesting votes: java.util.concurrent.ExecutionException: org.apache.ratis.thirdparty.io.grpc.StatusRuntimeException: UNAVAILABLE: io exception
2020-07-02 08:48:10,359 [aab70d5c-3498-440f-806b-05f26fe37e72@group-32BF70E33156-LeaderElection42] INFO  impl.LeaderElection (LogUtils.java:infoOrTrace(137)) - aab70d5c-3498-440f-806b-05f26fe37e72@group-32BF70E33156-LeaderElection42 got exception when requesting votes: java.util.concurrent.ExecutionException: org.apache.ratis.thirdparty.io.grpc.StatusRuntimeException: UNAVAILABLE: io exception
2020-07-02 08:48:10,359 [aab70d5c-3498-440f-806b-05f26fe37e72@group-32BF70E33156-LeaderElection42] INFO  impl.LeaderElection (LeaderElection.java:logAndReturn(61)) - aab70d5c-3498-440f-806b-05f26fe37e72@group-32BF70E33156-LeaderElection42: Election REJECTED; received 0 response(s) [] and 2 exception(s); aab70d5c-3498-440f-806b-05f26fe37e72@group-32BF70E33156:t7, leader=null, voted=aab70d5c-3498-440f-806b-05f26fe37e72, raftlog=aab70d5c-3498-440f-806b-05f26fe37e72@group-32BF70E33156-SegmentedRaftLog:OPENED:c2,f2,i2, conf=1: [7d30d443-236e-4da8-b613-0865c2b8e378:172.17.0.2:36199, b62aeb05-24ab-4842-8919-6c05a4e657f5:172.17.0.2:40851, aab70d5c-3498-440f-806b-05f26fe37e72:172.17.0.2:40789], old=null
2020-07-02 08:48:10,359 [aab70d5c-3498-440f-806b-05f26fe37e72@group-32BF70E33156-LeaderElection42] INFO  impl.LeaderElection (LogUtils.java:infoOrTrace(137)) -   Exception 0: java.util.concurrent.ExecutionException: org.apache.ratis.thirdparty.io.grpc.StatusRuntimeException: UNAVAILABLE: io exception
2020-07-02 08:48:10,359 [aab70d5c-3498-440f-806b-05f26fe37e72@group-32BF70E33156-LeaderElection42] INFO  impl.LeaderElection (LogUtils.java:infoOrTrace(137)) -   Exception 1: java.util.concurrent.ExecutionException: org.apache.ratis.thirdparty.io.grpc.StatusRuntimeException: UNAVAILABLE: io exception
2020-07-02 08:48:10,359 [aab70d5c-3498-440f-806b-05f26fe37e72@group-32BF70E33156-LeaderElection42] INFO  impl.RaftServerImpl (RaftServerImpl.java:setRole(175)) - aab70d5c-3498-440f-806b-05f26fe37e72@group-32BF70E33156: changes role from CANDIDATE to FOLLOWER at term 7 for DISCOVERED_A_NEW_TERM
2020-07-02 08:48:10,359 [aab70d5c-3498-440f-806b-05f26fe37e72@group-32BF70E33156-LeaderElection42] INFO  impl.RoleInfo (RoleInfo.java:shutdownLeaderElection(134)) - aab70d5c-3498-440f-806b-05f26fe37e72: shutdown LeaderElection
2020-07-02 08:48:10,359 [aab70d5c-3498-440f-806b-05f26fe37e72@group-32BF70E33156-LeaderElection42] INFO  impl.RoleInfo (RoleInfo.java:updateAndGet(143)) - aab70d5c-3498-440f-806b-05f26fe37e72: start FollowerState
2020-07-02 08:48:11,377 [Thread-1344] INFO  impl.FollowerState (FollowerState.java:run(108)) - f7ed0b0c-c89c-471c-8c37-09edce727015@group-D93938EF698D-FollowerState: change to CANDIDATE, lastRpcTime:2008ms, electionTimeout:1087ms
2020-07-02 08:48:11,377 [Thread-1344] INFO  impl.RoleInfo (RoleInfo.java:shutdownFollowerState(121)) - f7ed0b0c-c89c-471c-8c37-09edce727015: shutdown FollowerState
2020-07-02 08:48:11,377 [Thread-1344] INFO  impl.RaftServerImpl (RaftServerImpl.java:setRole(175)) - f7ed0b0c-c89c-471c-8c37-09edce727015@group-D93938EF698D: changes role from  FOLLOWER to CANDIDATE at term 3 for changeToCandidate
2020-07-02 08:48:11,377 [Thread-1344] INFO  impl.RoleInfo (RoleInfo.java:updateAndGet(143)) - f7ed0b0c-c89c-471c-8c37-09edce727015: start LeaderElection
2020-07-02 08:48:11,378 [f7ed0b0c-c89c-471c-8c37-09edce727015@group-D93938EF698D-LeaderElection43] INFO  impl.RaftServerImpl (ServerState.java:setLeader(255)) - f7ed0b0c-c89c-471c-8c37-09edce727015@group-D93938EF698D: change Leader from 26f1b97f-198a-4bc6-840d-b3fa7ce7fcfa to null at term 3 for initElection
2020-07-02 08:48:11,381 [f7ed0b0c-c89c-471c-8c37-09edce727015@group-D93938EF698D-LeaderElection43] INFO  impl.LeaderElection (LeaderElection.java:askForVotes(206)) - f7ed0b0c-c89c-471c-8c37-09edce727015@group-D93938EF698D-LeaderElection43: begin an election at term 4 for 0: [26f1b97f-198a-4bc6-840d-b3fa7ce7fcfa:172.17.0.2:45833, c4f8bc01-7deb-4cd9-a6c1-654553e0e0ff:172.17.0.2:33519, f7ed0b0c-c89c-471c-8c37-09edce727015:172.17.0.2:46061], old=null
2020-07-02 08:48:11,385 [f7ed0b0c-c89c-471c-8c37-09edce727015@group-D93938EF698D-LeaderElection43] INFO  impl.LeaderElection (LogUtils.java:infoOrTrace(137)) - f7ed0b0c-c89c-471c-8c37-09edce727015@group-D93938EF698D-LeaderElection43 got exception when requesting votes: java.util.concurrent.ExecutionException: org.apache.ratis.thirdparty.io.grpc.StatusRuntimeException: UNAVAILABLE: io exception
2020-07-02 08:48:11,385 [f7ed0b0c-c89c-471c-8c37-09edce727015@group-D93938EF698D-LeaderElection43] INFO  impl.LeaderElection (LogUtils.java:infoOrTrace(137)) - f7ed0b0c-c89c-471c-8c37-09edce727015@group-D93938EF698D-LeaderElection43 got exception when requesting votes: java.util.concurrent.ExecutionException: org.apache.ratis.thirdparty.io.grpc.StatusRuntimeException: UNAVAILABLE: io exception
2020-07-02 08:48:11,385 [f7ed0b0c-c89c-471c-8c37-09edce727015@group-D93938EF698D-LeaderElection43] INFO  impl.LeaderElection (LeaderElection.java:logAndReturn(61)) - f7ed0b0c-c89c-471c-8c37-09edce727015@group-D93938EF698D-LeaderElection43: Election REJECTED; received 0 response(s) [] and 2 exception(s); f7ed0b0c-c89c-471c-8c37-09edce727015@group-D93938EF698D:t4, leader=null, voted=f7ed0b0c-c89c-471c-8c37-09edce727015, raftlog=f7ed0b0c-c89c-471c-8c37-09edce727015@group-D93938EF698D-SegmentedRaftLog:OPENED:c6,f6,i6, conf=0: [26f1b97f-198a-4bc6-840d-b3fa7ce7fcfa:172.17.0.2:45833, c4f8bc01-7deb-4cd9-a6c1-654553e0e0ff:172.17.0.2:33519, f7ed0b0c-c89c-471c-8c37-09edce727015:172.17.0.2:46061], old=null
2020-07-02 08:48:11,385 [f7ed0b0c-c89c-471c-8c37-09edce727015@group-D93938EF698D-LeaderElection43] INFO  impl.LeaderElection (LogUtils.java:infoOrTrace(137)) -   Exception 0: java.util.concurrent.ExecutionException: org.apache.ratis.thirdparty.io.grpc.StatusRuntimeException: UNAVAILABLE: io exception
2020-07-02 08:48:11,385 [f7ed0b0c-c89c-471c-8c37-09edce727015@group-D93938EF698D-LeaderElection43] INFO  impl.LeaderElection (LogUtils.java:infoOrTrace(137)) -   Exception 1: java.util.concurrent.ExecutionException: org.apache.ratis.thirdparty.io.grpc.StatusRuntimeException: UNAVAILABLE: io exception
2020-07-02 08:48:11,385 [f7ed0b0c-c89c-471c-8c37-09edce727015@group-D93938EF698D-LeaderElection43] INFO  impl.RaftServerImpl (RaftServerImpl.java:setRole(175)) - f7ed0b0c-c89c-471c-8c37-09edce727015@group-D93938EF698D: changes role from CANDIDATE to FOLLOWER at term 4 for DISCOVERED_A_NEW_TERM
2020-07-02 08:48:11,385 [f7ed0b0c-c89c-471c-8c37-09edce727015@group-D93938EF698D-LeaderElection43] INFO  impl.RoleInfo (RoleInfo.java:shutdownLeaderElection(134)) - f7ed0b0c-c89c-471c-8c37-09edce727015: shutdown LeaderElection
2020-07-02 08:48:11,385 [f7ed0b0c-c89c-471c-8c37-09edce727015@group-D93938EF698D-LeaderElection43] INFO  impl.RoleInfo (RoleInfo.java:updateAndGet(143)) - f7ed0b0c-c89c-471c-8c37-09edce727015: start FollowerState
2020-07-02 08:48:11,542 [Thread-1592] INFO  impl.FollowerState (FollowerState.java:run(108)) - aab70d5c-3498-440f-806b-05f26fe37e72@group-32BF70E33156-FollowerState: change to CANDIDATE, lastRpcTime:1182ms, electionTimeout:1182ms
2020-07-02 08:48:11,542 [Thread-1592] INFO  impl.RoleInfo (RoleInfo.java:shutdownFollowerState(121)) - aab70d5c-3498-440f-806b-05f26fe37e72: shutdown FollowerState
2020-07-02 08:48:11,542 [Thread-1592] INFO  impl.RaftServerImpl (RaftServerImpl.java:setRole(175)) - aab70d5c-3498-440f-806b-05f26fe37e72@group-32BF70E33156: changes role from  FOLLOWER to CANDIDATE at term 7 for changeToCandidate
2020-07-02 08:48:11,542 [Thread-1592] INFO  impl.RoleInfo (RoleInfo.java:updateAndGet(143)) - aab70d5c-3498-440f-806b-05f26fe37e72: start LeaderElection
2020-07-02 08:48:11,544 [aab70d5c-3498-440f-806b-05f26fe37e72@group-32BF70E33156-LeaderElection44] INFO  impl.LeaderElection (LeaderElection.java:askForVotes(206)) - aab70d5c-3498-440f-806b-05f26fe37e72@group-32BF70E33156-LeaderElection44: begin an election at term 8 for 1: [7d30d443-236e-4da8-b613-0865c2b8e378:172.17.0.2:36199, b62aeb05-24ab-4842-8919-6c05a4e657f5:172.17.0.2:40851, aab70d5c-3498-440f-806b-05f26fe37e72:172.17.0.2:40789], old=null
2020-07-02 08:48:11,544 [aab70d5c-3498-440f-806b-05f26fe37e72@group-32BF70E33156-LeaderElection44] INFO  impl.LeaderElection (LogUtils.java:infoOrTrace(137)) - aab70d5c-3498-440f-806b-05f26fe37e72@group-32BF70E33156-LeaderElection44 got exception when requesting votes: java.util.concurrent.ExecutionException: org.apache.ratis.thirdparty.io.grpc.StatusRuntimeException: UNAVAILABLE: io exception
2020-07-02 08:48:11,546 [aab70d5c-3498-440f-806b-05f26fe37e72@group-32BF70E33156-LeaderElection44] INFO  impl.LeaderElection (LogUtils.java:infoOrTrace(137)) - aab70d5c-3498-440f-806b-05f26fe37e72@group-32BF70E33156-LeaderElection44 got exception when requesting votes: java.util.concurrent.ExecutionException: org.apache.ratis.thirdparty.io.grpc.StatusRuntimeException: UNAVAILABLE: io exception
2020-07-02 08:48:11,546 [aab70d5c-3498-440f-806b-05f26fe37e72@group-32BF70E33156-LeaderElection44] INFO  impl.LeaderElection (LeaderElection.java:logAndReturn(61)) - aab70d5c-3498-440f-806b-05f26fe37e72@group-32BF70E33156-LeaderElection44: Election REJECTED; received 0 response(s) [] and 2 exception(s); aab70d5c-3498-440f-806b-05f26fe37e72@group-32BF70E33156:t8, leader=null, voted=aab70d5c-3498-440f-806b-05f26fe37e72, raftlog=aab70d5c-3498-440f-806b-05f26fe37e72@group-32BF70E33156-SegmentedRaftLog:OPENED:c2,f2,i2, conf=1: [7d30d443-236e-4da8-b613-0865c2b8e378:172.17.0.2:36199, b62aeb05-24ab-4842-8919-6c05a4e657f5:172.17.0.2:40851, aab70d5c-3498-440f-806b-05f26fe37e72:172.17.0.2:40789], old=null
2020-07-02 08:48:11,546 [aab70d5c-3498-440f-806b-05f26fe37e72@group-32BF70E33156-LeaderElection44] INFO  impl.LeaderElection (LogUtils.java:infoOrTrace(137)) -   Exception 0: java.util.concurrent.ExecutionException: org.apache.ratis.thirdparty.io.grpc.StatusRuntimeException: UNAVAILABLE: io exception
2020-07-02 08:48:11,546 [aab70d5c-3498-440f-806b-05f26fe37e72@group-32BF70E33156-LeaderElection44] INFO  impl.LeaderElection (LogUtils.java:infoOrTrace(137)) -   Exception 1: java.util.concurrent.ExecutionException: org.apache.ratis.thirdparty.io.grpc.StatusRuntimeException: UNAVAILABLE: io exception
2020-07-02 08:48:11,546 [aab70d5c-3498-440f-806b-05f26fe37e72@group-32BF70E33156-LeaderElection44] INFO  impl.RaftServerImpl (RaftServerImpl.java:setRole(175)) - aab70d5c-3498-440f-806b-05f26fe37e72@group-32BF70E33156: changes role from CANDIDATE to FOLLOWER at term 8 for DISCOVERED_A_NEW_TERM
2020-07-02 08:48:11,546 [aab70d5c-3498-440f-806b-05f26fe37e72@group-32BF70E33156-LeaderElection44] INFO  impl.RoleInfo (RoleInfo.java:shutdownLeaderElection(134)) - aab70d5c-3498-440f-806b-05f26fe37e72: shutdown LeaderElection
2020-07-02 08:48:11,546 [aab70d5c-3498-440f-806b-05f26fe37e72@group-32BF70E33156-LeaderElection44] INFO  impl.RoleInfo (RoleInfo.java:updateAndGet(143)) - aab70d5c-3498-440f-806b-05f26fe37e72: start FollowerState
2020-07-02 08:48:12,515 [Thread-1596] INFO  impl.FollowerState (FollowerState.java:run(108)) - f7ed0b0c-c89c-471c-8c37-09edce727015@group-D93938EF698D-FollowerState: change to CANDIDATE, lastRpcTime:1129ms, electionTimeout:1129ms
2020-07-02 08:48:12,515 [Thread-1596] INFO  impl.RoleInfo (RoleInfo.java:shutdownFollowerState(121)) - f7ed0b0c-c89c-471c-8c37-09edce727015: shutdown FollowerState
2020-07-02 08:48:12,515 [Thread-1596] INFO  impl.RaftServerImpl (RaftServerImpl.java:setRole(175)) - f7ed0b0c-c89c-471c-8c37-09edce727015@group-D93938EF698D: changes role from  FOLLOWER to CANDIDATE at term 4 for changeToCandidate
2020-07-02 08:48:12,516 [Thread-1596] INFO  impl.RoleInfo (RoleInfo.java:updateAndGet(143)) - f7ed0b0c-c89c-471c-8c37-09edce727015: start LeaderElection
2020-07-02 08:48:12,519 [f7ed0b0c-c89c-471c-8c37-09edce727015@group-D93938EF698D-LeaderElection45] INFO  impl.LeaderElection (LeaderElection.java:askForVotes(206)) - f7ed0b0c-c89c-471c-8c37-09edce727015@group-D93938EF698D-LeaderElection45: begin an election at term 5 for 0: [26f1b97f-198a-4bc6-840d-b3fa7ce7fcfa:172.17.0.2:45833, c4f8bc01-7deb-4cd9-a6c1-654553e0e0ff:172.17.0.2:33519, f7ed0b0c-c89c-471c-8c37-09edce727015:172.17.0.2:46061], old=null
2020-07-02 08:48:12,521 [f7ed0b0c-c89c-471c-8c37-09edce727015@group-D93938EF698D-LeaderElection45] INFO  impl.LeaderElection (LogUtils.java:infoOrTrace(137)) - f7ed0b0c-c89c-471c-8c37-09edce727015@group-D93938EF698D-LeaderElection45 got exception when requesting votes: java.util.concurrent.ExecutionException: org.apache.ratis.thirdparty.io.grpc.StatusRuntimeException: UNAVAILABLE: io exception
2020-07-02 08:48:12,521 [f7ed0b0c-c89c-471c-8c37-09edce727015@group-D93938EF698D-LeaderElection45] INFO  impl.LeaderElection (LogUtils.java:infoOrTrace(137)) - f7ed0b0c-c89c-471c-8c37-09edce727015@group-D93938EF698D-LeaderElection45 got exception when requesting votes: java.util.concurrent.ExecutionException: org.apache.ratis.thirdparty.io.grpc.StatusRuntimeException: UNAVAILABLE: io exception
2020-07-02 08:48:12,521 [f7ed0b0c-c89c-471c-8c37-09edce727015@group-D93938EF698D-LeaderElection45] INFO  impl.LeaderElection (LeaderElection.java:logAndReturn(61)) - f7ed0b0c-c89c-471c-8c37-09edce727015@group-D93938EF698D-LeaderElection45: Election REJECTED; received 0 response(s) [] and 2 exception(s); f7ed0b0c-c89c-471c-8c37-09edce727015@group-D93938EF698D:t5, leader=null, voted=f7ed0b0c-c89c-471c-8c37-09edce727015, raftlog=f7ed0b0c-c89c-471c-8c37-09edce727015@group-D93938EF698D-SegmentedRaftLog:OPENED:c6,f6,i6, conf=0: [26f1b97f-198a-4bc6-840d-b3fa7ce7fcfa:172.17.0.2:45833, c4f8bc01-7deb-4cd9-a6c1-654553e0e0ff:172.17.0.2:33519, f7ed0b0c-c89c-471c-8c37-09edce727015:172.17.0.2:46061], old=null
2020-07-02 08:48:12,521 [f7ed0b0c-c89c-471c-8c37-09edce727015@group-D93938EF698D-LeaderElection45] INFO  impl.LeaderElection (LogUtils.java:infoOrTrace(137)) -   Exception 0: java.util.concurrent.ExecutionException: org.apache.ratis.thirdparty.io.grpc.StatusRuntimeException: UNAVAILABLE: io exception
2020-07-02 08:48:12,521 [f7ed0b0c-c89c-471c-8c37-09edce727015@group-D93938EF698D-LeaderElection45] INFO  impl.LeaderElection (LogUtils.java:infoOrTrace(137)) -   Exception 1: java.util.concurrent.ExecutionException: org.apache.ratis.thirdparty.io.grpc.StatusRuntimeException: UNAVAILABLE: io exception
2020-07-02 08:48:12,521 [f7ed0b0c-c89c-471c-8c37-09edce727015@group-D93938EF698D-LeaderElection45] INFO  impl.RaftServerImpl (RaftServerImpl.java:setRole(175)) - f7ed0b0c-c89c-471c-8c37-09edce727015@group-D93938EF698D: changes role from CANDIDATE to FOLLOWER at term 5 for DISCOVERED_A_NEW_TERM
2020-07-02 08:48:12,521 [f7ed0b0c-c89c-471c-8c37-09edce727015@group-D93938EF698D-LeaderElection45] INFO  impl.RoleInfo (RoleInfo.java:shutdownLeaderElection(134)) - f7ed0b0c-c89c-471c-8c37-09edce727015: shutdown LeaderElection
2020-07-02 08:48:12,521 [f7ed0b0c-c89c-471c-8c37-09edce727015@group-D93938EF698D-LeaderElection45] INFO  impl.RoleInfo (RoleInfo.java:updateAndGet(143)) - f7ed0b0c-c89c-471c-8c37-09edce727015: start FollowerState
2020-07-02 08:48:12,725 [Thread-1600] INFO  impl.FollowerState (FollowerState.java:run(108)) - aab70d5c-3498-440f-806b-05f26fe37e72@group-32BF70E33156-FollowerState: change to CANDIDATE, lastRpcTime:1178ms, electionTimeout:1178ms
2020-07-02 08:48:12,725 [Thread-1600] INFO  impl.RoleInfo (RoleInfo.java:shutdownFollowerState(121)) - aab70d5c-3498-440f-806b-05f26fe37e72: shutdown FollowerState
2020-07-02 08:48:12,725 [Thread-1600] INFO  impl.RaftServerImpl (RaftServerImpl.java:setRole(175)) - aab70d5c-3498-440f-806b-05f26fe37e72@group-32BF70E33156: changes role from  FOLLOWER to CANDIDATE at term 8 for changeToCandidate
2020-07-02 08:48:12,725 [Thread-1600] INFO  impl.RoleInfo (RoleInfo.java:updateAndGet(143)) - aab70d5c-3498-440f-806b-05f26fe37e72: start LeaderElection
2020-07-02 08:48:12,727 [aab70d5c-3498-440f-806b-05f26fe37e72@group-32BF70E33156-LeaderElection46] INFO  impl.LeaderElection (LeaderElection.java:askForVotes(206)) - aab70d5c-3498-440f-806b-05f26fe37e72@group-32BF70E33156-LeaderElection46: begin an election at term 9 for 1: [7d30d443-236e-4da8-b613-0865c2b8e378:172.17.0.2:36199, b62aeb05-24ab-4842-8919-6c05a4e657f5:172.17.0.2:40851, aab70d5c-3498-440f-806b-05f26fe37e72:172.17.0.2:40789], old=null
2020-07-02 08:48:12,728 [aab70d5c-3498-440f-806b-05f26fe37e72@group-32BF70E33156-LeaderElection46] INFO  impl.LeaderElection (LogUtils.java:infoOrTrace(137)) - aab70d5c-3498-440f-806b-05f26fe37e72@group-32BF70E33156-LeaderElection46 got exception when requesting votes: java.util.concurrent.ExecutionException: org.apache.ratis.thirdparty.io.grpc.StatusRuntimeException: UNAVAILABLE: io exception
2020-07-02 08:48:12,729 [aab70d5c-3498-440f-806b-05f26fe37e72@group-32BF70E33156-LeaderElection46] INFO  impl.LeaderElection (LogUtils.java:infoOrTrace(137)) - aab70d5c-3498-440f-806b-05f26fe37e72@group-32BF70E33156-LeaderElection46 got exception when requesting votes: java.util.concurrent.ExecutionException: org.apache.ratis.thirdparty.io.grpc.StatusRuntimeException: UNAVAILABLE: io exception
2020-07-02 08:48:12,729 [aab70d5c-3498-440f-806b-05f26fe37e72@group-32BF70E33156-LeaderElection46] INFO  impl.LeaderElection (LeaderElection.java:logAndReturn(61)) - aab70d5c-3498-440f-806b-05f26fe37e72@group-32BF70E33156-LeaderElection46: Election REJECTED; received 0 response(s) [] and 2 exception(s); aab70d5c-3498-440f-806b-05f26fe37e72@group-32BF70E33156:t9, leader=null, voted=aab70d5c-3498-440f-806b-05f26fe37e72, raftlog=aab70d5c-3498-440f-806b-05f26fe37e72@group-32BF70E33156-SegmentedRaftLog:OPENED:c2,f2,i2, conf=1: [7d30d443-236e-4da8-b613-0865c2b8e378:172.17.0.2:36199, b62aeb05-24ab-4842-8919-6c05a4e657f5:172.17.0.2:40851, aab70d5c-3498-440f-806b-05f26fe37e72:172.17.0.2:40789], old=null
2020-07-02 08:48:12,729 [aab70d5c-3498-440f-806b-05f26fe37e72@group-32BF70E33156-LeaderElection46] INFO  impl.LeaderElection (LogUtils.java:infoOrTrace(137)) -   Exception 0: java.util.concurrent.ExecutionException: org.apache.ratis.thirdparty.io.grpc.StatusRuntimeException: UNAVAILABLE: io exception
2020-07-02 08:48:12,729 [aab70d5c-3498-440f-806b-05f26fe37e72@group-32BF70E33156-LeaderElection46] INFO  impl.LeaderElection (LogUtils.java:infoOrTrace(137)) -   Exception 1: java.util.concurrent.ExecutionException: org.apache.ratis.thirdparty.io.grpc.StatusRuntimeException: UNAVAILABLE: io exception
2020-07-02 08:48:12,729 [aab70d5c-3498-440f-806b-05f26fe37e72@group-32BF70E33156-LeaderElection46] INFO  impl.RaftServerImpl (RaftServerImpl.java:setRole(175)) - aab70d5c-3498-440f-806b-05f26fe37e72@group-32BF70E33156: changes role from CANDIDATE to FOLLOWER at term 9 for DISCOVERED_A_NEW_TERM
2020-07-02 08:48:12,729 [aab70d5c-3498-440f-806b-05f26fe37e72@group-32BF70E33156-LeaderElection46] INFO  impl.RoleInfo (RoleInfo.java:shutdownLeaderElection(134)) - aab70d5c-3498-440f-806b-05f26fe37e72: shutdown LeaderElection
2020-07-02 08:48:12,729 [aab70d5c-3498-440f-806b-05f26fe37e72@group-32BF70E33156-LeaderElection46] INFO  impl.RoleInfo (RoleInfo.java:updateAndGet(143)) - aab70d5c-3498-440f-806b-05f26fe37e72: start FollowerState
2020-07-02 08:48:13,676 [Thread-1604] INFO  impl.FollowerState (FollowerState.java:run(108)) - f7ed0b0c-c89c-471c-8c37-09edce727015@group-D93938EF698D-FollowerState: change to CANDIDATE, lastRpcTime:1154ms, electionTimeout:1154ms
2020-07-02 08:48:13,677 [Thread-1604] INFO  impl.RoleInfo (RoleInfo.java:shutdownFollowerState(121)) - f7ed0b0c-c89c-471c-8c37-09edce727015: shutdown FollowerState
2020-07-02 08:48:13,677 [Thread-1604] INFO  impl.RaftServerImpl (RaftServerImpl.java:setRole(175)) - f7ed0b0c-c89c-471c-8c37-09edce727015@group-D93938EF698D: changes role from  FOLLOWER to CANDIDATE at term 5 for changeToCandidate
2020-07-02 08:48:13,677 [Thread-1604] INFO  impl.RoleInfo (RoleInfo.java:updateAndGet(143)) - f7ed0b0c-c89c-471c-8c37-09edce727015: start LeaderElection
2020-07-02 08:48:13,679 [f7ed0b0c-c89c-471c-8c37-09edce727015@group-D93938EF698D-LeaderElection47] INFO  impl.LeaderElection (LeaderElection.java:askForVotes(206)) - f7ed0b0c-c89c-471c-8c37-09edce727015@group-D93938EF698D-LeaderElection47: begin an election at term 6 for 0: [26f1b97f-198a-4bc6-840d-b3fa7ce7fcfa:172.17.0.2:45833, c4f8bc01-7deb-4cd9-a6c1-654553e0e0ff:172.17.0.2:33519, f7ed0b0c-c89c-471c-8c37-09edce727015:172.17.0.2:46061], old=null
2020-07-02 08:48:13,680 [f7ed0b0c-c89c-471c-8c37-09edce727015@group-D93938EF698D-LeaderElection47] INFO  impl.LeaderElection (LogUtils.java:infoOrTrace(137)) - f7ed0b0c-c89c-471c-8c37-09edce727015@group-D93938EF698D-LeaderElection47 got exception when requesting votes: java.util.concurrent.ExecutionException: org.apache.ratis.thirdparty.io.grpc.StatusRuntimeException: UNAVAILABLE: io exception
2020-07-02 08:48:13,681 [f7ed0b0c-c89c-471c-8c37-09edce727015@group-D93938EF698D-LeaderElection47] INFO  impl.LeaderElection (LogUtils.java:infoOrTrace(137)) - f7ed0b0c-c89c-471c-8c37-09edce727015@group-D93938EF698D-LeaderElection47 got exception when requesting votes: java.util.concurrent.ExecutionException: org.apache.ratis.thirdparty.io.grpc.StatusRuntimeException: UNAVAILABLE: io exception
2020-07-02 08:48:13,681 [f7ed0b0c-c89c-471c-8c37-09edce727015@group-D93938EF698D-LeaderElection47] INFO  impl.LeaderElection (LeaderElection.java:logAndReturn(61)) - f7ed0b0c-c89c-471c-8c37-09edce727015@group-D93938EF698D-LeaderElection47: Election REJECTED; received 0 response(s) [] and 2 exception(s); f7ed0b0c-c89c-471c-8c37-09edce727015@group-D93938EF698D:t6, leader=null, voted=f7ed0b0c-c89c-471c-8c37-09edce727015, raftlog=f7ed0b0c-c89c-471c-8c37-09edce727015@group-D93938EF698D-SegmentedRaftLog:OPENED:c6,f6,i6, conf=0: [26f1b97f-198a-4bc6-840d-b3fa7ce7fcfa:172.17.0.2:45833, c4f8bc01-7deb-4cd9-a6c1-654553e0e0ff:172.17.0.2:33519, f7ed0b0c-c89c-471c-8c37-09edce727015:172.17.0.2:46061], old=null
2020-07-02 08:48:13,681 [f7ed0b0c-c89c-471c-8c37-09edce727015@group-D93938EF698D-LeaderElection47] INFO  impl.LeaderElection (LogUtils.java:infoOrTrace(137)) -   Exception 0: java.util.concurrent.ExecutionException: org.apache.ratis.thirdparty.io.grpc.StatusRuntimeException: UNAVAILABLE: io exception
2020-07-02 08:48:13,681 [f7ed0b0c-c89c-471c-8c37-09edce727015@group-D93938EF698D-LeaderElection47] INFO  impl.LeaderElection (LogUtils.java:infoOrTrace(137)) -   Exception 1: java.util.concurrent.ExecutionException: org.apache.ratis.thirdparty.io.grpc.StatusRuntimeException: UNAVAILABLE: io exception
2020-07-02 08:48:13,681 [f7ed0b0c-c89c-471c-8c37-09edce727015@group-D93938EF698D-LeaderElection47] INFO  impl.RaftServerImpl (RaftServerImpl.java:setRole(175)) - f7ed0b0c-c89c-471c-8c37-09edce727015@group-D93938EF698D: changes role from CANDIDATE to FOLLOWER at term 6 for DISCOVERED_A_NEW_TERM
2020-07-02 08:48:13,681 [f7ed0b0c-c89c-471c-8c37-09edce727015@group-D93938EF698D-LeaderElection47] INFO  impl.RoleInfo (RoleInfo.java:shutdownLeaderElection(134)) - f7ed0b0c-c89c-471c-8c37-09edce727015: shutdown LeaderElection
2020-07-02 08:48:13,681 [f7ed0b0c-c89c-471c-8c37-09edce727015@group-D93938EF698D-LeaderElection47] INFO  impl.RoleInfo (RoleInfo.java:updateAndGet(143)) - f7ed0b0c-c89c-471c-8c37-09edce727015: start FollowerState
2020-07-02 08:48:13,838 [Thread-1608] INFO  impl.FollowerState (FollowerState.java:run(108)) - aab70d5c-3498-440f-806b-05f26fe37e72@group-32BF70E33156-FollowerState: change to CANDIDATE, lastRpcTime:1109ms, electionTimeout:1109ms
2020-07-02 08:48:13,839 [Thread-1608] INFO  impl.RoleInfo (RoleInfo.java:shutdownFollowerState(121)) - aab70d5c-3498-440f-806b-05f26fe37e72: shutdown FollowerState
2020-07-02 08:48:13,839 [Thread-1608] INFO  impl.RaftServerImpl (RaftServerImpl.java:setRole(175)) - aab70d5c-3498-440f-806b-05f26fe37e72@group-32BF70E33156: changes role from  FOLLOWER to CANDIDATE at term 9 for changeToCandidate
2020-07-02 08:48:13,839 [Thread-1608] INFO  impl.RoleInfo (RoleInfo.java:updateAndGet(143)) - aab70d5c-3498-440f-806b-05f26fe37e72: start LeaderElection
2020-07-02 08:48:13,841 [aab70d5c-3498-440f-806b-05f26fe37e72@group-32BF70E33156-LeaderElection48] INFO  impl.LeaderElection (LeaderElection.java:askForVotes(206)) - aab70d5c-3498-440f-806b-05f26fe37e72@group-32BF70E33156-LeaderElection48: begin an election at term 10 for 1: [7d30d443-236e-4da8-b613-0865c2b8e378:172.17.0.2:36199, b62aeb05-24ab-4842-8919-6c05a4e657f5:172.17.0.2:40851, aab70d5c-3498-440f-806b-05f26fe37e72:172.17.0.2:40789], old=null
2020-07-02 08:48:13,842 [aab70d5c-3498-440f-806b-05f26fe37e72@group-32BF70E33156-LeaderElection48] INFO  impl.LeaderElection (LogUtils.java:infoOrTrace(137)) - aab70d5c-3498-440f-806b-05f26fe37e72@group-32BF70E33156-LeaderElection48 got exception when requesting votes: java.util.concurrent.ExecutionException: org.apache.ratis.thirdparty.io.grpc.StatusRuntimeException: UNAVAILABLE: io exception
2020-07-02 08:48:13,842 [aab70d5c-3498-440f-806b-05f26fe37e72@group-32BF70E33156-LeaderElection48] INFO  impl.LeaderElection (LogUtils.java:infoOrTrace(137)) - aab70d5c-3498-440f-806b-05f26fe37e72@group-32BF70E33156-LeaderElection48 got exception when requesting votes: java.util.concurrent.ExecutionException: org.apache.ratis.thirdparty.io.grpc.StatusRuntimeException: UNAVAILABLE: io exception
2020-07-02 08:48:13,842 [aab70d5c-3498-440f-806b-05f26fe37e72@group-32BF70E33156-LeaderElection48] INFO  impl.LeaderElection (LeaderElection.java:logAndReturn(61)) - aab70d5c-3498-440f-806b-05f26fe37e72@group-32BF70E33156-LeaderElection48: Election REJECTED; received 0 response(s) [] and 2 exception(s); aab70d5c-3498-440f-806b-05f26fe37e72@group-32BF70E33156:t10, leader=null, voted=aab70d5c-3498-440f-806b-05f26fe37e72, raftlog=aab70d5c-3498-440f-806b-05f26fe37e72@group-32BF70E33156-SegmentedRaftLog:OPENED:c2,f2,i2, conf=1: [7d30d443-236e-4da8-b613-0865c2b8e378:172.17.0.2:36199, b62aeb05-24ab-4842-8919-6c05a4e657f5:172.17.0.2:40851, aab70d5c-3498-440f-806b-05f26fe37e72:172.17.0.2:40789], old=null
2020-07-02 08:48:13,842 [aab70d5c-3498-440f-806b-05f26fe37e72@group-32BF70E33156-LeaderElection48] INFO  impl.LeaderElection (LogUtils.java:infoOrTrace(137)) -   Exception 0: java.util.concurrent.ExecutionException: org.apache.ratis.thirdparty.io.grpc.StatusRuntimeException: UNAVAILABLE: io exception
2020-07-02 08:48:13,842 [aab70d5c-3498-440f-806b-05f26fe37e72@group-32BF70E33156-LeaderElection48] INFO  impl.LeaderElection (LogUtils.java:infoOrTrace(137)) -   Exception 1: java.util.concurrent.ExecutionException: org.apache.ratis.thirdparty.io.grpc.StatusRuntimeException: UNAVAILABLE: io exception
2020-07-02 08:48:13,842 [aab70d5c-3498-440f-806b-05f26fe37e72@group-32BF70E33156-LeaderElection48] INFO  impl.RaftServerImpl (RaftServerImpl.java:setRole(175)) - aab70d5c-3498-440f-806b-05f26fe37e72@group-32BF70E33156: changes role from CANDIDATE to FOLLOWER at term 10 for DISCOVERED_A_NEW_TERM
2020-07-02 08:48:13,842 [aab70d5c-3498-440f-806b-05f26fe37e72@group-32BF70E33156-LeaderElection48] INFO  impl.RoleInfo (RoleInfo.java:shutdownLeaderElection(134)) - aab70d5c-3498-440f-806b-05f26fe37e72: shutdown LeaderElection
2020-07-02 08:48:13,842 [aab70d5c-3498-440f-806b-05f26fe37e72@group-32BF70E33156-LeaderElection48] INFO  impl.RoleInfo (RoleInfo.java:updateAndGet(143)) - aab70d5c-3498-440f-806b-05f26fe37e72: start FollowerState
2020-07-02 08:48:14,445 [Listener at 127.0.0.1/44281] INFO  ozoneimpl.OzoneContainer (OzoneContainer.java:stop(246)) - Attempting to stop container services.
2020-07-02 08:48:14,446 [Listener at 127.0.0.1/44281] INFO  impl.RaftServerProxy (RaftServerProxy.java:lambda$close$4(319)) - aab70d5c-3498-440f-806b-05f26fe37e72: close
2020-07-02 08:48:14,447 [Listener at 127.0.0.1/44281] INFO  impl.RaftServerImpl (RaftServerImpl.java:lambda$shutdown$3(252)) - aab70d5c-3498-440f-806b-05f26fe37e72@group-F11ACA092C28: shutdown
2020-07-02 08:48:14,447 [Listener at 127.0.0.1/44281] INFO  util.JmxRegister (JmxRegister.java:unregister(73)) - Successfully un-registered JMX Bean with object name Ratis:service=RaftServer,group=group-F11ACA092C28,id=aab70d5c-3498-440f-806b-05f26fe37e72
2020-07-02 08:48:14,447 [Listener at 127.0.0.1/44281] INFO  impl.RoleInfo (RoleInfo.java:shutdownLeaderState(104)) - aab70d5c-3498-440f-806b-05f26fe37e72: shutdown LeaderState
2020-07-02 08:48:14,447 [Listener at 127.0.0.1/44281] INFO  impl.PendingRequests (PendingRequests.java:sendNotLeaderResponses(249)) - aab70d5c-3498-440f-806b-05f26fe37e72@group-F11ACA092C28-PendingRequests: sendNotLeaderResponses
2020-07-02 08:48:14,447 [Listener at 127.0.0.1/44281] INFO  metrics.RatisMetrics (RatisMetrics.java:unregister(43)) - Unregistering Metrics Registry : ratis.log_appender.aab70d5c-3498-440f-806b-05f26fe37e72@group-F11ACA092C28
2020-07-02 08:48:14,447 [Listener at 127.0.0.1/44281] INFO  metrics.RatisMetrics (RatisMetrics.java:unregister(43)) - Unregistering Metrics Registry : ratis.server.aab70d5c-3498-440f-806b-05f26fe37e72@group-F11ACA092C28
2020-07-02 08:48:14,448 [Listener at 127.0.0.1/44281] INFO  impl.StateMachineUpdater (StateMachineUpdater.java:stopAndJoin(142)) - aab70d5c-3498-440f-806b-05f26fe37e72@group-F11ACA092C28-StateMachineUpdater: set stopIndex = 0
2020-07-02 08:48:14,448 [aab70d5c-3498-440f-806b-05f26fe37e72@group-F11ACA092C28-StateMachineUpdater] INFO  ratis.ContainerStateMachine (ContainerStateMachine.java:takeSnapshot(293)) - group-F11ACA092C28: Taking a snapshot at:(t:1, i:0) file /github/workspace/mnt/ozone/hadoop-ozone/integration-test/target/test-dir/MiniOzoneClusterImpl-2ea21c0c-9bca-4642-a989-259fb4fcb281/datanode-7/data/ratis/9eb45eea-2963-4133-b4c4-f11aca092c28/sm/snapshot.1_0
2020-07-02 08:48:14,449 [aab70d5c-3498-440f-806b-05f26fe37e72@group-F11ACA092C28-StateMachineUpdater] INFO  ratis.ContainerStateMachine (ContainerStateMachine.java:takeSnapshot(304)) - group-F11ACA092C28: Finished taking a snapshot at:(t:1, i:0) file:/github/workspace/mnt/ozone/hadoop-ozone/integration-test/target/test-dir/MiniOzoneClusterImpl-2ea21c0c-9bca-4642-a989-259fb4fcb281/datanode-7/data/ratis/9eb45eea-2963-4133-b4c4-f11aca092c28/sm/snapshot.1_0 time:1
2020-07-02 08:48:14,450 [aab70d5c-3498-440f-806b-05f26fe37e72@group-F11ACA092C28-StateMachineUpdater] INFO  impl.StateMachineUpdater (StateMachineUpdater.java:takeSnapshot(277)) - aab70d5c-3498-440f-806b-05f26fe37e72@group-F11ACA092C28-StateMachineUpdater: Took a snapshot at index 0
2020-07-02 08:48:14,450 [aab70d5c-3498-440f-806b-05f26fe37e72@group-F11ACA092C28-StateMachineUpdater] INFO  impl.StateMachineUpdater (StateMachineUpdater.java:lambda$new$0(87)) - aab70d5c-3498-440f-806b-05f26fe37e72@group-F11ACA092C28-StateMachineUpdater: snapshotIndex: updateIncreasingly -1 -> 0
2020-07-02 08:48:14,450 [aab70d5c-3498-440f-806b-05f26fe37e72@group-F11ACA092C28-StateMachineUpdater] INFO  metrics.RatisMetrics (RatisMetrics.java:unregister(43)) - Unregistering Metrics Registry : ratis.state_machine.aab70d5c-3498-440f-806b-05f26fe37e72@group-F11ACA092C28
2020-07-02 08:48:14,450 [Listener at 127.0.0.1/44281] INFO  impl.RaftServerImpl (ServerState.java:close(387)) - aab70d5c-3498-440f-806b-05f26fe37e72@group-F11ACA092C28: closes. applyIndex: 0
2020-07-02 08:48:14,450 [aab70d5c-3498-440f-806b-05f26fe37e72@group-F11ACA092C28-SegmentedRaftLogWorker] INFO  segmented.SegmentedRaftLogWorker (SegmentedRaftLogWorker.java:run(327)) - aab70d5c-3498-440f-806b-05f26fe37e72@group-F11ACA092C28-SegmentedRaftLogWorker was interrupted, exiting. There are 0 tasks remaining in the queue.
2020-07-02 08:48:14,450 [Listener at 127.0.0.1/44281] INFO  segmented.SegmentedRaftLogWorker (SegmentedRaftLogWorker.java:close(234)) - aab70d5c-3498-440f-806b-05f26fe37e72@group-F11ACA092C28-SegmentedRaftLogWorker close()
2020-07-02 08:48:14,451 [Listener at 127.0.0.1/44281] INFO  metrics.RatisMetrics (RatisMetrics.java:unregister(43)) - Unregistering Metrics Registry : ratis.log_worker.aab70d5c-3498-440f-806b-05f26fe37e72@group-F11ACA092C28
2020-07-02 08:48:14,451 [Listener at 127.0.0.1/44281] INFO  metrics.RatisMetrics (RatisMetrics.java:unregister(43)) - Unregistering Metrics Registry : ratis.leader_election.aab70d5c-3498-440f-806b-05f26fe37e72@group-F11ACA092C28
2020-07-02 08:48:14,451 [Listener at 127.0.0.1/44281] INFO  metrics.RatisMetrics (RatisMetrics.java:unregister(43)) - Unregistering Metrics Registry : ratis.server.aab70d5c-3498-440f-806b-05f26fe37e72@group-F11ACA092C28
2020-07-02 08:48:14,451 [Listener at 127.0.0.1/44281] INFO  impl.RaftServerImpl (RaftServerImpl.java:lambda$shutdown$3(252)) - aab70d5c-3498-440f-806b-05f26fe37e72@group-32BF70E33156: shutdown
2020-07-02 08:48:14,451 [Listener at 127.0.0.1/44281] INFO  util.JmxRegister (JmxRegister.java:unregister(73)) - Successfully un-registered JMX Bean with object name Ratis:service=RaftServer,group=group-32BF70E33156,id=aab70d5c-3498-440f-806b-05f26fe37e72
2020-07-02 08:48:14,451 [Listener at 127.0.0.1/44281] INFO  impl.RoleInfo (RoleInfo.java:shutdownFollowerState(121)) - aab70d5c-3498-440f-806b-05f26fe37e72: shutdown FollowerState
2020-07-02 08:48:14,452 [Thread-1616] INFO  impl.FollowerState (FollowerState.java:run(117)) - aab70d5c-3498-440f-806b-05f26fe37e72@group-32BF70E33156-FollowerState was interrupted: java.lang.InterruptedException: sleep interrupted
2020-07-02 08:48:14,452 [aab70d5c-3498-440f-806b-05f26fe37e72@group-32BF70E33156-StateMachineUpdater] INFO  ratis.ContainerStateMachine (ContainerStateMachine.java:takeSnapshot(293)) - group-32BF70E33156: Taking a snapshot at:(t:2, i:2) file /github/workspace/mnt/ozone/hadoop-ozone/integration-test/target/test-dir/MiniOzoneClusterImpl-2ea21c0c-9bca-4642-a989-259fb4fcb281/datanode-7/data/ratis/4a1b0e43-e9cb-4761-8073-32bf70e33156/sm/snapshot.2_2
2020-07-02 08:48:14,452 [Listener at 127.0.0.1/44281] INFO  impl.StateMachineUpdater (StateMachineUpdater.java:stopAndJoin(142)) - aab70d5c-3498-440f-806b-05f26fe37e72@group-32BF70E33156-StateMachineUpdater: set stopIndex = 2
2020-07-02 08:48:14,453 [aab70d5c-3498-440f-806b-05f26fe37e72@group-32BF70E33156-StateMachineUpdater] INFO  ratis.ContainerStateMachine (ContainerStateMachine.java:takeSnapshot(304)) - group-32BF70E33156: Finished taking a snapshot at:(t:2, i:2) file:/github/workspace/mnt/ozone/hadoop-ozone/integration-test/target/test-dir/MiniOzoneClusterImpl-2ea21c0c-9bca-4642-a989-259fb4fcb281/datanode-7/data/ratis/4a1b0e43-e9cb-4761-8073-32bf70e33156/sm/snapshot.2_2 time:1
2020-07-02 08:48:14,453 [aab70d5c-3498-440f-806b-05f26fe37e72@group-32BF70E33156-StateMachineUpdater] INFO  impl.StateMachineUpdater (StateMachineUpdater.java:takeSnapshot(277)) - aab70d5c-3498-440f-806b-05f26fe37e72@group-32BF70E33156-StateMachineUpdater: Took a snapshot at index 2
2020-07-02 08:48:14,453 [aab70d5c-3498-440f-806b-05f26fe37e72@group-32BF70E33156-StateMachineUpdater] INFO  impl.StateMachineUpdater (StateMachineUpdater.java:lambda$new$0(87)) - aab70d5c-3498-440f-806b-05f26fe37e72@group-32BF70E33156-StateMachineUpdater: snapshotIndex: updateIncreasingly -1 -> 2
2020-07-02 08:48:14,453 [aab70d5c-3498-440f-806b-05f26fe37e72@group-32BF70E33156-StateMachineUpdater] INFO  metrics.RatisMetrics (RatisMetrics.java:unregister(43)) - Unregistering Metrics Registry : ratis.state_machine.aab70d5c-3498-440f-806b-05f26fe37e72@group-32BF70E33156
2020-07-02 08:48:14,453 [Listener at 127.0.0.1/44281] INFO  impl.RaftServerImpl (ServerState.java:close(387)) - aab70d5c-3498-440f-806b-05f26fe37e72@group-32BF70E33156: closes. applyIndex: 2
2020-07-02 08:48:14,453 [aab70d5c-3498-440f-806b-05f26fe37e72@group-32BF70E33156-SegmentedRaftLogWorker] INFO  segmented.SegmentedRaftLogWorker (SegmentedRaftLogWorker.java:run(327)) - aab70d5c-3498-440f-806b-05f26fe37e72@group-32BF70E33156-SegmentedRaftLogWorker was interrupted, exiting. There are 0 tasks remaining in the queue.
2020-07-02 08:48:14,454 [Listener at 127.0.0.1/44281] INFO  segmented.SegmentedRaftLogWorker (SegmentedRaftLogWorker.java:close(234)) - aab70d5c-3498-440f-806b-05f26fe37e72@group-32BF70E33156-SegmentedRaftLogWorker close()
2020-07-02 08:48:14,454 [Listener at 127.0.0.1/44281] INFO  metrics.RatisMetrics (RatisMetrics.java:unregister(43)) - Unregistering Metrics Registry : ratis.log_worker.aab70d5c-3498-440f-806b-05f26fe37e72@group-32BF70E33156
2020-07-02 08:48:14,454 [Listener at 127.0.0.1/44281] INFO  metrics.RatisMetrics (RatisMetrics.java:unregister(43)) - Unregistering Metrics Registry : ratis.leader_election.aab70d5c-3498-440f-806b-05f26fe37e72@group-32BF70E33156
2020-07-02 08:48:14,454 [Listener at 127.0.0.1/44281] INFO  metrics.RatisMetrics (RatisMetrics.java:unregister(43)) - Unregistering Metrics Registry : ratis.server.aab70d5c-3498-440f-806b-05f26fe37e72@group-32BF70E33156
2020-07-02 08:48:14,454 [Listener at 127.0.0.1/44281] INFO  server.GrpcService (GrpcService.java:closeImpl(166)) - aab70d5c-3498-440f-806b-05f26fe37e72: shutdown server with port 40789 now
2020-07-02 08:48:14,458 [Listener at 127.0.0.1/44281] INFO  server.GrpcService (GrpcService.java:closeImpl(174)) - aab70d5c-3498-440f-806b-05f26fe37e72: shutdown server with port 40789 successfully
2020-07-02 08:48:14,459 [Listener at 127.0.0.1/44281] INFO  utils.BackgroundService (BackgroundService.java:shutdown(157)) - Shutting down service BlockDeletingService
2020-07-02 08:48:14,463 [Listener at 127.0.0.1/44281] INFO  statemachine.DatanodeStateMachine (DatanodeStateMachine.java:stopDaemon(428)) - Ozone container server stopped.
2020-07-02 08:48:14,464 [Listener at 127.0.0.1/44281] INFO  handler.ContextHandler (ContextHandler.java:doStop(1016)) - Stopped o.e.j.w.WebAppContext@28be6af9{hddsDatanode,/,null,UNAVAILABLE}{jar:file:/home/user/.m2/repository/org/apache/hadoop/hadoop-hdds-container-service/0.6.0-SNAPSHOT/hadoop-hdds-container-service-0.6.0-SNAPSHOT.jar!/webapps/hddsDatanode}
2020-07-02 08:48:14,465 [Listener at 127.0.0.1/44281] INFO  server.AbstractConnector (AbstractConnector.java:doStop(380)) - Stopped ServerConnector@72252a4f{HTTP/1.1,[http/1.1]}{0.0.0.0:0}
2020-07-02 08:48:14,465 [Listener at 127.0.0.1/44281] INFO  server.session (HouseKeeper.java:stopScavenging(158)) - node0 Stopped scavenging
2020-07-02 08:48:14,465 [Listener at 127.0.0.1/44281] INFO  handler.ContextHandler (ContextHandler.java:doStop(1016)) - Stopped o.e.j.s.ServletContextHandler@7586e2f6{static,/static,jar:file:/home/user/.m2/repository/org/apache/hadoop/hadoop-hdds-container-service/0.6.0-SNAPSHOT/hadoop-hdds-container-service-0.6.0-SNAPSHOT.jar!/webapps/static,UNAVAILABLE}
2020-07-02 08:48:14,465 [Listener at 127.0.0.1/44281] INFO  handler.ContextHandler (ContextHandler.java:doStop(1016)) - Stopped o.e.j.s.ServletContextHandler@73b27c8{logs,/logs,file:///github/workspace/mnt/ozone/hadoop-ozone/integration-test/target/log,UNAVAILABLE}
2020-07-02 08:48:14,467 [ForkJoinPool.commonPool-worker-0] INFO  ozoneimpl.OzoneContainer (OzoneContainer.java:stop(246)) - Attempting to stop container services.
2020-07-02 08:48:14,467 [ForkJoinPool.commonPool-worker-0] INFO  impl.RaftServerProxy (RaftServerProxy.java:lambda$close$4(319)) - f7ed0b0c-c89c-471c-8c37-09edce727015: close
2020-07-02 08:48:14,467 [ForkJoinPool.commonPool-worker-0] INFO  impl.RaftServerImpl (RaftServerImpl.java:lambda$shutdown$3(252)) - f7ed0b0c-c89c-471c-8c37-09edce727015@group-D93938EF698D: shutdown
2020-07-02 08:48:14,467 [ForkJoinPool.commonPool-worker-0] INFO  util.JmxRegister (JmxRegister.java:unregister(73)) - Successfully un-registered JMX Bean with object name Ratis:service=RaftServer,group=group-D93938EF698D,id=f7ed0b0c-c89c-471c-8c37-09edce727015
2020-07-02 08:48:14,467 [ForkJoinPool.commonPool-worker-0] INFO  impl.RoleInfo (RoleInfo.java:shutdownFollowerState(121)) - f7ed0b0c-c89c-471c-8c37-09edce727015: shutdown FollowerState
2020-07-02 08:48:14,467 [ForkJoinPool.commonPool-worker-0] INFO  impl.StateMachineUpdater (StateMachineUpdater.java:stopAndJoin(142)) - f7ed0b0c-c89c-471c-8c37-09edce727015@group-D93938EF698D-StateMachineUpdater: set stopIndex = 6
2020-07-02 08:48:14,467 [Thread-1612] INFO  impl.FollowerState (FollowerState.java:run(117)) - f7ed0b0c-c89c-471c-8c37-09edce727015@group-D93938EF698D-FollowerState was interrupted: java.lang.InterruptedException: sleep interrupted
2020-07-02 08:48:14,467 [f7ed0b0c-c89c-471c-8c37-09edce727015@group-D93938EF698D-StateMachineUpdater] INFO  ratis.ContainerStateMachine (ContainerStateMachine.java:takeSnapshot(293)) - group-D93938EF698D: Taking a snapshot at:(t:3, i:6) file /github/workspace/mnt/ozone/hadoop-ozone/integration-test/target/test-dir/MiniOzoneClusterImpl-2ea21c0c-9bca-4642-a989-259fb4fcb281/datanode-1/data/ratis/91acdc32-11c2-425a-8fac-d93938ef698d/sm/snapshot.3_6
2020-07-02 08:48:14,468 [f7ed0b0c-c89c-471c-8c37-09edce727015@group-D93938EF698D-StateMachineUpdater] INFO  ratis.ContainerStateMachine (ContainerStateMachine.java:takeSnapshot(304)) - group-D93938EF698D: Finished taking a snapshot at:(t:3, i:6) file:/github/workspace/mnt/ozone/hadoop-ozone/integration-test/target/test-dir/MiniOzoneClusterImpl-2ea21c0c-9bca-4642-a989-259fb4fcb281/datanode-1/data/ratis/91acdc32-11c2-425a-8fac-d93938ef698d/sm/snapshot.3_6 time:1
2020-07-02 08:48:14,469 [f7ed0b0c-c89c-471c-8c37-09edce727015@group-D93938EF698D-StateMachineUpdater] INFO  impl.StateMachineUpdater (StateMachineUpdater.java:takeSnapshot(277)) - f7ed0b0c-c89c-471c-8c37-09edce727015@group-D93938EF698D-StateMachineUpdater: Took a snapshot at index 6
2020-07-02 08:48:14,469 [f7ed0b0c-c89c-471c-8c37-09edce727015@group-D93938EF698D-StateMachineUpdater] INFO  impl.StateMachineUpdater (StateMachineUpdater.java:lambda$new$0(87)) - f7ed0b0c-c89c-471c-8c37-09edce727015@group-D93938EF698D-StateMachineUpdater: snapshotIndex: updateIncreasingly -1 -> 6
2020-07-02 08:48:14,469 [f7ed0b0c-c89c-471c-8c37-09edce727015@group-D93938EF698D-StateMachineUpdater] INFO  metrics.RatisMetrics (RatisMetrics.java:unregister(43)) - Unregistering Metrics Registry : ratis.state_machine.f7ed0b0c-c89c-471c-8c37-09edce727015@group-D93938EF698D
2020-07-02 08:48:14,469 [ForkJoinPool.commonPool-worker-0] INFO  impl.RaftServerImpl (ServerState.java:close(387)) - f7ed0b0c-c89c-471c-8c37-09edce727015@group-D93938EF698D: closes. applyIndex: 6
2020-07-02 08:48:14,469 [f7ed0b0c-c89c-471c-8c37-09edce727015@group-D93938EF698D-SegmentedRaftLogWorker] INFO  segmented.SegmentedRaftLogWorker (SegmentedRaftLogWorker.java:run(327)) - f7ed0b0c-c89c-471c-8c37-09edce727015@group-D93938EF698D-SegmentedRaftLogWorker was interrupted, exiting. There are 0 tasks remaining in the queue.
2020-07-02 08:48:14,469 [ForkJoinPool.commonPool-worker-0] INFO  segmented.SegmentedRaftLogWorker (SegmentedRaftLogWorker.java:close(234)) - f7ed0b0c-c89c-471c-8c37-09edce727015@group-D93938EF698D-SegmentedRaftLogWorker close()
2020-07-02 08:48:14,470 [ForkJoinPool.commonPool-worker-0] INFO  metrics.RatisMetrics (RatisMetrics.java:unregister(43)) - Unregistering Metrics Registry : ratis.log_worker.f7ed0b0c-c89c-471c-8c37-09edce727015@group-D93938EF698D
2020-07-02 08:48:14,470 [ForkJoinPool.commonPool-worker-0] INFO  metrics.RatisMetrics (RatisMetrics.java:unregister(43)) - Unregistering Metrics Registry : ratis.leader_election.f7ed0b0c-c89c-471c-8c37-09edce727015@group-D93938EF698D
2020-07-02 08:48:14,470 [ForkJoinPool.commonPool-worker-0] INFO  metrics.RatisMetrics (RatisMetrics.java:unregister(43)) - Unregistering Metrics Registry : ratis.server.f7ed0b0c-c89c-471c-8c37-09edce727015@group-D93938EF698D
2020-07-02 08:48:14,470 [ForkJoinPool.commonPool-worker-0] INFO  impl.RaftServerImpl (RaftServerImpl.java:lambda$shutdown$3(252)) - f7ed0b0c-c89c-471c-8c37-09edce727015@group-4C1530FD2B30: shutdown
2020-07-02 08:48:14,470 [ForkJoinPool.commonPool-worker-0] INFO  util.JmxRegister (JmxRegister.java:unregister(73)) - Successfully un-registered JMX Bean with object name Ratis:service=RaftServer,group=group-4C1530FD2B30,id=f7ed0b0c-c89c-471c-8c37-09edce727015
2020-07-02 08:48:14,470 [ForkJoinPool.commonPool-worker-0] INFO  impl.RoleInfo (RoleInfo.java:shutdownLeaderState(104)) - f7ed0b0c-c89c-471c-8c37-09edce727015: shutdown LeaderState
2020-07-02 08:48:14,470 [ForkJoinPool.commonPool-worker-0] INFO  impl.PendingRequests (PendingRequests.java:sendNotLeaderResponses(249)) - f7ed0b0c-c89c-471c-8c37-09edce727015@group-4C1530FD2B30-PendingRequests: sendNotLeaderResponses
2020-07-02 08:48:14,470 [ForkJoinPool.commonPool-worker-0] INFO  metrics.RatisMetrics (RatisMetrics.java:unregister(43)) - Unregistering Metrics Registry : ratis.log_appender.f7ed0b0c-c89c-471c-8c37-09edce727015@group-4C1530FD2B30
2020-07-02 08:48:14,470 [ForkJoinPool.commonPool-worker-0] INFO  metrics.RatisMetrics (RatisMetrics.java:unregister(43)) - Unregistering Metrics Registry : ratis.server.f7ed0b0c-c89c-471c-8c37-09edce727015@group-4C1530FD2B30
2020-07-02 08:48:14,471 [ForkJoinPool.commonPool-worker-0] INFO  impl.StateMachineUpdater (StateMachineUpdater.java:stopAndJoin(142)) - f7ed0b0c-c89c-471c-8c37-09edce727015@group-4C1530FD2B30-StateMachineUpdater: set stopIndex = 0
2020-07-02 08:48:14,471 [f7ed0b0c-c89c-471c-8c37-09edce727015@group-4C1530FD2B30-StateMachineUpdater] INFO  ratis.ContainerStateMachine (ContainerStateMachine.java:takeSnapshot(293)) - group-4C1530FD2B30: Taking a snapshot at:(t:1, i:0) file /github/workspace/mnt/ozone/hadoop-ozone/integration-test/target/test-dir/MiniOzoneClusterImpl-2ea21c0c-9bca-4642-a989-259fb4fcb281/datanode-1/data/ratis/be1ee5aa-0dfb-4c4c-b953-4c1530fd2b30/sm/snapshot.1_0
2020-07-02 08:48:14,472 [f7ed0b0c-c89c-471c-8c37-09edce727015@group-4C1530FD2B30-StateMachineUpdater] INFO  ratis.ContainerStateMachine (ContainerStateMachine.java:takeSnapshot(304)) - group-4C1530FD2B30: Finished taking a snapshot at:(t:1, i:0) file:/github/workspace/mnt/ozone/hadoop-ozone/integration-test/target/test-dir/MiniOzoneClusterImpl-2ea21c0c-9bca-4642-a989-259fb4fcb281/datanode-1/data/ratis/be1ee5aa-0dfb-4c4c-b953-4c1530fd2b30/sm/snapshot.1_0 time:0
2020-07-02 08:48:14,472 [f7ed0b0c-c89c-471c-8c37-09edce727015@group-4C1530FD2B30-StateMachineUpdater] INFO  impl.StateMachineUpdater (StateMachineUpdater.java:takeSnapshot(277)) - f7ed0b0c-c89c-471c-8c37-09edce727015@group-4C1530FD2B30-StateMachineUpdater: Took a snapshot at index 0
2020-07-02 08:48:14,472 [f7ed0b0c-c89c-471c-8c37-09edce727015@group-4C1530FD2B30-StateMachineUpdater] INFO  impl.StateMachineUpdater (StateMachineUpdater.java:lambda$new$0(87)) - f7ed0b0c-c89c-471c-8c37-09edce727015@group-4C1530FD2B30-StateMachineUpdater: snapshotIndex: updateIncreasingly -1 -> 0
2020-07-02 08:48:14,472 [f7ed0b0c-c89c-471c-8c37-09edce727015@group-4C1530FD2B30-StateMachineUpdater] INFO  metrics.RatisMetrics (RatisMetrics.java:unregister(43)) - Unregistering Metrics Registry : ratis.state_machine.f7ed0b0c-c89c-471c-8c37-09edce727015@group-4C1530FD2B30
2020-07-02 08:48:14,472 [ForkJoinPool.commonPool-worker-0] INFO  impl.RaftServerImpl (ServerState.java:close(387)) - f7ed0b0c-c89c-471c-8c37-09edce727015@group-4C1530FD2B30: closes. applyIndex: 0
2020-07-02 08:48:14,472 [f7ed0b0c-c89c-471c-8c37-09edce727015@group-4C1530FD2B30-SegmentedRaftLogWorker] INFO  segmented.SegmentedRaftLogWorker (SegmentedRaftLogWorker.java:run(327)) - f7ed0b0c-c89c-471c-8c37-09edce727015@group-4C1530FD2B30-SegmentedRaftLogWorker was interrupted, exiting. There are 0 tasks remaining in the queue.
2020-07-02 08:48:14,473 [ForkJoinPool.commonPool-worker-0] INFO  segmented.SegmentedRaftLogWorker (SegmentedRaftLogWorker.java:close(234)) - f7ed0b0c-c89c-471c-8c37-09edce727015@group-4C1530FD2B30-SegmentedRaftLogWorker close()
2020-07-02 08:48:14,473 [ForkJoinPool.commonPool-worker-0] INFO  metrics.RatisMetrics (RatisMetrics.java:unregister(43)) - Unregistering Metrics Registry : ratis.log_worker.f7ed0b0c-c89c-471c-8c37-09edce727015@group-4C1530FD2B30
2020-07-02 08:48:14,473 [ForkJoinPool.commonPool-worker-0] INFO  metrics.RatisMetrics (RatisMetrics.java:unregister(43)) - Unregistering Metrics Registry : ratis.leader_election.f7ed0b0c-c89c-471c-8c37-09edce727015@group-4C1530FD2B30
2020-07-02 08:48:14,473 [ForkJoinPool.commonPool-worker-0] INFO  metrics.RatisMetrics (RatisMetrics.java:unregister(43)) - Unregistering Metrics Registry : ratis.server.f7ed0b0c-c89c-471c-8c37-09edce727015@group-4C1530FD2B30
2020-07-02 08:48:14,473 [ForkJoinPool.commonPool-worker-0] INFO  server.GrpcService (GrpcService.java:closeImpl(166)) - f7ed0b0c-c89c-471c-8c37-09edce727015: shutdown server with port 46061 now
2020-07-02 08:48:14,473 [ForkJoinPool.commonPool-worker-0] INFO  server.GrpcService (GrpcService.java:closeImpl(174)) - f7ed0b0c-c89c-471c-8c37-09edce727015: shutdown server with port 46061 successfully
2020-07-02 08:48:14,475 [ForkJoinPool.commonPool-worker-0] INFO  utils.BackgroundService (BackgroundService.java:shutdown(157)) - Shutting down service BlockDeletingService
2020-07-02 08:48:14,477 [ForkJoinPool.commonPool-worker-0] INFO  statemachine.DatanodeStateMachine (DatanodeStateMachine.java:stopDaemon(428)) - Ozone container server stopped.
2020-07-02 08:48:14,478 [ForkJoinPool.commonPool-worker-0] INFO  handler.ContextHandler (ContextHandler.java:doStop(1016)) - Stopped o.e.j.w.WebAppContext@57a6e0c2{hddsDatanode,/,null,UNAVAILABLE}{jar:file:/home/user/.m2/repository/org/apache/hadoop/hadoop-hdds-container-service/0.6.0-SNAPSHOT/hadoop-hdds-container-service-0.6.0-SNAPSHOT.jar!/webapps/hddsDatanode}
2020-07-02 08:48:14,479 [ForkJoinPool.commonPool-worker-0] INFO  server.AbstractConnector (AbstractConnector.java:doStop(380)) - Stopped ServerConnector@72b92769{HTTP/1.1,[http/1.1]}{0.0.0.0:0}
2020-07-02 08:48:14,479 [ForkJoinPool.commonPool-worker-0] INFO  server.session (HouseKeeper.java:stopScavenging(158)) - node0 Stopped scavenging
2020-07-02 08:48:14,479 [ForkJoinPool.commonPool-worker-0] INFO  handler.ContextHandler (ContextHandler.java:doStop(1016)) - Stopped o.e.j.s.ServletContextHandler@63cf9f0{static,/static,jar:file:/home/user/.m2/repository/org/apache/hadoop/hadoop-hdds-container-service/0.6.0-SNAPSHOT/hadoop-hdds-container-service-0.6.0-SNAPSHOT.jar!/webapps/static,UNAVAILABLE}
2020-07-02 08:48:14,480 [ForkJoinPool.commonPool-worker-0] INFO  handler.ContextHandler (ContextHandler.java:doStop(1016)) - Stopped o.e.j.s.ServletContextHandler@7448be4d{logs,/logs,file:///github/workspace/mnt/ozone/hadoop-ozone/integration-test/target/log,UNAVAILABLE}
2020-07-02 08:48:14,482 [Listener at 127.0.0.1/44281] INFO  ozone.MiniOzoneClusterImpl (MiniOzoneClusterImpl.java:stopSCM(476)) - Stopping the StorageContainerManager
2020-07-02 08:48:14,482 [Listener at 127.0.0.1/44281] INFO  server.StorageContainerManager (StorageContainerManager.java:stop(825)) - Stopping Replication Manager Service.
2020-07-02 08:48:14,482 [Listener at 127.0.0.1/44281] INFO  container.ReplicationManager (ReplicationManager.java:stop(218)) - Stopping Replication Monitor Thread.
2020-07-02 08:48:14,482 [Listener at 127.0.0.1/44281] INFO  server.StorageContainerManager (StorageContainerManager.java:stop(832)) - Stopping Lease Manager of the command watchers
2020-07-02 08:48:14,482 [CommandWatcher-LeaseManager#LeaseMonitor] ERROR lease.LeaseManager (LeaseManager.java:run(238)) - Execution was interrupted 
java.lang.InterruptedException: sleep interrupted
	at java.lang.Thread.sleep(Native Method)
	at org.apache.hadoop.ozone.lease.LeaseManager$LeaseMonitor.run(LeaseManager.java:234)
	at java.lang.Thread.run(Thread.java:748)
2020-07-02 08:48:14,483 [Listener at 127.0.0.1/44281] INFO  server.StorageContainerManager (StorageContainerManager.java:stop(839)) - Stopping datanode service RPC server
2020-07-02 08:48:14,483 [Listener at 127.0.0.1/44281] INFO  server.SCMDatanodeProtocolServer (SCMDatanodeProtocolServer.java:stop(361)) - Stopping the RPC server for DataNodes
2020-07-02 08:48:14,483 [Listener at 127.0.0.1/44281] INFO  ipc.Server (Server.java:stop(3359)) - Stopping server on 33313
2020-07-02 08:48:14,485 [IPC Server listener on 0] INFO  ipc.Server (Server.java:run(1330)) - Stopping IPC Server listener on 0
2020-07-02 08:48:14,486 [IPC Server Responder] INFO  ipc.Server (Server.java:run(1465)) - Stopping IPC Server Responder
2020-07-02 08:48:14,501 [SCM Heartbeat Processing Thread - 0] WARN  node.NodeStateManager (NodeStateManager.java:scheduleNextHealthCheck(661)) - Current Thread is interrupted, shutting down HB processing thread for Node Manager.
2020-07-02 08:48:14,502 [Listener at 127.0.0.1/44281] INFO  server.StorageContainerManager (StorageContainerManager.java:stop(847)) - Stopping block service RPC server
2020-07-02 08:48:14,502 [Listener at 127.0.0.1/44281] INFO  server.SCMBlockProtocolServer (SCMBlockProtocolServer.java:stop(158)) - Stopping the RPC server for Block Protocol
2020-07-02 08:48:14,502 [Listener at 127.0.0.1/44281] INFO  ipc.Server (Server.java:stop(3359)) - Stopping server on 43901
2020-07-02 08:48:14,504 [IPC Server listener on 0] INFO  ipc.Server (Server.java:run(1330)) - Stopping IPC Server listener on 0
2020-07-02 08:48:14,505 [IPC Server Responder] INFO  ipc.Server (Server.java:run(1465)) - Stopping IPC Server Responder
2020-07-02 08:48:14,505 [Listener at 127.0.0.1/44281] INFO  server.StorageContainerManager (StorageContainerManager.java:stop(854)) - Stopping the StorageContainerLocationProtocol RPC server
2020-07-02 08:48:14,505 [Listener at 127.0.0.1/44281] INFO  server.SCMClientProtocolServer (SCMClientProtocolServer.java:stop(165)) - Stopping the RPC server for Client Protocol
2020-07-02 08:48:14,505 [Listener at 127.0.0.1/44281] INFO  ipc.Server (Server.java:stop(3359)) - Stopping server on 39669
2020-07-02 08:48:14,509 [IPC Server listener on 0] INFO  ipc.Server (Server.java:run(1330)) - Stopping IPC Server listener on 0
2020-07-02 08:48:14,509 [IPC Server Responder] INFO  ipc.Server (Server.java:run(1465)) - Stopping IPC Server Responder
2020-07-02 08:48:14,509 [Listener at 127.0.0.1/44281] INFO  server.StorageContainerManager (StorageContainerManager.java:stop(861)) - Stopping Storage Container Manager HTTP server.
2020-07-02 08:48:14,511 [Listener at 127.0.0.1/44281] INFO  handler.ContextHandler (ContextHandler.java:doStop(1016)) - Stopped o.e.j.w.WebAppContext@3fc37b11{scm,/,null,UNAVAILABLE}{file:/github/workspace/mnt/ozone/hadoop-ozone/integration-test/target/test-classes/webapps/scm}
2020-07-02 08:48:14,511 [Listener at 127.0.0.1/44281] INFO  server.AbstractConnector (AbstractConnector.java:doStop(380)) - Stopped ServerConnector@74935ebd{HTTP/1.1,[http/1.1]}{0.0.0.0:0}
2020-07-02 08:48:14,511 [Listener at 127.0.0.1/44281] INFO  server.session (HouseKeeper.java:stopScavenging(158)) - node0 Stopped scavenging
2020-07-02 08:48:14,511 [Listener at 127.0.0.1/44281] INFO  handler.ContextHandler (ContextHandler.java:doStop(1016)) - Stopped o.e.j.s.ServletContextHandler@63d63a22{static,/static,file:///github/workspace/mnt/ozone/hadoop-ozone/integration-test/target/test-classes/webapps/static,UNAVAILABLE}
2020-07-02 08:48:14,511 [Listener at 127.0.0.1/44281] INFO  handler.ContextHandler (ContextHandler.java:doStop(1016)) - Stopped o.e.j.s.ServletContextHandler@798ea658{logs,/logs,file:///github/workspace/mnt/ozone/hadoop-ozone/integration-test/target/log,UNAVAILABLE}
2020-07-02 08:48:14,512 [Listener at 127.0.0.1/44281] INFO  server.StorageContainerManager (StorageContainerManager.java:stop(872)) - Stopping Block Manager Service.
2020-07-02 08:48:14,512 [Listener at 127.0.0.1/44281] INFO  utils.BackgroundService (BackgroundService.java:shutdown(157)) - Shutting down service SCMBlockDeletingService
2020-07-02 08:48:14,512 [Listener at 127.0.0.1/44281] INFO  utils.BackgroundService (BackgroundService.java:shutdown(157)) - Shutting down service SCMBlockDeletingService
2020-07-02 08:48:14,513 [Listener at 127.0.0.1/44281] INFO  server.StorageContainerManager (StorageContainerManager.java:stop(897)) - Stopping SCM Event Queue.
2020-07-02 08:48:14,516 [Listener at 127.0.0.1/44281] INFO  impl.MetricsSystemImpl (MetricsSystemImpl.java:stop(210)) - Stopping HddsDatanode metrics system...
2020-07-02 08:48:14,532 [Listener at 127.0.0.1/44281] INFO  impl.MetricsSystemImpl (MetricsSystemImpl.java:stop(216)) - HddsDatanode metrics system stopped.
]]></system-out>
  </testcase>
  <testcase name="testWriteSmallFile" classname="org.apache.hadoop.ozone.client.rpc.TestFailureHandlingByClient" time="70.986"/>
  <testcase name="testBlockWritesWithDnFailures" classname="org.apache.hadoop.ozone.client.rpc.TestFailureHandlingByClient" time="72.592"/>
  <testcase name="testDatanodeExclusionWithMajorityCommit" classname="org.apache.hadoop.ozone.client.rpc.TestFailureHandlingByClient" time="0">
    <skipped message="HDDS-3298"/>
  </testcase>
</testsuite>