<?xml version="1.0" encoding="UTF-8"?>
<testsuite xmlns:xsi="http://www.w3.org/2001/XMLSchema-instance" xsi:noNamespaceSchemaLocation="https://maven.apache.org/surefire/maven-surefire-plugin/xsd/surefire-test-report-3.0.xsd" version="3.0" name="org.apache.hadoop.ozone.om.TestOmSnapshot" time="163.379" tests="39" errors="0" skipped="0" failures="1">
  <properties>
    <property name="awt.toolkit" value="sun.awt.X11.XToolkit"/>
    <property name="file.encoding.pkg" value="sun.io"/>
    <property name="java.specification.version" value="1.8"/>
    <property name="sun.cpu.isalist" value=""/>
    <property name="sun.jnu.encoding" value="UTF-8"/>
    <property name="java.class.path" value="/home/runner/work/ozone/ozone/hadoop-ozone/integration-test/target/test-classes:/home/runner/work/ozone/ozone/hadoop-ozone/integration-test/target/classes:/home/runner/.m2/repository/org/apache/ozone/ozone-common/1.4.0-SNAPSHOT/ozone-common-1.4.0-SNAPSHOT.jar:/home/runner/.m2/repository/io/grpc/grpc-netty/1.51.1/grpc-netty-1.51.1.jar:/home/runner/.m2/repository/io/grpc/grpc-core/1.51.1/grpc-core-1.51.1.jar:/home/runner/.m2/repository/com/google/android/annotations/4.1.1.4/annotations-4.1.1.4.jar:/home/runner/.m2/repository/org/codehaus/mojo/animal-sniffer-annotations/1.21/animal-sniffer-annotations-1.21.jar:/home/runner/.m2/repository/com/google/errorprone/error_prone_annotations/2.2.0/error_prone_annotations-2.2.0.jar:/home/runner/.m2/repository/io/perfmark/perfmark-api/0.25.0/perfmark-api-0.25.0.jar:/home/runner/.m2/repository/io/netty/netty-codec-http2/4.1.86.Final/netty-codec-http2-4.1.86.Final.jar:/home/runner/.m2/repository/io/netty/netty-common/4.1.86.Final/netty-common-4.1.86.Final.jar:/home/runner/.m2/repository/io/netty/netty-buffer/4.1.86.Final/netty-buffer-4.1.86.Final.jar:/home/runner/.m2/repository/io/netty/netty-codec-http/4.1.86.Final/netty-codec-http-4.1.86.Final.jar:/home/runner/.m2/repository/io/netty/netty-handler-proxy/4.1.86.Final/netty-handler-proxy-4.1.86.Final.jar:/home/runner/.m2/repository/io/netty/netty-codec-socks/4.1.86.Final/netty-codec-socks-4.1.86.Final.jar:/home/runner/.m2/repository/io/netty/netty-tcnative-boringssl-static/2.0.54.Final/netty-tcnative-boringssl-static-2.0.54.Final.jar:/home/runner/.m2/repository/io/netty/netty-tcnative-classes/2.0.54.Final/netty-tcnative-classes-2.0.54.Final.jar:/home/runner/.m2/repository/io/netty/netty-tcnative-boringssl-static/2.0.54.Final/netty-tcnative-boringssl-static-2.0.54.Final-linux-x86_64.jar:/home/runner/.m2/repository/io/netty/netty-tcnative-boringssl-static/2.0.54.Final/netty-tcnative-boringssl-static-2.0.54.Final-linux-aarch_64.jar:/home/runner/.m2/repository/io/netty/netty-tcnative-boringssl-static/2.0.54.Final/netty-tcnative-boringssl-static-2.0.54.Final-osx-x86_64.jar:/home/runner/.m2/repository/io/netty/netty-tcnative-boringssl-static/2.0.54.Final/netty-tcnative-boringssl-static-2.0.54.Final-osx-aarch_64.jar:/home/runner/.m2/repository/io/netty/netty-tcnative-boringssl-static/2.0.54.Final/netty-tcnative-boringssl-static-2.0.54.Final-windows-x86_64.jar:/home/runner/.m2/repository/org/apache/commons/commons-compress/1.21/commons-compress-1.21.jar:/home/runner/.m2/repository/org/apache/ozone/hdds-common/1.4.0-SNAPSHOT/hdds-common-1.4.0-SNAPSHOT.jar:/home/runner/.m2/repository/org/apache/ozone/hdds-client/1.4.0-SNAPSHOT/hdds-client-1.4.0-SNAPSHOT.jar:/home/runner/.m2/repository/org/apache/ozone/ozone-interface-client/1.4.0-SNAPSHOT/ozone-interface-client-1.4.0-SNAPSHOT.jar:/home/runner/.m2/repository/org/apache/ozone/hdds-test-utils/1.4.0-SNAPSHOT/hdds-test-utils-1.4.0-SNAPSHOT.jar:/home/runner/.m2/repository/com/google/guava/guava/31.1-jre/guava-31.1-jre.jar:/home/runner/.m2/repository/com/google/guava/failureaccess/1.0.1/failureaccess-1.0.1.jar:/home/runner/.m2/repository/com/google/guava/listenablefuture/9999.0-empty-to-avoid-conflict-with-guava/listenablefuture-9999.0-empty-to-avoid-conflict-with-guava.jar:/home/runner/.m2/repository/com/google/code/findbugs/jsr305/3.0.0/jsr305-3.0.0.jar:/home/runner/.m2/repository/org/checkerframework/checker-qual/3.12.0/checker-qual-3.12.0.jar:/home/runner/.m2/repository/com/google/j2objc/j2objc-annotations/1.3/j2objc-annotations-1.3.jar:/home/runner/.m2/repository/commons-io/commons-io/2.11.0/commons-io-2.11.0.jar:/home/runner/.m2/repository/commons-logging/commons-logging/1.2/commons-logging-1.2.jar:/home/runner/.m2/repository/ch/qos/reload4j/reload4j/1.2.22/reload4j-1.2.22.jar:/home/runner/.m2/repository/org/slf4j/slf4j-api/1.7.36/slf4j-api-1.7.36.jar:/home/runner/.m2/repository/org/apache/ozone/hdds-server-scm/1.4.0-SNAPSHOT/hdds-server-scm-1.4.0-SNAPSHOT.jar:/home/runner/.m2/repository/org/apache/ozone/hdds-container-service/1.4.0-SNAPSHOT/hdds-container-service-1.4.0-SNAPSHOT.jar:/home/runner/.m2/repository/org/apache/ozone/hdds-hadoop-dependency-server/1.4.0-SNAPSHOT/hdds-hadoop-dependency-server-1.4.0-SNAPSHOT.jar:/home/runner/.m2/repository/org/apache/hadoop/hadoop-hdfs/3.3.4/hadoop-hdfs-3.3.4.jar:/home/runner/.m2/repository/org/eclipse/jetty/jetty-util-ajax/9.4.49.v20220914/jetty-util-ajax-9.4.49.v20220914.jar:/home/runner/.m2/repository/commons-daemon/commons-daemon/1.0.13/commons-daemon-1.0.13.jar:/home/runner/.m2/repository/org/apache/ozone/hdds-server-framework/1.4.0-SNAPSHOT/hdds-server-framework-1.4.0-SNAPSHOT.jar:/home/runner/.m2/repository/org/apache/ozone/hdds-interface-server/1.4.0-SNAPSHOT/hdds-interface-server-1.4.0-SNAPSHOT.jar:/home/runner/.m2/repository/org/apache/commons/commons-configuration2/2.1.1/commons-configuration2-2.1.1.jar:/home/runner/.m2/repository/org/apache/logging/log4j/log4j-core/2.17.1/log4j-core-2.17.1.jar:/home/runner/.m2/repository/com/lmax/disruptor/3.4.2/disruptor-3.4.2.jar:/home/runner/.m2/repository/org/eclipse/jetty/jetty-servlet/9.4.49.v20220914/jetty-servlet-9.4.49.v20220914.jar:/home/runner/.m2/repository/org/eclipse/jetty/jetty-security/9.4.49.v20220914/jetty-security-9.4.49.v20220914.jar:/home/runner/.m2/repository/org/rocksdb/rocksdbjni/7.7.3/rocksdbjni-7.7.3.jar:/home/runner/.m2/repository/io/prometheus/simpleclient_dropwizard/0.7.0/simpleclient_dropwizard-0.7.0.jar:/home/runner/.m2/repository/io/prometheus/simpleclient/0.7.0/simpleclient-0.7.0.jar:/home/runner/.m2/repository/io/prometheus/simpleclient_common/0.7.0/simpleclient_common-0.7.0.jar:/home/runner/.m2/repository/com/github/spotbugs/spotbugs-annotations/3.1.12/spotbugs-annotations-3.1.12.jar:/home/runner/.m2/repository/org/awaitility/awaitility/4.2.0/awaitility-4.2.0.jar:/home/runner/.m2/repository/org/hamcrest/hamcrest/2.1/hamcrest-2.1.jar:/home/runner/.m2/repository/io/dropwizard/metrics/metrics-core/3.2.4/metrics-core-3.2.4.jar:/home/runner/.m2/repository/org/apache/commons/commons-text/1.4/commons-text-1.4.jar:/home/runner/.m2/repository/org/apache/hadoop/hadoop-hdfs-client/3.3.4/hadoop-hdfs-client-3.3.4.jar:/home/runner/.m2/repository/com/squareup/okhttp3/okhttp/4.9.3/okhttp-4.9.3.jar:/home/runner/.m2/repository/com/squareup/okio/okio/2.8.0/okio-2.8.0.jar:/home/runner/.m2/repository/org/jetbrains/kotlin/kotlin-stdlib-common/1.6.21/kotlin-stdlib-common-1.6.21.jar:/home/runner/.m2/repository/org/bouncycastle/bcprov-jdk15on/1.67/bcprov-jdk15on-1.67.jar:/home/runner/.m2/repository/com/google/protobuf/protobuf-java/2.5.0/protobuf-java-2.5.0.jar:/home/runner/.m2/repository/org/apache/ozone/ozone-manager/1.4.0-SNAPSHOT/ozone-manager-1.4.0-SNAPSHOT.jar:/home/runner/.m2/repository/org/aspectj/aspectjrt/1.9.7/aspectjrt-1.9.7.jar:/home/runner/.m2/repository/org/aspectj/aspectjweaver/1.9.7/aspectjweaver-1.9.7.jar:/home/runner/.m2/repository/org/apache/ozone/hdds-interface-client/1.4.0-SNAPSHOT/hdds-interface-client-1.4.0-SNAPSHOT.jar:/home/runner/.m2/repository/org/apache/hadoop/thirdparty/hadoop-shaded-protobuf_3_7/1.1.1/hadoop-shaded-protobuf_3_7-1.1.1.jar:/home/runner/.m2/repository/org/apache/ratis/ratis-thirdparty-misc/1.0.3/ratis-thirdparty-misc-1.0.3.jar:/home/runner/.m2/repository/org/apache/ozone/ozone-interface-storage/1.4.0-SNAPSHOT/ozone-interface-storage-1.4.0-SNAPSHOT.jar:/home/runner/.m2/repository/org/apache/ozone/rocksdb-checkpoint-differ/1.4.0-SNAPSHOT/rocksdb-checkpoint-differ-1.4.0-SNAPSHOT.jar:/home/runner/.m2/repository/org/reflections/reflections/0.9.11/reflections-0.9.11.jar:/home/runner/.m2/repository/com/sun/jersey/jersey-client/1.19/jersey-client-1.19.jar:/home/runner/.m2/repository/org/apache/ranger/ranger-intg/2.3.0/ranger-intg-2.3.0.jar:/home/runner/.m2/repository/org/apache/ranger/ranger-plugins-common/2.3.0/ranger-plugins-common-2.3.0.jar:/home/runner/.m2/repository/commons-lang/commons-lang/2.6/commons-lang-2.6.jar:/home/runner/.m2/repository/org/apache/ranger/ranger-plugins-cred/2.3.0/ranger-plugins-cred-2.3.0.jar:/home/runner/.m2/repository/org/apache/ranger/ranger-plugins-audit/2.3.0/ranger-plugins-audit-2.3.0.jar:/home/runner/.m2/repository/org/eclipse/jetty/jetty-client/9.4.49.v20220914/jetty-client-9.4.49.v20220914.jar:/home/runner/.m2/repository/org/apache/httpcomponents/httpmime/4.5.6/httpmime-4.5.6.jar:/home/runner/.m2/repository/org/apache/httpcomponents/httpcore-nio/4.4.13/httpcore-nio-4.4.13.jar:/home/runner/.m2/repository/org/apache/httpcomponents/httpasyncclient/4.1.3/httpasyncclient-4.1.3.jar:/home/runner/.m2/repository/com/carrotsearch/hppc/0.8.0/hppc-0.8.0.jar:/home/runner/.m2/repository/org/apache/orc/orc-core/1.5.8/orc-core-1.5.8.jar:/home/runner/.m2/repository/net/java/dev/jna/jna/5.2.0/jna-5.2.0.jar:/home/runner/.m2/repository/net/java/dev/jna/jna-platform/5.2.0/jna-platform-5.2.0.jar:/home/runner/.m2/repository/com/kstruct/gethostname4j/0.0.2/gethostname4j-0.0.2.jar:/home/runner/.m2/repository/org/apache/ranger/ranger-plugin-classloader/2.3.0/ranger-plugin-classloader-2.3.0.jar:/home/runner/.m2/repository/org/apache/hadoop/hadoop-minikdc/3.3.4/hadoop-minikdc-3.3.4.jar:/home/runner/.m2/repository/org/apache/kerby/kerb-simplekdc/1.0.1/kerb-simplekdc-1.0.1.jar:/home/runner/.m2/repository/org/apache/kerby/kerb-client/1.0.1/kerb-client-1.0.1.jar:/home/runner/.m2/repository/org/apache/kerby/kerby-config/1.0.1/kerby-config-1.0.1.jar:/home/runner/.m2/repository/org/apache/kerby/kerb-common/1.0.1/kerb-common-1.0.1.jar:/home/runner/.m2/repository/org/apache/kerby/kerb-crypto/1.0.1/kerb-crypto-1.0.1.jar:/home/runner/.m2/repository/org/apache/kerby/kerb-util/1.0.1/kerb-util-1.0.1.jar:/home/runner/.m2/repository/org/apache/kerby/token-provider/1.0.1/token-provider-1.0.1.jar:/home/runner/.m2/repository/org/apache/kerby/kerb-admin/1.0.1/kerb-admin-1.0.1.jar:/home/runner/.m2/repository/org/apache/kerby/kerb-server/1.0.1/kerb-server-1.0.1.jar:/home/runner/.m2/repository/org/apache/kerby/kerb-identity/1.0.1/kerb-identity-1.0.1.jar:/home/runner/.m2/repository/org/apache/kerby/kerby-xdr/1.0.1/kerby-xdr-1.0.1.jar:/home/runner/.m2/repository/org/apache/ozone/ozone-s3gateway/1.4.0-SNAPSHOT/ozone-s3gateway-1.4.0-SNAPSHOT.jar:/home/runner/.m2/repository/org/javassist/javassist/3.21.0-GA/javassist-3.21.0-GA.jar:/home/runner/.m2/repository/org/jboss/weld/servlet/weld-servlet-shaded/3.1.9.Final/weld-servlet-shaded-3.1.9.Final.jar:/home/runner/.m2/repository/org/glassfish/jersey/containers/jersey-container-servlet-core/2.34/jersey-container-servlet-core-2.34.jar:/home/runner/.m2/repository/org/glassfish/hk2/external/jakarta.inject/2.6.1/jakarta.inject-2.6.1.jar:/home/runner/.m2/repository/org/glassfish/jersey/core/jersey-common/2.34/jersey-common-2.34.jar:/home/runner/.m2/repository/jakarta/ws/rs/jakarta.ws.rs-api/2.1.6/jakarta.ws.rs-api-2.1.6.jar:/home/runner/.m2/repository/org/glassfish/jersey/ext/cdi/jersey-cdi1x/2.34/jersey-cdi1x-2.34.jar:/home/runner/.m2/repository/org/glassfish/jersey/inject/jersey-hk2/2.34/jersey-hk2-2.34.jar:/home/runner/.m2/repository/org/glassfish/hk2/hk2-locator/2.6.1/hk2-locator-2.6.1.jar:/home/runner/.m2/repository/org/glassfish/jersey/media/jersey-media-jaxb/2.34/jersey-media-jaxb-2.34.jar:/home/runner/.m2/repository/org/glassfish/hk2/osgi-resource-locator/1.0.3/osgi-resource-locator-1.0.3.jar:/home/runner/.m2/repository/org/glassfish/hk2/hk2-api/2.5.0/hk2-api-2.5.0.jar:/home/runner/.m2/repository/org/glassfish/hk2/hk2-utils/2.5.0/hk2-utils-2.5.0.jar:/home/runner/.m2/repository/org/glassfish/hk2/external/aopalliance-repackaged/2.5.0/aopalliance-repackaged-2.5.0.jar:/home/runner/.m2/repository/com/fasterxml/jackson/dataformat/jackson-dataformat-xml/2.13.4/jackson-dataformat-xml-2.13.4.jar:/home/runner/.m2/repository/com/fasterxml/jackson/core/jackson-core/2.13.4/jackson-core-2.13.4.jar:/home/runner/.m2/repository/org/codehaus/woodstox/stax2-api/4.2.1/stax2-api-4.2.1.jar:/home/runner/.m2/repository/com/fasterxml/woodstox/woodstox-core/5.4.0/woodstox-core-5.4.0.jar:/home/runner/.m2/repository/com/fasterxml/jackson/module/jackson-module-jaxb-annotations/2.13.4/jackson-module-jaxb-annotations-2.13.4.jar:/home/runner/.m2/repository/jakarta/xml/bind/jakarta.xml.bind-api/2.3.3/jakarta.xml.bind-api-2.3.3.jar:/home/runner/.m2/repository/jakarta/activation/jakarta.activation-api/1.2.2/jakarta.activation-api-1.2.2.jar:/home/runner/.m2/repository/javax/enterprise/cdi-api/2.0/cdi-api-2.0.jar:/home/runner/.m2/repository/javax/el/javax.el-api/3.0.0/javax.el-api-3.0.0.jar:/home/runner/.m2/repository/javax/interceptor/javax.interceptor-api/1.2/javax.interceptor-api-1.2.jar:/home/runner/.m2/repository/javax/inject/javax.inject/1/javax.inject-1.jar:/home/runner/.m2/repository/javax/xml/bind/jaxb-api/2.3.0/jaxb-api-2.3.0.jar:/home/runner/.m2/repository/org/glassfish/jaxb/jaxb-runtime/2.3.0.1/jaxb-runtime-2.3.0.1.jar:/home/runner/.m2/repository/org/glassfish/jaxb/jaxb-core/2.3.0.1/jaxb-core-2.3.0.1.jar:/home/runner/.m2/repository/org/glassfish/jaxb/txw2/2.3.0.1/txw2-2.3.0.1.jar:/home/runner/.m2/repository/com/sun/istack/istack-commons-runtime/3.0.5/istack-commons-runtime-3.0.5.jar:/home/runner/.m2/repository/org/jvnet/staxex/stax-ex/1.7.8/stax-ex-1.7.8.jar:/home/runner/.m2/repository/com/sun/xml/fastinfoset/FastInfoset/1.2.13/FastInfoset-1.2.13.jar:/home/runner/.m2/repository/javax/activation/activation/1.1.1/activation-1.1.1.jar:/home/runner/.m2/repository/io/grpc/grpc-protobuf/1.51.1/grpc-protobuf-1.51.1.jar:/home/runner/.m2/repository/io/grpc/grpc-api/1.51.1/grpc-api-1.51.1.jar:/home/runner/.m2/repository/io/grpc/grpc-context/1.51.1/grpc-context-1.51.1.jar:/home/runner/.m2/repository/com/google/api/grpc/proto-google-common-protos/2.9.0/proto-google-common-protos-2.9.0.jar:/home/runner/.m2/repository/io/grpc/grpc-protobuf-lite/1.51.1/grpc-protobuf-lite-1.51.1.jar:/home/runner/.m2/repository/io/grpc/grpc-stub/1.51.1/grpc-stub-1.51.1.jar:/home/runner/.m2/repository/io/netty/netty-transport/4.1.86.Final/netty-transport-4.1.86.Final.jar:/home/runner/.m2/repository/io/netty/netty-resolver/4.1.86.Final/netty-resolver-4.1.86.Final.jar:/home/runner/.m2/repository/org/apache/ozone/ozone-csi/1.4.0-SNAPSHOT/ozone-csi-1.4.0-SNAPSHOT.jar:/home/runner/.m2/repository/com/google/protobuf/protobuf-java-util/3.19.6/protobuf-java-util-3.19.6.jar:/home/runner/.m2/repository/com/google/code/gson/gson/2.9.0/gson-2.9.0.jar:/home/runner/.m2/repository/org/apache/ozone/hdds-config/1.4.0-SNAPSHOT/hdds-config-1.4.0-SNAPSHOT.jar:/home/runner/.m2/repository/io/netty/netty-transport-native-epoll/4.1.86.Final/netty-transport-native-epoll-4.1.86.Final-linux-x86_64.jar:/home/runner/.m2/repository/io/netty/netty-transport-classes-epoll/4.1.86.Final/netty-transport-classes-epoll-4.1.86.Final.jar:/home/runner/.m2/repository/io/netty/netty-transport-native-unix-common/4.1.86.Final/netty-transport-native-unix-common-4.1.86.Final.jar:/home/runner/.m2/repository/org/slf4j/slf4j-reload4j/1.7.36/slf4j-reload4j-1.7.36.jar:/home/runner/.m2/repository/org/apache/ozone/ozone-recon/1.4.0-SNAPSHOT/ozone-recon-1.4.0-SNAPSHOT.jar:/home/runner/.m2/repository/org/apache/ozone/ozone-reconcodegen/1.4.0-SNAPSHOT/ozone-reconcodegen-1.4.0-SNAPSHOT.jar:/home/runner/.m2/repository/com/google/inject/extensions/guice-multibindings/4.0/guice-multibindings-4.0.jar:/home/runner/.m2/repository/com/google/inject/guice/4.0/guice-4.0.jar:/home/runner/.m2/repository/aopalliance/aopalliance/1.0/aopalliance-1.0.jar:/home/runner/.m2/repository/com/google/inject/extensions/guice-assistedinject/4.0/guice-assistedinject-4.0.jar:/home/runner/.m2/repository/com/google/inject/extensions/guice-servlet/4.0/guice-servlet-4.0.jar:/home/runner/.m2/repository/org/glassfish/jersey/containers/jersey-container-servlet/2.34/jersey-container-servlet-2.34.jar:/home/runner/.m2/repository/org/glassfish/hk2/guice-bridge/2.5.0/guice-bridge-2.5.0.jar:/home/runner/.m2/repository/org/glassfish/jersey/core/jersey-server/2.34/jersey-server-2.34.jar:/home/runner/.m2/repository/org/glassfish/jersey/core/jersey-client/2.34/jersey-client-2.34.jar:/home/runner/.m2/repository/jakarta/annotation/jakarta.annotation-api/1.3.5/jakarta.annotation-api-1.3.5.jar:/home/runner/.m2/repository/jakarta/validation/jakarta.validation-api/2.0.2/jakarta.validation-api-2.0.2.jar:/home/runner/.m2/repository/org/glassfish/jersey/media/jersey-media-json-jackson/2.34/jersey-media-json-jackson-2.34.jar:/home/runner/.m2/repository/org/glassfish/jersey/ext/jersey-entity-filtering/2.34/jersey-entity-filtering-2.34.jar:/home/runner/.m2/repository/org/jooq/jooq/3.11.10/jooq-3.11.10.jar:/home/runner/.m2/repository/org/jooq/jooq-meta/3.11.10/jooq-meta-3.11.10.jar:/home/runner/.m2/repository/org/jooq/jooq-codegen/3.11.10/jooq-codegen-3.11.10.jar:/home/runner/.m2/repository/com/jolbox/bonecp/0.8.0.RELEASE/bonecp-0.8.0.RELEASE.jar:/home/runner/.m2/repository/org/apache/derby/derby/10.14.2.0/derby-10.14.2.0.jar:/home/runner/.m2/repository/org/xerial/sqlite-jdbc/3.25.2/sqlite-jdbc-3.25.2.jar:/home/runner/.m2/repository/org/springframework/spring-jdbc/5.3.23/spring-jdbc-5.3.23.jar:/home/runner/.m2/repository/org/springframework/spring-beans/5.3.23/spring-beans-5.3.23.jar:/home/runner/.m2/repository/org/springframework/spring-core/5.3.23/spring-core-5.3.23.jar:/home/runner/.m2/repository/org/springframework/spring-jcl/5.3.23/spring-jcl-5.3.23.jar:/home/runner/.m2/repository/org/springframework/spring-tx/5.3.23/spring-tx-5.3.23.jar:/home/runner/.m2/repository/org/apache/ozone/ozone-client/1.4.0-SNAPSHOT/ozone-client-1.4.0-SNAPSHOT.jar:/home/runner/.m2/repository/org/apache/ozone/hdds-erasurecode/1.4.0-SNAPSHOT/hdds-erasurecode-1.4.0-SNAPSHOT.jar:/home/runner/.m2/repository/org/apache/ozone/ozone-filesystem/1.4.0-SNAPSHOT/ozone-filesystem-1.4.0-SNAPSHOT.jar:/home/runner/.m2/repository/org/apache/ozone/ozone-filesystem-common/1.4.0-SNAPSHOT/ozone-filesystem-common-1.4.0-SNAPSHOT.jar:/home/runner/.m2/repository/org/apache/ozone/ozone-tools/1.4.0-SNAPSHOT/ozone-tools-1.4.0-SNAPSHOT.jar:/home/runner/.m2/repository/com/amazonaws/aws-java-sdk-core/1.12.261/aws-java-sdk-core-1.12.261.jar:/home/runner/.m2/repository/org/apache/httpcomponents/httpclient/4.5.13/httpclient-4.5.13.jar:/home/runner/.m2/repository/org/apache/httpcomponents/httpcore/4.4.13/httpcore-4.4.13.jar:/home/runner/.m2/repository/software/amazon/ion/ion-java/1.0.2/ion-java-1.0.2.jar:/home/runner/.m2/repository/com/fasterxml/jackson/dataformat/jackson-dataformat-cbor/2.13.4/jackson-dataformat-cbor-2.13.4.jar:/home/runner/.m2/repository/joda-time/joda-time/2.10.6/joda-time-2.10.6.jar:/home/runner/.m2/repository/com/amazonaws/aws-java-sdk-s3/1.12.261/aws-java-sdk-s3-1.12.261.jar:/home/runner/.m2/repository/com/amazonaws/aws-java-sdk-kms/1.12.261/aws-java-sdk-kms-1.12.261.jar:/home/runner/.m2/repository/com/amazonaws/jmespath-java/1.12.261/jmespath-java-1.12.261.jar:/home/runner/.m2/repository/org/kohsuke/metainf-services/metainf-services/1.8/metainf-services-1.8.jar:/home/runner/.m2/repository/org/apache/ozone/hdds-tools/1.4.0-SNAPSHOT/hdds-tools-1.4.0-SNAPSHOT.jar:/home/runner/.m2/repository/org/apache/ratis/ratis-tools/2.4.2-8b8bdda-SNAPSHOT/ratis-tools-2.4.2-8b8bdda-SNAPSHOT.jar:/home/runner/.m2/repository/org/apache/ratis/ratis-proto/2.4.2-8b8bdda-SNAPSHOT/ratis-proto-2.4.2-8b8bdda-SNAPSHOT.jar:/home/runner/.m2/repository/org/apache/ratis/ratis-common/2.4.2-8b8bdda-SNAPSHOT/ratis-common-2.4.2-8b8bdda-SNAPSHOT.jar:/home/runner/.m2/repository/commons-cli/commons-cli/1.2/commons-cli-1.2.jar:/home/runner/.m2/repository/org/apache/commons/commons-lang3/3.7/commons-lang3-3.7.jar:/home/runner/.m2/repository/org/apache/ozone/ozone-manager/1.4.0-SNAPSHOT/ozone-manager-1.4.0-SNAPSHOT-tests.jar:/home/runner/.m2/repository/org/apache/ozone/hdds-common/1.4.0-SNAPSHOT/hdds-common-1.4.0-SNAPSHOT-tests.jar:/home/runner/.m2/repository/org/apache/ozone/hdds-hadoop-dependency-client/1.4.0-SNAPSHOT/hdds-hadoop-dependency-client-1.4.0-SNAPSHOT.jar:/home/runner/.m2/repository/info/picocli/picocli/4.6.1/picocli-4.6.1.jar:/home/runner/.m2/repository/com/fasterxml/jackson/core/jackson-annotations/2.13.4/jackson-annotations-2.13.4.jar:/home/runner/.m2/repository/com/fasterxml/jackson/datatype/jackson-datatype-jsr310/2.13.4/jackson-datatype-jsr310-2.13.4.jar:/home/runner/.m2/repository/org/apache/ozone/hdds-annotation-processing/1.4.0-SNAPSHOT/hdds-annotation-processing-1.4.0-SNAPSHOT.jar:/home/runner/.m2/repository/javax/annotation/javax.annotation-api/1.2/javax.annotation-api-1.2.jar:/home/runner/.m2/repository/org/apache/ratis/ratis-server/2.4.2-8b8bdda-SNAPSHOT/ratis-server-2.4.2-8b8bdda-SNAPSHOT.jar:/home/runner/.m2/repository/org/apache/ratis/ratis-client/2.4.2-8b8bdda-SNAPSHOT/ratis-client-2.4.2-8b8bdda-SNAPSHOT.jar:/home/runner/.m2/repository/org/apache/ratis/ratis-server-api/2.4.2-8b8bdda-SNAPSHOT/ratis-server-api-2.4.2-8b8bdda-SNAPSHOT.jar:/home/runner/.m2/repository/org/apache/ratis/ratis-metrics/2.4.2-8b8bdda-SNAPSHOT/ratis-metrics-2.4.2-8b8bdda-SNAPSHOT.jar:/home/runner/.m2/repository/org/apache/ratis/ratis-netty/2.4.2-8b8bdda-SNAPSHOT/ratis-netty-2.4.2-8b8bdda-SNAPSHOT.jar:/home/runner/.m2/repository/org/apache/ratis/ratis-grpc/2.4.2-8b8bdda-SNAPSHOT/ratis-grpc-2.4.2-8b8bdda-SNAPSHOT.jar:/home/runner/.m2/repository/org/apache/logging/log4j/log4j-api/2.17.1/log4j-api-2.17.1.jar:/home/runner/.m2/repository/org/apache/commons/commons-pool2/2.6.0/commons-pool2-2.6.0.jar:/home/runner/.m2/repository/org/bouncycastle/bcpkix-jdk15on/1.67/bcpkix-jdk15on-1.67.jar:/home/runner/.m2/repository/commons-validator/commons-validator/1.6/commons-validator-1.6.jar:/home/runner/.m2/repository/commons-beanutils/commons-beanutils/1.9.4/commons-beanutils-1.9.4.jar:/home/runner/.m2/repository/commons-digester/commons-digester/1.8.1/commons-digester-1.8.1.jar:/home/runner/.m2/repository/commons-collections/commons-collections/3.2.2/commons-collections-3.2.2.jar:/home/runner/.m2/repository/io/jaegertracing/jaeger-client/1.6.0/jaeger-client-1.6.0.jar:/home/runner/.m2/repository/io/jaegertracing/jaeger-thrift/1.6.0/jaeger-thrift-1.6.0.jar:/home/runner/.m2/repository/org/apache/thrift/libthrift/0.14.1/libthrift-0.14.1.jar:/home/runner/.m2/repository/io/jaegertracing/jaeger-core/1.6.0/jaeger-core-1.6.0.jar:/home/runner/.m2/repository/io/jaegertracing/jaeger-tracerresolver/1.6.0/jaeger-tracerresolver-1.6.0.jar:/home/runner/.m2/repository/io/opentracing/contrib/opentracing-tracerresolver/0.1.8/opentracing-tracerresolver-0.1.8.jar:/home/runner/.m2/repository/org/jetbrains/kotlin/kotlin-stdlib/1.6.21/kotlin-stdlib-1.6.21.jar:/home/runner/.m2/repository/org/jetbrains/annotations/13.0/annotations-13.0.jar:/home/runner/.m2/repository/io/opentracing/opentracing-util/0.33.0/opentracing-util-0.33.0.jar:/home/runner/.m2/repository/io/opentracing/opentracing-api/0.33.0/opentracing-api-0.33.0.jar:/home/runner/.m2/repository/io/opentracing/opentracing-noop/0.33.0/opentracing-noop-0.33.0.jar:/home/runner/.m2/repository/org/yaml/snakeyaml/1.33/snakeyaml-1.33.jar:/home/runner/.m2/repository/org/apache/ozone/hdds-interface-admin/1.4.0-SNAPSHOT/hdds-interface-admin-1.4.0-SNAPSHOT.jar:/home/runner/.m2/repository/junit/junit/4.13.1/junit-4.13.1.jar:/home/runner/.m2/repository/org/hamcrest/hamcrest-core/1.3/hamcrest-core-1.3.jar:/home/runner/.m2/repository/org/junit/jupiter/junit-jupiter-api/5.8.2/junit-jupiter-api-5.8.2.jar:/home/runner/.m2/repository/org/opentest4j/opentest4j/1.2.0/opentest4j-1.2.0.jar:/home/runner/.m2/repository/org/junit/platform/junit-platform-commons/1.8.2/junit-platform-commons-1.8.2.jar:/home/runner/.m2/repository/org/apiguardian/apiguardian-api/1.1.2/apiguardian-api-1.1.2.jar:/home/runner/.m2/repository/org/junit/jupiter/junit-jupiter-params/5.8.2/junit-jupiter-params-5.8.2.jar:/home/runner/.m2/repository/org/junit/jupiter/junit-jupiter-migrationsupport/5.8.2/junit-jupiter-migrationsupport-5.8.2.jar:/home/runner/.m2/repository/org/junit/jupiter/junit-jupiter-engine/5.8.2/junit-jupiter-engine-5.8.2.jar:/home/runner/.m2/repository/org/junit/platform/junit-platform-engine/1.8.2/junit-platform-engine-1.8.2.jar:/home/runner/.m2/repository/org/junit/vintage/junit-vintage-engine/5.8.2/junit-vintage-engine-5.8.2.jar:/home/runner/.m2/repository/org/junit/platform/junit-platform-launcher/1.8.2/junit-platform-launcher-1.8.2.jar:/home/runner/.m2/repository/org/mockito/mockito-core/2.28.2/mockito-core-2.28.2.jar:/home/runner/.m2/repository/net/bytebuddy/byte-buddy/1.9.10/byte-buddy-1.9.10.jar:/home/runner/.m2/repository/net/bytebuddy/byte-buddy-agent/1.9.10/byte-buddy-agent-1.9.10.jar:/home/runner/.m2/repository/org/objenesis/objenesis/1.0/objenesis-1.0.jar:/home/runner/.m2/repository/org/apache/hadoop/hadoop-kms/3.3.4/hadoop-kms-3.3.4.jar:/home/runner/.m2/repository/org/apache/hadoop/hadoop-auth/3.3.4/hadoop-auth-3.3.4.jar:/home/runner/.m2/repository/com/nimbusds/nimbus-jose-jwt/9.8.1/nimbus-jose-jwt-9.8.1.jar:/home/runner/.m2/repository/com/github/stephenc/jcip/jcip-annotations/1.0-1/jcip-annotations-1.0-1.jar:/home/runner/.m2/repository/net/minidev/json-smart/2.4.7/json-smart-2.4.7.jar:/home/runner/.m2/repository/net/minidev/accessors-smart/2.4.7/accessors-smart-2.4.7.jar:/home/runner/.m2/repository/org/ow2/asm/asm/5.0.4/asm-5.0.4.jar:/home/runner/.m2/repository/org/apache/zookeeper/zookeeper/3.5.6/zookeeper-3.5.6.jar:/home/runner/.m2/repository/org/apache/zookeeper/zookeeper-jute/3.5.6/zookeeper-jute-3.5.6.jar:/home/runner/.m2/repository/org/apache/yetus/audience-annotations/0.5.0/audience-annotations-0.5.0.jar:/home/runner/.m2/repository/org/apache/curator/curator-framework/4.2.0/curator-framework-4.2.0.jar:/home/runner/.m2/repository/org/apache/hadoop/thirdparty/hadoop-shaded-guava/1.1.1/hadoop-shaded-guava-1.1.1.jar:/home/runner/.m2/repository/com/sun/jersey/jersey-core/1.19/jersey-core-1.19.jar:/home/runner/.m2/repository/javax/ws/rs/jsr311-api/1.1.1/jsr311-api-1.1.1.jar:/home/runner/.m2/repository/com/sun/jersey/jersey-server/1.19/jersey-server-1.19.jar:/home/runner/.m2/repository/javax/servlet/javax.servlet-api/3.1.0/javax.servlet-api-3.1.0.jar:/home/runner/.m2/repository/org/eclipse/jetty/jetty-server/9.4.49.v20220914/jetty-server-9.4.49.v20220914.jar:/home/runner/.m2/repository/org/eclipse/jetty/jetty-http/9.4.49.v20220914/jetty-http-9.4.49.v20220914.jar:/home/runner/.m2/repository/org/eclipse/jetty/jetty-io/9.4.49.v20220914/jetty-io-9.4.49.v20220914.jar:/home/runner/.m2/repository/org/eclipse/jetty/jetty-webapp/9.4.49.v20220914/jetty-webapp-9.4.49.v20220914.jar:/home/runner/.m2/repository/org/eclipse/jetty/jetty-xml/9.4.49.v20220914/jetty-xml-9.4.49.v20220914.jar:/home/runner/.m2/repository/org/apache/hadoop/hadoop-common/3.3.4/hadoop-common-3.3.4.jar:/home/runner/.m2/repository/org/apache/commons/commons-math3/3.1.1/commons-math3-3.1.1.jar:/home/runner/.m2/repository/commons-net/commons-net/3.9.0/commons-net-3.9.0.jar:/home/runner/.m2/repository/com/sun/jersey/jersey-servlet/1.19/jersey-servlet-1.19.jar:/home/runner/.m2/repository/com/sun/jersey/jersey-json/1.19/jersey-json-1.19.jar:/home/runner/.m2/repository/org/codehaus/jettison/jettison/1.1/jettison-1.1.jar:/home/runner/.m2/repository/com/sun/xml/bind/jaxb-impl/2.2.3-1/jaxb-impl-2.2.3-1.jar:/home/runner/.m2/repository/org/codehaus/jackson/jackson-jaxrs/1.9.2/jackson-jaxrs-1.9.2.jar:/home/runner/.m2/repository/org/codehaus/jackson/jackson-xc/1.9.2/jackson-xc-1.9.2.jar:/home/runner/.m2/repository/com/google/re2j/re2j/1.1/re2j-1.1.jar:/home/runner/.m2/repository/com/jcraft/jsch/0.1.54/jsch-0.1.54.jar:/home/runner/.m2/repository/org/apache/curator/curator-client/4.2.0/curator-client-4.2.0.jar:/home/runner/.m2/repository/org/apache/curator/curator-recipes/4.2.0/curator-recipes-4.2.0.jar:/home/runner/.m2/repository/org/apache/kerby/kerb-core/1.0.1/kerb-core-1.0.1.jar:/home/runner/.m2/repository/org/apache/kerby/kerby-pkix/1.0.1/kerby-pkix-1.0.1.jar:/home/runner/.m2/repository/org/apache/kerby/kerby-asn1/1.0.1/kerby-asn1-1.0.1.jar:/home/runner/.m2/repository/org/apache/kerby/kerby-util/1.0.1/kerby-util-1.0.1.jar:/home/runner/.m2/repository/dnsjava/dnsjava/2.1.7/dnsjava-2.1.7.jar:/home/runner/.m2/repository/org/xerial/snappy/snappy-java/1.1.8.2/snappy-java-1.1.8.2.jar:/home/runner/.m2/repository/org/eclipse/jetty/jetty-util/9.4.49.v20220914/jetty-util-9.4.49.v20220914.jar:/home/runner/.m2/repository/com/fasterxml/jackson/core/jackson-databind/2.13.4.2/jackson-databind-2.13.4.2.jar:/home/runner/.m2/repository/org/apache/hadoop/hadoop-kms/3.3.4/hadoop-kms-3.3.4-tests.jar:/home/runner/.m2/repository/org/apache/ozone/hdds-server-scm/1.4.0-SNAPSHOT/hdds-server-scm-1.4.0-SNAPSHOT-tests.jar:/home/runner/.m2/repository/org/apache/ozone/hdds-container-service/1.4.0-SNAPSHOT/hdds-container-service-1.4.0-SNAPSHOT-tests.jar:/home/runner/.m2/repository/com/github/luben/zstd-jni/1.5.2-5/zstd-jni-1.5.2-5.jar:/home/runner/.m2/repository/commons-codec/commons-codec/1.15/commons-codec-1.15.jar:/home/runner/.m2/repository/io/netty/netty-codec/4.1.86.Final/netty-codec-4.1.86.Final.jar:/home/runner/.m2/repository/io/netty/netty-handler/4.1.86.Final/netty-handler-4.1.86.Final.jar:/home/runner/.m2/repository/org/apache/ozone/hdds-hadoop-dependency-test/1.4.0-SNAPSHOT/hdds-hadoop-dependency-test-1.4.0-SNAPSHOT.jar:/home/runner/.m2/repository/org/apache/hadoop/hadoop-common/3.3.4/hadoop-common-3.3.4-tests.jar:/home/runner/.m2/repository/org/apache/hadoop/hadoop-hdfs/3.3.4/hadoop-hdfs-3.3.4-tests.jar:/home/runner/.m2/repository/org/assertj/assertj-core/3.12.2/assertj-core-3.12.2.jar:/home/runner/.m2/repository/org/apache/hadoop/hadoop-distcp/3.3.4/hadoop-distcp-3.3.4.jar:/home/runner/.m2/repository/org/apache/hadoop/hadoop-mapreduce-client-jobclient/3.3.4/hadoop-mapreduce-client-jobclient-3.3.4.jar:/home/runner/.m2/repository/org/apache/hadoop/hadoop-mapreduce-client-common/3.3.4/hadoop-mapreduce-client-common-3.3.4.jar:/home/runner/.m2/repository/org/apache/hadoop/hadoop-yarn-common/3.3.4/hadoop-yarn-common-3.3.4.jar:/home/runner/.m2/repository/org/apache/hadoop/hadoop-yarn-api/3.3.4/hadoop-yarn-api-3.3.4.jar:/home/runner/.m2/repository/com/sun/jersey/contribs/jersey-guice/1.19/jersey-guice-1.19.jar:/home/runner/.m2/repository/com/fasterxml/jackson/jaxrs/jackson-jaxrs-json-provider/2.13.4/jackson-jaxrs-json-provider-2.13.4.jar:/home/runner/.m2/repository/com/fasterxml/jackson/jaxrs/jackson-jaxrs-base/2.13.4/jackson-jaxrs-base-2.13.4.jar:/home/runner/.m2/repository/org/apache/hadoop/hadoop-yarn-client/3.3.4/hadoop-yarn-client-3.3.4.jar:/home/runner/.m2/repository/org/eclipse/jetty/websocket/websocket-client/9.4.43.v20210629/websocket-client-9.4.43.v20210629.jar:/home/runner/.m2/repository/org/eclipse/jetty/websocket/websocket-common/9.4.43.v20210629/websocket-common-9.4.43.v20210629.jar:/home/runner/.m2/repository/org/eclipse/jetty/websocket/websocket-api/9.4.43.v20210629/websocket-api-9.4.43.v20210629.jar:/home/runner/.m2/repository/org/jline/jline/3.9.0/jline-3.9.0.jar:/home/runner/.m2/repository/org/apache/hadoop/hadoop-mapreduce-client-core/3.3.4/hadoop-mapreduce-client-core-3.3.4.jar:/home/runner/.m2/repository/org/apache/avro/avro/1.7.7/avro-1.7.7.jar:/home/runner/.m2/repository/org/codehaus/jackson/jackson-core-asl/1.9.13/jackson-core-asl-1.9.13.jar:/home/runner/.m2/repository/org/codehaus/jackson/jackson-mapper-asl/1.9.13/jackson-mapper-asl-1.9.13.jar:/home/runner/.m2/repository/com/thoughtworks/paranamer/paranamer/2.3/paranamer-2.3.jar:/home/runner/.m2/repository/org/apache/hadoop/hadoop-annotations/3.3.4/hadoop-annotations-3.3.4.jar:/usr/lib/jvm/temurin-8-jdk-amd64/jre/../lib/tools.jar:/home/runner/.m2/repository/io/netty/netty/3.10.6.Final/netty-3.10.6.Final.jar:/home/runner/.m2/repository/org/apache/hadoop/hadoop-distcp/3.3.4/hadoop-distcp-3.3.4-tests.jar:/home/runner/.m2/repository/org/slf4j/jul-to-slf4j/1.7.36/jul-to-slf4j-1.7.36.jar:"/>
    <property name="java.vm.vendor" value="Temurin"/>
    <property name="sun.arch.data.model" value="64"/>
    <property name="test.build.dir" value="/home/runner/work/ozone/ozone/hadoop-ozone/integration-test/target/test-dir"/>
    <property name="test.cache.data" value=""/>
    <property name="java.vendor.url" value="https://adoptium.net/"/>
    <property name="user.timezone" value="Etc/UTC"/>
    <property name="java.vm.specification.version" value="1.8"/>
    <property name="os.name" value="Linux"/>
    <property name="test.build.data" value="/home/runner/work/ozone/ozone/hadoop-ozone/integration-test/target/test-dir"/>
    <property name="sun.java.launcher" value="SUN_STANDARD"/>
    <property name="sun.boot.library.path" value="/usr/lib/jvm/temurin-8-jdk-amd64/jre/lib/amd64"/>
    <property name="sun.java.command" value="/home/runner/work/ozone/ozone/hadoop-ozone/integration-test/target/surefire/surefirebooter4516646932750278336.jar /home/runner/work/ozone/ozone/hadoop-ozone/integration-test/target/surefire 2023-02-28T04-14-37_501-jvmRun1 surefire7179296119368873384tmp surefire_204218825699983593653tmp"/>
    <property name="surefire.test.class.path" value="/home/runner/work/ozone/ozone/hadoop-ozone/integration-test/target/test-classes:/home/runner/work/ozone/ozone/hadoop-ozone/integration-test/target/classes:/home/runner/.m2/repository/org/apache/ozone/ozone-common/1.4.0-SNAPSHOT/ozone-common-1.4.0-SNAPSHOT.jar:/home/runner/.m2/repository/io/grpc/grpc-netty/1.51.1/grpc-netty-1.51.1.jar:/home/runner/.m2/repository/io/grpc/grpc-core/1.51.1/grpc-core-1.51.1.jar:/home/runner/.m2/repository/com/google/android/annotations/4.1.1.4/annotations-4.1.1.4.jar:/home/runner/.m2/repository/org/codehaus/mojo/animal-sniffer-annotations/1.21/animal-sniffer-annotations-1.21.jar:/home/runner/.m2/repository/com/google/errorprone/error_prone_annotations/2.2.0/error_prone_annotations-2.2.0.jar:/home/runner/.m2/repository/io/perfmark/perfmark-api/0.25.0/perfmark-api-0.25.0.jar:/home/runner/.m2/repository/io/netty/netty-codec-http2/4.1.86.Final/netty-codec-http2-4.1.86.Final.jar:/home/runner/.m2/repository/io/netty/netty-common/4.1.86.Final/netty-common-4.1.86.Final.jar:/home/runner/.m2/repository/io/netty/netty-buffer/4.1.86.Final/netty-buffer-4.1.86.Final.jar:/home/runner/.m2/repository/io/netty/netty-codec-http/4.1.86.Final/netty-codec-http-4.1.86.Final.jar:/home/runner/.m2/repository/io/netty/netty-handler-proxy/4.1.86.Final/netty-handler-proxy-4.1.86.Final.jar:/home/runner/.m2/repository/io/netty/netty-codec-socks/4.1.86.Final/netty-codec-socks-4.1.86.Final.jar:/home/runner/.m2/repository/io/netty/netty-tcnative-boringssl-static/2.0.54.Final/netty-tcnative-boringssl-static-2.0.54.Final.jar:/home/runner/.m2/repository/io/netty/netty-tcnative-classes/2.0.54.Final/netty-tcnative-classes-2.0.54.Final.jar:/home/runner/.m2/repository/io/netty/netty-tcnative-boringssl-static/2.0.54.Final/netty-tcnative-boringssl-static-2.0.54.Final-linux-x86_64.jar:/home/runner/.m2/repository/io/netty/netty-tcnative-boringssl-static/2.0.54.Final/netty-tcnative-boringssl-static-2.0.54.Final-linux-aarch_64.jar:/home/runner/.m2/repository/io/netty/netty-tcnative-boringssl-static/2.0.54.Final/netty-tcnative-boringssl-static-2.0.54.Final-osx-x86_64.jar:/home/runner/.m2/repository/io/netty/netty-tcnative-boringssl-static/2.0.54.Final/netty-tcnative-boringssl-static-2.0.54.Final-osx-aarch_64.jar:/home/runner/.m2/repository/io/netty/netty-tcnative-boringssl-static/2.0.54.Final/netty-tcnative-boringssl-static-2.0.54.Final-windows-x86_64.jar:/home/runner/.m2/repository/org/apache/commons/commons-compress/1.21/commons-compress-1.21.jar:/home/runner/.m2/repository/org/apache/ozone/hdds-common/1.4.0-SNAPSHOT/hdds-common-1.4.0-SNAPSHOT.jar:/home/runner/.m2/repository/org/apache/ozone/hdds-client/1.4.0-SNAPSHOT/hdds-client-1.4.0-SNAPSHOT.jar:/home/runner/.m2/repository/org/apache/ozone/ozone-interface-client/1.4.0-SNAPSHOT/ozone-interface-client-1.4.0-SNAPSHOT.jar:/home/runner/.m2/repository/org/apache/ozone/hdds-test-utils/1.4.0-SNAPSHOT/hdds-test-utils-1.4.0-SNAPSHOT.jar:/home/runner/.m2/repository/com/google/guava/guava/31.1-jre/guava-31.1-jre.jar:/home/runner/.m2/repository/com/google/guava/failureaccess/1.0.1/failureaccess-1.0.1.jar:/home/runner/.m2/repository/com/google/guava/listenablefuture/9999.0-empty-to-avoid-conflict-with-guava/listenablefuture-9999.0-empty-to-avoid-conflict-with-guava.jar:/home/runner/.m2/repository/com/google/code/findbugs/jsr305/3.0.0/jsr305-3.0.0.jar:/home/runner/.m2/repository/org/checkerframework/checker-qual/3.12.0/checker-qual-3.12.0.jar:/home/runner/.m2/repository/com/google/j2objc/j2objc-annotations/1.3/j2objc-annotations-1.3.jar:/home/runner/.m2/repository/commons-io/commons-io/2.11.0/commons-io-2.11.0.jar:/home/runner/.m2/repository/commons-logging/commons-logging/1.2/commons-logging-1.2.jar:/home/runner/.m2/repository/ch/qos/reload4j/reload4j/1.2.22/reload4j-1.2.22.jar:/home/runner/.m2/repository/org/slf4j/slf4j-api/1.7.36/slf4j-api-1.7.36.jar:/home/runner/.m2/repository/org/apache/ozone/hdds-server-scm/1.4.0-SNAPSHOT/hdds-server-scm-1.4.0-SNAPSHOT.jar:/home/runner/.m2/repository/org/apache/ozone/hdds-container-service/1.4.0-SNAPSHOT/hdds-container-service-1.4.0-SNAPSHOT.jar:/home/runner/.m2/repository/org/apache/ozone/hdds-hadoop-dependency-server/1.4.0-SNAPSHOT/hdds-hadoop-dependency-server-1.4.0-SNAPSHOT.jar:/home/runner/.m2/repository/org/apache/hadoop/hadoop-hdfs/3.3.4/hadoop-hdfs-3.3.4.jar:/home/runner/.m2/repository/org/eclipse/jetty/jetty-util-ajax/9.4.49.v20220914/jetty-util-ajax-9.4.49.v20220914.jar:/home/runner/.m2/repository/commons-daemon/commons-daemon/1.0.13/commons-daemon-1.0.13.jar:/home/runner/.m2/repository/org/apache/ozone/hdds-server-framework/1.4.0-SNAPSHOT/hdds-server-framework-1.4.0-SNAPSHOT.jar:/home/runner/.m2/repository/org/apache/ozone/hdds-interface-server/1.4.0-SNAPSHOT/hdds-interface-server-1.4.0-SNAPSHOT.jar:/home/runner/.m2/repository/org/apache/commons/commons-configuration2/2.1.1/commons-configuration2-2.1.1.jar:/home/runner/.m2/repository/org/apache/logging/log4j/log4j-core/2.17.1/log4j-core-2.17.1.jar:/home/runner/.m2/repository/com/lmax/disruptor/3.4.2/disruptor-3.4.2.jar:/home/runner/.m2/repository/org/eclipse/jetty/jetty-servlet/9.4.49.v20220914/jetty-servlet-9.4.49.v20220914.jar:/home/runner/.m2/repository/org/eclipse/jetty/jetty-security/9.4.49.v20220914/jetty-security-9.4.49.v20220914.jar:/home/runner/.m2/repository/org/rocksdb/rocksdbjni/7.7.3/rocksdbjni-7.7.3.jar:/home/runner/.m2/repository/io/prometheus/simpleclient_dropwizard/0.7.0/simpleclient_dropwizard-0.7.0.jar:/home/runner/.m2/repository/io/prometheus/simpleclient/0.7.0/simpleclient-0.7.0.jar:/home/runner/.m2/repository/io/prometheus/simpleclient_common/0.7.0/simpleclient_common-0.7.0.jar:/home/runner/.m2/repository/com/github/spotbugs/spotbugs-annotations/3.1.12/spotbugs-annotations-3.1.12.jar:/home/runner/.m2/repository/org/awaitility/awaitility/4.2.0/awaitility-4.2.0.jar:/home/runner/.m2/repository/org/hamcrest/hamcrest/2.1/hamcrest-2.1.jar:/home/runner/.m2/repository/io/dropwizard/metrics/metrics-core/3.2.4/metrics-core-3.2.4.jar:/home/runner/.m2/repository/org/apache/commons/commons-text/1.4/commons-text-1.4.jar:/home/runner/.m2/repository/org/apache/hadoop/hadoop-hdfs-client/3.3.4/hadoop-hdfs-client-3.3.4.jar:/home/runner/.m2/repository/com/squareup/okhttp3/okhttp/4.9.3/okhttp-4.9.3.jar:/home/runner/.m2/repository/com/squareup/okio/okio/2.8.0/okio-2.8.0.jar:/home/runner/.m2/repository/org/jetbrains/kotlin/kotlin-stdlib-common/1.6.21/kotlin-stdlib-common-1.6.21.jar:/home/runner/.m2/repository/org/bouncycastle/bcprov-jdk15on/1.67/bcprov-jdk15on-1.67.jar:/home/runner/.m2/repository/com/google/protobuf/protobuf-java/2.5.0/protobuf-java-2.5.0.jar:/home/runner/.m2/repository/org/apache/ozone/ozone-manager/1.4.0-SNAPSHOT/ozone-manager-1.4.0-SNAPSHOT.jar:/home/runner/.m2/repository/org/aspectj/aspectjrt/1.9.7/aspectjrt-1.9.7.jar:/home/runner/.m2/repository/org/aspectj/aspectjweaver/1.9.7/aspectjweaver-1.9.7.jar:/home/runner/.m2/repository/org/apache/ozone/hdds-interface-client/1.4.0-SNAPSHOT/hdds-interface-client-1.4.0-SNAPSHOT.jar:/home/runner/.m2/repository/org/apache/hadoop/thirdparty/hadoop-shaded-protobuf_3_7/1.1.1/hadoop-shaded-protobuf_3_7-1.1.1.jar:/home/runner/.m2/repository/org/apache/ratis/ratis-thirdparty-misc/1.0.3/ratis-thirdparty-misc-1.0.3.jar:/home/runner/.m2/repository/org/apache/ozone/ozone-interface-storage/1.4.0-SNAPSHOT/ozone-interface-storage-1.4.0-SNAPSHOT.jar:/home/runner/.m2/repository/org/apache/ozone/rocksdb-checkpoint-differ/1.4.0-SNAPSHOT/rocksdb-checkpoint-differ-1.4.0-SNAPSHOT.jar:/home/runner/.m2/repository/org/reflections/reflections/0.9.11/reflections-0.9.11.jar:/home/runner/.m2/repository/com/sun/jersey/jersey-client/1.19/jersey-client-1.19.jar:/home/runner/.m2/repository/org/apache/ranger/ranger-intg/2.3.0/ranger-intg-2.3.0.jar:/home/runner/.m2/repository/org/apache/ranger/ranger-plugins-common/2.3.0/ranger-plugins-common-2.3.0.jar:/home/runner/.m2/repository/commons-lang/commons-lang/2.6/commons-lang-2.6.jar:/home/runner/.m2/repository/org/apache/ranger/ranger-plugins-cred/2.3.0/ranger-plugins-cred-2.3.0.jar:/home/runner/.m2/repository/org/apache/ranger/ranger-plugins-audit/2.3.0/ranger-plugins-audit-2.3.0.jar:/home/runner/.m2/repository/org/eclipse/jetty/jetty-client/9.4.49.v20220914/jetty-client-9.4.49.v20220914.jar:/home/runner/.m2/repository/org/apache/httpcomponents/httpmime/4.5.6/httpmime-4.5.6.jar:/home/runner/.m2/repository/org/apache/httpcomponents/httpcore-nio/4.4.13/httpcore-nio-4.4.13.jar:/home/runner/.m2/repository/org/apache/httpcomponents/httpasyncclient/4.1.3/httpasyncclient-4.1.3.jar:/home/runner/.m2/repository/com/carrotsearch/hppc/0.8.0/hppc-0.8.0.jar:/home/runner/.m2/repository/org/apache/orc/orc-core/1.5.8/orc-core-1.5.8.jar:/home/runner/.m2/repository/net/java/dev/jna/jna/5.2.0/jna-5.2.0.jar:/home/runner/.m2/repository/net/java/dev/jna/jna-platform/5.2.0/jna-platform-5.2.0.jar:/home/runner/.m2/repository/com/kstruct/gethostname4j/0.0.2/gethostname4j-0.0.2.jar:/home/runner/.m2/repository/org/apache/ranger/ranger-plugin-classloader/2.3.0/ranger-plugin-classloader-2.3.0.jar:/home/runner/.m2/repository/org/apache/hadoop/hadoop-minikdc/3.3.4/hadoop-minikdc-3.3.4.jar:/home/runner/.m2/repository/org/apache/kerby/kerb-simplekdc/1.0.1/kerb-simplekdc-1.0.1.jar:/home/runner/.m2/repository/org/apache/kerby/kerb-client/1.0.1/kerb-client-1.0.1.jar:/home/runner/.m2/repository/org/apache/kerby/kerby-config/1.0.1/kerby-config-1.0.1.jar:/home/runner/.m2/repository/org/apache/kerby/kerb-common/1.0.1/kerb-common-1.0.1.jar:/home/runner/.m2/repository/org/apache/kerby/kerb-crypto/1.0.1/kerb-crypto-1.0.1.jar:/home/runner/.m2/repository/org/apache/kerby/kerb-util/1.0.1/kerb-util-1.0.1.jar:/home/runner/.m2/repository/org/apache/kerby/token-provider/1.0.1/token-provider-1.0.1.jar:/home/runner/.m2/repository/org/apache/kerby/kerb-admin/1.0.1/kerb-admin-1.0.1.jar:/home/runner/.m2/repository/org/apache/kerby/kerb-server/1.0.1/kerb-server-1.0.1.jar:/home/runner/.m2/repository/org/apache/kerby/kerb-identity/1.0.1/kerb-identity-1.0.1.jar:/home/runner/.m2/repository/org/apache/kerby/kerby-xdr/1.0.1/kerby-xdr-1.0.1.jar:/home/runner/.m2/repository/org/apache/ozone/ozone-s3gateway/1.4.0-SNAPSHOT/ozone-s3gateway-1.4.0-SNAPSHOT.jar:/home/runner/.m2/repository/org/javassist/javassist/3.21.0-GA/javassist-3.21.0-GA.jar:/home/runner/.m2/repository/org/jboss/weld/servlet/weld-servlet-shaded/3.1.9.Final/weld-servlet-shaded-3.1.9.Final.jar:/home/runner/.m2/repository/org/glassfish/jersey/containers/jersey-container-servlet-core/2.34/jersey-container-servlet-core-2.34.jar:/home/runner/.m2/repository/org/glassfish/hk2/external/jakarta.inject/2.6.1/jakarta.inject-2.6.1.jar:/home/runner/.m2/repository/org/glassfish/jersey/core/jersey-common/2.34/jersey-common-2.34.jar:/home/runner/.m2/repository/jakarta/ws/rs/jakarta.ws.rs-api/2.1.6/jakarta.ws.rs-api-2.1.6.jar:/home/runner/.m2/repository/org/glassfish/jersey/ext/cdi/jersey-cdi1x/2.34/jersey-cdi1x-2.34.jar:/home/runner/.m2/repository/org/glassfish/jersey/inject/jersey-hk2/2.34/jersey-hk2-2.34.jar:/home/runner/.m2/repository/org/glassfish/hk2/hk2-locator/2.6.1/hk2-locator-2.6.1.jar:/home/runner/.m2/repository/org/glassfish/jersey/media/jersey-media-jaxb/2.34/jersey-media-jaxb-2.34.jar:/home/runner/.m2/repository/org/glassfish/hk2/osgi-resource-locator/1.0.3/osgi-resource-locator-1.0.3.jar:/home/runner/.m2/repository/org/glassfish/hk2/hk2-api/2.5.0/hk2-api-2.5.0.jar:/home/runner/.m2/repository/org/glassfish/hk2/hk2-utils/2.5.0/hk2-utils-2.5.0.jar:/home/runner/.m2/repository/org/glassfish/hk2/external/aopalliance-repackaged/2.5.0/aopalliance-repackaged-2.5.0.jar:/home/runner/.m2/repository/com/fasterxml/jackson/dataformat/jackson-dataformat-xml/2.13.4/jackson-dataformat-xml-2.13.4.jar:/home/runner/.m2/repository/com/fasterxml/jackson/core/jackson-core/2.13.4/jackson-core-2.13.4.jar:/home/runner/.m2/repository/org/codehaus/woodstox/stax2-api/4.2.1/stax2-api-4.2.1.jar:/home/runner/.m2/repository/com/fasterxml/woodstox/woodstox-core/5.4.0/woodstox-core-5.4.0.jar:/home/runner/.m2/repository/com/fasterxml/jackson/module/jackson-module-jaxb-annotations/2.13.4/jackson-module-jaxb-annotations-2.13.4.jar:/home/runner/.m2/repository/jakarta/xml/bind/jakarta.xml.bind-api/2.3.3/jakarta.xml.bind-api-2.3.3.jar:/home/runner/.m2/repository/jakarta/activation/jakarta.activation-api/1.2.2/jakarta.activation-api-1.2.2.jar:/home/runner/.m2/repository/javax/enterprise/cdi-api/2.0/cdi-api-2.0.jar:/home/runner/.m2/repository/javax/el/javax.el-api/3.0.0/javax.el-api-3.0.0.jar:/home/runner/.m2/repository/javax/interceptor/javax.interceptor-api/1.2/javax.interceptor-api-1.2.jar:/home/runner/.m2/repository/javax/inject/javax.inject/1/javax.inject-1.jar:/home/runner/.m2/repository/javax/xml/bind/jaxb-api/2.3.0/jaxb-api-2.3.0.jar:/home/runner/.m2/repository/org/glassfish/jaxb/jaxb-runtime/2.3.0.1/jaxb-runtime-2.3.0.1.jar:/home/runner/.m2/repository/org/glassfish/jaxb/jaxb-core/2.3.0.1/jaxb-core-2.3.0.1.jar:/home/runner/.m2/repository/org/glassfish/jaxb/txw2/2.3.0.1/txw2-2.3.0.1.jar:/home/runner/.m2/repository/com/sun/istack/istack-commons-runtime/3.0.5/istack-commons-runtime-3.0.5.jar:/home/runner/.m2/repository/org/jvnet/staxex/stax-ex/1.7.8/stax-ex-1.7.8.jar:/home/runner/.m2/repository/com/sun/xml/fastinfoset/FastInfoset/1.2.13/FastInfoset-1.2.13.jar:/home/runner/.m2/repository/javax/activation/activation/1.1.1/activation-1.1.1.jar:/home/runner/.m2/repository/io/grpc/grpc-protobuf/1.51.1/grpc-protobuf-1.51.1.jar:/home/runner/.m2/repository/io/grpc/grpc-api/1.51.1/grpc-api-1.51.1.jar:/home/runner/.m2/repository/io/grpc/grpc-context/1.51.1/grpc-context-1.51.1.jar:/home/runner/.m2/repository/com/google/api/grpc/proto-google-common-protos/2.9.0/proto-google-common-protos-2.9.0.jar:/home/runner/.m2/repository/io/grpc/grpc-protobuf-lite/1.51.1/grpc-protobuf-lite-1.51.1.jar:/home/runner/.m2/repository/io/grpc/grpc-stub/1.51.1/grpc-stub-1.51.1.jar:/home/runner/.m2/repository/io/netty/netty-transport/4.1.86.Final/netty-transport-4.1.86.Final.jar:/home/runner/.m2/repository/io/netty/netty-resolver/4.1.86.Final/netty-resolver-4.1.86.Final.jar:/home/runner/.m2/repository/org/apache/ozone/ozone-csi/1.4.0-SNAPSHOT/ozone-csi-1.4.0-SNAPSHOT.jar:/home/runner/.m2/repository/com/google/protobuf/protobuf-java-util/3.19.6/protobuf-java-util-3.19.6.jar:/home/runner/.m2/repository/com/google/code/gson/gson/2.9.0/gson-2.9.0.jar:/home/runner/.m2/repository/org/apache/ozone/hdds-config/1.4.0-SNAPSHOT/hdds-config-1.4.0-SNAPSHOT.jar:/home/runner/.m2/repository/io/netty/netty-transport-native-epoll/4.1.86.Final/netty-transport-native-epoll-4.1.86.Final-linux-x86_64.jar:/home/runner/.m2/repository/io/netty/netty-transport-classes-epoll/4.1.86.Final/netty-transport-classes-epoll-4.1.86.Final.jar:/home/runner/.m2/repository/io/netty/netty-transport-native-unix-common/4.1.86.Final/netty-transport-native-unix-common-4.1.86.Final.jar:/home/runner/.m2/repository/org/slf4j/slf4j-reload4j/1.7.36/slf4j-reload4j-1.7.36.jar:/home/runner/.m2/repository/org/apache/ozone/ozone-recon/1.4.0-SNAPSHOT/ozone-recon-1.4.0-SNAPSHOT.jar:/home/runner/.m2/repository/org/apache/ozone/ozone-reconcodegen/1.4.0-SNAPSHOT/ozone-reconcodegen-1.4.0-SNAPSHOT.jar:/home/runner/.m2/repository/com/google/inject/extensions/guice-multibindings/4.0/guice-multibindings-4.0.jar:/home/runner/.m2/repository/com/google/inject/guice/4.0/guice-4.0.jar:/home/runner/.m2/repository/aopalliance/aopalliance/1.0/aopalliance-1.0.jar:/home/runner/.m2/repository/com/google/inject/extensions/guice-assistedinject/4.0/guice-assistedinject-4.0.jar:/home/runner/.m2/repository/com/google/inject/extensions/guice-servlet/4.0/guice-servlet-4.0.jar:/home/runner/.m2/repository/org/glassfish/jersey/containers/jersey-container-servlet/2.34/jersey-container-servlet-2.34.jar:/home/runner/.m2/repository/org/glassfish/hk2/guice-bridge/2.5.0/guice-bridge-2.5.0.jar:/home/runner/.m2/repository/org/glassfish/jersey/core/jersey-server/2.34/jersey-server-2.34.jar:/home/runner/.m2/repository/org/glassfish/jersey/core/jersey-client/2.34/jersey-client-2.34.jar:/home/runner/.m2/repository/jakarta/annotation/jakarta.annotation-api/1.3.5/jakarta.annotation-api-1.3.5.jar:/home/runner/.m2/repository/jakarta/validation/jakarta.validation-api/2.0.2/jakarta.validation-api-2.0.2.jar:/home/runner/.m2/repository/org/glassfish/jersey/media/jersey-media-json-jackson/2.34/jersey-media-json-jackson-2.34.jar:/home/runner/.m2/repository/org/glassfish/jersey/ext/jersey-entity-filtering/2.34/jersey-entity-filtering-2.34.jar:/home/runner/.m2/repository/org/jooq/jooq/3.11.10/jooq-3.11.10.jar:/home/runner/.m2/repository/org/jooq/jooq-meta/3.11.10/jooq-meta-3.11.10.jar:/home/runner/.m2/repository/org/jooq/jooq-codegen/3.11.10/jooq-codegen-3.11.10.jar:/home/runner/.m2/repository/com/jolbox/bonecp/0.8.0.RELEASE/bonecp-0.8.0.RELEASE.jar:/home/runner/.m2/repository/org/apache/derby/derby/10.14.2.0/derby-10.14.2.0.jar:/home/runner/.m2/repository/org/xerial/sqlite-jdbc/3.25.2/sqlite-jdbc-3.25.2.jar:/home/runner/.m2/repository/org/springframework/spring-jdbc/5.3.23/spring-jdbc-5.3.23.jar:/home/runner/.m2/repository/org/springframework/spring-beans/5.3.23/spring-beans-5.3.23.jar:/home/runner/.m2/repository/org/springframework/spring-core/5.3.23/spring-core-5.3.23.jar:/home/runner/.m2/repository/org/springframework/spring-jcl/5.3.23/spring-jcl-5.3.23.jar:/home/runner/.m2/repository/org/springframework/spring-tx/5.3.23/spring-tx-5.3.23.jar:/home/runner/.m2/repository/org/apache/ozone/ozone-client/1.4.0-SNAPSHOT/ozone-client-1.4.0-SNAPSHOT.jar:/home/runner/.m2/repository/org/apache/ozone/hdds-erasurecode/1.4.0-SNAPSHOT/hdds-erasurecode-1.4.0-SNAPSHOT.jar:/home/runner/.m2/repository/org/apache/ozone/ozone-filesystem/1.4.0-SNAPSHOT/ozone-filesystem-1.4.0-SNAPSHOT.jar:/home/runner/.m2/repository/org/apache/ozone/ozone-filesystem-common/1.4.0-SNAPSHOT/ozone-filesystem-common-1.4.0-SNAPSHOT.jar:/home/runner/.m2/repository/org/apache/ozone/ozone-tools/1.4.0-SNAPSHOT/ozone-tools-1.4.0-SNAPSHOT.jar:/home/runner/.m2/repository/com/amazonaws/aws-java-sdk-core/1.12.261/aws-java-sdk-core-1.12.261.jar:/home/runner/.m2/repository/org/apache/httpcomponents/httpclient/4.5.13/httpclient-4.5.13.jar:/home/runner/.m2/repository/org/apache/httpcomponents/httpcore/4.4.13/httpcore-4.4.13.jar:/home/runner/.m2/repository/software/amazon/ion/ion-java/1.0.2/ion-java-1.0.2.jar:/home/runner/.m2/repository/com/fasterxml/jackson/dataformat/jackson-dataformat-cbor/2.13.4/jackson-dataformat-cbor-2.13.4.jar:/home/runner/.m2/repository/joda-time/joda-time/2.10.6/joda-time-2.10.6.jar:/home/runner/.m2/repository/com/amazonaws/aws-java-sdk-s3/1.12.261/aws-java-sdk-s3-1.12.261.jar:/home/runner/.m2/repository/com/amazonaws/aws-java-sdk-kms/1.12.261/aws-java-sdk-kms-1.12.261.jar:/home/runner/.m2/repository/com/amazonaws/jmespath-java/1.12.261/jmespath-java-1.12.261.jar:/home/runner/.m2/repository/org/kohsuke/metainf-services/metainf-services/1.8/metainf-services-1.8.jar:/home/runner/.m2/repository/org/apache/ozone/hdds-tools/1.4.0-SNAPSHOT/hdds-tools-1.4.0-SNAPSHOT.jar:/home/runner/.m2/repository/org/apache/ratis/ratis-tools/2.4.2-8b8bdda-SNAPSHOT/ratis-tools-2.4.2-8b8bdda-SNAPSHOT.jar:/home/runner/.m2/repository/org/apache/ratis/ratis-proto/2.4.2-8b8bdda-SNAPSHOT/ratis-proto-2.4.2-8b8bdda-SNAPSHOT.jar:/home/runner/.m2/repository/org/apache/ratis/ratis-common/2.4.2-8b8bdda-SNAPSHOT/ratis-common-2.4.2-8b8bdda-SNAPSHOT.jar:/home/runner/.m2/repository/commons-cli/commons-cli/1.2/commons-cli-1.2.jar:/home/runner/.m2/repository/org/apache/commons/commons-lang3/3.7/commons-lang3-3.7.jar:/home/runner/.m2/repository/org/apache/ozone/ozone-manager/1.4.0-SNAPSHOT/ozone-manager-1.4.0-SNAPSHOT-tests.jar:/home/runner/.m2/repository/org/apache/ozone/hdds-common/1.4.0-SNAPSHOT/hdds-common-1.4.0-SNAPSHOT-tests.jar:/home/runner/.m2/repository/org/apache/ozone/hdds-hadoop-dependency-client/1.4.0-SNAPSHOT/hdds-hadoop-dependency-client-1.4.0-SNAPSHOT.jar:/home/runner/.m2/repository/info/picocli/picocli/4.6.1/picocli-4.6.1.jar:/home/runner/.m2/repository/com/fasterxml/jackson/core/jackson-annotations/2.13.4/jackson-annotations-2.13.4.jar:/home/runner/.m2/repository/com/fasterxml/jackson/datatype/jackson-datatype-jsr310/2.13.4/jackson-datatype-jsr310-2.13.4.jar:/home/runner/.m2/repository/org/apache/ozone/hdds-annotation-processing/1.4.0-SNAPSHOT/hdds-annotation-processing-1.4.0-SNAPSHOT.jar:/home/runner/.m2/repository/javax/annotation/javax.annotation-api/1.2/javax.annotation-api-1.2.jar:/home/runner/.m2/repository/org/apache/ratis/ratis-server/2.4.2-8b8bdda-SNAPSHOT/ratis-server-2.4.2-8b8bdda-SNAPSHOT.jar:/home/runner/.m2/repository/org/apache/ratis/ratis-client/2.4.2-8b8bdda-SNAPSHOT/ratis-client-2.4.2-8b8bdda-SNAPSHOT.jar:/home/runner/.m2/repository/org/apache/ratis/ratis-server-api/2.4.2-8b8bdda-SNAPSHOT/ratis-server-api-2.4.2-8b8bdda-SNAPSHOT.jar:/home/runner/.m2/repository/org/apache/ratis/ratis-metrics/2.4.2-8b8bdda-SNAPSHOT/ratis-metrics-2.4.2-8b8bdda-SNAPSHOT.jar:/home/runner/.m2/repository/org/apache/ratis/ratis-netty/2.4.2-8b8bdda-SNAPSHOT/ratis-netty-2.4.2-8b8bdda-SNAPSHOT.jar:/home/runner/.m2/repository/org/apache/ratis/ratis-grpc/2.4.2-8b8bdda-SNAPSHOT/ratis-grpc-2.4.2-8b8bdda-SNAPSHOT.jar:/home/runner/.m2/repository/org/apache/logging/log4j/log4j-api/2.17.1/log4j-api-2.17.1.jar:/home/runner/.m2/repository/org/apache/commons/commons-pool2/2.6.0/commons-pool2-2.6.0.jar:/home/runner/.m2/repository/org/bouncycastle/bcpkix-jdk15on/1.67/bcpkix-jdk15on-1.67.jar:/home/runner/.m2/repository/commons-validator/commons-validator/1.6/commons-validator-1.6.jar:/home/runner/.m2/repository/commons-beanutils/commons-beanutils/1.9.4/commons-beanutils-1.9.4.jar:/home/runner/.m2/repository/commons-digester/commons-digester/1.8.1/commons-digester-1.8.1.jar:/home/runner/.m2/repository/commons-collections/commons-collections/3.2.2/commons-collections-3.2.2.jar:/home/runner/.m2/repository/io/jaegertracing/jaeger-client/1.6.0/jaeger-client-1.6.0.jar:/home/runner/.m2/repository/io/jaegertracing/jaeger-thrift/1.6.0/jaeger-thrift-1.6.0.jar:/home/runner/.m2/repository/org/apache/thrift/libthrift/0.14.1/libthrift-0.14.1.jar:/home/runner/.m2/repository/io/jaegertracing/jaeger-core/1.6.0/jaeger-core-1.6.0.jar:/home/runner/.m2/repository/io/jaegertracing/jaeger-tracerresolver/1.6.0/jaeger-tracerresolver-1.6.0.jar:/home/runner/.m2/repository/io/opentracing/contrib/opentracing-tracerresolver/0.1.8/opentracing-tracerresolver-0.1.8.jar:/home/runner/.m2/repository/org/jetbrains/kotlin/kotlin-stdlib/1.6.21/kotlin-stdlib-1.6.21.jar:/home/runner/.m2/repository/org/jetbrains/annotations/13.0/annotations-13.0.jar:/home/runner/.m2/repository/io/opentracing/opentracing-util/0.33.0/opentracing-util-0.33.0.jar:/home/runner/.m2/repository/io/opentracing/opentracing-api/0.33.0/opentracing-api-0.33.0.jar:/home/runner/.m2/repository/io/opentracing/opentracing-noop/0.33.0/opentracing-noop-0.33.0.jar:/home/runner/.m2/repository/org/yaml/snakeyaml/1.33/snakeyaml-1.33.jar:/home/runner/.m2/repository/org/apache/ozone/hdds-interface-admin/1.4.0-SNAPSHOT/hdds-interface-admin-1.4.0-SNAPSHOT.jar:/home/runner/.m2/repository/junit/junit/4.13.1/junit-4.13.1.jar:/home/runner/.m2/repository/org/hamcrest/hamcrest-core/1.3/hamcrest-core-1.3.jar:/home/runner/.m2/repository/org/junit/jupiter/junit-jupiter-api/5.8.2/junit-jupiter-api-5.8.2.jar:/home/runner/.m2/repository/org/opentest4j/opentest4j/1.2.0/opentest4j-1.2.0.jar:/home/runner/.m2/repository/org/junit/platform/junit-platform-commons/1.8.2/junit-platform-commons-1.8.2.jar:/home/runner/.m2/repository/org/apiguardian/apiguardian-api/1.1.2/apiguardian-api-1.1.2.jar:/home/runner/.m2/repository/org/junit/jupiter/junit-jupiter-params/5.8.2/junit-jupiter-params-5.8.2.jar:/home/runner/.m2/repository/org/junit/jupiter/junit-jupiter-migrationsupport/5.8.2/junit-jupiter-migrationsupport-5.8.2.jar:/home/runner/.m2/repository/org/junit/jupiter/junit-jupiter-engine/5.8.2/junit-jupiter-engine-5.8.2.jar:/home/runner/.m2/repository/org/junit/platform/junit-platform-engine/1.8.2/junit-platform-engine-1.8.2.jar:/home/runner/.m2/repository/org/junit/vintage/junit-vintage-engine/5.8.2/junit-vintage-engine-5.8.2.jar:/home/runner/.m2/repository/org/junit/platform/junit-platform-launcher/1.8.2/junit-platform-launcher-1.8.2.jar:/home/runner/.m2/repository/org/mockito/mockito-core/2.28.2/mockito-core-2.28.2.jar:/home/runner/.m2/repository/net/bytebuddy/byte-buddy/1.9.10/byte-buddy-1.9.10.jar:/home/runner/.m2/repository/net/bytebuddy/byte-buddy-agent/1.9.10/byte-buddy-agent-1.9.10.jar:/home/runner/.m2/repository/org/objenesis/objenesis/1.0/objenesis-1.0.jar:/home/runner/.m2/repository/org/apache/hadoop/hadoop-kms/3.3.4/hadoop-kms-3.3.4.jar:/home/runner/.m2/repository/org/apache/hadoop/hadoop-auth/3.3.4/hadoop-auth-3.3.4.jar:/home/runner/.m2/repository/com/nimbusds/nimbus-jose-jwt/9.8.1/nimbus-jose-jwt-9.8.1.jar:/home/runner/.m2/repository/com/github/stephenc/jcip/jcip-annotations/1.0-1/jcip-annotations-1.0-1.jar:/home/runner/.m2/repository/net/minidev/json-smart/2.4.7/json-smart-2.4.7.jar:/home/runner/.m2/repository/net/minidev/accessors-smart/2.4.7/accessors-smart-2.4.7.jar:/home/runner/.m2/repository/org/ow2/asm/asm/5.0.4/asm-5.0.4.jar:/home/runner/.m2/repository/org/apache/zookeeper/zookeeper/3.5.6/zookeeper-3.5.6.jar:/home/runner/.m2/repository/org/apache/zookeeper/zookeeper-jute/3.5.6/zookeeper-jute-3.5.6.jar:/home/runner/.m2/repository/org/apache/yetus/audience-annotations/0.5.0/audience-annotations-0.5.0.jar:/home/runner/.m2/repository/org/apache/curator/curator-framework/4.2.0/curator-framework-4.2.0.jar:/home/runner/.m2/repository/org/apache/hadoop/thirdparty/hadoop-shaded-guava/1.1.1/hadoop-shaded-guava-1.1.1.jar:/home/runner/.m2/repository/com/sun/jersey/jersey-core/1.19/jersey-core-1.19.jar:/home/runner/.m2/repository/javax/ws/rs/jsr311-api/1.1.1/jsr311-api-1.1.1.jar:/home/runner/.m2/repository/com/sun/jersey/jersey-server/1.19/jersey-server-1.19.jar:/home/runner/.m2/repository/javax/servlet/javax.servlet-api/3.1.0/javax.servlet-api-3.1.0.jar:/home/runner/.m2/repository/org/eclipse/jetty/jetty-server/9.4.49.v20220914/jetty-server-9.4.49.v20220914.jar:/home/runner/.m2/repository/org/eclipse/jetty/jetty-http/9.4.49.v20220914/jetty-http-9.4.49.v20220914.jar:/home/runner/.m2/repository/org/eclipse/jetty/jetty-io/9.4.49.v20220914/jetty-io-9.4.49.v20220914.jar:/home/runner/.m2/repository/org/eclipse/jetty/jetty-webapp/9.4.49.v20220914/jetty-webapp-9.4.49.v20220914.jar:/home/runner/.m2/repository/org/eclipse/jetty/jetty-xml/9.4.49.v20220914/jetty-xml-9.4.49.v20220914.jar:/home/runner/.m2/repository/org/apache/hadoop/hadoop-common/3.3.4/hadoop-common-3.3.4.jar:/home/runner/.m2/repository/org/apache/commons/commons-math3/3.1.1/commons-math3-3.1.1.jar:/home/runner/.m2/repository/commons-net/commons-net/3.9.0/commons-net-3.9.0.jar:/home/runner/.m2/repository/com/sun/jersey/jersey-servlet/1.19/jersey-servlet-1.19.jar:/home/runner/.m2/repository/com/sun/jersey/jersey-json/1.19/jersey-json-1.19.jar:/home/runner/.m2/repository/org/codehaus/jettison/jettison/1.1/jettison-1.1.jar:/home/runner/.m2/repository/com/sun/xml/bind/jaxb-impl/2.2.3-1/jaxb-impl-2.2.3-1.jar:/home/runner/.m2/repository/org/codehaus/jackson/jackson-jaxrs/1.9.2/jackson-jaxrs-1.9.2.jar:/home/runner/.m2/repository/org/codehaus/jackson/jackson-xc/1.9.2/jackson-xc-1.9.2.jar:/home/runner/.m2/repository/com/google/re2j/re2j/1.1/re2j-1.1.jar:/home/runner/.m2/repository/com/jcraft/jsch/0.1.54/jsch-0.1.54.jar:/home/runner/.m2/repository/org/apache/curator/curator-client/4.2.0/curator-client-4.2.0.jar:/home/runner/.m2/repository/org/apache/curator/curator-recipes/4.2.0/curator-recipes-4.2.0.jar:/home/runner/.m2/repository/org/apache/kerby/kerb-core/1.0.1/kerb-core-1.0.1.jar:/home/runner/.m2/repository/org/apache/kerby/kerby-pkix/1.0.1/kerby-pkix-1.0.1.jar:/home/runner/.m2/repository/org/apache/kerby/kerby-asn1/1.0.1/kerby-asn1-1.0.1.jar:/home/runner/.m2/repository/org/apache/kerby/kerby-util/1.0.1/kerby-util-1.0.1.jar:/home/runner/.m2/repository/dnsjava/dnsjava/2.1.7/dnsjava-2.1.7.jar:/home/runner/.m2/repository/org/xerial/snappy/snappy-java/1.1.8.2/snappy-java-1.1.8.2.jar:/home/runner/.m2/repository/org/eclipse/jetty/jetty-util/9.4.49.v20220914/jetty-util-9.4.49.v20220914.jar:/home/runner/.m2/repository/com/fasterxml/jackson/core/jackson-databind/2.13.4.2/jackson-databind-2.13.4.2.jar:/home/runner/.m2/repository/org/apache/hadoop/hadoop-kms/3.3.4/hadoop-kms-3.3.4-tests.jar:/home/runner/.m2/repository/org/apache/ozone/hdds-server-scm/1.4.0-SNAPSHOT/hdds-server-scm-1.4.0-SNAPSHOT-tests.jar:/home/runner/.m2/repository/org/apache/ozone/hdds-container-service/1.4.0-SNAPSHOT/hdds-container-service-1.4.0-SNAPSHOT-tests.jar:/home/runner/.m2/repository/com/github/luben/zstd-jni/1.5.2-5/zstd-jni-1.5.2-5.jar:/home/runner/.m2/repository/commons-codec/commons-codec/1.15/commons-codec-1.15.jar:/home/runner/.m2/repository/io/netty/netty-codec/4.1.86.Final/netty-codec-4.1.86.Final.jar:/home/runner/.m2/repository/io/netty/netty-handler/4.1.86.Final/netty-handler-4.1.86.Final.jar:/home/runner/.m2/repository/org/apache/ozone/hdds-hadoop-dependency-test/1.4.0-SNAPSHOT/hdds-hadoop-dependency-test-1.4.0-SNAPSHOT.jar:/home/runner/.m2/repository/org/apache/hadoop/hadoop-common/3.3.4/hadoop-common-3.3.4-tests.jar:/home/runner/.m2/repository/org/apache/hadoop/hadoop-hdfs/3.3.4/hadoop-hdfs-3.3.4-tests.jar:/home/runner/.m2/repository/org/assertj/assertj-core/3.12.2/assertj-core-3.12.2.jar:/home/runner/.m2/repository/org/apache/hadoop/hadoop-distcp/3.3.4/hadoop-distcp-3.3.4.jar:/home/runner/.m2/repository/org/apache/hadoop/hadoop-mapreduce-client-jobclient/3.3.4/hadoop-mapreduce-client-jobclient-3.3.4.jar:/home/runner/.m2/repository/org/apache/hadoop/hadoop-mapreduce-client-common/3.3.4/hadoop-mapreduce-client-common-3.3.4.jar:/home/runner/.m2/repository/org/apache/hadoop/hadoop-yarn-common/3.3.4/hadoop-yarn-common-3.3.4.jar:/home/runner/.m2/repository/org/apache/hadoop/hadoop-yarn-api/3.3.4/hadoop-yarn-api-3.3.4.jar:/home/runner/.m2/repository/com/sun/jersey/contribs/jersey-guice/1.19/jersey-guice-1.19.jar:/home/runner/.m2/repository/com/fasterxml/jackson/jaxrs/jackson-jaxrs-json-provider/2.13.4/jackson-jaxrs-json-provider-2.13.4.jar:/home/runner/.m2/repository/com/fasterxml/jackson/jaxrs/jackson-jaxrs-base/2.13.4/jackson-jaxrs-base-2.13.4.jar:/home/runner/.m2/repository/org/apache/hadoop/hadoop-yarn-client/3.3.4/hadoop-yarn-client-3.3.4.jar:/home/runner/.m2/repository/org/eclipse/jetty/websocket/websocket-client/9.4.43.v20210629/websocket-client-9.4.43.v20210629.jar:/home/runner/.m2/repository/org/eclipse/jetty/websocket/websocket-common/9.4.43.v20210629/websocket-common-9.4.43.v20210629.jar:/home/runner/.m2/repository/org/eclipse/jetty/websocket/websocket-api/9.4.43.v20210629/websocket-api-9.4.43.v20210629.jar:/home/runner/.m2/repository/org/jline/jline/3.9.0/jline-3.9.0.jar:/home/runner/.m2/repository/org/apache/hadoop/hadoop-mapreduce-client-core/3.3.4/hadoop-mapreduce-client-core-3.3.4.jar:/home/runner/.m2/repository/org/apache/avro/avro/1.7.7/avro-1.7.7.jar:/home/runner/.m2/repository/org/codehaus/jackson/jackson-core-asl/1.9.13/jackson-core-asl-1.9.13.jar:/home/runner/.m2/repository/org/codehaus/jackson/jackson-mapper-asl/1.9.13/jackson-mapper-asl-1.9.13.jar:/home/runner/.m2/repository/com/thoughtworks/paranamer/paranamer/2.3/paranamer-2.3.jar:/home/runner/.m2/repository/org/apache/hadoop/hadoop-annotations/3.3.4/hadoop-annotations-3.3.4.jar:/usr/lib/jvm/temurin-8-jdk-amd64/jre/../lib/tools.jar:/home/runner/.m2/repository/io/netty/netty/3.10.6.Final/netty-3.10.6.Final.jar:/home/runner/.m2/repository/org/apache/hadoop/hadoop-distcp/3.3.4/hadoop-distcp-3.3.4-tests.jar:/home/runner/.m2/repository/org/slf4j/jul-to-slf4j/1.7.36/jul-to-slf4j-1.7.36.jar:"/>
    <property name="sun.cpu.endian" value="little"/>
    <property name="user.home" value="/home/runner"/>
    <property name="user.language" value="en"/>
    <property name="java.specification.vendor" value="Oracle Corporation"/>
    <property name="java.home" value="/usr/lib/jvm/temurin-8-jdk-amd64/jre"/>
    <property name="java.security.krb5.conf" value="/home/runner/work/ozone/ozone/hadoop-ozone/integration-test/target/test-classes/krb5.conf"/>
    <property name="basedir" value="/home/runner/work/ozone/ozone/hadoop-ozone/integration-test"/>
    <property name="file.separator" value="/"/>
    <property name="line.separator" value="&#10;"/>
    <property name="java.vm.specification.vendor" value="Oracle Corporation"/>
    <property name="java.specification.name" value="Java Platform API Specification"/>
    <property name="java.awt.graphicsenv" value="sun.awt.X11GraphicsEnvironment"/>
    <property name="skip.installnpx" value="true"/>
    <property name="surefire.real.class.path" value="/home/runner/work/ozone/ozone/hadoop-ozone/integration-test/target/surefire/surefirebooter4516646932750278336.jar:/home/runner/.m2/repository/org/jacoco/org.jacoco.agent/0.8.5/org.jacoco.agent-0.8.5-runtime.jar"/>
    <property name="hadoop.log.dir" value="/home/runner/work/ozone/ozone/hadoop-ozone/integration-test/target/log"/>
    <property name="sun.boot.class.path" value="/usr/lib/jvm/temurin-8-jdk-amd64/jre/lib/resources.jar:/usr/lib/jvm/temurin-8-jdk-amd64/jre/lib/rt.jar:/usr/lib/jvm/temurin-8-jdk-amd64/jre/lib/sunrsasign.jar:/usr/lib/jvm/temurin-8-jdk-amd64/jre/lib/jsse.jar:/usr/lib/jvm/temurin-8-jdk-amd64/jre/lib/jce.jar:/usr/lib/jvm/temurin-8-jdk-amd64/jre/lib/charsets.jar:/usr/lib/jvm/temurin-8-jdk-amd64/jre/lib/jfr.jar:/usr/lib/jvm/temurin-8-jdk-amd64/jre/classes"/>
    <property name="sun.management.compiler" value="HotSpot 64-Bit Tiered Compilers"/>
    <property name="skip.npx" value="true"/>
    <property name="java.runtime.version" value="1.8.0_362-b09"/>
    <property name="java.net.preferIPv4Stack" value="true"/>
    <property name="user.name" value="runner"/>
    <property name="path.separator" value=":"/>
    <property name="java.security.egd" value="file:///dev/urandom"/>
    <property name="os.version" value="5.15.0-1033-azure"/>
    <property name="java.endorsed.dirs" value="/usr/lib/jvm/temurin-8-jdk-amd64/jre/lib/endorsed"/>
    <property name="java.runtime.name" value="OpenJDK Runtime Environment"/>
    <property name="file.encoding" value="UTF-8"/>
    <property name="java.vm.name" value="OpenJDK 64-Bit Server VM"/>
    <property name="test.build.webapps" value=""/>
    <property name="localRepository" value="/home/runner/.m2/repository"/>
    <property name="jetty.git.hash" value="4231a3b2e4cb8548a412a789936d640a97b1aa0a"/>
    <property name="java.vendor.url.bug" value="https://github.com/adoptium/adoptium-support/issues"/>
    <property name="java.io.tmpdir" value="/tmp"/>
    <property name="require.test.libhadoop" value=""/>
    <property name="java.version" value="1.8.0_362"/>
    <property name="user.dir" value="/home/runner/work/ozone/ozone/hadoop-ozone/integration-test"/>
    <property name="os.arch" value="amd64"/>
    <property name="java.vm.specification.name" value="Java Virtual Machine Specification"/>
    <property name="test.build.classes" value="/home/runner/work/ozone/ozone/hadoop-ozone/integration-test/target/test-classes"/>
    <property name="java.awt.printerjob" value="sun.print.PSPrinterJob"/>
    <property name="sun.os.patch.level" value="unknown"/>
    <property name="org.apache.ratis.thirdparty.io.netty.allocator.useCacheForAllThreads" value="false"/>
    <property name="hadoop.tmp.dir" value="/home/runner/work/ozone/ozone/hadoop-ozone/integration-test/target/tmp"/>
    <property name="java.library.path" value="/usr/java/packages/lib/amd64:/usr/lib64:/lib64:/lib:/usr/lib"/>
    <property name="java.vm.info" value="mixed mode"/>
    <property name="java.vendor" value="Temurin"/>
    <property name="java.vm.version" value="25.362-b09"/>
    <property name="java.specification.maintenance.version" value="4"/>
    <property name="java.ext.dirs" value="/usr/lib/jvm/temurin-8-jdk-amd64/jre/lib/ext:/usr/java/packages/lib/ext"/>
    <property name="sun.io.unicode.encoding" value="UnicodeLittle"/>
    <property name="java.class.version" value="52.0"/>
  </properties>
  <testcase name="testNonExistentBucket" classname="TestOmSnapshot" time="23.367">
    <system-out><![CDATA[2023-02-28 04:32:08,300 [main] WARN  server.ServerUtils (ServerUtils.java:getScmDbDir(148)) - ozone.scm.db.dirs is not configured. We recommend adding this setting. Falling back to ozone.metadata.dirs instead.
2023-02-28 04:32:08,384 [main] WARN  server.ServerUtils (ServerUtils.java:getScmDbDir(148)) - ozone.scm.db.dirs is not configured. We recommend adding this setting. Falling back to ozone.metadata.dirs instead.
2023-02-28 04:32:08,388 [main] INFO  ha.SCMHANodeDetails (SCMHANodeDetails.java:loadSCMHAConfig(209)) - ServiceID for StorageContainerManager is null
2023-02-28 04:32:08,398 [main] WARN  ha.SCMHANodeDetails (SCMHANodeDetails.java:validateSCMHAConfig(182)) - Invalid config ozone.scm.ratis.enable. The config was not specified, but the default value true conflicts with the expected config value false. Falling back to the expected value. Current State of SCM: SCM is running in Non-HA without Ratis Ratis SCM -> Non Ratis SCM or Non HA SCM -> HA SCM is not supported
2023-02-28 04:32:08,398 [main] INFO  ha.SCMHANodeDetails (SCMHANodeDetails.java:loadSCMHAConfig(214)) - ozone.scm.default.service.id is not defined, falling back to ozone.scm.service.ids to find serviceID for StorageContainerManager if it is HA enabled cluster
2023-02-28 04:32:08,917 [main] WARN  utils.HAUtils (HAUtils.java:getMetaDir(342)) - ozone.scm.db.dirs is not configured. We recommend adding this setting. Falling back to ozone.metadata.dirs instead.
2023-02-28 04:32:09,127 [main] WARN  db.DBStoreBuilder (DBStoreBuilder.java:applyDBDefinition(172)) - ozone.scm.db.dirs is not configured. We recommend adding this setting. Falling back to ozone.metadata.dirs instead.
2023-02-28 04:32:09,343 [main] INFO  net.NodeSchemaLoader (NodeSchemaLoader.java:loadSchemaFromFile(129)) - Loading schema from [jar:file:/home/runner/.m2/repository/org/apache/ozone/hdds-common/1.4.0-SNAPSHOT/hdds-common-1.4.0-SNAPSHOT.jar!/network-topology-default.xml]
2023-02-28 04:32:09,345 [main] INFO  net.NodeSchemaLoader (NodeSchemaLoader.java:loadSchema(176)) - Loading network topology layer schema file
2023-02-28 04:32:09,385 [main] INFO  metrics.MetricRegistries (MetricRegistriesLoader.java:load(64)) - Loaded MetricRegistries class org.apache.ratis.metrics.impl.MetricRegistriesImpl
2023-02-28 04:32:09,389 [main] INFO  upgrade.AbstractLayoutVersionManager (AbstractLayoutVersionManager.java:init(83)) - Initializing Layout version manager with metadata layout = DATANODE_SCHEMA_V3 (version = 4), software layout = DATANODE_SCHEMA_V3 (version = 4)
2023-02-28 04:32:09,566 [main] INFO  reflections.Reflections (Reflections.java:scan(232)) - Reflections took 116 ms to scan 7 urls, producing 151 keys and 363 values 
2023-02-28 04:32:09,646 [main] INFO  ha.SequenceIdGenerator (SequenceIdGenerator.java:upgradeToSequenceId(349)) - upgrade localId to 111677748019200000
2023-02-28 04:32:09,647 [main] INFO  ha.SequenceIdGenerator (SequenceIdGenerator.java:upgradeToSequenceId(359)) - upgrade delTxnId to 0
2023-02-28 04:32:09,651 [main] INFO  ha.SequenceIdGenerator (SequenceIdGenerator.java:upgradeToSequenceId(376)) - upgrade containerId to 0
2023-02-28 04:32:09,652 [main] INFO  ha.SequenceIdGenerator (SequenceIdGenerator.java:<init>(220)) - Init the HA SequenceIdGenerator.
2023-02-28 04:32:09,698 [main] WARN  server.ServerUtils (ServerUtils.java:sanitizeUserArgs(73)) - ozone.scm.stale.node.interval value = 300000 is larger than max = 100000 based on the key value of ozone.scm.heartbeat.thread.interval, reset to the max value 100000.
2023-02-28 04:32:09,699 [main] WARN  server.ServerUtils (ServerUtils.java:sanitizeUserArgs(73)) - ozone.scm.stale.node.interval value = 300000 is larger than max = 100000 based on the key value of ozone.scm.heartbeat.thread.interval, reset to the max value 100000.
2023-02-28 04:32:09,705 [main] INFO  node.SCMNodeManager (SCMNodeManager.java:<init>(149)) - Entering startup safe mode.
2023-02-28 04:32:09,777 [main] INFO  algorithms.ContainerPlacementPolicyFactory (ContainerPlacementPolicyFactory.java:getPolicyInternal(86)) - Create container placement policy of type org.apache.hadoop.hdds.scm.container.placement.algorithms.SCMContainerPlacementRandom
2023-02-28 04:32:09,780 [main] INFO  algorithms.ContainerPlacementPolicyFactory (ContainerPlacementPolicyFactory.java:getPolicyInternal(86)) - Create container placement policy of type org.apache.hadoop.hdds.scm.container.placement.algorithms.SCMContainerPlacementRackScatter
2023-02-28 04:32:09,788 [main] INFO  pipeline.PipelineStateManagerImpl (PipelineStateManagerImpl.java:initialize(78)) - No pipeline exists in current db
2023-02-28 04:32:09,817 [main] INFO  algorithms.LeaderChoosePolicyFactory (LeaderChoosePolicyFactory.java:getPolicy(57)) - Create leader choose policy of type org.apache.hadoop.hdds.scm.pipeline.leader.choose.algorithms.MinLeaderCountChoosePolicy
2023-02-28 04:32:09,818 [main] INFO  algorithms.ContainerPlacementPolicyFactory (ContainerPlacementPolicyFactory.java:getPolicyInternal(86)) - Create container placement policy of type org.apache.hadoop.hdds.scm.container.placement.algorithms.SCMContainerPlacementRackScatter
2023-02-28 04:32:09,826 [main] INFO  ha.SCMServiceManager (SCMServiceManager.java:register(42)) - Registering service BackgroundPipelineCreator.
2023-02-28 04:32:09,826 [main] INFO  pipeline.BackgroundPipelineCreator (BackgroundPipelineCreator.java:start(124)) - Starting RatisPipelineUtilsThread.
2023-02-28 04:32:09,829 [main] INFO  BackgroundPipelineScrubber (BackgroundSCMService.java:start(68)) - Starting BackgroundPipelineScrubber Service.
2023-02-28 04:32:09,833 [main] INFO  ha.SCMServiceManager (SCMServiceManager.java:register(42)) - Registering service BackgroundPipelineScrubber.
2023-02-28 04:32:09,839 [main] INFO  ExpiredContainerReplicaOpScrubber (BackgroundSCMService.java:start(68)) - Starting ExpiredContainerReplicaOpScrubber Service.
2023-02-28 04:32:09,846 [main] INFO  ha.SCMServiceManager (SCMServiceManager.java:register(42)) - Registering service ExpiredContainerReplicaOpScrubber.
2023-02-28 04:32:09,905 [main] INFO  algorithms.PipelineChoosePolicyFactory (PipelineChoosePolicyFactory.java:createPipelineChoosePolicyFromClass(73)) - Create pipeline choose policy of type org.apache.hadoop.hdds.scm.pipeline.choose.algorithms.RandomPipelineChoosePolicy
2023-02-28 04:32:09,924 [main] INFO  ha.SCMServiceManager (SCMServiceManager.java:register(42)) - Registering service SCMBlockDeletingService.
2023-02-28 04:32:09,982 [main] INFO  replication.ReplicationManager (ReplicationManager.java:start(266)) - Starting Replication Monitor Thread.
2023-02-28 04:32:09,991 [main] INFO  ha.SCMServiceManager (SCMServiceManager.java:register(42)) - Registering service ReplicationManager.
2023-02-28 04:32:09,997 [ReplicationMonitor] INFO  replication.ReplicationManager (ReplicationManager.java:processAll(341)) - Replication Manager is not ready to run until 3000ms after safemode exit
2023-02-28 04:32:10,007 [main] INFO  safemode.ContainerSafeModeRule (ContainerSafeModeRule.java:<init>(89)) - containers with one replica threshold count 0
2023-02-28 04:32:10,011 [main] INFO  safemode.HealthyPipelineSafeModeRule (HealthyPipelineSafeModeRule.java:initializeRule(169)) - Total pipeline count is 0, healthy pipeline threshold count is 1
2023-02-28 04:32:10,013 [main] INFO  safemode.OneReplicaPipelineSafeModeRule (OneReplicaPipelineSafeModeRule.java:initializeRule(180)) - Total pipeline count is 0, pipeline's with at least one datanode reported threshold count is 0
2023-02-28 04:32:10,299 [main] INFO  audit.AuditLogger (AuditLogger.java:refreshDebugCmdSet(126)) - Refresh DebugCmdSet for SCMAudit to [].
2023-02-28 04:32:10,331 [main] INFO  ipc.CallQueueManager (CallQueueManager.java:<init>(90)) - Using callQueue: class java.util.concurrent.LinkedBlockingQueue, queueCapacity: 2000, scheduler: class org.apache.hadoop.ipc.DefaultRpcScheduler, ipcBackoff: false.
2023-02-28 04:32:10,370 [Socket Reader #1 for port 0] INFO  ipc.Server (Server.java:run(1273)) - Starting Socket Reader #1 for port 0
2023-02-28 04:32:10,428 [Listener at 0.0.0.0/41617] INFO  audit.AuditLogger (AuditLogger.java:refreshDebugCmdSet(126)) - Refresh DebugCmdSet for SCMAudit to [].
2023-02-28 04:32:10,437 [Listener at 0.0.0.0/41617] INFO  ipc.CallQueueManager (CallQueueManager.java:<init>(90)) - Using callQueue: class java.util.concurrent.LinkedBlockingQueue, queueCapacity: 2000, scheduler: class org.apache.hadoop.ipc.DefaultRpcScheduler, ipcBackoff: false.
2023-02-28 04:32:10,438 [Socket Reader #1 for port 0] INFO  ipc.Server (Server.java:run(1273)) - Starting Socket Reader #1 for port 0
2023-02-28 04:32:10,476 [Listener at 0.0.0.0/37531] INFO  audit.AuditLogger (AuditLogger.java:refreshDebugCmdSet(126)) - Refresh DebugCmdSet for SCMAudit to [].
2023-02-28 04:32:10,486 [Listener at 0.0.0.0/37531] INFO  ipc.CallQueueManager (CallQueueManager.java:<init>(90)) - Using callQueue: class java.util.concurrent.LinkedBlockingQueue, queueCapacity: 2000, scheduler: class org.apache.hadoop.ipc.DefaultRpcScheduler, ipcBackoff: false.
2023-02-28 04:32:10,490 [Socket Reader #1 for port 0] INFO  ipc.Server (Server.java:run(1273)) - Starting Socket Reader #1 for port 0
2023-02-28 04:32:10,575 [Listener at 0.0.0.0/43815] INFO  ha.SCMServiceManager (SCMServiceManager.java:register(42)) - Registering service ContainerBalancer.
2023-02-28 04:32:10,576 [Listener at 0.0.0.0/43815] INFO  server.StorageContainerManager (StorageContainerManager.java:<init>(402)) - 
Container Balancer status:
Key                            Value
Running                        true
Container Balancer Configuration values:
Key                                                Value
Threshold                                          10
Max Datanodes to Involve per Iteration(percent)    20
Max Size to Move per Iteration                     500GB
Max Size Entering Target per Iteration             26GB
Max Size Leaving Source per Iteration              26GB

2023-02-28 04:32:10,576 [Listener at 0.0.0.0/43815] INFO  ha.SCMContext (SCMContext.java:updateSafeModeStatus(228)) - Update SafeModeStatus from SafeModeStatus{safeModeStatus=true, preCheckPassed=false} to SafeModeStatus{safeModeStatus=true, preCheckPassed=false}.
2023-02-28 04:32:10,581 [Listener at 0.0.0.0/43815] INFO  server.StorageContainerManager (StorageContainerManager.java:start(1436)) - StorageContainerLocationProtocol RPC server is listening at /0.0.0.0:43815
2023-02-28 04:32:10,648 [Listener at 0.0.0.0/43815] WARN  impl.MetricsConfig (MetricsConfig.java:loadFirst(136)) - Cannot locate configuration: tried hadoop-metrics2-storagecontainermanager.properties,hadoop-metrics2.properties
2023-02-28 04:32:10,660 [Listener at 0.0.0.0/43815] INFO  impl.MetricsSystemImpl (MetricsSystemImpl.java:startTimer(378)) - Scheduled Metric snapshot period at 10 second(s).
2023-02-28 04:32:10,660 [Listener at 0.0.0.0/43815] INFO  impl.MetricsSystemImpl (MetricsSystemImpl.java:start(191)) - StorageContainerManager metrics system started
2023-02-28 04:32:10,885 [Listener at 0.0.0.0/43815] INFO  server.SCMClientProtocolServer (SCMClientProtocolServer.java:start(176)) - RPC server for Client  is listening at /0.0.0.0:43815
2023-02-28 04:32:10,887 [IPC Server listener on 0] INFO  ipc.Server (Server.java:run(1352)) - IPC Server listener on 0: starting
2023-02-28 04:32:10,887 [IPC Server Responder] INFO  ipc.Server (Server.java:run(1512)) - IPC Server Responder: starting
2023-02-28 04:32:10,890 [Listener at 0.0.0.0/43815] INFO  server.StorageContainerManager (StorageContainerManager.java:start(1450)) - ScmBlockLocationProtocol RPC server is listening at /0.0.0.0:37531
2023-02-28 04:32:10,891 [Listener at 0.0.0.0/43815] INFO  server.SCMBlockProtocolServer (SCMBlockProtocolServer.java:start(152)) - RPC server for Block Protocol is listening at /0.0.0.0:37531
2023-02-28 04:32:10,891 [IPC Server Responder] INFO  ipc.Server (Server.java:run(1512)) - IPC Server Responder: starting
2023-02-28 04:32:10,892 [IPC Server listener on 0] INFO  ipc.Server (Server.java:run(1352)) - IPC Server listener on 0: starting
2023-02-28 04:32:10,895 [Listener at 0.0.0.0/43815] INFO  server.SCMDatanodeProtocolServer (SCMDatanodeProtocolServer.java:start(193)) - ScmDatanodeProtocol RPC server for DataNodes is listening at /0.0.0.0:41617
2023-02-28 04:32:10,896 [IPC Server Responder] INFO  ipc.Server (Server.java:run(1512)) - IPC Server Responder: starting
2023-02-28 04:32:10,896 [IPC Server listener on 0] INFO  ipc.Server (Server.java:run(1352)) - IPC Server listener on 0: starting
2023-02-28 04:32:10,912 [org.apache.hadoop.util.JvmPauseMonitor$Monitor@57859e2c] INFO  util.JvmPauseMonitor (JvmPauseMonitor.java:run(188)) - Starting JVM pause monitor
2023-02-28 04:32:10,923 [Listener at 0.0.0.0/43815] INFO  http.BaseHttpServer (BaseHttpServer.java:newHttpServer2BuilderForOzone(213)) - Starting Web-server for scm at: http://0.0.0.0:0
2023-02-28 04:32:10,923 [Listener at 0.0.0.0/43815] INFO  http.BaseHttpServer (BaseHttpServer.java:<init>(108)) - Hadoop Security Enabled: false Ozone Security Enabled: false Ozone HTTP Security Enabled: false 
2023-02-28 04:32:10,953 [Listener at 0.0.0.0/43815] INFO  util.log (Log.java:initialized(170)) - Logging initialized @4129ms to org.eclipse.jetty.util.log.Slf4jLog
2023-02-28 04:32:11,049 [Listener at 0.0.0.0/43815] WARN  server.AuthenticationFilter (AuthenticationFilter.java:constructSecretProvider(240)) - Unable to initialize FileSignerSecretProvider, falling back to use random secrets. Reason: Could not read signature secret file: /home/runner/hadoop-http-auth-signature-secret
2023-02-28 04:32:11,056 [Listener at 0.0.0.0/43815] WARN  http.HttpRequestLog (HttpRequestLog.java:getRequestLog(103)) - Jetty request log can only be enabled using Log4j
2023-02-28 04:32:11,064 [Listener at 0.0.0.0/43815] INFO  http.HttpServer2 (HttpServer2.java:addGlobalFilter(1031)) - Added global filter 'safety' (class=org.apache.hadoop.hdds.server.http.HttpServer2$QuotingInputFilter)
2023-02-28 04:32:11,069 [Listener at 0.0.0.0/43815] INFO  http.HttpServer2 (HttpServer2.java:addFilter(1007)) - Added filter static_user_filter (class=org.apache.hadoop.http.lib.StaticUserWebFilter$StaticUserFilter) to context scm
2023-02-28 04:32:11,069 [Listener at 0.0.0.0/43815] INFO  http.HttpServer2 (HttpServer2.java:addFilter(1015)) - Added filter static_user_filter (class=org.apache.hadoop.http.lib.StaticUserWebFilter$StaticUserFilter) to context logs
2023-02-28 04:32:11,070 [Listener at 0.0.0.0/43815] INFO  http.HttpServer2 (HttpServer2.java:addFilter(1015)) - Added filter static_user_filter (class=org.apache.hadoop.http.lib.StaticUserWebFilter$StaticUserFilter) to context static
2023-02-28 04:32:11,109 [Listener at 0.0.0.0/43815] INFO  http.HttpServer2 (HttpServer2.java:bindListener(1250)) - Jetty bound to port 35233
2023-02-28 04:32:11,111 [Listener at 0.0.0.0/43815] INFO  server.Server (Server.java:doStart(375)) - jetty-9.4.49.v20220914; built: 2022-09-14T01:07:36.601Z; git: 4231a3b2e4cb8548a412a789936d640a97b1aa0a; jvm 1.8.0_362-b09
2023-02-28 04:32:11,148 [Listener at 0.0.0.0/43815] INFO  server.session (DefaultSessionIdManager.java:doStart(334)) - DefaultSessionIdManager workerName=node0
2023-02-28 04:32:11,149 [Listener at 0.0.0.0/43815] INFO  server.session (DefaultSessionIdManager.java:doStart(339)) - No SessionScavenger set, using defaults
2023-02-28 04:32:11,150 [Listener at 0.0.0.0/43815] INFO  server.session (HouseKeeper.java:startScavenging(132)) - node0 Scavenging every 600000ms
2023-02-28 04:32:11,163 [Listener at 0.0.0.0/43815] INFO  handler.ContextHandler (ContextHandler.java:doStart(921)) - Started o.e.j.s.ServletContextHandler@52f71d2{logs,/logs,file:///home/runner/work/ozone/ozone/hadoop-ozone/integration-test/target/log,AVAILABLE}
2023-02-28 04:32:11,164 [Listener at 0.0.0.0/43815] INFO  handler.ContextHandler (ContextHandler.java:doStart(921)) - Started o.e.j.s.ServletContextHandler@65cf8da0{static,/static,file:///home/runner/work/ozone/ozone/hadoop-ozone/integration-test/target/test-classes/webapps/static,AVAILABLE}
2023-02-28 04:32:11,203 [Listener at 0.0.0.0/43815] INFO  handler.ContextHandler (ContextHandler.java:doStart(921)) - Started o.e.j.w.WebAppContext@7d5176d6{scm,/,file:///home/runner/work/ozone/ozone/hadoop-ozone/integration-test/target/test-classes/webapps/scm/,AVAILABLE}{file:/home/runner/work/ozone/ozone/hadoop-ozone/integration-test/target/test-classes/webapps/scm}
2023-02-28 04:32:11,211 [Listener at 0.0.0.0/43815] INFO  server.AbstractConnector (AbstractConnector.java:doStart(333)) - Started ServerConnector@648bfebe{HTTP/1.1, (http/1.1)}{0.0.0.0:35233}
2023-02-28 04:32:11,212 [Listener at 0.0.0.0/43815] INFO  server.Server (Server.java:doStart(415)) - Started @4388ms
2023-02-28 04:32:11,214 [Listener at 0.0.0.0/43815] INFO  impl.MetricsSinkAdapter (MetricsSinkAdapter.java:start(204)) - Sink prometheus started
2023-02-28 04:32:11,214 [Listener at 0.0.0.0/43815] INFO  impl.MetricsSystemImpl (MetricsSystemImpl.java:registerSink(305)) - Registered sink prometheus
2023-02-28 04:32:11,215 [Listener at 0.0.0.0/43815] INFO  http.BaseHttpServer (BaseHttpServer.java:updateConnectorAddress(333)) - HTTP server of scm listening at http://0.0.0.0:35233
2023-02-28 04:32:11,262 [Listener at 0.0.0.0/43815] INFO  audit.AuditLogger (AuditLogger.java:refreshDebugCmdSet(126)) - Refresh DebugCmdSet for OMAudit to [].
2023-02-28 04:32:11,329 [Listener at 0.0.0.0/43815] INFO  ha.OMHANodeDetails (OMHANodeDetails.java:loadOMHAConfig(121)) - ServiceID for OzoneManager is om-service-test1
2023-02-28 04:32:11,335 [Listener at 0.0.0.0/43815] INFO  ha.OMHANodeDetails (OMHANodeDetails.java:loadOMHAConfig(201)) - Found matching OM address with OMServiceId: om-service-test1, OMNodeId: omNode-1, RPC Address: localhost:40781 and Ratis port: 37087
2023-02-28 04:32:11,335 [Listener at 0.0.0.0/43815] INFO  ha.OMHANodeDetails (ConfUtils.java:setNodeSpecificConfigs(97)) - Setting configuration key ozone.om.http-address with value of key ozone.om.http-address.om-service-test1.omNode-1: 127.0.0.1:37941
2023-02-28 04:32:11,335 [Listener at 0.0.0.0/43815] INFO  ha.OMHANodeDetails (ConfUtils.java:setNodeSpecificConfigs(97)) - Setting configuration key ozone.om.https-address with value of key ozone.om.https-address.om-service-test1.omNode-1: 127.0.0.1:41297
2023-02-28 04:32:11,336 [Listener at 0.0.0.0/43815] INFO  ha.OMHANodeDetails (ConfUtils.java:setNodeSpecificConfigs(97)) - Setting configuration key ozone.om.address with value of key ozone.om.address.om-service-test1.omNode-1: 127.0.0.1:40781
2023-02-28 04:32:11,336 [Listener at 0.0.0.0/43815] WARN  server.ServerUtils (ServerUtils.java:getDBPath(225)) - ozone.om.db.dirs is not configured. We recommend adding this setting. Falling back to ozone.metadata.dirs instead.
2023-02-28 04:32:11,346 [Listener at 0.0.0.0/43815] INFO  proxy.SCMBlockLocationFailoverProxyProvider (SCMBlockLocationFailoverProxyProvider.java:<init>(114)) - Created block location fail-over proxy with 1 nodes: [nodeId=scmNodeId,nodeAddress=/0.0.0.0:37531]
OM initialization succeeded.Current cluster id for sd=/home/runner/work/ozone/ozone/hadoop-ozone/integration-test/target/test-dir/MiniOzoneClusterImpl-f9e21395-1bcf-40d4-8edb-6f91c23aa5c2/omNode-1/om;cid=f9e21395-1bcf-40d4-8edb-6f91c23aa5c2;layoutVersion=3
2023-02-28 04:32:11,586 [Listener at 0.0.0.0/43815] INFO  ha.OMHANodeDetails (OMHANodeDetails.java:loadOMHAConfig(121)) - ServiceID for OzoneManager is om-service-test1
2023-02-28 04:32:11,587 [Listener at 0.0.0.0/43815] INFO  ha.OMHANodeDetails (OMHANodeDetails.java:loadOMHAConfig(201)) - Found matching OM address with OMServiceId: om-service-test1, OMNodeId: omNode-1, RPC Address: localhost:40781 and Ratis port: 37087
2023-02-28 04:32:11,588 [Listener at 0.0.0.0/43815] INFO  ha.OMHANodeDetails (ConfUtils.java:setNodeSpecificConfigs(97)) - Setting configuration key ozone.om.http-address with value of key ozone.om.http-address.om-service-test1.omNode-1: 127.0.0.1:37941
2023-02-28 04:32:11,588 [Listener at 0.0.0.0/43815] INFO  ha.OMHANodeDetails (ConfUtils.java:setNodeSpecificConfigs(97)) - Setting configuration key ozone.om.https-address with value of key ozone.om.https-address.om-service-test1.omNode-1: 127.0.0.1:41297
2023-02-28 04:32:11,588 [Listener at 0.0.0.0/43815] INFO  ha.OMHANodeDetails (ConfUtils.java:setNodeSpecificConfigs(97)) - Setting configuration key ozone.om.address with value of key ozone.om.address.om-service-test1.omNode-1: 127.0.0.1:40781
2023-02-28 04:32:11,588 [Listener at 0.0.0.0/43815] WARN  server.ServerUtils (ServerUtils.java:getDBPath(225)) - ozone.om.db.dirs is not configured. We recommend adding this setting. Falling back to ozone.metadata.dirs instead.
2023-02-28 04:32:11,591 [Listener at 0.0.0.0/43815] INFO  upgrade.AbstractLayoutVersionManager (AbstractLayoutVersionManager.java:init(83)) - Initializing Layout version manager with metadata layout = MULTITENANCY_SCHEMA (version = 3), software layout = MULTITENANCY_SCHEMA (version = 3)
2023-02-28 04:32:11,691 [Listener at 0.0.0.0/43815] INFO  reflections.Reflections (Reflections.java:scan(232)) - Reflections took 95 ms to scan 2 urls, producing 167 keys and 459 values [using 2 cores]
2023-02-28 04:32:11,695 [Listener at 0.0.0.0/43815] INFO  upgrade.OMLayoutVersionManager (OMLayoutVersionManager.java:lambda$0(115)) - Skipping Upgrade Action MockOmUpgradeAction since it has been finalized.
2023-02-28 04:32:11,696 [Listener at 0.0.0.0/43815] WARN  server.ServerUtils (ServerUtils.java:getDBPath(225)) - ozone.om.db.dirs is not configured. We recommend adding this setting. Falling back to ozone.metadata.dirs instead.
2023-02-28 04:32:11,852 [Listener at 0.0.0.0/43815] INFO  proxy.SCMBlockLocationFailoverProxyProvider (SCMBlockLocationFailoverProxyProvider.java:<init>(114)) - Created block location fail-over proxy with 1 nodes: [nodeId=scmNodeId,nodeAddress=/0.0.0.0:37531]
2023-02-28 04:32:11,866 [Listener at 0.0.0.0/43815] INFO  proxy.SCMBlockLocationFailoverProxyProvider (SCMBlockLocationFailoverProxyProvider.java:<init>(114)) - Created block location fail-over proxy with 1 nodes: [nodeId=scmNodeId,nodeAddress=/0.0.0.0:37531]
2023-02-28 04:32:11,902 [Listener at 0.0.0.0/43815] INFO  om.OzoneManager (OzoneManager.java:<init>(618)) - OM start with adminUsers: [runner]
2023-02-28 04:32:11,915 [Listener at 0.0.0.0/43815] WARN  server.ServerUtils (ServerUtils.java:getDBPath(225)) - ozone.om.db.dirs is not configured. We recommend adding this setting. Falling back to ozone.metadata.dirs instead.
2023-02-28 04:32:11,921 [Listener at 0.0.0.0/43815] INFO  codec.OmKeyInfoCodec (OmKeyInfoCodec.java:<init>(49)) - OmKeyInfoCodec ignorePipeline = true
2023-02-28 04:32:11,923 [Listener at 0.0.0.0/43815] INFO  codec.RepeatedOmKeyInfoCodec (RepeatedOmKeyInfoCodec.java:<init>(41)) - RepeatedOmKeyInfoCodec ignorePipeline = true
2023-02-28 04:32:12,119 [Listener at 0.0.0.0/43815] INFO  om.OzoneManager (OzoneManager.java:instantiateServices(748)) - S3 Multi-Tenancy is disabled
2023-02-28 04:32:12,148 [Listener at 0.0.0.0/43815] WARN  server.ServerUtils (ServerUtils.java:getDBPath(225)) - ozone.om.snapshot.diff.db.dir is not configured. We recommend adding this setting. Falling back to ozone.metadata.dirs instead.
2023-02-28 04:32:12,223 [Listener at 0.0.0.0/43815] INFO  om.OzoneManager (OzoneManager.java:addS3GVolumeToDB(4215)) - Created Volume s3v With Owner runner required for S3Gateway operations.
2023-02-28 04:32:12,276 [Listener at 0.0.0.0/43815] WARN  server.ServerUtils (ServerUtils.java:getDefaultRatisDirectory(237)) - Storage directory for Ratis is not configured. It is a good idea to map this to an SSD disk. Falling back to ozone.metadata.dirs
2023-02-28 04:32:12,277 [Listener at 0.0.0.0/43815] WARN  utils.OzoneManagerRatisUtils (OzoneManagerRatisUtils.java:getOMRatisSnapshotDirectory(436)) - ozone.om.ratis.snapshot.dir is not configured. Falling back to ozone.metadata.dirs config
2023-02-28 04:32:12,288 [Listener at 0.0.0.0/43815] INFO  snapshot.OzoneManagerSnapshotProvider (OzoneManagerSnapshotProvider.java:<init>(76)) - Initializing OM Snapshot Provider
2023-02-28 04:32:12,422 [Listener at 0.0.0.0/43815] WARN  server.ServerUtils (ServerUtils.java:getDefaultRatisDirectory(237)) - Storage directory for Ratis is not configured. It is a good idea to map this to an SSD disk. Falling back to ozone.metadata.dirs
2023-02-28 04:32:12,462 [Listener at 0.0.0.0/43815] INFO  ratis.OzoneManagerRatisServer (OzoneManagerRatisServer.java:<init>(164)) - Instantiating OM Ratis server with groupID: om-service-test1 and peers: localhost:37087, localhost:42259, localhost:39895
2023-02-28 04:32:12,471 [Listener at 0.0.0.0/43815] INFO  ratis.OzoneManagerStateMachine (OzoneManagerStateMachine.java:loadSnapshotInfoFromDB(636)) - LastAppliedIndex is set from TransactionInfo from OM DB as (t:0, i:~)
2023-02-28 04:32:12,528 [Listener at 0.0.0.0/43815] INFO  server.RaftServer (ConfUtils.java:logGet(46)) - raft.rpc.type = GRPC (default)
2023-02-28 04:32:12,597 [Listener at 0.0.0.0/43815] INFO  grpc.GrpcConfigKeys (ConfUtils.java:logFallback(53)) - raft.grpc.admin.host = null (fallback to raft.grpc.server.host)
2023-02-28 04:32:12,599 [Listener at 0.0.0.0/43815] INFO  grpc.GrpcConfigKeys (ConfUtils.java:logFallback(53)) - raft.grpc.admin.port = 37087 (fallback to raft.grpc.server.port)
2023-02-28 04:32:12,601 [Listener at 0.0.0.0/43815] INFO  grpc.GrpcConfigKeys (ConfUtils.java:logFallback(53)) - raft.grpc.client.host = null (fallback to raft.grpc.server.host)
2023-02-28 04:32:12,602 [Listener at 0.0.0.0/43815] INFO  grpc.GrpcConfigKeys (ConfUtils.java:logFallback(53)) - raft.grpc.client.port = 37087 (fallback to raft.grpc.server.port)
2023-02-28 04:32:12,602 [Listener at 0.0.0.0/43815] INFO  grpc.GrpcConfigKeys (ConfUtils.java:logGet(46)) - raft.grpc.server.host = null (default)
2023-02-28 04:32:12,603 [Listener at 0.0.0.0/43815] INFO  grpc.GrpcConfigKeys (ConfUtils.java:logGet(46)) - raft.grpc.server.port = 37087 (custom)
2023-02-28 04:32:12,604 [Listener at 0.0.0.0/43815] INFO  server.GrpcService (ConfUtils.java:logGet(46)) - raft.grpc.message.size.max = 33554432 (custom)
2023-02-28 04:32:12,607 [Listener at 0.0.0.0/43815] INFO  server.RaftServerConfigKeys (ConfUtils.java:logGet(46)) - raft.server.log.appender.buffer.byte-limit = 33554432 (custom)
2023-02-28 04:32:12,608 [Listener at 0.0.0.0/43815] INFO  server.GrpcService (ConfUtils.java:logGet(46)) - raft.grpc.flow.control.window = 1MB (=1048576) (default)
2023-02-28 04:32:12,608 [Listener at 0.0.0.0/43815] INFO  server.RaftServerConfigKeys (ConfUtils.java:logGet(46)) - raft.server.rpc.request.timeout = 3000ms (default)
2023-02-28 04:32:12,619 [Listener at 0.0.0.0/43815] INFO  grpc.GrpcConfigKeys (ConfUtils.java:logGet(46)) - raft.grpc.server.heartbeat.channel = true (default)
2023-02-28 04:32:12,623 [Listener at 0.0.0.0/43815] INFO  grpc.GrpcConfigKeys (ConfUtils.java:logGet(46)) - raft.grpc.server.async.request.thread.pool.cached = true (default)
2023-02-28 04:32:12,625 [Listener at 0.0.0.0/43815] INFO  grpc.GrpcConfigKeys (ConfUtils.java:logGet(46)) - raft.grpc.server.async.request.thread.pool.size = 32 (default)
2023-02-28 04:32:12,824 [Listener at 0.0.0.0/43815] INFO  impl.DataStreamServerImpl (ConfUtils.java:logGet(46)) - raft.datastream.type = DISABLED (default)
2023-02-28 04:32:12,827 [Listener at 0.0.0.0/43815] INFO  server.RaftServerConfigKeys (ConfUtils.java:logGet(46)) - raft.server.threadpool.proxy.cached = true (default)
2023-02-28 04:32:12,827 [Listener at 0.0.0.0/43815] INFO  server.RaftServerConfigKeys (ConfUtils.java:logGet(46)) - raft.server.threadpool.proxy.size = 0 (default)
2023-02-28 04:32:12,828 [Listener at 0.0.0.0/43815] INFO  server.RaftServerConfigKeys (ConfUtils.java:logGet(46)) - raft.server.rpc.slowness.timeout = 2s (custom)
2023-02-28 04:32:12,829 [Listener at 0.0.0.0/43815] INFO  server.RaftServerConfigKeys (ConfUtils.java:logGet(46)) - raft.server.leaderelection.leader.step-down.wait-time = 10s (default)
2023-02-28 04:32:12,838 [Listener at 0.0.0.0/43815] INFO  server.RaftServerConfigKeys (ConfUtils.java:logGet(46)) - raft.server.storage.dir = [/home/runner/work/ozone/ozone/hadoop-ozone/integration-test/target/test-dir/MiniOzoneClusterImpl-f9e21395-1bcf-40d4-8edb-6f91c23aa5c2/omNode-1/ratis] (custom)
2023-02-28 04:32:12,861 [Listener at 0.0.0.0/43815] INFO  server.RaftServer (RaftServerProxy.java:addNew(96)) - omNode-1: addNew group-523986131536:[omNode-3|rpc:localhost:42259|priority:0|startupRole:FOLLOWER, omNode-1|rpc:localhost:37087|priority:0|startupRole:FOLLOWER, omNode-2|rpc:localhost:39895|priority:0|startupRole:FOLLOWER] returns group-523986131536:java.util.concurrent.CompletableFuture@2a063e1a[Not completed]
2023-02-28 04:32:12,861 [Listener at 0.0.0.0/43815] INFO  om.OzoneManager (OzoneManager.java:initializeRatisServer(2094)) - OzoneManager Ratis server initialized at port 37087
2023-02-28 04:32:12,866 [Listener at 0.0.0.0/43815] INFO  om.OzoneManager (OzoneManager.java:getRpcServer(1131)) - Creating RPC Server
2023-02-28 04:32:12,891 [pool-56-thread-1] INFO  server.RaftServer$Division (RaftServerImpl.java:<init>(195)) - omNode-1: new RaftServerImpl for group-523986131536:[omNode-3|rpc:localhost:42259|priority:0|startupRole:FOLLOWER, omNode-1|rpc:localhost:37087|priority:0|startupRole:FOLLOWER, omNode-2|rpc:localhost:39895|priority:0|startupRole:FOLLOWER] with OzoneManagerStateMachine:uninitialized
2023-02-28 04:32:12,893 [pool-56-thread-1] INFO  server.RaftServerConfigKeys (ConfUtils.java:logGet(46)) - raft.server.rpc.timeout.min = 1s (custom)
2023-02-28 04:32:12,894 [pool-56-thread-1] INFO  server.RaftServerConfigKeys (ConfUtils.java:logGet(46)) - raft.server.rpc.timeout.max = 1200ms (custom)
2023-02-28 04:32:12,894 [pool-56-thread-1] INFO  server.RaftServerConfigKeys (ConfUtils.java:logGet(46)) - raft.server.rpc.sleep.time = 25ms (default)
2023-02-28 04:32:12,894 [pool-56-thread-1] INFO  server.RaftServerConfigKeys (ConfUtils.java:logGet(46)) - raft.server.rpc.slowness.timeout = 2s (custom)
2023-02-28 04:32:12,894 [pool-56-thread-1] INFO  server.RaftServerConfigKeys (ConfUtils.java:logGet(46)) - raft.server.leaderelection.leader.step-down.wait-time = 10s (default)
2023-02-28 04:32:12,894 [pool-56-thread-1] INFO  server.RaftServerConfigKeys (ConfUtils.java:logGet(46)) - raft.server.sleep.deviation.threshold = 300ms (default)
2023-02-28 04:32:12,914 [pool-56-thread-1] INFO  server.RaftServer$Division (ServerState.java:<init>(118)) - omNode-1@group-523986131536: ConfigurationManager, init=-1: peers:[omNode-3|rpc:localhost:42259|priority:0|startupRole:FOLLOWER, omNode-1|rpc:localhost:37087|priority:0|startupRole:FOLLOWER, omNode-2|rpc:localhost:39895|priority:0|startupRole:FOLLOWER]|listeners:[], old=null, confs=<EMPTY_MAP>
2023-02-28 04:32:12,914 [pool-56-thread-1] INFO  server.RaftServerConfigKeys (ConfUtils.java:logGet(46)) - raft.server.storage.dir = [/home/runner/work/ozone/ozone/hadoop-ozone/integration-test/target/test-dir/MiniOzoneClusterImpl-f9e21395-1bcf-40d4-8edb-6f91c23aa5c2/omNode-1/ratis] (custom)
2023-02-28 04:32:12,926 [pool-56-thread-1] INFO  server.RaftServerConfigKeys (ConfUtils.java:logGet(46)) - raft.server.log.corruption.policy = EXCEPTION (default)
2023-02-28 04:32:12,927 [pool-56-thread-1] INFO  server.RaftServerConfigKeys (ConfUtils.java:logGet(46)) - raft.server.storage.free-space.min = 0MB (=0) (default)
2023-02-28 04:32:12,944 [pool-56-thread-1] INFO  server.RaftServerConfigKeys (ConfUtils.java:logGet(46)) - raft.server.notification.no-leader.timeout = 2s (custom)
2023-02-28 04:32:12,947 [pool-56-thread-1] INFO  server.RaftServerConfigKeys (ConfUtils.java:logGet(46)) - raft.server.retrycache.expirytime = 300s (custom)
2023-02-28 04:32:12,947 [pool-56-thread-1] INFO  server.RaftServerConfigKeys (ConfUtils.java:logGet(46)) - raft.server.retrycache.statistics.expirytime = 100μs (default)
2023-02-28 04:32:13,128 [pool-56-thread-1] INFO  server.RaftServerConfigKeys (ConfUtils.java:logGet(46)) - raft.server.log.appender.install.snapshot.enabled = false (custom)
2023-02-28 04:32:13,128 [pool-56-thread-1] INFO  server.RaftServerConfigKeys (ConfUtils.java:logGet(46)) - raft.server.threadpool.server.cached = true (default)
2023-02-28 04:32:13,129 [pool-56-thread-1] INFO  server.RaftServerConfigKeys (ConfUtils.java:logGet(46)) - raft.server.threadpool.server.size = 0 (default)
2023-02-28 04:32:13,129 [pool-56-thread-1] INFO  server.RaftServerConfigKeys (ConfUtils.java:logGet(46)) - raft.server.threadpool.client.cached = true (default)
2023-02-28 04:32:13,129 [pool-56-thread-1] INFO  server.RaftServerConfigKeys (ConfUtils.java:logGet(46)) - raft.server.threadpool.client.size = 0 (default)
2023-02-28 04:32:13,584 [Listener at 0.0.0.0/43815] INFO  reflections.Reflections (Reflections.java:scan(232)) - Reflections took 634 ms to scan 19 urls, producing 68 keys and 4864 values [using 2 cores]
2023-02-28 04:32:13,945 [Listener at 0.0.0.0/43815] INFO  ipc.CallQueueManager (CallQueueManager.java:<init>(90)) - Using callQueue: class java.util.concurrent.LinkedBlockingQueue, queueCapacity: 2000, scheduler: class org.apache.hadoop.ipc.DefaultRpcScheduler, ipcBackoff: false.
2023-02-28 04:32:13,946 [Socket Reader #1 for port 40781] INFO  ipc.Server (Server.java:run(1273)) - Starting Socket Reader #1 for port 40781
2023-02-28 04:32:13,984 [Listener at 127.0.0.1/40781] INFO  impl.MetricsSystemImpl (MetricsSystemImpl.java:init(158)) - OzoneManager metrics system started (again)
2023-02-28 04:32:14,001 [Listener at 127.0.0.1/40781] INFO  om.OzoneManager (OzoneManager.java:start(1551)) - OzoneManager RPC server is listening at localhost/127.0.0.1:40781
2023-02-28 04:32:14,001 [Listener at 127.0.0.1/40781] INFO  ratis.OzoneManagerRatisServer (OzoneManagerRatisServer.java:start(559)) - Starting OzoneManagerRatisServer omNode-1 at port 37087
2023-02-28 04:32:14,003 [omNode-1-impl-thread1] INFO  storage.RaftStorageDirectory (RaftStorageDirectoryImpl.java:analyzeStorage(137)) - The storage directory /home/runner/work/ozone/ozone/hadoop-ozone/integration-test/target/test-dir/MiniOzoneClusterImpl-f9e21395-1bcf-40d4-8edb-6f91c23aa5c2/omNode-1/ratis/c9bc4cf4-3bc3-3c60-a66b-523986131536 does not exist. Creating ...
2023-02-28 04:32:14,007 [omNode-1-impl-thread1] INFO  storage.RaftStorageDirectory (RaftStorageDirectoryImpl.java:tryLock(231)) - Lock on /home/runner/work/ozone/ozone/hadoop-ozone/integration-test/target/test-dir/MiniOzoneClusterImpl-f9e21395-1bcf-40d4-8edb-6f91c23aa5c2/omNode-1/ratis/c9bc4cf4-3bc3-3c60-a66b-523986131536/in_use.lock acquired by nodename 61299@fv-az467-141
2023-02-28 04:32:14,012 [omNode-1-impl-thread1] INFO  storage.RaftStorage (RaftStorageImpl.java:format(96)) - Storage directory /home/runner/work/ozone/ozone/hadoop-ozone/integration-test/target/test-dir/MiniOzoneClusterImpl-f9e21395-1bcf-40d4-8edb-6f91c23aa5c2/omNode-1/ratis/c9bc4cf4-3bc3-3c60-a66b-523986131536 has been successfully formatted.
2023-02-28 04:32:14,018 [omNode-1-impl-thread1] INFO  server.RaftServerConfigKeys (ConfUtils.java:logGet(46)) - raft.server.log.use.memory = false (default)
2023-02-28 04:32:14,025 [omNode-1-impl-thread1] INFO  server.RaftServerConfigKeys (ConfUtils.java:logGet(46)) - raft.server.log.purge.gap = 1000000 (custom)
2023-02-28 04:32:14,026 [omNode-1-impl-thread1] INFO  server.RaftServerConfigKeys (ConfUtils.java:logGet(46)) - raft.server.log.appender.buffer.byte-limit = 33554432 (custom)
2023-02-28 04:32:14,027 [omNode-1-impl-thread1] INFO  server.RaftServerConfigKeys (ConfUtils.java:logGet(46)) - raft.server.log.statemachine.data.read.timeout = 1000ms (default)
2023-02-28 04:32:14,028 [omNode-1-impl-thread1] INFO  server.RaftServerConfigKeys (ConfUtils.java:logGet(46)) - raft.server.log.purge.preservation.log.num = 0 (default)
2023-02-28 04:32:14,030 [omNode-1-impl-thread1] INFO  server.RaftServerConfigKeys (ConfUtils.java:logGet(46)) - raft.server.log.segment.size.max = 4194304 (custom)
2023-02-28 04:32:14,035 [omNode-1-impl-thread1] INFO  server.RaftServerConfigKeys (ConfUtils.java:logGet(46)) - raft.server.log.segment.cache.num.max = 2 (custom)
2023-02-28 04:32:14,036 [omNode-1-impl-thread1] INFO  server.RaftServerConfigKeys (ConfUtils.java:logGet(46)) - raft.server.log.segment.cache.size.max = 200MB (=209715200) (default)
2023-02-28 04:32:14,041 [omNode-1-impl-thread1] INFO  segmented.SegmentedRaftLogWorker (SegmentedRaftLogWorker.java:<init>(189)) - new omNode-1@group-523986131536-SegmentedRaftLogWorker for RaftStorageImpl:Storage Directory /home/runner/work/ozone/ozone/hadoop-ozone/integration-test/target/test-dir/MiniOzoneClusterImpl-f9e21395-1bcf-40d4-8edb-6f91c23aa5c2/omNode-1/ratis/c9bc4cf4-3bc3-3c60-a66b-523986131536
2023-02-28 04:32:14,042 [omNode-1-impl-thread1] INFO  server.RaftServerConfigKeys (ConfUtils.java:logGet(46)) - raft.server.log.queue.byte-limit = 64MB (=67108864) (default)
2023-02-28 04:32:14,042 [omNode-1-impl-thread1] INFO  server.RaftServerConfigKeys (ConfUtils.java:logGet(46)) - raft.server.log.queue.element-limit = 4096 (default)
2023-02-28 04:32:14,043 [omNode-1-impl-thread1] INFO  server.RaftServerConfigKeys (ConfUtils.java:logGet(46)) - raft.server.log.segment.size.max = 4194304 (custom)
2023-02-28 04:32:14,043 [omNode-1-impl-thread1] INFO  server.RaftServerConfigKeys (ConfUtils.java:logGet(46)) - raft.server.log.preallocated.size = 4194304 (custom)
2023-02-28 04:32:14,044 [omNode-1-impl-thread1] INFO  server.RaftServerConfigKeys (ConfUtils.java:logGet(46)) - raft.server.log.force.sync.num = 128 (default)
2023-02-28 04:32:14,044 [omNode-1-impl-thread1] INFO  server.RaftServerConfigKeys (ConfUtils.java:logGet(46)) - raft.server.log.statemachine.data.sync = true (default)
2023-02-28 04:32:14,044 [omNode-1-impl-thread1] INFO  server.RaftServerConfigKeys (ConfUtils.java:logGet(46)) - raft.server.log.statemachine.data.sync.timeout = 10s (default)
2023-02-28 04:32:14,045 [omNode-1-impl-thread1] INFO  server.RaftServerConfigKeys (ConfUtils.java:logGet(46)) - raft.server.log.statemachine.data.sync.timeout.retry = -1 (default)
2023-02-28 04:32:14,052 [omNode-1-impl-thread1] INFO  server.RaftServerConfigKeys (ConfUtils.java:logGet(46)) - raft.server.log.write.buffer.size = 64KB (=65536) (default)
2023-02-28 04:32:14,052 [omNode-1-impl-thread1] INFO  server.RaftServerConfigKeys (ConfUtils.java:logGet(46)) - raft.server.log.appender.buffer.byte-limit = 33554432 (custom)
2023-02-28 04:32:14,055 [omNode-1-impl-thread1] INFO  server.RaftServerConfigKeys (ConfUtils.java:logGet(46)) - raft.server.log.unsafe-flush.enabled = false (default)
2023-02-28 04:32:14,055 [omNode-1-impl-thread1] INFO  server.RaftServerConfigKeys (ConfUtils.java:logGet(46)) - raft.server.log.async-flush.enabled = false (default)
2023-02-28 04:32:14,056 [omNode-1-impl-thread1] INFO  server.RaftServerConfigKeys (ConfUtils.java:logGet(46)) - raft.server.log.statemachine.data.caching.enabled = false (default)
2023-02-28 04:32:14,061 [omNode-1-impl-thread1] INFO  segmented.SegmentedRaftLogWorker (SegmentedRaftLogWorker.java:lambda$new$0(135)) - omNode-1@group-523986131536-SegmentedRaftLogWorker: flushIndex: setUnconditionally 0 -> -1
2023-02-28 04:32:14,061 [omNode-1-impl-thread1] INFO  segmented.SegmentedRaftLogWorker (SegmentedRaftLogWorker.java:lambda$new$0(135)) - omNode-1@group-523986131536-SegmentedRaftLogWorker: safeCacheEvictIndex: setUnconditionally 0 -> -1
2023-02-28 04:32:14,062 [omNode-1-impl-thread1] INFO  server.RaftServer$Division (RaftServerImpl.java:start(334)) - omNode-1@group-523986131536: start as a follower, conf=-1: peers:[omNode-3|rpc:localhost:42259|priority:0|startupRole:FOLLOWER, omNode-1|rpc:localhost:37087|priority:0|startupRole:FOLLOWER, omNode-2|rpc:localhost:39895|priority:0|startupRole:FOLLOWER]|listeners:[], old=null
2023-02-28 04:32:14,063 [omNode-1-impl-thread1] INFO  server.RaftServer$Division (RaftServerImpl.java:setRole(321)) - omNode-1@group-523986131536: changes role from      null to FOLLOWER at term 0 for startAsFollower
2023-02-28 04:32:14,064 [omNode-1-impl-thread1] INFO  impl.RoleInfo (RoleInfo.java:updateAndGet(139)) - omNode-1: start omNode-1@group-523986131536-FollowerState
2023-02-28 04:32:14,066 [omNode-1-impl-thread1] INFO  util.JmxRegister (JmxRegister.java:tryRegister(44)) - Successfully registered JMX Bean with object name Ratis:service=RaftServer,group=group-523986131536,id=omNode-1
2023-02-28 04:32:14,067 [omNode-1-impl-thread1] INFO  server.RaftServerConfigKeys (ConfUtils.java:logGet(46)) - raft.server.snapshot.auto.trigger.enabled = true (custom)
2023-02-28 04:32:14,068 [omNode-1-impl-thread1] INFO  server.RaftServerConfigKeys (ConfUtils.java:logGet(46)) - raft.server.snapshot.auto.trigger.threshold = 400000 (default)
2023-02-28 04:32:14,068 [omNode-1-impl-thread1] INFO  server.RaftServerConfigKeys (ConfUtils.java:logGet(46)) - raft.server.snapshot.retention.file.num = -1 (default)
2023-02-28 04:32:14,068 [omNode-1-impl-thread1] INFO  server.RaftServerConfigKeys (ConfUtils.java:logGet(46)) - raft.server.log.purge.upto.snapshot.index = true (custom)
2023-02-28 04:32:14,071 [omNode-1@group-523986131536-FollowerState] INFO  server.RaftServerConfigKeys (ConfUtils.java:logFallback(53)) - raft.server.rpc.first-election.timeout.min = 1s (fallback to raft.server.rpc.timeout.min)
2023-02-28 04:32:14,071 [omNode-1@group-523986131536-FollowerState] INFO  server.RaftServerConfigKeys (ConfUtils.java:logFallback(53)) - raft.server.rpc.first-election.timeout.max = 1200ms (fallback to raft.server.rpc.timeout.max)
2023-02-28 04:32:14,073 [Listener at 127.0.0.1/40781] INFO  server.RaftServer (RaftServerProxy.java:startImpl(393)) - omNode-1: start RPC server
2023-02-28 04:32:14,114 [Listener at 127.0.0.1/40781] INFO  server.GrpcService (GrpcService.java:startImpl(262)) - omNode-1: GrpcService started, listening on 37087
2023-02-28 04:32:14,117 [Listener at 127.0.0.1/40781] INFO  om.OzoneManager (OzoneManager.java:start(1567)) - Version File has different layout version (3) than OM DB (null). That is expected if this OM has never been finalized to a newer layout version.
2023-02-28 04:32:14,119 [JvmPauseMonitor0] INFO  util.JvmPauseMonitor (JvmPauseMonitor.java:run(105)) - JvmPauseMonitor-omNode-1: Started
2023-02-28 04:32:14,140 [Listener at 127.0.0.1/40781] INFO  http.BaseHttpServer (BaseHttpServer.java:newHttpServer2BuilderForOzone(213)) - Starting Web-server for ozoneManager at: http://0.0.0.0:37941
2023-02-28 04:32:14,141 [Listener at 127.0.0.1/40781] INFO  http.BaseHttpServer (BaseHttpServer.java:<init>(108)) - Hadoop Security Enabled: false Ozone Security Enabled: false Ozone HTTP Security Enabled: false 
2023-02-28 04:32:14,142 [Listener at 127.0.0.1/40781] WARN  server.AuthenticationFilter (AuthenticationFilter.java:constructSecretProvider(240)) - Unable to initialize FileSignerSecretProvider, falling back to use random secrets. Reason: Could not read signature secret file: /home/runner/hadoop-http-auth-signature-secret
2023-02-28 04:32:14,144 [Listener at 127.0.0.1/40781] WARN  http.HttpRequestLog (HttpRequestLog.java:getRequestLog(103)) - Jetty request log can only be enabled using Log4j
2023-02-28 04:32:14,145 [Listener at 127.0.0.1/40781] INFO  http.HttpServer2 (HttpServer2.java:addGlobalFilter(1031)) - Added global filter 'safety' (class=org.apache.hadoop.hdds.server.http.HttpServer2$QuotingInputFilter)
2023-02-28 04:32:14,146 [Listener at 127.0.0.1/40781] INFO  http.HttpServer2 (HttpServer2.java:addFilter(1007)) - Added filter static_user_filter (class=org.apache.hadoop.http.lib.StaticUserWebFilter$StaticUserFilter) to context ozoneManager
2023-02-28 04:32:14,146 [Listener at 127.0.0.1/40781] INFO  http.HttpServer2 (HttpServer2.java:addFilter(1015)) - Added filter static_user_filter (class=org.apache.hadoop.http.lib.StaticUserWebFilter$StaticUserFilter) to context logs
2023-02-28 04:32:14,147 [Listener at 127.0.0.1/40781] INFO  http.HttpServer2 (HttpServer2.java:addFilter(1015)) - Added filter static_user_filter (class=org.apache.hadoop.http.lib.StaticUserWebFilter$StaticUserFilter) to context static
2023-02-28 04:32:14,149 [Listener at 127.0.0.1/40781] INFO  http.HttpServer2 (HttpServer2.java:bindListener(1250)) - Jetty bound to port 37941
2023-02-28 04:32:14,150 [Listener at 127.0.0.1/40781] INFO  server.Server (Server.java:doStart(375)) - jetty-9.4.49.v20220914; built: 2022-09-14T01:07:36.601Z; git: 4231a3b2e4cb8548a412a789936d640a97b1aa0a; jvm 1.8.0_362-b09
2023-02-28 04:32:14,159 [Listener at 127.0.0.1/40781] INFO  server.session (DefaultSessionIdManager.java:doStart(334)) - DefaultSessionIdManager workerName=node0
2023-02-28 04:32:14,159 [Listener at 127.0.0.1/40781] INFO  server.session (DefaultSessionIdManager.java:doStart(339)) - No SessionScavenger set, using defaults
2023-02-28 04:32:14,159 [Listener at 127.0.0.1/40781] INFO  server.session (HouseKeeper.java:startScavenging(132)) - node0 Scavenging every 600000ms
2023-02-28 04:32:14,160 [Listener at 127.0.0.1/40781] INFO  handler.ContextHandler (ContextHandler.java:doStart(921)) - Started o.e.j.s.ServletContextHandler@33d4ed23{logs,/logs,file:///home/runner/work/ozone/ozone/hadoop-ozone/integration-test/target/log,AVAILABLE}
2023-02-28 04:32:14,161 [Listener at 127.0.0.1/40781] INFO  handler.ContextHandler (ContextHandler.java:doStart(921)) - Started o.e.j.s.ServletContextHandler@35815f9d{static,/static,file:///home/runner/work/ozone/ozone/hadoop-ozone/integration-test/target/test-classes/webapps/static,AVAILABLE}
2023-02-28 04:32:14,164 [Listener at 127.0.0.1/40781] INFO  handler.ContextHandler (ContextHandler.java:doStart(921)) - Started o.e.j.w.WebAppContext@674c1672{ozoneManager,/,file:///home/runner/work/ozone/ozone/hadoop-ozone/integration-test/target/test-classes/webapps/ozoneManager/,AVAILABLE}{file:/home/runner/work/ozone/ozone/hadoop-ozone/integration-test/target/test-classes/webapps/ozoneManager}
2023-02-28 04:32:14,166 [Listener at 127.0.0.1/40781] INFO  server.AbstractConnector (AbstractConnector.java:doStart(333)) - Started ServerConnector@2ce33999{HTTP/1.1, (http/1.1)}{0.0.0.0:37941}
2023-02-28 04:32:14,167 [Listener at 127.0.0.1/40781] INFO  server.Server (Server.java:doStart(415)) - Started @7343ms
2023-02-28 04:32:14,167 [Listener at 127.0.0.1/40781] WARN  impl.MetricsSystemImpl (MetricsSystemImpl.java:register(279)) - Sink prometheus already exists!
2023-02-28 04:32:14,168 [Listener at 127.0.0.1/40781] INFO  http.BaseHttpServer (BaseHttpServer.java:updateConnectorAddress(333)) - HTTP server of ozoneManager listening at http://0.0.0.0:37941
2023-02-28 04:32:14,168 [IPC Server Responder] INFO  ipc.Server (Server.java:run(1512)) - IPC Server Responder: starting
2023-02-28 04:32:14,169 [IPC Server listener on 40781] INFO  ipc.Server (Server.java:run(1352)) - IPC Server listener on 40781: starting
2023-02-28 04:32:14,174 [Listener at 127.0.0.1/40781] INFO  om.OzoneManager (OzoneManager.java:startTrashEmptier(2038)) - Trash Interval set to 0. Files deleted won't move to trash
2023-02-28 04:32:14,176 [Listener at 127.0.0.1/40781] INFO  ozone.MiniOzoneHAClusterImpl (MiniOzoneHAClusterImpl.java:createOMService(527)) - Started OzoneManager omNode-1 RPC server at localhost/127.0.0.1:40781
2023-02-28 04:32:14,177 [Listener at 127.0.0.1/40781] INFO  ha.OMHANodeDetails (OMHANodeDetails.java:loadOMHAConfig(121)) - ServiceID for OzoneManager is om-service-test1
2023-02-28 04:32:14,181 [Listener at 127.0.0.1/40781] INFO  ha.OMHANodeDetails (OMHANodeDetails.java:loadOMHAConfig(201)) - Found matching OM address with OMServiceId: om-service-test1, OMNodeId: omNode-2, RPC Address: localhost:39453 and Ratis port: 39895
2023-02-28 04:32:14,181 [Listener at 127.0.0.1/40781] INFO  ha.OMHANodeDetails (ConfUtils.java:setNodeSpecificConfigs(97)) - Setting configuration key ozone.om.http-address with value of key ozone.om.http-address.om-service-test1.omNode-2: 127.0.0.1:43725
2023-02-28 04:32:14,181 [Listener at 127.0.0.1/40781] INFO  ha.OMHANodeDetails (ConfUtils.java:setNodeSpecificConfigs(97)) - Setting configuration key ozone.om.https-address with value of key ozone.om.https-address.om-service-test1.omNode-2: 127.0.0.1:45779
2023-02-28 04:32:14,181 [Listener at 127.0.0.1/40781] INFO  ha.OMHANodeDetails (ConfUtils.java:setNodeSpecificConfigs(97)) - Setting configuration key ozone.om.address with value of key ozone.om.address.om-service-test1.omNode-2: 127.0.0.1:39453
2023-02-28 04:32:14,182 [Listener at 127.0.0.1/40781] WARN  server.ServerUtils (ServerUtils.java:getDBPath(225)) - ozone.om.db.dirs is not configured. We recommend adding this setting. Falling back to ozone.metadata.dirs instead.
2023-02-28 04:32:14,183 [Listener at 127.0.0.1/40781] INFO  proxy.SCMBlockLocationFailoverProxyProvider (SCMBlockLocationFailoverProxyProvider.java:<init>(114)) - Created block location fail-over proxy with 1 nodes: [nodeId=scmNodeId,nodeAddress=/0.0.0.0:37531]
2023-02-28 04:32:14,189 [org.apache.hadoop.util.JvmPauseMonitor$Monitor@498aef62] INFO  util.JvmPauseMonitor (JvmPauseMonitor.java:run(188)) - Starting JVM pause monitor
OM initialization succeeded.Current cluster id for sd=/home/runner/work/ozone/ozone/hadoop-ozone/integration-test/target/test-dir/MiniOzoneClusterImpl-f9e21395-1bcf-40d4-8edb-6f91c23aa5c2/omNode-2/om;cid=f9e21395-1bcf-40d4-8edb-6f91c23aa5c2;layoutVersion=3
2023-02-28 04:32:14,194 [Listener at 127.0.0.1/40781] INFO  ha.OMHANodeDetails (OMHANodeDetails.java:loadOMHAConfig(121)) - ServiceID for OzoneManager is om-service-test1
2023-02-28 04:32:14,195 [Listener at 127.0.0.1/40781] INFO  ha.OMHANodeDetails (OMHANodeDetails.java:loadOMHAConfig(201)) - Found matching OM address with OMServiceId: om-service-test1, OMNodeId: omNode-2, RPC Address: localhost:39453 and Ratis port: 39895
2023-02-28 04:32:14,195 [Listener at 127.0.0.1/40781] INFO  ha.OMHANodeDetails (ConfUtils.java:setNodeSpecificConfigs(97)) - Setting configuration key ozone.om.http-address with value of key ozone.om.http-address.om-service-test1.omNode-2: 127.0.0.1:43725
2023-02-28 04:32:14,195 [Listener at 127.0.0.1/40781] INFO  ha.OMHANodeDetails (ConfUtils.java:setNodeSpecificConfigs(97)) - Setting configuration key ozone.om.https-address with value of key ozone.om.https-address.om-service-test1.omNode-2: 127.0.0.1:45779
2023-02-28 04:32:14,195 [Listener at 127.0.0.1/40781] INFO  ha.OMHANodeDetails (ConfUtils.java:setNodeSpecificConfigs(97)) - Setting configuration key ozone.om.address with value of key ozone.om.address.om-service-test1.omNode-2: 127.0.0.1:39453
2023-02-28 04:32:14,195 [Listener at 127.0.0.1/40781] WARN  server.ServerUtils (ServerUtils.java:getDBPath(225)) - ozone.om.db.dirs is not configured. We recommend adding this setting. Falling back to ozone.metadata.dirs instead.
2023-02-28 04:32:14,197 [Listener at 127.0.0.1/40781] INFO  upgrade.AbstractLayoutVersionManager (AbstractLayoutVersionManager.java:init(83)) - Initializing Layout version manager with metadata layout = MULTITENANCY_SCHEMA (version = 3), software layout = MULTITENANCY_SCHEMA (version = 3)
2023-02-28 04:32:14,266 [Listener at 127.0.0.1/40781] INFO  reflections.Reflections (Reflections.java:scan(232)) - Reflections took 68 ms to scan 2 urls, producing 167 keys and 459 values [using 2 cores]
2023-02-28 04:32:14,267 [Listener at 127.0.0.1/40781] INFO  upgrade.OMLayoutVersionManager (OMLayoutVersionManager.java:lambda$0(115)) - Skipping Upgrade Action MockOmUpgradeAction since it has been finalized.
2023-02-28 04:32:14,267 [Listener at 127.0.0.1/40781] WARN  server.ServerUtils (ServerUtils.java:getDBPath(225)) - ozone.om.db.dirs is not configured. We recommend adding this setting. Falling back to ozone.metadata.dirs instead.
2023-02-28 04:32:14,268 [Listener at 127.0.0.1/40781] INFO  proxy.SCMBlockLocationFailoverProxyProvider (SCMBlockLocationFailoverProxyProvider.java:<init>(114)) - Created block location fail-over proxy with 1 nodes: [nodeId=scmNodeId,nodeAddress=/0.0.0.0:37531]
2023-02-28 04:32:14,270 [Listener at 127.0.0.1/40781] INFO  proxy.SCMBlockLocationFailoverProxyProvider (SCMBlockLocationFailoverProxyProvider.java:<init>(114)) - Created block location fail-over proxy with 1 nodes: [nodeId=scmNodeId,nodeAddress=/0.0.0.0:37531]
2023-02-28 04:32:14,276 [Listener at 127.0.0.1/40781] INFO  om.OzoneManager (OzoneManager.java:<init>(618)) - OM start with adminUsers: [runner]
2023-02-28 04:32:14,278 [Listener at 127.0.0.1/40781] WARN  server.ServerUtils (ServerUtils.java:getDBPath(225)) - ozone.om.db.dirs is not configured. We recommend adding this setting. Falling back to ozone.metadata.dirs instead.
2023-02-28 04:32:14,278 [Listener at 127.0.0.1/40781] INFO  codec.OmKeyInfoCodec (OmKeyInfoCodec.java:<init>(49)) - OmKeyInfoCodec ignorePipeline = true
2023-02-28 04:32:14,278 [Listener at 127.0.0.1/40781] INFO  codec.RepeatedOmKeyInfoCodec (RepeatedOmKeyInfoCodec.java:<init>(41)) - RepeatedOmKeyInfoCodec ignorePipeline = true
2023-02-28 04:32:14,444 [Listener at 127.0.0.1/40781] INFO  om.OzoneManager (OzoneManager.java:instantiateServices(748)) - S3 Multi-Tenancy is disabled
2023-02-28 04:32:14,445 [Listener at 127.0.0.1/40781] WARN  server.ServerUtils (ServerUtils.java:getDBPath(225)) - ozone.om.snapshot.diff.db.dir is not configured. We recommend adding this setting. Falling back to ozone.metadata.dirs instead.
2023-02-28 04:32:14,459 [Listener at 127.0.0.1/40781] INFO  om.OzoneManager (OzoneManager.java:addS3GVolumeToDB(4215)) - Created Volume s3v With Owner runner required for S3Gateway operations.
2023-02-28 04:32:14,459 [Listener at 127.0.0.1/40781] WARN  server.ServerUtils (ServerUtils.java:getDefaultRatisDirectory(237)) - Storage directory for Ratis is not configured. It is a good idea to map this to an SSD disk. Falling back to ozone.metadata.dirs
2023-02-28 04:32:14,460 [Listener at 127.0.0.1/40781] WARN  utils.OzoneManagerRatisUtils (OzoneManagerRatisUtils.java:getOMRatisSnapshotDirectory(436)) - ozone.om.ratis.snapshot.dir is not configured. Falling back to ozone.metadata.dirs config
2023-02-28 04:32:14,460 [Listener at 127.0.0.1/40781] INFO  snapshot.OzoneManagerSnapshotProvider (OzoneManagerSnapshotProvider.java:<init>(76)) - Initializing OM Snapshot Provider
2023-02-28 04:32:14,461 [Listener at 127.0.0.1/40781] WARN  impl.MetricRegistriesImpl (MetricRegistriesImpl.java:addReporterRegistration(111)) - New reporters are added after registries were created. Some metrics will be missing from the reporter. Please add reporter before adding any new registry.
2023-02-28 04:32:14,461 [Listener at 127.0.0.1/40781] WARN  impl.MetricRegistriesImpl (MetricRegistriesImpl.java:addReporterRegistration(111)) - New reporters are added after registries were created. Some metrics will be missing from the reporter. Please add reporter before adding any new registry.
2023-02-28 04:32:14,462 [Listener at 127.0.0.1/40781] WARN  server.ServerUtils (ServerUtils.java:getDefaultRatisDirectory(237)) - Storage directory for Ratis is not configured. It is a good idea to map this to an SSD disk. Falling back to ozone.metadata.dirs
2023-02-28 04:32:14,463 [Listener at 127.0.0.1/40781] INFO  ratis.OzoneManagerRatisServer (OzoneManagerRatisServer.java:<init>(164)) - Instantiating OM Ratis server with groupID: om-service-test1 and peers: localhost:39895, localhost:42259, localhost:37087
2023-02-28 04:32:14,463 [Listener at 127.0.0.1/40781] INFO  ratis.OzoneManagerStateMachine (OzoneManagerStateMachine.java:loadSnapshotInfoFromDB(636)) - LastAppliedIndex is set from TransactionInfo from OM DB as (t:0, i:~)
2023-02-28 04:32:14,465 [Listener at 127.0.0.1/40781] INFO  server.RaftServer (ConfUtils.java:logGet(46)) - raft.rpc.type = GRPC (default)
2023-02-28 04:32:14,465 [Listener at 127.0.0.1/40781] INFO  grpc.GrpcConfigKeys (ConfUtils.java:logFallback(53)) - raft.grpc.admin.host = null (fallback to raft.grpc.server.host)
2023-02-28 04:32:14,466 [Listener at 127.0.0.1/40781] INFO  grpc.GrpcConfigKeys (ConfUtils.java:logFallback(53)) - raft.grpc.admin.port = 39895 (fallback to raft.grpc.server.port)
2023-02-28 04:32:14,466 [Listener at 127.0.0.1/40781] INFO  grpc.GrpcConfigKeys (ConfUtils.java:logFallback(53)) - raft.grpc.client.host = null (fallback to raft.grpc.server.host)
2023-02-28 04:32:14,466 [Listener at 127.0.0.1/40781] INFO  grpc.GrpcConfigKeys (ConfUtils.java:logFallback(53)) - raft.grpc.client.port = 39895 (fallback to raft.grpc.server.port)
2023-02-28 04:32:14,466 [Listener at 127.0.0.1/40781] INFO  grpc.GrpcConfigKeys (ConfUtils.java:logGet(46)) - raft.grpc.server.host = null (default)
2023-02-28 04:32:14,466 [Listener at 127.0.0.1/40781] INFO  grpc.GrpcConfigKeys (ConfUtils.java:logGet(46)) - raft.grpc.server.port = 39895 (custom)
2023-02-28 04:32:14,466 [Listener at 127.0.0.1/40781] INFO  server.GrpcService (ConfUtils.java:logGet(46)) - raft.grpc.message.size.max = 33554432 (custom)
2023-02-28 04:32:14,466 [Listener at 127.0.0.1/40781] INFO  server.RaftServerConfigKeys (ConfUtils.java:logGet(46)) - raft.server.log.appender.buffer.byte-limit = 33554432 (custom)
2023-02-28 04:32:14,466 [Listener at 127.0.0.1/40781] INFO  server.GrpcService (ConfUtils.java:logGet(46)) - raft.grpc.flow.control.window = 1MB (=1048576) (default)
2023-02-28 04:32:14,466 [Listener at 127.0.0.1/40781] INFO  server.RaftServerConfigKeys (ConfUtils.java:logGet(46)) - raft.server.rpc.request.timeout = 3000ms (default)
2023-02-28 04:32:14,467 [Listener at 127.0.0.1/40781] INFO  grpc.GrpcConfigKeys (ConfUtils.java:logGet(46)) - raft.grpc.server.heartbeat.channel = true (default)
2023-02-28 04:32:14,467 [Listener at 127.0.0.1/40781] INFO  grpc.GrpcConfigKeys (ConfUtils.java:logGet(46)) - raft.grpc.server.async.request.thread.pool.cached = true (default)
2023-02-28 04:32:14,467 [Listener at 127.0.0.1/40781] INFO  grpc.GrpcConfigKeys (ConfUtils.java:logGet(46)) - raft.grpc.server.async.request.thread.pool.size = 32 (default)
2023-02-28 04:32:14,468 [Listener at 127.0.0.1/40781] INFO  impl.DataStreamServerImpl (ConfUtils.java:logGet(46)) - raft.datastream.type = DISABLED (default)
2023-02-28 04:32:14,468 [Listener at 127.0.0.1/40781] INFO  server.RaftServerConfigKeys (ConfUtils.java:logGet(46)) - raft.server.threadpool.proxy.cached = true (default)
2023-02-28 04:32:14,468 [Listener at 127.0.0.1/40781] INFO  server.RaftServerConfigKeys (ConfUtils.java:logGet(46)) - raft.server.threadpool.proxy.size = 0 (default)
2023-02-28 04:32:14,468 [Listener at 127.0.0.1/40781] INFO  server.RaftServerConfigKeys (ConfUtils.java:logGet(46)) - raft.server.rpc.slowness.timeout = 2s (custom)
2023-02-28 04:32:14,469 [Listener at 127.0.0.1/40781] INFO  server.RaftServerConfigKeys (ConfUtils.java:logGet(46)) - raft.server.leaderelection.leader.step-down.wait-time = 10s (default)
2023-02-28 04:32:14,469 [Listener at 127.0.0.1/40781] INFO  server.RaftServerConfigKeys (ConfUtils.java:logGet(46)) - raft.server.storage.dir = [/home/runner/work/ozone/ozone/hadoop-ozone/integration-test/target/test-dir/MiniOzoneClusterImpl-f9e21395-1bcf-40d4-8edb-6f91c23aa5c2/omNode-2/ratis] (custom)
2023-02-28 04:32:14,470 [Listener at 127.0.0.1/40781] INFO  server.RaftServer (RaftServerProxy.java:addNew(96)) - omNode-2: addNew group-523986131536:[omNode-3|rpc:localhost:42259|priority:0|startupRole:FOLLOWER, omNode-1|rpc:localhost:37087|priority:0|startupRole:FOLLOWER, omNode-2|rpc:localhost:39895|priority:0|startupRole:FOLLOWER] returns group-523986131536:java.util.concurrent.CompletableFuture@272f0840[Not completed]
2023-02-28 04:32:14,470 [pool-85-thread-1] INFO  server.RaftServer$Division (RaftServerImpl.java:<init>(195)) - omNode-2: new RaftServerImpl for group-523986131536:[omNode-3|rpc:localhost:42259|priority:0|startupRole:FOLLOWER, omNode-1|rpc:localhost:37087|priority:0|startupRole:FOLLOWER, omNode-2|rpc:localhost:39895|priority:0|startupRole:FOLLOWER] with OzoneManagerStateMachine:uninitialized
2023-02-28 04:32:14,476 [pool-85-thread-1] INFO  server.RaftServerConfigKeys (ConfUtils.java:logGet(46)) - raft.server.rpc.timeout.min = 1s (custom)
2023-02-28 04:32:14,476 [pool-85-thread-1] INFO  server.RaftServerConfigKeys (ConfUtils.java:logGet(46)) - raft.server.rpc.timeout.max = 1200ms (custom)
2023-02-28 04:32:14,477 [pool-85-thread-1] INFO  server.RaftServerConfigKeys (ConfUtils.java:logGet(46)) - raft.server.rpc.sleep.time = 25ms (default)
2023-02-28 04:32:14,477 [pool-85-thread-1] INFO  server.RaftServerConfigKeys (ConfUtils.java:logGet(46)) - raft.server.rpc.slowness.timeout = 2s (custom)
2023-02-28 04:32:14,477 [pool-85-thread-1] INFO  server.RaftServerConfigKeys (ConfUtils.java:logGet(46)) - raft.server.leaderelection.leader.step-down.wait-time = 10s (default)
2023-02-28 04:32:14,477 [pool-85-thread-1] INFO  server.RaftServerConfigKeys (ConfUtils.java:logGet(46)) - raft.server.sleep.deviation.threshold = 300ms (default)
2023-02-28 04:32:14,470 [Listener at 127.0.0.1/40781] INFO  om.OzoneManager (OzoneManager.java:initializeRatisServer(2094)) - OzoneManager Ratis server initialized at port 39895
2023-02-28 04:32:14,477 [Listener at 127.0.0.1/40781] INFO  om.OzoneManager (OzoneManager.java:getRpcServer(1131)) - Creating RPC Server
2023-02-28 04:32:14,478 [pool-85-thread-1] INFO  server.RaftServer$Division (ServerState.java:<init>(118)) - omNode-2@group-523986131536: ConfigurationManager, init=-1: peers:[omNode-3|rpc:localhost:42259|priority:0|startupRole:FOLLOWER, omNode-1|rpc:localhost:37087|priority:0|startupRole:FOLLOWER, omNode-2|rpc:localhost:39895|priority:0|startupRole:FOLLOWER]|listeners:[], old=null, confs=<EMPTY_MAP>
2023-02-28 04:32:14,479 [pool-85-thread-1] INFO  server.RaftServerConfigKeys (ConfUtils.java:logGet(46)) - raft.server.storage.dir = [/home/runner/work/ozone/ozone/hadoop-ozone/integration-test/target/test-dir/MiniOzoneClusterImpl-f9e21395-1bcf-40d4-8edb-6f91c23aa5c2/omNode-2/ratis] (custom)
2023-02-28 04:32:14,479 [pool-85-thread-1] INFO  server.RaftServerConfigKeys (ConfUtils.java:logGet(46)) - raft.server.log.corruption.policy = EXCEPTION (default)
2023-02-28 04:32:14,479 [pool-85-thread-1] INFO  server.RaftServerConfigKeys (ConfUtils.java:logGet(46)) - raft.server.storage.free-space.min = 0MB (=0) (default)
2023-02-28 04:32:14,479 [pool-85-thread-1] INFO  server.RaftServerConfigKeys (ConfUtils.java:logGet(46)) - raft.server.notification.no-leader.timeout = 2s (custom)
2023-02-28 04:32:14,479 [pool-85-thread-1] INFO  server.RaftServerConfigKeys (ConfUtils.java:logGet(46)) - raft.server.retrycache.expirytime = 300s (custom)
2023-02-28 04:32:14,479 [pool-85-thread-1] INFO  server.RaftServerConfigKeys (ConfUtils.java:logGet(46)) - raft.server.retrycache.statistics.expirytime = 100μs (default)
2023-02-28 04:32:14,481 [pool-85-thread-1] INFO  server.RaftServerConfigKeys (ConfUtils.java:logGet(46)) - raft.server.log.appender.install.snapshot.enabled = false (custom)
2023-02-28 04:32:14,481 [pool-85-thread-1] INFO  server.RaftServerConfigKeys (ConfUtils.java:logGet(46)) - raft.server.threadpool.server.cached = true (default)
2023-02-28 04:32:14,483 [pool-85-thread-1] INFO  server.RaftServerConfigKeys (ConfUtils.java:logGet(46)) - raft.server.threadpool.server.size = 0 (default)
2023-02-28 04:32:14,483 [pool-85-thread-1] INFO  server.RaftServerConfigKeys (ConfUtils.java:logGet(46)) - raft.server.threadpool.client.cached = true (default)
2023-02-28 04:32:14,483 [pool-85-thread-1] INFO  server.RaftServerConfigKeys (ConfUtils.java:logGet(46)) - raft.server.threadpool.client.size = 0 (default)
2023-02-28 04:32:15,113 [Listener at 127.0.0.1/40781] INFO  reflections.Reflections (Reflections.java:scan(232)) - Reflections took 634 ms to scan 19 urls, producing 68 keys and 4864 values [using 2 cores]
2023-02-28 04:32:15,115 [Listener at 127.0.0.1/40781] INFO  ipc.CallQueueManager (CallQueueManager.java:<init>(90)) - Using callQueue: class java.util.concurrent.LinkedBlockingQueue, queueCapacity: 2000, scheduler: class org.apache.hadoop.ipc.DefaultRpcScheduler, ipcBackoff: false.
2023-02-28 04:32:15,133 [Socket Reader #1 for port 39453] INFO  ipc.Server (Server.java:run(1273)) - Starting Socket Reader #1 for port 39453
2023-02-28 04:32:15,150 [omNode-1@group-523986131536-FollowerState] INFO  impl.FollowerState (FollowerState.java:run(143)) - omNode-1@group-523986131536-FollowerState: change to CANDIDATE, lastRpcElapsedTime:1085672407ns, electionTimeout:1077ms
2023-02-28 04:32:15,151 [omNode-1@group-523986131536-FollowerState] INFO  impl.RoleInfo (RoleInfo.java:shutdownFollowerState(110)) - omNode-1: shutdown omNode-1@group-523986131536-FollowerState
2023-02-28 04:32:15,151 [omNode-1@group-523986131536-FollowerState] INFO  server.RaftServer$Division (RaftServerImpl.java:setRole(321)) - omNode-1@group-523986131536: changes role from  FOLLOWER to CANDIDATE at term 0 for changeToCandidate
2023-02-28 04:32:15,171 [Listener at 127.0.0.1/39453] INFO  impl.MetricsSystemImpl (MetricsSystemImpl.java:init(158)) - OzoneManager metrics system started (again)
2023-02-28 04:32:15,177 [omNode-1@group-523986131536-FollowerState] INFO  server.RaftServerConfigKeys (ConfUtils.java:logGet(46)) - raft.server.leaderelection.pre-vote = true (default)
2023-02-28 04:32:15,178 [omNode-1@group-523986131536-FollowerState] INFO  impl.RoleInfo (RoleInfo.java:updateAndGet(139)) - omNode-1: start omNode-1@group-523986131536-LeaderElection1
2023-02-28 04:32:15,189 [omNode-1@group-523986131536-LeaderElection1] INFO  impl.LeaderElection (LeaderElection.java:askForVotes(312)) - omNode-1@group-523986131536-LeaderElection1 PRE_VOTE round 0: submit vote requests at term 0 for -1: peers:[omNode-3|rpc:localhost:42259|priority:0|startupRole:FOLLOWER, omNode-1|rpc:localhost:37087|priority:0|startupRole:FOLLOWER, omNode-2|rpc:localhost:39895|priority:0|startupRole:FOLLOWER]|listeners:[], old=null
2023-02-28 04:32:15,204 [Listener at 127.0.0.1/39453] INFO  om.OzoneManager (OzoneManager.java:start(1551)) - OzoneManager RPC server is listening at localhost/127.0.0.1:39453
2023-02-28 04:32:15,204 [Listener at 127.0.0.1/39453] INFO  ratis.OzoneManagerRatisServer (OzoneManagerRatisServer.java:start(559)) - Starting OzoneManagerRatisServer omNode-2 at port 39895
2023-02-28 04:32:15,205 [omNode-2-impl-thread1] INFO  storage.RaftStorageDirectory (RaftStorageDirectoryImpl.java:analyzeStorage(137)) - The storage directory /home/runner/work/ozone/ozone/hadoop-ozone/integration-test/target/test-dir/MiniOzoneClusterImpl-f9e21395-1bcf-40d4-8edb-6f91c23aa5c2/omNode-2/ratis/c9bc4cf4-3bc3-3c60-a66b-523986131536 does not exist. Creating ...
2023-02-28 04:32:15,207 [omNode-2-impl-thread1] INFO  storage.RaftStorageDirectory (RaftStorageDirectoryImpl.java:tryLock(231)) - Lock on /home/runner/work/ozone/ozone/hadoop-ozone/integration-test/target/test-dir/MiniOzoneClusterImpl-f9e21395-1bcf-40d4-8edb-6f91c23aa5c2/omNode-2/ratis/c9bc4cf4-3bc3-3c60-a66b-523986131536/in_use.lock acquired by nodename 61299@fv-az467-141
2023-02-28 04:32:15,209 [omNode-2-impl-thread1] INFO  storage.RaftStorage (RaftStorageImpl.java:format(96)) - Storage directory /home/runner/work/ozone/ozone/hadoop-ozone/integration-test/target/test-dir/MiniOzoneClusterImpl-f9e21395-1bcf-40d4-8edb-6f91c23aa5c2/omNode-2/ratis/c9bc4cf4-3bc3-3c60-a66b-523986131536 has been successfully formatted.
2023-02-28 04:32:15,213 [omNode-2-impl-thread1] INFO  server.RaftServerConfigKeys (ConfUtils.java:logGet(46)) - raft.server.log.use.memory = false (default)
2023-02-28 04:32:15,214 [omNode-2-impl-thread1] INFO  server.RaftServerConfigKeys (ConfUtils.java:logGet(46)) - raft.server.log.purge.gap = 1000000 (custom)
2023-02-28 04:32:15,214 [omNode-2-impl-thread1] INFO  server.RaftServerConfigKeys (ConfUtils.java:logGet(46)) - raft.server.log.appender.buffer.byte-limit = 33554432 (custom)
2023-02-28 04:32:15,214 [omNode-2-impl-thread1] INFO  server.RaftServerConfigKeys (ConfUtils.java:logGet(46)) - raft.server.log.statemachine.data.read.timeout = 1000ms (default)
2023-02-28 04:32:15,214 [omNode-2-impl-thread1] INFO  server.RaftServerConfigKeys (ConfUtils.java:logGet(46)) - raft.server.log.purge.preservation.log.num = 0 (default)
2023-02-28 04:32:15,214 [omNode-2-impl-thread1] INFO  server.RaftServerConfigKeys (ConfUtils.java:logGet(46)) - raft.server.log.segment.size.max = 4194304 (custom)
2023-02-28 04:32:15,214 [omNode-2-impl-thread1] INFO  server.RaftServerConfigKeys (ConfUtils.java:logGet(46)) - raft.server.log.segment.cache.num.max = 2 (custom)
2023-02-28 04:32:15,215 [omNode-2-impl-thread1] INFO  server.RaftServerConfigKeys (ConfUtils.java:logGet(46)) - raft.server.log.segment.cache.size.max = 200MB (=209715200) (default)
2023-02-28 04:32:15,215 [omNode-2-impl-thread1] INFO  segmented.SegmentedRaftLogWorker (SegmentedRaftLogWorker.java:<init>(189)) - new omNode-2@group-523986131536-SegmentedRaftLogWorker for RaftStorageImpl:Storage Directory /home/runner/work/ozone/ozone/hadoop-ozone/integration-test/target/test-dir/MiniOzoneClusterImpl-f9e21395-1bcf-40d4-8edb-6f91c23aa5c2/omNode-2/ratis/c9bc4cf4-3bc3-3c60-a66b-523986131536
2023-02-28 04:32:15,216 [omNode-2-impl-thread1] INFO  server.RaftServerConfigKeys (ConfUtils.java:logGet(46)) - raft.server.log.queue.byte-limit = 64MB (=67108864) (default)
2023-02-28 04:32:15,216 [omNode-2-impl-thread1] INFO  server.RaftServerConfigKeys (ConfUtils.java:logGet(46)) - raft.server.log.queue.element-limit = 4096 (default)
2023-02-28 04:32:15,216 [omNode-2-impl-thread1] INFO  server.RaftServerConfigKeys (ConfUtils.java:logGet(46)) - raft.server.log.segment.size.max = 4194304 (custom)
2023-02-28 04:32:15,216 [omNode-2-impl-thread1] INFO  server.RaftServerConfigKeys (ConfUtils.java:logGet(46)) - raft.server.log.preallocated.size = 4194304 (custom)
2023-02-28 04:32:15,216 [omNode-2-impl-thread1] INFO  server.RaftServerConfigKeys (ConfUtils.java:logGet(46)) - raft.server.log.force.sync.num = 128 (default)
2023-02-28 04:32:15,216 [omNode-2-impl-thread1] INFO  server.RaftServerConfigKeys (ConfUtils.java:logGet(46)) - raft.server.log.statemachine.data.sync = true (default)
2023-02-28 04:32:15,216 [omNode-2-impl-thread1] INFO  server.RaftServerConfigKeys (ConfUtils.java:logGet(46)) - raft.server.log.statemachine.data.sync.timeout = 10s (default)
2023-02-28 04:32:15,216 [omNode-2-impl-thread1] INFO  server.RaftServerConfigKeys (ConfUtils.java:logGet(46)) - raft.server.log.statemachine.data.sync.timeout.retry = -1 (default)
2023-02-28 04:32:15,217 [omNode-2-impl-thread1] INFO  server.RaftServerConfigKeys (ConfUtils.java:logGet(46)) - raft.server.log.write.buffer.size = 64KB (=65536) (default)
2023-02-28 04:32:15,217 [omNode-2-impl-thread1] INFO  server.RaftServerConfigKeys (ConfUtils.java:logGet(46)) - raft.server.log.appender.buffer.byte-limit = 33554432 (custom)
2023-02-28 04:32:15,220 [omNode-2-impl-thread1] INFO  server.RaftServerConfigKeys (ConfUtils.java:logGet(46)) - raft.server.log.unsafe-flush.enabled = false (default)
2023-02-28 04:32:15,220 [omNode-2-impl-thread1] INFO  server.RaftServerConfigKeys (ConfUtils.java:logGet(46)) - raft.server.log.async-flush.enabled = false (default)
2023-02-28 04:32:15,220 [omNode-2-impl-thread1] INFO  server.RaftServerConfigKeys (ConfUtils.java:logGet(46)) - raft.server.log.statemachine.data.caching.enabled = false (default)
2023-02-28 04:32:15,221 [omNode-2-impl-thread1] INFO  segmented.SegmentedRaftLogWorker (SegmentedRaftLogWorker.java:lambda$new$0(135)) - omNode-2@group-523986131536-SegmentedRaftLogWorker: flushIndex: setUnconditionally 0 -> -1
2023-02-28 04:32:15,221 [omNode-2-impl-thread1] INFO  segmented.SegmentedRaftLogWorker (SegmentedRaftLogWorker.java:lambda$new$0(135)) - omNode-2@group-523986131536-SegmentedRaftLogWorker: safeCacheEvictIndex: setUnconditionally 0 -> -1
2023-02-28 04:32:15,221 [omNode-2-impl-thread1] INFO  server.RaftServer$Division (RaftServerImpl.java:start(334)) - omNode-2@group-523986131536: start as a follower, conf=-1: peers:[omNode-3|rpc:localhost:42259|priority:0|startupRole:FOLLOWER, omNode-1|rpc:localhost:37087|priority:0|startupRole:FOLLOWER, omNode-2|rpc:localhost:39895|priority:0|startupRole:FOLLOWER]|listeners:[], old=null
2023-02-28 04:32:15,221 [omNode-2-impl-thread1] INFO  server.RaftServer$Division (RaftServerImpl.java:setRole(321)) - omNode-2@group-523986131536: changes role from      null to FOLLOWER at term 0 for startAsFollower
2023-02-28 04:32:15,223 [omNode-2-impl-thread1] INFO  impl.RoleInfo (RoleInfo.java:updateAndGet(139)) - omNode-2: start omNode-2@group-523986131536-FollowerState
2023-02-28 04:32:15,226 [omNode-2-impl-thread1] INFO  util.JmxRegister (JmxRegister.java:tryRegister(44)) - Successfully registered JMX Bean with object name Ratis:service=RaftServer,group=group-523986131536,id=omNode-2
2023-02-28 04:32:15,227 [omNode-2@group-523986131536-FollowerState] INFO  server.RaftServerConfigKeys (ConfUtils.java:logFallback(53)) - raft.server.rpc.first-election.timeout.min = 1s (fallback to raft.server.rpc.timeout.min)
2023-02-28 04:32:15,227 [omNode-2-impl-thread1] INFO  server.RaftServerConfigKeys (ConfUtils.java:logGet(46)) - raft.server.snapshot.auto.trigger.enabled = true (custom)
2023-02-28 04:32:15,229 [omNode-2-impl-thread1] INFO  server.RaftServerConfigKeys (ConfUtils.java:logGet(46)) - raft.server.snapshot.auto.trigger.threshold = 400000 (default)
2023-02-28 04:32:15,229 [omNode-2-impl-thread1] INFO  server.RaftServerConfigKeys (ConfUtils.java:logGet(46)) - raft.server.snapshot.retention.file.num = -1 (default)
2023-02-28 04:32:15,229 [omNode-2-impl-thread1] INFO  server.RaftServerConfigKeys (ConfUtils.java:logGet(46)) - raft.server.log.purge.upto.snapshot.index = true (custom)
2023-02-28 04:32:15,230 [omNode-2@group-523986131536-FollowerState] INFO  server.RaftServerConfigKeys (ConfUtils.java:logFallback(53)) - raft.server.rpc.first-election.timeout.max = 1200ms (fallback to raft.server.rpc.timeout.max)
2023-02-28 04:32:15,233 [omNode-1@group-523986131536-LeaderElection1] INFO  server.RaftServerConfigKeys (ConfUtils.java:logFallback(53)) - raft.server.rpc.first-election.timeout.min = 1s (fallback to raft.server.rpc.timeout.min)
2023-02-28 04:32:15,241 [omNode-1@group-523986131536-LeaderElection1] INFO  server.RaftServerConfigKeys (ConfUtils.java:logFallback(53)) - raft.server.rpc.first-election.timeout.max = 1200ms (fallback to raft.server.rpc.timeout.max)
2023-02-28 04:32:15,245 [omNode-1@group-523986131536-LeaderElection1-1] INFO  server.GrpcServerProtocolClient (GrpcServerProtocolClient.java:<init>(63)) - Build channel for omNode-3
2023-02-28 04:32:15,249 [Listener at 127.0.0.1/39453] INFO  server.RaftServer (RaftServerProxy.java:startImpl(393)) - omNode-2: start RPC server
2023-02-28 04:32:15,246 [omNode-1@group-523986131536-LeaderElection1-2] INFO  server.GrpcServerProtocolClient (GrpcServerProtocolClient.java:<init>(63)) - Build channel for omNode-2
2023-02-28 04:32:15,251 [Listener at 127.0.0.1/39453] INFO  server.GrpcService (GrpcService.java:startImpl(262)) - omNode-2: GrpcService started, listening on 39895
2023-02-28 04:32:15,251 [Listener at 127.0.0.1/39453] INFO  om.OzoneManager (OzoneManager.java:start(1567)) - Version File has different layout version (3) than OM DB (null). That is expected if this OM has never been finalized to a newer layout version.
2023-02-28 04:32:15,253 [JvmPauseMonitor1] INFO  util.JvmPauseMonitor (JvmPauseMonitor.java:run(105)) - JvmPauseMonitor-omNode-2: Started
2023-02-28 04:32:15,262 [Listener at 127.0.0.1/39453] INFO  http.BaseHttpServer (BaseHttpServer.java:newHttpServer2BuilderForOzone(213)) - Starting Web-server for ozoneManager at: http://0.0.0.0:43725
2023-02-28 04:32:15,265 [Listener at 127.0.0.1/39453] INFO  http.BaseHttpServer (BaseHttpServer.java:<init>(108)) - Hadoop Security Enabled: false Ozone Security Enabled: false Ozone HTTP Security Enabled: false 
2023-02-28 04:32:15,267 [Listener at 127.0.0.1/39453] WARN  server.AuthenticationFilter (AuthenticationFilter.java:constructSecretProvider(240)) - Unable to initialize FileSignerSecretProvider, falling back to use random secrets. Reason: Could not read signature secret file: /home/runner/hadoop-http-auth-signature-secret
2023-02-28 04:32:15,268 [Listener at 127.0.0.1/39453] WARN  http.HttpRequestLog (HttpRequestLog.java:getRequestLog(103)) - Jetty request log can only be enabled using Log4j
2023-02-28 04:32:15,276 [Listener at 127.0.0.1/39453] INFO  http.HttpServer2 (HttpServer2.java:addGlobalFilter(1031)) - Added global filter 'safety' (class=org.apache.hadoop.hdds.server.http.HttpServer2$QuotingInputFilter)
2023-02-28 04:32:15,277 [Listener at 127.0.0.1/39453] INFO  http.HttpServer2 (HttpServer2.java:addFilter(1007)) - Added filter static_user_filter (class=org.apache.hadoop.http.lib.StaticUserWebFilter$StaticUserFilter) to context ozoneManager
2023-02-28 04:32:15,277 [Listener at 127.0.0.1/39453] INFO  http.HttpServer2 (HttpServer2.java:addFilter(1015)) - Added filter static_user_filter (class=org.apache.hadoop.http.lib.StaticUserWebFilter$StaticUserFilter) to context logs
2023-02-28 04:32:15,277 [Listener at 127.0.0.1/39453] INFO  http.HttpServer2 (HttpServer2.java:addFilter(1015)) - Added filter static_user_filter (class=org.apache.hadoop.http.lib.StaticUserWebFilter$StaticUserFilter) to context static
2023-02-28 04:32:15,281 [Listener at 127.0.0.1/39453] INFO  http.HttpServer2 (HttpServer2.java:bindListener(1250)) - Jetty bound to port 43725
2023-02-28 04:32:15,282 [Listener at 127.0.0.1/39453] INFO  server.Server (Server.java:doStart(375)) - jetty-9.4.49.v20220914; built: 2022-09-14T01:07:36.601Z; git: 4231a3b2e4cb8548a412a789936d640a97b1aa0a; jvm 1.8.0_362-b09
2023-02-28 04:32:15,291 [Listener at 127.0.0.1/39453] INFO  server.session (DefaultSessionIdManager.java:doStart(334)) - DefaultSessionIdManager workerName=node0
2023-02-28 04:32:15,291 [Listener at 127.0.0.1/39453] INFO  server.session (DefaultSessionIdManager.java:doStart(339)) - No SessionScavenger set, using defaults
2023-02-28 04:32:15,291 [Listener at 127.0.0.1/39453] INFO  server.session (HouseKeeper.java:startScavenging(132)) - node0 Scavenging every 600000ms
2023-02-28 04:32:15,294 [Listener at 127.0.0.1/39453] INFO  handler.ContextHandler (ContextHandler.java:doStart(921)) - Started o.e.j.s.ServletContextHandler@3137bd5a{logs,/logs,file:///home/runner/work/ozone/ozone/hadoop-ozone/integration-test/target/log,AVAILABLE}
2023-02-28 04:32:15,294 [Listener at 127.0.0.1/39453] INFO  handler.ContextHandler (ContextHandler.java:doStart(921)) - Started o.e.j.s.ServletContextHandler@590dab83{static,/static,file:///home/runner/work/ozone/ozone/hadoop-ozone/integration-test/target/test-classes/webapps/static,AVAILABLE}
2023-02-28 04:32:15,298 [Listener at 127.0.0.1/39453] INFO  handler.ContextHandler (ContextHandler.java:doStart(921)) - Started o.e.j.w.WebAppContext@2665016d{ozoneManager,/,file:///home/runner/work/ozone/ozone/hadoop-ozone/integration-test/target/test-classes/webapps/ozoneManager/,AVAILABLE}{file:/home/runner/work/ozone/ozone/hadoop-ozone/integration-test/target/test-classes/webapps/ozoneManager}
2023-02-28 04:32:15,303 [Listener at 127.0.0.1/39453] INFO  server.AbstractConnector (AbstractConnector.java:doStart(333)) - Started ServerConnector@2de29667{HTTP/1.1, (http/1.1)}{0.0.0.0:43725}
2023-02-28 04:32:15,303 [Listener at 127.0.0.1/39453] INFO  server.Server (Server.java:doStart(415)) - Started @8479ms
2023-02-28 04:32:15,303 [Listener at 127.0.0.1/39453] WARN  impl.MetricsSystemImpl (MetricsSystemImpl.java:register(279)) - Sink prometheus already exists!
2023-02-28 04:32:15,304 [Listener at 127.0.0.1/39453] INFO  http.BaseHttpServer (BaseHttpServer.java:updateConnectorAddress(333)) - HTTP server of ozoneManager listening at http://0.0.0.0:43725
2023-02-28 04:32:15,304 [IPC Server Responder] INFO  ipc.Server (Server.java:run(1512)) - IPC Server Responder: starting
2023-02-28 04:32:15,309 [IPC Server listener on 39453] INFO  ipc.Server (Server.java:run(1352)) - IPC Server listener on 39453: starting
2023-02-28 04:32:15,312 [Listener at 127.0.0.1/39453] INFO  om.OzoneManager (OzoneManager.java:startTrashEmptier(2038)) - Trash Interval set to 0. Files deleted won't move to trash
2023-02-28 04:32:15,312 [Listener at 127.0.0.1/39453] INFO  ozone.MiniOzoneHAClusterImpl (MiniOzoneHAClusterImpl.java:createOMService(527)) - Started OzoneManager omNode-2 RPC server at localhost/127.0.0.1:39453
2023-02-28 04:32:15,314 [Listener at 127.0.0.1/39453] INFO  ha.OMHANodeDetails (OMHANodeDetails.java:loadOMHAConfig(121)) - ServiceID for OzoneManager is om-service-test1
2023-02-28 04:32:15,317 [Listener at 127.0.0.1/39453] INFO  ha.OMHANodeDetails (OMHANodeDetails.java:loadOMHAConfig(201)) - Found matching OM address with OMServiceId: om-service-test1, OMNodeId: omNode-3, RPC Address: localhost:43975 and Ratis port: 42259
2023-02-28 04:32:15,317 [Listener at 127.0.0.1/39453] INFO  ha.OMHANodeDetails (ConfUtils.java:setNodeSpecificConfigs(97)) - Setting configuration key ozone.om.http-address with value of key ozone.om.http-address.om-service-test1.omNode-3: 127.0.0.1:35193
2023-02-28 04:32:15,317 [Listener at 127.0.0.1/39453] INFO  ha.OMHANodeDetails (ConfUtils.java:setNodeSpecificConfigs(97)) - Setting configuration key ozone.om.https-address with value of key ozone.om.https-address.om-service-test1.omNode-3: 127.0.0.1:45235
2023-02-28 04:32:15,317 [Listener at 127.0.0.1/39453] INFO  ha.OMHANodeDetails (ConfUtils.java:setNodeSpecificConfigs(97)) - Setting configuration key ozone.om.address with value of key ozone.om.address.om-service-test1.omNode-3: 127.0.0.1:43975
2023-02-28 04:32:15,317 [Listener at 127.0.0.1/39453] WARN  server.ServerUtils (ServerUtils.java:getDBPath(225)) - ozone.om.db.dirs is not configured. We recommend adding this setting. Falling back to ozone.metadata.dirs instead.
2023-02-28 04:32:15,319 [Listener at 127.0.0.1/39453] INFO  proxy.SCMBlockLocationFailoverProxyProvider (SCMBlockLocationFailoverProxyProvider.java:<init>(114)) - Created block location fail-over proxy with 1 nodes: [nodeId=scmNodeId,nodeAddress=/0.0.0.0:37531]
2023-02-28 04:32:15,326 [org.apache.hadoop.util.JvmPauseMonitor$Monitor@403d9a5b] INFO  util.JvmPauseMonitor (JvmPauseMonitor.java:run(188)) - Starting JVM pause monitor
OM initialization succeeded.Current cluster id for sd=/home/runner/work/ozone/ozone/hadoop-ozone/integration-test/target/test-dir/MiniOzoneClusterImpl-f9e21395-1bcf-40d4-8edb-6f91c23aa5c2/omNode-3/om;cid=f9e21395-1bcf-40d4-8edb-6f91c23aa5c2;layoutVersion=3
2023-02-28 04:32:15,346 [Listener at 127.0.0.1/39453] INFO  ha.OMHANodeDetails (OMHANodeDetails.java:loadOMHAConfig(121)) - ServiceID for OzoneManager is om-service-test1
2023-02-28 04:32:15,346 [Listener at 127.0.0.1/39453] INFO  ha.OMHANodeDetails (OMHANodeDetails.java:loadOMHAConfig(201)) - Found matching OM address with OMServiceId: om-service-test1, OMNodeId: omNode-3, RPC Address: localhost:43975 and Ratis port: 42259
2023-02-28 04:32:15,347 [Listener at 127.0.0.1/39453] INFO  ha.OMHANodeDetails (ConfUtils.java:setNodeSpecificConfigs(97)) - Setting configuration key ozone.om.http-address with value of key ozone.om.http-address.om-service-test1.omNode-3: 127.0.0.1:35193
2023-02-28 04:32:15,347 [Listener at 127.0.0.1/39453] INFO  ha.OMHANodeDetails (ConfUtils.java:setNodeSpecificConfigs(97)) - Setting configuration key ozone.om.https-address with value of key ozone.om.https-address.om-service-test1.omNode-3: 127.0.0.1:45235
2023-02-28 04:32:15,347 [Listener at 127.0.0.1/39453] INFO  ha.OMHANodeDetails (ConfUtils.java:setNodeSpecificConfigs(97)) - Setting configuration key ozone.om.address with value of key ozone.om.address.om-service-test1.omNode-3: 127.0.0.1:43975
2023-02-28 04:32:15,347 [Listener at 127.0.0.1/39453] WARN  server.ServerUtils (ServerUtils.java:getDBPath(225)) - ozone.om.db.dirs is not configured. We recommend adding this setting. Falling back to ozone.metadata.dirs instead.
2023-02-28 04:32:15,349 [Listener at 127.0.0.1/39453] INFO  upgrade.AbstractLayoutVersionManager (AbstractLayoutVersionManager.java:init(83)) - Initializing Layout version manager with metadata layout = MULTITENANCY_SCHEMA (version = 3), software layout = MULTITENANCY_SCHEMA (version = 3)
2023-02-28 04:32:15,549 [Listener at 127.0.0.1/39453] INFO  reflections.Reflections (Reflections.java:scan(232)) - Reflections took 199 ms to scan 2 urls, producing 167 keys and 459 values [using 2 cores]
2023-02-28 04:32:15,549 [Listener at 127.0.0.1/39453] INFO  upgrade.OMLayoutVersionManager (OMLayoutVersionManager.java:lambda$0(115)) - Skipping Upgrade Action MockOmUpgradeAction since it has been finalized.
2023-02-28 04:32:15,550 [Listener at 127.0.0.1/39453] WARN  server.ServerUtils (ServerUtils.java:getDBPath(225)) - ozone.om.db.dirs is not configured. We recommend adding this setting. Falling back to ozone.metadata.dirs instead.
2023-02-28 04:32:15,550 [Listener at 127.0.0.1/39453] INFO  proxy.SCMBlockLocationFailoverProxyProvider (SCMBlockLocationFailoverProxyProvider.java:<init>(114)) - Created block location fail-over proxy with 1 nodes: [nodeId=scmNodeId,nodeAddress=/0.0.0.0:37531]
2023-02-28 04:32:15,552 [Listener at 127.0.0.1/39453] INFO  proxy.SCMBlockLocationFailoverProxyProvider (SCMBlockLocationFailoverProxyProvider.java:<init>(114)) - Created block location fail-over proxy with 1 nodes: [nodeId=scmNodeId,nodeAddress=/0.0.0.0:37531]
2023-02-28 04:32:15,567 [Listener at 127.0.0.1/39453] INFO  om.OzoneManager (OzoneManager.java:<init>(618)) - OM start with adminUsers: [runner]
2023-02-28 04:32:15,568 [Listener at 127.0.0.1/39453] WARN  server.ServerUtils (ServerUtils.java:getDBPath(225)) - ozone.om.db.dirs is not configured. We recommend adding this setting. Falling back to ozone.metadata.dirs instead.
2023-02-28 04:32:15,568 [Listener at 127.0.0.1/39453] INFO  codec.OmKeyInfoCodec (OmKeyInfoCodec.java:<init>(49)) - OmKeyInfoCodec ignorePipeline = true
2023-02-28 04:32:15,569 [Listener at 127.0.0.1/39453] INFO  codec.RepeatedOmKeyInfoCodec (RepeatedOmKeyInfoCodec.java:<init>(41)) - RepeatedOmKeyInfoCodec ignorePipeline = true
2023-02-28 04:32:15,690 [omNode-1@group-523986131536-LeaderElection1] INFO  impl.LeaderElection (LogUtils.java:infoOrTrace(137)) - omNode-1@group-523986131536-LeaderElection1 got exception when requesting votes: java.util.concurrent.ExecutionException: org.apache.ratis.thirdparty.io.grpc.StatusRuntimeException: UNAVAILABLE: io exception
2023-02-28 04:32:15,735 [grpc-default-executor-1] INFO  server.RaftServer$Division (RaftServerImpl.java:requestVote(1218)) - omNode-2@group-523986131536: receive requestVote(PRE_VOTE, omNode-1, group-523986131536, 0, (t:0, i:~))
2023-02-28 04:32:15,737 [grpc-default-executor-1] INFO  impl.VoteContext (VoteContext.java:log(49)) - omNode-2@group-523986131536-FOLLOWER: accept PRE_VOTE from omNode-1: our priority 0 <= candidate's priority 0
2023-02-28 04:32:15,746 [grpc-default-executor-1] INFO  server.RaftServer$Division (RaftServerImpl.java:requestVote(1251)) - omNode-2@group-523986131536 replies to PRE_VOTE vote request: omNode-1<-omNode-2#0:OK-t0. Peer's state: omNode-2@group-523986131536:t0, leader=null, voted=, raftlog=Memoized:omNode-2@group-523986131536-SegmentedRaftLog:OPENED:c-1, conf=-1: peers:[omNode-3|rpc:localhost:42259|priority:0|startupRole:FOLLOWER, omNode-1|rpc:localhost:37087|priority:0|startupRole:FOLLOWER, omNode-2|rpc:localhost:39895|priority:0|startupRole:FOLLOWER]|listeners:[], old=null
2023-02-28 04:32:15,757 [omNode-1@group-523986131536-LeaderElection1] INFO  impl.LeaderElection (LeaderElection.java:logAndReturn(90)) - omNode-1@group-523986131536-LeaderElection1: PRE_VOTE PASSED received 1 response(s) and 1 exception(s):
2023-02-28 04:32:15,758 [omNode-1@group-523986131536-LeaderElection1] INFO  impl.LeaderElection (LeaderElection.java:logAndReturn(94)) -   Response 0: omNode-1<-omNode-2#0:OK-t0
2023-02-28 04:32:15,758 [omNode-1@group-523986131536-LeaderElection1] INFO  impl.LeaderElection (LogUtils.java:infoOrTrace(137)) -   Exception 1: java.util.concurrent.ExecutionException: org.apache.ratis.thirdparty.io.grpc.StatusRuntimeException: UNAVAILABLE: io exception
2023-02-28 04:32:15,758 [omNode-1@group-523986131536-LeaderElection1] INFO  impl.LeaderElection (LeaderElection.java:askForVotes(314)) - omNode-1@group-523986131536-LeaderElection1 PRE_VOTE round 0: result PASSED
2023-02-28 04:32:15,760 [omNode-1@group-523986131536-LeaderElection1] INFO  impl.LeaderElection (LeaderElection.java:askForVotes(312)) - omNode-1@group-523986131536-LeaderElection1 ELECTION round 0: submit vote requests at term 1 for -1: peers:[omNode-3|rpc:localhost:42259|priority:0|startupRole:FOLLOWER, omNode-1|rpc:localhost:37087|priority:0|startupRole:FOLLOWER, omNode-2|rpc:localhost:39895|priority:0|startupRole:FOLLOWER]|listeners:[], old=null
2023-02-28 04:32:15,761 [omNode-1@group-523986131536-LeaderElection1] INFO  server.RaftServerConfigKeys (ConfUtils.java:logFallback(53)) - raft.server.rpc.first-election.timeout.min = 1s (fallback to raft.server.rpc.timeout.min)
2023-02-28 04:32:15,761 [omNode-1@group-523986131536-LeaderElection1] INFO  server.RaftServerConfigKeys (ConfUtils.java:logFallback(53)) - raft.server.rpc.first-election.timeout.max = 1200ms (fallback to raft.server.rpc.timeout.max)
2023-02-28 04:32:15,761 [omNode-1@group-523986131536-LeaderElection1] INFO  impl.LeaderElection (LogUtils.java:infoOrTrace(137)) - omNode-1@group-523986131536-LeaderElection1 got exception when requesting votes: java.util.concurrent.ExecutionException: org.apache.ratis.thirdparty.io.grpc.StatusRuntimeException: UNAVAILABLE: io exception
2023-02-28 04:32:15,770 [grpc-default-executor-1] INFO  server.RaftServer$Division (RaftServerImpl.java:requestVote(1218)) - omNode-2@group-523986131536: receive requestVote(ELECTION, omNode-1, group-523986131536, 1, (t:0, i:~))
2023-02-28 04:32:15,770 [grpc-default-executor-1] INFO  impl.VoteContext (VoteContext.java:log(49)) - omNode-2@group-523986131536-FOLLOWER: accept ELECTION from omNode-1: our priority 0 <= candidate's priority 0
2023-02-28 04:32:15,771 [grpc-default-executor-1] INFO  server.RaftServer$Division (RaftServerImpl.java:setRole(321)) - omNode-2@group-523986131536: changes role from  FOLLOWER to FOLLOWER at term 1 for candidate:omNode-1
2023-02-28 04:32:15,771 [grpc-default-executor-1] INFO  impl.RoleInfo (RoleInfo.java:shutdownFollowerState(110)) - omNode-2: shutdown omNode-2@group-523986131536-FollowerState
2023-02-28 04:32:15,771 [grpc-default-executor-1] INFO  impl.RoleInfo (RoleInfo.java:updateAndGet(139)) - omNode-2: start omNode-2@group-523986131536-FollowerState
2023-02-28 04:32:15,771 [omNode-2@group-523986131536-FollowerState] INFO  impl.FollowerState (FollowerState.java:run(152)) - omNode-2@group-523986131536-FollowerState was interrupted
2023-02-28 04:32:15,776 [grpc-default-executor-1] INFO  server.RaftServer$Division (RaftServerImpl.java:requestVote(1251)) - omNode-2@group-523986131536 replies to ELECTION vote request: omNode-1<-omNode-2#0:OK-t1. Peer's state: omNode-2@group-523986131536:t1, leader=null, voted=omNode-1, raftlog=Memoized:omNode-2@group-523986131536-SegmentedRaftLog:OPENED:c-1, conf=-1: peers:[omNode-3|rpc:localhost:42259|priority:0|startupRole:FOLLOWER, omNode-1|rpc:localhost:37087|priority:0|startupRole:FOLLOWER, omNode-2|rpc:localhost:39895|priority:0|startupRole:FOLLOWER]|listeners:[], old=null
2023-02-28 04:32:15,779 [omNode-1@group-523986131536-LeaderElection1] INFO  impl.LeaderElection (LeaderElection.java:logAndReturn(90)) - omNode-1@group-523986131536-LeaderElection1: ELECTION PASSED received 1 response(s) and 1 exception(s):
2023-02-28 04:32:15,780 [omNode-1@group-523986131536-LeaderElection1] INFO  impl.LeaderElection (LeaderElection.java:logAndReturn(94)) -   Response 0: omNode-1<-omNode-2#0:OK-t1
2023-02-28 04:32:15,780 [omNode-1@group-523986131536-LeaderElection1] INFO  impl.LeaderElection (LogUtils.java:infoOrTrace(137)) -   Exception 1: java.util.concurrent.ExecutionException: org.apache.ratis.thirdparty.io.grpc.StatusRuntimeException: UNAVAILABLE: io exception
2023-02-28 04:32:15,780 [omNode-1@group-523986131536-LeaderElection1] INFO  impl.LeaderElection (LeaderElection.java:askForVotes(314)) - omNode-1@group-523986131536-LeaderElection1 ELECTION round 0: result PASSED
2023-02-28 04:32:15,780 [omNode-1@group-523986131536-LeaderElection1] INFO  impl.RoleInfo (RoleInfo.java:shutdownLeaderElection(130)) - omNode-1: shutdown omNode-1@group-523986131536-LeaderElection1
2023-02-28 04:32:15,780 [omNode-1@group-523986131536-LeaderElection1] INFO  server.RaftServer$Division (RaftServerImpl.java:setRole(321)) - omNode-1@group-523986131536: changes role from CANDIDATE to LEADER at term 1 for changeToLeader
2023-02-28 04:32:15,780 [omNode-1@group-523986131536-LeaderElection1] INFO  server.RaftServer$Division (ServerState.java:setLeader(313)) - omNode-1@group-523986131536: change Leader from null to omNode-1 at term 1 for becomeLeader, leader elected after 2836ms
2023-02-28 04:32:15,787 [omNode-2@group-523986131536-FollowerState] INFO  server.RaftServerConfigKeys (ConfUtils.java:logFallback(53)) - raft.server.rpc.first-election.timeout.min = 1s (fallback to raft.server.rpc.timeout.min)
2023-02-28 04:32:15,789 [omNode-2@group-523986131536-FollowerState] INFO  server.RaftServerConfigKeys (ConfUtils.java:logFallback(53)) - raft.server.rpc.first-election.timeout.max = 1200ms (fallback to raft.server.rpc.timeout.max)
2023-02-28 04:32:15,790 [omNode-1@group-523986131536-LeaderElection1] INFO  server.RaftServerConfigKeys (ConfUtils.java:logGet(46)) - raft.server.staging.catchup.gap = 1000 (default)
2023-02-28 04:32:15,796 [omNode-1@group-523986131536-LeaderElection1] INFO  server.RaftServerConfigKeys (ConfUtils.java:logGet(46)) - raft.server.write.element-limit = 4096 (default)
2023-02-28 04:32:15,796 [omNode-1@group-523986131536-LeaderElection1] INFO  server.RaftServerConfigKeys (ConfUtils.java:logGet(46)) - raft.server.write.byte-limit = 64MB (=67108864) (default)
2023-02-28 04:32:15,808 [omNode-1@group-523986131536-LeaderElection1] INFO  server.RaftServerConfigKeys (ConfUtils.java:logGet(46)) - raft.server.watch.timeout = 10s (default)
2023-02-28 04:32:15,809 [omNode-1@group-523986131536-LeaderElection1] INFO  server.RaftServerConfigKeys (ConfUtils.java:logGet(46)) - raft.server.watch.timeout.denomination = 1s (default)
2023-02-28 04:32:15,809 [omNode-1@group-523986131536-LeaderElection1] INFO  server.RaftServerConfigKeys (ConfUtils.java:logGet(46)) - raft.server.watch.element-limit = 65536 (default)
2023-02-28 04:32:15,814 [omNode-1@group-523986131536-LeaderElection1] INFO  server.RaftServerConfigKeys (ConfUtils.java:logGet(46)) - raft.server.write.element-limit = 4096 (default)
2023-02-28 04:32:15,821 [omNode-1@group-523986131536-LeaderElection1] INFO  server.RaftServerConfigKeys (ConfUtils.java:logGet(46)) - raft.server.write.follower.gap.ratio.max = -1.0 (default)
2023-02-28 04:32:15,826 [Listener at 127.0.0.1/39453] INFO  om.OzoneManager (OzoneManager.java:instantiateServices(748)) - S3 Multi-Tenancy is disabled
2023-02-28 04:32:15,828 [Listener at 127.0.0.1/39453] WARN  server.ServerUtils (ServerUtils.java:getDBPath(225)) - ozone.om.snapshot.diff.db.dir is not configured. We recommend adding this setting. Falling back to ozone.metadata.dirs instead.
2023-02-28 04:32:15,836 [omNode-1@group-523986131536-LeaderElection1] INFO  server.RaftServerConfigKeys (ConfUtils.java:logGet(46)) - raft.server.log.appender.snapshot.chunk.size.max = 16MB (=16777216) (default)
2023-02-28 04:32:15,836 [omNode-1@group-523986131536-LeaderElection1] INFO  server.RaftServerConfigKeys (ConfUtils.java:logGet(46)) - raft.server.log.appender.buffer.byte-limit = 33554432 (custom)
2023-02-28 04:32:15,837 [omNode-1@group-523986131536-LeaderElection1] INFO  server.RaftServerConfigKeys (ConfUtils.java:logGet(46)) - raft.server.log.appender.buffer.element-limit = 1024 (custom)
2023-02-28 04:32:15,842 [Listener at 127.0.0.1/39453] INFO  om.OzoneManager (OzoneManager.java:addS3GVolumeToDB(4215)) - Created Volume s3v With Owner runner required for S3Gateway operations.
2023-02-28 04:32:15,842 [Listener at 127.0.0.1/39453] WARN  server.ServerUtils (ServerUtils.java:getDefaultRatisDirectory(237)) - Storage directory for Ratis is not configured. It is a good idea to map this to an SSD disk. Falling back to ozone.metadata.dirs
2023-02-28 04:32:15,842 [Listener at 127.0.0.1/39453] WARN  utils.OzoneManagerRatisUtils (OzoneManagerRatisUtils.java:getOMRatisSnapshotDirectory(436)) - ozone.om.ratis.snapshot.dir is not configured. Falling back to ozone.metadata.dirs config
2023-02-28 04:32:15,842 [omNode-1@group-523986131536-LeaderElection1] INFO  grpc.GrpcConfigKeys (ConfUtils.java:logGet(46)) - raft.grpc.server.leader.outstanding.appends.max = 128 (default)
2023-02-28 04:32:15,843 [omNode-1@group-523986131536-LeaderElection1] INFO  server.RaftServerConfigKeys (ConfUtils.java:logGet(46)) - raft.server.rpc.request.timeout = 3000ms (default)
2023-02-28 04:32:15,843 [Listener at 127.0.0.1/39453] INFO  snapshot.OzoneManagerSnapshotProvider (OzoneManagerSnapshotProvider.java:<init>(76)) - Initializing OM Snapshot Provider
2023-02-28 04:32:15,843 [omNode-1@group-523986131536-LeaderElection1] INFO  server.RaftServerConfigKeys (ConfUtils.java:logGet(46)) - raft.server.log.appender.install.snapshot.enabled = false (custom)
2023-02-28 04:32:15,843 [omNode-1@group-523986131536-LeaderElection1] INFO  grpc.GrpcConfigKeys (ConfUtils.java:logGet(46)) - raft.grpc.server.heartbeat.channel = true (default)
2023-02-28 04:32:15,843 [omNode-1@group-523986131536-LeaderElection1] INFO  server.RaftServerConfigKeys (ConfUtils.java:logGet(46)) - raft.server.log.appender.wait-time.min = 10ms (default)
2023-02-28 04:32:15,850 [omNode-1@group-523986131536-LeaderElection1] INFO  server.RaftServerConfigKeys (ConfUtils.java:logGet(46)) - raft.server.log.appender.snapshot.chunk.size.max = 16MB (=16777216) (default)
2023-02-28 04:32:15,850 [omNode-1@group-523986131536-LeaderElection1] INFO  server.RaftServerConfigKeys (ConfUtils.java:logGet(46)) - raft.server.log.appender.buffer.byte-limit = 33554432 (custom)
2023-02-28 04:32:15,850 [omNode-1@group-523986131536-LeaderElection1] INFO  server.RaftServerConfigKeys (ConfUtils.java:logGet(46)) - raft.server.log.appender.buffer.element-limit = 1024 (custom)
2023-02-28 04:32:15,851 [Listener at 127.0.0.1/39453] WARN  impl.MetricRegistriesImpl (MetricRegistriesImpl.java:addReporterRegistration(111)) - New reporters are added after registries were created. Some metrics will be missing from the reporter. Please add reporter before adding any new registry.
2023-02-28 04:32:15,851 [Listener at 127.0.0.1/39453] WARN  impl.MetricRegistriesImpl (MetricRegistriesImpl.java:addReporterRegistration(111)) - New reporters are added after registries were created. Some metrics will be missing from the reporter. Please add reporter before adding any new registry.
2023-02-28 04:32:15,851 [Listener at 127.0.0.1/39453] WARN  server.ServerUtils (ServerUtils.java:getDefaultRatisDirectory(237)) - Storage directory for Ratis is not configured. It is a good idea to map this to an SSD disk. Falling back to ozone.metadata.dirs
2023-02-28 04:32:15,853 [Listener at 127.0.0.1/39453] INFO  ratis.OzoneManagerRatisServer (OzoneManagerRatisServer.java:<init>(164)) - Instantiating OM Ratis server with groupID: om-service-test1 and peers: localhost:42259, localhost:37087, localhost:39895
2023-02-28 04:32:15,853 [Listener at 127.0.0.1/39453] INFO  ratis.OzoneManagerStateMachine (OzoneManagerStateMachine.java:loadSnapshotInfoFromDB(636)) - LastAppliedIndex is set from TransactionInfo from OM DB as (t:0, i:~)
2023-02-28 04:32:15,853 [omNode-1@group-523986131536-LeaderElection1] INFO  grpc.GrpcConfigKeys (ConfUtils.java:logGet(46)) - raft.grpc.server.leader.outstanding.appends.max = 128 (default)
2023-02-28 04:32:15,853 [omNode-1@group-523986131536-LeaderElection1] INFO  server.RaftServerConfigKeys (ConfUtils.java:logGet(46)) - raft.server.rpc.request.timeout = 3000ms (default)
2023-02-28 04:32:15,853 [omNode-1@group-523986131536-LeaderElection1] INFO  server.RaftServerConfigKeys (ConfUtils.java:logGet(46)) - raft.server.log.appender.install.snapshot.enabled = false (custom)
2023-02-28 04:32:15,853 [omNode-1@group-523986131536-LeaderElection1] INFO  grpc.GrpcConfigKeys (ConfUtils.java:logGet(46)) - raft.grpc.server.heartbeat.channel = true (default)
2023-02-28 04:32:15,853 [omNode-1@group-523986131536-LeaderElection1] INFO  server.RaftServerConfigKeys (ConfUtils.java:logGet(46)) - raft.server.log.appender.wait-time.min = 10ms (default)
2023-02-28 04:32:15,856 [omNode-1@group-523986131536-LeaderElection1] INFO  impl.RoleInfo (RoleInfo.java:updateAndGet(139)) - omNode-1: start omNode-1@group-523986131536-LeaderStateImpl
2023-02-28 04:32:15,859 [Listener at 127.0.0.1/39453] INFO  server.RaftServer (ConfUtils.java:logGet(46)) - raft.rpc.type = GRPC (default)
2023-02-28 04:32:15,860 [Listener at 127.0.0.1/39453] INFO  grpc.GrpcConfigKeys (ConfUtils.java:logFallback(53)) - raft.grpc.admin.host = null (fallback to raft.grpc.server.host)
2023-02-28 04:32:15,860 [Listener at 127.0.0.1/39453] INFO  grpc.GrpcConfigKeys (ConfUtils.java:logFallback(53)) - raft.grpc.admin.port = 42259 (fallback to raft.grpc.server.port)
2023-02-28 04:32:15,860 [Listener at 127.0.0.1/39453] INFO  grpc.GrpcConfigKeys (ConfUtils.java:logFallback(53)) - raft.grpc.client.host = null (fallback to raft.grpc.server.host)
2023-02-28 04:32:15,860 [Listener at 127.0.0.1/39453] INFO  grpc.GrpcConfigKeys (ConfUtils.java:logFallback(53)) - raft.grpc.client.port = 42259 (fallback to raft.grpc.server.port)
2023-02-28 04:32:15,860 [Listener at 127.0.0.1/39453] INFO  grpc.GrpcConfigKeys (ConfUtils.java:logGet(46)) - raft.grpc.server.host = null (default)
2023-02-28 04:32:15,860 [Listener at 127.0.0.1/39453] INFO  grpc.GrpcConfigKeys (ConfUtils.java:logGet(46)) - raft.grpc.server.port = 42259 (custom)
2023-02-28 04:32:15,860 [Listener at 127.0.0.1/39453] INFO  server.GrpcService (ConfUtils.java:logGet(46)) - raft.grpc.message.size.max = 33554432 (custom)
2023-02-28 04:32:15,860 [Listener at 127.0.0.1/39453] INFO  server.RaftServerConfigKeys (ConfUtils.java:logGet(46)) - raft.server.log.appender.buffer.byte-limit = 33554432 (custom)
2023-02-28 04:32:15,860 [Listener at 127.0.0.1/39453] INFO  server.GrpcService (ConfUtils.java:logGet(46)) - raft.grpc.flow.control.window = 1MB (=1048576) (default)
2023-02-28 04:32:15,861 [Listener at 127.0.0.1/39453] INFO  server.RaftServerConfigKeys (ConfUtils.java:logGet(46)) - raft.server.rpc.request.timeout = 3000ms (default)
2023-02-28 04:32:15,861 [Listener at 127.0.0.1/39453] INFO  grpc.GrpcConfigKeys (ConfUtils.java:logGet(46)) - raft.grpc.server.heartbeat.channel = true (default)
2023-02-28 04:32:15,861 [Listener at 127.0.0.1/39453] INFO  grpc.GrpcConfigKeys (ConfUtils.java:logGet(46)) - raft.grpc.server.async.request.thread.pool.cached = true (default)
2023-02-28 04:32:15,861 [Listener at 127.0.0.1/39453] INFO  grpc.GrpcConfigKeys (ConfUtils.java:logGet(46)) - raft.grpc.server.async.request.thread.pool.size = 32 (default)
2023-02-28 04:32:15,862 [Listener at 127.0.0.1/39453] INFO  impl.DataStreamServerImpl (ConfUtils.java:logGet(46)) - raft.datastream.type = DISABLED (default)
2023-02-28 04:32:15,862 [Listener at 127.0.0.1/39453] INFO  server.RaftServerConfigKeys (ConfUtils.java:logGet(46)) - raft.server.threadpool.proxy.cached = true (default)
2023-02-28 04:32:15,862 [Listener at 127.0.0.1/39453] INFO  server.RaftServerConfigKeys (ConfUtils.java:logGet(46)) - raft.server.threadpool.proxy.size = 0 (default)
2023-02-28 04:32:15,863 [Listener at 127.0.0.1/39453] INFO  server.RaftServerConfigKeys (ConfUtils.java:logGet(46)) - raft.server.rpc.slowness.timeout = 2s (custom)
2023-02-28 04:32:15,863 [Listener at 127.0.0.1/39453] INFO  server.RaftServerConfigKeys (ConfUtils.java:logGet(46)) - raft.server.leaderelection.leader.step-down.wait-time = 10s (default)
2023-02-28 04:32:15,863 [Listener at 127.0.0.1/39453] INFO  server.RaftServerConfigKeys (ConfUtils.java:logGet(46)) - raft.server.storage.dir = [/home/runner/work/ozone/ozone/hadoop-ozone/integration-test/target/test-dir/MiniOzoneClusterImpl-f9e21395-1bcf-40d4-8edb-6f91c23aa5c2/omNode-3/ratis] (custom)
2023-02-28 04:32:15,872 [Listener at 127.0.0.1/39453] INFO  server.RaftServer (RaftServerProxy.java:addNew(96)) - omNode-3: addNew group-523986131536:[omNode-3|rpc:localhost:42259|priority:0|startupRole:FOLLOWER, omNode-1|rpc:localhost:37087|priority:0|startupRole:FOLLOWER, omNode-2|rpc:localhost:39895|priority:0|startupRole:FOLLOWER] returns group-523986131536:java.util.concurrent.CompletableFuture@2894519b[Not completed]
2023-02-28 04:32:15,872 [Listener at 127.0.0.1/39453] INFO  om.OzoneManager (OzoneManager.java:initializeRatisServer(2094)) - OzoneManager Ratis server initialized at port 42259
2023-02-28 04:32:15,872 [pool-112-thread-1] INFO  server.RaftServer$Division (RaftServerImpl.java:<init>(195)) - omNode-3: new RaftServerImpl for group-523986131536:[omNode-3|rpc:localhost:42259|priority:0|startupRole:FOLLOWER, omNode-1|rpc:localhost:37087|priority:0|startupRole:FOLLOWER, omNode-2|rpc:localhost:39895|priority:0|startupRole:FOLLOWER] with OzoneManagerStateMachine:uninitialized
2023-02-28 04:32:15,875 [pool-112-thread-1] INFO  server.RaftServerConfigKeys (ConfUtils.java:logGet(46)) - raft.server.rpc.timeout.min = 1s (custom)
2023-02-28 04:32:15,875 [pool-112-thread-1] INFO  server.RaftServerConfigKeys (ConfUtils.java:logGet(46)) - raft.server.rpc.timeout.max = 1200ms (custom)
2023-02-28 04:32:15,875 [pool-112-thread-1] INFO  server.RaftServerConfigKeys (ConfUtils.java:logGet(46)) - raft.server.rpc.sleep.time = 25ms (default)
2023-02-28 04:32:15,875 [pool-112-thread-1] INFO  server.RaftServerConfigKeys (ConfUtils.java:logGet(46)) - raft.server.rpc.slowness.timeout = 2s (custom)
2023-02-28 04:32:15,875 [pool-112-thread-1] INFO  server.RaftServerConfigKeys (ConfUtils.java:logGet(46)) - raft.server.leaderelection.leader.step-down.wait-time = 10s (default)
2023-02-28 04:32:15,875 [pool-112-thread-1] INFO  server.RaftServerConfigKeys (ConfUtils.java:logGet(46)) - raft.server.sleep.deviation.threshold = 300ms (default)
2023-02-28 04:32:15,875 [pool-112-thread-1] INFO  server.RaftServer$Division (ServerState.java:<init>(118)) - omNode-3@group-523986131536: ConfigurationManager, init=-1: peers:[omNode-3|rpc:localhost:42259|priority:0|startupRole:FOLLOWER, omNode-1|rpc:localhost:37087|priority:0|startupRole:FOLLOWER, omNode-2|rpc:localhost:39895|priority:0|startupRole:FOLLOWER]|listeners:[], old=null, confs=<EMPTY_MAP>
2023-02-28 04:32:15,875 [pool-112-thread-1] INFO  server.RaftServerConfigKeys (ConfUtils.java:logGet(46)) - raft.server.storage.dir = [/home/runner/work/ozone/ozone/hadoop-ozone/integration-test/target/test-dir/MiniOzoneClusterImpl-f9e21395-1bcf-40d4-8edb-6f91c23aa5c2/omNode-3/ratis] (custom)
2023-02-28 04:32:15,876 [pool-112-thread-1] INFO  server.RaftServerConfigKeys (ConfUtils.java:logGet(46)) - raft.server.log.corruption.policy = EXCEPTION (default)
2023-02-28 04:32:15,876 [pool-112-thread-1] INFO  server.RaftServerConfigKeys (ConfUtils.java:logGet(46)) - raft.server.storage.free-space.min = 0MB (=0) (default)
2023-02-28 04:32:15,882 [pool-112-thread-1] INFO  server.RaftServerConfigKeys (ConfUtils.java:logGet(46)) - raft.server.notification.no-leader.timeout = 2s (custom)
2023-02-28 04:32:15,882 [pool-112-thread-1] INFO  server.RaftServerConfigKeys (ConfUtils.java:logGet(46)) - raft.server.retrycache.expirytime = 300s (custom)
2023-02-28 04:32:15,882 [pool-112-thread-1] INFO  server.RaftServerConfigKeys (ConfUtils.java:logGet(46)) - raft.server.retrycache.statistics.expirytime = 100μs (default)
2023-02-28 04:32:15,875 [omNode-1@group-523986131536-LeaderElection1] INFO  segmented.SegmentedRaftLogWorker (SegmentedRaftLogWorker.java:startLogSegment(452)) - omNode-1@group-523986131536-SegmentedRaftLogWorker: Starting segment from index:0
2023-02-28 04:32:15,872 [Listener at 127.0.0.1/39453] INFO  om.OzoneManager (OzoneManager.java:getRpcServer(1131)) - Creating RPC Server
2023-02-28 04:32:15,886 [pool-112-thread-1] INFO  server.RaftServerConfigKeys (ConfUtils.java:logGet(46)) - raft.server.log.appender.install.snapshot.enabled = false (custom)
2023-02-28 04:32:15,887 [pool-112-thread-1] INFO  server.RaftServerConfigKeys (ConfUtils.java:logGet(46)) - raft.server.threadpool.server.cached = true (default)
2023-02-28 04:32:15,887 [pool-112-thread-1] INFO  server.RaftServerConfigKeys (ConfUtils.java:logGet(46)) - raft.server.threadpool.server.size = 0 (default)
2023-02-28 04:32:15,887 [pool-112-thread-1] INFO  server.RaftServerConfigKeys (ConfUtils.java:logGet(46)) - raft.server.threadpool.client.cached = true (default)
2023-02-28 04:32:15,887 [pool-112-thread-1] INFO  server.RaftServerConfigKeys (ConfUtils.java:logGet(46)) - raft.server.threadpool.client.size = 0 (default)
2023-02-28 04:32:15,955 [omNode-1@group-523986131536-LeaderElection1] INFO  server.RaftServer$Division (ServerState.java:setRaftConf(430)) - omNode-1@group-523986131536: set configuration 0: peers:[omNode-3|rpc:localhost:42259|admin:|client:|dataStream:|priority:0|startupRole:FOLLOWER, omNode-1|rpc:localhost:37087|admin:|client:|dataStream:|priority:0|startupRole:FOLLOWER, omNode-2|rpc:localhost:39895|admin:|client:|dataStream:|priority:0|startupRole:FOLLOWER]|listeners:[], old=null
2023-02-28 04:32:16,017 [grpc-default-executor-1] WARN  server.GrpcLogAppender (LogUtils.java:warn(122)) - omNode-1@group-523986131536->omNode-3-AppendLogResponseHandler: Failed appendEntries: org.apache.ratis.thirdparty.io.grpc.StatusRuntimeException: UNAVAILABLE: io exception
2023-02-28 04:32:16,019 [grpc-default-executor-1] WARN  server.GrpcLogAppender (GrpcLogAppender.java:resetClient(131)) - omNode-1@group-523986131536->omNode-3-GrpcLogAppender: Leader has not got in touch with Follower omNode-1@group-523986131536->omNode-3(c-1,m0,n0, attendVote=true, lastRpcSendTime=1394, lastRpcResponseTime=1394) yet, just keep nextIndex unchanged and retry.
2023-02-28 04:32:16,059 [grpc-default-executor-2] WARN  server.GrpcLogAppender (LogUtils.java:warn(122)) - omNode-1@group-523986131536->omNode-3-AppendLogResponseHandler: Failed appendEntries: org.apache.ratis.thirdparty.io.grpc.StatusRuntimeException: UNAVAILABLE: io exception
2023-02-28 04:32:16,066 [grpc-default-executor-2] WARN  server.GrpcLogAppender (GrpcLogAppender.java:resetClient(131)) - omNode-1@group-523986131536->omNode-3-GrpcLogAppender: Leader has not got in touch with Follower omNode-1@group-523986131536->omNode-3(c-1,m0,n1, attendVote=true, lastRpcSendTime=13, lastRpcResponseTime=1441) yet, just keep nextIndex unchanged and retry.
2023-02-28 04:32:16,094 [omNode-2-server-thread1] INFO  server.RaftServer$Division (ServerState.java:setLeader(313)) - omNode-2@group-523986131536: change Leader from null to omNode-1 at term 1 for appendEntries, leader elected after 1614ms
2023-02-28 04:32:16,097 [omNode-2-server-thread1] INFO  server.RaftServer$Division (ServerState.java:setRaftConf(430)) - omNode-2@group-523986131536: set configuration 0: peers:[omNode-3|rpc:localhost:42259|admin:|client:|dataStream:|priority:0|startupRole:FOLLOWER, omNode-1|rpc:localhost:37087|admin:|client:|dataStream:|priority:0|startupRole:FOLLOWER, omNode-2|rpc:localhost:39895|admin:|client:|dataStream:|priority:0|startupRole:FOLLOWER]|listeners:[], old=null
2023-02-28 04:32:16,104 [omNode-2-server-thread1] INFO  segmented.SegmentedRaftLogWorker (SegmentedRaftLogWorker.java:startLogSegment(452)) - omNode-2@group-523986131536-SegmentedRaftLogWorker: Starting segment from index:0
2023-02-28 04:32:16,110 [grpc-default-executor-3] WARN  server.GrpcLogAppender (LogUtils.java:warn(122)) - omNode-1@group-523986131536->omNode-3-AppendLogResponseHandler: Failed appendEntries: org.apache.ratis.thirdparty.io.grpc.StatusRuntimeException: UNAVAILABLE: io exception
2023-02-28 04:32:16,111 [grpc-default-executor-3] WARN  server.GrpcLogAppender (GrpcLogAppender.java:resetClient(131)) - omNode-1@group-523986131536->omNode-3-GrpcLogAppender: Leader has not got in touch with Follower omNode-1@group-523986131536->omNode-3(c-1,m0,n1, attendVote=true, lastRpcSendTime=58, lastRpcResponseTime=1486) yet, just keep nextIndex unchanged and retry.
2023-02-28 04:32:16,114 [grpc-default-executor-0] WARN  server.GrpcLogAppender (LogUtils.java:warn(122)) - omNode-1@group-523986131536->omNode-3-AppendLogResponseHandler: Failed appendEntries: org.apache.ratis.thirdparty.io.grpc.StatusRuntimeException: UNAVAILABLE: io exception
2023-02-28 04:32:16,114 [grpc-default-executor-0] WARN  server.GrpcLogAppender (GrpcLogAppender.java:resetClient(131)) - omNode-1@group-523986131536->omNode-3-GrpcLogAppender: Leader has not got in touch with Follower omNode-1@group-523986131536->omNode-3(c-1,m0,n1, attendVote=true, lastRpcSendTime=60, lastRpcResponseTime=1488) yet, just keep nextIndex unchanged and retry.
2023-02-28 04:32:16,378 [grpc-default-executor-2] WARN  server.GrpcLogAppender (LogUtils.java:warn(122)) - omNode-1@group-523986131536->omNode-3-AppendLogResponseHandler: Failed appendEntries: org.apache.ratis.thirdparty.io.grpc.StatusRuntimeException: UNAVAILABLE: io exception
2023-02-28 04:32:16,379 [grpc-default-executor-0] WARN  server.GrpcLogAppender (LogUtils.java:warn(122)) - omNode-1@group-523986131536->omNode-3-AppendLogResponseHandler: Failed appendEntries: org.apache.ratis.thirdparty.io.grpc.StatusRuntimeException: UNAVAILABLE: io exception
2023-02-28 04:32:16,379 [grpc-default-executor-2] WARN  server.GrpcLogAppender (GrpcLogAppender.java:resetClient(131)) - omNode-1@group-523986131536->omNode-3-GrpcLogAppender: Leader has not got in touch with Follower omNode-1@group-523986131536->omNode-3(c-1,m0,n1, attendVote=true, lastRpcSendTime=326, lastRpcResponseTime=1754) yet, just keep nextIndex unchanged and retry.
2023-02-28 04:32:16,379 [grpc-default-executor-0] WARN  server.GrpcLogAppender (GrpcLogAppender.java:resetClient(131)) - omNode-1@group-523986131536->omNode-3-GrpcLogAppender: Leader has not got in touch with Follower omNode-1@group-523986131536->omNode-3(c-1,m0,n1, attendVote=true, lastRpcSendTime=326, lastRpcResponseTime=1754) yet, just keep nextIndex unchanged and retry.
2023-02-28 04:32:16,386 [omNode-1@group-523986131536-SegmentedRaftLogWorker] INFO  segmented.SegmentedRaftLogWorker (SegmentedRaftLogWorker.java:execute(656)) - omNode-1@group-523986131536-SegmentedRaftLogWorker: created new log segment /home/runner/work/ozone/ozone/hadoop-ozone/integration-test/target/test-dir/MiniOzoneClusterImpl-f9e21395-1bcf-40d4-8edb-6f91c23aa5c2/omNode-1/ratis/c9bc4cf4-3bc3-3c60-a66b-523986131536/current/log_inprogress_0
2023-02-28 04:32:16,396 [JvmPauseMonitor1] WARN  util.JvmPauseMonitor (JvmPauseMonitor.java:detectPause(126)) - JvmPauseMonitor-omNode-2: Detected pause in JVM or host machine (eg GC): pause of approximately 134424679ns.
GC pool 'PS MarkSweep' had collection(s): count=1 time=95ms
GC pool 'PS Scavenge' had collection(s): count=1 time=67ms
2023-02-28 04:32:16,399 [omNode-2@group-523986131536-SegmentedRaftLogWorker] INFO  segmented.SegmentedRaftLogWorker (SegmentedRaftLogWorker.java:execute(656)) - omNode-2@group-523986131536-SegmentedRaftLogWorker: created new log segment /home/runner/work/ozone/ozone/hadoop-ozone/integration-test/target/test-dir/MiniOzoneClusterImpl-f9e21395-1bcf-40d4-8edb-6f91c23aa5c2/omNode-2/ratis/c9bc4cf4-3bc3-3c60-a66b-523986131536/current/log_inprogress_0
2023-02-28 04:32:16,644 [grpc-default-executor-0] WARN  server.GrpcLogAppender (LogUtils.java:warn(122)) - omNode-1@group-523986131536->omNode-3-AppendLogResponseHandler: Failed appendEntries: org.apache.ratis.thirdparty.io.grpc.StatusRuntimeException: UNAVAILABLE: io exception
2023-02-28 04:32:16,645 [grpc-default-executor-0] WARN  server.GrpcLogAppender (GrpcLogAppender.java:resetClient(131)) - omNode-1@group-523986131536->omNode-3-GrpcLogAppender: Leader has not got in touch with Follower omNode-1@group-523986131536->omNode-3(c-1,m0,n1, attendVote=true, lastRpcSendTime=252, lastRpcResponseTime=2020) yet, just keep nextIndex unchanged and retry.
2023-02-28 04:32:16,645 [grpc-default-executor-2] WARN  server.GrpcLogAppender (LogUtils.java:warn(122)) - omNode-1@group-523986131536->omNode-3-AppendLogResponseHandler: Failed appendEntries: org.apache.ratis.thirdparty.io.grpc.StatusRuntimeException: UNAVAILABLE: io exception
2023-02-28 04:32:16,645 [grpc-default-executor-2] WARN  server.GrpcLogAppender (GrpcLogAppender.java:resetClient(131)) - omNode-1@group-523986131536->omNode-3-GrpcLogAppender: Leader has not got in touch with Follower omNode-1@group-523986131536->omNode-3(c-1,m0,n1, attendVote=true, lastRpcSendTime=252, lastRpcResponseTime=2020) yet, just keep nextIndex unchanged and retry.
2023-02-28 04:32:16,679 [omNode-1@group-523986131536-StateMachineUpdater] INFO  ratis.OzoneManagerStateMachine (OzoneManagerStateMachine.java:notifyConfigurationChanged(192)) - Received Configuration change notification from Ratis. New Peer list:
[id: "omNode-3"
address: "localhost:42259"
startupRole: FOLLOWER
, id: "omNode-1"
address: "localhost:37087"
startupRole: FOLLOWER
, id: "omNode-2"
address: "localhost:39895"
startupRole: FOLLOWER
]
2023-02-28 04:32:16,811 [Listener at 127.0.0.1/39453] INFO  reflections.Reflections (Reflections.java:scan(232)) - Reflections took 926 ms to scan 19 urls, producing 68 keys and 4864 values [using 2 cores]
2023-02-28 04:32:16,812 [Listener at 127.0.0.1/39453] INFO  ipc.CallQueueManager (CallQueueManager.java:<init>(90)) - Using callQueue: class java.util.concurrent.LinkedBlockingQueue, queueCapacity: 2000, scheduler: class org.apache.hadoop.ipc.DefaultRpcScheduler, ipcBackoff: false.
2023-02-28 04:32:16,813 [Socket Reader #1 for port 43975] INFO  ipc.Server (Server.java:run(1273)) - Starting Socket Reader #1 for port 43975
2023-02-28 04:32:16,839 [Listener at 127.0.0.1/43975] INFO  impl.MetricsSystemImpl (MetricsSystemImpl.java:init(158)) - OzoneManager metrics system started (again)
2023-02-28 04:32:16,852 [Listener at 127.0.0.1/43975] INFO  om.OzoneManager (OzoneManager.java:start(1551)) - OzoneManager RPC server is listening at localhost/127.0.0.1:43975
2023-02-28 04:32:16,852 [Listener at 127.0.0.1/43975] INFO  ratis.OzoneManagerRatisServer (OzoneManagerRatisServer.java:start(559)) - Starting OzoneManagerRatisServer omNode-3 at port 42259
2023-02-28 04:32:16,853 [omNode-3-impl-thread1] INFO  storage.RaftStorageDirectory (RaftStorageDirectoryImpl.java:analyzeStorage(137)) - The storage directory /home/runner/work/ozone/ozone/hadoop-ozone/integration-test/target/test-dir/MiniOzoneClusterImpl-f9e21395-1bcf-40d4-8edb-6f91c23aa5c2/omNode-3/ratis/c9bc4cf4-3bc3-3c60-a66b-523986131536 does not exist. Creating ...
2023-02-28 04:32:16,854 [omNode-3-impl-thread1] INFO  storage.RaftStorageDirectory (RaftStorageDirectoryImpl.java:tryLock(231)) - Lock on /home/runner/work/ozone/ozone/hadoop-ozone/integration-test/target/test-dir/MiniOzoneClusterImpl-f9e21395-1bcf-40d4-8edb-6f91c23aa5c2/omNode-3/ratis/c9bc4cf4-3bc3-3c60-a66b-523986131536/in_use.lock acquired by nodename 61299@fv-az467-141
2023-02-28 04:32:16,855 [omNode-3-impl-thread1] INFO  storage.RaftStorage (RaftStorageImpl.java:format(96)) - Storage directory /home/runner/work/ozone/ozone/hadoop-ozone/integration-test/target/test-dir/MiniOzoneClusterImpl-f9e21395-1bcf-40d4-8edb-6f91c23aa5c2/omNode-3/ratis/c9bc4cf4-3bc3-3c60-a66b-523986131536 has been successfully formatted.
2023-02-28 04:32:16,855 [omNode-3-impl-thread1] INFO  server.RaftServerConfigKeys (ConfUtils.java:logGet(46)) - raft.server.log.use.memory = false (default)
2023-02-28 04:32:16,855 [omNode-3-impl-thread1] INFO  server.RaftServerConfigKeys (ConfUtils.java:logGet(46)) - raft.server.log.purge.gap = 1000000 (custom)
2023-02-28 04:32:16,855 [omNode-3-impl-thread1] INFO  server.RaftServerConfigKeys (ConfUtils.java:logGet(46)) - raft.server.log.appender.buffer.byte-limit = 33554432 (custom)
2023-02-28 04:32:16,855 [omNode-3-impl-thread1] INFO  server.RaftServerConfigKeys (ConfUtils.java:logGet(46)) - raft.server.log.statemachine.data.read.timeout = 1000ms (default)
2023-02-28 04:32:16,855 [omNode-3-impl-thread1] INFO  server.RaftServerConfigKeys (ConfUtils.java:logGet(46)) - raft.server.log.purge.preservation.log.num = 0 (default)
2023-02-28 04:32:16,856 [omNode-3-impl-thread1] INFO  server.RaftServerConfigKeys (ConfUtils.java:logGet(46)) - raft.server.log.segment.size.max = 4194304 (custom)
2023-02-28 04:32:16,856 [omNode-3-impl-thread1] INFO  server.RaftServerConfigKeys (ConfUtils.java:logGet(46)) - raft.server.log.segment.cache.num.max = 2 (custom)
2023-02-28 04:32:16,856 [omNode-3-impl-thread1] INFO  server.RaftServerConfigKeys (ConfUtils.java:logGet(46)) - raft.server.log.segment.cache.size.max = 200MB (=209715200) (default)
2023-02-28 04:32:16,856 [omNode-3-impl-thread1] INFO  segmented.SegmentedRaftLogWorker (SegmentedRaftLogWorker.java:<init>(189)) - new omNode-3@group-523986131536-SegmentedRaftLogWorker for RaftStorageImpl:Storage Directory /home/runner/work/ozone/ozone/hadoop-ozone/integration-test/target/test-dir/MiniOzoneClusterImpl-f9e21395-1bcf-40d4-8edb-6f91c23aa5c2/omNode-3/ratis/c9bc4cf4-3bc3-3c60-a66b-523986131536
2023-02-28 04:32:16,856 [omNode-3-impl-thread1] INFO  server.RaftServerConfigKeys (ConfUtils.java:logGet(46)) - raft.server.log.queue.byte-limit = 64MB (=67108864) (default)
2023-02-28 04:32:16,856 [omNode-3-impl-thread1] INFO  server.RaftServerConfigKeys (ConfUtils.java:logGet(46)) - raft.server.log.queue.element-limit = 4096 (default)
2023-02-28 04:32:16,856 [omNode-3-impl-thread1] INFO  server.RaftServerConfigKeys (ConfUtils.java:logGet(46)) - raft.server.log.segment.size.max = 4194304 (custom)
2023-02-28 04:32:16,856 [omNode-3-impl-thread1] INFO  server.RaftServerConfigKeys (ConfUtils.java:logGet(46)) - raft.server.log.preallocated.size = 4194304 (custom)
2023-02-28 04:32:16,856 [omNode-3-impl-thread1] INFO  server.RaftServerConfigKeys (ConfUtils.java:logGet(46)) - raft.server.log.force.sync.num = 128 (default)
2023-02-28 04:32:16,856 [omNode-3-impl-thread1] INFO  server.RaftServerConfigKeys (ConfUtils.java:logGet(46)) - raft.server.log.statemachine.data.sync = true (default)
2023-02-28 04:32:16,856 [omNode-3-impl-thread1] INFO  server.RaftServerConfigKeys (ConfUtils.java:logGet(46)) - raft.server.log.statemachine.data.sync.timeout = 10s (default)
2023-02-28 04:32:16,857 [omNode-3-impl-thread1] INFO  server.RaftServerConfigKeys (ConfUtils.java:logGet(46)) - raft.server.log.statemachine.data.sync.timeout.retry = -1 (default)
2023-02-28 04:32:16,857 [omNode-3-impl-thread1] INFO  server.RaftServerConfigKeys (ConfUtils.java:logGet(46)) - raft.server.log.write.buffer.size = 64KB (=65536) (default)
2023-02-28 04:32:16,857 [omNode-3-impl-thread1] INFO  server.RaftServerConfigKeys (ConfUtils.java:logGet(46)) - raft.server.log.appender.buffer.byte-limit = 33554432 (custom)
2023-02-28 04:32:16,862 [omNode-3-impl-thread1] INFO  server.RaftServerConfigKeys (ConfUtils.java:logGet(46)) - raft.server.log.unsafe-flush.enabled = false (default)
2023-02-28 04:32:16,862 [omNode-3-impl-thread1] INFO  server.RaftServerConfigKeys (ConfUtils.java:logGet(46)) - raft.server.log.async-flush.enabled = false (default)
2023-02-28 04:32:16,862 [omNode-3-impl-thread1] INFO  server.RaftServerConfigKeys (ConfUtils.java:logGet(46)) - raft.server.log.statemachine.data.caching.enabled = false (default)
2023-02-28 04:32:16,862 [omNode-3-impl-thread1] INFO  segmented.SegmentedRaftLogWorker (SegmentedRaftLogWorker.java:lambda$new$0(135)) - omNode-3@group-523986131536-SegmentedRaftLogWorker: flushIndex: setUnconditionally 0 -> -1
2023-02-28 04:32:16,862 [omNode-3-impl-thread1] INFO  segmented.SegmentedRaftLogWorker (SegmentedRaftLogWorker.java:lambda$new$0(135)) - omNode-3@group-523986131536-SegmentedRaftLogWorker: safeCacheEvictIndex: setUnconditionally 0 -> -1
2023-02-28 04:32:16,863 [omNode-3-impl-thread1] INFO  server.RaftServer$Division (RaftServerImpl.java:start(334)) - omNode-3@group-523986131536: start as a follower, conf=-1: peers:[omNode-3|rpc:localhost:42259|priority:0|startupRole:FOLLOWER, omNode-1|rpc:localhost:37087|priority:0|startupRole:FOLLOWER, omNode-2|rpc:localhost:39895|priority:0|startupRole:FOLLOWER]|listeners:[], old=null
2023-02-28 04:32:16,863 [omNode-3-impl-thread1] INFO  server.RaftServer$Division (RaftServerImpl.java:setRole(321)) - omNode-3@group-523986131536: changes role from      null to FOLLOWER at term 0 for startAsFollower
2023-02-28 04:32:16,865 [omNode-3-impl-thread1] INFO  impl.RoleInfo (RoleInfo.java:updateAndGet(139)) - omNode-3: start omNode-3@group-523986131536-FollowerState
2023-02-28 04:32:16,866 [omNode-3@group-523986131536-FollowerState] INFO  server.RaftServerConfigKeys (ConfUtils.java:logFallback(53)) - raft.server.rpc.first-election.timeout.min = 1s (fallback to raft.server.rpc.timeout.min)
2023-02-28 04:32:16,866 [omNode-3-impl-thread1] INFO  util.JmxRegister (JmxRegister.java:tryRegister(44)) - Successfully registered JMX Bean with object name Ratis:service=RaftServer,group=group-523986131536,id=omNode-3
2023-02-28 04:32:16,866 [omNode-3@group-523986131536-FollowerState] INFO  server.RaftServerConfigKeys (ConfUtils.java:logFallback(53)) - raft.server.rpc.first-election.timeout.max = 1200ms (fallback to raft.server.rpc.timeout.max)
2023-02-28 04:32:16,866 [omNode-3-impl-thread1] INFO  server.RaftServerConfigKeys (ConfUtils.java:logGet(46)) - raft.server.snapshot.auto.trigger.enabled = true (custom)
2023-02-28 04:32:16,866 [omNode-3-impl-thread1] INFO  server.RaftServerConfigKeys (ConfUtils.java:logGet(46)) - raft.server.snapshot.auto.trigger.threshold = 400000 (default)
2023-02-28 04:32:16,866 [omNode-3-impl-thread1] INFO  server.RaftServerConfigKeys (ConfUtils.java:logGet(46)) - raft.server.snapshot.retention.file.num = -1 (default)
2023-02-28 04:32:16,866 [omNode-3-impl-thread1] INFO  server.RaftServerConfigKeys (ConfUtils.java:logGet(46)) - raft.server.log.purge.upto.snapshot.index = true (custom)
2023-02-28 04:32:16,867 [Listener at 127.0.0.1/43975] INFO  server.RaftServer (RaftServerProxy.java:startImpl(393)) - omNode-3: start RPC server
2023-02-28 04:32:16,870 [Listener at 127.0.0.1/43975] INFO  server.GrpcService (GrpcService.java:startImpl(262)) - omNode-3: GrpcService started, listening on 42259
2023-02-28 04:32:16,871 [Listener at 127.0.0.1/43975] INFO  om.OzoneManager (OzoneManager.java:start(1567)) - Version File has different layout version (3) than OM DB (null). That is expected if this OM has never been finalized to a newer layout version.
2023-02-28 04:32:16,871 [JvmPauseMonitor2] INFO  util.JvmPauseMonitor (JvmPauseMonitor.java:run(105)) - JvmPauseMonitor-omNode-3: Started
2023-02-28 04:32:16,874 [Listener at 127.0.0.1/43975] INFO  http.BaseHttpServer (BaseHttpServer.java:newHttpServer2BuilderForOzone(213)) - Starting Web-server for ozoneManager at: http://0.0.0.0:35193
2023-02-28 04:32:16,874 [Listener at 127.0.0.1/43975] INFO  http.BaseHttpServer (BaseHttpServer.java:<init>(108)) - Hadoop Security Enabled: false Ozone Security Enabled: false Ozone HTTP Security Enabled: false 
2023-02-28 04:32:16,875 [Listener at 127.0.0.1/43975] WARN  server.AuthenticationFilter (AuthenticationFilter.java:constructSecretProvider(240)) - Unable to initialize FileSignerSecretProvider, falling back to use random secrets. Reason: Could not read signature secret file: /home/runner/hadoop-http-auth-signature-secret
2023-02-28 04:32:16,876 [Listener at 127.0.0.1/43975] WARN  http.HttpRequestLog (HttpRequestLog.java:getRequestLog(103)) - Jetty request log can only be enabled using Log4j
2023-02-28 04:32:16,879 [Listener at 127.0.0.1/43975] INFO  http.HttpServer2 (HttpServer2.java:addGlobalFilter(1031)) - Added global filter 'safety' (class=org.apache.hadoop.hdds.server.http.HttpServer2$QuotingInputFilter)
2023-02-28 04:32:16,880 [Listener at 127.0.0.1/43975] INFO  http.HttpServer2 (HttpServer2.java:addFilter(1007)) - Added filter static_user_filter (class=org.apache.hadoop.http.lib.StaticUserWebFilter$StaticUserFilter) to context ozoneManager
2023-02-28 04:32:16,880 [Listener at 127.0.0.1/43975] INFO  http.HttpServer2 (HttpServer2.java:addFilter(1015)) - Added filter static_user_filter (class=org.apache.hadoop.http.lib.StaticUserWebFilter$StaticUserFilter) to context logs
2023-02-28 04:32:16,880 [Listener at 127.0.0.1/43975] INFO  http.HttpServer2 (HttpServer2.java:addFilter(1015)) - Added filter static_user_filter (class=org.apache.hadoop.http.lib.StaticUserWebFilter$StaticUserFilter) to context static
2023-02-28 04:32:16,881 [Listener at 127.0.0.1/43975] INFO  http.HttpServer2 (HttpServer2.java:bindListener(1250)) - Jetty bound to port 35193
2023-02-28 04:32:16,881 [Listener at 127.0.0.1/43975] INFO  server.Server (Server.java:doStart(375)) - jetty-9.4.49.v20220914; built: 2022-09-14T01:07:36.601Z; git: 4231a3b2e4cb8548a412a789936d640a97b1aa0a; jvm 1.8.0_362-b09
2023-02-28 04:32:16,889 [Listener at 127.0.0.1/43975] INFO  server.session (DefaultSessionIdManager.java:doStart(334)) - DefaultSessionIdManager workerName=node0
2023-02-28 04:32:16,889 [Listener at 127.0.0.1/43975] INFO  server.session (DefaultSessionIdManager.java:doStart(339)) - No SessionScavenger set, using defaults
2023-02-28 04:32:16,889 [Listener at 127.0.0.1/43975] INFO  server.session (HouseKeeper.java:startScavenging(132)) - node0 Scavenging every 600000ms
2023-02-28 04:32:16,890 [Listener at 127.0.0.1/43975] INFO  handler.ContextHandler (ContextHandler.java:doStart(921)) - Started o.e.j.s.ServletContextHandler@15f436d7{logs,/logs,file:///home/runner/work/ozone/ozone/hadoop-ozone/integration-test/target/log,AVAILABLE}
2023-02-28 04:32:16,890 [Listener at 127.0.0.1/43975] INFO  handler.ContextHandler (ContextHandler.java:doStart(921)) - Started o.e.j.s.ServletContextHandler@42a327e{static,/static,file:///home/runner/work/ozone/ozone/hadoop-ozone/integration-test/target/test-classes/webapps/static,AVAILABLE}
2023-02-28 04:32:16,900 [grpc-default-executor-2] WARN  server.GrpcLogAppender (LogUtils.java:warn(122)) - omNode-1@group-523986131536->omNode-3-AppendLogResponseHandler: Failed appendEntries: org.apache.ratis.thirdparty.io.grpc.StatusRuntimeException: UNAVAILABLE: io exception
2023-02-28 04:32:16,901 [Listener at 127.0.0.1/43975] INFO  handler.ContextHandler (ContextHandler.java:doStart(921)) - Started o.e.j.w.WebAppContext@209ccf62{ozoneManager,/,file:///home/runner/work/ozone/ozone/hadoop-ozone/integration-test/target/test-classes/webapps/ozoneManager/,AVAILABLE}{file:/home/runner/work/ozone/ozone/hadoop-ozone/integration-test/target/test-classes/webapps/ozoneManager}
2023-02-28 04:32:16,901 [grpc-default-executor-2] WARN  server.GrpcLogAppender (GrpcLogAppender.java:resetClient(131)) - omNode-1@group-523986131536->omNode-3-GrpcLogAppender: Leader has not got in touch with Follower omNode-1@group-523986131536->omNode-3(c-1,m0,n1, attendVote=true, lastRpcSendTime=251, lastRpcResponseTime=2276) yet, just keep nextIndex unchanged and retry.
2023-02-28 04:32:16,901 [grpc-default-executor-0] WARN  server.GrpcLogAppender (LogUtils.java:warn(122)) - omNode-1@group-523986131536->omNode-3-AppendLogResponseHandler: Failed appendEntries: org.apache.ratis.thirdparty.io.grpc.StatusRuntimeException: UNAVAILABLE: io exception
2023-02-28 04:32:16,901 [grpc-default-executor-0] WARN  server.GrpcLogAppender (GrpcLogAppender.java:resetClient(131)) - omNode-1@group-523986131536->omNode-3-GrpcLogAppender: Leader has not got in touch with Follower omNode-1@group-523986131536->omNode-3(c-1,m0,n1, attendVote=true, lastRpcSendTime=251, lastRpcResponseTime=2276) yet, just keep nextIndex unchanged and retry.
2023-02-28 04:32:16,910 [Listener at 127.0.0.1/43975] INFO  server.AbstractConnector (AbstractConnector.java:doStart(333)) - Started ServerConnector@4775d6d0{HTTP/1.1, (http/1.1)}{0.0.0.0:35193}
2023-02-28 04:32:16,910 [Listener at 127.0.0.1/43975] INFO  server.Server (Server.java:doStart(415)) - Started @10086ms
2023-02-28 04:32:16,910 [Listener at 127.0.0.1/43975] WARN  impl.MetricsSystemImpl (MetricsSystemImpl.java:register(279)) - Sink prometheus already exists!
2023-02-28 04:32:16,911 [Listener at 127.0.0.1/43975] INFO  http.BaseHttpServer (BaseHttpServer.java:updateConnectorAddress(333)) - HTTP server of ozoneManager listening at http://0.0.0.0:35193
2023-02-28 04:32:16,911 [IPC Server Responder] INFO  ipc.Server (Server.java:run(1512)) - IPC Server Responder: starting
2023-02-28 04:32:16,912 [IPC Server listener on 43975] INFO  ipc.Server (Server.java:run(1352)) - IPC Server listener on 43975: starting
2023-02-28 04:32:16,915 [Listener at 127.0.0.1/43975] INFO  om.OzoneManager (OzoneManager.java:startTrashEmptier(2038)) - Trash Interval set to 0. Files deleted won't move to trash
2023-02-28 04:32:16,915 [Listener at 127.0.0.1/43975] INFO  ozone.MiniOzoneHAClusterImpl (MiniOzoneHAClusterImpl.java:createOMService(527)) - Started OzoneManager omNode-3 RPC server at localhost/127.0.0.1:43975
2023-02-28 04:32:16,916 [org.apache.hadoop.util.JvmPauseMonitor$Monitor@cdb12a5] INFO  util.JvmPauseMonitor (JvmPauseMonitor.java:run(188)) - Starting JVM pause monitor
2023-02-28 04:32:16,941 [omNode-2@group-523986131536-StateMachineUpdater] INFO  ratis.OzoneManagerStateMachine (OzoneManagerStateMachine.java:notifyConfigurationChanged(192)) - Received Configuration change notification from Ratis. New Peer list:
[id: "omNode-3"
address: "localhost:42259"
startupRole: FOLLOWER
, id: "omNode-1"
address: "localhost:37087"
startupRole: FOLLOWER
, id: "omNode-2"
address: "localhost:39895"
startupRole: FOLLOWER
]
2023-02-28 04:32:17,056 [Listener at 127.0.0.1/43975] WARN  impl.MetricRegistriesImpl (MetricRegistriesImpl.java:addReporterRegistration(111)) - New reporters are added after registries were created. Some metrics will be missing from the reporter. Please add reporter before adding any new registry.
2023-02-28 04:32:17,056 [Listener at 127.0.0.1/43975] WARN  impl.MetricRegistriesImpl (MetricRegistriesImpl.java:addReporterRegistration(111)) - New reporters are added after registries were created. Some metrics will be missing from the reporter. Please add reporter before adding any new registry.
2023-02-28 04:32:17,056 [Listener at 127.0.0.1/43975] INFO  impl.MetricsSystemImpl (MetricsSystemImpl.java:init(158)) - HddsDatanode metrics system started (again)
2023-02-28 04:32:17,072 [Listener at 127.0.0.1/43975] INFO  ozone.HddsDatanodeService (HddsDatanodeService.java:start(228)) - HddsDatanodeService host:fv-az467-141 ip:10.1.0.42
2023-02-28 04:32:17,096 [Listener at 127.0.0.1/43975] INFO  upgrade.AbstractLayoutVersionManager (AbstractLayoutVersionManager.java:init(83)) - Initializing Layout version manager with metadata layout = DATANODE_SCHEMA_V3 (version = 4), software layout = DATANODE_SCHEMA_V3 (version = 4)
2023-02-28 04:32:17,144 [Listener at 127.0.0.1/43975] INFO  reflections.Reflections (Reflections.java:scan(232)) - Reflections took 47 ms to scan 7 urls, producing 151 keys and 363 values 
2023-02-28 04:32:17,147 [Listener at 127.0.0.1/43975] INFO  statemachine.DatanodeStateMachine (DatanodeStateMachine.java:getEndPointTaskThreadPoolSize(260)) - Datanode State Machine Task Thread Pool size 2
2023-02-28 04:32:17,166 [omNode-3-server-thread1] INFO  server.RaftServer$Division (ServerState.java:setLeader(313)) - omNode-3@group-523986131536: change Leader from null to omNode-1 at term 1 for appendEntries, leader elected after 1283ms
2023-02-28 04:32:17,166 [omNode-3-server-thread1] INFO  server.RaftServer$Division (RaftServerImpl.java:checkInconsistentAppendEntries(1508)) - omNode-3@group-523986131536: Failed appendEntries as previous log entry ((t:1, i:0)) is not found
2023-02-28 04:32:17,166 [omNode-3-server-thread1] INFO  server.RaftServer$Division (RaftServerImpl.java:checkInconsistentAppendEntries(1478)) - omNode-3@group-523986131536: inconsistency entries. Reply:omNode-1<-omNode-3#13276:FAIL-t0,INCONSISTENCY,nextIndex=0,followerCommit=-1,matchIndex=-1
2023-02-28 04:32:17,172 [grpc-default-executor-2] INFO  leader.FollowerInfo (FollowerInfoImpl.java:lambda$new$0(48)) - omNode-1@group-523986131536->omNode-3: nextIndex: updateUnconditionally 1 -> 0
2023-02-28 04:32:17,177 [omNode-3-server-thread1] INFO  server.RaftServer$Division (ServerState.java:setRaftConf(430)) - omNode-3@group-523986131536: set configuration 0: peers:[omNode-3|rpc:localhost:42259|admin:|client:|dataStream:|priority:0|startupRole:FOLLOWER, omNode-1|rpc:localhost:37087|admin:|client:|dataStream:|priority:0|startupRole:FOLLOWER, omNode-2|rpc:localhost:39895|admin:|client:|dataStream:|priority:0|startupRole:FOLLOWER]|listeners:[], old=null
2023-02-28 04:32:17,178 [omNode-3-server-thread1] INFO  segmented.SegmentedRaftLogWorker (SegmentedRaftLogWorker.java:startLogSegment(452)) - omNode-3@group-523986131536-SegmentedRaftLogWorker: Starting segment from index:0
2023-02-28 04:32:17,187 [omNode-3@group-523986131536-SegmentedRaftLogWorker] INFO  segmented.SegmentedRaftLogWorker (SegmentedRaftLogWorker.java:execute(656)) - omNode-3@group-523986131536-SegmentedRaftLogWorker: created new log segment /home/runner/work/ozone/ozone/hadoop-ozone/integration-test/target/test-dir/MiniOzoneClusterImpl-f9e21395-1bcf-40d4-8edb-6f91c23aa5c2/omNode-3/ratis/c9bc4cf4-3bc3-3c60-a66b-523986131536/current/log_inprogress_0
2023-02-28 04:32:17,189 [omNode-3@group-523986131536-StateMachineUpdater] INFO  ratis.OzoneManagerStateMachine (OzoneManagerStateMachine.java:notifyConfigurationChanged(192)) - Received Configuration change notification from Ratis. New Peer list:
[id: "omNode-3"
address: "localhost:42259"
startupRole: FOLLOWER
, id: "omNode-1"
address: "localhost:37087"
startupRole: FOLLOWER
, id: "omNode-2"
address: "localhost:39895"
startupRole: FOLLOWER
]
2023-02-28 04:32:17,230 [Listener at 127.0.0.1/43975] INFO  volume.HddsVolume (HddsVolume.java:<init>(122)) - Creating HddsVolume: /home/runner/work/ozone/ozone/hadoop-ozone/integration-test/target/test-dir/MiniOzoneClusterImpl-f9e21395-1bcf-40d4-8edb-6f91c23aa5c2/datanode-0/data-0/containers/hdds of storage type : DISK capacity : 9223372036854775807
2023-02-28 04:32:17,232 [Listener at 127.0.0.1/43975] INFO  volume.MutableVolumeSet (MutableVolumeSet.java:initializeVolumeSet(174)) - Added Volume : /home/runner/work/ozone/ozone/hadoop-ozone/integration-test/target/test-dir/MiniOzoneClusterImpl-f9e21395-1bcf-40d4-8edb-6f91c23aa5c2/datanode-0/data-0/containers/hdds to VolumeSet
2023-02-28 04:32:17,233 [Listener at 127.0.0.1/43975] INFO  volume.ThrottledAsyncChecker (ThrottledAsyncChecker.java:schedule(141)) - Scheduling a check for /home/runner/work/ozone/ozone/hadoop-ozone/integration-test/target/test-dir/MiniOzoneClusterImpl-f9e21395-1bcf-40d4-8edb-6f91c23aa5c2/datanode-0/data-0/containers/hdds
2023-02-28 04:32:17,249 [Listener at 127.0.0.1/43975] INFO  volume.StorageVolumeChecker (StorageVolumeChecker.java:checkAllVolumes(202)) - Scheduled health check for volume /home/runner/work/ozone/ozone/hadoop-ozone/integration-test/target/test-dir/MiniOzoneClusterImpl-f9e21395-1bcf-40d4-8edb-6f91c23aa5c2/datanode-0/data-0/containers/hdds
2023-02-28 04:32:17,267 [Listener at 127.0.0.1/43975] INFO  volume.MutableVolumeSet (MutableVolumeSet.java:initializeVolumeSet(174)) - Added Volume : /home/runner/work/ozone/ozone/hadoop-ozone/integration-test/target/test-dir/MiniOzoneClusterImpl-f9e21395-1bcf-40d4-8edb-6f91c23aa5c2/datanode-0/data/ratis to VolumeSet
2023-02-28 04:32:17,267 [Listener at 127.0.0.1/43975] INFO  volume.ThrottledAsyncChecker (ThrottledAsyncChecker.java:schedule(141)) - Scheduling a check for /home/runner/work/ozone/ozone/hadoop-ozone/integration-test/target/test-dir/MiniOzoneClusterImpl-f9e21395-1bcf-40d4-8edb-6f91c23aa5c2/datanode-0/data/ratis
2023-02-28 04:32:17,267 [Listener at 127.0.0.1/43975] INFO  volume.StorageVolumeChecker (StorageVolumeChecker.java:checkAllVolumes(202)) - Scheduled health check for volume /home/runner/work/ozone/ozone/hadoop-ozone/integration-test/target/test-dir/MiniOzoneClusterImpl-f9e21395-1bcf-40d4-8edb-6f91c23aa5c2/datanode-0/data/ratis
2023-02-28 04:32:17,289 [Thread-248] INFO  ozoneimpl.ContainerReader (ContainerReader.java:readVolume(175)) - Finish verifying containers on volume /home/runner/work/ozone/ozone/hadoop-ozone/integration-test/target/test-dir/MiniOzoneClusterImpl-f9e21395-1bcf-40d4-8edb-6f91c23aa5c2/datanode-0/data-0/containers/hdds
2023-02-28 04:32:17,289 [Listener at 127.0.0.1/43975] INFO  ozoneimpl.OzoneContainer (OzoneContainer.java:buildContainerSet(304)) - Build ContainerSet costs 0s
2023-02-28 04:32:17,337 [Listener at 127.0.0.1/43975] INFO  audit.AuditLogger (AuditLogger.java:refreshDebugCmdSet(126)) - Refresh DebugCmdSet for DNAudit to [].
2023-02-28 04:32:17,367 [Listener at 127.0.0.1/43975] INFO  server.RaftServer (ConfUtils.java:logGet(46)) - raft.rpc.type = GRPC (default)
2023-02-28 04:32:17,368 [Listener at 127.0.0.1/43975] INFO  grpc.GrpcConfigKeys (ConfUtils.java:logFallback(53)) - raft.grpc.admin.host = null (fallback to raft.grpc.server.host)
2023-02-28 04:32:17,368 [Listener at 127.0.0.1/43975] INFO  grpc.GrpcConfigKeys (ConfUtils.java:logGet(46)) - raft.grpc.admin.port = 0 (custom)
2023-02-28 04:32:17,368 [Listener at 127.0.0.1/43975] INFO  grpc.GrpcConfigKeys (ConfUtils.java:logFallback(53)) - raft.grpc.client.host = null (fallback to raft.grpc.server.host)
2023-02-28 04:32:17,368 [Listener at 127.0.0.1/43975] INFO  grpc.GrpcConfigKeys (ConfUtils.java:logGet(46)) - raft.grpc.client.port = 0 (custom)
2023-02-28 04:32:17,368 [Listener at 127.0.0.1/43975] INFO  grpc.GrpcConfigKeys (ConfUtils.java:logGet(46)) - raft.grpc.server.host = null (default)
2023-02-28 04:32:17,368 [Listener at 127.0.0.1/43975] INFO  grpc.GrpcConfigKeys (ConfUtils.java:logGet(46)) - raft.grpc.server.port = 0 (default)
2023-02-28 04:32:17,368 [Listener at 127.0.0.1/43975] INFO  server.GrpcService (ConfUtils.java:logGet(46)) - raft.grpc.message.size.max = 32MB (=33554432) (custom)
2023-02-28 04:32:17,369 [Listener at 127.0.0.1/43975] INFO  server.RaftServerConfigKeys (ConfUtils.java:logGet(46)) - raft.server.log.appender.buffer.byte-limit = 33554432 (custom)
2023-02-28 04:32:17,369 [Listener at 127.0.0.1/43975] INFO  server.GrpcService (ConfUtils.java:logGet(46)) - raft.grpc.flow.control.window = 5MB (=5242880) (custom)
2023-02-28 04:32:17,369 [Listener at 127.0.0.1/43975] INFO  server.RaftServerConfigKeys (ConfUtils.java:logGet(46)) - raft.server.rpc.request.timeout = 60s (custom)
2023-02-28 04:32:17,369 [Listener at 127.0.0.1/43975] INFO  grpc.GrpcConfigKeys (ConfUtils.java:logGet(46)) - raft.grpc.server.heartbeat.channel = true (default)
2023-02-28 04:32:17,369 [Listener at 127.0.0.1/43975] INFO  grpc.GrpcConfigKeys (ConfUtils.java:logGet(46)) - raft.grpc.server.async.request.thread.pool.cached = true (default)
2023-02-28 04:32:17,369 [Listener at 127.0.0.1/43975] INFO  grpc.GrpcConfigKeys (ConfUtils.java:logGet(46)) - raft.grpc.server.async.request.thread.pool.size = 32 (default)
2023-02-28 04:32:17,370 [Listener at 127.0.0.1/43975] INFO  impl.DataStreamServerImpl (ConfUtils.java:logGet(46)) - raft.datastream.type = NETTY (custom)
2023-02-28 04:32:17,379 [Listener at 127.0.0.1/43975] INFO  server.RaftServerConfigKeys (ConfUtils.java:logGet(46)) - raft.server.data-stream.async.request.thread.pool.cached = false (default)
2023-02-28 04:32:17,379 [Listener at 127.0.0.1/43975] INFO  server.RaftServerConfigKeys (ConfUtils.java:logGet(46)) - raft.server.data-stream.async.request.thread.pool.size = 20 (custom)
2023-02-28 04:32:17,380 [Listener at 127.0.0.1/43975] INFO  server.RaftServerConfigKeys (ConfUtils.java:logGet(46)) - raft.server.data-stream.async.write.thread.pool.size = 16 (default)
2023-02-28 04:32:17,381 [Listener at 127.0.0.1/43975] INFO  server.RaftServerConfigKeys (ConfUtils.java:logGet(46)) - raft.server.data-stream.client.pool.size = 10 (default)
2023-02-28 04:32:17,383 [Listener at 127.0.0.1/43975] INFO  netty.NettyConfigKeys$DataStream (ConfUtils.java:logGet(46)) - raft.netty.dataStream.server.use-epoll = false (default)
2023-02-28 04:32:17,384 [Listener at 127.0.0.1/43975] INFO  netty.NettyConfigKeys$DataStream (ConfUtils.java:logGet(46)) - raft.netty.dataStream.server.boss-group.size = 0 (default)
2023-02-28 04:32:17,390 [Listener at 127.0.0.1/43975] INFO  netty.NettyConfigKeys$DataStream (ConfUtils.java:logGet(46)) - raft.netty.dataStream.server.worker-group.size = 0 (default)
2023-02-28 04:32:17,390 [Listener at 127.0.0.1/43975] INFO  netty.NettyConfigKeys$DataStream (ConfUtils.java:logGet(46)) - raft.netty.dataStream.server.tls.conf = null (default)
2023-02-28 04:32:17,392 [Listener at 127.0.0.1/43975] INFO  netty.NettyConfigKeys$DataStream (ConfUtils.java:logGet(46)) - raft.netty.dataStream.host = null (default)
2023-02-28 04:32:17,392 [Listener at 127.0.0.1/43975] INFO  netty.NettyConfigKeys$DataStream (ConfUtils.java:logGet(46)) - raft.netty.dataStream.port = 0 (default)
2023-02-28 04:32:17,402 [Listener at 127.0.0.1/43975] INFO  server.RaftServerConfigKeys (ConfUtils.java:logGet(46)) - raft.server.threadpool.proxy.cached = true (default)
2023-02-28 04:32:17,402 [Listener at 127.0.0.1/43975] INFO  server.RaftServerConfigKeys (ConfUtils.java:logGet(46)) - raft.server.threadpool.proxy.size = 0 (default)
2023-02-28 04:32:17,402 [Listener at 127.0.0.1/43975] INFO  server.RaftServerConfigKeys (ConfUtils.java:logGet(46)) - raft.server.rpc.slowness.timeout = 300s (custom)
2023-02-28 04:32:17,402 [Listener at 127.0.0.1/43975] INFO  server.RaftServerConfigKeys (ConfUtils.java:logGet(46)) - raft.server.leaderelection.leader.step-down.wait-time = 10s (default)
2023-02-28 04:32:17,402 [Listener at 127.0.0.1/43975] INFO  server.RaftServerConfigKeys (ConfUtils.java:logGet(46)) - raft.server.storage.dir = [/home/runner/work/ozone/ozone/hadoop-ozone/integration-test/target/test-dir/MiniOzoneClusterImpl-f9e21395-1bcf-40d4-8edb-6f91c23aa5c2/datanode-0/data/ratis] (custom)
2023-02-28 04:32:17,414 [f3c0879f-2b51-472f-a21d-9b1dd65624d4-NettyServerStreamRpc-bossGroup--thread1] INFO  logging.LoggingHandler (AbstractInternalLogger.java:log(148)) - [id: 0x82a28e5e] REGISTERED
2023-02-28 04:32:17,414 [f3c0879f-2b51-472f-a21d-9b1dd65624d4-NettyServerStreamRpc-bossGroup--thread1] INFO  logging.LoggingHandler (AbstractInternalLogger.java:log(148)) - [id: 0x82a28e5e] BIND: 0.0.0.0/0.0.0.0:0
2023-02-28 04:32:17,415 [f3c0879f-2b51-472f-a21d-9b1dd65624d4-NettyServerStreamRpc-bossGroup--thread1] INFO  logging.LoggingHandler (AbstractInternalLogger.java:log(148)) - [id: 0x82a28e5e, L:/0:0:0:0:0:0:0:0:39167] ACTIVE
2023-02-28 04:32:17,423 [Listener at 127.0.0.1/43975] INFO  server.XceiverServerGrpc (XceiverServerGrpc.java:<init>(132)) - GrpcServer channel type EpollServerSocketChannel
2023-02-28 04:32:17,497 [Listener at 127.0.0.1/43975] INFO  http.BaseHttpServer (BaseHttpServer.java:newHttpServer2BuilderForOzone(213)) - Starting Web-server for hddsDatanode at: http://0.0.0.0:0
2023-02-28 04:32:17,497 [Listener at 127.0.0.1/43975] INFO  http.BaseHttpServer (BaseHttpServer.java:<init>(108)) - Hadoop Security Enabled: false Ozone Security Enabled: false Ozone HTTP Security Enabled: false 
2023-02-28 04:32:17,499 [Listener at 127.0.0.1/43975] WARN  server.AuthenticationFilter (AuthenticationFilter.java:constructSecretProvider(240)) - Unable to initialize FileSignerSecretProvider, falling back to use random secrets. Reason: Could not read signature secret file: /home/runner/hadoop-http-auth-signature-secret
2023-02-28 04:32:17,501 [Listener at 127.0.0.1/43975] WARN  http.HttpRequestLog (HttpRequestLog.java:getRequestLog(103)) - Jetty request log can only be enabled using Log4j
2023-02-28 04:32:17,503 [Listener at 127.0.0.1/43975] INFO  http.HttpServer2 (HttpServer2.java:addGlobalFilter(1031)) - Added global filter 'safety' (class=org.apache.hadoop.hdds.server.http.HttpServer2$QuotingInputFilter)
2023-02-28 04:32:17,504 [Listener at 127.0.0.1/43975] INFO  http.HttpServer2 (HttpServer2.java:addFilter(1007)) - Added filter static_user_filter (class=org.apache.hadoop.http.lib.StaticUserWebFilter$StaticUserFilter) to context hddsDatanode
2023-02-28 04:32:17,504 [Listener at 127.0.0.1/43975] INFO  http.HttpServer2 (HttpServer2.java:addFilter(1015)) - Added filter static_user_filter (class=org.apache.hadoop.http.lib.StaticUserWebFilter$StaticUserFilter) to context logs
2023-02-28 04:32:17,504 [Listener at 127.0.0.1/43975] INFO  http.HttpServer2 (HttpServer2.java:addFilter(1015)) - Added filter static_user_filter (class=org.apache.hadoop.http.lib.StaticUserWebFilter$StaticUserFilter) to context static
2023-02-28 04:32:17,505 [Listener at 127.0.0.1/43975] INFO  http.HttpServer2 (HttpServer2.java:bindListener(1250)) - Jetty bound to port 35297
2023-02-28 04:32:17,505 [Listener at 127.0.0.1/43975] INFO  server.Server (Server.java:doStart(375)) - jetty-9.4.49.v20220914; built: 2022-09-14T01:07:36.601Z; git: 4231a3b2e4cb8548a412a789936d640a97b1aa0a; jvm 1.8.0_362-b09
2023-02-28 04:32:17,517 [Listener at 127.0.0.1/43975] INFO  server.session (DefaultSessionIdManager.java:doStart(334)) - DefaultSessionIdManager workerName=node0
2023-02-28 04:32:17,517 [Listener at 127.0.0.1/43975] INFO  server.session (DefaultSessionIdManager.java:doStart(339)) - No SessionScavenger set, using defaults
2023-02-28 04:32:17,517 [Listener at 127.0.0.1/43975] INFO  server.session (HouseKeeper.java:startScavenging(132)) - node0 Scavenging every 600000ms
2023-02-28 04:32:17,518 [Listener at 127.0.0.1/43975] INFO  handler.ContextHandler (ContextHandler.java:doStart(921)) - Started o.e.j.s.ServletContextHandler@196a703f{logs,/logs,file:///home/runner/work/ozone/ozone/hadoop-ozone/integration-test/target/log,AVAILABLE}
2023-02-28 04:32:17,519 [Listener at 127.0.0.1/43975] INFO  handler.ContextHandler (ContextHandler.java:doStart(921)) - Started o.e.j.s.ServletContextHandler@74ba0d7{static,/static,jar:file:/home/runner/.m2/repository/org/apache/ozone/hdds-container-service/1.4.0-SNAPSHOT/hdds-container-service-1.4.0-SNAPSHOT.jar!/webapps/static,AVAILABLE}
2023-02-28 04:32:17,738 [Listener at 127.0.0.1/43975] INFO  handler.ContextHandler (ContextHandler.java:doStart(921)) - Started o.e.j.w.WebAppContext@46b6ce71{hddsDatanode,/,file:///tmp/jetty-0_0_0_0-35297-hdds-container-service-1_4_0-SNAPSHOT_jar-_-any-1830761550220356123/webapp/,AVAILABLE}{jar:file:/home/runner/.m2/repository/org/apache/ozone/hdds-container-service/1.4.0-SNAPSHOT/hdds-container-service-1.4.0-SNAPSHOT.jar!/webapps/hddsDatanode}
2023-02-28 04:32:17,739 [Listener at 127.0.0.1/43975] INFO  server.AbstractConnector (AbstractConnector.java:doStart(333)) - Started ServerConnector@44b7facb{HTTP/1.1, (http/1.1)}{0.0.0.0:35297}
2023-02-28 04:32:17,739 [Listener at 127.0.0.1/43975] INFO  server.Server (Server.java:doStart(415)) - Started @10916ms
2023-02-28 04:32:17,739 [Listener at 127.0.0.1/43975] WARN  impl.MetricsSystemImpl (MetricsSystemImpl.java:register(279)) - Sink prometheus already exists!
2023-02-28 04:32:17,740 [Listener at 127.0.0.1/43975] INFO  http.BaseHttpServer (BaseHttpServer.java:updateConnectorAddress(333)) - HTTP server of hddsDatanode listening at http://0.0.0.0:35297
2023-02-28 04:32:17,743 [Listener at 127.0.0.1/43975] WARN  impl.MetricRegistriesImpl (MetricRegistriesImpl.java:addReporterRegistration(111)) - New reporters are added after registries were created. Some metrics will be missing from the reporter. Please add reporter before adding any new registry.
2023-02-28 04:32:17,743 [Listener at 127.0.0.1/43975] WARN  impl.MetricRegistriesImpl (MetricRegistriesImpl.java:addReporterRegistration(111)) - New reporters are added after registries were created. Some metrics will be missing from the reporter. Please add reporter before adding any new registry.
2023-02-28 04:32:17,743 [Listener at 127.0.0.1/43975] INFO  impl.MetricsSystemImpl (MetricsSystemImpl.java:init(158)) - HddsDatanode metrics system started (again)
2023-02-28 04:32:17,747 [Datanode State Machine Daemon Thread] INFO  statemachine.DatanodeStateMachine (DatanodeStateMachine.java:lambda$startDaemon$0(516)) - Ozone container server started.
2023-02-28 04:32:17,768 [org.apache.hadoop.util.JvmPauseMonitor$Monitor@4747b04e] INFO  util.JvmPauseMonitor (JvmPauseMonitor.java:run(188)) - Starting JVM pause monitor
2023-02-28 04:32:17,819 [Listener at 127.0.0.1/43975] INFO  ozone.HddsDatanodeService (HddsDatanodeService.java:start(228)) - HddsDatanodeService host:fv-az467-141 ip:10.1.0.42
2023-02-28 04:32:17,851 [Listener at 127.0.0.1/43975] INFO  upgrade.AbstractLayoutVersionManager (AbstractLayoutVersionManager.java:init(83)) - Initializing Layout version manager with metadata layout = DATANODE_SCHEMA_V3 (version = 4), software layout = DATANODE_SCHEMA_V3 (version = 4)
2023-02-28 04:32:17,949 [Listener at 127.0.0.1/43975] INFO  reflections.Reflections (Reflections.java:scan(232)) - Reflections took 96 ms to scan 7 urls, producing 151 keys and 363 values 
2023-02-28 04:32:17,954 [Listener at 127.0.0.1/43975] INFO  statemachine.DatanodeStateMachine (DatanodeStateMachine.java:getEndPointTaskThreadPoolSize(260)) - Datanode State Machine Task Thread Pool size 2
2023-02-28 04:32:17,963 [Listener at 127.0.0.1/43975] INFO  volume.HddsVolume (HddsVolume.java:<init>(122)) - Creating HddsVolume: /home/runner/work/ozone/ozone/hadoop-ozone/integration-test/target/test-dir/MiniOzoneClusterImpl-f9e21395-1bcf-40d4-8edb-6f91c23aa5c2/datanode-1/data-0/containers/hdds of storage type : DISK capacity : 9223372036854775807
2023-02-28 04:32:17,964 [Listener at 127.0.0.1/43975] INFO  volume.MutableVolumeSet (MutableVolumeSet.java:initializeVolumeSet(174)) - Added Volume : /home/runner/work/ozone/ozone/hadoop-ozone/integration-test/target/test-dir/MiniOzoneClusterImpl-f9e21395-1bcf-40d4-8edb-6f91c23aa5c2/datanode-1/data-0/containers/hdds to VolumeSet
2023-02-28 04:32:17,964 [Listener at 127.0.0.1/43975] INFO  volume.ThrottledAsyncChecker (ThrottledAsyncChecker.java:schedule(141)) - Scheduling a check for /home/runner/work/ozone/ozone/hadoop-ozone/integration-test/target/test-dir/MiniOzoneClusterImpl-f9e21395-1bcf-40d4-8edb-6f91c23aa5c2/datanode-1/data-0/containers/hdds
2023-02-28 04:32:17,966 [Datanode State Machine Task Thread - 0] INFO  datanode.InitDatanodeState (InitDatanodeState.java:persistContainerDatanodeDetails(138)) - DatanodeDetails is persisted to /home/runner/work/ozone/ozone/hadoop-ozone/integration-test/target/test-dir/MiniOzoneClusterImpl-f9e21395-1bcf-40d4-8edb-6f91c23aa5c2/datanode-0/meta/datanode.id
2023-02-28 04:32:17,967 [Listener at 127.0.0.1/43975] INFO  volume.StorageVolumeChecker (StorageVolumeChecker.java:checkAllVolumes(202)) - Scheduled health check for volume /home/runner/work/ozone/ozone/hadoop-ozone/integration-test/target/test-dir/MiniOzoneClusterImpl-f9e21395-1bcf-40d4-8edb-6f91c23aa5c2/datanode-1/data-0/containers/hdds
2023-02-28 04:32:17,978 [Listener at 127.0.0.1/43975] INFO  volume.MutableVolumeSet (MutableVolumeSet.java:initializeVolumeSet(174)) - Added Volume : /home/runner/work/ozone/ozone/hadoop-ozone/integration-test/target/test-dir/MiniOzoneClusterImpl-f9e21395-1bcf-40d4-8edb-6f91c23aa5c2/datanode-1/data/ratis to VolumeSet
2023-02-28 04:32:17,978 [Listener at 127.0.0.1/43975] INFO  volume.ThrottledAsyncChecker (ThrottledAsyncChecker.java:schedule(141)) - Scheduling a check for /home/runner/work/ozone/ozone/hadoop-ozone/integration-test/target/test-dir/MiniOzoneClusterImpl-f9e21395-1bcf-40d4-8edb-6f91c23aa5c2/datanode-1/data/ratis
2023-02-28 04:32:17,979 [Listener at 127.0.0.1/43975] INFO  volume.StorageVolumeChecker (StorageVolumeChecker.java:checkAllVolumes(202)) - Scheduled health check for volume /home/runner/work/ozone/ozone/hadoop-ozone/integration-test/target/test-dir/MiniOzoneClusterImpl-f9e21395-1bcf-40d4-8edb-6f91c23aa5c2/datanode-1/data/ratis
2023-02-28 04:32:17,990 [Thread-263] INFO  ozoneimpl.ContainerReader (ContainerReader.java:readVolume(175)) - Finish verifying containers on volume /home/runner/work/ozone/ozone/hadoop-ozone/integration-test/target/test-dir/MiniOzoneClusterImpl-f9e21395-1bcf-40d4-8edb-6f91c23aa5c2/datanode-1/data-0/containers/hdds
2023-02-28 04:32:17,991 [Listener at 127.0.0.1/43975] INFO  ozoneimpl.OzoneContainer (OzoneContainer.java:buildContainerSet(304)) - Build ContainerSet costs 0s
2023-02-28 04:32:17,995 [Listener at 127.0.0.1/43975] INFO  server.RaftServer (ConfUtils.java:logGet(46)) - raft.rpc.type = GRPC (default)
2023-02-28 04:32:17,995 [Listener at 127.0.0.1/43975] INFO  grpc.GrpcConfigKeys (ConfUtils.java:logFallback(53)) - raft.grpc.admin.host = null (fallback to raft.grpc.server.host)
2023-02-28 04:32:17,995 [Listener at 127.0.0.1/43975] INFO  grpc.GrpcConfigKeys (ConfUtils.java:logGet(46)) - raft.grpc.admin.port = 0 (custom)
2023-02-28 04:32:17,995 [Listener at 127.0.0.1/43975] INFO  grpc.GrpcConfigKeys (ConfUtils.java:logFallback(53)) - raft.grpc.client.host = null (fallback to raft.grpc.server.host)
2023-02-28 04:32:17,995 [Listener at 127.0.0.1/43975] INFO  grpc.GrpcConfigKeys (ConfUtils.java:logGet(46)) - raft.grpc.client.port = 0 (custom)
2023-02-28 04:32:17,995 [Listener at 127.0.0.1/43975] INFO  grpc.GrpcConfigKeys (ConfUtils.java:logGet(46)) - raft.grpc.server.host = null (default)
2023-02-28 04:32:17,995 [Listener at 127.0.0.1/43975] INFO  grpc.GrpcConfigKeys (ConfUtils.java:logGet(46)) - raft.grpc.server.port = 0 (default)
2023-02-28 04:32:17,995 [Listener at 127.0.0.1/43975] INFO  server.GrpcService (ConfUtils.java:logGet(46)) - raft.grpc.message.size.max = 32MB (=33554432) (custom)
2023-02-28 04:32:17,996 [Listener at 127.0.0.1/43975] INFO  server.RaftServerConfigKeys (ConfUtils.java:logGet(46)) - raft.server.log.appender.buffer.byte-limit = 33554432 (custom)
2023-02-28 04:32:17,996 [Listener at 127.0.0.1/43975] INFO  server.GrpcService (ConfUtils.java:logGet(46)) - raft.grpc.flow.control.window = 5MB (=5242880) (custom)
2023-02-28 04:32:17,996 [Listener at 127.0.0.1/43975] INFO  server.RaftServerConfigKeys (ConfUtils.java:logGet(46)) - raft.server.rpc.request.timeout = 60s (custom)
2023-02-28 04:32:17,996 [Listener at 127.0.0.1/43975] INFO  grpc.GrpcConfigKeys (ConfUtils.java:logGet(46)) - raft.grpc.server.heartbeat.channel = true (default)
2023-02-28 04:32:17,996 [Listener at 127.0.0.1/43975] INFO  grpc.GrpcConfigKeys (ConfUtils.java:logGet(46)) - raft.grpc.server.async.request.thread.pool.cached = true (default)
2023-02-28 04:32:17,996 [Listener at 127.0.0.1/43975] INFO  grpc.GrpcConfigKeys (ConfUtils.java:logGet(46)) - raft.grpc.server.async.request.thread.pool.size = 32 (default)
2023-02-28 04:32:17,997 [Listener at 127.0.0.1/43975] INFO  impl.DataStreamServerImpl (ConfUtils.java:logGet(46)) - raft.datastream.type = NETTY (custom)
2023-02-28 04:32:17,998 [Listener at 127.0.0.1/43975] INFO  server.RaftServerConfigKeys (ConfUtils.java:logGet(46)) - raft.server.data-stream.async.request.thread.pool.cached = false (default)
2023-02-28 04:32:17,998 [Listener at 127.0.0.1/43975] INFO  server.RaftServerConfigKeys (ConfUtils.java:logGet(46)) - raft.server.data-stream.async.request.thread.pool.size = 20 (custom)
2023-02-28 04:32:17,998 [Listener at 127.0.0.1/43975] INFO  server.RaftServerConfigKeys (ConfUtils.java:logGet(46)) - raft.server.data-stream.async.write.thread.pool.size = 16 (default)
2023-02-28 04:32:17,998 [Listener at 127.0.0.1/43975] INFO  server.RaftServerConfigKeys (ConfUtils.java:logGet(46)) - raft.server.data-stream.client.pool.size = 10 (default)
2023-02-28 04:32:17,998 [Listener at 127.0.0.1/43975] INFO  netty.NettyConfigKeys$DataStream (ConfUtils.java:logGet(46)) - raft.netty.dataStream.server.use-epoll = false (default)
2023-02-28 04:32:17,998 [Listener at 127.0.0.1/43975] INFO  netty.NettyConfigKeys$DataStream (ConfUtils.java:logGet(46)) - raft.netty.dataStream.server.boss-group.size = 0 (default)
2023-02-28 04:32:17,999 [Listener at 127.0.0.1/43975] INFO  netty.NettyConfigKeys$DataStream (ConfUtils.java:logGet(46)) - raft.netty.dataStream.server.worker-group.size = 0 (default)
2023-02-28 04:32:17,999 [Listener at 127.0.0.1/43975] INFO  netty.NettyConfigKeys$DataStream (ConfUtils.java:logGet(46)) - raft.netty.dataStream.server.tls.conf = null (default)
2023-02-28 04:32:17,999 [Listener at 127.0.0.1/43975] INFO  netty.NettyConfigKeys$DataStream (ConfUtils.java:logGet(46)) - raft.netty.dataStream.host = null (default)
2023-02-28 04:32:17,999 [Listener at 127.0.0.1/43975] INFO  netty.NettyConfigKeys$DataStream (ConfUtils.java:logGet(46)) - raft.netty.dataStream.port = 0 (default)
2023-02-28 04:32:18,000 [Listener at 127.0.0.1/43975] INFO  server.RaftServerConfigKeys (ConfUtils.java:logGet(46)) - raft.server.threadpool.proxy.cached = true (default)
2023-02-28 04:32:18,000 [Listener at 127.0.0.1/43975] INFO  server.RaftServerConfigKeys (ConfUtils.java:logGet(46)) - raft.server.threadpool.proxy.size = 0 (default)
2023-02-28 04:32:18,000 [Listener at 127.0.0.1/43975] INFO  server.RaftServerConfigKeys (ConfUtils.java:logGet(46)) - raft.server.rpc.slowness.timeout = 300s (custom)
2023-02-28 04:32:18,000 [Listener at 127.0.0.1/43975] INFO  server.RaftServerConfigKeys (ConfUtils.java:logGet(46)) - raft.server.leaderelection.leader.step-down.wait-time = 10s (default)
2023-02-28 04:32:18,000 [Listener at 127.0.0.1/43975] INFO  server.RaftServerConfigKeys (ConfUtils.java:logGet(46)) - raft.server.storage.dir = [/home/runner/work/ozone/ozone/hadoop-ozone/integration-test/target/test-dir/MiniOzoneClusterImpl-f9e21395-1bcf-40d4-8edb-6f91c23aa5c2/datanode-1/data/ratis] (custom)
2023-02-28 04:32:18,001 [be78be15-616a-41d9-9b13-64e624dde3ac-NettyServerStreamRpc-bossGroup--thread1] INFO  logging.LoggingHandler (AbstractInternalLogger.java:log(148)) - [id: 0xe00d3e2e] REGISTERED
2023-02-28 04:32:18,002 [be78be15-616a-41d9-9b13-64e624dde3ac-NettyServerStreamRpc-bossGroup--thread1] INFO  logging.LoggingHandler (AbstractInternalLogger.java:log(148)) - [id: 0xe00d3e2e] BIND: 0.0.0.0/0.0.0.0:0
2023-02-28 04:32:18,002 [be78be15-616a-41d9-9b13-64e624dde3ac-NettyServerStreamRpc-bossGroup--thread1] INFO  logging.LoggingHandler (AbstractInternalLogger.java:log(148)) - [id: 0xe00d3e2e, L:/0:0:0:0:0:0:0:0:43621] ACTIVE
2023-02-28 04:32:18,004 [Listener at 127.0.0.1/43975] INFO  server.XceiverServerGrpc (XceiverServerGrpc.java:<init>(132)) - GrpcServer channel type EpollServerSocketChannel
2023-02-28 04:32:18,008 [Listener at 127.0.0.1/43975] INFO  http.BaseHttpServer (BaseHttpServer.java:newHttpServer2BuilderForOzone(213)) - Starting Web-server for hddsDatanode at: http://0.0.0.0:0
2023-02-28 04:32:18,008 [Listener at 127.0.0.1/43975] INFO  http.BaseHttpServer (BaseHttpServer.java:<init>(108)) - Hadoop Security Enabled: false Ozone Security Enabled: false Ozone HTTP Security Enabled: false 
2023-02-28 04:32:18,009 [Listener at 127.0.0.1/43975] WARN  server.AuthenticationFilter (AuthenticationFilter.java:constructSecretProvider(240)) - Unable to initialize FileSignerSecretProvider, falling back to use random secrets. Reason: Could not read signature secret file: /home/runner/hadoop-http-auth-signature-secret
2023-02-28 04:32:18,013 [Listener at 127.0.0.1/43975] WARN  http.HttpRequestLog (HttpRequestLog.java:getRequestLog(103)) - Jetty request log can only be enabled using Log4j
2023-02-28 04:32:18,014 [Listener at 127.0.0.1/43975] INFO  http.HttpServer2 (HttpServer2.java:addGlobalFilter(1031)) - Added global filter 'safety' (class=org.apache.hadoop.hdds.server.http.HttpServer2$QuotingInputFilter)
2023-02-28 04:32:18,015 [Listener at 127.0.0.1/43975] INFO  http.HttpServer2 (HttpServer2.java:addFilter(1007)) - Added filter static_user_filter (class=org.apache.hadoop.http.lib.StaticUserWebFilter$StaticUserFilter) to context hddsDatanode
2023-02-28 04:32:18,016 [Listener at 127.0.0.1/43975] INFO  http.HttpServer2 (HttpServer2.java:addFilter(1015)) - Added filter static_user_filter (class=org.apache.hadoop.http.lib.StaticUserWebFilter$StaticUserFilter) to context logs
2023-02-28 04:32:18,016 [Listener at 127.0.0.1/43975] INFO  http.HttpServer2 (HttpServer2.java:addFilter(1015)) - Added filter static_user_filter (class=org.apache.hadoop.http.lib.StaticUserWebFilter$StaticUserFilter) to context static
2023-02-28 04:32:18,016 [Listener at 127.0.0.1/43975] INFO  http.HttpServer2 (HttpServer2.java:bindListener(1250)) - Jetty bound to port 42373
2023-02-28 04:32:18,016 [Listener at 127.0.0.1/43975] INFO  server.Server (Server.java:doStart(375)) - jetty-9.4.49.v20220914; built: 2022-09-14T01:07:36.601Z; git: 4231a3b2e4cb8548a412a789936d640a97b1aa0a; jvm 1.8.0_362-b09
2023-02-28 04:32:18,020 [Listener at 127.0.0.1/43975] INFO  server.session (DefaultSessionIdManager.java:doStart(334)) - DefaultSessionIdManager workerName=node0
2023-02-28 04:32:18,020 [Listener at 127.0.0.1/43975] INFO  server.session (DefaultSessionIdManager.java:doStart(339)) - No SessionScavenger set, using defaults
2023-02-28 04:32:18,020 [Listener at 127.0.0.1/43975] INFO  server.session (HouseKeeper.java:startScavenging(132)) - node0 Scavenging every 660000ms
2023-02-28 04:32:18,021 [Listener at 127.0.0.1/43975] INFO  handler.ContextHandler (ContextHandler.java:doStart(921)) - Started o.e.j.s.ServletContextHandler@2ae85f78{logs,/logs,file:///home/runner/work/ozone/ozone/hadoop-ozone/integration-test/target/log,AVAILABLE}
2023-02-28 04:32:18,021 [Listener at 127.0.0.1/43975] INFO  handler.ContextHandler (ContextHandler.java:doStart(921)) - Started o.e.j.s.ServletContextHandler@41e38d89{static,/static,jar:file:/home/runner/.m2/repository/org/apache/ozone/hdds-container-service/1.4.0-SNAPSHOT/hdds-container-service-1.4.0-SNAPSHOT.jar!/webapps/static,AVAILABLE}
2023-02-28 04:32:18,223 [Listener at 127.0.0.1/43975] INFO  handler.ContextHandler (ContextHandler.java:doStart(921)) - Started o.e.j.w.WebAppContext@53fa5e3f{hddsDatanode,/,file:///tmp/jetty-0_0_0_0-42373-hdds-container-service-1_4_0-SNAPSHOT_jar-_-any-2276772581884311439/webapp/,AVAILABLE}{jar:file:/home/runner/.m2/repository/org/apache/ozone/hdds-container-service/1.4.0-SNAPSHOT/hdds-container-service-1.4.0-SNAPSHOT.jar!/webapps/hddsDatanode}
2023-02-28 04:32:18,225 [Listener at 127.0.0.1/43975] INFO  server.AbstractConnector (AbstractConnector.java:doStart(333)) - Started ServerConnector@48cfefdb{HTTP/1.1, (http/1.1)}{0.0.0.0:42373}
2023-02-28 04:32:18,225 [Listener at 127.0.0.1/43975] INFO  server.Server (Server.java:doStart(415)) - Started @11401ms
2023-02-28 04:32:18,225 [Listener at 127.0.0.1/43975] WARN  impl.MetricsSystemImpl (MetricsSystemImpl.java:register(279)) - Sink prometheus already exists!
2023-02-28 04:32:18,226 [Listener at 127.0.0.1/43975] INFO  http.BaseHttpServer (BaseHttpServer.java:updateConnectorAddress(333)) - HTTP server of hddsDatanode listening at http://0.0.0.0:42373
2023-02-28 04:32:18,227 [Datanode State Machine Daemon Thread] INFO  statemachine.DatanodeStateMachine (DatanodeStateMachine.java:lambda$startDaemon$0(516)) - Ozone container server started.
2023-02-28 04:32:18,229 [Listener at 127.0.0.1/43975] WARN  impl.MetricRegistriesImpl (MetricRegistriesImpl.java:addReporterRegistration(111)) - New reporters are added after registries were created. Some metrics will be missing from the reporter. Please add reporter before adding any new registry.
2023-02-28 04:32:18,230 [Listener at 127.0.0.1/43975] WARN  impl.MetricRegistriesImpl (MetricRegistriesImpl.java:addReporterRegistration(111)) - New reporters are added after registries were created. Some metrics will be missing from the reporter. Please add reporter before adding any new registry.
2023-02-28 04:32:18,230 [Listener at 127.0.0.1/43975] INFO  impl.MetricsSystemImpl (MetricsSystemImpl.java:init(158)) - HddsDatanode metrics system started (again)
2023-02-28 04:32:18,237 [org.apache.hadoop.util.JvmPauseMonitor$Monitor@663a1db2] INFO  util.JvmPauseMonitor (JvmPauseMonitor.java:run(188)) - Starting JVM pause monitor
2023-02-28 04:32:18,251 [Datanode State Machine Task Thread - 0] INFO  datanode.InitDatanodeState (InitDatanodeState.java:persistContainerDatanodeDetails(138)) - DatanodeDetails is persisted to /home/runner/work/ozone/ozone/hadoop-ozone/integration-test/target/test-dir/MiniOzoneClusterImpl-f9e21395-1bcf-40d4-8edb-6f91c23aa5c2/datanode-1/meta/datanode.id
2023-02-28 04:32:18,258 [Listener at 127.0.0.1/43975] INFO  ozone.HddsDatanodeService (HddsDatanodeService.java:start(228)) - HddsDatanodeService host:fv-az467-141 ip:10.1.0.42
2023-02-28 04:32:18,276 [Listener at 127.0.0.1/43975] INFO  upgrade.AbstractLayoutVersionManager (AbstractLayoutVersionManager.java:init(83)) - Initializing Layout version manager with metadata layout = DATANODE_SCHEMA_V3 (version = 4), software layout = DATANODE_SCHEMA_V3 (version = 4)
2023-02-28 04:32:18,326 [Listener at 127.0.0.1/43975] INFO  reflections.Reflections (Reflections.java:scan(232)) - Reflections took 49 ms to scan 7 urls, producing 151 keys and 363 values 
2023-02-28 04:32:18,327 [Listener at 127.0.0.1/43975] INFO  statemachine.DatanodeStateMachine (DatanodeStateMachine.java:getEndPointTaskThreadPoolSize(260)) - Datanode State Machine Task Thread Pool size 2
2023-02-28 04:32:18,329 [Listener at 127.0.0.1/43975] INFO  volume.HddsVolume (HddsVolume.java:<init>(122)) - Creating HddsVolume: /home/runner/work/ozone/ozone/hadoop-ozone/integration-test/target/test-dir/MiniOzoneClusterImpl-f9e21395-1bcf-40d4-8edb-6f91c23aa5c2/datanode-2/data-0/containers/hdds of storage type : DISK capacity : 9223372036854775807
2023-02-28 04:32:18,330 [Listener at 127.0.0.1/43975] INFO  volume.MutableVolumeSet (MutableVolumeSet.java:initializeVolumeSet(174)) - Added Volume : /home/runner/work/ozone/ozone/hadoop-ozone/integration-test/target/test-dir/MiniOzoneClusterImpl-f9e21395-1bcf-40d4-8edb-6f91c23aa5c2/datanode-2/data-0/containers/hdds to VolumeSet
2023-02-28 04:32:18,330 [Listener at 127.0.0.1/43975] INFO  volume.ThrottledAsyncChecker (ThrottledAsyncChecker.java:schedule(141)) - Scheduling a check for /home/runner/work/ozone/ozone/hadoop-ozone/integration-test/target/test-dir/MiniOzoneClusterImpl-f9e21395-1bcf-40d4-8edb-6f91c23aa5c2/datanode-2/data-0/containers/hdds
2023-02-28 04:32:18,332 [Listener at 127.0.0.1/43975] INFO  volume.StorageVolumeChecker (StorageVolumeChecker.java:checkAllVolumes(202)) - Scheduled health check for volume /home/runner/work/ozone/ozone/hadoop-ozone/integration-test/target/test-dir/MiniOzoneClusterImpl-f9e21395-1bcf-40d4-8edb-6f91c23aa5c2/datanode-2/data-0/containers/hdds
2023-02-28 04:32:18,345 [Listener at 127.0.0.1/43975] INFO  volume.MutableVolumeSet (MutableVolumeSet.java:initializeVolumeSet(174)) - Added Volume : /home/runner/work/ozone/ozone/hadoop-ozone/integration-test/target/test-dir/MiniOzoneClusterImpl-f9e21395-1bcf-40d4-8edb-6f91c23aa5c2/datanode-2/data/ratis to VolumeSet
2023-02-28 04:32:18,345 [Listener at 127.0.0.1/43975] INFO  volume.ThrottledAsyncChecker (ThrottledAsyncChecker.java:schedule(141)) - Scheduling a check for /home/runner/work/ozone/ozone/hadoop-ozone/integration-test/target/test-dir/MiniOzoneClusterImpl-f9e21395-1bcf-40d4-8edb-6f91c23aa5c2/datanode-2/data/ratis
2023-02-28 04:32:18,345 [Listener at 127.0.0.1/43975] INFO  volume.StorageVolumeChecker (StorageVolumeChecker.java:checkAllVolumes(202)) - Scheduled health check for volume /home/runner/work/ozone/ozone/hadoop-ozone/integration-test/target/test-dir/MiniOzoneClusterImpl-f9e21395-1bcf-40d4-8edb-6f91c23aa5c2/datanode-2/data/ratis
2023-02-28 04:32:18,356 [Thread-277] INFO  ozoneimpl.ContainerReader (ContainerReader.java:readVolume(175)) - Finish verifying containers on volume /home/runner/work/ozone/ozone/hadoop-ozone/integration-test/target/test-dir/MiniOzoneClusterImpl-f9e21395-1bcf-40d4-8edb-6f91c23aa5c2/datanode-2/data-0/containers/hdds
2023-02-28 04:32:18,356 [Listener at 127.0.0.1/43975] INFO  ozoneimpl.OzoneContainer (OzoneContainer.java:buildContainerSet(304)) - Build ContainerSet costs 0s
2023-02-28 04:32:18,359 [Listener at 127.0.0.1/43975] INFO  server.RaftServer (ConfUtils.java:logGet(46)) - raft.rpc.type = GRPC (default)
2023-02-28 04:32:18,359 [Listener at 127.0.0.1/43975] INFO  grpc.GrpcConfigKeys (ConfUtils.java:logFallback(53)) - raft.grpc.admin.host = null (fallback to raft.grpc.server.host)
2023-02-28 04:32:18,359 [Listener at 127.0.0.1/43975] INFO  grpc.GrpcConfigKeys (ConfUtils.java:logGet(46)) - raft.grpc.admin.port = 0 (custom)
2023-02-28 04:32:18,359 [Listener at 127.0.0.1/43975] INFO  grpc.GrpcConfigKeys (ConfUtils.java:logFallback(53)) - raft.grpc.client.host = null (fallback to raft.grpc.server.host)
2023-02-28 04:32:18,360 [Listener at 127.0.0.1/43975] INFO  grpc.GrpcConfigKeys (ConfUtils.java:logGet(46)) - raft.grpc.client.port = 0 (custom)
2023-02-28 04:32:18,360 [Listener at 127.0.0.1/43975] INFO  grpc.GrpcConfigKeys (ConfUtils.java:logGet(46)) - raft.grpc.server.host = null (default)
2023-02-28 04:32:18,360 [Listener at 127.0.0.1/43975] INFO  grpc.GrpcConfigKeys (ConfUtils.java:logGet(46)) - raft.grpc.server.port = 0 (default)
2023-02-28 04:32:18,360 [Listener at 127.0.0.1/43975] INFO  server.GrpcService (ConfUtils.java:logGet(46)) - raft.grpc.message.size.max = 32MB (=33554432) (custom)
2023-02-28 04:32:18,360 [Listener at 127.0.0.1/43975] INFO  server.RaftServerConfigKeys (ConfUtils.java:logGet(46)) - raft.server.log.appender.buffer.byte-limit = 33554432 (custom)
2023-02-28 04:32:18,360 [Listener at 127.0.0.1/43975] INFO  server.GrpcService (ConfUtils.java:logGet(46)) - raft.grpc.flow.control.window = 5MB (=5242880) (custom)
2023-02-28 04:32:18,360 [Listener at 127.0.0.1/43975] INFO  server.RaftServerConfigKeys (ConfUtils.java:logGet(46)) - raft.server.rpc.request.timeout = 60s (custom)
2023-02-28 04:32:18,360 [Listener at 127.0.0.1/43975] INFO  grpc.GrpcConfigKeys (ConfUtils.java:logGet(46)) - raft.grpc.server.heartbeat.channel = true (default)
2023-02-28 04:32:18,360 [Listener at 127.0.0.1/43975] INFO  grpc.GrpcConfigKeys (ConfUtils.java:logGet(46)) - raft.grpc.server.async.request.thread.pool.cached = true (default)
2023-02-28 04:32:18,360 [Listener at 127.0.0.1/43975] INFO  grpc.GrpcConfigKeys (ConfUtils.java:logGet(46)) - raft.grpc.server.async.request.thread.pool.size = 32 (default)
2023-02-28 04:32:18,362 [Listener at 127.0.0.1/43975] INFO  impl.DataStreamServerImpl (ConfUtils.java:logGet(46)) - raft.datastream.type = NETTY (custom)
2023-02-28 04:32:18,362 [Listener at 127.0.0.1/43975] INFO  server.RaftServerConfigKeys (ConfUtils.java:logGet(46)) - raft.server.data-stream.async.request.thread.pool.cached = false (default)
2023-02-28 04:32:18,362 [Listener at 127.0.0.1/43975] INFO  server.RaftServerConfigKeys (ConfUtils.java:logGet(46)) - raft.server.data-stream.async.request.thread.pool.size = 20 (custom)
2023-02-28 04:32:18,362 [Listener at 127.0.0.1/43975] INFO  server.RaftServerConfigKeys (ConfUtils.java:logGet(46)) - raft.server.data-stream.async.write.thread.pool.size = 16 (default)
2023-02-28 04:32:18,362 [Listener at 127.0.0.1/43975] INFO  server.RaftServerConfigKeys (ConfUtils.java:logGet(46)) - raft.server.data-stream.client.pool.size = 10 (default)
2023-02-28 04:32:18,362 [Listener at 127.0.0.1/43975] INFO  netty.NettyConfigKeys$DataStream (ConfUtils.java:logGet(46)) - raft.netty.dataStream.server.use-epoll = false (default)
2023-02-28 04:32:18,363 [Listener at 127.0.0.1/43975] INFO  netty.NettyConfigKeys$DataStream (ConfUtils.java:logGet(46)) - raft.netty.dataStream.server.boss-group.size = 0 (default)
2023-02-28 04:32:18,363 [Listener at 127.0.0.1/43975] INFO  netty.NettyConfigKeys$DataStream (ConfUtils.java:logGet(46)) - raft.netty.dataStream.server.worker-group.size = 0 (default)
2023-02-28 04:32:18,363 [Listener at 127.0.0.1/43975] INFO  netty.NettyConfigKeys$DataStream (ConfUtils.java:logGet(46)) - raft.netty.dataStream.server.tls.conf = null (default)
2023-02-28 04:32:18,363 [Listener at 127.0.0.1/43975] INFO  netty.NettyConfigKeys$DataStream (ConfUtils.java:logGet(46)) - raft.netty.dataStream.host = null (default)
2023-02-28 04:32:18,363 [Listener at 127.0.0.1/43975] INFO  netty.NettyConfigKeys$DataStream (ConfUtils.java:logGet(46)) - raft.netty.dataStream.port = 0 (default)
2023-02-28 04:32:18,364 [Listener at 127.0.0.1/43975] INFO  server.RaftServerConfigKeys (ConfUtils.java:logGet(46)) - raft.server.threadpool.proxy.cached = true (default)
2023-02-28 04:32:18,364 [Listener at 127.0.0.1/43975] INFO  server.RaftServerConfigKeys (ConfUtils.java:logGet(46)) - raft.server.threadpool.proxy.size = 0 (default)
2023-02-28 04:32:18,364 [Listener at 127.0.0.1/43975] INFO  server.RaftServerConfigKeys (ConfUtils.java:logGet(46)) - raft.server.rpc.slowness.timeout = 300s (custom)
2023-02-28 04:32:18,364 [Listener at 127.0.0.1/43975] INFO  server.RaftServerConfigKeys (ConfUtils.java:logGet(46)) - raft.server.leaderelection.leader.step-down.wait-time = 10s (default)
2023-02-28 04:32:18,364 [Listener at 127.0.0.1/43975] INFO  server.RaftServerConfigKeys (ConfUtils.java:logGet(46)) - raft.server.storage.dir = [/home/runner/work/ozone/ozone/hadoop-ozone/integration-test/target/test-dir/MiniOzoneClusterImpl-f9e21395-1bcf-40d4-8edb-6f91c23aa5c2/datanode-2/data/ratis] (custom)
2023-02-28 04:32:18,374 [Listener at 127.0.0.1/43975] INFO  server.XceiverServerGrpc (XceiverServerGrpc.java:<init>(132)) - GrpcServer channel type EpollServerSocketChannel
2023-02-28 04:32:18,377 [ef2d612f-7c32-4639-b0f9-22a0544f56e6-NettyServerStreamRpc-bossGroup--thread1] INFO  logging.LoggingHandler (AbstractInternalLogger.java:log(148)) - [id: 0x706d2f01] REGISTERED
2023-02-28 04:32:18,377 [ef2d612f-7c32-4639-b0f9-22a0544f56e6-NettyServerStreamRpc-bossGroup--thread1] INFO  logging.LoggingHandler (AbstractInternalLogger.java:log(148)) - [id: 0x706d2f01] BIND: 0.0.0.0/0.0.0.0:0
2023-02-28 04:32:18,377 [ef2d612f-7c32-4639-b0f9-22a0544f56e6-NettyServerStreamRpc-bossGroup--thread1] INFO  logging.LoggingHandler (AbstractInternalLogger.java:log(148)) - [id: 0x706d2f01, L:/0:0:0:0:0:0:0:0:34035] ACTIVE
2023-02-28 04:32:18,378 [Listener at 127.0.0.1/43975] INFO  http.BaseHttpServer (BaseHttpServer.java:newHttpServer2BuilderForOzone(213)) - Starting Web-server for hddsDatanode at: http://0.0.0.0:0
2023-02-28 04:32:18,378 [Listener at 127.0.0.1/43975] INFO  http.BaseHttpServer (BaseHttpServer.java:<init>(108)) - Hadoop Security Enabled: false Ozone Security Enabled: false Ozone HTTP Security Enabled: false 
2023-02-28 04:32:18,380 [Listener at 127.0.0.1/43975] WARN  server.AuthenticationFilter (AuthenticationFilter.java:constructSecretProvider(240)) - Unable to initialize FileSignerSecretProvider, falling back to use random secrets. Reason: Could not read signature secret file: /home/runner/hadoop-http-auth-signature-secret
2023-02-28 04:32:18,380 [Listener at 127.0.0.1/43975] WARN  http.HttpRequestLog (HttpRequestLog.java:getRequestLog(103)) - Jetty request log can only be enabled using Log4j
2023-02-28 04:32:18,382 [Listener at 127.0.0.1/43975] INFO  http.HttpServer2 (HttpServer2.java:addGlobalFilter(1031)) - Added global filter 'safety' (class=org.apache.hadoop.hdds.server.http.HttpServer2$QuotingInputFilter)
2023-02-28 04:32:18,382 [Listener at 127.0.0.1/43975] INFO  http.HttpServer2 (HttpServer2.java:addFilter(1007)) - Added filter static_user_filter (class=org.apache.hadoop.http.lib.StaticUserWebFilter$StaticUserFilter) to context hddsDatanode
2023-02-28 04:32:18,383 [Listener at 127.0.0.1/43975] INFO  http.HttpServer2 (HttpServer2.java:addFilter(1015)) - Added filter static_user_filter (class=org.apache.hadoop.http.lib.StaticUserWebFilter$StaticUserFilter) to context static
2023-02-28 04:32:18,383 [Listener at 127.0.0.1/43975] INFO  http.HttpServer2 (HttpServer2.java:addFilter(1015)) - Added filter static_user_filter (class=org.apache.hadoop.http.lib.StaticUserWebFilter$StaticUserFilter) to context logs
2023-02-28 04:32:18,383 [Listener at 127.0.0.1/43975] INFO  http.HttpServer2 (HttpServer2.java:bindListener(1250)) - Jetty bound to port 36157
2023-02-28 04:32:18,383 [Listener at 127.0.0.1/43975] INFO  server.Server (Server.java:doStart(375)) - jetty-9.4.49.v20220914; built: 2022-09-14T01:07:36.601Z; git: 4231a3b2e4cb8548a412a789936d640a97b1aa0a; jvm 1.8.0_362-b09
2023-02-28 04:32:18,390 [Listener at 127.0.0.1/43975] INFO  server.session (DefaultSessionIdManager.java:doStart(334)) - DefaultSessionIdManager workerName=node0
2023-02-28 04:32:18,390 [Listener at 127.0.0.1/43975] INFO  server.session (DefaultSessionIdManager.java:doStart(339)) - No SessionScavenger set, using defaults
2023-02-28 04:32:18,390 [Listener at 127.0.0.1/43975] INFO  server.session (HouseKeeper.java:startScavenging(132)) - node0 Scavenging every 660000ms
2023-02-28 04:32:18,391 [Listener at 127.0.0.1/43975] INFO  handler.ContextHandler (ContextHandler.java:doStart(921)) - Started o.e.j.s.ServletContextHandler@410b8efd{logs,/logs,file:///home/runner/work/ozone/ozone/hadoop-ozone/integration-test/target/log,AVAILABLE}
2023-02-28 04:32:18,391 [Listener at 127.0.0.1/43975] INFO  handler.ContextHandler (ContextHandler.java:doStart(921)) - Started o.e.j.s.ServletContextHandler@3638a818{static,/static,jar:file:/home/runner/.m2/repository/org/apache/ozone/hdds-container-service/1.4.0-SNAPSHOT/hdds-container-service-1.4.0-SNAPSHOT.jar!/webapps/static,AVAILABLE}
2023-02-28 04:32:18,597 [Listener at 127.0.0.1/43975] INFO  handler.ContextHandler (ContextHandler.java:doStart(921)) - Started o.e.j.w.WebAppContext@56f919b9{hddsDatanode,/,file:///tmp/jetty-0_0_0_0-36157-hdds-container-service-1_4_0-SNAPSHOT_jar-_-any-7746756905340266323/webapp/,AVAILABLE}{jar:file:/home/runner/.m2/repository/org/apache/ozone/hdds-container-service/1.4.0-SNAPSHOT/hdds-container-service-1.4.0-SNAPSHOT.jar!/webapps/hddsDatanode}
2023-02-28 04:32:18,600 [Listener at 127.0.0.1/43975] INFO  server.AbstractConnector (AbstractConnector.java:doStart(333)) - Started ServerConnector@1d5b2d04{HTTP/1.1, (http/1.1)}{0.0.0.0:36157}
2023-02-28 04:32:18,600 [Listener at 127.0.0.1/43975] INFO  server.Server (Server.java:doStart(415)) - Started @11776ms
2023-02-28 04:32:18,600 [Listener at 127.0.0.1/43975] WARN  impl.MetricsSystemImpl (MetricsSystemImpl.java:register(279)) - Sink prometheus already exists!
2023-02-28 04:32:18,601 [Listener at 127.0.0.1/43975] INFO  http.BaseHttpServer (BaseHttpServer.java:updateConnectorAddress(333)) - HTTP server of hddsDatanode listening at http://0.0.0.0:36157
2023-02-28 04:32:18,601 [Datanode State Machine Daemon Thread] INFO  statemachine.DatanodeStateMachine (DatanodeStateMachine.java:lambda$startDaemon$0(516)) - Ozone container server started.
2023-02-28 04:32:18,604 [Listener at 127.0.0.1/43975] INFO  ozone.MiniOzoneClusterImpl (MiniOzoneClusterImpl.java:lambda$waitForClusterToBeReady$0(218)) - Waiting for nodes to be ready. Got 0 of 3 DN Heartbeats.
2023-02-28 04:32:18,605 [Listener at 127.0.0.1/43975] INFO  ozone.MiniOzoneClusterImpl (MiniOzoneClusterImpl.java:lambda$waitForClusterToBeReady$0(221)) - Waiting for cluster to exit safe mode
2023-02-28 04:32:18,605 [Listener at 127.0.0.1/43975] INFO  ozone.MiniOzoneClusterImpl (MiniOzoneClusterImpl.java:lambda$waitForClusterToBeReady$0(223)) - SCM became leader
2023-02-28 04:32:18,606 [org.apache.hadoop.util.JvmPauseMonitor$Monitor@7d34c722] INFO  util.JvmPauseMonitor (JvmPauseMonitor.java:run(188)) - Starting JVM pause monitor
2023-02-28 04:32:18,608 [Datanode State Machine Task Thread - 0] INFO  datanode.InitDatanodeState (InitDatanodeState.java:persistContainerDatanodeDetails(138)) - DatanodeDetails is persisted to /home/runner/work/ozone/ozone/hadoop-ozone/integration-test/target/test-dir/MiniOzoneClusterImpl-f9e21395-1bcf-40d4-8edb-6f91c23aa5c2/datanode-2/meta/datanode.id
2023-02-28 04:32:19,605 [Listener at 127.0.0.1/43975] INFO  ozone.MiniOzoneClusterImpl (MiniOzoneClusterImpl.java:lambda$waitForClusterToBeReady$0(218)) - Waiting for nodes to be ready. Got 0 of 3 DN Heartbeats.
2023-02-28 04:32:19,605 [Listener at 127.0.0.1/43975] INFO  ozone.MiniOzoneClusterImpl (MiniOzoneClusterImpl.java:lambda$waitForClusterToBeReady$0(221)) - Waiting for cluster to exit safe mode
2023-02-28 04:32:19,605 [Listener at 127.0.0.1/43975] INFO  ozone.MiniOzoneClusterImpl (MiniOzoneClusterImpl.java:lambda$waitForClusterToBeReady$0(223)) - SCM became leader
2023-02-28 04:32:19,860 [EndpointStateMachine task thread for /0.0.0.0:41617 - 0 ] INFO  utils.DatanodeStoreCache (DatanodeStoreCache.java:addDB(58)) - Added db /home/runner/work/ozone/ozone/hadoop-ozone/integration-test/target/test-dir/MiniOzoneClusterImpl-f9e21395-1bcf-40d4-8edb-6f91c23aa5c2/datanode-0/data-0/containers/hdds/f9e21395-1bcf-40d4-8edb-6f91c23aa5c2/DS-74aa4c8c-ac5c-49eb-9697-d6785a7487fd/container.db to cache
2023-02-28 04:32:19,861 [EndpointStateMachine task thread for /0.0.0.0:41617 - 0 ] INFO  volume.HddsVolume (HddsVolume.java:createDbStore(331)) - SchemaV3 db is created and loaded at /home/runner/work/ozone/ozone/hadoop-ozone/integration-test/target/test-dir/MiniOzoneClusterImpl-f9e21395-1bcf-40d4-8edb-6f91c23aa5c2/datanode-0/data-0/containers/hdds/f9e21395-1bcf-40d4-8edb-6f91c23aa5c2/DS-74aa4c8c-ac5c-49eb-9697-d6785a7487fd/container.db for volume DS-74aa4c8c-ac5c-49eb-9697-d6785a7487fd
2023-02-28 04:32:19,862 [EndpointStateMachine task thread for /0.0.0.0:41617 - 0 ] INFO  ozoneimpl.OzoneContainer (OzoneContainer.java:start(398)) - Attempting to start container services.
2023-02-28 04:32:19,865 [EndpointStateMachine task thread for /0.0.0.0:41617 - 0 ] INFO  ozoneimpl.OzoneContainer (OzoneContainer.java:startContainerScrub(315)) - Scheduled background container scanners and the on-demand container scanner have been disabled.
2023-02-28 04:32:19,866 [EndpointStateMachine task thread for /0.0.0.0:41617 - 0 ] INFO  replication.ReplicationServer (ReplicationServer.java:start(109)) - ReplicationServer is started using port 44529
2023-02-28 04:32:19,869 [EndpointStateMachine task thread for /0.0.0.0:41617 - 0 ] INFO  ratis.XceiverServerRatis (XceiverServerRatis.java:start(518)) - Starting XceiverServerRatis f3c0879f-2b51-472f-a21d-9b1dd65624d4
2023-02-28 04:32:19,869 [EndpointStateMachine task thread for /0.0.0.0:41617 - 0 ] INFO  server.RaftServer (RaftServerProxy.java:startImpl(393)) - f3c0879f-2b51-472f-a21d-9b1dd65624d4: start RPC server
2023-02-28 04:32:19,876 [EndpointStateMachine task thread for /0.0.0.0:41617 - 0 ] INFO  server.GrpcService (GrpcService.java:startImpl(262)) - f3c0879f-2b51-472f-a21d-9b1dd65624d4: GrpcService started, listening on 43637
2023-02-28 04:32:19,876 [JvmPauseMonitor3] INFO  util.JvmPauseMonitor (JvmPauseMonitor.java:run(105)) - JvmPauseMonitor-f3c0879f-2b51-472f-a21d-9b1dd65624d4: Started
2023-02-28 04:32:19,876 [EndpointStateMachine task thread for /0.0.0.0:41617 - 0 ] INFO  ratis.XceiverServerRatis (XceiverServerRatis.java:getRealPort(544)) - XceiverServerRatis f3c0879f-2b51-472f-a21d-9b1dd65624d4 is started using port 43637 for RATIS
2023-02-28 04:32:19,876 [EndpointStateMachine task thread for /0.0.0.0:41617 - 0 ] INFO  ratis.XceiverServerRatis (XceiverServerRatis.java:getRealPort(544)) - XceiverServerRatis f3c0879f-2b51-472f-a21d-9b1dd65624d4 is started using port 43637 for RATIS_ADMIN
2023-02-28 04:32:19,876 [EndpointStateMachine task thread for /0.0.0.0:41617 - 0 ] INFO  ratis.XceiverServerRatis (XceiverServerRatis.java:getRealPort(544)) - XceiverServerRatis f3c0879f-2b51-472f-a21d-9b1dd65624d4 is started using port 43637 for RATIS_SERVER
2023-02-28 04:32:19,876 [EndpointStateMachine task thread for /0.0.0.0:41617 - 0 ] INFO  ratis.XceiverServerRatis (XceiverServerRatis.java:getRealPort(544)) - XceiverServerRatis f3c0879f-2b51-472f-a21d-9b1dd65624d4 is started using port 39167 for RATIS_DATASTREAM
2023-02-28 04:32:19,880 [EndpointStateMachine task thread for /0.0.0.0:41617 - 0 ] INFO  server.XceiverServerGrpc (XceiverServerGrpc.java:start(180)) - XceiverServerGrpc f3c0879f-2b51-472f-a21d-9b1dd65624d4 is started using port 41657
2023-02-28 04:32:19,888 [BlockDeletingService#0] INFO  interfaces.ContainerDeletionChoosingPolicyTemplate (ContainerDeletionChoosingPolicyTemplate.java:chooseContainerForBlockDeletion(83)) - Chosen 0/5000 blocks from 0 candidate containers.
2023-02-28 04:32:20,267 [EndpointStateMachine task thread for /0.0.0.0:41617 - 0 ] INFO  utils.DatanodeStoreCache (DatanodeStoreCache.java:addDB(58)) - Added db /home/runner/work/ozone/ozone/hadoop-ozone/integration-test/target/test-dir/MiniOzoneClusterImpl-f9e21395-1bcf-40d4-8edb-6f91c23aa5c2/datanode-1/data-0/containers/hdds/f9e21395-1bcf-40d4-8edb-6f91c23aa5c2/DS-f1d8b983-90e8-4c3d-be6b-2ed517c7f3fa/container.db to cache
2023-02-28 04:32:20,267 [EndpointStateMachine task thread for /0.0.0.0:41617 - 0 ] INFO  volume.HddsVolume (HddsVolume.java:createDbStore(331)) - SchemaV3 db is created and loaded at /home/runner/work/ozone/ozone/hadoop-ozone/integration-test/target/test-dir/MiniOzoneClusterImpl-f9e21395-1bcf-40d4-8edb-6f91c23aa5c2/datanode-1/data-0/containers/hdds/f9e21395-1bcf-40d4-8edb-6f91c23aa5c2/DS-f1d8b983-90e8-4c3d-be6b-2ed517c7f3fa/container.db for volume DS-f1d8b983-90e8-4c3d-be6b-2ed517c7f3fa
2023-02-28 04:32:20,268 [EndpointStateMachine task thread for /0.0.0.0:41617 - 0 ] INFO  ozoneimpl.OzoneContainer (OzoneContainer.java:start(398)) - Attempting to start container services.
2023-02-28 04:32:20,268 [EndpointStateMachine task thread for /0.0.0.0:41617 - 0 ] INFO  ozoneimpl.OzoneContainer (OzoneContainer.java:startContainerScrub(315)) - Scheduled background container scanners and the on-demand container scanner have been disabled.
2023-02-28 04:32:20,270 [EndpointStateMachine task thread for /0.0.0.0:41617 - 0 ] INFO  replication.ReplicationServer (ReplicationServer.java:start(109)) - ReplicationServer is started using port 34153
2023-02-28 04:32:20,271 [EndpointStateMachine task thread for /0.0.0.0:41617 - 0 ] INFO  ratis.XceiverServerRatis (XceiverServerRatis.java:start(518)) - Starting XceiverServerRatis be78be15-616a-41d9-9b13-64e624dde3ac
2023-02-28 04:32:20,272 [EndpointStateMachine task thread for /0.0.0.0:41617 - 0 ] INFO  server.RaftServer (RaftServerProxy.java:startImpl(393)) - be78be15-616a-41d9-9b13-64e624dde3ac: start RPC server
2023-02-28 04:32:20,275 [EndpointStateMachine task thread for /0.0.0.0:41617 - 0 ] INFO  server.GrpcService (GrpcService.java:startImpl(262)) - be78be15-616a-41d9-9b13-64e624dde3ac: GrpcService started, listening on 38523
2023-02-28 04:32:20,276 [EndpointStateMachine task thread for /0.0.0.0:41617 - 0 ] INFO  ratis.XceiverServerRatis (XceiverServerRatis.java:getRealPort(544)) - XceiverServerRatis be78be15-616a-41d9-9b13-64e624dde3ac is started using port 38523 for RATIS
2023-02-28 04:32:20,276 [EndpointStateMachine task thread for /0.0.0.0:41617 - 0 ] INFO  ratis.XceiverServerRatis (XceiverServerRatis.java:getRealPort(544)) - XceiverServerRatis be78be15-616a-41d9-9b13-64e624dde3ac is started using port 38523 for RATIS_ADMIN
2023-02-28 04:32:20,276 [JvmPauseMonitor4] INFO  util.JvmPauseMonitor (JvmPauseMonitor.java:run(105)) - JvmPauseMonitor-be78be15-616a-41d9-9b13-64e624dde3ac: Started
2023-02-28 04:32:20,276 [EndpointStateMachine task thread for /0.0.0.0:41617 - 0 ] INFO  ratis.XceiverServerRatis (XceiverServerRatis.java:getRealPort(544)) - XceiverServerRatis be78be15-616a-41d9-9b13-64e624dde3ac is started using port 38523 for RATIS_SERVER
2023-02-28 04:32:20,276 [EndpointStateMachine task thread for /0.0.0.0:41617 - 0 ] INFO  ratis.XceiverServerRatis (XceiverServerRatis.java:getRealPort(544)) - XceiverServerRatis be78be15-616a-41d9-9b13-64e624dde3ac is started using port 43621 for RATIS_DATASTREAM
2023-02-28 04:32:20,277 [EndpointStateMachine task thread for /0.0.0.0:41617 - 0 ] INFO  server.XceiverServerGrpc (XceiverServerGrpc.java:start(180)) - XceiverServerGrpc be78be15-616a-41d9-9b13-64e624dde3ac is started using port 38025
2023-02-28 04:32:20,287 [BlockDeletingService#0] INFO  interfaces.ContainerDeletionChoosingPolicyTemplate (ContainerDeletionChoosingPolicyTemplate.java:chooseContainerForBlockDeletion(83)) - Chosen 0/5000 blocks from 0 candidate containers.
2023-02-28 04:32:20,605 [Listener at 127.0.0.1/43975] INFO  ozone.MiniOzoneClusterImpl (MiniOzoneClusterImpl.java:lambda$waitForClusterToBeReady$0(218)) - Waiting for nodes to be ready. Got 0 of 3 DN Heartbeats.
2023-02-28 04:32:20,606 [Listener at 127.0.0.1/43975] INFO  ozone.MiniOzoneClusterImpl (MiniOzoneClusterImpl.java:lambda$waitForClusterToBeReady$0(221)) - Waiting for cluster to exit safe mode
2023-02-28 04:32:20,606 [Listener at 127.0.0.1/43975] INFO  ozone.MiniOzoneClusterImpl (MiniOzoneClusterImpl.java:lambda$waitForClusterToBeReady$0(223)) - SCM became leader
2023-02-28 04:32:20,637 [EndpointStateMachine task thread for /0.0.0.0:41617 - 0 ] INFO  utils.DatanodeStoreCache (DatanodeStoreCache.java:addDB(58)) - Added db /home/runner/work/ozone/ozone/hadoop-ozone/integration-test/target/test-dir/MiniOzoneClusterImpl-f9e21395-1bcf-40d4-8edb-6f91c23aa5c2/datanode-2/data-0/containers/hdds/f9e21395-1bcf-40d4-8edb-6f91c23aa5c2/DS-ef4ada87-e49b-4423-b01b-001d3cc2ab34/container.db to cache
2023-02-28 04:32:20,638 [EndpointStateMachine task thread for /0.0.0.0:41617 - 0 ] INFO  volume.HddsVolume (HddsVolume.java:createDbStore(331)) - SchemaV3 db is created and loaded at /home/runner/work/ozone/ozone/hadoop-ozone/integration-test/target/test-dir/MiniOzoneClusterImpl-f9e21395-1bcf-40d4-8edb-6f91c23aa5c2/datanode-2/data-0/containers/hdds/f9e21395-1bcf-40d4-8edb-6f91c23aa5c2/DS-ef4ada87-e49b-4423-b01b-001d3cc2ab34/container.db for volume DS-ef4ada87-e49b-4423-b01b-001d3cc2ab34
2023-02-28 04:32:20,638 [EndpointStateMachine task thread for /0.0.0.0:41617 - 0 ] INFO  ozoneimpl.OzoneContainer (OzoneContainer.java:start(398)) - Attempting to start container services.
2023-02-28 04:32:20,638 [EndpointStateMachine task thread for /0.0.0.0:41617 - 0 ] INFO  ozoneimpl.OzoneContainer (OzoneContainer.java:startContainerScrub(315)) - Scheduled background container scanners and the on-demand container scanner have been disabled.
2023-02-28 04:32:20,641 [EndpointStateMachine task thread for /0.0.0.0:41617 - 0 ] INFO  replication.ReplicationServer (ReplicationServer.java:start(109)) - ReplicationServer is started using port 36231
2023-02-28 04:32:20,642 [EndpointStateMachine task thread for /0.0.0.0:41617 - 0 ] INFO  ratis.XceiverServerRatis (XceiverServerRatis.java:start(518)) - Starting XceiverServerRatis ef2d612f-7c32-4639-b0f9-22a0544f56e6
2023-02-28 04:32:20,645 [EndpointStateMachine task thread for /0.0.0.0:41617 - 0 ] INFO  server.RaftServer (RaftServerProxy.java:startImpl(393)) - ef2d612f-7c32-4639-b0f9-22a0544f56e6: start RPC server
2023-02-28 04:32:20,647 [EndpointStateMachine task thread for /0.0.0.0:41617 - 0 ] INFO  server.GrpcService (GrpcService.java:startImpl(262)) - ef2d612f-7c32-4639-b0f9-22a0544f56e6: GrpcService started, listening on 37423
2023-02-28 04:32:20,648 [EndpointStateMachine task thread for /0.0.0.0:41617 - 0 ] INFO  ratis.XceiverServerRatis (XceiverServerRatis.java:getRealPort(544)) - XceiverServerRatis ef2d612f-7c32-4639-b0f9-22a0544f56e6 is started using port 37423 for RATIS
2023-02-28 04:32:20,648 [JvmPauseMonitor5] INFO  util.JvmPauseMonitor (JvmPauseMonitor.java:run(105)) - JvmPauseMonitor-ef2d612f-7c32-4639-b0f9-22a0544f56e6: Started
2023-02-28 04:32:20,648 [EndpointStateMachine task thread for /0.0.0.0:41617 - 0 ] INFO  ratis.XceiverServerRatis (XceiverServerRatis.java:getRealPort(544)) - XceiverServerRatis ef2d612f-7c32-4639-b0f9-22a0544f56e6 is started using port 37423 for RATIS_ADMIN
2023-02-28 04:32:20,648 [EndpointStateMachine task thread for /0.0.0.0:41617 - 0 ] INFO  ratis.XceiverServerRatis (XceiverServerRatis.java:getRealPort(544)) - XceiverServerRatis ef2d612f-7c32-4639-b0f9-22a0544f56e6 is started using port 37423 for RATIS_SERVER
2023-02-28 04:32:20,648 [EndpointStateMachine task thread for /0.0.0.0:41617 - 0 ] INFO  ratis.XceiverServerRatis (XceiverServerRatis.java:getRealPort(544)) - XceiverServerRatis ef2d612f-7c32-4639-b0f9-22a0544f56e6 is started using port 34035 for RATIS_DATASTREAM
2023-02-28 04:32:20,650 [EndpointStateMachine task thread for /0.0.0.0:41617 - 0 ] INFO  server.XceiverServerGrpc (XceiverServerGrpc.java:start(180)) - XceiverServerGrpc ef2d612f-7c32-4639-b0f9-22a0544f56e6 is started using port 46109
2023-02-28 04:32:20,652 [BlockDeletingService#0] INFO  interfaces.ContainerDeletionChoosingPolicyTemplate (ContainerDeletionChoosingPolicyTemplate.java:chooseContainerForBlockDeletion(83)) - Chosen 0/5000 blocks from 0 candidate containers.
2023-02-28 04:32:21,606 [Listener at 127.0.0.1/43975] INFO  ozone.MiniOzoneClusterImpl (MiniOzoneClusterImpl.java:lambda$waitForClusterToBeReady$0(218)) - Waiting for nodes to be ready. Got 0 of 3 DN Heartbeats.
2023-02-28 04:32:21,606 [Listener at 127.0.0.1/43975] INFO  ozone.MiniOzoneClusterImpl (MiniOzoneClusterImpl.java:lambda$waitForClusterToBeReady$0(221)) - Waiting for cluster to exit safe mode
2023-02-28 04:32:21,606 [Listener at 127.0.0.1/43975] INFO  ozone.MiniOzoneClusterImpl (MiniOzoneClusterImpl.java:lambda$waitForClusterToBeReady$0(223)) - SCM became leader
2023-02-28 04:32:21,793 [IPC Server handler 2 on default port 41617] INFO  net.NetworkTopologyImpl (NetworkTopologyImpl.java:add(112)) - Added a new node: /default-rack/f3c0879f-2b51-472f-a21d-9b1dd65624d4
2023-02-28 04:32:21,795 [IPC Server handler 2 on default port 41617] INFO  node.SCMNodeManager (SCMNodeManager.java:register(397)) - Registered Data node : f3c0879f-2b51-472f-a21d-9b1dd65624d4{ip: 10.1.0.42, host: fv-az467-141, ports: [REPLICATION=44529, RATIS=43637, RATIS_ADMIN=43637, RATIS_SERVER=43637, RATIS_DATASTREAM=39167, STANDALONE=41657], networkLocation: /default-rack, certSerialId: null, persistedOpState: null, persistedOpStateExpiryEpochSec: 0}
2023-02-28 04:32:21,800 [EventQueue-NewNodeForNewNodeHandler] INFO  pipeline.BackgroundPipelineCreator (BackgroundPipelineCreator.java:notifyEventTriggered(276)) - trigger a one-shot run on RatisPipelineUtilsThread.
2023-02-28 04:32:21,800 [EventQueue-NodeRegistrationContainerReportForContainerSafeModeRule] INFO  safemode.SCMSafeModeManager (SCMSafeModeManager.java:validateSafeModeExitRules(200)) - ContainerSafeModeRule rule is successfully validated
2023-02-28 04:32:21,801 [EventQueue-NodeRegistrationContainerReportForDataNodeSafeModeRule] INFO  safemode.SCMSafeModeManager (DataNodeSafeModeRule.java:process(71)) - SCM in safe mode. 1 DataNodes registered, 3 required.
2023-02-28 04:32:21,806 [EventQueue-PipelineReportForOneReplicaPipelineSafeModeRule] INFO  safemode.SCMSafeModeManager (SCMSafeModeManager.java:validateSafeModeExitRules(200)) - AtleastOneDatanodeReportedRule rule is successfully validated
2023-02-28 04:32:21,808 [RatisPipelineUtilsThread - 0] INFO  pipeline.RatisPipelineProvider (RatisPipelineProvider.java:lambda$create$0(206)) - Sending CreatePipelineCommand for pipeline:PipelineID=882331ac-b8fd-4723-97e8-d369260cdb85 to datanode:f3c0879f-2b51-472f-a21d-9b1dd65624d4
2023-02-28 04:32:21,817 [RatisPipelineUtilsThread - 0] INFO  pipeline.PipelineStateManagerImpl (PipelineStateManagerImpl.java:addPipeline(103)) - Created pipeline Pipeline[ Id: 882331ac-b8fd-4723-97e8-d369260cdb85, Nodes: f3c0879f-2b51-472f-a21d-9b1dd65624d4(fv-az467-141/10.1.0.42), ReplicationConfig: RATIS/ONE, State:ALLOCATED, leaderId:, CreationTimestamp2023-02-28T04:32:21.806Z[Etc/UTC]].
2023-02-28 04:32:22,240 [IPC Server handler 0 on default port 41617] INFO  net.NetworkTopologyImpl (NetworkTopologyImpl.java:add(112)) - Added a new node: /default-rack/be78be15-616a-41d9-9b13-64e624dde3ac
2023-02-28 04:32:22,240 [IPC Server handler 0 on default port 41617] INFO  node.SCMNodeManager (SCMNodeManager.java:register(397)) - Registered Data node : be78be15-616a-41d9-9b13-64e624dde3ac{ip: 10.1.0.42, host: fv-az467-141, ports: [REPLICATION=34153, RATIS=38523, RATIS_ADMIN=38523, RATIS_SERVER=38523, RATIS_DATASTREAM=43621, STANDALONE=38025], networkLocation: /default-rack, certSerialId: null, persistedOpState: null, persistedOpStateExpiryEpochSec: 0}
2023-02-28 04:32:22,240 [EventQueue-NodeRegistrationContainerReportForDataNodeSafeModeRule] INFO  safemode.SCMSafeModeManager (DataNodeSafeModeRule.java:process(71)) - SCM in safe mode. 2 DataNodes registered, 3 required.
2023-02-28 04:32:22,241 [EventQueue-NewNodeForNewNodeHandler] INFO  pipeline.BackgroundPipelineCreator (BackgroundPipelineCreator.java:notifyEventTriggered(276)) - trigger a one-shot run on RatisPipelineUtilsThread.
2023-02-28 04:32:22,242 [RatisPipelineUtilsThread - 0] INFO  pipeline.RatisPipelineProvider (RatisPipelineProvider.java:lambda$create$0(206)) - Sending CreatePipelineCommand for pipeline:PipelineID=decc78ee-b028-4db4-b35b-16b54c0a1844 to datanode:be78be15-616a-41d9-9b13-64e624dde3ac
2023-02-28 04:32:22,242 [RatisPipelineUtilsThread - 0] INFO  pipeline.PipelineStateManagerImpl (PipelineStateManagerImpl.java:addPipeline(103)) - Created pipeline Pipeline[ Id: decc78ee-b028-4db4-b35b-16b54c0a1844, Nodes: be78be15-616a-41d9-9b13-64e624dde3ac(fv-az467-141/10.1.0.42), ReplicationConfig: RATIS/ONE, State:ALLOCATED, leaderId:, CreationTimestamp2023-02-28T04:32:22.242Z[Etc/UTC]].
2023-02-28 04:32:22,606 [Listener at 127.0.0.1/43975] INFO  ozone.MiniOzoneClusterImpl (MiniOzoneClusterImpl.java:lambda$waitForClusterToBeReady$0(218)) - Waiting for nodes to be ready. Got 2 of 3 DN Heartbeats.
2023-02-28 04:32:22,607 [Listener at 127.0.0.1/43975] INFO  ozone.MiniOzoneClusterImpl (MiniOzoneClusterImpl.java:lambda$waitForClusterToBeReady$0(221)) - Waiting for cluster to exit safe mode
2023-02-28 04:32:22,607 [Listener at 127.0.0.1/43975] INFO  ozone.MiniOzoneClusterImpl (MiniOzoneClusterImpl.java:lambda$waitForClusterToBeReady$0(223)) - SCM became leader
2023-02-28 04:32:22,609 [IPC Server handler 1 on default port 41617] INFO  net.NetworkTopologyImpl (NetworkTopologyImpl.java:add(112)) - Added a new node: /default-rack/ef2d612f-7c32-4639-b0f9-22a0544f56e6
2023-02-28 04:32:22,609 [IPC Server handler 1 on default port 41617] INFO  node.SCMNodeManager (SCMNodeManager.java:register(397)) - Registered Data node : ef2d612f-7c32-4639-b0f9-22a0544f56e6{ip: 10.1.0.42, host: fv-az467-141, ports: [REPLICATION=36231, RATIS=37423, RATIS_ADMIN=37423, RATIS_SERVER=37423, RATIS_DATASTREAM=34035, STANDALONE=46109], networkLocation: /default-rack, certSerialId: null, persistedOpState: null, persistedOpStateExpiryEpochSec: 0}
2023-02-28 04:32:22,609 [EventQueue-NewNodeForNewNodeHandler] INFO  pipeline.BackgroundPipelineCreator (BackgroundPipelineCreator.java:notifyEventTriggered(276)) - trigger a one-shot run on RatisPipelineUtilsThread.
2023-02-28 04:32:22,609 [EventQueue-NodeRegistrationContainerReportForDataNodeSafeModeRule] INFO  safemode.SCMSafeModeManager (DataNodeSafeModeRule.java:process(71)) - SCM in safe mode. 3 DataNodes registered, 3 required.
2023-02-28 04:32:22,609 [EventQueue-NodeRegistrationContainerReportForDataNodeSafeModeRule] INFO  safemode.SCMSafeModeManager (SCMSafeModeManager.java:validateSafeModeExitRules(200)) - DataNodeSafeModeRule rule is successfully validated
2023-02-28 04:32:22,609 [EventQueue-NodeRegistrationContainerReportForDataNodeSafeModeRule] INFO  safemode.SCMSafeModeManager (SCMSafeModeManager.java:completePreCheck(229)) - All SCM safe mode pre check rules have passed
2023-02-28 04:32:22,609 [EventQueue-NodeRegistrationContainerReportForDataNodeSafeModeRule] INFO  ha.SCMContext (SCMContext.java:updateSafeModeStatus(228)) - Update SafeModeStatus from SafeModeStatus{safeModeStatus=true, preCheckPassed=false} to SafeModeStatus{safeModeStatus=true, preCheckPassed=true}.
2023-02-28 04:32:22,609 [EventQueue-NodeRegistrationContainerReportForDataNodeSafeModeRule] INFO  pipeline.BackgroundPipelineCreator (BackgroundPipelineCreator.java:notifyEventTriggered(276)) - trigger a one-shot run on RatisPipelineUtilsThread.
2023-02-28 04:32:22,610 [RatisPipelineUtilsThread - 0] INFO  pipeline.RatisPipelineProvider (RatisPipelineProvider.java:lambda$create$0(206)) - Sending CreatePipelineCommand for pipeline:PipelineID=661bc918-6399-4a3f-b0ce-4707e66dc214 to datanode:ef2d612f-7c32-4639-b0f9-22a0544f56e6
2023-02-28 04:32:22,610 [RatisPipelineUtilsThread - 0] INFO  pipeline.PipelineStateManagerImpl (PipelineStateManagerImpl.java:addPipeline(103)) - Created pipeline Pipeline[ Id: 661bc918-6399-4a3f-b0ce-4707e66dc214, Nodes: ef2d612f-7c32-4639-b0f9-22a0544f56e6(fv-az467-141/10.1.0.42), ReplicationConfig: RATIS/ONE, State:ALLOCATED, leaderId:, CreationTimestamp2023-02-28T04:32:22.610Z[Etc/UTC]].
2023-02-28 04:32:22,614 [RatisPipelineUtilsThread - 0] INFO  pipeline.RatisPipelineProvider (RatisPipelineProvider.java:lambda$create$0(206)) - Sending CreatePipelineCommand for pipeline:PipelineID=0e98ce45-0303-406b-aa09-5f0961318548 to datanode:ef2d612f-7c32-4639-b0f9-22a0544f56e6
2023-02-28 04:32:22,614 [RatisPipelineUtilsThread - 0] INFO  pipeline.RatisPipelineProvider (RatisPipelineProvider.java:lambda$create$0(206)) - Sending CreatePipelineCommand for pipeline:PipelineID=0e98ce45-0303-406b-aa09-5f0961318548 to datanode:be78be15-616a-41d9-9b13-64e624dde3ac
2023-02-28 04:32:22,614 [RatisPipelineUtilsThread - 0] INFO  pipeline.RatisPipelineProvider (RatisPipelineProvider.java:lambda$create$0(206)) - Sending CreatePipelineCommand for pipeline:PipelineID=0e98ce45-0303-406b-aa09-5f0961318548 to datanode:f3c0879f-2b51-472f-a21d-9b1dd65624d4
2023-02-28 04:32:22,615 [RatisPipelineUtilsThread - 0] INFO  pipeline.PipelineStateManagerImpl (PipelineStateManagerImpl.java:addPipeline(103)) - Created pipeline Pipeline[ Id: 0e98ce45-0303-406b-aa09-5f0961318548, Nodes: ef2d612f-7c32-4639-b0f9-22a0544f56e6(fv-az467-141/10.1.0.42)be78be15-616a-41d9-9b13-64e624dde3ac(fv-az467-141/10.1.0.42)f3c0879f-2b51-472f-a21d-9b1dd65624d4(fv-az467-141/10.1.0.42), ReplicationConfig: RATIS/THREE, State:ALLOCATED, leaderId:, CreationTimestamp2023-02-28T04:32:22.614Z[Etc/UTC]].
2023-02-28 04:32:22,617 [RatisPipelineUtilsThread - 0] INFO  pipeline.RatisPipelineProvider (RatisPipelineProvider.java:lambda$create$0(206)) - Sending CreatePipelineCommand for pipeline:PipelineID=3a99d1bb-d425-471f-aa2d-d520026a883b to datanode:ef2d612f-7c32-4639-b0f9-22a0544f56e6
2023-02-28 04:32:22,617 [RatisPipelineUtilsThread - 0] INFO  pipeline.RatisPipelineProvider (RatisPipelineProvider.java:lambda$create$0(206)) - Sending CreatePipelineCommand for pipeline:PipelineID=3a99d1bb-d425-471f-aa2d-d520026a883b to datanode:f3c0879f-2b51-472f-a21d-9b1dd65624d4
2023-02-28 04:32:22,617 [RatisPipelineUtilsThread - 0] INFO  pipeline.RatisPipelineProvider (RatisPipelineProvider.java:lambda$create$0(206)) - Sending CreatePipelineCommand for pipeline:PipelineID=3a99d1bb-d425-471f-aa2d-d520026a883b to datanode:be78be15-616a-41d9-9b13-64e624dde3ac
2023-02-28 04:32:22,619 [RatisPipelineUtilsThread - 0] INFO  pipeline.PipelineStateManagerImpl (PipelineStateManagerImpl.java:addPipeline(103)) - Created pipeline Pipeline[ Id: 3a99d1bb-d425-471f-aa2d-d520026a883b, Nodes: ef2d612f-7c32-4639-b0f9-22a0544f56e6(fv-az467-141/10.1.0.42)f3c0879f-2b51-472f-a21d-9b1dd65624d4(fv-az467-141/10.1.0.42)be78be15-616a-41d9-9b13-64e624dde3ac(fv-az467-141/10.1.0.42), ReplicationConfig: RATIS/THREE, State:ALLOCATED, leaderId:, CreationTimestamp2023-02-28T04:32:22.617Z[Etc/UTC]].
2023-02-28 04:32:22,619 [RatisPipelineUtilsThread - 0] INFO  pipeline.PipelineManagerImpl (PipelineManagerImpl.java:recordMetricsForPipeline(826)) - Pipeline: PipelineID=3a99d1bb-d425-471f-aa2d-d520026a883b contains same datanodes as previous pipelines: PipelineID=0e98ce45-0303-406b-aa09-5f0961318548 nodeIds: ef2d612f-7c32-4639-b0f9-22a0544f56e6, f3c0879f-2b51-472f-a21d-9b1dd65624d4, be78be15-616a-41d9-9b13-64e624dde3ac
2023-02-28 04:32:22,620 [RatisPipelineUtilsThread - 0] WARN  pipeline.PipelinePlacementPolicy (PipelinePlacementPolicy.java:filterViableNodes(158)) - Pipeline creation failed due to no sufficient healthy datanodes. Required 3. Found 0.
2023-02-28 04:32:23,607 [Listener at 127.0.0.1/43975] INFO  ozone.MiniOzoneClusterImpl (MiniOzoneClusterImpl.java:lambda$waitForClusterToBeReady$0(218)) - Nodes are ready. Got 3 of 3 DN Heartbeats.
2023-02-28 04:32:23,608 [Listener at 127.0.0.1/43975] INFO  ozone.MiniOzoneClusterImpl (MiniOzoneClusterImpl.java:lambda$waitForClusterToBeReady$0(221)) - Waiting for cluster to exit safe mode
2023-02-28 04:32:23,608 [Listener at 127.0.0.1/43975] INFO  ozone.MiniOzoneClusterImpl (MiniOzoneClusterImpl.java:lambda$waitForClusterToBeReady$0(223)) - SCM became leader
2023-02-28 04:32:24,609 [Listener at 127.0.0.1/43975] INFO  ozone.MiniOzoneClusterImpl (MiniOzoneClusterImpl.java:lambda$waitForClusterToBeReady$0(218)) - Nodes are ready. Got 3 of 3 DN Heartbeats.
2023-02-28 04:32:24,609 [Listener at 127.0.0.1/43975] INFO  ozone.MiniOzoneClusterImpl (MiniOzoneClusterImpl.java:lambda$waitForClusterToBeReady$0(221)) - Waiting for cluster to exit safe mode
2023-02-28 04:32:24,609 [Listener at 127.0.0.1/43975] INFO  ozone.MiniOzoneClusterImpl (MiniOzoneClusterImpl.java:lambda$waitForClusterToBeReady$0(223)) - SCM became leader
2023-02-28 04:32:24,789 [Command processor thread] INFO  server.RaftServer (RaftServerProxy.java:addNew(96)) - f3c0879f-2b51-472f-a21d-9b1dd65624d4: addNew group-D369260CDB85:[f3c0879f-2b51-472f-a21d-9b1dd65624d4|rpc:10.1.0.42:43637|dataStream:10.1.0.42:39167|priority:1|startupRole:FOLLOWER] returns group-D369260CDB85:java.util.concurrent.CompletableFuture@535e06f6[Not completed]
2023-02-28 04:32:24,803 [pool-127-thread-1] INFO  server.RaftServer$Division (RaftServerImpl.java:<init>(195)) - f3c0879f-2b51-472f-a21d-9b1dd65624d4: new RaftServerImpl for group-D369260CDB85:[f3c0879f-2b51-472f-a21d-9b1dd65624d4|rpc:10.1.0.42:43637|dataStream:10.1.0.42:39167|priority:1|startupRole:FOLLOWER] with ContainerStateMachine:uninitialized
2023-02-28 04:32:24,803 [pool-127-thread-1] INFO  server.RaftServerConfigKeys (ConfUtils.java:logGet(46)) - raft.server.rpc.timeout.min = 5s (custom)
2023-02-28 04:32:24,803 [pool-127-thread-1] INFO  server.RaftServerConfigKeys (ConfUtils.java:logGet(46)) - raft.server.rpc.timeout.max = 5200ms (custom)
2023-02-28 04:32:24,803 [pool-127-thread-1] INFO  server.RaftServerConfigKeys (ConfUtils.java:logGet(46)) - raft.server.rpc.sleep.time = 25ms (default)
2023-02-28 04:32:24,803 [pool-127-thread-1] INFO  server.RaftServerConfigKeys (ConfUtils.java:logGet(46)) - raft.server.rpc.slowness.timeout = 300s (custom)
2023-02-28 04:32:24,803 [pool-127-thread-1] INFO  server.RaftServerConfigKeys (ConfUtils.java:logGet(46)) - raft.server.leaderelection.leader.step-down.wait-time = 10s (default)
2023-02-28 04:32:24,803 [pool-127-thread-1] INFO  server.RaftServerConfigKeys (ConfUtils.java:logGet(46)) - raft.server.sleep.deviation.threshold = 300ms (default)
2023-02-28 04:32:24,804 [pool-127-thread-1] INFO  server.RaftServer$Division (ServerState.java:<init>(118)) - f3c0879f-2b51-472f-a21d-9b1dd65624d4@group-D369260CDB85: ConfigurationManager, init=-1: peers:[f3c0879f-2b51-472f-a21d-9b1dd65624d4|rpc:10.1.0.42:43637|dataStream:10.1.0.42:39167|priority:1|startupRole:FOLLOWER]|listeners:[], old=null, confs=<EMPTY_MAP>
2023-02-28 04:32:24,804 [pool-127-thread-1] INFO  server.RaftServerConfigKeys (ConfUtils.java:logGet(46)) - raft.server.storage.dir = [/home/runner/work/ozone/ozone/hadoop-ozone/integration-test/target/test-dir/MiniOzoneClusterImpl-f9e21395-1bcf-40d4-8edb-6f91c23aa5c2/datanode-0/data/ratis] (custom)
2023-02-28 04:32:24,804 [pool-127-thread-1] INFO  server.RaftServerConfigKeys (ConfUtils.java:logGet(46)) - raft.server.log.corruption.policy = EXCEPTION (default)
2023-02-28 04:32:24,804 [pool-127-thread-1] INFO  server.RaftServerConfigKeys (ConfUtils.java:logGet(46)) - raft.server.storage.free-space.min = 0MB (=0) (default)
2023-02-28 04:32:24,804 [pool-127-thread-1] INFO  server.RaftServerConfigKeys (ConfUtils.java:logGet(46)) - raft.server.notification.no-leader.timeout = 300s (custom)
2023-02-28 04:32:24,804 [pool-127-thread-1] INFO  server.RaftServerConfigKeys (ConfUtils.java:logGet(46)) - raft.server.retrycache.expirytime = 600000ms (custom)
2023-02-28 04:32:24,804 [pool-127-thread-1] INFO  server.RaftServerConfigKeys (ConfUtils.java:logGet(46)) - raft.server.retrycache.statistics.expirytime = 100μs (default)
2023-02-28 04:32:24,806 [pool-127-thread-1] INFO  server.RaftServerConfigKeys (ConfUtils.java:logGet(46)) - raft.server.log.appender.install.snapshot.enabled = false (custom)
2023-02-28 04:32:24,806 [pool-127-thread-1] INFO  server.RaftServerConfigKeys (ConfUtils.java:logGet(46)) - raft.server.threadpool.server.cached = true (default)
2023-02-28 04:32:24,806 [pool-127-thread-1] INFO  server.RaftServerConfigKeys (ConfUtils.java:logGet(46)) - raft.server.threadpool.server.size = 0 (default)
2023-02-28 04:32:24,806 [pool-127-thread-1] INFO  server.RaftServerConfigKeys (ConfUtils.java:logGet(46)) - raft.server.threadpool.client.cached = true (default)
2023-02-28 04:32:24,806 [pool-127-thread-1] INFO  server.RaftServerConfigKeys (ConfUtils.java:logGet(46)) - raft.server.threadpool.client.size = 0 (default)
2023-02-28 04:32:24,807 [pool-127-thread-1] INFO  storage.RaftStorageDirectory (RaftStorageDirectoryImpl.java:analyzeStorage(137)) - The storage directory /home/runner/work/ozone/ozone/hadoop-ozone/integration-test/target/test-dir/MiniOzoneClusterImpl-f9e21395-1bcf-40d4-8edb-6f91c23aa5c2/datanode-0/data/ratis/882331ac-b8fd-4723-97e8-d369260cdb85 does not exist. Creating ...
2023-02-28 04:32:24,808 [pool-127-thread-1] INFO  storage.RaftStorageDirectory (RaftStorageDirectoryImpl.java:tryLock(231)) - Lock on /home/runner/work/ozone/ozone/hadoop-ozone/integration-test/target/test-dir/MiniOzoneClusterImpl-f9e21395-1bcf-40d4-8edb-6f91c23aa5c2/datanode-0/data/ratis/882331ac-b8fd-4723-97e8-d369260cdb85/in_use.lock acquired by nodename 61299@fv-az467-141
2023-02-28 04:32:24,809 [pool-127-thread-1] INFO  storage.RaftStorage (RaftStorageImpl.java:format(96)) - Storage directory /home/runner/work/ozone/ozone/hadoop-ozone/integration-test/target/test-dir/MiniOzoneClusterImpl-f9e21395-1bcf-40d4-8edb-6f91c23aa5c2/datanode-0/data/ratis/882331ac-b8fd-4723-97e8-d369260cdb85 has been successfully formatted.
2023-02-28 04:32:24,817 [pool-127-thread-1] INFO  ratis.ContainerStateMachine (ContainerStateMachine.java:loadSnapshot(240)) - group-D369260CDB85: The snapshot info is null. Setting the last applied indexto:(t:0, i:~)
2023-02-28 04:32:24,818 [pool-127-thread-1] INFO  server.RaftServerConfigKeys (ConfUtils.java:logGet(46)) - raft.server.log.use.memory = false (default)
2023-02-28 04:32:24,818 [pool-127-thread-1] INFO  server.RaftServerConfigKeys (ConfUtils.java:logGet(46)) - raft.server.log.purge.gap = 1000000 (custom)
2023-02-28 04:32:24,818 [pool-127-thread-1] INFO  server.RaftServerConfigKeys (ConfUtils.java:logGet(46)) - raft.server.log.appender.buffer.byte-limit = 33554432 (custom)
2023-02-28 04:32:24,818 [pool-127-thread-1] INFO  server.RaftServerConfigKeys (ConfUtils.java:logGet(46)) - raft.server.log.statemachine.data.read.timeout = 1000ms (default)
2023-02-28 04:32:24,818 [pool-127-thread-1] INFO  server.RaftServerConfigKeys (ConfUtils.java:logGet(46)) - raft.server.log.purge.preservation.log.num = 0 (default)
2023-02-28 04:32:24,818 [pool-127-thread-1] INFO  server.RaftServerConfigKeys (ConfUtils.java:logGet(46)) - raft.server.log.segment.size.max = 1048576 (custom)
2023-02-28 04:32:24,819 [pool-127-thread-1] INFO  server.RaftServerConfigKeys (ConfUtils.java:logGet(46)) - raft.server.log.segment.cache.num.max = 2 (custom)
2023-02-28 04:32:24,819 [pool-127-thread-1] INFO  server.RaftServerConfigKeys (ConfUtils.java:logGet(46)) - raft.server.log.segment.cache.size.max = 200MB (=209715200) (default)
2023-02-28 04:32:24,819 [pool-127-thread-1] INFO  segmented.SegmentedRaftLogWorker (SegmentedRaftLogWorker.java:<init>(189)) - new f3c0879f-2b51-472f-a21d-9b1dd65624d4@group-D369260CDB85-SegmentedRaftLogWorker for RaftStorageImpl:Storage Directory /home/runner/work/ozone/ozone/hadoop-ozone/integration-test/target/test-dir/MiniOzoneClusterImpl-f9e21395-1bcf-40d4-8edb-6f91c23aa5c2/datanode-0/data/ratis/882331ac-b8fd-4723-97e8-d369260cdb85
2023-02-28 04:32:24,819 [pool-127-thread-1] INFO  server.RaftServerConfigKeys (ConfUtils.java:logGet(46)) - raft.server.log.queue.byte-limit = 4294967296 (custom)
2023-02-28 04:32:24,819 [pool-127-thread-1] INFO  server.RaftServerConfigKeys (ConfUtils.java:logGet(46)) - raft.server.log.queue.element-limit = 1024 (custom)
2023-02-28 04:32:24,819 [pool-127-thread-1] INFO  server.RaftServerConfigKeys (ConfUtils.java:logGet(46)) - raft.server.log.segment.size.max = 1048576 (custom)
2023-02-28 04:32:24,819 [pool-127-thread-1] INFO  server.RaftServerConfigKeys (ConfUtils.java:logGet(46)) - raft.server.log.preallocated.size = 16384 (custom)
2023-02-28 04:32:24,819 [pool-127-thread-1] INFO  server.RaftServerConfigKeys (ConfUtils.java:logGet(46)) - raft.server.log.force.sync.num = 128 (default)
2023-02-28 04:32:24,819 [pool-127-thread-1] INFO  server.RaftServerConfigKeys (ConfUtils.java:logGet(46)) - raft.server.log.statemachine.data.sync = true (default)
2023-02-28 04:32:24,819 [pool-127-thread-1] INFO  server.RaftServerConfigKeys (ConfUtils.java:logGet(46)) - raft.server.log.statemachine.data.sync.timeout = 10s (default)
2023-02-28 04:32:24,819 [pool-127-thread-1] INFO  server.RaftServerConfigKeys (ConfUtils.java:logGet(46)) - raft.server.log.statemachine.data.sync.timeout.retry = -1 (default)
2023-02-28 04:32:24,820 [pool-127-thread-1] INFO  server.RaftServerConfigKeys (ConfUtils.java:logGet(46)) - raft.server.log.write.buffer.size = 1048576 (custom)
2023-02-28 04:32:24,821 [pool-127-thread-1] INFO  server.RaftServerConfigKeys (ConfUtils.java:logGet(46)) - raft.server.log.appender.buffer.byte-limit = 33554432 (custom)
2023-02-28 04:32:24,824 [pool-127-thread-1] INFO  server.RaftServerConfigKeys (ConfUtils.java:logGet(46)) - raft.server.log.unsafe-flush.enabled = false (default)
2023-02-28 04:32:24,824 [pool-127-thread-1] INFO  server.RaftServerConfigKeys (ConfUtils.java:logGet(46)) - raft.server.log.async-flush.enabled = false (default)
2023-02-28 04:32:24,824 [pool-127-thread-1] INFO  server.RaftServerConfigKeys (ConfUtils.java:logGet(46)) - raft.server.log.statemachine.data.caching.enabled = true (custom)
2023-02-28 04:32:24,825 [pool-127-thread-1] INFO  segmented.SegmentedRaftLogWorker (SegmentedRaftLogWorker.java:lambda$new$0(135)) - f3c0879f-2b51-472f-a21d-9b1dd65624d4@group-D369260CDB85-SegmentedRaftLogWorker: flushIndex: setUnconditionally 0 -> -1
2023-02-28 04:32:24,825 [pool-127-thread-1] INFO  segmented.SegmentedRaftLogWorker (SegmentedRaftLogWorker.java:lambda$new$0(135)) - f3c0879f-2b51-472f-a21d-9b1dd65624d4@group-D369260CDB85-SegmentedRaftLogWorker: safeCacheEvictIndex: setUnconditionally 0 -> -1
2023-02-28 04:32:24,825 [pool-127-thread-1] INFO  server.RaftServer$Division (RaftServerImpl.java:start(334)) - f3c0879f-2b51-472f-a21d-9b1dd65624d4@group-D369260CDB85: start as a follower, conf=-1: peers:[f3c0879f-2b51-472f-a21d-9b1dd65624d4|rpc:10.1.0.42:43637|dataStream:10.1.0.42:39167|priority:1|startupRole:FOLLOWER]|listeners:[], old=null
2023-02-28 04:32:24,825 [pool-127-thread-1] INFO  server.RaftServer$Division (RaftServerImpl.java:setRole(321)) - f3c0879f-2b51-472f-a21d-9b1dd65624d4@group-D369260CDB85: changes role from      null to FOLLOWER at term 0 for startAsFollower
2023-02-28 04:32:24,825 [pool-127-thread-1] INFO  impl.RoleInfo (RoleInfo.java:updateAndGet(139)) - f3c0879f-2b51-472f-a21d-9b1dd65624d4: start f3c0879f-2b51-472f-a21d-9b1dd65624d4@group-D369260CDB85-FollowerState
2023-02-28 04:32:24,829 [f3c0879f-2b51-472f-a21d-9b1dd65624d4@group-D369260CDB85-FollowerState] INFO  server.RaftServerConfigKeys (ConfUtils.java:logFallback(53)) - raft.server.rpc.first-election.timeout.min = 5s (fallback to raft.server.rpc.timeout.min)
2023-02-28 04:32:24,829 [f3c0879f-2b51-472f-a21d-9b1dd65624d4@group-D369260CDB85-FollowerState] INFO  server.RaftServerConfigKeys (ConfUtils.java:logFallback(53)) - raft.server.rpc.first-election.timeout.max = 5200ms (fallback to raft.server.rpc.timeout.max)
2023-02-28 04:32:24,830 [pool-127-thread-1] INFO  util.JmxRegister (JmxRegister.java:tryRegister(44)) - Successfully registered JMX Bean with object name Ratis:service=RaftServer,group=group-D369260CDB85,id=f3c0879f-2b51-472f-a21d-9b1dd65624d4
2023-02-28 04:32:24,830 [pool-127-thread-1] INFO  server.RaftServerConfigKeys (ConfUtils.java:logGet(46)) - raft.server.snapshot.auto.trigger.enabled = true (custom)
2023-02-28 04:32:24,830 [pool-127-thread-1] INFO  server.RaftServerConfigKeys (ConfUtils.java:logGet(46)) - raft.server.snapshot.auto.trigger.threshold = 10000 (custom)
2023-02-28 04:32:24,830 [pool-127-thread-1] INFO  server.RaftServerConfigKeys (ConfUtils.java:logGet(46)) - raft.server.snapshot.retention.file.num = 5 (custom)
2023-02-28 04:32:24,830 [pool-127-thread-1] INFO  server.RaftServerConfigKeys (ConfUtils.java:logGet(46)) - raft.server.log.purge.upto.snapshot.index = false (default)
2023-02-28 04:32:24,838 [Command processor thread] INFO  ratis.XceiverServerRatis (XceiverServerRatis.java:addGroup(807)) - Created group PipelineID=882331ac-b8fd-4723-97e8-d369260cdb85
2023-02-28 04:32:24,838 [Command processor thread] INFO  commandhandler.CreatePipelineCommandHandler (CreatePipelineCommandHandler.java:handle(113)) - Created Pipeline RATIS ONE PipelineID=882331ac-b8fd-4723-97e8-d369260cdb85.
2023-02-28 04:32:24,839 [Command processor thread] INFO  server.RaftServer (RaftServerProxy.java:addNew(96)) - f3c0879f-2b51-472f-a21d-9b1dd65624d4: addNew group-5F0961318548:[be78be15-616a-41d9-9b13-64e624dde3ac|rpc:10.1.0.42:38523|dataStream:10.1.0.42:43621|priority:0|startupRole:FOLLOWER, f3c0879f-2b51-472f-a21d-9b1dd65624d4|rpc:10.1.0.42:43637|dataStream:10.1.0.42:39167|priority:1|startupRole:FOLLOWER, ef2d612f-7c32-4639-b0f9-22a0544f56e6|rpc:10.1.0.42:37423|dataStream:10.1.0.42:34035|priority:0|startupRole:FOLLOWER] returns group-5F0961318548:java.util.concurrent.CompletableFuture@25f0c8c0[Not completed]
2023-02-28 04:32:24,839 [EventQueue-PipelineReportForPipelineReportHandler] INFO  pipeline.PipelineManagerImpl (PipelineManagerImpl.java:openPipeline(367)) - Pipeline Pipeline[ Id: 882331ac-b8fd-4723-97e8-d369260cdb85, Nodes: f3c0879f-2b51-472f-a21d-9b1dd65624d4(fv-az467-141/10.1.0.42), ReplicationConfig: RATIS/ONE, State:ALLOCATED, leaderId:f3c0879f-2b51-472f-a21d-9b1dd65624d4, CreationTimestamp2023-02-28T04:32:21.806Z[Etc/UTC]] moved to OPEN state
2023-02-28 04:32:24,844 [pool-127-thread-1] INFO  server.RaftServer$Division (RaftServerImpl.java:<init>(195)) - f3c0879f-2b51-472f-a21d-9b1dd65624d4: new RaftServerImpl for group-5F0961318548:[be78be15-616a-41d9-9b13-64e624dde3ac|rpc:10.1.0.42:38523|dataStream:10.1.0.42:43621|priority:0|startupRole:FOLLOWER, f3c0879f-2b51-472f-a21d-9b1dd65624d4|rpc:10.1.0.42:43637|dataStream:10.1.0.42:39167|priority:1|startupRole:FOLLOWER, ef2d612f-7c32-4639-b0f9-22a0544f56e6|rpc:10.1.0.42:37423|dataStream:10.1.0.42:34035|priority:0|startupRole:FOLLOWER] with ContainerStateMachine:uninitialized
2023-02-28 04:32:24,846 [pool-127-thread-1] INFO  server.RaftServerConfigKeys (ConfUtils.java:logGet(46)) - raft.server.rpc.timeout.min = 5s (custom)
2023-02-28 04:32:24,846 [pool-127-thread-1] INFO  server.RaftServerConfigKeys (ConfUtils.java:logGet(46)) - raft.server.rpc.timeout.max = 5200ms (custom)
2023-02-28 04:32:24,846 [pool-127-thread-1] INFO  server.RaftServerConfigKeys (ConfUtils.java:logGet(46)) - raft.server.rpc.sleep.time = 25ms (default)
2023-02-28 04:32:24,846 [pool-127-thread-1] INFO  server.RaftServerConfigKeys (ConfUtils.java:logGet(46)) - raft.server.rpc.slowness.timeout = 300s (custom)
2023-02-28 04:32:24,846 [pool-127-thread-1] INFO  server.RaftServerConfigKeys (ConfUtils.java:logGet(46)) - raft.server.leaderelection.leader.step-down.wait-time = 10s (default)
2023-02-28 04:32:24,846 [pool-127-thread-1] INFO  server.RaftServerConfigKeys (ConfUtils.java:logGet(46)) - raft.server.sleep.deviation.threshold = 300ms (default)
2023-02-28 04:32:24,846 [pool-127-thread-1] INFO  server.RaftServer$Division (ServerState.java:<init>(118)) - f3c0879f-2b51-472f-a21d-9b1dd65624d4@group-5F0961318548: ConfigurationManager, init=-1: peers:[be78be15-616a-41d9-9b13-64e624dde3ac|rpc:10.1.0.42:38523|dataStream:10.1.0.42:43621|priority:0|startupRole:FOLLOWER, f3c0879f-2b51-472f-a21d-9b1dd65624d4|rpc:10.1.0.42:43637|dataStream:10.1.0.42:39167|priority:1|startupRole:FOLLOWER, ef2d612f-7c32-4639-b0f9-22a0544f56e6|rpc:10.1.0.42:37423|dataStream:10.1.0.42:34035|priority:0|startupRole:FOLLOWER]|listeners:[], old=null, confs=<EMPTY_MAP>
2023-02-28 04:32:24,846 [pool-127-thread-1] INFO  server.RaftServerConfigKeys (ConfUtils.java:logGet(46)) - raft.server.storage.dir = [/home/runner/work/ozone/ozone/hadoop-ozone/integration-test/target/test-dir/MiniOzoneClusterImpl-f9e21395-1bcf-40d4-8edb-6f91c23aa5c2/datanode-0/data/ratis] (custom)
2023-02-28 04:32:24,846 [pool-127-thread-1] INFO  server.RaftServerConfigKeys (ConfUtils.java:logGet(46)) - raft.server.log.corruption.policy = EXCEPTION (default)
2023-02-28 04:32:24,846 [pool-127-thread-1] INFO  server.RaftServerConfigKeys (ConfUtils.java:logGet(46)) - raft.server.storage.free-space.min = 0MB (=0) (default)
2023-02-28 04:32:24,846 [pool-127-thread-1] INFO  server.RaftServerConfigKeys (ConfUtils.java:logGet(46)) - raft.server.notification.no-leader.timeout = 300s (custom)
2023-02-28 04:32:24,846 [pool-127-thread-1] INFO  server.RaftServerConfigKeys (ConfUtils.java:logGet(46)) - raft.server.retrycache.expirytime = 600000ms (custom)
2023-02-28 04:32:24,846 [pool-127-thread-1] INFO  server.RaftServerConfigKeys (ConfUtils.java:logGet(46)) - raft.server.retrycache.statistics.expirytime = 100μs (default)
2023-02-28 04:32:24,849 [pool-127-thread-1] INFO  server.RaftServerConfigKeys (ConfUtils.java:logGet(46)) - raft.server.log.appender.install.snapshot.enabled = false (custom)
2023-02-28 04:32:24,850 [pool-127-thread-1] INFO  server.RaftServerConfigKeys (ConfUtils.java:logGet(46)) - raft.server.threadpool.server.cached = true (default)
2023-02-28 04:32:24,850 [pool-127-thread-1] INFO  server.RaftServerConfigKeys (ConfUtils.java:logGet(46)) - raft.server.threadpool.server.size = 0 (default)
2023-02-28 04:32:24,850 [pool-127-thread-1] INFO  server.RaftServerConfigKeys (ConfUtils.java:logGet(46)) - raft.server.threadpool.client.cached = true (default)
2023-02-28 04:32:24,850 [pool-127-thread-1] INFO  server.RaftServerConfigKeys (ConfUtils.java:logGet(46)) - raft.server.threadpool.client.size = 0 (default)
2023-02-28 04:32:24,850 [pool-127-thread-1] INFO  storage.RaftStorageDirectory (RaftStorageDirectoryImpl.java:analyzeStorage(137)) - The storage directory /home/runner/work/ozone/ozone/hadoop-ozone/integration-test/target/test-dir/MiniOzoneClusterImpl-f9e21395-1bcf-40d4-8edb-6f91c23aa5c2/datanode-0/data/ratis/0e98ce45-0303-406b-aa09-5f0961318548 does not exist. Creating ...
2023-02-28 04:32:24,851 [EventQueue-OpenPipelineForHealthyPipelineSafeModeRule] INFO  safemode.SCMSafeModeManager (HealthyPipelineSafeModeRule.java:process(137)) - SCM in safe mode. Healthy pipelines reported count is 0, required healthy pipeline reported count is 1
2023-02-28 04:32:24,851 [pool-127-thread-1] INFO  storage.RaftStorageDirectory (RaftStorageDirectoryImpl.java:tryLock(231)) - Lock on /home/runner/work/ozone/ozone/hadoop-ozone/integration-test/target/test-dir/MiniOzoneClusterImpl-f9e21395-1bcf-40d4-8edb-6f91c23aa5c2/datanode-0/data/ratis/0e98ce45-0303-406b-aa09-5f0961318548/in_use.lock acquired by nodename 61299@fv-az467-141
2023-02-28 04:32:24,853 [pool-127-thread-1] INFO  storage.RaftStorage (RaftStorageImpl.java:format(96)) - Storage directory /home/runner/work/ozone/ozone/hadoop-ozone/integration-test/target/test-dir/MiniOzoneClusterImpl-f9e21395-1bcf-40d4-8edb-6f91c23aa5c2/datanode-0/data/ratis/0e98ce45-0303-406b-aa09-5f0961318548 has been successfully formatted.
2023-02-28 04:32:24,855 [pool-127-thread-1] INFO  ratis.ContainerStateMachine (ContainerStateMachine.java:loadSnapshot(240)) - group-5F0961318548: The snapshot info is null. Setting the last applied indexto:(t:0, i:~)
2023-02-28 04:32:24,855 [pool-127-thread-1] INFO  server.RaftServerConfigKeys (ConfUtils.java:logGet(46)) - raft.server.log.use.memory = false (default)
2023-02-28 04:32:24,855 [pool-127-thread-1] INFO  server.RaftServerConfigKeys (ConfUtils.java:logGet(46)) - raft.server.log.purge.gap = 1000000 (custom)
2023-02-28 04:32:24,855 [pool-127-thread-1] INFO  server.RaftServerConfigKeys (ConfUtils.java:logGet(46)) - raft.server.log.appender.buffer.byte-limit = 33554432 (custom)
2023-02-28 04:32:24,855 [pool-127-thread-1] INFO  server.RaftServerConfigKeys (ConfUtils.java:logGet(46)) - raft.server.log.statemachine.data.read.timeout = 1000ms (default)
2023-02-28 04:32:24,855 [pool-127-thread-1] INFO  server.RaftServerConfigKeys (ConfUtils.java:logGet(46)) - raft.server.log.purge.preservation.log.num = 0 (default)
2023-02-28 04:32:24,856 [pool-127-thread-1] INFO  server.RaftServerConfigKeys (ConfUtils.java:logGet(46)) - raft.server.log.segment.size.max = 1048576 (custom)
2023-02-28 04:32:24,860 [pool-127-thread-1] INFO  server.RaftServerConfigKeys (ConfUtils.java:logGet(46)) - raft.server.log.segment.cache.num.max = 2 (custom)
2023-02-28 04:32:24,860 [pool-127-thread-1] INFO  server.RaftServerConfigKeys (ConfUtils.java:logGet(46)) - raft.server.log.segment.cache.size.max = 200MB (=209715200) (default)
2023-02-28 04:32:24,860 [pool-127-thread-1] INFO  segmented.SegmentedRaftLogWorker (SegmentedRaftLogWorker.java:<init>(189)) - new f3c0879f-2b51-472f-a21d-9b1dd65624d4@group-5F0961318548-SegmentedRaftLogWorker for RaftStorageImpl:Storage Directory /home/runner/work/ozone/ozone/hadoop-ozone/integration-test/target/test-dir/MiniOzoneClusterImpl-f9e21395-1bcf-40d4-8edb-6f91c23aa5c2/datanode-0/data/ratis/0e98ce45-0303-406b-aa09-5f0961318548
2023-02-28 04:32:24,860 [pool-127-thread-1] INFO  server.RaftServerConfigKeys (ConfUtils.java:logGet(46)) - raft.server.log.queue.byte-limit = 4294967296 (custom)
2023-02-28 04:32:24,860 [pool-127-thread-1] INFO  server.RaftServerConfigKeys (ConfUtils.java:logGet(46)) - raft.server.log.queue.element-limit = 1024 (custom)
2023-02-28 04:32:24,860 [pool-127-thread-1] INFO  server.RaftServerConfigKeys (ConfUtils.java:logGet(46)) - raft.server.log.segment.size.max = 1048576 (custom)
2023-02-28 04:32:24,860 [pool-127-thread-1] INFO  server.RaftServerConfigKeys (ConfUtils.java:logGet(46)) - raft.server.log.preallocated.size = 16384 (custom)
2023-02-28 04:32:24,860 [pool-127-thread-1] INFO  server.RaftServerConfigKeys (ConfUtils.java:logGet(46)) - raft.server.log.force.sync.num = 128 (default)
2023-02-28 04:32:24,860 [pool-127-thread-1] INFO  server.RaftServerConfigKeys (ConfUtils.java:logGet(46)) - raft.server.log.statemachine.data.sync = true (default)
2023-02-28 04:32:24,861 [pool-127-thread-1] INFO  server.RaftServerConfigKeys (ConfUtils.java:logGet(46)) - raft.server.log.statemachine.data.sync.timeout = 10s (default)
2023-02-28 04:32:24,861 [pool-127-thread-1] INFO  server.RaftServerConfigKeys (ConfUtils.java:logGet(46)) - raft.server.log.statemachine.data.sync.timeout.retry = -1 (default)
2023-02-28 04:32:24,861 [EventQueue-OpenPipelineForHealthyPipelineSafeModeRule] INFO  safemode.SCMSafeModeManager (HealthyPipelineSafeModeRule.java:process(137)) - SCM in safe mode. Healthy pipelines reported count is 0, required healthy pipeline reported count is 1
2023-02-28 04:32:24,862 [pool-127-thread-1] INFO  server.RaftServerConfigKeys (ConfUtils.java:logGet(46)) - raft.server.log.write.buffer.size = 1048576 (custom)
2023-02-28 04:32:24,862 [pool-127-thread-1] INFO  server.RaftServerConfigKeys (ConfUtils.java:logGet(46)) - raft.server.log.appender.buffer.byte-limit = 33554432 (custom)
2023-02-28 04:32:24,866 [pool-127-thread-1] INFO  server.RaftServerConfigKeys (ConfUtils.java:logGet(46)) - raft.server.log.unsafe-flush.enabled = false (default)
2023-02-28 04:32:24,866 [pool-127-thread-1] INFO  server.RaftServerConfigKeys (ConfUtils.java:logGet(46)) - raft.server.log.async-flush.enabled = false (default)
2023-02-28 04:32:24,866 [pool-127-thread-1] INFO  server.RaftServerConfigKeys (ConfUtils.java:logGet(46)) - raft.server.log.statemachine.data.caching.enabled = true (custom)
2023-02-28 04:32:24,866 [pool-127-thread-1] INFO  segmented.SegmentedRaftLogWorker (SegmentedRaftLogWorker.java:lambda$new$0(135)) - f3c0879f-2b51-472f-a21d-9b1dd65624d4@group-5F0961318548-SegmentedRaftLogWorker: flushIndex: setUnconditionally 0 -> -1
2023-02-28 04:32:24,866 [pool-127-thread-1] INFO  segmented.SegmentedRaftLogWorker (SegmentedRaftLogWorker.java:lambda$new$0(135)) - f3c0879f-2b51-472f-a21d-9b1dd65624d4@group-5F0961318548-SegmentedRaftLogWorker: safeCacheEvictIndex: setUnconditionally 0 -> -1
2023-02-28 04:32:24,866 [pool-127-thread-1] INFO  server.RaftServer$Division (RaftServerImpl.java:start(334)) - f3c0879f-2b51-472f-a21d-9b1dd65624d4@group-5F0961318548: start as a follower, conf=-1: peers:[be78be15-616a-41d9-9b13-64e624dde3ac|rpc:10.1.0.42:38523|dataStream:10.1.0.42:43621|priority:0|startupRole:FOLLOWER, f3c0879f-2b51-472f-a21d-9b1dd65624d4|rpc:10.1.0.42:43637|dataStream:10.1.0.42:39167|priority:1|startupRole:FOLLOWER, ef2d612f-7c32-4639-b0f9-22a0544f56e6|rpc:10.1.0.42:37423|dataStream:10.1.0.42:34035|priority:0|startupRole:FOLLOWER]|listeners:[], old=null
2023-02-28 04:32:24,866 [pool-127-thread-1] INFO  server.RaftServer$Division (RaftServerImpl.java:setRole(321)) - f3c0879f-2b51-472f-a21d-9b1dd65624d4@group-5F0961318548: changes role from      null to FOLLOWER at term 0 for startAsFollower
2023-02-28 04:32:24,866 [pool-127-thread-1] INFO  impl.RoleInfo (RoleInfo.java:updateAndGet(139)) - f3c0879f-2b51-472f-a21d-9b1dd65624d4: start f3c0879f-2b51-472f-a21d-9b1dd65624d4@group-5F0961318548-FollowerState
2023-02-28 04:32:24,869 [pool-127-thread-1] INFO  util.JmxRegister (JmxRegister.java:tryRegister(44)) - Successfully registered JMX Bean with object name Ratis:service=RaftServer,group=group-5F0961318548,id=f3c0879f-2b51-472f-a21d-9b1dd65624d4
2023-02-28 04:32:24,869 [pool-127-thread-1] INFO  server.RaftServerConfigKeys (ConfUtils.java:logGet(46)) - raft.server.snapshot.auto.trigger.enabled = true (custom)
2023-02-28 04:32:24,869 [pool-127-thread-1] INFO  server.RaftServerConfigKeys (ConfUtils.java:logGet(46)) - raft.server.snapshot.auto.trigger.threshold = 10000 (custom)
2023-02-28 04:32:24,869 [pool-127-thread-1] INFO  server.RaftServerConfigKeys (ConfUtils.java:logGet(46)) - raft.server.snapshot.retention.file.num = 5 (custom)
2023-02-28 04:32:24,869 [pool-127-thread-1] INFO  server.RaftServerConfigKeys (ConfUtils.java:logGet(46)) - raft.server.log.purge.upto.snapshot.index = false (default)
2023-02-28 04:32:24,870 [f3c0879f-2b51-472f-a21d-9b1dd65624d4@group-5F0961318548-FollowerState] INFO  server.RaftServerConfigKeys (ConfUtils.java:logFallback(53)) - raft.server.rpc.first-election.timeout.min = 5s (fallback to raft.server.rpc.timeout.min)
2023-02-28 04:32:24,880 [Command processor thread] INFO  ratis.XceiverServerRatis (XceiverServerRatis.java:addGroup(807)) - Created group PipelineID=0e98ce45-0303-406b-aa09-5f0961318548
2023-02-28 04:32:24,880 [f3c0879f-2b51-472f-a21d-9b1dd65624d4@group-5F0961318548-FollowerState] INFO  server.RaftServerConfigKeys (ConfUtils.java:logFallback(53)) - raft.server.rpc.first-election.timeout.max = 5200ms (fallback to raft.server.rpc.timeout.max)
2023-02-28 04:32:24,949 [grpc-default-executor-2] INFO  server.RaftServer (RaftServerProxy.java:addNew(96)) - ef2d612f-7c32-4639-b0f9-22a0544f56e6: addNew group-5F0961318548:[be78be15-616a-41d9-9b13-64e624dde3ac|rpc:10.1.0.42:38523|dataStream:10.1.0.42:43621|priority:0|startupRole:FOLLOWER, f3c0879f-2b51-472f-a21d-9b1dd65624d4|rpc:10.1.0.42:43637|dataStream:10.1.0.42:39167|priority:1|startupRole:FOLLOWER, ef2d612f-7c32-4639-b0f9-22a0544f56e6|rpc:10.1.0.42:37423|dataStream:10.1.0.42:34035|priority:0|startupRole:FOLLOWER] returns group-5F0961318548:java.util.concurrent.CompletableFuture@6355ead2[Not completed]
2023-02-28 04:32:24,952 [pool-171-thread-1] INFO  server.RaftServer$Division (RaftServerImpl.java:<init>(195)) - ef2d612f-7c32-4639-b0f9-22a0544f56e6: new RaftServerImpl for group-5F0961318548:[be78be15-616a-41d9-9b13-64e624dde3ac|rpc:10.1.0.42:38523|dataStream:10.1.0.42:43621|priority:0|startupRole:FOLLOWER, f3c0879f-2b51-472f-a21d-9b1dd65624d4|rpc:10.1.0.42:43637|dataStream:10.1.0.42:39167|priority:1|startupRole:FOLLOWER, ef2d612f-7c32-4639-b0f9-22a0544f56e6|rpc:10.1.0.42:37423|dataStream:10.1.0.42:34035|priority:0|startupRole:FOLLOWER] with ContainerStateMachine:uninitialized
2023-02-28 04:32:24,952 [pool-171-thread-1] INFO  server.RaftServerConfigKeys (ConfUtils.java:logGet(46)) - raft.server.rpc.timeout.min = 5s (custom)
2023-02-28 04:32:24,952 [pool-171-thread-1] INFO  server.RaftServerConfigKeys (ConfUtils.java:logGet(46)) - raft.server.rpc.timeout.max = 5200ms (custom)
2023-02-28 04:32:24,952 [pool-171-thread-1] INFO  server.RaftServerConfigKeys (ConfUtils.java:logGet(46)) - raft.server.rpc.sleep.time = 25ms (default)
2023-02-28 04:32:24,952 [pool-171-thread-1] INFO  server.RaftServerConfigKeys (ConfUtils.java:logGet(46)) - raft.server.rpc.slowness.timeout = 300s (custom)
2023-02-28 04:32:24,952 [pool-171-thread-1] INFO  server.RaftServerConfigKeys (ConfUtils.java:logGet(46)) - raft.server.leaderelection.leader.step-down.wait-time = 10s (default)
2023-02-28 04:32:24,952 [pool-171-thread-1] INFO  server.RaftServerConfigKeys (ConfUtils.java:logGet(46)) - raft.server.sleep.deviation.threshold = 300ms (default)
2023-02-28 04:32:24,952 [pool-171-thread-1] INFO  server.RaftServer$Division (ServerState.java:<init>(118)) - ef2d612f-7c32-4639-b0f9-22a0544f56e6@group-5F0961318548: ConfigurationManager, init=-1: peers:[be78be15-616a-41d9-9b13-64e624dde3ac|rpc:10.1.0.42:38523|dataStream:10.1.0.42:43621|priority:0|startupRole:FOLLOWER, f3c0879f-2b51-472f-a21d-9b1dd65624d4|rpc:10.1.0.42:43637|dataStream:10.1.0.42:39167|priority:1|startupRole:FOLLOWER, ef2d612f-7c32-4639-b0f9-22a0544f56e6|rpc:10.1.0.42:37423|dataStream:10.1.0.42:34035|priority:0|startupRole:FOLLOWER]|listeners:[], old=null, confs=<EMPTY_MAP>
2023-02-28 04:32:24,952 [pool-171-thread-1] INFO  server.RaftServerConfigKeys (ConfUtils.java:logGet(46)) - raft.server.storage.dir = [/home/runner/work/ozone/ozone/hadoop-ozone/integration-test/target/test-dir/MiniOzoneClusterImpl-f9e21395-1bcf-40d4-8edb-6f91c23aa5c2/datanode-2/data/ratis] (custom)
2023-02-28 04:32:24,952 [pool-171-thread-1] INFO  server.RaftServerConfigKeys (ConfUtils.java:logGet(46)) - raft.server.log.corruption.policy = EXCEPTION (default)
2023-02-28 04:32:24,953 [pool-171-thread-1] INFO  server.RaftServerConfigKeys (ConfUtils.java:logGet(46)) - raft.server.storage.free-space.min = 0MB (=0) (default)
2023-02-28 04:32:24,953 [pool-171-thread-1] INFO  server.RaftServerConfigKeys (ConfUtils.java:logGet(46)) - raft.server.notification.no-leader.timeout = 300s (custom)
2023-02-28 04:32:24,953 [pool-171-thread-1] INFO  server.RaftServerConfigKeys (ConfUtils.java:logGet(46)) - raft.server.retrycache.expirytime = 600000ms (custom)
2023-02-28 04:32:24,953 [pool-171-thread-1] INFO  server.RaftServerConfigKeys (ConfUtils.java:logGet(46)) - raft.server.retrycache.statistics.expirytime = 100μs (default)
2023-02-28 04:32:24,958 [pool-171-thread-1] INFO  server.RaftServerConfigKeys (ConfUtils.java:logGet(46)) - raft.server.log.appender.install.snapshot.enabled = false (custom)
2023-02-28 04:32:24,958 [pool-171-thread-1] INFO  server.RaftServerConfigKeys (ConfUtils.java:logGet(46)) - raft.server.threadpool.server.cached = true (default)
2023-02-28 04:32:24,958 [pool-171-thread-1] INFO  server.RaftServerConfigKeys (ConfUtils.java:logGet(46)) - raft.server.threadpool.server.size = 0 (default)
2023-02-28 04:32:24,958 [pool-171-thread-1] INFO  server.RaftServerConfigKeys (ConfUtils.java:logGet(46)) - raft.server.threadpool.client.cached = true (default)
2023-02-28 04:32:24,958 [pool-171-thread-1] INFO  server.RaftServerConfigKeys (ConfUtils.java:logGet(46)) - raft.server.threadpool.client.size = 0 (default)
2023-02-28 04:32:24,958 [pool-171-thread-1] INFO  storage.RaftStorageDirectory (RaftStorageDirectoryImpl.java:analyzeStorage(137)) - The storage directory /home/runner/work/ozone/ozone/hadoop-ozone/integration-test/target/test-dir/MiniOzoneClusterImpl-f9e21395-1bcf-40d4-8edb-6f91c23aa5c2/datanode-2/data/ratis/0e98ce45-0303-406b-aa09-5f0961318548 does not exist. Creating ...
2023-02-28 04:32:24,959 [pool-171-thread-1] INFO  storage.RaftStorageDirectory (RaftStorageDirectoryImpl.java:tryLock(231)) - Lock on /home/runner/work/ozone/ozone/hadoop-ozone/integration-test/target/test-dir/MiniOzoneClusterImpl-f9e21395-1bcf-40d4-8edb-6f91c23aa5c2/datanode-2/data/ratis/0e98ce45-0303-406b-aa09-5f0961318548/in_use.lock acquired by nodename 61299@fv-az467-141
2023-02-28 04:32:24,961 [pool-171-thread-1] INFO  storage.RaftStorage (RaftStorageImpl.java:format(96)) - Storage directory /home/runner/work/ozone/ozone/hadoop-ozone/integration-test/target/test-dir/MiniOzoneClusterImpl-f9e21395-1bcf-40d4-8edb-6f91c23aa5c2/datanode-2/data/ratis/0e98ce45-0303-406b-aa09-5f0961318548 has been successfully formatted.
2023-02-28 04:32:24,962 [pool-171-thread-1] INFO  ratis.ContainerStateMachine (ContainerStateMachine.java:loadSnapshot(240)) - group-5F0961318548: The snapshot info is null. Setting the last applied indexto:(t:0, i:~)
2023-02-28 04:32:24,962 [pool-171-thread-1] INFO  server.RaftServerConfigKeys (ConfUtils.java:logGet(46)) - raft.server.log.use.memory = false (default)
2023-02-28 04:32:24,962 [pool-171-thread-1] INFO  server.RaftServerConfigKeys (ConfUtils.java:logGet(46)) - raft.server.log.purge.gap = 1000000 (custom)
2023-02-28 04:32:24,963 [pool-171-thread-1] INFO  server.RaftServerConfigKeys (ConfUtils.java:logGet(46)) - raft.server.log.appender.buffer.byte-limit = 33554432 (custom)
2023-02-28 04:32:24,963 [pool-171-thread-1] INFO  server.RaftServerConfigKeys (ConfUtils.java:logGet(46)) - raft.server.log.statemachine.data.read.timeout = 1000ms (default)
2023-02-28 04:32:24,963 [pool-171-thread-1] INFO  server.RaftServerConfigKeys (ConfUtils.java:logGet(46)) - raft.server.log.purge.preservation.log.num = 0 (default)
2023-02-28 04:32:24,963 [pool-171-thread-1] INFO  server.RaftServerConfigKeys (ConfUtils.java:logGet(46)) - raft.server.log.segment.size.max = 1048576 (custom)
2023-02-28 04:32:24,963 [pool-171-thread-1] INFO  server.RaftServerConfigKeys (ConfUtils.java:logGet(46)) - raft.server.log.segment.cache.num.max = 2 (custom)
2023-02-28 04:32:24,963 [pool-171-thread-1] INFO  server.RaftServerConfigKeys (ConfUtils.java:logGet(46)) - raft.server.log.segment.cache.size.max = 200MB (=209715200) (default)
2023-02-28 04:32:24,964 [pool-171-thread-1] INFO  segmented.SegmentedRaftLogWorker (SegmentedRaftLogWorker.java:<init>(189)) - new ef2d612f-7c32-4639-b0f9-22a0544f56e6@group-5F0961318548-SegmentedRaftLogWorker for RaftStorageImpl:Storage Directory /home/runner/work/ozone/ozone/hadoop-ozone/integration-test/target/test-dir/MiniOzoneClusterImpl-f9e21395-1bcf-40d4-8edb-6f91c23aa5c2/datanode-2/data/ratis/0e98ce45-0303-406b-aa09-5f0961318548
2023-02-28 04:32:24,964 [pool-171-thread-1] INFO  server.RaftServerConfigKeys (ConfUtils.java:logGet(46)) - raft.server.log.queue.byte-limit = 4294967296 (custom)
2023-02-28 04:32:24,964 [pool-171-thread-1] INFO  server.RaftServerConfigKeys (ConfUtils.java:logGet(46)) - raft.server.log.queue.element-limit = 1024 (custom)
2023-02-28 04:32:24,964 [pool-171-thread-1] INFO  server.RaftServerConfigKeys (ConfUtils.java:logGet(46)) - raft.server.log.segment.size.max = 1048576 (custom)
2023-02-28 04:32:24,964 [pool-171-thread-1] INFO  server.RaftServerConfigKeys (ConfUtils.java:logGet(46)) - raft.server.log.preallocated.size = 16384 (custom)
2023-02-28 04:32:24,964 [pool-171-thread-1] INFO  server.RaftServerConfigKeys (ConfUtils.java:logGet(46)) - raft.server.log.force.sync.num = 128 (default)
2023-02-28 04:32:24,964 [pool-171-thread-1] INFO  server.RaftServerConfigKeys (ConfUtils.java:logGet(46)) - raft.server.log.statemachine.data.sync = true (default)
2023-02-28 04:32:24,964 [pool-171-thread-1] INFO  server.RaftServerConfigKeys (ConfUtils.java:logGet(46)) - raft.server.log.statemachine.data.sync.timeout = 10s (default)
2023-02-28 04:32:24,964 [pool-171-thread-1] INFO  server.RaftServerConfigKeys (ConfUtils.java:logGet(46)) - raft.server.log.statemachine.data.sync.timeout.retry = -1 (default)
2023-02-28 04:32:24,965 [pool-171-thread-1] INFO  server.RaftServerConfigKeys (ConfUtils.java:logGet(46)) - raft.server.log.write.buffer.size = 1048576 (custom)
2023-02-28 04:32:24,965 [pool-171-thread-1] INFO  server.RaftServerConfigKeys (ConfUtils.java:logGet(46)) - raft.server.log.appender.buffer.byte-limit = 33554432 (custom)
2023-02-28 04:32:24,969 [pool-171-thread-1] INFO  server.RaftServerConfigKeys (ConfUtils.java:logGet(46)) - raft.server.log.unsafe-flush.enabled = false (default)
2023-02-28 04:32:24,969 [pool-171-thread-1] INFO  server.RaftServerConfigKeys (ConfUtils.java:logGet(46)) - raft.server.log.async-flush.enabled = false (default)
2023-02-28 04:32:24,969 [pool-171-thread-1] INFO  server.RaftServerConfigKeys (ConfUtils.java:logGet(46)) - raft.server.log.statemachine.data.caching.enabled = true (custom)
2023-02-28 04:32:24,970 [pool-171-thread-1] INFO  segmented.SegmentedRaftLogWorker (SegmentedRaftLogWorker.java:lambda$new$0(135)) - ef2d612f-7c32-4639-b0f9-22a0544f56e6@group-5F0961318548-SegmentedRaftLogWorker: flushIndex: setUnconditionally 0 -> -1
2023-02-28 04:32:24,971 [pool-171-thread-1] INFO  segmented.SegmentedRaftLogWorker (SegmentedRaftLogWorker.java:lambda$new$0(135)) - ef2d612f-7c32-4639-b0f9-22a0544f56e6@group-5F0961318548-SegmentedRaftLogWorker: safeCacheEvictIndex: setUnconditionally 0 -> -1
2023-02-28 04:32:24,971 [pool-171-thread-1] INFO  server.RaftServer$Division (RaftServerImpl.java:start(334)) - ef2d612f-7c32-4639-b0f9-22a0544f56e6@group-5F0961318548: start as a follower, conf=-1: peers:[be78be15-616a-41d9-9b13-64e624dde3ac|rpc:10.1.0.42:38523|dataStream:10.1.0.42:43621|priority:0|startupRole:FOLLOWER, f3c0879f-2b51-472f-a21d-9b1dd65624d4|rpc:10.1.0.42:43637|dataStream:10.1.0.42:39167|priority:1|startupRole:FOLLOWER, ef2d612f-7c32-4639-b0f9-22a0544f56e6|rpc:10.1.0.42:37423|dataStream:10.1.0.42:34035|priority:0|startupRole:FOLLOWER]|listeners:[], old=null
2023-02-28 04:32:24,971 [pool-171-thread-1] INFO  server.RaftServer$Division (RaftServerImpl.java:setRole(321)) - ef2d612f-7c32-4639-b0f9-22a0544f56e6@group-5F0961318548: changes role from      null to FOLLOWER at term 0 for startAsFollower
2023-02-28 04:32:24,971 [pool-171-thread-1] INFO  impl.RoleInfo (RoleInfo.java:updateAndGet(139)) - ef2d612f-7c32-4639-b0f9-22a0544f56e6: start ef2d612f-7c32-4639-b0f9-22a0544f56e6@group-5F0961318548-FollowerState
2023-02-28 04:32:24,977 [pool-171-thread-1] INFO  util.JmxRegister (JmxRegister.java:tryRegister(44)) - Successfully registered JMX Bean with object name Ratis:service=RaftServer,group=group-5F0961318548,id=ef2d612f-7c32-4639-b0f9-22a0544f56e6
2023-02-28 04:32:24,977 [pool-171-thread-1] INFO  server.RaftServerConfigKeys (ConfUtils.java:logGet(46)) - raft.server.snapshot.auto.trigger.enabled = true (custom)
2023-02-28 04:32:24,977 [pool-171-thread-1] INFO  server.RaftServerConfigKeys (ConfUtils.java:logGet(46)) - raft.server.snapshot.auto.trigger.threshold = 10000 (custom)
2023-02-28 04:32:24,977 [pool-171-thread-1] INFO  server.RaftServerConfigKeys (ConfUtils.java:logGet(46)) - raft.server.snapshot.retention.file.num = 5 (custom)
2023-02-28 04:32:24,977 [pool-171-thread-1] INFO  server.RaftServerConfigKeys (ConfUtils.java:logGet(46)) - raft.server.log.purge.upto.snapshot.index = false (default)
2023-02-28 04:32:24,978 [ef2d612f-7c32-4639-b0f9-22a0544f56e6@group-5F0961318548-FollowerState] INFO  server.RaftServerConfigKeys (ConfUtils.java:logFallback(53)) - raft.server.rpc.first-election.timeout.min = 5s (fallback to raft.server.rpc.timeout.min)
2023-02-28 04:32:24,984 [ef2d612f-7c32-4639-b0f9-22a0544f56e6@group-5F0961318548-FollowerState] INFO  server.RaftServerConfigKeys (ConfUtils.java:logFallback(53)) - raft.server.rpc.first-election.timeout.max = 5200ms (fallback to raft.server.rpc.timeout.max)
2023-02-28 04:32:25,024 [grpc-default-executor-2] INFO  server.RaftServer (RaftServerProxy.java:addNew(96)) - be78be15-616a-41d9-9b13-64e624dde3ac: addNew group-5F0961318548:[be78be15-616a-41d9-9b13-64e624dde3ac|rpc:10.1.0.42:38523|dataStream:10.1.0.42:43621|priority:0|startupRole:FOLLOWER, f3c0879f-2b51-472f-a21d-9b1dd65624d4|rpc:10.1.0.42:43637|dataStream:10.1.0.42:39167|priority:1|startupRole:FOLLOWER, ef2d612f-7c32-4639-b0f9-22a0544f56e6|rpc:10.1.0.42:37423|dataStream:10.1.0.42:34035|priority:0|startupRole:FOLLOWER] returns group-5F0961318548:java.util.concurrent.CompletableFuture@633dbc5d[Not completed]
2023-02-28 04:32:25,025 [pool-149-thread-1] INFO  server.RaftServer$Division (RaftServerImpl.java:<init>(195)) - be78be15-616a-41d9-9b13-64e624dde3ac: new RaftServerImpl for group-5F0961318548:[be78be15-616a-41d9-9b13-64e624dde3ac|rpc:10.1.0.42:38523|dataStream:10.1.0.42:43621|priority:0|startupRole:FOLLOWER, f3c0879f-2b51-472f-a21d-9b1dd65624d4|rpc:10.1.0.42:43637|dataStream:10.1.0.42:39167|priority:1|startupRole:FOLLOWER, ef2d612f-7c32-4639-b0f9-22a0544f56e6|rpc:10.1.0.42:37423|dataStream:10.1.0.42:34035|priority:0|startupRole:FOLLOWER] with ContainerStateMachine:uninitialized
2023-02-28 04:32:25,025 [pool-149-thread-1] INFO  server.RaftServerConfigKeys (ConfUtils.java:logGet(46)) - raft.server.rpc.timeout.min = 5s (custom)
2023-02-28 04:32:25,025 [pool-149-thread-1] INFO  server.RaftServerConfigKeys (ConfUtils.java:logGet(46)) - raft.server.rpc.timeout.max = 5200ms (custom)
2023-02-28 04:32:25,025 [pool-149-thread-1] INFO  server.RaftServerConfigKeys (ConfUtils.java:logGet(46)) - raft.server.rpc.sleep.time = 25ms (default)
2023-02-28 04:32:25,025 [pool-149-thread-1] INFO  server.RaftServerConfigKeys (ConfUtils.java:logGet(46)) - raft.server.rpc.slowness.timeout = 300s (custom)
2023-02-28 04:32:25,025 [pool-149-thread-1] INFO  server.RaftServerConfigKeys (ConfUtils.java:logGet(46)) - raft.server.leaderelection.leader.step-down.wait-time = 10s (default)
2023-02-28 04:32:25,025 [pool-149-thread-1] INFO  server.RaftServerConfigKeys (ConfUtils.java:logGet(46)) - raft.server.sleep.deviation.threshold = 300ms (default)
2023-02-28 04:32:25,025 [pool-149-thread-1] INFO  server.RaftServer$Division (ServerState.java:<init>(118)) - be78be15-616a-41d9-9b13-64e624dde3ac@group-5F0961318548: ConfigurationManager, init=-1: peers:[be78be15-616a-41d9-9b13-64e624dde3ac|rpc:10.1.0.42:38523|dataStream:10.1.0.42:43621|priority:0|startupRole:FOLLOWER, f3c0879f-2b51-472f-a21d-9b1dd65624d4|rpc:10.1.0.42:43637|dataStream:10.1.0.42:39167|priority:1|startupRole:FOLLOWER, ef2d612f-7c32-4639-b0f9-22a0544f56e6|rpc:10.1.0.42:37423|dataStream:10.1.0.42:34035|priority:0|startupRole:FOLLOWER]|listeners:[], old=null, confs=<EMPTY_MAP>
2023-02-28 04:32:25,025 [pool-149-thread-1] INFO  server.RaftServerConfigKeys (ConfUtils.java:logGet(46)) - raft.server.storage.dir = [/home/runner/work/ozone/ozone/hadoop-ozone/integration-test/target/test-dir/MiniOzoneClusterImpl-f9e21395-1bcf-40d4-8edb-6f91c23aa5c2/datanode-1/data/ratis] (custom)
2023-02-28 04:32:25,026 [pool-149-thread-1] INFO  server.RaftServerConfigKeys (ConfUtils.java:logGet(46)) - raft.server.log.corruption.policy = EXCEPTION (default)
2023-02-28 04:32:25,026 [pool-149-thread-1] INFO  server.RaftServerConfigKeys (ConfUtils.java:logGet(46)) - raft.server.storage.free-space.min = 0MB (=0) (default)
2023-02-28 04:32:25,026 [pool-149-thread-1] INFO  server.RaftServerConfigKeys (ConfUtils.java:logGet(46)) - raft.server.notification.no-leader.timeout = 300s (custom)
2023-02-28 04:32:25,026 [pool-149-thread-1] INFO  server.RaftServerConfigKeys (ConfUtils.java:logGet(46)) - raft.server.retrycache.expirytime = 600000ms (custom)
2023-02-28 04:32:25,026 [pool-149-thread-1] INFO  server.RaftServerConfigKeys (ConfUtils.java:logGet(46)) - raft.server.retrycache.statistics.expirytime = 100μs (default)
2023-02-28 04:32:25,027 [pool-149-thread-1] INFO  server.RaftServerConfigKeys (ConfUtils.java:logGet(46)) - raft.server.log.appender.install.snapshot.enabled = false (custom)
2023-02-28 04:32:25,027 [pool-149-thread-1] INFO  server.RaftServerConfigKeys (ConfUtils.java:logGet(46)) - raft.server.threadpool.server.cached = true (default)
2023-02-28 04:32:25,027 [pool-149-thread-1] INFO  server.RaftServerConfigKeys (ConfUtils.java:logGet(46)) - raft.server.threadpool.server.size = 0 (default)
2023-02-28 04:32:25,027 [pool-149-thread-1] INFO  server.RaftServerConfigKeys (ConfUtils.java:logGet(46)) - raft.server.threadpool.client.cached = true (default)
2023-02-28 04:32:25,027 [pool-149-thread-1] INFO  server.RaftServerConfigKeys (ConfUtils.java:logGet(46)) - raft.server.threadpool.client.size = 0 (default)
2023-02-28 04:32:25,028 [pool-149-thread-1] INFO  storage.RaftStorageDirectory (RaftStorageDirectoryImpl.java:analyzeStorage(137)) - The storage directory /home/runner/work/ozone/ozone/hadoop-ozone/integration-test/target/test-dir/MiniOzoneClusterImpl-f9e21395-1bcf-40d4-8edb-6f91c23aa5c2/datanode-1/data/ratis/0e98ce45-0303-406b-aa09-5f0961318548 does not exist. Creating ...
2023-02-28 04:32:25,029 [pool-149-thread-1] INFO  storage.RaftStorageDirectory (RaftStorageDirectoryImpl.java:tryLock(231)) - Lock on /home/runner/work/ozone/ozone/hadoop-ozone/integration-test/target/test-dir/MiniOzoneClusterImpl-f9e21395-1bcf-40d4-8edb-6f91c23aa5c2/datanode-1/data/ratis/0e98ce45-0303-406b-aa09-5f0961318548/in_use.lock acquired by nodename 61299@fv-az467-141
2023-02-28 04:32:25,030 [pool-149-thread-1] INFO  storage.RaftStorage (RaftStorageImpl.java:format(96)) - Storage directory /home/runner/work/ozone/ozone/hadoop-ozone/integration-test/target/test-dir/MiniOzoneClusterImpl-f9e21395-1bcf-40d4-8edb-6f91c23aa5c2/datanode-1/data/ratis/0e98ce45-0303-406b-aa09-5f0961318548 has been successfully formatted.
2023-02-28 04:32:25,039 [pool-149-thread-1] INFO  ratis.ContainerStateMachine (ContainerStateMachine.java:loadSnapshot(240)) - group-5F0961318548: The snapshot info is null. Setting the last applied indexto:(t:0, i:~)
2023-02-28 04:32:25,039 [pool-149-thread-1] INFO  server.RaftServerConfigKeys (ConfUtils.java:logGet(46)) - raft.server.log.use.memory = false (default)
2023-02-28 04:32:25,039 [pool-149-thread-1] INFO  server.RaftServerConfigKeys (ConfUtils.java:logGet(46)) - raft.server.log.purge.gap = 1000000 (custom)
2023-02-28 04:32:25,039 [pool-149-thread-1] INFO  server.RaftServerConfigKeys (ConfUtils.java:logGet(46)) - raft.server.log.appender.buffer.byte-limit = 33554432 (custom)
2023-02-28 04:32:25,039 [pool-149-thread-1] INFO  server.RaftServerConfigKeys (ConfUtils.java:logGet(46)) - raft.server.log.statemachine.data.read.timeout = 1000ms (default)
2023-02-28 04:32:25,039 [pool-149-thread-1] INFO  server.RaftServerConfigKeys (ConfUtils.java:logGet(46)) - raft.server.log.purge.preservation.log.num = 0 (default)
2023-02-28 04:32:25,039 [pool-149-thread-1] INFO  server.RaftServerConfigKeys (ConfUtils.java:logGet(46)) - raft.server.log.segment.size.max = 1048576 (custom)
2023-02-28 04:32:25,039 [pool-149-thread-1] INFO  server.RaftServerConfigKeys (ConfUtils.java:logGet(46)) - raft.server.log.segment.cache.num.max = 2 (custom)
2023-02-28 04:32:25,040 [pool-149-thread-1] INFO  server.RaftServerConfigKeys (ConfUtils.java:logGet(46)) - raft.server.log.segment.cache.size.max = 200MB (=209715200) (default)
2023-02-28 04:32:25,040 [pool-149-thread-1] INFO  segmented.SegmentedRaftLogWorker (SegmentedRaftLogWorker.java:<init>(189)) - new be78be15-616a-41d9-9b13-64e624dde3ac@group-5F0961318548-SegmentedRaftLogWorker for RaftStorageImpl:Storage Directory /home/runner/work/ozone/ozone/hadoop-ozone/integration-test/target/test-dir/MiniOzoneClusterImpl-f9e21395-1bcf-40d4-8edb-6f91c23aa5c2/datanode-1/data/ratis/0e98ce45-0303-406b-aa09-5f0961318548
2023-02-28 04:32:25,040 [pool-149-thread-1] INFO  server.RaftServerConfigKeys (ConfUtils.java:logGet(46)) - raft.server.log.queue.byte-limit = 4294967296 (custom)
2023-02-28 04:32:25,040 [pool-149-thread-1] INFO  server.RaftServerConfigKeys (ConfUtils.java:logGet(46)) - raft.server.log.queue.element-limit = 1024 (custom)
2023-02-28 04:32:25,040 [pool-149-thread-1] INFO  server.RaftServerConfigKeys (ConfUtils.java:logGet(46)) - raft.server.log.segment.size.max = 1048576 (custom)
2023-02-28 04:32:25,040 [pool-149-thread-1] INFO  server.RaftServerConfigKeys (ConfUtils.java:logGet(46)) - raft.server.log.preallocated.size = 16384 (custom)
2023-02-28 04:32:25,040 [pool-149-thread-1] INFO  server.RaftServerConfigKeys (ConfUtils.java:logGet(46)) - raft.server.log.force.sync.num = 128 (default)
2023-02-28 04:32:25,040 [pool-149-thread-1] INFO  server.RaftServerConfigKeys (ConfUtils.java:logGet(46)) - raft.server.log.statemachine.data.sync = true (default)
2023-02-28 04:32:25,040 [pool-149-thread-1] INFO  server.RaftServerConfigKeys (ConfUtils.java:logGet(46)) - raft.server.log.statemachine.data.sync.timeout = 10s (default)
2023-02-28 04:32:25,040 [pool-149-thread-1] INFO  server.RaftServerConfigKeys (ConfUtils.java:logGet(46)) - raft.server.log.statemachine.data.sync.timeout.retry = -1 (default)
2023-02-28 04:32:25,041 [pool-149-thread-1] INFO  server.RaftServerConfigKeys (ConfUtils.java:logGet(46)) - raft.server.log.write.buffer.size = 1048576 (custom)
2023-02-28 04:32:25,041 [pool-149-thread-1] INFO  server.RaftServerConfigKeys (ConfUtils.java:logGet(46)) - raft.server.log.appender.buffer.byte-limit = 33554432 (custom)
2023-02-28 04:32:25,045 [pool-149-thread-1] INFO  server.RaftServerConfigKeys (ConfUtils.java:logGet(46)) - raft.server.log.unsafe-flush.enabled = false (default)
2023-02-28 04:32:25,045 [pool-149-thread-1] INFO  server.RaftServerConfigKeys (ConfUtils.java:logGet(46)) - raft.server.log.async-flush.enabled = false (default)
2023-02-28 04:32:25,045 [pool-149-thread-1] INFO  server.RaftServerConfigKeys (ConfUtils.java:logGet(46)) - raft.server.log.statemachine.data.caching.enabled = true (custom)
2023-02-28 04:32:25,045 [pool-149-thread-1] INFO  segmented.SegmentedRaftLogWorker (SegmentedRaftLogWorker.java:lambda$new$0(135)) - be78be15-616a-41d9-9b13-64e624dde3ac@group-5F0961318548-SegmentedRaftLogWorker: flushIndex: setUnconditionally 0 -> -1
2023-02-28 04:32:25,045 [pool-149-thread-1] INFO  segmented.SegmentedRaftLogWorker (SegmentedRaftLogWorker.java:lambda$new$0(135)) - be78be15-616a-41d9-9b13-64e624dde3ac@group-5F0961318548-SegmentedRaftLogWorker: safeCacheEvictIndex: setUnconditionally 0 -> -1
2023-02-28 04:32:25,046 [pool-149-thread-1] INFO  server.RaftServer$Division (RaftServerImpl.java:start(334)) - be78be15-616a-41d9-9b13-64e624dde3ac@group-5F0961318548: start as a follower, conf=-1: peers:[be78be15-616a-41d9-9b13-64e624dde3ac|rpc:10.1.0.42:38523|dataStream:10.1.0.42:43621|priority:0|startupRole:FOLLOWER, f3c0879f-2b51-472f-a21d-9b1dd65624d4|rpc:10.1.0.42:43637|dataStream:10.1.0.42:39167|priority:1|startupRole:FOLLOWER, ef2d612f-7c32-4639-b0f9-22a0544f56e6|rpc:10.1.0.42:37423|dataStream:10.1.0.42:34035|priority:0|startupRole:FOLLOWER]|listeners:[], old=null
2023-02-28 04:32:25,046 [pool-149-thread-1] INFO  server.RaftServer$Division (RaftServerImpl.java:setRole(321)) - be78be15-616a-41d9-9b13-64e624dde3ac@group-5F0961318548: changes role from      null to FOLLOWER at term 0 for startAsFollower
2023-02-28 04:32:25,046 [pool-149-thread-1] INFO  impl.RoleInfo (RoleInfo.java:updateAndGet(139)) - be78be15-616a-41d9-9b13-64e624dde3ac: start be78be15-616a-41d9-9b13-64e624dde3ac@group-5F0961318548-FollowerState
2023-02-28 04:32:25,046 [pool-149-thread-1] INFO  util.JmxRegister (JmxRegister.java:tryRegister(44)) - Successfully registered JMX Bean with object name Ratis:service=RaftServer,group=group-5F0961318548,id=be78be15-616a-41d9-9b13-64e624dde3ac
2023-02-28 04:32:25,046 [pool-149-thread-1] INFO  server.RaftServerConfigKeys (ConfUtils.java:logGet(46)) - raft.server.snapshot.auto.trigger.enabled = true (custom)
2023-02-28 04:32:25,046 [pool-149-thread-1] INFO  server.RaftServerConfigKeys (ConfUtils.java:logGet(46)) - raft.server.snapshot.auto.trigger.threshold = 10000 (custom)
2023-02-28 04:32:25,046 [pool-149-thread-1] INFO  server.RaftServerConfigKeys (ConfUtils.java:logGet(46)) - raft.server.snapshot.retention.file.num = 5 (custom)
2023-02-28 04:32:25,046 [pool-149-thread-1] INFO  server.RaftServerConfigKeys (ConfUtils.java:logGet(46)) - raft.server.log.purge.upto.snapshot.index = false (default)
2023-02-28 04:32:25,046 [be78be15-616a-41d9-9b13-64e624dde3ac@group-5F0961318548-FollowerState] INFO  server.RaftServerConfigKeys (ConfUtils.java:logFallback(53)) - raft.server.rpc.first-election.timeout.min = 5s (fallback to raft.server.rpc.timeout.min)
2023-02-28 04:32:25,050 [be78be15-616a-41d9-9b13-64e624dde3ac@group-5F0961318548-FollowerState] INFO  server.RaftServerConfigKeys (ConfUtils.java:logFallback(53)) - raft.server.rpc.first-election.timeout.max = 5200ms (fallback to raft.server.rpc.timeout.max)
2023-02-28 04:32:25,061 [Command processor thread] INFO  commandhandler.CreatePipelineCommandHandler (CreatePipelineCommandHandler.java:handle(113)) - Created Pipeline RATIS THREE PipelineID=0e98ce45-0303-406b-aa09-5f0961318548.
2023-02-28 04:32:25,061 [Command processor thread] INFO  server.RaftServer (RaftServerProxy.java:addNew(96)) - f3c0879f-2b51-472f-a21d-9b1dd65624d4: addNew group-D520026A883B:[be78be15-616a-41d9-9b13-64e624dde3ac|rpc:10.1.0.42:38523|dataStream:10.1.0.42:43621|priority:0|startupRole:FOLLOWER, f3c0879f-2b51-472f-a21d-9b1dd65624d4|rpc:10.1.0.42:43637|dataStream:10.1.0.42:39167|priority:0|startupRole:FOLLOWER, ef2d612f-7c32-4639-b0f9-22a0544f56e6|rpc:10.1.0.42:37423|dataStream:10.1.0.42:34035|priority:1|startupRole:FOLLOWER] returns group-D520026A883B:java.util.concurrent.CompletableFuture@78400035[Not completed]
2023-02-28 04:32:25,063 [pool-127-thread-1] INFO  server.RaftServer$Division (RaftServerImpl.java:<init>(195)) - f3c0879f-2b51-472f-a21d-9b1dd65624d4: new RaftServerImpl for group-D520026A883B:[be78be15-616a-41d9-9b13-64e624dde3ac|rpc:10.1.0.42:38523|dataStream:10.1.0.42:43621|priority:0|startupRole:FOLLOWER, f3c0879f-2b51-472f-a21d-9b1dd65624d4|rpc:10.1.0.42:43637|dataStream:10.1.0.42:39167|priority:0|startupRole:FOLLOWER, ef2d612f-7c32-4639-b0f9-22a0544f56e6|rpc:10.1.0.42:37423|dataStream:10.1.0.42:34035|priority:1|startupRole:FOLLOWER] with ContainerStateMachine:uninitialized
2023-02-28 04:32:25,063 [pool-127-thread-1] INFO  server.RaftServerConfigKeys (ConfUtils.java:logGet(46)) - raft.server.rpc.timeout.min = 5s (custom)
2023-02-28 04:32:25,063 [pool-127-thread-1] INFO  server.RaftServerConfigKeys (ConfUtils.java:logGet(46)) - raft.server.rpc.timeout.max = 5200ms (custom)
2023-02-28 04:32:25,063 [pool-127-thread-1] INFO  server.RaftServerConfigKeys (ConfUtils.java:logGet(46)) - raft.server.rpc.sleep.time = 25ms (default)
2023-02-28 04:32:25,063 [pool-127-thread-1] INFO  server.RaftServerConfigKeys (ConfUtils.java:logGet(46)) - raft.server.rpc.slowness.timeout = 300s (custom)
2023-02-28 04:32:25,063 [pool-127-thread-1] INFO  server.RaftServerConfigKeys (ConfUtils.java:logGet(46)) - raft.server.leaderelection.leader.step-down.wait-time = 10s (default)
2023-02-28 04:32:25,063 [pool-127-thread-1] INFO  server.RaftServerConfigKeys (ConfUtils.java:logGet(46)) - raft.server.sleep.deviation.threshold = 300ms (default)
2023-02-28 04:32:25,063 [pool-127-thread-1] INFO  server.RaftServer$Division (ServerState.java:<init>(118)) - f3c0879f-2b51-472f-a21d-9b1dd65624d4@group-D520026A883B: ConfigurationManager, init=-1: peers:[be78be15-616a-41d9-9b13-64e624dde3ac|rpc:10.1.0.42:38523|dataStream:10.1.0.42:43621|priority:0|startupRole:FOLLOWER, f3c0879f-2b51-472f-a21d-9b1dd65624d4|rpc:10.1.0.42:43637|dataStream:10.1.0.42:39167|priority:0|startupRole:FOLLOWER, ef2d612f-7c32-4639-b0f9-22a0544f56e6|rpc:10.1.0.42:37423|dataStream:10.1.0.42:34035|priority:1|startupRole:FOLLOWER]|listeners:[], old=null, confs=<EMPTY_MAP>
2023-02-28 04:32:25,063 [pool-127-thread-1] INFO  server.RaftServerConfigKeys (ConfUtils.java:logGet(46)) - raft.server.storage.dir = [/home/runner/work/ozone/ozone/hadoop-ozone/integration-test/target/test-dir/MiniOzoneClusterImpl-f9e21395-1bcf-40d4-8edb-6f91c23aa5c2/datanode-0/data/ratis] (custom)
2023-02-28 04:32:25,063 [pool-127-thread-1] INFO  server.RaftServerConfigKeys (ConfUtils.java:logGet(46)) - raft.server.log.corruption.policy = EXCEPTION (default)
2023-02-28 04:32:25,063 [pool-127-thread-1] INFO  server.RaftServerConfigKeys (ConfUtils.java:logGet(46)) - raft.server.storage.free-space.min = 0MB (=0) (default)
2023-02-28 04:32:25,063 [pool-127-thread-1] INFO  server.RaftServerConfigKeys (ConfUtils.java:logGet(46)) - raft.server.notification.no-leader.timeout = 300s (custom)
2023-02-28 04:32:25,063 [pool-127-thread-1] INFO  server.RaftServerConfigKeys (ConfUtils.java:logGet(46)) - raft.server.retrycache.expirytime = 600000ms (custom)
2023-02-28 04:32:25,063 [pool-127-thread-1] INFO  server.RaftServerConfigKeys (ConfUtils.java:logGet(46)) - raft.server.retrycache.statistics.expirytime = 100μs (default)
2023-02-28 04:32:25,064 [pool-127-thread-1] INFO  server.RaftServerConfigKeys (ConfUtils.java:logGet(46)) - raft.server.log.appender.install.snapshot.enabled = false (custom)
2023-02-28 04:32:25,064 [pool-127-thread-1] INFO  server.RaftServerConfigKeys (ConfUtils.java:logGet(46)) - raft.server.threadpool.server.cached = true (default)
2023-02-28 04:32:25,064 [pool-127-thread-1] INFO  server.RaftServerConfigKeys (ConfUtils.java:logGet(46)) - raft.server.threadpool.server.size = 0 (default)
2023-02-28 04:32:25,065 [pool-127-thread-1] INFO  server.RaftServerConfigKeys (ConfUtils.java:logGet(46)) - raft.server.threadpool.client.cached = true (default)
2023-02-28 04:32:25,065 [pool-127-thread-1] INFO  server.RaftServerConfigKeys (ConfUtils.java:logGet(46)) - raft.server.threadpool.client.size = 0 (default)
2023-02-28 04:32:25,065 [pool-127-thread-1] INFO  storage.RaftStorageDirectory (RaftStorageDirectoryImpl.java:analyzeStorage(137)) - The storage directory /home/runner/work/ozone/ozone/hadoop-ozone/integration-test/target/test-dir/MiniOzoneClusterImpl-f9e21395-1bcf-40d4-8edb-6f91c23aa5c2/datanode-0/data/ratis/3a99d1bb-d425-471f-aa2d-d520026a883b does not exist. Creating ...
2023-02-28 04:32:25,066 [pool-127-thread-1] INFO  storage.RaftStorageDirectory (RaftStorageDirectoryImpl.java:tryLock(231)) - Lock on /home/runner/work/ozone/ozone/hadoop-ozone/integration-test/target/test-dir/MiniOzoneClusterImpl-f9e21395-1bcf-40d4-8edb-6f91c23aa5c2/datanode-0/data/ratis/3a99d1bb-d425-471f-aa2d-d520026a883b/in_use.lock acquired by nodename 61299@fv-az467-141
2023-02-28 04:32:25,067 [pool-127-thread-1] INFO  storage.RaftStorage (RaftStorageImpl.java:format(96)) - Storage directory /home/runner/work/ozone/ozone/hadoop-ozone/integration-test/target/test-dir/MiniOzoneClusterImpl-f9e21395-1bcf-40d4-8edb-6f91c23aa5c2/datanode-0/data/ratis/3a99d1bb-d425-471f-aa2d-d520026a883b has been successfully formatted.
2023-02-28 04:32:25,067 [pool-127-thread-1] INFO  ratis.ContainerStateMachine (ContainerStateMachine.java:loadSnapshot(240)) - group-D520026A883B: The snapshot info is null. Setting the last applied indexto:(t:0, i:~)
2023-02-28 04:32:25,067 [pool-127-thread-1] INFO  server.RaftServerConfigKeys (ConfUtils.java:logGet(46)) - raft.server.log.use.memory = false (default)
2023-02-28 04:32:25,067 [pool-127-thread-1] INFO  server.RaftServerConfigKeys (ConfUtils.java:logGet(46)) - raft.server.log.purge.gap = 1000000 (custom)
2023-02-28 04:32:25,069 [pool-127-thread-1] INFO  server.RaftServerConfigKeys (ConfUtils.java:logGet(46)) - raft.server.log.appender.buffer.byte-limit = 33554432 (custom)
2023-02-28 04:32:25,069 [pool-127-thread-1] INFO  server.RaftServerConfigKeys (ConfUtils.java:logGet(46)) - raft.server.log.statemachine.data.read.timeout = 1000ms (default)
2023-02-28 04:32:25,070 [pool-127-thread-1] INFO  server.RaftServerConfigKeys (ConfUtils.java:logGet(46)) - raft.server.log.purge.preservation.log.num = 0 (default)
2023-02-28 04:32:25,070 [EventQueue-OpenPipelineForHealthyPipelineSafeModeRule] INFO  safemode.SCMSafeModeManager (HealthyPipelineSafeModeRule.java:process(137)) - SCM in safe mode. Healthy pipelines reported count is 0, required healthy pipeline reported count is 1
2023-02-28 04:32:25,071 [pool-127-thread-1] INFO  server.RaftServerConfigKeys (ConfUtils.java:logGet(46)) - raft.server.log.segment.size.max = 1048576 (custom)
2023-02-28 04:32:25,071 [pool-127-thread-1] INFO  server.RaftServerConfigKeys (ConfUtils.java:logGet(46)) - raft.server.log.segment.cache.num.max = 2 (custom)
2023-02-28 04:32:25,071 [pool-127-thread-1] INFO  server.RaftServerConfigKeys (ConfUtils.java:logGet(46)) - raft.server.log.segment.cache.size.max = 200MB (=209715200) (default)
2023-02-28 04:32:25,071 [pool-127-thread-1] INFO  segmented.SegmentedRaftLogWorker (SegmentedRaftLogWorker.java:<init>(189)) - new f3c0879f-2b51-472f-a21d-9b1dd65624d4@group-D520026A883B-SegmentedRaftLogWorker for RaftStorageImpl:Storage Directory /home/runner/work/ozone/ozone/hadoop-ozone/integration-test/target/test-dir/MiniOzoneClusterImpl-f9e21395-1bcf-40d4-8edb-6f91c23aa5c2/datanode-0/data/ratis/3a99d1bb-d425-471f-aa2d-d520026a883b
2023-02-28 04:32:25,071 [pool-127-thread-1] INFO  server.RaftServerConfigKeys (ConfUtils.java:logGet(46)) - raft.server.log.queue.byte-limit = 4294967296 (custom)
2023-02-28 04:32:25,071 [pool-127-thread-1] INFO  server.RaftServerConfigKeys (ConfUtils.java:logGet(46)) - raft.server.log.queue.element-limit = 1024 (custom)
2023-02-28 04:32:25,071 [pool-127-thread-1] INFO  server.RaftServerConfigKeys (ConfUtils.java:logGet(46)) - raft.server.log.segment.size.max = 1048576 (custom)
2023-02-28 04:32:25,071 [pool-127-thread-1] INFO  server.RaftServerConfigKeys (ConfUtils.java:logGet(46)) - raft.server.log.preallocated.size = 16384 (custom)
2023-02-28 04:32:25,071 [pool-127-thread-1] INFO  server.RaftServerConfigKeys (ConfUtils.java:logGet(46)) - raft.server.log.force.sync.num = 128 (default)
2023-02-28 04:32:25,071 [pool-127-thread-1] INFO  server.RaftServerConfigKeys (ConfUtils.java:logGet(46)) - raft.server.log.statemachine.data.sync = true (default)
2023-02-28 04:32:25,072 [pool-127-thread-1] INFO  server.RaftServerConfigKeys (ConfUtils.java:logGet(46)) - raft.server.log.statemachine.data.sync.timeout = 10s (default)
2023-02-28 04:32:25,072 [pool-127-thread-1] INFO  server.RaftServerConfigKeys (ConfUtils.java:logGet(46)) - raft.server.log.statemachine.data.sync.timeout.retry = -1 (default)
2023-02-28 04:32:25,073 [pool-127-thread-1] INFO  server.RaftServerConfigKeys (ConfUtils.java:logGet(46)) - raft.server.log.write.buffer.size = 1048576 (custom)
2023-02-28 04:32:25,074 [pool-127-thread-1] INFO  server.RaftServerConfigKeys (ConfUtils.java:logGet(46)) - raft.server.log.appender.buffer.byte-limit = 33554432 (custom)
2023-02-28 04:32:25,080 [pool-127-thread-1] INFO  server.RaftServerConfigKeys (ConfUtils.java:logGet(46)) - raft.server.log.unsafe-flush.enabled = false (default)
2023-02-28 04:32:25,080 [pool-127-thread-1] INFO  server.RaftServerConfigKeys (ConfUtils.java:logGet(46)) - raft.server.log.async-flush.enabled = false (default)
2023-02-28 04:32:25,080 [pool-127-thread-1] INFO  server.RaftServerConfigKeys (ConfUtils.java:logGet(46)) - raft.server.log.statemachine.data.caching.enabled = true (custom)
2023-02-28 04:32:25,080 [pool-127-thread-1] INFO  segmented.SegmentedRaftLogWorker (SegmentedRaftLogWorker.java:lambda$new$0(135)) - f3c0879f-2b51-472f-a21d-9b1dd65624d4@group-D520026A883B-SegmentedRaftLogWorker: flushIndex: setUnconditionally 0 -> -1
2023-02-28 04:32:25,081 [pool-127-thread-1] INFO  segmented.SegmentedRaftLogWorker (SegmentedRaftLogWorker.java:lambda$new$0(135)) - f3c0879f-2b51-472f-a21d-9b1dd65624d4@group-D520026A883B-SegmentedRaftLogWorker: safeCacheEvictIndex: setUnconditionally 0 -> -1
2023-02-28 04:32:25,081 [pool-127-thread-1] INFO  server.RaftServer$Division (RaftServerImpl.java:start(334)) - f3c0879f-2b51-472f-a21d-9b1dd65624d4@group-D520026A883B: start as a follower, conf=-1: peers:[be78be15-616a-41d9-9b13-64e624dde3ac|rpc:10.1.0.42:38523|dataStream:10.1.0.42:43621|priority:0|startupRole:FOLLOWER, f3c0879f-2b51-472f-a21d-9b1dd65624d4|rpc:10.1.0.42:43637|dataStream:10.1.0.42:39167|priority:0|startupRole:FOLLOWER, ef2d612f-7c32-4639-b0f9-22a0544f56e6|rpc:10.1.0.42:37423|dataStream:10.1.0.42:34035|priority:1|startupRole:FOLLOWER]|listeners:[], old=null
2023-02-28 04:32:25,081 [pool-127-thread-1] INFO  server.RaftServer$Division (RaftServerImpl.java:setRole(321)) - f3c0879f-2b51-472f-a21d-9b1dd65624d4@group-D520026A883B: changes role from      null to FOLLOWER at term 0 for startAsFollower
2023-02-28 04:32:25,081 [pool-127-thread-1] INFO  impl.RoleInfo (RoleInfo.java:updateAndGet(139)) - f3c0879f-2b51-472f-a21d-9b1dd65624d4: start f3c0879f-2b51-472f-a21d-9b1dd65624d4@group-D520026A883B-FollowerState
2023-02-28 04:32:25,081 [pool-127-thread-1] INFO  util.JmxRegister (JmxRegister.java:tryRegister(44)) - Successfully registered JMX Bean with object name Ratis:service=RaftServer,group=group-D520026A883B,id=f3c0879f-2b51-472f-a21d-9b1dd65624d4
2023-02-28 04:32:25,081 [pool-127-thread-1] INFO  server.RaftServerConfigKeys (ConfUtils.java:logGet(46)) - raft.server.snapshot.auto.trigger.enabled = true (custom)
2023-02-28 04:32:25,081 [pool-127-thread-1] INFO  server.RaftServerConfigKeys (ConfUtils.java:logGet(46)) - raft.server.snapshot.auto.trigger.threshold = 10000 (custom)
2023-02-28 04:32:25,081 [pool-127-thread-1] INFO  server.RaftServerConfigKeys (ConfUtils.java:logGet(46)) - raft.server.snapshot.retention.file.num = 5 (custom)
2023-02-28 04:32:25,081 [pool-127-thread-1] INFO  server.RaftServerConfigKeys (ConfUtils.java:logGet(46)) - raft.server.log.purge.upto.snapshot.index = false (default)
2023-02-28 04:32:25,082 [f3c0879f-2b51-472f-a21d-9b1dd65624d4@group-D520026A883B-FollowerState] INFO  server.RaftServerConfigKeys (ConfUtils.java:logFallback(53)) - raft.server.rpc.first-election.timeout.min = 5s (fallback to raft.server.rpc.timeout.min)
2023-02-28 04:32:25,083 [f3c0879f-2b51-472f-a21d-9b1dd65624d4@group-D520026A883B-FollowerState] INFO  server.RaftServerConfigKeys (ConfUtils.java:logFallback(53)) - raft.server.rpc.first-election.timeout.max = 5200ms (fallback to raft.server.rpc.timeout.max)
2023-02-28 04:32:25,083 [Command processor thread] INFO  ratis.XceiverServerRatis (XceiverServerRatis.java:addGroup(807)) - Created group PipelineID=3a99d1bb-d425-471f-aa2d-d520026a883b
2023-02-28 04:32:25,096 [grpc-default-executor-2] INFO  server.RaftServer (RaftServerProxy.java:addNew(96)) - ef2d612f-7c32-4639-b0f9-22a0544f56e6: addNew group-D520026A883B:[be78be15-616a-41d9-9b13-64e624dde3ac|rpc:10.1.0.42:38523|dataStream:10.1.0.42:43621|priority:0|startupRole:FOLLOWER, f3c0879f-2b51-472f-a21d-9b1dd65624d4|rpc:10.1.0.42:43637|dataStream:10.1.0.42:39167|priority:0|startupRole:FOLLOWER, ef2d612f-7c32-4639-b0f9-22a0544f56e6|rpc:10.1.0.42:37423|dataStream:10.1.0.42:34035|priority:1|startupRole:FOLLOWER] returns group-D520026A883B:java.util.concurrent.CompletableFuture@708b0ccd[Not completed]
2023-02-28 04:32:25,098 [pool-171-thread-1] INFO  server.RaftServer$Division (RaftServerImpl.java:<init>(195)) - ef2d612f-7c32-4639-b0f9-22a0544f56e6: new RaftServerImpl for group-D520026A883B:[be78be15-616a-41d9-9b13-64e624dde3ac|rpc:10.1.0.42:38523|dataStream:10.1.0.42:43621|priority:0|startupRole:FOLLOWER, f3c0879f-2b51-472f-a21d-9b1dd65624d4|rpc:10.1.0.42:43637|dataStream:10.1.0.42:39167|priority:0|startupRole:FOLLOWER, ef2d612f-7c32-4639-b0f9-22a0544f56e6|rpc:10.1.0.42:37423|dataStream:10.1.0.42:34035|priority:1|startupRole:FOLLOWER] with ContainerStateMachine:uninitialized
2023-02-28 04:32:25,098 [pool-171-thread-1] INFO  server.RaftServerConfigKeys (ConfUtils.java:logGet(46)) - raft.server.rpc.timeout.min = 5s (custom)
2023-02-28 04:32:25,098 [pool-171-thread-1] INFO  server.RaftServerConfigKeys (ConfUtils.java:logGet(46)) - raft.server.rpc.timeout.max = 5200ms (custom)
2023-02-28 04:32:25,098 [pool-171-thread-1] INFO  server.RaftServerConfigKeys (ConfUtils.java:logGet(46)) - raft.server.rpc.sleep.time = 25ms (default)
2023-02-28 04:32:25,098 [pool-171-thread-1] INFO  server.RaftServerConfigKeys (ConfUtils.java:logGet(46)) - raft.server.rpc.slowness.timeout = 300s (custom)
2023-02-28 04:32:25,098 [pool-171-thread-1] INFO  server.RaftServerConfigKeys (ConfUtils.java:logGet(46)) - raft.server.leaderelection.leader.step-down.wait-time = 10s (default)
2023-02-28 04:32:25,098 [pool-171-thread-1] INFO  server.RaftServerConfigKeys (ConfUtils.java:logGet(46)) - raft.server.sleep.deviation.threshold = 300ms (default)
2023-02-28 04:32:25,098 [pool-171-thread-1] INFO  server.RaftServer$Division (ServerState.java:<init>(118)) - ef2d612f-7c32-4639-b0f9-22a0544f56e6@group-D520026A883B: ConfigurationManager, init=-1: peers:[be78be15-616a-41d9-9b13-64e624dde3ac|rpc:10.1.0.42:38523|dataStream:10.1.0.42:43621|priority:0|startupRole:FOLLOWER, f3c0879f-2b51-472f-a21d-9b1dd65624d4|rpc:10.1.0.42:43637|dataStream:10.1.0.42:39167|priority:0|startupRole:FOLLOWER, ef2d612f-7c32-4639-b0f9-22a0544f56e6|rpc:10.1.0.42:37423|dataStream:10.1.0.42:34035|priority:1|startupRole:FOLLOWER]|listeners:[], old=null, confs=<EMPTY_MAP>
2023-02-28 04:32:25,098 [pool-171-thread-1] INFO  server.RaftServerConfigKeys (ConfUtils.java:logGet(46)) - raft.server.storage.dir = [/home/runner/work/ozone/ozone/hadoop-ozone/integration-test/target/test-dir/MiniOzoneClusterImpl-f9e21395-1bcf-40d4-8edb-6f91c23aa5c2/datanode-2/data/ratis] (custom)
2023-02-28 04:32:25,098 [pool-171-thread-1] INFO  server.RaftServerConfigKeys (ConfUtils.java:logGet(46)) - raft.server.log.corruption.policy = EXCEPTION (default)
2023-02-28 04:32:25,098 [pool-171-thread-1] INFO  server.RaftServerConfigKeys (ConfUtils.java:logGet(46)) - raft.server.storage.free-space.min = 0MB (=0) (default)
2023-02-28 04:32:25,098 [pool-171-thread-1] INFO  server.RaftServerConfigKeys (ConfUtils.java:logGet(46)) - raft.server.notification.no-leader.timeout = 300s (custom)
2023-02-28 04:32:25,098 [pool-171-thread-1] INFO  server.RaftServerConfigKeys (ConfUtils.java:logGet(46)) - raft.server.retrycache.expirytime = 600000ms (custom)
2023-02-28 04:32:25,098 [pool-171-thread-1] INFO  server.RaftServerConfigKeys (ConfUtils.java:logGet(46)) - raft.server.retrycache.statistics.expirytime = 100μs (default)
2023-02-28 04:32:25,099 [pool-171-thread-1] INFO  server.RaftServerConfigKeys (ConfUtils.java:logGet(46)) - raft.server.log.appender.install.snapshot.enabled = false (custom)
2023-02-28 04:32:25,100 [pool-171-thread-1] INFO  server.RaftServerConfigKeys (ConfUtils.java:logGet(46)) - raft.server.threadpool.server.cached = true (default)
2023-02-28 04:32:25,100 [pool-171-thread-1] INFO  server.RaftServerConfigKeys (ConfUtils.java:logGet(46)) - raft.server.threadpool.server.size = 0 (default)
2023-02-28 04:32:25,100 [pool-171-thread-1] INFO  server.RaftServerConfigKeys (ConfUtils.java:logGet(46)) - raft.server.threadpool.client.cached = true (default)
2023-02-28 04:32:25,100 [pool-171-thread-1] INFO  server.RaftServerConfigKeys (ConfUtils.java:logGet(46)) - raft.server.threadpool.client.size = 0 (default)
2023-02-28 04:32:25,100 [pool-171-thread-1] INFO  storage.RaftStorageDirectory (RaftStorageDirectoryImpl.java:analyzeStorage(137)) - The storage directory /home/runner/work/ozone/ozone/hadoop-ozone/integration-test/target/test-dir/MiniOzoneClusterImpl-f9e21395-1bcf-40d4-8edb-6f91c23aa5c2/datanode-2/data/ratis/3a99d1bb-d425-471f-aa2d-d520026a883b does not exist. Creating ...
2023-02-28 04:32:25,102 [pool-171-thread-1] INFO  storage.RaftStorageDirectory (RaftStorageDirectoryImpl.java:tryLock(231)) - Lock on /home/runner/work/ozone/ozone/hadoop-ozone/integration-test/target/test-dir/MiniOzoneClusterImpl-f9e21395-1bcf-40d4-8edb-6f91c23aa5c2/datanode-2/data/ratis/3a99d1bb-d425-471f-aa2d-d520026a883b/in_use.lock acquired by nodename 61299@fv-az467-141
2023-02-28 04:32:25,103 [pool-171-thread-1] INFO  storage.RaftStorage (RaftStorageImpl.java:format(96)) - Storage directory /home/runner/work/ozone/ozone/hadoop-ozone/integration-test/target/test-dir/MiniOzoneClusterImpl-f9e21395-1bcf-40d4-8edb-6f91c23aa5c2/datanode-2/data/ratis/3a99d1bb-d425-471f-aa2d-d520026a883b has been successfully formatted.
2023-02-28 04:32:25,104 [pool-171-thread-1] INFO  ratis.ContainerStateMachine (ContainerStateMachine.java:loadSnapshot(240)) - group-D520026A883B: The snapshot info is null. Setting the last applied indexto:(t:0, i:~)
2023-02-28 04:32:25,104 [pool-171-thread-1] INFO  server.RaftServerConfigKeys (ConfUtils.java:logGet(46)) - raft.server.log.use.memory = false (default)
2023-02-28 04:32:25,104 [pool-171-thread-1] INFO  server.RaftServerConfigKeys (ConfUtils.java:logGet(46)) - raft.server.log.purge.gap = 1000000 (custom)
2023-02-28 04:32:25,104 [pool-171-thread-1] INFO  server.RaftServerConfigKeys (ConfUtils.java:logGet(46)) - raft.server.log.appender.buffer.byte-limit = 33554432 (custom)
2023-02-28 04:32:25,104 [pool-171-thread-1] INFO  server.RaftServerConfigKeys (ConfUtils.java:logGet(46)) - raft.server.log.statemachine.data.read.timeout = 1000ms (default)
2023-02-28 04:32:25,104 [pool-171-thread-1] INFO  server.RaftServerConfigKeys (ConfUtils.java:logGet(46)) - raft.server.log.purge.preservation.log.num = 0 (default)
2023-02-28 04:32:25,107 [pool-171-thread-1] INFO  server.RaftServerConfigKeys (ConfUtils.java:logGet(46)) - raft.server.log.segment.size.max = 1048576 (custom)
2023-02-28 04:32:25,107 [pool-171-thread-1] INFO  server.RaftServerConfigKeys (ConfUtils.java:logGet(46)) - raft.server.log.segment.cache.num.max = 2 (custom)
2023-02-28 04:32:25,107 [pool-171-thread-1] INFO  server.RaftServerConfigKeys (ConfUtils.java:logGet(46)) - raft.server.log.segment.cache.size.max = 200MB (=209715200) (default)
2023-02-28 04:32:25,107 [pool-171-thread-1] INFO  segmented.SegmentedRaftLogWorker (SegmentedRaftLogWorker.java:<init>(189)) - new ef2d612f-7c32-4639-b0f9-22a0544f56e6@group-D520026A883B-SegmentedRaftLogWorker for RaftStorageImpl:Storage Directory /home/runner/work/ozone/ozone/hadoop-ozone/integration-test/target/test-dir/MiniOzoneClusterImpl-f9e21395-1bcf-40d4-8edb-6f91c23aa5c2/datanode-2/data/ratis/3a99d1bb-d425-471f-aa2d-d520026a883b
2023-02-28 04:32:25,107 [pool-171-thread-1] INFO  server.RaftServerConfigKeys (ConfUtils.java:logGet(46)) - raft.server.log.queue.byte-limit = 4294967296 (custom)
2023-02-28 04:32:25,107 [pool-171-thread-1] INFO  server.RaftServerConfigKeys (ConfUtils.java:logGet(46)) - raft.server.log.queue.element-limit = 1024 (custom)
2023-02-28 04:32:25,107 [pool-171-thread-1] INFO  server.RaftServerConfigKeys (ConfUtils.java:logGet(46)) - raft.server.log.segment.size.max = 1048576 (custom)
2023-02-28 04:32:25,107 [pool-171-thread-1] INFO  server.RaftServerConfigKeys (ConfUtils.java:logGet(46)) - raft.server.log.preallocated.size = 16384 (custom)
2023-02-28 04:32:25,109 [pool-171-thread-1] INFO  server.RaftServerConfigKeys (ConfUtils.java:logGet(46)) - raft.server.log.force.sync.num = 128 (default)
2023-02-28 04:32:25,109 [pool-171-thread-1] INFO  server.RaftServerConfigKeys (ConfUtils.java:logGet(46)) - raft.server.log.statemachine.data.sync = true (default)
2023-02-28 04:32:25,109 [pool-171-thread-1] INFO  server.RaftServerConfigKeys (ConfUtils.java:logGet(46)) - raft.server.log.statemachine.data.sync.timeout = 10s (default)
2023-02-28 04:32:25,109 [pool-171-thread-1] INFO  server.RaftServerConfigKeys (ConfUtils.java:logGet(46)) - raft.server.log.statemachine.data.sync.timeout.retry = -1 (default)
2023-02-28 04:32:25,109 [pool-171-thread-1] INFO  server.RaftServerConfigKeys (ConfUtils.java:logGet(46)) - raft.server.log.write.buffer.size = 1048576 (custom)
2023-02-28 04:32:25,113 [pool-171-thread-1] INFO  server.RaftServerConfigKeys (ConfUtils.java:logGet(46)) - raft.server.log.appender.buffer.byte-limit = 33554432 (custom)
2023-02-28 04:32:25,121 [pool-171-thread-1] INFO  server.RaftServerConfigKeys (ConfUtils.java:logGet(46)) - raft.server.log.unsafe-flush.enabled = false (default)
2023-02-28 04:32:25,121 [pool-171-thread-1] INFO  server.RaftServerConfigKeys (ConfUtils.java:logGet(46)) - raft.server.log.async-flush.enabled = false (default)
2023-02-28 04:32:25,121 [pool-171-thread-1] INFO  server.RaftServerConfigKeys (ConfUtils.java:logGet(46)) - raft.server.log.statemachine.data.caching.enabled = true (custom)
2023-02-28 04:32:25,121 [pool-171-thread-1] INFO  segmented.SegmentedRaftLogWorker (SegmentedRaftLogWorker.java:lambda$new$0(135)) - ef2d612f-7c32-4639-b0f9-22a0544f56e6@group-D520026A883B-SegmentedRaftLogWorker: flushIndex: setUnconditionally 0 -> -1
2023-02-28 04:32:25,121 [pool-171-thread-1] INFO  segmented.SegmentedRaftLogWorker (SegmentedRaftLogWorker.java:lambda$new$0(135)) - ef2d612f-7c32-4639-b0f9-22a0544f56e6@group-D520026A883B-SegmentedRaftLogWorker: safeCacheEvictIndex: setUnconditionally 0 -> -1
2023-02-28 04:32:25,121 [pool-171-thread-1] INFO  server.RaftServer$Division (RaftServerImpl.java:start(334)) - ef2d612f-7c32-4639-b0f9-22a0544f56e6@group-D520026A883B: start as a follower, conf=-1: peers:[be78be15-616a-41d9-9b13-64e624dde3ac|rpc:10.1.0.42:38523|dataStream:10.1.0.42:43621|priority:0|startupRole:FOLLOWER, f3c0879f-2b51-472f-a21d-9b1dd65624d4|rpc:10.1.0.42:43637|dataStream:10.1.0.42:39167|priority:0|startupRole:FOLLOWER, ef2d612f-7c32-4639-b0f9-22a0544f56e6|rpc:10.1.0.42:37423|dataStream:10.1.0.42:34035|priority:1|startupRole:FOLLOWER]|listeners:[], old=null
2023-02-28 04:32:25,122 [pool-171-thread-1] INFO  server.RaftServer$Division (RaftServerImpl.java:setRole(321)) - ef2d612f-7c32-4639-b0f9-22a0544f56e6@group-D520026A883B: changes role from      null to FOLLOWER at term 0 for startAsFollower
2023-02-28 04:32:25,122 [pool-171-thread-1] INFO  impl.RoleInfo (RoleInfo.java:updateAndGet(139)) - ef2d612f-7c32-4639-b0f9-22a0544f56e6: start ef2d612f-7c32-4639-b0f9-22a0544f56e6@group-D520026A883B-FollowerState
2023-02-28 04:32:25,125 [pool-171-thread-1] INFO  util.JmxRegister (JmxRegister.java:tryRegister(44)) - Successfully registered JMX Bean with object name Ratis:service=RaftServer,group=group-D520026A883B,id=ef2d612f-7c32-4639-b0f9-22a0544f56e6
2023-02-28 04:32:25,125 [pool-171-thread-1] INFO  server.RaftServerConfigKeys (ConfUtils.java:logGet(46)) - raft.server.snapshot.auto.trigger.enabled = true (custom)
2023-02-28 04:32:25,125 [pool-171-thread-1] INFO  server.RaftServerConfigKeys (ConfUtils.java:logGet(46)) - raft.server.snapshot.auto.trigger.threshold = 10000 (custom)
2023-02-28 04:32:25,125 [pool-171-thread-1] INFO  server.RaftServerConfigKeys (ConfUtils.java:logGet(46)) - raft.server.snapshot.retention.file.num = 5 (custom)
2023-02-28 04:32:25,125 [pool-171-thread-1] INFO  server.RaftServerConfigKeys (ConfUtils.java:logGet(46)) - raft.server.log.purge.upto.snapshot.index = false (default)
2023-02-28 04:32:25,129 [ef2d612f-7c32-4639-b0f9-22a0544f56e6@group-D520026A883B-FollowerState] INFO  server.RaftServerConfigKeys (ConfUtils.java:logFallback(53)) - raft.server.rpc.first-election.timeout.min = 5s (fallback to raft.server.rpc.timeout.min)
2023-02-28 04:32:25,130 [ef2d612f-7c32-4639-b0f9-22a0544f56e6@group-D520026A883B-FollowerState] INFO  server.RaftServerConfigKeys (ConfUtils.java:logFallback(53)) - raft.server.rpc.first-election.timeout.max = 5200ms (fallback to raft.server.rpc.timeout.max)
2023-02-28 04:32:25,147 [grpc-default-executor-2] INFO  server.RaftServer (RaftServerProxy.java:addNew(96)) - be78be15-616a-41d9-9b13-64e624dde3ac: addNew group-D520026A883B:[be78be15-616a-41d9-9b13-64e624dde3ac|rpc:10.1.0.42:38523|dataStream:10.1.0.42:43621|priority:0|startupRole:FOLLOWER, f3c0879f-2b51-472f-a21d-9b1dd65624d4|rpc:10.1.0.42:43637|dataStream:10.1.0.42:39167|priority:0|startupRole:FOLLOWER, ef2d612f-7c32-4639-b0f9-22a0544f56e6|rpc:10.1.0.42:37423|dataStream:10.1.0.42:34035|priority:1|startupRole:FOLLOWER] returns group-D520026A883B:java.util.concurrent.CompletableFuture@742deaec[Not completed]
2023-02-28 04:32:25,148 [pool-149-thread-1] INFO  server.RaftServer$Division (RaftServerImpl.java:<init>(195)) - be78be15-616a-41d9-9b13-64e624dde3ac: new RaftServerImpl for group-D520026A883B:[be78be15-616a-41d9-9b13-64e624dde3ac|rpc:10.1.0.42:38523|dataStream:10.1.0.42:43621|priority:0|startupRole:FOLLOWER, f3c0879f-2b51-472f-a21d-9b1dd65624d4|rpc:10.1.0.42:43637|dataStream:10.1.0.42:39167|priority:0|startupRole:FOLLOWER, ef2d612f-7c32-4639-b0f9-22a0544f56e6|rpc:10.1.0.42:37423|dataStream:10.1.0.42:34035|priority:1|startupRole:FOLLOWER] with ContainerStateMachine:uninitialized
2023-02-28 04:32:25,149 [pool-149-thread-1] INFO  server.RaftServerConfigKeys (ConfUtils.java:logGet(46)) - raft.server.rpc.timeout.min = 5s (custom)
2023-02-28 04:32:25,149 [pool-149-thread-1] INFO  server.RaftServerConfigKeys (ConfUtils.java:logGet(46)) - raft.server.rpc.timeout.max = 5200ms (custom)
2023-02-28 04:32:25,149 [pool-149-thread-1] INFO  server.RaftServerConfigKeys (ConfUtils.java:logGet(46)) - raft.server.rpc.sleep.time = 25ms (default)
2023-02-28 04:32:25,149 [pool-149-thread-1] INFO  server.RaftServerConfigKeys (ConfUtils.java:logGet(46)) - raft.server.rpc.slowness.timeout = 300s (custom)
2023-02-28 04:32:25,149 [pool-149-thread-1] INFO  server.RaftServerConfigKeys (ConfUtils.java:logGet(46)) - raft.server.leaderelection.leader.step-down.wait-time = 10s (default)
2023-02-28 04:32:25,149 [pool-149-thread-1] INFO  server.RaftServerConfigKeys (ConfUtils.java:logGet(46)) - raft.server.sleep.deviation.threshold = 300ms (default)
2023-02-28 04:32:25,149 [pool-149-thread-1] INFO  server.RaftServer$Division (ServerState.java:<init>(118)) - be78be15-616a-41d9-9b13-64e624dde3ac@group-D520026A883B: ConfigurationManager, init=-1: peers:[be78be15-616a-41d9-9b13-64e624dde3ac|rpc:10.1.0.42:38523|dataStream:10.1.0.42:43621|priority:0|startupRole:FOLLOWER, f3c0879f-2b51-472f-a21d-9b1dd65624d4|rpc:10.1.0.42:43637|dataStream:10.1.0.42:39167|priority:0|startupRole:FOLLOWER, ef2d612f-7c32-4639-b0f9-22a0544f56e6|rpc:10.1.0.42:37423|dataStream:10.1.0.42:34035|priority:1|startupRole:FOLLOWER]|listeners:[], old=null, confs=<EMPTY_MAP>
2023-02-28 04:32:25,149 [pool-149-thread-1] INFO  server.RaftServerConfigKeys (ConfUtils.java:logGet(46)) - raft.server.storage.dir = [/home/runner/work/ozone/ozone/hadoop-ozone/integration-test/target/test-dir/MiniOzoneClusterImpl-f9e21395-1bcf-40d4-8edb-6f91c23aa5c2/datanode-1/data/ratis] (custom)
2023-02-28 04:32:25,149 [pool-149-thread-1] INFO  server.RaftServerConfigKeys (ConfUtils.java:logGet(46)) - raft.server.log.corruption.policy = EXCEPTION (default)
2023-02-28 04:32:25,150 [pool-149-thread-1] INFO  server.RaftServerConfigKeys (ConfUtils.java:logGet(46)) - raft.server.storage.free-space.min = 0MB (=0) (default)
2023-02-28 04:32:25,150 [pool-149-thread-1] INFO  server.RaftServerConfigKeys (ConfUtils.java:logGet(46)) - raft.server.notification.no-leader.timeout = 300s (custom)
2023-02-28 04:32:25,150 [pool-149-thread-1] INFO  server.RaftServerConfigKeys (ConfUtils.java:logGet(46)) - raft.server.retrycache.expirytime = 600000ms (custom)
2023-02-28 04:32:25,150 [pool-149-thread-1] INFO  server.RaftServerConfigKeys (ConfUtils.java:logGet(46)) - raft.server.retrycache.statistics.expirytime = 100μs (default)
2023-02-28 04:32:25,151 [pool-149-thread-1] INFO  server.RaftServerConfigKeys (ConfUtils.java:logGet(46)) - raft.server.log.appender.install.snapshot.enabled = false (custom)
2023-02-28 04:32:25,151 [pool-149-thread-1] INFO  server.RaftServerConfigKeys (ConfUtils.java:logGet(46)) - raft.server.threadpool.server.cached = true (default)
2023-02-28 04:32:25,151 [pool-149-thread-1] INFO  server.RaftServerConfigKeys (ConfUtils.java:logGet(46)) - raft.server.threadpool.server.size = 0 (default)
2023-02-28 04:32:25,151 [pool-149-thread-1] INFO  server.RaftServerConfigKeys (ConfUtils.java:logGet(46)) - raft.server.threadpool.client.cached = true (default)
2023-02-28 04:32:25,151 [pool-149-thread-1] INFO  server.RaftServerConfigKeys (ConfUtils.java:logGet(46)) - raft.server.threadpool.client.size = 0 (default)
2023-02-28 04:32:25,151 [pool-149-thread-1] INFO  storage.RaftStorageDirectory (RaftStorageDirectoryImpl.java:analyzeStorage(137)) - The storage directory /home/runner/work/ozone/ozone/hadoop-ozone/integration-test/target/test-dir/MiniOzoneClusterImpl-f9e21395-1bcf-40d4-8edb-6f91c23aa5c2/datanode-1/data/ratis/3a99d1bb-d425-471f-aa2d-d520026a883b does not exist. Creating ...
2023-02-28 04:32:25,152 [pool-149-thread-1] INFO  storage.RaftStorageDirectory (RaftStorageDirectoryImpl.java:tryLock(231)) - Lock on /home/runner/work/ozone/ozone/hadoop-ozone/integration-test/target/test-dir/MiniOzoneClusterImpl-f9e21395-1bcf-40d4-8edb-6f91c23aa5c2/datanode-1/data/ratis/3a99d1bb-d425-471f-aa2d-d520026a883b/in_use.lock acquired by nodename 61299@fv-az467-141
2023-02-28 04:32:25,153 [pool-149-thread-1] INFO  storage.RaftStorage (RaftStorageImpl.java:format(96)) - Storage directory /home/runner/work/ozone/ozone/hadoop-ozone/integration-test/target/test-dir/MiniOzoneClusterImpl-f9e21395-1bcf-40d4-8edb-6f91c23aa5c2/datanode-1/data/ratis/3a99d1bb-d425-471f-aa2d-d520026a883b has been successfully formatted.
2023-02-28 04:32:25,155 [pool-149-thread-1] INFO  ratis.ContainerStateMachine (ContainerStateMachine.java:loadSnapshot(240)) - group-D520026A883B: The snapshot info is null. Setting the last applied indexto:(t:0, i:~)
2023-02-28 04:32:25,156 [pool-149-thread-1] INFO  server.RaftServerConfigKeys (ConfUtils.java:logGet(46)) - raft.server.log.use.memory = false (default)
2023-02-28 04:32:25,156 [pool-149-thread-1] INFO  server.RaftServerConfigKeys (ConfUtils.java:logGet(46)) - raft.server.log.purge.gap = 1000000 (custom)
2023-02-28 04:32:25,156 [pool-149-thread-1] INFO  server.RaftServerConfigKeys (ConfUtils.java:logGet(46)) - raft.server.log.appender.buffer.byte-limit = 33554432 (custom)
2023-02-28 04:32:25,156 [pool-149-thread-1] INFO  server.RaftServerConfigKeys (ConfUtils.java:logGet(46)) - raft.server.log.statemachine.data.read.timeout = 1000ms (default)
2023-02-28 04:32:25,156 [pool-149-thread-1] INFO  server.RaftServerConfigKeys (ConfUtils.java:logGet(46)) - raft.server.log.purge.preservation.log.num = 0 (default)
2023-02-28 04:32:25,156 [pool-149-thread-1] INFO  server.RaftServerConfigKeys (ConfUtils.java:logGet(46)) - raft.server.log.segment.size.max = 1048576 (custom)
2023-02-28 04:32:25,157 [pool-149-thread-1] INFO  server.RaftServerConfigKeys (ConfUtils.java:logGet(46)) - raft.server.log.segment.cache.num.max = 2 (custom)
2023-02-28 04:32:25,157 [pool-149-thread-1] INFO  server.RaftServerConfigKeys (ConfUtils.java:logGet(46)) - raft.server.log.segment.cache.size.max = 200MB (=209715200) (default)
2023-02-28 04:32:25,157 [pool-149-thread-1] INFO  segmented.SegmentedRaftLogWorker (SegmentedRaftLogWorker.java:<init>(189)) - new be78be15-616a-41d9-9b13-64e624dde3ac@group-D520026A883B-SegmentedRaftLogWorker for RaftStorageImpl:Storage Directory /home/runner/work/ozone/ozone/hadoop-ozone/integration-test/target/test-dir/MiniOzoneClusterImpl-f9e21395-1bcf-40d4-8edb-6f91c23aa5c2/datanode-1/data/ratis/3a99d1bb-d425-471f-aa2d-d520026a883b
2023-02-28 04:32:25,157 [pool-149-thread-1] INFO  server.RaftServerConfigKeys (ConfUtils.java:logGet(46)) - raft.server.log.queue.byte-limit = 4294967296 (custom)
2023-02-28 04:32:25,157 [pool-149-thread-1] INFO  server.RaftServerConfigKeys (ConfUtils.java:logGet(46)) - raft.server.log.queue.element-limit = 1024 (custom)
2023-02-28 04:32:25,157 [pool-149-thread-1] INFO  server.RaftServerConfigKeys (ConfUtils.java:logGet(46)) - raft.server.log.segment.size.max = 1048576 (custom)
2023-02-28 04:32:25,157 [pool-149-thread-1] INFO  server.RaftServerConfigKeys (ConfUtils.java:logGet(46)) - raft.server.log.preallocated.size = 16384 (custom)
2023-02-28 04:32:25,157 [pool-149-thread-1] INFO  server.RaftServerConfigKeys (ConfUtils.java:logGet(46)) - raft.server.log.force.sync.num = 128 (default)
2023-02-28 04:32:25,157 [pool-149-thread-1] INFO  server.RaftServerConfigKeys (ConfUtils.java:logGet(46)) - raft.server.log.statemachine.data.sync = true (default)
2023-02-28 04:32:25,157 [pool-149-thread-1] INFO  server.RaftServerConfigKeys (ConfUtils.java:logGet(46)) - raft.server.log.statemachine.data.sync.timeout = 10s (default)
2023-02-28 04:32:25,157 [pool-149-thread-1] INFO  server.RaftServerConfigKeys (ConfUtils.java:logGet(46)) - raft.server.log.statemachine.data.sync.timeout.retry = -1 (default)
2023-02-28 04:32:25,159 [pool-149-thread-1] INFO  server.RaftServerConfigKeys (ConfUtils.java:logGet(46)) - raft.server.log.write.buffer.size = 1048576 (custom)
2023-02-28 04:32:25,159 [pool-149-thread-1] INFO  server.RaftServerConfigKeys (ConfUtils.java:logGet(46)) - raft.server.log.appender.buffer.byte-limit = 33554432 (custom)
2023-02-28 04:32:25,163 [pool-149-thread-1] INFO  server.RaftServerConfigKeys (ConfUtils.java:logGet(46)) - raft.server.log.unsafe-flush.enabled = false (default)
2023-02-28 04:32:25,163 [pool-149-thread-1] INFO  server.RaftServerConfigKeys (ConfUtils.java:logGet(46)) - raft.server.log.async-flush.enabled = false (default)
2023-02-28 04:32:25,163 [pool-149-thread-1] INFO  server.RaftServerConfigKeys (ConfUtils.java:logGet(46)) - raft.server.log.statemachine.data.caching.enabled = true (custom)
2023-02-28 04:32:25,163 [pool-149-thread-1] INFO  segmented.SegmentedRaftLogWorker (SegmentedRaftLogWorker.java:lambda$new$0(135)) - be78be15-616a-41d9-9b13-64e624dde3ac@group-D520026A883B-SegmentedRaftLogWorker: flushIndex: setUnconditionally 0 -> -1
2023-02-28 04:32:25,163 [pool-149-thread-1] INFO  segmented.SegmentedRaftLogWorker (SegmentedRaftLogWorker.java:lambda$new$0(135)) - be78be15-616a-41d9-9b13-64e624dde3ac@group-D520026A883B-SegmentedRaftLogWorker: safeCacheEvictIndex: setUnconditionally 0 -> -1
2023-02-28 04:32:25,163 [pool-149-thread-1] INFO  server.RaftServer$Division (RaftServerImpl.java:start(334)) - be78be15-616a-41d9-9b13-64e624dde3ac@group-D520026A883B: start as a follower, conf=-1: peers:[be78be15-616a-41d9-9b13-64e624dde3ac|rpc:10.1.0.42:38523|dataStream:10.1.0.42:43621|priority:0|startupRole:FOLLOWER, f3c0879f-2b51-472f-a21d-9b1dd65624d4|rpc:10.1.0.42:43637|dataStream:10.1.0.42:39167|priority:0|startupRole:FOLLOWER, ef2d612f-7c32-4639-b0f9-22a0544f56e6|rpc:10.1.0.42:37423|dataStream:10.1.0.42:34035|priority:1|startupRole:FOLLOWER]|listeners:[], old=null
2023-02-28 04:32:25,163 [pool-149-thread-1] INFO  server.RaftServer$Division (RaftServerImpl.java:setRole(321)) - be78be15-616a-41d9-9b13-64e624dde3ac@group-D520026A883B: changes role from      null to FOLLOWER at term 0 for startAsFollower
2023-02-28 04:32:25,163 [pool-149-thread-1] INFO  impl.RoleInfo (RoleInfo.java:updateAndGet(139)) - be78be15-616a-41d9-9b13-64e624dde3ac: start be78be15-616a-41d9-9b13-64e624dde3ac@group-D520026A883B-FollowerState
2023-02-28 04:32:25,164 [pool-149-thread-1] INFO  util.JmxRegister (JmxRegister.java:tryRegister(44)) - Successfully registered JMX Bean with object name Ratis:service=RaftServer,group=group-D520026A883B,id=be78be15-616a-41d9-9b13-64e624dde3ac
2023-02-28 04:32:25,164 [pool-149-thread-1] INFO  server.RaftServerConfigKeys (ConfUtils.java:logGet(46)) - raft.server.snapshot.auto.trigger.enabled = true (custom)
2023-02-28 04:32:25,164 [pool-149-thread-1] INFO  server.RaftServerConfigKeys (ConfUtils.java:logGet(46)) - raft.server.snapshot.auto.trigger.threshold = 10000 (custom)
2023-02-28 04:32:25,164 [pool-149-thread-1] INFO  server.RaftServerConfigKeys (ConfUtils.java:logGet(46)) - raft.server.snapshot.retention.file.num = 5 (custom)
2023-02-28 04:32:25,164 [pool-149-thread-1] INFO  server.RaftServerConfigKeys (ConfUtils.java:logGet(46)) - raft.server.log.purge.upto.snapshot.index = false (default)
2023-02-28 04:32:25,164 [be78be15-616a-41d9-9b13-64e624dde3ac@group-D520026A883B-FollowerState] INFO  server.RaftServerConfigKeys (ConfUtils.java:logFallback(53)) - raft.server.rpc.first-election.timeout.min = 5s (fallback to raft.server.rpc.timeout.min)
2023-02-28 04:32:25,173 [be78be15-616a-41d9-9b13-64e624dde3ac@group-D520026A883B-FollowerState] INFO  server.RaftServerConfigKeys (ConfUtils.java:logFallback(53)) - raft.server.rpc.first-election.timeout.max = 5200ms (fallback to raft.server.rpc.timeout.max)
2023-02-28 04:32:25,178 [Command processor thread] INFO  commandhandler.CreatePipelineCommandHandler (CreatePipelineCommandHandler.java:handle(113)) - Created Pipeline RATIS THREE PipelineID=3a99d1bb-d425-471f-aa2d-d520026a883b.
2023-02-28 04:32:25,240 [Command processor thread] INFO  server.RaftServer (RaftServerProxy.java:addNew(96)) - be78be15-616a-41d9-9b13-64e624dde3ac: addNew group-16B54C0A1844:[be78be15-616a-41d9-9b13-64e624dde3ac|rpc:10.1.0.42:38523|dataStream:10.1.0.42:43621|priority:1|startupRole:FOLLOWER] returns group-16B54C0A1844:java.util.concurrent.CompletableFuture@202063ed[Not completed]
2023-02-28 04:32:25,241 [pool-149-thread-1] INFO  server.RaftServer$Division (RaftServerImpl.java:<init>(195)) - be78be15-616a-41d9-9b13-64e624dde3ac: new RaftServerImpl for group-16B54C0A1844:[be78be15-616a-41d9-9b13-64e624dde3ac|rpc:10.1.0.42:38523|dataStream:10.1.0.42:43621|priority:1|startupRole:FOLLOWER] with ContainerStateMachine:uninitialized
2023-02-28 04:32:25,241 [pool-149-thread-1] INFO  server.RaftServerConfigKeys (ConfUtils.java:logGet(46)) - raft.server.rpc.timeout.min = 5s (custom)
2023-02-28 04:32:25,241 [pool-149-thread-1] INFO  server.RaftServerConfigKeys (ConfUtils.java:logGet(46)) - raft.server.rpc.timeout.max = 5200ms (custom)
2023-02-28 04:32:25,241 [pool-149-thread-1] INFO  server.RaftServerConfigKeys (ConfUtils.java:logGet(46)) - raft.server.rpc.sleep.time = 25ms (default)
2023-02-28 04:32:25,241 [pool-149-thread-1] INFO  server.RaftServerConfigKeys (ConfUtils.java:logGet(46)) - raft.server.rpc.slowness.timeout = 300s (custom)
2023-02-28 04:32:25,241 [pool-149-thread-1] INFO  server.RaftServerConfigKeys (ConfUtils.java:logGet(46)) - raft.server.leaderelection.leader.step-down.wait-time = 10s (default)
2023-02-28 04:32:25,241 [pool-149-thread-1] INFO  server.RaftServerConfigKeys (ConfUtils.java:logGet(46)) - raft.server.sleep.deviation.threshold = 300ms (default)
2023-02-28 04:32:25,241 [pool-149-thread-1] INFO  server.RaftServer$Division (ServerState.java:<init>(118)) - be78be15-616a-41d9-9b13-64e624dde3ac@group-16B54C0A1844: ConfigurationManager, init=-1: peers:[be78be15-616a-41d9-9b13-64e624dde3ac|rpc:10.1.0.42:38523|dataStream:10.1.0.42:43621|priority:1|startupRole:FOLLOWER]|listeners:[], old=null, confs=<EMPTY_MAP>
2023-02-28 04:32:25,241 [pool-149-thread-1] INFO  server.RaftServerConfigKeys (ConfUtils.java:logGet(46)) - raft.server.storage.dir = [/home/runner/work/ozone/ozone/hadoop-ozone/integration-test/target/test-dir/MiniOzoneClusterImpl-f9e21395-1bcf-40d4-8edb-6f91c23aa5c2/datanode-1/data/ratis] (custom)
2023-02-28 04:32:25,242 [pool-149-thread-1] INFO  server.RaftServerConfigKeys (ConfUtils.java:logGet(46)) - raft.server.log.corruption.policy = EXCEPTION (default)
2023-02-28 04:32:25,242 [pool-149-thread-1] INFO  server.RaftServerConfigKeys (ConfUtils.java:logGet(46)) - raft.server.storage.free-space.min = 0MB (=0) (default)
2023-02-28 04:32:25,242 [pool-149-thread-1] INFO  server.RaftServerConfigKeys (ConfUtils.java:logGet(46)) - raft.server.notification.no-leader.timeout = 300s (custom)
2023-02-28 04:32:25,242 [pool-149-thread-1] INFO  server.RaftServerConfigKeys (ConfUtils.java:logGet(46)) - raft.server.retrycache.expirytime = 600000ms (custom)
2023-02-28 04:32:25,242 [pool-149-thread-1] INFO  server.RaftServerConfigKeys (ConfUtils.java:logGet(46)) - raft.server.retrycache.statistics.expirytime = 100μs (default)
2023-02-28 04:32:25,243 [pool-149-thread-1] INFO  server.RaftServerConfigKeys (ConfUtils.java:logGet(46)) - raft.server.log.appender.install.snapshot.enabled = false (custom)
2023-02-28 04:32:25,243 [pool-149-thread-1] INFO  server.RaftServerConfigKeys (ConfUtils.java:logGet(46)) - raft.server.threadpool.server.cached = true (default)
2023-02-28 04:32:25,243 [pool-149-thread-1] INFO  server.RaftServerConfigKeys (ConfUtils.java:logGet(46)) - raft.server.threadpool.server.size = 0 (default)
2023-02-28 04:32:25,243 [pool-149-thread-1] INFO  server.RaftServerConfigKeys (ConfUtils.java:logGet(46)) - raft.server.threadpool.client.cached = true (default)
2023-02-28 04:32:25,243 [pool-149-thread-1] INFO  server.RaftServerConfigKeys (ConfUtils.java:logGet(46)) - raft.server.threadpool.client.size = 0 (default)
2023-02-28 04:32:25,243 [pool-149-thread-1] INFO  storage.RaftStorageDirectory (RaftStorageDirectoryImpl.java:analyzeStorage(137)) - The storage directory /home/runner/work/ozone/ozone/hadoop-ozone/integration-test/target/test-dir/MiniOzoneClusterImpl-f9e21395-1bcf-40d4-8edb-6f91c23aa5c2/datanode-1/data/ratis/decc78ee-b028-4db4-b35b-16b54c0a1844 does not exist. Creating ...
2023-02-28 04:32:25,244 [pool-149-thread-1] INFO  storage.RaftStorageDirectory (RaftStorageDirectoryImpl.java:tryLock(231)) - Lock on /home/runner/work/ozone/ozone/hadoop-ozone/integration-test/target/test-dir/MiniOzoneClusterImpl-f9e21395-1bcf-40d4-8edb-6f91c23aa5c2/datanode-1/data/ratis/decc78ee-b028-4db4-b35b-16b54c0a1844/in_use.lock acquired by nodename 61299@fv-az467-141
2023-02-28 04:32:25,245 [pool-149-thread-1] INFO  storage.RaftStorage (RaftStorageImpl.java:format(96)) - Storage directory /home/runner/work/ozone/ozone/hadoop-ozone/integration-test/target/test-dir/MiniOzoneClusterImpl-f9e21395-1bcf-40d4-8edb-6f91c23aa5c2/datanode-1/data/ratis/decc78ee-b028-4db4-b35b-16b54c0a1844 has been successfully formatted.
2023-02-28 04:32:25,246 [pool-149-thread-1] INFO  ratis.ContainerStateMachine (ContainerStateMachine.java:loadSnapshot(240)) - group-16B54C0A1844: The snapshot info is null. Setting the last applied indexto:(t:0, i:~)
2023-02-28 04:32:25,246 [pool-149-thread-1] INFO  server.RaftServerConfigKeys (ConfUtils.java:logGet(46)) - raft.server.log.use.memory = false (default)
2023-02-28 04:32:25,246 [pool-149-thread-1] INFO  server.RaftServerConfigKeys (ConfUtils.java:logGet(46)) - raft.server.log.purge.gap = 1000000 (custom)
2023-02-28 04:32:25,246 [pool-149-thread-1] INFO  server.RaftServerConfigKeys (ConfUtils.java:logGet(46)) - raft.server.log.appender.buffer.byte-limit = 33554432 (custom)
2023-02-28 04:32:25,246 [pool-149-thread-1] INFO  server.RaftServerConfigKeys (ConfUtils.java:logGet(46)) - raft.server.log.statemachine.data.read.timeout = 1000ms (default)
2023-02-28 04:32:25,246 [pool-149-thread-1] INFO  server.RaftServerConfigKeys (ConfUtils.java:logGet(46)) - raft.server.log.purge.preservation.log.num = 0 (default)
2023-02-28 04:32:25,246 [pool-149-thread-1] INFO  server.RaftServerConfigKeys (ConfUtils.java:logGet(46)) - raft.server.log.segment.size.max = 1048576 (custom)
2023-02-28 04:32:25,247 [pool-149-thread-1] INFO  server.RaftServerConfigKeys (ConfUtils.java:logGet(46)) - raft.server.log.segment.cache.num.max = 2 (custom)
2023-02-28 04:32:25,247 [pool-149-thread-1] INFO  server.RaftServerConfigKeys (ConfUtils.java:logGet(46)) - raft.server.log.segment.cache.size.max = 200MB (=209715200) (default)
2023-02-28 04:32:25,247 [pool-149-thread-1] INFO  segmented.SegmentedRaftLogWorker (SegmentedRaftLogWorker.java:<init>(189)) - new be78be15-616a-41d9-9b13-64e624dde3ac@group-16B54C0A1844-SegmentedRaftLogWorker for RaftStorageImpl:Storage Directory /home/runner/work/ozone/ozone/hadoop-ozone/integration-test/target/test-dir/MiniOzoneClusterImpl-f9e21395-1bcf-40d4-8edb-6f91c23aa5c2/datanode-1/data/ratis/decc78ee-b028-4db4-b35b-16b54c0a1844
2023-02-28 04:32:25,247 [pool-149-thread-1] INFO  server.RaftServerConfigKeys (ConfUtils.java:logGet(46)) - raft.server.log.queue.byte-limit = 4294967296 (custom)
2023-02-28 04:32:25,247 [pool-149-thread-1] INFO  server.RaftServerConfigKeys (ConfUtils.java:logGet(46)) - raft.server.log.queue.element-limit = 1024 (custom)
2023-02-28 04:32:25,247 [pool-149-thread-1] INFO  server.RaftServerConfigKeys (ConfUtils.java:logGet(46)) - raft.server.log.segment.size.max = 1048576 (custom)
2023-02-28 04:32:25,247 [pool-149-thread-1] INFO  server.RaftServerConfigKeys (ConfUtils.java:logGet(46)) - raft.server.log.preallocated.size = 16384 (custom)
2023-02-28 04:32:25,247 [pool-149-thread-1] INFO  server.RaftServerConfigKeys (ConfUtils.java:logGet(46)) - raft.server.log.force.sync.num = 128 (default)
2023-02-28 04:32:25,247 [pool-149-thread-1] INFO  server.RaftServerConfigKeys (ConfUtils.java:logGet(46)) - raft.server.log.statemachine.data.sync = true (default)
2023-02-28 04:32:25,247 [pool-149-thread-1] INFO  server.RaftServerConfigKeys (ConfUtils.java:logGet(46)) - raft.server.log.statemachine.data.sync.timeout = 10s (default)
2023-02-28 04:32:25,247 [pool-149-thread-1] INFO  server.RaftServerConfigKeys (ConfUtils.java:logGet(46)) - raft.server.log.statemachine.data.sync.timeout.retry = -1 (default)
2023-02-28 04:32:25,248 [pool-149-thread-1] INFO  server.RaftServerConfigKeys (ConfUtils.java:logGet(46)) - raft.server.log.write.buffer.size = 1048576 (custom)
2023-02-28 04:32:25,248 [pool-149-thread-1] INFO  server.RaftServerConfigKeys (ConfUtils.java:logGet(46)) - raft.server.log.appender.buffer.byte-limit = 33554432 (custom)
2023-02-28 04:32:25,252 [pool-149-thread-1] INFO  server.RaftServerConfigKeys (ConfUtils.java:logGet(46)) - raft.server.log.unsafe-flush.enabled = false (default)
2023-02-28 04:32:25,252 [pool-149-thread-1] INFO  server.RaftServerConfigKeys (ConfUtils.java:logGet(46)) - raft.server.log.async-flush.enabled = false (default)
2023-02-28 04:32:25,252 [pool-149-thread-1] INFO  server.RaftServerConfigKeys (ConfUtils.java:logGet(46)) - raft.server.log.statemachine.data.caching.enabled = true (custom)
2023-02-28 04:32:25,253 [EventQueue-PipelineReportForPipelineReportHandler] INFO  pipeline.PipelineManagerImpl (PipelineManagerImpl.java:openPipeline(367)) - Pipeline Pipeline[ Id: decc78ee-b028-4db4-b35b-16b54c0a1844, Nodes: be78be15-616a-41d9-9b13-64e624dde3ac(fv-az467-141/10.1.0.42), ReplicationConfig: RATIS/ONE, State:ALLOCATED, leaderId:be78be15-616a-41d9-9b13-64e624dde3ac, CreationTimestamp2023-02-28T04:32:22.242Z[Etc/UTC]] moved to OPEN state
2023-02-28 04:32:25,254 [pool-149-thread-1] INFO  segmented.SegmentedRaftLogWorker (SegmentedRaftLogWorker.java:lambda$new$0(135)) - be78be15-616a-41d9-9b13-64e624dde3ac@group-16B54C0A1844-SegmentedRaftLogWorker: flushIndex: setUnconditionally 0 -> -1
2023-02-28 04:32:25,254 [pool-149-thread-1] INFO  segmented.SegmentedRaftLogWorker (SegmentedRaftLogWorker.java:lambda$new$0(135)) - be78be15-616a-41d9-9b13-64e624dde3ac@group-16B54C0A1844-SegmentedRaftLogWorker: safeCacheEvictIndex: setUnconditionally 0 -> -1
2023-02-28 04:32:25,254 [pool-149-thread-1] INFO  server.RaftServer$Division (RaftServerImpl.java:start(334)) - be78be15-616a-41d9-9b13-64e624dde3ac@group-16B54C0A1844: start as a follower, conf=-1: peers:[be78be15-616a-41d9-9b13-64e624dde3ac|rpc:10.1.0.42:38523|dataStream:10.1.0.42:43621|priority:1|startupRole:FOLLOWER]|listeners:[], old=null
2023-02-28 04:32:25,254 [pool-149-thread-1] INFO  server.RaftServer$Division (RaftServerImpl.java:setRole(321)) - be78be15-616a-41d9-9b13-64e624dde3ac@group-16B54C0A1844: changes role from      null to FOLLOWER at term 0 for startAsFollower
2023-02-28 04:32:25,254 [pool-149-thread-1] INFO  impl.RoleInfo (RoleInfo.java:updateAndGet(139)) - be78be15-616a-41d9-9b13-64e624dde3ac: start be78be15-616a-41d9-9b13-64e624dde3ac@group-16B54C0A1844-FollowerState
2023-02-28 04:32:25,254 [EventQueue-OpenPipelineForHealthyPipelineSafeModeRule] INFO  safemode.SCMSafeModeManager (HealthyPipelineSafeModeRule.java:process(137)) - SCM in safe mode. Healthy pipelines reported count is 0, required healthy pipeline reported count is 1
2023-02-28 04:32:25,254 [pool-149-thread-1] INFO  util.JmxRegister (JmxRegister.java:tryRegister(44)) - Successfully registered JMX Bean with object name Ratis:service=RaftServer,group=group-16B54C0A1844,id=be78be15-616a-41d9-9b13-64e624dde3ac
2023-02-28 04:32:25,254 [pool-149-thread-1] INFO  server.RaftServerConfigKeys (ConfUtils.java:logGet(46)) - raft.server.snapshot.auto.trigger.enabled = true (custom)
2023-02-28 04:32:25,254 [pool-149-thread-1] INFO  server.RaftServerConfigKeys (ConfUtils.java:logGet(46)) - raft.server.snapshot.auto.trigger.threshold = 10000 (custom)
2023-02-28 04:32:25,254 [pool-149-thread-1] INFO  server.RaftServerConfigKeys (ConfUtils.java:logGet(46)) - raft.server.snapshot.retention.file.num = 5 (custom)
2023-02-28 04:32:25,254 [pool-149-thread-1] INFO  server.RaftServerConfigKeys (ConfUtils.java:logGet(46)) - raft.server.log.purge.upto.snapshot.index = false (default)
2023-02-28 04:32:25,255 [be78be15-616a-41d9-9b13-64e624dde3ac@group-16B54C0A1844-FollowerState] INFO  server.RaftServerConfigKeys (ConfUtils.java:logFallback(53)) - raft.server.rpc.first-election.timeout.min = 5s (fallback to raft.server.rpc.timeout.min)
2023-02-28 04:32:25,255 [be78be15-616a-41d9-9b13-64e624dde3ac@group-16B54C0A1844-FollowerState] INFO  server.RaftServerConfigKeys (ConfUtils.java:logFallback(53)) - raft.server.rpc.first-election.timeout.max = 5200ms (fallback to raft.server.rpc.timeout.max)
2023-02-28 04:32:25,255 [Command processor thread] INFO  ratis.XceiverServerRatis (XceiverServerRatis.java:addGroup(807)) - Created group PipelineID=decc78ee-b028-4db4-b35b-16b54c0a1844
2023-02-28 04:32:25,255 [Command processor thread] INFO  commandhandler.CreatePipelineCommandHandler (CreatePipelineCommandHandler.java:handle(113)) - Created Pipeline RATIS ONE PipelineID=decc78ee-b028-4db4-b35b-16b54c0a1844.
2023-02-28 04:32:25,607 [Command processor thread] INFO  server.RaftServer (RaftServerProxy.java:addNew(96)) - ef2d612f-7c32-4639-b0f9-22a0544f56e6: addNew group-4707E66DC214:[ef2d612f-7c32-4639-b0f9-22a0544f56e6|rpc:10.1.0.42:37423|dataStream:10.1.0.42:34035|priority:1|startupRole:FOLLOWER] returns group-4707E66DC214:java.util.concurrent.CompletableFuture@1598680d[Not completed]
2023-02-28 04:32:25,608 [pool-171-thread-1] INFO  server.RaftServer$Division (RaftServerImpl.java:<init>(195)) - ef2d612f-7c32-4639-b0f9-22a0544f56e6: new RaftServerImpl for group-4707E66DC214:[ef2d612f-7c32-4639-b0f9-22a0544f56e6|rpc:10.1.0.42:37423|dataStream:10.1.0.42:34035|priority:1|startupRole:FOLLOWER] with ContainerStateMachine:uninitialized
2023-02-28 04:32:25,608 [pool-171-thread-1] INFO  server.RaftServerConfigKeys (ConfUtils.java:logGet(46)) - raft.server.rpc.timeout.min = 5s (custom)
2023-02-28 04:32:25,608 [pool-171-thread-1] INFO  server.RaftServerConfigKeys (ConfUtils.java:logGet(46)) - raft.server.rpc.timeout.max = 5200ms (custom)
2023-02-28 04:32:25,608 [pool-171-thread-1] INFO  server.RaftServerConfigKeys (ConfUtils.java:logGet(46)) - raft.server.rpc.sleep.time = 25ms (default)
2023-02-28 04:32:25,608 [pool-171-thread-1] INFO  server.RaftServerConfigKeys (ConfUtils.java:logGet(46)) - raft.server.rpc.slowness.timeout = 300s (custom)
2023-02-28 04:32:25,608 [pool-171-thread-1] INFO  server.RaftServerConfigKeys (ConfUtils.java:logGet(46)) - raft.server.leaderelection.leader.step-down.wait-time = 10s (default)
2023-02-28 04:32:25,608 [pool-171-thread-1] INFO  server.RaftServerConfigKeys (ConfUtils.java:logGet(46)) - raft.server.sleep.deviation.threshold = 300ms (default)
2023-02-28 04:32:25,609 [pool-171-thread-1] INFO  server.RaftServer$Division (ServerState.java:<init>(118)) - ef2d612f-7c32-4639-b0f9-22a0544f56e6@group-4707E66DC214: ConfigurationManager, init=-1: peers:[ef2d612f-7c32-4639-b0f9-22a0544f56e6|rpc:10.1.0.42:37423|dataStream:10.1.0.42:34035|priority:1|startupRole:FOLLOWER]|listeners:[], old=null, confs=<EMPTY_MAP>
2023-02-28 04:32:25,609 [pool-171-thread-1] INFO  server.RaftServerConfigKeys (ConfUtils.java:logGet(46)) - raft.server.storage.dir = [/home/runner/work/ozone/ozone/hadoop-ozone/integration-test/target/test-dir/MiniOzoneClusterImpl-f9e21395-1bcf-40d4-8edb-6f91c23aa5c2/datanode-2/data/ratis] (custom)
2023-02-28 04:32:25,609 [pool-171-thread-1] INFO  server.RaftServerConfigKeys (ConfUtils.java:logGet(46)) - raft.server.log.corruption.policy = EXCEPTION (default)
2023-02-28 04:32:25,609 [pool-171-thread-1] INFO  server.RaftServerConfigKeys (ConfUtils.java:logGet(46)) - raft.server.storage.free-space.min = 0MB (=0) (default)
2023-02-28 04:32:25,609 [pool-171-thread-1] INFO  server.RaftServerConfigKeys (ConfUtils.java:logGet(46)) - raft.server.notification.no-leader.timeout = 300s (custom)
2023-02-28 04:32:25,609 [pool-171-thread-1] INFO  server.RaftServerConfigKeys (ConfUtils.java:logGet(46)) - raft.server.retrycache.expirytime = 600000ms (custom)
2023-02-28 04:32:25,609 [pool-171-thread-1] INFO  server.RaftServerConfigKeys (ConfUtils.java:logGet(46)) - raft.server.retrycache.statistics.expirytime = 100μs (default)
2023-02-28 04:32:25,609 [Listener at 127.0.0.1/43975] INFO  ozone.MiniOzoneClusterImpl (MiniOzoneClusterImpl.java:lambda$waitForClusterToBeReady$0(218)) - Nodes are ready. Got 3 of 3 DN Heartbeats.
2023-02-28 04:32:25,610 [Listener at 127.0.0.1/43975] INFO  ozone.MiniOzoneClusterImpl (MiniOzoneClusterImpl.java:lambda$waitForClusterToBeReady$0(221)) - Waiting for cluster to exit safe mode
2023-02-28 04:32:25,610 [Listener at 127.0.0.1/43975] INFO  ozone.MiniOzoneClusterImpl (MiniOzoneClusterImpl.java:lambda$waitForClusterToBeReady$0(223)) - SCM became leader
2023-02-28 04:32:25,610 [pool-171-thread-1] INFO  server.RaftServerConfigKeys (ConfUtils.java:logGet(46)) - raft.server.log.appender.install.snapshot.enabled = false (custom)
2023-02-28 04:32:25,610 [pool-171-thread-1] INFO  server.RaftServerConfigKeys (ConfUtils.java:logGet(46)) - raft.server.threadpool.server.cached = true (default)
2023-02-28 04:32:25,610 [pool-171-thread-1] INFO  server.RaftServerConfigKeys (ConfUtils.java:logGet(46)) - raft.server.threadpool.server.size = 0 (default)
2023-02-28 04:32:25,610 [pool-171-thread-1] INFO  server.RaftServerConfigKeys (ConfUtils.java:logGet(46)) - raft.server.threadpool.client.cached = true (default)
2023-02-28 04:32:25,610 [pool-171-thread-1] INFO  server.RaftServerConfigKeys (ConfUtils.java:logGet(46)) - raft.server.threadpool.client.size = 0 (default)
2023-02-28 04:32:25,610 [pool-171-thread-1] INFO  storage.RaftStorageDirectory (RaftStorageDirectoryImpl.java:analyzeStorage(137)) - The storage directory /home/runner/work/ozone/ozone/hadoop-ozone/integration-test/target/test-dir/MiniOzoneClusterImpl-f9e21395-1bcf-40d4-8edb-6f91c23aa5c2/datanode-2/data/ratis/661bc918-6399-4a3f-b0ce-4707e66dc214 does not exist. Creating ...
2023-02-28 04:32:25,612 [pool-171-thread-1] INFO  storage.RaftStorageDirectory (RaftStorageDirectoryImpl.java:tryLock(231)) - Lock on /home/runner/work/ozone/ozone/hadoop-ozone/integration-test/target/test-dir/MiniOzoneClusterImpl-f9e21395-1bcf-40d4-8edb-6f91c23aa5c2/datanode-2/data/ratis/661bc918-6399-4a3f-b0ce-4707e66dc214/in_use.lock acquired by nodename 61299@fv-az467-141
2023-02-28 04:32:25,613 [pool-171-thread-1] INFO  storage.RaftStorage (RaftStorageImpl.java:format(96)) - Storage directory /home/runner/work/ozone/ozone/hadoop-ozone/integration-test/target/test-dir/MiniOzoneClusterImpl-f9e21395-1bcf-40d4-8edb-6f91c23aa5c2/datanode-2/data/ratis/661bc918-6399-4a3f-b0ce-4707e66dc214 has been successfully formatted.
2023-02-28 04:32:25,618 [EventQueue-PipelineReportForPipelineReportHandler] INFO  pipeline.PipelineManagerImpl (PipelineManagerImpl.java:openPipeline(367)) - Pipeline Pipeline[ Id: 661bc918-6399-4a3f-b0ce-4707e66dc214, Nodes: ef2d612f-7c32-4639-b0f9-22a0544f56e6(fv-az467-141/10.1.0.42), ReplicationConfig: RATIS/ONE, State:ALLOCATED, leaderId:ef2d612f-7c32-4639-b0f9-22a0544f56e6, CreationTimestamp2023-02-28T04:32:22.610Z[Etc/UTC]] moved to OPEN state
2023-02-28 04:32:25,618 [pool-171-thread-1] INFO  ratis.ContainerStateMachine (ContainerStateMachine.java:loadSnapshot(240)) - group-4707E66DC214: The snapshot info is null. Setting the last applied indexto:(t:0, i:~)
2023-02-28 04:32:25,618 [pool-171-thread-1] INFO  server.RaftServerConfigKeys (ConfUtils.java:logGet(46)) - raft.server.log.use.memory = false (default)
2023-02-28 04:32:25,618 [pool-171-thread-1] INFO  server.RaftServerConfigKeys (ConfUtils.java:logGet(46)) - raft.server.log.purge.gap = 1000000 (custom)
2023-02-28 04:32:25,618 [pool-171-thread-1] INFO  server.RaftServerConfigKeys (ConfUtils.java:logGet(46)) - raft.server.log.appender.buffer.byte-limit = 33554432 (custom)
2023-02-28 04:32:25,618 [pool-171-thread-1] INFO  server.RaftServerConfigKeys (ConfUtils.java:logGet(46)) - raft.server.log.statemachine.data.read.timeout = 1000ms (default)
2023-02-28 04:32:25,618 [pool-171-thread-1] INFO  server.RaftServerConfigKeys (ConfUtils.java:logGet(46)) - raft.server.log.purge.preservation.log.num = 0 (default)
2023-02-28 04:32:25,618 [EventQueue-OpenPipelineForHealthyPipelineSafeModeRule] INFO  safemode.SCMSafeModeManager (HealthyPipelineSafeModeRule.java:process(137)) - SCM in safe mode. Healthy pipelines reported count is 0, required healthy pipeline reported count is 1
2023-02-28 04:32:25,619 [pool-171-thread-1] INFO  server.RaftServerConfigKeys (ConfUtils.java:logGet(46)) - raft.server.log.segment.size.max = 1048576 (custom)
2023-02-28 04:32:25,619 [pool-171-thread-1] INFO  server.RaftServerConfigKeys (ConfUtils.java:logGet(46)) - raft.server.log.segment.cache.num.max = 2 (custom)
2023-02-28 04:32:25,619 [pool-171-thread-1] INFO  server.RaftServerConfigKeys (ConfUtils.java:logGet(46)) - raft.server.log.segment.cache.size.max = 200MB (=209715200) (default)
2023-02-28 04:32:25,619 [pool-171-thread-1] INFO  segmented.SegmentedRaftLogWorker (SegmentedRaftLogWorker.java:<init>(189)) - new ef2d612f-7c32-4639-b0f9-22a0544f56e6@group-4707E66DC214-SegmentedRaftLogWorker for RaftStorageImpl:Storage Directory /home/runner/work/ozone/ozone/hadoop-ozone/integration-test/target/test-dir/MiniOzoneClusterImpl-f9e21395-1bcf-40d4-8edb-6f91c23aa5c2/datanode-2/data/ratis/661bc918-6399-4a3f-b0ce-4707e66dc214
2023-02-28 04:32:25,619 [pool-171-thread-1] INFO  server.RaftServerConfigKeys (ConfUtils.java:logGet(46)) - raft.server.log.queue.byte-limit = 4294967296 (custom)
2023-02-28 04:32:25,619 [pool-171-thread-1] INFO  server.RaftServerConfigKeys (ConfUtils.java:logGet(46)) - raft.server.log.queue.element-limit = 1024 (custom)
2023-02-28 04:32:25,619 [pool-171-thread-1] INFO  server.RaftServerConfigKeys (ConfUtils.java:logGet(46)) - raft.server.log.segment.size.max = 1048576 (custom)
2023-02-28 04:32:25,619 [pool-171-thread-1] INFO  server.RaftServerConfigKeys (ConfUtils.java:logGet(46)) - raft.server.log.preallocated.size = 16384 (custom)
2023-02-28 04:32:25,619 [pool-171-thread-1] INFO  server.RaftServerConfigKeys (ConfUtils.java:logGet(46)) - raft.server.log.force.sync.num = 128 (default)
2023-02-28 04:32:25,619 [pool-171-thread-1] INFO  server.RaftServerConfigKeys (ConfUtils.java:logGet(46)) - raft.server.log.statemachine.data.sync = true (default)
2023-02-28 04:32:25,619 [pool-171-thread-1] INFO  server.RaftServerConfigKeys (ConfUtils.java:logGet(46)) - raft.server.log.statemachine.data.sync.timeout = 10s (default)
2023-02-28 04:32:25,619 [pool-171-thread-1] INFO  server.RaftServerConfigKeys (ConfUtils.java:logGet(46)) - raft.server.log.statemachine.data.sync.timeout.retry = -1 (default)
2023-02-28 04:32:25,620 [pool-171-thread-1] INFO  server.RaftServerConfigKeys (ConfUtils.java:logGet(46)) - raft.server.log.write.buffer.size = 1048576 (custom)
2023-02-28 04:32:25,622 [pool-171-thread-1] INFO  server.RaftServerConfigKeys (ConfUtils.java:logGet(46)) - raft.server.log.appender.buffer.byte-limit = 33554432 (custom)
2023-02-28 04:32:25,897 [JvmPauseMonitor5] WARN  util.JvmPauseMonitor (JvmPauseMonitor.java:detectPause(126)) - JvmPauseMonitor-ef2d612f-7c32-4639-b0f9-22a0544f56e6: Detected pause in JVM or host machine (eg GC): pause of approximately 246801336ns.
GC pool 'PS MarkSweep' had collection(s): count=1 time=198ms
GC pool 'PS Scavenge' had collection(s): count=1 time=71ms
2023-02-28 04:32:25,897 [JvmPauseMonitor0] WARN  util.JvmPauseMonitor (JvmPauseMonitor.java:detectPause(126)) - JvmPauseMonitor-omNode-1: Detected pause in JVM or host machine (eg GC): pause of approximately 267093543ns.
GC pool 'PS MarkSweep' had collection(s): count=1 time=198ms
GC pool 'PS Scavenge' had collection(s): count=1 time=71ms
2023-02-28 04:32:25,901 [JvmPauseMonitor4] WARN  util.JvmPauseMonitor (JvmPauseMonitor.java:detectPause(126)) - JvmPauseMonitor-be78be15-616a-41d9-9b13-64e624dde3ac: Detected pause in JVM or host machine (eg GC): pause of approximately 118587996ns.
GC pool 'PS MarkSweep' had collection(s): count=1 time=198ms
GC pool 'PS Scavenge' had collection(s): count=1 time=71ms
2023-02-28 04:32:25,901 [pool-171-thread-1] INFO  server.RaftServerConfigKeys (ConfUtils.java:logGet(46)) - raft.server.log.unsafe-flush.enabled = false (default)
2023-02-28 04:32:25,901 [pool-171-thread-1] INFO  server.RaftServerConfigKeys (ConfUtils.java:logGet(46)) - raft.server.log.async-flush.enabled = false (default)
2023-02-28 04:32:25,902 [pool-171-thread-1] INFO  server.RaftServerConfigKeys (ConfUtils.java:logGet(46)) - raft.server.log.statemachine.data.caching.enabled = true (custom)
2023-02-28 04:32:25,902 [pool-171-thread-1] INFO  segmented.SegmentedRaftLogWorker (SegmentedRaftLogWorker.java:lambda$new$0(135)) - ef2d612f-7c32-4639-b0f9-22a0544f56e6@group-4707E66DC214-SegmentedRaftLogWorker: flushIndex: setUnconditionally 0 -> -1
2023-02-28 04:32:25,902 [pool-171-thread-1] INFO  segmented.SegmentedRaftLogWorker (SegmentedRaftLogWorker.java:lambda$new$0(135)) - ef2d612f-7c32-4639-b0f9-22a0544f56e6@group-4707E66DC214-SegmentedRaftLogWorker: safeCacheEvictIndex: setUnconditionally 0 -> -1
2023-02-28 04:32:25,902 [pool-171-thread-1] INFO  server.RaftServer$Division (RaftServerImpl.java:start(334)) - ef2d612f-7c32-4639-b0f9-22a0544f56e6@group-4707E66DC214: start as a follower, conf=-1: peers:[ef2d612f-7c32-4639-b0f9-22a0544f56e6|rpc:10.1.0.42:37423|dataStream:10.1.0.42:34035|priority:1|startupRole:FOLLOWER]|listeners:[], old=null
2023-02-28 04:32:25,902 [pool-171-thread-1] INFO  server.RaftServer$Division (RaftServerImpl.java:setRole(321)) - ef2d612f-7c32-4639-b0f9-22a0544f56e6@group-4707E66DC214: changes role from      null to FOLLOWER at term 0 for startAsFollower
2023-02-28 04:32:25,902 [pool-171-thread-1] INFO  impl.RoleInfo (RoleInfo.java:updateAndGet(139)) - ef2d612f-7c32-4639-b0f9-22a0544f56e6: start ef2d612f-7c32-4639-b0f9-22a0544f56e6@group-4707E66DC214-FollowerState
2023-02-28 04:32:25,902 [pool-171-thread-1] INFO  util.JmxRegister (JmxRegister.java:tryRegister(44)) - Successfully registered JMX Bean with object name Ratis:service=RaftServer,group=group-4707E66DC214,id=ef2d612f-7c32-4639-b0f9-22a0544f56e6
2023-02-28 04:32:25,902 [pool-171-thread-1] INFO  server.RaftServerConfigKeys (ConfUtils.java:logGet(46)) - raft.server.snapshot.auto.trigger.enabled = true (custom)
2023-02-28 04:32:25,903 [pool-171-thread-1] INFO  server.RaftServerConfigKeys (ConfUtils.java:logGet(46)) - raft.server.snapshot.auto.trigger.threshold = 10000 (custom)
2023-02-28 04:32:25,903 [pool-171-thread-1] INFO  server.RaftServerConfigKeys (ConfUtils.java:logGet(46)) - raft.server.snapshot.retention.file.num = 5 (custom)
2023-02-28 04:32:25,903 [pool-171-thread-1] INFO  server.RaftServerConfigKeys (ConfUtils.java:logGet(46)) - raft.server.log.purge.upto.snapshot.index = false (default)
2023-02-28 04:32:25,904 [Command processor thread] INFO  ratis.XceiverServerRatis (XceiverServerRatis.java:addGroup(807)) - Created group PipelineID=661bc918-6399-4a3f-b0ce-4707e66dc214
2023-02-28 04:32:25,904 [ef2d612f-7c32-4639-b0f9-22a0544f56e6@group-4707E66DC214-FollowerState] INFO  server.RaftServerConfigKeys (ConfUtils.java:logFallback(53)) - raft.server.rpc.first-election.timeout.min = 5s (fallback to raft.server.rpc.timeout.min)
2023-02-28 04:32:25,905 [ef2d612f-7c32-4639-b0f9-22a0544f56e6@group-4707E66DC214-FollowerState] INFO  server.RaftServerConfigKeys (ConfUtils.java:logFallback(53)) - raft.server.rpc.first-election.timeout.max = 5200ms (fallback to raft.server.rpc.timeout.max)
2023-02-28 04:32:25,904 [Command processor thread] INFO  commandhandler.CreatePipelineCommandHandler (CreatePipelineCommandHandler.java:handle(113)) - Created Pipeline RATIS ONE PipelineID=661bc918-6399-4a3f-b0ce-4707e66dc214.
2023-02-28 04:32:26,610 [Listener at 127.0.0.1/43975] INFO  ozone.MiniOzoneClusterImpl (MiniOzoneClusterImpl.java:lambda$waitForClusterToBeReady$0(218)) - Nodes are ready. Got 3 of 3 DN Heartbeats.
2023-02-28 04:32:26,610 [Listener at 127.0.0.1/43975] INFO  ozone.MiniOzoneClusterImpl (MiniOzoneClusterImpl.java:lambda$waitForClusterToBeReady$0(221)) - Waiting for cluster to exit safe mode
2023-02-28 04:32:26,610 [Listener at 127.0.0.1/43975] INFO  ozone.MiniOzoneClusterImpl (MiniOzoneClusterImpl.java:lambda$waitForClusterToBeReady$0(223)) - SCM became leader
2023-02-28 04:32:27,610 [Listener at 127.0.0.1/43975] INFO  ozone.MiniOzoneClusterImpl (MiniOzoneClusterImpl.java:lambda$waitForClusterToBeReady$0(218)) - Nodes are ready. Got 3 of 3 DN Heartbeats.
2023-02-28 04:32:27,611 [Listener at 127.0.0.1/43975] INFO  ozone.MiniOzoneClusterImpl (MiniOzoneClusterImpl.java:lambda$waitForClusterToBeReady$0(221)) - Waiting for cluster to exit safe mode
2023-02-28 04:32:27,611 [Listener at 127.0.0.1/43975] INFO  ozone.MiniOzoneClusterImpl (MiniOzoneClusterImpl.java:lambda$waitForClusterToBeReady$0(223)) - SCM became leader
2023-02-28 04:32:28,611 [Listener at 127.0.0.1/43975] INFO  ozone.MiniOzoneClusterImpl (MiniOzoneClusterImpl.java:lambda$waitForClusterToBeReady$0(218)) - Nodes are ready. Got 3 of 3 DN Heartbeats.
2023-02-28 04:32:28,611 [Listener at 127.0.0.1/43975] INFO  ozone.MiniOzoneClusterImpl (MiniOzoneClusterImpl.java:lambda$waitForClusterToBeReady$0(221)) - Waiting for cluster to exit safe mode
2023-02-28 04:32:28,611 [Listener at 127.0.0.1/43975] INFO  ozone.MiniOzoneClusterImpl (MiniOzoneClusterImpl.java:lambda$waitForClusterToBeReady$0(223)) - SCM became leader
2023-02-28 04:32:29,611 [Listener at 127.0.0.1/43975] INFO  ozone.MiniOzoneClusterImpl (MiniOzoneClusterImpl.java:lambda$waitForClusterToBeReady$0(218)) - Nodes are ready. Got 3 of 3 DN Heartbeats.
2023-02-28 04:32:29,612 [Listener at 127.0.0.1/43975] INFO  ozone.MiniOzoneClusterImpl (MiniOzoneClusterImpl.java:lambda$waitForClusterToBeReady$0(221)) - Waiting for cluster to exit safe mode
2023-02-28 04:32:29,612 [Listener at 127.0.0.1/43975] INFO  ozone.MiniOzoneClusterImpl (MiniOzoneClusterImpl.java:lambda$waitForClusterToBeReady$0(223)) - SCM became leader
2023-02-28 04:32:29,883 [f3c0879f-2b51-472f-a21d-9b1dd65624d4@group-5F0961318548-FollowerState] INFO  impl.FollowerState (FollowerState.java:run(143)) - f3c0879f-2b51-472f-a21d-9b1dd65624d4@group-5F0961318548-FollowerState: change to CANDIDATE, lastRpcElapsedTime:5016159588ns, electionTimeout:5002ms
2023-02-28 04:32:29,883 [f3c0879f-2b51-472f-a21d-9b1dd65624d4@group-5F0961318548-FollowerState] INFO  impl.RoleInfo (RoleInfo.java:shutdownFollowerState(110)) - f3c0879f-2b51-472f-a21d-9b1dd65624d4: shutdown f3c0879f-2b51-472f-a21d-9b1dd65624d4@group-5F0961318548-FollowerState
2023-02-28 04:32:29,883 [f3c0879f-2b51-472f-a21d-9b1dd65624d4@group-5F0961318548-FollowerState] INFO  server.RaftServer$Division (RaftServerImpl.java:setRole(321)) - f3c0879f-2b51-472f-a21d-9b1dd65624d4@group-5F0961318548: changes role from  FOLLOWER to CANDIDATE at term 0 for changeToCandidate
2023-02-28 04:32:29,884 [f3c0879f-2b51-472f-a21d-9b1dd65624d4@group-5F0961318548-FollowerState] INFO  server.RaftServerConfigKeys (ConfUtils.java:logGet(46)) - raft.server.leaderelection.pre-vote = true (default)
2023-02-28 04:32:29,884 [f3c0879f-2b51-472f-a21d-9b1dd65624d4@group-5F0961318548-FollowerState] INFO  impl.RoleInfo (RoleInfo.java:updateAndGet(139)) - f3c0879f-2b51-472f-a21d-9b1dd65624d4: start f3c0879f-2b51-472f-a21d-9b1dd65624d4@group-5F0961318548-LeaderElection2
2023-02-28 04:32:29,886 [f3c0879f-2b51-472f-a21d-9b1dd65624d4@group-5F0961318548-LeaderElection2] INFO  impl.LeaderElection (LeaderElection.java:askForVotes(312)) - f3c0879f-2b51-472f-a21d-9b1dd65624d4@group-5F0961318548-LeaderElection2 PRE_VOTE round 0: submit vote requests at term 0 for -1: peers:[be78be15-616a-41d9-9b13-64e624dde3ac|rpc:10.1.0.42:38523|dataStream:10.1.0.42:43621|priority:0|startupRole:FOLLOWER, f3c0879f-2b51-472f-a21d-9b1dd65624d4|rpc:10.1.0.42:43637|dataStream:10.1.0.42:39167|priority:1|startupRole:FOLLOWER, ef2d612f-7c32-4639-b0f9-22a0544f56e6|rpc:10.1.0.42:37423|dataStream:10.1.0.42:34035|priority:0|startupRole:FOLLOWER]|listeners:[], old=null
2023-02-28 04:32:29,887 [f3c0879f-2b51-472f-a21d-9b1dd65624d4@group-5F0961318548-LeaderElection2-1] INFO  server.GrpcServerProtocolClient (GrpcServerProtocolClient.java:<init>(63)) - Build channel for be78be15-616a-41d9-9b13-64e624dde3ac
2023-02-28 04:32:29,889 [f3c0879f-2b51-472f-a21d-9b1dd65624d4@group-5F0961318548-LeaderElection2] INFO  server.RaftServerConfigKeys (ConfUtils.java:logFallback(53)) - raft.server.rpc.first-election.timeout.min = 5s (fallback to raft.server.rpc.timeout.min)
2023-02-28 04:32:29,893 [f3c0879f-2b51-472f-a21d-9b1dd65624d4@group-5F0961318548-LeaderElection2] INFO  server.RaftServerConfigKeys (ConfUtils.java:logFallback(53)) - raft.server.rpc.first-election.timeout.max = 5200ms (fallback to raft.server.rpc.timeout.max)
2023-02-28 04:32:29,893 [f3c0879f-2b51-472f-a21d-9b1dd65624d4@group-5F0961318548-LeaderElection2-2] INFO  server.GrpcServerProtocolClient (GrpcServerProtocolClient.java:<init>(63)) - Build channel for ef2d612f-7c32-4639-b0f9-22a0544f56e6
2023-02-28 04:32:29,901 [grpc-default-executor-2] INFO  server.RaftServer$Division (RaftServerImpl.java:requestVote(1218)) - be78be15-616a-41d9-9b13-64e624dde3ac@group-5F0961318548: receive requestVote(PRE_VOTE, f3c0879f-2b51-472f-a21d-9b1dd65624d4, group-5F0961318548, 0, (t:0, i:0))
2023-02-28 04:32:29,901 [grpc-default-executor-2] INFO  impl.VoteContext (VoteContext.java:log(49)) - be78be15-616a-41d9-9b13-64e624dde3ac@group-5F0961318548-FOLLOWER: accept PRE_VOTE from f3c0879f-2b51-472f-a21d-9b1dd65624d4: our priority 0 <= candidate's priority 1
2023-02-28 04:32:29,901 [grpc-default-executor-2] INFO  server.RaftServer$Division (RaftServerImpl.java:requestVote(1251)) - be78be15-616a-41d9-9b13-64e624dde3ac@group-5F0961318548 replies to PRE_VOTE vote request: f3c0879f-2b51-472f-a21d-9b1dd65624d4<-be78be15-616a-41d9-9b13-64e624dde3ac#0:OK-t0. Peer's state: be78be15-616a-41d9-9b13-64e624dde3ac@group-5F0961318548:t0, leader=null, voted=, raftlog=Memoized:be78be15-616a-41d9-9b13-64e624dde3ac@group-5F0961318548-SegmentedRaftLog:OPENED:c-1, conf=-1: peers:[be78be15-616a-41d9-9b13-64e624dde3ac|rpc:10.1.0.42:38523|dataStream:10.1.0.42:43621|priority:0|startupRole:FOLLOWER, f3c0879f-2b51-472f-a21d-9b1dd65624d4|rpc:10.1.0.42:43637|dataStream:10.1.0.42:39167|priority:1|startupRole:FOLLOWER, ef2d612f-7c32-4639-b0f9-22a0544f56e6|rpc:10.1.0.42:37423|dataStream:10.1.0.42:34035|priority:0|startupRole:FOLLOWER]|listeners:[], old=null
2023-02-28 04:32:29,903 [f3c0879f-2b51-472f-a21d-9b1dd65624d4@group-5F0961318548-LeaderElection2] INFO  impl.LeaderElection (LeaderElection.java:logAndReturn(90)) - f3c0879f-2b51-472f-a21d-9b1dd65624d4@group-5F0961318548-LeaderElection2: PRE_VOTE PASSED received 1 response(s) and 0 exception(s):
2023-02-28 04:32:29,903 [f3c0879f-2b51-472f-a21d-9b1dd65624d4@group-5F0961318548-LeaderElection2] INFO  impl.LeaderElection (LeaderElection.java:logAndReturn(94)) -   Response 0: f3c0879f-2b51-472f-a21d-9b1dd65624d4<-be78be15-616a-41d9-9b13-64e624dde3ac#0:OK-t0
2023-02-28 04:32:29,903 [f3c0879f-2b51-472f-a21d-9b1dd65624d4@group-5F0961318548-LeaderElection2] INFO  impl.LeaderElection (LeaderElection.java:askForVotes(314)) - f3c0879f-2b51-472f-a21d-9b1dd65624d4@group-5F0961318548-LeaderElection2 PRE_VOTE round 0: result PASSED
2023-02-28 04:32:29,905 [f3c0879f-2b51-472f-a21d-9b1dd65624d4@group-5F0961318548-LeaderElection2] INFO  impl.LeaderElection (LeaderElection.java:askForVotes(312)) - f3c0879f-2b51-472f-a21d-9b1dd65624d4@group-5F0961318548-LeaderElection2 ELECTION round 0: submit vote requests at term 1 for -1: peers:[be78be15-616a-41d9-9b13-64e624dde3ac|rpc:10.1.0.42:38523|dataStream:10.1.0.42:43621|priority:0|startupRole:FOLLOWER, f3c0879f-2b51-472f-a21d-9b1dd65624d4|rpc:10.1.0.42:43637|dataStream:10.1.0.42:39167|priority:1|startupRole:FOLLOWER, ef2d612f-7c32-4639-b0f9-22a0544f56e6|rpc:10.1.0.42:37423|dataStream:10.1.0.42:34035|priority:0|startupRole:FOLLOWER]|listeners:[], old=null
2023-02-28 04:32:29,906 [f3c0879f-2b51-472f-a21d-9b1dd65624d4@group-5F0961318548-LeaderElection2] INFO  server.RaftServerConfigKeys (ConfUtils.java:logFallback(53)) - raft.server.rpc.first-election.timeout.min = 5s (fallback to raft.server.rpc.timeout.min)
2023-02-28 04:32:29,906 [f3c0879f-2b51-472f-a21d-9b1dd65624d4@group-5F0961318548-LeaderElection2] INFO  server.RaftServerConfigKeys (ConfUtils.java:logFallback(53)) - raft.server.rpc.first-election.timeout.max = 5200ms (fallback to raft.server.rpc.timeout.max)
2023-02-28 04:32:29,910 [f3c0879f-2b51-472f-a21d-9b1dd65624d4@group-D369260CDB85-FollowerState] INFO  impl.FollowerState (FollowerState.java:run(143)) - f3c0879f-2b51-472f-a21d-9b1dd65624d4@group-D369260CDB85-FollowerState: change to CANDIDATE, lastRpcElapsedTime:5084598609ns, electionTimeout:5080ms
2023-02-28 04:32:29,911 [f3c0879f-2b51-472f-a21d-9b1dd65624d4@group-D369260CDB85-FollowerState] INFO  impl.RoleInfo (RoleInfo.java:shutdownFollowerState(110)) - f3c0879f-2b51-472f-a21d-9b1dd65624d4: shutdown f3c0879f-2b51-472f-a21d-9b1dd65624d4@group-D369260CDB85-FollowerState
2023-02-28 04:32:29,911 [f3c0879f-2b51-472f-a21d-9b1dd65624d4@group-D369260CDB85-FollowerState] INFO  server.RaftServer$Division (RaftServerImpl.java:setRole(321)) - f3c0879f-2b51-472f-a21d-9b1dd65624d4@group-D369260CDB85: changes role from  FOLLOWER to CANDIDATE at term 0 for changeToCandidate
2023-02-28 04:32:29,911 [grpc-default-executor-2] INFO  server.RaftServer$Division (RaftServerImpl.java:requestVote(1218)) - be78be15-616a-41d9-9b13-64e624dde3ac@group-5F0961318548: receive requestVote(ELECTION, f3c0879f-2b51-472f-a21d-9b1dd65624d4, group-5F0961318548, 1, (t:0, i:0))
2023-02-28 04:32:29,912 [grpc-default-executor-2] INFO  impl.VoteContext (VoteContext.java:log(49)) - be78be15-616a-41d9-9b13-64e624dde3ac@group-5F0961318548-FOLLOWER: accept ELECTION from f3c0879f-2b51-472f-a21d-9b1dd65624d4: our priority 0 <= candidate's priority 1
2023-02-28 04:32:29,912 [grpc-default-executor-2] INFO  server.RaftServer$Division (RaftServerImpl.java:setRole(321)) - be78be15-616a-41d9-9b13-64e624dde3ac@group-5F0961318548: changes role from  FOLLOWER to FOLLOWER at term 1 for candidate:f3c0879f-2b51-472f-a21d-9b1dd65624d4
2023-02-28 04:32:29,912 [grpc-default-executor-2] INFO  impl.RoleInfo (RoleInfo.java:shutdownFollowerState(110)) - be78be15-616a-41d9-9b13-64e624dde3ac: shutdown be78be15-616a-41d9-9b13-64e624dde3ac@group-5F0961318548-FollowerState
2023-02-28 04:32:29,912 [be78be15-616a-41d9-9b13-64e624dde3ac@group-5F0961318548-FollowerState] INFO  impl.FollowerState (FollowerState.java:run(152)) - be78be15-616a-41d9-9b13-64e624dde3ac@group-5F0961318548-FollowerState was interrupted
2023-02-28 04:32:29,913 [grpc-default-executor-2] INFO  impl.RoleInfo (RoleInfo.java:updateAndGet(139)) - be78be15-616a-41d9-9b13-64e624dde3ac: start be78be15-616a-41d9-9b13-64e624dde3ac@group-5F0961318548-FollowerState
2023-02-28 04:32:29,913 [f3c0879f-2b51-472f-a21d-9b1dd65624d4@group-D369260CDB85-FollowerState] INFO  server.RaftServerConfigKeys (ConfUtils.java:logGet(46)) - raft.server.leaderelection.pre-vote = true (default)
2023-02-28 04:32:29,914 [f3c0879f-2b51-472f-a21d-9b1dd65624d4@group-D369260CDB85-FollowerState] INFO  impl.RoleInfo (RoleInfo.java:updateAndGet(139)) - f3c0879f-2b51-472f-a21d-9b1dd65624d4: start f3c0879f-2b51-472f-a21d-9b1dd65624d4@group-D369260CDB85-LeaderElection3
2023-02-28 04:32:29,922 [grpc-default-executor-2] INFO  server.RaftServer$Division (RaftServerImpl.java:requestVote(1251)) - be78be15-616a-41d9-9b13-64e624dde3ac@group-5F0961318548 replies to ELECTION vote request: f3c0879f-2b51-472f-a21d-9b1dd65624d4<-be78be15-616a-41d9-9b13-64e624dde3ac#0:OK-t1. Peer's state: be78be15-616a-41d9-9b13-64e624dde3ac@group-5F0961318548:t1, leader=null, voted=f3c0879f-2b51-472f-a21d-9b1dd65624d4, raftlog=Memoized:be78be15-616a-41d9-9b13-64e624dde3ac@group-5F0961318548-SegmentedRaftLog:OPENED:c-1, conf=-1: peers:[be78be15-616a-41d9-9b13-64e624dde3ac|rpc:10.1.0.42:38523|dataStream:10.1.0.42:43621|priority:0|startupRole:FOLLOWER, f3c0879f-2b51-472f-a21d-9b1dd65624d4|rpc:10.1.0.42:43637|dataStream:10.1.0.42:39167|priority:1|startupRole:FOLLOWER, ef2d612f-7c32-4639-b0f9-22a0544f56e6|rpc:10.1.0.42:37423|dataStream:10.1.0.42:34035|priority:0|startupRole:FOLLOWER]|listeners:[], old=null
2023-02-28 04:32:29,923 [be78be15-616a-41d9-9b13-64e624dde3ac@group-5F0961318548-FollowerState] INFO  server.RaftServerConfigKeys (ConfUtils.java:logFallback(53)) - raft.server.rpc.first-election.timeout.min = 5s (fallback to raft.server.rpc.timeout.min)
2023-02-28 04:32:29,923 [be78be15-616a-41d9-9b13-64e624dde3ac@group-5F0961318548-FollowerState] INFO  server.RaftServerConfigKeys (ConfUtils.java:logFallback(53)) - raft.server.rpc.first-election.timeout.max = 5200ms (fallback to raft.server.rpc.timeout.max)
2023-02-28 04:32:29,924 [grpc-default-executor-0] INFO  server.RaftServer$Division (RaftServerImpl.java:requestVote(1218)) - ef2d612f-7c32-4639-b0f9-22a0544f56e6@group-5F0961318548: receive requestVote(PRE_VOTE, f3c0879f-2b51-472f-a21d-9b1dd65624d4, group-5F0961318548, 0, (t:0, i:0))
2023-02-28 04:32:29,924 [grpc-default-executor-2] INFO  server.RaftServer$Division (RaftServerImpl.java:requestVote(1218)) - ef2d612f-7c32-4639-b0f9-22a0544f56e6@group-5F0961318548: receive requestVote(ELECTION, f3c0879f-2b51-472f-a21d-9b1dd65624d4, group-5F0961318548, 1, (t:0, i:0))
2023-02-28 04:32:29,926 [f3c0879f-2b51-472f-a21d-9b1dd65624d4@group-5F0961318548-LeaderElection2] INFO  impl.LeaderElection (LeaderElection.java:logAndReturn(90)) - f3c0879f-2b51-472f-a21d-9b1dd65624d4@group-5F0961318548-LeaderElection2: ELECTION PASSED received 1 response(s) and 0 exception(s):
2023-02-28 04:32:29,930 [f3c0879f-2b51-472f-a21d-9b1dd65624d4@group-5F0961318548-LeaderElection2] INFO  impl.LeaderElection (LeaderElection.java:logAndReturn(94)) -   Response 0: f3c0879f-2b51-472f-a21d-9b1dd65624d4<-be78be15-616a-41d9-9b13-64e624dde3ac#0:OK-t1
2023-02-28 04:32:29,930 [f3c0879f-2b51-472f-a21d-9b1dd65624d4@group-5F0961318548-LeaderElection2] INFO  impl.LeaderElection (LeaderElection.java:askForVotes(314)) - f3c0879f-2b51-472f-a21d-9b1dd65624d4@group-5F0961318548-LeaderElection2 ELECTION round 0: result PASSED
2023-02-28 04:32:29,930 [f3c0879f-2b51-472f-a21d-9b1dd65624d4@group-5F0961318548-LeaderElection2] INFO  impl.RoleInfo (RoleInfo.java:shutdownLeaderElection(130)) - f3c0879f-2b51-472f-a21d-9b1dd65624d4: shutdown f3c0879f-2b51-472f-a21d-9b1dd65624d4@group-5F0961318548-LeaderElection2
2023-02-28 04:32:29,930 [f3c0879f-2b51-472f-a21d-9b1dd65624d4@group-5F0961318548-LeaderElection2] INFO  server.RaftServer$Division (RaftServerImpl.java:setRole(321)) - f3c0879f-2b51-472f-a21d-9b1dd65624d4@group-5F0961318548: changes role from CANDIDATE to LEADER at term 1 for changeToLeader
2023-02-28 04:32:29,930 [f3c0879f-2b51-472f-a21d-9b1dd65624d4@group-5F0961318548-LeaderElection2] INFO  ratis.XceiverServerRatis (XceiverServerRatis.java:handleLeaderChangedNotification(905)) - Leader change notification received for group: group-5F0961318548 with new leaderId: f3c0879f-2b51-472f-a21d-9b1dd65624d4
2023-02-28 04:32:29,930 [f3c0879f-2b51-472f-a21d-9b1dd65624d4@group-5F0961318548-LeaderElection2] INFO  server.RaftServer$Division (ServerState.java:setLeader(313)) - f3c0879f-2b51-472f-a21d-9b1dd65624d4@group-5F0961318548: change Leader from null to f3c0879f-2b51-472f-a21d-9b1dd65624d4 at term 1 for becomeLeader, leader elected after 5083ms
2023-02-28 04:32:29,930 [f3c0879f-2b51-472f-a21d-9b1dd65624d4@group-5F0961318548-LeaderElection2] INFO  server.RaftServerConfigKeys (ConfUtils.java:logGet(46)) - raft.server.staging.catchup.gap = 1000 (default)
2023-02-28 04:32:29,931 [f3c0879f-2b51-472f-a21d-9b1dd65624d4@group-5F0961318548-LeaderElection2] INFO  server.RaftServerConfigKeys (ConfUtils.java:logGet(46)) - raft.server.write.element-limit = 1024 (custom)
2023-02-28 04:32:29,931 [f3c0879f-2b51-472f-a21d-9b1dd65624d4@group-5F0961318548-LeaderElection2] INFO  server.RaftServerConfigKeys (ConfUtils.java:logGet(46)) - raft.server.write.byte-limit = 1024 M (=1073741824) (custom)
2023-02-28 04:32:29,931 [f3c0879f-2b51-472f-a21d-9b1dd65624d4@group-5F0961318548-LeaderElection2] INFO  server.RaftServerConfigKeys (ConfUtils.java:logGet(46)) - raft.server.watch.timeout = 180s (custom)
2023-02-28 04:32:29,931 [f3c0879f-2b51-472f-a21d-9b1dd65624d4@group-5F0961318548-LeaderElection2] INFO  server.RaftServerConfigKeys (ConfUtils.java:logGet(46)) - raft.server.watch.timeout.denomination = 1s (default)
2023-02-28 04:32:29,931 [f3c0879f-2b51-472f-a21d-9b1dd65624d4@group-5F0961318548-LeaderElection2] INFO  server.RaftServerConfigKeys (ConfUtils.java:logGet(46)) - raft.server.watch.element-limit = 65536 (default)
2023-02-28 04:32:29,931 [f3c0879f-2b51-472f-a21d-9b1dd65624d4@group-5F0961318548-LeaderElection2] INFO  server.RaftServerConfigKeys (ConfUtils.java:logGet(46)) - raft.server.write.element-limit = 1024 (custom)
2023-02-28 04:32:29,931 [f3c0879f-2b51-472f-a21d-9b1dd65624d4@group-5F0961318548-LeaderElection2] INFO  server.RaftServerConfigKeys (ConfUtils.java:logGet(46)) - raft.server.write.follower.gap.ratio.max = -1.0 (default)
2023-02-28 04:32:29,932 [f3c0879f-2b51-472f-a21d-9b1dd65624d4@group-5F0961318548-LeaderElection2] INFO  server.RaftServerConfigKeys (ConfUtils.java:logGet(46)) - raft.server.log.appender.snapshot.chunk.size.max = 16MB (=16777216) (default)
2023-02-28 04:32:29,932 [f3c0879f-2b51-472f-a21d-9b1dd65624d4@group-5F0961318548-LeaderElection2] INFO  server.RaftServerConfigKeys (ConfUtils.java:logGet(46)) - raft.server.log.appender.buffer.byte-limit = 33554432 (custom)
2023-02-28 04:32:29,932 [f3c0879f-2b51-472f-a21d-9b1dd65624d4@group-5F0961318548-LeaderElection2] INFO  server.RaftServerConfigKeys (ConfUtils.java:logGet(46)) - raft.server.log.appender.buffer.element-limit = 1 (custom)
2023-02-28 04:32:29,932 [f3c0879f-2b51-472f-a21d-9b1dd65624d4@group-5F0961318548-LeaderElection2] INFO  grpc.GrpcConfigKeys (ConfUtils.java:logGet(46)) - raft.grpc.server.leader.outstanding.appends.max = 128 (default)
2023-02-28 04:32:29,932 [f3c0879f-2b51-472f-a21d-9b1dd65624d4@group-5F0961318548-LeaderElection2] INFO  server.RaftServerConfigKeys (ConfUtils.java:logGet(46)) - raft.server.rpc.request.timeout = 60s (custom)
2023-02-28 04:32:29,932 [f3c0879f-2b51-472f-a21d-9b1dd65624d4@group-5F0961318548-LeaderElection2] INFO  server.RaftServerConfigKeys (ConfUtils.java:logGet(46)) - raft.server.log.appender.install.snapshot.enabled = false (custom)
2023-02-28 04:32:29,932 [f3c0879f-2b51-472f-a21d-9b1dd65624d4@group-5F0961318548-LeaderElection2] INFO  grpc.GrpcConfigKeys (ConfUtils.java:logGet(46)) - raft.grpc.server.heartbeat.channel = true (default)
2023-02-28 04:32:29,932 [f3c0879f-2b51-472f-a21d-9b1dd65624d4@group-5F0961318548-LeaderElection2] INFO  server.RaftServerConfigKeys (ConfUtils.java:logGet(46)) - raft.server.log.appender.wait-time.min = 10ms (default)
2023-02-28 04:32:29,933 [f3c0879f-2b51-472f-a21d-9b1dd65624d4@group-5F0961318548-LeaderElection2] INFO  server.RaftServerConfigKeys (ConfUtils.java:logGet(46)) - raft.server.log.appender.snapshot.chunk.size.max = 16MB (=16777216) (default)
2023-02-28 04:32:29,933 [f3c0879f-2b51-472f-a21d-9b1dd65624d4@group-5F0961318548-LeaderElection2] INFO  server.RaftServerConfigKeys (ConfUtils.java:logGet(46)) - raft.server.log.appender.buffer.byte-limit = 33554432 (custom)
2023-02-28 04:32:29,933 [f3c0879f-2b51-472f-a21d-9b1dd65624d4@group-5F0961318548-LeaderElection2] INFO  server.RaftServerConfigKeys (ConfUtils.java:logGet(46)) - raft.server.log.appender.buffer.element-limit = 1 (custom)
2023-02-28 04:32:29,933 [f3c0879f-2b51-472f-a21d-9b1dd65624d4@group-5F0961318548-LeaderElection2] INFO  grpc.GrpcConfigKeys (ConfUtils.java:logGet(46)) - raft.grpc.server.leader.outstanding.appends.max = 128 (default)
2023-02-28 04:32:29,925 [grpc-default-executor-0] INFO  impl.VoteContext (VoteContext.java:log(49)) - ef2d612f-7c32-4639-b0f9-22a0544f56e6@group-5F0961318548-FOLLOWER: accept PRE_VOTE from f3c0879f-2b51-472f-a21d-9b1dd65624d4: our priority 0 <= candidate's priority 1
2023-02-28 04:32:29,934 [grpc-default-executor-0] INFO  server.RaftServer$Division (RaftServerImpl.java:requestVote(1251)) - ef2d612f-7c32-4639-b0f9-22a0544f56e6@group-5F0961318548 replies to PRE_VOTE vote request: f3c0879f-2b51-472f-a21d-9b1dd65624d4<-ef2d612f-7c32-4639-b0f9-22a0544f56e6#0:OK-t0. Peer's state: ef2d612f-7c32-4639-b0f9-22a0544f56e6@group-5F0961318548:t0, leader=null, voted=, raftlog=Memoized:ef2d612f-7c32-4639-b0f9-22a0544f56e6@group-5F0961318548-SegmentedRaftLog:OPENED:c-1, conf=-1: peers:[be78be15-616a-41d9-9b13-64e624dde3ac|rpc:10.1.0.42:38523|dataStream:10.1.0.42:43621|priority:0|startupRole:FOLLOWER, f3c0879f-2b51-472f-a21d-9b1dd65624d4|rpc:10.1.0.42:43637|dataStream:10.1.0.42:39167|priority:1|startupRole:FOLLOWER, ef2d612f-7c32-4639-b0f9-22a0544f56e6|rpc:10.1.0.42:37423|dataStream:10.1.0.42:34035|priority:0|startupRole:FOLLOWER]|listeners:[], old=null
2023-02-28 04:32:29,935 [f3c0879f-2b51-472f-a21d-9b1dd65624d4@group-5F0961318548-LeaderElection2] INFO  server.RaftServerConfigKeys (ConfUtils.java:logGet(46)) - raft.server.rpc.request.timeout = 60s (custom)
2023-02-28 04:32:29,935 [f3c0879f-2b51-472f-a21d-9b1dd65624d4@group-5F0961318548-LeaderElection2] INFO  server.RaftServerConfigKeys (ConfUtils.java:logGet(46)) - raft.server.log.appender.install.snapshot.enabled = false (custom)
2023-02-28 04:32:29,935 [f3c0879f-2b51-472f-a21d-9b1dd65624d4@group-5F0961318548-LeaderElection2] INFO  grpc.GrpcConfigKeys (ConfUtils.java:logGet(46)) - raft.grpc.server.heartbeat.channel = true (default)
2023-02-28 04:32:29,935 [f3c0879f-2b51-472f-a21d-9b1dd65624d4@group-5F0961318548-LeaderElection2] INFO  server.RaftServerConfigKeys (ConfUtils.java:logGet(46)) - raft.server.log.appender.wait-time.min = 10ms (default)
2023-02-28 04:32:29,935 [f3c0879f-2b51-472f-a21d-9b1dd65624d4@group-5F0961318548-LeaderElection2] INFO  impl.RoleInfo (RoleInfo.java:updateAndGet(139)) - f3c0879f-2b51-472f-a21d-9b1dd65624d4: start f3c0879f-2b51-472f-a21d-9b1dd65624d4@group-5F0961318548-LeaderStateImpl
2023-02-28 04:32:29,936 [f3c0879f-2b51-472f-a21d-9b1dd65624d4@group-5F0961318548-LeaderElection2] INFO  segmented.SegmentedRaftLogWorker (SegmentedRaftLogWorker.java:startLogSegment(452)) - f3c0879f-2b51-472f-a21d-9b1dd65624d4@group-5F0961318548-SegmentedRaftLogWorker: Starting segment from index:0
2023-02-28 04:32:29,937 [f3c0879f-2b51-472f-a21d-9b1dd65624d4@group-5F0961318548-SegmentedRaftLogWorker] INFO  segmented.SegmentedRaftLogWorker (SegmentedRaftLogWorker.java:execute(656)) - f3c0879f-2b51-472f-a21d-9b1dd65624d4@group-5F0961318548-SegmentedRaftLogWorker: created new log segment /home/runner/work/ozone/ozone/hadoop-ozone/integration-test/target/test-dir/MiniOzoneClusterImpl-f9e21395-1bcf-40d4-8edb-6f91c23aa5c2/datanode-0/data/ratis/0e98ce45-0303-406b-aa09-5f0961318548/current/log_inprogress_0
2023-02-28 04:32:29,950 [f3c0879f-2b51-472f-a21d-9b1dd65624d4@group-5F0961318548-LeaderElection2] INFO  server.RaftServer$Division (ServerState.java:setRaftConf(430)) - f3c0879f-2b51-472f-a21d-9b1dd65624d4@group-5F0961318548: set configuration 0: peers:[be78be15-616a-41d9-9b13-64e624dde3ac|rpc:10.1.0.42:38523|dataStream:10.1.0.42:43621|priority:0|startupRole:FOLLOWER, f3c0879f-2b51-472f-a21d-9b1dd65624d4|rpc:10.1.0.42:43637|dataStream:10.1.0.42:39167|priority:1|startupRole:FOLLOWER, ef2d612f-7c32-4639-b0f9-22a0544f56e6|rpc:10.1.0.42:37423|dataStream:10.1.0.42:34035|priority:0|startupRole:FOLLOWER]|listeners:[], old=null
2023-02-28 04:32:29,950 [EventQueue-PipelineReportForPipelineReportHandler] INFO  pipeline.PipelineManagerImpl (PipelineManagerImpl.java:openPipeline(367)) - Pipeline Pipeline[ Id: 0e98ce45-0303-406b-aa09-5f0961318548, Nodes: ef2d612f-7c32-4639-b0f9-22a0544f56e6(fv-az467-141/10.1.0.42)be78be15-616a-41d9-9b13-64e624dde3ac(fv-az467-141/10.1.0.42)f3c0879f-2b51-472f-a21d-9b1dd65624d4(fv-az467-141/10.1.0.42), ReplicationConfig: RATIS/THREE, State:ALLOCATED, leaderId:f3c0879f-2b51-472f-a21d-9b1dd65624d4, CreationTimestamp2023-02-28T04:32:22.614Z[Etc/UTC]] moved to OPEN state
2023-02-28 04:32:29,951 [EventQueue-OpenPipelineForHealthyPipelineSafeModeRule] INFO  safemode.SCMSafeModeManager (HealthyPipelineSafeModeRule.java:process(137)) - SCM in safe mode. Healthy pipelines reported count is 0, required healthy pipeline reported count is 1
2023-02-28 04:32:29,955 [EventQueue-OpenPipelineForHealthyPipelineSafeModeRule] INFO  safemode.SCMSafeModeManager (HealthyPipelineSafeModeRule.java:process(137)) - SCM in safe mode. Healthy pipelines reported count is 1, required healthy pipeline reported count is 1
2023-02-28 04:32:29,955 [EventQueue-OpenPipelineForHealthyPipelineSafeModeRule] INFO  safemode.SCMSafeModeManager (SCMSafeModeManager.java:validateSafeModeExitRules(200)) - HealthyPipelineSafeModeRule rule is successfully validated
2023-02-28 04:32:29,955 [EventQueue-OpenPipelineForHealthyPipelineSafeModeRule] INFO  safemode.SCMSafeModeManager (SCMSafeModeManager.java:validateSafeModeExitRules(215)) - ScmSafeModeManager, all rules are successfully validated
2023-02-28 04:32:29,955 [EventQueue-OpenPipelineForHealthyPipelineSafeModeRule] INFO  safemode.SCMSafeModeManager (SCMSafeModeManager.java:exitSafeMode(244)) - SCM exiting safe mode.
2023-02-28 04:32:29,955 [EventQueue-OpenPipelineForHealthyPipelineSafeModeRule] INFO  ha.SCMContext (SCMContext.java:updateSafeModeStatus(228)) - Update SafeModeStatus from SafeModeStatus{safeModeStatus=true, preCheckPassed=true} to SafeModeStatus{safeModeStatus=false, preCheckPassed=true}.
2023-02-28 04:32:29,955 [EventQueue-OpenPipelineForHealthyPipelineSafeModeRule] INFO  pipeline.BackgroundPipelineCreator (BackgroundPipelineCreator.java:notifyStatusChanged(254)) - Service BackgroundPipelineCreator transitions to RUNNING.
2023-02-28 04:32:29,955 [EventQueue-OpenPipelineForHealthyPipelineSafeModeRule] INFO  BackgroundPipelineScrubber (BackgroundSCMService.java:notifyStatusChanged(82)) - Service BackgroundPipelineScrubber transitions to RUNNING.
2023-02-28 04:32:29,955 [EventQueue-OpenPipelineForHealthyPipelineSafeModeRule] INFO  ExpiredContainerReplicaOpScrubber (BackgroundSCMService.java:notifyStatusChanged(82)) - Service ExpiredContainerReplicaOpScrubber transitions to RUNNING.
2023-02-28 04:32:29,955 [EventQueue-OpenPipelineForHealthyPipelineSafeModeRule] INFO  replication.ReplicationManager (ReplicationManager.java:notifyStatusChanged(1084)) - Service ReplicationManager transitions to RUNNING.
2023-02-28 04:32:29,949 [grpc-default-executor-2] INFO  impl.VoteContext (VoteContext.java:log(49)) - ef2d612f-7c32-4639-b0f9-22a0544f56e6@group-5F0961318548-FOLLOWER: accept ELECTION from f3c0879f-2b51-472f-a21d-9b1dd65624d4: our priority 0 <= candidate's priority 1
2023-02-28 04:32:29,959 [grpc-default-executor-2] INFO  server.RaftServer$Division (RaftServerImpl.java:setRole(321)) - ef2d612f-7c32-4639-b0f9-22a0544f56e6@group-5F0961318548: changes role from  FOLLOWER to FOLLOWER at term 1 for candidate:f3c0879f-2b51-472f-a21d-9b1dd65624d4
2023-02-28 04:32:29,959 [grpc-default-executor-2] INFO  impl.RoleInfo (RoleInfo.java:shutdownFollowerState(110)) - ef2d612f-7c32-4639-b0f9-22a0544f56e6: shutdown ef2d612f-7c32-4639-b0f9-22a0544f56e6@group-5F0961318548-FollowerState
2023-02-28 04:32:29,949 [f3c0879f-2b51-472f-a21d-9b1dd65624d4@group-D369260CDB85-LeaderElection3] INFO  impl.LeaderElection (LeaderElection.java:askForVotes(312)) - f3c0879f-2b51-472f-a21d-9b1dd65624d4@group-D369260CDB85-LeaderElection3 PRE_VOTE round 0: submit vote requests at term 0 for -1: peers:[f3c0879f-2b51-472f-a21d-9b1dd65624d4|rpc:10.1.0.42:43637|dataStream:10.1.0.42:39167|priority:1|startupRole:FOLLOWER]|listeners:[], old=null
2023-02-28 04:32:29,959 [f3c0879f-2b51-472f-a21d-9b1dd65624d4@group-D369260CDB85-LeaderElection3] INFO  impl.LeaderElection (LeaderElection.java:askForVotes(314)) - f3c0879f-2b51-472f-a21d-9b1dd65624d4@group-D369260CDB85-LeaderElection3 PRE_VOTE round 0: result PASSED (term=0)
2023-02-28 04:32:29,960 [f3c0879f-2b51-472f-a21d-9b1dd65624d4@group-D369260CDB85-LeaderElection3] INFO  impl.LeaderElection (LeaderElection.java:askForVotes(312)) - f3c0879f-2b51-472f-a21d-9b1dd65624d4@group-D369260CDB85-LeaderElection3 ELECTION round 0: submit vote requests at term 1 for -1: peers:[f3c0879f-2b51-472f-a21d-9b1dd65624d4|rpc:10.1.0.42:43637|dataStream:10.1.0.42:39167|priority:1|startupRole:FOLLOWER]|listeners:[], old=null
2023-02-28 04:32:29,960 [f3c0879f-2b51-472f-a21d-9b1dd65624d4@group-D369260CDB85-LeaderElection3] INFO  impl.LeaderElection (LeaderElection.java:askForVotes(314)) - f3c0879f-2b51-472f-a21d-9b1dd65624d4@group-D369260CDB85-LeaderElection3 ELECTION round 0: result PASSED (term=1)
2023-02-28 04:32:29,960 [f3c0879f-2b51-472f-a21d-9b1dd65624d4@group-D369260CDB85-LeaderElection3] INFO  impl.RoleInfo (RoleInfo.java:shutdownLeaderElection(130)) - f3c0879f-2b51-472f-a21d-9b1dd65624d4: shutdown f3c0879f-2b51-472f-a21d-9b1dd65624d4@group-D369260CDB85-LeaderElection3
2023-02-28 04:32:29,960 [f3c0879f-2b51-472f-a21d-9b1dd65624d4@group-D369260CDB85-LeaderElection3] INFO  server.RaftServer$Division (RaftServerImpl.java:setRole(321)) - f3c0879f-2b51-472f-a21d-9b1dd65624d4@group-D369260CDB85: changes role from CANDIDATE to LEADER at term 1 for changeToLeader
2023-02-28 04:32:29,960 [f3c0879f-2b51-472f-a21d-9b1dd65624d4@group-D369260CDB85-LeaderElection3] INFO  ratis.XceiverServerRatis (XceiverServerRatis.java:handleLeaderChangedNotification(905)) - Leader change notification received for group: group-D369260CDB85 with new leaderId: f3c0879f-2b51-472f-a21d-9b1dd65624d4
2023-02-28 04:32:29,969 [f3c0879f-2b51-472f-a21d-9b1dd65624d4@group-D369260CDB85-LeaderElection3] INFO  server.RaftServer$Division (ServerState.java:setLeader(313)) - f3c0879f-2b51-472f-a21d-9b1dd65624d4@group-D369260CDB85: change Leader from null to f3c0879f-2b51-472f-a21d-9b1dd65624d4 at term 1 for becomeLeader, leader elected after 5156ms
2023-02-28 04:32:29,969 [f3c0879f-2b51-472f-a21d-9b1dd65624d4@group-D369260CDB85-LeaderElection3] INFO  server.RaftServerConfigKeys (ConfUtils.java:logGet(46)) - raft.server.staging.catchup.gap = 1000 (default)
2023-02-28 04:32:29,969 [f3c0879f-2b51-472f-a21d-9b1dd65624d4@group-D369260CDB85-LeaderElection3] INFO  server.RaftServerConfigKeys (ConfUtils.java:logGet(46)) - raft.server.write.element-limit = 1024 (custom)
2023-02-28 04:32:29,969 [f3c0879f-2b51-472f-a21d-9b1dd65624d4@group-D369260CDB85-LeaderElection3] INFO  server.RaftServerConfigKeys (ConfUtils.java:logGet(46)) - raft.server.write.byte-limit = 1024 M (=1073741824) (custom)
2023-02-28 04:32:29,970 [f3c0879f-2b51-472f-a21d-9b1dd65624d4@group-D369260CDB85-LeaderElection3] INFO  server.RaftServerConfigKeys (ConfUtils.java:logGet(46)) - raft.server.watch.timeout = 180s (custom)
2023-02-28 04:32:29,970 [f3c0879f-2b51-472f-a21d-9b1dd65624d4@group-D369260CDB85-LeaderElection3] INFO  server.RaftServerConfigKeys (ConfUtils.java:logGet(46)) - raft.server.watch.timeout.denomination = 1s (default)
2023-02-28 04:32:29,970 [f3c0879f-2b51-472f-a21d-9b1dd65624d4@group-D369260CDB85-LeaderElection3] INFO  server.RaftServerConfigKeys (ConfUtils.java:logGet(46)) - raft.server.watch.element-limit = 65536 (default)
2023-02-28 04:32:29,970 [f3c0879f-2b51-472f-a21d-9b1dd65624d4@group-D369260CDB85-LeaderElection3] INFO  server.RaftServerConfigKeys (ConfUtils.java:logGet(46)) - raft.server.write.element-limit = 1024 (custom)
2023-02-28 04:32:29,970 [f3c0879f-2b51-472f-a21d-9b1dd65624d4@group-D369260CDB85-LeaderElection3] INFO  server.RaftServerConfigKeys (ConfUtils.java:logGet(46)) - raft.server.write.follower.gap.ratio.max = -1.0 (default)
2023-02-28 04:32:29,970 [f3c0879f-2b51-472f-a21d-9b1dd65624d4@group-D369260CDB85-LeaderElection3] INFO  impl.RoleInfo (RoleInfo.java:updateAndGet(139)) - f3c0879f-2b51-472f-a21d-9b1dd65624d4: start f3c0879f-2b51-472f-a21d-9b1dd65624d4@group-D369260CDB85-LeaderStateImpl
2023-02-28 04:32:29,970 [f3c0879f-2b51-472f-a21d-9b1dd65624d4@group-D369260CDB85-LeaderElection3] INFO  segmented.SegmentedRaftLogWorker (SegmentedRaftLogWorker.java:startLogSegment(452)) - f3c0879f-2b51-472f-a21d-9b1dd65624d4@group-D369260CDB85-SegmentedRaftLogWorker: Starting segment from index:0
2023-02-28 04:32:29,971 [be78be15-616a-41d9-9b13-64e624dde3ac-server-thread1] INFO  ratis.XceiverServerRatis (XceiverServerRatis.java:handleLeaderChangedNotification(905)) - Leader change notification received for group: group-5F0961318548 with new leaderId: f3c0879f-2b51-472f-a21d-9b1dd65624d4
2023-02-28 04:32:29,971 [be78be15-616a-41d9-9b13-64e624dde3ac-server-thread1] INFO  server.RaftServer$Division (ServerState.java:setLeader(313)) - be78be15-616a-41d9-9b13-64e624dde3ac@group-5F0961318548: change Leader from null to f3c0879f-2b51-472f-a21d-9b1dd65624d4 at term 1 for appendEntries, leader elected after 4944ms
2023-02-28 04:32:29,972 [f3c0879f-2b51-472f-a21d-9b1dd65624d4@group-D369260CDB85-SegmentedRaftLogWorker] INFO  segmented.SegmentedRaftLogWorker (SegmentedRaftLogWorker.java:execute(656)) - f3c0879f-2b51-472f-a21d-9b1dd65624d4@group-D369260CDB85-SegmentedRaftLogWorker: created new log segment /home/runner/work/ozone/ozone/hadoop-ozone/integration-test/target/test-dir/MiniOzoneClusterImpl-f9e21395-1bcf-40d4-8edb-6f91c23aa5c2/datanode-0/data/ratis/882331ac-b8fd-4723-97e8-d369260cdb85/current/log_inprogress_0
2023-02-28 04:32:29,977 [ef2d612f-7c32-4639-b0f9-22a0544f56e6@group-5F0961318548-FollowerState] INFO  impl.FollowerState (FollowerState.java:run(152)) - ef2d612f-7c32-4639-b0f9-22a0544f56e6@group-5F0961318548-FollowerState was interrupted
2023-02-28 04:32:29,978 [EventQueue-OpenPipelineForHealthyPipelineSafeModeRule] WARN  balancer.ContainerBalancer (ContainerBalancer.java:shouldRun(131)) - Could not find persisted configuration for ContainerBalancer when checking if ContainerBalancer should run. ContainerBalancer should not run now.
2023-02-28 04:32:29,980 [be78be15-616a-41d9-9b13-64e624dde3ac-server-thread1] INFO  server.RaftServer$Division (ServerState.java:setRaftConf(430)) - be78be15-616a-41d9-9b13-64e624dde3ac@group-5F0961318548: set configuration 0: peers:[be78be15-616a-41d9-9b13-64e624dde3ac|rpc:10.1.0.42:38523|dataStream:10.1.0.42:43621|priority:0|startupRole:FOLLOWER, f3c0879f-2b51-472f-a21d-9b1dd65624d4|rpc:10.1.0.42:43637|dataStream:10.1.0.42:39167|priority:1|startupRole:FOLLOWER, ef2d612f-7c32-4639-b0f9-22a0544f56e6|rpc:10.1.0.42:37423|dataStream:10.1.0.42:34035|priority:0|startupRole:FOLLOWER]|listeners:[], old=null
2023-02-28 04:32:29,980 [be78be15-616a-41d9-9b13-64e624dde3ac-server-thread1] INFO  segmented.SegmentedRaftLogWorker (SegmentedRaftLogWorker.java:startLogSegment(452)) - be78be15-616a-41d9-9b13-64e624dde3ac@group-5F0961318548-SegmentedRaftLogWorker: Starting segment from index:0
2023-02-28 04:32:29,982 [f3c0879f-2b51-472f-a21d-9b1dd65624d4@group-D369260CDB85-LeaderElection3] INFO  server.RaftServer$Division (ServerState.java:setRaftConf(430)) - f3c0879f-2b51-472f-a21d-9b1dd65624d4@group-D369260CDB85: set configuration 0: peers:[f3c0879f-2b51-472f-a21d-9b1dd65624d4|rpc:10.1.0.42:43637|dataStream:10.1.0.42:39167|priority:1|startupRole:FOLLOWER]|listeners:[], old=null
2023-02-28 04:32:29,982 [grpc-default-executor-2] INFO  impl.RoleInfo (RoleInfo.java:updateAndGet(139)) - ef2d612f-7c32-4639-b0f9-22a0544f56e6: start ef2d612f-7c32-4639-b0f9-22a0544f56e6@group-5F0961318548-FollowerState
2023-02-28 04:32:29,986 [grpc-default-executor-2] INFO  server.RaftServer$Division (RaftServerImpl.java:requestVote(1251)) - ef2d612f-7c32-4639-b0f9-22a0544f56e6@group-5F0961318548 replies to ELECTION vote request: f3c0879f-2b51-472f-a21d-9b1dd65624d4<-ef2d612f-7c32-4639-b0f9-22a0544f56e6#0:OK-t1. Peer's state: ef2d612f-7c32-4639-b0f9-22a0544f56e6@group-5F0961318548:t1, leader=null, voted=f3c0879f-2b51-472f-a21d-9b1dd65624d4, raftlog=Memoized:ef2d612f-7c32-4639-b0f9-22a0544f56e6@group-5F0961318548-SegmentedRaftLog:OPENED:c-1, conf=-1: peers:[be78be15-616a-41d9-9b13-64e624dde3ac|rpc:10.1.0.42:38523|dataStream:10.1.0.42:43621|priority:0|startupRole:FOLLOWER, f3c0879f-2b51-472f-a21d-9b1dd65624d4|rpc:10.1.0.42:43637|dataStream:10.1.0.42:39167|priority:1|startupRole:FOLLOWER, ef2d612f-7c32-4639-b0f9-22a0544f56e6|rpc:10.1.0.42:37423|dataStream:10.1.0.42:34035|priority:0|startupRole:FOLLOWER]|listeners:[], old=null
2023-02-28 04:32:29,987 [ef2d612f-7c32-4639-b0f9-22a0544f56e6-server-thread1] INFO  ratis.XceiverServerRatis (XceiverServerRatis.java:handleLeaderChangedNotification(905)) - Leader change notification received for group: group-5F0961318548 with new leaderId: f3c0879f-2b51-472f-a21d-9b1dd65624d4
2023-02-28 04:32:29,987 [ef2d612f-7c32-4639-b0f9-22a0544f56e6-server-thread1] INFO  server.RaftServer$Division (ServerState.java:setLeader(313)) - ef2d612f-7c32-4639-b0f9-22a0544f56e6@group-5F0961318548: change Leader from null to f3c0879f-2b51-472f-a21d-9b1dd65624d4 at term 1 for appendEntries, leader elected after 5034ms
2023-02-28 04:32:29,988 [be78be15-616a-41d9-9b13-64e624dde3ac@group-5F0961318548-SegmentedRaftLogWorker] INFO  segmented.SegmentedRaftLogWorker (SegmentedRaftLogWorker.java:execute(656)) - be78be15-616a-41d9-9b13-64e624dde3ac@group-5F0961318548-SegmentedRaftLogWorker: created new log segment /home/runner/work/ozone/ozone/hadoop-ozone/integration-test/target/test-dir/MiniOzoneClusterImpl-f9e21395-1bcf-40d4-8edb-6f91c23aa5c2/datanode-1/data/ratis/0e98ce45-0303-406b-aa09-5f0961318548/current/log_inprogress_0
2023-02-28 04:32:30,001 [ef2d612f-7c32-4639-b0f9-22a0544f56e6-server-thread1] INFO  server.RaftServer$Division (ServerState.java:setRaftConf(430)) - ef2d612f-7c32-4639-b0f9-22a0544f56e6@group-5F0961318548: set configuration 0: peers:[be78be15-616a-41d9-9b13-64e624dde3ac|rpc:10.1.0.42:38523|dataStream:10.1.0.42:43621|priority:0|startupRole:FOLLOWER, f3c0879f-2b51-472f-a21d-9b1dd65624d4|rpc:10.1.0.42:43637|dataStream:10.1.0.42:39167|priority:1|startupRole:FOLLOWER, ef2d612f-7c32-4639-b0f9-22a0544f56e6|rpc:10.1.0.42:37423|dataStream:10.1.0.42:34035|priority:0|startupRole:FOLLOWER]|listeners:[], old=null
2023-02-28 04:32:30,004 [ef2d612f-7c32-4639-b0f9-22a0544f56e6-server-thread1] INFO  segmented.SegmentedRaftLogWorker (SegmentedRaftLogWorker.java:startLogSegment(452)) - ef2d612f-7c32-4639-b0f9-22a0544f56e6@group-5F0961318548-SegmentedRaftLogWorker: Starting segment from index:0
2023-02-28 04:32:30,006 [ef2d612f-7c32-4639-b0f9-22a0544f56e6@group-5F0961318548-SegmentedRaftLogWorker] INFO  segmented.SegmentedRaftLogWorker (SegmentedRaftLogWorker.java:execute(656)) - ef2d612f-7c32-4639-b0f9-22a0544f56e6@group-5F0961318548-SegmentedRaftLogWorker: created new log segment /home/runner/work/ozone/ozone/hadoop-ozone/integration-test/target/test-dir/MiniOzoneClusterImpl-f9e21395-1bcf-40d4-8edb-6f91c23aa5c2/datanode-2/data/ratis/0e98ce45-0303-406b-aa09-5f0961318548/current/log_inprogress_0
2023-02-28 04:32:30,131 [f3c0879f-2b51-472f-a21d-9b1dd65624d4@group-D520026A883B-FollowerState] INFO  impl.FollowerState (FollowerState.java:run(143)) - f3c0879f-2b51-472f-a21d-9b1dd65624d4@group-D520026A883B-FollowerState: change to CANDIDATE, lastRpcElapsedTime:5050304898ns, electionTimeout:5048ms
2023-02-28 04:32:30,131 [f3c0879f-2b51-472f-a21d-9b1dd65624d4@group-D520026A883B-FollowerState] INFO  impl.RoleInfo (RoleInfo.java:shutdownFollowerState(110)) - f3c0879f-2b51-472f-a21d-9b1dd65624d4: shutdown f3c0879f-2b51-472f-a21d-9b1dd65624d4@group-D520026A883B-FollowerState
2023-02-28 04:32:30,132 [f3c0879f-2b51-472f-a21d-9b1dd65624d4@group-D520026A883B-FollowerState] INFO  server.RaftServer$Division (RaftServerImpl.java:setRole(321)) - f3c0879f-2b51-472f-a21d-9b1dd65624d4@group-D520026A883B: changes role from  FOLLOWER to CANDIDATE at term 0 for changeToCandidate
2023-02-28 04:32:30,132 [f3c0879f-2b51-472f-a21d-9b1dd65624d4@group-D520026A883B-FollowerState] INFO  server.RaftServerConfigKeys (ConfUtils.java:logGet(46)) - raft.server.leaderelection.pre-vote = true (default)
2023-02-28 04:32:30,132 [f3c0879f-2b51-472f-a21d-9b1dd65624d4@group-D520026A883B-FollowerState] INFO  impl.RoleInfo (RoleInfo.java:updateAndGet(139)) - f3c0879f-2b51-472f-a21d-9b1dd65624d4: start f3c0879f-2b51-472f-a21d-9b1dd65624d4@group-D520026A883B-LeaderElection4
2023-02-28 04:32:30,139 [f3c0879f-2b51-472f-a21d-9b1dd65624d4@group-D520026A883B-LeaderElection4] INFO  impl.LeaderElection (LeaderElection.java:askForVotes(312)) - f3c0879f-2b51-472f-a21d-9b1dd65624d4@group-D520026A883B-LeaderElection4 PRE_VOTE round 0: submit vote requests at term 0 for -1: peers:[be78be15-616a-41d9-9b13-64e624dde3ac|rpc:10.1.0.42:38523|dataStream:10.1.0.42:43621|priority:0|startupRole:FOLLOWER, f3c0879f-2b51-472f-a21d-9b1dd65624d4|rpc:10.1.0.42:43637|dataStream:10.1.0.42:39167|priority:0|startupRole:FOLLOWER, ef2d612f-7c32-4639-b0f9-22a0544f56e6|rpc:10.1.0.42:37423|dataStream:10.1.0.42:34035|priority:1|startupRole:FOLLOWER]|listeners:[], old=null
2023-02-28 04:32:30,140 [f3c0879f-2b51-472f-a21d-9b1dd65624d4@group-D520026A883B-LeaderElection4] INFO  server.RaftServerConfigKeys (ConfUtils.java:logFallback(53)) - raft.server.rpc.first-election.timeout.min = 5s (fallback to raft.server.rpc.timeout.min)
2023-02-28 04:32:30,140 [f3c0879f-2b51-472f-a21d-9b1dd65624d4@group-D520026A883B-LeaderElection4] INFO  server.RaftServerConfigKeys (ConfUtils.java:logFallback(53)) - raft.server.rpc.first-election.timeout.max = 5200ms (fallback to raft.server.rpc.timeout.max)
2023-02-28 04:32:30,142 [grpc-default-executor-3] INFO  server.RaftServer$Division (RaftServerImpl.java:requestVote(1218)) - be78be15-616a-41d9-9b13-64e624dde3ac@group-D520026A883B: receive requestVote(PRE_VOTE, f3c0879f-2b51-472f-a21d-9b1dd65624d4, group-D520026A883B, 0, (t:0, i:0))
2023-02-28 04:32:30,143 [grpc-default-executor-3] INFO  impl.VoteContext (VoteContext.java:log(49)) - be78be15-616a-41d9-9b13-64e624dde3ac@group-D520026A883B-FOLLOWER: accept PRE_VOTE from f3c0879f-2b51-472f-a21d-9b1dd65624d4: our priority 0 <= candidate's priority 0
2023-02-28 04:32:30,143 [grpc-default-executor-3] INFO  server.RaftServer$Division (RaftServerImpl.java:requestVote(1251)) - be78be15-616a-41d9-9b13-64e624dde3ac@group-D520026A883B replies to PRE_VOTE vote request: f3c0879f-2b51-472f-a21d-9b1dd65624d4<-be78be15-616a-41d9-9b13-64e624dde3ac#0:OK-t0. Peer's state: be78be15-616a-41d9-9b13-64e624dde3ac@group-D520026A883B:t0, leader=null, voted=, raftlog=Memoized:be78be15-616a-41d9-9b13-64e624dde3ac@group-D520026A883B-SegmentedRaftLog:OPENED:c-1, conf=-1: peers:[be78be15-616a-41d9-9b13-64e624dde3ac|rpc:10.1.0.42:38523|dataStream:10.1.0.42:43621|priority:0|startupRole:FOLLOWER, f3c0879f-2b51-472f-a21d-9b1dd65624d4|rpc:10.1.0.42:43637|dataStream:10.1.0.42:39167|priority:0|startupRole:FOLLOWER, ef2d612f-7c32-4639-b0f9-22a0544f56e6|rpc:10.1.0.42:37423|dataStream:10.1.0.42:34035|priority:1|startupRole:FOLLOWER]|listeners:[], old=null
2023-02-28 04:32:30,153 [grpc-default-executor-3] INFO  server.RaftServer$Division (RaftServerImpl.java:requestVote(1218)) - ef2d612f-7c32-4639-b0f9-22a0544f56e6@group-D520026A883B: receive requestVote(PRE_VOTE, f3c0879f-2b51-472f-a21d-9b1dd65624d4, group-D520026A883B, 0, (t:0, i:0))
2023-02-28 04:32:30,153 [grpc-default-executor-3] INFO  impl.VoteContext (VoteContext.java:log(49)) - ef2d612f-7c32-4639-b0f9-22a0544f56e6@group-D520026A883B-FOLLOWER: reject PRE_VOTE from f3c0879f-2b51-472f-a21d-9b1dd65624d4: our priority 1 > candidate's priority 0
2023-02-28 04:32:30,153 [grpc-default-executor-3] INFO  server.RaftServer$Division (RaftServerImpl.java:requestVote(1251)) - ef2d612f-7c32-4639-b0f9-22a0544f56e6@group-D520026A883B replies to PRE_VOTE vote request: f3c0879f-2b51-472f-a21d-9b1dd65624d4<-ef2d612f-7c32-4639-b0f9-22a0544f56e6#0:FAIL-t0. Peer's state: ef2d612f-7c32-4639-b0f9-22a0544f56e6@group-D520026A883B:t0, leader=null, voted=, raftlog=Memoized:ef2d612f-7c32-4639-b0f9-22a0544f56e6@group-D520026A883B-SegmentedRaftLog:OPENED:c-1, conf=-1: peers:[be78be15-616a-41d9-9b13-64e624dde3ac|rpc:10.1.0.42:38523|dataStream:10.1.0.42:43621|priority:0|startupRole:FOLLOWER, f3c0879f-2b51-472f-a21d-9b1dd65624d4|rpc:10.1.0.42:43637|dataStream:10.1.0.42:39167|priority:0|startupRole:FOLLOWER, ef2d612f-7c32-4639-b0f9-22a0544f56e6|rpc:10.1.0.42:37423|dataStream:10.1.0.42:34035|priority:1|startupRole:FOLLOWER]|listeners:[], old=null
2023-02-28 04:32:30,154 [f3c0879f-2b51-472f-a21d-9b1dd65624d4@group-D520026A883B-LeaderElection4] INFO  impl.LeaderElection (LeaderElection.java:logAndReturn(90)) - f3c0879f-2b51-472f-a21d-9b1dd65624d4@group-D520026A883B-LeaderElection4: PRE_VOTE REJECTED received 2 response(s) and 0 exception(s):
2023-02-28 04:32:30,156 [f3c0879f-2b51-472f-a21d-9b1dd65624d4@group-D520026A883B-LeaderElection4] INFO  impl.LeaderElection (LeaderElection.java:logAndReturn(94)) -   Response 0: f3c0879f-2b51-472f-a21d-9b1dd65624d4<-be78be15-616a-41d9-9b13-64e624dde3ac#0:OK-t0
2023-02-28 04:32:30,156 [f3c0879f-2b51-472f-a21d-9b1dd65624d4@group-D520026A883B-LeaderElection4] INFO  impl.LeaderElection (LeaderElection.java:logAndReturn(94)) -   Response 1: f3c0879f-2b51-472f-a21d-9b1dd65624d4<-ef2d612f-7c32-4639-b0f9-22a0544f56e6#0:FAIL-t0
2023-02-28 04:32:30,156 [f3c0879f-2b51-472f-a21d-9b1dd65624d4@group-D520026A883B-LeaderElection4] INFO  impl.LeaderElection (LeaderElection.java:askForVotes(314)) - f3c0879f-2b51-472f-a21d-9b1dd65624d4@group-D520026A883B-LeaderElection4 PRE_VOTE round 0: result REJECTED
2023-02-28 04:32:30,156 [f3c0879f-2b51-472f-a21d-9b1dd65624d4@group-D520026A883B-LeaderElection4] INFO  server.RaftServer$Division (RaftServerImpl.java:setRole(321)) - f3c0879f-2b51-472f-a21d-9b1dd65624d4@group-D520026A883B: changes role from CANDIDATE to FOLLOWER at term 0 for REJECTED
2023-02-28 04:32:30,156 [f3c0879f-2b51-472f-a21d-9b1dd65624d4@group-D520026A883B-LeaderElection4] INFO  impl.RoleInfo (RoleInfo.java:shutdownLeaderElection(130)) - f3c0879f-2b51-472f-a21d-9b1dd65624d4: shutdown f3c0879f-2b51-472f-a21d-9b1dd65624d4@group-D520026A883B-LeaderElection4
2023-02-28 04:32:30,156 [f3c0879f-2b51-472f-a21d-9b1dd65624d4@group-D520026A883B-LeaderElection4] INFO  impl.RoleInfo (RoleInfo.java:updateAndGet(139)) - f3c0879f-2b51-472f-a21d-9b1dd65624d4: start f3c0879f-2b51-472f-a21d-9b1dd65624d4@group-D520026A883B-FollowerState
2023-02-28 04:32:30,156 [f3c0879f-2b51-472f-a21d-9b1dd65624d4@group-D520026A883B-FollowerState] INFO  server.RaftServerConfigKeys (ConfUtils.java:logFallback(53)) - raft.server.rpc.first-election.timeout.min = 5s (fallback to raft.server.rpc.timeout.min)
2023-02-28 04:32:30,158 [f3c0879f-2b51-472f-a21d-9b1dd65624d4@group-D520026A883B-FollowerState] INFO  server.RaftServerConfigKeys (ConfUtils.java:logFallback(53)) - raft.server.rpc.first-election.timeout.max = 5200ms (fallback to raft.server.rpc.timeout.max)
2023-02-28 04:32:30,293 [be78be15-616a-41d9-9b13-64e624dde3ac@group-D520026A883B-FollowerState] INFO  server.RaftServerConfigKeys (ConfUtils.java:logFallback(53)) - raft.server.rpc.first-election.timeout.min = 5s (fallback to raft.server.rpc.timeout.min)
2023-02-28 04:32:30,293 [be78be15-616a-41d9-9b13-64e624dde3ac@group-D520026A883B-FollowerState] INFO  server.RaftServerConfigKeys (ConfUtils.java:logFallback(53)) - raft.server.rpc.first-election.timeout.max = 5200ms (fallback to raft.server.rpc.timeout.max)
2023-02-28 04:32:30,294 [ef2d612f-7c32-4639-b0f9-22a0544f56e6@group-D520026A883B-FollowerState] INFO  impl.FollowerState (FollowerState.java:run(143)) - ef2d612f-7c32-4639-b0f9-22a0544f56e6@group-D520026A883B-FollowerState: change to CANDIDATE, lastRpcElapsedTime:5172545437ns, electionTimeout:5163ms
2023-02-28 04:32:30,294 [ef2d612f-7c32-4639-b0f9-22a0544f56e6@group-D520026A883B-FollowerState] INFO  impl.RoleInfo (RoleInfo.java:shutdownFollowerState(110)) - ef2d612f-7c32-4639-b0f9-22a0544f56e6: shutdown ef2d612f-7c32-4639-b0f9-22a0544f56e6@group-D520026A883B-FollowerState
2023-02-28 04:32:30,294 [ef2d612f-7c32-4639-b0f9-22a0544f56e6@group-D520026A883B-FollowerState] INFO  server.RaftServer$Division (RaftServerImpl.java:setRole(321)) - ef2d612f-7c32-4639-b0f9-22a0544f56e6@group-D520026A883B: changes role from  FOLLOWER to CANDIDATE at term 0 for changeToCandidate
2023-02-28 04:32:30,295 [ef2d612f-7c32-4639-b0f9-22a0544f56e6@group-D520026A883B-FollowerState] INFO  server.RaftServerConfigKeys (ConfUtils.java:logGet(46)) - raft.server.leaderelection.pre-vote = true (default)
2023-02-28 04:32:30,296 [ef2d612f-7c32-4639-b0f9-22a0544f56e6@group-D520026A883B-FollowerState] INFO  impl.RoleInfo (RoleInfo.java:updateAndGet(139)) - ef2d612f-7c32-4639-b0f9-22a0544f56e6: start ef2d612f-7c32-4639-b0f9-22a0544f56e6@group-D520026A883B-LeaderElection5
2023-02-28 04:32:30,298 [ef2d612f-7c32-4639-b0f9-22a0544f56e6@group-D520026A883B-LeaderElection5] INFO  impl.LeaderElection (LeaderElection.java:askForVotes(312)) - ef2d612f-7c32-4639-b0f9-22a0544f56e6@group-D520026A883B-LeaderElection5 PRE_VOTE round 0: submit vote requests at term 0 for -1: peers:[be78be15-616a-41d9-9b13-64e624dde3ac|rpc:10.1.0.42:38523|dataStream:10.1.0.42:43621|priority:0|startupRole:FOLLOWER, f3c0879f-2b51-472f-a21d-9b1dd65624d4|rpc:10.1.0.42:43637|dataStream:10.1.0.42:39167|priority:0|startupRole:FOLLOWER, ef2d612f-7c32-4639-b0f9-22a0544f56e6|rpc:10.1.0.42:37423|dataStream:10.1.0.42:34035|priority:1|startupRole:FOLLOWER]|listeners:[], old=null
2023-02-28 04:32:30,298 [ef2d612f-7c32-4639-b0f9-22a0544f56e6@group-D520026A883B-LeaderElection5-1] INFO  server.GrpcServerProtocolClient (GrpcServerProtocolClient.java:<init>(63)) - Build channel for be78be15-616a-41d9-9b13-64e624dde3ac
2023-02-28 04:32:30,298 [ef2d612f-7c32-4639-b0f9-22a0544f56e6@group-D520026A883B-LeaderElection5] INFO  server.RaftServerConfigKeys (ConfUtils.java:logFallback(53)) - raft.server.rpc.first-election.timeout.min = 5s (fallback to raft.server.rpc.timeout.min)
2023-02-28 04:32:30,316 [ef2d612f-7c32-4639-b0f9-22a0544f56e6@group-D520026A883B-LeaderElection5] INFO  server.RaftServerConfigKeys (ConfUtils.java:logFallback(53)) - raft.server.rpc.first-election.timeout.max = 5200ms (fallback to raft.server.rpc.timeout.max)
2023-02-28 04:32:30,316 [ef2d612f-7c32-4639-b0f9-22a0544f56e6@group-D520026A883B-LeaderElection5-2] INFO  server.GrpcServerProtocolClient (GrpcServerProtocolClient.java:<init>(63)) - Build channel for f3c0879f-2b51-472f-a21d-9b1dd65624d4
2023-02-28 04:32:30,319 [grpc-default-executor-3] INFO  server.RaftServer$Division (RaftServerImpl.java:requestVote(1218)) - be78be15-616a-41d9-9b13-64e624dde3ac@group-D520026A883B: receive requestVote(PRE_VOTE, ef2d612f-7c32-4639-b0f9-22a0544f56e6, group-D520026A883B, 0, (t:0, i:0))
2023-02-28 04:32:30,319 [grpc-default-executor-3] INFO  impl.VoteContext (VoteContext.java:log(49)) - be78be15-616a-41d9-9b13-64e624dde3ac@group-D520026A883B-FOLLOWER: accept PRE_VOTE from ef2d612f-7c32-4639-b0f9-22a0544f56e6: our priority 0 <= candidate's priority 1
2023-02-28 04:32:30,319 [grpc-default-executor-3] INFO  server.RaftServer$Division (RaftServerImpl.java:requestVote(1251)) - be78be15-616a-41d9-9b13-64e624dde3ac@group-D520026A883B replies to PRE_VOTE vote request: ef2d612f-7c32-4639-b0f9-22a0544f56e6<-be78be15-616a-41d9-9b13-64e624dde3ac#0:OK-t0. Peer's state: be78be15-616a-41d9-9b13-64e624dde3ac@group-D520026A883B:t0, leader=null, voted=, raftlog=Memoized:be78be15-616a-41d9-9b13-64e624dde3ac@group-D520026A883B-SegmentedRaftLog:OPENED:c-1, conf=-1: peers:[be78be15-616a-41d9-9b13-64e624dde3ac|rpc:10.1.0.42:38523|dataStream:10.1.0.42:43621|priority:0|startupRole:FOLLOWER, f3c0879f-2b51-472f-a21d-9b1dd65624d4|rpc:10.1.0.42:43637|dataStream:10.1.0.42:39167|priority:0|startupRole:FOLLOWER, ef2d612f-7c32-4639-b0f9-22a0544f56e6|rpc:10.1.0.42:37423|dataStream:10.1.0.42:34035|priority:1|startupRole:FOLLOWER]|listeners:[], old=null
2023-02-28 04:32:30,322 [ef2d612f-7c32-4639-b0f9-22a0544f56e6@group-D520026A883B-LeaderElection5] INFO  impl.LeaderElection (LeaderElection.java:logAndReturn(90)) - ef2d612f-7c32-4639-b0f9-22a0544f56e6@group-D520026A883B-LeaderElection5: PRE_VOTE PASSED received 1 response(s) and 0 exception(s):
2023-02-28 04:32:30,322 [ef2d612f-7c32-4639-b0f9-22a0544f56e6@group-D520026A883B-LeaderElection5] INFO  impl.LeaderElection (LeaderElection.java:logAndReturn(94)) -   Response 0: ef2d612f-7c32-4639-b0f9-22a0544f56e6<-be78be15-616a-41d9-9b13-64e624dde3ac#0:OK-t0
2023-02-28 04:32:30,322 [ef2d612f-7c32-4639-b0f9-22a0544f56e6@group-D520026A883B-LeaderElection5] INFO  impl.LeaderElection (LeaderElection.java:askForVotes(314)) - ef2d612f-7c32-4639-b0f9-22a0544f56e6@group-D520026A883B-LeaderElection5 PRE_VOTE round 0: result PASSED
2023-02-28 04:32:30,323 [ef2d612f-7c32-4639-b0f9-22a0544f56e6@group-D520026A883B-LeaderElection5] INFO  impl.LeaderElection (LeaderElection.java:askForVotes(312)) - ef2d612f-7c32-4639-b0f9-22a0544f56e6@group-D520026A883B-LeaderElection5 ELECTION round 0: submit vote requests at term 1 for -1: peers:[be78be15-616a-41d9-9b13-64e624dde3ac|rpc:10.1.0.42:38523|dataStream:10.1.0.42:43621|priority:0|startupRole:FOLLOWER, f3c0879f-2b51-472f-a21d-9b1dd65624d4|rpc:10.1.0.42:43637|dataStream:10.1.0.42:39167|priority:0|startupRole:FOLLOWER, ef2d612f-7c32-4639-b0f9-22a0544f56e6|rpc:10.1.0.42:37423|dataStream:10.1.0.42:34035|priority:1|startupRole:FOLLOWER]|listeners:[], old=null
2023-02-28 04:32:30,327 [ef2d612f-7c32-4639-b0f9-22a0544f56e6@group-D520026A883B-LeaderElection5] INFO  server.RaftServerConfigKeys (ConfUtils.java:logFallback(53)) - raft.server.rpc.first-election.timeout.min = 5s (fallback to raft.server.rpc.timeout.min)
2023-02-28 04:32:30,327 [ef2d612f-7c32-4639-b0f9-22a0544f56e6@group-D520026A883B-LeaderElection5] INFO  server.RaftServerConfigKeys (ConfUtils.java:logFallback(53)) - raft.server.rpc.first-election.timeout.max = 5200ms (fallback to raft.server.rpc.timeout.max)
2023-02-28 04:32:30,329 [grpc-default-executor-6] INFO  server.RaftServer$Division (RaftServerImpl.java:requestVote(1218)) - f3c0879f-2b51-472f-a21d-9b1dd65624d4@group-D520026A883B: receive requestVote(PRE_VOTE, ef2d612f-7c32-4639-b0f9-22a0544f56e6, group-D520026A883B, 0, (t:0, i:0))
2023-02-28 04:32:30,330 [grpc-default-executor-6] INFO  impl.VoteContext (VoteContext.java:log(49)) - f3c0879f-2b51-472f-a21d-9b1dd65624d4@group-D520026A883B-FOLLOWER: accept PRE_VOTE from ef2d612f-7c32-4639-b0f9-22a0544f56e6: our priority 0 <= candidate's priority 1
2023-02-28 04:32:30,330 [grpc-default-executor-6] INFO  server.RaftServer$Division (RaftServerImpl.java:requestVote(1251)) - f3c0879f-2b51-472f-a21d-9b1dd65624d4@group-D520026A883B replies to PRE_VOTE vote request: ef2d612f-7c32-4639-b0f9-22a0544f56e6<-f3c0879f-2b51-472f-a21d-9b1dd65624d4#0:OK-t0. Peer's state: f3c0879f-2b51-472f-a21d-9b1dd65624d4@group-D520026A883B:t0, leader=null, voted=, raftlog=Memoized:f3c0879f-2b51-472f-a21d-9b1dd65624d4@group-D520026A883B-SegmentedRaftLog:OPENED:c-1, conf=-1: peers:[be78be15-616a-41d9-9b13-64e624dde3ac|rpc:10.1.0.42:38523|dataStream:10.1.0.42:43621|priority:0|startupRole:FOLLOWER, f3c0879f-2b51-472f-a21d-9b1dd65624d4|rpc:10.1.0.42:43637|dataStream:10.1.0.42:39167|priority:0|startupRole:FOLLOWER, ef2d612f-7c32-4639-b0f9-22a0544f56e6|rpc:10.1.0.42:37423|dataStream:10.1.0.42:34035|priority:1|startupRole:FOLLOWER]|listeners:[], old=null
2023-02-28 04:32:30,329 [grpc-default-executor-3] INFO  server.RaftServer$Division (RaftServerImpl.java:requestVote(1218)) - be78be15-616a-41d9-9b13-64e624dde3ac@group-D520026A883B: receive requestVote(ELECTION, ef2d612f-7c32-4639-b0f9-22a0544f56e6, group-D520026A883B, 1, (t:0, i:0))
2023-02-28 04:32:30,334 [grpc-default-executor-3] INFO  impl.VoteContext (VoteContext.java:log(49)) - be78be15-616a-41d9-9b13-64e624dde3ac@group-D520026A883B-FOLLOWER: accept ELECTION from ef2d612f-7c32-4639-b0f9-22a0544f56e6: our priority 0 <= candidate's priority 1
2023-02-28 04:32:30,334 [grpc-default-executor-3] INFO  server.RaftServer$Division (RaftServerImpl.java:setRole(321)) - be78be15-616a-41d9-9b13-64e624dde3ac@group-D520026A883B: changes role from  FOLLOWER to FOLLOWER at term 1 for candidate:ef2d612f-7c32-4639-b0f9-22a0544f56e6
2023-02-28 04:32:30,334 [grpc-default-executor-3] INFO  impl.RoleInfo (RoleInfo.java:shutdownFollowerState(110)) - be78be15-616a-41d9-9b13-64e624dde3ac: shutdown be78be15-616a-41d9-9b13-64e624dde3ac@group-D520026A883B-FollowerState
2023-02-28 04:32:30,335 [be78be15-616a-41d9-9b13-64e624dde3ac@group-D520026A883B-FollowerState] INFO  impl.FollowerState (FollowerState.java:run(152)) - be78be15-616a-41d9-9b13-64e624dde3ac@group-D520026A883B-FollowerState was interrupted
2023-02-28 04:32:30,335 [grpc-default-executor-3] INFO  impl.RoleInfo (RoleInfo.java:updateAndGet(139)) - be78be15-616a-41d9-9b13-64e624dde3ac: start be78be15-616a-41d9-9b13-64e624dde3ac@group-D520026A883B-FollowerState
2023-02-28 04:32:30,337 [be78be15-616a-41d9-9b13-64e624dde3ac@group-D520026A883B-FollowerState] INFO  server.RaftServerConfigKeys (ConfUtils.java:logFallback(53)) - raft.server.rpc.first-election.timeout.min = 5s (fallback to raft.server.rpc.timeout.min)
2023-02-28 04:32:30,337 [be78be15-616a-41d9-9b13-64e624dde3ac@group-D520026A883B-FollowerState] INFO  server.RaftServerConfigKeys (ConfUtils.java:logFallback(53)) - raft.server.rpc.first-election.timeout.max = 5200ms (fallback to raft.server.rpc.timeout.max)
2023-02-28 04:32:30,338 [grpc-default-executor-3] INFO  server.RaftServer$Division (RaftServerImpl.java:requestVote(1251)) - be78be15-616a-41d9-9b13-64e624dde3ac@group-D520026A883B replies to ELECTION vote request: ef2d612f-7c32-4639-b0f9-22a0544f56e6<-be78be15-616a-41d9-9b13-64e624dde3ac#0:OK-t1. Peer's state: be78be15-616a-41d9-9b13-64e624dde3ac@group-D520026A883B:t1, leader=null, voted=ef2d612f-7c32-4639-b0f9-22a0544f56e6, raftlog=Memoized:be78be15-616a-41d9-9b13-64e624dde3ac@group-D520026A883B-SegmentedRaftLog:OPENED:c-1, conf=-1: peers:[be78be15-616a-41d9-9b13-64e624dde3ac|rpc:10.1.0.42:38523|dataStream:10.1.0.42:43621|priority:0|startupRole:FOLLOWER, f3c0879f-2b51-472f-a21d-9b1dd65624d4|rpc:10.1.0.42:43637|dataStream:10.1.0.42:39167|priority:0|startupRole:FOLLOWER, ef2d612f-7c32-4639-b0f9-22a0544f56e6|rpc:10.1.0.42:37423|dataStream:10.1.0.42:34035|priority:1|startupRole:FOLLOWER]|listeners:[], old=null
2023-02-28 04:32:30,339 [ef2d612f-7c32-4639-b0f9-22a0544f56e6@group-D520026A883B-LeaderElection5] INFO  impl.LeaderElection (LeaderElection.java:logAndReturn(90)) - ef2d612f-7c32-4639-b0f9-22a0544f56e6@group-D520026A883B-LeaderElection5: ELECTION PASSED received 1 response(s) and 0 exception(s):
2023-02-28 04:32:30,339 [ef2d612f-7c32-4639-b0f9-22a0544f56e6@group-D520026A883B-LeaderElection5] INFO  impl.LeaderElection (LeaderElection.java:logAndReturn(94)) -   Response 0: ef2d612f-7c32-4639-b0f9-22a0544f56e6<-be78be15-616a-41d9-9b13-64e624dde3ac#0:OK-t1
2023-02-28 04:32:30,339 [ef2d612f-7c32-4639-b0f9-22a0544f56e6@group-D520026A883B-LeaderElection5] INFO  impl.LeaderElection (LeaderElection.java:askForVotes(314)) - ef2d612f-7c32-4639-b0f9-22a0544f56e6@group-D520026A883B-LeaderElection5 ELECTION round 0: result PASSED
2023-02-28 04:32:30,339 [ef2d612f-7c32-4639-b0f9-22a0544f56e6@group-D520026A883B-LeaderElection5] INFO  impl.RoleInfo (RoleInfo.java:shutdownLeaderElection(130)) - ef2d612f-7c32-4639-b0f9-22a0544f56e6: shutdown ef2d612f-7c32-4639-b0f9-22a0544f56e6@group-D520026A883B-LeaderElection5
2023-02-28 04:32:30,339 [ef2d612f-7c32-4639-b0f9-22a0544f56e6@group-D520026A883B-LeaderElection5] INFO  server.RaftServer$Division (RaftServerImpl.java:setRole(321)) - ef2d612f-7c32-4639-b0f9-22a0544f56e6@group-D520026A883B: changes role from CANDIDATE to LEADER at term 1 for changeToLeader
2023-02-28 04:32:30,339 [ef2d612f-7c32-4639-b0f9-22a0544f56e6@group-D520026A883B-LeaderElection5] INFO  ratis.XceiverServerRatis (XceiverServerRatis.java:handleLeaderChangedNotification(905)) - Leader change notification received for group: group-D520026A883B with new leaderId: ef2d612f-7c32-4639-b0f9-22a0544f56e6
2023-02-28 04:32:30,339 [ef2d612f-7c32-4639-b0f9-22a0544f56e6@group-D520026A883B-LeaderElection5] INFO  server.RaftServer$Division (ServerState.java:setLeader(313)) - ef2d612f-7c32-4639-b0f9-22a0544f56e6@group-D520026A883B: change Leader from null to ef2d612f-7c32-4639-b0f9-22a0544f56e6 at term 1 for becomeLeader, leader elected after 5240ms
2023-02-28 04:32:30,339 [ef2d612f-7c32-4639-b0f9-22a0544f56e6@group-D520026A883B-LeaderElection5] INFO  server.RaftServerConfigKeys (ConfUtils.java:logGet(46)) - raft.server.staging.catchup.gap = 1000 (default)
2023-02-28 04:32:30,340 [ef2d612f-7c32-4639-b0f9-22a0544f56e6@group-D520026A883B-LeaderElection5] INFO  server.RaftServerConfigKeys (ConfUtils.java:logGet(46)) - raft.server.write.element-limit = 1024 (custom)
2023-02-28 04:32:30,340 [ef2d612f-7c32-4639-b0f9-22a0544f56e6@group-D520026A883B-LeaderElection5] INFO  server.RaftServerConfigKeys (ConfUtils.java:logGet(46)) - raft.server.write.byte-limit = 1024 M (=1073741824) (custom)
2023-02-28 04:32:30,340 [ef2d612f-7c32-4639-b0f9-22a0544f56e6@group-D520026A883B-LeaderElection5] INFO  server.RaftServerConfigKeys (ConfUtils.java:logGet(46)) - raft.server.watch.timeout = 180s (custom)
2023-02-28 04:32:30,340 [ef2d612f-7c32-4639-b0f9-22a0544f56e6@group-D520026A883B-LeaderElection5] INFO  server.RaftServerConfigKeys (ConfUtils.java:logGet(46)) - raft.server.watch.timeout.denomination = 1s (default)
2023-02-28 04:32:30,340 [ef2d612f-7c32-4639-b0f9-22a0544f56e6@group-D520026A883B-LeaderElection5] INFO  server.RaftServerConfigKeys (ConfUtils.java:logGet(46)) - raft.server.watch.element-limit = 65536 (default)
2023-02-28 04:32:30,340 [ef2d612f-7c32-4639-b0f9-22a0544f56e6@group-D520026A883B-LeaderElection5] INFO  server.RaftServerConfigKeys (ConfUtils.java:logGet(46)) - raft.server.write.element-limit = 1024 (custom)
2023-02-28 04:32:30,340 [ef2d612f-7c32-4639-b0f9-22a0544f56e6@group-D520026A883B-LeaderElection5] INFO  server.RaftServerConfigKeys (ConfUtils.java:logGet(46)) - raft.server.write.follower.gap.ratio.max = -1.0 (default)
2023-02-28 04:32:30,341 [ef2d612f-7c32-4639-b0f9-22a0544f56e6@group-D520026A883B-LeaderElection5] INFO  server.RaftServerConfigKeys (ConfUtils.java:logGet(46)) - raft.server.log.appender.snapshot.chunk.size.max = 16MB (=16777216) (default)
2023-02-28 04:32:30,341 [ef2d612f-7c32-4639-b0f9-22a0544f56e6@group-D520026A883B-LeaderElection5] INFO  server.RaftServerConfigKeys (ConfUtils.java:logGet(46)) - raft.server.log.appender.buffer.byte-limit = 33554432 (custom)
2023-02-28 04:32:30,341 [ef2d612f-7c32-4639-b0f9-22a0544f56e6@group-D520026A883B-LeaderElection5] INFO  server.RaftServerConfigKeys (ConfUtils.java:logGet(46)) - raft.server.log.appender.buffer.element-limit = 1 (custom)
2023-02-28 04:32:30,341 [ef2d612f-7c32-4639-b0f9-22a0544f56e6@group-D520026A883B-LeaderElection5] INFO  grpc.GrpcConfigKeys (ConfUtils.java:logGet(46)) - raft.grpc.server.leader.outstanding.appends.max = 128 (default)
2023-02-28 04:32:30,341 [ef2d612f-7c32-4639-b0f9-22a0544f56e6@group-D520026A883B-LeaderElection5] INFO  server.RaftServerConfigKeys (ConfUtils.java:logGet(46)) - raft.server.rpc.request.timeout = 60s (custom)
2023-02-28 04:32:30,341 [ef2d612f-7c32-4639-b0f9-22a0544f56e6@group-D520026A883B-LeaderElection5] INFO  server.RaftServerConfigKeys (ConfUtils.java:logGet(46)) - raft.server.log.appender.install.snapshot.enabled = false (custom)
2023-02-28 04:32:30,341 [ef2d612f-7c32-4639-b0f9-22a0544f56e6@group-D520026A883B-LeaderElection5] INFO  grpc.GrpcConfigKeys (ConfUtils.java:logGet(46)) - raft.grpc.server.heartbeat.channel = true (default)
2023-02-28 04:32:30,341 [ef2d612f-7c32-4639-b0f9-22a0544f56e6@group-D520026A883B-LeaderElection5] INFO  server.RaftServerConfigKeys (ConfUtils.java:logGet(46)) - raft.server.log.appender.wait-time.min = 10ms (default)
2023-02-28 04:32:30,343 [EventQueue-PipelineReportForPipelineReportHandler] INFO  pipeline.PipelineManagerImpl (PipelineManagerImpl.java:openPipeline(367)) - Pipeline Pipeline[ Id: 3a99d1bb-d425-471f-aa2d-d520026a883b, Nodes: ef2d612f-7c32-4639-b0f9-22a0544f56e6(fv-az467-141/10.1.0.42)f3c0879f-2b51-472f-a21d-9b1dd65624d4(fv-az467-141/10.1.0.42)be78be15-616a-41d9-9b13-64e624dde3ac(fv-az467-141/10.1.0.42), ReplicationConfig: RATIS/THREE, State:ALLOCATED, leaderId:ef2d612f-7c32-4639-b0f9-22a0544f56e6, CreationTimestamp2023-02-28T04:32:22.617Z[Etc/UTC]] moved to OPEN state
2023-02-28 04:32:30,343 [ef2d612f-7c32-4639-b0f9-22a0544f56e6@group-D520026A883B-LeaderElection5] INFO  server.RaftServerConfigKeys (ConfUtils.java:logGet(46)) - raft.server.log.appender.snapshot.chunk.size.max = 16MB (=16777216) (default)
2023-02-28 04:32:30,345 [ef2d612f-7c32-4639-b0f9-22a0544f56e6@group-D520026A883B-LeaderElection5] INFO  server.RaftServerConfigKeys (ConfUtils.java:logGet(46)) - raft.server.log.appender.buffer.byte-limit = 33554432 (custom)
2023-02-28 04:32:30,345 [ef2d612f-7c32-4639-b0f9-22a0544f56e6@group-D520026A883B-LeaderElection5] INFO  server.RaftServerConfigKeys (ConfUtils.java:logGet(46)) - raft.server.log.appender.buffer.element-limit = 1 (custom)
2023-02-28 04:32:30,345 [ef2d612f-7c32-4639-b0f9-22a0544f56e6@group-D520026A883B-LeaderElection5] INFO  grpc.GrpcConfigKeys (ConfUtils.java:logGet(46)) - raft.grpc.server.leader.outstanding.appends.max = 128 (default)
2023-02-28 04:32:30,345 [ef2d612f-7c32-4639-b0f9-22a0544f56e6@group-D520026A883B-LeaderElection5] INFO  server.RaftServerConfigKeys (ConfUtils.java:logGet(46)) - raft.server.rpc.request.timeout = 60s (custom)
2023-02-28 04:32:30,346 [ef2d612f-7c32-4639-b0f9-22a0544f56e6@group-D520026A883B-LeaderElection5] INFO  server.RaftServerConfigKeys (ConfUtils.java:logGet(46)) - raft.server.log.appender.install.snapshot.enabled = false (custom)
2023-02-28 04:32:30,346 [ef2d612f-7c32-4639-b0f9-22a0544f56e6@group-D520026A883B-LeaderElection5] INFO  grpc.GrpcConfigKeys (ConfUtils.java:logGet(46)) - raft.grpc.server.heartbeat.channel = true (default)
2023-02-28 04:32:30,346 [ef2d612f-7c32-4639-b0f9-22a0544f56e6@group-D520026A883B-LeaderElection5] INFO  server.RaftServerConfigKeys (ConfUtils.java:logGet(46)) - raft.server.log.appender.wait-time.min = 10ms (default)
2023-02-28 04:32:30,346 [ef2d612f-7c32-4639-b0f9-22a0544f56e6@group-D520026A883B-LeaderElection5] INFO  impl.RoleInfo (RoleInfo.java:updateAndGet(139)) - ef2d612f-7c32-4639-b0f9-22a0544f56e6: start ef2d612f-7c32-4639-b0f9-22a0544f56e6@group-D520026A883B-LeaderStateImpl
2023-02-28 04:32:30,346 [ef2d612f-7c32-4639-b0f9-22a0544f56e6@group-D520026A883B-LeaderElection5] INFO  segmented.SegmentedRaftLogWorker (SegmentedRaftLogWorker.java:startLogSegment(452)) - ef2d612f-7c32-4639-b0f9-22a0544f56e6@group-D520026A883B-SegmentedRaftLogWorker: Starting segment from index:0
2023-02-28 04:32:30,348 [ef2d612f-7c32-4639-b0f9-22a0544f56e6@group-D520026A883B-SegmentedRaftLogWorker] INFO  segmented.SegmentedRaftLogWorker (SegmentedRaftLogWorker.java:execute(656)) - ef2d612f-7c32-4639-b0f9-22a0544f56e6@group-D520026A883B-SegmentedRaftLogWorker: created new log segment /home/runner/work/ozone/ozone/hadoop-ozone/integration-test/target/test-dir/MiniOzoneClusterImpl-f9e21395-1bcf-40d4-8edb-6f91c23aa5c2/datanode-2/data/ratis/3a99d1bb-d425-471f-aa2d-d520026a883b/current/log_inprogress_0
2023-02-28 04:32:30,356 [ef2d612f-7c32-4639-b0f9-22a0544f56e6@group-D520026A883B-LeaderElection5] INFO  server.RaftServer$Division (ServerState.java:setRaftConf(430)) - ef2d612f-7c32-4639-b0f9-22a0544f56e6@group-D520026A883B: set configuration 0: peers:[be78be15-616a-41d9-9b13-64e624dde3ac|rpc:10.1.0.42:38523|dataStream:10.1.0.42:43621|priority:0|startupRole:FOLLOWER, f3c0879f-2b51-472f-a21d-9b1dd65624d4|rpc:10.1.0.42:43637|dataStream:10.1.0.42:39167|priority:0|startupRole:FOLLOWER, ef2d612f-7c32-4639-b0f9-22a0544f56e6|rpc:10.1.0.42:37423|dataStream:10.1.0.42:34035|priority:1|startupRole:FOLLOWER]|listeners:[], old=null
2023-02-28 04:32:30,356 [grpc-default-executor-3] INFO  server.RaftServer$Division (RaftServerImpl.java:requestVote(1218)) - f3c0879f-2b51-472f-a21d-9b1dd65624d4@group-D520026A883B: receive requestVote(ELECTION, ef2d612f-7c32-4639-b0f9-22a0544f56e6, group-D520026A883B, 1, (t:0, i:0))
2023-02-28 04:32:30,357 [grpc-default-executor-3] INFO  impl.VoteContext (VoteContext.java:log(49)) - f3c0879f-2b51-472f-a21d-9b1dd65624d4@group-D520026A883B-FOLLOWER: accept ELECTION from ef2d612f-7c32-4639-b0f9-22a0544f56e6: our priority 0 <= candidate's priority 1
2023-02-28 04:32:30,357 [grpc-default-executor-3] INFO  server.RaftServer$Division (RaftServerImpl.java:setRole(321)) - f3c0879f-2b51-472f-a21d-9b1dd65624d4@group-D520026A883B: changes role from  FOLLOWER to FOLLOWER at term 1 for candidate:ef2d612f-7c32-4639-b0f9-22a0544f56e6
2023-02-28 04:32:30,357 [grpc-default-executor-3] INFO  impl.RoleInfo (RoleInfo.java:shutdownFollowerState(110)) - f3c0879f-2b51-472f-a21d-9b1dd65624d4: shutdown f3c0879f-2b51-472f-a21d-9b1dd65624d4@group-D520026A883B-FollowerState
2023-02-28 04:32:30,357 [grpc-default-executor-3] INFO  impl.RoleInfo (RoleInfo.java:updateAndGet(139)) - f3c0879f-2b51-472f-a21d-9b1dd65624d4: start f3c0879f-2b51-472f-a21d-9b1dd65624d4@group-D520026A883B-FollowerState
2023-02-28 04:32:30,352 [be78be15-616a-41d9-9b13-64e624dde3ac@group-16B54C0A1844-FollowerState] INFO  impl.FollowerState (FollowerState.java:run(143)) - be78be15-616a-41d9-9b13-64e624dde3ac@group-16B54C0A1844-FollowerState: change to CANDIDATE, lastRpcElapsedTime:5098465414ns, electionTimeout:5097ms
2023-02-28 04:32:30,371 [be78be15-616a-41d9-9b13-64e624dde3ac@group-16B54C0A1844-FollowerState] INFO  impl.RoleInfo (RoleInfo.java:shutdownFollowerState(110)) - be78be15-616a-41d9-9b13-64e624dde3ac: shutdown be78be15-616a-41d9-9b13-64e624dde3ac@group-16B54C0A1844-FollowerState
2023-02-28 04:32:30,371 [be78be15-616a-41d9-9b13-64e624dde3ac@group-16B54C0A1844-FollowerState] INFO  server.RaftServer$Division (RaftServerImpl.java:setRole(321)) - be78be15-616a-41d9-9b13-64e624dde3ac@group-16B54C0A1844: changes role from  FOLLOWER to CANDIDATE at term 0 for changeToCandidate
2023-02-28 04:32:30,372 [be78be15-616a-41d9-9b13-64e624dde3ac-server-thread1] INFO  ratis.XceiverServerRatis (XceiverServerRatis.java:handleLeaderChangedNotification(905)) - Leader change notification received for group: group-D520026A883B with new leaderId: ef2d612f-7c32-4639-b0f9-22a0544f56e6
2023-02-28 04:32:30,373 [be78be15-616a-41d9-9b13-64e624dde3ac-server-thread1] INFO  server.RaftServer$Division (ServerState.java:setLeader(313)) - be78be15-616a-41d9-9b13-64e624dde3ac@group-D520026A883B: change Leader from null to ef2d612f-7c32-4639-b0f9-22a0544f56e6 at term 1 for appendEntries, leader elected after 5222ms
2023-02-28 04:32:30,365 [f3c0879f-2b51-472f-a21d-9b1dd65624d4@group-D520026A883B-FollowerState] INFO  server.RaftServerConfigKeys (ConfUtils.java:logFallback(53)) - raft.server.rpc.first-election.timeout.min = 5s (fallback to raft.server.rpc.timeout.min)
2023-02-28 04:32:30,364 [grpc-default-executor-3] INFO  server.RaftServer$Division (RaftServerImpl.java:requestVote(1251)) - f3c0879f-2b51-472f-a21d-9b1dd65624d4@group-D520026A883B replies to ELECTION vote request: ef2d612f-7c32-4639-b0f9-22a0544f56e6<-f3c0879f-2b51-472f-a21d-9b1dd65624d4#0:OK-t1. Peer's state: f3c0879f-2b51-472f-a21d-9b1dd65624d4@group-D520026A883B:t1, leader=null, voted=ef2d612f-7c32-4639-b0f9-22a0544f56e6, raftlog=Memoized:f3c0879f-2b51-472f-a21d-9b1dd65624d4@group-D520026A883B-SegmentedRaftLog:OPENED:c-1, conf=-1: peers:[be78be15-616a-41d9-9b13-64e624dde3ac|rpc:10.1.0.42:38523|dataStream:10.1.0.42:43621|priority:0|startupRole:FOLLOWER, f3c0879f-2b51-472f-a21d-9b1dd65624d4|rpc:10.1.0.42:43637|dataStream:10.1.0.42:39167|priority:0|startupRole:FOLLOWER, ef2d612f-7c32-4639-b0f9-22a0544f56e6|rpc:10.1.0.42:37423|dataStream:10.1.0.42:34035|priority:1|startupRole:FOLLOWER]|listeners:[], old=null
2023-02-28 04:32:30,357 [f3c0879f-2b51-472f-a21d-9b1dd65624d4@group-D520026A883B-FollowerState] INFO  impl.FollowerState (FollowerState.java:run(152)) - f3c0879f-2b51-472f-a21d-9b1dd65624d4@group-D520026A883B-FollowerState was interrupted
2023-02-28 04:32:30,374 [f3c0879f-2b51-472f-a21d-9b1dd65624d4@group-D520026A883B-FollowerState] INFO  server.RaftServerConfigKeys (ConfUtils.java:logFallback(53)) - raft.server.rpc.first-election.timeout.max = 5200ms (fallback to raft.server.rpc.timeout.max)
2023-02-28 04:32:30,378 [be78be15-616a-41d9-9b13-64e624dde3ac@group-16B54C0A1844-FollowerState] INFO  server.RaftServerConfigKeys (ConfUtils.java:logGet(46)) - raft.server.leaderelection.pre-vote = true (default)
2023-02-28 04:32:30,380 [be78be15-616a-41d9-9b13-64e624dde3ac@group-16B54C0A1844-FollowerState] INFO  impl.RoleInfo (RoleInfo.java:updateAndGet(139)) - be78be15-616a-41d9-9b13-64e624dde3ac: start be78be15-616a-41d9-9b13-64e624dde3ac@group-16B54C0A1844-LeaderElection6
2023-02-28 04:32:30,386 [be78be15-616a-41d9-9b13-64e624dde3ac-server-thread1] INFO  server.RaftServer$Division (ServerState.java:setRaftConf(430)) - be78be15-616a-41d9-9b13-64e624dde3ac@group-D520026A883B: set configuration 0: peers:[be78be15-616a-41d9-9b13-64e624dde3ac|rpc:10.1.0.42:38523|dataStream:10.1.0.42:43621|priority:0|startupRole:FOLLOWER, f3c0879f-2b51-472f-a21d-9b1dd65624d4|rpc:10.1.0.42:43637|dataStream:10.1.0.42:39167|priority:0|startupRole:FOLLOWER, ef2d612f-7c32-4639-b0f9-22a0544f56e6|rpc:10.1.0.42:37423|dataStream:10.1.0.42:34035|priority:1|startupRole:FOLLOWER]|listeners:[], old=null
2023-02-28 04:32:30,386 [be78be15-616a-41d9-9b13-64e624dde3ac-server-thread1] INFO  segmented.SegmentedRaftLogWorker (SegmentedRaftLogWorker.java:startLogSegment(452)) - be78be15-616a-41d9-9b13-64e624dde3ac@group-D520026A883B-SegmentedRaftLogWorker: Starting segment from index:0
2023-02-28 04:32:30,387 [f3c0879f-2b51-472f-a21d-9b1dd65624d4-server-thread1] INFO  ratis.XceiverServerRatis (XceiverServerRatis.java:handleLeaderChangedNotification(905)) - Leader change notification received for group: group-D520026A883B with new leaderId: ef2d612f-7c32-4639-b0f9-22a0544f56e6
2023-02-28 04:32:30,394 [be78be15-616a-41d9-9b13-64e624dde3ac@group-16B54C0A1844-LeaderElection6] INFO  impl.LeaderElection (LeaderElection.java:askForVotes(312)) - be78be15-616a-41d9-9b13-64e624dde3ac@group-16B54C0A1844-LeaderElection6 PRE_VOTE round 0: submit vote requests at term 0 for -1: peers:[be78be15-616a-41d9-9b13-64e624dde3ac|rpc:10.1.0.42:38523|dataStream:10.1.0.42:43621|priority:1|startupRole:FOLLOWER]|listeners:[], old=null
2023-02-28 04:32:30,394 [be78be15-616a-41d9-9b13-64e624dde3ac@group-16B54C0A1844-LeaderElection6] INFO  impl.LeaderElection (LeaderElection.java:askForVotes(314)) - be78be15-616a-41d9-9b13-64e624dde3ac@group-16B54C0A1844-LeaderElection6 PRE_VOTE round 0: result PASSED (term=0)
2023-02-28 04:32:30,394 [f3c0879f-2b51-472f-a21d-9b1dd65624d4-server-thread1] INFO  server.RaftServer$Division (ServerState.java:setLeader(313)) - f3c0879f-2b51-472f-a21d-9b1dd65624d4@group-D520026A883B: change Leader from null to ef2d612f-7c32-4639-b0f9-22a0544f56e6 at term 1 for appendEntries, leader elected after 5323ms
2023-02-28 04:32:30,394 [be78be15-616a-41d9-9b13-64e624dde3ac@group-D520026A883B-SegmentedRaftLogWorker] INFO  segmented.SegmentedRaftLogWorker (SegmentedRaftLogWorker.java:execute(656)) - be78be15-616a-41d9-9b13-64e624dde3ac@group-D520026A883B-SegmentedRaftLogWorker: created new log segment /home/runner/work/ozone/ozone/hadoop-ozone/integration-test/target/test-dir/MiniOzoneClusterImpl-f9e21395-1bcf-40d4-8edb-6f91c23aa5c2/datanode-1/data/ratis/3a99d1bb-d425-471f-aa2d-d520026a883b/current/log_inprogress_0
2023-02-28 04:32:30,405 [be78be15-616a-41d9-9b13-64e624dde3ac@group-16B54C0A1844-LeaderElection6] INFO  impl.LeaderElection (LeaderElection.java:askForVotes(312)) - be78be15-616a-41d9-9b13-64e624dde3ac@group-16B54C0A1844-LeaderElection6 ELECTION round 0: submit vote requests at term 1 for -1: peers:[be78be15-616a-41d9-9b13-64e624dde3ac|rpc:10.1.0.42:38523|dataStream:10.1.0.42:43621|priority:1|startupRole:FOLLOWER]|listeners:[], old=null
2023-02-28 04:32:30,405 [be78be15-616a-41d9-9b13-64e624dde3ac@group-16B54C0A1844-LeaderElection6] INFO  impl.LeaderElection (LeaderElection.java:askForVotes(314)) - be78be15-616a-41d9-9b13-64e624dde3ac@group-16B54C0A1844-LeaderElection6 ELECTION round 0: result PASSED (term=1)
2023-02-28 04:32:30,405 [be78be15-616a-41d9-9b13-64e624dde3ac@group-16B54C0A1844-LeaderElection6] INFO  impl.RoleInfo (RoleInfo.java:shutdownLeaderElection(130)) - be78be15-616a-41d9-9b13-64e624dde3ac: shutdown be78be15-616a-41d9-9b13-64e624dde3ac@group-16B54C0A1844-LeaderElection6
2023-02-28 04:32:30,405 [be78be15-616a-41d9-9b13-64e624dde3ac@group-16B54C0A1844-LeaderElection6] INFO  server.RaftServer$Division (RaftServerImpl.java:setRole(321)) - be78be15-616a-41d9-9b13-64e624dde3ac@group-16B54C0A1844: changes role from CANDIDATE to LEADER at term 1 for changeToLeader
2023-02-28 04:32:30,405 [be78be15-616a-41d9-9b13-64e624dde3ac@group-16B54C0A1844-LeaderElection6] INFO  ratis.XceiverServerRatis (XceiverServerRatis.java:handleLeaderChangedNotification(905)) - Leader change notification received for group: group-16B54C0A1844 with new leaderId: be78be15-616a-41d9-9b13-64e624dde3ac
2023-02-28 04:32:30,405 [be78be15-616a-41d9-9b13-64e624dde3ac@group-16B54C0A1844-LeaderElection6] INFO  server.RaftServer$Division (ServerState.java:setLeader(313)) - be78be15-616a-41d9-9b13-64e624dde3ac@group-16B54C0A1844: change Leader from null to be78be15-616a-41d9-9b13-64e624dde3ac at term 1 for becomeLeader, leader elected after 5163ms
2023-02-28 04:32:30,405 [be78be15-616a-41d9-9b13-64e624dde3ac@group-16B54C0A1844-LeaderElection6] INFO  server.RaftServerConfigKeys (ConfUtils.java:logGet(46)) - raft.server.staging.catchup.gap = 1000 (default)
2023-02-28 04:32:30,406 [be78be15-616a-41d9-9b13-64e624dde3ac@group-16B54C0A1844-LeaderElection6] INFO  server.RaftServerConfigKeys (ConfUtils.java:logGet(46)) - raft.server.write.element-limit = 1024 (custom)
2023-02-28 04:32:30,406 [be78be15-616a-41d9-9b13-64e624dde3ac@group-16B54C0A1844-LeaderElection6] INFO  server.RaftServerConfigKeys (ConfUtils.java:logGet(46)) - raft.server.write.byte-limit = 1024 M (=1073741824) (custom)
2023-02-28 04:32:30,406 [be78be15-616a-41d9-9b13-64e624dde3ac@group-16B54C0A1844-LeaderElection6] INFO  server.RaftServerConfigKeys (ConfUtils.java:logGet(46)) - raft.server.watch.timeout = 180s (custom)
2023-02-28 04:32:30,406 [be78be15-616a-41d9-9b13-64e624dde3ac@group-16B54C0A1844-LeaderElection6] INFO  server.RaftServerConfigKeys (ConfUtils.java:logGet(46)) - raft.server.watch.timeout.denomination = 1s (default)
2023-02-28 04:32:30,406 [be78be15-616a-41d9-9b13-64e624dde3ac@group-16B54C0A1844-LeaderElection6] INFO  server.RaftServerConfigKeys (ConfUtils.java:logGet(46)) - raft.server.watch.element-limit = 65536 (default)
2023-02-28 04:32:30,406 [be78be15-616a-41d9-9b13-64e624dde3ac@group-16B54C0A1844-LeaderElection6] INFO  server.RaftServerConfigKeys (ConfUtils.java:logGet(46)) - raft.server.write.element-limit = 1024 (custom)
2023-02-28 04:32:30,406 [be78be15-616a-41d9-9b13-64e624dde3ac@group-16B54C0A1844-LeaderElection6] INFO  server.RaftServerConfigKeys (ConfUtils.java:logGet(46)) - raft.server.write.follower.gap.ratio.max = -1.0 (default)
2023-02-28 04:32:30,406 [be78be15-616a-41d9-9b13-64e624dde3ac@group-16B54C0A1844-LeaderElection6] INFO  impl.RoleInfo (RoleInfo.java:updateAndGet(139)) - be78be15-616a-41d9-9b13-64e624dde3ac: start be78be15-616a-41d9-9b13-64e624dde3ac@group-16B54C0A1844-LeaderStateImpl
2023-02-28 04:32:30,406 [be78be15-616a-41d9-9b13-64e624dde3ac@group-16B54C0A1844-LeaderElection6] INFO  segmented.SegmentedRaftLogWorker (SegmentedRaftLogWorker.java:startLogSegment(452)) - be78be15-616a-41d9-9b13-64e624dde3ac@group-16B54C0A1844-SegmentedRaftLogWorker: Starting segment from index:0
2023-02-28 04:32:30,408 [be78be15-616a-41d9-9b13-64e624dde3ac@group-16B54C0A1844-SegmentedRaftLogWorker] INFO  segmented.SegmentedRaftLogWorker (SegmentedRaftLogWorker.java:execute(656)) - be78be15-616a-41d9-9b13-64e624dde3ac@group-16B54C0A1844-SegmentedRaftLogWorker: created new log segment /home/runner/work/ozone/ozone/hadoop-ozone/integration-test/target/test-dir/MiniOzoneClusterImpl-f9e21395-1bcf-40d4-8edb-6f91c23aa5c2/datanode-1/data/ratis/decc78ee-b028-4db4-b35b-16b54c0a1844/current/log_inprogress_0
2023-02-28 04:32:30,408 [f3c0879f-2b51-472f-a21d-9b1dd65624d4-server-thread1] INFO  server.RaftServer$Division (ServerState.java:setRaftConf(430)) - f3c0879f-2b51-472f-a21d-9b1dd65624d4@group-D520026A883B: set configuration 0: peers:[be78be15-616a-41d9-9b13-64e624dde3ac|rpc:10.1.0.42:38523|dataStream:10.1.0.42:43621|priority:0|startupRole:FOLLOWER, f3c0879f-2b51-472f-a21d-9b1dd65624d4|rpc:10.1.0.42:43637|dataStream:10.1.0.42:39167|priority:0|startupRole:FOLLOWER, ef2d612f-7c32-4639-b0f9-22a0544f56e6|rpc:10.1.0.42:37423|dataStream:10.1.0.42:34035|priority:1|startupRole:FOLLOWER]|listeners:[], old=null
2023-02-28 04:32:30,408 [f3c0879f-2b51-472f-a21d-9b1dd65624d4-server-thread1] INFO  segmented.SegmentedRaftLogWorker (SegmentedRaftLogWorker.java:startLogSegment(452)) - f3c0879f-2b51-472f-a21d-9b1dd65624d4@group-D520026A883B-SegmentedRaftLogWorker: Starting segment from index:0
2023-02-28 04:32:30,415 [be78be15-616a-41d9-9b13-64e624dde3ac@group-16B54C0A1844-LeaderElection6] INFO  server.RaftServer$Division (ServerState.java:setRaftConf(430)) - be78be15-616a-41d9-9b13-64e624dde3ac@group-16B54C0A1844: set configuration 0: peers:[be78be15-616a-41d9-9b13-64e624dde3ac|rpc:10.1.0.42:38523|dataStream:10.1.0.42:43621|priority:1|startupRole:FOLLOWER]|listeners:[], old=null
2023-02-28 04:32:30,416 [f3c0879f-2b51-472f-a21d-9b1dd65624d4@group-D520026A883B-SegmentedRaftLogWorker] INFO  segmented.SegmentedRaftLogWorker (SegmentedRaftLogWorker.java:execute(656)) - f3c0879f-2b51-472f-a21d-9b1dd65624d4@group-D520026A883B-SegmentedRaftLogWorker: created new log segment /home/runner/work/ozone/ozone/hadoop-ozone/integration-test/target/test-dir/MiniOzoneClusterImpl-f9e21395-1bcf-40d4-8edb-6f91c23aa5c2/datanode-0/data/ratis/3a99d1bb-d425-471f-aa2d-d520026a883b/current/log_inprogress_0
2023-02-28 04:32:30,612 [Listener at 127.0.0.1/43975] INFO  ozone.MiniOzoneClusterImpl (MiniOzoneClusterImpl.java:lambda$waitForClusterToBeReady$0(218)) - Nodes are ready. Got 3 of 3 DN Heartbeats.
2023-02-28 04:32:30,612 [Listener at 127.0.0.1/43975] INFO  ozone.MiniOzoneClusterImpl (MiniOzoneClusterImpl.java:lambda$waitForClusterToBeReady$0(221)) - Cluster exits safe mode
2023-02-28 04:32:30,612 [Listener at 127.0.0.1/43975] INFO  ozone.MiniOzoneClusterImpl (MiniOzoneClusterImpl.java:lambda$waitForClusterToBeReady$0(223)) - SCM became leader
2023-02-28 04:32:31,015 [ef2d612f-7c32-4639-b0f9-22a0544f56e6@group-4707E66DC214-FollowerState] INFO  impl.FollowerState (FollowerState.java:run(143)) - ef2d612f-7c32-4639-b0f9-22a0544f56e6@group-4707E66DC214-FollowerState: change to CANDIDATE, lastRpcElapsedTime:5112616018ns, electionTimeout:5110ms
2023-02-28 04:32:31,015 [ef2d612f-7c32-4639-b0f9-22a0544f56e6@group-4707E66DC214-FollowerState] INFO  impl.RoleInfo (RoleInfo.java:shutdownFollowerState(110)) - ef2d612f-7c32-4639-b0f9-22a0544f56e6: shutdown ef2d612f-7c32-4639-b0f9-22a0544f56e6@group-4707E66DC214-FollowerState
2023-02-28 04:32:31,015 [ef2d612f-7c32-4639-b0f9-22a0544f56e6@group-4707E66DC214-FollowerState] INFO  server.RaftServer$Division (RaftServerImpl.java:setRole(321)) - ef2d612f-7c32-4639-b0f9-22a0544f56e6@group-4707E66DC214: changes role from  FOLLOWER to CANDIDATE at term 0 for changeToCandidate
2023-02-28 04:32:31,015 [ef2d612f-7c32-4639-b0f9-22a0544f56e6@group-4707E66DC214-FollowerState] INFO  server.RaftServerConfigKeys (ConfUtils.java:logGet(46)) - raft.server.leaderelection.pre-vote = true (default)
2023-02-28 04:32:31,015 [ef2d612f-7c32-4639-b0f9-22a0544f56e6@group-4707E66DC214-FollowerState] INFO  impl.RoleInfo (RoleInfo.java:updateAndGet(139)) - ef2d612f-7c32-4639-b0f9-22a0544f56e6: start ef2d612f-7c32-4639-b0f9-22a0544f56e6@group-4707E66DC214-LeaderElection7
2023-02-28 04:32:31,019 [ef2d612f-7c32-4639-b0f9-22a0544f56e6@group-4707E66DC214-LeaderElection7] INFO  impl.LeaderElection (LeaderElection.java:askForVotes(312)) - ef2d612f-7c32-4639-b0f9-22a0544f56e6@group-4707E66DC214-LeaderElection7 PRE_VOTE round 0: submit vote requests at term 0 for -1: peers:[ef2d612f-7c32-4639-b0f9-22a0544f56e6|rpc:10.1.0.42:37423|dataStream:10.1.0.42:34035|priority:1|startupRole:FOLLOWER]|listeners:[], old=null
2023-02-28 04:32:31,019 [ef2d612f-7c32-4639-b0f9-22a0544f56e6@group-4707E66DC214-LeaderElection7] INFO  impl.LeaderElection (LeaderElection.java:askForVotes(314)) - ef2d612f-7c32-4639-b0f9-22a0544f56e6@group-4707E66DC214-LeaderElection7 PRE_VOTE round 0: result PASSED (term=0)
2023-02-28 04:32:31,020 [ef2d612f-7c32-4639-b0f9-22a0544f56e6@group-4707E66DC214-LeaderElection7] INFO  impl.LeaderElection (LeaderElection.java:askForVotes(312)) - ef2d612f-7c32-4639-b0f9-22a0544f56e6@group-4707E66DC214-LeaderElection7 ELECTION round 0: submit vote requests at term 1 for -1: peers:[ef2d612f-7c32-4639-b0f9-22a0544f56e6|rpc:10.1.0.42:37423|dataStream:10.1.0.42:34035|priority:1|startupRole:FOLLOWER]|listeners:[], old=null
2023-02-28 04:32:31,022 [ef2d612f-7c32-4639-b0f9-22a0544f56e6@group-4707E66DC214-LeaderElection7] INFO  impl.LeaderElection (LeaderElection.java:askForVotes(314)) - ef2d612f-7c32-4639-b0f9-22a0544f56e6@group-4707E66DC214-LeaderElection7 ELECTION round 0: result PASSED (term=1)
2023-02-28 04:32:31,022 [ef2d612f-7c32-4639-b0f9-22a0544f56e6@group-4707E66DC214-LeaderElection7] INFO  impl.RoleInfo (RoleInfo.java:shutdownLeaderElection(130)) - ef2d612f-7c32-4639-b0f9-22a0544f56e6: shutdown ef2d612f-7c32-4639-b0f9-22a0544f56e6@group-4707E66DC214-LeaderElection7
2023-02-28 04:32:31,022 [ef2d612f-7c32-4639-b0f9-22a0544f56e6@group-4707E66DC214-LeaderElection7] INFO  server.RaftServer$Division (RaftServerImpl.java:setRole(321)) - ef2d612f-7c32-4639-b0f9-22a0544f56e6@group-4707E66DC214: changes role from CANDIDATE to LEADER at term 1 for changeToLeader
2023-02-28 04:32:31,022 [ef2d612f-7c32-4639-b0f9-22a0544f56e6@group-4707E66DC214-LeaderElection7] INFO  ratis.XceiverServerRatis (XceiverServerRatis.java:handleLeaderChangedNotification(905)) - Leader change notification received for group: group-4707E66DC214 with new leaderId: ef2d612f-7c32-4639-b0f9-22a0544f56e6
2023-02-28 04:32:31,025 [ef2d612f-7c32-4639-b0f9-22a0544f56e6@group-4707E66DC214-LeaderElection7] INFO  server.RaftServer$Division (ServerState.java:setLeader(313)) - ef2d612f-7c32-4639-b0f9-22a0544f56e6@group-4707E66DC214: change Leader from null to ef2d612f-7c32-4639-b0f9-22a0544f56e6 at term 1 for becomeLeader, leader elected after 5413ms
2023-02-28 04:32:31,026 [ef2d612f-7c32-4639-b0f9-22a0544f56e6@group-4707E66DC214-LeaderElection7] INFO  server.RaftServerConfigKeys (ConfUtils.java:logGet(46)) - raft.server.staging.catchup.gap = 1000 (default)
2023-02-28 04:32:31,026 [ef2d612f-7c32-4639-b0f9-22a0544f56e6@group-4707E66DC214-LeaderElection7] INFO  server.RaftServerConfigKeys (ConfUtils.java:logGet(46)) - raft.server.write.element-limit = 1024 (custom)
2023-02-28 04:32:31,027 [ef2d612f-7c32-4639-b0f9-22a0544f56e6@group-4707E66DC214-LeaderElection7] INFO  server.RaftServerConfigKeys (ConfUtils.java:logGet(46)) - raft.server.write.byte-limit = 1024 M (=1073741824) (custom)
2023-02-28 04:32:31,027 [ef2d612f-7c32-4639-b0f9-22a0544f56e6@group-4707E66DC214-LeaderElection7] INFO  server.RaftServerConfigKeys (ConfUtils.java:logGet(46)) - raft.server.watch.timeout = 180s (custom)
2023-02-28 04:32:31,027 [ef2d612f-7c32-4639-b0f9-22a0544f56e6@group-4707E66DC214-LeaderElection7] INFO  server.RaftServerConfigKeys (ConfUtils.java:logGet(46)) - raft.server.watch.timeout.denomination = 1s (default)
2023-02-28 04:32:31,027 [ef2d612f-7c32-4639-b0f9-22a0544f56e6@group-4707E66DC214-LeaderElection7] INFO  server.RaftServerConfigKeys (ConfUtils.java:logGet(46)) - raft.server.watch.element-limit = 65536 (default)
2023-02-28 04:32:31,027 [ef2d612f-7c32-4639-b0f9-22a0544f56e6@group-4707E66DC214-LeaderElection7] INFO  server.RaftServerConfigKeys (ConfUtils.java:logGet(46)) - raft.server.write.element-limit = 1024 (custom)
2023-02-28 04:32:31,027 [ef2d612f-7c32-4639-b0f9-22a0544f56e6@group-4707E66DC214-LeaderElection7] INFO  server.RaftServerConfigKeys (ConfUtils.java:logGet(46)) - raft.server.write.follower.gap.ratio.max = -1.0 (default)
2023-02-28 04:32:31,027 [ef2d612f-7c32-4639-b0f9-22a0544f56e6@group-4707E66DC214-LeaderElection7] INFO  impl.RoleInfo (RoleInfo.java:updateAndGet(139)) - ef2d612f-7c32-4639-b0f9-22a0544f56e6: start ef2d612f-7c32-4639-b0f9-22a0544f56e6@group-4707E66DC214-LeaderStateImpl
2023-02-28 04:32:31,029 [ef2d612f-7c32-4639-b0f9-22a0544f56e6@group-4707E66DC214-LeaderElection7] INFO  segmented.SegmentedRaftLogWorker (SegmentedRaftLogWorker.java:startLogSegment(452)) - ef2d612f-7c32-4639-b0f9-22a0544f56e6@group-4707E66DC214-SegmentedRaftLogWorker: Starting segment from index:0
2023-02-28 04:32:31,032 [ef2d612f-7c32-4639-b0f9-22a0544f56e6@group-4707E66DC214-LeaderElection7] INFO  server.RaftServer$Division (ServerState.java:setRaftConf(430)) - ef2d612f-7c32-4639-b0f9-22a0544f56e6@group-4707E66DC214: set configuration 0: peers:[ef2d612f-7c32-4639-b0f9-22a0544f56e6|rpc:10.1.0.42:37423|dataStream:10.1.0.42:34035|priority:1|startupRole:FOLLOWER]|listeners:[], old=null
2023-02-28 04:32:31,033 [ef2d612f-7c32-4639-b0f9-22a0544f56e6@group-4707E66DC214-SegmentedRaftLogWorker] INFO  segmented.SegmentedRaftLogWorker (SegmentedRaftLogWorker.java:execute(656)) - ef2d612f-7c32-4639-b0f9-22a0544f56e6@group-4707E66DC214-SegmentedRaftLogWorker: created new log segment /home/runner/work/ozone/ozone/hadoop-ozone/integration-test/target/test-dir/MiniOzoneClusterImpl-f9e21395-1bcf-40d4-8edb-6f91c23aa5c2/datanode-2/data/ratis/661bc918-6399-4a3f-b0ce-4707e66dc214/current/log_inprogress_0
2023-02-28 04:32:31,138 [Listener at 127.0.0.1/43975] INFO  rpc.RpcClient (RpcClient.java:createVolume(476)) - Creating Volume: volume52010, with user34755 as owner and space quota set to -1 bytes, counts quota set to -1
2023-02-28 04:32:31,198 [OM StateMachine ApplyTransaction Thread - 0] INFO  volume.OMVolumeCreateRequest (OMVolumeCreateRequest.java:validateAndUpdateCache(195)) - created volume:volume52010 for user:user34755
2023-02-28 04:32:31,212 [OM StateMachine ApplyTransaction Thread - 0] INFO  volume.OMVolumeCreateRequest (OMVolumeCreateRequest.java:validateAndUpdateCache(195)) - created volume:volume52010 for user:user34755
2023-02-28 04:32:31,213 [OM StateMachine ApplyTransaction Thread - 0] INFO  volume.OMVolumeCreateRequest (OMVolumeCreateRequest.java:validateAndUpdateCache(195)) - created volume:volume52010 for user:user34755
2023-02-28 04:32:31,229 [Listener at 127.0.0.1/43975] INFO  rpc.RpcClient (RpcClient.java:createBucket(698)) - Creating Bucket: volume52010/bucket20296, with bucket layout OBJECT_STORE, runner as owner, Versioning false, Storage Type set to DISK and Encryption set to false, Replication Type set to server-side default replication type, Namespace Quota set to -1, Space Quota set to -1 
2023-02-28 04:32:31,250 [OM StateMachine ApplyTransaction Thread - 0] INFO  bucket.OMBucketCreateRequest (OMBucketCreateRequest.java:validateAndUpdateCache(263)) - created bucket: bucket20296 of layout OBJECT_STORE in volume: volume52010
2023-02-28 04:32:31,255 [OM StateMachine ApplyTransaction Thread - 0] INFO  bucket.OMBucketCreateRequest (OMBucketCreateRequest.java:validateAndUpdateCache(263)) - created bucket: bucket20296 of layout OBJECT_STORE in volume: volume52010
2023-02-28 04:32:31,255 [OM StateMachine ApplyTransaction Thread - 0] INFO  bucket.OMBucketCreateRequest (OMBucketCreateRequest.java:validateAndUpdateCache(263)) - created bucket: bucket20296 of layout OBJECT_STORE in volume: volume52010
2023-02-28 04:32:31,283 [Listener at 127.0.0.1/43975] INFO  utils.BackgroundService (BackgroundService.java:shutdown(141)) - Shutting down service KeyDeletingService
2023-02-28 04:32:31,283 [Listener at 127.0.0.1/43975] INFO  utils.BackgroundService (BackgroundService.java:shutdown(141)) - Shutting down service DirectoryDeletingService
2023-02-28 04:32:31,283 [Listener at 127.0.0.1/43975] INFO  utils.BackgroundService (BackgroundService.java:shutdown(141)) - Shutting down service OpenKeyCleanupService
2023-02-28 04:32:31,284 [Listener at 127.0.0.1/43975] INFO  utils.BackgroundService (BackgroundService.java:shutdown(141)) - Shutting down service SstFilteringService
2023-02-28 04:32:31,284 [Listener at 127.0.0.1/43975] WARN  server.ServerUtils (ServerUtils.java:getDBPath(225)) - ozone.om.db.dirs is not configured. We recommend adding this setting. Falling back to ozone.metadata.dirs instead.
2023-02-28 04:32:31,291 [Time-limited test] INFO  rpc.RpcClient (RpcClient.java:createVolume(476)) - Creating Volume: vol-18075, with runner as owner and space quota set to -1 bytes, counts quota set to -1
2023-02-28 04:32:31,302 [OM StateMachine ApplyTransaction Thread - 0] INFO  volume.OMVolumeCreateRequest (OMVolumeCreateRequest.java:validateAndUpdateCache(195)) - created volume:vol-18075 for user:runner
2023-02-28 04:32:31,305 [OM StateMachine ApplyTransaction Thread - 0] INFO  volume.OMVolumeCreateRequest (OMVolumeCreateRequest.java:validateAndUpdateCache(195)) - created volume:vol-18075 for user:runner
2023-02-28 04:32:31,306 [OM StateMachine ApplyTransaction Thread - 0] INFO  volume.OMVolumeCreateRequest (OMVolumeCreateRequest.java:validateAndUpdateCache(195)) - created volume:vol-18075 for user:runner
]]></system-out>
  </testcase>
  <testcase name="testNonExistentBucket" classname="TestOmSnapshot" time="21.955">
    <system-out><![CDATA[2023-02-28 04:33:05,080 [Listener at 127.0.0.1/43975] INFO  ozone.MiniOzoneClusterImpl (MiniOzoneClusterImpl.java:shutdown(450)) - Shutting down the Mini Ozone Cluster
2023-02-28 04:33:05,080 [Listener at 127.0.0.1/43975] INFO  ozone.MiniOzoneHAClusterImpl (MiniOzoneHAClusterImpl.java:stop(312)) - Stopping the OzoneManager omNode-3
2023-02-28 04:33:05,080 [Listener at 127.0.0.1/43975] INFO  om.OzoneManager (OzoneManager.java:stop(2153)) - omNode-3[localhost:43975]: Stopping Ozone Manager
2023-02-28 04:33:05,081 [Listener at 127.0.0.1/43975] INFO  ipc.Server (Server.java:stop(3428)) - Stopping server on 43975
2023-02-28 04:33:05,085 [IPC Server listener on 43975] INFO  ipc.Server (Server.java:run(1384)) - Stopping IPC Server listener on 43975
2023-02-28 04:33:05,085 [IPC Server Responder] INFO  ipc.Server (Server.java:run(1517)) - Stopping IPC Server Responder
2023-02-28 04:33:05,094 [Listener at 127.0.0.1/43975] INFO  server.RaftServer (RaftServerProxy.java:lambda$close$6(409)) - omNode-3: close
2023-02-28 04:33:05,095 [Listener at 127.0.0.1/43975] INFO  server.GrpcService (GrpcService.java:closeImpl(271)) - omNode-3: shutdown server GrpcServerProtocolService now
2023-02-28 04:33:05,096 [omNode-3-impl-thread1] INFO  server.RaftServer$Division (RaftServerImpl.java:lambda$close$4(458)) - omNode-3@group-523986131536: shutdown
2023-02-28 04:33:05,096 [omNode-3-impl-thread1] INFO  util.JmxRegister (JmxRegister.java:unregister(73)) - Successfully un-registered JMX Bean with object name Ratis:service=RaftServer,group=group-523986131536,id=omNode-3
2023-02-28 04:33:05,096 [omNode-3-impl-thread1] INFO  impl.RoleInfo (RoleInfo.java:shutdownFollowerState(110)) - omNode-3: shutdown omNode-3@group-523986131536-FollowerState
2023-02-28 04:33:05,096 [omNode-3-impl-thread1] INFO  impl.StateMachineUpdater (StateMachineUpdater.java:stopAndJoin(153)) - omNode-3@group-523986131536-StateMachineUpdater: set stopIndex = 708
2023-02-28 04:33:05,096 [omNode-3@group-523986131536-FollowerState] INFO  impl.FollowerState (FollowerState.java:run(152)) - omNode-3@group-523986131536-FollowerState was interrupted
2023-02-28 04:33:05,097 [omNode-3@group-523986131536-StateMachineUpdater] INFO  ratis.OzoneManagerStateMachine (OzoneManagerStateMachine.java:takeSnapshot(445)) - Current Snapshot Index (t:1, i:708)
2023-02-28 04:33:05,104 [omNode-3@group-523986131536-StateMachineUpdater] INFO  impl.StateMachineUpdater (StateMachineUpdater.java:takeSnapshot(287)) - omNode-3@group-523986131536-StateMachineUpdater: Took a snapshot at index 708
2023-02-28 04:33:05,105 [omNode-3@group-523986131536-StateMachineUpdater] INFO  impl.StateMachineUpdater (StateMachineUpdater.java:lambda$new$0(92)) - omNode-3@group-523986131536-StateMachineUpdater: snapshotIndex: updateIncreasingly -1 -> 708
2023-02-28 04:33:05,106 [omNode-3@group-523986131536-StateMachineUpdater] INFO  ratis.OzoneManagerStateMachine (OzoneManagerStateMachine.java:close(499)) - StateMachine has shutdown. Shutdown OzoneManager if not already shutdown.
2023-02-28 04:33:05,106 [omNode-3@group-523986131536-StateMachineUpdater] INFO  ratis.OzoneManagerDoubleBuffer (OzoneManagerDoubleBuffer.java:stopDaemon(540)) - Stopping OMDoubleBuffer flush thread
2023-02-28 04:33:05,106 [OMDoubleBufferFlushThread] INFO  ratis.OzoneManagerDoubleBuffer (OzoneManagerDoubleBuffer.java:canFlush(625)) - OMDoubleBuffer flush thread OMDoubleBufferFlushThread is interrupted and will exit.
2023-02-28 04:33:05,112 [grpc-default-executor-2] WARN  server.GrpcServerProtocolService (LogUtils.java:warn(122)) - omNode-3: installSnapshot onError, lastRequest: omNode-1->omNode-3#16389-t1,previous=(t:1, i:707),leaderCommit=707,initializing? true,entries: size=1, first=(t:1, i:708), METADATAENTRY(c:707): org.apache.ratis.thirdparty.io.grpc.StatusRuntimeException: CANCELLED: client cancelled
2023-02-28 04:33:05,112 [omNode-3-impl-thread1] INFO  server.RaftServer$Division (ServerState.java:close(466)) - omNode-3@group-523986131536: closes. applyIndex: 708
2023-02-28 04:33:05,113 [omNode-3@group-523986131536-SegmentedRaftLogWorker] INFO  segmented.SegmentedRaftLogWorker (SegmentedRaftLogWorker.java:run(347)) - omNode-3@group-523986131536-SegmentedRaftLogWorker was interrupted, exiting. There are 0 tasks remaining in the queue.
2023-02-28 04:33:05,114 [Listener at 127.0.0.1/43975] INFO  server.GrpcService (GrpcService.java:closeImpl(280)) - omNode-3: shutdown server GrpcServerProtocolService successfully
2023-02-28 04:33:05,115 [omNode-3-impl-thread1] INFO  segmented.SegmentedRaftLogWorker (SegmentedRaftLogWorker.java:close(257)) - omNode-3@group-523986131536-SegmentedRaftLogWorker close()
2023-02-28 04:33:05,117 [JvmPauseMonitor2] INFO  util.JvmPauseMonitor (JvmPauseMonitor.java:run(111)) - JvmPauseMonitor-omNode-3: Stopped
2023-02-28 04:33:05,114 [grpc-default-executor-3] WARN  server.GrpcServerProtocolService (LogUtils.java:warn(122)) - omNode-3: installSnapshot onError, lastRequest: null: org.apache.ratis.thirdparty.io.grpc.StatusRuntimeException: CANCELLED: client cancelled
2023-02-28 04:33:05,118 [Listener at 127.0.0.1/43975] INFO  ratis.OzoneManagerStateMachine (OzoneManagerStateMachine.java:close(499)) - StateMachine has shutdown. Shutdown OzoneManager if not already shutdown.
2023-02-28 04:33:05,118 [Listener at 127.0.0.1/43975] INFO  ratis.OzoneManagerDoubleBuffer (OzoneManagerDoubleBuffer.java:stopDaemon(549)) - OMDoubleBuffer flush thread is not running.
2023-02-28 04:33:05,118 [grpc-default-executor-4] WARN  server.GrpcLogAppender (LogUtils.java:warn(122)) - omNode-1@group-523986131536->omNode-3-AppendLogResponseHandler: Failed appendEntries: org.apache.ratis.thirdparty.io.grpc.StatusRuntimeException: CANCELLED: RST_STREAM closed stream. HTTP/2 error code: CANCEL
2023-02-28 04:33:05,119 [grpc-default-executor-4] INFO  leader.FollowerInfo (FollowerInfoImpl.java:lambda$new$0(48)) - omNode-1@group-523986131536->omNode-3: nextIndex: updateUnconditionally 709 -> 708
2023-02-28 04:33:05,120 [grpc-default-executor-2] WARN  server.GrpcLogAppender (LogUtils.java:warn(122)) - omNode-1@group-523986131536->omNode-3-AppendLogResponseHandler: Failed appendEntries: org.apache.ratis.thirdparty.io.grpc.StatusRuntimeException: CANCELLED: RST_STREAM closed stream. HTTP/2 error code: CANCEL
2023-02-28 04:33:05,121 [Listener at 127.0.0.1/43975] INFO  utils.BackgroundService (BackgroundService.java:shutdown(141)) - Shutting down service KeyDeletingService
2023-02-28 04:33:05,120 [grpc-default-executor-2] INFO  leader.FollowerInfo (FollowerInfoImpl.java:lambda$new$0(48)) - omNode-1@group-523986131536->omNode-3: nextIndex: updateUnconditionally 708 -> 707
2023-02-28 04:33:05,122 [Listener at 127.0.0.1/43975] INFO  utils.BackgroundService (BackgroundService.java:shutdown(141)) - Shutting down service DirectoryDeletingService
2023-02-28 04:33:05,123 [Listener at 127.0.0.1/43975] INFO  utils.BackgroundService (BackgroundService.java:shutdown(141)) - Shutting down service OpenKeyCleanupService
2023-02-28 04:33:05,124 [Listener at 127.0.0.1/43975] INFO  utils.BackgroundService (BackgroundService.java:shutdown(141)) - Shutting down service SstFilteringService
2023-02-28 04:33:05,126 [Listener at 127.0.0.1/43975] INFO  handler.ContextHandler (ContextHandler.java:doStop(1159)) - Stopped o.e.j.w.WebAppContext@209ccf62{ozoneManager,/,null,STOPPED}{file:/home/runner/work/ozone/ozone/hadoop-ozone/integration-test/target/test-classes/webapps/ozoneManager}
2023-02-28 04:33:05,131 [Listener at 127.0.0.1/43975] INFO  server.AbstractConnector (AbstractConnector.java:doStop(383)) - Stopped ServerConnector@4775d6d0{HTTP/1.1, (http/1.1)}{0.0.0.0:35193}
2023-02-28 04:33:05,131 [Listener at 127.0.0.1/43975] INFO  server.session (HouseKeeper.java:stopScavenging(149)) - node0 Stopped scavenging
2023-02-28 04:33:05,131 [Listener at 127.0.0.1/43975] INFO  handler.ContextHandler (ContextHandler.java:doStop(1159)) - Stopped o.e.j.s.ServletContextHandler@42a327e{static,/static,file:///home/runner/work/ozone/ozone/hadoop-ozone/integration-test/target/test-classes/webapps/static,STOPPED}
2023-02-28 04:33:05,132 [Listener at 127.0.0.1/43975] INFO  handler.ContextHandler (ContextHandler.java:doStop(1159)) - Stopped o.e.j.s.ServletContextHandler@15f436d7{logs,/logs,file:///home/runner/work/ozone/ozone/hadoop-ozone/integration-test/target/log,STOPPED}
2023-02-28 04:33:05,134 [grpc-default-executor-2] WARN  server.GrpcLogAppender (LogUtils.java:warn(122)) - omNode-1@group-523986131536->omNode-3-AppendLogResponseHandler: Failed appendEntries: org.apache.ratis.thirdparty.io.grpc.StatusRuntimeException: UNAVAILABLE: io exception
2023-02-28 04:33:05,135 [grpc-default-executor-2] INFO  leader.FollowerInfo (FollowerInfoImpl.java:lambda$new$0(48)) - omNode-1@group-523986131536->omNode-3: nextIndex: updateUnconditionally 709 -> 708
2023-02-28 04:33:05,135 [grpc-default-executor-4] WARN  server.GrpcLogAppender (LogUtils.java:warn(122)) - omNode-1@group-523986131536->omNode-3-AppendLogResponseHandler: Failed appendEntries: org.apache.ratis.thirdparty.io.grpc.StatusRuntimeException: UNAVAILABLE: io exception
2023-02-28 04:33:05,135 [grpc-default-executor-4] INFO  leader.FollowerInfo (FollowerInfoImpl.java:lambda$new$0(48)) - omNode-1@group-523986131536->omNode-3: nextIndex: updateUnconditionally 708 -> 707
2023-02-28 04:33:05,146 [Listener at 127.0.0.1/43975] INFO  ozone.MiniOzoneHAClusterImpl (MiniOzoneHAClusterImpl.java:stop(312)) - Stopping the OzoneManager omNode-1
2023-02-28 04:33:05,146 [Listener at 127.0.0.1/43975] INFO  om.OzoneManager (OzoneManager.java:stop(2153)) - omNode-1[localhost:40781]: Stopping Ozone Manager
2023-02-28 04:33:05,148 [Listener at 127.0.0.1/43975] INFO  ipc.Server (Server.java:stop(3428)) - Stopping server on 40781
2023-02-28 04:33:05,151 [IPC Server listener on 40781] INFO  ipc.Server (Server.java:run(1384)) - Stopping IPC Server listener on 40781
2023-02-28 04:33:05,156 [IPC Server Responder] INFO  ipc.Server (Server.java:run(1517)) - Stopping IPC Server Responder
2023-02-28 04:33:05,156 [Listener at 127.0.0.1/43975] INFO  server.RaftServer (RaftServerProxy.java:lambda$close$6(409)) - omNode-1: close
2023-02-28 04:33:05,156 [omNode-1-impl-thread1] INFO  server.RaftServer$Division (RaftServerImpl.java:lambda$close$4(458)) - omNode-1@group-523986131536: shutdown
2023-02-28 04:33:05,156 [omNode-1-impl-thread1] INFO  util.JmxRegister (JmxRegister.java:unregister(73)) - Successfully un-registered JMX Bean with object name Ratis:service=RaftServer,group=group-523986131536,id=omNode-1
2023-02-28 04:33:05,156 [omNode-1-impl-thread1] INFO  impl.RoleInfo (RoleInfo.java:shutdownLeaderState(93)) - omNode-1: shutdown omNode-1@group-523986131536-LeaderStateImpl
2023-02-28 04:33:05,157 [omNode-1-impl-thread1] INFO  impl.PendingRequests (PendingRequests.java:sendNotLeaderResponses(282)) - omNode-1@group-523986131536-PendingRequests: sendNotLeaderResponses
2023-02-28 04:33:05,157 [omNode-1@group-523986131536->omNode-2-GrpcLogAppender-LogAppenderDaemon] WARN  server.GrpcLogAppender (GrpcLogAppender.java:mayWait(200)) - omNode-1@group-523986131536->omNode-2-GrpcLogAppender: Wait interrupted by java.lang.InterruptedException
2023-02-28 04:33:05,157 [omNode-1@group-523986131536->omNode-3-GrpcLogAppender-LogAppenderDaemon] WARN  server.GrpcLogAppender (GrpcLogAppender.java:mayWait(200)) - omNode-1@group-523986131536->omNode-3-GrpcLogAppender: Wait interrupted by java.lang.InterruptedException
2023-02-28 04:33:05,158 [Listener at 127.0.0.1/43975] INFO  server.GrpcService (GrpcService.java:closeImpl(271)) - omNode-1: shutdown server GrpcServerProtocolService now
2023-02-28 04:33:05,159 [grpc-default-executor-4] INFO  server.GrpcServerProtocolService (GrpcServerProtocolService.java:onCompleted(143)) - omNode-2: Completed APPEND_ENTRIES, lastRequest: null
2023-02-28 04:33:05,159 [grpc-default-executor-2] INFO  server.GrpcServerProtocolService (GrpcServerProtocolService.java:onCompleted(143)) - omNode-2: Completed APPEND_ENTRIES, lastRequest: omNode-1->omNode-2#3238-t1,previous=(t:1, i:707),leaderCommit=707,initializing? true,entries: size=1, first=(t:1, i:708), METADATAENTRY(c:707)
2023-02-28 04:33:05,160 [grpc-default-executor-2] INFO  server.GrpcLogAppender (GrpcLogAppender.java:onCompleted(415)) - omNode-1@group-523986131536->omNode-2-AppendLogResponseHandler: follower responses appendEntries COMPLETED
2023-02-28 04:33:05,160 [grpc-default-executor-2] INFO  leader.FollowerInfo (FollowerInfoImpl.java:lambda$new$0(48)) - omNode-1@group-523986131536->omNode-2: nextIndex: updateUnconditionally 709 -> 708
2023-02-28 04:33:05,166 [grpc-default-executor-3] INFO  server.GrpcLogAppender (GrpcLogAppender.java:onCompleted(415)) - omNode-1@group-523986131536->omNode-2-AppendLogResponseHandler: follower responses appendEntries COMPLETED
2023-02-28 04:33:05,167 [grpc-default-executor-3] INFO  leader.FollowerInfo (FollowerInfoImpl.java:lambda$new$0(48)) - omNode-1@group-523986131536->omNode-2: nextIndex: updateUnconditionally 708 -> 707
2023-02-28 04:33:05,169 [omNode-1-impl-thread1] INFO  impl.StateMachineUpdater (StateMachineUpdater.java:stopAndJoin(153)) - omNode-1@group-523986131536-StateMachineUpdater: set stopIndex = 708
2023-02-28 04:33:05,169 [omNode-1@group-523986131536-StateMachineUpdater] INFO  ratis.OzoneManagerStateMachine (OzoneManagerStateMachine.java:takeSnapshot(445)) - Current Snapshot Index (t:1, i:708)
2023-02-28 04:33:05,169 [ForkJoinPool.commonPool-worker-0] INFO  server.GrpcServerProtocolClient (GrpcServerProtocolClient.java:close(101)) - omNode-3 Close channels
2023-02-28 04:33:05,171 [ForkJoinPool.commonPool-worker-0] INFO  server.GrpcServerProtocolClient (GrpcServerProtocolClient.java:close(101)) - omNode-2 Close channels
2023-02-28 04:33:05,174 [Listener at 127.0.0.1/43975] INFO  server.GrpcService (GrpcService.java:closeImpl(280)) - omNode-1: shutdown server GrpcServerProtocolService successfully
2023-02-28 04:33:05,179 [omNode-1@group-523986131536-StateMachineUpdater] INFO  impl.StateMachineUpdater (StateMachineUpdater.java:takeSnapshot(287)) - omNode-1@group-523986131536-StateMachineUpdater: Took a snapshot at index 708
2023-02-28 04:33:05,179 [omNode-1@group-523986131536-StateMachineUpdater] INFO  impl.StateMachineUpdater (StateMachineUpdater.java:lambda$new$0(92)) - omNode-1@group-523986131536-StateMachineUpdater: snapshotIndex: updateIncreasingly -1 -> 708
2023-02-28 04:33:05,179 [omNode-1@group-523986131536-StateMachineUpdater] INFO  ratis.OzoneManagerStateMachine (OzoneManagerStateMachine.java:close(499)) - StateMachine has shutdown. Shutdown OzoneManager if not already shutdown.
2023-02-28 04:33:05,180 [omNode-1@group-523986131536-StateMachineUpdater] INFO  ratis.OzoneManagerDoubleBuffer (OzoneManagerDoubleBuffer.java:stopDaemon(540)) - Stopping OMDoubleBuffer flush thread
2023-02-28 04:33:05,180 [OMDoubleBufferFlushThread] INFO  ratis.OzoneManagerDoubleBuffer (OzoneManagerDoubleBuffer.java:canFlush(625)) - OMDoubleBuffer flush thread OMDoubleBufferFlushThread is interrupted and will exit.
2023-02-28 04:33:05,181 [omNode-1-impl-thread1] INFO  server.RaftServer$Division (ServerState.java:close(466)) - omNode-1@group-523986131536: closes. applyIndex: 708
2023-02-28 04:33:05,181 [omNode-1@group-523986131536-SegmentedRaftLogWorker] INFO  segmented.SegmentedRaftLogWorker (SegmentedRaftLogWorker.java:run(347)) - omNode-1@group-523986131536-SegmentedRaftLogWorker was interrupted, exiting. There are 0 tasks remaining in the queue.
2023-02-28 04:33:05,182 [omNode-1-impl-thread1] INFO  segmented.SegmentedRaftLogWorker (SegmentedRaftLogWorker.java:close(257)) - omNode-1@group-523986131536-SegmentedRaftLogWorker close()
2023-02-28 04:33:05,182 [JvmPauseMonitor0] INFO  util.JvmPauseMonitor (JvmPauseMonitor.java:run(111)) - JvmPauseMonitor-omNode-1: Stopped
2023-02-28 04:33:05,182 [Listener at 127.0.0.1/43975] INFO  ratis.OzoneManagerStateMachine (OzoneManagerStateMachine.java:close(499)) - StateMachine has shutdown. Shutdown OzoneManager if not already shutdown.
2023-02-28 04:33:05,182 [Listener at 127.0.0.1/43975] INFO  ratis.OzoneManagerDoubleBuffer (OzoneManagerDoubleBuffer.java:stopDaemon(549)) - OMDoubleBuffer flush thread is not running.
2023-02-28 04:33:05,183 [Listener at 127.0.0.1/43975] INFO  handler.ContextHandler (ContextHandler.java:doStop(1159)) - Stopped o.e.j.w.WebAppContext@674c1672{ozoneManager,/,null,STOPPED}{file:/home/runner/work/ozone/ozone/hadoop-ozone/integration-test/target/test-classes/webapps/ozoneManager}
2023-02-28 04:33:05,184 [Listener at 127.0.0.1/43975] INFO  server.AbstractConnector (AbstractConnector.java:doStop(383)) - Stopped ServerConnector@2ce33999{HTTP/1.1, (http/1.1)}{0.0.0.0:37941}
2023-02-28 04:33:05,184 [Listener at 127.0.0.1/43975] INFO  server.session (HouseKeeper.java:stopScavenging(149)) - node0 Stopped scavenging
2023-02-28 04:33:05,185 [Listener at 127.0.0.1/43975] INFO  handler.ContextHandler (ContextHandler.java:doStop(1159)) - Stopped o.e.j.s.ServletContextHandler@35815f9d{static,/static,file:///home/runner/work/ozone/ozone/hadoop-ozone/integration-test/target/test-classes/webapps/static,STOPPED}
2023-02-28 04:33:05,185 [Listener at 127.0.0.1/43975] INFO  handler.ContextHandler (ContextHandler.java:doStop(1159)) - Stopped o.e.j.s.ServletContextHandler@33d4ed23{logs,/logs,file:///home/runner/work/ozone/ozone/hadoop-ozone/integration-test/target/log,STOPPED}
2023-02-28 04:33:05,191 [Listener at 127.0.0.1/43975] INFO  ozone.MiniOzoneHAClusterImpl (MiniOzoneHAClusterImpl.java:stop(312)) - Stopping the OzoneManager omNode-2
2023-02-28 04:33:05,191 [Listener at 127.0.0.1/43975] INFO  om.OzoneManager (OzoneManager.java:stop(2153)) - omNode-2[localhost:39453]: Stopping Ozone Manager
2023-02-28 04:33:05,192 [Listener at 127.0.0.1/43975] INFO  ipc.Server (Server.java:stop(3428)) - Stopping server on 39453
2023-02-28 04:33:05,195 [IPC Server listener on 39453] INFO  ipc.Server (Server.java:run(1384)) - Stopping IPC Server listener on 39453
2023-02-28 04:33:05,196 [IPC Server Responder] INFO  ipc.Server (Server.java:run(1517)) - Stopping IPC Server Responder
2023-02-28 04:33:05,197 [Listener at 127.0.0.1/43975] INFO  server.RaftServer (RaftServerProxy.java:lambda$close$6(409)) - omNode-2: close
2023-02-28 04:33:05,197 [omNode-2-impl-thread1] INFO  server.RaftServer$Division (RaftServerImpl.java:lambda$close$4(458)) - omNode-2@group-523986131536: shutdown
2023-02-28 04:33:05,197 [omNode-2-impl-thread1] INFO  util.JmxRegister (JmxRegister.java:unregister(73)) - Successfully un-registered JMX Bean with object name Ratis:service=RaftServer,group=group-523986131536,id=omNode-2
2023-02-28 04:33:05,197 [omNode-2-impl-thread1] INFO  impl.RoleInfo (RoleInfo.java:shutdownFollowerState(110)) - omNode-2: shutdown omNode-2@group-523986131536-FollowerState
2023-02-28 04:33:05,197 [omNode-2-impl-thread1] INFO  impl.StateMachineUpdater (StateMachineUpdater.java:stopAndJoin(153)) - omNode-2@group-523986131536-StateMachineUpdater: set stopIndex = 708
2023-02-28 04:33:05,197 [omNode-2@group-523986131536-FollowerState] INFO  impl.FollowerState (FollowerState.java:run(152)) - omNode-2@group-523986131536-FollowerState was interrupted
2023-02-28 04:33:05,198 [Listener at 127.0.0.1/43975] INFO  server.GrpcService (GrpcService.java:closeImpl(271)) - omNode-2: shutdown server GrpcServerProtocolService now
2023-02-28 04:33:05,198 [omNode-2@group-523986131536-StateMachineUpdater] INFO  ratis.OzoneManagerStateMachine (OzoneManagerStateMachine.java:takeSnapshot(445)) - Current Snapshot Index (t:1, i:708)
2023-02-28 04:33:05,201 [Listener at 127.0.0.1/43975] INFO  server.GrpcService (GrpcService.java:closeImpl(280)) - omNode-2: shutdown server GrpcServerProtocolService successfully
2023-02-28 04:33:05,206 [omNode-2@group-523986131536-StateMachineUpdater] INFO  impl.StateMachineUpdater (StateMachineUpdater.java:takeSnapshot(287)) - omNode-2@group-523986131536-StateMachineUpdater: Took a snapshot at index 708
2023-02-28 04:33:05,206 [omNode-2@group-523986131536-StateMachineUpdater] INFO  impl.StateMachineUpdater (StateMachineUpdater.java:lambda$new$0(92)) - omNode-2@group-523986131536-StateMachineUpdater: snapshotIndex: updateIncreasingly -1 -> 708
2023-02-28 04:33:05,206 [omNode-2@group-523986131536-StateMachineUpdater] INFO  ratis.OzoneManagerStateMachine (OzoneManagerStateMachine.java:close(499)) - StateMachine has shutdown. Shutdown OzoneManager if not already shutdown.
2023-02-28 04:33:05,206 [omNode-2@group-523986131536-StateMachineUpdater] INFO  ratis.OzoneManagerDoubleBuffer (OzoneManagerDoubleBuffer.java:stopDaemon(540)) - Stopping OMDoubleBuffer flush thread
2023-02-28 04:33:05,206 [OMDoubleBufferFlushThread] INFO  ratis.OzoneManagerDoubleBuffer (OzoneManagerDoubleBuffer.java:canFlush(625)) - OMDoubleBuffer flush thread OMDoubleBufferFlushThread is interrupted and will exit.
2023-02-28 04:33:05,207 [omNode-2-impl-thread1] INFO  server.RaftServer$Division (ServerState.java:close(466)) - omNode-2@group-523986131536: closes. applyIndex: 708
2023-02-28 04:33:05,208 [omNode-2@group-523986131536-SegmentedRaftLogWorker] INFO  segmented.SegmentedRaftLogWorker (SegmentedRaftLogWorker.java:run(347)) - omNode-2@group-523986131536-SegmentedRaftLogWorker was interrupted, exiting. There are 0 tasks remaining in the queue.
2023-02-28 04:33:05,208 [omNode-2-impl-thread1] INFO  segmented.SegmentedRaftLogWorker (SegmentedRaftLogWorker.java:close(257)) - omNode-2@group-523986131536-SegmentedRaftLogWorker close()
2023-02-28 04:33:05,209 [JvmPauseMonitor1] INFO  util.JvmPauseMonitor (JvmPauseMonitor.java:run(111)) - JvmPauseMonitor-omNode-2: Stopped
2023-02-28 04:33:05,209 [Listener at 127.0.0.1/43975] INFO  ratis.OzoneManagerStateMachine (OzoneManagerStateMachine.java:close(499)) - StateMachine has shutdown. Shutdown OzoneManager if not already shutdown.
2023-02-28 04:33:05,209 [Listener at 127.0.0.1/43975] INFO  ratis.OzoneManagerDoubleBuffer (OzoneManagerDoubleBuffer.java:stopDaemon(549)) - OMDoubleBuffer flush thread is not running.
2023-02-28 04:33:05,209 [Listener at 127.0.0.1/43975] INFO  utils.BackgroundService (BackgroundService.java:shutdown(141)) - Shutting down service KeyDeletingService
2023-02-28 04:33:05,210 [Listener at 127.0.0.1/43975] INFO  utils.BackgroundService (BackgroundService.java:shutdown(141)) - Shutting down service DirectoryDeletingService
2023-02-28 04:33:05,210 [Listener at 127.0.0.1/43975] INFO  utils.BackgroundService (BackgroundService.java:shutdown(141)) - Shutting down service OpenKeyCleanupService
2023-02-28 04:33:05,210 [Listener at 127.0.0.1/43975] INFO  utils.BackgroundService (BackgroundService.java:shutdown(141)) - Shutting down service SstFilteringService
2023-02-28 04:33:05,211 [Listener at 127.0.0.1/43975] INFO  handler.ContextHandler (ContextHandler.java:doStop(1159)) - Stopped o.e.j.w.WebAppContext@2665016d{ozoneManager,/,null,STOPPED}{file:/home/runner/work/ozone/ozone/hadoop-ozone/integration-test/target/test-classes/webapps/ozoneManager}
2023-02-28 04:33:05,212 [Listener at 127.0.0.1/43975] INFO  server.AbstractConnector (AbstractConnector.java:doStop(383)) - Stopped ServerConnector@2de29667{HTTP/1.1, (http/1.1)}{0.0.0.0:43725}
2023-02-28 04:33:05,212 [Listener at 127.0.0.1/43975] INFO  server.session (HouseKeeper.java:stopScavenging(149)) - node0 Stopped scavenging
2023-02-28 04:33:05,212 [Listener at 127.0.0.1/43975] INFO  handler.ContextHandler (ContextHandler.java:doStop(1159)) - Stopped o.e.j.s.ServletContextHandler@590dab83{static,/static,file:///home/runner/work/ozone/ozone/hadoop-ozone/integration-test/target/test-classes/webapps/static,STOPPED}
2023-02-28 04:33:05,212 [Listener at 127.0.0.1/43975] INFO  handler.ContextHandler (ContextHandler.java:doStop(1159)) - Stopped o.e.j.s.ServletContextHandler@3137bd5a{logs,/logs,file:///home/runner/work/ozone/ozone/hadoop-ozone/integration-test/target/log,STOPPED}
2023-02-28 04:33:05,216 [Listener at 127.0.0.1/43975] INFO  ozone.MiniOzoneHAClusterImpl (MiniOzoneHAClusterImpl.java:stop(320)) - Stopping the StorageContainerManager 5abea255-507b-445a-ab77-8c0d3fa6d3b1
2023-02-28 04:33:05,216 [Listener at 127.0.0.1/43975] INFO  server.StorageContainerManager (StorageContainerManager.java:stop(1531)) - Container Balancer is not running.
2023-02-28 04:33:05,216 [Listener at 127.0.0.1/43975] INFO  server.StorageContainerManager (StorageContainerManager.java:stop(1538)) - Stopping Replication Manager Service.
2023-02-28 04:33:05,216 [Listener at 127.0.0.1/43975] INFO  replication.ReplicationManager (ReplicationManager.java:stop(299)) - Stopping Replication Monitor Thread.
2023-02-28 04:33:05,216 [Under Replicated Processor] WARN  replication.UnhealthyReplicationProcessor (UnhealthyReplicationProcessor.java:run(153)) - Under Replicated Processor interrupted. Exiting...
2023-02-28 04:33:05,216 [Over Replicated Processor] WARN  replication.UnhealthyReplicationProcessor (UnhealthyReplicationProcessor.java:run(153)) - Over Replicated Processor interrupted. Exiting...
2023-02-28 04:33:05,217 [Listener at 127.0.0.1/43975] INFO  server.StorageContainerManager (StorageContainerManager.java:stop(1545)) - Stopping the Datanode Admin Monitor.
2023-02-28 04:33:05,217 [ReplicationMonitor] INFO  replication.ReplicationManager (ReplicationManager.java:run(746)) - Replication Monitor Thread is stopped
2023-02-28 04:33:05,217 [Listener at 127.0.0.1/43975] INFO  server.StorageContainerManager (StorageContainerManager.java:stop(1552)) - Stopping datanode service RPC server
2023-02-28 04:33:05,217 [Listener at 127.0.0.1/43975] INFO  server.SCMDatanodeProtocolServer (SCMDatanodeProtocolServer.java:stop(424)) - Stopping the RPC server for DataNodes
2023-02-28 04:33:05,217 [Listener at 127.0.0.1/43975] INFO  ipc.Server (Server.java:stop(3428)) - Stopping server on 41617
2023-02-28 04:33:05,218 [IPC Server listener on 0] INFO  ipc.Server (Server.java:run(1384)) - Stopping IPC Server listener on 0
2023-02-28 04:33:05,219 [IPC Server Responder] INFO  ipc.Server (Server.java:run(1517)) - Stopping IPC Server Responder
2023-02-28 04:33:05,257 [EndpointStateMachine task thread for /0.0.0.0:41617 - 0 ] WARN  statemachine.EndpointStateMachine (EndpointStateMachine.java:logIfNeeded(242)) - Unable to communicate to SCM server at 0.0.0.0:41617 for past 0 seconds.
java.io.EOFException: End of File Exception between local host is: "fv-az467-141/10.1.0.42"; destination host is: "0.0.0.0":41617; : java.io.EOFException; For more details see:  http://wiki.apache.org/hadoop/EOFException
	at sun.reflect.NativeConstructorAccessorImpl.newInstance0(Native Method)
	at sun.reflect.NativeConstructorAccessorImpl.newInstance(NativeConstructorAccessorImpl.java:62)
	at sun.reflect.DelegatingConstructorAccessorImpl.newInstance(DelegatingConstructorAccessorImpl.java:45)
	at java.lang.reflect.Constructor.newInstance(Constructor.java:423)
	at org.apache.hadoop.net.NetUtils.wrapWithMessage(NetUtils.java:913)
	at org.apache.hadoop.net.NetUtils.wrapException(NetUtils.java:862)
	at org.apache.hadoop.ipc.Client.getRpcResponse(Client.java:1616)
	at org.apache.hadoop.ipc.Client.call(Client.java:1558)
	at org.apache.hadoop.ipc.Client.call(Client.java:1455)
	at org.apache.hadoop.ipc.ProtobufRpcEngine$Invoker.invoke(ProtobufRpcEngine.java:235)
	at org.apache.hadoop.ipc.ProtobufRpcEngine$Invoker.invoke(ProtobufRpcEngine.java:122)
	at com.sun.proxy.$Proxy54.submitRequest(Unknown Source)
	at org.apache.hadoop.ozone.protocolPB.StorageContainerDatanodeProtocolClientSideTranslatorPB.submitRequest(StorageContainerDatanodeProtocolClientSideTranslatorPB.java:117)
	at org.apache.hadoop.ozone.protocolPB.StorageContainerDatanodeProtocolClientSideTranslatorPB.sendHeartbeat(StorageContainerDatanodeProtocolClientSideTranslatorPB.java:149)
	at org.apache.hadoop.ozone.container.common.states.endpoint.HeartbeatEndpointTask.call(HeartbeatEndpointTask.java:185)
	at org.apache.hadoop.ozone.container.common.states.endpoint.HeartbeatEndpointTask.call(HeartbeatEndpointTask.java:87)
	at java.util.concurrent.FutureTask.run(FutureTask.java:266)
	at java.util.concurrent.ThreadPoolExecutor.runWorker(ThreadPoolExecutor.java:1149)
	at java.util.concurrent.ThreadPoolExecutor$Worker.run(ThreadPoolExecutor.java:624)
	at java.lang.Thread.run(Thread.java:750)
Caused by: java.io.EOFException
	at java.io.DataInputStream.readInt(DataInputStream.java:392)
	at org.apache.hadoop.ipc.Client$IpcStreams.readResponse(Client.java:1922)
	at org.apache.hadoop.ipc.Client$Connection.receiveRpcResponse(Client.java:1238)
	at org.apache.hadoop.ipc.Client$Connection.run(Client.java:1134)
2023-02-28 04:33:05,269 [SCM Heartbeat Processing Thread - 0] WARN  node.NodeStateManager (NodeStateManager.java:scheduleNextHealthCheck(870)) - Current Thread is interrupted, shutting down HB processing thread for Node Manager.
2023-02-28 04:33:05,269 [Listener at 127.0.0.1/43975] INFO  server.StorageContainerManager (StorageContainerManager.java:stop(1560)) - Stopping block service RPC server
2023-02-28 04:33:05,270 [Listener at 127.0.0.1/43975] INFO  server.SCMBlockProtocolServer (SCMBlockProtocolServer.java:stop(161)) - Stopping the RPC server for Block Protocol
2023-02-28 04:33:05,270 [Listener at 127.0.0.1/43975] INFO  ipc.Server (Server.java:stop(3428)) - Stopping server on 37531
2023-02-28 04:33:05,271 [IPC Server listener on 0] INFO  ipc.Server (Server.java:run(1384)) - Stopping IPC Server listener on 0
2023-02-28 04:33:05,272 [IPC Server Responder] INFO  ipc.Server (Server.java:run(1517)) - Stopping IPC Server Responder
2023-02-28 04:33:05,272 [Listener at 127.0.0.1/43975] INFO  server.StorageContainerManager (StorageContainerManager.java:stop(1567)) - Stopping the StorageContainerLocationProtocol RPC server
2023-02-28 04:33:05,273 [Listener at 127.0.0.1/43975] INFO  server.SCMClientProtocolServer (SCMClientProtocolServer.java:stop(185)) - Stopping the RPC server for Client Protocol
2023-02-28 04:33:05,273 [Listener at 127.0.0.1/43975] INFO  ipc.Server (Server.java:stop(3428)) - Stopping server on 43815
2023-02-28 04:33:05,274 [IPC Server listener on 0] INFO  ipc.Server (Server.java:run(1384)) - Stopping IPC Server listener on 0
2023-02-28 04:33:05,275 [IPC Server Responder] INFO  ipc.Server (Server.java:run(1517)) - Stopping IPC Server Responder
2023-02-28 04:33:05,275 [Listener at 127.0.0.1/43975] INFO  server.StorageContainerManager (StorageContainerManager.java:stop(1574)) - Stopping Storage Container Manager HTTP server.
2023-02-28 04:33:05,275 [Listener at 127.0.0.1/43975] INFO  handler.ContextHandler (ContextHandler.java:doStop(1159)) - Stopped o.e.j.w.WebAppContext@7d5176d6{scm,/,null,STOPPED}{file:/home/runner/work/ozone/ozone/hadoop-ozone/integration-test/target/test-classes/webapps/scm}
2023-02-28 04:33:05,276 [Listener at 127.0.0.1/43975] INFO  server.AbstractConnector (AbstractConnector.java:doStop(383)) - Stopped ServerConnector@648bfebe{HTTP/1.1, (http/1.1)}{0.0.0.0:0}
2023-02-28 04:33:05,276 [Listener at 127.0.0.1/43975] INFO  server.session (HouseKeeper.java:stopScavenging(149)) - node0 Stopped scavenging
2023-02-28 04:33:05,276 [Listener at 127.0.0.1/43975] INFO  handler.ContextHandler (ContextHandler.java:doStop(1159)) - Stopped o.e.j.s.ServletContextHandler@65cf8da0{static,/static,file:///home/runner/work/ozone/ozone/hadoop-ozone/integration-test/target/test-classes/webapps/static,STOPPED}
2023-02-28 04:33:05,276 [Listener at 127.0.0.1/43975] INFO  handler.ContextHandler (ContextHandler.java:doStop(1159)) - Stopped o.e.j.s.ServletContextHandler@52f71d2{logs,/logs,file:///home/runner/work/ozone/ozone/hadoop-ozone/integration-test/target/log,STOPPED}
2023-02-28 04:33:05,279 [Listener at 127.0.0.1/43975] INFO  server.StorageContainerManager (StorageContainerManager.java:stop(1582)) - Stopping SCM LayoutVersionManager Service.
2023-02-28 04:33:05,279 [Listener at 127.0.0.1/43975] INFO  server.StorageContainerManager (StorageContainerManager.java:stop(1590)) - Stopping Block Manager Service.
2023-02-28 04:33:05,279 [Listener at 127.0.0.1/43975] INFO  utils.BackgroundService (BackgroundService.java:shutdown(141)) - Shutting down service SCMBlockDeletingService
2023-02-28 04:33:05,279 [Listener at 127.0.0.1/43975] INFO  utils.BackgroundService (BackgroundService.java:shutdown(141)) - Shutting down service SCMBlockDeletingService
2023-02-28 04:33:05,280 [Listener at 127.0.0.1/43975] INFO  server.StorageContainerManager (StorageContainerManager.java:stop(1612)) - Stopping SCM Event Queue.
2023-02-28 04:33:05,282 [Listener at 127.0.0.1/43975] INFO  server.StorageContainerManager (StorageContainerManager.java:stop(1623)) - Stopping SCM HA services.
2023-02-28 04:33:05,282 [Listener at 127.0.0.1/43975] INFO  pipeline.BackgroundPipelineCreator (BackgroundPipelineCreator.java:stop(149)) - Stopping RatisPipelineUtilsThread.
2023-02-28 04:33:05,282 [RatisPipelineUtilsThread - 0] WARN  pipeline.BackgroundPipelineCreator (BackgroundPipelineCreator.java:run(180)) - RatisPipelineUtilsThread is interrupted.
2023-02-28 04:33:05,282 [BackgroundPipelineScrubberThread] WARN  BackgroundPipelineScrubber (BackgroundSCMService.java:run(115)) - BackgroundPipelineScrubber is interrupted, exit
2023-02-28 04:33:05,282 [Listener at 127.0.0.1/43975] INFO  BackgroundPipelineScrubber (BackgroundSCMService.java:stop(131)) - Stopping BackgroundPipelineScrubber Service.
2023-02-28 04:33:05,283 [Listener at 127.0.0.1/43975] INFO  impl.MetricsSystemImpl (MetricsSystemImpl.java:stop(210)) - Stopping XceiverClientMetrics metrics system...
2023-02-28 04:33:05,289 [prometheus] INFO  impl.MetricsSinkAdapter (MetricsSinkAdapter.java:publishMetricsFromQueue(141)) - prometheus thread interrupted.
2023-02-28 04:33:05,289 [Listener at 127.0.0.1/43975] INFO  impl.MetricsSystemImpl (MetricsSystemImpl.java:stop(216)) - XceiverClientMetrics metrics system stopped.
2023-02-28 04:33:05,290 [Listener at 127.0.0.1/43975] WARN  pipeline.BackgroundPipelineCreator (BackgroundPipelineCreator.java:stop(145)) - RatisPipelineUtilsThread is not running, just ignore.
2023-02-28 04:33:05,290 [Listener at 127.0.0.1/43975] INFO  BackgroundPipelineScrubber (BackgroundSCMService.java:stop(126)) - BackgroundPipelineScrubber Service is not running, skip stop.
2023-02-28 04:33:05,290 [Listener at 127.0.0.1/43975] INFO  ExpiredContainerReplicaOpScrubber (BackgroundSCMService.java:stop(131)) - Stopping ExpiredContainerReplicaOpScrubber Service.
2023-02-28 04:33:05,329 [Listener at 127.0.0.1/43975] INFO  utils.BackgroundService (BackgroundService.java:shutdown(141)) - Shutting down service SCMBlockDeletingService
2023-02-28 04:33:05,329 [Listener at 127.0.0.1/43975] INFO  replication.ReplicationManager (ReplicationManager.java:stop(309)) - Replication Monitor Thread is not running.
2023-02-28 04:33:05,329 [Listener at 127.0.0.1/43975] WARN  balancer.ContainerBalancer (ContainerBalancer.java:stop(322)) - Cannot stop Container Balancer because it's not running or stopping
2023-02-28 04:33:05,330 [Listener at 127.0.0.1/43975] INFO  server.StorageContainerManager (StorageContainerManager.java:stop(1641)) - Stopping SCM MetadataStore.
2023-02-28 04:33:05,330 [Listener at 127.0.0.1/43975] INFO  ozone.MiniOzoneClusterImpl (MiniOzoneClusterImpl.java:stop(465)) - Stopping the Mini Ozone Cluster
2023-02-28 04:33:05,331 [Listener at 127.0.0.1/43975] INFO  ozone.MiniOzoneClusterImpl (MiniOzoneClusterImpl.java:stopDatanodes(524)) - Stopping the HddsDatanodes
2023-02-28 04:33:05,321 [ExpiredContainerReplicaOpScrubberThread] WARN  ExpiredContainerReplicaOpScrubber (BackgroundSCMService.java:run(115)) - ExpiredContainerReplicaOpScrubber is interrupted, exit
2023-02-28 04:33:05,321 [Finalizer] WARN  managed.ManagedRocksObjectUtils (ManagedRocksObjectUtils.java:assertClosed(54)) - ManagedColumnFamilyOptions is not closed properly
2023-02-28 04:33:05,333 [Finalizer] WARN  managed.ManagedRocksObjectUtils (ManagedRocksObjectUtils.java:assertClosed(54)) - RocksIterator is not closed properly
2023-02-28 04:33:05,333 [Finalizer] WARN  managed.ManagedRocksObjectUtils (ManagedRocksObjectUtils.java:assertClosed(54)) - RocksIterator is not closed properly
2023-02-28 04:33:05,333 [Finalizer] WARN  managed.ManagedRocksObjectUtils (ManagedRocksObjectUtils.java:assertClosed(54)) - RocksIterator is not closed properly
2023-02-28 04:33:05,333 [Finalizer] WARN  managed.ManagedRocksObjectUtils (ManagedRocksObjectUtils.java:assertClosed(54)) - RocksIterator is not closed properly
2023-02-28 04:33:05,333 [Finalizer] WARN  managed.ManagedRocksObjectUtils (ManagedRocksObjectUtils.java:assertClosed(54)) - RocksIterator is not closed properly
2023-02-28 04:33:05,333 [Finalizer] WARN  managed.ManagedRocksObjectUtils (ManagedRocksObjectUtils.java:assertClosed(54)) - RocksIterator is not closed properly
2023-02-28 04:33:05,333 [Finalizer] WARN  managed.ManagedRocksObjectUtils (ManagedRocksObjectUtils.java:assertClosed(54)) - ManagedColumnFamilyOptions is not closed properly
2023-02-28 04:33:05,333 [Finalizer] WARN  managed.ManagedRocksObjectUtils (ManagedRocksObjectUtils.java:assertClosed(54)) - ManagedColumnFamilyOptions is not closed properly
2023-02-28 04:33:05,333 [Finalizer] WARN  managed.ManagedRocksObjectUtils (ManagedRocksObjectUtils.java:assertClosed(54)) - ManagedColumnFamilyOptions is not closed properly
2023-02-28 04:33:05,333 [Finalizer] WARN  managed.ManagedRocksObjectUtils (ManagedRocksObjectUtils.java:assertClosed(54)) - ManagedColumnFamilyOptions is not closed properly
2023-02-28 04:33:05,333 [Finalizer] WARN  managed.ManagedRocksObjectUtils (ManagedRocksObjectUtils.java:assertClosed(54)) - ManagedColumnFamilyOptions is not closed properly
2023-02-28 04:33:05,333 [Finalizer] WARN  managed.ManagedRocksObjectUtils (ManagedRocksObjectUtils.java:assertClosed(54)) - ManagedColumnFamilyOptions is not closed properly
2023-02-28 04:33:05,333 [Finalizer] WARN  managed.ManagedRocksObjectUtils (ManagedRocksObjectUtils.java:assertClosed(54)) - ManagedColumnFamilyOptions is not closed properly
2023-02-28 04:33:05,333 [Finalizer] WARN  managed.ManagedRocksObjectUtils (ManagedRocksObjectUtils.java:assertClosed(54)) - ManagedColumnFamilyOptions is not closed properly
2023-02-28 04:33:05,333 [Finalizer] WARN  managed.ManagedRocksObjectUtils (ManagedRocksObjectUtils.java:assertClosed(54)) - RocksIterator is not closed properly
2023-02-28 04:33:05,333 [Finalizer] WARN  managed.ManagedRocksObjectUtils (ManagedRocksObjectUtils.java:assertClosed(54)) - RocksIterator is not closed properly
2023-02-28 04:33:05,333 [Finalizer] WARN  managed.ManagedRocksObjectUtils (ManagedRocksObjectUtils.java:assertClosed(54)) - RocksIterator is not closed properly
2023-02-28 04:33:05,333 [Finalizer] WARN  managed.ManagedRocksObjectUtils (ManagedRocksObjectUtils.java:assertClosed(54)) - RocksIterator is not closed properly
2023-02-28 04:33:05,333 [Finalizer] WARN  managed.ManagedRocksObjectUtils (ManagedRocksObjectUtils.java:assertClosed(54)) - RocksIterator is not closed properly
2023-02-28 04:33:05,334 [Finalizer] WARN  managed.ManagedRocksObjectUtils (ManagedRocksObjectUtils.java:assertClosed(54)) - RocksIterator is not closed properly
2023-02-28 04:33:05,334 [Finalizer] WARN  managed.ManagedRocksObjectUtils (ManagedRocksObjectUtils.java:assertClosed(54)) - ManagedColumnFamilyOptions is not closed properly
2023-02-28 04:33:05,334 [Finalizer] WARN  managed.ManagedRocksObjectUtils (ManagedRocksObjectUtils.java:assertClosed(54)) - ManagedColumnFamilyOptions is not closed properly
2023-02-28 04:33:05,334 [Finalizer] WARN  managed.ManagedRocksObjectUtils (ManagedRocksObjectUtils.java:assertClosed(54)) - ManagedColumnFamilyOptions is not closed properly
2023-02-28 04:33:05,334 [Finalizer] WARN  managed.ManagedRocksObjectUtils (ManagedRocksObjectUtils.java:assertClosed(54)) - ManagedColumnFamilyOptions is not closed properly
2023-02-28 04:33:05,334 [ForkJoinPool.commonPool-worker-0] INFO  ozoneimpl.OzoneContainer (OzoneContainer.java:stop(420)) - Attempting to stop container services.
2023-02-28 04:33:05,334 [ForkJoinPool.commonPool-worker-0] INFO  server.RaftServer (RaftServerProxy.java:lambda$close$6(409)) - f3c0879f-2b51-472f-a21d-9b1dd65624d4: close
2023-02-28 04:33:05,334 [f3c0879f-2b51-472f-a21d-9b1dd65624d4-impl-thread1] INFO  server.RaftServer$Division (RaftServerImpl.java:lambda$close$4(458)) - f3c0879f-2b51-472f-a21d-9b1dd65624d4@group-D520026A883B: shutdown
2023-02-28 04:33:05,334 [f3c0879f-2b51-472f-a21d-9b1dd65624d4-impl-thread1] INFO  util.JmxRegister (JmxRegister.java:unregister(73)) - Successfully un-registered JMX Bean with object name Ratis:service=RaftServer,group=group-D520026A883B,id=f3c0879f-2b51-472f-a21d-9b1dd65624d4
2023-02-28 04:33:05,335 [f3c0879f-2b51-472f-a21d-9b1dd65624d4-impl-thread1] INFO  impl.RoleInfo (RoleInfo.java:shutdownFollowerState(110)) - f3c0879f-2b51-472f-a21d-9b1dd65624d4: shutdown f3c0879f-2b51-472f-a21d-9b1dd65624d4@group-D520026A883B-FollowerState
2023-02-28 04:33:05,334 [Finalizer] WARN  managed.ManagedRocksObjectUtils (ManagedRocksObjectUtils.java:assertClosed(54)) - ManagedColumnFamilyOptions is not closed properly
2023-02-28 04:33:05,336 [f3c0879f-2b51-472f-a21d-9b1dd65624d4-impl-thread2] INFO  server.RaftServer$Division (RaftServerImpl.java:lambda$close$4(458)) - f3c0879f-2b51-472f-a21d-9b1dd65624d4@group-D369260CDB85: shutdown
2023-02-28 04:33:05,336 [f3c0879f-2b51-472f-a21d-9b1dd65624d4-impl-thread2] INFO  util.JmxRegister (JmxRegister.java:unregister(73)) - Successfully un-registered JMX Bean with object name Ratis:service=RaftServer,group=group-D369260CDB85,id=f3c0879f-2b51-472f-a21d-9b1dd65624d4
2023-02-28 04:33:05,337 [f3c0879f-2b51-472f-a21d-9b1dd65624d4-impl-thread2] INFO  impl.RoleInfo (RoleInfo.java:shutdownLeaderState(93)) - f3c0879f-2b51-472f-a21d-9b1dd65624d4: shutdown f3c0879f-2b51-472f-a21d-9b1dd65624d4@group-D369260CDB85-LeaderStateImpl
2023-02-28 04:33:05,337 [Finalizer] WARN  managed.ManagedRocksObjectUtils (ManagedRocksObjectUtils.java:assertClosed(54)) - ManagedColumnFamilyOptions is not closed properly
2023-02-28 04:33:05,337 [ForkJoinPool.commonPool-worker-0] INFO  server.GrpcService (GrpcService.java:closeImpl(271)) - f3c0879f-2b51-472f-a21d-9b1dd65624d4: shutdown server GrpcServerProtocolService now
2023-02-28 04:33:05,338 [f3c0879f-2b51-472f-a21d-9b1dd65624d4-impl-thread1] INFO  impl.StateMachineUpdater (StateMachineUpdater.java:stopAndJoin(153)) - f3c0879f-2b51-472f-a21d-9b1dd65624d4@group-D520026A883B-StateMachineUpdater: set stopIndex = 187
2023-02-28 04:33:05,338 [f3c0879f-2b51-472f-a21d-9b1dd65624d4@group-D520026A883B-FollowerState] INFO  impl.FollowerState (FollowerState.java:run(152)) - f3c0879f-2b51-472f-a21d-9b1dd65624d4@group-D520026A883B-FollowerState was interrupted
2023-02-28 04:33:05,338 [f3c0879f-2b51-472f-a21d-9b1dd65624d4@group-D520026A883B-StateMachineUpdater] INFO  ratis.ContainerStateMachine (ContainerStateMachine.java:takeSnapshot(308)) - group-D520026A883B: Taking a snapshot at:(t:1, i:187) file /home/runner/work/ozone/ozone/hadoop-ozone/integration-test/target/test-dir/MiniOzoneClusterImpl-f9e21395-1bcf-40d4-8edb-6f91c23aa5c2/datanode-0/data/ratis/3a99d1bb-d425-471f-aa2d-d520026a883b/sm/snapshot.1_187
2023-02-28 04:33:05,337 [Finalizer] WARN  managed.ManagedRocksObjectUtils (ManagedRocksObjectUtils.java:assertClosed(54)) - ManagedColumnFamilyOptions is not closed properly
2023-02-28 04:33:05,340 [Finalizer] WARN  managed.ManagedRocksObjectUtils (ManagedRocksObjectUtils.java:assertClosed(54)) - ManagedColumnFamilyOptions is not closed properly
2023-02-28 04:33:05,340 [Finalizer] WARN  managed.ManagedRocksObjectUtils (ManagedRocksObjectUtils.java:assertClosed(54)) - RocksIterator is not closed properly
2023-02-28 04:33:05,340 [Finalizer] WARN  managed.ManagedRocksObjectUtils (ManagedRocksObjectUtils.java:assertClosed(54)) - RocksIterator is not closed properly
2023-02-28 04:33:05,340 [Finalizer] WARN  managed.ManagedRocksObjectUtils (ManagedRocksObjectUtils.java:assertClosed(54)) - RocksIterator is not closed properly
2023-02-28 04:33:05,340 [Finalizer] WARN  managed.ManagedRocksObjectUtils (ManagedRocksObjectUtils.java:assertClosed(54)) - RocksIterator is not closed properly
2023-02-28 04:33:05,340 [Finalizer] WARN  managed.ManagedRocksObjectUtils (ManagedRocksObjectUtils.java:assertClosed(54)) - RocksIterator is not closed properly
2023-02-28 04:33:05,340 [Finalizer] WARN  managed.ManagedRocksObjectUtils (ManagedRocksObjectUtils.java:assertClosed(54)) - RocksIterator is not closed properly
2023-02-28 04:33:05,340 [Finalizer] WARN  managed.ManagedRocksObjectUtils (ManagedRocksObjectUtils.java:assertClosed(54)) - ManagedColumnFamilyOptions is not closed properly
2023-02-28 04:33:05,340 [Finalizer] WARN  managed.ManagedRocksObjectUtils (ManagedRocksObjectUtils.java:assertClosed(54)) - ManagedColumnFamilyOptions is not closed properly
2023-02-28 04:33:05,340 [Finalizer] WARN  managed.ManagedRocksObjectUtils (ManagedRocksObjectUtils.java:assertClosed(54)) - ManagedColumnFamilyOptions is not closed properly
2023-02-28 04:33:05,340 [Finalizer] WARN  managed.ManagedRocksObjectUtils (ManagedRocksObjectUtils.java:assertClosed(54)) - ManagedColumnFamilyOptions is not closed properly
2023-02-28 04:33:05,340 [Finalizer] WARN  managed.ManagedRocksObjectUtils (ManagedRocksObjectUtils.java:assertClosed(54)) - ManagedColumnFamilyOptions is not closed properly
2023-02-28 04:33:05,340 [Finalizer] WARN  managed.ManagedRocksObjectUtils (ManagedRocksObjectUtils.java:assertClosed(54)) - ManagedColumnFamilyOptions is not closed properly
2023-02-28 04:33:05,340 [Finalizer] WARN  managed.ManagedRocksObjectUtils (ManagedRocksObjectUtils.java:assertClosed(54)) - ManagedColumnFamilyOptions is not closed properly
2023-02-28 04:33:05,340 [Finalizer] WARN  managed.ManagedRocksObjectUtils (ManagedRocksObjectUtils.java:assertClosed(54)) - RocksIterator is not closed properly
2023-02-28 04:33:05,340 [Finalizer] WARN  managed.ManagedRocksObjectUtils (ManagedRocksObjectUtils.java:assertClosed(54)) - RocksIterator is not closed properly
2023-02-28 04:33:05,340 [Finalizer] WARN  managed.ManagedRocksObjectUtils (ManagedRocksObjectUtils.java:assertClosed(54)) - RocksIterator is not closed properly
2023-02-28 04:33:05,340 [Finalizer] WARN  managed.ManagedRocksObjectUtils (ManagedRocksObjectUtils.java:assertClosed(54)) - RocksIterator is not closed properly
2023-02-28 04:33:05,340 [Finalizer] WARN  managed.ManagedRocksObjectUtils (ManagedRocksObjectUtils.java:assertClosed(54)) - RocksIterator is not closed properly
2023-02-28 04:33:05,341 [Finalizer] WARN  managed.ManagedRocksObjectUtils (ManagedRocksObjectUtils.java:assertClosed(54)) - RocksIterator is not closed properly
2023-02-28 04:33:05,341 [Finalizer] WARN  managed.ManagedRocksObjectUtils (ManagedRocksObjectUtils.java:assertClosed(54)) - ManagedColumnFamilyOptions is not closed properly
2023-02-28 04:33:05,341 [Finalizer] WARN  managed.ManagedRocksObjectUtils (ManagedRocksObjectUtils.java:assertClosed(54)) - ManagedColumnFamilyOptions is not closed properly
2023-02-28 04:33:05,341 [Finalizer] WARN  managed.ManagedRocksObjectUtils (ManagedRocksObjectUtils.java:assertClosed(54)) - ManagedColumnFamilyOptions is not closed properly
2023-02-28 04:33:05,341 [Finalizer] WARN  managed.ManagedRocksObjectUtils (ManagedRocksObjectUtils.java:assertClosed(54)) - ManagedColumnFamilyOptions is not closed properly
2023-02-28 04:33:05,341 [Finalizer] WARN  managed.ManagedRocksObjectUtils (ManagedRocksObjectUtils.java:assertClosed(54)) - ManagedColumnFamilyOptions is not closed properly
2023-02-28 04:33:05,341 [Finalizer] WARN  managed.ManagedRocksObjectUtils (ManagedRocksObjectUtils.java:assertClosed(54)) - ManagedColumnFamilyOptions is not closed properly
2023-02-28 04:33:05,341 [Finalizer] WARN  managed.ManagedRocksObjectUtils (ManagedRocksObjectUtils.java:assertClosed(54)) - ManagedColumnFamilyOptions is not closed properly
2023-02-28 04:33:05,341 [Finalizer] WARN  managed.ManagedRocksObjectUtils (ManagedRocksObjectUtils.java:assertClosed(54)) - ManagedColumnFamilyOptions is not closed properly
2023-02-28 04:33:05,341 [grpc-default-executor-4] WARN  server.GrpcServerProtocolService (LogUtils.java:warn(122)) - f3c0879f-2b51-472f-a21d-9b1dd65624d4: installSnapshot onError, lastRequest: null: org.apache.ratis.thirdparty.io.grpc.StatusRuntimeException: CANCELLED: client cancelled
2023-02-28 04:33:05,341 [grpc-default-executor-2] WARN  server.GrpcClientProtocolService (LogUtils.java:warn(122)) - 4-OrderedRequestStreamObserver4: onError: org.apache.ratis.thirdparty.io.grpc.StatusRuntimeException: CANCELLED: client cancelled
2023-02-28 04:33:05,337 [f3c0879f-2b51-472f-a21d-9b1dd65624d4-impl-thread2] INFO  impl.PendingRequests (PendingRequests.java:sendNotLeaderResponses(282)) - f3c0879f-2b51-472f-a21d-9b1dd65624d4@group-D369260CDB85-PendingRequests: sendNotLeaderResponses
2023-02-28 04:33:05,343 [f3c0879f-2b51-472f-a21d-9b1dd65624d4@group-D369260CDB85-StateMachineUpdater] INFO  ratis.ContainerStateMachine (ContainerStateMachine.java:takeSnapshot(308)) - group-D369260CDB85: Taking a snapshot at:(t:1, i:0) file /home/runner/work/ozone/ozone/hadoop-ozone/integration-test/target/test-dir/MiniOzoneClusterImpl-f9e21395-1bcf-40d4-8edb-6f91c23aa5c2/datanode-0/data/ratis/882331ac-b8fd-4723-97e8-d369260cdb85/sm/snapshot.1_0
2023-02-28 04:33:05,343 [f3c0879f-2b51-472f-a21d-9b1dd65624d4-impl-thread2] INFO  impl.StateMachineUpdater (StateMachineUpdater.java:stopAndJoin(153)) - f3c0879f-2b51-472f-a21d-9b1dd65624d4@group-D369260CDB85-StateMachineUpdater: set stopIndex = 0
2023-02-28 04:33:05,350 [ForkJoinPool.commonPool-worker-0] INFO  server.GrpcServerProtocolClient (GrpcServerProtocolClient.java:close(101)) - be78be15-616a-41d9-9b13-64e624dde3ac Close channels
2023-02-28 04:33:05,342 [grpc-default-executor-6] WARN  server.GrpcClientProtocolService (LogUtils.java:warn(122)) - 5-UnorderedRequestStreamObserver5: onError: org.apache.ratis.thirdparty.io.grpc.StatusRuntimeException: CANCELLED: client cancelled
2023-02-28 04:33:05,350 [grpc-default-executor-1] WARN  server.GrpcServerProtocolService (LogUtils.java:warn(122)) - f3c0879f-2b51-472f-a21d-9b1dd65624d4: installSnapshot onError, lastRequest: ef2d612f-7c32-4639-b0f9-22a0544f56e6->f3c0879f-2b51-472f-a21d-9b1dd65624d4#2028-t1,previous=(t:1, i:186),leaderCommit=186,initializing? true,entries: size=1, first=(t:1, i:187), METADATAENTRY(c:186): org.apache.ratis.thirdparty.io.grpc.StatusRuntimeException: CANCELLED: client cancelled
2023-02-28 04:33:05,351 [grpc-default-executor-0] WARN  server.GrpcClientProtocolService (LogUtils.java:warn(122)) - 0-OrderedRequestStreamObserver0: onError: org.apache.ratis.thirdparty.io.grpc.StatusRuntimeException: CANCELLED: client cancelled
2023-02-28 04:33:05,351 [f3c0879f-2b51-472f-a21d-9b1dd65624d4-impl-thread3] INFO  server.RaftServer$Division (RaftServerImpl.java:lambda$close$4(458)) - f3c0879f-2b51-472f-a21d-9b1dd65624d4@group-5F0961318548: shutdown
2023-02-28 04:33:05,351 [f3c0879f-2b51-472f-a21d-9b1dd65624d4-impl-thread3] INFO  util.JmxRegister (JmxRegister.java:unregister(73)) - Successfully un-registered JMX Bean with object name Ratis:service=RaftServer,group=group-5F0961318548,id=f3c0879f-2b51-472f-a21d-9b1dd65624d4
2023-02-28 04:33:05,352 [f3c0879f-2b51-472f-a21d-9b1dd65624d4-impl-thread3] INFO  impl.RoleInfo (RoleInfo.java:shutdownLeaderState(93)) - f3c0879f-2b51-472f-a21d-9b1dd65624d4: shutdown f3c0879f-2b51-472f-a21d-9b1dd65624d4@group-5F0961318548-LeaderStateImpl
2023-02-28 04:33:05,358 [grpc-default-executor-3] WARN  server.GrpcLogAppender (LogUtils.java:warn(122)) - ef2d612f-7c32-4639-b0f9-22a0544f56e6@group-D520026A883B->f3c0879f-2b51-472f-a21d-9b1dd65624d4-AppendLogResponseHandler: Failed appendEntries: org.apache.ratis.thirdparty.io.grpc.StatusRuntimeException: CANCELLED: RST_STREAM closed stream. HTTP/2 error code: CANCEL
2023-02-28 04:33:05,358 [grpc-default-executor-3] INFO  leader.FollowerInfo (FollowerInfoImpl.java:lambda$new$0(48)) - ef2d612f-7c32-4639-b0f9-22a0544f56e6@group-D520026A883B->f3c0879f-2b51-472f-a21d-9b1dd65624d4: nextIndex: updateUnconditionally 188 -> 187
2023-02-28 04:33:05,362 [f3c0879f-2b51-472f-a21d-9b1dd65624d4-impl-thread3] INFO  impl.PendingRequests (PendingRequests.java:sendNotLeaderResponses(282)) - f3c0879f-2b51-472f-a21d-9b1dd65624d4@group-5F0961318548-PendingRequests: sendNotLeaderResponses
2023-02-28 04:33:05,362 [f3c0879f-2b51-472f-a21d-9b1dd65624d4@group-5F0961318548->ef2d612f-7c32-4639-b0f9-22a0544f56e6-GrpcLogAppender-LogAppenderDaemon] WARN  server.GrpcLogAppender (GrpcLogAppender.java:mayWait(200)) - f3c0879f-2b51-472f-a21d-9b1dd65624d4@group-5F0961318548->ef2d612f-7c32-4639-b0f9-22a0544f56e6-GrpcLogAppender: Wait interrupted by java.lang.InterruptedException
2023-02-28 04:33:05,363 [f3c0879f-2b51-472f-a21d-9b1dd65624d4@group-5F0961318548->be78be15-616a-41d9-9b13-64e624dde3ac-GrpcLogAppender-LogAppenderDaemon] WARN  server.GrpcLogAppender (GrpcLogAppender.java:mayWait(200)) - f3c0879f-2b51-472f-a21d-9b1dd65624d4@group-5F0961318548->be78be15-616a-41d9-9b13-64e624dde3ac-GrpcLogAppender: Wait interrupted by java.lang.InterruptedException
2023-02-28 04:33:05,365 [grpc-default-executor-7] WARN  server.GrpcClientProtocolService (LogUtils.java:warn(122)) - 1-UnorderedRequestStreamObserver1: onError: org.apache.ratis.thirdparty.io.grpc.StatusRuntimeException: CANCELLED: client cancelled
2023-02-28 04:33:05,368 [f3c0879f-2b51-472f-a21d-9b1dd65624d4-impl-thread3] INFO  impl.StateMachineUpdater (StateMachineUpdater.java:stopAndJoin(153)) - f3c0879f-2b51-472f-a21d-9b1dd65624d4@group-5F0961318548-StateMachineUpdater: set stopIndex = 226
2023-02-28 04:33:05,368 [f3c0879f-2b51-472f-a21d-9b1dd65624d4@group-5F0961318548-StateMachineUpdater] INFO  ratis.ContainerStateMachine (ContainerStateMachine.java:takeSnapshot(308)) - group-5F0961318548: Taking a snapshot at:(t:1, i:226) file /home/runner/work/ozone/ozone/hadoop-ozone/integration-test/target/test-dir/MiniOzoneClusterImpl-f9e21395-1bcf-40d4-8edb-6f91c23aa5c2/datanode-0/data/ratis/0e98ce45-0303-406b-aa09-5f0961318548/sm/snapshot.1_226
2023-02-28 04:33:05,368 [grpc-default-executor-0] WARN  server.GrpcLogAppender (LogUtils.java:warn(122)) - ef2d612f-7c32-4639-b0f9-22a0544f56e6@group-D520026A883B->f3c0879f-2b51-472f-a21d-9b1dd65624d4-AppendLogResponseHandler: Failed appendEntries: org.apache.ratis.thirdparty.io.grpc.StatusRuntimeException: CANCELLED: RST_STREAM closed stream. HTTP/2 error code: CANCEL
2023-02-28 04:33:05,369 [grpc-default-executor-0] INFO  leader.FollowerInfo (FollowerInfoImpl.java:lambda$new$0(48)) - ef2d612f-7c32-4639-b0f9-22a0544f56e6@group-D520026A883B->f3c0879f-2b51-472f-a21d-9b1dd65624d4: nextIndex: updateUnconditionally 188 -> 187
2023-02-28 04:33:05,372 [grpc-default-executor-0] WARN  server.GrpcLogAppender (LogUtils.java:warn(122)) - ef2d612f-7c32-4639-b0f9-22a0544f56e6@group-D520026A883B->f3c0879f-2b51-472f-a21d-9b1dd65624d4-AppendLogResponseHandler: Failed appendEntries: org.apache.ratis.thirdparty.io.grpc.StatusRuntimeException: UNAVAILABLE: io exception
2023-02-28 04:33:05,372 [grpc-default-executor-0] INFO  leader.FollowerInfo (FollowerInfoImpl.java:lambda$new$0(48)) - ef2d612f-7c32-4639-b0f9-22a0544f56e6@group-D520026A883B->f3c0879f-2b51-472f-a21d-9b1dd65624d4: nextIndex: updateUnconditionally 187 -> 186
2023-02-28 04:33:05,373 [grpc-default-executor-3] INFO  server.GrpcServerProtocolService (GrpcServerProtocolService.java:onCompleted(143)) - ef2d612f-7c32-4639-b0f9-22a0544f56e6: Completed APPEND_ENTRIES, lastRequest: f3c0879f-2b51-472f-a21d-9b1dd65624d4->ef2d612f-7c32-4639-b0f9-22a0544f56e6#2891-t1,previous=(t:1, i:225),leaderCommit=224,initializing? true,entries: size=1, first=(t:1, i:226), METADATAENTRY(c:224)
2023-02-28 04:33:05,373 [grpc-default-executor-1] INFO  server.GrpcServerProtocolService (GrpcServerProtocolService.java:onCompleted(143)) - ef2d612f-7c32-4639-b0f9-22a0544f56e6: Completed APPEND_ENTRIES, lastRequest: null
2023-02-28 04:33:05,373 [grpc-default-executor-5] INFO  server.GrpcServerProtocolService (GrpcServerProtocolService.java:onCompleted(143)) - be78be15-616a-41d9-9b13-64e624dde3ac: Completed APPEND_ENTRIES, lastRequest: f3c0879f-2b51-472f-a21d-9b1dd65624d4->be78be15-616a-41d9-9b13-64e624dde3ac#3045-t1,previous=(t:1, i:225),leaderCommit=224,initializing? true,entries: size=1, first=(t:1, i:226), METADATAENTRY(c:224)
2023-02-28 04:33:05,374 [grpc-default-executor-6] INFO  server.GrpcServerProtocolService (GrpcServerProtocolService.java:onCompleted(143)) - be78be15-616a-41d9-9b13-64e624dde3ac: Completed APPEND_ENTRIES, lastRequest: null
2023-02-28 04:33:05,374 [grpc-default-executor-5] INFO  server.GrpcLogAppender (GrpcLogAppender.java:onCompleted(415)) - f3c0879f-2b51-472f-a21d-9b1dd65624d4@group-5F0961318548->ef2d612f-7c32-4639-b0f9-22a0544f56e6-AppendLogResponseHandler: follower responses appendEntries COMPLETED
2023-02-28 04:33:05,374 [grpc-default-executor-5] INFO  leader.FollowerInfo (FollowerInfoImpl.java:lambda$new$0(48)) - f3c0879f-2b51-472f-a21d-9b1dd65624d4@group-5F0961318548->ef2d612f-7c32-4639-b0f9-22a0544f56e6: nextIndex: updateUnconditionally 227 -> 226
2023-02-28 04:33:05,375 [grpc-default-executor-6] INFO  server.GrpcLogAppender (GrpcLogAppender.java:onCompleted(415)) - f3c0879f-2b51-472f-a21d-9b1dd65624d4@group-5F0961318548->be78be15-616a-41d9-9b13-64e624dde3ac-AppendLogResponseHandler: follower responses appendEntries COMPLETED
2023-02-28 04:33:05,375 [grpc-default-executor-6] WARN  server.GrpcLogAppender (GrpcLogAppender.java:resetClient(137)) - f3c0879f-2b51-472f-a21d-9b1dd65624d4@group-5F0961318548->be78be15-616a-41d9-9b13-64e624dde3ac-GrpcLogAppender: Failed to getClient for be78be15-616a-41d9-9b13-64e624dde3ac
org.apache.ratis.protocol.exceptions.AlreadyClosedException: f3c0879f-2b51-472f-a21d-9b1dd65624d4 is already CLOSED
	at org.apache.ratis.util.PeerProxyMap$PeerAndProxy.getProxy(PeerProxyMap.java:61)
	at org.apache.ratis.util.PeerProxyMap.getProxy(PeerProxyMap.java:115)
	at org.apache.ratis.grpc.server.GrpcLogAppender.getClient(GrpcLogAppender.java:116)
	at org.apache.ratis.grpc.server.GrpcLogAppender.resetClient(GrpcLogAppender.java:121)
	at org.apache.ratis.grpc.server.GrpcLogAppender.access$500(GrpcLogAppender.java:58)
	at org.apache.ratis.grpc.server.GrpcLogAppender$AppendLogResponseHandler.onCompleted(GrpcLogAppender.java:416)
	at org.apache.ratis.thirdparty.io.grpc.stub.ClientCalls$StreamObserverToCallListenerAdapter.onClose(ClientCalls.java:485)
	at org.apache.ratis.thirdparty.io.grpc.internal.ClientCallImpl.closeObserver(ClientCallImpl.java:562)
	at org.apache.ratis.thirdparty.io.grpc.internal.ClientCallImpl.access$300(ClientCallImpl.java:70)
	at org.apache.ratis.thirdparty.io.grpc.internal.ClientCallImpl$ClientStreamListenerImpl$1StreamClosed.runInternal(ClientCallImpl.java:743)
	at org.apache.ratis.thirdparty.io.grpc.internal.ClientCallImpl$ClientStreamListenerImpl$1StreamClosed.runInContext(ClientCallImpl.java:722)
	at org.apache.ratis.thirdparty.io.grpc.internal.ContextRunnable.run(ContextRunnable.java:37)
	at org.apache.ratis.thirdparty.io.grpc.internal.SerializingExecutor.run(SerializingExecutor.java:133)
	at java.util.concurrent.ThreadPoolExecutor.runWorker(ThreadPoolExecutor.java:1149)
	at java.util.concurrent.ThreadPoolExecutor$Worker.run(ThreadPoolExecutor.java:624)
	at java.lang.Thread.run(Thread.java:750)
2023-02-28 04:33:05,375 [grpc-default-executor-4] INFO  server.GrpcLogAppender (GrpcLogAppender.java:onCompleted(415)) - f3c0879f-2b51-472f-a21d-9b1dd65624d4@group-5F0961318548->be78be15-616a-41d9-9b13-64e624dde3ac-AppendLogResponseHandler: follower responses appendEntries COMPLETED
2023-02-28 04:33:05,376 [grpc-default-executor-4] WARN  server.GrpcLogAppender (GrpcLogAppender.java:resetClient(137)) - f3c0879f-2b51-472f-a21d-9b1dd65624d4@group-5F0961318548->be78be15-616a-41d9-9b13-64e624dde3ac-GrpcLogAppender: Failed to getClient for be78be15-616a-41d9-9b13-64e624dde3ac
org.apache.ratis.protocol.exceptions.AlreadyClosedException: f3c0879f-2b51-472f-a21d-9b1dd65624d4 is already CLOSED
	at org.apache.ratis.util.PeerProxyMap$PeerAndProxy.getProxy(PeerProxyMap.java:61)
	at org.apache.ratis.util.PeerProxyMap.getProxy(PeerProxyMap.java:115)
	at org.apache.ratis.grpc.server.GrpcLogAppender.getClient(GrpcLogAppender.java:116)
	at org.apache.ratis.grpc.server.GrpcLogAppender.resetClient(GrpcLogAppender.java:121)
	at org.apache.ratis.grpc.server.GrpcLogAppender.access$500(GrpcLogAppender.java:58)
	at org.apache.ratis.grpc.server.GrpcLogAppender$AppendLogResponseHandler.onCompleted(GrpcLogAppender.java:416)
	at org.apache.ratis.thirdparty.io.grpc.stub.ClientCalls$StreamObserverToCallListenerAdapter.onClose(ClientCalls.java:485)
	at org.apache.ratis.thirdparty.io.grpc.internal.ClientCallImpl.closeObserver(ClientCallImpl.java:562)
	at org.apache.ratis.thirdparty.io.grpc.internal.ClientCallImpl.access$300(ClientCallImpl.java:70)
	at org.apache.ratis.thirdparty.io.grpc.internal.ClientCallImpl$ClientStreamListenerImpl$1StreamClosed.runInternal(ClientCallImpl.java:743)
	at org.apache.ratis.thirdparty.io.grpc.internal.ClientCallImpl$ClientStreamListenerImpl$1StreamClosed.runInContext(ClientCallImpl.java:722)
	at org.apache.ratis.thirdparty.io.grpc.internal.ContextRunnable.run(ContextRunnable.java:37)
	at org.apache.ratis.thirdparty.io.grpc.internal.SerializingExecutor.run(SerializingExecutor.java:133)
	at java.util.concurrent.ThreadPoolExecutor.runWorker(ThreadPoolExecutor.java:1149)
	at java.util.concurrent.ThreadPoolExecutor$Worker.run(ThreadPoolExecutor.java:624)
	at java.lang.Thread.run(Thread.java:750)
2023-02-28 04:33:05,378 [grpc-default-executor-5] INFO  server.GrpcLogAppender (GrpcLogAppender.java:onCompleted(415)) - f3c0879f-2b51-472f-a21d-9b1dd65624d4@group-5F0961318548->ef2d612f-7c32-4639-b0f9-22a0544f56e6-AppendLogResponseHandler: follower responses appendEntries COMPLETED
2023-02-28 04:33:05,378 [grpc-default-executor-5] INFO  leader.FollowerInfo (FollowerInfoImpl.java:lambda$new$0(48)) - f3c0879f-2b51-472f-a21d-9b1dd65624d4@group-5F0961318548->ef2d612f-7c32-4639-b0f9-22a0544f56e6: nextIndex: updateUnconditionally 226 -> 225
2023-02-28 04:33:05,378 [grpc-default-executor-4] WARN  server.GrpcLogAppender (LogUtils.java:warn(122)) - ef2d612f-7c32-4639-b0f9-22a0544f56e6@group-D520026A883B->f3c0879f-2b51-472f-a21d-9b1dd65624d4-AppendLogResponseHandler: Failed appendEntries: org.apache.ratis.thirdparty.io.grpc.StatusRuntimeException: UNAVAILABLE: io exception
2023-02-28 04:33:05,378 [grpc-default-executor-4] INFO  leader.FollowerInfo (FollowerInfoImpl.java:lambda$new$0(48)) - ef2d612f-7c32-4639-b0f9-22a0544f56e6@group-D520026A883B->f3c0879f-2b51-472f-a21d-9b1dd65624d4: nextIndex: updateUnconditionally 186 -> 185
2023-02-28 04:33:05,389 [ForkJoinPool.commonPool-worker-0] INFO  server.GrpcServerProtocolClient (GrpcServerProtocolClient.java:close(101)) - ef2d612f-7c32-4639-b0f9-22a0544f56e6 Close channels
2023-02-28 04:33:05,391 [ForkJoinPool.commonPool-worker-0] INFO  server.GrpcService (GrpcService.java:closeImpl(280)) - f3c0879f-2b51-472f-a21d-9b1dd65624d4: shutdown server GrpcServerProtocolService successfully
2023-02-28 04:33:05,392 [f3c0879f-2b51-472f-a21d-9b1dd65624d4-NettyServerStreamRpc-bossGroup--thread1] INFO  logging.LoggingHandler (AbstractInternalLogger.java:log(148)) - [id: 0x82a28e5e, L:/0:0:0:0:0:0:0:0:39167] CLOSE
2023-02-28 04:33:05,392 [f3c0879f-2b51-472f-a21d-9b1dd65624d4-NettyServerStreamRpc-bossGroup--thread1] INFO  logging.LoggingHandler (AbstractInternalLogger.java:log(148)) - [id: 0x82a28e5e, L:/0:0:0:0:0:0:0:0:39167] INACTIVE
2023-02-28 04:33:05,392 [f3c0879f-2b51-472f-a21d-9b1dd65624d4-NettyServerStreamRpc-bossGroup--thread1] INFO  logging.LoggingHandler (AbstractInternalLogger.java:log(148)) - [id: 0x82a28e5e, L:/0:0:0:0:0:0:0:0:39167] UNREGISTERED
2023-02-28 04:33:05,425 [f3c0879f-2b51-472f-a21d-9b1dd65624d4@group-D369260CDB85-StateMachineUpdater] INFO  ratis.ContainerStateMachine (ContainerStateMachine.java:takeSnapshot(319)) - group-D369260CDB85: Finished taking a snapshot at:(t:1, i:0) file:/home/runner/work/ozone/ozone/hadoop-ozone/integration-test/target/test-dir/MiniOzoneClusterImpl-f9e21395-1bcf-40d4-8edb-6f91c23aa5c2/datanode-0/data/ratis/882331ac-b8fd-4723-97e8-d369260cdb85/sm/snapshot.1_0 took: 82 ms
2023-02-28 04:33:05,427 [f3c0879f-2b51-472f-a21d-9b1dd65624d4@group-5F0961318548-StateMachineUpdater] INFO  ratis.ContainerStateMachine (ContainerStateMachine.java:takeSnapshot(319)) - group-5F0961318548: Finished taking a snapshot at:(t:1, i:226) file:/home/runner/work/ozone/ozone/hadoop-ozone/integration-test/target/test-dir/MiniOzoneClusterImpl-f9e21395-1bcf-40d4-8edb-6f91c23aa5c2/datanode-0/data/ratis/0e98ce45-0303-406b-aa09-5f0961318548/sm/snapshot.1_226 took: 59 ms
2023-02-28 04:33:05,427 [f3c0879f-2b51-472f-a21d-9b1dd65624d4@group-D520026A883B-StateMachineUpdater] INFO  ratis.ContainerStateMachine (ContainerStateMachine.java:takeSnapshot(319)) - group-D520026A883B: Finished taking a snapshot at:(t:1, i:187) file:/home/runner/work/ozone/ozone/hadoop-ozone/integration-test/target/test-dir/MiniOzoneClusterImpl-f9e21395-1bcf-40d4-8edb-6f91c23aa5c2/datanode-0/data/ratis/3a99d1bb-d425-471f-aa2d-d520026a883b/sm/snapshot.1_187 took: 89 ms
2023-02-28 04:33:05,429 [f3c0879f-2b51-472f-a21d-9b1dd65624d4@group-D520026A883B-StateMachineUpdater] INFO  impl.StateMachineUpdater (StateMachineUpdater.java:takeSnapshot(287)) - f3c0879f-2b51-472f-a21d-9b1dd65624d4@group-D520026A883B-StateMachineUpdater: Took a snapshot at index 187
2023-02-28 04:33:05,429 [f3c0879f-2b51-472f-a21d-9b1dd65624d4@group-D520026A883B-StateMachineUpdater] INFO  impl.StateMachineUpdater (StateMachineUpdater.java:lambda$new$0(92)) - f3c0879f-2b51-472f-a21d-9b1dd65624d4@group-D520026A883B-StateMachineUpdater: snapshotIndex: updateIncreasingly -1 -> 187
2023-02-28 04:33:05,434 [f3c0879f-2b51-472f-a21d-9b1dd65624d4-impl-thread1] INFO  server.RaftServer$Division (ServerState.java:close(466)) - f3c0879f-2b51-472f-a21d-9b1dd65624d4@group-D520026A883B: closes. applyIndex: 187
2023-02-28 04:33:05,434 [f3c0879f-2b51-472f-a21d-9b1dd65624d4@group-D520026A883B-SegmentedRaftLogWorker] INFO  segmented.SegmentedRaftLogWorker (SegmentedRaftLogWorker.java:run(347)) - f3c0879f-2b51-472f-a21d-9b1dd65624d4@group-D520026A883B-SegmentedRaftLogWorker was interrupted, exiting. There are 0 tasks remaining in the queue.
2023-02-28 04:33:05,434 [f3c0879f-2b51-472f-a21d-9b1dd65624d4-impl-thread1] INFO  segmented.SegmentedRaftLogWorker (SegmentedRaftLogWorker.java:close(257)) - f3c0879f-2b51-472f-a21d-9b1dd65624d4@group-D520026A883B-SegmentedRaftLogWorker close()
2023-02-28 04:33:05,435 [f3c0879f-2b51-472f-a21d-9b1dd65624d4@group-5F0961318548-StateMachineUpdater] INFO  impl.StateMachineUpdater (StateMachineUpdater.java:takeSnapshot(287)) - f3c0879f-2b51-472f-a21d-9b1dd65624d4@group-5F0961318548-StateMachineUpdater: Took a snapshot at index 226
2023-02-28 04:33:05,435 [f3c0879f-2b51-472f-a21d-9b1dd65624d4@group-5F0961318548-StateMachineUpdater] INFO  impl.StateMachineUpdater (StateMachineUpdater.java:lambda$new$0(92)) - f3c0879f-2b51-472f-a21d-9b1dd65624d4@group-5F0961318548-StateMachineUpdater: snapshotIndex: updateIncreasingly -1 -> 226
2023-02-28 04:33:05,436 [f3c0879f-2b51-472f-a21d-9b1dd65624d4-impl-thread3] INFO  server.RaftServer$Division (ServerState.java:close(466)) - f3c0879f-2b51-472f-a21d-9b1dd65624d4@group-5F0961318548: closes. applyIndex: 226
2023-02-28 04:33:05,437 [f3c0879f-2b51-472f-a21d-9b1dd65624d4@group-5F0961318548-SegmentedRaftLogWorker] INFO  segmented.SegmentedRaftLogWorker (SegmentedRaftLogWorker.java:run(347)) - f3c0879f-2b51-472f-a21d-9b1dd65624d4@group-5F0961318548-SegmentedRaftLogWorker was interrupted, exiting. There are 0 tasks remaining in the queue.
2023-02-28 04:33:05,437 [f3c0879f-2b51-472f-a21d-9b1dd65624d4-impl-thread3] INFO  segmented.SegmentedRaftLogWorker (SegmentedRaftLogWorker.java:close(257)) - f3c0879f-2b51-472f-a21d-9b1dd65624d4@group-5F0961318548-SegmentedRaftLogWorker close()
2023-02-28 04:33:05,437 [f3c0879f-2b51-472f-a21d-9b1dd65624d4@group-D369260CDB85-StateMachineUpdater] INFO  impl.StateMachineUpdater (StateMachineUpdater.java:takeSnapshot(287)) - f3c0879f-2b51-472f-a21d-9b1dd65624d4@group-D369260CDB85-StateMachineUpdater: Took a snapshot at index 0
2023-02-28 04:33:05,437 [f3c0879f-2b51-472f-a21d-9b1dd65624d4@group-D369260CDB85-StateMachineUpdater] INFO  impl.StateMachineUpdater (StateMachineUpdater.java:lambda$new$0(92)) - f3c0879f-2b51-472f-a21d-9b1dd65624d4@group-D369260CDB85-StateMachineUpdater: snapshotIndex: updateIncreasingly -1 -> 0
2023-02-28 04:33:05,438 [f3c0879f-2b51-472f-a21d-9b1dd65624d4-impl-thread2] INFO  server.RaftServer$Division (ServerState.java:close(466)) - f3c0879f-2b51-472f-a21d-9b1dd65624d4@group-D369260CDB85: closes. applyIndex: 0
2023-02-28 04:33:05,438 [f3c0879f-2b51-472f-a21d-9b1dd65624d4@group-D369260CDB85-SegmentedRaftLogWorker] INFO  segmented.SegmentedRaftLogWorker (SegmentedRaftLogWorker.java:run(347)) - f3c0879f-2b51-472f-a21d-9b1dd65624d4@group-D369260CDB85-SegmentedRaftLogWorker was interrupted, exiting. There are 0 tasks remaining in the queue.
2023-02-28 04:33:05,438 [f3c0879f-2b51-472f-a21d-9b1dd65624d4-impl-thread2] INFO  segmented.SegmentedRaftLogWorker (SegmentedRaftLogWorker.java:close(257)) - f3c0879f-2b51-472f-a21d-9b1dd65624d4@group-D369260CDB85-SegmentedRaftLogWorker close()
2023-02-28 04:33:05,438 [JvmPauseMonitor3] INFO  util.JvmPauseMonitor (JvmPauseMonitor.java:run(111)) - JvmPauseMonitor-f3c0879f-2b51-472f-a21d-9b1dd65624d4: Stopped
2023-02-28 04:33:06,261 [Listener at 127.0.0.1/43975] INFO  ozoneimpl.OzoneContainer (OzoneContainer.java:stop(420)) - Attempting to stop container services.
2023-02-28 04:33:06,262 [Listener at 127.0.0.1/43975] INFO  server.RaftServer (RaftServerProxy.java:lambda$close$6(409)) - be78be15-616a-41d9-9b13-64e624dde3ac: close
2023-02-28 04:33:06,262 [be78be15-616a-41d9-9b13-64e624dde3ac-impl-thread1] INFO  server.RaftServer$Division (RaftServerImpl.java:lambda$close$4(458)) - be78be15-616a-41d9-9b13-64e624dde3ac@group-D520026A883B: shutdown
2023-02-28 04:33:06,262 [be78be15-616a-41d9-9b13-64e624dde3ac-impl-thread1] INFO  util.JmxRegister (JmxRegister.java:unregister(73)) - Successfully un-registered JMX Bean with object name Ratis:service=RaftServer,group=group-D520026A883B,id=be78be15-616a-41d9-9b13-64e624dde3ac
2023-02-28 04:33:06,262 [be78be15-616a-41d9-9b13-64e624dde3ac-impl-thread1] INFO  impl.RoleInfo (RoleInfo.java:shutdownFollowerState(110)) - be78be15-616a-41d9-9b13-64e624dde3ac: shutdown be78be15-616a-41d9-9b13-64e624dde3ac@group-D520026A883B-FollowerState
2023-02-28 04:33:06,262 [Listener at 127.0.0.1/43975] INFO  server.GrpcService (GrpcService.java:closeImpl(271)) - be78be15-616a-41d9-9b13-64e624dde3ac: shutdown server GrpcServerProtocolService now
2023-02-28 04:33:06,262 [be78be15-616a-41d9-9b13-64e624dde3ac-impl-thread2] INFO  server.RaftServer$Division (RaftServerImpl.java:lambda$close$4(458)) - be78be15-616a-41d9-9b13-64e624dde3ac@group-5F0961318548: shutdown
2023-02-28 04:33:06,262 [be78be15-616a-41d9-9b13-64e624dde3ac@group-D520026A883B-FollowerState] INFO  impl.FollowerState (FollowerState.java:run(152)) - be78be15-616a-41d9-9b13-64e624dde3ac@group-D520026A883B-FollowerState was interrupted
2023-02-28 04:33:06,262 [be78be15-616a-41d9-9b13-64e624dde3ac-impl-thread1] INFO  impl.StateMachineUpdater (StateMachineUpdater.java:stopAndJoin(153)) - be78be15-616a-41d9-9b13-64e624dde3ac@group-D520026A883B-StateMachineUpdater: set stopIndex = 187
2023-02-28 04:33:06,264 [be78be15-616a-41d9-9b13-64e624dde3ac-impl-thread2] INFO  util.JmxRegister (JmxRegister.java:unregister(73)) - Successfully un-registered JMX Bean with object name Ratis:service=RaftServer,group=group-5F0961318548,id=be78be15-616a-41d9-9b13-64e624dde3ac
2023-02-28 04:33:06,265 [be78be15-616a-41d9-9b13-64e624dde3ac@group-D520026A883B-StateMachineUpdater] INFO  ratis.ContainerStateMachine (ContainerStateMachine.java:takeSnapshot(308)) - group-D520026A883B: Taking a snapshot at:(t:1, i:187) file /home/runner/work/ozone/ozone/hadoop-ozone/integration-test/target/test-dir/MiniOzoneClusterImpl-f9e21395-1bcf-40d4-8edb-6f91c23aa5c2/datanode-1/data/ratis/3a99d1bb-d425-471f-aa2d-d520026a883b/sm/snapshot.1_187
2023-02-28 04:33:06,265 [be78be15-616a-41d9-9b13-64e624dde3ac-impl-thread3] INFO  server.RaftServer$Division (RaftServerImpl.java:lambda$close$4(458)) - be78be15-616a-41d9-9b13-64e624dde3ac@group-16B54C0A1844: shutdown
2023-02-28 04:33:06,265 [be78be15-616a-41d9-9b13-64e624dde3ac-impl-thread3] INFO  util.JmxRegister (JmxRegister.java:unregister(73)) - Successfully un-registered JMX Bean with object name Ratis:service=RaftServer,group=group-16B54C0A1844,id=be78be15-616a-41d9-9b13-64e624dde3ac
2023-02-28 04:33:06,265 [be78be15-616a-41d9-9b13-64e624dde3ac-impl-thread3] INFO  impl.RoleInfo (RoleInfo.java:shutdownLeaderState(93)) - be78be15-616a-41d9-9b13-64e624dde3ac: shutdown be78be15-616a-41d9-9b13-64e624dde3ac@group-16B54C0A1844-LeaderStateImpl
2023-02-28 04:33:06,265 [be78be15-616a-41d9-9b13-64e624dde3ac-impl-thread3] INFO  impl.PendingRequests (PendingRequests.java:sendNotLeaderResponses(282)) - be78be15-616a-41d9-9b13-64e624dde3ac@group-16B54C0A1844-PendingRequests: sendNotLeaderResponses
2023-02-28 04:33:06,263 [EndpointStateMachine task thread for /0.0.0.0:41617 - 0 ] INFO  ipc.Client (Client.java:handleConnectionFailure(1010)) - Retrying connect to server: 0.0.0.0/0.0.0.0:41617. Already tried 0 time(s); retry policy is RetryUpToMaximumCountWithFixedSleep(maxRetries=15, sleepTime=1000 MILLISECONDS)
2023-02-28 04:33:06,265 [be78be15-616a-41d9-9b13-64e624dde3ac-impl-thread2] INFO  impl.RoleInfo (RoleInfo.java:shutdownFollowerState(110)) - be78be15-616a-41d9-9b13-64e624dde3ac: shutdown be78be15-616a-41d9-9b13-64e624dde3ac@group-5F0961318548-FollowerState
2023-02-28 04:33:06,265 [be78be15-616a-41d9-9b13-64e624dde3ac-impl-thread2] INFO  impl.StateMachineUpdater (StateMachineUpdater.java:stopAndJoin(153)) - be78be15-616a-41d9-9b13-64e624dde3ac@group-5F0961318548-StateMachineUpdater: set stopIndex = 224
2023-02-28 04:33:06,265 [be78be15-616a-41d9-9b13-64e624dde3ac@group-5F0961318548-FollowerState] INFO  impl.FollowerState (FollowerState.java:run(152)) - be78be15-616a-41d9-9b13-64e624dde3ac@group-5F0961318548-FollowerState was interrupted
2023-02-28 04:33:06,266 [be78be15-616a-41d9-9b13-64e624dde3ac@group-D520026A883B-StateMachineUpdater] INFO  ratis.ContainerStateMachine (ContainerStateMachine.java:takeSnapshot(319)) - group-D520026A883B: Finished taking a snapshot at:(t:1, i:187) file:/home/runner/work/ozone/ozone/hadoop-ozone/integration-test/target/test-dir/MiniOzoneClusterImpl-f9e21395-1bcf-40d4-8edb-6f91c23aa5c2/datanode-1/data/ratis/3a99d1bb-d425-471f-aa2d-d520026a883b/sm/snapshot.1_187 took: 1 ms
2023-02-28 04:33:06,266 [be78be15-616a-41d9-9b13-64e624dde3ac@group-D520026A883B-StateMachineUpdater] INFO  impl.StateMachineUpdater (StateMachineUpdater.java:takeSnapshot(287)) - be78be15-616a-41d9-9b13-64e624dde3ac@group-D520026A883B-StateMachineUpdater: Took a snapshot at index 187
2023-02-28 04:33:06,267 [be78be15-616a-41d9-9b13-64e624dde3ac@group-D520026A883B-StateMachineUpdater] INFO  impl.StateMachineUpdater (StateMachineUpdater.java:lambda$new$0(92)) - be78be15-616a-41d9-9b13-64e624dde3ac@group-D520026A883B-StateMachineUpdater: snapshotIndex: updateIncreasingly -1 -> 187
2023-02-28 04:33:06,267 [Datanode State Machine Daemon Thread] ERROR datanode.RunningDatanodeState (RunningDatanodeState.java:computeNextContainerState(207)) - Error in executing end point task.
java.util.concurrent.ExecutionException: java.util.concurrent.TimeoutException
	at java.util.concurrent.FutureTask.report(FutureTask.java:122)
	at java.util.concurrent.FutureTask.get(FutureTask.java:192)
	at org.apache.hadoop.ozone.container.common.states.datanode.RunningDatanodeState.computeNextContainerState(RunningDatanodeState.java:199)
	at org.apache.hadoop.ozone.container.common.states.datanode.RunningDatanodeState.await(RunningDatanodeState.java:239)
	at org.apache.hadoop.ozone.container.common.states.datanode.RunningDatanodeState.await(RunningDatanodeState.java:50)
	at org.apache.hadoop.ozone.container.common.statemachine.StateContext.execute(StateContext.java:661)
	at org.apache.hadoop.ozone.container.common.statemachine.DatanodeStateMachine.startStateMachineThread(DatanodeStateMachine.java:321)
	at org.apache.hadoop.ozone.container.common.statemachine.DatanodeStateMachine.lambda$startDaemon$0(DatanodeStateMachine.java:517)
	at java.lang.Thread.run(Thread.java:750)
Caused by: java.util.concurrent.TimeoutException
	at java.util.concurrent.FutureTask.get(FutureTask.java:205)
	at org.apache.hadoop.ozone.container.common.states.datanode.RunningDatanodeState.lambda$execute$0(RunningDatanodeState.java:157)
	at java.util.concurrent.FutureTask.run(FutureTask.java:266)
	at java.util.concurrent.Executors$RunnableAdapter.call(Executors.java:511)
	at java.util.concurrent.FutureTask.run(FutureTask.java:266)
	at java.util.concurrent.ThreadPoolExecutor.runWorker(ThreadPoolExecutor.java:1149)
	at java.util.concurrent.ThreadPoolExecutor$Worker.run(ThreadPoolExecutor.java:624)
	... 1 more
2023-02-28 04:33:06,266 [grpc-default-executor-5] WARN  server.GrpcServerProtocolService (LogUtils.java:warn(122)) - be78be15-616a-41d9-9b13-64e624dde3ac: installSnapshot onError, lastRequest: ef2d612f-7c32-4639-b0f9-22a0544f56e6->be78be15-616a-41d9-9b13-64e624dde3ac#2280-t1,previous=(t:1, i:186),leaderCommit=186,initializing? true,entries: size=1, first=(t:1, i:187), METADATAENTRY(c:186): org.apache.ratis.thirdparty.io.grpc.StatusRuntimeException: CANCELLED: client cancelled
2023-02-28 04:33:06,268 [be78be15-616a-41d9-9b13-64e624dde3ac@group-5F0961318548-StateMachineUpdater] INFO  ratis.ContainerStateMachine (ContainerStateMachine.java:takeSnapshot(308)) - group-5F0961318548: Taking a snapshot at:(t:1, i:224) file /home/runner/work/ozone/ozone/hadoop-ozone/integration-test/target/test-dir/MiniOzoneClusterImpl-f9e21395-1bcf-40d4-8edb-6f91c23aa5c2/datanode-1/data/ratis/0e98ce45-0303-406b-aa09-5f0961318548/sm/snapshot.1_224
2023-02-28 04:33:06,268 [be78be15-616a-41d9-9b13-64e624dde3ac-impl-thread1] INFO  server.RaftServer$Division (ServerState.java:close(466)) - be78be15-616a-41d9-9b13-64e624dde3ac@group-D520026A883B: closes. applyIndex: 187
2023-02-28 04:33:06,268 [be78be15-616a-41d9-9b13-64e624dde3ac@group-D520026A883B-SegmentedRaftLogWorker] INFO  segmented.SegmentedRaftLogWorker (SegmentedRaftLogWorker.java:run(347)) - be78be15-616a-41d9-9b13-64e624dde3ac@group-D520026A883B-SegmentedRaftLogWorker was interrupted, exiting. There are 0 tasks remaining in the queue.
2023-02-28 04:33:06,269 [be78be15-616a-41d9-9b13-64e624dde3ac-impl-thread1] INFO  segmented.SegmentedRaftLogWorker (SegmentedRaftLogWorker.java:close(257)) - be78be15-616a-41d9-9b13-64e624dde3ac@group-D520026A883B-SegmentedRaftLogWorker close()
2023-02-28 04:33:06,269 [be78be15-616a-41d9-9b13-64e624dde3ac@group-5F0961318548-StateMachineUpdater] INFO  ratis.ContainerStateMachine (ContainerStateMachine.java:takeSnapshot(319)) - group-5F0961318548: Finished taking a snapshot at:(t:1, i:224) file:/home/runner/work/ozone/ozone/hadoop-ozone/integration-test/target/test-dir/MiniOzoneClusterImpl-f9e21395-1bcf-40d4-8edb-6f91c23aa5c2/datanode-1/data/ratis/0e98ce45-0303-406b-aa09-5f0961318548/sm/snapshot.1_224 took: 1 ms
2023-02-28 04:33:06,269 [be78be15-616a-41d9-9b13-64e624dde3ac@group-5F0961318548-StateMachineUpdater] INFO  impl.StateMachineUpdater (StateMachineUpdater.java:takeSnapshot(287)) - be78be15-616a-41d9-9b13-64e624dde3ac@group-5F0961318548-StateMachineUpdater: Took a snapshot at index 224
2023-02-28 04:33:06,269 [be78be15-616a-41d9-9b13-64e624dde3ac@group-5F0961318548-StateMachineUpdater] INFO  impl.StateMachineUpdater (StateMachineUpdater.java:lambda$new$0(92)) - be78be15-616a-41d9-9b13-64e624dde3ac@group-5F0961318548-StateMachineUpdater: snapshotIndex: updateIncreasingly -1 -> 224
2023-02-28 04:33:06,270 [grpc-default-executor-4] WARN  server.GrpcServerProtocolService (LogUtils.java:warn(122)) - be78be15-616a-41d9-9b13-64e624dde3ac: installSnapshot onError, lastRequest: null: org.apache.ratis.thirdparty.io.grpc.StatusRuntimeException: CANCELLED: client cancelled
2023-02-28 04:33:06,270 [Listener at 127.0.0.1/43975] INFO  server.GrpcService (GrpcService.java:closeImpl(280)) - be78be15-616a-41d9-9b13-64e624dde3ac: shutdown server GrpcServerProtocolService successfully
2023-02-28 04:33:06,270 [be78be15-616a-41d9-9b13-64e624dde3ac-NettyServerStreamRpc-bossGroup--thread1] INFO  logging.LoggingHandler (AbstractInternalLogger.java:log(148)) - [id: 0xe00d3e2e, L:/0:0:0:0:0:0:0:0:43621] CLOSE
2023-02-28 04:33:06,271 [be78be15-616a-41d9-9b13-64e624dde3ac-NettyServerStreamRpc-bossGroup--thread1] INFO  logging.LoggingHandler (AbstractInternalLogger.java:log(148)) - [id: 0xe00d3e2e, L:/0:0:0:0:0:0:0:0:43621] INACTIVE
2023-02-28 04:33:06,271 [be78be15-616a-41d9-9b13-64e624dde3ac-NettyServerStreamRpc-bossGroup--thread1] INFO  logging.LoggingHandler (AbstractInternalLogger.java:log(148)) - [id: 0xe00d3e2e, L:/0:0:0:0:0:0:0:0:43621] UNREGISTERED
2023-02-28 04:33:06,273 [be78be15-616a-41d9-9b13-64e624dde3ac-impl-thread2] INFO  server.RaftServer$Division (ServerState.java:close(466)) - be78be15-616a-41d9-9b13-64e624dde3ac@group-5F0961318548: closes. applyIndex: 224
2023-02-28 04:33:06,274 [be78be15-616a-41d9-9b13-64e624dde3ac@group-16B54C0A1844-StateMachineUpdater] INFO  ratis.ContainerStateMachine (ContainerStateMachine.java:takeSnapshot(308)) - group-16B54C0A1844: Taking a snapshot at:(t:1, i:0) file /home/runner/work/ozone/ozone/hadoop-ozone/integration-test/target/test-dir/MiniOzoneClusterImpl-f9e21395-1bcf-40d4-8edb-6f91c23aa5c2/datanode-1/data/ratis/decc78ee-b028-4db4-b35b-16b54c0a1844/sm/snapshot.1_0
2023-02-28 04:33:06,274 [be78be15-616a-41d9-9b13-64e624dde3ac@group-16B54C0A1844-StateMachineUpdater] INFO  ratis.ContainerStateMachine (ContainerStateMachine.java:takeSnapshot(319)) - group-16B54C0A1844: Finished taking a snapshot at:(t:1, i:0) file:/home/runner/work/ozone/ozone/hadoop-ozone/integration-test/target/test-dir/MiniOzoneClusterImpl-f9e21395-1bcf-40d4-8edb-6f91c23aa5c2/datanode-1/data/ratis/decc78ee-b028-4db4-b35b-16b54c0a1844/sm/snapshot.1_0 took: 1 ms
2023-02-28 04:33:06,275 [be78be15-616a-41d9-9b13-64e624dde3ac@group-16B54C0A1844-StateMachineUpdater] INFO  impl.StateMachineUpdater (StateMachineUpdater.java:takeSnapshot(287)) - be78be15-616a-41d9-9b13-64e624dde3ac@group-16B54C0A1844-StateMachineUpdater: Took a snapshot at index 0
2023-02-28 04:33:06,275 [be78be15-616a-41d9-9b13-64e624dde3ac@group-16B54C0A1844-StateMachineUpdater] INFO  impl.StateMachineUpdater (StateMachineUpdater.java:lambda$new$0(92)) - be78be15-616a-41d9-9b13-64e624dde3ac@group-16B54C0A1844-StateMachineUpdater: snapshotIndex: updateIncreasingly -1 -> 0
2023-02-28 04:33:06,280 [be78be15-616a-41d9-9b13-64e624dde3ac-impl-thread3] INFO  impl.StateMachineUpdater (StateMachineUpdater.java:stopAndJoin(153)) - be78be15-616a-41d9-9b13-64e624dde3ac@group-16B54C0A1844-StateMachineUpdater: set stopIndex = 0
2023-02-28 04:33:06,280 [be78be15-616a-41d9-9b13-64e624dde3ac-impl-thread3] INFO  server.RaftServer$Division (ServerState.java:close(466)) - be78be15-616a-41d9-9b13-64e624dde3ac@group-16B54C0A1844: closes. applyIndex: 0
2023-02-28 04:33:06,286 [grpc-default-executor-2] WARN  server.GrpcLogAppender (LogUtils.java:warn(122)) - ef2d612f-7c32-4639-b0f9-22a0544f56e6@group-D520026A883B->be78be15-616a-41d9-9b13-64e624dde3ac-AppendLogResponseHandler: Failed appendEntries: org.apache.ratis.thirdparty.io.grpc.StatusRuntimeException: CANCELLED: RST_STREAM closed stream. HTTP/2 error code: CANCEL
2023-02-28 04:33:06,286 [grpc-default-executor-2] INFO  leader.FollowerInfo (FollowerInfoImpl.java:lambda$new$0(48)) - ef2d612f-7c32-4639-b0f9-22a0544f56e6@group-D520026A883B->be78be15-616a-41d9-9b13-64e624dde3ac: nextIndex: updateUnconditionally 188 -> 187
2023-02-28 04:33:06,288 [be78be15-616a-41d9-9b13-64e624dde3ac@group-16B54C0A1844-SegmentedRaftLogWorker] INFO  segmented.SegmentedRaftLogWorker (SegmentedRaftLogWorker.java:run(347)) - be78be15-616a-41d9-9b13-64e624dde3ac@group-16B54C0A1844-SegmentedRaftLogWorker was interrupted, exiting. There are 0 tasks remaining in the queue.
2023-02-28 04:33:06,288 [be78be15-616a-41d9-9b13-64e624dde3ac-impl-thread3] INFO  segmented.SegmentedRaftLogWorker (SegmentedRaftLogWorker.java:close(257)) - be78be15-616a-41d9-9b13-64e624dde3ac@group-16B54C0A1844-SegmentedRaftLogWorker close()
2023-02-28 04:33:06,288 [be78be15-616a-41d9-9b13-64e624dde3ac@group-5F0961318548-SegmentedRaftLogWorker] INFO  segmented.SegmentedRaftLogWorker (SegmentedRaftLogWorker.java:run(347)) - be78be15-616a-41d9-9b13-64e624dde3ac@group-5F0961318548-SegmentedRaftLogWorker was interrupted, exiting. There are 0 tasks remaining in the queue.
2023-02-28 04:33:06,288 [be78be15-616a-41d9-9b13-64e624dde3ac-impl-thread2] INFO  segmented.SegmentedRaftLogWorker (SegmentedRaftLogWorker.java:close(257)) - be78be15-616a-41d9-9b13-64e624dde3ac@group-5F0961318548-SegmentedRaftLogWorker close()
2023-02-28 04:33:06,290 [grpc-default-executor-5] WARN  server.GrpcLogAppender (LogUtils.java:warn(122)) - ef2d612f-7c32-4639-b0f9-22a0544f56e6@group-D520026A883B->be78be15-616a-41d9-9b13-64e624dde3ac-AppendLogResponseHandler: Failed appendEntries: org.apache.ratis.thirdparty.io.grpc.StatusRuntimeException: CANCELLED: RST_STREAM closed stream. HTTP/2 error code: CANCEL
2023-02-28 04:33:06,290 [grpc-default-executor-5] INFO  leader.FollowerInfo (FollowerInfoImpl.java:lambda$new$0(48)) - ef2d612f-7c32-4639-b0f9-22a0544f56e6@group-D520026A883B->be78be15-616a-41d9-9b13-64e624dde3ac: nextIndex: updateUnconditionally 187 -> 186
2023-02-28 04:33:06,295 [JvmPauseMonitor4] INFO  util.JvmPauseMonitor (JvmPauseMonitor.java:run(111)) - JvmPauseMonitor-be78be15-616a-41d9-9b13-64e624dde3ac: Stopped
2023-02-28 04:33:06,298 [grpc-default-executor-5] WARN  server.GrpcLogAppender (LogUtils.java:warn(122)) - ef2d612f-7c32-4639-b0f9-22a0544f56e6@group-D520026A883B->be78be15-616a-41d9-9b13-64e624dde3ac-AppendLogResponseHandler: Failed appendEntries: org.apache.ratis.thirdparty.io.grpc.StatusRuntimeException: UNAVAILABLE: io exception
2023-02-28 04:33:06,299 [grpc-default-executor-5] INFO  leader.FollowerInfo (FollowerInfoImpl.java:lambda$new$0(48)) - ef2d612f-7c32-4639-b0f9-22a0544f56e6@group-D520026A883B->be78be15-616a-41d9-9b13-64e624dde3ac: nextIndex: updateUnconditionally 187 -> 186
2023-02-28 04:33:06,304 [grpc-default-executor-4] WARN  server.GrpcLogAppender (LogUtils.java:warn(122)) - ef2d612f-7c32-4639-b0f9-22a0544f56e6@group-D520026A883B->be78be15-616a-41d9-9b13-64e624dde3ac-AppendLogResponseHandler: Failed appendEntries: org.apache.ratis.thirdparty.io.grpc.StatusRuntimeException: UNAVAILABLE: io exception
2023-02-28 04:33:06,304 [grpc-default-executor-4] INFO  leader.FollowerInfo (FollowerInfoImpl.java:lambda$new$0(48)) - ef2d612f-7c32-4639-b0f9-22a0544f56e6@group-D520026A883B->be78be15-616a-41d9-9b13-64e624dde3ac: nextIndex: updateUnconditionally 186 -> 185
2023-02-28 04:33:06,986 [grpc-default-executor-4] WARN  server.GrpcLogAppender (LogUtils.java:warn(122)) - ef2d612f-7c32-4639-b0f9-22a0544f56e6@group-D520026A883B->f3c0879f-2b51-472f-a21d-9b1dd65624d4-AppendLogResponseHandler: Failed appendEntries: org.apache.ratis.thirdparty.io.grpc.StatusRuntimeException: UNAVAILABLE: io exception
2023-02-28 04:33:06,986 [grpc-default-executor-5] WARN  server.GrpcLogAppender (LogUtils.java:warn(122)) - ef2d612f-7c32-4639-b0f9-22a0544f56e6@group-D520026A883B->f3c0879f-2b51-472f-a21d-9b1dd65624d4-AppendLogResponseHandler: Failed appendEntries: org.apache.ratis.thirdparty.io.grpc.StatusRuntimeException: UNAVAILABLE: io exception
2023-02-28 04:33:06,987 [grpc-default-executor-4] INFO  leader.FollowerInfo (FollowerInfoImpl.java:lambda$new$0(48)) - ef2d612f-7c32-4639-b0f9-22a0544f56e6@group-D520026A883B->f3c0879f-2b51-472f-a21d-9b1dd65624d4: nextIndex: updateUnconditionally 185 -> 184
2023-02-28 04:33:06,988 [grpc-default-executor-5] INFO  leader.FollowerInfo (FollowerInfoImpl.java:lambda$new$0(48)) - ef2d612f-7c32-4639-b0f9-22a0544f56e6@group-D520026A883B->f3c0879f-2b51-472f-a21d-9b1dd65624d4: nextIndex: updateUnconditionally 184 -> 183
2023-02-28 04:33:06,990 [grpc-default-executor-5] WARN  server.GrpcLogAppender (LogUtils.java:warn(122)) - ef2d612f-7c32-4639-b0f9-22a0544f56e6@group-D520026A883B->be78be15-616a-41d9-9b13-64e624dde3ac-AppendLogResponseHandler: Failed appendEntries: org.apache.ratis.thirdparty.io.grpc.StatusRuntimeException: UNAVAILABLE: io exception
2023-02-28 04:33:06,990 [grpc-default-executor-4] WARN  server.GrpcLogAppender (LogUtils.java:warn(122)) - ef2d612f-7c32-4639-b0f9-22a0544f56e6@group-D520026A883B->be78be15-616a-41d9-9b13-64e624dde3ac-AppendLogResponseHandler: Failed appendEntries: org.apache.ratis.thirdparty.io.grpc.StatusRuntimeException: UNAVAILABLE: io exception
2023-02-28 04:33:06,991 [grpc-default-executor-5] INFO  leader.FollowerInfo (FollowerInfoImpl.java:lambda$new$0(48)) - ef2d612f-7c32-4639-b0f9-22a0544f56e6@group-D520026A883B->be78be15-616a-41d9-9b13-64e624dde3ac: nextIndex: updateUnconditionally 185 -> 184
2023-02-28 04:33:06,992 [grpc-default-executor-4] INFO  leader.FollowerInfo (FollowerInfoImpl.java:lambda$new$0(48)) - ef2d612f-7c32-4639-b0f9-22a0544f56e6@group-D520026A883B->be78be15-616a-41d9-9b13-64e624dde3ac: nextIndex: updateUnconditionally 184 -> 183
2023-02-28 04:33:06,997 [grpc-default-executor-4] WARN  server.GrpcLogAppender (LogUtils.java:warn(122)) - ef2d612f-7c32-4639-b0f9-22a0544f56e6@group-D520026A883B->f3c0879f-2b51-472f-a21d-9b1dd65624d4-AppendLogResponseHandler: Failed appendEntries: org.apache.ratis.thirdparty.io.grpc.StatusRuntimeException: UNAVAILABLE: io exception
2023-02-28 04:33:06,998 [grpc-default-executor-5] WARN  server.GrpcLogAppender (LogUtils.java:warn(122)) - ef2d612f-7c32-4639-b0f9-22a0544f56e6@group-D520026A883B->f3c0879f-2b51-472f-a21d-9b1dd65624d4-AppendLogResponseHandler: Failed appendEntries: org.apache.ratis.thirdparty.io.grpc.StatusRuntimeException: UNAVAILABLE: io exception
2023-02-28 04:33:06,998 [grpc-default-executor-4] INFO  leader.FollowerInfo (FollowerInfoImpl.java:lambda$new$0(48)) - ef2d612f-7c32-4639-b0f9-22a0544f56e6@group-D520026A883B->f3c0879f-2b51-472f-a21d-9b1dd65624d4: nextIndex: updateUnconditionally 184 -> 183
2023-02-28 04:33:06,999 [grpc-default-executor-5] INFO  leader.FollowerInfo (FollowerInfoImpl.java:lambda$new$0(48)) - ef2d612f-7c32-4639-b0f9-22a0544f56e6@group-D520026A883B->f3c0879f-2b51-472f-a21d-9b1dd65624d4: nextIndex: updateUnconditionally 183 -> 182
2023-02-28 04:33:07,001 [grpc-default-executor-5] WARN  server.GrpcLogAppender (LogUtils.java:warn(122)) - ef2d612f-7c32-4639-b0f9-22a0544f56e6@group-D520026A883B->be78be15-616a-41d9-9b13-64e624dde3ac-AppendLogResponseHandler: Failed appendEntries: org.apache.ratis.thirdparty.io.grpc.StatusRuntimeException: UNAVAILABLE: io exception
2023-02-28 04:33:07,001 [grpc-default-executor-5] INFO  leader.FollowerInfo (FollowerInfoImpl.java:lambda$new$0(48)) - ef2d612f-7c32-4639-b0f9-22a0544f56e6@group-D520026A883B->be78be15-616a-41d9-9b13-64e624dde3ac: nextIndex: updateUnconditionally 184 -> 183
2023-02-28 04:33:07,002 [grpc-default-executor-4] WARN  server.GrpcLogAppender (LogUtils.java:warn(122)) - ef2d612f-7c32-4639-b0f9-22a0544f56e6@group-D520026A883B->be78be15-616a-41d9-9b13-64e624dde3ac-AppendLogResponseHandler: Failed appendEntries: org.apache.ratis.thirdparty.io.grpc.StatusRuntimeException: UNAVAILABLE: io exception
2023-02-28 04:33:07,002 [grpc-default-executor-4] INFO  leader.FollowerInfo (FollowerInfoImpl.java:lambda$new$0(48)) - ef2d612f-7c32-4639-b0f9-22a0544f56e6@group-D520026A883B->be78be15-616a-41d9-9b13-64e624dde3ac: nextIndex: updateUnconditionally 183 -> 182
2023-02-28 04:33:07,273 [EndpointStateMachine task thread for /0.0.0.0:41617 - 0 ] INFO  ipc.Client (Client.java:handleConnectionFailure(1010)) - Retrying connect to server: 0.0.0.0/0.0.0.0:41617. Already tried 1 time(s); retry policy is RetryUpToMaximumCountWithFixedSleep(maxRetries=15, sleepTime=1000 MILLISECONDS)
2023-02-28 04:33:07,466 [ForkJoinPool.commonPool-worker-0] INFO  volume.HddsVolume (HddsVolume.java:closeDbStore(362)) - SchemaV3 db is stopped at /home/runner/work/ozone/ozone/hadoop-ozone/integration-test/target/test-dir/MiniOzoneClusterImpl-f9e21395-1bcf-40d4-8edb-6f91c23aa5c2/datanode-0/data-0/containers/hdds/f9e21395-1bcf-40d4-8edb-6f91c23aa5c2/DS-74aa4c8c-ac5c-49eb-9697-d6785a7487fd/container.db for volume DS-74aa4c8c-ac5c-49eb-9697-d6785a7487fd
2023-02-28 04:33:07,466 [ForkJoinPool.commonPool-worker-0] INFO  utils.BackgroundService (BackgroundService.java:shutdown(141)) - Shutting down service BlockDeletingService
2023-02-28 04:33:07,467 [ForkJoinPool.commonPool-worker-0] INFO  utils.BackgroundService (BackgroundService.java:shutdown(141)) - Shutting down service StaleRecoveringContainerScrubbingService
2023-02-28 04:33:07,468 [ForkJoinPool.commonPool-worker-0] INFO  statemachine.DatanodeStateMachine (DatanodeStateMachine.java:stopDaemon(600)) - Ozone container server stopped.
2023-02-28 04:33:07,481 [ForkJoinPool.commonPool-worker-0] INFO  handler.ContextHandler (ContextHandler.java:doStop(1159)) - Stopped o.e.j.w.WebAppContext@46b6ce71{hddsDatanode,/,null,STOPPED}{jar:file:/home/runner/.m2/repository/org/apache/ozone/hdds-container-service/1.4.0-SNAPSHOT/hdds-container-service-1.4.0-SNAPSHOT.jar!/webapps/hddsDatanode}
2023-02-28 04:33:07,482 [ForkJoinPool.commonPool-worker-0] INFO  server.AbstractConnector (AbstractConnector.java:doStop(383)) - Stopped ServerConnector@44b7facb{HTTP/1.1, (http/1.1)}{0.0.0.0:0}
2023-02-28 04:33:07,482 [ForkJoinPool.commonPool-worker-0] INFO  server.session (HouseKeeper.java:stopScavenging(149)) - node0 Stopped scavenging
2023-02-28 04:33:07,482 [ForkJoinPool.commonPool-worker-0] INFO  handler.ContextHandler (ContextHandler.java:doStop(1159)) - Stopped o.e.j.s.ServletContextHandler@74ba0d7{static,/static,jar:file:/home/runner/.m2/repository/org/apache/ozone/hdds-container-service/1.4.0-SNAPSHOT/hdds-container-service-1.4.0-SNAPSHOT.jar!/webapps/static,STOPPED}
2023-02-28 04:33:07,483 [ForkJoinPool.commonPool-worker-0] INFO  handler.ContextHandler (ContextHandler.java:doStop(1159)) - Stopped o.e.j.s.ServletContextHandler@196a703f{logs,/logs,file:///home/runner/work/ozone/ozone/hadoop-ozone/integration-test/target/log,STOPPED}
2023-02-28 04:33:08,238 [grpc-default-executor-5] WARN  server.GrpcLogAppender (LogUtils.java:warn(122)) - ef2d612f-7c32-4639-b0f9-22a0544f56e6@group-D520026A883B->f3c0879f-2b51-472f-a21d-9b1dd65624d4-AppendLogResponseHandler: Failed appendEntries: org.apache.ratis.thirdparty.io.grpc.StatusRuntimeException: UNAVAILABLE: io exception
2023-02-28 04:33:08,238 [grpc-default-executor-4] WARN  server.GrpcLogAppender (LogUtils.java:warn(122)) - ef2d612f-7c32-4639-b0f9-22a0544f56e6@group-D520026A883B->f3c0879f-2b51-472f-a21d-9b1dd65624d4-AppendLogResponseHandler: Failed appendEntries: org.apache.ratis.thirdparty.io.grpc.StatusRuntimeException: UNAVAILABLE: io exception
2023-02-28 04:33:08,239 [grpc-default-executor-5] INFO  leader.FollowerInfo (FollowerInfoImpl.java:lambda$new$0(48)) - ef2d612f-7c32-4639-b0f9-22a0544f56e6@group-D520026A883B->f3c0879f-2b51-472f-a21d-9b1dd65624d4: nextIndex: updateUnconditionally 182 -> 181
2023-02-28 04:33:08,239 [grpc-default-executor-4] INFO  leader.FollowerInfo (FollowerInfoImpl.java:lambda$new$0(48)) - ef2d612f-7c32-4639-b0f9-22a0544f56e6@group-D520026A883B->f3c0879f-2b51-472f-a21d-9b1dd65624d4: nextIndex: updateUnconditionally 181 -> 180
2023-02-28 04:33:08,241 [grpc-default-executor-4] WARN  server.GrpcLogAppender (LogUtils.java:warn(122)) - ef2d612f-7c32-4639-b0f9-22a0544f56e6@group-D520026A883B->be78be15-616a-41d9-9b13-64e624dde3ac-AppendLogResponseHandler: Failed appendEntries: org.apache.ratis.thirdparty.io.grpc.StatusRuntimeException: UNAVAILABLE: io exception
2023-02-28 04:33:08,241 [grpc-default-executor-5] WARN  server.GrpcLogAppender (LogUtils.java:warn(122)) - ef2d612f-7c32-4639-b0f9-22a0544f56e6@group-D520026A883B->be78be15-616a-41d9-9b13-64e624dde3ac-AppendLogResponseHandler: Failed appendEntries: org.apache.ratis.thirdparty.io.grpc.StatusRuntimeException: UNAVAILABLE: io exception
2023-02-28 04:33:08,242 [grpc-default-executor-4] INFO  leader.FollowerInfo (FollowerInfoImpl.java:lambda$new$0(48)) - ef2d612f-7c32-4639-b0f9-22a0544f56e6@group-D520026A883B->be78be15-616a-41d9-9b13-64e624dde3ac: nextIndex: updateUnconditionally 182 -> 181
2023-02-28 04:33:08,242 [grpc-default-executor-5] INFO  leader.FollowerInfo (FollowerInfoImpl.java:lambda$new$0(48)) - ef2d612f-7c32-4639-b0f9-22a0544f56e6@group-D520026A883B->be78be15-616a-41d9-9b13-64e624dde3ac: nextIndex: updateUnconditionally 181 -> 180
2023-02-28 04:33:08,249 [grpc-default-executor-5] WARN  server.GrpcLogAppender (LogUtils.java:warn(122)) - ef2d612f-7c32-4639-b0f9-22a0544f56e6@group-D520026A883B->f3c0879f-2b51-472f-a21d-9b1dd65624d4-AppendLogResponseHandler: Failed appendEntries: org.apache.ratis.thirdparty.io.grpc.StatusRuntimeException: UNAVAILABLE: io exception
2023-02-28 04:33:08,249 [grpc-default-executor-4] WARN  server.GrpcLogAppender (LogUtils.java:warn(122)) - ef2d612f-7c32-4639-b0f9-22a0544f56e6@group-D520026A883B->f3c0879f-2b51-472f-a21d-9b1dd65624d4-AppendLogResponseHandler: Failed appendEntries: org.apache.ratis.thirdparty.io.grpc.StatusRuntimeException: UNAVAILABLE: io exception
2023-02-28 04:33:08,250 [grpc-default-executor-5] INFO  leader.FollowerInfo (FollowerInfoImpl.java:lambda$new$0(48)) - ef2d612f-7c32-4639-b0f9-22a0544f56e6@group-D520026A883B->f3c0879f-2b51-472f-a21d-9b1dd65624d4: nextIndex: updateUnconditionally 181 -> 180
2023-02-28 04:33:08,250 [grpc-default-executor-4] INFO  leader.FollowerInfo (FollowerInfoImpl.java:lambda$new$0(48)) - ef2d612f-7c32-4639-b0f9-22a0544f56e6@group-D520026A883B->f3c0879f-2b51-472f-a21d-9b1dd65624d4: nextIndex: updateUnconditionally 180 -> 179
2023-02-28 04:33:08,252 [grpc-default-executor-4] WARN  server.GrpcLogAppender (LogUtils.java:warn(122)) - ef2d612f-7c32-4639-b0f9-22a0544f56e6@group-D520026A883B->be78be15-616a-41d9-9b13-64e624dde3ac-AppendLogResponseHandler: Failed appendEntries: org.apache.ratis.thirdparty.io.grpc.StatusRuntimeException: UNAVAILABLE: io exception
2023-02-28 04:33:08,252 [grpc-default-executor-5] WARN  server.GrpcLogAppender (LogUtils.java:warn(122)) - ef2d612f-7c32-4639-b0f9-22a0544f56e6@group-D520026A883B->be78be15-616a-41d9-9b13-64e624dde3ac-AppendLogResponseHandler: Failed appendEntries: org.apache.ratis.thirdparty.io.grpc.StatusRuntimeException: UNAVAILABLE: io exception
2023-02-28 04:33:08,253 [grpc-default-executor-4] INFO  leader.FollowerInfo (FollowerInfoImpl.java:lambda$new$0(48)) - ef2d612f-7c32-4639-b0f9-22a0544f56e6@group-D520026A883B->be78be15-616a-41d9-9b13-64e624dde3ac: nextIndex: updateUnconditionally 181 -> 180
2023-02-28 04:33:08,254 [grpc-default-executor-5] INFO  leader.FollowerInfo (FollowerInfoImpl.java:lambda$new$0(48)) - ef2d612f-7c32-4639-b0f9-22a0544f56e6@group-D520026A883B->be78be15-616a-41d9-9b13-64e624dde3ac: nextIndex: updateUnconditionally 180 -> 179
2023-02-28 04:33:08,273 [ForkJoinPool.commonPool-worker-0] INFO  ozoneimpl.OzoneContainer (OzoneContainer.java:stop(420)) - Attempting to stop container services.
2023-02-28 04:33:08,274 [ForkJoinPool.commonPool-worker-0] INFO  server.RaftServer (RaftServerProxy.java:lambda$close$6(409)) - ef2d612f-7c32-4639-b0f9-22a0544f56e6: close
2023-02-28 04:33:08,274 [ef2d612f-7c32-4639-b0f9-22a0544f56e6-impl-thread1] INFO  server.RaftServer$Division (RaftServerImpl.java:lambda$close$4(458)) - ef2d612f-7c32-4639-b0f9-22a0544f56e6@group-D520026A883B: shutdown
2023-02-28 04:33:08,274 [ef2d612f-7c32-4639-b0f9-22a0544f56e6-impl-thread1] INFO  util.JmxRegister (JmxRegister.java:unregister(73)) - Successfully un-registered JMX Bean with object name Ratis:service=RaftServer,group=group-D520026A883B,id=ef2d612f-7c32-4639-b0f9-22a0544f56e6
2023-02-28 04:33:08,274 [ef2d612f-7c32-4639-b0f9-22a0544f56e6-impl-thread1] INFO  impl.RoleInfo (RoleInfo.java:shutdownLeaderState(93)) - ef2d612f-7c32-4639-b0f9-22a0544f56e6: shutdown ef2d612f-7c32-4639-b0f9-22a0544f56e6@group-D520026A883B-LeaderStateImpl
2023-02-28 04:33:08,274 [ef2d612f-7c32-4639-b0f9-22a0544f56e6-impl-thread2] INFO  server.RaftServer$Division (RaftServerImpl.java:lambda$close$4(458)) - ef2d612f-7c32-4639-b0f9-22a0544f56e6@group-4707E66DC214: shutdown
2023-02-28 04:33:08,274 [EndpointStateMachine task thread for /0.0.0.0:41617 - 0 ] INFO  ipc.Client (Client.java:handleConnectionFailure(1010)) - Retrying connect to server: 0.0.0.0/0.0.0.0:41617. Already tried 2 time(s); retry policy is RetryUpToMaximumCountWithFixedSleep(maxRetries=15, sleepTime=1000 MILLISECONDS)
2023-02-28 04:33:08,274 [ef2d612f-7c32-4639-b0f9-22a0544f56e6-impl-thread2] INFO  util.JmxRegister (JmxRegister.java:unregister(73)) - Successfully un-registered JMX Bean with object name Ratis:service=RaftServer,group=group-4707E66DC214,id=ef2d612f-7c32-4639-b0f9-22a0544f56e6
2023-02-28 04:33:08,274 [ef2d612f-7c32-4639-b0f9-22a0544f56e6-impl-thread2] INFO  impl.RoleInfo (RoleInfo.java:shutdownLeaderState(93)) - ef2d612f-7c32-4639-b0f9-22a0544f56e6: shutdown ef2d612f-7c32-4639-b0f9-22a0544f56e6@group-4707E66DC214-LeaderStateImpl
2023-02-28 04:33:08,274 [ef2d612f-7c32-4639-b0f9-22a0544f56e6-impl-thread2] INFO  impl.PendingRequests (PendingRequests.java:sendNotLeaderResponses(282)) - ef2d612f-7c32-4639-b0f9-22a0544f56e6@group-4707E66DC214-PendingRequests: sendNotLeaderResponses
2023-02-28 04:33:08,275 [ef2d612f-7c32-4639-b0f9-22a0544f56e6-impl-thread2] INFO  impl.StateMachineUpdater (StateMachineUpdater.java:stopAndJoin(153)) - ef2d612f-7c32-4639-b0f9-22a0544f56e6@group-4707E66DC214-StateMachineUpdater: set stopIndex = 0
2023-02-28 04:33:08,275 [ForkJoinPool.commonPool-worker-0] INFO  server.GrpcService (GrpcService.java:closeImpl(271)) - ef2d612f-7c32-4639-b0f9-22a0544f56e6: shutdown server GrpcServerProtocolService now
2023-02-28 04:33:08,275 [ef2d612f-7c32-4639-b0f9-22a0544f56e6@group-4707E66DC214-StateMachineUpdater] INFO  ratis.ContainerStateMachine (ContainerStateMachine.java:takeSnapshot(308)) - group-4707E66DC214: Taking a snapshot at:(t:1, i:0) file /home/runner/work/ozone/ozone/hadoop-ozone/integration-test/target/test-dir/MiniOzoneClusterImpl-f9e21395-1bcf-40d4-8edb-6f91c23aa5c2/datanode-2/data/ratis/661bc918-6399-4a3f-b0ce-4707e66dc214/sm/snapshot.1_0
2023-02-28 04:33:08,275 [ef2d612f-7c32-4639-b0f9-22a0544f56e6-impl-thread3] INFO  server.RaftServer$Division (RaftServerImpl.java:lambda$close$4(458)) - ef2d612f-7c32-4639-b0f9-22a0544f56e6@group-5F0961318548: shutdown
2023-02-28 04:33:08,275 [ef2d612f-7c32-4639-b0f9-22a0544f56e6-impl-thread1] INFO  impl.PendingRequests (PendingRequests.java:sendNotLeaderResponses(282)) - ef2d612f-7c32-4639-b0f9-22a0544f56e6@group-D520026A883B-PendingRequests: sendNotLeaderResponses
2023-02-28 04:33:08,275 [ef2d612f-7c32-4639-b0f9-22a0544f56e6@group-D520026A883B->f3c0879f-2b51-472f-a21d-9b1dd65624d4-GrpcLogAppender-LogAppenderDaemon] WARN  server.GrpcLogAppender (GrpcLogAppender.java:mayWait(200)) - ef2d612f-7c32-4639-b0f9-22a0544f56e6@group-D520026A883B->f3c0879f-2b51-472f-a21d-9b1dd65624d4-GrpcLogAppender: Wait interrupted by java.lang.InterruptedException
2023-02-28 04:33:08,277 [ef2d612f-7c32-4639-b0f9-22a0544f56e6-impl-thread1] INFO  impl.StateMachineUpdater (StateMachineUpdater.java:stopAndJoin(153)) - ef2d612f-7c32-4639-b0f9-22a0544f56e6@group-D520026A883B-StateMachineUpdater: set stopIndex = 187
2023-02-28 04:33:08,277 [ef2d612f-7c32-4639-b0f9-22a0544f56e6@group-D520026A883B-StateMachineUpdater] INFO  ratis.ContainerStateMachine (ContainerStateMachine.java:takeSnapshot(308)) - group-D520026A883B: Taking a snapshot at:(t:1, i:187) file /home/runner/work/ozone/ozone/hadoop-ozone/integration-test/target/test-dir/MiniOzoneClusterImpl-f9e21395-1bcf-40d4-8edb-6f91c23aa5c2/datanode-2/data/ratis/3a99d1bb-d425-471f-aa2d-d520026a883b/sm/snapshot.1_187
2023-02-28 04:33:08,277 [ef2d612f-7c32-4639-b0f9-22a0544f56e6@group-4707E66DC214-StateMachineUpdater] INFO  ratis.ContainerStateMachine (ContainerStateMachine.java:takeSnapshot(319)) - group-4707E66DC214: Finished taking a snapshot at:(t:1, i:0) file:/home/runner/work/ozone/ozone/hadoop-ozone/integration-test/target/test-dir/MiniOzoneClusterImpl-f9e21395-1bcf-40d4-8edb-6f91c23aa5c2/datanode-2/data/ratis/661bc918-6399-4a3f-b0ce-4707e66dc214/sm/snapshot.1_0 took: 2 ms
2023-02-28 04:33:08,277 [ef2d612f-7c32-4639-b0f9-22a0544f56e6@group-4707E66DC214-StateMachineUpdater] INFO  impl.StateMachineUpdater (StateMachineUpdater.java:takeSnapshot(287)) - ef2d612f-7c32-4639-b0f9-22a0544f56e6@group-4707E66DC214-StateMachineUpdater: Took a snapshot at index 0
2023-02-28 04:33:08,277 [ef2d612f-7c32-4639-b0f9-22a0544f56e6@group-D520026A883B->be78be15-616a-41d9-9b13-64e624dde3ac-GrpcLogAppender-LogAppenderDaemon] WARN  server.GrpcLogAppender (GrpcLogAppender.java:mayWait(200)) - ef2d612f-7c32-4639-b0f9-22a0544f56e6@group-D520026A883B->be78be15-616a-41d9-9b13-64e624dde3ac-GrpcLogAppender: Wait interrupted by java.lang.InterruptedException
2023-02-28 04:33:08,278 [ef2d612f-7c32-4639-b0f9-22a0544f56e6@group-D520026A883B-StateMachineUpdater] INFO  ratis.ContainerStateMachine (ContainerStateMachine.java:takeSnapshot(319)) - group-D520026A883B: Finished taking a snapshot at:(t:1, i:187) file:/home/runner/work/ozone/ozone/hadoop-ozone/integration-test/target/test-dir/MiniOzoneClusterImpl-f9e21395-1bcf-40d4-8edb-6f91c23aa5c2/datanode-2/data/ratis/3a99d1bb-d425-471f-aa2d-d520026a883b/sm/snapshot.1_187 took: 1 ms
2023-02-28 04:33:08,278 [ForkJoinPool.commonPool-worker-0] INFO  server.GrpcServerProtocolClient (GrpcServerProtocolClient.java:close(101)) - be78be15-616a-41d9-9b13-64e624dde3ac Close channels
2023-02-28 04:33:08,279 [ef2d612f-7c32-4639-b0f9-22a0544f56e6@group-D520026A883B-StateMachineUpdater] INFO  impl.StateMachineUpdater (StateMachineUpdater.java:takeSnapshot(287)) - ef2d612f-7c32-4639-b0f9-22a0544f56e6@group-D520026A883B-StateMachineUpdater: Took a snapshot at index 187
2023-02-28 04:33:08,279 [ef2d612f-7c32-4639-b0f9-22a0544f56e6@group-D520026A883B-StateMachineUpdater] INFO  impl.StateMachineUpdater (StateMachineUpdater.java:lambda$new$0(92)) - ef2d612f-7c32-4639-b0f9-22a0544f56e6@group-D520026A883B-StateMachineUpdater: snapshotIndex: updateIncreasingly -1 -> 187
2023-02-28 04:33:08,279 [ef2d612f-7c32-4639-b0f9-22a0544f56e6-impl-thread3] INFO  util.JmxRegister (JmxRegister.java:unregister(73)) - Successfully un-registered JMX Bean with object name Ratis:service=RaftServer,group=group-5F0961318548,id=ef2d612f-7c32-4639-b0f9-22a0544f56e6
2023-02-28 04:33:08,277 [ef2d612f-7c32-4639-b0f9-22a0544f56e6@group-4707E66DC214-StateMachineUpdater] INFO  impl.StateMachineUpdater (StateMachineUpdater.java:lambda$new$0(92)) - ef2d612f-7c32-4639-b0f9-22a0544f56e6@group-4707E66DC214-StateMachineUpdater: snapshotIndex: updateIncreasingly -1 -> 0
2023-02-28 04:33:08,279 [ef2d612f-7c32-4639-b0f9-22a0544f56e6-impl-thread3] INFO  impl.RoleInfo (RoleInfo.java:shutdownFollowerState(110)) - ef2d612f-7c32-4639-b0f9-22a0544f56e6: shutdown ef2d612f-7c32-4639-b0f9-22a0544f56e6@group-5F0961318548-FollowerState
2023-02-28 04:33:08,279 [ef2d612f-7c32-4639-b0f9-22a0544f56e6@group-5F0961318548-FollowerState] INFO  impl.FollowerState (FollowerState.java:run(152)) - ef2d612f-7c32-4639-b0f9-22a0544f56e6@group-5F0961318548-FollowerState was interrupted
2023-02-28 04:33:08,279 [grpc-default-executor-2] WARN  server.GrpcClientProtocolService (LogUtils.java:warn(122)) - 3-UnorderedRequestStreamObserver3: onError: org.apache.ratis.thirdparty.io.grpc.StatusRuntimeException: CANCELLED: client cancelled
2023-02-28 04:33:08,280 [ef2d612f-7c32-4639-b0f9-22a0544f56e6-impl-thread1] INFO  server.RaftServer$Division (ServerState.java:close(466)) - ef2d612f-7c32-4639-b0f9-22a0544f56e6@group-D520026A883B: closes. applyIndex: 187
2023-02-28 04:33:08,285 [ef2d612f-7c32-4639-b0f9-22a0544f56e6@group-D520026A883B-SegmentedRaftLogWorker] INFO  segmented.SegmentedRaftLogWorker (SegmentedRaftLogWorker.java:run(347)) - ef2d612f-7c32-4639-b0f9-22a0544f56e6@group-D520026A883B-SegmentedRaftLogWorker was interrupted, exiting. There are 0 tasks remaining in the queue.
2023-02-28 04:33:08,285 [ef2d612f-7c32-4639-b0f9-22a0544f56e6-impl-thread1] INFO  segmented.SegmentedRaftLogWorker (SegmentedRaftLogWorker.java:close(257)) - ef2d612f-7c32-4639-b0f9-22a0544f56e6@group-D520026A883B-SegmentedRaftLogWorker close()
2023-02-28 04:33:08,286 [ForkJoinPool.commonPool-worker-0] INFO  server.GrpcServerProtocolClient (GrpcServerProtocolClient.java:close(101)) - f3c0879f-2b51-472f-a21d-9b1dd65624d4 Close channels
2023-02-28 04:33:08,286 [ForkJoinPool.commonPool-worker-0] INFO  server.GrpcService (GrpcService.java:closeImpl(280)) - ef2d612f-7c32-4639-b0f9-22a0544f56e6: shutdown server GrpcServerProtocolService successfully
2023-02-28 04:33:08,287 [ef2d612f-7c32-4639-b0f9-22a0544f56e6-impl-thread3] INFO  impl.StateMachineUpdater (StateMachineUpdater.java:stopAndJoin(153)) - ef2d612f-7c32-4639-b0f9-22a0544f56e6@group-5F0961318548-StateMachineUpdater: set stopIndex = 224
2023-02-28 04:33:08,287 [ef2d612f-7c32-4639-b0f9-22a0544f56e6@group-5F0961318548-StateMachineUpdater] INFO  ratis.ContainerStateMachine (ContainerStateMachine.java:takeSnapshot(308)) - group-5F0961318548: Taking a snapshot at:(t:1, i:224) file /home/runner/work/ozone/ozone/hadoop-ozone/integration-test/target/test-dir/MiniOzoneClusterImpl-f9e21395-1bcf-40d4-8edb-6f91c23aa5c2/datanode-2/data/ratis/0e98ce45-0303-406b-aa09-5f0961318548/sm/snapshot.1_224
2023-02-28 04:33:08,287 [ef2d612f-7c32-4639-b0f9-22a0544f56e6-impl-thread2] INFO  server.RaftServer$Division (ServerState.java:close(466)) - ef2d612f-7c32-4639-b0f9-22a0544f56e6@group-4707E66DC214: closes. applyIndex: 0
2023-02-28 04:33:08,287 [ef2d612f-7c32-4639-b0f9-22a0544f56e6@group-4707E66DC214-SegmentedRaftLogWorker] INFO  segmented.SegmentedRaftLogWorker (SegmentedRaftLogWorker.java:run(347)) - ef2d612f-7c32-4639-b0f9-22a0544f56e6@group-4707E66DC214-SegmentedRaftLogWorker was interrupted, exiting. There are 0 tasks remaining in the queue.
2023-02-28 04:33:08,287 [ef2d612f-7c32-4639-b0f9-22a0544f56e6-NettyServerStreamRpc-bossGroup--thread1] INFO  logging.LoggingHandler (AbstractInternalLogger.java:log(148)) - [id: 0x706d2f01, L:/0:0:0:0:0:0:0:0:34035] CLOSE
2023-02-28 04:33:08,288 [ef2d612f-7c32-4639-b0f9-22a0544f56e6-NettyServerStreamRpc-bossGroup--thread1] INFO  logging.LoggingHandler (AbstractInternalLogger.java:log(148)) - [id: 0x706d2f01, L:/0:0:0:0:0:0:0:0:34035] INACTIVE
2023-02-28 04:33:08,288 [ef2d612f-7c32-4639-b0f9-22a0544f56e6-NettyServerStreamRpc-bossGroup--thread1] INFO  logging.LoggingHandler (AbstractInternalLogger.java:log(148)) - [id: 0x706d2f01, L:/0:0:0:0:0:0:0:0:34035] UNREGISTERED
2023-02-28 04:33:08,288 [ef2d612f-7c32-4639-b0f9-22a0544f56e6-impl-thread2] INFO  segmented.SegmentedRaftLogWorker (SegmentedRaftLogWorker.java:close(257)) - ef2d612f-7c32-4639-b0f9-22a0544f56e6@group-4707E66DC214-SegmentedRaftLogWorker close()
2023-02-28 04:33:08,288 [ef2d612f-7c32-4639-b0f9-22a0544f56e6@group-5F0961318548-StateMachineUpdater] INFO  ratis.ContainerStateMachine (ContainerStateMachine.java:takeSnapshot(319)) - group-5F0961318548: Finished taking a snapshot at:(t:1, i:224) file:/home/runner/work/ozone/ozone/hadoop-ozone/integration-test/target/test-dir/MiniOzoneClusterImpl-f9e21395-1bcf-40d4-8edb-6f91c23aa5c2/datanode-2/data/ratis/0e98ce45-0303-406b-aa09-5f0961318548/sm/snapshot.1_224 took: 2 ms
2023-02-28 04:33:08,289 [ef2d612f-7c32-4639-b0f9-22a0544f56e6@group-5F0961318548-StateMachineUpdater] INFO  impl.StateMachineUpdater (StateMachineUpdater.java:takeSnapshot(287)) - ef2d612f-7c32-4639-b0f9-22a0544f56e6@group-5F0961318548-StateMachineUpdater: Took a snapshot at index 224
2023-02-28 04:33:08,289 [ef2d612f-7c32-4639-b0f9-22a0544f56e6@group-5F0961318548-StateMachineUpdater] INFO  impl.StateMachineUpdater (StateMachineUpdater.java:lambda$new$0(92)) - ef2d612f-7c32-4639-b0f9-22a0544f56e6@group-5F0961318548-StateMachineUpdater: snapshotIndex: updateIncreasingly -1 -> 224
2023-02-28 04:33:08,292 [ef2d612f-7c32-4639-b0f9-22a0544f56e6-impl-thread3] INFO  server.RaftServer$Division (ServerState.java:close(466)) - ef2d612f-7c32-4639-b0f9-22a0544f56e6@group-5F0961318548: closes. applyIndex: 224
2023-02-28 04:33:08,293 [ef2d612f-7c32-4639-b0f9-22a0544f56e6@group-5F0961318548-SegmentedRaftLogWorker] INFO  segmented.SegmentedRaftLogWorker (SegmentedRaftLogWorker.java:run(347)) - ef2d612f-7c32-4639-b0f9-22a0544f56e6@group-5F0961318548-SegmentedRaftLogWorker was interrupted, exiting. There are 0 tasks remaining in the queue.
2023-02-28 04:33:08,293 [ef2d612f-7c32-4639-b0f9-22a0544f56e6-impl-thread3] INFO  segmented.SegmentedRaftLogWorker (SegmentedRaftLogWorker.java:close(257)) - ef2d612f-7c32-4639-b0f9-22a0544f56e6@group-5F0961318548-SegmentedRaftLogWorker close()
2023-02-28 04:33:08,301 [JvmPauseMonitor5] INFO  util.JvmPauseMonitor (JvmPauseMonitor.java:run(111)) - JvmPauseMonitor-ef2d612f-7c32-4639-b0f9-22a0544f56e6: Stopped
2023-02-28 04:33:08,305 [Listener at 127.0.0.1/43975] INFO  volume.HddsVolume (HddsVolume.java:closeDbStore(362)) - SchemaV3 db is stopped at /home/runner/work/ozone/ozone/hadoop-ozone/integration-test/target/test-dir/MiniOzoneClusterImpl-f9e21395-1bcf-40d4-8edb-6f91c23aa5c2/datanode-1/data-0/containers/hdds/f9e21395-1bcf-40d4-8edb-6f91c23aa5c2/DS-f1d8b983-90e8-4c3d-be6b-2ed517c7f3fa/container.db for volume DS-f1d8b983-90e8-4c3d-be6b-2ed517c7f3fa
2023-02-28 04:33:08,306 [Listener at 127.0.0.1/43975] INFO  utils.BackgroundService (BackgroundService.java:shutdown(141)) - Shutting down service BlockDeletingService
2023-02-28 04:33:08,306 [Listener at 127.0.0.1/43975] INFO  utils.BackgroundService (BackgroundService.java:shutdown(141)) - Shutting down service StaleRecoveringContainerScrubbingService
2023-02-28 04:33:08,307 [Listener at 127.0.0.1/43975] INFO  statemachine.DatanodeStateMachine (DatanodeStateMachine.java:stopDaemon(600)) - Ozone container server stopped.
2023-02-28 04:33:08,315 [Listener at 127.0.0.1/43975] INFO  handler.ContextHandler (ContextHandler.java:doStop(1159)) - Stopped o.e.j.w.WebAppContext@53fa5e3f{hddsDatanode,/,null,STOPPED}{jar:file:/home/runner/.m2/repository/org/apache/ozone/hdds-container-service/1.4.0-SNAPSHOT/hdds-container-service-1.4.0-SNAPSHOT.jar!/webapps/hddsDatanode}
2023-02-28 04:33:08,316 [Listener at 127.0.0.1/43975] INFO  server.AbstractConnector (AbstractConnector.java:doStop(383)) - Stopped ServerConnector@48cfefdb{HTTP/1.1, (http/1.1)}{0.0.0.0:0}
2023-02-28 04:33:08,316 [Listener at 127.0.0.1/43975] INFO  server.session (HouseKeeper.java:stopScavenging(149)) - node0 Stopped scavenging
2023-02-28 04:33:08,316 [Listener at 127.0.0.1/43975] INFO  handler.ContextHandler (ContextHandler.java:doStop(1159)) - Stopped o.e.j.s.ServletContextHandler@41e38d89{static,/static,jar:file:/home/runner/.m2/repository/org/apache/ozone/hdds-container-service/1.4.0-SNAPSHOT/hdds-container-service-1.4.0-SNAPSHOT.jar!/webapps/static,STOPPED}
2023-02-28 04:33:08,317 [Listener at 127.0.0.1/43975] INFO  handler.ContextHandler (ContextHandler.java:doStop(1159)) - Stopped o.e.j.s.ServletContextHandler@2ae85f78{logs,/logs,file:///home/runner/work/ozone/ozone/hadoop-ozone/integration-test/target/log,STOPPED}
2023-02-28 04:33:09,275 [EndpointStateMachine task thread for /0.0.0.0:41617 - 0 ] INFO  ipc.Client (Client.java:handleConnectionFailure(1010)) - Retrying connect to server: 0.0.0.0/0.0.0.0:41617. Already tried 3 time(s); retry policy is RetryUpToMaximumCountWithFixedSleep(maxRetries=15, sleepTime=1000 MILLISECONDS)
2023-02-28 04:33:10,275 [EndpointStateMachine task thread for /0.0.0.0:41617 - 0 ] INFO  ipc.Client (Client.java:handleConnectionFailure(1010)) - Retrying connect to server: 0.0.0.0/0.0.0.0:41617. Already tried 4 time(s); retry policy is RetryUpToMaximumCountWithFixedSleep(maxRetries=15, sleepTime=1000 MILLISECONDS)
2023-02-28 04:33:10,308 [ForkJoinPool.commonPool-worker-0] INFO  volume.HddsVolume (HddsVolume.java:closeDbStore(362)) - SchemaV3 db is stopped at /home/runner/work/ozone/ozone/hadoop-ozone/integration-test/target/test-dir/MiniOzoneClusterImpl-f9e21395-1bcf-40d4-8edb-6f91c23aa5c2/datanode-2/data-0/containers/hdds/f9e21395-1bcf-40d4-8edb-6f91c23aa5c2/DS-ef4ada87-e49b-4423-b01b-001d3cc2ab34/container.db for volume DS-ef4ada87-e49b-4423-b01b-001d3cc2ab34
2023-02-28 04:33:10,308 [ForkJoinPool.commonPool-worker-0] INFO  utils.BackgroundService (BackgroundService.java:shutdown(141)) - Shutting down service BlockDeletingService
2023-02-28 04:33:10,309 [ForkJoinPool.commonPool-worker-0] INFO  utils.BackgroundService (BackgroundService.java:shutdown(141)) - Shutting down service StaleRecoveringContainerScrubbingService
2023-02-28 04:33:10,311 [ForkJoinPool.commonPool-worker-0] INFO  statemachine.DatanodeStateMachine (DatanodeStateMachine.java:stopDaemon(600)) - Ozone container server stopped.
2023-02-28 04:33:10,322 [ForkJoinPool.commonPool-worker-0] INFO  handler.ContextHandler (ContextHandler.java:doStop(1159)) - Stopped o.e.j.w.WebAppContext@56f919b9{hddsDatanode,/,null,STOPPED}{jar:file:/home/runner/.m2/repository/org/apache/ozone/hdds-container-service/1.4.0-SNAPSHOT/hdds-container-service-1.4.0-SNAPSHOT.jar!/webapps/hddsDatanode}
2023-02-28 04:33:10,323 [ForkJoinPool.commonPool-worker-0] INFO  server.AbstractConnector (AbstractConnector.java:doStop(383)) - Stopped ServerConnector@1d5b2d04{HTTP/1.1, (http/1.1)}{0.0.0.0:0}
2023-02-28 04:33:10,323 [ForkJoinPool.commonPool-worker-0] INFO  server.session (HouseKeeper.java:stopScavenging(149)) - node0 Stopped scavenging
2023-02-28 04:33:10,324 [ForkJoinPool.commonPool-worker-0] INFO  handler.ContextHandler (ContextHandler.java:doStop(1159)) - Stopped o.e.j.s.ServletContextHandler@3638a818{static,/static,jar:file:/home/runner/.m2/repository/org/apache/ozone/hdds-container-service/1.4.0-SNAPSHOT/hdds-container-service-1.4.0-SNAPSHOT.jar!/webapps/static,STOPPED}
2023-02-28 04:33:10,324 [ForkJoinPool.commonPool-worker-0] INFO  handler.ContextHandler (ContextHandler.java:doStop(1159)) - Stopped o.e.j.s.ServletContextHandler@410b8efd{logs,/logs,file:///home/runner/work/ozone/ozone/hadoop-ozone/integration-test/target/log,STOPPED}
2023-02-28 04:33:10,673 [Listener at 127.0.0.1/43975] WARN  server.ServerUtils (ServerUtils.java:getScmDbDir(148)) - ozone.scm.db.dirs is not configured. We recommend adding this setting. Falling back to ozone.metadata.dirs instead.
2023-02-28 04:33:10,677 [Listener at 127.0.0.1/43975] WARN  server.ServerUtils (ServerUtils.java:getScmDbDir(148)) - ozone.scm.db.dirs is not configured. We recommend adding this setting. Falling back to ozone.metadata.dirs instead.
2023-02-28 04:33:10,677 [Listener at 127.0.0.1/43975] INFO  ha.SCMHANodeDetails (SCMHANodeDetails.java:loadSCMHAConfig(209)) - ServiceID for StorageContainerManager is null
2023-02-28 04:33:10,677 [Listener at 127.0.0.1/43975] INFO  ha.SCMHANodeDetails (SCMHANodeDetails.java:loadSCMHAConfig(214)) - ozone.scm.default.service.id is not defined, falling back to ozone.scm.service.ids to find serviceID for StorageContainerManager if it is HA enabled cluster
2023-02-28 04:33:10,678 [Listener at 127.0.0.1/43975] WARN  utils.HAUtils (HAUtils.java:getMetaDir(342)) - ozone.scm.db.dirs is not configured. We recommend adding this setting. Falling back to ozone.metadata.dirs instead.
2023-02-28 04:33:10,678 [Listener at 127.0.0.1/43975] WARN  db.DBStoreBuilder (DBStoreBuilder.java:applyDBDefinition(172)) - ozone.scm.db.dirs is not configured. We recommend adding this setting. Falling back to ozone.metadata.dirs instead.
2023-02-28 04:33:10,780 [Listener at 127.0.0.1/43975] INFO  net.NodeSchemaLoader (NodeSchemaLoader.java:loadSchemaFromFile(129)) - Loading schema from [jar:file:/home/runner/.m2/repository/org/apache/ozone/hdds-common/1.4.0-SNAPSHOT/hdds-common-1.4.0-SNAPSHOT.jar!/network-topology-default.xml]
2023-02-28 04:33:10,780 [Listener at 127.0.0.1/43975] INFO  net.NodeSchemaLoader (NodeSchemaLoader.java:loadSchema(176)) - Loading network topology layer schema file
2023-02-28 04:33:10,784 [Listener at 127.0.0.1/43975] INFO  upgrade.AbstractLayoutVersionManager (AbstractLayoutVersionManager.java:init(83)) - Initializing Layout version manager with metadata layout = DATANODE_SCHEMA_V3 (version = 4), software layout = DATANODE_SCHEMA_V3 (version = 4)
2023-02-28 04:33:10,833 [Listener at 127.0.0.1/43975] INFO  reflections.Reflections (Reflections.java:scan(232)) - Reflections took 46 ms to scan 7 urls, producing 151 keys and 363 values 
2023-02-28 04:33:10,834 [Listener at 127.0.0.1/43975] INFO  ha.SequenceIdGenerator (SequenceIdGenerator.java:upgradeToSequenceId(349)) - upgrade localId to 111677748019200000
2023-02-28 04:33:10,835 [Listener at 127.0.0.1/43975] INFO  ha.SequenceIdGenerator (SequenceIdGenerator.java:upgradeToSequenceId(359)) - upgrade delTxnId to 0
2023-02-28 04:33:10,835 [Listener at 127.0.0.1/43975] INFO  ha.SequenceIdGenerator (SequenceIdGenerator.java:upgradeToSequenceId(376)) - upgrade containerId to 0
2023-02-28 04:33:10,835 [Listener at 127.0.0.1/43975] INFO  ha.SequenceIdGenerator (SequenceIdGenerator.java:<init>(220)) - Init the HA SequenceIdGenerator.
2023-02-28 04:33:10,835 [Listener at 127.0.0.1/43975] WARN  server.ServerUtils (ServerUtils.java:sanitizeUserArgs(73)) - ozone.scm.stale.node.interval value = 300000 is larger than max = 100000 based on the key value of ozone.scm.heartbeat.thread.interval, reset to the max value 100000.
2023-02-28 04:33:10,835 [Listener at 127.0.0.1/43975] WARN  server.ServerUtils (ServerUtils.java:sanitizeUserArgs(73)) - ozone.scm.stale.node.interval value = 300000 is larger than max = 100000 based on the key value of ozone.scm.heartbeat.thread.interval, reset to the max value 100000.
2023-02-28 04:33:10,837 [Listener at 127.0.0.1/43975] INFO  node.SCMNodeManager (SCMNodeManager.java:<init>(149)) - Entering startup safe mode.
2023-02-28 04:33:10,837 [Listener at 127.0.0.1/43975] INFO  algorithms.ContainerPlacementPolicyFactory (ContainerPlacementPolicyFactory.java:getPolicyInternal(86)) - Create container placement policy of type org.apache.hadoop.hdds.scm.container.placement.algorithms.SCMContainerPlacementRandom
2023-02-28 04:33:10,837 [Listener at 127.0.0.1/43975] INFO  algorithms.ContainerPlacementPolicyFactory (ContainerPlacementPolicyFactory.java:getPolicyInternal(86)) - Create container placement policy of type org.apache.hadoop.hdds.scm.container.placement.algorithms.SCMContainerPlacementRackScatter
2023-02-28 04:33:10,838 [Listener at 127.0.0.1/43975] INFO  pipeline.PipelineStateManagerImpl (PipelineStateManagerImpl.java:initialize(78)) - No pipeline exists in current db
2023-02-28 04:33:10,838 [Listener at 127.0.0.1/43975] INFO  algorithms.LeaderChoosePolicyFactory (LeaderChoosePolicyFactory.java:getPolicy(57)) - Create leader choose policy of type org.apache.hadoop.hdds.scm.pipeline.leader.choose.algorithms.MinLeaderCountChoosePolicy
2023-02-28 04:33:10,838 [Listener at 127.0.0.1/43975] INFO  algorithms.ContainerPlacementPolicyFactory (ContainerPlacementPolicyFactory.java:getPolicyInternal(86)) - Create container placement policy of type org.apache.hadoop.hdds.scm.container.placement.algorithms.SCMContainerPlacementRackScatter
2023-02-28 04:33:10,839 [Listener at 127.0.0.1/43975] INFO  ha.SCMServiceManager (SCMServiceManager.java:register(42)) - Registering service BackgroundPipelineCreator.
2023-02-28 04:33:10,839 [Listener at 127.0.0.1/43975] INFO  pipeline.BackgroundPipelineCreator (BackgroundPipelineCreator.java:start(124)) - Starting RatisPipelineUtilsThread.
2023-02-28 04:33:10,839 [Listener at 127.0.0.1/43975] INFO  BackgroundPipelineScrubber (BackgroundSCMService.java:start(68)) - Starting BackgroundPipelineScrubber Service.
2023-02-28 04:33:10,839 [Listener at 127.0.0.1/43975] INFO  ha.SCMServiceManager (SCMServiceManager.java:register(42)) - Registering service BackgroundPipelineScrubber.
2023-02-28 04:33:10,840 [Listener at 127.0.0.1/43975] INFO  ExpiredContainerReplicaOpScrubber (BackgroundSCMService.java:start(68)) - Starting ExpiredContainerReplicaOpScrubber Service.
2023-02-28 04:33:10,840 [Listener at 127.0.0.1/43975] INFO  ha.SCMServiceManager (SCMServiceManager.java:register(42)) - Registering service ExpiredContainerReplicaOpScrubber.
2023-02-28 04:33:10,841 [Listener at 127.0.0.1/43975] INFO  algorithms.PipelineChoosePolicyFactory (PipelineChoosePolicyFactory.java:createPipelineChoosePolicyFromClass(73)) - Create pipeline choose policy of type org.apache.hadoop.hdds.scm.pipeline.choose.algorithms.RandomPipelineChoosePolicy
2023-02-28 04:33:10,841 [Listener at 127.0.0.1/43975] INFO  ha.SCMServiceManager (SCMServiceManager.java:register(42)) - Registering service SCMBlockDeletingService.
2023-02-28 04:33:10,842 [Listener at 127.0.0.1/43975] INFO  replication.ReplicationManager (ReplicationManager.java:start(266)) - Starting Replication Monitor Thread.
2023-02-28 04:33:10,846 [Listener at 127.0.0.1/43975] INFO  ha.SCMServiceManager (SCMServiceManager.java:register(42)) - Registering service ReplicationManager.
2023-02-28 04:33:10,846 [Listener at 127.0.0.1/43975] INFO  safemode.ContainerSafeModeRule (ContainerSafeModeRule.java:<init>(89)) - containers with one replica threshold count 0
2023-02-28 04:33:10,847 [Listener at 127.0.0.1/43975] INFO  safemode.HealthyPipelineSafeModeRule (HealthyPipelineSafeModeRule.java:initializeRule(169)) - Total pipeline count is 0, healthy pipeline threshold count is 1
2023-02-28 04:33:10,847 [Listener at 127.0.0.1/43975] INFO  safemode.OneReplicaPipelineSafeModeRule (OneReplicaPipelineSafeModeRule.java:initializeRule(180)) - Total pipeline count is 0, pipeline's with at least one datanode reported threshold count is 0
2023-02-28 04:33:10,848 [ReplicationMonitor] INFO  replication.ReplicationManager (ReplicationManager.java:processAll(341)) - Replication Manager is not ready to run until 3000ms after safemode exit
2023-02-28 04:33:10,849 [Listener at 127.0.0.1/43975] INFO  ipc.CallQueueManager (CallQueueManager.java:<init>(90)) - Using callQueue: class java.util.concurrent.LinkedBlockingQueue, queueCapacity: 2000, scheduler: class org.apache.hadoop.ipc.DefaultRpcScheduler, ipcBackoff: false.
2023-02-28 04:33:10,849 [Socket Reader #1 for port 0] INFO  ipc.Server (Server.java:run(1273)) - Starting Socket Reader #1 for port 0
2023-02-28 04:33:10,850 [Listener at 0.0.0.0/32873] INFO  ipc.CallQueueManager (CallQueueManager.java:<init>(90)) - Using callQueue: class java.util.concurrent.LinkedBlockingQueue, queueCapacity: 2000, scheduler: class org.apache.hadoop.ipc.DefaultRpcScheduler, ipcBackoff: false.
2023-02-28 04:33:10,850 [Socket Reader #1 for port 0] INFO  ipc.Server (Server.java:run(1273)) - Starting Socket Reader #1 for port 0
2023-02-28 04:33:10,851 [Listener at 0.0.0.0/35615] INFO  ipc.CallQueueManager (CallQueueManager.java:<init>(90)) - Using callQueue: class java.util.concurrent.LinkedBlockingQueue, queueCapacity: 2000, scheduler: class org.apache.hadoop.ipc.DefaultRpcScheduler, ipcBackoff: false.
2023-02-28 04:33:10,852 [Socket Reader #1 for port 0] INFO  ipc.Server (Server.java:run(1273)) - Starting Socket Reader #1 for port 0
2023-02-28 04:33:10,858 [Listener at 0.0.0.0/45147] INFO  ha.SCMServiceManager (SCMServiceManager.java:register(42)) - Registering service ContainerBalancer.
2023-02-28 04:33:10,859 [Listener at 0.0.0.0/45147] INFO  server.StorageContainerManager (StorageContainerManager.java:<init>(402)) - 
Container Balancer status:
Key                            Value
Running                        true
Container Balancer Configuration values:
Key                                                Value
Threshold                                          10
Max Datanodes to Involve per Iteration(percent)    20
Max Size to Move per Iteration                     500GB
Max Size Entering Target per Iteration             26GB
Max Size Leaving Source per Iteration              26GB

2023-02-28 04:33:10,859 [Listener at 0.0.0.0/45147] INFO  ha.SCMContext (SCMContext.java:updateSafeModeStatus(228)) - Update SafeModeStatus from SafeModeStatus{safeModeStatus=true, preCheckPassed=false} to SafeModeStatus{safeModeStatus=true, preCheckPassed=false}.
2023-02-28 04:33:10,859 [Listener at 0.0.0.0/45147] INFO  server.StorageContainerManager (StorageContainerManager.java:start(1436)) - StorageContainerLocationProtocol RPC server is listening at /0.0.0.0:45147
2023-02-28 04:33:10,861 [Listener at 0.0.0.0/45147] WARN  impl.MetricsConfig (MetricsConfig.java:loadFirst(136)) - Cannot locate configuration: tried hadoop-metrics2-storagecontainermanager.properties,hadoop-metrics2.properties
2023-02-28 04:33:10,867 [Listener at 0.0.0.0/45147] INFO  impl.MetricsSystemImpl (MetricsSystemImpl.java:startTimer(378)) - Scheduled Metric snapshot period at 10 second(s).
2023-02-28 04:33:10,867 [Listener at 0.0.0.0/45147] INFO  impl.MetricsSystemImpl (MetricsSystemImpl.java:start(191)) - StorageContainerManager metrics system started
2023-02-28 04:33:10,880 [Listener at 0.0.0.0/45147] INFO  impl.MetricsSinkAdapter (MetricsSinkAdapter.java:start(204)) - Sink prometheus started
2023-02-28 04:33:10,880 [Listener at 0.0.0.0/45147] INFO  impl.MetricsSystemImpl (MetricsSystemImpl.java:registerSink(305)) - Registered sink prometheus
2023-02-28 04:33:10,893 [Listener at 0.0.0.0/45147] INFO  server.SCMClientProtocolServer (SCMClientProtocolServer.java:start(176)) - RPC server for Client  is listening at /0.0.0.0:45147
2023-02-28 04:33:10,897 [IPC Server Responder] INFO  ipc.Server (Server.java:run(1512)) - IPC Server Responder: starting
2023-02-28 04:33:10,902 [IPC Server listener on 0] INFO  ipc.Server (Server.java:run(1352)) - IPC Server listener on 0: starting
2023-02-28 04:33:10,905 [Listener at 0.0.0.0/45147] INFO  server.StorageContainerManager (StorageContainerManager.java:start(1450)) - ScmBlockLocationProtocol RPC server is listening at /0.0.0.0:35615
2023-02-28 04:33:10,908 [Listener at 0.0.0.0/45147] INFO  server.SCMBlockProtocolServer (SCMBlockProtocolServer.java:start(152)) - RPC server for Block Protocol is listening at /0.0.0.0:35615
2023-02-28 04:33:10,908 [IPC Server Responder] INFO  ipc.Server (Server.java:run(1512)) - IPC Server Responder: starting
2023-02-28 04:33:10,913 [IPC Server listener on 0] INFO  ipc.Server (Server.java:run(1352)) - IPC Server listener on 0: starting
2023-02-28 04:33:10,916 [Listener at 0.0.0.0/45147] INFO  server.SCMDatanodeProtocolServer (SCMDatanodeProtocolServer.java:start(193)) - ScmDatanodeProtocol RPC server for DataNodes is listening at /0.0.0.0:32873
2023-02-28 04:33:10,916 [IPC Server Responder] INFO  ipc.Server (Server.java:run(1512)) - IPC Server Responder: starting
2023-02-28 04:33:10,916 [IPC Server listener on 0] INFO  ipc.Server (Server.java:run(1352)) - IPC Server listener on 0: starting
2023-02-28 04:33:10,929 [org.apache.hadoop.util.JvmPauseMonitor$Monitor@190faba4] INFO  util.JvmPauseMonitor (JvmPauseMonitor.java:run(188)) - Starting JVM pause monitor
2023-02-28 04:33:10,929 [Listener at 0.0.0.0/45147] INFO  http.BaseHttpServer (BaseHttpServer.java:newHttpServer2BuilderForOzone(213)) - Starting Web-server for scm at: http://0.0.0.0:0
2023-02-28 04:33:10,929 [Listener at 0.0.0.0/45147] INFO  http.BaseHttpServer (BaseHttpServer.java:<init>(108)) - Hadoop Security Enabled: false Ozone Security Enabled: false Ozone HTTP Security Enabled: false 
2023-02-28 04:33:10,931 [Listener at 0.0.0.0/45147] WARN  server.AuthenticationFilter (AuthenticationFilter.java:constructSecretProvider(240)) - Unable to initialize FileSignerSecretProvider, falling back to use random secrets. Reason: Could not read signature secret file: /home/runner/hadoop-http-auth-signature-secret
2023-02-28 04:33:10,933 [Listener at 0.0.0.0/45147] WARN  http.HttpRequestLog (HttpRequestLog.java:getRequestLog(103)) - Jetty request log can only be enabled using Log4j
2023-02-28 04:33:10,935 [Listener at 0.0.0.0/45147] INFO  http.HttpServer2 (HttpServer2.java:addGlobalFilter(1031)) - Added global filter 'safety' (class=org.apache.hadoop.hdds.server.http.HttpServer2$QuotingInputFilter)
2023-02-28 04:33:10,939 [Listener at 0.0.0.0/45147] INFO  http.HttpServer2 (HttpServer2.java:addFilter(1007)) - Added filter static_user_filter (class=org.apache.hadoop.http.lib.StaticUserWebFilter$StaticUserFilter) to context scm
2023-02-28 04:33:10,939 [Listener at 0.0.0.0/45147] INFO  http.HttpServer2 (HttpServer2.java:addFilter(1015)) - Added filter static_user_filter (class=org.apache.hadoop.http.lib.StaticUserWebFilter$StaticUserFilter) to context static
2023-02-28 04:33:10,939 [Listener at 0.0.0.0/45147] INFO  http.HttpServer2 (HttpServer2.java:addFilter(1015)) - Added filter static_user_filter (class=org.apache.hadoop.http.lib.StaticUserWebFilter$StaticUserFilter) to context logs
2023-02-28 04:33:10,941 [Listener at 0.0.0.0/45147] INFO  http.HttpServer2 (HttpServer2.java:bindListener(1250)) - Jetty bound to port 35373
2023-02-28 04:33:10,942 [Listener at 0.0.0.0/45147] INFO  server.Server (Server.java:doStart(375)) - jetty-9.4.49.v20220914; built: 2022-09-14T01:07:36.601Z; git: 4231a3b2e4cb8548a412a789936d640a97b1aa0a; jvm 1.8.0_362-b09
2023-02-28 04:33:10,943 [Listener at 0.0.0.0/45147] INFO  server.session (DefaultSessionIdManager.java:doStart(334)) - DefaultSessionIdManager workerName=node0
2023-02-28 04:33:10,943 [Listener at 0.0.0.0/45147] INFO  server.session (DefaultSessionIdManager.java:doStart(339)) - No SessionScavenger set, using defaults
2023-02-28 04:33:10,944 [Listener at 0.0.0.0/45147] INFO  server.session (HouseKeeper.java:startScavenging(132)) - node0 Scavenging every 600000ms
2023-02-28 04:33:10,944 [Listener at 0.0.0.0/45147] INFO  handler.ContextHandler (ContextHandler.java:doStart(921)) - Started o.e.j.s.ServletContextHandler@107a9490{logs,/logs,file:///home/runner/work/ozone/ozone/hadoop-ozone/integration-test/target/log,AVAILABLE}
2023-02-28 04:33:10,945 [Listener at 0.0.0.0/45147] INFO  handler.ContextHandler (ContextHandler.java:doStart(921)) - Started o.e.j.s.ServletContextHandler@71c73775{static,/static,file:///home/runner/work/ozone/ozone/hadoop-ozone/integration-test/target/test-classes/webapps/static,AVAILABLE}
2023-02-28 04:33:10,950 [Listener at 0.0.0.0/45147] INFO  handler.ContextHandler (ContextHandler.java:doStart(921)) - Started o.e.j.w.WebAppContext@7bc488b7{scm,/,file:///home/runner/work/ozone/ozone/hadoop-ozone/integration-test/target/test-classes/webapps/scm/,AVAILABLE}{file:/home/runner/work/ozone/ozone/hadoop-ozone/integration-test/target/test-classes/webapps/scm}
2023-02-28 04:33:10,951 [Listener at 0.0.0.0/45147] INFO  server.AbstractConnector (AbstractConnector.java:doStart(333)) - Started ServerConnector@6eee8eed{HTTP/1.1, (http/1.1)}{0.0.0.0:35373}
2023-02-28 04:33:10,952 [Listener at 0.0.0.0/45147] INFO  server.Server (Server.java:doStart(415)) - Started @64128ms
2023-02-28 04:33:10,952 [Listener at 0.0.0.0/45147] WARN  impl.MetricsSystemImpl (MetricsSystemImpl.java:register(279)) - Sink prometheus already exists!
2023-02-28 04:33:10,952 [Listener at 0.0.0.0/45147] INFO  http.BaseHttpServer (BaseHttpServer.java:updateConnectorAddress(333)) - HTTP server of scm listening at http://0.0.0.0:35373
2023-02-28 04:33:10,954 [Listener at 0.0.0.0/45147] INFO  ha.OMHANodeDetails (OMHANodeDetails.java:loadOMHAConfig(121)) - ServiceID for OzoneManager is om-service-test1
2023-02-28 04:33:10,954 [Listener at 0.0.0.0/45147] INFO  ha.OMHANodeDetails (OMHANodeDetails.java:loadOMHAConfig(201)) - Found matching OM address with OMServiceId: om-service-test1, OMNodeId: omNode-1, RPC Address: localhost:46183 and Ratis port: 43909
2023-02-28 04:33:10,954 [Listener at 0.0.0.0/45147] INFO  ha.OMHANodeDetails (ConfUtils.java:setNodeSpecificConfigs(97)) - Setting configuration key ozone.om.http-address with value of key ozone.om.http-address.om-service-test1.omNode-1: 127.0.0.1:37121
2023-02-28 04:33:10,954 [Listener at 0.0.0.0/45147] INFO  ha.OMHANodeDetails (ConfUtils.java:setNodeSpecificConfigs(97)) - Setting configuration key ozone.om.https-address with value of key ozone.om.https-address.om-service-test1.omNode-1: 127.0.0.1:33009
2023-02-28 04:33:10,954 [Listener at 0.0.0.0/45147] INFO  ha.OMHANodeDetails (ConfUtils.java:setNodeSpecificConfigs(97)) - Setting configuration key ozone.om.address with value of key ozone.om.address.om-service-test1.omNode-1: 127.0.0.1:46183
2023-02-28 04:33:10,954 [Listener at 0.0.0.0/45147] WARN  server.ServerUtils (ServerUtils.java:getDBPath(225)) - ozone.om.db.dirs is not configured. We recommend adding this setting. Falling back to ozone.metadata.dirs instead.
2023-02-28 04:33:10,956 [Listener at 0.0.0.0/45147] INFO  proxy.SCMBlockLocationFailoverProxyProvider (SCMBlockLocationFailoverProxyProvider.java:<init>(114)) - Created block location fail-over proxy with 1 nodes: [nodeId=scmNodeId,nodeAddress=/0.0.0.0:35615]
OM initialization succeeded.Current cluster id for sd=/home/runner/work/ozone/ozone/hadoop-ozone/integration-test/target/test-dir/MiniOzoneClusterImpl-2052965b-440d-4b09-b4b3-db311f243d80/omNode-1/om;cid=2052965b-440d-4b09-b4b3-db311f243d80;layoutVersion=3
2023-02-28 04:33:10,965 [Listener at 0.0.0.0/45147] INFO  ha.OMHANodeDetails (OMHANodeDetails.java:loadOMHAConfig(121)) - ServiceID for OzoneManager is om-service-test1
2023-02-28 04:33:10,966 [Listener at 0.0.0.0/45147] INFO  ha.OMHANodeDetails (OMHANodeDetails.java:loadOMHAConfig(201)) - Found matching OM address with OMServiceId: om-service-test1, OMNodeId: omNode-1, RPC Address: localhost:46183 and Ratis port: 43909
2023-02-28 04:33:10,966 [Listener at 0.0.0.0/45147] INFO  ha.OMHANodeDetails (ConfUtils.java:setNodeSpecificConfigs(97)) - Setting configuration key ozone.om.http-address with value of key ozone.om.http-address.om-service-test1.omNode-1: 127.0.0.1:37121
2023-02-28 04:33:10,966 [Listener at 0.0.0.0/45147] INFO  ha.OMHANodeDetails (ConfUtils.java:setNodeSpecificConfigs(97)) - Setting configuration key ozone.om.https-address with value of key ozone.om.https-address.om-service-test1.omNode-1: 127.0.0.1:33009
2023-02-28 04:33:10,966 [Listener at 0.0.0.0/45147] INFO  ha.OMHANodeDetails (ConfUtils.java:setNodeSpecificConfigs(97)) - Setting configuration key ozone.om.address with value of key ozone.om.address.om-service-test1.omNode-1: 127.0.0.1:46183
2023-02-28 04:33:10,966 [Listener at 0.0.0.0/45147] WARN  server.ServerUtils (ServerUtils.java:getDBPath(225)) - ozone.om.db.dirs is not configured. We recommend adding this setting. Falling back to ozone.metadata.dirs instead.
2023-02-28 04:33:10,967 [Listener at 0.0.0.0/45147] INFO  upgrade.AbstractLayoutVersionManager (AbstractLayoutVersionManager.java:init(83)) - Initializing Layout version manager with metadata layout = MULTITENANCY_SCHEMA (version = 3), software layout = MULTITENANCY_SCHEMA (version = 3)
2023-02-28 04:33:11,030 [Listener at 0.0.0.0/45147] INFO  reflections.Reflections (Reflections.java:scan(232)) - Reflections took 62 ms to scan 2 urls, producing 167 keys and 459 values [using 2 cores]
2023-02-28 04:33:11,030 [Listener at 0.0.0.0/45147] INFO  upgrade.OMLayoutVersionManager (OMLayoutVersionManager.java:lambda$0(115)) - Skipping Upgrade Action MockOmUpgradeAction since it has been finalized.
2023-02-28 04:33:11,031 [Listener at 0.0.0.0/45147] WARN  server.ServerUtils (ServerUtils.java:getDBPath(225)) - ozone.om.db.dirs is not configured. We recommend adding this setting. Falling back to ozone.metadata.dirs instead.
2023-02-28 04:33:11,031 [Listener at 0.0.0.0/45147] INFO  proxy.SCMBlockLocationFailoverProxyProvider (SCMBlockLocationFailoverProxyProvider.java:<init>(114)) - Created block location fail-over proxy with 1 nodes: [nodeId=scmNodeId,nodeAddress=/0.0.0.0:35615]
2023-02-28 04:33:11,033 [Listener at 0.0.0.0/45147] INFO  proxy.SCMBlockLocationFailoverProxyProvider (SCMBlockLocationFailoverProxyProvider.java:<init>(114)) - Created block location fail-over proxy with 1 nodes: [nodeId=scmNodeId,nodeAddress=/0.0.0.0:35615]
2023-02-28 04:33:11,038 [Listener at 0.0.0.0/45147] INFO  om.OzoneManager (OzoneManager.java:<init>(618)) - OM start with adminUsers: [runner]
2023-02-28 04:33:11,039 [Listener at 0.0.0.0/45147] WARN  server.ServerUtils (ServerUtils.java:getDBPath(225)) - ozone.om.db.dirs is not configured. We recommend adding this setting. Falling back to ozone.metadata.dirs instead.
2023-02-28 04:33:11,039 [Listener at 0.0.0.0/45147] INFO  codec.OmKeyInfoCodec (OmKeyInfoCodec.java:<init>(49)) - OmKeyInfoCodec ignorePipeline = true
2023-02-28 04:33:11,039 [Listener at 0.0.0.0/45147] INFO  codec.RepeatedOmKeyInfoCodec (RepeatedOmKeyInfoCodec.java:<init>(41)) - RepeatedOmKeyInfoCodec ignorePipeline = true
2023-02-28 04:33:11,192 [Listener at 0.0.0.0/45147] INFO  om.OzoneManager (OzoneManager.java:instantiateServices(748)) - S3 Multi-Tenancy is disabled
2023-02-28 04:33:11,193 [Listener at 0.0.0.0/45147] WARN  server.ServerUtils (ServerUtils.java:getDBPath(225)) - ozone.om.snapshot.diff.db.dir is not configured. We recommend adding this setting. Falling back to ozone.metadata.dirs instead.
2023-02-28 04:33:11,206 [Listener at 0.0.0.0/45147] INFO  om.OzoneManager (OzoneManager.java:addS3GVolumeToDB(4215)) - Created Volume s3v With Owner runner required for S3Gateway operations.
2023-02-28 04:33:11,206 [Listener at 0.0.0.0/45147] WARN  server.ServerUtils (ServerUtils.java:getDefaultRatisDirectory(237)) - Storage directory for Ratis is not configured. It is a good idea to map this to an SSD disk. Falling back to ozone.metadata.dirs
2023-02-28 04:33:11,207 [Listener at 0.0.0.0/45147] WARN  utils.OzoneManagerRatisUtils (OzoneManagerRatisUtils.java:getOMRatisSnapshotDirectory(436)) - ozone.om.ratis.snapshot.dir is not configured. Falling back to ozone.metadata.dirs config
2023-02-28 04:33:11,207 [Listener at 0.0.0.0/45147] INFO  snapshot.OzoneManagerSnapshotProvider (OzoneManagerSnapshotProvider.java:<init>(76)) - Initializing OM Snapshot Provider
2023-02-28 04:33:11,208 [Listener at 0.0.0.0/45147] WARN  server.ServerUtils (ServerUtils.java:getDefaultRatisDirectory(237)) - Storage directory for Ratis is not configured. It is a good idea to map this to an SSD disk. Falling back to ozone.metadata.dirs
2023-02-28 04:33:11,209 [Listener at 0.0.0.0/45147] INFO  ratis.OzoneManagerRatisServer (OzoneManagerRatisServer.java:<init>(164)) - Instantiating OM Ratis server with groupID: om-service-test1 and peers: localhost:43909, localhost:45779, localhost:43475
2023-02-28 04:33:11,209 [Listener at 0.0.0.0/45147] INFO  ratis.OzoneManagerStateMachine (OzoneManagerStateMachine.java:loadSnapshotInfoFromDB(636)) - LastAppliedIndex is set from TransactionInfo from OM DB as (t:0, i:~)
2023-02-28 04:33:11,210 [Listener at 0.0.0.0/45147] INFO  server.RaftServer (ConfUtils.java:logGet(46)) - raft.rpc.type = GRPC (default)
2023-02-28 04:33:11,210 [Listener at 0.0.0.0/45147] INFO  grpc.GrpcConfigKeys (ConfUtils.java:logFallback(53)) - raft.grpc.admin.host = null (fallback to raft.grpc.server.host)
2023-02-28 04:33:11,210 [Listener at 0.0.0.0/45147] INFO  grpc.GrpcConfigKeys (ConfUtils.java:logFallback(53)) - raft.grpc.admin.port = 43909 (fallback to raft.grpc.server.port)
2023-02-28 04:33:11,210 [Listener at 0.0.0.0/45147] INFO  grpc.GrpcConfigKeys (ConfUtils.java:logFallback(53)) - raft.grpc.client.host = null (fallback to raft.grpc.server.host)
2023-02-28 04:33:11,210 [Listener at 0.0.0.0/45147] INFO  grpc.GrpcConfigKeys (ConfUtils.java:logFallback(53)) - raft.grpc.client.port = 43909 (fallback to raft.grpc.server.port)
2023-02-28 04:33:11,210 [Listener at 0.0.0.0/45147] INFO  grpc.GrpcConfigKeys (ConfUtils.java:logGet(46)) - raft.grpc.server.host = null (default)
2023-02-28 04:33:11,211 [Listener at 0.0.0.0/45147] INFO  grpc.GrpcConfigKeys (ConfUtils.java:logGet(46)) - raft.grpc.server.port = 43909 (custom)
2023-02-28 04:33:11,211 [Listener at 0.0.0.0/45147] INFO  server.GrpcService (ConfUtils.java:logGet(46)) - raft.grpc.message.size.max = 33554432 (custom)
2023-02-28 04:33:11,211 [Listener at 0.0.0.0/45147] INFO  server.RaftServerConfigKeys (ConfUtils.java:logGet(46)) - raft.server.log.appender.buffer.byte-limit = 33554432 (custom)
2023-02-28 04:33:11,211 [Listener at 0.0.0.0/45147] INFO  server.GrpcService (ConfUtils.java:logGet(46)) - raft.grpc.flow.control.window = 1MB (=1048576) (default)
2023-02-28 04:33:11,211 [Listener at 0.0.0.0/45147] INFO  server.RaftServerConfigKeys (ConfUtils.java:logGet(46)) - raft.server.rpc.request.timeout = 3000ms (default)
2023-02-28 04:33:11,211 [Listener at 0.0.0.0/45147] INFO  grpc.GrpcConfigKeys (ConfUtils.java:logGet(46)) - raft.grpc.server.heartbeat.channel = true (default)
2023-02-28 04:33:11,211 [Listener at 0.0.0.0/45147] INFO  grpc.GrpcConfigKeys (ConfUtils.java:logGet(46)) - raft.grpc.server.async.request.thread.pool.cached = true (default)
2023-02-28 04:33:11,211 [Listener at 0.0.0.0/45147] INFO  grpc.GrpcConfigKeys (ConfUtils.java:logGet(46)) - raft.grpc.server.async.request.thread.pool.size = 32 (default)
2023-02-28 04:33:11,212 [Listener at 0.0.0.0/45147] INFO  impl.DataStreamServerImpl (ConfUtils.java:logGet(46)) - raft.datastream.type = DISABLED (default)
2023-02-28 04:33:11,212 [Listener at 0.0.0.0/45147] INFO  server.RaftServerConfigKeys (ConfUtils.java:logGet(46)) - raft.server.threadpool.proxy.cached = true (default)
2023-02-28 04:33:11,213 [Listener at 0.0.0.0/45147] INFO  server.RaftServerConfigKeys (ConfUtils.java:logGet(46)) - raft.server.threadpool.proxy.size = 0 (default)
2023-02-28 04:33:11,213 [Listener at 0.0.0.0/45147] INFO  server.RaftServerConfigKeys (ConfUtils.java:logGet(46)) - raft.server.rpc.slowness.timeout = 2s (custom)
2023-02-28 04:33:11,213 [Listener at 0.0.0.0/45147] INFO  server.RaftServerConfigKeys (ConfUtils.java:logGet(46)) - raft.server.leaderelection.leader.step-down.wait-time = 10s (default)
2023-02-28 04:33:11,213 [Listener at 0.0.0.0/45147] INFO  server.RaftServerConfigKeys (ConfUtils.java:logGet(46)) - raft.server.storage.dir = [/home/runner/work/ozone/ozone/hadoop-ozone/integration-test/target/test-dir/MiniOzoneClusterImpl-2052965b-440d-4b09-b4b3-db311f243d80/omNode-1/ratis] (custom)
2023-02-28 04:33:11,213 [Listener at 0.0.0.0/45147] INFO  server.RaftServer (RaftServerProxy.java:addNew(96)) - omNode-1: addNew group-523986131536:[omNode-3|rpc:localhost:45779|priority:0|startupRole:FOLLOWER, omNode-1|rpc:localhost:43909|priority:0|startupRole:FOLLOWER, omNode-2|rpc:localhost:43475|priority:0|startupRole:FOLLOWER] returns group-523986131536:java.util.concurrent.CompletableFuture@3725c8ce[Not completed]
2023-02-28 04:33:11,214 [Listener at 0.0.0.0/45147] INFO  om.OzoneManager (OzoneManager.java:initializeRatisServer(2094)) - OzoneManager Ratis server initialized at port 43909
2023-02-28 04:33:11,214 [Listener at 0.0.0.0/45147] INFO  om.OzoneManager (OzoneManager.java:getRpcServer(1131)) - Creating RPC Server
2023-02-28 04:33:11,215 [pool-738-thread-1] INFO  server.RaftServer$Division (RaftServerImpl.java:<init>(195)) - omNode-1: new RaftServerImpl for group-523986131536:[omNode-3|rpc:localhost:45779|priority:0|startupRole:FOLLOWER, omNode-1|rpc:localhost:43909|priority:0|startupRole:FOLLOWER, omNode-2|rpc:localhost:43475|priority:0|startupRole:FOLLOWER] with OzoneManagerStateMachine:uninitialized
2023-02-28 04:33:11,215 [pool-738-thread-1] INFO  server.RaftServerConfigKeys (ConfUtils.java:logGet(46)) - raft.server.rpc.timeout.min = 1s (custom)
2023-02-28 04:33:11,215 [pool-738-thread-1] INFO  server.RaftServerConfigKeys (ConfUtils.java:logGet(46)) - raft.server.rpc.timeout.max = 1200ms (custom)
2023-02-28 04:33:11,215 [pool-738-thread-1] INFO  server.RaftServerConfigKeys (ConfUtils.java:logGet(46)) - raft.server.rpc.sleep.time = 25ms (default)
2023-02-28 04:33:11,215 [pool-738-thread-1] INFO  server.RaftServerConfigKeys (ConfUtils.java:logGet(46)) - raft.server.rpc.slowness.timeout = 2s (custom)
2023-02-28 04:33:11,215 [pool-738-thread-1] INFO  server.RaftServerConfigKeys (ConfUtils.java:logGet(46)) - raft.server.leaderelection.leader.step-down.wait-time = 10s (default)
2023-02-28 04:33:11,215 [pool-738-thread-1] INFO  server.RaftServerConfigKeys (ConfUtils.java:logGet(46)) - raft.server.sleep.deviation.threshold = 300ms (default)
2023-02-28 04:33:11,215 [pool-738-thread-1] INFO  server.RaftServer$Division (ServerState.java:<init>(118)) - omNode-1@group-523986131536: ConfigurationManager, init=-1: peers:[omNode-3|rpc:localhost:45779|priority:0|startupRole:FOLLOWER, omNode-1|rpc:localhost:43909|priority:0|startupRole:FOLLOWER, omNode-2|rpc:localhost:43475|priority:0|startupRole:FOLLOWER]|listeners:[], old=null, confs=<EMPTY_MAP>
2023-02-28 04:33:11,215 [pool-738-thread-1] INFO  server.RaftServerConfigKeys (ConfUtils.java:logGet(46)) - raft.server.storage.dir = [/home/runner/work/ozone/ozone/hadoop-ozone/integration-test/target/test-dir/MiniOzoneClusterImpl-2052965b-440d-4b09-b4b3-db311f243d80/omNode-1/ratis] (custom)
2023-02-28 04:33:11,215 [pool-738-thread-1] INFO  server.RaftServerConfigKeys (ConfUtils.java:logGet(46)) - raft.server.log.corruption.policy = EXCEPTION (default)
2023-02-28 04:33:11,215 [pool-738-thread-1] INFO  server.RaftServerConfigKeys (ConfUtils.java:logGet(46)) - raft.server.storage.free-space.min = 0MB (=0) (default)
2023-02-28 04:33:11,215 [pool-738-thread-1] INFO  server.RaftServerConfigKeys (ConfUtils.java:logGet(46)) - raft.server.notification.no-leader.timeout = 2s (custom)
2023-02-28 04:33:11,215 [pool-738-thread-1] INFO  server.RaftServerConfigKeys (ConfUtils.java:logGet(46)) - raft.server.retrycache.expirytime = 300s (custom)
2023-02-28 04:33:11,216 [pool-738-thread-1] INFO  server.RaftServerConfigKeys (ConfUtils.java:logGet(46)) - raft.server.retrycache.statistics.expirytime = 100μs (default)
2023-02-28 04:33:11,216 [pool-738-thread-1] INFO  server.RaftServerConfigKeys (ConfUtils.java:logGet(46)) - raft.server.log.appender.install.snapshot.enabled = false (custom)
2023-02-28 04:33:11,216 [pool-738-thread-1] INFO  server.RaftServerConfigKeys (ConfUtils.java:logGet(46)) - raft.server.threadpool.server.cached = true (default)
2023-02-28 04:33:11,216 [pool-738-thread-1] INFO  server.RaftServerConfigKeys (ConfUtils.java:logGet(46)) - raft.server.threadpool.server.size = 0 (default)
2023-02-28 04:33:11,216 [pool-738-thread-1] INFO  server.RaftServerConfigKeys (ConfUtils.java:logGet(46)) - raft.server.threadpool.client.cached = true (default)
2023-02-28 04:33:11,216 [pool-738-thread-1] INFO  server.RaftServerConfigKeys (ConfUtils.java:logGet(46)) - raft.server.threadpool.client.size = 0 (default)
2023-02-28 04:33:11,276 [EndpointStateMachine task thread for /0.0.0.0:41617 - 0 ] INFO  ipc.Client (Client.java:handleConnectionFailure(1010)) - Retrying connect to server: 0.0.0.0/0.0.0.0:41617. Already tried 5 time(s); retry policy is RetryUpToMaximumCountWithFixedSleep(maxRetries=15, sleepTime=1000 MILLISECONDS)
2023-02-28 04:33:11,505 [Listener at 0.0.0.0/45147] INFO  reflections.Reflections (Reflections.java:scan(232)) - Reflections took 291 ms to scan 19 urls, producing 68 keys and 4864 values [using 2 cores]
2023-02-28 04:33:11,507 [Listener at 0.0.0.0/45147] INFO  ipc.CallQueueManager (CallQueueManager.java:<init>(90)) - Using callQueue: class java.util.concurrent.LinkedBlockingQueue, queueCapacity: 2000, scheduler: class org.apache.hadoop.ipc.DefaultRpcScheduler, ipcBackoff: false.
2023-02-28 04:33:11,507 [Socket Reader #1 for port 46183] INFO  ipc.Server (Server.java:run(1273)) - Starting Socket Reader #1 for port 46183
2023-02-28 04:33:11,525 [Listener at 127.0.0.1/46183] INFO  impl.MetricsSystemImpl (MetricsSystemImpl.java:init(158)) - OzoneManager metrics system started (again)
2023-02-28 04:33:11,535 [Listener at 127.0.0.1/46183] INFO  om.OzoneManager (OzoneManager.java:start(1551)) - OzoneManager RPC server is listening at localhost/127.0.0.1:46183
2023-02-28 04:33:11,536 [Listener at 127.0.0.1/46183] INFO  ratis.OzoneManagerRatisServer (OzoneManagerRatisServer.java:start(559)) - Starting OzoneManagerRatisServer omNode-1 at port 43909
2023-02-28 04:33:11,536 [omNode-1-impl-thread1] INFO  storage.RaftStorageDirectory (RaftStorageDirectoryImpl.java:analyzeStorage(137)) - The storage directory /home/runner/work/ozone/ozone/hadoop-ozone/integration-test/target/test-dir/MiniOzoneClusterImpl-2052965b-440d-4b09-b4b3-db311f243d80/omNode-1/ratis/c9bc4cf4-3bc3-3c60-a66b-523986131536 does not exist. Creating ...
2023-02-28 04:33:11,537 [omNode-1-impl-thread1] INFO  storage.RaftStorageDirectory (RaftStorageDirectoryImpl.java:tryLock(231)) - Lock on /home/runner/work/ozone/ozone/hadoop-ozone/integration-test/target/test-dir/MiniOzoneClusterImpl-2052965b-440d-4b09-b4b3-db311f243d80/omNode-1/ratis/c9bc4cf4-3bc3-3c60-a66b-523986131536/in_use.lock acquired by nodename 61299@fv-az467-141
2023-02-28 04:33:11,538 [omNode-1-impl-thread1] INFO  storage.RaftStorage (RaftStorageImpl.java:format(96)) - Storage directory /home/runner/work/ozone/ozone/hadoop-ozone/integration-test/target/test-dir/MiniOzoneClusterImpl-2052965b-440d-4b09-b4b3-db311f243d80/omNode-1/ratis/c9bc4cf4-3bc3-3c60-a66b-523986131536 has been successfully formatted.
2023-02-28 04:33:11,538 [omNode-1-impl-thread1] INFO  server.RaftServerConfigKeys (ConfUtils.java:logGet(46)) - raft.server.log.use.memory = false (default)
2023-02-28 04:33:11,538 [omNode-1-impl-thread1] INFO  server.RaftServerConfigKeys (ConfUtils.java:logGet(46)) - raft.server.log.purge.gap = 1000000 (custom)
2023-02-28 04:33:11,538 [omNode-1-impl-thread1] INFO  server.RaftServerConfigKeys (ConfUtils.java:logGet(46)) - raft.server.log.appender.buffer.byte-limit = 33554432 (custom)
2023-02-28 04:33:11,538 [omNode-1-impl-thread1] INFO  server.RaftServerConfigKeys (ConfUtils.java:logGet(46)) - raft.server.log.statemachine.data.read.timeout = 1000ms (default)
2023-02-28 04:33:11,538 [omNode-1-impl-thread1] INFO  server.RaftServerConfigKeys (ConfUtils.java:logGet(46)) - raft.server.log.purge.preservation.log.num = 0 (default)
2023-02-28 04:33:11,539 [omNode-1-impl-thread1] INFO  server.RaftServerConfigKeys (ConfUtils.java:logGet(46)) - raft.server.log.segment.size.max = 4194304 (custom)
2023-02-28 04:33:11,539 [omNode-1-impl-thread1] INFO  server.RaftServerConfigKeys (ConfUtils.java:logGet(46)) - raft.server.log.segment.cache.num.max = 2 (custom)
2023-02-28 04:33:11,539 [omNode-1-impl-thread1] INFO  server.RaftServerConfigKeys (ConfUtils.java:logGet(46)) - raft.server.log.segment.cache.size.max = 200MB (=209715200) (default)
2023-02-28 04:33:11,539 [omNode-1-impl-thread1] INFO  segmented.SegmentedRaftLogWorker (SegmentedRaftLogWorker.java:<init>(189)) - new omNode-1@group-523986131536-SegmentedRaftLogWorker for RaftStorageImpl:Storage Directory /home/runner/work/ozone/ozone/hadoop-ozone/integration-test/target/test-dir/MiniOzoneClusterImpl-2052965b-440d-4b09-b4b3-db311f243d80/omNode-1/ratis/c9bc4cf4-3bc3-3c60-a66b-523986131536
2023-02-28 04:33:11,539 [omNode-1-impl-thread1] INFO  server.RaftServerConfigKeys (ConfUtils.java:logGet(46)) - raft.server.log.queue.byte-limit = 64MB (=67108864) (default)
2023-02-28 04:33:11,539 [omNode-1-impl-thread1] INFO  server.RaftServerConfigKeys (ConfUtils.java:logGet(46)) - raft.server.log.queue.element-limit = 4096 (default)
2023-02-28 04:33:11,539 [omNode-1-impl-thread1] INFO  server.RaftServerConfigKeys (ConfUtils.java:logGet(46)) - raft.server.log.segment.size.max = 4194304 (custom)
2023-02-28 04:33:11,539 [omNode-1-impl-thread1] INFO  server.RaftServerConfigKeys (ConfUtils.java:logGet(46)) - raft.server.log.preallocated.size = 4194304 (custom)
2023-02-28 04:33:11,539 [omNode-1-impl-thread1] INFO  server.RaftServerConfigKeys (ConfUtils.java:logGet(46)) - raft.server.log.force.sync.num = 128 (default)
2023-02-28 04:33:11,539 [omNode-1-impl-thread1] INFO  server.RaftServerConfigKeys (ConfUtils.java:logGet(46)) - raft.server.log.statemachine.data.sync = true (default)
2023-02-28 04:33:11,539 [omNode-1-impl-thread1] INFO  server.RaftServerConfigKeys (ConfUtils.java:logGet(46)) - raft.server.log.statemachine.data.sync.timeout = 10s (default)
2023-02-28 04:33:11,539 [omNode-1-impl-thread1] INFO  server.RaftServerConfigKeys (ConfUtils.java:logGet(46)) - raft.server.log.statemachine.data.sync.timeout.retry = -1 (default)
2023-02-28 04:33:11,539 [omNode-1-impl-thread1] INFO  server.RaftServerConfigKeys (ConfUtils.java:logGet(46)) - raft.server.log.write.buffer.size = 64KB (=65536) (default)
2023-02-28 04:33:11,539 [omNode-1-impl-thread1] INFO  server.RaftServerConfigKeys (ConfUtils.java:logGet(46)) - raft.server.log.appender.buffer.byte-limit = 33554432 (custom)
2023-02-28 04:33:11,543 [omNode-1-impl-thread1] INFO  server.RaftServerConfigKeys (ConfUtils.java:logGet(46)) - raft.server.log.unsafe-flush.enabled = false (default)
2023-02-28 04:33:11,543 [omNode-1-impl-thread1] INFO  server.RaftServerConfigKeys (ConfUtils.java:logGet(46)) - raft.server.log.async-flush.enabled = false (default)
2023-02-28 04:33:11,543 [omNode-1-impl-thread1] INFO  server.RaftServerConfigKeys (ConfUtils.java:logGet(46)) - raft.server.log.statemachine.data.caching.enabled = false (default)
2023-02-28 04:33:11,543 [omNode-1-impl-thread1] INFO  segmented.SegmentedRaftLogWorker (SegmentedRaftLogWorker.java:lambda$new$0(135)) - omNode-1@group-523986131536-SegmentedRaftLogWorker: flushIndex: setUnconditionally 0 -> -1
2023-02-28 04:33:11,543 [omNode-1-impl-thread1] INFO  segmented.SegmentedRaftLogWorker (SegmentedRaftLogWorker.java:lambda$new$0(135)) - omNode-1@group-523986131536-SegmentedRaftLogWorker: safeCacheEvictIndex: setUnconditionally 0 -> -1
2023-02-28 04:33:11,543 [omNode-1-impl-thread1] INFO  server.RaftServer$Division (RaftServerImpl.java:start(334)) - omNode-1@group-523986131536: start as a follower, conf=-1: peers:[omNode-3|rpc:localhost:45779|priority:0|startupRole:FOLLOWER, omNode-1|rpc:localhost:43909|priority:0|startupRole:FOLLOWER, omNode-2|rpc:localhost:43475|priority:0|startupRole:FOLLOWER]|listeners:[], old=null
2023-02-28 04:33:11,543 [omNode-1-impl-thread1] INFO  server.RaftServer$Division (RaftServerImpl.java:setRole(321)) - omNode-1@group-523986131536: changes role from      null to FOLLOWER at term 0 for startAsFollower
2023-02-28 04:33:11,547 [omNode-1-impl-thread1] INFO  impl.RoleInfo (RoleInfo.java:updateAndGet(139)) - omNode-1: start omNode-1@group-523986131536-FollowerState
2023-02-28 04:33:11,547 [omNode-1-impl-thread1] INFO  util.JmxRegister (JmxRegister.java:tryRegister(44)) - Successfully registered JMX Bean with object name Ratis:service=RaftServer,group=group-523986131536,id=omNode-1
2023-02-28 04:33:11,547 [omNode-1-impl-thread1] INFO  server.RaftServerConfigKeys (ConfUtils.java:logGet(46)) - raft.server.snapshot.auto.trigger.enabled = true (custom)
2023-02-28 04:33:11,547 [omNode-1-impl-thread1] INFO  server.RaftServerConfigKeys (ConfUtils.java:logGet(46)) - raft.server.snapshot.auto.trigger.threshold = 400000 (default)
2023-02-28 04:33:11,547 [omNode-1-impl-thread1] INFO  server.RaftServerConfigKeys (ConfUtils.java:logGet(46)) - raft.server.snapshot.retention.file.num = -1 (default)
2023-02-28 04:33:11,547 [omNode-1-impl-thread1] INFO  server.RaftServerConfigKeys (ConfUtils.java:logGet(46)) - raft.server.log.purge.upto.snapshot.index = true (custom)
2023-02-28 04:33:11,550 [omNode-1@group-523986131536-FollowerState] INFO  server.RaftServerConfigKeys (ConfUtils.java:logFallback(53)) - raft.server.rpc.first-election.timeout.min = 1s (fallback to raft.server.rpc.timeout.min)
2023-02-28 04:33:11,550 [omNode-1@group-523986131536-FollowerState] INFO  server.RaftServerConfigKeys (ConfUtils.java:logFallback(53)) - raft.server.rpc.first-election.timeout.max = 1200ms (fallback to raft.server.rpc.timeout.max)
2023-02-28 04:33:11,550 [Listener at 127.0.0.1/46183] INFO  server.RaftServer (RaftServerProxy.java:startImpl(393)) - omNode-1: start RPC server
2023-02-28 04:33:11,553 [Listener at 127.0.0.1/46183] INFO  server.GrpcService (GrpcService.java:startImpl(262)) - omNode-1: GrpcService started, listening on 43909
2023-02-28 04:33:11,553 [Listener at 127.0.0.1/46183] INFO  om.OzoneManager (OzoneManager.java:start(1567)) - Version File has different layout version (3) than OM DB (null). That is expected if this OM has never been finalized to a newer layout version.
2023-02-28 04:33:11,554 [JvmPauseMonitor6] INFO  util.JvmPauseMonitor (JvmPauseMonitor.java:run(105)) - JvmPauseMonitor-omNode-1: Started
2023-02-28 04:33:11,562 [Listener at 127.0.0.1/46183] INFO  http.BaseHttpServer (BaseHttpServer.java:newHttpServer2BuilderForOzone(213)) - Starting Web-server for ozoneManager at: http://0.0.0.0:37121
2023-02-28 04:33:11,562 [Listener at 127.0.0.1/46183] INFO  http.BaseHttpServer (BaseHttpServer.java:<init>(108)) - Hadoop Security Enabled: false Ozone Security Enabled: false Ozone HTTP Security Enabled: false 
2023-02-28 04:33:11,563 [Listener at 127.0.0.1/46183] WARN  server.AuthenticationFilter (AuthenticationFilter.java:constructSecretProvider(240)) - Unable to initialize FileSignerSecretProvider, falling back to use random secrets. Reason: Could not read signature secret file: /home/runner/hadoop-http-auth-signature-secret
2023-02-28 04:33:11,567 [Listener at 127.0.0.1/46183] WARN  http.HttpRequestLog (HttpRequestLog.java:getRequestLog(103)) - Jetty request log can only be enabled using Log4j
2023-02-28 04:33:11,568 [Listener at 127.0.0.1/46183] INFO  http.HttpServer2 (HttpServer2.java:addGlobalFilter(1031)) - Added global filter 'safety' (class=org.apache.hadoop.hdds.server.http.HttpServer2$QuotingInputFilter)
2023-02-28 04:33:11,570 [Listener at 127.0.0.1/46183] INFO  http.HttpServer2 (HttpServer2.java:addFilter(1007)) - Added filter static_user_filter (class=org.apache.hadoop.http.lib.StaticUserWebFilter$StaticUserFilter) to context ozoneManager
2023-02-28 04:33:11,571 [Listener at 127.0.0.1/46183] INFO  http.HttpServer2 (HttpServer2.java:addFilter(1015)) - Added filter static_user_filter (class=org.apache.hadoop.http.lib.StaticUserWebFilter$StaticUserFilter) to context static
2023-02-28 04:33:11,571 [Listener at 127.0.0.1/46183] INFO  http.HttpServer2 (HttpServer2.java:addFilter(1015)) - Added filter static_user_filter (class=org.apache.hadoop.http.lib.StaticUserWebFilter$StaticUserFilter) to context logs
2023-02-28 04:33:11,572 [Listener at 127.0.0.1/46183] INFO  http.HttpServer2 (HttpServer2.java:bindListener(1250)) - Jetty bound to port 37121
2023-02-28 04:33:11,573 [Listener at 127.0.0.1/46183] INFO  server.Server (Server.java:doStart(375)) - jetty-9.4.49.v20220914; built: 2022-09-14T01:07:36.601Z; git: 4231a3b2e4cb8548a412a789936d640a97b1aa0a; jvm 1.8.0_362-b09
2023-02-28 04:33:11,575 [Listener at 127.0.0.1/46183] INFO  server.session (DefaultSessionIdManager.java:doStart(334)) - DefaultSessionIdManager workerName=node0
2023-02-28 04:33:11,575 [Listener at 127.0.0.1/46183] INFO  server.session (DefaultSessionIdManager.java:doStart(339)) - No SessionScavenger set, using defaults
2023-02-28 04:33:11,575 [Listener at 127.0.0.1/46183] INFO  server.session (HouseKeeper.java:startScavenging(132)) - node0 Scavenging every 600000ms
2023-02-28 04:33:11,577 [Listener at 127.0.0.1/46183] INFO  handler.ContextHandler (ContextHandler.java:doStart(921)) - Started o.e.j.s.ServletContextHandler@274e52b7{logs,/logs,file:///home/runner/work/ozone/ozone/hadoop-ozone/integration-test/target/log,AVAILABLE}
2023-02-28 04:33:11,577 [Listener at 127.0.0.1/46183] INFO  handler.ContextHandler (ContextHandler.java:doStart(921)) - Started o.e.j.s.ServletContextHandler@5f1975cd{static,/static,file:///home/runner/work/ozone/ozone/hadoop-ozone/integration-test/target/test-classes/webapps/static,AVAILABLE}
2023-02-28 04:33:11,584 [Listener at 127.0.0.1/46183] INFO  handler.ContextHandler (ContextHandler.java:doStart(921)) - Started o.e.j.w.WebAppContext@49996836{ozoneManager,/,file:///home/runner/work/ozone/ozone/hadoop-ozone/integration-test/target/test-classes/webapps/ozoneManager/,AVAILABLE}{file:/home/runner/work/ozone/ozone/hadoop-ozone/integration-test/target/test-classes/webapps/ozoneManager}
2023-02-28 04:33:11,585 [Listener at 127.0.0.1/46183] INFO  server.AbstractConnector (AbstractConnector.java:doStart(333)) - Started ServerConnector@723cab47{HTTP/1.1, (http/1.1)}{0.0.0.0:37121}
2023-02-28 04:33:11,586 [Listener at 127.0.0.1/46183] INFO  server.Server (Server.java:doStart(415)) - Started @64762ms
2023-02-28 04:33:11,586 [Listener at 127.0.0.1/46183] WARN  impl.MetricsSystemImpl (MetricsSystemImpl.java:register(279)) - Sink prometheus already exists!
2023-02-28 04:33:11,586 [Listener at 127.0.0.1/46183] INFO  http.BaseHttpServer (BaseHttpServer.java:updateConnectorAddress(333)) - HTTP server of ozoneManager listening at http://0.0.0.0:37121
2023-02-28 04:33:11,587 [IPC Server Responder] INFO  ipc.Server (Server.java:run(1512)) - IPC Server Responder: starting
2023-02-28 04:33:11,587 [IPC Server listener on 46183] INFO  ipc.Server (Server.java:run(1352)) - IPC Server listener on 46183: starting
2023-02-28 04:33:11,594 [Listener at 127.0.0.1/46183] INFO  om.OzoneManager (OzoneManager.java:startTrashEmptier(2038)) - Trash Interval set to 0. Files deleted won't move to trash
2023-02-28 04:33:11,594 [Listener at 127.0.0.1/46183] INFO  ozone.MiniOzoneHAClusterImpl (MiniOzoneHAClusterImpl.java:createOMService(527)) - Started OzoneManager omNode-1 RPC server at localhost/127.0.0.1:46183
2023-02-28 04:33:11,597 [Listener at 127.0.0.1/46183] INFO  ha.OMHANodeDetails (OMHANodeDetails.java:loadOMHAConfig(121)) - ServiceID for OzoneManager is om-service-test1
2023-02-28 04:33:11,599 [Listener at 127.0.0.1/46183] INFO  ha.OMHANodeDetails (OMHANodeDetails.java:loadOMHAConfig(201)) - Found matching OM address with OMServiceId: om-service-test1, OMNodeId: omNode-2, RPC Address: localhost:46181 and Ratis port: 43475
2023-02-28 04:33:11,600 [Listener at 127.0.0.1/46183] INFO  ha.OMHANodeDetails (ConfUtils.java:setNodeSpecificConfigs(97)) - Setting configuration key ozone.om.http-address with value of key ozone.om.http-address.om-service-test1.omNode-2: 127.0.0.1:42569
2023-02-28 04:33:11,601 [Listener at 127.0.0.1/46183] INFO  ha.OMHANodeDetails (ConfUtils.java:setNodeSpecificConfigs(97)) - Setting configuration key ozone.om.https-address with value of key ozone.om.https-address.om-service-test1.omNode-2: 127.0.0.1:39037
2023-02-28 04:33:11,601 [Listener at 127.0.0.1/46183] INFO  ha.OMHANodeDetails (ConfUtils.java:setNodeSpecificConfigs(97)) - Setting configuration key ozone.om.address with value of key ozone.om.address.om-service-test1.omNode-2: 127.0.0.1:46181
2023-02-28 04:33:11,601 [Listener at 127.0.0.1/46183] WARN  server.ServerUtils (ServerUtils.java:getDBPath(225)) - ozone.om.db.dirs is not configured. We recommend adding this setting. Falling back to ozone.metadata.dirs instead.
2023-02-28 04:33:11,603 [Listener at 127.0.0.1/46183] INFO  proxy.SCMBlockLocationFailoverProxyProvider (SCMBlockLocationFailoverProxyProvider.java:<init>(114)) - Created block location fail-over proxy with 1 nodes: [nodeId=scmNodeId,nodeAddress=/0.0.0.0:35615]
2023-02-28 04:33:11,604 [org.apache.hadoop.util.JvmPauseMonitor$Monitor@30e24816] INFO  util.JvmPauseMonitor (JvmPauseMonitor.java:run(188)) - Starting JVM pause monitor
OM initialization succeeded.Current cluster id for sd=/home/runner/work/ozone/ozone/hadoop-ozone/integration-test/target/test-dir/MiniOzoneClusterImpl-2052965b-440d-4b09-b4b3-db311f243d80/omNode-2/om;cid=2052965b-440d-4b09-b4b3-db311f243d80;layoutVersion=3
2023-02-28 04:33:11,614 [Listener at 127.0.0.1/46183] INFO  ha.OMHANodeDetails (OMHANodeDetails.java:loadOMHAConfig(121)) - ServiceID for OzoneManager is om-service-test1
2023-02-28 04:33:11,615 [Listener at 127.0.0.1/46183] INFO  ha.OMHANodeDetails (OMHANodeDetails.java:loadOMHAConfig(201)) - Found matching OM address with OMServiceId: om-service-test1, OMNodeId: omNode-2, RPC Address: localhost:46181 and Ratis port: 43475
2023-02-28 04:33:11,615 [Listener at 127.0.0.1/46183] INFO  ha.OMHANodeDetails (ConfUtils.java:setNodeSpecificConfigs(97)) - Setting configuration key ozone.om.http-address with value of key ozone.om.http-address.om-service-test1.omNode-2: 127.0.0.1:42569
2023-02-28 04:33:11,615 [Listener at 127.0.0.1/46183] INFO  ha.OMHANodeDetails (ConfUtils.java:setNodeSpecificConfigs(97)) - Setting configuration key ozone.om.https-address with value of key ozone.om.https-address.om-service-test1.omNode-2: 127.0.0.1:39037
2023-02-28 04:33:11,616 [Listener at 127.0.0.1/46183] INFO  ha.OMHANodeDetails (ConfUtils.java:setNodeSpecificConfigs(97)) - Setting configuration key ozone.om.address with value of key ozone.om.address.om-service-test1.omNode-2: 127.0.0.1:46181
2023-02-28 04:33:11,617 [Listener at 127.0.0.1/46183] WARN  server.ServerUtils (ServerUtils.java:getDBPath(225)) - ozone.om.db.dirs is not configured. We recommend adding this setting. Falling back to ozone.metadata.dirs instead.
2023-02-28 04:33:11,619 [Listener at 127.0.0.1/46183] INFO  upgrade.AbstractLayoutVersionManager (AbstractLayoutVersionManager.java:init(83)) - Initializing Layout version manager with metadata layout = MULTITENANCY_SCHEMA (version = 3), software layout = MULTITENANCY_SCHEMA (version = 3)
2023-02-28 04:33:11,689 [Listener at 127.0.0.1/46183] INFO  reflections.Reflections (Reflections.java:scan(232)) - Reflections took 69 ms to scan 2 urls, producing 167 keys and 459 values [using 2 cores]
2023-02-28 04:33:11,690 [Listener at 127.0.0.1/46183] INFO  upgrade.OMLayoutVersionManager (OMLayoutVersionManager.java:lambda$0(115)) - Skipping Upgrade Action MockOmUpgradeAction since it has been finalized.
2023-02-28 04:33:11,690 [Listener at 127.0.0.1/46183] WARN  server.ServerUtils (ServerUtils.java:getDBPath(225)) - ozone.om.db.dirs is not configured. We recommend adding this setting. Falling back to ozone.metadata.dirs instead.
2023-02-28 04:33:11,690 [Listener at 127.0.0.1/46183] INFO  proxy.SCMBlockLocationFailoverProxyProvider (SCMBlockLocationFailoverProxyProvider.java:<init>(114)) - Created block location fail-over proxy with 1 nodes: [nodeId=scmNodeId,nodeAddress=/0.0.0.0:35615]
2023-02-28 04:33:11,691 [Listener at 127.0.0.1/46183] INFO  proxy.SCMBlockLocationFailoverProxyProvider (SCMBlockLocationFailoverProxyProvider.java:<init>(114)) - Created block location fail-over proxy with 1 nodes: [nodeId=scmNodeId,nodeAddress=/0.0.0.0:35615]
2023-02-28 04:33:11,696 [Listener at 127.0.0.1/46183] INFO  om.OzoneManager (OzoneManager.java:<init>(618)) - OM start with adminUsers: [runner]
2023-02-28 04:33:11,697 [Listener at 127.0.0.1/46183] WARN  server.ServerUtils (ServerUtils.java:getDBPath(225)) - ozone.om.db.dirs is not configured. We recommend adding this setting. Falling back to ozone.metadata.dirs instead.
2023-02-28 04:33:11,697 [Listener at 127.0.0.1/46183] INFO  codec.OmKeyInfoCodec (OmKeyInfoCodec.java:<init>(49)) - OmKeyInfoCodec ignorePipeline = true
2023-02-28 04:33:11,697 [Listener at 127.0.0.1/46183] INFO  codec.RepeatedOmKeyInfoCodec (RepeatedOmKeyInfoCodec.java:<init>(41)) - RepeatedOmKeyInfoCodec ignorePipeline = true
2023-02-28 04:33:11,877 [Listener at 127.0.0.1/46183] INFO  om.OzoneManager (OzoneManager.java:instantiateServices(748)) - S3 Multi-Tenancy is disabled
2023-02-28 04:33:11,878 [Listener at 127.0.0.1/46183] WARN  server.ServerUtils (ServerUtils.java:getDBPath(225)) - ozone.om.snapshot.diff.db.dir is not configured. We recommend adding this setting. Falling back to ozone.metadata.dirs instead.
2023-02-28 04:33:11,890 [Listener at 127.0.0.1/46183] INFO  om.OzoneManager (OzoneManager.java:addS3GVolumeToDB(4215)) - Created Volume s3v With Owner runner required for S3Gateway operations.
2023-02-28 04:33:11,890 [Listener at 127.0.0.1/46183] WARN  server.ServerUtils (ServerUtils.java:getDefaultRatisDirectory(237)) - Storage directory for Ratis is not configured. It is a good idea to map this to an SSD disk. Falling back to ozone.metadata.dirs
2023-02-28 04:33:11,891 [Listener at 127.0.0.1/46183] WARN  utils.OzoneManagerRatisUtils (OzoneManagerRatisUtils.java:getOMRatisSnapshotDirectory(436)) - ozone.om.ratis.snapshot.dir is not configured. Falling back to ozone.metadata.dirs config
2023-02-28 04:33:11,891 [Listener at 127.0.0.1/46183] INFO  snapshot.OzoneManagerSnapshotProvider (OzoneManagerSnapshotProvider.java:<init>(76)) - Initializing OM Snapshot Provider
2023-02-28 04:33:11,892 [Listener at 127.0.0.1/46183] WARN  impl.MetricRegistriesImpl (MetricRegistriesImpl.java:addReporterRegistration(111)) - New reporters are added after registries were created. Some metrics will be missing from the reporter. Please add reporter before adding any new registry.
2023-02-28 04:33:11,892 [Listener at 127.0.0.1/46183] WARN  impl.MetricRegistriesImpl (MetricRegistriesImpl.java:addReporterRegistration(111)) - New reporters are added after registries were created. Some metrics will be missing from the reporter. Please add reporter before adding any new registry.
2023-02-28 04:33:11,892 [Listener at 127.0.0.1/46183] WARN  server.ServerUtils (ServerUtils.java:getDefaultRatisDirectory(237)) - Storage directory for Ratis is not configured. It is a good idea to map this to an SSD disk. Falling back to ozone.metadata.dirs
2023-02-28 04:33:11,893 [Listener at 127.0.0.1/46183] INFO  ratis.OzoneManagerRatisServer (OzoneManagerRatisServer.java:<init>(164)) - Instantiating OM Ratis server with groupID: om-service-test1 and peers: localhost:43475, localhost:45779, localhost:43909
2023-02-28 04:33:11,893 [Listener at 127.0.0.1/46183] INFO  ratis.OzoneManagerStateMachine (OzoneManagerStateMachine.java:loadSnapshotInfoFromDB(636)) - LastAppliedIndex is set from TransactionInfo from OM DB as (t:0, i:~)
2023-02-28 04:33:11,894 [Listener at 127.0.0.1/46183] INFO  server.RaftServer (ConfUtils.java:logGet(46)) - raft.rpc.type = GRPC (default)
2023-02-28 04:33:11,894 [Listener at 127.0.0.1/46183] INFO  grpc.GrpcConfigKeys (ConfUtils.java:logFallback(53)) - raft.grpc.admin.host = null (fallback to raft.grpc.server.host)
2023-02-28 04:33:11,894 [Listener at 127.0.0.1/46183] INFO  grpc.GrpcConfigKeys (ConfUtils.java:logFallback(53)) - raft.grpc.admin.port = 43475 (fallback to raft.grpc.server.port)
2023-02-28 04:33:11,894 [Listener at 127.0.0.1/46183] INFO  grpc.GrpcConfigKeys (ConfUtils.java:logFallback(53)) - raft.grpc.client.host = null (fallback to raft.grpc.server.host)
2023-02-28 04:33:11,894 [Listener at 127.0.0.1/46183] INFO  grpc.GrpcConfigKeys (ConfUtils.java:logFallback(53)) - raft.grpc.client.port = 43475 (fallback to raft.grpc.server.port)
2023-02-28 04:33:11,894 [Listener at 127.0.0.1/46183] INFO  grpc.GrpcConfigKeys (ConfUtils.java:logGet(46)) - raft.grpc.server.host = null (default)
2023-02-28 04:33:11,894 [Listener at 127.0.0.1/46183] INFO  grpc.GrpcConfigKeys (ConfUtils.java:logGet(46)) - raft.grpc.server.port = 43475 (custom)
2023-02-28 04:33:11,895 [Listener at 127.0.0.1/46183] INFO  server.GrpcService (ConfUtils.java:logGet(46)) - raft.grpc.message.size.max = 33554432 (custom)
2023-02-28 04:33:11,895 [Listener at 127.0.0.1/46183] INFO  server.RaftServerConfigKeys (ConfUtils.java:logGet(46)) - raft.server.log.appender.buffer.byte-limit = 33554432 (custom)
2023-02-28 04:33:11,895 [Listener at 127.0.0.1/46183] INFO  server.GrpcService (ConfUtils.java:logGet(46)) - raft.grpc.flow.control.window = 1MB (=1048576) (default)
2023-02-28 04:33:11,895 [Listener at 127.0.0.1/46183] INFO  server.RaftServerConfigKeys (ConfUtils.java:logGet(46)) - raft.server.rpc.request.timeout = 3000ms (default)
2023-02-28 04:33:11,895 [Listener at 127.0.0.1/46183] INFO  grpc.GrpcConfigKeys (ConfUtils.java:logGet(46)) - raft.grpc.server.heartbeat.channel = true (default)
2023-02-28 04:33:11,895 [Listener at 127.0.0.1/46183] INFO  grpc.GrpcConfigKeys (ConfUtils.java:logGet(46)) - raft.grpc.server.async.request.thread.pool.cached = true (default)
2023-02-28 04:33:11,895 [Listener at 127.0.0.1/46183] INFO  grpc.GrpcConfigKeys (ConfUtils.java:logGet(46)) - raft.grpc.server.async.request.thread.pool.size = 32 (default)
2023-02-28 04:33:11,896 [Listener at 127.0.0.1/46183] INFO  impl.DataStreamServerImpl (ConfUtils.java:logGet(46)) - raft.datastream.type = DISABLED (default)
2023-02-28 04:33:11,896 [Listener at 127.0.0.1/46183] INFO  server.RaftServerConfigKeys (ConfUtils.java:logGet(46)) - raft.server.threadpool.proxy.cached = true (default)
2023-02-28 04:33:11,896 [Listener at 127.0.0.1/46183] INFO  server.RaftServerConfigKeys (ConfUtils.java:logGet(46)) - raft.server.threadpool.proxy.size = 0 (default)
2023-02-28 04:33:11,897 [Listener at 127.0.0.1/46183] INFO  server.RaftServerConfigKeys (ConfUtils.java:logGet(46)) - raft.server.rpc.slowness.timeout = 2s (custom)
2023-02-28 04:33:11,897 [Listener at 127.0.0.1/46183] INFO  server.RaftServerConfigKeys (ConfUtils.java:logGet(46)) - raft.server.leaderelection.leader.step-down.wait-time = 10s (default)
2023-02-28 04:33:11,897 [Listener at 127.0.0.1/46183] INFO  server.RaftServerConfigKeys (ConfUtils.java:logGet(46)) - raft.server.storage.dir = [/home/runner/work/ozone/ozone/hadoop-ozone/integration-test/target/test-dir/MiniOzoneClusterImpl-2052965b-440d-4b09-b4b3-db311f243d80/omNode-2/ratis] (custom)
2023-02-28 04:33:11,897 [Listener at 127.0.0.1/46183] INFO  server.RaftServer (RaftServerProxy.java:addNew(96)) - omNode-2: addNew group-523986131536:[omNode-3|rpc:localhost:45779|priority:0|startupRole:FOLLOWER, omNode-1|rpc:localhost:43909|priority:0|startupRole:FOLLOWER, omNode-2|rpc:localhost:43475|priority:0|startupRole:FOLLOWER] returns group-523986131536:java.util.concurrent.CompletableFuture@1fad3858[Not completed]
2023-02-28 04:33:11,898 [Listener at 127.0.0.1/46183] INFO  om.OzoneManager (OzoneManager.java:initializeRatisServer(2094)) - OzoneManager Ratis server initialized at port 43475
2023-02-28 04:33:11,898 [pool-765-thread-1] INFO  server.RaftServer$Division (RaftServerImpl.java:<init>(195)) - omNode-2: new RaftServerImpl for group-523986131536:[omNode-3|rpc:localhost:45779|priority:0|startupRole:FOLLOWER, omNode-1|rpc:localhost:43909|priority:0|startupRole:FOLLOWER, omNode-2|rpc:localhost:43475|priority:0|startupRole:FOLLOWER] with OzoneManagerStateMachine:uninitialized
2023-02-28 04:33:11,898 [Listener at 127.0.0.1/46183] INFO  om.OzoneManager (OzoneManager.java:getRpcServer(1131)) - Creating RPC Server
2023-02-28 04:33:11,898 [pool-765-thread-1] INFO  server.RaftServerConfigKeys (ConfUtils.java:logGet(46)) - raft.server.rpc.timeout.min = 1s (custom)
2023-02-28 04:33:11,898 [pool-765-thread-1] INFO  server.RaftServerConfigKeys (ConfUtils.java:logGet(46)) - raft.server.rpc.timeout.max = 1200ms (custom)
2023-02-28 04:33:11,898 [pool-765-thread-1] INFO  server.RaftServerConfigKeys (ConfUtils.java:logGet(46)) - raft.server.rpc.sleep.time = 25ms (default)
2023-02-28 04:33:11,898 [pool-765-thread-1] INFO  server.RaftServerConfigKeys (ConfUtils.java:logGet(46)) - raft.server.rpc.slowness.timeout = 2s (custom)
2023-02-28 04:33:11,898 [pool-765-thread-1] INFO  server.RaftServerConfigKeys (ConfUtils.java:logGet(46)) - raft.server.leaderelection.leader.step-down.wait-time = 10s (default)
2023-02-28 04:33:11,898 [pool-765-thread-1] INFO  server.RaftServerConfigKeys (ConfUtils.java:logGet(46)) - raft.server.sleep.deviation.threshold = 300ms (default)
2023-02-28 04:33:11,898 [pool-765-thread-1] INFO  server.RaftServer$Division (ServerState.java:<init>(118)) - omNode-2@group-523986131536: ConfigurationManager, init=-1: peers:[omNode-3|rpc:localhost:45779|priority:0|startupRole:FOLLOWER, omNode-1|rpc:localhost:43909|priority:0|startupRole:FOLLOWER, omNode-2|rpc:localhost:43475|priority:0|startupRole:FOLLOWER]|listeners:[], old=null, confs=<EMPTY_MAP>
2023-02-28 04:33:11,898 [pool-765-thread-1] INFO  server.RaftServerConfigKeys (ConfUtils.java:logGet(46)) - raft.server.storage.dir = [/home/runner/work/ozone/ozone/hadoop-ozone/integration-test/target/test-dir/MiniOzoneClusterImpl-2052965b-440d-4b09-b4b3-db311f243d80/omNode-2/ratis] (custom)
2023-02-28 04:33:11,898 [pool-765-thread-1] INFO  server.RaftServerConfigKeys (ConfUtils.java:logGet(46)) - raft.server.log.corruption.policy = EXCEPTION (default)
2023-02-28 04:33:11,898 [pool-765-thread-1] INFO  server.RaftServerConfigKeys (ConfUtils.java:logGet(46)) - raft.server.storage.free-space.min = 0MB (=0) (default)
2023-02-28 04:33:11,898 [pool-765-thread-1] INFO  server.RaftServerConfigKeys (ConfUtils.java:logGet(46)) - raft.server.notification.no-leader.timeout = 2s (custom)
2023-02-28 04:33:11,907 [pool-765-thread-1] INFO  server.RaftServerConfigKeys (ConfUtils.java:logGet(46)) - raft.server.retrycache.expirytime = 300s (custom)
2023-02-28 04:33:11,907 [pool-765-thread-1] INFO  server.RaftServerConfigKeys (ConfUtils.java:logGet(46)) - raft.server.retrycache.statistics.expirytime = 100μs (default)
2023-02-28 04:33:11,908 [pool-765-thread-1] INFO  server.RaftServerConfigKeys (ConfUtils.java:logGet(46)) - raft.server.log.appender.install.snapshot.enabled = false (custom)
2023-02-28 04:33:11,908 [pool-765-thread-1] INFO  server.RaftServerConfigKeys (ConfUtils.java:logGet(46)) - raft.server.threadpool.server.cached = true (default)
2023-02-28 04:33:11,908 [pool-765-thread-1] INFO  server.RaftServerConfigKeys (ConfUtils.java:logGet(46)) - raft.server.threadpool.server.size = 0 (default)
2023-02-28 04:33:11,908 [pool-765-thread-1] INFO  server.RaftServerConfigKeys (ConfUtils.java:logGet(46)) - raft.server.threadpool.client.cached = true (default)
2023-02-28 04:33:11,908 [pool-765-thread-1] INFO  server.RaftServerConfigKeys (ConfUtils.java:logGet(46)) - raft.server.threadpool.client.size = 0 (default)
2023-02-28 04:33:12,327 [EndpointStateMachine task thread for /0.0.0.0:41617 - 0 ] INFO  ipc.Client (Client.java:handleConnectionFailure(1010)) - Retrying connect to server: 0.0.0.0/0.0.0.0:41617. Already tried 6 time(s); retry policy is RetryUpToMaximumCountWithFixedSleep(maxRetries=15, sleepTime=1000 MILLISECONDS)
2023-02-28 04:33:12,332 [JvmPauseMonitor6] WARN  util.JvmPauseMonitor (JvmPauseMonitor.java:detectPause(126)) - JvmPauseMonitor-omNode-1: Detected pause in JVM or host machine (eg GC): pause of approximately 277747355ns.
GC pool 'PS MarkSweep' had collection(s): count=1 time=199ms
GC pool 'PS Scavenge' had collection(s): count=1 time=88ms
2023-02-28 04:33:12,579 [Listener at 127.0.0.1/46183] INFO  reflections.Reflections (Reflections.java:scan(232)) - Reflections took 681 ms to scan 19 urls, producing 68 keys and 4864 values [using 2 cores]
2023-02-28 04:33:12,580 [Listener at 127.0.0.1/46183] INFO  ipc.CallQueueManager (CallQueueManager.java:<init>(90)) - Using callQueue: class java.util.concurrent.LinkedBlockingQueue, queueCapacity: 2000, scheduler: class org.apache.hadoop.ipc.DefaultRpcScheduler, ipcBackoff: false.
2023-02-28 04:33:12,581 [Socket Reader #1 for port 46181] INFO  ipc.Server (Server.java:run(1273)) - Starting Socket Reader #1 for port 46181
2023-02-28 04:33:12,600 [Listener at 127.0.0.1/46181] INFO  impl.MetricsSystemImpl (MetricsSystemImpl.java:init(158)) - OzoneManager metrics system started (again)
2023-02-28 04:33:12,612 [Listener at 127.0.0.1/46181] INFO  om.OzoneManager (OzoneManager.java:start(1551)) - OzoneManager RPC server is listening at localhost/127.0.0.1:46181
2023-02-28 04:33:12,613 [Listener at 127.0.0.1/46181] INFO  ratis.OzoneManagerRatisServer (OzoneManagerRatisServer.java:start(559)) - Starting OzoneManagerRatisServer omNode-2 at port 43475
2023-02-28 04:33:12,613 [omNode-2-impl-thread1] INFO  storage.RaftStorageDirectory (RaftStorageDirectoryImpl.java:analyzeStorage(137)) - The storage directory /home/runner/work/ozone/ozone/hadoop-ozone/integration-test/target/test-dir/MiniOzoneClusterImpl-2052965b-440d-4b09-b4b3-db311f243d80/omNode-2/ratis/c9bc4cf4-3bc3-3c60-a66b-523986131536 does not exist. Creating ...
2023-02-28 04:33:12,614 [omNode-2-impl-thread1] INFO  storage.RaftStorageDirectory (RaftStorageDirectoryImpl.java:tryLock(231)) - Lock on /home/runner/work/ozone/ozone/hadoop-ozone/integration-test/target/test-dir/MiniOzoneClusterImpl-2052965b-440d-4b09-b4b3-db311f243d80/omNode-2/ratis/c9bc4cf4-3bc3-3c60-a66b-523986131536/in_use.lock acquired by nodename 61299@fv-az467-141
2023-02-28 04:33:12,616 [omNode-2-impl-thread1] INFO  storage.RaftStorage (RaftStorageImpl.java:format(96)) - Storage directory /home/runner/work/ozone/ozone/hadoop-ozone/integration-test/target/test-dir/MiniOzoneClusterImpl-2052965b-440d-4b09-b4b3-db311f243d80/omNode-2/ratis/c9bc4cf4-3bc3-3c60-a66b-523986131536 has been successfully formatted.
2023-02-28 04:33:12,616 [omNode-2-impl-thread1] INFO  server.RaftServerConfigKeys (ConfUtils.java:logGet(46)) - raft.server.log.use.memory = false (default)
2023-02-28 04:33:12,616 [omNode-2-impl-thread1] INFO  server.RaftServerConfigKeys (ConfUtils.java:logGet(46)) - raft.server.log.purge.gap = 1000000 (custom)
2023-02-28 04:33:12,616 [omNode-2-impl-thread1] INFO  server.RaftServerConfigKeys (ConfUtils.java:logGet(46)) - raft.server.log.appender.buffer.byte-limit = 33554432 (custom)
2023-02-28 04:33:12,616 [omNode-2-impl-thread1] INFO  server.RaftServerConfigKeys (ConfUtils.java:logGet(46)) - raft.server.log.statemachine.data.read.timeout = 1000ms (default)
2023-02-28 04:33:12,616 [omNode-2-impl-thread1] INFO  server.RaftServerConfigKeys (ConfUtils.java:logGet(46)) - raft.server.log.purge.preservation.log.num = 0 (default)
2023-02-28 04:33:12,616 [omNode-2-impl-thread1] INFO  server.RaftServerConfigKeys (ConfUtils.java:logGet(46)) - raft.server.log.segment.size.max = 4194304 (custom)
2023-02-28 04:33:12,616 [omNode-2-impl-thread1] INFO  server.RaftServerConfigKeys (ConfUtils.java:logGet(46)) - raft.server.log.segment.cache.num.max = 2 (custom)
2023-02-28 04:33:12,616 [omNode-2-impl-thread1] INFO  server.RaftServerConfigKeys (ConfUtils.java:logGet(46)) - raft.server.log.segment.cache.size.max = 200MB (=209715200) (default)
2023-02-28 04:33:12,617 [omNode-2-impl-thread1] INFO  segmented.SegmentedRaftLogWorker (SegmentedRaftLogWorker.java:<init>(189)) - new omNode-2@group-523986131536-SegmentedRaftLogWorker for RaftStorageImpl:Storage Directory /home/runner/work/ozone/ozone/hadoop-ozone/integration-test/target/test-dir/MiniOzoneClusterImpl-2052965b-440d-4b09-b4b3-db311f243d80/omNode-2/ratis/c9bc4cf4-3bc3-3c60-a66b-523986131536
2023-02-28 04:33:12,617 [omNode-2-impl-thread1] INFO  server.RaftServerConfigKeys (ConfUtils.java:logGet(46)) - raft.server.log.queue.byte-limit = 64MB (=67108864) (default)
2023-02-28 04:33:12,617 [omNode-2-impl-thread1] INFO  server.RaftServerConfigKeys (ConfUtils.java:logGet(46)) - raft.server.log.queue.element-limit = 4096 (default)
2023-02-28 04:33:12,617 [omNode-2-impl-thread1] INFO  server.RaftServerConfigKeys (ConfUtils.java:logGet(46)) - raft.server.log.segment.size.max = 4194304 (custom)
2023-02-28 04:33:12,617 [omNode-2-impl-thread1] INFO  server.RaftServerConfigKeys (ConfUtils.java:logGet(46)) - raft.server.log.preallocated.size = 4194304 (custom)
2023-02-28 04:33:12,617 [omNode-2-impl-thread1] INFO  server.RaftServerConfigKeys (ConfUtils.java:logGet(46)) - raft.server.log.force.sync.num = 128 (default)
2023-02-28 04:33:12,617 [omNode-2-impl-thread1] INFO  server.RaftServerConfigKeys (ConfUtils.java:logGet(46)) - raft.server.log.statemachine.data.sync = true (default)
2023-02-28 04:33:12,617 [omNode-2-impl-thread1] INFO  server.RaftServerConfigKeys (ConfUtils.java:logGet(46)) - raft.server.log.statemachine.data.sync.timeout = 10s (default)
2023-02-28 04:33:12,617 [omNode-2-impl-thread1] INFO  server.RaftServerConfigKeys (ConfUtils.java:logGet(46)) - raft.server.log.statemachine.data.sync.timeout.retry = -1 (default)
2023-02-28 04:33:12,617 [omNode-2-impl-thread1] INFO  server.RaftServerConfigKeys (ConfUtils.java:logGet(46)) - raft.server.log.write.buffer.size = 64KB (=65536) (default)
2023-02-28 04:33:12,617 [omNode-2-impl-thread1] INFO  server.RaftServerConfigKeys (ConfUtils.java:logGet(46)) - raft.server.log.appender.buffer.byte-limit = 33554432 (custom)
2023-02-28 04:33:12,620 [omNode-2-impl-thread1] INFO  server.RaftServerConfigKeys (ConfUtils.java:logGet(46)) - raft.server.log.unsafe-flush.enabled = false (default)
2023-02-28 04:33:12,621 [omNode-2-impl-thread1] INFO  server.RaftServerConfigKeys (ConfUtils.java:logGet(46)) - raft.server.log.async-flush.enabled = false (default)
2023-02-28 04:33:12,621 [omNode-2-impl-thread1] INFO  server.RaftServerConfigKeys (ConfUtils.java:logGet(46)) - raft.server.log.statemachine.data.caching.enabled = false (default)
2023-02-28 04:33:12,621 [omNode-2-impl-thread1] INFO  segmented.SegmentedRaftLogWorker (SegmentedRaftLogWorker.java:lambda$new$0(135)) - omNode-2@group-523986131536-SegmentedRaftLogWorker: flushIndex: setUnconditionally 0 -> -1
2023-02-28 04:33:12,621 [omNode-2-impl-thread1] INFO  segmented.SegmentedRaftLogWorker (SegmentedRaftLogWorker.java:lambda$new$0(135)) - omNode-2@group-523986131536-SegmentedRaftLogWorker: safeCacheEvictIndex: setUnconditionally 0 -> -1
2023-02-28 04:33:12,621 [omNode-2-impl-thread1] INFO  server.RaftServer$Division (RaftServerImpl.java:start(334)) - omNode-2@group-523986131536: start as a follower, conf=-1: peers:[omNode-3|rpc:localhost:45779|priority:0|startupRole:FOLLOWER, omNode-1|rpc:localhost:43909|priority:0|startupRole:FOLLOWER, omNode-2|rpc:localhost:43475|priority:0|startupRole:FOLLOWER]|listeners:[], old=null
2023-02-28 04:33:12,621 [omNode-2-impl-thread1] INFO  server.RaftServer$Division (RaftServerImpl.java:setRole(321)) - omNode-2@group-523986131536: changes role from      null to FOLLOWER at term 0 for startAsFollower
2023-02-28 04:33:12,622 [omNode-2-impl-thread1] INFO  impl.RoleInfo (RoleInfo.java:updateAndGet(139)) - omNode-2: start omNode-2@group-523986131536-FollowerState
2023-02-28 04:33:12,622 [omNode-2-impl-thread1] INFO  util.JmxRegister (JmxRegister.java:tryRegister(44)) - Successfully registered JMX Bean with object name Ratis:service=RaftServer,group=group-523986131536,id=omNode-2
2023-02-28 04:33:12,622 [omNode-2-impl-thread1] INFO  server.RaftServerConfigKeys (ConfUtils.java:logGet(46)) - raft.server.snapshot.auto.trigger.enabled = true (custom)
2023-02-28 04:33:12,622 [omNode-2-impl-thread1] INFO  server.RaftServerConfigKeys (ConfUtils.java:logGet(46)) - raft.server.snapshot.auto.trigger.threshold = 400000 (default)
2023-02-28 04:33:12,622 [omNode-2-impl-thread1] INFO  server.RaftServerConfigKeys (ConfUtils.java:logGet(46)) - raft.server.snapshot.retention.file.num = -1 (default)
2023-02-28 04:33:12,622 [omNode-2-impl-thread1] INFO  server.RaftServerConfigKeys (ConfUtils.java:logGet(46)) - raft.server.log.purge.upto.snapshot.index = true (custom)
2023-02-28 04:33:12,623 [omNode-2@group-523986131536-FollowerState] INFO  server.RaftServerConfigKeys (ConfUtils.java:logFallback(53)) - raft.server.rpc.first-election.timeout.min = 1s (fallback to raft.server.rpc.timeout.min)
2023-02-28 04:33:12,623 [omNode-2@group-523986131536-FollowerState] INFO  server.RaftServerConfigKeys (ConfUtils.java:logFallback(53)) - raft.server.rpc.first-election.timeout.max = 1200ms (fallback to raft.server.rpc.timeout.max)
2023-02-28 04:33:12,626 [Listener at 127.0.0.1/46181] INFO  server.RaftServer (RaftServerProxy.java:startImpl(393)) - omNode-2: start RPC server
2023-02-28 04:33:12,629 [Listener at 127.0.0.1/46181] INFO  server.GrpcService (GrpcService.java:startImpl(262)) - omNode-2: GrpcService started, listening on 43475
2023-02-28 04:33:12,629 [Listener at 127.0.0.1/46181] INFO  om.OzoneManager (OzoneManager.java:start(1567)) - Version File has different layout version (3) than OM DB (null). That is expected if this OM has never been finalized to a newer layout version.
2023-02-28 04:33:12,629 [JvmPauseMonitor7] INFO  util.JvmPauseMonitor (JvmPauseMonitor.java:run(105)) - JvmPauseMonitor-omNode-2: Started
2023-02-28 04:33:12,641 [Listener at 127.0.0.1/46181] INFO  http.BaseHttpServer (BaseHttpServer.java:newHttpServer2BuilderForOzone(213)) - Starting Web-server for ozoneManager at: http://0.0.0.0:42569
2023-02-28 04:33:12,641 [Listener at 127.0.0.1/46181] INFO  http.BaseHttpServer (BaseHttpServer.java:<init>(108)) - Hadoop Security Enabled: false Ozone Security Enabled: false Ozone HTTP Security Enabled: false 
2023-02-28 04:33:12,643 [Listener at 127.0.0.1/46181] WARN  server.AuthenticationFilter (AuthenticationFilter.java:constructSecretProvider(240)) - Unable to initialize FileSignerSecretProvider, falling back to use random secrets. Reason: Could not read signature secret file: /home/runner/hadoop-http-auth-signature-secret
2023-02-28 04:33:12,643 [Listener at 127.0.0.1/46181] WARN  http.HttpRequestLog (HttpRequestLog.java:getRequestLog(103)) - Jetty request log can only be enabled using Log4j
2023-02-28 04:33:12,645 [Listener at 127.0.0.1/46181] INFO  http.HttpServer2 (HttpServer2.java:addGlobalFilter(1031)) - Added global filter 'safety' (class=org.apache.hadoop.hdds.server.http.HttpServer2$QuotingInputFilter)
2023-02-28 04:33:12,645 [Listener at 127.0.0.1/46181] INFO  http.HttpServer2 (HttpServer2.java:addFilter(1007)) - Added filter static_user_filter (class=org.apache.hadoop.http.lib.StaticUserWebFilter$StaticUserFilter) to context ozoneManager
2023-02-28 04:33:12,645 [Listener at 127.0.0.1/46181] INFO  http.HttpServer2 (HttpServer2.java:addFilter(1015)) - Added filter static_user_filter (class=org.apache.hadoop.http.lib.StaticUserWebFilter$StaticUserFilter) to context logs
2023-02-28 04:33:12,645 [Listener at 127.0.0.1/46181] INFO  http.HttpServer2 (HttpServer2.java:addFilter(1015)) - Added filter static_user_filter (class=org.apache.hadoop.http.lib.StaticUserWebFilter$StaticUserFilter) to context static
2023-02-28 04:33:12,646 [Listener at 127.0.0.1/46181] INFO  http.HttpServer2 (HttpServer2.java:bindListener(1250)) - Jetty bound to port 42569
2023-02-28 04:33:12,646 [Listener at 127.0.0.1/46181] INFO  server.Server (Server.java:doStart(375)) - jetty-9.4.49.v20220914; built: 2022-09-14T01:07:36.601Z; git: 4231a3b2e4cb8548a412a789936d640a97b1aa0a; jvm 1.8.0_362-b09
2023-02-28 04:33:12,647 [Listener at 127.0.0.1/46181] INFO  server.session (DefaultSessionIdManager.java:doStart(334)) - DefaultSessionIdManager workerName=node0
2023-02-28 04:33:12,647 [Listener at 127.0.0.1/46181] INFO  server.session (DefaultSessionIdManager.java:doStart(339)) - No SessionScavenger set, using defaults
2023-02-28 04:33:12,647 [Listener at 127.0.0.1/46181] INFO  server.session (HouseKeeper.java:startScavenging(132)) - node0 Scavenging every 600000ms
2023-02-28 04:33:12,649 [Listener at 127.0.0.1/46181] INFO  handler.ContextHandler (ContextHandler.java:doStart(921)) - Started o.e.j.s.ServletContextHandler@76226519{logs,/logs,file:///home/runner/work/ozone/ozone/hadoop-ozone/integration-test/target/log,AVAILABLE}
2023-02-28 04:33:12,649 [Listener at 127.0.0.1/46181] INFO  handler.ContextHandler (ContextHandler.java:doStart(921)) - Started o.e.j.s.ServletContextHandler@4afe8f90{static,/static,file:///home/runner/work/ozone/ozone/hadoop-ozone/integration-test/target/test-classes/webapps/static,AVAILABLE}
2023-02-28 04:33:12,652 [Listener at 127.0.0.1/46181] INFO  handler.ContextHandler (ContextHandler.java:doStart(921)) - Started o.e.j.w.WebAppContext@539c20ed{ozoneManager,/,file:///home/runner/work/ozone/ozone/hadoop-ozone/integration-test/target/test-classes/webapps/ozoneManager/,AVAILABLE}{file:/home/runner/work/ozone/ozone/hadoop-ozone/integration-test/target/test-classes/webapps/ozoneManager}
2023-02-28 04:33:12,653 [Listener at 127.0.0.1/46181] INFO  server.AbstractConnector (AbstractConnector.java:doStart(333)) - Started ServerConnector@128746ba{HTTP/1.1, (http/1.1)}{0.0.0.0:42569}
2023-02-28 04:33:12,653 [Listener at 127.0.0.1/46181] INFO  server.Server (Server.java:doStart(415)) - Started @65830ms
2023-02-28 04:33:12,653 [Listener at 127.0.0.1/46181] WARN  impl.MetricsSystemImpl (MetricsSystemImpl.java:register(279)) - Sink prometheus already exists!
2023-02-28 04:33:12,654 [Listener at 127.0.0.1/46181] INFO  http.BaseHttpServer (BaseHttpServer.java:updateConnectorAddress(333)) - HTTP server of ozoneManager listening at http://0.0.0.0:42569
2023-02-28 04:33:12,656 [IPC Server Responder] INFO  ipc.Server (Server.java:run(1512)) - IPC Server Responder: starting
2023-02-28 04:33:12,656 [IPC Server listener on 46181] INFO  ipc.Server (Server.java:run(1352)) - IPC Server listener on 46181: starting
2023-02-28 04:33:12,664 [Listener at 127.0.0.1/46181] INFO  om.OzoneManager (OzoneManager.java:startTrashEmptier(2038)) - Trash Interval set to 0. Files deleted won't move to trash
2023-02-28 04:33:12,664 [Listener at 127.0.0.1/46181] INFO  ozone.MiniOzoneHAClusterImpl (MiniOzoneHAClusterImpl.java:createOMService(527)) - Started OzoneManager omNode-2 RPC server at localhost/127.0.0.1:46181
2023-02-28 04:33:12,665 [Listener at 127.0.0.1/46181] INFO  ha.OMHANodeDetails (OMHANodeDetails.java:loadOMHAConfig(121)) - ServiceID for OzoneManager is om-service-test1
2023-02-28 04:33:12,665 [org.apache.hadoop.util.JvmPauseMonitor$Monitor@6fa2a253] INFO  util.JvmPauseMonitor (JvmPauseMonitor.java:run(188)) - Starting JVM pause monitor
2023-02-28 04:33:12,665 [Listener at 127.0.0.1/46181] INFO  ha.OMHANodeDetails (OMHANodeDetails.java:loadOMHAConfig(201)) - Found matching OM address with OMServiceId: om-service-test1, OMNodeId: omNode-3, RPC Address: localhost:41931 and Ratis port: 45779
2023-02-28 04:33:12,665 [Listener at 127.0.0.1/46181] INFO  ha.OMHANodeDetails (ConfUtils.java:setNodeSpecificConfigs(97)) - Setting configuration key ozone.om.http-address with value of key ozone.om.http-address.om-service-test1.omNode-3: 127.0.0.1:38551
2023-02-28 04:33:12,665 [Listener at 127.0.0.1/46181] INFO  ha.OMHANodeDetails (ConfUtils.java:setNodeSpecificConfigs(97)) - Setting configuration key ozone.om.https-address with value of key ozone.om.https-address.om-service-test1.omNode-3: 127.0.0.1:39229
2023-02-28 04:33:12,665 [Listener at 127.0.0.1/46181] INFO  ha.OMHANodeDetails (ConfUtils.java:setNodeSpecificConfigs(97)) - Setting configuration key ozone.om.address with value of key ozone.om.address.om-service-test1.omNode-3: 127.0.0.1:41931
2023-02-28 04:33:12,666 [Listener at 127.0.0.1/46181] WARN  server.ServerUtils (ServerUtils.java:getDBPath(225)) - ozone.om.db.dirs is not configured. We recommend adding this setting. Falling back to ozone.metadata.dirs instead.
2023-02-28 04:33:12,667 [Listener at 127.0.0.1/46181] INFO  proxy.SCMBlockLocationFailoverProxyProvider (SCMBlockLocationFailoverProxyProvider.java:<init>(114)) - Created block location fail-over proxy with 1 nodes: [nodeId=scmNodeId,nodeAddress=/0.0.0.0:35615]
OM initialization succeeded.Current cluster id for sd=/home/runner/work/ozone/ozone/hadoop-ozone/integration-test/target/test-dir/MiniOzoneClusterImpl-2052965b-440d-4b09-b4b3-db311f243d80/omNode-3/om;cid=2052965b-440d-4b09-b4b3-db311f243d80;layoutVersion=3
2023-02-28 04:33:12,677 [Listener at 127.0.0.1/46181] INFO  ha.OMHANodeDetails (OMHANodeDetails.java:loadOMHAConfig(121)) - ServiceID for OzoneManager is om-service-test1
2023-02-28 04:33:12,677 [Listener at 127.0.0.1/46181] INFO  ha.OMHANodeDetails (OMHANodeDetails.java:loadOMHAConfig(201)) - Found matching OM address with OMServiceId: om-service-test1, OMNodeId: omNode-3, RPC Address: localhost:41931 and Ratis port: 45779
2023-02-28 04:33:12,678 [Listener at 127.0.0.1/46181] INFO  ha.OMHANodeDetails (ConfUtils.java:setNodeSpecificConfigs(97)) - Setting configuration key ozone.om.http-address with value of key ozone.om.http-address.om-service-test1.omNode-3: 127.0.0.1:38551
2023-02-28 04:33:12,678 [Listener at 127.0.0.1/46181] INFO  ha.OMHANodeDetails (ConfUtils.java:setNodeSpecificConfigs(97)) - Setting configuration key ozone.om.https-address with value of key ozone.om.https-address.om-service-test1.omNode-3: 127.0.0.1:39229
2023-02-28 04:33:12,678 [Listener at 127.0.0.1/46181] INFO  ha.OMHANodeDetails (ConfUtils.java:setNodeSpecificConfigs(97)) - Setting configuration key ozone.om.address with value of key ozone.om.address.om-service-test1.omNode-3: 127.0.0.1:41931
2023-02-28 04:33:12,678 [Listener at 127.0.0.1/46181] WARN  server.ServerUtils (ServerUtils.java:getDBPath(225)) - ozone.om.db.dirs is not configured. We recommend adding this setting. Falling back to ozone.metadata.dirs instead.
2023-02-28 04:33:12,679 [Listener at 127.0.0.1/46181] INFO  upgrade.AbstractLayoutVersionManager (AbstractLayoutVersionManager.java:init(83)) - Initializing Layout version manager with metadata layout = MULTITENANCY_SCHEMA (version = 3), software layout = MULTITENANCY_SCHEMA (version = 3)
2023-02-28 04:33:12,696 [omNode-1@group-523986131536-FollowerState] INFO  impl.FollowerState (FollowerState.java:run(143)) - omNode-1@group-523986131536-FollowerState: change to CANDIDATE, lastRpcElapsedTime:1149195224ns, electionTimeout:1146ms
2023-02-28 04:33:12,696 [omNode-1@group-523986131536-FollowerState] INFO  impl.RoleInfo (RoleInfo.java:shutdownFollowerState(110)) - omNode-1: shutdown omNode-1@group-523986131536-FollowerState
2023-02-28 04:33:12,696 [omNode-1@group-523986131536-FollowerState] INFO  server.RaftServer$Division (RaftServerImpl.java:setRole(321)) - omNode-1@group-523986131536: changes role from  FOLLOWER to CANDIDATE at term 0 for changeToCandidate
2023-02-28 04:33:12,696 [omNode-1@group-523986131536-FollowerState] INFO  server.RaftServerConfigKeys (ConfUtils.java:logGet(46)) - raft.server.leaderelection.pre-vote = true (default)
2023-02-28 04:33:12,696 [omNode-1@group-523986131536-FollowerState] INFO  impl.RoleInfo (RoleInfo.java:updateAndGet(139)) - omNode-1: start omNode-1@group-523986131536-LeaderElection8
2023-02-28 04:33:12,703 [omNode-1@group-523986131536-LeaderElection8] INFO  impl.LeaderElection (LeaderElection.java:askForVotes(312)) - omNode-1@group-523986131536-LeaderElection8 PRE_VOTE round 0: submit vote requests at term 0 for -1: peers:[omNode-3|rpc:localhost:45779|priority:0|startupRole:FOLLOWER, omNode-1|rpc:localhost:43909|priority:0|startupRole:FOLLOWER, omNode-2|rpc:localhost:43475|priority:0|startupRole:FOLLOWER]|listeners:[], old=null
2023-02-28 04:33:12,704 [omNode-1@group-523986131536-LeaderElection8-1] INFO  server.GrpcServerProtocolClient (GrpcServerProtocolClient.java:<init>(63)) - Build channel for omNode-3
2023-02-28 04:33:12,708 [omNode-1@group-523986131536-LeaderElection8] INFO  server.RaftServerConfigKeys (ConfUtils.java:logFallback(53)) - raft.server.rpc.first-election.timeout.min = 1s (fallback to raft.server.rpc.timeout.min)
2023-02-28 04:33:12,708 [omNode-1@group-523986131536-LeaderElection8] INFO  server.RaftServerConfigKeys (ConfUtils.java:logFallback(53)) - raft.server.rpc.first-election.timeout.max = 1200ms (fallback to raft.server.rpc.timeout.max)
2023-02-28 04:33:12,712 [omNode-1@group-523986131536-LeaderElection8] INFO  impl.LeaderElection (LogUtils.java:infoOrTrace(137)) - omNode-1@group-523986131536-LeaderElection8 got exception when requesting votes: java.util.concurrent.ExecutionException: org.apache.ratis.thirdparty.io.grpc.StatusRuntimeException: UNAVAILABLE: io exception
2023-02-28 04:33:12,713 [omNode-1@group-523986131536-LeaderElection8-2] INFO  server.GrpcServerProtocolClient (GrpcServerProtocolClient.java:<init>(63)) - Build channel for omNode-2
2023-02-28 04:33:12,741 [grpc-default-executor-5] INFO  server.RaftServer$Division (RaftServerImpl.java:requestVote(1218)) - omNode-2@group-523986131536: receive requestVote(PRE_VOTE, omNode-1, group-523986131536, 0, (t:0, i:~))
2023-02-28 04:33:12,741 [grpc-default-executor-5] INFO  impl.VoteContext (VoteContext.java:log(49)) - omNode-2@group-523986131536-FOLLOWER: accept PRE_VOTE from omNode-1: our priority 0 <= candidate's priority 0
2023-02-28 04:33:12,741 [grpc-default-executor-5] INFO  server.RaftServer$Division (RaftServerImpl.java:requestVote(1251)) - omNode-2@group-523986131536 replies to PRE_VOTE vote request: omNode-1<-omNode-2#0:OK-t0. Peer's state: omNode-2@group-523986131536:t0, leader=null, voted=, raftlog=Memoized:omNode-2@group-523986131536-SegmentedRaftLog:OPENED:c-1, conf=-1: peers:[omNode-3|rpc:localhost:45779|priority:0|startupRole:FOLLOWER, omNode-1|rpc:localhost:43909|priority:0|startupRole:FOLLOWER, omNode-2|rpc:localhost:43475|priority:0|startupRole:FOLLOWER]|listeners:[], old=null
2023-02-28 04:33:12,747 [omNode-1@group-523986131536-LeaderElection8] INFO  impl.LeaderElection (LeaderElection.java:logAndReturn(90)) - omNode-1@group-523986131536-LeaderElection8: PRE_VOTE PASSED received 1 response(s) and 1 exception(s):
2023-02-28 04:33:12,747 [omNode-1@group-523986131536-LeaderElection8] INFO  impl.LeaderElection (LeaderElection.java:logAndReturn(94)) -   Response 0: omNode-1<-omNode-2#0:OK-t0
2023-02-28 04:33:12,747 [omNode-1@group-523986131536-LeaderElection8] INFO  impl.LeaderElection (LogUtils.java:infoOrTrace(137)) -   Exception 1: java.util.concurrent.ExecutionException: org.apache.ratis.thirdparty.io.grpc.StatusRuntimeException: UNAVAILABLE: io exception
2023-02-28 04:33:12,747 [omNode-1@group-523986131536-LeaderElection8] INFO  impl.LeaderElection (LeaderElection.java:askForVotes(314)) - omNode-1@group-523986131536-LeaderElection8 PRE_VOTE round 0: result PASSED
2023-02-28 04:33:12,749 [omNode-1@group-523986131536-LeaderElection8] INFO  impl.LeaderElection (LeaderElection.java:askForVotes(312)) - omNode-1@group-523986131536-LeaderElection8 ELECTION round 0: submit vote requests at term 1 for -1: peers:[omNode-3|rpc:localhost:45779|priority:0|startupRole:FOLLOWER, omNode-1|rpc:localhost:43909|priority:0|startupRole:FOLLOWER, omNode-2|rpc:localhost:43475|priority:0|startupRole:FOLLOWER]|listeners:[], old=null
2023-02-28 04:33:12,753 [omNode-1@group-523986131536-LeaderElection8] INFO  server.RaftServerConfigKeys (ConfUtils.java:logFallback(53)) - raft.server.rpc.first-election.timeout.min = 1s (fallback to raft.server.rpc.timeout.min)
2023-02-28 04:33:12,753 [omNode-1@group-523986131536-LeaderElection8] INFO  server.RaftServerConfigKeys (ConfUtils.java:logFallback(53)) - raft.server.rpc.first-election.timeout.max = 1200ms (fallback to raft.server.rpc.timeout.max)
2023-02-28 04:33:12,754 [omNode-1@group-523986131536-LeaderElection8] INFO  impl.LeaderElection (LogUtils.java:infoOrTrace(137)) - omNode-1@group-523986131536-LeaderElection8 got exception when requesting votes: java.util.concurrent.ExecutionException: org.apache.ratis.thirdparty.io.grpc.StatusRuntimeException: UNAVAILABLE: io exception
2023-02-28 04:33:12,757 [grpc-default-executor-5] INFO  server.RaftServer$Division (RaftServerImpl.java:requestVote(1218)) - omNode-2@group-523986131536: receive requestVote(ELECTION, omNode-1, group-523986131536, 1, (t:0, i:~))
2023-02-28 04:33:12,758 [grpc-default-executor-5] INFO  impl.VoteContext (VoteContext.java:log(49)) - omNode-2@group-523986131536-FOLLOWER: accept ELECTION from omNode-1: our priority 0 <= candidate's priority 0
2023-02-28 04:33:12,758 [grpc-default-executor-5] INFO  server.RaftServer$Division (RaftServerImpl.java:setRole(321)) - omNode-2@group-523986131536: changes role from  FOLLOWER to FOLLOWER at term 1 for candidate:omNode-1
2023-02-28 04:33:12,758 [grpc-default-executor-5] INFO  impl.RoleInfo (RoleInfo.java:shutdownFollowerState(110)) - omNode-2: shutdown omNode-2@group-523986131536-FollowerState
2023-02-28 04:33:12,758 [grpc-default-executor-5] INFO  impl.RoleInfo (RoleInfo.java:updateAndGet(139)) - omNode-2: start omNode-2@group-523986131536-FollowerState
2023-02-28 04:33:12,758 [omNode-2@group-523986131536-FollowerState] INFO  impl.FollowerState (FollowerState.java:run(152)) - omNode-2@group-523986131536-FollowerState was interrupted
2023-02-28 04:33:12,759 [omNode-2@group-523986131536-FollowerState] INFO  server.RaftServerConfigKeys (ConfUtils.java:logFallback(53)) - raft.server.rpc.first-election.timeout.min = 1s (fallback to raft.server.rpc.timeout.min)
2023-02-28 04:33:12,759 [omNode-2@group-523986131536-FollowerState] INFO  server.RaftServerConfigKeys (ConfUtils.java:logFallback(53)) - raft.server.rpc.first-election.timeout.max = 1200ms (fallback to raft.server.rpc.timeout.max)
2023-02-28 04:33:12,760 [grpc-default-executor-5] INFO  server.RaftServer$Division (RaftServerImpl.java:requestVote(1251)) - omNode-2@group-523986131536 replies to ELECTION vote request: omNode-1<-omNode-2#0:OK-t1. Peer's state: omNode-2@group-523986131536:t1, leader=null, voted=omNode-1, raftlog=Memoized:omNode-2@group-523986131536-SegmentedRaftLog:OPENED:c-1, conf=-1: peers:[omNode-3|rpc:localhost:45779|priority:0|startupRole:FOLLOWER, omNode-1|rpc:localhost:43909|priority:0|startupRole:FOLLOWER, omNode-2|rpc:localhost:43475|priority:0|startupRole:FOLLOWER]|listeners:[], old=null
2023-02-28 04:33:12,762 [omNode-1@group-523986131536-LeaderElection8] INFO  impl.LeaderElection (LeaderElection.java:logAndReturn(90)) - omNode-1@group-523986131536-LeaderElection8: ELECTION PASSED received 1 response(s) and 1 exception(s):
2023-02-28 04:33:12,762 [omNode-1@group-523986131536-LeaderElection8] INFO  impl.LeaderElection (LeaderElection.java:logAndReturn(94)) -   Response 0: omNode-1<-omNode-2#0:OK-t1
2023-02-28 04:33:12,762 [omNode-1@group-523986131536-LeaderElection8] INFO  impl.LeaderElection (LogUtils.java:infoOrTrace(137)) -   Exception 1: java.util.concurrent.ExecutionException: org.apache.ratis.thirdparty.io.grpc.StatusRuntimeException: UNAVAILABLE: io exception
2023-02-28 04:33:12,763 [omNode-1@group-523986131536-LeaderElection8] INFO  impl.LeaderElection (LeaderElection.java:askForVotes(314)) - omNode-1@group-523986131536-LeaderElection8 ELECTION round 0: result PASSED
2023-02-28 04:33:12,763 [omNode-1@group-523986131536-LeaderElection8] INFO  impl.RoleInfo (RoleInfo.java:shutdownLeaderElection(130)) - omNode-1: shutdown omNode-1@group-523986131536-LeaderElection8
2023-02-28 04:33:12,763 [omNode-1@group-523986131536-LeaderElection8] INFO  server.RaftServer$Division (RaftServerImpl.java:setRole(321)) - omNode-1@group-523986131536: changes role from CANDIDATE to LEADER at term 1 for changeToLeader
2023-02-28 04:33:12,763 [omNode-1@group-523986131536-LeaderElection8] INFO  server.RaftServer$Division (ServerState.java:setLeader(313)) - omNode-1@group-523986131536: change Leader from null to omNode-1 at term 1 for becomeLeader, leader elected after 1547ms
2023-02-28 04:33:12,763 [omNode-1@group-523986131536-LeaderElection8] INFO  server.RaftServerConfigKeys (ConfUtils.java:logGet(46)) - raft.server.staging.catchup.gap = 1000 (default)
2023-02-28 04:33:12,763 [omNode-1@group-523986131536-LeaderElection8] INFO  server.RaftServerConfigKeys (ConfUtils.java:logGet(46)) - raft.server.write.element-limit = 4096 (default)
2023-02-28 04:33:12,763 [omNode-1@group-523986131536-LeaderElection8] INFO  server.RaftServerConfigKeys (ConfUtils.java:logGet(46)) - raft.server.write.byte-limit = 64MB (=67108864) (default)
2023-02-28 04:33:12,763 [omNode-1@group-523986131536-LeaderElection8] INFO  server.RaftServerConfigKeys (ConfUtils.java:logGet(46)) - raft.server.watch.timeout = 10s (default)
2023-02-28 04:33:12,763 [omNode-1@group-523986131536-LeaderElection8] INFO  server.RaftServerConfigKeys (ConfUtils.java:logGet(46)) - raft.server.watch.timeout.denomination = 1s (default)
2023-02-28 04:33:12,763 [omNode-1@group-523986131536-LeaderElection8] INFO  server.RaftServerConfigKeys (ConfUtils.java:logGet(46)) - raft.server.watch.element-limit = 65536 (default)
2023-02-28 04:33:12,763 [omNode-1@group-523986131536-LeaderElection8] INFO  server.RaftServerConfigKeys (ConfUtils.java:logGet(46)) - raft.server.write.element-limit = 4096 (default)
2023-02-28 04:33:12,763 [omNode-1@group-523986131536-LeaderElection8] INFO  server.RaftServerConfigKeys (ConfUtils.java:logGet(46)) - raft.server.write.follower.gap.ratio.max = -1.0 (default)
2023-02-28 04:33:12,764 [omNode-1@group-523986131536-LeaderElection8] INFO  server.RaftServerConfigKeys (ConfUtils.java:logGet(46)) - raft.server.log.appender.snapshot.chunk.size.max = 16MB (=16777216) (default)
2023-02-28 04:33:12,764 [omNode-1@group-523986131536-LeaderElection8] INFO  server.RaftServerConfigKeys (ConfUtils.java:logGet(46)) - raft.server.log.appender.buffer.byte-limit = 33554432 (custom)
2023-02-28 04:33:12,764 [omNode-1@group-523986131536-LeaderElection8] INFO  server.RaftServerConfigKeys (ConfUtils.java:logGet(46)) - raft.server.log.appender.buffer.element-limit = 1024 (custom)
2023-02-28 04:33:12,764 [omNode-1@group-523986131536-LeaderElection8] INFO  grpc.GrpcConfigKeys (ConfUtils.java:logGet(46)) - raft.grpc.server.leader.outstanding.appends.max = 128 (default)
2023-02-28 04:33:12,764 [omNode-1@group-523986131536-LeaderElection8] INFO  server.RaftServerConfigKeys (ConfUtils.java:logGet(46)) - raft.server.rpc.request.timeout = 3000ms (default)
2023-02-28 04:33:12,764 [omNode-1@group-523986131536-LeaderElection8] INFO  server.RaftServerConfigKeys (ConfUtils.java:logGet(46)) - raft.server.log.appender.install.snapshot.enabled = false (custom)
2023-02-28 04:33:12,764 [omNode-1@group-523986131536-LeaderElection8] INFO  grpc.GrpcConfigKeys (ConfUtils.java:logGet(46)) - raft.grpc.server.heartbeat.channel = true (default)
2023-02-28 04:33:12,764 [omNode-1@group-523986131536-LeaderElection8] INFO  server.RaftServerConfigKeys (ConfUtils.java:logGet(46)) - raft.server.log.appender.wait-time.min = 10ms (default)
2023-02-28 04:33:12,764 [omNode-1@group-523986131536-LeaderElection8] INFO  server.RaftServerConfigKeys (ConfUtils.java:logGet(46)) - raft.server.log.appender.snapshot.chunk.size.max = 16MB (=16777216) (default)
2023-02-28 04:33:12,764 [omNode-1@group-523986131536-LeaderElection8] INFO  server.RaftServerConfigKeys (ConfUtils.java:logGet(46)) - raft.server.log.appender.buffer.byte-limit = 33554432 (custom)
2023-02-28 04:33:12,764 [omNode-1@group-523986131536-LeaderElection8] INFO  server.RaftServerConfigKeys (ConfUtils.java:logGet(46)) - raft.server.log.appender.buffer.element-limit = 1024 (custom)
2023-02-28 04:33:12,764 [omNode-1@group-523986131536-LeaderElection8] INFO  grpc.GrpcConfigKeys (ConfUtils.java:logGet(46)) - raft.grpc.server.leader.outstanding.appends.max = 128 (default)
2023-02-28 04:33:12,764 [omNode-1@group-523986131536-LeaderElection8] INFO  server.RaftServerConfigKeys (ConfUtils.java:logGet(46)) - raft.server.rpc.request.timeout = 3000ms (default)
2023-02-28 04:33:12,764 [omNode-1@group-523986131536-LeaderElection8] INFO  server.RaftServerConfigKeys (ConfUtils.java:logGet(46)) - raft.server.log.appender.install.snapshot.enabled = false (custom)
2023-02-28 04:33:12,764 [omNode-1@group-523986131536-LeaderElection8] INFO  grpc.GrpcConfigKeys (ConfUtils.java:logGet(46)) - raft.grpc.server.heartbeat.channel = true (default)
2023-02-28 04:33:12,765 [omNode-1@group-523986131536-LeaderElection8] INFO  server.RaftServerConfigKeys (ConfUtils.java:logGet(46)) - raft.server.log.appender.wait-time.min = 10ms (default)
2023-02-28 04:33:12,765 [omNode-1@group-523986131536-LeaderElection8] INFO  impl.RoleInfo (RoleInfo.java:updateAndGet(139)) - omNode-1: start omNode-1@group-523986131536-LeaderStateImpl
2023-02-28 04:33:12,765 [omNode-1@group-523986131536-LeaderElection8] INFO  segmented.SegmentedRaftLogWorker (SegmentedRaftLogWorker.java:startLogSegment(452)) - omNode-1@group-523986131536-SegmentedRaftLogWorker: Starting segment from index:0
2023-02-28 04:33:12,771 [grpc-default-executor-5] WARN  server.GrpcLogAppender (LogUtils.java:warn(122)) - omNode-1@group-523986131536->omNode-3-AppendLogResponseHandler: Failed appendEntries: org.apache.ratis.thirdparty.io.grpc.StatusRuntimeException: UNAVAILABLE: io exception
2023-02-28 04:33:12,782 [grpc-default-executor-5] WARN  server.GrpcLogAppender (GrpcLogAppender.java:resetClient(131)) - omNode-1@group-523986131536->omNode-3-GrpcLogAppender: Leader has not got in touch with Follower omNode-1@group-523986131536->omNode-3(c-1,m0,n0, attendVote=true, lastRpcSendTime=4, lastRpcResponseTime=1218) yet, just keep nextIndex unchanged and retry.
2023-02-28 04:33:12,777 [grpc-default-executor-2] WARN  server.GrpcLogAppender (LogUtils.java:warn(122)) - omNode-1@group-523986131536->omNode-3-AppendLogResponseHandler: Failed appendEntries: org.apache.ratis.thirdparty.io.grpc.StatusRuntimeException: UNAVAILABLE: io exception
2023-02-28 04:33:12,782 [grpc-default-executor-2] WARN  server.GrpcLogAppender (GrpcLogAppender.java:resetClient(131)) - omNode-1@group-523986131536->omNode-3-GrpcLogAppender: Leader has not got in touch with Follower omNode-1@group-523986131536->omNode-3(c-1,m0,n0, attendVote=true, lastRpcSendTime=4, lastRpcResponseTime=1219) yet, just keep nextIndex unchanged and retry.
2023-02-28 04:33:12,775 [omNode-1@group-523986131536-SegmentedRaftLogWorker] INFO  segmented.SegmentedRaftLogWorker (SegmentedRaftLogWorker.java:execute(656)) - omNode-1@group-523986131536-SegmentedRaftLogWorker: created new log segment /home/runner/work/ozone/ozone/hadoop-ozone/integration-test/target/test-dir/MiniOzoneClusterImpl-2052965b-440d-4b09-b4b3-db311f243d80/omNode-1/ratis/c9bc4cf4-3bc3-3c60-a66b-523986131536/current/log_inprogress_0
2023-02-28 04:33:12,785 [omNode-1@group-523986131536-LeaderElection8] INFO  server.RaftServer$Division (ServerState.java:setRaftConf(430)) - omNode-1@group-523986131536: set configuration 0: peers:[omNode-3|rpc:localhost:45779|admin:|client:|dataStream:|priority:0|startupRole:FOLLOWER, omNode-1|rpc:localhost:43909|admin:|client:|dataStream:|priority:0|startupRole:FOLLOWER, omNode-2|rpc:localhost:43475|admin:|client:|dataStream:|priority:0|startupRole:FOLLOWER]|listeners:[], old=null
2023-02-28 04:33:12,786 [omNode-1@group-523986131536-StateMachineUpdater] INFO  ratis.OzoneManagerStateMachine (OzoneManagerStateMachine.java:notifyConfigurationChanged(192)) - Received Configuration change notification from Ratis. New Peer list:
[id: "omNode-3"
address: "localhost:45779"
startupRole: FOLLOWER
, id: "omNode-1"
address: "localhost:43909"
startupRole: FOLLOWER
, id: "omNode-2"
address: "localhost:43475"
startupRole: FOLLOWER
]
2023-02-28 04:33:12,788 [grpc-default-executor-2] WARN  server.GrpcLogAppender (LogUtils.java:warn(122)) - omNode-1@group-523986131536->omNode-3-AppendLogResponseHandler: Failed appendEntries: org.apache.ratis.thirdparty.io.grpc.StatusRuntimeException: UNAVAILABLE: io exception
2023-02-28 04:33:12,788 [grpc-default-executor-5] WARN  server.GrpcLogAppender (LogUtils.java:warn(122)) - omNode-1@group-523986131536->omNode-3-AppendLogResponseHandler: Failed appendEntries: org.apache.ratis.thirdparty.io.grpc.StatusRuntimeException: UNAVAILABLE: io exception
2023-02-28 04:33:12,790 [grpc-default-executor-2] WARN  server.GrpcLogAppender (GrpcLogAppender.java:resetClient(131)) - omNode-1@group-523986131536->omNode-3-GrpcLogAppender: Leader has not got in touch with Follower omNode-1@group-523986131536->omNode-3(c-1,m0,n1, attendVote=true, lastRpcSendTime=1, lastRpcResponseTime=1226) yet, just keep nextIndex unchanged and retry.
2023-02-28 04:33:12,791 [grpc-default-executor-5] WARN  server.GrpcLogAppender (GrpcLogAppender.java:resetClient(131)) - omNode-1@group-523986131536->omNode-3-GrpcLogAppender: Leader has not got in touch with Follower omNode-1@group-523986131536->omNode-3(c-1,m0,n1, attendVote=true, lastRpcSendTime=2, lastRpcResponseTime=1227) yet, just keep nextIndex unchanged and retry.
2023-02-28 04:33:12,794 [Listener at 127.0.0.1/46181] INFO  reflections.Reflections (Reflections.java:scan(232)) - Reflections took 113 ms to scan 2 urls, producing 167 keys and 459 values [using 2 cores]
2023-02-28 04:33:12,794 [Listener at 127.0.0.1/46181] INFO  upgrade.OMLayoutVersionManager (OMLayoutVersionManager.java:lambda$0(115)) - Skipping Upgrade Action MockOmUpgradeAction since it has been finalized.
2023-02-28 04:33:12,794 [Listener at 127.0.0.1/46181] WARN  server.ServerUtils (ServerUtils.java:getDBPath(225)) - ozone.om.db.dirs is not configured. We recommend adding this setting. Falling back to ozone.metadata.dirs instead.
2023-02-28 04:33:12,795 [Listener at 127.0.0.1/46181] INFO  proxy.SCMBlockLocationFailoverProxyProvider (SCMBlockLocationFailoverProxyProvider.java:<init>(114)) - Created block location fail-over proxy with 1 nodes: [nodeId=scmNodeId,nodeAddress=/0.0.0.0:35615]
2023-02-28 04:33:12,808 [Listener at 127.0.0.1/46181] INFO  proxy.SCMBlockLocationFailoverProxyProvider (SCMBlockLocationFailoverProxyProvider.java:<init>(114)) - Created block location fail-over proxy with 1 nodes: [nodeId=scmNodeId,nodeAddress=/0.0.0.0:35615]
2023-02-28 04:33:12,809 [omNode-2-server-thread1] INFO  server.RaftServer$Division (ServerState.java:setLeader(313)) - omNode-2@group-523986131536: change Leader from null to omNode-1 at term 1 for appendEntries, leader elected after 910ms
2023-02-28 04:33:12,810 [omNode-2-server-thread2] INFO  server.RaftServer$Division (ServerState.java:setRaftConf(430)) - omNode-2@group-523986131536: set configuration 0: peers:[omNode-3|rpc:localhost:45779|admin:|client:|dataStream:|priority:0|startupRole:FOLLOWER, omNode-1|rpc:localhost:43909|admin:|client:|dataStream:|priority:0|startupRole:FOLLOWER, omNode-2|rpc:localhost:43475|admin:|client:|dataStream:|priority:0|startupRole:FOLLOWER]|listeners:[], old=null
2023-02-28 04:33:12,811 [omNode-2-server-thread2] INFO  segmented.SegmentedRaftLogWorker (SegmentedRaftLogWorker.java:startLogSegment(452)) - omNode-2@group-523986131536-SegmentedRaftLogWorker: Starting segment from index:0
2023-02-28 04:33:12,818 [Listener at 127.0.0.1/46181] INFO  om.OzoneManager (OzoneManager.java:<init>(618)) - OM start with adminUsers: [runner]
2023-02-28 04:33:12,819 [Listener at 127.0.0.1/46181] WARN  server.ServerUtils (ServerUtils.java:getDBPath(225)) - ozone.om.db.dirs is not configured. We recommend adding this setting. Falling back to ozone.metadata.dirs instead.
2023-02-28 04:33:12,820 [Listener at 127.0.0.1/46181] INFO  codec.OmKeyInfoCodec (OmKeyInfoCodec.java:<init>(49)) - OmKeyInfoCodec ignorePipeline = true
2023-02-28 04:33:12,820 [Listener at 127.0.0.1/46181] INFO  codec.RepeatedOmKeyInfoCodec (RepeatedOmKeyInfoCodec.java:<init>(41)) - RepeatedOmKeyInfoCodec ignorePipeline = true
2023-02-28 04:33:12,821 [omNode-2@group-523986131536-SegmentedRaftLogWorker] INFO  segmented.SegmentedRaftLogWorker (SegmentedRaftLogWorker.java:execute(656)) - omNode-2@group-523986131536-SegmentedRaftLogWorker: created new log segment /home/runner/work/ozone/ozone/hadoop-ozone/integration-test/target/test-dir/MiniOzoneClusterImpl-2052965b-440d-4b09-b4b3-db311f243d80/omNode-2/ratis/c9bc4cf4-3bc3-3c60-a66b-523986131536/current/log_inprogress_0
2023-02-28 04:33:12,822 [omNode-2@group-523986131536-StateMachineUpdater] INFO  ratis.OzoneManagerStateMachine (OzoneManagerStateMachine.java:notifyConfigurationChanged(192)) - Received Configuration change notification from Ratis. New Peer list:
[id: "omNode-3"
address: "localhost:45779"
startupRole: FOLLOWER
, id: "omNode-1"
address: "localhost:43909"
startupRole: FOLLOWER
, id: "omNode-2"
address: "localhost:43475"
startupRole: FOLLOWER
]
2023-02-28 04:33:13,028 [grpc-default-executor-2] WARN  server.GrpcLogAppender (LogUtils.java:warn(122)) - omNode-1@group-523986131536->omNode-3-AppendLogResponseHandler: Failed appendEntries: org.apache.ratis.thirdparty.io.grpc.StatusRuntimeException: UNAVAILABLE: io exception
2023-02-28 04:33:13,028 [grpc-default-executor-5] WARN  server.GrpcLogAppender (LogUtils.java:warn(122)) - omNode-1@group-523986131536->omNode-3-AppendLogResponseHandler: Failed appendEntries: org.apache.ratis.thirdparty.io.grpc.StatusRuntimeException: UNAVAILABLE: io exception
2023-02-28 04:33:13,029 [grpc-default-executor-2] WARN  server.GrpcLogAppender (GrpcLogAppender.java:resetClient(131)) - omNode-1@group-523986131536->omNode-3-GrpcLogAppender: Leader has not got in touch with Follower omNode-1@group-523986131536->omNode-3(c-1,m0,n1, attendVote=true, lastRpcSendTime=239, lastRpcResponseTime=1465) yet, just keep nextIndex unchanged and retry.
2023-02-28 04:33:13,029 [grpc-default-executor-5] WARN  server.GrpcLogAppender (GrpcLogAppender.java:resetClient(131)) - omNode-1@group-523986131536->omNode-3-GrpcLogAppender: Leader has not got in touch with Follower omNode-1@group-523986131536->omNode-3(c-1,m0,n1, attendVote=true, lastRpcSendTime=240, lastRpcResponseTime=1465) yet, just keep nextIndex unchanged and retry.
2023-02-28 04:33:13,034 [grpc-default-executor-5] WARN  server.GrpcLogAppender (LogUtils.java:warn(122)) - omNode-1@group-523986131536->omNode-3-AppendLogResponseHandler: Failed appendEntries: org.apache.ratis.thirdparty.io.grpc.StatusRuntimeException: UNAVAILABLE: io exception
2023-02-28 04:33:13,035 [grpc-default-executor-2] WARN  server.GrpcLogAppender (LogUtils.java:warn(122)) - omNode-1@group-523986131536->omNode-3-AppendLogResponseHandler: Failed appendEntries: org.apache.ratis.thirdparty.io.grpc.StatusRuntimeException: UNAVAILABLE: io exception
2023-02-28 04:33:13,037 [grpc-default-executor-5] WARN  server.GrpcLogAppender (GrpcLogAppender.java:resetClient(131)) - omNode-1@group-523986131536->omNode-3-GrpcLogAppender: Leader has not got in touch with Follower omNode-1@group-523986131536->omNode-3(c-1,m0,n1, attendVote=true, lastRpcSendTime=0, lastRpcResponseTime=1473) yet, just keep nextIndex unchanged and retry.
2023-02-28 04:33:13,037 [grpc-default-executor-2] WARN  server.GrpcLogAppender (GrpcLogAppender.java:resetClient(131)) - omNode-1@group-523986131536->omNode-3-GrpcLogAppender: Leader has not got in touch with Follower omNode-1@group-523986131536->omNode-3(c-1,m0,n1, attendVote=true, lastRpcSendTime=0, lastRpcResponseTime=1473) yet, just keep nextIndex unchanged and retry.
2023-02-28 04:33:13,103 [Listener at 127.0.0.1/46181] INFO  om.OzoneManager (OzoneManager.java:instantiateServices(748)) - S3 Multi-Tenancy is disabled
2023-02-28 04:33:13,104 [Listener at 127.0.0.1/46181] WARN  server.ServerUtils (ServerUtils.java:getDBPath(225)) - ozone.om.snapshot.diff.db.dir is not configured. We recommend adding this setting. Falling back to ozone.metadata.dirs instead.
2023-02-28 04:33:13,127 [Listener at 127.0.0.1/46181] INFO  om.OzoneManager (OzoneManager.java:addS3GVolumeToDB(4215)) - Created Volume s3v With Owner runner required for S3Gateway operations.
2023-02-28 04:33:13,128 [Listener at 127.0.0.1/46181] WARN  server.ServerUtils (ServerUtils.java:getDefaultRatisDirectory(237)) - Storage directory for Ratis is not configured. It is a good idea to map this to an SSD disk. Falling back to ozone.metadata.dirs
2023-02-28 04:33:13,128 [Listener at 127.0.0.1/46181] WARN  utils.OzoneManagerRatisUtils (OzoneManagerRatisUtils.java:getOMRatisSnapshotDirectory(436)) - ozone.om.ratis.snapshot.dir is not configured. Falling back to ozone.metadata.dirs config
2023-02-28 04:33:13,128 [Listener at 127.0.0.1/46181] INFO  snapshot.OzoneManagerSnapshotProvider (OzoneManagerSnapshotProvider.java:<init>(76)) - Initializing OM Snapshot Provider
2023-02-28 04:33:13,132 [Listener at 127.0.0.1/46181] WARN  impl.MetricRegistriesImpl (MetricRegistriesImpl.java:addReporterRegistration(111)) - New reporters are added after registries were created. Some metrics will be missing from the reporter. Please add reporter before adding any new registry.
2023-02-28 04:33:13,132 [Listener at 127.0.0.1/46181] WARN  impl.MetricRegistriesImpl (MetricRegistriesImpl.java:addReporterRegistration(111)) - New reporters are added after registries were created. Some metrics will be missing from the reporter. Please add reporter before adding any new registry.
2023-02-28 04:33:13,133 [Listener at 127.0.0.1/46181] WARN  server.ServerUtils (ServerUtils.java:getDefaultRatisDirectory(237)) - Storage directory for Ratis is not configured. It is a good idea to map this to an SSD disk. Falling back to ozone.metadata.dirs
2023-02-28 04:33:13,134 [Listener at 127.0.0.1/46181] INFO  ratis.OzoneManagerRatisServer (OzoneManagerRatisServer.java:<init>(164)) - Instantiating OM Ratis server with groupID: om-service-test1 and peers: localhost:45779, localhost:43909, localhost:43475
2023-02-28 04:33:13,134 [Listener at 127.0.0.1/46181] INFO  ratis.OzoneManagerStateMachine (OzoneManagerStateMachine.java:loadSnapshotInfoFromDB(636)) - LastAppliedIndex is set from TransactionInfo from OM DB as (t:0, i:~)
2023-02-28 04:33:13,138 [Listener at 127.0.0.1/46181] INFO  server.RaftServer (ConfUtils.java:logGet(46)) - raft.rpc.type = GRPC (default)
2023-02-28 04:33:13,139 [Listener at 127.0.0.1/46181] INFO  grpc.GrpcConfigKeys (ConfUtils.java:logFallback(53)) - raft.grpc.admin.host = null (fallback to raft.grpc.server.host)
2023-02-28 04:33:13,139 [Listener at 127.0.0.1/46181] INFO  grpc.GrpcConfigKeys (ConfUtils.java:logFallback(53)) - raft.grpc.admin.port = 45779 (fallback to raft.grpc.server.port)
2023-02-28 04:33:13,139 [Listener at 127.0.0.1/46181] INFO  grpc.GrpcConfigKeys (ConfUtils.java:logFallback(53)) - raft.grpc.client.host = null (fallback to raft.grpc.server.host)
2023-02-28 04:33:13,139 [Listener at 127.0.0.1/46181] INFO  grpc.GrpcConfigKeys (ConfUtils.java:logFallback(53)) - raft.grpc.client.port = 45779 (fallback to raft.grpc.server.port)
2023-02-28 04:33:13,139 [Listener at 127.0.0.1/46181] INFO  grpc.GrpcConfigKeys (ConfUtils.java:logGet(46)) - raft.grpc.server.host = null (default)
2023-02-28 04:33:13,139 [Listener at 127.0.0.1/46181] INFO  grpc.GrpcConfigKeys (ConfUtils.java:logGet(46)) - raft.grpc.server.port = 45779 (custom)
2023-02-28 04:33:13,139 [Listener at 127.0.0.1/46181] INFO  server.GrpcService (ConfUtils.java:logGet(46)) - raft.grpc.message.size.max = 33554432 (custom)
2023-02-28 04:33:13,139 [Listener at 127.0.0.1/46181] INFO  server.RaftServerConfigKeys (ConfUtils.java:logGet(46)) - raft.server.log.appender.buffer.byte-limit = 33554432 (custom)
2023-02-28 04:33:13,139 [Listener at 127.0.0.1/46181] INFO  server.GrpcService (ConfUtils.java:logGet(46)) - raft.grpc.flow.control.window = 1MB (=1048576) (default)
2023-02-28 04:33:13,139 [Listener at 127.0.0.1/46181] INFO  server.RaftServerConfigKeys (ConfUtils.java:logGet(46)) - raft.server.rpc.request.timeout = 3000ms (default)
2023-02-28 04:33:13,140 [Listener at 127.0.0.1/46181] INFO  grpc.GrpcConfigKeys (ConfUtils.java:logGet(46)) - raft.grpc.server.heartbeat.channel = true (default)
2023-02-28 04:33:13,140 [Listener at 127.0.0.1/46181] INFO  grpc.GrpcConfigKeys (ConfUtils.java:logGet(46)) - raft.grpc.server.async.request.thread.pool.cached = true (default)
2023-02-28 04:33:13,140 [Listener at 127.0.0.1/46181] INFO  grpc.GrpcConfigKeys (ConfUtils.java:logGet(46)) - raft.grpc.server.async.request.thread.pool.size = 32 (default)
2023-02-28 04:33:13,141 [Listener at 127.0.0.1/46181] INFO  impl.DataStreamServerImpl (ConfUtils.java:logGet(46)) - raft.datastream.type = DISABLED (default)
2023-02-28 04:33:13,141 [Listener at 127.0.0.1/46181] INFO  server.RaftServerConfigKeys (ConfUtils.java:logGet(46)) - raft.server.threadpool.proxy.cached = true (default)
2023-02-28 04:33:13,141 [Listener at 127.0.0.1/46181] INFO  server.RaftServerConfigKeys (ConfUtils.java:logGet(46)) - raft.server.threadpool.proxy.size = 0 (default)
2023-02-28 04:33:13,141 [Listener at 127.0.0.1/46181] INFO  server.RaftServerConfigKeys (ConfUtils.java:logGet(46)) - raft.server.rpc.slowness.timeout = 2s (custom)
2023-02-28 04:33:13,141 [Listener at 127.0.0.1/46181] INFO  server.RaftServerConfigKeys (ConfUtils.java:logGet(46)) - raft.server.leaderelection.leader.step-down.wait-time = 10s (default)
2023-02-28 04:33:13,141 [Listener at 127.0.0.1/46181] INFO  server.RaftServerConfigKeys (ConfUtils.java:logGet(46)) - raft.server.storage.dir = [/home/runner/work/ozone/ozone/hadoop-ozone/integration-test/target/test-dir/MiniOzoneClusterImpl-2052965b-440d-4b09-b4b3-db311f243d80/omNode-3/ratis] (custom)
2023-02-28 04:33:13,151 [Listener at 127.0.0.1/46181] INFO  server.RaftServer (RaftServerProxy.java:addNew(96)) - omNode-3: addNew group-523986131536:[omNode-3|rpc:localhost:45779|priority:0|startupRole:FOLLOWER, omNode-1|rpc:localhost:43909|priority:0|startupRole:FOLLOWER, omNode-2|rpc:localhost:43475|priority:0|startupRole:FOLLOWER] returns group-523986131536:java.util.concurrent.CompletableFuture@36ab683[Not completed]
2023-02-28 04:33:13,151 [Listener at 127.0.0.1/46181] INFO  om.OzoneManager (OzoneManager.java:initializeRatisServer(2094)) - OzoneManager Ratis server initialized at port 45779
2023-02-28 04:33:13,151 [Listener at 127.0.0.1/46181] INFO  om.OzoneManager (OzoneManager.java:getRpcServer(1131)) - Creating RPC Server
2023-02-28 04:33:13,151 [pool-792-thread-1] INFO  server.RaftServer$Division (RaftServerImpl.java:<init>(195)) - omNode-3: new RaftServerImpl for group-523986131536:[omNode-3|rpc:localhost:45779|priority:0|startupRole:FOLLOWER, omNode-1|rpc:localhost:43909|priority:0|startupRole:FOLLOWER, omNode-2|rpc:localhost:43475|priority:0|startupRole:FOLLOWER] with OzoneManagerStateMachine:uninitialized
2023-02-28 04:33:13,152 [pool-792-thread-1] INFO  server.RaftServerConfigKeys (ConfUtils.java:logGet(46)) - raft.server.rpc.timeout.min = 1s (custom)
2023-02-28 04:33:13,152 [pool-792-thread-1] INFO  server.RaftServerConfigKeys (ConfUtils.java:logGet(46)) - raft.server.rpc.timeout.max = 1200ms (custom)
2023-02-28 04:33:13,152 [pool-792-thread-1] INFO  server.RaftServerConfigKeys (ConfUtils.java:logGet(46)) - raft.server.rpc.sleep.time = 25ms (default)
2023-02-28 04:33:13,152 [pool-792-thread-1] INFO  server.RaftServerConfigKeys (ConfUtils.java:logGet(46)) - raft.server.rpc.slowness.timeout = 2s (custom)
2023-02-28 04:33:13,152 [pool-792-thread-1] INFO  server.RaftServerConfigKeys (ConfUtils.java:logGet(46)) - raft.server.leaderelection.leader.step-down.wait-time = 10s (default)
2023-02-28 04:33:13,152 [pool-792-thread-1] INFO  server.RaftServerConfigKeys (ConfUtils.java:logGet(46)) - raft.server.sleep.deviation.threshold = 300ms (default)
2023-02-28 04:33:13,152 [pool-792-thread-1] INFO  server.RaftServer$Division (ServerState.java:<init>(118)) - omNode-3@group-523986131536: ConfigurationManager, init=-1: peers:[omNode-3|rpc:localhost:45779|priority:0|startupRole:FOLLOWER, omNode-1|rpc:localhost:43909|priority:0|startupRole:FOLLOWER, omNode-2|rpc:localhost:43475|priority:0|startupRole:FOLLOWER]|listeners:[], old=null, confs=<EMPTY_MAP>
2023-02-28 04:33:13,152 [pool-792-thread-1] INFO  server.RaftServerConfigKeys (ConfUtils.java:logGet(46)) - raft.server.storage.dir = [/home/runner/work/ozone/ozone/hadoop-ozone/integration-test/target/test-dir/MiniOzoneClusterImpl-2052965b-440d-4b09-b4b3-db311f243d80/omNode-3/ratis] (custom)
2023-02-28 04:33:13,153 [pool-792-thread-1] INFO  server.RaftServerConfigKeys (ConfUtils.java:logGet(46)) - raft.server.log.corruption.policy = EXCEPTION (default)
2023-02-28 04:33:13,153 [pool-792-thread-1] INFO  server.RaftServerConfigKeys (ConfUtils.java:logGet(46)) - raft.server.storage.free-space.min = 0MB (=0) (default)
2023-02-28 04:33:13,153 [pool-792-thread-1] INFO  server.RaftServerConfigKeys (ConfUtils.java:logGet(46)) - raft.server.notification.no-leader.timeout = 2s (custom)
2023-02-28 04:33:13,153 [pool-792-thread-1] INFO  server.RaftServerConfigKeys (ConfUtils.java:logGet(46)) - raft.server.retrycache.expirytime = 300s (custom)
2023-02-28 04:33:13,153 [pool-792-thread-1] INFO  server.RaftServerConfigKeys (ConfUtils.java:logGet(46)) - raft.server.retrycache.statistics.expirytime = 100μs (default)
2023-02-28 04:33:13,153 [pool-792-thread-1] INFO  server.RaftServerConfigKeys (ConfUtils.java:logGet(46)) - raft.server.log.appender.install.snapshot.enabled = false (custom)
2023-02-28 04:33:13,154 [pool-792-thread-1] INFO  server.RaftServerConfigKeys (ConfUtils.java:logGet(46)) - raft.server.threadpool.server.cached = true (default)
2023-02-28 04:33:13,154 [pool-792-thread-1] INFO  server.RaftServerConfigKeys (ConfUtils.java:logGet(46)) - raft.server.threadpool.server.size = 0 (default)
2023-02-28 04:33:13,154 [pool-792-thread-1] INFO  server.RaftServerConfigKeys (ConfUtils.java:logGet(46)) - raft.server.threadpool.client.cached = true (default)
2023-02-28 04:33:13,154 [pool-792-thread-1] INFO  server.RaftServerConfigKeys (ConfUtils.java:logGet(46)) - raft.server.threadpool.client.size = 0 (default)
2023-02-28 04:33:13,297 [grpc-default-executor-2] WARN  server.GrpcLogAppender (LogUtils.java:warn(122)) - omNode-1@group-523986131536->omNode-3-AppendLogResponseHandler: Failed appendEntries: org.apache.ratis.thirdparty.io.grpc.StatusRuntimeException: UNAVAILABLE: io exception
2023-02-28 04:33:13,297 [grpc-default-executor-5] WARN  server.GrpcLogAppender (LogUtils.java:warn(122)) - omNode-1@group-523986131536->omNode-3-AppendLogResponseHandler: Failed appendEntries: org.apache.ratis.thirdparty.io.grpc.StatusRuntimeException: UNAVAILABLE: io exception
2023-02-28 04:33:13,298 [grpc-default-executor-2] WARN  server.GrpcLogAppender (GrpcLogAppender.java:resetClient(131)) - omNode-1@group-523986131536->omNode-3-GrpcLogAppender: Leader has not got in touch with Follower omNode-1@group-523986131536->omNode-3(c-1,m0,n1, attendVote=true, lastRpcSendTime=262, lastRpcResponseTime=1734) yet, just keep nextIndex unchanged and retry.
2023-02-28 04:33:13,298 [grpc-default-executor-5] WARN  server.GrpcLogAppender (GrpcLogAppender.java:resetClient(131)) - omNode-1@group-523986131536->omNode-3-GrpcLogAppender: Leader has not got in touch with Follower omNode-1@group-523986131536->omNode-3(c-1,m0,n1, attendVote=true, lastRpcSendTime=262, lastRpcResponseTime=1734) yet, just keep nextIndex unchanged and retry.
2023-02-28 04:33:13,302 [grpc-default-executor-4] WARN  server.GrpcLogAppender (LogUtils.java:warn(122)) - omNode-1@group-523986131536->omNode-3-AppendLogResponseHandler: Failed appendEntries: org.apache.ratis.thirdparty.io.grpc.StatusRuntimeException: UNAVAILABLE: io exception
2023-02-28 04:33:13,302 [grpc-default-executor-5] WARN  server.GrpcLogAppender (LogUtils.java:warn(122)) - omNode-1@group-523986131536->omNode-3-AppendLogResponseHandler: Failed appendEntries: org.apache.ratis.thirdparty.io.grpc.StatusRuntimeException: UNAVAILABLE: io exception
2023-02-28 04:33:13,305 [grpc-default-executor-4] WARN  server.GrpcLogAppender (GrpcLogAppender.java:resetClient(131)) - omNode-1@group-523986131536->omNode-3-GrpcLogAppender: Leader has not got in touch with Follower omNode-1@group-523986131536->omNode-3(c-1,m0,n1, attendVote=true, lastRpcSendTime=6, lastRpcResponseTime=1741) yet, just keep nextIndex unchanged and retry.
2023-02-28 04:33:13,306 [grpc-default-executor-5] WARN  server.GrpcLogAppender (GrpcLogAppender.java:resetClient(131)) - omNode-1@group-523986131536->omNode-3-GrpcLogAppender: Leader has not got in touch with Follower omNode-1@group-523986131536->omNode-3(c-1,m0,n1, attendVote=true, lastRpcSendTime=7, lastRpcResponseTime=1742) yet, just keep nextIndex unchanged and retry.
2023-02-28 04:33:13,329 [EndpointStateMachine task thread for /0.0.0.0:41617 - 0 ] INFO  ipc.Client (Client.java:handleConnectionFailure(1010)) - Retrying connect to server: 0.0.0.0/0.0.0.0:41617. Already tried 7 time(s); retry policy is RetryUpToMaximumCountWithFixedSleep(maxRetries=15, sleepTime=1000 MILLISECONDS)
2023-02-28 04:33:13,549 [grpc-default-executor-5] WARN  server.GrpcLogAppender (LogUtils.java:warn(122)) - omNode-1@group-523986131536->omNode-3-AppendLogResponseHandler: Failed appendEntries: org.apache.ratis.thirdparty.io.grpc.StatusRuntimeException: UNAVAILABLE: io exception
2023-02-28 04:33:13,550 [grpc-default-executor-5] WARN  server.GrpcLogAppender (GrpcLogAppender.java:resetClient(131)) - omNode-1@group-523986131536->omNode-3-GrpcLogAppender: Leader has not got in touch with Follower omNode-1@group-523986131536->omNode-3(c-1,m0,n1, attendVote=true, lastRpcSendTime=251, lastRpcResponseTime=1986) yet, just keep nextIndex unchanged and retry.
2023-02-28 04:33:13,550 [grpc-default-executor-4] WARN  server.GrpcLogAppender (LogUtils.java:warn(122)) - omNode-1@group-523986131536->omNode-3-AppendLogResponseHandler: Failed appendEntries: org.apache.ratis.thirdparty.io.grpc.StatusRuntimeException: UNAVAILABLE: io exception
2023-02-28 04:33:13,550 [grpc-default-executor-4] WARN  server.GrpcLogAppender (GrpcLogAppender.java:resetClient(131)) - omNode-1@group-523986131536->omNode-3-GrpcLogAppender: Leader has not got in touch with Follower omNode-1@group-523986131536->omNode-3(c-1,m0,n1, attendVote=true, lastRpcSendTime=251, lastRpcResponseTime=1986) yet, just keep nextIndex unchanged and retry.
2023-02-28 04:33:13,661 [Listener at 127.0.0.1/46181] INFO  reflections.Reflections (Reflections.java:scan(232)) - Reflections took 509 ms to scan 19 urls, producing 68 keys and 4864 values [using 2 cores]
2023-02-28 04:33:13,662 [Listener at 127.0.0.1/46181] INFO  ipc.CallQueueManager (CallQueueManager.java:<init>(90)) - Using callQueue: class java.util.concurrent.LinkedBlockingQueue, queueCapacity: 2000, scheduler: class org.apache.hadoop.ipc.DefaultRpcScheduler, ipcBackoff: false.
2023-02-28 04:33:13,662 [Socket Reader #1 for port 41931] INFO  ipc.Server (Server.java:run(1273)) - Starting Socket Reader #1 for port 41931
2023-02-28 04:33:13,687 [Listener at 127.0.0.1/41931] INFO  impl.MetricsSystemImpl (MetricsSystemImpl.java:init(158)) - OzoneManager metrics system started (again)
2023-02-28 04:33:13,702 [Listener at 127.0.0.1/41931] INFO  om.OzoneManager (OzoneManager.java:start(1551)) - OzoneManager RPC server is listening at localhost/127.0.0.1:41931
2023-02-28 04:33:13,703 [Listener at 127.0.0.1/41931] INFO  ratis.OzoneManagerRatisServer (OzoneManagerRatisServer.java:start(559)) - Starting OzoneManagerRatisServer omNode-3 at port 45779
2023-02-28 04:33:13,703 [omNode-3-impl-thread1] INFO  storage.RaftStorageDirectory (RaftStorageDirectoryImpl.java:analyzeStorage(137)) - The storage directory /home/runner/work/ozone/ozone/hadoop-ozone/integration-test/target/test-dir/MiniOzoneClusterImpl-2052965b-440d-4b09-b4b3-db311f243d80/omNode-3/ratis/c9bc4cf4-3bc3-3c60-a66b-523986131536 does not exist. Creating ...
2023-02-28 04:33:13,704 [omNode-3-impl-thread1] INFO  storage.RaftStorageDirectory (RaftStorageDirectoryImpl.java:tryLock(231)) - Lock on /home/runner/work/ozone/ozone/hadoop-ozone/integration-test/target/test-dir/MiniOzoneClusterImpl-2052965b-440d-4b09-b4b3-db311f243d80/omNode-3/ratis/c9bc4cf4-3bc3-3c60-a66b-523986131536/in_use.lock acquired by nodename 61299@fv-az467-141
2023-02-28 04:33:13,705 [omNode-3-impl-thread1] INFO  storage.RaftStorage (RaftStorageImpl.java:format(96)) - Storage directory /home/runner/work/ozone/ozone/hadoop-ozone/integration-test/target/test-dir/MiniOzoneClusterImpl-2052965b-440d-4b09-b4b3-db311f243d80/omNode-3/ratis/c9bc4cf4-3bc3-3c60-a66b-523986131536 has been successfully formatted.
2023-02-28 04:33:13,705 [omNode-3-impl-thread1] INFO  server.RaftServerConfigKeys (ConfUtils.java:logGet(46)) - raft.server.log.use.memory = false (default)
2023-02-28 04:33:13,706 [omNode-3-impl-thread1] INFO  server.RaftServerConfigKeys (ConfUtils.java:logGet(46)) - raft.server.log.purge.gap = 1000000 (custom)
2023-02-28 04:33:13,706 [omNode-3-impl-thread1] INFO  server.RaftServerConfigKeys (ConfUtils.java:logGet(46)) - raft.server.log.appender.buffer.byte-limit = 33554432 (custom)
2023-02-28 04:33:13,706 [omNode-3-impl-thread1] INFO  server.RaftServerConfigKeys (ConfUtils.java:logGet(46)) - raft.server.log.statemachine.data.read.timeout = 1000ms (default)
2023-02-28 04:33:13,706 [omNode-3-impl-thread1] INFO  server.RaftServerConfigKeys (ConfUtils.java:logGet(46)) - raft.server.log.purge.preservation.log.num = 0 (default)
2023-02-28 04:33:13,706 [omNode-3-impl-thread1] INFO  server.RaftServerConfigKeys (ConfUtils.java:logGet(46)) - raft.server.log.segment.size.max = 4194304 (custom)
2023-02-28 04:33:13,706 [omNode-3-impl-thread1] INFO  server.RaftServerConfigKeys (ConfUtils.java:logGet(46)) - raft.server.log.segment.cache.num.max = 2 (custom)
2023-02-28 04:33:13,706 [omNode-3-impl-thread1] INFO  server.RaftServerConfigKeys (ConfUtils.java:logGet(46)) - raft.server.log.segment.cache.size.max = 200MB (=209715200) (default)
2023-02-28 04:33:13,706 [omNode-3-impl-thread1] INFO  segmented.SegmentedRaftLogWorker (SegmentedRaftLogWorker.java:<init>(189)) - new omNode-3@group-523986131536-SegmentedRaftLogWorker for RaftStorageImpl:Storage Directory /home/runner/work/ozone/ozone/hadoop-ozone/integration-test/target/test-dir/MiniOzoneClusterImpl-2052965b-440d-4b09-b4b3-db311f243d80/omNode-3/ratis/c9bc4cf4-3bc3-3c60-a66b-523986131536
2023-02-28 04:33:13,706 [omNode-3-impl-thread1] INFO  server.RaftServerConfigKeys (ConfUtils.java:logGet(46)) - raft.server.log.queue.byte-limit = 64MB (=67108864) (default)
2023-02-28 04:33:13,706 [omNode-3-impl-thread1] INFO  server.RaftServerConfigKeys (ConfUtils.java:logGet(46)) - raft.server.log.queue.element-limit = 4096 (default)
2023-02-28 04:33:13,706 [omNode-3-impl-thread1] INFO  server.RaftServerConfigKeys (ConfUtils.java:logGet(46)) - raft.server.log.segment.size.max = 4194304 (custom)
2023-02-28 04:33:13,706 [omNode-3-impl-thread1] INFO  server.RaftServerConfigKeys (ConfUtils.java:logGet(46)) - raft.server.log.preallocated.size = 4194304 (custom)
2023-02-28 04:33:13,706 [omNode-3-impl-thread1] INFO  server.RaftServerConfigKeys (ConfUtils.java:logGet(46)) - raft.server.log.force.sync.num = 128 (default)
2023-02-28 04:33:13,706 [omNode-3-impl-thread1] INFO  server.RaftServerConfigKeys (ConfUtils.java:logGet(46)) - raft.server.log.statemachine.data.sync = true (default)
2023-02-28 04:33:13,706 [omNode-3-impl-thread1] INFO  server.RaftServerConfigKeys (ConfUtils.java:logGet(46)) - raft.server.log.statemachine.data.sync.timeout = 10s (default)
2023-02-28 04:33:13,706 [omNode-3-impl-thread1] INFO  server.RaftServerConfigKeys (ConfUtils.java:logGet(46)) - raft.server.log.statemachine.data.sync.timeout.retry = -1 (default)
2023-02-28 04:33:13,707 [omNode-3-impl-thread1] INFO  server.RaftServerConfigKeys (ConfUtils.java:logGet(46)) - raft.server.log.write.buffer.size = 64KB (=65536) (default)
2023-02-28 04:33:13,707 [omNode-3-impl-thread1] INFO  server.RaftServerConfigKeys (ConfUtils.java:logGet(46)) - raft.server.log.appender.buffer.byte-limit = 33554432 (custom)
2023-02-28 04:33:13,711 [omNode-3-impl-thread1] INFO  server.RaftServerConfigKeys (ConfUtils.java:logGet(46)) - raft.server.log.unsafe-flush.enabled = false (default)
2023-02-28 04:33:13,711 [omNode-3-impl-thread1] INFO  server.RaftServerConfigKeys (ConfUtils.java:logGet(46)) - raft.server.log.async-flush.enabled = false (default)
2023-02-28 04:33:13,711 [omNode-3-impl-thread1] INFO  server.RaftServerConfigKeys (ConfUtils.java:logGet(46)) - raft.server.log.statemachine.data.caching.enabled = false (default)
2023-02-28 04:33:13,711 [omNode-3-impl-thread1] INFO  segmented.SegmentedRaftLogWorker (SegmentedRaftLogWorker.java:lambda$new$0(135)) - omNode-3@group-523986131536-SegmentedRaftLogWorker: flushIndex: setUnconditionally 0 -> -1
2023-02-28 04:33:13,711 [omNode-3-impl-thread1] INFO  segmented.SegmentedRaftLogWorker (SegmentedRaftLogWorker.java:lambda$new$0(135)) - omNode-3@group-523986131536-SegmentedRaftLogWorker: safeCacheEvictIndex: setUnconditionally 0 -> -1
2023-02-28 04:33:13,713 [omNode-3-impl-thread1] INFO  server.RaftServer$Division (RaftServerImpl.java:start(334)) - omNode-3@group-523986131536: start as a follower, conf=-1: peers:[omNode-3|rpc:localhost:45779|priority:0|startupRole:FOLLOWER, omNode-1|rpc:localhost:43909|priority:0|startupRole:FOLLOWER, omNode-2|rpc:localhost:43475|priority:0|startupRole:FOLLOWER]|listeners:[], old=null
2023-02-28 04:33:13,713 [omNode-3-impl-thread1] INFO  server.RaftServer$Division (RaftServerImpl.java:setRole(321)) - omNode-3@group-523986131536: changes role from      null to FOLLOWER at term 0 for startAsFollower
2023-02-28 04:33:13,717 [omNode-3-impl-thread1] INFO  impl.RoleInfo (RoleInfo.java:updateAndGet(139)) - omNode-3: start omNode-3@group-523986131536-FollowerState
2023-02-28 04:33:13,718 [omNode-3-impl-thread1] INFO  util.JmxRegister (JmxRegister.java:tryRegister(44)) - Successfully registered JMX Bean with object name Ratis:service=RaftServer,group=group-523986131536,id=omNode-3
2023-02-28 04:33:13,718 [omNode-3-impl-thread1] INFO  server.RaftServerConfigKeys (ConfUtils.java:logGet(46)) - raft.server.snapshot.auto.trigger.enabled = true (custom)
2023-02-28 04:33:13,718 [omNode-3-impl-thread1] INFO  server.RaftServerConfigKeys (ConfUtils.java:logGet(46)) - raft.server.snapshot.auto.trigger.threshold = 400000 (default)
2023-02-28 04:33:13,718 [omNode-3-impl-thread1] INFO  server.RaftServerConfigKeys (ConfUtils.java:logGet(46)) - raft.server.snapshot.retention.file.num = -1 (default)
2023-02-28 04:33:13,718 [omNode-3-impl-thread1] INFO  server.RaftServerConfigKeys (ConfUtils.java:logGet(46)) - raft.server.log.purge.upto.snapshot.index = true (custom)
2023-02-28 04:33:13,719 [omNode-3@group-523986131536-FollowerState] INFO  server.RaftServerConfigKeys (ConfUtils.java:logFallback(53)) - raft.server.rpc.first-election.timeout.min = 1s (fallback to raft.server.rpc.timeout.min)
2023-02-28 04:33:13,719 [omNode-3@group-523986131536-FollowerState] INFO  server.RaftServerConfigKeys (ConfUtils.java:logFallback(53)) - raft.server.rpc.first-election.timeout.max = 1200ms (fallback to raft.server.rpc.timeout.max)
2023-02-28 04:33:13,720 [Listener at 127.0.0.1/41931] INFO  server.RaftServer (RaftServerProxy.java:startImpl(393)) - omNode-3: start RPC server
2023-02-28 04:33:13,727 [Listener at 127.0.0.1/41931] INFO  server.GrpcService (GrpcService.java:startImpl(262)) - omNode-3: GrpcService started, listening on 45779
2023-02-28 04:33:13,728 [Listener at 127.0.0.1/41931] INFO  om.OzoneManager (OzoneManager.java:start(1567)) - Version File has different layout version (3) than OM DB (null). That is expected if this OM has never been finalized to a newer layout version.
2023-02-28 04:33:13,728 [JvmPauseMonitor8] INFO  util.JvmPauseMonitor (JvmPauseMonitor.java:run(105)) - JvmPauseMonitor-omNode-3: Started
2023-02-28 04:33:13,730 [Listener at 127.0.0.1/41931] INFO  http.BaseHttpServer (BaseHttpServer.java:newHttpServer2BuilderForOzone(213)) - Starting Web-server for ozoneManager at: http://0.0.0.0:38551
2023-02-28 04:33:13,730 [Listener at 127.0.0.1/41931] INFO  http.BaseHttpServer (BaseHttpServer.java:<init>(108)) - Hadoop Security Enabled: false Ozone Security Enabled: false Ozone HTTP Security Enabled: false 
2023-02-28 04:33:13,731 [Listener at 127.0.0.1/41931] WARN  server.AuthenticationFilter (AuthenticationFilter.java:constructSecretProvider(240)) - Unable to initialize FileSignerSecretProvider, falling back to use random secrets. Reason: Could not read signature secret file: /home/runner/hadoop-http-auth-signature-secret
2023-02-28 04:33:13,731 [Listener at 127.0.0.1/41931] WARN  http.HttpRequestLog (HttpRequestLog.java:getRequestLog(103)) - Jetty request log can only be enabled using Log4j
2023-02-28 04:33:13,738 [Listener at 127.0.0.1/41931] INFO  http.HttpServer2 (HttpServer2.java:addGlobalFilter(1031)) - Added global filter 'safety' (class=org.apache.hadoop.hdds.server.http.HttpServer2$QuotingInputFilter)
2023-02-28 04:33:13,739 [Listener at 127.0.0.1/41931] INFO  http.HttpServer2 (HttpServer2.java:addFilter(1007)) - Added filter static_user_filter (class=org.apache.hadoop.http.lib.StaticUserWebFilter$StaticUserFilter) to context ozoneManager
2023-02-28 04:33:13,739 [Listener at 127.0.0.1/41931] INFO  http.HttpServer2 (HttpServer2.java:addFilter(1015)) - Added filter static_user_filter (class=org.apache.hadoop.http.lib.StaticUserWebFilter$StaticUserFilter) to context logs
2023-02-28 04:33:13,739 [Listener at 127.0.0.1/41931] INFO  http.HttpServer2 (HttpServer2.java:addFilter(1015)) - Added filter static_user_filter (class=org.apache.hadoop.http.lib.StaticUserWebFilter$StaticUserFilter) to context static
2023-02-28 04:33:13,740 [Listener at 127.0.0.1/41931] INFO  http.HttpServer2 (HttpServer2.java:bindListener(1250)) - Jetty bound to port 38551
2023-02-28 04:33:13,740 [Listener at 127.0.0.1/41931] INFO  server.Server (Server.java:doStart(375)) - jetty-9.4.49.v20220914; built: 2022-09-14T01:07:36.601Z; git: 4231a3b2e4cb8548a412a789936d640a97b1aa0a; jvm 1.8.0_362-b09
2023-02-28 04:33:13,742 [Listener at 127.0.0.1/41931] INFO  server.session (DefaultSessionIdManager.java:doStart(334)) - DefaultSessionIdManager workerName=node0
2023-02-28 04:33:13,742 [Listener at 127.0.0.1/41931] INFO  server.session (DefaultSessionIdManager.java:doStart(339)) - No SessionScavenger set, using defaults
2023-02-28 04:33:13,743 [Listener at 127.0.0.1/41931] INFO  server.session (HouseKeeper.java:startScavenging(132)) - node0 Scavenging every 660000ms
2023-02-28 04:33:13,743 [Listener at 127.0.0.1/41931] INFO  handler.ContextHandler (ContextHandler.java:doStart(921)) - Started o.e.j.s.ServletContextHandler@124227c1{logs,/logs,file:///home/runner/work/ozone/ozone/hadoop-ozone/integration-test/target/log,AVAILABLE}
2023-02-28 04:33:13,743 [Listener at 127.0.0.1/41931] INFO  handler.ContextHandler (ContextHandler.java:doStart(921)) - Started o.e.j.s.ServletContextHandler@11861ce0{static,/static,file:///home/runner/work/ozone/ozone/hadoop-ozone/integration-test/target/test-classes/webapps/static,AVAILABLE}
2023-02-28 04:33:13,754 [Listener at 127.0.0.1/41931] INFO  handler.ContextHandler (ContextHandler.java:doStart(921)) - Started o.e.j.w.WebAppContext@52ac730b{ozoneManager,/,file:///home/runner/work/ozone/ozone/hadoop-ozone/integration-test/target/test-classes/webapps/ozoneManager/,AVAILABLE}{file:/home/runner/work/ozone/ozone/hadoop-ozone/integration-test/target/test-classes/webapps/ozoneManager}
2023-02-28 04:33:13,757 [Listener at 127.0.0.1/41931] INFO  server.AbstractConnector (AbstractConnector.java:doStart(333)) - Started ServerConnector@14416804{HTTP/1.1, (http/1.1)}{0.0.0.0:38551}
2023-02-28 04:33:13,757 [Listener at 127.0.0.1/41931] INFO  server.Server (Server.java:doStart(415)) - Started @66934ms
2023-02-28 04:33:13,757 [Listener at 127.0.0.1/41931] WARN  impl.MetricsSystemImpl (MetricsSystemImpl.java:register(279)) - Sink prometheus already exists!
2023-02-28 04:33:13,758 [Listener at 127.0.0.1/41931] INFO  http.BaseHttpServer (BaseHttpServer.java:updateConnectorAddress(333)) - HTTP server of ozoneManager listening at http://0.0.0.0:38551
2023-02-28 04:33:13,758 [IPC Server Responder] INFO  ipc.Server (Server.java:run(1512)) - IPC Server Responder: starting
2023-02-28 04:33:13,762 [IPC Server listener on 41931] INFO  ipc.Server (Server.java:run(1352)) - IPC Server listener on 41931: starting
2023-02-28 04:33:13,763 [Listener at 127.0.0.1/41931] INFO  om.OzoneManager (OzoneManager.java:startTrashEmptier(2038)) - Trash Interval set to 0. Files deleted won't move to trash
2023-02-28 04:33:13,764 [Listener at 127.0.0.1/41931] INFO  ozone.MiniOzoneHAClusterImpl (MiniOzoneHAClusterImpl.java:createOMService(527)) - Started OzoneManager omNode-3 RPC server at localhost/127.0.0.1:41931
2023-02-28 04:33:13,764 [org.apache.hadoop.util.JvmPauseMonitor$Monitor@14def9a4] INFO  util.JvmPauseMonitor (JvmPauseMonitor.java:run(188)) - Starting JVM pause monitor
2023-02-28 04:33:13,791 [Listener at 127.0.0.1/41931] WARN  impl.MetricRegistriesImpl (MetricRegistriesImpl.java:addReporterRegistration(111)) - New reporters are added after registries were created. Some metrics will be missing from the reporter. Please add reporter before adding any new registry.
2023-02-28 04:33:13,792 [Listener at 127.0.0.1/41931] WARN  impl.MetricRegistriesImpl (MetricRegistriesImpl.java:addReporterRegistration(111)) - New reporters are added after registries were created. Some metrics will be missing from the reporter. Please add reporter before adding any new registry.
2023-02-28 04:33:13,793 [Listener at 127.0.0.1/41931] INFO  impl.MetricsSystemImpl (MetricsSystemImpl.java:init(158)) - HddsDatanode metrics system started (again)
2023-02-28 04:33:13,804 [grpc-default-executor-4] WARN  server.GrpcLogAppender (LogUtils.java:warn(122)) - omNode-1@group-523986131536->omNode-3-AppendLogResponseHandler: Failed appendEntries: org.apache.ratis.thirdparty.io.grpc.StatusRuntimeException: UNAVAILABLE: io exception
2023-02-28 04:33:13,804 [Listener at 127.0.0.1/41931] INFO  ozone.HddsDatanodeService (HddsDatanodeService.java:start(228)) - HddsDatanodeService host:fv-az467-141 ip:10.1.0.42
2023-02-28 04:33:13,805 [grpc-default-executor-4] WARN  server.GrpcLogAppender (GrpcLogAppender.java:resetClient(131)) - omNode-1@group-523986131536->omNode-3-GrpcLogAppender: Leader has not got in touch with Follower omNode-1@group-523986131536->omNode-3(c-1,m0,n1, attendVote=true, lastRpcSendTime=0, lastRpcResponseTime=2241) yet, just keep nextIndex unchanged and retry.
2023-02-28 04:33:13,805 [grpc-default-executor-5] WARN  server.GrpcLogAppender (LogUtils.java:warn(122)) - omNode-1@group-523986131536->omNode-3-AppendLogResponseHandler: Failed appendEntries: org.apache.ratis.thirdparty.io.grpc.StatusRuntimeException: UNAVAILABLE: io exception
2023-02-28 04:33:13,805 [grpc-default-executor-5] WARN  server.GrpcLogAppender (GrpcLogAppender.java:resetClient(131)) - omNode-1@group-523986131536->omNode-3-GrpcLogAppender: Leader has not got in touch with Follower omNode-1@group-523986131536->omNode-3(c-1,m0,n1, attendVote=true, lastRpcSendTime=1, lastRpcResponseTime=2241) yet, just keep nextIndex unchanged and retry.
2023-02-28 04:33:13,826 [Listener at 127.0.0.1/41931] INFO  upgrade.AbstractLayoutVersionManager (AbstractLayoutVersionManager.java:init(83)) - Initializing Layout version manager with metadata layout = DATANODE_SCHEMA_V3 (version = 4), software layout = DATANODE_SCHEMA_V3 (version = 4)
2023-02-28 04:33:13,875 [Listener at 127.0.0.1/41931] INFO  reflections.Reflections (Reflections.java:scan(232)) - Reflections took 47 ms to scan 7 urls, producing 151 keys and 363 values 
2023-02-28 04:33:13,878 [Listener at 127.0.0.1/41931] INFO  statemachine.DatanodeStateMachine (DatanodeStateMachine.java:getEndPointTaskThreadPoolSize(260)) - Datanode State Machine Task Thread Pool size 2
2023-02-28 04:33:13,888 [Listener at 127.0.0.1/41931] INFO  volume.HddsVolume (HddsVolume.java:<init>(122)) - Creating HddsVolume: /home/runner/work/ozone/ozone/hadoop-ozone/integration-test/target/test-dir/MiniOzoneClusterImpl-2052965b-440d-4b09-b4b3-db311f243d80/datanode-0/data-0/containers/hdds of storage type : DISK capacity : 9223372036854775807
2023-02-28 04:33:13,889 [Listener at 127.0.0.1/41931] INFO  volume.MutableVolumeSet (MutableVolumeSet.java:initializeVolumeSet(174)) - Added Volume : /home/runner/work/ozone/ozone/hadoop-ozone/integration-test/target/test-dir/MiniOzoneClusterImpl-2052965b-440d-4b09-b4b3-db311f243d80/datanode-0/data-0/containers/hdds to VolumeSet
2023-02-28 04:33:13,889 [Listener at 127.0.0.1/41931] INFO  volume.ThrottledAsyncChecker (ThrottledAsyncChecker.java:schedule(141)) - Scheduling a check for /home/runner/work/ozone/ozone/hadoop-ozone/integration-test/target/test-dir/MiniOzoneClusterImpl-2052965b-440d-4b09-b4b3-db311f243d80/datanode-0/data-0/containers/hdds
2023-02-28 04:33:13,894 [Listener at 127.0.0.1/41931] INFO  volume.StorageVolumeChecker (StorageVolumeChecker.java:checkAllVolumes(202)) - Scheduled health check for volume /home/runner/work/ozone/ozone/hadoop-ozone/integration-test/target/test-dir/MiniOzoneClusterImpl-2052965b-440d-4b09-b4b3-db311f243d80/datanode-0/data-0/containers/hdds
2023-02-28 04:33:13,912 [Listener at 127.0.0.1/41931] INFO  volume.MutableVolumeSet (MutableVolumeSet.java:initializeVolumeSet(174)) - Added Volume : /home/runner/work/ozone/ozone/hadoop-ozone/integration-test/target/test-dir/MiniOzoneClusterImpl-2052965b-440d-4b09-b4b3-db311f243d80/datanode-0/data/ratis to VolumeSet
2023-02-28 04:33:13,913 [Listener at 127.0.0.1/41931] INFO  volume.ThrottledAsyncChecker (ThrottledAsyncChecker.java:schedule(141)) - Scheduling a check for /home/runner/work/ozone/ozone/hadoop-ozone/integration-test/target/test-dir/MiniOzoneClusterImpl-2052965b-440d-4b09-b4b3-db311f243d80/datanode-0/data/ratis
2023-02-28 04:33:13,914 [Listener at 127.0.0.1/41931] INFO  volume.StorageVolumeChecker (StorageVolumeChecker.java:checkAllVolumes(202)) - Scheduled health check for volume /home/runner/work/ozone/ozone/hadoop-ozone/integration-test/target/test-dir/MiniOzoneClusterImpl-2052965b-440d-4b09-b4b3-db311f243d80/datanode-0/data/ratis
2023-02-28 04:33:13,928 [Thread-7651] INFO  ozoneimpl.ContainerReader (ContainerReader.java:readVolume(175)) - Finish verifying containers on volume /home/runner/work/ozone/ozone/hadoop-ozone/integration-test/target/test-dir/MiniOzoneClusterImpl-2052965b-440d-4b09-b4b3-db311f243d80/datanode-0/data-0/containers/hdds
2023-02-28 04:33:13,928 [Listener at 127.0.0.1/41931] INFO  ozoneimpl.OzoneContainer (OzoneContainer.java:buildContainerSet(304)) - Build ContainerSet costs 0s
2023-02-28 04:33:13,930 [Listener at 127.0.0.1/41931] INFO  server.RaftServer (ConfUtils.java:logGet(46)) - raft.rpc.type = GRPC (default)
2023-02-28 04:33:13,931 [Listener at 127.0.0.1/41931] INFO  grpc.GrpcConfigKeys (ConfUtils.java:logFallback(53)) - raft.grpc.admin.host = null (fallback to raft.grpc.server.host)
2023-02-28 04:33:13,931 [Listener at 127.0.0.1/41931] INFO  grpc.GrpcConfigKeys (ConfUtils.java:logGet(46)) - raft.grpc.admin.port = 0 (custom)
2023-02-28 04:33:13,931 [Listener at 127.0.0.1/41931] INFO  grpc.GrpcConfigKeys (ConfUtils.java:logFallback(53)) - raft.grpc.client.host = null (fallback to raft.grpc.server.host)
2023-02-28 04:33:13,931 [Listener at 127.0.0.1/41931] INFO  grpc.GrpcConfigKeys (ConfUtils.java:logGet(46)) - raft.grpc.client.port = 0 (custom)
2023-02-28 04:33:13,931 [Listener at 127.0.0.1/41931] INFO  grpc.GrpcConfigKeys (ConfUtils.java:logGet(46)) - raft.grpc.server.host = null (default)
2023-02-28 04:33:13,931 [Listener at 127.0.0.1/41931] INFO  grpc.GrpcConfigKeys (ConfUtils.java:logGet(46)) - raft.grpc.server.port = 0 (default)
2023-02-28 04:33:13,931 [Listener at 127.0.0.1/41931] INFO  server.GrpcService (ConfUtils.java:logGet(46)) - raft.grpc.message.size.max = 32MB (=33554432) (custom)
2023-02-28 04:33:13,931 [Listener at 127.0.0.1/41931] INFO  server.RaftServerConfigKeys (ConfUtils.java:logGet(46)) - raft.server.log.appender.buffer.byte-limit = 33554432 (custom)
2023-02-28 04:33:13,931 [Listener at 127.0.0.1/41931] INFO  server.GrpcService (ConfUtils.java:logGet(46)) - raft.grpc.flow.control.window = 5MB (=5242880) (custom)
2023-02-28 04:33:13,931 [Listener at 127.0.0.1/41931] INFO  server.RaftServerConfigKeys (ConfUtils.java:logGet(46)) - raft.server.rpc.request.timeout = 60s (custom)
2023-02-28 04:33:13,931 [Listener at 127.0.0.1/41931] INFO  grpc.GrpcConfigKeys (ConfUtils.java:logGet(46)) - raft.grpc.server.heartbeat.channel = true (default)
2023-02-28 04:33:13,932 [Listener at 127.0.0.1/41931] INFO  grpc.GrpcConfigKeys (ConfUtils.java:logGet(46)) - raft.grpc.server.async.request.thread.pool.cached = true (default)
2023-02-28 04:33:13,932 [Listener at 127.0.0.1/41931] INFO  grpc.GrpcConfigKeys (ConfUtils.java:logGet(46)) - raft.grpc.server.async.request.thread.pool.size = 32 (default)
2023-02-28 04:33:13,935 [Listener at 127.0.0.1/41931] INFO  impl.DataStreamServerImpl (ConfUtils.java:logGet(46)) - raft.datastream.type = NETTY (custom)
2023-02-28 04:33:13,935 [Listener at 127.0.0.1/41931] INFO  server.RaftServerConfigKeys (ConfUtils.java:logGet(46)) - raft.server.data-stream.async.request.thread.pool.cached = false (default)
2023-02-28 04:33:13,935 [Listener at 127.0.0.1/41931] INFO  server.RaftServerConfigKeys (ConfUtils.java:logGet(46)) - raft.server.data-stream.async.request.thread.pool.size = 20 (custom)
2023-02-28 04:33:13,936 [Listener at 127.0.0.1/41931] INFO  server.RaftServerConfigKeys (ConfUtils.java:logGet(46)) - raft.server.data-stream.async.write.thread.pool.size = 16 (default)
2023-02-28 04:33:13,936 [Listener at 127.0.0.1/41931] INFO  server.RaftServerConfigKeys (ConfUtils.java:logGet(46)) - raft.server.data-stream.client.pool.size = 10 (default)
2023-02-28 04:33:13,936 [Listener at 127.0.0.1/41931] INFO  netty.NettyConfigKeys$DataStream (ConfUtils.java:logGet(46)) - raft.netty.dataStream.server.use-epoll = false (default)
2023-02-28 04:33:13,936 [Listener at 127.0.0.1/41931] INFO  netty.NettyConfigKeys$DataStream (ConfUtils.java:logGet(46)) - raft.netty.dataStream.server.boss-group.size = 0 (default)
2023-02-28 04:33:13,936 [Listener at 127.0.0.1/41931] INFO  netty.NettyConfigKeys$DataStream (ConfUtils.java:logGet(46)) - raft.netty.dataStream.server.worker-group.size = 0 (default)
2023-02-28 04:33:13,937 [Listener at 127.0.0.1/41931] INFO  netty.NettyConfigKeys$DataStream (ConfUtils.java:logGet(46)) - raft.netty.dataStream.server.tls.conf = null (default)
2023-02-28 04:33:13,937 [Listener at 127.0.0.1/41931] INFO  netty.NettyConfigKeys$DataStream (ConfUtils.java:logGet(46)) - raft.netty.dataStream.host = null (default)
2023-02-28 04:33:13,937 [Listener at 127.0.0.1/41931] INFO  netty.NettyConfigKeys$DataStream (ConfUtils.java:logGet(46)) - raft.netty.dataStream.port = 0 (default)
2023-02-28 04:33:13,941 [Listener at 127.0.0.1/41931] INFO  server.RaftServerConfigKeys (ConfUtils.java:logGet(46)) - raft.server.threadpool.proxy.cached = true (default)
2023-02-28 04:33:13,941 [Listener at 127.0.0.1/41931] INFO  server.RaftServerConfigKeys (ConfUtils.java:logGet(46)) - raft.server.threadpool.proxy.size = 0 (default)
2023-02-28 04:33:13,941 [Listener at 127.0.0.1/41931] INFO  server.RaftServerConfigKeys (ConfUtils.java:logGet(46)) - raft.server.rpc.slowness.timeout = 300s (custom)
2023-02-28 04:33:13,941 [Listener at 127.0.0.1/41931] INFO  server.RaftServerConfigKeys (ConfUtils.java:logGet(46)) - raft.server.leaderelection.leader.step-down.wait-time = 10s (default)
2023-02-28 04:33:13,941 [Listener at 127.0.0.1/41931] INFO  server.RaftServerConfigKeys (ConfUtils.java:logGet(46)) - raft.server.storage.dir = [/home/runner/work/ozone/ozone/hadoop-ozone/integration-test/target/test-dir/MiniOzoneClusterImpl-2052965b-440d-4b09-b4b3-db311f243d80/datanode-0/data/ratis] (custom)
2023-02-28 04:33:13,942 [29422ebe-f196-450d-94bb-6e1d0bb3bd81-NettyServerStreamRpc-bossGroup--thread1] INFO  logging.LoggingHandler (AbstractInternalLogger.java:log(148)) - [id: 0xcf178fc0] REGISTERED
2023-02-28 04:33:13,942 [29422ebe-f196-450d-94bb-6e1d0bb3bd81-NettyServerStreamRpc-bossGroup--thread1] INFO  logging.LoggingHandler (AbstractInternalLogger.java:log(148)) - [id: 0xcf178fc0] BIND: 0.0.0.0/0.0.0.0:0
2023-02-28 04:33:13,942 [29422ebe-f196-450d-94bb-6e1d0bb3bd81-NettyServerStreamRpc-bossGroup--thread1] INFO  logging.LoggingHandler (AbstractInternalLogger.java:log(148)) - [id: 0xcf178fc0, L:/0:0:0:0:0:0:0:0:41017] ACTIVE
2023-02-28 04:33:13,944 [Listener at 127.0.0.1/41931] INFO  server.XceiverServerGrpc (XceiverServerGrpc.java:<init>(132)) - GrpcServer channel type EpollServerSocketChannel
2023-02-28 04:33:13,948 [Listener at 127.0.0.1/41931] INFO  http.BaseHttpServer (BaseHttpServer.java:newHttpServer2BuilderForOzone(213)) - Starting Web-server for hddsDatanode at: http://0.0.0.0:0
2023-02-28 04:33:13,948 [Listener at 127.0.0.1/41931] INFO  http.BaseHttpServer (BaseHttpServer.java:<init>(108)) - Hadoop Security Enabled: false Ozone Security Enabled: false Ozone HTTP Security Enabled: false 
2023-02-28 04:33:13,949 [Listener at 127.0.0.1/41931] WARN  server.AuthenticationFilter (AuthenticationFilter.java:constructSecretProvider(240)) - Unable to initialize FileSignerSecretProvider, falling back to use random secrets. Reason: Could not read signature secret file: /home/runner/hadoop-http-auth-signature-secret
2023-02-28 04:33:13,950 [Listener at 127.0.0.1/41931] WARN  http.HttpRequestLog (HttpRequestLog.java:getRequestLog(103)) - Jetty request log can only be enabled using Log4j
2023-02-28 04:33:13,951 [Listener at 127.0.0.1/41931] INFO  http.HttpServer2 (HttpServer2.java:addGlobalFilter(1031)) - Added global filter 'safety' (class=org.apache.hadoop.hdds.server.http.HttpServer2$QuotingInputFilter)
2023-02-28 04:33:13,951 [Listener at 127.0.0.1/41931] INFO  http.HttpServer2 (HttpServer2.java:addFilter(1007)) - Added filter static_user_filter (class=org.apache.hadoop.http.lib.StaticUserWebFilter$StaticUserFilter) to context hddsDatanode
2023-02-28 04:33:13,951 [Listener at 127.0.0.1/41931] INFO  http.HttpServer2 (HttpServer2.java:addFilter(1015)) - Added filter static_user_filter (class=org.apache.hadoop.http.lib.StaticUserWebFilter$StaticUserFilter) to context logs
2023-02-28 04:33:13,952 [Listener at 127.0.0.1/41931] INFO  http.HttpServer2 (HttpServer2.java:addFilter(1015)) - Added filter static_user_filter (class=org.apache.hadoop.http.lib.StaticUserWebFilter$StaticUserFilter) to context static
2023-02-28 04:33:13,952 [Listener at 127.0.0.1/41931] INFO  http.HttpServer2 (HttpServer2.java:bindListener(1250)) - Jetty bound to port 37525
2023-02-28 04:33:13,952 [Listener at 127.0.0.1/41931] INFO  server.Server (Server.java:doStart(375)) - jetty-9.4.49.v20220914; built: 2022-09-14T01:07:36.601Z; git: 4231a3b2e4cb8548a412a789936d640a97b1aa0a; jvm 1.8.0_362-b09
2023-02-28 04:33:13,954 [Listener at 127.0.0.1/41931] INFO  server.session (DefaultSessionIdManager.java:doStart(334)) - DefaultSessionIdManager workerName=node0
2023-02-28 04:33:13,954 [Listener at 127.0.0.1/41931] INFO  server.session (DefaultSessionIdManager.java:doStart(339)) - No SessionScavenger set, using defaults
2023-02-28 04:33:13,954 [Listener at 127.0.0.1/41931] INFO  server.session (HouseKeeper.java:startScavenging(132)) - node0 Scavenging every 660000ms
2023-02-28 04:33:13,955 [Listener at 127.0.0.1/41931] INFO  handler.ContextHandler (ContextHandler.java:doStart(921)) - Started o.e.j.s.ServletContextHandler@331c22cd{logs,/logs,file:///home/runner/work/ozone/ozone/hadoop-ozone/integration-test/target/log,AVAILABLE}
2023-02-28 04:33:13,955 [Listener at 127.0.0.1/41931] INFO  handler.ContextHandler (ContextHandler.java:doStart(921)) - Started o.e.j.s.ServletContextHandler@638c2bd9{static,/static,jar:file:/home/runner/.m2/repository/org/apache/ozone/hdds-container-service/1.4.0-SNAPSHOT/hdds-container-service-1.4.0-SNAPSHOT.jar!/webapps/static,AVAILABLE}
2023-02-28 04:33:14,063 [omNode-3-server-thread1] INFO  server.RaftServer$Division (ServerState.java:setLeader(313)) - omNode-3@group-523986131536: change Leader from null to omNode-1 at term 1 for appendEntries, leader elected after 910ms
2023-02-28 04:33:14,063 [omNode-3-server-thread1] INFO  server.RaftServer$Division (RaftServerImpl.java:checkInconsistentAppendEntries(1508)) - omNode-3@group-523986131536: Failed appendEntries as previous log entry ((t:1, i:0)) is not found
2023-02-28 04:33:14,063 [omNode-3-server-thread1] INFO  server.RaftServer$Division (RaftServerImpl.java:checkInconsistentAppendEntries(1478)) - omNode-3@group-523986131536: inconsistency entries. Reply:omNode-1<-omNode-3#589825:FAIL-t0,INCONSISTENCY,nextIndex=0,followerCommit=-1,matchIndex=-1
2023-02-28 04:33:14,064 [grpc-default-executor-6] INFO  leader.FollowerInfo (FollowerInfoImpl.java:lambda$new$0(48)) - omNode-1@group-523986131536->omNode-3: nextIndex: updateUnconditionally 1 -> 0
2023-02-28 04:33:14,066 [omNode-3-server-thread1] INFO  server.RaftServer$Division (ServerState.java:setRaftConf(430)) - omNode-3@group-523986131536: set configuration 0: peers:[omNode-3|rpc:localhost:45779|admin:|client:|dataStream:|priority:0|startupRole:FOLLOWER, omNode-1|rpc:localhost:43909|admin:|client:|dataStream:|priority:0|startupRole:FOLLOWER, omNode-2|rpc:localhost:43475|admin:|client:|dataStream:|priority:0|startupRole:FOLLOWER]|listeners:[], old=null
2023-02-28 04:33:14,066 [omNode-3-server-thread1] INFO  segmented.SegmentedRaftLogWorker (SegmentedRaftLogWorker.java:startLogSegment(452)) - omNode-3@group-523986131536-SegmentedRaftLogWorker: Starting segment from index:0
2023-02-28 04:33:14,076 [omNode-3@group-523986131536-SegmentedRaftLogWorker] INFO  segmented.SegmentedRaftLogWorker (SegmentedRaftLogWorker.java:execute(656)) - omNode-3@group-523986131536-SegmentedRaftLogWorker: created new log segment /home/runner/work/ozone/ozone/hadoop-ozone/integration-test/target/test-dir/MiniOzoneClusterImpl-2052965b-440d-4b09-b4b3-db311f243d80/omNode-3/ratis/c9bc4cf4-3bc3-3c60-a66b-523986131536/current/log_inprogress_0
2023-02-28 04:33:14,078 [omNode-3@group-523986131536-StateMachineUpdater] INFO  ratis.OzoneManagerStateMachine (OzoneManagerStateMachine.java:notifyConfigurationChanged(192)) - Received Configuration change notification from Ratis. New Peer list:
[id: "omNode-3"
address: "localhost:45779"
startupRole: FOLLOWER
, id: "omNode-1"
address: "localhost:43909"
startupRole: FOLLOWER
, id: "omNode-2"
address: "localhost:43475"
startupRole: FOLLOWER
]
2023-02-28 04:33:14,189 [Listener at 127.0.0.1/41931] INFO  handler.ContextHandler (ContextHandler.java:doStart(921)) - Started o.e.j.w.WebAppContext@5c9bc6c2{hddsDatanode,/,file:///tmp/jetty-0_0_0_0-37525-hdds-container-service-1_4_0-SNAPSHOT_jar-_-any-1706628727013075135/webapp/,AVAILABLE}{jar:file:/home/runner/.m2/repository/org/apache/ozone/hdds-container-service/1.4.0-SNAPSHOT/hdds-container-service-1.4.0-SNAPSHOT.jar!/webapps/hddsDatanode}
2023-02-28 04:33:14,191 [Listener at 127.0.0.1/41931] INFO  server.AbstractConnector (AbstractConnector.java:doStart(333)) - Started ServerConnector@1f08913d{HTTP/1.1, (http/1.1)}{0.0.0.0:37525}
2023-02-28 04:33:14,191 [Listener at 127.0.0.1/41931] INFO  server.Server (Server.java:doStart(415)) - Started @67368ms
2023-02-28 04:33:14,191 [Listener at 127.0.0.1/41931] WARN  impl.MetricsSystemImpl (MetricsSystemImpl.java:register(279)) - Sink prometheus already exists!
2023-02-28 04:33:14,192 [Listener at 127.0.0.1/41931] INFO  http.BaseHttpServer (BaseHttpServer.java:updateConnectorAddress(333)) - HTTP server of hddsDatanode listening at http://0.0.0.0:37525
2023-02-28 04:33:14,193 [Listener at 127.0.0.1/41931] WARN  impl.MetricRegistriesImpl (MetricRegistriesImpl.java:addReporterRegistration(111)) - New reporters are added after registries were created. Some metrics will be missing from the reporter. Please add reporter before adding any new registry.
2023-02-28 04:33:14,193 [Listener at 127.0.0.1/41931] WARN  impl.MetricRegistriesImpl (MetricRegistriesImpl.java:addReporterRegistration(111)) - New reporters are added after registries were created. Some metrics will be missing from the reporter. Please add reporter before adding any new registry.
2023-02-28 04:33:14,194 [Listener at 127.0.0.1/41931] INFO  impl.MetricsSystemImpl (MetricsSystemImpl.java:init(158)) - HddsDatanode metrics system started (again)
2023-02-28 04:33:14,199 [Datanode State Machine Daemon Thread] INFO  statemachine.DatanodeStateMachine (DatanodeStateMachine.java:lambda$startDaemon$0(516)) - Ozone container server started.
2023-02-28 04:33:14,207 [Listener at 127.0.0.1/41931] INFO  ozone.HddsDatanodeService (HddsDatanodeService.java:start(228)) - HddsDatanodeService host:fv-az467-141 ip:10.1.0.42
2023-02-28 04:33:14,223 [org.apache.hadoop.util.JvmPauseMonitor$Monitor@3b6ee60e] INFO  util.JvmPauseMonitor (JvmPauseMonitor.java:run(188)) - Starting JVM pause monitor
2023-02-28 04:33:14,230 [Datanode State Machine Task Thread - 0] INFO  datanode.InitDatanodeState (InitDatanodeState.java:persistContainerDatanodeDetails(138)) - DatanodeDetails is persisted to /home/runner/work/ozone/ozone/hadoop-ozone/integration-test/target/test-dir/MiniOzoneClusterImpl-2052965b-440d-4b09-b4b3-db311f243d80/datanode-0/meta/datanode.id
2023-02-28 04:33:14,232 [Listener at 127.0.0.1/41931] INFO  upgrade.AbstractLayoutVersionManager (AbstractLayoutVersionManager.java:init(83)) - Initializing Layout version manager with metadata layout = DATANODE_SCHEMA_V3 (version = 4), software layout = DATANODE_SCHEMA_V3 (version = 4)
2023-02-28 04:33:14,278 [Listener at 127.0.0.1/41931] INFO  reflections.Reflections (Reflections.java:scan(232)) - Reflections took 45 ms to scan 7 urls, producing 151 keys and 363 values 
2023-02-28 04:33:14,279 [Listener at 127.0.0.1/41931] INFO  statemachine.DatanodeStateMachine (DatanodeStateMachine.java:getEndPointTaskThreadPoolSize(260)) - Datanode State Machine Task Thread Pool size 2
2023-02-28 04:33:14,281 [Listener at 127.0.0.1/41931] INFO  volume.HddsVolume (HddsVolume.java:<init>(122)) - Creating HddsVolume: /home/runner/work/ozone/ozone/hadoop-ozone/integration-test/target/test-dir/MiniOzoneClusterImpl-2052965b-440d-4b09-b4b3-db311f243d80/datanode-1/data-0/containers/hdds of storage type : DISK capacity : 9223372036854775807
2023-02-28 04:33:14,281 [Listener at 127.0.0.1/41931] INFO  volume.MutableVolumeSet (MutableVolumeSet.java:initializeVolumeSet(174)) - Added Volume : /home/runner/work/ozone/ozone/hadoop-ozone/integration-test/target/test-dir/MiniOzoneClusterImpl-2052965b-440d-4b09-b4b3-db311f243d80/datanode-1/data-0/containers/hdds to VolumeSet
2023-02-28 04:33:14,281 [Listener at 127.0.0.1/41931] INFO  volume.ThrottledAsyncChecker (ThrottledAsyncChecker.java:schedule(141)) - Scheduling a check for /home/runner/work/ozone/ozone/hadoop-ozone/integration-test/target/test-dir/MiniOzoneClusterImpl-2052965b-440d-4b09-b4b3-db311f243d80/datanode-1/data-0/containers/hdds
2023-02-28 04:33:14,282 [Listener at 127.0.0.1/41931] INFO  volume.StorageVolumeChecker (StorageVolumeChecker.java:checkAllVolumes(202)) - Scheduled health check for volume /home/runner/work/ozone/ozone/hadoop-ozone/integration-test/target/test-dir/MiniOzoneClusterImpl-2052965b-440d-4b09-b4b3-db311f243d80/datanode-1/data-0/containers/hdds
2023-02-28 04:33:14,293 [Listener at 127.0.0.1/41931] INFO  volume.MutableVolumeSet (MutableVolumeSet.java:initializeVolumeSet(174)) - Added Volume : /home/runner/work/ozone/ozone/hadoop-ozone/integration-test/target/test-dir/MiniOzoneClusterImpl-2052965b-440d-4b09-b4b3-db311f243d80/datanode-1/data/ratis to VolumeSet
2023-02-28 04:33:14,294 [Listener at 127.0.0.1/41931] INFO  volume.ThrottledAsyncChecker (ThrottledAsyncChecker.java:schedule(141)) - Scheduling a check for /home/runner/work/ozone/ozone/hadoop-ozone/integration-test/target/test-dir/MiniOzoneClusterImpl-2052965b-440d-4b09-b4b3-db311f243d80/datanode-1/data/ratis
2023-02-28 04:33:14,294 [Listener at 127.0.0.1/41931] INFO  volume.StorageVolumeChecker (StorageVolumeChecker.java:checkAllVolumes(202)) - Scheduled health check for volume /home/runner/work/ozone/ozone/hadoop-ozone/integration-test/target/test-dir/MiniOzoneClusterImpl-2052965b-440d-4b09-b4b3-db311f243d80/datanode-1/data/ratis
2023-02-28 04:33:14,305 [Thread-7666] INFO  ozoneimpl.ContainerReader (ContainerReader.java:readVolume(175)) - Finish verifying containers on volume /home/runner/work/ozone/ozone/hadoop-ozone/integration-test/target/test-dir/MiniOzoneClusterImpl-2052965b-440d-4b09-b4b3-db311f243d80/datanode-1/data-0/containers/hdds
2023-02-28 04:33:14,305 [Listener at 127.0.0.1/41931] INFO  ozoneimpl.OzoneContainer (OzoneContainer.java:buildContainerSet(304)) - Build ContainerSet costs 0s
2023-02-28 04:33:14,307 [Listener at 127.0.0.1/41931] INFO  server.RaftServer (ConfUtils.java:logGet(46)) - raft.rpc.type = GRPC (default)
2023-02-28 04:33:14,307 [Listener at 127.0.0.1/41931] INFO  grpc.GrpcConfigKeys (ConfUtils.java:logFallback(53)) - raft.grpc.admin.host = null (fallback to raft.grpc.server.host)
2023-02-28 04:33:14,307 [Listener at 127.0.0.1/41931] INFO  grpc.GrpcConfigKeys (ConfUtils.java:logGet(46)) - raft.grpc.admin.port = 0 (custom)
2023-02-28 04:33:14,308 [Listener at 127.0.0.1/41931] INFO  grpc.GrpcConfigKeys (ConfUtils.java:logFallback(53)) - raft.grpc.client.host = null (fallback to raft.grpc.server.host)
2023-02-28 04:33:14,308 [Listener at 127.0.0.1/41931] INFO  grpc.GrpcConfigKeys (ConfUtils.java:logGet(46)) - raft.grpc.client.port = 0 (custom)
2023-02-28 04:33:14,308 [Listener at 127.0.0.1/41931] INFO  grpc.GrpcConfigKeys (ConfUtils.java:logGet(46)) - raft.grpc.server.host = null (default)
2023-02-28 04:33:14,308 [Listener at 127.0.0.1/41931] INFO  grpc.GrpcConfigKeys (ConfUtils.java:logGet(46)) - raft.grpc.server.port = 0 (default)
2023-02-28 04:33:14,308 [Listener at 127.0.0.1/41931] INFO  server.GrpcService (ConfUtils.java:logGet(46)) - raft.grpc.message.size.max = 32MB (=33554432) (custom)
2023-02-28 04:33:14,308 [Listener at 127.0.0.1/41931] INFO  server.RaftServerConfigKeys (ConfUtils.java:logGet(46)) - raft.server.log.appender.buffer.byte-limit = 33554432 (custom)
2023-02-28 04:33:14,308 [Listener at 127.0.0.1/41931] INFO  server.GrpcService (ConfUtils.java:logGet(46)) - raft.grpc.flow.control.window = 5MB (=5242880) (custom)
2023-02-28 04:33:14,308 [Listener at 127.0.0.1/41931] INFO  server.RaftServerConfigKeys (ConfUtils.java:logGet(46)) - raft.server.rpc.request.timeout = 60s (custom)
2023-02-28 04:33:14,308 [Listener at 127.0.0.1/41931] INFO  grpc.GrpcConfigKeys (ConfUtils.java:logGet(46)) - raft.grpc.server.heartbeat.channel = true (default)
2023-02-28 04:33:14,308 [Listener at 127.0.0.1/41931] INFO  grpc.GrpcConfigKeys (ConfUtils.java:logGet(46)) - raft.grpc.server.async.request.thread.pool.cached = true (default)
2023-02-28 04:33:14,308 [Listener at 127.0.0.1/41931] INFO  grpc.GrpcConfigKeys (ConfUtils.java:logGet(46)) - raft.grpc.server.async.request.thread.pool.size = 32 (default)
2023-02-28 04:33:14,310 [Listener at 127.0.0.1/41931] INFO  impl.DataStreamServerImpl (ConfUtils.java:logGet(46)) - raft.datastream.type = NETTY (custom)
2023-02-28 04:33:14,310 [Listener at 127.0.0.1/41931] INFO  server.RaftServerConfigKeys (ConfUtils.java:logGet(46)) - raft.server.data-stream.async.request.thread.pool.cached = false (default)
2023-02-28 04:33:14,310 [Listener at 127.0.0.1/41931] INFO  server.RaftServerConfigKeys (ConfUtils.java:logGet(46)) - raft.server.data-stream.async.request.thread.pool.size = 20 (custom)
2023-02-28 04:33:14,310 [Listener at 127.0.0.1/41931] INFO  server.RaftServerConfigKeys (ConfUtils.java:logGet(46)) - raft.server.data-stream.async.write.thread.pool.size = 16 (default)
2023-02-28 04:33:14,310 [Listener at 127.0.0.1/41931] INFO  server.RaftServerConfigKeys (ConfUtils.java:logGet(46)) - raft.server.data-stream.client.pool.size = 10 (default)
2023-02-28 04:33:14,311 [Listener at 127.0.0.1/41931] INFO  netty.NettyConfigKeys$DataStream (ConfUtils.java:logGet(46)) - raft.netty.dataStream.server.use-epoll = false (default)
2023-02-28 04:33:14,311 [Listener at 127.0.0.1/41931] INFO  netty.NettyConfigKeys$DataStream (ConfUtils.java:logGet(46)) - raft.netty.dataStream.server.boss-group.size = 0 (default)
2023-02-28 04:33:14,311 [Listener at 127.0.0.1/41931] INFO  netty.NettyConfigKeys$DataStream (ConfUtils.java:logGet(46)) - raft.netty.dataStream.server.worker-group.size = 0 (default)
2023-02-28 04:33:14,311 [Listener at 127.0.0.1/41931] INFO  netty.NettyConfigKeys$DataStream (ConfUtils.java:logGet(46)) - raft.netty.dataStream.server.tls.conf = null (default)
2023-02-28 04:33:14,311 [Listener at 127.0.0.1/41931] INFO  netty.NettyConfigKeys$DataStream (ConfUtils.java:logGet(46)) - raft.netty.dataStream.host = null (default)
2023-02-28 04:33:14,311 [Listener at 127.0.0.1/41931] INFO  netty.NettyConfigKeys$DataStream (ConfUtils.java:logGet(46)) - raft.netty.dataStream.port = 0 (default)
2023-02-28 04:33:14,312 [Listener at 127.0.0.1/41931] INFO  server.RaftServerConfigKeys (ConfUtils.java:logGet(46)) - raft.server.threadpool.proxy.cached = true (default)
2023-02-28 04:33:14,312 [Listener at 127.0.0.1/41931] INFO  server.RaftServerConfigKeys (ConfUtils.java:logGet(46)) - raft.server.threadpool.proxy.size = 0 (default)
2023-02-28 04:33:14,312 [Listener at 127.0.0.1/41931] INFO  server.RaftServerConfigKeys (ConfUtils.java:logGet(46)) - raft.server.rpc.slowness.timeout = 300s (custom)
2023-02-28 04:33:14,312 [Listener at 127.0.0.1/41931] INFO  server.RaftServerConfigKeys (ConfUtils.java:logGet(46)) - raft.server.leaderelection.leader.step-down.wait-time = 10s (default)
2023-02-28 04:33:14,312 [Listener at 127.0.0.1/41931] INFO  server.RaftServerConfigKeys (ConfUtils.java:logGet(46)) - raft.server.storage.dir = [/home/runner/work/ozone/ozone/hadoop-ozone/integration-test/target/test-dir/MiniOzoneClusterImpl-2052965b-440d-4b09-b4b3-db311f243d80/datanode-1/data/ratis] (custom)
2023-02-28 04:33:14,313 [78ee39fe-738f-4360-8617-136cda5f4ce0-NettyServerStreamRpc-bossGroup--thread1] INFO  logging.LoggingHandler (AbstractInternalLogger.java:log(148)) - [id: 0xe0992aa2] REGISTERED
2023-02-28 04:33:14,313 [78ee39fe-738f-4360-8617-136cda5f4ce0-NettyServerStreamRpc-bossGroup--thread1] INFO  logging.LoggingHandler (AbstractInternalLogger.java:log(148)) - [id: 0xe0992aa2] BIND: 0.0.0.0/0.0.0.0:0
2023-02-28 04:33:14,313 [78ee39fe-738f-4360-8617-136cda5f4ce0-NettyServerStreamRpc-bossGroup--thread1] INFO  logging.LoggingHandler (AbstractInternalLogger.java:log(148)) - [id: 0xe0992aa2, L:/0:0:0:0:0:0:0:0:32921] ACTIVE
2023-02-28 04:33:14,314 [Listener at 127.0.0.1/41931] INFO  server.XceiverServerGrpc (XceiverServerGrpc.java:<init>(132)) - GrpcServer channel type EpollServerSocketChannel
2023-02-28 04:33:14,317 [Listener at 127.0.0.1/41931] INFO  http.BaseHttpServer (BaseHttpServer.java:newHttpServer2BuilderForOzone(213)) - Starting Web-server for hddsDatanode at: http://0.0.0.0:0
2023-02-28 04:33:14,317 [Listener at 127.0.0.1/41931] INFO  http.BaseHttpServer (BaseHttpServer.java:<init>(108)) - Hadoop Security Enabled: false Ozone Security Enabled: false Ozone HTTP Security Enabled: false 
2023-02-28 04:33:14,319 [Listener at 127.0.0.1/41931] WARN  server.AuthenticationFilter (AuthenticationFilter.java:constructSecretProvider(240)) - Unable to initialize FileSignerSecretProvider, falling back to use random secrets. Reason: Could not read signature secret file: /home/runner/hadoop-http-auth-signature-secret
2023-02-28 04:33:14,321 [Listener at 127.0.0.1/41931] WARN  http.HttpRequestLog (HttpRequestLog.java:getRequestLog(103)) - Jetty request log can only be enabled using Log4j
2023-02-28 04:33:14,323 [Listener at 127.0.0.1/41931] INFO  http.HttpServer2 (HttpServer2.java:addGlobalFilter(1031)) - Added global filter 'safety' (class=org.apache.hadoop.hdds.server.http.HttpServer2$QuotingInputFilter)
2023-02-28 04:33:14,323 [Listener at 127.0.0.1/41931] INFO  http.HttpServer2 (HttpServer2.java:addFilter(1007)) - Added filter static_user_filter (class=org.apache.hadoop.http.lib.StaticUserWebFilter$StaticUserFilter) to context hddsDatanode
2023-02-28 04:33:14,323 [Listener at 127.0.0.1/41931] INFO  http.HttpServer2 (HttpServer2.java:addFilter(1015)) - Added filter static_user_filter (class=org.apache.hadoop.http.lib.StaticUserWebFilter$StaticUserFilter) to context static
2023-02-28 04:33:14,323 [Listener at 127.0.0.1/41931] INFO  http.HttpServer2 (HttpServer2.java:addFilter(1015)) - Added filter static_user_filter (class=org.apache.hadoop.http.lib.StaticUserWebFilter$StaticUserFilter) to context logs
2023-02-28 04:33:14,324 [Listener at 127.0.0.1/41931] INFO  http.HttpServer2 (HttpServer2.java:bindListener(1250)) - Jetty bound to port 44177
2023-02-28 04:33:14,324 [Listener at 127.0.0.1/41931] INFO  server.Server (Server.java:doStart(375)) - jetty-9.4.49.v20220914; built: 2022-09-14T01:07:36.601Z; git: 4231a3b2e4cb8548a412a789936d640a97b1aa0a; jvm 1.8.0_362-b09
2023-02-28 04:33:14,328 [Listener at 127.0.0.1/41931] INFO  server.session (DefaultSessionIdManager.java:doStart(334)) - DefaultSessionIdManager workerName=node0
2023-02-28 04:33:14,328 [Listener at 127.0.0.1/41931] INFO  server.session (DefaultSessionIdManager.java:doStart(339)) - No SessionScavenger set, using defaults
2023-02-28 04:33:14,329 [Listener at 127.0.0.1/41931] INFO  server.session (HouseKeeper.java:startScavenging(132)) - node0 Scavenging every 600000ms
2023-02-28 04:33:14,329 [Listener at 127.0.0.1/41931] INFO  handler.ContextHandler (ContextHandler.java:doStart(921)) - Started o.e.j.s.ServletContextHandler@511cccf2{logs,/logs,file:///home/runner/work/ozone/ozone/hadoop-ozone/integration-test/target/log,AVAILABLE}
2023-02-28 04:33:14,330 [Listener at 127.0.0.1/41931] INFO  handler.ContextHandler (ContextHandler.java:doStart(921)) - Started o.e.j.s.ServletContextHandler@6a2b5981{static,/static,jar:file:/home/runner/.m2/repository/org/apache/ozone/hdds-container-service/1.4.0-SNAPSHOT/hdds-container-service-1.4.0-SNAPSHOT.jar!/webapps/static,AVAILABLE}
2023-02-28 04:33:14,332 [EndpointStateMachine task thread for /0.0.0.0:41617 - 0 ] INFO  ipc.Client (Client.java:handleConnectionFailure(1010)) - Retrying connect to server: 0.0.0.0/0.0.0.0:41617. Already tried 8 time(s); retry policy is RetryUpToMaximumCountWithFixedSleep(maxRetries=15, sleepTime=1000 MILLISECONDS)
2023-02-28 04:33:14,539 [Listener at 127.0.0.1/41931] INFO  handler.ContextHandler (ContextHandler.java:doStart(921)) - Started o.e.j.w.WebAppContext@1ddef9d8{hddsDatanode,/,file:///tmp/jetty-0_0_0_0-44177-hdds-container-service-1_4_0-SNAPSHOT_jar-_-any-470951219985111167/webapp/,AVAILABLE}{jar:file:/home/runner/.m2/repository/org/apache/ozone/hdds-container-service/1.4.0-SNAPSHOT/hdds-container-service-1.4.0-SNAPSHOT.jar!/webapps/hddsDatanode}
2023-02-28 04:33:14,541 [Listener at 127.0.0.1/41931] INFO  server.AbstractConnector (AbstractConnector.java:doStart(333)) - Started ServerConnector@736ed2e9{HTTP/1.1, (http/1.1)}{0.0.0.0:44177}
2023-02-28 04:33:14,541 [Listener at 127.0.0.1/41931] INFO  server.Server (Server.java:doStart(415)) - Started @67718ms
2023-02-28 04:33:14,541 [Listener at 127.0.0.1/41931] WARN  impl.MetricsSystemImpl (MetricsSystemImpl.java:register(279)) - Sink prometheus already exists!
2023-02-28 04:33:14,542 [Listener at 127.0.0.1/41931] INFO  http.BaseHttpServer (BaseHttpServer.java:updateConnectorAddress(333)) - HTTP server of hddsDatanode listening at http://0.0.0.0:44177
2023-02-28 04:33:14,542 [Datanode State Machine Daemon Thread] INFO  statemachine.DatanodeStateMachine (DatanodeStateMachine.java:lambda$startDaemon$0(516)) - Ozone container server started.
2023-02-28 04:33:14,542 [Listener at 127.0.0.1/41931] WARN  impl.MetricRegistriesImpl (MetricRegistriesImpl.java:addReporterRegistration(111)) - New reporters are added after registries were created. Some metrics will be missing from the reporter. Please add reporter before adding any new registry.
2023-02-28 04:33:14,543 [Listener at 127.0.0.1/41931] WARN  impl.MetricRegistriesImpl (MetricRegistriesImpl.java:addReporterRegistration(111)) - New reporters are added after registries were created. Some metrics will be missing from the reporter. Please add reporter before adding any new registry.
2023-02-28 04:33:14,543 [Listener at 127.0.0.1/41931] INFO  impl.MetricsSystemImpl (MetricsSystemImpl.java:init(158)) - HddsDatanode metrics system started (again)
2023-02-28 04:33:14,553 [org.apache.hadoop.util.JvmPauseMonitor$Monitor@bed6f12] INFO  util.JvmPauseMonitor (JvmPauseMonitor.java:run(188)) - Starting JVM pause monitor
2023-02-28 04:33:14,554 [Listener at 127.0.0.1/41931] INFO  ozone.HddsDatanodeService (HddsDatanodeService.java:start(228)) - HddsDatanodeService host:fv-az467-141 ip:10.1.0.42
2023-02-28 04:33:14,557 [Datanode State Machine Task Thread - 0] INFO  datanode.InitDatanodeState (InitDatanodeState.java:persistContainerDatanodeDetails(138)) - DatanodeDetails is persisted to /home/runner/work/ozone/ozone/hadoop-ozone/integration-test/target/test-dir/MiniOzoneClusterImpl-2052965b-440d-4b09-b4b3-db311f243d80/datanode-1/meta/datanode.id
2023-02-28 04:33:14,574 [Listener at 127.0.0.1/41931] INFO  upgrade.AbstractLayoutVersionManager (AbstractLayoutVersionManager.java:init(83)) - Initializing Layout version manager with metadata layout = DATANODE_SCHEMA_V3 (version = 4), software layout = DATANODE_SCHEMA_V3 (version = 4)
2023-02-28 04:33:14,623 [Listener at 127.0.0.1/41931] INFO  reflections.Reflections (Reflections.java:scan(232)) - Reflections took 47 ms to scan 7 urls, producing 151 keys and 363 values 
2023-02-28 04:33:14,625 [Listener at 127.0.0.1/41931] INFO  statemachine.DatanodeStateMachine (DatanodeStateMachine.java:getEndPointTaskThreadPoolSize(260)) - Datanode State Machine Task Thread Pool size 2
2023-02-28 04:33:14,630 [Listener at 127.0.0.1/41931] INFO  volume.HddsVolume (HddsVolume.java:<init>(122)) - Creating HddsVolume: /home/runner/work/ozone/ozone/hadoop-ozone/integration-test/target/test-dir/MiniOzoneClusterImpl-2052965b-440d-4b09-b4b3-db311f243d80/datanode-2/data-0/containers/hdds of storage type : DISK capacity : 9223372036854775807
2023-02-28 04:33:14,630 [Listener at 127.0.0.1/41931] INFO  volume.MutableVolumeSet (MutableVolumeSet.java:initializeVolumeSet(174)) - Added Volume : /home/runner/work/ozone/ozone/hadoop-ozone/integration-test/target/test-dir/MiniOzoneClusterImpl-2052965b-440d-4b09-b4b3-db311f243d80/datanode-2/data-0/containers/hdds to VolumeSet
2023-02-28 04:33:14,630 [Listener at 127.0.0.1/41931] INFO  volume.ThrottledAsyncChecker (ThrottledAsyncChecker.java:schedule(141)) - Scheduling a check for /home/runner/work/ozone/ozone/hadoop-ozone/integration-test/target/test-dir/MiniOzoneClusterImpl-2052965b-440d-4b09-b4b3-db311f243d80/datanode-2/data-0/containers/hdds
2023-02-28 04:33:14,632 [Listener at 127.0.0.1/41931] INFO  volume.StorageVolumeChecker (StorageVolumeChecker.java:checkAllVolumes(202)) - Scheduled health check for volume /home/runner/work/ozone/ozone/hadoop-ozone/integration-test/target/test-dir/MiniOzoneClusterImpl-2052965b-440d-4b09-b4b3-db311f243d80/datanode-2/data-0/containers/hdds
2023-02-28 04:33:14,643 [Listener at 127.0.0.1/41931] INFO  volume.MutableVolumeSet (MutableVolumeSet.java:initializeVolumeSet(174)) - Added Volume : /home/runner/work/ozone/ozone/hadoop-ozone/integration-test/target/test-dir/MiniOzoneClusterImpl-2052965b-440d-4b09-b4b3-db311f243d80/datanode-2/data/ratis to VolumeSet
2023-02-28 04:33:14,644 [Listener at 127.0.0.1/41931] INFO  volume.ThrottledAsyncChecker (ThrottledAsyncChecker.java:schedule(141)) - Scheduling a check for /home/runner/work/ozone/ozone/hadoop-ozone/integration-test/target/test-dir/MiniOzoneClusterImpl-2052965b-440d-4b09-b4b3-db311f243d80/datanode-2/data/ratis
2023-02-28 04:33:14,644 [Listener at 127.0.0.1/41931] INFO  volume.StorageVolumeChecker (StorageVolumeChecker.java:checkAllVolumes(202)) - Scheduled health check for volume /home/runner/work/ozone/ozone/hadoop-ozone/integration-test/target/test-dir/MiniOzoneClusterImpl-2052965b-440d-4b09-b4b3-db311f243d80/datanode-2/data/ratis
2023-02-28 04:33:14,655 [Thread-7681] INFO  ozoneimpl.ContainerReader (ContainerReader.java:readVolume(175)) - Finish verifying containers on volume /home/runner/work/ozone/ozone/hadoop-ozone/integration-test/target/test-dir/MiniOzoneClusterImpl-2052965b-440d-4b09-b4b3-db311f243d80/datanode-2/data-0/containers/hdds
2023-02-28 04:33:14,655 [Listener at 127.0.0.1/41931] INFO  ozoneimpl.OzoneContainer (OzoneContainer.java:buildContainerSet(304)) - Build ContainerSet costs 0s
2023-02-28 04:33:14,658 [Listener at 127.0.0.1/41931] INFO  server.RaftServer (ConfUtils.java:logGet(46)) - raft.rpc.type = GRPC (default)
2023-02-28 04:33:14,658 [Listener at 127.0.0.1/41931] INFO  grpc.GrpcConfigKeys (ConfUtils.java:logFallback(53)) - raft.grpc.admin.host = null (fallback to raft.grpc.server.host)
2023-02-28 04:33:14,658 [Listener at 127.0.0.1/41931] INFO  grpc.GrpcConfigKeys (ConfUtils.java:logGet(46)) - raft.grpc.admin.port = 0 (custom)
2023-02-28 04:33:14,658 [Listener at 127.0.0.1/41931] INFO  grpc.GrpcConfigKeys (ConfUtils.java:logFallback(53)) - raft.grpc.client.host = null (fallback to raft.grpc.server.host)
2023-02-28 04:33:14,658 [Listener at 127.0.0.1/41931] INFO  grpc.GrpcConfigKeys (ConfUtils.java:logGet(46)) - raft.grpc.client.port = 0 (custom)
2023-02-28 04:33:14,658 [Listener at 127.0.0.1/41931] INFO  grpc.GrpcConfigKeys (ConfUtils.java:logGet(46)) - raft.grpc.server.host = null (default)
2023-02-28 04:33:14,658 [Listener at 127.0.0.1/41931] INFO  grpc.GrpcConfigKeys (ConfUtils.java:logGet(46)) - raft.grpc.server.port = 0 (default)
2023-02-28 04:33:14,659 [Listener at 127.0.0.1/41931] INFO  server.GrpcService (ConfUtils.java:logGet(46)) - raft.grpc.message.size.max = 32MB (=33554432) (custom)
2023-02-28 04:33:14,659 [Listener at 127.0.0.1/41931] INFO  server.RaftServerConfigKeys (ConfUtils.java:logGet(46)) - raft.server.log.appender.buffer.byte-limit = 33554432 (custom)
2023-02-28 04:33:14,659 [Listener at 127.0.0.1/41931] INFO  server.GrpcService (ConfUtils.java:logGet(46)) - raft.grpc.flow.control.window = 5MB (=5242880) (custom)
2023-02-28 04:33:14,659 [Listener at 127.0.0.1/41931] INFO  server.RaftServerConfigKeys (ConfUtils.java:logGet(46)) - raft.server.rpc.request.timeout = 60s (custom)
2023-02-28 04:33:14,659 [Listener at 127.0.0.1/41931] INFO  grpc.GrpcConfigKeys (ConfUtils.java:logGet(46)) - raft.grpc.server.heartbeat.channel = true (default)
2023-02-28 04:33:14,659 [Listener at 127.0.0.1/41931] INFO  grpc.GrpcConfigKeys (ConfUtils.java:logGet(46)) - raft.grpc.server.async.request.thread.pool.cached = true (default)
2023-02-28 04:33:14,659 [Listener at 127.0.0.1/41931] INFO  grpc.GrpcConfigKeys (ConfUtils.java:logGet(46)) - raft.grpc.server.async.request.thread.pool.size = 32 (default)
2023-02-28 04:33:14,660 [Listener at 127.0.0.1/41931] INFO  impl.DataStreamServerImpl (ConfUtils.java:logGet(46)) - raft.datastream.type = NETTY (custom)
2023-02-28 04:33:14,661 [Listener at 127.0.0.1/41931] INFO  server.RaftServerConfigKeys (ConfUtils.java:logGet(46)) - raft.server.data-stream.async.request.thread.pool.cached = false (default)
2023-02-28 04:33:14,661 [Listener at 127.0.0.1/41931] INFO  server.RaftServerConfigKeys (ConfUtils.java:logGet(46)) - raft.server.data-stream.async.request.thread.pool.size = 20 (custom)
2023-02-28 04:33:14,661 [Listener at 127.0.0.1/41931] INFO  server.RaftServerConfigKeys (ConfUtils.java:logGet(46)) - raft.server.data-stream.async.write.thread.pool.size = 16 (default)
2023-02-28 04:33:14,661 [Listener at 127.0.0.1/41931] INFO  server.RaftServerConfigKeys (ConfUtils.java:logGet(46)) - raft.server.data-stream.client.pool.size = 10 (default)
2023-02-28 04:33:14,661 [Listener at 127.0.0.1/41931] INFO  netty.NettyConfigKeys$DataStream (ConfUtils.java:logGet(46)) - raft.netty.dataStream.server.use-epoll = false (default)
2023-02-28 04:33:14,661 [Listener at 127.0.0.1/41931] INFO  netty.NettyConfigKeys$DataStream (ConfUtils.java:logGet(46)) - raft.netty.dataStream.server.boss-group.size = 0 (default)
2023-02-28 04:33:14,662 [Listener at 127.0.0.1/41931] INFO  netty.NettyConfigKeys$DataStream (ConfUtils.java:logGet(46)) - raft.netty.dataStream.server.worker-group.size = 0 (default)
2023-02-28 04:33:14,662 [Listener at 127.0.0.1/41931] INFO  netty.NettyConfigKeys$DataStream (ConfUtils.java:logGet(46)) - raft.netty.dataStream.server.tls.conf = null (default)
2023-02-28 04:33:14,662 [Listener at 127.0.0.1/41931] INFO  netty.NettyConfigKeys$DataStream (ConfUtils.java:logGet(46)) - raft.netty.dataStream.host = null (default)
2023-02-28 04:33:14,662 [Listener at 127.0.0.1/41931] INFO  netty.NettyConfigKeys$DataStream (ConfUtils.java:logGet(46)) - raft.netty.dataStream.port = 0 (default)
2023-02-28 04:33:14,662 [Listener at 127.0.0.1/41931] INFO  server.RaftServerConfigKeys (ConfUtils.java:logGet(46)) - raft.server.threadpool.proxy.cached = true (default)
2023-02-28 04:33:14,662 [Listener at 127.0.0.1/41931] INFO  server.RaftServerConfigKeys (ConfUtils.java:logGet(46)) - raft.server.threadpool.proxy.size = 0 (default)
2023-02-28 04:33:14,663 [Listener at 127.0.0.1/41931] INFO  server.RaftServerConfigKeys (ConfUtils.java:logGet(46)) - raft.server.rpc.slowness.timeout = 300s (custom)
2023-02-28 04:33:14,663 [Listener at 127.0.0.1/41931] INFO  server.RaftServerConfigKeys (ConfUtils.java:logGet(46)) - raft.server.leaderelection.leader.step-down.wait-time = 10s (default)
2023-02-28 04:33:14,663 [Listener at 127.0.0.1/41931] INFO  server.RaftServerConfigKeys (ConfUtils.java:logGet(46)) - raft.server.storage.dir = [/home/runner/work/ozone/ozone/hadoop-ozone/integration-test/target/test-dir/MiniOzoneClusterImpl-2052965b-440d-4b09-b4b3-db311f243d80/datanode-2/data/ratis] (custom)
2023-02-28 04:33:14,663 [63ce3e96-5e66-48af-ac7f-186cbfb55a60-NettyServerStreamRpc-bossGroup--thread1] INFO  logging.LoggingHandler (AbstractInternalLogger.java:log(148)) - [id: 0xf1592993] REGISTERED
2023-02-28 04:33:14,663 [63ce3e96-5e66-48af-ac7f-186cbfb55a60-NettyServerStreamRpc-bossGroup--thread1] INFO  logging.LoggingHandler (AbstractInternalLogger.java:log(148)) - [id: 0xf1592993] BIND: 0.0.0.0/0.0.0.0:0
2023-02-28 04:33:14,664 [63ce3e96-5e66-48af-ac7f-186cbfb55a60-NettyServerStreamRpc-bossGroup--thread1] INFO  logging.LoggingHandler (AbstractInternalLogger.java:log(148)) - [id: 0xf1592993, L:/0:0:0:0:0:0:0:0:39963] ACTIVE
2023-02-28 04:33:14,665 [Listener at 127.0.0.1/41931] INFO  server.XceiverServerGrpc (XceiverServerGrpc.java:<init>(132)) - GrpcServer channel type EpollServerSocketChannel
2023-02-28 04:33:14,668 [Listener at 127.0.0.1/41931] INFO  http.BaseHttpServer (BaseHttpServer.java:newHttpServer2BuilderForOzone(213)) - Starting Web-server for hddsDatanode at: http://0.0.0.0:0
2023-02-28 04:33:14,668 [Listener at 127.0.0.1/41931] INFO  http.BaseHttpServer (BaseHttpServer.java:<init>(108)) - Hadoop Security Enabled: false Ozone Security Enabled: false Ozone HTTP Security Enabled: false 
2023-02-28 04:33:14,670 [Listener at 127.0.0.1/41931] WARN  server.AuthenticationFilter (AuthenticationFilter.java:constructSecretProvider(240)) - Unable to initialize FileSignerSecretProvider, falling back to use random secrets. Reason: Could not read signature secret file: /home/runner/hadoop-http-auth-signature-secret
2023-02-28 04:33:14,671 [Listener at 127.0.0.1/41931] WARN  http.HttpRequestLog (HttpRequestLog.java:getRequestLog(103)) - Jetty request log can only be enabled using Log4j
2023-02-28 04:33:14,672 [Listener at 127.0.0.1/41931] INFO  http.HttpServer2 (HttpServer2.java:addGlobalFilter(1031)) - Added global filter 'safety' (class=org.apache.hadoop.hdds.server.http.HttpServer2$QuotingInputFilter)
2023-02-28 04:33:14,673 [Listener at 127.0.0.1/41931] INFO  http.HttpServer2 (HttpServer2.java:addFilter(1007)) - Added filter static_user_filter (class=org.apache.hadoop.http.lib.StaticUserWebFilter$StaticUserFilter) to context hddsDatanode
2023-02-28 04:33:14,673 [Listener at 127.0.0.1/41931] INFO  http.HttpServer2 (HttpServer2.java:addFilter(1015)) - Added filter static_user_filter (class=org.apache.hadoop.http.lib.StaticUserWebFilter$StaticUserFilter) to context logs
2023-02-28 04:33:14,673 [Listener at 127.0.0.1/41931] INFO  http.HttpServer2 (HttpServer2.java:addFilter(1015)) - Added filter static_user_filter (class=org.apache.hadoop.http.lib.StaticUserWebFilter$StaticUserFilter) to context static
2023-02-28 04:33:14,673 [Listener at 127.0.0.1/41931] INFO  http.HttpServer2 (HttpServer2.java:bindListener(1250)) - Jetty bound to port 45129
2023-02-28 04:33:14,673 [Listener at 127.0.0.1/41931] INFO  server.Server (Server.java:doStart(375)) - jetty-9.4.49.v20220914; built: 2022-09-14T01:07:36.601Z; git: 4231a3b2e4cb8548a412a789936d640a97b1aa0a; jvm 1.8.0_362-b09
2023-02-28 04:33:14,675 [Listener at 127.0.0.1/41931] INFO  server.session (DefaultSessionIdManager.java:doStart(334)) - DefaultSessionIdManager workerName=node0
2023-02-28 04:33:14,675 [Listener at 127.0.0.1/41931] INFO  server.session (DefaultSessionIdManager.java:doStart(339)) - No SessionScavenger set, using defaults
2023-02-28 04:33:14,675 [Listener at 127.0.0.1/41931] INFO  server.session (HouseKeeper.java:startScavenging(132)) - node0 Scavenging every 600000ms
2023-02-28 04:33:14,675 [Listener at 127.0.0.1/41931] INFO  handler.ContextHandler (ContextHandler.java:doStart(921)) - Started o.e.j.s.ServletContextHandler@5751fab1{logs,/logs,file:///home/runner/work/ozone/ozone/hadoop-ozone/integration-test/target/log,AVAILABLE}
2023-02-28 04:33:14,676 [Listener at 127.0.0.1/41931] INFO  handler.ContextHandler (ContextHandler.java:doStart(921)) - Started o.e.j.s.ServletContextHandler@2f883749{static,/static,jar:file:/home/runner/.m2/repository/org/apache/ozone/hdds-container-service/1.4.0-SNAPSHOT/hdds-container-service-1.4.0-SNAPSHOT.jar!/webapps/static,AVAILABLE}
2023-02-28 04:33:14,886 [Listener at 127.0.0.1/41931] INFO  handler.ContextHandler (ContextHandler.java:doStart(921)) - Started o.e.j.w.WebAppContext@79e4f8b6{hddsDatanode,/,file:///tmp/jetty-0_0_0_0-45129-hdds-container-service-1_4_0-SNAPSHOT_jar-_-any-6109228588209094316/webapp/,AVAILABLE}{jar:file:/home/runner/.m2/repository/org/apache/ozone/hdds-container-service/1.4.0-SNAPSHOT/hdds-container-service-1.4.0-SNAPSHOT.jar!/webapps/hddsDatanode}
2023-02-28 04:33:14,887 [Listener at 127.0.0.1/41931] INFO  server.AbstractConnector (AbstractConnector.java:doStart(333)) - Started ServerConnector@19102b23{HTTP/1.1, (http/1.1)}{0.0.0.0:45129}
2023-02-28 04:33:14,888 [Listener at 127.0.0.1/41931] INFO  server.Server (Server.java:doStart(415)) - Started @68064ms
2023-02-28 04:33:14,888 [Listener at 127.0.0.1/41931] WARN  impl.MetricsSystemImpl (MetricsSystemImpl.java:register(279)) - Sink prometheus already exists!
2023-02-28 04:33:14,888 [Listener at 127.0.0.1/41931] INFO  http.BaseHttpServer (BaseHttpServer.java:updateConnectorAddress(333)) - HTTP server of hddsDatanode listening at http://0.0.0.0:45129
2023-02-28 04:33:14,889 [Listener at 127.0.0.1/41931] INFO  ozone.MiniOzoneClusterImpl (MiniOzoneClusterImpl.java:lambda$waitForClusterToBeReady$0(218)) - Waiting for nodes to be ready. Got 0 of 3 DN Heartbeats.
2023-02-28 04:33:14,889 [Listener at 127.0.0.1/41931] INFO  ozone.MiniOzoneClusterImpl (MiniOzoneClusterImpl.java:lambda$waitForClusterToBeReady$0(221)) - Waiting for cluster to exit safe mode
2023-02-28 04:33:14,889 [Listener at 127.0.0.1/41931] INFO  ozone.MiniOzoneClusterImpl (MiniOzoneClusterImpl.java:lambda$waitForClusterToBeReady$0(223)) - SCM became leader
2023-02-28 04:33:14,889 [Datanode State Machine Daemon Thread] INFO  statemachine.DatanodeStateMachine (DatanodeStateMachine.java:lambda$startDaemon$0(516)) - Ozone container server started.
2023-02-28 04:33:14,896 [org.apache.hadoop.util.JvmPauseMonitor$Monitor@44aae8be] INFO  util.JvmPauseMonitor (JvmPauseMonitor.java:run(188)) - Starting JVM pause monitor
2023-02-28 04:33:14,897 [Datanode State Machine Task Thread - 0] INFO  datanode.InitDatanodeState (InitDatanodeState.java:persistContainerDatanodeDetails(138)) - DatanodeDetails is persisted to /home/runner/work/ozone/ozone/hadoop-ozone/integration-test/target/test-dir/MiniOzoneClusterImpl-2052965b-440d-4b09-b4b3-db311f243d80/datanode-2/meta/datanode.id
2023-02-28 04:33:15,333 [EndpointStateMachine task thread for /0.0.0.0:41617 - 0 ] INFO  ipc.Client (Client.java:handleConnectionFailure(1010)) - Retrying connect to server: 0.0.0.0/0.0.0.0:41617. Already tried 9 time(s); retry policy is RetryUpToMaximumCountWithFixedSleep(maxRetries=15, sleepTime=1000 MILLISECONDS)
2023-02-28 04:33:15,889 [Listener at 127.0.0.1/41931] INFO  ozone.MiniOzoneClusterImpl (MiniOzoneClusterImpl.java:lambda$waitForClusterToBeReady$0(218)) - Waiting for nodes to be ready. Got 0 of 3 DN Heartbeats.
2023-02-28 04:33:15,889 [Listener at 127.0.0.1/41931] INFO  ozone.MiniOzoneClusterImpl (MiniOzoneClusterImpl.java:lambda$waitForClusterToBeReady$0(221)) - Waiting for cluster to exit safe mode
2023-02-28 04:33:15,889 [Listener at 127.0.0.1/41931] INFO  ozone.MiniOzoneClusterImpl (MiniOzoneClusterImpl.java:lambda$waitForClusterToBeReady$0(223)) - SCM became leader
2023-02-28 04:33:16,263 [EndpointStateMachine task thread for /0.0.0.0:32873 - 0 ] INFO  utils.DatanodeStoreCache (DatanodeStoreCache.java:addDB(58)) - Added db /home/runner/work/ozone/ozone/hadoop-ozone/integration-test/target/test-dir/MiniOzoneClusterImpl-2052965b-440d-4b09-b4b3-db311f243d80/datanode-0/data-0/containers/hdds/2052965b-440d-4b09-b4b3-db311f243d80/DS-7cf0ca46-335c-4b62-b2b1-732b63a69214/container.db to cache
2023-02-28 04:33:16,263 [EndpointStateMachine task thread for /0.0.0.0:32873 - 0 ] INFO  volume.HddsVolume (HddsVolume.java:createDbStore(331)) - SchemaV3 db is created and loaded at /home/runner/work/ozone/ozone/hadoop-ozone/integration-test/target/test-dir/MiniOzoneClusterImpl-2052965b-440d-4b09-b4b3-db311f243d80/datanode-0/data-0/containers/hdds/2052965b-440d-4b09-b4b3-db311f243d80/DS-7cf0ca46-335c-4b62-b2b1-732b63a69214/container.db for volume DS-7cf0ca46-335c-4b62-b2b1-732b63a69214
2023-02-28 04:33:16,263 [EndpointStateMachine task thread for /0.0.0.0:32873 - 0 ] INFO  ozoneimpl.OzoneContainer (OzoneContainer.java:start(398)) - Attempting to start container services.
2023-02-28 04:33:16,264 [EndpointStateMachine task thread for /0.0.0.0:32873 - 0 ] INFO  ozoneimpl.OzoneContainer (OzoneContainer.java:startContainerScrub(315)) - Scheduled background container scanners and the on-demand container scanner have been disabled.
2023-02-28 04:33:16,267 [EndpointStateMachine task thread for /0.0.0.0:32873 - 0 ] INFO  replication.ReplicationServer (ReplicationServer.java:start(109)) - ReplicationServer is started using port 35135
2023-02-28 04:33:16,268 [EndpointStateMachine task thread for /0.0.0.0:32873 - 0 ] INFO  ratis.XceiverServerRatis (XceiverServerRatis.java:start(518)) - Starting XceiverServerRatis 29422ebe-f196-450d-94bb-6e1d0bb3bd81
2023-02-28 04:33:16,268 [EndpointStateMachine task thread for /0.0.0.0:32873 - 0 ] INFO  server.RaftServer (RaftServerProxy.java:startImpl(393)) - 29422ebe-f196-450d-94bb-6e1d0bb3bd81: start RPC server
2023-02-28 04:33:16,270 [EndpointStateMachine task thread for /0.0.0.0:32873 - 0 ] INFO  server.GrpcService (GrpcService.java:startImpl(262)) - 29422ebe-f196-450d-94bb-6e1d0bb3bd81: GrpcService started, listening on 33763
2023-02-28 04:33:16,270 [EndpointStateMachine task thread for /0.0.0.0:32873 - 0 ] INFO  ratis.XceiverServerRatis (XceiverServerRatis.java:getRealPort(544)) - XceiverServerRatis 29422ebe-f196-450d-94bb-6e1d0bb3bd81 is started using port 33763 for RATIS
2023-02-28 04:33:16,270 [JvmPauseMonitor9] INFO  util.JvmPauseMonitor (JvmPauseMonitor.java:run(105)) - JvmPauseMonitor-29422ebe-f196-450d-94bb-6e1d0bb3bd81: Started
2023-02-28 04:33:16,270 [EndpointStateMachine task thread for /0.0.0.0:32873 - 0 ] INFO  ratis.XceiverServerRatis (XceiverServerRatis.java:getRealPort(544)) - XceiverServerRatis 29422ebe-f196-450d-94bb-6e1d0bb3bd81 is started using port 33763 for RATIS_ADMIN
2023-02-28 04:33:16,270 [EndpointStateMachine task thread for /0.0.0.0:32873 - 0 ] INFO  ratis.XceiverServerRatis (XceiverServerRatis.java:getRealPort(544)) - XceiverServerRatis 29422ebe-f196-450d-94bb-6e1d0bb3bd81 is started using port 33763 for RATIS_SERVER
2023-02-28 04:33:16,270 [EndpointStateMachine task thread for /0.0.0.0:32873 - 0 ] INFO  ratis.XceiverServerRatis (XceiverServerRatis.java:getRealPort(544)) - XceiverServerRatis 29422ebe-f196-450d-94bb-6e1d0bb3bd81 is started using port 41017 for RATIS_DATASTREAM
2023-02-28 04:33:16,273 [EndpointStateMachine task thread for /0.0.0.0:32873 - 0 ] INFO  server.XceiverServerGrpc (XceiverServerGrpc.java:start(180)) - XceiverServerGrpc 29422ebe-f196-450d-94bb-6e1d0bb3bd81 is started using port 40327
2023-02-28 04:33:16,274 [BlockDeletingService#0] INFO  interfaces.ContainerDeletionChoosingPolicyTemplate (ContainerDeletionChoosingPolicyTemplate.java:chooseContainerForBlockDeletion(83)) - Chosen 0/5000 blocks from 0 candidate containers.
2023-02-28 04:33:16,333 [EndpointStateMachine task thread for /0.0.0.0:41617 - 0 ] INFO  ipc.Client (Client.java:handleConnectionFailure(1010)) - Retrying connect to server: 0.0.0.0/0.0.0.0:41617. Already tried 10 time(s); retry policy is RetryUpToMaximumCountWithFixedSleep(maxRetries=15, sleepTime=1000 MILLISECONDS)
2023-02-28 04:33:16,583 [EndpointStateMachine task thread for /0.0.0.0:32873 - 0 ] INFO  utils.DatanodeStoreCache (DatanodeStoreCache.java:addDB(58)) - Added db /home/runner/work/ozone/ozone/hadoop-ozone/integration-test/target/test-dir/MiniOzoneClusterImpl-2052965b-440d-4b09-b4b3-db311f243d80/datanode-1/data-0/containers/hdds/2052965b-440d-4b09-b4b3-db311f243d80/DS-309506f0-c1c1-4c3c-b6e9-8ccc7939af9a/container.db to cache
2023-02-28 04:33:16,583 [EndpointStateMachine task thread for /0.0.0.0:32873 - 0 ] INFO  volume.HddsVolume (HddsVolume.java:createDbStore(331)) - SchemaV3 db is created and loaded at /home/runner/work/ozone/ozone/hadoop-ozone/integration-test/target/test-dir/MiniOzoneClusterImpl-2052965b-440d-4b09-b4b3-db311f243d80/datanode-1/data-0/containers/hdds/2052965b-440d-4b09-b4b3-db311f243d80/DS-309506f0-c1c1-4c3c-b6e9-8ccc7939af9a/container.db for volume DS-309506f0-c1c1-4c3c-b6e9-8ccc7939af9a
2023-02-28 04:33:16,583 [EndpointStateMachine task thread for /0.0.0.0:32873 - 0 ] INFO  ozoneimpl.OzoneContainer (OzoneContainer.java:start(398)) - Attempting to start container services.
2023-02-28 04:33:16,584 [EndpointStateMachine task thread for /0.0.0.0:32873 - 0 ] INFO  ozoneimpl.OzoneContainer (OzoneContainer.java:startContainerScrub(315)) - Scheduled background container scanners and the on-demand container scanner have been disabled.
2023-02-28 04:33:16,586 [EndpointStateMachine task thread for /0.0.0.0:32873 - 0 ] INFO  replication.ReplicationServer (ReplicationServer.java:start(109)) - ReplicationServer is started using port 35753
2023-02-28 04:33:16,586 [EndpointStateMachine task thread for /0.0.0.0:32873 - 0 ] INFO  ratis.XceiverServerRatis (XceiverServerRatis.java:start(518)) - Starting XceiverServerRatis 78ee39fe-738f-4360-8617-136cda5f4ce0
2023-02-28 04:33:16,587 [EndpointStateMachine task thread for /0.0.0.0:32873 - 0 ] INFO  server.RaftServer (RaftServerProxy.java:startImpl(393)) - 78ee39fe-738f-4360-8617-136cda5f4ce0: start RPC server
2023-02-28 04:33:16,590 [EndpointStateMachine task thread for /0.0.0.0:32873 - 0 ] INFO  server.GrpcService (GrpcService.java:startImpl(262)) - 78ee39fe-738f-4360-8617-136cda5f4ce0: GrpcService started, listening on 42389
2023-02-28 04:33:16,593 [EndpointStateMachine task thread for /0.0.0.0:32873 - 0 ] INFO  ratis.XceiverServerRatis (XceiverServerRatis.java:getRealPort(544)) - XceiverServerRatis 78ee39fe-738f-4360-8617-136cda5f4ce0 is started using port 42389 for RATIS
2023-02-28 04:33:16,593 [EndpointStateMachine task thread for /0.0.0.0:32873 - 0 ] INFO  ratis.XceiverServerRatis (XceiverServerRatis.java:getRealPort(544)) - XceiverServerRatis 78ee39fe-738f-4360-8617-136cda5f4ce0 is started using port 42389 for RATIS_ADMIN
2023-02-28 04:33:16,593 [EndpointStateMachine task thread for /0.0.0.0:32873 - 0 ] INFO  ratis.XceiverServerRatis (XceiverServerRatis.java:getRealPort(544)) - XceiverServerRatis 78ee39fe-738f-4360-8617-136cda5f4ce0 is started using port 42389 for RATIS_SERVER
2023-02-28 04:33:16,593 [EndpointStateMachine task thread for /0.0.0.0:32873 - 0 ] INFO  ratis.XceiverServerRatis (XceiverServerRatis.java:getRealPort(544)) - XceiverServerRatis 78ee39fe-738f-4360-8617-136cda5f4ce0 is started using port 32921 for RATIS_DATASTREAM
2023-02-28 04:33:16,594 [JvmPauseMonitor10] INFO  util.JvmPauseMonitor (JvmPauseMonitor.java:run(105)) - JvmPauseMonitor-78ee39fe-738f-4360-8617-136cda5f4ce0: Started
2023-02-28 04:33:16,602 [EndpointStateMachine task thread for /0.0.0.0:32873 - 0 ] INFO  server.XceiverServerGrpc (XceiverServerGrpc.java:start(180)) - XceiverServerGrpc 78ee39fe-738f-4360-8617-136cda5f4ce0 is started using port 45611
2023-02-28 04:33:16,611 [BlockDeletingService#0] INFO  interfaces.ContainerDeletionChoosingPolicyTemplate (ContainerDeletionChoosingPolicyTemplate.java:chooseContainerForBlockDeletion(83)) - Chosen 0/5000 blocks from 0 candidate containers.
2023-02-28 04:33:16,890 [Listener at 127.0.0.1/41931] INFO  ozone.MiniOzoneClusterImpl (MiniOzoneClusterImpl.java:lambda$waitForClusterToBeReady$0(218)) - Waiting for nodes to be ready. Got 0 of 3 DN Heartbeats.
2023-02-28 04:33:16,890 [Listener at 127.0.0.1/41931] INFO  ozone.MiniOzoneClusterImpl (MiniOzoneClusterImpl.java:lambda$waitForClusterToBeReady$0(221)) - Waiting for cluster to exit safe mode
2023-02-28 04:33:16,890 [Listener at 127.0.0.1/41931] INFO  ozone.MiniOzoneClusterImpl (MiniOzoneClusterImpl.java:lambda$waitForClusterToBeReady$0(223)) - SCM became leader
2023-02-28 04:33:16,935 [EndpointStateMachine task thread for /0.0.0.0:32873 - 0 ] INFO  utils.DatanodeStoreCache (DatanodeStoreCache.java:addDB(58)) - Added db /home/runner/work/ozone/ozone/hadoop-ozone/integration-test/target/test-dir/MiniOzoneClusterImpl-2052965b-440d-4b09-b4b3-db311f243d80/datanode-2/data-0/containers/hdds/2052965b-440d-4b09-b4b3-db311f243d80/DS-7be980a7-ac97-49a0-8be5-354f6e280fdc/container.db to cache
2023-02-28 04:33:16,935 [EndpointStateMachine task thread for /0.0.0.0:32873 - 0 ] INFO  volume.HddsVolume (HddsVolume.java:createDbStore(331)) - SchemaV3 db is created and loaded at /home/runner/work/ozone/ozone/hadoop-ozone/integration-test/target/test-dir/MiniOzoneClusterImpl-2052965b-440d-4b09-b4b3-db311f243d80/datanode-2/data-0/containers/hdds/2052965b-440d-4b09-b4b3-db311f243d80/DS-7be980a7-ac97-49a0-8be5-354f6e280fdc/container.db for volume DS-7be980a7-ac97-49a0-8be5-354f6e280fdc
2023-02-28 04:33:16,937 [EndpointStateMachine task thread for /0.0.0.0:32873 - 0 ] INFO  ozoneimpl.OzoneContainer (OzoneContainer.java:start(398)) - Attempting to start container services.
2023-02-28 04:33:16,937 [EndpointStateMachine task thread for /0.0.0.0:32873 - 0 ] INFO  ozoneimpl.OzoneContainer (OzoneContainer.java:startContainerScrub(315)) - Scheduled background container scanners and the on-demand container scanner have been disabled.
2023-02-28 04:33:16,942 [EndpointStateMachine task thread for /0.0.0.0:32873 - 0 ] INFO  replication.ReplicationServer (ReplicationServer.java:start(109)) - ReplicationServer is started using port 42287
2023-02-28 04:33:16,943 [EndpointStateMachine task thread for /0.0.0.0:32873 - 0 ] INFO  ratis.XceiverServerRatis (XceiverServerRatis.java:start(518)) - Starting XceiverServerRatis 63ce3e96-5e66-48af-ac7f-186cbfb55a60
2023-02-28 04:33:16,948 [EndpointStateMachine task thread for /0.0.0.0:32873 - 0 ] INFO  server.RaftServer (RaftServerProxy.java:startImpl(393)) - 63ce3e96-5e66-48af-ac7f-186cbfb55a60: start RPC server
2023-02-28 04:33:16,963 [EndpointStateMachine task thread for /0.0.0.0:32873 - 0 ] INFO  server.GrpcService (GrpcService.java:startImpl(262)) - 63ce3e96-5e66-48af-ac7f-186cbfb55a60: GrpcService started, listening on 33273
2023-02-28 04:33:16,963 [EndpointStateMachine task thread for /0.0.0.0:32873 - 0 ] INFO  ratis.XceiverServerRatis (XceiverServerRatis.java:getRealPort(544)) - XceiverServerRatis 63ce3e96-5e66-48af-ac7f-186cbfb55a60 is started using port 33273 for RATIS
2023-02-28 04:33:16,963 [EndpointStateMachine task thread for /0.0.0.0:32873 - 0 ] INFO  ratis.XceiverServerRatis (XceiverServerRatis.java:getRealPort(544)) - XceiverServerRatis 63ce3e96-5e66-48af-ac7f-186cbfb55a60 is started using port 33273 for RATIS_ADMIN
2023-02-28 04:33:16,963 [JvmPauseMonitor11] INFO  util.JvmPauseMonitor (JvmPauseMonitor.java:run(105)) - JvmPauseMonitor-63ce3e96-5e66-48af-ac7f-186cbfb55a60: Started
2023-02-28 04:33:16,963 [EndpointStateMachine task thread for /0.0.0.0:32873 - 0 ] INFO  ratis.XceiverServerRatis (XceiverServerRatis.java:getRealPort(544)) - XceiverServerRatis 63ce3e96-5e66-48af-ac7f-186cbfb55a60 is started using port 33273 for RATIS_SERVER
2023-02-28 04:33:16,963 [EndpointStateMachine task thread for /0.0.0.0:32873 - 0 ] INFO  ratis.XceiverServerRatis (XceiverServerRatis.java:getRealPort(544)) - XceiverServerRatis 63ce3e96-5e66-48af-ac7f-186cbfb55a60 is started using port 39963 for RATIS_DATASTREAM
2023-02-28 04:33:16,968 [EndpointStateMachine task thread for /0.0.0.0:32873 - 0 ] INFO  server.XceiverServerGrpc (XceiverServerGrpc.java:start(180)) - XceiverServerGrpc 63ce3e96-5e66-48af-ac7f-186cbfb55a60 is started using port 39377
2023-02-28 04:33:16,971 [BlockDeletingService#0] INFO  interfaces.ContainerDeletionChoosingPolicyTemplate (ContainerDeletionChoosingPolicyTemplate.java:chooseContainerForBlockDeletion(83)) - Chosen 0/5000 blocks from 0 candidate containers.
2023-02-28 04:33:17,334 [EndpointStateMachine task thread for /0.0.0.0:41617 - 0 ] INFO  ipc.Client (Client.java:handleConnectionFailure(1010)) - Retrying connect to server: 0.0.0.0/0.0.0.0:41617. Already tried 11 time(s); retry policy is RetryUpToMaximumCountWithFixedSleep(maxRetries=15, sleepTime=1000 MILLISECONDS)
2023-02-28 04:33:17,890 [Listener at 127.0.0.1/41931] INFO  ozone.MiniOzoneClusterImpl (MiniOzoneClusterImpl.java:lambda$waitForClusterToBeReady$0(218)) - Waiting for nodes to be ready. Got 0 of 3 DN Heartbeats.
2023-02-28 04:33:17,890 [Listener at 127.0.0.1/41931] INFO  ozone.MiniOzoneClusterImpl (MiniOzoneClusterImpl.java:lambda$waitForClusterToBeReady$0(221)) - Waiting for cluster to exit safe mode
2023-02-28 04:33:17,890 [Listener at 127.0.0.1/41931] INFO  ozone.MiniOzoneClusterImpl (MiniOzoneClusterImpl.java:lambda$waitForClusterToBeReady$0(223)) - SCM became leader
2023-02-28 04:33:18,224 [IPC Server handler 0 on default port 32873] INFO  net.NetworkTopologyImpl (NetworkTopologyImpl.java:add(112)) - Added a new node: /default-rack/29422ebe-f196-450d-94bb-6e1d0bb3bd81
2023-02-28 04:33:18,224 [IPC Server handler 0 on default port 32873] INFO  node.SCMNodeManager (SCMNodeManager.java:register(397)) - Registered Data node : 29422ebe-f196-450d-94bb-6e1d0bb3bd81{ip: 10.1.0.42, host: fv-az467-141, ports: [REPLICATION=35135, RATIS=33763, RATIS_ADMIN=33763, RATIS_SERVER=33763, RATIS_DATASTREAM=41017, STANDALONE=40327], networkLocation: /default-rack, certSerialId: null, persistedOpState: null, persistedOpStateExpiryEpochSec: 0}
2023-02-28 04:33:18,227 [EventQueue-NodeRegistrationContainerReportForDataNodeSafeModeRule] INFO  safemode.SCMSafeModeManager (DataNodeSafeModeRule.java:process(71)) - SCM in safe mode. 1 DataNodes registered, 3 required.
2023-02-28 04:33:18,227 [EventQueue-NodeRegistrationContainerReportForContainerSafeModeRule] INFO  safemode.SCMSafeModeManager (SCMSafeModeManager.java:validateSafeModeExitRules(200)) - ContainerSafeModeRule rule is successfully validated
2023-02-28 04:33:18,234 [EventQueue-NewNodeForNewNodeHandler] INFO  pipeline.BackgroundPipelineCreator (BackgroundPipelineCreator.java:notifyEventTriggered(276)) - trigger a one-shot run on RatisPipelineUtilsThread.
2023-02-28 04:33:18,234 [RatisPipelineUtilsThread - 0] INFO  pipeline.RatisPipelineProvider (RatisPipelineProvider.java:lambda$create$0(206)) - Sending CreatePipelineCommand for pipeline:PipelineID=4d8720ac-a030-49d0-8855-558b75489691 to datanode:29422ebe-f196-450d-94bb-6e1d0bb3bd81
2023-02-28 04:33:18,235 [RatisPipelineUtilsThread - 0] INFO  pipeline.PipelineStateManagerImpl (PipelineStateManagerImpl.java:addPipeline(103)) - Created pipeline Pipeline[ Id: 4d8720ac-a030-49d0-8855-558b75489691, Nodes: 29422ebe-f196-450d-94bb-6e1d0bb3bd81(fv-az467-141/10.1.0.42), ReplicationConfig: RATIS/ONE, State:ALLOCATED, leaderId:, CreationTimestamp2023-02-28T04:33:18.234Z[Etc/UTC]].
2023-02-28 04:33:18,239 [EventQueue-PipelineReportForOneReplicaPipelineSafeModeRule] INFO  safemode.SCMSafeModeManager (SCMSafeModeManager.java:validateSafeModeExitRules(200)) - AtleastOneDatanodeReportedRule rule is successfully validated
2023-02-28 04:33:18,335 [EndpointStateMachine task thread for /0.0.0.0:41617 - 0 ] INFO  ipc.Client (Client.java:handleConnectionFailure(1010)) - Retrying connect to server: 0.0.0.0/0.0.0.0:41617. Already tried 12 time(s); retry policy is RetryUpToMaximumCountWithFixedSleep(maxRetries=15, sleepTime=1000 MILLISECONDS)
2023-02-28 04:33:18,554 [IPC Server handler 3 on default port 32873] INFO  net.NetworkTopologyImpl (NetworkTopologyImpl.java:add(112)) - Added a new node: /default-rack/78ee39fe-738f-4360-8617-136cda5f4ce0
2023-02-28 04:33:18,555 [IPC Server handler 3 on default port 32873] INFO  node.SCMNodeManager (SCMNodeManager.java:register(397)) - Registered Data node : 78ee39fe-738f-4360-8617-136cda5f4ce0{ip: 10.1.0.42, host: fv-az467-141, ports: [REPLICATION=35753, RATIS=42389, RATIS_ADMIN=42389, RATIS_SERVER=42389, RATIS_DATASTREAM=32921, STANDALONE=45611], networkLocation: /default-rack, certSerialId: null, persistedOpState: null, persistedOpStateExpiryEpochSec: 0}
2023-02-28 04:33:18,555 [EventQueue-NewNodeForNewNodeHandler] INFO  pipeline.BackgroundPipelineCreator (BackgroundPipelineCreator.java:notifyEventTriggered(276)) - trigger a one-shot run on RatisPipelineUtilsThread.
2023-02-28 04:33:18,556 [RatisPipelineUtilsThread - 0] INFO  pipeline.RatisPipelineProvider (RatisPipelineProvider.java:lambda$create$0(206)) - Sending CreatePipelineCommand for pipeline:PipelineID=de690dc8-ca8b-4437-81a0-72a5ccc7f5d2 to datanode:78ee39fe-738f-4360-8617-136cda5f4ce0
2023-02-28 04:33:18,556 [RatisPipelineUtilsThread - 0] INFO  pipeline.PipelineStateManagerImpl (PipelineStateManagerImpl.java:addPipeline(103)) - Created pipeline Pipeline[ Id: de690dc8-ca8b-4437-81a0-72a5ccc7f5d2, Nodes: 78ee39fe-738f-4360-8617-136cda5f4ce0(fv-az467-141/10.1.0.42), ReplicationConfig: RATIS/ONE, State:ALLOCATED, leaderId:, CreationTimestamp2023-02-28T04:33:18.556Z[Etc/UTC]].
2023-02-28 04:33:18,560 [EventQueue-NodeRegistrationContainerReportForDataNodeSafeModeRule] INFO  safemode.SCMSafeModeManager (DataNodeSafeModeRule.java:process(71)) - SCM in safe mode. 2 DataNodes registered, 3 required.
2023-02-28 04:33:18,891 [Listener at 127.0.0.1/41931] INFO  ozone.MiniOzoneClusterImpl (MiniOzoneClusterImpl.java:lambda$waitForClusterToBeReady$0(218)) - Waiting for nodes to be ready. Got 2 of 3 DN Heartbeats.
2023-02-28 04:33:18,891 [Listener at 127.0.0.1/41931] INFO  ozone.MiniOzoneClusterImpl (MiniOzoneClusterImpl.java:lambda$waitForClusterToBeReady$0(221)) - Waiting for cluster to exit safe mode
2023-02-28 04:33:18,891 [Listener at 127.0.0.1/41931] INFO  ozone.MiniOzoneClusterImpl (MiniOzoneClusterImpl.java:lambda$waitForClusterToBeReady$0(223)) - SCM became leader
2023-02-28 04:33:18,897 [IPC Server handler 2 on default port 32873] INFO  net.NetworkTopologyImpl (NetworkTopologyImpl.java:add(112)) - Added a new node: /default-rack/63ce3e96-5e66-48af-ac7f-186cbfb55a60
2023-02-28 04:33:18,897 [IPC Server handler 2 on default port 32873] INFO  node.SCMNodeManager (SCMNodeManager.java:register(397)) - Registered Data node : 63ce3e96-5e66-48af-ac7f-186cbfb55a60{ip: 10.1.0.42, host: fv-az467-141, ports: [REPLICATION=42287, RATIS=33273, RATIS_ADMIN=33273, RATIS_SERVER=33273, RATIS_DATASTREAM=39963, STANDALONE=39377], networkLocation: /default-rack, certSerialId: null, persistedOpState: null, persistedOpStateExpiryEpochSec: 0}
2023-02-28 04:33:18,897 [EventQueue-NewNodeForNewNodeHandler] INFO  pipeline.BackgroundPipelineCreator (BackgroundPipelineCreator.java:notifyEventTriggered(276)) - trigger a one-shot run on RatisPipelineUtilsThread.
2023-02-28 04:33:18,899 [EventQueue-NodeRegistrationContainerReportForDataNodeSafeModeRule] INFO  safemode.SCMSafeModeManager (DataNodeSafeModeRule.java:process(71)) - SCM in safe mode. 3 DataNodes registered, 3 required.
2023-02-28 04:33:18,899 [EventQueue-NodeRegistrationContainerReportForDataNodeSafeModeRule] INFO  safemode.SCMSafeModeManager (SCMSafeModeManager.java:validateSafeModeExitRules(200)) - DataNodeSafeModeRule rule is successfully validated
2023-02-28 04:33:18,899 [EventQueue-NodeRegistrationContainerReportForDataNodeSafeModeRule] INFO  safemode.SCMSafeModeManager (SCMSafeModeManager.java:completePreCheck(229)) - All SCM safe mode pre check rules have passed
2023-02-28 04:33:18,899 [EventQueue-NodeRegistrationContainerReportForDataNodeSafeModeRule] INFO  ha.SCMContext (SCMContext.java:updateSafeModeStatus(228)) - Update SafeModeStatus from SafeModeStatus{safeModeStatus=true, preCheckPassed=false} to SafeModeStatus{safeModeStatus=true, preCheckPassed=true}.
2023-02-28 04:33:18,899 [EventQueue-NodeRegistrationContainerReportForDataNodeSafeModeRule] INFO  pipeline.BackgroundPipelineCreator (BackgroundPipelineCreator.java:notifyEventTriggered(276)) - trigger a one-shot run on RatisPipelineUtilsThread.
2023-02-28 04:33:18,899 [RatisPipelineUtilsThread - 0] INFO  pipeline.RatisPipelineProvider (RatisPipelineProvider.java:lambda$create$0(206)) - Sending CreatePipelineCommand for pipeline:PipelineID=4493a279-0555-4f73-9f98-505a5be024fb to datanode:63ce3e96-5e66-48af-ac7f-186cbfb55a60
2023-02-28 04:33:18,900 [RatisPipelineUtilsThread - 0] INFO  pipeline.PipelineStateManagerImpl (PipelineStateManagerImpl.java:addPipeline(103)) - Created pipeline Pipeline[ Id: 4493a279-0555-4f73-9f98-505a5be024fb, Nodes: 63ce3e96-5e66-48af-ac7f-186cbfb55a60(fv-az467-141/10.1.0.42), ReplicationConfig: RATIS/ONE, State:ALLOCATED, leaderId:, CreationTimestamp2023-02-28T04:33:18.899Z[Etc/UTC]].
2023-02-28 04:33:18,900 [RatisPipelineUtilsThread - 0] INFO  pipeline.RatisPipelineProvider (RatisPipelineProvider.java:lambda$create$0(206)) - Sending CreatePipelineCommand for pipeline:PipelineID=d95e4b00-96cc-4d8d-9b9d-e4f7e3fe802f to datanode:78ee39fe-738f-4360-8617-136cda5f4ce0
2023-02-28 04:33:18,900 [RatisPipelineUtilsThread - 0] INFO  pipeline.RatisPipelineProvider (RatisPipelineProvider.java:lambda$create$0(206)) - Sending CreatePipelineCommand for pipeline:PipelineID=d95e4b00-96cc-4d8d-9b9d-e4f7e3fe802f to datanode:29422ebe-f196-450d-94bb-6e1d0bb3bd81
2023-02-28 04:33:18,900 [RatisPipelineUtilsThread - 0] INFO  pipeline.RatisPipelineProvider (RatisPipelineProvider.java:lambda$create$0(206)) - Sending CreatePipelineCommand for pipeline:PipelineID=d95e4b00-96cc-4d8d-9b9d-e4f7e3fe802f to datanode:63ce3e96-5e66-48af-ac7f-186cbfb55a60
2023-02-28 04:33:18,901 [RatisPipelineUtilsThread - 0] INFO  pipeline.PipelineStateManagerImpl (PipelineStateManagerImpl.java:addPipeline(103)) - Created pipeline Pipeline[ Id: d95e4b00-96cc-4d8d-9b9d-e4f7e3fe802f, Nodes: 78ee39fe-738f-4360-8617-136cda5f4ce0(fv-az467-141/10.1.0.42)29422ebe-f196-450d-94bb-6e1d0bb3bd81(fv-az467-141/10.1.0.42)63ce3e96-5e66-48af-ac7f-186cbfb55a60(fv-az467-141/10.1.0.42), ReplicationConfig: RATIS/THREE, State:ALLOCATED, leaderId:, CreationTimestamp2023-02-28T04:33:18.900Z[Etc/UTC]].
2023-02-28 04:33:18,901 [RatisPipelineUtilsThread - 0] INFO  pipeline.RatisPipelineProvider (RatisPipelineProvider.java:lambda$create$0(206)) - Sending CreatePipelineCommand for pipeline:PipelineID=8becd6ad-658d-412c-9231-568c69247f8f to datanode:63ce3e96-5e66-48af-ac7f-186cbfb55a60
2023-02-28 04:33:18,904 [RatisPipelineUtilsThread - 0] INFO  pipeline.RatisPipelineProvider (RatisPipelineProvider.java:lambda$create$0(206)) - Sending CreatePipelineCommand for pipeline:PipelineID=8becd6ad-658d-412c-9231-568c69247f8f to datanode:78ee39fe-738f-4360-8617-136cda5f4ce0
2023-02-28 04:33:18,904 [RatisPipelineUtilsThread - 0] INFO  pipeline.RatisPipelineProvider (RatisPipelineProvider.java:lambda$create$0(206)) - Sending CreatePipelineCommand for pipeline:PipelineID=8becd6ad-658d-412c-9231-568c69247f8f to datanode:29422ebe-f196-450d-94bb-6e1d0bb3bd81
2023-02-28 04:33:18,904 [RatisPipelineUtilsThread - 0] INFO  pipeline.PipelineStateManagerImpl (PipelineStateManagerImpl.java:addPipeline(103)) - Created pipeline Pipeline[ Id: 8becd6ad-658d-412c-9231-568c69247f8f, Nodes: 63ce3e96-5e66-48af-ac7f-186cbfb55a60(fv-az467-141/10.1.0.42)78ee39fe-738f-4360-8617-136cda5f4ce0(fv-az467-141/10.1.0.42)29422ebe-f196-450d-94bb-6e1d0bb3bd81(fv-az467-141/10.1.0.42), ReplicationConfig: RATIS/THREE, State:ALLOCATED, leaderId:, CreationTimestamp2023-02-28T04:33:18.901Z[Etc/UTC]].
2023-02-28 04:33:18,904 [RatisPipelineUtilsThread - 0] INFO  pipeline.PipelineManagerImpl (PipelineManagerImpl.java:recordMetricsForPipeline(826)) - Pipeline: PipelineID=8becd6ad-658d-412c-9231-568c69247f8f contains same datanodes as previous pipelines: PipelineID=d95e4b00-96cc-4d8d-9b9d-e4f7e3fe802f nodeIds: 63ce3e96-5e66-48af-ac7f-186cbfb55a60, 78ee39fe-738f-4360-8617-136cda5f4ce0, 29422ebe-f196-450d-94bb-6e1d0bb3bd81
2023-02-28 04:33:18,904 [RatisPipelineUtilsThread - 0] WARN  pipeline.PipelinePlacementPolicy (PipelinePlacementPolicy.java:filterViableNodes(158)) - Pipeline creation failed due to no sufficient healthy datanodes. Required 3. Found 0.
2023-02-28 04:33:18,905 [RatisPipelineUtilsThread - 0] WARN  pipeline.PipelinePlacementPolicy (PipelinePlacementPolicy.java:filterViableNodes(158)) - Pipeline creation failed due to no sufficient healthy datanodes. Required 3. Found 0.
2023-02-28 04:33:19,335 [EndpointStateMachine task thread for /0.0.0.0:41617 - 0 ] INFO  ipc.Client (Client.java:handleConnectionFailure(1010)) - Retrying connect to server: 0.0.0.0/0.0.0.0:41617. Already tried 13 time(s); retry policy is RetryUpToMaximumCountWithFixedSleep(maxRetries=15, sleepTime=1000 MILLISECONDS)
2023-02-28 04:33:19,891 [Listener at 127.0.0.1/41931] INFO  ozone.MiniOzoneClusterImpl (MiniOzoneClusterImpl.java:lambda$waitForClusterToBeReady$0(218)) - Nodes are ready. Got 3 of 3 DN Heartbeats.
2023-02-28 04:33:19,891 [Listener at 127.0.0.1/41931] INFO  ozone.MiniOzoneClusterImpl (MiniOzoneClusterImpl.java:lambda$waitForClusterToBeReady$0(221)) - Waiting for cluster to exit safe mode
2023-02-28 04:33:19,891 [Listener at 127.0.0.1/41931] INFO  ozone.MiniOzoneClusterImpl (MiniOzoneClusterImpl.java:lambda$waitForClusterToBeReady$0(223)) - SCM became leader
2023-02-28 04:33:20,337 [EndpointStateMachine task thread for /0.0.0.0:41617 - 0 ] INFO  ipc.Client (Client.java:handleConnectionFailure(1010)) - Retrying connect to server: 0.0.0.0/0.0.0.0:41617. Already tried 14 time(s); retry policy is RetryUpToMaximumCountWithFixedSleep(maxRetries=15, sleepTime=1000 MILLISECONDS)
2023-02-28 04:33:20,338 [EndpointStateMachine task thread for /0.0.0.0:41617 - 0 ] WARN  statemachine.EndpointStateMachine (EndpointStateMachine.java:logIfNeeded(242)) - Unable to communicate to SCM server at 0.0.0.0:41617 for past 0 seconds.
java.net.ConnectException: Your endpoint configuration is wrong; For more details see:  http://wiki.apache.org/hadoop/UnsetHostnameOrPort
	at sun.reflect.NativeConstructorAccessorImpl.newInstance0(Native Method)
	at sun.reflect.NativeConstructorAccessorImpl.newInstance(NativeConstructorAccessorImpl.java:62)
	at sun.reflect.DelegatingConstructorAccessorImpl.newInstance(DelegatingConstructorAccessorImpl.java:45)
	at java.lang.reflect.Constructor.newInstance(Constructor.java:423)
	at org.apache.hadoop.net.NetUtils.wrapWithMessage(NetUtils.java:913)
	at org.apache.hadoop.net.NetUtils.wrapException(NetUtils.java:824)
	at org.apache.hadoop.ipc.Client.getRpcResponse(Client.java:1616)
	at org.apache.hadoop.ipc.Client.call(Client.java:1558)
	at org.apache.hadoop.ipc.Client.call(Client.java:1455)
	at org.apache.hadoop.ipc.ProtobufRpcEngine$Invoker.invoke(ProtobufRpcEngine.java:235)
	at org.apache.hadoop.ipc.ProtobufRpcEngine$Invoker.invoke(ProtobufRpcEngine.java:122)
	at com.sun.proxy.$Proxy54.submitRequest(Unknown Source)
	at org.apache.hadoop.ozone.protocolPB.StorageContainerDatanodeProtocolClientSideTranslatorPB.submitRequest(StorageContainerDatanodeProtocolClientSideTranslatorPB.java:117)
	at org.apache.hadoop.ozone.protocolPB.StorageContainerDatanodeProtocolClientSideTranslatorPB.sendHeartbeat(StorageContainerDatanodeProtocolClientSideTranslatorPB.java:149)
	at org.apache.hadoop.ozone.container.common.states.endpoint.HeartbeatEndpointTask.call(HeartbeatEndpointTask.java:185)
	at org.apache.hadoop.ozone.container.common.states.endpoint.HeartbeatEndpointTask.call(HeartbeatEndpointTask.java:87)
	at java.util.concurrent.FutureTask.run(FutureTask.java:266)
	at java.util.concurrent.ThreadPoolExecutor.runWorker(ThreadPoolExecutor.java:1149)
	at java.util.concurrent.ThreadPoolExecutor$Worker.run(ThreadPoolExecutor.java:624)
	at java.lang.Thread.run(Thread.java:750)
Caused by: java.net.ConnectException: Connection refused
	at sun.nio.ch.SocketChannelImpl.checkConnect(Native Method)
	at sun.nio.ch.SocketChannelImpl.finishConnect(SocketChannelImpl.java:716)
	at org.apache.hadoop.net.SocketIOWithTimeout.connect(SocketIOWithTimeout.java:205)
	at org.apache.hadoop.net.NetUtils.connect(NetUtils.java:586)
	at org.apache.hadoop.ipc.Client$Connection.setupConnection(Client.java:711)
	at org.apache.hadoop.ipc.Client$Connection.setupIOstreams(Client.java:833)
	at org.apache.hadoop.ipc.Client$Connection.access$3800(Client.java:414)
	at org.apache.hadoop.ipc.Client.getConnection(Client.java:1677)
	at org.apache.hadoop.ipc.Client.call(Client.java:1502)
	... 12 more
2023-02-28 04:33:20,892 [Listener at 127.0.0.1/41931] INFO  ozone.MiniOzoneClusterImpl (MiniOzoneClusterImpl.java:lambda$waitForClusterToBeReady$0(218)) - Nodes are ready. Got 3 of 3 DN Heartbeats.
2023-02-28 04:33:20,892 [Listener at 127.0.0.1/41931] INFO  ozone.MiniOzoneClusterImpl (MiniOzoneClusterImpl.java:lambda$waitForClusterToBeReady$0(221)) - Waiting for cluster to exit safe mode
2023-02-28 04:33:20,892 [Listener at 127.0.0.1/41931] INFO  ozone.MiniOzoneClusterImpl (MiniOzoneClusterImpl.java:lambda$waitForClusterToBeReady$0(223)) - SCM became leader
2023-02-28 04:33:21,225 [Command processor thread] INFO  server.RaftServer (RaftServerProxy.java:addNew(96)) - 29422ebe-f196-450d-94bb-6e1d0bb3bd81: addNew group-558B75489691:[29422ebe-f196-450d-94bb-6e1d0bb3bd81|rpc:10.1.0.42:33763|dataStream:10.1.0.42:41017|priority:1|startupRole:FOLLOWER] returns group-558B75489691:java.util.concurrent.CompletableFuture@4be0b0fa[Not completed]
2023-02-28 04:33:21,226 [pool-806-thread-1] INFO  server.RaftServer$Division (RaftServerImpl.java:<init>(195)) - 29422ebe-f196-450d-94bb-6e1d0bb3bd81: new RaftServerImpl for group-558B75489691:[29422ebe-f196-450d-94bb-6e1d0bb3bd81|rpc:10.1.0.42:33763|dataStream:10.1.0.42:41017|priority:1|startupRole:FOLLOWER] with ContainerStateMachine:uninitialized
2023-02-28 04:33:21,226 [pool-806-thread-1] INFO  server.RaftServerConfigKeys (ConfUtils.java:logGet(46)) - raft.server.rpc.timeout.min = 5s (custom)
2023-02-28 04:33:21,226 [pool-806-thread-1] INFO  server.RaftServerConfigKeys (ConfUtils.java:logGet(46)) - raft.server.rpc.timeout.max = 5200ms (custom)
2023-02-28 04:33:21,226 [pool-806-thread-1] INFO  server.RaftServerConfigKeys (ConfUtils.java:logGet(46)) - raft.server.rpc.sleep.time = 25ms (default)
2023-02-28 04:33:21,226 [pool-806-thread-1] INFO  server.RaftServerConfigKeys (ConfUtils.java:logGet(46)) - raft.server.rpc.slowness.timeout = 300s (custom)
2023-02-28 04:33:21,226 [pool-806-thread-1] INFO  server.RaftServerConfigKeys (ConfUtils.java:logGet(46)) - raft.server.leaderelection.leader.step-down.wait-time = 10s (default)
2023-02-28 04:33:21,226 [pool-806-thread-1] INFO  server.RaftServerConfigKeys (ConfUtils.java:logGet(46)) - raft.server.sleep.deviation.threshold = 300ms (default)
2023-02-28 04:33:21,226 [pool-806-thread-1] INFO  server.RaftServer$Division (ServerState.java:<init>(118)) - 29422ebe-f196-450d-94bb-6e1d0bb3bd81@group-558B75489691: ConfigurationManager, init=-1: peers:[29422ebe-f196-450d-94bb-6e1d0bb3bd81|rpc:10.1.0.42:33763|dataStream:10.1.0.42:41017|priority:1|startupRole:FOLLOWER]|listeners:[], old=null, confs=<EMPTY_MAP>
2023-02-28 04:33:21,226 [pool-806-thread-1] INFO  server.RaftServerConfigKeys (ConfUtils.java:logGet(46)) - raft.server.storage.dir = [/home/runner/work/ozone/ozone/hadoop-ozone/integration-test/target/test-dir/MiniOzoneClusterImpl-2052965b-440d-4b09-b4b3-db311f243d80/datanode-0/data/ratis] (custom)
2023-02-28 04:33:21,227 [pool-806-thread-1] INFO  server.RaftServerConfigKeys (ConfUtils.java:logGet(46)) - raft.server.log.corruption.policy = EXCEPTION (default)
2023-02-28 04:33:21,227 [pool-806-thread-1] INFO  server.RaftServerConfigKeys (ConfUtils.java:logGet(46)) - raft.server.storage.free-space.min = 0MB (=0) (default)
2023-02-28 04:33:21,227 [pool-806-thread-1] INFO  server.RaftServerConfigKeys (ConfUtils.java:logGet(46)) - raft.server.notification.no-leader.timeout = 300s (custom)
2023-02-28 04:33:21,227 [pool-806-thread-1] INFO  server.RaftServerConfigKeys (ConfUtils.java:logGet(46)) - raft.server.retrycache.expirytime = 600000ms (custom)
2023-02-28 04:33:21,227 [pool-806-thread-1] INFO  server.RaftServerConfigKeys (ConfUtils.java:logGet(46)) - raft.server.retrycache.statistics.expirytime = 100μs (default)
2023-02-28 04:33:21,228 [pool-806-thread-1] INFO  server.RaftServerConfigKeys (ConfUtils.java:logGet(46)) - raft.server.log.appender.install.snapshot.enabled = false (custom)
2023-02-28 04:33:21,228 [pool-806-thread-1] INFO  server.RaftServerConfigKeys (ConfUtils.java:logGet(46)) - raft.server.threadpool.server.cached = true (default)
2023-02-28 04:33:21,228 [pool-806-thread-1] INFO  server.RaftServerConfigKeys (ConfUtils.java:logGet(46)) - raft.server.threadpool.server.size = 0 (default)
2023-02-28 04:33:21,228 [pool-806-thread-1] INFO  server.RaftServerConfigKeys (ConfUtils.java:logGet(46)) - raft.server.threadpool.client.cached = true (default)
2023-02-28 04:33:21,228 [pool-806-thread-1] INFO  server.RaftServerConfigKeys (ConfUtils.java:logGet(46)) - raft.server.threadpool.client.size = 0 (default)
2023-02-28 04:33:21,228 [pool-806-thread-1] INFO  storage.RaftStorageDirectory (RaftStorageDirectoryImpl.java:analyzeStorage(137)) - The storage directory /home/runner/work/ozone/ozone/hadoop-ozone/integration-test/target/test-dir/MiniOzoneClusterImpl-2052965b-440d-4b09-b4b3-db311f243d80/datanode-0/data/ratis/4d8720ac-a030-49d0-8855-558b75489691 does not exist. Creating ...
2023-02-28 04:33:21,230 [pool-806-thread-1] INFO  storage.RaftStorageDirectory (RaftStorageDirectoryImpl.java:tryLock(231)) - Lock on /home/runner/work/ozone/ozone/hadoop-ozone/integration-test/target/test-dir/MiniOzoneClusterImpl-2052965b-440d-4b09-b4b3-db311f243d80/datanode-0/data/ratis/4d8720ac-a030-49d0-8855-558b75489691/in_use.lock acquired by nodename 61299@fv-az467-141
2023-02-28 04:33:21,231 [pool-806-thread-1] INFO  storage.RaftStorage (RaftStorageImpl.java:format(96)) - Storage directory /home/runner/work/ozone/ozone/hadoop-ozone/integration-test/target/test-dir/MiniOzoneClusterImpl-2052965b-440d-4b09-b4b3-db311f243d80/datanode-0/data/ratis/4d8720ac-a030-49d0-8855-558b75489691 has been successfully formatted.
2023-02-28 04:33:21,233 [pool-806-thread-1] INFO  ratis.ContainerStateMachine (ContainerStateMachine.java:loadSnapshot(240)) - group-558B75489691: The snapshot info is null. Setting the last applied indexto:(t:0, i:~)
2023-02-28 04:33:21,233 [pool-806-thread-1] INFO  server.RaftServerConfigKeys (ConfUtils.java:logGet(46)) - raft.server.log.use.memory = false (default)
2023-02-28 04:33:21,233 [pool-806-thread-1] INFO  server.RaftServerConfigKeys (ConfUtils.java:logGet(46)) - raft.server.log.purge.gap = 1000000 (custom)
2023-02-28 04:33:21,233 [pool-806-thread-1] INFO  server.RaftServerConfigKeys (ConfUtils.java:logGet(46)) - raft.server.log.appender.buffer.byte-limit = 33554432 (custom)
2023-02-28 04:33:21,233 [pool-806-thread-1] INFO  server.RaftServerConfigKeys (ConfUtils.java:logGet(46)) - raft.server.log.statemachine.data.read.timeout = 1000ms (default)
2023-02-28 04:33:21,233 [pool-806-thread-1] INFO  server.RaftServerConfigKeys (ConfUtils.java:logGet(46)) - raft.server.log.purge.preservation.log.num = 0 (default)
2023-02-28 04:33:21,234 [EventQueue-PipelineReportForPipelineReportHandler] INFO  pipeline.PipelineManagerImpl (PipelineManagerImpl.java:openPipeline(367)) - Pipeline Pipeline[ Id: 4d8720ac-a030-49d0-8855-558b75489691, Nodes: 29422ebe-f196-450d-94bb-6e1d0bb3bd81(fv-az467-141/10.1.0.42), ReplicationConfig: RATIS/ONE, State:ALLOCATED, leaderId:29422ebe-f196-450d-94bb-6e1d0bb3bd81, CreationTimestamp2023-02-28T04:33:18.234Z[Etc/UTC]] moved to OPEN state
2023-02-28 04:33:21,234 [pool-806-thread-1] INFO  server.RaftServerConfigKeys (ConfUtils.java:logGet(46)) - raft.server.log.segment.size.max = 1048576 (custom)
2023-02-28 04:33:21,235 [pool-806-thread-1] INFO  server.RaftServerConfigKeys (ConfUtils.java:logGet(46)) - raft.server.log.segment.cache.num.max = 2 (custom)
2023-02-28 04:33:21,235 [pool-806-thread-1] INFO  server.RaftServerConfigKeys (ConfUtils.java:logGet(46)) - raft.server.log.segment.cache.size.max = 200MB (=209715200) (default)
2023-02-28 04:33:21,235 [pool-806-thread-1] INFO  segmented.SegmentedRaftLogWorker (SegmentedRaftLogWorker.java:<init>(189)) - new 29422ebe-f196-450d-94bb-6e1d0bb3bd81@group-558B75489691-SegmentedRaftLogWorker for RaftStorageImpl:Storage Directory /home/runner/work/ozone/ozone/hadoop-ozone/integration-test/target/test-dir/MiniOzoneClusterImpl-2052965b-440d-4b09-b4b3-db311f243d80/datanode-0/data/ratis/4d8720ac-a030-49d0-8855-558b75489691
2023-02-28 04:33:21,235 [pool-806-thread-1] INFO  server.RaftServerConfigKeys (ConfUtils.java:logGet(46)) - raft.server.log.queue.byte-limit = 4294967296 (custom)
2023-02-28 04:33:21,235 [pool-806-thread-1] INFO  server.RaftServerConfigKeys (ConfUtils.java:logGet(46)) - raft.server.log.queue.element-limit = 1024 (custom)
2023-02-28 04:33:21,235 [pool-806-thread-1] INFO  server.RaftServerConfigKeys (ConfUtils.java:logGet(46)) - raft.server.log.segment.size.max = 1048576 (custom)
2023-02-28 04:33:21,235 [pool-806-thread-1] INFO  server.RaftServerConfigKeys (ConfUtils.java:logGet(46)) - raft.server.log.preallocated.size = 16384 (custom)
2023-02-28 04:33:21,236 [pool-806-thread-1] INFO  server.RaftServerConfigKeys (ConfUtils.java:logGet(46)) - raft.server.log.force.sync.num = 128 (default)
2023-02-28 04:33:21,236 [pool-806-thread-1] INFO  server.RaftServerConfigKeys (ConfUtils.java:logGet(46)) - raft.server.log.statemachine.data.sync = true (default)
2023-02-28 04:33:21,236 [pool-806-thread-1] INFO  server.RaftServerConfigKeys (ConfUtils.java:logGet(46)) - raft.server.log.statemachine.data.sync.timeout = 10s (default)
2023-02-28 04:33:21,236 [pool-806-thread-1] INFO  server.RaftServerConfigKeys (ConfUtils.java:logGet(46)) - raft.server.log.statemachine.data.sync.timeout.retry = -1 (default)
2023-02-28 04:33:21,237 [pool-806-thread-1] INFO  server.RaftServerConfigKeys (ConfUtils.java:logGet(46)) - raft.server.log.write.buffer.size = 1048576 (custom)
2023-02-28 04:33:21,237 [pool-806-thread-1] INFO  server.RaftServerConfigKeys (ConfUtils.java:logGet(46)) - raft.server.log.appender.buffer.byte-limit = 33554432 (custom)
2023-02-28 04:33:21,241 [EventQueue-OpenPipelineForHealthyPipelineSafeModeRule] INFO  safemode.SCMSafeModeManager (HealthyPipelineSafeModeRule.java:process(137)) - SCM in safe mode. Healthy pipelines reported count is 0, required healthy pipeline reported count is 1
2023-02-28 04:33:21,241 [pool-806-thread-1] INFO  server.RaftServerConfigKeys (ConfUtils.java:logGet(46)) - raft.server.log.unsafe-flush.enabled = false (default)
2023-02-28 04:33:21,241 [pool-806-thread-1] INFO  server.RaftServerConfigKeys (ConfUtils.java:logGet(46)) - raft.server.log.async-flush.enabled = false (default)
2023-02-28 04:33:21,241 [pool-806-thread-1] INFO  server.RaftServerConfigKeys (ConfUtils.java:logGet(46)) - raft.server.log.statemachine.data.caching.enabled = true (custom)
2023-02-28 04:33:21,241 [pool-806-thread-1] INFO  segmented.SegmentedRaftLogWorker (SegmentedRaftLogWorker.java:lambda$new$0(135)) - 29422ebe-f196-450d-94bb-6e1d0bb3bd81@group-558B75489691-SegmentedRaftLogWorker: flushIndex: setUnconditionally 0 -> -1
2023-02-28 04:33:21,241 [pool-806-thread-1] INFO  segmented.SegmentedRaftLogWorker (SegmentedRaftLogWorker.java:lambda$new$0(135)) - 29422ebe-f196-450d-94bb-6e1d0bb3bd81@group-558B75489691-SegmentedRaftLogWorker: safeCacheEvictIndex: setUnconditionally 0 -> -1
2023-02-28 04:33:21,242 [pool-806-thread-1] INFO  server.RaftServer$Division (RaftServerImpl.java:start(334)) - 29422ebe-f196-450d-94bb-6e1d0bb3bd81@group-558B75489691: start as a follower, conf=-1: peers:[29422ebe-f196-450d-94bb-6e1d0bb3bd81|rpc:10.1.0.42:33763|dataStream:10.1.0.42:41017|priority:1|startupRole:FOLLOWER]|listeners:[], old=null
2023-02-28 04:33:21,242 [pool-806-thread-1] INFO  server.RaftServer$Division (RaftServerImpl.java:setRole(321)) - 29422ebe-f196-450d-94bb-6e1d0bb3bd81@group-558B75489691: changes role from      null to FOLLOWER at term 0 for startAsFollower
2023-02-28 04:33:21,242 [pool-806-thread-1] INFO  impl.RoleInfo (RoleInfo.java:updateAndGet(139)) - 29422ebe-f196-450d-94bb-6e1d0bb3bd81: start 29422ebe-f196-450d-94bb-6e1d0bb3bd81@group-558B75489691-FollowerState
2023-02-28 04:33:21,245 [pool-806-thread-1] INFO  util.JmxRegister (JmxRegister.java:tryRegister(44)) - Successfully registered JMX Bean with object name Ratis:service=RaftServer,group=group-558B75489691,id=29422ebe-f196-450d-94bb-6e1d0bb3bd81
2023-02-28 04:33:21,245 [pool-806-thread-1] INFO  server.RaftServerConfigKeys (ConfUtils.java:logGet(46)) - raft.server.snapshot.auto.trigger.enabled = true (custom)
2023-02-28 04:33:21,245 [pool-806-thread-1] INFO  server.RaftServerConfigKeys (ConfUtils.java:logGet(46)) - raft.server.snapshot.auto.trigger.threshold = 10000 (custom)
2023-02-28 04:33:21,245 [pool-806-thread-1] INFO  server.RaftServerConfigKeys (ConfUtils.java:logGet(46)) - raft.server.snapshot.retention.file.num = 5 (custom)
2023-02-28 04:33:21,245 [pool-806-thread-1] INFO  server.RaftServerConfigKeys (ConfUtils.java:logGet(46)) - raft.server.log.purge.upto.snapshot.index = false (default)
2023-02-28 04:33:21,246 [29422ebe-f196-450d-94bb-6e1d0bb3bd81@group-558B75489691-FollowerState] INFO  server.RaftServerConfigKeys (ConfUtils.java:logFallback(53)) - raft.server.rpc.first-election.timeout.min = 5s (fallback to raft.server.rpc.timeout.min)
2023-02-28 04:33:21,246 [29422ebe-f196-450d-94bb-6e1d0bb3bd81@group-558B75489691-FollowerState] INFO  server.RaftServerConfigKeys (ConfUtils.java:logFallback(53)) - raft.server.rpc.first-election.timeout.max = 5200ms (fallback to raft.server.rpc.timeout.max)
2023-02-28 04:33:21,248 [Command processor thread] INFO  ratis.XceiverServerRatis (XceiverServerRatis.java:addGroup(807)) - Created group PipelineID=4d8720ac-a030-49d0-8855-558b75489691
2023-02-28 04:33:21,248 [Command processor thread] INFO  commandhandler.CreatePipelineCommandHandler (CreatePipelineCommandHandler.java:handle(113)) - Created Pipeline RATIS ONE PipelineID=4d8720ac-a030-49d0-8855-558b75489691.
2023-02-28 04:33:21,248 [Command processor thread] INFO  server.RaftServer (RaftServerProxy.java:addNew(96)) - 29422ebe-f196-450d-94bb-6e1d0bb3bd81: addNew group-E4F7E3FE802F:[78ee39fe-738f-4360-8617-136cda5f4ce0|rpc:10.1.0.42:42389|dataStream:10.1.0.42:32921|priority:0|startupRole:FOLLOWER, 63ce3e96-5e66-48af-ac7f-186cbfb55a60|rpc:10.1.0.42:33273|dataStream:10.1.0.42:39963|priority:0|startupRole:FOLLOWER, 29422ebe-f196-450d-94bb-6e1d0bb3bd81|rpc:10.1.0.42:33763|dataStream:10.1.0.42:41017|priority:1|startupRole:FOLLOWER] returns group-E4F7E3FE802F:java.util.concurrent.CompletableFuture@4fdf3d5e[Not completed]
2023-02-28 04:33:21,249 [pool-806-thread-1] INFO  server.RaftServer$Division (RaftServerImpl.java:<init>(195)) - 29422ebe-f196-450d-94bb-6e1d0bb3bd81: new RaftServerImpl for group-E4F7E3FE802F:[78ee39fe-738f-4360-8617-136cda5f4ce0|rpc:10.1.0.42:42389|dataStream:10.1.0.42:32921|priority:0|startupRole:FOLLOWER, 63ce3e96-5e66-48af-ac7f-186cbfb55a60|rpc:10.1.0.42:33273|dataStream:10.1.0.42:39963|priority:0|startupRole:FOLLOWER, 29422ebe-f196-450d-94bb-6e1d0bb3bd81|rpc:10.1.0.42:33763|dataStream:10.1.0.42:41017|priority:1|startupRole:FOLLOWER] with ContainerStateMachine:uninitialized
2023-02-28 04:33:21,249 [pool-806-thread-1] INFO  server.RaftServerConfigKeys (ConfUtils.java:logGet(46)) - raft.server.rpc.timeout.min = 5s (custom)
2023-02-28 04:33:21,249 [pool-806-thread-1] INFO  server.RaftServerConfigKeys (ConfUtils.java:logGet(46)) - raft.server.rpc.timeout.max = 5200ms (custom)
2023-02-28 04:33:21,249 [pool-806-thread-1] INFO  server.RaftServerConfigKeys (ConfUtils.java:logGet(46)) - raft.server.rpc.sleep.time = 25ms (default)
2023-02-28 04:33:21,249 [pool-806-thread-1] INFO  server.RaftServerConfigKeys (ConfUtils.java:logGet(46)) - raft.server.rpc.slowness.timeout = 300s (custom)
2023-02-28 04:33:21,249 [pool-806-thread-1] INFO  server.RaftServerConfigKeys (ConfUtils.java:logGet(46)) - raft.server.leaderelection.leader.step-down.wait-time = 10s (default)
2023-02-28 04:33:21,249 [pool-806-thread-1] INFO  server.RaftServerConfigKeys (ConfUtils.java:logGet(46)) - raft.server.sleep.deviation.threshold = 300ms (default)
2023-02-28 04:33:21,249 [pool-806-thread-1] INFO  server.RaftServer$Division (ServerState.java:<init>(118)) - 29422ebe-f196-450d-94bb-6e1d0bb3bd81@group-E4F7E3FE802F: ConfigurationManager, init=-1: peers:[78ee39fe-738f-4360-8617-136cda5f4ce0|rpc:10.1.0.42:42389|dataStream:10.1.0.42:32921|priority:0|startupRole:FOLLOWER, 63ce3e96-5e66-48af-ac7f-186cbfb55a60|rpc:10.1.0.42:33273|dataStream:10.1.0.42:39963|priority:0|startupRole:FOLLOWER, 29422ebe-f196-450d-94bb-6e1d0bb3bd81|rpc:10.1.0.42:33763|dataStream:10.1.0.42:41017|priority:1|startupRole:FOLLOWER]|listeners:[], old=null, confs=<EMPTY_MAP>
2023-02-28 04:33:21,249 [pool-806-thread-1] INFO  server.RaftServerConfigKeys (ConfUtils.java:logGet(46)) - raft.server.storage.dir = [/home/runner/work/ozone/ozone/hadoop-ozone/integration-test/target/test-dir/MiniOzoneClusterImpl-2052965b-440d-4b09-b4b3-db311f243d80/datanode-0/data/ratis] (custom)
2023-02-28 04:33:21,250 [pool-806-thread-1] INFO  server.RaftServerConfigKeys (ConfUtils.java:logGet(46)) - raft.server.log.corruption.policy = EXCEPTION (default)
2023-02-28 04:33:21,250 [pool-806-thread-1] INFO  server.RaftServerConfigKeys (ConfUtils.java:logGet(46)) - raft.server.storage.free-space.min = 0MB (=0) (default)
2023-02-28 04:33:21,250 [pool-806-thread-1] INFO  server.RaftServerConfigKeys (ConfUtils.java:logGet(46)) - raft.server.notification.no-leader.timeout = 300s (custom)
2023-02-28 04:33:21,250 [pool-806-thread-1] INFO  server.RaftServerConfigKeys (ConfUtils.java:logGet(46)) - raft.server.retrycache.expirytime = 600000ms (custom)
2023-02-28 04:33:21,250 [pool-806-thread-1] INFO  server.RaftServerConfigKeys (ConfUtils.java:logGet(46)) - raft.server.retrycache.statistics.expirytime = 100μs (default)
2023-02-28 04:33:21,251 [pool-806-thread-1] INFO  server.RaftServerConfigKeys (ConfUtils.java:logGet(46)) - raft.server.log.appender.install.snapshot.enabled = false (custom)
2023-02-28 04:33:21,251 [pool-806-thread-1] INFO  server.RaftServerConfigKeys (ConfUtils.java:logGet(46)) - raft.server.threadpool.server.cached = true (default)
2023-02-28 04:33:21,251 [pool-806-thread-1] INFO  server.RaftServerConfigKeys (ConfUtils.java:logGet(46)) - raft.server.threadpool.server.size = 0 (default)
2023-02-28 04:33:21,251 [pool-806-thread-1] INFO  server.RaftServerConfigKeys (ConfUtils.java:logGet(46)) - raft.server.threadpool.client.cached = true (default)
2023-02-28 04:33:21,251 [pool-806-thread-1] INFO  server.RaftServerConfigKeys (ConfUtils.java:logGet(46)) - raft.server.threadpool.client.size = 0 (default)
2023-02-28 04:33:21,251 [pool-806-thread-1] INFO  storage.RaftStorageDirectory (RaftStorageDirectoryImpl.java:analyzeStorage(137)) - The storage directory /home/runner/work/ozone/ozone/hadoop-ozone/integration-test/target/test-dir/MiniOzoneClusterImpl-2052965b-440d-4b09-b4b3-db311f243d80/datanode-0/data/ratis/d95e4b00-96cc-4d8d-9b9d-e4f7e3fe802f does not exist. Creating ...
2023-02-28 04:33:21,252 [pool-806-thread-1] INFO  storage.RaftStorageDirectory (RaftStorageDirectoryImpl.java:tryLock(231)) - Lock on /home/runner/work/ozone/ozone/hadoop-ozone/integration-test/target/test-dir/MiniOzoneClusterImpl-2052965b-440d-4b09-b4b3-db311f243d80/datanode-0/data/ratis/d95e4b00-96cc-4d8d-9b9d-e4f7e3fe802f/in_use.lock acquired by nodename 61299@fv-az467-141
2023-02-28 04:33:21,253 [pool-806-thread-1] INFO  storage.RaftStorage (RaftStorageImpl.java:format(96)) - Storage directory /home/runner/work/ozone/ozone/hadoop-ozone/integration-test/target/test-dir/MiniOzoneClusterImpl-2052965b-440d-4b09-b4b3-db311f243d80/datanode-0/data/ratis/d95e4b00-96cc-4d8d-9b9d-e4f7e3fe802f has been successfully formatted.
2023-02-28 04:33:21,254 [pool-806-thread-1] INFO  ratis.ContainerStateMachine (ContainerStateMachine.java:loadSnapshot(240)) - group-E4F7E3FE802F: The snapshot info is null. Setting the last applied indexto:(t:0, i:~)
2023-02-28 04:33:21,254 [pool-806-thread-1] INFO  server.RaftServerConfigKeys (ConfUtils.java:logGet(46)) - raft.server.log.use.memory = false (default)
2023-02-28 04:33:21,254 [pool-806-thread-1] INFO  server.RaftServerConfigKeys (ConfUtils.java:logGet(46)) - raft.server.log.purge.gap = 1000000 (custom)
2023-02-28 04:33:21,254 [pool-806-thread-1] INFO  server.RaftServerConfigKeys (ConfUtils.java:logGet(46)) - raft.server.log.appender.buffer.byte-limit = 33554432 (custom)
2023-02-28 04:33:21,254 [pool-806-thread-1] INFO  server.RaftServerConfigKeys (ConfUtils.java:logGet(46)) - raft.server.log.statemachine.data.read.timeout = 1000ms (default)
2023-02-28 04:33:21,254 [pool-806-thread-1] INFO  server.RaftServerConfigKeys (ConfUtils.java:logGet(46)) - raft.server.log.purge.preservation.log.num = 0 (default)
2023-02-28 04:33:21,254 [pool-806-thread-1] INFO  server.RaftServerConfigKeys (ConfUtils.java:logGet(46)) - raft.server.log.segment.size.max = 1048576 (custom)
2023-02-28 04:33:21,255 [pool-806-thread-1] INFO  server.RaftServerConfigKeys (ConfUtils.java:logGet(46)) - raft.server.log.segment.cache.num.max = 2 (custom)
2023-02-28 04:33:21,255 [EventQueue-OpenPipelineForHealthyPipelineSafeModeRule] INFO  safemode.SCMSafeModeManager (HealthyPipelineSafeModeRule.java:process(137)) - SCM in safe mode. Healthy pipelines reported count is 0, required healthy pipeline reported count is 1
2023-02-28 04:33:21,256 [pool-806-thread-1] INFO  server.RaftServerConfigKeys (ConfUtils.java:logGet(46)) - raft.server.log.segment.cache.size.max = 200MB (=209715200) (default)
2023-02-28 04:33:21,258 [pool-806-thread-1] INFO  segmented.SegmentedRaftLogWorker (SegmentedRaftLogWorker.java:<init>(189)) - new 29422ebe-f196-450d-94bb-6e1d0bb3bd81@group-E4F7E3FE802F-SegmentedRaftLogWorker for RaftStorageImpl:Storage Directory /home/runner/work/ozone/ozone/hadoop-ozone/integration-test/target/test-dir/MiniOzoneClusterImpl-2052965b-440d-4b09-b4b3-db311f243d80/datanode-0/data/ratis/d95e4b00-96cc-4d8d-9b9d-e4f7e3fe802f
2023-02-28 04:33:21,258 [pool-806-thread-1] INFO  server.RaftServerConfigKeys (ConfUtils.java:logGet(46)) - raft.server.log.queue.byte-limit = 4294967296 (custom)
2023-02-28 04:33:21,258 [pool-806-thread-1] INFO  server.RaftServerConfigKeys (ConfUtils.java:logGet(46)) - raft.server.log.queue.element-limit = 1024 (custom)
2023-02-28 04:33:21,258 [pool-806-thread-1] INFO  server.RaftServerConfigKeys (ConfUtils.java:logGet(46)) - raft.server.log.segment.size.max = 1048576 (custom)
2023-02-28 04:33:21,258 [pool-806-thread-1] INFO  server.RaftServerConfigKeys (ConfUtils.java:logGet(46)) - raft.server.log.preallocated.size = 16384 (custom)
2023-02-28 04:33:21,258 [pool-806-thread-1] INFO  server.RaftServerConfigKeys (ConfUtils.java:logGet(46)) - raft.server.log.force.sync.num = 128 (default)
2023-02-28 04:33:21,258 [pool-806-thread-1] INFO  server.RaftServerConfigKeys (ConfUtils.java:logGet(46)) - raft.server.log.statemachine.data.sync = true (default)
2023-02-28 04:33:21,258 [pool-806-thread-1] INFO  server.RaftServerConfigKeys (ConfUtils.java:logGet(46)) - raft.server.log.statemachine.data.sync.timeout = 10s (default)
2023-02-28 04:33:21,258 [pool-806-thread-1] INFO  server.RaftServerConfigKeys (ConfUtils.java:logGet(46)) - raft.server.log.statemachine.data.sync.timeout.retry = -1 (default)
2023-02-28 04:33:21,259 [pool-806-thread-1] INFO  server.RaftServerConfigKeys (ConfUtils.java:logGet(46)) - raft.server.log.write.buffer.size = 1048576 (custom)
2023-02-28 04:33:21,259 [pool-806-thread-1] INFO  server.RaftServerConfigKeys (ConfUtils.java:logGet(46)) - raft.server.log.appender.buffer.byte-limit = 33554432 (custom)
2023-02-28 04:33:21,264 [pool-806-thread-1] INFO  server.RaftServerConfigKeys (ConfUtils.java:logGet(46)) - raft.server.log.unsafe-flush.enabled = false (default)
2023-02-28 04:33:21,264 [pool-806-thread-1] INFO  server.RaftServerConfigKeys (ConfUtils.java:logGet(46)) - raft.server.log.async-flush.enabled = false (default)
2023-02-28 04:33:21,264 [pool-806-thread-1] INFO  server.RaftServerConfigKeys (ConfUtils.java:logGet(46)) - raft.server.log.statemachine.data.caching.enabled = true (custom)
2023-02-28 04:33:21,265 [pool-806-thread-1] INFO  segmented.SegmentedRaftLogWorker (SegmentedRaftLogWorker.java:lambda$new$0(135)) - 29422ebe-f196-450d-94bb-6e1d0bb3bd81@group-E4F7E3FE802F-SegmentedRaftLogWorker: flushIndex: setUnconditionally 0 -> -1
2023-02-28 04:33:21,265 [pool-806-thread-1] INFO  segmented.SegmentedRaftLogWorker (SegmentedRaftLogWorker.java:lambda$new$0(135)) - 29422ebe-f196-450d-94bb-6e1d0bb3bd81@group-E4F7E3FE802F-SegmentedRaftLogWorker: safeCacheEvictIndex: setUnconditionally 0 -> -1
2023-02-28 04:33:21,265 [pool-806-thread-1] INFO  server.RaftServer$Division (RaftServerImpl.java:start(334)) - 29422ebe-f196-450d-94bb-6e1d0bb3bd81@group-E4F7E3FE802F: start as a follower, conf=-1: peers:[78ee39fe-738f-4360-8617-136cda5f4ce0|rpc:10.1.0.42:42389|dataStream:10.1.0.42:32921|priority:0|startupRole:FOLLOWER, 63ce3e96-5e66-48af-ac7f-186cbfb55a60|rpc:10.1.0.42:33273|dataStream:10.1.0.42:39963|priority:0|startupRole:FOLLOWER, 29422ebe-f196-450d-94bb-6e1d0bb3bd81|rpc:10.1.0.42:33763|dataStream:10.1.0.42:41017|priority:1|startupRole:FOLLOWER]|listeners:[], old=null
2023-02-28 04:33:21,265 [pool-806-thread-1] INFO  server.RaftServer$Division (RaftServerImpl.java:setRole(321)) - 29422ebe-f196-450d-94bb-6e1d0bb3bd81@group-E4F7E3FE802F: changes role from      null to FOLLOWER at term 0 for startAsFollower
2023-02-28 04:33:21,265 [pool-806-thread-1] INFO  impl.RoleInfo (RoleInfo.java:updateAndGet(139)) - 29422ebe-f196-450d-94bb-6e1d0bb3bd81: start 29422ebe-f196-450d-94bb-6e1d0bb3bd81@group-E4F7E3FE802F-FollowerState
2023-02-28 04:33:21,266 [pool-806-thread-1] INFO  util.JmxRegister (JmxRegister.java:tryRegister(44)) - Successfully registered JMX Bean with object name Ratis:service=RaftServer,group=group-E4F7E3FE802F,id=29422ebe-f196-450d-94bb-6e1d0bb3bd81
2023-02-28 04:33:21,266 [pool-806-thread-1] INFO  server.RaftServerConfigKeys (ConfUtils.java:logGet(46)) - raft.server.snapshot.auto.trigger.enabled = true (custom)
2023-02-28 04:33:21,266 [pool-806-thread-1] INFO  server.RaftServerConfigKeys (ConfUtils.java:logGet(46)) - raft.server.snapshot.auto.trigger.threshold = 10000 (custom)
2023-02-28 04:33:21,266 [pool-806-thread-1] INFO  server.RaftServerConfigKeys (ConfUtils.java:logGet(46)) - raft.server.snapshot.retention.file.num = 5 (custom)
2023-02-28 04:33:21,266 [pool-806-thread-1] INFO  server.RaftServerConfigKeys (ConfUtils.java:logGet(46)) - raft.server.log.purge.upto.snapshot.index = false (default)
2023-02-28 04:33:21,266 [29422ebe-f196-450d-94bb-6e1d0bb3bd81@group-E4F7E3FE802F-FollowerState] INFO  server.RaftServerConfigKeys (ConfUtils.java:logFallback(53)) - raft.server.rpc.first-election.timeout.min = 5s (fallback to raft.server.rpc.timeout.min)
2023-02-28 04:33:21,267 [Command processor thread] INFO  ratis.XceiverServerRatis (XceiverServerRatis.java:addGroup(807)) - Created group PipelineID=d95e4b00-96cc-4d8d-9b9d-e4f7e3fe802f
2023-02-28 04:33:21,276 [29422ebe-f196-450d-94bb-6e1d0bb3bd81@group-E4F7E3FE802F-FollowerState] INFO  server.RaftServerConfigKeys (ConfUtils.java:logFallback(53)) - raft.server.rpc.first-election.timeout.max = 5200ms (fallback to raft.server.rpc.timeout.max)
2023-02-28 04:33:21,289 [grpc-default-executor-6] INFO  server.RaftServer (RaftServerProxy.java:addNew(96)) - 78ee39fe-738f-4360-8617-136cda5f4ce0: addNew group-E4F7E3FE802F:[78ee39fe-738f-4360-8617-136cda5f4ce0|rpc:10.1.0.42:42389|dataStream:10.1.0.42:32921|priority:0|startupRole:FOLLOWER, 63ce3e96-5e66-48af-ac7f-186cbfb55a60|rpc:10.1.0.42:33273|dataStream:10.1.0.42:39963|priority:0|startupRole:FOLLOWER, 29422ebe-f196-450d-94bb-6e1d0bb3bd81|rpc:10.1.0.42:33763|dataStream:10.1.0.42:41017|priority:1|startupRole:FOLLOWER] returns group-E4F7E3FE802F:java.util.concurrent.CompletableFuture@31e02c97[Not completed]
2023-02-28 04:33:21,290 [pool-828-thread-1] INFO  server.RaftServer$Division (RaftServerImpl.java:<init>(195)) - 78ee39fe-738f-4360-8617-136cda5f4ce0: new RaftServerImpl for group-E4F7E3FE802F:[78ee39fe-738f-4360-8617-136cda5f4ce0|rpc:10.1.0.42:42389|dataStream:10.1.0.42:32921|priority:0|startupRole:FOLLOWER, 63ce3e96-5e66-48af-ac7f-186cbfb55a60|rpc:10.1.0.42:33273|dataStream:10.1.0.42:39963|priority:0|startupRole:FOLLOWER, 29422ebe-f196-450d-94bb-6e1d0bb3bd81|rpc:10.1.0.42:33763|dataStream:10.1.0.42:41017|priority:1|startupRole:FOLLOWER] with ContainerStateMachine:uninitialized
2023-02-28 04:33:21,290 [pool-828-thread-1] INFO  server.RaftServerConfigKeys (ConfUtils.java:logGet(46)) - raft.server.rpc.timeout.min = 5s (custom)
2023-02-28 04:33:21,290 [pool-828-thread-1] INFO  server.RaftServerConfigKeys (ConfUtils.java:logGet(46)) - raft.server.rpc.timeout.max = 5200ms (custom)
2023-02-28 04:33:21,290 [pool-828-thread-1] INFO  server.RaftServerConfigKeys (ConfUtils.java:logGet(46)) - raft.server.rpc.sleep.time = 25ms (default)
2023-02-28 04:33:21,290 [pool-828-thread-1] INFO  server.RaftServerConfigKeys (ConfUtils.java:logGet(46)) - raft.server.rpc.slowness.timeout = 300s (custom)
2023-02-28 04:33:21,290 [pool-828-thread-1] INFO  server.RaftServerConfigKeys (ConfUtils.java:logGet(46)) - raft.server.leaderelection.leader.step-down.wait-time = 10s (default)
2023-02-28 04:33:21,290 [pool-828-thread-1] INFO  server.RaftServerConfigKeys (ConfUtils.java:logGet(46)) - raft.server.sleep.deviation.threshold = 300ms (default)
2023-02-28 04:33:21,290 [pool-828-thread-1] INFO  server.RaftServer$Division (ServerState.java:<init>(118)) - 78ee39fe-738f-4360-8617-136cda5f4ce0@group-E4F7E3FE802F: ConfigurationManager, init=-1: peers:[78ee39fe-738f-4360-8617-136cda5f4ce0|rpc:10.1.0.42:42389|dataStream:10.1.0.42:32921|priority:0|startupRole:FOLLOWER, 63ce3e96-5e66-48af-ac7f-186cbfb55a60|rpc:10.1.0.42:33273|dataStream:10.1.0.42:39963|priority:0|startupRole:FOLLOWER, 29422ebe-f196-450d-94bb-6e1d0bb3bd81|rpc:10.1.0.42:33763|dataStream:10.1.0.42:41017|priority:1|startupRole:FOLLOWER]|listeners:[], old=null, confs=<EMPTY_MAP>
2023-02-28 04:33:21,290 [pool-828-thread-1] INFO  server.RaftServerConfigKeys (ConfUtils.java:logGet(46)) - raft.server.storage.dir = [/home/runner/work/ozone/ozone/hadoop-ozone/integration-test/target/test-dir/MiniOzoneClusterImpl-2052965b-440d-4b09-b4b3-db311f243d80/datanode-1/data/ratis] (custom)
2023-02-28 04:33:21,290 [pool-828-thread-1] INFO  server.RaftServerConfigKeys (ConfUtils.java:logGet(46)) - raft.server.log.corruption.policy = EXCEPTION (default)
2023-02-28 04:33:21,290 [pool-828-thread-1] INFO  server.RaftServerConfigKeys (ConfUtils.java:logGet(46)) - raft.server.storage.free-space.min = 0MB (=0) (default)
2023-02-28 04:33:21,290 [pool-828-thread-1] INFO  server.RaftServerConfigKeys (ConfUtils.java:logGet(46)) - raft.server.notification.no-leader.timeout = 300s (custom)
2023-02-28 04:33:21,291 [pool-828-thread-1] INFO  server.RaftServerConfigKeys (ConfUtils.java:logGet(46)) - raft.server.retrycache.expirytime = 600000ms (custom)
2023-02-28 04:33:21,291 [pool-828-thread-1] INFO  server.RaftServerConfigKeys (ConfUtils.java:logGet(46)) - raft.server.retrycache.statistics.expirytime = 100μs (default)
2023-02-28 04:33:21,291 [pool-828-thread-1] INFO  server.RaftServerConfigKeys (ConfUtils.java:logGet(46)) - raft.server.log.appender.install.snapshot.enabled = false (custom)
2023-02-28 04:33:21,291 [pool-828-thread-1] INFO  server.RaftServerConfigKeys (ConfUtils.java:logGet(46)) - raft.server.threadpool.server.cached = true (default)
2023-02-28 04:33:21,291 [pool-828-thread-1] INFO  server.RaftServerConfigKeys (ConfUtils.java:logGet(46)) - raft.server.threadpool.server.size = 0 (default)
2023-02-28 04:33:21,291 [pool-828-thread-1] INFO  server.RaftServerConfigKeys (ConfUtils.java:logGet(46)) - raft.server.threadpool.client.cached = true (default)
2023-02-28 04:33:21,291 [pool-828-thread-1] INFO  server.RaftServerConfigKeys (ConfUtils.java:logGet(46)) - raft.server.threadpool.client.size = 0 (default)
2023-02-28 04:33:21,292 [pool-828-thread-1] INFO  storage.RaftStorageDirectory (RaftStorageDirectoryImpl.java:analyzeStorage(137)) - The storage directory /home/runner/work/ozone/ozone/hadoop-ozone/integration-test/target/test-dir/MiniOzoneClusterImpl-2052965b-440d-4b09-b4b3-db311f243d80/datanode-1/data/ratis/d95e4b00-96cc-4d8d-9b9d-e4f7e3fe802f does not exist. Creating ...
2023-02-28 04:33:21,293 [pool-828-thread-1] INFO  storage.RaftStorageDirectory (RaftStorageDirectoryImpl.java:tryLock(231)) - Lock on /home/runner/work/ozone/ozone/hadoop-ozone/integration-test/target/test-dir/MiniOzoneClusterImpl-2052965b-440d-4b09-b4b3-db311f243d80/datanode-1/data/ratis/d95e4b00-96cc-4d8d-9b9d-e4f7e3fe802f/in_use.lock acquired by nodename 61299@fv-az467-141
2023-02-28 04:33:21,294 [pool-828-thread-1] INFO  storage.RaftStorage (RaftStorageImpl.java:format(96)) - Storage directory /home/runner/work/ozone/ozone/hadoop-ozone/integration-test/target/test-dir/MiniOzoneClusterImpl-2052965b-440d-4b09-b4b3-db311f243d80/datanode-1/data/ratis/d95e4b00-96cc-4d8d-9b9d-e4f7e3fe802f has been successfully formatted.
2023-02-28 04:33:21,295 [pool-828-thread-1] INFO  ratis.ContainerStateMachine (ContainerStateMachine.java:loadSnapshot(240)) - group-E4F7E3FE802F: The snapshot info is null. Setting the last applied indexto:(t:0, i:~)
2023-02-28 04:33:21,295 [pool-828-thread-1] INFO  server.RaftServerConfigKeys (ConfUtils.java:logGet(46)) - raft.server.log.use.memory = false (default)
2023-02-28 04:33:21,295 [pool-828-thread-1] INFO  server.RaftServerConfigKeys (ConfUtils.java:logGet(46)) - raft.server.log.purge.gap = 1000000 (custom)
2023-02-28 04:33:21,295 [pool-828-thread-1] INFO  server.RaftServerConfigKeys (ConfUtils.java:logGet(46)) - raft.server.log.appender.buffer.byte-limit = 33554432 (custom)
2023-02-28 04:33:21,295 [pool-828-thread-1] INFO  server.RaftServerConfigKeys (ConfUtils.java:logGet(46)) - raft.server.log.statemachine.data.read.timeout = 1000ms (default)
2023-02-28 04:33:21,295 [pool-828-thread-1] INFO  server.RaftServerConfigKeys (ConfUtils.java:logGet(46)) - raft.server.log.purge.preservation.log.num = 0 (default)
2023-02-28 04:33:21,296 [pool-828-thread-1] INFO  server.RaftServerConfigKeys (ConfUtils.java:logGet(46)) - raft.server.log.segment.size.max = 1048576 (custom)
2023-02-28 04:33:21,296 [pool-828-thread-1] INFO  server.RaftServerConfigKeys (ConfUtils.java:logGet(46)) - raft.server.log.segment.cache.num.max = 2 (custom)
2023-02-28 04:33:21,296 [pool-828-thread-1] INFO  server.RaftServerConfigKeys (ConfUtils.java:logGet(46)) - raft.server.log.segment.cache.size.max = 200MB (=209715200) (default)
2023-02-28 04:33:21,296 [pool-828-thread-1] INFO  segmented.SegmentedRaftLogWorker (SegmentedRaftLogWorker.java:<init>(189)) - new 78ee39fe-738f-4360-8617-136cda5f4ce0@group-E4F7E3FE802F-SegmentedRaftLogWorker for RaftStorageImpl:Storage Directory /home/runner/work/ozone/ozone/hadoop-ozone/integration-test/target/test-dir/MiniOzoneClusterImpl-2052965b-440d-4b09-b4b3-db311f243d80/datanode-1/data/ratis/d95e4b00-96cc-4d8d-9b9d-e4f7e3fe802f
2023-02-28 04:33:21,296 [pool-828-thread-1] INFO  server.RaftServerConfigKeys (ConfUtils.java:logGet(46)) - raft.server.log.queue.byte-limit = 4294967296 (custom)
2023-02-28 04:33:21,296 [pool-828-thread-1] INFO  server.RaftServerConfigKeys (ConfUtils.java:logGet(46)) - raft.server.log.queue.element-limit = 1024 (custom)
2023-02-28 04:33:21,296 [pool-828-thread-1] INFO  server.RaftServerConfigKeys (ConfUtils.java:logGet(46)) - raft.server.log.segment.size.max = 1048576 (custom)
2023-02-28 04:33:21,296 [pool-828-thread-1] INFO  server.RaftServerConfigKeys (ConfUtils.java:logGet(46)) - raft.server.log.preallocated.size = 16384 (custom)
2023-02-28 04:33:21,296 [pool-828-thread-1] INFO  server.RaftServerConfigKeys (ConfUtils.java:logGet(46)) - raft.server.log.force.sync.num = 128 (default)
2023-02-28 04:33:21,296 [pool-828-thread-1] INFO  server.RaftServerConfigKeys (ConfUtils.java:logGet(46)) - raft.server.log.statemachine.data.sync = true (default)
2023-02-28 04:33:21,297 [pool-828-thread-1] INFO  server.RaftServerConfigKeys (ConfUtils.java:logGet(46)) - raft.server.log.statemachine.data.sync.timeout = 10s (default)
2023-02-28 04:33:21,297 [pool-828-thread-1] INFO  server.RaftServerConfigKeys (ConfUtils.java:logGet(46)) - raft.server.log.statemachine.data.sync.timeout.retry = -1 (default)
2023-02-28 04:33:21,297 [pool-828-thread-1] INFO  server.RaftServerConfigKeys (ConfUtils.java:logGet(46)) - raft.server.log.write.buffer.size = 1048576 (custom)
2023-02-28 04:33:21,298 [pool-828-thread-1] INFO  server.RaftServerConfigKeys (ConfUtils.java:logGet(46)) - raft.server.log.appender.buffer.byte-limit = 33554432 (custom)
2023-02-28 04:33:21,301 [pool-828-thread-1] INFO  server.RaftServerConfigKeys (ConfUtils.java:logGet(46)) - raft.server.log.unsafe-flush.enabled = false (default)
2023-02-28 04:33:21,301 [pool-828-thread-1] INFO  server.RaftServerConfigKeys (ConfUtils.java:logGet(46)) - raft.server.log.async-flush.enabled = false (default)
2023-02-28 04:33:21,301 [pool-828-thread-1] INFO  server.RaftServerConfigKeys (ConfUtils.java:logGet(46)) - raft.server.log.statemachine.data.caching.enabled = true (custom)
2023-02-28 04:33:21,301 [pool-828-thread-1] INFO  segmented.SegmentedRaftLogWorker (SegmentedRaftLogWorker.java:lambda$new$0(135)) - 78ee39fe-738f-4360-8617-136cda5f4ce0@group-E4F7E3FE802F-SegmentedRaftLogWorker: flushIndex: setUnconditionally 0 -> -1
2023-02-28 04:33:21,301 [pool-828-thread-1] INFO  segmented.SegmentedRaftLogWorker (SegmentedRaftLogWorker.java:lambda$new$0(135)) - 78ee39fe-738f-4360-8617-136cda5f4ce0@group-E4F7E3FE802F-SegmentedRaftLogWorker: safeCacheEvictIndex: setUnconditionally 0 -> -1
2023-02-28 04:33:21,301 [pool-828-thread-1] INFO  server.RaftServer$Division (RaftServerImpl.java:start(334)) - 78ee39fe-738f-4360-8617-136cda5f4ce0@group-E4F7E3FE802F: start as a follower, conf=-1: peers:[78ee39fe-738f-4360-8617-136cda5f4ce0|rpc:10.1.0.42:42389|dataStream:10.1.0.42:32921|priority:0|startupRole:FOLLOWER, 63ce3e96-5e66-48af-ac7f-186cbfb55a60|rpc:10.1.0.42:33273|dataStream:10.1.0.42:39963|priority:0|startupRole:FOLLOWER, 29422ebe-f196-450d-94bb-6e1d0bb3bd81|rpc:10.1.0.42:33763|dataStream:10.1.0.42:41017|priority:1|startupRole:FOLLOWER]|listeners:[], old=null
2023-02-28 04:33:21,301 [pool-828-thread-1] INFO  server.RaftServer$Division (RaftServerImpl.java:setRole(321)) - 78ee39fe-738f-4360-8617-136cda5f4ce0@group-E4F7E3FE802F: changes role from      null to FOLLOWER at term 0 for startAsFollower
2023-02-28 04:33:21,301 [pool-828-thread-1] INFO  impl.RoleInfo (RoleInfo.java:updateAndGet(139)) - 78ee39fe-738f-4360-8617-136cda5f4ce0: start 78ee39fe-738f-4360-8617-136cda5f4ce0@group-E4F7E3FE802F-FollowerState
2023-02-28 04:33:21,302 [pool-828-thread-1] INFO  util.JmxRegister (JmxRegister.java:tryRegister(44)) - Successfully registered JMX Bean with object name Ratis:service=RaftServer,group=group-E4F7E3FE802F,id=78ee39fe-738f-4360-8617-136cda5f4ce0
2023-02-28 04:33:21,302 [pool-828-thread-1] INFO  server.RaftServerConfigKeys (ConfUtils.java:logGet(46)) - raft.server.snapshot.auto.trigger.enabled = true (custom)
2023-02-28 04:33:21,302 [pool-828-thread-1] INFO  server.RaftServerConfigKeys (ConfUtils.java:logGet(46)) - raft.server.snapshot.auto.trigger.threshold = 10000 (custom)
2023-02-28 04:33:21,302 [pool-828-thread-1] INFO  server.RaftServerConfigKeys (ConfUtils.java:logGet(46)) - raft.server.snapshot.retention.file.num = 5 (custom)
2023-02-28 04:33:21,302 [pool-828-thread-1] INFO  server.RaftServerConfigKeys (ConfUtils.java:logGet(46)) - raft.server.log.purge.upto.snapshot.index = false (default)
2023-02-28 04:33:21,302 [78ee39fe-738f-4360-8617-136cda5f4ce0@group-E4F7E3FE802F-FollowerState] INFO  server.RaftServerConfigKeys (ConfUtils.java:logFallback(53)) - raft.server.rpc.first-election.timeout.min = 5s (fallback to raft.server.rpc.timeout.min)
2023-02-28 04:33:21,304 [78ee39fe-738f-4360-8617-136cda5f4ce0@group-E4F7E3FE802F-FollowerState] INFO  server.RaftServerConfigKeys (ConfUtils.java:logFallback(53)) - raft.server.rpc.first-election.timeout.max = 5200ms (fallback to raft.server.rpc.timeout.max)
2023-02-28 04:33:21,321 [grpc-default-executor-6] INFO  server.RaftServer (RaftServerProxy.java:addNew(96)) - 63ce3e96-5e66-48af-ac7f-186cbfb55a60: addNew group-E4F7E3FE802F:[78ee39fe-738f-4360-8617-136cda5f4ce0|rpc:10.1.0.42:42389|dataStream:10.1.0.42:32921|priority:0|startupRole:FOLLOWER, 63ce3e96-5e66-48af-ac7f-186cbfb55a60|rpc:10.1.0.42:33273|dataStream:10.1.0.42:39963|priority:0|startupRole:FOLLOWER, 29422ebe-f196-450d-94bb-6e1d0bb3bd81|rpc:10.1.0.42:33763|dataStream:10.1.0.42:41017|priority:1|startupRole:FOLLOWER] returns group-E4F7E3FE802F:java.util.concurrent.CompletableFuture@415ccb21[Not completed]
2023-02-28 04:33:21,322 [pool-850-thread-1] INFO  server.RaftServer$Division (RaftServerImpl.java:<init>(195)) - 63ce3e96-5e66-48af-ac7f-186cbfb55a60: new RaftServerImpl for group-E4F7E3FE802F:[78ee39fe-738f-4360-8617-136cda5f4ce0|rpc:10.1.0.42:42389|dataStream:10.1.0.42:32921|priority:0|startupRole:FOLLOWER, 63ce3e96-5e66-48af-ac7f-186cbfb55a60|rpc:10.1.0.42:33273|dataStream:10.1.0.42:39963|priority:0|startupRole:FOLLOWER, 29422ebe-f196-450d-94bb-6e1d0bb3bd81|rpc:10.1.0.42:33763|dataStream:10.1.0.42:41017|priority:1|startupRole:FOLLOWER] with ContainerStateMachine:uninitialized
2023-02-28 04:33:21,322 [pool-850-thread-1] INFO  server.RaftServerConfigKeys (ConfUtils.java:logGet(46)) - raft.server.rpc.timeout.min = 5s (custom)
2023-02-28 04:33:21,322 [pool-850-thread-1] INFO  server.RaftServerConfigKeys (ConfUtils.java:logGet(46)) - raft.server.rpc.timeout.max = 5200ms (custom)
2023-02-28 04:33:21,322 [pool-850-thread-1] INFO  server.RaftServerConfigKeys (ConfUtils.java:logGet(46)) - raft.server.rpc.sleep.time = 25ms (default)
2023-02-28 04:33:21,322 [pool-850-thread-1] INFO  server.RaftServerConfigKeys (ConfUtils.java:logGet(46)) - raft.server.rpc.slowness.timeout = 300s (custom)
2023-02-28 04:33:21,322 [pool-850-thread-1] INFO  server.RaftServerConfigKeys (ConfUtils.java:logGet(46)) - raft.server.leaderelection.leader.step-down.wait-time = 10s (default)
2023-02-28 04:33:21,322 [pool-850-thread-1] INFO  server.RaftServerConfigKeys (ConfUtils.java:logGet(46)) - raft.server.sleep.deviation.threshold = 300ms (default)
2023-02-28 04:33:21,323 [pool-850-thread-1] INFO  server.RaftServer$Division (ServerState.java:<init>(118)) - 63ce3e96-5e66-48af-ac7f-186cbfb55a60@group-E4F7E3FE802F: ConfigurationManager, init=-1: peers:[78ee39fe-738f-4360-8617-136cda5f4ce0|rpc:10.1.0.42:42389|dataStream:10.1.0.42:32921|priority:0|startupRole:FOLLOWER, 63ce3e96-5e66-48af-ac7f-186cbfb55a60|rpc:10.1.0.42:33273|dataStream:10.1.0.42:39963|priority:0|startupRole:FOLLOWER, 29422ebe-f196-450d-94bb-6e1d0bb3bd81|rpc:10.1.0.42:33763|dataStream:10.1.0.42:41017|priority:1|startupRole:FOLLOWER]|listeners:[], old=null, confs=<EMPTY_MAP>
2023-02-28 04:33:21,323 [pool-850-thread-1] INFO  server.RaftServerConfigKeys (ConfUtils.java:logGet(46)) - raft.server.storage.dir = [/home/runner/work/ozone/ozone/hadoop-ozone/integration-test/target/test-dir/MiniOzoneClusterImpl-2052965b-440d-4b09-b4b3-db311f243d80/datanode-2/data/ratis] (custom)
2023-02-28 04:33:21,323 [pool-850-thread-1] INFO  server.RaftServerConfigKeys (ConfUtils.java:logGet(46)) - raft.server.log.corruption.policy = EXCEPTION (default)
2023-02-28 04:33:21,323 [pool-850-thread-1] INFO  server.RaftServerConfigKeys (ConfUtils.java:logGet(46)) - raft.server.storage.free-space.min = 0MB (=0) (default)
2023-02-28 04:33:21,323 [pool-850-thread-1] INFO  server.RaftServerConfigKeys (ConfUtils.java:logGet(46)) - raft.server.notification.no-leader.timeout = 300s (custom)
2023-02-28 04:33:21,323 [pool-850-thread-1] INFO  server.RaftServerConfigKeys (ConfUtils.java:logGet(46)) - raft.server.retrycache.expirytime = 600000ms (custom)
2023-02-28 04:33:21,323 [pool-850-thread-1] INFO  server.RaftServerConfigKeys (ConfUtils.java:logGet(46)) - raft.server.retrycache.statistics.expirytime = 100μs (default)
2023-02-28 04:33:21,324 [pool-850-thread-1] INFO  server.RaftServerConfigKeys (ConfUtils.java:logGet(46)) - raft.server.log.appender.install.snapshot.enabled = false (custom)
2023-02-28 04:33:21,324 [pool-850-thread-1] INFO  server.RaftServerConfigKeys (ConfUtils.java:logGet(46)) - raft.server.threadpool.server.cached = true (default)
2023-02-28 04:33:21,324 [pool-850-thread-1] INFO  server.RaftServerConfigKeys (ConfUtils.java:logGet(46)) - raft.server.threadpool.server.size = 0 (default)
2023-02-28 04:33:21,324 [pool-850-thread-1] INFO  server.RaftServerConfigKeys (ConfUtils.java:logGet(46)) - raft.server.threadpool.client.cached = true (default)
2023-02-28 04:33:21,324 [pool-850-thread-1] INFO  server.RaftServerConfigKeys (ConfUtils.java:logGet(46)) - raft.server.threadpool.client.size = 0 (default)
2023-02-28 04:33:21,324 [pool-850-thread-1] INFO  storage.RaftStorageDirectory (RaftStorageDirectoryImpl.java:analyzeStorage(137)) - The storage directory /home/runner/work/ozone/ozone/hadoop-ozone/integration-test/target/test-dir/MiniOzoneClusterImpl-2052965b-440d-4b09-b4b3-db311f243d80/datanode-2/data/ratis/d95e4b00-96cc-4d8d-9b9d-e4f7e3fe802f does not exist. Creating ...
2023-02-28 04:33:21,325 [pool-850-thread-1] INFO  storage.RaftStorageDirectory (RaftStorageDirectoryImpl.java:tryLock(231)) - Lock on /home/runner/work/ozone/ozone/hadoop-ozone/integration-test/target/test-dir/MiniOzoneClusterImpl-2052965b-440d-4b09-b4b3-db311f243d80/datanode-2/data/ratis/d95e4b00-96cc-4d8d-9b9d-e4f7e3fe802f/in_use.lock acquired by nodename 61299@fv-az467-141
2023-02-28 04:33:21,326 [pool-850-thread-1] INFO  storage.RaftStorage (RaftStorageImpl.java:format(96)) - Storage directory /home/runner/work/ozone/ozone/hadoop-ozone/integration-test/target/test-dir/MiniOzoneClusterImpl-2052965b-440d-4b09-b4b3-db311f243d80/datanode-2/data/ratis/d95e4b00-96cc-4d8d-9b9d-e4f7e3fe802f has been successfully formatted.
2023-02-28 04:33:21,328 [pool-850-thread-1] INFO  ratis.ContainerStateMachine (ContainerStateMachine.java:loadSnapshot(240)) - group-E4F7E3FE802F: The snapshot info is null. Setting the last applied indexto:(t:0, i:~)
2023-02-28 04:33:21,328 [pool-850-thread-1] INFO  server.RaftServerConfigKeys (ConfUtils.java:logGet(46)) - raft.server.log.use.memory = false (default)
2023-02-28 04:33:21,328 [pool-850-thread-1] INFO  server.RaftServerConfigKeys (ConfUtils.java:logGet(46)) - raft.server.log.purge.gap = 1000000 (custom)
2023-02-28 04:33:21,328 [pool-850-thread-1] INFO  server.RaftServerConfigKeys (ConfUtils.java:logGet(46)) - raft.server.log.appender.buffer.byte-limit = 33554432 (custom)
2023-02-28 04:33:21,328 [pool-850-thread-1] INFO  server.RaftServerConfigKeys (ConfUtils.java:logGet(46)) - raft.server.log.statemachine.data.read.timeout = 1000ms (default)
2023-02-28 04:33:21,328 [pool-850-thread-1] INFO  server.RaftServerConfigKeys (ConfUtils.java:logGet(46)) - raft.server.log.purge.preservation.log.num = 0 (default)
2023-02-28 04:33:21,329 [pool-850-thread-1] INFO  server.RaftServerConfigKeys (ConfUtils.java:logGet(46)) - raft.server.log.segment.size.max = 1048576 (custom)
2023-02-28 04:33:21,330 [pool-850-thread-1] INFO  server.RaftServerConfigKeys (ConfUtils.java:logGet(46)) - raft.server.log.segment.cache.num.max = 2 (custom)
2023-02-28 04:33:21,330 [pool-850-thread-1] INFO  server.RaftServerConfigKeys (ConfUtils.java:logGet(46)) - raft.server.log.segment.cache.size.max = 200MB (=209715200) (default)
2023-02-28 04:33:21,330 [pool-850-thread-1] INFO  segmented.SegmentedRaftLogWorker (SegmentedRaftLogWorker.java:<init>(189)) - new 63ce3e96-5e66-48af-ac7f-186cbfb55a60@group-E4F7E3FE802F-SegmentedRaftLogWorker for RaftStorageImpl:Storage Directory /home/runner/work/ozone/ozone/hadoop-ozone/integration-test/target/test-dir/MiniOzoneClusterImpl-2052965b-440d-4b09-b4b3-db311f243d80/datanode-2/data/ratis/d95e4b00-96cc-4d8d-9b9d-e4f7e3fe802f
2023-02-28 04:33:21,331 [pool-850-thread-1] INFO  server.RaftServerConfigKeys (ConfUtils.java:logGet(46)) - raft.server.log.queue.byte-limit = 4294967296 (custom)
2023-02-28 04:33:21,331 [pool-850-thread-1] INFO  server.RaftServerConfigKeys (ConfUtils.java:logGet(46)) - raft.server.log.queue.element-limit = 1024 (custom)
2023-02-28 04:33:21,331 [pool-850-thread-1] INFO  server.RaftServerConfigKeys (ConfUtils.java:logGet(46)) - raft.server.log.segment.size.max = 1048576 (custom)
2023-02-28 04:33:21,331 [pool-850-thread-1] INFO  server.RaftServerConfigKeys (ConfUtils.java:logGet(46)) - raft.server.log.preallocated.size = 16384 (custom)
2023-02-28 04:33:21,331 [pool-850-thread-1] INFO  server.RaftServerConfigKeys (ConfUtils.java:logGet(46)) - raft.server.log.force.sync.num = 128 (default)
2023-02-28 04:33:21,331 [pool-850-thread-1] INFO  server.RaftServerConfigKeys (ConfUtils.java:logGet(46)) - raft.server.log.statemachine.data.sync = true (default)
2023-02-28 04:33:21,331 [pool-850-thread-1] INFO  server.RaftServerConfigKeys (ConfUtils.java:logGet(46)) - raft.server.log.statemachine.data.sync.timeout = 10s (default)
2023-02-28 04:33:21,331 [pool-850-thread-1] INFO  server.RaftServerConfigKeys (ConfUtils.java:logGet(46)) - raft.server.log.statemachine.data.sync.timeout.retry = -1 (default)
2023-02-28 04:33:21,331 [pool-850-thread-1] INFO  server.RaftServerConfigKeys (ConfUtils.java:logGet(46)) - raft.server.log.write.buffer.size = 1048576 (custom)
2023-02-28 04:33:21,333 [pool-850-thread-1] INFO  server.RaftServerConfigKeys (ConfUtils.java:logGet(46)) - raft.server.log.appender.buffer.byte-limit = 33554432 (custom)
2023-02-28 04:33:21,339 [EndpointStateMachine task thread for /0.0.0.0:41617 - 0 ] INFO  ipc.Client (Client.java:handleConnectionFailure(1010)) - Retrying connect to server: 0.0.0.0/0.0.0.0:41617. Already tried 0 time(s); retry policy is RetryUpToMaximumCountWithFixedSleep(maxRetries=15, sleepTime=1000 MILLISECONDS)
2023-02-28 04:33:21,341 [pool-850-thread-1] INFO  server.RaftServerConfigKeys (ConfUtils.java:logGet(46)) - raft.server.log.unsafe-flush.enabled = false (default)
2023-02-28 04:33:21,342 [pool-850-thread-1] INFO  server.RaftServerConfigKeys (ConfUtils.java:logGet(46)) - raft.server.log.async-flush.enabled = false (default)
2023-02-28 04:33:21,342 [pool-850-thread-1] INFO  server.RaftServerConfigKeys (ConfUtils.java:logGet(46)) - raft.server.log.statemachine.data.caching.enabled = true (custom)
2023-02-28 04:33:21,342 [pool-850-thread-1] INFO  segmented.SegmentedRaftLogWorker (SegmentedRaftLogWorker.java:lambda$new$0(135)) - 63ce3e96-5e66-48af-ac7f-186cbfb55a60@group-E4F7E3FE802F-SegmentedRaftLogWorker: flushIndex: setUnconditionally 0 -> -1
2023-02-28 04:33:21,342 [pool-850-thread-1] INFO  segmented.SegmentedRaftLogWorker (SegmentedRaftLogWorker.java:lambda$new$0(135)) - 63ce3e96-5e66-48af-ac7f-186cbfb55a60@group-E4F7E3FE802F-SegmentedRaftLogWorker: safeCacheEvictIndex: setUnconditionally 0 -> -1
2023-02-28 04:33:21,347 [pool-850-thread-1] INFO  server.RaftServer$Division (RaftServerImpl.java:start(334)) - 63ce3e96-5e66-48af-ac7f-186cbfb55a60@group-E4F7E3FE802F: start as a follower, conf=-1: peers:[78ee39fe-738f-4360-8617-136cda5f4ce0|rpc:10.1.0.42:42389|dataStream:10.1.0.42:32921|priority:0|startupRole:FOLLOWER, 63ce3e96-5e66-48af-ac7f-186cbfb55a60|rpc:10.1.0.42:33273|dataStream:10.1.0.42:39963|priority:0|startupRole:FOLLOWER, 29422ebe-f196-450d-94bb-6e1d0bb3bd81|rpc:10.1.0.42:33763|dataStream:10.1.0.42:41017|priority:1|startupRole:FOLLOWER]|listeners:[], old=null
2023-02-28 04:33:21,347 [pool-850-thread-1] INFO  server.RaftServer$Division (RaftServerImpl.java:setRole(321)) - 63ce3e96-5e66-48af-ac7f-186cbfb55a60@group-E4F7E3FE802F: changes role from      null to FOLLOWER at term 0 for startAsFollower
2023-02-28 04:33:21,347 [pool-850-thread-1] INFO  impl.RoleInfo (RoleInfo.java:updateAndGet(139)) - 63ce3e96-5e66-48af-ac7f-186cbfb55a60: start 63ce3e96-5e66-48af-ac7f-186cbfb55a60@group-E4F7E3FE802F-FollowerState
2023-02-28 04:33:21,347 [pool-850-thread-1] INFO  util.JmxRegister (JmxRegister.java:tryRegister(44)) - Successfully registered JMX Bean with object name Ratis:service=RaftServer,group=group-E4F7E3FE802F,id=63ce3e96-5e66-48af-ac7f-186cbfb55a60
2023-02-28 04:33:21,347 [63ce3e96-5e66-48af-ac7f-186cbfb55a60@group-E4F7E3FE802F-FollowerState] INFO  server.RaftServerConfigKeys (ConfUtils.java:logFallback(53)) - raft.server.rpc.first-election.timeout.min = 5s (fallback to raft.server.rpc.timeout.min)
2023-02-28 04:33:21,348 [pool-850-thread-1] INFO  server.RaftServerConfigKeys (ConfUtils.java:logGet(46)) - raft.server.snapshot.auto.trigger.enabled = true (custom)
2023-02-28 04:33:21,348 [63ce3e96-5e66-48af-ac7f-186cbfb55a60@group-E4F7E3FE802F-FollowerState] INFO  server.RaftServerConfigKeys (ConfUtils.java:logFallback(53)) - raft.server.rpc.first-election.timeout.max = 5200ms (fallback to raft.server.rpc.timeout.max)
2023-02-28 04:33:21,349 [pool-850-thread-1] INFO  server.RaftServerConfigKeys (ConfUtils.java:logGet(46)) - raft.server.snapshot.auto.trigger.threshold = 10000 (custom)
2023-02-28 04:33:21,349 [pool-850-thread-1] INFO  server.RaftServerConfigKeys (ConfUtils.java:logGet(46)) - raft.server.snapshot.retention.file.num = 5 (custom)
2023-02-28 04:33:21,349 [pool-850-thread-1] INFO  server.RaftServerConfigKeys (ConfUtils.java:logGet(46)) - raft.server.log.purge.upto.snapshot.index = false (default)
2023-02-28 04:33:21,353 [Command processor thread] INFO  commandhandler.CreatePipelineCommandHandler (CreatePipelineCommandHandler.java:handle(113)) - Created Pipeline RATIS THREE PipelineID=d95e4b00-96cc-4d8d-9b9d-e4f7e3fe802f.
2023-02-28 04:33:21,353 [Command processor thread] INFO  server.RaftServer (RaftServerProxy.java:addNew(96)) - 29422ebe-f196-450d-94bb-6e1d0bb3bd81: addNew group-568C69247F8F:[78ee39fe-738f-4360-8617-136cda5f4ce0|rpc:10.1.0.42:42389|dataStream:10.1.0.42:32921|priority:0|startupRole:FOLLOWER, 63ce3e96-5e66-48af-ac7f-186cbfb55a60|rpc:10.1.0.42:33273|dataStream:10.1.0.42:39963|priority:1|startupRole:FOLLOWER, 29422ebe-f196-450d-94bb-6e1d0bb3bd81|rpc:10.1.0.42:33763|dataStream:10.1.0.42:41017|priority:0|startupRole:FOLLOWER] returns group-568C69247F8F:java.util.concurrent.CompletableFuture@2a715723[Not completed]
2023-02-28 04:33:21,354 [pool-806-thread-1] INFO  server.RaftServer$Division (RaftServerImpl.java:<init>(195)) - 29422ebe-f196-450d-94bb-6e1d0bb3bd81: new RaftServerImpl for group-568C69247F8F:[78ee39fe-738f-4360-8617-136cda5f4ce0|rpc:10.1.0.42:42389|dataStream:10.1.0.42:32921|priority:0|startupRole:FOLLOWER, 63ce3e96-5e66-48af-ac7f-186cbfb55a60|rpc:10.1.0.42:33273|dataStream:10.1.0.42:39963|priority:1|startupRole:FOLLOWER, 29422ebe-f196-450d-94bb-6e1d0bb3bd81|rpc:10.1.0.42:33763|dataStream:10.1.0.42:41017|priority:0|startupRole:FOLLOWER] with ContainerStateMachine:uninitialized
2023-02-28 04:33:21,354 [pool-806-thread-1] INFO  server.RaftServerConfigKeys (ConfUtils.java:logGet(46)) - raft.server.rpc.timeout.min = 5s (custom)
2023-02-28 04:33:21,354 [pool-806-thread-1] INFO  server.RaftServerConfigKeys (ConfUtils.java:logGet(46)) - raft.server.rpc.timeout.max = 5200ms (custom)
2023-02-28 04:33:21,354 [pool-806-thread-1] INFO  server.RaftServerConfigKeys (ConfUtils.java:logGet(46)) - raft.server.rpc.sleep.time = 25ms (default)
2023-02-28 04:33:21,354 [pool-806-thread-1] INFO  server.RaftServerConfigKeys (ConfUtils.java:logGet(46)) - raft.server.rpc.slowness.timeout = 300s (custom)
2023-02-28 04:33:21,354 [pool-806-thread-1] INFO  server.RaftServerConfigKeys (ConfUtils.java:logGet(46)) - raft.server.leaderelection.leader.step-down.wait-time = 10s (default)
2023-02-28 04:33:21,354 [pool-806-thread-1] INFO  server.RaftServerConfigKeys (ConfUtils.java:logGet(46)) - raft.server.sleep.deviation.threshold = 300ms (default)
2023-02-28 04:33:21,355 [pool-806-thread-1] INFO  server.RaftServer$Division (ServerState.java:<init>(118)) - 29422ebe-f196-450d-94bb-6e1d0bb3bd81@group-568C69247F8F: ConfigurationManager, init=-1: peers:[78ee39fe-738f-4360-8617-136cda5f4ce0|rpc:10.1.0.42:42389|dataStream:10.1.0.42:32921|priority:0|startupRole:FOLLOWER, 63ce3e96-5e66-48af-ac7f-186cbfb55a60|rpc:10.1.0.42:33273|dataStream:10.1.0.42:39963|priority:1|startupRole:FOLLOWER, 29422ebe-f196-450d-94bb-6e1d0bb3bd81|rpc:10.1.0.42:33763|dataStream:10.1.0.42:41017|priority:0|startupRole:FOLLOWER]|listeners:[], old=null, confs=<EMPTY_MAP>
2023-02-28 04:33:21,355 [pool-806-thread-1] INFO  server.RaftServerConfigKeys (ConfUtils.java:logGet(46)) - raft.server.storage.dir = [/home/runner/work/ozone/ozone/hadoop-ozone/integration-test/target/test-dir/MiniOzoneClusterImpl-2052965b-440d-4b09-b4b3-db311f243d80/datanode-0/data/ratis] (custom)
2023-02-28 04:33:21,355 [pool-806-thread-1] INFO  server.RaftServerConfigKeys (ConfUtils.java:logGet(46)) - raft.server.log.corruption.policy = EXCEPTION (default)
2023-02-28 04:33:21,355 [pool-806-thread-1] INFO  server.RaftServerConfigKeys (ConfUtils.java:logGet(46)) - raft.server.storage.free-space.min = 0MB (=0) (default)
2023-02-28 04:33:21,355 [pool-806-thread-1] INFO  server.RaftServerConfigKeys (ConfUtils.java:logGet(46)) - raft.server.notification.no-leader.timeout = 300s (custom)
2023-02-28 04:33:21,355 [pool-806-thread-1] INFO  server.RaftServerConfigKeys (ConfUtils.java:logGet(46)) - raft.server.retrycache.expirytime = 600000ms (custom)
2023-02-28 04:33:21,355 [pool-806-thread-1] INFO  server.RaftServerConfigKeys (ConfUtils.java:logGet(46)) - raft.server.retrycache.statistics.expirytime = 100μs (default)
2023-02-28 04:33:21,356 [pool-806-thread-1] INFO  server.RaftServerConfigKeys (ConfUtils.java:logGet(46)) - raft.server.log.appender.install.snapshot.enabled = false (custom)
2023-02-28 04:33:21,356 [pool-806-thread-1] INFO  server.RaftServerConfigKeys (ConfUtils.java:logGet(46)) - raft.server.threadpool.server.cached = true (default)
2023-02-28 04:33:21,356 [pool-806-thread-1] INFO  server.RaftServerConfigKeys (ConfUtils.java:logGet(46)) - raft.server.threadpool.server.size = 0 (default)
2023-02-28 04:33:21,356 [pool-806-thread-1] INFO  server.RaftServerConfigKeys (ConfUtils.java:logGet(46)) - raft.server.threadpool.client.cached = true (default)
2023-02-28 04:33:21,356 [pool-806-thread-1] INFO  server.RaftServerConfigKeys (ConfUtils.java:logGet(46)) - raft.server.threadpool.client.size = 0 (default)
2023-02-28 04:33:21,356 [pool-806-thread-1] INFO  storage.RaftStorageDirectory (RaftStorageDirectoryImpl.java:analyzeStorage(137)) - The storage directory /home/runner/work/ozone/ozone/hadoop-ozone/integration-test/target/test-dir/MiniOzoneClusterImpl-2052965b-440d-4b09-b4b3-db311f243d80/datanode-0/data/ratis/8becd6ad-658d-412c-9231-568c69247f8f does not exist. Creating ...
2023-02-28 04:33:21,357 [pool-806-thread-1] INFO  storage.RaftStorageDirectory (RaftStorageDirectoryImpl.java:tryLock(231)) - Lock on /home/runner/work/ozone/ozone/hadoop-ozone/integration-test/target/test-dir/MiniOzoneClusterImpl-2052965b-440d-4b09-b4b3-db311f243d80/datanode-0/data/ratis/8becd6ad-658d-412c-9231-568c69247f8f/in_use.lock acquired by nodename 61299@fv-az467-141
2023-02-28 04:33:21,358 [pool-806-thread-1] INFO  storage.RaftStorage (RaftStorageImpl.java:format(96)) - Storage directory /home/runner/work/ozone/ozone/hadoop-ozone/integration-test/target/test-dir/MiniOzoneClusterImpl-2052965b-440d-4b09-b4b3-db311f243d80/datanode-0/data/ratis/8becd6ad-658d-412c-9231-568c69247f8f has been successfully formatted.
2023-02-28 04:33:21,359 [pool-806-thread-1] INFO  ratis.ContainerStateMachine (ContainerStateMachine.java:loadSnapshot(240)) - group-568C69247F8F: The snapshot info is null. Setting the last applied indexto:(t:0, i:~)
2023-02-28 04:33:21,359 [pool-806-thread-1] INFO  server.RaftServerConfigKeys (ConfUtils.java:logGet(46)) - raft.server.log.use.memory = false (default)
2023-02-28 04:33:21,359 [pool-806-thread-1] INFO  server.RaftServerConfigKeys (ConfUtils.java:logGet(46)) - raft.server.log.purge.gap = 1000000 (custom)
2023-02-28 04:33:21,359 [pool-806-thread-1] INFO  server.RaftServerConfigKeys (ConfUtils.java:logGet(46)) - raft.server.log.appender.buffer.byte-limit = 33554432 (custom)
2023-02-28 04:33:21,359 [pool-806-thread-1] INFO  server.RaftServerConfigKeys (ConfUtils.java:logGet(46)) - raft.server.log.statemachine.data.read.timeout = 1000ms (default)
2023-02-28 04:33:21,360 [EventQueue-OpenPipelineForHealthyPipelineSafeModeRule] INFO  safemode.SCMSafeModeManager (HealthyPipelineSafeModeRule.java:process(137)) - SCM in safe mode. Healthy pipelines reported count is 0, required healthy pipeline reported count is 1
2023-02-28 04:33:21,366 [pool-806-thread-1] INFO  server.RaftServerConfigKeys (ConfUtils.java:logGet(46)) - raft.server.log.purge.preservation.log.num = 0 (default)
2023-02-28 04:33:21,366 [pool-806-thread-1] INFO  server.RaftServerConfigKeys (ConfUtils.java:logGet(46)) - raft.server.log.segment.size.max = 1048576 (custom)
2023-02-28 04:33:21,366 [pool-806-thread-1] INFO  server.RaftServerConfigKeys (ConfUtils.java:logGet(46)) - raft.server.log.segment.cache.num.max = 2 (custom)
2023-02-28 04:33:21,366 [pool-806-thread-1] INFO  server.RaftServerConfigKeys (ConfUtils.java:logGet(46)) - raft.server.log.segment.cache.size.max = 200MB (=209715200) (default)
2023-02-28 04:33:21,366 [pool-806-thread-1] INFO  segmented.SegmentedRaftLogWorker (SegmentedRaftLogWorker.java:<init>(189)) - new 29422ebe-f196-450d-94bb-6e1d0bb3bd81@group-568C69247F8F-SegmentedRaftLogWorker for RaftStorageImpl:Storage Directory /home/runner/work/ozone/ozone/hadoop-ozone/integration-test/target/test-dir/MiniOzoneClusterImpl-2052965b-440d-4b09-b4b3-db311f243d80/datanode-0/data/ratis/8becd6ad-658d-412c-9231-568c69247f8f
2023-02-28 04:33:21,366 [pool-806-thread-1] INFO  server.RaftServerConfigKeys (ConfUtils.java:logGet(46)) - raft.server.log.queue.byte-limit = 4294967296 (custom)
2023-02-28 04:33:21,366 [pool-806-thread-1] INFO  server.RaftServerConfigKeys (ConfUtils.java:logGet(46)) - raft.server.log.queue.element-limit = 1024 (custom)
2023-02-28 04:33:21,367 [pool-806-thread-1] INFO  server.RaftServerConfigKeys (ConfUtils.java:logGet(46)) - raft.server.log.segment.size.max = 1048576 (custom)
2023-02-28 04:33:21,367 [pool-806-thread-1] INFO  server.RaftServerConfigKeys (ConfUtils.java:logGet(46)) - raft.server.log.preallocated.size = 16384 (custom)
2023-02-28 04:33:21,367 [pool-806-thread-1] INFO  server.RaftServerConfigKeys (ConfUtils.java:logGet(46)) - raft.server.log.force.sync.num = 128 (default)
2023-02-28 04:33:21,367 [pool-806-thread-1] INFO  server.RaftServerConfigKeys (ConfUtils.java:logGet(46)) - raft.server.log.statemachine.data.sync = true (default)
2023-02-28 04:33:21,367 [pool-806-thread-1] INFO  server.RaftServerConfigKeys (ConfUtils.java:logGet(46)) - raft.server.log.statemachine.data.sync.timeout = 10s (default)
2023-02-28 04:33:21,367 [pool-806-thread-1] INFO  server.RaftServerConfigKeys (ConfUtils.java:logGet(46)) - raft.server.log.statemachine.data.sync.timeout.retry = -1 (default)
2023-02-28 04:33:21,367 [pool-806-thread-1] INFO  server.RaftServerConfigKeys (ConfUtils.java:logGet(46)) - raft.server.log.write.buffer.size = 1048576 (custom)
2023-02-28 04:33:21,368 [pool-806-thread-1] INFO  server.RaftServerConfigKeys (ConfUtils.java:logGet(46)) - raft.server.log.appender.buffer.byte-limit = 33554432 (custom)
2023-02-28 04:33:21,371 [pool-806-thread-1] INFO  server.RaftServerConfigKeys (ConfUtils.java:logGet(46)) - raft.server.log.unsafe-flush.enabled = false (default)
2023-02-28 04:33:21,371 [pool-806-thread-1] INFO  server.RaftServerConfigKeys (ConfUtils.java:logGet(46)) - raft.server.log.async-flush.enabled = false (default)
2023-02-28 04:33:21,371 [pool-806-thread-1] INFO  server.RaftServerConfigKeys (ConfUtils.java:logGet(46)) - raft.server.log.statemachine.data.caching.enabled = true (custom)
2023-02-28 04:33:21,371 [pool-806-thread-1] INFO  segmented.SegmentedRaftLogWorker (SegmentedRaftLogWorker.java:lambda$new$0(135)) - 29422ebe-f196-450d-94bb-6e1d0bb3bd81@group-568C69247F8F-SegmentedRaftLogWorker: flushIndex: setUnconditionally 0 -> -1
2023-02-28 04:33:21,371 [pool-806-thread-1] INFO  segmented.SegmentedRaftLogWorker (SegmentedRaftLogWorker.java:lambda$new$0(135)) - 29422ebe-f196-450d-94bb-6e1d0bb3bd81@group-568C69247F8F-SegmentedRaftLogWorker: safeCacheEvictIndex: setUnconditionally 0 -> -1
2023-02-28 04:33:21,372 [pool-806-thread-1] INFO  server.RaftServer$Division (RaftServerImpl.java:start(334)) - 29422ebe-f196-450d-94bb-6e1d0bb3bd81@group-568C69247F8F: start as a follower, conf=-1: peers:[78ee39fe-738f-4360-8617-136cda5f4ce0|rpc:10.1.0.42:42389|dataStream:10.1.0.42:32921|priority:0|startupRole:FOLLOWER, 63ce3e96-5e66-48af-ac7f-186cbfb55a60|rpc:10.1.0.42:33273|dataStream:10.1.0.42:39963|priority:1|startupRole:FOLLOWER, 29422ebe-f196-450d-94bb-6e1d0bb3bd81|rpc:10.1.0.42:33763|dataStream:10.1.0.42:41017|priority:0|startupRole:FOLLOWER]|listeners:[], old=null
2023-02-28 04:33:21,373 [pool-806-thread-1] INFO  server.RaftServer$Division (RaftServerImpl.java:setRole(321)) - 29422ebe-f196-450d-94bb-6e1d0bb3bd81@group-568C69247F8F: changes role from      null to FOLLOWER at term 0 for startAsFollower
2023-02-28 04:33:21,373 [pool-806-thread-1] INFO  impl.RoleInfo (RoleInfo.java:updateAndGet(139)) - 29422ebe-f196-450d-94bb-6e1d0bb3bd81: start 29422ebe-f196-450d-94bb-6e1d0bb3bd81@group-568C69247F8F-FollowerState
2023-02-28 04:33:21,379 [pool-806-thread-1] INFO  util.JmxRegister (JmxRegister.java:tryRegister(44)) - Successfully registered JMX Bean with object name Ratis:service=RaftServer,group=group-568C69247F8F,id=29422ebe-f196-450d-94bb-6e1d0bb3bd81
2023-02-28 04:33:21,379 [pool-806-thread-1] INFO  server.RaftServerConfigKeys (ConfUtils.java:logGet(46)) - raft.server.snapshot.auto.trigger.enabled = true (custom)
2023-02-28 04:33:21,379 [pool-806-thread-1] INFO  server.RaftServerConfigKeys (ConfUtils.java:logGet(46)) - raft.server.snapshot.auto.trigger.threshold = 10000 (custom)
2023-02-28 04:33:21,379 [pool-806-thread-1] INFO  server.RaftServerConfigKeys (ConfUtils.java:logGet(46)) - raft.server.snapshot.retention.file.num = 5 (custom)
2023-02-28 04:33:21,379 [pool-806-thread-1] INFO  server.RaftServerConfigKeys (ConfUtils.java:logGet(46)) - raft.server.log.purge.upto.snapshot.index = false (default)
2023-02-28 04:33:21,380 [29422ebe-f196-450d-94bb-6e1d0bb3bd81@group-568C69247F8F-FollowerState] INFO  server.RaftServerConfigKeys (ConfUtils.java:logFallback(53)) - raft.server.rpc.first-election.timeout.min = 5s (fallback to raft.server.rpc.timeout.min)
2023-02-28 04:33:21,381 [Command processor thread] INFO  ratis.XceiverServerRatis (XceiverServerRatis.java:addGroup(807)) - Created group PipelineID=8becd6ad-658d-412c-9231-568c69247f8f
2023-02-28 04:33:21,398 [grpc-default-executor-6] INFO  server.RaftServer (RaftServerProxy.java:addNew(96)) - 63ce3e96-5e66-48af-ac7f-186cbfb55a60: addNew group-568C69247F8F:[78ee39fe-738f-4360-8617-136cda5f4ce0|rpc:10.1.0.42:42389|dataStream:10.1.0.42:32921|priority:0|startupRole:FOLLOWER, 63ce3e96-5e66-48af-ac7f-186cbfb55a60|rpc:10.1.0.42:33273|dataStream:10.1.0.42:39963|priority:1|startupRole:FOLLOWER, 29422ebe-f196-450d-94bb-6e1d0bb3bd81|rpc:10.1.0.42:33763|dataStream:10.1.0.42:41017|priority:0|startupRole:FOLLOWER] returns group-568C69247F8F:java.util.concurrent.CompletableFuture@58495673[Not completed]
2023-02-28 04:33:21,399 [pool-850-thread-1] INFO  server.RaftServer$Division (RaftServerImpl.java:<init>(195)) - 63ce3e96-5e66-48af-ac7f-186cbfb55a60: new RaftServerImpl for group-568C69247F8F:[78ee39fe-738f-4360-8617-136cda5f4ce0|rpc:10.1.0.42:42389|dataStream:10.1.0.42:32921|priority:0|startupRole:FOLLOWER, 63ce3e96-5e66-48af-ac7f-186cbfb55a60|rpc:10.1.0.42:33273|dataStream:10.1.0.42:39963|priority:1|startupRole:FOLLOWER, 29422ebe-f196-450d-94bb-6e1d0bb3bd81|rpc:10.1.0.42:33763|dataStream:10.1.0.42:41017|priority:0|startupRole:FOLLOWER] with ContainerStateMachine:uninitialized
2023-02-28 04:33:21,399 [pool-850-thread-1] INFO  server.RaftServerConfigKeys (ConfUtils.java:logGet(46)) - raft.server.rpc.timeout.min = 5s (custom)
2023-02-28 04:33:21,399 [pool-850-thread-1] INFO  server.RaftServerConfigKeys (ConfUtils.java:logGet(46)) - raft.server.rpc.timeout.max = 5200ms (custom)
2023-02-28 04:33:21,399 [pool-850-thread-1] INFO  server.RaftServerConfigKeys (ConfUtils.java:logGet(46)) - raft.server.rpc.sleep.time = 25ms (default)
2023-02-28 04:33:21,399 [pool-850-thread-1] INFO  server.RaftServerConfigKeys (ConfUtils.java:logGet(46)) - raft.server.rpc.slowness.timeout = 300s (custom)
2023-02-28 04:33:21,399 [pool-850-thread-1] INFO  server.RaftServerConfigKeys (ConfUtils.java:logGet(46)) - raft.server.leaderelection.leader.step-down.wait-time = 10s (default)
2023-02-28 04:33:21,399 [pool-850-thread-1] INFO  server.RaftServerConfigKeys (ConfUtils.java:logGet(46)) - raft.server.sleep.deviation.threshold = 300ms (default)
2023-02-28 04:33:21,399 [pool-850-thread-1] INFO  server.RaftServer$Division (ServerState.java:<init>(118)) - 63ce3e96-5e66-48af-ac7f-186cbfb55a60@group-568C69247F8F: ConfigurationManager, init=-1: peers:[78ee39fe-738f-4360-8617-136cda5f4ce0|rpc:10.1.0.42:42389|dataStream:10.1.0.42:32921|priority:0|startupRole:FOLLOWER, 63ce3e96-5e66-48af-ac7f-186cbfb55a60|rpc:10.1.0.42:33273|dataStream:10.1.0.42:39963|priority:1|startupRole:FOLLOWER, 29422ebe-f196-450d-94bb-6e1d0bb3bd81|rpc:10.1.0.42:33763|dataStream:10.1.0.42:41017|priority:0|startupRole:FOLLOWER]|listeners:[], old=null, confs=<EMPTY_MAP>
2023-02-28 04:33:21,399 [pool-850-thread-1] INFO  server.RaftServerConfigKeys (ConfUtils.java:logGet(46)) - raft.server.storage.dir = [/home/runner/work/ozone/ozone/hadoop-ozone/integration-test/target/test-dir/MiniOzoneClusterImpl-2052965b-440d-4b09-b4b3-db311f243d80/datanode-2/data/ratis] (custom)
2023-02-28 04:33:21,400 [pool-850-thread-1] INFO  server.RaftServerConfigKeys (ConfUtils.java:logGet(46)) - raft.server.log.corruption.policy = EXCEPTION (default)
2023-02-28 04:33:21,400 [pool-850-thread-1] INFO  server.RaftServerConfigKeys (ConfUtils.java:logGet(46)) - raft.server.storage.free-space.min = 0MB (=0) (default)
2023-02-28 04:33:21,400 [pool-850-thread-1] INFO  server.RaftServerConfigKeys (ConfUtils.java:logGet(46)) - raft.server.notification.no-leader.timeout = 300s (custom)
2023-02-28 04:33:21,400 [pool-850-thread-1] INFO  server.RaftServerConfigKeys (ConfUtils.java:logGet(46)) - raft.server.retrycache.expirytime = 600000ms (custom)
2023-02-28 04:33:21,400 [pool-850-thread-1] INFO  server.RaftServerConfigKeys (ConfUtils.java:logGet(46)) - raft.server.retrycache.statistics.expirytime = 100μs (default)
2023-02-28 04:33:21,400 [pool-850-thread-1] INFO  server.RaftServerConfigKeys (ConfUtils.java:logGet(46)) - raft.server.log.appender.install.snapshot.enabled = false (custom)
2023-02-28 04:33:21,400 [pool-850-thread-1] INFO  server.RaftServerConfigKeys (ConfUtils.java:logGet(46)) - raft.server.threadpool.server.cached = true (default)
2023-02-28 04:33:21,401 [pool-850-thread-1] INFO  server.RaftServerConfigKeys (ConfUtils.java:logGet(46)) - raft.server.threadpool.server.size = 0 (default)
2023-02-28 04:33:21,401 [pool-850-thread-1] INFO  server.RaftServerConfigKeys (ConfUtils.java:logGet(46)) - raft.server.threadpool.client.cached = true (default)
2023-02-28 04:33:21,401 [pool-850-thread-1] INFO  server.RaftServerConfigKeys (ConfUtils.java:logGet(46)) - raft.server.threadpool.client.size = 0 (default)
2023-02-28 04:33:21,401 [pool-850-thread-1] INFO  storage.RaftStorageDirectory (RaftStorageDirectoryImpl.java:analyzeStorage(137)) - The storage directory /home/runner/work/ozone/ozone/hadoop-ozone/integration-test/target/test-dir/MiniOzoneClusterImpl-2052965b-440d-4b09-b4b3-db311f243d80/datanode-2/data/ratis/8becd6ad-658d-412c-9231-568c69247f8f does not exist. Creating ...
2023-02-28 04:33:21,401 [29422ebe-f196-450d-94bb-6e1d0bb3bd81@group-568C69247F8F-FollowerState] INFO  server.RaftServerConfigKeys (ConfUtils.java:logFallback(53)) - raft.server.rpc.first-election.timeout.max = 5200ms (fallback to raft.server.rpc.timeout.max)
2023-02-28 04:33:21,403 [pool-850-thread-1] INFO  storage.RaftStorageDirectory (RaftStorageDirectoryImpl.java:tryLock(231)) - Lock on /home/runner/work/ozone/ozone/hadoop-ozone/integration-test/target/test-dir/MiniOzoneClusterImpl-2052965b-440d-4b09-b4b3-db311f243d80/datanode-2/data/ratis/8becd6ad-658d-412c-9231-568c69247f8f/in_use.lock acquired by nodename 61299@fv-az467-141
2023-02-28 04:33:21,404 [pool-850-thread-1] INFO  storage.RaftStorage (RaftStorageImpl.java:format(96)) - Storage directory /home/runner/work/ozone/ozone/hadoop-ozone/integration-test/target/test-dir/MiniOzoneClusterImpl-2052965b-440d-4b09-b4b3-db311f243d80/datanode-2/data/ratis/8becd6ad-658d-412c-9231-568c69247f8f has been successfully formatted.
2023-02-28 04:33:21,404 [pool-850-thread-1] INFO  ratis.ContainerStateMachine (ContainerStateMachine.java:loadSnapshot(240)) - group-568C69247F8F: The snapshot info is null. Setting the last applied indexto:(t:0, i:~)
2023-02-28 04:33:21,404 [pool-850-thread-1] INFO  server.RaftServerConfigKeys (ConfUtils.java:logGet(46)) - raft.server.log.use.memory = false (default)
2023-02-28 04:33:21,404 [pool-850-thread-1] INFO  server.RaftServerConfigKeys (ConfUtils.java:logGet(46)) - raft.server.log.purge.gap = 1000000 (custom)
2023-02-28 04:33:21,404 [pool-850-thread-1] INFO  server.RaftServerConfigKeys (ConfUtils.java:logGet(46)) - raft.server.log.appender.buffer.byte-limit = 33554432 (custom)
2023-02-28 04:33:21,405 [pool-850-thread-1] INFO  server.RaftServerConfigKeys (ConfUtils.java:logGet(46)) - raft.server.log.statemachine.data.read.timeout = 1000ms (default)
2023-02-28 04:33:21,405 [pool-850-thread-1] INFO  server.RaftServerConfigKeys (ConfUtils.java:logGet(46)) - raft.server.log.purge.preservation.log.num = 0 (default)
2023-02-28 04:33:21,405 [pool-850-thread-1] INFO  server.RaftServerConfigKeys (ConfUtils.java:logGet(46)) - raft.server.log.segment.size.max = 1048576 (custom)
2023-02-28 04:33:21,405 [pool-850-thread-1] INFO  server.RaftServerConfigKeys (ConfUtils.java:logGet(46)) - raft.server.log.segment.cache.num.max = 2 (custom)
2023-02-28 04:33:21,405 [pool-850-thread-1] INFO  server.RaftServerConfigKeys (ConfUtils.java:logGet(46)) - raft.server.log.segment.cache.size.max = 200MB (=209715200) (default)
2023-02-28 04:33:21,405 [pool-850-thread-1] INFO  segmented.SegmentedRaftLogWorker (SegmentedRaftLogWorker.java:<init>(189)) - new 63ce3e96-5e66-48af-ac7f-186cbfb55a60@group-568C69247F8F-SegmentedRaftLogWorker for RaftStorageImpl:Storage Directory /home/runner/work/ozone/ozone/hadoop-ozone/integration-test/target/test-dir/MiniOzoneClusterImpl-2052965b-440d-4b09-b4b3-db311f243d80/datanode-2/data/ratis/8becd6ad-658d-412c-9231-568c69247f8f
2023-02-28 04:33:21,405 [pool-850-thread-1] INFO  server.RaftServerConfigKeys (ConfUtils.java:logGet(46)) - raft.server.log.queue.byte-limit = 4294967296 (custom)
2023-02-28 04:33:21,405 [pool-850-thread-1] INFO  server.RaftServerConfigKeys (ConfUtils.java:logGet(46)) - raft.server.log.queue.element-limit = 1024 (custom)
2023-02-28 04:33:21,405 [pool-850-thread-1] INFO  server.RaftServerConfigKeys (ConfUtils.java:logGet(46)) - raft.server.log.segment.size.max = 1048576 (custom)
2023-02-28 04:33:21,406 [pool-850-thread-1] INFO  server.RaftServerConfigKeys (ConfUtils.java:logGet(46)) - raft.server.log.preallocated.size = 16384 (custom)
2023-02-28 04:33:21,406 [pool-850-thread-1] INFO  server.RaftServerConfigKeys (ConfUtils.java:logGet(46)) - raft.server.log.force.sync.num = 128 (default)
2023-02-28 04:33:21,406 [pool-850-thread-1] INFO  server.RaftServerConfigKeys (ConfUtils.java:logGet(46)) - raft.server.log.statemachine.data.sync = true (default)
2023-02-28 04:33:21,406 [pool-850-thread-1] INFO  server.RaftServerConfigKeys (ConfUtils.java:logGet(46)) - raft.server.log.statemachine.data.sync.timeout = 10s (default)
2023-02-28 04:33:21,406 [pool-850-thread-1] INFO  server.RaftServerConfigKeys (ConfUtils.java:logGet(46)) - raft.server.log.statemachine.data.sync.timeout.retry = -1 (default)
2023-02-28 04:33:21,406 [pool-850-thread-1] INFO  server.RaftServerConfigKeys (ConfUtils.java:logGet(46)) - raft.server.log.write.buffer.size = 1048576 (custom)
2023-02-28 04:33:21,407 [pool-850-thread-1] INFO  server.RaftServerConfigKeys (ConfUtils.java:logGet(46)) - raft.server.log.appender.buffer.byte-limit = 33554432 (custom)
2023-02-28 04:33:21,412 [pool-850-thread-1] INFO  server.RaftServerConfigKeys (ConfUtils.java:logGet(46)) - raft.server.log.unsafe-flush.enabled = false (default)
2023-02-28 04:33:21,412 [pool-850-thread-1] INFO  server.RaftServerConfigKeys (ConfUtils.java:logGet(46)) - raft.server.log.async-flush.enabled = false (default)
2023-02-28 04:33:21,413 [pool-850-thread-1] INFO  server.RaftServerConfigKeys (ConfUtils.java:logGet(46)) - raft.server.log.statemachine.data.caching.enabled = true (custom)
2023-02-28 04:33:21,414 [pool-850-thread-1] INFO  segmented.SegmentedRaftLogWorker (SegmentedRaftLogWorker.java:lambda$new$0(135)) - 63ce3e96-5e66-48af-ac7f-186cbfb55a60@group-568C69247F8F-SegmentedRaftLogWorker: flushIndex: setUnconditionally 0 -> -1
2023-02-28 04:33:21,414 [pool-850-thread-1] INFO  segmented.SegmentedRaftLogWorker (SegmentedRaftLogWorker.java:lambda$new$0(135)) - 63ce3e96-5e66-48af-ac7f-186cbfb55a60@group-568C69247F8F-SegmentedRaftLogWorker: safeCacheEvictIndex: setUnconditionally 0 -> -1
2023-02-28 04:33:21,415 [pool-850-thread-1] INFO  server.RaftServer$Division (RaftServerImpl.java:start(334)) - 63ce3e96-5e66-48af-ac7f-186cbfb55a60@group-568C69247F8F: start as a follower, conf=-1: peers:[78ee39fe-738f-4360-8617-136cda5f4ce0|rpc:10.1.0.42:42389|dataStream:10.1.0.42:32921|priority:0|startupRole:FOLLOWER, 63ce3e96-5e66-48af-ac7f-186cbfb55a60|rpc:10.1.0.42:33273|dataStream:10.1.0.42:39963|priority:1|startupRole:FOLLOWER, 29422ebe-f196-450d-94bb-6e1d0bb3bd81|rpc:10.1.0.42:33763|dataStream:10.1.0.42:41017|priority:0|startupRole:FOLLOWER]|listeners:[], old=null
2023-02-28 04:33:21,415 [pool-850-thread-1] INFO  server.RaftServer$Division (RaftServerImpl.java:setRole(321)) - 63ce3e96-5e66-48af-ac7f-186cbfb55a60@group-568C69247F8F: changes role from      null to FOLLOWER at term 0 for startAsFollower
2023-02-28 04:33:21,415 [pool-850-thread-1] INFO  impl.RoleInfo (RoleInfo.java:updateAndGet(139)) - 63ce3e96-5e66-48af-ac7f-186cbfb55a60: start 63ce3e96-5e66-48af-ac7f-186cbfb55a60@group-568C69247F8F-FollowerState
2023-02-28 04:33:21,416 [63ce3e96-5e66-48af-ac7f-186cbfb55a60@group-568C69247F8F-FollowerState] INFO  server.RaftServerConfigKeys (ConfUtils.java:logFallback(53)) - raft.server.rpc.first-election.timeout.min = 5s (fallback to raft.server.rpc.timeout.min)
2023-02-28 04:33:21,417 [pool-850-thread-1] INFO  util.JmxRegister (JmxRegister.java:tryRegister(44)) - Successfully registered JMX Bean with object name Ratis:service=RaftServer,group=group-568C69247F8F,id=63ce3e96-5e66-48af-ac7f-186cbfb55a60
2023-02-28 04:33:21,417 [63ce3e96-5e66-48af-ac7f-186cbfb55a60@group-568C69247F8F-FollowerState] INFO  server.RaftServerConfigKeys (ConfUtils.java:logFallback(53)) - raft.server.rpc.first-election.timeout.max = 5200ms (fallback to raft.server.rpc.timeout.max)
2023-02-28 04:33:21,417 [pool-850-thread-1] INFO  server.RaftServerConfigKeys (ConfUtils.java:logGet(46)) - raft.server.snapshot.auto.trigger.enabled = true (custom)
2023-02-28 04:33:21,417 [pool-850-thread-1] INFO  server.RaftServerConfigKeys (ConfUtils.java:logGet(46)) - raft.server.snapshot.auto.trigger.threshold = 10000 (custom)
2023-02-28 04:33:21,417 [pool-850-thread-1] INFO  server.RaftServerConfigKeys (ConfUtils.java:logGet(46)) - raft.server.snapshot.retention.file.num = 5 (custom)
2023-02-28 04:33:21,417 [pool-850-thread-1] INFO  server.RaftServerConfigKeys (ConfUtils.java:logGet(46)) - raft.server.log.purge.upto.snapshot.index = false (default)
2023-02-28 04:33:21,433 [grpc-default-executor-6] INFO  server.RaftServer (RaftServerProxy.java:addNew(96)) - 78ee39fe-738f-4360-8617-136cda5f4ce0: addNew group-568C69247F8F:[78ee39fe-738f-4360-8617-136cda5f4ce0|rpc:10.1.0.42:42389|dataStream:10.1.0.42:32921|priority:0|startupRole:FOLLOWER, 63ce3e96-5e66-48af-ac7f-186cbfb55a60|rpc:10.1.0.42:33273|dataStream:10.1.0.42:39963|priority:1|startupRole:FOLLOWER, 29422ebe-f196-450d-94bb-6e1d0bb3bd81|rpc:10.1.0.42:33763|dataStream:10.1.0.42:41017|priority:0|startupRole:FOLLOWER] returns group-568C69247F8F:java.util.concurrent.CompletableFuture@76e0ae86[Not completed]
2023-02-28 04:33:21,434 [pool-828-thread-1] INFO  server.RaftServer$Division (RaftServerImpl.java:<init>(195)) - 78ee39fe-738f-4360-8617-136cda5f4ce0: new RaftServerImpl for group-568C69247F8F:[78ee39fe-738f-4360-8617-136cda5f4ce0|rpc:10.1.0.42:42389|dataStream:10.1.0.42:32921|priority:0|startupRole:FOLLOWER, 63ce3e96-5e66-48af-ac7f-186cbfb55a60|rpc:10.1.0.42:33273|dataStream:10.1.0.42:39963|priority:1|startupRole:FOLLOWER, 29422ebe-f196-450d-94bb-6e1d0bb3bd81|rpc:10.1.0.42:33763|dataStream:10.1.0.42:41017|priority:0|startupRole:FOLLOWER] with ContainerStateMachine:uninitialized
2023-02-28 04:33:21,434 [pool-828-thread-1] INFO  server.RaftServerConfigKeys (ConfUtils.java:logGet(46)) - raft.server.rpc.timeout.min = 5s (custom)
2023-02-28 04:33:21,434 [pool-828-thread-1] INFO  server.RaftServerConfigKeys (ConfUtils.java:logGet(46)) - raft.server.rpc.timeout.max = 5200ms (custom)
2023-02-28 04:33:21,434 [pool-828-thread-1] INFO  server.RaftServerConfigKeys (ConfUtils.java:logGet(46)) - raft.server.rpc.sleep.time = 25ms (default)
2023-02-28 04:33:21,434 [pool-828-thread-1] INFO  server.RaftServerConfigKeys (ConfUtils.java:logGet(46)) - raft.server.rpc.slowness.timeout = 300s (custom)
2023-02-28 04:33:21,434 [pool-828-thread-1] INFO  server.RaftServerConfigKeys (ConfUtils.java:logGet(46)) - raft.server.leaderelection.leader.step-down.wait-time = 10s (default)
2023-02-28 04:33:21,434 [pool-828-thread-1] INFO  server.RaftServerConfigKeys (ConfUtils.java:logGet(46)) - raft.server.sleep.deviation.threshold = 300ms (default)
2023-02-28 04:33:21,434 [pool-828-thread-1] INFO  server.RaftServer$Division (ServerState.java:<init>(118)) - 78ee39fe-738f-4360-8617-136cda5f4ce0@group-568C69247F8F: ConfigurationManager, init=-1: peers:[78ee39fe-738f-4360-8617-136cda5f4ce0|rpc:10.1.0.42:42389|dataStream:10.1.0.42:32921|priority:0|startupRole:FOLLOWER, 63ce3e96-5e66-48af-ac7f-186cbfb55a60|rpc:10.1.0.42:33273|dataStream:10.1.0.42:39963|priority:1|startupRole:FOLLOWER, 29422ebe-f196-450d-94bb-6e1d0bb3bd81|rpc:10.1.0.42:33763|dataStream:10.1.0.42:41017|priority:0|startupRole:FOLLOWER]|listeners:[], old=null, confs=<EMPTY_MAP>
2023-02-28 04:33:21,434 [pool-828-thread-1] INFO  server.RaftServerConfigKeys (ConfUtils.java:logGet(46)) - raft.server.storage.dir = [/home/runner/work/ozone/ozone/hadoop-ozone/integration-test/target/test-dir/MiniOzoneClusterImpl-2052965b-440d-4b09-b4b3-db311f243d80/datanode-1/data/ratis] (custom)
2023-02-28 04:33:21,435 [pool-828-thread-1] INFO  server.RaftServerConfigKeys (ConfUtils.java:logGet(46)) - raft.server.log.corruption.policy = EXCEPTION (default)
2023-02-28 04:33:21,435 [pool-828-thread-1] INFO  server.RaftServerConfigKeys (ConfUtils.java:logGet(46)) - raft.server.storage.free-space.min = 0MB (=0) (default)
2023-02-28 04:33:21,435 [pool-828-thread-1] INFO  server.RaftServerConfigKeys (ConfUtils.java:logGet(46)) - raft.server.notification.no-leader.timeout = 300s (custom)
2023-02-28 04:33:21,435 [pool-828-thread-1] INFO  server.RaftServerConfigKeys (ConfUtils.java:logGet(46)) - raft.server.retrycache.expirytime = 600000ms (custom)
2023-02-28 04:33:21,435 [pool-828-thread-1] INFO  server.RaftServerConfigKeys (ConfUtils.java:logGet(46)) - raft.server.retrycache.statistics.expirytime = 100μs (default)
2023-02-28 04:33:21,435 [pool-828-thread-1] INFO  server.RaftServerConfigKeys (ConfUtils.java:logGet(46)) - raft.server.log.appender.install.snapshot.enabled = false (custom)
2023-02-28 04:33:21,435 [pool-828-thread-1] INFO  server.RaftServerConfigKeys (ConfUtils.java:logGet(46)) - raft.server.threadpool.server.cached = true (default)
2023-02-28 04:33:21,436 [pool-828-thread-1] INFO  server.RaftServerConfigKeys (ConfUtils.java:logGet(46)) - raft.server.threadpool.server.size = 0 (default)
2023-02-28 04:33:21,436 [pool-828-thread-1] INFO  server.RaftServerConfigKeys (ConfUtils.java:logGet(46)) - raft.server.threadpool.client.cached = true (default)
2023-02-28 04:33:21,436 [pool-828-thread-1] INFO  server.RaftServerConfigKeys (ConfUtils.java:logGet(46)) - raft.server.threadpool.client.size = 0 (default)
2023-02-28 04:33:21,436 [pool-828-thread-1] INFO  storage.RaftStorageDirectory (RaftStorageDirectoryImpl.java:analyzeStorage(137)) - The storage directory /home/runner/work/ozone/ozone/hadoop-ozone/integration-test/target/test-dir/MiniOzoneClusterImpl-2052965b-440d-4b09-b4b3-db311f243d80/datanode-1/data/ratis/8becd6ad-658d-412c-9231-568c69247f8f does not exist. Creating ...
2023-02-28 04:33:21,437 [pool-828-thread-1] INFO  storage.RaftStorageDirectory (RaftStorageDirectoryImpl.java:tryLock(231)) - Lock on /home/runner/work/ozone/ozone/hadoop-ozone/integration-test/target/test-dir/MiniOzoneClusterImpl-2052965b-440d-4b09-b4b3-db311f243d80/datanode-1/data/ratis/8becd6ad-658d-412c-9231-568c69247f8f/in_use.lock acquired by nodename 61299@fv-az467-141
2023-02-28 04:33:21,439 [pool-828-thread-1] INFO  storage.RaftStorage (RaftStorageImpl.java:format(96)) - Storage directory /home/runner/work/ozone/ozone/hadoop-ozone/integration-test/target/test-dir/MiniOzoneClusterImpl-2052965b-440d-4b09-b4b3-db311f243d80/datanode-1/data/ratis/8becd6ad-658d-412c-9231-568c69247f8f has been successfully formatted.
2023-02-28 04:33:21,440 [pool-828-thread-1] INFO  ratis.ContainerStateMachine (ContainerStateMachine.java:loadSnapshot(240)) - group-568C69247F8F: The snapshot info is null. Setting the last applied indexto:(t:0, i:~)
2023-02-28 04:33:21,440 [pool-828-thread-1] INFO  server.RaftServerConfigKeys (ConfUtils.java:logGet(46)) - raft.server.log.use.memory = false (default)
2023-02-28 04:33:21,440 [pool-828-thread-1] INFO  server.RaftServerConfigKeys (ConfUtils.java:logGet(46)) - raft.server.log.purge.gap = 1000000 (custom)
2023-02-28 04:33:21,440 [pool-828-thread-1] INFO  server.RaftServerConfigKeys (ConfUtils.java:logGet(46)) - raft.server.log.appender.buffer.byte-limit = 33554432 (custom)
2023-02-28 04:33:21,440 [pool-828-thread-1] INFO  server.RaftServerConfigKeys (ConfUtils.java:logGet(46)) - raft.server.log.statemachine.data.read.timeout = 1000ms (default)
2023-02-28 04:33:21,440 [pool-828-thread-1] INFO  server.RaftServerConfigKeys (ConfUtils.java:logGet(46)) - raft.server.log.purge.preservation.log.num = 0 (default)
2023-02-28 04:33:21,441 [pool-828-thread-1] INFO  server.RaftServerConfigKeys (ConfUtils.java:logGet(46)) - raft.server.log.segment.size.max = 1048576 (custom)
2023-02-28 04:33:21,442 [pool-828-thread-1] INFO  server.RaftServerConfigKeys (ConfUtils.java:logGet(46)) - raft.server.log.segment.cache.num.max = 2 (custom)
2023-02-28 04:33:21,442 [pool-828-thread-1] INFO  server.RaftServerConfigKeys (ConfUtils.java:logGet(46)) - raft.server.log.segment.cache.size.max = 200MB (=209715200) (default)
2023-02-28 04:33:21,442 [pool-828-thread-1] INFO  segmented.SegmentedRaftLogWorker (SegmentedRaftLogWorker.java:<init>(189)) - new 78ee39fe-738f-4360-8617-136cda5f4ce0@group-568C69247F8F-SegmentedRaftLogWorker for RaftStorageImpl:Storage Directory /home/runner/work/ozone/ozone/hadoop-ozone/integration-test/target/test-dir/MiniOzoneClusterImpl-2052965b-440d-4b09-b4b3-db311f243d80/datanode-1/data/ratis/8becd6ad-658d-412c-9231-568c69247f8f
2023-02-28 04:33:21,442 [pool-828-thread-1] INFO  server.RaftServerConfigKeys (ConfUtils.java:logGet(46)) - raft.server.log.queue.byte-limit = 4294967296 (custom)
2023-02-28 04:33:21,442 [pool-828-thread-1] INFO  server.RaftServerConfigKeys (ConfUtils.java:logGet(46)) - raft.server.log.queue.element-limit = 1024 (custom)
2023-02-28 04:33:21,442 [pool-828-thread-1] INFO  server.RaftServerConfigKeys (ConfUtils.java:logGet(46)) - raft.server.log.segment.size.max = 1048576 (custom)
2023-02-28 04:33:21,442 [pool-828-thread-1] INFO  server.RaftServerConfigKeys (ConfUtils.java:logGet(46)) - raft.server.log.preallocated.size = 16384 (custom)
2023-02-28 04:33:21,442 [pool-828-thread-1] INFO  server.RaftServerConfigKeys (ConfUtils.java:logGet(46)) - raft.server.log.force.sync.num = 128 (default)
2023-02-28 04:33:21,442 [pool-828-thread-1] INFO  server.RaftServerConfigKeys (ConfUtils.java:logGet(46)) - raft.server.log.statemachine.data.sync = true (default)
2023-02-28 04:33:21,442 [pool-828-thread-1] INFO  server.RaftServerConfigKeys (ConfUtils.java:logGet(46)) - raft.server.log.statemachine.data.sync.timeout = 10s (default)
2023-02-28 04:33:21,442 [pool-828-thread-1] INFO  server.RaftServerConfigKeys (ConfUtils.java:logGet(46)) - raft.server.log.statemachine.data.sync.timeout.retry = -1 (default)
2023-02-28 04:33:21,443 [pool-828-thread-1] INFO  server.RaftServerConfigKeys (ConfUtils.java:logGet(46)) - raft.server.log.write.buffer.size = 1048576 (custom)
2023-02-28 04:33:21,443 [pool-828-thread-1] INFO  server.RaftServerConfigKeys (ConfUtils.java:logGet(46)) - raft.server.log.appender.buffer.byte-limit = 33554432 (custom)
2023-02-28 04:33:21,448 [pool-828-thread-1] INFO  server.RaftServerConfigKeys (ConfUtils.java:logGet(46)) - raft.server.log.unsafe-flush.enabled = false (default)
2023-02-28 04:33:21,448 [pool-828-thread-1] INFO  server.RaftServerConfigKeys (ConfUtils.java:logGet(46)) - raft.server.log.async-flush.enabled = false (default)
2023-02-28 04:33:21,448 [pool-828-thread-1] INFO  server.RaftServerConfigKeys (ConfUtils.java:logGet(46)) - raft.server.log.statemachine.data.caching.enabled = true (custom)
2023-02-28 04:33:21,449 [pool-828-thread-1] INFO  segmented.SegmentedRaftLogWorker (SegmentedRaftLogWorker.java:lambda$new$0(135)) - 78ee39fe-738f-4360-8617-136cda5f4ce0@group-568C69247F8F-SegmentedRaftLogWorker: flushIndex: setUnconditionally 0 -> -1
2023-02-28 04:33:21,449 [pool-828-thread-1] INFO  segmented.SegmentedRaftLogWorker (SegmentedRaftLogWorker.java:lambda$new$0(135)) - 78ee39fe-738f-4360-8617-136cda5f4ce0@group-568C69247F8F-SegmentedRaftLogWorker: safeCacheEvictIndex: setUnconditionally 0 -> -1
2023-02-28 04:33:21,449 [pool-828-thread-1] INFO  server.RaftServer$Division (RaftServerImpl.java:start(334)) - 78ee39fe-738f-4360-8617-136cda5f4ce0@group-568C69247F8F: start as a follower, conf=-1: peers:[78ee39fe-738f-4360-8617-136cda5f4ce0|rpc:10.1.0.42:42389|dataStream:10.1.0.42:32921|priority:0|startupRole:FOLLOWER, 63ce3e96-5e66-48af-ac7f-186cbfb55a60|rpc:10.1.0.42:33273|dataStream:10.1.0.42:39963|priority:1|startupRole:FOLLOWER, 29422ebe-f196-450d-94bb-6e1d0bb3bd81|rpc:10.1.0.42:33763|dataStream:10.1.0.42:41017|priority:0|startupRole:FOLLOWER]|listeners:[], old=null
2023-02-28 04:33:21,449 [pool-828-thread-1] INFO  server.RaftServer$Division (RaftServerImpl.java:setRole(321)) - 78ee39fe-738f-4360-8617-136cda5f4ce0@group-568C69247F8F: changes role from      null to FOLLOWER at term 0 for startAsFollower
2023-02-28 04:33:21,449 [pool-828-thread-1] INFO  impl.RoleInfo (RoleInfo.java:updateAndGet(139)) - 78ee39fe-738f-4360-8617-136cda5f4ce0: start 78ee39fe-738f-4360-8617-136cda5f4ce0@group-568C69247F8F-FollowerState
2023-02-28 04:33:21,449 [78ee39fe-738f-4360-8617-136cda5f4ce0@group-568C69247F8F-FollowerState] INFO  server.RaftServerConfigKeys (ConfUtils.java:logFallback(53)) - raft.server.rpc.first-election.timeout.min = 5s (fallback to raft.server.rpc.timeout.min)
2023-02-28 04:33:21,449 [pool-828-thread-1] INFO  util.JmxRegister (JmxRegister.java:tryRegister(44)) - Successfully registered JMX Bean with object name Ratis:service=RaftServer,group=group-568C69247F8F,id=78ee39fe-738f-4360-8617-136cda5f4ce0
2023-02-28 04:33:21,450 [78ee39fe-738f-4360-8617-136cda5f4ce0@group-568C69247F8F-FollowerState] INFO  server.RaftServerConfigKeys (ConfUtils.java:logFallback(53)) - raft.server.rpc.first-election.timeout.max = 5200ms (fallback to raft.server.rpc.timeout.max)
2023-02-28 04:33:21,450 [pool-828-thread-1] INFO  server.RaftServerConfigKeys (ConfUtils.java:logGet(46)) - raft.server.snapshot.auto.trigger.enabled = true (custom)
2023-02-28 04:33:21,450 [pool-828-thread-1] INFO  server.RaftServerConfigKeys (ConfUtils.java:logGet(46)) - raft.server.snapshot.auto.trigger.threshold = 10000 (custom)
2023-02-28 04:33:21,450 [pool-828-thread-1] INFO  server.RaftServerConfigKeys (ConfUtils.java:logGet(46)) - raft.server.snapshot.retention.file.num = 5 (custom)
2023-02-28 04:33:21,451 [pool-828-thread-1] INFO  server.RaftServerConfigKeys (ConfUtils.java:logGet(46)) - raft.server.log.purge.upto.snapshot.index = false (default)
2023-02-28 04:33:21,456 [Command processor thread] INFO  commandhandler.CreatePipelineCommandHandler (CreatePipelineCommandHandler.java:handle(113)) - Created Pipeline RATIS THREE PipelineID=8becd6ad-658d-412c-9231-568c69247f8f.
2023-02-28 04:33:21,553 [Command processor thread] INFO  server.RaftServer (RaftServerProxy.java:addNew(96)) - 78ee39fe-738f-4360-8617-136cda5f4ce0: addNew group-72A5CCC7F5D2:[78ee39fe-738f-4360-8617-136cda5f4ce0|rpc:10.1.0.42:42389|dataStream:10.1.0.42:32921|priority:1|startupRole:FOLLOWER] returns group-72A5CCC7F5D2:java.util.concurrent.CompletableFuture@20d5947f[Not completed]
2023-02-28 04:33:21,554 [pool-828-thread-1] INFO  server.RaftServer$Division (RaftServerImpl.java:<init>(195)) - 78ee39fe-738f-4360-8617-136cda5f4ce0: new RaftServerImpl for group-72A5CCC7F5D2:[78ee39fe-738f-4360-8617-136cda5f4ce0|rpc:10.1.0.42:42389|dataStream:10.1.0.42:32921|priority:1|startupRole:FOLLOWER] with ContainerStateMachine:uninitialized
2023-02-28 04:33:21,554 [pool-828-thread-1] INFO  server.RaftServerConfigKeys (ConfUtils.java:logGet(46)) - raft.server.rpc.timeout.min = 5s (custom)
2023-02-28 04:33:21,554 [pool-828-thread-1] INFO  server.RaftServerConfigKeys (ConfUtils.java:logGet(46)) - raft.server.rpc.timeout.max = 5200ms (custom)
2023-02-28 04:33:21,554 [pool-828-thread-1] INFO  server.RaftServerConfigKeys (ConfUtils.java:logGet(46)) - raft.server.rpc.sleep.time = 25ms (default)
2023-02-28 04:33:21,554 [pool-828-thread-1] INFO  server.RaftServerConfigKeys (ConfUtils.java:logGet(46)) - raft.server.rpc.slowness.timeout = 300s (custom)
2023-02-28 04:33:21,554 [pool-828-thread-1] INFO  server.RaftServerConfigKeys (ConfUtils.java:logGet(46)) - raft.server.leaderelection.leader.step-down.wait-time = 10s (default)
2023-02-28 04:33:21,554 [pool-828-thread-1] INFO  server.RaftServerConfigKeys (ConfUtils.java:logGet(46)) - raft.server.sleep.deviation.threshold = 300ms (default)
2023-02-28 04:33:21,554 [pool-828-thread-1] INFO  server.RaftServer$Division (ServerState.java:<init>(118)) - 78ee39fe-738f-4360-8617-136cda5f4ce0@group-72A5CCC7F5D2: ConfigurationManager, init=-1: peers:[78ee39fe-738f-4360-8617-136cda5f4ce0|rpc:10.1.0.42:42389|dataStream:10.1.0.42:32921|priority:1|startupRole:FOLLOWER]|listeners:[], old=null, confs=<EMPTY_MAP>
2023-02-28 04:33:21,554 [pool-828-thread-1] INFO  server.RaftServerConfigKeys (ConfUtils.java:logGet(46)) - raft.server.storage.dir = [/home/runner/work/ozone/ozone/hadoop-ozone/integration-test/target/test-dir/MiniOzoneClusterImpl-2052965b-440d-4b09-b4b3-db311f243d80/datanode-1/data/ratis] (custom)
2023-02-28 04:33:21,554 [pool-828-thread-1] INFO  server.RaftServerConfigKeys (ConfUtils.java:logGet(46)) - raft.server.log.corruption.policy = EXCEPTION (default)
2023-02-28 04:33:21,554 [pool-828-thread-1] INFO  server.RaftServerConfigKeys (ConfUtils.java:logGet(46)) - raft.server.storage.free-space.min = 0MB (=0) (default)
2023-02-28 04:33:21,554 [pool-828-thread-1] INFO  server.RaftServerConfigKeys (ConfUtils.java:logGet(46)) - raft.server.notification.no-leader.timeout = 300s (custom)
2023-02-28 04:33:21,554 [pool-828-thread-1] INFO  server.RaftServerConfigKeys (ConfUtils.java:logGet(46)) - raft.server.retrycache.expirytime = 600000ms (custom)
2023-02-28 04:33:21,554 [pool-828-thread-1] INFO  server.RaftServerConfigKeys (ConfUtils.java:logGet(46)) - raft.server.retrycache.statistics.expirytime = 100μs (default)
2023-02-28 04:33:21,555 [pool-828-thread-1] INFO  server.RaftServerConfigKeys (ConfUtils.java:logGet(46)) - raft.server.log.appender.install.snapshot.enabled = false (custom)
2023-02-28 04:33:21,555 [pool-828-thread-1] INFO  server.RaftServerConfigKeys (ConfUtils.java:logGet(46)) - raft.server.threadpool.server.cached = true (default)
2023-02-28 04:33:21,555 [pool-828-thread-1] INFO  server.RaftServerConfigKeys (ConfUtils.java:logGet(46)) - raft.server.threadpool.server.size = 0 (default)
2023-02-28 04:33:21,555 [pool-828-thread-1] INFO  server.RaftServerConfigKeys (ConfUtils.java:logGet(46)) - raft.server.threadpool.client.cached = true (default)
2023-02-28 04:33:21,555 [pool-828-thread-1] INFO  server.RaftServerConfigKeys (ConfUtils.java:logGet(46)) - raft.server.threadpool.client.size = 0 (default)
2023-02-28 04:33:21,555 [pool-828-thread-1] INFO  storage.RaftStorageDirectory (RaftStorageDirectoryImpl.java:analyzeStorage(137)) - The storage directory /home/runner/work/ozone/ozone/hadoop-ozone/integration-test/target/test-dir/MiniOzoneClusterImpl-2052965b-440d-4b09-b4b3-db311f243d80/datanode-1/data/ratis/de690dc8-ca8b-4437-81a0-72a5ccc7f5d2 does not exist. Creating ...
2023-02-28 04:33:21,558 [pool-828-thread-1] INFO  storage.RaftStorageDirectory (RaftStorageDirectoryImpl.java:tryLock(231)) - Lock on /home/runner/work/ozone/ozone/hadoop-ozone/integration-test/target/test-dir/MiniOzoneClusterImpl-2052965b-440d-4b09-b4b3-db311f243d80/datanode-1/data/ratis/de690dc8-ca8b-4437-81a0-72a5ccc7f5d2/in_use.lock acquired by nodename 61299@fv-az467-141
2023-02-28 04:33:21,559 [pool-828-thread-1] INFO  storage.RaftStorage (RaftStorageImpl.java:format(96)) - Storage directory /home/runner/work/ozone/ozone/hadoop-ozone/integration-test/target/test-dir/MiniOzoneClusterImpl-2052965b-440d-4b09-b4b3-db311f243d80/datanode-1/data/ratis/de690dc8-ca8b-4437-81a0-72a5ccc7f5d2 has been successfully formatted.
2023-02-28 04:33:21,559 [pool-828-thread-1] INFO  ratis.ContainerStateMachine (ContainerStateMachine.java:loadSnapshot(240)) - group-72A5CCC7F5D2: The snapshot info is null. Setting the last applied indexto:(t:0, i:~)
2023-02-28 04:33:21,559 [pool-828-thread-1] INFO  server.RaftServerConfigKeys (ConfUtils.java:logGet(46)) - raft.server.log.use.memory = false (default)
2023-02-28 04:33:21,559 [pool-828-thread-1] INFO  server.RaftServerConfigKeys (ConfUtils.java:logGet(46)) - raft.server.log.purge.gap = 1000000 (custom)
2023-02-28 04:33:21,559 [pool-828-thread-1] INFO  server.RaftServerConfigKeys (ConfUtils.java:logGet(46)) - raft.server.log.appender.buffer.byte-limit = 33554432 (custom)
2023-02-28 04:33:21,559 [pool-828-thread-1] INFO  server.RaftServerConfigKeys (ConfUtils.java:logGet(46)) - raft.server.log.statemachine.data.read.timeout = 1000ms (default)
2023-02-28 04:33:21,559 [pool-828-thread-1] INFO  server.RaftServerConfigKeys (ConfUtils.java:logGet(46)) - raft.server.log.purge.preservation.log.num = 0 (default)
2023-02-28 04:33:21,560 [EventQueue-PipelineReportForPipelineReportHandler] INFO  pipeline.PipelineManagerImpl (PipelineManagerImpl.java:openPipeline(367)) - Pipeline Pipeline[ Id: de690dc8-ca8b-4437-81a0-72a5ccc7f5d2, Nodes: 78ee39fe-738f-4360-8617-136cda5f4ce0(fv-az467-141/10.1.0.42), ReplicationConfig: RATIS/ONE, State:ALLOCATED, leaderId:78ee39fe-738f-4360-8617-136cda5f4ce0, CreationTimestamp2023-02-28T04:33:18.556Z[Etc/UTC]] moved to OPEN state
2023-02-28 04:33:21,561 [pool-828-thread-1] INFO  server.RaftServerConfigKeys (ConfUtils.java:logGet(46)) - raft.server.log.segment.size.max = 1048576 (custom)
2023-02-28 04:33:21,561 [EventQueue-OpenPipelineForHealthyPipelineSafeModeRule] INFO  safemode.SCMSafeModeManager (HealthyPipelineSafeModeRule.java:process(137)) - SCM in safe mode. Healthy pipelines reported count is 0, required healthy pipeline reported count is 1
2023-02-28 04:33:21,561 [pool-828-thread-1] INFO  server.RaftServerConfigKeys (ConfUtils.java:logGet(46)) - raft.server.log.segment.cache.num.max = 2 (custom)
2023-02-28 04:33:21,561 [pool-828-thread-1] INFO  server.RaftServerConfigKeys (ConfUtils.java:logGet(46)) - raft.server.log.segment.cache.size.max = 200MB (=209715200) (default)
2023-02-28 04:33:21,561 [pool-828-thread-1] INFO  segmented.SegmentedRaftLogWorker (SegmentedRaftLogWorker.java:<init>(189)) - new 78ee39fe-738f-4360-8617-136cda5f4ce0@group-72A5CCC7F5D2-SegmentedRaftLogWorker for RaftStorageImpl:Storage Directory /home/runner/work/ozone/ozone/hadoop-ozone/integration-test/target/test-dir/MiniOzoneClusterImpl-2052965b-440d-4b09-b4b3-db311f243d80/datanode-1/data/ratis/de690dc8-ca8b-4437-81a0-72a5ccc7f5d2
2023-02-28 04:33:21,561 [pool-828-thread-1] INFO  server.RaftServerConfigKeys (ConfUtils.java:logGet(46)) - raft.server.log.queue.byte-limit = 4294967296 (custom)
2023-02-28 04:33:21,561 [pool-828-thread-1] INFO  server.RaftServerConfigKeys (ConfUtils.java:logGet(46)) - raft.server.log.queue.element-limit = 1024 (custom)
2023-02-28 04:33:21,561 [pool-828-thread-1] INFO  server.RaftServerConfigKeys (ConfUtils.java:logGet(46)) - raft.server.log.segment.size.max = 1048576 (custom)
2023-02-28 04:33:21,561 [pool-828-thread-1] INFO  server.RaftServerConfigKeys (ConfUtils.java:logGet(46)) - raft.server.log.preallocated.size = 16384 (custom)
2023-02-28 04:33:21,561 [pool-828-thread-1] INFO  server.RaftServerConfigKeys (ConfUtils.java:logGet(46)) - raft.server.log.force.sync.num = 128 (default)
2023-02-28 04:33:21,561 [pool-828-thread-1] INFO  server.RaftServerConfigKeys (ConfUtils.java:logGet(46)) - raft.server.log.statemachine.data.sync = true (default)
2023-02-28 04:33:21,561 [pool-828-thread-1] INFO  server.RaftServerConfigKeys (ConfUtils.java:logGet(46)) - raft.server.log.statemachine.data.sync.timeout = 10s (default)
2023-02-28 04:33:21,561 [pool-828-thread-1] INFO  server.RaftServerConfigKeys (ConfUtils.java:logGet(46)) - raft.server.log.statemachine.data.sync.timeout.retry = -1 (default)
2023-02-28 04:33:21,562 [pool-828-thread-1] INFO  server.RaftServerConfigKeys (ConfUtils.java:logGet(46)) - raft.server.log.write.buffer.size = 1048576 (custom)
2023-02-28 04:33:21,562 [pool-828-thread-1] INFO  server.RaftServerConfigKeys (ConfUtils.java:logGet(46)) - raft.server.log.appender.buffer.byte-limit = 33554432 (custom)
2023-02-28 04:33:21,566 [pool-828-thread-1] INFO  server.RaftServerConfigKeys (ConfUtils.java:logGet(46)) - raft.server.log.unsafe-flush.enabled = false (default)
2023-02-28 04:33:21,566 [pool-828-thread-1] INFO  server.RaftServerConfigKeys (ConfUtils.java:logGet(46)) - raft.server.log.async-flush.enabled = false (default)
2023-02-28 04:33:21,566 [pool-828-thread-1] INFO  server.RaftServerConfigKeys (ConfUtils.java:logGet(46)) - raft.server.log.statemachine.data.caching.enabled = true (custom)
2023-02-28 04:33:21,566 [pool-828-thread-1] INFO  segmented.SegmentedRaftLogWorker (SegmentedRaftLogWorker.java:lambda$new$0(135)) - 78ee39fe-738f-4360-8617-136cda5f4ce0@group-72A5CCC7F5D2-SegmentedRaftLogWorker: flushIndex: setUnconditionally 0 -> -1
2023-02-28 04:33:21,566 [pool-828-thread-1] INFO  segmented.SegmentedRaftLogWorker (SegmentedRaftLogWorker.java:lambda$new$0(135)) - 78ee39fe-738f-4360-8617-136cda5f4ce0@group-72A5CCC7F5D2-SegmentedRaftLogWorker: safeCacheEvictIndex: setUnconditionally 0 -> -1
2023-02-28 04:33:21,566 [pool-828-thread-1] INFO  server.RaftServer$Division (RaftServerImpl.java:start(334)) - 78ee39fe-738f-4360-8617-136cda5f4ce0@group-72A5CCC7F5D2: start as a follower, conf=-1: peers:[78ee39fe-738f-4360-8617-136cda5f4ce0|rpc:10.1.0.42:42389|dataStream:10.1.0.42:32921|priority:1|startupRole:FOLLOWER]|listeners:[], old=null
2023-02-28 04:33:21,566 [pool-828-thread-1] INFO  server.RaftServer$Division (RaftServerImpl.java:setRole(321)) - 78ee39fe-738f-4360-8617-136cda5f4ce0@group-72A5CCC7F5D2: changes role from      null to FOLLOWER at term 0 for startAsFollower
2023-02-28 04:33:21,566 [pool-828-thread-1] INFO  impl.RoleInfo (RoleInfo.java:updateAndGet(139)) - 78ee39fe-738f-4360-8617-136cda5f4ce0: start 78ee39fe-738f-4360-8617-136cda5f4ce0@group-72A5CCC7F5D2-FollowerState
2023-02-28 04:33:21,567 [pool-828-thread-1] INFO  util.JmxRegister (JmxRegister.java:tryRegister(44)) - Successfully registered JMX Bean with object name Ratis:service=RaftServer,group=group-72A5CCC7F5D2,id=78ee39fe-738f-4360-8617-136cda5f4ce0
2023-02-28 04:33:21,567 [pool-828-thread-1] INFO  server.RaftServerConfigKeys (ConfUtils.java:logGet(46)) - raft.server.snapshot.auto.trigger.enabled = true (custom)
2023-02-28 04:33:21,567 [pool-828-thread-1] INFO  server.RaftServerConfigKeys (ConfUtils.java:logGet(46)) - raft.server.snapshot.auto.trigger.threshold = 10000 (custom)
2023-02-28 04:33:21,567 [pool-828-thread-1] INFO  server.RaftServerConfigKeys (ConfUtils.java:logGet(46)) - raft.server.snapshot.retention.file.num = 5 (custom)
2023-02-28 04:33:21,567 [pool-828-thread-1] INFO  server.RaftServerConfigKeys (ConfUtils.java:logGet(46)) - raft.server.log.purge.upto.snapshot.index = false (default)
2023-02-28 04:33:21,567 [78ee39fe-738f-4360-8617-136cda5f4ce0@group-72A5CCC7F5D2-FollowerState] INFO  server.RaftServerConfigKeys (ConfUtils.java:logFallback(53)) - raft.server.rpc.first-election.timeout.min = 5s (fallback to raft.server.rpc.timeout.min)
2023-02-28 04:33:21,567 [78ee39fe-738f-4360-8617-136cda5f4ce0@group-72A5CCC7F5D2-FollowerState] INFO  server.RaftServerConfigKeys (ConfUtils.java:logFallback(53)) - raft.server.rpc.first-election.timeout.max = 5200ms (fallback to raft.server.rpc.timeout.max)
2023-02-28 04:33:21,567 [Command processor thread] INFO  ratis.XceiverServerRatis (XceiverServerRatis.java:addGroup(807)) - Created group PipelineID=de690dc8-ca8b-4437-81a0-72a5ccc7f5d2
2023-02-28 04:33:21,568 [Command processor thread] INFO  commandhandler.CreatePipelineCommandHandler (CreatePipelineCommandHandler.java:handle(113)) - Created Pipeline RATIS ONE PipelineID=de690dc8-ca8b-4437-81a0-72a5ccc7f5d2.
2023-02-28 04:33:21,892 [Listener at 127.0.0.1/41931] INFO  ozone.MiniOzoneClusterImpl (MiniOzoneClusterImpl.java:lambda$waitForClusterToBeReady$0(218)) - Nodes are ready. Got 3 of 3 DN Heartbeats.
2023-02-28 04:33:21,892 [Listener at 127.0.0.1/41931] INFO  ozone.MiniOzoneClusterImpl (MiniOzoneClusterImpl.java:lambda$waitForClusterToBeReady$0(221)) - Waiting for cluster to exit safe mode
2023-02-28 04:33:21,893 [Listener at 127.0.0.1/41931] INFO  ozone.MiniOzoneClusterImpl (MiniOzoneClusterImpl.java:lambda$waitForClusterToBeReady$0(223)) - SCM became leader
2023-02-28 04:33:21,896 [Command processor thread] INFO  server.RaftServer (RaftServerProxy.java:addNew(96)) - 63ce3e96-5e66-48af-ac7f-186cbfb55a60: addNew group-505A5BE024FB:[63ce3e96-5e66-48af-ac7f-186cbfb55a60|rpc:10.1.0.42:33273|dataStream:10.1.0.42:39963|priority:1|startupRole:FOLLOWER] returns group-505A5BE024FB:java.util.concurrent.CompletableFuture@58c8ad62[Not completed]
2023-02-28 04:33:21,898 [pool-850-thread-1] INFO  server.RaftServer$Division (RaftServerImpl.java:<init>(195)) - 63ce3e96-5e66-48af-ac7f-186cbfb55a60: new RaftServerImpl for group-505A5BE024FB:[63ce3e96-5e66-48af-ac7f-186cbfb55a60|rpc:10.1.0.42:33273|dataStream:10.1.0.42:39963|priority:1|startupRole:FOLLOWER] with ContainerStateMachine:uninitialized
2023-02-28 04:33:21,898 [pool-850-thread-1] INFO  server.RaftServerConfigKeys (ConfUtils.java:logGet(46)) - raft.server.rpc.timeout.min = 5s (custom)
2023-02-28 04:33:21,898 [pool-850-thread-1] INFO  server.RaftServerConfigKeys (ConfUtils.java:logGet(46)) - raft.server.rpc.timeout.max = 5200ms (custom)
2023-02-28 04:33:21,898 [pool-850-thread-1] INFO  server.RaftServerConfigKeys (ConfUtils.java:logGet(46)) - raft.server.rpc.sleep.time = 25ms (default)
2023-02-28 04:33:21,898 [pool-850-thread-1] INFO  server.RaftServerConfigKeys (ConfUtils.java:logGet(46)) - raft.server.rpc.slowness.timeout = 300s (custom)
2023-02-28 04:33:21,898 [pool-850-thread-1] INFO  server.RaftServerConfigKeys (ConfUtils.java:logGet(46)) - raft.server.leaderelection.leader.step-down.wait-time = 10s (default)
2023-02-28 04:33:21,898 [pool-850-thread-1] INFO  server.RaftServerConfigKeys (ConfUtils.java:logGet(46)) - raft.server.sleep.deviation.threshold = 300ms (default)
2023-02-28 04:33:21,898 [pool-850-thread-1] INFO  server.RaftServer$Division (ServerState.java:<init>(118)) - 63ce3e96-5e66-48af-ac7f-186cbfb55a60@group-505A5BE024FB: ConfigurationManager, init=-1: peers:[63ce3e96-5e66-48af-ac7f-186cbfb55a60|rpc:10.1.0.42:33273|dataStream:10.1.0.42:39963|priority:1|startupRole:FOLLOWER]|listeners:[], old=null, confs=<EMPTY_MAP>
2023-02-28 04:33:21,898 [pool-850-thread-1] INFO  server.RaftServerConfigKeys (ConfUtils.java:logGet(46)) - raft.server.storage.dir = [/home/runner/work/ozone/ozone/hadoop-ozone/integration-test/target/test-dir/MiniOzoneClusterImpl-2052965b-440d-4b09-b4b3-db311f243d80/datanode-2/data/ratis] (custom)
2023-02-28 04:33:21,898 [pool-850-thread-1] INFO  server.RaftServerConfigKeys (ConfUtils.java:logGet(46)) - raft.server.log.corruption.policy = EXCEPTION (default)
2023-02-28 04:33:21,898 [pool-850-thread-1] INFO  server.RaftServerConfigKeys (ConfUtils.java:logGet(46)) - raft.server.storage.free-space.min = 0MB (=0) (default)
2023-02-28 04:33:21,898 [pool-850-thread-1] INFO  server.RaftServerConfigKeys (ConfUtils.java:logGet(46)) - raft.server.notification.no-leader.timeout = 300s (custom)
2023-02-28 04:33:21,898 [pool-850-thread-1] INFO  server.RaftServerConfigKeys (ConfUtils.java:logGet(46)) - raft.server.retrycache.expirytime = 600000ms (custom)
2023-02-28 04:33:21,898 [pool-850-thread-1] INFO  server.RaftServerConfigKeys (ConfUtils.java:logGet(46)) - raft.server.retrycache.statistics.expirytime = 100μs (default)
2023-02-28 04:33:21,899 [pool-850-thread-1] INFO  server.RaftServerConfigKeys (ConfUtils.java:logGet(46)) - raft.server.log.appender.install.snapshot.enabled = false (custom)
2023-02-28 04:33:21,899 [pool-850-thread-1] INFO  server.RaftServerConfigKeys (ConfUtils.java:logGet(46)) - raft.server.threadpool.server.cached = true (default)
2023-02-28 04:33:21,899 [pool-850-thread-1] INFO  server.RaftServerConfigKeys (ConfUtils.java:logGet(46)) - raft.server.threadpool.server.size = 0 (default)
2023-02-28 04:33:21,899 [pool-850-thread-1] INFO  server.RaftServerConfigKeys (ConfUtils.java:logGet(46)) - raft.server.threadpool.client.cached = true (default)
2023-02-28 04:33:21,899 [pool-850-thread-1] INFO  server.RaftServerConfigKeys (ConfUtils.java:logGet(46)) - raft.server.threadpool.client.size = 0 (default)
2023-02-28 04:33:21,899 [pool-850-thread-1] INFO  storage.RaftStorageDirectory (RaftStorageDirectoryImpl.java:analyzeStorage(137)) - The storage directory /home/runner/work/ozone/ozone/hadoop-ozone/integration-test/target/test-dir/MiniOzoneClusterImpl-2052965b-440d-4b09-b4b3-db311f243d80/datanode-2/data/ratis/4493a279-0555-4f73-9f98-505a5be024fb does not exist. Creating ...
2023-02-28 04:33:21,900 [pool-850-thread-1] INFO  storage.RaftStorageDirectory (RaftStorageDirectoryImpl.java:tryLock(231)) - Lock on /home/runner/work/ozone/ozone/hadoop-ozone/integration-test/target/test-dir/MiniOzoneClusterImpl-2052965b-440d-4b09-b4b3-db311f243d80/datanode-2/data/ratis/4493a279-0555-4f73-9f98-505a5be024fb/in_use.lock acquired by nodename 61299@fv-az467-141
2023-02-28 04:33:21,902 [pool-850-thread-1] INFO  storage.RaftStorage (RaftStorageImpl.java:format(96)) - Storage directory /home/runner/work/ozone/ozone/hadoop-ozone/integration-test/target/test-dir/MiniOzoneClusterImpl-2052965b-440d-4b09-b4b3-db311f243d80/datanode-2/data/ratis/4493a279-0555-4f73-9f98-505a5be024fb has been successfully formatted.
2023-02-28 04:33:21,902 [pool-850-thread-1] INFO  ratis.ContainerStateMachine (ContainerStateMachine.java:loadSnapshot(240)) - group-505A5BE024FB: The snapshot info is null. Setting the last applied indexto:(t:0, i:~)
2023-02-28 04:33:21,902 [pool-850-thread-1] INFO  server.RaftServerConfigKeys (ConfUtils.java:logGet(46)) - raft.server.log.use.memory = false (default)
2023-02-28 04:33:21,902 [pool-850-thread-1] INFO  server.RaftServerConfigKeys (ConfUtils.java:logGet(46)) - raft.server.log.purge.gap = 1000000 (custom)
2023-02-28 04:33:21,902 [pool-850-thread-1] INFO  server.RaftServerConfigKeys (ConfUtils.java:logGet(46)) - raft.server.log.appender.buffer.byte-limit = 33554432 (custom)
2023-02-28 04:33:21,902 [pool-850-thread-1] INFO  server.RaftServerConfigKeys (ConfUtils.java:logGet(46)) - raft.server.log.statemachine.data.read.timeout = 1000ms (default)
2023-02-28 04:33:21,902 [pool-850-thread-1] INFO  server.RaftServerConfigKeys (ConfUtils.java:logGet(46)) - raft.server.log.purge.preservation.log.num = 0 (default)
2023-02-28 04:33:21,902 [pool-850-thread-1] INFO  server.RaftServerConfigKeys (ConfUtils.java:logGet(46)) - raft.server.log.segment.size.max = 1048576 (custom)
2023-02-28 04:33:21,902 [pool-850-thread-1] INFO  server.RaftServerConfigKeys (ConfUtils.java:logGet(46)) - raft.server.log.segment.cache.num.max = 2 (custom)
2023-02-28 04:33:21,903 [pool-850-thread-1] INFO  server.RaftServerConfigKeys (ConfUtils.java:logGet(46)) - raft.server.log.segment.cache.size.max = 200MB (=209715200) (default)
2023-02-28 04:33:21,903 [pool-850-thread-1] INFO  segmented.SegmentedRaftLogWorker (SegmentedRaftLogWorker.java:<init>(189)) - new 63ce3e96-5e66-48af-ac7f-186cbfb55a60@group-505A5BE024FB-SegmentedRaftLogWorker for RaftStorageImpl:Storage Directory /home/runner/work/ozone/ozone/hadoop-ozone/integration-test/target/test-dir/MiniOzoneClusterImpl-2052965b-440d-4b09-b4b3-db311f243d80/datanode-2/data/ratis/4493a279-0555-4f73-9f98-505a5be024fb
2023-02-28 04:33:21,903 [pool-850-thread-1] INFO  server.RaftServerConfigKeys (ConfUtils.java:logGet(46)) - raft.server.log.queue.byte-limit = 4294967296 (custom)
2023-02-28 04:33:21,903 [pool-850-thread-1] INFO  server.RaftServerConfigKeys (ConfUtils.java:logGet(46)) - raft.server.log.queue.element-limit = 1024 (custom)
2023-02-28 04:33:21,903 [EventQueue-PipelineReportForPipelineReportHandler] INFO  pipeline.PipelineManagerImpl (PipelineManagerImpl.java:openPipeline(367)) - Pipeline Pipeline[ Id: 4493a279-0555-4f73-9f98-505a5be024fb, Nodes: 63ce3e96-5e66-48af-ac7f-186cbfb55a60(fv-az467-141/10.1.0.42), ReplicationConfig: RATIS/ONE, State:ALLOCATED, leaderId:63ce3e96-5e66-48af-ac7f-186cbfb55a60, CreationTimestamp2023-02-28T04:33:18.899Z[Etc/UTC]] moved to OPEN state
2023-02-28 04:33:21,903 [pool-850-thread-1] INFO  server.RaftServerConfigKeys (ConfUtils.java:logGet(46)) - raft.server.log.segment.size.max = 1048576 (custom)
2023-02-28 04:33:21,903 [pool-850-thread-1] INFO  server.RaftServerConfigKeys (ConfUtils.java:logGet(46)) - raft.server.log.preallocated.size = 16384 (custom)
2023-02-28 04:33:21,904 [pool-850-thread-1] INFO  server.RaftServerConfigKeys (ConfUtils.java:logGet(46)) - raft.server.log.force.sync.num = 128 (default)
2023-02-28 04:33:21,904 [pool-850-thread-1] INFO  server.RaftServerConfigKeys (ConfUtils.java:logGet(46)) - raft.server.log.statemachine.data.sync = true (default)
2023-02-28 04:33:21,904 [pool-850-thread-1] INFO  server.RaftServerConfigKeys (ConfUtils.java:logGet(46)) - raft.server.log.statemachine.data.sync.timeout = 10s (default)
2023-02-28 04:33:21,904 [pool-850-thread-1] INFO  server.RaftServerConfigKeys (ConfUtils.java:logGet(46)) - raft.server.log.statemachine.data.sync.timeout.retry = -1 (default)
2023-02-28 04:33:21,904 [EventQueue-OpenPipelineForHealthyPipelineSafeModeRule] INFO  safemode.SCMSafeModeManager (HealthyPipelineSafeModeRule.java:process(137)) - SCM in safe mode. Healthy pipelines reported count is 0, required healthy pipeline reported count is 1
2023-02-28 04:33:21,904 [pool-850-thread-1] INFO  server.RaftServerConfigKeys (ConfUtils.java:logGet(46)) - raft.server.log.write.buffer.size = 1048576 (custom)
2023-02-28 04:33:21,905 [pool-850-thread-1] INFO  server.RaftServerConfigKeys (ConfUtils.java:logGet(46)) - raft.server.log.appender.buffer.byte-limit = 33554432 (custom)
2023-02-28 04:33:21,908 [pool-850-thread-1] INFO  server.RaftServerConfigKeys (ConfUtils.java:logGet(46)) - raft.server.log.unsafe-flush.enabled = false (default)
2023-02-28 04:33:21,908 [pool-850-thread-1] INFO  server.RaftServerConfigKeys (ConfUtils.java:logGet(46)) - raft.server.log.async-flush.enabled = false (default)
2023-02-28 04:33:21,908 [pool-850-thread-1] INFO  server.RaftServerConfigKeys (ConfUtils.java:logGet(46)) - raft.server.log.statemachine.data.caching.enabled = true (custom)
2023-02-28 04:33:21,908 [pool-850-thread-1] INFO  segmented.SegmentedRaftLogWorker (SegmentedRaftLogWorker.java:lambda$new$0(135)) - 63ce3e96-5e66-48af-ac7f-186cbfb55a60@group-505A5BE024FB-SegmentedRaftLogWorker: flushIndex: setUnconditionally 0 -> -1
2023-02-28 04:33:21,908 [pool-850-thread-1] INFO  segmented.SegmentedRaftLogWorker (SegmentedRaftLogWorker.java:lambda$new$0(135)) - 63ce3e96-5e66-48af-ac7f-186cbfb55a60@group-505A5BE024FB-SegmentedRaftLogWorker: safeCacheEvictIndex: setUnconditionally 0 -> -1
2023-02-28 04:33:21,908 [pool-850-thread-1] INFO  server.RaftServer$Division (RaftServerImpl.java:start(334)) - 63ce3e96-5e66-48af-ac7f-186cbfb55a60@group-505A5BE024FB: start as a follower, conf=-1: peers:[63ce3e96-5e66-48af-ac7f-186cbfb55a60|rpc:10.1.0.42:33273|dataStream:10.1.0.42:39963|priority:1|startupRole:FOLLOWER]|listeners:[], old=null
2023-02-28 04:33:21,908 [pool-850-thread-1] INFO  server.RaftServer$Division (RaftServerImpl.java:setRole(321)) - 63ce3e96-5e66-48af-ac7f-186cbfb55a60@group-505A5BE024FB: changes role from      null to FOLLOWER at term 0 for startAsFollower
2023-02-28 04:33:21,908 [pool-850-thread-1] INFO  impl.RoleInfo (RoleInfo.java:updateAndGet(139)) - 63ce3e96-5e66-48af-ac7f-186cbfb55a60: start 63ce3e96-5e66-48af-ac7f-186cbfb55a60@group-505A5BE024FB-FollowerState
2023-02-28 04:33:21,909 [pool-850-thread-1] INFO  util.JmxRegister (JmxRegister.java:tryRegister(44)) - Successfully registered JMX Bean with object name Ratis:service=RaftServer,group=group-505A5BE024FB,id=63ce3e96-5e66-48af-ac7f-186cbfb55a60
2023-02-28 04:33:21,909 [pool-850-thread-1] INFO  server.RaftServerConfigKeys (ConfUtils.java:logGet(46)) - raft.server.snapshot.auto.trigger.enabled = true (custom)
2023-02-28 04:33:21,909 [pool-850-thread-1] INFO  server.RaftServerConfigKeys (ConfUtils.java:logGet(46)) - raft.server.snapshot.auto.trigger.threshold = 10000 (custom)
2023-02-28 04:33:21,909 [pool-850-thread-1] INFO  server.RaftServerConfigKeys (ConfUtils.java:logGet(46)) - raft.server.snapshot.retention.file.num = 5 (custom)
2023-02-28 04:33:21,909 [pool-850-thread-1] INFO  server.RaftServerConfigKeys (ConfUtils.java:logGet(46)) - raft.server.log.purge.upto.snapshot.index = false (default)
2023-02-28 04:33:21,909 [63ce3e96-5e66-48af-ac7f-186cbfb55a60@group-505A5BE024FB-FollowerState] INFO  server.RaftServerConfigKeys (ConfUtils.java:logFallback(53)) - raft.server.rpc.first-election.timeout.min = 5s (fallback to raft.server.rpc.timeout.min)
2023-02-28 04:33:21,909 [63ce3e96-5e66-48af-ac7f-186cbfb55a60@group-505A5BE024FB-FollowerState] INFO  server.RaftServerConfigKeys (ConfUtils.java:logFallback(53)) - raft.server.rpc.first-election.timeout.max = 5200ms (fallback to raft.server.rpc.timeout.max)
2023-02-28 04:33:21,910 [Command processor thread] INFO  ratis.XceiverServerRatis (XceiverServerRatis.java:addGroup(807)) - Created group PipelineID=4493a279-0555-4f73-9f98-505a5be024fb
2023-02-28 04:33:21,910 [Command processor thread] INFO  commandhandler.CreatePipelineCommandHandler (CreatePipelineCommandHandler.java:handle(113)) - Created Pipeline RATIS ONE PipelineID=4493a279-0555-4f73-9f98-505a5be024fb.
2023-02-28 04:33:22,342 [EndpointStateMachine task thread for /0.0.0.0:41617 - 0 ] INFO  ipc.Client (Client.java:handleConnectionFailure(1010)) - Retrying connect to server: 0.0.0.0/0.0.0.0:41617. Already tried 1 time(s); retry policy is RetryUpToMaximumCountWithFixedSleep(maxRetries=15, sleepTime=1000 MILLISECONDS)
2023-02-28 04:33:22,893 [Listener at 127.0.0.1/41931] INFO  ozone.MiniOzoneClusterImpl (MiniOzoneClusterImpl.java:lambda$waitForClusterToBeReady$0(218)) - Nodes are ready. Got 3 of 3 DN Heartbeats.
2023-02-28 04:33:22,893 [Listener at 127.0.0.1/41931] INFO  ozone.MiniOzoneClusterImpl (MiniOzoneClusterImpl.java:lambda$waitForClusterToBeReady$0(221)) - Waiting for cluster to exit safe mode
2023-02-28 04:33:22,893 [Listener at 127.0.0.1/41931] INFO  ozone.MiniOzoneClusterImpl (MiniOzoneClusterImpl.java:lambda$waitForClusterToBeReady$0(223)) - SCM became leader
2023-02-28 04:33:23,342 [EndpointStateMachine task thread for /0.0.0.0:41617 - 0 ] INFO  ipc.Client (Client.java:handleConnectionFailure(1010)) - Retrying connect to server: 0.0.0.0/0.0.0.0:41617. Already tried 2 time(s); retry policy is RetryUpToMaximumCountWithFixedSleep(maxRetries=15, sleepTime=1000 MILLISECONDS)
2023-02-28 04:33:23,893 [Listener at 127.0.0.1/41931] INFO  ozone.MiniOzoneClusterImpl (MiniOzoneClusterImpl.java:lambda$waitForClusterToBeReady$0(218)) - Nodes are ready. Got 3 of 3 DN Heartbeats.
2023-02-28 04:33:23,894 [Listener at 127.0.0.1/41931] INFO  ozone.MiniOzoneClusterImpl (MiniOzoneClusterImpl.java:lambda$waitForClusterToBeReady$0(221)) - Waiting for cluster to exit safe mode
2023-02-28 04:33:23,894 [Listener at 127.0.0.1/41931] INFO  ozone.MiniOzoneClusterImpl (MiniOzoneClusterImpl.java:lambda$waitForClusterToBeReady$0(223)) - SCM became leader
2023-02-28 04:33:24,343 [EndpointStateMachine task thread for /0.0.0.0:41617 - 0 ] INFO  ipc.Client (Client.java:handleConnectionFailure(1010)) - Retrying connect to server: 0.0.0.0/0.0.0.0:41617. Already tried 3 time(s); retry policy is RetryUpToMaximumCountWithFixedSleep(maxRetries=15, sleepTime=1000 MILLISECONDS)
2023-02-28 04:33:24,894 [Listener at 127.0.0.1/41931] INFO  ozone.MiniOzoneClusterImpl (MiniOzoneClusterImpl.java:lambda$waitForClusterToBeReady$0(218)) - Nodes are ready. Got 3 of 3 DN Heartbeats.
2023-02-28 04:33:24,894 [Listener at 127.0.0.1/41931] INFO  ozone.MiniOzoneClusterImpl (MiniOzoneClusterImpl.java:lambda$waitForClusterToBeReady$0(221)) - Waiting for cluster to exit safe mode
2023-02-28 04:33:24,894 [Listener at 127.0.0.1/41931] INFO  ozone.MiniOzoneClusterImpl (MiniOzoneClusterImpl.java:lambda$waitForClusterToBeReady$0(223)) - SCM became leader
2023-02-28 04:33:25,344 [EndpointStateMachine task thread for /0.0.0.0:41617 - 0 ] INFO  ipc.Client (Client.java:handleConnectionFailure(1010)) - Retrying connect to server: 0.0.0.0/0.0.0.0:41617. Already tried 4 time(s); retry policy is RetryUpToMaximumCountWithFixedSleep(maxRetries=15, sleepTime=1000 MILLISECONDS)
2023-02-28 04:33:25,894 [Listener at 127.0.0.1/41931] INFO  ozone.MiniOzoneClusterImpl (MiniOzoneClusterImpl.java:lambda$waitForClusterToBeReady$0(218)) - Nodes are ready. Got 3 of 3 DN Heartbeats.
2023-02-28 04:33:25,894 [Listener at 127.0.0.1/41931] INFO  ozone.MiniOzoneClusterImpl (MiniOzoneClusterImpl.java:lambda$waitForClusterToBeReady$0(221)) - Waiting for cluster to exit safe mode
2023-02-28 04:33:25,895 [Listener at 127.0.0.1/41931] INFO  ozone.MiniOzoneClusterImpl (MiniOzoneClusterImpl.java:lambda$waitForClusterToBeReady$0(223)) - SCM became leader
2023-02-28 04:33:26,305 [29422ebe-f196-450d-94bb-6e1d0bb3bd81@group-558B75489691-FollowerState] INFO  impl.FollowerState (FollowerState.java:run(143)) - 29422ebe-f196-450d-94bb-6e1d0bb3bd81@group-558B75489691-FollowerState: change to CANDIDATE, lastRpcElapsedTime:5063330037ns, electionTimeout:5059ms
2023-02-28 04:33:26,305 [29422ebe-f196-450d-94bb-6e1d0bb3bd81@group-558B75489691-FollowerState] INFO  impl.RoleInfo (RoleInfo.java:shutdownFollowerState(110)) - 29422ebe-f196-450d-94bb-6e1d0bb3bd81: shutdown 29422ebe-f196-450d-94bb-6e1d0bb3bd81@group-558B75489691-FollowerState
2023-02-28 04:33:26,305 [29422ebe-f196-450d-94bb-6e1d0bb3bd81@group-558B75489691-FollowerState] INFO  server.RaftServer$Division (RaftServerImpl.java:setRole(321)) - 29422ebe-f196-450d-94bb-6e1d0bb3bd81@group-558B75489691: changes role from  FOLLOWER to CANDIDATE at term 0 for changeToCandidate
2023-02-28 04:33:26,306 [29422ebe-f196-450d-94bb-6e1d0bb3bd81@group-558B75489691-FollowerState] INFO  server.RaftServerConfigKeys (ConfUtils.java:logGet(46)) - raft.server.leaderelection.pre-vote = true (default)
2023-02-28 04:33:26,306 [29422ebe-f196-450d-94bb-6e1d0bb3bd81@group-558B75489691-FollowerState] INFO  impl.RoleInfo (RoleInfo.java:updateAndGet(139)) - 29422ebe-f196-450d-94bb-6e1d0bb3bd81: start 29422ebe-f196-450d-94bb-6e1d0bb3bd81@group-558B75489691-LeaderElection9
2023-02-28 04:33:26,309 [29422ebe-f196-450d-94bb-6e1d0bb3bd81@group-558B75489691-LeaderElection9] INFO  impl.LeaderElection (LeaderElection.java:askForVotes(312)) - 29422ebe-f196-450d-94bb-6e1d0bb3bd81@group-558B75489691-LeaderElection9 PRE_VOTE round 0: submit vote requests at term 0 for -1: peers:[29422ebe-f196-450d-94bb-6e1d0bb3bd81|rpc:10.1.0.42:33763|dataStream:10.1.0.42:41017|priority:1|startupRole:FOLLOWER]|listeners:[], old=null
2023-02-28 04:33:26,309 [29422ebe-f196-450d-94bb-6e1d0bb3bd81@group-558B75489691-LeaderElection9] INFO  impl.LeaderElection (LeaderElection.java:askForVotes(314)) - 29422ebe-f196-450d-94bb-6e1d0bb3bd81@group-558B75489691-LeaderElection9 PRE_VOTE round 0: result PASSED (term=0)
2023-02-28 04:33:26,313 [29422ebe-f196-450d-94bb-6e1d0bb3bd81@group-558B75489691-LeaderElection9] INFO  impl.LeaderElection (LeaderElection.java:askForVotes(312)) - 29422ebe-f196-450d-94bb-6e1d0bb3bd81@group-558B75489691-LeaderElection9 ELECTION round 0: submit vote requests at term 1 for -1: peers:[29422ebe-f196-450d-94bb-6e1d0bb3bd81|rpc:10.1.0.42:33763|dataStream:10.1.0.42:41017|priority:1|startupRole:FOLLOWER]|listeners:[], old=null
2023-02-28 04:33:26,313 [29422ebe-f196-450d-94bb-6e1d0bb3bd81@group-558B75489691-LeaderElection9] INFO  impl.LeaderElection (LeaderElection.java:askForVotes(314)) - 29422ebe-f196-450d-94bb-6e1d0bb3bd81@group-558B75489691-LeaderElection9 ELECTION round 0: result PASSED (term=1)
2023-02-28 04:33:26,313 [29422ebe-f196-450d-94bb-6e1d0bb3bd81@group-558B75489691-LeaderElection9] INFO  impl.RoleInfo (RoleInfo.java:shutdownLeaderElection(130)) - 29422ebe-f196-450d-94bb-6e1d0bb3bd81: shutdown 29422ebe-f196-450d-94bb-6e1d0bb3bd81@group-558B75489691-LeaderElection9
2023-02-28 04:33:26,313 [29422ebe-f196-450d-94bb-6e1d0bb3bd81@group-558B75489691-LeaderElection9] INFO  server.RaftServer$Division (RaftServerImpl.java:setRole(321)) - 29422ebe-f196-450d-94bb-6e1d0bb3bd81@group-558B75489691: changes role from CANDIDATE to LEADER at term 1 for changeToLeader
2023-02-28 04:33:26,313 [29422ebe-f196-450d-94bb-6e1d0bb3bd81@group-558B75489691-LeaderElection9] INFO  ratis.XceiverServerRatis (XceiverServerRatis.java:handleLeaderChangedNotification(905)) - Leader change notification received for group: group-558B75489691 with new leaderId: 29422ebe-f196-450d-94bb-6e1d0bb3bd81
2023-02-28 04:33:26,314 [29422ebe-f196-450d-94bb-6e1d0bb3bd81@group-558B75489691-LeaderElection9] INFO  server.RaftServer$Division (ServerState.java:setLeader(313)) - 29422ebe-f196-450d-94bb-6e1d0bb3bd81@group-558B75489691: change Leader from null to 29422ebe-f196-450d-94bb-6e1d0bb3bd81 at term 1 for becomeLeader, leader elected after 5086ms
2023-02-28 04:33:26,314 [29422ebe-f196-450d-94bb-6e1d0bb3bd81@group-558B75489691-LeaderElection9] INFO  server.RaftServerConfigKeys (ConfUtils.java:logGet(46)) - raft.server.staging.catchup.gap = 1000 (default)
2023-02-28 04:33:26,314 [29422ebe-f196-450d-94bb-6e1d0bb3bd81@group-558B75489691-LeaderElection9] INFO  server.RaftServerConfigKeys (ConfUtils.java:logGet(46)) - raft.server.write.element-limit = 1024 (custom)
2023-02-28 04:33:26,314 [29422ebe-f196-450d-94bb-6e1d0bb3bd81@group-558B75489691-LeaderElection9] INFO  server.RaftServerConfigKeys (ConfUtils.java:logGet(46)) - raft.server.write.byte-limit = 1024 M (=1073741824) (custom)
2023-02-28 04:33:26,314 [29422ebe-f196-450d-94bb-6e1d0bb3bd81@group-E4F7E3FE802F-FollowerState] INFO  impl.FollowerState (FollowerState.java:run(143)) - 29422ebe-f196-450d-94bb-6e1d0bb3bd81@group-E4F7E3FE802F-FollowerState: change to CANDIDATE, lastRpcElapsedTime:5048764433ns, electionTimeout:5035ms
2023-02-28 04:33:26,314 [29422ebe-f196-450d-94bb-6e1d0bb3bd81@group-E4F7E3FE802F-FollowerState] INFO  impl.RoleInfo (RoleInfo.java:shutdownFollowerState(110)) - 29422ebe-f196-450d-94bb-6e1d0bb3bd81: shutdown 29422ebe-f196-450d-94bb-6e1d0bb3bd81@group-E4F7E3FE802F-FollowerState
2023-02-28 04:33:26,314 [29422ebe-f196-450d-94bb-6e1d0bb3bd81@group-E4F7E3FE802F-FollowerState] INFO  server.RaftServer$Division (RaftServerImpl.java:setRole(321)) - 29422ebe-f196-450d-94bb-6e1d0bb3bd81@group-E4F7E3FE802F: changes role from  FOLLOWER to CANDIDATE at term 0 for changeToCandidate
2023-02-28 04:33:26,314 [29422ebe-f196-450d-94bb-6e1d0bb3bd81@group-E4F7E3FE802F-FollowerState] INFO  server.RaftServerConfigKeys (ConfUtils.java:logGet(46)) - raft.server.leaderelection.pre-vote = true (default)
2023-02-28 04:33:26,314 [29422ebe-f196-450d-94bb-6e1d0bb3bd81@group-E4F7E3FE802F-FollowerState] INFO  impl.RoleInfo (RoleInfo.java:updateAndGet(139)) - 29422ebe-f196-450d-94bb-6e1d0bb3bd81: start 29422ebe-f196-450d-94bb-6e1d0bb3bd81@group-E4F7E3FE802F-LeaderElection10
2023-02-28 04:33:26,315 [EventQueue-OpenPipelineForHealthyPipelineSafeModeRule] INFO  safemode.SCMSafeModeManager (HealthyPipelineSafeModeRule.java:process(137)) - SCM in safe mode. Healthy pipelines reported count is 0, required healthy pipeline reported count is 1
2023-02-28 04:33:26,315 [29422ebe-f196-450d-94bb-6e1d0bb3bd81@group-558B75489691-LeaderElection9] INFO  server.RaftServerConfigKeys (ConfUtils.java:logGet(46)) - raft.server.watch.timeout = 180s (custom)
2023-02-28 04:33:26,316 [29422ebe-f196-450d-94bb-6e1d0bb3bd81@group-558B75489691-LeaderElection9] INFO  server.RaftServerConfigKeys (ConfUtils.java:logGet(46)) - raft.server.watch.timeout.denomination = 1s (default)
2023-02-28 04:33:26,316 [29422ebe-f196-450d-94bb-6e1d0bb3bd81@group-558B75489691-LeaderElection9] INFO  server.RaftServerConfigKeys (ConfUtils.java:logGet(46)) - raft.server.watch.element-limit = 65536 (default)
2023-02-28 04:33:26,317 [29422ebe-f196-450d-94bb-6e1d0bb3bd81@group-E4F7E3FE802F-LeaderElection10] INFO  impl.LeaderElection (LeaderElection.java:askForVotes(312)) - 29422ebe-f196-450d-94bb-6e1d0bb3bd81@group-E4F7E3FE802F-LeaderElection10 PRE_VOTE round 0: submit vote requests at term 0 for -1: peers:[78ee39fe-738f-4360-8617-136cda5f4ce0|rpc:10.1.0.42:42389|dataStream:10.1.0.42:32921|priority:0|startupRole:FOLLOWER, 63ce3e96-5e66-48af-ac7f-186cbfb55a60|rpc:10.1.0.42:33273|dataStream:10.1.0.42:39963|priority:0|startupRole:FOLLOWER, 29422ebe-f196-450d-94bb-6e1d0bb3bd81|rpc:10.1.0.42:33763|dataStream:10.1.0.42:41017|priority:1|startupRole:FOLLOWER]|listeners:[], old=null
2023-02-28 04:33:26,317 [29422ebe-f196-450d-94bb-6e1d0bb3bd81@group-558B75489691-LeaderElection9] INFO  server.RaftServerConfigKeys (ConfUtils.java:logGet(46)) - raft.server.write.element-limit = 1024 (custom)
2023-02-28 04:33:26,317 [29422ebe-f196-450d-94bb-6e1d0bb3bd81@group-558B75489691-LeaderElection9] INFO  server.RaftServerConfigKeys (ConfUtils.java:logGet(46)) - raft.server.write.follower.gap.ratio.max = -1.0 (default)
2023-02-28 04:33:26,318 [29422ebe-f196-450d-94bb-6e1d0bb3bd81@group-558B75489691-LeaderElection9] INFO  impl.RoleInfo (RoleInfo.java:updateAndGet(139)) - 29422ebe-f196-450d-94bb-6e1d0bb3bd81: start 29422ebe-f196-450d-94bb-6e1d0bb3bd81@group-558B75489691-LeaderStateImpl
2023-02-28 04:33:26,318 [29422ebe-f196-450d-94bb-6e1d0bb3bd81@group-E4F7E3FE802F-LeaderElection10] INFO  server.RaftServerConfigKeys (ConfUtils.java:logFallback(53)) - raft.server.rpc.first-election.timeout.min = 5s (fallback to raft.server.rpc.timeout.min)
2023-02-28 04:33:26,322 [29422ebe-f196-450d-94bb-6e1d0bb3bd81@group-E4F7E3FE802F-LeaderElection10] INFO  server.RaftServerConfigKeys (ConfUtils.java:logFallback(53)) - raft.server.rpc.first-election.timeout.max = 5200ms (fallback to raft.server.rpc.timeout.max)
2023-02-28 04:33:26,318 [29422ebe-f196-450d-94bb-6e1d0bb3bd81@group-E4F7E3FE802F-LeaderElection10-1] INFO  server.GrpcServerProtocolClient (GrpcServerProtocolClient.java:<init>(63)) - Build channel for 78ee39fe-738f-4360-8617-136cda5f4ce0
2023-02-28 04:33:26,327 [grpc-default-executor-6] INFO  server.RaftServer$Division (RaftServerImpl.java:requestVote(1218)) - 78ee39fe-738f-4360-8617-136cda5f4ce0@group-E4F7E3FE802F: receive requestVote(PRE_VOTE, 29422ebe-f196-450d-94bb-6e1d0bb3bd81, group-E4F7E3FE802F, 0, (t:0, i:0))
2023-02-28 04:33:26,327 [grpc-default-executor-6] INFO  impl.VoteContext (VoteContext.java:log(49)) - 78ee39fe-738f-4360-8617-136cda5f4ce0@group-E4F7E3FE802F-FOLLOWER: accept PRE_VOTE from 29422ebe-f196-450d-94bb-6e1d0bb3bd81: our priority 0 <= candidate's priority 1
2023-02-28 04:33:26,327 [grpc-default-executor-6] INFO  server.RaftServer$Division (RaftServerImpl.java:requestVote(1251)) - 78ee39fe-738f-4360-8617-136cda5f4ce0@group-E4F7E3FE802F replies to PRE_VOTE vote request: 29422ebe-f196-450d-94bb-6e1d0bb3bd81<-78ee39fe-738f-4360-8617-136cda5f4ce0#0:OK-t0. Peer's state: 78ee39fe-738f-4360-8617-136cda5f4ce0@group-E4F7E3FE802F:t0, leader=null, voted=, raftlog=Memoized:78ee39fe-738f-4360-8617-136cda5f4ce0@group-E4F7E3FE802F-SegmentedRaftLog:OPENED:c-1, conf=-1: peers:[78ee39fe-738f-4360-8617-136cda5f4ce0|rpc:10.1.0.42:42389|dataStream:10.1.0.42:32921|priority:0|startupRole:FOLLOWER, 63ce3e96-5e66-48af-ac7f-186cbfb55a60|rpc:10.1.0.42:33273|dataStream:10.1.0.42:39963|priority:0|startupRole:FOLLOWER, 29422ebe-f196-450d-94bb-6e1d0bb3bd81|rpc:10.1.0.42:33763|dataStream:10.1.0.42:41017|priority:1|startupRole:FOLLOWER]|listeners:[], old=null
2023-02-28 04:33:26,328 [29422ebe-f196-450d-94bb-6e1d0bb3bd81@group-E4F7E3FE802F-LeaderElection10-2] INFO  server.GrpcServerProtocolClient (GrpcServerProtocolClient.java:<init>(63)) - Build channel for 63ce3e96-5e66-48af-ac7f-186cbfb55a60
2023-02-28 04:33:26,328 [29422ebe-f196-450d-94bb-6e1d0bb3bd81@group-558B75489691-LeaderElection9] INFO  segmented.SegmentedRaftLogWorker (SegmentedRaftLogWorker.java:startLogSegment(452)) - 29422ebe-f196-450d-94bb-6e1d0bb3bd81@group-558B75489691-SegmentedRaftLogWorker: Starting segment from index:0
2023-02-28 04:33:26,334 [29422ebe-f196-450d-94bb-6e1d0bb3bd81@group-E4F7E3FE802F-LeaderElection10] INFO  impl.LeaderElection (LeaderElection.java:logAndReturn(90)) - 29422ebe-f196-450d-94bb-6e1d0bb3bd81@group-E4F7E3FE802F-LeaderElection10: PRE_VOTE PASSED received 1 response(s) and 0 exception(s):
2023-02-28 04:33:26,334 [29422ebe-f196-450d-94bb-6e1d0bb3bd81@group-E4F7E3FE802F-LeaderElection10] INFO  impl.LeaderElection (LeaderElection.java:logAndReturn(94)) -   Response 0: 29422ebe-f196-450d-94bb-6e1d0bb3bd81<-78ee39fe-738f-4360-8617-136cda5f4ce0#0:OK-t0
2023-02-28 04:33:26,334 [29422ebe-f196-450d-94bb-6e1d0bb3bd81@group-E4F7E3FE802F-LeaderElection10] INFO  impl.LeaderElection (LeaderElection.java:askForVotes(314)) - 29422ebe-f196-450d-94bb-6e1d0bb3bd81@group-E4F7E3FE802F-LeaderElection10 PRE_VOTE round 0: result PASSED
2023-02-28 04:33:26,335 [29422ebe-f196-450d-94bb-6e1d0bb3bd81@group-E4F7E3FE802F-LeaderElection10] INFO  impl.LeaderElection (LeaderElection.java:askForVotes(312)) - 29422ebe-f196-450d-94bb-6e1d0bb3bd81@group-E4F7E3FE802F-LeaderElection10 ELECTION round 0: submit vote requests at term 1 for -1: peers:[78ee39fe-738f-4360-8617-136cda5f4ce0|rpc:10.1.0.42:42389|dataStream:10.1.0.42:32921|priority:0|startupRole:FOLLOWER, 63ce3e96-5e66-48af-ac7f-186cbfb55a60|rpc:10.1.0.42:33273|dataStream:10.1.0.42:39963|priority:0|startupRole:FOLLOWER, 29422ebe-f196-450d-94bb-6e1d0bb3bd81|rpc:10.1.0.42:33763|dataStream:10.1.0.42:41017|priority:1|startupRole:FOLLOWER]|listeners:[], old=null
2023-02-28 04:33:26,336 [29422ebe-f196-450d-94bb-6e1d0bb3bd81@group-558B75489691-SegmentedRaftLogWorker] INFO  segmented.SegmentedRaftLogWorker (SegmentedRaftLogWorker.java:execute(656)) - 29422ebe-f196-450d-94bb-6e1d0bb3bd81@group-558B75489691-SegmentedRaftLogWorker: created new log segment /home/runner/work/ozone/ozone/hadoop-ozone/integration-test/target/test-dir/MiniOzoneClusterImpl-2052965b-440d-4b09-b4b3-db311f243d80/datanode-0/data/ratis/4d8720ac-a030-49d0-8855-558b75489691/current/log_inprogress_0
2023-02-28 04:33:26,337 [78ee39fe-738f-4360-8617-136cda5f4ce0@group-E4F7E3FE802F-FollowerState] INFO  server.RaftServerConfigKeys (ConfUtils.java:logFallback(53)) - raft.server.rpc.first-election.timeout.min = 5s (fallback to raft.server.rpc.timeout.min)
2023-02-28 04:33:26,340 [29422ebe-f196-450d-94bb-6e1d0bb3bd81@group-558B75489691-LeaderElection9] INFO  server.RaftServer$Division (ServerState.java:setRaftConf(430)) - 29422ebe-f196-450d-94bb-6e1d0bb3bd81@group-558B75489691: set configuration 0: peers:[29422ebe-f196-450d-94bb-6e1d0bb3bd81|rpc:10.1.0.42:33763|dataStream:10.1.0.42:41017|priority:1|startupRole:FOLLOWER]|listeners:[], old=null
2023-02-28 04:33:26,340 [78ee39fe-738f-4360-8617-136cda5f4ce0@group-E4F7E3FE802F-FollowerState] INFO  server.RaftServerConfigKeys (ConfUtils.java:logFallback(53)) - raft.server.rpc.first-election.timeout.max = 5200ms (fallback to raft.server.rpc.timeout.max)
2023-02-28 04:33:26,340 [grpc-default-executor-6] INFO  server.RaftServer$Division (RaftServerImpl.java:requestVote(1218)) - 63ce3e96-5e66-48af-ac7f-186cbfb55a60@group-E4F7E3FE802F: receive requestVote(PRE_VOTE, 29422ebe-f196-450d-94bb-6e1d0bb3bd81, group-E4F7E3FE802F, 0, (t:0, i:0))
2023-02-28 04:33:26,340 [grpc-default-executor-6] INFO  impl.VoteContext (VoteContext.java:log(49)) - 63ce3e96-5e66-48af-ac7f-186cbfb55a60@group-E4F7E3FE802F-FOLLOWER: accept PRE_VOTE from 29422ebe-f196-450d-94bb-6e1d0bb3bd81: our priority 0 <= candidate's priority 1
2023-02-28 04:33:26,340 [grpc-default-executor-6] INFO  server.RaftServer$Division (RaftServerImpl.java:requestVote(1251)) - 63ce3e96-5e66-48af-ac7f-186cbfb55a60@group-E4F7E3FE802F replies to PRE_VOTE vote request: 29422ebe-f196-450d-94bb-6e1d0bb3bd81<-63ce3e96-5e66-48af-ac7f-186cbfb55a60#0:OK-t0. Peer's state: 63ce3e96-5e66-48af-ac7f-186cbfb55a60@group-E4F7E3FE802F:t0, leader=null, voted=, raftlog=Memoized:63ce3e96-5e66-48af-ac7f-186cbfb55a60@group-E4F7E3FE802F-SegmentedRaftLog:OPENED:c-1, conf=-1: peers:[78ee39fe-738f-4360-8617-136cda5f4ce0|rpc:10.1.0.42:42389|dataStream:10.1.0.42:32921|priority:0|startupRole:FOLLOWER, 63ce3e96-5e66-48af-ac7f-186cbfb55a60|rpc:10.1.0.42:33273|dataStream:10.1.0.42:39963|priority:0|startupRole:FOLLOWER, 29422ebe-f196-450d-94bb-6e1d0bb3bd81|rpc:10.1.0.42:33763|dataStream:10.1.0.42:41017|priority:1|startupRole:FOLLOWER]|listeners:[], old=null
2023-02-28 04:33:26,342 [29422ebe-f196-450d-94bb-6e1d0bb3bd81@group-E4F7E3FE802F-LeaderElection10] INFO  server.RaftServerConfigKeys (ConfUtils.java:logFallback(53)) - raft.server.rpc.first-election.timeout.min = 5s (fallback to raft.server.rpc.timeout.min)
2023-02-28 04:33:26,342 [29422ebe-f196-450d-94bb-6e1d0bb3bd81@group-E4F7E3FE802F-LeaderElection10] INFO  server.RaftServerConfigKeys (ConfUtils.java:logFallback(53)) - raft.server.rpc.first-election.timeout.max = 5200ms (fallback to raft.server.rpc.timeout.max)
2023-02-28 04:33:26,344 [EndpointStateMachine task thread for /0.0.0.0:41617 - 0 ] INFO  ipc.Client (Client.java:handleConnectionFailure(1010)) - Retrying connect to server: 0.0.0.0/0.0.0.0:41617. Already tried 5 time(s); retry policy is RetryUpToMaximumCountWithFixedSleep(maxRetries=15, sleepTime=1000 MILLISECONDS)
2023-02-28 04:33:26,353 [grpc-default-executor-6] INFO  server.RaftServer$Division (RaftServerImpl.java:requestVote(1218)) - 78ee39fe-738f-4360-8617-136cda5f4ce0@group-E4F7E3FE802F: receive requestVote(ELECTION, 29422ebe-f196-450d-94bb-6e1d0bb3bd81, group-E4F7E3FE802F, 1, (t:0, i:0))
2023-02-28 04:33:26,353 [grpc-default-executor-6] INFO  impl.VoteContext (VoteContext.java:log(49)) - 78ee39fe-738f-4360-8617-136cda5f4ce0@group-E4F7E3FE802F-FOLLOWER: accept ELECTION from 29422ebe-f196-450d-94bb-6e1d0bb3bd81: our priority 0 <= candidate's priority 1
2023-02-28 04:33:26,353 [grpc-default-executor-6] INFO  server.RaftServer$Division (RaftServerImpl.java:setRole(321)) - 78ee39fe-738f-4360-8617-136cda5f4ce0@group-E4F7E3FE802F: changes role from  FOLLOWER to FOLLOWER at term 1 for candidate:29422ebe-f196-450d-94bb-6e1d0bb3bd81
2023-02-28 04:33:26,353 [grpc-default-executor-6] INFO  impl.RoleInfo (RoleInfo.java:shutdownFollowerState(110)) - 78ee39fe-738f-4360-8617-136cda5f4ce0: shutdown 78ee39fe-738f-4360-8617-136cda5f4ce0@group-E4F7E3FE802F-FollowerState
2023-02-28 04:33:26,353 [grpc-default-executor-6] INFO  impl.RoleInfo (RoleInfo.java:updateAndGet(139)) - 78ee39fe-738f-4360-8617-136cda5f4ce0: start 78ee39fe-738f-4360-8617-136cda5f4ce0@group-E4F7E3FE802F-FollowerState
2023-02-28 04:33:26,353 [78ee39fe-738f-4360-8617-136cda5f4ce0@group-E4F7E3FE802F-FollowerState] INFO  impl.FollowerState (FollowerState.java:run(152)) - 78ee39fe-738f-4360-8617-136cda5f4ce0@group-E4F7E3FE802F-FollowerState was interrupted
2023-02-28 04:33:26,359 [grpc-default-executor-2] INFO  server.RaftServer$Division (RaftServerImpl.java:requestVote(1218)) - 63ce3e96-5e66-48af-ac7f-186cbfb55a60@group-E4F7E3FE802F: receive requestVote(ELECTION, 29422ebe-f196-450d-94bb-6e1d0bb3bd81, group-E4F7E3FE802F, 1, (t:0, i:0))
2023-02-28 04:33:26,362 [grpc-default-executor-2] INFO  impl.VoteContext (VoteContext.java:log(49)) - 63ce3e96-5e66-48af-ac7f-186cbfb55a60@group-E4F7E3FE802F-FOLLOWER: accept ELECTION from 29422ebe-f196-450d-94bb-6e1d0bb3bd81: our priority 0 <= candidate's priority 1
2023-02-28 04:33:26,362 [78ee39fe-738f-4360-8617-136cda5f4ce0@group-E4F7E3FE802F-FollowerState] INFO  server.RaftServerConfigKeys (ConfUtils.java:logFallback(53)) - raft.server.rpc.first-election.timeout.min = 5s (fallback to raft.server.rpc.timeout.min)
2023-02-28 04:33:26,362 [78ee39fe-738f-4360-8617-136cda5f4ce0@group-E4F7E3FE802F-FollowerState] INFO  server.RaftServerConfigKeys (ConfUtils.java:logFallback(53)) - raft.server.rpc.first-election.timeout.max = 5200ms (fallback to raft.server.rpc.timeout.max)
2023-02-28 04:33:26,362 [grpc-default-executor-2] INFO  server.RaftServer$Division (RaftServerImpl.java:setRole(321)) - 63ce3e96-5e66-48af-ac7f-186cbfb55a60@group-E4F7E3FE802F: changes role from  FOLLOWER to FOLLOWER at term 1 for candidate:29422ebe-f196-450d-94bb-6e1d0bb3bd81
2023-02-28 04:33:26,362 [grpc-default-executor-2] INFO  impl.RoleInfo (RoleInfo.java:shutdownFollowerState(110)) - 63ce3e96-5e66-48af-ac7f-186cbfb55a60: shutdown 63ce3e96-5e66-48af-ac7f-186cbfb55a60@group-E4F7E3FE802F-FollowerState
2023-02-28 04:33:26,362 [grpc-default-executor-2] INFO  impl.RoleInfo (RoleInfo.java:updateAndGet(139)) - 63ce3e96-5e66-48af-ac7f-186cbfb55a60: start 63ce3e96-5e66-48af-ac7f-186cbfb55a60@group-E4F7E3FE802F-FollowerState
2023-02-28 04:33:26,362 [63ce3e96-5e66-48af-ac7f-186cbfb55a60@group-E4F7E3FE802F-FollowerState] INFO  impl.FollowerState (FollowerState.java:run(152)) - 63ce3e96-5e66-48af-ac7f-186cbfb55a60@group-E4F7E3FE802F-FollowerState was interrupted
2023-02-28 04:33:26,365 [63ce3e96-5e66-48af-ac7f-186cbfb55a60@group-E4F7E3FE802F-FollowerState] INFO  server.RaftServerConfigKeys (ConfUtils.java:logFallback(53)) - raft.server.rpc.first-election.timeout.min = 5s (fallback to raft.server.rpc.timeout.min)
2023-02-28 04:33:26,365 [63ce3e96-5e66-48af-ac7f-186cbfb55a60@group-E4F7E3FE802F-FollowerState] INFO  server.RaftServerConfigKeys (ConfUtils.java:logFallback(53)) - raft.server.rpc.first-election.timeout.max = 5200ms (fallback to raft.server.rpc.timeout.max)
2023-02-28 04:33:26,366 [grpc-default-executor-6] INFO  server.RaftServer$Division (RaftServerImpl.java:requestVote(1251)) - 78ee39fe-738f-4360-8617-136cda5f4ce0@group-E4F7E3FE802F replies to ELECTION vote request: 29422ebe-f196-450d-94bb-6e1d0bb3bd81<-78ee39fe-738f-4360-8617-136cda5f4ce0#0:OK-t1. Peer's state: 78ee39fe-738f-4360-8617-136cda5f4ce0@group-E4F7E3FE802F:t1, leader=null, voted=29422ebe-f196-450d-94bb-6e1d0bb3bd81, raftlog=Memoized:78ee39fe-738f-4360-8617-136cda5f4ce0@group-E4F7E3FE802F-SegmentedRaftLog:OPENED:c-1, conf=-1: peers:[78ee39fe-738f-4360-8617-136cda5f4ce0|rpc:10.1.0.42:42389|dataStream:10.1.0.42:32921|priority:0|startupRole:FOLLOWER, 63ce3e96-5e66-48af-ac7f-186cbfb55a60|rpc:10.1.0.42:33273|dataStream:10.1.0.42:39963|priority:0|startupRole:FOLLOWER, 29422ebe-f196-450d-94bb-6e1d0bb3bd81|rpc:10.1.0.42:33763|dataStream:10.1.0.42:41017|priority:1|startupRole:FOLLOWER]|listeners:[], old=null
2023-02-28 04:33:26,368 [29422ebe-f196-450d-94bb-6e1d0bb3bd81@group-E4F7E3FE802F-LeaderElection10] INFO  impl.LeaderElection (LeaderElection.java:logAndReturn(90)) - 29422ebe-f196-450d-94bb-6e1d0bb3bd81@group-E4F7E3FE802F-LeaderElection10: ELECTION PASSED received 1 response(s) and 0 exception(s):
2023-02-28 04:33:26,368 [29422ebe-f196-450d-94bb-6e1d0bb3bd81@group-E4F7E3FE802F-LeaderElection10] INFO  impl.LeaderElection (LeaderElection.java:logAndReturn(94)) -   Response 0: 29422ebe-f196-450d-94bb-6e1d0bb3bd81<-78ee39fe-738f-4360-8617-136cda5f4ce0#0:OK-t1
2023-02-28 04:33:26,368 [29422ebe-f196-450d-94bb-6e1d0bb3bd81@group-E4F7E3FE802F-LeaderElection10] INFO  impl.LeaderElection (LeaderElection.java:askForVotes(314)) - 29422ebe-f196-450d-94bb-6e1d0bb3bd81@group-E4F7E3FE802F-LeaderElection10 ELECTION round 0: result PASSED
2023-02-28 04:33:26,368 [29422ebe-f196-450d-94bb-6e1d0bb3bd81@group-E4F7E3FE802F-LeaderElection10] INFO  impl.RoleInfo (RoleInfo.java:shutdownLeaderElection(130)) - 29422ebe-f196-450d-94bb-6e1d0bb3bd81: shutdown 29422ebe-f196-450d-94bb-6e1d0bb3bd81@group-E4F7E3FE802F-LeaderElection10
2023-02-28 04:33:26,368 [29422ebe-f196-450d-94bb-6e1d0bb3bd81@group-E4F7E3FE802F-LeaderElection10] INFO  server.RaftServer$Division (RaftServerImpl.java:setRole(321)) - 29422ebe-f196-450d-94bb-6e1d0bb3bd81@group-E4F7E3FE802F: changes role from CANDIDATE to LEADER at term 1 for changeToLeader
2023-02-28 04:33:26,368 [29422ebe-f196-450d-94bb-6e1d0bb3bd81@group-E4F7E3FE802F-LeaderElection10] INFO  ratis.XceiverServerRatis (XceiverServerRatis.java:handleLeaderChangedNotification(905)) - Leader change notification received for group: group-E4F7E3FE802F with new leaderId: 29422ebe-f196-450d-94bb-6e1d0bb3bd81
2023-02-28 04:33:26,368 [29422ebe-f196-450d-94bb-6e1d0bb3bd81@group-E4F7E3FE802F-LeaderElection10] INFO  server.RaftServer$Division (ServerState.java:setLeader(313)) - 29422ebe-f196-450d-94bb-6e1d0bb3bd81@group-E4F7E3FE802F: change Leader from null to 29422ebe-f196-450d-94bb-6e1d0bb3bd81 at term 1 for becomeLeader, leader elected after 5118ms
2023-02-28 04:33:26,368 [29422ebe-f196-450d-94bb-6e1d0bb3bd81@group-E4F7E3FE802F-LeaderElection10] INFO  server.RaftServerConfigKeys (ConfUtils.java:logGet(46)) - raft.server.staging.catchup.gap = 1000 (default)
2023-02-28 04:33:26,368 [29422ebe-f196-450d-94bb-6e1d0bb3bd81@group-E4F7E3FE802F-LeaderElection10] INFO  server.RaftServerConfigKeys (ConfUtils.java:logGet(46)) - raft.server.write.element-limit = 1024 (custom)
2023-02-28 04:33:26,368 [29422ebe-f196-450d-94bb-6e1d0bb3bd81@group-E4F7E3FE802F-LeaderElection10] INFO  server.RaftServerConfigKeys (ConfUtils.java:logGet(46)) - raft.server.write.byte-limit = 1024 M (=1073741824) (custom)
2023-02-28 04:33:26,369 [29422ebe-f196-450d-94bb-6e1d0bb3bd81@group-E4F7E3FE802F-LeaderElection10] INFO  server.RaftServerConfigKeys (ConfUtils.java:logGet(46)) - raft.server.watch.timeout = 180s (custom)
2023-02-28 04:33:26,369 [29422ebe-f196-450d-94bb-6e1d0bb3bd81@group-E4F7E3FE802F-LeaderElection10] INFO  server.RaftServerConfigKeys (ConfUtils.java:logGet(46)) - raft.server.watch.timeout.denomination = 1s (default)
2023-02-28 04:33:26,369 [29422ebe-f196-450d-94bb-6e1d0bb3bd81@group-E4F7E3FE802F-LeaderElection10] INFO  server.RaftServerConfigKeys (ConfUtils.java:logGet(46)) - raft.server.watch.element-limit = 65536 (default)
2023-02-28 04:33:26,369 [29422ebe-f196-450d-94bb-6e1d0bb3bd81@group-E4F7E3FE802F-LeaderElection10] INFO  server.RaftServerConfigKeys (ConfUtils.java:logGet(46)) - raft.server.write.element-limit = 1024 (custom)
2023-02-28 04:33:26,369 [29422ebe-f196-450d-94bb-6e1d0bb3bd81@group-E4F7E3FE802F-LeaderElection10] INFO  server.RaftServerConfigKeys (ConfUtils.java:logGet(46)) - raft.server.write.follower.gap.ratio.max = -1.0 (default)
2023-02-28 04:33:26,369 [29422ebe-f196-450d-94bb-6e1d0bb3bd81@group-E4F7E3FE802F-LeaderElection10] INFO  server.RaftServerConfigKeys (ConfUtils.java:logGet(46)) - raft.server.log.appender.snapshot.chunk.size.max = 16MB (=16777216) (default)
2023-02-28 04:33:26,369 [29422ebe-f196-450d-94bb-6e1d0bb3bd81@group-E4F7E3FE802F-LeaderElection10] INFO  server.RaftServerConfigKeys (ConfUtils.java:logGet(46)) - raft.server.log.appender.buffer.byte-limit = 33554432 (custom)
2023-02-28 04:33:26,369 [29422ebe-f196-450d-94bb-6e1d0bb3bd81@group-E4F7E3FE802F-LeaderElection10] INFO  server.RaftServerConfigKeys (ConfUtils.java:logGet(46)) - raft.server.log.appender.buffer.element-limit = 1 (custom)
2023-02-28 04:33:26,369 [29422ebe-f196-450d-94bb-6e1d0bb3bd81@group-E4F7E3FE802F-LeaderElection10] INFO  grpc.GrpcConfigKeys (ConfUtils.java:logGet(46)) - raft.grpc.server.leader.outstanding.appends.max = 128 (default)
2023-02-28 04:33:26,369 [29422ebe-f196-450d-94bb-6e1d0bb3bd81@group-E4F7E3FE802F-LeaderElection10] INFO  server.RaftServerConfigKeys (ConfUtils.java:logGet(46)) - raft.server.rpc.request.timeout = 60s (custom)
2023-02-28 04:33:26,370 [29422ebe-f196-450d-94bb-6e1d0bb3bd81@group-E4F7E3FE802F-LeaderElection10] INFO  server.RaftServerConfigKeys (ConfUtils.java:logGet(46)) - raft.server.log.appender.install.snapshot.enabled = false (custom)
2023-02-28 04:33:26,370 [29422ebe-f196-450d-94bb-6e1d0bb3bd81@group-E4F7E3FE802F-LeaderElection10] INFO  grpc.GrpcConfigKeys (ConfUtils.java:logGet(46)) - raft.grpc.server.heartbeat.channel = true (default)
2023-02-28 04:33:26,370 [29422ebe-f196-450d-94bb-6e1d0bb3bd81@group-E4F7E3FE802F-LeaderElection10] INFO  server.RaftServerConfigKeys (ConfUtils.java:logGet(46)) - raft.server.log.appender.wait-time.min = 10ms (default)
2023-02-28 04:33:26,370 [29422ebe-f196-450d-94bb-6e1d0bb3bd81@group-E4F7E3FE802F-LeaderElection10] INFO  server.RaftServerConfigKeys (ConfUtils.java:logGet(46)) - raft.server.log.appender.snapshot.chunk.size.max = 16MB (=16777216) (default)
2023-02-28 04:33:26,370 [29422ebe-f196-450d-94bb-6e1d0bb3bd81@group-E4F7E3FE802F-LeaderElection10] INFO  server.RaftServerConfigKeys (ConfUtils.java:logGet(46)) - raft.server.log.appender.buffer.byte-limit = 33554432 (custom)
2023-02-28 04:33:26,370 [29422ebe-f196-450d-94bb-6e1d0bb3bd81@group-E4F7E3FE802F-LeaderElection10] INFO  server.RaftServerConfigKeys (ConfUtils.java:logGet(46)) - raft.server.log.appender.buffer.element-limit = 1 (custom)
2023-02-28 04:33:26,370 [29422ebe-f196-450d-94bb-6e1d0bb3bd81@group-E4F7E3FE802F-LeaderElection10] INFO  grpc.GrpcConfigKeys (ConfUtils.java:logGet(46)) - raft.grpc.server.leader.outstanding.appends.max = 128 (default)
2023-02-28 04:33:26,370 [29422ebe-f196-450d-94bb-6e1d0bb3bd81@group-E4F7E3FE802F-LeaderElection10] INFO  server.RaftServerConfigKeys (ConfUtils.java:logGet(46)) - raft.server.rpc.request.timeout = 60s (custom)
2023-02-28 04:33:26,370 [29422ebe-f196-450d-94bb-6e1d0bb3bd81@group-E4F7E3FE802F-LeaderElection10] INFO  server.RaftServerConfigKeys (ConfUtils.java:logGet(46)) - raft.server.log.appender.install.snapshot.enabled = false (custom)
2023-02-28 04:33:26,370 [29422ebe-f196-450d-94bb-6e1d0bb3bd81@group-E4F7E3FE802F-LeaderElection10] INFO  grpc.GrpcConfigKeys (ConfUtils.java:logGet(46)) - raft.grpc.server.heartbeat.channel = true (default)
2023-02-28 04:33:26,370 [29422ebe-f196-450d-94bb-6e1d0bb3bd81@group-E4F7E3FE802F-LeaderElection10] INFO  server.RaftServerConfigKeys (ConfUtils.java:logGet(46)) - raft.server.log.appender.wait-time.min = 10ms (default)
2023-02-28 04:33:26,371 [29422ebe-f196-450d-94bb-6e1d0bb3bd81@group-E4F7E3FE802F-LeaderElection10] INFO  impl.RoleInfo (RoleInfo.java:updateAndGet(139)) - 29422ebe-f196-450d-94bb-6e1d0bb3bd81: start 29422ebe-f196-450d-94bb-6e1d0bb3bd81@group-E4F7E3FE802F-LeaderStateImpl
2023-02-28 04:33:26,371 [29422ebe-f196-450d-94bb-6e1d0bb3bd81@group-E4F7E3FE802F-LeaderElection10] INFO  segmented.SegmentedRaftLogWorker (SegmentedRaftLogWorker.java:startLogSegment(452)) - 29422ebe-f196-450d-94bb-6e1d0bb3bd81@group-E4F7E3FE802F-SegmentedRaftLogWorker: Starting segment from index:0
2023-02-28 04:33:26,372 [grpc-default-executor-2] INFO  server.RaftServer$Division (RaftServerImpl.java:requestVote(1251)) - 63ce3e96-5e66-48af-ac7f-186cbfb55a60@group-E4F7E3FE802F replies to ELECTION vote request: 29422ebe-f196-450d-94bb-6e1d0bb3bd81<-63ce3e96-5e66-48af-ac7f-186cbfb55a60#0:OK-t1. Peer's state: 63ce3e96-5e66-48af-ac7f-186cbfb55a60@group-E4F7E3FE802F:t1, leader=null, voted=29422ebe-f196-450d-94bb-6e1d0bb3bd81, raftlog=Memoized:63ce3e96-5e66-48af-ac7f-186cbfb55a60@group-E4F7E3FE802F-SegmentedRaftLog:OPENED:c-1, conf=-1: peers:[78ee39fe-738f-4360-8617-136cda5f4ce0|rpc:10.1.0.42:42389|dataStream:10.1.0.42:32921|priority:0|startupRole:FOLLOWER, 63ce3e96-5e66-48af-ac7f-186cbfb55a60|rpc:10.1.0.42:33273|dataStream:10.1.0.42:39963|priority:0|startupRole:FOLLOWER, 29422ebe-f196-450d-94bb-6e1d0bb3bd81|rpc:10.1.0.42:33763|dataStream:10.1.0.42:41017|priority:1|startupRole:FOLLOWER]|listeners:[], old=null
2023-02-28 04:33:26,374 [EventQueue-PipelineReportForPipelineReportHandler] INFO  pipeline.PipelineManagerImpl (PipelineManagerImpl.java:openPipeline(367)) - Pipeline Pipeline[ Id: d95e4b00-96cc-4d8d-9b9d-e4f7e3fe802f, Nodes: 78ee39fe-738f-4360-8617-136cda5f4ce0(fv-az467-141/10.1.0.42)29422ebe-f196-450d-94bb-6e1d0bb3bd81(fv-az467-141/10.1.0.42)63ce3e96-5e66-48af-ac7f-186cbfb55a60(fv-az467-141/10.1.0.42), ReplicationConfig: RATIS/THREE, State:ALLOCATED, leaderId:29422ebe-f196-450d-94bb-6e1d0bb3bd81, CreationTimestamp2023-02-28T04:33:18.900Z[Etc/UTC]] moved to OPEN state
2023-02-28 04:33:26,375 [EventQueue-OpenPipelineForHealthyPipelineSafeModeRule] INFO  safemode.SCMSafeModeManager (HealthyPipelineSafeModeRule.java:process(137)) - SCM in safe mode. Healthy pipelines reported count is 1, required healthy pipeline reported count is 1
2023-02-28 04:33:26,377 [EventQueue-OpenPipelineForHealthyPipelineSafeModeRule] INFO  safemode.SCMSafeModeManager (SCMSafeModeManager.java:validateSafeModeExitRules(200)) - HealthyPipelineSafeModeRule rule is successfully validated
2023-02-28 04:33:26,377 [EventQueue-OpenPipelineForHealthyPipelineSafeModeRule] INFO  safemode.SCMSafeModeManager (SCMSafeModeManager.java:validateSafeModeExitRules(215)) - ScmSafeModeManager, all rules are successfully validated
2023-02-28 04:33:26,377 [EventQueue-OpenPipelineForHealthyPipelineSafeModeRule] INFO  safemode.SCMSafeModeManager (SCMSafeModeManager.java:exitSafeMode(244)) - SCM exiting safe mode.
2023-02-28 04:33:26,377 [EventQueue-OpenPipelineForHealthyPipelineSafeModeRule] INFO  ha.SCMContext (SCMContext.java:updateSafeModeStatus(228)) - Update SafeModeStatus from SafeModeStatus{safeModeStatus=true, preCheckPassed=true} to SafeModeStatus{safeModeStatus=false, preCheckPassed=true}.
2023-02-28 04:33:26,377 [EventQueue-OpenPipelineForHealthyPipelineSafeModeRule] INFO  pipeline.BackgroundPipelineCreator (BackgroundPipelineCreator.java:notifyStatusChanged(254)) - Service BackgroundPipelineCreator transitions to RUNNING.
2023-02-28 04:33:26,377 [EventQueue-OpenPipelineForHealthyPipelineSafeModeRule] INFO  BackgroundPipelineScrubber (BackgroundSCMService.java:notifyStatusChanged(82)) - Service BackgroundPipelineScrubber transitions to RUNNING.
2023-02-28 04:33:26,377 [EventQueue-OpenPipelineForHealthyPipelineSafeModeRule] INFO  ExpiredContainerReplicaOpScrubber (BackgroundSCMService.java:notifyStatusChanged(82)) - Service ExpiredContainerReplicaOpScrubber transitions to RUNNING.
2023-02-28 04:33:26,377 [EventQueue-OpenPipelineForHealthyPipelineSafeModeRule] INFO  replication.ReplicationManager (ReplicationManager.java:notifyStatusChanged(1084)) - Service ReplicationManager transitions to RUNNING.
2023-02-28 04:33:26,377 [EventQueue-OpenPipelineForHealthyPipelineSafeModeRule] WARN  balancer.ContainerBalancer (ContainerBalancer.java:shouldRun(131)) - Could not find persisted configuration for ContainerBalancer when checking if ContainerBalancer should run. ContainerBalancer should not run now.
2023-02-28 04:33:26,378 [29422ebe-f196-450d-94bb-6e1d0bb3bd81@group-E4F7E3FE802F-SegmentedRaftLogWorker] INFO  segmented.SegmentedRaftLogWorker (SegmentedRaftLogWorker.java:execute(656)) - 29422ebe-f196-450d-94bb-6e1d0bb3bd81@group-E4F7E3FE802F-SegmentedRaftLogWorker: created new log segment /home/runner/work/ozone/ozone/hadoop-ozone/integration-test/target/test-dir/MiniOzoneClusterImpl-2052965b-440d-4b09-b4b3-db311f243d80/datanode-0/data/ratis/d95e4b00-96cc-4d8d-9b9d-e4f7e3fe802f/current/log_inprogress_0
2023-02-28 04:33:26,399 [29422ebe-f196-450d-94bb-6e1d0bb3bd81@group-E4F7E3FE802F-LeaderElection10] INFO  server.RaftServer$Division (ServerState.java:setRaftConf(430)) - 29422ebe-f196-450d-94bb-6e1d0bb3bd81@group-E4F7E3FE802F: set configuration 0: peers:[78ee39fe-738f-4360-8617-136cda5f4ce0|rpc:10.1.0.42:42389|dataStream:10.1.0.42:32921|priority:0|startupRole:FOLLOWER, 63ce3e96-5e66-48af-ac7f-186cbfb55a60|rpc:10.1.0.42:33273|dataStream:10.1.0.42:39963|priority:0|startupRole:FOLLOWER, 29422ebe-f196-450d-94bb-6e1d0bb3bd81|rpc:10.1.0.42:33763|dataStream:10.1.0.42:41017|priority:1|startupRole:FOLLOWER]|listeners:[], old=null
2023-02-28 04:33:26,404 [78ee39fe-738f-4360-8617-136cda5f4ce0-server-thread1] INFO  ratis.XceiverServerRatis (XceiverServerRatis.java:handleLeaderChangedNotification(905)) - Leader change notification received for group: group-E4F7E3FE802F with new leaderId: 29422ebe-f196-450d-94bb-6e1d0bb3bd81
2023-02-28 04:33:26,405 [78ee39fe-738f-4360-8617-136cda5f4ce0-server-thread1] INFO  server.RaftServer$Division (ServerState.java:setLeader(313)) - 78ee39fe-738f-4360-8617-136cda5f4ce0@group-E4F7E3FE802F: change Leader from null to 29422ebe-f196-450d-94bb-6e1d0bb3bd81 at term 1 for appendEntries, leader elected after 5114ms
2023-02-28 04:33:26,408 [63ce3e96-5e66-48af-ac7f-186cbfb55a60-server-thread1] INFO  ratis.XceiverServerRatis (XceiverServerRatis.java:handleLeaderChangedNotification(905)) - Leader change notification received for group: group-E4F7E3FE802F with new leaderId: 29422ebe-f196-450d-94bb-6e1d0bb3bd81
2023-02-28 04:33:26,409 [63ce3e96-5e66-48af-ac7f-186cbfb55a60-server-thread1] INFO  server.RaftServer$Division (ServerState.java:setLeader(313)) - 63ce3e96-5e66-48af-ac7f-186cbfb55a60@group-E4F7E3FE802F: change Leader from null to 29422ebe-f196-450d-94bb-6e1d0bb3bd81 at term 1 for appendEntries, leader elected after 5085ms
2023-02-28 04:33:26,413 [63ce3e96-5e66-48af-ac7f-186cbfb55a60-server-thread2] INFO  server.RaftServer$Division (ServerState.java:setRaftConf(430)) - 63ce3e96-5e66-48af-ac7f-186cbfb55a60@group-E4F7E3FE802F: set configuration 0: peers:[78ee39fe-738f-4360-8617-136cda5f4ce0|rpc:10.1.0.42:42389|dataStream:10.1.0.42:32921|priority:0|startupRole:FOLLOWER, 63ce3e96-5e66-48af-ac7f-186cbfb55a60|rpc:10.1.0.42:33273|dataStream:10.1.0.42:39963|priority:0|startupRole:FOLLOWER, 29422ebe-f196-450d-94bb-6e1d0bb3bd81|rpc:10.1.0.42:33763|dataStream:10.1.0.42:41017|priority:1|startupRole:FOLLOWER]|listeners:[], old=null
2023-02-28 04:33:26,413 [63ce3e96-5e66-48af-ac7f-186cbfb55a60-server-thread2] INFO  segmented.SegmentedRaftLogWorker (SegmentedRaftLogWorker.java:startLogSegment(452)) - 63ce3e96-5e66-48af-ac7f-186cbfb55a60@group-E4F7E3FE802F-SegmentedRaftLogWorker: Starting segment from index:0
2023-02-28 04:33:26,413 [78ee39fe-738f-4360-8617-136cda5f4ce0-server-thread3] INFO  server.RaftServer$Division (ServerState.java:setRaftConf(430)) - 78ee39fe-738f-4360-8617-136cda5f4ce0@group-E4F7E3FE802F: set configuration 0: peers:[78ee39fe-738f-4360-8617-136cda5f4ce0|rpc:10.1.0.42:42389|dataStream:10.1.0.42:32921|priority:0|startupRole:FOLLOWER, 63ce3e96-5e66-48af-ac7f-186cbfb55a60|rpc:10.1.0.42:33273|dataStream:10.1.0.42:39963|priority:0|startupRole:FOLLOWER, 29422ebe-f196-450d-94bb-6e1d0bb3bd81|rpc:10.1.0.42:33763|dataStream:10.1.0.42:41017|priority:1|startupRole:FOLLOWER]|listeners:[], old=null
2023-02-28 04:33:26,415 [78ee39fe-738f-4360-8617-136cda5f4ce0-server-thread3] INFO  segmented.SegmentedRaftLogWorker (SegmentedRaftLogWorker.java:startLogSegment(452)) - 78ee39fe-738f-4360-8617-136cda5f4ce0@group-E4F7E3FE802F-SegmentedRaftLogWorker: Starting segment from index:0
2023-02-28 04:33:26,415 [63ce3e96-5e66-48af-ac7f-186cbfb55a60@group-E4F7E3FE802F-SegmentedRaftLogWorker] INFO  segmented.SegmentedRaftLogWorker (SegmentedRaftLogWorker.java:execute(656)) - 63ce3e96-5e66-48af-ac7f-186cbfb55a60@group-E4F7E3FE802F-SegmentedRaftLogWorker: created new log segment /home/runner/work/ozone/ozone/hadoop-ozone/integration-test/target/test-dir/MiniOzoneClusterImpl-2052965b-440d-4b09-b4b3-db311f243d80/datanode-2/data/ratis/d95e4b00-96cc-4d8d-9b9d-e4f7e3fe802f/current/log_inprogress_0
2023-02-28 04:33:26,418 [78ee39fe-738f-4360-8617-136cda5f4ce0@group-E4F7E3FE802F-SegmentedRaftLogWorker] INFO  segmented.SegmentedRaftLogWorker (SegmentedRaftLogWorker.java:execute(656)) - 78ee39fe-738f-4360-8617-136cda5f4ce0@group-E4F7E3FE802F-SegmentedRaftLogWorker: created new log segment /home/runner/work/ozone/ozone/hadoop-ozone/integration-test/target/test-dir/MiniOzoneClusterImpl-2052965b-440d-4b09-b4b3-db311f243d80/datanode-1/data/ratis/d95e4b00-96cc-4d8d-9b9d-e4f7e3fe802f/current/log_inprogress_0
2023-02-28 04:33:26,429 [29422ebe-f196-450d-94bb-6e1d0bb3bd81@group-568C69247F8F-FollowerState] INFO  impl.FollowerState (FollowerState.java:run(143)) - 29422ebe-f196-450d-94bb-6e1d0bb3bd81@group-568C69247F8F-FollowerState: change to CANDIDATE, lastRpcElapsedTime:5056338436ns, electionTimeout:5026ms
2023-02-28 04:33:26,429 [29422ebe-f196-450d-94bb-6e1d0bb3bd81@group-568C69247F8F-FollowerState] INFO  impl.RoleInfo (RoleInfo.java:shutdownFollowerState(110)) - 29422ebe-f196-450d-94bb-6e1d0bb3bd81: shutdown 29422ebe-f196-450d-94bb-6e1d0bb3bd81@group-568C69247F8F-FollowerState
2023-02-28 04:33:26,429 [29422ebe-f196-450d-94bb-6e1d0bb3bd81@group-568C69247F8F-FollowerState] INFO  server.RaftServer$Division (RaftServerImpl.java:setRole(321)) - 29422ebe-f196-450d-94bb-6e1d0bb3bd81@group-568C69247F8F: changes role from  FOLLOWER to CANDIDATE at term 0 for changeToCandidate
2023-02-28 04:33:26,429 [29422ebe-f196-450d-94bb-6e1d0bb3bd81@group-568C69247F8F-FollowerState] INFO  server.RaftServerConfigKeys (ConfUtils.java:logGet(46)) - raft.server.leaderelection.pre-vote = true (default)
2023-02-28 04:33:26,429 [29422ebe-f196-450d-94bb-6e1d0bb3bd81@group-568C69247F8F-FollowerState] INFO  impl.RoleInfo (RoleInfo.java:updateAndGet(139)) - 29422ebe-f196-450d-94bb-6e1d0bb3bd81: start 29422ebe-f196-450d-94bb-6e1d0bb3bd81@group-568C69247F8F-LeaderElection11
2023-02-28 04:33:26,441 [29422ebe-f196-450d-94bb-6e1d0bb3bd81@group-568C69247F8F-LeaderElection11] INFO  impl.LeaderElection (LeaderElection.java:askForVotes(312)) - 29422ebe-f196-450d-94bb-6e1d0bb3bd81@group-568C69247F8F-LeaderElection11 PRE_VOTE round 0: submit vote requests at term 0 for -1: peers:[78ee39fe-738f-4360-8617-136cda5f4ce0|rpc:10.1.0.42:42389|dataStream:10.1.0.42:32921|priority:0|startupRole:FOLLOWER, 63ce3e96-5e66-48af-ac7f-186cbfb55a60|rpc:10.1.0.42:33273|dataStream:10.1.0.42:39963|priority:1|startupRole:FOLLOWER, 29422ebe-f196-450d-94bb-6e1d0bb3bd81|rpc:10.1.0.42:33763|dataStream:10.1.0.42:41017|priority:0|startupRole:FOLLOWER]|listeners:[], old=null
2023-02-28 04:33:26,442 [29422ebe-f196-450d-94bb-6e1d0bb3bd81@group-568C69247F8F-LeaderElection11] INFO  server.RaftServerConfigKeys (ConfUtils.java:logFallback(53)) - raft.server.rpc.first-election.timeout.min = 5s (fallback to raft.server.rpc.timeout.min)
2023-02-28 04:33:26,442 [29422ebe-f196-450d-94bb-6e1d0bb3bd81@group-568C69247F8F-LeaderElection11] INFO  server.RaftServerConfigKeys (ConfUtils.java:logFallback(53)) - raft.server.rpc.first-election.timeout.max = 5200ms (fallback to raft.server.rpc.timeout.max)
2023-02-28 04:33:26,443 [grpc-default-executor-6] INFO  server.RaftServer$Division (RaftServerImpl.java:requestVote(1218)) - 78ee39fe-738f-4360-8617-136cda5f4ce0@group-568C69247F8F: receive requestVote(PRE_VOTE, 29422ebe-f196-450d-94bb-6e1d0bb3bd81, group-568C69247F8F, 0, (t:0, i:0))
2023-02-28 04:33:26,451 [grpc-default-executor-6] INFO  impl.VoteContext (VoteContext.java:log(49)) - 78ee39fe-738f-4360-8617-136cda5f4ce0@group-568C69247F8F-FOLLOWER: accept PRE_VOTE from 29422ebe-f196-450d-94bb-6e1d0bb3bd81: our priority 0 <= candidate's priority 0
2023-02-28 04:33:26,452 [grpc-default-executor-6] INFO  server.RaftServer$Division (RaftServerImpl.java:requestVote(1251)) - 78ee39fe-738f-4360-8617-136cda5f4ce0@group-568C69247F8F replies to PRE_VOTE vote request: 29422ebe-f196-450d-94bb-6e1d0bb3bd81<-78ee39fe-738f-4360-8617-136cda5f4ce0#0:OK-t0. Peer's state: 78ee39fe-738f-4360-8617-136cda5f4ce0@group-568C69247F8F:t0, leader=null, voted=, raftlog=Memoized:78ee39fe-738f-4360-8617-136cda5f4ce0@group-568C69247F8F-SegmentedRaftLog:OPENED:c-1, conf=-1: peers:[78ee39fe-738f-4360-8617-136cda5f4ce0|rpc:10.1.0.42:42389|dataStream:10.1.0.42:32921|priority:0|startupRole:FOLLOWER, 63ce3e96-5e66-48af-ac7f-186cbfb55a60|rpc:10.1.0.42:33273|dataStream:10.1.0.42:39963|priority:1|startupRole:FOLLOWER, 29422ebe-f196-450d-94bb-6e1d0bb3bd81|rpc:10.1.0.42:33763|dataStream:10.1.0.42:41017|priority:0|startupRole:FOLLOWER]|listeners:[], old=null
2023-02-28 04:33:26,455 [grpc-default-executor-6] INFO  server.RaftServer$Division (RaftServerImpl.java:requestVote(1218)) - 63ce3e96-5e66-48af-ac7f-186cbfb55a60@group-568C69247F8F: receive requestVote(PRE_VOTE, 29422ebe-f196-450d-94bb-6e1d0bb3bd81, group-568C69247F8F, 0, (t:0, i:0))
2023-02-28 04:33:26,455 [grpc-default-executor-6] INFO  impl.VoteContext (VoteContext.java:log(49)) - 63ce3e96-5e66-48af-ac7f-186cbfb55a60@group-568C69247F8F-FOLLOWER: reject PRE_VOTE from 29422ebe-f196-450d-94bb-6e1d0bb3bd81: our priority 1 > candidate's priority 0
2023-02-28 04:33:26,455 [grpc-default-executor-6] INFO  server.RaftServer$Division (RaftServerImpl.java:requestVote(1251)) - 63ce3e96-5e66-48af-ac7f-186cbfb55a60@group-568C69247F8F replies to PRE_VOTE vote request: 29422ebe-f196-450d-94bb-6e1d0bb3bd81<-63ce3e96-5e66-48af-ac7f-186cbfb55a60#0:FAIL-t0. Peer's state: 63ce3e96-5e66-48af-ac7f-186cbfb55a60@group-568C69247F8F:t0, leader=null, voted=, raftlog=Memoized:63ce3e96-5e66-48af-ac7f-186cbfb55a60@group-568C69247F8F-SegmentedRaftLog:OPENED:c-1, conf=-1: peers:[78ee39fe-738f-4360-8617-136cda5f4ce0|rpc:10.1.0.42:42389|dataStream:10.1.0.42:32921|priority:0|startupRole:FOLLOWER, 63ce3e96-5e66-48af-ac7f-186cbfb55a60|rpc:10.1.0.42:33273|dataStream:10.1.0.42:39963|priority:1|startupRole:FOLLOWER, 29422ebe-f196-450d-94bb-6e1d0bb3bd81|rpc:10.1.0.42:33763|dataStream:10.1.0.42:41017|priority:0|startupRole:FOLLOWER]|listeners:[], old=null
2023-02-28 04:33:26,456 [29422ebe-f196-450d-94bb-6e1d0bb3bd81@group-568C69247F8F-LeaderElection11] INFO  impl.LeaderElection (LeaderElection.java:logAndReturn(90)) - 29422ebe-f196-450d-94bb-6e1d0bb3bd81@group-568C69247F8F-LeaderElection11: PRE_VOTE REJECTED received 2 response(s) and 0 exception(s):
2023-02-28 04:33:26,457 [29422ebe-f196-450d-94bb-6e1d0bb3bd81@group-568C69247F8F-LeaderElection11] INFO  impl.LeaderElection (LeaderElection.java:logAndReturn(94)) -   Response 0: 29422ebe-f196-450d-94bb-6e1d0bb3bd81<-78ee39fe-738f-4360-8617-136cda5f4ce0#0:OK-t0
2023-02-28 04:33:26,457 [29422ebe-f196-450d-94bb-6e1d0bb3bd81@group-568C69247F8F-LeaderElection11] INFO  impl.LeaderElection (LeaderElection.java:logAndReturn(94)) -   Response 1: 29422ebe-f196-450d-94bb-6e1d0bb3bd81<-63ce3e96-5e66-48af-ac7f-186cbfb55a60#0:FAIL-t0
2023-02-28 04:33:26,457 [29422ebe-f196-450d-94bb-6e1d0bb3bd81@group-568C69247F8F-LeaderElection11] INFO  impl.LeaderElection (LeaderElection.java:askForVotes(314)) - 29422ebe-f196-450d-94bb-6e1d0bb3bd81@group-568C69247F8F-LeaderElection11 PRE_VOTE round 0: result REJECTED
2023-02-28 04:33:26,457 [29422ebe-f196-450d-94bb-6e1d0bb3bd81@group-568C69247F8F-LeaderElection11] INFO  server.RaftServer$Division (RaftServerImpl.java:setRole(321)) - 29422ebe-f196-450d-94bb-6e1d0bb3bd81@group-568C69247F8F: changes role from CANDIDATE to FOLLOWER at term 0 for REJECTED
2023-02-28 04:33:26,457 [29422ebe-f196-450d-94bb-6e1d0bb3bd81@group-568C69247F8F-LeaderElection11] INFO  impl.RoleInfo (RoleInfo.java:shutdownLeaderElection(130)) - 29422ebe-f196-450d-94bb-6e1d0bb3bd81: shutdown 29422ebe-f196-450d-94bb-6e1d0bb3bd81@group-568C69247F8F-LeaderElection11
2023-02-28 04:33:26,457 [29422ebe-f196-450d-94bb-6e1d0bb3bd81@group-568C69247F8F-LeaderElection11] INFO  impl.RoleInfo (RoleInfo.java:updateAndGet(139)) - 29422ebe-f196-450d-94bb-6e1d0bb3bd81: start 29422ebe-f196-450d-94bb-6e1d0bb3bd81@group-568C69247F8F-FollowerState
2023-02-28 04:33:26,464 [29422ebe-f196-450d-94bb-6e1d0bb3bd81@group-568C69247F8F-FollowerState] INFO  server.RaftServerConfigKeys (ConfUtils.java:logFallback(53)) - raft.server.rpc.first-election.timeout.min = 5s (fallback to raft.server.rpc.timeout.min)
2023-02-28 04:33:26,465 [29422ebe-f196-450d-94bb-6e1d0bb3bd81@group-568C69247F8F-FollowerState] INFO  server.RaftServerConfigKeys (ConfUtils.java:logFallback(53)) - raft.server.rpc.first-election.timeout.max = 5200ms (fallback to raft.server.rpc.timeout.max)
2023-02-28 04:33:26,485 [78ee39fe-738f-4360-8617-136cda5f4ce0@group-568C69247F8F-FollowerState] INFO  server.RaftServerConfigKeys (ConfUtils.java:logFallback(53)) - raft.server.rpc.first-election.timeout.min = 5s (fallback to raft.server.rpc.timeout.min)
2023-02-28 04:33:26,485 [78ee39fe-738f-4360-8617-136cda5f4ce0@group-568C69247F8F-FollowerState] INFO  server.RaftServerConfigKeys (ConfUtils.java:logFallback(53)) - raft.server.rpc.first-election.timeout.max = 5200ms (fallback to raft.server.rpc.timeout.max)
2023-02-28 04:33:26,601 [78ee39fe-738f-4360-8617-136cda5f4ce0@group-72A5CCC7F5D2-FollowerState] INFO  impl.FollowerState (FollowerState.java:run(143)) - 78ee39fe-738f-4360-8617-136cda5f4ce0@group-72A5CCC7F5D2-FollowerState: change to CANDIDATE, lastRpcElapsedTime:5035059230ns, electionTimeout:5034ms
2023-02-28 04:33:26,602 [78ee39fe-738f-4360-8617-136cda5f4ce0@group-72A5CCC7F5D2-FollowerState] INFO  impl.RoleInfo (RoleInfo.java:shutdownFollowerState(110)) - 78ee39fe-738f-4360-8617-136cda5f4ce0: shutdown 78ee39fe-738f-4360-8617-136cda5f4ce0@group-72A5CCC7F5D2-FollowerState
2023-02-28 04:33:26,602 [78ee39fe-738f-4360-8617-136cda5f4ce0@group-72A5CCC7F5D2-FollowerState] INFO  server.RaftServer$Division (RaftServerImpl.java:setRole(321)) - 78ee39fe-738f-4360-8617-136cda5f4ce0@group-72A5CCC7F5D2: changes role from  FOLLOWER to CANDIDATE at term 0 for changeToCandidate
2023-02-28 04:33:26,602 [78ee39fe-738f-4360-8617-136cda5f4ce0@group-72A5CCC7F5D2-FollowerState] INFO  server.RaftServerConfigKeys (ConfUtils.java:logGet(46)) - raft.server.leaderelection.pre-vote = true (default)
2023-02-28 04:33:26,602 [78ee39fe-738f-4360-8617-136cda5f4ce0@group-72A5CCC7F5D2-FollowerState] INFO  impl.RoleInfo (RoleInfo.java:updateAndGet(139)) - 78ee39fe-738f-4360-8617-136cda5f4ce0: start 78ee39fe-738f-4360-8617-136cda5f4ce0@group-72A5CCC7F5D2-LeaderElection12
2023-02-28 04:33:26,604 [78ee39fe-738f-4360-8617-136cda5f4ce0@group-72A5CCC7F5D2-LeaderElection12] INFO  impl.LeaderElection (LeaderElection.java:askForVotes(312)) - 78ee39fe-738f-4360-8617-136cda5f4ce0@group-72A5CCC7F5D2-LeaderElection12 PRE_VOTE round 0: submit vote requests at term 0 for -1: peers:[78ee39fe-738f-4360-8617-136cda5f4ce0|rpc:10.1.0.42:42389|dataStream:10.1.0.42:32921|priority:1|startupRole:FOLLOWER]|listeners:[], old=null
2023-02-28 04:33:26,604 [78ee39fe-738f-4360-8617-136cda5f4ce0@group-72A5CCC7F5D2-LeaderElection12] INFO  impl.LeaderElection (LeaderElection.java:askForVotes(314)) - 78ee39fe-738f-4360-8617-136cda5f4ce0@group-72A5CCC7F5D2-LeaderElection12 PRE_VOTE round 0: result PASSED (term=0)
2023-02-28 04:33:26,605 [78ee39fe-738f-4360-8617-136cda5f4ce0@group-72A5CCC7F5D2-LeaderElection12] INFO  impl.LeaderElection (LeaderElection.java:askForVotes(312)) - 78ee39fe-738f-4360-8617-136cda5f4ce0@group-72A5CCC7F5D2-LeaderElection12 ELECTION round 0: submit vote requests at term 1 for -1: peers:[78ee39fe-738f-4360-8617-136cda5f4ce0|rpc:10.1.0.42:42389|dataStream:10.1.0.42:32921|priority:1|startupRole:FOLLOWER]|listeners:[], old=null
2023-02-28 04:33:26,605 [78ee39fe-738f-4360-8617-136cda5f4ce0@group-72A5CCC7F5D2-LeaderElection12] INFO  impl.LeaderElection (LeaderElection.java:askForVotes(314)) - 78ee39fe-738f-4360-8617-136cda5f4ce0@group-72A5CCC7F5D2-LeaderElection12 ELECTION round 0: result PASSED (term=1)
2023-02-28 04:33:26,605 [78ee39fe-738f-4360-8617-136cda5f4ce0@group-72A5CCC7F5D2-LeaderElection12] INFO  impl.RoleInfo (RoleInfo.java:shutdownLeaderElection(130)) - 78ee39fe-738f-4360-8617-136cda5f4ce0: shutdown 78ee39fe-738f-4360-8617-136cda5f4ce0@group-72A5CCC7F5D2-LeaderElection12
2023-02-28 04:33:26,605 [78ee39fe-738f-4360-8617-136cda5f4ce0@group-72A5CCC7F5D2-LeaderElection12] INFO  server.RaftServer$Division (RaftServerImpl.java:setRole(321)) - 78ee39fe-738f-4360-8617-136cda5f4ce0@group-72A5CCC7F5D2: changes role from CANDIDATE to LEADER at term 1 for changeToLeader
2023-02-28 04:33:26,605 [78ee39fe-738f-4360-8617-136cda5f4ce0@group-72A5CCC7F5D2-LeaderElection12] INFO  ratis.XceiverServerRatis (XceiverServerRatis.java:handleLeaderChangedNotification(905)) - Leader change notification received for group: group-72A5CCC7F5D2 with new leaderId: 78ee39fe-738f-4360-8617-136cda5f4ce0
2023-02-28 04:33:26,605 [78ee39fe-738f-4360-8617-136cda5f4ce0@group-72A5CCC7F5D2-LeaderElection12] INFO  server.RaftServer$Division (ServerState.java:setLeader(313)) - 78ee39fe-738f-4360-8617-136cda5f4ce0@group-72A5CCC7F5D2: change Leader from null to 78ee39fe-738f-4360-8617-136cda5f4ce0 at term 1 for becomeLeader, leader elected after 5050ms
2023-02-28 04:33:26,605 [78ee39fe-738f-4360-8617-136cda5f4ce0@group-72A5CCC7F5D2-LeaderElection12] INFO  server.RaftServerConfigKeys (ConfUtils.java:logGet(46)) - raft.server.staging.catchup.gap = 1000 (default)
2023-02-28 04:33:26,605 [78ee39fe-738f-4360-8617-136cda5f4ce0@group-72A5CCC7F5D2-LeaderElection12] INFO  server.RaftServerConfigKeys (ConfUtils.java:logGet(46)) - raft.server.write.element-limit = 1024 (custom)
2023-02-28 04:33:26,605 [78ee39fe-738f-4360-8617-136cda5f4ce0@group-72A5CCC7F5D2-LeaderElection12] INFO  server.RaftServerConfigKeys (ConfUtils.java:logGet(46)) - raft.server.write.byte-limit = 1024 M (=1073741824) (custom)
2023-02-28 04:33:26,606 [78ee39fe-738f-4360-8617-136cda5f4ce0@group-72A5CCC7F5D2-LeaderElection12] INFO  server.RaftServerConfigKeys (ConfUtils.java:logGet(46)) - raft.server.watch.timeout = 180s (custom)
2023-02-28 04:33:26,606 [78ee39fe-738f-4360-8617-136cda5f4ce0@group-72A5CCC7F5D2-LeaderElection12] INFO  server.RaftServerConfigKeys (ConfUtils.java:logGet(46)) - raft.server.watch.timeout.denomination = 1s (default)
2023-02-28 04:33:26,606 [78ee39fe-738f-4360-8617-136cda5f4ce0@group-72A5CCC7F5D2-LeaderElection12] INFO  server.RaftServerConfigKeys (ConfUtils.java:logGet(46)) - raft.server.watch.element-limit = 65536 (default)
2023-02-28 04:33:26,606 [78ee39fe-738f-4360-8617-136cda5f4ce0@group-72A5CCC7F5D2-LeaderElection12] INFO  server.RaftServerConfigKeys (ConfUtils.java:logGet(46)) - raft.server.write.element-limit = 1024 (custom)
2023-02-28 04:33:26,606 [78ee39fe-738f-4360-8617-136cda5f4ce0@group-72A5CCC7F5D2-LeaderElection12] INFO  server.RaftServerConfigKeys (ConfUtils.java:logGet(46)) - raft.server.write.follower.gap.ratio.max = -1.0 (default)
2023-02-28 04:33:26,606 [78ee39fe-738f-4360-8617-136cda5f4ce0@group-72A5CCC7F5D2-LeaderElection12] INFO  impl.RoleInfo (RoleInfo.java:updateAndGet(139)) - 78ee39fe-738f-4360-8617-136cda5f4ce0: start 78ee39fe-738f-4360-8617-136cda5f4ce0@group-72A5CCC7F5D2-LeaderStateImpl
2023-02-28 04:33:26,606 [78ee39fe-738f-4360-8617-136cda5f4ce0@group-72A5CCC7F5D2-LeaderElection12] INFO  segmented.SegmentedRaftLogWorker (SegmentedRaftLogWorker.java:startLogSegment(452)) - 78ee39fe-738f-4360-8617-136cda5f4ce0@group-72A5CCC7F5D2-SegmentedRaftLogWorker: Starting segment from index:0
2023-02-28 04:33:26,609 [78ee39fe-738f-4360-8617-136cda5f4ce0@group-72A5CCC7F5D2-LeaderElection12] INFO  server.RaftServer$Division (ServerState.java:setRaftConf(430)) - 78ee39fe-738f-4360-8617-136cda5f4ce0@group-72A5CCC7F5D2: set configuration 0: peers:[78ee39fe-738f-4360-8617-136cda5f4ce0|rpc:10.1.0.42:42389|dataStream:10.1.0.42:32921|priority:1|startupRole:FOLLOWER]|listeners:[], old=null
2023-02-28 04:33:26,609 [78ee39fe-738f-4360-8617-136cda5f4ce0@group-72A5CCC7F5D2-SegmentedRaftLogWorker] INFO  segmented.SegmentedRaftLogWorker (SegmentedRaftLogWorker.java:execute(656)) - 78ee39fe-738f-4360-8617-136cda5f4ce0@group-72A5CCC7F5D2-SegmentedRaftLogWorker: created new log segment /home/runner/work/ozone/ozone/hadoop-ozone/integration-test/target/test-dir/MiniOzoneClusterImpl-2052965b-440d-4b09-b4b3-db311f243d80/datanode-1/data/ratis/de690dc8-ca8b-4437-81a0-72a5ccc7f5d2/current/log_inprogress_0
2023-02-28 04:33:26,616 [63ce3e96-5e66-48af-ac7f-186cbfb55a60@group-568C69247F8F-FollowerState] INFO  impl.FollowerState (FollowerState.java:run(143)) - 63ce3e96-5e66-48af-ac7f-186cbfb55a60@group-568C69247F8F-FollowerState: change to CANDIDATE, lastRpcElapsedTime:5201676384ns, electionTimeout:5199ms
2023-02-28 04:33:26,617 [63ce3e96-5e66-48af-ac7f-186cbfb55a60@group-568C69247F8F-FollowerState] INFO  impl.RoleInfo (RoleInfo.java:shutdownFollowerState(110)) - 63ce3e96-5e66-48af-ac7f-186cbfb55a60: shutdown 63ce3e96-5e66-48af-ac7f-186cbfb55a60@group-568C69247F8F-FollowerState
2023-02-28 04:33:26,617 [63ce3e96-5e66-48af-ac7f-186cbfb55a60@group-568C69247F8F-FollowerState] INFO  server.RaftServer$Division (RaftServerImpl.java:setRole(321)) - 63ce3e96-5e66-48af-ac7f-186cbfb55a60@group-568C69247F8F: changes role from  FOLLOWER to CANDIDATE at term 0 for changeToCandidate
2023-02-28 04:33:26,617 [63ce3e96-5e66-48af-ac7f-186cbfb55a60@group-568C69247F8F-FollowerState] INFO  server.RaftServerConfigKeys (ConfUtils.java:logGet(46)) - raft.server.leaderelection.pre-vote = true (default)
2023-02-28 04:33:26,617 [63ce3e96-5e66-48af-ac7f-186cbfb55a60@group-568C69247F8F-FollowerState] INFO  impl.RoleInfo (RoleInfo.java:updateAndGet(139)) - 63ce3e96-5e66-48af-ac7f-186cbfb55a60: start 63ce3e96-5e66-48af-ac7f-186cbfb55a60@group-568C69247F8F-LeaderElection13
2023-02-28 04:33:26,622 [63ce3e96-5e66-48af-ac7f-186cbfb55a60@group-568C69247F8F-LeaderElection13] INFO  impl.LeaderElection (LeaderElection.java:askForVotes(312)) - 63ce3e96-5e66-48af-ac7f-186cbfb55a60@group-568C69247F8F-LeaderElection13 PRE_VOTE round 0: submit vote requests at term 0 for -1: peers:[78ee39fe-738f-4360-8617-136cda5f4ce0|rpc:10.1.0.42:42389|dataStream:10.1.0.42:32921|priority:0|startupRole:FOLLOWER, 63ce3e96-5e66-48af-ac7f-186cbfb55a60|rpc:10.1.0.42:33273|dataStream:10.1.0.42:39963|priority:1|startupRole:FOLLOWER, 29422ebe-f196-450d-94bb-6e1d0bb3bd81|rpc:10.1.0.42:33763|dataStream:10.1.0.42:41017|priority:0|startupRole:FOLLOWER]|listeners:[], old=null
2023-02-28 04:33:26,622 [63ce3e96-5e66-48af-ac7f-186cbfb55a60@group-568C69247F8F-LeaderElection13-1] INFO  server.GrpcServerProtocolClient (GrpcServerProtocolClient.java:<init>(63)) - Build channel for 78ee39fe-738f-4360-8617-136cda5f4ce0
2023-02-28 04:33:26,631 [63ce3e96-5e66-48af-ac7f-186cbfb55a60@group-568C69247F8F-LeaderElection13] INFO  server.RaftServerConfigKeys (ConfUtils.java:logFallback(53)) - raft.server.rpc.first-election.timeout.min = 5s (fallback to raft.server.rpc.timeout.min)
2023-02-28 04:33:26,633 [63ce3e96-5e66-48af-ac7f-186cbfb55a60@group-568C69247F8F-LeaderElection13] INFO  server.RaftServerConfigKeys (ConfUtils.java:logFallback(53)) - raft.server.rpc.first-election.timeout.max = 5200ms (fallback to raft.server.rpc.timeout.max)
2023-02-28 04:33:26,634 [63ce3e96-5e66-48af-ac7f-186cbfb55a60@group-568C69247F8F-LeaderElection13-2] INFO  server.GrpcServerProtocolClient (GrpcServerProtocolClient.java:<init>(63)) - Build channel for 29422ebe-f196-450d-94bb-6e1d0bb3bd81
2023-02-28 04:33:26,639 [grpc-default-executor-6] INFO  server.RaftServer$Division (RaftServerImpl.java:requestVote(1218)) - 78ee39fe-738f-4360-8617-136cda5f4ce0@group-568C69247F8F: receive requestVote(PRE_VOTE, 63ce3e96-5e66-48af-ac7f-186cbfb55a60, group-568C69247F8F, 0, (t:0, i:0))
2023-02-28 04:33:26,639 [grpc-default-executor-6] INFO  impl.VoteContext (VoteContext.java:log(49)) - 78ee39fe-738f-4360-8617-136cda5f4ce0@group-568C69247F8F-FOLLOWER: accept PRE_VOTE from 63ce3e96-5e66-48af-ac7f-186cbfb55a60: our priority 0 <= candidate's priority 1
2023-02-28 04:33:26,639 [grpc-default-executor-6] INFO  server.RaftServer$Division (RaftServerImpl.java:requestVote(1251)) - 78ee39fe-738f-4360-8617-136cda5f4ce0@group-568C69247F8F replies to PRE_VOTE vote request: 63ce3e96-5e66-48af-ac7f-186cbfb55a60<-78ee39fe-738f-4360-8617-136cda5f4ce0#0:OK-t0. Peer's state: 78ee39fe-738f-4360-8617-136cda5f4ce0@group-568C69247F8F:t0, leader=null, voted=, raftlog=Memoized:78ee39fe-738f-4360-8617-136cda5f4ce0@group-568C69247F8F-SegmentedRaftLog:OPENED:c-1, conf=-1: peers:[78ee39fe-738f-4360-8617-136cda5f4ce0|rpc:10.1.0.42:42389|dataStream:10.1.0.42:32921|priority:0|startupRole:FOLLOWER, 63ce3e96-5e66-48af-ac7f-186cbfb55a60|rpc:10.1.0.42:33273|dataStream:10.1.0.42:39963|priority:1|startupRole:FOLLOWER, 29422ebe-f196-450d-94bb-6e1d0bb3bd81|rpc:10.1.0.42:33763|dataStream:10.1.0.42:41017|priority:0|startupRole:FOLLOWER]|listeners:[], old=null
2023-02-28 04:33:26,643 [grpc-default-executor-6] INFO  server.RaftServer$Division (RaftServerImpl.java:requestVote(1218)) - 29422ebe-f196-450d-94bb-6e1d0bb3bd81@group-568C69247F8F: receive requestVote(PRE_VOTE, 63ce3e96-5e66-48af-ac7f-186cbfb55a60, group-568C69247F8F, 0, (t:0, i:0))
2023-02-28 04:33:26,643 [grpc-default-executor-6] INFO  impl.VoteContext (VoteContext.java:log(49)) - 29422ebe-f196-450d-94bb-6e1d0bb3bd81@group-568C69247F8F-FOLLOWER: accept PRE_VOTE from 63ce3e96-5e66-48af-ac7f-186cbfb55a60: our priority 0 <= candidate's priority 1
2023-02-28 04:33:26,643 [grpc-default-executor-6] INFO  server.RaftServer$Division (RaftServerImpl.java:requestVote(1251)) - 29422ebe-f196-450d-94bb-6e1d0bb3bd81@group-568C69247F8F replies to PRE_VOTE vote request: 63ce3e96-5e66-48af-ac7f-186cbfb55a60<-29422ebe-f196-450d-94bb-6e1d0bb3bd81#0:OK-t0. Peer's state: 29422ebe-f196-450d-94bb-6e1d0bb3bd81@group-568C69247F8F:t0, leader=null, voted=, raftlog=Memoized:29422ebe-f196-450d-94bb-6e1d0bb3bd81@group-568C69247F8F-SegmentedRaftLog:OPENED:c-1, conf=-1: peers:[78ee39fe-738f-4360-8617-136cda5f4ce0|rpc:10.1.0.42:42389|dataStream:10.1.0.42:32921|priority:0|startupRole:FOLLOWER, 63ce3e96-5e66-48af-ac7f-186cbfb55a60|rpc:10.1.0.42:33273|dataStream:10.1.0.42:39963|priority:1|startupRole:FOLLOWER, 29422ebe-f196-450d-94bb-6e1d0bb3bd81|rpc:10.1.0.42:33763|dataStream:10.1.0.42:41017|priority:0|startupRole:FOLLOWER]|listeners:[], old=null
2023-02-28 04:33:26,643 [63ce3e96-5e66-48af-ac7f-186cbfb55a60@group-568C69247F8F-LeaderElection13] INFO  impl.LeaderElection (LeaderElection.java:logAndReturn(90)) - 63ce3e96-5e66-48af-ac7f-186cbfb55a60@group-568C69247F8F-LeaderElection13: PRE_VOTE PASSED received 1 response(s) and 0 exception(s):
2023-02-28 04:33:26,644 [63ce3e96-5e66-48af-ac7f-186cbfb55a60@group-568C69247F8F-LeaderElection13] INFO  impl.LeaderElection (LeaderElection.java:logAndReturn(94)) -   Response 0: 63ce3e96-5e66-48af-ac7f-186cbfb55a60<-78ee39fe-738f-4360-8617-136cda5f4ce0#0:OK-t0
2023-02-28 04:33:26,644 [63ce3e96-5e66-48af-ac7f-186cbfb55a60@group-568C69247F8F-LeaderElection13] INFO  impl.LeaderElection (LeaderElection.java:askForVotes(314)) - 63ce3e96-5e66-48af-ac7f-186cbfb55a60@group-568C69247F8F-LeaderElection13 PRE_VOTE round 0: result PASSED
2023-02-28 04:33:26,646 [63ce3e96-5e66-48af-ac7f-186cbfb55a60@group-568C69247F8F-LeaderElection13] INFO  impl.LeaderElection (LeaderElection.java:askForVotes(312)) - 63ce3e96-5e66-48af-ac7f-186cbfb55a60@group-568C69247F8F-LeaderElection13 ELECTION round 0: submit vote requests at term 1 for -1: peers:[78ee39fe-738f-4360-8617-136cda5f4ce0|rpc:10.1.0.42:42389|dataStream:10.1.0.42:32921|priority:0|startupRole:FOLLOWER, 63ce3e96-5e66-48af-ac7f-186cbfb55a60|rpc:10.1.0.42:33273|dataStream:10.1.0.42:39963|priority:1|startupRole:FOLLOWER, 29422ebe-f196-450d-94bb-6e1d0bb3bd81|rpc:10.1.0.42:33763|dataStream:10.1.0.42:41017|priority:0|startupRole:FOLLOWER]|listeners:[], old=null
2023-02-28 04:33:26,646 [63ce3e96-5e66-48af-ac7f-186cbfb55a60@group-568C69247F8F-LeaderElection13] INFO  server.RaftServerConfigKeys (ConfUtils.java:logFallback(53)) - raft.server.rpc.first-election.timeout.min = 5s (fallback to raft.server.rpc.timeout.min)
2023-02-28 04:33:26,646 [63ce3e96-5e66-48af-ac7f-186cbfb55a60@group-568C69247F8F-LeaderElection13] INFO  server.RaftServerConfigKeys (ConfUtils.java:logFallback(53)) - raft.server.rpc.first-election.timeout.max = 5200ms (fallback to raft.server.rpc.timeout.max)
2023-02-28 04:33:26,647 [grpc-default-executor-6] INFO  server.RaftServer$Division (RaftServerImpl.java:requestVote(1218)) - 78ee39fe-738f-4360-8617-136cda5f4ce0@group-568C69247F8F: receive requestVote(ELECTION, 63ce3e96-5e66-48af-ac7f-186cbfb55a60, group-568C69247F8F, 1, (t:0, i:0))
2023-02-28 04:33:26,648 [grpc-default-executor-6] INFO  impl.VoteContext (VoteContext.java:log(49)) - 78ee39fe-738f-4360-8617-136cda5f4ce0@group-568C69247F8F-FOLLOWER: accept ELECTION from 63ce3e96-5e66-48af-ac7f-186cbfb55a60: our priority 0 <= candidate's priority 1
2023-02-28 04:33:26,648 [grpc-default-executor-6] INFO  server.RaftServer$Division (RaftServerImpl.java:setRole(321)) - 78ee39fe-738f-4360-8617-136cda5f4ce0@group-568C69247F8F: changes role from  FOLLOWER to FOLLOWER at term 1 for candidate:63ce3e96-5e66-48af-ac7f-186cbfb55a60
2023-02-28 04:33:26,648 [grpc-default-executor-6] INFO  impl.RoleInfo (RoleInfo.java:shutdownFollowerState(110)) - 78ee39fe-738f-4360-8617-136cda5f4ce0: shutdown 78ee39fe-738f-4360-8617-136cda5f4ce0@group-568C69247F8F-FollowerState
2023-02-28 04:33:26,648 [grpc-default-executor-6] INFO  impl.RoleInfo (RoleInfo.java:updateAndGet(139)) - 78ee39fe-738f-4360-8617-136cda5f4ce0: start 78ee39fe-738f-4360-8617-136cda5f4ce0@group-568C69247F8F-FollowerState
2023-02-28 04:33:26,649 [78ee39fe-738f-4360-8617-136cda5f4ce0@group-568C69247F8F-FollowerState] INFO  impl.FollowerState (FollowerState.java:run(152)) - 78ee39fe-738f-4360-8617-136cda5f4ce0@group-568C69247F8F-FollowerState was interrupted
2023-02-28 04:33:26,650 [grpc-default-executor-4] INFO  server.RaftServer$Division (RaftServerImpl.java:requestVote(1218)) - 29422ebe-f196-450d-94bb-6e1d0bb3bd81@group-568C69247F8F: receive requestVote(ELECTION, 63ce3e96-5e66-48af-ac7f-186cbfb55a60, group-568C69247F8F, 1, (t:0, i:0))
2023-02-28 04:33:26,650 [grpc-default-executor-4] INFO  impl.VoteContext (VoteContext.java:log(49)) - 29422ebe-f196-450d-94bb-6e1d0bb3bd81@group-568C69247F8F-FOLLOWER: accept ELECTION from 63ce3e96-5e66-48af-ac7f-186cbfb55a60: our priority 0 <= candidate's priority 1
2023-02-28 04:33:26,650 [grpc-default-executor-4] INFO  server.RaftServer$Division (RaftServerImpl.java:setRole(321)) - 29422ebe-f196-450d-94bb-6e1d0bb3bd81@group-568C69247F8F: changes role from  FOLLOWER to FOLLOWER at term 1 for candidate:63ce3e96-5e66-48af-ac7f-186cbfb55a60
2023-02-28 04:33:26,650 [grpc-default-executor-4] INFO  impl.RoleInfo (RoleInfo.java:shutdownFollowerState(110)) - 29422ebe-f196-450d-94bb-6e1d0bb3bd81: shutdown 29422ebe-f196-450d-94bb-6e1d0bb3bd81@group-568C69247F8F-FollowerState
2023-02-28 04:33:26,657 [29422ebe-f196-450d-94bb-6e1d0bb3bd81@group-568C69247F8F-FollowerState] INFO  impl.FollowerState (FollowerState.java:run(152)) - 29422ebe-f196-450d-94bb-6e1d0bb3bd81@group-568C69247F8F-FollowerState was interrupted
2023-02-28 04:33:26,657 [grpc-default-executor-4] INFO  impl.RoleInfo (RoleInfo.java:updateAndGet(139)) - 29422ebe-f196-450d-94bb-6e1d0bb3bd81: start 29422ebe-f196-450d-94bb-6e1d0bb3bd81@group-568C69247F8F-FollowerState
2023-02-28 04:33:26,657 [78ee39fe-738f-4360-8617-136cda5f4ce0@group-568C69247F8F-FollowerState] INFO  server.RaftServerConfigKeys (ConfUtils.java:logFallback(53)) - raft.server.rpc.first-election.timeout.min = 5s (fallback to raft.server.rpc.timeout.min)
2023-02-28 04:33:26,657 [78ee39fe-738f-4360-8617-136cda5f4ce0@group-568C69247F8F-FollowerState] INFO  server.RaftServerConfigKeys (ConfUtils.java:logFallback(53)) - raft.server.rpc.first-election.timeout.max = 5200ms (fallback to raft.server.rpc.timeout.max)
2023-02-28 04:33:26,662 [29422ebe-f196-450d-94bb-6e1d0bb3bd81@group-568C69247F8F-FollowerState] INFO  server.RaftServerConfigKeys (ConfUtils.java:logFallback(53)) - raft.server.rpc.first-election.timeout.min = 5s (fallback to raft.server.rpc.timeout.min)
2023-02-28 04:33:26,662 [29422ebe-f196-450d-94bb-6e1d0bb3bd81@group-568C69247F8F-FollowerState] INFO  server.RaftServerConfigKeys (ConfUtils.java:logFallback(53)) - raft.server.rpc.first-election.timeout.max = 5200ms (fallback to raft.server.rpc.timeout.max)
2023-02-28 04:33:26,662 [grpc-default-executor-4] INFO  server.RaftServer$Division (RaftServerImpl.java:requestVote(1251)) - 29422ebe-f196-450d-94bb-6e1d0bb3bd81@group-568C69247F8F replies to ELECTION vote request: 63ce3e96-5e66-48af-ac7f-186cbfb55a60<-29422ebe-f196-450d-94bb-6e1d0bb3bd81#0:OK-t1. Peer's state: 29422ebe-f196-450d-94bb-6e1d0bb3bd81@group-568C69247F8F:t1, leader=null, voted=63ce3e96-5e66-48af-ac7f-186cbfb55a60, raftlog=Memoized:29422ebe-f196-450d-94bb-6e1d0bb3bd81@group-568C69247F8F-SegmentedRaftLog:OPENED:c-1, conf=-1: peers:[78ee39fe-738f-4360-8617-136cda5f4ce0|rpc:10.1.0.42:42389|dataStream:10.1.0.42:32921|priority:0|startupRole:FOLLOWER, 63ce3e96-5e66-48af-ac7f-186cbfb55a60|rpc:10.1.0.42:33273|dataStream:10.1.0.42:39963|priority:1|startupRole:FOLLOWER, 29422ebe-f196-450d-94bb-6e1d0bb3bd81|rpc:10.1.0.42:33763|dataStream:10.1.0.42:41017|priority:0|startupRole:FOLLOWER]|listeners:[], old=null
2023-02-28 04:33:26,662 [grpc-default-executor-6] INFO  server.RaftServer$Division (RaftServerImpl.java:requestVote(1251)) - 78ee39fe-738f-4360-8617-136cda5f4ce0@group-568C69247F8F replies to ELECTION vote request: 63ce3e96-5e66-48af-ac7f-186cbfb55a60<-78ee39fe-738f-4360-8617-136cda5f4ce0#0:OK-t1. Peer's state: 78ee39fe-738f-4360-8617-136cda5f4ce0@group-568C69247F8F:t1, leader=null, voted=63ce3e96-5e66-48af-ac7f-186cbfb55a60, raftlog=Memoized:78ee39fe-738f-4360-8617-136cda5f4ce0@group-568C69247F8F-SegmentedRaftLog:OPENED:c-1, conf=-1: peers:[78ee39fe-738f-4360-8617-136cda5f4ce0|rpc:10.1.0.42:42389|dataStream:10.1.0.42:32921|priority:0|startupRole:FOLLOWER, 63ce3e96-5e66-48af-ac7f-186cbfb55a60|rpc:10.1.0.42:33273|dataStream:10.1.0.42:39963|priority:1|startupRole:FOLLOWER, 29422ebe-f196-450d-94bb-6e1d0bb3bd81|rpc:10.1.0.42:33763|dataStream:10.1.0.42:41017|priority:0|startupRole:FOLLOWER]|listeners:[], old=null
2023-02-28 04:33:26,664 [63ce3e96-5e66-48af-ac7f-186cbfb55a60@group-568C69247F8F-LeaderElection13] INFO  impl.LeaderElection (LeaderElection.java:logAndReturn(90)) - 63ce3e96-5e66-48af-ac7f-186cbfb55a60@group-568C69247F8F-LeaderElection13: ELECTION PASSED received 1 response(s) and 0 exception(s):
2023-02-28 04:33:26,666 [63ce3e96-5e66-48af-ac7f-186cbfb55a60@group-568C69247F8F-LeaderElection13] INFO  impl.LeaderElection (LeaderElection.java:logAndReturn(94)) -   Response 0: 63ce3e96-5e66-48af-ac7f-186cbfb55a60<-78ee39fe-738f-4360-8617-136cda5f4ce0#0:OK-t1
2023-02-28 04:33:26,666 [63ce3e96-5e66-48af-ac7f-186cbfb55a60@group-568C69247F8F-LeaderElection13] INFO  impl.LeaderElection (LeaderElection.java:askForVotes(314)) - 63ce3e96-5e66-48af-ac7f-186cbfb55a60@group-568C69247F8F-LeaderElection13 ELECTION round 0: result PASSED
2023-02-28 04:33:26,666 [63ce3e96-5e66-48af-ac7f-186cbfb55a60@group-568C69247F8F-LeaderElection13] INFO  impl.RoleInfo (RoleInfo.java:shutdownLeaderElection(130)) - 63ce3e96-5e66-48af-ac7f-186cbfb55a60: shutdown 63ce3e96-5e66-48af-ac7f-186cbfb55a60@group-568C69247F8F-LeaderElection13
2023-02-28 04:33:26,666 [63ce3e96-5e66-48af-ac7f-186cbfb55a60@group-568C69247F8F-LeaderElection13] INFO  server.RaftServer$Division (RaftServerImpl.java:setRole(321)) - 63ce3e96-5e66-48af-ac7f-186cbfb55a60@group-568C69247F8F: changes role from CANDIDATE to LEADER at term 1 for changeToLeader
2023-02-28 04:33:26,666 [63ce3e96-5e66-48af-ac7f-186cbfb55a60@group-568C69247F8F-LeaderElection13] INFO  ratis.XceiverServerRatis (XceiverServerRatis.java:handleLeaderChangedNotification(905)) - Leader change notification received for group: group-568C69247F8F with new leaderId: 63ce3e96-5e66-48af-ac7f-186cbfb55a60
2023-02-28 04:33:26,666 [63ce3e96-5e66-48af-ac7f-186cbfb55a60@group-568C69247F8F-LeaderElection13] INFO  server.RaftServer$Division (ServerState.java:setLeader(313)) - 63ce3e96-5e66-48af-ac7f-186cbfb55a60@group-568C69247F8F: change Leader from null to 63ce3e96-5e66-48af-ac7f-186cbfb55a60 at term 1 for becomeLeader, leader elected after 5266ms
2023-02-28 04:33:26,666 [63ce3e96-5e66-48af-ac7f-186cbfb55a60@group-568C69247F8F-LeaderElection13] INFO  server.RaftServerConfigKeys (ConfUtils.java:logGet(46)) - raft.server.staging.catchup.gap = 1000 (default)
2023-02-28 04:33:26,666 [63ce3e96-5e66-48af-ac7f-186cbfb55a60@group-568C69247F8F-LeaderElection13] INFO  server.RaftServerConfigKeys (ConfUtils.java:logGet(46)) - raft.server.write.element-limit = 1024 (custom)
2023-02-28 04:33:26,666 [63ce3e96-5e66-48af-ac7f-186cbfb55a60@group-568C69247F8F-LeaderElection13] INFO  server.RaftServerConfigKeys (ConfUtils.java:logGet(46)) - raft.server.write.byte-limit = 1024 M (=1073741824) (custom)
2023-02-28 04:33:26,666 [63ce3e96-5e66-48af-ac7f-186cbfb55a60@group-568C69247F8F-LeaderElection13] INFO  server.RaftServerConfigKeys (ConfUtils.java:logGet(46)) - raft.server.watch.timeout = 180s (custom)
2023-02-28 04:33:26,666 [63ce3e96-5e66-48af-ac7f-186cbfb55a60@group-568C69247F8F-LeaderElection13] INFO  server.RaftServerConfigKeys (ConfUtils.java:logGet(46)) - raft.server.watch.timeout.denomination = 1s (default)
2023-02-28 04:33:26,666 [63ce3e96-5e66-48af-ac7f-186cbfb55a60@group-568C69247F8F-LeaderElection13] INFO  server.RaftServerConfigKeys (ConfUtils.java:logGet(46)) - raft.server.watch.element-limit = 65536 (default)
2023-02-28 04:33:26,667 [63ce3e96-5e66-48af-ac7f-186cbfb55a60@group-568C69247F8F-LeaderElection13] INFO  server.RaftServerConfigKeys (ConfUtils.java:logGet(46)) - raft.server.write.element-limit = 1024 (custom)
2023-02-28 04:33:26,667 [63ce3e96-5e66-48af-ac7f-186cbfb55a60@group-568C69247F8F-LeaderElection13] INFO  server.RaftServerConfigKeys (ConfUtils.java:logGet(46)) - raft.server.write.follower.gap.ratio.max = -1.0 (default)
2023-02-28 04:33:26,667 [63ce3e96-5e66-48af-ac7f-186cbfb55a60@group-568C69247F8F-LeaderElection13] INFO  server.RaftServerConfigKeys (ConfUtils.java:logGet(46)) - raft.server.log.appender.snapshot.chunk.size.max = 16MB (=16777216) (default)
2023-02-28 04:33:26,667 [63ce3e96-5e66-48af-ac7f-186cbfb55a60@group-568C69247F8F-LeaderElection13] INFO  server.RaftServerConfigKeys (ConfUtils.java:logGet(46)) - raft.server.log.appender.buffer.byte-limit = 33554432 (custom)
2023-02-28 04:33:26,667 [63ce3e96-5e66-48af-ac7f-186cbfb55a60@group-568C69247F8F-LeaderElection13] INFO  server.RaftServerConfigKeys (ConfUtils.java:logGet(46)) - raft.server.log.appender.buffer.element-limit = 1 (custom)
2023-02-28 04:33:26,667 [63ce3e96-5e66-48af-ac7f-186cbfb55a60@group-568C69247F8F-LeaderElection13] INFO  grpc.GrpcConfigKeys (ConfUtils.java:logGet(46)) - raft.grpc.server.leader.outstanding.appends.max = 128 (default)
2023-02-28 04:33:26,667 [63ce3e96-5e66-48af-ac7f-186cbfb55a60@group-568C69247F8F-LeaderElection13] INFO  server.RaftServerConfigKeys (ConfUtils.java:logGet(46)) - raft.server.rpc.request.timeout = 60s (custom)
2023-02-28 04:33:26,667 [63ce3e96-5e66-48af-ac7f-186cbfb55a60@group-568C69247F8F-LeaderElection13] INFO  server.RaftServerConfigKeys (ConfUtils.java:logGet(46)) - raft.server.log.appender.install.snapshot.enabled = false (custom)
2023-02-28 04:33:26,667 [63ce3e96-5e66-48af-ac7f-186cbfb55a60@group-568C69247F8F-LeaderElection13] INFO  grpc.GrpcConfigKeys (ConfUtils.java:logGet(46)) - raft.grpc.server.heartbeat.channel = true (default)
2023-02-28 04:33:26,667 [63ce3e96-5e66-48af-ac7f-186cbfb55a60@group-568C69247F8F-LeaderElection13] INFO  server.RaftServerConfigKeys (ConfUtils.java:logGet(46)) - raft.server.log.appender.wait-time.min = 10ms (default)
2023-02-28 04:33:26,668 [63ce3e96-5e66-48af-ac7f-186cbfb55a60@group-568C69247F8F-LeaderElection13] INFO  server.RaftServerConfigKeys (ConfUtils.java:logGet(46)) - raft.server.log.appender.snapshot.chunk.size.max = 16MB (=16777216) (default)
2023-02-28 04:33:26,668 [63ce3e96-5e66-48af-ac7f-186cbfb55a60@group-568C69247F8F-LeaderElection13] INFO  server.RaftServerConfigKeys (ConfUtils.java:logGet(46)) - raft.server.log.appender.buffer.byte-limit = 33554432 (custom)
2023-02-28 04:33:26,668 [63ce3e96-5e66-48af-ac7f-186cbfb55a60@group-568C69247F8F-LeaderElection13] INFO  server.RaftServerConfigKeys (ConfUtils.java:logGet(46)) - raft.server.log.appender.buffer.element-limit = 1 (custom)
2023-02-28 04:33:26,668 [63ce3e96-5e66-48af-ac7f-186cbfb55a60@group-568C69247F8F-LeaderElection13] INFO  grpc.GrpcConfigKeys (ConfUtils.java:logGet(46)) - raft.grpc.server.leader.outstanding.appends.max = 128 (default)
2023-02-28 04:33:26,668 [63ce3e96-5e66-48af-ac7f-186cbfb55a60@group-568C69247F8F-LeaderElection13] INFO  server.RaftServerConfigKeys (ConfUtils.java:logGet(46)) - raft.server.rpc.request.timeout = 60s (custom)
2023-02-28 04:33:26,668 [63ce3e96-5e66-48af-ac7f-186cbfb55a60@group-568C69247F8F-LeaderElection13] INFO  server.RaftServerConfigKeys (ConfUtils.java:logGet(46)) - raft.server.log.appender.install.snapshot.enabled = false (custom)
2023-02-28 04:33:26,668 [63ce3e96-5e66-48af-ac7f-186cbfb55a60@group-568C69247F8F-LeaderElection13] INFO  grpc.GrpcConfigKeys (ConfUtils.java:logGet(46)) - raft.grpc.server.heartbeat.channel = true (default)
2023-02-28 04:33:26,668 [63ce3e96-5e66-48af-ac7f-186cbfb55a60@group-568C69247F8F-LeaderElection13] INFO  server.RaftServerConfigKeys (ConfUtils.java:logGet(46)) - raft.server.log.appender.wait-time.min = 10ms (default)
2023-02-28 04:33:26,668 [63ce3e96-5e66-48af-ac7f-186cbfb55a60@group-568C69247F8F-LeaderElection13] INFO  impl.RoleInfo (RoleInfo.java:updateAndGet(139)) - 63ce3e96-5e66-48af-ac7f-186cbfb55a60: start 63ce3e96-5e66-48af-ac7f-186cbfb55a60@group-568C69247F8F-LeaderStateImpl
2023-02-28 04:33:26,668 [63ce3e96-5e66-48af-ac7f-186cbfb55a60@group-568C69247F8F-LeaderElection13] INFO  segmented.SegmentedRaftLogWorker (SegmentedRaftLogWorker.java:startLogSegment(452)) - 63ce3e96-5e66-48af-ac7f-186cbfb55a60@group-568C69247F8F-SegmentedRaftLogWorker: Starting segment from index:0
2023-02-28 04:33:26,670 [63ce3e96-5e66-48af-ac7f-186cbfb55a60@group-568C69247F8F-SegmentedRaftLogWorker] INFO  segmented.SegmentedRaftLogWorker (SegmentedRaftLogWorker.java:execute(656)) - 63ce3e96-5e66-48af-ac7f-186cbfb55a60@group-568C69247F8F-SegmentedRaftLogWorker: created new log segment /home/runner/work/ozone/ozone/hadoop-ozone/integration-test/target/test-dir/MiniOzoneClusterImpl-2052965b-440d-4b09-b4b3-db311f243d80/datanode-2/data/ratis/8becd6ad-658d-412c-9231-568c69247f8f/current/log_inprogress_0
2023-02-28 04:33:26,670 [63ce3e96-5e66-48af-ac7f-186cbfb55a60@group-568C69247F8F-LeaderElection13] INFO  server.RaftServer$Division (ServerState.java:setRaftConf(430)) - 63ce3e96-5e66-48af-ac7f-186cbfb55a60@group-568C69247F8F: set configuration 0: peers:[78ee39fe-738f-4360-8617-136cda5f4ce0|rpc:10.1.0.42:42389|dataStream:10.1.0.42:32921|priority:0|startupRole:FOLLOWER, 63ce3e96-5e66-48af-ac7f-186cbfb55a60|rpc:10.1.0.42:33273|dataStream:10.1.0.42:39963|priority:1|startupRole:FOLLOWER, 29422ebe-f196-450d-94bb-6e1d0bb3bd81|rpc:10.1.0.42:33763|dataStream:10.1.0.42:41017|priority:0|startupRole:FOLLOWER]|listeners:[], old=null
2023-02-28 04:33:26,676 [EventQueue-PipelineReportForPipelineReportHandler] INFO  pipeline.PipelineManagerImpl (PipelineManagerImpl.java:openPipeline(367)) - Pipeline Pipeline[ Id: 8becd6ad-658d-412c-9231-568c69247f8f, Nodes: 63ce3e96-5e66-48af-ac7f-186cbfb55a60(fv-az467-141/10.1.0.42)78ee39fe-738f-4360-8617-136cda5f4ce0(fv-az467-141/10.1.0.42)29422ebe-f196-450d-94bb-6e1d0bb3bd81(fv-az467-141/10.1.0.42), ReplicationConfig: RATIS/THREE, State:ALLOCATED, leaderId:63ce3e96-5e66-48af-ac7f-186cbfb55a60, CreationTimestamp2023-02-28T04:33:18.901Z[Etc/UTC]] moved to OPEN state
2023-02-28 04:33:26,683 [29422ebe-f196-450d-94bb-6e1d0bb3bd81-server-thread1] INFO  ratis.XceiverServerRatis (XceiverServerRatis.java:handleLeaderChangedNotification(905)) - Leader change notification received for group: group-568C69247F8F with new leaderId: 63ce3e96-5e66-48af-ac7f-186cbfb55a60
2023-02-28 04:33:26,690 [29422ebe-f196-450d-94bb-6e1d0bb3bd81-server-thread1] INFO  server.RaftServer$Division (ServerState.java:setLeader(313)) - 29422ebe-f196-450d-94bb-6e1d0bb3bd81@group-568C69247F8F: change Leader from null to 63ce3e96-5e66-48af-ac7f-186cbfb55a60 at term 1 for appendEntries, leader elected after 5328ms
2023-02-28 04:33:26,692 [78ee39fe-738f-4360-8617-136cda5f4ce0-server-thread1] INFO  ratis.XceiverServerRatis (XceiverServerRatis.java:handleLeaderChangedNotification(905)) - Leader change notification received for group: group-568C69247F8F with new leaderId: 63ce3e96-5e66-48af-ac7f-186cbfb55a60
2023-02-28 04:33:26,699 [78ee39fe-738f-4360-8617-136cda5f4ce0-server-thread1] INFO  server.RaftServer$Division (ServerState.java:setLeader(313)) - 78ee39fe-738f-4360-8617-136cda5f4ce0@group-568C69247F8F: change Leader from null to 63ce3e96-5e66-48af-ac7f-186cbfb55a60 at term 1 for appendEntries, leader elected after 5256ms
2023-02-28 04:33:26,699 [78ee39fe-738f-4360-8617-136cda5f4ce0-server-thread2] INFO  server.RaftServer$Division (ServerState.java:setRaftConf(430)) - 78ee39fe-738f-4360-8617-136cda5f4ce0@group-568C69247F8F: set configuration 0: peers:[78ee39fe-738f-4360-8617-136cda5f4ce0|rpc:10.1.0.42:42389|dataStream:10.1.0.42:32921|priority:0|startupRole:FOLLOWER, 63ce3e96-5e66-48af-ac7f-186cbfb55a60|rpc:10.1.0.42:33273|dataStream:10.1.0.42:39963|priority:1|startupRole:FOLLOWER, 29422ebe-f196-450d-94bb-6e1d0bb3bd81|rpc:10.1.0.42:33763|dataStream:10.1.0.42:41017|priority:0|startupRole:FOLLOWER]|listeners:[], old=null
2023-02-28 04:33:26,700 [78ee39fe-738f-4360-8617-136cda5f4ce0-server-thread2] INFO  segmented.SegmentedRaftLogWorker (SegmentedRaftLogWorker.java:startLogSegment(452)) - 78ee39fe-738f-4360-8617-136cda5f4ce0@group-568C69247F8F-SegmentedRaftLogWorker: Starting segment from index:0
2023-02-28 04:33:26,701 [29422ebe-f196-450d-94bb-6e1d0bb3bd81-server-thread1] INFO  server.RaftServer$Division (ServerState.java:setRaftConf(430)) - 29422ebe-f196-450d-94bb-6e1d0bb3bd81@group-568C69247F8F: set configuration 0: peers:[78ee39fe-738f-4360-8617-136cda5f4ce0|rpc:10.1.0.42:42389|dataStream:10.1.0.42:32921|priority:0|startupRole:FOLLOWER, 63ce3e96-5e66-48af-ac7f-186cbfb55a60|rpc:10.1.0.42:33273|dataStream:10.1.0.42:39963|priority:1|startupRole:FOLLOWER, 29422ebe-f196-450d-94bb-6e1d0bb3bd81|rpc:10.1.0.42:33763|dataStream:10.1.0.42:41017|priority:0|startupRole:FOLLOWER]|listeners:[], old=null
2023-02-28 04:33:26,702 [29422ebe-f196-450d-94bb-6e1d0bb3bd81-server-thread1] INFO  segmented.SegmentedRaftLogWorker (SegmentedRaftLogWorker.java:startLogSegment(452)) - 29422ebe-f196-450d-94bb-6e1d0bb3bd81@group-568C69247F8F-SegmentedRaftLogWorker: Starting segment from index:0
2023-02-28 04:33:26,703 [78ee39fe-738f-4360-8617-136cda5f4ce0@group-568C69247F8F-SegmentedRaftLogWorker] INFO  segmented.SegmentedRaftLogWorker (SegmentedRaftLogWorker.java:execute(656)) - 78ee39fe-738f-4360-8617-136cda5f4ce0@group-568C69247F8F-SegmentedRaftLogWorker: created new log segment /home/runner/work/ozone/ozone/hadoop-ozone/integration-test/target/test-dir/MiniOzoneClusterImpl-2052965b-440d-4b09-b4b3-db311f243d80/datanode-1/data/ratis/8becd6ad-658d-412c-9231-568c69247f8f/current/log_inprogress_0
2023-02-28 04:33:26,703 [29422ebe-f196-450d-94bb-6e1d0bb3bd81@group-568C69247F8F-SegmentedRaftLogWorker] INFO  segmented.SegmentedRaftLogWorker (SegmentedRaftLogWorker.java:execute(656)) - 29422ebe-f196-450d-94bb-6e1d0bb3bd81@group-568C69247F8F-SegmentedRaftLogWorker: created new log segment /home/runner/work/ozone/ozone/hadoop-ozone/integration-test/target/test-dir/MiniOzoneClusterImpl-2052965b-440d-4b09-b4b3-db311f243d80/datanode-0/data/ratis/8becd6ad-658d-412c-9231-568c69247f8f/current/log_inprogress_0
2023-02-28 04:33:26,895 [Listener at 127.0.0.1/41931] INFO  ozone.MiniOzoneClusterImpl (MiniOzoneClusterImpl.java:lambda$waitForClusterToBeReady$0(218)) - Nodes are ready. Got 3 of 3 DN Heartbeats.
2023-02-28 04:33:26,895 [Listener at 127.0.0.1/41931] INFO  ozone.MiniOzoneClusterImpl (MiniOzoneClusterImpl.java:lambda$waitForClusterToBeReady$0(221)) - Cluster exits safe mode
2023-02-28 04:33:26,895 [Listener at 127.0.0.1/41931] INFO  ozone.MiniOzoneClusterImpl (MiniOzoneClusterImpl.java:lambda$waitForClusterToBeReady$0(223)) - SCM became leader
2023-02-28 04:33:26,927 [Listener at 127.0.0.1/41931] INFO  rpc.RpcClient (RpcClient.java:createVolume(476)) - Creating Volume: volume22280, with user84556 as owner and space quota set to -1 bytes, counts quota set to -1
2023-02-28 04:33:26,943 [OM StateMachine ApplyTransaction Thread - 0] INFO  volume.OMVolumeCreateRequest (OMVolumeCreateRequest.java:validateAndUpdateCache(195)) - created volume:volume22280 for user:user84556
2023-02-28 04:33:26,970 [OM StateMachine ApplyTransaction Thread - 0] INFO  volume.OMVolumeCreateRequest (OMVolumeCreateRequest.java:validateAndUpdateCache(195)) - created volume:volume22280 for user:user84556
2023-02-28 04:33:26,970 [OM StateMachine ApplyTransaction Thread - 0] INFO  volume.OMVolumeCreateRequest (OMVolumeCreateRequest.java:validateAndUpdateCache(195)) - created volume:volume22280 for user:user84556
2023-02-28 04:33:26,979 [Listener at 127.0.0.1/41931] INFO  rpc.RpcClient (RpcClient.java:createBucket(698)) - Creating Bucket: volume22280/bucket00473, with bucket layout FILE_SYSTEM_OPTIMIZED, runner as owner, Versioning false, Storage Type set to DISK and Encryption set to false, Replication Type set to server-side default replication type, Namespace Quota set to -1, Space Quota set to -1 
2023-02-28 04:33:26,983 [OM StateMachine ApplyTransaction Thread - 0] INFO  bucket.OMBucketCreateRequest (OMBucketCreateRequest.java:validateAndUpdateCache(263)) - created bucket: bucket00473 of layout FILE_SYSTEM_OPTIMIZED in volume: volume22280
2023-02-28 04:33:26,993 [OM StateMachine ApplyTransaction Thread - 0] INFO  bucket.OMBucketCreateRequest (OMBucketCreateRequest.java:validateAndUpdateCache(263)) - created bucket: bucket00473 of layout FILE_SYSTEM_OPTIMIZED in volume: volume22280
2023-02-28 04:33:27,002 [OM StateMachine ApplyTransaction Thread - 0] INFO  bucket.OMBucketCreateRequest (OMBucketCreateRequest.java:validateAndUpdateCache(263)) - created bucket: bucket00473 of layout FILE_SYSTEM_OPTIMIZED in volume: volume22280
2023-02-28 04:33:27,017 [Listener at 127.0.0.1/41931] INFO  utils.BackgroundService (BackgroundService.java:shutdown(141)) - Shutting down service KeyDeletingService
2023-02-28 04:33:27,018 [Listener at 127.0.0.1/41931] INFO  utils.BackgroundService (BackgroundService.java:shutdown(141)) - Shutting down service DirectoryDeletingService
2023-02-28 04:33:27,018 [Listener at 127.0.0.1/41931] INFO  utils.BackgroundService (BackgroundService.java:shutdown(141)) - Shutting down service OpenKeyCleanupService
2023-02-28 04:33:27,018 [Listener at 127.0.0.1/41931] INFO  utils.BackgroundService (BackgroundService.java:shutdown(141)) - Shutting down service SstFilteringService
2023-02-28 04:33:27,018 [Listener at 127.0.0.1/41931] WARN  server.ServerUtils (ServerUtils.java:getDBPath(225)) - ozone.om.db.dirs is not configured. We recommend adding this setting. Falling back to ozone.metadata.dirs instead.
2023-02-28 04:33:27,025 [Time-limited test] INFO  rpc.RpcClient (RpcClient.java:createVolume(476)) - Creating Volume: vol-96983, with runner as owner and space quota set to -1 bytes, counts quota set to -1
2023-02-28 04:33:27,030 [OM StateMachine ApplyTransaction Thread - 0] INFO  volume.OMVolumeCreateRequest (OMVolumeCreateRequest.java:validateAndUpdateCache(195)) - created volume:vol-96983 for user:runner
2023-02-28 04:33:27,033 [OM StateMachine ApplyTransaction Thread - 0] INFO  volume.OMVolumeCreateRequest (OMVolumeCreateRequest.java:validateAndUpdateCache(195)) - created volume:vol-96983 for user:runner
2023-02-28 04:33:27,035 [OM StateMachine ApplyTransaction Thread - 0] INFO  volume.OMVolumeCreateRequest (OMVolumeCreateRequest.java:validateAndUpdateCache(195)) - created volume:vol-96983 for user:runner
]]></system-out>
  </testcase>
  <testcase name="testNonExistentBucket" classname="TestOmSnapshot" time="21.211">
    <system-out><![CDATA[2023-02-28 04:33:56,321 [Listener at 127.0.0.1/41931] INFO  ozone.MiniOzoneClusterImpl (MiniOzoneClusterImpl.java:shutdown(450)) - Shutting down the Mini Ozone Cluster
2023-02-28 04:33:56,321 [Listener at 127.0.0.1/41931] INFO  ozone.MiniOzoneHAClusterImpl (MiniOzoneHAClusterImpl.java:stop(312)) - Stopping the OzoneManager omNode-3
2023-02-28 04:33:56,321 [Listener at 127.0.0.1/41931] INFO  om.OzoneManager (OzoneManager.java:stop(2153)) - omNode-3[localhost:41931]: Stopping Ozone Manager
2023-02-28 04:33:56,321 [Listener at 127.0.0.1/41931] INFO  ipc.Server (Server.java:stop(3428)) - Stopping server on 41931
2023-02-28 04:33:56,331 [IPC Server listener on 41931] INFO  ipc.Server (Server.java:run(1384)) - Stopping IPC Server listener on 41931
2023-02-28 04:33:56,331 [IPC Server Responder] INFO  ipc.Server (Server.java:run(1517)) - Stopping IPC Server Responder
2023-02-28 04:33:56,331 [Listener at 127.0.0.1/41931] INFO  server.RaftServer (RaftServerProxy.java:lambda$close$6(409)) - omNode-3: close
2023-02-28 04:33:56,332 [Listener at 127.0.0.1/41931] INFO  server.GrpcService (GrpcService.java:closeImpl(271)) - omNode-3: shutdown server GrpcServerProtocolService now
2023-02-28 04:33:56,332 [omNode-3-impl-thread1] INFO  server.RaftServer$Division (RaftServerImpl.java:lambda$close$4(458)) - omNode-3@group-523986131536: shutdown
2023-02-28 04:33:56,333 [omNode-3-impl-thread1] INFO  util.JmxRegister (JmxRegister.java:unregister(73)) - Successfully un-registered JMX Bean with object name Ratis:service=RaftServer,group=group-523986131536,id=omNode-3
2023-02-28 04:33:56,333 [omNode-3-impl-thread1] INFO  impl.RoleInfo (RoleInfo.java:shutdownFollowerState(110)) - omNode-3: shutdown omNode-3@group-523986131536-FollowerState
2023-02-28 04:33:56,333 [omNode-3-impl-thread1] INFO  impl.StateMachineUpdater (StateMachineUpdater.java:stopAndJoin(153)) - omNode-3@group-523986131536-StateMachineUpdater: set stopIndex = 708
2023-02-28 04:33:56,333 [omNode-3@group-523986131536-FollowerState] INFO  impl.FollowerState (FollowerState.java:run(152)) - omNode-3@group-523986131536-FollowerState was interrupted
2023-02-28 04:33:56,333 [omNode-3@group-523986131536-StateMachineUpdater] INFO  ratis.OzoneManagerStateMachine (OzoneManagerStateMachine.java:takeSnapshot(445)) - Current Snapshot Index (t:1, i:708)
2023-02-28 04:33:56,335 [grpc-default-executor-1] WARN  server.GrpcLogAppender (LogUtils.java:warn(122)) - omNode-1@group-523986131536->omNode-3-AppendLogResponseHandler: Failed appendEntries: org.apache.ratis.thirdparty.io.grpc.StatusRuntimeException: CANCELLED: RST_STREAM closed stream. HTTP/2 error code: CANCEL
2023-02-28 04:33:56,336 [grpc-default-executor-1] INFO  leader.FollowerInfo (FollowerInfoImpl.java:lambda$new$0(48)) - omNode-1@group-523986131536->omNode-3: nextIndex: updateUnconditionally 709 -> 708
2023-02-28 04:33:56,336 [grpc-default-executor-6] WARN  server.GrpcServerProtocolService (LogUtils.java:warn(122)) - omNode-3: installSnapshot onError, lastRequest: null: org.apache.ratis.thirdparty.io.grpc.StatusRuntimeException: CANCELLED: client cancelled
2023-02-28 04:33:56,336 [grpc-default-executor-5] WARN  server.GrpcServerProtocolService (LogUtils.java:warn(122)) - omNode-3: installSnapshot onError, lastRequest: omNode-1->omNode-3#592621-t1,previous=(t:1, i:707),leaderCommit=707,initializing? true,entries: size=1, first=(t:1, i:708), METADATAENTRY(c:707): org.apache.ratis.thirdparty.io.grpc.StatusRuntimeException: CANCELLED: client cancelled
2023-02-28 04:33:56,336 [grpc-default-executor-1] WARN  server.GrpcLogAppender (LogUtils.java:warn(122)) - omNode-1@group-523986131536->omNode-3-AppendLogResponseHandler: Failed appendEntries: org.apache.ratis.thirdparty.io.grpc.StatusRuntimeException: CANCELLED: RST_STREAM closed stream. HTTP/2 error code: CANCEL
2023-02-28 04:33:56,337 [grpc-default-executor-1] INFO  leader.FollowerInfo (FollowerInfoImpl.java:lambda$new$0(48)) - omNode-1@group-523986131536->omNode-3: nextIndex: updateUnconditionally 708 -> 707
2023-02-28 04:33:56,342 [Listener at 127.0.0.1/41931] INFO  server.GrpcService (GrpcService.java:closeImpl(280)) - omNode-3: shutdown server GrpcServerProtocolService successfully
2023-02-28 04:33:56,344 [grpc-default-executor-6] WARN  server.GrpcLogAppender (LogUtils.java:warn(122)) - omNode-1@group-523986131536->omNode-3-AppendLogResponseHandler: Failed appendEntries: org.apache.ratis.thirdparty.io.grpc.StatusRuntimeException: UNAVAILABLE: io exception
2023-02-28 04:33:56,344 [grpc-default-executor-6] INFO  leader.FollowerInfo (FollowerInfoImpl.java:lambda$new$0(48)) - omNode-1@group-523986131536->omNode-3: nextIndex: updateUnconditionally 709 -> 708
2023-02-28 04:33:56,345 [grpc-default-executor-5] WARN  server.GrpcLogAppender (LogUtils.java:warn(122)) - omNode-1@group-523986131536->omNode-3-AppendLogResponseHandler: Failed appendEntries: org.apache.ratis.thirdparty.io.grpc.StatusRuntimeException: UNAVAILABLE: io exception
2023-02-28 04:33:56,345 [grpc-default-executor-5] INFO  leader.FollowerInfo (FollowerInfoImpl.java:lambda$new$0(48)) - omNode-1@group-523986131536->omNode-3: nextIndex: updateUnconditionally 708 -> 707
2023-02-28 04:33:56,349 [omNode-3@group-523986131536-StateMachineUpdater] INFO  impl.StateMachineUpdater (StateMachineUpdater.java:takeSnapshot(287)) - omNode-3@group-523986131536-StateMachineUpdater: Took a snapshot at index 708
2023-02-28 04:33:56,349 [omNode-3@group-523986131536-StateMachineUpdater] INFO  impl.StateMachineUpdater (StateMachineUpdater.java:lambda$new$0(92)) - omNode-3@group-523986131536-StateMachineUpdater: snapshotIndex: updateIncreasingly -1 -> 708
2023-02-28 04:33:56,349 [omNode-3@group-523986131536-StateMachineUpdater] INFO  ratis.OzoneManagerStateMachine (OzoneManagerStateMachine.java:close(499)) - StateMachine has shutdown. Shutdown OzoneManager if not already shutdown.
2023-02-28 04:33:56,349 [omNode-3@group-523986131536-StateMachineUpdater] INFO  ratis.OzoneManagerDoubleBuffer (OzoneManagerDoubleBuffer.java:stopDaemon(540)) - Stopping OMDoubleBuffer flush thread
2023-02-28 04:33:56,349 [OMDoubleBufferFlushThread] INFO  ratis.OzoneManagerDoubleBuffer (OzoneManagerDoubleBuffer.java:canFlush(625)) - OMDoubleBuffer flush thread OMDoubleBufferFlushThread is interrupted and will exit.
2023-02-28 04:33:56,352 [omNode-3-impl-thread1] INFO  server.RaftServer$Division (ServerState.java:close(466)) - omNode-3@group-523986131536: closes. applyIndex: 708
2023-02-28 04:33:56,352 [omNode-3@group-523986131536-SegmentedRaftLogWorker] INFO  segmented.SegmentedRaftLogWorker (SegmentedRaftLogWorker.java:run(347)) - omNode-3@group-523986131536-SegmentedRaftLogWorker was interrupted, exiting. There are 0 tasks remaining in the queue.
2023-02-28 04:33:56,353 [omNode-3-impl-thread1] INFO  segmented.SegmentedRaftLogWorker (SegmentedRaftLogWorker.java:close(257)) - omNode-3@group-523986131536-SegmentedRaftLogWorker close()
2023-02-28 04:33:56,353 [JvmPauseMonitor8] INFO  util.JvmPauseMonitor (JvmPauseMonitor.java:run(111)) - JvmPauseMonitor-omNode-3: Stopped
2023-02-28 04:33:56,353 [Listener at 127.0.0.1/41931] INFO  ratis.OzoneManagerStateMachine (OzoneManagerStateMachine.java:close(499)) - StateMachine has shutdown. Shutdown OzoneManager if not already shutdown.
2023-02-28 04:33:56,353 [Listener at 127.0.0.1/41931] INFO  ratis.OzoneManagerDoubleBuffer (OzoneManagerDoubleBuffer.java:stopDaemon(549)) - OMDoubleBuffer flush thread is not running.
2023-02-28 04:33:56,354 [Listener at 127.0.0.1/41931] INFO  utils.BackgroundService (BackgroundService.java:shutdown(141)) - Shutting down service KeyDeletingService
2023-02-28 04:33:56,354 [Listener at 127.0.0.1/41931] INFO  utils.BackgroundService (BackgroundService.java:shutdown(141)) - Shutting down service DirectoryDeletingService
2023-02-28 04:33:56,354 [Listener at 127.0.0.1/41931] INFO  utils.BackgroundService (BackgroundService.java:shutdown(141)) - Shutting down service OpenKeyCleanupService
2023-02-28 04:33:56,355 [Listener at 127.0.0.1/41931] INFO  utils.BackgroundService (BackgroundService.java:shutdown(141)) - Shutting down service SstFilteringService
2023-02-28 04:33:56,355 [Listener at 127.0.0.1/41931] INFO  handler.ContextHandler (ContextHandler.java:doStop(1159)) - Stopped o.e.j.w.WebAppContext@52ac730b{ozoneManager,/,null,STOPPED}{file:/home/runner/work/ozone/ozone/hadoop-ozone/integration-test/target/test-classes/webapps/ozoneManager}
2023-02-28 04:33:56,357 [Listener at 127.0.0.1/41931] INFO  server.AbstractConnector (AbstractConnector.java:doStop(383)) - Stopped ServerConnector@14416804{HTTP/1.1, (http/1.1)}{0.0.0.0:38551}
2023-02-28 04:33:56,357 [Listener at 127.0.0.1/41931] INFO  server.session (HouseKeeper.java:stopScavenging(149)) - node0 Stopped scavenging
2023-02-28 04:33:56,357 [Listener at 127.0.0.1/41931] INFO  handler.ContextHandler (ContextHandler.java:doStop(1159)) - Stopped o.e.j.s.ServletContextHandler@11861ce0{static,/static,file:///home/runner/work/ozone/ozone/hadoop-ozone/integration-test/target/test-classes/webapps/static,STOPPED}
2023-02-28 04:33:56,357 [Listener at 127.0.0.1/41931] INFO  handler.ContextHandler (ContextHandler.java:doStop(1159)) - Stopped o.e.j.s.ServletContextHandler@124227c1{logs,/logs,file:///home/runner/work/ozone/ozone/hadoop-ozone/integration-test/target/log,STOPPED}
2023-02-28 04:33:56,363 [Listener at 127.0.0.1/41931] INFO  ozone.MiniOzoneHAClusterImpl (MiniOzoneHAClusterImpl.java:stop(312)) - Stopping the OzoneManager omNode-1
2023-02-28 04:33:56,364 [Listener at 127.0.0.1/41931] INFO  om.OzoneManager (OzoneManager.java:stop(2153)) - omNode-1[localhost:46183]: Stopping Ozone Manager
2023-02-28 04:33:56,364 [Listener at 127.0.0.1/41931] INFO  ipc.Server (Server.java:stop(3428)) - Stopping server on 46183
2023-02-28 04:33:56,366 [IPC Server Responder] INFO  ipc.Server (Server.java:run(1517)) - Stopping IPC Server Responder
2023-02-28 04:33:56,366 [IPC Server listener on 46183] INFO  ipc.Server (Server.java:run(1384)) - Stopping IPC Server listener on 46183
2023-02-28 04:33:56,368 [Listener at 127.0.0.1/41931] INFO  server.RaftServer (RaftServerProxy.java:lambda$close$6(409)) - omNode-1: close
2023-02-28 04:33:56,368 [omNode-1-impl-thread1] INFO  server.RaftServer$Division (RaftServerImpl.java:lambda$close$4(458)) - omNode-1@group-523986131536: shutdown
2023-02-28 04:33:56,368 [omNode-1-impl-thread1] INFO  util.JmxRegister (JmxRegister.java:unregister(73)) - Successfully un-registered JMX Bean with object name Ratis:service=RaftServer,group=group-523986131536,id=omNode-1
2023-02-28 04:33:56,368 [omNode-1-impl-thread1] INFO  impl.RoleInfo (RoleInfo.java:shutdownLeaderState(93)) - omNode-1: shutdown omNode-1@group-523986131536-LeaderStateImpl
2023-02-28 04:33:56,368 [omNode-1-impl-thread1] INFO  impl.PendingRequests (PendingRequests.java:sendNotLeaderResponses(282)) - omNode-1@group-523986131536-PendingRequests: sendNotLeaderResponses
2023-02-28 04:33:56,368 [omNode-1@group-523986131536->omNode-3-GrpcLogAppender-LogAppenderDaemon] WARN  server.GrpcLogAppender (GrpcLogAppender.java:mayWait(200)) - omNode-1@group-523986131536->omNode-3-GrpcLogAppender: Wait interrupted by java.lang.InterruptedException
2023-02-28 04:33:56,368 [omNode-1@group-523986131536->omNode-2-GrpcLogAppender-LogAppenderDaemon] WARN  server.GrpcLogAppender (GrpcLogAppender.java:mayWait(200)) - omNode-1@group-523986131536->omNode-2-GrpcLogAppender: Wait interrupted by java.lang.InterruptedException
2023-02-28 04:33:56,370 [omNode-1-impl-thread1] INFO  impl.StateMachineUpdater (StateMachineUpdater.java:stopAndJoin(153)) - omNode-1@group-523986131536-StateMachineUpdater: set stopIndex = 708
2023-02-28 04:33:56,369 [EndpointStateMachine task thread for /0.0.0.0:41617 - 0 ] INFO  ipc.Client (Client.java:handleConnectionFailure(1010)) - Retrying connect to server: 0.0.0.0/0.0.0.0:41617. Already tried 5 time(s); retry policy is RetryUpToMaximumCountWithFixedSleep(maxRetries=15, sleepTime=1000 MILLISECONDS)
2023-02-28 04:33:56,375 [grpc-default-executor-6] INFO  server.GrpcServerProtocolService (GrpcServerProtocolService.java:onCompleted(143)) - omNode-2: Completed APPEND_ENTRIES, lastRequest: omNode-1->omNode-2#2989-t1,previous=(t:1, i:707),leaderCommit=707,initializing? true,entries: size=1, first=(t:1, i:708), METADATAENTRY(c:707)
2023-02-28 04:33:56,375 [grpc-default-executor-5] INFO  server.GrpcServerProtocolService (GrpcServerProtocolService.java:onCompleted(143)) - omNode-2: Completed APPEND_ENTRIES, lastRequest: null
2023-02-28 04:33:56,374 [omNode-1@group-523986131536-StateMachineUpdater] INFO  ratis.OzoneManagerStateMachine (OzoneManagerStateMachine.java:takeSnapshot(445)) - Current Snapshot Index (t:1, i:708)
2023-02-28 04:33:56,376 [grpc-default-executor-5] INFO  server.GrpcLogAppender (GrpcLogAppender.java:onCompleted(415)) - omNode-1@group-523986131536->omNode-2-AppendLogResponseHandler: follower responses appendEntries COMPLETED
2023-02-28 04:33:56,376 [grpc-default-executor-5] INFO  leader.FollowerInfo (FollowerInfoImpl.java:lambda$new$0(48)) - omNode-1@group-523986131536->omNode-2: nextIndex: updateUnconditionally 709 -> 708
2023-02-28 04:33:56,376 [Listener at 127.0.0.1/41931] INFO  server.GrpcService (GrpcService.java:closeImpl(271)) - omNode-1: shutdown server GrpcServerProtocolService now
2023-02-28 04:33:56,377 [grpc-default-executor-1] INFO  server.GrpcLogAppender (GrpcLogAppender.java:onCompleted(415)) - omNode-1@group-523986131536->omNode-2-AppendLogResponseHandler: follower responses appendEntries COMPLETED
2023-02-28 04:33:56,378 [grpc-default-executor-1] INFO  leader.FollowerInfo (FollowerInfoImpl.java:lambda$new$0(48)) - omNode-1@group-523986131536->omNode-2: nextIndex: updateUnconditionally 708 -> 707
2023-02-28 04:33:56,379 [Listener at 127.0.0.1/41931] INFO  server.GrpcServerProtocolClient (GrpcServerProtocolClient.java:close(101)) - omNode-3 Close channels
2023-02-28 04:33:56,381 [Listener at 127.0.0.1/41931] INFO  server.GrpcServerProtocolClient (GrpcServerProtocolClient.java:close(101)) - omNode-2 Close channels
2023-02-28 04:33:56,384 [Listener at 127.0.0.1/41931] INFO  server.GrpcService (GrpcService.java:closeImpl(280)) - omNode-1: shutdown server GrpcServerProtocolService successfully
2023-02-28 04:33:56,384 [omNode-1@group-523986131536-StateMachineUpdater] INFO  impl.StateMachineUpdater (StateMachineUpdater.java:takeSnapshot(287)) - omNode-1@group-523986131536-StateMachineUpdater: Took a snapshot at index 708
2023-02-28 04:33:56,384 [omNode-1@group-523986131536-StateMachineUpdater] INFO  impl.StateMachineUpdater (StateMachineUpdater.java:lambda$new$0(92)) - omNode-1@group-523986131536-StateMachineUpdater: snapshotIndex: updateIncreasingly -1 -> 708
2023-02-28 04:33:56,384 [omNode-1@group-523986131536-StateMachineUpdater] INFO  ratis.OzoneManagerStateMachine (OzoneManagerStateMachine.java:close(499)) - StateMachine has shutdown. Shutdown OzoneManager if not already shutdown.
2023-02-28 04:33:56,384 [omNode-1@group-523986131536-StateMachineUpdater] INFO  ratis.OzoneManagerDoubleBuffer (OzoneManagerDoubleBuffer.java:stopDaemon(540)) - Stopping OMDoubleBuffer flush thread
2023-02-28 04:33:56,384 [OMDoubleBufferFlushThread] INFO  ratis.OzoneManagerDoubleBuffer (OzoneManagerDoubleBuffer.java:canFlush(625)) - OMDoubleBuffer flush thread OMDoubleBufferFlushThread is interrupted and will exit.
2023-02-28 04:33:56,385 [omNode-1-impl-thread1] INFO  server.RaftServer$Division (ServerState.java:close(466)) - omNode-1@group-523986131536: closes. applyIndex: 708
2023-02-28 04:33:56,385 [omNode-1@group-523986131536-SegmentedRaftLogWorker] INFO  segmented.SegmentedRaftLogWorker (SegmentedRaftLogWorker.java:run(347)) - omNode-1@group-523986131536-SegmentedRaftLogWorker was interrupted, exiting. There are 0 tasks remaining in the queue.
2023-02-28 04:33:56,386 [omNode-1-impl-thread1] INFO  segmented.SegmentedRaftLogWorker (SegmentedRaftLogWorker.java:close(257)) - omNode-1@group-523986131536-SegmentedRaftLogWorker close()
2023-02-28 04:33:56,386 [JvmPauseMonitor6] INFO  util.JvmPauseMonitor (JvmPauseMonitor.java:run(111)) - JvmPauseMonitor-omNode-1: Stopped
2023-02-28 04:33:56,386 [Listener at 127.0.0.1/41931] INFO  ratis.OzoneManagerStateMachine (OzoneManagerStateMachine.java:close(499)) - StateMachine has shutdown. Shutdown OzoneManager if not already shutdown.
2023-02-28 04:33:56,386 [Listener at 127.0.0.1/41931] INFO  ratis.OzoneManagerDoubleBuffer (OzoneManagerDoubleBuffer.java:stopDaemon(549)) - OMDoubleBuffer flush thread is not running.
2023-02-28 04:33:56,387 [Listener at 127.0.0.1/41931] INFO  handler.ContextHandler (ContextHandler.java:doStop(1159)) - Stopped o.e.j.w.WebAppContext@49996836{ozoneManager,/,null,STOPPED}{file:/home/runner/work/ozone/ozone/hadoop-ozone/integration-test/target/test-classes/webapps/ozoneManager}
2023-02-28 04:33:56,387 [Listener at 127.0.0.1/41931] INFO  server.AbstractConnector (AbstractConnector.java:doStop(383)) - Stopped ServerConnector@723cab47{HTTP/1.1, (http/1.1)}{0.0.0.0:37121}
2023-02-28 04:33:56,387 [Listener at 127.0.0.1/41931] INFO  server.session (HouseKeeper.java:stopScavenging(149)) - node0 Stopped scavenging
2023-02-28 04:33:56,387 [Listener at 127.0.0.1/41931] INFO  handler.ContextHandler (ContextHandler.java:doStop(1159)) - Stopped o.e.j.s.ServletContextHandler@5f1975cd{static,/static,file:///home/runner/work/ozone/ozone/hadoop-ozone/integration-test/target/test-classes/webapps/static,STOPPED}
2023-02-28 04:33:56,387 [Listener at 127.0.0.1/41931] INFO  handler.ContextHandler (ContextHandler.java:doStop(1159)) - Stopped o.e.j.s.ServletContextHandler@274e52b7{logs,/logs,file:///home/runner/work/ozone/ozone/hadoop-ozone/integration-test/target/log,STOPPED}
2023-02-28 04:33:56,392 [Listener at 127.0.0.1/41931] INFO  ozone.MiniOzoneHAClusterImpl (MiniOzoneHAClusterImpl.java:stop(312)) - Stopping the OzoneManager omNode-2
2023-02-28 04:33:56,392 [Listener at 127.0.0.1/41931] INFO  om.OzoneManager (OzoneManager.java:stop(2153)) - omNode-2[localhost:46181]: Stopping Ozone Manager
2023-02-28 04:33:56,393 [Listener at 127.0.0.1/41931] INFO  ipc.Server (Server.java:stop(3428)) - Stopping server on 46181
2023-02-28 04:33:56,394 [IPC Server listener on 46181] INFO  ipc.Server (Server.java:run(1384)) - Stopping IPC Server listener on 46181
2023-02-28 04:33:56,398 [IPC Server Responder] INFO  ipc.Server (Server.java:run(1517)) - Stopping IPC Server Responder
2023-02-28 04:33:56,398 [Listener at 127.0.0.1/41931] INFO  server.RaftServer (RaftServerProxy.java:lambda$close$6(409)) - omNode-2: close
2023-02-28 04:33:56,399 [omNode-2-impl-thread1] INFO  server.RaftServer$Division (RaftServerImpl.java:lambda$close$4(458)) - omNode-2@group-523986131536: shutdown
2023-02-28 04:33:56,399 [omNode-2-impl-thread1] INFO  util.JmxRegister (JmxRegister.java:unregister(73)) - Successfully un-registered JMX Bean with object name Ratis:service=RaftServer,group=group-523986131536,id=omNode-2
2023-02-28 04:33:56,399 [omNode-2-impl-thread1] INFO  impl.RoleInfo (RoleInfo.java:shutdownFollowerState(110)) - omNode-2: shutdown omNode-2@group-523986131536-FollowerState
2023-02-28 04:33:56,399 [omNode-2-impl-thread1] INFO  impl.StateMachineUpdater (StateMachineUpdater.java:stopAndJoin(153)) - omNode-2@group-523986131536-StateMachineUpdater: set stopIndex = 708
2023-02-28 04:33:56,399 [omNode-2@group-523986131536-FollowerState] INFO  impl.FollowerState (FollowerState.java:run(152)) - omNode-2@group-523986131536-FollowerState was interrupted
2023-02-28 04:33:56,399 [omNode-2@group-523986131536-StateMachineUpdater] INFO  ratis.OzoneManagerStateMachine (OzoneManagerStateMachine.java:takeSnapshot(445)) - Current Snapshot Index (t:1, i:708)
2023-02-28 04:33:56,399 [Listener at 127.0.0.1/41931] INFO  server.GrpcService (GrpcService.java:closeImpl(271)) - omNode-2: shutdown server GrpcServerProtocolService now
2023-02-28 04:33:56,399 [Listener at 127.0.0.1/41931] INFO  server.GrpcService (GrpcService.java:closeImpl(280)) - omNode-2: shutdown server GrpcServerProtocolService successfully
2023-02-28 04:33:56,405 [omNode-2@group-523986131536-StateMachineUpdater] INFO  impl.StateMachineUpdater (StateMachineUpdater.java:takeSnapshot(287)) - omNode-2@group-523986131536-StateMachineUpdater: Took a snapshot at index 708
2023-02-28 04:33:56,405 [omNode-2@group-523986131536-StateMachineUpdater] INFO  impl.StateMachineUpdater (StateMachineUpdater.java:lambda$new$0(92)) - omNode-2@group-523986131536-StateMachineUpdater: snapshotIndex: updateIncreasingly -1 -> 708
2023-02-28 04:33:56,405 [omNode-2@group-523986131536-StateMachineUpdater] INFO  ratis.OzoneManagerStateMachine (OzoneManagerStateMachine.java:close(499)) - StateMachine has shutdown. Shutdown OzoneManager if not already shutdown.
2023-02-28 04:33:56,406 [omNode-2@group-523986131536-StateMachineUpdater] INFO  ratis.OzoneManagerDoubleBuffer (OzoneManagerDoubleBuffer.java:stopDaemon(540)) - Stopping OMDoubleBuffer flush thread
2023-02-28 04:33:56,406 [OMDoubleBufferFlushThread] INFO  ratis.OzoneManagerDoubleBuffer (OzoneManagerDoubleBuffer.java:canFlush(625)) - OMDoubleBuffer flush thread OMDoubleBufferFlushThread is interrupted and will exit.
2023-02-28 04:33:56,406 [omNode-2-impl-thread1] INFO  server.RaftServer$Division (ServerState.java:close(466)) - omNode-2@group-523986131536: closes. applyIndex: 708
2023-02-28 04:33:56,406 [omNode-2@group-523986131536-SegmentedRaftLogWorker] INFO  segmented.SegmentedRaftLogWorker (SegmentedRaftLogWorker.java:run(347)) - omNode-2@group-523986131536-SegmentedRaftLogWorker was interrupted, exiting. There are 0 tasks remaining in the queue.
2023-02-28 04:33:56,407 [omNode-2-impl-thread1] INFO  segmented.SegmentedRaftLogWorker (SegmentedRaftLogWorker.java:close(257)) - omNode-2@group-523986131536-SegmentedRaftLogWorker close()
2023-02-28 04:33:56,407 [JvmPauseMonitor7] INFO  util.JvmPauseMonitor (JvmPauseMonitor.java:run(111)) - JvmPauseMonitor-omNode-2: Stopped
2023-02-28 04:33:56,407 [Listener at 127.0.0.1/41931] INFO  ratis.OzoneManagerStateMachine (OzoneManagerStateMachine.java:close(499)) - StateMachine has shutdown. Shutdown OzoneManager if not already shutdown.
2023-02-28 04:33:56,407 [Listener at 127.0.0.1/41931] INFO  ratis.OzoneManagerDoubleBuffer (OzoneManagerDoubleBuffer.java:stopDaemon(549)) - OMDoubleBuffer flush thread is not running.
2023-02-28 04:33:56,408 [Listener at 127.0.0.1/41931] INFO  utils.BackgroundService (BackgroundService.java:shutdown(141)) - Shutting down service KeyDeletingService
2023-02-28 04:33:56,409 [Listener at 127.0.0.1/41931] INFO  utils.BackgroundService (BackgroundService.java:shutdown(141)) - Shutting down service DirectoryDeletingService
2023-02-28 04:33:56,409 [Listener at 127.0.0.1/41931] INFO  utils.BackgroundService (BackgroundService.java:shutdown(141)) - Shutting down service OpenKeyCleanupService
2023-02-28 04:33:56,409 [Listener at 127.0.0.1/41931] INFO  utils.BackgroundService (BackgroundService.java:shutdown(141)) - Shutting down service SstFilteringService
2023-02-28 04:33:56,410 [Listener at 127.0.0.1/41931] INFO  handler.ContextHandler (ContextHandler.java:doStop(1159)) - Stopped o.e.j.w.WebAppContext@539c20ed{ozoneManager,/,null,STOPPED}{file:/home/runner/work/ozone/ozone/hadoop-ozone/integration-test/target/test-classes/webapps/ozoneManager}
2023-02-28 04:33:56,412 [Listener at 127.0.0.1/41931] INFO  server.AbstractConnector (AbstractConnector.java:doStop(383)) - Stopped ServerConnector@128746ba{HTTP/1.1, (http/1.1)}{0.0.0.0:42569}
2023-02-28 04:33:56,412 [Listener at 127.0.0.1/41931] INFO  server.session (HouseKeeper.java:stopScavenging(149)) - node0 Stopped scavenging
2023-02-28 04:33:56,412 [Listener at 127.0.0.1/41931] INFO  handler.ContextHandler (ContextHandler.java:doStop(1159)) - Stopped o.e.j.s.ServletContextHandler@4afe8f90{static,/static,file:///home/runner/work/ozone/ozone/hadoop-ozone/integration-test/target/test-classes/webapps/static,STOPPED}
2023-02-28 04:33:56,413 [Listener at 127.0.0.1/41931] INFO  handler.ContextHandler (ContextHandler.java:doStop(1159)) - Stopped o.e.j.s.ServletContextHandler@76226519{logs,/logs,file:///home/runner/work/ozone/ozone/hadoop-ozone/integration-test/target/log,STOPPED}
2023-02-28 04:33:56,420 [Listener at 127.0.0.1/41931] INFO  ozone.MiniOzoneHAClusterImpl (MiniOzoneHAClusterImpl.java:stop(320)) - Stopping the StorageContainerManager 65570e26-cf2c-443d-9530-d9041f8de29f
2023-02-28 04:33:56,420 [Listener at 127.0.0.1/41931] INFO  server.StorageContainerManager (StorageContainerManager.java:stop(1531)) - Container Balancer is not running.
2023-02-28 04:33:56,420 [Listener at 127.0.0.1/41931] INFO  server.StorageContainerManager (StorageContainerManager.java:stop(1538)) - Stopping Replication Manager Service.
2023-02-28 04:33:56,420 [Listener at 127.0.0.1/41931] INFO  replication.ReplicationManager (ReplicationManager.java:stop(299)) - Stopping Replication Monitor Thread.
2023-02-28 04:33:56,420 [Under Replicated Processor] WARN  replication.UnhealthyReplicationProcessor (UnhealthyReplicationProcessor.java:run(153)) - Under Replicated Processor interrupted. Exiting...
2023-02-28 04:33:56,420 [Listener at 127.0.0.1/41931] INFO  server.StorageContainerManager (StorageContainerManager.java:stop(1545)) - Stopping the Datanode Admin Monitor.
2023-02-28 04:33:56,420 [Over Replicated Processor] WARN  replication.UnhealthyReplicationProcessor (UnhealthyReplicationProcessor.java:run(153)) - Over Replicated Processor interrupted. Exiting...
2023-02-28 04:33:56,420 [ReplicationMonitor] INFO  replication.ReplicationManager (ReplicationManager.java:run(746)) - Replication Monitor Thread is stopped
2023-02-28 04:33:56,420 [Listener at 127.0.0.1/41931] INFO  server.StorageContainerManager (StorageContainerManager.java:stop(1552)) - Stopping datanode service RPC server
2023-02-28 04:33:56,420 [Listener at 127.0.0.1/41931] INFO  server.SCMDatanodeProtocolServer (SCMDatanodeProtocolServer.java:stop(424)) - Stopping the RPC server for DataNodes
2023-02-28 04:33:56,421 [Listener at 127.0.0.1/41931] INFO  ipc.Server (Server.java:stop(3428)) - Stopping server on 32873
2023-02-28 04:33:56,421 [IPC Server listener on 0] INFO  ipc.Server (Server.java:run(1384)) - Stopping IPC Server listener on 0
2023-02-28 04:33:56,427 [IPC Server Responder] INFO  ipc.Server (Server.java:run(1517)) - Stopping IPC Server Responder
2023-02-28 04:33:56,432 [SCM Heartbeat Processing Thread - 0] WARN  node.NodeStateManager (NodeStateManager.java:scheduleNextHealthCheck(870)) - Current Thread is interrupted, shutting down HB processing thread for Node Manager.
2023-02-28 04:33:56,432 [Listener at 127.0.0.1/41931] INFO  server.StorageContainerManager (StorageContainerManager.java:stop(1560)) - Stopping block service RPC server
2023-02-28 04:33:56,433 [Listener at 127.0.0.1/41931] INFO  server.SCMBlockProtocolServer (SCMBlockProtocolServer.java:stop(161)) - Stopping the RPC server for Block Protocol
2023-02-28 04:33:56,433 [Listener at 127.0.0.1/41931] INFO  ipc.Server (Server.java:stop(3428)) - Stopping server on 35615
2023-02-28 04:33:56,435 [IPC Server listener on 0] INFO  ipc.Server (Server.java:run(1384)) - Stopping IPC Server listener on 0
2023-02-28 04:33:56,435 [IPC Server Responder] INFO  ipc.Server (Server.java:run(1517)) - Stopping IPC Server Responder
2023-02-28 04:33:56,436 [Listener at 127.0.0.1/41931] INFO  server.StorageContainerManager (StorageContainerManager.java:stop(1567)) - Stopping the StorageContainerLocationProtocol RPC server
2023-02-28 04:33:56,436 [Listener at 127.0.0.1/41931] INFO  server.SCMClientProtocolServer (SCMClientProtocolServer.java:stop(185)) - Stopping the RPC server for Client Protocol
2023-02-28 04:33:56,436 [Listener at 127.0.0.1/41931] INFO  ipc.Server (Server.java:stop(3428)) - Stopping server on 45147
2023-02-28 04:33:56,437 [IPC Server listener on 0] INFO  ipc.Server (Server.java:run(1384)) - Stopping IPC Server listener on 0
2023-02-28 04:33:56,438 [IPC Server Responder] INFO  ipc.Server (Server.java:run(1517)) - Stopping IPC Server Responder
2023-02-28 04:33:56,438 [Listener at 127.0.0.1/41931] INFO  server.StorageContainerManager (StorageContainerManager.java:stop(1574)) - Stopping Storage Container Manager HTTP server.
2023-02-28 04:33:56,438 [Listener at 127.0.0.1/41931] INFO  handler.ContextHandler (ContextHandler.java:doStop(1159)) - Stopped o.e.j.w.WebAppContext@7bc488b7{scm,/,null,STOPPED}{file:/home/runner/work/ozone/ozone/hadoop-ozone/integration-test/target/test-classes/webapps/scm}
2023-02-28 04:33:56,439 [Listener at 127.0.0.1/41931] INFO  server.AbstractConnector (AbstractConnector.java:doStop(383)) - Stopped ServerConnector@6eee8eed{HTTP/1.1, (http/1.1)}{0.0.0.0:0}
2023-02-28 04:33:56,439 [Listener at 127.0.0.1/41931] INFO  server.session (HouseKeeper.java:stopScavenging(149)) - node0 Stopped scavenging
2023-02-28 04:33:56,439 [Listener at 127.0.0.1/41931] INFO  handler.ContextHandler (ContextHandler.java:doStop(1159)) - Stopped o.e.j.s.ServletContextHandler@71c73775{static,/static,file:///home/runner/work/ozone/ozone/hadoop-ozone/integration-test/target/test-classes/webapps/static,STOPPED}
2023-02-28 04:33:56,440 [Listener at 127.0.0.1/41931] INFO  handler.ContextHandler (ContextHandler.java:doStop(1159)) - Stopped o.e.j.s.ServletContextHandler@107a9490{logs,/logs,file:///home/runner/work/ozone/ozone/hadoop-ozone/integration-test/target/log,STOPPED}
2023-02-28 04:33:56,440 [Listener at 127.0.0.1/41931] INFO  server.StorageContainerManager (StorageContainerManager.java:stop(1582)) - Stopping SCM LayoutVersionManager Service.
2023-02-28 04:33:56,440 [Listener at 127.0.0.1/41931] INFO  server.StorageContainerManager (StorageContainerManager.java:stop(1590)) - Stopping Block Manager Service.
2023-02-28 04:33:56,440 [Listener at 127.0.0.1/41931] INFO  utils.BackgroundService (BackgroundService.java:shutdown(141)) - Shutting down service SCMBlockDeletingService
2023-02-28 04:33:56,440 [Listener at 127.0.0.1/41931] INFO  utils.BackgroundService (BackgroundService.java:shutdown(141)) - Shutting down service SCMBlockDeletingService
2023-02-28 04:33:56,441 [Listener at 127.0.0.1/41931] INFO  server.StorageContainerManager (StorageContainerManager.java:stop(1612)) - Stopping SCM Event Queue.
2023-02-28 04:33:56,442 [Listener at 127.0.0.1/41931] INFO  server.StorageContainerManager (StorageContainerManager.java:stop(1623)) - Stopping SCM HA services.
2023-02-28 04:33:56,442 [Listener at 127.0.0.1/41931] INFO  pipeline.BackgroundPipelineCreator (BackgroundPipelineCreator.java:stop(149)) - Stopping RatisPipelineUtilsThread.
2023-02-28 04:33:56,442 [RatisPipelineUtilsThread - 0] WARN  pipeline.BackgroundPipelineCreator (BackgroundPipelineCreator.java:run(180)) - RatisPipelineUtilsThread is interrupted.
2023-02-28 04:33:56,442 [BackgroundPipelineScrubberThread] WARN  BackgroundPipelineScrubber (BackgroundSCMService.java:run(115)) - BackgroundPipelineScrubber is interrupted, exit
2023-02-28 04:33:56,443 [Listener at 127.0.0.1/41931] INFO  BackgroundPipelineScrubber (BackgroundSCMService.java:stop(131)) - Stopping BackgroundPipelineScrubber Service.
2023-02-28 04:33:56,444 [Listener at 127.0.0.1/41931] INFO  impl.MetricsSystemImpl (MetricsSystemImpl.java:stop(210)) - Stopping HddsDatanode metrics system...
2023-02-28 04:33:56,455 [prometheus] INFO  impl.MetricsSinkAdapter (MetricsSinkAdapter.java:publishMetricsFromQueue(141)) - prometheus thread interrupted.
2023-02-28 04:33:56,455 [Listener at 127.0.0.1/41931] INFO  impl.MetricsSystemImpl (MetricsSystemImpl.java:stop(216)) - HddsDatanode metrics system stopped.
2023-02-28 04:33:56,455 [Listener at 127.0.0.1/41931] WARN  pipeline.BackgroundPipelineCreator (BackgroundPipelineCreator.java:stop(145)) - RatisPipelineUtilsThread is not running, just ignore.
2023-02-28 04:33:56,455 [Listener at 127.0.0.1/41931] INFO  BackgroundPipelineScrubber (BackgroundSCMService.java:stop(126)) - BackgroundPipelineScrubber Service is not running, skip stop.
2023-02-28 04:33:56,456 [Listener at 127.0.0.1/41931] INFO  ExpiredContainerReplicaOpScrubber (BackgroundSCMService.java:stop(131)) - Stopping ExpiredContainerReplicaOpScrubber Service.
2023-02-28 04:33:56,456 [ExpiredContainerReplicaOpScrubberThread] WARN  ExpiredContainerReplicaOpScrubber (BackgroundSCMService.java:run(115)) - ExpiredContainerReplicaOpScrubber is interrupted, exit
2023-02-28 04:33:56,456 [Listener at 127.0.0.1/41931] INFO  utils.BackgroundService (BackgroundService.java:shutdown(141)) - Shutting down service SCMBlockDeletingService
2023-02-28 04:33:56,457 [Listener at 127.0.0.1/41931] INFO  replication.ReplicationManager (ReplicationManager.java:stop(309)) - Replication Monitor Thread is not running.
2023-02-28 04:33:56,457 [Listener at 127.0.0.1/41931] WARN  balancer.ContainerBalancer (ContainerBalancer.java:stop(322)) - Cannot stop Container Balancer because it's not running or stopping
2023-02-28 04:33:56,457 [Listener at 127.0.0.1/41931] INFO  server.StorageContainerManager (StorageContainerManager.java:stop(1641)) - Stopping SCM MetadataStore.
2023-02-28 04:33:56,458 [Listener at 127.0.0.1/41931] INFO  ozone.MiniOzoneClusterImpl (MiniOzoneClusterImpl.java:stop(465)) - Stopping the Mini Ozone Cluster
2023-02-28 04:33:56,458 [Listener at 127.0.0.1/41931] INFO  ozone.MiniOzoneClusterImpl (MiniOzoneClusterImpl.java:stopDatanodes(524)) - Stopping the HddsDatanodes
2023-02-28 04:33:56,460 [ForkJoinPool.commonPool-worker-1] INFO  ozoneimpl.OzoneContainer (OzoneContainer.java:stop(420)) - Attempting to stop container services.
2023-02-28 04:33:56,460 [Listener at 127.0.0.1/41931] INFO  ozoneimpl.OzoneContainer (OzoneContainer.java:stop(420)) - Attempting to stop container services.
2023-02-28 04:33:56,460 [ForkJoinPool.commonPool-worker-1] INFO  server.RaftServer (RaftServerProxy.java:lambda$close$6(409)) - 29422ebe-f196-450d-94bb-6e1d0bb3bd81: close
2023-02-28 04:33:56,460 [29422ebe-f196-450d-94bb-6e1d0bb3bd81-impl-thread1] INFO  server.RaftServer$Division (RaftServerImpl.java:lambda$close$4(458)) - 29422ebe-f196-450d-94bb-6e1d0bb3bd81@group-E4F7E3FE802F: shutdown
2023-02-28 04:33:56,460 [29422ebe-f196-450d-94bb-6e1d0bb3bd81-impl-thread1] INFO  util.JmxRegister (JmxRegister.java:unregister(73)) - Successfully un-registered JMX Bean with object name Ratis:service=RaftServer,group=group-E4F7E3FE802F,id=29422ebe-f196-450d-94bb-6e1d0bb3bd81
2023-02-28 04:33:56,460 [29422ebe-f196-450d-94bb-6e1d0bb3bd81-impl-thread1] INFO  impl.RoleInfo (RoleInfo.java:shutdownLeaderState(93)) - 29422ebe-f196-450d-94bb-6e1d0bb3bd81: shutdown 29422ebe-f196-450d-94bb-6e1d0bb3bd81@group-E4F7E3FE802F-LeaderStateImpl
2023-02-28 04:33:56,465 [Listener at 127.0.0.1/41931] INFO  server.RaftServer (RaftServerProxy.java:lambda$close$6(409)) - 78ee39fe-738f-4360-8617-136cda5f4ce0: close
2023-02-28 04:33:56,466 [78ee39fe-738f-4360-8617-136cda5f4ce0-impl-thread1] INFO  server.RaftServer$Division (RaftServerImpl.java:lambda$close$4(458)) - 78ee39fe-738f-4360-8617-136cda5f4ce0@group-E4F7E3FE802F: shutdown
2023-02-28 04:33:56,466 [78ee39fe-738f-4360-8617-136cda5f4ce0-impl-thread1] INFO  util.JmxRegister (JmxRegister.java:unregister(73)) - Successfully un-registered JMX Bean with object name Ratis:service=RaftServer,group=group-E4F7E3FE802F,id=78ee39fe-738f-4360-8617-136cda5f4ce0
2023-02-28 04:33:56,466 [78ee39fe-738f-4360-8617-136cda5f4ce0-impl-thread1] INFO  impl.RoleInfo (RoleInfo.java:shutdownFollowerState(110)) - 78ee39fe-738f-4360-8617-136cda5f4ce0: shutdown 78ee39fe-738f-4360-8617-136cda5f4ce0@group-E4F7E3FE802F-FollowerState
2023-02-28 04:33:56,466 [78ee39fe-738f-4360-8617-136cda5f4ce0-impl-thread1] INFO  impl.StateMachineUpdater (StateMachineUpdater.java:stopAndJoin(153)) - 78ee39fe-738f-4360-8617-136cda5f4ce0@group-E4F7E3FE802F-StateMachineUpdater: set stopIndex = 174
2023-02-28 04:33:56,466 [78ee39fe-738f-4360-8617-136cda5f4ce0@group-E4F7E3FE802F-FollowerState] INFO  impl.FollowerState (FollowerState.java:run(152)) - 78ee39fe-738f-4360-8617-136cda5f4ce0@group-E4F7E3FE802F-FollowerState was interrupted
2023-02-28 04:33:56,469 [29422ebe-f196-450d-94bb-6e1d0bb3bd81@group-E4F7E3FE802F->63ce3e96-5e66-48af-ac7f-186cbfb55a60-GrpcLogAppender-LogAppenderDaemon] WARN  server.GrpcLogAppender (GrpcLogAppender.java:mayWait(200)) - 29422ebe-f196-450d-94bb-6e1d0bb3bd81@group-E4F7E3FE802F->63ce3e96-5e66-48af-ac7f-186cbfb55a60-GrpcLogAppender: Wait interrupted by java.lang.InterruptedException
2023-02-28 04:33:56,469 [29422ebe-f196-450d-94bb-6e1d0bb3bd81@group-E4F7E3FE802F->78ee39fe-738f-4360-8617-136cda5f4ce0-GrpcLogAppender-LogAppenderDaemon] WARN  server.GrpcLogAppender (GrpcLogAppender.java:mayWait(200)) - 29422ebe-f196-450d-94bb-6e1d0bb3bd81@group-E4F7E3FE802F->78ee39fe-738f-4360-8617-136cda5f4ce0-GrpcLogAppender: Wait interrupted by java.lang.InterruptedException
2023-02-28 04:33:56,469 [29422ebe-f196-450d-94bb-6e1d0bb3bd81-impl-thread1] INFO  impl.PendingRequests (PendingRequests.java:sendNotLeaderResponses(282)) - 29422ebe-f196-450d-94bb-6e1d0bb3bd81@group-E4F7E3FE802F-PendingRequests: sendNotLeaderResponses
2023-02-28 04:33:56,469 [grpc-default-executor-5] INFO  server.GrpcServerProtocolService (GrpcServerProtocolService.java:onCompleted(143)) - 78ee39fe-738f-4360-8617-136cda5f4ce0: Completed APPEND_ENTRIES, lastRequest: 29422ebe-f196-450d-94bb-6e1d0bb3bd81->78ee39fe-738f-4360-8617-136cda5f4ce0#1804-t1,previous=(t:1, i:175),leaderCommit=174,initializing? true,entries: size=1, first=(t:1, i:176), METADATAENTRY(c:174)
2023-02-28 04:33:56,470 [grpc-default-executor-6] INFO  server.GrpcServerProtocolService (GrpcServerProtocolService.java:onCompleted(143)) - 78ee39fe-738f-4360-8617-136cda5f4ce0: Completed APPEND_ENTRIES, lastRequest: null
2023-02-28 04:33:56,469 [grpc-default-executor-1] INFO  server.GrpcServerProtocolService (GrpcServerProtocolService.java:onCompleted(143)) - 63ce3e96-5e66-48af-ac7f-186cbfb55a60: Completed APPEND_ENTRIES, lastRequest: 29422ebe-f196-450d-94bb-6e1d0bb3bd81->63ce3e96-5e66-48af-ac7f-186cbfb55a60#1786-t1,previous=(t:1, i:175),leaderCommit=174,initializing? true,entries: size=1, first=(t:1, i:176), METADATAENTRY(c:174)
2023-02-28 04:33:56,470 [EndpointStateMachine task thread for /0.0.0.0:32873 - 0 ] WARN  statemachine.EndpointStateMachine (EndpointStateMachine.java:logIfNeeded(242)) - Unable to communicate to SCM server at 0.0.0.0:32873 for past 0 seconds.
java.io.EOFException: End of File Exception between local host is: "fv-az467-141/10.1.0.42"; destination host is: "0.0.0.0":32873; : java.io.EOFException; For more details see:  http://wiki.apache.org/hadoop/EOFException
	at sun.reflect.NativeConstructorAccessorImpl.newInstance0(Native Method)
	at sun.reflect.NativeConstructorAccessorImpl.newInstance(NativeConstructorAccessorImpl.java:62)
	at sun.reflect.DelegatingConstructorAccessorImpl.newInstance(DelegatingConstructorAccessorImpl.java:45)
	at java.lang.reflect.Constructor.newInstance(Constructor.java:423)
	at org.apache.hadoop.net.NetUtils.wrapWithMessage(NetUtils.java:913)
	at org.apache.hadoop.net.NetUtils.wrapException(NetUtils.java:862)
	at org.apache.hadoop.ipc.Client.getRpcResponse(Client.java:1616)
	at org.apache.hadoop.ipc.Client.call(Client.java:1558)
	at org.apache.hadoop.ipc.Client.call(Client.java:1455)
	at org.apache.hadoop.ipc.ProtobufRpcEngine$Invoker.invoke(ProtobufRpcEngine.java:235)
	at org.apache.hadoop.ipc.ProtobufRpcEngine$Invoker.invoke(ProtobufRpcEngine.java:122)
	at com.sun.proxy.$Proxy54.submitRequest(Unknown Source)
	at org.apache.hadoop.ozone.protocolPB.StorageContainerDatanodeProtocolClientSideTranslatorPB.submitRequest(StorageContainerDatanodeProtocolClientSideTranslatorPB.java:117)
	at org.apache.hadoop.ozone.protocolPB.StorageContainerDatanodeProtocolClientSideTranslatorPB.sendHeartbeat(StorageContainerDatanodeProtocolClientSideTranslatorPB.java:149)
	at org.apache.hadoop.ozone.container.common.states.endpoint.HeartbeatEndpointTask.call(HeartbeatEndpointTask.java:185)
	at org.apache.hadoop.ozone.container.common.states.endpoint.HeartbeatEndpointTask.call(HeartbeatEndpointTask.java:87)
	at java.util.concurrent.FutureTask.run(FutureTask.java:266)
	at java.util.concurrent.ThreadPoolExecutor.runWorker(ThreadPoolExecutor.java:1149)
	at java.util.concurrent.ThreadPoolExecutor$Worker.run(ThreadPoolExecutor.java:624)
	at java.lang.Thread.run(Thread.java:750)
Caused by: java.io.EOFException
	at java.io.DataInputStream.readInt(DataInputStream.java:392)
	at org.apache.hadoop.ipc.Client$IpcStreams.readResponse(Client.java:1922)
	at org.apache.hadoop.ipc.Client$Connection.receiveRpcResponse(Client.java:1238)
	at org.apache.hadoop.ipc.Client$Connection.run(Client.java:1134)
2023-02-28 04:33:56,474 [78ee39fe-738f-4360-8617-136cda5f4ce0@group-E4F7E3FE802F-StateMachineUpdater] INFO  ratis.ContainerStateMachine (ContainerStateMachine.java:takeSnapshot(308)) - group-E4F7E3FE802F: Taking a snapshot at:(t:1, i:174) file /home/runner/work/ozone/ozone/hadoop-ozone/integration-test/target/test-dir/MiniOzoneClusterImpl-2052965b-440d-4b09-b4b3-db311f243d80/datanode-1/data/ratis/d95e4b00-96cc-4d8d-9b9d-e4f7e3fe802f/sm/snapshot.1_174
2023-02-28 04:33:56,471 [ForkJoinPool.commonPool-worker-1] INFO  server.GrpcService (GrpcService.java:closeImpl(271)) - 29422ebe-f196-450d-94bb-6e1d0bb3bd81: shutdown server GrpcServerProtocolService now
2023-02-28 04:33:56,470 [29422ebe-f196-450d-94bb-6e1d0bb3bd81-impl-thread2] INFO  server.RaftServer$Division (RaftServerImpl.java:lambda$close$4(458)) - 29422ebe-f196-450d-94bb-6e1d0bb3bd81@group-568C69247F8F: shutdown
2023-02-28 04:33:56,470 [grpc-default-executor-5] INFO  server.GrpcLogAppender (GrpcLogAppender.java:onCompleted(415)) - 29422ebe-f196-450d-94bb-6e1d0bb3bd81@group-E4F7E3FE802F->78ee39fe-738f-4360-8617-136cda5f4ce0-AppendLogResponseHandler: follower responses appendEntries COMPLETED
2023-02-28 04:33:56,476 [grpc-default-executor-5] INFO  leader.FollowerInfo (FollowerInfoImpl.java:lambda$new$0(48)) - 29422ebe-f196-450d-94bb-6e1d0bb3bd81@group-E4F7E3FE802F->78ee39fe-738f-4360-8617-136cda5f4ce0: nextIndex: updateUnconditionally 177 -> 176
2023-02-28 04:33:56,470 [grpc-default-executor-6] INFO  server.GrpcServerProtocolService (GrpcServerProtocolService.java:onCompleted(143)) - 63ce3e96-5e66-48af-ac7f-186cbfb55a60: Completed APPEND_ENTRIES, lastRequest: null
2023-02-28 04:33:56,477 [grpc-default-executor-5] INFO  server.GrpcLogAppender (GrpcLogAppender.java:onCompleted(415)) - 29422ebe-f196-450d-94bb-6e1d0bb3bd81@group-E4F7E3FE802F->63ce3e96-5e66-48af-ac7f-186cbfb55a60-AppendLogResponseHandler: follower responses appendEntries COMPLETED
2023-02-28 04:33:56,477 [grpc-default-executor-5] INFO  leader.FollowerInfo (FollowerInfoImpl.java:lambda$new$0(48)) - 29422ebe-f196-450d-94bb-6e1d0bb3bd81@group-E4F7E3FE802F->63ce3e96-5e66-48af-ac7f-186cbfb55a60: nextIndex: updateUnconditionally 177 -> 176
2023-02-28 04:33:56,477 [29422ebe-f196-450d-94bb-6e1d0bb3bd81-impl-thread2] INFO  util.JmxRegister (JmxRegister.java:unregister(73)) - Successfully un-registered JMX Bean with object name Ratis:service=RaftServer,group=group-568C69247F8F,id=29422ebe-f196-450d-94bb-6e1d0bb3bd81
2023-02-28 04:33:56,477 [29422ebe-f196-450d-94bb-6e1d0bb3bd81-impl-thread2] INFO  impl.RoleInfo (RoleInfo.java:shutdownFollowerState(110)) - 29422ebe-f196-450d-94bb-6e1d0bb3bd81: shutdown 29422ebe-f196-450d-94bb-6e1d0bb3bd81@group-568C69247F8F-FollowerState
2023-02-28 04:33:56,477 [29422ebe-f196-450d-94bb-6e1d0bb3bd81@group-568C69247F8F-StateMachineUpdater] INFO  ratis.ContainerStateMachine (ContainerStateMachine.java:takeSnapshot(308)) - group-568C69247F8F: Taking a snapshot at:(t:1, i:240) file /home/runner/work/ozone/ozone/hadoop-ozone/integration-test/target/test-dir/MiniOzoneClusterImpl-2052965b-440d-4b09-b4b3-db311f243d80/datanode-0/data/ratis/8becd6ad-658d-412c-9231-568c69247f8f/sm/snapshot.1_240
2023-02-28 04:33:56,470 [grpc-default-executor-2] INFO  server.GrpcLogAppender (GrpcLogAppender.java:onCompleted(415)) - 29422ebe-f196-450d-94bb-6e1d0bb3bd81@group-E4F7E3FE802F->63ce3e96-5e66-48af-ac7f-186cbfb55a60-AppendLogResponseHandler: follower responses appendEntries COMPLETED
2023-02-28 04:33:56,477 [grpc-default-executor-2] INFO  leader.FollowerInfo (FollowerInfoImpl.java:lambda$new$0(48)) - 29422ebe-f196-450d-94bb-6e1d0bb3bd81@group-E4F7E3FE802F->63ce3e96-5e66-48af-ac7f-186cbfb55a60: nextIndex: updateUnconditionally 176 -> 175
2023-02-28 04:33:56,477 [29422ebe-f196-450d-94bb-6e1d0bb3bd81@group-568C69247F8F-FollowerState] INFO  impl.FollowerState (FollowerState.java:run(152)) - 29422ebe-f196-450d-94bb-6e1d0bb3bd81@group-568C69247F8F-FollowerState was interrupted
2023-02-28 04:33:56,470 [grpc-default-executor-1] INFO  server.GrpcLogAppender (GrpcLogAppender.java:onCompleted(415)) - 29422ebe-f196-450d-94bb-6e1d0bb3bd81@group-E4F7E3FE802F->78ee39fe-738f-4360-8617-136cda5f4ce0-AppendLogResponseHandler: follower responses appendEntries COMPLETED
2023-02-28 04:33:56,477 [grpc-default-executor-1] INFO  leader.FollowerInfo (FollowerInfoImpl.java:lambda$new$0(48)) - 29422ebe-f196-450d-94bb-6e1d0bb3bd81@group-E4F7E3FE802F->78ee39fe-738f-4360-8617-136cda5f4ce0: nextIndex: updateUnconditionally 176 -> 175
2023-02-28 04:33:56,478 [grpc-default-executor-2] WARN  server.GrpcClientProtocolService (LogUtils.java:warn(122)) - 3-UnorderedRequestStreamObserver3: onError: org.apache.ratis.thirdparty.io.grpc.StatusRuntimeException: CANCELLED: client cancelled
2023-02-28 04:33:56,479 [grpc-default-executor-4] WARN  server.GrpcClientProtocolService (LogUtils.java:warn(122)) - 2-UnorderedRequestStreamObserver2: onError: org.apache.ratis.thirdparty.io.grpc.StatusRuntimeException: CANCELLED: client cancelled
2023-02-28 04:33:56,479 [grpc-default-executor-6] WARN  server.GrpcServerProtocolService (LogUtils.java:warn(122)) - 29422ebe-f196-450d-94bb-6e1d0bb3bd81: installSnapshot onError, lastRequest: null: org.apache.ratis.thirdparty.io.grpc.StatusRuntimeException: CANCELLED: client cancelled
2023-02-28 04:33:56,479 [78ee39fe-738f-4360-8617-136cda5f4ce0@group-E4F7E3FE802F-StateMachineUpdater] INFO  ratis.ContainerStateMachine (ContainerStateMachine.java:takeSnapshot(319)) - group-E4F7E3FE802F: Finished taking a snapshot at:(t:1, i:174) file:/home/runner/work/ozone/ozone/hadoop-ozone/integration-test/target/test-dir/MiniOzoneClusterImpl-2052965b-440d-4b09-b4b3-db311f243d80/datanode-1/data/ratis/d95e4b00-96cc-4d8d-9b9d-e4f7e3fe802f/sm/snapshot.1_174 took: 5 ms
2023-02-28 04:33:56,479 [grpc-default-executor-5] WARN  server.GrpcServerProtocolService (LogUtils.java:warn(122)) - 29422ebe-f196-450d-94bb-6e1d0bb3bd81: installSnapshot onError, lastRequest: 63ce3e96-5e66-48af-ac7f-186cbfb55a60->29422ebe-f196-450d-94bb-6e1d0bb3bd81#2154-t1,previous=(t:1, i:239),leaderCommit=238,initializing? true,entries: size=1, first=(t:1, i:240), METADATAENTRY(c:238): org.apache.ratis.thirdparty.io.grpc.StatusRuntimeException: CANCELLED: client cancelled
2023-02-28 04:33:56,479 [29422ebe-f196-450d-94bb-6e1d0bb3bd81@group-568C69247F8F-StateMachineUpdater] INFO  ratis.ContainerStateMachine (ContainerStateMachine.java:takeSnapshot(319)) - group-568C69247F8F: Finished taking a snapshot at:(t:1, i:240) file:/home/runner/work/ozone/ozone/hadoop-ozone/integration-test/target/test-dir/MiniOzoneClusterImpl-2052965b-440d-4b09-b4b3-db311f243d80/datanode-0/data/ratis/8becd6ad-658d-412c-9231-568c69247f8f/sm/snapshot.1_240 took: 2 ms
2023-02-28 04:33:56,479 [78ee39fe-738f-4360-8617-136cda5f4ce0@group-E4F7E3FE802F-StateMachineUpdater] INFO  impl.StateMachineUpdater (StateMachineUpdater.java:takeSnapshot(287)) - 78ee39fe-738f-4360-8617-136cda5f4ce0@group-E4F7E3FE802F-StateMachineUpdater: Took a snapshot at index 174
2023-02-28 04:33:56,479 [78ee39fe-738f-4360-8617-136cda5f4ce0@group-E4F7E3FE802F-StateMachineUpdater] INFO  impl.StateMachineUpdater (StateMachineUpdater.java:lambda$new$0(92)) - 78ee39fe-738f-4360-8617-136cda5f4ce0@group-E4F7E3FE802F-StateMachineUpdater: snapshotIndex: updateIncreasingly -1 -> 174
2023-02-28 04:33:56,479 [29422ebe-f196-450d-94bb-6e1d0bb3bd81@group-568C69247F8F-StateMachineUpdater] INFO  impl.StateMachineUpdater (StateMachineUpdater.java:takeSnapshot(287)) - 29422ebe-f196-450d-94bb-6e1d0bb3bd81@group-568C69247F8F-StateMachineUpdater: Took a snapshot at index 240
2023-02-28 04:33:56,479 [29422ebe-f196-450d-94bb-6e1d0bb3bd81@group-568C69247F8F-StateMachineUpdater] INFO  impl.StateMachineUpdater (StateMachineUpdater.java:lambda$new$0(92)) - 29422ebe-f196-450d-94bb-6e1d0bb3bd81@group-568C69247F8F-StateMachineUpdater: snapshotIndex: updateIncreasingly -1 -> 240
2023-02-28 04:33:56,479 [78ee39fe-738f-4360-8617-136cda5f4ce0-impl-thread1] INFO  server.RaftServer$Division (ServerState.java:close(466)) - 78ee39fe-738f-4360-8617-136cda5f4ce0@group-E4F7E3FE802F: closes. applyIndex: 174
2023-02-28 04:33:56,480 [78ee39fe-738f-4360-8617-136cda5f4ce0@group-E4F7E3FE802F-SegmentedRaftLogWorker] INFO  segmented.SegmentedRaftLogWorker (SegmentedRaftLogWorker.java:run(347)) - 78ee39fe-738f-4360-8617-136cda5f4ce0@group-E4F7E3FE802F-SegmentedRaftLogWorker was interrupted, exiting. There are 0 tasks remaining in the queue.
2023-02-28 04:33:56,480 [78ee39fe-738f-4360-8617-136cda5f4ce0-impl-thread1] INFO  segmented.SegmentedRaftLogWorker (SegmentedRaftLogWorker.java:close(257)) - 78ee39fe-738f-4360-8617-136cda5f4ce0@group-E4F7E3FE802F-SegmentedRaftLogWorker close()
2023-02-28 04:33:56,481 [grpc-default-executor-6] WARN  server.GrpcLogAppender (LogUtils.java:warn(122)) - 63ce3e96-5e66-48af-ac7f-186cbfb55a60@group-568C69247F8F->29422ebe-f196-450d-94bb-6e1d0bb3bd81-AppendLogResponseHandler: Failed appendEntries: org.apache.ratis.thirdparty.io.grpc.StatusRuntimeException: CANCELLED: RST_STREAM closed stream. HTTP/2 error code: CANCEL
2023-02-28 04:33:56,481 [grpc-default-executor-6] INFO  leader.FollowerInfo (FollowerInfoImpl.java:lambda$new$0(48)) - 63ce3e96-5e66-48af-ac7f-186cbfb55a60@group-568C69247F8F->29422ebe-f196-450d-94bb-6e1d0bb3bd81: nextIndex: updateUnconditionally 241 -> 240
2023-02-28 04:33:56,481 [grpc-default-executor-5] WARN  server.GrpcLogAppender (LogUtils.java:warn(122)) - 63ce3e96-5e66-48af-ac7f-186cbfb55a60@group-568C69247F8F->29422ebe-f196-450d-94bb-6e1d0bb3bd81-AppendLogResponseHandler: Failed appendEntries: org.apache.ratis.thirdparty.io.grpc.StatusRuntimeException: CANCELLED: RST_STREAM closed stream. HTTP/2 error code: CANCEL
2023-02-28 04:33:56,481 [grpc-default-executor-5] INFO  leader.FollowerInfo (FollowerInfoImpl.java:lambda$new$0(48)) - 63ce3e96-5e66-48af-ac7f-186cbfb55a60@group-568C69247F8F->29422ebe-f196-450d-94bb-6e1d0bb3bd81: nextIndex: updateUnconditionally 240 -> 239
2023-02-28 04:33:56,481 [29422ebe-f196-450d-94bb-6e1d0bb3bd81-impl-thread2] INFO  impl.StateMachineUpdater (StateMachineUpdater.java:stopAndJoin(153)) - 29422ebe-f196-450d-94bb-6e1d0bb3bd81@group-568C69247F8F-StateMachineUpdater: set stopIndex = 240
2023-02-28 04:33:56,476 [29422ebe-f196-450d-94bb-6e1d0bb3bd81-impl-thread3] INFO  server.RaftServer$Division (RaftServerImpl.java:lambda$close$4(458)) - 29422ebe-f196-450d-94bb-6e1d0bb3bd81@group-558B75489691: shutdown
2023-02-28 04:33:56,475 [29422ebe-f196-450d-94bb-6e1d0bb3bd81@group-E4F7E3FE802F-StateMachineUpdater] INFO  ratis.ContainerStateMachine (ContainerStateMachine.java:takeSnapshot(308)) - group-E4F7E3FE802F: Taking a snapshot at:(t:1, i:176) file /home/runner/work/ozone/ozone/hadoop-ozone/integration-test/target/test-dir/MiniOzoneClusterImpl-2052965b-440d-4b09-b4b3-db311f243d80/datanode-0/data/ratis/d95e4b00-96cc-4d8d-9b9d-e4f7e3fe802f/sm/snapshot.1_176
2023-02-28 04:33:56,475 [29422ebe-f196-450d-94bb-6e1d0bb3bd81-impl-thread1] INFO  impl.StateMachineUpdater (StateMachineUpdater.java:stopAndJoin(153)) - 29422ebe-f196-450d-94bb-6e1d0bb3bd81@group-E4F7E3FE802F-StateMachineUpdater: set stopIndex = 176
2023-02-28 04:33:56,493 [29422ebe-f196-450d-94bb-6e1d0bb3bd81-impl-thread3] INFO  util.JmxRegister (JmxRegister.java:unregister(73)) - Successfully un-registered JMX Bean with object name Ratis:service=RaftServer,group=group-558B75489691,id=29422ebe-f196-450d-94bb-6e1d0bb3bd81
2023-02-28 04:33:56,493 [29422ebe-f196-450d-94bb-6e1d0bb3bd81-impl-thread3] INFO  impl.RoleInfo (RoleInfo.java:shutdownLeaderState(93)) - 29422ebe-f196-450d-94bb-6e1d0bb3bd81: shutdown 29422ebe-f196-450d-94bb-6e1d0bb3bd81@group-558B75489691-LeaderStateImpl
2023-02-28 04:33:56,493 [29422ebe-f196-450d-94bb-6e1d0bb3bd81-impl-thread3] INFO  impl.PendingRequests (PendingRequests.java:sendNotLeaderResponses(282)) - 29422ebe-f196-450d-94bb-6e1d0bb3bd81@group-558B75489691-PendingRequests: sendNotLeaderResponses
2023-02-28 04:33:56,495 [29422ebe-f196-450d-94bb-6e1d0bb3bd81@group-E4F7E3FE802F-StateMachineUpdater] INFO  ratis.ContainerStateMachine (ContainerStateMachine.java:takeSnapshot(319)) - group-E4F7E3FE802F: Finished taking a snapshot at:(t:1, i:176) file:/home/runner/work/ozone/ozone/hadoop-ozone/integration-test/target/test-dir/MiniOzoneClusterImpl-2052965b-440d-4b09-b4b3-db311f243d80/datanode-0/data/ratis/d95e4b00-96cc-4d8d-9b9d-e4f7e3fe802f/sm/snapshot.1_176 took: 19 ms
2023-02-28 04:33:56,495 [grpc-default-executor-1] WARN  server.GrpcLogAppender (LogUtils.java:warn(122)) - 63ce3e96-5e66-48af-ac7f-186cbfb55a60@group-568C69247F8F->29422ebe-f196-450d-94bb-6e1d0bb3bd81-AppendLogResponseHandler: Failed appendEntries: org.apache.ratis.thirdparty.io.grpc.StatusRuntimeException: UNAVAILABLE: io exception
2023-02-28 04:33:56,495 [29422ebe-f196-450d-94bb-6e1d0bb3bd81@group-E4F7E3FE802F-StateMachineUpdater] INFO  impl.StateMachineUpdater (StateMachineUpdater.java:takeSnapshot(287)) - 29422ebe-f196-450d-94bb-6e1d0bb3bd81@group-E4F7E3FE802F-StateMachineUpdater: Took a snapshot at index 176
2023-02-28 04:33:56,495 [29422ebe-f196-450d-94bb-6e1d0bb3bd81@group-E4F7E3FE802F-StateMachineUpdater] INFO  impl.StateMachineUpdater (StateMachineUpdater.java:lambda$new$0(92)) - 29422ebe-f196-450d-94bb-6e1d0bb3bd81@group-E4F7E3FE802F-StateMachineUpdater: snapshotIndex: updateIncreasingly -1 -> 176
2023-02-28 04:33:56,495 [grpc-default-executor-1] INFO  leader.FollowerInfo (FollowerInfoImpl.java:lambda$new$0(48)) - 63ce3e96-5e66-48af-ac7f-186cbfb55a60@group-568C69247F8F->29422ebe-f196-450d-94bb-6e1d0bb3bd81: nextIndex: updateUnconditionally 240 -> 239
2023-02-28 04:33:56,496 [grpc-default-executor-1] WARN  server.GrpcLogAppender (LogUtils.java:warn(122)) - 63ce3e96-5e66-48af-ac7f-186cbfb55a60@group-568C69247F8F->29422ebe-f196-450d-94bb-6e1d0bb3bd81-AppendLogResponseHandler: Failed appendEntries: org.apache.ratis.thirdparty.io.grpc.StatusRuntimeException: UNAVAILABLE: io exception
2023-02-28 04:33:56,496 [grpc-default-executor-1] INFO  leader.FollowerInfo (FollowerInfoImpl.java:lambda$new$0(48)) - 63ce3e96-5e66-48af-ac7f-186cbfb55a60@group-568C69247F8F->29422ebe-f196-450d-94bb-6e1d0bb3bd81: nextIndex: updateUnconditionally 239 -> 238
2023-02-28 04:33:56,497 [78ee39fe-738f-4360-8617-136cda5f4ce0-impl-thread2] INFO  server.RaftServer$Division (RaftServerImpl.java:lambda$close$4(458)) - 78ee39fe-738f-4360-8617-136cda5f4ce0@group-568C69247F8F: shutdown
2023-02-28 04:33:56,497 [78ee39fe-738f-4360-8617-136cda5f4ce0-impl-thread2] INFO  util.JmxRegister (JmxRegister.java:unregister(73)) - Successfully un-registered JMX Bean with object name Ratis:service=RaftServer,group=group-568C69247F8F,id=78ee39fe-738f-4360-8617-136cda5f4ce0
2023-02-28 04:33:56,497 [78ee39fe-738f-4360-8617-136cda5f4ce0-impl-thread2] INFO  impl.RoleInfo (RoleInfo.java:shutdownFollowerState(110)) - 78ee39fe-738f-4360-8617-136cda5f4ce0: shutdown 78ee39fe-738f-4360-8617-136cda5f4ce0@group-568C69247F8F-FollowerState
2023-02-28 04:33:56,497 [78ee39fe-738f-4360-8617-136cda5f4ce0-impl-thread2] INFO  impl.StateMachineUpdater (StateMachineUpdater.java:stopAndJoin(153)) - 78ee39fe-738f-4360-8617-136cda5f4ce0@group-568C69247F8F-StateMachineUpdater: set stopIndex = 240
2023-02-28 04:33:56,490 [78ee39fe-738f-4360-8617-136cda5f4ce0-impl-thread3] INFO  server.RaftServer$Division (RaftServerImpl.java:lambda$close$4(458)) - 78ee39fe-738f-4360-8617-136cda5f4ce0@group-72A5CCC7F5D2: shutdown
2023-02-28 04:33:56,490 [Listener at 127.0.0.1/41931] INFO  server.GrpcService (GrpcService.java:closeImpl(271)) - 78ee39fe-738f-4360-8617-136cda5f4ce0: shutdown server GrpcServerProtocolService now
2023-02-28 04:33:56,490 [29422ebe-f196-450d-94bb-6e1d0bb3bd81-impl-thread2] INFO  server.RaftServer$Division (ServerState.java:close(466)) - 29422ebe-f196-450d-94bb-6e1d0bb3bd81@group-568C69247F8F: closes. applyIndex: 240
2023-02-28 04:33:56,489 [ForkJoinPool.commonPool-worker-1] INFO  server.GrpcServerProtocolClient (GrpcServerProtocolClient.java:close(101)) - 78ee39fe-738f-4360-8617-136cda5f4ce0 Close channels
2023-02-28 04:33:56,505 [29422ebe-f196-450d-94bb-6e1d0bb3bd81@group-568C69247F8F-SegmentedRaftLogWorker] INFO  segmented.SegmentedRaftLogWorker (SegmentedRaftLogWorker.java:run(347)) - 29422ebe-f196-450d-94bb-6e1d0bb3bd81@group-568C69247F8F-SegmentedRaftLogWorker was interrupted, exiting. There are 0 tasks remaining in the queue.
2023-02-28 04:33:56,506 [29422ebe-f196-450d-94bb-6e1d0bb3bd81-impl-thread2] INFO  segmented.SegmentedRaftLogWorker (SegmentedRaftLogWorker.java:close(257)) - 29422ebe-f196-450d-94bb-6e1d0bb3bd81@group-568C69247F8F-SegmentedRaftLogWorker close()
2023-02-28 04:33:56,505 [78ee39fe-738f-4360-8617-136cda5f4ce0-impl-thread3] INFO  util.JmxRegister (JmxRegister.java:unregister(73)) - Successfully un-registered JMX Bean with object name Ratis:service=RaftServer,group=group-72A5CCC7F5D2,id=78ee39fe-738f-4360-8617-136cda5f4ce0
2023-02-28 04:33:56,513 [78ee39fe-738f-4360-8617-136cda5f4ce0-impl-thread3] INFO  impl.RoleInfo (RoleInfo.java:shutdownLeaderState(93)) - 78ee39fe-738f-4360-8617-136cda5f4ce0: shutdown 78ee39fe-738f-4360-8617-136cda5f4ce0@group-72A5CCC7F5D2-LeaderStateImpl
2023-02-28 04:33:56,498 [78ee39fe-738f-4360-8617-136cda5f4ce0@group-568C69247F8F-FollowerState] INFO  impl.FollowerState (FollowerState.java:run(152)) - 78ee39fe-738f-4360-8617-136cda5f4ce0@group-568C69247F8F-FollowerState was interrupted
2023-02-28 04:33:56,498 [78ee39fe-738f-4360-8617-136cda5f4ce0@group-568C69247F8F-StateMachineUpdater] INFO  ratis.ContainerStateMachine (ContainerStateMachine.java:takeSnapshot(308)) - group-568C69247F8F: Taking a snapshot at:(t:1, i:240) file /home/runner/work/ozone/ozone/hadoop-ozone/integration-test/target/test-dir/MiniOzoneClusterImpl-2052965b-440d-4b09-b4b3-db311f243d80/datanode-1/data/ratis/8becd6ad-658d-412c-9231-568c69247f8f/sm/snapshot.1_240
2023-02-28 04:33:56,498 [29422ebe-f196-450d-94bb-6e1d0bb3bd81@group-558B75489691-StateMachineUpdater] INFO  ratis.ContainerStateMachine (ContainerStateMachine.java:takeSnapshot(308)) - group-558B75489691: Taking a snapshot at:(t:1, i:0) file /home/runner/work/ozone/ozone/hadoop-ozone/integration-test/target/test-dir/MiniOzoneClusterImpl-2052965b-440d-4b09-b4b3-db311f243d80/datanode-0/data/ratis/4d8720ac-a030-49d0-8855-558b75489691/sm/snapshot.1_0
2023-02-28 04:33:56,498 [29422ebe-f196-450d-94bb-6e1d0bb3bd81-impl-thread3] INFO  impl.StateMachineUpdater (StateMachineUpdater.java:stopAndJoin(153)) - 29422ebe-f196-450d-94bb-6e1d0bb3bd81@group-558B75489691-StateMachineUpdater: set stopIndex = 0
2023-02-28 04:33:56,498 [29422ebe-f196-450d-94bb-6e1d0bb3bd81-impl-thread1] INFO  server.RaftServer$Division (ServerState.java:close(466)) - 29422ebe-f196-450d-94bb-6e1d0bb3bd81@group-E4F7E3FE802F: closes. applyIndex: 176
2023-02-28 04:33:56,514 [29422ebe-f196-450d-94bb-6e1d0bb3bd81@group-558B75489691-StateMachineUpdater] INFO  ratis.ContainerStateMachine (ContainerStateMachine.java:takeSnapshot(319)) - group-558B75489691: Finished taking a snapshot at:(t:1, i:0) file:/home/runner/work/ozone/ozone/hadoop-ozone/integration-test/target/test-dir/MiniOzoneClusterImpl-2052965b-440d-4b09-b4b3-db311f243d80/datanode-0/data/ratis/4d8720ac-a030-49d0-8855-558b75489691/sm/snapshot.1_0 took: 16 ms
2023-02-28 04:33:56,514 [29422ebe-f196-450d-94bb-6e1d0bb3bd81@group-E4F7E3FE802F-SegmentedRaftLogWorker] INFO  segmented.SegmentedRaftLogWorker (SegmentedRaftLogWorker.java:run(347)) - 29422ebe-f196-450d-94bb-6e1d0bb3bd81@group-E4F7E3FE802F-SegmentedRaftLogWorker was interrupted, exiting. There are 0 tasks remaining in the queue.
2023-02-28 04:33:56,514 [29422ebe-f196-450d-94bb-6e1d0bb3bd81@group-558B75489691-StateMachineUpdater] INFO  impl.StateMachineUpdater (StateMachineUpdater.java:takeSnapshot(287)) - 29422ebe-f196-450d-94bb-6e1d0bb3bd81@group-558B75489691-StateMachineUpdater: Took a snapshot at index 0
2023-02-28 04:33:56,514 [29422ebe-f196-450d-94bb-6e1d0bb3bd81@group-558B75489691-StateMachineUpdater] INFO  impl.StateMachineUpdater (StateMachineUpdater.java:lambda$new$0(92)) - 29422ebe-f196-450d-94bb-6e1d0bb3bd81@group-558B75489691-StateMachineUpdater: snapshotIndex: updateIncreasingly -1 -> 0
2023-02-28 04:33:56,514 [29422ebe-f196-450d-94bb-6e1d0bb3bd81-impl-thread3] INFO  server.RaftServer$Division (ServerState.java:close(466)) - 29422ebe-f196-450d-94bb-6e1d0bb3bd81@group-558B75489691: closes. applyIndex: 0
2023-02-28 04:33:56,514 [29422ebe-f196-450d-94bb-6e1d0bb3bd81@group-558B75489691-SegmentedRaftLogWorker] INFO  segmented.SegmentedRaftLogWorker (SegmentedRaftLogWorker.java:run(347)) - 29422ebe-f196-450d-94bb-6e1d0bb3bd81@group-558B75489691-SegmentedRaftLogWorker was interrupted, exiting. There are 0 tasks remaining in the queue.
2023-02-28 04:33:56,513 [78ee39fe-738f-4360-8617-136cda5f4ce0-impl-thread3] INFO  impl.PendingRequests (PendingRequests.java:sendNotLeaderResponses(282)) - 78ee39fe-738f-4360-8617-136cda5f4ce0@group-72A5CCC7F5D2-PendingRequests: sendNotLeaderResponses
2023-02-28 04:33:56,509 [ForkJoinPool.commonPool-worker-1] INFO  server.GrpcServerProtocolClient (GrpcServerProtocolClient.java:close(101)) - 63ce3e96-5e66-48af-ac7f-186cbfb55a60 Close channels
2023-02-28 04:33:56,508 [grpc-default-executor-1] WARN  server.GrpcLogAppender (LogUtils.java:warn(122)) - 63ce3e96-5e66-48af-ac7f-186cbfb55a60@group-568C69247F8F->78ee39fe-738f-4360-8617-136cda5f4ce0-AppendLogResponseHandler: Failed appendEntries: org.apache.ratis.thirdparty.io.grpc.StatusRuntimeException: CANCELLED: RST_STREAM closed stream. HTTP/2 error code: CANCEL
2023-02-28 04:33:56,508 [grpc-default-executor-5] WARN  server.GrpcLogAppender (LogUtils.java:warn(122)) - 63ce3e96-5e66-48af-ac7f-186cbfb55a60@group-568C69247F8F->78ee39fe-738f-4360-8617-136cda5f4ce0-AppendLogResponseHandler: Failed appendEntries: org.apache.ratis.thirdparty.io.grpc.StatusRuntimeException: CANCELLED: RST_STREAM closed stream. HTTP/2 error code: CANCEL
2023-02-28 04:33:56,507 [grpc-default-executor-6] WARN  server.GrpcServerProtocolService (LogUtils.java:warn(122)) - 78ee39fe-738f-4360-8617-136cda5f4ce0: installSnapshot onError, lastRequest: 63ce3e96-5e66-48af-ac7f-186cbfb55a60->78ee39fe-738f-4360-8617-136cda5f4ce0#2159-t1,previous=(t:1, i:239),leaderCommit=238,initializing? true,entries: size=1, first=(t:1, i:240), METADATAENTRY(c:238): org.apache.ratis.thirdparty.io.grpc.StatusRuntimeException: CANCELLED: client cancelled
2023-02-28 04:33:56,507 [Listener at 127.0.0.1/41931] INFO  server.GrpcService (GrpcService.java:closeImpl(280)) - 78ee39fe-738f-4360-8617-136cda5f4ce0: shutdown server GrpcServerProtocolService successfully
2023-02-28 04:33:56,507 [grpc-default-executor-2] WARN  server.GrpcServerProtocolService (LogUtils.java:warn(122)) - 78ee39fe-738f-4360-8617-136cda5f4ce0: installSnapshot onError, lastRequest: null: org.apache.ratis.thirdparty.io.grpc.StatusRuntimeException: CANCELLED: client cancelled
2023-02-28 04:33:56,515 [78ee39fe-738f-4360-8617-136cda5f4ce0-NettyServerStreamRpc-bossGroup--thread1] INFO  logging.LoggingHandler (AbstractInternalLogger.java:log(148)) - [id: 0xe0992aa2, L:/0:0:0:0:0:0:0:0:32921] CLOSE
2023-02-28 04:33:56,515 [grpc-default-executor-1] INFO  leader.FollowerInfo (FollowerInfoImpl.java:lambda$new$0(48)) - 63ce3e96-5e66-48af-ac7f-186cbfb55a60@group-568C69247F8F->78ee39fe-738f-4360-8617-136cda5f4ce0: nextIndex: updateUnconditionally 241 -> 240
2023-02-28 04:33:56,515 [78ee39fe-738f-4360-8617-136cda5f4ce0-NettyServerStreamRpc-bossGroup--thread1] INFO  logging.LoggingHandler (AbstractInternalLogger.java:log(148)) - [id: 0xe0992aa2, L:/0:0:0:0:0:0:0:0:32921] INACTIVE
2023-02-28 04:33:56,515 [78ee39fe-738f-4360-8617-136cda5f4ce0-NettyServerStreamRpc-bossGroup--thread1] INFO  logging.LoggingHandler (AbstractInternalLogger.java:log(148)) - [id: 0xe0992aa2, L:/0:0:0:0:0:0:0:0:32921] UNREGISTERED
2023-02-28 04:33:56,515 [78ee39fe-738f-4360-8617-136cda5f4ce0@group-568C69247F8F-StateMachineUpdater] INFO  ratis.ContainerStateMachine (ContainerStateMachine.java:takeSnapshot(319)) - group-568C69247F8F: Finished taking a snapshot at:(t:1, i:240) file:/home/runner/work/ozone/ozone/hadoop-ozone/integration-test/target/test-dir/MiniOzoneClusterImpl-2052965b-440d-4b09-b4b3-db311f243d80/datanode-1/data/ratis/8becd6ad-658d-412c-9231-568c69247f8f/sm/snapshot.1_240 took: 17 ms
2023-02-28 04:33:56,526 [78ee39fe-738f-4360-8617-136cda5f4ce0@group-568C69247F8F-StateMachineUpdater] INFO  impl.StateMachineUpdater (StateMachineUpdater.java:takeSnapshot(287)) - 78ee39fe-738f-4360-8617-136cda5f4ce0@group-568C69247F8F-StateMachineUpdater: Took a snapshot at index 240
2023-02-28 04:33:56,526 [78ee39fe-738f-4360-8617-136cda5f4ce0@group-568C69247F8F-StateMachineUpdater] INFO  impl.StateMachineUpdater (StateMachineUpdater.java:lambda$new$0(92)) - 78ee39fe-738f-4360-8617-136cda5f4ce0@group-568C69247F8F-StateMachineUpdater: snapshotIndex: updateIncreasingly -1 -> 240
2023-02-28 04:33:56,515 [29422ebe-f196-450d-94bb-6e1d0bb3bd81-impl-thread3] INFO  segmented.SegmentedRaftLogWorker (SegmentedRaftLogWorker.java:close(257)) - 29422ebe-f196-450d-94bb-6e1d0bb3bd81@group-558B75489691-SegmentedRaftLogWorker close()
2023-02-28 04:33:56,514 [29422ebe-f196-450d-94bb-6e1d0bb3bd81-impl-thread1] INFO  segmented.SegmentedRaftLogWorker (SegmentedRaftLogWorker.java:close(257)) - 29422ebe-f196-450d-94bb-6e1d0bb3bd81@group-E4F7E3FE802F-SegmentedRaftLogWorker close()
2023-02-28 04:33:56,517 [78ee39fe-738f-4360-8617-136cda5f4ce0@group-72A5CCC7F5D2-StateMachineUpdater] INFO  ratis.ContainerStateMachine (ContainerStateMachine.java:takeSnapshot(308)) - group-72A5CCC7F5D2: Taking a snapshot at:(t:1, i:0) file /home/runner/work/ozone/ozone/hadoop-ozone/integration-test/target/test-dir/MiniOzoneClusterImpl-2052965b-440d-4b09-b4b3-db311f243d80/datanode-1/data/ratis/de690dc8-ca8b-4437-81a0-72a5ccc7f5d2/sm/snapshot.1_0
2023-02-28 04:33:56,517 [78ee39fe-738f-4360-8617-136cda5f4ce0-impl-thread3] INFO  impl.StateMachineUpdater (StateMachineUpdater.java:stopAndJoin(153)) - 78ee39fe-738f-4360-8617-136cda5f4ce0@group-72A5CCC7F5D2-StateMachineUpdater: set stopIndex = 0
2023-02-28 04:33:56,516 [ForkJoinPool.commonPool-worker-1] INFO  server.GrpcService (GrpcService.java:closeImpl(280)) - 29422ebe-f196-450d-94bb-6e1d0bb3bd81: shutdown server GrpcServerProtocolService successfully
2023-02-28 04:33:56,515 [grpc-default-executor-5] INFO  leader.FollowerInfo (FollowerInfoImpl.java:lambda$new$0(48)) - 63ce3e96-5e66-48af-ac7f-186cbfb55a60@group-568C69247F8F->78ee39fe-738f-4360-8617-136cda5f4ce0: nextIndex: updateUnconditionally 240 -> 239
2023-02-28 04:33:56,526 [78ee39fe-738f-4360-8617-136cda5f4ce0@group-72A5CCC7F5D2-StateMachineUpdater] INFO  ratis.ContainerStateMachine (ContainerStateMachine.java:takeSnapshot(319)) - group-72A5CCC7F5D2: Finished taking a snapshot at:(t:1, i:0) file:/home/runner/work/ozone/ozone/hadoop-ozone/integration-test/target/test-dir/MiniOzoneClusterImpl-2052965b-440d-4b09-b4b3-db311f243d80/datanode-1/data/ratis/de690dc8-ca8b-4437-81a0-72a5ccc7f5d2/sm/snapshot.1_0 took: 10 ms
2023-02-28 04:33:56,527 [78ee39fe-738f-4360-8617-136cda5f4ce0@group-72A5CCC7F5D2-StateMachineUpdater] INFO  impl.StateMachineUpdater (StateMachineUpdater.java:takeSnapshot(287)) - 78ee39fe-738f-4360-8617-136cda5f4ce0@group-72A5CCC7F5D2-StateMachineUpdater: Took a snapshot at index 0
2023-02-28 04:33:56,527 [78ee39fe-738f-4360-8617-136cda5f4ce0@group-72A5CCC7F5D2-StateMachineUpdater] INFO  impl.StateMachineUpdater (StateMachineUpdater.java:lambda$new$0(92)) - 78ee39fe-738f-4360-8617-136cda5f4ce0@group-72A5CCC7F5D2-StateMachineUpdater: snapshotIndex: updateIncreasingly -1 -> 0
2023-02-28 04:33:56,531 [grpc-default-executor-2] WARN  server.GrpcLogAppender (LogUtils.java:warn(122)) - 63ce3e96-5e66-48af-ac7f-186cbfb55a60@group-568C69247F8F->78ee39fe-738f-4360-8617-136cda5f4ce0-AppendLogResponseHandler: Failed appendEntries: org.apache.ratis.thirdparty.io.grpc.StatusRuntimeException: UNAVAILABLE: io exception
2023-02-28 04:33:56,531 [grpc-default-executor-1] WARN  server.GrpcLogAppender (LogUtils.java:warn(122)) - 63ce3e96-5e66-48af-ac7f-186cbfb55a60@group-568C69247F8F->78ee39fe-738f-4360-8617-136cda5f4ce0-AppendLogResponseHandler: Failed appendEntries: org.apache.ratis.thirdparty.io.grpc.StatusRuntimeException: UNAVAILABLE: io exception
2023-02-28 04:33:56,531 [29422ebe-f196-450d-94bb-6e1d0bb3bd81-NettyServerStreamRpc-bossGroup--thread1] INFO  logging.LoggingHandler (AbstractInternalLogger.java:log(148)) - [id: 0xcf178fc0, L:/0:0:0:0:0:0:0:0:41017] CLOSE
2023-02-28 04:33:56,531 [29422ebe-f196-450d-94bb-6e1d0bb3bd81-NettyServerStreamRpc-bossGroup--thread1] INFO  logging.LoggingHandler (AbstractInternalLogger.java:log(148)) - [id: 0xcf178fc0, L:/0:0:0:0:0:0:0:0:41017] INACTIVE
2023-02-28 04:33:56,531 [29422ebe-f196-450d-94bb-6e1d0bb3bd81-NettyServerStreamRpc-bossGroup--thread1] INFO  logging.LoggingHandler (AbstractInternalLogger.java:log(148)) - [id: 0xcf178fc0, L:/0:0:0:0:0:0:0:0:41017] UNREGISTERED
2023-02-28 04:33:56,531 [grpc-default-executor-2] INFO  leader.FollowerInfo (FollowerInfoImpl.java:lambda$new$0(48)) - 63ce3e96-5e66-48af-ac7f-186cbfb55a60@group-568C69247F8F->78ee39fe-738f-4360-8617-136cda5f4ce0: nextIndex: updateUnconditionally 240 -> 239
2023-02-28 04:33:56,532 [grpc-default-executor-1] INFO  leader.FollowerInfo (FollowerInfoImpl.java:lambda$new$0(48)) - 63ce3e96-5e66-48af-ac7f-186cbfb55a60@group-568C69247F8F->78ee39fe-738f-4360-8617-136cda5f4ce0: nextIndex: updateUnconditionally 239 -> 238
2023-02-28 04:33:56,538 [78ee39fe-738f-4360-8617-136cda5f4ce0-impl-thread3] INFO  server.RaftServer$Division (ServerState.java:close(466)) - 78ee39fe-738f-4360-8617-136cda5f4ce0@group-72A5CCC7F5D2: closes. applyIndex: 0
2023-02-28 04:33:56,538 [78ee39fe-738f-4360-8617-136cda5f4ce0-impl-thread2] INFO  server.RaftServer$Division (ServerState.java:close(466)) - 78ee39fe-738f-4360-8617-136cda5f4ce0@group-568C69247F8F: closes. applyIndex: 240
2023-02-28 04:33:56,539 [78ee39fe-738f-4360-8617-136cda5f4ce0@group-568C69247F8F-SegmentedRaftLogWorker] INFO  segmented.SegmentedRaftLogWorker (SegmentedRaftLogWorker.java:run(347)) - 78ee39fe-738f-4360-8617-136cda5f4ce0@group-568C69247F8F-SegmentedRaftLogWorker was interrupted, exiting. There are 0 tasks remaining in the queue.
2023-02-28 04:33:56,539 [78ee39fe-738f-4360-8617-136cda5f4ce0-impl-thread2] INFO  segmented.SegmentedRaftLogWorker (SegmentedRaftLogWorker.java:close(257)) - 78ee39fe-738f-4360-8617-136cda5f4ce0@group-568C69247F8F-SegmentedRaftLogWorker close()
2023-02-28 04:33:56,540 [78ee39fe-738f-4360-8617-136cda5f4ce0@group-72A5CCC7F5D2-SegmentedRaftLogWorker] INFO  segmented.SegmentedRaftLogWorker (SegmentedRaftLogWorker.java:run(347)) - 78ee39fe-738f-4360-8617-136cda5f4ce0@group-72A5CCC7F5D2-SegmentedRaftLogWorker was interrupted, exiting. There are 0 tasks remaining in the queue.
2023-02-28 04:33:56,540 [78ee39fe-738f-4360-8617-136cda5f4ce0-impl-thread3] INFO  segmented.SegmentedRaftLogWorker (SegmentedRaftLogWorker.java:close(257)) - 78ee39fe-738f-4360-8617-136cda5f4ce0@group-72A5CCC7F5D2-SegmentedRaftLogWorker close()
2023-02-28 04:33:56,541 [JvmPauseMonitor10] INFO  util.JvmPauseMonitor (JvmPauseMonitor.java:run(111)) - JvmPauseMonitor-78ee39fe-738f-4360-8617-136cda5f4ce0: Stopped
2023-02-28 04:33:56,543 [JvmPauseMonitor9] INFO  util.JvmPauseMonitor (JvmPauseMonitor.java:run(111)) - JvmPauseMonitor-29422ebe-f196-450d-94bb-6e1d0bb3bd81: Stopped
2023-02-28 04:33:57,185 [grpc-default-executor-1] WARN  server.GrpcLogAppender (LogUtils.java:warn(122)) - 63ce3e96-5e66-48af-ac7f-186cbfb55a60@group-568C69247F8F->29422ebe-f196-450d-94bb-6e1d0bb3bd81-AppendLogResponseHandler: Failed appendEntries: org.apache.ratis.thirdparty.io.grpc.StatusRuntimeException: UNAVAILABLE: io exception
2023-02-28 04:33:57,185 [grpc-default-executor-2] WARN  server.GrpcLogAppender (LogUtils.java:warn(122)) - 63ce3e96-5e66-48af-ac7f-186cbfb55a60@group-568C69247F8F->29422ebe-f196-450d-94bb-6e1d0bb3bd81-AppendLogResponseHandler: Failed appendEntries: org.apache.ratis.thirdparty.io.grpc.StatusRuntimeException: UNAVAILABLE: io exception
2023-02-28 04:33:57,185 [grpc-default-executor-5] WARN  server.GrpcLogAppender (LogUtils.java:warn(122)) - 63ce3e96-5e66-48af-ac7f-186cbfb55a60@group-568C69247F8F->78ee39fe-738f-4360-8617-136cda5f4ce0-AppendLogResponseHandler: Failed appendEntries: org.apache.ratis.thirdparty.io.grpc.StatusRuntimeException: UNAVAILABLE: io exception
2023-02-28 04:33:57,185 [grpc-default-executor-1] INFO  leader.FollowerInfo (FollowerInfoImpl.java:lambda$new$0(48)) - 63ce3e96-5e66-48af-ac7f-186cbfb55a60@group-568C69247F8F->29422ebe-f196-450d-94bb-6e1d0bb3bd81: nextIndex: updateUnconditionally 238 -> 237
2023-02-28 04:33:57,186 [grpc-default-executor-5] INFO  leader.FollowerInfo (FollowerInfoImpl.java:lambda$new$0(48)) - 63ce3e96-5e66-48af-ac7f-186cbfb55a60@group-568C69247F8F->78ee39fe-738f-4360-8617-136cda5f4ce0: nextIndex: updateUnconditionally 238 -> 237
2023-02-28 04:33:57,186 [grpc-default-executor-2] INFO  leader.FollowerInfo (FollowerInfoImpl.java:lambda$new$0(48)) - 63ce3e96-5e66-48af-ac7f-186cbfb55a60@group-568C69247F8F->29422ebe-f196-450d-94bb-6e1d0bb3bd81: nextIndex: updateUnconditionally 237 -> 236
2023-02-28 04:33:57,186 [grpc-default-executor-6] WARN  server.GrpcLogAppender (LogUtils.java:warn(122)) - 63ce3e96-5e66-48af-ac7f-186cbfb55a60@group-568C69247F8F->78ee39fe-738f-4360-8617-136cda5f4ce0-AppendLogResponseHandler: Failed appendEntries: org.apache.ratis.thirdparty.io.grpc.StatusRuntimeException: UNAVAILABLE: io exception
2023-02-28 04:33:57,186 [grpc-default-executor-6] INFO  leader.FollowerInfo (FollowerInfoImpl.java:lambda$new$0(48)) - 63ce3e96-5e66-48af-ac7f-186cbfb55a60@group-568C69247F8F->78ee39fe-738f-4360-8617-136cda5f4ce0: nextIndex: updateUnconditionally 237 -> 236
2023-02-28 04:33:57,195 [grpc-default-executor-2] WARN  server.GrpcLogAppender (LogUtils.java:warn(122)) - 63ce3e96-5e66-48af-ac7f-186cbfb55a60@group-568C69247F8F->29422ebe-f196-450d-94bb-6e1d0bb3bd81-AppendLogResponseHandler: Failed appendEntries: org.apache.ratis.thirdparty.io.grpc.StatusRuntimeException: UNAVAILABLE: io exception
2023-02-28 04:33:57,195 [grpc-default-executor-2] INFO  leader.FollowerInfo (FollowerInfoImpl.java:lambda$new$0(48)) - 63ce3e96-5e66-48af-ac7f-186cbfb55a60@group-568C69247F8F->29422ebe-f196-450d-94bb-6e1d0bb3bd81: nextIndex: updateUnconditionally 237 -> 236
2023-02-28 04:33:57,196 [grpc-default-executor-6] WARN  server.GrpcLogAppender (LogUtils.java:warn(122)) - 63ce3e96-5e66-48af-ac7f-186cbfb55a60@group-568C69247F8F->29422ebe-f196-450d-94bb-6e1d0bb3bd81-AppendLogResponseHandler: Failed appendEntries: org.apache.ratis.thirdparty.io.grpc.StatusRuntimeException: UNAVAILABLE: io exception
2023-02-28 04:33:57,196 [grpc-default-executor-6] INFO  leader.FollowerInfo (FollowerInfoImpl.java:lambda$new$0(48)) - 63ce3e96-5e66-48af-ac7f-186cbfb55a60@group-568C69247F8F->29422ebe-f196-450d-94bb-6e1d0bb3bd81: nextIndex: updateUnconditionally 236 -> 235
2023-02-28 04:33:57,196 [grpc-default-executor-5] WARN  server.GrpcLogAppender (LogUtils.java:warn(122)) - 63ce3e96-5e66-48af-ac7f-186cbfb55a60@group-568C69247F8F->78ee39fe-738f-4360-8617-136cda5f4ce0-AppendLogResponseHandler: Failed appendEntries: org.apache.ratis.thirdparty.io.grpc.StatusRuntimeException: UNAVAILABLE: io exception
2023-02-28 04:33:57,196 [grpc-default-executor-5] INFO  leader.FollowerInfo (FollowerInfoImpl.java:lambda$new$0(48)) - 63ce3e96-5e66-48af-ac7f-186cbfb55a60@group-568C69247F8F->78ee39fe-738f-4360-8617-136cda5f4ce0: nextIndex: updateUnconditionally 237 -> 236
2023-02-28 04:33:57,196 [grpc-default-executor-2] WARN  server.GrpcLogAppender (LogUtils.java:warn(122)) - 63ce3e96-5e66-48af-ac7f-186cbfb55a60@group-568C69247F8F->78ee39fe-738f-4360-8617-136cda5f4ce0-AppendLogResponseHandler: Failed appendEntries: org.apache.ratis.thirdparty.io.grpc.StatusRuntimeException: UNAVAILABLE: io exception
2023-02-28 04:33:57,196 [grpc-default-executor-2] INFO  leader.FollowerInfo (FollowerInfoImpl.java:lambda$new$0(48)) - 63ce3e96-5e66-48af-ac7f-186cbfb55a60@group-568C69247F8F->78ee39fe-738f-4360-8617-136cda5f4ce0: nextIndex: updateUnconditionally 236 -> 235
2023-02-28 04:33:57,375 [EndpointStateMachine task thread for /0.0.0.0:41617 - 0 ] INFO  ipc.Client (Client.java:handleConnectionFailure(1010)) - Retrying connect to server: 0.0.0.0/0.0.0.0:41617. Already tried 6 time(s); retry policy is RetryUpToMaximumCountWithFixedSleep(maxRetries=15, sleepTime=1000 MILLISECONDS)
2023-02-28 04:33:58,375 [EndpointStateMachine task thread for /0.0.0.0:41617 - 0 ] INFO  ipc.Client (Client.java:handleConnectionFailure(1010)) - Retrying connect to server: 0.0.0.0/0.0.0.0:41617. Already tried 7 time(s); retry policy is RetryUpToMaximumCountWithFixedSleep(maxRetries=15, sleepTime=1000 MILLISECONDS)
2023-02-28 04:33:58,435 [grpc-default-executor-5] WARN  server.GrpcLogAppender (LogUtils.java:warn(122)) - 63ce3e96-5e66-48af-ac7f-186cbfb55a60@group-568C69247F8F->29422ebe-f196-450d-94bb-6e1d0bb3bd81-AppendLogResponseHandler: Failed appendEntries: org.apache.ratis.thirdparty.io.grpc.StatusRuntimeException: UNAVAILABLE: io exception
2023-02-28 04:33:58,435 [grpc-default-executor-2] WARN  server.GrpcLogAppender (LogUtils.java:warn(122)) - 63ce3e96-5e66-48af-ac7f-186cbfb55a60@group-568C69247F8F->29422ebe-f196-450d-94bb-6e1d0bb3bd81-AppendLogResponseHandler: Failed appendEntries: org.apache.ratis.thirdparty.io.grpc.StatusRuntimeException: UNAVAILABLE: io exception
2023-02-28 04:33:58,436 [grpc-default-executor-5] INFO  leader.FollowerInfo (FollowerInfoImpl.java:lambda$new$0(48)) - 63ce3e96-5e66-48af-ac7f-186cbfb55a60@group-568C69247F8F->29422ebe-f196-450d-94bb-6e1d0bb3bd81: nextIndex: updateUnconditionally 235 -> 234
2023-02-28 04:33:58,436 [grpc-default-executor-1] WARN  server.GrpcLogAppender (LogUtils.java:warn(122)) - 63ce3e96-5e66-48af-ac7f-186cbfb55a60@group-568C69247F8F->78ee39fe-738f-4360-8617-136cda5f4ce0-AppendLogResponseHandler: Failed appendEntries: org.apache.ratis.thirdparty.io.grpc.StatusRuntimeException: UNAVAILABLE: io exception
2023-02-28 04:33:58,437 [grpc-default-executor-2] INFO  leader.FollowerInfo (FollowerInfoImpl.java:lambda$new$0(48)) - 63ce3e96-5e66-48af-ac7f-186cbfb55a60@group-568C69247F8F->29422ebe-f196-450d-94bb-6e1d0bb3bd81: nextIndex: updateUnconditionally 234 -> 233
2023-02-28 04:33:58,437 [grpc-default-executor-6] WARN  server.GrpcLogAppender (LogUtils.java:warn(122)) - 63ce3e96-5e66-48af-ac7f-186cbfb55a60@group-568C69247F8F->78ee39fe-738f-4360-8617-136cda5f4ce0-AppendLogResponseHandler: Failed appendEntries: org.apache.ratis.thirdparty.io.grpc.StatusRuntimeException: UNAVAILABLE: io exception
2023-02-28 04:33:58,437 [grpc-default-executor-1] INFO  leader.FollowerInfo (FollowerInfoImpl.java:lambda$new$0(48)) - 63ce3e96-5e66-48af-ac7f-186cbfb55a60@group-568C69247F8F->78ee39fe-738f-4360-8617-136cda5f4ce0: nextIndex: updateUnconditionally 235 -> 234
2023-02-28 04:33:58,437 [grpc-default-executor-6] INFO  leader.FollowerInfo (FollowerInfoImpl.java:lambda$new$0(48)) - 63ce3e96-5e66-48af-ac7f-186cbfb55a60@group-568C69247F8F->78ee39fe-738f-4360-8617-136cda5f4ce0: nextIndex: updateUnconditionally 234 -> 233
2023-02-28 04:33:58,446 [grpc-default-executor-5] WARN  server.GrpcLogAppender (LogUtils.java:warn(122)) - 63ce3e96-5e66-48af-ac7f-186cbfb55a60@group-568C69247F8F->29422ebe-f196-450d-94bb-6e1d0bb3bd81-AppendLogResponseHandler: Failed appendEntries: org.apache.ratis.thirdparty.io.grpc.StatusRuntimeException: UNAVAILABLE: io exception
2023-02-28 04:33:58,446 [grpc-default-executor-2] WARN  server.GrpcLogAppender (LogUtils.java:warn(122)) - 63ce3e96-5e66-48af-ac7f-186cbfb55a60@group-568C69247F8F->29422ebe-f196-450d-94bb-6e1d0bb3bd81-AppendLogResponseHandler: Failed appendEntries: org.apache.ratis.thirdparty.io.grpc.StatusRuntimeException: UNAVAILABLE: io exception
2023-02-28 04:33:58,446 [grpc-default-executor-5] INFO  leader.FollowerInfo (FollowerInfoImpl.java:lambda$new$0(48)) - 63ce3e96-5e66-48af-ac7f-186cbfb55a60@group-568C69247F8F->29422ebe-f196-450d-94bb-6e1d0bb3bd81: nextIndex: updateUnconditionally 234 -> 233
2023-02-28 04:33:58,447 [grpc-default-executor-2] INFO  leader.FollowerInfo (FollowerInfoImpl.java:lambda$new$0(48)) - 63ce3e96-5e66-48af-ac7f-186cbfb55a60@group-568C69247F8F->29422ebe-f196-450d-94bb-6e1d0bb3bd81: nextIndex: updateUnconditionally 233 -> 232
2023-02-28 04:33:58,448 [grpc-default-executor-2] WARN  server.GrpcLogAppender (LogUtils.java:warn(122)) - 63ce3e96-5e66-48af-ac7f-186cbfb55a60@group-568C69247F8F->78ee39fe-738f-4360-8617-136cda5f4ce0-AppendLogResponseHandler: Failed appendEntries: org.apache.ratis.thirdparty.io.grpc.StatusRuntimeException: UNAVAILABLE: io exception
2023-02-28 04:33:58,448 [grpc-default-executor-2] INFO  leader.FollowerInfo (FollowerInfoImpl.java:lambda$new$0(48)) - 63ce3e96-5e66-48af-ac7f-186cbfb55a60@group-568C69247F8F->78ee39fe-738f-4360-8617-136cda5f4ce0: nextIndex: updateUnconditionally 234 -> 233
2023-02-28 04:33:58,449 [grpc-default-executor-5] WARN  server.GrpcLogAppender (LogUtils.java:warn(122)) - 63ce3e96-5e66-48af-ac7f-186cbfb55a60@group-568C69247F8F->78ee39fe-738f-4360-8617-136cda5f4ce0-AppendLogResponseHandler: Failed appendEntries: org.apache.ratis.thirdparty.io.grpc.StatusRuntimeException: UNAVAILABLE: io exception
2023-02-28 04:33:58,449 [grpc-default-executor-5] INFO  leader.FollowerInfo (FollowerInfoImpl.java:lambda$new$0(48)) - 63ce3e96-5e66-48af-ac7f-186cbfb55a60@group-568C69247F8F->78ee39fe-738f-4360-8617-136cda5f4ce0: nextIndex: updateUnconditionally 233 -> 232
2023-02-28 04:33:58,470 [EndpointStateMachine task thread for /0.0.0.0:32873 - 0 ] INFO  ipc.Client (Client.java:handleConnectionFailure(1010)) - Retrying connect to server: 0.0.0.0/0.0.0.0:32873. Already tried 0 time(s); retry policy is RetryUpToMaximumCountWithFixedSleep(maxRetries=15, sleepTime=1000 MILLISECONDS)
2023-02-28 04:33:58,551 [ForkJoinPool.commonPool-worker-1] INFO  volume.HddsVolume (HddsVolume.java:closeDbStore(362)) - SchemaV3 db is stopped at /home/runner/work/ozone/ozone/hadoop-ozone/integration-test/target/test-dir/MiniOzoneClusterImpl-2052965b-440d-4b09-b4b3-db311f243d80/datanode-0/data-0/containers/hdds/2052965b-440d-4b09-b4b3-db311f243d80/DS-7cf0ca46-335c-4b62-b2b1-732b63a69214/container.db for volume DS-7cf0ca46-335c-4b62-b2b1-732b63a69214
2023-02-28 04:33:58,551 [Listener at 127.0.0.1/41931] INFO  volume.HddsVolume (HddsVolume.java:closeDbStore(362)) - SchemaV3 db is stopped at /home/runner/work/ozone/ozone/hadoop-ozone/integration-test/target/test-dir/MiniOzoneClusterImpl-2052965b-440d-4b09-b4b3-db311f243d80/datanode-1/data-0/containers/hdds/2052965b-440d-4b09-b4b3-db311f243d80/DS-309506f0-c1c1-4c3c-b6e9-8ccc7939af9a/container.db for volume DS-309506f0-c1c1-4c3c-b6e9-8ccc7939af9a
2023-02-28 04:33:58,551 [ForkJoinPool.commonPool-worker-1] INFO  utils.BackgroundService (BackgroundService.java:shutdown(141)) - Shutting down service BlockDeletingService
2023-02-28 04:33:58,552 [Listener at 127.0.0.1/41931] INFO  utils.BackgroundService (BackgroundService.java:shutdown(141)) - Shutting down service BlockDeletingService
2023-02-28 04:33:58,553 [ForkJoinPool.commonPool-worker-1] INFO  utils.BackgroundService (BackgroundService.java:shutdown(141)) - Shutting down service StaleRecoveringContainerScrubbingService
2023-02-28 04:33:58,553 [Listener at 127.0.0.1/41931] INFO  utils.BackgroundService (BackgroundService.java:shutdown(141)) - Shutting down service StaleRecoveringContainerScrubbingService
2023-02-28 04:33:58,555 [ForkJoinPool.commonPool-worker-1] INFO  statemachine.DatanodeStateMachine (DatanodeStateMachine.java:stopDaemon(600)) - Ozone container server stopped.
2023-02-28 04:33:58,555 [Listener at 127.0.0.1/41931] INFO  statemachine.DatanodeStateMachine (DatanodeStateMachine.java:stopDaemon(600)) - Ozone container server stopped.
2023-02-28 04:33:58,564 [ForkJoinPool.commonPool-worker-1] INFO  handler.ContextHandler (ContextHandler.java:doStop(1159)) - Stopped o.e.j.w.WebAppContext@5c9bc6c2{hddsDatanode,/,null,STOPPED}{jar:file:/home/runner/.m2/repository/org/apache/ozone/hdds-container-service/1.4.0-SNAPSHOT/hdds-container-service-1.4.0-SNAPSHOT.jar!/webapps/hddsDatanode}
2023-02-28 04:33:58,565 [ForkJoinPool.commonPool-worker-1] INFO  server.AbstractConnector (AbstractConnector.java:doStop(383)) - Stopped ServerConnector@1f08913d{HTTP/1.1, (http/1.1)}{0.0.0.0:0}
2023-02-28 04:33:58,565 [ForkJoinPool.commonPool-worker-1] INFO  server.session (HouseKeeper.java:stopScavenging(149)) - node0 Stopped scavenging
2023-02-28 04:33:58,565 [ForkJoinPool.commonPool-worker-1] INFO  handler.ContextHandler (ContextHandler.java:doStop(1159)) - Stopped o.e.j.s.ServletContextHandler@638c2bd9{static,/static,jar:file:/home/runner/.m2/repository/org/apache/ozone/hdds-container-service/1.4.0-SNAPSHOT/hdds-container-service-1.4.0-SNAPSHOT.jar!/webapps/static,STOPPED}
2023-02-28 04:33:58,566 [ForkJoinPool.commonPool-worker-1] INFO  handler.ContextHandler (ContextHandler.java:doStop(1159)) - Stopped o.e.j.s.ServletContextHandler@331c22cd{logs,/logs,file:///home/runner/work/ozone/ozone/hadoop-ozone/integration-test/target/log,STOPPED}
2023-02-28 04:33:58,566 [Listener at 127.0.0.1/41931] INFO  handler.ContextHandler (ContextHandler.java:doStop(1159)) - Stopped o.e.j.w.WebAppContext@1ddef9d8{hddsDatanode,/,null,STOPPED}{jar:file:/home/runner/.m2/repository/org/apache/ozone/hdds-container-service/1.4.0-SNAPSHOT/hdds-container-service-1.4.0-SNAPSHOT.jar!/webapps/hddsDatanode}
2023-02-28 04:33:58,569 [Listener at 127.0.0.1/41931] INFO  server.AbstractConnector (AbstractConnector.java:doStop(383)) - Stopped ServerConnector@736ed2e9{HTTP/1.1, (http/1.1)}{0.0.0.0:0}
2023-02-28 04:33:58,569 [Listener at 127.0.0.1/41931] INFO  server.session (HouseKeeper.java:stopScavenging(149)) - node0 Stopped scavenging
2023-02-28 04:33:58,570 [Listener at 127.0.0.1/41931] INFO  handler.ContextHandler (ContextHandler.java:doStop(1159)) - Stopped o.e.j.s.ServletContextHandler@6a2b5981{static,/static,jar:file:/home/runner/.m2/repository/org/apache/ozone/hdds-container-service/1.4.0-SNAPSHOT/hdds-container-service-1.4.0-SNAPSHOT.jar!/webapps/static,STOPPED}
2023-02-28 04:33:58,571 [Listener at 127.0.0.1/41931] INFO  handler.ContextHandler (ContextHandler.java:doStop(1159)) - Stopped o.e.j.s.ServletContextHandler@511cccf2{logs,/logs,file:///home/runner/work/ozone/ozone/hadoop-ozone/integration-test/target/log,STOPPED}
2023-02-28 04:33:59,376 [EndpointStateMachine task thread for /0.0.0.0:41617 - 0 ] INFO  ipc.Client (Client.java:handleConnectionFailure(1010)) - Retrying connect to server: 0.0.0.0/0.0.0.0:41617. Already tried 8 time(s); retry policy is RetryUpToMaximumCountWithFixedSleep(maxRetries=15, sleepTime=1000 MILLISECONDS)
2023-02-28 04:33:59,469 [ForkJoinPool.commonPool-worker-1] INFO  ozoneimpl.OzoneContainer (OzoneContainer.java:stop(420)) - Attempting to stop container services.
2023-02-28 04:33:59,470 [ForkJoinPool.commonPool-worker-1] INFO  server.RaftServer (RaftServerProxy.java:lambda$close$6(409)) - 63ce3e96-5e66-48af-ac7f-186cbfb55a60: close
2023-02-28 04:33:59,470 [63ce3e96-5e66-48af-ac7f-186cbfb55a60-impl-thread1] INFO  server.RaftServer$Division (RaftServerImpl.java:lambda$close$4(458)) - 63ce3e96-5e66-48af-ac7f-186cbfb55a60@group-E4F7E3FE802F: shutdown
2023-02-28 04:33:59,470 [63ce3e96-5e66-48af-ac7f-186cbfb55a60-impl-thread1] INFO  util.JmxRegister (JmxRegister.java:unregister(73)) - Successfully un-registered JMX Bean with object name Ratis:service=RaftServer,group=group-E4F7E3FE802F,id=63ce3e96-5e66-48af-ac7f-186cbfb55a60
2023-02-28 04:33:59,470 [63ce3e96-5e66-48af-ac7f-186cbfb55a60-impl-thread1] INFO  impl.RoleInfo (RoleInfo.java:shutdownFollowerState(110)) - 63ce3e96-5e66-48af-ac7f-186cbfb55a60: shutdown 63ce3e96-5e66-48af-ac7f-186cbfb55a60@group-E4F7E3FE802F-FollowerState
2023-02-28 04:33:59,470 [63ce3e96-5e66-48af-ac7f-186cbfb55a60-impl-thread2] INFO  server.RaftServer$Division (RaftServerImpl.java:lambda$close$4(458)) - 63ce3e96-5e66-48af-ac7f-186cbfb55a60@group-505A5BE024FB: shutdown
2023-02-28 04:33:59,470 [ForkJoinPool.commonPool-worker-1] INFO  server.GrpcService (GrpcService.java:closeImpl(271)) - 63ce3e96-5e66-48af-ac7f-186cbfb55a60: shutdown server GrpcServerProtocolService now
2023-02-28 04:33:59,470 [63ce3e96-5e66-48af-ac7f-186cbfb55a60-impl-thread2] INFO  util.JmxRegister (JmxRegister.java:unregister(73)) - Successfully un-registered JMX Bean with object name Ratis:service=RaftServer,group=group-505A5BE024FB,id=63ce3e96-5e66-48af-ac7f-186cbfb55a60
2023-02-28 04:33:59,470 [63ce3e96-5e66-48af-ac7f-186cbfb55a60-impl-thread2] INFO  impl.RoleInfo (RoleInfo.java:shutdownLeaderState(93)) - 63ce3e96-5e66-48af-ac7f-186cbfb55a60: shutdown 63ce3e96-5e66-48af-ac7f-186cbfb55a60@group-505A5BE024FB-LeaderStateImpl
2023-02-28 04:33:59,472 [ForkJoinPool.commonPool-worker-1] INFO  server.GrpcServerProtocolClient (GrpcServerProtocolClient.java:close(101)) - 78ee39fe-738f-4360-8617-136cda5f4ce0 Close channels
2023-02-28 04:33:59,471 [63ce3e96-5e66-48af-ac7f-186cbfb55a60@group-E4F7E3FE802F-StateMachineUpdater] INFO  ratis.ContainerStateMachine (ContainerStateMachine.java:takeSnapshot(308)) - group-E4F7E3FE802F: Taking a snapshot at:(t:1, i:174) file /home/runner/work/ozone/ozone/hadoop-ozone/integration-test/target/test-dir/MiniOzoneClusterImpl-2052965b-440d-4b09-b4b3-db311f243d80/datanode-2/data/ratis/d95e4b00-96cc-4d8d-9b9d-e4f7e3fe802f/sm/snapshot.1_174
2023-02-28 04:33:59,478 [grpc-default-executor-7] WARN  server.GrpcClientProtocolService (LogUtils.java:warn(122)) - 3-UnorderedRequestStreamObserver3: onError: org.apache.ratis.thirdparty.io.grpc.StatusRuntimeException: CANCELLED: client cancelled
2023-02-28 04:33:59,478 [63ce3e96-5e66-48af-ac7f-186cbfb55a60-impl-thread2] INFO  impl.PendingRequests (PendingRequests.java:sendNotLeaderResponses(282)) - 63ce3e96-5e66-48af-ac7f-186cbfb55a60@group-505A5BE024FB-PendingRequests: sendNotLeaderResponses
2023-02-28 04:33:59,478 [grpc-default-executor-4] WARN  server.GrpcClientProtocolService (LogUtils.java:warn(122)) - 2-OrderedRequestStreamObserver2: onError: org.apache.ratis.thirdparty.io.grpc.StatusRuntimeException: CANCELLED: client cancelled
2023-02-28 04:33:59,479 [63ce3e96-5e66-48af-ac7f-186cbfb55a60@group-505A5BE024FB-StateMachineUpdater] INFO  ratis.ContainerStateMachine (ContainerStateMachine.java:takeSnapshot(308)) - group-505A5BE024FB: Taking a snapshot at:(t:1, i:0) file /home/runner/work/ozone/ozone/hadoop-ozone/integration-test/target/test-dir/MiniOzoneClusterImpl-2052965b-440d-4b09-b4b3-db311f243d80/datanode-2/data/ratis/4493a279-0555-4f73-9f98-505a5be024fb/sm/snapshot.1_0
2023-02-28 04:33:59,479 [63ce3e96-5e66-48af-ac7f-186cbfb55a60-impl-thread2] INFO  impl.StateMachineUpdater (StateMachineUpdater.java:stopAndJoin(153)) - 63ce3e96-5e66-48af-ac7f-186cbfb55a60@group-505A5BE024FB-StateMachineUpdater: set stopIndex = 0
2023-02-28 04:33:59,471 [63ce3e96-5e66-48af-ac7f-186cbfb55a60@group-E4F7E3FE802F-FollowerState] INFO  impl.FollowerState (FollowerState.java:run(152)) - 63ce3e96-5e66-48af-ac7f-186cbfb55a60@group-E4F7E3FE802F-FollowerState was interrupted
2023-02-28 04:33:59,471 [EndpointStateMachine task thread for /0.0.0.0:32873 - 0 ] INFO  ipc.Client (Client.java:handleConnectionFailure(1010)) - Retrying connect to server: 0.0.0.0/0.0.0.0:32873. Already tried 1 time(s); retry policy is RetryUpToMaximumCountWithFixedSleep(maxRetries=15, sleepTime=1000 MILLISECONDS)
2023-02-28 04:33:59,470 [63ce3e96-5e66-48af-ac7f-186cbfb55a60-impl-thread1] INFO  impl.StateMachineUpdater (StateMachineUpdater.java:stopAndJoin(153)) - 63ce3e96-5e66-48af-ac7f-186cbfb55a60@group-E4F7E3FE802F-StateMachineUpdater: set stopIndex = 174
2023-02-28 04:33:59,481 [63ce3e96-5e66-48af-ac7f-186cbfb55a60@group-505A5BE024FB-StateMachineUpdater] INFO  ratis.ContainerStateMachine (ContainerStateMachine.java:takeSnapshot(319)) - group-505A5BE024FB: Finished taking a snapshot at:(t:1, i:0) file:/home/runner/work/ozone/ozone/hadoop-ozone/integration-test/target/test-dir/MiniOzoneClusterImpl-2052965b-440d-4b09-b4b3-db311f243d80/datanode-2/data/ratis/4493a279-0555-4f73-9f98-505a5be024fb/sm/snapshot.1_0 took: 2 ms
2023-02-28 04:33:59,481 [63ce3e96-5e66-48af-ac7f-186cbfb55a60@group-E4F7E3FE802F-StateMachineUpdater] INFO  ratis.ContainerStateMachine (ContainerStateMachine.java:takeSnapshot(319)) - group-E4F7E3FE802F: Finished taking a snapshot at:(t:1, i:174) file:/home/runner/work/ozone/ozone/hadoop-ozone/integration-test/target/test-dir/MiniOzoneClusterImpl-2052965b-440d-4b09-b4b3-db311f243d80/datanode-2/data/ratis/d95e4b00-96cc-4d8d-9b9d-e4f7e3fe802f/sm/snapshot.1_174 took: 11 ms
2023-02-28 04:33:59,477 [grpc-default-executor-6] WARN  server.GrpcClientProtocolService (LogUtils.java:warn(122)) - 1-UnorderedRequestStreamObserver1: onError: org.apache.ratis.thirdparty.io.grpc.StatusRuntimeException: CANCELLED: client cancelled
2023-02-28 04:33:59,477 [grpc-default-executor-2] WARN  server.GrpcClientProtocolService (LogUtils.java:warn(122)) - 0-OrderedRequestStreamObserver0: onError: org.apache.ratis.thirdparty.io.grpc.StatusRuntimeException: CANCELLED: client cancelled
2023-02-28 04:33:59,477 [ForkJoinPool.commonPool-worker-1] INFO  server.GrpcServerProtocolClient (GrpcServerProtocolClient.java:close(101)) - 29422ebe-f196-450d-94bb-6e1d0bb3bd81 Close channels
2023-02-28 04:33:59,473 [63ce3e96-5e66-48af-ac7f-186cbfb55a60-impl-thread3] INFO  server.RaftServer$Division (RaftServerImpl.java:lambda$close$4(458)) - 63ce3e96-5e66-48af-ac7f-186cbfb55a60@group-568C69247F8F: shutdown
2023-02-28 04:33:59,482 [ForkJoinPool.commonPool-worker-1] INFO  server.GrpcService (GrpcService.java:closeImpl(280)) - 63ce3e96-5e66-48af-ac7f-186cbfb55a60: shutdown server GrpcServerProtocolService successfully
2023-02-28 04:33:59,482 [63ce3e96-5e66-48af-ac7f-186cbfb55a60@group-E4F7E3FE802F-StateMachineUpdater] INFO  impl.StateMachineUpdater (StateMachineUpdater.java:takeSnapshot(287)) - 63ce3e96-5e66-48af-ac7f-186cbfb55a60@group-E4F7E3FE802F-StateMachineUpdater: Took a snapshot at index 174
2023-02-28 04:33:59,482 [63ce3e96-5e66-48af-ac7f-186cbfb55a60@group-E4F7E3FE802F-StateMachineUpdater] INFO  impl.StateMachineUpdater (StateMachineUpdater.java:lambda$new$0(92)) - 63ce3e96-5e66-48af-ac7f-186cbfb55a60@group-E4F7E3FE802F-StateMachineUpdater: snapshotIndex: updateIncreasingly -1 -> 174
2023-02-28 04:33:59,482 [63ce3e96-5e66-48af-ac7f-186cbfb55a60@group-505A5BE024FB-StateMachineUpdater] INFO  impl.StateMachineUpdater (StateMachineUpdater.java:takeSnapshot(287)) - 63ce3e96-5e66-48af-ac7f-186cbfb55a60@group-505A5BE024FB-StateMachineUpdater: Took a snapshot at index 0
2023-02-28 04:33:59,482 [63ce3e96-5e66-48af-ac7f-186cbfb55a60@group-505A5BE024FB-StateMachineUpdater] INFO  impl.StateMachineUpdater (StateMachineUpdater.java:lambda$new$0(92)) - 63ce3e96-5e66-48af-ac7f-186cbfb55a60@group-505A5BE024FB-StateMachineUpdater: snapshotIndex: updateIncreasingly -1 -> 0
2023-02-28 04:33:59,483 [63ce3e96-5e66-48af-ac7f-186cbfb55a60-NettyServerStreamRpc-bossGroup--thread1] INFO  logging.LoggingHandler (AbstractInternalLogger.java:log(148)) - [id: 0xf1592993, L:/0:0:0:0:0:0:0:0:39963] CLOSE
2023-02-28 04:33:59,483 [63ce3e96-5e66-48af-ac7f-186cbfb55a60-impl-thread3] INFO  util.JmxRegister (JmxRegister.java:unregister(73)) - Successfully un-registered JMX Bean with object name Ratis:service=RaftServer,group=group-568C69247F8F,id=63ce3e96-5e66-48af-ac7f-186cbfb55a60
2023-02-28 04:33:59,483 [63ce3e96-5e66-48af-ac7f-186cbfb55a60-impl-thread3] INFO  impl.RoleInfo (RoleInfo.java:shutdownLeaderState(93)) - 63ce3e96-5e66-48af-ac7f-186cbfb55a60: shutdown 63ce3e96-5e66-48af-ac7f-186cbfb55a60@group-568C69247F8F-LeaderStateImpl
2023-02-28 04:33:59,483 [63ce3e96-5e66-48af-ac7f-186cbfb55a60@group-568C69247F8F->78ee39fe-738f-4360-8617-136cda5f4ce0-GrpcLogAppender-LogAppenderDaemon] WARN  server.GrpcLogAppender (GrpcLogAppender.java:mayWait(200)) - 63ce3e96-5e66-48af-ac7f-186cbfb55a60@group-568C69247F8F->78ee39fe-738f-4360-8617-136cda5f4ce0-GrpcLogAppender: Wait interrupted by java.lang.InterruptedException
2023-02-28 04:33:59,483 [63ce3e96-5e66-48af-ac7f-186cbfb55a60-impl-thread3] INFO  impl.PendingRequests (PendingRequests.java:sendNotLeaderResponses(282)) - 63ce3e96-5e66-48af-ac7f-186cbfb55a60@group-568C69247F8F-PendingRequests: sendNotLeaderResponses
2023-02-28 04:33:59,483 [63ce3e96-5e66-48af-ac7f-186cbfb55a60-impl-thread2] INFO  server.RaftServer$Division (ServerState.java:close(466)) - 63ce3e96-5e66-48af-ac7f-186cbfb55a60@group-505A5BE024FB: closes. applyIndex: 0
2023-02-28 04:33:59,483 [63ce3e96-5e66-48af-ac7f-186cbfb55a60@group-505A5BE024FB-SegmentedRaftLogWorker] INFO  segmented.SegmentedRaftLogWorker (SegmentedRaftLogWorker.java:run(347)) - 63ce3e96-5e66-48af-ac7f-186cbfb55a60@group-505A5BE024FB-SegmentedRaftLogWorker was interrupted, exiting. There are 0 tasks remaining in the queue.
2023-02-28 04:33:59,483 [63ce3e96-5e66-48af-ac7f-186cbfb55a60-NettyServerStreamRpc-bossGroup--thread1] INFO  logging.LoggingHandler (AbstractInternalLogger.java:log(148)) - [id: 0xf1592993, L:/0:0:0:0:0:0:0:0:39963] INACTIVE
2023-02-28 04:33:59,484 [63ce3e96-5e66-48af-ac7f-186cbfb55a60-NettyServerStreamRpc-bossGroup--thread1] INFO  logging.LoggingHandler (AbstractInternalLogger.java:log(148)) - [id: 0xf1592993, L:/0:0:0:0:0:0:0:0:39963] UNREGISTERED
2023-02-28 04:33:59,483 [63ce3e96-5e66-48af-ac7f-186cbfb55a60-impl-thread1] INFO  server.RaftServer$Division (ServerState.java:close(466)) - 63ce3e96-5e66-48af-ac7f-186cbfb55a60@group-E4F7E3FE802F: closes. applyIndex: 174
2023-02-28 04:33:59,483 [63ce3e96-5e66-48af-ac7f-186cbfb55a60@group-568C69247F8F->29422ebe-f196-450d-94bb-6e1d0bb3bd81-GrpcLogAppender-LogAppenderDaemon] WARN  server.GrpcLogAppender (GrpcLogAppender.java:mayWait(200)) - 63ce3e96-5e66-48af-ac7f-186cbfb55a60@group-568C69247F8F->29422ebe-f196-450d-94bb-6e1d0bb3bd81-GrpcLogAppender: Wait interrupted by java.lang.InterruptedException
2023-02-28 04:33:59,484 [63ce3e96-5e66-48af-ac7f-186cbfb55a60@group-E4F7E3FE802F-SegmentedRaftLogWorker] INFO  segmented.SegmentedRaftLogWorker (SegmentedRaftLogWorker.java:run(347)) - 63ce3e96-5e66-48af-ac7f-186cbfb55a60@group-E4F7E3FE802F-SegmentedRaftLogWorker was interrupted, exiting. There are 0 tasks remaining in the queue.
2023-02-28 04:33:59,484 [63ce3e96-5e66-48af-ac7f-186cbfb55a60-impl-thread2] INFO  segmented.SegmentedRaftLogWorker (SegmentedRaftLogWorker.java:close(257)) - 63ce3e96-5e66-48af-ac7f-186cbfb55a60@group-505A5BE024FB-SegmentedRaftLogWorker close()
2023-02-28 04:33:59,484 [63ce3e96-5e66-48af-ac7f-186cbfb55a60-impl-thread1] INFO  segmented.SegmentedRaftLogWorker (SegmentedRaftLogWorker.java:close(257)) - 63ce3e96-5e66-48af-ac7f-186cbfb55a60@group-E4F7E3FE802F-SegmentedRaftLogWorker close()
2023-02-28 04:33:59,497 [63ce3e96-5e66-48af-ac7f-186cbfb55a60-impl-thread3] INFO  impl.StateMachineUpdater (StateMachineUpdater.java:stopAndJoin(153)) - 63ce3e96-5e66-48af-ac7f-186cbfb55a60@group-568C69247F8F-StateMachineUpdater: set stopIndex = 240
2023-02-28 04:33:59,499 [63ce3e96-5e66-48af-ac7f-186cbfb55a60@group-568C69247F8F-StateMachineUpdater] INFO  ratis.ContainerStateMachine (ContainerStateMachine.java:takeSnapshot(308)) - group-568C69247F8F: Taking a snapshot at:(t:1, i:240) file /home/runner/work/ozone/ozone/hadoop-ozone/integration-test/target/test-dir/MiniOzoneClusterImpl-2052965b-440d-4b09-b4b3-db311f243d80/datanode-2/data/ratis/8becd6ad-658d-412c-9231-568c69247f8f/sm/snapshot.1_240
2023-02-28 04:33:59,500 [63ce3e96-5e66-48af-ac7f-186cbfb55a60@group-568C69247F8F-StateMachineUpdater] INFO  ratis.ContainerStateMachine (ContainerStateMachine.java:takeSnapshot(319)) - group-568C69247F8F: Finished taking a snapshot at:(t:1, i:240) file:/home/runner/work/ozone/ozone/hadoop-ozone/integration-test/target/test-dir/MiniOzoneClusterImpl-2052965b-440d-4b09-b4b3-db311f243d80/datanode-2/data/ratis/8becd6ad-658d-412c-9231-568c69247f8f/sm/snapshot.1_240 took: 1 ms
2023-02-28 04:33:59,500 [63ce3e96-5e66-48af-ac7f-186cbfb55a60@group-568C69247F8F-StateMachineUpdater] INFO  impl.StateMachineUpdater (StateMachineUpdater.java:takeSnapshot(287)) - 63ce3e96-5e66-48af-ac7f-186cbfb55a60@group-568C69247F8F-StateMachineUpdater: Took a snapshot at index 240
2023-02-28 04:33:59,500 [63ce3e96-5e66-48af-ac7f-186cbfb55a60@group-568C69247F8F-StateMachineUpdater] INFO  impl.StateMachineUpdater (StateMachineUpdater.java:lambda$new$0(92)) - 63ce3e96-5e66-48af-ac7f-186cbfb55a60@group-568C69247F8F-StateMachineUpdater: snapshotIndex: updateIncreasingly -1 -> 240
2023-02-28 04:33:59,500 [63ce3e96-5e66-48af-ac7f-186cbfb55a60-impl-thread3] INFO  server.RaftServer$Division (ServerState.java:close(466)) - 63ce3e96-5e66-48af-ac7f-186cbfb55a60@group-568C69247F8F: closes. applyIndex: 240
2023-02-28 04:33:59,501 [63ce3e96-5e66-48af-ac7f-186cbfb55a60@group-568C69247F8F-SegmentedRaftLogWorker] INFO  segmented.SegmentedRaftLogWorker (SegmentedRaftLogWorker.java:run(347)) - 63ce3e96-5e66-48af-ac7f-186cbfb55a60@group-568C69247F8F-SegmentedRaftLogWorker was interrupted, exiting. There are 0 tasks remaining in the queue.
2023-02-28 04:33:59,501 [63ce3e96-5e66-48af-ac7f-186cbfb55a60-impl-thread3] INFO  segmented.SegmentedRaftLogWorker (SegmentedRaftLogWorker.java:close(257)) - 63ce3e96-5e66-48af-ac7f-186cbfb55a60@group-568C69247F8F-SegmentedRaftLogWorker close()
2023-02-28 04:33:59,505 [JvmPauseMonitor11] INFO  util.JvmPauseMonitor (JvmPauseMonitor.java:run(111)) - JvmPauseMonitor-63ce3e96-5e66-48af-ac7f-186cbfb55a60: Stopped
2023-02-28 04:34:00,377 [EndpointStateMachine task thread for /0.0.0.0:41617 - 0 ] INFO  ipc.Client (Client.java:handleConnectionFailure(1010)) - Retrying connect to server: 0.0.0.0/0.0.0.0:41617. Already tried 9 time(s); retry policy is RetryUpToMaximumCountWithFixedSleep(maxRetries=15, sleepTime=1000 MILLISECONDS)
2023-02-28 04:34:00,482 [EndpointStateMachine task thread for /0.0.0.0:32873 - 0 ] INFO  ipc.Client (Client.java:handleConnectionFailure(1010)) - Retrying connect to server: 0.0.0.0/0.0.0.0:32873. Already tried 2 time(s); retry policy is RetryUpToMaximumCountWithFixedSleep(maxRetries=15, sleepTime=1000 MILLISECONDS)
2023-02-28 04:34:01,377 [EndpointStateMachine task thread for /0.0.0.0:41617 - 0 ] INFO  ipc.Client (Client.java:handleConnectionFailure(1010)) - Retrying connect to server: 0.0.0.0/0.0.0.0:41617. Already tried 10 time(s); retry policy is RetryUpToMaximumCountWithFixedSleep(maxRetries=15, sleepTime=1000 MILLISECONDS)
2023-02-28 04:34:01,482 [EndpointStateMachine task thread for /0.0.0.0:32873 - 0 ] INFO  ipc.Client (Client.java:handleConnectionFailure(1010)) - Retrying connect to server: 0.0.0.0/0.0.0.0:32873. Already tried 3 time(s); retry policy is RetryUpToMaximumCountWithFixedSleep(maxRetries=15, sleepTime=1000 MILLISECONDS)
2023-02-28 04:34:01,510 [ForkJoinPool.commonPool-worker-1] INFO  volume.HddsVolume (HddsVolume.java:closeDbStore(362)) - SchemaV3 db is stopped at /home/runner/work/ozone/ozone/hadoop-ozone/integration-test/target/test-dir/MiniOzoneClusterImpl-2052965b-440d-4b09-b4b3-db311f243d80/datanode-2/data-0/containers/hdds/2052965b-440d-4b09-b4b3-db311f243d80/DS-7be980a7-ac97-49a0-8be5-354f6e280fdc/container.db for volume DS-7be980a7-ac97-49a0-8be5-354f6e280fdc
2023-02-28 04:34:01,510 [ForkJoinPool.commonPool-worker-1] INFO  utils.BackgroundService (BackgroundService.java:shutdown(141)) - Shutting down service BlockDeletingService
2023-02-28 04:34:01,513 [ForkJoinPool.commonPool-worker-1] INFO  utils.BackgroundService (BackgroundService.java:shutdown(141)) - Shutting down service StaleRecoveringContainerScrubbingService
2023-02-28 04:34:01,514 [ForkJoinPool.commonPool-worker-1] INFO  statemachine.DatanodeStateMachine (DatanodeStateMachine.java:stopDaemon(600)) - Ozone container server stopped.
2023-02-28 04:34:01,523 [ForkJoinPool.commonPool-worker-1] INFO  handler.ContextHandler (ContextHandler.java:doStop(1159)) - Stopped o.e.j.w.WebAppContext@79e4f8b6{hddsDatanode,/,null,STOPPED}{jar:file:/home/runner/.m2/repository/org/apache/ozone/hdds-container-service/1.4.0-SNAPSHOT/hdds-container-service-1.4.0-SNAPSHOT.jar!/webapps/hddsDatanode}
2023-02-28 04:34:01,524 [ForkJoinPool.commonPool-worker-1] INFO  server.AbstractConnector (AbstractConnector.java:doStop(383)) - Stopped ServerConnector@19102b23{HTTP/1.1, (http/1.1)}{0.0.0.0:0}
2023-02-28 04:34:01,524 [ForkJoinPool.commonPool-worker-1] INFO  server.session (HouseKeeper.java:stopScavenging(149)) - node0 Stopped scavenging
2023-02-28 04:34:01,524 [ForkJoinPool.commonPool-worker-1] INFO  handler.ContextHandler (ContextHandler.java:doStop(1159)) - Stopped o.e.j.s.ServletContextHandler@2f883749{static,/static,jar:file:/home/runner/.m2/repository/org/apache/ozone/hdds-container-service/1.4.0-SNAPSHOT/hdds-container-service-1.4.0-SNAPSHOT.jar!/webapps/static,STOPPED}
2023-02-28 04:34:01,525 [ForkJoinPool.commonPool-worker-1] INFO  handler.ContextHandler (ContextHandler.java:doStop(1159)) - Stopped o.e.j.s.ServletContextHandler@5751fab1{logs,/logs,file:///home/runner/work/ozone/ozone/hadoop-ozone/integration-test/target/log,STOPPED}
2023-02-28 04:34:01,847 [Finalizer] WARN  managed.ManagedRocksObjectUtils (ManagedRocksObjectUtils.java:assertClosed(54)) - ManagedColumnFamilyOptions is not closed properly
2023-02-28 04:34:01,847 [Finalizer] WARN  managed.ManagedRocksObjectUtils (ManagedRocksObjectUtils.java:assertClosed(54)) - ManagedColumnFamilyOptions is not closed properly
2023-02-28 04:34:01,847 [Finalizer] WARN  managed.ManagedRocksObjectUtils (ManagedRocksObjectUtils.java:assertClosed(54)) - ManagedColumnFamilyOptions is not closed properly
2023-02-28 04:34:01,847 [Finalizer] WARN  managed.ManagedRocksObjectUtils (ManagedRocksObjectUtils.java:assertClosed(54)) - ManagedColumnFamilyOptions is not closed properly
2023-02-28 04:34:01,847 [Finalizer] WARN  managed.ManagedRocksObjectUtils (ManagedRocksObjectUtils.java:assertClosed(54)) - ManagedColumnFamilyOptions is not closed properly
2023-02-28 04:34:01,847 [Finalizer] WARN  managed.ManagedRocksObjectUtils (ManagedRocksObjectUtils.java:assertClosed(54)) - ManagedColumnFamilyOptions is not closed properly
2023-02-28 04:34:01,847 [Finalizer] WARN  managed.ManagedRocksObjectUtils (ManagedRocksObjectUtils.java:assertClosed(54)) - ManagedColumnFamilyOptions is not closed properly
2023-02-28 04:34:01,847 [Finalizer] WARN  managed.ManagedRocksObjectUtils (ManagedRocksObjectUtils.java:assertClosed(54)) - ManagedColumnFamilyOptions is not closed properly
2023-02-28 04:34:01,847 [Finalizer] WARN  managed.ManagedRocksObjectUtils (ManagedRocksObjectUtils.java:assertClosed(54)) - RocksIterator is not closed properly
2023-02-28 04:34:01,847 [Finalizer] WARN  managed.ManagedRocksObjectUtils (ManagedRocksObjectUtils.java:assertClosed(54)) - RocksIterator is not closed properly
2023-02-28 04:34:01,847 [Finalizer] WARN  managed.ManagedRocksObjectUtils (ManagedRocksObjectUtils.java:assertClosed(54)) - RocksIterator is not closed properly
2023-02-28 04:34:01,847 [Finalizer] WARN  managed.ManagedRocksObjectUtils (ManagedRocksObjectUtils.java:assertClosed(54)) - RocksIterator is not closed properly
2023-02-28 04:34:01,847 [Finalizer] WARN  managed.ManagedRocksObjectUtils (ManagedRocksObjectUtils.java:assertClosed(54)) - RocksIterator is not closed properly
2023-02-28 04:34:01,847 [Finalizer] WARN  managed.ManagedRocksObjectUtils (ManagedRocksObjectUtils.java:assertClosed(54)) - RocksIterator is not closed properly
2023-02-28 04:34:01,847 [Finalizer] WARN  managed.ManagedRocksObjectUtils (ManagedRocksObjectUtils.java:assertClosed(54)) - ManagedColumnFamilyOptions is not closed properly
2023-02-28 04:34:01,847 [Finalizer] WARN  managed.ManagedRocksObjectUtils (ManagedRocksObjectUtils.java:assertClosed(54)) - ManagedColumnFamilyOptions is not closed properly
2023-02-28 04:34:01,847 [Finalizer] WARN  managed.ManagedRocksObjectUtils (ManagedRocksObjectUtils.java:assertClosed(54)) - ManagedColumnFamilyOptions is not closed properly
2023-02-28 04:34:01,847 [Finalizer] WARN  managed.ManagedRocksObjectUtils (ManagedRocksObjectUtils.java:assertClosed(54)) - ManagedColumnFamilyOptions is not closed properly
2023-02-28 04:34:01,847 [Finalizer] WARN  managed.ManagedRocksObjectUtils (ManagedRocksObjectUtils.java:assertClosed(54)) - ManagedColumnFamilyOptions is not closed properly
2023-02-28 04:34:01,847 [Finalizer] WARN  managed.ManagedRocksObjectUtils (ManagedRocksObjectUtils.java:assertClosed(54)) - ManagedColumnFamilyOptions is not closed properly
2023-02-28 04:34:01,847 [Finalizer] WARN  managed.ManagedRocksObjectUtils (ManagedRocksObjectUtils.java:assertClosed(54)) - ManagedColumnFamilyOptions is not closed properly
2023-02-28 04:34:01,847 [Finalizer] WARN  managed.ManagedRocksObjectUtils (ManagedRocksObjectUtils.java:assertClosed(54)) - ManagedColumnFamilyOptions is not closed properly
2023-02-28 04:34:01,847 [Finalizer] WARN  managed.ManagedRocksObjectUtils (ManagedRocksObjectUtils.java:assertClosed(54)) - RocksIterator is not closed properly
2023-02-28 04:34:01,847 [Finalizer] WARN  managed.ManagedRocksObjectUtils (ManagedRocksObjectUtils.java:assertClosed(54)) - RocksIterator is not closed properly
2023-02-28 04:34:01,847 [Finalizer] WARN  managed.ManagedRocksObjectUtils (ManagedRocksObjectUtils.java:assertClosed(54)) - RocksIterator is not closed properly
2023-02-28 04:34:01,847 [Finalizer] WARN  managed.ManagedRocksObjectUtils (ManagedRocksObjectUtils.java:assertClosed(54)) - RocksIterator is not closed properly
2023-02-28 04:34:01,847 [Finalizer] WARN  managed.ManagedRocksObjectUtils (ManagedRocksObjectUtils.java:assertClosed(54)) - RocksIterator is not closed properly
2023-02-28 04:34:01,847 [Finalizer] WARN  managed.ManagedRocksObjectUtils (ManagedRocksObjectUtils.java:assertClosed(54)) - RocksIterator is not closed properly
2023-02-28 04:34:01,847 [Finalizer] WARN  managed.ManagedRocksObjectUtils (ManagedRocksObjectUtils.java:assertClosed(54)) - ManagedColumnFamilyOptions is not closed properly
2023-02-28 04:34:01,847 [Finalizer] WARN  managed.ManagedRocksObjectUtils (ManagedRocksObjectUtils.java:assertClosed(54)) - ManagedColumnFamilyOptions is not closed properly
2023-02-28 04:34:01,848 [Finalizer] WARN  managed.ManagedRocksObjectUtils (ManagedRocksObjectUtils.java:assertClosed(54)) - ManagedColumnFamilyOptions is not closed properly
2023-02-28 04:34:01,848 [Finalizer] WARN  managed.ManagedRocksObjectUtils (ManagedRocksObjectUtils.java:assertClosed(54)) - ManagedColumnFamilyOptions is not closed properly
2023-02-28 04:34:01,848 [Finalizer] WARN  managed.ManagedRocksObjectUtils (ManagedRocksObjectUtils.java:assertClosed(54)) - ManagedColumnFamilyOptions is not closed properly
2023-02-28 04:34:01,848 [Finalizer] WARN  managed.ManagedRocksObjectUtils (ManagedRocksObjectUtils.java:assertClosed(54)) - ManagedColumnFamilyOptions is not closed properly
2023-02-28 04:34:01,848 [Finalizer] WARN  managed.ManagedRocksObjectUtils (ManagedRocksObjectUtils.java:assertClosed(54)) - ManagedColumnFamilyOptions is not closed properly
2023-02-28 04:34:01,848 [Finalizer] WARN  managed.ManagedRocksObjectUtils (ManagedRocksObjectUtils.java:assertClosed(54)) - ManagedColumnFamilyOptions is not closed properly
2023-02-28 04:34:01,848 [Finalizer] WARN  managed.ManagedRocksObjectUtils (ManagedRocksObjectUtils.java:assertClosed(54)) - RocksIterator is not closed properly
2023-02-28 04:34:01,848 [Finalizer] WARN  managed.ManagedRocksObjectUtils (ManagedRocksObjectUtils.java:assertClosed(54)) - RocksIterator is not closed properly
2023-02-28 04:34:01,848 [Finalizer] WARN  managed.ManagedRocksObjectUtils (ManagedRocksObjectUtils.java:assertClosed(54)) - RocksIterator is not closed properly
2023-02-28 04:34:01,848 [Finalizer] WARN  managed.ManagedRocksObjectUtils (ManagedRocksObjectUtils.java:assertClosed(54)) - RocksIterator is not closed properly
2023-02-28 04:34:01,848 [Finalizer] WARN  managed.ManagedRocksObjectUtils (ManagedRocksObjectUtils.java:assertClosed(54)) - RocksIterator is not closed properly
2023-02-28 04:34:01,848 [Finalizer] WARN  managed.ManagedRocksObjectUtils (ManagedRocksObjectUtils.java:assertClosed(54)) - RocksIterator is not closed properly
2023-02-28 04:34:01,848 [Finalizer] WARN  managed.ManagedRocksObjectUtils (ManagedRocksObjectUtils.java:assertClosed(54)) - ManagedColumnFamilyOptions is not closed properly
2023-02-28 04:34:01,848 [Finalizer] WARN  managed.ManagedRocksObjectUtils (ManagedRocksObjectUtils.java:assertClosed(54)) - ManagedColumnFamilyOptions is not closed properly
2023-02-28 04:34:01,848 [Finalizer] WARN  managed.ManagedRocksObjectUtils (ManagedRocksObjectUtils.java:assertClosed(54)) - ManagedColumnFamilyOptions is not closed properly
2023-02-28 04:34:01,848 [Finalizer] WARN  managed.ManagedRocksObjectUtils (ManagedRocksObjectUtils.java:assertClosed(54)) - ManagedColumnFamilyOptions is not closed properly
2023-02-28 04:34:01,848 [Finalizer] WARN  managed.ManagedRocksObjectUtils (ManagedRocksObjectUtils.java:assertClosed(54)) - ManagedColumnFamilyOptions is not closed properly
2023-02-28 04:34:01,848 [Finalizer] WARN  managed.ManagedRocksObjectUtils (ManagedRocksObjectUtils.java:assertClosed(54)) - ManagedColumnFamilyOptions is not closed properly
2023-02-28 04:34:01,848 [Finalizer] WARN  managed.ManagedRocksObjectUtils (ManagedRocksObjectUtils.java:assertClosed(54)) - ManagedColumnFamilyOptions is not closed properly
2023-02-28 04:34:01,848 [Finalizer] WARN  managed.ManagedRocksObjectUtils (ManagedRocksObjectUtils.java:assertClosed(54)) - ManagedColumnFamilyOptions is not closed properly
2023-02-28 04:34:01,848 [Finalizer] WARN  managed.ManagedRocksObjectUtils (ManagedRocksObjectUtils.java:assertClosed(54)) - RocksIterator is not closed properly
2023-02-28 04:34:01,848 [Finalizer] WARN  managed.ManagedRocksObjectUtils (ManagedRocksObjectUtils.java:assertClosed(54)) - RocksIterator is not closed properly
2023-02-28 04:34:01,848 [Finalizer] WARN  managed.ManagedRocksObjectUtils (ManagedRocksObjectUtils.java:assertClosed(54)) - RocksIterator is not closed properly
2023-02-28 04:34:01,848 [Finalizer] WARN  managed.ManagedRocksObjectUtils (ManagedRocksObjectUtils.java:assertClosed(54)) - RocksIterator is not closed properly
2023-02-28 04:34:01,848 [Finalizer] WARN  managed.ManagedRocksObjectUtils (ManagedRocksObjectUtils.java:assertClosed(54)) - RocksIterator is not closed properly
2023-02-28 04:34:01,848 [Finalizer] WARN  managed.ManagedRocksObjectUtils (ManagedRocksObjectUtils.java:assertClosed(54)) - RocksIterator is not closed properly
2023-02-28 04:34:01,857 [Listener at 127.0.0.1/41931] WARN  server.ServerUtils (ServerUtils.java:getScmDbDir(148)) - ozone.scm.db.dirs is not configured. We recommend adding this setting. Falling back to ozone.metadata.dirs instead.
2023-02-28 04:34:01,861 [Listener at 127.0.0.1/41931] WARN  server.ServerUtils (ServerUtils.java:getScmDbDir(148)) - ozone.scm.db.dirs is not configured. We recommend adding this setting. Falling back to ozone.metadata.dirs instead.
2023-02-28 04:34:01,861 [Listener at 127.0.0.1/41931] INFO  ha.SCMHANodeDetails (SCMHANodeDetails.java:loadSCMHAConfig(209)) - ServiceID for StorageContainerManager is null
2023-02-28 04:34:01,861 [Listener at 127.0.0.1/41931] INFO  ha.SCMHANodeDetails (SCMHANodeDetails.java:loadSCMHAConfig(214)) - ozone.scm.default.service.id is not defined, falling back to ozone.scm.service.ids to find serviceID for StorageContainerManager if it is HA enabled cluster
2023-02-28 04:34:01,862 [Listener at 127.0.0.1/41931] WARN  utils.HAUtils (HAUtils.java:getMetaDir(342)) - ozone.scm.db.dirs is not configured. We recommend adding this setting. Falling back to ozone.metadata.dirs instead.
2023-02-28 04:34:01,862 [Listener at 127.0.0.1/41931] WARN  db.DBStoreBuilder (DBStoreBuilder.java:applyDBDefinition(172)) - ozone.scm.db.dirs is not configured. We recommend adding this setting. Falling back to ozone.metadata.dirs instead.
2023-02-28 04:34:01,958 [Listener at 127.0.0.1/41931] INFO  net.NodeSchemaLoader (NodeSchemaLoader.java:loadSchemaFromFile(129)) - Loading schema from [jar:file:/home/runner/.m2/repository/org/apache/ozone/hdds-common/1.4.0-SNAPSHOT/hdds-common-1.4.0-SNAPSHOT.jar!/network-topology-default.xml]
2023-02-28 04:34:01,958 [Listener at 127.0.0.1/41931] INFO  net.NodeSchemaLoader (NodeSchemaLoader.java:loadSchema(176)) - Loading network topology layer schema file
2023-02-28 04:34:01,965 [Listener at 127.0.0.1/41931] INFO  upgrade.AbstractLayoutVersionManager (AbstractLayoutVersionManager.java:init(83)) - Initializing Layout version manager with metadata layout = DATANODE_SCHEMA_V3 (version = 4), software layout = DATANODE_SCHEMA_V3 (version = 4)
2023-02-28 04:34:02,010 [Listener at 127.0.0.1/41931] INFO  reflections.Reflections (Reflections.java:scan(232)) - Reflections took 42 ms to scan 7 urls, producing 151 keys and 363 values 
2023-02-28 04:34:02,011 [Listener at 127.0.0.1/41931] INFO  ha.SequenceIdGenerator (SequenceIdGenerator.java:upgradeToSequenceId(349)) - upgrade localId to 111677748019200000
2023-02-28 04:34:02,011 [Listener at 127.0.0.1/41931] INFO  ha.SequenceIdGenerator (SequenceIdGenerator.java:upgradeToSequenceId(359)) - upgrade delTxnId to 0
2023-02-28 04:34:02,011 [Listener at 127.0.0.1/41931] INFO  ha.SequenceIdGenerator (SequenceIdGenerator.java:upgradeToSequenceId(376)) - upgrade containerId to 0
2023-02-28 04:34:02,011 [Listener at 127.0.0.1/41931] INFO  ha.SequenceIdGenerator (SequenceIdGenerator.java:<init>(220)) - Init the HA SequenceIdGenerator.
2023-02-28 04:34:02,012 [Listener at 127.0.0.1/41931] WARN  server.ServerUtils (ServerUtils.java:sanitizeUserArgs(73)) - ozone.scm.stale.node.interval value = 300000 is larger than max = 100000 based on the key value of ozone.scm.heartbeat.thread.interval, reset to the max value 100000.
2023-02-28 04:34:02,012 [Listener at 127.0.0.1/41931] WARN  server.ServerUtils (ServerUtils.java:sanitizeUserArgs(73)) - ozone.scm.stale.node.interval value = 300000 is larger than max = 100000 based on the key value of ozone.scm.heartbeat.thread.interval, reset to the max value 100000.
2023-02-28 04:34:02,015 [Listener at 127.0.0.1/41931] INFO  node.SCMNodeManager (SCMNodeManager.java:<init>(149)) - Entering startup safe mode.
2023-02-28 04:34:02,015 [Listener at 127.0.0.1/41931] INFO  algorithms.ContainerPlacementPolicyFactory (ContainerPlacementPolicyFactory.java:getPolicyInternal(86)) - Create container placement policy of type org.apache.hadoop.hdds.scm.container.placement.algorithms.SCMContainerPlacementRandom
2023-02-28 04:34:02,016 [Listener at 127.0.0.1/41931] INFO  algorithms.ContainerPlacementPolicyFactory (ContainerPlacementPolicyFactory.java:getPolicyInternal(86)) - Create container placement policy of type org.apache.hadoop.hdds.scm.container.placement.algorithms.SCMContainerPlacementRackScatter
2023-02-28 04:34:02,016 [Listener at 127.0.0.1/41931] INFO  pipeline.PipelineStateManagerImpl (PipelineStateManagerImpl.java:initialize(78)) - No pipeline exists in current db
2023-02-28 04:34:02,016 [Listener at 127.0.0.1/41931] INFO  algorithms.LeaderChoosePolicyFactory (LeaderChoosePolicyFactory.java:getPolicy(57)) - Create leader choose policy of type org.apache.hadoop.hdds.scm.pipeline.leader.choose.algorithms.MinLeaderCountChoosePolicy
2023-02-28 04:34:02,016 [Listener at 127.0.0.1/41931] INFO  algorithms.ContainerPlacementPolicyFactory (ContainerPlacementPolicyFactory.java:getPolicyInternal(86)) - Create container placement policy of type org.apache.hadoop.hdds.scm.container.placement.algorithms.SCMContainerPlacementRackScatter
2023-02-28 04:34:02,016 [Listener at 127.0.0.1/41931] INFO  ha.SCMServiceManager (SCMServiceManager.java:register(42)) - Registering service BackgroundPipelineCreator.
2023-02-28 04:34:02,016 [Listener at 127.0.0.1/41931] INFO  pipeline.BackgroundPipelineCreator (BackgroundPipelineCreator.java:start(124)) - Starting RatisPipelineUtilsThread.
2023-02-28 04:34:02,017 [Listener at 127.0.0.1/41931] INFO  BackgroundPipelineScrubber (BackgroundSCMService.java:start(68)) - Starting BackgroundPipelineScrubber Service.
2023-02-28 04:34:02,017 [Listener at 127.0.0.1/41931] INFO  ha.SCMServiceManager (SCMServiceManager.java:register(42)) - Registering service BackgroundPipelineScrubber.
2023-02-28 04:34:02,017 [Listener at 127.0.0.1/41931] INFO  ExpiredContainerReplicaOpScrubber (BackgroundSCMService.java:start(68)) - Starting ExpiredContainerReplicaOpScrubber Service.
2023-02-28 04:34:02,018 [Listener at 127.0.0.1/41931] INFO  ha.SCMServiceManager (SCMServiceManager.java:register(42)) - Registering service ExpiredContainerReplicaOpScrubber.
2023-02-28 04:34:02,019 [Listener at 127.0.0.1/41931] INFO  algorithms.PipelineChoosePolicyFactory (PipelineChoosePolicyFactory.java:createPipelineChoosePolicyFromClass(73)) - Create pipeline choose policy of type org.apache.hadoop.hdds.scm.pipeline.choose.algorithms.RandomPipelineChoosePolicy
2023-02-28 04:34:02,019 [Listener at 127.0.0.1/41931] INFO  ha.SCMServiceManager (SCMServiceManager.java:register(42)) - Registering service SCMBlockDeletingService.
2023-02-28 04:34:02,019 [Listener at 127.0.0.1/41931] INFO  replication.ReplicationManager (ReplicationManager.java:start(266)) - Starting Replication Monitor Thread.
2023-02-28 04:34:02,020 [Listener at 127.0.0.1/41931] INFO  ha.SCMServiceManager (SCMServiceManager.java:register(42)) - Registering service ReplicationManager.
2023-02-28 04:34:02,020 [Listener at 127.0.0.1/41931] INFO  safemode.ContainerSafeModeRule (ContainerSafeModeRule.java:<init>(89)) - containers with one replica threshold count 0
2023-02-28 04:34:02,020 [Listener at 127.0.0.1/41931] INFO  safemode.HealthyPipelineSafeModeRule (HealthyPipelineSafeModeRule.java:initializeRule(169)) - Total pipeline count is 0, healthy pipeline threshold count is 1
2023-02-28 04:34:02,021 [Listener at 127.0.0.1/41931] INFO  safemode.OneReplicaPipelineSafeModeRule (OneReplicaPipelineSafeModeRule.java:initializeRule(180)) - Total pipeline count is 0, pipeline's with at least one datanode reported threshold count is 0
2023-02-28 04:34:02,021 [Listener at 127.0.0.1/41931] INFO  ipc.CallQueueManager (CallQueueManager.java:<init>(90)) - Using callQueue: class java.util.concurrent.LinkedBlockingQueue, queueCapacity: 2000, scheduler: class org.apache.hadoop.ipc.DefaultRpcScheduler, ipcBackoff: false.
2023-02-28 04:34:02,022 [Socket Reader #1 for port 0] INFO  ipc.Server (Server.java:run(1273)) - Starting Socket Reader #1 for port 0
2023-02-28 04:34:02,022 [Listener at 0.0.0.0/42935] INFO  ipc.CallQueueManager (CallQueueManager.java:<init>(90)) - Using callQueue: class java.util.concurrent.LinkedBlockingQueue, queueCapacity: 2000, scheduler: class org.apache.hadoop.ipc.DefaultRpcScheduler, ipcBackoff: false.
2023-02-28 04:34:02,023 [Socket Reader #1 for port 0] INFO  ipc.Server (Server.java:run(1273)) - Starting Socket Reader #1 for port 0
2023-02-28 04:34:02,023 [Listener at 0.0.0.0/42049] INFO  ipc.CallQueueManager (CallQueueManager.java:<init>(90)) - Using callQueue: class java.util.concurrent.LinkedBlockingQueue, queueCapacity: 2000, scheduler: class org.apache.hadoop.ipc.DefaultRpcScheduler, ipcBackoff: false.
2023-02-28 04:34:02,024 [Socket Reader #1 for port 0] INFO  ipc.Server (Server.java:run(1273)) - Starting Socket Reader #1 for port 0
2023-02-28 04:34:02,027 [Listener at 0.0.0.0/43451] INFO  ha.SCMServiceManager (SCMServiceManager.java:register(42)) - Registering service ContainerBalancer.
2023-02-28 04:34:02,027 [Listener at 0.0.0.0/43451] INFO  server.StorageContainerManager (StorageContainerManager.java:<init>(402)) - 
Container Balancer status:
Key                            Value
Running                        true
Container Balancer Configuration values:
Key                                                Value
Threshold                                          10
Max Datanodes to Involve per Iteration(percent)    20
Max Size to Move per Iteration                     500GB
Max Size Entering Target per Iteration             26GB
Max Size Leaving Source per Iteration              26GB

2023-02-28 04:34:02,028 [Listener at 0.0.0.0/43451] INFO  ha.SCMContext (SCMContext.java:updateSafeModeStatus(228)) - Update SafeModeStatus from SafeModeStatus{safeModeStatus=true, preCheckPassed=false} to SafeModeStatus{safeModeStatus=true, preCheckPassed=false}.
2023-02-28 04:34:02,028 [Listener at 0.0.0.0/43451] INFO  server.StorageContainerManager (StorageContainerManager.java:start(1436)) - StorageContainerLocationProtocol RPC server is listening at /0.0.0.0:43451
2023-02-28 04:34:02,032 [ReplicationMonitor] INFO  replication.ReplicationManager (ReplicationManager.java:processAll(341)) - Replication Manager is not ready to run until 3000ms after safemode exit
2023-02-28 04:34:02,033 [Listener at 0.0.0.0/43451] WARN  impl.MetricsConfig (MetricsConfig.java:loadFirst(136)) - Cannot locate configuration: tried hadoop-metrics2-storagecontainermanager.properties,hadoop-metrics2.properties
2023-02-28 04:34:02,034 [Listener at 0.0.0.0/43451] INFO  impl.MetricsSystemImpl (MetricsSystemImpl.java:startTimer(378)) - Scheduled Metric snapshot period at 10 second(s).
2023-02-28 04:34:02,034 [Listener at 0.0.0.0/43451] INFO  impl.MetricsSystemImpl (MetricsSystemImpl.java:start(191)) - StorageContainerManager metrics system started
2023-02-28 04:34:02,047 [Listener at 0.0.0.0/43451] INFO  impl.MetricsSinkAdapter (MetricsSinkAdapter.java:start(204)) - Sink prometheus started
2023-02-28 04:34:02,047 [Listener at 0.0.0.0/43451] INFO  impl.MetricsSystemImpl (MetricsSystemImpl.java:registerSink(305)) - Registered sink prometheus
2023-02-28 04:34:02,082 [Listener at 0.0.0.0/43451] INFO  server.SCMClientProtocolServer (SCMClientProtocolServer.java:start(176)) - RPC server for Client  is listening at /0.0.0.0:43451
2023-02-28 04:34:02,082 [IPC Server Responder] INFO  ipc.Server (Server.java:run(1512)) - IPC Server Responder: starting
2023-02-28 04:34:02,082 [IPC Server listener on 0] INFO  ipc.Server (Server.java:run(1352)) - IPC Server listener on 0: starting
2023-02-28 04:34:02,090 [Listener at 0.0.0.0/43451] INFO  server.StorageContainerManager (StorageContainerManager.java:start(1450)) - ScmBlockLocationProtocol RPC server is listening at /0.0.0.0:42049
2023-02-28 04:34:02,091 [Listener at 0.0.0.0/43451] INFO  server.SCMBlockProtocolServer (SCMBlockProtocolServer.java:start(152)) - RPC server for Block Protocol is listening at /0.0.0.0:42049
2023-02-28 04:34:02,091 [IPC Server Responder] INFO  ipc.Server (Server.java:run(1512)) - IPC Server Responder: starting
2023-02-28 04:34:02,091 [IPC Server listener on 0] INFO  ipc.Server (Server.java:run(1352)) - IPC Server listener on 0: starting
2023-02-28 04:34:02,092 [Listener at 0.0.0.0/43451] INFO  server.SCMDatanodeProtocolServer (SCMDatanodeProtocolServer.java:start(193)) - ScmDatanodeProtocol RPC server for DataNodes is listening at /0.0.0.0:42935
2023-02-28 04:34:02,093 [IPC Server Responder] INFO  ipc.Server (Server.java:run(1512)) - IPC Server Responder: starting
2023-02-28 04:34:02,093 [IPC Server listener on 0] INFO  ipc.Server (Server.java:run(1352)) - IPC Server listener on 0: starting
2023-02-28 04:34:02,094 [org.apache.hadoop.util.JvmPauseMonitor$Monitor@30bcfc62] INFO  util.JvmPauseMonitor (JvmPauseMonitor.java:run(188)) - Starting JVM pause monitor
2023-02-28 04:34:02,096 [Listener at 0.0.0.0/43451] INFO  http.BaseHttpServer (BaseHttpServer.java:newHttpServer2BuilderForOzone(213)) - Starting Web-server for scm at: http://0.0.0.0:0
2023-02-28 04:34:02,096 [Listener at 0.0.0.0/43451] INFO  http.BaseHttpServer (BaseHttpServer.java:<init>(108)) - Hadoop Security Enabled: false Ozone Security Enabled: false Ozone HTTP Security Enabled: false 
2023-02-28 04:34:02,097 [Listener at 0.0.0.0/43451] WARN  server.AuthenticationFilter (AuthenticationFilter.java:constructSecretProvider(240)) - Unable to initialize FileSignerSecretProvider, falling back to use random secrets. Reason: Could not read signature secret file: /home/runner/hadoop-http-auth-signature-secret
2023-02-28 04:34:02,098 [Listener at 0.0.0.0/43451] WARN  http.HttpRequestLog (HttpRequestLog.java:getRequestLog(103)) - Jetty request log can only be enabled using Log4j
2023-02-28 04:34:02,101 [Listener at 0.0.0.0/43451] INFO  http.HttpServer2 (HttpServer2.java:addGlobalFilter(1031)) - Added global filter 'safety' (class=org.apache.hadoop.hdds.server.http.HttpServer2$QuotingInputFilter)
2023-02-28 04:34:02,102 [Listener at 0.0.0.0/43451] INFO  http.HttpServer2 (HttpServer2.java:addFilter(1007)) - Added filter static_user_filter (class=org.apache.hadoop.http.lib.StaticUserWebFilter$StaticUserFilter) to context scm
2023-02-28 04:34:02,102 [Listener at 0.0.0.0/43451] INFO  http.HttpServer2 (HttpServer2.java:addFilter(1015)) - Added filter static_user_filter (class=org.apache.hadoop.http.lib.StaticUserWebFilter$StaticUserFilter) to context static
2023-02-28 04:34:02,102 [Listener at 0.0.0.0/43451] INFO  http.HttpServer2 (HttpServer2.java:addFilter(1015)) - Added filter static_user_filter (class=org.apache.hadoop.http.lib.StaticUserWebFilter$StaticUserFilter) to context logs
2023-02-28 04:34:02,104 [Listener at 0.0.0.0/43451] INFO  http.HttpServer2 (HttpServer2.java:bindListener(1250)) - Jetty bound to port 32921
2023-02-28 04:34:02,105 [Listener at 0.0.0.0/43451] INFO  server.Server (Server.java:doStart(375)) - jetty-9.4.49.v20220914; built: 2022-09-14T01:07:36.601Z; git: 4231a3b2e4cb8548a412a789936d640a97b1aa0a; jvm 1.8.0_362-b09
2023-02-28 04:34:02,106 [Listener at 0.0.0.0/43451] INFO  server.session (DefaultSessionIdManager.java:doStart(334)) - DefaultSessionIdManager workerName=node0
2023-02-28 04:34:02,106 [Listener at 0.0.0.0/43451] INFO  server.session (DefaultSessionIdManager.java:doStart(339)) - No SessionScavenger set, using defaults
2023-02-28 04:34:02,106 [Listener at 0.0.0.0/43451] INFO  server.session (HouseKeeper.java:startScavenging(132)) - node0 Scavenging every 660000ms
2023-02-28 04:34:02,107 [Listener at 0.0.0.0/43451] INFO  handler.ContextHandler (ContextHandler.java:doStart(921)) - Started o.e.j.s.ServletContextHandler@7d753aad{logs,/logs,file:///home/runner/work/ozone/ozone/hadoop-ozone/integration-test/target/log,AVAILABLE}
2023-02-28 04:34:02,107 [Listener at 0.0.0.0/43451] INFO  handler.ContextHandler (ContextHandler.java:doStart(921)) - Started o.e.j.s.ServletContextHandler@2021cbc1{static,/static,file:///home/runner/work/ozone/ozone/hadoop-ozone/integration-test/target/test-classes/webapps/static,AVAILABLE}
2023-02-28 04:34:02,114 [Listener at 0.0.0.0/43451] INFO  handler.ContextHandler (ContextHandler.java:doStart(921)) - Started o.e.j.w.WebAppContext@47e935be{scm,/,file:///home/runner/work/ozone/ozone/hadoop-ozone/integration-test/target/test-classes/webapps/scm/,AVAILABLE}{file:/home/runner/work/ozone/ozone/hadoop-ozone/integration-test/target/test-classes/webapps/scm}
2023-02-28 04:34:02,115 [Listener at 0.0.0.0/43451] INFO  server.AbstractConnector (AbstractConnector.java:doStart(333)) - Started ServerConnector@6aee963a{HTTP/1.1, (http/1.1)}{0.0.0.0:32921}
2023-02-28 04:34:02,116 [Listener at 0.0.0.0/43451] INFO  server.Server (Server.java:doStart(415)) - Started @115292ms
2023-02-28 04:34:02,116 [Listener at 0.0.0.0/43451] WARN  impl.MetricsSystemImpl (MetricsSystemImpl.java:register(279)) - Sink prometheus already exists!
2023-02-28 04:34:02,116 [Listener at 0.0.0.0/43451] INFO  http.BaseHttpServer (BaseHttpServer.java:updateConnectorAddress(333)) - HTTP server of scm listening at http://0.0.0.0:32921
2023-02-28 04:34:02,117 [Listener at 0.0.0.0/43451] INFO  ha.OMHANodeDetails (OMHANodeDetails.java:loadOMHAConfig(121)) - ServiceID for OzoneManager is om-service-test1
2023-02-28 04:34:02,118 [Listener at 0.0.0.0/43451] INFO  ha.OMHANodeDetails (OMHANodeDetails.java:loadOMHAConfig(201)) - Found matching OM address with OMServiceId: om-service-test1, OMNodeId: omNode-1, RPC Address: localhost:43485 and Ratis port: 45275
2023-02-28 04:34:02,118 [Listener at 0.0.0.0/43451] INFO  ha.OMHANodeDetails (ConfUtils.java:setNodeSpecificConfigs(97)) - Setting configuration key ozone.om.http-address with value of key ozone.om.http-address.om-service-test1.omNode-1: 127.0.0.1:38703
2023-02-28 04:34:02,118 [Listener at 0.0.0.0/43451] INFO  ha.OMHANodeDetails (ConfUtils.java:setNodeSpecificConfigs(97)) - Setting configuration key ozone.om.https-address with value of key ozone.om.https-address.om-service-test1.omNode-1: 127.0.0.1:44723
2023-02-28 04:34:02,118 [Listener at 0.0.0.0/43451] INFO  ha.OMHANodeDetails (ConfUtils.java:setNodeSpecificConfigs(97)) - Setting configuration key ozone.om.address with value of key ozone.om.address.om-service-test1.omNode-1: 127.0.0.1:43485
2023-02-28 04:34:02,118 [Listener at 0.0.0.0/43451] WARN  server.ServerUtils (ServerUtils.java:getDBPath(225)) - ozone.om.db.dirs is not configured. We recommend adding this setting. Falling back to ozone.metadata.dirs instead.
2023-02-28 04:34:02,119 [Listener at 0.0.0.0/43451] INFO  proxy.SCMBlockLocationFailoverProxyProvider (SCMBlockLocationFailoverProxyProvider.java:<init>(114)) - Created block location fail-over proxy with 1 nodes: [nodeId=scmNodeId,nodeAddress=/0.0.0.0:42049]
OM initialization succeeded.Current cluster id for sd=/home/runner/work/ozone/ozone/hadoop-ozone/integration-test/target/test-dir/MiniOzoneClusterImpl-0c3862ae-9f43-41f5-9e7d-509225cf1f3d/omNode-1/om;cid=0c3862ae-9f43-41f5-9e7d-509225cf1f3d;layoutVersion=3
2023-02-28 04:34:02,124 [Listener at 0.0.0.0/43451] INFO  ha.OMHANodeDetails (OMHANodeDetails.java:loadOMHAConfig(121)) - ServiceID for OzoneManager is om-service-test1
2023-02-28 04:34:02,124 [Listener at 0.0.0.0/43451] INFO  ha.OMHANodeDetails (OMHANodeDetails.java:loadOMHAConfig(201)) - Found matching OM address with OMServiceId: om-service-test1, OMNodeId: omNode-1, RPC Address: localhost:43485 and Ratis port: 45275
2023-02-28 04:34:02,124 [Listener at 0.0.0.0/43451] INFO  ha.OMHANodeDetails (ConfUtils.java:setNodeSpecificConfigs(97)) - Setting configuration key ozone.om.http-address with value of key ozone.om.http-address.om-service-test1.omNode-1: 127.0.0.1:38703
2023-02-28 04:34:02,124 [Listener at 0.0.0.0/43451] INFO  ha.OMHANodeDetails (ConfUtils.java:setNodeSpecificConfigs(97)) - Setting configuration key ozone.om.https-address with value of key ozone.om.https-address.om-service-test1.omNode-1: 127.0.0.1:44723
2023-02-28 04:34:02,124 [Listener at 0.0.0.0/43451] INFO  ha.OMHANodeDetails (ConfUtils.java:setNodeSpecificConfigs(97)) - Setting configuration key ozone.om.address with value of key ozone.om.address.om-service-test1.omNode-1: 127.0.0.1:43485
2023-02-28 04:34:02,125 [Listener at 0.0.0.0/43451] WARN  server.ServerUtils (ServerUtils.java:getDBPath(225)) - ozone.om.db.dirs is not configured. We recommend adding this setting. Falling back to ozone.metadata.dirs instead.
2023-02-28 04:34:02,126 [Listener at 0.0.0.0/43451] INFO  upgrade.AbstractLayoutVersionManager (AbstractLayoutVersionManager.java:init(83)) - Initializing Layout version manager with metadata layout = MULTITENANCY_SCHEMA (version = 3), software layout = MULTITENANCY_SCHEMA (version = 3)
2023-02-28 04:34:02,195 [Listener at 0.0.0.0/43451] INFO  reflections.Reflections (Reflections.java:scan(232)) - Reflections took 66 ms to scan 2 urls, producing 167 keys and 459 values [using 2 cores]
2023-02-28 04:34:02,195 [Listener at 0.0.0.0/43451] INFO  upgrade.OMLayoutVersionManager (OMLayoutVersionManager.java:lambda$0(115)) - Skipping Upgrade Action MockOmUpgradeAction since it has been finalized.
2023-02-28 04:34:02,196 [Listener at 0.0.0.0/43451] WARN  server.ServerUtils (ServerUtils.java:getDBPath(225)) - ozone.om.db.dirs is not configured. We recommend adding this setting. Falling back to ozone.metadata.dirs instead.
2023-02-28 04:34:02,196 [Listener at 0.0.0.0/43451] INFO  proxy.SCMBlockLocationFailoverProxyProvider (SCMBlockLocationFailoverProxyProvider.java:<init>(114)) - Created block location fail-over proxy with 1 nodes: [nodeId=scmNodeId,nodeAddress=/0.0.0.0:42049]
2023-02-28 04:34:02,198 [Listener at 0.0.0.0/43451] INFO  proxy.SCMBlockLocationFailoverProxyProvider (SCMBlockLocationFailoverProxyProvider.java:<init>(114)) - Created block location fail-over proxy with 1 nodes: [nodeId=scmNodeId,nodeAddress=/0.0.0.0:42049]
2023-02-28 04:34:02,207 [Listener at 0.0.0.0/43451] INFO  om.OzoneManager (OzoneManager.java:<init>(618)) - OM start with adminUsers: [runner]
2023-02-28 04:34:02,209 [Listener at 0.0.0.0/43451] WARN  server.ServerUtils (ServerUtils.java:getDBPath(225)) - ozone.om.db.dirs is not configured. We recommend adding this setting. Falling back to ozone.metadata.dirs instead.
2023-02-28 04:34:02,210 [Listener at 0.0.0.0/43451] INFO  codec.OmKeyInfoCodec (OmKeyInfoCodec.java:<init>(49)) - OmKeyInfoCodec ignorePipeline = true
2023-02-28 04:34:02,210 [Listener at 0.0.0.0/43451] INFO  codec.RepeatedOmKeyInfoCodec (RepeatedOmKeyInfoCodec.java:<init>(41)) - RepeatedOmKeyInfoCodec ignorePipeline = true
2023-02-28 04:34:02,372 [Listener at 0.0.0.0/43451] INFO  om.OzoneManager (OzoneManager.java:instantiateServices(748)) - S3 Multi-Tenancy is disabled
2023-02-28 04:34:02,372 [Listener at 0.0.0.0/43451] WARN  server.ServerUtils (ServerUtils.java:getDBPath(225)) - ozone.om.snapshot.diff.db.dir is not configured. We recommend adding this setting. Falling back to ozone.metadata.dirs instead.
2023-02-28 04:34:02,378 [EndpointStateMachine task thread for /0.0.0.0:41617 - 0 ] INFO  ipc.Client (Client.java:handleConnectionFailure(1010)) - Retrying connect to server: 0.0.0.0/0.0.0.0:41617. Already tried 11 time(s); retry policy is RetryUpToMaximumCountWithFixedSleep(maxRetries=15, sleepTime=1000 MILLISECONDS)
2023-02-28 04:34:02,385 [Listener at 0.0.0.0/43451] INFO  om.OzoneManager (OzoneManager.java:addS3GVolumeToDB(4215)) - Created Volume s3v With Owner runner required for S3Gateway operations.
2023-02-28 04:34:02,385 [Listener at 0.0.0.0/43451] WARN  server.ServerUtils (ServerUtils.java:getDefaultRatisDirectory(237)) - Storage directory for Ratis is not configured. It is a good idea to map this to an SSD disk. Falling back to ozone.metadata.dirs
2023-02-28 04:34:02,385 [Listener at 0.0.0.0/43451] WARN  utils.OzoneManagerRatisUtils (OzoneManagerRatisUtils.java:getOMRatisSnapshotDirectory(436)) - ozone.om.ratis.snapshot.dir is not configured. Falling back to ozone.metadata.dirs config
2023-02-28 04:34:02,385 [Listener at 0.0.0.0/43451] INFO  snapshot.OzoneManagerSnapshotProvider (OzoneManagerSnapshotProvider.java:<init>(76)) - Initializing OM Snapshot Provider
2023-02-28 04:34:02,387 [Listener at 0.0.0.0/43451] WARN  server.ServerUtils (ServerUtils.java:getDefaultRatisDirectory(237)) - Storage directory for Ratis is not configured. It is a good idea to map this to an SSD disk. Falling back to ozone.metadata.dirs
2023-02-28 04:34:02,388 [Listener at 0.0.0.0/43451] INFO  ratis.OzoneManagerRatisServer (OzoneManagerRatisServer.java:<init>(164)) - Instantiating OM Ratis server with groupID: om-service-test1 and peers: localhost:45275, localhost:44751, localhost:36617
2023-02-28 04:34:02,388 [Listener at 0.0.0.0/43451] INFO  ratis.OzoneManagerStateMachine (OzoneManagerStateMachine.java:loadSnapshotInfoFromDB(636)) - LastAppliedIndex is set from TransactionInfo from OM DB as (t:0, i:~)
2023-02-28 04:34:02,388 [Listener at 0.0.0.0/43451] INFO  server.RaftServer (ConfUtils.java:logGet(46)) - raft.rpc.type = GRPC (default)
2023-02-28 04:34:02,388 [Listener at 0.0.0.0/43451] INFO  grpc.GrpcConfigKeys (ConfUtils.java:logFallback(53)) - raft.grpc.admin.host = null (fallback to raft.grpc.server.host)
2023-02-28 04:34:02,388 [Listener at 0.0.0.0/43451] INFO  grpc.GrpcConfigKeys (ConfUtils.java:logFallback(53)) - raft.grpc.admin.port = 45275 (fallback to raft.grpc.server.port)
2023-02-28 04:34:02,388 [Listener at 0.0.0.0/43451] INFO  grpc.GrpcConfigKeys (ConfUtils.java:logFallback(53)) - raft.grpc.client.host = null (fallback to raft.grpc.server.host)
2023-02-28 04:34:02,388 [Listener at 0.0.0.0/43451] INFO  grpc.GrpcConfigKeys (ConfUtils.java:logFallback(53)) - raft.grpc.client.port = 45275 (fallback to raft.grpc.server.port)
2023-02-28 04:34:02,389 [Listener at 0.0.0.0/43451] INFO  grpc.GrpcConfigKeys (ConfUtils.java:logGet(46)) - raft.grpc.server.host = null (default)
2023-02-28 04:34:02,389 [Listener at 0.0.0.0/43451] INFO  grpc.GrpcConfigKeys (ConfUtils.java:logGet(46)) - raft.grpc.server.port = 45275 (custom)
2023-02-28 04:34:02,389 [Listener at 0.0.0.0/43451] INFO  server.GrpcService (ConfUtils.java:logGet(46)) - raft.grpc.message.size.max = 33554432 (custom)
2023-02-28 04:34:02,389 [Listener at 0.0.0.0/43451] INFO  server.RaftServerConfigKeys (ConfUtils.java:logGet(46)) - raft.server.log.appender.buffer.byte-limit = 33554432 (custom)
2023-02-28 04:34:02,389 [Listener at 0.0.0.0/43451] INFO  server.GrpcService (ConfUtils.java:logGet(46)) - raft.grpc.flow.control.window = 1MB (=1048576) (default)
2023-02-28 04:34:02,389 [Listener at 0.0.0.0/43451] INFO  server.RaftServerConfigKeys (ConfUtils.java:logGet(46)) - raft.server.rpc.request.timeout = 3000ms (default)
2023-02-28 04:34:02,389 [Listener at 0.0.0.0/43451] INFO  grpc.GrpcConfigKeys (ConfUtils.java:logGet(46)) - raft.grpc.server.heartbeat.channel = true (default)
2023-02-28 04:34:02,389 [Listener at 0.0.0.0/43451] INFO  grpc.GrpcConfigKeys (ConfUtils.java:logGet(46)) - raft.grpc.server.async.request.thread.pool.cached = true (default)
2023-02-28 04:34:02,389 [Listener at 0.0.0.0/43451] INFO  grpc.GrpcConfigKeys (ConfUtils.java:logGet(46)) - raft.grpc.server.async.request.thread.pool.size = 32 (default)
2023-02-28 04:34:02,391 [Listener at 0.0.0.0/43451] INFO  impl.DataStreamServerImpl (ConfUtils.java:logGet(46)) - raft.datastream.type = DISABLED (default)
2023-02-28 04:34:02,391 [Listener at 0.0.0.0/43451] INFO  server.RaftServerConfigKeys (ConfUtils.java:logGet(46)) - raft.server.threadpool.proxy.cached = true (default)
2023-02-28 04:34:02,391 [Listener at 0.0.0.0/43451] INFO  server.RaftServerConfigKeys (ConfUtils.java:logGet(46)) - raft.server.threadpool.proxy.size = 0 (default)
2023-02-28 04:34:02,391 [Listener at 0.0.0.0/43451] INFO  server.RaftServerConfigKeys (ConfUtils.java:logGet(46)) - raft.server.rpc.slowness.timeout = 2s (custom)
2023-02-28 04:34:02,391 [Listener at 0.0.0.0/43451] INFO  server.RaftServerConfigKeys (ConfUtils.java:logGet(46)) - raft.server.leaderelection.leader.step-down.wait-time = 10s (default)
2023-02-28 04:34:02,391 [Listener at 0.0.0.0/43451] INFO  server.RaftServerConfigKeys (ConfUtils.java:logGet(46)) - raft.server.storage.dir = [/home/runner/work/ozone/ozone/hadoop-ozone/integration-test/target/test-dir/MiniOzoneClusterImpl-0c3862ae-9f43-41f5-9e7d-509225cf1f3d/omNode-1/ratis] (custom)
2023-02-28 04:34:02,392 [Listener at 0.0.0.0/43451] INFO  server.RaftServer (RaftServerProxy.java:addNew(96)) - omNode-1: addNew group-523986131536:[omNode-3|rpc:localhost:44751|priority:0|startupRole:FOLLOWER, omNode-1|rpc:localhost:45275|priority:0|startupRole:FOLLOWER, omNode-2|rpc:localhost:36617|priority:0|startupRole:FOLLOWER] returns group-523986131536:java.util.concurrent.CompletableFuture@56706abf[Not completed]
2023-02-28 04:34:02,392 [pool-1416-thread-1] INFO  server.RaftServer$Division (RaftServerImpl.java:<init>(195)) - omNode-1: new RaftServerImpl for group-523986131536:[omNode-3|rpc:localhost:44751|priority:0|startupRole:FOLLOWER, omNode-1|rpc:localhost:45275|priority:0|startupRole:FOLLOWER, omNode-2|rpc:localhost:36617|priority:0|startupRole:FOLLOWER] with OzoneManagerStateMachine:uninitialized
2023-02-28 04:34:02,392 [Listener at 0.0.0.0/43451] INFO  om.OzoneManager (OzoneManager.java:initializeRatisServer(2094)) - OzoneManager Ratis server initialized at port 45275
2023-02-28 04:34:02,392 [pool-1416-thread-1] INFO  server.RaftServerConfigKeys (ConfUtils.java:logGet(46)) - raft.server.rpc.timeout.min = 1s (custom)
2023-02-28 04:34:02,392 [Listener at 0.0.0.0/43451] INFO  om.OzoneManager (OzoneManager.java:getRpcServer(1131)) - Creating RPC Server
2023-02-28 04:34:02,392 [pool-1416-thread-1] INFO  server.RaftServerConfigKeys (ConfUtils.java:logGet(46)) - raft.server.rpc.timeout.max = 1200ms (custom)
2023-02-28 04:34:02,392 [pool-1416-thread-1] INFO  server.RaftServerConfigKeys (ConfUtils.java:logGet(46)) - raft.server.rpc.sleep.time = 25ms (default)
2023-02-28 04:34:02,392 [pool-1416-thread-1] INFO  server.RaftServerConfigKeys (ConfUtils.java:logGet(46)) - raft.server.rpc.slowness.timeout = 2s (custom)
2023-02-28 04:34:02,392 [pool-1416-thread-1] INFO  server.RaftServerConfigKeys (ConfUtils.java:logGet(46)) - raft.server.leaderelection.leader.step-down.wait-time = 10s (default)
2023-02-28 04:34:02,392 [pool-1416-thread-1] INFO  server.RaftServerConfigKeys (ConfUtils.java:logGet(46)) - raft.server.sleep.deviation.threshold = 300ms (default)
2023-02-28 04:34:02,392 [pool-1416-thread-1] INFO  server.RaftServer$Division (ServerState.java:<init>(118)) - omNode-1@group-523986131536: ConfigurationManager, init=-1: peers:[omNode-3|rpc:localhost:44751|priority:0|startupRole:FOLLOWER, omNode-1|rpc:localhost:45275|priority:0|startupRole:FOLLOWER, omNode-2|rpc:localhost:36617|priority:0|startupRole:FOLLOWER]|listeners:[], old=null, confs=<EMPTY_MAP>
2023-02-28 04:34:02,392 [pool-1416-thread-1] INFO  server.RaftServerConfigKeys (ConfUtils.java:logGet(46)) - raft.server.storage.dir = [/home/runner/work/ozone/ozone/hadoop-ozone/integration-test/target/test-dir/MiniOzoneClusterImpl-0c3862ae-9f43-41f5-9e7d-509225cf1f3d/omNode-1/ratis] (custom)
2023-02-28 04:34:02,393 [pool-1416-thread-1] INFO  server.RaftServerConfigKeys (ConfUtils.java:logGet(46)) - raft.server.log.corruption.policy = EXCEPTION (default)
2023-02-28 04:34:02,393 [pool-1416-thread-1] INFO  server.RaftServerConfigKeys (ConfUtils.java:logGet(46)) - raft.server.storage.free-space.min = 0MB (=0) (default)
2023-02-28 04:34:02,393 [pool-1416-thread-1] INFO  server.RaftServerConfigKeys (ConfUtils.java:logGet(46)) - raft.server.notification.no-leader.timeout = 2s (custom)
2023-02-28 04:34:02,393 [pool-1416-thread-1] INFO  server.RaftServerConfigKeys (ConfUtils.java:logGet(46)) - raft.server.retrycache.expirytime = 300s (custom)
2023-02-28 04:34:02,393 [pool-1416-thread-1] INFO  server.RaftServerConfigKeys (ConfUtils.java:logGet(46)) - raft.server.retrycache.statistics.expirytime = 100μs (default)
2023-02-28 04:34:02,393 [pool-1416-thread-1] INFO  server.RaftServerConfigKeys (ConfUtils.java:logGet(46)) - raft.server.log.appender.install.snapshot.enabled = false (custom)
2023-02-28 04:34:02,393 [pool-1416-thread-1] INFO  server.RaftServerConfigKeys (ConfUtils.java:logGet(46)) - raft.server.threadpool.server.cached = true (default)
2023-02-28 04:34:02,393 [pool-1416-thread-1] INFO  server.RaftServerConfigKeys (ConfUtils.java:logGet(46)) - raft.server.threadpool.server.size = 0 (default)
2023-02-28 04:34:02,393 [pool-1416-thread-1] INFO  server.RaftServerConfigKeys (ConfUtils.java:logGet(46)) - raft.server.threadpool.client.cached = true (default)
2023-02-28 04:34:02,393 [pool-1416-thread-1] INFO  server.RaftServerConfigKeys (ConfUtils.java:logGet(46)) - raft.server.threadpool.client.size = 0 (default)
2023-02-28 04:34:02,483 [EndpointStateMachine task thread for /0.0.0.0:32873 - 0 ] INFO  ipc.Client (Client.java:handleConnectionFailure(1010)) - Retrying connect to server: 0.0.0.0/0.0.0.0:32873. Already tried 4 time(s); retry policy is RetryUpToMaximumCountWithFixedSleep(maxRetries=15, sleepTime=1000 MILLISECONDS)
2023-02-28 04:34:02,680 [Listener at 0.0.0.0/43451] INFO  reflections.Reflections (Reflections.java:scan(232)) - Reflections took 286 ms to scan 19 urls, producing 68 keys and 4864 values [using 2 cores]
2023-02-28 04:34:02,682 [Listener at 0.0.0.0/43451] INFO  ipc.CallQueueManager (CallQueueManager.java:<init>(90)) - Using callQueue: class java.util.concurrent.LinkedBlockingQueue, queueCapacity: 2000, scheduler: class org.apache.hadoop.ipc.DefaultRpcScheduler, ipcBackoff: false.
2023-02-28 04:34:02,683 [Socket Reader #1 for port 43485] INFO  ipc.Server (Server.java:run(1273)) - Starting Socket Reader #1 for port 43485
2023-02-28 04:34:02,706 [Listener at 127.0.0.1/43485] INFO  impl.MetricsSystemImpl (MetricsSystemImpl.java:init(158)) - OzoneManager metrics system started (again)
2023-02-28 04:34:02,721 [Listener at 127.0.0.1/43485] INFO  om.OzoneManager (OzoneManager.java:start(1551)) - OzoneManager RPC server is listening at localhost/127.0.0.1:43485
2023-02-28 04:34:02,721 [Listener at 127.0.0.1/43485] INFO  ratis.OzoneManagerRatisServer (OzoneManagerRatisServer.java:start(559)) - Starting OzoneManagerRatisServer omNode-1 at port 45275
2023-02-28 04:34:02,721 [omNode-1-impl-thread1] INFO  storage.RaftStorageDirectory (RaftStorageDirectoryImpl.java:analyzeStorage(137)) - The storage directory /home/runner/work/ozone/ozone/hadoop-ozone/integration-test/target/test-dir/MiniOzoneClusterImpl-0c3862ae-9f43-41f5-9e7d-509225cf1f3d/omNode-1/ratis/c9bc4cf4-3bc3-3c60-a66b-523986131536 does not exist. Creating ...
2023-02-28 04:34:02,722 [omNode-1-impl-thread1] INFO  storage.RaftStorageDirectory (RaftStorageDirectoryImpl.java:tryLock(231)) - Lock on /home/runner/work/ozone/ozone/hadoop-ozone/integration-test/target/test-dir/MiniOzoneClusterImpl-0c3862ae-9f43-41f5-9e7d-509225cf1f3d/omNode-1/ratis/c9bc4cf4-3bc3-3c60-a66b-523986131536/in_use.lock acquired by nodename 61299@fv-az467-141
2023-02-28 04:34:02,723 [omNode-1-impl-thread1] INFO  storage.RaftStorage (RaftStorageImpl.java:format(96)) - Storage directory /home/runner/work/ozone/ozone/hadoop-ozone/integration-test/target/test-dir/MiniOzoneClusterImpl-0c3862ae-9f43-41f5-9e7d-509225cf1f3d/omNode-1/ratis/c9bc4cf4-3bc3-3c60-a66b-523986131536 has been successfully formatted.
2023-02-28 04:34:02,723 [omNode-1-impl-thread1] INFO  server.RaftServerConfigKeys (ConfUtils.java:logGet(46)) - raft.server.log.use.memory = false (default)
2023-02-28 04:34:02,723 [omNode-1-impl-thread1] INFO  server.RaftServerConfigKeys (ConfUtils.java:logGet(46)) - raft.server.log.purge.gap = 1000000 (custom)
2023-02-28 04:34:02,723 [omNode-1-impl-thread1] INFO  server.RaftServerConfigKeys (ConfUtils.java:logGet(46)) - raft.server.log.appender.buffer.byte-limit = 33554432 (custom)
2023-02-28 04:34:02,723 [omNode-1-impl-thread1] INFO  server.RaftServerConfigKeys (ConfUtils.java:logGet(46)) - raft.server.log.statemachine.data.read.timeout = 1000ms (default)
2023-02-28 04:34:02,723 [omNode-1-impl-thread1] INFO  server.RaftServerConfigKeys (ConfUtils.java:logGet(46)) - raft.server.log.purge.preservation.log.num = 0 (default)
2023-02-28 04:34:02,723 [omNode-1-impl-thread1] INFO  server.RaftServerConfigKeys (ConfUtils.java:logGet(46)) - raft.server.log.segment.size.max = 4194304 (custom)
2023-02-28 04:34:02,724 [omNode-1-impl-thread1] INFO  server.RaftServerConfigKeys (ConfUtils.java:logGet(46)) - raft.server.log.segment.cache.num.max = 2 (custom)
2023-02-28 04:34:02,724 [omNode-1-impl-thread1] INFO  server.RaftServerConfigKeys (ConfUtils.java:logGet(46)) - raft.server.log.segment.cache.size.max = 200MB (=209715200) (default)
2023-02-28 04:34:02,724 [omNode-1-impl-thread1] INFO  segmented.SegmentedRaftLogWorker (SegmentedRaftLogWorker.java:<init>(189)) - new omNode-1@group-523986131536-SegmentedRaftLogWorker for RaftStorageImpl:Storage Directory /home/runner/work/ozone/ozone/hadoop-ozone/integration-test/target/test-dir/MiniOzoneClusterImpl-0c3862ae-9f43-41f5-9e7d-509225cf1f3d/omNode-1/ratis/c9bc4cf4-3bc3-3c60-a66b-523986131536
2023-02-28 04:34:02,724 [omNode-1-impl-thread1] INFO  server.RaftServerConfigKeys (ConfUtils.java:logGet(46)) - raft.server.log.queue.byte-limit = 64MB (=67108864) (default)
2023-02-28 04:34:02,724 [omNode-1-impl-thread1] INFO  server.RaftServerConfigKeys (ConfUtils.java:logGet(46)) - raft.server.log.queue.element-limit = 4096 (default)
2023-02-28 04:34:02,724 [omNode-1-impl-thread1] INFO  server.RaftServerConfigKeys (ConfUtils.java:logGet(46)) - raft.server.log.segment.size.max = 4194304 (custom)
2023-02-28 04:34:02,724 [omNode-1-impl-thread1] INFO  server.RaftServerConfigKeys (ConfUtils.java:logGet(46)) - raft.server.log.preallocated.size = 4194304 (custom)
2023-02-28 04:34:02,724 [omNode-1-impl-thread1] INFO  server.RaftServerConfigKeys (ConfUtils.java:logGet(46)) - raft.server.log.force.sync.num = 128 (default)
2023-02-28 04:34:02,724 [omNode-1-impl-thread1] INFO  server.RaftServerConfigKeys (ConfUtils.java:logGet(46)) - raft.server.log.statemachine.data.sync = true (default)
2023-02-28 04:34:02,724 [omNode-1-impl-thread1] INFO  server.RaftServerConfigKeys (ConfUtils.java:logGet(46)) - raft.server.log.statemachine.data.sync.timeout = 10s (default)
2023-02-28 04:34:02,724 [omNode-1-impl-thread1] INFO  server.RaftServerConfigKeys (ConfUtils.java:logGet(46)) - raft.server.log.statemachine.data.sync.timeout.retry = -1 (default)
2023-02-28 04:34:02,724 [omNode-1-impl-thread1] INFO  server.RaftServerConfigKeys (ConfUtils.java:logGet(46)) - raft.server.log.write.buffer.size = 64KB (=65536) (default)
2023-02-28 04:34:02,724 [omNode-1-impl-thread1] INFO  server.RaftServerConfigKeys (ConfUtils.java:logGet(46)) - raft.server.log.appender.buffer.byte-limit = 33554432 (custom)
2023-02-28 04:34:02,728 [omNode-1-impl-thread1] INFO  server.RaftServerConfigKeys (ConfUtils.java:logGet(46)) - raft.server.log.unsafe-flush.enabled = false (default)
2023-02-28 04:34:02,728 [omNode-1-impl-thread1] INFO  server.RaftServerConfigKeys (ConfUtils.java:logGet(46)) - raft.server.log.async-flush.enabled = false (default)
2023-02-28 04:34:02,728 [omNode-1-impl-thread1] INFO  server.RaftServerConfigKeys (ConfUtils.java:logGet(46)) - raft.server.log.statemachine.data.caching.enabled = false (default)
2023-02-28 04:34:02,728 [omNode-1-impl-thread1] INFO  segmented.SegmentedRaftLogWorker (SegmentedRaftLogWorker.java:lambda$new$0(135)) - omNode-1@group-523986131536-SegmentedRaftLogWorker: flushIndex: setUnconditionally 0 -> -1
2023-02-28 04:34:02,728 [omNode-1-impl-thread1] INFO  segmented.SegmentedRaftLogWorker (SegmentedRaftLogWorker.java:lambda$new$0(135)) - omNode-1@group-523986131536-SegmentedRaftLogWorker: safeCacheEvictIndex: setUnconditionally 0 -> -1
2023-02-28 04:34:02,731 [omNode-1-impl-thread1] INFO  server.RaftServer$Division (RaftServerImpl.java:start(334)) - omNode-1@group-523986131536: start as a follower, conf=-1: peers:[omNode-3|rpc:localhost:44751|priority:0|startupRole:FOLLOWER, omNode-1|rpc:localhost:45275|priority:0|startupRole:FOLLOWER, omNode-2|rpc:localhost:36617|priority:0|startupRole:FOLLOWER]|listeners:[], old=null
2023-02-28 04:34:02,731 [omNode-1-impl-thread1] INFO  server.RaftServer$Division (RaftServerImpl.java:setRole(321)) - omNode-1@group-523986131536: changes role from      null to FOLLOWER at term 0 for startAsFollower
2023-02-28 04:34:02,731 [omNode-1-impl-thread1] INFO  impl.RoleInfo (RoleInfo.java:updateAndGet(139)) - omNode-1: start omNode-1@group-523986131536-FollowerState
2023-02-28 04:34:02,732 [omNode-1-impl-thread1] INFO  util.JmxRegister (JmxRegister.java:tryRegister(44)) - Successfully registered JMX Bean with object name Ratis:service=RaftServer,group=group-523986131536,id=omNode-1
2023-02-28 04:34:02,732 [omNode-1-impl-thread1] INFO  server.RaftServerConfigKeys (ConfUtils.java:logGet(46)) - raft.server.snapshot.auto.trigger.enabled = true (custom)
2023-02-28 04:34:02,732 [omNode-1-impl-thread1] INFO  server.RaftServerConfigKeys (ConfUtils.java:logGet(46)) - raft.server.snapshot.auto.trigger.threshold = 400000 (default)
2023-02-28 04:34:02,732 [omNode-1-impl-thread1] INFO  server.RaftServerConfigKeys (ConfUtils.java:logGet(46)) - raft.server.snapshot.retention.file.num = -1 (default)
2023-02-28 04:34:02,732 [omNode-1-impl-thread1] INFO  server.RaftServerConfigKeys (ConfUtils.java:logGet(46)) - raft.server.log.purge.upto.snapshot.index = true (custom)
2023-02-28 04:34:02,732 [omNode-1@group-523986131536-FollowerState] INFO  server.RaftServerConfigKeys (ConfUtils.java:logFallback(53)) - raft.server.rpc.first-election.timeout.min = 1s (fallback to raft.server.rpc.timeout.min)
2023-02-28 04:34:02,732 [omNode-1@group-523986131536-FollowerState] INFO  server.RaftServerConfigKeys (ConfUtils.java:logFallback(53)) - raft.server.rpc.first-election.timeout.max = 1200ms (fallback to raft.server.rpc.timeout.max)
2023-02-28 04:34:02,732 [Listener at 127.0.0.1/43485] INFO  server.RaftServer (RaftServerProxy.java:startImpl(393)) - omNode-1: start RPC server
2023-02-28 04:34:02,737 [Listener at 127.0.0.1/43485] INFO  server.GrpcService (GrpcService.java:startImpl(262)) - omNode-1: GrpcService started, listening on 45275
2023-02-28 04:34:02,739 [Listener at 127.0.0.1/43485] INFO  om.OzoneManager (OzoneManager.java:start(1567)) - Version File has different layout version (3) than OM DB (null). That is expected if this OM has never been finalized to a newer layout version.
2023-02-28 04:34:02,740 [JvmPauseMonitor12] INFO  util.JvmPauseMonitor (JvmPauseMonitor.java:run(105)) - JvmPauseMonitor-omNode-1: Started
2023-02-28 04:34:02,742 [Listener at 127.0.0.1/43485] INFO  http.BaseHttpServer (BaseHttpServer.java:newHttpServer2BuilderForOzone(213)) - Starting Web-server for ozoneManager at: http://0.0.0.0:38703
2023-02-28 04:34:02,742 [Listener at 127.0.0.1/43485] INFO  http.BaseHttpServer (BaseHttpServer.java:<init>(108)) - Hadoop Security Enabled: false Ozone Security Enabled: false Ozone HTTP Security Enabled: false 
2023-02-28 04:34:02,743 [Listener at 127.0.0.1/43485] WARN  server.AuthenticationFilter (AuthenticationFilter.java:constructSecretProvider(240)) - Unable to initialize FileSignerSecretProvider, falling back to use random secrets. Reason: Could not read signature secret file: /home/runner/hadoop-http-auth-signature-secret
2023-02-28 04:34:02,745 [Listener at 127.0.0.1/43485] WARN  http.HttpRequestLog (HttpRequestLog.java:getRequestLog(103)) - Jetty request log can only be enabled using Log4j
2023-02-28 04:34:02,746 [Listener at 127.0.0.1/43485] INFO  http.HttpServer2 (HttpServer2.java:addGlobalFilter(1031)) - Added global filter 'safety' (class=org.apache.hadoop.hdds.server.http.HttpServer2$QuotingInputFilter)
2023-02-28 04:34:02,749 [Listener at 127.0.0.1/43485] INFO  http.HttpServer2 (HttpServer2.java:addFilter(1007)) - Added filter static_user_filter (class=org.apache.hadoop.http.lib.StaticUserWebFilter$StaticUserFilter) to context ozoneManager
2023-02-28 04:34:02,749 [Listener at 127.0.0.1/43485] INFO  http.HttpServer2 (HttpServer2.java:addFilter(1015)) - Added filter static_user_filter (class=org.apache.hadoop.http.lib.StaticUserWebFilter$StaticUserFilter) to context logs
2023-02-28 04:34:02,749 [Listener at 127.0.0.1/43485] INFO  http.HttpServer2 (HttpServer2.java:addFilter(1015)) - Added filter static_user_filter (class=org.apache.hadoop.http.lib.StaticUserWebFilter$StaticUserFilter) to context static
2023-02-28 04:34:02,751 [Listener at 127.0.0.1/43485] INFO  http.HttpServer2 (HttpServer2.java:bindListener(1250)) - Jetty bound to port 38703
2023-02-28 04:34:02,751 [Listener at 127.0.0.1/43485] INFO  server.Server (Server.java:doStart(375)) - jetty-9.4.49.v20220914; built: 2022-09-14T01:07:36.601Z; git: 4231a3b2e4cb8548a412a789936d640a97b1aa0a; jvm 1.8.0_362-b09
2023-02-28 04:34:02,754 [Listener at 127.0.0.1/43485] INFO  server.session (DefaultSessionIdManager.java:doStart(334)) - DefaultSessionIdManager workerName=node0
2023-02-28 04:34:02,754 [Listener at 127.0.0.1/43485] INFO  server.session (DefaultSessionIdManager.java:doStart(339)) - No SessionScavenger set, using defaults
2023-02-28 04:34:02,754 [Listener at 127.0.0.1/43485] INFO  server.session (HouseKeeper.java:startScavenging(132)) - node0 Scavenging every 660000ms
2023-02-28 04:34:02,755 [Listener at 127.0.0.1/43485] INFO  handler.ContextHandler (ContextHandler.java:doStart(921)) - Started o.e.j.s.ServletContextHandler@4f76d764{logs,/logs,file:///home/runner/work/ozone/ozone/hadoop-ozone/integration-test/target/log,AVAILABLE}
2023-02-28 04:34:02,755 [Listener at 127.0.0.1/43485] INFO  handler.ContextHandler (ContextHandler.java:doStart(921)) - Started o.e.j.s.ServletContextHandler@5cc2cb77{static,/static,file:///home/runner/work/ozone/ozone/hadoop-ozone/integration-test/target/test-classes/webapps/static,AVAILABLE}
2023-02-28 04:34:02,762 [Listener at 127.0.0.1/43485] INFO  handler.ContextHandler (ContextHandler.java:doStart(921)) - Started o.e.j.w.WebAppContext@5dc0bb7f{ozoneManager,/,file:///home/runner/work/ozone/ozone/hadoop-ozone/integration-test/target/test-classes/webapps/ozoneManager/,AVAILABLE}{file:/home/runner/work/ozone/ozone/hadoop-ozone/integration-test/target/test-classes/webapps/ozoneManager}
2023-02-28 04:34:02,770 [Listener at 127.0.0.1/43485] INFO  server.AbstractConnector (AbstractConnector.java:doStart(333)) - Started ServerConnector@dfb3f45{HTTP/1.1, (http/1.1)}{0.0.0.0:38703}
2023-02-28 04:34:02,770 [Listener at 127.0.0.1/43485] INFO  server.Server (Server.java:doStart(415)) - Started @115946ms
2023-02-28 04:34:02,770 [Listener at 127.0.0.1/43485] WARN  impl.MetricsSystemImpl (MetricsSystemImpl.java:register(279)) - Sink prometheus already exists!
2023-02-28 04:34:02,770 [Listener at 127.0.0.1/43485] INFO  http.BaseHttpServer (BaseHttpServer.java:updateConnectorAddress(333)) - HTTP server of ozoneManager listening at http://0.0.0.0:38703
2023-02-28 04:34:02,771 [IPC Server Responder] INFO  ipc.Server (Server.java:run(1512)) - IPC Server Responder: starting
2023-02-28 04:34:02,771 [IPC Server listener on 43485] INFO  ipc.Server (Server.java:run(1352)) - IPC Server listener on 43485: starting
2023-02-28 04:34:02,772 [Listener at 127.0.0.1/43485] INFO  om.OzoneManager (OzoneManager.java:startTrashEmptier(2038)) - Trash Interval set to 0. Files deleted won't move to trash
2023-02-28 04:34:02,773 [Listener at 127.0.0.1/43485] INFO  ozone.MiniOzoneHAClusterImpl (MiniOzoneHAClusterImpl.java:createOMService(527)) - Started OzoneManager omNode-1 RPC server at localhost/127.0.0.1:43485
2023-02-28 04:34:02,773 [org.apache.hadoop.util.JvmPauseMonitor$Monitor@410c5e08] INFO  util.JvmPauseMonitor (JvmPauseMonitor.java:run(188)) - Starting JVM pause monitor
2023-02-28 04:34:02,773 [Listener at 127.0.0.1/43485] INFO  ha.OMHANodeDetails (OMHANodeDetails.java:loadOMHAConfig(121)) - ServiceID for OzoneManager is om-service-test1
2023-02-28 04:34:02,774 [Listener at 127.0.0.1/43485] INFO  ha.OMHANodeDetails (OMHANodeDetails.java:loadOMHAConfig(201)) - Found matching OM address with OMServiceId: om-service-test1, OMNodeId: omNode-2, RPC Address: localhost:46401 and Ratis port: 36617
2023-02-28 04:34:02,774 [Listener at 127.0.0.1/43485] INFO  ha.OMHANodeDetails (ConfUtils.java:setNodeSpecificConfigs(97)) - Setting configuration key ozone.om.http-address with value of key ozone.om.http-address.om-service-test1.omNode-2: 127.0.0.1:37527
2023-02-28 04:34:02,774 [Listener at 127.0.0.1/43485] INFO  ha.OMHANodeDetails (ConfUtils.java:setNodeSpecificConfigs(97)) - Setting configuration key ozone.om.https-address with value of key ozone.om.https-address.om-service-test1.omNode-2: 127.0.0.1:45301
2023-02-28 04:34:02,774 [Listener at 127.0.0.1/43485] INFO  ha.OMHANodeDetails (ConfUtils.java:setNodeSpecificConfigs(97)) - Setting configuration key ozone.om.address with value of key ozone.om.address.om-service-test1.omNode-2: 127.0.0.1:46401
2023-02-28 04:34:02,774 [Listener at 127.0.0.1/43485] WARN  server.ServerUtils (ServerUtils.java:getDBPath(225)) - ozone.om.db.dirs is not configured. We recommend adding this setting. Falling back to ozone.metadata.dirs instead.
2023-02-28 04:34:02,776 [Listener at 127.0.0.1/43485] INFO  proxy.SCMBlockLocationFailoverProxyProvider (SCMBlockLocationFailoverProxyProvider.java:<init>(114)) - Created block location fail-over proxy with 1 nodes: [nodeId=scmNodeId,nodeAddress=/0.0.0.0:42049]
OM initialization succeeded.Current cluster id for sd=/home/runner/work/ozone/ozone/hadoop-ozone/integration-test/target/test-dir/MiniOzoneClusterImpl-0c3862ae-9f43-41f5-9e7d-509225cf1f3d/omNode-2/om;cid=0c3862ae-9f43-41f5-9e7d-509225cf1f3d;layoutVersion=3
2023-02-28 04:34:02,785 [Listener at 127.0.0.1/43485] INFO  ha.OMHANodeDetails (OMHANodeDetails.java:loadOMHAConfig(121)) - ServiceID for OzoneManager is om-service-test1
2023-02-28 04:34:02,786 [Listener at 127.0.0.1/43485] INFO  ha.OMHANodeDetails (OMHANodeDetails.java:loadOMHAConfig(201)) - Found matching OM address with OMServiceId: om-service-test1, OMNodeId: omNode-2, RPC Address: localhost:46401 and Ratis port: 36617
2023-02-28 04:34:02,786 [Listener at 127.0.0.1/43485] INFO  ha.OMHANodeDetails (ConfUtils.java:setNodeSpecificConfigs(97)) - Setting configuration key ozone.om.http-address with value of key ozone.om.http-address.om-service-test1.omNode-2: 127.0.0.1:37527
2023-02-28 04:34:02,786 [Listener at 127.0.0.1/43485] INFO  ha.OMHANodeDetails (ConfUtils.java:setNodeSpecificConfigs(97)) - Setting configuration key ozone.om.https-address with value of key ozone.om.https-address.om-service-test1.omNode-2: 127.0.0.1:45301
2023-02-28 04:34:02,787 [Listener at 127.0.0.1/43485] INFO  ha.OMHANodeDetails (ConfUtils.java:setNodeSpecificConfigs(97)) - Setting configuration key ozone.om.address with value of key ozone.om.address.om-service-test1.omNode-2: 127.0.0.1:46401
2023-02-28 04:34:02,788 [Listener at 127.0.0.1/43485] WARN  server.ServerUtils (ServerUtils.java:getDBPath(225)) - ozone.om.db.dirs is not configured. We recommend adding this setting. Falling back to ozone.metadata.dirs instead.
2023-02-28 04:34:02,789 [Listener at 127.0.0.1/43485] INFO  upgrade.AbstractLayoutVersionManager (AbstractLayoutVersionManager.java:init(83)) - Initializing Layout version manager with metadata layout = MULTITENANCY_SCHEMA (version = 3), software layout = MULTITENANCY_SCHEMA (version = 3)
2023-02-28 04:34:02,850 [Listener at 127.0.0.1/43485] INFO  reflections.Reflections (Reflections.java:scan(232)) - Reflections took 60 ms to scan 2 urls, producing 167 keys and 459 values [using 2 cores]
2023-02-28 04:34:02,850 [Listener at 127.0.0.1/43485] INFO  upgrade.OMLayoutVersionManager (OMLayoutVersionManager.java:lambda$0(115)) - Skipping Upgrade Action MockOmUpgradeAction since it has been finalized.
2023-02-28 04:34:02,850 [Listener at 127.0.0.1/43485] WARN  server.ServerUtils (ServerUtils.java:getDBPath(225)) - ozone.om.db.dirs is not configured. We recommend adding this setting. Falling back to ozone.metadata.dirs instead.
2023-02-28 04:34:02,851 [Listener at 127.0.0.1/43485] INFO  proxy.SCMBlockLocationFailoverProxyProvider (SCMBlockLocationFailoverProxyProvider.java:<init>(114)) - Created block location fail-over proxy with 1 nodes: [nodeId=scmNodeId,nodeAddress=/0.0.0.0:42049]
2023-02-28 04:34:02,852 [Listener at 127.0.0.1/43485] INFO  proxy.SCMBlockLocationFailoverProxyProvider (SCMBlockLocationFailoverProxyProvider.java:<init>(114)) - Created block location fail-over proxy with 1 nodes: [nodeId=scmNodeId,nodeAddress=/0.0.0.0:42049]
2023-02-28 04:34:02,862 [Listener at 127.0.0.1/43485] INFO  om.OzoneManager (OzoneManager.java:<init>(618)) - OM start with adminUsers: [runner]
2023-02-28 04:34:02,863 [Listener at 127.0.0.1/43485] WARN  server.ServerUtils (ServerUtils.java:getDBPath(225)) - ozone.om.db.dirs is not configured. We recommend adding this setting. Falling back to ozone.metadata.dirs instead.
2023-02-28 04:34:02,863 [Listener at 127.0.0.1/43485] INFO  codec.OmKeyInfoCodec (OmKeyInfoCodec.java:<init>(49)) - OmKeyInfoCodec ignorePipeline = true
2023-02-28 04:34:02,863 [Listener at 127.0.0.1/43485] INFO  codec.RepeatedOmKeyInfoCodec (RepeatedOmKeyInfoCodec.java:<init>(41)) - RepeatedOmKeyInfoCodec ignorePipeline = true
2023-02-28 04:34:03,018 [Listener at 127.0.0.1/43485] INFO  om.OzoneManager (OzoneManager.java:instantiateServices(748)) - S3 Multi-Tenancy is disabled
2023-02-28 04:34:03,019 [Listener at 127.0.0.1/43485] WARN  server.ServerUtils (ServerUtils.java:getDBPath(225)) - ozone.om.snapshot.diff.db.dir is not configured. We recommend adding this setting. Falling back to ozone.metadata.dirs instead.
2023-02-28 04:34:03,027 [Listener at 127.0.0.1/43485] INFO  om.OzoneManager (OzoneManager.java:addS3GVolumeToDB(4215)) - Created Volume s3v With Owner runner required for S3Gateway operations.
2023-02-28 04:34:03,027 [Listener at 127.0.0.1/43485] WARN  server.ServerUtils (ServerUtils.java:getDefaultRatisDirectory(237)) - Storage directory for Ratis is not configured. It is a good idea to map this to an SSD disk. Falling back to ozone.metadata.dirs
2023-02-28 04:34:03,027 [Listener at 127.0.0.1/43485] WARN  utils.OzoneManagerRatisUtils (OzoneManagerRatisUtils.java:getOMRatisSnapshotDirectory(436)) - ozone.om.ratis.snapshot.dir is not configured. Falling back to ozone.metadata.dirs config
2023-02-28 04:34:03,028 [Listener at 127.0.0.1/43485] INFO  snapshot.OzoneManagerSnapshotProvider (OzoneManagerSnapshotProvider.java:<init>(76)) - Initializing OM Snapshot Provider
2023-02-28 04:34:03,029 [Listener at 127.0.0.1/43485] WARN  impl.MetricRegistriesImpl (MetricRegistriesImpl.java:addReporterRegistration(111)) - New reporters are added after registries were created. Some metrics will be missing from the reporter. Please add reporter before adding any new registry.
2023-02-28 04:34:03,029 [Listener at 127.0.0.1/43485] WARN  impl.MetricRegistriesImpl (MetricRegistriesImpl.java:addReporterRegistration(111)) - New reporters are added after registries were created. Some metrics will be missing from the reporter. Please add reporter before adding any new registry.
2023-02-28 04:34:03,029 [Listener at 127.0.0.1/43485] WARN  server.ServerUtils (ServerUtils.java:getDefaultRatisDirectory(237)) - Storage directory for Ratis is not configured. It is a good idea to map this to an SSD disk. Falling back to ozone.metadata.dirs
2023-02-28 04:34:03,030 [Listener at 127.0.0.1/43485] INFO  ratis.OzoneManagerRatisServer (OzoneManagerRatisServer.java:<init>(164)) - Instantiating OM Ratis server with groupID: om-service-test1 and peers: localhost:36617, localhost:44751, localhost:45275
2023-02-28 04:34:03,030 [Listener at 127.0.0.1/43485] INFO  ratis.OzoneManagerStateMachine (OzoneManagerStateMachine.java:loadSnapshotInfoFromDB(636)) - LastAppliedIndex is set from TransactionInfo from OM DB as (t:0, i:~)
2023-02-28 04:34:03,030 [Listener at 127.0.0.1/43485] INFO  server.RaftServer (ConfUtils.java:logGet(46)) - raft.rpc.type = GRPC (default)
2023-02-28 04:34:03,030 [Listener at 127.0.0.1/43485] INFO  grpc.GrpcConfigKeys (ConfUtils.java:logFallback(53)) - raft.grpc.admin.host = null (fallback to raft.grpc.server.host)
2023-02-28 04:34:03,030 [Listener at 127.0.0.1/43485] INFO  grpc.GrpcConfigKeys (ConfUtils.java:logFallback(53)) - raft.grpc.admin.port = 36617 (fallback to raft.grpc.server.port)
2023-02-28 04:34:03,030 [Listener at 127.0.0.1/43485] INFO  grpc.GrpcConfigKeys (ConfUtils.java:logFallback(53)) - raft.grpc.client.host = null (fallback to raft.grpc.server.host)
2023-02-28 04:34:03,030 [Listener at 127.0.0.1/43485] INFO  grpc.GrpcConfigKeys (ConfUtils.java:logFallback(53)) - raft.grpc.client.port = 36617 (fallback to raft.grpc.server.port)
2023-02-28 04:34:03,030 [Listener at 127.0.0.1/43485] INFO  grpc.GrpcConfigKeys (ConfUtils.java:logGet(46)) - raft.grpc.server.host = null (default)
2023-02-28 04:34:03,031 [Listener at 127.0.0.1/43485] INFO  grpc.GrpcConfigKeys (ConfUtils.java:logGet(46)) - raft.grpc.server.port = 36617 (custom)
2023-02-28 04:34:03,031 [Listener at 127.0.0.1/43485] INFO  server.GrpcService (ConfUtils.java:logGet(46)) - raft.grpc.message.size.max = 33554432 (custom)
2023-02-28 04:34:03,031 [Listener at 127.0.0.1/43485] INFO  server.RaftServerConfigKeys (ConfUtils.java:logGet(46)) - raft.server.log.appender.buffer.byte-limit = 33554432 (custom)
2023-02-28 04:34:03,031 [Listener at 127.0.0.1/43485] INFO  server.GrpcService (ConfUtils.java:logGet(46)) - raft.grpc.flow.control.window = 1MB (=1048576) (default)
2023-02-28 04:34:03,031 [Listener at 127.0.0.1/43485] INFO  server.RaftServerConfigKeys (ConfUtils.java:logGet(46)) - raft.server.rpc.request.timeout = 3000ms (default)
2023-02-28 04:34:03,031 [Listener at 127.0.0.1/43485] INFO  grpc.GrpcConfigKeys (ConfUtils.java:logGet(46)) - raft.grpc.server.heartbeat.channel = true (default)
2023-02-28 04:34:03,031 [Listener at 127.0.0.1/43485] INFO  grpc.GrpcConfigKeys (ConfUtils.java:logGet(46)) - raft.grpc.server.async.request.thread.pool.cached = true (default)
2023-02-28 04:34:03,031 [Listener at 127.0.0.1/43485] INFO  grpc.GrpcConfigKeys (ConfUtils.java:logGet(46)) - raft.grpc.server.async.request.thread.pool.size = 32 (default)
2023-02-28 04:34:03,032 [Listener at 127.0.0.1/43485] INFO  impl.DataStreamServerImpl (ConfUtils.java:logGet(46)) - raft.datastream.type = DISABLED (default)
2023-02-28 04:34:03,032 [Listener at 127.0.0.1/43485] INFO  server.RaftServerConfigKeys (ConfUtils.java:logGet(46)) - raft.server.threadpool.proxy.cached = true (default)
2023-02-28 04:34:03,032 [Listener at 127.0.0.1/43485] INFO  server.RaftServerConfigKeys (ConfUtils.java:logGet(46)) - raft.server.threadpool.proxy.size = 0 (default)
2023-02-28 04:34:03,032 [Listener at 127.0.0.1/43485] INFO  server.RaftServerConfigKeys (ConfUtils.java:logGet(46)) - raft.server.rpc.slowness.timeout = 2s (custom)
2023-02-28 04:34:03,032 [Listener at 127.0.0.1/43485] INFO  server.RaftServerConfigKeys (ConfUtils.java:logGet(46)) - raft.server.leaderelection.leader.step-down.wait-time = 10s (default)
2023-02-28 04:34:03,033 [Listener at 127.0.0.1/43485] INFO  server.RaftServerConfigKeys (ConfUtils.java:logGet(46)) - raft.server.storage.dir = [/home/runner/work/ozone/ozone/hadoop-ozone/integration-test/target/test-dir/MiniOzoneClusterImpl-0c3862ae-9f43-41f5-9e7d-509225cf1f3d/omNode-2/ratis] (custom)
2023-02-28 04:34:03,035 [Listener at 127.0.0.1/43485] INFO  server.RaftServer (RaftServerProxy.java:addNew(96)) - omNode-2: addNew group-523986131536:[omNode-3|rpc:localhost:44751|priority:0|startupRole:FOLLOWER, omNode-1|rpc:localhost:45275|priority:0|startupRole:FOLLOWER, omNode-2|rpc:localhost:36617|priority:0|startupRole:FOLLOWER] returns group-523986131536:java.util.concurrent.CompletableFuture@683df99b[Not completed]
2023-02-28 04:34:03,035 [Listener at 127.0.0.1/43485] INFO  om.OzoneManager (OzoneManager.java:initializeRatisServer(2094)) - OzoneManager Ratis server initialized at port 36617
2023-02-28 04:34:03,035 [pool-1443-thread-1] INFO  server.RaftServer$Division (RaftServerImpl.java:<init>(195)) - omNode-2: new RaftServerImpl for group-523986131536:[omNode-3|rpc:localhost:44751|priority:0|startupRole:FOLLOWER, omNode-1|rpc:localhost:45275|priority:0|startupRole:FOLLOWER, omNode-2|rpc:localhost:36617|priority:0|startupRole:FOLLOWER] with OzoneManagerStateMachine:uninitialized
2023-02-28 04:34:03,035 [Listener at 127.0.0.1/43485] INFO  om.OzoneManager (OzoneManager.java:getRpcServer(1131)) - Creating RPC Server
2023-02-28 04:34:03,035 [pool-1443-thread-1] INFO  server.RaftServerConfigKeys (ConfUtils.java:logGet(46)) - raft.server.rpc.timeout.min = 1s (custom)
2023-02-28 04:34:03,035 [pool-1443-thread-1] INFO  server.RaftServerConfigKeys (ConfUtils.java:logGet(46)) - raft.server.rpc.timeout.max = 1200ms (custom)
2023-02-28 04:34:03,035 [pool-1443-thread-1] INFO  server.RaftServerConfigKeys (ConfUtils.java:logGet(46)) - raft.server.rpc.sleep.time = 25ms (default)
2023-02-28 04:34:03,035 [pool-1443-thread-1] INFO  server.RaftServerConfigKeys (ConfUtils.java:logGet(46)) - raft.server.rpc.slowness.timeout = 2s (custom)
2023-02-28 04:34:03,035 [pool-1443-thread-1] INFO  server.RaftServerConfigKeys (ConfUtils.java:logGet(46)) - raft.server.leaderelection.leader.step-down.wait-time = 10s (default)
2023-02-28 04:34:03,035 [pool-1443-thread-1] INFO  server.RaftServerConfigKeys (ConfUtils.java:logGet(46)) - raft.server.sleep.deviation.threshold = 300ms (default)
2023-02-28 04:34:03,036 [pool-1443-thread-1] INFO  server.RaftServer$Division (ServerState.java:<init>(118)) - omNode-2@group-523986131536: ConfigurationManager, init=-1: peers:[omNode-3|rpc:localhost:44751|priority:0|startupRole:FOLLOWER, omNode-1|rpc:localhost:45275|priority:0|startupRole:FOLLOWER, omNode-2|rpc:localhost:36617|priority:0|startupRole:FOLLOWER]|listeners:[], old=null, confs=<EMPTY_MAP>
2023-02-28 04:34:03,036 [pool-1443-thread-1] INFO  server.RaftServerConfigKeys (ConfUtils.java:logGet(46)) - raft.server.storage.dir = [/home/runner/work/ozone/ozone/hadoop-ozone/integration-test/target/test-dir/MiniOzoneClusterImpl-0c3862ae-9f43-41f5-9e7d-509225cf1f3d/omNode-2/ratis] (custom)
2023-02-28 04:34:03,037 [pool-1443-thread-1] INFO  server.RaftServerConfigKeys (ConfUtils.java:logGet(46)) - raft.server.log.corruption.policy = EXCEPTION (default)
2023-02-28 04:34:03,037 [pool-1443-thread-1] INFO  server.RaftServerConfigKeys (ConfUtils.java:logGet(46)) - raft.server.storage.free-space.min = 0MB (=0) (default)
2023-02-28 04:34:03,037 [pool-1443-thread-1] INFO  server.RaftServerConfigKeys (ConfUtils.java:logGet(46)) - raft.server.notification.no-leader.timeout = 2s (custom)
2023-02-28 04:34:03,037 [pool-1443-thread-1] INFO  server.RaftServerConfigKeys (ConfUtils.java:logGet(46)) - raft.server.retrycache.expirytime = 300s (custom)
2023-02-28 04:34:03,037 [pool-1443-thread-1] INFO  server.RaftServerConfigKeys (ConfUtils.java:logGet(46)) - raft.server.retrycache.statistics.expirytime = 100μs (default)
2023-02-28 04:34:03,037 [pool-1443-thread-1] INFO  server.RaftServerConfigKeys (ConfUtils.java:logGet(46)) - raft.server.log.appender.install.snapshot.enabled = false (custom)
2023-02-28 04:34:03,037 [pool-1443-thread-1] INFO  server.RaftServerConfigKeys (ConfUtils.java:logGet(46)) - raft.server.threadpool.server.cached = true (default)
2023-02-28 04:34:03,037 [pool-1443-thread-1] INFO  server.RaftServerConfigKeys (ConfUtils.java:logGet(46)) - raft.server.threadpool.server.size = 0 (default)
2023-02-28 04:34:03,037 [pool-1443-thread-1] INFO  server.RaftServerConfigKeys (ConfUtils.java:logGet(46)) - raft.server.threadpool.client.cached = true (default)
2023-02-28 04:34:03,037 [pool-1443-thread-1] INFO  server.RaftServerConfigKeys (ConfUtils.java:logGet(46)) - raft.server.threadpool.client.size = 0 (default)
2023-02-28 04:34:03,381 [EndpointStateMachine task thread for /0.0.0.0:41617 - 0 ] INFO  ipc.Client (Client.java:handleConnectionFailure(1010)) - Retrying connect to server: 0.0.0.0/0.0.0.0:41617. Already tried 12 time(s); retry policy is RetryUpToMaximumCountWithFixedSleep(maxRetries=15, sleepTime=1000 MILLISECONDS)
2023-02-28 04:34:03,410 [Listener at 127.0.0.1/43485] INFO  reflections.Reflections (Reflections.java:scan(232)) - Reflections took 374 ms to scan 19 urls, producing 68 keys and 4864 values [using 2 cores]
2023-02-28 04:34:03,412 [Listener at 127.0.0.1/43485] INFO  ipc.CallQueueManager (CallQueueManager.java:<init>(90)) - Using callQueue: class java.util.concurrent.LinkedBlockingQueue, queueCapacity: 2000, scheduler: class org.apache.hadoop.ipc.DefaultRpcScheduler, ipcBackoff: false.
2023-02-28 04:34:03,415 [Socket Reader #1 for port 46401] INFO  ipc.Server (Server.java:run(1273)) - Starting Socket Reader #1 for port 46401
2023-02-28 04:34:03,431 [Listener at 127.0.0.1/46401] INFO  impl.MetricsSystemImpl (MetricsSystemImpl.java:init(158)) - OzoneManager metrics system started (again)
2023-02-28 04:34:03,441 [Listener at 127.0.0.1/46401] INFO  om.OzoneManager (OzoneManager.java:start(1551)) - OzoneManager RPC server is listening at localhost/127.0.0.1:46401
2023-02-28 04:34:03,442 [Listener at 127.0.0.1/46401] INFO  ratis.OzoneManagerRatisServer (OzoneManagerRatisServer.java:start(559)) - Starting OzoneManagerRatisServer omNode-2 at port 36617
2023-02-28 04:34:03,442 [omNode-2-impl-thread1] INFO  storage.RaftStorageDirectory (RaftStorageDirectoryImpl.java:analyzeStorage(137)) - The storage directory /home/runner/work/ozone/ozone/hadoop-ozone/integration-test/target/test-dir/MiniOzoneClusterImpl-0c3862ae-9f43-41f5-9e7d-509225cf1f3d/omNode-2/ratis/c9bc4cf4-3bc3-3c60-a66b-523986131536 does not exist. Creating ...
2023-02-28 04:34:03,443 [omNode-2-impl-thread1] INFO  storage.RaftStorageDirectory (RaftStorageDirectoryImpl.java:tryLock(231)) - Lock on /home/runner/work/ozone/ozone/hadoop-ozone/integration-test/target/test-dir/MiniOzoneClusterImpl-0c3862ae-9f43-41f5-9e7d-509225cf1f3d/omNode-2/ratis/c9bc4cf4-3bc3-3c60-a66b-523986131536/in_use.lock acquired by nodename 61299@fv-az467-141
2023-02-28 04:34:03,444 [omNode-2-impl-thread1] INFO  storage.RaftStorage (RaftStorageImpl.java:format(96)) - Storage directory /home/runner/work/ozone/ozone/hadoop-ozone/integration-test/target/test-dir/MiniOzoneClusterImpl-0c3862ae-9f43-41f5-9e7d-509225cf1f3d/omNode-2/ratis/c9bc4cf4-3bc3-3c60-a66b-523986131536 has been successfully formatted.
2023-02-28 04:34:03,444 [omNode-2-impl-thread1] INFO  server.RaftServerConfigKeys (ConfUtils.java:logGet(46)) - raft.server.log.use.memory = false (default)
2023-02-28 04:34:03,445 [omNode-2-impl-thread1] INFO  server.RaftServerConfigKeys (ConfUtils.java:logGet(46)) - raft.server.log.purge.gap = 1000000 (custom)
2023-02-28 04:34:03,445 [omNode-2-impl-thread1] INFO  server.RaftServerConfigKeys (ConfUtils.java:logGet(46)) - raft.server.log.appender.buffer.byte-limit = 33554432 (custom)
2023-02-28 04:34:03,445 [omNode-2-impl-thread1] INFO  server.RaftServerConfigKeys (ConfUtils.java:logGet(46)) - raft.server.log.statemachine.data.read.timeout = 1000ms (default)
2023-02-28 04:34:03,445 [omNode-2-impl-thread1] INFO  server.RaftServerConfigKeys (ConfUtils.java:logGet(46)) - raft.server.log.purge.preservation.log.num = 0 (default)
2023-02-28 04:34:03,445 [omNode-2-impl-thread1] INFO  server.RaftServerConfigKeys (ConfUtils.java:logGet(46)) - raft.server.log.segment.size.max = 4194304 (custom)
2023-02-28 04:34:03,445 [omNode-2-impl-thread1] INFO  server.RaftServerConfigKeys (ConfUtils.java:logGet(46)) - raft.server.log.segment.cache.num.max = 2 (custom)
2023-02-28 04:34:03,445 [omNode-2-impl-thread1] INFO  server.RaftServerConfigKeys (ConfUtils.java:logGet(46)) - raft.server.log.segment.cache.size.max = 200MB (=209715200) (default)
2023-02-28 04:34:03,445 [omNode-2-impl-thread1] INFO  segmented.SegmentedRaftLogWorker (SegmentedRaftLogWorker.java:<init>(189)) - new omNode-2@group-523986131536-SegmentedRaftLogWorker for RaftStorageImpl:Storage Directory /home/runner/work/ozone/ozone/hadoop-ozone/integration-test/target/test-dir/MiniOzoneClusterImpl-0c3862ae-9f43-41f5-9e7d-509225cf1f3d/omNode-2/ratis/c9bc4cf4-3bc3-3c60-a66b-523986131536
2023-02-28 04:34:03,445 [omNode-2-impl-thread1] INFO  server.RaftServerConfigKeys (ConfUtils.java:logGet(46)) - raft.server.log.queue.byte-limit = 64MB (=67108864) (default)
2023-02-28 04:34:03,445 [omNode-2-impl-thread1] INFO  server.RaftServerConfigKeys (ConfUtils.java:logGet(46)) - raft.server.log.queue.element-limit = 4096 (default)
2023-02-28 04:34:03,445 [omNode-2-impl-thread1] INFO  server.RaftServerConfigKeys (ConfUtils.java:logGet(46)) - raft.server.log.segment.size.max = 4194304 (custom)
2023-02-28 04:34:03,445 [omNode-2-impl-thread1] INFO  server.RaftServerConfigKeys (ConfUtils.java:logGet(46)) - raft.server.log.preallocated.size = 4194304 (custom)
2023-02-28 04:34:03,445 [omNode-2-impl-thread1] INFO  server.RaftServerConfigKeys (ConfUtils.java:logGet(46)) - raft.server.log.force.sync.num = 128 (default)
2023-02-28 04:34:03,445 [omNode-2-impl-thread1] INFO  server.RaftServerConfigKeys (ConfUtils.java:logGet(46)) - raft.server.log.statemachine.data.sync = true (default)
2023-02-28 04:34:03,445 [omNode-2-impl-thread1] INFO  server.RaftServerConfigKeys (ConfUtils.java:logGet(46)) - raft.server.log.statemachine.data.sync.timeout = 10s (default)
2023-02-28 04:34:03,445 [omNode-2-impl-thread1] INFO  server.RaftServerConfigKeys (ConfUtils.java:logGet(46)) - raft.server.log.statemachine.data.sync.timeout.retry = -1 (default)
2023-02-28 04:34:03,446 [omNode-2-impl-thread1] INFO  server.RaftServerConfigKeys (ConfUtils.java:logGet(46)) - raft.server.log.write.buffer.size = 64KB (=65536) (default)
2023-02-28 04:34:03,446 [omNode-2-impl-thread1] INFO  server.RaftServerConfigKeys (ConfUtils.java:logGet(46)) - raft.server.log.appender.buffer.byte-limit = 33554432 (custom)
2023-02-28 04:34:03,449 [omNode-2-impl-thread1] INFO  server.RaftServerConfigKeys (ConfUtils.java:logGet(46)) - raft.server.log.unsafe-flush.enabled = false (default)
2023-02-28 04:34:03,449 [omNode-2-impl-thread1] INFO  server.RaftServerConfigKeys (ConfUtils.java:logGet(46)) - raft.server.log.async-flush.enabled = false (default)
2023-02-28 04:34:03,449 [omNode-2-impl-thread1] INFO  server.RaftServerConfigKeys (ConfUtils.java:logGet(46)) - raft.server.log.statemachine.data.caching.enabled = false (default)
2023-02-28 04:34:03,449 [omNode-2-impl-thread1] INFO  segmented.SegmentedRaftLogWorker (SegmentedRaftLogWorker.java:lambda$new$0(135)) - omNode-2@group-523986131536-SegmentedRaftLogWorker: flushIndex: setUnconditionally 0 -> -1
2023-02-28 04:34:03,449 [omNode-2-impl-thread1] INFO  segmented.SegmentedRaftLogWorker (SegmentedRaftLogWorker.java:lambda$new$0(135)) - omNode-2@group-523986131536-SegmentedRaftLogWorker: safeCacheEvictIndex: setUnconditionally 0 -> -1
2023-02-28 04:34:03,449 [omNode-2-impl-thread1] INFO  server.RaftServer$Division (RaftServerImpl.java:start(334)) - omNode-2@group-523986131536: start as a follower, conf=-1: peers:[omNode-3|rpc:localhost:44751|priority:0|startupRole:FOLLOWER, omNode-1|rpc:localhost:45275|priority:0|startupRole:FOLLOWER, omNode-2|rpc:localhost:36617|priority:0|startupRole:FOLLOWER]|listeners:[], old=null
2023-02-28 04:34:03,449 [omNode-2-impl-thread1] INFO  server.RaftServer$Division (RaftServerImpl.java:setRole(321)) - omNode-2@group-523986131536: changes role from      null to FOLLOWER at term 0 for startAsFollower
2023-02-28 04:34:03,449 [omNode-2-impl-thread1] INFO  impl.RoleInfo (RoleInfo.java:updateAndGet(139)) - omNode-2: start omNode-2@group-523986131536-FollowerState
2023-02-28 04:34:03,450 [omNode-2-impl-thread1] INFO  util.JmxRegister (JmxRegister.java:tryRegister(44)) - Successfully registered JMX Bean with object name Ratis:service=RaftServer,group=group-523986131536,id=omNode-2
2023-02-28 04:34:03,450 [omNode-2-impl-thread1] INFO  server.RaftServerConfigKeys (ConfUtils.java:logGet(46)) - raft.server.snapshot.auto.trigger.enabled = true (custom)
2023-02-28 04:34:03,450 [omNode-2-impl-thread1] INFO  server.RaftServerConfigKeys (ConfUtils.java:logGet(46)) - raft.server.snapshot.auto.trigger.threshold = 400000 (default)
2023-02-28 04:34:03,450 [omNode-2-impl-thread1] INFO  server.RaftServerConfigKeys (ConfUtils.java:logGet(46)) - raft.server.snapshot.retention.file.num = -1 (default)
2023-02-28 04:34:03,450 [omNode-2-impl-thread1] INFO  server.RaftServerConfigKeys (ConfUtils.java:logGet(46)) - raft.server.log.purge.upto.snapshot.index = true (custom)
2023-02-28 04:34:03,450 [Listener at 127.0.0.1/46401] INFO  server.RaftServer (RaftServerProxy.java:startImpl(393)) - omNode-2: start RPC server
2023-02-28 04:34:03,450 [omNode-2@group-523986131536-FollowerState] INFO  server.RaftServerConfigKeys (ConfUtils.java:logFallback(53)) - raft.server.rpc.first-election.timeout.min = 1s (fallback to raft.server.rpc.timeout.min)
2023-02-28 04:34:03,454 [omNode-2@group-523986131536-FollowerState] INFO  server.RaftServerConfigKeys (ConfUtils.java:logFallback(53)) - raft.server.rpc.first-election.timeout.max = 1200ms (fallback to raft.server.rpc.timeout.max)
2023-02-28 04:34:03,455 [Listener at 127.0.0.1/46401] INFO  server.GrpcService (GrpcService.java:startImpl(262)) - omNode-2: GrpcService started, listening on 36617
2023-02-28 04:34:03,455 [Listener at 127.0.0.1/46401] INFO  om.OzoneManager (OzoneManager.java:start(1567)) - Version File has different layout version (3) than OM DB (null). That is expected if this OM has never been finalized to a newer layout version.
2023-02-28 04:34:03,455 [JvmPauseMonitor13] INFO  util.JvmPauseMonitor (JvmPauseMonitor.java:run(105)) - JvmPauseMonitor-omNode-2: Started
2023-02-28 04:34:03,457 [Listener at 127.0.0.1/46401] INFO  http.BaseHttpServer (BaseHttpServer.java:newHttpServer2BuilderForOzone(213)) - Starting Web-server for ozoneManager at: http://0.0.0.0:37527
2023-02-28 04:34:03,457 [Listener at 127.0.0.1/46401] INFO  http.BaseHttpServer (BaseHttpServer.java:<init>(108)) - Hadoop Security Enabled: false Ozone Security Enabled: false Ozone HTTP Security Enabled: false 
2023-02-28 04:34:03,458 [Listener at 127.0.0.1/46401] WARN  server.AuthenticationFilter (AuthenticationFilter.java:constructSecretProvider(240)) - Unable to initialize FileSignerSecretProvider, falling back to use random secrets. Reason: Could not read signature secret file: /home/runner/hadoop-http-auth-signature-secret
2023-02-28 04:34:03,459 [Listener at 127.0.0.1/46401] WARN  http.HttpRequestLog (HttpRequestLog.java:getRequestLog(103)) - Jetty request log can only be enabled using Log4j
2023-02-28 04:34:03,461 [Listener at 127.0.0.1/46401] INFO  http.HttpServer2 (HttpServer2.java:addGlobalFilter(1031)) - Added global filter 'safety' (class=org.apache.hadoop.hdds.server.http.HttpServer2$QuotingInputFilter)
2023-02-28 04:34:03,461 [Listener at 127.0.0.1/46401] INFO  http.HttpServer2 (HttpServer2.java:addFilter(1007)) - Added filter static_user_filter (class=org.apache.hadoop.http.lib.StaticUserWebFilter$StaticUserFilter) to context ozoneManager
2023-02-28 04:34:03,461 [Listener at 127.0.0.1/46401] INFO  http.HttpServer2 (HttpServer2.java:addFilter(1015)) - Added filter static_user_filter (class=org.apache.hadoop.http.lib.StaticUserWebFilter$StaticUserFilter) to context static
2023-02-28 04:34:03,461 [Listener at 127.0.0.1/46401] INFO  http.HttpServer2 (HttpServer2.java:addFilter(1015)) - Added filter static_user_filter (class=org.apache.hadoop.http.lib.StaticUserWebFilter$StaticUserFilter) to context logs
2023-02-28 04:34:03,462 [Listener at 127.0.0.1/46401] INFO  http.HttpServer2 (HttpServer2.java:bindListener(1250)) - Jetty bound to port 37527
2023-02-28 04:34:03,462 [Listener at 127.0.0.1/46401] INFO  server.Server (Server.java:doStart(375)) - jetty-9.4.49.v20220914; built: 2022-09-14T01:07:36.601Z; git: 4231a3b2e4cb8548a412a789936d640a97b1aa0a; jvm 1.8.0_362-b09
2023-02-28 04:34:03,463 [Listener at 127.0.0.1/46401] INFO  server.session (DefaultSessionIdManager.java:doStart(334)) - DefaultSessionIdManager workerName=node0
2023-02-28 04:34:03,463 [Listener at 127.0.0.1/46401] INFO  server.session (DefaultSessionIdManager.java:doStart(339)) - No SessionScavenger set, using defaults
2023-02-28 04:34:03,464 [Listener at 127.0.0.1/46401] INFO  server.session (HouseKeeper.java:startScavenging(132)) - node0 Scavenging every 660000ms
2023-02-28 04:34:03,464 [Listener at 127.0.0.1/46401] INFO  handler.ContextHandler (ContextHandler.java:doStart(921)) - Started o.e.j.s.ServletContextHandler@1a3b8cf6{logs,/logs,file:///home/runner/work/ozone/ozone/hadoop-ozone/integration-test/target/log,AVAILABLE}
2023-02-28 04:34:03,465 [Listener at 127.0.0.1/46401] INFO  handler.ContextHandler (ContextHandler.java:doStart(921)) - Started o.e.j.s.ServletContextHandler@7a23094a{static,/static,file:///home/runner/work/ozone/ozone/hadoop-ozone/integration-test/target/test-classes/webapps/static,AVAILABLE}
2023-02-28 04:34:03,467 [Listener at 127.0.0.1/46401] INFO  handler.ContextHandler (ContextHandler.java:doStart(921)) - Started o.e.j.w.WebAppContext@11b11d91{ozoneManager,/,file:///home/runner/work/ozone/ozone/hadoop-ozone/integration-test/target/test-classes/webapps/ozoneManager/,AVAILABLE}{file:/home/runner/work/ozone/ozone/hadoop-ozone/integration-test/target/test-classes/webapps/ozoneManager}
2023-02-28 04:34:03,469 [Listener at 127.0.0.1/46401] INFO  server.AbstractConnector (AbstractConnector.java:doStart(333)) - Started ServerConnector@3d2dfc64{HTTP/1.1, (http/1.1)}{0.0.0.0:37527}
2023-02-28 04:34:03,469 [Listener at 127.0.0.1/46401] INFO  server.Server (Server.java:doStart(415)) - Started @116645ms
2023-02-28 04:34:03,469 [Listener at 127.0.0.1/46401] WARN  impl.MetricsSystemImpl (MetricsSystemImpl.java:register(279)) - Sink prometheus already exists!
2023-02-28 04:34:03,469 [Listener at 127.0.0.1/46401] INFO  http.BaseHttpServer (BaseHttpServer.java:updateConnectorAddress(333)) - HTTP server of ozoneManager listening at http://0.0.0.0:37527
2023-02-28 04:34:03,470 [IPC Server Responder] INFO  ipc.Server (Server.java:run(1512)) - IPC Server Responder: starting
2023-02-28 04:34:03,470 [IPC Server listener on 46401] INFO  ipc.Server (Server.java:run(1352)) - IPC Server listener on 46401: starting
2023-02-28 04:34:03,472 [Listener at 127.0.0.1/46401] INFO  om.OzoneManager (OzoneManager.java:startTrashEmptier(2038)) - Trash Interval set to 0. Files deleted won't move to trash
2023-02-28 04:34:03,473 [Listener at 127.0.0.1/46401] INFO  ozone.MiniOzoneHAClusterImpl (MiniOzoneHAClusterImpl.java:createOMService(527)) - Started OzoneManager omNode-2 RPC server at localhost/127.0.0.1:46401
2023-02-28 04:34:03,473 [org.apache.hadoop.util.JvmPauseMonitor$Monitor@6b264e42] INFO  util.JvmPauseMonitor (JvmPauseMonitor.java:run(188)) - Starting JVM pause monitor
2023-02-28 04:34:03,473 [Listener at 127.0.0.1/46401] INFO  ha.OMHANodeDetails (OMHANodeDetails.java:loadOMHAConfig(121)) - ServiceID for OzoneManager is om-service-test1
2023-02-28 04:34:03,474 [Listener at 127.0.0.1/46401] INFO  ha.OMHANodeDetails (OMHANodeDetails.java:loadOMHAConfig(201)) - Found matching OM address with OMServiceId: om-service-test1, OMNodeId: omNode-3, RPC Address: localhost:40735 and Ratis port: 44751
2023-02-28 04:34:03,474 [Listener at 127.0.0.1/46401] INFO  ha.OMHANodeDetails (ConfUtils.java:setNodeSpecificConfigs(97)) - Setting configuration key ozone.om.http-address with value of key ozone.om.http-address.om-service-test1.omNode-3: 127.0.0.1:35453
2023-02-28 04:34:03,474 [Listener at 127.0.0.1/46401] INFO  ha.OMHANodeDetails (ConfUtils.java:setNodeSpecificConfigs(97)) - Setting configuration key ozone.om.https-address with value of key ozone.om.https-address.om-service-test1.omNode-3: 127.0.0.1:40697
2023-02-28 04:34:03,474 [Listener at 127.0.0.1/46401] INFO  ha.OMHANodeDetails (ConfUtils.java:setNodeSpecificConfigs(97)) - Setting configuration key ozone.om.address with value of key ozone.om.address.om-service-test1.omNode-3: 127.0.0.1:40735
2023-02-28 04:34:03,474 [Listener at 127.0.0.1/46401] WARN  server.ServerUtils (ServerUtils.java:getDBPath(225)) - ozone.om.db.dirs is not configured. We recommend adding this setting. Falling back to ozone.metadata.dirs instead.
2023-02-28 04:34:03,475 [Listener at 127.0.0.1/46401] INFO  proxy.SCMBlockLocationFailoverProxyProvider (SCMBlockLocationFailoverProxyProvider.java:<init>(114)) - Created block location fail-over proxy with 1 nodes: [nodeId=scmNodeId,nodeAddress=/0.0.0.0:42049]
2023-02-28 04:34:03,483 [EndpointStateMachine task thread for /0.0.0.0:32873 - 0 ] INFO  ipc.Client (Client.java:handleConnectionFailure(1010)) - Retrying connect to server: 0.0.0.0/0.0.0.0:32873. Already tried 5 time(s); retry policy is RetryUpToMaximumCountWithFixedSleep(maxRetries=15, sleepTime=1000 MILLISECONDS)
OM initialization succeeded.Current cluster id for sd=/home/runner/work/ozone/ozone/hadoop-ozone/integration-test/target/test-dir/MiniOzoneClusterImpl-0c3862ae-9f43-41f5-9e7d-509225cf1f3d/omNode-3/om;cid=0c3862ae-9f43-41f5-9e7d-509225cf1f3d;layoutVersion=3
2023-02-28 04:34:03,484 [Listener at 127.0.0.1/46401] INFO  ha.OMHANodeDetails (OMHANodeDetails.java:loadOMHAConfig(121)) - ServiceID for OzoneManager is om-service-test1
2023-02-28 04:34:03,485 [Listener at 127.0.0.1/46401] INFO  ha.OMHANodeDetails (OMHANodeDetails.java:loadOMHAConfig(201)) - Found matching OM address with OMServiceId: om-service-test1, OMNodeId: omNode-3, RPC Address: localhost:40735 and Ratis port: 44751
2023-02-28 04:34:03,485 [Listener at 127.0.0.1/46401] INFO  ha.OMHANodeDetails (ConfUtils.java:setNodeSpecificConfigs(97)) - Setting configuration key ozone.om.http-address with value of key ozone.om.http-address.om-service-test1.omNode-3: 127.0.0.1:35453
2023-02-28 04:34:03,485 [Listener at 127.0.0.1/46401] INFO  ha.OMHANodeDetails (ConfUtils.java:setNodeSpecificConfigs(97)) - Setting configuration key ozone.om.https-address with value of key ozone.om.https-address.om-service-test1.omNode-3: 127.0.0.1:40697
2023-02-28 04:34:03,485 [Listener at 127.0.0.1/46401] INFO  ha.OMHANodeDetails (ConfUtils.java:setNodeSpecificConfigs(97)) - Setting configuration key ozone.om.address with value of key ozone.om.address.om-service-test1.omNode-3: 127.0.0.1:40735
2023-02-28 04:34:03,485 [Listener at 127.0.0.1/46401] WARN  server.ServerUtils (ServerUtils.java:getDBPath(225)) - ozone.om.db.dirs is not configured. We recommend adding this setting. Falling back to ozone.metadata.dirs instead.
2023-02-28 04:34:03,486 [Listener at 127.0.0.1/46401] INFO  upgrade.AbstractLayoutVersionManager (AbstractLayoutVersionManager.java:init(83)) - Initializing Layout version manager with metadata layout = MULTITENANCY_SCHEMA (version = 3), software layout = MULTITENANCY_SCHEMA (version = 3)
2023-02-28 04:34:03,552 [Listener at 127.0.0.1/46401] INFO  reflections.Reflections (Reflections.java:scan(232)) - Reflections took 65 ms to scan 2 urls, producing 167 keys and 459 values [using 2 cores]
2023-02-28 04:34:03,552 [Listener at 127.0.0.1/46401] INFO  upgrade.OMLayoutVersionManager (OMLayoutVersionManager.java:lambda$0(115)) - Skipping Upgrade Action MockOmUpgradeAction since it has been finalized.
2023-02-28 04:34:03,552 [Listener at 127.0.0.1/46401] WARN  server.ServerUtils (ServerUtils.java:getDBPath(225)) - ozone.om.db.dirs is not configured. We recommend adding this setting. Falling back to ozone.metadata.dirs instead.
2023-02-28 04:34:03,553 [Listener at 127.0.0.1/46401] INFO  proxy.SCMBlockLocationFailoverProxyProvider (SCMBlockLocationFailoverProxyProvider.java:<init>(114)) - Created block location fail-over proxy with 1 nodes: [nodeId=scmNodeId,nodeAddress=/0.0.0.0:42049]
2023-02-28 04:34:03,554 [Listener at 127.0.0.1/46401] INFO  proxy.SCMBlockLocationFailoverProxyProvider (SCMBlockLocationFailoverProxyProvider.java:<init>(114)) - Created block location fail-over proxy with 1 nodes: [nodeId=scmNodeId,nodeAddress=/0.0.0.0:42049]
2023-02-28 04:34:03,565 [Listener at 127.0.0.1/46401] INFO  om.OzoneManager (OzoneManager.java:<init>(618)) - OM start with adminUsers: [runner]
2023-02-28 04:34:03,566 [Listener at 127.0.0.1/46401] WARN  server.ServerUtils (ServerUtils.java:getDBPath(225)) - ozone.om.db.dirs is not configured. We recommend adding this setting. Falling back to ozone.metadata.dirs instead.
2023-02-28 04:34:03,567 [Listener at 127.0.0.1/46401] INFO  codec.OmKeyInfoCodec (OmKeyInfoCodec.java:<init>(49)) - OmKeyInfoCodec ignorePipeline = true
2023-02-28 04:34:03,567 [Listener at 127.0.0.1/46401] INFO  codec.RepeatedOmKeyInfoCodec (RepeatedOmKeyInfoCodec.java:<init>(41)) - RepeatedOmKeyInfoCodec ignorePipeline = true
2023-02-28 04:34:03,731 [Listener at 127.0.0.1/46401] INFO  om.OzoneManager (OzoneManager.java:instantiateServices(748)) - S3 Multi-Tenancy is disabled
2023-02-28 04:34:03,731 [Listener at 127.0.0.1/46401] WARN  server.ServerUtils (ServerUtils.java:getDBPath(225)) - ozone.om.snapshot.diff.db.dir is not configured. We recommend adding this setting. Falling back to ozone.metadata.dirs instead.
2023-02-28 04:34:03,741 [Listener at 127.0.0.1/46401] INFO  om.OzoneManager (OzoneManager.java:addS3GVolumeToDB(4215)) - Created Volume s3v With Owner runner required for S3Gateway operations.
2023-02-28 04:34:03,742 [Listener at 127.0.0.1/46401] WARN  server.ServerUtils (ServerUtils.java:getDefaultRatisDirectory(237)) - Storage directory for Ratis is not configured. It is a good idea to map this to an SSD disk. Falling back to ozone.metadata.dirs
2023-02-28 04:34:03,742 [Listener at 127.0.0.1/46401] WARN  utils.OzoneManagerRatisUtils (OzoneManagerRatisUtils.java:getOMRatisSnapshotDirectory(436)) - ozone.om.ratis.snapshot.dir is not configured. Falling back to ozone.metadata.dirs config
2023-02-28 04:34:03,742 [Listener at 127.0.0.1/46401] INFO  snapshot.OzoneManagerSnapshotProvider (OzoneManagerSnapshotProvider.java:<init>(76)) - Initializing OM Snapshot Provider
2023-02-28 04:34:03,743 [Listener at 127.0.0.1/46401] WARN  impl.MetricRegistriesImpl (MetricRegistriesImpl.java:addReporterRegistration(111)) - New reporters are added after registries were created. Some metrics will be missing from the reporter. Please add reporter before adding any new registry.
2023-02-28 04:34:03,743 [Listener at 127.0.0.1/46401] WARN  impl.MetricRegistriesImpl (MetricRegistriesImpl.java:addReporterRegistration(111)) - New reporters are added after registries were created. Some metrics will be missing from the reporter. Please add reporter before adding any new registry.
2023-02-28 04:34:03,743 [Listener at 127.0.0.1/46401] WARN  server.ServerUtils (ServerUtils.java:getDefaultRatisDirectory(237)) - Storage directory for Ratis is not configured. It is a good idea to map this to an SSD disk. Falling back to ozone.metadata.dirs
2023-02-28 04:34:03,744 [Listener at 127.0.0.1/46401] INFO  ratis.OzoneManagerRatisServer (OzoneManagerRatisServer.java:<init>(164)) - Instantiating OM Ratis server with groupID: om-service-test1 and peers: localhost:44751, localhost:45275, localhost:36617
2023-02-28 04:34:03,744 [Listener at 127.0.0.1/46401] INFO  ratis.OzoneManagerStateMachine (OzoneManagerStateMachine.java:loadSnapshotInfoFromDB(636)) - LastAppliedIndex is set from TransactionInfo from OM DB as (t:0, i:~)
2023-02-28 04:34:03,745 [Listener at 127.0.0.1/46401] INFO  server.RaftServer (ConfUtils.java:logGet(46)) - raft.rpc.type = GRPC (default)
2023-02-28 04:34:03,745 [Listener at 127.0.0.1/46401] INFO  grpc.GrpcConfigKeys (ConfUtils.java:logFallback(53)) - raft.grpc.admin.host = null (fallback to raft.grpc.server.host)
2023-02-28 04:34:03,745 [Listener at 127.0.0.1/46401] INFO  grpc.GrpcConfigKeys (ConfUtils.java:logFallback(53)) - raft.grpc.admin.port = 44751 (fallback to raft.grpc.server.port)
2023-02-28 04:34:03,745 [Listener at 127.0.0.1/46401] INFO  grpc.GrpcConfigKeys (ConfUtils.java:logFallback(53)) - raft.grpc.client.host = null (fallback to raft.grpc.server.host)
2023-02-28 04:34:03,745 [Listener at 127.0.0.1/46401] INFO  grpc.GrpcConfigKeys (ConfUtils.java:logFallback(53)) - raft.grpc.client.port = 44751 (fallback to raft.grpc.server.port)
2023-02-28 04:34:03,745 [Listener at 127.0.0.1/46401] INFO  grpc.GrpcConfigKeys (ConfUtils.java:logGet(46)) - raft.grpc.server.host = null (default)
2023-02-28 04:34:03,745 [Listener at 127.0.0.1/46401] INFO  grpc.GrpcConfigKeys (ConfUtils.java:logGet(46)) - raft.grpc.server.port = 44751 (custom)
2023-02-28 04:34:03,745 [Listener at 127.0.0.1/46401] INFO  server.GrpcService (ConfUtils.java:logGet(46)) - raft.grpc.message.size.max = 33554432 (custom)
2023-02-28 04:34:03,745 [Listener at 127.0.0.1/46401] INFO  server.RaftServerConfigKeys (ConfUtils.java:logGet(46)) - raft.server.log.appender.buffer.byte-limit = 33554432 (custom)
2023-02-28 04:34:03,746 [Listener at 127.0.0.1/46401] INFO  server.GrpcService (ConfUtils.java:logGet(46)) - raft.grpc.flow.control.window = 1MB (=1048576) (default)
2023-02-28 04:34:03,746 [Listener at 127.0.0.1/46401] INFO  server.RaftServerConfigKeys (ConfUtils.java:logGet(46)) - raft.server.rpc.request.timeout = 3000ms (default)
2023-02-28 04:34:03,746 [Listener at 127.0.0.1/46401] INFO  grpc.GrpcConfigKeys (ConfUtils.java:logGet(46)) - raft.grpc.server.heartbeat.channel = true (default)
2023-02-28 04:34:03,746 [Listener at 127.0.0.1/46401] INFO  grpc.GrpcConfigKeys (ConfUtils.java:logGet(46)) - raft.grpc.server.async.request.thread.pool.cached = true (default)
2023-02-28 04:34:03,746 [Listener at 127.0.0.1/46401] INFO  grpc.GrpcConfigKeys (ConfUtils.java:logGet(46)) - raft.grpc.server.async.request.thread.pool.size = 32 (default)
2023-02-28 04:34:03,747 [Listener at 127.0.0.1/46401] INFO  impl.DataStreamServerImpl (ConfUtils.java:logGet(46)) - raft.datastream.type = DISABLED (default)
2023-02-28 04:34:03,747 [Listener at 127.0.0.1/46401] INFO  server.RaftServerConfigKeys (ConfUtils.java:logGet(46)) - raft.server.threadpool.proxy.cached = true (default)
2023-02-28 04:34:03,747 [Listener at 127.0.0.1/46401] INFO  server.RaftServerConfigKeys (ConfUtils.java:logGet(46)) - raft.server.threadpool.proxy.size = 0 (default)
2023-02-28 04:34:03,747 [Listener at 127.0.0.1/46401] INFO  server.RaftServerConfigKeys (ConfUtils.java:logGet(46)) - raft.server.rpc.slowness.timeout = 2s (custom)
2023-02-28 04:34:03,747 [Listener at 127.0.0.1/46401] INFO  server.RaftServerConfigKeys (ConfUtils.java:logGet(46)) - raft.server.leaderelection.leader.step-down.wait-time = 10s (default)
2023-02-28 04:34:03,747 [Listener at 127.0.0.1/46401] INFO  server.RaftServerConfigKeys (ConfUtils.java:logGet(46)) - raft.server.storage.dir = [/home/runner/work/ozone/ozone/hadoop-ozone/integration-test/target/test-dir/MiniOzoneClusterImpl-0c3862ae-9f43-41f5-9e7d-509225cf1f3d/omNode-3/ratis] (custom)
2023-02-28 04:34:03,748 [Listener at 127.0.0.1/46401] INFO  server.RaftServer (RaftServerProxy.java:addNew(96)) - omNode-3: addNew group-523986131536:[omNode-3|rpc:localhost:44751|priority:0|startupRole:FOLLOWER, omNode-1|rpc:localhost:45275|priority:0|startupRole:FOLLOWER, omNode-2|rpc:localhost:36617|priority:0|startupRole:FOLLOWER] returns group-523986131536:java.util.concurrent.CompletableFuture@1ff089f[Not completed]
2023-02-28 04:34:03,750 [pool-1470-thread-1] INFO  server.RaftServer$Division (RaftServerImpl.java:<init>(195)) - omNode-3: new RaftServerImpl for group-523986131536:[omNode-3|rpc:localhost:44751|priority:0|startupRole:FOLLOWER, omNode-1|rpc:localhost:45275|priority:0|startupRole:FOLLOWER, omNode-2|rpc:localhost:36617|priority:0|startupRole:FOLLOWER] with OzoneManagerStateMachine:uninitialized
2023-02-28 04:34:03,750 [Listener at 127.0.0.1/46401] INFO  om.OzoneManager (OzoneManager.java:initializeRatisServer(2094)) - OzoneManager Ratis server initialized at port 44751
2023-02-28 04:34:03,750 [pool-1470-thread-1] INFO  server.RaftServerConfigKeys (ConfUtils.java:logGet(46)) - raft.server.rpc.timeout.min = 1s (custom)
2023-02-28 04:34:03,750 [Listener at 127.0.0.1/46401] INFO  om.OzoneManager (OzoneManager.java:getRpcServer(1131)) - Creating RPC Server
2023-02-28 04:34:03,750 [pool-1470-thread-1] INFO  server.RaftServerConfigKeys (ConfUtils.java:logGet(46)) - raft.server.rpc.timeout.max = 1200ms (custom)
2023-02-28 04:34:03,750 [pool-1470-thread-1] INFO  server.RaftServerConfigKeys (ConfUtils.java:logGet(46)) - raft.server.rpc.sleep.time = 25ms (default)
2023-02-28 04:34:03,750 [pool-1470-thread-1] INFO  server.RaftServerConfigKeys (ConfUtils.java:logGet(46)) - raft.server.rpc.slowness.timeout = 2s (custom)
2023-02-28 04:34:03,750 [pool-1470-thread-1] INFO  server.RaftServerConfigKeys (ConfUtils.java:logGet(46)) - raft.server.leaderelection.leader.step-down.wait-time = 10s (default)
2023-02-28 04:34:03,750 [pool-1470-thread-1] INFO  server.RaftServerConfigKeys (ConfUtils.java:logGet(46)) - raft.server.sleep.deviation.threshold = 300ms (default)
2023-02-28 04:34:03,750 [pool-1470-thread-1] INFO  server.RaftServer$Division (ServerState.java:<init>(118)) - omNode-3@group-523986131536: ConfigurationManager, init=-1: peers:[omNode-3|rpc:localhost:44751|priority:0|startupRole:FOLLOWER, omNode-1|rpc:localhost:45275|priority:0|startupRole:FOLLOWER, omNode-2|rpc:localhost:36617|priority:0|startupRole:FOLLOWER]|listeners:[], old=null, confs=<EMPTY_MAP>
2023-02-28 04:34:03,750 [pool-1470-thread-1] INFO  server.RaftServerConfigKeys (ConfUtils.java:logGet(46)) - raft.server.storage.dir = [/home/runner/work/ozone/ozone/hadoop-ozone/integration-test/target/test-dir/MiniOzoneClusterImpl-0c3862ae-9f43-41f5-9e7d-509225cf1f3d/omNode-3/ratis] (custom)
2023-02-28 04:34:03,752 [pool-1470-thread-1] INFO  server.RaftServerConfigKeys (ConfUtils.java:logGet(46)) - raft.server.log.corruption.policy = EXCEPTION (default)
2023-02-28 04:34:03,752 [pool-1470-thread-1] INFO  server.RaftServerConfigKeys (ConfUtils.java:logGet(46)) - raft.server.storage.free-space.min = 0MB (=0) (default)
2023-02-28 04:34:03,753 [pool-1470-thread-1] INFO  server.RaftServerConfigKeys (ConfUtils.java:logGet(46)) - raft.server.notification.no-leader.timeout = 2s (custom)
2023-02-28 04:34:03,753 [pool-1470-thread-1] INFO  server.RaftServerConfigKeys (ConfUtils.java:logGet(46)) - raft.server.retrycache.expirytime = 300s (custom)
2023-02-28 04:34:03,753 [pool-1470-thread-1] INFO  server.RaftServerConfigKeys (ConfUtils.java:logGet(46)) - raft.server.retrycache.statistics.expirytime = 100μs (default)
2023-02-28 04:34:03,761 [pool-1470-thread-1] INFO  server.RaftServerConfigKeys (ConfUtils.java:logGet(46)) - raft.server.log.appender.install.snapshot.enabled = false (custom)
2023-02-28 04:34:03,762 [pool-1470-thread-1] INFO  server.RaftServerConfigKeys (ConfUtils.java:logGet(46)) - raft.server.threadpool.server.cached = true (default)
2023-02-28 04:34:03,762 [pool-1470-thread-1] INFO  server.RaftServerConfigKeys (ConfUtils.java:logGet(46)) - raft.server.threadpool.server.size = 0 (default)
2023-02-28 04:34:03,762 [pool-1470-thread-1] INFO  server.RaftServerConfigKeys (ConfUtils.java:logGet(46)) - raft.server.threadpool.client.cached = true (default)
2023-02-28 04:34:03,762 [pool-1470-thread-1] INFO  server.RaftServerConfigKeys (ConfUtils.java:logGet(46)) - raft.server.threadpool.client.size = 0 (default)
2023-02-28 04:34:03,787 [omNode-1@group-523986131536-FollowerState] INFO  impl.FollowerState (FollowerState.java:run(143)) - omNode-1@group-523986131536-FollowerState: change to CANDIDATE, lastRpcElapsedTime:1055928257ns, electionTimeout:1055ms
2023-02-28 04:34:03,788 [omNode-1@group-523986131536-FollowerState] INFO  impl.RoleInfo (RoleInfo.java:shutdownFollowerState(110)) - omNode-1: shutdown omNode-1@group-523986131536-FollowerState
2023-02-28 04:34:03,788 [omNode-1@group-523986131536-FollowerState] INFO  server.RaftServer$Division (RaftServerImpl.java:setRole(321)) - omNode-1@group-523986131536: changes role from  FOLLOWER to CANDIDATE at term 0 for changeToCandidate
2023-02-28 04:34:03,788 [omNode-1@group-523986131536-FollowerState] INFO  server.RaftServerConfigKeys (ConfUtils.java:logGet(46)) - raft.server.leaderelection.pre-vote = true (default)
2023-02-28 04:34:03,788 [omNode-1@group-523986131536-FollowerState] INFO  impl.RoleInfo (RoleInfo.java:updateAndGet(139)) - omNode-1: start omNode-1@group-523986131536-LeaderElection15
2023-02-28 04:34:03,794 [omNode-1@group-523986131536-LeaderElection15] INFO  impl.LeaderElection (LeaderElection.java:askForVotes(312)) - omNode-1@group-523986131536-LeaderElection15 PRE_VOTE round 0: submit vote requests at term 0 for -1: peers:[omNode-3|rpc:localhost:44751|priority:0|startupRole:FOLLOWER, omNode-1|rpc:localhost:45275|priority:0|startupRole:FOLLOWER, omNode-2|rpc:localhost:36617|priority:0|startupRole:FOLLOWER]|listeners:[], old=null
2023-02-28 04:34:03,795 [omNode-1@group-523986131536-LeaderElection15-1] INFO  server.GrpcServerProtocolClient (GrpcServerProtocolClient.java:<init>(63)) - Build channel for omNode-3
2023-02-28 04:34:03,803 [omNode-1@group-523986131536-LeaderElection15] INFO  server.RaftServerConfigKeys (ConfUtils.java:logFallback(53)) - raft.server.rpc.first-election.timeout.min = 1s (fallback to raft.server.rpc.timeout.min)
2023-02-28 04:34:03,803 [omNode-1@group-523986131536-LeaderElection15] INFO  server.RaftServerConfigKeys (ConfUtils.java:logFallback(53)) - raft.server.rpc.first-election.timeout.max = 1200ms (fallback to raft.server.rpc.timeout.max)
2023-02-28 04:34:03,804 [omNode-1@group-523986131536-LeaderElection15] INFO  impl.LeaderElection (LogUtils.java:infoOrTrace(137)) - omNode-1@group-523986131536-LeaderElection15 got exception when requesting votes: java.util.concurrent.ExecutionException: org.apache.ratis.thirdparty.io.grpc.StatusRuntimeException: UNAVAILABLE: io exception
2023-02-28 04:34:03,804 [omNode-1@group-523986131536-LeaderElection15-2] INFO  server.GrpcServerProtocolClient (GrpcServerProtocolClient.java:<init>(63)) - Build channel for omNode-2
2023-02-28 04:34:03,817 [grpc-default-executor-2] INFO  server.RaftServer$Division (RaftServerImpl.java:requestVote(1218)) - omNode-2@group-523986131536: receive requestVote(PRE_VOTE, omNode-1, group-523986131536, 0, (t:0, i:~))
2023-02-28 04:34:03,818 [grpc-default-executor-2] INFO  impl.VoteContext (VoteContext.java:log(49)) - omNode-2@group-523986131536-FOLLOWER: accept PRE_VOTE from omNode-1: our priority 0 <= candidate's priority 0
2023-02-28 04:34:03,818 [grpc-default-executor-2] INFO  server.RaftServer$Division (RaftServerImpl.java:requestVote(1251)) - omNode-2@group-523986131536 replies to PRE_VOTE vote request: omNode-1<-omNode-2#0:OK-t0. Peer's state: omNode-2@group-523986131536:t0, leader=null, voted=, raftlog=Memoized:omNode-2@group-523986131536-SegmentedRaftLog:OPENED:c-1, conf=-1: peers:[omNode-3|rpc:localhost:44751|priority:0|startupRole:FOLLOWER, omNode-1|rpc:localhost:45275|priority:0|startupRole:FOLLOWER, omNode-2|rpc:localhost:36617|priority:0|startupRole:FOLLOWER]|listeners:[], old=null
2023-02-28 04:34:03,819 [omNode-1@group-523986131536-LeaderElection15] INFO  impl.LeaderElection (LeaderElection.java:logAndReturn(90)) - omNode-1@group-523986131536-LeaderElection15: PRE_VOTE PASSED received 1 response(s) and 1 exception(s):
2023-02-28 04:34:03,819 [omNode-1@group-523986131536-LeaderElection15] INFO  impl.LeaderElection (LeaderElection.java:logAndReturn(94)) -   Response 0: omNode-1<-omNode-2#0:OK-t0
2023-02-28 04:34:03,819 [omNode-1@group-523986131536-LeaderElection15] INFO  impl.LeaderElection (LogUtils.java:infoOrTrace(137)) -   Exception 1: java.util.concurrent.ExecutionException: org.apache.ratis.thirdparty.io.grpc.StatusRuntimeException: UNAVAILABLE: io exception
2023-02-28 04:34:03,819 [omNode-1@group-523986131536-LeaderElection15] INFO  impl.LeaderElection (LeaderElection.java:askForVotes(314)) - omNode-1@group-523986131536-LeaderElection15 PRE_VOTE round 0: result PASSED
2023-02-28 04:34:03,821 [omNode-1@group-523986131536-LeaderElection15] INFO  impl.LeaderElection (LeaderElection.java:askForVotes(312)) - omNode-1@group-523986131536-LeaderElection15 ELECTION round 0: submit vote requests at term 1 for -1: peers:[omNode-3|rpc:localhost:44751|priority:0|startupRole:FOLLOWER, omNode-1|rpc:localhost:45275|priority:0|startupRole:FOLLOWER, omNode-2|rpc:localhost:36617|priority:0|startupRole:FOLLOWER]|listeners:[], old=null
2023-02-28 04:34:03,831 [omNode-1@group-523986131536-LeaderElection15] INFO  server.RaftServerConfigKeys (ConfUtils.java:logFallback(53)) - raft.server.rpc.first-election.timeout.min = 1s (fallback to raft.server.rpc.timeout.min)
2023-02-28 04:34:03,831 [omNode-1@group-523986131536-LeaderElection15] INFO  server.RaftServerConfigKeys (ConfUtils.java:logFallback(53)) - raft.server.rpc.first-election.timeout.max = 1200ms (fallback to raft.server.rpc.timeout.max)
2023-02-28 04:34:03,831 [omNode-1@group-523986131536-LeaderElection15] INFO  impl.LeaderElection (LogUtils.java:infoOrTrace(137)) - omNode-1@group-523986131536-LeaderElection15 got exception when requesting votes: java.util.concurrent.ExecutionException: org.apache.ratis.thirdparty.io.grpc.StatusRuntimeException: UNAVAILABLE: io exception
2023-02-28 04:34:03,835 [grpc-default-executor-2] INFO  server.RaftServer$Division (RaftServerImpl.java:requestVote(1218)) - omNode-2@group-523986131536: receive requestVote(ELECTION, omNode-1, group-523986131536, 1, (t:0, i:~))
2023-02-28 04:34:03,838 [grpc-default-executor-2] INFO  impl.VoteContext (VoteContext.java:log(49)) - omNode-2@group-523986131536-FOLLOWER: accept ELECTION from omNode-1: our priority 0 <= candidate's priority 0
2023-02-28 04:34:03,838 [grpc-default-executor-2] INFO  server.RaftServer$Division (RaftServerImpl.java:setRole(321)) - omNode-2@group-523986131536: changes role from  FOLLOWER to FOLLOWER at term 1 for candidate:omNode-1
2023-02-28 04:34:03,838 [grpc-default-executor-2] INFO  impl.RoleInfo (RoleInfo.java:shutdownFollowerState(110)) - omNode-2: shutdown omNode-2@group-523986131536-FollowerState
2023-02-28 04:34:03,838 [grpc-default-executor-2] INFO  impl.RoleInfo (RoleInfo.java:updateAndGet(139)) - omNode-2: start omNode-2@group-523986131536-FollowerState
2023-02-28 04:34:03,838 [omNode-2@group-523986131536-FollowerState] INFO  impl.FollowerState (FollowerState.java:run(152)) - omNode-2@group-523986131536-FollowerState was interrupted
2023-02-28 04:34:03,842 [grpc-default-executor-2] INFO  server.RaftServer$Division (RaftServerImpl.java:requestVote(1251)) - omNode-2@group-523986131536 replies to ELECTION vote request: omNode-1<-omNode-2#0:OK-t1. Peer's state: omNode-2@group-523986131536:t1, leader=null, voted=omNode-1, raftlog=Memoized:omNode-2@group-523986131536-SegmentedRaftLog:OPENED:c-1, conf=-1: peers:[omNode-3|rpc:localhost:44751|priority:0|startupRole:FOLLOWER, omNode-1|rpc:localhost:45275|priority:0|startupRole:FOLLOWER, omNode-2|rpc:localhost:36617|priority:0|startupRole:FOLLOWER]|listeners:[], old=null
2023-02-28 04:34:03,843 [omNode-1@group-523986131536-LeaderElection15] INFO  impl.LeaderElection (LeaderElection.java:logAndReturn(90)) - omNode-1@group-523986131536-LeaderElection15: ELECTION PASSED received 1 response(s) and 1 exception(s):
2023-02-28 04:34:03,843 [omNode-1@group-523986131536-LeaderElection15] INFO  impl.LeaderElection (LeaderElection.java:logAndReturn(94)) -   Response 0: omNode-1<-omNode-2#0:OK-t1
2023-02-28 04:34:03,843 [omNode-1@group-523986131536-LeaderElection15] INFO  impl.LeaderElection (LogUtils.java:infoOrTrace(137)) -   Exception 1: java.util.concurrent.ExecutionException: org.apache.ratis.thirdparty.io.grpc.StatusRuntimeException: UNAVAILABLE: io exception
2023-02-28 04:34:03,843 [omNode-1@group-523986131536-LeaderElection15] INFO  impl.LeaderElection (LeaderElection.java:askForVotes(314)) - omNode-1@group-523986131536-LeaderElection15 ELECTION round 0: result PASSED
2023-02-28 04:34:03,843 [omNode-1@group-523986131536-LeaderElection15] INFO  impl.RoleInfo (RoleInfo.java:shutdownLeaderElection(130)) - omNode-1: shutdown omNode-1@group-523986131536-LeaderElection15
2023-02-28 04:34:03,843 [omNode-1@group-523986131536-LeaderElection15] INFO  server.RaftServer$Division (RaftServerImpl.java:setRole(321)) - omNode-1@group-523986131536: changes role from CANDIDATE to LEADER at term 1 for changeToLeader
2023-02-28 04:34:03,843 [omNode-1@group-523986131536-LeaderElection15] INFO  server.RaftServer$Division (ServerState.java:setLeader(313)) - omNode-1@group-523986131536: change Leader from null to omNode-1 at term 1 for becomeLeader, leader elected after 1450ms
2023-02-28 04:34:03,843 [omNode-2@group-523986131536-FollowerState] INFO  server.RaftServerConfigKeys (ConfUtils.java:logFallback(53)) - raft.server.rpc.first-election.timeout.min = 1s (fallback to raft.server.rpc.timeout.min)
2023-02-28 04:34:03,844 [omNode-2@group-523986131536-FollowerState] INFO  server.RaftServerConfigKeys (ConfUtils.java:logFallback(53)) - raft.server.rpc.first-election.timeout.max = 1200ms (fallback to raft.server.rpc.timeout.max)
2023-02-28 04:34:03,843 [omNode-1@group-523986131536-LeaderElection15] INFO  server.RaftServerConfigKeys (ConfUtils.java:logGet(46)) - raft.server.staging.catchup.gap = 1000 (default)
2023-02-28 04:34:03,844 [omNode-1@group-523986131536-LeaderElection15] INFO  server.RaftServerConfigKeys (ConfUtils.java:logGet(46)) - raft.server.write.element-limit = 4096 (default)
2023-02-28 04:34:03,844 [omNode-1@group-523986131536-LeaderElection15] INFO  server.RaftServerConfigKeys (ConfUtils.java:logGet(46)) - raft.server.write.byte-limit = 64MB (=67108864) (default)
2023-02-28 04:34:03,844 [omNode-1@group-523986131536-LeaderElection15] INFO  server.RaftServerConfigKeys (ConfUtils.java:logGet(46)) - raft.server.watch.timeout = 10s (default)
2023-02-28 04:34:03,845 [omNode-1@group-523986131536-LeaderElection15] INFO  server.RaftServerConfigKeys (ConfUtils.java:logGet(46)) - raft.server.watch.timeout.denomination = 1s (default)
2023-02-28 04:34:03,845 [omNode-1@group-523986131536-LeaderElection15] INFO  server.RaftServerConfigKeys (ConfUtils.java:logGet(46)) - raft.server.watch.element-limit = 65536 (default)
2023-02-28 04:34:03,845 [omNode-1@group-523986131536-LeaderElection15] INFO  server.RaftServerConfigKeys (ConfUtils.java:logGet(46)) - raft.server.write.element-limit = 4096 (default)
2023-02-28 04:34:03,845 [omNode-1@group-523986131536-LeaderElection15] INFO  server.RaftServerConfigKeys (ConfUtils.java:logGet(46)) - raft.server.write.follower.gap.ratio.max = -1.0 (default)
2023-02-28 04:34:03,845 [omNode-1@group-523986131536-LeaderElection15] INFO  server.RaftServerConfigKeys (ConfUtils.java:logGet(46)) - raft.server.log.appender.snapshot.chunk.size.max = 16MB (=16777216) (default)
2023-02-28 04:34:03,845 [omNode-1@group-523986131536-LeaderElection15] INFO  server.RaftServerConfigKeys (ConfUtils.java:logGet(46)) - raft.server.log.appender.buffer.byte-limit = 33554432 (custom)
2023-02-28 04:34:03,845 [omNode-1@group-523986131536-LeaderElection15] INFO  server.RaftServerConfigKeys (ConfUtils.java:logGet(46)) - raft.server.log.appender.buffer.element-limit = 1024 (custom)
2023-02-28 04:34:03,845 [omNode-1@group-523986131536-LeaderElection15] INFO  grpc.GrpcConfigKeys (ConfUtils.java:logGet(46)) - raft.grpc.server.leader.outstanding.appends.max = 128 (default)
2023-02-28 04:34:03,845 [omNode-1@group-523986131536-LeaderElection15] INFO  server.RaftServerConfigKeys (ConfUtils.java:logGet(46)) - raft.server.rpc.request.timeout = 3000ms (default)
2023-02-28 04:34:03,845 [omNode-1@group-523986131536-LeaderElection15] INFO  server.RaftServerConfigKeys (ConfUtils.java:logGet(46)) - raft.server.log.appender.install.snapshot.enabled = false (custom)
2023-02-28 04:34:03,845 [omNode-1@group-523986131536-LeaderElection15] INFO  grpc.GrpcConfigKeys (ConfUtils.java:logGet(46)) - raft.grpc.server.heartbeat.channel = true (default)
2023-02-28 04:34:03,845 [omNode-1@group-523986131536-LeaderElection15] INFO  server.RaftServerConfigKeys (ConfUtils.java:logGet(46)) - raft.server.log.appender.wait-time.min = 10ms (default)
2023-02-28 04:34:03,846 [omNode-1@group-523986131536-LeaderElection15] INFO  server.RaftServerConfigKeys (ConfUtils.java:logGet(46)) - raft.server.log.appender.snapshot.chunk.size.max = 16MB (=16777216) (default)
2023-02-28 04:34:03,846 [omNode-1@group-523986131536-LeaderElection15] INFO  server.RaftServerConfigKeys (ConfUtils.java:logGet(46)) - raft.server.log.appender.buffer.byte-limit = 33554432 (custom)
2023-02-28 04:34:03,846 [omNode-1@group-523986131536-LeaderElection15] INFO  server.RaftServerConfigKeys (ConfUtils.java:logGet(46)) - raft.server.log.appender.buffer.element-limit = 1024 (custom)
2023-02-28 04:34:03,846 [omNode-1@group-523986131536-LeaderElection15] INFO  grpc.GrpcConfigKeys (ConfUtils.java:logGet(46)) - raft.grpc.server.leader.outstanding.appends.max = 128 (default)
2023-02-28 04:34:03,846 [omNode-1@group-523986131536-LeaderElection15] INFO  server.RaftServerConfigKeys (ConfUtils.java:logGet(46)) - raft.server.rpc.request.timeout = 3000ms (default)
2023-02-28 04:34:03,846 [omNode-1@group-523986131536-LeaderElection15] INFO  server.RaftServerConfigKeys (ConfUtils.java:logGet(46)) - raft.server.log.appender.install.snapshot.enabled = false (custom)
2023-02-28 04:34:03,846 [omNode-1@group-523986131536-LeaderElection15] INFO  grpc.GrpcConfigKeys (ConfUtils.java:logGet(46)) - raft.grpc.server.heartbeat.channel = true (default)
2023-02-28 04:34:03,846 [omNode-1@group-523986131536-LeaderElection15] INFO  server.RaftServerConfigKeys (ConfUtils.java:logGet(46)) - raft.server.log.appender.wait-time.min = 10ms (default)
2023-02-28 04:34:03,846 [omNode-1@group-523986131536-LeaderElection15] INFO  impl.RoleInfo (RoleInfo.java:updateAndGet(139)) - omNode-1: start omNode-1@group-523986131536-LeaderStateImpl
2023-02-28 04:34:03,846 [omNode-1@group-523986131536-LeaderElection15] INFO  segmented.SegmentedRaftLogWorker (SegmentedRaftLogWorker.java:startLogSegment(452)) - omNode-1@group-523986131536-SegmentedRaftLogWorker: Starting segment from index:0
2023-02-28 04:34:03,851 [grpc-default-executor-2] WARN  server.GrpcLogAppender (LogUtils.java:warn(122)) - omNode-1@group-523986131536->omNode-3-AppendLogResponseHandler: Failed appendEntries: org.apache.ratis.thirdparty.io.grpc.StatusRuntimeException: UNAVAILABLE: io exception
2023-02-28 04:34:03,858 [omNode-1@group-523986131536-SegmentedRaftLogWorker] INFO  segmented.SegmentedRaftLogWorker (SegmentedRaftLogWorker.java:execute(656)) - omNode-1@group-523986131536-SegmentedRaftLogWorker: created new log segment /home/runner/work/ozone/ozone/hadoop-ozone/integration-test/target/test-dir/MiniOzoneClusterImpl-0c3862ae-9f43-41f5-9e7d-509225cf1f3d/omNode-1/ratis/c9bc4cf4-3bc3-3c60-a66b-523986131536/current/log_inprogress_0
2023-02-28 04:34:03,858 [omNode-1@group-523986131536-LeaderElection15] INFO  server.RaftServer$Division (ServerState.java:setRaftConf(430)) - omNode-1@group-523986131536: set configuration 0: peers:[omNode-3|rpc:localhost:44751|admin:|client:|dataStream:|priority:0|startupRole:FOLLOWER, omNode-1|rpc:localhost:45275|admin:|client:|dataStream:|priority:0|startupRole:FOLLOWER, omNode-2|rpc:localhost:36617|admin:|client:|dataStream:|priority:0|startupRole:FOLLOWER]|listeners:[], old=null
2023-02-28 04:34:03,862 [grpc-default-executor-2] WARN  server.GrpcLogAppender (GrpcLogAppender.java:resetClient(131)) - omNode-1@group-523986131536->omNode-3-GrpcLogAppender: Leader has not got in touch with Follower omNode-1@group-523986131536->omNode-3(c-1,m0,n0, attendVote=true, lastRpcSendTime=0, lastRpcResponseTime=1217) yet, just keep nextIndex unchanged and retry.
2023-02-28 04:34:03,864 [grpc-default-executor-2] WARN  server.GrpcLogAppender (LogUtils.java:warn(122)) - omNode-1@group-523986131536->omNode-3-AppendLogResponseHandler: Failed appendEntries: org.apache.ratis.thirdparty.io.grpc.StatusRuntimeException: UNAVAILABLE: io exception
2023-02-28 04:34:03,866 [omNode-1@group-523986131536-StateMachineUpdater] INFO  ratis.OzoneManagerStateMachine (OzoneManagerStateMachine.java:notifyConfigurationChanged(192)) - Received Configuration change notification from Ratis. New Peer list:
[id: "omNode-3"
address: "localhost:44751"
startupRole: FOLLOWER
, id: "omNode-1"
address: "localhost:45275"
startupRole: FOLLOWER
, id: "omNode-2"
address: "localhost:36617"
startupRole: FOLLOWER
]
2023-02-28 04:34:03,867 [grpc-default-executor-6] WARN  server.GrpcLogAppender (LogUtils.java:warn(122)) - omNode-1@group-523986131536->omNode-3-AppendLogResponseHandler: Failed appendEntries: org.apache.ratis.thirdparty.io.grpc.StatusRuntimeException: UNAVAILABLE: io exception
2023-02-28 04:34:03,868 [grpc-default-executor-5] WARN  server.GrpcLogAppender (LogUtils.java:warn(122)) - omNode-1@group-523986131536->omNode-3-AppendLogResponseHandler: Failed appendEntries: org.apache.ratis.thirdparty.io.grpc.StatusRuntimeException: UNAVAILABLE: io exception
2023-02-28 04:34:03,868 [grpc-default-executor-2] WARN  server.GrpcLogAppender (GrpcLogAppender.java:resetClient(131)) - omNode-1@group-523986131536->omNode-3-GrpcLogAppender: Leader has not got in touch with Follower omNode-1@group-523986131536->omNode-3(c-1,m0,n1, attendVote=true, lastRpcSendTime=0, lastRpcResponseTime=1223) yet, just keep nextIndex unchanged and retry.
2023-02-28 04:34:03,868 [grpc-default-executor-6] WARN  server.GrpcLogAppender (GrpcLogAppender.java:resetClient(131)) - omNode-1@group-523986131536->omNode-3-GrpcLogAppender: Leader has not got in touch with Follower omNode-1@group-523986131536->omNode-3(c-1,m0,n1, attendVote=true, lastRpcSendTime=0, lastRpcResponseTime=1223) yet, just keep nextIndex unchanged and retry.
2023-02-28 04:34:03,869 [grpc-default-executor-5] WARN  server.GrpcLogAppender (GrpcLogAppender.java:resetClient(131)) - omNode-1@group-523986131536->omNode-3-GrpcLogAppender: Leader has not got in touch with Follower omNode-1@group-523986131536->omNode-3(c-1,m0,n1, attendVote=true, lastRpcSendTime=0, lastRpcResponseTime=1223) yet, just keep nextIndex unchanged and retry.
2023-02-28 04:34:03,882 [omNode-2-server-thread1] INFO  server.RaftServer$Division (ServerState.java:setLeader(313)) - omNode-2@group-523986131536: change Leader from null to omNode-1 at term 1 for appendEntries, leader elected after 844ms
2023-02-28 04:34:03,896 [omNode-2-server-thread1] INFO  server.RaftServer$Division (ServerState.java:setRaftConf(430)) - omNode-2@group-523986131536: set configuration 0: peers:[omNode-3|rpc:localhost:44751|admin:|client:|dataStream:|priority:0|startupRole:FOLLOWER, omNode-1|rpc:localhost:45275|admin:|client:|dataStream:|priority:0|startupRole:FOLLOWER, omNode-2|rpc:localhost:36617|admin:|client:|dataStream:|priority:0|startupRole:FOLLOWER]|listeners:[], old=null
2023-02-28 04:34:03,896 [omNode-2-server-thread1] INFO  segmented.SegmentedRaftLogWorker (SegmentedRaftLogWorker.java:startLogSegment(452)) - omNode-2@group-523986131536-SegmentedRaftLogWorker: Starting segment from index:0
2023-02-28 04:34:03,906 [omNode-2@group-523986131536-SegmentedRaftLogWorker] INFO  segmented.SegmentedRaftLogWorker (SegmentedRaftLogWorker.java:execute(656)) - omNode-2@group-523986131536-SegmentedRaftLogWorker: created new log segment /home/runner/work/ozone/ozone/hadoop-ozone/integration-test/target/test-dir/MiniOzoneClusterImpl-0c3862ae-9f43-41f5-9e7d-509225cf1f3d/omNode-2/ratis/c9bc4cf4-3bc3-3c60-a66b-523986131536/current/log_inprogress_0
2023-02-28 04:34:03,907 [omNode-2@group-523986131536-StateMachineUpdater] INFO  ratis.OzoneManagerStateMachine (OzoneManagerStateMachine.java:notifyConfigurationChanged(192)) - Received Configuration change notification from Ratis. New Peer list:
[id: "omNode-3"
address: "localhost:44751"
startupRole: FOLLOWER
, id: "omNode-1"
address: "localhost:45275"
startupRole: FOLLOWER
, id: "omNode-2"
address: "localhost:36617"
startupRole: FOLLOWER
]
2023-02-28 04:34:04,112 [grpc-default-executor-5] WARN  server.GrpcLogAppender (LogUtils.java:warn(122)) - omNode-1@group-523986131536->omNode-3-AppendLogResponseHandler: Failed appendEntries: org.apache.ratis.thirdparty.io.grpc.StatusRuntimeException: UNAVAILABLE: io exception
2023-02-28 04:34:04,113 [grpc-default-executor-2] WARN  server.GrpcLogAppender (LogUtils.java:warn(122)) - omNode-1@group-523986131536->omNode-3-AppendLogResponseHandler: Failed appendEntries: org.apache.ratis.thirdparty.io.grpc.StatusRuntimeException: UNAVAILABLE: io exception
2023-02-28 04:34:04,114 [grpc-default-executor-5] WARN  server.GrpcLogAppender (GrpcLogAppender.java:resetClient(131)) - omNode-1@group-523986131536->omNode-3-GrpcLogAppender: Leader has not got in touch with Follower omNode-1@group-523986131536->omNode-3(c-1,m0,n1, attendVote=true, lastRpcSendTime=0, lastRpcResponseTime=1469) yet, just keep nextIndex unchanged and retry.
2023-02-28 04:34:04,116 [grpc-default-executor-2] WARN  server.GrpcLogAppender (GrpcLogAppender.java:resetClient(131)) - omNode-1@group-523986131536->omNode-3-GrpcLogAppender: Leader has not got in touch with Follower omNode-1@group-523986131536->omNode-3(c-1,m0,n1, attendVote=true, lastRpcSendTime=2, lastRpcResponseTime=1470) yet, just keep nextIndex unchanged and retry.
2023-02-28 04:34:04,219 [Listener at 127.0.0.1/46401] INFO  reflections.Reflections (Reflections.java:scan(232)) - Reflections took 468 ms to scan 19 urls, producing 68 keys and 4864 values [using 2 cores]
2023-02-28 04:34:04,220 [Listener at 127.0.0.1/46401] INFO  ipc.CallQueueManager (CallQueueManager.java:<init>(90)) - Using callQueue: class java.util.concurrent.LinkedBlockingQueue, queueCapacity: 2000, scheduler: class org.apache.hadoop.ipc.DefaultRpcScheduler, ipcBackoff: false.
2023-02-28 04:34:04,221 [Socket Reader #1 for port 40735] INFO  ipc.Server (Server.java:run(1273)) - Starting Socket Reader #1 for port 40735
2023-02-28 04:34:04,239 [Listener at 127.0.0.1/40735] INFO  impl.MetricsSystemImpl (MetricsSystemImpl.java:init(158)) - OzoneManager metrics system started (again)
2023-02-28 04:34:04,250 [Listener at 127.0.0.1/40735] INFO  om.OzoneManager (OzoneManager.java:start(1551)) - OzoneManager RPC server is listening at localhost/127.0.0.1:40735
2023-02-28 04:34:04,250 [Listener at 127.0.0.1/40735] INFO  ratis.OzoneManagerRatisServer (OzoneManagerRatisServer.java:start(559)) - Starting OzoneManagerRatisServer omNode-3 at port 44751
2023-02-28 04:34:04,250 [omNode-3-impl-thread1] INFO  storage.RaftStorageDirectory (RaftStorageDirectoryImpl.java:analyzeStorage(137)) - The storage directory /home/runner/work/ozone/ozone/hadoop-ozone/integration-test/target/test-dir/MiniOzoneClusterImpl-0c3862ae-9f43-41f5-9e7d-509225cf1f3d/omNode-3/ratis/c9bc4cf4-3bc3-3c60-a66b-523986131536 does not exist. Creating ...
2023-02-28 04:34:04,251 [omNode-3-impl-thread1] INFO  storage.RaftStorageDirectory (RaftStorageDirectoryImpl.java:tryLock(231)) - Lock on /home/runner/work/ozone/ozone/hadoop-ozone/integration-test/target/test-dir/MiniOzoneClusterImpl-0c3862ae-9f43-41f5-9e7d-509225cf1f3d/omNode-3/ratis/c9bc4cf4-3bc3-3c60-a66b-523986131536/in_use.lock acquired by nodename 61299@fv-az467-141
2023-02-28 04:34:04,252 [omNode-3-impl-thread1] INFO  storage.RaftStorage (RaftStorageImpl.java:format(96)) - Storage directory /home/runner/work/ozone/ozone/hadoop-ozone/integration-test/target/test-dir/MiniOzoneClusterImpl-0c3862ae-9f43-41f5-9e7d-509225cf1f3d/omNode-3/ratis/c9bc4cf4-3bc3-3c60-a66b-523986131536 has been successfully formatted.
2023-02-28 04:34:04,252 [omNode-3-impl-thread1] INFO  server.RaftServerConfigKeys (ConfUtils.java:logGet(46)) - raft.server.log.use.memory = false (default)
2023-02-28 04:34:04,253 [omNode-3-impl-thread1] INFO  server.RaftServerConfigKeys (ConfUtils.java:logGet(46)) - raft.server.log.purge.gap = 1000000 (custom)
2023-02-28 04:34:04,253 [omNode-3-impl-thread1] INFO  server.RaftServerConfigKeys (ConfUtils.java:logGet(46)) - raft.server.log.appender.buffer.byte-limit = 33554432 (custom)
2023-02-28 04:34:04,253 [omNode-3-impl-thread1] INFO  server.RaftServerConfigKeys (ConfUtils.java:logGet(46)) - raft.server.log.statemachine.data.read.timeout = 1000ms (default)
2023-02-28 04:34:04,253 [omNode-3-impl-thread1] INFO  server.RaftServerConfigKeys (ConfUtils.java:logGet(46)) - raft.server.log.purge.preservation.log.num = 0 (default)
2023-02-28 04:34:04,253 [omNode-3-impl-thread1] INFO  server.RaftServerConfigKeys (ConfUtils.java:logGet(46)) - raft.server.log.segment.size.max = 4194304 (custom)
2023-02-28 04:34:04,253 [omNode-3-impl-thread1] INFO  server.RaftServerConfigKeys (ConfUtils.java:logGet(46)) - raft.server.log.segment.cache.num.max = 2 (custom)
2023-02-28 04:34:04,253 [omNode-3-impl-thread1] INFO  server.RaftServerConfigKeys (ConfUtils.java:logGet(46)) - raft.server.log.segment.cache.size.max = 200MB (=209715200) (default)
2023-02-28 04:34:04,253 [omNode-3-impl-thread1] INFO  segmented.SegmentedRaftLogWorker (SegmentedRaftLogWorker.java:<init>(189)) - new omNode-3@group-523986131536-SegmentedRaftLogWorker for RaftStorageImpl:Storage Directory /home/runner/work/ozone/ozone/hadoop-ozone/integration-test/target/test-dir/MiniOzoneClusterImpl-0c3862ae-9f43-41f5-9e7d-509225cf1f3d/omNode-3/ratis/c9bc4cf4-3bc3-3c60-a66b-523986131536
2023-02-28 04:34:04,253 [omNode-3-impl-thread1] INFO  server.RaftServerConfigKeys (ConfUtils.java:logGet(46)) - raft.server.log.queue.byte-limit = 64MB (=67108864) (default)
2023-02-28 04:34:04,253 [omNode-3-impl-thread1] INFO  server.RaftServerConfigKeys (ConfUtils.java:logGet(46)) - raft.server.log.queue.element-limit = 4096 (default)
2023-02-28 04:34:04,253 [omNode-3-impl-thread1] INFO  server.RaftServerConfigKeys (ConfUtils.java:logGet(46)) - raft.server.log.segment.size.max = 4194304 (custom)
2023-02-28 04:34:04,253 [omNode-3-impl-thread1] INFO  server.RaftServerConfigKeys (ConfUtils.java:logGet(46)) - raft.server.log.preallocated.size = 4194304 (custom)
2023-02-28 04:34:04,253 [omNode-3-impl-thread1] INFO  server.RaftServerConfigKeys (ConfUtils.java:logGet(46)) - raft.server.log.force.sync.num = 128 (default)
2023-02-28 04:34:04,253 [omNode-3-impl-thread1] INFO  server.RaftServerConfigKeys (ConfUtils.java:logGet(46)) - raft.server.log.statemachine.data.sync = true (default)
2023-02-28 04:34:04,253 [omNode-3-impl-thread1] INFO  server.RaftServerConfigKeys (ConfUtils.java:logGet(46)) - raft.server.log.statemachine.data.sync.timeout = 10s (default)
2023-02-28 04:34:04,253 [omNode-3-impl-thread1] INFO  server.RaftServerConfigKeys (ConfUtils.java:logGet(46)) - raft.server.log.statemachine.data.sync.timeout.retry = -1 (default)
2023-02-28 04:34:04,254 [omNode-3-impl-thread1] INFO  server.RaftServerConfigKeys (ConfUtils.java:logGet(46)) - raft.server.log.write.buffer.size = 64KB (=65536) (default)
2023-02-28 04:34:04,254 [omNode-3-impl-thread1] INFO  server.RaftServerConfigKeys (ConfUtils.java:logGet(46)) - raft.server.log.appender.buffer.byte-limit = 33554432 (custom)
2023-02-28 04:34:04,257 [omNode-3-impl-thread1] INFO  server.RaftServerConfigKeys (ConfUtils.java:logGet(46)) - raft.server.log.unsafe-flush.enabled = false (default)
2023-02-28 04:34:04,257 [omNode-3-impl-thread1] INFO  server.RaftServerConfigKeys (ConfUtils.java:logGet(46)) - raft.server.log.async-flush.enabled = false (default)
2023-02-28 04:34:04,257 [omNode-3-impl-thread1] INFO  server.RaftServerConfigKeys (ConfUtils.java:logGet(46)) - raft.server.log.statemachine.data.caching.enabled = false (default)
2023-02-28 04:34:04,257 [omNode-3-impl-thread1] INFO  segmented.SegmentedRaftLogWorker (SegmentedRaftLogWorker.java:lambda$new$0(135)) - omNode-3@group-523986131536-SegmentedRaftLogWorker: flushIndex: setUnconditionally 0 -> -1
2023-02-28 04:34:04,257 [omNode-3-impl-thread1] INFO  segmented.SegmentedRaftLogWorker (SegmentedRaftLogWorker.java:lambda$new$0(135)) - omNode-3@group-523986131536-SegmentedRaftLogWorker: safeCacheEvictIndex: setUnconditionally 0 -> -1
2023-02-28 04:34:04,257 [omNode-3-impl-thread1] INFO  server.RaftServer$Division (RaftServerImpl.java:start(334)) - omNode-3@group-523986131536: start as a follower, conf=-1: peers:[omNode-3|rpc:localhost:44751|priority:0|startupRole:FOLLOWER, omNode-1|rpc:localhost:45275|priority:0|startupRole:FOLLOWER, omNode-2|rpc:localhost:36617|priority:0|startupRole:FOLLOWER]|listeners:[], old=null
2023-02-28 04:34:04,257 [omNode-3-impl-thread1] INFO  server.RaftServer$Division (RaftServerImpl.java:setRole(321)) - omNode-3@group-523986131536: changes role from      null to FOLLOWER at term 0 for startAsFollower
2023-02-28 04:34:04,257 [omNode-3-impl-thread1] INFO  impl.RoleInfo (RoleInfo.java:updateAndGet(139)) - omNode-3: start omNode-3@group-523986131536-FollowerState
2023-02-28 04:34:04,258 [omNode-3-impl-thread1] INFO  util.JmxRegister (JmxRegister.java:tryRegister(44)) - Successfully registered JMX Bean with object name Ratis:service=RaftServer,group=group-523986131536,id=omNode-3
2023-02-28 04:34:04,258 [omNode-3-impl-thread1] INFO  server.RaftServerConfigKeys (ConfUtils.java:logGet(46)) - raft.server.snapshot.auto.trigger.enabled = true (custom)
2023-02-28 04:34:04,258 [omNode-3-impl-thread1] INFO  server.RaftServerConfigKeys (ConfUtils.java:logGet(46)) - raft.server.snapshot.auto.trigger.threshold = 400000 (default)
2023-02-28 04:34:04,258 [omNode-3-impl-thread1] INFO  server.RaftServerConfigKeys (ConfUtils.java:logGet(46)) - raft.server.snapshot.retention.file.num = -1 (default)
2023-02-28 04:34:04,258 [omNode-3-impl-thread1] INFO  server.RaftServerConfigKeys (ConfUtils.java:logGet(46)) - raft.server.log.purge.upto.snapshot.index = true (custom)
2023-02-28 04:34:04,258 [omNode-3@group-523986131536-FollowerState] INFO  server.RaftServerConfigKeys (ConfUtils.java:logFallback(53)) - raft.server.rpc.first-election.timeout.min = 1s (fallback to raft.server.rpc.timeout.min)
2023-02-28 04:34:04,258 [omNode-3@group-523986131536-FollowerState] INFO  server.RaftServerConfigKeys (ConfUtils.java:logFallback(53)) - raft.server.rpc.first-election.timeout.max = 1200ms (fallback to raft.server.rpc.timeout.max)
2023-02-28 04:34:04,261 [Listener at 127.0.0.1/40735] INFO  server.RaftServer (RaftServerProxy.java:startImpl(393)) - omNode-3: start RPC server
2023-02-28 04:34:04,263 [Listener at 127.0.0.1/40735] INFO  server.GrpcService (GrpcService.java:startImpl(262)) - omNode-3: GrpcService started, listening on 44751
2023-02-28 04:34:04,263 [Listener at 127.0.0.1/40735] INFO  om.OzoneManager (OzoneManager.java:start(1567)) - Version File has different layout version (3) than OM DB (null). That is expected if this OM has never been finalized to a newer layout version.
2023-02-28 04:34:04,264 [JvmPauseMonitor14] INFO  util.JvmPauseMonitor (JvmPauseMonitor.java:run(105)) - JvmPauseMonitor-omNode-3: Started
2023-02-28 04:34:04,270 [Listener at 127.0.0.1/40735] INFO  http.BaseHttpServer (BaseHttpServer.java:newHttpServer2BuilderForOzone(213)) - Starting Web-server for ozoneManager at: http://0.0.0.0:35453
2023-02-28 04:34:04,270 [Listener at 127.0.0.1/40735] INFO  http.BaseHttpServer (BaseHttpServer.java:<init>(108)) - Hadoop Security Enabled: false Ozone Security Enabled: false Ozone HTTP Security Enabled: false 
2023-02-28 04:34:04,271 [Listener at 127.0.0.1/40735] WARN  server.AuthenticationFilter (AuthenticationFilter.java:constructSecretProvider(240)) - Unable to initialize FileSignerSecretProvider, falling back to use random secrets. Reason: Could not read signature secret file: /home/runner/hadoop-http-auth-signature-secret
2023-02-28 04:34:04,273 [Listener at 127.0.0.1/40735] WARN  http.HttpRequestLog (HttpRequestLog.java:getRequestLog(103)) - Jetty request log can only be enabled using Log4j
2023-02-28 04:34:04,275 [Listener at 127.0.0.1/40735] INFO  http.HttpServer2 (HttpServer2.java:addGlobalFilter(1031)) - Added global filter 'safety' (class=org.apache.hadoop.hdds.server.http.HttpServer2$QuotingInputFilter)
2023-02-28 04:34:04,275 [Listener at 127.0.0.1/40735] INFO  http.HttpServer2 (HttpServer2.java:addFilter(1007)) - Added filter static_user_filter (class=org.apache.hadoop.http.lib.StaticUserWebFilter$StaticUserFilter) to context ozoneManager
2023-02-28 04:34:04,275 [Listener at 127.0.0.1/40735] INFO  http.HttpServer2 (HttpServer2.java:addFilter(1015)) - Added filter static_user_filter (class=org.apache.hadoop.http.lib.StaticUserWebFilter$StaticUserFilter) to context static
2023-02-28 04:34:04,275 [Listener at 127.0.0.1/40735] INFO  http.HttpServer2 (HttpServer2.java:addFilter(1015)) - Added filter static_user_filter (class=org.apache.hadoop.http.lib.StaticUserWebFilter$StaticUserFilter) to context logs
2023-02-28 04:34:04,277 [Listener at 127.0.0.1/40735] INFO  http.HttpServer2 (HttpServer2.java:bindListener(1250)) - Jetty bound to port 35453
2023-02-28 04:34:04,278 [Listener at 127.0.0.1/40735] INFO  server.Server (Server.java:doStart(375)) - jetty-9.4.49.v20220914; built: 2022-09-14T01:07:36.601Z; git: 4231a3b2e4cb8548a412a789936d640a97b1aa0a; jvm 1.8.0_362-b09
2023-02-28 04:34:04,285 [Listener at 127.0.0.1/40735] INFO  server.session (DefaultSessionIdManager.java:doStart(334)) - DefaultSessionIdManager workerName=node0
2023-02-28 04:34:04,286 [Listener at 127.0.0.1/40735] INFO  server.session (DefaultSessionIdManager.java:doStart(339)) - No SessionScavenger set, using defaults
2023-02-28 04:34:04,286 [Listener at 127.0.0.1/40735] INFO  server.session (HouseKeeper.java:startScavenging(132)) - node0 Scavenging every 660000ms
2023-02-28 04:34:04,286 [Listener at 127.0.0.1/40735] INFO  handler.ContextHandler (ContextHandler.java:doStart(921)) - Started o.e.j.s.ServletContextHandler@1898d1d3{logs,/logs,file:///home/runner/work/ozone/ozone/hadoop-ozone/integration-test/target/log,AVAILABLE}
2023-02-28 04:34:04,287 [Listener at 127.0.0.1/40735] INFO  handler.ContextHandler (ContextHandler.java:doStart(921)) - Started o.e.j.s.ServletContextHandler@38552d72{static,/static,file:///home/runner/work/ozone/ozone/hadoop-ozone/integration-test/target/test-classes/webapps/static,AVAILABLE}
2023-02-28 04:34:04,293 [Listener at 127.0.0.1/40735] INFO  handler.ContextHandler (ContextHandler.java:doStart(921)) - Started o.e.j.w.WebAppContext@2d179310{ozoneManager,/,file:///home/runner/work/ozone/ozone/hadoop-ozone/integration-test/target/test-classes/webapps/ozoneManager/,AVAILABLE}{file:/home/runner/work/ozone/ozone/hadoop-ozone/integration-test/target/test-classes/webapps/ozoneManager}
2023-02-28 04:34:04,301 [Listener at 127.0.0.1/40735] INFO  server.AbstractConnector (AbstractConnector.java:doStart(333)) - Started ServerConnector@498fd768{HTTP/1.1, (http/1.1)}{0.0.0.0:35453}
2023-02-28 04:34:04,302 [Listener at 127.0.0.1/40735] INFO  server.Server (Server.java:doStart(415)) - Started @117478ms
2023-02-28 04:34:04,302 [Listener at 127.0.0.1/40735] WARN  impl.MetricsSystemImpl (MetricsSystemImpl.java:register(279)) - Sink prometheus already exists!
2023-02-28 04:34:04,304 [Listener at 127.0.0.1/40735] INFO  http.BaseHttpServer (BaseHttpServer.java:updateConnectorAddress(333)) - HTTP server of ozoneManager listening at http://0.0.0.0:35453
2023-02-28 04:34:04,304 [IPC Server Responder] INFO  ipc.Server (Server.java:run(1512)) - IPC Server Responder: starting
2023-02-28 04:34:04,305 [IPC Server listener on 40735] INFO  ipc.Server (Server.java:run(1352)) - IPC Server listener on 40735: starting
2023-02-28 04:34:04,306 [Listener at 127.0.0.1/40735] INFO  om.OzoneManager (OzoneManager.java:startTrashEmptier(2038)) - Trash Interval set to 0. Files deleted won't move to trash
2023-02-28 04:34:04,306 [Listener at 127.0.0.1/40735] INFO  ozone.MiniOzoneHAClusterImpl (MiniOzoneHAClusterImpl.java:createOMService(527)) - Started OzoneManager omNode-3 RPC server at localhost/127.0.0.1:40735
2023-02-28 04:34:04,365 [grpc-default-executor-2] WARN  server.GrpcLogAppender (LogUtils.java:warn(122)) - omNode-1@group-523986131536->omNode-3-AppendLogResponseHandler: Failed appendEntries: org.apache.ratis.thirdparty.io.grpc.StatusRuntimeException: UNAVAILABLE: io exception
2023-02-28 04:34:04,365 [grpc-default-executor-5] WARN  server.GrpcLogAppender (LogUtils.java:warn(122)) - omNode-1@group-523986131536->omNode-3-AppendLogResponseHandler: Failed appendEntries: org.apache.ratis.thirdparty.io.grpc.StatusRuntimeException: UNAVAILABLE: io exception
2023-02-28 04:34:04,366 [org.apache.hadoop.util.JvmPauseMonitor$Monitor@6c231af5] INFO  util.JvmPauseMonitor (JvmPauseMonitor.java:run(188)) - Starting JVM pause monitor
2023-02-28 04:34:04,366 [grpc-default-executor-2] WARN  server.GrpcLogAppender (GrpcLogAppender.java:resetClient(131)) - omNode-1@group-523986131536->omNode-3-GrpcLogAppender: Leader has not got in touch with Follower omNode-1@group-523986131536->omNode-3(c-1,m0,n1, attendVote=true, lastRpcSendTime=0, lastRpcResponseTime=1721) yet, just keep nextIndex unchanged and retry.
2023-02-28 04:34:04,371 [grpc-default-executor-5] WARN  server.GrpcLogAppender (GrpcLogAppender.java:resetClient(131)) - omNode-1@group-523986131536->omNode-3-GrpcLogAppender: Leader has not got in touch with Follower omNode-1@group-523986131536->omNode-3(c-1,m0,n1, attendVote=true, lastRpcSendTime=5, lastRpcResponseTime=1726) yet, just keep nextIndex unchanged and retry.
2023-02-28 04:34:04,378 [Listener at 127.0.0.1/40735] WARN  impl.MetricRegistriesImpl (MetricRegistriesImpl.java:addReporterRegistration(111)) - New reporters are added after registries were created. Some metrics will be missing from the reporter. Please add reporter before adding any new registry.
2023-02-28 04:34:04,378 [Listener at 127.0.0.1/40735] WARN  impl.MetricRegistriesImpl (MetricRegistriesImpl.java:addReporterRegistration(111)) - New reporters are added after registries were created. Some metrics will be missing from the reporter. Please add reporter before adding any new registry.
2023-02-28 04:34:04,378 [Listener at 127.0.0.1/40735] INFO  impl.MetricsSystemImpl (MetricsSystemImpl.java:init(158)) - HddsDatanode metrics system started (again)
2023-02-28 04:34:04,382 [EndpointStateMachine task thread for /0.0.0.0:41617 - 0 ] INFO  ipc.Client (Client.java:handleConnectionFailure(1010)) - Retrying connect to server: 0.0.0.0/0.0.0.0:41617. Already tried 13 time(s); retry policy is RetryUpToMaximumCountWithFixedSleep(maxRetries=15, sleepTime=1000 MILLISECONDS)
2023-02-28 04:34:04,405 [Listener at 127.0.0.1/40735] INFO  ozone.HddsDatanodeService (HddsDatanodeService.java:start(228)) - HddsDatanodeService host:fv-az467-141 ip:10.1.0.42
2023-02-28 04:34:04,431 [Listener at 127.0.0.1/40735] INFO  upgrade.AbstractLayoutVersionManager (AbstractLayoutVersionManager.java:init(83)) - Initializing Layout version manager with metadata layout = DATANODE_SCHEMA_V3 (version = 4), software layout = DATANODE_SCHEMA_V3 (version = 4)
2023-02-28 04:34:04,479 [Listener at 127.0.0.1/40735] INFO  reflections.Reflections (Reflections.java:scan(232)) - Reflections took 47 ms to scan 7 urls, producing 151 keys and 363 values 
2023-02-28 04:34:04,480 [Listener at 127.0.0.1/40735] INFO  statemachine.DatanodeStateMachine (DatanodeStateMachine.java:getEndPointTaskThreadPoolSize(260)) - Datanode State Machine Task Thread Pool size 2
2023-02-28 04:34:04,484 [EndpointStateMachine task thread for /0.0.0.0:32873 - 0 ] INFO  ipc.Client (Client.java:handleConnectionFailure(1010)) - Retrying connect to server: 0.0.0.0/0.0.0.0:32873. Already tried 6 time(s); retry policy is RetryUpToMaximumCountWithFixedSleep(maxRetries=15, sleepTime=1000 MILLISECONDS)
2023-02-28 04:34:04,486 [Listener at 127.0.0.1/40735] INFO  volume.HddsVolume (HddsVolume.java:<init>(122)) - Creating HddsVolume: /home/runner/work/ozone/ozone/hadoop-ozone/integration-test/target/test-dir/MiniOzoneClusterImpl-0c3862ae-9f43-41f5-9e7d-509225cf1f3d/datanode-0/data-0/containers/hdds of storage type : DISK capacity : 9223372036854775807
2023-02-28 04:34:04,486 [Listener at 127.0.0.1/40735] INFO  volume.MutableVolumeSet (MutableVolumeSet.java:initializeVolumeSet(174)) - Added Volume : /home/runner/work/ozone/ozone/hadoop-ozone/integration-test/target/test-dir/MiniOzoneClusterImpl-0c3862ae-9f43-41f5-9e7d-509225cf1f3d/datanode-0/data-0/containers/hdds to VolumeSet
2023-02-28 04:34:04,487 [Listener at 127.0.0.1/40735] INFO  volume.ThrottledAsyncChecker (ThrottledAsyncChecker.java:schedule(141)) - Scheduling a check for /home/runner/work/ozone/ozone/hadoop-ozone/integration-test/target/test-dir/MiniOzoneClusterImpl-0c3862ae-9f43-41f5-9e7d-509225cf1f3d/datanode-0/data-0/containers/hdds
2023-02-28 04:34:04,489 [Listener at 127.0.0.1/40735] INFO  volume.StorageVolumeChecker (StorageVolumeChecker.java:checkAllVolumes(202)) - Scheduled health check for volume /home/runner/work/ozone/ozone/hadoop-ozone/integration-test/target/test-dir/MiniOzoneClusterImpl-0c3862ae-9f43-41f5-9e7d-509225cf1f3d/datanode-0/data-0/containers/hdds
2023-02-28 04:34:04,503 [Listener at 127.0.0.1/40735] INFO  volume.MutableVolumeSet (MutableVolumeSet.java:initializeVolumeSet(174)) - Added Volume : /home/runner/work/ozone/ozone/hadoop-ozone/integration-test/target/test-dir/MiniOzoneClusterImpl-0c3862ae-9f43-41f5-9e7d-509225cf1f3d/datanode-0/data/ratis to VolumeSet
2023-02-28 04:34:04,504 [Listener at 127.0.0.1/40735] INFO  volume.ThrottledAsyncChecker (ThrottledAsyncChecker.java:schedule(141)) - Scheduling a check for /home/runner/work/ozone/ozone/hadoop-ozone/integration-test/target/test-dir/MiniOzoneClusterImpl-0c3862ae-9f43-41f5-9e7d-509225cf1f3d/datanode-0/data/ratis
2023-02-28 04:34:04,504 [Listener at 127.0.0.1/40735] INFO  volume.StorageVolumeChecker (StorageVolumeChecker.java:checkAllVolumes(202)) - Scheduled health check for volume /home/runner/work/ozone/ozone/hadoop-ozone/integration-test/target/test-dir/MiniOzoneClusterImpl-0c3862ae-9f43-41f5-9e7d-509225cf1f3d/datanode-0/data/ratis
2023-02-28 04:34:04,516 [Thread-14334] INFO  ozoneimpl.ContainerReader (ContainerReader.java:readVolume(175)) - Finish verifying containers on volume /home/runner/work/ozone/ozone/hadoop-ozone/integration-test/target/test-dir/MiniOzoneClusterImpl-0c3862ae-9f43-41f5-9e7d-509225cf1f3d/datanode-0/data-0/containers/hdds
2023-02-28 04:34:04,516 [Listener at 127.0.0.1/40735] INFO  ozoneimpl.OzoneContainer (OzoneContainer.java:buildContainerSet(304)) - Build ContainerSet costs 0s
2023-02-28 04:34:04,518 [Listener at 127.0.0.1/40735] INFO  server.RaftServer (ConfUtils.java:logGet(46)) - raft.rpc.type = GRPC (default)
2023-02-28 04:34:04,518 [Listener at 127.0.0.1/40735] INFO  grpc.GrpcConfigKeys (ConfUtils.java:logFallback(53)) - raft.grpc.admin.host = null (fallback to raft.grpc.server.host)
2023-02-28 04:34:04,518 [Listener at 127.0.0.1/40735] INFO  grpc.GrpcConfigKeys (ConfUtils.java:logGet(46)) - raft.grpc.admin.port = 0 (custom)
2023-02-28 04:34:04,519 [Listener at 127.0.0.1/40735] INFO  grpc.GrpcConfigKeys (ConfUtils.java:logFallback(53)) - raft.grpc.client.host = null (fallback to raft.grpc.server.host)
2023-02-28 04:34:04,519 [Listener at 127.0.0.1/40735] INFO  grpc.GrpcConfigKeys (ConfUtils.java:logGet(46)) - raft.grpc.client.port = 0 (custom)
2023-02-28 04:34:04,519 [Listener at 127.0.0.1/40735] INFO  grpc.GrpcConfigKeys (ConfUtils.java:logGet(46)) - raft.grpc.server.host = null (default)
2023-02-28 04:34:04,519 [Listener at 127.0.0.1/40735] INFO  grpc.GrpcConfigKeys (ConfUtils.java:logGet(46)) - raft.grpc.server.port = 0 (default)
2023-02-28 04:34:04,519 [Listener at 127.0.0.1/40735] INFO  server.GrpcService (ConfUtils.java:logGet(46)) - raft.grpc.message.size.max = 32MB (=33554432) (custom)
2023-02-28 04:34:04,519 [Listener at 127.0.0.1/40735] INFO  server.RaftServerConfigKeys (ConfUtils.java:logGet(46)) - raft.server.log.appender.buffer.byte-limit = 33554432 (custom)
2023-02-28 04:34:04,519 [Listener at 127.0.0.1/40735] INFO  server.GrpcService (ConfUtils.java:logGet(46)) - raft.grpc.flow.control.window = 5MB (=5242880) (custom)
2023-02-28 04:34:04,519 [Listener at 127.0.0.1/40735] INFO  server.RaftServerConfigKeys (ConfUtils.java:logGet(46)) - raft.server.rpc.request.timeout = 60s (custom)
2023-02-28 04:34:04,519 [Listener at 127.0.0.1/40735] INFO  grpc.GrpcConfigKeys (ConfUtils.java:logGet(46)) - raft.grpc.server.heartbeat.channel = true (default)
2023-02-28 04:34:04,519 [Listener at 127.0.0.1/40735] INFO  grpc.GrpcConfigKeys (ConfUtils.java:logGet(46)) - raft.grpc.server.async.request.thread.pool.cached = true (default)
2023-02-28 04:34:04,519 [Listener at 127.0.0.1/40735] INFO  grpc.GrpcConfigKeys (ConfUtils.java:logGet(46)) - raft.grpc.server.async.request.thread.pool.size = 32 (default)
2023-02-28 04:34:04,520 [Listener at 127.0.0.1/40735] INFO  impl.DataStreamServerImpl (ConfUtils.java:logGet(46)) - raft.datastream.type = NETTY (custom)
2023-02-28 04:34:04,521 [Listener at 127.0.0.1/40735] INFO  server.RaftServerConfigKeys (ConfUtils.java:logGet(46)) - raft.server.data-stream.async.request.thread.pool.cached = false (default)
2023-02-28 04:34:04,521 [Listener at 127.0.0.1/40735] INFO  server.RaftServerConfigKeys (ConfUtils.java:logGet(46)) - raft.server.data-stream.async.request.thread.pool.size = 20 (custom)
2023-02-28 04:34:04,521 [Listener at 127.0.0.1/40735] INFO  server.RaftServerConfigKeys (ConfUtils.java:logGet(46)) - raft.server.data-stream.async.write.thread.pool.size = 16 (default)
2023-02-28 04:34:04,522 [Listener at 127.0.0.1/40735] INFO  server.RaftServerConfigKeys (ConfUtils.java:logGet(46)) - raft.server.data-stream.client.pool.size = 10 (default)
2023-02-28 04:34:04,522 [Listener at 127.0.0.1/40735] INFO  netty.NettyConfigKeys$DataStream (ConfUtils.java:logGet(46)) - raft.netty.dataStream.server.use-epoll = false (default)
2023-02-28 04:34:04,522 [Listener at 127.0.0.1/40735] INFO  netty.NettyConfigKeys$DataStream (ConfUtils.java:logGet(46)) - raft.netty.dataStream.server.boss-group.size = 0 (default)
2023-02-28 04:34:04,524 [Listener at 127.0.0.1/40735] INFO  netty.NettyConfigKeys$DataStream (ConfUtils.java:logGet(46)) - raft.netty.dataStream.server.worker-group.size = 0 (default)
2023-02-28 04:34:04,524 [Listener at 127.0.0.1/40735] INFO  netty.NettyConfigKeys$DataStream (ConfUtils.java:logGet(46)) - raft.netty.dataStream.server.tls.conf = null (default)
2023-02-28 04:34:04,524 [Listener at 127.0.0.1/40735] INFO  netty.NettyConfigKeys$DataStream (ConfUtils.java:logGet(46)) - raft.netty.dataStream.host = null (default)
2023-02-28 04:34:04,524 [Listener at 127.0.0.1/40735] INFO  netty.NettyConfigKeys$DataStream (ConfUtils.java:logGet(46)) - raft.netty.dataStream.port = 0 (default)
2023-02-28 04:34:04,525 [Listener at 127.0.0.1/40735] INFO  server.RaftServerConfigKeys (ConfUtils.java:logGet(46)) - raft.server.threadpool.proxy.cached = true (default)
2023-02-28 04:34:04,525 [Listener at 127.0.0.1/40735] INFO  server.RaftServerConfigKeys (ConfUtils.java:logGet(46)) - raft.server.threadpool.proxy.size = 0 (default)
2023-02-28 04:34:04,525 [Listener at 127.0.0.1/40735] INFO  server.RaftServerConfigKeys (ConfUtils.java:logGet(46)) - raft.server.rpc.slowness.timeout = 300s (custom)
2023-02-28 04:34:04,525 [Listener at 127.0.0.1/40735] INFO  server.RaftServerConfigKeys (ConfUtils.java:logGet(46)) - raft.server.leaderelection.leader.step-down.wait-time = 10s (default)
2023-02-28 04:34:04,525 [Listener at 127.0.0.1/40735] INFO  server.RaftServerConfigKeys (ConfUtils.java:logGet(46)) - raft.server.storage.dir = [/home/runner/work/ozone/ozone/hadoop-ozone/integration-test/target/test-dir/MiniOzoneClusterImpl-0c3862ae-9f43-41f5-9e7d-509225cf1f3d/datanode-0/data/ratis] (custom)
2023-02-28 04:34:04,526 [59b3d1af-192e-46e6-851e-ebaa0e10d9fe-NettyServerStreamRpc-bossGroup--thread1] INFO  logging.LoggingHandler (AbstractInternalLogger.java:log(148)) - [id: 0x87026309] REGISTERED
2023-02-28 04:34:04,527 [59b3d1af-192e-46e6-851e-ebaa0e10d9fe-NettyServerStreamRpc-bossGroup--thread1] INFO  logging.LoggingHandler (AbstractInternalLogger.java:log(148)) - [id: 0x87026309] BIND: 0.0.0.0/0.0.0.0:0
2023-02-28 04:34:04,527 [59b3d1af-192e-46e6-851e-ebaa0e10d9fe-NettyServerStreamRpc-bossGroup--thread1] INFO  logging.LoggingHandler (AbstractInternalLogger.java:log(148)) - [id: 0x87026309, L:/0:0:0:0:0:0:0:0:42427] ACTIVE
2023-02-28 04:34:04,529 [Listener at 127.0.0.1/40735] INFO  server.XceiverServerGrpc (XceiverServerGrpc.java:<init>(132)) - GrpcServer channel type EpollServerSocketChannel
2023-02-28 04:34:04,533 [Listener at 127.0.0.1/40735] INFO  http.BaseHttpServer (BaseHttpServer.java:newHttpServer2BuilderForOzone(213)) - Starting Web-server for hddsDatanode at: http://0.0.0.0:0
2023-02-28 04:34:04,533 [Listener at 127.0.0.1/40735] INFO  http.BaseHttpServer (BaseHttpServer.java:<init>(108)) - Hadoop Security Enabled: false Ozone Security Enabled: false Ozone HTTP Security Enabled: false 
2023-02-28 04:34:04,534 [Listener at 127.0.0.1/40735] WARN  server.AuthenticationFilter (AuthenticationFilter.java:constructSecretProvider(240)) - Unable to initialize FileSignerSecretProvider, falling back to use random secrets. Reason: Could not read signature secret file: /home/runner/hadoop-http-auth-signature-secret
2023-02-28 04:34:04,535 [Listener at 127.0.0.1/40735] WARN  http.HttpRequestLog (HttpRequestLog.java:getRequestLog(103)) - Jetty request log can only be enabled using Log4j
2023-02-28 04:34:04,536 [Listener at 127.0.0.1/40735] INFO  http.HttpServer2 (HttpServer2.java:addGlobalFilter(1031)) - Added global filter 'safety' (class=org.apache.hadoop.hdds.server.http.HttpServer2$QuotingInputFilter)
2023-02-28 04:34:04,537 [Listener at 127.0.0.1/40735] INFO  http.HttpServer2 (HttpServer2.java:addFilter(1007)) - Added filter static_user_filter (class=org.apache.hadoop.http.lib.StaticUserWebFilter$StaticUserFilter) to context hddsDatanode
2023-02-28 04:34:04,537 [Listener at 127.0.0.1/40735] INFO  http.HttpServer2 (HttpServer2.java:addFilter(1015)) - Added filter static_user_filter (class=org.apache.hadoop.http.lib.StaticUserWebFilter$StaticUserFilter) to context logs
2023-02-28 04:34:04,537 [Listener at 127.0.0.1/40735] INFO  http.HttpServer2 (HttpServer2.java:addFilter(1015)) - Added filter static_user_filter (class=org.apache.hadoop.http.lib.StaticUserWebFilter$StaticUserFilter) to context static
2023-02-28 04:34:04,539 [Listener at 127.0.0.1/40735] INFO  http.HttpServer2 (HttpServer2.java:bindListener(1250)) - Jetty bound to port 46739
2023-02-28 04:34:04,539 [Listener at 127.0.0.1/40735] INFO  server.Server (Server.java:doStart(375)) - jetty-9.4.49.v20220914; built: 2022-09-14T01:07:36.601Z; git: 4231a3b2e4cb8548a412a789936d640a97b1aa0a; jvm 1.8.0_362-b09
2023-02-28 04:34:04,540 [Listener at 127.0.0.1/40735] INFO  server.session (DefaultSessionIdManager.java:doStart(334)) - DefaultSessionIdManager workerName=node0
2023-02-28 04:34:04,540 [Listener at 127.0.0.1/40735] INFO  server.session (DefaultSessionIdManager.java:doStart(339)) - No SessionScavenger set, using defaults
2023-02-28 04:34:04,540 [Listener at 127.0.0.1/40735] INFO  server.session (HouseKeeper.java:startScavenging(132)) - node0 Scavenging every 660000ms
2023-02-28 04:34:04,541 [Listener at 127.0.0.1/40735] INFO  handler.ContextHandler (ContextHandler.java:doStart(921)) - Started o.e.j.s.ServletContextHandler@397c986f{logs,/logs,file:///home/runner/work/ozone/ozone/hadoop-ozone/integration-test/target/log,AVAILABLE}
2023-02-28 04:34:04,541 [Listener at 127.0.0.1/40735] INFO  handler.ContextHandler (ContextHandler.java:doStart(921)) - Started o.e.j.s.ServletContextHandler@48217cec{static,/static,jar:file:/home/runner/.m2/repository/org/apache/ozone/hdds-container-service/1.4.0-SNAPSHOT/hdds-container-service-1.4.0-SNAPSHOT.jar!/webapps/static,AVAILABLE}
2023-02-28 04:34:04,619 [omNode-3-server-thread1] INFO  server.RaftServer$Division (ServerState.java:setLeader(313)) - omNode-3@group-523986131536: change Leader from null to omNode-1 at term 1 for appendEntries, leader elected after 866ms
2023-02-28 04:34:04,619 [omNode-3-server-thread1] INFO  server.RaftServer$Division (RaftServerImpl.java:checkInconsistentAppendEntries(1508)) - omNode-3@group-523986131536: Failed appendEntries as previous log entry ((t:1, i:0)) is not found
2023-02-28 04:34:04,619 [omNode-3-server-thread1] INFO  server.RaftServer$Division (RaftServerImpl.java:checkInconsistentAppendEntries(1478)) - omNode-3@group-523986131536: inconsistency entries. Reply:omNode-1<-omNode-3#731330:FAIL-t0,INCONSISTENCY,nextIndex=0,followerCommit=-1,matchIndex=-1
2023-02-28 04:34:04,619 [grpc-default-executor-5] INFO  leader.FollowerInfo (FollowerInfoImpl.java:lambda$new$0(48)) - omNode-1@group-523986131536->omNode-3: nextIndex: updateUnconditionally 1 -> 0
2023-02-28 04:34:04,622 [omNode-3-server-thread2] INFO  server.RaftServer$Division (ServerState.java:setRaftConf(430)) - omNode-3@group-523986131536: set configuration 0: peers:[omNode-3|rpc:localhost:44751|admin:|client:|dataStream:|priority:0|startupRole:FOLLOWER, omNode-1|rpc:localhost:45275|admin:|client:|dataStream:|priority:0|startupRole:FOLLOWER, omNode-2|rpc:localhost:36617|admin:|client:|dataStream:|priority:0|startupRole:FOLLOWER]|listeners:[], old=null
2023-02-28 04:34:04,622 [omNode-3-server-thread2] INFO  segmented.SegmentedRaftLogWorker (SegmentedRaftLogWorker.java:startLogSegment(452)) - omNode-3@group-523986131536-SegmentedRaftLogWorker: Starting segment from index:0
2023-02-28 04:34:04,631 [omNode-3@group-523986131536-SegmentedRaftLogWorker] INFO  segmented.SegmentedRaftLogWorker (SegmentedRaftLogWorker.java:execute(656)) - omNode-3@group-523986131536-SegmentedRaftLogWorker: created new log segment /home/runner/work/ozone/ozone/hadoop-ozone/integration-test/target/test-dir/MiniOzoneClusterImpl-0c3862ae-9f43-41f5-9e7d-509225cf1f3d/omNode-3/ratis/c9bc4cf4-3bc3-3c60-a66b-523986131536/current/log_inprogress_0
2023-02-28 04:34:04,634 [omNode-3@group-523986131536-StateMachineUpdater] INFO  ratis.OzoneManagerStateMachine (OzoneManagerStateMachine.java:notifyConfigurationChanged(192)) - Received Configuration change notification from Ratis. New Peer list:
[id: "omNode-3"
address: "localhost:44751"
startupRole: FOLLOWER
, id: "omNode-1"
address: "localhost:45275"
startupRole: FOLLOWER
, id: "omNode-2"
address: "localhost:36617"
startupRole: FOLLOWER
]
2023-02-28 04:34:04,758 [Listener at 127.0.0.1/40735] INFO  handler.ContextHandler (ContextHandler.java:doStart(921)) - Started o.e.j.w.WebAppContext@755a5813{hddsDatanode,/,file:///tmp/jetty-0_0_0_0-46739-hdds-container-service-1_4_0-SNAPSHOT_jar-_-any-5800248037112446145/webapp/,AVAILABLE}{jar:file:/home/runner/.m2/repository/org/apache/ozone/hdds-container-service/1.4.0-SNAPSHOT/hdds-container-service-1.4.0-SNAPSHOT.jar!/webapps/hddsDatanode}
2023-02-28 04:34:04,760 [Listener at 127.0.0.1/40735] INFO  server.AbstractConnector (AbstractConnector.java:doStart(333)) - Started ServerConnector@33407600{HTTP/1.1, (http/1.1)}{0.0.0.0:46739}
2023-02-28 04:34:04,760 [Listener at 127.0.0.1/40735] INFO  server.Server (Server.java:doStart(415)) - Started @117936ms
2023-02-28 04:34:04,760 [Listener at 127.0.0.1/40735] WARN  impl.MetricsSystemImpl (MetricsSystemImpl.java:register(279)) - Sink prometheus already exists!
2023-02-28 04:34:04,760 [Listener at 127.0.0.1/40735] INFO  http.BaseHttpServer (BaseHttpServer.java:updateConnectorAddress(333)) - HTTP server of hddsDatanode listening at http://0.0.0.0:46739
2023-02-28 04:34:04,761 [Datanode State Machine Daemon Thread] INFO  statemachine.DatanodeStateMachine (DatanodeStateMachine.java:lambda$startDaemon$0(516)) - Ozone container server started.
2023-02-28 04:34:04,761 [Listener at 127.0.0.1/40735] WARN  impl.MetricRegistriesImpl (MetricRegistriesImpl.java:addReporterRegistration(111)) - New reporters are added after registries were created. Some metrics will be missing from the reporter. Please add reporter before adding any new registry.
2023-02-28 04:34:04,762 [Listener at 127.0.0.1/40735] WARN  impl.MetricRegistriesImpl (MetricRegistriesImpl.java:addReporterRegistration(111)) - New reporters are added after registries were created. Some metrics will be missing from the reporter. Please add reporter before adding any new registry.
2023-02-28 04:34:04,762 [Listener at 127.0.0.1/40735] INFO  impl.MetricsSystemImpl (MetricsSystemImpl.java:init(158)) - HddsDatanode metrics system started (again)
2023-02-28 04:34:04,771 [org.apache.hadoop.util.JvmPauseMonitor$Monitor@6c2adebd] INFO  util.JvmPauseMonitor (JvmPauseMonitor.java:run(188)) - Starting JVM pause monitor
2023-02-28 04:34:04,772 [Listener at 127.0.0.1/40735] INFO  ozone.HddsDatanodeService (HddsDatanodeService.java:start(228)) - HddsDatanodeService host:fv-az467-141 ip:10.1.0.42
2023-02-28 04:34:04,777 [Datanode State Machine Task Thread - 0] INFO  datanode.InitDatanodeState (InitDatanodeState.java:persistContainerDatanodeDetails(138)) - DatanodeDetails is persisted to /home/runner/work/ozone/ozone/hadoop-ozone/integration-test/target/test-dir/MiniOzoneClusterImpl-0c3862ae-9f43-41f5-9e7d-509225cf1f3d/datanode-0/meta/datanode.id
2023-02-28 04:34:04,790 [Listener at 127.0.0.1/40735] INFO  upgrade.AbstractLayoutVersionManager (AbstractLayoutVersionManager.java:init(83)) - Initializing Layout version manager with metadata layout = DATANODE_SCHEMA_V3 (version = 4), software layout = DATANODE_SCHEMA_V3 (version = 4)
2023-02-28 04:34:04,838 [Listener at 127.0.0.1/40735] INFO  reflections.Reflections (Reflections.java:scan(232)) - Reflections took 47 ms to scan 7 urls, producing 151 keys and 363 values 
2023-02-28 04:34:04,839 [Listener at 127.0.0.1/40735] INFO  statemachine.DatanodeStateMachine (DatanodeStateMachine.java:getEndPointTaskThreadPoolSize(260)) - Datanode State Machine Task Thread Pool size 2
2023-02-28 04:34:04,840 [Listener at 127.0.0.1/40735] INFO  volume.HddsVolume (HddsVolume.java:<init>(122)) - Creating HddsVolume: /home/runner/work/ozone/ozone/hadoop-ozone/integration-test/target/test-dir/MiniOzoneClusterImpl-0c3862ae-9f43-41f5-9e7d-509225cf1f3d/datanode-1/data-0/containers/hdds of storage type : DISK capacity : 9223372036854775807
2023-02-28 04:34:04,841 [Listener at 127.0.0.1/40735] INFO  volume.MutableVolumeSet (MutableVolumeSet.java:initializeVolumeSet(174)) - Added Volume : /home/runner/work/ozone/ozone/hadoop-ozone/integration-test/target/test-dir/MiniOzoneClusterImpl-0c3862ae-9f43-41f5-9e7d-509225cf1f3d/datanode-1/data-0/containers/hdds to VolumeSet
2023-02-28 04:34:04,841 [Listener at 127.0.0.1/40735] INFO  volume.ThrottledAsyncChecker (ThrottledAsyncChecker.java:schedule(141)) - Scheduling a check for /home/runner/work/ozone/ozone/hadoop-ozone/integration-test/target/test-dir/MiniOzoneClusterImpl-0c3862ae-9f43-41f5-9e7d-509225cf1f3d/datanode-1/data-0/containers/hdds
2023-02-28 04:34:04,841 [Listener at 127.0.0.1/40735] INFO  volume.StorageVolumeChecker (StorageVolumeChecker.java:checkAllVolumes(202)) - Scheduled health check for volume /home/runner/work/ozone/ozone/hadoop-ozone/integration-test/target/test-dir/MiniOzoneClusterImpl-0c3862ae-9f43-41f5-9e7d-509225cf1f3d/datanode-1/data-0/containers/hdds
2023-02-28 04:34:04,852 [Listener at 127.0.0.1/40735] INFO  volume.MutableVolumeSet (MutableVolumeSet.java:initializeVolumeSet(174)) - Added Volume : /home/runner/work/ozone/ozone/hadoop-ozone/integration-test/target/test-dir/MiniOzoneClusterImpl-0c3862ae-9f43-41f5-9e7d-509225cf1f3d/datanode-1/data/ratis to VolumeSet
2023-02-28 04:34:04,853 [Listener at 127.0.0.1/40735] INFO  volume.ThrottledAsyncChecker (ThrottledAsyncChecker.java:schedule(141)) - Scheduling a check for /home/runner/work/ozone/ozone/hadoop-ozone/integration-test/target/test-dir/MiniOzoneClusterImpl-0c3862ae-9f43-41f5-9e7d-509225cf1f3d/datanode-1/data/ratis
2023-02-28 04:34:04,853 [Listener at 127.0.0.1/40735] INFO  volume.StorageVolumeChecker (StorageVolumeChecker.java:checkAllVolumes(202)) - Scheduled health check for volume /home/runner/work/ozone/ozone/hadoop-ozone/integration-test/target/test-dir/MiniOzoneClusterImpl-0c3862ae-9f43-41f5-9e7d-509225cf1f3d/datanode-1/data/ratis
2023-02-28 04:34:04,864 [Thread-14350] INFO  ozoneimpl.ContainerReader (ContainerReader.java:readVolume(175)) - Finish verifying containers on volume /home/runner/work/ozone/ozone/hadoop-ozone/integration-test/target/test-dir/MiniOzoneClusterImpl-0c3862ae-9f43-41f5-9e7d-509225cf1f3d/datanode-1/data-0/containers/hdds
2023-02-28 04:34:04,864 [Listener at 127.0.0.1/40735] INFO  ozoneimpl.OzoneContainer (OzoneContainer.java:buildContainerSet(304)) - Build ContainerSet costs 0s
2023-02-28 04:34:04,866 [Listener at 127.0.0.1/40735] INFO  server.RaftServer (ConfUtils.java:logGet(46)) - raft.rpc.type = GRPC (default)
2023-02-28 04:34:04,866 [Listener at 127.0.0.1/40735] INFO  grpc.GrpcConfigKeys (ConfUtils.java:logFallback(53)) - raft.grpc.admin.host = null (fallback to raft.grpc.server.host)
2023-02-28 04:34:04,866 [Listener at 127.0.0.1/40735] INFO  grpc.GrpcConfigKeys (ConfUtils.java:logGet(46)) - raft.grpc.admin.port = 0 (custom)
2023-02-28 04:34:04,866 [Listener at 127.0.0.1/40735] INFO  grpc.GrpcConfigKeys (ConfUtils.java:logFallback(53)) - raft.grpc.client.host = null (fallback to raft.grpc.server.host)
2023-02-28 04:34:04,866 [Listener at 127.0.0.1/40735] INFO  grpc.GrpcConfigKeys (ConfUtils.java:logGet(46)) - raft.grpc.client.port = 0 (custom)
2023-02-28 04:34:04,866 [Listener at 127.0.0.1/40735] INFO  grpc.GrpcConfigKeys (ConfUtils.java:logGet(46)) - raft.grpc.server.host = null (default)
2023-02-28 04:34:04,866 [Listener at 127.0.0.1/40735] INFO  grpc.GrpcConfigKeys (ConfUtils.java:logGet(46)) - raft.grpc.server.port = 0 (default)
2023-02-28 04:34:04,866 [Listener at 127.0.0.1/40735] INFO  server.GrpcService (ConfUtils.java:logGet(46)) - raft.grpc.message.size.max = 32MB (=33554432) (custom)
2023-02-28 04:34:04,867 [Listener at 127.0.0.1/40735] INFO  server.RaftServerConfigKeys (ConfUtils.java:logGet(46)) - raft.server.log.appender.buffer.byte-limit = 33554432 (custom)
2023-02-28 04:34:04,867 [Listener at 127.0.0.1/40735] INFO  server.GrpcService (ConfUtils.java:logGet(46)) - raft.grpc.flow.control.window = 5MB (=5242880) (custom)
2023-02-28 04:34:04,867 [Listener at 127.0.0.1/40735] INFO  server.RaftServerConfigKeys (ConfUtils.java:logGet(46)) - raft.server.rpc.request.timeout = 60s (custom)
2023-02-28 04:34:04,867 [Listener at 127.0.0.1/40735] INFO  grpc.GrpcConfigKeys (ConfUtils.java:logGet(46)) - raft.grpc.server.heartbeat.channel = true (default)
2023-02-28 04:34:04,867 [Listener at 127.0.0.1/40735] INFO  grpc.GrpcConfigKeys (ConfUtils.java:logGet(46)) - raft.grpc.server.async.request.thread.pool.cached = true (default)
2023-02-28 04:34:04,867 [Listener at 127.0.0.1/40735] INFO  grpc.GrpcConfigKeys (ConfUtils.java:logGet(46)) - raft.grpc.server.async.request.thread.pool.size = 32 (default)
2023-02-28 04:34:04,868 [Listener at 127.0.0.1/40735] INFO  impl.DataStreamServerImpl (ConfUtils.java:logGet(46)) - raft.datastream.type = NETTY (custom)
2023-02-28 04:34:04,868 [Listener at 127.0.0.1/40735] INFO  server.RaftServerConfigKeys (ConfUtils.java:logGet(46)) - raft.server.data-stream.async.request.thread.pool.cached = false (default)
2023-02-28 04:34:04,868 [Listener at 127.0.0.1/40735] INFO  server.RaftServerConfigKeys (ConfUtils.java:logGet(46)) - raft.server.data-stream.async.request.thread.pool.size = 20 (custom)
2023-02-28 04:34:04,868 [Listener at 127.0.0.1/40735] INFO  server.RaftServerConfigKeys (ConfUtils.java:logGet(46)) - raft.server.data-stream.async.write.thread.pool.size = 16 (default)
2023-02-28 04:34:04,868 [Listener at 127.0.0.1/40735] INFO  server.RaftServerConfigKeys (ConfUtils.java:logGet(46)) - raft.server.data-stream.client.pool.size = 10 (default)
2023-02-28 04:34:04,868 [Listener at 127.0.0.1/40735] INFO  netty.NettyConfigKeys$DataStream (ConfUtils.java:logGet(46)) - raft.netty.dataStream.server.use-epoll = false (default)
2023-02-28 04:34:04,869 [Listener at 127.0.0.1/40735] INFO  netty.NettyConfigKeys$DataStream (ConfUtils.java:logGet(46)) - raft.netty.dataStream.server.boss-group.size = 0 (default)
2023-02-28 04:34:04,869 [Listener at 127.0.0.1/40735] INFO  netty.NettyConfigKeys$DataStream (ConfUtils.java:logGet(46)) - raft.netty.dataStream.server.worker-group.size = 0 (default)
2023-02-28 04:34:04,869 [Listener at 127.0.0.1/40735] INFO  netty.NettyConfigKeys$DataStream (ConfUtils.java:logGet(46)) - raft.netty.dataStream.server.tls.conf = null (default)
2023-02-28 04:34:04,869 [Listener at 127.0.0.1/40735] INFO  netty.NettyConfigKeys$DataStream (ConfUtils.java:logGet(46)) - raft.netty.dataStream.host = null (default)
2023-02-28 04:34:04,869 [Listener at 127.0.0.1/40735] INFO  netty.NettyConfigKeys$DataStream (ConfUtils.java:logGet(46)) - raft.netty.dataStream.port = 0 (default)
2023-02-28 04:34:04,870 [Listener at 127.0.0.1/40735] INFO  server.RaftServerConfigKeys (ConfUtils.java:logGet(46)) - raft.server.threadpool.proxy.cached = true (default)
2023-02-28 04:34:04,870 [Listener at 127.0.0.1/40735] INFO  server.RaftServerConfigKeys (ConfUtils.java:logGet(46)) - raft.server.threadpool.proxy.size = 0 (default)
2023-02-28 04:34:04,870 [Listener at 127.0.0.1/40735] INFO  server.RaftServerConfigKeys (ConfUtils.java:logGet(46)) - raft.server.rpc.slowness.timeout = 300s (custom)
2023-02-28 04:34:04,870 [Listener at 127.0.0.1/40735] INFO  server.RaftServerConfigKeys (ConfUtils.java:logGet(46)) - raft.server.leaderelection.leader.step-down.wait-time = 10s (default)
2023-02-28 04:34:04,870 [31a92c54-262b-4b95-8408-9add7bc0e96e-NettyServerStreamRpc-bossGroup--thread1] INFO  logging.LoggingHandler (AbstractInternalLogger.java:log(148)) - [id: 0x026aac30] REGISTERED
2023-02-28 04:34:04,870 [Listener at 127.0.0.1/40735] INFO  server.RaftServerConfigKeys (ConfUtils.java:logGet(46)) - raft.server.storage.dir = [/home/runner/work/ozone/ozone/hadoop-ozone/integration-test/target/test-dir/MiniOzoneClusterImpl-0c3862ae-9f43-41f5-9e7d-509225cf1f3d/datanode-1/data/ratis] (custom)
2023-02-28 04:34:04,870 [31a92c54-262b-4b95-8408-9add7bc0e96e-NettyServerStreamRpc-bossGroup--thread1] INFO  logging.LoggingHandler (AbstractInternalLogger.java:log(148)) - [id: 0x026aac30] BIND: 0.0.0.0/0.0.0.0:0
2023-02-28 04:34:04,871 [31a92c54-262b-4b95-8408-9add7bc0e96e-NettyServerStreamRpc-bossGroup--thread1] INFO  logging.LoggingHandler (AbstractInternalLogger.java:log(148)) - [id: 0x026aac30, L:/0:0:0:0:0:0:0:0:34135] ACTIVE
2023-02-28 04:34:04,871 [Listener at 127.0.0.1/40735] INFO  server.XceiverServerGrpc (XceiverServerGrpc.java:<init>(132)) - GrpcServer channel type EpollServerSocketChannel
2023-02-28 04:34:04,875 [Listener at 127.0.0.1/40735] INFO  http.BaseHttpServer (BaseHttpServer.java:newHttpServer2BuilderForOzone(213)) - Starting Web-server for hddsDatanode at: http://0.0.0.0:0
2023-02-28 04:34:04,875 [Listener at 127.0.0.1/40735] INFO  http.BaseHttpServer (BaseHttpServer.java:<init>(108)) - Hadoop Security Enabled: false Ozone Security Enabled: false Ozone HTTP Security Enabled: false 
2023-02-28 04:34:04,876 [Listener at 127.0.0.1/40735] WARN  server.AuthenticationFilter (AuthenticationFilter.java:constructSecretProvider(240)) - Unable to initialize FileSignerSecretProvider, falling back to use random secrets. Reason: Could not read signature secret file: /home/runner/hadoop-http-auth-signature-secret
2023-02-28 04:34:04,876 [Listener at 127.0.0.1/40735] WARN  http.HttpRequestLog (HttpRequestLog.java:getRequestLog(103)) - Jetty request log can only be enabled using Log4j
2023-02-28 04:34:04,877 [Listener at 127.0.0.1/40735] INFO  http.HttpServer2 (HttpServer2.java:addGlobalFilter(1031)) - Added global filter 'safety' (class=org.apache.hadoop.hdds.server.http.HttpServer2$QuotingInputFilter)
2023-02-28 04:34:04,877 [Listener at 127.0.0.1/40735] INFO  http.HttpServer2 (HttpServer2.java:addFilter(1007)) - Added filter static_user_filter (class=org.apache.hadoop.http.lib.StaticUserWebFilter$StaticUserFilter) to context hddsDatanode
2023-02-28 04:34:04,877 [Listener at 127.0.0.1/40735] INFO  http.HttpServer2 (HttpServer2.java:addFilter(1015)) - Added filter static_user_filter (class=org.apache.hadoop.http.lib.StaticUserWebFilter$StaticUserFilter) to context logs
2023-02-28 04:34:04,878 [Listener at 127.0.0.1/40735] INFO  http.HttpServer2 (HttpServer2.java:addFilter(1015)) - Added filter static_user_filter (class=org.apache.hadoop.http.lib.StaticUserWebFilter$StaticUserFilter) to context static
2023-02-28 04:34:04,878 [Listener at 127.0.0.1/40735] INFO  http.HttpServer2 (HttpServer2.java:bindListener(1250)) - Jetty bound to port 42701
2023-02-28 04:34:04,878 [Listener at 127.0.0.1/40735] INFO  server.Server (Server.java:doStart(375)) - jetty-9.4.49.v20220914; built: 2022-09-14T01:07:36.601Z; git: 4231a3b2e4cb8548a412a789936d640a97b1aa0a; jvm 1.8.0_362-b09
2023-02-28 04:34:04,879 [Listener at 127.0.0.1/40735] INFO  server.session (DefaultSessionIdManager.java:doStart(334)) - DefaultSessionIdManager workerName=node0
2023-02-28 04:34:04,879 [Listener at 127.0.0.1/40735] INFO  server.session (DefaultSessionIdManager.java:doStart(339)) - No SessionScavenger set, using defaults
2023-02-28 04:34:04,879 [Listener at 127.0.0.1/40735] INFO  server.session (HouseKeeper.java:startScavenging(132)) - node0 Scavenging every 600000ms
2023-02-28 04:34:04,880 [Listener at 127.0.0.1/40735] INFO  handler.ContextHandler (ContextHandler.java:doStart(921)) - Started o.e.j.s.ServletContextHandler@43f1d733{logs,/logs,file:///home/runner/work/ozone/ozone/hadoop-ozone/integration-test/target/log,AVAILABLE}
2023-02-28 04:34:04,880 [Listener at 127.0.0.1/40735] INFO  handler.ContextHandler (ContextHandler.java:doStart(921)) - Started o.e.j.s.ServletContextHandler@5afee63d{static,/static,jar:file:/home/runner/.m2/repository/org/apache/ozone/hdds-container-service/1.4.0-SNAPSHOT/hdds-container-service-1.4.0-SNAPSHOT.jar!/webapps/static,AVAILABLE}
2023-02-28 04:34:05,079 [Listener at 127.0.0.1/40735] INFO  handler.ContextHandler (ContextHandler.java:doStart(921)) - Started o.e.j.w.WebAppContext@53b7fc67{hddsDatanode,/,file:///tmp/jetty-0_0_0_0-42701-hdds-container-service-1_4_0-SNAPSHOT_jar-_-any-3185188618948670847/webapp/,AVAILABLE}{jar:file:/home/runner/.m2/repository/org/apache/ozone/hdds-container-service/1.4.0-SNAPSHOT/hdds-container-service-1.4.0-SNAPSHOT.jar!/webapps/hddsDatanode}
2023-02-28 04:34:05,080 [Listener at 127.0.0.1/40735] INFO  server.AbstractConnector (AbstractConnector.java:doStart(333)) - Started ServerConnector@3b5b8a4d{HTTP/1.1, (http/1.1)}{0.0.0.0:42701}
2023-02-28 04:34:05,080 [Listener at 127.0.0.1/40735] INFO  server.Server (Server.java:doStart(415)) - Started @118257ms
2023-02-28 04:34:05,080 [Listener at 127.0.0.1/40735] WARN  impl.MetricsSystemImpl (MetricsSystemImpl.java:register(279)) - Sink prometheus already exists!
2023-02-28 04:34:05,081 [Listener at 127.0.0.1/40735] INFO  http.BaseHttpServer (BaseHttpServer.java:updateConnectorAddress(333)) - HTTP server of hddsDatanode listening at http://0.0.0.0:42701
2023-02-28 04:34:05,083 [Datanode State Machine Daemon Thread] INFO  statemachine.DatanodeStateMachine (DatanodeStateMachine.java:lambda$startDaemon$0(516)) - Ozone container server started.
2023-02-28 04:34:05,083 [Listener at 127.0.0.1/40735] WARN  impl.MetricRegistriesImpl (MetricRegistriesImpl.java:addReporterRegistration(111)) - New reporters are added after registries were created. Some metrics will be missing from the reporter. Please add reporter before adding any new registry.
2023-02-28 04:34:05,084 [Listener at 127.0.0.1/40735] WARN  impl.MetricRegistriesImpl (MetricRegistriesImpl.java:addReporterRegistration(111)) - New reporters are added after registries were created. Some metrics will be missing from the reporter. Please add reporter before adding any new registry.
2023-02-28 04:34:05,084 [Listener at 127.0.0.1/40735] INFO  impl.MetricsSystemImpl (MetricsSystemImpl.java:init(158)) - HddsDatanode metrics system started (again)
2023-02-28 04:34:05,094 [org.apache.hadoop.util.JvmPauseMonitor$Monitor@20766d4e] INFO  util.JvmPauseMonitor (JvmPauseMonitor.java:run(188)) - Starting JVM pause monitor
2023-02-28 04:34:05,095 [Datanode State Machine Task Thread - 0] INFO  datanode.InitDatanodeState (InitDatanodeState.java:persistContainerDatanodeDetails(138)) - DatanodeDetails is persisted to /home/runner/work/ozone/ozone/hadoop-ozone/integration-test/target/test-dir/MiniOzoneClusterImpl-0c3862ae-9f43-41f5-9e7d-509225cf1f3d/datanode-1/meta/datanode.id
2023-02-28 04:34:05,096 [Listener at 127.0.0.1/40735] INFO  ozone.HddsDatanodeService (HddsDatanodeService.java:start(228)) - HddsDatanodeService host:fv-az467-141 ip:10.1.0.42
2023-02-28 04:34:05,113 [Listener at 127.0.0.1/40735] INFO  upgrade.AbstractLayoutVersionManager (AbstractLayoutVersionManager.java:init(83)) - Initializing Layout version manager with metadata layout = DATANODE_SCHEMA_V3 (version = 4), software layout = DATANODE_SCHEMA_V3 (version = 4)
2023-02-28 04:34:05,161 [Listener at 127.0.0.1/40735] INFO  reflections.Reflections (Reflections.java:scan(232)) - Reflections took 44 ms to scan 7 urls, producing 151 keys and 363 values 
2023-02-28 04:34:05,164 [Listener at 127.0.0.1/40735] INFO  statemachine.DatanodeStateMachine (DatanodeStateMachine.java:getEndPointTaskThreadPoolSize(260)) - Datanode State Machine Task Thread Pool size 2
2023-02-28 04:34:05,170 [Listener at 127.0.0.1/40735] INFO  volume.HddsVolume (HddsVolume.java:<init>(122)) - Creating HddsVolume: /home/runner/work/ozone/ozone/hadoop-ozone/integration-test/target/test-dir/MiniOzoneClusterImpl-0c3862ae-9f43-41f5-9e7d-509225cf1f3d/datanode-2/data-0/containers/hdds of storage type : DISK capacity : 9223372036854775807
2023-02-28 04:34:05,170 [Listener at 127.0.0.1/40735] INFO  volume.MutableVolumeSet (MutableVolumeSet.java:initializeVolumeSet(174)) - Added Volume : /home/runner/work/ozone/ozone/hadoop-ozone/integration-test/target/test-dir/MiniOzoneClusterImpl-0c3862ae-9f43-41f5-9e7d-509225cf1f3d/datanode-2/data-0/containers/hdds to VolumeSet
2023-02-28 04:34:05,170 [Listener at 127.0.0.1/40735] INFO  volume.ThrottledAsyncChecker (ThrottledAsyncChecker.java:schedule(141)) - Scheduling a check for /home/runner/work/ozone/ozone/hadoop-ozone/integration-test/target/test-dir/MiniOzoneClusterImpl-0c3862ae-9f43-41f5-9e7d-509225cf1f3d/datanode-2/data-0/containers/hdds
2023-02-28 04:34:05,174 [Listener at 127.0.0.1/40735] INFO  volume.StorageVolumeChecker (StorageVolumeChecker.java:checkAllVolumes(202)) - Scheduled health check for volume /home/runner/work/ozone/ozone/hadoop-ozone/integration-test/target/test-dir/MiniOzoneClusterImpl-0c3862ae-9f43-41f5-9e7d-509225cf1f3d/datanode-2/data-0/containers/hdds
2023-02-28 04:34:05,184 [Listener at 127.0.0.1/40735] INFO  volume.MutableVolumeSet (MutableVolumeSet.java:initializeVolumeSet(174)) - Added Volume : /home/runner/work/ozone/ozone/hadoop-ozone/integration-test/target/test-dir/MiniOzoneClusterImpl-0c3862ae-9f43-41f5-9e7d-509225cf1f3d/datanode-2/data/ratis to VolumeSet
2023-02-28 04:34:05,184 [Listener at 127.0.0.1/40735] INFO  volume.ThrottledAsyncChecker (ThrottledAsyncChecker.java:schedule(141)) - Scheduling a check for /home/runner/work/ozone/ozone/hadoop-ozone/integration-test/target/test-dir/MiniOzoneClusterImpl-0c3862ae-9f43-41f5-9e7d-509225cf1f3d/datanode-2/data/ratis
2023-02-28 04:34:05,184 [Listener at 127.0.0.1/40735] INFO  volume.StorageVolumeChecker (StorageVolumeChecker.java:checkAllVolumes(202)) - Scheduled health check for volume /home/runner/work/ozone/ozone/hadoop-ozone/integration-test/target/test-dir/MiniOzoneClusterImpl-0c3862ae-9f43-41f5-9e7d-509225cf1f3d/datanode-2/data/ratis
2023-02-28 04:34:05,196 [Thread-14364] INFO  ozoneimpl.ContainerReader (ContainerReader.java:readVolume(175)) - Finish verifying containers on volume /home/runner/work/ozone/ozone/hadoop-ozone/integration-test/target/test-dir/MiniOzoneClusterImpl-0c3862ae-9f43-41f5-9e7d-509225cf1f3d/datanode-2/data-0/containers/hdds
2023-02-28 04:34:05,196 [Listener at 127.0.0.1/40735] INFO  ozoneimpl.OzoneContainer (OzoneContainer.java:buildContainerSet(304)) - Build ContainerSet costs 0s
2023-02-28 04:34:05,198 [Listener at 127.0.0.1/40735] INFO  server.RaftServer (ConfUtils.java:logGet(46)) - raft.rpc.type = GRPC (default)
2023-02-28 04:34:05,198 [Listener at 127.0.0.1/40735] INFO  grpc.GrpcConfigKeys (ConfUtils.java:logFallback(53)) - raft.grpc.admin.host = null (fallback to raft.grpc.server.host)
2023-02-28 04:34:05,199 [Listener at 127.0.0.1/40735] INFO  grpc.GrpcConfigKeys (ConfUtils.java:logGet(46)) - raft.grpc.admin.port = 0 (custom)
2023-02-28 04:34:05,199 [Listener at 127.0.0.1/40735] INFO  grpc.GrpcConfigKeys (ConfUtils.java:logFallback(53)) - raft.grpc.client.host = null (fallback to raft.grpc.server.host)
2023-02-28 04:34:05,199 [Listener at 127.0.0.1/40735] INFO  grpc.GrpcConfigKeys (ConfUtils.java:logGet(46)) - raft.grpc.client.port = 0 (custom)
2023-02-28 04:34:05,199 [Listener at 127.0.0.1/40735] INFO  grpc.GrpcConfigKeys (ConfUtils.java:logGet(46)) - raft.grpc.server.host = null (default)
2023-02-28 04:34:05,199 [Listener at 127.0.0.1/40735] INFO  grpc.GrpcConfigKeys (ConfUtils.java:logGet(46)) - raft.grpc.server.port = 0 (default)
2023-02-28 04:34:05,199 [Listener at 127.0.0.1/40735] INFO  server.GrpcService (ConfUtils.java:logGet(46)) - raft.grpc.message.size.max = 32MB (=33554432) (custom)
2023-02-28 04:34:05,199 [Listener at 127.0.0.1/40735] INFO  server.RaftServerConfigKeys (ConfUtils.java:logGet(46)) - raft.server.log.appender.buffer.byte-limit = 33554432 (custom)
2023-02-28 04:34:05,199 [Listener at 127.0.0.1/40735] INFO  server.GrpcService (ConfUtils.java:logGet(46)) - raft.grpc.flow.control.window = 5MB (=5242880) (custom)
2023-02-28 04:34:05,199 [Listener at 127.0.0.1/40735] INFO  server.RaftServerConfigKeys (ConfUtils.java:logGet(46)) - raft.server.rpc.request.timeout = 60s (custom)
2023-02-28 04:34:05,199 [Listener at 127.0.0.1/40735] INFO  grpc.GrpcConfigKeys (ConfUtils.java:logGet(46)) - raft.grpc.server.heartbeat.channel = true (default)
2023-02-28 04:34:05,200 [Listener at 127.0.0.1/40735] INFO  grpc.GrpcConfigKeys (ConfUtils.java:logGet(46)) - raft.grpc.server.async.request.thread.pool.cached = true (default)
2023-02-28 04:34:05,200 [Listener at 127.0.0.1/40735] INFO  grpc.GrpcConfigKeys (ConfUtils.java:logGet(46)) - raft.grpc.server.async.request.thread.pool.size = 32 (default)
2023-02-28 04:34:05,201 [Listener at 127.0.0.1/40735] INFO  impl.DataStreamServerImpl (ConfUtils.java:logGet(46)) - raft.datastream.type = NETTY (custom)
2023-02-28 04:34:05,201 [Listener at 127.0.0.1/40735] INFO  server.RaftServerConfigKeys (ConfUtils.java:logGet(46)) - raft.server.data-stream.async.request.thread.pool.cached = false (default)
2023-02-28 04:34:05,201 [Listener at 127.0.0.1/40735] INFO  server.RaftServerConfigKeys (ConfUtils.java:logGet(46)) - raft.server.data-stream.async.request.thread.pool.size = 20 (custom)
2023-02-28 04:34:05,201 [Listener at 127.0.0.1/40735] INFO  server.RaftServerConfigKeys (ConfUtils.java:logGet(46)) - raft.server.data-stream.async.write.thread.pool.size = 16 (default)
2023-02-28 04:34:05,201 [Listener at 127.0.0.1/40735] INFO  server.RaftServerConfigKeys (ConfUtils.java:logGet(46)) - raft.server.data-stream.client.pool.size = 10 (default)
2023-02-28 04:34:05,201 [Listener at 127.0.0.1/40735] INFO  netty.NettyConfigKeys$DataStream (ConfUtils.java:logGet(46)) - raft.netty.dataStream.server.use-epoll = false (default)
2023-02-28 04:34:05,201 [Listener at 127.0.0.1/40735] INFO  netty.NettyConfigKeys$DataStream (ConfUtils.java:logGet(46)) - raft.netty.dataStream.server.boss-group.size = 0 (default)
2023-02-28 04:34:05,202 [Listener at 127.0.0.1/40735] INFO  netty.NettyConfigKeys$DataStream (ConfUtils.java:logGet(46)) - raft.netty.dataStream.server.worker-group.size = 0 (default)
2023-02-28 04:34:05,202 [Listener at 127.0.0.1/40735] INFO  netty.NettyConfigKeys$DataStream (ConfUtils.java:logGet(46)) - raft.netty.dataStream.server.tls.conf = null (default)
2023-02-28 04:34:05,202 [Listener at 127.0.0.1/40735] INFO  netty.NettyConfigKeys$DataStream (ConfUtils.java:logGet(46)) - raft.netty.dataStream.host = null (default)
2023-02-28 04:34:05,202 [Listener at 127.0.0.1/40735] INFO  netty.NettyConfigKeys$DataStream (ConfUtils.java:logGet(46)) - raft.netty.dataStream.port = 0 (default)
2023-02-28 04:34:05,202 [Listener at 127.0.0.1/40735] INFO  server.RaftServerConfigKeys (ConfUtils.java:logGet(46)) - raft.server.threadpool.proxy.cached = true (default)
2023-02-28 04:34:05,202 [Listener at 127.0.0.1/40735] INFO  server.RaftServerConfigKeys (ConfUtils.java:logGet(46)) - raft.server.threadpool.proxy.size = 0 (default)
2023-02-28 04:34:05,203 [e9b39097-2f21-4b57-bd6d-32b83f848713-NettyServerStreamRpc-bossGroup--thread1] INFO  logging.LoggingHandler (AbstractInternalLogger.java:log(148)) - [id: 0x55f111a3] REGISTERED
2023-02-28 04:34:05,203 [Listener at 127.0.0.1/40735] INFO  server.RaftServerConfigKeys (ConfUtils.java:logGet(46)) - raft.server.rpc.slowness.timeout = 300s (custom)
2023-02-28 04:34:05,203 [e9b39097-2f21-4b57-bd6d-32b83f848713-NettyServerStreamRpc-bossGroup--thread1] INFO  logging.LoggingHandler (AbstractInternalLogger.java:log(148)) - [id: 0x55f111a3] BIND: 0.0.0.0/0.0.0.0:0
2023-02-28 04:34:05,203 [Listener at 127.0.0.1/40735] INFO  server.RaftServerConfigKeys (ConfUtils.java:logGet(46)) - raft.server.leaderelection.leader.step-down.wait-time = 10s (default)
2023-02-28 04:34:05,203 [e9b39097-2f21-4b57-bd6d-32b83f848713-NettyServerStreamRpc-bossGroup--thread1] INFO  logging.LoggingHandler (AbstractInternalLogger.java:log(148)) - [id: 0x55f111a3, L:/0:0:0:0:0:0:0:0:43039] ACTIVE
2023-02-28 04:34:05,203 [Listener at 127.0.0.1/40735] INFO  server.RaftServerConfigKeys (ConfUtils.java:logGet(46)) - raft.server.storage.dir = [/home/runner/work/ozone/ozone/hadoop-ozone/integration-test/target/test-dir/MiniOzoneClusterImpl-0c3862ae-9f43-41f5-9e7d-509225cf1f3d/datanode-2/data/ratis] (custom)
2023-02-28 04:34:05,204 [Listener at 127.0.0.1/40735] INFO  server.XceiverServerGrpc (XceiverServerGrpc.java:<init>(132)) - GrpcServer channel type EpollServerSocketChannel
2023-02-28 04:34:05,207 [Listener at 127.0.0.1/40735] INFO  http.BaseHttpServer (BaseHttpServer.java:newHttpServer2BuilderForOzone(213)) - Starting Web-server for hddsDatanode at: http://0.0.0.0:0
2023-02-28 04:34:05,207 [Listener at 127.0.0.1/40735] INFO  http.BaseHttpServer (BaseHttpServer.java:<init>(108)) - Hadoop Security Enabled: false Ozone Security Enabled: false Ozone HTTP Security Enabled: false 
2023-02-28 04:34:05,210 [Listener at 127.0.0.1/40735] WARN  server.AuthenticationFilter (AuthenticationFilter.java:constructSecretProvider(240)) - Unable to initialize FileSignerSecretProvider, falling back to use random secrets. Reason: Could not read signature secret file: /home/runner/hadoop-http-auth-signature-secret
2023-02-28 04:34:05,210 [Listener at 127.0.0.1/40735] WARN  http.HttpRequestLog (HttpRequestLog.java:getRequestLog(103)) - Jetty request log can only be enabled using Log4j
2023-02-28 04:34:05,211 [Listener at 127.0.0.1/40735] INFO  http.HttpServer2 (HttpServer2.java:addGlobalFilter(1031)) - Added global filter 'safety' (class=org.apache.hadoop.hdds.server.http.HttpServer2$QuotingInputFilter)
2023-02-28 04:34:05,212 [Listener at 127.0.0.1/40735] INFO  http.HttpServer2 (HttpServer2.java:addFilter(1007)) - Added filter static_user_filter (class=org.apache.hadoop.http.lib.StaticUserWebFilter$StaticUserFilter) to context hddsDatanode
2023-02-28 04:34:05,212 [Listener at 127.0.0.1/40735] INFO  http.HttpServer2 (HttpServer2.java:addFilter(1015)) - Added filter static_user_filter (class=org.apache.hadoop.http.lib.StaticUserWebFilter$StaticUserFilter) to context logs
2023-02-28 04:34:05,212 [Listener at 127.0.0.1/40735] INFO  http.HttpServer2 (HttpServer2.java:addFilter(1015)) - Added filter static_user_filter (class=org.apache.hadoop.http.lib.StaticUserWebFilter$StaticUserFilter) to context static
2023-02-28 04:34:05,212 [Listener at 127.0.0.1/40735] INFO  http.HttpServer2 (HttpServer2.java:bindListener(1250)) - Jetty bound to port 35847
2023-02-28 04:34:05,212 [Listener at 127.0.0.1/40735] INFO  server.Server (Server.java:doStart(375)) - jetty-9.4.49.v20220914; built: 2022-09-14T01:07:36.601Z; git: 4231a3b2e4cb8548a412a789936d640a97b1aa0a; jvm 1.8.0_362-b09
2023-02-28 04:34:05,213 [Listener at 127.0.0.1/40735] INFO  server.session (DefaultSessionIdManager.java:doStart(334)) - DefaultSessionIdManager workerName=node0
2023-02-28 04:34:05,213 [Listener at 127.0.0.1/40735] INFO  server.session (DefaultSessionIdManager.java:doStart(339)) - No SessionScavenger set, using defaults
2023-02-28 04:34:05,215 [Listener at 127.0.0.1/40735] INFO  server.session (HouseKeeper.java:startScavenging(132)) - node0 Scavenging every 600000ms
2023-02-28 04:34:05,216 [Listener at 127.0.0.1/40735] INFO  handler.ContextHandler (ContextHandler.java:doStart(921)) - Started o.e.j.s.ServletContextHandler@683d092a{logs,/logs,file:///home/runner/work/ozone/ozone/hadoop-ozone/integration-test/target/log,AVAILABLE}
2023-02-28 04:34:05,216 [Listener at 127.0.0.1/40735] INFO  handler.ContextHandler (ContextHandler.java:doStart(921)) - Started o.e.j.s.ServletContextHandler@23a3d454{static,/static,jar:file:/home/runner/.m2/repository/org/apache/ozone/hdds-container-service/1.4.0-SNAPSHOT/hdds-container-service-1.4.0-SNAPSHOT.jar!/webapps/static,AVAILABLE}
2023-02-28 04:34:05,382 [EndpointStateMachine task thread for /0.0.0.0:41617 - 0 ] INFO  ipc.Client (Client.java:handleConnectionFailure(1010)) - Retrying connect to server: 0.0.0.0/0.0.0.0:41617. Already tried 14 time(s); retry policy is RetryUpToMaximumCountWithFixedSleep(maxRetries=15, sleepTime=1000 MILLISECONDS)
2023-02-28 04:34:05,415 [Listener at 127.0.0.1/40735] INFO  handler.ContextHandler (ContextHandler.java:doStart(921)) - Started o.e.j.w.WebAppContext@3d4d0260{hddsDatanode,/,file:///tmp/jetty-0_0_0_0-35847-hdds-container-service-1_4_0-SNAPSHOT_jar-_-any-1523606359082905502/webapp/,AVAILABLE}{jar:file:/home/runner/.m2/repository/org/apache/ozone/hdds-container-service/1.4.0-SNAPSHOT/hdds-container-service-1.4.0-SNAPSHOT.jar!/webapps/hddsDatanode}
2023-02-28 04:34:05,418 [Listener at 127.0.0.1/40735] INFO  server.AbstractConnector (AbstractConnector.java:doStart(333)) - Started ServerConnector@36262c47{HTTP/1.1, (http/1.1)}{0.0.0.0:35847}
2023-02-28 04:34:05,418 [Listener at 127.0.0.1/40735] INFO  server.Server (Server.java:doStart(415)) - Started @118594ms
2023-02-28 04:34:05,418 [Listener at 127.0.0.1/40735] WARN  impl.MetricsSystemImpl (MetricsSystemImpl.java:register(279)) - Sink prometheus already exists!
2023-02-28 04:34:05,419 [Listener at 127.0.0.1/40735] INFO  http.BaseHttpServer (BaseHttpServer.java:updateConnectorAddress(333)) - HTTP server of hddsDatanode listening at http://0.0.0.0:35847
2023-02-28 04:34:05,419 [Listener at 127.0.0.1/40735] INFO  ozone.MiniOzoneClusterImpl (MiniOzoneClusterImpl.java:lambda$waitForClusterToBeReady$0(218)) - Waiting for nodes to be ready. Got 0 of 3 DN Heartbeats.
2023-02-28 04:34:05,419 [Listener at 127.0.0.1/40735] INFO  ozone.MiniOzoneClusterImpl (MiniOzoneClusterImpl.java:lambda$waitForClusterToBeReady$0(221)) - Waiting for cluster to exit safe mode
2023-02-28 04:34:05,419 [Listener at 127.0.0.1/40735] INFO  ozone.MiniOzoneClusterImpl (MiniOzoneClusterImpl.java:lambda$waitForClusterToBeReady$0(223)) - SCM became leader
2023-02-28 04:34:05,419 [Datanode State Machine Daemon Thread] INFO  statemachine.DatanodeStateMachine (DatanodeStateMachine.java:lambda$startDaemon$0(516)) - Ozone container server started.
2023-02-28 04:34:05,421 [org.apache.hadoop.util.JvmPauseMonitor$Monitor@609be50a] INFO  util.JvmPauseMonitor (JvmPauseMonitor.java:run(188)) - Starting JVM pause monitor
2023-02-28 04:34:05,422 [Datanode State Machine Task Thread - 0] INFO  datanode.InitDatanodeState (InitDatanodeState.java:persistContainerDatanodeDetails(138)) - DatanodeDetails is persisted to /home/runner/work/ozone/ozone/hadoop-ozone/integration-test/target/test-dir/MiniOzoneClusterImpl-0c3862ae-9f43-41f5-9e7d-509225cf1f3d/datanode-2/meta/datanode.id
2023-02-28 04:34:05,484 [EndpointStateMachine task thread for /0.0.0.0:32873 - 0 ] INFO  ipc.Client (Client.java:handleConnectionFailure(1010)) - Retrying connect to server: 0.0.0.0/0.0.0.0:32873. Already tried 7 time(s); retry policy is RetryUpToMaximumCountWithFixedSleep(maxRetries=15, sleepTime=1000 MILLISECONDS)
2023-02-28 04:34:06,419 [Listener at 127.0.0.1/40735] INFO  ozone.MiniOzoneClusterImpl (MiniOzoneClusterImpl.java:lambda$waitForClusterToBeReady$0(218)) - Waiting for nodes to be ready. Got 0 of 3 DN Heartbeats.
2023-02-28 04:34:06,419 [Listener at 127.0.0.1/40735] INFO  ozone.MiniOzoneClusterImpl (MiniOzoneClusterImpl.java:lambda$waitForClusterToBeReady$0(221)) - Waiting for cluster to exit safe mode
2023-02-28 04:34:06,420 [Listener at 127.0.0.1/40735] INFO  ozone.MiniOzoneClusterImpl (MiniOzoneClusterImpl.java:lambda$waitForClusterToBeReady$0(223)) - SCM became leader
2023-02-28 04:34:06,485 [EndpointStateMachine task thread for /0.0.0.0:32873 - 0 ] INFO  ipc.Client (Client.java:handleConnectionFailure(1010)) - Retrying connect to server: 0.0.0.0/0.0.0.0:32873. Already tried 8 time(s); retry policy is RetryUpToMaximumCountWithFixedSleep(maxRetries=15, sleepTime=1000 MILLISECONDS)
2023-02-28 04:34:06,805 [EndpointStateMachine task thread for /0.0.0.0:42935 - 0 ] INFO  utils.DatanodeStoreCache (DatanodeStoreCache.java:addDB(58)) - Added db /home/runner/work/ozone/ozone/hadoop-ozone/integration-test/target/test-dir/MiniOzoneClusterImpl-0c3862ae-9f43-41f5-9e7d-509225cf1f3d/datanode-0/data-0/containers/hdds/0c3862ae-9f43-41f5-9e7d-509225cf1f3d/DS-24fcde42-9536-4332-b203-32e56f17ab9e/container.db to cache
2023-02-28 04:34:06,805 [EndpointStateMachine task thread for /0.0.0.0:42935 - 0 ] INFO  volume.HddsVolume (HddsVolume.java:createDbStore(331)) - SchemaV3 db is created and loaded at /home/runner/work/ozone/ozone/hadoop-ozone/integration-test/target/test-dir/MiniOzoneClusterImpl-0c3862ae-9f43-41f5-9e7d-509225cf1f3d/datanode-0/data-0/containers/hdds/0c3862ae-9f43-41f5-9e7d-509225cf1f3d/DS-24fcde42-9536-4332-b203-32e56f17ab9e/container.db for volume DS-24fcde42-9536-4332-b203-32e56f17ab9e
2023-02-28 04:34:06,805 [EndpointStateMachine task thread for /0.0.0.0:42935 - 0 ] INFO  ozoneimpl.OzoneContainer (OzoneContainer.java:start(398)) - Attempting to start container services.
2023-02-28 04:34:06,805 [EndpointStateMachine task thread for /0.0.0.0:42935 - 0 ] INFO  ozoneimpl.OzoneContainer (OzoneContainer.java:startContainerScrub(315)) - Scheduled background container scanners and the on-demand container scanner have been disabled.
2023-02-28 04:34:06,808 [EndpointStateMachine task thread for /0.0.0.0:42935 - 0 ] INFO  replication.ReplicationServer (ReplicationServer.java:start(109)) - ReplicationServer is started using port 42253
2023-02-28 04:34:06,809 [EndpointStateMachine task thread for /0.0.0.0:42935 - 0 ] INFO  ratis.XceiverServerRatis (XceiverServerRatis.java:start(518)) - Starting XceiverServerRatis 59b3d1af-192e-46e6-851e-ebaa0e10d9fe
2023-02-28 04:34:06,816 [EndpointStateMachine task thread for /0.0.0.0:42935 - 0 ] INFO  server.RaftServer (RaftServerProxy.java:startImpl(393)) - 59b3d1af-192e-46e6-851e-ebaa0e10d9fe: start RPC server
2023-02-28 04:34:06,819 [EndpointStateMachine task thread for /0.0.0.0:42935 - 0 ] INFO  server.GrpcService (GrpcService.java:startImpl(262)) - 59b3d1af-192e-46e6-851e-ebaa0e10d9fe: GrpcService started, listening on 43209
2023-02-28 04:34:06,819 [EndpointStateMachine task thread for /0.0.0.0:42935 - 0 ] INFO  ratis.XceiverServerRatis (XceiverServerRatis.java:getRealPort(544)) - XceiverServerRatis 59b3d1af-192e-46e6-851e-ebaa0e10d9fe is started using port 43209 for RATIS
2023-02-28 04:34:06,819 [EndpointStateMachine task thread for /0.0.0.0:42935 - 0 ] INFO  ratis.XceiverServerRatis (XceiverServerRatis.java:getRealPort(544)) - XceiverServerRatis 59b3d1af-192e-46e6-851e-ebaa0e10d9fe is started using port 43209 for RATIS_ADMIN
2023-02-28 04:34:06,819 [JvmPauseMonitor15] INFO  util.JvmPauseMonitor (JvmPauseMonitor.java:run(105)) - JvmPauseMonitor-59b3d1af-192e-46e6-851e-ebaa0e10d9fe: Started
2023-02-28 04:34:06,819 [EndpointStateMachine task thread for /0.0.0.0:42935 - 0 ] INFO  ratis.XceiverServerRatis (XceiverServerRatis.java:getRealPort(544)) - XceiverServerRatis 59b3d1af-192e-46e6-851e-ebaa0e10d9fe is started using port 43209 for RATIS_SERVER
2023-02-28 04:34:06,819 [EndpointStateMachine task thread for /0.0.0.0:42935 - 0 ] INFO  ratis.XceiverServerRatis (XceiverServerRatis.java:getRealPort(544)) - XceiverServerRatis 59b3d1af-192e-46e6-851e-ebaa0e10d9fe is started using port 42427 for RATIS_DATASTREAM
2023-02-28 04:34:06,829 [EndpointStateMachine task thread for /0.0.0.0:42935 - 0 ] INFO  server.XceiverServerGrpc (XceiverServerGrpc.java:start(180)) - XceiverServerGrpc 59b3d1af-192e-46e6-851e-ebaa0e10d9fe is started using port 42945
2023-02-28 04:34:06,830 [BlockDeletingService#0] INFO  interfaces.ContainerDeletionChoosingPolicyTemplate (ContainerDeletionChoosingPolicyTemplate.java:chooseContainerForBlockDeletion(83)) - Chosen 0/5000 blocks from 0 candidate containers.
2023-02-28 04:34:07,123 [EndpointStateMachine task thread for /0.0.0.0:42935 - 0 ] INFO  utils.DatanodeStoreCache (DatanodeStoreCache.java:addDB(58)) - Added db /home/runner/work/ozone/ozone/hadoop-ozone/integration-test/target/test-dir/MiniOzoneClusterImpl-0c3862ae-9f43-41f5-9e7d-509225cf1f3d/datanode-1/data-0/containers/hdds/0c3862ae-9f43-41f5-9e7d-509225cf1f3d/DS-dbf065eb-d8c5-4708-9180-88baaa05a14d/container.db to cache
2023-02-28 04:34:07,123 [EndpointStateMachine task thread for /0.0.0.0:42935 - 0 ] INFO  volume.HddsVolume (HddsVolume.java:createDbStore(331)) - SchemaV3 db is created and loaded at /home/runner/work/ozone/ozone/hadoop-ozone/integration-test/target/test-dir/MiniOzoneClusterImpl-0c3862ae-9f43-41f5-9e7d-509225cf1f3d/datanode-1/data-0/containers/hdds/0c3862ae-9f43-41f5-9e7d-509225cf1f3d/DS-dbf065eb-d8c5-4708-9180-88baaa05a14d/container.db for volume DS-dbf065eb-d8c5-4708-9180-88baaa05a14d
2023-02-28 04:34:07,123 [EndpointStateMachine task thread for /0.0.0.0:42935 - 0 ] INFO  ozoneimpl.OzoneContainer (OzoneContainer.java:start(398)) - Attempting to start container services.
2023-02-28 04:34:07,123 [EndpointStateMachine task thread for /0.0.0.0:42935 - 0 ] INFO  ozoneimpl.OzoneContainer (OzoneContainer.java:startContainerScrub(315)) - Scheduled background container scanners and the on-demand container scanner have been disabled.
2023-02-28 04:34:07,126 [EndpointStateMachine task thread for /0.0.0.0:42935 - 0 ] INFO  replication.ReplicationServer (ReplicationServer.java:start(109)) - ReplicationServer is started using port 40193
2023-02-28 04:34:07,126 [EndpointStateMachine task thread for /0.0.0.0:42935 - 0 ] INFO  ratis.XceiverServerRatis (XceiverServerRatis.java:start(518)) - Starting XceiverServerRatis 31a92c54-262b-4b95-8408-9add7bc0e96e
2023-02-28 04:34:07,127 [EndpointStateMachine task thread for /0.0.0.0:42935 - 0 ] INFO  server.RaftServer (RaftServerProxy.java:startImpl(393)) - 31a92c54-262b-4b95-8408-9add7bc0e96e: start RPC server
2023-02-28 04:34:07,129 [EndpointStateMachine task thread for /0.0.0.0:42935 - 0 ] INFO  server.GrpcService (GrpcService.java:startImpl(262)) - 31a92c54-262b-4b95-8408-9add7bc0e96e: GrpcService started, listening on 36747
2023-02-28 04:34:07,129 [EndpointStateMachine task thread for /0.0.0.0:42935 - 0 ] INFO  ratis.XceiverServerRatis (XceiverServerRatis.java:getRealPort(544)) - XceiverServerRatis 31a92c54-262b-4b95-8408-9add7bc0e96e is started using port 36747 for RATIS
2023-02-28 04:34:07,129 [EndpointStateMachine task thread for /0.0.0.0:42935 - 0 ] INFO  ratis.XceiverServerRatis (XceiverServerRatis.java:getRealPort(544)) - XceiverServerRatis 31a92c54-262b-4b95-8408-9add7bc0e96e is started using port 36747 for RATIS_ADMIN
2023-02-28 04:34:07,129 [JvmPauseMonitor16] INFO  util.JvmPauseMonitor (JvmPauseMonitor.java:run(105)) - JvmPauseMonitor-31a92c54-262b-4b95-8408-9add7bc0e96e: Started
2023-02-28 04:34:07,129 [EndpointStateMachine task thread for /0.0.0.0:42935 - 0 ] INFO  ratis.XceiverServerRatis (XceiverServerRatis.java:getRealPort(544)) - XceiverServerRatis 31a92c54-262b-4b95-8408-9add7bc0e96e is started using port 36747 for RATIS_SERVER
2023-02-28 04:34:07,129 [EndpointStateMachine task thread for /0.0.0.0:42935 - 0 ] INFO  ratis.XceiverServerRatis (XceiverServerRatis.java:getRealPort(544)) - XceiverServerRatis 31a92c54-262b-4b95-8408-9add7bc0e96e is started using port 34135 for RATIS_DATASTREAM
2023-02-28 04:34:07,131 [EndpointStateMachine task thread for /0.0.0.0:42935 - 0 ] INFO  server.XceiverServerGrpc (XceiverServerGrpc.java:start(180)) - XceiverServerGrpc 31a92c54-262b-4b95-8408-9add7bc0e96e is started using port 41035
2023-02-28 04:34:07,132 [BlockDeletingService#0] INFO  interfaces.ContainerDeletionChoosingPolicyTemplate (ContainerDeletionChoosingPolicyTemplate.java:chooseContainerForBlockDeletion(83)) - Chosen 0/5000 blocks from 0 candidate containers.
2023-02-28 04:34:07,420 [Listener at 127.0.0.1/40735] INFO  ozone.MiniOzoneClusterImpl (MiniOzoneClusterImpl.java:lambda$waitForClusterToBeReady$0(218)) - Waiting for nodes to be ready. Got 0 of 3 DN Heartbeats.
2023-02-28 04:34:07,420 [Listener at 127.0.0.1/40735] INFO  ozone.MiniOzoneClusterImpl (MiniOzoneClusterImpl.java:lambda$waitForClusterToBeReady$0(221)) - Waiting for cluster to exit safe mode
2023-02-28 04:34:07,420 [Listener at 127.0.0.1/40735] INFO  ozone.MiniOzoneClusterImpl (MiniOzoneClusterImpl.java:lambda$waitForClusterToBeReady$0(223)) - SCM became leader
2023-02-28 04:34:07,453 [EndpointStateMachine task thread for /0.0.0.0:42935 - 0 ] INFO  utils.DatanodeStoreCache (DatanodeStoreCache.java:addDB(58)) - Added db /home/runner/work/ozone/ozone/hadoop-ozone/integration-test/target/test-dir/MiniOzoneClusterImpl-0c3862ae-9f43-41f5-9e7d-509225cf1f3d/datanode-2/data-0/containers/hdds/0c3862ae-9f43-41f5-9e7d-509225cf1f3d/DS-d693e22f-075f-4c48-8c55-b9cdb8ef36b9/container.db to cache
2023-02-28 04:34:07,453 [EndpointStateMachine task thread for /0.0.0.0:42935 - 0 ] INFO  volume.HddsVolume (HddsVolume.java:createDbStore(331)) - SchemaV3 db is created and loaded at /home/runner/work/ozone/ozone/hadoop-ozone/integration-test/target/test-dir/MiniOzoneClusterImpl-0c3862ae-9f43-41f5-9e7d-509225cf1f3d/datanode-2/data-0/containers/hdds/0c3862ae-9f43-41f5-9e7d-509225cf1f3d/DS-d693e22f-075f-4c48-8c55-b9cdb8ef36b9/container.db for volume DS-d693e22f-075f-4c48-8c55-b9cdb8ef36b9
2023-02-28 04:34:07,453 [EndpointStateMachine task thread for /0.0.0.0:42935 - 0 ] INFO  ozoneimpl.OzoneContainer (OzoneContainer.java:start(398)) - Attempting to start container services.
2023-02-28 04:34:07,453 [EndpointStateMachine task thread for /0.0.0.0:42935 - 0 ] INFO  ozoneimpl.OzoneContainer (OzoneContainer.java:startContainerScrub(315)) - Scheduled background container scanners and the on-demand container scanner have been disabled.
2023-02-28 04:34:07,457 [EndpointStateMachine task thread for /0.0.0.0:42935 - 0 ] INFO  replication.ReplicationServer (ReplicationServer.java:start(109)) - ReplicationServer is started using port 37123
2023-02-28 04:34:07,457 [EndpointStateMachine task thread for /0.0.0.0:42935 - 0 ] INFO  ratis.XceiverServerRatis (XceiverServerRatis.java:start(518)) - Starting XceiverServerRatis e9b39097-2f21-4b57-bd6d-32b83f848713
2023-02-28 04:34:07,458 [EndpointStateMachine task thread for /0.0.0.0:42935 - 0 ] INFO  server.RaftServer (RaftServerProxy.java:startImpl(393)) - e9b39097-2f21-4b57-bd6d-32b83f848713: start RPC server
2023-02-28 04:34:07,461 [EndpointStateMachine task thread for /0.0.0.0:42935 - 0 ] INFO  server.GrpcService (GrpcService.java:startImpl(262)) - e9b39097-2f21-4b57-bd6d-32b83f848713: GrpcService started, listening on 34613
2023-02-28 04:34:07,461 [EndpointStateMachine task thread for /0.0.0.0:42935 - 0 ] INFO  ratis.XceiverServerRatis (XceiverServerRatis.java:getRealPort(544)) - XceiverServerRatis e9b39097-2f21-4b57-bd6d-32b83f848713 is started using port 34613 for RATIS
2023-02-28 04:34:07,461 [EndpointStateMachine task thread for /0.0.0.0:42935 - 0 ] INFO  ratis.XceiverServerRatis (XceiverServerRatis.java:getRealPort(544)) - XceiverServerRatis e9b39097-2f21-4b57-bd6d-32b83f848713 is started using port 34613 for RATIS_ADMIN
2023-02-28 04:34:07,461 [EndpointStateMachine task thread for /0.0.0.0:42935 - 0 ] INFO  ratis.XceiverServerRatis (XceiverServerRatis.java:getRealPort(544)) - XceiverServerRatis e9b39097-2f21-4b57-bd6d-32b83f848713 is started using port 34613 for RATIS_SERVER
2023-02-28 04:34:07,461 [EndpointStateMachine task thread for /0.0.0.0:42935 - 0 ] INFO  ratis.XceiverServerRatis (XceiverServerRatis.java:getRealPort(544)) - XceiverServerRatis e9b39097-2f21-4b57-bd6d-32b83f848713 is started using port 43039 for RATIS_DATASTREAM
2023-02-28 04:34:07,461 [JvmPauseMonitor17] INFO  util.JvmPauseMonitor (JvmPauseMonitor.java:run(105)) - JvmPauseMonitor-e9b39097-2f21-4b57-bd6d-32b83f848713: Started
2023-02-28 04:34:07,467 [EndpointStateMachine task thread for /0.0.0.0:42935 - 0 ] INFO  server.XceiverServerGrpc (XceiverServerGrpc.java:start(180)) - XceiverServerGrpc e9b39097-2f21-4b57-bd6d-32b83f848713 is started using port 34923
2023-02-28 04:34:07,467 [BlockDeletingService#0] INFO  interfaces.ContainerDeletionChoosingPolicyTemplate (ContainerDeletionChoosingPolicyTemplate.java:chooseContainerForBlockDeletion(83)) - Chosen 0/5000 blocks from 0 candidate containers.
2023-02-28 04:34:07,485 [EndpointStateMachine task thread for /0.0.0.0:32873 - 0 ] INFO  ipc.Client (Client.java:handleConnectionFailure(1010)) - Retrying connect to server: 0.0.0.0/0.0.0.0:32873. Already tried 9 time(s); retry policy is RetryUpToMaximumCountWithFixedSleep(maxRetries=15, sleepTime=1000 MILLISECONDS)
2023-02-28 04:34:08,420 [Listener at 127.0.0.1/40735] INFO  ozone.MiniOzoneClusterImpl (MiniOzoneClusterImpl.java:lambda$waitForClusterToBeReady$0(218)) - Waiting for nodes to be ready. Got 0 of 3 DN Heartbeats.
2023-02-28 04:34:08,420 [Listener at 127.0.0.1/40735] INFO  ozone.MiniOzoneClusterImpl (MiniOzoneClusterImpl.java:lambda$waitForClusterToBeReady$0(221)) - Waiting for cluster to exit safe mode
2023-02-28 04:34:08,420 [Listener at 127.0.0.1/40735] INFO  ozone.MiniOzoneClusterImpl (MiniOzoneClusterImpl.java:lambda$waitForClusterToBeReady$0(223)) - SCM became leader
2023-02-28 04:34:08,486 [EndpointStateMachine task thread for /0.0.0.0:32873 - 0 ] INFO  ipc.Client (Client.java:handleConnectionFailure(1010)) - Retrying connect to server: 0.0.0.0/0.0.0.0:32873. Already tried 10 time(s); retry policy is RetryUpToMaximumCountWithFixedSleep(maxRetries=15, sleepTime=1000 MILLISECONDS)
2023-02-28 04:34:08,772 [IPC Server handler 2 on default port 42935] INFO  net.NetworkTopologyImpl (NetworkTopologyImpl.java:add(112)) - Added a new node: /default-rack/59b3d1af-192e-46e6-851e-ebaa0e10d9fe
2023-02-28 04:34:08,772 [IPC Server handler 2 on default port 42935] INFO  node.SCMNodeManager (SCMNodeManager.java:register(397)) - Registered Data node : 59b3d1af-192e-46e6-851e-ebaa0e10d9fe{ip: 10.1.0.42, host: fv-az467-141, ports: [REPLICATION=42253, RATIS=43209, RATIS_ADMIN=43209, RATIS_SERVER=43209, RATIS_DATASTREAM=42427, STANDALONE=42945], networkLocation: /default-rack, certSerialId: null, persistedOpState: null, persistedOpStateExpiryEpochSec: 0}
2023-02-28 04:34:08,774 [EventQueue-NodeRegistrationContainerReportForDataNodeSafeModeRule] INFO  safemode.SCMSafeModeManager (DataNodeSafeModeRule.java:process(71)) - SCM in safe mode. 1 DataNodes registered, 3 required.
2023-02-28 04:34:08,776 [EventQueue-NodeRegistrationContainerReportForContainerSafeModeRule] INFO  safemode.SCMSafeModeManager (SCMSafeModeManager.java:validateSafeModeExitRules(200)) - ContainerSafeModeRule rule is successfully validated
2023-02-28 04:34:08,777 [EventQueue-NewNodeForNewNodeHandler] INFO  pipeline.BackgroundPipelineCreator (BackgroundPipelineCreator.java:notifyEventTriggered(276)) - trigger a one-shot run on RatisPipelineUtilsThread.
2023-02-28 04:34:08,777 [EventQueue-PipelineReportForOneReplicaPipelineSafeModeRule] INFO  safemode.SCMSafeModeManager (SCMSafeModeManager.java:validateSafeModeExitRules(200)) - AtleastOneDatanodeReportedRule rule is successfully validated
2023-02-28 04:34:08,778 [RatisPipelineUtilsThread - 0] INFO  pipeline.RatisPipelineProvider (RatisPipelineProvider.java:lambda$create$0(206)) - Sending CreatePipelineCommand for pipeline:PipelineID=ffcae5f9-d4c6-446a-b56a-ebab28eff6ac to datanode:59b3d1af-192e-46e6-851e-ebaa0e10d9fe
2023-02-28 04:34:08,778 [RatisPipelineUtilsThread - 0] INFO  pipeline.PipelineStateManagerImpl (PipelineStateManagerImpl.java:addPipeline(103)) - Created pipeline Pipeline[ Id: ffcae5f9-d4c6-446a-b56a-ebab28eff6ac, Nodes: 59b3d1af-192e-46e6-851e-ebaa0e10d9fe(fv-az467-141/10.1.0.42), ReplicationConfig: RATIS/ONE, State:ALLOCATED, leaderId:, CreationTimestamp2023-02-28T04:34:08.778Z[Etc/UTC]].
2023-02-28 04:34:09,095 [IPC Server handler 16 on default port 42935] INFO  net.NetworkTopologyImpl (NetworkTopologyImpl.java:add(112)) - Added a new node: /default-rack/31a92c54-262b-4b95-8408-9add7bc0e96e
2023-02-28 04:34:09,095 [IPC Server handler 16 on default port 42935] INFO  node.SCMNodeManager (SCMNodeManager.java:register(397)) - Registered Data node : 31a92c54-262b-4b95-8408-9add7bc0e96e{ip: 10.1.0.42, host: fv-az467-141, ports: [REPLICATION=40193, RATIS=36747, RATIS_ADMIN=36747, RATIS_SERVER=36747, RATIS_DATASTREAM=34135, STANDALONE=41035], networkLocation: /default-rack, certSerialId: null, persistedOpState: null, persistedOpStateExpiryEpochSec: 0}
2023-02-28 04:34:09,096 [EventQueue-NodeRegistrationContainerReportForDataNodeSafeModeRule] INFO  safemode.SCMSafeModeManager (DataNodeSafeModeRule.java:process(71)) - SCM in safe mode. 2 DataNodes registered, 3 required.
2023-02-28 04:34:09,097 [EventQueue-NewNodeForNewNodeHandler] INFO  pipeline.BackgroundPipelineCreator (BackgroundPipelineCreator.java:notifyEventTriggered(276)) - trigger a one-shot run on RatisPipelineUtilsThread.
2023-02-28 04:34:09,097 [RatisPipelineUtilsThread - 0] INFO  pipeline.RatisPipelineProvider (RatisPipelineProvider.java:lambda$create$0(206)) - Sending CreatePipelineCommand for pipeline:PipelineID=fb7dfdc7-d13d-48ce-8d3b-20aa4aafd1f3 to datanode:31a92c54-262b-4b95-8408-9add7bc0e96e
2023-02-28 04:34:09,098 [RatisPipelineUtilsThread - 0] INFO  pipeline.PipelineStateManagerImpl (PipelineStateManagerImpl.java:addPipeline(103)) - Created pipeline Pipeline[ Id: fb7dfdc7-d13d-48ce-8d3b-20aa4aafd1f3, Nodes: 31a92c54-262b-4b95-8408-9add7bc0e96e(fv-az467-141/10.1.0.42), ReplicationConfig: RATIS/ONE, State:ALLOCATED, leaderId:, CreationTimestamp2023-02-28T04:34:09.097Z[Etc/UTC]].
2023-02-28 04:34:09,421 [Listener at 127.0.0.1/40735] INFO  ozone.MiniOzoneClusterImpl (MiniOzoneClusterImpl.java:lambda$waitForClusterToBeReady$0(218)) - Waiting for nodes to be ready. Got 2 of 3 DN Heartbeats.
2023-02-28 04:34:09,421 [Listener at 127.0.0.1/40735] INFO  ozone.MiniOzoneClusterImpl (MiniOzoneClusterImpl.java:lambda$waitForClusterToBeReady$0(221)) - Waiting for cluster to exit safe mode
2023-02-28 04:34:09,421 [Listener at 127.0.0.1/40735] INFO  ozone.MiniOzoneClusterImpl (MiniOzoneClusterImpl.java:lambda$waitForClusterToBeReady$0(223)) - SCM became leader
2023-02-28 04:34:09,422 [IPC Server handler 1 on default port 42935] INFO  net.NetworkTopologyImpl (NetworkTopologyImpl.java:add(112)) - Added a new node: /default-rack/e9b39097-2f21-4b57-bd6d-32b83f848713
2023-02-28 04:34:09,422 [IPC Server handler 1 on default port 42935] INFO  node.SCMNodeManager (SCMNodeManager.java:register(397)) - Registered Data node : e9b39097-2f21-4b57-bd6d-32b83f848713{ip: 10.1.0.42, host: fv-az467-141, ports: [REPLICATION=37123, RATIS=34613, RATIS_ADMIN=34613, RATIS_SERVER=34613, RATIS_DATASTREAM=43039, STANDALONE=34923], networkLocation: /default-rack, certSerialId: null, persistedOpState: null, persistedOpStateExpiryEpochSec: 0}
2023-02-28 04:34:09,422 [EventQueue-NewNodeForNewNodeHandler] INFO  pipeline.BackgroundPipelineCreator (BackgroundPipelineCreator.java:notifyEventTriggered(276)) - trigger a one-shot run on RatisPipelineUtilsThread.
2023-02-28 04:34:09,423 [EventQueue-NodeRegistrationContainerReportForDataNodeSafeModeRule] INFO  safemode.SCMSafeModeManager (DataNodeSafeModeRule.java:process(71)) - SCM in safe mode. 3 DataNodes registered, 3 required.
2023-02-28 04:34:09,423 [EventQueue-NodeRegistrationContainerReportForDataNodeSafeModeRule] INFO  safemode.SCMSafeModeManager (SCMSafeModeManager.java:validateSafeModeExitRules(200)) - DataNodeSafeModeRule rule is successfully validated
2023-02-28 04:34:09,423 [EventQueue-NodeRegistrationContainerReportForDataNodeSafeModeRule] INFO  safemode.SCMSafeModeManager (SCMSafeModeManager.java:completePreCheck(229)) - All SCM safe mode pre check rules have passed
2023-02-28 04:34:09,423 [RatisPipelineUtilsThread - 0] INFO  pipeline.RatisPipelineProvider (RatisPipelineProvider.java:lambda$create$0(206)) - Sending CreatePipelineCommand for pipeline:PipelineID=a029c681-e208-495e-97f9-aca650ce4316 to datanode:e9b39097-2f21-4b57-bd6d-32b83f848713
2023-02-28 04:34:09,423 [EventQueue-NodeRegistrationContainerReportForDataNodeSafeModeRule] INFO  ha.SCMContext (SCMContext.java:updateSafeModeStatus(228)) - Update SafeModeStatus from SafeModeStatus{safeModeStatus=true, preCheckPassed=false} to SafeModeStatus{safeModeStatus=true, preCheckPassed=true}.
2023-02-28 04:34:09,423 [EventQueue-NodeRegistrationContainerReportForDataNodeSafeModeRule] INFO  pipeline.BackgroundPipelineCreator (BackgroundPipelineCreator.java:notifyEventTriggered(276)) - trigger a one-shot run on RatisPipelineUtilsThread.
2023-02-28 04:34:09,423 [RatisPipelineUtilsThread - 0] INFO  pipeline.PipelineStateManagerImpl (PipelineStateManagerImpl.java:addPipeline(103)) - Created pipeline Pipeline[ Id: a029c681-e208-495e-97f9-aca650ce4316, Nodes: e9b39097-2f21-4b57-bd6d-32b83f848713(fv-az467-141/10.1.0.42), ReplicationConfig: RATIS/ONE, State:ALLOCATED, leaderId:, CreationTimestamp2023-02-28T04:34:09.423Z[Etc/UTC]].
2023-02-28 04:34:09,423 [RatisPipelineUtilsThread - 0] INFO  pipeline.RatisPipelineProvider (RatisPipelineProvider.java:lambda$create$0(206)) - Sending CreatePipelineCommand for pipeline:PipelineID=99beed79-3ccc-4ee9-8e5c-87736af3bfd9 to datanode:31a92c54-262b-4b95-8408-9add7bc0e96e
2023-02-28 04:34:09,423 [RatisPipelineUtilsThread - 0] INFO  pipeline.RatisPipelineProvider (RatisPipelineProvider.java:lambda$create$0(206)) - Sending CreatePipelineCommand for pipeline:PipelineID=99beed79-3ccc-4ee9-8e5c-87736af3bfd9 to datanode:e9b39097-2f21-4b57-bd6d-32b83f848713
2023-02-28 04:34:09,423 [RatisPipelineUtilsThread - 0] INFO  pipeline.RatisPipelineProvider (RatisPipelineProvider.java:lambda$create$0(206)) - Sending CreatePipelineCommand for pipeline:PipelineID=99beed79-3ccc-4ee9-8e5c-87736af3bfd9 to datanode:59b3d1af-192e-46e6-851e-ebaa0e10d9fe
2023-02-28 04:34:09,424 [RatisPipelineUtilsThread - 0] INFO  pipeline.PipelineStateManagerImpl (PipelineStateManagerImpl.java:addPipeline(103)) - Created pipeline Pipeline[ Id: 99beed79-3ccc-4ee9-8e5c-87736af3bfd9, Nodes: 31a92c54-262b-4b95-8408-9add7bc0e96e(fv-az467-141/10.1.0.42)e9b39097-2f21-4b57-bd6d-32b83f848713(fv-az467-141/10.1.0.42)59b3d1af-192e-46e6-851e-ebaa0e10d9fe(fv-az467-141/10.1.0.42), ReplicationConfig: RATIS/THREE, State:ALLOCATED, leaderId:, CreationTimestamp2023-02-28T04:34:09.423Z[Etc/UTC]].
2023-02-28 04:34:09,424 [RatisPipelineUtilsThread - 0] INFO  pipeline.RatisPipelineProvider (RatisPipelineProvider.java:lambda$create$0(206)) - Sending CreatePipelineCommand for pipeline:PipelineID=ae40b9a9-64b5-49ea-96ce-74917ce2e1bc to datanode:e9b39097-2f21-4b57-bd6d-32b83f848713
2023-02-28 04:34:09,424 [RatisPipelineUtilsThread - 0] INFO  pipeline.RatisPipelineProvider (RatisPipelineProvider.java:lambda$create$0(206)) - Sending CreatePipelineCommand for pipeline:PipelineID=ae40b9a9-64b5-49ea-96ce-74917ce2e1bc to datanode:59b3d1af-192e-46e6-851e-ebaa0e10d9fe
2023-02-28 04:34:09,424 [RatisPipelineUtilsThread - 0] INFO  pipeline.RatisPipelineProvider (RatisPipelineProvider.java:lambda$create$0(206)) - Sending CreatePipelineCommand for pipeline:PipelineID=ae40b9a9-64b5-49ea-96ce-74917ce2e1bc to datanode:31a92c54-262b-4b95-8408-9add7bc0e96e
2023-02-28 04:34:09,424 [RatisPipelineUtilsThread - 0] INFO  pipeline.PipelineStateManagerImpl (PipelineStateManagerImpl.java:addPipeline(103)) - Created pipeline Pipeline[ Id: ae40b9a9-64b5-49ea-96ce-74917ce2e1bc, Nodes: e9b39097-2f21-4b57-bd6d-32b83f848713(fv-az467-141/10.1.0.42)59b3d1af-192e-46e6-851e-ebaa0e10d9fe(fv-az467-141/10.1.0.42)31a92c54-262b-4b95-8408-9add7bc0e96e(fv-az467-141/10.1.0.42), ReplicationConfig: RATIS/THREE, State:ALLOCATED, leaderId:, CreationTimestamp2023-02-28T04:34:09.424Z[Etc/UTC]].
2023-02-28 04:34:09,424 [RatisPipelineUtilsThread - 0] INFO  pipeline.PipelineManagerImpl (PipelineManagerImpl.java:recordMetricsForPipeline(826)) - Pipeline: PipelineID=ae40b9a9-64b5-49ea-96ce-74917ce2e1bc contains same datanodes as previous pipelines: PipelineID=99beed79-3ccc-4ee9-8e5c-87736af3bfd9 nodeIds: e9b39097-2f21-4b57-bd6d-32b83f848713, 59b3d1af-192e-46e6-851e-ebaa0e10d9fe, 31a92c54-262b-4b95-8408-9add7bc0e96e
2023-02-28 04:34:09,425 [RatisPipelineUtilsThread - 0] WARN  pipeline.PipelinePlacementPolicy (PipelinePlacementPolicy.java:filterViableNodes(158)) - Pipeline creation failed due to no sufficient healthy datanodes. Required 3. Found 0.
2023-02-28 04:34:09,425 [RatisPipelineUtilsThread - 0] WARN  pipeline.PipelinePlacementPolicy (PipelinePlacementPolicy.java:filterViableNodes(158)) - Pipeline creation failed due to no sufficient healthy datanodes. Required 3. Found 0.
2023-02-28 04:34:09,486 [EndpointStateMachine task thread for /0.0.0.0:32873 - 0 ] INFO  ipc.Client (Client.java:handleConnectionFailure(1010)) - Retrying connect to server: 0.0.0.0/0.0.0.0:32873. Already tried 11 time(s); retry policy is RetryUpToMaximumCountWithFixedSleep(maxRetries=15, sleepTime=1000 MILLISECONDS)
2023-02-28 04:34:10,421 [Listener at 127.0.0.1/40735] INFO  ozone.MiniOzoneClusterImpl (MiniOzoneClusterImpl.java:lambda$waitForClusterToBeReady$0(218)) - Nodes are ready. Got 3 of 3 DN Heartbeats.
2023-02-28 04:34:10,421 [Listener at 127.0.0.1/40735] INFO  ozone.MiniOzoneClusterImpl (MiniOzoneClusterImpl.java:lambda$waitForClusterToBeReady$0(221)) - Waiting for cluster to exit safe mode
2023-02-28 04:34:10,421 [Listener at 127.0.0.1/40735] INFO  ozone.MiniOzoneClusterImpl (MiniOzoneClusterImpl.java:lambda$waitForClusterToBeReady$0(223)) - SCM became leader
2023-02-28 04:34:10,488 [EndpointStateMachine task thread for /0.0.0.0:32873 - 0 ] INFO  ipc.Client (Client.java:handleConnectionFailure(1010)) - Retrying connect to server: 0.0.0.0/0.0.0.0:32873. Already tried 12 time(s); retry policy is RetryUpToMaximumCountWithFixedSleep(maxRetries=15, sleepTime=1000 MILLISECONDS)
2023-02-28 04:34:11,421 [Listener at 127.0.0.1/40735] INFO  ozone.MiniOzoneClusterImpl (MiniOzoneClusterImpl.java:lambda$waitForClusterToBeReady$0(218)) - Nodes are ready. Got 3 of 3 DN Heartbeats.
2023-02-28 04:34:11,422 [Listener at 127.0.0.1/40735] INFO  ozone.MiniOzoneClusterImpl (MiniOzoneClusterImpl.java:lambda$waitForClusterToBeReady$0(221)) - Waiting for cluster to exit safe mode
2023-02-28 04:34:11,422 [Listener at 127.0.0.1/40735] INFO  ozone.MiniOzoneClusterImpl (MiniOzoneClusterImpl.java:lambda$waitForClusterToBeReady$0(223)) - SCM became leader
2023-02-28 04:34:11,489 [EndpointStateMachine task thread for /0.0.0.0:32873 - 0 ] INFO  ipc.Client (Client.java:handleConnectionFailure(1010)) - Retrying connect to server: 0.0.0.0/0.0.0.0:32873. Already tried 13 time(s); retry policy is RetryUpToMaximumCountWithFixedSleep(maxRetries=15, sleepTime=1000 MILLISECONDS)
2023-02-28 04:34:11,772 [Command processor thread] INFO  server.RaftServer (RaftServerProxy.java:addNew(96)) - 59b3d1af-192e-46e6-851e-ebaa0e10d9fe: addNew group-EBAB28EFF6AC:[59b3d1af-192e-46e6-851e-ebaa0e10d9fe|rpc:10.1.0.42:43209|dataStream:10.1.0.42:42427|priority:1|startupRole:FOLLOWER] returns group-EBAB28EFF6AC:java.util.concurrent.CompletableFuture@363ed008[Not completed]
2023-02-28 04:34:11,774 [pool-1484-thread-1] INFO  server.RaftServer$Division (RaftServerImpl.java:<init>(195)) - 59b3d1af-192e-46e6-851e-ebaa0e10d9fe: new RaftServerImpl for group-EBAB28EFF6AC:[59b3d1af-192e-46e6-851e-ebaa0e10d9fe|rpc:10.1.0.42:43209|dataStream:10.1.0.42:42427|priority:1|startupRole:FOLLOWER] with ContainerStateMachine:uninitialized
2023-02-28 04:34:11,774 [pool-1484-thread-1] INFO  server.RaftServerConfigKeys (ConfUtils.java:logGet(46)) - raft.server.rpc.timeout.min = 5s (custom)
2023-02-28 04:34:11,774 [pool-1484-thread-1] INFO  server.RaftServerConfigKeys (ConfUtils.java:logGet(46)) - raft.server.rpc.timeout.max = 5200ms (custom)
2023-02-28 04:34:11,774 [pool-1484-thread-1] INFO  server.RaftServerConfigKeys (ConfUtils.java:logGet(46)) - raft.server.rpc.sleep.time = 25ms (default)
2023-02-28 04:34:11,774 [pool-1484-thread-1] INFO  server.RaftServerConfigKeys (ConfUtils.java:logGet(46)) - raft.server.rpc.slowness.timeout = 300s (custom)
2023-02-28 04:34:11,774 [pool-1484-thread-1] INFO  server.RaftServerConfigKeys (ConfUtils.java:logGet(46)) - raft.server.leaderelection.leader.step-down.wait-time = 10s (default)
2023-02-28 04:34:11,774 [pool-1484-thread-1] INFO  server.RaftServerConfigKeys (ConfUtils.java:logGet(46)) - raft.server.sleep.deviation.threshold = 300ms (default)
2023-02-28 04:34:11,774 [pool-1484-thread-1] INFO  server.RaftServer$Division (ServerState.java:<init>(118)) - 59b3d1af-192e-46e6-851e-ebaa0e10d9fe@group-EBAB28EFF6AC: ConfigurationManager, init=-1: peers:[59b3d1af-192e-46e6-851e-ebaa0e10d9fe|rpc:10.1.0.42:43209|dataStream:10.1.0.42:42427|priority:1|startupRole:FOLLOWER]|listeners:[], old=null, confs=<EMPTY_MAP>
2023-02-28 04:34:11,774 [pool-1484-thread-1] INFO  server.RaftServerConfigKeys (ConfUtils.java:logGet(46)) - raft.server.storage.dir = [/home/runner/work/ozone/ozone/hadoop-ozone/integration-test/target/test-dir/MiniOzoneClusterImpl-0c3862ae-9f43-41f5-9e7d-509225cf1f3d/datanode-0/data/ratis] (custom)
2023-02-28 04:34:11,774 [pool-1484-thread-1] INFO  server.RaftServerConfigKeys (ConfUtils.java:logGet(46)) - raft.server.log.corruption.policy = EXCEPTION (default)
2023-02-28 04:34:11,774 [pool-1484-thread-1] INFO  server.RaftServerConfigKeys (ConfUtils.java:logGet(46)) - raft.server.storage.free-space.min = 0MB (=0) (default)
2023-02-28 04:34:11,774 [pool-1484-thread-1] INFO  server.RaftServerConfigKeys (ConfUtils.java:logGet(46)) - raft.server.notification.no-leader.timeout = 300s (custom)
2023-02-28 04:34:11,774 [pool-1484-thread-1] INFO  server.RaftServerConfigKeys (ConfUtils.java:logGet(46)) - raft.server.retrycache.expirytime = 600000ms (custom)
2023-02-28 04:34:11,774 [pool-1484-thread-1] INFO  server.RaftServerConfigKeys (ConfUtils.java:logGet(46)) - raft.server.retrycache.statistics.expirytime = 100μs (default)
2023-02-28 04:34:11,775 [pool-1484-thread-1] INFO  server.RaftServerConfigKeys (ConfUtils.java:logGet(46)) - raft.server.log.appender.install.snapshot.enabled = false (custom)
2023-02-28 04:34:11,777 [pool-1484-thread-1] INFO  server.RaftServerConfigKeys (ConfUtils.java:logGet(46)) - raft.server.threadpool.server.cached = true (default)
2023-02-28 04:34:11,777 [pool-1484-thread-1] INFO  server.RaftServerConfigKeys (ConfUtils.java:logGet(46)) - raft.server.threadpool.server.size = 0 (default)
2023-02-28 04:34:11,777 [pool-1484-thread-1] INFO  server.RaftServerConfigKeys (ConfUtils.java:logGet(46)) - raft.server.threadpool.client.cached = true (default)
2023-02-28 04:34:11,777 [pool-1484-thread-1] INFO  server.RaftServerConfigKeys (ConfUtils.java:logGet(46)) - raft.server.threadpool.client.size = 0 (default)
2023-02-28 04:34:11,777 [pool-1484-thread-1] INFO  storage.RaftStorageDirectory (RaftStorageDirectoryImpl.java:analyzeStorage(137)) - The storage directory /home/runner/work/ozone/ozone/hadoop-ozone/integration-test/target/test-dir/MiniOzoneClusterImpl-0c3862ae-9f43-41f5-9e7d-509225cf1f3d/datanode-0/data/ratis/ffcae5f9-d4c6-446a-b56a-ebab28eff6ac does not exist. Creating ...
2023-02-28 04:34:11,778 [pool-1484-thread-1] INFO  storage.RaftStorageDirectory (RaftStorageDirectoryImpl.java:tryLock(231)) - Lock on /home/runner/work/ozone/ozone/hadoop-ozone/integration-test/target/test-dir/MiniOzoneClusterImpl-0c3862ae-9f43-41f5-9e7d-509225cf1f3d/datanode-0/data/ratis/ffcae5f9-d4c6-446a-b56a-ebab28eff6ac/in_use.lock acquired by nodename 61299@fv-az467-141
2023-02-28 04:34:11,779 [pool-1484-thread-1] INFO  storage.RaftStorage (RaftStorageImpl.java:format(96)) - Storage directory /home/runner/work/ozone/ozone/hadoop-ozone/integration-test/target/test-dir/MiniOzoneClusterImpl-0c3862ae-9f43-41f5-9e7d-509225cf1f3d/datanode-0/data/ratis/ffcae5f9-d4c6-446a-b56a-ebab28eff6ac has been successfully formatted.
2023-02-28 04:34:11,780 [pool-1484-thread-1] INFO  ratis.ContainerStateMachine (ContainerStateMachine.java:loadSnapshot(240)) - group-EBAB28EFF6AC: The snapshot info is null. Setting the last applied indexto:(t:0, i:~)
2023-02-28 04:34:11,780 [pool-1484-thread-1] INFO  server.RaftServerConfigKeys (ConfUtils.java:logGet(46)) - raft.server.log.use.memory = false (default)
2023-02-28 04:34:11,780 [pool-1484-thread-1] INFO  server.RaftServerConfigKeys (ConfUtils.java:logGet(46)) - raft.server.log.purge.gap = 1000000 (custom)
2023-02-28 04:34:11,781 [pool-1484-thread-1] INFO  server.RaftServerConfigKeys (ConfUtils.java:logGet(46)) - raft.server.log.appender.buffer.byte-limit = 33554432 (custom)
2023-02-28 04:34:11,781 [pool-1484-thread-1] INFO  server.RaftServerConfigKeys (ConfUtils.java:logGet(46)) - raft.server.log.statemachine.data.read.timeout = 1000ms (default)
2023-02-28 04:34:11,781 [pool-1484-thread-1] INFO  server.RaftServerConfigKeys (ConfUtils.java:logGet(46)) - raft.server.log.purge.preservation.log.num = 0 (default)
2023-02-28 04:34:11,781 [pool-1484-thread-1] INFO  server.RaftServerConfigKeys (ConfUtils.java:logGet(46)) - raft.server.log.segment.size.max = 1048576 (custom)
2023-02-28 04:34:11,781 [pool-1484-thread-1] INFO  server.RaftServerConfigKeys (ConfUtils.java:logGet(46)) - raft.server.log.segment.cache.num.max = 2 (custom)
2023-02-28 04:34:11,782 [EventQueue-PipelineReportForPipelineReportHandler] INFO  pipeline.PipelineManagerImpl (PipelineManagerImpl.java:openPipeline(367)) - Pipeline Pipeline[ Id: ffcae5f9-d4c6-446a-b56a-ebab28eff6ac, Nodes: 59b3d1af-192e-46e6-851e-ebaa0e10d9fe(fv-az467-141/10.1.0.42), ReplicationConfig: RATIS/ONE, State:ALLOCATED, leaderId:59b3d1af-192e-46e6-851e-ebaa0e10d9fe, CreationTimestamp2023-02-28T04:34:08.778Z[Etc/UTC]] moved to OPEN state
2023-02-28 04:34:11,786 [pool-1484-thread-1] INFO  server.RaftServerConfigKeys (ConfUtils.java:logGet(46)) - raft.server.log.segment.cache.size.max = 200MB (=209715200) (default)
2023-02-28 04:34:11,786 [pool-1484-thread-1] INFO  segmented.SegmentedRaftLogWorker (SegmentedRaftLogWorker.java:<init>(189)) - new 59b3d1af-192e-46e6-851e-ebaa0e10d9fe@group-EBAB28EFF6AC-SegmentedRaftLogWorker for RaftStorageImpl:Storage Directory /home/runner/work/ozone/ozone/hadoop-ozone/integration-test/target/test-dir/MiniOzoneClusterImpl-0c3862ae-9f43-41f5-9e7d-509225cf1f3d/datanode-0/data/ratis/ffcae5f9-d4c6-446a-b56a-ebab28eff6ac
2023-02-28 04:34:11,786 [pool-1484-thread-1] INFO  server.RaftServerConfigKeys (ConfUtils.java:logGet(46)) - raft.server.log.queue.byte-limit = 4294967296 (custom)
2023-02-28 04:34:11,786 [pool-1484-thread-1] INFO  server.RaftServerConfigKeys (ConfUtils.java:logGet(46)) - raft.server.log.queue.element-limit = 1024 (custom)
2023-02-28 04:34:11,786 [pool-1484-thread-1] INFO  server.RaftServerConfigKeys (ConfUtils.java:logGet(46)) - raft.server.log.segment.size.max = 1048576 (custom)
2023-02-28 04:34:11,786 [pool-1484-thread-1] INFO  server.RaftServerConfigKeys (ConfUtils.java:logGet(46)) - raft.server.log.preallocated.size = 16384 (custom)
2023-02-28 04:34:11,786 [pool-1484-thread-1] INFO  server.RaftServerConfigKeys (ConfUtils.java:logGet(46)) - raft.server.log.force.sync.num = 128 (default)
2023-02-28 04:34:11,786 [pool-1484-thread-1] INFO  server.RaftServerConfigKeys (ConfUtils.java:logGet(46)) - raft.server.log.statemachine.data.sync = true (default)
2023-02-28 04:34:11,786 [pool-1484-thread-1] INFO  server.RaftServerConfigKeys (ConfUtils.java:logGet(46)) - raft.server.log.statemachine.data.sync.timeout = 10s (default)
2023-02-28 04:34:11,786 [pool-1484-thread-1] INFO  server.RaftServerConfigKeys (ConfUtils.java:logGet(46)) - raft.server.log.statemachine.data.sync.timeout.retry = -1 (default)
2023-02-28 04:34:11,787 [pool-1484-thread-1] INFO  server.RaftServerConfigKeys (ConfUtils.java:logGet(46)) - raft.server.log.write.buffer.size = 1048576 (custom)
2023-02-28 04:34:11,787 [pool-1484-thread-1] INFO  server.RaftServerConfigKeys (ConfUtils.java:logGet(46)) - raft.server.log.appender.buffer.byte-limit = 33554432 (custom)
2023-02-28 04:34:11,790 [pool-1484-thread-1] INFO  server.RaftServerConfigKeys (ConfUtils.java:logGet(46)) - raft.server.log.unsafe-flush.enabled = false (default)
2023-02-28 04:34:11,790 [pool-1484-thread-1] INFO  server.RaftServerConfigKeys (ConfUtils.java:logGet(46)) - raft.server.log.async-flush.enabled = false (default)
2023-02-28 04:34:11,790 [pool-1484-thread-1] INFO  server.RaftServerConfigKeys (ConfUtils.java:logGet(46)) - raft.server.log.statemachine.data.caching.enabled = true (custom)
2023-02-28 04:34:11,790 [pool-1484-thread-1] INFO  segmented.SegmentedRaftLogWorker (SegmentedRaftLogWorker.java:lambda$new$0(135)) - 59b3d1af-192e-46e6-851e-ebaa0e10d9fe@group-EBAB28EFF6AC-SegmentedRaftLogWorker: flushIndex: setUnconditionally 0 -> -1
2023-02-28 04:34:11,790 [pool-1484-thread-1] INFO  segmented.SegmentedRaftLogWorker (SegmentedRaftLogWorker.java:lambda$new$0(135)) - 59b3d1af-192e-46e6-851e-ebaa0e10d9fe@group-EBAB28EFF6AC-SegmentedRaftLogWorker: safeCacheEvictIndex: setUnconditionally 0 -> -1
2023-02-28 04:34:11,797 [EventQueue-OpenPipelineForHealthyPipelineSafeModeRule] INFO  safemode.SCMSafeModeManager (HealthyPipelineSafeModeRule.java:process(137)) - SCM in safe mode. Healthy pipelines reported count is 0, required healthy pipeline reported count is 1
2023-02-28 04:34:11,798 [pool-1484-thread-1] INFO  server.RaftServer$Division (RaftServerImpl.java:start(334)) - 59b3d1af-192e-46e6-851e-ebaa0e10d9fe@group-EBAB28EFF6AC: start as a follower, conf=-1: peers:[59b3d1af-192e-46e6-851e-ebaa0e10d9fe|rpc:10.1.0.42:43209|dataStream:10.1.0.42:42427|priority:1|startupRole:FOLLOWER]|listeners:[], old=null
2023-02-28 04:34:11,798 [pool-1484-thread-1] INFO  server.RaftServer$Division (RaftServerImpl.java:setRole(321)) - 59b3d1af-192e-46e6-851e-ebaa0e10d9fe@group-EBAB28EFF6AC: changes role from      null to FOLLOWER at term 0 for startAsFollower
2023-02-28 04:34:11,798 [pool-1484-thread-1] INFO  impl.RoleInfo (RoleInfo.java:updateAndGet(139)) - 59b3d1af-192e-46e6-851e-ebaa0e10d9fe: start 59b3d1af-192e-46e6-851e-ebaa0e10d9fe@group-EBAB28EFF6AC-FollowerState
2023-02-28 04:34:11,799 [59b3d1af-192e-46e6-851e-ebaa0e10d9fe@group-EBAB28EFF6AC-FollowerState] INFO  server.RaftServerConfigKeys (ConfUtils.java:logFallback(53)) - raft.server.rpc.first-election.timeout.min = 5s (fallback to raft.server.rpc.timeout.min)
2023-02-28 04:34:11,799 [59b3d1af-192e-46e6-851e-ebaa0e10d9fe@group-EBAB28EFF6AC-FollowerState] INFO  server.RaftServerConfigKeys (ConfUtils.java:logFallback(53)) - raft.server.rpc.first-election.timeout.max = 5200ms (fallback to raft.server.rpc.timeout.max)
2023-02-28 04:34:11,800 [pool-1484-thread-1] INFO  util.JmxRegister (JmxRegister.java:tryRegister(44)) - Successfully registered JMX Bean with object name Ratis:service=RaftServer,group=group-EBAB28EFF6AC,id=59b3d1af-192e-46e6-851e-ebaa0e10d9fe
2023-02-28 04:34:11,800 [pool-1484-thread-1] INFO  server.RaftServerConfigKeys (ConfUtils.java:logGet(46)) - raft.server.snapshot.auto.trigger.enabled = true (custom)
2023-02-28 04:34:11,800 [pool-1484-thread-1] INFO  server.RaftServerConfigKeys (ConfUtils.java:logGet(46)) - raft.server.snapshot.auto.trigger.threshold = 10000 (custom)
2023-02-28 04:34:11,800 [pool-1484-thread-1] INFO  server.RaftServerConfigKeys (ConfUtils.java:logGet(46)) - raft.server.snapshot.retention.file.num = 5 (custom)
2023-02-28 04:34:11,800 [pool-1484-thread-1] INFO  server.RaftServerConfigKeys (ConfUtils.java:logGet(46)) - raft.server.log.purge.upto.snapshot.index = false (default)
2023-02-28 04:34:11,801 [Command processor thread] INFO  ratis.XceiverServerRatis (XceiverServerRatis.java:addGroup(807)) - Created group PipelineID=ffcae5f9-d4c6-446a-b56a-ebab28eff6ac
2023-02-28 04:34:11,801 [Command processor thread] INFO  commandhandler.CreatePipelineCommandHandler (CreatePipelineCommandHandler.java:handle(113)) - Created Pipeline RATIS ONE PipelineID=ffcae5f9-d4c6-446a-b56a-ebab28eff6ac.
2023-02-28 04:34:11,801 [Command processor thread] INFO  server.RaftServer (RaftServerProxy.java:addNew(96)) - 59b3d1af-192e-46e6-851e-ebaa0e10d9fe: addNew group-87736AF3BFD9:[59b3d1af-192e-46e6-851e-ebaa0e10d9fe|rpc:10.1.0.42:43209|dataStream:10.1.0.42:42427|priority:0|startupRole:FOLLOWER, 31a92c54-262b-4b95-8408-9add7bc0e96e|rpc:10.1.0.42:36747|dataStream:10.1.0.42:34135|priority:0|startupRole:FOLLOWER, e9b39097-2f21-4b57-bd6d-32b83f848713|rpc:10.1.0.42:34613|dataStream:10.1.0.42:43039|priority:1|startupRole:FOLLOWER] returns group-87736AF3BFD9:java.util.concurrent.CompletableFuture@32015217[Not completed]
2023-02-28 04:34:11,802 [pool-1484-thread-1] INFO  server.RaftServer$Division (RaftServerImpl.java:<init>(195)) - 59b3d1af-192e-46e6-851e-ebaa0e10d9fe: new RaftServerImpl for group-87736AF3BFD9:[59b3d1af-192e-46e6-851e-ebaa0e10d9fe|rpc:10.1.0.42:43209|dataStream:10.1.0.42:42427|priority:0|startupRole:FOLLOWER, 31a92c54-262b-4b95-8408-9add7bc0e96e|rpc:10.1.0.42:36747|dataStream:10.1.0.42:34135|priority:0|startupRole:FOLLOWER, e9b39097-2f21-4b57-bd6d-32b83f848713|rpc:10.1.0.42:34613|dataStream:10.1.0.42:43039|priority:1|startupRole:FOLLOWER] with ContainerStateMachine:uninitialized
2023-02-28 04:34:11,802 [pool-1484-thread-1] INFO  server.RaftServerConfigKeys (ConfUtils.java:logGet(46)) - raft.server.rpc.timeout.min = 5s (custom)
2023-02-28 04:34:11,802 [pool-1484-thread-1] INFO  server.RaftServerConfigKeys (ConfUtils.java:logGet(46)) - raft.server.rpc.timeout.max = 5200ms (custom)
2023-02-28 04:34:11,802 [pool-1484-thread-1] INFO  server.RaftServerConfigKeys (ConfUtils.java:logGet(46)) - raft.server.rpc.sleep.time = 25ms (default)
2023-02-28 04:34:11,802 [pool-1484-thread-1] INFO  server.RaftServerConfigKeys (ConfUtils.java:logGet(46)) - raft.server.rpc.slowness.timeout = 300s (custom)
2023-02-28 04:34:11,802 [pool-1484-thread-1] INFO  server.RaftServerConfigKeys (ConfUtils.java:logGet(46)) - raft.server.leaderelection.leader.step-down.wait-time = 10s (default)
2023-02-28 04:34:11,802 [pool-1484-thread-1] INFO  server.RaftServerConfigKeys (ConfUtils.java:logGet(46)) - raft.server.sleep.deviation.threshold = 300ms (default)
2023-02-28 04:34:11,802 [pool-1484-thread-1] INFO  server.RaftServer$Division (ServerState.java:<init>(118)) - 59b3d1af-192e-46e6-851e-ebaa0e10d9fe@group-87736AF3BFD9: ConfigurationManager, init=-1: peers:[59b3d1af-192e-46e6-851e-ebaa0e10d9fe|rpc:10.1.0.42:43209|dataStream:10.1.0.42:42427|priority:0|startupRole:FOLLOWER, 31a92c54-262b-4b95-8408-9add7bc0e96e|rpc:10.1.0.42:36747|dataStream:10.1.0.42:34135|priority:0|startupRole:FOLLOWER, e9b39097-2f21-4b57-bd6d-32b83f848713|rpc:10.1.0.42:34613|dataStream:10.1.0.42:43039|priority:1|startupRole:FOLLOWER]|listeners:[], old=null, confs=<EMPTY_MAP>
2023-02-28 04:34:11,802 [pool-1484-thread-1] INFO  server.RaftServerConfigKeys (ConfUtils.java:logGet(46)) - raft.server.storage.dir = [/home/runner/work/ozone/ozone/hadoop-ozone/integration-test/target/test-dir/MiniOzoneClusterImpl-0c3862ae-9f43-41f5-9e7d-509225cf1f3d/datanode-0/data/ratis] (custom)
2023-02-28 04:34:11,803 [pool-1484-thread-1] INFO  server.RaftServerConfigKeys (ConfUtils.java:logGet(46)) - raft.server.log.corruption.policy = EXCEPTION (default)
2023-02-28 04:34:11,803 [pool-1484-thread-1] INFO  server.RaftServerConfigKeys (ConfUtils.java:logGet(46)) - raft.server.storage.free-space.min = 0MB (=0) (default)
2023-02-28 04:34:11,803 [pool-1484-thread-1] INFO  server.RaftServerConfigKeys (ConfUtils.java:logGet(46)) - raft.server.notification.no-leader.timeout = 300s (custom)
2023-02-28 04:34:11,803 [pool-1484-thread-1] INFO  server.RaftServerConfigKeys (ConfUtils.java:logGet(46)) - raft.server.retrycache.expirytime = 600000ms (custom)
2023-02-28 04:34:11,803 [pool-1484-thread-1] INFO  server.RaftServerConfigKeys (ConfUtils.java:logGet(46)) - raft.server.retrycache.statistics.expirytime = 100μs (default)
2023-02-28 04:34:11,803 [pool-1484-thread-1] INFO  server.RaftServerConfigKeys (ConfUtils.java:logGet(46)) - raft.server.log.appender.install.snapshot.enabled = false (custom)
2023-02-28 04:34:11,803 [pool-1484-thread-1] INFO  server.RaftServerConfigKeys (ConfUtils.java:logGet(46)) - raft.server.threadpool.server.cached = true (default)
2023-02-28 04:34:11,803 [pool-1484-thread-1] INFO  server.RaftServerConfigKeys (ConfUtils.java:logGet(46)) - raft.server.threadpool.server.size = 0 (default)
2023-02-28 04:34:11,803 [pool-1484-thread-1] INFO  server.RaftServerConfigKeys (ConfUtils.java:logGet(46)) - raft.server.threadpool.client.cached = true (default)
2023-02-28 04:34:11,803 [pool-1484-thread-1] INFO  server.RaftServerConfigKeys (ConfUtils.java:logGet(46)) - raft.server.threadpool.client.size = 0 (default)
2023-02-28 04:34:11,804 [pool-1484-thread-1] INFO  storage.RaftStorageDirectory (RaftStorageDirectoryImpl.java:analyzeStorage(137)) - The storage directory /home/runner/work/ozone/ozone/hadoop-ozone/integration-test/target/test-dir/MiniOzoneClusterImpl-0c3862ae-9f43-41f5-9e7d-509225cf1f3d/datanode-0/data/ratis/99beed79-3ccc-4ee9-8e5c-87736af3bfd9 does not exist. Creating ...
2023-02-28 04:34:11,805 [pool-1484-thread-1] INFO  storage.RaftStorageDirectory (RaftStorageDirectoryImpl.java:tryLock(231)) - Lock on /home/runner/work/ozone/ozone/hadoop-ozone/integration-test/target/test-dir/MiniOzoneClusterImpl-0c3862ae-9f43-41f5-9e7d-509225cf1f3d/datanode-0/data/ratis/99beed79-3ccc-4ee9-8e5c-87736af3bfd9/in_use.lock acquired by nodename 61299@fv-az467-141
2023-02-28 04:34:11,806 [pool-1484-thread-1] INFO  storage.RaftStorage (RaftStorageImpl.java:format(96)) - Storage directory /home/runner/work/ozone/ozone/hadoop-ozone/integration-test/target/test-dir/MiniOzoneClusterImpl-0c3862ae-9f43-41f5-9e7d-509225cf1f3d/datanode-0/data/ratis/99beed79-3ccc-4ee9-8e5c-87736af3bfd9 has been successfully formatted.
2023-02-28 04:34:11,806 [pool-1484-thread-1] INFO  ratis.ContainerStateMachine (ContainerStateMachine.java:loadSnapshot(240)) - group-87736AF3BFD9: The snapshot info is null. Setting the last applied indexto:(t:0, i:~)
2023-02-28 04:34:11,806 [pool-1484-thread-1] INFO  server.RaftServerConfigKeys (ConfUtils.java:logGet(46)) - raft.server.log.use.memory = false (default)
2023-02-28 04:34:11,806 [pool-1484-thread-1] INFO  server.RaftServerConfigKeys (ConfUtils.java:logGet(46)) - raft.server.log.purge.gap = 1000000 (custom)
2023-02-28 04:34:11,806 [pool-1484-thread-1] INFO  server.RaftServerConfigKeys (ConfUtils.java:logGet(46)) - raft.server.log.appender.buffer.byte-limit = 33554432 (custom)
2023-02-28 04:34:11,806 [pool-1484-thread-1] INFO  server.RaftServerConfigKeys (ConfUtils.java:logGet(46)) - raft.server.log.statemachine.data.read.timeout = 1000ms (default)
2023-02-28 04:34:11,806 [pool-1484-thread-1] INFO  server.RaftServerConfigKeys (ConfUtils.java:logGet(46)) - raft.server.log.purge.preservation.log.num = 0 (default)
2023-02-28 04:34:11,806 [pool-1484-thread-1] INFO  server.RaftServerConfigKeys (ConfUtils.java:logGet(46)) - raft.server.log.segment.size.max = 1048576 (custom)
2023-02-28 04:34:11,807 [pool-1484-thread-1] INFO  server.RaftServerConfigKeys (ConfUtils.java:logGet(46)) - raft.server.log.segment.cache.num.max = 2 (custom)
2023-02-28 04:34:11,807 [pool-1484-thread-1] INFO  server.RaftServerConfigKeys (ConfUtils.java:logGet(46)) - raft.server.log.segment.cache.size.max = 200MB (=209715200) (default)
2023-02-28 04:34:11,807 [pool-1484-thread-1] INFO  segmented.SegmentedRaftLogWorker (SegmentedRaftLogWorker.java:<init>(189)) - new 59b3d1af-192e-46e6-851e-ebaa0e10d9fe@group-87736AF3BFD9-SegmentedRaftLogWorker for RaftStorageImpl:Storage Directory /home/runner/work/ozone/ozone/hadoop-ozone/integration-test/target/test-dir/MiniOzoneClusterImpl-0c3862ae-9f43-41f5-9e7d-509225cf1f3d/datanode-0/data/ratis/99beed79-3ccc-4ee9-8e5c-87736af3bfd9
2023-02-28 04:34:11,807 [pool-1484-thread-1] INFO  server.RaftServerConfigKeys (ConfUtils.java:logGet(46)) - raft.server.log.queue.byte-limit = 4294967296 (custom)
2023-02-28 04:34:11,807 [pool-1484-thread-1] INFO  server.RaftServerConfigKeys (ConfUtils.java:logGet(46)) - raft.server.log.queue.element-limit = 1024 (custom)
2023-02-28 04:34:11,807 [pool-1484-thread-1] INFO  server.RaftServerConfigKeys (ConfUtils.java:logGet(46)) - raft.server.log.segment.size.max = 1048576 (custom)
2023-02-28 04:34:11,807 [pool-1484-thread-1] INFO  server.RaftServerConfigKeys (ConfUtils.java:logGet(46)) - raft.server.log.preallocated.size = 16384 (custom)
2023-02-28 04:34:11,807 [pool-1484-thread-1] INFO  server.RaftServerConfigKeys (ConfUtils.java:logGet(46)) - raft.server.log.force.sync.num = 128 (default)
2023-02-28 04:34:11,807 [pool-1484-thread-1] INFO  server.RaftServerConfigKeys (ConfUtils.java:logGet(46)) - raft.server.log.statemachine.data.sync = true (default)
2023-02-28 04:34:11,807 [pool-1484-thread-1] INFO  server.RaftServerConfigKeys (ConfUtils.java:logGet(46)) - raft.server.log.statemachine.data.sync.timeout = 10s (default)
2023-02-28 04:34:11,807 [pool-1484-thread-1] INFO  server.RaftServerConfigKeys (ConfUtils.java:logGet(46)) - raft.server.log.statemachine.data.sync.timeout.retry = -1 (default)
2023-02-28 04:34:11,807 [pool-1484-thread-1] INFO  server.RaftServerConfigKeys (ConfUtils.java:logGet(46)) - raft.server.log.write.buffer.size = 1048576 (custom)
2023-02-28 04:34:11,807 [EventQueue-OpenPipelineForHealthyPipelineSafeModeRule] INFO  safemode.SCMSafeModeManager (HealthyPipelineSafeModeRule.java:process(137)) - SCM in safe mode. Healthy pipelines reported count is 0, required healthy pipeline reported count is 1
2023-02-28 04:34:11,808 [pool-1484-thread-1] INFO  server.RaftServerConfigKeys (ConfUtils.java:logGet(46)) - raft.server.log.appender.buffer.byte-limit = 33554432 (custom)
2023-02-28 04:34:11,812 [pool-1484-thread-1] INFO  server.RaftServerConfigKeys (ConfUtils.java:logGet(46)) - raft.server.log.unsafe-flush.enabled = false (default)
2023-02-28 04:34:11,812 [pool-1484-thread-1] INFO  server.RaftServerConfigKeys (ConfUtils.java:logGet(46)) - raft.server.log.async-flush.enabled = false (default)
2023-02-28 04:34:11,812 [pool-1484-thread-1] INFO  server.RaftServerConfigKeys (ConfUtils.java:logGet(46)) - raft.server.log.statemachine.data.caching.enabled = true (custom)
2023-02-28 04:34:11,812 [pool-1484-thread-1] INFO  segmented.SegmentedRaftLogWorker (SegmentedRaftLogWorker.java:lambda$new$0(135)) - 59b3d1af-192e-46e6-851e-ebaa0e10d9fe@group-87736AF3BFD9-SegmentedRaftLogWorker: flushIndex: setUnconditionally 0 -> -1
2023-02-28 04:34:11,812 [pool-1484-thread-1] INFO  segmented.SegmentedRaftLogWorker (SegmentedRaftLogWorker.java:lambda$new$0(135)) - 59b3d1af-192e-46e6-851e-ebaa0e10d9fe@group-87736AF3BFD9-SegmentedRaftLogWorker: safeCacheEvictIndex: setUnconditionally 0 -> -1
2023-02-28 04:34:11,813 [pool-1484-thread-1] INFO  server.RaftServer$Division (RaftServerImpl.java:start(334)) - 59b3d1af-192e-46e6-851e-ebaa0e10d9fe@group-87736AF3BFD9: start as a follower, conf=-1: peers:[59b3d1af-192e-46e6-851e-ebaa0e10d9fe|rpc:10.1.0.42:43209|dataStream:10.1.0.42:42427|priority:0|startupRole:FOLLOWER, 31a92c54-262b-4b95-8408-9add7bc0e96e|rpc:10.1.0.42:36747|dataStream:10.1.0.42:34135|priority:0|startupRole:FOLLOWER, e9b39097-2f21-4b57-bd6d-32b83f848713|rpc:10.1.0.42:34613|dataStream:10.1.0.42:43039|priority:1|startupRole:FOLLOWER]|listeners:[], old=null
2023-02-28 04:34:11,813 [pool-1484-thread-1] INFO  server.RaftServer$Division (RaftServerImpl.java:setRole(321)) - 59b3d1af-192e-46e6-851e-ebaa0e10d9fe@group-87736AF3BFD9: changes role from      null to FOLLOWER at term 0 for startAsFollower
2023-02-28 04:34:11,813 [pool-1484-thread-1] INFO  impl.RoleInfo (RoleInfo.java:updateAndGet(139)) - 59b3d1af-192e-46e6-851e-ebaa0e10d9fe: start 59b3d1af-192e-46e6-851e-ebaa0e10d9fe@group-87736AF3BFD9-FollowerState
2023-02-28 04:34:11,817 [pool-1484-thread-1] INFO  util.JmxRegister (JmxRegister.java:tryRegister(44)) - Successfully registered JMX Bean with object name Ratis:service=RaftServer,group=group-87736AF3BFD9,id=59b3d1af-192e-46e6-851e-ebaa0e10d9fe
2023-02-28 04:34:11,817 [pool-1484-thread-1] INFO  server.RaftServerConfigKeys (ConfUtils.java:logGet(46)) - raft.server.snapshot.auto.trigger.enabled = true (custom)
2023-02-28 04:34:11,817 [pool-1484-thread-1] INFO  server.RaftServerConfigKeys (ConfUtils.java:logGet(46)) - raft.server.snapshot.auto.trigger.threshold = 10000 (custom)
2023-02-28 04:34:11,817 [pool-1484-thread-1] INFO  server.RaftServerConfigKeys (ConfUtils.java:logGet(46)) - raft.server.snapshot.retention.file.num = 5 (custom)
2023-02-28 04:34:11,817 [pool-1484-thread-1] INFO  server.RaftServerConfigKeys (ConfUtils.java:logGet(46)) - raft.server.log.purge.upto.snapshot.index = false (default)
2023-02-28 04:34:11,818 [59b3d1af-192e-46e6-851e-ebaa0e10d9fe@group-87736AF3BFD9-FollowerState] INFO  server.RaftServerConfigKeys (ConfUtils.java:logFallback(53)) - raft.server.rpc.first-election.timeout.min = 5s (fallback to raft.server.rpc.timeout.min)
2023-02-28 04:34:11,820 [Command processor thread] INFO  ratis.XceiverServerRatis (XceiverServerRatis.java:addGroup(807)) - Created group PipelineID=99beed79-3ccc-4ee9-8e5c-87736af3bfd9
2023-02-28 04:34:11,820 [59b3d1af-192e-46e6-851e-ebaa0e10d9fe@group-87736AF3BFD9-FollowerState] INFO  server.RaftServerConfigKeys (ConfUtils.java:logFallback(53)) - raft.server.rpc.first-election.timeout.max = 5200ms (fallback to raft.server.rpc.timeout.max)
2023-02-28 04:34:11,831 [grpc-default-executor-2] INFO  server.RaftServer (RaftServerProxy.java:addNew(96)) - 31a92c54-262b-4b95-8408-9add7bc0e96e: addNew group-87736AF3BFD9:[59b3d1af-192e-46e6-851e-ebaa0e10d9fe|rpc:10.1.0.42:43209|dataStream:10.1.0.42:42427|priority:0|startupRole:FOLLOWER, 31a92c54-262b-4b95-8408-9add7bc0e96e|rpc:10.1.0.42:36747|dataStream:10.1.0.42:34135|priority:0|startupRole:FOLLOWER, e9b39097-2f21-4b57-bd6d-32b83f848713|rpc:10.1.0.42:34613|dataStream:10.1.0.42:43039|priority:1|startupRole:FOLLOWER] returns group-87736AF3BFD9:java.util.concurrent.CompletableFuture@475dd6ff[Not completed]
2023-02-28 04:34:11,833 [pool-1506-thread-1] INFO  server.RaftServer$Division (RaftServerImpl.java:<init>(195)) - 31a92c54-262b-4b95-8408-9add7bc0e96e: new RaftServerImpl for group-87736AF3BFD9:[59b3d1af-192e-46e6-851e-ebaa0e10d9fe|rpc:10.1.0.42:43209|dataStream:10.1.0.42:42427|priority:0|startupRole:FOLLOWER, 31a92c54-262b-4b95-8408-9add7bc0e96e|rpc:10.1.0.42:36747|dataStream:10.1.0.42:34135|priority:0|startupRole:FOLLOWER, e9b39097-2f21-4b57-bd6d-32b83f848713|rpc:10.1.0.42:34613|dataStream:10.1.0.42:43039|priority:1|startupRole:FOLLOWER] with ContainerStateMachine:uninitialized
2023-02-28 04:34:11,833 [pool-1506-thread-1] INFO  server.RaftServerConfigKeys (ConfUtils.java:logGet(46)) - raft.server.rpc.timeout.min = 5s (custom)
2023-02-28 04:34:11,833 [pool-1506-thread-1] INFO  server.RaftServerConfigKeys (ConfUtils.java:logGet(46)) - raft.server.rpc.timeout.max = 5200ms (custom)
2023-02-28 04:34:11,833 [pool-1506-thread-1] INFO  server.RaftServerConfigKeys (ConfUtils.java:logGet(46)) - raft.server.rpc.sleep.time = 25ms (default)
2023-02-28 04:34:11,833 [pool-1506-thread-1] INFO  server.RaftServerConfigKeys (ConfUtils.java:logGet(46)) - raft.server.rpc.slowness.timeout = 300s (custom)
2023-02-28 04:34:11,833 [pool-1506-thread-1] INFO  server.RaftServerConfigKeys (ConfUtils.java:logGet(46)) - raft.server.leaderelection.leader.step-down.wait-time = 10s (default)
2023-02-28 04:34:11,833 [pool-1506-thread-1] INFO  server.RaftServerConfigKeys (ConfUtils.java:logGet(46)) - raft.server.sleep.deviation.threshold = 300ms (default)
2023-02-28 04:34:11,833 [pool-1506-thread-1] INFO  server.RaftServer$Division (ServerState.java:<init>(118)) - 31a92c54-262b-4b95-8408-9add7bc0e96e@group-87736AF3BFD9: ConfigurationManager, init=-1: peers:[59b3d1af-192e-46e6-851e-ebaa0e10d9fe|rpc:10.1.0.42:43209|dataStream:10.1.0.42:42427|priority:0|startupRole:FOLLOWER, 31a92c54-262b-4b95-8408-9add7bc0e96e|rpc:10.1.0.42:36747|dataStream:10.1.0.42:34135|priority:0|startupRole:FOLLOWER, e9b39097-2f21-4b57-bd6d-32b83f848713|rpc:10.1.0.42:34613|dataStream:10.1.0.42:43039|priority:1|startupRole:FOLLOWER]|listeners:[], old=null, confs=<EMPTY_MAP>
2023-02-28 04:34:11,833 [pool-1506-thread-1] INFO  server.RaftServerConfigKeys (ConfUtils.java:logGet(46)) - raft.server.storage.dir = [/home/runner/work/ozone/ozone/hadoop-ozone/integration-test/target/test-dir/MiniOzoneClusterImpl-0c3862ae-9f43-41f5-9e7d-509225cf1f3d/datanode-1/data/ratis] (custom)
2023-02-28 04:34:11,833 [pool-1506-thread-1] INFO  server.RaftServerConfigKeys (ConfUtils.java:logGet(46)) - raft.server.log.corruption.policy = EXCEPTION (default)
2023-02-28 04:34:11,833 [pool-1506-thread-1] INFO  server.RaftServerConfigKeys (ConfUtils.java:logGet(46)) - raft.server.storage.free-space.min = 0MB (=0) (default)
2023-02-28 04:34:11,833 [pool-1506-thread-1] INFO  server.RaftServerConfigKeys (ConfUtils.java:logGet(46)) - raft.server.notification.no-leader.timeout = 300s (custom)
2023-02-28 04:34:11,834 [pool-1506-thread-1] INFO  server.RaftServerConfigKeys (ConfUtils.java:logGet(46)) - raft.server.retrycache.expirytime = 600000ms (custom)
2023-02-28 04:34:11,834 [pool-1506-thread-1] INFO  server.RaftServerConfigKeys (ConfUtils.java:logGet(46)) - raft.server.retrycache.statistics.expirytime = 100μs (default)
2023-02-28 04:34:11,834 [pool-1506-thread-1] INFO  server.RaftServerConfigKeys (ConfUtils.java:logGet(46)) - raft.server.log.appender.install.snapshot.enabled = false (custom)
2023-02-28 04:34:11,835 [pool-1506-thread-1] INFO  server.RaftServerConfigKeys (ConfUtils.java:logGet(46)) - raft.server.threadpool.server.cached = true (default)
2023-02-28 04:34:11,835 [pool-1506-thread-1] INFO  server.RaftServerConfigKeys (ConfUtils.java:logGet(46)) - raft.server.threadpool.server.size = 0 (default)
2023-02-28 04:34:11,835 [pool-1506-thread-1] INFO  server.RaftServerConfigKeys (ConfUtils.java:logGet(46)) - raft.server.threadpool.client.cached = true (default)
2023-02-28 04:34:11,835 [pool-1506-thread-1] INFO  server.RaftServerConfigKeys (ConfUtils.java:logGet(46)) - raft.server.threadpool.client.size = 0 (default)
2023-02-28 04:34:11,835 [pool-1506-thread-1] INFO  storage.RaftStorageDirectory (RaftStorageDirectoryImpl.java:analyzeStorage(137)) - The storage directory /home/runner/work/ozone/ozone/hadoop-ozone/integration-test/target/test-dir/MiniOzoneClusterImpl-0c3862ae-9f43-41f5-9e7d-509225cf1f3d/datanode-1/data/ratis/99beed79-3ccc-4ee9-8e5c-87736af3bfd9 does not exist. Creating ...
2023-02-28 04:34:11,836 [pool-1506-thread-1] INFO  storage.RaftStorageDirectory (RaftStorageDirectoryImpl.java:tryLock(231)) - Lock on /home/runner/work/ozone/ozone/hadoop-ozone/integration-test/target/test-dir/MiniOzoneClusterImpl-0c3862ae-9f43-41f5-9e7d-509225cf1f3d/datanode-1/data/ratis/99beed79-3ccc-4ee9-8e5c-87736af3bfd9/in_use.lock acquired by nodename 61299@fv-az467-141
2023-02-28 04:34:11,837 [pool-1506-thread-1] INFO  storage.RaftStorage (RaftStorageImpl.java:format(96)) - Storage directory /home/runner/work/ozone/ozone/hadoop-ozone/integration-test/target/test-dir/MiniOzoneClusterImpl-0c3862ae-9f43-41f5-9e7d-509225cf1f3d/datanode-1/data/ratis/99beed79-3ccc-4ee9-8e5c-87736af3bfd9 has been successfully formatted.
2023-02-28 04:34:11,839 [pool-1506-thread-1] INFO  ratis.ContainerStateMachine (ContainerStateMachine.java:loadSnapshot(240)) - group-87736AF3BFD9: The snapshot info is null. Setting the last applied indexto:(t:0, i:~)
2023-02-28 04:34:11,839 [pool-1506-thread-1] INFO  server.RaftServerConfigKeys (ConfUtils.java:logGet(46)) - raft.server.log.use.memory = false (default)
2023-02-28 04:34:11,840 [pool-1506-thread-1] INFO  server.RaftServerConfigKeys (ConfUtils.java:logGet(46)) - raft.server.log.purge.gap = 1000000 (custom)
2023-02-28 04:34:11,840 [pool-1506-thread-1] INFO  server.RaftServerConfigKeys (ConfUtils.java:logGet(46)) - raft.server.log.appender.buffer.byte-limit = 33554432 (custom)
2023-02-28 04:34:11,840 [pool-1506-thread-1] INFO  server.RaftServerConfigKeys (ConfUtils.java:logGet(46)) - raft.server.log.statemachine.data.read.timeout = 1000ms (default)
2023-02-28 04:34:11,840 [pool-1506-thread-1] INFO  server.RaftServerConfigKeys (ConfUtils.java:logGet(46)) - raft.server.log.purge.preservation.log.num = 0 (default)
2023-02-28 04:34:11,840 [pool-1506-thread-1] INFO  server.RaftServerConfigKeys (ConfUtils.java:logGet(46)) - raft.server.log.segment.size.max = 1048576 (custom)
2023-02-28 04:34:11,841 [pool-1506-thread-1] INFO  server.RaftServerConfigKeys (ConfUtils.java:logGet(46)) - raft.server.log.segment.cache.num.max = 2 (custom)
2023-02-28 04:34:11,841 [pool-1506-thread-1] INFO  server.RaftServerConfigKeys (ConfUtils.java:logGet(46)) - raft.server.log.segment.cache.size.max = 200MB (=209715200) (default)
2023-02-28 04:34:11,841 [pool-1506-thread-1] INFO  segmented.SegmentedRaftLogWorker (SegmentedRaftLogWorker.java:<init>(189)) - new 31a92c54-262b-4b95-8408-9add7bc0e96e@group-87736AF3BFD9-SegmentedRaftLogWorker for RaftStorageImpl:Storage Directory /home/runner/work/ozone/ozone/hadoop-ozone/integration-test/target/test-dir/MiniOzoneClusterImpl-0c3862ae-9f43-41f5-9e7d-509225cf1f3d/datanode-1/data/ratis/99beed79-3ccc-4ee9-8e5c-87736af3bfd9
2023-02-28 04:34:11,841 [pool-1506-thread-1] INFO  server.RaftServerConfigKeys (ConfUtils.java:logGet(46)) - raft.server.log.queue.byte-limit = 4294967296 (custom)
2023-02-28 04:34:11,841 [pool-1506-thread-1] INFO  server.RaftServerConfigKeys (ConfUtils.java:logGet(46)) - raft.server.log.queue.element-limit = 1024 (custom)
2023-02-28 04:34:11,841 [pool-1506-thread-1] INFO  server.RaftServerConfigKeys (ConfUtils.java:logGet(46)) - raft.server.log.segment.size.max = 1048576 (custom)
2023-02-28 04:34:11,841 [pool-1506-thread-1] INFO  server.RaftServerConfigKeys (ConfUtils.java:logGet(46)) - raft.server.log.preallocated.size = 16384 (custom)
2023-02-28 04:34:11,841 [pool-1506-thread-1] INFO  server.RaftServerConfigKeys (ConfUtils.java:logGet(46)) - raft.server.log.force.sync.num = 128 (default)
2023-02-28 04:34:11,841 [pool-1506-thread-1] INFO  server.RaftServerConfigKeys (ConfUtils.java:logGet(46)) - raft.server.log.statemachine.data.sync = true (default)
2023-02-28 04:34:11,841 [pool-1506-thread-1] INFO  server.RaftServerConfigKeys (ConfUtils.java:logGet(46)) - raft.server.log.statemachine.data.sync.timeout = 10s (default)
2023-02-28 04:34:11,841 [pool-1506-thread-1] INFO  server.RaftServerConfigKeys (ConfUtils.java:logGet(46)) - raft.server.log.statemachine.data.sync.timeout.retry = -1 (default)
2023-02-28 04:34:11,842 [pool-1506-thread-1] INFO  server.RaftServerConfigKeys (ConfUtils.java:logGet(46)) - raft.server.log.write.buffer.size = 1048576 (custom)
2023-02-28 04:34:11,842 [pool-1506-thread-1] INFO  server.RaftServerConfigKeys (ConfUtils.java:logGet(46)) - raft.server.log.appender.buffer.byte-limit = 33554432 (custom)
2023-02-28 04:34:11,846 [pool-1506-thread-1] INFO  server.RaftServerConfigKeys (ConfUtils.java:logGet(46)) - raft.server.log.unsafe-flush.enabled = false (default)
2023-02-28 04:34:11,846 [pool-1506-thread-1] INFO  server.RaftServerConfigKeys (ConfUtils.java:logGet(46)) - raft.server.log.async-flush.enabled = false (default)
2023-02-28 04:34:11,846 [pool-1506-thread-1] INFO  server.RaftServerConfigKeys (ConfUtils.java:logGet(46)) - raft.server.log.statemachine.data.caching.enabled = true (custom)
2023-02-28 04:34:11,846 [pool-1506-thread-1] INFO  segmented.SegmentedRaftLogWorker (SegmentedRaftLogWorker.java:lambda$new$0(135)) - 31a92c54-262b-4b95-8408-9add7bc0e96e@group-87736AF3BFD9-SegmentedRaftLogWorker: flushIndex: setUnconditionally 0 -> -1
2023-02-28 04:34:11,846 [pool-1506-thread-1] INFO  segmented.SegmentedRaftLogWorker (SegmentedRaftLogWorker.java:lambda$new$0(135)) - 31a92c54-262b-4b95-8408-9add7bc0e96e@group-87736AF3BFD9-SegmentedRaftLogWorker: safeCacheEvictIndex: setUnconditionally 0 -> -1
2023-02-28 04:34:11,846 [pool-1506-thread-1] INFO  server.RaftServer$Division (RaftServerImpl.java:start(334)) - 31a92c54-262b-4b95-8408-9add7bc0e96e@group-87736AF3BFD9: start as a follower, conf=-1: peers:[59b3d1af-192e-46e6-851e-ebaa0e10d9fe|rpc:10.1.0.42:43209|dataStream:10.1.0.42:42427|priority:0|startupRole:FOLLOWER, 31a92c54-262b-4b95-8408-9add7bc0e96e|rpc:10.1.0.42:36747|dataStream:10.1.0.42:34135|priority:0|startupRole:FOLLOWER, e9b39097-2f21-4b57-bd6d-32b83f848713|rpc:10.1.0.42:34613|dataStream:10.1.0.42:43039|priority:1|startupRole:FOLLOWER]|listeners:[], old=null
2023-02-28 04:34:11,846 [pool-1506-thread-1] INFO  server.RaftServer$Division (RaftServerImpl.java:setRole(321)) - 31a92c54-262b-4b95-8408-9add7bc0e96e@group-87736AF3BFD9: changes role from      null to FOLLOWER at term 0 for startAsFollower
2023-02-28 04:34:11,846 [pool-1506-thread-1] INFO  impl.RoleInfo (RoleInfo.java:updateAndGet(139)) - 31a92c54-262b-4b95-8408-9add7bc0e96e: start 31a92c54-262b-4b95-8408-9add7bc0e96e@group-87736AF3BFD9-FollowerState
2023-02-28 04:34:11,851 [pool-1506-thread-1] INFO  util.JmxRegister (JmxRegister.java:tryRegister(44)) - Successfully registered JMX Bean with object name Ratis:service=RaftServer,group=group-87736AF3BFD9,id=31a92c54-262b-4b95-8408-9add7bc0e96e
2023-02-28 04:34:11,851 [pool-1506-thread-1] INFO  server.RaftServerConfigKeys (ConfUtils.java:logGet(46)) - raft.server.snapshot.auto.trigger.enabled = true (custom)
2023-02-28 04:34:11,851 [pool-1506-thread-1] INFO  server.RaftServerConfigKeys (ConfUtils.java:logGet(46)) - raft.server.snapshot.auto.trigger.threshold = 10000 (custom)
2023-02-28 04:34:11,851 [pool-1506-thread-1] INFO  server.RaftServerConfigKeys (ConfUtils.java:logGet(46)) - raft.server.snapshot.retention.file.num = 5 (custom)
2023-02-28 04:34:11,851 [pool-1506-thread-1] INFO  server.RaftServerConfigKeys (ConfUtils.java:logGet(46)) - raft.server.log.purge.upto.snapshot.index = false (default)
2023-02-28 04:34:11,851 [31a92c54-262b-4b95-8408-9add7bc0e96e@group-87736AF3BFD9-FollowerState] INFO  server.RaftServerConfigKeys (ConfUtils.java:logFallback(53)) - raft.server.rpc.first-election.timeout.min = 5s (fallback to raft.server.rpc.timeout.min)
2023-02-28 04:34:11,866 [31a92c54-262b-4b95-8408-9add7bc0e96e@group-87736AF3BFD9-FollowerState] INFO  server.RaftServerConfigKeys (ConfUtils.java:logFallback(53)) - raft.server.rpc.first-election.timeout.max = 5200ms (fallback to raft.server.rpc.timeout.max)
2023-02-28 04:34:11,886 [grpc-default-executor-2] INFO  server.RaftServer (RaftServerProxy.java:addNew(96)) - e9b39097-2f21-4b57-bd6d-32b83f848713: addNew group-87736AF3BFD9:[59b3d1af-192e-46e6-851e-ebaa0e10d9fe|rpc:10.1.0.42:43209|dataStream:10.1.0.42:42427|priority:0|startupRole:FOLLOWER, 31a92c54-262b-4b95-8408-9add7bc0e96e|rpc:10.1.0.42:36747|dataStream:10.1.0.42:34135|priority:0|startupRole:FOLLOWER, e9b39097-2f21-4b57-bd6d-32b83f848713|rpc:10.1.0.42:34613|dataStream:10.1.0.42:43039|priority:1|startupRole:FOLLOWER] returns group-87736AF3BFD9:java.util.concurrent.CompletableFuture@4e6206a4[Not completed]
2023-02-28 04:34:11,891 [pool-1528-thread-1] INFO  server.RaftServer$Division (RaftServerImpl.java:<init>(195)) - e9b39097-2f21-4b57-bd6d-32b83f848713: new RaftServerImpl for group-87736AF3BFD9:[59b3d1af-192e-46e6-851e-ebaa0e10d9fe|rpc:10.1.0.42:43209|dataStream:10.1.0.42:42427|priority:0|startupRole:FOLLOWER, 31a92c54-262b-4b95-8408-9add7bc0e96e|rpc:10.1.0.42:36747|dataStream:10.1.0.42:34135|priority:0|startupRole:FOLLOWER, e9b39097-2f21-4b57-bd6d-32b83f848713|rpc:10.1.0.42:34613|dataStream:10.1.0.42:43039|priority:1|startupRole:FOLLOWER] with ContainerStateMachine:uninitialized
2023-02-28 04:34:11,891 [pool-1528-thread-1] INFO  server.RaftServerConfigKeys (ConfUtils.java:logGet(46)) - raft.server.rpc.timeout.min = 5s (custom)
2023-02-28 04:34:11,891 [pool-1528-thread-1] INFO  server.RaftServerConfigKeys (ConfUtils.java:logGet(46)) - raft.server.rpc.timeout.max = 5200ms (custom)
2023-02-28 04:34:11,891 [pool-1528-thread-1] INFO  server.RaftServerConfigKeys (ConfUtils.java:logGet(46)) - raft.server.rpc.sleep.time = 25ms (default)
2023-02-28 04:34:11,891 [pool-1528-thread-1] INFO  server.RaftServerConfigKeys (ConfUtils.java:logGet(46)) - raft.server.rpc.slowness.timeout = 300s (custom)
2023-02-28 04:34:11,891 [pool-1528-thread-1] INFO  server.RaftServerConfigKeys (ConfUtils.java:logGet(46)) - raft.server.leaderelection.leader.step-down.wait-time = 10s (default)
2023-02-28 04:34:11,891 [pool-1528-thread-1] INFO  server.RaftServerConfigKeys (ConfUtils.java:logGet(46)) - raft.server.sleep.deviation.threshold = 300ms (default)
2023-02-28 04:34:11,892 [pool-1528-thread-1] INFO  server.RaftServer$Division (ServerState.java:<init>(118)) - e9b39097-2f21-4b57-bd6d-32b83f848713@group-87736AF3BFD9: ConfigurationManager, init=-1: peers:[59b3d1af-192e-46e6-851e-ebaa0e10d9fe|rpc:10.1.0.42:43209|dataStream:10.1.0.42:42427|priority:0|startupRole:FOLLOWER, 31a92c54-262b-4b95-8408-9add7bc0e96e|rpc:10.1.0.42:36747|dataStream:10.1.0.42:34135|priority:0|startupRole:FOLLOWER, e9b39097-2f21-4b57-bd6d-32b83f848713|rpc:10.1.0.42:34613|dataStream:10.1.0.42:43039|priority:1|startupRole:FOLLOWER]|listeners:[], old=null, confs=<EMPTY_MAP>
2023-02-28 04:34:11,892 [pool-1528-thread-1] INFO  server.RaftServerConfigKeys (ConfUtils.java:logGet(46)) - raft.server.storage.dir = [/home/runner/work/ozone/ozone/hadoop-ozone/integration-test/target/test-dir/MiniOzoneClusterImpl-0c3862ae-9f43-41f5-9e7d-509225cf1f3d/datanode-2/data/ratis] (custom)
2023-02-28 04:34:11,892 [pool-1528-thread-1] INFO  server.RaftServerConfigKeys (ConfUtils.java:logGet(46)) - raft.server.log.corruption.policy = EXCEPTION (default)
2023-02-28 04:34:11,892 [pool-1528-thread-1] INFO  server.RaftServerConfigKeys (ConfUtils.java:logGet(46)) - raft.server.storage.free-space.min = 0MB (=0) (default)
2023-02-28 04:34:11,893 [pool-1528-thread-1] INFO  server.RaftServerConfigKeys (ConfUtils.java:logGet(46)) - raft.server.notification.no-leader.timeout = 300s (custom)
2023-02-28 04:34:11,893 [pool-1528-thread-1] INFO  server.RaftServerConfigKeys (ConfUtils.java:logGet(46)) - raft.server.retrycache.expirytime = 600000ms (custom)
2023-02-28 04:34:11,893 [pool-1528-thread-1] INFO  server.RaftServerConfigKeys (ConfUtils.java:logGet(46)) - raft.server.retrycache.statistics.expirytime = 100μs (default)
2023-02-28 04:34:11,893 [pool-1528-thread-1] INFO  server.RaftServerConfigKeys (ConfUtils.java:logGet(46)) - raft.server.log.appender.install.snapshot.enabled = false (custom)
2023-02-28 04:34:11,893 [pool-1528-thread-1] INFO  server.RaftServerConfigKeys (ConfUtils.java:logGet(46)) - raft.server.threadpool.server.cached = true (default)
2023-02-28 04:34:11,893 [pool-1528-thread-1] INFO  server.RaftServerConfigKeys (ConfUtils.java:logGet(46)) - raft.server.threadpool.server.size = 0 (default)
2023-02-28 04:34:11,893 [pool-1528-thread-1] INFO  server.RaftServerConfigKeys (ConfUtils.java:logGet(46)) - raft.server.threadpool.client.cached = true (default)
2023-02-28 04:34:11,893 [pool-1528-thread-1] INFO  server.RaftServerConfigKeys (ConfUtils.java:logGet(46)) - raft.server.threadpool.client.size = 0 (default)
2023-02-28 04:34:11,894 [pool-1528-thread-1] INFO  storage.RaftStorageDirectory (RaftStorageDirectoryImpl.java:analyzeStorage(137)) - The storage directory /home/runner/work/ozone/ozone/hadoop-ozone/integration-test/target/test-dir/MiniOzoneClusterImpl-0c3862ae-9f43-41f5-9e7d-509225cf1f3d/datanode-2/data/ratis/99beed79-3ccc-4ee9-8e5c-87736af3bfd9 does not exist. Creating ...
2023-02-28 04:34:11,896 [pool-1528-thread-1] INFO  storage.RaftStorageDirectory (RaftStorageDirectoryImpl.java:tryLock(231)) - Lock on /home/runner/work/ozone/ozone/hadoop-ozone/integration-test/target/test-dir/MiniOzoneClusterImpl-0c3862ae-9f43-41f5-9e7d-509225cf1f3d/datanode-2/data/ratis/99beed79-3ccc-4ee9-8e5c-87736af3bfd9/in_use.lock acquired by nodename 61299@fv-az467-141
2023-02-28 04:34:11,897 [pool-1528-thread-1] INFO  storage.RaftStorage (RaftStorageImpl.java:format(96)) - Storage directory /home/runner/work/ozone/ozone/hadoop-ozone/integration-test/target/test-dir/MiniOzoneClusterImpl-0c3862ae-9f43-41f5-9e7d-509225cf1f3d/datanode-2/data/ratis/99beed79-3ccc-4ee9-8e5c-87736af3bfd9 has been successfully formatted.
2023-02-28 04:34:11,898 [pool-1528-thread-1] INFO  ratis.ContainerStateMachine (ContainerStateMachine.java:loadSnapshot(240)) - group-87736AF3BFD9: The snapshot info is null. Setting the last applied indexto:(t:0, i:~)
2023-02-28 04:34:11,899 [pool-1528-thread-1] INFO  server.RaftServerConfigKeys (ConfUtils.java:logGet(46)) - raft.server.log.use.memory = false (default)
2023-02-28 04:34:11,899 [pool-1528-thread-1] INFO  server.RaftServerConfigKeys (ConfUtils.java:logGet(46)) - raft.server.log.purge.gap = 1000000 (custom)
2023-02-28 04:34:11,899 [pool-1528-thread-1] INFO  server.RaftServerConfigKeys (ConfUtils.java:logGet(46)) - raft.server.log.appender.buffer.byte-limit = 33554432 (custom)
2023-02-28 04:34:11,899 [pool-1528-thread-1] INFO  server.RaftServerConfigKeys (ConfUtils.java:logGet(46)) - raft.server.log.statemachine.data.read.timeout = 1000ms (default)
2023-02-28 04:34:11,899 [pool-1528-thread-1] INFO  server.RaftServerConfigKeys (ConfUtils.java:logGet(46)) - raft.server.log.purge.preservation.log.num = 0 (default)
2023-02-28 04:34:11,899 [pool-1528-thread-1] INFO  server.RaftServerConfigKeys (ConfUtils.java:logGet(46)) - raft.server.log.segment.size.max = 1048576 (custom)
2023-02-28 04:34:11,899 [pool-1528-thread-1] INFO  server.RaftServerConfigKeys (ConfUtils.java:logGet(46)) - raft.server.log.segment.cache.num.max = 2 (custom)
2023-02-28 04:34:11,899 [pool-1528-thread-1] INFO  server.RaftServerConfigKeys (ConfUtils.java:logGet(46)) - raft.server.log.segment.cache.size.max = 200MB (=209715200) (default)
2023-02-28 04:34:11,900 [pool-1528-thread-1] INFO  segmented.SegmentedRaftLogWorker (SegmentedRaftLogWorker.java:<init>(189)) - new e9b39097-2f21-4b57-bd6d-32b83f848713@group-87736AF3BFD9-SegmentedRaftLogWorker for RaftStorageImpl:Storage Directory /home/runner/work/ozone/ozone/hadoop-ozone/integration-test/target/test-dir/MiniOzoneClusterImpl-0c3862ae-9f43-41f5-9e7d-509225cf1f3d/datanode-2/data/ratis/99beed79-3ccc-4ee9-8e5c-87736af3bfd9
2023-02-28 04:34:11,900 [pool-1528-thread-1] INFO  server.RaftServerConfigKeys (ConfUtils.java:logGet(46)) - raft.server.log.queue.byte-limit = 4294967296 (custom)
2023-02-28 04:34:11,900 [pool-1528-thread-1] INFO  server.RaftServerConfigKeys (ConfUtils.java:logGet(46)) - raft.server.log.queue.element-limit = 1024 (custom)
2023-02-28 04:34:11,900 [pool-1528-thread-1] INFO  server.RaftServerConfigKeys (ConfUtils.java:logGet(46)) - raft.server.log.segment.size.max = 1048576 (custom)
2023-02-28 04:34:11,900 [pool-1528-thread-1] INFO  server.RaftServerConfigKeys (ConfUtils.java:logGet(46)) - raft.server.log.preallocated.size = 16384 (custom)
2023-02-28 04:34:11,900 [pool-1528-thread-1] INFO  server.RaftServerConfigKeys (ConfUtils.java:logGet(46)) - raft.server.log.force.sync.num = 128 (default)
2023-02-28 04:34:11,900 [pool-1528-thread-1] INFO  server.RaftServerConfigKeys (ConfUtils.java:logGet(46)) - raft.server.log.statemachine.data.sync = true (default)
2023-02-28 04:34:11,900 [pool-1528-thread-1] INFO  server.RaftServerConfigKeys (ConfUtils.java:logGet(46)) - raft.server.log.statemachine.data.sync.timeout = 10s (default)
2023-02-28 04:34:11,900 [pool-1528-thread-1] INFO  server.RaftServerConfigKeys (ConfUtils.java:logGet(46)) - raft.server.log.statemachine.data.sync.timeout.retry = -1 (default)
2023-02-28 04:34:11,900 [pool-1528-thread-1] INFO  server.RaftServerConfigKeys (ConfUtils.java:logGet(46)) - raft.server.log.write.buffer.size = 1048576 (custom)
2023-02-28 04:34:11,900 [pool-1528-thread-1] INFO  server.RaftServerConfigKeys (ConfUtils.java:logGet(46)) - raft.server.log.appender.buffer.byte-limit = 33554432 (custom)
2023-02-28 04:34:11,904 [pool-1528-thread-1] INFO  server.RaftServerConfigKeys (ConfUtils.java:logGet(46)) - raft.server.log.unsafe-flush.enabled = false (default)
2023-02-28 04:34:11,904 [pool-1528-thread-1] INFO  server.RaftServerConfigKeys (ConfUtils.java:logGet(46)) - raft.server.log.async-flush.enabled = false (default)
2023-02-28 04:34:11,904 [pool-1528-thread-1] INFO  server.RaftServerConfigKeys (ConfUtils.java:logGet(46)) - raft.server.log.statemachine.data.caching.enabled = true (custom)
2023-02-28 04:34:11,904 [pool-1528-thread-1] INFO  segmented.SegmentedRaftLogWorker (SegmentedRaftLogWorker.java:lambda$new$0(135)) - e9b39097-2f21-4b57-bd6d-32b83f848713@group-87736AF3BFD9-SegmentedRaftLogWorker: flushIndex: setUnconditionally 0 -> -1
2023-02-28 04:34:11,904 [pool-1528-thread-1] INFO  segmented.SegmentedRaftLogWorker (SegmentedRaftLogWorker.java:lambda$new$0(135)) - e9b39097-2f21-4b57-bd6d-32b83f848713@group-87736AF3BFD9-SegmentedRaftLogWorker: safeCacheEvictIndex: setUnconditionally 0 -> -1
2023-02-28 04:34:11,904 [pool-1528-thread-1] INFO  server.RaftServer$Division (RaftServerImpl.java:start(334)) - e9b39097-2f21-4b57-bd6d-32b83f848713@group-87736AF3BFD9: start as a follower, conf=-1: peers:[59b3d1af-192e-46e6-851e-ebaa0e10d9fe|rpc:10.1.0.42:43209|dataStream:10.1.0.42:42427|priority:0|startupRole:FOLLOWER, 31a92c54-262b-4b95-8408-9add7bc0e96e|rpc:10.1.0.42:36747|dataStream:10.1.0.42:34135|priority:0|startupRole:FOLLOWER, e9b39097-2f21-4b57-bd6d-32b83f848713|rpc:10.1.0.42:34613|dataStream:10.1.0.42:43039|priority:1|startupRole:FOLLOWER]|listeners:[], old=null
2023-02-28 04:34:11,904 [pool-1528-thread-1] INFO  server.RaftServer$Division (RaftServerImpl.java:setRole(321)) - e9b39097-2f21-4b57-bd6d-32b83f848713@group-87736AF3BFD9: changes role from      null to FOLLOWER at term 0 for startAsFollower
2023-02-28 04:34:11,904 [pool-1528-thread-1] INFO  impl.RoleInfo (RoleInfo.java:updateAndGet(139)) - e9b39097-2f21-4b57-bd6d-32b83f848713: start e9b39097-2f21-4b57-bd6d-32b83f848713@group-87736AF3BFD9-FollowerState
2023-02-28 04:34:11,905 [pool-1528-thread-1] INFO  util.JmxRegister (JmxRegister.java:tryRegister(44)) - Successfully registered JMX Bean with object name Ratis:service=RaftServer,group=group-87736AF3BFD9,id=e9b39097-2f21-4b57-bd6d-32b83f848713
2023-02-28 04:34:11,905 [pool-1528-thread-1] INFO  server.RaftServerConfigKeys (ConfUtils.java:logGet(46)) - raft.server.snapshot.auto.trigger.enabled = true (custom)
2023-02-28 04:34:11,905 [pool-1528-thread-1] INFO  server.RaftServerConfigKeys (ConfUtils.java:logGet(46)) - raft.server.snapshot.auto.trigger.threshold = 10000 (custom)
2023-02-28 04:34:11,905 [pool-1528-thread-1] INFO  server.RaftServerConfigKeys (ConfUtils.java:logGet(46)) - raft.server.snapshot.retention.file.num = 5 (custom)
2023-02-28 04:34:11,905 [pool-1528-thread-1] INFO  server.RaftServerConfigKeys (ConfUtils.java:logGet(46)) - raft.server.log.purge.upto.snapshot.index = false (default)
2023-02-28 04:34:11,905 [e9b39097-2f21-4b57-bd6d-32b83f848713@group-87736AF3BFD9-FollowerState] INFO  server.RaftServerConfigKeys (ConfUtils.java:logFallback(53)) - raft.server.rpc.first-election.timeout.min = 5s (fallback to raft.server.rpc.timeout.min)
2023-02-28 04:34:11,906 [e9b39097-2f21-4b57-bd6d-32b83f848713@group-87736AF3BFD9-FollowerState] INFO  server.RaftServerConfigKeys (ConfUtils.java:logFallback(53)) - raft.server.rpc.first-election.timeout.max = 5200ms (fallback to raft.server.rpc.timeout.max)
2023-02-28 04:34:11,913 [Command processor thread] INFO  commandhandler.CreatePipelineCommandHandler (CreatePipelineCommandHandler.java:handle(113)) - Created Pipeline RATIS THREE PipelineID=99beed79-3ccc-4ee9-8e5c-87736af3bfd9.
2023-02-28 04:34:11,914 [Command processor thread] INFO  server.RaftServer (RaftServerProxy.java:addNew(96)) - 59b3d1af-192e-46e6-851e-ebaa0e10d9fe: addNew group-74917CE2E1BC:[59b3d1af-192e-46e6-851e-ebaa0e10d9fe|rpc:10.1.0.42:43209|dataStream:10.1.0.42:42427|priority:0|startupRole:FOLLOWER, 31a92c54-262b-4b95-8408-9add7bc0e96e|rpc:10.1.0.42:36747|dataStream:10.1.0.42:34135|priority:1|startupRole:FOLLOWER, e9b39097-2f21-4b57-bd6d-32b83f848713|rpc:10.1.0.42:34613|dataStream:10.1.0.42:43039|priority:0|startupRole:FOLLOWER] returns group-74917CE2E1BC:java.util.concurrent.CompletableFuture@45c2a1f7[Not completed]
2023-02-28 04:34:11,915 [pool-1484-thread-1] INFO  server.RaftServer$Division (RaftServerImpl.java:<init>(195)) - 59b3d1af-192e-46e6-851e-ebaa0e10d9fe: new RaftServerImpl for group-74917CE2E1BC:[59b3d1af-192e-46e6-851e-ebaa0e10d9fe|rpc:10.1.0.42:43209|dataStream:10.1.0.42:42427|priority:0|startupRole:FOLLOWER, 31a92c54-262b-4b95-8408-9add7bc0e96e|rpc:10.1.0.42:36747|dataStream:10.1.0.42:34135|priority:1|startupRole:FOLLOWER, e9b39097-2f21-4b57-bd6d-32b83f848713|rpc:10.1.0.42:34613|dataStream:10.1.0.42:43039|priority:0|startupRole:FOLLOWER] with ContainerStateMachine:uninitialized
2023-02-28 04:34:11,915 [pool-1484-thread-1] INFO  server.RaftServerConfigKeys (ConfUtils.java:logGet(46)) - raft.server.rpc.timeout.min = 5s (custom)
2023-02-28 04:34:11,915 [pool-1484-thread-1] INFO  server.RaftServerConfigKeys (ConfUtils.java:logGet(46)) - raft.server.rpc.timeout.max = 5200ms (custom)
2023-02-28 04:34:11,915 [pool-1484-thread-1] INFO  server.RaftServerConfigKeys (ConfUtils.java:logGet(46)) - raft.server.rpc.sleep.time = 25ms (default)
2023-02-28 04:34:11,915 [pool-1484-thread-1] INFO  server.RaftServerConfigKeys (ConfUtils.java:logGet(46)) - raft.server.rpc.slowness.timeout = 300s (custom)
2023-02-28 04:34:11,915 [pool-1484-thread-1] INFO  server.RaftServerConfigKeys (ConfUtils.java:logGet(46)) - raft.server.leaderelection.leader.step-down.wait-time = 10s (default)
2023-02-28 04:34:11,915 [pool-1484-thread-1] INFO  server.RaftServerConfigKeys (ConfUtils.java:logGet(46)) - raft.server.sleep.deviation.threshold = 300ms (default)
2023-02-28 04:34:11,915 [pool-1484-thread-1] INFO  server.RaftServer$Division (ServerState.java:<init>(118)) - 59b3d1af-192e-46e6-851e-ebaa0e10d9fe@group-74917CE2E1BC: ConfigurationManager, init=-1: peers:[59b3d1af-192e-46e6-851e-ebaa0e10d9fe|rpc:10.1.0.42:43209|dataStream:10.1.0.42:42427|priority:0|startupRole:FOLLOWER, 31a92c54-262b-4b95-8408-9add7bc0e96e|rpc:10.1.0.42:36747|dataStream:10.1.0.42:34135|priority:1|startupRole:FOLLOWER, e9b39097-2f21-4b57-bd6d-32b83f848713|rpc:10.1.0.42:34613|dataStream:10.1.0.42:43039|priority:0|startupRole:FOLLOWER]|listeners:[], old=null, confs=<EMPTY_MAP>
2023-02-28 04:34:11,915 [pool-1484-thread-1] INFO  server.RaftServerConfigKeys (ConfUtils.java:logGet(46)) - raft.server.storage.dir = [/home/runner/work/ozone/ozone/hadoop-ozone/integration-test/target/test-dir/MiniOzoneClusterImpl-0c3862ae-9f43-41f5-9e7d-509225cf1f3d/datanode-0/data/ratis] (custom)
2023-02-28 04:34:11,915 [pool-1484-thread-1] INFO  server.RaftServerConfigKeys (ConfUtils.java:logGet(46)) - raft.server.log.corruption.policy = EXCEPTION (default)
2023-02-28 04:34:11,915 [pool-1484-thread-1] INFO  server.RaftServerConfigKeys (ConfUtils.java:logGet(46)) - raft.server.storage.free-space.min = 0MB (=0) (default)
2023-02-28 04:34:11,915 [pool-1484-thread-1] INFO  server.RaftServerConfigKeys (ConfUtils.java:logGet(46)) - raft.server.notification.no-leader.timeout = 300s (custom)
2023-02-28 04:34:11,915 [pool-1484-thread-1] INFO  server.RaftServerConfigKeys (ConfUtils.java:logGet(46)) - raft.server.retrycache.expirytime = 600000ms (custom)
2023-02-28 04:34:11,915 [pool-1484-thread-1] INFO  server.RaftServerConfigKeys (ConfUtils.java:logGet(46)) - raft.server.retrycache.statistics.expirytime = 100μs (default)
2023-02-28 04:34:11,916 [pool-1484-thread-1] INFO  server.RaftServerConfigKeys (ConfUtils.java:logGet(46)) - raft.server.log.appender.install.snapshot.enabled = false (custom)
2023-02-28 04:34:11,916 [pool-1484-thread-1] INFO  server.RaftServerConfigKeys (ConfUtils.java:logGet(46)) - raft.server.threadpool.server.cached = true (default)
2023-02-28 04:34:11,916 [pool-1484-thread-1] INFO  server.RaftServerConfigKeys (ConfUtils.java:logGet(46)) - raft.server.threadpool.server.size = 0 (default)
2023-02-28 04:34:11,916 [pool-1484-thread-1] INFO  server.RaftServerConfigKeys (ConfUtils.java:logGet(46)) - raft.server.threadpool.client.cached = true (default)
2023-02-28 04:34:11,916 [pool-1484-thread-1] INFO  server.RaftServerConfigKeys (ConfUtils.java:logGet(46)) - raft.server.threadpool.client.size = 0 (default)
2023-02-28 04:34:11,916 [pool-1484-thread-1] INFO  storage.RaftStorageDirectory (RaftStorageDirectoryImpl.java:analyzeStorage(137)) - The storage directory /home/runner/work/ozone/ozone/hadoop-ozone/integration-test/target/test-dir/MiniOzoneClusterImpl-0c3862ae-9f43-41f5-9e7d-509225cf1f3d/datanode-0/data/ratis/ae40b9a9-64b5-49ea-96ce-74917ce2e1bc does not exist. Creating ...
2023-02-28 04:34:11,917 [pool-1484-thread-1] INFO  storage.RaftStorageDirectory (RaftStorageDirectoryImpl.java:tryLock(231)) - Lock on /home/runner/work/ozone/ozone/hadoop-ozone/integration-test/target/test-dir/MiniOzoneClusterImpl-0c3862ae-9f43-41f5-9e7d-509225cf1f3d/datanode-0/data/ratis/ae40b9a9-64b5-49ea-96ce-74917ce2e1bc/in_use.lock acquired by nodename 61299@fv-az467-141
2023-02-28 04:34:11,918 [pool-1484-thread-1] INFO  storage.RaftStorage (RaftStorageImpl.java:format(96)) - Storage directory /home/runner/work/ozone/ozone/hadoop-ozone/integration-test/target/test-dir/MiniOzoneClusterImpl-0c3862ae-9f43-41f5-9e7d-509225cf1f3d/datanode-0/data/ratis/ae40b9a9-64b5-49ea-96ce-74917ce2e1bc has been successfully formatted.
2023-02-28 04:34:11,920 [EventQueue-OpenPipelineForHealthyPipelineSafeModeRule] INFO  safemode.SCMSafeModeManager (HealthyPipelineSafeModeRule.java:process(137)) - SCM in safe mode. Healthy pipelines reported count is 0, required healthy pipeline reported count is 1
2023-02-28 04:34:11,922 [pool-1484-thread-1] INFO  ratis.ContainerStateMachine (ContainerStateMachine.java:loadSnapshot(240)) - group-74917CE2E1BC: The snapshot info is null. Setting the last applied indexto:(t:0, i:~)
2023-02-28 04:34:11,922 [pool-1484-thread-1] INFO  server.RaftServerConfigKeys (ConfUtils.java:logGet(46)) - raft.server.log.use.memory = false (default)
2023-02-28 04:34:11,922 [pool-1484-thread-1] INFO  server.RaftServerConfigKeys (ConfUtils.java:logGet(46)) - raft.server.log.purge.gap = 1000000 (custom)
2023-02-28 04:34:11,922 [pool-1484-thread-1] INFO  server.RaftServerConfigKeys (ConfUtils.java:logGet(46)) - raft.server.log.appender.buffer.byte-limit = 33554432 (custom)
2023-02-28 04:34:11,922 [pool-1484-thread-1] INFO  server.RaftServerConfigKeys (ConfUtils.java:logGet(46)) - raft.server.log.statemachine.data.read.timeout = 1000ms (default)
2023-02-28 04:34:11,922 [pool-1484-thread-1] INFO  server.RaftServerConfigKeys (ConfUtils.java:logGet(46)) - raft.server.log.purge.preservation.log.num = 0 (default)
2023-02-28 04:34:11,922 [pool-1484-thread-1] INFO  server.RaftServerConfigKeys (ConfUtils.java:logGet(46)) - raft.server.log.segment.size.max = 1048576 (custom)
2023-02-28 04:34:11,923 [pool-1484-thread-1] INFO  server.RaftServerConfigKeys (ConfUtils.java:logGet(46)) - raft.server.log.segment.cache.num.max = 2 (custom)
2023-02-28 04:34:11,923 [pool-1484-thread-1] INFO  server.RaftServerConfigKeys (ConfUtils.java:logGet(46)) - raft.server.log.segment.cache.size.max = 200MB (=209715200) (default)
2023-02-28 04:34:11,923 [pool-1484-thread-1] INFO  segmented.SegmentedRaftLogWorker (SegmentedRaftLogWorker.java:<init>(189)) - new 59b3d1af-192e-46e6-851e-ebaa0e10d9fe@group-74917CE2E1BC-SegmentedRaftLogWorker for RaftStorageImpl:Storage Directory /home/runner/work/ozone/ozone/hadoop-ozone/integration-test/target/test-dir/MiniOzoneClusterImpl-0c3862ae-9f43-41f5-9e7d-509225cf1f3d/datanode-0/data/ratis/ae40b9a9-64b5-49ea-96ce-74917ce2e1bc
2023-02-28 04:34:11,923 [pool-1484-thread-1] INFO  server.RaftServerConfigKeys (ConfUtils.java:logGet(46)) - raft.server.log.queue.byte-limit = 4294967296 (custom)
2023-02-28 04:34:11,923 [pool-1484-thread-1] INFO  server.RaftServerConfigKeys (ConfUtils.java:logGet(46)) - raft.server.log.queue.element-limit = 1024 (custom)
2023-02-28 04:34:11,923 [pool-1484-thread-1] INFO  server.RaftServerConfigKeys (ConfUtils.java:logGet(46)) - raft.server.log.segment.size.max = 1048576 (custom)
2023-02-28 04:34:11,923 [pool-1484-thread-1] INFO  server.RaftServerConfigKeys (ConfUtils.java:logGet(46)) - raft.server.log.preallocated.size = 16384 (custom)
2023-02-28 04:34:11,923 [pool-1484-thread-1] INFO  server.RaftServerConfigKeys (ConfUtils.java:logGet(46)) - raft.server.log.force.sync.num = 128 (default)
2023-02-28 04:34:11,923 [pool-1484-thread-1] INFO  server.RaftServerConfigKeys (ConfUtils.java:logGet(46)) - raft.server.log.statemachine.data.sync = true (default)
2023-02-28 04:34:11,923 [pool-1484-thread-1] INFO  server.RaftServerConfigKeys (ConfUtils.java:logGet(46)) - raft.server.log.statemachine.data.sync.timeout = 10s (default)
2023-02-28 04:34:11,923 [pool-1484-thread-1] INFO  server.RaftServerConfigKeys (ConfUtils.java:logGet(46)) - raft.server.log.statemachine.data.sync.timeout.retry = -1 (default)
2023-02-28 04:34:11,923 [pool-1484-thread-1] INFO  server.RaftServerConfigKeys (ConfUtils.java:logGet(46)) - raft.server.log.write.buffer.size = 1048576 (custom)
2023-02-28 04:34:11,924 [pool-1484-thread-1] INFO  server.RaftServerConfigKeys (ConfUtils.java:logGet(46)) - raft.server.log.appender.buffer.byte-limit = 33554432 (custom)
2023-02-28 04:34:11,927 [pool-1484-thread-1] INFO  server.RaftServerConfigKeys (ConfUtils.java:logGet(46)) - raft.server.log.unsafe-flush.enabled = false (default)
2023-02-28 04:34:11,927 [pool-1484-thread-1] INFO  server.RaftServerConfigKeys (ConfUtils.java:logGet(46)) - raft.server.log.async-flush.enabled = false (default)
2023-02-28 04:34:11,928 [pool-1484-thread-1] INFO  server.RaftServerConfigKeys (ConfUtils.java:logGet(46)) - raft.server.log.statemachine.data.caching.enabled = true (custom)
2023-02-28 04:34:11,928 [pool-1484-thread-1] INFO  segmented.SegmentedRaftLogWorker (SegmentedRaftLogWorker.java:lambda$new$0(135)) - 59b3d1af-192e-46e6-851e-ebaa0e10d9fe@group-74917CE2E1BC-SegmentedRaftLogWorker: flushIndex: setUnconditionally 0 -> -1
2023-02-28 04:34:11,928 [pool-1484-thread-1] INFO  segmented.SegmentedRaftLogWorker (SegmentedRaftLogWorker.java:lambda$new$0(135)) - 59b3d1af-192e-46e6-851e-ebaa0e10d9fe@group-74917CE2E1BC-SegmentedRaftLogWorker: safeCacheEvictIndex: setUnconditionally 0 -> -1
2023-02-28 04:34:11,928 [pool-1484-thread-1] INFO  server.RaftServer$Division (RaftServerImpl.java:start(334)) - 59b3d1af-192e-46e6-851e-ebaa0e10d9fe@group-74917CE2E1BC: start as a follower, conf=-1: peers:[59b3d1af-192e-46e6-851e-ebaa0e10d9fe|rpc:10.1.0.42:43209|dataStream:10.1.0.42:42427|priority:0|startupRole:FOLLOWER, 31a92c54-262b-4b95-8408-9add7bc0e96e|rpc:10.1.0.42:36747|dataStream:10.1.0.42:34135|priority:1|startupRole:FOLLOWER, e9b39097-2f21-4b57-bd6d-32b83f848713|rpc:10.1.0.42:34613|dataStream:10.1.0.42:43039|priority:0|startupRole:FOLLOWER]|listeners:[], old=null
2023-02-28 04:34:11,928 [pool-1484-thread-1] INFO  server.RaftServer$Division (RaftServerImpl.java:setRole(321)) - 59b3d1af-192e-46e6-851e-ebaa0e10d9fe@group-74917CE2E1BC: changes role from      null to FOLLOWER at term 0 for startAsFollower
2023-02-28 04:34:11,928 [pool-1484-thread-1] INFO  impl.RoleInfo (RoleInfo.java:updateAndGet(139)) - 59b3d1af-192e-46e6-851e-ebaa0e10d9fe: start 59b3d1af-192e-46e6-851e-ebaa0e10d9fe@group-74917CE2E1BC-FollowerState
2023-02-28 04:34:11,929 [pool-1484-thread-1] INFO  util.JmxRegister (JmxRegister.java:tryRegister(44)) - Successfully registered JMX Bean with object name Ratis:service=RaftServer,group=group-74917CE2E1BC,id=59b3d1af-192e-46e6-851e-ebaa0e10d9fe
2023-02-28 04:34:11,929 [59b3d1af-192e-46e6-851e-ebaa0e10d9fe@group-74917CE2E1BC-FollowerState] INFO  server.RaftServerConfigKeys (ConfUtils.java:logFallback(53)) - raft.server.rpc.first-election.timeout.min = 5s (fallback to raft.server.rpc.timeout.min)
2023-02-28 04:34:11,931 [59b3d1af-192e-46e6-851e-ebaa0e10d9fe@group-74917CE2E1BC-FollowerState] INFO  server.RaftServerConfigKeys (ConfUtils.java:logFallback(53)) - raft.server.rpc.first-election.timeout.max = 5200ms (fallback to raft.server.rpc.timeout.max)
2023-02-28 04:34:11,929 [pool-1484-thread-1] INFO  server.RaftServerConfigKeys (ConfUtils.java:logGet(46)) - raft.server.snapshot.auto.trigger.enabled = true (custom)
2023-02-28 04:34:11,931 [pool-1484-thread-1] INFO  server.RaftServerConfigKeys (ConfUtils.java:logGet(46)) - raft.server.snapshot.auto.trigger.threshold = 10000 (custom)
2023-02-28 04:34:11,932 [pool-1484-thread-1] INFO  server.RaftServerConfigKeys (ConfUtils.java:logGet(46)) - raft.server.snapshot.retention.file.num = 5 (custom)
2023-02-28 04:34:11,932 [pool-1484-thread-1] INFO  server.RaftServerConfigKeys (ConfUtils.java:logGet(46)) - raft.server.log.purge.upto.snapshot.index = false (default)
2023-02-28 04:34:11,932 [Command processor thread] INFO  ratis.XceiverServerRatis (XceiverServerRatis.java:addGroup(807)) - Created group PipelineID=ae40b9a9-64b5-49ea-96ce-74917ce2e1bc
2023-02-28 04:34:11,939 [grpc-default-executor-2] INFO  server.RaftServer (RaftServerProxy.java:addNew(96)) - e9b39097-2f21-4b57-bd6d-32b83f848713: addNew group-74917CE2E1BC:[59b3d1af-192e-46e6-851e-ebaa0e10d9fe|rpc:10.1.0.42:43209|dataStream:10.1.0.42:42427|priority:0|startupRole:FOLLOWER, 31a92c54-262b-4b95-8408-9add7bc0e96e|rpc:10.1.0.42:36747|dataStream:10.1.0.42:34135|priority:1|startupRole:FOLLOWER, e9b39097-2f21-4b57-bd6d-32b83f848713|rpc:10.1.0.42:34613|dataStream:10.1.0.42:43039|priority:0|startupRole:FOLLOWER] returns group-74917CE2E1BC:java.util.concurrent.CompletableFuture@3aabe4ae[Not completed]
2023-02-28 04:34:11,939 [pool-1528-thread-1] INFO  server.RaftServer$Division (RaftServerImpl.java:<init>(195)) - e9b39097-2f21-4b57-bd6d-32b83f848713: new RaftServerImpl for group-74917CE2E1BC:[59b3d1af-192e-46e6-851e-ebaa0e10d9fe|rpc:10.1.0.42:43209|dataStream:10.1.0.42:42427|priority:0|startupRole:FOLLOWER, 31a92c54-262b-4b95-8408-9add7bc0e96e|rpc:10.1.0.42:36747|dataStream:10.1.0.42:34135|priority:1|startupRole:FOLLOWER, e9b39097-2f21-4b57-bd6d-32b83f848713|rpc:10.1.0.42:34613|dataStream:10.1.0.42:43039|priority:0|startupRole:FOLLOWER] with ContainerStateMachine:uninitialized
2023-02-28 04:34:11,939 [pool-1528-thread-1] INFO  server.RaftServerConfigKeys (ConfUtils.java:logGet(46)) - raft.server.rpc.timeout.min = 5s (custom)
2023-02-28 04:34:11,940 [pool-1528-thread-1] INFO  server.RaftServerConfigKeys (ConfUtils.java:logGet(46)) - raft.server.rpc.timeout.max = 5200ms (custom)
2023-02-28 04:34:11,940 [pool-1528-thread-1] INFO  server.RaftServerConfigKeys (ConfUtils.java:logGet(46)) - raft.server.rpc.sleep.time = 25ms (default)
2023-02-28 04:34:11,940 [pool-1528-thread-1] INFO  server.RaftServerConfigKeys (ConfUtils.java:logGet(46)) - raft.server.rpc.slowness.timeout = 300s (custom)
2023-02-28 04:34:11,940 [pool-1528-thread-1] INFO  server.RaftServerConfigKeys (ConfUtils.java:logGet(46)) - raft.server.leaderelection.leader.step-down.wait-time = 10s (default)
2023-02-28 04:34:11,940 [pool-1528-thread-1] INFO  server.RaftServerConfigKeys (ConfUtils.java:logGet(46)) - raft.server.sleep.deviation.threshold = 300ms (default)
2023-02-28 04:34:11,940 [pool-1528-thread-1] INFO  server.RaftServer$Division (ServerState.java:<init>(118)) - e9b39097-2f21-4b57-bd6d-32b83f848713@group-74917CE2E1BC: ConfigurationManager, init=-1: peers:[59b3d1af-192e-46e6-851e-ebaa0e10d9fe|rpc:10.1.0.42:43209|dataStream:10.1.0.42:42427|priority:0|startupRole:FOLLOWER, 31a92c54-262b-4b95-8408-9add7bc0e96e|rpc:10.1.0.42:36747|dataStream:10.1.0.42:34135|priority:1|startupRole:FOLLOWER, e9b39097-2f21-4b57-bd6d-32b83f848713|rpc:10.1.0.42:34613|dataStream:10.1.0.42:43039|priority:0|startupRole:FOLLOWER]|listeners:[], old=null, confs=<EMPTY_MAP>
2023-02-28 04:34:11,940 [pool-1528-thread-1] INFO  server.RaftServerConfigKeys (ConfUtils.java:logGet(46)) - raft.server.storage.dir = [/home/runner/work/ozone/ozone/hadoop-ozone/integration-test/target/test-dir/MiniOzoneClusterImpl-0c3862ae-9f43-41f5-9e7d-509225cf1f3d/datanode-2/data/ratis] (custom)
2023-02-28 04:34:11,940 [pool-1528-thread-1] INFO  server.RaftServerConfigKeys (ConfUtils.java:logGet(46)) - raft.server.log.corruption.policy = EXCEPTION (default)
2023-02-28 04:34:11,940 [pool-1528-thread-1] INFO  server.RaftServerConfigKeys (ConfUtils.java:logGet(46)) - raft.server.storage.free-space.min = 0MB (=0) (default)
2023-02-28 04:34:11,940 [pool-1528-thread-1] INFO  server.RaftServerConfigKeys (ConfUtils.java:logGet(46)) - raft.server.notification.no-leader.timeout = 300s (custom)
2023-02-28 04:34:11,940 [pool-1528-thread-1] INFO  server.RaftServerConfigKeys (ConfUtils.java:logGet(46)) - raft.server.retrycache.expirytime = 600000ms (custom)
2023-02-28 04:34:11,940 [pool-1528-thread-1] INFO  server.RaftServerConfigKeys (ConfUtils.java:logGet(46)) - raft.server.retrycache.statistics.expirytime = 100μs (default)
2023-02-28 04:34:11,941 [pool-1528-thread-1] INFO  server.RaftServerConfigKeys (ConfUtils.java:logGet(46)) - raft.server.log.appender.install.snapshot.enabled = false (custom)
2023-02-28 04:34:11,941 [pool-1528-thread-1] INFO  server.RaftServerConfigKeys (ConfUtils.java:logGet(46)) - raft.server.threadpool.server.cached = true (default)
2023-02-28 04:34:11,941 [pool-1528-thread-1] INFO  server.RaftServerConfigKeys (ConfUtils.java:logGet(46)) - raft.server.threadpool.server.size = 0 (default)
2023-02-28 04:34:11,941 [pool-1528-thread-1] INFO  server.RaftServerConfigKeys (ConfUtils.java:logGet(46)) - raft.server.threadpool.client.cached = true (default)
2023-02-28 04:34:11,941 [pool-1528-thread-1] INFO  server.RaftServerConfigKeys (ConfUtils.java:logGet(46)) - raft.server.threadpool.client.size = 0 (default)
2023-02-28 04:34:11,941 [pool-1528-thread-1] INFO  storage.RaftStorageDirectory (RaftStorageDirectoryImpl.java:analyzeStorage(137)) - The storage directory /home/runner/work/ozone/ozone/hadoop-ozone/integration-test/target/test-dir/MiniOzoneClusterImpl-0c3862ae-9f43-41f5-9e7d-509225cf1f3d/datanode-2/data/ratis/ae40b9a9-64b5-49ea-96ce-74917ce2e1bc does not exist. Creating ...
2023-02-28 04:34:11,942 [pool-1528-thread-1] INFO  storage.RaftStorageDirectory (RaftStorageDirectoryImpl.java:tryLock(231)) - Lock on /home/runner/work/ozone/ozone/hadoop-ozone/integration-test/target/test-dir/MiniOzoneClusterImpl-0c3862ae-9f43-41f5-9e7d-509225cf1f3d/datanode-2/data/ratis/ae40b9a9-64b5-49ea-96ce-74917ce2e1bc/in_use.lock acquired by nodename 61299@fv-az467-141
2023-02-28 04:34:11,943 [pool-1528-thread-1] INFO  storage.RaftStorage (RaftStorageImpl.java:format(96)) - Storage directory /home/runner/work/ozone/ozone/hadoop-ozone/integration-test/target/test-dir/MiniOzoneClusterImpl-0c3862ae-9f43-41f5-9e7d-509225cf1f3d/datanode-2/data/ratis/ae40b9a9-64b5-49ea-96ce-74917ce2e1bc has been successfully formatted.
2023-02-28 04:34:11,945 [pool-1528-thread-1] INFO  ratis.ContainerStateMachine (ContainerStateMachine.java:loadSnapshot(240)) - group-74917CE2E1BC: The snapshot info is null. Setting the last applied indexto:(t:0, i:~)
2023-02-28 04:34:11,945 [pool-1528-thread-1] INFO  server.RaftServerConfigKeys (ConfUtils.java:logGet(46)) - raft.server.log.use.memory = false (default)
2023-02-28 04:34:11,945 [pool-1528-thread-1] INFO  server.RaftServerConfigKeys (ConfUtils.java:logGet(46)) - raft.server.log.purge.gap = 1000000 (custom)
2023-02-28 04:34:11,945 [pool-1528-thread-1] INFO  server.RaftServerConfigKeys (ConfUtils.java:logGet(46)) - raft.server.log.appender.buffer.byte-limit = 33554432 (custom)
2023-02-28 04:34:11,945 [pool-1528-thread-1] INFO  server.RaftServerConfigKeys (ConfUtils.java:logGet(46)) - raft.server.log.statemachine.data.read.timeout = 1000ms (default)
2023-02-28 04:34:11,945 [pool-1528-thread-1] INFO  server.RaftServerConfigKeys (ConfUtils.java:logGet(46)) - raft.server.log.purge.preservation.log.num = 0 (default)
2023-02-28 04:34:11,945 [pool-1528-thread-1] INFO  server.RaftServerConfigKeys (ConfUtils.java:logGet(46)) - raft.server.log.segment.size.max = 1048576 (custom)
2023-02-28 04:34:11,945 [pool-1528-thread-1] INFO  server.RaftServerConfigKeys (ConfUtils.java:logGet(46)) - raft.server.log.segment.cache.num.max = 2 (custom)
2023-02-28 04:34:11,945 [pool-1528-thread-1] INFO  server.RaftServerConfigKeys (ConfUtils.java:logGet(46)) - raft.server.log.segment.cache.size.max = 200MB (=209715200) (default)
2023-02-28 04:34:11,945 [pool-1528-thread-1] INFO  segmented.SegmentedRaftLogWorker (SegmentedRaftLogWorker.java:<init>(189)) - new e9b39097-2f21-4b57-bd6d-32b83f848713@group-74917CE2E1BC-SegmentedRaftLogWorker for RaftStorageImpl:Storage Directory /home/runner/work/ozone/ozone/hadoop-ozone/integration-test/target/test-dir/MiniOzoneClusterImpl-0c3862ae-9f43-41f5-9e7d-509225cf1f3d/datanode-2/data/ratis/ae40b9a9-64b5-49ea-96ce-74917ce2e1bc
2023-02-28 04:34:11,945 [pool-1528-thread-1] INFO  server.RaftServerConfigKeys (ConfUtils.java:logGet(46)) - raft.server.log.queue.byte-limit = 4294967296 (custom)
2023-02-28 04:34:11,945 [pool-1528-thread-1] INFO  server.RaftServerConfigKeys (ConfUtils.java:logGet(46)) - raft.server.log.queue.element-limit = 1024 (custom)
2023-02-28 04:34:11,945 [pool-1528-thread-1] INFO  server.RaftServerConfigKeys (ConfUtils.java:logGet(46)) - raft.server.log.segment.size.max = 1048576 (custom)
2023-02-28 04:34:11,946 [pool-1528-thread-1] INFO  server.RaftServerConfigKeys (ConfUtils.java:logGet(46)) - raft.server.log.preallocated.size = 16384 (custom)
2023-02-28 04:34:11,946 [pool-1528-thread-1] INFO  server.RaftServerConfigKeys (ConfUtils.java:logGet(46)) - raft.server.log.force.sync.num = 128 (default)
2023-02-28 04:34:11,946 [pool-1528-thread-1] INFO  server.RaftServerConfigKeys (ConfUtils.java:logGet(46)) - raft.server.log.statemachine.data.sync = true (default)
2023-02-28 04:34:11,946 [pool-1528-thread-1] INFO  server.RaftServerConfigKeys (ConfUtils.java:logGet(46)) - raft.server.log.statemachine.data.sync.timeout = 10s (default)
2023-02-28 04:34:11,946 [pool-1528-thread-1] INFO  server.RaftServerConfigKeys (ConfUtils.java:logGet(46)) - raft.server.log.statemachine.data.sync.timeout.retry = -1 (default)
2023-02-28 04:34:11,946 [pool-1528-thread-1] INFO  server.RaftServerConfigKeys (ConfUtils.java:logGet(46)) - raft.server.log.write.buffer.size = 1048576 (custom)
2023-02-28 04:34:11,946 [pool-1528-thread-1] INFO  server.RaftServerConfigKeys (ConfUtils.java:logGet(46)) - raft.server.log.appender.buffer.byte-limit = 33554432 (custom)
2023-02-28 04:34:11,949 [pool-1528-thread-1] INFO  server.RaftServerConfigKeys (ConfUtils.java:logGet(46)) - raft.server.log.unsafe-flush.enabled = false (default)
2023-02-28 04:34:11,949 [pool-1528-thread-1] INFO  server.RaftServerConfigKeys (ConfUtils.java:logGet(46)) - raft.server.log.async-flush.enabled = false (default)
2023-02-28 04:34:11,949 [pool-1528-thread-1] INFO  server.RaftServerConfigKeys (ConfUtils.java:logGet(46)) - raft.server.log.statemachine.data.caching.enabled = true (custom)
2023-02-28 04:34:11,950 [pool-1528-thread-1] INFO  segmented.SegmentedRaftLogWorker (SegmentedRaftLogWorker.java:lambda$new$0(135)) - e9b39097-2f21-4b57-bd6d-32b83f848713@group-74917CE2E1BC-SegmentedRaftLogWorker: flushIndex: setUnconditionally 0 -> -1
2023-02-28 04:34:11,950 [pool-1528-thread-1] INFO  segmented.SegmentedRaftLogWorker (SegmentedRaftLogWorker.java:lambda$new$0(135)) - e9b39097-2f21-4b57-bd6d-32b83f848713@group-74917CE2E1BC-SegmentedRaftLogWorker: safeCacheEvictIndex: setUnconditionally 0 -> -1
2023-02-28 04:34:11,950 [pool-1528-thread-1] INFO  server.RaftServer$Division (RaftServerImpl.java:start(334)) - e9b39097-2f21-4b57-bd6d-32b83f848713@group-74917CE2E1BC: start as a follower, conf=-1: peers:[59b3d1af-192e-46e6-851e-ebaa0e10d9fe|rpc:10.1.0.42:43209|dataStream:10.1.0.42:42427|priority:0|startupRole:FOLLOWER, 31a92c54-262b-4b95-8408-9add7bc0e96e|rpc:10.1.0.42:36747|dataStream:10.1.0.42:34135|priority:1|startupRole:FOLLOWER, e9b39097-2f21-4b57-bd6d-32b83f848713|rpc:10.1.0.42:34613|dataStream:10.1.0.42:43039|priority:0|startupRole:FOLLOWER]|listeners:[], old=null
2023-02-28 04:34:11,950 [pool-1528-thread-1] INFO  server.RaftServer$Division (RaftServerImpl.java:setRole(321)) - e9b39097-2f21-4b57-bd6d-32b83f848713@group-74917CE2E1BC: changes role from      null to FOLLOWER at term 0 for startAsFollower
2023-02-28 04:34:11,950 [pool-1528-thread-1] INFO  impl.RoleInfo (RoleInfo.java:updateAndGet(139)) - e9b39097-2f21-4b57-bd6d-32b83f848713: start e9b39097-2f21-4b57-bd6d-32b83f848713@group-74917CE2E1BC-FollowerState
2023-02-28 04:34:11,950 [pool-1528-thread-1] INFO  util.JmxRegister (JmxRegister.java:tryRegister(44)) - Successfully registered JMX Bean with object name Ratis:service=RaftServer,group=group-74917CE2E1BC,id=e9b39097-2f21-4b57-bd6d-32b83f848713
2023-02-28 04:34:11,950 [pool-1528-thread-1] INFO  server.RaftServerConfigKeys (ConfUtils.java:logGet(46)) - raft.server.snapshot.auto.trigger.enabled = true (custom)
2023-02-28 04:34:11,950 [pool-1528-thread-1] INFO  server.RaftServerConfigKeys (ConfUtils.java:logGet(46)) - raft.server.snapshot.auto.trigger.threshold = 10000 (custom)
2023-02-28 04:34:11,950 [pool-1528-thread-1] INFO  server.RaftServerConfigKeys (ConfUtils.java:logGet(46)) - raft.server.snapshot.retention.file.num = 5 (custom)
2023-02-28 04:34:11,950 [pool-1528-thread-1] INFO  server.RaftServerConfigKeys (ConfUtils.java:logGet(46)) - raft.server.log.purge.upto.snapshot.index = false (default)
2023-02-28 04:34:11,951 [e9b39097-2f21-4b57-bd6d-32b83f848713@group-74917CE2E1BC-FollowerState] INFO  server.RaftServerConfigKeys (ConfUtils.java:logFallback(53)) - raft.server.rpc.first-election.timeout.min = 5s (fallback to raft.server.rpc.timeout.min)
2023-02-28 04:34:11,953 [e9b39097-2f21-4b57-bd6d-32b83f848713@group-74917CE2E1BC-FollowerState] INFO  server.RaftServerConfigKeys (ConfUtils.java:logFallback(53)) - raft.server.rpc.first-election.timeout.max = 5200ms (fallback to raft.server.rpc.timeout.max)
2023-02-28 04:34:11,965 [grpc-default-executor-2] INFO  server.RaftServer (RaftServerProxy.java:addNew(96)) - 31a92c54-262b-4b95-8408-9add7bc0e96e: addNew group-74917CE2E1BC:[59b3d1af-192e-46e6-851e-ebaa0e10d9fe|rpc:10.1.0.42:43209|dataStream:10.1.0.42:42427|priority:0|startupRole:FOLLOWER, 31a92c54-262b-4b95-8408-9add7bc0e96e|rpc:10.1.0.42:36747|dataStream:10.1.0.42:34135|priority:1|startupRole:FOLLOWER, e9b39097-2f21-4b57-bd6d-32b83f848713|rpc:10.1.0.42:34613|dataStream:10.1.0.42:43039|priority:0|startupRole:FOLLOWER] returns group-74917CE2E1BC:java.util.concurrent.CompletableFuture@44b11b8[Not completed]
2023-02-28 04:34:11,965 [pool-1506-thread-1] INFO  server.RaftServer$Division (RaftServerImpl.java:<init>(195)) - 31a92c54-262b-4b95-8408-9add7bc0e96e: new RaftServerImpl for group-74917CE2E1BC:[59b3d1af-192e-46e6-851e-ebaa0e10d9fe|rpc:10.1.0.42:43209|dataStream:10.1.0.42:42427|priority:0|startupRole:FOLLOWER, 31a92c54-262b-4b95-8408-9add7bc0e96e|rpc:10.1.0.42:36747|dataStream:10.1.0.42:34135|priority:1|startupRole:FOLLOWER, e9b39097-2f21-4b57-bd6d-32b83f848713|rpc:10.1.0.42:34613|dataStream:10.1.0.42:43039|priority:0|startupRole:FOLLOWER] with ContainerStateMachine:uninitialized
2023-02-28 04:34:11,965 [pool-1506-thread-1] INFO  server.RaftServerConfigKeys (ConfUtils.java:logGet(46)) - raft.server.rpc.timeout.min = 5s (custom)
2023-02-28 04:34:11,965 [pool-1506-thread-1] INFO  server.RaftServerConfigKeys (ConfUtils.java:logGet(46)) - raft.server.rpc.timeout.max = 5200ms (custom)
2023-02-28 04:34:11,966 [pool-1506-thread-1] INFO  server.RaftServerConfigKeys (ConfUtils.java:logGet(46)) - raft.server.rpc.sleep.time = 25ms (default)
2023-02-28 04:34:11,966 [pool-1506-thread-1] INFO  server.RaftServerConfigKeys (ConfUtils.java:logGet(46)) - raft.server.rpc.slowness.timeout = 300s (custom)
2023-02-28 04:34:11,966 [pool-1506-thread-1] INFO  server.RaftServerConfigKeys (ConfUtils.java:logGet(46)) - raft.server.leaderelection.leader.step-down.wait-time = 10s (default)
2023-02-28 04:34:11,966 [pool-1506-thread-1] INFO  server.RaftServerConfigKeys (ConfUtils.java:logGet(46)) - raft.server.sleep.deviation.threshold = 300ms (default)
2023-02-28 04:34:11,966 [pool-1506-thread-1] INFO  server.RaftServer$Division (ServerState.java:<init>(118)) - 31a92c54-262b-4b95-8408-9add7bc0e96e@group-74917CE2E1BC: ConfigurationManager, init=-1: peers:[59b3d1af-192e-46e6-851e-ebaa0e10d9fe|rpc:10.1.0.42:43209|dataStream:10.1.0.42:42427|priority:0|startupRole:FOLLOWER, 31a92c54-262b-4b95-8408-9add7bc0e96e|rpc:10.1.0.42:36747|dataStream:10.1.0.42:34135|priority:1|startupRole:FOLLOWER, e9b39097-2f21-4b57-bd6d-32b83f848713|rpc:10.1.0.42:34613|dataStream:10.1.0.42:43039|priority:0|startupRole:FOLLOWER]|listeners:[], old=null, confs=<EMPTY_MAP>
2023-02-28 04:34:11,966 [pool-1506-thread-1] INFO  server.RaftServerConfigKeys (ConfUtils.java:logGet(46)) - raft.server.storage.dir = [/home/runner/work/ozone/ozone/hadoop-ozone/integration-test/target/test-dir/MiniOzoneClusterImpl-0c3862ae-9f43-41f5-9e7d-509225cf1f3d/datanode-1/data/ratis] (custom)
2023-02-28 04:34:11,966 [pool-1506-thread-1] INFO  server.RaftServerConfigKeys (ConfUtils.java:logGet(46)) - raft.server.log.corruption.policy = EXCEPTION (default)
2023-02-28 04:34:11,966 [pool-1506-thread-1] INFO  server.RaftServerConfigKeys (ConfUtils.java:logGet(46)) - raft.server.storage.free-space.min = 0MB (=0) (default)
2023-02-28 04:34:11,966 [pool-1506-thread-1] INFO  server.RaftServerConfigKeys (ConfUtils.java:logGet(46)) - raft.server.notification.no-leader.timeout = 300s (custom)
2023-02-28 04:34:11,966 [pool-1506-thread-1] INFO  server.RaftServerConfigKeys (ConfUtils.java:logGet(46)) - raft.server.retrycache.expirytime = 600000ms (custom)
2023-02-28 04:34:11,966 [pool-1506-thread-1] INFO  server.RaftServerConfigKeys (ConfUtils.java:logGet(46)) - raft.server.retrycache.statistics.expirytime = 100μs (default)
2023-02-28 04:34:11,967 [pool-1506-thread-1] INFO  server.RaftServerConfigKeys (ConfUtils.java:logGet(46)) - raft.server.log.appender.install.snapshot.enabled = false (custom)
2023-02-28 04:34:11,967 [pool-1506-thread-1] INFO  server.RaftServerConfigKeys (ConfUtils.java:logGet(46)) - raft.server.threadpool.server.cached = true (default)
2023-02-28 04:34:11,967 [pool-1506-thread-1] INFO  server.RaftServerConfigKeys (ConfUtils.java:logGet(46)) - raft.server.threadpool.server.size = 0 (default)
2023-02-28 04:34:11,967 [pool-1506-thread-1] INFO  server.RaftServerConfigKeys (ConfUtils.java:logGet(46)) - raft.server.threadpool.client.cached = true (default)
2023-02-28 04:34:11,967 [pool-1506-thread-1] INFO  server.RaftServerConfigKeys (ConfUtils.java:logGet(46)) - raft.server.threadpool.client.size = 0 (default)
2023-02-28 04:34:11,967 [pool-1506-thread-1] INFO  storage.RaftStorageDirectory (RaftStorageDirectoryImpl.java:analyzeStorage(137)) - The storage directory /home/runner/work/ozone/ozone/hadoop-ozone/integration-test/target/test-dir/MiniOzoneClusterImpl-0c3862ae-9f43-41f5-9e7d-509225cf1f3d/datanode-1/data/ratis/ae40b9a9-64b5-49ea-96ce-74917ce2e1bc does not exist. Creating ...
2023-02-28 04:34:11,968 [pool-1506-thread-1] INFO  storage.RaftStorageDirectory (RaftStorageDirectoryImpl.java:tryLock(231)) - Lock on /home/runner/work/ozone/ozone/hadoop-ozone/integration-test/target/test-dir/MiniOzoneClusterImpl-0c3862ae-9f43-41f5-9e7d-509225cf1f3d/datanode-1/data/ratis/ae40b9a9-64b5-49ea-96ce-74917ce2e1bc/in_use.lock acquired by nodename 61299@fv-az467-141
2023-02-28 04:34:11,969 [pool-1506-thread-1] INFO  storage.RaftStorage (RaftStorageImpl.java:format(96)) - Storage directory /home/runner/work/ozone/ozone/hadoop-ozone/integration-test/target/test-dir/MiniOzoneClusterImpl-0c3862ae-9f43-41f5-9e7d-509225cf1f3d/datanode-1/data/ratis/ae40b9a9-64b5-49ea-96ce-74917ce2e1bc has been successfully formatted.
2023-02-28 04:34:11,970 [pool-1506-thread-1] INFO  ratis.ContainerStateMachine (ContainerStateMachine.java:loadSnapshot(240)) - group-74917CE2E1BC: The snapshot info is null. Setting the last applied indexto:(t:0, i:~)
2023-02-28 04:34:11,970 [pool-1506-thread-1] INFO  server.RaftServerConfigKeys (ConfUtils.java:logGet(46)) - raft.server.log.use.memory = false (default)
2023-02-28 04:34:11,970 [pool-1506-thread-1] INFO  server.RaftServerConfigKeys (ConfUtils.java:logGet(46)) - raft.server.log.purge.gap = 1000000 (custom)
2023-02-28 04:34:11,971 [pool-1506-thread-1] INFO  server.RaftServerConfigKeys (ConfUtils.java:logGet(46)) - raft.server.log.appender.buffer.byte-limit = 33554432 (custom)
2023-02-28 04:34:11,971 [pool-1506-thread-1] INFO  server.RaftServerConfigKeys (ConfUtils.java:logGet(46)) - raft.server.log.statemachine.data.read.timeout = 1000ms (default)
2023-02-28 04:34:11,971 [pool-1506-thread-1] INFO  server.RaftServerConfigKeys (ConfUtils.java:logGet(46)) - raft.server.log.purge.preservation.log.num = 0 (default)
2023-02-28 04:34:11,971 [pool-1506-thread-1] INFO  server.RaftServerConfigKeys (ConfUtils.java:logGet(46)) - raft.server.log.segment.size.max = 1048576 (custom)
2023-02-28 04:34:11,971 [pool-1506-thread-1] INFO  server.RaftServerConfigKeys (ConfUtils.java:logGet(46)) - raft.server.log.segment.cache.num.max = 2 (custom)
2023-02-28 04:34:11,971 [pool-1506-thread-1] INFO  server.RaftServerConfigKeys (ConfUtils.java:logGet(46)) - raft.server.log.segment.cache.size.max = 200MB (=209715200) (default)
2023-02-28 04:34:11,971 [pool-1506-thread-1] INFO  segmented.SegmentedRaftLogWorker (SegmentedRaftLogWorker.java:<init>(189)) - new 31a92c54-262b-4b95-8408-9add7bc0e96e@group-74917CE2E1BC-SegmentedRaftLogWorker for RaftStorageImpl:Storage Directory /home/runner/work/ozone/ozone/hadoop-ozone/integration-test/target/test-dir/MiniOzoneClusterImpl-0c3862ae-9f43-41f5-9e7d-509225cf1f3d/datanode-1/data/ratis/ae40b9a9-64b5-49ea-96ce-74917ce2e1bc
2023-02-28 04:34:11,971 [pool-1506-thread-1] INFO  server.RaftServerConfigKeys (ConfUtils.java:logGet(46)) - raft.server.log.queue.byte-limit = 4294967296 (custom)
2023-02-28 04:34:11,971 [pool-1506-thread-1] INFO  server.RaftServerConfigKeys (ConfUtils.java:logGet(46)) - raft.server.log.queue.element-limit = 1024 (custom)
2023-02-28 04:34:11,971 [pool-1506-thread-1] INFO  server.RaftServerConfigKeys (ConfUtils.java:logGet(46)) - raft.server.log.segment.size.max = 1048576 (custom)
2023-02-28 04:34:11,971 [pool-1506-thread-1] INFO  server.RaftServerConfigKeys (ConfUtils.java:logGet(46)) - raft.server.log.preallocated.size = 16384 (custom)
2023-02-28 04:34:11,971 [pool-1506-thread-1] INFO  server.RaftServerConfigKeys (ConfUtils.java:logGet(46)) - raft.server.log.force.sync.num = 128 (default)
2023-02-28 04:34:11,971 [pool-1506-thread-1] INFO  server.RaftServerConfigKeys (ConfUtils.java:logGet(46)) - raft.server.log.statemachine.data.sync = true (default)
2023-02-28 04:34:11,971 [pool-1506-thread-1] INFO  server.RaftServerConfigKeys (ConfUtils.java:logGet(46)) - raft.server.log.statemachine.data.sync.timeout = 10s (default)
2023-02-28 04:34:11,971 [pool-1506-thread-1] INFO  server.RaftServerConfigKeys (ConfUtils.java:logGet(46)) - raft.server.log.statemachine.data.sync.timeout.retry = -1 (default)
2023-02-28 04:34:11,972 [pool-1506-thread-1] INFO  server.RaftServerConfigKeys (ConfUtils.java:logGet(46)) - raft.server.log.write.buffer.size = 1048576 (custom)
2023-02-28 04:34:11,972 [pool-1506-thread-1] INFO  server.RaftServerConfigKeys (ConfUtils.java:logGet(46)) - raft.server.log.appender.buffer.byte-limit = 33554432 (custom)
2023-02-28 04:34:11,975 [pool-1506-thread-1] INFO  server.RaftServerConfigKeys (ConfUtils.java:logGet(46)) - raft.server.log.unsafe-flush.enabled = false (default)
2023-02-28 04:34:11,976 [pool-1506-thread-1] INFO  server.RaftServerConfigKeys (ConfUtils.java:logGet(46)) - raft.server.log.async-flush.enabled = false (default)
2023-02-28 04:34:11,976 [pool-1506-thread-1] INFO  server.RaftServerConfigKeys (ConfUtils.java:logGet(46)) - raft.server.log.statemachine.data.caching.enabled = true (custom)
2023-02-28 04:34:11,976 [pool-1506-thread-1] INFO  segmented.SegmentedRaftLogWorker (SegmentedRaftLogWorker.java:lambda$new$0(135)) - 31a92c54-262b-4b95-8408-9add7bc0e96e@group-74917CE2E1BC-SegmentedRaftLogWorker: flushIndex: setUnconditionally 0 -> -1
2023-02-28 04:34:11,976 [pool-1506-thread-1] INFO  segmented.SegmentedRaftLogWorker (SegmentedRaftLogWorker.java:lambda$new$0(135)) - 31a92c54-262b-4b95-8408-9add7bc0e96e@group-74917CE2E1BC-SegmentedRaftLogWorker: safeCacheEvictIndex: setUnconditionally 0 -> -1
2023-02-28 04:34:11,976 [pool-1506-thread-1] INFO  server.RaftServer$Division (RaftServerImpl.java:start(334)) - 31a92c54-262b-4b95-8408-9add7bc0e96e@group-74917CE2E1BC: start as a follower, conf=-1: peers:[59b3d1af-192e-46e6-851e-ebaa0e10d9fe|rpc:10.1.0.42:43209|dataStream:10.1.0.42:42427|priority:0|startupRole:FOLLOWER, 31a92c54-262b-4b95-8408-9add7bc0e96e|rpc:10.1.0.42:36747|dataStream:10.1.0.42:34135|priority:1|startupRole:FOLLOWER, e9b39097-2f21-4b57-bd6d-32b83f848713|rpc:10.1.0.42:34613|dataStream:10.1.0.42:43039|priority:0|startupRole:FOLLOWER]|listeners:[], old=null
2023-02-28 04:34:11,976 [pool-1506-thread-1] INFO  server.RaftServer$Division (RaftServerImpl.java:setRole(321)) - 31a92c54-262b-4b95-8408-9add7bc0e96e@group-74917CE2E1BC: changes role from      null to FOLLOWER at term 0 for startAsFollower
2023-02-28 04:34:11,976 [pool-1506-thread-1] INFO  impl.RoleInfo (RoleInfo.java:updateAndGet(139)) - 31a92c54-262b-4b95-8408-9add7bc0e96e: start 31a92c54-262b-4b95-8408-9add7bc0e96e@group-74917CE2E1BC-FollowerState
2023-02-28 04:34:11,977 [pool-1506-thread-1] INFO  util.JmxRegister (JmxRegister.java:tryRegister(44)) - Successfully registered JMX Bean with object name Ratis:service=RaftServer,group=group-74917CE2E1BC,id=31a92c54-262b-4b95-8408-9add7bc0e96e
2023-02-28 04:34:11,977 [pool-1506-thread-1] INFO  server.RaftServerConfigKeys (ConfUtils.java:logGet(46)) - raft.server.snapshot.auto.trigger.enabled = true (custom)
2023-02-28 04:34:11,977 [pool-1506-thread-1] INFO  server.RaftServerConfigKeys (ConfUtils.java:logGet(46)) - raft.server.snapshot.auto.trigger.threshold = 10000 (custom)
2023-02-28 04:34:11,977 [pool-1506-thread-1] INFO  server.RaftServerConfigKeys (ConfUtils.java:logGet(46)) - raft.server.snapshot.retention.file.num = 5 (custom)
2023-02-28 04:34:11,977 [pool-1506-thread-1] INFO  server.RaftServerConfigKeys (ConfUtils.java:logGet(46)) - raft.server.log.purge.upto.snapshot.index = false (default)
2023-02-28 04:34:11,978 [31a92c54-262b-4b95-8408-9add7bc0e96e@group-74917CE2E1BC-FollowerState] INFO  server.RaftServerConfigKeys (ConfUtils.java:logFallback(53)) - raft.server.rpc.first-election.timeout.min = 5s (fallback to raft.server.rpc.timeout.min)
2023-02-28 04:34:11,984 [31a92c54-262b-4b95-8408-9add7bc0e96e@group-74917CE2E1BC-FollowerState] INFO  server.RaftServerConfigKeys (ConfUtils.java:logFallback(53)) - raft.server.rpc.first-election.timeout.max = 5200ms (fallback to raft.server.rpc.timeout.max)
2023-02-28 04:34:11,988 [Command processor thread] INFO  commandhandler.CreatePipelineCommandHandler (CreatePipelineCommandHandler.java:handle(113)) - Created Pipeline RATIS THREE PipelineID=ae40b9a9-64b5-49ea-96ce-74917ce2e1bc.
2023-02-28 04:34:12,094 [Command processor thread] INFO  server.RaftServer (RaftServerProxy.java:addNew(96)) - 31a92c54-262b-4b95-8408-9add7bc0e96e: addNew group-20AA4AAFD1F3:[31a92c54-262b-4b95-8408-9add7bc0e96e|rpc:10.1.0.42:36747|dataStream:10.1.0.42:34135|priority:1|startupRole:FOLLOWER] returns group-20AA4AAFD1F3:java.util.concurrent.CompletableFuture@22d7dfc7[Not completed]
2023-02-28 04:34:12,095 [pool-1506-thread-1] INFO  server.RaftServer$Division (RaftServerImpl.java:<init>(195)) - 31a92c54-262b-4b95-8408-9add7bc0e96e: new RaftServerImpl for group-20AA4AAFD1F3:[31a92c54-262b-4b95-8408-9add7bc0e96e|rpc:10.1.0.42:36747|dataStream:10.1.0.42:34135|priority:1|startupRole:FOLLOWER] with ContainerStateMachine:uninitialized
2023-02-28 04:34:12,095 [pool-1506-thread-1] INFO  server.RaftServerConfigKeys (ConfUtils.java:logGet(46)) - raft.server.rpc.timeout.min = 5s (custom)
2023-02-28 04:34:12,095 [pool-1506-thread-1] INFO  server.RaftServerConfigKeys (ConfUtils.java:logGet(46)) - raft.server.rpc.timeout.max = 5200ms (custom)
2023-02-28 04:34:12,095 [pool-1506-thread-1] INFO  server.RaftServerConfigKeys (ConfUtils.java:logGet(46)) - raft.server.rpc.sleep.time = 25ms (default)
2023-02-28 04:34:12,095 [pool-1506-thread-1] INFO  server.RaftServerConfigKeys (ConfUtils.java:logGet(46)) - raft.server.rpc.slowness.timeout = 300s (custom)
2023-02-28 04:34:12,095 [pool-1506-thread-1] INFO  server.RaftServerConfigKeys (ConfUtils.java:logGet(46)) - raft.server.leaderelection.leader.step-down.wait-time = 10s (default)
2023-02-28 04:34:12,095 [pool-1506-thread-1] INFO  server.RaftServerConfigKeys (ConfUtils.java:logGet(46)) - raft.server.sleep.deviation.threshold = 300ms (default)
2023-02-28 04:34:12,095 [pool-1506-thread-1] INFO  server.RaftServer$Division (ServerState.java:<init>(118)) - 31a92c54-262b-4b95-8408-9add7bc0e96e@group-20AA4AAFD1F3: ConfigurationManager, init=-1: peers:[31a92c54-262b-4b95-8408-9add7bc0e96e|rpc:10.1.0.42:36747|dataStream:10.1.0.42:34135|priority:1|startupRole:FOLLOWER]|listeners:[], old=null, confs=<EMPTY_MAP>
2023-02-28 04:34:12,095 [pool-1506-thread-1] INFO  server.RaftServerConfigKeys (ConfUtils.java:logGet(46)) - raft.server.storage.dir = [/home/runner/work/ozone/ozone/hadoop-ozone/integration-test/target/test-dir/MiniOzoneClusterImpl-0c3862ae-9f43-41f5-9e7d-509225cf1f3d/datanode-1/data/ratis] (custom)
2023-02-28 04:34:12,095 [pool-1506-thread-1] INFO  server.RaftServerConfigKeys (ConfUtils.java:logGet(46)) - raft.server.log.corruption.policy = EXCEPTION (default)
2023-02-28 04:34:12,095 [pool-1506-thread-1] INFO  server.RaftServerConfigKeys (ConfUtils.java:logGet(46)) - raft.server.storage.free-space.min = 0MB (=0) (default)
2023-02-28 04:34:12,096 [pool-1506-thread-1] INFO  server.RaftServerConfigKeys (ConfUtils.java:logGet(46)) - raft.server.notification.no-leader.timeout = 300s (custom)
2023-02-28 04:34:12,096 [pool-1506-thread-1] INFO  server.RaftServerConfigKeys (ConfUtils.java:logGet(46)) - raft.server.retrycache.expirytime = 600000ms (custom)
2023-02-28 04:34:12,096 [pool-1506-thread-1] INFO  server.RaftServerConfigKeys (ConfUtils.java:logGet(46)) - raft.server.retrycache.statistics.expirytime = 100μs (default)
2023-02-28 04:34:12,097 [pool-1506-thread-1] INFO  server.RaftServerConfigKeys (ConfUtils.java:logGet(46)) - raft.server.log.appender.install.snapshot.enabled = false (custom)
2023-02-28 04:34:12,097 [pool-1506-thread-1] INFO  server.RaftServerConfigKeys (ConfUtils.java:logGet(46)) - raft.server.threadpool.server.cached = true (default)
2023-02-28 04:34:12,097 [pool-1506-thread-1] INFO  server.RaftServerConfigKeys (ConfUtils.java:logGet(46)) - raft.server.threadpool.server.size = 0 (default)
2023-02-28 04:34:12,097 [pool-1506-thread-1] INFO  server.RaftServerConfigKeys (ConfUtils.java:logGet(46)) - raft.server.threadpool.client.cached = true (default)
2023-02-28 04:34:12,097 [pool-1506-thread-1] INFO  server.RaftServerConfigKeys (ConfUtils.java:logGet(46)) - raft.server.threadpool.client.size = 0 (default)
2023-02-28 04:34:12,097 [pool-1506-thread-1] INFO  storage.RaftStorageDirectory (RaftStorageDirectoryImpl.java:analyzeStorage(137)) - The storage directory /home/runner/work/ozone/ozone/hadoop-ozone/integration-test/target/test-dir/MiniOzoneClusterImpl-0c3862ae-9f43-41f5-9e7d-509225cf1f3d/datanode-1/data/ratis/fb7dfdc7-d13d-48ce-8d3b-20aa4aafd1f3 does not exist. Creating ...
2023-02-28 04:34:12,099 [pool-1506-thread-1] INFO  storage.RaftStorageDirectory (RaftStorageDirectoryImpl.java:tryLock(231)) - Lock on /home/runner/work/ozone/ozone/hadoop-ozone/integration-test/target/test-dir/MiniOzoneClusterImpl-0c3862ae-9f43-41f5-9e7d-509225cf1f3d/datanode-1/data/ratis/fb7dfdc7-d13d-48ce-8d3b-20aa4aafd1f3/in_use.lock acquired by nodename 61299@fv-az467-141
2023-02-28 04:34:12,100 [pool-1506-thread-1] INFO  storage.RaftStorage (RaftStorageImpl.java:format(96)) - Storage directory /home/runner/work/ozone/ozone/hadoop-ozone/integration-test/target/test-dir/MiniOzoneClusterImpl-0c3862ae-9f43-41f5-9e7d-509225cf1f3d/datanode-1/data/ratis/fb7dfdc7-d13d-48ce-8d3b-20aa4aafd1f3 has been successfully formatted.
2023-02-28 04:34:12,103 [EventQueue-PipelineReportForPipelineReportHandler] INFO  pipeline.PipelineManagerImpl (PipelineManagerImpl.java:openPipeline(367)) - Pipeline Pipeline[ Id: fb7dfdc7-d13d-48ce-8d3b-20aa4aafd1f3, Nodes: 31a92c54-262b-4b95-8408-9add7bc0e96e(fv-az467-141/10.1.0.42), ReplicationConfig: RATIS/ONE, State:ALLOCATED, leaderId:31a92c54-262b-4b95-8408-9add7bc0e96e, CreationTimestamp2023-02-28T04:34:09.097Z[Etc/UTC]] moved to OPEN state
2023-02-28 04:34:12,103 [pool-1506-thread-1] INFO  ratis.ContainerStateMachine (ContainerStateMachine.java:loadSnapshot(240)) - group-20AA4AAFD1F3: The snapshot info is null. Setting the last applied indexto:(t:0, i:~)
2023-02-28 04:34:12,103 [pool-1506-thread-1] INFO  server.RaftServerConfigKeys (ConfUtils.java:logGet(46)) - raft.server.log.use.memory = false (default)
2023-02-28 04:34:12,103 [pool-1506-thread-1] INFO  server.RaftServerConfigKeys (ConfUtils.java:logGet(46)) - raft.server.log.purge.gap = 1000000 (custom)
2023-02-28 04:34:12,103 [pool-1506-thread-1] INFO  server.RaftServerConfigKeys (ConfUtils.java:logGet(46)) - raft.server.log.appender.buffer.byte-limit = 33554432 (custom)
2023-02-28 04:34:12,103 [EventQueue-OpenPipelineForHealthyPipelineSafeModeRule] INFO  safemode.SCMSafeModeManager (HealthyPipelineSafeModeRule.java:process(137)) - SCM in safe mode. Healthy pipelines reported count is 0, required healthy pipeline reported count is 1
2023-02-28 04:34:12,103 [pool-1506-thread-1] INFO  server.RaftServerConfigKeys (ConfUtils.java:logGet(46)) - raft.server.log.statemachine.data.read.timeout = 1000ms (default)
2023-02-28 04:34:12,103 [pool-1506-thread-1] INFO  server.RaftServerConfigKeys (ConfUtils.java:logGet(46)) - raft.server.log.purge.preservation.log.num = 0 (default)
2023-02-28 04:34:12,103 [pool-1506-thread-1] INFO  server.RaftServerConfigKeys (ConfUtils.java:logGet(46)) - raft.server.log.segment.size.max = 1048576 (custom)
2023-02-28 04:34:12,103 [pool-1506-thread-1] INFO  server.RaftServerConfigKeys (ConfUtils.java:logGet(46)) - raft.server.log.segment.cache.num.max = 2 (custom)
2023-02-28 04:34:12,103 [pool-1506-thread-1] INFO  server.RaftServerConfigKeys (ConfUtils.java:logGet(46)) - raft.server.log.segment.cache.size.max = 200MB (=209715200) (default)
2023-02-28 04:34:12,104 [pool-1506-thread-1] INFO  segmented.SegmentedRaftLogWorker (SegmentedRaftLogWorker.java:<init>(189)) - new 31a92c54-262b-4b95-8408-9add7bc0e96e@group-20AA4AAFD1F3-SegmentedRaftLogWorker for RaftStorageImpl:Storage Directory /home/runner/work/ozone/ozone/hadoop-ozone/integration-test/target/test-dir/MiniOzoneClusterImpl-0c3862ae-9f43-41f5-9e7d-509225cf1f3d/datanode-1/data/ratis/fb7dfdc7-d13d-48ce-8d3b-20aa4aafd1f3
2023-02-28 04:34:12,104 [pool-1506-thread-1] INFO  server.RaftServerConfigKeys (ConfUtils.java:logGet(46)) - raft.server.log.queue.byte-limit = 4294967296 (custom)
2023-02-28 04:34:12,104 [pool-1506-thread-1] INFO  server.RaftServerConfigKeys (ConfUtils.java:logGet(46)) - raft.server.log.queue.element-limit = 1024 (custom)
2023-02-28 04:34:12,104 [pool-1506-thread-1] INFO  server.RaftServerConfigKeys (ConfUtils.java:logGet(46)) - raft.server.log.segment.size.max = 1048576 (custom)
2023-02-28 04:34:12,104 [pool-1506-thread-1] INFO  server.RaftServerConfigKeys (ConfUtils.java:logGet(46)) - raft.server.log.preallocated.size = 16384 (custom)
2023-02-28 04:34:12,104 [pool-1506-thread-1] INFO  server.RaftServerConfigKeys (ConfUtils.java:logGet(46)) - raft.server.log.force.sync.num = 128 (default)
2023-02-28 04:34:12,104 [pool-1506-thread-1] INFO  server.RaftServerConfigKeys (ConfUtils.java:logGet(46)) - raft.server.log.statemachine.data.sync = true (default)
2023-02-28 04:34:12,104 [pool-1506-thread-1] INFO  server.RaftServerConfigKeys (ConfUtils.java:logGet(46)) - raft.server.log.statemachine.data.sync.timeout = 10s (default)
2023-02-28 04:34:12,104 [pool-1506-thread-1] INFO  server.RaftServerConfigKeys (ConfUtils.java:logGet(46)) - raft.server.log.statemachine.data.sync.timeout.retry = -1 (default)
2023-02-28 04:34:12,104 [pool-1506-thread-1] INFO  server.RaftServerConfigKeys (ConfUtils.java:logGet(46)) - raft.server.log.write.buffer.size = 1048576 (custom)
2023-02-28 04:34:12,105 [pool-1506-thread-1] INFO  server.RaftServerConfigKeys (ConfUtils.java:logGet(46)) - raft.server.log.appender.buffer.byte-limit = 33554432 (custom)
2023-02-28 04:34:12,109 [pool-1506-thread-1] INFO  server.RaftServerConfigKeys (ConfUtils.java:logGet(46)) - raft.server.log.unsafe-flush.enabled = false (default)
2023-02-28 04:34:12,109 [pool-1506-thread-1] INFO  server.RaftServerConfigKeys (ConfUtils.java:logGet(46)) - raft.server.log.async-flush.enabled = false (default)
2023-02-28 04:34:12,109 [pool-1506-thread-1] INFO  server.RaftServerConfigKeys (ConfUtils.java:logGet(46)) - raft.server.log.statemachine.data.caching.enabled = true (custom)
2023-02-28 04:34:12,109 [pool-1506-thread-1] INFO  segmented.SegmentedRaftLogWorker (SegmentedRaftLogWorker.java:lambda$new$0(135)) - 31a92c54-262b-4b95-8408-9add7bc0e96e@group-20AA4AAFD1F3-SegmentedRaftLogWorker: flushIndex: setUnconditionally 0 -> -1
2023-02-28 04:34:12,109 [pool-1506-thread-1] INFO  segmented.SegmentedRaftLogWorker (SegmentedRaftLogWorker.java:lambda$new$0(135)) - 31a92c54-262b-4b95-8408-9add7bc0e96e@group-20AA4AAFD1F3-SegmentedRaftLogWorker: safeCacheEvictIndex: setUnconditionally 0 -> -1
2023-02-28 04:34:12,113 [pool-1506-thread-1] INFO  server.RaftServer$Division (RaftServerImpl.java:start(334)) - 31a92c54-262b-4b95-8408-9add7bc0e96e@group-20AA4AAFD1F3: start as a follower, conf=-1: peers:[31a92c54-262b-4b95-8408-9add7bc0e96e|rpc:10.1.0.42:36747|dataStream:10.1.0.42:34135|priority:1|startupRole:FOLLOWER]|listeners:[], old=null
2023-02-28 04:34:12,113 [pool-1506-thread-1] INFO  server.RaftServer$Division (RaftServerImpl.java:setRole(321)) - 31a92c54-262b-4b95-8408-9add7bc0e96e@group-20AA4AAFD1F3: changes role from      null to FOLLOWER at term 0 for startAsFollower
2023-02-28 04:34:12,113 [pool-1506-thread-1] INFO  impl.RoleInfo (RoleInfo.java:updateAndGet(139)) - 31a92c54-262b-4b95-8408-9add7bc0e96e: start 31a92c54-262b-4b95-8408-9add7bc0e96e@group-20AA4AAFD1F3-FollowerState
2023-02-28 04:34:12,113 [pool-1506-thread-1] INFO  util.JmxRegister (JmxRegister.java:tryRegister(44)) - Successfully registered JMX Bean with object name Ratis:service=RaftServer,group=group-20AA4AAFD1F3,id=31a92c54-262b-4b95-8408-9add7bc0e96e
2023-02-28 04:34:12,113 [31a92c54-262b-4b95-8408-9add7bc0e96e@group-20AA4AAFD1F3-FollowerState] INFO  server.RaftServerConfigKeys (ConfUtils.java:logFallback(53)) - raft.server.rpc.first-election.timeout.min = 5s (fallback to raft.server.rpc.timeout.min)
2023-02-28 04:34:12,113 [pool-1506-thread-1] INFO  server.RaftServerConfigKeys (ConfUtils.java:logGet(46)) - raft.server.snapshot.auto.trigger.enabled = true (custom)
2023-02-28 04:34:12,113 [31a92c54-262b-4b95-8408-9add7bc0e96e@group-20AA4AAFD1F3-FollowerState] INFO  server.RaftServerConfigKeys (ConfUtils.java:logFallback(53)) - raft.server.rpc.first-election.timeout.max = 5200ms (fallback to raft.server.rpc.timeout.max)
2023-02-28 04:34:12,113 [pool-1506-thread-1] INFO  server.RaftServerConfigKeys (ConfUtils.java:logGet(46)) - raft.server.snapshot.auto.trigger.threshold = 10000 (custom)
2023-02-28 04:34:12,113 [pool-1506-thread-1] INFO  server.RaftServerConfigKeys (ConfUtils.java:logGet(46)) - raft.server.snapshot.retention.file.num = 5 (custom)
2023-02-28 04:34:12,113 [pool-1506-thread-1] INFO  server.RaftServerConfigKeys (ConfUtils.java:logGet(46)) - raft.server.log.purge.upto.snapshot.index = false (default)
2023-02-28 04:34:12,114 [Command processor thread] INFO  ratis.XceiverServerRatis (XceiverServerRatis.java:addGroup(807)) - Created group PipelineID=fb7dfdc7-d13d-48ce-8d3b-20aa4aafd1f3
2023-02-28 04:34:12,114 [Command processor thread] INFO  commandhandler.CreatePipelineCommandHandler (CreatePipelineCommandHandler.java:handle(113)) - Created Pipeline RATIS ONE PipelineID=fb7dfdc7-d13d-48ce-8d3b-20aa4aafd1f3.
2023-02-28 04:34:12,421 [Command processor thread] INFO  server.RaftServer (RaftServerProxy.java:addNew(96)) - e9b39097-2f21-4b57-bd6d-32b83f848713: addNew group-ACA650CE4316:[e9b39097-2f21-4b57-bd6d-32b83f848713|rpc:10.1.0.42:34613|dataStream:10.1.0.42:43039|priority:1|startupRole:FOLLOWER] returns group-ACA650CE4316:java.util.concurrent.CompletableFuture@7904ccb[Not completed]
2023-02-28 04:34:12,422 [pool-1528-thread-1] INFO  server.RaftServer$Division (RaftServerImpl.java:<init>(195)) - e9b39097-2f21-4b57-bd6d-32b83f848713: new RaftServerImpl for group-ACA650CE4316:[e9b39097-2f21-4b57-bd6d-32b83f848713|rpc:10.1.0.42:34613|dataStream:10.1.0.42:43039|priority:1|startupRole:FOLLOWER] with ContainerStateMachine:uninitialized
2023-02-28 04:34:12,422 [pool-1528-thread-1] INFO  server.RaftServerConfigKeys (ConfUtils.java:logGet(46)) - raft.server.rpc.timeout.min = 5s (custom)
2023-02-28 04:34:12,422 [pool-1528-thread-1] INFO  server.RaftServerConfigKeys (ConfUtils.java:logGet(46)) - raft.server.rpc.timeout.max = 5200ms (custom)
2023-02-28 04:34:12,422 [pool-1528-thread-1] INFO  server.RaftServerConfigKeys (ConfUtils.java:logGet(46)) - raft.server.rpc.sleep.time = 25ms (default)
2023-02-28 04:34:12,422 [pool-1528-thread-1] INFO  server.RaftServerConfigKeys (ConfUtils.java:logGet(46)) - raft.server.rpc.slowness.timeout = 300s (custom)
2023-02-28 04:34:12,422 [pool-1528-thread-1] INFO  server.RaftServerConfigKeys (ConfUtils.java:logGet(46)) - raft.server.leaderelection.leader.step-down.wait-time = 10s (default)
2023-02-28 04:34:12,422 [pool-1528-thread-1] INFO  server.RaftServerConfigKeys (ConfUtils.java:logGet(46)) - raft.server.sleep.deviation.threshold = 300ms (default)
2023-02-28 04:34:12,422 [pool-1528-thread-1] INFO  server.RaftServer$Division (ServerState.java:<init>(118)) - e9b39097-2f21-4b57-bd6d-32b83f848713@group-ACA650CE4316: ConfigurationManager, init=-1: peers:[e9b39097-2f21-4b57-bd6d-32b83f848713|rpc:10.1.0.42:34613|dataStream:10.1.0.42:43039|priority:1|startupRole:FOLLOWER]|listeners:[], old=null, confs=<EMPTY_MAP>
2023-02-28 04:34:12,422 [pool-1528-thread-1] INFO  server.RaftServerConfigKeys (ConfUtils.java:logGet(46)) - raft.server.storage.dir = [/home/runner/work/ozone/ozone/hadoop-ozone/integration-test/target/test-dir/MiniOzoneClusterImpl-0c3862ae-9f43-41f5-9e7d-509225cf1f3d/datanode-2/data/ratis] (custom)
2023-02-28 04:34:12,423 [pool-1528-thread-1] INFO  server.RaftServerConfigKeys (ConfUtils.java:logGet(46)) - raft.server.log.corruption.policy = EXCEPTION (default)
2023-02-28 04:34:12,423 [pool-1528-thread-1] INFO  server.RaftServerConfigKeys (ConfUtils.java:logGet(46)) - raft.server.storage.free-space.min = 0MB (=0) (default)
2023-02-28 04:34:12,423 [pool-1528-thread-1] INFO  server.RaftServerConfigKeys (ConfUtils.java:logGet(46)) - raft.server.notification.no-leader.timeout = 300s (custom)
2023-02-28 04:34:12,423 [pool-1528-thread-1] INFO  server.RaftServerConfigKeys (ConfUtils.java:logGet(46)) - raft.server.retrycache.expirytime = 600000ms (custom)
2023-02-28 04:34:12,423 [pool-1528-thread-1] INFO  server.RaftServerConfigKeys (ConfUtils.java:logGet(46)) - raft.server.retrycache.statistics.expirytime = 100μs (default)
2023-02-28 04:34:12,423 [pool-1528-thread-1] INFO  server.RaftServerConfigKeys (ConfUtils.java:logGet(46)) - raft.server.log.appender.install.snapshot.enabled = false (custom)
2023-02-28 04:34:12,423 [pool-1528-thread-1] INFO  server.RaftServerConfigKeys (ConfUtils.java:logGet(46)) - raft.server.threadpool.server.cached = true (default)
2023-02-28 04:34:12,423 [pool-1528-thread-1] INFO  server.RaftServerConfigKeys (ConfUtils.java:logGet(46)) - raft.server.threadpool.server.size = 0 (default)
2023-02-28 04:34:12,423 [pool-1528-thread-1] INFO  server.RaftServerConfigKeys (ConfUtils.java:logGet(46)) - raft.server.threadpool.client.cached = true (default)
2023-02-28 04:34:12,423 [pool-1528-thread-1] INFO  server.RaftServerConfigKeys (ConfUtils.java:logGet(46)) - raft.server.threadpool.client.size = 0 (default)
2023-02-28 04:34:12,424 [Listener at 127.0.0.1/40735] INFO  ozone.MiniOzoneClusterImpl (MiniOzoneClusterImpl.java:lambda$waitForClusterToBeReady$0(218)) - Nodes are ready. Got 3 of 3 DN Heartbeats.
2023-02-28 04:34:12,424 [Listener at 127.0.0.1/40735] INFO  ozone.MiniOzoneClusterImpl (MiniOzoneClusterImpl.java:lambda$waitForClusterToBeReady$0(221)) - Waiting for cluster to exit safe mode
2023-02-28 04:34:12,424 [Listener at 127.0.0.1/40735] INFO  ozone.MiniOzoneClusterImpl (MiniOzoneClusterImpl.java:lambda$waitForClusterToBeReady$0(223)) - SCM became leader
2023-02-28 04:34:12,424 [pool-1528-thread-1] INFO  storage.RaftStorageDirectory (RaftStorageDirectoryImpl.java:analyzeStorage(137)) - The storage directory /home/runner/work/ozone/ozone/hadoop-ozone/integration-test/target/test-dir/MiniOzoneClusterImpl-0c3862ae-9f43-41f5-9e7d-509225cf1f3d/datanode-2/data/ratis/a029c681-e208-495e-97f9-aca650ce4316 does not exist. Creating ...
2023-02-28 04:34:12,425 [pool-1528-thread-1] INFO  storage.RaftStorageDirectory (RaftStorageDirectoryImpl.java:tryLock(231)) - Lock on /home/runner/work/ozone/ozone/hadoop-ozone/integration-test/target/test-dir/MiniOzoneClusterImpl-0c3862ae-9f43-41f5-9e7d-509225cf1f3d/datanode-2/data/ratis/a029c681-e208-495e-97f9-aca650ce4316/in_use.lock acquired by nodename 61299@fv-az467-141
2023-02-28 04:34:12,426 [pool-1528-thread-1] INFO  storage.RaftStorage (RaftStorageImpl.java:format(96)) - Storage directory /home/runner/work/ozone/ozone/hadoop-ozone/integration-test/target/test-dir/MiniOzoneClusterImpl-0c3862ae-9f43-41f5-9e7d-509225cf1f3d/datanode-2/data/ratis/a029c681-e208-495e-97f9-aca650ce4316 has been successfully formatted.
2023-02-28 04:34:12,426 [pool-1528-thread-1] INFO  ratis.ContainerStateMachine (ContainerStateMachine.java:loadSnapshot(240)) - group-ACA650CE4316: The snapshot info is null. Setting the last applied indexto:(t:0, i:~)
2023-02-28 04:34:12,426 [pool-1528-thread-1] INFO  server.RaftServerConfigKeys (ConfUtils.java:logGet(46)) - raft.server.log.use.memory = false (default)
2023-02-28 04:34:12,427 [pool-1528-thread-1] INFO  server.RaftServerConfigKeys (ConfUtils.java:logGet(46)) - raft.server.log.purge.gap = 1000000 (custom)
2023-02-28 04:34:12,427 [pool-1528-thread-1] INFO  server.RaftServerConfigKeys (ConfUtils.java:logGet(46)) - raft.server.log.appender.buffer.byte-limit = 33554432 (custom)
2023-02-28 04:34:12,427 [pool-1528-thread-1] INFO  server.RaftServerConfigKeys (ConfUtils.java:logGet(46)) - raft.server.log.statemachine.data.read.timeout = 1000ms (default)
2023-02-28 04:34:12,427 [pool-1528-thread-1] INFO  server.RaftServerConfigKeys (ConfUtils.java:logGet(46)) - raft.server.log.purge.preservation.log.num = 0 (default)
2023-02-28 04:34:12,427 [pool-1528-thread-1] INFO  server.RaftServerConfigKeys (ConfUtils.java:logGet(46)) - raft.server.log.segment.size.max = 1048576 (custom)
2023-02-28 04:34:12,427 [pool-1528-thread-1] INFO  server.RaftServerConfigKeys (ConfUtils.java:logGet(46)) - raft.server.log.segment.cache.num.max = 2 (custom)
2023-02-28 04:34:12,427 [pool-1528-thread-1] INFO  server.RaftServerConfigKeys (ConfUtils.java:logGet(46)) - raft.server.log.segment.cache.size.max = 200MB (=209715200) (default)
2023-02-28 04:34:12,427 [pool-1528-thread-1] INFO  segmented.SegmentedRaftLogWorker (SegmentedRaftLogWorker.java:<init>(189)) - new e9b39097-2f21-4b57-bd6d-32b83f848713@group-ACA650CE4316-SegmentedRaftLogWorker for RaftStorageImpl:Storage Directory /home/runner/work/ozone/ozone/hadoop-ozone/integration-test/target/test-dir/MiniOzoneClusterImpl-0c3862ae-9f43-41f5-9e7d-509225cf1f3d/datanode-2/data/ratis/a029c681-e208-495e-97f9-aca650ce4316
2023-02-28 04:34:12,427 [pool-1528-thread-1] INFO  server.RaftServerConfigKeys (ConfUtils.java:logGet(46)) - raft.server.log.queue.byte-limit = 4294967296 (custom)
2023-02-28 04:34:12,427 [pool-1528-thread-1] INFO  server.RaftServerConfigKeys (ConfUtils.java:logGet(46)) - raft.server.log.queue.element-limit = 1024 (custom)
2023-02-28 04:34:12,427 [pool-1528-thread-1] INFO  server.RaftServerConfigKeys (ConfUtils.java:logGet(46)) - raft.server.log.segment.size.max = 1048576 (custom)
2023-02-28 04:34:12,427 [pool-1528-thread-1] INFO  server.RaftServerConfigKeys (ConfUtils.java:logGet(46)) - raft.server.log.preallocated.size = 16384 (custom)
2023-02-28 04:34:12,427 [pool-1528-thread-1] INFO  server.RaftServerConfigKeys (ConfUtils.java:logGet(46)) - raft.server.log.force.sync.num = 128 (default)
2023-02-28 04:34:12,427 [pool-1528-thread-1] INFO  server.RaftServerConfigKeys (ConfUtils.java:logGet(46)) - raft.server.log.statemachine.data.sync = true (default)
2023-02-28 04:34:12,427 [pool-1528-thread-1] INFO  server.RaftServerConfigKeys (ConfUtils.java:logGet(46)) - raft.server.log.statemachine.data.sync.timeout = 10s (default)
2023-02-28 04:34:12,427 [pool-1528-thread-1] INFO  server.RaftServerConfigKeys (ConfUtils.java:logGet(46)) - raft.server.log.statemachine.data.sync.timeout.retry = -1 (default)
2023-02-28 04:34:12,428 [pool-1528-thread-1] INFO  server.RaftServerConfigKeys (ConfUtils.java:logGet(46)) - raft.server.log.write.buffer.size = 1048576 (custom)
2023-02-28 04:34:12,428 [pool-1528-thread-1] INFO  server.RaftServerConfigKeys (ConfUtils.java:logGet(46)) - raft.server.log.appender.buffer.byte-limit = 33554432 (custom)
2023-02-28 04:34:12,429 [EventQueue-PipelineReportForPipelineReportHandler] INFO  pipeline.PipelineManagerImpl (PipelineManagerImpl.java:openPipeline(367)) - Pipeline Pipeline[ Id: a029c681-e208-495e-97f9-aca650ce4316, Nodes: e9b39097-2f21-4b57-bd6d-32b83f848713(fv-az467-141/10.1.0.42), ReplicationConfig: RATIS/ONE, State:ALLOCATED, leaderId:e9b39097-2f21-4b57-bd6d-32b83f848713, CreationTimestamp2023-02-28T04:34:09.423Z[Etc/UTC]] moved to OPEN state
2023-02-28 04:34:12,429 [EventQueue-OpenPipelineForHealthyPipelineSafeModeRule] INFO  safemode.SCMSafeModeManager (HealthyPipelineSafeModeRule.java:process(137)) - SCM in safe mode. Healthy pipelines reported count is 0, required healthy pipeline reported count is 1
2023-02-28 04:34:12,432 [pool-1528-thread-1] INFO  server.RaftServerConfigKeys (ConfUtils.java:logGet(46)) - raft.server.log.unsafe-flush.enabled = false (default)
2023-02-28 04:34:12,432 [pool-1528-thread-1] INFO  server.RaftServerConfigKeys (ConfUtils.java:logGet(46)) - raft.server.log.async-flush.enabled = false (default)
2023-02-28 04:34:12,432 [pool-1528-thread-1] INFO  server.RaftServerConfigKeys (ConfUtils.java:logGet(46)) - raft.server.log.statemachine.data.caching.enabled = true (custom)
2023-02-28 04:34:12,432 [pool-1528-thread-1] INFO  segmented.SegmentedRaftLogWorker (SegmentedRaftLogWorker.java:lambda$new$0(135)) - e9b39097-2f21-4b57-bd6d-32b83f848713@group-ACA650CE4316-SegmentedRaftLogWorker: flushIndex: setUnconditionally 0 -> -1
2023-02-28 04:34:12,432 [pool-1528-thread-1] INFO  segmented.SegmentedRaftLogWorker (SegmentedRaftLogWorker.java:lambda$new$0(135)) - e9b39097-2f21-4b57-bd6d-32b83f848713@group-ACA650CE4316-SegmentedRaftLogWorker: safeCacheEvictIndex: setUnconditionally 0 -> -1
2023-02-28 04:34:12,432 [pool-1528-thread-1] INFO  server.RaftServer$Division (RaftServerImpl.java:start(334)) - e9b39097-2f21-4b57-bd6d-32b83f848713@group-ACA650CE4316: start as a follower, conf=-1: peers:[e9b39097-2f21-4b57-bd6d-32b83f848713|rpc:10.1.0.42:34613|dataStream:10.1.0.42:43039|priority:1|startupRole:FOLLOWER]|listeners:[], old=null
2023-02-28 04:34:12,432 [pool-1528-thread-1] INFO  server.RaftServer$Division (RaftServerImpl.java:setRole(321)) - e9b39097-2f21-4b57-bd6d-32b83f848713@group-ACA650CE4316: changes role from      null to FOLLOWER at term 0 for startAsFollower
2023-02-28 04:34:12,432 [pool-1528-thread-1] INFO  impl.RoleInfo (RoleInfo.java:updateAndGet(139)) - e9b39097-2f21-4b57-bd6d-32b83f848713: start e9b39097-2f21-4b57-bd6d-32b83f848713@group-ACA650CE4316-FollowerState
2023-02-28 04:34:12,432 [pool-1528-thread-1] INFO  util.JmxRegister (JmxRegister.java:tryRegister(44)) - Successfully registered JMX Bean with object name Ratis:service=RaftServer,group=group-ACA650CE4316,id=e9b39097-2f21-4b57-bd6d-32b83f848713
2023-02-28 04:34:12,432 [pool-1528-thread-1] INFO  server.RaftServerConfigKeys (ConfUtils.java:logGet(46)) - raft.server.snapshot.auto.trigger.enabled = true (custom)
2023-02-28 04:34:12,433 [pool-1528-thread-1] INFO  server.RaftServerConfigKeys (ConfUtils.java:logGet(46)) - raft.server.snapshot.auto.trigger.threshold = 10000 (custom)
2023-02-28 04:34:12,433 [pool-1528-thread-1] INFO  server.RaftServerConfigKeys (ConfUtils.java:logGet(46)) - raft.server.snapshot.retention.file.num = 5 (custom)
2023-02-28 04:34:12,433 [pool-1528-thread-1] INFO  server.RaftServerConfigKeys (ConfUtils.java:logGet(46)) - raft.server.log.purge.upto.snapshot.index = false (default)
2023-02-28 04:34:12,432 [e9b39097-2f21-4b57-bd6d-32b83f848713@group-ACA650CE4316-FollowerState] INFO  server.RaftServerConfigKeys (ConfUtils.java:logFallback(53)) - raft.server.rpc.first-election.timeout.min = 5s (fallback to raft.server.rpc.timeout.min)
2023-02-28 04:34:12,433 [e9b39097-2f21-4b57-bd6d-32b83f848713@group-ACA650CE4316-FollowerState] INFO  server.RaftServerConfigKeys (ConfUtils.java:logFallback(53)) - raft.server.rpc.first-election.timeout.max = 5200ms (fallback to raft.server.rpc.timeout.max)
2023-02-28 04:34:12,433 [Command processor thread] INFO  ratis.XceiverServerRatis (XceiverServerRatis.java:addGroup(807)) - Created group PipelineID=a029c681-e208-495e-97f9-aca650ce4316
2023-02-28 04:34:12,433 [Command processor thread] INFO  commandhandler.CreatePipelineCommandHandler (CreatePipelineCommandHandler.java:handle(113)) - Created Pipeline RATIS ONE PipelineID=a029c681-e208-495e-97f9-aca650ce4316.
2023-02-28 04:34:12,489 [EndpointStateMachine task thread for /0.0.0.0:32873 - 0 ] INFO  ipc.Client (Client.java:handleConnectionFailure(1010)) - Retrying connect to server: 0.0.0.0/0.0.0.0:32873. Already tried 14 time(s); retry policy is RetryUpToMaximumCountWithFixedSleep(maxRetries=15, sleepTime=1000 MILLISECONDS)
2023-02-28 04:34:13,424 [Listener at 127.0.0.1/40735] INFO  ozone.MiniOzoneClusterImpl (MiniOzoneClusterImpl.java:lambda$waitForClusterToBeReady$0(218)) - Nodes are ready. Got 3 of 3 DN Heartbeats.
2023-02-28 04:34:13,424 [Listener at 127.0.0.1/40735] INFO  ozone.MiniOzoneClusterImpl (MiniOzoneClusterImpl.java:lambda$waitForClusterToBeReady$0(221)) - Waiting for cluster to exit safe mode
2023-02-28 04:34:13,424 [Listener at 127.0.0.1/40735] INFO  ozone.MiniOzoneClusterImpl (MiniOzoneClusterImpl.java:lambda$waitForClusterToBeReady$0(223)) - SCM became leader
2023-02-28 04:34:13,490 [EndpointStateMachine task thread for /0.0.0.0:32873 - 0 ] INFO  ipc.Client (Client.java:handleConnectionFailure(1010)) - Retrying connect to server: 0.0.0.0/0.0.0.0:32873. Already tried 0 time(s); retry policy is RetryUpToMaximumCountWithFixedSleep(maxRetries=15, sleepTime=1000 MILLISECONDS)
2023-02-28 04:34:14,424 [Listener at 127.0.0.1/40735] INFO  ozone.MiniOzoneClusterImpl (MiniOzoneClusterImpl.java:lambda$waitForClusterToBeReady$0(218)) - Nodes are ready. Got 3 of 3 DN Heartbeats.
2023-02-28 04:34:14,425 [Listener at 127.0.0.1/40735] INFO  ozone.MiniOzoneClusterImpl (MiniOzoneClusterImpl.java:lambda$waitForClusterToBeReady$0(221)) - Waiting for cluster to exit safe mode
2023-02-28 04:34:14,425 [Listener at 127.0.0.1/40735] INFO  ozone.MiniOzoneClusterImpl (MiniOzoneClusterImpl.java:lambda$waitForClusterToBeReady$0(223)) - SCM became leader
2023-02-28 04:34:14,491 [EndpointStateMachine task thread for /0.0.0.0:32873 - 0 ] INFO  ipc.Client (Client.java:handleConnectionFailure(1010)) - Retrying connect to server: 0.0.0.0/0.0.0.0:32873. Already tried 1 time(s); retry policy is RetryUpToMaximumCountWithFixedSleep(maxRetries=15, sleepTime=1000 MILLISECONDS)
2023-02-28 04:34:15,425 [Listener at 127.0.0.1/40735] INFO  ozone.MiniOzoneClusterImpl (MiniOzoneClusterImpl.java:lambda$waitForClusterToBeReady$0(218)) - Nodes are ready. Got 3 of 3 DN Heartbeats.
2023-02-28 04:34:15,425 [Listener at 127.0.0.1/40735] INFO  ozone.MiniOzoneClusterImpl (MiniOzoneClusterImpl.java:lambda$waitForClusterToBeReady$0(221)) - Waiting for cluster to exit safe mode
2023-02-28 04:34:15,425 [Listener at 127.0.0.1/40735] INFO  ozone.MiniOzoneClusterImpl (MiniOzoneClusterImpl.java:lambda$waitForClusterToBeReady$0(223)) - SCM became leader
2023-02-28 04:34:15,491 [EndpointStateMachine task thread for /0.0.0.0:32873 - 0 ] INFO  ipc.Client (Client.java:handleConnectionFailure(1010)) - Retrying connect to server: 0.0.0.0/0.0.0.0:32873. Already tried 2 time(s); retry policy is RetryUpToMaximumCountWithFixedSleep(maxRetries=15, sleepTime=1000 MILLISECONDS)
2023-02-28 04:34:16,425 [Listener at 127.0.0.1/40735] INFO  ozone.MiniOzoneClusterImpl (MiniOzoneClusterImpl.java:lambda$waitForClusterToBeReady$0(218)) - Nodes are ready. Got 3 of 3 DN Heartbeats.
2023-02-28 04:34:16,426 [Listener at 127.0.0.1/40735] INFO  ozone.MiniOzoneClusterImpl (MiniOzoneClusterImpl.java:lambda$waitForClusterToBeReady$0(221)) - Waiting for cluster to exit safe mode
2023-02-28 04:34:16,426 [Listener at 127.0.0.1/40735] INFO  ozone.MiniOzoneClusterImpl (MiniOzoneClusterImpl.java:lambda$waitForClusterToBeReady$0(223)) - SCM became leader
2023-02-28 04:34:16,492 [EndpointStateMachine task thread for /0.0.0.0:32873 - 0 ] INFO  ipc.Client (Client.java:handleConnectionFailure(1010)) - Retrying connect to server: 0.0.0.0/0.0.0.0:32873. Already tried 3 time(s); retry policy is RetryUpToMaximumCountWithFixedSleep(maxRetries=15, sleepTime=1000 MILLISECONDS)
2023-02-28 04:34:16,870 [31a92c54-262b-4b95-8408-9add7bc0e96e@group-87736AF3BFD9-FollowerState] INFO  impl.FollowerState (FollowerState.java:run(143)) - 31a92c54-262b-4b95-8408-9add7bc0e96e@group-87736AF3BFD9-FollowerState: change to CANDIDATE, lastRpcElapsedTime:5024024086ns, electionTimeout:5004ms
2023-02-28 04:34:16,870 [31a92c54-262b-4b95-8408-9add7bc0e96e@group-87736AF3BFD9-FollowerState] INFO  impl.RoleInfo (RoleInfo.java:shutdownFollowerState(110)) - 31a92c54-262b-4b95-8408-9add7bc0e96e: shutdown 31a92c54-262b-4b95-8408-9add7bc0e96e@group-87736AF3BFD9-FollowerState
2023-02-28 04:34:16,870 [31a92c54-262b-4b95-8408-9add7bc0e96e@group-87736AF3BFD9-FollowerState] INFO  server.RaftServer$Division (RaftServerImpl.java:setRole(321)) - 31a92c54-262b-4b95-8408-9add7bc0e96e@group-87736AF3BFD9: changes role from  FOLLOWER to CANDIDATE at term 0 for changeToCandidate
2023-02-28 04:34:16,871 [31a92c54-262b-4b95-8408-9add7bc0e96e@group-87736AF3BFD9-FollowerState] INFO  server.RaftServerConfigKeys (ConfUtils.java:logGet(46)) - raft.server.leaderelection.pre-vote = true (default)
2023-02-28 04:34:16,871 [31a92c54-262b-4b95-8408-9add7bc0e96e@group-87736AF3BFD9-FollowerState] INFO  impl.RoleInfo (RoleInfo.java:updateAndGet(139)) - 31a92c54-262b-4b95-8408-9add7bc0e96e: start 31a92c54-262b-4b95-8408-9add7bc0e96e@group-87736AF3BFD9-LeaderElection16
2023-02-28 04:34:16,872 [31a92c54-262b-4b95-8408-9add7bc0e96e@group-87736AF3BFD9-LeaderElection16] INFO  impl.LeaderElection (LeaderElection.java:askForVotes(312)) - 31a92c54-262b-4b95-8408-9add7bc0e96e@group-87736AF3BFD9-LeaderElection16 PRE_VOTE round 0: submit vote requests at term 0 for -1: peers:[59b3d1af-192e-46e6-851e-ebaa0e10d9fe|rpc:10.1.0.42:43209|dataStream:10.1.0.42:42427|priority:0|startupRole:FOLLOWER, 31a92c54-262b-4b95-8408-9add7bc0e96e|rpc:10.1.0.42:36747|dataStream:10.1.0.42:34135|priority:0|startupRole:FOLLOWER, e9b39097-2f21-4b57-bd6d-32b83f848713|rpc:10.1.0.42:34613|dataStream:10.1.0.42:43039|priority:1|startupRole:FOLLOWER]|listeners:[], old=null
2023-02-28 04:34:16,873 [31a92c54-262b-4b95-8408-9add7bc0e96e@group-87736AF3BFD9-LeaderElection16] INFO  server.RaftServerConfigKeys (ConfUtils.java:logFallback(53)) - raft.server.rpc.first-election.timeout.min = 5s (fallback to raft.server.rpc.timeout.min)
2023-02-28 04:34:16,873 [31a92c54-262b-4b95-8408-9add7bc0e96e@group-87736AF3BFD9-LeaderElection16-1] INFO  server.GrpcServerProtocolClient (GrpcServerProtocolClient.java:<init>(63)) - Build channel for 59b3d1af-192e-46e6-851e-ebaa0e10d9fe
2023-02-28 04:34:16,873 [31a92c54-262b-4b95-8408-9add7bc0e96e@group-87736AF3BFD9-LeaderElection16-2] INFO  server.GrpcServerProtocolClient (GrpcServerProtocolClient.java:<init>(63)) - Build channel for e9b39097-2f21-4b57-bd6d-32b83f848713
2023-02-28 04:34:16,873 [31a92c54-262b-4b95-8408-9add7bc0e96e@group-87736AF3BFD9-LeaderElection16] INFO  server.RaftServerConfigKeys (ConfUtils.java:logFallback(53)) - raft.server.rpc.first-election.timeout.max = 5200ms (fallback to raft.server.rpc.timeout.max)
2023-02-28 04:34:16,880 [grpc-default-executor-2] INFO  server.RaftServer$Division (RaftServerImpl.java:requestVote(1218)) - 59b3d1af-192e-46e6-851e-ebaa0e10d9fe@group-87736AF3BFD9: receive requestVote(PRE_VOTE, 31a92c54-262b-4b95-8408-9add7bc0e96e, group-87736AF3BFD9, 0, (t:0, i:0))
2023-02-28 04:34:16,880 [grpc-default-executor-2] INFO  impl.VoteContext (VoteContext.java:log(49)) - 59b3d1af-192e-46e6-851e-ebaa0e10d9fe@group-87736AF3BFD9-FOLLOWER: accept PRE_VOTE from 31a92c54-262b-4b95-8408-9add7bc0e96e: our priority 0 <= candidate's priority 0
2023-02-28 04:34:16,880 [grpc-default-executor-2] INFO  server.RaftServer$Division (RaftServerImpl.java:requestVote(1251)) - 59b3d1af-192e-46e6-851e-ebaa0e10d9fe@group-87736AF3BFD9 replies to PRE_VOTE vote request: 31a92c54-262b-4b95-8408-9add7bc0e96e<-59b3d1af-192e-46e6-851e-ebaa0e10d9fe#0:OK-t0. Peer's state: 59b3d1af-192e-46e6-851e-ebaa0e10d9fe@group-87736AF3BFD9:t0, leader=null, voted=, raftlog=Memoized:59b3d1af-192e-46e6-851e-ebaa0e10d9fe@group-87736AF3BFD9-SegmentedRaftLog:OPENED:c-1, conf=-1: peers:[59b3d1af-192e-46e6-851e-ebaa0e10d9fe|rpc:10.1.0.42:43209|dataStream:10.1.0.42:42427|priority:0|startupRole:FOLLOWER, 31a92c54-262b-4b95-8408-9add7bc0e96e|rpc:10.1.0.42:36747|dataStream:10.1.0.42:34135|priority:0|startupRole:FOLLOWER, e9b39097-2f21-4b57-bd6d-32b83f848713|rpc:10.1.0.42:34613|dataStream:10.1.0.42:43039|priority:1|startupRole:FOLLOWER]|listeners:[], old=null
2023-02-28 04:34:16,885 [grpc-default-executor-5] INFO  server.RaftServer$Division (RaftServerImpl.java:requestVote(1218)) - e9b39097-2f21-4b57-bd6d-32b83f848713@group-87736AF3BFD9: receive requestVote(PRE_VOTE, 31a92c54-262b-4b95-8408-9add7bc0e96e, group-87736AF3BFD9, 0, (t:0, i:0))
2023-02-28 04:34:16,885 [grpc-default-executor-5] INFO  impl.VoteContext (VoteContext.java:log(49)) - e9b39097-2f21-4b57-bd6d-32b83f848713@group-87736AF3BFD9-FOLLOWER: reject PRE_VOTE from 31a92c54-262b-4b95-8408-9add7bc0e96e: our priority 1 > candidate's priority 0
2023-02-28 04:34:16,885 [grpc-default-executor-5] INFO  server.RaftServer$Division (RaftServerImpl.java:requestVote(1251)) - e9b39097-2f21-4b57-bd6d-32b83f848713@group-87736AF3BFD9 replies to PRE_VOTE vote request: 31a92c54-262b-4b95-8408-9add7bc0e96e<-e9b39097-2f21-4b57-bd6d-32b83f848713#0:FAIL-t0. Peer's state: e9b39097-2f21-4b57-bd6d-32b83f848713@group-87736AF3BFD9:t0, leader=null, voted=, raftlog=Memoized:e9b39097-2f21-4b57-bd6d-32b83f848713@group-87736AF3BFD9-SegmentedRaftLog:OPENED:c-1, conf=-1: peers:[59b3d1af-192e-46e6-851e-ebaa0e10d9fe|rpc:10.1.0.42:43209|dataStream:10.1.0.42:42427|priority:0|startupRole:FOLLOWER, 31a92c54-262b-4b95-8408-9add7bc0e96e|rpc:10.1.0.42:36747|dataStream:10.1.0.42:34135|priority:0|startupRole:FOLLOWER, e9b39097-2f21-4b57-bd6d-32b83f848713|rpc:10.1.0.42:34613|dataStream:10.1.0.42:43039|priority:1|startupRole:FOLLOWER]|listeners:[], old=null
2023-02-28 04:34:16,887 [31a92c54-262b-4b95-8408-9add7bc0e96e@group-87736AF3BFD9-LeaderElection16] INFO  impl.LeaderElection (LeaderElection.java:logAndReturn(90)) - 31a92c54-262b-4b95-8408-9add7bc0e96e@group-87736AF3BFD9-LeaderElection16: PRE_VOTE REJECTED received 2 response(s) and 0 exception(s):
2023-02-28 04:34:16,887 [31a92c54-262b-4b95-8408-9add7bc0e96e@group-87736AF3BFD9-LeaderElection16] INFO  impl.LeaderElection (LeaderElection.java:logAndReturn(94)) -   Response 0: 31a92c54-262b-4b95-8408-9add7bc0e96e<-59b3d1af-192e-46e6-851e-ebaa0e10d9fe#0:OK-t0
2023-02-28 04:34:16,887 [31a92c54-262b-4b95-8408-9add7bc0e96e@group-87736AF3BFD9-LeaderElection16] INFO  impl.LeaderElection (LeaderElection.java:logAndReturn(94)) -   Response 1: 31a92c54-262b-4b95-8408-9add7bc0e96e<-e9b39097-2f21-4b57-bd6d-32b83f848713#0:FAIL-t0
2023-02-28 04:34:16,887 [31a92c54-262b-4b95-8408-9add7bc0e96e@group-87736AF3BFD9-LeaderElection16] INFO  impl.LeaderElection (LeaderElection.java:askForVotes(314)) - 31a92c54-262b-4b95-8408-9add7bc0e96e@group-87736AF3BFD9-LeaderElection16 PRE_VOTE round 0: result REJECTED
2023-02-28 04:34:16,887 [31a92c54-262b-4b95-8408-9add7bc0e96e@group-87736AF3BFD9-LeaderElection16] INFO  server.RaftServer$Division (RaftServerImpl.java:setRole(321)) - 31a92c54-262b-4b95-8408-9add7bc0e96e@group-87736AF3BFD9: changes role from CANDIDATE to FOLLOWER at term 0 for REJECTED
2023-02-28 04:34:16,887 [31a92c54-262b-4b95-8408-9add7bc0e96e@group-87736AF3BFD9-LeaderElection16] INFO  impl.RoleInfo (RoleInfo.java:shutdownLeaderElection(130)) - 31a92c54-262b-4b95-8408-9add7bc0e96e: shutdown 31a92c54-262b-4b95-8408-9add7bc0e96e@group-87736AF3BFD9-LeaderElection16
2023-02-28 04:34:16,888 [31a92c54-262b-4b95-8408-9add7bc0e96e@group-87736AF3BFD9-LeaderElection16] INFO  impl.RoleInfo (RoleInfo.java:updateAndGet(139)) - 31a92c54-262b-4b95-8408-9add7bc0e96e: start 31a92c54-262b-4b95-8408-9add7bc0e96e@group-87736AF3BFD9-FollowerState
2023-02-28 04:34:16,889 [31a92c54-262b-4b95-8408-9add7bc0e96e@group-87736AF3BFD9-FollowerState] INFO  server.RaftServerConfigKeys (ConfUtils.java:logFallback(53)) - raft.server.rpc.first-election.timeout.min = 5s (fallback to raft.server.rpc.timeout.min)
2023-02-28 04:34:16,890 [31a92c54-262b-4b95-8408-9add7bc0e96e@group-87736AF3BFD9-FollowerState] INFO  server.RaftServerConfigKeys (ConfUtils.java:logFallback(53)) - raft.server.rpc.first-election.timeout.max = 5200ms (fallback to raft.server.rpc.timeout.max)
2023-02-28 04:34:16,980 [59b3d1af-192e-46e6-851e-ebaa0e10d9fe@group-EBAB28EFF6AC-FollowerState] INFO  impl.FollowerState (FollowerState.java:run(143)) - 59b3d1af-192e-46e6-851e-ebaa0e10d9fe@group-EBAB28EFF6AC-FollowerState: change to CANDIDATE, lastRpcElapsedTime:5182170561ns, electionTimeout:5181ms
2023-02-28 04:34:16,981 [59b3d1af-192e-46e6-851e-ebaa0e10d9fe@group-EBAB28EFF6AC-FollowerState] INFO  impl.RoleInfo (RoleInfo.java:shutdownFollowerState(110)) - 59b3d1af-192e-46e6-851e-ebaa0e10d9fe: shutdown 59b3d1af-192e-46e6-851e-ebaa0e10d9fe@group-EBAB28EFF6AC-FollowerState
2023-02-28 04:34:16,981 [59b3d1af-192e-46e6-851e-ebaa0e10d9fe@group-EBAB28EFF6AC-FollowerState] INFO  server.RaftServer$Division (RaftServerImpl.java:setRole(321)) - 59b3d1af-192e-46e6-851e-ebaa0e10d9fe@group-EBAB28EFF6AC: changes role from  FOLLOWER to CANDIDATE at term 0 for changeToCandidate
2023-02-28 04:34:16,981 [59b3d1af-192e-46e6-851e-ebaa0e10d9fe@group-EBAB28EFF6AC-FollowerState] INFO  server.RaftServerConfigKeys (ConfUtils.java:logGet(46)) - raft.server.leaderelection.pre-vote = true (default)
2023-02-28 04:34:16,981 [59b3d1af-192e-46e6-851e-ebaa0e10d9fe@group-EBAB28EFF6AC-FollowerState] INFO  impl.RoleInfo (RoleInfo.java:updateAndGet(139)) - 59b3d1af-192e-46e6-851e-ebaa0e10d9fe: start 59b3d1af-192e-46e6-851e-ebaa0e10d9fe@group-EBAB28EFF6AC-LeaderElection17
2023-02-28 04:34:16,983 [59b3d1af-192e-46e6-851e-ebaa0e10d9fe@group-EBAB28EFF6AC-LeaderElection17] INFO  impl.LeaderElection (LeaderElection.java:askForVotes(312)) - 59b3d1af-192e-46e6-851e-ebaa0e10d9fe@group-EBAB28EFF6AC-LeaderElection17 PRE_VOTE round 0: submit vote requests at term 0 for -1: peers:[59b3d1af-192e-46e6-851e-ebaa0e10d9fe|rpc:10.1.0.42:43209|dataStream:10.1.0.42:42427|priority:1|startupRole:FOLLOWER]|listeners:[], old=null
2023-02-28 04:34:16,983 [59b3d1af-192e-46e6-851e-ebaa0e10d9fe@group-EBAB28EFF6AC-LeaderElection17] INFO  impl.LeaderElection (LeaderElection.java:askForVotes(314)) - 59b3d1af-192e-46e6-851e-ebaa0e10d9fe@group-EBAB28EFF6AC-LeaderElection17 PRE_VOTE round 0: result PASSED (term=0)
2023-02-28 04:34:16,984 [59b3d1af-192e-46e6-851e-ebaa0e10d9fe@group-EBAB28EFF6AC-LeaderElection17] INFO  impl.LeaderElection (LeaderElection.java:askForVotes(312)) - 59b3d1af-192e-46e6-851e-ebaa0e10d9fe@group-EBAB28EFF6AC-LeaderElection17 ELECTION round 0: submit vote requests at term 1 for -1: peers:[59b3d1af-192e-46e6-851e-ebaa0e10d9fe|rpc:10.1.0.42:43209|dataStream:10.1.0.42:42427|priority:1|startupRole:FOLLOWER]|listeners:[], old=null
2023-02-28 04:34:16,984 [59b3d1af-192e-46e6-851e-ebaa0e10d9fe@group-EBAB28EFF6AC-LeaderElection17] INFO  impl.LeaderElection (LeaderElection.java:askForVotes(314)) - 59b3d1af-192e-46e6-851e-ebaa0e10d9fe@group-EBAB28EFF6AC-LeaderElection17 ELECTION round 0: result PASSED (term=1)
2023-02-28 04:34:16,984 [59b3d1af-192e-46e6-851e-ebaa0e10d9fe@group-EBAB28EFF6AC-LeaderElection17] INFO  impl.RoleInfo (RoleInfo.java:shutdownLeaderElection(130)) - 59b3d1af-192e-46e6-851e-ebaa0e10d9fe: shutdown 59b3d1af-192e-46e6-851e-ebaa0e10d9fe@group-EBAB28EFF6AC-LeaderElection17
2023-02-28 04:34:16,984 [59b3d1af-192e-46e6-851e-ebaa0e10d9fe@group-EBAB28EFF6AC-LeaderElection17] INFO  server.RaftServer$Division (RaftServerImpl.java:setRole(321)) - 59b3d1af-192e-46e6-851e-ebaa0e10d9fe@group-EBAB28EFF6AC: changes role from CANDIDATE to LEADER at term 1 for changeToLeader
2023-02-28 04:34:16,984 [59b3d1af-192e-46e6-851e-ebaa0e10d9fe@group-EBAB28EFF6AC-LeaderElection17] INFO  ratis.XceiverServerRatis (XceiverServerRatis.java:handleLeaderChangedNotification(905)) - Leader change notification received for group: group-EBAB28EFF6AC with new leaderId: 59b3d1af-192e-46e6-851e-ebaa0e10d9fe
2023-02-28 04:34:16,986 [EventQueue-OpenPipelineForHealthyPipelineSafeModeRule] INFO  safemode.SCMSafeModeManager (HealthyPipelineSafeModeRule.java:process(137)) - SCM in safe mode. Healthy pipelines reported count is 0, required healthy pipeline reported count is 1
2023-02-28 04:34:16,986 [59b3d1af-192e-46e6-851e-ebaa0e10d9fe@group-EBAB28EFF6AC-LeaderElection17] INFO  server.RaftServer$Division (ServerState.java:setLeader(313)) - 59b3d1af-192e-46e6-851e-ebaa0e10d9fe@group-EBAB28EFF6AC: change Leader from null to 59b3d1af-192e-46e6-851e-ebaa0e10d9fe at term 1 for becomeLeader, leader elected after 5210ms
2023-02-28 04:34:16,986 [59b3d1af-192e-46e6-851e-ebaa0e10d9fe@group-EBAB28EFF6AC-LeaderElection17] INFO  server.RaftServerConfigKeys (ConfUtils.java:logGet(46)) - raft.server.staging.catchup.gap = 1000 (default)
2023-02-28 04:34:16,986 [59b3d1af-192e-46e6-851e-ebaa0e10d9fe@group-EBAB28EFF6AC-LeaderElection17] INFO  server.RaftServerConfigKeys (ConfUtils.java:logGet(46)) - raft.server.write.element-limit = 1024 (custom)
2023-02-28 04:34:16,986 [59b3d1af-192e-46e6-851e-ebaa0e10d9fe@group-EBAB28EFF6AC-LeaderElection17] INFO  server.RaftServerConfigKeys (ConfUtils.java:logGet(46)) - raft.server.write.byte-limit = 1024 M (=1073741824) (custom)
2023-02-28 04:34:16,986 [59b3d1af-192e-46e6-851e-ebaa0e10d9fe@group-EBAB28EFF6AC-LeaderElection17] INFO  server.RaftServerConfigKeys (ConfUtils.java:logGet(46)) - raft.server.watch.timeout = 180s (custom)
2023-02-28 04:34:16,986 [59b3d1af-192e-46e6-851e-ebaa0e10d9fe@group-EBAB28EFF6AC-LeaderElection17] INFO  server.RaftServerConfigKeys (ConfUtils.java:logGet(46)) - raft.server.watch.timeout.denomination = 1s (default)
2023-02-28 04:34:16,986 [59b3d1af-192e-46e6-851e-ebaa0e10d9fe@group-EBAB28EFF6AC-LeaderElection17] INFO  server.RaftServerConfigKeys (ConfUtils.java:logGet(46)) - raft.server.watch.element-limit = 65536 (default)
2023-02-28 04:34:16,986 [59b3d1af-192e-46e6-851e-ebaa0e10d9fe@group-EBAB28EFF6AC-LeaderElection17] INFO  server.RaftServerConfigKeys (ConfUtils.java:logGet(46)) - raft.server.write.element-limit = 1024 (custom)
2023-02-28 04:34:16,986 [59b3d1af-192e-46e6-851e-ebaa0e10d9fe@group-EBAB28EFF6AC-LeaderElection17] INFO  server.RaftServerConfigKeys (ConfUtils.java:logGet(46)) - raft.server.write.follower.gap.ratio.max = -1.0 (default)
2023-02-28 04:34:16,986 [59b3d1af-192e-46e6-851e-ebaa0e10d9fe@group-EBAB28EFF6AC-LeaderElection17] INFO  impl.RoleInfo (RoleInfo.java:updateAndGet(139)) - 59b3d1af-192e-46e6-851e-ebaa0e10d9fe: start 59b3d1af-192e-46e6-851e-ebaa0e10d9fe@group-EBAB28EFF6AC-LeaderStateImpl
2023-02-28 04:34:16,987 [59b3d1af-192e-46e6-851e-ebaa0e10d9fe@group-EBAB28EFF6AC-LeaderElection17] INFO  segmented.SegmentedRaftLogWorker (SegmentedRaftLogWorker.java:startLogSegment(452)) - 59b3d1af-192e-46e6-851e-ebaa0e10d9fe@group-EBAB28EFF6AC-SegmentedRaftLogWorker: Starting segment from index:0
2023-02-28 04:34:16,988 [59b3d1af-192e-46e6-851e-ebaa0e10d9fe@group-EBAB28EFF6AC-LeaderElection17] INFO  server.RaftServer$Division (ServerState.java:setRaftConf(430)) - 59b3d1af-192e-46e6-851e-ebaa0e10d9fe@group-EBAB28EFF6AC: set configuration 0: peers:[59b3d1af-192e-46e6-851e-ebaa0e10d9fe|rpc:10.1.0.42:43209|dataStream:10.1.0.42:42427|priority:1|startupRole:FOLLOWER]|listeners:[], old=null
2023-02-28 04:34:16,988 [59b3d1af-192e-46e6-851e-ebaa0e10d9fe@group-EBAB28EFF6AC-SegmentedRaftLogWorker] INFO  segmented.SegmentedRaftLogWorker (SegmentedRaftLogWorker.java:execute(656)) - 59b3d1af-192e-46e6-851e-ebaa0e10d9fe@group-EBAB28EFF6AC-SegmentedRaftLogWorker: created new log segment /home/runner/work/ozone/ozone/hadoop-ozone/integration-test/target/test-dir/MiniOzoneClusterImpl-0c3862ae-9f43-41f5-9e7d-509225cf1f3d/datanode-0/data/ratis/ffcae5f9-d4c6-446a-b56a-ebab28eff6ac/current/log_inprogress_0
2023-02-28 04:34:16,990 [31a92c54-262b-4b95-8408-9add7bc0e96e@group-74917CE2E1BC-FollowerState] INFO  impl.FollowerState (FollowerState.java:run(143)) - 31a92c54-262b-4b95-8408-9add7bc0e96e@group-74917CE2E1BC-FollowerState: change to CANDIDATE, lastRpcElapsedTime:5013463681ns, electionTimeout:5005ms
2023-02-28 04:34:16,990 [31a92c54-262b-4b95-8408-9add7bc0e96e@group-74917CE2E1BC-FollowerState] INFO  impl.RoleInfo (RoleInfo.java:shutdownFollowerState(110)) - 31a92c54-262b-4b95-8408-9add7bc0e96e: shutdown 31a92c54-262b-4b95-8408-9add7bc0e96e@group-74917CE2E1BC-FollowerState
2023-02-28 04:34:16,990 [31a92c54-262b-4b95-8408-9add7bc0e96e@group-74917CE2E1BC-FollowerState] INFO  server.RaftServer$Division (RaftServerImpl.java:setRole(321)) - 31a92c54-262b-4b95-8408-9add7bc0e96e@group-74917CE2E1BC: changes role from  FOLLOWER to CANDIDATE at term 0 for changeToCandidate
2023-02-28 04:34:16,990 [31a92c54-262b-4b95-8408-9add7bc0e96e@group-74917CE2E1BC-FollowerState] INFO  server.RaftServerConfigKeys (ConfUtils.java:logGet(46)) - raft.server.leaderelection.pre-vote = true (default)
2023-02-28 04:34:16,990 [31a92c54-262b-4b95-8408-9add7bc0e96e@group-74917CE2E1BC-FollowerState] INFO  impl.RoleInfo (RoleInfo.java:updateAndGet(139)) - 31a92c54-262b-4b95-8408-9add7bc0e96e: start 31a92c54-262b-4b95-8408-9add7bc0e96e@group-74917CE2E1BC-LeaderElection18
2023-02-28 04:34:16,991 [31a92c54-262b-4b95-8408-9add7bc0e96e@group-74917CE2E1BC-LeaderElection18] INFO  impl.LeaderElection (LeaderElection.java:askForVotes(312)) - 31a92c54-262b-4b95-8408-9add7bc0e96e@group-74917CE2E1BC-LeaderElection18 PRE_VOTE round 0: submit vote requests at term 0 for -1: peers:[59b3d1af-192e-46e6-851e-ebaa0e10d9fe|rpc:10.1.0.42:43209|dataStream:10.1.0.42:42427|priority:0|startupRole:FOLLOWER, 31a92c54-262b-4b95-8408-9add7bc0e96e|rpc:10.1.0.42:36747|dataStream:10.1.0.42:34135|priority:1|startupRole:FOLLOWER, e9b39097-2f21-4b57-bd6d-32b83f848713|rpc:10.1.0.42:34613|dataStream:10.1.0.42:43039|priority:0|startupRole:FOLLOWER]|listeners:[], old=null
2023-02-28 04:34:16,992 [31a92c54-262b-4b95-8408-9add7bc0e96e@group-74917CE2E1BC-LeaderElection18] INFO  server.RaftServerConfigKeys (ConfUtils.java:logFallback(53)) - raft.server.rpc.first-election.timeout.min = 5s (fallback to raft.server.rpc.timeout.min)
2023-02-28 04:34:16,992 [31a92c54-262b-4b95-8408-9add7bc0e96e@group-74917CE2E1BC-LeaderElection18] INFO  server.RaftServerConfigKeys (ConfUtils.java:logFallback(53)) - raft.server.rpc.first-election.timeout.max = 5200ms (fallback to raft.server.rpc.timeout.max)
2023-02-28 04:34:16,993 [grpc-default-executor-2] INFO  server.RaftServer$Division (RaftServerImpl.java:requestVote(1218)) - 59b3d1af-192e-46e6-851e-ebaa0e10d9fe@group-74917CE2E1BC: receive requestVote(PRE_VOTE, 31a92c54-262b-4b95-8408-9add7bc0e96e, group-74917CE2E1BC, 0, (t:0, i:0))
2023-02-28 04:34:16,993 [grpc-default-executor-2] INFO  impl.VoteContext (VoteContext.java:log(49)) - 59b3d1af-192e-46e6-851e-ebaa0e10d9fe@group-74917CE2E1BC-FOLLOWER: accept PRE_VOTE from 31a92c54-262b-4b95-8408-9add7bc0e96e: our priority 0 <= candidate's priority 1
2023-02-28 04:34:16,993 [grpc-default-executor-2] INFO  server.RaftServer$Division (RaftServerImpl.java:requestVote(1251)) - 59b3d1af-192e-46e6-851e-ebaa0e10d9fe@group-74917CE2E1BC replies to PRE_VOTE vote request: 31a92c54-262b-4b95-8408-9add7bc0e96e<-59b3d1af-192e-46e6-851e-ebaa0e10d9fe#0:OK-t0. Peer's state: 59b3d1af-192e-46e6-851e-ebaa0e10d9fe@group-74917CE2E1BC:t0, leader=null, voted=, raftlog=Memoized:59b3d1af-192e-46e6-851e-ebaa0e10d9fe@group-74917CE2E1BC-SegmentedRaftLog:OPENED:c-1, conf=-1: peers:[59b3d1af-192e-46e6-851e-ebaa0e10d9fe|rpc:10.1.0.42:43209|dataStream:10.1.0.42:42427|priority:0|startupRole:FOLLOWER, 31a92c54-262b-4b95-8408-9add7bc0e96e|rpc:10.1.0.42:36747|dataStream:10.1.0.42:34135|priority:1|startupRole:FOLLOWER, e9b39097-2f21-4b57-bd6d-32b83f848713|rpc:10.1.0.42:34613|dataStream:10.1.0.42:43039|priority:0|startupRole:FOLLOWER]|listeners:[], old=null
2023-02-28 04:34:16,994 [grpc-default-executor-2] INFO  server.RaftServer$Division (RaftServerImpl.java:requestVote(1218)) - e9b39097-2f21-4b57-bd6d-32b83f848713@group-74917CE2E1BC: receive requestVote(PRE_VOTE, 31a92c54-262b-4b95-8408-9add7bc0e96e, group-74917CE2E1BC, 0, (t:0, i:0))
2023-02-28 04:34:16,994 [grpc-default-executor-2] INFO  impl.VoteContext (VoteContext.java:log(49)) - e9b39097-2f21-4b57-bd6d-32b83f848713@group-74917CE2E1BC-FOLLOWER: accept PRE_VOTE from 31a92c54-262b-4b95-8408-9add7bc0e96e: our priority 0 <= candidate's priority 1
2023-02-28 04:34:16,994 [grpc-default-executor-2] INFO  server.RaftServer$Division (RaftServerImpl.java:requestVote(1251)) - e9b39097-2f21-4b57-bd6d-32b83f848713@group-74917CE2E1BC replies to PRE_VOTE vote request: 31a92c54-262b-4b95-8408-9add7bc0e96e<-e9b39097-2f21-4b57-bd6d-32b83f848713#0:OK-t0. Peer's state: e9b39097-2f21-4b57-bd6d-32b83f848713@group-74917CE2E1BC:t0, leader=null, voted=, raftlog=Memoized:e9b39097-2f21-4b57-bd6d-32b83f848713@group-74917CE2E1BC-SegmentedRaftLog:OPENED:c-1, conf=-1: peers:[59b3d1af-192e-46e6-851e-ebaa0e10d9fe|rpc:10.1.0.42:43209|dataStream:10.1.0.42:42427|priority:0|startupRole:FOLLOWER, 31a92c54-262b-4b95-8408-9add7bc0e96e|rpc:10.1.0.42:36747|dataStream:10.1.0.42:34135|priority:1|startupRole:FOLLOWER, e9b39097-2f21-4b57-bd6d-32b83f848713|rpc:10.1.0.42:34613|dataStream:10.1.0.42:43039|priority:0|startupRole:FOLLOWER]|listeners:[], old=null
2023-02-28 04:34:16,994 [31a92c54-262b-4b95-8408-9add7bc0e96e@group-74917CE2E1BC-LeaderElection18] INFO  impl.LeaderElection (LeaderElection.java:logAndReturn(90)) - 31a92c54-262b-4b95-8408-9add7bc0e96e@group-74917CE2E1BC-LeaderElection18: PRE_VOTE PASSED received 1 response(s) and 0 exception(s):
2023-02-28 04:34:16,995 [31a92c54-262b-4b95-8408-9add7bc0e96e@group-74917CE2E1BC-LeaderElection18] INFO  impl.LeaderElection (LeaderElection.java:logAndReturn(94)) -   Response 0: 31a92c54-262b-4b95-8408-9add7bc0e96e<-59b3d1af-192e-46e6-851e-ebaa0e10d9fe#0:OK-t0
2023-02-28 04:34:16,995 [31a92c54-262b-4b95-8408-9add7bc0e96e@group-74917CE2E1BC-LeaderElection18] INFO  impl.LeaderElection (LeaderElection.java:askForVotes(314)) - 31a92c54-262b-4b95-8408-9add7bc0e96e@group-74917CE2E1BC-LeaderElection18 PRE_VOTE round 0: result PASSED
2023-02-28 04:34:16,996 [31a92c54-262b-4b95-8408-9add7bc0e96e@group-74917CE2E1BC-LeaderElection18] INFO  impl.LeaderElection (LeaderElection.java:askForVotes(312)) - 31a92c54-262b-4b95-8408-9add7bc0e96e@group-74917CE2E1BC-LeaderElection18 ELECTION round 0: submit vote requests at term 1 for -1: peers:[59b3d1af-192e-46e6-851e-ebaa0e10d9fe|rpc:10.1.0.42:43209|dataStream:10.1.0.42:42427|priority:0|startupRole:FOLLOWER, 31a92c54-262b-4b95-8408-9add7bc0e96e|rpc:10.1.0.42:36747|dataStream:10.1.0.42:34135|priority:1|startupRole:FOLLOWER, e9b39097-2f21-4b57-bd6d-32b83f848713|rpc:10.1.0.42:34613|dataStream:10.1.0.42:43039|priority:0|startupRole:FOLLOWER]|listeners:[], old=null
2023-02-28 04:34:16,997 [31a92c54-262b-4b95-8408-9add7bc0e96e@group-74917CE2E1BC-LeaderElection18] INFO  server.RaftServerConfigKeys (ConfUtils.java:logFallback(53)) - raft.server.rpc.first-election.timeout.min = 5s (fallback to raft.server.rpc.timeout.min)
2023-02-28 04:34:16,997 [31a92c54-262b-4b95-8408-9add7bc0e96e@group-74917CE2E1BC-LeaderElection18] INFO  server.RaftServerConfigKeys (ConfUtils.java:logFallback(53)) - raft.server.rpc.first-election.timeout.max = 5200ms (fallback to raft.server.rpc.timeout.max)
2023-02-28 04:34:16,998 [grpc-default-executor-2] INFO  server.RaftServer$Division (RaftServerImpl.java:requestVote(1218)) - 59b3d1af-192e-46e6-851e-ebaa0e10d9fe@group-74917CE2E1BC: receive requestVote(ELECTION, 31a92c54-262b-4b95-8408-9add7bc0e96e, group-74917CE2E1BC, 1, (t:0, i:0))
2023-02-28 04:34:16,998 [grpc-default-executor-2] INFO  impl.VoteContext (VoteContext.java:log(49)) - 59b3d1af-192e-46e6-851e-ebaa0e10d9fe@group-74917CE2E1BC-FOLLOWER: accept ELECTION from 31a92c54-262b-4b95-8408-9add7bc0e96e: our priority 0 <= candidate's priority 1
2023-02-28 04:34:16,998 [grpc-default-executor-2] INFO  server.RaftServer$Division (RaftServerImpl.java:setRole(321)) - 59b3d1af-192e-46e6-851e-ebaa0e10d9fe@group-74917CE2E1BC: changes role from  FOLLOWER to FOLLOWER at term 1 for candidate:31a92c54-262b-4b95-8408-9add7bc0e96e
2023-02-28 04:34:16,998 [grpc-default-executor-2] INFO  impl.RoleInfo (RoleInfo.java:shutdownFollowerState(110)) - 59b3d1af-192e-46e6-851e-ebaa0e10d9fe: shutdown 59b3d1af-192e-46e6-851e-ebaa0e10d9fe@group-74917CE2E1BC-FollowerState
2023-02-28 04:34:16,998 [grpc-default-executor-2] INFO  impl.RoleInfo (RoleInfo.java:updateAndGet(139)) - 59b3d1af-192e-46e6-851e-ebaa0e10d9fe: start 59b3d1af-192e-46e6-851e-ebaa0e10d9fe@group-74917CE2E1BC-FollowerState
2023-02-28 04:34:16,999 [59b3d1af-192e-46e6-851e-ebaa0e10d9fe@group-74917CE2E1BC-FollowerState] INFO  impl.FollowerState (FollowerState.java:run(152)) - 59b3d1af-192e-46e6-851e-ebaa0e10d9fe@group-74917CE2E1BC-FollowerState was interrupted
2023-02-28 04:34:16,999 [grpc-default-executor-5] INFO  server.RaftServer$Division (RaftServerImpl.java:requestVote(1218)) - e9b39097-2f21-4b57-bd6d-32b83f848713@group-74917CE2E1BC: receive requestVote(ELECTION, 31a92c54-262b-4b95-8408-9add7bc0e96e, group-74917CE2E1BC, 1, (t:0, i:0))
2023-02-28 04:34:16,999 [59b3d1af-192e-46e6-851e-ebaa0e10d9fe@group-74917CE2E1BC-FollowerState] INFO  server.RaftServerConfigKeys (ConfUtils.java:logFallback(53)) - raft.server.rpc.first-election.timeout.min = 5s (fallback to raft.server.rpc.timeout.min)
2023-02-28 04:34:16,999 [59b3d1af-192e-46e6-851e-ebaa0e10d9fe@group-74917CE2E1BC-FollowerState] INFO  server.RaftServerConfigKeys (ConfUtils.java:logFallback(53)) - raft.server.rpc.first-election.timeout.max = 5200ms (fallback to raft.server.rpc.timeout.max)
2023-02-28 04:34:17,000 [grpc-default-executor-2] INFO  server.RaftServer$Division (RaftServerImpl.java:requestVote(1251)) - 59b3d1af-192e-46e6-851e-ebaa0e10d9fe@group-74917CE2E1BC replies to ELECTION vote request: 31a92c54-262b-4b95-8408-9add7bc0e96e<-59b3d1af-192e-46e6-851e-ebaa0e10d9fe#0:OK-t1. Peer's state: 59b3d1af-192e-46e6-851e-ebaa0e10d9fe@group-74917CE2E1BC:t1, leader=null, voted=31a92c54-262b-4b95-8408-9add7bc0e96e, raftlog=Memoized:59b3d1af-192e-46e6-851e-ebaa0e10d9fe@group-74917CE2E1BC-SegmentedRaftLog:OPENED:c-1, conf=-1: peers:[59b3d1af-192e-46e6-851e-ebaa0e10d9fe|rpc:10.1.0.42:43209|dataStream:10.1.0.42:42427|priority:0|startupRole:FOLLOWER, 31a92c54-262b-4b95-8408-9add7bc0e96e|rpc:10.1.0.42:36747|dataStream:10.1.0.42:34135|priority:1|startupRole:FOLLOWER, e9b39097-2f21-4b57-bd6d-32b83f848713|rpc:10.1.0.42:34613|dataStream:10.1.0.42:43039|priority:0|startupRole:FOLLOWER]|listeners:[], old=null
2023-02-28 04:34:17,001 [grpc-default-executor-5] INFO  impl.VoteContext (VoteContext.java:log(49)) - e9b39097-2f21-4b57-bd6d-32b83f848713@group-74917CE2E1BC-FOLLOWER: accept ELECTION from 31a92c54-262b-4b95-8408-9add7bc0e96e: our priority 0 <= candidate's priority 1
2023-02-28 04:34:17,001 [grpc-default-executor-5] INFO  server.RaftServer$Division (RaftServerImpl.java:setRole(321)) - e9b39097-2f21-4b57-bd6d-32b83f848713@group-74917CE2E1BC: changes role from  FOLLOWER to FOLLOWER at term 1 for candidate:31a92c54-262b-4b95-8408-9add7bc0e96e
2023-02-28 04:34:17,001 [grpc-default-executor-5] INFO  impl.RoleInfo (RoleInfo.java:shutdownFollowerState(110)) - e9b39097-2f21-4b57-bd6d-32b83f848713: shutdown e9b39097-2f21-4b57-bd6d-32b83f848713@group-74917CE2E1BC-FollowerState
2023-02-28 04:34:17,001 [grpc-default-executor-5] INFO  impl.RoleInfo (RoleInfo.java:updateAndGet(139)) - e9b39097-2f21-4b57-bd6d-32b83f848713: start e9b39097-2f21-4b57-bd6d-32b83f848713@group-74917CE2E1BC-FollowerState
2023-02-28 04:34:17,002 [e9b39097-2f21-4b57-bd6d-32b83f848713@group-74917CE2E1BC-FollowerState] INFO  impl.FollowerState (FollowerState.java:run(152)) - e9b39097-2f21-4b57-bd6d-32b83f848713@group-74917CE2E1BC-FollowerState was interrupted
2023-02-28 04:34:17,006 [31a92c54-262b-4b95-8408-9add7bc0e96e@group-74917CE2E1BC-LeaderElection18] INFO  impl.LeaderElection (LeaderElection.java:logAndReturn(90)) - 31a92c54-262b-4b95-8408-9add7bc0e96e@group-74917CE2E1BC-LeaderElection18: ELECTION PASSED received 1 response(s) and 0 exception(s):
2023-02-28 04:34:17,006 [grpc-default-executor-5] INFO  server.RaftServer$Division (RaftServerImpl.java:requestVote(1251)) - e9b39097-2f21-4b57-bd6d-32b83f848713@group-74917CE2E1BC replies to ELECTION vote request: 31a92c54-262b-4b95-8408-9add7bc0e96e<-e9b39097-2f21-4b57-bd6d-32b83f848713#0:OK-t1. Peer's state: e9b39097-2f21-4b57-bd6d-32b83f848713@group-74917CE2E1BC:t1, leader=null, voted=31a92c54-262b-4b95-8408-9add7bc0e96e, raftlog=Memoized:e9b39097-2f21-4b57-bd6d-32b83f848713@group-74917CE2E1BC-SegmentedRaftLog:OPENED:c-1, conf=-1: peers:[59b3d1af-192e-46e6-851e-ebaa0e10d9fe|rpc:10.1.0.42:43209|dataStream:10.1.0.42:42427|priority:0|startupRole:FOLLOWER, 31a92c54-262b-4b95-8408-9add7bc0e96e|rpc:10.1.0.42:36747|dataStream:10.1.0.42:34135|priority:1|startupRole:FOLLOWER, e9b39097-2f21-4b57-bd6d-32b83f848713|rpc:10.1.0.42:34613|dataStream:10.1.0.42:43039|priority:0|startupRole:FOLLOWER]|listeners:[], old=null
2023-02-28 04:34:17,006 [31a92c54-262b-4b95-8408-9add7bc0e96e@group-74917CE2E1BC-LeaderElection18] INFO  impl.LeaderElection (LeaderElection.java:logAndReturn(94)) -   Response 0: 31a92c54-262b-4b95-8408-9add7bc0e96e<-59b3d1af-192e-46e6-851e-ebaa0e10d9fe#0:OK-t1
2023-02-28 04:34:17,006 [31a92c54-262b-4b95-8408-9add7bc0e96e@group-74917CE2E1BC-LeaderElection18] INFO  impl.LeaderElection (LeaderElection.java:askForVotes(314)) - 31a92c54-262b-4b95-8408-9add7bc0e96e@group-74917CE2E1BC-LeaderElection18 ELECTION round 0: result PASSED
2023-02-28 04:34:17,006 [31a92c54-262b-4b95-8408-9add7bc0e96e@group-74917CE2E1BC-LeaderElection18] INFO  impl.RoleInfo (RoleInfo.java:shutdownLeaderElection(130)) - 31a92c54-262b-4b95-8408-9add7bc0e96e: shutdown 31a92c54-262b-4b95-8408-9add7bc0e96e@group-74917CE2E1BC-LeaderElection18
2023-02-28 04:34:17,006 [31a92c54-262b-4b95-8408-9add7bc0e96e@group-74917CE2E1BC-LeaderElection18] INFO  server.RaftServer$Division (RaftServerImpl.java:setRole(321)) - 31a92c54-262b-4b95-8408-9add7bc0e96e@group-74917CE2E1BC: changes role from CANDIDATE to LEADER at term 1 for changeToLeader
2023-02-28 04:34:17,007 [31a92c54-262b-4b95-8408-9add7bc0e96e@group-74917CE2E1BC-LeaderElection18] INFO  ratis.XceiverServerRatis (XceiverServerRatis.java:handleLeaderChangedNotification(905)) - Leader change notification received for group: group-74917CE2E1BC with new leaderId: 31a92c54-262b-4b95-8408-9add7bc0e96e
2023-02-28 04:34:17,007 [31a92c54-262b-4b95-8408-9add7bc0e96e@group-74917CE2E1BC-LeaderElection18] INFO  server.RaftServer$Division (ServerState.java:setLeader(313)) - 31a92c54-262b-4b95-8408-9add7bc0e96e@group-74917CE2E1BC: change Leader from null to 31a92c54-262b-4b95-8408-9add7bc0e96e at term 1 for becomeLeader, leader elected after 5040ms
2023-02-28 04:34:17,009 [59b3d1af-192e-46e6-851e-ebaa0e10d9fe@group-87736AF3BFD9-FollowerState] INFO  server.RaftServerConfigKeys (ConfUtils.java:logFallback(53)) - raft.server.rpc.first-election.timeout.min = 5s (fallback to raft.server.rpc.timeout.min)
2023-02-28 04:34:17,010 [31a92c54-262b-4b95-8408-9add7bc0e96e@group-74917CE2E1BC-LeaderElection18] INFO  server.RaftServerConfigKeys (ConfUtils.java:logGet(46)) - raft.server.staging.catchup.gap = 1000 (default)
2023-02-28 04:34:17,011 [31a92c54-262b-4b95-8408-9add7bc0e96e@group-74917CE2E1BC-LeaderElection18] INFO  server.RaftServerConfigKeys (ConfUtils.java:logGet(46)) - raft.server.write.element-limit = 1024 (custom)
2023-02-28 04:34:17,011 [31a92c54-262b-4b95-8408-9add7bc0e96e@group-74917CE2E1BC-LeaderElection18] INFO  server.RaftServerConfigKeys (ConfUtils.java:logGet(46)) - raft.server.write.byte-limit = 1024 M (=1073741824) (custom)
2023-02-28 04:34:17,011 [e9b39097-2f21-4b57-bd6d-32b83f848713@group-87736AF3BFD9-FollowerState] INFO  impl.FollowerState (FollowerState.java:run(143)) - e9b39097-2f21-4b57-bd6d-32b83f848713@group-87736AF3BFD9-FollowerState: change to CANDIDATE, lastRpcElapsedTime:5106735426ns, electionTimeout:5099ms
2023-02-28 04:34:17,010 [59b3d1af-192e-46e6-851e-ebaa0e10d9fe@group-87736AF3BFD9-FollowerState] INFO  server.RaftServerConfigKeys (ConfUtils.java:logFallback(53)) - raft.server.rpc.first-election.timeout.max = 5200ms (fallback to raft.server.rpc.timeout.max)
2023-02-28 04:34:17,012 [EventQueue-PipelineReportForPipelineReportHandler] INFO  pipeline.PipelineManagerImpl (PipelineManagerImpl.java:openPipeline(367)) - Pipeline Pipeline[ Id: ae40b9a9-64b5-49ea-96ce-74917ce2e1bc, Nodes: e9b39097-2f21-4b57-bd6d-32b83f848713(fv-az467-141/10.1.0.42)59b3d1af-192e-46e6-851e-ebaa0e10d9fe(fv-az467-141/10.1.0.42)31a92c54-262b-4b95-8408-9add7bc0e96e(fv-az467-141/10.1.0.42), ReplicationConfig: RATIS/THREE, State:ALLOCATED, leaderId:31a92c54-262b-4b95-8408-9add7bc0e96e, CreationTimestamp2023-02-28T04:34:09.424Z[Etc/UTC]] moved to OPEN state
2023-02-28 04:34:17,013 [EventQueue-OpenPipelineForHealthyPipelineSafeModeRule] INFO  safemode.SCMSafeModeManager (HealthyPipelineSafeModeRule.java:process(137)) - SCM in safe mode. Healthy pipelines reported count is 0, required healthy pipeline reported count is 1
2023-02-28 04:34:17,013 [EventQueue-OpenPipelineForHealthyPipelineSafeModeRule] INFO  safemode.SCMSafeModeManager (HealthyPipelineSafeModeRule.java:process(137)) - SCM in safe mode. Healthy pipelines reported count is 1, required healthy pipeline reported count is 1
2023-02-28 04:34:17,013 [EventQueue-OpenPipelineForHealthyPipelineSafeModeRule] INFO  safemode.SCMSafeModeManager (SCMSafeModeManager.java:validateSafeModeExitRules(200)) - HealthyPipelineSafeModeRule rule is successfully validated
2023-02-28 04:34:17,013 [EventQueue-OpenPipelineForHealthyPipelineSafeModeRule] INFO  safemode.SCMSafeModeManager (SCMSafeModeManager.java:validateSafeModeExitRules(215)) - ScmSafeModeManager, all rules are successfully validated
2023-02-28 04:34:17,013 [EventQueue-OpenPipelineForHealthyPipelineSafeModeRule] INFO  safemode.SCMSafeModeManager (SCMSafeModeManager.java:exitSafeMode(244)) - SCM exiting safe mode.
2023-02-28 04:34:17,013 [EventQueue-OpenPipelineForHealthyPipelineSafeModeRule] INFO  ha.SCMContext (SCMContext.java:updateSafeModeStatus(228)) - Update SafeModeStatus from SafeModeStatus{safeModeStatus=true, preCheckPassed=true} to SafeModeStatus{safeModeStatus=false, preCheckPassed=true}.
2023-02-28 04:34:17,013 [EventQueue-OpenPipelineForHealthyPipelineSafeModeRule] INFO  pipeline.BackgroundPipelineCreator (BackgroundPipelineCreator.java:notifyStatusChanged(254)) - Service BackgroundPipelineCreator transitions to RUNNING.
2023-02-28 04:34:17,013 [EventQueue-OpenPipelineForHealthyPipelineSafeModeRule] INFO  BackgroundPipelineScrubber (BackgroundSCMService.java:notifyStatusChanged(82)) - Service BackgroundPipelineScrubber transitions to RUNNING.
2023-02-28 04:34:17,013 [EventQueue-OpenPipelineForHealthyPipelineSafeModeRule] INFO  ExpiredContainerReplicaOpScrubber (BackgroundSCMService.java:notifyStatusChanged(82)) - Service ExpiredContainerReplicaOpScrubber transitions to RUNNING.
2023-02-28 04:34:17,013 [EventQueue-OpenPipelineForHealthyPipelineSafeModeRule] INFO  replication.ReplicationManager (ReplicationManager.java:notifyStatusChanged(1084)) - Service ReplicationManager transitions to RUNNING.
2023-02-28 04:34:17,013 [EventQueue-OpenPipelineForHealthyPipelineSafeModeRule] WARN  balancer.ContainerBalancer (ContainerBalancer.java:shouldRun(131)) - Could not find persisted configuration for ContainerBalancer when checking if ContainerBalancer should run. ContainerBalancer should not run now.
2023-02-28 04:34:17,007 [e9b39097-2f21-4b57-bd6d-32b83f848713@group-74917CE2E1BC-FollowerState] INFO  server.RaftServerConfigKeys (ConfUtils.java:logFallback(53)) - raft.server.rpc.first-election.timeout.min = 5s (fallback to raft.server.rpc.timeout.min)
2023-02-28 04:34:17,015 [31a92c54-262b-4b95-8408-9add7bc0e96e@group-74917CE2E1BC-LeaderElection18] INFO  server.RaftServerConfigKeys (ConfUtils.java:logGet(46)) - raft.server.watch.timeout = 180s (custom)
2023-02-28 04:34:17,017 [e9b39097-2f21-4b57-bd6d-32b83f848713@group-74917CE2E1BC-FollowerState] INFO  server.RaftServerConfigKeys (ConfUtils.java:logFallback(53)) - raft.server.rpc.first-election.timeout.max = 5200ms (fallback to raft.server.rpc.timeout.max)
2023-02-28 04:34:17,017 [31a92c54-262b-4b95-8408-9add7bc0e96e@group-74917CE2E1BC-LeaderElection18] INFO  server.RaftServerConfigKeys (ConfUtils.java:logGet(46)) - raft.server.watch.timeout.denomination = 1s (default)
2023-02-28 04:34:17,015 [e9b39097-2f21-4b57-bd6d-32b83f848713@group-87736AF3BFD9-FollowerState] INFO  impl.RoleInfo (RoleInfo.java:shutdownFollowerState(110)) - e9b39097-2f21-4b57-bd6d-32b83f848713: shutdown e9b39097-2f21-4b57-bd6d-32b83f848713@group-87736AF3BFD9-FollowerState
2023-02-28 04:34:17,017 [31a92c54-262b-4b95-8408-9add7bc0e96e@group-74917CE2E1BC-LeaderElection18] INFO  server.RaftServerConfigKeys (ConfUtils.java:logGet(46)) - raft.server.watch.element-limit = 65536 (default)
2023-02-28 04:34:17,017 [e9b39097-2f21-4b57-bd6d-32b83f848713@group-87736AF3BFD9-FollowerState] INFO  server.RaftServer$Division (RaftServerImpl.java:setRole(321)) - e9b39097-2f21-4b57-bd6d-32b83f848713@group-87736AF3BFD9: changes role from  FOLLOWER to CANDIDATE at term 0 for changeToCandidate
2023-02-28 04:34:17,017 [31a92c54-262b-4b95-8408-9add7bc0e96e@group-74917CE2E1BC-LeaderElection18] INFO  server.RaftServerConfigKeys (ConfUtils.java:logGet(46)) - raft.server.write.element-limit = 1024 (custom)
2023-02-28 04:34:17,017 [e9b39097-2f21-4b57-bd6d-32b83f848713@group-87736AF3BFD9-FollowerState] INFO  server.RaftServerConfigKeys (ConfUtils.java:logGet(46)) - raft.server.leaderelection.pre-vote = true (default)
2023-02-28 04:34:17,017 [31a92c54-262b-4b95-8408-9add7bc0e96e@group-74917CE2E1BC-LeaderElection18] INFO  server.RaftServerConfigKeys (ConfUtils.java:logGet(46)) - raft.server.write.follower.gap.ratio.max = -1.0 (default)
2023-02-28 04:34:17,017 [e9b39097-2f21-4b57-bd6d-32b83f848713@group-87736AF3BFD9-FollowerState] INFO  impl.RoleInfo (RoleInfo.java:updateAndGet(139)) - e9b39097-2f21-4b57-bd6d-32b83f848713: start e9b39097-2f21-4b57-bd6d-32b83f848713@group-87736AF3BFD9-LeaderElection19
2023-02-28 04:34:17,018 [31a92c54-262b-4b95-8408-9add7bc0e96e@group-74917CE2E1BC-LeaderElection18] INFO  server.RaftServerConfigKeys (ConfUtils.java:logGet(46)) - raft.server.log.appender.snapshot.chunk.size.max = 16MB (=16777216) (default)
2023-02-28 04:34:17,018 [31a92c54-262b-4b95-8408-9add7bc0e96e@group-74917CE2E1BC-LeaderElection18] INFO  server.RaftServerConfigKeys (ConfUtils.java:logGet(46)) - raft.server.log.appender.buffer.byte-limit = 33554432 (custom)
2023-02-28 04:34:17,018 [31a92c54-262b-4b95-8408-9add7bc0e96e@group-74917CE2E1BC-LeaderElection18] INFO  server.RaftServerConfigKeys (ConfUtils.java:logGet(46)) - raft.server.log.appender.buffer.element-limit = 1 (custom)
2023-02-28 04:34:17,020 [31a92c54-262b-4b95-8408-9add7bc0e96e@group-74917CE2E1BC-LeaderElection18] INFO  grpc.GrpcConfigKeys (ConfUtils.java:logGet(46)) - raft.grpc.server.leader.outstanding.appends.max = 128 (default)
2023-02-28 04:34:17,020 [31a92c54-262b-4b95-8408-9add7bc0e96e@group-74917CE2E1BC-LeaderElection18] INFO  server.RaftServerConfigKeys (ConfUtils.java:logGet(46)) - raft.server.rpc.request.timeout = 60s (custom)
2023-02-28 04:34:17,020 [31a92c54-262b-4b95-8408-9add7bc0e96e@group-74917CE2E1BC-LeaderElection18] INFO  server.RaftServerConfigKeys (ConfUtils.java:logGet(46)) - raft.server.log.appender.install.snapshot.enabled = false (custom)
2023-02-28 04:34:17,020 [31a92c54-262b-4b95-8408-9add7bc0e96e@group-74917CE2E1BC-LeaderElection18] INFO  grpc.GrpcConfigKeys (ConfUtils.java:logGet(46)) - raft.grpc.server.heartbeat.channel = true (default)
2023-02-28 04:34:17,020 [31a92c54-262b-4b95-8408-9add7bc0e96e@group-74917CE2E1BC-LeaderElection18] INFO  server.RaftServerConfigKeys (ConfUtils.java:logGet(46)) - raft.server.log.appender.wait-time.min = 10ms (default)
2023-02-28 04:34:17,020 [31a92c54-262b-4b95-8408-9add7bc0e96e@group-74917CE2E1BC-LeaderElection18] INFO  server.RaftServerConfigKeys (ConfUtils.java:logGet(46)) - raft.server.log.appender.snapshot.chunk.size.max = 16MB (=16777216) (default)
2023-02-28 04:34:17,020 [31a92c54-262b-4b95-8408-9add7bc0e96e@group-74917CE2E1BC-LeaderElection18] INFO  server.RaftServerConfigKeys (ConfUtils.java:logGet(46)) - raft.server.log.appender.buffer.byte-limit = 33554432 (custom)
2023-02-28 04:34:17,020 [31a92c54-262b-4b95-8408-9add7bc0e96e@group-74917CE2E1BC-LeaderElection18] INFO  server.RaftServerConfigKeys (ConfUtils.java:logGet(46)) - raft.server.log.appender.buffer.element-limit = 1 (custom)
2023-02-28 04:34:17,020 [31a92c54-262b-4b95-8408-9add7bc0e96e@group-74917CE2E1BC-LeaderElection18] INFO  grpc.GrpcConfigKeys (ConfUtils.java:logGet(46)) - raft.grpc.server.leader.outstanding.appends.max = 128 (default)
2023-02-28 04:34:17,021 [31a92c54-262b-4b95-8408-9add7bc0e96e@group-74917CE2E1BC-LeaderElection18] INFO  server.RaftServerConfigKeys (ConfUtils.java:logGet(46)) - raft.server.rpc.request.timeout = 60s (custom)
2023-02-28 04:34:17,021 [31a92c54-262b-4b95-8408-9add7bc0e96e@group-74917CE2E1BC-LeaderElection18] INFO  server.RaftServerConfigKeys (ConfUtils.java:logGet(46)) - raft.server.log.appender.install.snapshot.enabled = false (custom)
2023-02-28 04:34:17,021 [31a92c54-262b-4b95-8408-9add7bc0e96e@group-74917CE2E1BC-LeaderElection18] INFO  grpc.GrpcConfigKeys (ConfUtils.java:logGet(46)) - raft.grpc.server.heartbeat.channel = true (default)
2023-02-28 04:34:17,021 [31a92c54-262b-4b95-8408-9add7bc0e96e@group-74917CE2E1BC-LeaderElection18] INFO  server.RaftServerConfigKeys (ConfUtils.java:logGet(46)) - raft.server.log.appender.wait-time.min = 10ms (default)
2023-02-28 04:34:17,021 [31a92c54-262b-4b95-8408-9add7bc0e96e@group-74917CE2E1BC-LeaderElection18] INFO  impl.RoleInfo (RoleInfo.java:updateAndGet(139)) - 31a92c54-262b-4b95-8408-9add7bc0e96e: start 31a92c54-262b-4b95-8408-9add7bc0e96e@group-74917CE2E1BC-LeaderStateImpl
2023-02-28 04:34:17,021 [31a92c54-262b-4b95-8408-9add7bc0e96e@group-74917CE2E1BC-LeaderElection18] INFO  segmented.SegmentedRaftLogWorker (SegmentedRaftLogWorker.java:startLogSegment(452)) - 31a92c54-262b-4b95-8408-9add7bc0e96e@group-74917CE2E1BC-SegmentedRaftLogWorker: Starting segment from index:0
2023-02-28 04:34:17,022 [e9b39097-2f21-4b57-bd6d-32b83f848713@group-87736AF3BFD9-LeaderElection19] INFO  impl.LeaderElection (LeaderElection.java:askForVotes(312)) - e9b39097-2f21-4b57-bd6d-32b83f848713@group-87736AF3BFD9-LeaderElection19 PRE_VOTE round 0: submit vote requests at term 0 for -1: peers:[59b3d1af-192e-46e6-851e-ebaa0e10d9fe|rpc:10.1.0.42:43209|dataStream:10.1.0.42:42427|priority:0|startupRole:FOLLOWER, 31a92c54-262b-4b95-8408-9add7bc0e96e|rpc:10.1.0.42:36747|dataStream:10.1.0.42:34135|priority:0|startupRole:FOLLOWER, e9b39097-2f21-4b57-bd6d-32b83f848713|rpc:10.1.0.42:34613|dataStream:10.1.0.42:43039|priority:1|startupRole:FOLLOWER]|listeners:[], old=null
2023-02-28 04:34:17,022 [31a92c54-262b-4b95-8408-9add7bc0e96e@group-74917CE2E1BC-SegmentedRaftLogWorker] INFO  segmented.SegmentedRaftLogWorker (SegmentedRaftLogWorker.java:execute(656)) - 31a92c54-262b-4b95-8408-9add7bc0e96e@group-74917CE2E1BC-SegmentedRaftLogWorker: created new log segment /home/runner/work/ozone/ozone/hadoop-ozone/integration-test/target/test-dir/MiniOzoneClusterImpl-0c3862ae-9f43-41f5-9e7d-509225cf1f3d/datanode-1/data/ratis/ae40b9a9-64b5-49ea-96ce-74917ce2e1bc/current/log_inprogress_0
2023-02-28 04:34:17,029 [59b3d1af-192e-46e6-851e-ebaa0e10d9fe-server-thread1] INFO  ratis.XceiverServerRatis (XceiverServerRatis.java:handleLeaderChangedNotification(905)) - Leader change notification received for group: group-74917CE2E1BC with new leaderId: 31a92c54-262b-4b95-8408-9add7bc0e96e
2023-02-28 04:34:17,029 [59b3d1af-192e-46e6-851e-ebaa0e10d9fe-server-thread1] INFO  server.RaftServer$Division (ServerState.java:setLeader(313)) - 59b3d1af-192e-46e6-851e-ebaa0e10d9fe@group-74917CE2E1BC: change Leader from null to 31a92c54-262b-4b95-8408-9add7bc0e96e at term 1 for appendEntries, leader elected after 5113ms
2023-02-28 04:34:17,030 [e9b39097-2f21-4b57-bd6d-32b83f848713@group-87736AF3BFD9-LeaderElection19-1] INFO  server.GrpcServerProtocolClient (GrpcServerProtocolClient.java:<init>(63)) - Build channel for 59b3d1af-192e-46e6-851e-ebaa0e10d9fe
2023-02-28 04:34:17,032 [e9b39097-2f21-4b57-bd6d-32b83f848713@group-87736AF3BFD9-LeaderElection19] INFO  server.RaftServerConfigKeys (ConfUtils.java:logFallback(53)) - raft.server.rpc.first-election.timeout.min = 5s (fallback to raft.server.rpc.timeout.min)
2023-02-28 04:34:17,033 [e9b39097-2f21-4b57-bd6d-32b83f848713@group-87736AF3BFD9-LeaderElection19] INFO  server.RaftServerConfigKeys (ConfUtils.java:logFallback(53)) - raft.server.rpc.first-election.timeout.max = 5200ms (fallback to raft.server.rpc.timeout.max)
2023-02-28 04:34:17,033 [grpc-default-executor-5] INFO  server.RaftServer$Division (RaftServerImpl.java:requestVote(1218)) - 59b3d1af-192e-46e6-851e-ebaa0e10d9fe@group-87736AF3BFD9: receive requestVote(PRE_VOTE, e9b39097-2f21-4b57-bd6d-32b83f848713, group-87736AF3BFD9, 0, (t:0, i:0))
2023-02-28 04:34:17,034 [grpc-default-executor-5] INFO  impl.VoteContext (VoteContext.java:log(49)) - 59b3d1af-192e-46e6-851e-ebaa0e10d9fe@group-87736AF3BFD9-FOLLOWER: accept PRE_VOTE from e9b39097-2f21-4b57-bd6d-32b83f848713: our priority 0 <= candidate's priority 1
2023-02-28 04:34:17,034 [grpc-default-executor-5] INFO  server.RaftServer$Division (RaftServerImpl.java:requestVote(1251)) - 59b3d1af-192e-46e6-851e-ebaa0e10d9fe@group-87736AF3BFD9 replies to PRE_VOTE vote request: e9b39097-2f21-4b57-bd6d-32b83f848713<-59b3d1af-192e-46e6-851e-ebaa0e10d9fe#0:OK-t0. Peer's state: 59b3d1af-192e-46e6-851e-ebaa0e10d9fe@group-87736AF3BFD9:t0, leader=null, voted=, raftlog=Memoized:59b3d1af-192e-46e6-851e-ebaa0e10d9fe@group-87736AF3BFD9-SegmentedRaftLog:OPENED:c-1, conf=-1: peers:[59b3d1af-192e-46e6-851e-ebaa0e10d9fe|rpc:10.1.0.42:43209|dataStream:10.1.0.42:42427|priority:0|startupRole:FOLLOWER, 31a92c54-262b-4b95-8408-9add7bc0e96e|rpc:10.1.0.42:36747|dataStream:10.1.0.42:34135|priority:0|startupRole:FOLLOWER, e9b39097-2f21-4b57-bd6d-32b83f848713|rpc:10.1.0.42:34613|dataStream:10.1.0.42:43039|priority:1|startupRole:FOLLOWER]|listeners:[], old=null
2023-02-28 04:34:17,038 [31a92c54-262b-4b95-8408-9add7bc0e96e@group-74917CE2E1BC-LeaderElection18] INFO  server.RaftServer$Division (ServerState.java:setRaftConf(430)) - 31a92c54-262b-4b95-8408-9add7bc0e96e@group-74917CE2E1BC: set configuration 0: peers:[59b3d1af-192e-46e6-851e-ebaa0e10d9fe|rpc:10.1.0.42:43209|dataStream:10.1.0.42:42427|priority:0|startupRole:FOLLOWER, 31a92c54-262b-4b95-8408-9add7bc0e96e|rpc:10.1.0.42:36747|dataStream:10.1.0.42:34135|priority:1|startupRole:FOLLOWER, e9b39097-2f21-4b57-bd6d-32b83f848713|rpc:10.1.0.42:34613|dataStream:10.1.0.42:43039|priority:0|startupRole:FOLLOWER]|listeners:[], old=null
2023-02-28 04:34:17,045 [e9b39097-2f21-4b57-bd6d-32b83f848713-server-thread1] INFO  ratis.XceiverServerRatis (XceiverServerRatis.java:handleLeaderChangedNotification(905)) - Leader change notification received for group: group-74917CE2E1BC with new leaderId: 31a92c54-262b-4b95-8408-9add7bc0e96e
2023-02-28 04:34:17,050 [e9b39097-2f21-4b57-bd6d-32b83f848713-server-thread1] INFO  server.RaftServer$Division (ServerState.java:setLeader(313)) - e9b39097-2f21-4b57-bd6d-32b83f848713@group-74917CE2E1BC: change Leader from null to 31a92c54-262b-4b95-8408-9add7bc0e96e at term 1 for appendEntries, leader elected after 5105ms
2023-02-28 04:34:17,050 [59b3d1af-192e-46e6-851e-ebaa0e10d9fe-server-thread3] INFO  server.RaftServer$Division (ServerState.java:setRaftConf(430)) - 59b3d1af-192e-46e6-851e-ebaa0e10d9fe@group-74917CE2E1BC: set configuration 0: peers:[59b3d1af-192e-46e6-851e-ebaa0e10d9fe|rpc:10.1.0.42:43209|dataStream:10.1.0.42:42427|priority:0|startupRole:FOLLOWER, 31a92c54-262b-4b95-8408-9add7bc0e96e|rpc:10.1.0.42:36747|dataStream:10.1.0.42:34135|priority:1|startupRole:FOLLOWER, e9b39097-2f21-4b57-bd6d-32b83f848713|rpc:10.1.0.42:34613|dataStream:10.1.0.42:43039|priority:0|startupRole:FOLLOWER]|listeners:[], old=null
2023-02-28 04:34:17,054 [59b3d1af-192e-46e6-851e-ebaa0e10d9fe-server-thread3] INFO  segmented.SegmentedRaftLogWorker (SegmentedRaftLogWorker.java:startLogSegment(452)) - 59b3d1af-192e-46e6-851e-ebaa0e10d9fe@group-74917CE2E1BC-SegmentedRaftLogWorker: Starting segment from index:0
2023-02-28 04:34:17,054 [e9b39097-2f21-4b57-bd6d-32b83f848713-server-thread1] INFO  server.RaftServer$Division (ServerState.java:setRaftConf(430)) - e9b39097-2f21-4b57-bd6d-32b83f848713@group-74917CE2E1BC: set configuration 0: peers:[59b3d1af-192e-46e6-851e-ebaa0e10d9fe|rpc:10.1.0.42:43209|dataStream:10.1.0.42:42427|priority:0|startupRole:FOLLOWER, 31a92c54-262b-4b95-8408-9add7bc0e96e|rpc:10.1.0.42:36747|dataStream:10.1.0.42:34135|priority:1|startupRole:FOLLOWER, e9b39097-2f21-4b57-bd6d-32b83f848713|rpc:10.1.0.42:34613|dataStream:10.1.0.42:43039|priority:0|startupRole:FOLLOWER]|listeners:[], old=null
2023-02-28 04:34:17,056 [e9b39097-2f21-4b57-bd6d-32b83f848713-server-thread1] INFO  segmented.SegmentedRaftLogWorker (SegmentedRaftLogWorker.java:startLogSegment(452)) - e9b39097-2f21-4b57-bd6d-32b83f848713@group-74917CE2E1BC-SegmentedRaftLogWorker: Starting segment from index:0
2023-02-28 04:34:17,048 [e9b39097-2f21-4b57-bd6d-32b83f848713@group-87736AF3BFD9-LeaderElection19] INFO  impl.LeaderElection (LeaderElection.java:logAndReturn(90)) - e9b39097-2f21-4b57-bd6d-32b83f848713@group-87736AF3BFD9-LeaderElection19: PRE_VOTE PASSED received 1 response(s) and 0 exception(s):
2023-02-28 04:34:17,057 [e9b39097-2f21-4b57-bd6d-32b83f848713@group-87736AF3BFD9-LeaderElection19] INFO  impl.LeaderElection (LeaderElection.java:logAndReturn(94)) -   Response 0: e9b39097-2f21-4b57-bd6d-32b83f848713<-59b3d1af-192e-46e6-851e-ebaa0e10d9fe#0:OK-t0
2023-02-28 04:34:17,057 [e9b39097-2f21-4b57-bd6d-32b83f848713@group-87736AF3BFD9-LeaderElection19] INFO  impl.LeaderElection (LeaderElection.java:askForVotes(314)) - e9b39097-2f21-4b57-bd6d-32b83f848713@group-87736AF3BFD9-LeaderElection19 PRE_VOTE round 0: result PASSED
2023-02-28 04:34:17,057 [59b3d1af-192e-46e6-851e-ebaa0e10d9fe@group-74917CE2E1BC-SegmentedRaftLogWorker] INFO  segmented.SegmentedRaftLogWorker (SegmentedRaftLogWorker.java:execute(656)) - 59b3d1af-192e-46e6-851e-ebaa0e10d9fe@group-74917CE2E1BC-SegmentedRaftLogWorker: created new log segment /home/runner/work/ozone/ozone/hadoop-ozone/integration-test/target/test-dir/MiniOzoneClusterImpl-0c3862ae-9f43-41f5-9e7d-509225cf1f3d/datanode-0/data/ratis/ae40b9a9-64b5-49ea-96ce-74917ce2e1bc/current/log_inprogress_0
2023-02-28 04:34:17,048 [e9b39097-2f21-4b57-bd6d-32b83f848713@group-87736AF3BFD9-LeaderElection19-2] INFO  server.GrpcServerProtocolClient (GrpcServerProtocolClient.java:<init>(63)) - Build channel for 31a92c54-262b-4b95-8408-9add7bc0e96e
2023-02-28 04:34:17,060 [e9b39097-2f21-4b57-bd6d-32b83f848713@group-74917CE2E1BC-SegmentedRaftLogWorker] INFO  segmented.SegmentedRaftLogWorker (SegmentedRaftLogWorker.java:execute(656)) - e9b39097-2f21-4b57-bd6d-32b83f848713@group-74917CE2E1BC-SegmentedRaftLogWorker: created new log segment /home/runner/work/ozone/ozone/hadoop-ozone/integration-test/target/test-dir/MiniOzoneClusterImpl-0c3862ae-9f43-41f5-9e7d-509225cf1f3d/datanode-2/data/ratis/ae40b9a9-64b5-49ea-96ce-74917ce2e1bc/current/log_inprogress_0
2023-02-28 04:34:17,063 [e9b39097-2f21-4b57-bd6d-32b83f848713@group-87736AF3BFD9-LeaderElection19] INFO  impl.LeaderElection (LeaderElection.java:askForVotes(312)) - e9b39097-2f21-4b57-bd6d-32b83f848713@group-87736AF3BFD9-LeaderElection19 ELECTION round 0: submit vote requests at term 1 for -1: peers:[59b3d1af-192e-46e6-851e-ebaa0e10d9fe|rpc:10.1.0.42:43209|dataStream:10.1.0.42:42427|priority:0|startupRole:FOLLOWER, 31a92c54-262b-4b95-8408-9add7bc0e96e|rpc:10.1.0.42:36747|dataStream:10.1.0.42:34135|priority:0|startupRole:FOLLOWER, e9b39097-2f21-4b57-bd6d-32b83f848713|rpc:10.1.0.42:34613|dataStream:10.1.0.42:43039|priority:1|startupRole:FOLLOWER]|listeners:[], old=null
2023-02-28 04:34:17,064 [grpc-default-executor-1] INFO  server.RaftServer$Division (RaftServerImpl.java:requestVote(1218)) - 59b3d1af-192e-46e6-851e-ebaa0e10d9fe@group-87736AF3BFD9: receive requestVote(ELECTION, e9b39097-2f21-4b57-bd6d-32b83f848713, group-87736AF3BFD9, 1, (t:0, i:0))
2023-02-28 04:34:17,065 [grpc-default-executor-1] INFO  impl.VoteContext (VoteContext.java:log(49)) - 59b3d1af-192e-46e6-851e-ebaa0e10d9fe@group-87736AF3BFD9-FOLLOWER: accept ELECTION from e9b39097-2f21-4b57-bd6d-32b83f848713: our priority 0 <= candidate's priority 1
2023-02-28 04:34:17,065 [grpc-default-executor-1] INFO  server.RaftServer$Division (RaftServerImpl.java:setRole(321)) - 59b3d1af-192e-46e6-851e-ebaa0e10d9fe@group-87736AF3BFD9: changes role from  FOLLOWER to FOLLOWER at term 1 for candidate:e9b39097-2f21-4b57-bd6d-32b83f848713
2023-02-28 04:34:17,065 [grpc-default-executor-1] INFO  impl.RoleInfo (RoleInfo.java:shutdownFollowerState(110)) - 59b3d1af-192e-46e6-851e-ebaa0e10d9fe: shutdown 59b3d1af-192e-46e6-851e-ebaa0e10d9fe@group-87736AF3BFD9-FollowerState
2023-02-28 04:34:17,065 [e9b39097-2f21-4b57-bd6d-32b83f848713@group-87736AF3BFD9-LeaderElection19] INFO  server.RaftServerConfigKeys (ConfUtils.java:logFallback(53)) - raft.server.rpc.first-election.timeout.min = 5s (fallback to raft.server.rpc.timeout.min)
2023-02-28 04:34:17,073 [e9b39097-2f21-4b57-bd6d-32b83f848713@group-87736AF3BFD9-LeaderElection19] INFO  server.RaftServerConfigKeys (ConfUtils.java:logFallback(53)) - raft.server.rpc.first-election.timeout.max = 5200ms (fallback to raft.server.rpc.timeout.max)
2023-02-28 04:34:17,074 [grpc-default-executor-1] INFO  impl.RoleInfo (RoleInfo.java:updateAndGet(139)) - 59b3d1af-192e-46e6-851e-ebaa0e10d9fe: start 59b3d1af-192e-46e6-851e-ebaa0e10d9fe@group-87736AF3BFD9-FollowerState
2023-02-28 04:34:17,074 [59b3d1af-192e-46e6-851e-ebaa0e10d9fe@group-87736AF3BFD9-FollowerState] INFO  impl.FollowerState (FollowerState.java:run(152)) - 59b3d1af-192e-46e6-851e-ebaa0e10d9fe@group-87736AF3BFD9-FollowerState was interrupted
2023-02-28 04:34:17,078 [grpc-default-executor-1] INFO  server.RaftServer$Division (RaftServerImpl.java:requestVote(1251)) - 59b3d1af-192e-46e6-851e-ebaa0e10d9fe@group-87736AF3BFD9 replies to ELECTION vote request: e9b39097-2f21-4b57-bd6d-32b83f848713<-59b3d1af-192e-46e6-851e-ebaa0e10d9fe#0:OK-t1. Peer's state: 59b3d1af-192e-46e6-851e-ebaa0e10d9fe@group-87736AF3BFD9:t1, leader=null, voted=e9b39097-2f21-4b57-bd6d-32b83f848713, raftlog=Memoized:59b3d1af-192e-46e6-851e-ebaa0e10d9fe@group-87736AF3BFD9-SegmentedRaftLog:OPENED:c-1, conf=-1: peers:[59b3d1af-192e-46e6-851e-ebaa0e10d9fe|rpc:10.1.0.42:43209|dataStream:10.1.0.42:42427|priority:0|startupRole:FOLLOWER, 31a92c54-262b-4b95-8408-9add7bc0e96e|rpc:10.1.0.42:36747|dataStream:10.1.0.42:34135|priority:0|startupRole:FOLLOWER, e9b39097-2f21-4b57-bd6d-32b83f848713|rpc:10.1.0.42:34613|dataStream:10.1.0.42:43039|priority:1|startupRole:FOLLOWER]|listeners:[], old=null
2023-02-28 04:34:17,081 [grpc-default-executor-2] INFO  server.RaftServer$Division (RaftServerImpl.java:requestVote(1218)) - 31a92c54-262b-4b95-8408-9add7bc0e96e@group-87736AF3BFD9: receive requestVote(PRE_VOTE, e9b39097-2f21-4b57-bd6d-32b83f848713, group-87736AF3BFD9, 0, (t:0, i:0))
2023-02-28 04:34:17,081 [grpc-default-executor-1] INFO  server.RaftServer$Division (RaftServerImpl.java:requestVote(1218)) - 31a92c54-262b-4b95-8408-9add7bc0e96e@group-87736AF3BFD9: receive requestVote(ELECTION, e9b39097-2f21-4b57-bd6d-32b83f848713, group-87736AF3BFD9, 1, (t:0, i:0))
2023-02-28 04:34:17,082 [59b3d1af-192e-46e6-851e-ebaa0e10d9fe@group-87736AF3BFD9-FollowerState] INFO  server.RaftServerConfigKeys (ConfUtils.java:logFallback(53)) - raft.server.rpc.first-election.timeout.min = 5s (fallback to raft.server.rpc.timeout.min)
2023-02-28 04:34:17,082 [e9b39097-2f21-4b57-bd6d-32b83f848713@group-87736AF3BFD9-LeaderElection19] INFO  impl.LeaderElection (LeaderElection.java:logAndReturn(90)) - e9b39097-2f21-4b57-bd6d-32b83f848713@group-87736AF3BFD9-LeaderElection19: ELECTION PASSED received 1 response(s) and 0 exception(s):
2023-02-28 04:34:17,085 [59b3d1af-192e-46e6-851e-ebaa0e10d9fe@group-87736AF3BFD9-FollowerState] INFO  server.RaftServerConfigKeys (ConfUtils.java:logFallback(53)) - raft.server.rpc.first-election.timeout.max = 5200ms (fallback to raft.server.rpc.timeout.max)
2023-02-28 04:34:17,085 [e9b39097-2f21-4b57-bd6d-32b83f848713@group-87736AF3BFD9-LeaderElection19] INFO  impl.LeaderElection (LeaderElection.java:logAndReturn(94)) -   Response 0: e9b39097-2f21-4b57-bd6d-32b83f848713<-59b3d1af-192e-46e6-851e-ebaa0e10d9fe#0:OK-t1
2023-02-28 04:34:17,085 [e9b39097-2f21-4b57-bd6d-32b83f848713@group-87736AF3BFD9-LeaderElection19] INFO  impl.LeaderElection (LeaderElection.java:askForVotes(314)) - e9b39097-2f21-4b57-bd6d-32b83f848713@group-87736AF3BFD9-LeaderElection19 ELECTION round 0: result PASSED
2023-02-28 04:34:17,085 [e9b39097-2f21-4b57-bd6d-32b83f848713@group-87736AF3BFD9-LeaderElection19] INFO  impl.RoleInfo (RoleInfo.java:shutdownLeaderElection(130)) - e9b39097-2f21-4b57-bd6d-32b83f848713: shutdown e9b39097-2f21-4b57-bd6d-32b83f848713@group-87736AF3BFD9-LeaderElection19
2023-02-28 04:34:17,085 [e9b39097-2f21-4b57-bd6d-32b83f848713@group-87736AF3BFD9-LeaderElection19] INFO  server.RaftServer$Division (RaftServerImpl.java:setRole(321)) - e9b39097-2f21-4b57-bd6d-32b83f848713@group-87736AF3BFD9: changes role from CANDIDATE to LEADER at term 1 for changeToLeader
2023-02-28 04:34:17,085 [e9b39097-2f21-4b57-bd6d-32b83f848713@group-87736AF3BFD9-LeaderElection19] INFO  ratis.XceiverServerRatis (XceiverServerRatis.java:handleLeaderChangedNotification(905)) - Leader change notification received for group: group-87736AF3BFD9 with new leaderId: e9b39097-2f21-4b57-bd6d-32b83f848713
2023-02-28 04:34:17,085 [e9b39097-2f21-4b57-bd6d-32b83f848713@group-87736AF3BFD9-LeaderElection19] INFO  server.RaftServer$Division (ServerState.java:setLeader(313)) - e9b39097-2f21-4b57-bd6d-32b83f848713@group-87736AF3BFD9: change Leader from null to e9b39097-2f21-4b57-bd6d-32b83f848713 at term 1 for becomeLeader, leader elected after 5192ms
2023-02-28 04:34:17,085 [e9b39097-2f21-4b57-bd6d-32b83f848713@group-87736AF3BFD9-LeaderElection19] INFO  server.RaftServerConfigKeys (ConfUtils.java:logGet(46)) - raft.server.staging.catchup.gap = 1000 (default)
2023-02-28 04:34:17,086 [e9b39097-2f21-4b57-bd6d-32b83f848713@group-87736AF3BFD9-LeaderElection19] INFO  server.RaftServerConfigKeys (ConfUtils.java:logGet(46)) - raft.server.write.element-limit = 1024 (custom)
2023-02-28 04:34:17,086 [e9b39097-2f21-4b57-bd6d-32b83f848713@group-87736AF3BFD9-LeaderElection19] INFO  server.RaftServerConfigKeys (ConfUtils.java:logGet(46)) - raft.server.write.byte-limit = 1024 M (=1073741824) (custom)
2023-02-28 04:34:17,086 [e9b39097-2f21-4b57-bd6d-32b83f848713@group-87736AF3BFD9-LeaderElection19] INFO  server.RaftServerConfigKeys (ConfUtils.java:logGet(46)) - raft.server.watch.timeout = 180s (custom)
2023-02-28 04:34:17,086 [e9b39097-2f21-4b57-bd6d-32b83f848713@group-87736AF3BFD9-LeaderElection19] INFO  server.RaftServerConfigKeys (ConfUtils.java:logGet(46)) - raft.server.watch.timeout.denomination = 1s (default)
2023-02-28 04:34:17,086 [e9b39097-2f21-4b57-bd6d-32b83f848713@group-87736AF3BFD9-LeaderElection19] INFO  server.RaftServerConfigKeys (ConfUtils.java:logGet(46)) - raft.server.watch.element-limit = 65536 (default)
2023-02-28 04:34:17,086 [e9b39097-2f21-4b57-bd6d-32b83f848713@group-87736AF3BFD9-LeaderElection19] INFO  server.RaftServerConfigKeys (ConfUtils.java:logGet(46)) - raft.server.write.element-limit = 1024 (custom)
2023-02-28 04:34:17,086 [e9b39097-2f21-4b57-bd6d-32b83f848713@group-87736AF3BFD9-LeaderElection19] INFO  server.RaftServerConfigKeys (ConfUtils.java:logGet(46)) - raft.server.write.follower.gap.ratio.max = -1.0 (default)
2023-02-28 04:34:17,086 [e9b39097-2f21-4b57-bd6d-32b83f848713@group-87736AF3BFD9-LeaderElection19] INFO  server.RaftServerConfigKeys (ConfUtils.java:logGet(46)) - raft.server.log.appender.snapshot.chunk.size.max = 16MB (=16777216) (default)
2023-02-28 04:34:17,086 [e9b39097-2f21-4b57-bd6d-32b83f848713@group-87736AF3BFD9-LeaderElection19] INFO  server.RaftServerConfigKeys (ConfUtils.java:logGet(46)) - raft.server.log.appender.buffer.byte-limit = 33554432 (custom)
2023-02-28 04:34:17,086 [e9b39097-2f21-4b57-bd6d-32b83f848713@group-87736AF3BFD9-LeaderElection19] INFO  server.RaftServerConfigKeys (ConfUtils.java:logGet(46)) - raft.server.log.appender.buffer.element-limit = 1 (custom)
2023-02-28 04:34:17,086 [e9b39097-2f21-4b57-bd6d-32b83f848713@group-87736AF3BFD9-LeaderElection19] INFO  grpc.GrpcConfigKeys (ConfUtils.java:logGet(46)) - raft.grpc.server.leader.outstanding.appends.max = 128 (default)
2023-02-28 04:34:17,086 [e9b39097-2f21-4b57-bd6d-32b83f848713@group-87736AF3BFD9-LeaderElection19] INFO  server.RaftServerConfigKeys (ConfUtils.java:logGet(46)) - raft.server.rpc.request.timeout = 60s (custom)
2023-02-28 04:34:17,086 [e9b39097-2f21-4b57-bd6d-32b83f848713@group-87736AF3BFD9-LeaderElection19] INFO  server.RaftServerConfigKeys (ConfUtils.java:logGet(46)) - raft.server.log.appender.install.snapshot.enabled = false (custom)
2023-02-28 04:34:17,087 [e9b39097-2f21-4b57-bd6d-32b83f848713@group-87736AF3BFD9-LeaderElection19] INFO  grpc.GrpcConfigKeys (ConfUtils.java:logGet(46)) - raft.grpc.server.heartbeat.channel = true (default)
2023-02-28 04:34:17,087 [e9b39097-2f21-4b57-bd6d-32b83f848713@group-87736AF3BFD9-LeaderElection19] INFO  server.RaftServerConfigKeys (ConfUtils.java:logGet(46)) - raft.server.log.appender.wait-time.min = 10ms (default)
2023-02-28 04:34:17,087 [e9b39097-2f21-4b57-bd6d-32b83f848713@group-87736AF3BFD9-LeaderElection19] INFO  server.RaftServerConfigKeys (ConfUtils.java:logGet(46)) - raft.server.log.appender.snapshot.chunk.size.max = 16MB (=16777216) (default)
2023-02-28 04:34:17,087 [e9b39097-2f21-4b57-bd6d-32b83f848713@group-87736AF3BFD9-LeaderElection19] INFO  server.RaftServerConfigKeys (ConfUtils.java:logGet(46)) - raft.server.log.appender.buffer.byte-limit = 33554432 (custom)
2023-02-28 04:34:17,087 [e9b39097-2f21-4b57-bd6d-32b83f848713@group-87736AF3BFD9-LeaderElection19] INFO  server.RaftServerConfigKeys (ConfUtils.java:logGet(46)) - raft.server.log.appender.buffer.element-limit = 1 (custom)
2023-02-28 04:34:17,087 [e9b39097-2f21-4b57-bd6d-32b83f848713@group-87736AF3BFD9-LeaderElection19] INFO  grpc.GrpcConfigKeys (ConfUtils.java:logGet(46)) - raft.grpc.server.leader.outstanding.appends.max = 128 (default)
2023-02-28 04:34:17,087 [e9b39097-2f21-4b57-bd6d-32b83f848713@group-87736AF3BFD9-LeaderElection19] INFO  server.RaftServerConfigKeys (ConfUtils.java:logGet(46)) - raft.server.rpc.request.timeout = 60s (custom)
2023-02-28 04:34:17,087 [e9b39097-2f21-4b57-bd6d-32b83f848713@group-87736AF3BFD9-LeaderElection19] INFO  server.RaftServerConfigKeys (ConfUtils.java:logGet(46)) - raft.server.log.appender.install.snapshot.enabled = false (custom)
2023-02-28 04:34:17,087 [e9b39097-2f21-4b57-bd6d-32b83f848713@group-87736AF3BFD9-LeaderElection19] INFO  grpc.GrpcConfigKeys (ConfUtils.java:logGet(46)) - raft.grpc.server.heartbeat.channel = true (default)
2023-02-28 04:34:17,087 [e9b39097-2f21-4b57-bd6d-32b83f848713@group-87736AF3BFD9-LeaderElection19] INFO  server.RaftServerConfigKeys (ConfUtils.java:logGet(46)) - raft.server.log.appender.wait-time.min = 10ms (default)
2023-02-28 04:34:17,087 [e9b39097-2f21-4b57-bd6d-32b83f848713@group-87736AF3BFD9-LeaderElection19] INFO  impl.RoleInfo (RoleInfo.java:updateAndGet(139)) - e9b39097-2f21-4b57-bd6d-32b83f848713: start e9b39097-2f21-4b57-bd6d-32b83f848713@group-87736AF3BFD9-LeaderStateImpl
2023-02-28 04:34:17,087 [e9b39097-2f21-4b57-bd6d-32b83f848713@group-87736AF3BFD9-LeaderElection19] INFO  segmented.SegmentedRaftLogWorker (SegmentedRaftLogWorker.java:startLogSegment(452)) - e9b39097-2f21-4b57-bd6d-32b83f848713@group-87736AF3BFD9-SegmentedRaftLogWorker: Starting segment from index:0
2023-02-28 04:34:17,082 [grpc-default-executor-2] INFO  impl.VoteContext (VoteContext.java:log(49)) - 31a92c54-262b-4b95-8408-9add7bc0e96e@group-87736AF3BFD9-FOLLOWER: accept PRE_VOTE from e9b39097-2f21-4b57-bd6d-32b83f848713: our priority 0 <= candidate's priority 1
2023-02-28 04:34:17,088 [grpc-default-executor-2] INFO  server.RaftServer$Division (RaftServerImpl.java:requestVote(1251)) - 31a92c54-262b-4b95-8408-9add7bc0e96e@group-87736AF3BFD9 replies to PRE_VOTE vote request: e9b39097-2f21-4b57-bd6d-32b83f848713<-31a92c54-262b-4b95-8408-9add7bc0e96e#0:OK-t0. Peer's state: 31a92c54-262b-4b95-8408-9add7bc0e96e@group-87736AF3BFD9:t0, leader=null, voted=, raftlog=Memoized:31a92c54-262b-4b95-8408-9add7bc0e96e@group-87736AF3BFD9-SegmentedRaftLog:OPENED:c-1, conf=-1: peers:[59b3d1af-192e-46e6-851e-ebaa0e10d9fe|rpc:10.1.0.42:43209|dataStream:10.1.0.42:42427|priority:0|startupRole:FOLLOWER, 31a92c54-262b-4b95-8408-9add7bc0e96e|rpc:10.1.0.42:36747|dataStream:10.1.0.42:34135|priority:0|startupRole:FOLLOWER, e9b39097-2f21-4b57-bd6d-32b83f848713|rpc:10.1.0.42:34613|dataStream:10.1.0.42:43039|priority:1|startupRole:FOLLOWER]|listeners:[], old=null
2023-02-28 04:34:17,088 [grpc-default-executor-1] INFO  impl.VoteContext (VoteContext.java:log(49)) - 31a92c54-262b-4b95-8408-9add7bc0e96e@group-87736AF3BFD9-FOLLOWER: accept ELECTION from e9b39097-2f21-4b57-bd6d-32b83f848713: our priority 0 <= candidate's priority 1
2023-02-28 04:34:17,088 [grpc-default-executor-1] INFO  server.RaftServer$Division (RaftServerImpl.java:setRole(321)) - 31a92c54-262b-4b95-8408-9add7bc0e96e@group-87736AF3BFD9: changes role from  FOLLOWER to FOLLOWER at term 1 for candidate:e9b39097-2f21-4b57-bd6d-32b83f848713
2023-02-28 04:34:17,088 [grpc-default-executor-1] INFO  impl.RoleInfo (RoleInfo.java:shutdownFollowerState(110)) - 31a92c54-262b-4b95-8408-9add7bc0e96e: shutdown 31a92c54-262b-4b95-8408-9add7bc0e96e@group-87736AF3BFD9-FollowerState
2023-02-28 04:34:17,088 [grpc-default-executor-1] INFO  impl.RoleInfo (RoleInfo.java:updateAndGet(139)) - 31a92c54-262b-4b95-8408-9add7bc0e96e: start 31a92c54-262b-4b95-8408-9add7bc0e96e@group-87736AF3BFD9-FollowerState
2023-02-28 04:34:17,088 [31a92c54-262b-4b95-8408-9add7bc0e96e@group-87736AF3BFD9-FollowerState] INFO  impl.FollowerState (FollowerState.java:run(152)) - 31a92c54-262b-4b95-8408-9add7bc0e96e@group-87736AF3BFD9-FollowerState was interrupted
2023-02-28 04:34:17,090 [e9b39097-2f21-4b57-bd6d-32b83f848713@group-87736AF3BFD9-SegmentedRaftLogWorker] INFO  segmented.SegmentedRaftLogWorker (SegmentedRaftLogWorker.java:execute(656)) - e9b39097-2f21-4b57-bd6d-32b83f848713@group-87736AF3BFD9-SegmentedRaftLogWorker: created new log segment /home/runner/work/ozone/ozone/hadoop-ozone/integration-test/target/test-dir/MiniOzoneClusterImpl-0c3862ae-9f43-41f5-9e7d-509225cf1f3d/datanode-2/data/ratis/99beed79-3ccc-4ee9-8e5c-87736af3bfd9/current/log_inprogress_0
2023-02-28 04:34:17,094 [e9b39097-2f21-4b57-bd6d-32b83f848713@group-87736AF3BFD9-LeaderElection19] INFO  server.RaftServer$Division (ServerState.java:setRaftConf(430)) - e9b39097-2f21-4b57-bd6d-32b83f848713@group-87736AF3BFD9: set configuration 0: peers:[59b3d1af-192e-46e6-851e-ebaa0e10d9fe|rpc:10.1.0.42:43209|dataStream:10.1.0.42:42427|priority:0|startupRole:FOLLOWER, 31a92c54-262b-4b95-8408-9add7bc0e96e|rpc:10.1.0.42:36747|dataStream:10.1.0.42:34135|priority:0|startupRole:FOLLOWER, e9b39097-2f21-4b57-bd6d-32b83f848713|rpc:10.1.0.42:34613|dataStream:10.1.0.42:43039|priority:1|startupRole:FOLLOWER]|listeners:[], old=null
2023-02-28 04:34:17,090 [grpc-default-executor-1] INFO  server.RaftServer$Division (RaftServerImpl.java:requestVote(1251)) - 31a92c54-262b-4b95-8408-9add7bc0e96e@group-87736AF3BFD9 replies to ELECTION vote request: e9b39097-2f21-4b57-bd6d-32b83f848713<-31a92c54-262b-4b95-8408-9add7bc0e96e#0:OK-t1. Peer's state: 31a92c54-262b-4b95-8408-9add7bc0e96e@group-87736AF3BFD9:t1, leader=null, voted=e9b39097-2f21-4b57-bd6d-32b83f848713, raftlog=Memoized:31a92c54-262b-4b95-8408-9add7bc0e96e@group-87736AF3BFD9-SegmentedRaftLog:OPENED:c-1, conf=-1: peers:[59b3d1af-192e-46e6-851e-ebaa0e10d9fe|rpc:10.1.0.42:43209|dataStream:10.1.0.42:42427|priority:0|startupRole:FOLLOWER, 31a92c54-262b-4b95-8408-9add7bc0e96e|rpc:10.1.0.42:36747|dataStream:10.1.0.42:34135|priority:0|startupRole:FOLLOWER, e9b39097-2f21-4b57-bd6d-32b83f848713|rpc:10.1.0.42:34613|dataStream:10.1.0.42:43039|priority:1|startupRole:FOLLOWER]|listeners:[], old=null
2023-02-28 04:34:17,089 [31a92c54-262b-4b95-8408-9add7bc0e96e@group-87736AF3BFD9-FollowerState] INFO  server.RaftServerConfigKeys (ConfUtils.java:logFallback(53)) - raft.server.rpc.first-election.timeout.min = 5s (fallback to raft.server.rpc.timeout.min)
2023-02-28 04:34:17,089 [EventQueue-PipelineReportForPipelineReportHandler] INFO  pipeline.PipelineManagerImpl (PipelineManagerImpl.java:openPipeline(367)) - Pipeline Pipeline[ Id: 99beed79-3ccc-4ee9-8e5c-87736af3bfd9, Nodes: 31a92c54-262b-4b95-8408-9add7bc0e96e(fv-az467-141/10.1.0.42)e9b39097-2f21-4b57-bd6d-32b83f848713(fv-az467-141/10.1.0.42)59b3d1af-192e-46e6-851e-ebaa0e10d9fe(fv-az467-141/10.1.0.42), ReplicationConfig: RATIS/THREE, State:ALLOCATED, leaderId:e9b39097-2f21-4b57-bd6d-32b83f848713, CreationTimestamp2023-02-28T04:34:09.423Z[Etc/UTC]] moved to OPEN state
2023-02-28 04:34:17,096 [31a92c54-262b-4b95-8408-9add7bc0e96e@group-87736AF3BFD9-FollowerState] INFO  server.RaftServerConfigKeys (ConfUtils.java:logFallback(53)) - raft.server.rpc.first-election.timeout.max = 5200ms (fallback to raft.server.rpc.timeout.max)
2023-02-28 04:34:17,100 [59b3d1af-192e-46e6-851e-ebaa0e10d9fe-server-thread1] INFO  ratis.XceiverServerRatis (XceiverServerRatis.java:handleLeaderChangedNotification(905)) - Leader change notification received for group: group-87736AF3BFD9 with new leaderId: e9b39097-2f21-4b57-bd6d-32b83f848713
2023-02-28 04:34:17,101 [59b3d1af-192e-46e6-851e-ebaa0e10d9fe-server-thread1] INFO  server.RaftServer$Division (ServerState.java:setLeader(313)) - 59b3d1af-192e-46e6-851e-ebaa0e10d9fe@group-87736AF3BFD9: change Leader from null to e9b39097-2f21-4b57-bd6d-32b83f848713 at term 1 for appendEntries, leader elected after 5297ms
2023-02-28 04:34:17,102 [31a92c54-262b-4b95-8408-9add7bc0e96e-server-thread1] INFO  ratis.XceiverServerRatis (XceiverServerRatis.java:handleLeaderChangedNotification(905)) - Leader change notification received for group: group-87736AF3BFD9 with new leaderId: e9b39097-2f21-4b57-bd6d-32b83f848713
2023-02-28 04:34:17,102 [31a92c54-262b-4b95-8408-9add7bc0e96e-server-thread1] INFO  server.RaftServer$Division (ServerState.java:setLeader(313)) - 31a92c54-262b-4b95-8408-9add7bc0e96e@group-87736AF3BFD9: change Leader from null to e9b39097-2f21-4b57-bd6d-32b83f848713 at term 1 for appendEntries, leader elected after 5268ms
2023-02-28 04:34:17,114 [59b3d1af-192e-46e6-851e-ebaa0e10d9fe-server-thread2] INFO  server.RaftServer$Division (ServerState.java:setRaftConf(430)) - 59b3d1af-192e-46e6-851e-ebaa0e10d9fe@group-87736AF3BFD9: set configuration 0: peers:[59b3d1af-192e-46e6-851e-ebaa0e10d9fe|rpc:10.1.0.42:43209|dataStream:10.1.0.42:42427|priority:0|startupRole:FOLLOWER, 31a92c54-262b-4b95-8408-9add7bc0e96e|rpc:10.1.0.42:36747|dataStream:10.1.0.42:34135|priority:0|startupRole:FOLLOWER, e9b39097-2f21-4b57-bd6d-32b83f848713|rpc:10.1.0.42:34613|dataStream:10.1.0.42:43039|priority:1|startupRole:FOLLOWER]|listeners:[], old=null
2023-02-28 04:34:17,115 [59b3d1af-192e-46e6-851e-ebaa0e10d9fe-server-thread2] INFO  segmented.SegmentedRaftLogWorker (SegmentedRaftLogWorker.java:startLogSegment(452)) - 59b3d1af-192e-46e6-851e-ebaa0e10d9fe@group-87736AF3BFD9-SegmentedRaftLogWorker: Starting segment from index:0
2023-02-28 04:34:17,115 [31a92c54-262b-4b95-8408-9add7bc0e96e-server-thread2] INFO  server.RaftServer$Division (ServerState.java:setRaftConf(430)) - 31a92c54-262b-4b95-8408-9add7bc0e96e@group-87736AF3BFD9: set configuration 0: peers:[59b3d1af-192e-46e6-851e-ebaa0e10d9fe|rpc:10.1.0.42:43209|dataStream:10.1.0.42:42427|priority:0|startupRole:FOLLOWER, 31a92c54-262b-4b95-8408-9add7bc0e96e|rpc:10.1.0.42:36747|dataStream:10.1.0.42:34135|priority:0|startupRole:FOLLOWER, e9b39097-2f21-4b57-bd6d-32b83f848713|rpc:10.1.0.42:34613|dataStream:10.1.0.42:43039|priority:1|startupRole:FOLLOWER]|listeners:[], old=null
2023-02-28 04:34:17,116 [31a92c54-262b-4b95-8408-9add7bc0e96e-server-thread2] INFO  segmented.SegmentedRaftLogWorker (SegmentedRaftLogWorker.java:startLogSegment(452)) - 31a92c54-262b-4b95-8408-9add7bc0e96e@group-87736AF3BFD9-SegmentedRaftLogWorker: Starting segment from index:0
2023-02-28 04:34:17,116 [59b3d1af-192e-46e6-851e-ebaa0e10d9fe@group-87736AF3BFD9-SegmentedRaftLogWorker] INFO  segmented.SegmentedRaftLogWorker (SegmentedRaftLogWorker.java:execute(656)) - 59b3d1af-192e-46e6-851e-ebaa0e10d9fe@group-87736AF3BFD9-SegmentedRaftLogWorker: created new log segment /home/runner/work/ozone/ozone/hadoop-ozone/integration-test/target/test-dir/MiniOzoneClusterImpl-0c3862ae-9f43-41f5-9e7d-509225cf1f3d/datanode-0/data/ratis/99beed79-3ccc-4ee9-8e5c-87736af3bfd9/current/log_inprogress_0
2023-02-28 04:34:17,118 [31a92c54-262b-4b95-8408-9add7bc0e96e@group-87736AF3BFD9-SegmentedRaftLogWorker] INFO  segmented.SegmentedRaftLogWorker (SegmentedRaftLogWorker.java:execute(656)) - 31a92c54-262b-4b95-8408-9add7bc0e96e@group-87736AF3BFD9-SegmentedRaftLogWorker: created new log segment /home/runner/work/ozone/ozone/hadoop-ozone/integration-test/target/test-dir/MiniOzoneClusterImpl-0c3862ae-9f43-41f5-9e7d-509225cf1f3d/datanode-1/data/ratis/99beed79-3ccc-4ee9-8e5c-87736af3bfd9/current/log_inprogress_0
2023-02-28 04:34:17,271 [31a92c54-262b-4b95-8408-9add7bc0e96e@group-20AA4AAFD1F3-FollowerState] INFO  impl.FollowerState (FollowerState.java:run(143)) - 31a92c54-262b-4b95-8408-9add7bc0e96e@group-20AA4AAFD1F3-FollowerState: change to CANDIDATE, lastRpcElapsedTime:5158575050ns, electionTimeout:5158ms
2023-02-28 04:34:17,271 [31a92c54-262b-4b95-8408-9add7bc0e96e@group-20AA4AAFD1F3-FollowerState] INFO  impl.RoleInfo (RoleInfo.java:shutdownFollowerState(110)) - 31a92c54-262b-4b95-8408-9add7bc0e96e: shutdown 31a92c54-262b-4b95-8408-9add7bc0e96e@group-20AA4AAFD1F3-FollowerState
2023-02-28 04:34:17,272 [31a92c54-262b-4b95-8408-9add7bc0e96e@group-20AA4AAFD1F3-FollowerState] INFO  server.RaftServer$Division (RaftServerImpl.java:setRole(321)) - 31a92c54-262b-4b95-8408-9add7bc0e96e@group-20AA4AAFD1F3: changes role from  FOLLOWER to CANDIDATE at term 0 for changeToCandidate
2023-02-28 04:34:17,272 [31a92c54-262b-4b95-8408-9add7bc0e96e@group-20AA4AAFD1F3-FollowerState] INFO  server.RaftServerConfigKeys (ConfUtils.java:logGet(46)) - raft.server.leaderelection.pre-vote = true (default)
2023-02-28 04:34:17,272 [31a92c54-262b-4b95-8408-9add7bc0e96e@group-20AA4AAFD1F3-FollowerState] INFO  impl.RoleInfo (RoleInfo.java:updateAndGet(139)) - 31a92c54-262b-4b95-8408-9add7bc0e96e: start 31a92c54-262b-4b95-8408-9add7bc0e96e@group-20AA4AAFD1F3-LeaderElection20
2023-02-28 04:34:17,274 [31a92c54-262b-4b95-8408-9add7bc0e96e@group-20AA4AAFD1F3-LeaderElection20] INFO  impl.LeaderElection (LeaderElection.java:askForVotes(312)) - 31a92c54-262b-4b95-8408-9add7bc0e96e@group-20AA4AAFD1F3-LeaderElection20 PRE_VOTE round 0: submit vote requests at term 0 for -1: peers:[31a92c54-262b-4b95-8408-9add7bc0e96e|rpc:10.1.0.42:36747|dataStream:10.1.0.42:34135|priority:1|startupRole:FOLLOWER]|listeners:[], old=null
2023-02-28 04:34:17,274 [31a92c54-262b-4b95-8408-9add7bc0e96e@group-20AA4AAFD1F3-LeaderElection20] INFO  impl.LeaderElection (LeaderElection.java:askForVotes(314)) - 31a92c54-262b-4b95-8408-9add7bc0e96e@group-20AA4AAFD1F3-LeaderElection20 PRE_VOTE round 0: result PASSED (term=0)
2023-02-28 04:34:17,276 [31a92c54-262b-4b95-8408-9add7bc0e96e@group-20AA4AAFD1F3-LeaderElection20] INFO  impl.LeaderElection (LeaderElection.java:askForVotes(312)) - 31a92c54-262b-4b95-8408-9add7bc0e96e@group-20AA4AAFD1F3-LeaderElection20 ELECTION round 0: submit vote requests at term 1 for -1: peers:[31a92c54-262b-4b95-8408-9add7bc0e96e|rpc:10.1.0.42:36747|dataStream:10.1.0.42:34135|priority:1|startupRole:FOLLOWER]|listeners:[], old=null
2023-02-28 04:34:17,276 [31a92c54-262b-4b95-8408-9add7bc0e96e@group-20AA4AAFD1F3-LeaderElection20] INFO  impl.LeaderElection (LeaderElection.java:askForVotes(314)) - 31a92c54-262b-4b95-8408-9add7bc0e96e@group-20AA4AAFD1F3-LeaderElection20 ELECTION round 0: result PASSED (term=1)
2023-02-28 04:34:17,276 [31a92c54-262b-4b95-8408-9add7bc0e96e@group-20AA4AAFD1F3-LeaderElection20] INFO  impl.RoleInfo (RoleInfo.java:shutdownLeaderElection(130)) - 31a92c54-262b-4b95-8408-9add7bc0e96e: shutdown 31a92c54-262b-4b95-8408-9add7bc0e96e@group-20AA4AAFD1F3-LeaderElection20
2023-02-28 04:34:17,276 [31a92c54-262b-4b95-8408-9add7bc0e96e@group-20AA4AAFD1F3-LeaderElection20] INFO  server.RaftServer$Division (RaftServerImpl.java:setRole(321)) - 31a92c54-262b-4b95-8408-9add7bc0e96e@group-20AA4AAFD1F3: changes role from CANDIDATE to LEADER at term 1 for changeToLeader
2023-02-28 04:34:17,276 [31a92c54-262b-4b95-8408-9add7bc0e96e@group-20AA4AAFD1F3-LeaderElection20] INFO  ratis.XceiverServerRatis (XceiverServerRatis.java:handleLeaderChangedNotification(905)) - Leader change notification received for group: group-20AA4AAFD1F3 with new leaderId: 31a92c54-262b-4b95-8408-9add7bc0e96e
2023-02-28 04:34:17,276 [31a92c54-262b-4b95-8408-9add7bc0e96e@group-20AA4AAFD1F3-LeaderElection20] INFO  server.RaftServer$Division (ServerState.java:setLeader(313)) - 31a92c54-262b-4b95-8408-9add7bc0e96e@group-20AA4AAFD1F3: change Leader from null to 31a92c54-262b-4b95-8408-9add7bc0e96e at term 1 for becomeLeader, leader elected after 5180ms
2023-02-28 04:34:17,276 [31a92c54-262b-4b95-8408-9add7bc0e96e@group-20AA4AAFD1F3-LeaderElection20] INFO  server.RaftServerConfigKeys (ConfUtils.java:logGet(46)) - raft.server.staging.catchup.gap = 1000 (default)
2023-02-28 04:34:17,276 [31a92c54-262b-4b95-8408-9add7bc0e96e@group-20AA4AAFD1F3-LeaderElection20] INFO  server.RaftServerConfigKeys (ConfUtils.java:logGet(46)) - raft.server.write.element-limit = 1024 (custom)
2023-02-28 04:34:17,276 [31a92c54-262b-4b95-8408-9add7bc0e96e@group-20AA4AAFD1F3-LeaderElection20] INFO  server.RaftServerConfigKeys (ConfUtils.java:logGet(46)) - raft.server.write.byte-limit = 1024 M (=1073741824) (custom)
2023-02-28 04:34:17,276 [31a92c54-262b-4b95-8408-9add7bc0e96e@group-20AA4AAFD1F3-LeaderElection20] INFO  server.RaftServerConfigKeys (ConfUtils.java:logGet(46)) - raft.server.watch.timeout = 180s (custom)
2023-02-28 04:34:17,276 [31a92c54-262b-4b95-8408-9add7bc0e96e@group-20AA4AAFD1F3-LeaderElection20] INFO  server.RaftServerConfigKeys (ConfUtils.java:logGet(46)) - raft.server.watch.timeout.denomination = 1s (default)
2023-02-28 04:34:17,277 [31a92c54-262b-4b95-8408-9add7bc0e96e@group-20AA4AAFD1F3-LeaderElection20] INFO  server.RaftServerConfigKeys (ConfUtils.java:logGet(46)) - raft.server.watch.element-limit = 65536 (default)
2023-02-28 04:34:17,277 [31a92c54-262b-4b95-8408-9add7bc0e96e@group-20AA4AAFD1F3-LeaderElection20] INFO  server.RaftServerConfigKeys (ConfUtils.java:logGet(46)) - raft.server.write.element-limit = 1024 (custom)
2023-02-28 04:34:17,277 [31a92c54-262b-4b95-8408-9add7bc0e96e@group-20AA4AAFD1F3-LeaderElection20] INFO  server.RaftServerConfigKeys (ConfUtils.java:logGet(46)) - raft.server.write.follower.gap.ratio.max = -1.0 (default)
2023-02-28 04:34:17,277 [31a92c54-262b-4b95-8408-9add7bc0e96e@group-20AA4AAFD1F3-LeaderElection20] INFO  impl.RoleInfo (RoleInfo.java:updateAndGet(139)) - 31a92c54-262b-4b95-8408-9add7bc0e96e: start 31a92c54-262b-4b95-8408-9add7bc0e96e@group-20AA4AAFD1F3-LeaderStateImpl
2023-02-28 04:34:17,277 [31a92c54-262b-4b95-8408-9add7bc0e96e@group-20AA4AAFD1F3-LeaderElection20] INFO  segmented.SegmentedRaftLogWorker (SegmentedRaftLogWorker.java:startLogSegment(452)) - 31a92c54-262b-4b95-8408-9add7bc0e96e@group-20AA4AAFD1F3-SegmentedRaftLogWorker: Starting segment from index:0
2023-02-28 04:34:17,282 [31a92c54-262b-4b95-8408-9add7bc0e96e@group-20AA4AAFD1F3-SegmentedRaftLogWorker] INFO  segmented.SegmentedRaftLogWorker (SegmentedRaftLogWorker.java:execute(656)) - 31a92c54-262b-4b95-8408-9add7bc0e96e@group-20AA4AAFD1F3-SegmentedRaftLogWorker: created new log segment /home/runner/work/ozone/ozone/hadoop-ozone/integration-test/target/test-dir/MiniOzoneClusterImpl-0c3862ae-9f43-41f5-9e7d-509225cf1f3d/datanode-1/data/ratis/fb7dfdc7-d13d-48ce-8d3b-20aa4aafd1f3/current/log_inprogress_0
2023-02-28 04:34:17,283 [31a92c54-262b-4b95-8408-9add7bc0e96e@group-20AA4AAFD1F3-LeaderElection20] INFO  server.RaftServer$Division (ServerState.java:setRaftConf(430)) - 31a92c54-262b-4b95-8408-9add7bc0e96e@group-20AA4AAFD1F3: set configuration 0: peers:[31a92c54-262b-4b95-8408-9add7bc0e96e|rpc:10.1.0.42:36747|dataStream:10.1.0.42:34135|priority:1|startupRole:FOLLOWER]|listeners:[], old=null
2023-02-28 04:34:17,426 [Listener at 127.0.0.1/40735] INFO  ozone.MiniOzoneClusterImpl (MiniOzoneClusterImpl.java:lambda$waitForClusterToBeReady$0(218)) - Nodes are ready. Got 3 of 3 DN Heartbeats.
2023-02-28 04:34:17,426 [Listener at 127.0.0.1/40735] INFO  ozone.MiniOzoneClusterImpl (MiniOzoneClusterImpl.java:lambda$waitForClusterToBeReady$0(221)) - Cluster exits safe mode
2023-02-28 04:34:17,426 [Listener at 127.0.0.1/40735] INFO  ozone.MiniOzoneClusterImpl (MiniOzoneClusterImpl.java:lambda$waitForClusterToBeReady$0(223)) - SCM became leader
2023-02-28 04:34:17,441 [e9b39097-2f21-4b57-bd6d-32b83f848713@group-ACA650CE4316-FollowerState] INFO  impl.FollowerState (FollowerState.java:run(143)) - e9b39097-2f21-4b57-bd6d-32b83f848713@group-ACA650CE4316-FollowerState: change to CANDIDATE, lastRpcElapsedTime:5008906547ns, electionTimeout:5008ms
2023-02-28 04:34:17,441 [e9b39097-2f21-4b57-bd6d-32b83f848713@group-ACA650CE4316-FollowerState] INFO  impl.RoleInfo (RoleInfo.java:shutdownFollowerState(110)) - e9b39097-2f21-4b57-bd6d-32b83f848713: shutdown e9b39097-2f21-4b57-bd6d-32b83f848713@group-ACA650CE4316-FollowerState
2023-02-28 04:34:17,441 [e9b39097-2f21-4b57-bd6d-32b83f848713@group-ACA650CE4316-FollowerState] INFO  server.RaftServer$Division (RaftServerImpl.java:setRole(321)) - e9b39097-2f21-4b57-bd6d-32b83f848713@group-ACA650CE4316: changes role from  FOLLOWER to CANDIDATE at term 0 for changeToCandidate
2023-02-28 04:34:17,443 [e9b39097-2f21-4b57-bd6d-32b83f848713@group-ACA650CE4316-FollowerState] INFO  server.RaftServerConfigKeys (ConfUtils.java:logGet(46)) - raft.server.leaderelection.pre-vote = true (default)
2023-02-28 04:34:17,443 [e9b39097-2f21-4b57-bd6d-32b83f848713@group-ACA650CE4316-FollowerState] INFO  impl.RoleInfo (RoleInfo.java:updateAndGet(139)) - e9b39097-2f21-4b57-bd6d-32b83f848713: start e9b39097-2f21-4b57-bd6d-32b83f848713@group-ACA650CE4316-LeaderElection21
2023-02-28 04:34:17,445 [e9b39097-2f21-4b57-bd6d-32b83f848713@group-ACA650CE4316-LeaderElection21] INFO  impl.LeaderElection (LeaderElection.java:askForVotes(312)) - e9b39097-2f21-4b57-bd6d-32b83f848713@group-ACA650CE4316-LeaderElection21 PRE_VOTE round 0: submit vote requests at term 0 for -1: peers:[e9b39097-2f21-4b57-bd6d-32b83f848713|rpc:10.1.0.42:34613|dataStream:10.1.0.42:43039|priority:1|startupRole:FOLLOWER]|listeners:[], old=null
2023-02-28 04:34:17,445 [e9b39097-2f21-4b57-bd6d-32b83f848713@group-ACA650CE4316-LeaderElection21] INFO  impl.LeaderElection (LeaderElection.java:askForVotes(314)) - e9b39097-2f21-4b57-bd6d-32b83f848713@group-ACA650CE4316-LeaderElection21 PRE_VOTE round 0: result PASSED (term=0)
2023-02-28 04:34:17,447 [e9b39097-2f21-4b57-bd6d-32b83f848713@group-ACA650CE4316-LeaderElection21] INFO  impl.LeaderElection (LeaderElection.java:askForVotes(312)) - e9b39097-2f21-4b57-bd6d-32b83f848713@group-ACA650CE4316-LeaderElection21 ELECTION round 0: submit vote requests at term 1 for -1: peers:[e9b39097-2f21-4b57-bd6d-32b83f848713|rpc:10.1.0.42:34613|dataStream:10.1.0.42:43039|priority:1|startupRole:FOLLOWER]|listeners:[], old=null
2023-02-28 04:34:17,447 [e9b39097-2f21-4b57-bd6d-32b83f848713@group-ACA650CE4316-LeaderElection21] INFO  impl.LeaderElection (LeaderElection.java:askForVotes(314)) - e9b39097-2f21-4b57-bd6d-32b83f848713@group-ACA650CE4316-LeaderElection21 ELECTION round 0: result PASSED (term=1)
2023-02-28 04:34:17,447 [e9b39097-2f21-4b57-bd6d-32b83f848713@group-ACA650CE4316-LeaderElection21] INFO  impl.RoleInfo (RoleInfo.java:shutdownLeaderElection(130)) - e9b39097-2f21-4b57-bd6d-32b83f848713: shutdown e9b39097-2f21-4b57-bd6d-32b83f848713@group-ACA650CE4316-LeaderElection21
2023-02-28 04:34:17,447 [e9b39097-2f21-4b57-bd6d-32b83f848713@group-ACA650CE4316-LeaderElection21] INFO  server.RaftServer$Division (RaftServerImpl.java:setRole(321)) - e9b39097-2f21-4b57-bd6d-32b83f848713@group-ACA650CE4316: changes role from CANDIDATE to LEADER at term 1 for changeToLeader
2023-02-28 04:34:17,453 [e9b39097-2f21-4b57-bd6d-32b83f848713@group-ACA650CE4316-LeaderElection21] INFO  ratis.XceiverServerRatis (XceiverServerRatis.java:handleLeaderChangedNotification(905)) - Leader change notification received for group: group-ACA650CE4316 with new leaderId: e9b39097-2f21-4b57-bd6d-32b83f848713
2023-02-28 04:34:17,453 [Listener at 127.0.0.1/40735] INFO  rpc.RpcClient (RpcClient.java:createVolume(476)) - Creating Volume: volume74312, with user30040 as owner and space quota set to -1 bytes, counts quota set to -1
2023-02-28 04:34:17,454 [e9b39097-2f21-4b57-bd6d-32b83f848713@group-ACA650CE4316-LeaderElection21] INFO  server.RaftServer$Division (ServerState.java:setLeader(313)) - e9b39097-2f21-4b57-bd6d-32b83f848713@group-ACA650CE4316: change Leader from null to e9b39097-2f21-4b57-bd6d-32b83f848713 at term 1 for becomeLeader, leader elected after 5029ms
2023-02-28 04:34:17,454 [e9b39097-2f21-4b57-bd6d-32b83f848713@group-ACA650CE4316-LeaderElection21] INFO  server.RaftServerConfigKeys (ConfUtils.java:logGet(46)) - raft.server.staging.catchup.gap = 1000 (default)
2023-02-28 04:34:17,454 [e9b39097-2f21-4b57-bd6d-32b83f848713@group-ACA650CE4316-LeaderElection21] INFO  server.RaftServerConfigKeys (ConfUtils.java:logGet(46)) - raft.server.write.element-limit = 1024 (custom)
2023-02-28 04:34:17,455 [e9b39097-2f21-4b57-bd6d-32b83f848713@group-ACA650CE4316-LeaderElection21] INFO  server.RaftServerConfigKeys (ConfUtils.java:logGet(46)) - raft.server.write.byte-limit = 1024 M (=1073741824) (custom)
2023-02-28 04:34:17,455 [e9b39097-2f21-4b57-bd6d-32b83f848713@group-ACA650CE4316-LeaderElection21] INFO  server.RaftServerConfigKeys (ConfUtils.java:logGet(46)) - raft.server.watch.timeout = 180s (custom)
2023-02-28 04:34:17,455 [e9b39097-2f21-4b57-bd6d-32b83f848713@group-ACA650CE4316-LeaderElection21] INFO  server.RaftServerConfigKeys (ConfUtils.java:logGet(46)) - raft.server.watch.timeout.denomination = 1s (default)
2023-02-28 04:34:17,455 [e9b39097-2f21-4b57-bd6d-32b83f848713@group-ACA650CE4316-LeaderElection21] INFO  server.RaftServerConfigKeys (ConfUtils.java:logGet(46)) - raft.server.watch.element-limit = 65536 (default)
2023-02-28 04:34:17,455 [e9b39097-2f21-4b57-bd6d-32b83f848713@group-ACA650CE4316-LeaderElection21] INFO  server.RaftServerConfigKeys (ConfUtils.java:logGet(46)) - raft.server.write.element-limit = 1024 (custom)
2023-02-28 04:34:17,455 [e9b39097-2f21-4b57-bd6d-32b83f848713@group-ACA650CE4316-LeaderElection21] INFO  server.RaftServerConfigKeys (ConfUtils.java:logGet(46)) - raft.server.write.follower.gap.ratio.max = -1.0 (default)
2023-02-28 04:34:17,455 [e9b39097-2f21-4b57-bd6d-32b83f848713@group-ACA650CE4316-LeaderElection21] INFO  impl.RoleInfo (RoleInfo.java:updateAndGet(139)) - e9b39097-2f21-4b57-bd6d-32b83f848713: start e9b39097-2f21-4b57-bd6d-32b83f848713@group-ACA650CE4316-LeaderStateImpl
2023-02-28 04:34:17,455 [e9b39097-2f21-4b57-bd6d-32b83f848713@group-ACA650CE4316-LeaderElection21] INFO  segmented.SegmentedRaftLogWorker (SegmentedRaftLogWorker.java:startLogSegment(452)) - e9b39097-2f21-4b57-bd6d-32b83f848713@group-ACA650CE4316-SegmentedRaftLogWorker: Starting segment from index:0
2023-02-28 04:34:17,456 [e9b39097-2f21-4b57-bd6d-32b83f848713@group-ACA650CE4316-SegmentedRaftLogWorker] INFO  segmented.SegmentedRaftLogWorker (SegmentedRaftLogWorker.java:execute(656)) - e9b39097-2f21-4b57-bd6d-32b83f848713@group-ACA650CE4316-SegmentedRaftLogWorker: created new log segment /home/runner/work/ozone/ozone/hadoop-ozone/integration-test/target/test-dir/MiniOzoneClusterImpl-0c3862ae-9f43-41f5-9e7d-509225cf1f3d/datanode-2/data/ratis/a029c681-e208-495e-97f9-aca650ce4316/current/log_inprogress_0
2023-02-28 04:34:17,459 [e9b39097-2f21-4b57-bd6d-32b83f848713@group-ACA650CE4316-LeaderElection21] INFO  server.RaftServer$Division (ServerState.java:setRaftConf(430)) - e9b39097-2f21-4b57-bd6d-32b83f848713@group-ACA650CE4316: set configuration 0: peers:[e9b39097-2f21-4b57-bd6d-32b83f848713|rpc:10.1.0.42:34613|dataStream:10.1.0.42:43039|priority:1|startupRole:FOLLOWER]|listeners:[], old=null
2023-02-28 04:34:17,466 [OM StateMachine ApplyTransaction Thread - 0] INFO  volume.OMVolumeCreateRequest (OMVolumeCreateRequest.java:validateAndUpdateCache(195)) - created volume:volume74312 for user:user30040
2023-02-28 04:34:17,478 [OM StateMachine ApplyTransaction Thread - 0] INFO  volume.OMVolumeCreateRequest (OMVolumeCreateRequest.java:validateAndUpdateCache(195)) - created volume:volume74312 for user:user30040
2023-02-28 04:34:17,480 [OM StateMachine ApplyTransaction Thread - 0] INFO  volume.OMVolumeCreateRequest (OMVolumeCreateRequest.java:validateAndUpdateCache(195)) - created volume:volume74312 for user:user30040
2023-02-28 04:34:17,492 [Listener at 127.0.0.1/40735] INFO  rpc.RpcClient (RpcClient.java:createBucket(698)) - Creating Bucket: volume74312/bucket85880, with bucket layout LEGACY, runner as owner, Versioning false, Storage Type set to DISK and Encryption set to false, Replication Type set to server-side default replication type, Namespace Quota set to -1, Space Quota set to -1 
2023-02-28 04:34:17,492 [EndpointStateMachine task thread for /0.0.0.0:32873 - 0 ] INFO  ipc.Client (Client.java:handleConnectionFailure(1010)) - Retrying connect to server: 0.0.0.0/0.0.0.0:32873. Already tried 4 time(s); retry policy is RetryUpToMaximumCountWithFixedSleep(maxRetries=15, sleepTime=1000 MILLISECONDS)
2023-02-28 04:34:17,497 [OM StateMachine ApplyTransaction Thread - 0] INFO  bucket.OMBucketCreateRequest (OMBucketCreateRequest.java:validateAndUpdateCache(263)) - created bucket: bucket85880 of layout LEGACY in volume: volume74312
2023-02-28 04:34:17,497 [OM StateMachine ApplyTransaction Thread - 0] INFO  bucket.OMBucketCreateRequest (OMBucketCreateRequest.java:validateAndUpdateCache(263)) - created bucket: bucket85880 of layout LEGACY in volume: volume74312
2023-02-28 04:34:17,501 [OM StateMachine ApplyTransaction Thread - 0] INFO  bucket.OMBucketCreateRequest (OMBucketCreateRequest.java:validateAndUpdateCache(263)) - created bucket: bucket85880 of layout LEGACY in volume: volume74312
2023-02-28 04:34:17,518 [Listener at 127.0.0.1/40735] INFO  utils.BackgroundService (BackgroundService.java:shutdown(141)) - Shutting down service KeyDeletingService
2023-02-28 04:34:17,518 [Listener at 127.0.0.1/40735] INFO  utils.BackgroundService (BackgroundService.java:shutdown(141)) - Shutting down service DirectoryDeletingService
2023-02-28 04:34:17,518 [Listener at 127.0.0.1/40735] INFO  utils.BackgroundService (BackgroundService.java:shutdown(141)) - Shutting down service OpenKeyCleanupService
2023-02-28 04:34:17,518 [Listener at 127.0.0.1/40735] INFO  utils.BackgroundService (BackgroundService.java:shutdown(141)) - Shutting down service SstFilteringService
2023-02-28 04:34:17,518 [Listener at 127.0.0.1/40735] WARN  server.ServerUtils (ServerUtils.java:getDBPath(225)) - ozone.om.db.dirs is not configured. We recommend adding this setting. Falling back to ozone.metadata.dirs instead.
2023-02-28 04:34:17,519 [Time-limited test] INFO  rpc.RpcClient (RpcClient.java:createVolume(476)) - Creating Volume: vol-13822, with runner as owner and space quota set to -1 bytes, counts quota set to -1
2023-02-28 04:34:17,524 [OM StateMachine ApplyTransaction Thread - 0] INFO  volume.OMVolumeCreateRequest (OMVolumeCreateRequest.java:validateAndUpdateCache(195)) - created volume:vol-13822 for user:runner
2023-02-28 04:34:17,525 [OM StateMachine ApplyTransaction Thread - 0] INFO  volume.OMVolumeCreateRequest (OMVolumeCreateRequest.java:validateAndUpdateCache(195)) - created volume:vol-13822 for user:runner
2023-02-28 04:34:17,525 [OM StateMachine ApplyTransaction Thread - 0] INFO  volume.OMVolumeCreateRequest (OMVolumeCreateRequest.java:validateAndUpdateCache(195)) - created volume:vol-13822 for user:runner
]]></system-out>
  </testcase>
  <testcase name="testSnapDiffWithMultipleSSTs" classname="TestOmSnapshot" time="3.61">
    <failure type="java.lang.AssertionError"><![CDATA[java.lang.AssertionError: expected:<1> but was:<2>
	at org.junit.Assert.fail(Assert.java:89)
	at org.junit.Assert.failNotEquals(Assert.java:835)
	at org.junit.Assert.assertEquals(Assert.java:647)
	at org.junit.Assert.assertEquals(Assert.java:633)
	at org.apache.hadoop.ozone.om.TestOmSnapshot.testSnapDiffWithMultipleSSTs(TestOmSnapshot.java:637)
	at sun.reflect.NativeMethodAccessorImpl.invoke0(Native Method)
	at sun.reflect.NativeMethodAccessorImpl.invoke(NativeMethodAccessorImpl.java:62)
	at sun.reflect.DelegatingMethodAccessorImpl.invoke(DelegatingMethodAccessorImpl.java:43)
	at java.lang.reflect.Method.invoke(Method.java:498)
	at org.junit.runners.model.FrameworkMethod$1.runReflectiveCall(FrameworkMethod.java:59)
	at org.junit.internal.runners.model.ReflectiveCallable.run(ReflectiveCallable.java:12)
	at org.junit.runners.model.FrameworkMethod.invokeExplosively(FrameworkMethod.java:56)
	at org.junit.internal.runners.statements.InvokeMethod.evaluate(InvokeMethod.java:17)
	at org.junit.internal.runners.statements.FailOnTimeout$CallableStatement.call(FailOnTimeout.java:288)
	at org.junit.internal.runners.statements.FailOnTimeout$CallableStatement.call(FailOnTimeout.java:282)
	at java.util.concurrent.FutureTask.run(FutureTask.java:266)
	at java.lang.Thread.run(Thread.java:750)
]]></failure>
    <system-out><![CDATA[2023-02-28 04:32:31,329 [Time-limited test] INFO  rpc.RpcClient (RpcClient.java:createVolume(476)) - Creating Volume: vol-82362, with runner as owner and space quota set to -1 bytes, counts quota set to -1
2023-02-28 04:32:31,335 [OM StateMachine ApplyTransaction Thread - 0] INFO  volume.OMVolumeCreateRequest (OMVolumeCreateRequest.java:validateAndUpdateCache(195)) - created volume:vol-82362 for user:runner
2023-02-28 04:32:31,340 [OM StateMachine ApplyTransaction Thread - 0] INFO  volume.OMVolumeCreateRequest (OMVolumeCreateRequest.java:validateAndUpdateCache(195)) - created volume:vol-82362 for user:runner
2023-02-28 04:32:31,341 [OM StateMachine ApplyTransaction Thread - 0] INFO  volume.OMVolumeCreateRequest (OMVolumeCreateRequest.java:validateAndUpdateCache(195)) - created volume:vol-82362 for user:runner
2023-02-28 04:32:31,342 [Time-limited test] INFO  rpc.RpcClient (RpcClient.java:createBucket(698)) - Creating Bucket: vol-82362/buck1, with server-side default bucket layout, runner as owner, Versioning false, Storage Type set to DISK and Encryption set to false, Replication Type set to server-side default replication type, Namespace Quota set to -1, Space Quota set to -1 
2023-02-28 04:32:31,347 [OM StateMachine ApplyTransaction Thread - 0] INFO  bucket.OMBucketCreateRequest (OMBucketCreateRequest.java:validateAndUpdateCache(263)) - created bucket: buck1 of layout OBJECT_STORE in volume: vol-82362
2023-02-28 04:32:31,348 [Time-limited test] INFO  rpc.RpcClient (RpcClient.java:createBucket(698)) - Creating Bucket: vol-82362/buck2, with server-side default bucket layout, runner as owner, Versioning false, Storage Type set to DISK and Encryption set to false, Replication Type set to server-side default replication type, Namespace Quota set to -1, Space Quota set to -1 
2023-02-28 04:32:31,349 [OM StateMachine ApplyTransaction Thread - 0] INFO  bucket.OMBucketCreateRequest (OMBucketCreateRequest.java:validateAndUpdateCache(263)) - created bucket: buck1 of layout OBJECT_STORE in volume: vol-82362
2023-02-28 04:32:31,352 [OM StateMachine ApplyTransaction Thread - 0] INFO  bucket.OMBucketCreateRequest (OMBucketCreateRequest.java:validateAndUpdateCache(263)) - created bucket: buck1 of layout OBJECT_STORE in volume: vol-82362
2023-02-28 04:32:31,355 [OM StateMachine ApplyTransaction Thread - 0] INFO  bucket.OMBucketCreateRequest (OMBucketCreateRequest.java:validateAndUpdateCache(263)) - created bucket: buck2 of layout OBJECT_STORE in volume: vol-82362
2023-02-28 04:32:31,358 [OM StateMachine ApplyTransaction Thread - 0] INFO  bucket.OMBucketCreateRequest (OMBucketCreateRequest.java:validateAndUpdateCache(263)) - created bucket: buck2 of layout OBJECT_STORE in volume: vol-82362
2023-02-28 04:32:31,359 [OM StateMachine ApplyTransaction Thread - 0] INFO  bucket.OMBucketCreateRequest (OMBucketCreateRequest.java:validateAndUpdateCache(263)) - created bucket: buck2 of layout OBJECT_STORE in volume: vol-82362
2023-02-28 04:32:31,414 [IPC Server handler 1 on default port 37531] INFO  ha.SequenceIdGenerator (SequenceIdGenerator.java:getNextId(128)) - Allocate a batch for containerId, change lastId from 0 to 1000.
2023-02-28 04:32:31,427 [IPC Server handler 1 on default port 37531] WARN  ha.SequenceIdGenerator (SequenceIdGenerator.java:allocateBatch(237)) - Failed to allocate a batch for localId, expected lastId is 0, actual lastId is 111677748019200000.
2023-02-28 04:32:31,427 [IPC Server handler 1 on default port 37531] INFO  ha.SequenceIdGenerator (SequenceIdGenerator.java:getNextId(128)) - Allocate a batch for localId, change lastId from 111677748019200000 to 111677748019201000.
2023-02-28 04:32:31,532 [Time-limited test] INFO  impl.MetricsSystemImpl (MetricsSystemImpl.java:init(158)) - XceiverClientMetrics metrics system started (again)
2023-02-28 04:32:31,930 [OM StateMachine ApplyTransaction Thread - 0] INFO  snapshot.OMSnapshotCreateRequest (OMSnapshotCreateRequest.java:validateAndUpdateCache(180)) - Created snapshot 'snap66972' under path 'vol-82362/buck1'
2023-02-28 04:32:31,936 [OM StateMachine ApplyTransaction Thread - 0] INFO  snapshot.OMSnapshotCreateRequest (OMSnapshotCreateRequest.java:validateAndUpdateCache(180)) - Created snapshot 'snap66972' under path 'vol-82362/buck1'
2023-02-28 04:32:31,930 [OM StateMachine ApplyTransaction Thread - 0] INFO  snapshot.OMSnapshotCreateRequest (OMSnapshotCreateRequest.java:validateAndUpdateCache(180)) - Created snapshot 'snap66972' under path 'vol-82362/buck1'
2023-02-28 04:32:31,967 [OMDoubleBufferFlushThread] INFO  db.RDBCheckpointManager (RDBCheckpointManager.java:createCheckpoint(96)) - Created checkpoint in rocksDB at /home/runner/work/ozone/ozone/hadoop-ozone/integration-test/target/test-dir/MiniOzoneClusterImpl-f9e21395-1bcf-40d4-8edb-6f91c23aa5c2/omNode-2/db.snapshots/om.db-7cc8ad11-3d0d-4e5a-b1df-f9d7fcd27243 in 29 milliseconds
2023-02-28 04:32:31,972 [OMDoubleBufferFlushThread] INFO  db.RDBCheckpointManager (RDBCheckpointManager.java:createCheckpoint(96)) - Created checkpoint in rocksDB at /home/runner/work/ozone/ozone/hadoop-ozone/integration-test/target/test-dir/MiniOzoneClusterImpl-f9e21395-1bcf-40d4-8edb-6f91c23aa5c2/omNode-3/db.snapshots/om.db-7cc8ad11-3d0d-4e5a-b1df-f9d7fcd27243 in 36 milliseconds
2023-02-28 04:32:31,991 [OMDoubleBufferFlushThread] INFO  db.RDBCheckpointManager (RDBCheckpointManager.java:waitForCheckpointDirectoryExist(125)) - Waited for 19 milliseconds for checkpoint directory /home/runner/work/ozone/ozone/hadoop-ozone/integration-test/target/test-dir/MiniOzoneClusterImpl-f9e21395-1bcf-40d4-8edb-6f91c23aa5c2/omNode-3/db.snapshots/om.db-7cc8ad11-3d0d-4e5a-b1df-f9d7fcd27243 availability.
2023-02-28 04:32:31,991 [OMDoubleBufferFlushThread] INFO  db.RDBCheckpointManager (RDBCheckpointManager.java:waitForCheckpointDirectoryExist(125)) - Waited for 24 milliseconds for checkpoint directory /home/runner/work/ozone/ozone/hadoop-ozone/integration-test/target/test-dir/MiniOzoneClusterImpl-f9e21395-1bcf-40d4-8edb-6f91c23aa5c2/omNode-2/db.snapshots/om.db-7cc8ad11-3d0d-4e5a-b1df-f9d7fcd27243 availability.
2023-02-28 04:32:31,991 [OMDoubleBufferFlushThread] INFO  om.OmSnapshotManager (OmSnapshotManager.java:createOmSnapshotCheckpoint(163)) - Created checkpoint : /home/runner/work/ozone/ozone/hadoop-ozone/integration-test/target/test-dir/MiniOzoneClusterImpl-f9e21395-1bcf-40d4-8edb-6f91c23aa5c2/omNode-3/db.snapshots/om.db-7cc8ad11-3d0d-4e5a-b1df-f9d7fcd27243 for snapshot snap66972
2023-02-28 04:32:31,991 [OMDoubleBufferFlushThread] INFO  om.OmSnapshotManager (OmSnapshotManager.java:createOmSnapshotCheckpoint(163)) - Created checkpoint : /home/runner/work/ozone/ozone/hadoop-ozone/integration-test/target/test-dir/MiniOzoneClusterImpl-f9e21395-1bcf-40d4-8edb-6f91c23aa5c2/omNode-2/db.snapshots/om.db-7cc8ad11-3d0d-4e5a-b1df-f9d7fcd27243 for snapshot snap66972
2023-02-28 04:32:31,997 [OMDoubleBufferFlushThread] INFO  db.RDBCheckpointManager (RDBCheckpointManager.java:createCheckpoint(96)) - Created checkpoint in rocksDB at /home/runner/work/ozone/ozone/hadoop-ozone/integration-test/target/test-dir/MiniOzoneClusterImpl-f9e21395-1bcf-40d4-8edb-6f91c23aa5c2/omNode-1/db.snapshots/om.db-7cc8ad11-3d0d-4e5a-b1df-f9d7fcd27243 in 60 milliseconds
2023-02-28 04:32:32,004 [OMDoubleBufferFlushThread] INFO  db.RDBCheckpointManager (RDBCheckpointManager.java:waitForCheckpointDirectoryExist(125)) - Waited for 6 milliseconds for checkpoint directory /home/runner/work/ozone/ozone/hadoop-ozone/integration-test/target/test-dir/MiniOzoneClusterImpl-f9e21395-1bcf-40d4-8edb-6f91c23aa5c2/omNode-1/db.snapshots/om.db-7cc8ad11-3d0d-4e5a-b1df-f9d7fcd27243 availability.
2023-02-28 04:32:32,004 [OMDoubleBufferFlushThread] INFO  om.OmSnapshotManager (OmSnapshotManager.java:createOmSnapshotCheckpoint(163)) - Created checkpoint : /home/runner/work/ozone/ozone/hadoop-ozone/integration-test/target/test-dir/MiniOzoneClusterImpl-f9e21395-1bcf-40d4-8edb-6f91c23aa5c2/omNode-1/db.snapshots/om.db-7cc8ad11-3d0d-4e5a-b1df-f9d7fcd27243 for snapshot snap66972
2023-02-28 04:32:33,754 [OM StateMachine ApplyTransaction Thread - 0] INFO  snapshot.OMSnapshotCreateRequest (OMSnapshotCreateRequest.java:validateAndUpdateCache(180)) - Created snapshot 'snap21333' under path 'vol-82362/buck1'
2023-02-28 04:32:33,757 [OM StateMachine ApplyTransaction Thread - 0] INFO  snapshot.OMSnapshotCreateRequest (OMSnapshotCreateRequest.java:validateAndUpdateCache(180)) - Created snapshot 'snap21333' under path 'vol-82362/buck1'
2023-02-28 04:32:33,758 [OM StateMachine ApplyTransaction Thread - 0] INFO  snapshot.OMSnapshotCreateRequest (OMSnapshotCreateRequest.java:validateAndUpdateCache(180)) - Created snapshot 'snap21333' under path 'vol-82362/buck1'
2023-02-28 04:32:33,779 [OMDoubleBufferFlushThread] INFO  db.RDBCheckpointManager (RDBCheckpointManager.java:createCheckpoint(96)) - Created checkpoint in rocksDB at /home/runner/work/ozone/ozone/hadoop-ozone/integration-test/target/test-dir/MiniOzoneClusterImpl-f9e21395-1bcf-40d4-8edb-6f91c23aa5c2/omNode-1/db.snapshots/om.db-dcbbeaf6-e713-48f1-a918-e3fb405f5aa4 in 22 milliseconds
2023-02-28 04:32:33,779 [OMDoubleBufferFlushThread] INFO  db.RDBCheckpointManager (RDBCheckpointManager.java:createCheckpoint(96)) - Created checkpoint in rocksDB at /home/runner/work/ozone/ozone/hadoop-ozone/integration-test/target/test-dir/MiniOzoneClusterImpl-f9e21395-1bcf-40d4-8edb-6f91c23aa5c2/omNode-2/db.snapshots/om.db-dcbbeaf6-e713-48f1-a918-e3fb405f5aa4 in 21 milliseconds
2023-02-28 04:32:33,780 [OMDoubleBufferFlushThread] INFO  db.RDBCheckpointManager (RDBCheckpointManager.java:waitForCheckpointDirectoryExist(125)) - Waited for 1 milliseconds for checkpoint directory /home/runner/work/ozone/ozone/hadoop-ozone/integration-test/target/test-dir/MiniOzoneClusterImpl-f9e21395-1bcf-40d4-8edb-6f91c23aa5c2/omNode-1/db.snapshots/om.db-dcbbeaf6-e713-48f1-a918-e3fb405f5aa4 availability.
2023-02-28 04:32:33,780 [OMDoubleBufferFlushThread] INFO  om.OmSnapshotManager (OmSnapshotManager.java:createOmSnapshotCheckpoint(163)) - Created checkpoint : /home/runner/work/ozone/ozone/hadoop-ozone/integration-test/target/test-dir/MiniOzoneClusterImpl-f9e21395-1bcf-40d4-8edb-6f91c23aa5c2/omNode-1/db.snapshots/om.db-dcbbeaf6-e713-48f1-a918-e3fb405f5aa4 for snapshot snap21333
2023-02-28 04:32:33,781 [OMDoubleBufferFlushThread] INFO  db.RDBCheckpointManager (RDBCheckpointManager.java:waitForCheckpointDirectoryExist(125)) - Waited for 2 milliseconds for checkpoint directory /home/runner/work/ozone/ozone/hadoop-ozone/integration-test/target/test-dir/MiniOzoneClusterImpl-f9e21395-1bcf-40d4-8edb-6f91c23aa5c2/omNode-2/db.snapshots/om.db-dcbbeaf6-e713-48f1-a918-e3fb405f5aa4 availability.
2023-02-28 04:32:33,781 [OMDoubleBufferFlushThread] INFO  om.OmSnapshotManager (OmSnapshotManager.java:createOmSnapshotCheckpoint(163)) - Created checkpoint : /home/runner/work/ozone/ozone/hadoop-ozone/integration-test/target/test-dir/MiniOzoneClusterImpl-f9e21395-1bcf-40d4-8edb-6f91c23aa5c2/omNode-2/db.snapshots/om.db-dcbbeaf6-e713-48f1-a918-e3fb405f5aa4 for snapshot snap21333
2023-02-28 04:32:33,783 [OMDoubleBufferFlushThread] INFO  db.RDBCheckpointManager (RDBCheckpointManager.java:createCheckpoint(96)) - Created checkpoint in rocksDB at /home/runner/work/ozone/ozone/hadoop-ozone/integration-test/target/test-dir/MiniOzoneClusterImpl-f9e21395-1bcf-40d4-8edb-6f91c23aa5c2/omNode-3/db.snapshots/om.db-dcbbeaf6-e713-48f1-a918-e3fb405f5aa4 in 23 milliseconds
2023-02-28 04:32:33,783 [OMDoubleBufferFlushThread] INFO  db.RDBCheckpointManager (RDBCheckpointManager.java:waitForCheckpointDirectoryExist(125)) - Waited for 0 milliseconds for checkpoint directory /home/runner/work/ozone/ozone/hadoop-ozone/integration-test/target/test-dir/MiniOzoneClusterImpl-f9e21395-1bcf-40d4-8edb-6f91c23aa5c2/omNode-3/db.snapshots/om.db-dcbbeaf6-e713-48f1-a918-e3fb405f5aa4 availability.
2023-02-28 04:32:33,783 [OMDoubleBufferFlushThread] INFO  om.OmSnapshotManager (OmSnapshotManager.java:createOmSnapshotCheckpoint(163)) - Created checkpoint : /home/runner/work/ozone/ozone/hadoop-ozone/integration-test/target/test-dir/MiniOzoneClusterImpl-f9e21395-1bcf-40d4-8edb-6f91c23aa5c2/omNode-3/db.snapshots/om.db-dcbbeaf6-e713-48f1-a918-e3fb405f5aa4 for snapshot snap21333
2023-02-28 04:32:34,761 [IPC Server handler 11 on default port 40781] WARN  server.ServerUtils (ServerUtils.java:getDBPath(225)) - ozone.om.db.dirs is not configured. We recommend adding this setting. Falling back to ozone.metadata.dirs instead.
2023-02-28 04:32:34,762 [IPC Server handler 11 on default port 40781] INFO  codec.OmKeyInfoCodec (OmKeyInfoCodec.java:<init>(49)) - OmKeyInfoCodec ignorePipeline = true
2023-02-28 04:32:34,762 [IPC Server handler 11 on default port 40781] INFO  codec.RepeatedOmKeyInfoCodec (RepeatedOmKeyInfoCodec.java:<init>(41)) - RepeatedOmKeyInfoCodec ignorePipeline = true
2023-02-28 04:32:34,809 [IPC Server handler 11 on default port 40781] INFO  audit.AuditLogger (AuditLogger.java:refreshDebugCmdSet(126)) - Refresh DebugCmdSet for OMAudit to [].
2023-02-28 04:32:34,811 [IPC Server handler 11 on default port 40781] WARN  server.ServerUtils (ServerUtils.java:getDBPath(225)) - ozone.om.db.dirs is not configured. We recommend adding this setting. Falling back to ozone.metadata.dirs instead.
2023-02-28 04:32:34,811 [IPC Server handler 11 on default port 40781] INFO  codec.OmKeyInfoCodec (OmKeyInfoCodec.java:<init>(49)) - OmKeyInfoCodec ignorePipeline = true
2023-02-28 04:32:34,811 [IPC Server handler 11 on default port 40781] INFO  codec.RepeatedOmKeyInfoCodec (RepeatedOmKeyInfoCodec.java:<init>(41)) - RepeatedOmKeyInfoCodec ignorePipeline = true
]]></system-out>
  </testcase>
  <testcase name="testSnapDiffWithMultipleSSTs" classname="TestOmSnapshot" time="2.712">
    <system-out><![CDATA[2023-02-28 04:33:27,036 [Time-limited test] INFO  rpc.RpcClient (RpcClient.java:createVolume(476)) - Creating Volume: vol-32994, with runner as owner and space quota set to -1 bytes, counts quota set to -1
2023-02-28 04:33:27,039 [OM StateMachine ApplyTransaction Thread - 0] INFO  volume.OMVolumeCreateRequest (OMVolumeCreateRequest.java:validateAndUpdateCache(195)) - created volume:vol-32994 for user:runner
2023-02-28 04:33:27,040 [OM StateMachine ApplyTransaction Thread - 0] INFO  volume.OMVolumeCreateRequest (OMVolumeCreateRequest.java:validateAndUpdateCache(195)) - created volume:vol-32994 for user:runner
2023-02-28 04:33:27,042 [OM StateMachine ApplyTransaction Thread - 0] INFO  volume.OMVolumeCreateRequest (OMVolumeCreateRequest.java:validateAndUpdateCache(195)) - created volume:vol-32994 for user:runner
2023-02-28 04:33:27,044 [Time-limited test] INFO  rpc.RpcClient (RpcClient.java:createBucket(698)) - Creating Bucket: vol-32994/buck1, with server-side default bucket layout, runner as owner, Versioning false, Storage Type set to DISK and Encryption set to false, Replication Type set to server-side default replication type, Namespace Quota set to -1, Space Quota set to -1 
2023-02-28 04:33:27,047 [OM StateMachine ApplyTransaction Thread - 0] INFO  bucket.OMBucketCreateRequest (OMBucketCreateRequest.java:validateAndUpdateCache(263)) - created bucket: buck1 of layout FILE_SYSTEM_OPTIMIZED in volume: vol-32994
2023-02-28 04:33:27,047 [Time-limited test] INFO  rpc.RpcClient (RpcClient.java:createBucket(698)) - Creating Bucket: vol-32994/buck2, with server-side default bucket layout, runner as owner, Versioning false, Storage Type set to DISK and Encryption set to false, Replication Type set to server-side default replication type, Namespace Quota set to -1, Space Quota set to -1 
2023-02-28 04:33:27,048 [OM StateMachine ApplyTransaction Thread - 0] INFO  bucket.OMBucketCreateRequest (OMBucketCreateRequest.java:validateAndUpdateCache(263)) - created bucket: buck1 of layout FILE_SYSTEM_OPTIMIZED in volume: vol-32994
2023-02-28 04:33:27,048 [OM StateMachine ApplyTransaction Thread - 0] INFO  bucket.OMBucketCreateRequest (OMBucketCreateRequest.java:validateAndUpdateCache(263)) - created bucket: buck1 of layout FILE_SYSTEM_OPTIMIZED in volume: vol-32994
2023-02-28 04:33:27,051 [OM StateMachine ApplyTransaction Thread - 0] INFO  bucket.OMBucketCreateRequest (OMBucketCreateRequest.java:validateAndUpdateCache(263)) - created bucket: buck2 of layout FILE_SYSTEM_OPTIMIZED in volume: vol-32994
2023-02-28 04:33:27,052 [OM StateMachine ApplyTransaction Thread - 0] INFO  bucket.OMBucketCreateRequest (OMBucketCreateRequest.java:validateAndUpdateCache(263)) - created bucket: buck2 of layout FILE_SYSTEM_OPTIMIZED in volume: vol-32994
2023-02-28 04:33:27,052 [OM StateMachine ApplyTransaction Thread - 0] INFO  bucket.OMBucketCreateRequest (OMBucketCreateRequest.java:validateAndUpdateCache(263)) - created bucket: buck2 of layout FILE_SYSTEM_OPTIMIZED in volume: vol-32994
2023-02-28 04:33:27,065 [63ce3e96-5e66-48af-ac7f-186cbfb55a60@group-505A5BE024FB-FollowerState] INFO  impl.FollowerState (FollowerState.java:run(143)) - 63ce3e96-5e66-48af-ac7f-186cbfb55a60@group-505A5BE024FB-FollowerState: change to CANDIDATE, lastRpcElapsedTime:5156077869ns, electionTimeout:5155ms
2023-02-28 04:33:27,065 [63ce3e96-5e66-48af-ac7f-186cbfb55a60@group-505A5BE024FB-FollowerState] INFO  impl.RoleInfo (RoleInfo.java:shutdownFollowerState(110)) - 63ce3e96-5e66-48af-ac7f-186cbfb55a60: shutdown 63ce3e96-5e66-48af-ac7f-186cbfb55a60@group-505A5BE024FB-FollowerState
2023-02-28 04:33:27,065 [63ce3e96-5e66-48af-ac7f-186cbfb55a60@group-505A5BE024FB-FollowerState] INFO  server.RaftServer$Division (RaftServerImpl.java:setRole(321)) - 63ce3e96-5e66-48af-ac7f-186cbfb55a60@group-505A5BE024FB: changes role from  FOLLOWER to CANDIDATE at term 0 for changeToCandidate
2023-02-28 04:33:27,066 [63ce3e96-5e66-48af-ac7f-186cbfb55a60@group-505A5BE024FB-FollowerState] INFO  server.RaftServerConfigKeys (ConfUtils.java:logGet(46)) - raft.server.leaderelection.pre-vote = true (default)
2023-02-28 04:33:27,066 [63ce3e96-5e66-48af-ac7f-186cbfb55a60@group-505A5BE024FB-FollowerState] INFO  impl.RoleInfo (RoleInfo.java:updateAndGet(139)) - 63ce3e96-5e66-48af-ac7f-186cbfb55a60: start 63ce3e96-5e66-48af-ac7f-186cbfb55a60@group-505A5BE024FB-LeaderElection14
2023-02-28 04:33:27,079 [63ce3e96-5e66-48af-ac7f-186cbfb55a60@group-505A5BE024FB-LeaderElection14] INFO  impl.LeaderElection (LeaderElection.java:askForVotes(312)) - 63ce3e96-5e66-48af-ac7f-186cbfb55a60@group-505A5BE024FB-LeaderElection14 PRE_VOTE round 0: submit vote requests at term 0 for -1: peers:[63ce3e96-5e66-48af-ac7f-186cbfb55a60|rpc:10.1.0.42:33273|dataStream:10.1.0.42:39963|priority:1|startupRole:FOLLOWER]|listeners:[], old=null
2023-02-28 04:33:27,080 [63ce3e96-5e66-48af-ac7f-186cbfb55a60@group-505A5BE024FB-LeaderElection14] INFO  impl.LeaderElection (LeaderElection.java:askForVotes(314)) - 63ce3e96-5e66-48af-ac7f-186cbfb55a60@group-505A5BE024FB-LeaderElection14 PRE_VOTE round 0: result PASSED (term=0)
2023-02-28 04:33:27,080 [IPC Server handler 1 on default port 35615] INFO  ha.SequenceIdGenerator (SequenceIdGenerator.java:getNextId(128)) - Allocate a batch for containerId, change lastId from 0 to 1000.
2023-02-28 04:33:27,083 [IPC Server handler 1 on default port 35615] WARN  ha.SequenceIdGenerator (SequenceIdGenerator.java:allocateBatch(237)) - Failed to allocate a batch for localId, expected lastId is 0, actual lastId is 111677748019200000.
2023-02-28 04:33:27,083 [IPC Server handler 1 on default port 35615] INFO  ha.SequenceIdGenerator (SequenceIdGenerator.java:getNextId(128)) - Allocate a batch for localId, change lastId from 111677748019200000 to 111677748019201000.
2023-02-28 04:33:27,083 [63ce3e96-5e66-48af-ac7f-186cbfb55a60@group-505A5BE024FB-LeaderElection14] INFO  impl.LeaderElection (LeaderElection.java:askForVotes(312)) - 63ce3e96-5e66-48af-ac7f-186cbfb55a60@group-505A5BE024FB-LeaderElection14 ELECTION round 0: submit vote requests at term 1 for -1: peers:[63ce3e96-5e66-48af-ac7f-186cbfb55a60|rpc:10.1.0.42:33273|dataStream:10.1.0.42:39963|priority:1|startupRole:FOLLOWER]|listeners:[], old=null
2023-02-28 04:33:27,083 [63ce3e96-5e66-48af-ac7f-186cbfb55a60@group-505A5BE024FB-LeaderElection14] INFO  impl.LeaderElection (LeaderElection.java:askForVotes(314)) - 63ce3e96-5e66-48af-ac7f-186cbfb55a60@group-505A5BE024FB-LeaderElection14 ELECTION round 0: result PASSED (term=1)
2023-02-28 04:33:27,084 [63ce3e96-5e66-48af-ac7f-186cbfb55a60@group-505A5BE024FB-LeaderElection14] INFO  impl.RoleInfo (RoleInfo.java:shutdownLeaderElection(130)) - 63ce3e96-5e66-48af-ac7f-186cbfb55a60: shutdown 63ce3e96-5e66-48af-ac7f-186cbfb55a60@group-505A5BE024FB-LeaderElection14
2023-02-28 04:33:27,084 [63ce3e96-5e66-48af-ac7f-186cbfb55a60@group-505A5BE024FB-LeaderElection14] INFO  server.RaftServer$Division (RaftServerImpl.java:setRole(321)) - 63ce3e96-5e66-48af-ac7f-186cbfb55a60@group-505A5BE024FB: changes role from CANDIDATE to LEADER at term 1 for changeToLeader
2023-02-28 04:33:27,084 [63ce3e96-5e66-48af-ac7f-186cbfb55a60@group-505A5BE024FB-LeaderElection14] INFO  ratis.XceiverServerRatis (XceiverServerRatis.java:handleLeaderChangedNotification(905)) - Leader change notification received for group: group-505A5BE024FB with new leaderId: 63ce3e96-5e66-48af-ac7f-186cbfb55a60
2023-02-28 04:33:27,084 [63ce3e96-5e66-48af-ac7f-186cbfb55a60@group-505A5BE024FB-LeaderElection14] INFO  server.RaftServer$Division (ServerState.java:setLeader(313)) - 63ce3e96-5e66-48af-ac7f-186cbfb55a60@group-505A5BE024FB: change Leader from null to 63ce3e96-5e66-48af-ac7f-186cbfb55a60 at term 1 for becomeLeader, leader elected after 5185ms
2023-02-28 04:33:27,084 [63ce3e96-5e66-48af-ac7f-186cbfb55a60@group-505A5BE024FB-LeaderElection14] INFO  server.RaftServerConfigKeys (ConfUtils.java:logGet(46)) - raft.server.staging.catchup.gap = 1000 (default)
2023-02-28 04:33:27,085 [63ce3e96-5e66-48af-ac7f-186cbfb55a60@group-505A5BE024FB-LeaderElection14] INFO  server.RaftServerConfigKeys (ConfUtils.java:logGet(46)) - raft.server.write.element-limit = 1024 (custom)
2023-02-28 04:33:27,085 [63ce3e96-5e66-48af-ac7f-186cbfb55a60@group-505A5BE024FB-LeaderElection14] INFO  server.RaftServerConfigKeys (ConfUtils.java:logGet(46)) - raft.server.write.byte-limit = 1024 M (=1073741824) (custom)
2023-02-28 04:33:27,085 [63ce3e96-5e66-48af-ac7f-186cbfb55a60@group-505A5BE024FB-LeaderElection14] INFO  server.RaftServerConfigKeys (ConfUtils.java:logGet(46)) - raft.server.watch.timeout = 180s (custom)
2023-02-28 04:33:27,085 [63ce3e96-5e66-48af-ac7f-186cbfb55a60@group-505A5BE024FB-LeaderElection14] INFO  server.RaftServerConfigKeys (ConfUtils.java:logGet(46)) - raft.server.watch.timeout.denomination = 1s (default)
2023-02-28 04:33:27,085 [63ce3e96-5e66-48af-ac7f-186cbfb55a60@group-505A5BE024FB-LeaderElection14] INFO  server.RaftServerConfigKeys (ConfUtils.java:logGet(46)) - raft.server.watch.element-limit = 65536 (default)
2023-02-28 04:33:27,085 [63ce3e96-5e66-48af-ac7f-186cbfb55a60@group-505A5BE024FB-LeaderElection14] INFO  server.RaftServerConfigKeys (ConfUtils.java:logGet(46)) - raft.server.write.element-limit = 1024 (custom)
2023-02-28 04:33:27,085 [63ce3e96-5e66-48af-ac7f-186cbfb55a60@group-505A5BE024FB-LeaderElection14] INFO  server.RaftServerConfigKeys (ConfUtils.java:logGet(46)) - raft.server.write.follower.gap.ratio.max = -1.0 (default)
2023-02-28 04:33:27,085 [63ce3e96-5e66-48af-ac7f-186cbfb55a60@group-505A5BE024FB-LeaderElection14] INFO  impl.RoleInfo (RoleInfo.java:updateAndGet(139)) - 63ce3e96-5e66-48af-ac7f-186cbfb55a60: start 63ce3e96-5e66-48af-ac7f-186cbfb55a60@group-505A5BE024FB-LeaderStateImpl
2023-02-28 04:33:27,090 [63ce3e96-5e66-48af-ac7f-186cbfb55a60@group-505A5BE024FB-LeaderElection14] INFO  segmented.SegmentedRaftLogWorker (SegmentedRaftLogWorker.java:startLogSegment(452)) - 63ce3e96-5e66-48af-ac7f-186cbfb55a60@group-505A5BE024FB-SegmentedRaftLogWorker: Starting segment from index:0
2023-02-28 04:33:27,093 [63ce3e96-5e66-48af-ac7f-186cbfb55a60@group-505A5BE024FB-SegmentedRaftLogWorker] INFO  segmented.SegmentedRaftLogWorker (SegmentedRaftLogWorker.java:execute(656)) - 63ce3e96-5e66-48af-ac7f-186cbfb55a60@group-505A5BE024FB-SegmentedRaftLogWorker: created new log segment /home/runner/work/ozone/ozone/hadoop-ozone/integration-test/target/test-dir/MiniOzoneClusterImpl-2052965b-440d-4b09-b4b3-db311f243d80/datanode-2/data/ratis/4493a279-0555-4f73-9f98-505a5be024fb/current/log_inprogress_0
2023-02-28 04:33:27,098 [63ce3e96-5e66-48af-ac7f-186cbfb55a60@group-505A5BE024FB-LeaderElection14] INFO  server.RaftServer$Division (ServerState.java:setRaftConf(430)) - 63ce3e96-5e66-48af-ac7f-186cbfb55a60@group-505A5BE024FB: set configuration 0: peers:[63ce3e96-5e66-48af-ac7f-186cbfb55a60|rpc:10.1.0.42:33273|dataStream:10.1.0.42:39963|priority:1|startupRole:FOLLOWER]|listeners:[], old=null
2023-02-28 04:33:27,164 [OM StateMachine ApplyTransaction Thread - 0] INFO  snapshot.OMSnapshotCreateRequest (OMSnapshotCreateRequest.java:validateAndUpdateCache(180)) - Created snapshot 'snap85480' under path 'vol-32994/buck1'
2023-02-28 04:33:27,165 [OM StateMachine ApplyTransaction Thread - 0] INFO  snapshot.OMSnapshotCreateRequest (OMSnapshotCreateRequest.java:validateAndUpdateCache(180)) - Created snapshot 'snap85480' under path 'vol-32994/buck1'
2023-02-28 04:33:27,166 [OM StateMachine ApplyTransaction Thread - 0] INFO  snapshot.OMSnapshotCreateRequest (OMSnapshotCreateRequest.java:validateAndUpdateCache(180)) - Created snapshot 'snap85480' under path 'vol-32994/buck1'
2023-02-28 04:33:27,195 [OMDoubleBufferFlushThread] INFO  db.RDBCheckpointManager (RDBCheckpointManager.java:createCheckpoint(96)) - Created checkpoint in rocksDB at /home/runner/work/ozone/ozone/hadoop-ozone/integration-test/target/test-dir/MiniOzoneClusterImpl-2052965b-440d-4b09-b4b3-db311f243d80/omNode-1/db.snapshots/om.db-df4535be-48c0-43a5-a3f6-eab505523bb2 in 29 milliseconds
2023-02-28 04:33:27,198 [OMDoubleBufferFlushThread] INFO  db.RDBCheckpointManager (RDBCheckpointManager.java:waitForCheckpointDirectoryExist(125)) - Waited for 3 milliseconds for checkpoint directory /home/runner/work/ozone/ozone/hadoop-ozone/integration-test/target/test-dir/MiniOzoneClusterImpl-2052965b-440d-4b09-b4b3-db311f243d80/omNode-1/db.snapshots/om.db-df4535be-48c0-43a5-a3f6-eab505523bb2 availability.
2023-02-28 04:33:27,199 [OMDoubleBufferFlushThread] INFO  om.OmSnapshotManager (OmSnapshotManager.java:createOmSnapshotCheckpoint(163)) - Created checkpoint : /home/runner/work/ozone/ozone/hadoop-ozone/integration-test/target/test-dir/MiniOzoneClusterImpl-2052965b-440d-4b09-b4b3-db311f243d80/omNode-1/db.snapshots/om.db-df4535be-48c0-43a5-a3f6-eab505523bb2 for snapshot snap85480
2023-02-28 04:33:27,202 [OMDoubleBufferFlushThread] INFO  db.RDBCheckpointManager (RDBCheckpointManager.java:createCheckpoint(96)) - Created checkpoint in rocksDB at /home/runner/work/ozone/ozone/hadoop-ozone/integration-test/target/test-dir/MiniOzoneClusterImpl-2052965b-440d-4b09-b4b3-db311f243d80/omNode-2/db.snapshots/om.db-df4535be-48c0-43a5-a3f6-eab505523bb2 in 35 milliseconds
2023-02-28 04:33:27,203 [OMDoubleBufferFlushThread] INFO  db.RDBCheckpointManager (RDBCheckpointManager.java:createCheckpoint(96)) - Created checkpoint in rocksDB at /home/runner/work/ozone/ozone/hadoop-ozone/integration-test/target/test-dir/MiniOzoneClusterImpl-2052965b-440d-4b09-b4b3-db311f243d80/omNode-3/db.snapshots/om.db-df4535be-48c0-43a5-a3f6-eab505523bb2 in 36 milliseconds
2023-02-28 04:33:27,212 [OMDoubleBufferFlushThread] INFO  db.RDBCheckpointManager (RDBCheckpointManager.java:waitForCheckpointDirectoryExist(125)) - Waited for 9 milliseconds for checkpoint directory /home/runner/work/ozone/ozone/hadoop-ozone/integration-test/target/test-dir/MiniOzoneClusterImpl-2052965b-440d-4b09-b4b3-db311f243d80/omNode-3/db.snapshots/om.db-df4535be-48c0-43a5-a3f6-eab505523bb2 availability.
2023-02-28 04:33:27,213 [OMDoubleBufferFlushThread] INFO  om.OmSnapshotManager (OmSnapshotManager.java:createOmSnapshotCheckpoint(163)) - Created checkpoint : /home/runner/work/ozone/ozone/hadoop-ozone/integration-test/target/test-dir/MiniOzoneClusterImpl-2052965b-440d-4b09-b4b3-db311f243d80/omNode-3/db.snapshots/om.db-df4535be-48c0-43a5-a3f6-eab505523bb2 for snapshot snap85480
2023-02-28 04:33:27,222 [OMDoubleBufferFlushThread] INFO  db.RDBCheckpointManager (RDBCheckpointManager.java:waitForCheckpointDirectoryExist(125)) - Waited for 20 milliseconds for checkpoint directory /home/runner/work/ozone/ozone/hadoop-ozone/integration-test/target/test-dir/MiniOzoneClusterImpl-2052965b-440d-4b09-b4b3-db311f243d80/omNode-2/db.snapshots/om.db-df4535be-48c0-43a5-a3f6-eab505523bb2 availability.
2023-02-28 04:33:27,222 [OMDoubleBufferFlushThread] INFO  om.OmSnapshotManager (OmSnapshotManager.java:createOmSnapshotCheckpoint(163)) - Created checkpoint : /home/runner/work/ozone/ozone/hadoop-ozone/integration-test/target/test-dir/MiniOzoneClusterImpl-2052965b-440d-4b09-b4b3-db311f243d80/omNode-2/db.snapshots/om.db-df4535be-48c0-43a5-a3f6-eab505523bb2 for snapshot snap85480
2023-02-28 04:33:27,350 [EndpointStateMachine task thread for /0.0.0.0:41617 - 0 ] INFO  ipc.Client (Client.java:handleConnectionFailure(1010)) - Retrying connect to server: 0.0.0.0/0.0.0.0:41617. Already tried 6 time(s); retry policy is RetryUpToMaximumCountWithFixedSleep(maxRetries=15, sleepTime=1000 MILLISECONDS)
2023-02-28 04:33:28,351 [EndpointStateMachine task thread for /0.0.0.0:41617 - 0 ] INFO  ipc.Client (Client.java:handleConnectionFailure(1010)) - Retrying connect to server: 0.0.0.0/0.0.0.0:41617. Already tried 7 time(s); retry policy is RetryUpToMaximumCountWithFixedSleep(maxRetries=15, sleepTime=1000 MILLISECONDS)
2023-02-28 04:33:28,627 [OM StateMachine ApplyTransaction Thread - 0] INFO  snapshot.OMSnapshotCreateRequest (OMSnapshotCreateRequest.java:validateAndUpdateCache(180)) - Created snapshot 'snap72006' under path 'vol-32994/buck1'
2023-02-28 04:33:28,628 [OM StateMachine ApplyTransaction Thread - 0] INFO  snapshot.OMSnapshotCreateRequest (OMSnapshotCreateRequest.java:validateAndUpdateCache(180)) - Created snapshot 'snap72006' under path 'vol-32994/buck1'
2023-02-28 04:33:28,628 [OM StateMachine ApplyTransaction Thread - 0] INFO  snapshot.OMSnapshotCreateRequest (OMSnapshotCreateRequest.java:validateAndUpdateCache(180)) - Created snapshot 'snap72006' under path 'vol-32994/buck1'
2023-02-28 04:33:28,648 [OMDoubleBufferFlushThread] INFO  db.RDBCheckpointManager (RDBCheckpointManager.java:createCheckpoint(96)) - Created checkpoint in rocksDB at /home/runner/work/ozone/ozone/hadoop-ozone/integration-test/target/test-dir/MiniOzoneClusterImpl-2052965b-440d-4b09-b4b3-db311f243d80/omNode-1/db.snapshots/om.db-042798a0-e47a-45cb-a113-c57a59dc5231 in 19 milliseconds
2023-02-28 04:33:28,649 [OMDoubleBufferFlushThread] INFO  db.RDBCheckpointManager (RDBCheckpointManager.java:waitForCheckpointDirectoryExist(125)) - Waited for 1 milliseconds for checkpoint directory /home/runner/work/ozone/ozone/hadoop-ozone/integration-test/target/test-dir/MiniOzoneClusterImpl-2052965b-440d-4b09-b4b3-db311f243d80/omNode-1/db.snapshots/om.db-042798a0-e47a-45cb-a113-c57a59dc5231 availability.
2023-02-28 04:33:28,649 [OMDoubleBufferFlushThread] INFO  om.OmSnapshotManager (OmSnapshotManager.java:createOmSnapshotCheckpoint(163)) - Created checkpoint : /home/runner/work/ozone/ozone/hadoop-ozone/integration-test/target/test-dir/MiniOzoneClusterImpl-2052965b-440d-4b09-b4b3-db311f243d80/omNode-1/db.snapshots/om.db-042798a0-e47a-45cb-a113-c57a59dc5231 for snapshot snap72006
2023-02-28 04:33:28,651 [OMDoubleBufferFlushThread] INFO  db.RDBCheckpointManager (RDBCheckpointManager.java:createCheckpoint(96)) - Created checkpoint in rocksDB at /home/runner/work/ozone/ozone/hadoop-ozone/integration-test/target/test-dir/MiniOzoneClusterImpl-2052965b-440d-4b09-b4b3-db311f243d80/omNode-2/db.snapshots/om.db-042798a0-e47a-45cb-a113-c57a59dc5231 in 22 milliseconds
2023-02-28 04:33:28,652 [OMDoubleBufferFlushThread] INFO  db.RDBCheckpointManager (RDBCheckpointManager.java:waitForCheckpointDirectoryExist(125)) - Waited for 1 milliseconds for checkpoint directory /home/runner/work/ozone/ozone/hadoop-ozone/integration-test/target/test-dir/MiniOzoneClusterImpl-2052965b-440d-4b09-b4b3-db311f243d80/omNode-2/db.snapshots/om.db-042798a0-e47a-45cb-a113-c57a59dc5231 availability.
2023-02-28 04:33:28,652 [OMDoubleBufferFlushThread] INFO  om.OmSnapshotManager (OmSnapshotManager.java:createOmSnapshotCheckpoint(163)) - Created checkpoint : /home/runner/work/ozone/ozone/hadoop-ozone/integration-test/target/test-dir/MiniOzoneClusterImpl-2052965b-440d-4b09-b4b3-db311f243d80/omNode-2/db.snapshots/om.db-042798a0-e47a-45cb-a113-c57a59dc5231 for snapshot snap72006
2023-02-28 04:33:28,654 [OMDoubleBufferFlushThread] INFO  db.RDBCheckpointManager (RDBCheckpointManager.java:createCheckpoint(96)) - Created checkpoint in rocksDB at /home/runner/work/ozone/ozone/hadoop-ozone/integration-test/target/test-dir/MiniOzoneClusterImpl-2052965b-440d-4b09-b4b3-db311f243d80/omNode-3/db.snapshots/om.db-042798a0-e47a-45cb-a113-c57a59dc5231 in 24 milliseconds
2023-02-28 04:33:28,656 [OMDoubleBufferFlushThread] INFO  db.RDBCheckpointManager (RDBCheckpointManager.java:waitForCheckpointDirectoryExist(125)) - Waited for 2 milliseconds for checkpoint directory /home/runner/work/ozone/ozone/hadoop-ozone/integration-test/target/test-dir/MiniOzoneClusterImpl-2052965b-440d-4b09-b4b3-db311f243d80/omNode-3/db.snapshots/om.db-042798a0-e47a-45cb-a113-c57a59dc5231 availability.
2023-02-28 04:33:28,656 [OMDoubleBufferFlushThread] INFO  om.OmSnapshotManager (OmSnapshotManager.java:createOmSnapshotCheckpoint(163)) - Created checkpoint : /home/runner/work/ozone/ozone/hadoop-ozone/integration-test/target/test-dir/MiniOzoneClusterImpl-2052965b-440d-4b09-b4b3-db311f243d80/omNode-3/db.snapshots/om.db-042798a0-e47a-45cb-a113-c57a59dc5231 for snapshot snap72006
2023-02-28 04:33:29,352 [EndpointStateMachine task thread for /0.0.0.0:41617 - 0 ] INFO  ipc.Client (Client.java:handleConnectionFailure(1010)) - Retrying connect to server: 0.0.0.0/0.0.0.0:41617. Already tried 8 time(s); retry policy is RetryUpToMaximumCountWithFixedSleep(maxRetries=15, sleepTime=1000 MILLISECONDS)
2023-02-28 04:33:29,629 [IPC Server handler 0 on default port 46183] WARN  server.ServerUtils (ServerUtils.java:getDBPath(225)) - ozone.om.db.dirs is not configured. We recommend adding this setting. Falling back to ozone.metadata.dirs instead.
2023-02-28 04:33:29,629 [IPC Server handler 0 on default port 46183] INFO  codec.OmKeyInfoCodec (OmKeyInfoCodec.java:<init>(49)) - OmKeyInfoCodec ignorePipeline = true
2023-02-28 04:33:29,629 [IPC Server handler 0 on default port 46183] INFO  codec.RepeatedOmKeyInfoCodec (RepeatedOmKeyInfoCodec.java:<init>(41)) - RepeatedOmKeyInfoCodec ignorePipeline = true
2023-02-28 04:33:29,650 [IPC Server handler 0 on default port 46183] WARN  server.ServerUtils (ServerUtils.java:getDBPath(225)) - ozone.om.db.dirs is not configured. We recommend adding this setting. Falling back to ozone.metadata.dirs instead.
2023-02-28 04:33:29,650 [IPC Server handler 0 on default port 46183] INFO  codec.OmKeyInfoCodec (OmKeyInfoCodec.java:<init>(49)) - OmKeyInfoCodec ignorePipeline = true
2023-02-28 04:33:29,651 [IPC Server handler 0 on default port 46183] INFO  codec.RepeatedOmKeyInfoCodec (RepeatedOmKeyInfoCodec.java:<init>(41)) - RepeatedOmKeyInfoCodec ignorePipeline = true
]]></system-out>
  </testcase>
  <testcase name="testSnapDiffWithMultipleSSTs" classname="TestOmSnapshot" time="2.556">
    <system-out><![CDATA[2023-02-28 04:34:17,531 [Time-limited test] INFO  rpc.RpcClient (RpcClient.java:createVolume(476)) - Creating Volume: vol-75253, with runner as owner and space quota set to -1 bytes, counts quota set to -1
2023-02-28 04:34:17,534 [OM StateMachine ApplyTransaction Thread - 0] INFO  volume.OMVolumeCreateRequest (OMVolumeCreateRequest.java:validateAndUpdateCache(195)) - created volume:vol-75253 for user:runner
2023-02-28 04:34:17,535 [OM StateMachine ApplyTransaction Thread - 0] INFO  volume.OMVolumeCreateRequest (OMVolumeCreateRequest.java:validateAndUpdateCache(195)) - created volume:vol-75253 for user:runner
2023-02-28 04:34:17,535 [OM StateMachine ApplyTransaction Thread - 0] INFO  volume.OMVolumeCreateRequest (OMVolumeCreateRequest.java:validateAndUpdateCache(195)) - created volume:vol-75253 for user:runner
2023-02-28 04:34:17,537 [Time-limited test] INFO  rpc.RpcClient (RpcClient.java:createBucket(698)) - Creating Bucket: vol-75253/buck1, with server-side default bucket layout, runner as owner, Versioning false, Storage Type set to DISK and Encryption set to false, Replication Type set to server-side default replication type, Namespace Quota set to -1, Space Quota set to -1 
2023-02-28 04:34:17,539 [OM StateMachine ApplyTransaction Thread - 0] INFO  bucket.OMBucketCreateRequest (OMBucketCreateRequest.java:validateAndUpdateCache(263)) - created bucket: buck1 of layout LEGACY in volume: vol-75253
2023-02-28 04:34:17,540 [Time-limited test] INFO  rpc.RpcClient (RpcClient.java:createBucket(698)) - Creating Bucket: vol-75253/buck2, with server-side default bucket layout, runner as owner, Versioning false, Storage Type set to DISK and Encryption set to false, Replication Type set to server-side default replication type, Namespace Quota set to -1, Space Quota set to -1 
2023-02-28 04:34:17,540 [OM StateMachine ApplyTransaction Thread - 0] INFO  bucket.OMBucketCreateRequest (OMBucketCreateRequest.java:validateAndUpdateCache(263)) - created bucket: buck1 of layout LEGACY in volume: vol-75253
2023-02-28 04:34:17,541 [OM StateMachine ApplyTransaction Thread - 0] INFO  bucket.OMBucketCreateRequest (OMBucketCreateRequest.java:validateAndUpdateCache(263)) - created bucket: buck1 of layout LEGACY in volume: vol-75253
2023-02-28 04:34:17,542 [OM StateMachine ApplyTransaction Thread - 0] INFO  bucket.OMBucketCreateRequest (OMBucketCreateRequest.java:validateAndUpdateCache(263)) - created bucket: buck2 of layout LEGACY in volume: vol-75253
2023-02-28 04:34:17,542 [OM StateMachine ApplyTransaction Thread - 0] INFO  bucket.OMBucketCreateRequest (OMBucketCreateRequest.java:validateAndUpdateCache(263)) - created bucket: buck2 of layout LEGACY in volume: vol-75253
2023-02-28 04:34:17,543 [OM StateMachine ApplyTransaction Thread - 0] INFO  bucket.OMBucketCreateRequest (OMBucketCreateRequest.java:validateAndUpdateCache(263)) - created bucket: buck2 of layout LEGACY in volume: vol-75253
2023-02-28 04:34:17,550 [IPC Server handler 3 on default port 42049] INFO  ha.SequenceIdGenerator (SequenceIdGenerator.java:getNextId(128)) - Allocate a batch for containerId, change lastId from 0 to 1000.
2023-02-28 04:34:17,551 [IPC Server handler 3 on default port 42049] WARN  ha.SequenceIdGenerator (SequenceIdGenerator.java:allocateBatch(237)) - Failed to allocate a batch for localId, expected lastId is 0, actual lastId is 111677748019200000.
2023-02-28 04:34:17,551 [IPC Server handler 3 on default port 42049] INFO  ha.SequenceIdGenerator (SequenceIdGenerator.java:getNextId(128)) - Allocate a batch for localId, change lastId from 111677748019200000 to 111677748019201000.
2023-02-28 04:34:17,637 [OM StateMachine ApplyTransaction Thread - 0] INFO  snapshot.OMSnapshotCreateRequest (OMSnapshotCreateRequest.java:validateAndUpdateCache(180)) - Created snapshot 'snap67368' under path 'vol-75253/buck1'
2023-02-28 04:34:17,638 [OM StateMachine ApplyTransaction Thread - 0] INFO  snapshot.OMSnapshotCreateRequest (OMSnapshotCreateRequest.java:validateAndUpdateCache(180)) - Created snapshot 'snap67368' under path 'vol-75253/buck1'
2023-02-28 04:34:17,638 [OM StateMachine ApplyTransaction Thread - 0] INFO  snapshot.OMSnapshotCreateRequest (OMSnapshotCreateRequest.java:validateAndUpdateCache(180)) - Created snapshot 'snap67368' under path 'vol-75253/buck1'
2023-02-28 04:34:17,669 [OMDoubleBufferFlushThread] INFO  db.RDBCheckpointManager (RDBCheckpointManager.java:createCheckpoint(96)) - Created checkpoint in rocksDB at /home/runner/work/ozone/ozone/hadoop-ozone/integration-test/target/test-dir/MiniOzoneClusterImpl-0c3862ae-9f43-41f5-9e7d-509225cf1f3d/omNode-1/db.snapshots/om.db-c8cb98c9-11f7-44cc-b9c0-bb96dd926b27 in 30 milliseconds
2023-02-28 04:34:17,670 [OMDoubleBufferFlushThread] INFO  db.RDBCheckpointManager (RDBCheckpointManager.java:waitForCheckpointDirectoryExist(125)) - Waited for 1 milliseconds for checkpoint directory /home/runner/work/ozone/ozone/hadoop-ozone/integration-test/target/test-dir/MiniOzoneClusterImpl-0c3862ae-9f43-41f5-9e7d-509225cf1f3d/omNode-1/db.snapshots/om.db-c8cb98c9-11f7-44cc-b9c0-bb96dd926b27 availability.
2023-02-28 04:34:17,670 [OMDoubleBufferFlushThread] INFO  om.OmSnapshotManager (OmSnapshotManager.java:createOmSnapshotCheckpoint(163)) - Created checkpoint : /home/runner/work/ozone/ozone/hadoop-ozone/integration-test/target/test-dir/MiniOzoneClusterImpl-0c3862ae-9f43-41f5-9e7d-509225cf1f3d/omNode-1/db.snapshots/om.db-c8cb98c9-11f7-44cc-b9c0-bb96dd926b27 for snapshot snap67368
2023-02-28 04:34:17,672 [OMDoubleBufferFlushThread] INFO  db.RDBCheckpointManager (RDBCheckpointManager.java:createCheckpoint(96)) - Created checkpoint in rocksDB at /home/runner/work/ozone/ozone/hadoop-ozone/integration-test/target/test-dir/MiniOzoneClusterImpl-0c3862ae-9f43-41f5-9e7d-509225cf1f3d/omNode-2/db.snapshots/om.db-c8cb98c9-11f7-44cc-b9c0-bb96dd926b27 in 31 milliseconds
2023-02-28 04:34:17,672 [OMDoubleBufferFlushThread] INFO  db.RDBCheckpointManager (RDBCheckpointManager.java:createCheckpoint(96)) - Created checkpoint in rocksDB at /home/runner/work/ozone/ozone/hadoop-ozone/integration-test/target/test-dir/MiniOzoneClusterImpl-0c3862ae-9f43-41f5-9e7d-509225cf1f3d/omNode-3/db.snapshots/om.db-c8cb98c9-11f7-44cc-b9c0-bb96dd926b27 in 24 milliseconds
2023-02-28 04:34:17,673 [OMDoubleBufferFlushThread] INFO  db.RDBCheckpointManager (RDBCheckpointManager.java:waitForCheckpointDirectoryExist(125)) - Waited for 1 milliseconds for checkpoint directory /home/runner/work/ozone/ozone/hadoop-ozone/integration-test/target/test-dir/MiniOzoneClusterImpl-0c3862ae-9f43-41f5-9e7d-509225cf1f3d/omNode-2/db.snapshots/om.db-c8cb98c9-11f7-44cc-b9c0-bb96dd926b27 availability.
2023-02-28 04:34:17,673 [OMDoubleBufferFlushThread] INFO  om.OmSnapshotManager (OmSnapshotManager.java:createOmSnapshotCheckpoint(163)) - Created checkpoint : /home/runner/work/ozone/ozone/hadoop-ozone/integration-test/target/test-dir/MiniOzoneClusterImpl-0c3862ae-9f43-41f5-9e7d-509225cf1f3d/omNode-2/db.snapshots/om.db-c8cb98c9-11f7-44cc-b9c0-bb96dd926b27 for snapshot snap67368
2023-02-28 04:34:17,676 [OMDoubleBufferFlushThread] INFO  db.RDBCheckpointManager (RDBCheckpointManager.java:waitForCheckpointDirectoryExist(125)) - Waited for 4 milliseconds for checkpoint directory /home/runner/work/ozone/ozone/hadoop-ozone/integration-test/target/test-dir/MiniOzoneClusterImpl-0c3862ae-9f43-41f5-9e7d-509225cf1f3d/omNode-3/db.snapshots/om.db-c8cb98c9-11f7-44cc-b9c0-bb96dd926b27 availability.
2023-02-28 04:34:17,676 [OMDoubleBufferFlushThread] INFO  om.OmSnapshotManager (OmSnapshotManager.java:createOmSnapshotCheckpoint(163)) - Created checkpoint : /home/runner/work/ozone/ozone/hadoop-ozone/integration-test/target/test-dir/MiniOzoneClusterImpl-0c3862ae-9f43-41f5-9e7d-509225cf1f3d/omNode-3/db.snapshots/om.db-c8cb98c9-11f7-44cc-b9c0-bb96dd926b27 for snapshot snap67368
2023-02-28 04:34:18,506 [EndpointStateMachine task thread for /0.0.0.0:32873 - 0 ] INFO  ipc.Client (Client.java:handleConnectionFailure(1010)) - Retrying connect to server: 0.0.0.0/0.0.0.0:32873. Already tried 5 time(s); retry policy is RetryUpToMaximumCountWithFixedSleep(maxRetries=15, sleepTime=1000 MILLISECONDS)
2023-02-28 04:34:18,979 [OM StateMachine ApplyTransaction Thread - 0] INFO  snapshot.OMSnapshotCreateRequest (OMSnapshotCreateRequest.java:validateAndUpdateCache(180)) - Created snapshot 'snap54568' under path 'vol-75253/buck1'
2023-02-28 04:34:18,979 [OM StateMachine ApplyTransaction Thread - 0] INFO  snapshot.OMSnapshotCreateRequest (OMSnapshotCreateRequest.java:validateAndUpdateCache(180)) - Created snapshot 'snap54568' under path 'vol-75253/buck1'
2023-02-28 04:34:18,980 [OM StateMachine ApplyTransaction Thread - 0] INFO  snapshot.OMSnapshotCreateRequest (OMSnapshotCreateRequest.java:validateAndUpdateCache(180)) - Created snapshot 'snap54568' under path 'vol-75253/buck1'
2023-02-28 04:34:19,001 [OMDoubleBufferFlushThread] INFO  db.RDBCheckpointManager (RDBCheckpointManager.java:createCheckpoint(96)) - Created checkpoint in rocksDB at /home/runner/work/ozone/ozone/hadoop-ozone/integration-test/target/test-dir/MiniOzoneClusterImpl-0c3862ae-9f43-41f5-9e7d-509225cf1f3d/omNode-2/db.snapshots/om.db-29b7321b-1989-45a9-a08d-5f1dc685458d in 20 milliseconds
2023-02-28 04:34:19,002 [OMDoubleBufferFlushThread] INFO  db.RDBCheckpointManager (RDBCheckpointManager.java:createCheckpoint(96)) - Created checkpoint in rocksDB at /home/runner/work/ozone/ozone/hadoop-ozone/integration-test/target/test-dir/MiniOzoneClusterImpl-0c3862ae-9f43-41f5-9e7d-509225cf1f3d/omNode-3/db.snapshots/om.db-29b7321b-1989-45a9-a08d-5f1dc685458d in 21 milliseconds
2023-02-28 04:34:19,007 [OMDoubleBufferFlushThread] INFO  db.RDBCheckpointManager (RDBCheckpointManager.java:waitForCheckpointDirectoryExist(125)) - Waited for 6 milliseconds for checkpoint directory /home/runner/work/ozone/ozone/hadoop-ozone/integration-test/target/test-dir/MiniOzoneClusterImpl-0c3862ae-9f43-41f5-9e7d-509225cf1f3d/omNode-2/db.snapshots/om.db-29b7321b-1989-45a9-a08d-5f1dc685458d availability.
2023-02-28 04:34:19,007 [OMDoubleBufferFlushThread] INFO  om.OmSnapshotManager (OmSnapshotManager.java:createOmSnapshotCheckpoint(163)) - Created checkpoint : /home/runner/work/ozone/ozone/hadoop-ozone/integration-test/target/test-dir/MiniOzoneClusterImpl-0c3862ae-9f43-41f5-9e7d-509225cf1f3d/omNode-2/db.snapshots/om.db-29b7321b-1989-45a9-a08d-5f1dc685458d for snapshot snap54568
2023-02-28 04:34:19,007 [OMDoubleBufferFlushThread] INFO  db.RDBCheckpointManager (RDBCheckpointManager.java:waitForCheckpointDirectoryExist(125)) - Waited for 5 milliseconds for checkpoint directory /home/runner/work/ozone/ozone/hadoop-ozone/integration-test/target/test-dir/MiniOzoneClusterImpl-0c3862ae-9f43-41f5-9e7d-509225cf1f3d/omNode-3/db.snapshots/om.db-29b7321b-1989-45a9-a08d-5f1dc685458d availability.
2023-02-28 04:34:19,008 [OMDoubleBufferFlushThread] INFO  om.OmSnapshotManager (OmSnapshotManager.java:createOmSnapshotCheckpoint(163)) - Created checkpoint : /home/runner/work/ozone/ozone/hadoop-ozone/integration-test/target/test-dir/MiniOzoneClusterImpl-0c3862ae-9f43-41f5-9e7d-509225cf1f3d/omNode-3/db.snapshots/om.db-29b7321b-1989-45a9-a08d-5f1dc685458d for snapshot snap54568
2023-02-28 04:34:19,009 [OMDoubleBufferFlushThread] INFO  db.RDBCheckpointManager (RDBCheckpointManager.java:createCheckpoint(96)) - Created checkpoint in rocksDB at /home/runner/work/ozone/ozone/hadoop-ozone/integration-test/target/test-dir/MiniOzoneClusterImpl-0c3862ae-9f43-41f5-9e7d-509225cf1f3d/omNode-1/db.snapshots/om.db-29b7321b-1989-45a9-a08d-5f1dc685458d in 28 milliseconds
2023-02-28 04:34:19,010 [OMDoubleBufferFlushThread] INFO  db.RDBCheckpointManager (RDBCheckpointManager.java:waitForCheckpointDirectoryExist(125)) - Waited for 0 milliseconds for checkpoint directory /home/runner/work/ozone/ozone/hadoop-ozone/integration-test/target/test-dir/MiniOzoneClusterImpl-0c3862ae-9f43-41f5-9e7d-509225cf1f3d/omNode-1/db.snapshots/om.db-29b7321b-1989-45a9-a08d-5f1dc685458d availability.
2023-02-28 04:34:19,010 [OMDoubleBufferFlushThread] INFO  om.OmSnapshotManager (OmSnapshotManager.java:createOmSnapshotCheckpoint(163)) - Created checkpoint : /home/runner/work/ozone/ozone/hadoop-ozone/integration-test/target/test-dir/MiniOzoneClusterImpl-0c3862ae-9f43-41f5-9e7d-509225cf1f3d/omNode-1/db.snapshots/om.db-29b7321b-1989-45a9-a08d-5f1dc685458d for snapshot snap54568
2023-02-28 04:34:19,506 [EndpointStateMachine task thread for /0.0.0.0:32873 - 0 ] INFO  ipc.Client (Client.java:handleConnectionFailure(1010)) - Retrying connect to server: 0.0.0.0/0.0.0.0:32873. Already tried 6 time(s); retry policy is RetryUpToMaximumCountWithFixedSleep(maxRetries=15, sleepTime=1000 MILLISECONDS)
2023-02-28 04:34:19,981 [IPC Server handler 8 on default port 43485] WARN  server.ServerUtils (ServerUtils.java:getDBPath(225)) - ozone.om.db.dirs is not configured. We recommend adding this setting. Falling back to ozone.metadata.dirs instead.
2023-02-28 04:34:19,981 [IPC Server handler 8 on default port 43485] INFO  codec.OmKeyInfoCodec (OmKeyInfoCodec.java:<init>(49)) - OmKeyInfoCodec ignorePipeline = true
2023-02-28 04:34:19,982 [IPC Server handler 8 on default port 43485] INFO  codec.RepeatedOmKeyInfoCodec (RepeatedOmKeyInfoCodec.java:<init>(41)) - RepeatedOmKeyInfoCodec ignorePipeline = true
2023-02-28 04:34:20,001 [IPC Server handler 8 on default port 43485] WARN  server.ServerUtils (ServerUtils.java:getDBPath(225)) - ozone.om.db.dirs is not configured. We recommend adding this setting. Falling back to ozone.metadata.dirs instead.
2023-02-28 04:34:20,001 [IPC Server handler 8 on default port 43485] INFO  codec.OmKeyInfoCodec (OmKeyInfoCodec.java:<init>(49)) - OmKeyInfoCodec ignorePipeline = true
2023-02-28 04:34:20,001 [IPC Server handler 8 on default port 43485] INFO  codec.RepeatedOmKeyInfoCodec (RepeatedOmKeyInfoCodec.java:<init>(41)) - RepeatedOmKeyInfoCodec ignorePipeline = true
]]></system-out>
  </testcase>
  <testcase name="testUniqueSnapshotId" classname="TestOmSnapshot" time="0.082">
    <system-out><![CDATA[2023-02-28 04:32:35,019 [OM StateMachine ApplyTransaction Thread - 0] INFO  snapshot.OMSnapshotCreateRequest (OMSnapshotCreateRequest.java:validateAndUpdateCache(180)) - Created snapshot 'f9cf7009-017b-4324-a67b-605f865bdda9' under path 'volume52010/bucket20296'
2023-02-28 04:32:35,022 [OM StateMachine ApplyTransaction Thread - 0] INFO  snapshot.OMSnapshotCreateRequest (OMSnapshotCreateRequest.java:validateAndUpdateCache(180)) - Created snapshot 'f9cf7009-017b-4324-a67b-605f865bdda9' under path 'volume52010/bucket20296'
2023-02-28 04:32:35,023 [OM StateMachine ApplyTransaction Thread - 0] INFO  snapshot.OMSnapshotCreateRequest (OMSnapshotCreateRequest.java:validateAndUpdateCache(180)) - Created snapshot 'f9cf7009-017b-4324-a67b-605f865bdda9' under path 'volume52010/bucket20296'
]]></system-out>
  </testcase>
  <testcase name="testUniqueSnapshotId" classname="TestOmSnapshot" time="1.046">
    <system-out><![CDATA[2023-02-28 04:33:29,792 [OM StateMachine ApplyTransaction Thread - 0] INFO  snapshot.OMSnapshotCreateRequest (OMSnapshotCreateRequest.java:validateAndUpdateCache(180)) - Created snapshot '23d1b08d-d8fd-4928-ba69-9f2173ef73e5' under path 'volume22280/bucket00473'
2023-02-28 04:33:29,793 [OM StateMachine ApplyTransaction Thread - 0] INFO  snapshot.OMSnapshotCreateRequest (OMSnapshotCreateRequest.java:validateAndUpdateCache(180)) - Created snapshot '23d1b08d-d8fd-4928-ba69-9f2173ef73e5' under path 'volume22280/bucket00473'
2023-02-28 04:33:29,794 [OM StateMachine ApplyTransaction Thread - 0] INFO  snapshot.OMSnapshotCreateRequest (OMSnapshotCreateRequest.java:validateAndUpdateCache(180)) - Created snapshot '23d1b08d-d8fd-4928-ba69-9f2173ef73e5' under path 'volume22280/bucket00473'
2023-02-28 04:33:29,817 [OMDoubleBufferFlushThread] INFO  db.RDBCheckpointManager (RDBCheckpointManager.java:createCheckpoint(96)) - Created checkpoint in rocksDB at /home/runner/work/ozone/ozone/hadoop-ozone/integration-test/target/test-dir/MiniOzoneClusterImpl-2052965b-440d-4b09-b4b3-db311f243d80/omNode-1/db.snapshots/om.db-bd12c7db-5e7d-4ea8-9c7f-539f1c8bf9c4 in 24 milliseconds
2023-02-28 04:33:29,820 [OMDoubleBufferFlushThread] INFO  db.RDBCheckpointManager (RDBCheckpointManager.java:waitForCheckpointDirectoryExist(125)) - Waited for 3 milliseconds for checkpoint directory /home/runner/work/ozone/ozone/hadoop-ozone/integration-test/target/test-dir/MiniOzoneClusterImpl-2052965b-440d-4b09-b4b3-db311f243d80/omNode-1/db.snapshots/om.db-bd12c7db-5e7d-4ea8-9c7f-539f1c8bf9c4 availability.
2023-02-28 04:33:29,820 [OMDoubleBufferFlushThread] INFO  om.OmSnapshotManager (OmSnapshotManager.java:createOmSnapshotCheckpoint(163)) - Created checkpoint : /home/runner/work/ozone/ozone/hadoop-ozone/integration-test/target/test-dir/MiniOzoneClusterImpl-2052965b-440d-4b09-b4b3-db311f243d80/omNode-1/db.snapshots/om.db-bd12c7db-5e7d-4ea8-9c7f-539f1c8bf9c4 for snapshot 23d1b08d-d8fd-4928-ba69-9f2173ef73e5
2023-02-28 04:33:29,823 [OMDoubleBufferFlushThread] INFO  db.RDBCheckpointManager (RDBCheckpointManager.java:createCheckpoint(96)) - Created checkpoint in rocksDB at /home/runner/work/ozone/ozone/hadoop-ozone/integration-test/target/test-dir/MiniOzoneClusterImpl-2052965b-440d-4b09-b4b3-db311f243d80/omNode-2/db.snapshots/om.db-bd12c7db-5e7d-4ea8-9c7f-539f1c8bf9c4 in 28 milliseconds
2023-02-28 04:33:29,823 [OMDoubleBufferFlushThread] INFO  db.RDBCheckpointManager (RDBCheckpointManager.java:createCheckpoint(96)) - Created checkpoint in rocksDB at /home/runner/work/ozone/ozone/hadoop-ozone/integration-test/target/test-dir/MiniOzoneClusterImpl-2052965b-440d-4b09-b4b3-db311f243d80/omNode-3/db.snapshots/om.db-bd12c7db-5e7d-4ea8-9c7f-539f1c8bf9c4 in 28 milliseconds
2023-02-28 04:33:29,823 [OMDoubleBufferFlushThread] INFO  db.RDBCheckpointManager (RDBCheckpointManager.java:waitForCheckpointDirectoryExist(125)) - Waited for 0 milliseconds for checkpoint directory /home/runner/work/ozone/ozone/hadoop-ozone/integration-test/target/test-dir/MiniOzoneClusterImpl-2052965b-440d-4b09-b4b3-db311f243d80/omNode-2/db.snapshots/om.db-bd12c7db-5e7d-4ea8-9c7f-539f1c8bf9c4 availability.
2023-02-28 04:33:29,823 [OMDoubleBufferFlushThread] INFO  om.OmSnapshotManager (OmSnapshotManager.java:createOmSnapshotCheckpoint(163)) - Created checkpoint : /home/runner/work/ozone/ozone/hadoop-ozone/integration-test/target/test-dir/MiniOzoneClusterImpl-2052965b-440d-4b09-b4b3-db311f243d80/omNode-2/db.snapshots/om.db-bd12c7db-5e7d-4ea8-9c7f-539f1c8bf9c4 for snapshot 23d1b08d-d8fd-4928-ba69-9f2173ef73e5
2023-02-28 04:33:29,824 [OMDoubleBufferFlushThread] INFO  db.RDBCheckpointManager (RDBCheckpointManager.java:waitForCheckpointDirectoryExist(125)) - Waited for 1 milliseconds for checkpoint directory /home/runner/work/ozone/ozone/hadoop-ozone/integration-test/target/test-dir/MiniOzoneClusterImpl-2052965b-440d-4b09-b4b3-db311f243d80/omNode-3/db.snapshots/om.db-bd12c7db-5e7d-4ea8-9c7f-539f1c8bf9c4 availability.
2023-02-28 04:33:29,824 [OMDoubleBufferFlushThread] INFO  om.OmSnapshotManager (OmSnapshotManager.java:createOmSnapshotCheckpoint(163)) - Created checkpoint : /home/runner/work/ozone/ozone/hadoop-ozone/integration-test/target/test-dir/MiniOzoneClusterImpl-2052965b-440d-4b09-b4b3-db311f243d80/omNode-3/db.snapshots/om.db-bd12c7db-5e7d-4ea8-9c7f-539f1c8bf9c4 for snapshot 23d1b08d-d8fd-4928-ba69-9f2173ef73e5
2023-02-28 04:33:30,353 [EndpointStateMachine task thread for /0.0.0.0:41617 - 0 ] INFO  ipc.Client (Client.java:handleConnectionFailure(1010)) - Retrying connect to server: 0.0.0.0/0.0.0.0:41617. Already tried 9 time(s); retry policy is RetryUpToMaximumCountWithFixedSleep(maxRetries=15, sleepTime=1000 MILLISECONDS)
]]></system-out>
  </testcase>
  <testcase name="testUniqueSnapshotId" classname="TestOmSnapshot" time="1.045">
    <system-out><![CDATA[2023-02-28 04:34:20,131 [OM StateMachine ApplyTransaction Thread - 0] INFO  snapshot.OMSnapshotCreateRequest (OMSnapshotCreateRequest.java:validateAndUpdateCache(180)) - Created snapshot 'f9665f2b-ad09-4013-8b0b-8ec77bac0c39' under path 'volume74312/bucket85880'
2023-02-28 04:34:20,131 [OM StateMachine ApplyTransaction Thread - 0] INFO  snapshot.OMSnapshotCreateRequest (OMSnapshotCreateRequest.java:validateAndUpdateCache(180)) - Created snapshot 'f9665f2b-ad09-4013-8b0b-8ec77bac0c39' under path 'volume74312/bucket85880'
2023-02-28 04:34:20,133 [OM StateMachine ApplyTransaction Thread - 0] INFO  snapshot.OMSnapshotCreateRequest (OMSnapshotCreateRequest.java:validateAndUpdateCache(180)) - Created snapshot 'f9665f2b-ad09-4013-8b0b-8ec77bac0c39' under path 'volume74312/bucket85880'
2023-02-28 04:34:20,151 [OMDoubleBufferFlushThread] INFO  db.RDBCheckpointManager (RDBCheckpointManager.java:createCheckpoint(96)) - Created checkpoint in rocksDB at /home/runner/work/ozone/ozone/hadoop-ozone/integration-test/target/test-dir/MiniOzoneClusterImpl-0c3862ae-9f43-41f5-9e7d-509225cf1f3d/omNode-1/db.snapshots/om.db-3db41d11-99ad-45b3-9db2-ff836374a189 in 17 milliseconds
2023-02-28 04:34:20,152 [OMDoubleBufferFlushThread] INFO  db.RDBCheckpointManager (RDBCheckpointManager.java:waitForCheckpointDirectoryExist(125)) - Waited for 1 milliseconds for checkpoint directory /home/runner/work/ozone/ozone/hadoop-ozone/integration-test/target/test-dir/MiniOzoneClusterImpl-0c3862ae-9f43-41f5-9e7d-509225cf1f3d/omNode-1/db.snapshots/om.db-3db41d11-99ad-45b3-9db2-ff836374a189 availability.
2023-02-28 04:34:20,152 [OMDoubleBufferFlushThread] INFO  om.OmSnapshotManager (OmSnapshotManager.java:createOmSnapshotCheckpoint(163)) - Created checkpoint : /home/runner/work/ozone/ozone/hadoop-ozone/integration-test/target/test-dir/MiniOzoneClusterImpl-0c3862ae-9f43-41f5-9e7d-509225cf1f3d/omNode-1/db.snapshots/om.db-3db41d11-99ad-45b3-9db2-ff836374a189 for snapshot f9665f2b-ad09-4013-8b0b-8ec77bac0c39
2023-02-28 04:34:20,161 [OMDoubleBufferFlushThread] INFO  db.RDBCheckpointManager (RDBCheckpointManager.java:createCheckpoint(96)) - Created checkpoint in rocksDB at /home/runner/work/ozone/ozone/hadoop-ozone/integration-test/target/test-dir/MiniOzoneClusterImpl-0c3862ae-9f43-41f5-9e7d-509225cf1f3d/omNode-3/db.snapshots/om.db-3db41d11-99ad-45b3-9db2-ff836374a189 in 29 milliseconds
2023-02-28 04:34:20,161 [OMDoubleBufferFlushThread] INFO  db.RDBCheckpointManager (RDBCheckpointManager.java:waitForCheckpointDirectoryExist(125)) - Waited for 0 milliseconds for checkpoint directory /home/runner/work/ozone/ozone/hadoop-ozone/integration-test/target/test-dir/MiniOzoneClusterImpl-0c3862ae-9f43-41f5-9e7d-509225cf1f3d/omNode-3/db.snapshots/om.db-3db41d11-99ad-45b3-9db2-ff836374a189 availability.
2023-02-28 04:34:20,161 [OMDoubleBufferFlushThread] INFO  om.OmSnapshotManager (OmSnapshotManager.java:createOmSnapshotCheckpoint(163)) - Created checkpoint : /home/runner/work/ozone/ozone/hadoop-ozone/integration-test/target/test-dir/MiniOzoneClusterImpl-0c3862ae-9f43-41f5-9e7d-509225cf1f3d/omNode-3/db.snapshots/om.db-3db41d11-99ad-45b3-9db2-ff836374a189 for snapshot f9665f2b-ad09-4013-8b0b-8ec77bac0c39
2023-02-28 04:34:20,164 [OMDoubleBufferFlushThread] INFO  db.RDBCheckpointManager (RDBCheckpointManager.java:createCheckpoint(96)) - Created checkpoint in rocksDB at /home/runner/work/ozone/ozone/hadoop-ozone/integration-test/target/test-dir/MiniOzoneClusterImpl-0c3862ae-9f43-41f5-9e7d-509225cf1f3d/omNode-2/db.snapshots/om.db-3db41d11-99ad-45b3-9db2-ff836374a189 in 29 milliseconds
2023-02-28 04:34:20,164 [OMDoubleBufferFlushThread] INFO  db.RDBCheckpointManager (RDBCheckpointManager.java:waitForCheckpointDirectoryExist(125)) - Waited for 0 milliseconds for checkpoint directory /home/runner/work/ozone/ozone/hadoop-ozone/integration-test/target/test-dir/MiniOzoneClusterImpl-0c3862ae-9f43-41f5-9e7d-509225cf1f3d/omNode-2/db.snapshots/om.db-3db41d11-99ad-45b3-9db2-ff836374a189 availability.
2023-02-28 04:34:20,164 [OMDoubleBufferFlushThread] INFO  om.OmSnapshotManager (OmSnapshotManager.java:createOmSnapshotCheckpoint(163)) - Created checkpoint : /home/runner/work/ozone/ozone/hadoop-ozone/integration-test/target/test-dir/MiniOzoneClusterImpl-0c3862ae-9f43-41f5-9e7d-509225cf1f3d/omNode-2/db.snapshots/om.db-3db41d11-99ad-45b3-9db2-ff836374a189 for snapshot f9665f2b-ad09-4013-8b0b-8ec77bac0c39
2023-02-28 04:34:20,507 [EndpointStateMachine task thread for /0.0.0.0:32873 - 0 ] INFO  ipc.Client (Client.java:handleConnectionFailure(1010)) - Retrying connect to server: 0.0.0.0/0.0.0.0:32873. Already tried 7 time(s); retry policy is RetryUpToMaximumCountWithFixedSleep(maxRetries=15, sleepTime=1000 MILLISECONDS)
]]></system-out>
  </testcase>
  <testcase name="testSnapDiffNonExistentUrl" classname="TestOmSnapshot" time="2.101">
    <system-out><![CDATA[2023-02-28 04:32:35,028 [Time-limited test] INFO  rpc.RpcClient (RpcClient.java:createVolume(476)) - Creating Volume: vol-05803, with runner as owner and space quota set to -1 bytes, counts quota set to -1
2023-02-28 04:32:35,035 [OM StateMachine ApplyTransaction Thread - 0] INFO  volume.OMVolumeCreateRequest (OMVolumeCreateRequest.java:validateAndUpdateCache(195)) - created volume:vol-05803 for user:runner
2023-02-28 04:32:35,038 [OM StateMachine ApplyTransaction Thread - 0] INFO  volume.OMVolumeCreateRequest (OMVolumeCreateRequest.java:validateAndUpdateCache(195)) - created volume:vol-05803 for user:runner
2023-02-28 04:32:35,039 [OM StateMachine ApplyTransaction Thread - 0] INFO  volume.OMVolumeCreateRequest (OMVolumeCreateRequest.java:validateAndUpdateCache(195)) - created volume:vol-05803 for user:runner
2023-02-28 04:32:35,043 [Time-limited test] INFO  rpc.RpcClient (RpcClient.java:createBucket(698)) - Creating Bucket: vol-05803/buck-12796, with server-side default bucket layout, runner as owner, Versioning false, Storage Type set to DISK and Encryption set to false, Replication Type set to server-side default replication type, Namespace Quota set to -1, Space Quota set to -1 
2023-02-28 04:32:35,049 [OMDoubleBufferFlushThread] INFO  db.RDBCheckpointManager (RDBCheckpointManager.java:createCheckpoint(96)) - Created checkpoint in rocksDB at /home/runner/work/ozone/ozone/hadoop-ozone/integration-test/target/test-dir/MiniOzoneClusterImpl-f9e21395-1bcf-40d4-8edb-6f91c23aa5c2/omNode-1/db.snapshots/om.db-01470903-fefc-4393-ab5b-c566577175ce in 28 milliseconds
2023-02-28 04:32:35,051 [OM StateMachine ApplyTransaction Thread - 0] INFO  bucket.OMBucketCreateRequest (OMBucketCreateRequest.java:validateAndUpdateCache(263)) - created bucket: buck-12796 of layout OBJECT_STORE in volume: vol-05803
2023-02-28 04:32:35,054 [OM StateMachine ApplyTransaction Thread - 0] INFO  bucket.OMBucketCreateRequest (OMBucketCreateRequest.java:validateAndUpdateCache(263)) - created bucket: buck-12796 of layout OBJECT_STORE in volume: vol-05803
2023-02-28 04:32:35,055 [OM StateMachine ApplyTransaction Thread - 0] INFO  bucket.OMBucketCreateRequest (OMBucketCreateRequest.java:validateAndUpdateCache(263)) - created bucket: buck-12796 of layout OBJECT_STORE in volume: vol-05803
2023-02-28 04:32:35,059 [OMDoubleBufferFlushThread] INFO  db.RDBCheckpointManager (RDBCheckpointManager.java:waitForCheckpointDirectoryExist(125)) - Waited for 10 milliseconds for checkpoint directory /home/runner/work/ozone/ozone/hadoop-ozone/integration-test/target/test-dir/MiniOzoneClusterImpl-f9e21395-1bcf-40d4-8edb-6f91c23aa5c2/omNode-1/db.snapshots/om.db-01470903-fefc-4393-ab5b-c566577175ce availability.
2023-02-28 04:32:35,060 [OMDoubleBufferFlushThread] INFO  om.OmSnapshotManager (OmSnapshotManager.java:createOmSnapshotCheckpoint(163)) - Created checkpoint : /home/runner/work/ozone/ozone/hadoop-ozone/integration-test/target/test-dir/MiniOzoneClusterImpl-f9e21395-1bcf-40d4-8edb-6f91c23aa5c2/omNode-1/db.snapshots/om.db-01470903-fefc-4393-ab5b-c566577175ce for snapshot f9cf7009-017b-4324-a67b-605f865bdda9
2023-02-28 04:32:35,070 [OMDoubleBufferFlushThread] INFO  db.RDBCheckpointManager (RDBCheckpointManager.java:createCheckpoint(96)) - Created checkpoint in rocksDB at /home/runner/work/ozone/ozone/hadoop-ozone/integration-test/target/test-dir/MiniOzoneClusterImpl-f9e21395-1bcf-40d4-8edb-6f91c23aa5c2/omNode-2/db.snapshots/om.db-01470903-fefc-4393-ab5b-c566577175ce in 46 milliseconds
2023-02-28 04:32:35,078 [OMDoubleBufferFlushThread] INFO  db.RDBCheckpointManager (RDBCheckpointManager.java:waitForCheckpointDirectoryExist(125)) - Waited for 8 milliseconds for checkpoint directory /home/runner/work/ozone/ozone/hadoop-ozone/integration-test/target/test-dir/MiniOzoneClusterImpl-f9e21395-1bcf-40d4-8edb-6f91c23aa5c2/omNode-2/db.snapshots/om.db-01470903-fefc-4393-ab5b-c566577175ce availability.
2023-02-28 04:32:35,078 [OMDoubleBufferFlushThread] INFO  om.OmSnapshotManager (OmSnapshotManager.java:createOmSnapshotCheckpoint(163)) - Created checkpoint : /home/runner/work/ozone/ozone/hadoop-ozone/integration-test/target/test-dir/MiniOzoneClusterImpl-f9e21395-1bcf-40d4-8edb-6f91c23aa5c2/omNode-2/db.snapshots/om.db-01470903-fefc-4393-ab5b-c566577175ce for snapshot f9cf7009-017b-4324-a67b-605f865bdda9
2023-02-28 04:32:35,087 [OMDoubleBufferFlushThread] INFO  db.RDBCheckpointManager (RDBCheckpointManager.java:createCheckpoint(96)) - Created checkpoint in rocksDB at /home/runner/work/ozone/ozone/hadoop-ozone/integration-test/target/test-dir/MiniOzoneClusterImpl-f9e21395-1bcf-40d4-8edb-6f91c23aa5c2/omNode-3/db.snapshots/om.db-01470903-fefc-4393-ab5b-c566577175ce in 63 milliseconds
2023-02-28 04:32:35,088 [OMDoubleBufferFlushThread] INFO  db.RDBCheckpointManager (RDBCheckpointManager.java:waitForCheckpointDirectoryExist(125)) - Waited for 1 milliseconds for checkpoint directory /home/runner/work/ozone/ozone/hadoop-ozone/integration-test/target/test-dir/MiniOzoneClusterImpl-f9e21395-1bcf-40d4-8edb-6f91c23aa5c2/omNode-3/db.snapshots/om.db-01470903-fefc-4393-ab5b-c566577175ce availability.
2023-02-28 04:32:35,088 [OMDoubleBufferFlushThread] INFO  om.OmSnapshotManager (OmSnapshotManager.java:createOmSnapshotCheckpoint(163)) - Created checkpoint : /home/runner/work/ozone/ozone/hadoop-ozone/integration-test/target/test-dir/MiniOzoneClusterImpl-f9e21395-1bcf-40d4-8edb-6f91c23aa5c2/omNode-3/db.snapshots/om.db-01470903-fefc-4393-ab5b-c566577175ce for snapshot f9cf7009-017b-4324-a67b-605f865bdda9
2023-02-28 04:32:35,107 [OM StateMachine ApplyTransaction Thread - 0] INFO  snapshot.OMSnapshotCreateRequest (OMSnapshotCreateRequest.java:validateAndUpdateCache(180)) - Created snapshot 'snap80698' under path 'vol-05803/buck-12796'
2023-02-28 04:32:35,110 [OM StateMachine ApplyTransaction Thread - 0] INFO  snapshot.OMSnapshotCreateRequest (OMSnapshotCreateRequest.java:validateAndUpdateCache(180)) - Created snapshot 'snap80698' under path 'vol-05803/buck-12796'
2023-02-28 04:32:35,110 [OM StateMachine ApplyTransaction Thread - 0] INFO  snapshot.OMSnapshotCreateRequest (OMSnapshotCreateRequest.java:validateAndUpdateCache(180)) - Created snapshot 'snap80698' under path 'vol-05803/buck-12796'
2023-02-28 04:32:35,138 [OMDoubleBufferFlushThread] INFO  db.RDBCheckpointManager (RDBCheckpointManager.java:createCheckpoint(96)) - Created checkpoint in rocksDB at /home/runner/work/ozone/ozone/hadoop-ozone/integration-test/target/test-dir/MiniOzoneClusterImpl-f9e21395-1bcf-40d4-8edb-6f91c23aa5c2/omNode-1/db.snapshots/om.db-122188a6-a708-465b-991a-7fdc755d5908 in 30 milliseconds
2023-02-28 04:32:35,139 [OMDoubleBufferFlushThread] INFO  db.RDBCheckpointManager (RDBCheckpointManager.java:createCheckpoint(96)) - Created checkpoint in rocksDB at /home/runner/work/ozone/ozone/hadoop-ozone/integration-test/target/test-dir/MiniOzoneClusterImpl-f9e21395-1bcf-40d4-8edb-6f91c23aa5c2/omNode-2/db.snapshots/om.db-122188a6-a708-465b-991a-7fdc755d5908 in 28 milliseconds
2023-02-28 04:32:35,139 [OMDoubleBufferFlushThread] INFO  db.RDBCheckpointManager (RDBCheckpointManager.java:waitForCheckpointDirectoryExist(125)) - Waited for 0 milliseconds for checkpoint directory /home/runner/work/ozone/ozone/hadoop-ozone/integration-test/target/test-dir/MiniOzoneClusterImpl-f9e21395-1bcf-40d4-8edb-6f91c23aa5c2/omNode-1/db.snapshots/om.db-122188a6-a708-465b-991a-7fdc755d5908 availability.
2023-02-28 04:32:35,140 [OMDoubleBufferFlushThread] INFO  om.OmSnapshotManager (OmSnapshotManager.java:createOmSnapshotCheckpoint(163)) - Created checkpoint : /home/runner/work/ozone/ozone/hadoop-ozone/integration-test/target/test-dir/MiniOzoneClusterImpl-f9e21395-1bcf-40d4-8edb-6f91c23aa5c2/omNode-1/db.snapshots/om.db-122188a6-a708-465b-991a-7fdc755d5908 for snapshot snap80698
2023-02-28 04:32:35,140 [OMDoubleBufferFlushThread] INFO  db.RDBCheckpointManager (RDBCheckpointManager.java:waitForCheckpointDirectoryExist(125)) - Waited for 1 milliseconds for checkpoint directory /home/runner/work/ozone/ozone/hadoop-ozone/integration-test/target/test-dir/MiniOzoneClusterImpl-f9e21395-1bcf-40d4-8edb-6f91c23aa5c2/omNode-2/db.snapshots/om.db-122188a6-a708-465b-991a-7fdc755d5908 availability.
2023-02-28 04:32:35,140 [OMDoubleBufferFlushThread] INFO  om.OmSnapshotManager (OmSnapshotManager.java:createOmSnapshotCheckpoint(163)) - Created checkpoint : /home/runner/work/ozone/ozone/hadoop-ozone/integration-test/target/test-dir/MiniOzoneClusterImpl-f9e21395-1bcf-40d4-8edb-6f91c23aa5c2/omNode-2/db.snapshots/om.db-122188a6-a708-465b-991a-7fdc755d5908 for snapshot snap80698
2023-02-28 04:32:35,145 [OMDoubleBufferFlushThread] INFO  db.RDBCheckpointManager (RDBCheckpointManager.java:createCheckpoint(96)) - Created checkpoint in rocksDB at /home/runner/work/ozone/ozone/hadoop-ozone/integration-test/target/test-dir/MiniOzoneClusterImpl-f9e21395-1bcf-40d4-8edb-6f91c23aa5c2/omNode-3/db.snapshots/om.db-122188a6-a708-465b-991a-7fdc755d5908 in 33 milliseconds
2023-02-28 04:32:35,145 [OMDoubleBufferFlushThread] INFO  db.RDBCheckpointManager (RDBCheckpointManager.java:waitForCheckpointDirectoryExist(125)) - Waited for 0 milliseconds for checkpoint directory /home/runner/work/ozone/ozone/hadoop-ozone/integration-test/target/test-dir/MiniOzoneClusterImpl-f9e21395-1bcf-40d4-8edb-6f91c23aa5c2/omNode-3/db.snapshots/om.db-122188a6-a708-465b-991a-7fdc755d5908 availability.
2023-02-28 04:32:35,145 [OMDoubleBufferFlushThread] INFO  om.OmSnapshotManager (OmSnapshotManager.java:createOmSnapshotCheckpoint(163)) - Created checkpoint : /home/runner/work/ozone/ozone/hadoop-ozone/integration-test/target/test-dir/MiniOzoneClusterImpl-f9e21395-1bcf-40d4-8edb-6f91c23aa5c2/omNode-3/db.snapshots/om.db-122188a6-a708-465b-991a-7fdc755d5908 for snapshot snap80698
2023-02-28 04:32:36,118 [OM StateMachine ApplyTransaction Thread - 0] INFO  snapshot.OMSnapshotCreateRequest (OMSnapshotCreateRequest.java:validateAndUpdateCache(180)) - Created snapshot 'snap79907' under path 'vol-05803/buck-12796'
2023-02-28 04:32:36,120 [OM StateMachine ApplyTransaction Thread - 0] INFO  snapshot.OMSnapshotCreateRequest (OMSnapshotCreateRequest.java:validateAndUpdateCache(180)) - Created snapshot 'snap79907' under path 'vol-05803/buck-12796'
2023-02-28 04:32:36,121 [OM StateMachine ApplyTransaction Thread - 0] INFO  snapshot.OMSnapshotCreateRequest (OMSnapshotCreateRequest.java:validateAndUpdateCache(180)) - Created snapshot 'snap79907' under path 'vol-05803/buck-12796'
2023-02-28 04:32:36,132 [OMDoubleBufferFlushThread] INFO  db.RDBCheckpointManager (RDBCheckpointManager.java:createCheckpoint(96)) - Created checkpoint in rocksDB at /home/runner/work/ozone/ozone/hadoop-ozone/integration-test/target/test-dir/MiniOzoneClusterImpl-f9e21395-1bcf-40d4-8edb-6f91c23aa5c2/omNode-1/db.snapshots/om.db-fde5454b-d993-4730-b9ba-0bf4fa2f6c20 in 12 milliseconds
2023-02-28 04:32:36,133 [OMDoubleBufferFlushThread] INFO  db.RDBCheckpointManager (RDBCheckpointManager.java:waitForCheckpointDirectoryExist(125)) - Waited for 1 milliseconds for checkpoint directory /home/runner/work/ozone/ozone/hadoop-ozone/integration-test/target/test-dir/MiniOzoneClusterImpl-f9e21395-1bcf-40d4-8edb-6f91c23aa5c2/omNode-1/db.snapshots/om.db-fde5454b-d993-4730-b9ba-0bf4fa2f6c20 availability.
2023-02-28 04:32:36,133 [OMDoubleBufferFlushThread] INFO  om.OmSnapshotManager (OmSnapshotManager.java:createOmSnapshotCheckpoint(163)) - Created checkpoint : /home/runner/work/ozone/ozone/hadoop-ozone/integration-test/target/test-dir/MiniOzoneClusterImpl-f9e21395-1bcf-40d4-8edb-6f91c23aa5c2/omNode-1/db.snapshots/om.db-fde5454b-d993-4730-b9ba-0bf4fa2f6c20 for snapshot snap79907
2023-02-28 04:32:36,135 [OMDoubleBufferFlushThread] INFO  db.RDBCheckpointManager (RDBCheckpointManager.java:createCheckpoint(96)) - Created checkpoint in rocksDB at /home/runner/work/ozone/ozone/hadoop-ozone/integration-test/target/test-dir/MiniOzoneClusterImpl-f9e21395-1bcf-40d4-8edb-6f91c23aa5c2/omNode-3/db.snapshots/om.db-fde5454b-d993-4730-b9ba-0bf4fa2f6c20 in 13 milliseconds
2023-02-28 04:32:36,136 [OMDoubleBufferFlushThread] INFO  db.RDBCheckpointManager (RDBCheckpointManager.java:waitForCheckpointDirectoryExist(125)) - Waited for 1 milliseconds for checkpoint directory /home/runner/work/ozone/ozone/hadoop-ozone/integration-test/target/test-dir/MiniOzoneClusterImpl-f9e21395-1bcf-40d4-8edb-6f91c23aa5c2/omNode-3/db.snapshots/om.db-fde5454b-d993-4730-b9ba-0bf4fa2f6c20 availability.
2023-02-28 04:32:36,136 [OMDoubleBufferFlushThread] INFO  om.OmSnapshotManager (OmSnapshotManager.java:createOmSnapshotCheckpoint(163)) - Created checkpoint : /home/runner/work/ozone/ozone/hadoop-ozone/integration-test/target/test-dir/MiniOzoneClusterImpl-f9e21395-1bcf-40d4-8edb-6f91c23aa5c2/omNode-3/db.snapshots/om.db-fde5454b-d993-4730-b9ba-0bf4fa2f6c20 for snapshot snap79907
2023-02-28 04:32:36,137 [OMDoubleBufferFlushThread] INFO  db.RDBCheckpointManager (RDBCheckpointManager.java:createCheckpoint(96)) - Created checkpoint in rocksDB at /home/runner/work/ozone/ozone/hadoop-ozone/integration-test/target/test-dir/MiniOzoneClusterImpl-f9e21395-1bcf-40d4-8edb-6f91c23aa5c2/omNode-2/db.snapshots/om.db-fde5454b-d993-4730-b9ba-0bf4fa2f6c20 in 15 milliseconds
2023-02-28 04:32:36,137 [OMDoubleBufferFlushThread] INFO  db.RDBCheckpointManager (RDBCheckpointManager.java:waitForCheckpointDirectoryExist(125)) - Waited for 0 milliseconds for checkpoint directory /home/runner/work/ozone/ozone/hadoop-ozone/integration-test/target/test-dir/MiniOzoneClusterImpl-f9e21395-1bcf-40d4-8edb-6f91c23aa5c2/omNode-2/db.snapshots/om.db-fde5454b-d993-4730-b9ba-0bf4fa2f6c20 availability.
2023-02-28 04:32:36,137 [OMDoubleBufferFlushThread] INFO  om.OmSnapshotManager (OmSnapshotManager.java:createOmSnapshotCheckpoint(163)) - Created checkpoint : /home/runner/work/ozone/ozone/hadoop-ozone/integration-test/target/test-dir/MiniOzoneClusterImpl-f9e21395-1bcf-40d4-8edb-6f91c23aa5c2/omNode-2/db.snapshots/om.db-fde5454b-d993-4730-b9ba-0bf4fa2f6c20 for snapshot snap79907
]]></system-out>
  </testcase>
  <testcase name="testSnapDiffNonExistentUrl" classname="TestOmSnapshot" time="2.053">
    <system-out><![CDATA[2023-02-28 04:33:30,795 [Time-limited test] INFO  rpc.RpcClient (RpcClient.java:createVolume(476)) - Creating Volume: vol-25284, with runner as owner and space quota set to -1 bytes, counts quota set to -1
2023-02-28 04:33:30,798 [OM StateMachine ApplyTransaction Thread - 0] INFO  volume.OMVolumeCreateRequest (OMVolumeCreateRequest.java:validateAndUpdateCache(195)) - created volume:vol-25284 for user:runner
2023-02-28 04:33:30,799 [OM StateMachine ApplyTransaction Thread - 0] INFO  volume.OMVolumeCreateRequest (OMVolumeCreateRequest.java:validateAndUpdateCache(195)) - created volume:vol-25284 for user:runner
2023-02-28 04:33:30,800 [OM StateMachine ApplyTransaction Thread - 0] INFO  volume.OMVolumeCreateRequest (OMVolumeCreateRequest.java:validateAndUpdateCache(195)) - created volume:vol-25284 for user:runner
2023-02-28 04:33:30,801 [Time-limited test] INFO  rpc.RpcClient (RpcClient.java:createBucket(698)) - Creating Bucket: vol-25284/buck-68501, with server-side default bucket layout, runner as owner, Versioning false, Storage Type set to DISK and Encryption set to false, Replication Type set to server-side default replication type, Namespace Quota set to -1, Space Quota set to -1 
2023-02-28 04:33:30,803 [OM StateMachine ApplyTransaction Thread - 0] INFO  bucket.OMBucketCreateRequest (OMBucketCreateRequest.java:validateAndUpdateCache(263)) - created bucket: buck-68501 of layout FILE_SYSTEM_OPTIMIZED in volume: vol-25284
2023-02-28 04:33:30,805 [OM StateMachine ApplyTransaction Thread - 0] INFO  bucket.OMBucketCreateRequest (OMBucketCreateRequest.java:validateAndUpdateCache(263)) - created bucket: buck-68501 of layout FILE_SYSTEM_OPTIMIZED in volume: vol-25284
2023-02-28 04:33:30,806 [OM StateMachine ApplyTransaction Thread - 0] INFO  bucket.OMBucketCreateRequest (OMBucketCreateRequest.java:validateAndUpdateCache(263)) - created bucket: buck-68501 of layout FILE_SYSTEM_OPTIMIZED in volume: vol-25284
2023-02-28 04:33:30,836 [OM StateMachine ApplyTransaction Thread - 0] INFO  snapshot.OMSnapshotCreateRequest (OMSnapshotCreateRequest.java:validateAndUpdateCache(180)) - Created snapshot 'snap88376' under path 'vol-25284/buck-68501'
2023-02-28 04:33:30,837 [OM StateMachine ApplyTransaction Thread - 0] INFO  snapshot.OMSnapshotCreateRequest (OMSnapshotCreateRequest.java:validateAndUpdateCache(180)) - Created snapshot 'snap88376' under path 'vol-25284/buck-68501'
2023-02-28 04:33:30,837 [OM StateMachine ApplyTransaction Thread - 0] INFO  snapshot.OMSnapshotCreateRequest (OMSnapshotCreateRequest.java:validateAndUpdateCache(180)) - Created snapshot 'snap88376' under path 'vol-25284/buck-68501'
2023-02-28 04:33:31,202 [JvmPauseMonitor10] WARN  util.JvmPauseMonitor (JvmPauseMonitor.java:detectPause(126)) - JvmPauseMonitor-78ee39fe-738f-4360-8617-136cda5f4ce0: Detected pause in JVM or host machine (eg GC): pause of approximately 105448805ns.
GC pool 'PS MarkSweep' had collection(s): count=1 time=285ms
GC pool 'PS Scavenge' had collection(s): count=1 time=71ms
2023-02-28 04:33:31,203 [JvmPauseMonitor11] WARN  util.JvmPauseMonitor (JvmPauseMonitor.java:detectPause(126)) - JvmPauseMonitor-63ce3e96-5e66-48af-ac7f-186cbfb55a60: Detected pause in JVM or host machine (eg GC): pause of approximately 231853547ns.
GC pool 'PS MarkSweep' had collection(s): count=1 time=285ms
GC pool 'PS Scavenge' had collection(s): count=1 time=71ms
2023-02-28 04:33:31,203 [Finalizer] WARN  managed.ManagedRocksObjectUtils (ManagedRocksObjectUtils.java:assertClosed(54)) - ManagedColumnFamilyOptions is not closed properly
2023-02-28 04:33:31,203 [Finalizer] WARN  managed.ManagedRocksObjectUtils (ManagedRocksObjectUtils.java:assertClosed(54)) - ManagedColumnFamilyOptions is not closed properly
2023-02-28 04:33:31,203 [Finalizer] WARN  managed.ManagedRocksObjectUtils (ManagedRocksObjectUtils.java:assertClosed(54)) - ManagedColumnFamilyOptions is not closed properly
2023-02-28 04:33:31,203 [Finalizer] WARN  managed.ManagedRocksObjectUtils (ManagedRocksObjectUtils.java:assertClosed(54)) - ManagedColumnFamilyOptions is not closed properly
2023-02-28 04:33:31,203 [Finalizer] WARN  managed.ManagedRocksObjectUtils (ManagedRocksObjectUtils.java:assertClosed(54)) - ManagedColumnFamilyOptions is not closed properly
2023-02-28 04:33:31,203 [Finalizer] WARN  managed.ManagedRocksObjectUtils (ManagedRocksObjectUtils.java:assertClosed(54)) - ManagedColumnFamilyOptions is not closed properly
2023-02-28 04:33:31,203 [Finalizer] WARN  managed.ManagedRocksObjectUtils (ManagedRocksObjectUtils.java:assertClosed(54)) - ManagedColumnFamilyOptions is not closed properly
2023-02-28 04:33:31,203 [Finalizer] WARN  managed.ManagedRocksObjectUtils (ManagedRocksObjectUtils.java:assertClosed(54)) - ManagedColumnFamilyOptions is not closed properly
2023-02-28 04:33:31,203 [Finalizer] WARN  managed.ManagedRocksObjectUtils (ManagedRocksObjectUtils.java:assertClosed(54)) - RocksIterator is not closed properly
2023-02-28 04:33:31,203 [Finalizer] WARN  managed.ManagedRocksObjectUtils (ManagedRocksObjectUtils.java:assertClosed(54)) - RocksIterator is not closed properly
2023-02-28 04:33:31,203 [Finalizer] WARN  managed.ManagedRocksObjectUtils (ManagedRocksObjectUtils.java:assertClosed(54)) - RocksIterator is not closed properly
2023-02-28 04:33:31,203 [Finalizer] WARN  managed.ManagedRocksObjectUtils (ManagedRocksObjectUtils.java:assertClosed(54)) - RocksIterator is not closed properly
2023-02-28 04:33:31,203 [Finalizer] WARN  managed.ManagedRocksObjectUtils (ManagedRocksObjectUtils.java:assertClosed(54)) - RocksIterator is not closed properly
2023-02-28 04:33:31,203 [Finalizer] WARN  managed.ManagedRocksObjectUtils (ManagedRocksObjectUtils.java:assertClosed(54)) - RocksIterator is not closed properly
2023-02-28 04:33:31,247 [OMDoubleBufferFlushThread] INFO  db.RDBCheckpointManager (RDBCheckpointManager.java:createCheckpoint(96)) - Created checkpoint in rocksDB at /home/runner/work/ozone/ozone/hadoop-ozone/integration-test/target/test-dir/MiniOzoneClusterImpl-2052965b-440d-4b09-b4b3-db311f243d80/omNode-1/db.snapshots/om.db-c22a4a11-c244-45c5-b3c7-344f7796b65e in 410 milliseconds
2023-02-28 04:33:31,252 [OMDoubleBufferFlushThread] INFO  db.RDBCheckpointManager (RDBCheckpointManager.java:waitForCheckpointDirectoryExist(125)) - Waited for 5 milliseconds for checkpoint directory /home/runner/work/ozone/ozone/hadoop-ozone/integration-test/target/test-dir/MiniOzoneClusterImpl-2052965b-440d-4b09-b4b3-db311f243d80/omNode-1/db.snapshots/om.db-c22a4a11-c244-45c5-b3c7-344f7796b65e availability.
2023-02-28 04:33:31,252 [OMDoubleBufferFlushThread] INFO  om.OmSnapshotManager (OmSnapshotManager.java:createOmSnapshotCheckpoint(163)) - Created checkpoint : /home/runner/work/ozone/ozone/hadoop-ozone/integration-test/target/test-dir/MiniOzoneClusterImpl-2052965b-440d-4b09-b4b3-db311f243d80/omNode-1/db.snapshots/om.db-c22a4a11-c244-45c5-b3c7-344f7796b65e for snapshot snap88376
2023-02-28 04:33:31,255 [OMDoubleBufferFlushThread] INFO  db.RDBCheckpointManager (RDBCheckpointManager.java:createCheckpoint(96)) - Created checkpoint in rocksDB at /home/runner/work/ozone/ozone/hadoop-ozone/integration-test/target/test-dir/MiniOzoneClusterImpl-2052965b-440d-4b09-b4b3-db311f243d80/omNode-3/db.snapshots/om.db-c22a4a11-c244-45c5-b3c7-344f7796b65e in 416 milliseconds
2023-02-28 04:33:31,256 [OMDoubleBufferFlushThread] INFO  db.RDBCheckpointManager (RDBCheckpointManager.java:createCheckpoint(96)) - Created checkpoint in rocksDB at /home/runner/work/ozone/ozone/hadoop-ozone/integration-test/target/test-dir/MiniOzoneClusterImpl-2052965b-440d-4b09-b4b3-db311f243d80/omNode-2/db.snapshots/om.db-c22a4a11-c244-45c5-b3c7-344f7796b65e in 418 milliseconds
2023-02-28 04:33:31,263 [OMDoubleBufferFlushThread] INFO  db.RDBCheckpointManager (RDBCheckpointManager.java:waitForCheckpointDirectoryExist(125)) - Waited for 8 milliseconds for checkpoint directory /home/runner/work/ozone/ozone/hadoop-ozone/integration-test/target/test-dir/MiniOzoneClusterImpl-2052965b-440d-4b09-b4b3-db311f243d80/omNode-3/db.snapshots/om.db-c22a4a11-c244-45c5-b3c7-344f7796b65e availability.
2023-02-28 04:33:31,263 [OMDoubleBufferFlushThread] INFO  om.OmSnapshotManager (OmSnapshotManager.java:createOmSnapshotCheckpoint(163)) - Created checkpoint : /home/runner/work/ozone/ozone/hadoop-ozone/integration-test/target/test-dir/MiniOzoneClusterImpl-2052965b-440d-4b09-b4b3-db311f243d80/omNode-3/db.snapshots/om.db-c22a4a11-c244-45c5-b3c7-344f7796b65e for snapshot snap88376
2023-02-28 04:33:31,264 [OMDoubleBufferFlushThread] INFO  db.RDBCheckpointManager (RDBCheckpointManager.java:waitForCheckpointDirectoryExist(125)) - Waited for 8 milliseconds for checkpoint directory /home/runner/work/ozone/ozone/hadoop-ozone/integration-test/target/test-dir/MiniOzoneClusterImpl-2052965b-440d-4b09-b4b3-db311f243d80/omNode-2/db.snapshots/om.db-c22a4a11-c244-45c5-b3c7-344f7796b65e availability.
2023-02-28 04:33:31,264 [OMDoubleBufferFlushThread] INFO  om.OmSnapshotManager (OmSnapshotManager.java:createOmSnapshotCheckpoint(163)) - Created checkpoint : /home/runner/work/ozone/ozone/hadoop-ozone/integration-test/target/test-dir/MiniOzoneClusterImpl-2052965b-440d-4b09-b4b3-db311f243d80/omNode-2/db.snapshots/om.db-c22a4a11-c244-45c5-b3c7-344f7796b65e for snapshot snap88376
2023-02-28 04:33:31,353 [EndpointStateMachine task thread for /0.0.0.0:41617 - 0 ] INFO  ipc.Client (Client.java:handleConnectionFailure(1010)) - Retrying connect to server: 0.0.0.0/0.0.0.0:41617. Already tried 10 time(s); retry policy is RetryUpToMaximumCountWithFixedSleep(maxRetries=15, sleepTime=1000 MILLISECONDS)
2023-02-28 04:33:31,841 [OM StateMachine ApplyTransaction Thread - 0] INFO  snapshot.OMSnapshotCreateRequest (OMSnapshotCreateRequest.java:validateAndUpdateCache(180)) - Created snapshot 'snap68720' under path 'vol-25284/buck-68501'
2023-02-28 04:33:31,844 [OM StateMachine ApplyTransaction Thread - 0] INFO  snapshot.OMSnapshotCreateRequest (OMSnapshotCreateRequest.java:validateAndUpdateCache(180)) - Created snapshot 'snap68720' under path 'vol-25284/buck-68501'
2023-02-28 04:33:31,845 [OM StateMachine ApplyTransaction Thread - 0] INFO  snapshot.OMSnapshotCreateRequest (OMSnapshotCreateRequest.java:validateAndUpdateCache(180)) - Created snapshot 'snap68720' under path 'vol-25284/buck-68501'
2023-02-28 04:33:31,859 [OMDoubleBufferFlushThread] INFO  db.RDBCheckpointManager (RDBCheckpointManager.java:createCheckpoint(96)) - Created checkpoint in rocksDB at /home/runner/work/ozone/ozone/hadoop-ozone/integration-test/target/test-dir/MiniOzoneClusterImpl-2052965b-440d-4b09-b4b3-db311f243d80/omNode-1/db.snapshots/om.db-5aca41c4-0617-483e-85d8-a8c85981fe02 in 17 milliseconds
2023-02-28 04:33:31,861 [OMDoubleBufferFlushThread] INFO  db.RDBCheckpointManager (RDBCheckpointManager.java:waitForCheckpointDirectoryExist(125)) - Waited for 1 milliseconds for checkpoint directory /home/runner/work/ozone/ozone/hadoop-ozone/integration-test/target/test-dir/MiniOzoneClusterImpl-2052965b-440d-4b09-b4b3-db311f243d80/omNode-1/db.snapshots/om.db-5aca41c4-0617-483e-85d8-a8c85981fe02 availability.
2023-02-28 04:33:31,861 [OMDoubleBufferFlushThread] INFO  om.OmSnapshotManager (OmSnapshotManager.java:createOmSnapshotCheckpoint(163)) - Created checkpoint : /home/runner/work/ozone/ozone/hadoop-ozone/integration-test/target/test-dir/MiniOzoneClusterImpl-2052965b-440d-4b09-b4b3-db311f243d80/omNode-1/db.snapshots/om.db-5aca41c4-0617-483e-85d8-a8c85981fe02 for snapshot snap68720
2023-02-28 04:33:31,862 [OMDoubleBufferFlushThread] INFO  db.RDBCheckpointManager (RDBCheckpointManager.java:createCheckpoint(96)) - Created checkpoint in rocksDB at /home/runner/work/ozone/ozone/hadoop-ozone/integration-test/target/test-dir/MiniOzoneClusterImpl-2052965b-440d-4b09-b4b3-db311f243d80/omNode-2/db.snapshots/om.db-5aca41c4-0617-483e-85d8-a8c85981fe02 in 16 milliseconds
2023-02-28 04:33:31,866 [OMDoubleBufferFlushThread] INFO  db.RDBCheckpointManager (RDBCheckpointManager.java:waitForCheckpointDirectoryExist(125)) - Waited for 4 milliseconds for checkpoint directory /home/runner/work/ozone/ozone/hadoop-ozone/integration-test/target/test-dir/MiniOzoneClusterImpl-2052965b-440d-4b09-b4b3-db311f243d80/omNode-2/db.snapshots/om.db-5aca41c4-0617-483e-85d8-a8c85981fe02 availability.
2023-02-28 04:33:31,866 [OMDoubleBufferFlushThread] INFO  om.OmSnapshotManager (OmSnapshotManager.java:createOmSnapshotCheckpoint(163)) - Created checkpoint : /home/runner/work/ozone/ozone/hadoop-ozone/integration-test/target/test-dir/MiniOzoneClusterImpl-2052965b-440d-4b09-b4b3-db311f243d80/omNode-2/db.snapshots/om.db-5aca41c4-0617-483e-85d8-a8c85981fe02 for snapshot snap68720
2023-02-28 04:33:31,869 [OMDoubleBufferFlushThread] INFO  db.RDBCheckpointManager (RDBCheckpointManager.java:createCheckpoint(96)) - Created checkpoint in rocksDB at /home/runner/work/ozone/ozone/hadoop-ozone/integration-test/target/test-dir/MiniOzoneClusterImpl-2052965b-440d-4b09-b4b3-db311f243d80/omNode-3/db.snapshots/om.db-5aca41c4-0617-483e-85d8-a8c85981fe02 in 23 milliseconds
2023-02-28 04:33:31,870 [OMDoubleBufferFlushThread] INFO  db.RDBCheckpointManager (RDBCheckpointManager.java:waitForCheckpointDirectoryExist(125)) - Waited for 1 milliseconds for checkpoint directory /home/runner/work/ozone/ozone/hadoop-ozone/integration-test/target/test-dir/MiniOzoneClusterImpl-2052965b-440d-4b09-b4b3-db311f243d80/omNode-3/db.snapshots/om.db-5aca41c4-0617-483e-85d8-a8c85981fe02 availability.
2023-02-28 04:33:31,870 [OMDoubleBufferFlushThread] INFO  om.OmSnapshotManager (OmSnapshotManager.java:createOmSnapshotCheckpoint(163)) - Created checkpoint : /home/runner/work/ozone/ozone/hadoop-ozone/integration-test/target/test-dir/MiniOzoneClusterImpl-2052965b-440d-4b09-b4b3-db311f243d80/omNode-3/db.snapshots/om.db-5aca41c4-0617-483e-85d8-a8c85981fe02 for snapshot snap68720
2023-02-28 04:33:32,354 [EndpointStateMachine task thread for /0.0.0.0:41617 - 0 ] INFO  ipc.Client (Client.java:handleConnectionFailure(1010)) - Retrying connect to server: 0.0.0.0/0.0.0.0:41617. Already tried 11 time(s); retry policy is RetryUpToMaximumCountWithFixedSleep(maxRetries=15, sleepTime=1000 MILLISECONDS)
]]></system-out>
  </testcase>
  <testcase name="testSnapDiffNonExistentUrl" classname="TestOmSnapshot" time="2.037">
    <system-out><![CDATA[2023-02-28 04:34:21,133 [Time-limited test] INFO  rpc.RpcClient (RpcClient.java:createVolume(476)) - Creating Volume: vol-80387, with runner as owner and space quota set to -1 bytes, counts quota set to -1
2023-02-28 04:34:21,136 [OM StateMachine ApplyTransaction Thread - 0] INFO  volume.OMVolumeCreateRequest (OMVolumeCreateRequest.java:validateAndUpdateCache(195)) - created volume:vol-80387 for user:runner
2023-02-28 04:34:21,138 [OM StateMachine ApplyTransaction Thread - 0] INFO  volume.OMVolumeCreateRequest (OMVolumeCreateRequest.java:validateAndUpdateCache(195)) - created volume:vol-80387 for user:runner
2023-02-28 04:34:21,139 [Time-limited test] INFO  rpc.RpcClient (RpcClient.java:createBucket(698)) - Creating Bucket: vol-80387/buck-59806, with server-side default bucket layout, runner as owner, Versioning false, Storage Type set to DISK and Encryption set to false, Replication Type set to server-side default replication type, Namespace Quota set to -1, Space Quota set to -1 
2023-02-28 04:34:21,139 [OM StateMachine ApplyTransaction Thread - 0] INFO  volume.OMVolumeCreateRequest (OMVolumeCreateRequest.java:validateAndUpdateCache(195)) - created volume:vol-80387 for user:runner
2023-02-28 04:34:21,141 [OM StateMachine ApplyTransaction Thread - 0] INFO  bucket.OMBucketCreateRequest (OMBucketCreateRequest.java:validateAndUpdateCache(263)) - created bucket: buck-59806 of layout LEGACY in volume: vol-80387
2023-02-28 04:34:21,142 [OM StateMachine ApplyTransaction Thread - 0] INFO  bucket.OMBucketCreateRequest (OMBucketCreateRequest.java:validateAndUpdateCache(263)) - created bucket: buck-59806 of layout LEGACY in volume: vol-80387
2023-02-28 04:34:21,143 [OM StateMachine ApplyTransaction Thread - 0] INFO  bucket.OMBucketCreateRequest (OMBucketCreateRequest.java:validateAndUpdateCache(263)) - created bucket: buck-59806 of layout LEGACY in volume: vol-80387
2023-02-28 04:34:21,164 [OM StateMachine ApplyTransaction Thread - 0] INFO  snapshot.OMSnapshotCreateRequest (OMSnapshotCreateRequest.java:validateAndUpdateCache(180)) - Created snapshot 'snap01734' under path 'vol-80387/buck-59806'
2023-02-28 04:34:21,164 [OM StateMachine ApplyTransaction Thread - 0] INFO  snapshot.OMSnapshotCreateRequest (OMSnapshotCreateRequest.java:validateAndUpdateCache(180)) - Created snapshot 'snap01734' under path 'vol-80387/buck-59806'
2023-02-28 04:34:21,165 [OM StateMachine ApplyTransaction Thread - 0] INFO  snapshot.OMSnapshotCreateRequest (OMSnapshotCreateRequest.java:validateAndUpdateCache(180)) - Created snapshot 'snap01734' under path 'vol-80387/buck-59806'
2023-02-28 04:34:21,198 [OMDoubleBufferFlushThread] INFO  db.RDBCheckpointManager (RDBCheckpointManager.java:createCheckpoint(96)) - Created checkpoint in rocksDB at /home/runner/work/ozone/ozone/hadoop-ozone/integration-test/target/test-dir/MiniOzoneClusterImpl-0c3862ae-9f43-41f5-9e7d-509225cf1f3d/omNode-3/db.snapshots/om.db-8a0ad564-0afc-444d-817d-c8c0778ff328 in 33 milliseconds
2023-02-28 04:34:21,198 [OMDoubleBufferFlushThread] INFO  db.RDBCheckpointManager (RDBCheckpointManager.java:createCheckpoint(96)) - Created checkpoint in rocksDB at /home/runner/work/ozone/ozone/hadoop-ozone/integration-test/target/test-dir/MiniOzoneClusterImpl-0c3862ae-9f43-41f5-9e7d-509225cf1f3d/omNode-2/db.snapshots/om.db-8a0ad564-0afc-444d-817d-c8c0778ff328 in 31 milliseconds
2023-02-28 04:34:21,199 [OMDoubleBufferFlushThread] INFO  db.RDBCheckpointManager (RDBCheckpointManager.java:waitForCheckpointDirectoryExist(125)) - Waited for 1 milliseconds for checkpoint directory /home/runner/work/ozone/ozone/hadoop-ozone/integration-test/target/test-dir/MiniOzoneClusterImpl-0c3862ae-9f43-41f5-9e7d-509225cf1f3d/omNode-3/db.snapshots/om.db-8a0ad564-0afc-444d-817d-c8c0778ff328 availability.
2023-02-28 04:34:21,199 [OMDoubleBufferFlushThread] INFO  om.OmSnapshotManager (OmSnapshotManager.java:createOmSnapshotCheckpoint(163)) - Created checkpoint : /home/runner/work/ozone/ozone/hadoop-ozone/integration-test/target/test-dir/MiniOzoneClusterImpl-0c3862ae-9f43-41f5-9e7d-509225cf1f3d/omNode-3/db.snapshots/om.db-8a0ad564-0afc-444d-817d-c8c0778ff328 for snapshot snap01734
2023-02-28 04:34:21,199 [OMDoubleBufferFlushThread] INFO  db.RDBCheckpointManager (RDBCheckpointManager.java:waitForCheckpointDirectoryExist(125)) - Waited for 0 milliseconds for checkpoint directory /home/runner/work/ozone/ozone/hadoop-ozone/integration-test/target/test-dir/MiniOzoneClusterImpl-0c3862ae-9f43-41f5-9e7d-509225cf1f3d/omNode-2/db.snapshots/om.db-8a0ad564-0afc-444d-817d-c8c0778ff328 availability.
2023-02-28 04:34:21,200 [OMDoubleBufferFlushThread] INFO  om.OmSnapshotManager (OmSnapshotManager.java:createOmSnapshotCheckpoint(163)) - Created checkpoint : /home/runner/work/ozone/ozone/hadoop-ozone/integration-test/target/test-dir/MiniOzoneClusterImpl-0c3862ae-9f43-41f5-9e7d-509225cf1f3d/omNode-2/db.snapshots/om.db-8a0ad564-0afc-444d-817d-c8c0778ff328 for snapshot snap01734
2023-02-28 04:34:21,201 [OMDoubleBufferFlushThread] INFO  db.RDBCheckpointManager (RDBCheckpointManager.java:createCheckpoint(96)) - Created checkpoint in rocksDB at /home/runner/work/ozone/ozone/hadoop-ozone/integration-test/target/test-dir/MiniOzoneClusterImpl-0c3862ae-9f43-41f5-9e7d-509225cf1f3d/omNode-1/db.snapshots/om.db-8a0ad564-0afc-444d-817d-c8c0778ff328 in 35 milliseconds
2023-02-28 04:34:21,201 [OMDoubleBufferFlushThread] INFO  db.RDBCheckpointManager (RDBCheckpointManager.java:waitForCheckpointDirectoryExist(125)) - Waited for 0 milliseconds for checkpoint directory /home/runner/work/ozone/ozone/hadoop-ozone/integration-test/target/test-dir/MiniOzoneClusterImpl-0c3862ae-9f43-41f5-9e7d-509225cf1f3d/omNode-1/db.snapshots/om.db-8a0ad564-0afc-444d-817d-c8c0778ff328 availability.
2023-02-28 04:34:21,201 [OMDoubleBufferFlushThread] INFO  om.OmSnapshotManager (OmSnapshotManager.java:createOmSnapshotCheckpoint(163)) - Created checkpoint : /home/runner/work/ozone/ozone/hadoop-ozone/integration-test/target/test-dir/MiniOzoneClusterImpl-0c3862ae-9f43-41f5-9e7d-509225cf1f3d/omNode-1/db.snapshots/om.db-8a0ad564-0afc-444d-817d-c8c0778ff328 for snapshot snap01734
2023-02-28 04:34:21,507 [EndpointStateMachine task thread for /0.0.0.0:32873 - 0 ] INFO  ipc.Client (Client.java:handleConnectionFailure(1010)) - Retrying connect to server: 0.0.0.0/0.0.0.0:32873. Already tried 8 time(s); retry policy is RetryUpToMaximumCountWithFixedSleep(maxRetries=15, sleepTime=1000 MILLISECONDS)
2023-02-28 04:34:22,166 [OM StateMachine ApplyTransaction Thread - 0] INFO  snapshot.OMSnapshotCreateRequest (OMSnapshotCreateRequest.java:validateAndUpdateCache(180)) - Created snapshot 'snap77031' under path 'vol-80387/buck-59806'
2023-02-28 04:34:22,167 [OM StateMachine ApplyTransaction Thread - 0] INFO  snapshot.OMSnapshotCreateRequest (OMSnapshotCreateRequest.java:validateAndUpdateCache(180)) - Created snapshot 'snap77031' under path 'vol-80387/buck-59806'
2023-02-28 04:34:22,168 [OM StateMachine ApplyTransaction Thread - 0] INFO  snapshot.OMSnapshotCreateRequest (OMSnapshotCreateRequest.java:validateAndUpdateCache(180)) - Created snapshot 'snap77031' under path 'vol-80387/buck-59806'
2023-02-28 04:34:22,178 [OMDoubleBufferFlushThread] INFO  db.RDBCheckpointManager (RDBCheckpointManager.java:createCheckpoint(96)) - Created checkpoint in rocksDB at /home/runner/work/ozone/ozone/hadoop-ozone/integration-test/target/test-dir/MiniOzoneClusterImpl-0c3862ae-9f43-41f5-9e7d-509225cf1f3d/omNode-2/db.snapshots/om.db-0586830b-2840-4905-8467-a3cb38d94e86 in 10 milliseconds
2023-02-28 04:34:22,178 [OMDoubleBufferFlushThread] INFO  db.RDBCheckpointManager (RDBCheckpointManager.java:waitForCheckpointDirectoryExist(125)) - Waited for 0 milliseconds for checkpoint directory /home/runner/work/ozone/ozone/hadoop-ozone/integration-test/target/test-dir/MiniOzoneClusterImpl-0c3862ae-9f43-41f5-9e7d-509225cf1f3d/omNode-2/db.snapshots/om.db-0586830b-2840-4905-8467-a3cb38d94e86 availability.
2023-02-28 04:34:22,178 [OMDoubleBufferFlushThread] INFO  om.OmSnapshotManager (OmSnapshotManager.java:createOmSnapshotCheckpoint(163)) - Created checkpoint : /home/runner/work/ozone/ozone/hadoop-ozone/integration-test/target/test-dir/MiniOzoneClusterImpl-0c3862ae-9f43-41f5-9e7d-509225cf1f3d/omNode-2/db.snapshots/om.db-0586830b-2840-4905-8467-a3cb38d94e86 for snapshot snap77031
2023-02-28 04:34:22,180 [OMDoubleBufferFlushThread] INFO  db.RDBCheckpointManager (RDBCheckpointManager.java:createCheckpoint(96)) - Created checkpoint in rocksDB at /home/runner/work/ozone/ozone/hadoop-ozone/integration-test/target/test-dir/MiniOzoneClusterImpl-0c3862ae-9f43-41f5-9e7d-509225cf1f3d/omNode-1/db.snapshots/om.db-0586830b-2840-4905-8467-a3cb38d94e86 in 12 milliseconds
2023-02-28 04:34:22,180 [OMDoubleBufferFlushThread] INFO  db.RDBCheckpointManager (RDBCheckpointManager.java:waitForCheckpointDirectoryExist(125)) - Waited for 0 milliseconds for checkpoint directory /home/runner/work/ozone/ozone/hadoop-ozone/integration-test/target/test-dir/MiniOzoneClusterImpl-0c3862ae-9f43-41f5-9e7d-509225cf1f3d/omNode-1/db.snapshots/om.db-0586830b-2840-4905-8467-a3cb38d94e86 availability.
2023-02-28 04:34:22,180 [OMDoubleBufferFlushThread] INFO  om.OmSnapshotManager (OmSnapshotManager.java:createOmSnapshotCheckpoint(163)) - Created checkpoint : /home/runner/work/ozone/ozone/hadoop-ozone/integration-test/target/test-dir/MiniOzoneClusterImpl-0c3862ae-9f43-41f5-9e7d-509225cf1f3d/omNode-1/db.snapshots/om.db-0586830b-2840-4905-8467-a3cb38d94e86 for snapshot snap77031
2023-02-28 04:34:22,180 [OMDoubleBufferFlushThread] INFO  db.RDBCheckpointManager (RDBCheckpointManager.java:createCheckpoint(96)) - Created checkpoint in rocksDB at /home/runner/work/ozone/ozone/hadoop-ozone/integration-test/target/test-dir/MiniOzoneClusterImpl-0c3862ae-9f43-41f5-9e7d-509225cf1f3d/omNode-3/db.snapshots/om.db-0586830b-2840-4905-8467-a3cb38d94e86 in 11 milliseconds
2023-02-28 04:34:22,181 [OMDoubleBufferFlushThread] INFO  db.RDBCheckpointManager (RDBCheckpointManager.java:waitForCheckpointDirectoryExist(125)) - Waited for 1 milliseconds for checkpoint directory /home/runner/work/ozone/ozone/hadoop-ozone/integration-test/target/test-dir/MiniOzoneClusterImpl-0c3862ae-9f43-41f5-9e7d-509225cf1f3d/omNode-3/db.snapshots/om.db-0586830b-2840-4905-8467-a3cb38d94e86 availability.
2023-02-28 04:34:22,181 [OMDoubleBufferFlushThread] INFO  om.OmSnapshotManager (OmSnapshotManager.java:createOmSnapshotCheckpoint(163)) - Created checkpoint : /home/runner/work/ozone/ozone/hadoop-ozone/integration-test/target/test-dir/MiniOzoneClusterImpl-0c3862ae-9f43-41f5-9e7d-509225cf1f3d/omNode-3/db.snapshots/om.db-0586830b-2840-4905-8467-a3cb38d94e86 for snapshot snap77031
2023-02-28 04:34:22,509 [EndpointStateMachine task thread for /0.0.0.0:32873 - 0 ] INFO  ipc.Client (Client.java:handleConnectionFailure(1010)) - Retrying connect to server: 0.0.0.0/0.0.0.0:32873. Already tried 9 time(s); retry policy is RetryUpToMaximumCountWithFixedSleep(maxRetries=15, sleepTime=1000 MILLISECONDS)
]]></system-out>
  </testcase>
  <testcase name="testListKey" classname="TestOmSnapshot" time="10.983">
    <system-out><![CDATA[2023-02-28 04:32:37,131 [Time-limited test] INFO  rpc.RpcClient (RpcClient.java:createVolume(476)) - Creating Volume: vol-a-87277, with runner as owner and space quota set to -1 bytes, counts quota set to -1
2023-02-28 04:32:37,137 [OM StateMachine ApplyTransaction Thread - 0] INFO  volume.OMVolumeCreateRequest (OMVolumeCreateRequest.java:validateAndUpdateCache(195)) - created volume:vol-a-87277 for user:runner
2023-02-28 04:32:37,139 [OM StateMachine ApplyTransaction Thread - 0] INFO  volume.OMVolumeCreateRequest (OMVolumeCreateRequest.java:validateAndUpdateCache(195)) - created volume:vol-a-87277 for user:runner
2023-02-28 04:32:37,139 [Time-limited test] INFO  rpc.RpcClient (RpcClient.java:createVolume(476)) - Creating Volume: vol-b-35741, with runner as owner and space quota set to -1 bytes, counts quota set to -1
2023-02-28 04:32:37,143 [OM StateMachine ApplyTransaction Thread - 0] INFO  volume.OMVolumeCreateRequest (OMVolumeCreateRequest.java:validateAndUpdateCache(195)) - created volume:vol-a-87277 for user:runner
2023-02-28 04:32:37,146 [OM StateMachine ApplyTransaction Thread - 0] INFO  volume.OMVolumeCreateRequest (OMVolumeCreateRequest.java:validateAndUpdateCache(195)) - created volume:vol-b-35741 for user:runner
2023-02-28 04:32:37,151 [Time-limited test] INFO  rpc.RpcClient (RpcClient.java:createBucket(698)) - Creating Bucket: vol-a-87277/buc-a-92360, with server-side default bucket layout, runner as owner, Versioning false, Storage Type set to DISK and Encryption set to false, Replication Type set to server-side default replication type, Namespace Quota set to -1, Space Quota set to -1 
2023-02-28 04:32:37,151 [OM StateMachine ApplyTransaction Thread - 0] INFO  volume.OMVolumeCreateRequest (OMVolumeCreateRequest.java:validateAndUpdateCache(195)) - created volume:vol-b-35741 for user:runner
2023-02-28 04:32:37,154 [OM StateMachine ApplyTransaction Thread - 0] INFO  volume.OMVolumeCreateRequest (OMVolumeCreateRequest.java:validateAndUpdateCache(195)) - created volume:vol-b-35741 for user:runner
2023-02-28 04:32:37,157 [OM StateMachine ApplyTransaction Thread - 0] INFO  bucket.OMBucketCreateRequest (OMBucketCreateRequest.java:validateAndUpdateCache(263)) - created bucket: buc-a-92360 of layout OBJECT_STORE in volume: vol-a-87277
2023-02-28 04:32:37,158 [Time-limited test] INFO  rpc.RpcClient (RpcClient.java:createBucket(698)) - Creating Bucket: vol-a-87277/buc-b-45458, with server-side default bucket layout, runner as owner, Versioning false, Storage Type set to DISK and Encryption set to false, Replication Type set to server-side default replication type, Namespace Quota set to -1, Space Quota set to -1 
2023-02-28 04:32:37,160 [OM StateMachine ApplyTransaction Thread - 0] INFO  bucket.OMBucketCreateRequest (OMBucketCreateRequest.java:validateAndUpdateCache(263)) - created bucket: buc-a-92360 of layout OBJECT_STORE in volume: vol-a-87277
2023-02-28 04:32:37,162 [OM StateMachine ApplyTransaction Thread - 0] INFO  bucket.OMBucketCreateRequest (OMBucketCreateRequest.java:validateAndUpdateCache(263)) - created bucket: buc-a-92360 of layout OBJECT_STORE in volume: vol-a-87277
2023-02-28 04:32:37,165 [OM StateMachine ApplyTransaction Thread - 0] INFO  bucket.OMBucketCreateRequest (OMBucketCreateRequest.java:validateAndUpdateCache(263)) - created bucket: buc-b-45458 of layout OBJECT_STORE in volume: vol-a-87277
2023-02-28 04:32:37,166 [Time-limited test] INFO  rpc.RpcClient (RpcClient.java:createBucket(698)) - Creating Bucket: vol-b-35741/buc-a-92360, with server-side default bucket layout, runner as owner, Versioning false, Storage Type set to DISK and Encryption set to false, Replication Type set to server-side default replication type, Namespace Quota set to -1, Space Quota set to -1 
2023-02-28 04:32:37,168 [OM StateMachine ApplyTransaction Thread - 0] INFO  bucket.OMBucketCreateRequest (OMBucketCreateRequest.java:validateAndUpdateCache(263)) - created bucket: buc-b-45458 of layout OBJECT_STORE in volume: vol-a-87277
2023-02-28 04:32:37,170 [OM StateMachine ApplyTransaction Thread - 0] INFO  bucket.OMBucketCreateRequest (OMBucketCreateRequest.java:validateAndUpdateCache(263)) - created bucket: buc-b-45458 of layout OBJECT_STORE in volume: vol-a-87277
2023-02-28 04:32:37,174 [OM StateMachine ApplyTransaction Thread - 0] INFO  bucket.OMBucketCreateRequest (OMBucketCreateRequest.java:validateAndUpdateCache(263)) - created bucket: buc-a-92360 of layout OBJECT_STORE in volume: vol-b-35741
2023-02-28 04:32:37,175 [Time-limited test] INFO  rpc.RpcClient (RpcClient.java:createBucket(698)) - Creating Bucket: vol-b-35741/buc-b-45458, with server-side default bucket layout, runner as owner, Versioning false, Storage Type set to DISK and Encryption set to false, Replication Type set to server-side default replication type, Namespace Quota set to -1, Space Quota set to -1 
2023-02-28 04:32:37,177 [OM StateMachine ApplyTransaction Thread - 0] INFO  bucket.OMBucketCreateRequest (OMBucketCreateRequest.java:validateAndUpdateCache(263)) - created bucket: buc-a-92360 of layout OBJECT_STORE in volume: vol-b-35741
2023-02-28 04:32:37,178 [OM StateMachine ApplyTransaction Thread - 0] INFO  bucket.OMBucketCreateRequest (OMBucketCreateRequest.java:validateAndUpdateCache(263)) - created bucket: buc-a-92360 of layout OBJECT_STORE in volume: vol-b-35741
2023-02-28 04:32:37,181 [OM StateMachine ApplyTransaction Thread - 0] INFO  bucket.OMBucketCreateRequest (OMBucketCreateRequest.java:validateAndUpdateCache(263)) - created bucket: buc-b-45458 of layout OBJECT_STORE in volume: vol-b-35741
2023-02-28 04:32:37,183 [OM StateMachine ApplyTransaction Thread - 0] INFO  bucket.OMBucketCreateRequest (OMBucketCreateRequest.java:validateAndUpdateCache(263)) - created bucket: buc-b-45458 of layout OBJECT_STORE in volume: vol-b-35741
2023-02-28 04:32:37,184 [OM StateMachine ApplyTransaction Thread - 0] INFO  bucket.OMBucketCreateRequest (OMBucketCreateRequest.java:validateAndUpdateCache(263)) - created bucket: buc-b-45458 of layout OBJECT_STORE in volume: vol-b-35741
2023-02-28 04:32:39,134 [Finalizer] WARN  managed.ManagedRocksObjectUtils (ManagedRocksObjectUtils.java:assertClosed(54)) - RocksIterator is not closed properly
2023-02-28 04:32:39,134 [Finalizer] WARN  managed.ManagedRocksObjectUtils (ManagedRocksObjectUtils.java:assertClosed(54)) - RocksIterator is not closed properly
2023-02-28 04:32:39,134 [Finalizer] WARN  managed.ManagedRocksObjectUtils (ManagedRocksObjectUtils.java:assertClosed(54)) - RocksIterator is not closed properly
2023-02-28 04:32:39,134 [Finalizer] WARN  managed.ManagedRocksObjectUtils (ManagedRocksObjectUtils.java:assertClosed(54)) - RocksIterator is not closed properly
2023-02-28 04:32:39,134 [Finalizer] WARN  managed.ManagedRocksObjectUtils (ManagedRocksObjectUtils.java:assertClosed(54)) - RocksIterator is not closed properly
2023-02-28 04:32:39,134 [Finalizer] WARN  managed.ManagedRocksObjectUtils (ManagedRocksObjectUtils.java:assertClosed(54)) - RocksIterator is not closed properly
2023-02-28 04:32:39,134 [Finalizer] WARN  managed.ManagedRocksObjectUtils (ManagedRocksObjectUtils.java:assertClosed(54)) - ManagedColumnFamilyOptions is not closed properly
2023-02-28 04:32:39,134 [Finalizer] WARN  managed.ManagedRocksObjectUtils (ManagedRocksObjectUtils.java:assertClosed(54)) - ManagedColumnFamilyOptions is not closed properly
2023-02-28 04:32:39,134 [Finalizer] WARN  managed.ManagedRocksObjectUtils (ManagedRocksObjectUtils.java:assertClosed(54)) - ManagedColumnFamilyOptions is not closed properly
2023-02-28 04:32:39,134 [Finalizer] WARN  managed.ManagedRocksObjectUtils (ManagedRocksObjectUtils.java:assertClosed(54)) - ManagedColumnFamilyOptions is not closed properly
2023-02-28 04:32:39,134 [Finalizer] WARN  managed.ManagedRocksObjectUtils (ManagedRocksObjectUtils.java:assertClosed(54)) - ManagedColumnFamilyOptions is not closed properly
2023-02-28 04:32:39,134 [Finalizer] WARN  managed.ManagedRocksObjectUtils (ManagedRocksObjectUtils.java:assertClosed(54)) - ManagedColumnFamilyOptions is not closed properly
2023-02-28 04:32:39,134 [Finalizer] WARN  managed.ManagedRocksObjectUtils (ManagedRocksObjectUtils.java:assertClosed(54)) - ManagedColumnFamilyOptions is not closed properly
2023-02-28 04:32:39,134 [Finalizer] WARN  managed.ManagedRocksObjectUtils (ManagedRocksObjectUtils.java:assertClosed(54)) - ManagedColumnFamilyOptions is not closed properly
2023-02-28 04:32:39,992 [Under Replicated Processor] INFO  replication.UnhealthyReplicationProcessor (UnhealthyReplicationProcessor.java:processAll(113)) - Processed 0 containers with health state counts {},failed processing 0
2023-02-28 04:32:40,001 [Over Replicated Processor] INFO  replication.UnhealthyReplicationProcessor (UnhealthyReplicationProcessor.java:processAll(113)) - Processed 0 containers with health state counts {},failed processing 0
2023-02-28 04:32:42,446 [OM StateMachine ApplyTransaction Thread - 0] INFO  snapshot.OMSnapshotCreateRequest (OMSnapshotCreateRequest.java:validateAndUpdateCache(180)) - Created snapshot 'a316eb76-edb4-44cd-8c13-ab6c0f14689c' under path 'vol-a-87277/buc-a-92360'
2023-02-28 04:32:42,447 [OM StateMachine ApplyTransaction Thread - 0] INFO  snapshot.OMSnapshotCreateRequest (OMSnapshotCreateRequest.java:validateAndUpdateCache(180)) - Created snapshot 'a316eb76-edb4-44cd-8c13-ab6c0f14689c' under path 'vol-a-87277/buc-a-92360'
2023-02-28 04:32:42,448 [OM StateMachine ApplyTransaction Thread - 0] INFO  snapshot.OMSnapshotCreateRequest (OMSnapshotCreateRequest.java:validateAndUpdateCache(180)) - Created snapshot 'a316eb76-edb4-44cd-8c13-ab6c0f14689c' under path 'vol-a-87277/buc-a-92360'
2023-02-28 04:32:42,485 [OMDoubleBufferFlushThread] INFO  db.RDBCheckpointManager (RDBCheckpointManager.java:createCheckpoint(96)) - Created checkpoint in rocksDB at /home/runner/work/ozone/ozone/hadoop-ozone/integration-test/target/test-dir/MiniOzoneClusterImpl-f9e21395-1bcf-40d4-8edb-6f91c23aa5c2/omNode-1/db.snapshots/om.db-95dcc633-f43e-419b-b983-65069cccd607 in 37 milliseconds
2023-02-28 04:32:42,486 [OMDoubleBufferFlushThread] INFO  db.RDBCheckpointManager (RDBCheckpointManager.java:createCheckpoint(96)) - Created checkpoint in rocksDB at /home/runner/work/ozone/ozone/hadoop-ozone/integration-test/target/test-dir/MiniOzoneClusterImpl-f9e21395-1bcf-40d4-8edb-6f91c23aa5c2/omNode-2/db.snapshots/om.db-95dcc633-f43e-419b-b983-65069cccd607 in 36 milliseconds
2023-02-28 04:32:42,492 [OMDoubleBufferFlushThread] INFO  db.RDBCheckpointManager (RDBCheckpointManager.java:waitForCheckpointDirectoryExist(125)) - Waited for 7 milliseconds for checkpoint directory /home/runner/work/ozone/ozone/hadoop-ozone/integration-test/target/test-dir/MiniOzoneClusterImpl-f9e21395-1bcf-40d4-8edb-6f91c23aa5c2/omNode-1/db.snapshots/om.db-95dcc633-f43e-419b-b983-65069cccd607 availability.
2023-02-28 04:32:42,493 [OMDoubleBufferFlushThread] INFO  om.OmSnapshotManager (OmSnapshotManager.java:createOmSnapshotCheckpoint(163)) - Created checkpoint : /home/runner/work/ozone/ozone/hadoop-ozone/integration-test/target/test-dir/MiniOzoneClusterImpl-f9e21395-1bcf-40d4-8edb-6f91c23aa5c2/omNode-1/db.snapshots/om.db-95dcc633-f43e-419b-b983-65069cccd607 for snapshot a316eb76-edb4-44cd-8c13-ab6c0f14689c
2023-02-28 04:32:42,494 [OMDoubleBufferFlushThread] INFO  db.RDBCheckpointManager (RDBCheckpointManager.java:waitForCheckpointDirectoryExist(125)) - Waited for 8 milliseconds for checkpoint directory /home/runner/work/ozone/ozone/hadoop-ozone/integration-test/target/test-dir/MiniOzoneClusterImpl-f9e21395-1bcf-40d4-8edb-6f91c23aa5c2/omNode-2/db.snapshots/om.db-95dcc633-f43e-419b-b983-65069cccd607 availability.
2023-02-28 04:32:42,494 [OMDoubleBufferFlushThread] INFO  om.OmSnapshotManager (OmSnapshotManager.java:createOmSnapshotCheckpoint(163)) - Created checkpoint : /home/runner/work/ozone/ozone/hadoop-ozone/integration-test/target/test-dir/MiniOzoneClusterImpl-f9e21395-1bcf-40d4-8edb-6f91c23aa5c2/omNode-2/db.snapshots/om.db-95dcc633-f43e-419b-b983-65069cccd607 for snapshot a316eb76-edb4-44cd-8c13-ab6c0f14689c
2023-02-28 04:32:42,496 [OMDoubleBufferFlushThread] INFO  db.RDBCheckpointManager (RDBCheckpointManager.java:createCheckpoint(96)) - Created checkpoint in rocksDB at /home/runner/work/ozone/ozone/hadoop-ozone/integration-test/target/test-dir/MiniOzoneClusterImpl-f9e21395-1bcf-40d4-8edb-6f91c23aa5c2/omNode-3/db.snapshots/om.db-95dcc633-f43e-419b-b983-65069cccd607 in 47 milliseconds
2023-02-28 04:32:42,496 [OMDoubleBufferFlushThread] INFO  db.RDBCheckpointManager (RDBCheckpointManager.java:waitForCheckpointDirectoryExist(125)) - Waited for 0 milliseconds for checkpoint directory /home/runner/work/ozone/ozone/hadoop-ozone/integration-test/target/test-dir/MiniOzoneClusterImpl-f9e21395-1bcf-40d4-8edb-6f91c23aa5c2/omNode-3/db.snapshots/om.db-95dcc633-f43e-419b-b983-65069cccd607 availability.
2023-02-28 04:32:42,496 [OMDoubleBufferFlushThread] INFO  om.OmSnapshotManager (OmSnapshotManager.java:createOmSnapshotCheckpoint(163)) - Created checkpoint : /home/runner/work/ozone/ozone/hadoop-ozone/integration-test/target/test-dir/MiniOzoneClusterImpl-f9e21395-1bcf-40d4-8edb-6f91c23aa5c2/omNode-3/db.snapshots/om.db-95dcc633-f43e-419b-b983-65069cccd607 for snapshot a316eb76-edb4-44cd-8c13-ab6c0f14689c
2023-02-28 04:32:43,457 [IPC Server handler 16 on default port 40781] WARN  server.ServerUtils (ServerUtils.java:getDBPath(225)) - ozone.om.db.dirs is not configured. We recommend adding this setting. Falling back to ozone.metadata.dirs instead.
2023-02-28 04:32:43,458 [IPC Server handler 16 on default port 40781] INFO  codec.OmKeyInfoCodec (OmKeyInfoCodec.java:<init>(49)) - OmKeyInfoCodec ignorePipeline = true
2023-02-28 04:32:43,459 [IPC Server handler 16 on default port 40781] INFO  codec.RepeatedOmKeyInfoCodec (RepeatedOmKeyInfoCodec.java:<init>(41)) - RepeatedOmKeyInfoCodec ignorePipeline = true
2023-02-28 04:32:43,508 [OM StateMachine ApplyTransaction Thread - 0] INFO  snapshot.OMSnapshotCreateRequest (OMSnapshotCreateRequest.java:validateAndUpdateCache(180)) - Created snapshot '1f79a810-1cd4-426a-9dd7-459eb33a3b82' under path 'vol-a-87277/buc-b-45458'
2023-02-28 04:32:43,509 [OM StateMachine ApplyTransaction Thread - 0] INFO  snapshot.OMSnapshotCreateRequest (OMSnapshotCreateRequest.java:validateAndUpdateCache(180)) - Created snapshot '1f79a810-1cd4-426a-9dd7-459eb33a3b82' under path 'vol-a-87277/buc-b-45458'
2023-02-28 04:32:43,510 [OM StateMachine ApplyTransaction Thread - 0] INFO  snapshot.OMSnapshotCreateRequest (OMSnapshotCreateRequest.java:validateAndUpdateCache(180)) - Created snapshot '1f79a810-1cd4-426a-9dd7-459eb33a3b82' under path 'vol-a-87277/buc-b-45458'
2023-02-28 04:32:43,522 [OMDoubleBufferFlushThread] INFO  db.RDBCheckpointManager (RDBCheckpointManager.java:createCheckpoint(96)) - Created checkpoint in rocksDB at /home/runner/work/ozone/ozone/hadoop-ozone/integration-test/target/test-dir/MiniOzoneClusterImpl-f9e21395-1bcf-40d4-8edb-6f91c23aa5c2/omNode-2/db.snapshots/om.db-81027fa8-4a31-4d42-8403-e6706f3fb984 in 11 milliseconds
2023-02-28 04:32:43,524 [OMDoubleBufferFlushThread] INFO  db.RDBCheckpointManager (RDBCheckpointManager.java:waitForCheckpointDirectoryExist(125)) - Waited for 1 milliseconds for checkpoint directory /home/runner/work/ozone/ozone/hadoop-ozone/integration-test/target/test-dir/MiniOzoneClusterImpl-f9e21395-1bcf-40d4-8edb-6f91c23aa5c2/omNode-2/db.snapshots/om.db-81027fa8-4a31-4d42-8403-e6706f3fb984 availability.
2023-02-28 04:32:43,524 [OMDoubleBufferFlushThread] INFO  om.OmSnapshotManager (OmSnapshotManager.java:createOmSnapshotCheckpoint(163)) - Created checkpoint : /home/runner/work/ozone/ozone/hadoop-ozone/integration-test/target/test-dir/MiniOzoneClusterImpl-f9e21395-1bcf-40d4-8edb-6f91c23aa5c2/omNode-2/db.snapshots/om.db-81027fa8-4a31-4d42-8403-e6706f3fb984 for snapshot 1f79a810-1cd4-426a-9dd7-459eb33a3b82
2023-02-28 04:32:43,526 [OMDoubleBufferFlushThread] INFO  db.RDBCheckpointManager (RDBCheckpointManager.java:createCheckpoint(96)) - Created checkpoint in rocksDB at /home/runner/work/ozone/ozone/hadoop-ozone/integration-test/target/test-dir/MiniOzoneClusterImpl-f9e21395-1bcf-40d4-8edb-6f91c23aa5c2/omNode-1/db.snapshots/om.db-81027fa8-4a31-4d42-8403-e6706f3fb984 in 16 milliseconds
2023-02-28 04:32:43,527 [OMDoubleBufferFlushThread] INFO  db.RDBCheckpointManager (RDBCheckpointManager.java:createCheckpoint(96)) - Created checkpoint in rocksDB at /home/runner/work/ozone/ozone/hadoop-ozone/integration-test/target/test-dir/MiniOzoneClusterImpl-f9e21395-1bcf-40d4-8edb-6f91c23aa5c2/omNode-3/db.snapshots/om.db-81027fa8-4a31-4d42-8403-e6706f3fb984 in 15 milliseconds
2023-02-28 04:32:43,527 [OMDoubleBufferFlushThread] INFO  db.RDBCheckpointManager (RDBCheckpointManager.java:waitForCheckpointDirectoryExist(125)) - Waited for 1 milliseconds for checkpoint directory /home/runner/work/ozone/ozone/hadoop-ozone/integration-test/target/test-dir/MiniOzoneClusterImpl-f9e21395-1bcf-40d4-8edb-6f91c23aa5c2/omNode-1/db.snapshots/om.db-81027fa8-4a31-4d42-8403-e6706f3fb984 availability.
2023-02-28 04:32:43,527 [OMDoubleBufferFlushThread] INFO  om.OmSnapshotManager (OmSnapshotManager.java:createOmSnapshotCheckpoint(163)) - Created checkpoint : /home/runner/work/ozone/ozone/hadoop-ozone/integration-test/target/test-dir/MiniOzoneClusterImpl-f9e21395-1bcf-40d4-8edb-6f91c23aa5c2/omNode-1/db.snapshots/om.db-81027fa8-4a31-4d42-8403-e6706f3fb984 for snapshot 1f79a810-1cd4-426a-9dd7-459eb33a3b82
2023-02-28 04:32:43,527 [OMDoubleBufferFlushThread] INFO  db.RDBCheckpointManager (RDBCheckpointManager.java:waitForCheckpointDirectoryExist(125)) - Waited for 0 milliseconds for checkpoint directory /home/runner/work/ozone/ozone/hadoop-ozone/integration-test/target/test-dir/MiniOzoneClusterImpl-f9e21395-1bcf-40d4-8edb-6f91c23aa5c2/omNode-3/db.snapshots/om.db-81027fa8-4a31-4d42-8403-e6706f3fb984 availability.
2023-02-28 04:32:43,527 [OMDoubleBufferFlushThread] INFO  om.OmSnapshotManager (OmSnapshotManager.java:createOmSnapshotCheckpoint(163)) - Created checkpoint : /home/runner/work/ozone/ozone/hadoop-ozone/integration-test/target/test-dir/MiniOzoneClusterImpl-f9e21395-1bcf-40d4-8edb-6f91c23aa5c2/omNode-3/db.snapshots/om.db-81027fa8-4a31-4d42-8403-e6706f3fb984 for snapshot 1f79a810-1cd4-426a-9dd7-459eb33a3b82
2023-02-28 04:32:44,615 [IPC Server handler 3 on default port 40781] WARN  server.ServerUtils (ServerUtils.java:getDBPath(225)) - ozone.om.db.dirs is not configured. We recommend adding this setting. Falling back to ozone.metadata.dirs instead.
2023-02-28 04:32:44,616 [IPC Server handler 3 on default port 40781] INFO  codec.OmKeyInfoCodec (OmKeyInfoCodec.java:<init>(49)) - OmKeyInfoCodec ignorePipeline = true
2023-02-28 04:32:44,616 [IPC Server handler 3 on default port 40781] INFO  codec.RepeatedOmKeyInfoCodec (RepeatedOmKeyInfoCodec.java:<init>(41)) - RepeatedOmKeyInfoCodec ignorePipeline = true
2023-02-28 04:32:44,652 [OM StateMachine ApplyTransaction Thread - 0] INFO  snapshot.OMSnapshotCreateRequest (OMSnapshotCreateRequest.java:validateAndUpdateCache(180)) - Created snapshot '93a37583-99db-41ff-a5bb-8cda062e84f8' under path 'vol-b-35741/buc-a-92360'
2023-02-28 04:32:44,654 [OM StateMachine ApplyTransaction Thread - 0] INFO  snapshot.OMSnapshotCreateRequest (OMSnapshotCreateRequest.java:validateAndUpdateCache(180)) - Created snapshot '93a37583-99db-41ff-a5bb-8cda062e84f8' under path 'vol-b-35741/buc-a-92360'
2023-02-28 04:32:44,654 [OM StateMachine ApplyTransaction Thread - 0] INFO  snapshot.OMSnapshotCreateRequest (OMSnapshotCreateRequest.java:validateAndUpdateCache(180)) - Created snapshot '93a37583-99db-41ff-a5bb-8cda062e84f8' under path 'vol-b-35741/buc-a-92360'
2023-02-28 04:32:44,679 [OMDoubleBufferFlushThread] INFO  db.RDBCheckpointManager (RDBCheckpointManager.java:createCheckpoint(96)) - Created checkpoint in rocksDB at /home/runner/work/ozone/ozone/hadoop-ozone/integration-test/target/test-dir/MiniOzoneClusterImpl-f9e21395-1bcf-40d4-8edb-6f91c23aa5c2/omNode-1/db.snapshots/om.db-943ce18c-37e7-4e4c-af10-618b119a70c3 in 24 milliseconds
2023-02-28 04:32:44,680 [OMDoubleBufferFlushThread] INFO  db.RDBCheckpointManager (RDBCheckpointManager.java:waitForCheckpointDirectoryExist(125)) - Waited for 1 milliseconds for checkpoint directory /home/runner/work/ozone/ozone/hadoop-ozone/integration-test/target/test-dir/MiniOzoneClusterImpl-f9e21395-1bcf-40d4-8edb-6f91c23aa5c2/omNode-1/db.snapshots/om.db-943ce18c-37e7-4e4c-af10-618b119a70c3 availability.
2023-02-28 04:32:44,680 [OMDoubleBufferFlushThread] INFO  om.OmSnapshotManager (OmSnapshotManager.java:createOmSnapshotCheckpoint(163)) - Created checkpoint : /home/runner/work/ozone/ozone/hadoop-ozone/integration-test/target/test-dir/MiniOzoneClusterImpl-f9e21395-1bcf-40d4-8edb-6f91c23aa5c2/omNode-1/db.snapshots/om.db-943ce18c-37e7-4e4c-af10-618b119a70c3 for snapshot 93a37583-99db-41ff-a5bb-8cda062e84f8
2023-02-28 04:32:44,681 [OMDoubleBufferFlushThread] INFO  db.RDBCheckpointManager (RDBCheckpointManager.java:createCheckpoint(96)) - Created checkpoint in rocksDB at /home/runner/work/ozone/ozone/hadoop-ozone/integration-test/target/test-dir/MiniOzoneClusterImpl-f9e21395-1bcf-40d4-8edb-6f91c23aa5c2/omNode-2/db.snapshots/om.db-943ce18c-37e7-4e4c-af10-618b119a70c3 in 26 milliseconds
2023-02-28 04:32:44,682 [OMDoubleBufferFlushThread] INFO  db.RDBCheckpointManager (RDBCheckpointManager.java:createCheckpoint(96)) - Created checkpoint in rocksDB at /home/runner/work/ozone/ozone/hadoop-ozone/integration-test/target/test-dir/MiniOzoneClusterImpl-f9e21395-1bcf-40d4-8edb-6f91c23aa5c2/omNode-3/db.snapshots/om.db-943ce18c-37e7-4e4c-af10-618b119a70c3 in 27 milliseconds
2023-02-28 04:32:44,682 [OMDoubleBufferFlushThread] INFO  db.RDBCheckpointManager (RDBCheckpointManager.java:waitForCheckpointDirectoryExist(125)) - Waited for 1 milliseconds for checkpoint directory /home/runner/work/ozone/ozone/hadoop-ozone/integration-test/target/test-dir/MiniOzoneClusterImpl-f9e21395-1bcf-40d4-8edb-6f91c23aa5c2/omNode-2/db.snapshots/om.db-943ce18c-37e7-4e4c-af10-618b119a70c3 availability.
2023-02-28 04:32:44,682 [OMDoubleBufferFlushThread] INFO  om.OmSnapshotManager (OmSnapshotManager.java:createOmSnapshotCheckpoint(163)) - Created checkpoint : /home/runner/work/ozone/ozone/hadoop-ozone/integration-test/target/test-dir/MiniOzoneClusterImpl-f9e21395-1bcf-40d4-8edb-6f91c23aa5c2/omNode-2/db.snapshots/om.db-943ce18c-37e7-4e4c-af10-618b119a70c3 for snapshot 93a37583-99db-41ff-a5bb-8cda062e84f8
2023-02-28 04:32:44,683 [OMDoubleBufferFlushThread] INFO  db.RDBCheckpointManager (RDBCheckpointManager.java:waitForCheckpointDirectoryExist(125)) - Waited for 1 milliseconds for checkpoint directory /home/runner/work/ozone/ozone/hadoop-ozone/integration-test/target/test-dir/MiniOzoneClusterImpl-f9e21395-1bcf-40d4-8edb-6f91c23aa5c2/omNode-3/db.snapshots/om.db-943ce18c-37e7-4e4c-af10-618b119a70c3 availability.
2023-02-28 04:32:44,683 [OMDoubleBufferFlushThread] INFO  om.OmSnapshotManager (OmSnapshotManager.java:createOmSnapshotCheckpoint(163)) - Created checkpoint : /home/runner/work/ozone/ozone/hadoop-ozone/integration-test/target/test-dir/MiniOzoneClusterImpl-f9e21395-1bcf-40d4-8edb-6f91c23aa5c2/omNode-3/db.snapshots/om.db-943ce18c-37e7-4e4c-af10-618b119a70c3 for snapshot 93a37583-99db-41ff-a5bb-8cda062e84f8
2023-02-28 04:32:45,749 [IPC Server handler 6 on default port 40781] WARN  server.ServerUtils (ServerUtils.java:getDBPath(225)) - ozone.om.db.dirs is not configured. We recommend adding this setting. Falling back to ozone.metadata.dirs instead.
2023-02-28 04:32:45,749 [IPC Server handler 6 on default port 40781] INFO  codec.OmKeyInfoCodec (OmKeyInfoCodec.java:<init>(49)) - OmKeyInfoCodec ignorePipeline = true
2023-02-28 04:32:45,750 [IPC Server handler 6 on default port 40781] INFO  codec.RepeatedOmKeyInfoCodec (RepeatedOmKeyInfoCodec.java:<init>(41)) - RepeatedOmKeyInfoCodec ignorePipeline = true
2023-02-28 04:32:45,827 [OM StateMachine ApplyTransaction Thread - 0] INFO  snapshot.OMSnapshotCreateRequest (OMSnapshotCreateRequest.java:validateAndUpdateCache(180)) - Created snapshot 'e10803e0-425b-4985-bae1-876855083447' under path 'vol-b-35741/buc-b-45458'
2023-02-28 04:32:45,828 [OM StateMachine ApplyTransaction Thread - 0] INFO  snapshot.OMSnapshotCreateRequest (OMSnapshotCreateRequest.java:validateAndUpdateCache(180)) - Created snapshot 'e10803e0-425b-4985-bae1-876855083447' under path 'vol-b-35741/buc-b-45458'
2023-02-28 04:32:45,830 [OM StateMachine ApplyTransaction Thread - 0] INFO  snapshot.OMSnapshotCreateRequest (OMSnapshotCreateRequest.java:validateAndUpdateCache(180)) - Created snapshot 'e10803e0-425b-4985-bae1-876855083447' under path 'vol-b-35741/buc-b-45458'
2023-02-28 04:32:45,851 [OMDoubleBufferFlushThread] INFO  db.RDBCheckpointManager (RDBCheckpointManager.java:createCheckpoint(96)) - Created checkpoint in rocksDB at /home/runner/work/ozone/ozone/hadoop-ozone/integration-test/target/test-dir/MiniOzoneClusterImpl-f9e21395-1bcf-40d4-8edb-6f91c23aa5c2/omNode-1/db.snapshots/om.db-c4deb730-2314-4ee1-940d-52d42073e59c in 22 milliseconds
2023-02-28 04:32:45,852 [OMDoubleBufferFlushThread] INFO  db.RDBCheckpointManager (RDBCheckpointManager.java:waitForCheckpointDirectoryExist(125)) - Waited for 1 milliseconds for checkpoint directory /home/runner/work/ozone/ozone/hadoop-ozone/integration-test/target/test-dir/MiniOzoneClusterImpl-f9e21395-1bcf-40d4-8edb-6f91c23aa5c2/omNode-1/db.snapshots/om.db-c4deb730-2314-4ee1-940d-52d42073e59c availability.
2023-02-28 04:32:45,852 [OMDoubleBufferFlushThread] INFO  om.OmSnapshotManager (OmSnapshotManager.java:createOmSnapshotCheckpoint(163)) - Created checkpoint : /home/runner/work/ozone/ozone/hadoop-ozone/integration-test/target/test-dir/MiniOzoneClusterImpl-f9e21395-1bcf-40d4-8edb-6f91c23aa5c2/omNode-1/db.snapshots/om.db-c4deb730-2314-4ee1-940d-52d42073e59c for snapshot e10803e0-425b-4985-bae1-876855083447
2023-02-28 04:32:45,858 [OMDoubleBufferFlushThread] INFO  db.RDBCheckpointManager (RDBCheckpointManager.java:createCheckpoint(96)) - Created checkpoint in rocksDB at /home/runner/work/ozone/ozone/hadoop-ozone/integration-test/target/test-dir/MiniOzoneClusterImpl-f9e21395-1bcf-40d4-8edb-6f91c23aa5c2/omNode-3/db.snapshots/om.db-c4deb730-2314-4ee1-940d-52d42073e59c in 29 milliseconds
2023-02-28 04:32:45,858 [OMDoubleBufferFlushThread] INFO  db.RDBCheckpointManager (RDBCheckpointManager.java:waitForCheckpointDirectoryExist(125)) - Waited for 0 milliseconds for checkpoint directory /home/runner/work/ozone/ozone/hadoop-ozone/integration-test/target/test-dir/MiniOzoneClusterImpl-f9e21395-1bcf-40d4-8edb-6f91c23aa5c2/omNode-3/db.snapshots/om.db-c4deb730-2314-4ee1-940d-52d42073e59c availability.
2023-02-28 04:32:45,859 [OMDoubleBufferFlushThread] INFO  om.OmSnapshotManager (OmSnapshotManager.java:createOmSnapshotCheckpoint(163)) - Created checkpoint : /home/runner/work/ozone/ozone/hadoop-ozone/integration-test/target/test-dir/MiniOzoneClusterImpl-f9e21395-1bcf-40d4-8edb-6f91c23aa5c2/omNode-3/db.snapshots/om.db-c4deb730-2314-4ee1-940d-52d42073e59c for snapshot e10803e0-425b-4985-bae1-876855083447
2023-02-28 04:32:45,859 [OMDoubleBufferFlushThread] INFO  db.RDBCheckpointManager (RDBCheckpointManager.java:createCheckpoint(96)) - Created checkpoint in rocksDB at /home/runner/work/ozone/ozone/hadoop-ozone/integration-test/target/test-dir/MiniOzoneClusterImpl-f9e21395-1bcf-40d4-8edb-6f91c23aa5c2/omNode-2/db.snapshots/om.db-c4deb730-2314-4ee1-940d-52d42073e59c in 28 milliseconds
2023-02-28 04:32:45,860 [OMDoubleBufferFlushThread] INFO  db.RDBCheckpointManager (RDBCheckpointManager.java:waitForCheckpointDirectoryExist(125)) - Waited for 1 milliseconds for checkpoint directory /home/runner/work/ozone/ozone/hadoop-ozone/integration-test/target/test-dir/MiniOzoneClusterImpl-f9e21395-1bcf-40d4-8edb-6f91c23aa5c2/omNode-2/db.snapshots/om.db-c4deb730-2314-4ee1-940d-52d42073e59c availability.
2023-02-28 04:32:45,860 [OMDoubleBufferFlushThread] INFO  om.OmSnapshotManager (OmSnapshotManager.java:createOmSnapshotCheckpoint(163)) - Created checkpoint : /home/runner/work/ozone/ozone/hadoop-ozone/integration-test/target/test-dir/MiniOzoneClusterImpl-f9e21395-1bcf-40d4-8edb-6f91c23aa5c2/omNode-2/db.snapshots/om.db-c4deb730-2314-4ee1-940d-52d42073e59c for snapshot e10803e0-425b-4985-bae1-876855083447
2023-02-28 04:32:46,915 [IPC Server handler 10 on default port 40781] WARN  server.ServerUtils (ServerUtils.java:getDBPath(225)) - ozone.om.db.dirs is not configured. We recommend adding this setting. Falling back to ozone.metadata.dirs instead.
2023-02-28 04:32:46,915 [IPC Server handler 10 on default port 40781] INFO  codec.OmKeyInfoCodec (OmKeyInfoCodec.java:<init>(49)) - OmKeyInfoCodec ignorePipeline = true
2023-02-28 04:32:46,916 [IPC Server handler 10 on default port 40781] INFO  codec.RepeatedOmKeyInfoCodec (RepeatedOmKeyInfoCodec.java:<init>(41)) - RepeatedOmKeyInfoCodec ignorePipeline = true
2023-02-28 04:32:46,965 [OM StateMachine ApplyTransaction Thread - 0] INFO  snapshot.OMSnapshotCreateRequest (OMSnapshotCreateRequest.java:validateAndUpdateCache(180)) - Created snapshot '308db81d-f478-433f-89a1-646ff0846f02' under path 'vol-a-87277/buc-a-92360'
2023-02-28 04:32:46,966 [OM StateMachine ApplyTransaction Thread - 0] INFO  snapshot.OMSnapshotCreateRequest (OMSnapshotCreateRequest.java:validateAndUpdateCache(180)) - Created snapshot '308db81d-f478-433f-89a1-646ff0846f02' under path 'vol-a-87277/buc-a-92360'
2023-02-28 04:32:46,967 [OM StateMachine ApplyTransaction Thread - 0] INFO  snapshot.OMSnapshotCreateRequest (OMSnapshotCreateRequest.java:validateAndUpdateCache(180)) - Created snapshot '308db81d-f478-433f-89a1-646ff0846f02' under path 'vol-a-87277/buc-a-92360'
2023-02-28 04:32:46,994 [OMDoubleBufferFlushThread] INFO  db.RDBCheckpointManager (RDBCheckpointManager.java:createCheckpoint(96)) - Created checkpoint in rocksDB at /home/runner/work/ozone/ozone/hadoop-ozone/integration-test/target/test-dir/MiniOzoneClusterImpl-f9e21395-1bcf-40d4-8edb-6f91c23aa5c2/omNode-1/db.snapshots/om.db-10cae9c7-f5fa-4fd9-965f-69517ea0ee73 in 27 milliseconds
2023-02-28 04:32:46,994 [OMDoubleBufferFlushThread] INFO  db.RDBCheckpointManager (RDBCheckpointManager.java:waitForCheckpointDirectoryExist(125)) - Waited for 0 milliseconds for checkpoint directory /home/runner/work/ozone/ozone/hadoop-ozone/integration-test/target/test-dir/MiniOzoneClusterImpl-f9e21395-1bcf-40d4-8edb-6f91c23aa5c2/omNode-1/db.snapshots/om.db-10cae9c7-f5fa-4fd9-965f-69517ea0ee73 availability.
2023-02-28 04:32:46,994 [OMDoubleBufferFlushThread] INFO  om.OmSnapshotManager (OmSnapshotManager.java:createOmSnapshotCheckpoint(163)) - Created checkpoint : /home/runner/work/ozone/ozone/hadoop-ozone/integration-test/target/test-dir/MiniOzoneClusterImpl-f9e21395-1bcf-40d4-8edb-6f91c23aa5c2/omNode-1/db.snapshots/om.db-10cae9c7-f5fa-4fd9-965f-69517ea0ee73 for snapshot 308db81d-f478-433f-89a1-646ff0846f02
2023-02-28 04:32:46,999 [OMDoubleBufferFlushThread] INFO  db.RDBCheckpointManager (RDBCheckpointManager.java:createCheckpoint(96)) - Created checkpoint in rocksDB at /home/runner/work/ozone/ozone/hadoop-ozone/integration-test/target/test-dir/MiniOzoneClusterImpl-f9e21395-1bcf-40d4-8edb-6f91c23aa5c2/omNode-2/db.snapshots/om.db-10cae9c7-f5fa-4fd9-965f-69517ea0ee73 in 32 milliseconds
2023-02-28 04:32:47,000 [OMDoubleBufferFlushThread] INFO  db.RDBCheckpointManager (RDBCheckpointManager.java:waitForCheckpointDirectoryExist(125)) - Waited for 1 milliseconds for checkpoint directory /home/runner/work/ozone/ozone/hadoop-ozone/integration-test/target/test-dir/MiniOzoneClusterImpl-f9e21395-1bcf-40d4-8edb-6f91c23aa5c2/omNode-2/db.snapshots/om.db-10cae9c7-f5fa-4fd9-965f-69517ea0ee73 availability.
2023-02-28 04:32:47,000 [OMDoubleBufferFlushThread] INFO  om.OmSnapshotManager (OmSnapshotManager.java:createOmSnapshotCheckpoint(163)) - Created checkpoint : /home/runner/work/ozone/ozone/hadoop-ozone/integration-test/target/test-dir/MiniOzoneClusterImpl-f9e21395-1bcf-40d4-8edb-6f91c23aa5c2/omNode-2/db.snapshots/om.db-10cae9c7-f5fa-4fd9-965f-69517ea0ee73 for snapshot 308db81d-f478-433f-89a1-646ff0846f02
2023-02-28 04:32:47,004 [OMDoubleBufferFlushThread] INFO  db.RDBCheckpointManager (RDBCheckpointManager.java:createCheckpoint(96)) - Created checkpoint in rocksDB at /home/runner/work/ozone/ozone/hadoop-ozone/integration-test/target/test-dir/MiniOzoneClusterImpl-f9e21395-1bcf-40d4-8edb-6f91c23aa5c2/omNode-3/db.snapshots/om.db-10cae9c7-f5fa-4fd9-965f-69517ea0ee73 in 36 milliseconds
2023-02-28 04:32:47,005 [OMDoubleBufferFlushThread] INFO  db.RDBCheckpointManager (RDBCheckpointManager.java:waitForCheckpointDirectoryExist(125)) - Waited for 1 milliseconds for checkpoint directory /home/runner/work/ozone/ozone/hadoop-ozone/integration-test/target/test-dir/MiniOzoneClusterImpl-f9e21395-1bcf-40d4-8edb-6f91c23aa5c2/omNode-3/db.snapshots/om.db-10cae9c7-f5fa-4fd9-965f-69517ea0ee73 availability.
2023-02-28 04:32:47,005 [OMDoubleBufferFlushThread] INFO  om.OmSnapshotManager (OmSnapshotManager.java:createOmSnapshotCheckpoint(163)) - Created checkpoint : /home/runner/work/ozone/ozone/hadoop-ozone/integration-test/target/test-dir/MiniOzoneClusterImpl-f9e21395-1bcf-40d4-8edb-6f91c23aa5c2/omNode-3/db.snapshots/om.db-10cae9c7-f5fa-4fd9-965f-69517ea0ee73 for snapshot 308db81d-f478-433f-89a1-646ff0846f02
2023-02-28 04:32:48,047 [IPC Server handler 16 on default port 40781] WARN  server.ServerUtils (ServerUtils.java:getDBPath(225)) - ozone.om.db.dirs is not configured. We recommend adding this setting. Falling back to ozone.metadata.dirs instead.
2023-02-28 04:32:48,048 [IPC Server handler 16 on default port 40781] INFO  codec.OmKeyInfoCodec (OmKeyInfoCodec.java:<init>(49)) - OmKeyInfoCodec ignorePipeline = true
2023-02-28 04:32:48,048 [IPC Server handler 16 on default port 40781] INFO  codec.RepeatedOmKeyInfoCodec (RepeatedOmKeyInfoCodec.java:<init>(41)) - RepeatedOmKeyInfoCodec ignorePipeline = true
]]></system-out>
  </testcase>
  <testcase name="testListKey" classname="TestOmSnapshot" time="7.335">
    <system-out><![CDATA[2023-02-28 04:33:32,847 [Time-limited test] INFO  rpc.RpcClient (RpcClient.java:createVolume(476)) - Creating Volume: vol-a-60379, with runner as owner and space quota set to -1 bytes, counts quota set to -1
2023-02-28 04:33:32,852 [OM StateMachine ApplyTransaction Thread - 0] INFO  volume.OMVolumeCreateRequest (OMVolumeCreateRequest.java:validateAndUpdateCache(195)) - created volume:vol-a-60379 for user:runner
2023-02-28 04:33:32,853 [Time-limited test] INFO  rpc.RpcClient (RpcClient.java:createVolume(476)) - Creating Volume: vol-b-75694, with runner as owner and space quota set to -1 bytes, counts quota set to -1
2023-02-28 04:33:32,854 [OM StateMachine ApplyTransaction Thread - 0] INFO  volume.OMVolumeCreateRequest (OMVolumeCreateRequest.java:validateAndUpdateCache(195)) - created volume:vol-a-60379 for user:runner
2023-02-28 04:33:32,854 [OM StateMachine ApplyTransaction Thread - 0] INFO  volume.OMVolumeCreateRequest (OMVolumeCreateRequest.java:validateAndUpdateCache(195)) - created volume:vol-a-60379 for user:runner
2023-02-28 04:33:32,856 [OM StateMachine ApplyTransaction Thread - 0] INFO  volume.OMVolumeCreateRequest (OMVolumeCreateRequest.java:validateAndUpdateCache(195)) - created volume:vol-b-75694 for user:runner
2023-02-28 04:33:32,858 [OM StateMachine ApplyTransaction Thread - 0] INFO  volume.OMVolumeCreateRequest (OMVolumeCreateRequest.java:validateAndUpdateCache(195)) - created volume:vol-b-75694 for user:runner
2023-02-28 04:33:32,858 [Time-limited test] INFO  rpc.RpcClient (RpcClient.java:createBucket(698)) - Creating Bucket: vol-a-60379/buc-a-52528, with server-side default bucket layout, runner as owner, Versioning false, Storage Type set to DISK and Encryption set to false, Replication Type set to server-side default replication type, Namespace Quota set to -1, Space Quota set to -1 
2023-02-28 04:33:32,859 [OM StateMachine ApplyTransaction Thread - 0] INFO  volume.OMVolumeCreateRequest (OMVolumeCreateRequest.java:validateAndUpdateCache(195)) - created volume:vol-b-75694 for user:runner
2023-02-28 04:33:32,861 [OM StateMachine ApplyTransaction Thread - 0] INFO  bucket.OMBucketCreateRequest (OMBucketCreateRequest.java:validateAndUpdateCache(263)) - created bucket: buc-a-52528 of layout FILE_SYSTEM_OPTIMIZED in volume: vol-a-60379
2023-02-28 04:33:32,861 [Time-limited test] INFO  rpc.RpcClient (RpcClient.java:createBucket(698)) - Creating Bucket: vol-a-60379/buc-b-26871, with server-side default bucket layout, runner as owner, Versioning false, Storage Type set to DISK and Encryption set to false, Replication Type set to server-side default replication type, Namespace Quota set to -1, Space Quota set to -1 
2023-02-28 04:33:32,862 [OM StateMachine ApplyTransaction Thread - 0] INFO  bucket.OMBucketCreateRequest (OMBucketCreateRequest.java:validateAndUpdateCache(263)) - created bucket: buc-a-52528 of layout FILE_SYSTEM_OPTIMIZED in volume: vol-a-60379
2023-02-28 04:33:32,863 [OM StateMachine ApplyTransaction Thread - 0] INFO  bucket.OMBucketCreateRequest (OMBucketCreateRequest.java:validateAndUpdateCache(263)) - created bucket: buc-a-52528 of layout FILE_SYSTEM_OPTIMIZED in volume: vol-a-60379
2023-02-28 04:33:32,865 [OM StateMachine ApplyTransaction Thread - 0] INFO  bucket.OMBucketCreateRequest (OMBucketCreateRequest.java:validateAndUpdateCache(263)) - created bucket: buc-b-26871 of layout FILE_SYSTEM_OPTIMIZED in volume: vol-a-60379
2023-02-28 04:33:32,865 [Time-limited test] INFO  rpc.RpcClient (RpcClient.java:createBucket(698)) - Creating Bucket: vol-b-75694/buc-a-52528, with server-side default bucket layout, runner as owner, Versioning false, Storage Type set to DISK and Encryption set to false, Replication Type set to server-side default replication type, Namespace Quota set to -1, Space Quota set to -1 
2023-02-28 04:33:32,866 [OM StateMachine ApplyTransaction Thread - 0] INFO  bucket.OMBucketCreateRequest (OMBucketCreateRequest.java:validateAndUpdateCache(263)) - created bucket: buc-b-26871 of layout FILE_SYSTEM_OPTIMIZED in volume: vol-a-60379
2023-02-28 04:33:32,866 [OM StateMachine ApplyTransaction Thread - 0] INFO  bucket.OMBucketCreateRequest (OMBucketCreateRequest.java:validateAndUpdateCache(263)) - created bucket: buc-b-26871 of layout FILE_SYSTEM_OPTIMIZED in volume: vol-a-60379
2023-02-28 04:33:32,868 [OM StateMachine ApplyTransaction Thread - 0] INFO  bucket.OMBucketCreateRequest (OMBucketCreateRequest.java:validateAndUpdateCache(263)) - created bucket: buc-a-52528 of layout FILE_SYSTEM_OPTIMIZED in volume: vol-b-75694
2023-02-28 04:33:32,868 [Time-limited test] INFO  rpc.RpcClient (RpcClient.java:createBucket(698)) - Creating Bucket: vol-b-75694/buc-b-26871, with server-side default bucket layout, runner as owner, Versioning false, Storage Type set to DISK and Encryption set to false, Replication Type set to server-side default replication type, Namespace Quota set to -1, Space Quota set to -1 
2023-02-28 04:33:32,869 [OM StateMachine ApplyTransaction Thread - 0] INFO  bucket.OMBucketCreateRequest (OMBucketCreateRequest.java:validateAndUpdateCache(263)) - created bucket: buc-a-52528 of layout FILE_SYSTEM_OPTIMIZED in volume: vol-b-75694
2023-02-28 04:33:32,870 [OM StateMachine ApplyTransaction Thread - 0] INFO  bucket.OMBucketCreateRequest (OMBucketCreateRequest.java:validateAndUpdateCache(263)) - created bucket: buc-a-52528 of layout FILE_SYSTEM_OPTIMIZED in volume: vol-b-75694
2023-02-28 04:33:32,874 [OM StateMachine ApplyTransaction Thread - 0] INFO  bucket.OMBucketCreateRequest (OMBucketCreateRequest.java:validateAndUpdateCache(263)) - created bucket: buc-b-26871 of layout FILE_SYSTEM_OPTIMIZED in volume: vol-b-75694
2023-02-28 04:33:32,875 [OM StateMachine ApplyTransaction Thread - 0] INFO  bucket.OMBucketCreateRequest (OMBucketCreateRequest.java:validateAndUpdateCache(263)) - created bucket: buc-b-26871 of layout FILE_SYSTEM_OPTIMIZED in volume: vol-b-75694
2023-02-28 04:33:32,876 [OM StateMachine ApplyTransaction Thread - 0] INFO  bucket.OMBucketCreateRequest (OMBucketCreateRequest.java:validateAndUpdateCache(263)) - created bucket: buc-b-26871 of layout FILE_SYSTEM_OPTIMIZED in volume: vol-b-75694
2023-02-28 04:33:33,355 [EndpointStateMachine task thread for /0.0.0.0:41617 - 0 ] INFO  ipc.Client (Client.java:handleConnectionFailure(1010)) - Retrying connect to server: 0.0.0.0/0.0.0.0:41617. Already tried 12 time(s); retry policy is RetryUpToMaximumCountWithFixedSleep(maxRetries=15, sleepTime=1000 MILLISECONDS)
2023-02-28 04:33:34,355 [EndpointStateMachine task thread for /0.0.0.0:41617 - 0 ] INFO  ipc.Client (Client.java:handleConnectionFailure(1010)) - Retrying connect to server: 0.0.0.0/0.0.0.0:41617. Already tried 13 time(s); retry policy is RetryUpToMaximumCountWithFixedSleep(maxRetries=15, sleepTime=1000 MILLISECONDS)
2023-02-28 04:33:34,541 [OM StateMachine ApplyTransaction Thread - 0] INFO  snapshot.OMSnapshotCreateRequest (OMSnapshotCreateRequest.java:validateAndUpdateCache(180)) - Created snapshot '231f41b5-8035-4d43-b93f-bd17dc3bec62' under path 'vol-a-60379/buc-a-52528'
2023-02-28 04:33:34,542 [OM StateMachine ApplyTransaction Thread - 0] INFO  snapshot.OMSnapshotCreateRequest (OMSnapshotCreateRequest.java:validateAndUpdateCache(180)) - Created snapshot '231f41b5-8035-4d43-b93f-bd17dc3bec62' under path 'vol-a-60379/buc-a-52528'
2023-02-28 04:33:34,543 [OM StateMachine ApplyTransaction Thread - 0] INFO  snapshot.OMSnapshotCreateRequest (OMSnapshotCreateRequest.java:validateAndUpdateCache(180)) - Created snapshot '231f41b5-8035-4d43-b93f-bd17dc3bec62' under path 'vol-a-60379/buc-a-52528'
2023-02-28 04:33:34,577 [OMDoubleBufferFlushThread] INFO  db.RDBCheckpointManager (RDBCheckpointManager.java:createCheckpoint(96)) - Created checkpoint in rocksDB at /home/runner/work/ozone/ozone/hadoop-ozone/integration-test/target/test-dir/MiniOzoneClusterImpl-2052965b-440d-4b09-b4b3-db311f243d80/omNode-2/db.snapshots/om.db-c676f717-688f-41c4-98a1-a902085de15a in 33 milliseconds
2023-02-28 04:33:34,578 [OMDoubleBufferFlushThread] INFO  db.RDBCheckpointManager (RDBCheckpointManager.java:createCheckpoint(96)) - Created checkpoint in rocksDB at /home/runner/work/ozone/ozone/hadoop-ozone/integration-test/target/test-dir/MiniOzoneClusterImpl-2052965b-440d-4b09-b4b3-db311f243d80/omNode-1/db.snapshots/om.db-c676f717-688f-41c4-98a1-a902085de15a in 35 milliseconds
2023-02-28 04:33:34,578 [OMDoubleBufferFlushThread] INFO  db.RDBCheckpointManager (RDBCheckpointManager.java:waitForCheckpointDirectoryExist(125)) - Waited for 1 milliseconds for checkpoint directory /home/runner/work/ozone/ozone/hadoop-ozone/integration-test/target/test-dir/MiniOzoneClusterImpl-2052965b-440d-4b09-b4b3-db311f243d80/omNode-2/db.snapshots/om.db-c676f717-688f-41c4-98a1-a902085de15a availability.
2023-02-28 04:33:34,578 [OMDoubleBufferFlushThread] INFO  om.OmSnapshotManager (OmSnapshotManager.java:createOmSnapshotCheckpoint(163)) - Created checkpoint : /home/runner/work/ozone/ozone/hadoop-ozone/integration-test/target/test-dir/MiniOzoneClusterImpl-2052965b-440d-4b09-b4b3-db311f243d80/omNode-2/db.snapshots/om.db-c676f717-688f-41c4-98a1-a902085de15a for snapshot 231f41b5-8035-4d43-b93f-bd17dc3bec62
2023-02-28 04:33:34,579 [OMDoubleBufferFlushThread] INFO  db.RDBCheckpointManager (RDBCheckpointManager.java:createCheckpoint(96)) - Created checkpoint in rocksDB at /home/runner/work/ozone/ozone/hadoop-ozone/integration-test/target/test-dir/MiniOzoneClusterImpl-2052965b-440d-4b09-b4b3-db311f243d80/omNode-3/db.snapshots/om.db-c676f717-688f-41c4-98a1-a902085de15a in 35 milliseconds
2023-02-28 04:33:34,585 [OMDoubleBufferFlushThread] INFO  db.RDBCheckpointManager (RDBCheckpointManager.java:waitForCheckpointDirectoryExist(125)) - Waited for 7 milliseconds for checkpoint directory /home/runner/work/ozone/ozone/hadoop-ozone/integration-test/target/test-dir/MiniOzoneClusterImpl-2052965b-440d-4b09-b4b3-db311f243d80/omNode-1/db.snapshots/om.db-c676f717-688f-41c4-98a1-a902085de15a availability.
2023-02-28 04:33:34,585 [OMDoubleBufferFlushThread] INFO  om.OmSnapshotManager (OmSnapshotManager.java:createOmSnapshotCheckpoint(163)) - Created checkpoint : /home/runner/work/ozone/ozone/hadoop-ozone/integration-test/target/test-dir/MiniOzoneClusterImpl-2052965b-440d-4b09-b4b3-db311f243d80/omNode-1/db.snapshots/om.db-c676f717-688f-41c4-98a1-a902085de15a for snapshot 231f41b5-8035-4d43-b93f-bd17dc3bec62
2023-02-28 04:33:34,585 [OMDoubleBufferFlushThread] INFO  db.RDBCheckpointManager (RDBCheckpointManager.java:waitForCheckpointDirectoryExist(125)) - Waited for 6 milliseconds for checkpoint directory /home/runner/work/ozone/ozone/hadoop-ozone/integration-test/target/test-dir/MiniOzoneClusterImpl-2052965b-440d-4b09-b4b3-db311f243d80/omNode-3/db.snapshots/om.db-c676f717-688f-41c4-98a1-a902085de15a availability.
2023-02-28 04:33:34,585 [OMDoubleBufferFlushThread] INFO  om.OmSnapshotManager (OmSnapshotManager.java:createOmSnapshotCheckpoint(163)) - Created checkpoint : /home/runner/work/ozone/ozone/hadoop-ozone/integration-test/target/test-dir/MiniOzoneClusterImpl-2052965b-440d-4b09-b4b3-db311f243d80/omNode-3/db.snapshots/om.db-c676f717-688f-41c4-98a1-a902085de15a for snapshot 231f41b5-8035-4d43-b93f-bd17dc3bec62
2023-02-28 04:33:35,355 [EndpointStateMachine task thread for /0.0.0.0:41617 - 0 ] INFO  ipc.Client (Client.java:handleConnectionFailure(1010)) - Retrying connect to server: 0.0.0.0/0.0.0.0:41617. Already tried 14 time(s); retry policy is RetryUpToMaximumCountWithFixedSleep(maxRetries=15, sleepTime=1000 MILLISECONDS)
2023-02-28 04:33:35,356 [EndpointStateMachine task thread for /0.0.0.0:41617 - 0 ] WARN  statemachine.EndpointStateMachine (EndpointStateMachine.java:logIfNeeded(242)) - Unable to communicate to SCM server at 0.0.0.0:41617 for past 0 seconds.
java.net.ConnectException: Your endpoint configuration is wrong; For more details see:  http://wiki.apache.org/hadoop/UnsetHostnameOrPort
	at sun.reflect.NativeConstructorAccessorImpl.newInstance0(Native Method)
	at sun.reflect.NativeConstructorAccessorImpl.newInstance(NativeConstructorAccessorImpl.java:62)
	at sun.reflect.DelegatingConstructorAccessorImpl.newInstance(DelegatingConstructorAccessorImpl.java:45)
	at java.lang.reflect.Constructor.newInstance(Constructor.java:423)
	at org.apache.hadoop.net.NetUtils.wrapWithMessage(NetUtils.java:913)
	at org.apache.hadoop.net.NetUtils.wrapException(NetUtils.java:824)
	at org.apache.hadoop.ipc.Client.getRpcResponse(Client.java:1616)
	at org.apache.hadoop.ipc.Client.call(Client.java:1558)
	at org.apache.hadoop.ipc.Client.call(Client.java:1455)
	at org.apache.hadoop.ipc.ProtobufRpcEngine$Invoker.invoke(ProtobufRpcEngine.java:235)
	at org.apache.hadoop.ipc.ProtobufRpcEngine$Invoker.invoke(ProtobufRpcEngine.java:122)
	at com.sun.proxy.$Proxy54.submitRequest(Unknown Source)
	at org.apache.hadoop.ozone.protocolPB.StorageContainerDatanodeProtocolClientSideTranslatorPB.submitRequest(StorageContainerDatanodeProtocolClientSideTranslatorPB.java:117)
	at org.apache.hadoop.ozone.protocolPB.StorageContainerDatanodeProtocolClientSideTranslatorPB.sendHeartbeat(StorageContainerDatanodeProtocolClientSideTranslatorPB.java:149)
	at org.apache.hadoop.ozone.container.common.states.endpoint.HeartbeatEndpointTask.call(HeartbeatEndpointTask.java:185)
	at org.apache.hadoop.ozone.container.common.states.endpoint.HeartbeatEndpointTask.call(HeartbeatEndpointTask.java:87)
	at java.util.concurrent.FutureTask.run(FutureTask.java:266)
	at java.util.concurrent.ThreadPoolExecutor.runWorker(ThreadPoolExecutor.java:1149)
	at java.util.concurrent.ThreadPoolExecutor$Worker.run(ThreadPoolExecutor.java:624)
	at java.lang.Thread.run(Thread.java:750)
Caused by: java.net.ConnectException: Connection refused
	at sun.nio.ch.SocketChannelImpl.checkConnect(Native Method)
	at sun.nio.ch.SocketChannelImpl.finishConnect(SocketChannelImpl.java:716)
	at org.apache.hadoop.net.SocketIOWithTimeout.connect(SocketIOWithTimeout.java:205)
	at org.apache.hadoop.net.NetUtils.connect(NetUtils.java:586)
	at org.apache.hadoop.ipc.Client$Connection.setupConnection(Client.java:711)
	at org.apache.hadoop.ipc.Client$Connection.setupIOstreams(Client.java:833)
	at org.apache.hadoop.ipc.Client$Connection.access$3800(Client.java:414)
	at org.apache.hadoop.ipc.Client.getConnection(Client.java:1677)
	at org.apache.hadoop.ipc.Client.call(Client.java:1502)
	... 12 more
2023-02-28 04:33:35,546 [IPC Server handler 9 on default port 46183] WARN  server.ServerUtils (ServerUtils.java:getDBPath(225)) - ozone.om.db.dirs is not configured. We recommend adding this setting. Falling back to ozone.metadata.dirs instead.
2023-02-28 04:33:35,546 [IPC Server handler 9 on default port 46183] INFO  codec.OmKeyInfoCodec (OmKeyInfoCodec.java:<init>(49)) - OmKeyInfoCodec ignorePipeline = true
2023-02-28 04:33:35,546 [IPC Server handler 9 on default port 46183] INFO  codec.RepeatedOmKeyInfoCodec (RepeatedOmKeyInfoCodec.java:<init>(41)) - RepeatedOmKeyInfoCodec ignorePipeline = true
04:33:35.591 [IPC Server handler 8 on default port 46183] ERROR OMAudit - user=runner | ip=127.0.0.1 | op=GET_FILE_STATUS {volume=vol-a-60379, bucket=buc-a-52528, key=key-, dataSize=0, replicationConfig=null} | ret=FAILURE
org.apache.hadoop.ozone.om.exceptions.OMException: Unable to get file status: volume: vol-a-60379 bucket: buc-a-52528 key: key-
	at org.apache.hadoop.ozone.om.KeyManagerImpl.getOzoneFileStatusFSO(KeyManagerImpl.java:1285) ~[ozone-manager-1.4.0-SNAPSHOT.jar:?]
	at org.apache.hadoop.ozone.om.KeyManagerImpl.getFileStatus(KeyManagerImpl.java:1077) ~[ozone-manager-1.4.0-SNAPSHOT.jar:?]
	at org.apache.hadoop.ozone.om.OmMetadataReader.getFileStatus(OmMetadataReader.java:288) ~[ozone-manager-1.4.0-SNAPSHOT.jar:?]
	at org.apache.hadoop.ozone.om.OmSnapshot.getFileStatus(OmSnapshot.java:118) ~[ozone-manager-1.4.0-SNAPSHOT.jar:?]
	at org.apache.hadoop.ozone.om.OzoneManager.getFileStatus(OzoneManager.java:3481) ~[ozone-manager-1.4.0-SNAPSHOT.jar:?]
	at org.apache.hadoop.ozone.protocolPB.OzoneManagerRequestHandler.getOzoneFileStatus(OzoneManagerRequestHandler.java:933) ~[ozone-manager-1.4.0-SNAPSHOT.jar:?]
	at org.apache.hadoop.ozone.protocolPB.OzoneManagerRequestHandler.handleReadRequest(OzoneManagerRequestHandler.java:238) ~[ozone-manager-1.4.0-SNAPSHOT.jar:?]
	at org.apache.hadoop.ozone.protocolPB.OzoneManagerProtocolServerSideTranslatorPB.submitReadRequestToOM(OzoneManagerProtocolServerSideTranslatorPB.java:223) ~[ozone-manager-1.4.0-SNAPSHOT.jar:?]
	at org.apache.hadoop.ozone.protocolPB.OzoneManagerProtocolServerSideTranslatorPB.processRequest(OzoneManagerProtocolServerSideTranslatorPB.java:177) ~[ozone-manager-1.4.0-SNAPSHOT.jar:?]
	at org.apache.hadoop.hdds.server.OzoneProtocolMessageDispatcher.processRequest(OzoneProtocolMessageDispatcher.java:87) [hdds-server-framework-1.4.0-SNAPSHOT.jar:?]
	at org.apache.hadoop.ozone.protocolPB.OzoneManagerProtocolServerSideTranslatorPB.submitRequest(OzoneManagerProtocolServerSideTranslatorPB.java:147) [ozone-manager-1.4.0-SNAPSHOT.jar:?]
	at org.apache.hadoop.ozone.protocol.proto.OzoneManagerProtocolProtos$OzoneManagerService$2.callBlockingMethod(OzoneManagerProtocolProtos.java) [ozone-interface-client-1.4.0-SNAPSHOT.jar:?]
	at org.apache.hadoop.ipc.ProtobufRpcEngine$Server.processCall(ProtobufRpcEngine.java:465) [hadoop-common-3.3.4.jar:?]
	at org.apache.hadoop.ipc.ProtobufRpcEngine2$Server$ProtoBufRpcInvoker.call(ProtobufRpcEngine2.java:578) [hadoop-common-3.3.4.jar:?]
	at org.apache.hadoop.ipc.ProtobufRpcEngine2$Server$ProtoBufRpcInvoker.call(ProtobufRpcEngine2.java:556) [hadoop-common-3.3.4.jar:?]
	at org.apache.hadoop.ipc.RPC$Server.call(RPC.java:1093) [hadoop-common-3.3.4.jar:?]
	at org.apache.hadoop.ipc.Server$RpcCall.run(Server.java:1043) [hadoop-common-3.3.4.jar:?]
	at org.apache.hadoop.ipc.Server$RpcCall.run(Server.java:971) [hadoop-common-3.3.4.jar:?]
	at java.security.AccessController.doPrivileged(Native Method) ~[?:1.8.0_362]
	at javax.security.auth.Subject.doAs(Subject.java:422) [?:1.8.0_362]
	at org.apache.hadoop.security.UserGroupInformation.doAs(UserGroupInformation.java:1878) [hadoop-common-3.3.4.jar:?]
	at org.apache.hadoop.ipc.Server$Handler.run(Server.java:2976) [hadoop-common-3.3.4.jar:?]
2023-02-28 04:33:35,598 [OM StateMachine ApplyTransaction Thread - 0] INFO  snapshot.OMSnapshotCreateRequest (OMSnapshotCreateRequest.java:validateAndUpdateCache(180)) - Created snapshot 'ef64e80c-81f2-4000-9068-ab5a1b39b25a' under path 'vol-a-60379/buc-b-26871'
2023-02-28 04:33:35,601 [OM StateMachine ApplyTransaction Thread - 0] INFO  snapshot.OMSnapshotCreateRequest (OMSnapshotCreateRequest.java:validateAndUpdateCache(180)) - Created snapshot 'ef64e80c-81f2-4000-9068-ab5a1b39b25a' under path 'vol-a-60379/buc-b-26871'
2023-02-28 04:33:35,601 [OM StateMachine ApplyTransaction Thread - 0] INFO  snapshot.OMSnapshotCreateRequest (OMSnapshotCreateRequest.java:validateAndUpdateCache(180)) - Created snapshot 'ef64e80c-81f2-4000-9068-ab5a1b39b25a' under path 'vol-a-60379/buc-b-26871'
2023-02-28 04:33:35,613 [OMDoubleBufferFlushThread] INFO  db.RDBCheckpointManager (RDBCheckpointManager.java:createCheckpoint(96)) - Created checkpoint in rocksDB at /home/runner/work/ozone/ozone/hadoop-ozone/integration-test/target/test-dir/MiniOzoneClusterImpl-2052965b-440d-4b09-b4b3-db311f243d80/omNode-1/db.snapshots/om.db-1b03b278-5523-4b8e-a4df-ea191be44f15 in 11 milliseconds
2023-02-28 04:33:35,618 [OMDoubleBufferFlushThread] INFO  db.RDBCheckpointManager (RDBCheckpointManager.java:waitForCheckpointDirectoryExist(125)) - Waited for 5 milliseconds for checkpoint directory /home/runner/work/ozone/ozone/hadoop-ozone/integration-test/target/test-dir/MiniOzoneClusterImpl-2052965b-440d-4b09-b4b3-db311f243d80/omNode-1/db.snapshots/om.db-1b03b278-5523-4b8e-a4df-ea191be44f15 availability.
2023-02-28 04:33:35,618 [OMDoubleBufferFlushThread] INFO  om.OmSnapshotManager (OmSnapshotManager.java:createOmSnapshotCheckpoint(163)) - Created checkpoint : /home/runner/work/ozone/ozone/hadoop-ozone/integration-test/target/test-dir/MiniOzoneClusterImpl-2052965b-440d-4b09-b4b3-db311f243d80/omNode-1/db.snapshots/om.db-1b03b278-5523-4b8e-a4df-ea191be44f15 for snapshot ef64e80c-81f2-4000-9068-ab5a1b39b25a
2023-02-28 04:33:35,621 [OMDoubleBufferFlushThread] INFO  db.RDBCheckpointManager (RDBCheckpointManager.java:createCheckpoint(96)) - Created checkpoint in rocksDB at /home/runner/work/ozone/ozone/hadoop-ozone/integration-test/target/test-dir/MiniOzoneClusterImpl-2052965b-440d-4b09-b4b3-db311f243d80/omNode-3/db.snapshots/om.db-1b03b278-5523-4b8e-a4df-ea191be44f15 in 18 milliseconds
2023-02-28 04:33:35,621 [OMDoubleBufferFlushThread] INFO  db.RDBCheckpointManager (RDBCheckpointManager.java:waitForCheckpointDirectoryExist(125)) - Waited for 0 milliseconds for checkpoint directory /home/runner/work/ozone/ozone/hadoop-ozone/integration-test/target/test-dir/MiniOzoneClusterImpl-2052965b-440d-4b09-b4b3-db311f243d80/omNode-3/db.snapshots/om.db-1b03b278-5523-4b8e-a4df-ea191be44f15 availability.
2023-02-28 04:33:35,621 [OMDoubleBufferFlushThread] INFO  om.OmSnapshotManager (OmSnapshotManager.java:createOmSnapshotCheckpoint(163)) - Created checkpoint : /home/runner/work/ozone/ozone/hadoop-ozone/integration-test/target/test-dir/MiniOzoneClusterImpl-2052965b-440d-4b09-b4b3-db311f243d80/omNode-3/db.snapshots/om.db-1b03b278-5523-4b8e-a4df-ea191be44f15 for snapshot ef64e80c-81f2-4000-9068-ab5a1b39b25a
2023-02-28 04:33:35,622 [OMDoubleBufferFlushThread] INFO  db.RDBCheckpointManager (RDBCheckpointManager.java:createCheckpoint(96)) - Created checkpoint in rocksDB at /home/runner/work/ozone/ozone/hadoop-ozone/integration-test/target/test-dir/MiniOzoneClusterImpl-2052965b-440d-4b09-b4b3-db311f243d80/omNode-2/db.snapshots/om.db-1b03b278-5523-4b8e-a4df-ea191be44f15 in 19 milliseconds
2023-02-28 04:33:35,626 [OMDoubleBufferFlushThread] INFO  db.RDBCheckpointManager (RDBCheckpointManager.java:waitForCheckpointDirectoryExist(125)) - Waited for 4 milliseconds for checkpoint directory /home/runner/work/ozone/ozone/hadoop-ozone/integration-test/target/test-dir/MiniOzoneClusterImpl-2052965b-440d-4b09-b4b3-db311f243d80/omNode-2/db.snapshots/om.db-1b03b278-5523-4b8e-a4df-ea191be44f15 availability.
2023-02-28 04:33:35,626 [OMDoubleBufferFlushThread] INFO  om.OmSnapshotManager (OmSnapshotManager.java:createOmSnapshotCheckpoint(163)) - Created checkpoint : /home/runner/work/ozone/ozone/hadoop-ozone/integration-test/target/test-dir/MiniOzoneClusterImpl-2052965b-440d-4b09-b4b3-db311f243d80/omNode-2/db.snapshots/om.db-1b03b278-5523-4b8e-a4df-ea191be44f15 for snapshot ef64e80c-81f2-4000-9068-ab5a1b39b25a
2023-02-28 04:33:36,357 [EndpointStateMachine task thread for /0.0.0.0:41617 - 0 ] INFO  ipc.Client (Client.java:handleConnectionFailure(1010)) - Retrying connect to server: 0.0.0.0/0.0.0.0:41617. Already tried 0 time(s); retry policy is RetryUpToMaximumCountWithFixedSleep(maxRetries=15, sleepTime=1000 MILLISECONDS)
2023-02-28 04:33:36,680 [IPC Server handler 15 on default port 46183] WARN  server.ServerUtils (ServerUtils.java:getDBPath(225)) - ozone.om.db.dirs is not configured. We recommend adding this setting. Falling back to ozone.metadata.dirs instead.
2023-02-28 04:33:36,680 [IPC Server handler 15 on default port 46183] INFO  codec.OmKeyInfoCodec (OmKeyInfoCodec.java:<init>(49)) - OmKeyInfoCodec ignorePipeline = true
2023-02-28 04:33:36,680 [IPC Server handler 15 on default port 46183] INFO  codec.RepeatedOmKeyInfoCodec (RepeatedOmKeyInfoCodec.java:<init>(41)) - RepeatedOmKeyInfoCodec ignorePipeline = true
04:33:36.735 [IPC Server handler 14 on default port 46183] ERROR OMAudit - user=runner | ip=127.0.0.1 | op=GET_FILE_STATUS {volume=vol-a-60379, bucket=buc-b-26871, key=key-, dataSize=0, replicationConfig=null} | ret=FAILURE
org.apache.hadoop.ozone.om.exceptions.OMException: Unable to get file status: volume: vol-a-60379 bucket: buc-b-26871 key: key-
	at org.apache.hadoop.ozone.om.KeyManagerImpl.getOzoneFileStatusFSO(KeyManagerImpl.java:1285) ~[ozone-manager-1.4.0-SNAPSHOT.jar:?]
	at org.apache.hadoop.ozone.om.KeyManagerImpl.getFileStatus(KeyManagerImpl.java:1077) ~[ozone-manager-1.4.0-SNAPSHOT.jar:?]
	at org.apache.hadoop.ozone.om.OmMetadataReader.getFileStatus(OmMetadataReader.java:288) ~[ozone-manager-1.4.0-SNAPSHOT.jar:?]
	at org.apache.hadoop.ozone.om.OmSnapshot.getFileStatus(OmSnapshot.java:118) ~[ozone-manager-1.4.0-SNAPSHOT.jar:?]
	at org.apache.hadoop.ozone.om.OzoneManager.getFileStatus(OzoneManager.java:3481) ~[ozone-manager-1.4.0-SNAPSHOT.jar:?]
	at org.apache.hadoop.ozone.protocolPB.OzoneManagerRequestHandler.getOzoneFileStatus(OzoneManagerRequestHandler.java:933) ~[ozone-manager-1.4.0-SNAPSHOT.jar:?]
	at org.apache.hadoop.ozone.protocolPB.OzoneManagerRequestHandler.handleReadRequest(OzoneManagerRequestHandler.java:238) ~[ozone-manager-1.4.0-SNAPSHOT.jar:?]
	at org.apache.hadoop.ozone.protocolPB.OzoneManagerProtocolServerSideTranslatorPB.submitReadRequestToOM(OzoneManagerProtocolServerSideTranslatorPB.java:223) ~[ozone-manager-1.4.0-SNAPSHOT.jar:?]
	at org.apache.hadoop.ozone.protocolPB.OzoneManagerProtocolServerSideTranslatorPB.processRequest(OzoneManagerProtocolServerSideTranslatorPB.java:177) ~[ozone-manager-1.4.0-SNAPSHOT.jar:?]
	at org.apache.hadoop.hdds.server.OzoneProtocolMessageDispatcher.processRequest(OzoneProtocolMessageDispatcher.java:87) [hdds-server-framework-1.4.0-SNAPSHOT.jar:?]
	at org.apache.hadoop.ozone.protocolPB.OzoneManagerProtocolServerSideTranslatorPB.submitRequest(OzoneManagerProtocolServerSideTranslatorPB.java:147) [ozone-manager-1.4.0-SNAPSHOT.jar:?]
	at org.apache.hadoop.ozone.protocol.proto.OzoneManagerProtocolProtos$OzoneManagerService$2.callBlockingMethod(OzoneManagerProtocolProtos.java) [ozone-interface-client-1.4.0-SNAPSHOT.jar:?]
	at org.apache.hadoop.ipc.ProtobufRpcEngine$Server.processCall(ProtobufRpcEngine.java:465) [hadoop-common-3.3.4.jar:?]
	at org.apache.hadoop.ipc.ProtobufRpcEngine2$Server$ProtoBufRpcInvoker.call(ProtobufRpcEngine2.java:578) [hadoop-common-3.3.4.jar:?]
	at org.apache.hadoop.ipc.ProtobufRpcEngine2$Server$ProtoBufRpcInvoker.call(ProtobufRpcEngine2.java:556) [hadoop-common-3.3.4.jar:?]
	at org.apache.hadoop.ipc.RPC$Server.call(RPC.java:1093) [hadoop-common-3.3.4.jar:?]
	at org.apache.hadoop.ipc.Server$RpcCall.run(Server.java:1043) [hadoop-common-3.3.4.jar:?]
	at org.apache.hadoop.ipc.Server$RpcCall.run(Server.java:971) [hadoop-common-3.3.4.jar:?]
	at java.security.AccessController.doPrivileged(Native Method) ~[?:1.8.0_362]
	at javax.security.auth.Subject.doAs(Subject.java:422) [?:1.8.0_362]
	at org.apache.hadoop.security.UserGroupInformation.doAs(UserGroupInformation.java:1878) [hadoop-common-3.3.4.jar:?]
	at org.apache.hadoop.ipc.Server$Handler.run(Server.java:2976) [hadoop-common-3.3.4.jar:?]
2023-02-28 04:33:36,740 [OM StateMachine ApplyTransaction Thread - 0] INFO  snapshot.OMSnapshotCreateRequest (OMSnapshotCreateRequest.java:validateAndUpdateCache(180)) - Created snapshot '7eff6615-127b-465f-92fc-4e48876b38c3' under path 'vol-b-75694/buc-a-52528'
2023-02-28 04:33:36,742 [OM StateMachine ApplyTransaction Thread - 0] INFO  snapshot.OMSnapshotCreateRequest (OMSnapshotCreateRequest.java:validateAndUpdateCache(180)) - Created snapshot '7eff6615-127b-465f-92fc-4e48876b38c3' under path 'vol-b-75694/buc-a-52528'
2023-02-28 04:33:36,742 [OM StateMachine ApplyTransaction Thread - 0] INFO  snapshot.OMSnapshotCreateRequest (OMSnapshotCreateRequest.java:validateAndUpdateCache(180)) - Created snapshot '7eff6615-127b-465f-92fc-4e48876b38c3' under path 'vol-b-75694/buc-a-52528'
2023-02-28 04:33:36,764 [OMDoubleBufferFlushThread] INFO  db.RDBCheckpointManager (RDBCheckpointManager.java:createCheckpoint(96)) - Created checkpoint in rocksDB at /home/runner/work/ozone/ozone/hadoop-ozone/integration-test/target/test-dir/MiniOzoneClusterImpl-2052965b-440d-4b09-b4b3-db311f243d80/omNode-2/db.snapshots/om.db-31ce4f61-67f1-482e-bd62-712a05278f93 in 21 milliseconds
2023-02-28 04:33:36,765 [OMDoubleBufferFlushThread] INFO  db.RDBCheckpointManager (RDBCheckpointManager.java:waitForCheckpointDirectoryExist(125)) - Waited for 1 milliseconds for checkpoint directory /home/runner/work/ozone/ozone/hadoop-ozone/integration-test/target/test-dir/MiniOzoneClusterImpl-2052965b-440d-4b09-b4b3-db311f243d80/omNode-2/db.snapshots/om.db-31ce4f61-67f1-482e-bd62-712a05278f93 availability.
2023-02-28 04:33:36,765 [OMDoubleBufferFlushThread] INFO  om.OmSnapshotManager (OmSnapshotManager.java:createOmSnapshotCheckpoint(163)) - Created checkpoint : /home/runner/work/ozone/ozone/hadoop-ozone/integration-test/target/test-dir/MiniOzoneClusterImpl-2052965b-440d-4b09-b4b3-db311f243d80/omNode-2/db.snapshots/om.db-31ce4f61-67f1-482e-bd62-712a05278f93 for snapshot 7eff6615-127b-465f-92fc-4e48876b38c3
2023-02-28 04:33:36,768 [OMDoubleBufferFlushThread] INFO  db.RDBCheckpointManager (RDBCheckpointManager.java:createCheckpoint(96)) - Created checkpoint in rocksDB at /home/runner/work/ozone/ozone/hadoop-ozone/integration-test/target/test-dir/MiniOzoneClusterImpl-2052965b-440d-4b09-b4b3-db311f243d80/omNode-1/db.snapshots/om.db-31ce4f61-67f1-482e-bd62-712a05278f93 in 24 milliseconds
2023-02-28 04:33:36,768 [OMDoubleBufferFlushThread] INFO  db.RDBCheckpointManager (RDBCheckpointManager.java:waitForCheckpointDirectoryExist(125)) - Waited for 0 milliseconds for checkpoint directory /home/runner/work/ozone/ozone/hadoop-ozone/integration-test/target/test-dir/MiniOzoneClusterImpl-2052965b-440d-4b09-b4b3-db311f243d80/omNode-1/db.snapshots/om.db-31ce4f61-67f1-482e-bd62-712a05278f93 availability.
2023-02-28 04:33:36,768 [OMDoubleBufferFlushThread] INFO  om.OmSnapshotManager (OmSnapshotManager.java:createOmSnapshotCheckpoint(163)) - Created checkpoint : /home/runner/work/ozone/ozone/hadoop-ozone/integration-test/target/test-dir/MiniOzoneClusterImpl-2052965b-440d-4b09-b4b3-db311f243d80/omNode-1/db.snapshots/om.db-31ce4f61-67f1-482e-bd62-712a05278f93 for snapshot 7eff6615-127b-465f-92fc-4e48876b38c3
2023-02-28 04:33:36,770 [OMDoubleBufferFlushThread] INFO  db.RDBCheckpointManager (RDBCheckpointManager.java:createCheckpoint(96)) - Created checkpoint in rocksDB at /home/runner/work/ozone/ozone/hadoop-ozone/integration-test/target/test-dir/MiniOzoneClusterImpl-2052965b-440d-4b09-b4b3-db311f243d80/omNode-3/db.snapshots/om.db-31ce4f61-67f1-482e-bd62-712a05278f93 in 26 milliseconds
2023-02-28 04:33:36,771 [OMDoubleBufferFlushThread] INFO  db.RDBCheckpointManager (RDBCheckpointManager.java:waitForCheckpointDirectoryExist(125)) - Waited for 1 milliseconds for checkpoint directory /home/runner/work/ozone/ozone/hadoop-ozone/integration-test/target/test-dir/MiniOzoneClusterImpl-2052965b-440d-4b09-b4b3-db311f243d80/omNode-3/db.snapshots/om.db-31ce4f61-67f1-482e-bd62-712a05278f93 availability.
2023-02-28 04:33:36,771 [OMDoubleBufferFlushThread] INFO  om.OmSnapshotManager (OmSnapshotManager.java:createOmSnapshotCheckpoint(163)) - Created checkpoint : /home/runner/work/ozone/ozone/hadoop-ozone/integration-test/target/test-dir/MiniOzoneClusterImpl-2052965b-440d-4b09-b4b3-db311f243d80/omNode-3/db.snapshots/om.db-31ce4f61-67f1-482e-bd62-712a05278f93 for snapshot 7eff6615-127b-465f-92fc-4e48876b38c3
2023-02-28 04:33:37,357 [EndpointStateMachine task thread for /0.0.0.0:41617 - 0 ] INFO  ipc.Client (Client.java:handleConnectionFailure(1010)) - Retrying connect to server: 0.0.0.0/0.0.0.0:41617. Already tried 1 time(s); retry policy is RetryUpToMaximumCountWithFixedSleep(maxRetries=15, sleepTime=1000 MILLISECONDS)
2023-02-28 04:33:37,823 [IPC Server handler 0 on default port 46183] WARN  server.ServerUtils (ServerUtils.java:getDBPath(225)) - ozone.om.db.dirs is not configured. We recommend adding this setting. Falling back to ozone.metadata.dirs instead.
2023-02-28 04:33:37,823 [IPC Server handler 0 on default port 46183] INFO  codec.OmKeyInfoCodec (OmKeyInfoCodec.java:<init>(49)) - OmKeyInfoCodec ignorePipeline = true
2023-02-28 04:33:37,823 [IPC Server handler 0 on default port 46183] INFO  codec.RepeatedOmKeyInfoCodec (RepeatedOmKeyInfoCodec.java:<init>(41)) - RepeatedOmKeyInfoCodec ignorePipeline = true
04:33:37.854 [IPC Server handler 2 on default port 46183] ERROR OMAudit - user=runner | ip=127.0.0.1 | op=GET_FILE_STATUS {volume=vol-b-75694, bucket=buc-a-52528, key=key-, dataSize=0, replicationConfig=null} | ret=FAILURE
org.apache.hadoop.ozone.om.exceptions.OMException: Unable to get file status: volume: vol-b-75694 bucket: buc-a-52528 key: key-
	at org.apache.hadoop.ozone.om.KeyManagerImpl.getOzoneFileStatusFSO(KeyManagerImpl.java:1285) ~[ozone-manager-1.4.0-SNAPSHOT.jar:?]
	at org.apache.hadoop.ozone.om.KeyManagerImpl.getFileStatus(KeyManagerImpl.java:1077) ~[ozone-manager-1.4.0-SNAPSHOT.jar:?]
	at org.apache.hadoop.ozone.om.OmMetadataReader.getFileStatus(OmMetadataReader.java:288) ~[ozone-manager-1.4.0-SNAPSHOT.jar:?]
	at org.apache.hadoop.ozone.om.OmSnapshot.getFileStatus(OmSnapshot.java:118) ~[ozone-manager-1.4.0-SNAPSHOT.jar:?]
	at org.apache.hadoop.ozone.om.OzoneManager.getFileStatus(OzoneManager.java:3481) ~[ozone-manager-1.4.0-SNAPSHOT.jar:?]
	at org.apache.hadoop.ozone.protocolPB.OzoneManagerRequestHandler.getOzoneFileStatus(OzoneManagerRequestHandler.java:933) ~[ozone-manager-1.4.0-SNAPSHOT.jar:?]
	at org.apache.hadoop.ozone.protocolPB.OzoneManagerRequestHandler.handleReadRequest(OzoneManagerRequestHandler.java:238) ~[ozone-manager-1.4.0-SNAPSHOT.jar:?]
	at org.apache.hadoop.ozone.protocolPB.OzoneManagerProtocolServerSideTranslatorPB.submitReadRequestToOM(OzoneManagerProtocolServerSideTranslatorPB.java:223) ~[ozone-manager-1.4.0-SNAPSHOT.jar:?]
	at org.apache.hadoop.ozone.protocolPB.OzoneManagerProtocolServerSideTranslatorPB.processRequest(OzoneManagerProtocolServerSideTranslatorPB.java:177) ~[ozone-manager-1.4.0-SNAPSHOT.jar:?]
	at org.apache.hadoop.hdds.server.OzoneProtocolMessageDispatcher.processRequest(OzoneProtocolMessageDispatcher.java:87) [hdds-server-framework-1.4.0-SNAPSHOT.jar:?]
	at org.apache.hadoop.ozone.protocolPB.OzoneManagerProtocolServerSideTranslatorPB.submitRequest(OzoneManagerProtocolServerSideTranslatorPB.java:147) [ozone-manager-1.4.0-SNAPSHOT.jar:?]
	at org.apache.hadoop.ozone.protocol.proto.OzoneManagerProtocolProtos$OzoneManagerService$2.callBlockingMethod(OzoneManagerProtocolProtos.java) [ozone-interface-client-1.4.0-SNAPSHOT.jar:?]
	at org.apache.hadoop.ipc.ProtobufRpcEngine$Server.processCall(ProtobufRpcEngine.java:465) [hadoop-common-3.3.4.jar:?]
	at org.apache.hadoop.ipc.ProtobufRpcEngine2$Server$ProtoBufRpcInvoker.call(ProtobufRpcEngine2.java:578) [hadoop-common-3.3.4.jar:?]
	at org.apache.hadoop.ipc.ProtobufRpcEngine2$Server$ProtoBufRpcInvoker.call(ProtobufRpcEngine2.java:556) [hadoop-common-3.3.4.jar:?]
	at org.apache.hadoop.ipc.RPC$Server.call(RPC.java:1093) [hadoop-common-3.3.4.jar:?]
	at org.apache.hadoop.ipc.Server$RpcCall.run(Server.java:1043) [hadoop-common-3.3.4.jar:?]
	at org.apache.hadoop.ipc.Server$RpcCall.run(Server.java:971) [hadoop-common-3.3.4.jar:?]
	at java.security.AccessController.doPrivileged(Native Method) ~[?:1.8.0_362]
	at javax.security.auth.Subject.doAs(Subject.java:422) [?:1.8.0_362]
	at org.apache.hadoop.security.UserGroupInformation.doAs(UserGroupInformation.java:1878) [hadoop-common-3.3.4.jar:?]
	at org.apache.hadoop.ipc.Server$Handler.run(Server.java:2976) [hadoop-common-3.3.4.jar:?]
2023-02-28 04:33:37,861 [OM StateMachine ApplyTransaction Thread - 0] INFO  snapshot.OMSnapshotCreateRequest (OMSnapshotCreateRequest.java:validateAndUpdateCache(180)) - Created snapshot '96239ef7-55c6-4d59-a686-ab0de5de1ab7' under path 'vol-b-75694/buc-b-26871'
2023-02-28 04:33:37,862 [OM StateMachine ApplyTransaction Thread - 0] INFO  snapshot.OMSnapshotCreateRequest (OMSnapshotCreateRequest.java:validateAndUpdateCache(180)) - Created snapshot '96239ef7-55c6-4d59-a686-ab0de5de1ab7' under path 'vol-b-75694/buc-b-26871'
2023-02-28 04:33:37,863 [OM StateMachine ApplyTransaction Thread - 0] INFO  snapshot.OMSnapshotCreateRequest (OMSnapshotCreateRequest.java:validateAndUpdateCache(180)) - Created snapshot '96239ef7-55c6-4d59-a686-ab0de5de1ab7' under path 'vol-b-75694/buc-b-26871'
2023-02-28 04:33:37,888 [OMDoubleBufferFlushThread] INFO  db.RDBCheckpointManager (RDBCheckpointManager.java:createCheckpoint(96)) - Created checkpoint in rocksDB at /home/runner/work/ozone/ozone/hadoop-ozone/integration-test/target/test-dir/MiniOzoneClusterImpl-2052965b-440d-4b09-b4b3-db311f243d80/omNode-3/db.snapshots/om.db-8bc2d8ec-704c-40e1-9354-8aa38902b210 in 25 milliseconds
2023-02-28 04:33:37,889 [OMDoubleBufferFlushThread] INFO  db.RDBCheckpointManager (RDBCheckpointManager.java:createCheckpoint(96)) - Created checkpoint in rocksDB at /home/runner/work/ozone/ozone/hadoop-ozone/integration-test/target/test-dir/MiniOzoneClusterImpl-2052965b-440d-4b09-b4b3-db311f243d80/omNode-1/db.snapshots/om.db-8bc2d8ec-704c-40e1-9354-8aa38902b210 in 26 milliseconds
2023-02-28 04:33:37,889 [OMDoubleBufferFlushThread] INFO  db.RDBCheckpointManager (RDBCheckpointManager.java:createCheckpoint(96)) - Created checkpoint in rocksDB at /home/runner/work/ozone/ozone/hadoop-ozone/integration-test/target/test-dir/MiniOzoneClusterImpl-2052965b-440d-4b09-b4b3-db311f243d80/omNode-2/db.snapshots/om.db-8bc2d8ec-704c-40e1-9354-8aa38902b210 in 24 milliseconds
2023-02-28 04:33:37,889 [OMDoubleBufferFlushThread] INFO  db.RDBCheckpointManager (RDBCheckpointManager.java:waitForCheckpointDirectoryExist(125)) - Waited for 1 milliseconds for checkpoint directory /home/runner/work/ozone/ozone/hadoop-ozone/integration-test/target/test-dir/MiniOzoneClusterImpl-2052965b-440d-4b09-b4b3-db311f243d80/omNode-3/db.snapshots/om.db-8bc2d8ec-704c-40e1-9354-8aa38902b210 availability.
2023-02-28 04:33:37,889 [OMDoubleBufferFlushThread] INFO  om.OmSnapshotManager (OmSnapshotManager.java:createOmSnapshotCheckpoint(163)) - Created checkpoint : /home/runner/work/ozone/ozone/hadoop-ozone/integration-test/target/test-dir/MiniOzoneClusterImpl-2052965b-440d-4b09-b4b3-db311f243d80/omNode-3/db.snapshots/om.db-8bc2d8ec-704c-40e1-9354-8aa38902b210 for snapshot 96239ef7-55c6-4d59-a686-ab0de5de1ab7
2023-02-28 04:33:37,890 [OMDoubleBufferFlushThread] INFO  db.RDBCheckpointManager (RDBCheckpointManager.java:waitForCheckpointDirectoryExist(125)) - Waited for 1 milliseconds for checkpoint directory /home/runner/work/ozone/ozone/hadoop-ozone/integration-test/target/test-dir/MiniOzoneClusterImpl-2052965b-440d-4b09-b4b3-db311f243d80/omNode-1/db.snapshots/om.db-8bc2d8ec-704c-40e1-9354-8aa38902b210 availability.
2023-02-28 04:33:37,890 [OMDoubleBufferFlushThread] INFO  om.OmSnapshotManager (OmSnapshotManager.java:createOmSnapshotCheckpoint(163)) - Created checkpoint : /home/runner/work/ozone/ozone/hadoop-ozone/integration-test/target/test-dir/MiniOzoneClusterImpl-2052965b-440d-4b09-b4b3-db311f243d80/omNode-1/db.snapshots/om.db-8bc2d8ec-704c-40e1-9354-8aa38902b210 for snapshot 96239ef7-55c6-4d59-a686-ab0de5de1ab7
2023-02-28 04:33:37,891 [OMDoubleBufferFlushThread] INFO  db.RDBCheckpointManager (RDBCheckpointManager.java:waitForCheckpointDirectoryExist(125)) - Waited for 2 milliseconds for checkpoint directory /home/runner/work/ozone/ozone/hadoop-ozone/integration-test/target/test-dir/MiniOzoneClusterImpl-2052965b-440d-4b09-b4b3-db311f243d80/omNode-2/db.snapshots/om.db-8bc2d8ec-704c-40e1-9354-8aa38902b210 availability.
2023-02-28 04:33:37,891 [OMDoubleBufferFlushThread] INFO  om.OmSnapshotManager (OmSnapshotManager.java:createOmSnapshotCheckpoint(163)) - Created checkpoint : /home/runner/work/ozone/ozone/hadoop-ozone/integration-test/target/test-dir/MiniOzoneClusterImpl-2052965b-440d-4b09-b4b3-db311f243d80/omNode-2/db.snapshots/om.db-8bc2d8ec-704c-40e1-9354-8aa38902b210 for snapshot 96239ef7-55c6-4d59-a686-ab0de5de1ab7
2023-02-28 04:33:38,358 [EndpointStateMachine task thread for /0.0.0.0:41617 - 0 ] INFO  ipc.Client (Client.java:handleConnectionFailure(1010)) - Retrying connect to server: 0.0.0.0/0.0.0.0:41617. Already tried 2 time(s); retry policy is RetryUpToMaximumCountWithFixedSleep(maxRetries=15, sleepTime=1000 MILLISECONDS)
2023-02-28 04:33:38,950 [IPC Server handler 6 on default port 46183] WARN  server.ServerUtils (ServerUtils.java:getDBPath(225)) - ozone.om.db.dirs is not configured. We recommend adding this setting. Falling back to ozone.metadata.dirs instead.
2023-02-28 04:33:38,950 [IPC Server handler 6 on default port 46183] INFO  codec.OmKeyInfoCodec (OmKeyInfoCodec.java:<init>(49)) - OmKeyInfoCodec ignorePipeline = true
2023-02-28 04:33:38,950 [IPC Server handler 6 on default port 46183] INFO  codec.RepeatedOmKeyInfoCodec (RepeatedOmKeyInfoCodec.java:<init>(41)) - RepeatedOmKeyInfoCodec ignorePipeline = true
04:33:39.050 [IPC Server handler 10 on default port 46183] ERROR OMAudit - user=runner | ip=127.0.0.1 | op=GET_FILE_STATUS {volume=vol-b-75694, bucket=buc-b-26871, key=key-, dataSize=0, replicationConfig=null} | ret=FAILURE
org.apache.hadoop.ozone.om.exceptions.OMException: Unable to get file status: volume: vol-b-75694 bucket: buc-b-26871 key: key-
	at org.apache.hadoop.ozone.om.KeyManagerImpl.getOzoneFileStatusFSO(KeyManagerImpl.java:1285) ~[ozone-manager-1.4.0-SNAPSHOT.jar:?]
	at org.apache.hadoop.ozone.om.KeyManagerImpl.getFileStatus(KeyManagerImpl.java:1077) ~[ozone-manager-1.4.0-SNAPSHOT.jar:?]
	at org.apache.hadoop.ozone.om.OmMetadataReader.getFileStatus(OmMetadataReader.java:288) ~[ozone-manager-1.4.0-SNAPSHOT.jar:?]
	at org.apache.hadoop.ozone.om.OmSnapshot.getFileStatus(OmSnapshot.java:118) ~[ozone-manager-1.4.0-SNAPSHOT.jar:?]
	at org.apache.hadoop.ozone.om.OzoneManager.getFileStatus(OzoneManager.java:3481) ~[ozone-manager-1.4.0-SNAPSHOT.jar:?]
	at org.apache.hadoop.ozone.protocolPB.OzoneManagerRequestHandler.getOzoneFileStatus(OzoneManagerRequestHandler.java:933) ~[ozone-manager-1.4.0-SNAPSHOT.jar:?]
	at org.apache.hadoop.ozone.protocolPB.OzoneManagerRequestHandler.handleReadRequest(OzoneManagerRequestHandler.java:238) ~[ozone-manager-1.4.0-SNAPSHOT.jar:?]
	at org.apache.hadoop.ozone.protocolPB.OzoneManagerProtocolServerSideTranslatorPB.submitReadRequestToOM(OzoneManagerProtocolServerSideTranslatorPB.java:223) ~[ozone-manager-1.4.0-SNAPSHOT.jar:?]
	at org.apache.hadoop.ozone.protocolPB.OzoneManagerProtocolServerSideTranslatorPB.processRequest(OzoneManagerProtocolServerSideTranslatorPB.java:177) ~[ozone-manager-1.4.0-SNAPSHOT.jar:?]
	at org.apache.hadoop.hdds.server.OzoneProtocolMessageDispatcher.processRequest(OzoneProtocolMessageDispatcher.java:87) [hdds-server-framework-1.4.0-SNAPSHOT.jar:?]
	at org.apache.hadoop.ozone.protocolPB.OzoneManagerProtocolServerSideTranslatorPB.submitRequest(OzoneManagerProtocolServerSideTranslatorPB.java:147) [ozone-manager-1.4.0-SNAPSHOT.jar:?]
	at org.apache.hadoop.ozone.protocol.proto.OzoneManagerProtocolProtos$OzoneManagerService$2.callBlockingMethod(OzoneManagerProtocolProtos.java) [ozone-interface-client-1.4.0-SNAPSHOT.jar:?]
	at org.apache.hadoop.ipc.ProtobufRpcEngine$Server.processCall(ProtobufRpcEngine.java:465) [hadoop-common-3.3.4.jar:?]
	at org.apache.hadoop.ipc.ProtobufRpcEngine2$Server$ProtoBufRpcInvoker.call(ProtobufRpcEngine2.java:578) [hadoop-common-3.3.4.jar:?]
	at org.apache.hadoop.ipc.ProtobufRpcEngine2$Server$ProtoBufRpcInvoker.call(ProtobufRpcEngine2.java:556) [hadoop-common-3.3.4.jar:?]
	at org.apache.hadoop.ipc.RPC$Server.call(RPC.java:1093) [hadoop-common-3.3.4.jar:?]
	at org.apache.hadoop.ipc.Server$RpcCall.run(Server.java:1043) [hadoop-common-3.3.4.jar:?]
	at org.apache.hadoop.ipc.Server$RpcCall.run(Server.java:971) [hadoop-common-3.3.4.jar:?]
	at java.security.AccessController.doPrivileged(Native Method) ~[?:1.8.0_362]
	at javax.security.auth.Subject.doAs(Subject.java:422) [?:1.8.0_362]
	at org.apache.hadoop.security.UserGroupInformation.doAs(UserGroupInformation.java:1878) [hadoop-common-3.3.4.jar:?]
	at org.apache.hadoop.ipc.Server$Handler.run(Server.java:2976) [hadoop-common-3.3.4.jar:?]
2023-02-28 04:33:39,056 [OM StateMachine ApplyTransaction Thread - 0] INFO  snapshot.OMSnapshotCreateRequest (OMSnapshotCreateRequest.java:validateAndUpdateCache(180)) - Created snapshot '6d2a5ecb-8953-4de7-90b1-3a69d3b6a7fe' under path 'vol-a-60379/buc-a-52528'
2023-02-28 04:33:39,057 [OM StateMachine ApplyTransaction Thread - 0] INFO  snapshot.OMSnapshotCreateRequest (OMSnapshotCreateRequest.java:validateAndUpdateCache(180)) - Created snapshot '6d2a5ecb-8953-4de7-90b1-3a69d3b6a7fe' under path 'vol-a-60379/buc-a-52528'
2023-02-28 04:33:39,058 [OM StateMachine ApplyTransaction Thread - 0] INFO  snapshot.OMSnapshotCreateRequest (OMSnapshotCreateRequest.java:validateAndUpdateCache(180)) - Created snapshot '6d2a5ecb-8953-4de7-90b1-3a69d3b6a7fe' under path 'vol-a-60379/buc-a-52528'
2023-02-28 04:33:39,085 [OMDoubleBufferFlushThread] INFO  db.RDBCheckpointManager (RDBCheckpointManager.java:createCheckpoint(96)) - Created checkpoint in rocksDB at /home/runner/work/ozone/ozone/hadoop-ozone/integration-test/target/test-dir/MiniOzoneClusterImpl-2052965b-440d-4b09-b4b3-db311f243d80/omNode-1/db.snapshots/om.db-24a043bc-ed44-44f1-a97d-5797eac083d7 in 27 milliseconds
2023-02-28 04:33:39,087 [OMDoubleBufferFlushThread] INFO  db.RDBCheckpointManager (RDBCheckpointManager.java:waitForCheckpointDirectoryExist(125)) - Waited for 2 milliseconds for checkpoint directory /home/runner/work/ozone/ozone/hadoop-ozone/integration-test/target/test-dir/MiniOzoneClusterImpl-2052965b-440d-4b09-b4b3-db311f243d80/omNode-1/db.snapshots/om.db-24a043bc-ed44-44f1-a97d-5797eac083d7 availability.
2023-02-28 04:33:39,087 [OMDoubleBufferFlushThread] INFO  om.OmSnapshotManager (OmSnapshotManager.java:createOmSnapshotCheckpoint(163)) - Created checkpoint : /home/runner/work/ozone/ozone/hadoop-ozone/integration-test/target/test-dir/MiniOzoneClusterImpl-2052965b-440d-4b09-b4b3-db311f243d80/omNode-1/db.snapshots/om.db-24a043bc-ed44-44f1-a97d-5797eac083d7 for snapshot 6d2a5ecb-8953-4de7-90b1-3a69d3b6a7fe
2023-02-28 04:33:39,088 [OMDoubleBufferFlushThread] INFO  db.RDBCheckpointManager (RDBCheckpointManager.java:createCheckpoint(96)) - Created checkpoint in rocksDB at /home/runner/work/ozone/ozone/hadoop-ozone/integration-test/target/test-dir/MiniOzoneClusterImpl-2052965b-440d-4b09-b4b3-db311f243d80/omNode-2/db.snapshots/om.db-24a043bc-ed44-44f1-a97d-5797eac083d7 in 29 milliseconds
2023-02-28 04:33:39,088 [OMDoubleBufferFlushThread] INFO  db.RDBCheckpointManager (RDBCheckpointManager.java:waitForCheckpointDirectoryExist(125)) - Waited for 0 milliseconds for checkpoint directory /home/runner/work/ozone/ozone/hadoop-ozone/integration-test/target/test-dir/MiniOzoneClusterImpl-2052965b-440d-4b09-b4b3-db311f243d80/omNode-2/db.snapshots/om.db-24a043bc-ed44-44f1-a97d-5797eac083d7 availability.
2023-02-28 04:33:39,088 [OMDoubleBufferFlushThread] INFO  om.OmSnapshotManager (OmSnapshotManager.java:createOmSnapshotCheckpoint(163)) - Created checkpoint : /home/runner/work/ozone/ozone/hadoop-ozone/integration-test/target/test-dir/MiniOzoneClusterImpl-2052965b-440d-4b09-b4b3-db311f243d80/omNode-2/db.snapshots/om.db-24a043bc-ed44-44f1-a97d-5797eac083d7 for snapshot 6d2a5ecb-8953-4de7-90b1-3a69d3b6a7fe
2023-02-28 04:33:39,091 [OMDoubleBufferFlushThread] INFO  db.RDBCheckpointManager (RDBCheckpointManager.java:createCheckpoint(96)) - Created checkpoint in rocksDB at /home/runner/work/ozone/ozone/hadoop-ozone/integration-test/target/test-dir/MiniOzoneClusterImpl-2052965b-440d-4b09-b4b3-db311f243d80/omNode-3/db.snapshots/om.db-24a043bc-ed44-44f1-a97d-5797eac083d7 in 31 milliseconds
2023-02-28 04:33:39,091 [OMDoubleBufferFlushThread] INFO  db.RDBCheckpointManager (RDBCheckpointManager.java:waitForCheckpointDirectoryExist(125)) - Waited for 0 milliseconds for checkpoint directory /home/runner/work/ozone/ozone/hadoop-ozone/integration-test/target/test-dir/MiniOzoneClusterImpl-2052965b-440d-4b09-b4b3-db311f243d80/omNode-3/db.snapshots/om.db-24a043bc-ed44-44f1-a97d-5797eac083d7 availability.
2023-02-28 04:33:39,091 [OMDoubleBufferFlushThread] INFO  om.OmSnapshotManager (OmSnapshotManager.java:createOmSnapshotCheckpoint(163)) - Created checkpoint : /home/runner/work/ozone/ozone/hadoop-ozone/integration-test/target/test-dir/MiniOzoneClusterImpl-2052965b-440d-4b09-b4b3-db311f243d80/omNode-3/db.snapshots/om.db-24a043bc-ed44-44f1-a97d-5797eac083d7 for snapshot 6d2a5ecb-8953-4de7-90b1-3a69d3b6a7fe
2023-02-28 04:33:39,359 [EndpointStateMachine task thread for /0.0.0.0:41617 - 0 ] INFO  ipc.Client (Client.java:handleConnectionFailure(1010)) - Retrying connect to server: 0.0.0.0/0.0.0.0:41617. Already tried 3 time(s); retry policy is RetryUpToMaximumCountWithFixedSleep(maxRetries=15, sleepTime=1000 MILLISECONDS)
2023-02-28 04:33:40,120 [IPC Server handler 12 on default port 46183] WARN  server.ServerUtils (ServerUtils.java:getDBPath(225)) - ozone.om.db.dirs is not configured. We recommend adding this setting. Falling back to ozone.metadata.dirs instead.
2023-02-28 04:33:40,121 [IPC Server handler 12 on default port 46183] INFO  codec.OmKeyInfoCodec (OmKeyInfoCodec.java:<init>(49)) - OmKeyInfoCodec ignorePipeline = true
2023-02-28 04:33:40,121 [IPC Server handler 12 on default port 46183] INFO  codec.RepeatedOmKeyInfoCodec (RepeatedOmKeyInfoCodec.java:<init>(41)) - RepeatedOmKeyInfoCodec ignorePipeline = true
04:33:40.171 [IPC Server handler 13 on default port 46183] ERROR OMAudit - user=runner | ip=127.0.0.1 | op=GET_FILE_STATUS {volume=vol-a-60379, bucket=buc-a-52528, key=key-a-, dataSize=0, replicationConfig=null} | ret=FAILURE
org.apache.hadoop.ozone.om.exceptions.OMException: Unable to get file status: volume: vol-a-60379 bucket: buc-a-52528 key: key-a-
	at org.apache.hadoop.ozone.om.KeyManagerImpl.getOzoneFileStatusFSO(KeyManagerImpl.java:1285) ~[ozone-manager-1.4.0-SNAPSHOT.jar:?]
	at org.apache.hadoop.ozone.om.KeyManagerImpl.getFileStatus(KeyManagerImpl.java:1077) ~[ozone-manager-1.4.0-SNAPSHOT.jar:?]
	at org.apache.hadoop.ozone.om.OmMetadataReader.getFileStatus(OmMetadataReader.java:288) ~[ozone-manager-1.4.0-SNAPSHOT.jar:?]
	at org.apache.hadoop.ozone.om.OmSnapshot.getFileStatus(OmSnapshot.java:118) ~[ozone-manager-1.4.0-SNAPSHOT.jar:?]
	at org.apache.hadoop.ozone.om.OzoneManager.getFileStatus(OzoneManager.java:3481) ~[ozone-manager-1.4.0-SNAPSHOT.jar:?]
	at org.apache.hadoop.ozone.protocolPB.OzoneManagerRequestHandler.getOzoneFileStatus(OzoneManagerRequestHandler.java:933) ~[ozone-manager-1.4.0-SNAPSHOT.jar:?]
	at org.apache.hadoop.ozone.protocolPB.OzoneManagerRequestHandler.handleReadRequest(OzoneManagerRequestHandler.java:238) ~[ozone-manager-1.4.0-SNAPSHOT.jar:?]
	at org.apache.hadoop.ozone.protocolPB.OzoneManagerProtocolServerSideTranslatorPB.submitReadRequestToOM(OzoneManagerProtocolServerSideTranslatorPB.java:223) ~[ozone-manager-1.4.0-SNAPSHOT.jar:?]
	at org.apache.hadoop.ozone.protocolPB.OzoneManagerProtocolServerSideTranslatorPB.processRequest(OzoneManagerProtocolServerSideTranslatorPB.java:177) ~[ozone-manager-1.4.0-SNAPSHOT.jar:?]
	at org.apache.hadoop.hdds.server.OzoneProtocolMessageDispatcher.processRequest(OzoneProtocolMessageDispatcher.java:87) [hdds-server-framework-1.4.0-SNAPSHOT.jar:?]
	at org.apache.hadoop.ozone.protocolPB.OzoneManagerProtocolServerSideTranslatorPB.submitRequest(OzoneManagerProtocolServerSideTranslatorPB.java:147) [ozone-manager-1.4.0-SNAPSHOT.jar:?]
	at org.apache.hadoop.ozone.protocol.proto.OzoneManagerProtocolProtos$OzoneManagerService$2.callBlockingMethod(OzoneManagerProtocolProtos.java) [ozone-interface-client-1.4.0-SNAPSHOT.jar:?]
	at org.apache.hadoop.ipc.ProtobufRpcEngine$Server.processCall(ProtobufRpcEngine.java:465) [hadoop-common-3.3.4.jar:?]
	at org.apache.hadoop.ipc.ProtobufRpcEngine2$Server$ProtoBufRpcInvoker.call(ProtobufRpcEngine2.java:578) [hadoop-common-3.3.4.jar:?]
	at org.apache.hadoop.ipc.ProtobufRpcEngine2$Server$ProtoBufRpcInvoker.call(ProtobufRpcEngine2.java:556) [hadoop-common-3.3.4.jar:?]
	at org.apache.hadoop.ipc.RPC$Server.call(RPC.java:1093) [hadoop-common-3.3.4.jar:?]
	at org.apache.hadoop.ipc.Server$RpcCall.run(Server.java:1043) [hadoop-common-3.3.4.jar:?]
	at org.apache.hadoop.ipc.Server$RpcCall.run(Server.java:971) [hadoop-common-3.3.4.jar:?]
	at java.security.AccessController.doPrivileged(Native Method) ~[?:1.8.0_362]
	at javax.security.auth.Subject.doAs(Subject.java:422) [?:1.8.0_362]
	at org.apache.hadoop.security.UserGroupInformation.doAs(UserGroupInformation.java:1878) [hadoop-common-3.3.4.jar:?]
	at org.apache.hadoop.ipc.Server$Handler.run(Server.java:2976) [hadoop-common-3.3.4.jar:?]
04:33:40.178 [IPC Server handler 16 on default port 46183] ERROR OMAudit - user=runner | ip=127.0.0.1 | op=GET_FILE_STATUS {volume=vol-a-60379, bucket=buc-a-52528, key=key-b-, dataSize=0, replicationConfig=null} | ret=FAILURE
org.apache.hadoop.ozone.om.exceptions.OMException: Unable to get file status: volume: vol-a-60379 bucket: buc-a-52528 key: key-b-
	at org.apache.hadoop.ozone.om.KeyManagerImpl.getOzoneFileStatusFSO(KeyManagerImpl.java:1285) ~[ozone-manager-1.4.0-SNAPSHOT.jar:?]
	at org.apache.hadoop.ozone.om.KeyManagerImpl.getFileStatus(KeyManagerImpl.java:1077) ~[ozone-manager-1.4.0-SNAPSHOT.jar:?]
	at org.apache.hadoop.ozone.om.OmMetadataReader.getFileStatus(OmMetadataReader.java:288) ~[ozone-manager-1.4.0-SNAPSHOT.jar:?]
	at org.apache.hadoop.ozone.om.OmSnapshot.getFileStatus(OmSnapshot.java:118) ~[ozone-manager-1.4.0-SNAPSHOT.jar:?]
	at org.apache.hadoop.ozone.om.OzoneManager.getFileStatus(OzoneManager.java:3481) ~[ozone-manager-1.4.0-SNAPSHOT.jar:?]
	at org.apache.hadoop.ozone.protocolPB.OzoneManagerRequestHandler.getOzoneFileStatus(OzoneManagerRequestHandler.java:933) ~[ozone-manager-1.4.0-SNAPSHOT.jar:?]
	at org.apache.hadoop.ozone.protocolPB.OzoneManagerRequestHandler.handleReadRequest(OzoneManagerRequestHandler.java:238) ~[ozone-manager-1.4.0-SNAPSHOT.jar:?]
	at org.apache.hadoop.ozone.protocolPB.OzoneManagerProtocolServerSideTranslatorPB.submitReadRequestToOM(OzoneManagerProtocolServerSideTranslatorPB.java:223) ~[ozone-manager-1.4.0-SNAPSHOT.jar:?]
	at org.apache.hadoop.ozone.protocolPB.OzoneManagerProtocolServerSideTranslatorPB.processRequest(OzoneManagerProtocolServerSideTranslatorPB.java:177) ~[ozone-manager-1.4.0-SNAPSHOT.jar:?]
	at org.apache.hadoop.hdds.server.OzoneProtocolMessageDispatcher.processRequest(OzoneProtocolMessageDispatcher.java:87) [hdds-server-framework-1.4.0-SNAPSHOT.jar:?]
	at org.apache.hadoop.ozone.protocolPB.OzoneManagerProtocolServerSideTranslatorPB.submitRequest(OzoneManagerProtocolServerSideTranslatorPB.java:147) [ozone-manager-1.4.0-SNAPSHOT.jar:?]
	at org.apache.hadoop.ozone.protocol.proto.OzoneManagerProtocolProtos$OzoneManagerService$2.callBlockingMethod(OzoneManagerProtocolProtos.java) [ozone-interface-client-1.4.0-SNAPSHOT.jar:?]
	at org.apache.hadoop.ipc.ProtobufRpcEngine$Server.processCall(ProtobufRpcEngine.java:465) [hadoop-common-3.3.4.jar:?]
	at org.apache.hadoop.ipc.ProtobufRpcEngine2$Server$ProtoBufRpcInvoker.call(ProtobufRpcEngine2.java:578) [hadoop-common-3.3.4.jar:?]
	at org.apache.hadoop.ipc.ProtobufRpcEngine2$Server$ProtoBufRpcInvoker.call(ProtobufRpcEngine2.java:556) [hadoop-common-3.3.4.jar:?]
	at org.apache.hadoop.ipc.RPC$Server.call(RPC.java:1093) [hadoop-common-3.3.4.jar:?]
	at org.apache.hadoop.ipc.Server$RpcCall.run(Server.java:1043) [hadoop-common-3.3.4.jar:?]
	at org.apache.hadoop.ipc.Server$RpcCall.run(Server.java:971) [hadoop-common-3.3.4.jar:?]
	at java.security.AccessController.doPrivileged(Native Method) ~[?:1.8.0_362]
	at javax.security.auth.Subject.doAs(Subject.java:422) [?:1.8.0_362]
	at org.apache.hadoop.security.UserGroupInformation.doAs(UserGroupInformation.java:1878) [hadoop-common-3.3.4.jar:?]
	at org.apache.hadoop.ipc.Server$Handler.run(Server.java:2976) [hadoop-common-3.3.4.jar:?]
]]></system-out>
  </testcase>
  <testcase name="testListKey" classname="TestOmSnapshot" time="6.96">
    <system-out><![CDATA[2023-02-28 04:34:23,170 [Time-limited test] INFO  rpc.RpcClient (RpcClient.java:createVolume(476)) - Creating Volume: vol-a-16069, with runner as owner and space quota set to -1 bytes, counts quota set to -1
2023-02-28 04:34:23,172 [OM StateMachine ApplyTransaction Thread - 0] INFO  volume.OMVolumeCreateRequest (OMVolumeCreateRequest.java:validateAndUpdateCache(195)) - created volume:vol-a-16069 for user:runner
2023-02-28 04:34:23,173 [Time-limited test] INFO  rpc.RpcClient (RpcClient.java:createVolume(476)) - Creating Volume: vol-b-16075, with runner as owner and space quota set to -1 bytes, counts quota set to -1
2023-02-28 04:34:23,173 [OM StateMachine ApplyTransaction Thread - 0] INFO  volume.OMVolumeCreateRequest (OMVolumeCreateRequest.java:validateAndUpdateCache(195)) - created volume:vol-a-16069 for user:runner
2023-02-28 04:34:23,174 [OM StateMachine ApplyTransaction Thread - 0] INFO  volume.OMVolumeCreateRequest (OMVolumeCreateRequest.java:validateAndUpdateCache(195)) - created volume:vol-a-16069 for user:runner
2023-02-28 04:34:23,175 [OM StateMachine ApplyTransaction Thread - 0] INFO  volume.OMVolumeCreateRequest (OMVolumeCreateRequest.java:validateAndUpdateCache(195)) - created volume:vol-b-16075 for user:runner
2023-02-28 04:34:23,176 [OM StateMachine ApplyTransaction Thread - 0] INFO  volume.OMVolumeCreateRequest (OMVolumeCreateRequest.java:validateAndUpdateCache(195)) - created volume:vol-b-16075 for user:runner
2023-02-28 04:34:23,177 [OM StateMachine ApplyTransaction Thread - 0] INFO  volume.OMVolumeCreateRequest (OMVolumeCreateRequest.java:validateAndUpdateCache(195)) - created volume:vol-b-16075 for user:runner
2023-02-28 04:34:23,178 [Time-limited test] INFO  rpc.RpcClient (RpcClient.java:createBucket(698)) - Creating Bucket: vol-a-16069/buc-a-90448, with server-side default bucket layout, runner as owner, Versioning false, Storage Type set to DISK and Encryption set to false, Replication Type set to server-side default replication type, Namespace Quota set to -1, Space Quota set to -1 
2023-02-28 04:34:23,179 [OM StateMachine ApplyTransaction Thread - 0] INFO  bucket.OMBucketCreateRequest (OMBucketCreateRequest.java:validateAndUpdateCache(263)) - created bucket: buc-a-90448 of layout LEGACY in volume: vol-a-16069
2023-02-28 04:34:23,180 [Time-limited test] INFO  rpc.RpcClient (RpcClient.java:createBucket(698)) - Creating Bucket: vol-a-16069/buc-b-35103, with server-side default bucket layout, runner as owner, Versioning false, Storage Type set to DISK and Encryption set to false, Replication Type set to server-side default replication type, Namespace Quota set to -1, Space Quota set to -1 
2023-02-28 04:34:23,180 [OM StateMachine ApplyTransaction Thread - 0] INFO  bucket.OMBucketCreateRequest (OMBucketCreateRequest.java:validateAndUpdateCache(263)) - created bucket: buc-a-90448 of layout LEGACY in volume: vol-a-16069
2023-02-28 04:34:23,181 [OM StateMachine ApplyTransaction Thread - 0] INFO  bucket.OMBucketCreateRequest (OMBucketCreateRequest.java:validateAndUpdateCache(263)) - created bucket: buc-a-90448 of layout LEGACY in volume: vol-a-16069
2023-02-28 04:34:23,182 [OM StateMachine ApplyTransaction Thread - 0] INFO  bucket.OMBucketCreateRequest (OMBucketCreateRequest.java:validateAndUpdateCache(263)) - created bucket: buc-b-35103 of layout LEGACY in volume: vol-a-16069
2023-02-28 04:34:23,182 [Time-limited test] INFO  rpc.RpcClient (RpcClient.java:createBucket(698)) - Creating Bucket: vol-b-16075/buc-a-90448, with server-side default bucket layout, runner as owner, Versioning false, Storage Type set to DISK and Encryption set to false, Replication Type set to server-side default replication type, Namespace Quota set to -1, Space Quota set to -1 
2023-02-28 04:34:23,183 [OM StateMachine ApplyTransaction Thread - 0] INFO  bucket.OMBucketCreateRequest (OMBucketCreateRequest.java:validateAndUpdateCache(263)) - created bucket: buc-b-35103 of layout LEGACY in volume: vol-a-16069
2023-02-28 04:34:23,183 [OM StateMachine ApplyTransaction Thread - 0] INFO  bucket.OMBucketCreateRequest (OMBucketCreateRequest.java:validateAndUpdateCache(263)) - created bucket: buc-b-35103 of layout LEGACY in volume: vol-a-16069
2023-02-28 04:34:23,185 [OM StateMachine ApplyTransaction Thread - 0] INFO  bucket.OMBucketCreateRequest (OMBucketCreateRequest.java:validateAndUpdateCache(263)) - created bucket: buc-a-90448 of layout LEGACY in volume: vol-b-16075
2023-02-28 04:34:23,185 [Time-limited test] INFO  rpc.RpcClient (RpcClient.java:createBucket(698)) - Creating Bucket: vol-b-16075/buc-b-35103, with server-side default bucket layout, runner as owner, Versioning false, Storage Type set to DISK and Encryption set to false, Replication Type set to server-side default replication type, Namespace Quota set to -1, Space Quota set to -1 
2023-02-28 04:34:23,186 [OM StateMachine ApplyTransaction Thread - 0] INFO  bucket.OMBucketCreateRequest (OMBucketCreateRequest.java:validateAndUpdateCache(263)) - created bucket: buc-a-90448 of layout LEGACY in volume: vol-b-16075
2023-02-28 04:34:23,186 [OM StateMachine ApplyTransaction Thread - 0] INFO  bucket.OMBucketCreateRequest (OMBucketCreateRequest.java:validateAndUpdateCache(263)) - created bucket: buc-a-90448 of layout LEGACY in volume: vol-b-16075
2023-02-28 04:34:23,188 [OM StateMachine ApplyTransaction Thread - 0] INFO  bucket.OMBucketCreateRequest (OMBucketCreateRequest.java:validateAndUpdateCache(263)) - created bucket: buc-b-35103 of layout LEGACY in volume: vol-b-16075
2023-02-28 04:34:23,189 [OM StateMachine ApplyTransaction Thread - 0] INFO  bucket.OMBucketCreateRequest (OMBucketCreateRequest.java:validateAndUpdateCache(263)) - created bucket: buc-b-35103 of layout LEGACY in volume: vol-b-16075
2023-02-28 04:34:23,190 [OM StateMachine ApplyTransaction Thread - 0] INFO  bucket.OMBucketCreateRequest (OMBucketCreateRequest.java:validateAndUpdateCache(263)) - created bucket: buc-b-35103 of layout LEGACY in volume: vol-b-16075
2023-02-28 04:34:23,510 [EndpointStateMachine task thread for /0.0.0.0:32873 - 0 ] INFO  ipc.Client (Client.java:handleConnectionFailure(1010)) - Retrying connect to server: 0.0.0.0/0.0.0.0:32873. Already tried 10 time(s); retry policy is RetryUpToMaximumCountWithFixedSleep(maxRetries=15, sleepTime=1000 MILLISECONDS)
2023-02-28 04:34:24,510 [EndpointStateMachine task thread for /0.0.0.0:32873 - 0 ] INFO  ipc.Client (Client.java:handleConnectionFailure(1010)) - Retrying connect to server: 0.0.0.0/0.0.0.0:32873. Already tried 11 time(s); retry policy is RetryUpToMaximumCountWithFixedSleep(maxRetries=15, sleepTime=1000 MILLISECONDS)
2023-02-28 04:34:24,641 [OM StateMachine ApplyTransaction Thread - 0] INFO  snapshot.OMSnapshotCreateRequest (OMSnapshotCreateRequest.java:validateAndUpdateCache(180)) - Created snapshot 'dd759a51-79f2-46b4-a2d1-701d214c5857' under path 'vol-a-16069/buc-a-90448'
2023-02-28 04:34:24,642 [OM StateMachine ApplyTransaction Thread - 0] INFO  snapshot.OMSnapshotCreateRequest (OMSnapshotCreateRequest.java:validateAndUpdateCache(180)) - Created snapshot 'dd759a51-79f2-46b4-a2d1-701d214c5857' under path 'vol-a-16069/buc-a-90448'
2023-02-28 04:34:24,643 [OM StateMachine ApplyTransaction Thread - 0] INFO  snapshot.OMSnapshotCreateRequest (OMSnapshotCreateRequest.java:validateAndUpdateCache(180)) - Created snapshot 'dd759a51-79f2-46b4-a2d1-701d214c5857' under path 'vol-a-16069/buc-a-90448'
2023-02-28 04:34:24,677 [OMDoubleBufferFlushThread] INFO  db.RDBCheckpointManager (RDBCheckpointManager.java:createCheckpoint(96)) - Created checkpoint in rocksDB at /home/runner/work/ozone/ozone/hadoop-ozone/integration-test/target/test-dir/MiniOzoneClusterImpl-0c3862ae-9f43-41f5-9e7d-509225cf1f3d/omNode-3/db.snapshots/om.db-4d3848c6-c8b5-4dbf-9d4f-e9015158771d in 34 milliseconds
2023-02-28 04:34:24,678 [OMDoubleBufferFlushThread] INFO  db.RDBCheckpointManager (RDBCheckpointManager.java:createCheckpoint(96)) - Created checkpoint in rocksDB at /home/runner/work/ozone/ozone/hadoop-ozone/integration-test/target/test-dir/MiniOzoneClusterImpl-0c3862ae-9f43-41f5-9e7d-509225cf1f3d/omNode-1/db.snapshots/om.db-4d3848c6-c8b5-4dbf-9d4f-e9015158771d in 36 milliseconds
2023-02-28 04:34:24,678 [OMDoubleBufferFlushThread] INFO  db.RDBCheckpointManager (RDBCheckpointManager.java:waitForCheckpointDirectoryExist(125)) - Waited for 1 milliseconds for checkpoint directory /home/runner/work/ozone/ozone/hadoop-ozone/integration-test/target/test-dir/MiniOzoneClusterImpl-0c3862ae-9f43-41f5-9e7d-509225cf1f3d/omNode-3/db.snapshots/om.db-4d3848c6-c8b5-4dbf-9d4f-e9015158771d availability.
2023-02-28 04:34:24,678 [OMDoubleBufferFlushThread] INFO  om.OmSnapshotManager (OmSnapshotManager.java:createOmSnapshotCheckpoint(163)) - Created checkpoint : /home/runner/work/ozone/ozone/hadoop-ozone/integration-test/target/test-dir/MiniOzoneClusterImpl-0c3862ae-9f43-41f5-9e7d-509225cf1f3d/omNode-3/db.snapshots/om.db-4d3848c6-c8b5-4dbf-9d4f-e9015158771d for snapshot dd759a51-79f2-46b4-a2d1-701d214c5857
2023-02-28 04:34:24,679 [OMDoubleBufferFlushThread] INFO  db.RDBCheckpointManager (RDBCheckpointManager.java:waitForCheckpointDirectoryExist(125)) - Waited for 1 milliseconds for checkpoint directory /home/runner/work/ozone/ozone/hadoop-ozone/integration-test/target/test-dir/MiniOzoneClusterImpl-0c3862ae-9f43-41f5-9e7d-509225cf1f3d/omNode-1/db.snapshots/om.db-4d3848c6-c8b5-4dbf-9d4f-e9015158771d availability.
2023-02-28 04:34:24,679 [OMDoubleBufferFlushThread] INFO  om.OmSnapshotManager (OmSnapshotManager.java:createOmSnapshotCheckpoint(163)) - Created checkpoint : /home/runner/work/ozone/ozone/hadoop-ozone/integration-test/target/test-dir/MiniOzoneClusterImpl-0c3862ae-9f43-41f5-9e7d-509225cf1f3d/omNode-1/db.snapshots/om.db-4d3848c6-c8b5-4dbf-9d4f-e9015158771d for snapshot dd759a51-79f2-46b4-a2d1-701d214c5857
2023-02-28 04:34:24,680 [OMDoubleBufferFlushThread] INFO  db.RDBCheckpointManager (RDBCheckpointManager.java:createCheckpoint(96)) - Created checkpoint in rocksDB at /home/runner/work/ozone/ozone/hadoop-ozone/integration-test/target/test-dir/MiniOzoneClusterImpl-0c3862ae-9f43-41f5-9e7d-509225cf1f3d/omNode-2/db.snapshots/om.db-4d3848c6-c8b5-4dbf-9d4f-e9015158771d in 36 milliseconds
2023-02-28 04:34:24,680 [OMDoubleBufferFlushThread] INFO  db.RDBCheckpointManager (RDBCheckpointManager.java:waitForCheckpointDirectoryExist(125)) - Waited for 0 milliseconds for checkpoint directory /home/runner/work/ozone/ozone/hadoop-ozone/integration-test/target/test-dir/MiniOzoneClusterImpl-0c3862ae-9f43-41f5-9e7d-509225cf1f3d/omNode-2/db.snapshots/om.db-4d3848c6-c8b5-4dbf-9d4f-e9015158771d availability.
2023-02-28 04:34:24,680 [OMDoubleBufferFlushThread] INFO  om.OmSnapshotManager (OmSnapshotManager.java:createOmSnapshotCheckpoint(163)) - Created checkpoint : /home/runner/work/ozone/ozone/hadoop-ozone/integration-test/target/test-dir/MiniOzoneClusterImpl-0c3862ae-9f43-41f5-9e7d-509225cf1f3d/omNode-2/db.snapshots/om.db-4d3848c6-c8b5-4dbf-9d4f-e9015158771d for snapshot dd759a51-79f2-46b4-a2d1-701d214c5857
2023-02-28 04:34:25,510 [EndpointStateMachine task thread for /0.0.0.0:32873 - 0 ] INFO  ipc.Client (Client.java:handleConnectionFailure(1010)) - Retrying connect to server: 0.0.0.0/0.0.0.0:32873. Already tried 12 time(s); retry policy is RetryUpToMaximumCountWithFixedSleep(maxRetries=15, sleepTime=1000 MILLISECONDS)
2023-02-28 04:34:25,642 [IPC Server handler 4 on default port 43485] WARN  server.ServerUtils (ServerUtils.java:getDBPath(225)) - ozone.om.db.dirs is not configured. We recommend adding this setting. Falling back to ozone.metadata.dirs instead.
2023-02-28 04:34:25,643 [IPC Server handler 4 on default port 43485] INFO  codec.OmKeyInfoCodec (OmKeyInfoCodec.java:<init>(49)) - OmKeyInfoCodec ignorePipeline = true
2023-02-28 04:34:25,643 [IPC Server handler 4 on default port 43485] INFO  codec.RepeatedOmKeyInfoCodec (RepeatedOmKeyInfoCodec.java:<init>(41)) - RepeatedOmKeyInfoCodec ignorePipeline = true
2023-02-28 04:34:25,673 [OM StateMachine ApplyTransaction Thread - 0] INFO  snapshot.OMSnapshotCreateRequest (OMSnapshotCreateRequest.java:validateAndUpdateCache(180)) - Created snapshot 'e9d1dfb8-9100-4b1d-b4ea-b3af67b887b3' under path 'vol-a-16069/buc-b-35103'
2023-02-28 04:34:25,675 [OM StateMachine ApplyTransaction Thread - 0] INFO  snapshot.OMSnapshotCreateRequest (OMSnapshotCreateRequest.java:validateAndUpdateCache(180)) - Created snapshot 'e9d1dfb8-9100-4b1d-b4ea-b3af67b887b3' under path 'vol-a-16069/buc-b-35103'
2023-02-28 04:34:25,675 [OM StateMachine ApplyTransaction Thread - 0] INFO  snapshot.OMSnapshotCreateRequest (OMSnapshotCreateRequest.java:validateAndUpdateCache(180)) - Created snapshot 'e9d1dfb8-9100-4b1d-b4ea-b3af67b887b3' under path 'vol-a-16069/buc-b-35103'
2023-02-28 04:34:25,684 [OMDoubleBufferFlushThread] INFO  db.RDBCheckpointManager (RDBCheckpointManager.java:createCheckpoint(96)) - Created checkpoint in rocksDB at /home/runner/work/ozone/ozone/hadoop-ozone/integration-test/target/test-dir/MiniOzoneClusterImpl-0c3862ae-9f43-41f5-9e7d-509225cf1f3d/omNode-1/db.snapshots/om.db-e8a5e1da-3907-44b6-a814-c87663cb8f5f in 10 milliseconds
2023-02-28 04:34:25,685 [OMDoubleBufferFlushThread] INFO  db.RDBCheckpointManager (RDBCheckpointManager.java:waitForCheckpointDirectoryExist(125)) - Waited for 1 milliseconds for checkpoint directory /home/runner/work/ozone/ozone/hadoop-ozone/integration-test/target/test-dir/MiniOzoneClusterImpl-0c3862ae-9f43-41f5-9e7d-509225cf1f3d/omNode-1/db.snapshots/om.db-e8a5e1da-3907-44b6-a814-c87663cb8f5f availability.
2023-02-28 04:34:25,685 [OMDoubleBufferFlushThread] INFO  om.OmSnapshotManager (OmSnapshotManager.java:createOmSnapshotCheckpoint(163)) - Created checkpoint : /home/runner/work/ozone/ozone/hadoop-ozone/integration-test/target/test-dir/MiniOzoneClusterImpl-0c3862ae-9f43-41f5-9e7d-509225cf1f3d/omNode-1/db.snapshots/om.db-e8a5e1da-3907-44b6-a814-c87663cb8f5f for snapshot e9d1dfb8-9100-4b1d-b4ea-b3af67b887b3
2023-02-28 04:34:25,688 [OMDoubleBufferFlushThread] INFO  db.RDBCheckpointManager (RDBCheckpointManager.java:createCheckpoint(96)) - Created checkpoint in rocksDB at /home/runner/work/ozone/ozone/hadoop-ozone/integration-test/target/test-dir/MiniOzoneClusterImpl-0c3862ae-9f43-41f5-9e7d-509225cf1f3d/omNode-3/db.snapshots/om.db-e8a5e1da-3907-44b6-a814-c87663cb8f5f in 12 milliseconds
2023-02-28 04:34:25,689 [OMDoubleBufferFlushThread] INFO  db.RDBCheckpointManager (RDBCheckpointManager.java:waitForCheckpointDirectoryExist(125)) - Waited for 1 milliseconds for checkpoint directory /home/runner/work/ozone/ozone/hadoop-ozone/integration-test/target/test-dir/MiniOzoneClusterImpl-0c3862ae-9f43-41f5-9e7d-509225cf1f3d/omNode-3/db.snapshots/om.db-e8a5e1da-3907-44b6-a814-c87663cb8f5f availability.
2023-02-28 04:34:25,689 [OMDoubleBufferFlushThread] INFO  om.OmSnapshotManager (OmSnapshotManager.java:createOmSnapshotCheckpoint(163)) - Created checkpoint : /home/runner/work/ozone/ozone/hadoop-ozone/integration-test/target/test-dir/MiniOzoneClusterImpl-0c3862ae-9f43-41f5-9e7d-509225cf1f3d/omNode-3/db.snapshots/om.db-e8a5e1da-3907-44b6-a814-c87663cb8f5f for snapshot e9d1dfb8-9100-4b1d-b4ea-b3af67b887b3
2023-02-28 04:34:25,690 [OMDoubleBufferFlushThread] INFO  db.RDBCheckpointManager (RDBCheckpointManager.java:createCheckpoint(96)) - Created checkpoint in rocksDB at /home/runner/work/ozone/ozone/hadoop-ozone/integration-test/target/test-dir/MiniOzoneClusterImpl-0c3862ae-9f43-41f5-9e7d-509225cf1f3d/omNode-2/db.snapshots/om.db-e8a5e1da-3907-44b6-a814-c87663cb8f5f in 13 milliseconds
2023-02-28 04:34:25,691 [OMDoubleBufferFlushThread] INFO  db.RDBCheckpointManager (RDBCheckpointManager.java:waitForCheckpointDirectoryExist(125)) - Waited for 1 milliseconds for checkpoint directory /home/runner/work/ozone/ozone/hadoop-ozone/integration-test/target/test-dir/MiniOzoneClusterImpl-0c3862ae-9f43-41f5-9e7d-509225cf1f3d/omNode-2/db.snapshots/om.db-e8a5e1da-3907-44b6-a814-c87663cb8f5f availability.
2023-02-28 04:34:25,691 [OMDoubleBufferFlushThread] INFO  om.OmSnapshotManager (OmSnapshotManager.java:createOmSnapshotCheckpoint(163)) - Created checkpoint : /home/runner/work/ozone/ozone/hadoop-ozone/integration-test/target/test-dir/MiniOzoneClusterImpl-0c3862ae-9f43-41f5-9e7d-509225cf1f3d/omNode-2/db.snapshots/om.db-e8a5e1da-3907-44b6-a814-c87663cb8f5f for snapshot e9d1dfb8-9100-4b1d-b4ea-b3af67b887b3
2023-02-28 04:34:26,511 [EndpointStateMachine task thread for /0.0.0.0:32873 - 0 ] INFO  ipc.Client (Client.java:handleConnectionFailure(1010)) - Retrying connect to server: 0.0.0.0/0.0.0.0:32873. Already tried 13 time(s); retry policy is RetryUpToMaximumCountWithFixedSleep(maxRetries=15, sleepTime=1000 MILLISECONDS)
2023-02-28 04:34:26,737 [IPC Server handler 11 on default port 43485] WARN  server.ServerUtils (ServerUtils.java:getDBPath(225)) - ozone.om.db.dirs is not configured. We recommend adding this setting. Falling back to ozone.metadata.dirs instead.
2023-02-28 04:34:26,737 [IPC Server handler 11 on default port 43485] INFO  codec.OmKeyInfoCodec (OmKeyInfoCodec.java:<init>(49)) - OmKeyInfoCodec ignorePipeline = true
2023-02-28 04:34:26,737 [IPC Server handler 11 on default port 43485] INFO  codec.RepeatedOmKeyInfoCodec (RepeatedOmKeyInfoCodec.java:<init>(41)) - RepeatedOmKeyInfoCodec ignorePipeline = true
2023-02-28 04:34:26,778 [OM StateMachine ApplyTransaction Thread - 0] INFO  snapshot.OMSnapshotCreateRequest (OMSnapshotCreateRequest.java:validateAndUpdateCache(180)) - Created snapshot '043cacec-bd07-4649-ac63-5794a5dc0847' under path 'vol-b-16075/buc-a-90448'
2023-02-28 04:34:26,779 [OM StateMachine ApplyTransaction Thread - 0] INFO  snapshot.OMSnapshotCreateRequest (OMSnapshotCreateRequest.java:validateAndUpdateCache(180)) - Created snapshot '043cacec-bd07-4649-ac63-5794a5dc0847' under path 'vol-b-16075/buc-a-90448'
2023-02-28 04:34:26,779 [OM StateMachine ApplyTransaction Thread - 0] INFO  snapshot.OMSnapshotCreateRequest (OMSnapshotCreateRequest.java:validateAndUpdateCache(180)) - Created snapshot '043cacec-bd07-4649-ac63-5794a5dc0847' under path 'vol-b-16075/buc-a-90448'
2023-02-28 04:34:26,801 [OMDoubleBufferFlushThread] INFO  db.RDBCheckpointManager (RDBCheckpointManager.java:createCheckpoint(96)) - Created checkpoint in rocksDB at /home/runner/work/ozone/ozone/hadoop-ozone/integration-test/target/test-dir/MiniOzoneClusterImpl-0c3862ae-9f43-41f5-9e7d-509225cf1f3d/omNode-3/db.snapshots/om.db-e108e8b4-1804-4ec7-a232-6c61b7aa42ee in 21 milliseconds
2023-02-28 04:34:26,801 [OMDoubleBufferFlushThread] INFO  db.RDBCheckpointManager (RDBCheckpointManager.java:createCheckpoint(96)) - Created checkpoint in rocksDB at /home/runner/work/ozone/ozone/hadoop-ozone/integration-test/target/test-dir/MiniOzoneClusterImpl-0c3862ae-9f43-41f5-9e7d-509225cf1f3d/omNode-1/db.snapshots/om.db-e108e8b4-1804-4ec7-a232-6c61b7aa42ee in 22 milliseconds
2023-02-28 04:34:26,804 [OMDoubleBufferFlushThread] INFO  db.RDBCheckpointManager (RDBCheckpointManager.java:createCheckpoint(96)) - Created checkpoint in rocksDB at /home/runner/work/ozone/ozone/hadoop-ozone/integration-test/target/test-dir/MiniOzoneClusterImpl-0c3862ae-9f43-41f5-9e7d-509225cf1f3d/omNode-2/db.snapshots/om.db-e108e8b4-1804-4ec7-a232-6c61b7aa42ee in 23 milliseconds
2023-02-28 04:34:26,809 [OMDoubleBufferFlushThread] INFO  db.RDBCheckpointManager (RDBCheckpointManager.java:waitForCheckpointDirectoryExist(125)) - Waited for 8 milliseconds for checkpoint directory /home/runner/work/ozone/ozone/hadoop-ozone/integration-test/target/test-dir/MiniOzoneClusterImpl-0c3862ae-9f43-41f5-9e7d-509225cf1f3d/omNode-3/db.snapshots/om.db-e108e8b4-1804-4ec7-a232-6c61b7aa42ee availability.
2023-02-28 04:34:26,809 [OMDoubleBufferFlushThread] INFO  om.OmSnapshotManager (OmSnapshotManager.java:createOmSnapshotCheckpoint(163)) - Created checkpoint : /home/runner/work/ozone/ozone/hadoop-ozone/integration-test/target/test-dir/MiniOzoneClusterImpl-0c3862ae-9f43-41f5-9e7d-509225cf1f3d/omNode-3/db.snapshots/om.db-e108e8b4-1804-4ec7-a232-6c61b7aa42ee for snapshot 043cacec-bd07-4649-ac63-5794a5dc0847
2023-02-28 04:34:26,809 [OMDoubleBufferFlushThread] INFO  db.RDBCheckpointManager (RDBCheckpointManager.java:waitForCheckpointDirectoryExist(125)) - Waited for 5 milliseconds for checkpoint directory /home/runner/work/ozone/ozone/hadoop-ozone/integration-test/target/test-dir/MiniOzoneClusterImpl-0c3862ae-9f43-41f5-9e7d-509225cf1f3d/omNode-2/db.snapshots/om.db-e108e8b4-1804-4ec7-a232-6c61b7aa42ee availability.
2023-02-28 04:34:26,809 [OMDoubleBufferFlushThread] INFO  om.OmSnapshotManager (OmSnapshotManager.java:createOmSnapshotCheckpoint(163)) - Created checkpoint : /home/runner/work/ozone/ozone/hadoop-ozone/integration-test/target/test-dir/MiniOzoneClusterImpl-0c3862ae-9f43-41f5-9e7d-509225cf1f3d/omNode-2/db.snapshots/om.db-e108e8b4-1804-4ec7-a232-6c61b7aa42ee for snapshot 043cacec-bd07-4649-ac63-5794a5dc0847
2023-02-28 04:34:26,810 [OMDoubleBufferFlushThread] INFO  db.RDBCheckpointManager (RDBCheckpointManager.java:waitForCheckpointDirectoryExist(125)) - Waited for 8 milliseconds for checkpoint directory /home/runner/work/ozone/ozone/hadoop-ozone/integration-test/target/test-dir/MiniOzoneClusterImpl-0c3862ae-9f43-41f5-9e7d-509225cf1f3d/omNode-1/db.snapshots/om.db-e108e8b4-1804-4ec7-a232-6c61b7aa42ee availability.
2023-02-28 04:34:26,810 [OMDoubleBufferFlushThread] INFO  om.OmSnapshotManager (OmSnapshotManager.java:createOmSnapshotCheckpoint(163)) - Created checkpoint : /home/runner/work/ozone/ozone/hadoop-ozone/integration-test/target/test-dir/MiniOzoneClusterImpl-0c3862ae-9f43-41f5-9e7d-509225cf1f3d/omNode-1/db.snapshots/om.db-e108e8b4-1804-4ec7-a232-6c61b7aa42ee for snapshot 043cacec-bd07-4649-ac63-5794a5dc0847
2023-02-28 04:34:27,512 [EndpointStateMachine task thread for /0.0.0.0:32873 - 0 ] INFO  ipc.Client (Client.java:handleConnectionFailure(1010)) - Retrying connect to server: 0.0.0.0/0.0.0.0:32873. Already tried 14 time(s); retry policy is RetryUpToMaximumCountWithFixedSleep(maxRetries=15, sleepTime=1000 MILLISECONDS)
2023-02-28 04:34:27,842 [IPC Server handler 7 on default port 43485] WARN  server.ServerUtils (ServerUtils.java:getDBPath(225)) - ozone.om.db.dirs is not configured. We recommend adding this setting. Falling back to ozone.metadata.dirs instead.
2023-02-28 04:34:27,842 [IPC Server handler 7 on default port 43485] INFO  codec.OmKeyInfoCodec (OmKeyInfoCodec.java:<init>(49)) - OmKeyInfoCodec ignorePipeline = true
2023-02-28 04:34:27,842 [IPC Server handler 7 on default port 43485] INFO  codec.RepeatedOmKeyInfoCodec (RepeatedOmKeyInfoCodec.java:<init>(41)) - RepeatedOmKeyInfoCodec ignorePipeline = true
2023-02-28 04:34:27,906 [OM StateMachine ApplyTransaction Thread - 0] INFO  snapshot.OMSnapshotCreateRequest (OMSnapshotCreateRequest.java:validateAndUpdateCache(180)) - Created snapshot '3bedf066-c6eb-4dec-bf39-5cef6945420a' under path 'vol-b-16075/buc-b-35103'
2023-02-28 04:34:27,907 [OM StateMachine ApplyTransaction Thread - 0] INFO  snapshot.OMSnapshotCreateRequest (OMSnapshotCreateRequest.java:validateAndUpdateCache(180)) - Created snapshot '3bedf066-c6eb-4dec-bf39-5cef6945420a' under path 'vol-b-16075/buc-b-35103'
2023-02-28 04:34:27,907 [OM StateMachine ApplyTransaction Thread - 0] INFO  snapshot.OMSnapshotCreateRequest (OMSnapshotCreateRequest.java:validateAndUpdateCache(180)) - Created snapshot '3bedf066-c6eb-4dec-bf39-5cef6945420a' under path 'vol-b-16075/buc-b-35103'
2023-02-28 04:34:27,931 [OMDoubleBufferFlushThread] INFO  db.RDBCheckpointManager (RDBCheckpointManager.java:createCheckpoint(96)) - Created checkpoint in rocksDB at /home/runner/work/ozone/ozone/hadoop-ozone/integration-test/target/test-dir/MiniOzoneClusterImpl-0c3862ae-9f43-41f5-9e7d-509225cf1f3d/omNode-1/db.snapshots/om.db-44cc1e13-2a74-4cd3-a089-1c6166c5c94b in 24 milliseconds
2023-02-28 04:34:27,932 [OMDoubleBufferFlushThread] INFO  db.RDBCheckpointManager (RDBCheckpointManager.java:createCheckpoint(96)) - Created checkpoint in rocksDB at /home/runner/work/ozone/ozone/hadoop-ozone/integration-test/target/test-dir/MiniOzoneClusterImpl-0c3862ae-9f43-41f5-9e7d-509225cf1f3d/omNode-3/db.snapshots/om.db-44cc1e13-2a74-4cd3-a089-1c6166c5c94b in 24 milliseconds
2023-02-28 04:34:27,933 [OMDoubleBufferFlushThread] INFO  db.RDBCheckpointManager (RDBCheckpointManager.java:waitForCheckpointDirectoryExist(125)) - Waited for 2 milliseconds for checkpoint directory /home/runner/work/ozone/ozone/hadoop-ozone/integration-test/target/test-dir/MiniOzoneClusterImpl-0c3862ae-9f43-41f5-9e7d-509225cf1f3d/omNode-1/db.snapshots/om.db-44cc1e13-2a74-4cd3-a089-1c6166c5c94b availability.
2023-02-28 04:34:27,933 [OMDoubleBufferFlushThread] INFO  om.OmSnapshotManager (OmSnapshotManager.java:createOmSnapshotCheckpoint(163)) - Created checkpoint : /home/runner/work/ozone/ozone/hadoop-ozone/integration-test/target/test-dir/MiniOzoneClusterImpl-0c3862ae-9f43-41f5-9e7d-509225cf1f3d/omNode-1/db.snapshots/om.db-44cc1e13-2a74-4cd3-a089-1c6166c5c94b for snapshot 3bedf066-c6eb-4dec-bf39-5cef6945420a
2023-02-28 04:34:27,933 [OMDoubleBufferFlushThread] INFO  db.RDBCheckpointManager (RDBCheckpointManager.java:waitForCheckpointDirectoryExist(125)) - Waited for 1 milliseconds for checkpoint directory /home/runner/work/ozone/ozone/hadoop-ozone/integration-test/target/test-dir/MiniOzoneClusterImpl-0c3862ae-9f43-41f5-9e7d-509225cf1f3d/omNode-3/db.snapshots/om.db-44cc1e13-2a74-4cd3-a089-1c6166c5c94b availability.
2023-02-28 04:34:27,933 [OMDoubleBufferFlushThread] INFO  om.OmSnapshotManager (OmSnapshotManager.java:createOmSnapshotCheckpoint(163)) - Created checkpoint : /home/runner/work/ozone/ozone/hadoop-ozone/integration-test/target/test-dir/MiniOzoneClusterImpl-0c3862ae-9f43-41f5-9e7d-509225cf1f3d/omNode-3/db.snapshots/om.db-44cc1e13-2a74-4cd3-a089-1c6166c5c94b for snapshot 3bedf066-c6eb-4dec-bf39-5cef6945420a
2023-02-28 04:34:27,935 [OMDoubleBufferFlushThread] INFO  db.RDBCheckpointManager (RDBCheckpointManager.java:createCheckpoint(96)) - Created checkpoint in rocksDB at /home/runner/work/ozone/ozone/hadoop-ozone/integration-test/target/test-dir/MiniOzoneClusterImpl-0c3862ae-9f43-41f5-9e7d-509225cf1f3d/omNode-2/db.snapshots/om.db-44cc1e13-2a74-4cd3-a089-1c6166c5c94b in 27 milliseconds
2023-02-28 04:34:27,935 [OMDoubleBufferFlushThread] INFO  db.RDBCheckpointManager (RDBCheckpointManager.java:waitForCheckpointDirectoryExist(125)) - Waited for 0 milliseconds for checkpoint directory /home/runner/work/ozone/ozone/hadoop-ozone/integration-test/target/test-dir/MiniOzoneClusterImpl-0c3862ae-9f43-41f5-9e7d-509225cf1f3d/omNode-2/db.snapshots/om.db-44cc1e13-2a74-4cd3-a089-1c6166c5c94b availability.
2023-02-28 04:34:27,935 [OMDoubleBufferFlushThread] INFO  om.OmSnapshotManager (OmSnapshotManager.java:createOmSnapshotCheckpoint(163)) - Created checkpoint : /home/runner/work/ozone/ozone/hadoop-ozone/integration-test/target/test-dir/MiniOzoneClusterImpl-0c3862ae-9f43-41f5-9e7d-509225cf1f3d/omNode-2/db.snapshots/om.db-44cc1e13-2a74-4cd3-a089-1c6166c5c94b for snapshot 3bedf066-c6eb-4dec-bf39-5cef6945420a
2023-02-28 04:34:28,955 [IPC Server handler 1 on default port 43485] WARN  server.ServerUtils (ServerUtils.java:getDBPath(225)) - ozone.om.db.dirs is not configured. We recommend adding this setting. Falling back to ozone.metadata.dirs instead.
2023-02-28 04:34:28,955 [IPC Server handler 1 on default port 43485] INFO  codec.OmKeyInfoCodec (OmKeyInfoCodec.java:<init>(49)) - OmKeyInfoCodec ignorePipeline = true
2023-02-28 04:34:28,955 [IPC Server handler 1 on default port 43485] INFO  codec.RepeatedOmKeyInfoCodec (RepeatedOmKeyInfoCodec.java:<init>(41)) - RepeatedOmKeyInfoCodec ignorePipeline = true
2023-02-28 04:34:28,994 [OM StateMachine ApplyTransaction Thread - 0] INFO  snapshot.OMSnapshotCreateRequest (OMSnapshotCreateRequest.java:validateAndUpdateCache(180)) - Created snapshot 'ca716dac-a7b8-42f5-aeea-3af53e834d9e' under path 'vol-a-16069/buc-a-90448'
2023-02-28 04:34:28,996 [OM StateMachine ApplyTransaction Thread - 0] INFO  snapshot.OMSnapshotCreateRequest (OMSnapshotCreateRequest.java:validateAndUpdateCache(180)) - Created snapshot 'ca716dac-a7b8-42f5-aeea-3af53e834d9e' under path 'vol-a-16069/buc-a-90448'
2023-02-28 04:34:28,996 [OM StateMachine ApplyTransaction Thread - 0] INFO  snapshot.OMSnapshotCreateRequest (OMSnapshotCreateRequest.java:validateAndUpdateCache(180)) - Created snapshot 'ca716dac-a7b8-42f5-aeea-3af53e834d9e' under path 'vol-a-16069/buc-a-90448'
2023-02-28 04:34:29,017 [OMDoubleBufferFlushThread] INFO  db.RDBCheckpointManager (RDBCheckpointManager.java:createCheckpoint(96)) - Created checkpoint in rocksDB at /home/runner/work/ozone/ozone/hadoop-ozone/integration-test/target/test-dir/MiniOzoneClusterImpl-0c3862ae-9f43-41f5-9e7d-509225cf1f3d/omNode-1/db.snapshots/om.db-c9e4a96d-58be-4baa-938d-a7841af79c29 in 21 milliseconds
2023-02-28 04:34:29,020 [OMDoubleBufferFlushThread] INFO  db.RDBCheckpointManager (RDBCheckpointManager.java:createCheckpoint(96)) - Created checkpoint in rocksDB at /home/runner/work/ozone/ozone/hadoop-ozone/integration-test/target/test-dir/MiniOzoneClusterImpl-0c3862ae-9f43-41f5-9e7d-509225cf1f3d/omNode-2/db.snapshots/om.db-c9e4a96d-58be-4baa-938d-a7841af79c29 in 23 milliseconds
2023-02-28 04:34:29,021 [OMDoubleBufferFlushThread] INFO  db.RDBCheckpointManager (RDBCheckpointManager.java:waitForCheckpointDirectoryExist(125)) - Waited for 4 milliseconds for checkpoint directory /home/runner/work/ozone/ozone/hadoop-ozone/integration-test/target/test-dir/MiniOzoneClusterImpl-0c3862ae-9f43-41f5-9e7d-509225cf1f3d/omNode-1/db.snapshots/om.db-c9e4a96d-58be-4baa-938d-a7841af79c29 availability.
2023-02-28 04:34:29,021 [OMDoubleBufferFlushThread] INFO  om.OmSnapshotManager (OmSnapshotManager.java:createOmSnapshotCheckpoint(163)) - Created checkpoint : /home/runner/work/ozone/ozone/hadoop-ozone/integration-test/target/test-dir/MiniOzoneClusterImpl-0c3862ae-9f43-41f5-9e7d-509225cf1f3d/omNode-1/db.snapshots/om.db-c9e4a96d-58be-4baa-938d-a7841af79c29 for snapshot ca716dac-a7b8-42f5-aeea-3af53e834d9e
2023-02-28 04:34:29,021 [OMDoubleBufferFlushThread] INFO  db.RDBCheckpointManager (RDBCheckpointManager.java:waitForCheckpointDirectoryExist(125)) - Waited for 1 milliseconds for checkpoint directory /home/runner/work/ozone/ozone/hadoop-ozone/integration-test/target/test-dir/MiniOzoneClusterImpl-0c3862ae-9f43-41f5-9e7d-509225cf1f3d/omNode-2/db.snapshots/om.db-c9e4a96d-58be-4baa-938d-a7841af79c29 availability.
2023-02-28 04:34:29,021 [OMDoubleBufferFlushThread] INFO  om.OmSnapshotManager (OmSnapshotManager.java:createOmSnapshotCheckpoint(163)) - Created checkpoint : /home/runner/work/ozone/ozone/hadoop-ozone/integration-test/target/test-dir/MiniOzoneClusterImpl-0c3862ae-9f43-41f5-9e7d-509225cf1f3d/omNode-2/db.snapshots/om.db-c9e4a96d-58be-4baa-938d-a7841af79c29 for snapshot ca716dac-a7b8-42f5-aeea-3af53e834d9e
2023-02-28 04:34:29,027 [OMDoubleBufferFlushThread] INFO  db.RDBCheckpointManager (RDBCheckpointManager.java:createCheckpoint(96)) - Created checkpoint in rocksDB at /home/runner/work/ozone/ozone/hadoop-ozone/integration-test/target/test-dir/MiniOzoneClusterImpl-0c3862ae-9f43-41f5-9e7d-509225cf1f3d/omNode-3/db.snapshots/om.db-c9e4a96d-58be-4baa-938d-a7841af79c29 in 30 milliseconds
2023-02-28 04:34:29,027 [OMDoubleBufferFlushThread] INFO  db.RDBCheckpointManager (RDBCheckpointManager.java:waitForCheckpointDirectoryExist(125)) - Waited for 0 milliseconds for checkpoint directory /home/runner/work/ozone/ozone/hadoop-ozone/integration-test/target/test-dir/MiniOzoneClusterImpl-0c3862ae-9f43-41f5-9e7d-509225cf1f3d/omNode-3/db.snapshots/om.db-c9e4a96d-58be-4baa-938d-a7841af79c29 availability.
2023-02-28 04:34:29,027 [OMDoubleBufferFlushThread] INFO  om.OmSnapshotManager (OmSnapshotManager.java:createOmSnapshotCheckpoint(163)) - Created checkpoint : /home/runner/work/ozone/ozone/hadoop-ozone/integration-test/target/test-dir/MiniOzoneClusterImpl-0c3862ae-9f43-41f5-9e7d-509225cf1f3d/omNode-3/db.snapshots/om.db-c9e4a96d-58be-4baa-938d-a7841af79c29 for snapshot ca716dac-a7b8-42f5-aeea-3af53e834d9e
2023-02-28 04:34:30,044 [IPC Server handler 6 on default port 43485] WARN  server.ServerUtils (ServerUtils.java:getDBPath(225)) - ozone.om.db.dirs is not configured. We recommend adding this setting. Falling back to ozone.metadata.dirs instead.
2023-02-28 04:34:30,044 [IPC Server handler 6 on default port 43485] INFO  codec.OmKeyInfoCodec (OmKeyInfoCodec.java:<init>(49)) - OmKeyInfoCodec ignorePipeline = true
2023-02-28 04:34:30,044 [IPC Server handler 6 on default port 43485] INFO  codec.RepeatedOmKeyInfoCodec (RepeatedOmKeyInfoCodec.java:<init>(41)) - RepeatedOmKeyInfoCodec ignorePipeline = true
]]></system-out>
  </testcase>
  <testcase name="testBucketDeleteIfSnapshotExists" classname="TestOmSnapshot" time="1.136">
    <system-out><![CDATA[2023-02-28 04:32:48,112 [Time-limited test] INFO  rpc.RpcClient (RpcClient.java:createVolume(476)) - Creating Volume: vol-25334, with runner as owner and space quota set to -1 bytes, counts quota set to -1
2023-02-28 04:32:48,115 [OM StateMachine ApplyTransaction Thread - 0] INFO  volume.OMVolumeCreateRequest (OMVolumeCreateRequest.java:validateAndUpdateCache(195)) - created volume:vol-25334 for user:runner
2023-02-28 04:32:48,116 [OM StateMachine ApplyTransaction Thread - 0] INFO  volume.OMVolumeCreateRequest (OMVolumeCreateRequest.java:validateAndUpdateCache(195)) - created volume:vol-25334 for user:runner
2023-02-28 04:32:48,117 [OM StateMachine ApplyTransaction Thread - 0] INFO  volume.OMVolumeCreateRequest (OMVolumeCreateRequest.java:validateAndUpdateCache(195)) - created volume:vol-25334 for user:runner
2023-02-28 04:32:48,120 [Time-limited test] INFO  rpc.RpcClient (RpcClient.java:createBucket(698)) - Creating Bucket: vol-25334/buc-61624, with server-side default bucket layout, runner as owner, Versioning false, Storage Type set to DISK and Encryption set to false, Replication Type set to server-side default replication type, Namespace Quota set to -1, Space Quota set to -1 
2023-02-28 04:32:48,122 [OM StateMachine ApplyTransaction Thread - 0] INFO  bucket.OMBucketCreateRequest (OMBucketCreateRequest.java:validateAndUpdateCache(263)) - created bucket: buc-61624 of layout OBJECT_STORE in volume: vol-25334
2023-02-28 04:32:48,124 [OM StateMachine ApplyTransaction Thread - 0] INFO  bucket.OMBucketCreateRequest (OMBucketCreateRequest.java:validateAndUpdateCache(263)) - created bucket: buc-61624 of layout OBJECT_STORE in volume: vol-25334
2023-02-28 04:32:48,124 [Time-limited test] INFO  rpc.RpcClient (RpcClient.java:createBucket(698)) - Creating Bucket: vol-25334/buc-57546, with server-side default bucket layout, runner as owner, Versioning false, Storage Type set to DISK and Encryption set to false, Replication Type set to server-side default replication type, Namespace Quota set to -1, Space Quota set to -1 
2023-02-28 04:32:48,125 [OM StateMachine ApplyTransaction Thread - 0] INFO  bucket.OMBucketCreateRequest (OMBucketCreateRequest.java:validateAndUpdateCache(263)) - created bucket: buc-61624 of layout OBJECT_STORE in volume: vol-25334
2023-02-28 04:32:48,126 [OM StateMachine ApplyTransaction Thread - 0] INFO  bucket.OMBucketCreateRequest (OMBucketCreateRequest.java:validateAndUpdateCache(263)) - created bucket: buc-57546 of layout OBJECT_STORE in volume: vol-25334
2023-02-28 04:32:48,128 [OM StateMachine ApplyTransaction Thread - 0] INFO  bucket.OMBucketCreateRequest (OMBucketCreateRequest.java:validateAndUpdateCache(263)) - created bucket: buc-57546 of layout OBJECT_STORE in volume: vol-25334
2023-02-28 04:32:48,128 [OM StateMachine ApplyTransaction Thread - 0] INFO  bucket.OMBucketCreateRequest (OMBucketCreateRequest.java:validateAndUpdateCache(263)) - created bucket: buc-57546 of layout OBJECT_STORE in volume: vol-25334
2023-02-28 04:32:48,183 [OM StateMachine ApplyTransaction Thread - 0] INFO  snapshot.OMSnapshotCreateRequest (OMSnapshotCreateRequest.java:validateAndUpdateCache(180)) - Created snapshot 'cbdbc51a-b885-46ac-8c12-1997baf884a9' under path 'vol-25334/buc-61624'
2023-02-28 04:32:48,184 [OM StateMachine ApplyTransaction Thread - 0] INFO  snapshot.OMSnapshotCreateRequest (OMSnapshotCreateRequest.java:validateAndUpdateCache(180)) - Created snapshot 'cbdbc51a-b885-46ac-8c12-1997baf884a9' under path 'vol-25334/buc-61624'
2023-02-28 04:32:48,184 [OM StateMachine ApplyTransaction Thread - 0] INFO  snapshot.OMSnapshotCreateRequest (OMSnapshotCreateRequest.java:validateAndUpdateCache(180)) - Created snapshot 'cbdbc51a-b885-46ac-8c12-1997baf884a9' under path 'vol-25334/buc-61624'
2023-02-28 04:32:48,223 [OMDoubleBufferFlushThread] INFO  db.RDBCheckpointManager (RDBCheckpointManager.java:createCheckpoint(96)) - Created checkpoint in rocksDB at /home/runner/work/ozone/ozone/hadoop-ozone/integration-test/target/test-dir/MiniOzoneClusterImpl-f9e21395-1bcf-40d4-8edb-6f91c23aa5c2/omNode-2/db.snapshots/om.db-11e3d621-93c8-46f4-92bb-344446c5f6cf in 37 milliseconds
2023-02-28 04:32:48,224 [OMDoubleBufferFlushThread] INFO  db.RDBCheckpointManager (RDBCheckpointManager.java:createCheckpoint(96)) - Created checkpoint in rocksDB at /home/runner/work/ozone/ozone/hadoop-ozone/integration-test/target/test-dir/MiniOzoneClusterImpl-f9e21395-1bcf-40d4-8edb-6f91c23aa5c2/omNode-1/db.snapshots/om.db-11e3d621-93c8-46f4-92bb-344446c5f6cf in 38 milliseconds
2023-02-28 04:32:48,224 [OMDoubleBufferFlushThread] INFO  db.RDBCheckpointManager (RDBCheckpointManager.java:createCheckpoint(96)) - Created checkpoint in rocksDB at /home/runner/work/ozone/ozone/hadoop-ozone/integration-test/target/test-dir/MiniOzoneClusterImpl-f9e21395-1bcf-40d4-8edb-6f91c23aa5c2/omNode-3/db.snapshots/om.db-11e3d621-93c8-46f4-92bb-344446c5f6cf in 38 milliseconds
2023-02-28 04:32:48,229 [OMDoubleBufferFlushThread] INFO  db.RDBCheckpointManager (RDBCheckpointManager.java:waitForCheckpointDirectoryExist(125)) - Waited for 5 milliseconds for checkpoint directory /home/runner/work/ozone/ozone/hadoop-ozone/integration-test/target/test-dir/MiniOzoneClusterImpl-f9e21395-1bcf-40d4-8edb-6f91c23aa5c2/omNode-2/db.snapshots/om.db-11e3d621-93c8-46f4-92bb-344446c5f6cf availability.
2023-02-28 04:32:48,229 [OMDoubleBufferFlushThread] INFO  om.OmSnapshotManager (OmSnapshotManager.java:createOmSnapshotCheckpoint(163)) - Created checkpoint : /home/runner/work/ozone/ozone/hadoop-ozone/integration-test/target/test-dir/MiniOzoneClusterImpl-f9e21395-1bcf-40d4-8edb-6f91c23aa5c2/omNode-2/db.snapshots/om.db-11e3d621-93c8-46f4-92bb-344446c5f6cf for snapshot cbdbc51a-b885-46ac-8c12-1997baf884a9
2023-02-28 04:32:48,232 [OMDoubleBufferFlushThread] INFO  db.RDBCheckpointManager (RDBCheckpointManager.java:waitForCheckpointDirectoryExist(125)) - Waited for 8 milliseconds for checkpoint directory /home/runner/work/ozone/ozone/hadoop-ozone/integration-test/target/test-dir/MiniOzoneClusterImpl-f9e21395-1bcf-40d4-8edb-6f91c23aa5c2/omNode-1/db.snapshots/om.db-11e3d621-93c8-46f4-92bb-344446c5f6cf availability.
2023-02-28 04:32:48,233 [OMDoubleBufferFlushThread] INFO  om.OmSnapshotManager (OmSnapshotManager.java:createOmSnapshotCheckpoint(163)) - Created checkpoint : /home/runner/work/ozone/ozone/hadoop-ozone/integration-test/target/test-dir/MiniOzoneClusterImpl-f9e21395-1bcf-40d4-8edb-6f91c23aa5c2/omNode-1/db.snapshots/om.db-11e3d621-93c8-46f4-92bb-344446c5f6cf for snapshot cbdbc51a-b885-46ac-8c12-1997baf884a9
2023-02-28 04:32:48,233 [OMDoubleBufferFlushThread] INFO  db.RDBCheckpointManager (RDBCheckpointManager.java:waitForCheckpointDirectoryExist(125)) - Waited for 9 milliseconds for checkpoint directory /home/runner/work/ozone/ozone/hadoop-ozone/integration-test/target/test-dir/MiniOzoneClusterImpl-f9e21395-1bcf-40d4-8edb-6f91c23aa5c2/omNode-3/db.snapshots/om.db-11e3d621-93c8-46f4-92bb-344446c5f6cf availability.
2023-02-28 04:32:48,233 [OMDoubleBufferFlushThread] INFO  om.OmSnapshotManager (OmSnapshotManager.java:createOmSnapshotCheckpoint(163)) - Created checkpoint : /home/runner/work/ozone/ozone/hadoop-ozone/integration-test/target/test-dir/MiniOzoneClusterImpl-f9e21395-1bcf-40d4-8edb-6f91c23aa5c2/omNode-3/db.snapshots/om.db-11e3d621-93c8-46f4-92bb-344446c5f6cf for snapshot cbdbc51a-b885-46ac-8c12-1997baf884a9
04:32:49.215 [OM StateMachine ApplyTransaction Thread - 0] ERROR OMAudit - user=runner | ip=127.0.0.1 | op=DELETE_BUCKET {volume=vol-25334, bucket=buc-61624} | ret=FAILURE
org.apache.hadoop.ozone.om.exceptions.OMException: Bucket buc-61624 can't be deleted when it has snapshots
	at org.apache.hadoop.ozone.om.request.bucket.OMBucketDeleteRequest.validateAndUpdateCache(OMBucketDeleteRequest.java:151) ~[ozone-manager-1.4.0-SNAPSHOT.jar:?]
	at org.apache.hadoop.ozone.protocolPB.OzoneManagerRequestHandler.handleWriteRequest(OzoneManagerRequestHandler.java:337) ~[ozone-manager-1.4.0-SNAPSHOT.jar:?]
	at org.apache.hadoop.ozone.om.ratis.OzoneManagerStateMachine.runCommand(OzoneManagerStateMachine.java:533) ~[ozone-manager-1.4.0-SNAPSHOT.jar:?]
	at org.apache.hadoop.ozone.om.ratis.OzoneManagerStateMachine.lambda$1(OzoneManagerStateMachine.java:324) ~[ozone-manager-1.4.0-SNAPSHOT.jar:?]
	at java.util.concurrent.CompletableFuture$AsyncSupply.run(CompletableFuture.java:1604) [?:1.8.0_362]
	at java.util.concurrent.ThreadPoolExecutor.runWorker(ThreadPoolExecutor.java:1149) [?:1.8.0_362]
	at java.util.concurrent.ThreadPoolExecutor$Worker.run(ThreadPoolExecutor.java:624) [?:1.8.0_362]
	at java.lang.Thread.run(Thread.java:750) [?:1.8.0_362]
04:32:49.214 [OM StateMachine ApplyTransaction Thread - 0] ERROR OMAudit - user=runner | ip=127.0.0.1 | op=DELETE_BUCKET {volume=vol-25334, bucket=buc-61624} | ret=FAILURE
org.apache.hadoop.ozone.om.exceptions.OMException: Bucket buc-61624 can't be deleted when it has snapshots
	at org.apache.hadoop.ozone.om.request.bucket.OMBucketDeleteRequest.validateAndUpdateCache(OMBucketDeleteRequest.java:151) ~[ozone-manager-1.4.0-SNAPSHOT.jar:?]
	at org.apache.hadoop.ozone.protocolPB.OzoneManagerRequestHandler.handleWriteRequest(OzoneManagerRequestHandler.java:337) ~[ozone-manager-1.4.0-SNAPSHOT.jar:?]
	at org.apache.hadoop.ozone.om.ratis.OzoneManagerStateMachine.runCommand(OzoneManagerStateMachine.java:533) ~[ozone-manager-1.4.0-SNAPSHOT.jar:?]
	at org.apache.hadoop.ozone.om.ratis.OzoneManagerStateMachine.lambda$1(OzoneManagerStateMachine.java:324) ~[ozone-manager-1.4.0-SNAPSHOT.jar:?]
	at java.util.concurrent.CompletableFuture$AsyncSupply.run(CompletableFuture.java:1604) [?:1.8.0_362]
	at java.util.concurrent.ThreadPoolExecutor.runWorker(ThreadPoolExecutor.java:1149) [?:1.8.0_362]
	at java.util.concurrent.ThreadPoolExecutor$Worker.run(ThreadPoolExecutor.java:624) [?:1.8.0_362]
	at java.lang.Thread.run(Thread.java:750) [?:1.8.0_362]
04:32:49.216 [OM StateMachine ApplyTransaction Thread - 0] ERROR OMAudit - user=runner | ip=127.0.0.1 | op=DELETE_BUCKET {volume=vol-25334, bucket=buc-61624} | ret=FAILURE
org.apache.hadoop.ozone.om.exceptions.OMException: Bucket buc-61624 can't be deleted when it has snapshots
	at org.apache.hadoop.ozone.om.request.bucket.OMBucketDeleteRequest.validateAndUpdateCache(OMBucketDeleteRequest.java:151) ~[ozone-manager-1.4.0-SNAPSHOT.jar:?]
	at org.apache.hadoop.ozone.protocolPB.OzoneManagerRequestHandler.handleWriteRequest(OzoneManagerRequestHandler.java:337) ~[ozone-manager-1.4.0-SNAPSHOT.jar:?]
	at org.apache.hadoop.ozone.om.ratis.OzoneManagerStateMachine.runCommand(OzoneManagerStateMachine.java:533) ~[ozone-manager-1.4.0-SNAPSHOT.jar:?]
	at org.apache.hadoop.ozone.om.ratis.OzoneManagerStateMachine.lambda$1(OzoneManagerStateMachine.java:324) ~[ozone-manager-1.4.0-SNAPSHOT.jar:?]
	at java.util.concurrent.CompletableFuture$AsyncSupply.run(CompletableFuture.java:1604) [?:1.8.0_362]
	at java.util.concurrent.ThreadPoolExecutor.runWorker(ThreadPoolExecutor.java:1149) [?:1.8.0_362]
	at java.util.concurrent.ThreadPoolExecutor$Worker.run(ThreadPoolExecutor.java:624) [?:1.8.0_362]
	at java.lang.Thread.run(Thread.java:750) [?:1.8.0_362]
2023-02-28 04:32:49,231 [OM StateMachine ApplyTransaction Thread - 0] ERROR bucket.OMBucketDeleteRequest (OMBucketDeleteRequest.java:validateAndUpdateCache(213)) - Delete bucket failed for bucket:buc-61624 in volume:vol-25334
CONTAINS_SNAPSHOT org.apache.hadoop.ozone.om.exceptions.OMException: Bucket buc-61624 can't be deleted when it has snapshots
	at org.apache.hadoop.ozone.om.request.bucket.OMBucketDeleteRequest.validateAndUpdateCache(OMBucketDeleteRequest.java:151)
	at org.apache.hadoop.ozone.protocolPB.OzoneManagerRequestHandler.handleWriteRequest(OzoneManagerRequestHandler.java:337)
	at org.apache.hadoop.ozone.om.ratis.OzoneManagerStateMachine.runCommand(OzoneManagerStateMachine.java:533)
	at org.apache.hadoop.ozone.om.ratis.OzoneManagerStateMachine.lambda$1(OzoneManagerStateMachine.java:324)
	at java.util.concurrent.CompletableFuture$AsyncSupply.run(CompletableFuture.java:1604)
	at java.util.concurrent.ThreadPoolExecutor.runWorker(ThreadPoolExecutor.java:1149)
	at java.util.concurrent.ThreadPoolExecutor$Worker.run(ThreadPoolExecutor.java:624)
	at java.lang.Thread.run(Thread.java:750)
2023-02-28 04:32:49,233 [OM StateMachine ApplyTransaction Thread - 0] ERROR bucket.OMBucketDeleteRequest (OMBucketDeleteRequest.java:validateAndUpdateCache(213)) - Delete bucket failed for bucket:buc-61624 in volume:vol-25334
CONTAINS_SNAPSHOT org.apache.hadoop.ozone.om.exceptions.OMException: Bucket buc-61624 can't be deleted when it has snapshots
	at org.apache.hadoop.ozone.om.request.bucket.OMBucketDeleteRequest.validateAndUpdateCache(OMBucketDeleteRequest.java:151)
	at org.apache.hadoop.ozone.protocolPB.OzoneManagerRequestHandler.handleWriteRequest(OzoneManagerRequestHandler.java:337)
	at org.apache.hadoop.ozone.om.ratis.OzoneManagerStateMachine.runCommand(OzoneManagerStateMachine.java:533)
	at org.apache.hadoop.ozone.om.ratis.OzoneManagerStateMachine.lambda$1(OzoneManagerStateMachine.java:324)
	at java.util.concurrent.CompletableFuture$AsyncSupply.run(CompletableFuture.java:1604)
	at java.util.concurrent.ThreadPoolExecutor.runWorker(ThreadPoolExecutor.java:1149)
	at java.util.concurrent.ThreadPoolExecutor$Worker.run(ThreadPoolExecutor.java:624)
	at java.lang.Thread.run(Thread.java:750)
2023-02-28 04:32:49,232 [OM StateMachine ApplyTransaction Thread - 0] ERROR bucket.OMBucketDeleteRequest (OMBucketDeleteRequest.java:validateAndUpdateCache(213)) - Delete bucket failed for bucket:buc-61624 in volume:vol-25334
CONTAINS_SNAPSHOT org.apache.hadoop.ozone.om.exceptions.OMException: Bucket buc-61624 can't be deleted when it has snapshots
	at org.apache.hadoop.ozone.om.request.bucket.OMBucketDeleteRequest.validateAndUpdateCache(OMBucketDeleteRequest.java:151)
	at org.apache.hadoop.ozone.protocolPB.OzoneManagerRequestHandler.handleWriteRequest(OzoneManagerRequestHandler.java:337)
	at org.apache.hadoop.ozone.om.ratis.OzoneManagerStateMachine.runCommand(OzoneManagerStateMachine.java:533)
	at org.apache.hadoop.ozone.om.ratis.OzoneManagerStateMachine.lambda$1(OzoneManagerStateMachine.java:324)
	at java.util.concurrent.CompletableFuture$AsyncSupply.run(CompletableFuture.java:1604)
	at java.util.concurrent.ThreadPoolExecutor.runWorker(ThreadPoolExecutor.java:1149)
	at java.util.concurrent.ThreadPoolExecutor$Worker.run(ThreadPoolExecutor.java:624)
	at java.lang.Thread.run(Thread.java:750)
]]></system-out>
  </testcase>
  <testcase name="testBucketDeleteIfSnapshotExists" classname="TestOmSnapshot" time="1.081">
    <system-out><![CDATA[2023-02-28 04:33:40,184 [Time-limited test] INFO  rpc.RpcClient (RpcClient.java:createVolume(476)) - Creating Volume: vol-57669, with runner as owner and space quota set to -1 bytes, counts quota set to -1
2023-02-28 04:33:40,187 [OM StateMachine ApplyTransaction Thread - 0] INFO  volume.OMVolumeCreateRequest (OMVolumeCreateRequest.java:validateAndUpdateCache(195)) - created volume:vol-57669 for user:runner
2023-02-28 04:33:40,188 [OM StateMachine ApplyTransaction Thread - 0] INFO  volume.OMVolumeCreateRequest (OMVolumeCreateRequest.java:validateAndUpdateCache(195)) - created volume:vol-57669 for user:runner
2023-02-28 04:33:40,189 [OM StateMachine ApplyTransaction Thread - 0] INFO  volume.OMVolumeCreateRequest (OMVolumeCreateRequest.java:validateAndUpdateCache(195)) - created volume:vol-57669 for user:runner
2023-02-28 04:33:40,190 [Time-limited test] INFO  rpc.RpcClient (RpcClient.java:createBucket(698)) - Creating Bucket: vol-57669/buc-52967, with server-side default bucket layout, runner as owner, Versioning false, Storage Type set to DISK and Encryption set to false, Replication Type set to server-side default replication type, Namespace Quota set to -1, Space Quota set to -1 
2023-02-28 04:33:40,192 [OM StateMachine ApplyTransaction Thread - 0] INFO  bucket.OMBucketCreateRequest (OMBucketCreateRequest.java:validateAndUpdateCache(263)) - created bucket: buc-52967 of layout FILE_SYSTEM_OPTIMIZED in volume: vol-57669
2023-02-28 04:33:40,192 [Time-limited test] INFO  rpc.RpcClient (RpcClient.java:createBucket(698)) - Creating Bucket: vol-57669/buc-79300, with server-side default bucket layout, runner as owner, Versioning false, Storage Type set to DISK and Encryption set to false, Replication Type set to server-side default replication type, Namespace Quota set to -1, Space Quota set to -1 
2023-02-28 04:33:40,193 [OM StateMachine ApplyTransaction Thread - 0] INFO  bucket.OMBucketCreateRequest (OMBucketCreateRequest.java:validateAndUpdateCache(263)) - created bucket: buc-52967 of layout FILE_SYSTEM_OPTIMIZED in volume: vol-57669
2023-02-28 04:33:40,193 [OM StateMachine ApplyTransaction Thread - 0] INFO  bucket.OMBucketCreateRequest (OMBucketCreateRequest.java:validateAndUpdateCache(263)) - created bucket: buc-52967 of layout FILE_SYSTEM_OPTIMIZED in volume: vol-57669
2023-02-28 04:33:40,194 [OM StateMachine ApplyTransaction Thread - 0] INFO  bucket.OMBucketCreateRequest (OMBucketCreateRequest.java:validateAndUpdateCache(263)) - created bucket: buc-79300 of layout FILE_SYSTEM_OPTIMIZED in volume: vol-57669
2023-02-28 04:33:40,195 [OM StateMachine ApplyTransaction Thread - 0] INFO  bucket.OMBucketCreateRequest (OMBucketCreateRequest.java:validateAndUpdateCache(263)) - created bucket: buc-79300 of layout FILE_SYSTEM_OPTIMIZED in volume: vol-57669
2023-02-28 04:33:40,196 [OM StateMachine ApplyTransaction Thread - 0] INFO  bucket.OMBucketCreateRequest (OMBucketCreateRequest.java:validateAndUpdateCache(263)) - created bucket: buc-79300 of layout FILE_SYSTEM_OPTIMIZED in volume: vol-57669
2023-02-28 04:33:40,237 [OM StateMachine ApplyTransaction Thread - 0] INFO  snapshot.OMSnapshotCreateRequest (OMSnapshotCreateRequest.java:validateAndUpdateCache(180)) - Created snapshot '871749e4-c34b-4fa1-90f8-5564626c6b7b' under path 'vol-57669/buc-52967'
2023-02-28 04:33:40,238 [OM StateMachine ApplyTransaction Thread - 0] INFO  snapshot.OMSnapshotCreateRequest (OMSnapshotCreateRequest.java:validateAndUpdateCache(180)) - Created snapshot '871749e4-c34b-4fa1-90f8-5564626c6b7b' under path 'vol-57669/buc-52967'
2023-02-28 04:33:40,239 [OM StateMachine ApplyTransaction Thread - 0] INFO  snapshot.OMSnapshotCreateRequest (OMSnapshotCreateRequest.java:validateAndUpdateCache(180)) - Created snapshot '871749e4-c34b-4fa1-90f8-5564626c6b7b' under path 'vol-57669/buc-52967'
2023-02-28 04:33:40,270 [OMDoubleBufferFlushThread] INFO  db.RDBCheckpointManager (RDBCheckpointManager.java:createCheckpoint(96)) - Created checkpoint in rocksDB at /home/runner/work/ozone/ozone/hadoop-ozone/integration-test/target/test-dir/MiniOzoneClusterImpl-2052965b-440d-4b09-b4b3-db311f243d80/omNode-2/db.snapshots/om.db-8a21f25e-a74e-4463-b12e-18035c48c2fe in 30 milliseconds
2023-02-28 04:33:40,273 [OMDoubleBufferFlushThread] INFO  db.RDBCheckpointManager (RDBCheckpointManager.java:waitForCheckpointDirectoryExist(125)) - Waited for 2 milliseconds for checkpoint directory /home/runner/work/ozone/ozone/hadoop-ozone/integration-test/target/test-dir/MiniOzoneClusterImpl-2052965b-440d-4b09-b4b3-db311f243d80/omNode-2/db.snapshots/om.db-8a21f25e-a74e-4463-b12e-18035c48c2fe availability.
2023-02-28 04:33:40,273 [OMDoubleBufferFlushThread] INFO  om.OmSnapshotManager (OmSnapshotManager.java:createOmSnapshotCheckpoint(163)) - Created checkpoint : /home/runner/work/ozone/ozone/hadoop-ozone/integration-test/target/test-dir/MiniOzoneClusterImpl-2052965b-440d-4b09-b4b3-db311f243d80/omNode-2/db.snapshots/om.db-8a21f25e-a74e-4463-b12e-18035c48c2fe for snapshot 871749e4-c34b-4fa1-90f8-5564626c6b7b
2023-02-28 04:33:40,275 [OMDoubleBufferFlushThread] INFO  db.RDBCheckpointManager (RDBCheckpointManager.java:createCheckpoint(96)) - Created checkpoint in rocksDB at /home/runner/work/ozone/ozone/hadoop-ozone/integration-test/target/test-dir/MiniOzoneClusterImpl-2052965b-440d-4b09-b4b3-db311f243d80/omNode-1/db.snapshots/om.db-8a21f25e-a74e-4463-b12e-18035c48c2fe in 37 milliseconds
2023-02-28 04:33:40,275 [OMDoubleBufferFlushThread] INFO  db.RDBCheckpointManager (RDBCheckpointManager.java:createCheckpoint(96)) - Created checkpoint in rocksDB at /home/runner/work/ozone/ozone/hadoop-ozone/integration-test/target/test-dir/MiniOzoneClusterImpl-2052965b-440d-4b09-b4b3-db311f243d80/omNode-3/db.snapshots/om.db-8a21f25e-a74e-4463-b12e-18035c48c2fe in 36 milliseconds
2023-02-28 04:33:40,280 [OMDoubleBufferFlushThread] INFO  db.RDBCheckpointManager (RDBCheckpointManager.java:waitForCheckpointDirectoryExist(125)) - Waited for 5 milliseconds for checkpoint directory /home/runner/work/ozone/ozone/hadoop-ozone/integration-test/target/test-dir/MiniOzoneClusterImpl-2052965b-440d-4b09-b4b3-db311f243d80/omNode-1/db.snapshots/om.db-8a21f25e-a74e-4463-b12e-18035c48c2fe availability.
2023-02-28 04:33:40,280 [OMDoubleBufferFlushThread] INFO  om.OmSnapshotManager (OmSnapshotManager.java:createOmSnapshotCheckpoint(163)) - Created checkpoint : /home/runner/work/ozone/ozone/hadoop-ozone/integration-test/target/test-dir/MiniOzoneClusterImpl-2052965b-440d-4b09-b4b3-db311f243d80/omNode-1/db.snapshots/om.db-8a21f25e-a74e-4463-b12e-18035c48c2fe for snapshot 871749e4-c34b-4fa1-90f8-5564626c6b7b
2023-02-28 04:33:40,280 [OMDoubleBufferFlushThread] INFO  db.RDBCheckpointManager (RDBCheckpointManager.java:waitForCheckpointDirectoryExist(125)) - Waited for 5 milliseconds for checkpoint directory /home/runner/work/ozone/ozone/hadoop-ozone/integration-test/target/test-dir/MiniOzoneClusterImpl-2052965b-440d-4b09-b4b3-db311f243d80/omNode-3/db.snapshots/om.db-8a21f25e-a74e-4463-b12e-18035c48c2fe availability.
2023-02-28 04:33:40,280 [OMDoubleBufferFlushThread] INFO  om.OmSnapshotManager (OmSnapshotManager.java:createOmSnapshotCheckpoint(163)) - Created checkpoint : /home/runner/work/ozone/ozone/hadoop-ozone/integration-test/target/test-dir/MiniOzoneClusterImpl-2052965b-440d-4b09-b4b3-db311f243d80/omNode-3/db.snapshots/om.db-8a21f25e-a74e-4463-b12e-18035c48c2fe for snapshot 871749e4-c34b-4fa1-90f8-5564626c6b7b
2023-02-28 04:33:40,359 [EndpointStateMachine task thread for /0.0.0.0:41617 - 0 ] INFO  ipc.Client (Client.java:handleConnectionFailure(1010)) - Retrying connect to server: 0.0.0.0/0.0.0.0:41617. Already tried 4 time(s); retry policy is RetryUpToMaximumCountWithFixedSleep(maxRetries=15, sleepTime=1000 MILLISECONDS)
2023-02-28 04:33:40,846 [Under Replicated Processor] INFO  replication.UnhealthyReplicationProcessor (UnhealthyReplicationProcessor.java:processAll(113)) - Processed 0 containers with health state counts {},failed processing 0
2023-02-28 04:33:40,848 [Over Replicated Processor] INFO  replication.UnhealthyReplicationProcessor (UnhealthyReplicationProcessor.java:processAll(113)) - Processed 0 containers with health state counts {},failed processing 0
04:33:41.258 [OM StateMachine ApplyTransaction Thread - 0] ERROR OMAudit - user=runner | ip=127.0.0.1 | op=DELETE_BUCKET {volume=vol-57669, bucket=buc-52967} | ret=FAILURE
org.apache.hadoop.ozone.om.exceptions.OMException: Bucket buc-52967 can't be deleted when it has snapshots
	at org.apache.hadoop.ozone.om.request.bucket.OMBucketDeleteRequest.validateAndUpdateCache(OMBucketDeleteRequest.java:151) ~[ozone-manager-1.4.0-SNAPSHOT.jar:?]
	at org.apache.hadoop.ozone.protocolPB.OzoneManagerRequestHandler.handleWriteRequest(OzoneManagerRequestHandler.java:337) ~[ozone-manager-1.4.0-SNAPSHOT.jar:?]
	at org.apache.hadoop.ozone.om.ratis.OzoneManagerStateMachine.runCommand(OzoneManagerStateMachine.java:533) ~[ozone-manager-1.4.0-SNAPSHOT.jar:?]
	at org.apache.hadoop.ozone.om.ratis.OzoneManagerStateMachine.lambda$1(OzoneManagerStateMachine.java:324) ~[ozone-manager-1.4.0-SNAPSHOT.jar:?]
	at java.util.concurrent.CompletableFuture$AsyncSupply.run(CompletableFuture.java:1604) [?:1.8.0_362]
	at java.util.concurrent.ThreadPoolExecutor.runWorker(ThreadPoolExecutor.java:1149) [?:1.8.0_362]
	at java.util.concurrent.ThreadPoolExecutor$Worker.run(ThreadPoolExecutor.java:624) [?:1.8.0_362]
	at java.lang.Thread.run(Thread.java:750) [?:1.8.0_362]
2023-02-28 04:33:41,258 [OM StateMachine ApplyTransaction Thread - 0] ERROR bucket.OMBucketDeleteRequest (OMBucketDeleteRequest.java:validateAndUpdateCache(213)) - Delete bucket failed for bucket:buc-52967 in volume:vol-57669
CONTAINS_SNAPSHOT org.apache.hadoop.ozone.om.exceptions.OMException: Bucket buc-52967 can't be deleted when it has snapshots
	at org.apache.hadoop.ozone.om.request.bucket.OMBucketDeleteRequest.validateAndUpdateCache(OMBucketDeleteRequest.java:151)
	at org.apache.hadoop.ozone.protocolPB.OzoneManagerRequestHandler.handleWriteRequest(OzoneManagerRequestHandler.java:337)
	at org.apache.hadoop.ozone.om.ratis.OzoneManagerStateMachine.runCommand(OzoneManagerStateMachine.java:533)
	at org.apache.hadoop.ozone.om.ratis.OzoneManagerStateMachine.lambda$1(OzoneManagerStateMachine.java:324)
	at java.util.concurrent.CompletableFuture$AsyncSupply.run(CompletableFuture.java:1604)
	at java.util.concurrent.ThreadPoolExecutor.runWorker(ThreadPoolExecutor.java:1149)
	at java.util.concurrent.ThreadPoolExecutor$Worker.run(ThreadPoolExecutor.java:624)
	at java.lang.Thread.run(Thread.java:750)
04:33:41.260 [OM StateMachine ApplyTransaction Thread - 0] ERROR OMAudit - user=runner | ip=127.0.0.1 | op=DELETE_BUCKET {volume=vol-57669, bucket=buc-52967} | ret=FAILURE
org.apache.hadoop.ozone.om.exceptions.OMException: Bucket buc-52967 can't be deleted when it has snapshots
	at org.apache.hadoop.ozone.om.request.bucket.OMBucketDeleteRequest.validateAndUpdateCache(OMBucketDeleteRequest.java:151) ~[ozone-manager-1.4.0-SNAPSHOT.jar:?]
	at org.apache.hadoop.ozone.protocolPB.OzoneManagerRequestHandler.handleWriteRequest(OzoneManagerRequestHandler.java:337) ~[ozone-manager-1.4.0-SNAPSHOT.jar:?]
	at org.apache.hadoop.ozone.om.ratis.OzoneManagerStateMachine.runCommand(OzoneManagerStateMachine.java:533) ~[ozone-manager-1.4.0-SNAPSHOT.jar:?]
	at org.apache.hadoop.ozone.om.ratis.OzoneManagerStateMachine.lambda$1(OzoneManagerStateMachine.java:324) ~[ozone-manager-1.4.0-SNAPSHOT.jar:?]
	at java.util.concurrent.CompletableFuture$AsyncSupply.run(CompletableFuture.java:1604) [?:1.8.0_362]
	at java.util.concurrent.ThreadPoolExecutor.runWorker(ThreadPoolExecutor.java:1149) [?:1.8.0_362]
	at java.util.concurrent.ThreadPoolExecutor$Worker.run(ThreadPoolExecutor.java:624) [?:1.8.0_362]
	at java.lang.Thread.run(Thread.java:750) [?:1.8.0_362]
2023-02-28 04:33:41,261 [OM StateMachine ApplyTransaction Thread - 0] ERROR bucket.OMBucketDeleteRequest (OMBucketDeleteRequest.java:validateAndUpdateCache(213)) - Delete bucket failed for bucket:buc-52967 in volume:vol-57669
CONTAINS_SNAPSHOT org.apache.hadoop.ozone.om.exceptions.OMException: Bucket buc-52967 can't be deleted when it has snapshots
	at org.apache.hadoop.ozone.om.request.bucket.OMBucketDeleteRequest.validateAndUpdateCache(OMBucketDeleteRequest.java:151)
	at org.apache.hadoop.ozone.protocolPB.OzoneManagerRequestHandler.handleWriteRequest(OzoneManagerRequestHandler.java:337)
	at org.apache.hadoop.ozone.om.ratis.OzoneManagerStateMachine.runCommand(OzoneManagerStateMachine.java:533)
	at org.apache.hadoop.ozone.om.ratis.OzoneManagerStateMachine.lambda$1(OzoneManagerStateMachine.java:324)
	at java.util.concurrent.CompletableFuture$AsyncSupply.run(CompletableFuture.java:1604)
	at java.util.concurrent.ThreadPoolExecutor.runWorker(ThreadPoolExecutor.java:1149)
	at java.util.concurrent.ThreadPoolExecutor$Worker.run(ThreadPoolExecutor.java:624)
	at java.lang.Thread.run(Thread.java:750)
04:33:41.261 [OM StateMachine ApplyTransaction Thread - 0] ERROR OMAudit - user=runner | ip=127.0.0.1 | op=DELETE_BUCKET {volume=vol-57669, bucket=buc-52967} | ret=FAILURE
org.apache.hadoop.ozone.om.exceptions.OMException: Bucket buc-52967 can't be deleted when it has snapshots
	at org.apache.hadoop.ozone.om.request.bucket.OMBucketDeleteRequest.validateAndUpdateCache(OMBucketDeleteRequest.java:151) ~[ozone-manager-1.4.0-SNAPSHOT.jar:?]
	at org.apache.hadoop.ozone.protocolPB.OzoneManagerRequestHandler.handleWriteRequest(OzoneManagerRequestHandler.java:337) ~[ozone-manager-1.4.0-SNAPSHOT.jar:?]
	at org.apache.hadoop.ozone.om.ratis.OzoneManagerStateMachine.runCommand(OzoneManagerStateMachine.java:533) ~[ozone-manager-1.4.0-SNAPSHOT.jar:?]
	at org.apache.hadoop.ozone.om.ratis.OzoneManagerStateMachine.lambda$1(OzoneManagerStateMachine.java:324) ~[ozone-manager-1.4.0-SNAPSHOT.jar:?]
	at java.util.concurrent.CompletableFuture$AsyncSupply.run(CompletableFuture.java:1604) [?:1.8.0_362]
	at java.util.concurrent.ThreadPoolExecutor.runWorker(ThreadPoolExecutor.java:1149) [?:1.8.0_362]
	at java.util.concurrent.ThreadPoolExecutor$Worker.run(ThreadPoolExecutor.java:624) [?:1.8.0_362]
	at java.lang.Thread.run(Thread.java:750) [?:1.8.0_362]
2023-02-28 04:33:41,261 [OM StateMachine ApplyTransaction Thread - 0] ERROR bucket.OMBucketDeleteRequest (OMBucketDeleteRequest.java:validateAndUpdateCache(213)) - Delete bucket failed for bucket:buc-52967 in volume:vol-57669
CONTAINS_SNAPSHOT org.apache.hadoop.ozone.om.exceptions.OMException: Bucket buc-52967 can't be deleted when it has snapshots
	at org.apache.hadoop.ozone.om.request.bucket.OMBucketDeleteRequest.validateAndUpdateCache(OMBucketDeleteRequest.java:151)
	at org.apache.hadoop.ozone.protocolPB.OzoneManagerRequestHandler.handleWriteRequest(OzoneManagerRequestHandler.java:337)
	at org.apache.hadoop.ozone.om.ratis.OzoneManagerStateMachine.runCommand(OzoneManagerStateMachine.java:533)
	at org.apache.hadoop.ozone.om.ratis.OzoneManagerStateMachine.lambda$1(OzoneManagerStateMachine.java:324)
	at java.util.concurrent.CompletableFuture$AsyncSupply.run(CompletableFuture.java:1604)
	at java.util.concurrent.ThreadPoolExecutor.runWorker(ThreadPoolExecutor.java:1149)
	at java.util.concurrent.ThreadPoolExecutor$Worker.run(ThreadPoolExecutor.java:624)
	at java.lang.Thread.run(Thread.java:750)
]]></system-out>
  </testcase>
  <testcase name="testBucketDeleteIfSnapshotExists" classname="TestOmSnapshot" time="1.076">
    <system-out><![CDATA[2023-02-28 04:34:30,131 [Time-limited test] INFO  rpc.RpcClient (RpcClient.java:createVolume(476)) - Creating Volume: vol-85752, with runner as owner and space quota set to -1 bytes, counts quota set to -1
2023-02-28 04:34:30,133 [OM StateMachine ApplyTransaction Thread - 0] INFO  volume.OMVolumeCreateRequest (OMVolumeCreateRequest.java:validateAndUpdateCache(195)) - created volume:vol-85752 for user:runner
2023-02-28 04:34:30,135 [OM StateMachine ApplyTransaction Thread - 0] INFO  volume.OMVolumeCreateRequest (OMVolumeCreateRequest.java:validateAndUpdateCache(195)) - created volume:vol-85752 for user:runner
2023-02-28 04:34:30,135 [OM StateMachine ApplyTransaction Thread - 0] INFO  volume.OMVolumeCreateRequest (OMVolumeCreateRequest.java:validateAndUpdateCache(195)) - created volume:vol-85752 for user:runner
2023-02-28 04:34:30,136 [Time-limited test] INFO  rpc.RpcClient (RpcClient.java:createBucket(698)) - Creating Bucket: vol-85752/buc-59074, with server-side default bucket layout, runner as owner, Versioning false, Storage Type set to DISK and Encryption set to false, Replication Type set to server-side default replication type, Namespace Quota set to -1, Space Quota set to -1 
2023-02-28 04:34:30,137 [OM StateMachine ApplyTransaction Thread - 0] INFO  bucket.OMBucketCreateRequest (OMBucketCreateRequest.java:validateAndUpdateCache(263)) - created bucket: buc-59074 of layout LEGACY in volume: vol-85752
2023-02-28 04:34:30,138 [OM StateMachine ApplyTransaction Thread - 0] INFO  bucket.OMBucketCreateRequest (OMBucketCreateRequest.java:validateAndUpdateCache(263)) - created bucket: buc-59074 of layout LEGACY in volume: vol-85752
2023-02-28 04:34:30,139 [OM StateMachine ApplyTransaction Thread - 0] INFO  bucket.OMBucketCreateRequest (OMBucketCreateRequest.java:validateAndUpdateCache(263)) - created bucket: buc-59074 of layout LEGACY in volume: vol-85752
2023-02-28 04:34:30,139 [Time-limited test] INFO  rpc.RpcClient (RpcClient.java:createBucket(698)) - Creating Bucket: vol-85752/buc-00362, with server-side default bucket layout, runner as owner, Versioning false, Storage Type set to DISK and Encryption set to false, Replication Type set to server-side default replication type, Namespace Quota set to -1, Space Quota set to -1 
2023-02-28 04:34:30,142 [OM StateMachine ApplyTransaction Thread - 0] INFO  bucket.OMBucketCreateRequest (OMBucketCreateRequest.java:validateAndUpdateCache(263)) - created bucket: buc-00362 of layout LEGACY in volume: vol-85752
2023-02-28 04:34:30,143 [OM StateMachine ApplyTransaction Thread - 0] INFO  bucket.OMBucketCreateRequest (OMBucketCreateRequest.java:validateAndUpdateCache(263)) - created bucket: buc-00362 of layout LEGACY in volume: vol-85752
2023-02-28 04:34:30,143 [OM StateMachine ApplyTransaction Thread - 0] INFO  bucket.OMBucketCreateRequest (OMBucketCreateRequest.java:validateAndUpdateCache(263)) - created bucket: buc-00362 of layout LEGACY in volume: vol-85752
2023-02-28 04:34:30,187 [OM StateMachine ApplyTransaction Thread - 0] INFO  snapshot.OMSnapshotCreateRequest (OMSnapshotCreateRequest.java:validateAndUpdateCache(180)) - Created snapshot '88fdd6e0-a36f-431f-9cca-0d25dfb6c84c' under path 'vol-85752/buc-59074'
2023-02-28 04:34:30,188 [OM StateMachine ApplyTransaction Thread - 0] INFO  snapshot.OMSnapshotCreateRequest (OMSnapshotCreateRequest.java:validateAndUpdateCache(180)) - Created snapshot '88fdd6e0-a36f-431f-9cca-0d25dfb6c84c' under path 'vol-85752/buc-59074'
2023-02-28 04:34:30,188 [OM StateMachine ApplyTransaction Thread - 0] INFO  snapshot.OMSnapshotCreateRequest (OMSnapshotCreateRequest.java:validateAndUpdateCache(180)) - Created snapshot '88fdd6e0-a36f-431f-9cca-0d25dfb6c84c' under path 'vol-85752/buc-59074'
2023-02-28 04:34:30,225 [OMDoubleBufferFlushThread] INFO  db.RDBCheckpointManager (RDBCheckpointManager.java:createCheckpoint(96)) - Created checkpoint in rocksDB at /home/runner/work/ozone/ozone/hadoop-ozone/integration-test/target/test-dir/MiniOzoneClusterImpl-0c3862ae-9f43-41f5-9e7d-509225cf1f3d/omNode-2/db.snapshots/om.db-854f6a41-7ceb-4fcb-a305-71d5523166ab in 36 milliseconds
2023-02-28 04:34:30,226 [OMDoubleBufferFlushThread] INFO  db.RDBCheckpointManager (RDBCheckpointManager.java:createCheckpoint(96)) - Created checkpoint in rocksDB at /home/runner/work/ozone/ozone/hadoop-ozone/integration-test/target/test-dir/MiniOzoneClusterImpl-0c3862ae-9f43-41f5-9e7d-509225cf1f3d/omNode-1/db.snapshots/om.db-854f6a41-7ceb-4fcb-a305-71d5523166ab in 37 milliseconds
2023-02-28 04:34:30,229 [OMDoubleBufferFlushThread] INFO  db.RDBCheckpointManager (RDBCheckpointManager.java:waitForCheckpointDirectoryExist(125)) - Waited for 4 milliseconds for checkpoint directory /home/runner/work/ozone/ozone/hadoop-ozone/integration-test/target/test-dir/MiniOzoneClusterImpl-0c3862ae-9f43-41f5-9e7d-509225cf1f3d/omNode-2/db.snapshots/om.db-854f6a41-7ceb-4fcb-a305-71d5523166ab availability.
2023-02-28 04:34:30,230 [OMDoubleBufferFlushThread] INFO  om.OmSnapshotManager (OmSnapshotManager.java:createOmSnapshotCheckpoint(163)) - Created checkpoint : /home/runner/work/ozone/ozone/hadoop-ozone/integration-test/target/test-dir/MiniOzoneClusterImpl-0c3862ae-9f43-41f5-9e7d-509225cf1f3d/omNode-2/db.snapshots/om.db-854f6a41-7ceb-4fcb-a305-71d5523166ab for snapshot 88fdd6e0-a36f-431f-9cca-0d25dfb6c84c
2023-02-28 04:34:30,230 [OMDoubleBufferFlushThread] INFO  db.RDBCheckpointManager (RDBCheckpointManager.java:waitForCheckpointDirectoryExist(125)) - Waited for 3 milliseconds for checkpoint directory /home/runner/work/ozone/ozone/hadoop-ozone/integration-test/target/test-dir/MiniOzoneClusterImpl-0c3862ae-9f43-41f5-9e7d-509225cf1f3d/omNode-1/db.snapshots/om.db-854f6a41-7ceb-4fcb-a305-71d5523166ab availability.
2023-02-28 04:34:30,230 [OMDoubleBufferFlushThread] INFO  om.OmSnapshotManager (OmSnapshotManager.java:createOmSnapshotCheckpoint(163)) - Created checkpoint : /home/runner/work/ozone/ozone/hadoop-ozone/integration-test/target/test-dir/MiniOzoneClusterImpl-0c3862ae-9f43-41f5-9e7d-509225cf1f3d/omNode-1/db.snapshots/om.db-854f6a41-7ceb-4fcb-a305-71d5523166ab for snapshot 88fdd6e0-a36f-431f-9cca-0d25dfb6c84c
2023-02-28 04:34:30,235 [OMDoubleBufferFlushThread] INFO  db.RDBCheckpointManager (RDBCheckpointManager.java:createCheckpoint(96)) - Created checkpoint in rocksDB at /home/runner/work/ozone/ozone/hadoop-ozone/integration-test/target/test-dir/MiniOzoneClusterImpl-0c3862ae-9f43-41f5-9e7d-509225cf1f3d/omNode-3/db.snapshots/om.db-854f6a41-7ceb-4fcb-a305-71d5523166ab in 45 milliseconds
2023-02-28 04:34:30,235 [OMDoubleBufferFlushThread] INFO  db.RDBCheckpointManager (RDBCheckpointManager.java:waitForCheckpointDirectoryExist(125)) - Waited for 0 milliseconds for checkpoint directory /home/runner/work/ozone/ozone/hadoop-ozone/integration-test/target/test-dir/MiniOzoneClusterImpl-0c3862ae-9f43-41f5-9e7d-509225cf1f3d/omNode-3/db.snapshots/om.db-854f6a41-7ceb-4fcb-a305-71d5523166ab availability.
2023-02-28 04:34:30,235 [OMDoubleBufferFlushThread] INFO  om.OmSnapshotManager (OmSnapshotManager.java:createOmSnapshotCheckpoint(163)) - Created checkpoint : /home/runner/work/ozone/ozone/hadoop-ozone/integration-test/target/test-dir/MiniOzoneClusterImpl-0c3862ae-9f43-41f5-9e7d-509225cf1f3d/omNode-3/db.snapshots/om.db-854f6a41-7ceb-4fcb-a305-71d5523166ab for snapshot 88fdd6e0-a36f-431f-9cca-0d25dfb6c84c
04:34:31.200 [OM StateMachine ApplyTransaction Thread - 0] ERROR OMAudit - user=runner | ip=127.0.0.1 | op=DELETE_BUCKET {volume=vol-85752, bucket=buc-59074} | ret=FAILURE
org.apache.hadoop.ozone.om.exceptions.OMException: Bucket buc-59074 can't be deleted when it has snapshots
	at org.apache.hadoop.ozone.om.request.bucket.OMBucketDeleteRequest.validateAndUpdateCache(OMBucketDeleteRequest.java:151) ~[ozone-manager-1.4.0-SNAPSHOT.jar:?]
	at org.apache.hadoop.ozone.protocolPB.OzoneManagerRequestHandler.handleWriteRequest(OzoneManagerRequestHandler.java:337) ~[ozone-manager-1.4.0-SNAPSHOT.jar:?]
	at org.apache.hadoop.ozone.om.ratis.OzoneManagerStateMachine.runCommand(OzoneManagerStateMachine.java:533) ~[ozone-manager-1.4.0-SNAPSHOT.jar:?]
	at org.apache.hadoop.ozone.om.ratis.OzoneManagerStateMachine.lambda$1(OzoneManagerStateMachine.java:324) ~[ozone-manager-1.4.0-SNAPSHOT.jar:?]
	at java.util.concurrent.CompletableFuture$AsyncSupply.run(CompletableFuture.java:1604) [?:1.8.0_362]
	at java.util.concurrent.ThreadPoolExecutor.runWorker(ThreadPoolExecutor.java:1149) [?:1.8.0_362]
	at java.util.concurrent.ThreadPoolExecutor$Worker.run(ThreadPoolExecutor.java:624) [?:1.8.0_362]
	at java.lang.Thread.run(Thread.java:750) [?:1.8.0_362]
2023-02-28 04:34:31,200 [OM StateMachine ApplyTransaction Thread - 0] ERROR bucket.OMBucketDeleteRequest (OMBucketDeleteRequest.java:validateAndUpdateCache(213)) - Delete bucket failed for bucket:buc-59074 in volume:vol-85752
CONTAINS_SNAPSHOT org.apache.hadoop.ozone.om.exceptions.OMException: Bucket buc-59074 can't be deleted when it has snapshots
	at org.apache.hadoop.ozone.om.request.bucket.OMBucketDeleteRequest.validateAndUpdateCache(OMBucketDeleteRequest.java:151)
	at org.apache.hadoop.ozone.protocolPB.OzoneManagerRequestHandler.handleWriteRequest(OzoneManagerRequestHandler.java:337)
	at org.apache.hadoop.ozone.om.ratis.OzoneManagerStateMachine.runCommand(OzoneManagerStateMachine.java:533)
	at org.apache.hadoop.ozone.om.ratis.OzoneManagerStateMachine.lambda$1(OzoneManagerStateMachine.java:324)
	at java.util.concurrent.CompletableFuture$AsyncSupply.run(CompletableFuture.java:1604)
	at java.util.concurrent.ThreadPoolExecutor.runWorker(ThreadPoolExecutor.java:1149)
	at java.util.concurrent.ThreadPoolExecutor$Worker.run(ThreadPoolExecutor.java:624)
	at java.lang.Thread.run(Thread.java:750)
04:34:31.202 [OM StateMachine ApplyTransaction Thread - 0] ERROR OMAudit - user=runner | ip=127.0.0.1 | op=DELETE_BUCKET {volume=vol-85752, bucket=buc-59074} | ret=FAILURE
org.apache.hadoop.ozone.om.exceptions.OMException: Bucket buc-59074 can't be deleted when it has snapshots
	at org.apache.hadoop.ozone.om.request.bucket.OMBucketDeleteRequest.validateAndUpdateCache(OMBucketDeleteRequest.java:151) ~[ozone-manager-1.4.0-SNAPSHOT.jar:?]
	at org.apache.hadoop.ozone.protocolPB.OzoneManagerRequestHandler.handleWriteRequest(OzoneManagerRequestHandler.java:337) ~[ozone-manager-1.4.0-SNAPSHOT.jar:?]
	at org.apache.hadoop.ozone.om.ratis.OzoneManagerStateMachine.runCommand(OzoneManagerStateMachine.java:533) ~[ozone-manager-1.4.0-SNAPSHOT.jar:?]
	at org.apache.hadoop.ozone.om.ratis.OzoneManagerStateMachine.lambda$1(OzoneManagerStateMachine.java:324) ~[ozone-manager-1.4.0-SNAPSHOT.jar:?]
	at java.util.concurrent.CompletableFuture$AsyncSupply.run(CompletableFuture.java:1604) [?:1.8.0_362]
	at java.util.concurrent.ThreadPoolExecutor.runWorker(ThreadPoolExecutor.java:1149) [?:1.8.0_362]
	at java.util.concurrent.ThreadPoolExecutor$Worker.run(ThreadPoolExecutor.java:624) [?:1.8.0_362]
	at java.lang.Thread.run(Thread.java:750) [?:1.8.0_362]
2023-02-28 04:34:31,202 [OM StateMachine ApplyTransaction Thread - 0] ERROR bucket.OMBucketDeleteRequest (OMBucketDeleteRequest.java:validateAndUpdateCache(213)) - Delete bucket failed for bucket:buc-59074 in volume:vol-85752
CONTAINS_SNAPSHOT org.apache.hadoop.ozone.om.exceptions.OMException: Bucket buc-59074 can't be deleted when it has snapshots
	at org.apache.hadoop.ozone.om.request.bucket.OMBucketDeleteRequest.validateAndUpdateCache(OMBucketDeleteRequest.java:151)
	at org.apache.hadoop.ozone.protocolPB.OzoneManagerRequestHandler.handleWriteRequest(OzoneManagerRequestHandler.java:337)
	at org.apache.hadoop.ozone.om.ratis.OzoneManagerStateMachine.runCommand(OzoneManagerStateMachine.java:533)
	at org.apache.hadoop.ozone.om.ratis.OzoneManagerStateMachine.lambda$1(OzoneManagerStateMachine.java:324)
	at java.util.concurrent.CompletableFuture$AsyncSupply.run(CompletableFuture.java:1604)
	at java.util.concurrent.ThreadPoolExecutor.runWorker(ThreadPoolExecutor.java:1149)
	at java.util.concurrent.ThreadPoolExecutor$Worker.run(ThreadPoolExecutor.java:624)
	at java.lang.Thread.run(Thread.java:750)
04:34:31.203 [OM StateMachine ApplyTransaction Thread - 0] ERROR OMAudit - user=runner | ip=127.0.0.1 | op=DELETE_BUCKET {volume=vol-85752, bucket=buc-59074} | ret=FAILURE
org.apache.hadoop.ozone.om.exceptions.OMException: Bucket buc-59074 can't be deleted when it has snapshots
	at org.apache.hadoop.ozone.om.request.bucket.OMBucketDeleteRequest.validateAndUpdateCache(OMBucketDeleteRequest.java:151) ~[ozone-manager-1.4.0-SNAPSHOT.jar:?]
	at org.apache.hadoop.ozone.protocolPB.OzoneManagerRequestHandler.handleWriteRequest(OzoneManagerRequestHandler.java:337) ~[ozone-manager-1.4.0-SNAPSHOT.jar:?]
	at org.apache.hadoop.ozone.om.ratis.OzoneManagerStateMachine.runCommand(OzoneManagerStateMachine.java:533) ~[ozone-manager-1.4.0-SNAPSHOT.jar:?]
	at org.apache.hadoop.ozone.om.ratis.OzoneManagerStateMachine.lambda$1(OzoneManagerStateMachine.java:324) ~[ozone-manager-1.4.0-SNAPSHOT.jar:?]
	at java.util.concurrent.CompletableFuture$AsyncSupply.run(CompletableFuture.java:1604) [?:1.8.0_362]
	at java.util.concurrent.ThreadPoolExecutor.runWorker(ThreadPoolExecutor.java:1149) [?:1.8.0_362]
	at java.util.concurrent.ThreadPoolExecutor$Worker.run(ThreadPoolExecutor.java:624) [?:1.8.0_362]
	at java.lang.Thread.run(Thread.java:750) [?:1.8.0_362]
2023-02-28 04:34:31,203 [OM StateMachine ApplyTransaction Thread - 0] ERROR bucket.OMBucketDeleteRequest (OMBucketDeleteRequest.java:validateAndUpdateCache(213)) - Delete bucket failed for bucket:buc-59074 in volume:vol-85752
CONTAINS_SNAPSHOT org.apache.hadoop.ozone.om.exceptions.OMException: Bucket buc-59074 can't be deleted when it has snapshots
	at org.apache.hadoop.ozone.om.request.bucket.OMBucketDeleteRequest.validateAndUpdateCache(OMBucketDeleteRequest.java:151)
	at org.apache.hadoop.ozone.protocolPB.OzoneManagerRequestHandler.handleWriteRequest(OzoneManagerRequestHandler.java:337)
	at org.apache.hadoop.ozone.om.ratis.OzoneManagerStateMachine.runCommand(OzoneManagerStateMachine.java:533)
	at org.apache.hadoop.ozone.om.ratis.OzoneManagerStateMachine.lambda$1(OzoneManagerStateMachine.java:324)
	at java.util.concurrent.CompletableFuture$AsyncSupply.run(CompletableFuture.java:1604)
	at java.util.concurrent.ThreadPoolExecutor.runWorker(ThreadPoolExecutor.java:1149)
	at java.util.concurrent.ThreadPoolExecutor$Worker.run(ThreadPoolExecutor.java:624)
	at java.lang.Thread.run(Thread.java:750)
]]></system-out>
  </testcase>
  <testcase name="testListDeleteKey" classname="TestOmSnapshot" time="2.205">
    <system-out><![CDATA[2023-02-28 04:32:49,247 [Time-limited test] INFO  rpc.RpcClient (RpcClient.java:createVolume(476)) - Creating Volume: vol-86779, with runner as owner and space quota set to -1 bytes, counts quota set to -1
2023-02-28 04:32:49,251 [OM StateMachine ApplyTransaction Thread - 0] INFO  volume.OMVolumeCreateRequest (OMVolumeCreateRequest.java:validateAndUpdateCache(195)) - created volume:vol-86779 for user:runner
2023-02-28 04:32:49,252 [OM StateMachine ApplyTransaction Thread - 0] INFO  volume.OMVolumeCreateRequest (OMVolumeCreateRequest.java:validateAndUpdateCache(195)) - created volume:vol-86779 for user:runner
2023-02-28 04:32:49,253 [OM StateMachine ApplyTransaction Thread - 0] INFO  volume.OMVolumeCreateRequest (OMVolumeCreateRequest.java:validateAndUpdateCache(195)) - created volume:vol-86779 for user:runner
2023-02-28 04:32:49,255 [Time-limited test] INFO  rpc.RpcClient (RpcClient.java:createBucket(698)) - Creating Bucket: vol-86779/buc-47536, with server-side default bucket layout, runner as owner, Versioning false, Storage Type set to DISK and Encryption set to false, Replication Type set to server-side default replication type, Namespace Quota set to -1, Space Quota set to -1 
2023-02-28 04:32:49,258 [OM StateMachine ApplyTransaction Thread - 0] INFO  bucket.OMBucketCreateRequest (OMBucketCreateRequest.java:validateAndUpdateCache(263)) - created bucket: buc-47536 of layout OBJECT_STORE in volume: vol-86779
2023-02-28 04:32:49,260 [OM StateMachine ApplyTransaction Thread - 0] INFO  bucket.OMBucketCreateRequest (OMBucketCreateRequest.java:validateAndUpdateCache(263)) - created bucket: buc-47536 of layout OBJECT_STORE in volume: vol-86779
2023-02-28 04:32:49,260 [OM StateMachine ApplyTransaction Thread - 0] INFO  bucket.OMBucketCreateRequest (OMBucketCreateRequest.java:validateAndUpdateCache(263)) - created bucket: buc-47536 of layout OBJECT_STORE in volume: vol-86779
2023-02-28 04:32:49,294 [OM StateMachine ApplyTransaction Thread - 0] INFO  snapshot.OMSnapshotCreateRequest (OMSnapshotCreateRequest.java:validateAndUpdateCache(180)) - Created snapshot 'bd4dbc71-fb4e-4c4a-a097-8efa863ef0a8' under path 'vol-86779/buc-47536'
2023-02-28 04:32:49,295 [OM StateMachine ApplyTransaction Thread - 0] INFO  snapshot.OMSnapshotCreateRequest (OMSnapshotCreateRequest.java:validateAndUpdateCache(180)) - Created snapshot 'bd4dbc71-fb4e-4c4a-a097-8efa863ef0a8' under path 'vol-86779/buc-47536'
2023-02-28 04:32:49,296 [OM StateMachine ApplyTransaction Thread - 0] INFO  snapshot.OMSnapshotCreateRequest (OMSnapshotCreateRequest.java:validateAndUpdateCache(180)) - Created snapshot 'bd4dbc71-fb4e-4c4a-a097-8efa863ef0a8' under path 'vol-86779/buc-47536'
2023-02-28 04:32:49,333 [OMDoubleBufferFlushThread] INFO  db.RDBCheckpointManager (RDBCheckpointManager.java:createCheckpoint(96)) - Created checkpoint in rocksDB at /home/runner/work/ozone/ozone/hadoop-ozone/integration-test/target/test-dir/MiniOzoneClusterImpl-f9e21395-1bcf-40d4-8edb-6f91c23aa5c2/omNode-2/db.snapshots/om.db-8308f78e-e101-42b8-9417-72c6e6725f7b in 36 milliseconds
2023-02-28 04:32:49,338 [OMDoubleBufferFlushThread] INFO  db.RDBCheckpointManager (RDBCheckpointManager.java:waitForCheckpointDirectoryExist(125)) - Waited for 5 milliseconds for checkpoint directory /home/runner/work/ozone/ozone/hadoop-ozone/integration-test/target/test-dir/MiniOzoneClusterImpl-f9e21395-1bcf-40d4-8edb-6f91c23aa5c2/omNode-2/db.snapshots/om.db-8308f78e-e101-42b8-9417-72c6e6725f7b availability.
2023-02-28 04:32:49,338 [OMDoubleBufferFlushThread] INFO  om.OmSnapshotManager (OmSnapshotManager.java:createOmSnapshotCheckpoint(163)) - Created checkpoint : /home/runner/work/ozone/ozone/hadoop-ozone/integration-test/target/test-dir/MiniOzoneClusterImpl-f9e21395-1bcf-40d4-8edb-6f91c23aa5c2/omNode-2/db.snapshots/om.db-8308f78e-e101-42b8-9417-72c6e6725f7b for snapshot bd4dbc71-fb4e-4c4a-a097-8efa863ef0a8
2023-02-28 04:32:49,341 [OMDoubleBufferFlushThread] INFO  db.RDBCheckpointManager (RDBCheckpointManager.java:createCheckpoint(96)) - Created checkpoint in rocksDB at /home/runner/work/ozone/ozone/hadoop-ozone/integration-test/target/test-dir/MiniOzoneClusterImpl-f9e21395-1bcf-40d4-8edb-6f91c23aa5c2/omNode-1/db.snapshots/om.db-8308f78e-e101-42b8-9417-72c6e6725f7b in 44 milliseconds
2023-02-28 04:32:49,342 [OMDoubleBufferFlushThread] INFO  db.RDBCheckpointManager (RDBCheckpointManager.java:waitForCheckpointDirectoryExist(125)) - Waited for 1 milliseconds for checkpoint directory /home/runner/work/ozone/ozone/hadoop-ozone/integration-test/target/test-dir/MiniOzoneClusterImpl-f9e21395-1bcf-40d4-8edb-6f91c23aa5c2/omNode-1/db.snapshots/om.db-8308f78e-e101-42b8-9417-72c6e6725f7b availability.
2023-02-28 04:32:49,342 [OMDoubleBufferFlushThread] INFO  om.OmSnapshotManager (OmSnapshotManager.java:createOmSnapshotCheckpoint(163)) - Created checkpoint : /home/runner/work/ozone/ozone/hadoop-ozone/integration-test/target/test-dir/MiniOzoneClusterImpl-f9e21395-1bcf-40d4-8edb-6f91c23aa5c2/omNode-1/db.snapshots/om.db-8308f78e-e101-42b8-9417-72c6e6725f7b for snapshot bd4dbc71-fb4e-4c4a-a097-8efa863ef0a8
2023-02-28 04:32:49,342 [OMDoubleBufferFlushThread] INFO  db.RDBCheckpointManager (RDBCheckpointManager.java:createCheckpoint(96)) - Created checkpoint in rocksDB at /home/runner/work/ozone/ozone/hadoop-ozone/integration-test/target/test-dir/MiniOzoneClusterImpl-f9e21395-1bcf-40d4-8edb-6f91c23aa5c2/omNode-3/db.snapshots/om.db-8308f78e-e101-42b8-9417-72c6e6725f7b in 43 milliseconds
2023-02-28 04:32:49,347 [OMDoubleBufferFlushThread] INFO  db.RDBCheckpointManager (RDBCheckpointManager.java:waitForCheckpointDirectoryExist(125)) - Waited for 5 milliseconds for checkpoint directory /home/runner/work/ozone/ozone/hadoop-ozone/integration-test/target/test-dir/MiniOzoneClusterImpl-f9e21395-1bcf-40d4-8edb-6f91c23aa5c2/omNode-3/db.snapshots/om.db-8308f78e-e101-42b8-9417-72c6e6725f7b availability.
2023-02-28 04:32:49,347 [OMDoubleBufferFlushThread] INFO  om.OmSnapshotManager (OmSnapshotManager.java:createOmSnapshotCheckpoint(163)) - Created checkpoint : /home/runner/work/ozone/ozone/hadoop-ozone/integration-test/target/test-dir/MiniOzoneClusterImpl-f9e21395-1bcf-40d4-8edb-6f91c23aa5c2/omNode-3/db.snapshots/om.db-8308f78e-e101-42b8-9417-72c6e6725f7b for snapshot bd4dbc71-fb4e-4c4a-a097-8efa863ef0a8
2023-02-28 04:32:50,306 [IPC Server handler 9 on default port 40781] WARN  server.ServerUtils (ServerUtils.java:getDBPath(225)) - ozone.om.db.dirs is not configured. We recommend adding this setting. Falling back to ozone.metadata.dirs instead.
2023-02-28 04:32:50,306 [IPC Server handler 9 on default port 40781] INFO  codec.OmKeyInfoCodec (OmKeyInfoCodec.java:<init>(49)) - OmKeyInfoCodec ignorePipeline = true
2023-02-28 04:32:50,306 [IPC Server handler 9 on default port 40781] INFO  codec.RepeatedOmKeyInfoCodec (RepeatedOmKeyInfoCodec.java:<init>(41)) - RepeatedOmKeyInfoCodec ignorePipeline = true
2023-02-28 04:32:50,381 [OM StateMachine ApplyTransaction Thread - 0] INFO  snapshot.OMSnapshotCreateRequest (OMSnapshotCreateRequest.java:validateAndUpdateCache(180)) - Created snapshot '979bad79-90d2-4209-8390-126496f64dd0' under path 'vol-86779/buc-47536'
2023-02-28 04:32:50,384 [OM StateMachine ApplyTransaction Thread - 0] INFO  snapshot.OMSnapshotCreateRequest (OMSnapshotCreateRequest.java:validateAndUpdateCache(180)) - Created snapshot '979bad79-90d2-4209-8390-126496f64dd0' under path 'vol-86779/buc-47536'
2023-02-28 04:32:50,385 [OM StateMachine ApplyTransaction Thread - 0] INFO  snapshot.OMSnapshotCreateRequest (OMSnapshotCreateRequest.java:validateAndUpdateCache(180)) - Created snapshot '979bad79-90d2-4209-8390-126496f64dd0' under path 'vol-86779/buc-47536'
2023-02-28 04:32:50,409 [OMDoubleBufferFlushThread] INFO  db.RDBCheckpointManager (RDBCheckpointManager.java:createCheckpoint(96)) - Created checkpoint in rocksDB at /home/runner/work/ozone/ozone/hadoop-ozone/integration-test/target/test-dir/MiniOzoneClusterImpl-f9e21395-1bcf-40d4-8edb-6f91c23aa5c2/omNode-1/db.snapshots/om.db-206cec71-32b5-4626-8e24-7b7853c76a54 in 23 milliseconds
2023-02-28 04:32:50,409 [OMDoubleBufferFlushThread] INFO  db.RDBCheckpointManager (RDBCheckpointManager.java:createCheckpoint(96)) - Created checkpoint in rocksDB at /home/runner/work/ozone/ozone/hadoop-ozone/integration-test/target/test-dir/MiniOzoneClusterImpl-f9e21395-1bcf-40d4-8edb-6f91c23aa5c2/omNode-2/db.snapshots/om.db-206cec71-32b5-4626-8e24-7b7853c76a54 in 23 milliseconds
2023-02-28 04:32:50,421 [OMDoubleBufferFlushThread] INFO  db.RDBCheckpointManager (RDBCheckpointManager.java:waitForCheckpointDirectoryExist(125)) - Waited for 12 milliseconds for checkpoint directory /home/runner/work/ozone/ozone/hadoop-ozone/integration-test/target/test-dir/MiniOzoneClusterImpl-f9e21395-1bcf-40d4-8edb-6f91c23aa5c2/omNode-2/db.snapshots/om.db-206cec71-32b5-4626-8e24-7b7853c76a54 availability.
2023-02-28 04:32:50,421 [OMDoubleBufferFlushThread] INFO  om.OmSnapshotManager (OmSnapshotManager.java:createOmSnapshotCheckpoint(163)) - Created checkpoint : /home/runner/work/ozone/ozone/hadoop-ozone/integration-test/target/test-dir/MiniOzoneClusterImpl-f9e21395-1bcf-40d4-8edb-6f91c23aa5c2/omNode-2/db.snapshots/om.db-206cec71-32b5-4626-8e24-7b7853c76a54 for snapshot 979bad79-90d2-4209-8390-126496f64dd0
2023-02-28 04:32:50,423 [OMDoubleBufferFlushThread] INFO  db.RDBCheckpointManager (RDBCheckpointManager.java:waitForCheckpointDirectoryExist(125)) - Waited for 14 milliseconds for checkpoint directory /home/runner/work/ozone/ozone/hadoop-ozone/integration-test/target/test-dir/MiniOzoneClusterImpl-f9e21395-1bcf-40d4-8edb-6f91c23aa5c2/omNode-1/db.snapshots/om.db-206cec71-32b5-4626-8e24-7b7853c76a54 availability.
2023-02-28 04:32:50,423 [OMDoubleBufferFlushThread] INFO  om.OmSnapshotManager (OmSnapshotManager.java:createOmSnapshotCheckpoint(163)) - Created checkpoint : /home/runner/work/ozone/ozone/hadoop-ozone/integration-test/target/test-dir/MiniOzoneClusterImpl-f9e21395-1bcf-40d4-8edb-6f91c23aa5c2/omNode-1/db.snapshots/om.db-206cec71-32b5-4626-8e24-7b7853c76a54 for snapshot 979bad79-90d2-4209-8390-126496f64dd0
2023-02-28 04:32:50,425 [OMDoubleBufferFlushThread] INFO  db.RDBCheckpointManager (RDBCheckpointManager.java:createCheckpoint(96)) - Created checkpoint in rocksDB at /home/runner/work/ozone/ozone/hadoop-ozone/integration-test/target/test-dir/MiniOzoneClusterImpl-f9e21395-1bcf-40d4-8edb-6f91c23aa5c2/omNode-3/db.snapshots/om.db-206cec71-32b5-4626-8e24-7b7853c76a54 in 38 milliseconds
2023-02-28 04:32:50,433 [OMDoubleBufferFlushThread] INFO  db.RDBCheckpointManager (RDBCheckpointManager.java:waitForCheckpointDirectoryExist(125)) - Waited for 8 milliseconds for checkpoint directory /home/runner/work/ozone/ozone/hadoop-ozone/integration-test/target/test-dir/MiniOzoneClusterImpl-f9e21395-1bcf-40d4-8edb-6f91c23aa5c2/omNode-3/db.snapshots/om.db-206cec71-32b5-4626-8e24-7b7853c76a54 availability.
2023-02-28 04:32:50,433 [OMDoubleBufferFlushThread] INFO  om.OmSnapshotManager (OmSnapshotManager.java:createOmSnapshotCheckpoint(163)) - Created checkpoint : /home/runner/work/ozone/ozone/hadoop-ozone/integration-test/target/test-dir/MiniOzoneClusterImpl-f9e21395-1bcf-40d4-8edb-6f91c23aa5c2/omNode-3/db.snapshots/om.db-206cec71-32b5-4626-8e24-7b7853c76a54 for snapshot 979bad79-90d2-4209-8390-126496f64dd0
2023-02-28 04:32:51,384 [IPC Server handler 8 on default port 40781] WARN  server.ServerUtils (ServerUtils.java:getDBPath(225)) - ozone.om.db.dirs is not configured. We recommend adding this setting. Falling back to ozone.metadata.dirs instead.
2023-02-28 04:32:51,385 [IPC Server handler 8 on default port 40781] INFO  codec.OmKeyInfoCodec (OmKeyInfoCodec.java:<init>(49)) - OmKeyInfoCodec ignorePipeline = true
2023-02-28 04:32:51,385 [IPC Server handler 8 on default port 40781] INFO  codec.RepeatedOmKeyInfoCodec (RepeatedOmKeyInfoCodec.java:<init>(41)) - RepeatedOmKeyInfoCodec ignorePipeline = true
]]></system-out>
  </testcase>
  <testcase name="testListDeleteKey" classname="TestOmSnapshot" time="2.114">
    <system-out><![CDATA[2023-02-28 04:33:41,267 [Time-limited test] INFO  rpc.RpcClient (RpcClient.java:createVolume(476)) - Creating Volume: vol-61614, with runner as owner and space quota set to -1 bytes, counts quota set to -1
2023-02-28 04:33:41,269 [OM StateMachine ApplyTransaction Thread - 0] INFO  volume.OMVolumeCreateRequest (OMVolumeCreateRequest.java:validateAndUpdateCache(195)) - created volume:vol-61614 for user:runner
2023-02-28 04:33:41,270 [OM StateMachine ApplyTransaction Thread - 0] INFO  volume.OMVolumeCreateRequest (OMVolumeCreateRequest.java:validateAndUpdateCache(195)) - created volume:vol-61614 for user:runner
2023-02-28 04:33:41,271 [Time-limited test] INFO  rpc.RpcClient (RpcClient.java:createBucket(698)) - Creating Bucket: vol-61614/buc-19759, with server-side default bucket layout, runner as owner, Versioning false, Storage Type set to DISK and Encryption set to false, Replication Type set to server-side default replication type, Namespace Quota set to -1, Space Quota set to -1 
2023-02-28 04:33:41,271 [OM StateMachine ApplyTransaction Thread - 0] INFO  volume.OMVolumeCreateRequest (OMVolumeCreateRequest.java:validateAndUpdateCache(195)) - created volume:vol-61614 for user:runner
2023-02-28 04:33:41,273 [OM StateMachine ApplyTransaction Thread - 0] INFO  bucket.OMBucketCreateRequest (OMBucketCreateRequest.java:validateAndUpdateCache(263)) - created bucket: buc-19759 of layout FILE_SYSTEM_OPTIMIZED in volume: vol-61614
2023-02-28 04:33:41,274 [OM StateMachine ApplyTransaction Thread - 0] INFO  bucket.OMBucketCreateRequest (OMBucketCreateRequest.java:validateAndUpdateCache(263)) - created bucket: buc-19759 of layout FILE_SYSTEM_OPTIMIZED in volume: vol-61614
2023-02-28 04:33:41,275 [OM StateMachine ApplyTransaction Thread - 0] INFO  bucket.OMBucketCreateRequest (OMBucketCreateRequest.java:validateAndUpdateCache(263)) - created bucket: buc-19759 of layout FILE_SYSTEM_OPTIMIZED in volume: vol-61614
2023-02-28 04:33:41,303 [OM StateMachine ApplyTransaction Thread - 0] INFO  snapshot.OMSnapshotCreateRequest (OMSnapshotCreateRequest.java:validateAndUpdateCache(180)) - Created snapshot 'ac0eb8aa-3a08-4065-be39-deac8d9faba4' under path 'vol-61614/buc-19759'
2023-02-28 04:33:41,304 [OM StateMachine ApplyTransaction Thread - 0] INFO  snapshot.OMSnapshotCreateRequest (OMSnapshotCreateRequest.java:validateAndUpdateCache(180)) - Created snapshot 'ac0eb8aa-3a08-4065-be39-deac8d9faba4' under path 'vol-61614/buc-19759'
2023-02-28 04:33:41,304 [OM StateMachine ApplyTransaction Thread - 0] INFO  snapshot.OMSnapshotCreateRequest (OMSnapshotCreateRequest.java:validateAndUpdateCache(180)) - Created snapshot 'ac0eb8aa-3a08-4065-be39-deac8d9faba4' under path 'vol-61614/buc-19759'
2023-02-28 04:33:41,342 [OMDoubleBufferFlushThread] INFO  db.RDBCheckpointManager (RDBCheckpointManager.java:createCheckpoint(96)) - Created checkpoint in rocksDB at /home/runner/work/ozone/ozone/hadoop-ozone/integration-test/target/test-dir/MiniOzoneClusterImpl-2052965b-440d-4b09-b4b3-db311f243d80/omNode-1/db.snapshots/om.db-ae229a04-348b-4352-9fa8-02d522f58fbf in 37 milliseconds
2023-02-28 04:33:41,342 [OMDoubleBufferFlushThread] INFO  db.RDBCheckpointManager (RDBCheckpointManager.java:waitForCheckpointDirectoryExist(125)) - Waited for 0 milliseconds for checkpoint directory /home/runner/work/ozone/ozone/hadoop-ozone/integration-test/target/test-dir/MiniOzoneClusterImpl-2052965b-440d-4b09-b4b3-db311f243d80/omNode-1/db.snapshots/om.db-ae229a04-348b-4352-9fa8-02d522f58fbf availability.
2023-02-28 04:33:41,343 [OMDoubleBufferFlushThread] INFO  om.OmSnapshotManager (OmSnapshotManager.java:createOmSnapshotCheckpoint(163)) - Created checkpoint : /home/runner/work/ozone/ozone/hadoop-ozone/integration-test/target/test-dir/MiniOzoneClusterImpl-2052965b-440d-4b09-b4b3-db311f243d80/omNode-1/db.snapshots/om.db-ae229a04-348b-4352-9fa8-02d522f58fbf for snapshot ac0eb8aa-3a08-4065-be39-deac8d9faba4
2023-02-28 04:33:41,344 [OMDoubleBufferFlushThread] INFO  db.RDBCheckpointManager (RDBCheckpointManager.java:createCheckpoint(96)) - Created checkpoint in rocksDB at /home/runner/work/ozone/ozone/hadoop-ozone/integration-test/target/test-dir/MiniOzoneClusterImpl-2052965b-440d-4b09-b4b3-db311f243d80/omNode-2/db.snapshots/om.db-ae229a04-348b-4352-9fa8-02d522f58fbf in 39 milliseconds
2023-02-28 04:33:41,344 [OMDoubleBufferFlushThread] INFO  db.RDBCheckpointManager (RDBCheckpointManager.java:waitForCheckpointDirectoryExist(125)) - Waited for 0 milliseconds for checkpoint directory /home/runner/work/ozone/ozone/hadoop-ozone/integration-test/target/test-dir/MiniOzoneClusterImpl-2052965b-440d-4b09-b4b3-db311f243d80/omNode-2/db.snapshots/om.db-ae229a04-348b-4352-9fa8-02d522f58fbf availability.
2023-02-28 04:33:41,345 [OMDoubleBufferFlushThread] INFO  om.OmSnapshotManager (OmSnapshotManager.java:createOmSnapshotCheckpoint(163)) - Created checkpoint : /home/runner/work/ozone/ozone/hadoop-ozone/integration-test/target/test-dir/MiniOzoneClusterImpl-2052965b-440d-4b09-b4b3-db311f243d80/omNode-2/db.snapshots/om.db-ae229a04-348b-4352-9fa8-02d522f58fbf for snapshot ac0eb8aa-3a08-4065-be39-deac8d9faba4
2023-02-28 04:33:41,350 [OMDoubleBufferFlushThread] INFO  db.RDBCheckpointManager (RDBCheckpointManager.java:createCheckpoint(96)) - Created checkpoint in rocksDB at /home/runner/work/ozone/ozone/hadoop-ozone/integration-test/target/test-dir/MiniOzoneClusterImpl-2052965b-440d-4b09-b4b3-db311f243d80/omNode-3/db.snapshots/om.db-ae229a04-348b-4352-9fa8-02d522f58fbf in 44 milliseconds
2023-02-28 04:33:41,351 [OMDoubleBufferFlushThread] INFO  db.RDBCheckpointManager (RDBCheckpointManager.java:waitForCheckpointDirectoryExist(125)) - Waited for 1 milliseconds for checkpoint directory /home/runner/work/ozone/ozone/hadoop-ozone/integration-test/target/test-dir/MiniOzoneClusterImpl-2052965b-440d-4b09-b4b3-db311f243d80/omNode-3/db.snapshots/om.db-ae229a04-348b-4352-9fa8-02d522f58fbf availability.
2023-02-28 04:33:41,351 [OMDoubleBufferFlushThread] INFO  om.OmSnapshotManager (OmSnapshotManager.java:createOmSnapshotCheckpoint(163)) - Created checkpoint : /home/runner/work/ozone/ozone/hadoop-ozone/integration-test/target/test-dir/MiniOzoneClusterImpl-2052965b-440d-4b09-b4b3-db311f243d80/omNode-3/db.snapshots/om.db-ae229a04-348b-4352-9fa8-02d522f58fbf for snapshot ac0eb8aa-3a08-4065-be39-deac8d9faba4
2023-02-28 04:33:41,360 [EndpointStateMachine task thread for /0.0.0.0:41617 - 0 ] INFO  ipc.Client (Client.java:handleConnectionFailure(1010)) - Retrying connect to server: 0.0.0.0/0.0.0.0:41617. Already tried 5 time(s); retry policy is RetryUpToMaximumCountWithFixedSleep(maxRetries=15, sleepTime=1000 MILLISECONDS)
2023-02-28 04:33:42,311 [IPC Server handler 10 on default port 46183] WARN  server.ServerUtils (ServerUtils.java:getDBPath(225)) - ozone.om.db.dirs is not configured. We recommend adding this setting. Falling back to ozone.metadata.dirs instead.
2023-02-28 04:33:42,312 [IPC Server handler 10 on default port 46183] INFO  codec.OmKeyInfoCodec (OmKeyInfoCodec.java:<init>(49)) - OmKeyInfoCodec ignorePipeline = true
2023-02-28 04:33:42,312 [IPC Server handler 10 on default port 46183] INFO  codec.RepeatedOmKeyInfoCodec (RepeatedOmKeyInfoCodec.java:<init>(41)) - RepeatedOmKeyInfoCodec ignorePipeline = true
04:33:42.346 [IPC Server handler 9 on default port 46183] ERROR OMAudit - user=runner | ip=127.0.0.1 | op=GET_FILE_STATUS {volume=vol-61614, bucket=buc-19759, key=key-, dataSize=0, replicationConfig=null} | ret=FAILURE
org.apache.hadoop.ozone.om.exceptions.OMException: Unable to get file status: volume: vol-61614 bucket: buc-19759 key: key-
	at org.apache.hadoop.ozone.om.KeyManagerImpl.getOzoneFileStatusFSO(KeyManagerImpl.java:1285) ~[ozone-manager-1.4.0-SNAPSHOT.jar:?]
	at org.apache.hadoop.ozone.om.KeyManagerImpl.getFileStatus(KeyManagerImpl.java:1077) ~[ozone-manager-1.4.0-SNAPSHOT.jar:?]
	at org.apache.hadoop.ozone.om.OmMetadataReader.getFileStatus(OmMetadataReader.java:288) ~[ozone-manager-1.4.0-SNAPSHOT.jar:?]
	at org.apache.hadoop.ozone.om.OmSnapshot.getFileStatus(OmSnapshot.java:118) ~[ozone-manager-1.4.0-SNAPSHOT.jar:?]
	at org.apache.hadoop.ozone.om.OzoneManager.getFileStatus(OzoneManager.java:3481) ~[ozone-manager-1.4.0-SNAPSHOT.jar:?]
	at org.apache.hadoop.ozone.protocolPB.OzoneManagerRequestHandler.getOzoneFileStatus(OzoneManagerRequestHandler.java:933) ~[ozone-manager-1.4.0-SNAPSHOT.jar:?]
	at org.apache.hadoop.ozone.protocolPB.OzoneManagerRequestHandler.handleReadRequest(OzoneManagerRequestHandler.java:238) ~[ozone-manager-1.4.0-SNAPSHOT.jar:?]
	at org.apache.hadoop.ozone.protocolPB.OzoneManagerProtocolServerSideTranslatorPB.submitReadRequestToOM(OzoneManagerProtocolServerSideTranslatorPB.java:223) ~[ozone-manager-1.4.0-SNAPSHOT.jar:?]
	at org.apache.hadoop.ozone.protocolPB.OzoneManagerProtocolServerSideTranslatorPB.processRequest(OzoneManagerProtocolServerSideTranslatorPB.java:177) ~[ozone-manager-1.4.0-SNAPSHOT.jar:?]
	at org.apache.hadoop.hdds.server.OzoneProtocolMessageDispatcher.processRequest(OzoneProtocolMessageDispatcher.java:87) [hdds-server-framework-1.4.0-SNAPSHOT.jar:?]
	at org.apache.hadoop.ozone.protocolPB.OzoneManagerProtocolServerSideTranslatorPB.submitRequest(OzoneManagerProtocolServerSideTranslatorPB.java:147) [ozone-manager-1.4.0-SNAPSHOT.jar:?]
	at org.apache.hadoop.ozone.protocol.proto.OzoneManagerProtocolProtos$OzoneManagerService$2.callBlockingMethod(OzoneManagerProtocolProtos.java) [ozone-interface-client-1.4.0-SNAPSHOT.jar:?]
	at org.apache.hadoop.ipc.ProtobufRpcEngine$Server.processCall(ProtobufRpcEngine.java:465) [hadoop-common-3.3.4.jar:?]
	at org.apache.hadoop.ipc.ProtobufRpcEngine2$Server$ProtoBufRpcInvoker.call(ProtobufRpcEngine2.java:578) [hadoop-common-3.3.4.jar:?]
	at org.apache.hadoop.ipc.ProtobufRpcEngine2$Server$ProtoBufRpcInvoker.call(ProtobufRpcEngine2.java:556) [hadoop-common-3.3.4.jar:?]
	at org.apache.hadoop.ipc.RPC$Server.call(RPC.java:1093) [hadoop-common-3.3.4.jar:?]
	at org.apache.hadoop.ipc.Server$RpcCall.run(Server.java:1043) [hadoop-common-3.3.4.jar:?]
	at org.apache.hadoop.ipc.Server$RpcCall.run(Server.java:971) [hadoop-common-3.3.4.jar:?]
	at java.security.AccessController.doPrivileged(Native Method) ~[?:1.8.0_362]
	at javax.security.auth.Subject.doAs(Subject.java:422) [?:1.8.0_362]
	at org.apache.hadoop.security.UserGroupInformation.doAs(UserGroupInformation.java:1878) [hadoop-common-3.3.4.jar:?]
	at org.apache.hadoop.ipc.Server$Handler.run(Server.java:2976) [hadoop-common-3.3.4.jar:?]
2023-02-28 04:33:42,352 [OM StateMachine ApplyTransaction Thread - 0] INFO  snapshot.OMSnapshotCreateRequest (OMSnapshotCreateRequest.java:validateAndUpdateCache(180)) - Created snapshot 'ed0cfd73-b361-47a7-b8a3-52f392745206' under path 'vol-61614/buc-19759'
2023-02-28 04:33:42,353 [OM StateMachine ApplyTransaction Thread - 0] INFO  snapshot.OMSnapshotCreateRequest (OMSnapshotCreateRequest.java:validateAndUpdateCache(180)) - Created snapshot 'ed0cfd73-b361-47a7-b8a3-52f392745206' under path 'vol-61614/buc-19759'
2023-02-28 04:33:42,354 [OM StateMachine ApplyTransaction Thread - 0] INFO  snapshot.OMSnapshotCreateRequest (OMSnapshotCreateRequest.java:validateAndUpdateCache(180)) - Created snapshot 'ed0cfd73-b361-47a7-b8a3-52f392745206' under path 'vol-61614/buc-19759'
2023-02-28 04:33:42,360 [EndpointStateMachine task thread for /0.0.0.0:41617 - 0 ] INFO  ipc.Client (Client.java:handleConnectionFailure(1010)) - Retrying connect to server: 0.0.0.0/0.0.0.0:41617. Already tried 6 time(s); retry policy is RetryUpToMaximumCountWithFixedSleep(maxRetries=15, sleepTime=1000 MILLISECONDS)
2023-02-28 04:33:42,380 [OMDoubleBufferFlushThread] INFO  db.RDBCheckpointManager (RDBCheckpointManager.java:createCheckpoint(96)) - Created checkpoint in rocksDB at /home/runner/work/ozone/ozone/hadoop-ozone/integration-test/target/test-dir/MiniOzoneClusterImpl-2052965b-440d-4b09-b4b3-db311f243d80/omNode-1/db.snapshots/om.db-b7f95842-fde0-42c8-ae16-1d0647c83672 in 26 milliseconds
2023-02-28 04:33:42,381 [OMDoubleBufferFlushThread] INFO  db.RDBCheckpointManager (RDBCheckpointManager.java:waitForCheckpointDirectoryExist(125)) - Waited for 1 milliseconds for checkpoint directory /home/runner/work/ozone/ozone/hadoop-ozone/integration-test/target/test-dir/MiniOzoneClusterImpl-2052965b-440d-4b09-b4b3-db311f243d80/omNode-1/db.snapshots/om.db-b7f95842-fde0-42c8-ae16-1d0647c83672 availability.
2023-02-28 04:33:42,381 [OMDoubleBufferFlushThread] INFO  om.OmSnapshotManager (OmSnapshotManager.java:createOmSnapshotCheckpoint(163)) - Created checkpoint : /home/runner/work/ozone/ozone/hadoop-ozone/integration-test/target/test-dir/MiniOzoneClusterImpl-2052965b-440d-4b09-b4b3-db311f243d80/omNode-1/db.snapshots/om.db-b7f95842-fde0-42c8-ae16-1d0647c83672 for snapshot ed0cfd73-b361-47a7-b8a3-52f392745206
2023-02-28 04:33:42,382 [OMDoubleBufferFlushThread] INFO  db.RDBCheckpointManager (RDBCheckpointManager.java:createCheckpoint(96)) - Created checkpoint in rocksDB at /home/runner/work/ozone/ozone/hadoop-ozone/integration-test/target/test-dir/MiniOzoneClusterImpl-2052965b-440d-4b09-b4b3-db311f243d80/omNode-2/db.snapshots/om.db-b7f95842-fde0-42c8-ae16-1d0647c83672 in 27 milliseconds
2023-02-28 04:33:42,383 [OMDoubleBufferFlushThread] INFO  db.RDBCheckpointManager (RDBCheckpointManager.java:waitForCheckpointDirectoryExist(125)) - Waited for 1 milliseconds for checkpoint directory /home/runner/work/ozone/ozone/hadoop-ozone/integration-test/target/test-dir/MiniOzoneClusterImpl-2052965b-440d-4b09-b4b3-db311f243d80/omNode-2/db.snapshots/om.db-b7f95842-fde0-42c8-ae16-1d0647c83672 availability.
2023-02-28 04:33:42,383 [OMDoubleBufferFlushThread] INFO  om.OmSnapshotManager (OmSnapshotManager.java:createOmSnapshotCheckpoint(163)) - Created checkpoint : /home/runner/work/ozone/ozone/hadoop-ozone/integration-test/target/test-dir/MiniOzoneClusterImpl-2052965b-440d-4b09-b4b3-db311f243d80/omNode-2/db.snapshots/om.db-b7f95842-fde0-42c8-ae16-1d0647c83672 for snapshot ed0cfd73-b361-47a7-b8a3-52f392745206
2023-02-28 04:33:42,386 [OMDoubleBufferFlushThread] INFO  db.RDBCheckpointManager (RDBCheckpointManager.java:createCheckpoint(96)) - Created checkpoint in rocksDB at /home/runner/work/ozone/ozone/hadoop-ozone/integration-test/target/test-dir/MiniOzoneClusterImpl-2052965b-440d-4b09-b4b3-db311f243d80/omNode-3/db.snapshots/om.db-b7f95842-fde0-42c8-ae16-1d0647c83672 in 31 milliseconds
2023-02-28 04:33:42,387 [OMDoubleBufferFlushThread] INFO  db.RDBCheckpointManager (RDBCheckpointManager.java:waitForCheckpointDirectoryExist(125)) - Waited for 1 milliseconds for checkpoint directory /home/runner/work/ozone/ozone/hadoop-ozone/integration-test/target/test-dir/MiniOzoneClusterImpl-2052965b-440d-4b09-b4b3-db311f243d80/omNode-3/db.snapshots/om.db-b7f95842-fde0-42c8-ae16-1d0647c83672 availability.
2023-02-28 04:33:42,387 [OMDoubleBufferFlushThread] INFO  om.OmSnapshotManager (OmSnapshotManager.java:createOmSnapshotCheckpoint(163)) - Created checkpoint : /home/runner/work/ozone/ozone/hadoop-ozone/integration-test/target/test-dir/MiniOzoneClusterImpl-2052965b-440d-4b09-b4b3-db311f243d80/omNode-3/db.snapshots/om.db-b7f95842-fde0-42c8-ae16-1d0647c83672 for snapshot ed0cfd73-b361-47a7-b8a3-52f392745206
2023-02-28 04:33:43,354 [IPC Server handler 11 on default port 46183] WARN  server.ServerUtils (ServerUtils.java:getDBPath(225)) - ozone.om.db.dirs is not configured. We recommend adding this setting. Falling back to ozone.metadata.dirs instead.
2023-02-28 04:33:43,354 [IPC Server handler 11 on default port 46183] INFO  codec.OmKeyInfoCodec (OmKeyInfoCodec.java:<init>(49)) - OmKeyInfoCodec ignorePipeline = true
2023-02-28 04:33:43,354 [IPC Server handler 11 on default port 46183] INFO  codec.RepeatedOmKeyInfoCodec (RepeatedOmKeyInfoCodec.java:<init>(41)) - RepeatedOmKeyInfoCodec ignorePipeline = true
2023-02-28 04:33:43,361 [EndpointStateMachine task thread for /0.0.0.0:41617 - 0 ] INFO  ipc.Client (Client.java:handleConnectionFailure(1010)) - Retrying connect to server: 0.0.0.0/0.0.0.0:41617. Already tried 7 time(s); retry policy is RetryUpToMaximumCountWithFixedSleep(maxRetries=15, sleepTime=1000 MILLISECONDS)
]]></system-out>
  </testcase>
  <testcase name="testListDeleteKey" classname="TestOmSnapshot" time="2.089">
    <system-out><![CDATA[2023-02-28 04:34:31,208 [Time-limited test] INFO  rpc.RpcClient (RpcClient.java:createVolume(476)) - Creating Volume: vol-81866, with runner as owner and space quota set to -1 bytes, counts quota set to -1
2023-02-28 04:34:31,210 [OM StateMachine ApplyTransaction Thread - 0] INFO  volume.OMVolumeCreateRequest (OMVolumeCreateRequest.java:validateAndUpdateCache(195)) - created volume:vol-81866 for user:runner
2023-02-28 04:34:31,211 [OM StateMachine ApplyTransaction Thread - 0] INFO  volume.OMVolumeCreateRequest (OMVolumeCreateRequest.java:validateAndUpdateCache(195)) - created volume:vol-81866 for user:runner
2023-02-28 04:34:31,212 [OM StateMachine ApplyTransaction Thread - 0] INFO  volume.OMVolumeCreateRequest (OMVolumeCreateRequest.java:validateAndUpdateCache(195)) - created volume:vol-81866 for user:runner
2023-02-28 04:34:31,212 [Time-limited test] INFO  rpc.RpcClient (RpcClient.java:createBucket(698)) - Creating Bucket: vol-81866/buc-64047, with server-side default bucket layout, runner as owner, Versioning false, Storage Type set to DISK and Encryption set to false, Replication Type set to server-side default replication type, Namespace Quota set to -1, Space Quota set to -1 
2023-02-28 04:34:31,214 [OM StateMachine ApplyTransaction Thread - 0] INFO  bucket.OMBucketCreateRequest (OMBucketCreateRequest.java:validateAndUpdateCache(263)) - created bucket: buc-64047 of layout LEGACY in volume: vol-81866
2023-02-28 04:34:31,215 [OM StateMachine ApplyTransaction Thread - 0] INFO  bucket.OMBucketCreateRequest (OMBucketCreateRequest.java:validateAndUpdateCache(263)) - created bucket: buc-64047 of layout LEGACY in volume: vol-81866
2023-02-28 04:34:31,215 [OM StateMachine ApplyTransaction Thread - 0] INFO  bucket.OMBucketCreateRequest (OMBucketCreateRequest.java:validateAndUpdateCache(263)) - created bucket: buc-64047 of layout LEGACY in volume: vol-81866
2023-02-28 04:34:31,239 [OM StateMachine ApplyTransaction Thread - 0] INFO  snapshot.OMSnapshotCreateRequest (OMSnapshotCreateRequest.java:validateAndUpdateCache(180)) - Created snapshot '40449f41-489c-4171-896b-1de27fe2a4a7' under path 'vol-81866/buc-64047'
2023-02-28 04:34:31,241 [OM StateMachine ApplyTransaction Thread - 0] INFO  snapshot.OMSnapshotCreateRequest (OMSnapshotCreateRequest.java:validateAndUpdateCache(180)) - Created snapshot '40449f41-489c-4171-896b-1de27fe2a4a7' under path 'vol-81866/buc-64047'
2023-02-28 04:34:31,241 [OM StateMachine ApplyTransaction Thread - 0] INFO  snapshot.OMSnapshotCreateRequest (OMSnapshotCreateRequest.java:validateAndUpdateCache(180)) - Created snapshot '40449f41-489c-4171-896b-1de27fe2a4a7' under path 'vol-81866/buc-64047'
2023-02-28 04:34:31,275 [OMDoubleBufferFlushThread] INFO  db.RDBCheckpointManager (RDBCheckpointManager.java:createCheckpoint(96)) - Created checkpoint in rocksDB at /home/runner/work/ozone/ozone/hadoop-ozone/integration-test/target/test-dir/MiniOzoneClusterImpl-0c3862ae-9f43-41f5-9e7d-509225cf1f3d/omNode-1/db.snapshots/om.db-39e137c7-c82c-43d9-9dcb-ae853db342c7 in 34 milliseconds
2023-02-28 04:34:31,278 [OMDoubleBufferFlushThread] INFO  db.RDBCheckpointManager (RDBCheckpointManager.java:waitForCheckpointDirectoryExist(125)) - Waited for 3 milliseconds for checkpoint directory /home/runner/work/ozone/ozone/hadoop-ozone/integration-test/target/test-dir/MiniOzoneClusterImpl-0c3862ae-9f43-41f5-9e7d-509225cf1f3d/omNode-1/db.snapshots/om.db-39e137c7-c82c-43d9-9dcb-ae853db342c7 availability.
2023-02-28 04:34:31,278 [OMDoubleBufferFlushThread] INFO  om.OmSnapshotManager (OmSnapshotManager.java:createOmSnapshotCheckpoint(163)) - Created checkpoint : /home/runner/work/ozone/ozone/hadoop-ozone/integration-test/target/test-dir/MiniOzoneClusterImpl-0c3862ae-9f43-41f5-9e7d-509225cf1f3d/omNode-1/db.snapshots/om.db-39e137c7-c82c-43d9-9dcb-ae853db342c7 for snapshot 40449f41-489c-4171-896b-1de27fe2a4a7
2023-02-28 04:34:31,286 [OMDoubleBufferFlushThread] INFO  db.RDBCheckpointManager (RDBCheckpointManager.java:createCheckpoint(96)) - Created checkpoint in rocksDB at /home/runner/work/ozone/ozone/hadoop-ozone/integration-test/target/test-dir/MiniOzoneClusterImpl-0c3862ae-9f43-41f5-9e7d-509225cf1f3d/omNode-3/db.snapshots/om.db-39e137c7-c82c-43d9-9dcb-ae853db342c7 in 43 milliseconds
2023-02-28 04:34:31,286 [OMDoubleBufferFlushThread] INFO  db.RDBCheckpointManager (RDBCheckpointManager.java:createCheckpoint(96)) - Created checkpoint in rocksDB at /home/runner/work/ozone/ozone/hadoop-ozone/integration-test/target/test-dir/MiniOzoneClusterImpl-0c3862ae-9f43-41f5-9e7d-509225cf1f3d/omNode-2/db.snapshots/om.db-39e137c7-c82c-43d9-9dcb-ae853db342c7 in 43 milliseconds
2023-02-28 04:34:31,292 [OMDoubleBufferFlushThread] INFO  db.RDBCheckpointManager (RDBCheckpointManager.java:waitForCheckpointDirectoryExist(125)) - Waited for 5 milliseconds for checkpoint directory /home/runner/work/ozone/ozone/hadoop-ozone/integration-test/target/test-dir/MiniOzoneClusterImpl-0c3862ae-9f43-41f5-9e7d-509225cf1f3d/omNode-2/db.snapshots/om.db-39e137c7-c82c-43d9-9dcb-ae853db342c7 availability.
2023-02-28 04:34:31,292 [OMDoubleBufferFlushThread] INFO  om.OmSnapshotManager (OmSnapshotManager.java:createOmSnapshotCheckpoint(163)) - Created checkpoint : /home/runner/work/ozone/ozone/hadoop-ozone/integration-test/target/test-dir/MiniOzoneClusterImpl-0c3862ae-9f43-41f5-9e7d-509225cf1f3d/omNode-2/db.snapshots/om.db-39e137c7-c82c-43d9-9dcb-ae853db342c7 for snapshot 40449f41-489c-4171-896b-1de27fe2a4a7
2023-02-28 04:34:31,294 [OMDoubleBufferFlushThread] INFO  db.RDBCheckpointManager (RDBCheckpointManager.java:waitForCheckpointDirectoryExist(125)) - Waited for 8 milliseconds for checkpoint directory /home/runner/work/ozone/ozone/hadoop-ozone/integration-test/target/test-dir/MiniOzoneClusterImpl-0c3862ae-9f43-41f5-9e7d-509225cf1f3d/omNode-3/db.snapshots/om.db-39e137c7-c82c-43d9-9dcb-ae853db342c7 availability.
2023-02-28 04:34:31,294 [OMDoubleBufferFlushThread] INFO  om.OmSnapshotManager (OmSnapshotManager.java:createOmSnapshotCheckpoint(163)) - Created checkpoint : /home/runner/work/ozone/ozone/hadoop-ozone/integration-test/target/test-dir/MiniOzoneClusterImpl-0c3862ae-9f43-41f5-9e7d-509225cf1f3d/omNode-3/db.snapshots/om.db-39e137c7-c82c-43d9-9dcb-ae853db342c7 for snapshot 40449f41-489c-4171-896b-1de27fe2a4a7
2023-02-28 04:34:32,020 [Under Replicated Processor] INFO  replication.UnhealthyReplicationProcessor (UnhealthyReplicationProcessor.java:processAll(113)) - Processed 0 containers with health state counts {},failed processing 0
2023-02-28 04:34:32,022 [Over Replicated Processor] INFO  replication.UnhealthyReplicationProcessor (UnhealthyReplicationProcessor.java:processAll(113)) - Processed 0 containers with health state counts {},failed processing 0
2023-02-28 04:34:32,246 [IPC Server handler 8 on default port 43485] WARN  server.ServerUtils (ServerUtils.java:getDBPath(225)) - ozone.om.db.dirs is not configured. We recommend adding this setting. Falling back to ozone.metadata.dirs instead.
2023-02-28 04:34:32,246 [IPC Server handler 8 on default port 43485] INFO  codec.OmKeyInfoCodec (OmKeyInfoCodec.java:<init>(49)) - OmKeyInfoCodec ignorePipeline = true
2023-02-28 04:34:32,247 [IPC Server handler 8 on default port 43485] INFO  codec.RepeatedOmKeyInfoCodec (RepeatedOmKeyInfoCodec.java:<init>(41)) - RepeatedOmKeyInfoCodec ignorePipeline = true
2023-02-28 04:34:32,270 [OM StateMachine ApplyTransaction Thread - 0] INFO  snapshot.OMSnapshotCreateRequest (OMSnapshotCreateRequest.java:validateAndUpdateCache(180)) - Created snapshot 'bc98d561-9243-446f-aa2e-a6eeccabb140' under path 'vol-81866/buc-64047'
2023-02-28 04:34:32,272 [OM StateMachine ApplyTransaction Thread - 0] INFO  snapshot.OMSnapshotCreateRequest (OMSnapshotCreateRequest.java:validateAndUpdateCache(180)) - Created snapshot 'bc98d561-9243-446f-aa2e-a6eeccabb140' under path 'vol-81866/buc-64047'
2023-02-28 04:34:32,272 [OM StateMachine ApplyTransaction Thread - 0] INFO  snapshot.OMSnapshotCreateRequest (OMSnapshotCreateRequest.java:validateAndUpdateCache(180)) - Created snapshot 'bc98d561-9243-446f-aa2e-a6eeccabb140' under path 'vol-81866/buc-64047'
2023-02-28 04:34:32,294 [OMDoubleBufferFlushThread] INFO  db.RDBCheckpointManager (RDBCheckpointManager.java:createCheckpoint(96)) - Created checkpoint in rocksDB at /home/runner/work/ozone/ozone/hadoop-ozone/integration-test/target/test-dir/MiniOzoneClusterImpl-0c3862ae-9f43-41f5-9e7d-509225cf1f3d/omNode-2/db.snapshots/om.db-30194408-e29a-487d-89fa-7bbe526b1afc in 21 milliseconds
2023-02-28 04:34:32,298 [OMDoubleBufferFlushThread] INFO  db.RDBCheckpointManager (RDBCheckpointManager.java:waitForCheckpointDirectoryExist(125)) - Waited for 4 milliseconds for checkpoint directory /home/runner/work/ozone/ozone/hadoop-ozone/integration-test/target/test-dir/MiniOzoneClusterImpl-0c3862ae-9f43-41f5-9e7d-509225cf1f3d/omNode-2/db.snapshots/om.db-30194408-e29a-487d-89fa-7bbe526b1afc availability.
2023-02-28 04:34:32,298 [OMDoubleBufferFlushThread] INFO  om.OmSnapshotManager (OmSnapshotManager.java:createOmSnapshotCheckpoint(163)) - Created checkpoint : /home/runner/work/ozone/ozone/hadoop-ozone/integration-test/target/test-dir/MiniOzoneClusterImpl-0c3862ae-9f43-41f5-9e7d-509225cf1f3d/omNode-2/db.snapshots/om.db-30194408-e29a-487d-89fa-7bbe526b1afc for snapshot bc98d561-9243-446f-aa2e-a6eeccabb140
2023-02-28 04:34:32,303 [OMDoubleBufferFlushThread] INFO  db.RDBCheckpointManager (RDBCheckpointManager.java:createCheckpoint(96)) - Created checkpoint in rocksDB at /home/runner/work/ozone/ozone/hadoop-ozone/integration-test/target/test-dir/MiniOzoneClusterImpl-0c3862ae-9f43-41f5-9e7d-509225cf1f3d/omNode-1/db.snapshots/om.db-30194408-e29a-487d-89fa-7bbe526b1afc in 30 milliseconds
2023-02-28 04:34:32,304 [OMDoubleBufferFlushThread] INFO  db.RDBCheckpointManager (RDBCheckpointManager.java:createCheckpoint(96)) - Created checkpoint in rocksDB at /home/runner/work/ozone/ozone/hadoop-ozone/integration-test/target/test-dir/MiniOzoneClusterImpl-0c3862ae-9f43-41f5-9e7d-509225cf1f3d/omNode-3/db.snapshots/om.db-30194408-e29a-487d-89fa-7bbe526b1afc in 30 milliseconds
2023-02-28 04:34:32,305 [OMDoubleBufferFlushThread] INFO  db.RDBCheckpointManager (RDBCheckpointManager.java:waitForCheckpointDirectoryExist(125)) - Waited for 2 milliseconds for checkpoint directory /home/runner/work/ozone/ozone/hadoop-ozone/integration-test/target/test-dir/MiniOzoneClusterImpl-0c3862ae-9f43-41f5-9e7d-509225cf1f3d/omNode-1/db.snapshots/om.db-30194408-e29a-487d-89fa-7bbe526b1afc availability.
2023-02-28 04:34:32,305 [OMDoubleBufferFlushThread] INFO  om.OmSnapshotManager (OmSnapshotManager.java:createOmSnapshotCheckpoint(163)) - Created checkpoint : /home/runner/work/ozone/ozone/hadoop-ozone/integration-test/target/test-dir/MiniOzoneClusterImpl-0c3862ae-9f43-41f5-9e7d-509225cf1f3d/omNode-1/db.snapshots/om.db-30194408-e29a-487d-89fa-7bbe526b1afc for snapshot bc98d561-9243-446f-aa2e-a6eeccabb140
2023-02-28 04:34:32,305 [OMDoubleBufferFlushThread] INFO  db.RDBCheckpointManager (RDBCheckpointManager.java:waitForCheckpointDirectoryExist(125)) - Waited for 1 milliseconds for checkpoint directory /home/runner/work/ozone/ozone/hadoop-ozone/integration-test/target/test-dir/MiniOzoneClusterImpl-0c3862ae-9f43-41f5-9e7d-509225cf1f3d/omNode-3/db.snapshots/om.db-30194408-e29a-487d-89fa-7bbe526b1afc availability.
2023-02-28 04:34:32,306 [OMDoubleBufferFlushThread] INFO  om.OmSnapshotManager (OmSnapshotManager.java:createOmSnapshotCheckpoint(163)) - Created checkpoint : /home/runner/work/ozone/ozone/hadoop-ozone/integration-test/target/test-dir/MiniOzoneClusterImpl-0c3862ae-9f43-41f5-9e7d-509225cf1f3d/omNode-3/db.snapshots/om.db-30194408-e29a-487d-89fa-7bbe526b1afc for snapshot bc98d561-9243-446f-aa2e-a6eeccabb140
2023-02-28 04:34:33,273 [IPC Server handler 1 on default port 43485] WARN  server.ServerUtils (ServerUtils.java:getDBPath(225)) - ozone.om.db.dirs is not configured. We recommend adding this setting. Falling back to ozone.metadata.dirs instead.
2023-02-28 04:34:33,274 [IPC Server handler 1 on default port 43485] INFO  codec.OmKeyInfoCodec (OmKeyInfoCodec.java:<init>(49)) - OmKeyInfoCodec ignorePipeline = true
2023-02-28 04:34:33,274 [IPC Server handler 1 on default port 43485] INFO  codec.RepeatedOmKeyInfoCodec (RepeatedOmKeyInfoCodec.java:<init>(41)) - RepeatedOmKeyInfoCodec ignorePipeline = true
]]></system-out>
  </testcase>
  <testcase name="testListAddNewKey" classname="TestOmSnapshot" time="2.211">
    <system-out><![CDATA[2023-02-28 04:32:51,453 [Time-limited test] INFO  rpc.RpcClient (RpcClient.java:createVolume(476)) - Creating Volume: vol-43095, with runner as owner and space quota set to -1 bytes, counts quota set to -1
2023-02-28 04:32:51,457 [OM StateMachine ApplyTransaction Thread - 0] INFO  volume.OMVolumeCreateRequest (OMVolumeCreateRequest.java:validateAndUpdateCache(195)) - created volume:vol-43095 for user:runner
2023-02-28 04:32:51,460 [OM StateMachine ApplyTransaction Thread - 0] INFO  volume.OMVolumeCreateRequest (OMVolumeCreateRequest.java:validateAndUpdateCache(195)) - created volume:vol-43095 for user:runner
2023-02-28 04:32:51,461 [Time-limited test] INFO  rpc.RpcClient (RpcClient.java:createBucket(698)) - Creating Bucket: vol-43095/buc-17900, with server-side default bucket layout, runner as owner, Versioning false, Storage Type set to DISK and Encryption set to false, Replication Type set to server-side default replication type, Namespace Quota set to -1, Space Quota set to -1 
2023-02-28 04:32:51,466 [OM StateMachine ApplyTransaction Thread - 0] INFO  volume.OMVolumeCreateRequest (OMVolumeCreateRequest.java:validateAndUpdateCache(195)) - created volume:vol-43095 for user:runner
2023-02-28 04:32:51,468 [OM StateMachine ApplyTransaction Thread - 0] INFO  bucket.OMBucketCreateRequest (OMBucketCreateRequest.java:validateAndUpdateCache(263)) - created bucket: buc-17900 of layout OBJECT_STORE in volume: vol-43095
2023-02-28 04:32:51,469 [OM StateMachine ApplyTransaction Thread - 0] INFO  bucket.OMBucketCreateRequest (OMBucketCreateRequest.java:validateAndUpdateCache(263)) - created bucket: buc-17900 of layout OBJECT_STORE in volume: vol-43095
2023-02-28 04:32:51,470 [OM StateMachine ApplyTransaction Thread - 0] INFO  bucket.OMBucketCreateRequest (OMBucketCreateRequest.java:validateAndUpdateCache(263)) - created bucket: buc-17900 of layout OBJECT_STORE in volume: vol-43095
2023-02-28 04:32:51,500 [OM StateMachine ApplyTransaction Thread - 0] INFO  snapshot.OMSnapshotCreateRequest (OMSnapshotCreateRequest.java:validateAndUpdateCache(180)) - Created snapshot '25fe3fc6-6033-40de-8076-2b95095e0325' under path 'vol-43095/buc-17900'
2023-02-28 04:32:51,502 [OM StateMachine ApplyTransaction Thread - 0] INFO  snapshot.OMSnapshotCreateRequest (OMSnapshotCreateRequest.java:validateAndUpdateCache(180)) - Created snapshot '25fe3fc6-6033-40de-8076-2b95095e0325' under path 'vol-43095/buc-17900'
2023-02-28 04:32:51,502 [OM StateMachine ApplyTransaction Thread - 0] INFO  snapshot.OMSnapshotCreateRequest (OMSnapshotCreateRequest.java:validateAndUpdateCache(180)) - Created snapshot '25fe3fc6-6033-40de-8076-2b95095e0325' under path 'vol-43095/buc-17900'
2023-02-28 04:32:51,537 [OMDoubleBufferFlushThread] INFO  db.RDBCheckpointManager (RDBCheckpointManager.java:createCheckpoint(96)) - Created checkpoint in rocksDB at /home/runner/work/ozone/ozone/hadoop-ozone/integration-test/target/test-dir/MiniOzoneClusterImpl-f9e21395-1bcf-40d4-8edb-6f91c23aa5c2/omNode-3/db.snapshots/om.db-c1f02a7c-7471-4a98-baab-0eb42894e676 in 33 milliseconds
2023-02-28 04:32:51,537 [OMDoubleBufferFlushThread] INFO  db.RDBCheckpointManager (RDBCheckpointManager.java:waitForCheckpointDirectoryExist(125)) - Waited for 0 milliseconds for checkpoint directory /home/runner/work/ozone/ozone/hadoop-ozone/integration-test/target/test-dir/MiniOzoneClusterImpl-f9e21395-1bcf-40d4-8edb-6f91c23aa5c2/omNode-3/db.snapshots/om.db-c1f02a7c-7471-4a98-baab-0eb42894e676 availability.
2023-02-28 04:32:51,538 [OMDoubleBufferFlushThread] INFO  om.OmSnapshotManager (OmSnapshotManager.java:createOmSnapshotCheckpoint(163)) - Created checkpoint : /home/runner/work/ozone/ozone/hadoop-ozone/integration-test/target/test-dir/MiniOzoneClusterImpl-f9e21395-1bcf-40d4-8edb-6f91c23aa5c2/omNode-3/db.snapshots/om.db-c1f02a7c-7471-4a98-baab-0eb42894e676 for snapshot 25fe3fc6-6033-40de-8076-2b95095e0325
2023-02-28 04:32:51,540 [OMDoubleBufferFlushThread] INFO  db.RDBCheckpointManager (RDBCheckpointManager.java:createCheckpoint(96)) - Created checkpoint in rocksDB at /home/runner/work/ozone/ozone/hadoop-ozone/integration-test/target/test-dir/MiniOzoneClusterImpl-f9e21395-1bcf-40d4-8edb-6f91c23aa5c2/omNode-2/db.snapshots/om.db-c1f02a7c-7471-4a98-baab-0eb42894e676 in 37 milliseconds
2023-02-28 04:32:51,540 [OMDoubleBufferFlushThread] INFO  db.RDBCheckpointManager (RDBCheckpointManager.java:waitForCheckpointDirectoryExist(125)) - Waited for 0 milliseconds for checkpoint directory /home/runner/work/ozone/ozone/hadoop-ozone/integration-test/target/test-dir/MiniOzoneClusterImpl-f9e21395-1bcf-40d4-8edb-6f91c23aa5c2/omNode-2/db.snapshots/om.db-c1f02a7c-7471-4a98-baab-0eb42894e676 availability.
2023-02-28 04:32:51,540 [OMDoubleBufferFlushThread] INFO  om.OmSnapshotManager (OmSnapshotManager.java:createOmSnapshotCheckpoint(163)) - Created checkpoint : /home/runner/work/ozone/ozone/hadoop-ozone/integration-test/target/test-dir/MiniOzoneClusterImpl-f9e21395-1bcf-40d4-8edb-6f91c23aa5c2/omNode-2/db.snapshots/om.db-c1f02a7c-7471-4a98-baab-0eb42894e676 for snapshot 25fe3fc6-6033-40de-8076-2b95095e0325
2023-02-28 04:32:51,542 [OMDoubleBufferFlushThread] INFO  db.RDBCheckpointManager (RDBCheckpointManager.java:createCheckpoint(96)) - Created checkpoint in rocksDB at /home/runner/work/ozone/ozone/hadoop-ozone/integration-test/target/test-dir/MiniOzoneClusterImpl-f9e21395-1bcf-40d4-8edb-6f91c23aa5c2/omNode-1/db.snapshots/om.db-c1f02a7c-7471-4a98-baab-0eb42894e676 in 39 milliseconds
2023-02-28 04:32:51,542 [OMDoubleBufferFlushThread] INFO  db.RDBCheckpointManager (RDBCheckpointManager.java:waitForCheckpointDirectoryExist(125)) - Waited for 0 milliseconds for checkpoint directory /home/runner/work/ozone/ozone/hadoop-ozone/integration-test/target/test-dir/MiniOzoneClusterImpl-f9e21395-1bcf-40d4-8edb-6f91c23aa5c2/omNode-1/db.snapshots/om.db-c1f02a7c-7471-4a98-baab-0eb42894e676 availability.
2023-02-28 04:32:51,542 [OMDoubleBufferFlushThread] INFO  om.OmSnapshotManager (OmSnapshotManager.java:createOmSnapshotCheckpoint(163)) - Created checkpoint : /home/runner/work/ozone/ozone/hadoop-ozone/integration-test/target/test-dir/MiniOzoneClusterImpl-f9e21395-1bcf-40d4-8edb-6f91c23aa5c2/omNode-1/db.snapshots/om.db-c1f02a7c-7471-4a98-baab-0eb42894e676 for snapshot 25fe3fc6-6033-40de-8076-2b95095e0325
2023-02-28 04:32:52,537 [OM StateMachine ApplyTransaction Thread - 0] INFO  snapshot.OMSnapshotCreateRequest (OMSnapshotCreateRequest.java:validateAndUpdateCache(180)) - Created snapshot '4f47c5ff-606d-4dce-bc4c-b79f49207693' under path 'vol-43095/buc-17900'
2023-02-28 04:32:52,538 [OM StateMachine ApplyTransaction Thread - 0] INFO  snapshot.OMSnapshotCreateRequest (OMSnapshotCreateRequest.java:validateAndUpdateCache(180)) - Created snapshot '4f47c5ff-606d-4dce-bc4c-b79f49207693' under path 'vol-43095/buc-17900'
2023-02-28 04:32:52,538 [OM StateMachine ApplyTransaction Thread - 0] INFO  snapshot.OMSnapshotCreateRequest (OMSnapshotCreateRequest.java:validateAndUpdateCache(180)) - Created snapshot '4f47c5ff-606d-4dce-bc4c-b79f49207693' under path 'vol-43095/buc-17900'
2023-02-28 04:32:52,564 [OMDoubleBufferFlushThread] INFO  db.RDBCheckpointManager (RDBCheckpointManager.java:createCheckpoint(96)) - Created checkpoint in rocksDB at /home/runner/work/ozone/ozone/hadoop-ozone/integration-test/target/test-dir/MiniOzoneClusterImpl-f9e21395-1bcf-40d4-8edb-6f91c23aa5c2/omNode-1/db.snapshots/om.db-5a8612eb-d59f-4d73-ac0e-ea300146aa61 in 25 milliseconds
2023-02-28 04:32:52,565 [OMDoubleBufferFlushThread] INFO  db.RDBCheckpointManager (RDBCheckpointManager.java:waitForCheckpointDirectoryExist(125)) - Waited for 0 milliseconds for checkpoint directory /home/runner/work/ozone/ozone/hadoop-ozone/integration-test/target/test-dir/MiniOzoneClusterImpl-f9e21395-1bcf-40d4-8edb-6f91c23aa5c2/omNode-1/db.snapshots/om.db-5a8612eb-d59f-4d73-ac0e-ea300146aa61 availability.
2023-02-28 04:32:52,565 [OMDoubleBufferFlushThread] INFO  om.OmSnapshotManager (OmSnapshotManager.java:createOmSnapshotCheckpoint(163)) - Created checkpoint : /home/runner/work/ozone/ozone/hadoop-ozone/integration-test/target/test-dir/MiniOzoneClusterImpl-f9e21395-1bcf-40d4-8edb-6f91c23aa5c2/omNode-1/db.snapshots/om.db-5a8612eb-d59f-4d73-ac0e-ea300146aa61 for snapshot 4f47c5ff-606d-4dce-bc4c-b79f49207693
2023-02-28 04:32:52,567 [OMDoubleBufferFlushThread] INFO  db.RDBCheckpointManager (RDBCheckpointManager.java:createCheckpoint(96)) - Created checkpoint in rocksDB at /home/runner/work/ozone/ozone/hadoop-ozone/integration-test/target/test-dir/MiniOzoneClusterImpl-f9e21395-1bcf-40d4-8edb-6f91c23aa5c2/omNode-2/db.snapshots/om.db-5a8612eb-d59f-4d73-ac0e-ea300146aa61 in 28 milliseconds
2023-02-28 04:32:52,568 [OMDoubleBufferFlushThread] INFO  db.RDBCheckpointManager (RDBCheckpointManager.java:waitForCheckpointDirectoryExist(125)) - Waited for 1 milliseconds for checkpoint directory /home/runner/work/ozone/ozone/hadoop-ozone/integration-test/target/test-dir/MiniOzoneClusterImpl-f9e21395-1bcf-40d4-8edb-6f91c23aa5c2/omNode-2/db.snapshots/om.db-5a8612eb-d59f-4d73-ac0e-ea300146aa61 availability.
2023-02-28 04:32:52,568 [OMDoubleBufferFlushThread] INFO  om.OmSnapshotManager (OmSnapshotManager.java:createOmSnapshotCheckpoint(163)) - Created checkpoint : /home/runner/work/ozone/ozone/hadoop-ozone/integration-test/target/test-dir/MiniOzoneClusterImpl-f9e21395-1bcf-40d4-8edb-6f91c23aa5c2/omNode-2/db.snapshots/om.db-5a8612eb-d59f-4d73-ac0e-ea300146aa61 for snapshot 4f47c5ff-606d-4dce-bc4c-b79f49207693
2023-02-28 04:32:52,570 [OMDoubleBufferFlushThread] INFO  db.RDBCheckpointManager (RDBCheckpointManager.java:createCheckpoint(96)) - Created checkpoint in rocksDB at /home/runner/work/ozone/ozone/hadoop-ozone/integration-test/target/test-dir/MiniOzoneClusterImpl-f9e21395-1bcf-40d4-8edb-6f91c23aa5c2/omNode-3/db.snapshots/om.db-5a8612eb-d59f-4d73-ac0e-ea300146aa61 in 31 milliseconds
2023-02-28 04:32:52,572 [OMDoubleBufferFlushThread] INFO  db.RDBCheckpointManager (RDBCheckpointManager.java:waitForCheckpointDirectoryExist(125)) - Waited for 1 milliseconds for checkpoint directory /home/runner/work/ozone/ozone/hadoop-ozone/integration-test/target/test-dir/MiniOzoneClusterImpl-f9e21395-1bcf-40d4-8edb-6f91c23aa5c2/omNode-3/db.snapshots/om.db-5a8612eb-d59f-4d73-ac0e-ea300146aa61 availability.
2023-02-28 04:32:52,572 [OMDoubleBufferFlushThread] INFO  om.OmSnapshotManager (OmSnapshotManager.java:createOmSnapshotCheckpoint(163)) - Created checkpoint : /home/runner/work/ozone/ozone/hadoop-ozone/integration-test/target/test-dir/MiniOzoneClusterImpl-f9e21395-1bcf-40d4-8edb-6f91c23aa5c2/omNode-3/db.snapshots/om.db-5a8612eb-d59f-4d73-ac0e-ea300146aa61 for snapshot 4f47c5ff-606d-4dce-bc4c-b79f49207693
2023-02-28 04:32:53,539 [IPC Server handler 7 on default port 40781] WARN  server.ServerUtils (ServerUtils.java:getDBPath(225)) - ozone.om.db.dirs is not configured. We recommend adding this setting. Falling back to ozone.metadata.dirs instead.
2023-02-28 04:32:53,539 [IPC Server handler 7 on default port 40781] INFO  codec.OmKeyInfoCodec (OmKeyInfoCodec.java:<init>(49)) - OmKeyInfoCodec ignorePipeline = true
2023-02-28 04:32:53,540 [IPC Server handler 7 on default port 40781] INFO  codec.RepeatedOmKeyInfoCodec (RepeatedOmKeyInfoCodec.java:<init>(41)) - RepeatedOmKeyInfoCodec ignorePipeline = true
2023-02-28 04:32:53,591 [IPC Server handler 2 on default port 40781] WARN  server.ServerUtils (ServerUtils.java:getDBPath(225)) - ozone.om.db.dirs is not configured. We recommend adding this setting. Falling back to ozone.metadata.dirs instead.
2023-02-28 04:32:53,592 [IPC Server handler 2 on default port 40781] INFO  codec.OmKeyInfoCodec (OmKeyInfoCodec.java:<init>(49)) - OmKeyInfoCodec ignorePipeline = true
2023-02-28 04:32:53,592 [IPC Server handler 2 on default port 40781] INFO  codec.RepeatedOmKeyInfoCodec (RepeatedOmKeyInfoCodec.java:<init>(41)) - RepeatedOmKeyInfoCodec ignorePipeline = true
]]></system-out>
  </testcase>
  <testcase name="testListAddNewKey" classname="TestOmSnapshot" time="2.137">
    <system-out><![CDATA[2023-02-28 04:33:43,381 [Time-limited test] INFO  rpc.RpcClient (RpcClient.java:createVolume(476)) - Creating Volume: vol-01582, with runner as owner and space quota set to -1 bytes, counts quota set to -1
2023-02-28 04:33:43,384 [OM StateMachine ApplyTransaction Thread - 0] INFO  volume.OMVolumeCreateRequest (OMVolumeCreateRequest.java:validateAndUpdateCache(195)) - created volume:vol-01582 for user:runner
2023-02-28 04:33:43,387 [OM StateMachine ApplyTransaction Thread - 0] INFO  volume.OMVolumeCreateRequest (OMVolumeCreateRequest.java:validateAndUpdateCache(195)) - created volume:vol-01582 for user:runner
2023-02-28 04:33:43,388 [OM StateMachine ApplyTransaction Thread - 0] INFO  volume.OMVolumeCreateRequest (OMVolumeCreateRequest.java:validateAndUpdateCache(195)) - created volume:vol-01582 for user:runner
2023-02-28 04:33:43,393 [Time-limited test] INFO  rpc.RpcClient (RpcClient.java:createBucket(698)) - Creating Bucket: vol-01582/buc-56503, with server-side default bucket layout, runner as owner, Versioning false, Storage Type set to DISK and Encryption set to false, Replication Type set to server-side default replication type, Namespace Quota set to -1, Space Quota set to -1 
2023-02-28 04:33:43,396 [OM StateMachine ApplyTransaction Thread - 0] INFO  bucket.OMBucketCreateRequest (OMBucketCreateRequest.java:validateAndUpdateCache(263)) - created bucket: buc-56503 of layout FILE_SYSTEM_OPTIMIZED in volume: vol-01582
2023-02-28 04:33:43,398 [OM StateMachine ApplyTransaction Thread - 0] INFO  bucket.OMBucketCreateRequest (OMBucketCreateRequest.java:validateAndUpdateCache(263)) - created bucket: buc-56503 of layout FILE_SYSTEM_OPTIMIZED in volume: vol-01582
2023-02-28 04:33:43,399 [OM StateMachine ApplyTransaction Thread - 0] INFO  bucket.OMBucketCreateRequest (OMBucketCreateRequest.java:validateAndUpdateCache(263)) - created bucket: buc-56503 of layout FILE_SYSTEM_OPTIMIZED in volume: vol-01582
2023-02-28 04:33:43,420 [OM StateMachine ApplyTransaction Thread - 0] INFO  snapshot.OMSnapshotCreateRequest (OMSnapshotCreateRequest.java:validateAndUpdateCache(180)) - Created snapshot '3cf0dc45-ddc7-409c-95c4-0ea9a5431e22' under path 'vol-01582/buc-56503'
2023-02-28 04:33:43,421 [OM StateMachine ApplyTransaction Thread - 0] INFO  snapshot.OMSnapshotCreateRequest (OMSnapshotCreateRequest.java:validateAndUpdateCache(180)) - Created snapshot '3cf0dc45-ddc7-409c-95c4-0ea9a5431e22' under path 'vol-01582/buc-56503'
2023-02-28 04:33:43,422 [OM StateMachine ApplyTransaction Thread - 0] INFO  snapshot.OMSnapshotCreateRequest (OMSnapshotCreateRequest.java:validateAndUpdateCache(180)) - Created snapshot '3cf0dc45-ddc7-409c-95c4-0ea9a5431e22' under path 'vol-01582/buc-56503'
2023-02-28 04:33:43,459 [OMDoubleBufferFlushThread] INFO  db.RDBCheckpointManager (RDBCheckpointManager.java:createCheckpoint(96)) - Created checkpoint in rocksDB at /home/runner/work/ozone/ozone/hadoop-ozone/integration-test/target/test-dir/MiniOzoneClusterImpl-2052965b-440d-4b09-b4b3-db311f243d80/omNode-1/db.snapshots/om.db-1f93ceb2-15e5-420d-b1f5-979dd36f45c7 in 36 milliseconds
2023-02-28 04:33:43,461 [OMDoubleBufferFlushThread] INFO  db.RDBCheckpointManager (RDBCheckpointManager.java:waitForCheckpointDirectoryExist(125)) - Waited for 2 milliseconds for checkpoint directory /home/runner/work/ozone/ozone/hadoop-ozone/integration-test/target/test-dir/MiniOzoneClusterImpl-2052965b-440d-4b09-b4b3-db311f243d80/omNode-1/db.snapshots/om.db-1f93ceb2-15e5-420d-b1f5-979dd36f45c7 availability.
2023-02-28 04:33:43,461 [OMDoubleBufferFlushThread] INFO  om.OmSnapshotManager (OmSnapshotManager.java:createOmSnapshotCheckpoint(163)) - Created checkpoint : /home/runner/work/ozone/ozone/hadoop-ozone/integration-test/target/test-dir/MiniOzoneClusterImpl-2052965b-440d-4b09-b4b3-db311f243d80/omNode-1/db.snapshots/om.db-1f93ceb2-15e5-420d-b1f5-979dd36f45c7 for snapshot 3cf0dc45-ddc7-409c-95c4-0ea9a5431e22
2023-02-28 04:33:43,463 [OMDoubleBufferFlushThread] INFO  db.RDBCheckpointManager (RDBCheckpointManager.java:createCheckpoint(96)) - Created checkpoint in rocksDB at /home/runner/work/ozone/ozone/hadoop-ozone/integration-test/target/test-dir/MiniOzoneClusterImpl-2052965b-440d-4b09-b4b3-db311f243d80/omNode-2/db.snapshots/om.db-1f93ceb2-15e5-420d-b1f5-979dd36f45c7 in 40 milliseconds
2023-02-28 04:33:43,464 [OMDoubleBufferFlushThread] INFO  db.RDBCheckpointManager (RDBCheckpointManager.java:waitForCheckpointDirectoryExist(125)) - Waited for 1 milliseconds for checkpoint directory /home/runner/work/ozone/ozone/hadoop-ozone/integration-test/target/test-dir/MiniOzoneClusterImpl-2052965b-440d-4b09-b4b3-db311f243d80/omNode-2/db.snapshots/om.db-1f93ceb2-15e5-420d-b1f5-979dd36f45c7 availability.
2023-02-28 04:33:43,464 [OMDoubleBufferFlushThread] INFO  om.OmSnapshotManager (OmSnapshotManager.java:createOmSnapshotCheckpoint(163)) - Created checkpoint : /home/runner/work/ozone/ozone/hadoop-ozone/integration-test/target/test-dir/MiniOzoneClusterImpl-2052965b-440d-4b09-b4b3-db311f243d80/omNode-2/db.snapshots/om.db-1f93ceb2-15e5-420d-b1f5-979dd36f45c7 for snapshot 3cf0dc45-ddc7-409c-95c4-0ea9a5431e22
2023-02-28 04:33:43,466 [OMDoubleBufferFlushThread] INFO  db.RDBCheckpointManager (RDBCheckpointManager.java:createCheckpoint(96)) - Created checkpoint in rocksDB at /home/runner/work/ozone/ozone/hadoop-ozone/integration-test/target/test-dir/MiniOzoneClusterImpl-2052965b-440d-4b09-b4b3-db311f243d80/omNode-3/db.snapshots/om.db-1f93ceb2-15e5-420d-b1f5-979dd36f45c7 in 42 milliseconds
2023-02-28 04:33:43,467 [OMDoubleBufferFlushThread] INFO  db.RDBCheckpointManager (RDBCheckpointManager.java:waitForCheckpointDirectoryExist(125)) - Waited for 0 milliseconds for checkpoint directory /home/runner/work/ozone/ozone/hadoop-ozone/integration-test/target/test-dir/MiniOzoneClusterImpl-2052965b-440d-4b09-b4b3-db311f243d80/omNode-3/db.snapshots/om.db-1f93ceb2-15e5-420d-b1f5-979dd36f45c7 availability.
2023-02-28 04:33:43,467 [OMDoubleBufferFlushThread] INFO  om.OmSnapshotManager (OmSnapshotManager.java:createOmSnapshotCheckpoint(163)) - Created checkpoint : /home/runner/work/ozone/ozone/hadoop-ozone/integration-test/target/test-dir/MiniOzoneClusterImpl-2052965b-440d-4b09-b4b3-db311f243d80/omNode-3/db.snapshots/om.db-1f93ceb2-15e5-420d-b1f5-979dd36f45c7 for snapshot 3cf0dc45-ddc7-409c-95c4-0ea9a5431e22
2023-02-28 04:33:44,362 [EndpointStateMachine task thread for /0.0.0.0:41617 - 0 ] INFO  ipc.Client (Client.java:handleConnectionFailure(1010)) - Retrying connect to server: 0.0.0.0/0.0.0.0:41617. Already tried 8 time(s); retry policy is RetryUpToMaximumCountWithFixedSleep(maxRetries=15, sleepTime=1000 MILLISECONDS)
2023-02-28 04:33:44,444 [OM StateMachine ApplyTransaction Thread - 0] INFO  snapshot.OMSnapshotCreateRequest (OMSnapshotCreateRequest.java:validateAndUpdateCache(180)) - Created snapshot '6537539c-6a7c-4e6a-9087-2f0cda70d2e9' under path 'vol-01582/buc-56503'
2023-02-28 04:33:44,447 [OM StateMachine ApplyTransaction Thread - 0] INFO  snapshot.OMSnapshotCreateRequest (OMSnapshotCreateRequest.java:validateAndUpdateCache(180)) - Created snapshot '6537539c-6a7c-4e6a-9087-2f0cda70d2e9' under path 'vol-01582/buc-56503'
2023-02-28 04:33:44,447 [OM StateMachine ApplyTransaction Thread - 0] INFO  snapshot.OMSnapshotCreateRequest (OMSnapshotCreateRequest.java:validateAndUpdateCache(180)) - Created snapshot '6537539c-6a7c-4e6a-9087-2f0cda70d2e9' under path 'vol-01582/buc-56503'
2023-02-28 04:33:44,471 [OMDoubleBufferFlushThread] INFO  db.RDBCheckpointManager (RDBCheckpointManager.java:createCheckpoint(96)) - Created checkpoint in rocksDB at /home/runner/work/ozone/ozone/hadoop-ozone/integration-test/target/test-dir/MiniOzoneClusterImpl-2052965b-440d-4b09-b4b3-db311f243d80/omNode-1/db.snapshots/om.db-74e8fbbb-b992-4da5-86eb-210568a2264c in 25 milliseconds
2023-02-28 04:33:44,477 [OMDoubleBufferFlushThread] INFO  db.RDBCheckpointManager (RDBCheckpointManager.java:waitForCheckpointDirectoryExist(125)) - Waited for 6 milliseconds for checkpoint directory /home/runner/work/ozone/ozone/hadoop-ozone/integration-test/target/test-dir/MiniOzoneClusterImpl-2052965b-440d-4b09-b4b3-db311f243d80/omNode-1/db.snapshots/om.db-74e8fbbb-b992-4da5-86eb-210568a2264c availability.
2023-02-28 04:33:44,477 [OMDoubleBufferFlushThread] INFO  om.OmSnapshotManager (OmSnapshotManager.java:createOmSnapshotCheckpoint(163)) - Created checkpoint : /home/runner/work/ozone/ozone/hadoop-ozone/integration-test/target/test-dir/MiniOzoneClusterImpl-2052965b-440d-4b09-b4b3-db311f243d80/omNode-1/db.snapshots/om.db-74e8fbbb-b992-4da5-86eb-210568a2264c for snapshot 6537539c-6a7c-4e6a-9087-2f0cda70d2e9
2023-02-28 04:33:44,481 [OMDoubleBufferFlushThread] INFO  db.RDBCheckpointManager (RDBCheckpointManager.java:createCheckpoint(96)) - Created checkpoint in rocksDB at /home/runner/work/ozone/ozone/hadoop-ozone/integration-test/target/test-dir/MiniOzoneClusterImpl-2052965b-440d-4b09-b4b3-db311f243d80/omNode-2/db.snapshots/om.db-74e8fbbb-b992-4da5-86eb-210568a2264c in 33 milliseconds
2023-02-28 04:33:44,483 [OMDoubleBufferFlushThread] INFO  db.RDBCheckpointManager (RDBCheckpointManager.java:createCheckpoint(96)) - Created checkpoint in rocksDB at /home/runner/work/ozone/ozone/hadoop-ozone/integration-test/target/test-dir/MiniOzoneClusterImpl-2052965b-440d-4b09-b4b3-db311f243d80/omNode-3/db.snapshots/om.db-74e8fbbb-b992-4da5-86eb-210568a2264c in 35 milliseconds
2023-02-28 04:33:44,492 [OMDoubleBufferFlushThread] INFO  db.RDBCheckpointManager (RDBCheckpointManager.java:waitForCheckpointDirectoryExist(125)) - Waited for 11 milliseconds for checkpoint directory /home/runner/work/ozone/ozone/hadoop-ozone/integration-test/target/test-dir/MiniOzoneClusterImpl-2052965b-440d-4b09-b4b3-db311f243d80/omNode-2/db.snapshots/om.db-74e8fbbb-b992-4da5-86eb-210568a2264c availability.
2023-02-28 04:33:44,492 [OMDoubleBufferFlushThread] INFO  om.OmSnapshotManager (OmSnapshotManager.java:createOmSnapshotCheckpoint(163)) - Created checkpoint : /home/runner/work/ozone/ozone/hadoop-ozone/integration-test/target/test-dir/MiniOzoneClusterImpl-2052965b-440d-4b09-b4b3-db311f243d80/omNode-2/db.snapshots/om.db-74e8fbbb-b992-4da5-86eb-210568a2264c for snapshot 6537539c-6a7c-4e6a-9087-2f0cda70d2e9
2023-02-28 04:33:44,493 [OMDoubleBufferFlushThread] INFO  db.RDBCheckpointManager (RDBCheckpointManager.java:waitForCheckpointDirectoryExist(125)) - Waited for 10 milliseconds for checkpoint directory /home/runner/work/ozone/ozone/hadoop-ozone/integration-test/target/test-dir/MiniOzoneClusterImpl-2052965b-440d-4b09-b4b3-db311f243d80/omNode-3/db.snapshots/om.db-74e8fbbb-b992-4da5-86eb-210568a2264c availability.
2023-02-28 04:33:44,493 [OMDoubleBufferFlushThread] INFO  om.OmSnapshotManager (OmSnapshotManager.java:createOmSnapshotCheckpoint(163)) - Created checkpoint : /home/runner/work/ozone/ozone/hadoop-ozone/integration-test/target/test-dir/MiniOzoneClusterImpl-2052965b-440d-4b09-b4b3-db311f243d80/omNode-3/db.snapshots/om.db-74e8fbbb-b992-4da5-86eb-210568a2264c for snapshot 6537539c-6a7c-4e6a-9087-2f0cda70d2e9
2023-02-28 04:33:45,362 [EndpointStateMachine task thread for /0.0.0.0:41617 - 0 ] INFO  ipc.Client (Client.java:handleConnectionFailure(1010)) - Retrying connect to server: 0.0.0.0/0.0.0.0:41617. Already tried 9 time(s); retry policy is RetryUpToMaximumCountWithFixedSleep(maxRetries=15, sleepTime=1000 MILLISECONDS)
2023-02-28 04:33:45,446 [IPC Server handler 1 on default port 46183] WARN  server.ServerUtils (ServerUtils.java:getDBPath(225)) - ozone.om.db.dirs is not configured. We recommend adding this setting. Falling back to ozone.metadata.dirs instead.
2023-02-28 04:33:45,446 [IPC Server handler 1 on default port 46183] INFO  codec.OmKeyInfoCodec (OmKeyInfoCodec.java:<init>(49)) - OmKeyInfoCodec ignorePipeline = true
2023-02-28 04:33:45,446 [IPC Server handler 1 on default port 46183] INFO  codec.RepeatedOmKeyInfoCodec (RepeatedOmKeyInfoCodec.java:<init>(41)) - RepeatedOmKeyInfoCodec ignorePipeline = true
04:33:45.473 [IPC Server handler 3 on default port 46183] ERROR OMAudit - user=runner | ip=127.0.0.1 | op=GET_FILE_STATUS {volume=vol-01582, bucket=buc-56503, key=key-, dataSize=0, replicationConfig=null} | ret=FAILURE
org.apache.hadoop.ozone.om.exceptions.OMException: Unable to get file status: volume: vol-01582 bucket: buc-56503 key: key-
	at org.apache.hadoop.ozone.om.KeyManagerImpl.getOzoneFileStatusFSO(KeyManagerImpl.java:1285) ~[ozone-manager-1.4.0-SNAPSHOT.jar:?]
	at org.apache.hadoop.ozone.om.KeyManagerImpl.getFileStatus(KeyManagerImpl.java:1077) ~[ozone-manager-1.4.0-SNAPSHOT.jar:?]
	at org.apache.hadoop.ozone.om.OmMetadataReader.getFileStatus(OmMetadataReader.java:288) ~[ozone-manager-1.4.0-SNAPSHOT.jar:?]
	at org.apache.hadoop.ozone.om.OmSnapshot.getFileStatus(OmSnapshot.java:118) ~[ozone-manager-1.4.0-SNAPSHOT.jar:?]
	at org.apache.hadoop.ozone.om.OzoneManager.getFileStatus(OzoneManager.java:3481) ~[ozone-manager-1.4.0-SNAPSHOT.jar:?]
	at org.apache.hadoop.ozone.protocolPB.OzoneManagerRequestHandler.getOzoneFileStatus(OzoneManagerRequestHandler.java:933) ~[ozone-manager-1.4.0-SNAPSHOT.jar:?]
	at org.apache.hadoop.ozone.protocolPB.OzoneManagerRequestHandler.handleReadRequest(OzoneManagerRequestHandler.java:238) ~[ozone-manager-1.4.0-SNAPSHOT.jar:?]
	at org.apache.hadoop.ozone.protocolPB.OzoneManagerProtocolServerSideTranslatorPB.submitReadRequestToOM(OzoneManagerProtocolServerSideTranslatorPB.java:223) ~[ozone-manager-1.4.0-SNAPSHOT.jar:?]
	at org.apache.hadoop.ozone.protocolPB.OzoneManagerProtocolServerSideTranslatorPB.processRequest(OzoneManagerProtocolServerSideTranslatorPB.java:177) ~[ozone-manager-1.4.0-SNAPSHOT.jar:?]
	at org.apache.hadoop.hdds.server.OzoneProtocolMessageDispatcher.processRequest(OzoneProtocolMessageDispatcher.java:87) [hdds-server-framework-1.4.0-SNAPSHOT.jar:?]
	at org.apache.hadoop.ozone.protocolPB.OzoneManagerProtocolServerSideTranslatorPB.submitRequest(OzoneManagerProtocolServerSideTranslatorPB.java:147) [ozone-manager-1.4.0-SNAPSHOT.jar:?]
	at org.apache.hadoop.ozone.protocol.proto.OzoneManagerProtocolProtos$OzoneManagerService$2.callBlockingMethod(OzoneManagerProtocolProtos.java) [ozone-interface-client-1.4.0-SNAPSHOT.jar:?]
	at org.apache.hadoop.ipc.ProtobufRpcEngine$Server.processCall(ProtobufRpcEngine.java:465) [hadoop-common-3.3.4.jar:?]
	at org.apache.hadoop.ipc.ProtobufRpcEngine2$Server$ProtoBufRpcInvoker.call(ProtobufRpcEngine2.java:578) [hadoop-common-3.3.4.jar:?]
	at org.apache.hadoop.ipc.ProtobufRpcEngine2$Server$ProtoBufRpcInvoker.call(ProtobufRpcEngine2.java:556) [hadoop-common-3.3.4.jar:?]
	at org.apache.hadoop.ipc.RPC$Server.call(RPC.java:1093) [hadoop-common-3.3.4.jar:?]
	at org.apache.hadoop.ipc.Server$RpcCall.run(Server.java:1043) [hadoop-common-3.3.4.jar:?]
	at org.apache.hadoop.ipc.Server$RpcCall.run(Server.java:971) [hadoop-common-3.3.4.jar:?]
	at java.security.AccessController.doPrivileged(Native Method) ~[?:1.8.0_362]
	at javax.security.auth.Subject.doAs(Subject.java:422) [?:1.8.0_362]
	at org.apache.hadoop.security.UserGroupInformation.doAs(UserGroupInformation.java:1878) [hadoop-common-3.3.4.jar:?]
	at org.apache.hadoop.ipc.Server$Handler.run(Server.java:2976) [hadoop-common-3.3.4.jar:?]
2023-02-28 04:33:45,476 [IPC Server handler 5 on default port 46183] WARN  server.ServerUtils (ServerUtils.java:getDBPath(225)) - ozone.om.db.dirs is not configured. We recommend adding this setting. Falling back to ozone.metadata.dirs instead.
2023-02-28 04:33:45,476 [IPC Server handler 5 on default port 46183] INFO  codec.OmKeyInfoCodec (OmKeyInfoCodec.java:<init>(49)) - OmKeyInfoCodec ignorePipeline = true
2023-02-28 04:33:45,476 [IPC Server handler 5 on default port 46183] INFO  codec.RepeatedOmKeyInfoCodec (RepeatedOmKeyInfoCodec.java:<init>(41)) - RepeatedOmKeyInfoCodec ignorePipeline = true
04:33:45.501 [IPC Server handler 6 on default port 46183] ERROR OMAudit - user=runner | ip=127.0.0.1 | op=GET_FILE_STATUS {volume=vol-01582, bucket=buc-56503, key=key-, dataSize=0, replicationConfig=null} | ret=FAILURE
org.apache.hadoop.ozone.om.exceptions.OMException: Unable to get file status: volume: vol-01582 bucket: buc-56503 key: key-
	at org.apache.hadoop.ozone.om.KeyManagerImpl.getOzoneFileStatusFSO(KeyManagerImpl.java:1285) ~[ozone-manager-1.4.0-SNAPSHOT.jar:?]
	at org.apache.hadoop.ozone.om.KeyManagerImpl.getFileStatus(KeyManagerImpl.java:1077) ~[ozone-manager-1.4.0-SNAPSHOT.jar:?]
	at org.apache.hadoop.ozone.om.OmMetadataReader.getFileStatus(OmMetadataReader.java:288) ~[ozone-manager-1.4.0-SNAPSHOT.jar:?]
	at org.apache.hadoop.ozone.om.OmSnapshot.getFileStatus(OmSnapshot.java:118) ~[ozone-manager-1.4.0-SNAPSHOT.jar:?]
	at org.apache.hadoop.ozone.om.OzoneManager.getFileStatus(OzoneManager.java:3481) ~[ozone-manager-1.4.0-SNAPSHOT.jar:?]
	at org.apache.hadoop.ozone.protocolPB.OzoneManagerRequestHandler.getOzoneFileStatus(OzoneManagerRequestHandler.java:933) ~[ozone-manager-1.4.0-SNAPSHOT.jar:?]
	at org.apache.hadoop.ozone.protocolPB.OzoneManagerRequestHandler.handleReadRequest(OzoneManagerRequestHandler.java:238) ~[ozone-manager-1.4.0-SNAPSHOT.jar:?]
	at org.apache.hadoop.ozone.protocolPB.OzoneManagerProtocolServerSideTranslatorPB.submitReadRequestToOM(OzoneManagerProtocolServerSideTranslatorPB.java:223) ~[ozone-manager-1.4.0-SNAPSHOT.jar:?]
	at org.apache.hadoop.ozone.protocolPB.OzoneManagerProtocolServerSideTranslatorPB.processRequest(OzoneManagerProtocolServerSideTranslatorPB.java:177) ~[ozone-manager-1.4.0-SNAPSHOT.jar:?]
	at org.apache.hadoop.hdds.server.OzoneProtocolMessageDispatcher.processRequest(OzoneProtocolMessageDispatcher.java:87) [hdds-server-framework-1.4.0-SNAPSHOT.jar:?]
	at org.apache.hadoop.ozone.protocolPB.OzoneManagerProtocolServerSideTranslatorPB.submitRequest(OzoneManagerProtocolServerSideTranslatorPB.java:147) [ozone-manager-1.4.0-SNAPSHOT.jar:?]
	at org.apache.hadoop.ozone.protocol.proto.OzoneManagerProtocolProtos$OzoneManagerService$2.callBlockingMethod(OzoneManagerProtocolProtos.java) [ozone-interface-client-1.4.0-SNAPSHOT.jar:?]
	at org.apache.hadoop.ipc.ProtobufRpcEngine$Server.processCall(ProtobufRpcEngine.java:465) [hadoop-common-3.3.4.jar:?]
	at org.apache.hadoop.ipc.ProtobufRpcEngine2$Server$ProtoBufRpcInvoker.call(ProtobufRpcEngine2.java:578) [hadoop-common-3.3.4.jar:?]
	at org.apache.hadoop.ipc.ProtobufRpcEngine2$Server$ProtoBufRpcInvoker.call(ProtobufRpcEngine2.java:556) [hadoop-common-3.3.4.jar:?]
	at org.apache.hadoop.ipc.RPC$Server.call(RPC.java:1093) [hadoop-common-3.3.4.jar:?]
	at org.apache.hadoop.ipc.Server$RpcCall.run(Server.java:1043) [hadoop-common-3.3.4.jar:?]
	at org.apache.hadoop.ipc.Server$RpcCall.run(Server.java:971) [hadoop-common-3.3.4.jar:?]
	at java.security.AccessController.doPrivileged(Native Method) ~[?:1.8.0_362]
	at javax.security.auth.Subject.doAs(Subject.java:422) [?:1.8.0_362]
	at org.apache.hadoop.security.UserGroupInformation.doAs(UserGroupInformation.java:1878) [hadoop-common-3.3.4.jar:?]
	at org.apache.hadoop.ipc.Server$Handler.run(Server.java:2976) [hadoop-common-3.3.4.jar:?]
]]></system-out>
  </testcase>
  <testcase name="testListAddNewKey" classname="TestOmSnapshot" time="2.143">
    <system-out><![CDATA[2023-02-28 04:34:33,296 [Time-limited test] INFO  rpc.RpcClient (RpcClient.java:createVolume(476)) - Creating Volume: vol-52117, with runner as owner and space quota set to -1 bytes, counts quota set to -1
2023-02-28 04:34:33,299 [OM StateMachine ApplyTransaction Thread - 0] INFO  volume.OMVolumeCreateRequest (OMVolumeCreateRequest.java:validateAndUpdateCache(195)) - created volume:vol-52117 for user:runner
2023-02-28 04:34:33,300 [OM StateMachine ApplyTransaction Thread - 0] INFO  volume.OMVolumeCreateRequest (OMVolumeCreateRequest.java:validateAndUpdateCache(195)) - created volume:vol-52117 for user:runner
2023-02-28 04:34:33,301 [OM StateMachine ApplyTransaction Thread - 0] INFO  volume.OMVolumeCreateRequest (OMVolumeCreateRequest.java:validateAndUpdateCache(195)) - created volume:vol-52117 for user:runner
2023-02-28 04:34:33,302 [Time-limited test] INFO  rpc.RpcClient (RpcClient.java:createBucket(698)) - Creating Bucket: vol-52117/buc-26949, with server-side default bucket layout, runner as owner, Versioning false, Storage Type set to DISK and Encryption set to false, Replication Type set to server-side default replication type, Namespace Quota set to -1, Space Quota set to -1 
2023-02-28 04:34:33,304 [OM StateMachine ApplyTransaction Thread - 0] INFO  bucket.OMBucketCreateRequest (OMBucketCreateRequest.java:validateAndUpdateCache(263)) - created bucket: buc-26949 of layout LEGACY in volume: vol-52117
2023-02-28 04:34:33,304 [OM StateMachine ApplyTransaction Thread - 0] INFO  bucket.OMBucketCreateRequest (OMBucketCreateRequest.java:validateAndUpdateCache(263)) - created bucket: buc-26949 of layout LEGACY in volume: vol-52117
2023-02-28 04:34:33,305 [OM StateMachine ApplyTransaction Thread - 0] INFO  bucket.OMBucketCreateRequest (OMBucketCreateRequest.java:validateAndUpdateCache(263)) - created bucket: buc-26949 of layout LEGACY in volume: vol-52117
2023-02-28 04:34:33,331 [OM StateMachine ApplyTransaction Thread - 0] INFO  snapshot.OMSnapshotCreateRequest (OMSnapshotCreateRequest.java:validateAndUpdateCache(180)) - Created snapshot 'b3bf7d2b-13b9-4b52-80dc-34a8d560702d' under path 'vol-52117/buc-26949'
2023-02-28 04:34:33,332 [OM StateMachine ApplyTransaction Thread - 0] INFO  snapshot.OMSnapshotCreateRequest (OMSnapshotCreateRequest.java:validateAndUpdateCache(180)) - Created snapshot 'b3bf7d2b-13b9-4b52-80dc-34a8d560702d' under path 'vol-52117/buc-26949'
2023-02-28 04:34:33,332 [OM StateMachine ApplyTransaction Thread - 0] INFO  snapshot.OMSnapshotCreateRequest (OMSnapshotCreateRequest.java:validateAndUpdateCache(180)) - Created snapshot 'b3bf7d2b-13b9-4b52-80dc-34a8d560702d' under path 'vol-52117/buc-26949'
2023-02-28 04:34:33,362 [OMDoubleBufferFlushThread] INFO  db.RDBCheckpointManager (RDBCheckpointManager.java:createCheckpoint(96)) - Created checkpoint in rocksDB at /home/runner/work/ozone/ozone/hadoop-ozone/integration-test/target/test-dir/MiniOzoneClusterImpl-0c3862ae-9f43-41f5-9e7d-509225cf1f3d/omNode-1/db.snapshots/om.db-644fbc9e-9e9c-40f3-88e6-c0e1519c9541 in 28 milliseconds
2023-02-28 04:34:33,363 [OMDoubleBufferFlushThread] INFO  db.RDBCheckpointManager (RDBCheckpointManager.java:createCheckpoint(96)) - Created checkpoint in rocksDB at /home/runner/work/ozone/ozone/hadoop-ozone/integration-test/target/test-dir/MiniOzoneClusterImpl-0c3862ae-9f43-41f5-9e7d-509225cf1f3d/omNode-2/db.snapshots/om.db-644fbc9e-9e9c-40f3-88e6-c0e1519c9541 in 28 milliseconds
2023-02-28 04:34:33,363 [OMDoubleBufferFlushThread] INFO  db.RDBCheckpointManager (RDBCheckpointManager.java:createCheckpoint(96)) - Created checkpoint in rocksDB at /home/runner/work/ozone/ozone/hadoop-ozone/integration-test/target/test-dir/MiniOzoneClusterImpl-0c3862ae-9f43-41f5-9e7d-509225cf1f3d/omNode-3/db.snapshots/om.db-644fbc9e-9e9c-40f3-88e6-c0e1519c9541 in 30 milliseconds
2023-02-28 04:34:33,363 [OMDoubleBufferFlushThread] INFO  db.RDBCheckpointManager (RDBCheckpointManager.java:waitForCheckpointDirectoryExist(125)) - Waited for 1 milliseconds for checkpoint directory /home/runner/work/ozone/ozone/hadoop-ozone/integration-test/target/test-dir/MiniOzoneClusterImpl-0c3862ae-9f43-41f5-9e7d-509225cf1f3d/omNode-1/db.snapshots/om.db-644fbc9e-9e9c-40f3-88e6-c0e1519c9541 availability.
2023-02-28 04:34:33,363 [OMDoubleBufferFlushThread] INFO  om.OmSnapshotManager (OmSnapshotManager.java:createOmSnapshotCheckpoint(163)) - Created checkpoint : /home/runner/work/ozone/ozone/hadoop-ozone/integration-test/target/test-dir/MiniOzoneClusterImpl-0c3862ae-9f43-41f5-9e7d-509225cf1f3d/omNode-1/db.snapshots/om.db-644fbc9e-9e9c-40f3-88e6-c0e1519c9541 for snapshot b3bf7d2b-13b9-4b52-80dc-34a8d560702d
2023-02-28 04:34:33,368 [OMDoubleBufferFlushThread] INFO  db.RDBCheckpointManager (RDBCheckpointManager.java:waitForCheckpointDirectoryExist(125)) - Waited for 5 milliseconds for checkpoint directory /home/runner/work/ozone/ozone/hadoop-ozone/integration-test/target/test-dir/MiniOzoneClusterImpl-0c3862ae-9f43-41f5-9e7d-509225cf1f3d/omNode-2/db.snapshots/om.db-644fbc9e-9e9c-40f3-88e6-c0e1519c9541 availability.
2023-02-28 04:34:33,368 [OMDoubleBufferFlushThread] INFO  om.OmSnapshotManager (OmSnapshotManager.java:createOmSnapshotCheckpoint(163)) - Created checkpoint : /home/runner/work/ozone/ozone/hadoop-ozone/integration-test/target/test-dir/MiniOzoneClusterImpl-0c3862ae-9f43-41f5-9e7d-509225cf1f3d/omNode-2/db.snapshots/om.db-644fbc9e-9e9c-40f3-88e6-c0e1519c9541 for snapshot b3bf7d2b-13b9-4b52-80dc-34a8d560702d
2023-02-28 04:34:33,369 [OMDoubleBufferFlushThread] INFO  db.RDBCheckpointManager (RDBCheckpointManager.java:waitForCheckpointDirectoryExist(125)) - Waited for 6 milliseconds for checkpoint directory /home/runner/work/ozone/ozone/hadoop-ozone/integration-test/target/test-dir/MiniOzoneClusterImpl-0c3862ae-9f43-41f5-9e7d-509225cf1f3d/omNode-3/db.snapshots/om.db-644fbc9e-9e9c-40f3-88e6-c0e1519c9541 availability.
2023-02-28 04:34:33,369 [OMDoubleBufferFlushThread] INFO  om.OmSnapshotManager (OmSnapshotManager.java:createOmSnapshotCheckpoint(163)) - Created checkpoint : /home/runner/work/ozone/ozone/hadoop-ozone/integration-test/target/test-dir/MiniOzoneClusterImpl-0c3862ae-9f43-41f5-9e7d-509225cf1f3d/omNode-3/db.snapshots/om.db-644fbc9e-9e9c-40f3-88e6-c0e1519c9541 for snapshot b3bf7d2b-13b9-4b52-80dc-34a8d560702d
2023-02-28 04:34:34,348 [OM StateMachine ApplyTransaction Thread - 0] INFO  snapshot.OMSnapshotCreateRequest (OMSnapshotCreateRequest.java:validateAndUpdateCache(180)) - Created snapshot 'bdba485f-9e07-4ee8-b5de-a801351289ed' under path 'vol-52117/buc-26949'
2023-02-28 04:34:34,350 [OM StateMachine ApplyTransaction Thread - 0] INFO  snapshot.OMSnapshotCreateRequest (OMSnapshotCreateRequest.java:validateAndUpdateCache(180)) - Created snapshot 'bdba485f-9e07-4ee8-b5de-a801351289ed' under path 'vol-52117/buc-26949'
2023-02-28 04:34:34,350 [OM StateMachine ApplyTransaction Thread - 0] INFO  snapshot.OMSnapshotCreateRequest (OMSnapshotCreateRequest.java:validateAndUpdateCache(180)) - Created snapshot 'bdba485f-9e07-4ee8-b5de-a801351289ed' under path 'vol-52117/buc-26949'
2023-02-28 04:34:34,372 [OMDoubleBufferFlushThread] INFO  db.RDBCheckpointManager (RDBCheckpointManager.java:createCheckpoint(96)) - Created checkpoint in rocksDB at /home/runner/work/ozone/ozone/hadoop-ozone/integration-test/target/test-dir/MiniOzoneClusterImpl-0c3862ae-9f43-41f5-9e7d-509225cf1f3d/omNode-1/db.snapshots/om.db-bd147e81-cc31-4fbc-8b89-eed721355763 in 22 milliseconds
2023-02-28 04:34:34,373 [OMDoubleBufferFlushThread] INFO  db.RDBCheckpointManager (RDBCheckpointManager.java:waitForCheckpointDirectoryExist(125)) - Waited for 0 milliseconds for checkpoint directory /home/runner/work/ozone/ozone/hadoop-ozone/integration-test/target/test-dir/MiniOzoneClusterImpl-0c3862ae-9f43-41f5-9e7d-509225cf1f3d/omNode-1/db.snapshots/om.db-bd147e81-cc31-4fbc-8b89-eed721355763 availability.
2023-02-28 04:34:34,373 [OMDoubleBufferFlushThread] INFO  om.OmSnapshotManager (OmSnapshotManager.java:createOmSnapshotCheckpoint(163)) - Created checkpoint : /home/runner/work/ozone/ozone/hadoop-ozone/integration-test/target/test-dir/MiniOzoneClusterImpl-0c3862ae-9f43-41f5-9e7d-509225cf1f3d/omNode-1/db.snapshots/om.db-bd147e81-cc31-4fbc-8b89-eed721355763 for snapshot bdba485f-9e07-4ee8-b5de-a801351289ed
2023-02-28 04:34:34,375 [OMDoubleBufferFlushThread] INFO  db.RDBCheckpointManager (RDBCheckpointManager.java:createCheckpoint(96)) - Created checkpoint in rocksDB at /home/runner/work/ozone/ozone/hadoop-ozone/integration-test/target/test-dir/MiniOzoneClusterImpl-0c3862ae-9f43-41f5-9e7d-509225cf1f3d/omNode-3/db.snapshots/om.db-bd147e81-cc31-4fbc-8b89-eed721355763 in 24 milliseconds
2023-02-28 04:34:34,376 [OMDoubleBufferFlushThread] INFO  db.RDBCheckpointManager (RDBCheckpointManager.java:createCheckpoint(96)) - Created checkpoint in rocksDB at /home/runner/work/ozone/ozone/hadoop-ozone/integration-test/target/test-dir/MiniOzoneClusterImpl-0c3862ae-9f43-41f5-9e7d-509225cf1f3d/omNode-2/db.snapshots/om.db-bd147e81-cc31-4fbc-8b89-eed721355763 in 24 milliseconds
2023-02-28 04:34:34,376 [OMDoubleBufferFlushThread] INFO  db.RDBCheckpointManager (RDBCheckpointManager.java:waitForCheckpointDirectoryExist(125)) - Waited for 0 milliseconds for checkpoint directory /home/runner/work/ozone/ozone/hadoop-ozone/integration-test/target/test-dir/MiniOzoneClusterImpl-0c3862ae-9f43-41f5-9e7d-509225cf1f3d/omNode-3/db.snapshots/om.db-bd147e81-cc31-4fbc-8b89-eed721355763 availability.
2023-02-28 04:34:34,376 [OMDoubleBufferFlushThread] INFO  db.RDBCheckpointManager (RDBCheckpointManager.java:waitForCheckpointDirectoryExist(125)) - Waited for 0 milliseconds for checkpoint directory /home/runner/work/ozone/ozone/hadoop-ozone/integration-test/target/test-dir/MiniOzoneClusterImpl-0c3862ae-9f43-41f5-9e7d-509225cf1f3d/omNode-2/db.snapshots/om.db-bd147e81-cc31-4fbc-8b89-eed721355763 availability.
2023-02-28 04:34:34,376 [OMDoubleBufferFlushThread] INFO  om.OmSnapshotManager (OmSnapshotManager.java:createOmSnapshotCheckpoint(163)) - Created checkpoint : /home/runner/work/ozone/ozone/hadoop-ozone/integration-test/target/test-dir/MiniOzoneClusterImpl-0c3862ae-9f43-41f5-9e7d-509225cf1f3d/omNode-2/db.snapshots/om.db-bd147e81-cc31-4fbc-8b89-eed721355763 for snapshot bdba485f-9e07-4ee8-b5de-a801351289ed
2023-02-28 04:34:34,376 [OMDoubleBufferFlushThread] INFO  om.OmSnapshotManager (OmSnapshotManager.java:createOmSnapshotCheckpoint(163)) - Created checkpoint : /home/runner/work/ozone/ozone/hadoop-ozone/integration-test/target/test-dir/MiniOzoneClusterImpl-0c3862ae-9f43-41f5-9e7d-509225cf1f3d/omNode-3/db.snapshots/om.db-bd147e81-cc31-4fbc-8b89-eed721355763 for snapshot bdba485f-9e07-4ee8-b5de-a801351289ed
2023-02-28 04:34:35,349 [IPC Server handler 19 on default port 43485] WARN  server.ServerUtils (ServerUtils.java:getDBPath(225)) - ozone.om.db.dirs is not configured. We recommend adding this setting. Falling back to ozone.metadata.dirs instead.
2023-02-28 04:34:35,350 [IPC Server handler 19 on default port 43485] INFO  codec.OmKeyInfoCodec (OmKeyInfoCodec.java:<init>(49)) - OmKeyInfoCodec ignorePipeline = true
2023-02-28 04:34:35,350 [IPC Server handler 19 on default port 43485] INFO  codec.RepeatedOmKeyInfoCodec (RepeatedOmKeyInfoCodec.java:<init>(41)) - RepeatedOmKeyInfoCodec ignorePipeline = true
2023-02-28 04:34:35,392 [IPC Server handler 14 on default port 43485] WARN  server.ServerUtils (ServerUtils.java:getDBPath(225)) - ozone.om.db.dirs is not configured. We recommend adding this setting. Falling back to ozone.metadata.dirs instead.
2023-02-28 04:34:35,392 [IPC Server handler 14 on default port 43485] INFO  codec.OmKeyInfoCodec (OmKeyInfoCodec.java:<init>(49)) - OmKeyInfoCodec ignorePipeline = true
2023-02-28 04:34:35,392 [IPC Server handler 14 on default port 43485] INFO  codec.RepeatedOmKeyInfoCodec (RepeatedOmKeyInfoCodec.java:<init>(41)) - RepeatedOmKeyInfoCodec ignorePipeline = true
]]></system-out>
  </testcase>
  <testcase name="testSnapDiff" classname="TestOmSnapshot" time="5.788">
    <system-out><![CDATA[2023-02-28 04:32:53,666 [Time-limited test] INFO  rpc.RpcClient (RpcClient.java:createVolume(476)) - Creating Volume: vol-61221, with runner as owner and space quota set to -1 bytes, counts quota set to -1
2023-02-28 04:32:53,669 [OM StateMachine ApplyTransaction Thread - 0] INFO  volume.OMVolumeCreateRequest (OMVolumeCreateRequest.java:validateAndUpdateCache(195)) - created volume:vol-61221 for user:runner
2023-02-28 04:32:53,670 [OM StateMachine ApplyTransaction Thread - 0] INFO  volume.OMVolumeCreateRequest (OMVolumeCreateRequest.java:validateAndUpdateCache(195)) - created volume:vol-61221 for user:runner
2023-02-28 04:32:53,671 [OM StateMachine ApplyTransaction Thread - 0] INFO  volume.OMVolumeCreateRequest (OMVolumeCreateRequest.java:validateAndUpdateCache(195)) - created volume:vol-61221 for user:runner
2023-02-28 04:32:53,672 [Time-limited test] INFO  rpc.RpcClient (RpcClient.java:createBucket(698)) - Creating Bucket: vol-61221/buck-67149, with server-side default bucket layout, runner as owner, Versioning false, Storage Type set to DISK and Encryption set to false, Replication Type set to server-side default replication type, Namespace Quota set to -1, Space Quota set to -1 
2023-02-28 04:32:53,674 [OM StateMachine ApplyTransaction Thread - 0] INFO  bucket.OMBucketCreateRequest (OMBucketCreateRequest.java:validateAndUpdateCache(263)) - created bucket: buck-67149 of layout OBJECT_STORE in volume: vol-61221
2023-02-28 04:32:53,675 [OM StateMachine ApplyTransaction Thread - 0] INFO  bucket.OMBucketCreateRequest (OMBucketCreateRequest.java:validateAndUpdateCache(263)) - created bucket: buck-67149 of layout OBJECT_STORE in volume: vol-61221
2023-02-28 04:32:53,676 [OM StateMachine ApplyTransaction Thread - 0] INFO  bucket.OMBucketCreateRequest (OMBucketCreateRequest.java:validateAndUpdateCache(263)) - created bucket: buck-67149 of layout OBJECT_STORE in volume: vol-61221
2023-02-28 04:32:53,714 [OM StateMachine ApplyTransaction Thread - 0] INFO  snapshot.OMSnapshotCreateRequest (OMSnapshotCreateRequest.java:validateAndUpdateCache(180)) - Created snapshot 'snap46608' under path 'vol-61221/buck-67149'
2023-02-28 04:32:53,714 [OM StateMachine ApplyTransaction Thread - 0] INFO  snapshot.OMSnapshotCreateRequest (OMSnapshotCreateRequest.java:validateAndUpdateCache(180)) - Created snapshot 'snap46608' under path 'vol-61221/buck-67149'
2023-02-28 04:32:53,715 [OM StateMachine ApplyTransaction Thread - 0] INFO  snapshot.OMSnapshotCreateRequest (OMSnapshotCreateRequest.java:validateAndUpdateCache(180)) - Created snapshot 'snap46608' under path 'vol-61221/buck-67149'
2023-02-28 04:32:53,757 [OMDoubleBufferFlushThread] INFO  db.RDBCheckpointManager (RDBCheckpointManager.java:createCheckpoint(96)) - Created checkpoint in rocksDB at /home/runner/work/ozone/ozone/hadoop-ozone/integration-test/target/test-dir/MiniOzoneClusterImpl-f9e21395-1bcf-40d4-8edb-6f91c23aa5c2/omNode-3/db.snapshots/om.db-acc13b58-3c0e-4b02-ac4d-013270eeb1f5 in 39 milliseconds
2023-02-28 04:32:53,762 [OMDoubleBufferFlushThread] INFO  db.RDBCheckpointManager (RDBCheckpointManager.java:waitForCheckpointDirectoryExist(125)) - Waited for 5 milliseconds for checkpoint directory /home/runner/work/ozone/ozone/hadoop-ozone/integration-test/target/test-dir/MiniOzoneClusterImpl-f9e21395-1bcf-40d4-8edb-6f91c23aa5c2/omNode-3/db.snapshots/om.db-acc13b58-3c0e-4b02-ac4d-013270eeb1f5 availability.
2023-02-28 04:32:53,762 [OMDoubleBufferFlushThread] INFO  om.OmSnapshotManager (OmSnapshotManager.java:createOmSnapshotCheckpoint(163)) - Created checkpoint : /home/runner/work/ozone/ozone/hadoop-ozone/integration-test/target/test-dir/MiniOzoneClusterImpl-f9e21395-1bcf-40d4-8edb-6f91c23aa5c2/omNode-3/db.snapshots/om.db-acc13b58-3c0e-4b02-ac4d-013270eeb1f5 for snapshot snap46608
2023-02-28 04:32:53,768 [OMDoubleBufferFlushThread] INFO  db.RDBCheckpointManager (RDBCheckpointManager.java:createCheckpoint(96)) - Created checkpoint in rocksDB at /home/runner/work/ozone/ozone/hadoop-ozone/integration-test/target/test-dir/MiniOzoneClusterImpl-f9e21395-1bcf-40d4-8edb-6f91c23aa5c2/omNode-2/db.snapshots/om.db-acc13b58-3c0e-4b02-ac4d-013270eeb1f5 in 52 milliseconds
2023-02-28 04:32:53,769 [OMDoubleBufferFlushThread] INFO  db.RDBCheckpointManager (RDBCheckpointManager.java:waitForCheckpointDirectoryExist(125)) - Waited for 1 milliseconds for checkpoint directory /home/runner/work/ozone/ozone/hadoop-ozone/integration-test/target/test-dir/MiniOzoneClusterImpl-f9e21395-1bcf-40d4-8edb-6f91c23aa5c2/omNode-2/db.snapshots/om.db-acc13b58-3c0e-4b02-ac4d-013270eeb1f5 availability.
2023-02-28 04:32:53,769 [OMDoubleBufferFlushThread] INFO  om.OmSnapshotManager (OmSnapshotManager.java:createOmSnapshotCheckpoint(163)) - Created checkpoint : /home/runner/work/ozone/ozone/hadoop-ozone/integration-test/target/test-dir/MiniOzoneClusterImpl-f9e21395-1bcf-40d4-8edb-6f91c23aa5c2/omNode-2/db.snapshots/om.db-acc13b58-3c0e-4b02-ac4d-013270eeb1f5 for snapshot snap46608
2023-02-28 04:32:53,770 [OMDoubleBufferFlushThread] INFO  db.RDBCheckpointManager (RDBCheckpointManager.java:createCheckpoint(96)) - Created checkpoint in rocksDB at /home/runner/work/ozone/ozone/hadoop-ozone/integration-test/target/test-dir/MiniOzoneClusterImpl-f9e21395-1bcf-40d4-8edb-6f91c23aa5c2/omNode-1/db.snapshots/om.db-acc13b58-3c0e-4b02-ac4d-013270eeb1f5 in 52 milliseconds
2023-02-28 04:32:53,772 [OMDoubleBufferFlushThread] INFO  db.RDBCheckpointManager (RDBCheckpointManager.java:waitForCheckpointDirectoryExist(125)) - Waited for 2 milliseconds for checkpoint directory /home/runner/work/ozone/ozone/hadoop-ozone/integration-test/target/test-dir/MiniOzoneClusterImpl-f9e21395-1bcf-40d4-8edb-6f91c23aa5c2/omNode-1/db.snapshots/om.db-acc13b58-3c0e-4b02-ac4d-013270eeb1f5 availability.
2023-02-28 04:32:53,772 [OMDoubleBufferFlushThread] INFO  om.OmSnapshotManager (OmSnapshotManager.java:createOmSnapshotCheckpoint(163)) - Created checkpoint : /home/runner/work/ozone/ozone/hadoop-ozone/integration-test/target/test-dir/MiniOzoneClusterImpl-f9e21395-1bcf-40d4-8edb-6f91c23aa5c2/omNode-1/db.snapshots/om.db-acc13b58-3c0e-4b02-ac4d-013270eeb1f5 for snapshot snap46608
2023-02-28 04:32:54,719 [OM StateMachine ApplyTransaction Thread - 0] INFO  snapshot.OMSnapshotCreateRequest (OMSnapshotCreateRequest.java:validateAndUpdateCache(180)) - Created snapshot 'snap83800' under path 'vol-61221/buck-67149'
2023-02-28 04:32:54,721 [OM StateMachine ApplyTransaction Thread - 0] INFO  snapshot.OMSnapshotCreateRequest (OMSnapshotCreateRequest.java:validateAndUpdateCache(180)) - Created snapshot 'snap83800' under path 'vol-61221/buck-67149'
2023-02-28 04:32:54,722 [OM StateMachine ApplyTransaction Thread - 0] INFO  snapshot.OMSnapshotCreateRequest (OMSnapshotCreateRequest.java:validateAndUpdateCache(180)) - Created snapshot 'snap83800' under path 'vol-61221/buck-67149'
2023-02-28 04:32:54,735 [OMDoubleBufferFlushThread] INFO  db.RDBCheckpointManager (RDBCheckpointManager.java:createCheckpoint(96)) - Created checkpoint in rocksDB at /home/runner/work/ozone/ozone/hadoop-ozone/integration-test/target/test-dir/MiniOzoneClusterImpl-f9e21395-1bcf-40d4-8edb-6f91c23aa5c2/omNode-2/db.snapshots/om.db-728c1fdd-5c6e-425f-94f1-120712111d53 in 13 milliseconds
2023-02-28 04:32:54,735 [OMDoubleBufferFlushThread] INFO  db.RDBCheckpointManager (RDBCheckpointManager.java:createCheckpoint(96)) - Created checkpoint in rocksDB at /home/runner/work/ozone/ozone/hadoop-ozone/integration-test/target/test-dir/MiniOzoneClusterImpl-f9e21395-1bcf-40d4-8edb-6f91c23aa5c2/omNode-3/db.snapshots/om.db-728c1fdd-5c6e-425f-94f1-120712111d53 in 12 milliseconds
2023-02-28 04:32:54,735 [OMDoubleBufferFlushThread] INFO  db.RDBCheckpointManager (RDBCheckpointManager.java:waitForCheckpointDirectoryExist(125)) - Waited for 0 milliseconds for checkpoint directory /home/runner/work/ozone/ozone/hadoop-ozone/integration-test/target/test-dir/MiniOzoneClusterImpl-f9e21395-1bcf-40d4-8edb-6f91c23aa5c2/omNode-2/db.snapshots/om.db-728c1fdd-5c6e-425f-94f1-120712111d53 availability.
2023-02-28 04:32:54,736 [OMDoubleBufferFlushThread] INFO  om.OmSnapshotManager (OmSnapshotManager.java:createOmSnapshotCheckpoint(163)) - Created checkpoint : /home/runner/work/ozone/ozone/hadoop-ozone/integration-test/target/test-dir/MiniOzoneClusterImpl-f9e21395-1bcf-40d4-8edb-6f91c23aa5c2/omNode-2/db.snapshots/om.db-728c1fdd-5c6e-425f-94f1-120712111d53 for snapshot snap83800
2023-02-28 04:32:54,737 [OMDoubleBufferFlushThread] INFO  db.RDBCheckpointManager (RDBCheckpointManager.java:waitForCheckpointDirectoryExist(125)) - Waited for 2 milliseconds for checkpoint directory /home/runner/work/ozone/ozone/hadoop-ozone/integration-test/target/test-dir/MiniOzoneClusterImpl-f9e21395-1bcf-40d4-8edb-6f91c23aa5c2/omNode-3/db.snapshots/om.db-728c1fdd-5c6e-425f-94f1-120712111d53 availability.
2023-02-28 04:32:54,737 [OMDoubleBufferFlushThread] INFO  om.OmSnapshotManager (OmSnapshotManager.java:createOmSnapshotCheckpoint(163)) - Created checkpoint : /home/runner/work/ozone/ozone/hadoop-ozone/integration-test/target/test-dir/MiniOzoneClusterImpl-f9e21395-1bcf-40d4-8edb-6f91c23aa5c2/omNode-3/db.snapshots/om.db-728c1fdd-5c6e-425f-94f1-120712111d53 for snapshot snap83800
2023-02-28 04:32:54,739 [OMDoubleBufferFlushThread] INFO  db.RDBCheckpointManager (RDBCheckpointManager.java:createCheckpoint(96)) - Created checkpoint in rocksDB at /home/runner/work/ozone/ozone/hadoop-ozone/integration-test/target/test-dir/MiniOzoneClusterImpl-f9e21395-1bcf-40d4-8edb-6f91c23aa5c2/omNode-1/db.snapshots/om.db-728c1fdd-5c6e-425f-94f1-120712111d53 in 17 milliseconds
2023-02-28 04:32:54,740 [OMDoubleBufferFlushThread] INFO  db.RDBCheckpointManager (RDBCheckpointManager.java:waitForCheckpointDirectoryExist(125)) - Waited for 1 milliseconds for checkpoint directory /home/runner/work/ozone/ozone/hadoop-ozone/integration-test/target/test-dir/MiniOzoneClusterImpl-f9e21395-1bcf-40d4-8edb-6f91c23aa5c2/omNode-1/db.snapshots/om.db-728c1fdd-5c6e-425f-94f1-120712111d53 availability.
2023-02-28 04:32:54,740 [OMDoubleBufferFlushThread] INFO  om.OmSnapshotManager (OmSnapshotManager.java:createOmSnapshotCheckpoint(163)) - Created checkpoint : /home/runner/work/ozone/ozone/hadoop-ozone/integration-test/target/test-dir/MiniOzoneClusterImpl-f9e21395-1bcf-40d4-8edb-6f91c23aa5c2/omNode-1/db.snapshots/om.db-728c1fdd-5c6e-425f-94f1-120712111d53 for snapshot snap83800
2023-02-28 04:32:55,721 [IPC Server handler 18 on default port 40781] WARN  server.ServerUtils (ServerUtils.java:getDBPath(225)) - ozone.om.db.dirs is not configured. We recommend adding this setting. Falling back to ozone.metadata.dirs instead.
2023-02-28 04:32:55,722 [IPC Server handler 18 on default port 40781] INFO  codec.OmKeyInfoCodec (OmKeyInfoCodec.java:<init>(49)) - OmKeyInfoCodec ignorePipeline = true
2023-02-28 04:32:55,722 [IPC Server handler 18 on default port 40781] INFO  codec.RepeatedOmKeyInfoCodec (RepeatedOmKeyInfoCodec.java:<init>(41)) - RepeatedOmKeyInfoCodec ignorePipeline = true
2023-02-28 04:32:55,770 [IPC Server handler 18 on default port 40781] WARN  server.ServerUtils (ServerUtils.java:getDBPath(225)) - ozone.om.db.dirs is not configured. We recommend adding this setting. Falling back to ozone.metadata.dirs instead.
2023-02-28 04:32:55,770 [IPC Server handler 18 on default port 40781] INFO  codec.OmKeyInfoCodec (OmKeyInfoCodec.java:<init>(49)) - OmKeyInfoCodec ignorePipeline = true
2023-02-28 04:32:55,770 [IPC Server handler 18 on default port 40781] INFO  codec.RepeatedOmKeyInfoCodec (RepeatedOmKeyInfoCodec.java:<init>(41)) - RepeatedOmKeyInfoCodec ignorePipeline = true
2023-02-28 04:32:55,844 [IPC Server handler 18 on default port 40781] WARN  snapshot.SnapshotDiffManager (SnapshotDiffManager.java:getDeltaFiles(372)) - RocksDBCheckpointDiffer is not available, falling back to slow path
2023-02-28 04:32:55,970 [OM StateMachine ApplyTransaction Thread - 0] INFO  snapshot.OMSnapshotCreateRequest (OMSnapshotCreateRequest.java:validateAndUpdateCache(180)) - Created snapshot 'snap63734' under path 'vol-61221/buck-67149'
2023-02-28 04:32:55,972 [OM StateMachine ApplyTransaction Thread - 0] INFO  snapshot.OMSnapshotCreateRequest (OMSnapshotCreateRequest.java:validateAndUpdateCache(180)) - Created snapshot 'snap63734' under path 'vol-61221/buck-67149'
2023-02-28 04:32:55,973 [OM StateMachine ApplyTransaction Thread - 0] INFO  snapshot.OMSnapshotCreateRequest (OMSnapshotCreateRequest.java:validateAndUpdateCache(180)) - Created snapshot 'snap63734' under path 'vol-61221/buck-67149'
2023-02-28 04:32:55,999 [OMDoubleBufferFlushThread] INFO  db.RDBCheckpointManager (RDBCheckpointManager.java:createCheckpoint(96)) - Created checkpoint in rocksDB at /home/runner/work/ozone/ozone/hadoop-ozone/integration-test/target/test-dir/MiniOzoneClusterImpl-f9e21395-1bcf-40d4-8edb-6f91c23aa5c2/omNode-1/db.snapshots/om.db-f564048b-be76-4f57-adea-39c2b1264e56 in 27 milliseconds
2023-02-28 04:32:56,002 [OMDoubleBufferFlushThread] INFO  db.RDBCheckpointManager (RDBCheckpointManager.java:waitForCheckpointDirectoryExist(125)) - Waited for 3 milliseconds for checkpoint directory /home/runner/work/ozone/ozone/hadoop-ozone/integration-test/target/test-dir/MiniOzoneClusterImpl-f9e21395-1bcf-40d4-8edb-6f91c23aa5c2/omNode-1/db.snapshots/om.db-f564048b-be76-4f57-adea-39c2b1264e56 availability.
2023-02-28 04:32:56,002 [OMDoubleBufferFlushThread] INFO  om.OmSnapshotManager (OmSnapshotManager.java:createOmSnapshotCheckpoint(163)) - Created checkpoint : /home/runner/work/ozone/ozone/hadoop-ozone/integration-test/target/test-dir/MiniOzoneClusterImpl-f9e21395-1bcf-40d4-8edb-6f91c23aa5c2/omNode-1/db.snapshots/om.db-f564048b-be76-4f57-adea-39c2b1264e56 for snapshot snap63734
2023-02-28 04:32:56,007 [OMDoubleBufferFlushThread] INFO  db.RDBCheckpointManager (RDBCheckpointManager.java:createCheckpoint(96)) - Created checkpoint in rocksDB at /home/runner/work/ozone/ozone/hadoop-ozone/integration-test/target/test-dir/MiniOzoneClusterImpl-f9e21395-1bcf-40d4-8edb-6f91c23aa5c2/omNode-2/db.snapshots/om.db-f564048b-be76-4f57-adea-39c2b1264e56 in 33 milliseconds
2023-02-28 04:32:56,008 [OMDoubleBufferFlushThread] INFO  db.RDBCheckpointManager (RDBCheckpointManager.java:waitForCheckpointDirectoryExist(125)) - Waited for 1 milliseconds for checkpoint directory /home/runner/work/ozone/ozone/hadoop-ozone/integration-test/target/test-dir/MiniOzoneClusterImpl-f9e21395-1bcf-40d4-8edb-6f91c23aa5c2/omNode-2/db.snapshots/om.db-f564048b-be76-4f57-adea-39c2b1264e56 availability.
2023-02-28 04:32:56,008 [OMDoubleBufferFlushThread] INFO  om.OmSnapshotManager (OmSnapshotManager.java:createOmSnapshotCheckpoint(163)) - Created checkpoint : /home/runner/work/ozone/ozone/hadoop-ozone/integration-test/target/test-dir/MiniOzoneClusterImpl-f9e21395-1bcf-40d4-8edb-6f91c23aa5c2/omNode-2/db.snapshots/om.db-f564048b-be76-4f57-adea-39c2b1264e56 for snapshot snap63734
2023-02-28 04:32:56,008 [OMDoubleBufferFlushThread] INFO  db.RDBCheckpointManager (RDBCheckpointManager.java:createCheckpoint(96)) - Created checkpoint in rocksDB at /home/runner/work/ozone/ozone/hadoop-ozone/integration-test/target/test-dir/MiniOzoneClusterImpl-f9e21395-1bcf-40d4-8edb-6f91c23aa5c2/omNode-3/db.snapshots/om.db-f564048b-be76-4f57-adea-39c2b1264e56 in 33 milliseconds
2023-02-28 04:32:56,009 [OMDoubleBufferFlushThread] INFO  db.RDBCheckpointManager (RDBCheckpointManager.java:waitForCheckpointDirectoryExist(125)) - Waited for 1 milliseconds for checkpoint directory /home/runner/work/ozone/ozone/hadoop-ozone/integration-test/target/test-dir/MiniOzoneClusterImpl-f9e21395-1bcf-40d4-8edb-6f91c23aa5c2/omNode-3/db.snapshots/om.db-f564048b-be76-4f57-adea-39c2b1264e56 availability.
2023-02-28 04:32:56,009 [OMDoubleBufferFlushThread] INFO  om.OmSnapshotManager (OmSnapshotManager.java:createOmSnapshotCheckpoint(163)) - Created checkpoint : /home/runner/work/ozone/ozone/hadoop-ozone/integration-test/target/test-dir/MiniOzoneClusterImpl-f9e21395-1bcf-40d4-8edb-6f91c23aa5c2/omNode-3/db.snapshots/om.db-f564048b-be76-4f57-adea-39c2b1264e56 for snapshot snap63734
2023-02-28 04:32:56,972 [IPC Server handler 5 on default port 40781] WARN  server.ServerUtils (ServerUtils.java:getDBPath(225)) - ozone.om.db.dirs is not configured. We recommend adding this setting. Falling back to ozone.metadata.dirs instead.
2023-02-28 04:32:56,972 [IPC Server handler 5 on default port 40781] INFO  codec.OmKeyInfoCodec (OmKeyInfoCodec.java:<init>(49)) - OmKeyInfoCodec ignorePipeline = true
2023-02-28 04:32:56,973 [IPC Server handler 5 on default port 40781] INFO  codec.RepeatedOmKeyInfoCodec (RepeatedOmKeyInfoCodec.java:<init>(41)) - RepeatedOmKeyInfoCodec ignorePipeline = true
2023-02-28 04:32:57,140 [OM StateMachine ApplyTransaction Thread - 0] INFO  snapshot.OMSnapshotCreateRequest (OMSnapshotCreateRequest.java:validateAndUpdateCache(180)) - Created snapshot 'snap75597' under path 'vol-61221/buck-67149'
2023-02-28 04:32:57,141 [OM StateMachine ApplyTransaction Thread - 0] INFO  snapshot.OMSnapshotCreateRequest (OMSnapshotCreateRequest.java:validateAndUpdateCache(180)) - Created snapshot 'snap75597' under path 'vol-61221/buck-67149'
2023-02-28 04:32:57,143 [OM StateMachine ApplyTransaction Thread - 0] INFO  snapshot.OMSnapshotCreateRequest (OMSnapshotCreateRequest.java:validateAndUpdateCache(180)) - Created snapshot 'snap75597' under path 'vol-61221/buck-67149'
2023-02-28 04:32:57,158 [OMDoubleBufferFlushThread] INFO  db.RDBCheckpointManager (RDBCheckpointManager.java:createCheckpoint(96)) - Created checkpoint in rocksDB at /home/runner/work/ozone/ozone/hadoop-ozone/integration-test/target/test-dir/MiniOzoneClusterImpl-f9e21395-1bcf-40d4-8edb-6f91c23aa5c2/omNode-1/db.snapshots/om.db-de4a02c5-09bb-41e6-90ac-6aaeba98211b in 17 milliseconds
2023-02-28 04:32:57,162 [OMDoubleBufferFlushThread] INFO  db.RDBCheckpointManager (RDBCheckpointManager.java:waitForCheckpointDirectoryExist(125)) - Waited for 4 milliseconds for checkpoint directory /home/runner/work/ozone/ozone/hadoop-ozone/integration-test/target/test-dir/MiniOzoneClusterImpl-f9e21395-1bcf-40d4-8edb-6f91c23aa5c2/omNode-1/db.snapshots/om.db-de4a02c5-09bb-41e6-90ac-6aaeba98211b availability.
2023-02-28 04:32:57,162 [OMDoubleBufferFlushThread] INFO  om.OmSnapshotManager (OmSnapshotManager.java:createOmSnapshotCheckpoint(163)) - Created checkpoint : /home/runner/work/ozone/ozone/hadoop-ozone/integration-test/target/test-dir/MiniOzoneClusterImpl-f9e21395-1bcf-40d4-8edb-6f91c23aa5c2/omNode-1/db.snapshots/om.db-de4a02c5-09bb-41e6-90ac-6aaeba98211b for snapshot snap75597
2023-02-28 04:32:57,167 [OMDoubleBufferFlushThread] INFO  db.RDBCheckpointManager (RDBCheckpointManager.java:createCheckpoint(96)) - Created checkpoint in rocksDB at /home/runner/work/ozone/ozone/hadoop-ozone/integration-test/target/test-dir/MiniOzoneClusterImpl-f9e21395-1bcf-40d4-8edb-6f91c23aa5c2/omNode-3/db.snapshots/om.db-de4a02c5-09bb-41e6-90ac-6aaeba98211b in 24 milliseconds
2023-02-28 04:32:57,167 [OMDoubleBufferFlushThread] INFO  db.RDBCheckpointManager (RDBCheckpointManager.java:createCheckpoint(96)) - Created checkpoint in rocksDB at /home/runner/work/ozone/ozone/hadoop-ozone/integration-test/target/test-dir/MiniOzoneClusterImpl-f9e21395-1bcf-40d4-8edb-6f91c23aa5c2/omNode-2/db.snapshots/om.db-de4a02c5-09bb-41e6-90ac-6aaeba98211b in 22 milliseconds
2023-02-28 04:32:57,169 [OMDoubleBufferFlushThread] INFO  db.RDBCheckpointManager (RDBCheckpointManager.java:waitForCheckpointDirectoryExist(125)) - Waited for 2 milliseconds for checkpoint directory /home/runner/work/ozone/ozone/hadoop-ozone/integration-test/target/test-dir/MiniOzoneClusterImpl-f9e21395-1bcf-40d4-8edb-6f91c23aa5c2/omNode-3/db.snapshots/om.db-de4a02c5-09bb-41e6-90ac-6aaeba98211b availability.
2023-02-28 04:32:57,169 [OMDoubleBufferFlushThread] INFO  om.OmSnapshotManager (OmSnapshotManager.java:createOmSnapshotCheckpoint(163)) - Created checkpoint : /home/runner/work/ozone/ozone/hadoop-ozone/integration-test/target/test-dir/MiniOzoneClusterImpl-f9e21395-1bcf-40d4-8edb-6f91c23aa5c2/omNode-3/db.snapshots/om.db-de4a02c5-09bb-41e6-90ac-6aaeba98211b for snapshot snap75597
2023-02-28 04:32:57,170 [OMDoubleBufferFlushThread] INFO  db.RDBCheckpointManager (RDBCheckpointManager.java:waitForCheckpointDirectoryExist(125)) - Waited for 3 milliseconds for checkpoint directory /home/runner/work/ozone/ozone/hadoop-ozone/integration-test/target/test-dir/MiniOzoneClusterImpl-f9e21395-1bcf-40d4-8edb-6f91c23aa5c2/omNode-2/db.snapshots/om.db-de4a02c5-09bb-41e6-90ac-6aaeba98211b availability.
2023-02-28 04:32:57,170 [OMDoubleBufferFlushThread] INFO  om.OmSnapshotManager (OmSnapshotManager.java:createOmSnapshotCheckpoint(163)) - Created checkpoint : /home/runner/work/ozone/ozone/hadoop-ozone/integration-test/target/test-dir/MiniOzoneClusterImpl-f9e21395-1bcf-40d4-8edb-6f91c23aa5c2/omNode-2/db.snapshots/om.db-de4a02c5-09bb-41e6-90ac-6aaeba98211b for snapshot snap75597
2023-02-28 04:32:58,142 [IPC Server handler 4 on default port 40781] WARN  server.ServerUtils (ServerUtils.java:getDBPath(225)) - ozone.om.db.dirs is not configured. We recommend adding this setting. Falling back to ozone.metadata.dirs instead.
2023-02-28 04:32:58,143 [IPC Server handler 4 on default port 40781] INFO  codec.OmKeyInfoCodec (OmKeyInfoCodec.java:<init>(49)) - OmKeyInfoCodec ignorePipeline = true
2023-02-28 04:32:58,143 [IPC Server handler 4 on default port 40781] INFO  codec.RepeatedOmKeyInfoCodec (RepeatedOmKeyInfoCodec.java:<init>(41)) - RepeatedOmKeyInfoCodec ignorePipeline = true
2023-02-28 04:32:58,302 [OM StateMachine ApplyTransaction Thread - 0] INFO  snapshot.OMSnapshotCreateRequest (OMSnapshotCreateRequest.java:validateAndUpdateCache(180)) - Created snapshot 'snap94325' under path 'vol-61221/buck-67149'
2023-02-28 04:32:58,302 [OM StateMachine ApplyTransaction Thread - 0] INFO  snapshot.OMSnapshotCreateRequest (OMSnapshotCreateRequest.java:validateAndUpdateCache(180)) - Created snapshot 'snap94325' under path 'vol-61221/buck-67149'
2023-02-28 04:32:58,303 [OM StateMachine ApplyTransaction Thread - 0] INFO  snapshot.OMSnapshotCreateRequest (OMSnapshotCreateRequest.java:validateAndUpdateCache(180)) - Created snapshot 'snap94325' under path 'vol-61221/buck-67149'
2023-02-28 04:32:58,326 [OMDoubleBufferFlushThread] INFO  db.RDBCheckpointManager (RDBCheckpointManager.java:createCheckpoint(96)) - Created checkpoint in rocksDB at /home/runner/work/ozone/ozone/hadoop-ozone/integration-test/target/test-dir/MiniOzoneClusterImpl-f9e21395-1bcf-40d4-8edb-6f91c23aa5c2/omNode-3/db.snapshots/om.db-2ec33f64-a441-4e12-905f-6b4262ae1945 in 22 milliseconds
2023-02-28 04:32:58,326 [OMDoubleBufferFlushThread] INFO  db.RDBCheckpointManager (RDBCheckpointManager.java:waitForCheckpointDirectoryExist(125)) - Waited for 0 milliseconds for checkpoint directory /home/runner/work/ozone/ozone/hadoop-ozone/integration-test/target/test-dir/MiniOzoneClusterImpl-f9e21395-1bcf-40d4-8edb-6f91c23aa5c2/omNode-3/db.snapshots/om.db-2ec33f64-a441-4e12-905f-6b4262ae1945 availability.
2023-02-28 04:32:58,327 [OMDoubleBufferFlushThread] INFO  om.OmSnapshotManager (OmSnapshotManager.java:createOmSnapshotCheckpoint(163)) - Created checkpoint : /home/runner/work/ozone/ozone/hadoop-ozone/integration-test/target/test-dir/MiniOzoneClusterImpl-f9e21395-1bcf-40d4-8edb-6f91c23aa5c2/omNode-3/db.snapshots/om.db-2ec33f64-a441-4e12-905f-6b4262ae1945 for snapshot snap94325
2023-02-28 04:32:58,327 [OMDoubleBufferFlushThread] INFO  db.RDBCheckpointManager (RDBCheckpointManager.java:createCheckpoint(96)) - Created checkpoint in rocksDB at /home/runner/work/ozone/ozone/hadoop-ozone/integration-test/target/test-dir/MiniOzoneClusterImpl-f9e21395-1bcf-40d4-8edb-6f91c23aa5c2/omNode-2/db.snapshots/om.db-2ec33f64-a441-4e12-905f-6b4262ae1945 in 23 milliseconds
2023-02-28 04:32:58,328 [OMDoubleBufferFlushThread] INFO  db.RDBCheckpointManager (RDBCheckpointManager.java:createCheckpoint(96)) - Created checkpoint in rocksDB at /home/runner/work/ozone/ozone/hadoop-ozone/integration-test/target/test-dir/MiniOzoneClusterImpl-f9e21395-1bcf-40d4-8edb-6f91c23aa5c2/omNode-1/db.snapshots/om.db-2ec33f64-a441-4e12-905f-6b4262ae1945 in 25 milliseconds
2023-02-28 04:32:58,329 [OMDoubleBufferFlushThread] INFO  db.RDBCheckpointManager (RDBCheckpointManager.java:waitForCheckpointDirectoryExist(125)) - Waited for 2 milliseconds for checkpoint directory /home/runner/work/ozone/ozone/hadoop-ozone/integration-test/target/test-dir/MiniOzoneClusterImpl-f9e21395-1bcf-40d4-8edb-6f91c23aa5c2/omNode-2/db.snapshots/om.db-2ec33f64-a441-4e12-905f-6b4262ae1945 availability.
2023-02-28 04:32:58,329 [OMDoubleBufferFlushThread] INFO  om.OmSnapshotManager (OmSnapshotManager.java:createOmSnapshotCheckpoint(163)) - Created checkpoint : /home/runner/work/ozone/ozone/hadoop-ozone/integration-test/target/test-dir/MiniOzoneClusterImpl-f9e21395-1bcf-40d4-8edb-6f91c23aa5c2/omNode-2/db.snapshots/om.db-2ec33f64-a441-4e12-905f-6b4262ae1945 for snapshot snap94325
2023-02-28 04:32:58,330 [OMDoubleBufferFlushThread] INFO  db.RDBCheckpointManager (RDBCheckpointManager.java:waitForCheckpointDirectoryExist(125)) - Waited for 1 milliseconds for checkpoint directory /home/runner/work/ozone/ozone/hadoop-ozone/integration-test/target/test-dir/MiniOzoneClusterImpl-f9e21395-1bcf-40d4-8edb-6f91c23aa5c2/omNode-1/db.snapshots/om.db-2ec33f64-a441-4e12-905f-6b4262ae1945 availability.
2023-02-28 04:32:58,330 [OMDoubleBufferFlushThread] INFO  om.OmSnapshotManager (OmSnapshotManager.java:createOmSnapshotCheckpoint(163)) - Created checkpoint : /home/runner/work/ozone/ozone/hadoop-ozone/integration-test/target/test-dir/MiniOzoneClusterImpl-f9e21395-1bcf-40d4-8edb-6f91c23aa5c2/omNode-1/db.snapshots/om.db-2ec33f64-a441-4e12-905f-6b4262ae1945 for snapshot snap94325
2023-02-28 04:32:59,305 [IPC Server handler 1 on default port 40781] WARN  server.ServerUtils (ServerUtils.java:getDBPath(225)) - ozone.om.db.dirs is not configured. We recommend adding this setting. Falling back to ozone.metadata.dirs instead.
2023-02-28 04:32:59,305 [IPC Server handler 1 on default port 40781] INFO  codec.OmKeyInfoCodec (OmKeyInfoCodec.java:<init>(49)) - OmKeyInfoCodec ignorePipeline = true
2023-02-28 04:32:59,305 [IPC Server handler 1 on default port 40781] INFO  codec.RepeatedOmKeyInfoCodec (RepeatedOmKeyInfoCodec.java:<init>(41)) - RepeatedOmKeyInfoCodec ignorePipeline = true
]]></system-out>
  </testcase>
  <testcase name="testSnapDiff" classname="TestOmSnapshot" time="5.593">
    <system-out><![CDATA[2023-02-28 04:33:45,517 [Time-limited test] INFO  rpc.RpcClient (RpcClient.java:createVolume(476)) - Creating Volume: vol-30547, with runner as owner and space quota set to -1 bytes, counts quota set to -1
2023-02-28 04:33:45,519 [OM StateMachine ApplyTransaction Thread - 0] INFO  volume.OMVolumeCreateRequest (OMVolumeCreateRequest.java:validateAndUpdateCache(195)) - created volume:vol-30547 for user:runner
2023-02-28 04:33:45,520 [OM StateMachine ApplyTransaction Thread - 0] INFO  volume.OMVolumeCreateRequest (OMVolumeCreateRequest.java:validateAndUpdateCache(195)) - created volume:vol-30547 for user:runner
2023-02-28 04:33:45,521 [OM StateMachine ApplyTransaction Thread - 0] INFO  volume.OMVolumeCreateRequest (OMVolumeCreateRequest.java:validateAndUpdateCache(195)) - created volume:vol-30547 for user:runner
2023-02-28 04:33:45,522 [Time-limited test] INFO  rpc.RpcClient (RpcClient.java:createBucket(698)) - Creating Bucket: vol-30547/buck-59685, with server-side default bucket layout, runner as owner, Versioning false, Storage Type set to DISK and Encryption set to false, Replication Type set to server-side default replication type, Namespace Quota set to -1, Space Quota set to -1 
2023-02-28 04:33:45,523 [OM StateMachine ApplyTransaction Thread - 0] INFO  bucket.OMBucketCreateRequest (OMBucketCreateRequest.java:validateAndUpdateCache(263)) - created bucket: buck-59685 of layout FILE_SYSTEM_OPTIMIZED in volume: vol-30547
2023-02-28 04:33:45,524 [OM StateMachine ApplyTransaction Thread - 0] INFO  bucket.OMBucketCreateRequest (OMBucketCreateRequest.java:validateAndUpdateCache(263)) - created bucket: buck-59685 of layout FILE_SYSTEM_OPTIMIZED in volume: vol-30547
2023-02-28 04:33:45,524 [OM StateMachine ApplyTransaction Thread - 0] INFO  bucket.OMBucketCreateRequest (OMBucketCreateRequest.java:validateAndUpdateCache(263)) - created bucket: buck-59685 of layout FILE_SYSTEM_OPTIMIZED in volume: vol-30547
2023-02-28 04:33:45,547 [OM StateMachine ApplyTransaction Thread - 0] INFO  snapshot.OMSnapshotCreateRequest (OMSnapshotCreateRequest.java:validateAndUpdateCache(180)) - Created snapshot 'snap65973' under path 'vol-30547/buck-59685'
2023-02-28 04:33:45,548 [OM StateMachine ApplyTransaction Thread - 0] INFO  snapshot.OMSnapshotCreateRequest (OMSnapshotCreateRequest.java:validateAndUpdateCache(180)) - Created snapshot 'snap65973' under path 'vol-30547/buck-59685'
2023-02-28 04:33:45,549 [OM StateMachine ApplyTransaction Thread - 0] INFO  snapshot.OMSnapshotCreateRequest (OMSnapshotCreateRequest.java:validateAndUpdateCache(180)) - Created snapshot 'snap65973' under path 'vol-30547/buck-59685'
2023-02-28 04:33:45,582 [OMDoubleBufferFlushThread] INFO  db.RDBCheckpointManager (RDBCheckpointManager.java:createCheckpoint(96)) - Created checkpoint in rocksDB at /home/runner/work/ozone/ozone/hadoop-ozone/integration-test/target/test-dir/MiniOzoneClusterImpl-2052965b-440d-4b09-b4b3-db311f243d80/omNode-2/db.snapshots/om.db-738aa34a-c38a-42d7-b6c0-bad82d57625c in 32 milliseconds
2023-02-28 04:33:45,587 [OMDoubleBufferFlushThread] INFO  db.RDBCheckpointManager (RDBCheckpointManager.java:waitForCheckpointDirectoryExist(125)) - Waited for 5 milliseconds for checkpoint directory /home/runner/work/ozone/ozone/hadoop-ozone/integration-test/target/test-dir/MiniOzoneClusterImpl-2052965b-440d-4b09-b4b3-db311f243d80/omNode-2/db.snapshots/om.db-738aa34a-c38a-42d7-b6c0-bad82d57625c availability.
2023-02-28 04:33:45,587 [OMDoubleBufferFlushThread] INFO  om.OmSnapshotManager (OmSnapshotManager.java:createOmSnapshotCheckpoint(163)) - Created checkpoint : /home/runner/work/ozone/ozone/hadoop-ozone/integration-test/target/test-dir/MiniOzoneClusterImpl-2052965b-440d-4b09-b4b3-db311f243d80/omNode-2/db.snapshots/om.db-738aa34a-c38a-42d7-b6c0-bad82d57625c for snapshot snap65973
2023-02-28 04:33:45,592 [OMDoubleBufferFlushThread] INFO  db.RDBCheckpointManager (RDBCheckpointManager.java:createCheckpoint(96)) - Created checkpoint in rocksDB at /home/runner/work/ozone/ozone/hadoop-ozone/integration-test/target/test-dir/MiniOzoneClusterImpl-2052965b-440d-4b09-b4b3-db311f243d80/omNode-1/db.snapshots/om.db-738aa34a-c38a-42d7-b6c0-bad82d57625c in 43 milliseconds
2023-02-28 04:33:45,593 [OMDoubleBufferFlushThread] INFO  db.RDBCheckpointManager (RDBCheckpointManager.java:createCheckpoint(96)) - Created checkpoint in rocksDB at /home/runner/work/ozone/ozone/hadoop-ozone/integration-test/target/test-dir/MiniOzoneClusterImpl-2052965b-440d-4b09-b4b3-db311f243d80/omNode-3/db.snapshots/om.db-738aa34a-c38a-42d7-b6c0-bad82d57625c in 42 milliseconds
2023-02-28 04:33:45,601 [OMDoubleBufferFlushThread] INFO  db.RDBCheckpointManager (RDBCheckpointManager.java:waitForCheckpointDirectoryExist(125)) - Waited for 9 milliseconds for checkpoint directory /home/runner/work/ozone/ozone/hadoop-ozone/integration-test/target/test-dir/MiniOzoneClusterImpl-2052965b-440d-4b09-b4b3-db311f243d80/omNode-1/db.snapshots/om.db-738aa34a-c38a-42d7-b6c0-bad82d57625c availability.
2023-02-28 04:33:45,601 [OMDoubleBufferFlushThread] INFO  om.OmSnapshotManager (OmSnapshotManager.java:createOmSnapshotCheckpoint(163)) - Created checkpoint : /home/runner/work/ozone/ozone/hadoop-ozone/integration-test/target/test-dir/MiniOzoneClusterImpl-2052965b-440d-4b09-b4b3-db311f243d80/omNode-1/db.snapshots/om.db-738aa34a-c38a-42d7-b6c0-bad82d57625c for snapshot snap65973
2023-02-28 04:33:45,602 [OMDoubleBufferFlushThread] INFO  db.RDBCheckpointManager (RDBCheckpointManager.java:waitForCheckpointDirectoryExist(125)) - Waited for 9 milliseconds for checkpoint directory /home/runner/work/ozone/ozone/hadoop-ozone/integration-test/target/test-dir/MiniOzoneClusterImpl-2052965b-440d-4b09-b4b3-db311f243d80/omNode-3/db.snapshots/om.db-738aa34a-c38a-42d7-b6c0-bad82d57625c availability.
2023-02-28 04:33:45,602 [OMDoubleBufferFlushThread] INFO  om.OmSnapshotManager (OmSnapshotManager.java:createOmSnapshotCheckpoint(163)) - Created checkpoint : /home/runner/work/ozone/ozone/hadoop-ozone/integration-test/target/test-dir/MiniOzoneClusterImpl-2052965b-440d-4b09-b4b3-db311f243d80/omNode-3/db.snapshots/om.db-738aa34a-c38a-42d7-b6c0-bad82d57625c for snapshot snap65973
2023-02-28 04:33:46,363 [EndpointStateMachine task thread for /0.0.0.0:41617 - 0 ] INFO  ipc.Client (Client.java:handleConnectionFailure(1010)) - Retrying connect to server: 0.0.0.0/0.0.0.0:41617. Already tried 10 time(s); retry policy is RetryUpToMaximumCountWithFixedSleep(maxRetries=15, sleepTime=1000 MILLISECONDS)
2023-02-28 04:33:46,551 [OM StateMachine ApplyTransaction Thread - 0] INFO  snapshot.OMSnapshotCreateRequest (OMSnapshotCreateRequest.java:validateAndUpdateCache(180)) - Created snapshot 'snap04190' under path 'vol-30547/buck-59685'
2023-02-28 04:33:46,552 [OM StateMachine ApplyTransaction Thread - 0] INFO  snapshot.OMSnapshotCreateRequest (OMSnapshotCreateRequest.java:validateAndUpdateCache(180)) - Created snapshot 'snap04190' under path 'vol-30547/buck-59685'
2023-02-28 04:33:46,552 [OM StateMachine ApplyTransaction Thread - 0] INFO  snapshot.OMSnapshotCreateRequest (OMSnapshotCreateRequest.java:validateAndUpdateCache(180)) - Created snapshot 'snap04190' under path 'vol-30547/buck-59685'
2023-02-28 04:33:46,570 [OMDoubleBufferFlushThread] INFO  db.RDBCheckpointManager (RDBCheckpointManager.java:createCheckpoint(96)) - Created checkpoint in rocksDB at /home/runner/work/ozone/ozone/hadoop-ozone/integration-test/target/test-dir/MiniOzoneClusterImpl-2052965b-440d-4b09-b4b3-db311f243d80/omNode-3/db.snapshots/om.db-19f9906a-d908-4afb-ac0e-73520ac6759c in 15 milliseconds
2023-02-28 04:33:46,570 [OMDoubleBufferFlushThread] INFO  db.RDBCheckpointManager (RDBCheckpointManager.java:waitForCheckpointDirectoryExist(125)) - Waited for 0 milliseconds for checkpoint directory /home/runner/work/ozone/ozone/hadoop-ozone/integration-test/target/test-dir/MiniOzoneClusterImpl-2052965b-440d-4b09-b4b3-db311f243d80/omNode-3/db.snapshots/om.db-19f9906a-d908-4afb-ac0e-73520ac6759c availability.
2023-02-28 04:33:46,571 [OMDoubleBufferFlushThread] INFO  om.OmSnapshotManager (OmSnapshotManager.java:createOmSnapshotCheckpoint(163)) - Created checkpoint : /home/runner/work/ozone/ozone/hadoop-ozone/integration-test/target/test-dir/MiniOzoneClusterImpl-2052965b-440d-4b09-b4b3-db311f243d80/omNode-3/db.snapshots/om.db-19f9906a-d908-4afb-ac0e-73520ac6759c for snapshot snap04190
2023-02-28 04:33:46,571 [OMDoubleBufferFlushThread] INFO  db.RDBCheckpointManager (RDBCheckpointManager.java:createCheckpoint(96)) - Created checkpoint in rocksDB at /home/runner/work/ozone/ozone/hadoop-ozone/integration-test/target/test-dir/MiniOzoneClusterImpl-2052965b-440d-4b09-b4b3-db311f243d80/omNode-2/db.snapshots/om.db-19f9906a-d908-4afb-ac0e-73520ac6759c in 16 milliseconds
2023-02-28 04:33:46,571 [OMDoubleBufferFlushThread] INFO  db.RDBCheckpointManager (RDBCheckpointManager.java:waitForCheckpointDirectoryExist(125)) - Waited for 0 milliseconds for checkpoint directory /home/runner/work/ozone/ozone/hadoop-ozone/integration-test/target/test-dir/MiniOzoneClusterImpl-2052965b-440d-4b09-b4b3-db311f243d80/omNode-2/db.snapshots/om.db-19f9906a-d908-4afb-ac0e-73520ac6759c availability.
2023-02-28 04:33:46,571 [OMDoubleBufferFlushThread] INFO  om.OmSnapshotManager (OmSnapshotManager.java:createOmSnapshotCheckpoint(163)) - Created checkpoint : /home/runner/work/ozone/ozone/hadoop-ozone/integration-test/target/test-dir/MiniOzoneClusterImpl-2052965b-440d-4b09-b4b3-db311f243d80/omNode-2/db.snapshots/om.db-19f9906a-d908-4afb-ac0e-73520ac6759c for snapshot snap04190
2023-02-28 04:33:46,571 [OMDoubleBufferFlushThread] INFO  db.RDBCheckpointManager (RDBCheckpointManager.java:createCheckpoint(96)) - Created checkpoint in rocksDB at /home/runner/work/ozone/ozone/hadoop-ozone/integration-test/target/test-dir/MiniOzoneClusterImpl-2052965b-440d-4b09-b4b3-db311f243d80/omNode-1/db.snapshots/om.db-19f9906a-d908-4afb-ac0e-73520ac6759c in 17 milliseconds
2023-02-28 04:33:46,572 [OMDoubleBufferFlushThread] INFO  db.RDBCheckpointManager (RDBCheckpointManager.java:waitForCheckpointDirectoryExist(125)) - Waited for 1 milliseconds for checkpoint directory /home/runner/work/ozone/ozone/hadoop-ozone/integration-test/target/test-dir/MiniOzoneClusterImpl-2052965b-440d-4b09-b4b3-db311f243d80/omNode-1/db.snapshots/om.db-19f9906a-d908-4afb-ac0e-73520ac6759c availability.
2023-02-28 04:33:46,572 [OMDoubleBufferFlushThread] INFO  om.OmSnapshotManager (OmSnapshotManager.java:createOmSnapshotCheckpoint(163)) - Created checkpoint : /home/runner/work/ozone/ozone/hadoop-ozone/integration-test/target/test-dir/MiniOzoneClusterImpl-2052965b-440d-4b09-b4b3-db311f243d80/omNode-1/db.snapshots/om.db-19f9906a-d908-4afb-ac0e-73520ac6759c for snapshot snap04190
2023-02-28 04:33:47,363 [EndpointStateMachine task thread for /0.0.0.0:41617 - 0 ] INFO  ipc.Client (Client.java:handleConnectionFailure(1010)) - Retrying connect to server: 0.0.0.0/0.0.0.0:41617. Already tried 11 time(s); retry policy is RetryUpToMaximumCountWithFixedSleep(maxRetries=15, sleepTime=1000 MILLISECONDS)
2023-02-28 04:33:47,553 [IPC Server handler 0 on default port 46183] WARN  server.ServerUtils (ServerUtils.java:getDBPath(225)) - ozone.om.db.dirs is not configured. We recommend adding this setting. Falling back to ozone.metadata.dirs instead.
2023-02-28 04:33:47,553 [IPC Server handler 0 on default port 46183] INFO  codec.OmKeyInfoCodec (OmKeyInfoCodec.java:<init>(49)) - OmKeyInfoCodec ignorePipeline = true
2023-02-28 04:33:47,553 [IPC Server handler 0 on default port 46183] INFO  codec.RepeatedOmKeyInfoCodec (RepeatedOmKeyInfoCodec.java:<init>(41)) - RepeatedOmKeyInfoCodec ignorePipeline = true
2023-02-28 04:33:47,580 [IPC Server handler 0 on default port 46183] WARN  server.ServerUtils (ServerUtils.java:getDBPath(225)) - ozone.om.db.dirs is not configured. We recommend adding this setting. Falling back to ozone.metadata.dirs instead.
2023-02-28 04:33:47,581 [IPC Server handler 0 on default port 46183] INFO  codec.OmKeyInfoCodec (OmKeyInfoCodec.java:<init>(49)) - OmKeyInfoCodec ignorePipeline = true
2023-02-28 04:33:47,581 [IPC Server handler 0 on default port 46183] INFO  codec.RepeatedOmKeyInfoCodec (RepeatedOmKeyInfoCodec.java:<init>(41)) - RepeatedOmKeyInfoCodec ignorePipeline = true
2023-02-28 04:33:47,622 [IPC Server handler 0 on default port 46183] WARN  snapshot.SnapshotDiffManager (SnapshotDiffManager.java:getDeltaFiles(372)) - RocksDBCheckpointDiffer is not available, falling back to slow path
2023-02-28 04:33:47,640 [IPC Server handler 0 on default port 46183] WARN  snapshot.SnapshotDiffManager (SnapshotDiffManager.java:getDeltaFiles(372)) - RocksDBCheckpointDiffer is not available, falling back to slow path
2023-02-28 04:33:47,728 [OM StateMachine ApplyTransaction Thread - 0] INFO  snapshot.OMSnapshotCreateRequest (OMSnapshotCreateRequest.java:validateAndUpdateCache(180)) - Created snapshot 'snap10149' under path 'vol-30547/buck-59685'
2023-02-28 04:33:47,729 [OM StateMachine ApplyTransaction Thread - 0] INFO  snapshot.OMSnapshotCreateRequest (OMSnapshotCreateRequest.java:validateAndUpdateCache(180)) - Created snapshot 'snap10149' under path 'vol-30547/buck-59685'
2023-02-28 04:33:47,729 [OM StateMachine ApplyTransaction Thread - 0] INFO  snapshot.OMSnapshotCreateRequest (OMSnapshotCreateRequest.java:validateAndUpdateCache(180)) - Created snapshot 'snap10149' under path 'vol-30547/buck-59685'
2023-02-28 04:33:47,758 [OMDoubleBufferFlushThread] INFO  db.RDBCheckpointManager (RDBCheckpointManager.java:createCheckpoint(96)) - Created checkpoint in rocksDB at /home/runner/work/ozone/ozone/hadoop-ozone/integration-test/target/test-dir/MiniOzoneClusterImpl-2052965b-440d-4b09-b4b3-db311f243d80/omNode-1/db.snapshots/om.db-b7b3ad7f-9879-4a4e-8e48-9d5b6a9e43ed in 29 milliseconds
2023-02-28 04:33:47,759 [OMDoubleBufferFlushThread] INFO  db.RDBCheckpointManager (RDBCheckpointManager.java:waitForCheckpointDirectoryExist(125)) - Waited for 1 milliseconds for checkpoint directory /home/runner/work/ozone/ozone/hadoop-ozone/integration-test/target/test-dir/MiniOzoneClusterImpl-2052965b-440d-4b09-b4b3-db311f243d80/omNode-1/db.snapshots/om.db-b7b3ad7f-9879-4a4e-8e48-9d5b6a9e43ed availability.
2023-02-28 04:33:47,759 [OMDoubleBufferFlushThread] INFO  db.RDBCheckpointManager (RDBCheckpointManager.java:createCheckpoint(96)) - Created checkpoint in rocksDB at /home/runner/work/ozone/ozone/hadoop-ozone/integration-test/target/test-dir/MiniOzoneClusterImpl-2052965b-440d-4b09-b4b3-db311f243d80/omNode-2/db.snapshots/om.db-b7b3ad7f-9879-4a4e-8e48-9d5b6a9e43ed in 28 milliseconds
2023-02-28 04:33:47,759 [OMDoubleBufferFlushThread] INFO  om.OmSnapshotManager (OmSnapshotManager.java:createOmSnapshotCheckpoint(163)) - Created checkpoint : /home/runner/work/ozone/ozone/hadoop-ozone/integration-test/target/test-dir/MiniOzoneClusterImpl-2052965b-440d-4b09-b4b3-db311f243d80/omNode-1/db.snapshots/om.db-b7b3ad7f-9879-4a4e-8e48-9d5b6a9e43ed for snapshot snap10149
2023-02-28 04:33:47,762 [OMDoubleBufferFlushThread] INFO  db.RDBCheckpointManager (RDBCheckpointManager.java:waitForCheckpointDirectoryExist(125)) - Waited for 3 milliseconds for checkpoint directory /home/runner/work/ozone/ozone/hadoop-ozone/integration-test/target/test-dir/MiniOzoneClusterImpl-2052965b-440d-4b09-b4b3-db311f243d80/omNode-2/db.snapshots/om.db-b7b3ad7f-9879-4a4e-8e48-9d5b6a9e43ed availability.
2023-02-28 04:33:47,762 [OMDoubleBufferFlushThread] INFO  om.OmSnapshotManager (OmSnapshotManager.java:createOmSnapshotCheckpoint(163)) - Created checkpoint : /home/runner/work/ozone/ozone/hadoop-ozone/integration-test/target/test-dir/MiniOzoneClusterImpl-2052965b-440d-4b09-b4b3-db311f243d80/omNode-2/db.snapshots/om.db-b7b3ad7f-9879-4a4e-8e48-9d5b6a9e43ed for snapshot snap10149
2023-02-28 04:33:47,765 [OMDoubleBufferFlushThread] INFO  db.RDBCheckpointManager (RDBCheckpointManager.java:createCheckpoint(96)) - Created checkpoint in rocksDB at /home/runner/work/ozone/ozone/hadoop-ozone/integration-test/target/test-dir/MiniOzoneClusterImpl-2052965b-440d-4b09-b4b3-db311f243d80/omNode-3/db.snapshots/om.db-b7b3ad7f-9879-4a4e-8e48-9d5b6a9e43ed in 35 milliseconds
2023-02-28 04:33:47,765 [OMDoubleBufferFlushThread] INFO  db.RDBCheckpointManager (RDBCheckpointManager.java:waitForCheckpointDirectoryExist(125)) - Waited for 0 milliseconds for checkpoint directory /home/runner/work/ozone/ozone/hadoop-ozone/integration-test/target/test-dir/MiniOzoneClusterImpl-2052965b-440d-4b09-b4b3-db311f243d80/omNode-3/db.snapshots/om.db-b7b3ad7f-9879-4a4e-8e48-9d5b6a9e43ed availability.
2023-02-28 04:33:47,765 [OMDoubleBufferFlushThread] INFO  om.OmSnapshotManager (OmSnapshotManager.java:createOmSnapshotCheckpoint(163)) - Created checkpoint : /home/runner/work/ozone/ozone/hadoop-ozone/integration-test/target/test-dir/MiniOzoneClusterImpl-2052965b-440d-4b09-b4b3-db311f243d80/omNode-3/db.snapshots/om.db-b7b3ad7f-9879-4a4e-8e48-9d5b6a9e43ed for snapshot snap10149
2023-02-28 04:33:48,364 [EndpointStateMachine task thread for /0.0.0.0:41617 - 0 ] INFO  ipc.Client (Client.java:handleConnectionFailure(1010)) - Retrying connect to server: 0.0.0.0/0.0.0.0:41617. Already tried 12 time(s); retry policy is RetryUpToMaximumCountWithFixedSleep(maxRetries=15, sleepTime=1000 MILLISECONDS)
2023-02-28 04:33:48,729 [IPC Server handler 5 on default port 46183] WARN  server.ServerUtils (ServerUtils.java:getDBPath(225)) - ozone.om.db.dirs is not configured. We recommend adding this setting. Falling back to ozone.metadata.dirs instead.
2023-02-28 04:33:48,729 [IPC Server handler 5 on default port 46183] INFO  codec.OmKeyInfoCodec (OmKeyInfoCodec.java:<init>(49)) - OmKeyInfoCodec ignorePipeline = true
2023-02-28 04:33:48,729 [IPC Server handler 5 on default port 46183] INFO  codec.RepeatedOmKeyInfoCodec (RepeatedOmKeyInfoCodec.java:<init>(41)) - RepeatedOmKeyInfoCodec ignorePipeline = true
2023-02-28 04:33:48,861 [OM StateMachine ApplyTransaction Thread - 0] INFO  snapshot.OMSnapshotCreateRequest (OMSnapshotCreateRequest.java:validateAndUpdateCache(180)) - Created snapshot 'snap60428' under path 'vol-30547/buck-59685'
2023-02-28 04:33:48,861 [OM StateMachine ApplyTransaction Thread - 0] INFO  snapshot.OMSnapshotCreateRequest (OMSnapshotCreateRequest.java:validateAndUpdateCache(180)) - Created snapshot 'snap60428' under path 'vol-30547/buck-59685'
2023-02-28 04:33:48,862 [OM StateMachine ApplyTransaction Thread - 0] INFO  snapshot.OMSnapshotCreateRequest (OMSnapshotCreateRequest.java:validateAndUpdateCache(180)) - Created snapshot 'snap60428' under path 'vol-30547/buck-59685'
2023-02-28 04:33:48,886 [OMDoubleBufferFlushThread] INFO  db.RDBCheckpointManager (RDBCheckpointManager.java:createCheckpoint(96)) - Created checkpoint in rocksDB at /home/runner/work/ozone/ozone/hadoop-ozone/integration-test/target/test-dir/MiniOzoneClusterImpl-2052965b-440d-4b09-b4b3-db311f243d80/omNode-2/db.snapshots/om.db-2b4dd966-6463-4220-8c7f-2bb1cfa2b476 in 23 milliseconds
2023-02-28 04:33:48,886 [OMDoubleBufferFlushThread] INFO  db.RDBCheckpointManager (RDBCheckpointManager.java:waitForCheckpointDirectoryExist(125)) - Waited for 0 milliseconds for checkpoint directory /home/runner/work/ozone/ozone/hadoop-ozone/integration-test/target/test-dir/MiniOzoneClusterImpl-2052965b-440d-4b09-b4b3-db311f243d80/omNode-2/db.snapshots/om.db-2b4dd966-6463-4220-8c7f-2bb1cfa2b476 availability.
2023-02-28 04:33:48,886 [OMDoubleBufferFlushThread] INFO  om.OmSnapshotManager (OmSnapshotManager.java:createOmSnapshotCheckpoint(163)) - Created checkpoint : /home/runner/work/ozone/ozone/hadoop-ozone/integration-test/target/test-dir/MiniOzoneClusterImpl-2052965b-440d-4b09-b4b3-db311f243d80/omNode-2/db.snapshots/om.db-2b4dd966-6463-4220-8c7f-2bb1cfa2b476 for snapshot snap60428
2023-02-28 04:33:48,889 [OMDoubleBufferFlushThread] INFO  db.RDBCheckpointManager (RDBCheckpointManager.java:createCheckpoint(96)) - Created checkpoint in rocksDB at /home/runner/work/ozone/ozone/hadoop-ozone/integration-test/target/test-dir/MiniOzoneClusterImpl-2052965b-440d-4b09-b4b3-db311f243d80/omNode-3/db.snapshots/om.db-2b4dd966-6463-4220-8c7f-2bb1cfa2b476 in 26 milliseconds
2023-02-28 04:33:48,890 [OMDoubleBufferFlushThread] INFO  db.RDBCheckpointManager (RDBCheckpointManager.java:waitForCheckpointDirectoryExist(125)) - Waited for 0 milliseconds for checkpoint directory /home/runner/work/ozone/ozone/hadoop-ozone/integration-test/target/test-dir/MiniOzoneClusterImpl-2052965b-440d-4b09-b4b3-db311f243d80/omNode-3/db.snapshots/om.db-2b4dd966-6463-4220-8c7f-2bb1cfa2b476 availability.
2023-02-28 04:33:48,890 [OMDoubleBufferFlushThread] INFO  om.OmSnapshotManager (OmSnapshotManager.java:createOmSnapshotCheckpoint(163)) - Created checkpoint : /home/runner/work/ozone/ozone/hadoop-ozone/integration-test/target/test-dir/MiniOzoneClusterImpl-2052965b-440d-4b09-b4b3-db311f243d80/omNode-3/db.snapshots/om.db-2b4dd966-6463-4220-8c7f-2bb1cfa2b476 for snapshot snap60428
2023-02-28 04:33:48,892 [OMDoubleBufferFlushThread] INFO  db.RDBCheckpointManager (RDBCheckpointManager.java:createCheckpoint(96)) - Created checkpoint in rocksDB at /home/runner/work/ozone/ozone/hadoop-ozone/integration-test/target/test-dir/MiniOzoneClusterImpl-2052965b-440d-4b09-b4b3-db311f243d80/omNode-1/db.snapshots/om.db-2b4dd966-6463-4220-8c7f-2bb1cfa2b476 in 29 milliseconds
2023-02-28 04:33:48,893 [OMDoubleBufferFlushThread] INFO  db.RDBCheckpointManager (RDBCheckpointManager.java:waitForCheckpointDirectoryExist(125)) - Waited for 1 milliseconds for checkpoint directory /home/runner/work/ozone/ozone/hadoop-ozone/integration-test/target/test-dir/MiniOzoneClusterImpl-2052965b-440d-4b09-b4b3-db311f243d80/omNode-1/db.snapshots/om.db-2b4dd966-6463-4220-8c7f-2bb1cfa2b476 availability.
2023-02-28 04:33:48,893 [OMDoubleBufferFlushThread] INFO  om.OmSnapshotManager (OmSnapshotManager.java:createOmSnapshotCheckpoint(163)) - Created checkpoint : /home/runner/work/ozone/ozone/hadoop-ozone/integration-test/target/test-dir/MiniOzoneClusterImpl-2052965b-440d-4b09-b4b3-db311f243d80/omNode-1/db.snapshots/om.db-2b4dd966-6463-4220-8c7f-2bb1cfa2b476 for snapshot snap60428
2023-02-28 04:33:49,364 [EndpointStateMachine task thread for /0.0.0.0:41617 - 0 ] INFO  ipc.Client (Client.java:handleConnectionFailure(1010)) - Retrying connect to server: 0.0.0.0/0.0.0.0:41617. Already tried 13 time(s); retry policy is RetryUpToMaximumCountWithFixedSleep(maxRetries=15, sleepTime=1000 MILLISECONDS)
2023-02-28 04:33:49,863 [IPC Server handler 9 on default port 46183] WARN  server.ServerUtils (ServerUtils.java:getDBPath(225)) - ozone.om.db.dirs is not configured. We recommend adding this setting. Falling back to ozone.metadata.dirs instead.
2023-02-28 04:33:49,863 [IPC Server handler 9 on default port 46183] INFO  codec.OmKeyInfoCodec (OmKeyInfoCodec.java:<init>(49)) - OmKeyInfoCodec ignorePipeline = true
2023-02-28 04:33:49,863 [IPC Server handler 9 on default port 46183] INFO  codec.RepeatedOmKeyInfoCodec (RepeatedOmKeyInfoCodec.java:<init>(41)) - RepeatedOmKeyInfoCodec ignorePipeline = true
2023-02-28 04:33:49,996 [OM StateMachine ApplyTransaction Thread - 0] INFO  snapshot.OMSnapshotCreateRequest (OMSnapshotCreateRequest.java:validateAndUpdateCache(180)) - Created snapshot 'snap86704' under path 'vol-30547/buck-59685'
2023-02-28 04:33:49,996 [OM StateMachine ApplyTransaction Thread - 0] INFO  snapshot.OMSnapshotCreateRequest (OMSnapshotCreateRequest.java:validateAndUpdateCache(180)) - Created snapshot 'snap86704' under path 'vol-30547/buck-59685'
2023-02-28 04:33:49,997 [OM StateMachine ApplyTransaction Thread - 0] INFO  snapshot.OMSnapshotCreateRequest (OMSnapshotCreateRequest.java:validateAndUpdateCache(180)) - Created snapshot 'snap86704' under path 'vol-30547/buck-59685'
2023-02-28 04:33:50,018 [OMDoubleBufferFlushThread] INFO  db.RDBCheckpointManager (RDBCheckpointManager.java:createCheckpoint(96)) - Created checkpoint in rocksDB at /home/runner/work/ozone/ozone/hadoop-ozone/integration-test/target/test-dir/MiniOzoneClusterImpl-2052965b-440d-4b09-b4b3-db311f243d80/omNode-3/db.snapshots/om.db-40fc27ba-f4cd-4331-85e4-ecac85c5efbf in 17 milliseconds
2023-02-28 04:33:50,022 [OMDoubleBufferFlushThread] INFO  db.RDBCheckpointManager (RDBCheckpointManager.java:waitForCheckpointDirectoryExist(125)) - Waited for 4 milliseconds for checkpoint directory /home/runner/work/ozone/ozone/hadoop-ozone/integration-test/target/test-dir/MiniOzoneClusterImpl-2052965b-440d-4b09-b4b3-db311f243d80/omNode-3/db.snapshots/om.db-40fc27ba-f4cd-4331-85e4-ecac85c5efbf availability.
2023-02-28 04:33:50,022 [OMDoubleBufferFlushThread] INFO  om.OmSnapshotManager (OmSnapshotManager.java:createOmSnapshotCheckpoint(163)) - Created checkpoint : /home/runner/work/ozone/ozone/hadoop-ozone/integration-test/target/test-dir/MiniOzoneClusterImpl-2052965b-440d-4b09-b4b3-db311f243d80/omNode-3/db.snapshots/om.db-40fc27ba-f4cd-4331-85e4-ecac85c5efbf for snapshot snap86704
2023-02-28 04:33:50,030 [OMDoubleBufferFlushThread] INFO  db.RDBCheckpointManager (RDBCheckpointManager.java:createCheckpoint(96)) - Created checkpoint in rocksDB at /home/runner/work/ozone/ozone/hadoop-ozone/integration-test/target/test-dir/MiniOzoneClusterImpl-2052965b-440d-4b09-b4b3-db311f243d80/omNode-2/db.snapshots/om.db-40fc27ba-f4cd-4331-85e4-ecac85c5efbf in 29 milliseconds
2023-02-28 04:33:50,030 [OMDoubleBufferFlushThread] INFO  db.RDBCheckpointManager (RDBCheckpointManager.java:createCheckpoint(96)) - Created checkpoint in rocksDB at /home/runner/work/ozone/ozone/hadoop-ozone/integration-test/target/test-dir/MiniOzoneClusterImpl-2052965b-440d-4b09-b4b3-db311f243d80/omNode-1/db.snapshots/om.db-40fc27ba-f4cd-4331-85e4-ecac85c5efbf in 27 milliseconds
2023-02-28 04:33:50,036 [OMDoubleBufferFlushThread] INFO  db.RDBCheckpointManager (RDBCheckpointManager.java:waitForCheckpointDirectoryExist(125)) - Waited for 6 milliseconds for checkpoint directory /home/runner/work/ozone/ozone/hadoop-ozone/integration-test/target/test-dir/MiniOzoneClusterImpl-2052965b-440d-4b09-b4b3-db311f243d80/omNode-2/db.snapshots/om.db-40fc27ba-f4cd-4331-85e4-ecac85c5efbf availability.
2023-02-28 04:33:50,036 [OMDoubleBufferFlushThread] INFO  om.OmSnapshotManager (OmSnapshotManager.java:createOmSnapshotCheckpoint(163)) - Created checkpoint : /home/runner/work/ozone/ozone/hadoop-ozone/integration-test/target/test-dir/MiniOzoneClusterImpl-2052965b-440d-4b09-b4b3-db311f243d80/omNode-2/db.snapshots/om.db-40fc27ba-f4cd-4331-85e4-ecac85c5efbf for snapshot snap86704
2023-02-28 04:33:50,036 [OMDoubleBufferFlushThread] INFO  db.RDBCheckpointManager (RDBCheckpointManager.java:waitForCheckpointDirectoryExist(125)) - Waited for 6 milliseconds for checkpoint directory /home/runner/work/ozone/ozone/hadoop-ozone/integration-test/target/test-dir/MiniOzoneClusterImpl-2052965b-440d-4b09-b4b3-db311f243d80/omNode-1/db.snapshots/om.db-40fc27ba-f4cd-4331-85e4-ecac85c5efbf availability.
2023-02-28 04:33:50,036 [OMDoubleBufferFlushThread] INFO  om.OmSnapshotManager (OmSnapshotManager.java:createOmSnapshotCheckpoint(163)) - Created checkpoint : /home/runner/work/ozone/ozone/hadoop-ozone/integration-test/target/test-dir/MiniOzoneClusterImpl-2052965b-440d-4b09-b4b3-db311f243d80/omNode-1/db.snapshots/om.db-40fc27ba-f4cd-4331-85e4-ecac85c5efbf for snapshot snap86704
2023-02-28 04:33:50,365 [EndpointStateMachine task thread for /0.0.0.0:41617 - 0 ] INFO  ipc.Client (Client.java:handleConnectionFailure(1010)) - Retrying connect to server: 0.0.0.0/0.0.0.0:41617. Already tried 14 time(s); retry policy is RetryUpToMaximumCountWithFixedSleep(maxRetries=15, sleepTime=1000 MILLISECONDS)
2023-02-28 04:33:50,998 [IPC Server handler 11 on default port 46183] WARN  server.ServerUtils (ServerUtils.java:getDBPath(225)) - ozone.om.db.dirs is not configured. We recommend adding this setting. Falling back to ozone.metadata.dirs instead.
2023-02-28 04:33:50,999 [IPC Server handler 11 on default port 46183] INFO  codec.OmKeyInfoCodec (OmKeyInfoCodec.java:<init>(49)) - OmKeyInfoCodec ignorePipeline = true
2023-02-28 04:33:50,999 [IPC Server handler 11 on default port 46183] INFO  codec.RepeatedOmKeyInfoCodec (RepeatedOmKeyInfoCodec.java:<init>(41)) - RepeatedOmKeyInfoCodec ignorePipeline = true
]]></system-out>
  </testcase>
  <testcase name="testSnapDiff" classname="TestOmSnapshot" time="5.517">
    <system-out><![CDATA[2023-02-28 04:34:35,439 [Time-limited test] INFO  rpc.RpcClient (RpcClient.java:createVolume(476)) - Creating Volume: vol-22971, with runner as owner and space quota set to -1 bytes, counts quota set to -1
2023-02-28 04:34:35,440 [OM StateMachine ApplyTransaction Thread - 0] INFO  volume.OMVolumeCreateRequest (OMVolumeCreateRequest.java:validateAndUpdateCache(195)) - created volume:vol-22971 for user:runner
2023-02-28 04:34:35,443 [OM StateMachine ApplyTransaction Thread - 0] INFO  volume.OMVolumeCreateRequest (OMVolumeCreateRequest.java:validateAndUpdateCache(195)) - created volume:vol-22971 for user:runner
2023-02-28 04:34:35,443 [OM StateMachine ApplyTransaction Thread - 0] INFO  volume.OMVolumeCreateRequest (OMVolumeCreateRequest.java:validateAndUpdateCache(195)) - created volume:vol-22971 for user:runner
2023-02-28 04:34:35,444 [Time-limited test] INFO  rpc.RpcClient (RpcClient.java:createBucket(698)) - Creating Bucket: vol-22971/buck-61588, with server-side default bucket layout, runner as owner, Versioning false, Storage Type set to DISK and Encryption set to false, Replication Type set to server-side default replication type, Namespace Quota set to -1, Space Quota set to -1 
2023-02-28 04:34:35,445 [OM StateMachine ApplyTransaction Thread - 0] INFO  bucket.OMBucketCreateRequest (OMBucketCreateRequest.java:validateAndUpdateCache(263)) - created bucket: buck-61588 of layout LEGACY in volume: vol-22971
2023-02-28 04:34:35,450 [OM StateMachine ApplyTransaction Thread - 0] INFO  bucket.OMBucketCreateRequest (OMBucketCreateRequest.java:validateAndUpdateCache(263)) - created bucket: buck-61588 of layout LEGACY in volume: vol-22971
2023-02-28 04:34:35,450 [OM StateMachine ApplyTransaction Thread - 0] INFO  bucket.OMBucketCreateRequest (OMBucketCreateRequest.java:validateAndUpdateCache(263)) - created bucket: buck-61588 of layout LEGACY in volume: vol-22971
2023-02-28 04:34:35,466 [OM StateMachine ApplyTransaction Thread - 0] INFO  snapshot.OMSnapshotCreateRequest (OMSnapshotCreateRequest.java:validateAndUpdateCache(180)) - Created snapshot 'snap16229' under path 'vol-22971/buck-61588'
2023-02-28 04:34:35,467 [OM StateMachine ApplyTransaction Thread - 0] INFO  snapshot.OMSnapshotCreateRequest (OMSnapshotCreateRequest.java:validateAndUpdateCache(180)) - Created snapshot 'snap16229' under path 'vol-22971/buck-61588'
2023-02-28 04:34:35,467 [OM StateMachine ApplyTransaction Thread - 0] INFO  snapshot.OMSnapshotCreateRequest (OMSnapshotCreateRequest.java:validateAndUpdateCache(180)) - Created snapshot 'snap16229' under path 'vol-22971/buck-61588'
2023-02-28 04:34:35,501 [OMDoubleBufferFlushThread] INFO  db.RDBCheckpointManager (RDBCheckpointManager.java:createCheckpoint(96)) - Created checkpoint in rocksDB at /home/runner/work/ozone/ozone/hadoop-ozone/integration-test/target/test-dir/MiniOzoneClusterImpl-0c3862ae-9f43-41f5-9e7d-509225cf1f3d/omNode-1/db.snapshots/om.db-69a3e523-edcb-482d-a800-599a9cfdcd62 in 33 milliseconds
2023-02-28 04:34:35,501 [OMDoubleBufferFlushThread] INFO  db.RDBCheckpointManager (RDBCheckpointManager.java:waitForCheckpointDirectoryExist(125)) - Waited for 0 milliseconds for checkpoint directory /home/runner/work/ozone/ozone/hadoop-ozone/integration-test/target/test-dir/MiniOzoneClusterImpl-0c3862ae-9f43-41f5-9e7d-509225cf1f3d/omNode-1/db.snapshots/om.db-69a3e523-edcb-482d-a800-599a9cfdcd62 availability.
2023-02-28 04:34:35,501 [OMDoubleBufferFlushThread] INFO  om.OmSnapshotManager (OmSnapshotManager.java:createOmSnapshotCheckpoint(163)) - Created checkpoint : /home/runner/work/ozone/ozone/hadoop-ozone/integration-test/target/test-dir/MiniOzoneClusterImpl-0c3862ae-9f43-41f5-9e7d-509225cf1f3d/omNode-1/db.snapshots/om.db-69a3e523-edcb-482d-a800-599a9cfdcd62 for snapshot snap16229
2023-02-28 04:34:35,510 [OMDoubleBufferFlushThread] INFO  db.RDBCheckpointManager (RDBCheckpointManager.java:createCheckpoint(96)) - Created checkpoint in rocksDB at /home/runner/work/ozone/ozone/hadoop-ozone/integration-test/target/test-dir/MiniOzoneClusterImpl-0c3862ae-9f43-41f5-9e7d-509225cf1f3d/omNode-2/db.snapshots/om.db-69a3e523-edcb-482d-a800-599a9cfdcd62 in 41 milliseconds
2023-02-28 04:34:35,510 [OMDoubleBufferFlushThread] INFO  db.RDBCheckpointManager (RDBCheckpointManager.java:waitForCheckpointDirectoryExist(125)) - Waited for 0 milliseconds for checkpoint directory /home/runner/work/ozone/ozone/hadoop-ozone/integration-test/target/test-dir/MiniOzoneClusterImpl-0c3862ae-9f43-41f5-9e7d-509225cf1f3d/omNode-2/db.snapshots/om.db-69a3e523-edcb-482d-a800-599a9cfdcd62 availability.
2023-02-28 04:34:35,510 [OMDoubleBufferFlushThread] INFO  om.OmSnapshotManager (OmSnapshotManager.java:createOmSnapshotCheckpoint(163)) - Created checkpoint : /home/runner/work/ozone/ozone/hadoop-ozone/integration-test/target/test-dir/MiniOzoneClusterImpl-0c3862ae-9f43-41f5-9e7d-509225cf1f3d/omNode-2/db.snapshots/om.db-69a3e523-edcb-482d-a800-599a9cfdcd62 for snapshot snap16229
2023-02-28 04:34:35,515 [OMDoubleBufferFlushThread] INFO  db.RDBCheckpointManager (RDBCheckpointManager.java:createCheckpoint(96)) - Created checkpoint in rocksDB at /home/runner/work/ozone/ozone/hadoop-ozone/integration-test/target/test-dir/MiniOzoneClusterImpl-0c3862ae-9f43-41f5-9e7d-509225cf1f3d/omNode-3/db.snapshots/om.db-69a3e523-edcb-482d-a800-599a9cfdcd62 in 45 milliseconds
2023-02-28 04:34:35,515 [OMDoubleBufferFlushThread] INFO  db.RDBCheckpointManager (RDBCheckpointManager.java:waitForCheckpointDirectoryExist(125)) - Waited for 0 milliseconds for checkpoint directory /home/runner/work/ozone/ozone/hadoop-ozone/integration-test/target/test-dir/MiniOzoneClusterImpl-0c3862ae-9f43-41f5-9e7d-509225cf1f3d/omNode-3/db.snapshots/om.db-69a3e523-edcb-482d-a800-599a9cfdcd62 availability.
2023-02-28 04:34:35,516 [OMDoubleBufferFlushThread] INFO  om.OmSnapshotManager (OmSnapshotManager.java:createOmSnapshotCheckpoint(163)) - Created checkpoint : /home/runner/work/ozone/ozone/hadoop-ozone/integration-test/target/test-dir/MiniOzoneClusterImpl-0c3862ae-9f43-41f5-9e7d-509225cf1f3d/omNode-3/db.snapshots/om.db-69a3e523-edcb-482d-a800-599a9cfdcd62 for snapshot snap16229
2023-02-28 04:34:36,469 [OM StateMachine ApplyTransaction Thread - 0] INFO  snapshot.OMSnapshotCreateRequest (OMSnapshotCreateRequest.java:validateAndUpdateCache(180)) - Created snapshot 'snap86958' under path 'vol-22971/buck-61588'
2023-02-28 04:34:36,470 [OM StateMachine ApplyTransaction Thread - 0] INFO  snapshot.OMSnapshotCreateRequest (OMSnapshotCreateRequest.java:validateAndUpdateCache(180)) - Created snapshot 'snap86958' under path 'vol-22971/buck-61588'
2023-02-28 04:34:36,471 [OM StateMachine ApplyTransaction Thread - 0] INFO  snapshot.OMSnapshotCreateRequest (OMSnapshotCreateRequest.java:validateAndUpdateCache(180)) - Created snapshot 'snap86958' under path 'vol-22971/buck-61588'
2023-02-28 04:34:36,482 [OMDoubleBufferFlushThread] INFO  db.RDBCheckpointManager (RDBCheckpointManager.java:createCheckpoint(96)) - Created checkpoint in rocksDB at /home/runner/work/ozone/ozone/hadoop-ozone/integration-test/target/test-dir/MiniOzoneClusterImpl-0c3862ae-9f43-41f5-9e7d-509225cf1f3d/omNode-1/db.snapshots/om.db-d34e3da2-bc12-42da-a6cc-6027a2910296 in 12 milliseconds
2023-02-28 04:34:36,483 [OMDoubleBufferFlushThread] INFO  db.RDBCheckpointManager (RDBCheckpointManager.java:waitForCheckpointDirectoryExist(125)) - Waited for 0 milliseconds for checkpoint directory /home/runner/work/ozone/ozone/hadoop-ozone/integration-test/target/test-dir/MiniOzoneClusterImpl-0c3862ae-9f43-41f5-9e7d-509225cf1f3d/omNode-1/db.snapshots/om.db-d34e3da2-bc12-42da-a6cc-6027a2910296 availability.
2023-02-28 04:34:36,483 [OMDoubleBufferFlushThread] INFO  om.OmSnapshotManager (OmSnapshotManager.java:createOmSnapshotCheckpoint(163)) - Created checkpoint : /home/runner/work/ozone/ozone/hadoop-ozone/integration-test/target/test-dir/MiniOzoneClusterImpl-0c3862ae-9f43-41f5-9e7d-509225cf1f3d/omNode-1/db.snapshots/om.db-d34e3da2-bc12-42da-a6cc-6027a2910296 for snapshot snap86958
2023-02-28 04:34:36,484 [OMDoubleBufferFlushThread] INFO  db.RDBCheckpointManager (RDBCheckpointManager.java:createCheckpoint(96)) - Created checkpoint in rocksDB at /home/runner/work/ozone/ozone/hadoop-ozone/integration-test/target/test-dir/MiniOzoneClusterImpl-0c3862ae-9f43-41f5-9e7d-509225cf1f3d/omNode-2/db.snapshots/om.db-d34e3da2-bc12-42da-a6cc-6027a2910296 in 12 milliseconds
2023-02-28 04:34:36,484 [OMDoubleBufferFlushThread] INFO  db.RDBCheckpointManager (RDBCheckpointManager.java:createCheckpoint(96)) - Created checkpoint in rocksDB at /home/runner/work/ozone/ozone/hadoop-ozone/integration-test/target/test-dir/MiniOzoneClusterImpl-0c3862ae-9f43-41f5-9e7d-509225cf1f3d/omNode-3/db.snapshots/om.db-d34e3da2-bc12-42da-a6cc-6027a2910296 in 12 milliseconds
2023-02-28 04:34:36,484 [OMDoubleBufferFlushThread] INFO  db.RDBCheckpointManager (RDBCheckpointManager.java:waitForCheckpointDirectoryExist(125)) - Waited for 0 milliseconds for checkpoint directory /home/runner/work/ozone/ozone/hadoop-ozone/integration-test/target/test-dir/MiniOzoneClusterImpl-0c3862ae-9f43-41f5-9e7d-509225cf1f3d/omNode-2/db.snapshots/om.db-d34e3da2-bc12-42da-a6cc-6027a2910296 availability.
2023-02-28 04:34:36,484 [OMDoubleBufferFlushThread] INFO  om.OmSnapshotManager (OmSnapshotManager.java:createOmSnapshotCheckpoint(163)) - Created checkpoint : /home/runner/work/ozone/ozone/hadoop-ozone/integration-test/target/test-dir/MiniOzoneClusterImpl-0c3862ae-9f43-41f5-9e7d-509225cf1f3d/omNode-2/db.snapshots/om.db-d34e3da2-bc12-42da-a6cc-6027a2910296 for snapshot snap86958
2023-02-28 04:34:36,484 [OMDoubleBufferFlushThread] INFO  db.RDBCheckpointManager (RDBCheckpointManager.java:waitForCheckpointDirectoryExist(125)) - Waited for 0 milliseconds for checkpoint directory /home/runner/work/ozone/ozone/hadoop-ozone/integration-test/target/test-dir/MiniOzoneClusterImpl-0c3862ae-9f43-41f5-9e7d-509225cf1f3d/omNode-3/db.snapshots/om.db-d34e3da2-bc12-42da-a6cc-6027a2910296 availability.
2023-02-28 04:34:36,484 [OMDoubleBufferFlushThread] INFO  om.OmSnapshotManager (OmSnapshotManager.java:createOmSnapshotCheckpoint(163)) - Created checkpoint : /home/runner/work/ozone/ozone/hadoop-ozone/integration-test/target/test-dir/MiniOzoneClusterImpl-0c3862ae-9f43-41f5-9e7d-509225cf1f3d/omNode-3/db.snapshots/om.db-d34e3da2-bc12-42da-a6cc-6027a2910296 for snapshot snap86958
2023-02-28 04:34:37,472 [IPC Server handler 12 on default port 43485] WARN  server.ServerUtils (ServerUtils.java:getDBPath(225)) - ozone.om.db.dirs is not configured. We recommend adding this setting. Falling back to ozone.metadata.dirs instead.
2023-02-28 04:34:37,472 [IPC Server handler 12 on default port 43485] INFO  codec.OmKeyInfoCodec (OmKeyInfoCodec.java:<init>(49)) - OmKeyInfoCodec ignorePipeline = true
2023-02-28 04:34:37,472 [IPC Server handler 12 on default port 43485] INFO  codec.RepeatedOmKeyInfoCodec (RepeatedOmKeyInfoCodec.java:<init>(41)) - RepeatedOmKeyInfoCodec ignorePipeline = true
2023-02-28 04:34:37,491 [IPC Server handler 12 on default port 43485] WARN  server.ServerUtils (ServerUtils.java:getDBPath(225)) - ozone.om.db.dirs is not configured. We recommend adding this setting. Falling back to ozone.metadata.dirs instead.
2023-02-28 04:34:37,491 [IPC Server handler 12 on default port 43485] INFO  codec.OmKeyInfoCodec (OmKeyInfoCodec.java:<init>(49)) - OmKeyInfoCodec ignorePipeline = true
2023-02-28 04:34:37,491 [IPC Server handler 12 on default port 43485] INFO  codec.RepeatedOmKeyInfoCodec (RepeatedOmKeyInfoCodec.java:<init>(41)) - RepeatedOmKeyInfoCodec ignorePipeline = true
2023-02-28 04:34:37,538 [IPC Server handler 12 on default port 43485] WARN  snapshot.SnapshotDiffManager (SnapshotDiffManager.java:getDeltaFiles(372)) - RocksDBCheckpointDiffer is not available, falling back to slow path
2023-02-28 04:34:37,612 [OM StateMachine ApplyTransaction Thread - 0] INFO  snapshot.OMSnapshotCreateRequest (OMSnapshotCreateRequest.java:validateAndUpdateCache(180)) - Created snapshot 'snap24526' under path 'vol-22971/buck-61588'
2023-02-28 04:34:37,613 [OM StateMachine ApplyTransaction Thread - 0] INFO  snapshot.OMSnapshotCreateRequest (OMSnapshotCreateRequest.java:validateAndUpdateCache(180)) - Created snapshot 'snap24526' under path 'vol-22971/buck-61588'
2023-02-28 04:34:37,614 [OM StateMachine ApplyTransaction Thread - 0] INFO  snapshot.OMSnapshotCreateRequest (OMSnapshotCreateRequest.java:validateAndUpdateCache(180)) - Created snapshot 'snap24526' under path 'vol-22971/buck-61588'
2023-02-28 04:34:38,016 [JvmPauseMonitor15] WARN  util.JvmPauseMonitor (JvmPauseMonitor.java:detectPause(126)) - JvmPauseMonitor-59b3d1af-192e-46e6-851e-ebaa0e10d9fe: Detected pause in JVM or host machine (eg GC): pause of approximately 183579390ns.
GC pool 'PS MarkSweep' had collection(s): count=1 time=253ms
GC pool 'PS Scavenge' had collection(s): count=1 time=137ms
2023-02-28 04:34:38,016 [Finalizer] WARN  managed.ManagedRocksObjectUtils (ManagedRocksObjectUtils.java:assertClosed(54)) - RocksIterator is not closed properly
2023-02-28 04:34:38,016 [Finalizer] WARN  managed.ManagedRocksObjectUtils (ManagedRocksObjectUtils.java:assertClosed(54)) - RocksIterator is not closed properly
2023-02-28 04:34:38,016 [Finalizer] WARN  managed.ManagedRocksObjectUtils (ManagedRocksObjectUtils.java:assertClosed(54)) - RocksIterator is not closed properly
2023-02-28 04:34:38,016 [Finalizer] WARN  managed.ManagedRocksObjectUtils (ManagedRocksObjectUtils.java:assertClosed(54)) - RocksIterator is not closed properly
2023-02-28 04:34:38,016 [Finalizer] WARN  managed.ManagedRocksObjectUtils (ManagedRocksObjectUtils.java:assertClosed(54)) - RocksIterator is not closed properly
2023-02-28 04:34:38,016 [Finalizer] WARN  managed.ManagedRocksObjectUtils (ManagedRocksObjectUtils.java:assertClosed(54)) - RocksIterator is not closed properly
2023-02-28 04:34:38,016 [Finalizer] WARN  managed.ManagedRocksObjectUtils (ManagedRocksObjectUtils.java:assertClosed(54)) - ManagedColumnFamilyOptions is not closed properly
2023-02-28 04:34:38,016 [Finalizer] WARN  managed.ManagedRocksObjectUtils (ManagedRocksObjectUtils.java:assertClosed(54)) - ManagedColumnFamilyOptions is not closed properly
2023-02-28 04:34:38,016 [Finalizer] WARN  managed.ManagedRocksObjectUtils (ManagedRocksObjectUtils.java:assertClosed(54)) - ManagedColumnFamilyOptions is not closed properly
2023-02-28 04:34:38,016 [Finalizer] WARN  managed.ManagedRocksObjectUtils (ManagedRocksObjectUtils.java:assertClosed(54)) - ManagedColumnFamilyOptions is not closed properly
2023-02-28 04:34:38,016 [Finalizer] WARN  managed.ManagedRocksObjectUtils (ManagedRocksObjectUtils.java:assertClosed(54)) - ManagedColumnFamilyOptions is not closed properly
2023-02-28 04:34:38,016 [Finalizer] WARN  managed.ManagedRocksObjectUtils (ManagedRocksObjectUtils.java:assertClosed(54)) - ManagedColumnFamilyOptions is not closed properly
2023-02-28 04:34:38,016 [Finalizer] WARN  managed.ManagedRocksObjectUtils (ManagedRocksObjectUtils.java:assertClosed(54)) - ManagedColumnFamilyOptions is not closed properly
2023-02-28 04:34:38,016 [Finalizer] WARN  managed.ManagedRocksObjectUtils (ManagedRocksObjectUtils.java:assertClosed(54)) - ManagedColumnFamilyOptions is not closed properly
2023-02-28 04:34:38,018 [Finalizer] WARN  managed.ManagedRocksObjectUtils (ManagedRocksObjectUtils.java:assertClosed(54)) - RocksIterator is not closed properly
2023-02-28 04:34:38,018 [Finalizer] WARN  managed.ManagedRocksObjectUtils (ManagedRocksObjectUtils.java:assertClosed(54)) - RocksIterator is not closed properly
2023-02-28 04:34:38,018 [Finalizer] WARN  managed.ManagedRocksObjectUtils (ManagedRocksObjectUtils.java:assertClosed(54)) - RocksIterator is not closed properly
2023-02-28 04:34:38,018 [Finalizer] WARN  managed.ManagedRocksObjectUtils (ManagedRocksObjectUtils.java:assertClosed(54)) - RocksIterator is not closed properly
2023-02-28 04:34:38,018 [Finalizer] WARN  managed.ManagedRocksObjectUtils (ManagedRocksObjectUtils.java:assertClosed(54)) - RocksIterator is not closed properly
2023-02-28 04:34:38,018 [Finalizer] WARN  managed.ManagedRocksObjectUtils (ManagedRocksObjectUtils.java:assertClosed(54)) - RocksIterator is not closed properly
2023-02-28 04:34:38,018 [Finalizer] WARN  managed.ManagedRocksObjectUtils (ManagedRocksObjectUtils.java:assertClosed(54)) - ManagedColumnFamilyOptions is not closed properly
2023-02-28 04:34:38,018 [Finalizer] WARN  managed.ManagedRocksObjectUtils (ManagedRocksObjectUtils.java:assertClosed(54)) - ManagedColumnFamilyOptions is not closed properly
2023-02-28 04:34:38,018 [Finalizer] WARN  managed.ManagedRocksObjectUtils (ManagedRocksObjectUtils.java:assertClosed(54)) - ManagedColumnFamilyOptions is not closed properly
2023-02-28 04:34:38,019 [Finalizer] WARN  managed.ManagedRocksObjectUtils (ManagedRocksObjectUtils.java:assertClosed(54)) - ManagedColumnFamilyOptions is not closed properly
2023-02-28 04:34:38,019 [Finalizer] WARN  managed.ManagedRocksObjectUtils (ManagedRocksObjectUtils.java:assertClosed(54)) - ManagedColumnFamilyOptions is not closed properly
2023-02-28 04:34:38,019 [Finalizer] WARN  managed.ManagedRocksObjectUtils (ManagedRocksObjectUtils.java:assertClosed(54)) - ManagedColumnFamilyOptions is not closed properly
2023-02-28 04:34:38,019 [Finalizer] WARN  managed.ManagedRocksObjectUtils (ManagedRocksObjectUtils.java:assertClosed(54)) - ManagedColumnFamilyOptions is not closed properly
2023-02-28 04:34:38,019 [Finalizer] WARN  managed.ManagedRocksObjectUtils (ManagedRocksObjectUtils.java:assertClosed(54)) - ManagedColumnFamilyOptions is not closed properly
2023-02-28 04:34:38,017 [JvmPauseMonitor12] WARN  util.JvmPauseMonitor (JvmPauseMonitor.java:detectPause(126)) - JvmPauseMonitor-omNode-1: Detected pause in JVM or host machine (eg GC): pause of approximately 268469826ns.
GC pool 'PS MarkSweep' had collection(s): count=1 time=253ms
GC pool 'PS Scavenge' had collection(s): count=1 time=137ms
2023-02-28 04:34:38,017 [JvmPauseMonitor14] WARN  util.JvmPauseMonitor (JvmPauseMonitor.java:detectPause(126)) - JvmPauseMonitor-omNode-3: Detected pause in JVM or host machine (eg GC): pause of approximately 247613617ns.
GC pool 'PS MarkSweep' had collection(s): count=1 time=253ms
GC pool 'PS Scavenge' had collection(s): count=1 time=137ms
2023-02-28 04:34:38,019 [JvmPauseMonitor16] WARN  util.JvmPauseMonitor (JvmPauseMonitor.java:detectPause(126)) - JvmPauseMonitor-31a92c54-262b-4b95-8408-9add7bc0e96e: Detected pause in JVM or host machine (eg GC): pause of approximately 374733270ns.
GC pool 'PS MarkSweep' had collection(s): count=1 time=253ms
GC pool 'PS Scavenge' had collection(s): count=1 time=137ms
2023-02-28 04:34:38,018 [omNode-2@group-523986131536-FollowerState] WARN  impl.FollowerState (FollowerState.java:run(130)) - Unexpected long sleep: sleep 1174ms but took extra 319438933ns (> threshold = 300ms)
2023-02-28 04:34:38,034 [OMDoubleBufferFlushThread] INFO  db.RDBCheckpointManager (RDBCheckpointManager.java:createCheckpoint(96)) - Created checkpoint in rocksDB at /home/runner/work/ozone/ozone/hadoop-ozone/integration-test/target/test-dir/MiniOzoneClusterImpl-0c3862ae-9f43-41f5-9e7d-509225cf1f3d/omNode-1/db.snapshots/om.db-21dc7ab7-051c-4b01-ab47-a84724a8af2b in 421 milliseconds
2023-02-28 04:34:38,035 [OMDoubleBufferFlushThread] INFO  db.RDBCheckpointManager (RDBCheckpointManager.java:waitForCheckpointDirectoryExist(125)) - Waited for 1 milliseconds for checkpoint directory /home/runner/work/ozone/ozone/hadoop-ozone/integration-test/target/test-dir/MiniOzoneClusterImpl-0c3862ae-9f43-41f5-9e7d-509225cf1f3d/omNode-1/db.snapshots/om.db-21dc7ab7-051c-4b01-ab47-a84724a8af2b availability.
2023-02-28 04:34:38,035 [OMDoubleBufferFlushThread] INFO  om.OmSnapshotManager (OmSnapshotManager.java:createOmSnapshotCheckpoint(163)) - Created checkpoint : /home/runner/work/ozone/ozone/hadoop-ozone/integration-test/target/test-dir/MiniOzoneClusterImpl-0c3862ae-9f43-41f5-9e7d-509225cf1f3d/omNode-1/db.snapshots/om.db-21dc7ab7-051c-4b01-ab47-a84724a8af2b for snapshot snap24526
2023-02-28 04:34:38,036 [OMDoubleBufferFlushThread] INFO  db.RDBCheckpointManager (RDBCheckpointManager.java:createCheckpoint(96)) - Created checkpoint in rocksDB at /home/runner/work/ozone/ozone/hadoop-ozone/integration-test/target/test-dir/MiniOzoneClusterImpl-0c3862ae-9f43-41f5-9e7d-509225cf1f3d/omNode-2/db.snapshots/om.db-21dc7ab7-051c-4b01-ab47-a84724a8af2b in 422 milliseconds
2023-02-28 04:34:38,039 [OMDoubleBufferFlushThread] INFO  db.RDBCheckpointManager (RDBCheckpointManager.java:createCheckpoint(96)) - Created checkpoint in rocksDB at /home/runner/work/ozone/ozone/hadoop-ozone/integration-test/target/test-dir/MiniOzoneClusterImpl-0c3862ae-9f43-41f5-9e7d-509225cf1f3d/omNode-3/db.snapshots/om.db-21dc7ab7-051c-4b01-ab47-a84724a8af2b in 424 milliseconds
2023-02-28 04:34:38,039 [OMDoubleBufferFlushThread] INFO  db.RDBCheckpointManager (RDBCheckpointManager.java:waitForCheckpointDirectoryExist(125)) - Waited for 0 milliseconds for checkpoint directory /home/runner/work/ozone/ozone/hadoop-ozone/integration-test/target/test-dir/MiniOzoneClusterImpl-0c3862ae-9f43-41f5-9e7d-509225cf1f3d/omNode-3/db.snapshots/om.db-21dc7ab7-051c-4b01-ab47-a84724a8af2b availability.
2023-02-28 04:34:38,039 [OMDoubleBufferFlushThread] INFO  om.OmSnapshotManager (OmSnapshotManager.java:createOmSnapshotCheckpoint(163)) - Created checkpoint : /home/runner/work/ozone/ozone/hadoop-ozone/integration-test/target/test-dir/MiniOzoneClusterImpl-0c3862ae-9f43-41f5-9e7d-509225cf1f3d/omNode-3/db.snapshots/om.db-21dc7ab7-051c-4b01-ab47-a84724a8af2b for snapshot snap24526
2023-02-28 04:34:38,040 [OMDoubleBufferFlushThread] INFO  db.RDBCheckpointManager (RDBCheckpointManager.java:waitForCheckpointDirectoryExist(125)) - Waited for 4 milliseconds for checkpoint directory /home/runner/work/ozone/ozone/hadoop-ozone/integration-test/target/test-dir/MiniOzoneClusterImpl-0c3862ae-9f43-41f5-9e7d-509225cf1f3d/omNode-2/db.snapshots/om.db-21dc7ab7-051c-4b01-ab47-a84724a8af2b availability.
2023-02-28 04:34:38,040 [OMDoubleBufferFlushThread] INFO  om.OmSnapshotManager (OmSnapshotManager.java:createOmSnapshotCheckpoint(163)) - Created checkpoint : /home/runner/work/ozone/ozone/hadoop-ozone/integration-test/target/test-dir/MiniOzoneClusterImpl-0c3862ae-9f43-41f5-9e7d-509225cf1f3d/omNode-2/db.snapshots/om.db-21dc7ab7-051c-4b01-ab47-a84724a8af2b for snapshot snap24526
2023-02-28 04:34:38,613 [IPC Server handler 17 on default port 43485] WARN  server.ServerUtils (ServerUtils.java:getDBPath(225)) - ozone.om.db.dirs is not configured. We recommend adding this setting. Falling back to ozone.metadata.dirs instead.
2023-02-28 04:34:38,614 [IPC Server handler 17 on default port 43485] INFO  codec.OmKeyInfoCodec (OmKeyInfoCodec.java:<init>(49)) - OmKeyInfoCodec ignorePipeline = true
2023-02-28 04:34:38,614 [IPC Server handler 17 on default port 43485] INFO  codec.RepeatedOmKeyInfoCodec (RepeatedOmKeyInfoCodec.java:<init>(41)) - RepeatedOmKeyInfoCodec ignorePipeline = true
2023-02-28 04:34:38,713 [OM StateMachine ApplyTransaction Thread - 0] INFO  snapshot.OMSnapshotCreateRequest (OMSnapshotCreateRequest.java:validateAndUpdateCache(180)) - Created snapshot 'snap08763' under path 'vol-22971/buck-61588'
2023-02-28 04:34:38,714 [OM StateMachine ApplyTransaction Thread - 0] INFO  snapshot.OMSnapshotCreateRequest (OMSnapshotCreateRequest.java:validateAndUpdateCache(180)) - Created snapshot 'snap08763' under path 'vol-22971/buck-61588'
2023-02-28 04:34:38,714 [OM StateMachine ApplyTransaction Thread - 0] INFO  snapshot.OMSnapshotCreateRequest (OMSnapshotCreateRequest.java:validateAndUpdateCache(180)) - Created snapshot 'snap08763' under path 'vol-22971/buck-61588'
2023-02-28 04:34:38,731 [OMDoubleBufferFlushThread] INFO  db.RDBCheckpointManager (RDBCheckpointManager.java:createCheckpoint(96)) - Created checkpoint in rocksDB at /home/runner/work/ozone/ozone/hadoop-ozone/integration-test/target/test-dir/MiniOzoneClusterImpl-0c3862ae-9f43-41f5-9e7d-509225cf1f3d/omNode-3/db.snapshots/om.db-58014839-31da-4b2f-8731-2a1b612f921e in 16 milliseconds
2023-02-28 04:34:38,732 [OMDoubleBufferFlushThread] INFO  db.RDBCheckpointManager (RDBCheckpointManager.java:waitForCheckpointDirectoryExist(125)) - Waited for 1 milliseconds for checkpoint directory /home/runner/work/ozone/ozone/hadoop-ozone/integration-test/target/test-dir/MiniOzoneClusterImpl-0c3862ae-9f43-41f5-9e7d-509225cf1f3d/omNode-3/db.snapshots/om.db-58014839-31da-4b2f-8731-2a1b612f921e availability.
2023-02-28 04:34:38,732 [OMDoubleBufferFlushThread] INFO  om.OmSnapshotManager (OmSnapshotManager.java:createOmSnapshotCheckpoint(163)) - Created checkpoint : /home/runner/work/ozone/ozone/hadoop-ozone/integration-test/target/test-dir/MiniOzoneClusterImpl-0c3862ae-9f43-41f5-9e7d-509225cf1f3d/omNode-3/db.snapshots/om.db-58014839-31da-4b2f-8731-2a1b612f921e for snapshot snap08763
2023-02-28 04:34:38,734 [OMDoubleBufferFlushThread] INFO  db.RDBCheckpointManager (RDBCheckpointManager.java:createCheckpoint(96)) - Created checkpoint in rocksDB at /home/runner/work/ozone/ozone/hadoop-ozone/integration-test/target/test-dir/MiniOzoneClusterImpl-0c3862ae-9f43-41f5-9e7d-509225cf1f3d/omNode-1/db.snapshots/om.db-58014839-31da-4b2f-8731-2a1b612f921e in 20 milliseconds
2023-02-28 04:34:38,734 [OMDoubleBufferFlushThread] INFO  db.RDBCheckpointManager (RDBCheckpointManager.java:waitForCheckpointDirectoryExist(125)) - Waited for 0 milliseconds for checkpoint directory /home/runner/work/ozone/ozone/hadoop-ozone/integration-test/target/test-dir/MiniOzoneClusterImpl-0c3862ae-9f43-41f5-9e7d-509225cf1f3d/omNode-1/db.snapshots/om.db-58014839-31da-4b2f-8731-2a1b612f921e availability.
2023-02-28 04:34:38,734 [OMDoubleBufferFlushThread] INFO  om.OmSnapshotManager (OmSnapshotManager.java:createOmSnapshotCheckpoint(163)) - Created checkpoint : /home/runner/work/ozone/ozone/hadoop-ozone/integration-test/target/test-dir/MiniOzoneClusterImpl-0c3862ae-9f43-41f5-9e7d-509225cf1f3d/omNode-1/db.snapshots/om.db-58014839-31da-4b2f-8731-2a1b612f921e for snapshot snap08763
2023-02-28 04:34:38,734 [OMDoubleBufferFlushThread] INFO  db.RDBCheckpointManager (RDBCheckpointManager.java:createCheckpoint(96)) - Created checkpoint in rocksDB at /home/runner/work/ozone/ozone/hadoop-ozone/integration-test/target/test-dir/MiniOzoneClusterImpl-0c3862ae-9f43-41f5-9e7d-509225cf1f3d/omNode-2/db.snapshots/om.db-58014839-31da-4b2f-8731-2a1b612f921e in 19 milliseconds
2023-02-28 04:34:38,735 [OMDoubleBufferFlushThread] INFO  db.RDBCheckpointManager (RDBCheckpointManager.java:waitForCheckpointDirectoryExist(125)) - Waited for 0 milliseconds for checkpoint directory /home/runner/work/ozone/ozone/hadoop-ozone/integration-test/target/test-dir/MiniOzoneClusterImpl-0c3862ae-9f43-41f5-9e7d-509225cf1f3d/omNode-2/db.snapshots/om.db-58014839-31da-4b2f-8731-2a1b612f921e availability.
2023-02-28 04:34:38,735 [OMDoubleBufferFlushThread] INFO  om.OmSnapshotManager (OmSnapshotManager.java:createOmSnapshotCheckpoint(163)) - Created checkpoint : /home/runner/work/ozone/ozone/hadoop-ozone/integration-test/target/test-dir/MiniOzoneClusterImpl-0c3862ae-9f43-41f5-9e7d-509225cf1f3d/omNode-2/db.snapshots/om.db-58014839-31da-4b2f-8731-2a1b612f921e for snapshot snap08763
2023-02-28 04:34:39,714 [IPC Server handler 7 on default port 43485] WARN  server.ServerUtils (ServerUtils.java:getDBPath(225)) - ozone.om.db.dirs is not configured. We recommend adding this setting. Falling back to ozone.metadata.dirs instead.
2023-02-28 04:34:39,714 [IPC Server handler 7 on default port 43485] INFO  codec.OmKeyInfoCodec (OmKeyInfoCodec.java:<init>(49)) - OmKeyInfoCodec ignorePipeline = true
2023-02-28 04:34:39,715 [IPC Server handler 7 on default port 43485] INFO  codec.RepeatedOmKeyInfoCodec (RepeatedOmKeyInfoCodec.java:<init>(41)) - RepeatedOmKeyInfoCodec ignorePipeline = true
2023-02-28 04:34:39,854 [OM StateMachine ApplyTransaction Thread - 0] INFO  snapshot.OMSnapshotCreateRequest (OMSnapshotCreateRequest.java:validateAndUpdateCache(180)) - Created snapshot 'snap55922' under path 'vol-22971/buck-61588'
2023-02-28 04:34:39,855 [OM StateMachine ApplyTransaction Thread - 0] INFO  snapshot.OMSnapshotCreateRequest (OMSnapshotCreateRequest.java:validateAndUpdateCache(180)) - Created snapshot 'snap55922' under path 'vol-22971/buck-61588'
2023-02-28 04:34:39,855 [OM StateMachine ApplyTransaction Thread - 0] INFO  snapshot.OMSnapshotCreateRequest (OMSnapshotCreateRequest.java:validateAndUpdateCache(180)) - Created snapshot 'snap55922' under path 'vol-22971/buck-61588'
2023-02-28 04:34:39,873 [OMDoubleBufferFlushThread] INFO  db.RDBCheckpointManager (RDBCheckpointManager.java:createCheckpoint(96)) - Created checkpoint in rocksDB at /home/runner/work/ozone/ozone/hadoop-ozone/integration-test/target/test-dir/MiniOzoneClusterImpl-0c3862ae-9f43-41f5-9e7d-509225cf1f3d/omNode-1/db.snapshots/om.db-12c13f52-4e24-45f4-88fb-c9af43210f81 in 18 milliseconds
2023-02-28 04:34:39,883 [OMDoubleBufferFlushThread] INFO  db.RDBCheckpointManager (RDBCheckpointManager.java:waitForCheckpointDirectoryExist(125)) - Waited for 9 milliseconds for checkpoint directory /home/runner/work/ozone/ozone/hadoop-ozone/integration-test/target/test-dir/MiniOzoneClusterImpl-0c3862ae-9f43-41f5-9e7d-509225cf1f3d/omNode-1/db.snapshots/om.db-12c13f52-4e24-45f4-88fb-c9af43210f81 availability.
2023-02-28 04:34:39,883 [OMDoubleBufferFlushThread] INFO  om.OmSnapshotManager (OmSnapshotManager.java:createOmSnapshotCheckpoint(163)) - Created checkpoint : /home/runner/work/ozone/ozone/hadoop-ozone/integration-test/target/test-dir/MiniOzoneClusterImpl-0c3862ae-9f43-41f5-9e7d-509225cf1f3d/omNode-1/db.snapshots/om.db-12c13f52-4e24-45f4-88fb-c9af43210f81 for snapshot snap55922
2023-02-28 04:34:39,887 [OMDoubleBufferFlushThread] INFO  db.RDBCheckpointManager (RDBCheckpointManager.java:createCheckpoint(96)) - Created checkpoint in rocksDB at /home/runner/work/ozone/ozone/hadoop-ozone/integration-test/target/test-dir/MiniOzoneClusterImpl-0c3862ae-9f43-41f5-9e7d-509225cf1f3d/omNode-2/db.snapshots/om.db-12c13f52-4e24-45f4-88fb-c9af43210f81 in 32 milliseconds
2023-02-28 04:34:39,888 [OMDoubleBufferFlushThread] INFO  db.RDBCheckpointManager (RDBCheckpointManager.java:createCheckpoint(96)) - Created checkpoint in rocksDB at /home/runner/work/ozone/ozone/hadoop-ozone/integration-test/target/test-dir/MiniOzoneClusterImpl-0c3862ae-9f43-41f5-9e7d-509225cf1f3d/omNode-3/db.snapshots/om.db-12c13f52-4e24-45f4-88fb-c9af43210f81 in 32 milliseconds
2023-02-28 04:34:39,895 [OMDoubleBufferFlushThread] INFO  db.RDBCheckpointManager (RDBCheckpointManager.java:waitForCheckpointDirectoryExist(125)) - Waited for 8 milliseconds for checkpoint directory /home/runner/work/ozone/ozone/hadoop-ozone/integration-test/target/test-dir/MiniOzoneClusterImpl-0c3862ae-9f43-41f5-9e7d-509225cf1f3d/omNode-2/db.snapshots/om.db-12c13f52-4e24-45f4-88fb-c9af43210f81 availability.
2023-02-28 04:34:39,895 [OMDoubleBufferFlushThread] INFO  om.OmSnapshotManager (OmSnapshotManager.java:createOmSnapshotCheckpoint(163)) - Created checkpoint : /home/runner/work/ozone/ozone/hadoop-ozone/integration-test/target/test-dir/MiniOzoneClusterImpl-0c3862ae-9f43-41f5-9e7d-509225cf1f3d/omNode-2/db.snapshots/om.db-12c13f52-4e24-45f4-88fb-c9af43210f81 for snapshot snap55922
2023-02-28 04:34:39,895 [OMDoubleBufferFlushThread] INFO  db.RDBCheckpointManager (RDBCheckpointManager.java:waitForCheckpointDirectoryExist(125)) - Waited for 7 milliseconds for checkpoint directory /home/runner/work/ozone/ozone/hadoop-ozone/integration-test/target/test-dir/MiniOzoneClusterImpl-0c3862ae-9f43-41f5-9e7d-509225cf1f3d/omNode-3/db.snapshots/om.db-12c13f52-4e24-45f4-88fb-c9af43210f81 availability.
2023-02-28 04:34:39,895 [OMDoubleBufferFlushThread] INFO  om.OmSnapshotManager (OmSnapshotManager.java:createOmSnapshotCheckpoint(163)) - Created checkpoint : /home/runner/work/ozone/ozone/hadoop-ozone/integration-test/target/test-dir/MiniOzoneClusterImpl-0c3862ae-9f43-41f5-9e7d-509225cf1f3d/omNode-3/db.snapshots/om.db-12c13f52-4e24-45f4-88fb-c9af43210f81 for snapshot snap55922
2023-02-28 04:34:40,856 [IPC Server handler 9 on default port 43485] WARN  server.ServerUtils (ServerUtils.java:getDBPath(225)) - ozone.om.db.dirs is not configured. We recommend adding this setting. Falling back to ozone.metadata.dirs instead.
2023-02-28 04:34:40,857 [IPC Server handler 9 on default port 43485] INFO  codec.OmKeyInfoCodec (OmKeyInfoCodec.java:<init>(49)) - OmKeyInfoCodec ignorePipeline = true
2023-02-28 04:34:40,857 [IPC Server handler 9 on default port 43485] INFO  codec.RepeatedOmKeyInfoCodec (RepeatedOmKeyInfoCodec.java:<init>(41)) - RepeatedOmKeyInfoCodec ignorePipeline = true
]]></system-out>
  </testcase>
  <testcase name="testListKeyOnEmptyBucket" classname="TestOmSnapshot" time="1.111">
    <system-out><![CDATA[2023-02-28 04:32:59,452 [Time-limited test] INFO  rpc.RpcClient (RpcClient.java:createVolume(476)) - Creating Volume: vol-49998, with runner as owner and space quota set to -1 bytes, counts quota set to -1
2023-02-28 04:32:59,458 [OM StateMachine ApplyTransaction Thread - 0] INFO  volume.OMVolumeCreateRequest (OMVolumeCreateRequest.java:validateAndUpdateCache(195)) - created volume:vol-49998 for user:runner
2023-02-28 04:32:59,459 [OM StateMachine ApplyTransaction Thread - 0] INFO  volume.OMVolumeCreateRequest (OMVolumeCreateRequest.java:validateAndUpdateCache(195)) - created volume:vol-49998 for user:runner
2023-02-28 04:32:59,462 [OM StateMachine ApplyTransaction Thread - 0] INFO  volume.OMVolumeCreateRequest (OMVolumeCreateRequest.java:validateAndUpdateCache(195)) - created volume:vol-49998 for user:runner
2023-02-28 04:32:59,464 [Time-limited test] INFO  rpc.RpcClient (RpcClient.java:createBucket(698)) - Creating Bucket: vol-49998/buc-82827, with server-side default bucket layout, runner as owner, Versioning false, Storage Type set to DISK and Encryption set to false, Replication Type set to server-side default replication type, Namespace Quota set to -1, Space Quota set to -1 
2023-02-28 04:32:59,468 [OM StateMachine ApplyTransaction Thread - 0] INFO  bucket.OMBucketCreateRequest (OMBucketCreateRequest.java:validateAndUpdateCache(263)) - created bucket: buc-82827 of layout OBJECT_STORE in volume: vol-49998
2023-02-28 04:32:59,468 [OM StateMachine ApplyTransaction Thread - 0] INFO  bucket.OMBucketCreateRequest (OMBucketCreateRequest.java:validateAndUpdateCache(263)) - created bucket: buc-82827 of layout OBJECT_STORE in volume: vol-49998
2023-02-28 04:32:59,469 [OM StateMachine ApplyTransaction Thread - 0] INFO  bucket.OMBucketCreateRequest (OMBucketCreateRequest.java:validateAndUpdateCache(263)) - created bucket: buc-82827 of layout OBJECT_STORE in volume: vol-49998
2023-02-28 04:32:59,472 [OM StateMachine ApplyTransaction Thread - 0] INFO  snapshot.OMSnapshotCreateRequest (OMSnapshotCreateRequest.java:validateAndUpdateCache(180)) - Created snapshot '535de381-a7e3-4425-80a6-d7725448ff45' under path 'vol-49998/buc-82827'
2023-02-28 04:32:59,473 [OM StateMachine ApplyTransaction Thread - 0] INFO  snapshot.OMSnapshotCreateRequest (OMSnapshotCreateRequest.java:validateAndUpdateCache(180)) - Created snapshot '535de381-a7e3-4425-80a6-d7725448ff45' under path 'vol-49998/buc-82827'
2023-02-28 04:32:59,475 [OM StateMachine ApplyTransaction Thread - 0] INFO  snapshot.OMSnapshotCreateRequest (OMSnapshotCreateRequest.java:validateAndUpdateCache(180)) - Created snapshot '535de381-a7e3-4425-80a6-d7725448ff45' under path 'vol-49998/buc-82827'
2023-02-28 04:32:59,500 [OMDoubleBufferFlushThread] INFO  db.RDBCheckpointManager (RDBCheckpointManager.java:createCheckpoint(96)) - Created checkpoint in rocksDB at /home/runner/work/ozone/ozone/hadoop-ozone/integration-test/target/test-dir/MiniOzoneClusterImpl-f9e21395-1bcf-40d4-8edb-6f91c23aa5c2/omNode-1/db.snapshots/om.db-c9aff2c1-365a-4f09-88d5-a479a6e77c91 in 26 milliseconds
2023-02-28 04:32:59,504 [OMDoubleBufferFlushThread] INFO  db.RDBCheckpointManager (RDBCheckpointManager.java:createCheckpoint(96)) - Created checkpoint in rocksDB at /home/runner/work/ozone/ozone/hadoop-ozone/integration-test/target/test-dir/MiniOzoneClusterImpl-f9e21395-1bcf-40d4-8edb-6f91c23aa5c2/omNode-3/db.snapshots/om.db-c9aff2c1-365a-4f09-88d5-a479a6e77c91 in 26 milliseconds
2023-02-28 04:32:59,509 [OMDoubleBufferFlushThread] INFO  db.RDBCheckpointManager (RDBCheckpointManager.java:waitForCheckpointDirectoryExist(125)) - Waited for 9 milliseconds for checkpoint directory /home/runner/work/ozone/ozone/hadoop-ozone/integration-test/target/test-dir/MiniOzoneClusterImpl-f9e21395-1bcf-40d4-8edb-6f91c23aa5c2/omNode-1/db.snapshots/om.db-c9aff2c1-365a-4f09-88d5-a479a6e77c91 availability.
2023-02-28 04:32:59,509 [OMDoubleBufferFlushThread] INFO  om.OmSnapshotManager (OmSnapshotManager.java:createOmSnapshotCheckpoint(163)) - Created checkpoint : /home/runner/work/ozone/ozone/hadoop-ozone/integration-test/target/test-dir/MiniOzoneClusterImpl-f9e21395-1bcf-40d4-8edb-6f91c23aa5c2/omNode-1/db.snapshots/om.db-c9aff2c1-365a-4f09-88d5-a479a6e77c91 for snapshot 535de381-a7e3-4425-80a6-d7725448ff45
2023-02-28 04:32:59,512 [OMDoubleBufferFlushThread] INFO  db.RDBCheckpointManager (RDBCheckpointManager.java:waitForCheckpointDirectoryExist(125)) - Waited for 8 milliseconds for checkpoint directory /home/runner/work/ozone/ozone/hadoop-ozone/integration-test/target/test-dir/MiniOzoneClusterImpl-f9e21395-1bcf-40d4-8edb-6f91c23aa5c2/omNode-3/db.snapshots/om.db-c9aff2c1-365a-4f09-88d5-a479a6e77c91 availability.
2023-02-28 04:32:59,512 [OMDoubleBufferFlushThread] INFO  om.OmSnapshotManager (OmSnapshotManager.java:createOmSnapshotCheckpoint(163)) - Created checkpoint : /home/runner/work/ozone/ozone/hadoop-ozone/integration-test/target/test-dir/MiniOzoneClusterImpl-f9e21395-1bcf-40d4-8edb-6f91c23aa5c2/omNode-3/db.snapshots/om.db-c9aff2c1-365a-4f09-88d5-a479a6e77c91 for snapshot 535de381-a7e3-4425-80a6-d7725448ff45
2023-02-28 04:32:59,515 [OMDoubleBufferFlushThread] INFO  db.RDBCheckpointManager (RDBCheckpointManager.java:createCheckpoint(96)) - Created checkpoint in rocksDB at /home/runner/work/ozone/ozone/hadoop-ozone/integration-test/target/test-dir/MiniOzoneClusterImpl-f9e21395-1bcf-40d4-8edb-6f91c23aa5c2/omNode-2/db.snapshots/om.db-c9aff2c1-365a-4f09-88d5-a479a6e77c91 in 40 milliseconds
2023-02-28 04:32:59,515 [OMDoubleBufferFlushThread] INFO  db.RDBCheckpointManager (RDBCheckpointManager.java:waitForCheckpointDirectoryExist(125)) - Waited for 0 milliseconds for checkpoint directory /home/runner/work/ozone/ozone/hadoop-ozone/integration-test/target/test-dir/MiniOzoneClusterImpl-f9e21395-1bcf-40d4-8edb-6f91c23aa5c2/omNode-2/db.snapshots/om.db-c9aff2c1-365a-4f09-88d5-a479a6e77c91 availability.
2023-02-28 04:32:59,515 [OMDoubleBufferFlushThread] INFO  om.OmSnapshotManager (OmSnapshotManager.java:createOmSnapshotCheckpoint(163)) - Created checkpoint : /home/runner/work/ozone/ozone/hadoop-ozone/integration-test/target/test-dir/MiniOzoneClusterImpl-f9e21395-1bcf-40d4-8edb-6f91c23aa5c2/omNode-2/db.snapshots/om.db-c9aff2c1-365a-4f09-88d5-a479a6e77c91 for snapshot 535de381-a7e3-4425-80a6-d7725448ff45
2023-02-28 04:33:00,476 [IPC Server handler 16 on default port 40781] WARN  server.ServerUtils (ServerUtils.java:getDBPath(225)) - ozone.om.db.dirs is not configured. We recommend adding this setting. Falling back to ozone.metadata.dirs instead.
2023-02-28 04:33:00,476 [IPC Server handler 16 on default port 40781] INFO  codec.OmKeyInfoCodec (OmKeyInfoCodec.java:<init>(49)) - OmKeyInfoCodec ignorePipeline = true
2023-02-28 04:33:00,476 [IPC Server handler 16 on default port 40781] INFO  codec.RepeatedOmKeyInfoCodec (RepeatedOmKeyInfoCodec.java:<init>(41)) - RepeatedOmKeyInfoCodec ignorePipeline = true
]]></system-out>
  </testcase>
  <testcase name="testListKeyOnEmptyBucket" classname="TestOmSnapshot" time="1.04">
    <system-out><![CDATA[2023-02-28 04:33:51,110 [Time-limited test] INFO  rpc.RpcClient (RpcClient.java:createVolume(476)) - Creating Volume: vol-89795, with runner as owner and space quota set to -1 bytes, counts quota set to -1
2023-02-28 04:33:51,114 [OM StateMachine ApplyTransaction Thread - 0] INFO  volume.OMVolumeCreateRequest (OMVolumeCreateRequest.java:validateAndUpdateCache(195)) - created volume:vol-89795 for user:runner
2023-02-28 04:33:51,114 [OM StateMachine ApplyTransaction Thread - 0] INFO  volume.OMVolumeCreateRequest (OMVolumeCreateRequest.java:validateAndUpdateCache(195)) - created volume:vol-89795 for user:runner
2023-02-28 04:33:51,116 [OM StateMachine ApplyTransaction Thread - 0] INFO  volume.OMVolumeCreateRequest (OMVolumeCreateRequest.java:validateAndUpdateCache(195)) - created volume:vol-89795 for user:runner
2023-02-28 04:33:51,117 [Time-limited test] INFO  rpc.RpcClient (RpcClient.java:createBucket(698)) - Creating Bucket: vol-89795/buc-26748, with server-side default bucket layout, runner as owner, Versioning false, Storage Type set to DISK and Encryption set to false, Replication Type set to server-side default replication type, Namespace Quota set to -1, Space Quota set to -1 
2023-02-28 04:33:51,121 [OM StateMachine ApplyTransaction Thread - 0] INFO  bucket.OMBucketCreateRequest (OMBucketCreateRequest.java:validateAndUpdateCache(263)) - created bucket: buc-26748 of layout FILE_SYSTEM_OPTIMIZED in volume: vol-89795
2023-02-28 04:33:51,122 [OM StateMachine ApplyTransaction Thread - 0] INFO  bucket.OMBucketCreateRequest (OMBucketCreateRequest.java:validateAndUpdateCache(263)) - created bucket: buc-26748 of layout FILE_SYSTEM_OPTIMIZED in volume: vol-89795
2023-02-28 04:33:51,122 [OM StateMachine ApplyTransaction Thread - 0] INFO  bucket.OMBucketCreateRequest (OMBucketCreateRequest.java:validateAndUpdateCache(263)) - created bucket: buc-26748 of layout FILE_SYSTEM_OPTIMIZED in volume: vol-89795
2023-02-28 04:33:51,124 [OM StateMachine ApplyTransaction Thread - 0] INFO  snapshot.OMSnapshotCreateRequest (OMSnapshotCreateRequest.java:validateAndUpdateCache(180)) - Created snapshot '51477a2f-82bc-4531-8777-62fe7af2ecc1' under path 'vol-89795/buc-26748'
2023-02-28 04:33:51,125 [OM StateMachine ApplyTransaction Thread - 0] INFO  snapshot.OMSnapshotCreateRequest (OMSnapshotCreateRequest.java:validateAndUpdateCache(180)) - Created snapshot '51477a2f-82bc-4531-8777-62fe7af2ecc1' under path 'vol-89795/buc-26748'
2023-02-28 04:33:51,125 [OM StateMachine ApplyTransaction Thread - 0] INFO  snapshot.OMSnapshotCreateRequest (OMSnapshotCreateRequest.java:validateAndUpdateCache(180)) - Created snapshot '51477a2f-82bc-4531-8777-62fe7af2ecc1' under path 'vol-89795/buc-26748'
2023-02-28 04:33:51,155 [OMDoubleBufferFlushThread] INFO  db.RDBCheckpointManager (RDBCheckpointManager.java:createCheckpoint(96)) - Created checkpoint in rocksDB at /home/runner/work/ozone/ozone/hadoop-ozone/integration-test/target/test-dir/MiniOzoneClusterImpl-2052965b-440d-4b09-b4b3-db311f243d80/omNode-3/db.snapshots/om.db-46cedce1-f6db-430d-8a7c-ba6576949cbe in 29 milliseconds
2023-02-28 04:33:51,156 [OMDoubleBufferFlushThread] INFO  db.RDBCheckpointManager (RDBCheckpointManager.java:createCheckpoint(96)) - Created checkpoint in rocksDB at /home/runner/work/ozone/ozone/hadoop-ozone/integration-test/target/test-dir/MiniOzoneClusterImpl-2052965b-440d-4b09-b4b3-db311f243d80/omNode-1/db.snapshots/om.db-46cedce1-f6db-430d-8a7c-ba6576949cbe in 30 milliseconds
2023-02-28 04:33:51,162 [OMDoubleBufferFlushThread] INFO  db.RDBCheckpointManager (RDBCheckpointManager.java:waitForCheckpointDirectoryExist(125)) - Waited for 7 milliseconds for checkpoint directory /home/runner/work/ozone/ozone/hadoop-ozone/integration-test/target/test-dir/MiniOzoneClusterImpl-2052965b-440d-4b09-b4b3-db311f243d80/omNode-3/db.snapshots/om.db-46cedce1-f6db-430d-8a7c-ba6576949cbe availability.
2023-02-28 04:33:51,163 [OMDoubleBufferFlushThread] INFO  om.OmSnapshotManager (OmSnapshotManager.java:createOmSnapshotCheckpoint(163)) - Created checkpoint : /home/runner/work/ozone/ozone/hadoop-ozone/integration-test/target/test-dir/MiniOzoneClusterImpl-2052965b-440d-4b09-b4b3-db311f243d80/omNode-3/db.snapshots/om.db-46cedce1-f6db-430d-8a7c-ba6576949cbe for snapshot 51477a2f-82bc-4531-8777-62fe7af2ecc1
2023-02-28 04:33:51,163 [OMDoubleBufferFlushThread] INFO  db.RDBCheckpointManager (RDBCheckpointManager.java:waitForCheckpointDirectoryExist(125)) - Waited for 6 milliseconds for checkpoint directory /home/runner/work/ozone/ozone/hadoop-ozone/integration-test/target/test-dir/MiniOzoneClusterImpl-2052965b-440d-4b09-b4b3-db311f243d80/omNode-1/db.snapshots/om.db-46cedce1-f6db-430d-8a7c-ba6576949cbe availability.
2023-02-28 04:33:51,163 [OMDoubleBufferFlushThread] INFO  om.OmSnapshotManager (OmSnapshotManager.java:createOmSnapshotCheckpoint(163)) - Created checkpoint : /home/runner/work/ozone/ozone/hadoop-ozone/integration-test/target/test-dir/MiniOzoneClusterImpl-2052965b-440d-4b09-b4b3-db311f243d80/omNode-1/db.snapshots/om.db-46cedce1-f6db-430d-8a7c-ba6576949cbe for snapshot 51477a2f-82bc-4531-8777-62fe7af2ecc1
2023-02-28 04:33:51,165 [OMDoubleBufferFlushThread] INFO  db.RDBCheckpointManager (RDBCheckpointManager.java:createCheckpoint(96)) - Created checkpoint in rocksDB at /home/runner/work/ozone/ozone/hadoop-ozone/integration-test/target/test-dir/MiniOzoneClusterImpl-2052965b-440d-4b09-b4b3-db311f243d80/omNode-2/db.snapshots/om.db-46cedce1-f6db-430d-8a7c-ba6576949cbe in 39 milliseconds
2023-02-28 04:33:51,165 [OMDoubleBufferFlushThread] INFO  db.RDBCheckpointManager (RDBCheckpointManager.java:waitForCheckpointDirectoryExist(125)) - Waited for 0 milliseconds for checkpoint directory /home/runner/work/ozone/ozone/hadoop-ozone/integration-test/target/test-dir/MiniOzoneClusterImpl-2052965b-440d-4b09-b4b3-db311f243d80/omNode-2/db.snapshots/om.db-46cedce1-f6db-430d-8a7c-ba6576949cbe availability.
2023-02-28 04:33:51,165 [OMDoubleBufferFlushThread] INFO  om.OmSnapshotManager (OmSnapshotManager.java:createOmSnapshotCheckpoint(163)) - Created checkpoint : /home/runner/work/ozone/ozone/hadoop-ozone/integration-test/target/test-dir/MiniOzoneClusterImpl-2052965b-440d-4b09-b4b3-db311f243d80/omNode-2/db.snapshots/om.db-46cedce1-f6db-430d-8a7c-ba6576949cbe for snapshot 51477a2f-82bc-4531-8777-62fe7af2ecc1
2023-02-28 04:33:51,366 [EndpointStateMachine task thread for /0.0.0.0:41617 - 0 ] INFO  ipc.Client (Client.java:handleConnectionFailure(1010)) - Retrying connect to server: 0.0.0.0/0.0.0.0:41617. Already tried 0 time(s); retry policy is RetryUpToMaximumCountWithFixedSleep(maxRetries=15, sleepTime=1000 MILLISECONDS)
2023-02-28 04:33:52,126 [IPC Server handler 17 on default port 46183] WARN  server.ServerUtils (ServerUtils.java:getDBPath(225)) - ozone.om.db.dirs is not configured. We recommend adding this setting. Falling back to ozone.metadata.dirs instead.
2023-02-28 04:33:52,127 [IPC Server handler 17 on default port 46183] INFO  codec.OmKeyInfoCodec (OmKeyInfoCodec.java:<init>(49)) - OmKeyInfoCodec ignorePipeline = true
2023-02-28 04:33:52,127 [IPC Server handler 17 on default port 46183] INFO  codec.RepeatedOmKeyInfoCodec (RepeatedOmKeyInfoCodec.java:<init>(41)) - RepeatedOmKeyInfoCodec ignorePipeline = true
]]></system-out>
  </testcase>
  <testcase name="testListKeyOnEmptyBucket" classname="TestOmSnapshot" time="1.046">
    <system-out><![CDATA[2023-02-28 04:34:40,957 [Time-limited test] INFO  rpc.RpcClient (RpcClient.java:createVolume(476)) - Creating Volume: vol-37570, with runner as owner and space quota set to -1 bytes, counts quota set to -1
2023-02-28 04:34:40,960 [OM StateMachine ApplyTransaction Thread - 0] INFO  volume.OMVolumeCreateRequest (OMVolumeCreateRequest.java:validateAndUpdateCache(195)) - created volume:vol-37570 for user:runner
2023-02-28 04:34:40,960 [OM StateMachine ApplyTransaction Thread - 0] INFO  volume.OMVolumeCreateRequest (OMVolumeCreateRequest.java:validateAndUpdateCache(195)) - created volume:vol-37570 for user:runner
2023-02-28 04:34:40,961 [OM StateMachine ApplyTransaction Thread - 0] INFO  volume.OMVolumeCreateRequest (OMVolumeCreateRequest.java:validateAndUpdateCache(195)) - created volume:vol-37570 for user:runner
2023-02-28 04:34:40,965 [Time-limited test] INFO  rpc.RpcClient (RpcClient.java:createBucket(698)) - Creating Bucket: vol-37570/buc-54188, with server-side default bucket layout, runner as owner, Versioning false, Storage Type set to DISK and Encryption set to false, Replication Type set to server-side default replication type, Namespace Quota set to -1, Space Quota set to -1 
2023-02-28 04:34:40,967 [OM StateMachine ApplyTransaction Thread - 0] INFO  bucket.OMBucketCreateRequest (OMBucketCreateRequest.java:validateAndUpdateCache(263)) - created bucket: buc-54188 of layout LEGACY in volume: vol-37570
2023-02-28 04:34:40,967 [OM StateMachine ApplyTransaction Thread - 0] INFO  bucket.OMBucketCreateRequest (OMBucketCreateRequest.java:validateAndUpdateCache(263)) - created bucket: buc-54188 of layout LEGACY in volume: vol-37570
2023-02-28 04:34:40,968 [OM StateMachine ApplyTransaction Thread - 0] INFO  bucket.OMBucketCreateRequest (OMBucketCreateRequest.java:validateAndUpdateCache(263)) - created bucket: buc-54188 of layout LEGACY in volume: vol-37570
2023-02-28 04:34:40,970 [OM StateMachine ApplyTransaction Thread - 0] INFO  snapshot.OMSnapshotCreateRequest (OMSnapshotCreateRequest.java:validateAndUpdateCache(180)) - Created snapshot '0a60dd43-dba7-4507-a09c-c55cff11d1ff' under path 'vol-37570/buc-54188'
2023-02-28 04:34:40,970 [OM StateMachine ApplyTransaction Thread - 0] INFO  snapshot.OMSnapshotCreateRequest (OMSnapshotCreateRequest.java:validateAndUpdateCache(180)) - Created snapshot '0a60dd43-dba7-4507-a09c-c55cff11d1ff' under path 'vol-37570/buc-54188'
2023-02-28 04:34:40,970 [OM StateMachine ApplyTransaction Thread - 0] INFO  snapshot.OMSnapshotCreateRequest (OMSnapshotCreateRequest.java:validateAndUpdateCache(180)) - Created snapshot '0a60dd43-dba7-4507-a09c-c55cff11d1ff' under path 'vol-37570/buc-54188'
2023-02-28 04:34:40,997 [OMDoubleBufferFlushThread] INFO  db.RDBCheckpointManager (RDBCheckpointManager.java:createCheckpoint(96)) - Created checkpoint in rocksDB at /home/runner/work/ozone/ozone/hadoop-ozone/integration-test/target/test-dir/MiniOzoneClusterImpl-0c3862ae-9f43-41f5-9e7d-509225cf1f3d/omNode-1/db.snapshots/om.db-eae2c7b3-ed9c-4f58-9315-42e32f32975d in 26 milliseconds
2023-02-28 04:34:41,000 [OMDoubleBufferFlushThread] INFO  db.RDBCheckpointManager (RDBCheckpointManager.java:waitForCheckpointDirectoryExist(125)) - Waited for 3 milliseconds for checkpoint directory /home/runner/work/ozone/ozone/hadoop-ozone/integration-test/target/test-dir/MiniOzoneClusterImpl-0c3862ae-9f43-41f5-9e7d-509225cf1f3d/omNode-1/db.snapshots/om.db-eae2c7b3-ed9c-4f58-9315-42e32f32975d availability.
2023-02-28 04:34:41,000 [OMDoubleBufferFlushThread] INFO  om.OmSnapshotManager (OmSnapshotManager.java:createOmSnapshotCheckpoint(163)) - Created checkpoint : /home/runner/work/ozone/ozone/hadoop-ozone/integration-test/target/test-dir/MiniOzoneClusterImpl-0c3862ae-9f43-41f5-9e7d-509225cf1f3d/omNode-1/db.snapshots/om.db-eae2c7b3-ed9c-4f58-9315-42e32f32975d for snapshot 0a60dd43-dba7-4507-a09c-c55cff11d1ff
2023-02-28 04:34:41,002 [OMDoubleBufferFlushThread] INFO  db.RDBCheckpointManager (RDBCheckpointManager.java:createCheckpoint(96)) - Created checkpoint in rocksDB at /home/runner/work/ozone/ozone/hadoop-ozone/integration-test/target/test-dir/MiniOzoneClusterImpl-0c3862ae-9f43-41f5-9e7d-509225cf1f3d/omNode-3/db.snapshots/om.db-eae2c7b3-ed9c-4f58-9315-42e32f32975d in 31 milliseconds
2023-02-28 04:34:41,002 [OMDoubleBufferFlushThread] INFO  db.RDBCheckpointManager (RDBCheckpointManager.java:createCheckpoint(96)) - Created checkpoint in rocksDB at /home/runner/work/ozone/ozone/hadoop-ozone/integration-test/target/test-dir/MiniOzoneClusterImpl-0c3862ae-9f43-41f5-9e7d-509225cf1f3d/omNode-2/db.snapshots/om.db-eae2c7b3-ed9c-4f58-9315-42e32f32975d in 30 milliseconds
2023-02-28 04:34:41,002 [OMDoubleBufferFlushThread] INFO  db.RDBCheckpointManager (RDBCheckpointManager.java:waitForCheckpointDirectoryExist(125)) - Waited for 0 milliseconds for checkpoint directory /home/runner/work/ozone/ozone/hadoop-ozone/integration-test/target/test-dir/MiniOzoneClusterImpl-0c3862ae-9f43-41f5-9e7d-509225cf1f3d/omNode-3/db.snapshots/om.db-eae2c7b3-ed9c-4f58-9315-42e32f32975d availability.
2023-02-28 04:34:41,002 [OMDoubleBufferFlushThread] INFO  om.OmSnapshotManager (OmSnapshotManager.java:createOmSnapshotCheckpoint(163)) - Created checkpoint : /home/runner/work/ozone/ozone/hadoop-ozone/integration-test/target/test-dir/MiniOzoneClusterImpl-0c3862ae-9f43-41f5-9e7d-509225cf1f3d/omNode-3/db.snapshots/om.db-eae2c7b3-ed9c-4f58-9315-42e32f32975d for snapshot 0a60dd43-dba7-4507-a09c-c55cff11d1ff
2023-02-28 04:34:41,003 [OMDoubleBufferFlushThread] INFO  db.RDBCheckpointManager (RDBCheckpointManager.java:waitForCheckpointDirectoryExist(125)) - Waited for 1 milliseconds for checkpoint directory /home/runner/work/ozone/ozone/hadoop-ozone/integration-test/target/test-dir/MiniOzoneClusterImpl-0c3862ae-9f43-41f5-9e7d-509225cf1f3d/omNode-2/db.snapshots/om.db-eae2c7b3-ed9c-4f58-9315-42e32f32975d availability.
2023-02-28 04:34:41,003 [OMDoubleBufferFlushThread] INFO  om.OmSnapshotManager (OmSnapshotManager.java:createOmSnapshotCheckpoint(163)) - Created checkpoint : /home/runner/work/ozone/ozone/hadoop-ozone/integration-test/target/test-dir/MiniOzoneClusterImpl-0c3862ae-9f43-41f5-9e7d-509225cf1f3d/omNode-2/db.snapshots/om.db-eae2c7b3-ed9c-4f58-9315-42e32f32975d for snapshot 0a60dd43-dba7-4507-a09c-c55cff11d1ff
2023-02-28 04:34:41,974 [IPC Server handler 6 on default port 43485] WARN  server.ServerUtils (ServerUtils.java:getDBPath(225)) - ozone.om.db.dirs is not configured. We recommend adding this setting. Falling back to ozone.metadata.dirs instead.
2023-02-28 04:34:41,974 [IPC Server handler 6 on default port 43485] INFO  codec.OmKeyInfoCodec (OmKeyInfoCodec.java:<init>(49)) - OmKeyInfoCodec ignorePipeline = true
2023-02-28 04:34:41,974 [IPC Server handler 6 on default port 43485] INFO  codec.RepeatedOmKeyInfoCodec (RepeatedOmKeyInfoCodec.java:<init>(41)) - RepeatedOmKeyInfoCodec ignorePipeline = true
]]></system-out>
  </testcase>
  <testcase name="checkKey" classname="TestOmSnapshot" time="1.361">
    <system-out><![CDATA[2023-02-28 04:33:00,650 [OM StateMachine ApplyTransaction Thread - 0] INFO  snapshot.OMSnapshotCreateRequest (OMSnapshotCreateRequest.java:validateAndUpdateCache(180)) - Created snapshot 'a1f13e82-0407-4d23-bbdf-9a81afeba37a' under path 'volume52010/bucket20296'
2023-02-28 04:33:00,651 [OM StateMachine ApplyTransaction Thread - 0] INFO  snapshot.OMSnapshotCreateRequest (OMSnapshotCreateRequest.java:validateAndUpdateCache(180)) - Created snapshot 'a1f13e82-0407-4d23-bbdf-9a81afeba37a' under path 'volume52010/bucket20296'
2023-02-28 04:33:00,651 [OM StateMachine ApplyTransaction Thread - 0] INFO  snapshot.OMSnapshotCreateRequest (OMSnapshotCreateRequest.java:validateAndUpdateCache(180)) - Created snapshot 'a1f13e82-0407-4d23-bbdf-9a81afeba37a' under path 'volume52010/bucket20296'
2023-02-28 04:33:00,681 [OMDoubleBufferFlushThread] INFO  db.RDBCheckpointManager (RDBCheckpointManager.java:createCheckpoint(96)) - Created checkpoint in rocksDB at /home/runner/work/ozone/ozone/hadoop-ozone/integration-test/target/test-dir/MiniOzoneClusterImpl-f9e21395-1bcf-40d4-8edb-6f91c23aa5c2/omNode-1/db.snapshots/om.db-719219b5-b343-4f57-a853-8610b41c0cfc in 29 milliseconds
2023-02-28 04:33:00,686 [OMDoubleBufferFlushThread] INFO  db.RDBCheckpointManager (RDBCheckpointManager.java:waitForCheckpointDirectoryExist(125)) - Waited for 5 milliseconds for checkpoint directory /home/runner/work/ozone/ozone/hadoop-ozone/integration-test/target/test-dir/MiniOzoneClusterImpl-f9e21395-1bcf-40d4-8edb-6f91c23aa5c2/omNode-1/db.snapshots/om.db-719219b5-b343-4f57-a853-8610b41c0cfc availability.
2023-02-28 04:33:00,686 [OMDoubleBufferFlushThread] INFO  om.OmSnapshotManager (OmSnapshotManager.java:createOmSnapshotCheckpoint(163)) - Created checkpoint : /home/runner/work/ozone/ozone/hadoop-ozone/integration-test/target/test-dir/MiniOzoneClusterImpl-f9e21395-1bcf-40d4-8edb-6f91c23aa5c2/omNode-1/db.snapshots/om.db-719219b5-b343-4f57-a853-8610b41c0cfc for snapshot a1f13e82-0407-4d23-bbdf-9a81afeba37a
2023-02-28 04:33:00,691 [OMDoubleBufferFlushThread] INFO  db.RDBCheckpointManager (RDBCheckpointManager.java:createCheckpoint(96)) - Created checkpoint in rocksDB at /home/runner/work/ozone/ozone/hadoop-ozone/integration-test/target/test-dir/MiniOzoneClusterImpl-f9e21395-1bcf-40d4-8edb-6f91c23aa5c2/omNode-2/db.snapshots/om.db-719219b5-b343-4f57-a853-8610b41c0cfc in 39 milliseconds
2023-02-28 04:33:00,691 [OMDoubleBufferFlushThread] INFO  db.RDBCheckpointManager (RDBCheckpointManager.java:waitForCheckpointDirectoryExist(125)) - Waited for 0 milliseconds for checkpoint directory /home/runner/work/ozone/ozone/hadoop-ozone/integration-test/target/test-dir/MiniOzoneClusterImpl-f9e21395-1bcf-40d4-8edb-6f91c23aa5c2/omNode-2/db.snapshots/om.db-719219b5-b343-4f57-a853-8610b41c0cfc availability.
2023-02-28 04:33:00,691 [OMDoubleBufferFlushThread] INFO  om.OmSnapshotManager (OmSnapshotManager.java:createOmSnapshotCheckpoint(163)) - Created checkpoint : /home/runner/work/ozone/ozone/hadoop-ozone/integration-test/target/test-dir/MiniOzoneClusterImpl-f9e21395-1bcf-40d4-8edb-6f91c23aa5c2/omNode-2/db.snapshots/om.db-719219b5-b343-4f57-a853-8610b41c0cfc for snapshot a1f13e82-0407-4d23-bbdf-9a81afeba37a
2023-02-28 04:33:00,697 [OMDoubleBufferFlushThread] INFO  db.RDBCheckpointManager (RDBCheckpointManager.java:createCheckpoint(96)) - Created checkpoint in rocksDB at /home/runner/work/ozone/ozone/hadoop-ozone/integration-test/target/test-dir/MiniOzoneClusterImpl-f9e21395-1bcf-40d4-8edb-6f91c23aa5c2/omNode-3/db.snapshots/om.db-719219b5-b343-4f57-a853-8610b41c0cfc in 44 milliseconds
2023-02-28 04:33:00,698 [OMDoubleBufferFlushThread] INFO  db.RDBCheckpointManager (RDBCheckpointManager.java:waitForCheckpointDirectoryExist(125)) - Waited for 1 milliseconds for checkpoint directory /home/runner/work/ozone/ozone/hadoop-ozone/integration-test/target/test-dir/MiniOzoneClusterImpl-f9e21395-1bcf-40d4-8edb-6f91c23aa5c2/omNode-3/db.snapshots/om.db-719219b5-b343-4f57-a853-8610b41c0cfc availability.
2023-02-28 04:33:00,698 [OMDoubleBufferFlushThread] INFO  om.OmSnapshotManager (OmSnapshotManager.java:createOmSnapshotCheckpoint(163)) - Created checkpoint : /home/runner/work/ozone/ozone/hadoop-ozone/integration-test/target/test-dir/MiniOzoneClusterImpl-f9e21395-1bcf-40d4-8edb-6f91c23aa5c2/omNode-3/db.snapshots/om.db-719219b5-b343-4f57-a853-8610b41c0cfc for snapshot a1f13e82-0407-4d23-bbdf-9a81afeba37a
04:33:01.663 [OM StateMachine ApplyTransaction Thread - 0] ERROR OMAudit - user=runner | ip=127.0.0.1 | op=DELETE_KEY {volume=volume52010, bucket=bucket20296, key=dir1, dataSize=0, replicationType=NONE, replicationFactor=ZERO} | ret=FAILURE
org.apache.hadoop.ozone.om.exceptions.OMException: Key not found
	at org.apache.hadoop.ozone.om.request.key.OMKeyDeleteRequest.validateAndUpdateCache(OMKeyDeleteRequest.java:152) ~[ozone-manager-1.4.0-SNAPSHOT.jar:?]
	at org.apache.hadoop.ozone.om.request.key.OMKeyDeleteRequest.validateAndUpdateCache(OMKeyDeleteRequest.java:98) ~[ozone-manager-1.4.0-SNAPSHOT.jar:?]
	at org.apache.hadoop.ozone.protocolPB.OzoneManagerRequestHandler.handleWriteRequest(OzoneManagerRequestHandler.java:337) ~[ozone-manager-1.4.0-SNAPSHOT.jar:?]
	at org.apache.hadoop.ozone.om.ratis.OzoneManagerStateMachine.runCommand(OzoneManagerStateMachine.java:533) ~[ozone-manager-1.4.0-SNAPSHOT.jar:?]
	at org.apache.hadoop.ozone.om.ratis.OzoneManagerStateMachine.lambda$1(OzoneManagerStateMachine.java:324) ~[ozone-manager-1.4.0-SNAPSHOT.jar:?]
	at java.util.concurrent.CompletableFuture$AsyncSupply.run(CompletableFuture.java:1604) [?:1.8.0_362]
	at java.util.concurrent.ThreadPoolExecutor.runWorker(ThreadPoolExecutor.java:1149) [?:1.8.0_362]
	at java.util.concurrent.ThreadPoolExecutor$Worker.run(ThreadPoolExecutor.java:624) [?:1.8.0_362]
	at java.lang.Thread.run(Thread.java:750) [?:1.8.0_362]
2023-02-28 04:33:01,663 [OM StateMachine ApplyTransaction Thread - 0] ERROR key.OMKeyDeleteRequest (OMKeyDeleteRequest.java:validateAndUpdateCache(208)) - Key delete failed. Volume:volume52010, Bucket:bucket20296, Key:dir1.
KEY_NOT_FOUND org.apache.hadoop.ozone.om.exceptions.OMException: Key not found
	at org.apache.hadoop.ozone.om.request.key.OMKeyDeleteRequest.validateAndUpdateCache(OMKeyDeleteRequest.java:152)
	at org.apache.hadoop.ozone.om.request.key.OMKeyDeleteRequest.validateAndUpdateCache(OMKeyDeleteRequest.java:98)
	at org.apache.hadoop.ozone.protocolPB.OzoneManagerRequestHandler.handleWriteRequest(OzoneManagerRequestHandler.java:337)
	at org.apache.hadoop.ozone.om.ratis.OzoneManagerStateMachine.runCommand(OzoneManagerStateMachine.java:533)
	at org.apache.hadoop.ozone.om.ratis.OzoneManagerStateMachine.lambda$1(OzoneManagerStateMachine.java:324)
	at java.util.concurrent.CompletableFuture$AsyncSupply.run(CompletableFuture.java:1604)
	at java.util.concurrent.ThreadPoolExecutor.runWorker(ThreadPoolExecutor.java:1149)
	at java.util.concurrent.ThreadPoolExecutor$Worker.run(ThreadPoolExecutor.java:624)
	at java.lang.Thread.run(Thread.java:750)
04:33:01.670 [OM StateMachine ApplyTransaction Thread - 0] ERROR OMAudit - user=runner | ip=127.0.0.1 | op=DELETE_KEY {volume=volume52010, bucket=bucket20296, key=dir1, dataSize=0, replicationType=NONE, replicationFactor=ZERO} | ret=FAILURE
org.apache.hadoop.ozone.om.exceptions.OMException: Key not found
	at org.apache.hadoop.ozone.om.request.key.OMKeyDeleteRequest.validateAndUpdateCache(OMKeyDeleteRequest.java:152) ~[ozone-manager-1.4.0-SNAPSHOT.jar:?]
	at org.apache.hadoop.ozone.om.request.key.OMKeyDeleteRequest.validateAndUpdateCache(OMKeyDeleteRequest.java:98) ~[ozone-manager-1.4.0-SNAPSHOT.jar:?]
	at org.apache.hadoop.ozone.protocolPB.OzoneManagerRequestHandler.handleWriteRequest(OzoneManagerRequestHandler.java:337) ~[ozone-manager-1.4.0-SNAPSHOT.jar:?]
	at org.apache.hadoop.ozone.om.ratis.OzoneManagerStateMachine.runCommand(OzoneManagerStateMachine.java:533) ~[ozone-manager-1.4.0-SNAPSHOT.jar:?]
	at org.apache.hadoop.ozone.om.ratis.OzoneManagerStateMachine.lambda$1(OzoneManagerStateMachine.java:324) ~[ozone-manager-1.4.0-SNAPSHOT.jar:?]
	at java.util.concurrent.CompletableFuture$AsyncSupply.run(CompletableFuture.java:1604) [?:1.8.0_362]
	at java.util.concurrent.ThreadPoolExecutor.runWorker(ThreadPoolExecutor.java:1149) [?:1.8.0_362]
	at java.util.concurrent.ThreadPoolExecutor$Worker.run(ThreadPoolExecutor.java:624) [?:1.8.0_362]
	at java.lang.Thread.run(Thread.java:750) [?:1.8.0_362]
2023-02-28 04:33:01,670 [OM StateMachine ApplyTransaction Thread - 0] ERROR key.OMKeyDeleteRequest (OMKeyDeleteRequest.java:validateAndUpdateCache(208)) - Key delete failed. Volume:volume52010, Bucket:bucket20296, Key:dir1.
KEY_NOT_FOUND org.apache.hadoop.ozone.om.exceptions.OMException: Key not found
	at org.apache.hadoop.ozone.om.request.key.OMKeyDeleteRequest.validateAndUpdateCache(OMKeyDeleteRequest.java:152)
	at org.apache.hadoop.ozone.om.request.key.OMKeyDeleteRequest.validateAndUpdateCache(OMKeyDeleteRequest.java:98)
	at org.apache.hadoop.ozone.protocolPB.OzoneManagerRequestHandler.handleWriteRequest(OzoneManagerRequestHandler.java:337)
	at org.apache.hadoop.ozone.om.ratis.OzoneManagerStateMachine.runCommand(OzoneManagerStateMachine.java:533)
	at org.apache.hadoop.ozone.om.ratis.OzoneManagerStateMachine.lambda$1(OzoneManagerStateMachine.java:324)
	at java.util.concurrent.CompletableFuture$AsyncSupply.run(CompletableFuture.java:1604)
	at java.util.concurrent.ThreadPoolExecutor.runWorker(ThreadPoolExecutor.java:1149)
	at java.util.concurrent.ThreadPoolExecutor$Worker.run(ThreadPoolExecutor.java:624)
	at java.lang.Thread.run(Thread.java:750)
04:33:01.672 [OM StateMachine ApplyTransaction Thread - 0] ERROR OMAudit - user=runner | ip=127.0.0.1 | op=DELETE_KEY {volume=volume52010, bucket=bucket20296, key=dir1, dataSize=0, replicationType=NONE, replicationFactor=ZERO} | ret=FAILURE
org.apache.hadoop.ozone.om.exceptions.OMException: Key not found
	at org.apache.hadoop.ozone.om.request.key.OMKeyDeleteRequest.validateAndUpdateCache(OMKeyDeleteRequest.java:152) ~[ozone-manager-1.4.0-SNAPSHOT.jar:?]
	at org.apache.hadoop.ozone.om.request.key.OMKeyDeleteRequest.validateAndUpdateCache(OMKeyDeleteRequest.java:98) ~[ozone-manager-1.4.0-SNAPSHOT.jar:?]
	at org.apache.hadoop.ozone.protocolPB.OzoneManagerRequestHandler.handleWriteRequest(OzoneManagerRequestHandler.java:337) ~[ozone-manager-1.4.0-SNAPSHOT.jar:?]
	at org.apache.hadoop.ozone.om.ratis.OzoneManagerStateMachine.runCommand(OzoneManagerStateMachine.java:533) ~[ozone-manager-1.4.0-SNAPSHOT.jar:?]
	at org.apache.hadoop.ozone.om.ratis.OzoneManagerStateMachine.lambda$1(OzoneManagerStateMachine.java:324) ~[ozone-manager-1.4.0-SNAPSHOT.jar:?]
	at java.util.concurrent.CompletableFuture$AsyncSupply.run(CompletableFuture.java:1604) [?:1.8.0_362]
	at java.util.concurrent.ThreadPoolExecutor.runWorker(ThreadPoolExecutor.java:1149) [?:1.8.0_362]
	at java.util.concurrent.ThreadPoolExecutor$Worker.run(ThreadPoolExecutor.java:624) [?:1.8.0_362]
	at java.lang.Thread.run(Thread.java:750) [?:1.8.0_362]
2023-02-28 04:33:01,672 [OM StateMachine ApplyTransaction Thread - 0] ERROR key.OMKeyDeleteRequest (OMKeyDeleteRequest.java:validateAndUpdateCache(208)) - Key delete failed. Volume:volume52010, Bucket:bucket20296, Key:dir1.
KEY_NOT_FOUND org.apache.hadoop.ozone.om.exceptions.OMException: Key not found
	at org.apache.hadoop.ozone.om.request.key.OMKeyDeleteRequest.validateAndUpdateCache(OMKeyDeleteRequest.java:152)
	at org.apache.hadoop.ozone.om.request.key.OMKeyDeleteRequest.validateAndUpdateCache(OMKeyDeleteRequest.java:98)
	at org.apache.hadoop.ozone.protocolPB.OzoneManagerRequestHandler.handleWriteRequest(OzoneManagerRequestHandler.java:337)
	at org.apache.hadoop.ozone.om.ratis.OzoneManagerStateMachine.runCommand(OzoneManagerStateMachine.java:533)
	at org.apache.hadoop.ozone.om.ratis.OzoneManagerStateMachine.lambda$1(OzoneManagerStateMachine.java:324)
	at java.util.concurrent.CompletableFuture$AsyncSupply.run(CompletableFuture.java:1604)
	at java.util.concurrent.ThreadPoolExecutor.runWorker(ThreadPoolExecutor.java:1149)
	at java.util.concurrent.ThreadPoolExecutor$Worker.run(ThreadPoolExecutor.java:624)
	at java.lang.Thread.run(Thread.java:750)
2023-02-28 04:33:01,674 [IPC Server handler 0 on default port 40781] WARN  server.ServerUtils (ServerUtils.java:getDBPath(225)) - ozone.om.db.dirs is not configured. We recommend adding this setting. Falling back to ozone.metadata.dirs instead.
2023-02-28 04:33:01,675 [IPC Server handler 0 on default port 40781] INFO  codec.OmKeyInfoCodec (OmKeyInfoCodec.java:<init>(49)) - OmKeyInfoCodec ignorePipeline = true
2023-02-28 04:33:01,675 [IPC Server handler 0 on default port 40781] INFO  codec.RepeatedOmKeyInfoCodec (RepeatedOmKeyInfoCodec.java:<init>(41)) - RepeatedOmKeyInfoCodec ignorePipeline = true
]]></system-out>
  </testcase>
  <testcase name="checkKey" classname="TestOmSnapshot" time="1.09">
    <system-out><![CDATA[2023-02-28 04:33:52,197 [OM StateMachine ApplyTransaction Thread - 0] INFO  snapshot.OMSnapshotCreateRequest (OMSnapshotCreateRequest.java:validateAndUpdateCache(180)) - Created snapshot 'b2c2cc78-c227-46ae-8b1a-10d797192e6b' under path 'volume22280/bucket00473'
2023-02-28 04:33:52,198 [OM StateMachine ApplyTransaction Thread - 0] INFO  snapshot.OMSnapshotCreateRequest (OMSnapshotCreateRequest.java:validateAndUpdateCache(180)) - Created snapshot 'b2c2cc78-c227-46ae-8b1a-10d797192e6b' under path 'volume22280/bucket00473'
2023-02-28 04:33:52,198 [OM StateMachine ApplyTransaction Thread - 0] INFO  snapshot.OMSnapshotCreateRequest (OMSnapshotCreateRequest.java:validateAndUpdateCache(180)) - Created snapshot 'b2c2cc78-c227-46ae-8b1a-10d797192e6b' under path 'volume22280/bucket00473'
2023-02-28 04:33:52,228 [OMDoubleBufferFlushThread] INFO  db.RDBCheckpointManager (RDBCheckpointManager.java:createCheckpoint(96)) - Created checkpoint in rocksDB at /home/runner/work/ozone/ozone/hadoop-ozone/integration-test/target/test-dir/MiniOzoneClusterImpl-2052965b-440d-4b09-b4b3-db311f243d80/omNode-2/db.snapshots/om.db-8cfc45d5-e835-4998-8911-21a7d7453974 in 28 milliseconds
2023-02-28 04:33:52,228 [OMDoubleBufferFlushThread] INFO  db.RDBCheckpointManager (RDBCheckpointManager.java:createCheckpoint(96)) - Created checkpoint in rocksDB at /home/runner/work/ozone/ozone/hadoop-ozone/integration-test/target/test-dir/MiniOzoneClusterImpl-2052965b-440d-4b09-b4b3-db311f243d80/omNode-1/db.snapshots/om.db-8cfc45d5-e835-4998-8911-21a7d7453974 in 28 milliseconds
2023-02-28 04:33:52,233 [OMDoubleBufferFlushThread] INFO  db.RDBCheckpointManager (RDBCheckpointManager.java:createCheckpoint(96)) - Created checkpoint in rocksDB at /home/runner/work/ozone/ozone/hadoop-ozone/integration-test/target/test-dir/MiniOzoneClusterImpl-2052965b-440d-4b09-b4b3-db311f243d80/omNode-3/db.snapshots/om.db-8cfc45d5-e835-4998-8911-21a7d7453974 in 32 milliseconds
2023-02-28 04:33:52,233 [OMDoubleBufferFlushThread] INFO  db.RDBCheckpointManager (RDBCheckpointManager.java:waitForCheckpointDirectoryExist(125)) - Waited for 5 milliseconds for checkpoint directory /home/runner/work/ozone/ozone/hadoop-ozone/integration-test/target/test-dir/MiniOzoneClusterImpl-2052965b-440d-4b09-b4b3-db311f243d80/omNode-2/db.snapshots/om.db-8cfc45d5-e835-4998-8911-21a7d7453974 availability.
2023-02-28 04:33:52,233 [OMDoubleBufferFlushThread] INFO  om.OmSnapshotManager (OmSnapshotManager.java:createOmSnapshotCheckpoint(163)) - Created checkpoint : /home/runner/work/ozone/ozone/hadoop-ozone/integration-test/target/test-dir/MiniOzoneClusterImpl-2052965b-440d-4b09-b4b3-db311f243d80/omNode-2/db.snapshots/om.db-8cfc45d5-e835-4998-8911-21a7d7453974 for snapshot b2c2cc78-c227-46ae-8b1a-10d797192e6b
2023-02-28 04:33:52,234 [OMDoubleBufferFlushThread] INFO  db.RDBCheckpointManager (RDBCheckpointManager.java:waitForCheckpointDirectoryExist(125)) - Waited for 1 milliseconds for checkpoint directory /home/runner/work/ozone/ozone/hadoop-ozone/integration-test/target/test-dir/MiniOzoneClusterImpl-2052965b-440d-4b09-b4b3-db311f243d80/omNode-3/db.snapshots/om.db-8cfc45d5-e835-4998-8911-21a7d7453974 availability.
2023-02-28 04:33:52,234 [OMDoubleBufferFlushThread] INFO  om.OmSnapshotManager (OmSnapshotManager.java:createOmSnapshotCheckpoint(163)) - Created checkpoint : /home/runner/work/ozone/ozone/hadoop-ozone/integration-test/target/test-dir/MiniOzoneClusterImpl-2052965b-440d-4b09-b4b3-db311f243d80/omNode-3/db.snapshots/om.db-8cfc45d5-e835-4998-8911-21a7d7453974 for snapshot b2c2cc78-c227-46ae-8b1a-10d797192e6b
2023-02-28 04:33:52,236 [OMDoubleBufferFlushThread] INFO  db.RDBCheckpointManager (RDBCheckpointManager.java:waitForCheckpointDirectoryExist(125)) - Waited for 7 milliseconds for checkpoint directory /home/runner/work/ozone/ozone/hadoop-ozone/integration-test/target/test-dir/MiniOzoneClusterImpl-2052965b-440d-4b09-b4b3-db311f243d80/omNode-1/db.snapshots/om.db-8cfc45d5-e835-4998-8911-21a7d7453974 availability.
2023-02-28 04:33:52,236 [OMDoubleBufferFlushThread] INFO  om.OmSnapshotManager (OmSnapshotManager.java:createOmSnapshotCheckpoint(163)) - Created checkpoint : /home/runner/work/ozone/ozone/hadoop-ozone/integration-test/target/test-dir/MiniOzoneClusterImpl-2052965b-440d-4b09-b4b3-db311f243d80/omNode-1/db.snapshots/om.db-8cfc45d5-e835-4998-8911-21a7d7453974 for snapshot b2c2cc78-c227-46ae-8b1a-10d797192e6b
2023-02-28 04:33:52,367 [EndpointStateMachine task thread for /0.0.0.0:41617 - 0 ] INFO  ipc.Client (Client.java:handleConnectionFailure(1010)) - Retrying connect to server: 0.0.0.0/0.0.0.0:41617. Already tried 1 time(s); retry policy is RetryUpToMaximumCountWithFixedSleep(maxRetries=15, sleepTime=1000 MILLISECONDS)
2023-02-28 04:33:53,208 [IPC Server handler 3 on default port 46183] WARN  server.ServerUtils (ServerUtils.java:getDBPath(225)) - ozone.om.db.dirs is not configured. We recommend adding this setting. Falling back to ozone.metadata.dirs instead.
2023-02-28 04:33:53,208 [IPC Server handler 3 on default port 46183] INFO  codec.OmKeyInfoCodec (OmKeyInfoCodec.java:<init>(49)) - OmKeyInfoCodec ignorePipeline = true
2023-02-28 04:33:53,208 [IPC Server handler 3 on default port 46183] INFO  codec.RepeatedOmKeyInfoCodec (RepeatedOmKeyInfoCodec.java:<init>(41)) - RepeatedOmKeyInfoCodec ignorePipeline = true
]]></system-out>
  </testcase>
  <testcase name="checkKey" classname="TestOmSnapshot" time="1.112">
    <system-out><![CDATA[2023-02-28 04:34:42,059 [OM StateMachine ApplyTransaction Thread - 0] INFO  snapshot.OMSnapshotCreateRequest (OMSnapshotCreateRequest.java:validateAndUpdateCache(180)) - Created snapshot 'bd559575-77ab-4aba-8f29-dbd1bd1da861' under path 'volume74312/bucket85880'
2023-02-28 04:34:42,060 [OM StateMachine ApplyTransaction Thread - 0] INFO  snapshot.OMSnapshotCreateRequest (OMSnapshotCreateRequest.java:validateAndUpdateCache(180)) - Created snapshot 'bd559575-77ab-4aba-8f29-dbd1bd1da861' under path 'volume74312/bucket85880'
2023-02-28 04:34:42,060 [OM StateMachine ApplyTransaction Thread - 0] INFO  snapshot.OMSnapshotCreateRequest (OMSnapshotCreateRequest.java:validateAndUpdateCache(180)) - Created snapshot 'bd559575-77ab-4aba-8f29-dbd1bd1da861' under path 'volume74312/bucket85880'
2023-02-28 04:34:42,095 [OMDoubleBufferFlushThread] INFO  db.RDBCheckpointManager (RDBCheckpointManager.java:createCheckpoint(96)) - Created checkpoint in rocksDB at /home/runner/work/ozone/ozone/hadoop-ozone/integration-test/target/test-dir/MiniOzoneClusterImpl-0c3862ae-9f43-41f5-9e7d-509225cf1f3d/omNode-2/db.snapshots/om.db-302b08db-eb3d-419d-b591-72291139cbbf in 33 milliseconds
2023-02-28 04:34:42,096 [OMDoubleBufferFlushThread] INFO  db.RDBCheckpointManager (RDBCheckpointManager.java:createCheckpoint(96)) - Created checkpoint in rocksDB at /home/runner/work/ozone/ozone/hadoop-ozone/integration-test/target/test-dir/MiniOzoneClusterImpl-0c3862ae-9f43-41f5-9e7d-509225cf1f3d/omNode-1/db.snapshots/om.db-302b08db-eb3d-419d-b591-72291139cbbf in 35 milliseconds
2023-02-28 04:34:42,097 [OMDoubleBufferFlushThread] INFO  db.RDBCheckpointManager (RDBCheckpointManager.java:createCheckpoint(96)) - Created checkpoint in rocksDB at /home/runner/work/ozone/ozone/hadoop-ozone/integration-test/target/test-dir/MiniOzoneClusterImpl-0c3862ae-9f43-41f5-9e7d-509225cf1f3d/omNode-3/db.snapshots/om.db-302b08db-eb3d-419d-b591-72291139cbbf in 35 milliseconds
2023-02-28 04:34:42,103 [OMDoubleBufferFlushThread] INFO  db.RDBCheckpointManager (RDBCheckpointManager.java:waitForCheckpointDirectoryExist(125)) - Waited for 8 milliseconds for checkpoint directory /home/runner/work/ozone/ozone/hadoop-ozone/integration-test/target/test-dir/MiniOzoneClusterImpl-0c3862ae-9f43-41f5-9e7d-509225cf1f3d/omNode-2/db.snapshots/om.db-302b08db-eb3d-419d-b591-72291139cbbf availability.
2023-02-28 04:34:42,103 [OMDoubleBufferFlushThread] INFO  om.OmSnapshotManager (OmSnapshotManager.java:createOmSnapshotCheckpoint(163)) - Created checkpoint : /home/runner/work/ozone/ozone/hadoop-ozone/integration-test/target/test-dir/MiniOzoneClusterImpl-0c3862ae-9f43-41f5-9e7d-509225cf1f3d/omNode-2/db.snapshots/om.db-302b08db-eb3d-419d-b591-72291139cbbf for snapshot bd559575-77ab-4aba-8f29-dbd1bd1da861
2023-02-28 04:34:42,104 [OMDoubleBufferFlushThread] INFO  db.RDBCheckpointManager (RDBCheckpointManager.java:waitForCheckpointDirectoryExist(125)) - Waited for 7 milliseconds for checkpoint directory /home/runner/work/ozone/ozone/hadoop-ozone/integration-test/target/test-dir/MiniOzoneClusterImpl-0c3862ae-9f43-41f5-9e7d-509225cf1f3d/omNode-3/db.snapshots/om.db-302b08db-eb3d-419d-b591-72291139cbbf availability.
2023-02-28 04:34:42,104 [OMDoubleBufferFlushThread] INFO  om.OmSnapshotManager (OmSnapshotManager.java:createOmSnapshotCheckpoint(163)) - Created checkpoint : /home/runner/work/ozone/ozone/hadoop-ozone/integration-test/target/test-dir/MiniOzoneClusterImpl-0c3862ae-9f43-41f5-9e7d-509225cf1f3d/omNode-3/db.snapshots/om.db-302b08db-eb3d-419d-b591-72291139cbbf for snapshot bd559575-77ab-4aba-8f29-dbd1bd1da861
2023-02-28 04:34:42,104 [OMDoubleBufferFlushThread] INFO  db.RDBCheckpointManager (RDBCheckpointManager.java:waitForCheckpointDirectoryExist(125)) - Waited for 8 milliseconds for checkpoint directory /home/runner/work/ozone/ozone/hadoop-ozone/integration-test/target/test-dir/MiniOzoneClusterImpl-0c3862ae-9f43-41f5-9e7d-509225cf1f3d/omNode-1/db.snapshots/om.db-302b08db-eb3d-419d-b591-72291139cbbf availability.
2023-02-28 04:34:42,104 [OMDoubleBufferFlushThread] INFO  om.OmSnapshotManager (OmSnapshotManager.java:createOmSnapshotCheckpoint(163)) - Created checkpoint : /home/runner/work/ozone/ozone/hadoop-ozone/integration-test/target/test-dir/MiniOzoneClusterImpl-0c3862ae-9f43-41f5-9e7d-509225cf1f3d/omNode-1/db.snapshots/om.db-302b08db-eb3d-419d-b591-72291139cbbf for snapshot bd559575-77ab-4aba-8f29-dbd1bd1da861
04:34:43.066 [OM StateMachine ApplyTransaction Thread - 0] ERROR OMAudit - user=runner | ip=127.0.0.1 | op=DELETE_KEY {volume=volume74312, bucket=bucket85880, key=dir1, dataSize=0, replicationType=NONE, replicationFactor=ZERO} | ret=FAILURE
org.apache.hadoop.ozone.om.exceptions.OMException: Key not found
	at org.apache.hadoop.ozone.om.request.key.OMKeyDeleteRequest.validateAndUpdateCache(OMKeyDeleteRequest.java:152) ~[ozone-manager-1.4.0-SNAPSHOT.jar:?]
	at org.apache.hadoop.ozone.om.request.key.OMKeyDeleteRequest.validateAndUpdateCache(OMKeyDeleteRequest.java:98) ~[ozone-manager-1.4.0-SNAPSHOT.jar:?]
	at org.apache.hadoop.ozone.protocolPB.OzoneManagerRequestHandler.handleWriteRequest(OzoneManagerRequestHandler.java:337) ~[ozone-manager-1.4.0-SNAPSHOT.jar:?]
	at org.apache.hadoop.ozone.om.ratis.OzoneManagerStateMachine.runCommand(OzoneManagerStateMachine.java:533) ~[ozone-manager-1.4.0-SNAPSHOT.jar:?]
	at org.apache.hadoop.ozone.om.ratis.OzoneManagerStateMachine.lambda$1(OzoneManagerStateMachine.java:324) ~[ozone-manager-1.4.0-SNAPSHOT.jar:?]
	at java.util.concurrent.CompletableFuture$AsyncSupply.run(CompletableFuture.java:1604) [?:1.8.0_362]
	at java.util.concurrent.ThreadPoolExecutor.runWorker(ThreadPoolExecutor.java:1149) [?:1.8.0_362]
	at java.util.concurrent.ThreadPoolExecutor$Worker.run(ThreadPoolExecutor.java:624) [?:1.8.0_362]
	at java.lang.Thread.run(Thread.java:750) [?:1.8.0_362]
2023-02-28 04:34:43,066 [OM StateMachine ApplyTransaction Thread - 0] ERROR key.OMKeyDeleteRequest (OMKeyDeleteRequest.java:validateAndUpdateCache(208)) - Key delete failed. Volume:volume74312, Bucket:bucket85880, Key:dir1.
KEY_NOT_FOUND org.apache.hadoop.ozone.om.exceptions.OMException: Key not found
	at org.apache.hadoop.ozone.om.request.key.OMKeyDeleteRequest.validateAndUpdateCache(OMKeyDeleteRequest.java:152)
	at org.apache.hadoop.ozone.om.request.key.OMKeyDeleteRequest.validateAndUpdateCache(OMKeyDeleteRequest.java:98)
	at org.apache.hadoop.ozone.protocolPB.OzoneManagerRequestHandler.handleWriteRequest(OzoneManagerRequestHandler.java:337)
	at org.apache.hadoop.ozone.om.ratis.OzoneManagerStateMachine.runCommand(OzoneManagerStateMachine.java:533)
	at org.apache.hadoop.ozone.om.ratis.OzoneManagerStateMachine.lambda$1(OzoneManagerStateMachine.java:324)
	at java.util.concurrent.CompletableFuture$AsyncSupply.run(CompletableFuture.java:1604)
	at java.util.concurrent.ThreadPoolExecutor.runWorker(ThreadPoolExecutor.java:1149)
	at java.util.concurrent.ThreadPoolExecutor$Worker.run(ThreadPoolExecutor.java:624)
	at java.lang.Thread.run(Thread.java:750)
04:34:43.067 [OM StateMachine ApplyTransaction Thread - 0] ERROR OMAudit - user=runner | ip=127.0.0.1 | op=DELETE_KEY {volume=volume74312, bucket=bucket85880, key=dir1, dataSize=0, replicationType=NONE, replicationFactor=ZERO} | ret=FAILURE
org.apache.hadoop.ozone.om.exceptions.OMException: Key not found
	at org.apache.hadoop.ozone.om.request.key.OMKeyDeleteRequest.validateAndUpdateCache(OMKeyDeleteRequest.java:152) ~[ozone-manager-1.4.0-SNAPSHOT.jar:?]
	at org.apache.hadoop.ozone.om.request.key.OMKeyDeleteRequest.validateAndUpdateCache(OMKeyDeleteRequest.java:98) ~[ozone-manager-1.4.0-SNAPSHOT.jar:?]
	at org.apache.hadoop.ozone.protocolPB.OzoneManagerRequestHandler.handleWriteRequest(OzoneManagerRequestHandler.java:337) ~[ozone-manager-1.4.0-SNAPSHOT.jar:?]
	at org.apache.hadoop.ozone.om.ratis.OzoneManagerStateMachine.runCommand(OzoneManagerStateMachine.java:533) ~[ozone-manager-1.4.0-SNAPSHOT.jar:?]
	at org.apache.hadoop.ozone.om.ratis.OzoneManagerStateMachine.lambda$1(OzoneManagerStateMachine.java:324) ~[ozone-manager-1.4.0-SNAPSHOT.jar:?]
	at java.util.concurrent.CompletableFuture$AsyncSupply.run(CompletableFuture.java:1604) [?:1.8.0_362]
	at java.util.concurrent.ThreadPoolExecutor.runWorker(ThreadPoolExecutor.java:1149) [?:1.8.0_362]
	at java.util.concurrent.ThreadPoolExecutor$Worker.run(ThreadPoolExecutor.java:624) [?:1.8.0_362]
	at java.lang.Thread.run(Thread.java:750) [?:1.8.0_362]
2023-02-28 04:34:43,067 [OM StateMachine ApplyTransaction Thread - 0] ERROR key.OMKeyDeleteRequest (OMKeyDeleteRequest.java:validateAndUpdateCache(208)) - Key delete failed. Volume:volume74312, Bucket:bucket85880, Key:dir1.
KEY_NOT_FOUND org.apache.hadoop.ozone.om.exceptions.OMException: Key not found
	at org.apache.hadoop.ozone.om.request.key.OMKeyDeleteRequest.validateAndUpdateCache(OMKeyDeleteRequest.java:152)
	at org.apache.hadoop.ozone.om.request.key.OMKeyDeleteRequest.validateAndUpdateCache(OMKeyDeleteRequest.java:98)
	at org.apache.hadoop.ozone.protocolPB.OzoneManagerRequestHandler.handleWriteRequest(OzoneManagerRequestHandler.java:337)
	at org.apache.hadoop.ozone.om.ratis.OzoneManagerStateMachine.runCommand(OzoneManagerStateMachine.java:533)
	at org.apache.hadoop.ozone.om.ratis.OzoneManagerStateMachine.lambda$1(OzoneManagerStateMachine.java:324)
	at java.util.concurrent.CompletableFuture$AsyncSupply.run(CompletableFuture.java:1604)
	at java.util.concurrent.ThreadPoolExecutor.runWorker(ThreadPoolExecutor.java:1149)
	at java.util.concurrent.ThreadPoolExecutor$Worker.run(ThreadPoolExecutor.java:624)
	at java.lang.Thread.run(Thread.java:750)
2023-02-28 04:34:43,068 [IPC Server handler 11 on default port 43485] WARN  server.ServerUtils (ServerUtils.java:getDBPath(225)) - ozone.om.db.dirs is not configured. We recommend adding this setting. Falling back to ozone.metadata.dirs instead.
2023-02-28 04:34:43,068 [IPC Server handler 11 on default port 43485] INFO  codec.OmKeyInfoCodec (OmKeyInfoCodec.java:<init>(49)) - OmKeyInfoCodec ignorePipeline = true
2023-02-28 04:34:43,068 [IPC Server handler 11 on default port 43485] INFO  codec.RepeatedOmKeyInfoCodec (RepeatedOmKeyInfoCodec.java:<init>(41)) - RepeatedOmKeyInfoCodec ignorePipeline = true
04:34:43.068 [OM StateMachine ApplyTransaction Thread - 0] ERROR OMAudit - user=runner | ip=127.0.0.1 | op=DELETE_KEY {volume=volume74312, bucket=bucket85880, key=dir1, dataSize=0, replicationType=NONE, replicationFactor=ZERO} | ret=FAILURE
org.apache.hadoop.ozone.om.exceptions.OMException: Key not found
	at org.apache.hadoop.ozone.om.request.key.OMKeyDeleteRequest.validateAndUpdateCache(OMKeyDeleteRequest.java:152) ~[ozone-manager-1.4.0-SNAPSHOT.jar:?]
	at org.apache.hadoop.ozone.om.request.key.OMKeyDeleteRequest.validateAndUpdateCache(OMKeyDeleteRequest.java:98) ~[ozone-manager-1.4.0-SNAPSHOT.jar:?]
	at org.apache.hadoop.ozone.protocolPB.OzoneManagerRequestHandler.handleWriteRequest(OzoneManagerRequestHandler.java:337) ~[ozone-manager-1.4.0-SNAPSHOT.jar:?]
	at org.apache.hadoop.ozone.om.ratis.OzoneManagerStateMachine.runCommand(OzoneManagerStateMachine.java:533) ~[ozone-manager-1.4.0-SNAPSHOT.jar:?]
	at org.apache.hadoop.ozone.om.ratis.OzoneManagerStateMachine.lambda$1(OzoneManagerStateMachine.java:324) ~[ozone-manager-1.4.0-SNAPSHOT.jar:?]
	at java.util.concurrent.CompletableFuture$AsyncSupply.run(CompletableFuture.java:1604) [?:1.8.0_362]
	at java.util.concurrent.ThreadPoolExecutor.runWorker(ThreadPoolExecutor.java:1149) [?:1.8.0_362]
	at java.util.concurrent.ThreadPoolExecutor$Worker.run(ThreadPoolExecutor.java:624) [?:1.8.0_362]
	at java.lang.Thread.run(Thread.java:750) [?:1.8.0_362]
2023-02-28 04:34:43,072 [OM StateMachine ApplyTransaction Thread - 0] ERROR key.OMKeyDeleteRequest (OMKeyDeleteRequest.java:validateAndUpdateCache(208)) - Key delete failed. Volume:volume74312, Bucket:bucket85880, Key:dir1.
KEY_NOT_FOUND org.apache.hadoop.ozone.om.exceptions.OMException: Key not found
	at org.apache.hadoop.ozone.om.request.key.OMKeyDeleteRequest.validateAndUpdateCache(OMKeyDeleteRequest.java:152)
	at org.apache.hadoop.ozone.om.request.key.OMKeyDeleteRequest.validateAndUpdateCache(OMKeyDeleteRequest.java:98)
	at org.apache.hadoop.ozone.protocolPB.OzoneManagerRequestHandler.handleWriteRequest(OzoneManagerRequestHandler.java:337)
	at org.apache.hadoop.ozone.om.ratis.OzoneManagerStateMachine.runCommand(OzoneManagerStateMachine.java:533)
	at org.apache.hadoop.ozone.om.ratis.OzoneManagerStateMachine.lambda$1(OzoneManagerStateMachine.java:324)
	at java.util.concurrent.CompletableFuture$AsyncSupply.run(CompletableFuture.java:1604)
	at java.util.concurrent.ThreadPoolExecutor.runWorker(ThreadPoolExecutor.java:1149)
	at java.util.concurrent.ThreadPoolExecutor$Worker.run(ThreadPoolExecutor.java:624)
	at java.lang.Thread.run(Thread.java:750)
]]></system-out>
  </testcase>
  <testcase name="testSnapDiffNoSnapshot" classname="TestOmSnapshot" time="1.087">
    <system-out><![CDATA[2023-02-28 04:33:01,930 [Time-limited test] INFO  rpc.RpcClient (RpcClient.java:createVolume(476)) - Creating Volume: vol-05789, with runner as owner and space quota set to -1 bytes, counts quota set to -1
2023-02-28 04:33:01,933 [OM StateMachine ApplyTransaction Thread - 0] INFO  volume.OMVolumeCreateRequest (OMVolumeCreateRequest.java:validateAndUpdateCache(195)) - created volume:vol-05789 for user:runner
2023-02-28 04:33:01,935 [OM StateMachine ApplyTransaction Thread - 0] INFO  volume.OMVolumeCreateRequest (OMVolumeCreateRequest.java:validateAndUpdateCache(195)) - created volume:vol-05789 for user:runner
2023-02-28 04:33:01,935 [OM StateMachine ApplyTransaction Thread - 0] INFO  volume.OMVolumeCreateRequest (OMVolumeCreateRequest.java:validateAndUpdateCache(195)) - created volume:vol-05789 for user:runner
2023-02-28 04:33:01,939 [Time-limited test] INFO  rpc.RpcClient (RpcClient.java:createBucket(698)) - Creating Bucket: vol-05789/buck-46939, with server-side default bucket layout, runner as owner, Versioning false, Storage Type set to DISK and Encryption set to false, Replication Type set to server-side default replication type, Namespace Quota set to -1, Space Quota set to -1 
2023-02-28 04:33:01,942 [OM StateMachine ApplyTransaction Thread - 0] INFO  bucket.OMBucketCreateRequest (OMBucketCreateRequest.java:validateAndUpdateCache(263)) - created bucket: buck-46939 of layout OBJECT_STORE in volume: vol-05789
2023-02-28 04:33:01,942 [OM StateMachine ApplyTransaction Thread - 0] INFO  bucket.OMBucketCreateRequest (OMBucketCreateRequest.java:validateAndUpdateCache(263)) - created bucket: buck-46939 of layout OBJECT_STORE in volume: vol-05789
2023-02-28 04:33:01,943 [OM StateMachine ApplyTransaction Thread - 0] INFO  bucket.OMBucketCreateRequest (OMBucketCreateRequest.java:validateAndUpdateCache(263)) - created bucket: buck-46939 of layout OBJECT_STORE in volume: vol-05789
2023-02-28 04:33:02,006 [OM StateMachine ApplyTransaction Thread - 0] INFO  snapshot.OMSnapshotCreateRequest (OMSnapshotCreateRequest.java:validateAndUpdateCache(180)) - Created snapshot 'snap73612' under path 'vol-05789/buck-46939'
2023-02-28 04:33:02,007 [OM StateMachine ApplyTransaction Thread - 0] INFO  snapshot.OMSnapshotCreateRequest (OMSnapshotCreateRequest.java:validateAndUpdateCache(180)) - Created snapshot 'snap73612' under path 'vol-05789/buck-46939'
2023-02-28 04:33:02,008 [OM StateMachine ApplyTransaction Thread - 0] INFO  snapshot.OMSnapshotCreateRequest (OMSnapshotCreateRequest.java:validateAndUpdateCache(180)) - Created snapshot 'snap73612' under path 'vol-05789/buck-46939'
2023-02-28 04:33:02,050 [OMDoubleBufferFlushThread] INFO  db.RDBCheckpointManager (RDBCheckpointManager.java:createCheckpoint(96)) - Created checkpoint in rocksDB at /home/runner/work/ozone/ozone/hadoop-ozone/integration-test/target/test-dir/MiniOzoneClusterImpl-f9e21395-1bcf-40d4-8edb-6f91c23aa5c2/omNode-3/db.snapshots/om.db-d58e6ae6-2244-4f0e-b6ea-0387071e5b66 in 42 milliseconds
2023-02-28 04:33:02,052 [OMDoubleBufferFlushThread] INFO  db.RDBCheckpointManager (RDBCheckpointManager.java:waitForCheckpointDirectoryExist(125)) - Waited for 2 milliseconds for checkpoint directory /home/runner/work/ozone/ozone/hadoop-ozone/integration-test/target/test-dir/MiniOzoneClusterImpl-f9e21395-1bcf-40d4-8edb-6f91c23aa5c2/omNode-3/db.snapshots/om.db-d58e6ae6-2244-4f0e-b6ea-0387071e5b66 availability.
2023-02-28 04:33:02,052 [OMDoubleBufferFlushThread] INFO  om.OmSnapshotManager (OmSnapshotManager.java:createOmSnapshotCheckpoint(163)) - Created checkpoint : /home/runner/work/ozone/ozone/hadoop-ozone/integration-test/target/test-dir/MiniOzoneClusterImpl-f9e21395-1bcf-40d4-8edb-6f91c23aa5c2/omNode-3/db.snapshots/om.db-d58e6ae6-2244-4f0e-b6ea-0387071e5b66 for snapshot snap73612
2023-02-28 04:33:02,061 [OMDoubleBufferFlushThread] INFO  db.RDBCheckpointManager (RDBCheckpointManager.java:createCheckpoint(96)) - Created checkpoint in rocksDB at /home/runner/work/ozone/ozone/hadoop-ozone/integration-test/target/test-dir/MiniOzoneClusterImpl-f9e21395-1bcf-40d4-8edb-6f91c23aa5c2/omNode-2/db.snapshots/om.db-d58e6ae6-2244-4f0e-b6ea-0387071e5b66 in 52 milliseconds
2023-02-28 04:33:02,061 [OMDoubleBufferFlushThread] INFO  db.RDBCheckpointManager (RDBCheckpointManager.java:createCheckpoint(96)) - Created checkpoint in rocksDB at /home/runner/work/ozone/ozone/hadoop-ozone/integration-test/target/test-dir/MiniOzoneClusterImpl-f9e21395-1bcf-40d4-8edb-6f91c23aa5c2/omNode-1/db.snapshots/om.db-d58e6ae6-2244-4f0e-b6ea-0387071e5b66 in 53 milliseconds
2023-02-28 04:33:02,062 [OMDoubleBufferFlushThread] INFO  db.RDBCheckpointManager (RDBCheckpointManager.java:waitForCheckpointDirectoryExist(125)) - Waited for 1 milliseconds for checkpoint directory /home/runner/work/ozone/ozone/hadoop-ozone/integration-test/target/test-dir/MiniOzoneClusterImpl-f9e21395-1bcf-40d4-8edb-6f91c23aa5c2/omNode-2/db.snapshots/om.db-d58e6ae6-2244-4f0e-b6ea-0387071e5b66 availability.
2023-02-28 04:33:02,062 [OMDoubleBufferFlushThread] INFO  om.OmSnapshotManager (OmSnapshotManager.java:createOmSnapshotCheckpoint(163)) - Created checkpoint : /home/runner/work/ozone/ozone/hadoop-ozone/integration-test/target/test-dir/MiniOzoneClusterImpl-f9e21395-1bcf-40d4-8edb-6f91c23aa5c2/omNode-2/db.snapshots/om.db-d58e6ae6-2244-4f0e-b6ea-0387071e5b66 for snapshot snap73612
2023-02-28 04:33:02,063 [OMDoubleBufferFlushThread] INFO  db.RDBCheckpointManager (RDBCheckpointManager.java:waitForCheckpointDirectoryExist(125)) - Waited for 2 milliseconds for checkpoint directory /home/runner/work/ozone/ozone/hadoop-ozone/integration-test/target/test-dir/MiniOzoneClusterImpl-f9e21395-1bcf-40d4-8edb-6f91c23aa5c2/omNode-1/db.snapshots/om.db-d58e6ae6-2244-4f0e-b6ea-0387071e5b66 availability.
2023-02-28 04:33:02,063 [OMDoubleBufferFlushThread] INFO  om.OmSnapshotManager (OmSnapshotManager.java:createOmSnapshotCheckpoint(163)) - Created checkpoint : /home/runner/work/ozone/ozone/hadoop-ozone/integration-test/target/test-dir/MiniOzoneClusterImpl-f9e21395-1bcf-40d4-8edb-6f91c23aa5c2/omNode-1/db.snapshots/om.db-d58e6ae6-2244-4f0e-b6ea-0387071e5b66 for snapshot snap73612
]]></system-out>
  </testcase>
  <testcase name="testSnapDiffNoSnapshot" classname="TestOmSnapshot" time="1.04">
    <system-out><![CDATA[2023-02-28 04:33:53,243 [Time-limited test] INFO  rpc.RpcClient (RpcClient.java:createVolume(476)) - Creating Volume: vol-91587, with runner as owner and space quota set to -1 bytes, counts quota set to -1
2023-02-28 04:33:53,245 [OM StateMachine ApplyTransaction Thread - 0] INFO  volume.OMVolumeCreateRequest (OMVolumeCreateRequest.java:validateAndUpdateCache(195)) - created volume:vol-91587 for user:runner
2023-02-28 04:33:53,246 [OM StateMachine ApplyTransaction Thread - 0] INFO  volume.OMVolumeCreateRequest (OMVolumeCreateRequest.java:validateAndUpdateCache(195)) - created volume:vol-91587 for user:runner
2023-02-28 04:33:53,247 [OM StateMachine ApplyTransaction Thread - 0] INFO  volume.OMVolumeCreateRequest (OMVolumeCreateRequest.java:validateAndUpdateCache(195)) - created volume:vol-91587 for user:runner
2023-02-28 04:33:53,248 [Time-limited test] INFO  rpc.RpcClient (RpcClient.java:createBucket(698)) - Creating Bucket: vol-91587/buck-83036, with server-side default bucket layout, runner as owner, Versioning false, Storage Type set to DISK and Encryption set to false, Replication Type set to server-side default replication type, Namespace Quota set to -1, Space Quota set to -1 
2023-02-28 04:33:53,250 [OM StateMachine ApplyTransaction Thread - 0] INFO  bucket.OMBucketCreateRequest (OMBucketCreateRequest.java:validateAndUpdateCache(263)) - created bucket: buck-83036 of layout FILE_SYSTEM_OPTIMIZED in volume: vol-91587
2023-02-28 04:33:53,251 [OM StateMachine ApplyTransaction Thread - 0] INFO  bucket.OMBucketCreateRequest (OMBucketCreateRequest.java:validateAndUpdateCache(263)) - created bucket: buck-83036 of layout FILE_SYSTEM_OPTIMIZED in volume: vol-91587
2023-02-28 04:33:53,251 [OM StateMachine ApplyTransaction Thread - 0] INFO  bucket.OMBucketCreateRequest (OMBucketCreateRequest.java:validateAndUpdateCache(263)) - created bucket: buck-83036 of layout FILE_SYSTEM_OPTIMIZED in volume: vol-91587
2023-02-28 04:33:53,275 [OM StateMachine ApplyTransaction Thread - 0] INFO  snapshot.OMSnapshotCreateRequest (OMSnapshotCreateRequest.java:validateAndUpdateCache(180)) - Created snapshot 'snap54311' under path 'vol-91587/buck-83036'
2023-02-28 04:33:53,276 [OM StateMachine ApplyTransaction Thread - 0] INFO  snapshot.OMSnapshotCreateRequest (OMSnapshotCreateRequest.java:validateAndUpdateCache(180)) - Created snapshot 'snap54311' under path 'vol-91587/buck-83036'
2023-02-28 04:33:53,276 [OM StateMachine ApplyTransaction Thread - 0] INFO  snapshot.OMSnapshotCreateRequest (OMSnapshotCreateRequest.java:validateAndUpdateCache(180)) - Created snapshot 'snap54311' under path 'vol-91587/buck-83036'
2023-02-28 04:33:53,316 [OMDoubleBufferFlushThread] INFO  db.RDBCheckpointManager (RDBCheckpointManager.java:createCheckpoint(96)) - Created checkpoint in rocksDB at /home/runner/work/ozone/ozone/hadoop-ozone/integration-test/target/test-dir/MiniOzoneClusterImpl-2052965b-440d-4b09-b4b3-db311f243d80/omNode-2/db.snapshots/om.db-88913c04-c0c6-425c-9780-71866d081e5b in 39 milliseconds
2023-02-28 04:33:53,317 [OMDoubleBufferFlushThread] INFO  db.RDBCheckpointManager (RDBCheckpointManager.java:waitForCheckpointDirectoryExist(125)) - Waited for 1 milliseconds for checkpoint directory /home/runner/work/ozone/ozone/hadoop-ozone/integration-test/target/test-dir/MiniOzoneClusterImpl-2052965b-440d-4b09-b4b3-db311f243d80/omNode-2/db.snapshots/om.db-88913c04-c0c6-425c-9780-71866d081e5b availability.
2023-02-28 04:33:53,317 [OMDoubleBufferFlushThread] INFO  om.OmSnapshotManager (OmSnapshotManager.java:createOmSnapshotCheckpoint(163)) - Created checkpoint : /home/runner/work/ozone/ozone/hadoop-ozone/integration-test/target/test-dir/MiniOzoneClusterImpl-2052965b-440d-4b09-b4b3-db311f243d80/omNode-2/db.snapshots/om.db-88913c04-c0c6-425c-9780-71866d081e5b for snapshot snap54311
2023-02-28 04:33:53,325 [OMDoubleBufferFlushThread] INFO  db.RDBCheckpointManager (RDBCheckpointManager.java:createCheckpoint(96)) - Created checkpoint in rocksDB at /home/runner/work/ozone/ozone/hadoop-ozone/integration-test/target/test-dir/MiniOzoneClusterImpl-2052965b-440d-4b09-b4b3-db311f243d80/omNode-1/db.snapshots/om.db-88913c04-c0c6-425c-9780-71866d081e5b in 48 milliseconds
2023-02-28 04:33:53,325 [OMDoubleBufferFlushThread] INFO  db.RDBCheckpointManager (RDBCheckpointManager.java:waitForCheckpointDirectoryExist(125)) - Waited for 0 milliseconds for checkpoint directory /home/runner/work/ozone/ozone/hadoop-ozone/integration-test/target/test-dir/MiniOzoneClusterImpl-2052965b-440d-4b09-b4b3-db311f243d80/omNode-1/db.snapshots/om.db-88913c04-c0c6-425c-9780-71866d081e5b availability.
2023-02-28 04:33:53,325 [OMDoubleBufferFlushThread] INFO  om.OmSnapshotManager (OmSnapshotManager.java:createOmSnapshotCheckpoint(163)) - Created checkpoint : /home/runner/work/ozone/ozone/hadoop-ozone/integration-test/target/test-dir/MiniOzoneClusterImpl-2052965b-440d-4b09-b4b3-db311f243d80/omNode-1/db.snapshots/om.db-88913c04-c0c6-425c-9780-71866d081e5b for snapshot snap54311
2023-02-28 04:33:53,327 [OMDoubleBufferFlushThread] INFO  db.RDBCheckpointManager (RDBCheckpointManager.java:createCheckpoint(96)) - Created checkpoint in rocksDB at /home/runner/work/ozone/ozone/hadoop-ozone/integration-test/target/test-dir/MiniOzoneClusterImpl-2052965b-440d-4b09-b4b3-db311f243d80/omNode-3/db.snapshots/om.db-88913c04-c0c6-425c-9780-71866d081e5b in 49 milliseconds
2023-02-28 04:33:53,327 [OMDoubleBufferFlushThread] INFO  db.RDBCheckpointManager (RDBCheckpointManager.java:waitForCheckpointDirectoryExist(125)) - Waited for 0 milliseconds for checkpoint directory /home/runner/work/ozone/ozone/hadoop-ozone/integration-test/target/test-dir/MiniOzoneClusterImpl-2052965b-440d-4b09-b4b3-db311f243d80/omNode-3/db.snapshots/om.db-88913c04-c0c6-425c-9780-71866d081e5b availability.
2023-02-28 04:33:53,327 [OMDoubleBufferFlushThread] INFO  om.OmSnapshotManager (OmSnapshotManager.java:createOmSnapshotCheckpoint(163)) - Created checkpoint : /home/runner/work/ozone/ozone/hadoop-ozone/integration-test/target/test-dir/MiniOzoneClusterImpl-2052965b-440d-4b09-b4b3-db311f243d80/omNode-3/db.snapshots/om.db-88913c04-c0c6-425c-9780-71866d081e5b for snapshot snap54311
2023-02-28 04:33:53,367 [EndpointStateMachine task thread for /0.0.0.0:41617 - 0 ] INFO  ipc.Client (Client.java:handleConnectionFailure(1010)) - Retrying connect to server: 0.0.0.0/0.0.0.0:41617. Already tried 2 time(s); retry policy is RetryUpToMaximumCountWithFixedSleep(maxRetries=15, sleepTime=1000 MILLISECONDS)
]]></system-out>
  </testcase>
  <testcase name="testSnapDiffNoSnapshot" classname="TestOmSnapshot" time="1.032">
    <system-out><![CDATA[2023-02-28 04:34:43,115 [Time-limited test] INFO  rpc.RpcClient (RpcClient.java:createVolume(476)) - Creating Volume: vol-53139, with runner as owner and space quota set to -1 bytes, counts quota set to -1
2023-02-28 04:34:43,117 [OM StateMachine ApplyTransaction Thread - 0] INFO  volume.OMVolumeCreateRequest (OMVolumeCreateRequest.java:validateAndUpdateCache(195)) - created volume:vol-53139 for user:runner
2023-02-28 04:34:43,118 [OM StateMachine ApplyTransaction Thread - 0] INFO  volume.OMVolumeCreateRequest (OMVolumeCreateRequest.java:validateAndUpdateCache(195)) - created volume:vol-53139 for user:runner
2023-02-28 04:34:43,119 [Time-limited test] INFO  rpc.RpcClient (RpcClient.java:createBucket(698)) - Creating Bucket: vol-53139/buck-97721, with server-side default bucket layout, runner as owner, Versioning false, Storage Type set to DISK and Encryption set to false, Replication Type set to server-side default replication type, Namespace Quota set to -1, Space Quota set to -1 
2023-02-28 04:34:43,120 [OM StateMachine ApplyTransaction Thread - 0] INFO  volume.OMVolumeCreateRequest (OMVolumeCreateRequest.java:validateAndUpdateCache(195)) - created volume:vol-53139 for user:runner
2023-02-28 04:34:43,121 [OM StateMachine ApplyTransaction Thread - 0] INFO  bucket.OMBucketCreateRequest (OMBucketCreateRequest.java:validateAndUpdateCache(263)) - created bucket: buck-97721 of layout LEGACY in volume: vol-53139
2023-02-28 04:34:43,122 [OM StateMachine ApplyTransaction Thread - 0] INFO  bucket.OMBucketCreateRequest (OMBucketCreateRequest.java:validateAndUpdateCache(263)) - created bucket: buck-97721 of layout LEGACY in volume: vol-53139
2023-02-28 04:34:43,122 [OM StateMachine ApplyTransaction Thread - 0] INFO  bucket.OMBucketCreateRequest (OMBucketCreateRequest.java:validateAndUpdateCache(263)) - created bucket: buck-97721 of layout LEGACY in volume: vol-53139
2023-02-28 04:34:43,143 [OM StateMachine ApplyTransaction Thread - 0] INFO  snapshot.OMSnapshotCreateRequest (OMSnapshotCreateRequest.java:validateAndUpdateCache(180)) - Created snapshot 'snap22539' under path 'vol-53139/buck-97721'
2023-02-28 04:34:43,143 [OM StateMachine ApplyTransaction Thread - 0] INFO  snapshot.OMSnapshotCreateRequest (OMSnapshotCreateRequest.java:validateAndUpdateCache(180)) - Created snapshot 'snap22539' under path 'vol-53139/buck-97721'
2023-02-28 04:34:43,144 [OM StateMachine ApplyTransaction Thread - 0] INFO  snapshot.OMSnapshotCreateRequest (OMSnapshotCreateRequest.java:validateAndUpdateCache(180)) - Created snapshot 'snap22539' under path 'vol-53139/buck-97721'
2023-02-28 04:34:43,185 [OMDoubleBufferFlushThread] INFO  db.RDBCheckpointManager (RDBCheckpointManager.java:createCheckpoint(96)) - Created checkpoint in rocksDB at /home/runner/work/ozone/ozone/hadoop-ozone/integration-test/target/test-dir/MiniOzoneClusterImpl-0c3862ae-9f43-41f5-9e7d-509225cf1f3d/omNode-2/db.snapshots/om.db-60953eae-811b-4c22-af6a-6896542085a8 in 40 milliseconds
2023-02-28 04:34:43,185 [OMDoubleBufferFlushThread] INFO  db.RDBCheckpointManager (RDBCheckpointManager.java:waitForCheckpointDirectoryExist(125)) - Waited for 0 milliseconds for checkpoint directory /home/runner/work/ozone/ozone/hadoop-ozone/integration-test/target/test-dir/MiniOzoneClusterImpl-0c3862ae-9f43-41f5-9e7d-509225cf1f3d/omNode-2/db.snapshots/om.db-60953eae-811b-4c22-af6a-6896542085a8 availability.
2023-02-28 04:34:43,186 [OMDoubleBufferFlushThread] INFO  om.OmSnapshotManager (OmSnapshotManager.java:createOmSnapshotCheckpoint(163)) - Created checkpoint : /home/runner/work/ozone/ozone/hadoop-ozone/integration-test/target/test-dir/MiniOzoneClusterImpl-0c3862ae-9f43-41f5-9e7d-509225cf1f3d/omNode-2/db.snapshots/om.db-60953eae-811b-4c22-af6a-6896542085a8 for snapshot snap22539
2023-02-28 04:34:43,195 [OMDoubleBufferFlushThread] INFO  db.RDBCheckpointManager (RDBCheckpointManager.java:createCheckpoint(96)) - Created checkpoint in rocksDB at /home/runner/work/ozone/ozone/hadoop-ozone/integration-test/target/test-dir/MiniOzoneClusterImpl-0c3862ae-9f43-41f5-9e7d-509225cf1f3d/omNode-3/db.snapshots/om.db-60953eae-811b-4c22-af6a-6896542085a8 in 50 milliseconds
2023-02-28 04:34:43,195 [OMDoubleBufferFlushThread] INFO  db.RDBCheckpointManager (RDBCheckpointManager.java:waitForCheckpointDirectoryExist(125)) - Waited for 0 milliseconds for checkpoint directory /home/runner/work/ozone/ozone/hadoop-ozone/integration-test/target/test-dir/MiniOzoneClusterImpl-0c3862ae-9f43-41f5-9e7d-509225cf1f3d/omNode-3/db.snapshots/om.db-60953eae-811b-4c22-af6a-6896542085a8 availability.
2023-02-28 04:34:43,195 [OMDoubleBufferFlushThread] INFO  om.OmSnapshotManager (OmSnapshotManager.java:createOmSnapshotCheckpoint(163)) - Created checkpoint : /home/runner/work/ozone/ozone/hadoop-ozone/integration-test/target/test-dir/MiniOzoneClusterImpl-0c3862ae-9f43-41f5-9e7d-509225cf1f3d/omNode-3/db.snapshots/om.db-60953eae-811b-4c22-af6a-6896542085a8 for snapshot snap22539
2023-02-28 04:34:43,196 [OMDoubleBufferFlushThread] INFO  db.RDBCheckpointManager (RDBCheckpointManager.java:createCheckpoint(96)) - Created checkpoint in rocksDB at /home/runner/work/ozone/ozone/hadoop-ozone/integration-test/target/test-dir/MiniOzoneClusterImpl-0c3862ae-9f43-41f5-9e7d-509225cf1f3d/omNode-1/db.snapshots/om.db-60953eae-811b-4c22-af6a-6896542085a8 in 51 milliseconds
2023-02-28 04:34:43,196 [OMDoubleBufferFlushThread] INFO  db.RDBCheckpointManager (RDBCheckpointManager.java:waitForCheckpointDirectoryExist(125)) - Waited for 0 milliseconds for checkpoint directory /home/runner/work/ozone/ozone/hadoop-ozone/integration-test/target/test-dir/MiniOzoneClusterImpl-0c3862ae-9f43-41f5-9e7d-509225cf1f3d/omNode-1/db.snapshots/om.db-60953eae-811b-4c22-af6a-6896542085a8 availability.
2023-02-28 04:34:43,196 [OMDoubleBufferFlushThread] INFO  om.OmSnapshotManager (OmSnapshotManager.java:createOmSnapshotCheckpoint(163)) - Created checkpoint : /home/runner/work/ozone/ozone/hadoop-ozone/integration-test/target/test-dir/MiniOzoneClusterImpl-0c3862ae-9f43-41f5-9e7d-509225cf1f3d/omNode-1/db.snapshots/om.db-60953eae-811b-4c22-af6a-6896542085a8 for snapshot snap22539
]]></system-out>
  </testcase>
  <testcase name="testSnapDiffMissingMandatoryParams" classname="TestOmSnapshot" time="2.066">
    <system-out><![CDATA[2023-02-28 04:33:03,012 [Time-limited test] INFO  rpc.RpcClient (RpcClient.java:createVolume(476)) - Creating Volume: vol-85066, with runner as owner and space quota set to -1 bytes, counts quota set to -1
2023-02-28 04:33:03,017 [OM StateMachine ApplyTransaction Thread - 0] INFO  volume.OMVolumeCreateRequest (OMVolumeCreateRequest.java:validateAndUpdateCache(195)) - created volume:vol-85066 for user:runner
2023-02-28 04:33:03,018 [OM StateMachine ApplyTransaction Thread - 0] INFO  volume.OMVolumeCreateRequest (OMVolumeCreateRequest.java:validateAndUpdateCache(195)) - created volume:vol-85066 for user:runner
2023-02-28 04:33:03,019 [Time-limited test] INFO  rpc.RpcClient (RpcClient.java:createBucket(698)) - Creating Bucket: vol-85066/buck-02111, with server-side default bucket layout, runner as owner, Versioning false, Storage Type set to DISK and Encryption set to false, Replication Type set to server-side default replication type, Namespace Quota set to -1, Space Quota set to -1 
2023-02-28 04:33:03,019 [OM StateMachine ApplyTransaction Thread - 0] INFO  volume.OMVolumeCreateRequest (OMVolumeCreateRequest.java:validateAndUpdateCache(195)) - created volume:vol-85066 for user:runner
2023-02-28 04:33:03,021 [OM StateMachine ApplyTransaction Thread - 0] INFO  bucket.OMBucketCreateRequest (OMBucketCreateRequest.java:validateAndUpdateCache(263)) - created bucket: buck-02111 of layout OBJECT_STORE in volume: vol-85066
2023-02-28 04:33:03,022 [OM StateMachine ApplyTransaction Thread - 0] INFO  bucket.OMBucketCreateRequest (OMBucketCreateRequest.java:validateAndUpdateCache(263)) - created bucket: buck-02111 of layout OBJECT_STORE in volume: vol-85066
2023-02-28 04:33:03,022 [OM StateMachine ApplyTransaction Thread - 0] INFO  bucket.OMBucketCreateRequest (OMBucketCreateRequest.java:validateAndUpdateCache(263)) - created bucket: buck-02111 of layout OBJECT_STORE in volume: vol-85066
2023-02-28 04:33:03,068 [OM StateMachine ApplyTransaction Thread - 0] INFO  snapshot.OMSnapshotCreateRequest (OMSnapshotCreateRequest.java:validateAndUpdateCache(180)) - Created snapshot 'snap09157' under path 'vol-85066/buck-02111'
2023-02-28 04:33:03,069 [OM StateMachine ApplyTransaction Thread - 0] INFO  snapshot.OMSnapshotCreateRequest (OMSnapshotCreateRequest.java:validateAndUpdateCache(180)) - Created snapshot 'snap09157' under path 'vol-85066/buck-02111'
2023-02-28 04:33:03,069 [OM StateMachine ApplyTransaction Thread - 0] INFO  snapshot.OMSnapshotCreateRequest (OMSnapshotCreateRequest.java:validateAndUpdateCache(180)) - Created snapshot 'snap09157' under path 'vol-85066/buck-02111'
2023-02-28 04:33:03,109 [OMDoubleBufferFlushThread] INFO  db.RDBCheckpointManager (RDBCheckpointManager.java:createCheckpoint(96)) - Created checkpoint in rocksDB at /home/runner/work/ozone/ozone/hadoop-ozone/integration-test/target/test-dir/MiniOzoneClusterImpl-f9e21395-1bcf-40d4-8edb-6f91c23aa5c2/omNode-3/db.snapshots/om.db-8bb71fde-076e-4816-8df2-9dbc05f10851 in 39 milliseconds
2023-02-28 04:33:03,112 [OMDoubleBufferFlushThread] INFO  db.RDBCheckpointManager (RDBCheckpointManager.java:createCheckpoint(96)) - Created checkpoint in rocksDB at /home/runner/work/ozone/ozone/hadoop-ozone/integration-test/target/test-dir/MiniOzoneClusterImpl-f9e21395-1bcf-40d4-8edb-6f91c23aa5c2/omNode-2/db.snapshots/om.db-8bb71fde-076e-4816-8df2-9dbc05f10851 in 41 milliseconds
2023-02-28 04:33:03,113 [OMDoubleBufferFlushThread] INFO  db.RDBCheckpointManager (RDBCheckpointManager.java:waitForCheckpointDirectoryExist(125)) - Waited for 4 milliseconds for checkpoint directory /home/runner/work/ozone/ozone/hadoop-ozone/integration-test/target/test-dir/MiniOzoneClusterImpl-f9e21395-1bcf-40d4-8edb-6f91c23aa5c2/omNode-3/db.snapshots/om.db-8bb71fde-076e-4816-8df2-9dbc05f10851 availability.
2023-02-28 04:33:03,113 [OMDoubleBufferFlushThread] INFO  om.OmSnapshotManager (OmSnapshotManager.java:createOmSnapshotCheckpoint(163)) - Created checkpoint : /home/runner/work/ozone/ozone/hadoop-ozone/integration-test/target/test-dir/MiniOzoneClusterImpl-f9e21395-1bcf-40d4-8edb-6f91c23aa5c2/omNode-3/db.snapshots/om.db-8bb71fde-076e-4816-8df2-9dbc05f10851 for snapshot snap09157
2023-02-28 04:33:03,114 [OMDoubleBufferFlushThread] INFO  db.RDBCheckpointManager (RDBCheckpointManager.java:waitForCheckpointDirectoryExist(125)) - Waited for 2 milliseconds for checkpoint directory /home/runner/work/ozone/ozone/hadoop-ozone/integration-test/target/test-dir/MiniOzoneClusterImpl-f9e21395-1bcf-40d4-8edb-6f91c23aa5c2/omNode-2/db.snapshots/om.db-8bb71fde-076e-4816-8df2-9dbc05f10851 availability.
2023-02-28 04:33:03,114 [OMDoubleBufferFlushThread] INFO  om.OmSnapshotManager (OmSnapshotManager.java:createOmSnapshotCheckpoint(163)) - Created checkpoint : /home/runner/work/ozone/ozone/hadoop-ozone/integration-test/target/test-dir/MiniOzoneClusterImpl-f9e21395-1bcf-40d4-8edb-6f91c23aa5c2/omNode-2/db.snapshots/om.db-8bb71fde-076e-4816-8df2-9dbc05f10851 for snapshot snap09157
2023-02-28 04:33:03,119 [OMDoubleBufferFlushThread] INFO  db.RDBCheckpointManager (RDBCheckpointManager.java:createCheckpoint(96)) - Created checkpoint in rocksDB at /home/runner/work/ozone/ozone/hadoop-ozone/integration-test/target/test-dir/MiniOzoneClusterImpl-f9e21395-1bcf-40d4-8edb-6f91c23aa5c2/omNode-1/db.snapshots/om.db-8bb71fde-076e-4816-8df2-9dbc05f10851 in 49 milliseconds
2023-02-28 04:33:03,124 [OMDoubleBufferFlushThread] INFO  db.RDBCheckpointManager (RDBCheckpointManager.java:waitForCheckpointDirectoryExist(125)) - Waited for 5 milliseconds for checkpoint directory /home/runner/work/ozone/ozone/hadoop-ozone/integration-test/target/test-dir/MiniOzoneClusterImpl-f9e21395-1bcf-40d4-8edb-6f91c23aa5c2/omNode-1/db.snapshots/om.db-8bb71fde-076e-4816-8df2-9dbc05f10851 availability.
2023-02-28 04:33:03,124 [OMDoubleBufferFlushThread] INFO  om.OmSnapshotManager (OmSnapshotManager.java:createOmSnapshotCheckpoint(163)) - Created checkpoint : /home/runner/work/ozone/ozone/hadoop-ozone/integration-test/target/test-dir/MiniOzoneClusterImpl-f9e21395-1bcf-40d4-8edb-6f91c23aa5c2/omNode-1/db.snapshots/om.db-8bb71fde-076e-4816-8df2-9dbc05f10851 for snapshot snap09157
2023-02-28 04:33:04,073 [OM StateMachine ApplyTransaction Thread - 0] INFO  snapshot.OMSnapshotCreateRequest (OMSnapshotCreateRequest.java:validateAndUpdateCache(180)) - Created snapshot 'snap33111' under path 'vol-85066/buck-02111'
2023-02-28 04:33:04,075 [OM StateMachine ApplyTransaction Thread - 0] INFO  snapshot.OMSnapshotCreateRequest (OMSnapshotCreateRequest.java:validateAndUpdateCache(180)) - Created snapshot 'snap33111' under path 'vol-85066/buck-02111'
2023-02-28 04:33:04,076 [OM StateMachine ApplyTransaction Thread - 0] INFO  snapshot.OMSnapshotCreateRequest (OMSnapshotCreateRequest.java:validateAndUpdateCache(180)) - Created snapshot 'snap33111' under path 'vol-85066/buck-02111'
2023-02-28 04:33:04,089 [OMDoubleBufferFlushThread] INFO  db.RDBCheckpointManager (RDBCheckpointManager.java:createCheckpoint(96)) - Created checkpoint in rocksDB at /home/runner/work/ozone/ozone/hadoop-ozone/integration-test/target/test-dir/MiniOzoneClusterImpl-f9e21395-1bcf-40d4-8edb-6f91c23aa5c2/omNode-2/db.snapshots/om.db-d17b84b5-5720-436b-ab24-735d1fe89f5e in 13 milliseconds
2023-02-28 04:33:04,089 [OMDoubleBufferFlushThread] INFO  db.RDBCheckpointManager (RDBCheckpointManager.java:waitForCheckpointDirectoryExist(125)) - Waited for 0 milliseconds for checkpoint directory /home/runner/work/ozone/ozone/hadoop-ozone/integration-test/target/test-dir/MiniOzoneClusterImpl-f9e21395-1bcf-40d4-8edb-6f91c23aa5c2/omNode-2/db.snapshots/om.db-d17b84b5-5720-436b-ab24-735d1fe89f5e availability.
2023-02-28 04:33:04,089 [OMDoubleBufferFlushThread] INFO  om.OmSnapshotManager (OmSnapshotManager.java:createOmSnapshotCheckpoint(163)) - Created checkpoint : /home/runner/work/ozone/ozone/hadoop-ozone/integration-test/target/test-dir/MiniOzoneClusterImpl-f9e21395-1bcf-40d4-8edb-6f91c23aa5c2/omNode-2/db.snapshots/om.db-d17b84b5-5720-436b-ab24-735d1fe89f5e for snapshot snap33111
2023-02-28 04:33:04,093 [OMDoubleBufferFlushThread] INFO  db.RDBCheckpointManager (RDBCheckpointManager.java:createCheckpoint(96)) - Created checkpoint in rocksDB at /home/runner/work/ozone/ozone/hadoop-ozone/integration-test/target/test-dir/MiniOzoneClusterImpl-f9e21395-1bcf-40d4-8edb-6f91c23aa5c2/omNode-1/db.snapshots/om.db-d17b84b5-5720-436b-ab24-735d1fe89f5e in 18 milliseconds
2023-02-28 04:33:04,094 [OMDoubleBufferFlushThread] INFO  db.RDBCheckpointManager (RDBCheckpointManager.java:waitForCheckpointDirectoryExist(125)) - Waited for 0 milliseconds for checkpoint directory /home/runner/work/ozone/ozone/hadoop-ozone/integration-test/target/test-dir/MiniOzoneClusterImpl-f9e21395-1bcf-40d4-8edb-6f91c23aa5c2/omNode-1/db.snapshots/om.db-d17b84b5-5720-436b-ab24-735d1fe89f5e availability.
2023-02-28 04:33:04,094 [OMDoubleBufferFlushThread] INFO  om.OmSnapshotManager (OmSnapshotManager.java:createOmSnapshotCheckpoint(163)) - Created checkpoint : /home/runner/work/ozone/ozone/hadoop-ozone/integration-test/target/test-dir/MiniOzoneClusterImpl-f9e21395-1bcf-40d4-8edb-6f91c23aa5c2/omNode-1/db.snapshots/om.db-d17b84b5-5720-436b-ab24-735d1fe89f5e for snapshot snap33111
2023-02-28 04:33:04,096 [OMDoubleBufferFlushThread] INFO  db.RDBCheckpointManager (RDBCheckpointManager.java:createCheckpoint(96)) - Created checkpoint in rocksDB at /home/runner/work/ozone/ozone/hadoop-ozone/integration-test/target/test-dir/MiniOzoneClusterImpl-f9e21395-1bcf-40d4-8edb-6f91c23aa5c2/omNode-3/db.snapshots/om.db-d17b84b5-5720-436b-ab24-735d1fe89f5e in 18 milliseconds
2023-02-28 04:33:04,097 [OMDoubleBufferFlushThread] INFO  db.RDBCheckpointManager (RDBCheckpointManager.java:waitForCheckpointDirectoryExist(125)) - Waited for 1 milliseconds for checkpoint directory /home/runner/work/ozone/ozone/hadoop-ozone/integration-test/target/test-dir/MiniOzoneClusterImpl-f9e21395-1bcf-40d4-8edb-6f91c23aa5c2/omNode-3/db.snapshots/om.db-d17b84b5-5720-436b-ab24-735d1fe89f5e availability.
2023-02-28 04:33:04,097 [OMDoubleBufferFlushThread] INFO  om.OmSnapshotManager (OmSnapshotManager.java:createOmSnapshotCheckpoint(163)) - Created checkpoint : /home/runner/work/ozone/ozone/hadoop-ozone/integration-test/target/test-dir/MiniOzoneClusterImpl-f9e21395-1bcf-40d4-8edb-6f91c23aa5c2/omNode-3/db.snapshots/om.db-d17b84b5-5720-436b-ab24-735d1fe89f5e for snapshot snap33111
]]></system-out>
  </testcase>
  <testcase name="testSnapDiffMissingMandatoryParams" classname="TestOmSnapshot" time="2.039">
    <system-out><![CDATA[2023-02-28 04:33:54,282 [Time-limited test] INFO  rpc.RpcClient (RpcClient.java:createVolume(476)) - Creating Volume: vol-29633, with runner as owner and space quota set to -1 bytes, counts quota set to -1
2023-02-28 04:33:54,283 [OM StateMachine ApplyTransaction Thread - 0] INFO  volume.OMVolumeCreateRequest (OMVolumeCreateRequest.java:validateAndUpdateCache(195)) - created volume:vol-29633 for user:runner
2023-02-28 04:33:54,284 [OM StateMachine ApplyTransaction Thread - 0] INFO  volume.OMVolumeCreateRequest (OMVolumeCreateRequest.java:validateAndUpdateCache(195)) - created volume:vol-29633 for user:runner
2023-02-28 04:33:54,285 [OM StateMachine ApplyTransaction Thread - 0] INFO  volume.OMVolumeCreateRequest (OMVolumeCreateRequest.java:validateAndUpdateCache(195)) - created volume:vol-29633 for user:runner
2023-02-28 04:33:54,285 [Time-limited test] INFO  rpc.RpcClient (RpcClient.java:createBucket(698)) - Creating Bucket: vol-29633/buck-84690, with server-side default bucket layout, runner as owner, Versioning false, Storage Type set to DISK and Encryption set to false, Replication Type set to server-side default replication type, Namespace Quota set to -1, Space Quota set to -1 
2023-02-28 04:33:54,287 [OM StateMachine ApplyTransaction Thread - 0] INFO  bucket.OMBucketCreateRequest (OMBucketCreateRequest.java:validateAndUpdateCache(263)) - created bucket: buck-84690 of layout FILE_SYSTEM_OPTIMIZED in volume: vol-29633
2023-02-28 04:33:54,288 [OM StateMachine ApplyTransaction Thread - 0] INFO  bucket.OMBucketCreateRequest (OMBucketCreateRequest.java:validateAndUpdateCache(263)) - created bucket: buck-84690 of layout FILE_SYSTEM_OPTIMIZED in volume: vol-29633
2023-02-28 04:33:54,289 [OM StateMachine ApplyTransaction Thread - 0] INFO  bucket.OMBucketCreateRequest (OMBucketCreateRequest.java:validateAndUpdateCache(263)) - created bucket: buck-84690 of layout FILE_SYSTEM_OPTIMIZED in volume: vol-29633
2023-02-28 04:33:54,313 [OM StateMachine ApplyTransaction Thread - 0] INFO  snapshot.OMSnapshotCreateRequest (OMSnapshotCreateRequest.java:validateAndUpdateCache(180)) - Created snapshot 'snap52150' under path 'vol-29633/buck-84690'
2023-02-28 04:33:54,315 [OM StateMachine ApplyTransaction Thread - 0] INFO  snapshot.OMSnapshotCreateRequest (OMSnapshotCreateRequest.java:validateAndUpdateCache(180)) - Created snapshot 'snap52150' under path 'vol-29633/buck-84690'
2023-02-28 04:33:54,315 [OM StateMachine ApplyTransaction Thread - 0] INFO  snapshot.OMSnapshotCreateRequest (OMSnapshotCreateRequest.java:validateAndUpdateCache(180)) - Created snapshot 'snap52150' under path 'vol-29633/buck-84690'
2023-02-28 04:33:54,353 [OMDoubleBufferFlushThread] INFO  db.RDBCheckpointManager (RDBCheckpointManager.java:createCheckpoint(96)) - Created checkpoint in rocksDB at /home/runner/work/ozone/ozone/hadoop-ozone/integration-test/target/test-dir/MiniOzoneClusterImpl-2052965b-440d-4b09-b4b3-db311f243d80/omNode-2/db.snapshots/om.db-f950e366-9a00-4174-8409-e1b1a134ca12 in 36 milliseconds
2023-02-28 04:33:54,358 [OMDoubleBufferFlushThread] INFO  db.RDBCheckpointManager (RDBCheckpointManager.java:waitForCheckpointDirectoryExist(125)) - Waited for 5 milliseconds for checkpoint directory /home/runner/work/ozone/ozone/hadoop-ozone/integration-test/target/test-dir/MiniOzoneClusterImpl-2052965b-440d-4b09-b4b3-db311f243d80/omNode-2/db.snapshots/om.db-f950e366-9a00-4174-8409-e1b1a134ca12 availability.
2023-02-28 04:33:54,358 [OMDoubleBufferFlushThread] INFO  om.OmSnapshotManager (OmSnapshotManager.java:createOmSnapshotCheckpoint(163)) - Created checkpoint : /home/runner/work/ozone/ozone/hadoop-ozone/integration-test/target/test-dir/MiniOzoneClusterImpl-2052965b-440d-4b09-b4b3-db311f243d80/omNode-2/db.snapshots/om.db-f950e366-9a00-4174-8409-e1b1a134ca12 for snapshot snap52150
2023-02-28 04:33:54,364 [OMDoubleBufferFlushThread] INFO  db.RDBCheckpointManager (RDBCheckpointManager.java:createCheckpoint(96)) - Created checkpoint in rocksDB at /home/runner/work/ozone/ozone/hadoop-ozone/integration-test/target/test-dir/MiniOzoneClusterImpl-2052965b-440d-4b09-b4b3-db311f243d80/omNode-1/db.snapshots/om.db-f950e366-9a00-4174-8409-e1b1a134ca12 in 48 milliseconds
2023-02-28 04:33:54,364 [OMDoubleBufferFlushThread] INFO  db.RDBCheckpointManager (RDBCheckpointManager.java:createCheckpoint(96)) - Created checkpoint in rocksDB at /home/runner/work/ozone/ozone/hadoop-ozone/integration-test/target/test-dir/MiniOzoneClusterImpl-2052965b-440d-4b09-b4b3-db311f243d80/omNode-3/db.snapshots/om.db-f950e366-9a00-4174-8409-e1b1a134ca12 in 45 milliseconds
2023-02-28 04:33:54,368 [EndpointStateMachine task thread for /0.0.0.0:41617 - 0 ] INFO  ipc.Client (Client.java:handleConnectionFailure(1010)) - Retrying connect to server: 0.0.0.0/0.0.0.0:41617. Already tried 3 time(s); retry policy is RetryUpToMaximumCountWithFixedSleep(maxRetries=15, sleepTime=1000 MILLISECONDS)
2023-02-28 04:33:54,369 [OMDoubleBufferFlushThread] INFO  db.RDBCheckpointManager (RDBCheckpointManager.java:waitForCheckpointDirectoryExist(125)) - Waited for 5 milliseconds for checkpoint directory /home/runner/work/ozone/ozone/hadoop-ozone/integration-test/target/test-dir/MiniOzoneClusterImpl-2052965b-440d-4b09-b4b3-db311f243d80/omNode-1/db.snapshots/om.db-f950e366-9a00-4174-8409-e1b1a134ca12 availability.
2023-02-28 04:33:54,369 [OMDoubleBufferFlushThread] INFO  om.OmSnapshotManager (OmSnapshotManager.java:createOmSnapshotCheckpoint(163)) - Created checkpoint : /home/runner/work/ozone/ozone/hadoop-ozone/integration-test/target/test-dir/MiniOzoneClusterImpl-2052965b-440d-4b09-b4b3-db311f243d80/omNode-1/db.snapshots/om.db-f950e366-9a00-4174-8409-e1b1a134ca12 for snapshot snap52150
2023-02-28 04:33:54,370 [OMDoubleBufferFlushThread] INFO  db.RDBCheckpointManager (RDBCheckpointManager.java:waitForCheckpointDirectoryExist(125)) - Waited for 5 milliseconds for checkpoint directory /home/runner/work/ozone/ozone/hadoop-ozone/integration-test/target/test-dir/MiniOzoneClusterImpl-2052965b-440d-4b09-b4b3-db311f243d80/omNode-3/db.snapshots/om.db-f950e366-9a00-4174-8409-e1b1a134ca12 availability.
2023-02-28 04:33:54,370 [OMDoubleBufferFlushThread] INFO  om.OmSnapshotManager (OmSnapshotManager.java:createOmSnapshotCheckpoint(163)) - Created checkpoint : /home/runner/work/ozone/ozone/hadoop-ozone/integration-test/target/test-dir/MiniOzoneClusterImpl-2052965b-440d-4b09-b4b3-db311f243d80/omNode-3/db.snapshots/om.db-f950e366-9a00-4174-8409-e1b1a134ca12 for snapshot snap52150
2023-02-28 04:33:55,317 [OM StateMachine ApplyTransaction Thread - 0] INFO  snapshot.OMSnapshotCreateRequest (OMSnapshotCreateRequest.java:validateAndUpdateCache(180)) - Created snapshot 'snap08289' under path 'vol-29633/buck-84690'
2023-02-28 04:33:55,318 [OM StateMachine ApplyTransaction Thread - 0] INFO  snapshot.OMSnapshotCreateRequest (OMSnapshotCreateRequest.java:validateAndUpdateCache(180)) - Created snapshot 'snap08289' under path 'vol-29633/buck-84690'
2023-02-28 04:33:55,319 [OM StateMachine ApplyTransaction Thread - 0] INFO  snapshot.OMSnapshotCreateRequest (OMSnapshotCreateRequest.java:validateAndUpdateCache(180)) - Created snapshot 'snap08289' under path 'vol-29633/buck-84690'
2023-02-28 04:33:55,332 [OMDoubleBufferFlushThread] INFO  db.RDBCheckpointManager (RDBCheckpointManager.java:createCheckpoint(96)) - Created checkpoint in rocksDB at /home/runner/work/ozone/ozone/hadoop-ozone/integration-test/target/test-dir/MiniOzoneClusterImpl-2052965b-440d-4b09-b4b3-db311f243d80/omNode-1/db.snapshots/om.db-26a63f4e-fb9f-492c-935a-c40c7942d683 in 13 milliseconds
2023-02-28 04:33:55,333 [OMDoubleBufferFlushThread] INFO  db.RDBCheckpointManager (RDBCheckpointManager.java:waitForCheckpointDirectoryExist(125)) - Waited for 1 milliseconds for checkpoint directory /home/runner/work/ozone/ozone/hadoop-ozone/integration-test/target/test-dir/MiniOzoneClusterImpl-2052965b-440d-4b09-b4b3-db311f243d80/omNode-1/db.snapshots/om.db-26a63f4e-fb9f-492c-935a-c40c7942d683 availability.
2023-02-28 04:33:55,333 [OMDoubleBufferFlushThread] INFO  om.OmSnapshotManager (OmSnapshotManager.java:createOmSnapshotCheckpoint(163)) - Created checkpoint : /home/runner/work/ozone/ozone/hadoop-ozone/integration-test/target/test-dir/MiniOzoneClusterImpl-2052965b-440d-4b09-b4b3-db311f243d80/omNode-1/db.snapshots/om.db-26a63f4e-fb9f-492c-935a-c40c7942d683 for snapshot snap08289
2023-02-28 04:33:55,338 [OMDoubleBufferFlushThread] INFO  db.RDBCheckpointManager (RDBCheckpointManager.java:createCheckpoint(96)) - Created checkpoint in rocksDB at /home/runner/work/ozone/ozone/hadoop-ozone/integration-test/target/test-dir/MiniOzoneClusterImpl-2052965b-440d-4b09-b4b3-db311f243d80/omNode-2/db.snapshots/om.db-26a63f4e-fb9f-492c-935a-c40c7942d683 in 16 milliseconds
2023-02-28 04:33:55,338 [OMDoubleBufferFlushThread] INFO  db.RDBCheckpointManager (RDBCheckpointManager.java:createCheckpoint(96)) - Created checkpoint in rocksDB at /home/runner/work/ozone/ozone/hadoop-ozone/integration-test/target/test-dir/MiniOzoneClusterImpl-2052965b-440d-4b09-b4b3-db311f243d80/omNode-3/db.snapshots/om.db-26a63f4e-fb9f-492c-935a-c40c7942d683 in 17 milliseconds
2023-02-28 04:33:55,338 [OMDoubleBufferFlushThread] INFO  db.RDBCheckpointManager (RDBCheckpointManager.java:waitForCheckpointDirectoryExist(125)) - Waited for 0 milliseconds for checkpoint directory /home/runner/work/ozone/ozone/hadoop-ozone/integration-test/target/test-dir/MiniOzoneClusterImpl-2052965b-440d-4b09-b4b3-db311f243d80/omNode-2/db.snapshots/om.db-26a63f4e-fb9f-492c-935a-c40c7942d683 availability.
2023-02-28 04:33:55,338 [OMDoubleBufferFlushThread] INFO  db.RDBCheckpointManager (RDBCheckpointManager.java:waitForCheckpointDirectoryExist(125)) - Waited for 0 milliseconds for checkpoint directory /home/runner/work/ozone/ozone/hadoop-ozone/integration-test/target/test-dir/MiniOzoneClusterImpl-2052965b-440d-4b09-b4b3-db311f243d80/omNode-3/db.snapshots/om.db-26a63f4e-fb9f-492c-935a-c40c7942d683 availability.
2023-02-28 04:33:55,338 [OMDoubleBufferFlushThread] INFO  om.OmSnapshotManager (OmSnapshotManager.java:createOmSnapshotCheckpoint(163)) - Created checkpoint : /home/runner/work/ozone/ozone/hadoop-ozone/integration-test/target/test-dir/MiniOzoneClusterImpl-2052965b-440d-4b09-b4b3-db311f243d80/omNode-2/db.snapshots/om.db-26a63f4e-fb9f-492c-935a-c40c7942d683 for snapshot snap08289
2023-02-28 04:33:55,338 [OMDoubleBufferFlushThread] INFO  om.OmSnapshotManager (OmSnapshotManager.java:createOmSnapshotCheckpoint(163)) - Created checkpoint : /home/runner/work/ozone/ozone/hadoop-ozone/integration-test/target/test-dir/MiniOzoneClusterImpl-2052965b-440d-4b09-b4b3-db311f243d80/omNode-3/db.snapshots/om.db-26a63f4e-fb9f-492c-935a-c40c7942d683 for snapshot snap08289
2023-02-28 04:33:55,368 [EndpointStateMachine task thread for /0.0.0.0:41617 - 0 ] INFO  ipc.Client (Client.java:handleConnectionFailure(1010)) - Retrying connect to server: 0.0.0.0/0.0.0.0:41617. Already tried 4 time(s); retry policy is RetryUpToMaximumCountWithFixedSleep(maxRetries=15, sleepTime=1000 MILLISECONDS)
]]></system-out>
  </testcase>
  <testcase name="testSnapDiffMissingMandatoryParams" classname="TestOmSnapshot" time="2.04">
    <system-out><![CDATA[2023-02-28 04:34:44,146 [Time-limited test] INFO  rpc.RpcClient (RpcClient.java:createVolume(476)) - Creating Volume: vol-57198, with runner as owner and space quota set to -1 bytes, counts quota set to -1
2023-02-28 04:34:44,149 [OM StateMachine ApplyTransaction Thread - 0] INFO  volume.OMVolumeCreateRequest (OMVolumeCreateRequest.java:validateAndUpdateCache(195)) - created volume:vol-57198 for user:runner
2023-02-28 04:34:44,150 [Time-limited test] INFO  rpc.RpcClient (RpcClient.java:createBucket(698)) - Creating Bucket: vol-57198/buck-67735, with server-side default bucket layout, runner as owner, Versioning false, Storage Type set to DISK and Encryption set to false, Replication Type set to server-side default replication type, Namespace Quota set to -1, Space Quota set to -1 
2023-02-28 04:34:44,150 [OM StateMachine ApplyTransaction Thread - 0] INFO  volume.OMVolumeCreateRequest (OMVolumeCreateRequest.java:validateAndUpdateCache(195)) - created volume:vol-57198 for user:runner
2023-02-28 04:34:44,151 [OM StateMachine ApplyTransaction Thread - 0] INFO  volume.OMVolumeCreateRequest (OMVolumeCreateRequest.java:validateAndUpdateCache(195)) - created volume:vol-57198 for user:runner
2023-02-28 04:34:44,154 [OM StateMachine ApplyTransaction Thread - 0] INFO  bucket.OMBucketCreateRequest (OMBucketCreateRequest.java:validateAndUpdateCache(263)) - created bucket: buck-67735 of layout LEGACY in volume: vol-57198
2023-02-28 04:34:44,155 [OM StateMachine ApplyTransaction Thread - 0] INFO  bucket.OMBucketCreateRequest (OMBucketCreateRequest.java:validateAndUpdateCache(263)) - created bucket: buck-67735 of layout LEGACY in volume: vol-57198
2023-02-28 04:34:44,155 [OM StateMachine ApplyTransaction Thread - 0] INFO  bucket.OMBucketCreateRequest (OMBucketCreateRequest.java:validateAndUpdateCache(263)) - created bucket: buck-67735 of layout LEGACY in volume: vol-57198
2023-02-28 04:34:44,177 [OM StateMachine ApplyTransaction Thread - 0] INFO  snapshot.OMSnapshotCreateRequest (OMSnapshotCreateRequest.java:validateAndUpdateCache(180)) - Created snapshot 'snap46208' under path 'vol-57198/buck-67735'
2023-02-28 04:34:44,178 [OM StateMachine ApplyTransaction Thread - 0] INFO  snapshot.OMSnapshotCreateRequest (OMSnapshotCreateRequest.java:validateAndUpdateCache(180)) - Created snapshot 'snap46208' under path 'vol-57198/buck-67735'
2023-02-28 04:34:44,181 [OM StateMachine ApplyTransaction Thread - 0] INFO  snapshot.OMSnapshotCreateRequest (OMSnapshotCreateRequest.java:validateAndUpdateCache(180)) - Created snapshot 'snap46208' under path 'vol-57198/buck-67735'
2023-02-28 04:34:44,214 [OMDoubleBufferFlushThread] INFO  db.RDBCheckpointManager (RDBCheckpointManager.java:createCheckpoint(96)) - Created checkpoint in rocksDB at /home/runner/work/ozone/ozone/hadoop-ozone/integration-test/target/test-dir/MiniOzoneClusterImpl-0c3862ae-9f43-41f5-9e7d-509225cf1f3d/omNode-3/db.snapshots/om.db-80c2c5c9-1630-4fb6-bc40-7c907767c89a in 35 milliseconds
2023-02-28 04:34:44,215 [OMDoubleBufferFlushThread] INFO  db.RDBCheckpointManager (RDBCheckpointManager.java:waitForCheckpointDirectoryExist(125)) - Waited for 1 milliseconds for checkpoint directory /home/runner/work/ozone/ozone/hadoop-ozone/integration-test/target/test-dir/MiniOzoneClusterImpl-0c3862ae-9f43-41f5-9e7d-509225cf1f3d/omNode-3/db.snapshots/om.db-80c2c5c9-1630-4fb6-bc40-7c907767c89a availability.
2023-02-28 04:34:44,215 [OMDoubleBufferFlushThread] INFO  om.OmSnapshotManager (OmSnapshotManager.java:createOmSnapshotCheckpoint(163)) - Created checkpoint : /home/runner/work/ozone/ozone/hadoop-ozone/integration-test/target/test-dir/MiniOzoneClusterImpl-0c3862ae-9f43-41f5-9e7d-509225cf1f3d/omNode-3/db.snapshots/om.db-80c2c5c9-1630-4fb6-bc40-7c907767c89a for snapshot snap46208
2023-02-28 04:34:44,215 [OMDoubleBufferFlushThread] INFO  db.RDBCheckpointManager (RDBCheckpointManager.java:createCheckpoint(96)) - Created checkpoint in rocksDB at /home/runner/work/ozone/ozone/hadoop-ozone/integration-test/target/test-dir/MiniOzoneClusterImpl-0c3862ae-9f43-41f5-9e7d-509225cf1f3d/omNode-1/db.snapshots/om.db-80c2c5c9-1630-4fb6-bc40-7c907767c89a in 37 milliseconds
2023-02-28 04:34:44,217 [OMDoubleBufferFlushThread] INFO  db.RDBCheckpointManager (RDBCheckpointManager.java:waitForCheckpointDirectoryExist(125)) - Waited for 2 milliseconds for checkpoint directory /home/runner/work/ozone/ozone/hadoop-ozone/integration-test/target/test-dir/MiniOzoneClusterImpl-0c3862ae-9f43-41f5-9e7d-509225cf1f3d/omNode-1/db.snapshots/om.db-80c2c5c9-1630-4fb6-bc40-7c907767c89a availability.
2023-02-28 04:34:44,218 [OMDoubleBufferFlushThread] INFO  om.OmSnapshotManager (OmSnapshotManager.java:createOmSnapshotCheckpoint(163)) - Created checkpoint : /home/runner/work/ozone/ozone/hadoop-ozone/integration-test/target/test-dir/MiniOzoneClusterImpl-0c3862ae-9f43-41f5-9e7d-509225cf1f3d/omNode-1/db.snapshots/om.db-80c2c5c9-1630-4fb6-bc40-7c907767c89a for snapshot snap46208
2023-02-28 04:34:44,220 [OMDoubleBufferFlushThread] INFO  db.RDBCheckpointManager (RDBCheckpointManager.java:createCheckpoint(96)) - Created checkpoint in rocksDB at /home/runner/work/ozone/ozone/hadoop-ozone/integration-test/target/test-dir/MiniOzoneClusterImpl-0c3862ae-9f43-41f5-9e7d-509225cf1f3d/omNode-2/db.snapshots/om.db-80c2c5c9-1630-4fb6-bc40-7c907767c89a in 38 milliseconds
2023-02-28 04:34:44,220 [OMDoubleBufferFlushThread] INFO  db.RDBCheckpointManager (RDBCheckpointManager.java:waitForCheckpointDirectoryExist(125)) - Waited for 0 milliseconds for checkpoint directory /home/runner/work/ozone/ozone/hadoop-ozone/integration-test/target/test-dir/MiniOzoneClusterImpl-0c3862ae-9f43-41f5-9e7d-509225cf1f3d/omNode-2/db.snapshots/om.db-80c2c5c9-1630-4fb6-bc40-7c907767c89a availability.
2023-02-28 04:34:44,220 [OMDoubleBufferFlushThread] INFO  om.OmSnapshotManager (OmSnapshotManager.java:createOmSnapshotCheckpoint(163)) - Created checkpoint : /home/runner/work/ozone/ozone/hadoop-ozone/integration-test/target/test-dir/MiniOzoneClusterImpl-0c3862ae-9f43-41f5-9e7d-509225cf1f3d/omNode-2/db.snapshots/om.db-80c2c5c9-1630-4fb6-bc40-7c907767c89a for snapshot snap46208
2023-02-28 04:34:45,180 [OM StateMachine ApplyTransaction Thread - 0] INFO  snapshot.OMSnapshotCreateRequest (OMSnapshotCreateRequest.java:validateAndUpdateCache(180)) - Created snapshot 'snap67586' under path 'vol-57198/buck-67735'
2023-02-28 04:34:45,181 [OM StateMachine ApplyTransaction Thread - 0] INFO  snapshot.OMSnapshotCreateRequest (OMSnapshotCreateRequest.java:validateAndUpdateCache(180)) - Created snapshot 'snap67586' under path 'vol-57198/buck-67735'
2023-02-28 04:34:45,181 [OM StateMachine ApplyTransaction Thread - 0] INFO  snapshot.OMSnapshotCreateRequest (OMSnapshotCreateRequest.java:validateAndUpdateCache(180)) - Created snapshot 'snap67586' under path 'vol-57198/buck-67735'
2023-02-28 04:34:45,197 [OMDoubleBufferFlushThread] INFO  db.RDBCheckpointManager (RDBCheckpointManager.java:createCheckpoint(96)) - Created checkpoint in rocksDB at /home/runner/work/ozone/ozone/hadoop-ozone/integration-test/target/test-dir/MiniOzoneClusterImpl-0c3862ae-9f43-41f5-9e7d-509225cf1f3d/omNode-2/db.snapshots/om.db-5b119a59-09ae-4c61-a2f1-56975e8e3d6f in 14 milliseconds
2023-02-28 04:34:45,197 [OMDoubleBufferFlushThread] INFO  db.RDBCheckpointManager (RDBCheckpointManager.java:createCheckpoint(96)) - Created checkpoint in rocksDB at /home/runner/work/ozone/ozone/hadoop-ozone/integration-test/target/test-dir/MiniOzoneClusterImpl-0c3862ae-9f43-41f5-9e7d-509225cf1f3d/omNode-3/db.snapshots/om.db-5b119a59-09ae-4c61-a2f1-56975e8e3d6f in 15 milliseconds
2023-02-28 04:34:45,198 [OMDoubleBufferFlushThread] INFO  db.RDBCheckpointManager (RDBCheckpointManager.java:waitForCheckpointDirectoryExist(125)) - Waited for 1 milliseconds for checkpoint directory /home/runner/work/ozone/ozone/hadoop-ozone/integration-test/target/test-dir/MiniOzoneClusterImpl-0c3862ae-9f43-41f5-9e7d-509225cf1f3d/omNode-2/db.snapshots/om.db-5b119a59-09ae-4c61-a2f1-56975e8e3d6f availability.
2023-02-28 04:34:45,199 [OMDoubleBufferFlushThread] INFO  db.RDBCheckpointManager (RDBCheckpointManager.java:waitForCheckpointDirectoryExist(125)) - Waited for 2 milliseconds for checkpoint directory /home/runner/work/ozone/ozone/hadoop-ozone/integration-test/target/test-dir/MiniOzoneClusterImpl-0c3862ae-9f43-41f5-9e7d-509225cf1f3d/omNode-3/db.snapshots/om.db-5b119a59-09ae-4c61-a2f1-56975e8e3d6f availability.
2023-02-28 04:34:45,199 [OMDoubleBufferFlushThread] INFO  om.OmSnapshotManager (OmSnapshotManager.java:createOmSnapshotCheckpoint(163)) - Created checkpoint : /home/runner/work/ozone/ozone/hadoop-ozone/integration-test/target/test-dir/MiniOzoneClusterImpl-0c3862ae-9f43-41f5-9e7d-509225cf1f3d/omNode-3/db.snapshots/om.db-5b119a59-09ae-4c61-a2f1-56975e8e3d6f for snapshot snap67586
2023-02-28 04:34:45,199 [OMDoubleBufferFlushThread] INFO  om.OmSnapshotManager (OmSnapshotManager.java:createOmSnapshotCheckpoint(163)) - Created checkpoint : /home/runner/work/ozone/ozone/hadoop-ozone/integration-test/target/test-dir/MiniOzoneClusterImpl-0c3862ae-9f43-41f5-9e7d-509225cf1f3d/omNode-2/db.snapshots/om.db-5b119a59-09ae-4c61-a2f1-56975e8e3d6f for snapshot snap67586
2023-02-28 04:34:45,200 [OMDoubleBufferFlushThread] INFO  db.RDBCheckpointManager (RDBCheckpointManager.java:createCheckpoint(96)) - Created checkpoint in rocksDB at /home/runner/work/ozone/ozone/hadoop-ozone/integration-test/target/test-dir/MiniOzoneClusterImpl-0c3862ae-9f43-41f5-9e7d-509225cf1f3d/omNode-1/db.snapshots/om.db-5b119a59-09ae-4c61-a2f1-56975e8e3d6f in 17 milliseconds
2023-02-28 04:34:45,201 [OMDoubleBufferFlushThread] INFO  db.RDBCheckpointManager (RDBCheckpointManager.java:waitForCheckpointDirectoryExist(125)) - Waited for 1 milliseconds for checkpoint directory /home/runner/work/ozone/ozone/hadoop-ozone/integration-test/target/test-dir/MiniOzoneClusterImpl-0c3862ae-9f43-41f5-9e7d-509225cf1f3d/omNode-1/db.snapshots/om.db-5b119a59-09ae-4c61-a2f1-56975e8e3d6f availability.
2023-02-28 04:34:45,201 [OMDoubleBufferFlushThread] INFO  om.OmSnapshotManager (OmSnapshotManager.java:createOmSnapshotCheckpoint(163)) - Created checkpoint : /home/runner/work/ozone/ozone/hadoop-ozone/integration-test/target/test-dir/MiniOzoneClusterImpl-0c3862ae-9f43-41f5-9e7d-509225cf1f3d/omNode-1/db.snapshots/om.db-5b119a59-09ae-4c61-a2f1-56975e8e3d6f for snapshot snap67586
]]></system-out>
  </testcase>
</testsuite>