<?xml version="1.0" encoding="UTF-8"?>
<testsuite xmlns:xsi="http://www.w3.org/2001/XMLSchema-instance" xsi:noNamespaceSchemaLocation="https://maven.apache.org/surefire/maven-surefire-plugin/xsd/surefire-test-report.xsd" name="org.apache.hadoop.hdds.upgrade.TestHDDSUpgrade" time="465.979" tests="13" errors="1" skipped="4" failures="0">
  <properties>
    <property name="awt.toolkit" value="sun.awt.X11.XToolkit"/>
    <property name="file.encoding.pkg" value="sun.io"/>
    <property name="java.specification.version" value="1.8"/>
    <property name="sun.cpu.isalist" value=""/>
    <property name="sun.jnu.encoding" value="UTF-8"/>
    <property name="java.class.path" value="/home/runner/work/ozone/ozone/hadoop-ozone/integration-test/target/test-classes:/home/runner/work/ozone/ozone/hadoop-ozone/integration-test/target/classes:/home/runner/.m2/repository/org/apache/ozone/ozone-common/1.3.0-SNAPSHOT/ozone-common-1.3.0-SNAPSHOT.jar:/home/runner/.m2/repository/org/apache/commons/commons-compress/1.21/commons-compress-1.21.jar:/home/runner/.m2/repository/org/apache/ozone/hdds-common/1.3.0-SNAPSHOT/hdds-common-1.3.0-SNAPSHOT.jar:/home/runner/.m2/repository/org/apache/ozone/hdds-client/1.3.0-SNAPSHOT/hdds-client-1.3.0-SNAPSHOT.jar:/home/runner/.m2/repository/org/apache/ozone/ozone-interface-client/1.3.0-SNAPSHOT/ozone-interface-client-1.3.0-SNAPSHOT.jar:/home/runner/.m2/repository/org/apache/ozone/hdds-test-utils/1.3.0-SNAPSHOT/hdds-test-utils-1.3.0-SNAPSHOT.jar:/home/runner/.m2/repository/com/google/guava/guava/30.1.1-jre/guava-30.1.1-jre.jar:/home/runner/.m2/repository/com/google/guava/failureaccess/1.0.1/failureaccess-1.0.1.jar:/home/runner/.m2/repository/com/google/guava/listenablefuture/9999.0-empty-to-avoid-conflict-with-guava/listenablefuture-9999.0-empty-to-avoid-conflict-with-guava.jar:/home/runner/.m2/repository/com/google/code/findbugs/jsr305/3.0.0/jsr305-3.0.0.jar:/home/runner/.m2/repository/org/checkerframework/checker-qual/3.8.0/checker-qual-3.8.0.jar:/home/runner/.m2/repository/com/google/errorprone/error_prone_annotations/2.2.0/error_prone_annotations-2.2.0.jar:/home/runner/.m2/repository/com/google/j2objc/j2objc-annotations/1.3/j2objc-annotations-1.3.jar:/home/runner/.m2/repository/commons-io/commons-io/2.11.0/commons-io-2.11.0.jar:/home/runner/.m2/repository/commons-logging/commons-logging/1.2/commons-logging-1.2.jar:/home/runner/.m2/repository/log4j/log4j/1.2.17/log4j-1.2.17.jar:/home/runner/.m2/repository/org/slf4j/slf4j-api/1.7.30/slf4j-api-1.7.30.jar:/home/runner/.m2/repository/org/apache/ozone/hdds-server-scm/1.3.0-SNAPSHOT/hdds-server-scm-1.3.0-SNAPSHOT.jar:/home/runner/.m2/repository/org/apache/ozone/hdds-container-service/1.3.0-SNAPSHOT/hdds-container-service-1.3.0-SNAPSHOT.jar:/home/runner/.m2/repository/org/apache/ozone/hdds-hadoop-dependency-server/1.3.0-SNAPSHOT/hdds-hadoop-dependency-server-1.3.0-SNAPSHOT.jar:/home/runner/.m2/repository/org/apache/hadoop/hadoop-hdfs/3.3.1/hadoop-hdfs-3.3.1.jar:/home/runner/.m2/repository/org/apache/ozone/hdds-server-framework/1.3.0-SNAPSHOT/hdds-server-framework-1.3.0-SNAPSHOT.jar:/home/runner/.m2/repository/org/apache/ozone/hdds-interface-server/1.3.0-SNAPSHOT/hdds-interface-server-1.3.0-SNAPSHOT.jar:/home/runner/.m2/repository/org/eclipse/jetty/jetty-servlet/9.4.43.v20210629/jetty-servlet-9.4.43.v20210629.jar:/home/runner/.m2/repository/org/eclipse/jetty/jetty-security/9.4.43.v20210629/jetty-security-9.4.43.v20210629.jar:/home/runner/.m2/repository/org/rocksdb/rocksdbjni/6.25.3/rocksdbjni-6.25.3.jar:/home/runner/.m2/repository/io/prometheus/simpleclient_dropwizard/0.7.0/simpleclient_dropwizard-0.7.0.jar:/home/runner/.m2/repository/io/prometheus/simpleclient/0.7.0/simpleclient-0.7.0.jar:/home/runner/.m2/repository/io/prometheus/simpleclient_common/0.7.0/simpleclient_common-0.7.0.jar:/home/runner/.m2/repository/com/fasterxml/jackson/datatype/jackson-datatype-jsr310/2.12.1/jackson-datatype-jsr310-2.12.1.jar:/home/runner/.m2/repository/io/dropwizard/metrics/metrics-core/3.2.4/metrics-core-3.2.4.jar:/home/runner/.m2/repository/org/apache/hadoop/hadoop-hdfs-client/3.3.1/hadoop-hdfs-client-3.3.1.jar:/home/runner/.m2/repository/org/bouncycastle/bcprov-jdk15on/1.67/bcprov-jdk15on-1.67.jar:/home/runner/.m2/repository/com/google/protobuf/protobuf-java/2.5.0/protobuf-java-2.5.0.jar:/home/runner/.m2/repository/org/apache/ozone/ozone-manager/1.3.0-SNAPSHOT/ozone-manager-1.3.0-SNAPSHOT.jar:/home/runner/.m2/repository/org/aspectj/aspectjrt/1.9.7/aspectjrt-1.9.7.jar:/home/runner/.m2/repository/org/aspectj/aspectjweaver/1.9.7/aspectjweaver-1.9.7.jar:/home/runner/.m2/repository/org/apache/ozone/hdds-interface-client/1.3.0-SNAPSHOT/hdds-interface-client-1.3.0-SNAPSHOT.jar:/home/runner/.m2/repository/org/apache/hadoop/thirdparty/hadoop-shaded-protobuf_3_7/1.1.1/hadoop-shaded-protobuf_3_7-1.1.1.jar:/home/runner/.m2/repository/org/apache/ozone/ozone-interface-storage/1.3.0-SNAPSHOT/ozone-interface-storage-1.3.0-SNAPSHOT.jar:/home/runner/.m2/repository/org/reflections/reflections/0.9.11/reflections-0.9.11.jar:/home/runner/.m2/repository/org/apache/hadoop/hadoop-minikdc/3.3.1/hadoop-minikdc-3.3.1.jar:/home/runner/.m2/repository/org/apache/kerby/kerb-simplekdc/1.0.1/kerb-simplekdc-1.0.1.jar:/home/runner/.m2/repository/org/apache/kerby/kerb-client/1.0.1/kerb-client-1.0.1.jar:/home/runner/.m2/repository/org/apache/kerby/kerby-config/1.0.1/kerby-config-1.0.1.jar:/home/runner/.m2/repository/org/apache/kerby/kerb-common/1.0.1/kerb-common-1.0.1.jar:/home/runner/.m2/repository/org/apache/kerby/kerb-crypto/1.0.1/kerb-crypto-1.0.1.jar:/home/runner/.m2/repository/org/apache/kerby/kerb-util/1.0.1/kerb-util-1.0.1.jar:/home/runner/.m2/repository/org/apache/kerby/token-provider/1.0.1/token-provider-1.0.1.jar:/home/runner/.m2/repository/org/apache/kerby/kerb-admin/1.0.1/kerb-admin-1.0.1.jar:/home/runner/.m2/repository/org/apache/kerby/kerb-server/1.0.1/kerb-server-1.0.1.jar:/home/runner/.m2/repository/org/apache/kerby/kerb-identity/1.0.1/kerb-identity-1.0.1.jar:/home/runner/.m2/repository/org/apache/kerby/kerby-xdr/1.0.1/kerby-xdr-1.0.1.jar:/home/runner/.m2/repository/org/slf4j/slf4j-log4j12/1.7.30/slf4j-log4j12-1.7.30.jar:/home/runner/.m2/repository/org/apache/ozone/ozone-s3gateway/1.3.0-SNAPSHOT/ozone-s3gateway-1.3.0-SNAPSHOT.jar:/home/runner/.m2/repository/org/javassist/javassist/3.21.0-GA/javassist-3.21.0-GA.jar:/home/runner/.m2/repository/org/jboss/weld/servlet/weld-servlet/2.4.7.Final/weld-servlet-2.4.7.Final.jar:/home/runner/.m2/repository/org/glassfish/jersey/containers/jersey-container-servlet-core/2.33/jersey-container-servlet-core-2.33.jar:/home/runner/.m2/repository/org/glassfish/hk2/external/jakarta.inject/2.6.1/jakarta.inject-2.6.1.jar:/home/runner/.m2/repository/org/glassfish/jersey/core/jersey-common/2.33/jersey-common-2.33.jar:/home/runner/.m2/repository/jakarta/ws/rs/jakarta.ws.rs-api/2.1.6/jakarta.ws.rs-api-2.1.6.jar:/home/runner/.m2/repository/org/glassfish/jersey/ext/cdi/jersey-cdi1x/2.33/jersey-cdi1x-2.33.jar:/home/runner/.m2/repository/org/glassfish/jersey/inject/jersey-hk2/2.33/jersey-hk2-2.33.jar:/home/runner/.m2/repository/org/glassfish/hk2/hk2-locator/2.6.1/hk2-locator-2.6.1.jar:/home/runner/.m2/repository/org/glassfish/jersey/media/jersey-media-jaxb/2.33/jersey-media-jaxb-2.33.jar:/home/runner/.m2/repository/org/glassfish/hk2/osgi-resource-locator/1.0.3/osgi-resource-locator-1.0.3.jar:/home/runner/.m2/repository/org/glassfish/hk2/hk2-api/2.5.0/hk2-api-2.5.0.jar:/home/runner/.m2/repository/org/glassfish/hk2/hk2-utils/2.5.0/hk2-utils-2.5.0.jar:/home/runner/.m2/repository/org/glassfish/hk2/external/aopalliance-repackaged/2.5.0/aopalliance-repackaged-2.5.0.jar:/home/runner/.m2/repository/com/fasterxml/jackson/dataformat/jackson-dataformat-xml/2.12.1/jackson-dataformat-xml-2.12.1.jar:/home/runner/.m2/repository/com/fasterxml/jackson/core/jackson-core/2.12.1/jackson-core-2.12.1.jar:/home/runner/.m2/repository/com/fasterxml/jackson/module/jackson-module-jaxb-annotations/2.12.1/jackson-module-jaxb-annotations-2.12.1.jar:/home/runner/.m2/repository/jakarta/xml/bind/jakarta.xml.bind-api/2.3.2/jakarta.xml.bind-api-2.3.2.jar:/home/runner/.m2/repository/org/codehaus/woodstox/stax2-api/3.1.4/stax2-api-3.1.4.jar:/home/runner/.m2/repository/com/fasterxml/woodstox/woodstox-core/5.0.3/woodstox-core-5.0.3.jar:/home/runner/.m2/repository/javax/enterprise/cdi-api/1.2/cdi-api-1.2.jar:/home/runner/.m2/repository/javax/el/javax.el-api/3.0.0/javax.el-api-3.0.0.jar:/home/runner/.m2/repository/javax/interceptor/javax.interceptor-api/1.2/javax.interceptor-api-1.2.jar:/home/runner/.m2/repository/javax/inject/javax.inject/1/javax.inject-1.jar:/home/runner/.m2/repository/javax/xml/bind/jaxb-api/2.3.0/jaxb-api-2.3.0.jar:/home/runner/.m2/repository/org/glassfish/jaxb/jaxb-runtime/2.3.0.1/jaxb-runtime-2.3.0.1.jar:/home/runner/.m2/repository/org/glassfish/jaxb/jaxb-core/2.3.0.1/jaxb-core-2.3.0.1.jar:/home/runner/.m2/repository/org/glassfish/jaxb/txw2/2.3.0.1/txw2-2.3.0.1.jar:/home/runner/.m2/repository/com/sun/istack/istack-commons-runtime/3.0.5/istack-commons-runtime-3.0.5.jar:/home/runner/.m2/repository/org/jvnet/staxex/stax-ex/1.7.8/stax-ex-1.7.8.jar:/home/runner/.m2/repository/com/sun/xml/fastinfoset/FastInfoset/1.2.13/FastInfoset-1.2.13.jar:/home/runner/.m2/repository/javax/activation/activation/1.1.1/activation-1.1.1.jar:/home/runner/.m2/repository/org/apache/ozone/ozone-csi/1.3.0-SNAPSHOT/ozone-csi-1.3.0-SNAPSHOT.jar:/home/runner/.m2/repository/com/google/protobuf/protobuf-java-util/3.12.0/protobuf-java-util-3.12.0.jar:/home/runner/.m2/repository/com/google/code/gson/gson/2.2.4/gson-2.2.4.jar:/home/runner/.m2/repository/org/apache/ozone/hdds-config/1.3.0-SNAPSHOT/hdds-config-1.3.0-SNAPSHOT.jar:/home/runner/.m2/repository/io/grpc/grpc-netty/1.33.0/grpc-netty-1.33.0.jar:/home/runner/.m2/repository/io/grpc/grpc-core/1.33.0/grpc-core-1.33.0.jar:/home/runner/.m2/repository/com/google/android/annotations/4.1.1.4/annotations-4.1.1.4.jar:/home/runner/.m2/repository/io/netty/netty-codec-http2/4.1.63.Final/netty-codec-http2-4.1.63.Final.jar:/home/runner/.m2/repository/io/netty/netty-codec-http/4.1.63.Final/netty-codec-http-4.1.63.Final.jar:/home/runner/.m2/repository/io/netty/netty-handler-proxy/4.1.63.Final/netty-handler-proxy-4.1.63.Final.jar:/home/runner/.m2/repository/io/netty/netty-codec-socks/4.1.63.Final/netty-codec-socks-4.1.63.Final.jar:/home/runner/.m2/repository/io/perfmark/perfmark-api/0.19.0/perfmark-api-0.19.0.jar:/home/runner/.m2/repository/org/codehaus/mojo/animal-sniffer-annotations/1.18/animal-sniffer-annotations-1.18.jar:/home/runner/.m2/repository/io/netty/netty-transport-native-epoll/4.1.63.Final/netty-transport-native-epoll-4.1.63.Final.jar:/home/runner/.m2/repository/io/netty/netty-common/4.1.63.Final/netty-common-4.1.63.Final.jar:/home/runner/.m2/repository/io/netty/netty-buffer/4.1.63.Final/netty-buffer-4.1.63.Final.jar:/home/runner/.m2/repository/io/netty/netty-transport-native-unix-common/4.1.63.Final/netty-transport-native-unix-common-4.1.63.Final.jar:/home/runner/.m2/repository/io/grpc/grpc-protobuf/1.33.0/grpc-protobuf-1.33.0.jar:/home/runner/.m2/repository/io/grpc/grpc-api/1.33.0/grpc-api-1.33.0.jar:/home/runner/.m2/repository/io/grpc/grpc-context/1.33.0/grpc-context-1.33.0.jar:/home/runner/.m2/repository/com/google/api/grpc/proto-google-common-protos/1.17.0/proto-google-common-protos-1.17.0.jar:/home/runner/.m2/repository/io/grpc/grpc-protobuf-lite/1.33.0/grpc-protobuf-lite-1.33.0.jar:/home/runner/.m2/repository/io/grpc/grpc-stub/1.33.0/grpc-stub-1.33.0.jar:/home/runner/.m2/repository/org/apache/ozone/ozone-recon/1.3.0-SNAPSHOT/ozone-recon-1.3.0-SNAPSHOT.jar:/home/runner/.m2/repository/org/apache/ozone/ozone-reconcodegen/1.3.0-SNAPSHOT/ozone-reconcodegen-1.3.0-SNAPSHOT.jar:/home/runner/.m2/repository/com/google/inject/extensions/guice-multibindings/4.0/guice-multibindings-4.0.jar:/home/runner/.m2/repository/com/google/inject/guice/4.0/guice-4.0.jar:/home/runner/.m2/repository/aopalliance/aopalliance/1.0/aopalliance-1.0.jar:/home/runner/.m2/repository/com/google/inject/extensions/guice-assistedinject/4.0/guice-assistedinject-4.0.jar:/home/runner/.m2/repository/com/google/inject/extensions/guice-servlet/4.0/guice-servlet-4.0.jar:/home/runner/.m2/repository/org/glassfish/jersey/containers/jersey-container-servlet/2.33/jersey-container-servlet-2.33.jar:/home/runner/.m2/repository/org/glassfish/hk2/guice-bridge/2.5.0/guice-bridge-2.5.0.jar:/home/runner/.m2/repository/org/glassfish/jersey/core/jersey-server/2.33/jersey-server-2.33.jar:/home/runner/.m2/repository/org/glassfish/jersey/core/jersey-client/2.33/jersey-client-2.33.jar:/home/runner/.m2/repository/jakarta/annotation/jakarta.annotation-api/1.3.5/jakarta.annotation-api-1.3.5.jar:/home/runner/.m2/repository/jakarta/validation/jakarta.validation-api/2.0.2/jakarta.validation-api-2.0.2.jar:/home/runner/.m2/repository/org/glassfish/jersey/media/jersey-media-json-jackson/2.33/jersey-media-json-jackson-2.33.jar:/home/runner/.m2/repository/org/glassfish/jersey/ext/jersey-entity-filtering/2.33/jersey-entity-filtering-2.33.jar:/home/runner/.m2/repository/org/jooq/jooq/3.11.10/jooq-3.11.10.jar:/home/runner/.m2/repository/org/jooq/jooq-meta/3.11.10/jooq-meta-3.11.10.jar:/home/runner/.m2/repository/org/jooq/jooq-codegen/3.11.10/jooq-codegen-3.11.10.jar:/home/runner/.m2/repository/com/jolbox/bonecp/0.8.0.RELEASE/bonecp-0.8.0.RELEASE.jar:/home/runner/.m2/repository/org/apache/derby/derby/10.14.2.0/derby-10.14.2.0.jar:/home/runner/.m2/repository/org/xerial/sqlite-jdbc/3.25.2/sqlite-jdbc-3.25.2.jar:/home/runner/.m2/repository/org/springframework/spring-jdbc/5.2.18.RELEASE/spring-jdbc-5.2.18.RELEASE.jar:/home/runner/.m2/repository/org/springframework/spring-beans/5.2.18.RELEASE/spring-beans-5.2.18.RELEASE.jar:/home/runner/.m2/repository/org/springframework/spring-core/5.2.18.RELEASE/spring-core-5.2.18.RELEASE.jar:/home/runner/.m2/repository/org/springframework/spring-jcl/5.2.18.RELEASE/spring-jcl-5.2.18.RELEASE.jar:/home/runner/.m2/repository/org/springframework/spring-tx/5.2.18.RELEASE/spring-tx-5.2.18.RELEASE.jar:/home/runner/.m2/repository/org/apache/ozone/ozone-client/1.3.0-SNAPSHOT/ozone-client-1.3.0-SNAPSHOT.jar:/home/runner/.m2/repository/org/apache/ozone/ozone-filesystem/1.3.0-SNAPSHOT/ozone-filesystem-1.3.0-SNAPSHOT.jar:/home/runner/.m2/repository/org/apache/ozone/ozone-filesystem-common/1.3.0-SNAPSHOT/ozone-filesystem-common-1.3.0-SNAPSHOT.jar:/home/runner/.m2/repository/org/apache/ozone/ozone-tools/1.3.0-SNAPSHOT/ozone-tools-1.3.0-SNAPSHOT.jar:/home/runner/.m2/repository/org/apache/ratis/ratis-tools/2.2.0/ratis-tools-2.2.0.jar:/home/runner/.m2/repository/com/amazonaws/aws-java-sdk-core/1.12.124/aws-java-sdk-core-1.12.124.jar:/home/runner/.m2/repository/org/apache/httpcomponents/httpclient/4.5.13/httpclient-4.5.13.jar:/home/runner/.m2/repository/org/apache/httpcomponents/httpcore/4.4.13/httpcore-4.4.13.jar:/home/runner/.m2/repository/software/amazon/ion/ion-java/1.0.2/ion-java-1.0.2.jar:/home/runner/.m2/repository/com/fasterxml/jackson/dataformat/jackson-dataformat-cbor/2.12.1/jackson-dataformat-cbor-2.12.1.jar:/home/runner/.m2/repository/joda-time/joda-time/2.8.1/joda-time-2.8.1.jar:/home/runner/.m2/repository/com/amazonaws/aws-java-sdk-s3/1.12.124/aws-java-sdk-s3-1.12.124.jar:/home/runner/.m2/repository/com/amazonaws/aws-java-sdk-kms/1.12.124/aws-java-sdk-kms-1.12.124.jar:/home/runner/.m2/repository/com/amazonaws/jmespath-java/1.12.124/jmespath-java-1.12.124.jar:/home/runner/.m2/repository/org/kohsuke/metainf-services/metainf-services/1.8/metainf-services-1.8.jar:/home/runner/.m2/repository/org/apache/ozone/hdds-tools/1.3.0-SNAPSHOT/hdds-tools-1.3.0-SNAPSHOT.jar:/home/runner/.m2/repository/commons-cli/commons-cli/1.2/commons-cli-1.2.jar:/home/runner/.m2/repository/org/apache/commons/commons-lang3/3.7/commons-lang3-3.7.jar:/home/runner/.m2/repository/org/apache/ozone/ozone-manager/1.3.0-SNAPSHOT/ozone-manager-1.3.0-SNAPSHOT-tests.jar:/home/runner/.m2/repository/org/apache/ozone/hdds-common/1.3.0-SNAPSHOT/hdds-common-1.3.0-SNAPSHOT-tests.jar:/home/runner/.m2/repository/org/apache/ozone/hdds-hadoop-dependency-client/1.3.0-SNAPSHOT/hdds-hadoop-dependency-client-1.3.0-SNAPSHOT.jar:/home/runner/.m2/repository/info/picocli/picocli/4.6.1/picocli-4.6.1.jar:/home/runner/.m2/repository/com/fasterxml/jackson/core/jackson-annotations/2.12.1/jackson-annotations-2.12.1.jar:/home/runner/.m2/repository/javax/annotation/javax.annotation-api/1.2/javax.annotation-api-1.2.jar:/home/runner/.m2/repository/org/apache/ratis/ratis-server/2.2.0/ratis-server-2.2.0.jar:/home/runner/.m2/repository/org/apache/ratis/ratis-client/2.2.0/ratis-client-2.2.0.jar:/home/runner/.m2/repository/org/apache/ratis/ratis-server-api/2.2.0/ratis-server-api-2.2.0.jar:/home/runner/.m2/repository/org/apache/ratis/ratis-metrics/2.2.0/ratis-metrics-2.2.0.jar:/home/runner/.m2/repository/org/apache/ratis/ratis-netty/2.2.0/ratis-netty-2.2.0.jar:/home/runner/.m2/repository/org/apache/ratis/ratis-grpc/2.2.0/ratis-grpc-2.2.0.jar:/home/runner/.m2/repository/org/apache/logging/log4j/log4j-api/2.17.1/log4j-api-2.17.1.jar:/home/runner/.m2/repository/org/apache/logging/log4j/log4j-core/2.17.1/log4j-core-2.17.1.jar:/home/runner/.m2/repository/com/lmax/disruptor/3.4.2/disruptor-3.4.2.jar:/home/runner/.m2/repository/org/apache/commons/commons-pool2/2.6.0/commons-pool2-2.6.0.jar:/home/runner/.m2/repository/org/bouncycastle/bcpkix-jdk15on/1.67/bcpkix-jdk15on-1.67.jar:/home/runner/.m2/repository/commons-validator/commons-validator/1.6/commons-validator-1.6.jar:/home/runner/.m2/repository/commons-beanutils/commons-beanutils/1.9.4/commons-beanutils-1.9.4.jar:/home/runner/.m2/repository/commons-digester/commons-digester/1.8.1/commons-digester-1.8.1.jar:/home/runner/.m2/repository/commons-collections/commons-collections/3.2.2/commons-collections-3.2.2.jar:/home/runner/.m2/repository/io/jaegertracing/jaeger-client/1.6.0/jaeger-client-1.6.0.jar:/home/runner/.m2/repository/io/jaegertracing/jaeger-thrift/1.6.0/jaeger-thrift-1.6.0.jar:/home/runner/.m2/repository/org/apache/thrift/libthrift/0.14.1/libthrift-0.14.1.jar:/home/runner/.m2/repository/com/squareup/okhttp3/okhttp/4.9.0/okhttp-4.9.0.jar:/home/runner/.m2/repository/com/squareup/okio/okio/2.8.0/okio-2.8.0.jar:/home/runner/.m2/repository/io/jaegertracing/jaeger-core/1.6.0/jaeger-core-1.6.0.jar:/home/runner/.m2/repository/io/jaegertracing/jaeger-tracerresolver/1.6.0/jaeger-tracerresolver-1.6.0.jar:/home/runner/.m2/repository/io/opentracing/contrib/opentracing-tracerresolver/0.1.8/opentracing-tracerresolver-0.1.8.jar:/home/runner/.m2/repository/org/jetbrains/kotlin/kotlin-stdlib/1.4.31/kotlin-stdlib-1.4.31.jar:/home/runner/.m2/repository/org/jetbrains/kotlin/kotlin-stdlib-common/1.4.31/kotlin-stdlib-common-1.4.31.jar:/home/runner/.m2/repository/org/jetbrains/annotations/13.0/annotations-13.0.jar:/home/runner/.m2/repository/io/opentracing/opentracing-util/0.33.0/opentracing-util-0.33.0.jar:/home/runner/.m2/repository/io/opentracing/opentracing-api/0.33.0/opentracing-api-0.33.0.jar:/home/runner/.m2/repository/io/opentracing/opentracing-noop/0.33.0/opentracing-noop-0.33.0.jar:/home/runner/.m2/repository/org/yaml/snakeyaml/1.26/snakeyaml-1.26.jar:/home/runner/.m2/repository/org/apache/ozone/hdds-interface-admin/1.3.0-SNAPSHOT/hdds-interface-admin-1.3.0-SNAPSHOT.jar:/home/runner/.m2/repository/junit/junit/4.13.1/junit-4.13.1.jar:/home/runner/.m2/repository/org/hamcrest/hamcrest-core/1.3/hamcrest-core-1.3.jar:/home/runner/.m2/repository/org/junit/jupiter/junit-jupiter-api/5.7.0/junit-jupiter-api-5.7.0.jar:/home/runner/.m2/repository/org/apiguardian/apiguardian-api/1.1.0/apiguardian-api-1.1.0.jar:/home/runner/.m2/repository/org/opentest4j/opentest4j/1.2.0/opentest4j-1.2.0.jar:/home/runner/.m2/repository/org/junit/platform/junit-platform-commons/1.7.0/junit-platform-commons-1.7.0.jar:/home/runner/.m2/repository/org/junit/jupiter/junit-jupiter-engine/5.7.0/junit-jupiter-engine-5.7.0.jar:/home/runner/.m2/repository/org/junit/platform/junit-platform-engine/1.7.0/junit-platform-engine-1.7.0.jar:/home/runner/.m2/repository/org/junit/vintage/junit-vintage-engine/5.7.0/junit-vintage-engine-5.7.0.jar:/home/runner/.m2/repository/org/junit/platform/junit-platform-launcher/1.7.0/junit-platform-launcher-1.7.0.jar:/home/runner/.m2/repository/org/mockito/mockito-core/2.28.2/mockito-core-2.28.2.jar:/home/runner/.m2/repository/net/bytebuddy/byte-buddy/1.9.10/byte-buddy-1.9.10.jar:/home/runner/.m2/repository/net/bytebuddy/byte-buddy-agent/1.9.10/byte-buddy-agent-1.9.10.jar:/home/runner/.m2/repository/org/objenesis/objenesis/1.0/objenesis-1.0.jar:/home/runner/.m2/repository/org/apache/hadoop/hadoop-kms/3.3.1/hadoop-kms-3.3.1.jar:/home/runner/.m2/repository/org/apache/hadoop/hadoop-auth/3.3.1/hadoop-auth-3.3.1.jar:/home/runner/.m2/repository/com/nimbusds/nimbus-jose-jwt/7.9/nimbus-jose-jwt-7.9.jar:/home/runner/.m2/repository/com/github/stephenc/jcip/jcip-annotations/1.0-1/jcip-annotations-1.0-1.jar:/home/runner/.m2/repository/net/minidev/json-smart/2.3.1/json-smart-2.3.1.jar:/home/runner/.m2/repository/net/minidev/accessors-smart/2.3.1/accessors-smart-2.3.1.jar:/home/runner/.m2/repository/org/ow2/asm/asm/5.0.4/asm-5.0.4.jar:/home/runner/.m2/repository/org/apache/zookeeper/zookeeper/3.5.6/zookeeper-3.5.6.jar:/home/runner/.m2/repository/org/apache/zookeeper/zookeeper-jute/3.5.6/zookeeper-jute-3.5.6.jar:/home/runner/.m2/repository/org/apache/yetus/audience-annotations/0.5.0/audience-annotations-0.5.0.jar:/home/runner/.m2/repository/org/apache/curator/curator-framework/4.2.0/curator-framework-4.2.0.jar:/home/runner/.m2/repository/org/apache/hadoop/thirdparty/hadoop-shaded-guava/1.1.1/hadoop-shaded-guava-1.1.1.jar:/home/runner/.m2/repository/com/sun/jersey/jersey-core/1.19/jersey-core-1.19.jar:/home/runner/.m2/repository/javax/ws/rs/jsr311-api/1.1.1/jsr311-api-1.1.1.jar:/home/runner/.m2/repository/com/sun/jersey/jersey-server/1.19/jersey-server-1.19.jar:/home/runner/.m2/repository/javax/servlet/javax.servlet-api/3.1.0/javax.servlet-api-3.1.0.jar:/home/runner/.m2/repository/org/eclipse/jetty/jetty-server/9.4.43.v20210629/jetty-server-9.4.43.v20210629.jar:/home/runner/.m2/repository/org/eclipse/jetty/jetty-http/9.4.43.v20210629/jetty-http-9.4.43.v20210629.jar:/home/runner/.m2/repository/org/eclipse/jetty/jetty-io/9.4.43.v20210629/jetty-io-9.4.43.v20210629.jar:/home/runner/.m2/repository/org/eclipse/jetty/jetty-webapp/9.4.43.v20210629/jetty-webapp-9.4.43.v20210629.jar:/home/runner/.m2/repository/org/eclipse/jetty/jetty-xml/9.4.43.v20210629/jetty-xml-9.4.43.v20210629.jar:/home/runner/.m2/repository/org/apache/hadoop/hadoop-common/3.3.1/hadoop-common-3.3.1.jar:/home/runner/.m2/repository/org/apache/commons/commons-math3/3.1.1/commons-math3-3.1.1.jar:/home/runner/.m2/repository/commons-net/commons-net/3.6/commons-net-3.6.jar:/home/runner/.m2/repository/jakarta/activation/jakarta.activation-api/1.2.1/jakarta.activation-api-1.2.1.jar:/home/runner/.m2/repository/com/sun/jersey/jersey-servlet/1.19/jersey-servlet-1.19.jar:/home/runner/.m2/repository/com/sun/jersey/jersey-json/1.19/jersey-json-1.19.jar:/home/runner/.m2/repository/org/codehaus/jettison/jettison/1.1/jettison-1.1.jar:/home/runner/.m2/repository/com/sun/xml/bind/jaxb-impl/2.2.3-1/jaxb-impl-2.2.3-1.jar:/home/runner/.m2/repository/org/codehaus/jackson/jackson-jaxrs/1.9.2/jackson-jaxrs-1.9.2.jar:/home/runner/.m2/repository/org/codehaus/jackson/jackson-xc/1.9.2/jackson-xc-1.9.2.jar:/home/runner/.m2/repository/org/apache/commons/commons-configuration2/2.1.1/commons-configuration2-2.1.1.jar:/home/runner/.m2/repository/org/apache/commons/commons-text/1.4/commons-text-1.4.jar:/home/runner/.m2/repository/com/google/re2j/re2j/1.1/re2j-1.1.jar:/home/runner/.m2/repository/com/jcraft/jsch/0.1.54/jsch-0.1.54.jar:/home/runner/.m2/repository/org/apache/curator/curator-client/4.2.0/curator-client-4.2.0.jar:/home/runner/.m2/repository/org/apache/curator/curator-recipes/4.2.0/curator-recipes-4.2.0.jar:/home/runner/.m2/repository/org/apache/kerby/kerb-core/1.0.1/kerb-core-1.0.1.jar:/home/runner/.m2/repository/org/apache/kerby/kerby-pkix/1.0.1/kerby-pkix-1.0.1.jar:/home/runner/.m2/repository/org/apache/kerby/kerby-asn1/1.0.1/kerby-asn1-1.0.1.jar:/home/runner/.m2/repository/org/apache/kerby/kerby-util/1.0.1/kerby-util-1.0.1.jar:/home/runner/.m2/repository/dnsjava/dnsjava/2.1.7/dnsjava-2.1.7.jar:/home/runner/.m2/repository/org/xerial/snappy/snappy-java/1.1.8.2/snappy-java-1.1.8.2.jar:/home/runner/.m2/repository/org/slf4j/jul-to-slf4j/1.7.30/jul-to-slf4j-1.7.30.jar:/home/runner/.m2/repository/org/eclipse/jetty/jetty-util/9.4.43.v20210629/jetty-util-9.4.43.v20210629.jar:/home/runner/.m2/repository/com/fasterxml/jackson/core/jackson-databind/2.12.1/jackson-databind-2.12.1.jar:/home/runner/.m2/repository/org/apache/hadoop/hadoop-kms/3.3.1/hadoop-kms-3.3.1-tests.jar:/home/runner/.m2/repository/org/apache/ozone/hdds-server-scm/1.3.0-SNAPSHOT/hdds-server-scm-1.3.0-SNAPSHOT-tests.jar:/home/runner/.m2/repository/org/apache/ozone/hdds-container-service/1.3.0-SNAPSHOT/hdds-container-service-1.3.0-SNAPSHOT-tests.jar:/home/runner/.m2/repository/commons-codec/commons-codec/1.11/commons-codec-1.11.jar:/home/runner/.m2/repository/io/netty/netty-transport/4.1.63.Final/netty-transport-4.1.63.Final.jar:/home/runner/.m2/repository/io/netty/netty-resolver/4.1.63.Final/netty-resolver-4.1.63.Final.jar:/home/runner/.m2/repository/io/netty/netty-codec/4.1.63.Final/netty-codec-4.1.63.Final.jar:/home/runner/.m2/repository/io/netty/netty-handler/4.1.63.Final/netty-handler-4.1.63.Final.jar:/home/runner/.m2/repository/org/apache/ozone/hdds-hadoop-dependency-test/1.3.0-SNAPSHOT/hdds-hadoop-dependency-test-1.3.0-SNAPSHOT.jar:/home/runner/.m2/repository/org/apache/hadoop/hadoop-common/3.3.1/hadoop-common-3.3.1-tests.jar:/home/runner/.m2/repository/org/assertj/assertj-core/3.12.2/assertj-core-3.12.2.jar:/home/runner/.m2/repository/org/apache/hadoop/hadoop-hdfs/3.3.1/hadoop-hdfs-3.3.1-tests.jar:/home/runner/.m2/repository/org/eclipse/jetty/jetty-util-ajax/9.4.43.v20210629/jetty-util-ajax-9.4.43.v20210629.jar:/home/runner/.m2/repository/commons-daemon/commons-daemon/1.0.13/commons-daemon-1.0.13.jar:/home/runner/.m2/repository/io/netty/netty/3.10.6.Final/netty-3.10.6.Final.jar:/home/runner/.m2/repository/io/netty/netty-all/4.1.63.Final/netty-all-4.1.63.Final.jar:/home/runner/.m2/repository/org/apache/htrace/htrace-core4/4.1.0-incubating/htrace-core4-4.1.0-incubating.jar:/home/runner/.m2/repository/org/fusesource/leveldbjni/leveldbjni-all/1.8/leveldbjni-all-1.8.jar:/home/runner/.m2/repository/org/apache/hadoop/hadoop-distcp/3.3.1/hadoop-distcp-3.3.1.jar:/home/runner/.m2/repository/org/apache/hadoop/hadoop-mapreduce-client-jobclient/3.3.1/hadoop-mapreduce-client-jobclient-3.3.1.jar:/home/runner/.m2/repository/org/apache/hadoop/hadoop-mapreduce-client-common/3.3.1/hadoop-mapreduce-client-common-3.3.1.jar:/home/runner/.m2/repository/org/apache/hadoop/hadoop-yarn-common/3.3.1/hadoop-yarn-common-3.3.1.jar:/home/runner/.m2/repository/org/apache/hadoop/hadoop-yarn-api/3.3.1/hadoop-yarn-api-3.3.1.jar:/home/runner/.m2/repository/com/sun/jersey/jersey-client/1.19/jersey-client-1.19.jar:/home/runner/.m2/repository/com/sun/jersey/contribs/jersey-guice/1.19/jersey-guice-1.19.jar:/home/runner/.m2/repository/com/fasterxml/jackson/jaxrs/jackson-jaxrs-json-provider/2.12.1/jackson-jaxrs-json-provider-2.12.1.jar:/home/runner/.m2/repository/com/fasterxml/jackson/jaxrs/jackson-jaxrs-base/2.12.1/jackson-jaxrs-base-2.12.1.jar:/home/runner/.m2/repository/org/apache/hadoop/hadoop-yarn-client/3.3.1/hadoop-yarn-client-3.3.1.jar:/home/runner/.m2/repository/org/eclipse/jetty/websocket/websocket-client/9.4.40.v20210413/websocket-client-9.4.40.v20210413.jar:/home/runner/.m2/repository/org/eclipse/jetty/jetty-client/9.4.40.v20210413/jetty-client-9.4.40.v20210413.jar:/home/runner/.m2/repository/org/eclipse/jetty/websocket/websocket-common/9.4.40.v20210413/websocket-common-9.4.40.v20210413.jar:/home/runner/.m2/repository/org/eclipse/jetty/websocket/websocket-api/9.4.40.v20210413/websocket-api-9.4.40.v20210413.jar:/home/runner/.m2/repository/org/jline/jline/3.9.0/jline-3.9.0.jar:/home/runner/.m2/repository/org/apache/hadoop/hadoop-mapreduce-client-core/3.3.1/hadoop-mapreduce-client-core-3.3.1.jar:/home/runner/.m2/repository/org/apache/avro/avro/1.7.7/avro-1.7.7.jar:/home/runner/.m2/repository/org/codehaus/jackson/jackson-core-asl/1.9.13/jackson-core-asl-1.9.13.jar:/home/runner/.m2/repository/org/codehaus/jackson/jackson-mapper-asl/1.9.13/jackson-mapper-asl-1.9.13.jar:/home/runner/.m2/repository/com/thoughtworks/paranamer/paranamer/2.3/paranamer-2.3.jar:/home/runner/.m2/repository/org/apache/hadoop/hadoop-annotations/3.3.1/hadoop-annotations-3.3.1.jar:/usr/lib/jvm/temurin-8-jdk-amd64/jre/../lib/tools.jar:/home/runner/.m2/repository/org/apache/hadoop/hadoop-distcp/3.3.1/hadoop-distcp-3.3.1-tests.jar:/home/runner/.m2/repository/org/apache/ratis/ratis-common/2.2.0/ratis-common-2.2.0.jar:/home/runner/.m2/repository/org/apache/ratis/ratis-thirdparty-misc/0.7.0/ratis-thirdparty-misc-0.7.0.jar:/home/runner/.m2/repository/org/apache/ratis/ratis-proto/2.2.0/ratis-proto-2.2.0.jar:"/>
    <property name="java.vm.vendor" value="Temurin"/>
    <property name="sun.arch.data.model" value="64"/>
    <property name="test.build.dir" value="/home/runner/work/ozone/ozone/hadoop-ozone/integration-test/target/test-dir"/>
    <property name="test.cache.data" value=""/>
    <property name="java.vendor.url" value="https://adoptium.net/"/>
    <property name="user.timezone" value=""/>
    <property name="java.vm.specification.version" value="1.8"/>
    <property name="os.name" value="Linux"/>
    <property name="test.build.data" value="/home/runner/work/ozone/ozone/hadoop-ozone/integration-test/target/test-dir"/>
    <property name="sun.java.launcher" value="SUN_STANDARD"/>
    <property name="sun.boot.library.path" value="/usr/lib/jvm/temurin-8-jdk-amd64/jre/lib/amd64"/>
    <property name="sun.java.command" value="/home/runner/work/ozone/ozone/hadoop-ozone/integration-test/target/surefire/surefirebooter6165401794715526866.jar /home/runner/work/ozone/ozone/hadoop-ozone/integration-test/target/surefire 2022-02-10T00-53-44_668-jvmRun1 surefire1110088436002516268tmp surefire_143796169477671311783tmp"/>
    <property name="surefire.test.class.path" value="/home/runner/work/ozone/ozone/hadoop-ozone/integration-test/target/test-classes:/home/runner/work/ozone/ozone/hadoop-ozone/integration-test/target/classes:/home/runner/.m2/repository/org/apache/ozone/ozone-common/1.3.0-SNAPSHOT/ozone-common-1.3.0-SNAPSHOT.jar:/home/runner/.m2/repository/org/apache/commons/commons-compress/1.21/commons-compress-1.21.jar:/home/runner/.m2/repository/org/apache/ozone/hdds-common/1.3.0-SNAPSHOT/hdds-common-1.3.0-SNAPSHOT.jar:/home/runner/.m2/repository/org/apache/ozone/hdds-client/1.3.0-SNAPSHOT/hdds-client-1.3.0-SNAPSHOT.jar:/home/runner/.m2/repository/org/apache/ozone/ozone-interface-client/1.3.0-SNAPSHOT/ozone-interface-client-1.3.0-SNAPSHOT.jar:/home/runner/.m2/repository/org/apache/ozone/hdds-test-utils/1.3.0-SNAPSHOT/hdds-test-utils-1.3.0-SNAPSHOT.jar:/home/runner/.m2/repository/com/google/guava/guava/30.1.1-jre/guava-30.1.1-jre.jar:/home/runner/.m2/repository/com/google/guava/failureaccess/1.0.1/failureaccess-1.0.1.jar:/home/runner/.m2/repository/com/google/guava/listenablefuture/9999.0-empty-to-avoid-conflict-with-guava/listenablefuture-9999.0-empty-to-avoid-conflict-with-guava.jar:/home/runner/.m2/repository/com/google/code/findbugs/jsr305/3.0.0/jsr305-3.0.0.jar:/home/runner/.m2/repository/org/checkerframework/checker-qual/3.8.0/checker-qual-3.8.0.jar:/home/runner/.m2/repository/com/google/errorprone/error_prone_annotations/2.2.0/error_prone_annotations-2.2.0.jar:/home/runner/.m2/repository/com/google/j2objc/j2objc-annotations/1.3/j2objc-annotations-1.3.jar:/home/runner/.m2/repository/commons-io/commons-io/2.11.0/commons-io-2.11.0.jar:/home/runner/.m2/repository/commons-logging/commons-logging/1.2/commons-logging-1.2.jar:/home/runner/.m2/repository/log4j/log4j/1.2.17/log4j-1.2.17.jar:/home/runner/.m2/repository/org/slf4j/slf4j-api/1.7.30/slf4j-api-1.7.30.jar:/home/runner/.m2/repository/org/apache/ozone/hdds-server-scm/1.3.0-SNAPSHOT/hdds-server-scm-1.3.0-SNAPSHOT.jar:/home/runner/.m2/repository/org/apache/ozone/hdds-container-service/1.3.0-SNAPSHOT/hdds-container-service-1.3.0-SNAPSHOT.jar:/home/runner/.m2/repository/org/apache/ozone/hdds-hadoop-dependency-server/1.3.0-SNAPSHOT/hdds-hadoop-dependency-server-1.3.0-SNAPSHOT.jar:/home/runner/.m2/repository/org/apache/hadoop/hadoop-hdfs/3.3.1/hadoop-hdfs-3.3.1.jar:/home/runner/.m2/repository/org/apache/ozone/hdds-server-framework/1.3.0-SNAPSHOT/hdds-server-framework-1.3.0-SNAPSHOT.jar:/home/runner/.m2/repository/org/apache/ozone/hdds-interface-server/1.3.0-SNAPSHOT/hdds-interface-server-1.3.0-SNAPSHOT.jar:/home/runner/.m2/repository/org/eclipse/jetty/jetty-servlet/9.4.43.v20210629/jetty-servlet-9.4.43.v20210629.jar:/home/runner/.m2/repository/org/eclipse/jetty/jetty-security/9.4.43.v20210629/jetty-security-9.4.43.v20210629.jar:/home/runner/.m2/repository/org/rocksdb/rocksdbjni/6.25.3/rocksdbjni-6.25.3.jar:/home/runner/.m2/repository/io/prometheus/simpleclient_dropwizard/0.7.0/simpleclient_dropwizard-0.7.0.jar:/home/runner/.m2/repository/io/prometheus/simpleclient/0.7.0/simpleclient-0.7.0.jar:/home/runner/.m2/repository/io/prometheus/simpleclient_common/0.7.0/simpleclient_common-0.7.0.jar:/home/runner/.m2/repository/com/fasterxml/jackson/datatype/jackson-datatype-jsr310/2.12.1/jackson-datatype-jsr310-2.12.1.jar:/home/runner/.m2/repository/io/dropwizard/metrics/metrics-core/3.2.4/metrics-core-3.2.4.jar:/home/runner/.m2/repository/org/apache/hadoop/hadoop-hdfs-client/3.3.1/hadoop-hdfs-client-3.3.1.jar:/home/runner/.m2/repository/org/bouncycastle/bcprov-jdk15on/1.67/bcprov-jdk15on-1.67.jar:/home/runner/.m2/repository/com/google/protobuf/protobuf-java/2.5.0/protobuf-java-2.5.0.jar:/home/runner/.m2/repository/org/apache/ozone/ozone-manager/1.3.0-SNAPSHOT/ozone-manager-1.3.0-SNAPSHOT.jar:/home/runner/.m2/repository/org/aspectj/aspectjrt/1.9.7/aspectjrt-1.9.7.jar:/home/runner/.m2/repository/org/aspectj/aspectjweaver/1.9.7/aspectjweaver-1.9.7.jar:/home/runner/.m2/repository/org/apache/ozone/hdds-interface-client/1.3.0-SNAPSHOT/hdds-interface-client-1.3.0-SNAPSHOT.jar:/home/runner/.m2/repository/org/apache/hadoop/thirdparty/hadoop-shaded-protobuf_3_7/1.1.1/hadoop-shaded-protobuf_3_7-1.1.1.jar:/home/runner/.m2/repository/org/apache/ozone/ozone-interface-storage/1.3.0-SNAPSHOT/ozone-interface-storage-1.3.0-SNAPSHOT.jar:/home/runner/.m2/repository/org/reflections/reflections/0.9.11/reflections-0.9.11.jar:/home/runner/.m2/repository/org/apache/hadoop/hadoop-minikdc/3.3.1/hadoop-minikdc-3.3.1.jar:/home/runner/.m2/repository/org/apache/kerby/kerb-simplekdc/1.0.1/kerb-simplekdc-1.0.1.jar:/home/runner/.m2/repository/org/apache/kerby/kerb-client/1.0.1/kerb-client-1.0.1.jar:/home/runner/.m2/repository/org/apache/kerby/kerby-config/1.0.1/kerby-config-1.0.1.jar:/home/runner/.m2/repository/org/apache/kerby/kerb-common/1.0.1/kerb-common-1.0.1.jar:/home/runner/.m2/repository/org/apache/kerby/kerb-crypto/1.0.1/kerb-crypto-1.0.1.jar:/home/runner/.m2/repository/org/apache/kerby/kerb-util/1.0.1/kerb-util-1.0.1.jar:/home/runner/.m2/repository/org/apache/kerby/token-provider/1.0.1/token-provider-1.0.1.jar:/home/runner/.m2/repository/org/apache/kerby/kerb-admin/1.0.1/kerb-admin-1.0.1.jar:/home/runner/.m2/repository/org/apache/kerby/kerb-server/1.0.1/kerb-server-1.0.1.jar:/home/runner/.m2/repository/org/apache/kerby/kerb-identity/1.0.1/kerb-identity-1.0.1.jar:/home/runner/.m2/repository/org/apache/kerby/kerby-xdr/1.0.1/kerby-xdr-1.0.1.jar:/home/runner/.m2/repository/org/slf4j/slf4j-log4j12/1.7.30/slf4j-log4j12-1.7.30.jar:/home/runner/.m2/repository/org/apache/ozone/ozone-s3gateway/1.3.0-SNAPSHOT/ozone-s3gateway-1.3.0-SNAPSHOT.jar:/home/runner/.m2/repository/org/javassist/javassist/3.21.0-GA/javassist-3.21.0-GA.jar:/home/runner/.m2/repository/org/jboss/weld/servlet/weld-servlet/2.4.7.Final/weld-servlet-2.4.7.Final.jar:/home/runner/.m2/repository/org/glassfish/jersey/containers/jersey-container-servlet-core/2.33/jersey-container-servlet-core-2.33.jar:/home/runner/.m2/repository/org/glassfish/hk2/external/jakarta.inject/2.6.1/jakarta.inject-2.6.1.jar:/home/runner/.m2/repository/org/glassfish/jersey/core/jersey-common/2.33/jersey-common-2.33.jar:/home/runner/.m2/repository/jakarta/ws/rs/jakarta.ws.rs-api/2.1.6/jakarta.ws.rs-api-2.1.6.jar:/home/runner/.m2/repository/org/glassfish/jersey/ext/cdi/jersey-cdi1x/2.33/jersey-cdi1x-2.33.jar:/home/runner/.m2/repository/org/glassfish/jersey/inject/jersey-hk2/2.33/jersey-hk2-2.33.jar:/home/runner/.m2/repository/org/glassfish/hk2/hk2-locator/2.6.1/hk2-locator-2.6.1.jar:/home/runner/.m2/repository/org/glassfish/jersey/media/jersey-media-jaxb/2.33/jersey-media-jaxb-2.33.jar:/home/runner/.m2/repository/org/glassfish/hk2/osgi-resource-locator/1.0.3/osgi-resource-locator-1.0.3.jar:/home/runner/.m2/repository/org/glassfish/hk2/hk2-api/2.5.0/hk2-api-2.5.0.jar:/home/runner/.m2/repository/org/glassfish/hk2/hk2-utils/2.5.0/hk2-utils-2.5.0.jar:/home/runner/.m2/repository/org/glassfish/hk2/external/aopalliance-repackaged/2.5.0/aopalliance-repackaged-2.5.0.jar:/home/runner/.m2/repository/com/fasterxml/jackson/dataformat/jackson-dataformat-xml/2.12.1/jackson-dataformat-xml-2.12.1.jar:/home/runner/.m2/repository/com/fasterxml/jackson/core/jackson-core/2.12.1/jackson-core-2.12.1.jar:/home/runner/.m2/repository/com/fasterxml/jackson/module/jackson-module-jaxb-annotations/2.12.1/jackson-module-jaxb-annotations-2.12.1.jar:/home/runner/.m2/repository/jakarta/xml/bind/jakarta.xml.bind-api/2.3.2/jakarta.xml.bind-api-2.3.2.jar:/home/runner/.m2/repository/org/codehaus/woodstox/stax2-api/3.1.4/stax2-api-3.1.4.jar:/home/runner/.m2/repository/com/fasterxml/woodstox/woodstox-core/5.0.3/woodstox-core-5.0.3.jar:/home/runner/.m2/repository/javax/enterprise/cdi-api/1.2/cdi-api-1.2.jar:/home/runner/.m2/repository/javax/el/javax.el-api/3.0.0/javax.el-api-3.0.0.jar:/home/runner/.m2/repository/javax/interceptor/javax.interceptor-api/1.2/javax.interceptor-api-1.2.jar:/home/runner/.m2/repository/javax/inject/javax.inject/1/javax.inject-1.jar:/home/runner/.m2/repository/javax/xml/bind/jaxb-api/2.3.0/jaxb-api-2.3.0.jar:/home/runner/.m2/repository/org/glassfish/jaxb/jaxb-runtime/2.3.0.1/jaxb-runtime-2.3.0.1.jar:/home/runner/.m2/repository/org/glassfish/jaxb/jaxb-core/2.3.0.1/jaxb-core-2.3.0.1.jar:/home/runner/.m2/repository/org/glassfish/jaxb/txw2/2.3.0.1/txw2-2.3.0.1.jar:/home/runner/.m2/repository/com/sun/istack/istack-commons-runtime/3.0.5/istack-commons-runtime-3.0.5.jar:/home/runner/.m2/repository/org/jvnet/staxex/stax-ex/1.7.8/stax-ex-1.7.8.jar:/home/runner/.m2/repository/com/sun/xml/fastinfoset/FastInfoset/1.2.13/FastInfoset-1.2.13.jar:/home/runner/.m2/repository/javax/activation/activation/1.1.1/activation-1.1.1.jar:/home/runner/.m2/repository/org/apache/ozone/ozone-csi/1.3.0-SNAPSHOT/ozone-csi-1.3.0-SNAPSHOT.jar:/home/runner/.m2/repository/com/google/protobuf/protobuf-java-util/3.12.0/protobuf-java-util-3.12.0.jar:/home/runner/.m2/repository/com/google/code/gson/gson/2.2.4/gson-2.2.4.jar:/home/runner/.m2/repository/org/apache/ozone/hdds-config/1.3.0-SNAPSHOT/hdds-config-1.3.0-SNAPSHOT.jar:/home/runner/.m2/repository/io/grpc/grpc-netty/1.33.0/grpc-netty-1.33.0.jar:/home/runner/.m2/repository/io/grpc/grpc-core/1.33.0/grpc-core-1.33.0.jar:/home/runner/.m2/repository/com/google/android/annotations/4.1.1.4/annotations-4.1.1.4.jar:/home/runner/.m2/repository/io/netty/netty-codec-http2/4.1.63.Final/netty-codec-http2-4.1.63.Final.jar:/home/runner/.m2/repository/io/netty/netty-codec-http/4.1.63.Final/netty-codec-http-4.1.63.Final.jar:/home/runner/.m2/repository/io/netty/netty-handler-proxy/4.1.63.Final/netty-handler-proxy-4.1.63.Final.jar:/home/runner/.m2/repository/io/netty/netty-codec-socks/4.1.63.Final/netty-codec-socks-4.1.63.Final.jar:/home/runner/.m2/repository/io/perfmark/perfmark-api/0.19.0/perfmark-api-0.19.0.jar:/home/runner/.m2/repository/org/codehaus/mojo/animal-sniffer-annotations/1.18/animal-sniffer-annotations-1.18.jar:/home/runner/.m2/repository/io/netty/netty-transport-native-epoll/4.1.63.Final/netty-transport-native-epoll-4.1.63.Final.jar:/home/runner/.m2/repository/io/netty/netty-common/4.1.63.Final/netty-common-4.1.63.Final.jar:/home/runner/.m2/repository/io/netty/netty-buffer/4.1.63.Final/netty-buffer-4.1.63.Final.jar:/home/runner/.m2/repository/io/netty/netty-transport-native-unix-common/4.1.63.Final/netty-transport-native-unix-common-4.1.63.Final.jar:/home/runner/.m2/repository/io/grpc/grpc-protobuf/1.33.0/grpc-protobuf-1.33.0.jar:/home/runner/.m2/repository/io/grpc/grpc-api/1.33.0/grpc-api-1.33.0.jar:/home/runner/.m2/repository/io/grpc/grpc-context/1.33.0/grpc-context-1.33.0.jar:/home/runner/.m2/repository/com/google/api/grpc/proto-google-common-protos/1.17.0/proto-google-common-protos-1.17.0.jar:/home/runner/.m2/repository/io/grpc/grpc-protobuf-lite/1.33.0/grpc-protobuf-lite-1.33.0.jar:/home/runner/.m2/repository/io/grpc/grpc-stub/1.33.0/grpc-stub-1.33.0.jar:/home/runner/.m2/repository/org/apache/ozone/ozone-recon/1.3.0-SNAPSHOT/ozone-recon-1.3.0-SNAPSHOT.jar:/home/runner/.m2/repository/org/apache/ozone/ozone-reconcodegen/1.3.0-SNAPSHOT/ozone-reconcodegen-1.3.0-SNAPSHOT.jar:/home/runner/.m2/repository/com/google/inject/extensions/guice-multibindings/4.0/guice-multibindings-4.0.jar:/home/runner/.m2/repository/com/google/inject/guice/4.0/guice-4.0.jar:/home/runner/.m2/repository/aopalliance/aopalliance/1.0/aopalliance-1.0.jar:/home/runner/.m2/repository/com/google/inject/extensions/guice-assistedinject/4.0/guice-assistedinject-4.0.jar:/home/runner/.m2/repository/com/google/inject/extensions/guice-servlet/4.0/guice-servlet-4.0.jar:/home/runner/.m2/repository/org/glassfish/jersey/containers/jersey-container-servlet/2.33/jersey-container-servlet-2.33.jar:/home/runner/.m2/repository/org/glassfish/hk2/guice-bridge/2.5.0/guice-bridge-2.5.0.jar:/home/runner/.m2/repository/org/glassfish/jersey/core/jersey-server/2.33/jersey-server-2.33.jar:/home/runner/.m2/repository/org/glassfish/jersey/core/jersey-client/2.33/jersey-client-2.33.jar:/home/runner/.m2/repository/jakarta/annotation/jakarta.annotation-api/1.3.5/jakarta.annotation-api-1.3.5.jar:/home/runner/.m2/repository/jakarta/validation/jakarta.validation-api/2.0.2/jakarta.validation-api-2.0.2.jar:/home/runner/.m2/repository/org/glassfish/jersey/media/jersey-media-json-jackson/2.33/jersey-media-json-jackson-2.33.jar:/home/runner/.m2/repository/org/glassfish/jersey/ext/jersey-entity-filtering/2.33/jersey-entity-filtering-2.33.jar:/home/runner/.m2/repository/org/jooq/jooq/3.11.10/jooq-3.11.10.jar:/home/runner/.m2/repository/org/jooq/jooq-meta/3.11.10/jooq-meta-3.11.10.jar:/home/runner/.m2/repository/org/jooq/jooq-codegen/3.11.10/jooq-codegen-3.11.10.jar:/home/runner/.m2/repository/com/jolbox/bonecp/0.8.0.RELEASE/bonecp-0.8.0.RELEASE.jar:/home/runner/.m2/repository/org/apache/derby/derby/10.14.2.0/derby-10.14.2.0.jar:/home/runner/.m2/repository/org/xerial/sqlite-jdbc/3.25.2/sqlite-jdbc-3.25.2.jar:/home/runner/.m2/repository/org/springframework/spring-jdbc/5.2.18.RELEASE/spring-jdbc-5.2.18.RELEASE.jar:/home/runner/.m2/repository/org/springframework/spring-beans/5.2.18.RELEASE/spring-beans-5.2.18.RELEASE.jar:/home/runner/.m2/repository/org/springframework/spring-core/5.2.18.RELEASE/spring-core-5.2.18.RELEASE.jar:/home/runner/.m2/repository/org/springframework/spring-jcl/5.2.18.RELEASE/spring-jcl-5.2.18.RELEASE.jar:/home/runner/.m2/repository/org/springframework/spring-tx/5.2.18.RELEASE/spring-tx-5.2.18.RELEASE.jar:/home/runner/.m2/repository/org/apache/ozone/ozone-client/1.3.0-SNAPSHOT/ozone-client-1.3.0-SNAPSHOT.jar:/home/runner/.m2/repository/org/apache/ozone/ozone-filesystem/1.3.0-SNAPSHOT/ozone-filesystem-1.3.0-SNAPSHOT.jar:/home/runner/.m2/repository/org/apache/ozone/ozone-filesystem-common/1.3.0-SNAPSHOT/ozone-filesystem-common-1.3.0-SNAPSHOT.jar:/home/runner/.m2/repository/org/apache/ozone/ozone-tools/1.3.0-SNAPSHOT/ozone-tools-1.3.0-SNAPSHOT.jar:/home/runner/.m2/repository/org/apache/ratis/ratis-tools/2.2.0/ratis-tools-2.2.0.jar:/home/runner/.m2/repository/com/amazonaws/aws-java-sdk-core/1.12.124/aws-java-sdk-core-1.12.124.jar:/home/runner/.m2/repository/org/apache/httpcomponents/httpclient/4.5.13/httpclient-4.5.13.jar:/home/runner/.m2/repository/org/apache/httpcomponents/httpcore/4.4.13/httpcore-4.4.13.jar:/home/runner/.m2/repository/software/amazon/ion/ion-java/1.0.2/ion-java-1.0.2.jar:/home/runner/.m2/repository/com/fasterxml/jackson/dataformat/jackson-dataformat-cbor/2.12.1/jackson-dataformat-cbor-2.12.1.jar:/home/runner/.m2/repository/joda-time/joda-time/2.8.1/joda-time-2.8.1.jar:/home/runner/.m2/repository/com/amazonaws/aws-java-sdk-s3/1.12.124/aws-java-sdk-s3-1.12.124.jar:/home/runner/.m2/repository/com/amazonaws/aws-java-sdk-kms/1.12.124/aws-java-sdk-kms-1.12.124.jar:/home/runner/.m2/repository/com/amazonaws/jmespath-java/1.12.124/jmespath-java-1.12.124.jar:/home/runner/.m2/repository/org/kohsuke/metainf-services/metainf-services/1.8/metainf-services-1.8.jar:/home/runner/.m2/repository/org/apache/ozone/hdds-tools/1.3.0-SNAPSHOT/hdds-tools-1.3.0-SNAPSHOT.jar:/home/runner/.m2/repository/commons-cli/commons-cli/1.2/commons-cli-1.2.jar:/home/runner/.m2/repository/org/apache/commons/commons-lang3/3.7/commons-lang3-3.7.jar:/home/runner/.m2/repository/org/apache/ozone/ozone-manager/1.3.0-SNAPSHOT/ozone-manager-1.3.0-SNAPSHOT-tests.jar:/home/runner/.m2/repository/org/apache/ozone/hdds-common/1.3.0-SNAPSHOT/hdds-common-1.3.0-SNAPSHOT-tests.jar:/home/runner/.m2/repository/org/apache/ozone/hdds-hadoop-dependency-client/1.3.0-SNAPSHOT/hdds-hadoop-dependency-client-1.3.0-SNAPSHOT.jar:/home/runner/.m2/repository/info/picocli/picocli/4.6.1/picocli-4.6.1.jar:/home/runner/.m2/repository/com/fasterxml/jackson/core/jackson-annotations/2.12.1/jackson-annotations-2.12.1.jar:/home/runner/.m2/repository/javax/annotation/javax.annotation-api/1.2/javax.annotation-api-1.2.jar:/home/runner/.m2/repository/org/apache/ratis/ratis-server/2.2.0/ratis-server-2.2.0.jar:/home/runner/.m2/repository/org/apache/ratis/ratis-client/2.2.0/ratis-client-2.2.0.jar:/home/runner/.m2/repository/org/apache/ratis/ratis-server-api/2.2.0/ratis-server-api-2.2.0.jar:/home/runner/.m2/repository/org/apache/ratis/ratis-metrics/2.2.0/ratis-metrics-2.2.0.jar:/home/runner/.m2/repository/org/apache/ratis/ratis-netty/2.2.0/ratis-netty-2.2.0.jar:/home/runner/.m2/repository/org/apache/ratis/ratis-grpc/2.2.0/ratis-grpc-2.2.0.jar:/home/runner/.m2/repository/org/apache/logging/log4j/log4j-api/2.17.1/log4j-api-2.17.1.jar:/home/runner/.m2/repository/org/apache/logging/log4j/log4j-core/2.17.1/log4j-core-2.17.1.jar:/home/runner/.m2/repository/com/lmax/disruptor/3.4.2/disruptor-3.4.2.jar:/home/runner/.m2/repository/org/apache/commons/commons-pool2/2.6.0/commons-pool2-2.6.0.jar:/home/runner/.m2/repository/org/bouncycastle/bcpkix-jdk15on/1.67/bcpkix-jdk15on-1.67.jar:/home/runner/.m2/repository/commons-validator/commons-validator/1.6/commons-validator-1.6.jar:/home/runner/.m2/repository/commons-beanutils/commons-beanutils/1.9.4/commons-beanutils-1.9.4.jar:/home/runner/.m2/repository/commons-digester/commons-digester/1.8.1/commons-digester-1.8.1.jar:/home/runner/.m2/repository/commons-collections/commons-collections/3.2.2/commons-collections-3.2.2.jar:/home/runner/.m2/repository/io/jaegertracing/jaeger-client/1.6.0/jaeger-client-1.6.0.jar:/home/runner/.m2/repository/io/jaegertracing/jaeger-thrift/1.6.0/jaeger-thrift-1.6.0.jar:/home/runner/.m2/repository/org/apache/thrift/libthrift/0.14.1/libthrift-0.14.1.jar:/home/runner/.m2/repository/com/squareup/okhttp3/okhttp/4.9.0/okhttp-4.9.0.jar:/home/runner/.m2/repository/com/squareup/okio/okio/2.8.0/okio-2.8.0.jar:/home/runner/.m2/repository/io/jaegertracing/jaeger-core/1.6.0/jaeger-core-1.6.0.jar:/home/runner/.m2/repository/io/jaegertracing/jaeger-tracerresolver/1.6.0/jaeger-tracerresolver-1.6.0.jar:/home/runner/.m2/repository/io/opentracing/contrib/opentracing-tracerresolver/0.1.8/opentracing-tracerresolver-0.1.8.jar:/home/runner/.m2/repository/org/jetbrains/kotlin/kotlin-stdlib/1.4.31/kotlin-stdlib-1.4.31.jar:/home/runner/.m2/repository/org/jetbrains/kotlin/kotlin-stdlib-common/1.4.31/kotlin-stdlib-common-1.4.31.jar:/home/runner/.m2/repository/org/jetbrains/annotations/13.0/annotations-13.0.jar:/home/runner/.m2/repository/io/opentracing/opentracing-util/0.33.0/opentracing-util-0.33.0.jar:/home/runner/.m2/repository/io/opentracing/opentracing-api/0.33.0/opentracing-api-0.33.0.jar:/home/runner/.m2/repository/io/opentracing/opentracing-noop/0.33.0/opentracing-noop-0.33.0.jar:/home/runner/.m2/repository/org/yaml/snakeyaml/1.26/snakeyaml-1.26.jar:/home/runner/.m2/repository/org/apache/ozone/hdds-interface-admin/1.3.0-SNAPSHOT/hdds-interface-admin-1.3.0-SNAPSHOT.jar:/home/runner/.m2/repository/junit/junit/4.13.1/junit-4.13.1.jar:/home/runner/.m2/repository/org/hamcrest/hamcrest-core/1.3/hamcrest-core-1.3.jar:/home/runner/.m2/repository/org/junit/jupiter/junit-jupiter-api/5.7.0/junit-jupiter-api-5.7.0.jar:/home/runner/.m2/repository/org/apiguardian/apiguardian-api/1.1.0/apiguardian-api-1.1.0.jar:/home/runner/.m2/repository/org/opentest4j/opentest4j/1.2.0/opentest4j-1.2.0.jar:/home/runner/.m2/repository/org/junit/platform/junit-platform-commons/1.7.0/junit-platform-commons-1.7.0.jar:/home/runner/.m2/repository/org/junit/jupiter/junit-jupiter-engine/5.7.0/junit-jupiter-engine-5.7.0.jar:/home/runner/.m2/repository/org/junit/platform/junit-platform-engine/1.7.0/junit-platform-engine-1.7.0.jar:/home/runner/.m2/repository/org/junit/vintage/junit-vintage-engine/5.7.0/junit-vintage-engine-5.7.0.jar:/home/runner/.m2/repository/org/junit/platform/junit-platform-launcher/1.7.0/junit-platform-launcher-1.7.0.jar:/home/runner/.m2/repository/org/mockito/mockito-core/2.28.2/mockito-core-2.28.2.jar:/home/runner/.m2/repository/net/bytebuddy/byte-buddy/1.9.10/byte-buddy-1.9.10.jar:/home/runner/.m2/repository/net/bytebuddy/byte-buddy-agent/1.9.10/byte-buddy-agent-1.9.10.jar:/home/runner/.m2/repository/org/objenesis/objenesis/1.0/objenesis-1.0.jar:/home/runner/.m2/repository/org/apache/hadoop/hadoop-kms/3.3.1/hadoop-kms-3.3.1.jar:/home/runner/.m2/repository/org/apache/hadoop/hadoop-auth/3.3.1/hadoop-auth-3.3.1.jar:/home/runner/.m2/repository/com/nimbusds/nimbus-jose-jwt/7.9/nimbus-jose-jwt-7.9.jar:/home/runner/.m2/repository/com/github/stephenc/jcip/jcip-annotations/1.0-1/jcip-annotations-1.0-1.jar:/home/runner/.m2/repository/net/minidev/json-smart/2.3.1/json-smart-2.3.1.jar:/home/runner/.m2/repository/net/minidev/accessors-smart/2.3.1/accessors-smart-2.3.1.jar:/home/runner/.m2/repository/org/ow2/asm/asm/5.0.4/asm-5.0.4.jar:/home/runner/.m2/repository/org/apache/zookeeper/zookeeper/3.5.6/zookeeper-3.5.6.jar:/home/runner/.m2/repository/org/apache/zookeeper/zookeeper-jute/3.5.6/zookeeper-jute-3.5.6.jar:/home/runner/.m2/repository/org/apache/yetus/audience-annotations/0.5.0/audience-annotations-0.5.0.jar:/home/runner/.m2/repository/org/apache/curator/curator-framework/4.2.0/curator-framework-4.2.0.jar:/home/runner/.m2/repository/org/apache/hadoop/thirdparty/hadoop-shaded-guava/1.1.1/hadoop-shaded-guava-1.1.1.jar:/home/runner/.m2/repository/com/sun/jersey/jersey-core/1.19/jersey-core-1.19.jar:/home/runner/.m2/repository/javax/ws/rs/jsr311-api/1.1.1/jsr311-api-1.1.1.jar:/home/runner/.m2/repository/com/sun/jersey/jersey-server/1.19/jersey-server-1.19.jar:/home/runner/.m2/repository/javax/servlet/javax.servlet-api/3.1.0/javax.servlet-api-3.1.0.jar:/home/runner/.m2/repository/org/eclipse/jetty/jetty-server/9.4.43.v20210629/jetty-server-9.4.43.v20210629.jar:/home/runner/.m2/repository/org/eclipse/jetty/jetty-http/9.4.43.v20210629/jetty-http-9.4.43.v20210629.jar:/home/runner/.m2/repository/org/eclipse/jetty/jetty-io/9.4.43.v20210629/jetty-io-9.4.43.v20210629.jar:/home/runner/.m2/repository/org/eclipse/jetty/jetty-webapp/9.4.43.v20210629/jetty-webapp-9.4.43.v20210629.jar:/home/runner/.m2/repository/org/eclipse/jetty/jetty-xml/9.4.43.v20210629/jetty-xml-9.4.43.v20210629.jar:/home/runner/.m2/repository/org/apache/hadoop/hadoop-common/3.3.1/hadoop-common-3.3.1.jar:/home/runner/.m2/repository/org/apache/commons/commons-math3/3.1.1/commons-math3-3.1.1.jar:/home/runner/.m2/repository/commons-net/commons-net/3.6/commons-net-3.6.jar:/home/runner/.m2/repository/jakarta/activation/jakarta.activation-api/1.2.1/jakarta.activation-api-1.2.1.jar:/home/runner/.m2/repository/com/sun/jersey/jersey-servlet/1.19/jersey-servlet-1.19.jar:/home/runner/.m2/repository/com/sun/jersey/jersey-json/1.19/jersey-json-1.19.jar:/home/runner/.m2/repository/org/codehaus/jettison/jettison/1.1/jettison-1.1.jar:/home/runner/.m2/repository/com/sun/xml/bind/jaxb-impl/2.2.3-1/jaxb-impl-2.2.3-1.jar:/home/runner/.m2/repository/org/codehaus/jackson/jackson-jaxrs/1.9.2/jackson-jaxrs-1.9.2.jar:/home/runner/.m2/repository/org/codehaus/jackson/jackson-xc/1.9.2/jackson-xc-1.9.2.jar:/home/runner/.m2/repository/org/apache/commons/commons-configuration2/2.1.1/commons-configuration2-2.1.1.jar:/home/runner/.m2/repository/org/apache/commons/commons-text/1.4/commons-text-1.4.jar:/home/runner/.m2/repository/com/google/re2j/re2j/1.1/re2j-1.1.jar:/home/runner/.m2/repository/com/jcraft/jsch/0.1.54/jsch-0.1.54.jar:/home/runner/.m2/repository/org/apache/curator/curator-client/4.2.0/curator-client-4.2.0.jar:/home/runner/.m2/repository/org/apache/curator/curator-recipes/4.2.0/curator-recipes-4.2.0.jar:/home/runner/.m2/repository/org/apache/kerby/kerb-core/1.0.1/kerb-core-1.0.1.jar:/home/runner/.m2/repository/org/apache/kerby/kerby-pkix/1.0.1/kerby-pkix-1.0.1.jar:/home/runner/.m2/repository/org/apache/kerby/kerby-asn1/1.0.1/kerby-asn1-1.0.1.jar:/home/runner/.m2/repository/org/apache/kerby/kerby-util/1.0.1/kerby-util-1.0.1.jar:/home/runner/.m2/repository/dnsjava/dnsjava/2.1.7/dnsjava-2.1.7.jar:/home/runner/.m2/repository/org/xerial/snappy/snappy-java/1.1.8.2/snappy-java-1.1.8.2.jar:/home/runner/.m2/repository/org/slf4j/jul-to-slf4j/1.7.30/jul-to-slf4j-1.7.30.jar:/home/runner/.m2/repository/org/eclipse/jetty/jetty-util/9.4.43.v20210629/jetty-util-9.4.43.v20210629.jar:/home/runner/.m2/repository/com/fasterxml/jackson/core/jackson-databind/2.12.1/jackson-databind-2.12.1.jar:/home/runner/.m2/repository/org/apache/hadoop/hadoop-kms/3.3.1/hadoop-kms-3.3.1-tests.jar:/home/runner/.m2/repository/org/apache/ozone/hdds-server-scm/1.3.0-SNAPSHOT/hdds-server-scm-1.3.0-SNAPSHOT-tests.jar:/home/runner/.m2/repository/org/apache/ozone/hdds-container-service/1.3.0-SNAPSHOT/hdds-container-service-1.3.0-SNAPSHOT-tests.jar:/home/runner/.m2/repository/commons-codec/commons-codec/1.11/commons-codec-1.11.jar:/home/runner/.m2/repository/io/netty/netty-transport/4.1.63.Final/netty-transport-4.1.63.Final.jar:/home/runner/.m2/repository/io/netty/netty-resolver/4.1.63.Final/netty-resolver-4.1.63.Final.jar:/home/runner/.m2/repository/io/netty/netty-codec/4.1.63.Final/netty-codec-4.1.63.Final.jar:/home/runner/.m2/repository/io/netty/netty-handler/4.1.63.Final/netty-handler-4.1.63.Final.jar:/home/runner/.m2/repository/org/apache/ozone/hdds-hadoop-dependency-test/1.3.0-SNAPSHOT/hdds-hadoop-dependency-test-1.3.0-SNAPSHOT.jar:/home/runner/.m2/repository/org/apache/hadoop/hadoop-common/3.3.1/hadoop-common-3.3.1-tests.jar:/home/runner/.m2/repository/org/assertj/assertj-core/3.12.2/assertj-core-3.12.2.jar:/home/runner/.m2/repository/org/apache/hadoop/hadoop-hdfs/3.3.1/hadoop-hdfs-3.3.1-tests.jar:/home/runner/.m2/repository/org/eclipse/jetty/jetty-util-ajax/9.4.43.v20210629/jetty-util-ajax-9.4.43.v20210629.jar:/home/runner/.m2/repository/commons-daemon/commons-daemon/1.0.13/commons-daemon-1.0.13.jar:/home/runner/.m2/repository/io/netty/netty/3.10.6.Final/netty-3.10.6.Final.jar:/home/runner/.m2/repository/io/netty/netty-all/4.1.63.Final/netty-all-4.1.63.Final.jar:/home/runner/.m2/repository/org/apache/htrace/htrace-core4/4.1.0-incubating/htrace-core4-4.1.0-incubating.jar:/home/runner/.m2/repository/org/fusesource/leveldbjni/leveldbjni-all/1.8/leveldbjni-all-1.8.jar:/home/runner/.m2/repository/org/apache/hadoop/hadoop-distcp/3.3.1/hadoop-distcp-3.3.1.jar:/home/runner/.m2/repository/org/apache/hadoop/hadoop-mapreduce-client-jobclient/3.3.1/hadoop-mapreduce-client-jobclient-3.3.1.jar:/home/runner/.m2/repository/org/apache/hadoop/hadoop-mapreduce-client-common/3.3.1/hadoop-mapreduce-client-common-3.3.1.jar:/home/runner/.m2/repository/org/apache/hadoop/hadoop-yarn-common/3.3.1/hadoop-yarn-common-3.3.1.jar:/home/runner/.m2/repository/org/apache/hadoop/hadoop-yarn-api/3.3.1/hadoop-yarn-api-3.3.1.jar:/home/runner/.m2/repository/com/sun/jersey/jersey-client/1.19/jersey-client-1.19.jar:/home/runner/.m2/repository/com/sun/jersey/contribs/jersey-guice/1.19/jersey-guice-1.19.jar:/home/runner/.m2/repository/com/fasterxml/jackson/jaxrs/jackson-jaxrs-json-provider/2.12.1/jackson-jaxrs-json-provider-2.12.1.jar:/home/runner/.m2/repository/com/fasterxml/jackson/jaxrs/jackson-jaxrs-base/2.12.1/jackson-jaxrs-base-2.12.1.jar:/home/runner/.m2/repository/org/apache/hadoop/hadoop-yarn-client/3.3.1/hadoop-yarn-client-3.3.1.jar:/home/runner/.m2/repository/org/eclipse/jetty/websocket/websocket-client/9.4.40.v20210413/websocket-client-9.4.40.v20210413.jar:/home/runner/.m2/repository/org/eclipse/jetty/jetty-client/9.4.40.v20210413/jetty-client-9.4.40.v20210413.jar:/home/runner/.m2/repository/org/eclipse/jetty/websocket/websocket-common/9.4.40.v20210413/websocket-common-9.4.40.v20210413.jar:/home/runner/.m2/repository/org/eclipse/jetty/websocket/websocket-api/9.4.40.v20210413/websocket-api-9.4.40.v20210413.jar:/home/runner/.m2/repository/org/jline/jline/3.9.0/jline-3.9.0.jar:/home/runner/.m2/repository/org/apache/hadoop/hadoop-mapreduce-client-core/3.3.1/hadoop-mapreduce-client-core-3.3.1.jar:/home/runner/.m2/repository/org/apache/avro/avro/1.7.7/avro-1.7.7.jar:/home/runner/.m2/repository/org/codehaus/jackson/jackson-core-asl/1.9.13/jackson-core-asl-1.9.13.jar:/home/runner/.m2/repository/org/codehaus/jackson/jackson-mapper-asl/1.9.13/jackson-mapper-asl-1.9.13.jar:/home/runner/.m2/repository/com/thoughtworks/paranamer/paranamer/2.3/paranamer-2.3.jar:/home/runner/.m2/repository/org/apache/hadoop/hadoop-annotations/3.3.1/hadoop-annotations-3.3.1.jar:/usr/lib/jvm/temurin-8-jdk-amd64/jre/../lib/tools.jar:/home/runner/.m2/repository/org/apache/hadoop/hadoop-distcp/3.3.1/hadoop-distcp-3.3.1-tests.jar:/home/runner/.m2/repository/org/apache/ratis/ratis-common/2.2.0/ratis-common-2.2.0.jar:/home/runner/.m2/repository/org/apache/ratis/ratis-thirdparty-misc/0.7.0/ratis-thirdparty-misc-0.7.0.jar:/home/runner/.m2/repository/org/apache/ratis/ratis-proto/2.2.0/ratis-proto-2.2.0.jar:"/>
    <property name="sun.cpu.endian" value="little"/>
    <property name="user.home" value="/home/runner"/>
    <property name="user.language" value="en"/>
    <property name="java.specification.vendor" value="Oracle Corporation"/>
    <property name="java.home" value="/usr/lib/jvm/temurin-8-jdk-amd64/jre"/>
    <property name="java.security.krb5.conf" value="/home/runner/work/ozone/ozone/hadoop-ozone/integration-test/target/test-classes/krb5.conf"/>
    <property name="basedir" value="/home/runner/work/ozone/ozone/hadoop-ozone/integration-test"/>
    <property name="file.separator" value="/"/>
    <property name="line.separator" value="&#10;"/>
    <property name="java.vm.specification.vendor" value="Oracle Corporation"/>
    <property name="java.specification.name" value="Java Platform API Specification"/>
    <property name="java.awt.graphicsenv" value="sun.awt.X11GraphicsEnvironment"/>
    <property name="skip.installnpx" value="true"/>
    <property name="surefire.real.class.path" value="/home/runner/work/ozone/ozone/hadoop-ozone/integration-test/target/surefire/surefirebooter6165401794715526866.jar:/home/runner/.m2/repository/org/jacoco/org.jacoco.agent/0.8.5/org.jacoco.agent-0.8.5-runtime.jar"/>
    <property name="hadoop.log.dir" value="/home/runner/work/ozone/ozone/hadoop-ozone/integration-test/target/log"/>
    <property name="sun.boot.class.path" value="/usr/lib/jvm/temurin-8-jdk-amd64/jre/lib/resources.jar:/usr/lib/jvm/temurin-8-jdk-amd64/jre/lib/rt.jar:/usr/lib/jvm/temurin-8-jdk-amd64/jre/lib/sunrsasign.jar:/usr/lib/jvm/temurin-8-jdk-amd64/jre/lib/jsse.jar:/usr/lib/jvm/temurin-8-jdk-amd64/jre/lib/jce.jar:/usr/lib/jvm/temurin-8-jdk-amd64/jre/lib/charsets.jar:/usr/lib/jvm/temurin-8-jdk-amd64/jre/lib/jfr.jar:/usr/lib/jvm/temurin-8-jdk-amd64/jre/classes"/>
    <property name="sun.management.compiler" value="HotSpot 64-Bit Tiered Compilers"/>
    <property name="skip.npx" value="true"/>
    <property name="java.runtime.version" value="1.8.0_312-b07"/>
    <property name="java.net.preferIPv4Stack" value="true"/>
    <property name="user.name" value="runner"/>
    <property name="path.separator" value=":"/>
    <property name="java.security.egd" value="file:///dev/urandom"/>
    <property name="os.version" value="5.4.0-1068-azure"/>
    <property name="java.endorsed.dirs" value="/usr/lib/jvm/temurin-8-jdk-amd64/jre/lib/endorsed"/>
    <property name="java.runtime.name" value="OpenJDK Runtime Environment"/>
    <property name="file.encoding" value="UTF-8"/>
    <property name="java.vm.name" value="OpenJDK 64-Bit Server VM"/>
    <property name="test.build.webapps" value=""/>
    <property name="localRepository" value="/home/runner/.m2/repository"/>
    <property name="java.vendor.url.bug" value="https://github.com/adoptium/adoptium-support/issues"/>
    <property name="java.io.tmpdir" value="/tmp"/>
    <property name="require.test.libhadoop" value=""/>
    <property name="java.version" value="1.8.0_312"/>
    <property name="user.dir" value="/home/runner/work/ozone/ozone/hadoop-ozone/integration-test"/>
    <property name="os.arch" value="amd64"/>
    <property name="java.vm.specification.name" value="Java Virtual Machine Specification"/>
    <property name="test.build.classes" value="/home/runner/work/ozone/ozone/hadoop-ozone/integration-test/target/test-classes"/>
    <property name="java.awt.printerjob" value="sun.print.PSPrinterJob"/>
    <property name="sun.os.patch.level" value="unknown"/>
    <property name="hadoop.tmp.dir" value="/home/runner/work/ozone/ozone/hadoop-ozone/integration-test/target/tmp"/>
    <property name="java.library.path" value="/usr/java/packages/lib/amd64:/usr/lib64:/lib64:/lib:/usr/lib"/>
    <property name="java.vm.info" value="mixed mode"/>
    <property name="java.vendor" value="Temurin"/>
    <property name="java.vm.version" value="25.312-b07"/>
    <property name="java.ext.dirs" value="/usr/lib/jvm/temurin-8-jdk-amd64/jre/lib/ext:/usr/java/packages/lib/ext"/>
    <property name="sun.io.unicode.encoding" value="UnicodeLittle"/>
    <property name="java.class.version" value="52.0"/>
  </properties>
  <testcase name="testDataNodeAndSCMFailuresTogetherDuringDataNodeUpgrade" classname="org.apache.hadoop.hdds.upgrade.TestHDDSUpgrade" time="0">
    <skipped/>
  </testcase>
  <testcase name="testDataNodeAndSCMFailuresTogetherDuringSCMUpgrade" classname="org.apache.hadoop.hdds.upgrade.TestHDDSUpgrade" time="0">
    <skipped/>
  </testcase>
  <testcase name="testScmFailuresAfterScmPostFinalizeUpgrade" classname="org.apache.hadoop.hdds.upgrade.TestHDDSUpgrade" time="56.27"/>
  <testcase name="testScmFailuresAfterScmPreFinalizeUpgrade" classname="org.apache.hadoop.hdds.upgrade.TestHDDSUpgrade" time="47.69"/>
  <testcase name="testAllDataNodeFailuresAfterScmPreFinalizeUpgrade" classname="org.apache.hadoop.hdds.upgrade.TestHDDSUpgrade" time="62.326"/>
  <testcase name="testAllDataNodeFailuresBeforeScmPreFinalizeUpgrade" classname="org.apache.hadoop.hdds.upgrade.TestHDDSUpgrade" time="54.712"/>
  <testcase name="testScmFailuresAfterScmCompleteFinalization" classname="org.apache.hadoop.hdds.upgrade.TestHDDSUpgrade" time="22.276"/>
  <testcase name="testScmFailuresBeforeScmPreFinalizeUpgrade" classname="org.apache.hadoop.hdds.upgrade.TestHDDSUpgrade" time="18.94"/>
  <testcase name="testDataNodeFailuresDuringDataNodeUpgrade" classname="org.apache.hadoop.hdds.upgrade.TestHDDSUpgrade" time="0">
    <skipped/>
  </testcase>
  <testcase name="testAllPossibleDataNodeFailuresAndSCMFailures" classname="org.apache.hadoop.hdds.upgrade.TestHDDSUpgrade" time="0">
    <skipped/>
  </testcase>
  <testcase name="testAllDataNodeFailuresAfterScmCompleteFinalization" classname="org.apache.hadoop.hdds.upgrade.TestHDDSUpgrade" time="48.533"/>
  <testcase name="testAllDataNodeFailuresAfterScmPostFinalizeUpgrade" classname="org.apache.hadoop.hdds.upgrade.TestHDDSUpgrade" time="54.9"/>
  <testcase name="testFinalizationFromInitialVersionToLatestVersion" classname="org.apache.hadoop.hdds.upgrade.TestHDDSUpgrade" time="100.045">
    <error message="Failed to obtain available cluster in time" type="java.io.IOException">java.io.IOException: Failed to obtain available cluster in time
	at org.apache.hadoop.ozone.MiniOzoneClusterProvider.provide(MiniOzoneClusterProvider.java:162)
	at org.apache.hadoop.hdds.upgrade.TestHDDSUpgrade.init(TestHDDSUpgrade.java:174)
	at org.apache.hadoop.hdds.upgrade.TestHDDSUpgrade.setUp(TestHDDSUpgrade.java:136)
	at sun.reflect.NativeMethodAccessorImpl.invoke0(Native Method)
	at sun.reflect.NativeMethodAccessorImpl.invoke(NativeMethodAccessorImpl.java:62)
	at sun.reflect.DelegatingMethodAccessorImpl.invoke(DelegatingMethodAccessorImpl.java:43)
	at java.lang.reflect.Method.invoke(Method.java:498)
	at org.junit.runners.model.FrameworkMethod$1.runReflectiveCall(FrameworkMethod.java:59)
	at org.junit.internal.runners.model.ReflectiveCallable.run(ReflectiveCallable.java:12)
	at org.junit.runners.model.FrameworkMethod.invokeExplosively(FrameworkMethod.java:56)
	at org.junit.internal.runners.statements.RunBefores.invokeMethod(RunBefores.java:33)
	at org.junit.internal.runners.statements.RunBefores.evaluate(RunBefores.java:24)
	at org.junit.internal.runners.statements.RunAfters.evaluate(RunAfters.java:27)
	at org.junit.internal.runners.statements.FailOnTimeout$CallableStatement.call(FailOnTimeout.java:288)
	at org.junit.internal.runners.statements.FailOnTimeout$CallableStatement.call(FailOnTimeout.java:282)
	at java.util.concurrent.FutureTask.run(FutureTask.java:266)
	at java.lang.Thread.run(Thread.java:748)
</error>
    <system-out><![CDATA[2022-02-10 01:13:09,700 [Mini-Cluster-Provider-Reap] INFO  ozone.MiniOzoneClusterImpl (MiniOzoneClusterImpl.java:shutdown(437)) - Shutting down the Mini Ozone Cluster
2022-02-10 01:13:09,700 [Mini-Cluster-Provider-Reap] INFO  ozone.MiniOzoneClusterImpl (MiniOzoneClusterImpl.java:stop(452)) - Stopping the Mini Ozone Cluster
2022-02-10 01:13:09,700 [Mini-Cluster-Provider-Reap] INFO  ozone.MiniOzoneClusterImpl (MiniOzoneClusterImpl.java:stopOM(534)) - Stopping the OzoneManager
2022-02-10 01:13:09,700 [Mini-Cluster-Provider-Reap] INFO  om.OzoneManager (OzoneManager.java:stop(1893)) - om1[localhost:0]: Stopping Ozone Manager
2022-02-10 01:13:09,702 [Mini-Cluster-Provider-Reap] INFO  ipc.Server (Server.java:stop(3414)) - Stopping server on 37079
2022-02-10 01:13:09,703 [IPC Server listener on 0] INFO  ipc.Server (Server.java:run(1376)) - Stopping IPC Server listener on 0
2022-02-10 01:13:09,707 [IPC Server Responder] INFO  ipc.Server (Server.java:run(1512)) - Stopping IPC Server Responder
2022-02-10 01:13:09,707 [Mini-Cluster-Provider-Reap] INFO  server.RaftServer (RaftServerProxy.java:lambda$close$6(391)) - om1: close
2022-02-10 01:13:09,707 [Mini-Cluster-Provider-Reap] INFO  server.RaftServer$Division (RaftServerImpl.java:lambda$close$4(412)) - om1@group-C5BA1605619E: shutdown
2022-02-10 01:13:09,707 [Mini-Cluster-Provider-Reap] INFO  util.JmxRegister (JmxRegister.java:unregister(73)) - Successfully un-registered JMX Bean with object name Ratis:service=RaftServer,group=group-C5BA1605619E,id="om1"
2022-02-10 01:13:09,707 [Mini-Cluster-Provider-Reap] INFO  impl.RoleInfo (RoleInfo.java:shutdownLeaderState(91)) - om1: shutdown om1@group-C5BA1605619E-LeaderStateImpl
2022-02-10 01:13:09,707 [Mini-Cluster-Provider-Reap] INFO  impl.PendingRequests (PendingRequests.java:sendNotLeaderResponses(282)) - om1@group-C5BA1605619E-PendingRequests: sendNotLeaderResponses
2022-02-10 01:13:09,708 [Mini-Cluster-Provider-Reap] INFO  impl.StateMachineUpdater (StateMachineUpdater.java:stopAndJoin(149)) - om1@group-C5BA1605619E-StateMachineUpdater: set stopIndex = 8
2022-02-10 01:13:09,708 [om1@group-C5BA1605619E-StateMachineUpdater] INFO  ratis.OzoneManagerStateMachine (OzoneManagerStateMachine.java:takeSnapshot(417)) - Current Snapshot Index (t:1, i:8)
2022-02-10 01:13:09,708 [om1@group-C5BA1605619E-StateMachineUpdater] INFO  impl.StateMachineUpdater (StateMachineUpdater.java:takeSnapshot(281)) - om1@group-C5BA1605619E-StateMachineUpdater: Took a snapshot at index 8
2022-02-10 01:13:09,708 [om1@group-C5BA1605619E-StateMachineUpdater] INFO  impl.StateMachineUpdater (StateMachineUpdater.java:lambda$new$0(89)) - om1@group-C5BA1605619E-StateMachineUpdater: snapshotIndex: updateIncreasingly -1 -> 8
2022-02-10 01:13:09,708 [om1@group-C5BA1605619E-StateMachineUpdater] INFO  ratis.OzoneManagerStateMachine (OzoneManagerStateMachine.java:close(471)) - StateMachine has shutdown. Shutdown OzoneManager if not already shutdown.
2022-02-10 01:13:09,708 [Mini-Cluster-Provider-Reap] INFO  server.RaftServer$Division (ServerState.java:close(419)) - om1@group-C5BA1605619E: closes. applyIndex: 8
2022-02-10 01:13:09,709 [om1@group-C5BA1605619E-SegmentedRaftLogWorker] INFO  segmented.SegmentedRaftLogWorker (SegmentedRaftLogWorker.java:run(327)) - om1@group-C5BA1605619E-SegmentedRaftLogWorker was interrupted, exiting. There are 0 tasks remaining in the queue.
2022-02-10 01:13:09,709 [Mini-Cluster-Provider-Reap] INFO  segmented.SegmentedRaftLogWorker (SegmentedRaftLogWorker.java:close(237)) - om1@group-C5BA1605619E-SegmentedRaftLogWorker close()
2022-02-10 01:13:09,709 [Mini-Cluster-Provider-Reap] INFO  server.GrpcService (GrpcService.java:closeImpl(262)) - om1: shutdown server with port 40805 now
2022-02-10 01:13:09,710 [Mini-Cluster-Provider-Reap] INFO  server.GrpcService (GrpcService.java:closeImpl(271)) - om1: shutdown server with port 40805 successfully
2022-02-10 01:13:09,710 [org.apache.ratis.util.JvmPauseMonitor$$Lambda$545/583750557@1a77e476] INFO  util.JvmPauseMonitor (JvmPauseMonitor.java:run(109)) - JvmPauseMonitor-om1: Stopped
2022-02-10 01:13:09,710 [Mini-Cluster-Provider-Reap] INFO  ratis.OzoneManagerDoubleBuffer (OzoneManagerDoubleBuffer.java:stop(437)) - Stopping OMDoubleBuffer flush thread
2022-02-10 01:13:09,710 [OMDoubleBufferFlushThread] INFO  ratis.OzoneManagerDoubleBuffer (OzoneManagerDoubleBuffer.java:flushTransactions(356)) - OMDoubleBuffer flush thread OMDoubleBufferFlushThread is interrupted and will exit. OMDoubleBufferFlushThread
2022-02-10 01:13:09,710 [Mini-Cluster-Provider-Reap] INFO  utils.BackgroundService (BackgroundService.java:shutdown(132)) - Shutting down service KeyDeletingService
2022-02-10 01:13:09,710 [Mini-Cluster-Provider-Reap] INFO  utils.BackgroundService (BackgroundService.java:shutdown(132)) - Shutting down service DirectoryDeletingService
2022-02-10 01:13:09,717 [Mini-Cluster-Provider-Reap] INFO  handler.ContextHandler (ContextHandler.java:doStop(1153)) - Stopped o.e.j.w.WebAppContext@27ecdb05{ozoneManager,/,null,STOPPED}{file:/home/runner/work/ozone/ozone/hadoop-ozone/integration-test/target/test-classes/webapps/ozoneManager}
2022-02-10 01:13:09,717 [Mini-Cluster-Provider-Reap] INFO  server.AbstractConnector (AbstractConnector.java:doStop(381)) - Stopped ServerConnector@1582d305{HTTP/1.1, (http/1.1)}{0.0.0.0:0}
2022-02-10 01:13:09,717 [Mini-Cluster-Provider-Reap] INFO  server.session (HouseKeeper.java:stopScavenging(149)) - node0 Stopped scavenging
2022-02-10 01:13:09,717 [Mini-Cluster-Provider-Reap] INFO  handler.ContextHandler (ContextHandler.java:doStop(1153)) - Stopped o.e.j.s.ServletContextHandler@5ce4ad9e{static,/static,file:///home/runner/work/ozone/ozone/hadoop-ozone/integration-test/target/test-classes/webapps/static,STOPPED}
2022-02-10 01:13:09,717 [Mini-Cluster-Provider-Reap] INFO  handler.ContextHandler (ContextHandler.java:doStop(1153)) - Stopped o.e.j.s.ServletContextHandler@10a2e04c{logs,/logs,file:///home/runner/work/ozone/ozone/hadoop-ozone/integration-test/target/log,STOPPED}
2022-02-10 01:13:09,723 [Mini-Cluster-Provider-Reap] INFO  ozone.MiniOzoneClusterImpl (MiniOzoneClusterImpl.java:stopDatanodes(511)) - Stopping the HddsDatanodes
2022-02-10 01:13:10,663 [3053d975-c7ca-42e2-ae1a-551d7660c18d@group-43E760D8DF2C-FollowerState] INFO  impl.FollowerState (FollowerState.java:run(134)) - 3053d975-c7ca-42e2-ae1a-551d7660c18d@group-43E760D8DF2C-FollowerState: change to CANDIDATE, lastRpcElapsedTime:8144133249ns, electionTimeout:5016ms
2022-02-10 01:13:10,663 [3053d975-c7ca-42e2-ae1a-551d7660c18d@group-43E760D8DF2C-FollowerState] INFO  impl.RoleInfo (RoleInfo.java:shutdownFollowerState(108)) - 3053d975-c7ca-42e2-ae1a-551d7660c18d: shutdown 3053d975-c7ca-42e2-ae1a-551d7660c18d@group-43E760D8DF2C-FollowerState
2022-02-10 01:13:10,663 [3053d975-c7ca-42e2-ae1a-551d7660c18d@group-43E760D8DF2C-FollowerState] INFO  server.RaftServer$Division (RaftServerImpl.java:setRole(290)) - 3053d975-c7ca-42e2-ae1a-551d7660c18d@group-43E760D8DF2C: changes role from  FOLLOWER to CANDIDATE at term 2 for changeToCandidate
2022-02-10 01:13:10,663 [3053d975-c7ca-42e2-ae1a-551d7660c18d@group-43E760D8DF2C-FollowerState] INFO  server.RaftServerConfigKeys (ConfUtils.java:logGet(44)) - raft.server.leaderelection.pre-vote = false (custom)
2022-02-10 01:13:10,663 [3053d975-c7ca-42e2-ae1a-551d7660c18d@group-43E760D8DF2C-FollowerState] INFO  impl.RoleInfo (RoleInfo.java:updateAndGet(130)) - 3053d975-c7ca-42e2-ae1a-551d7660c18d: start 3053d975-c7ca-42e2-ae1a-551d7660c18d@group-43E760D8DF2C-LeaderElection145
2022-02-10 01:13:10,664 [3053d975-c7ca-42e2-ae1a-551d7660c18d@group-43E760D8DF2C-LeaderElection145] INFO  server.RaftServer$Division (ServerState.java:setLeader(285)) - 3053d975-c7ca-42e2-ae1a-551d7660c18d@group-43E760D8DF2C: change Leader from b5e3648f-7a5b-47b9-b395-902f94cfff62 to null at term 2 for ELECTION
2022-02-10 01:13:10,666 [3053d975-c7ca-42e2-ae1a-551d7660c18d@group-43E760D8DF2C-LeaderElection145] INFO  impl.LeaderElection (LeaderElection.java:askForVotes(306)) - 3053d975-c7ca-42e2-ae1a-551d7660c18d@group-43E760D8DF2C-LeaderElection145 ELECTION round 0: submit vote requests at term 3 for 0: [b5e3648f-7a5b-47b9-b395-902f94cfff62|rpc:10.1.0.62:37973|dataStream:|priority:1, 3053d975-c7ca-42e2-ae1a-551d7660c18d|rpc:10.1.0.62:36239|dataStream:|priority:0, a4b71502-a827-482d-8d6e-a21836502f29|rpc:10.1.0.62:43487|dataStream:|priority:0], old=null
2022-02-10 01:13:10,678 [3053d975-c7ca-42e2-ae1a-551d7660c18d@group-43E760D8DF2C-LeaderElection145] INFO  impl.LeaderElection (LogUtils.java:infoOrTrace(137)) - 3053d975-c7ca-42e2-ae1a-551d7660c18d@group-43E760D8DF2C-LeaderElection145 got exception when requesting votes: java.util.concurrent.ExecutionException: org.apache.ratis.thirdparty.io.grpc.StatusRuntimeException: UNAVAILABLE: io exception
2022-02-10 01:13:10,696 [grpc-default-executor-4] INFO  server.RaftServer$Division (RaftServerImpl.java:requestVote(1046)) - a4b71502-a827-482d-8d6e-a21836502f29@group-43E760D8DF2C: receive requestVote(ELECTION, 3053d975-c7ca-42e2-ae1a-551d7660c18d, group-43E760D8DF2C, 3, (t:2, i:0))
2022-02-10 01:13:10,697 [grpc-default-executor-4] INFO  impl.VoteContext (VoteContext.java:log(48)) - a4b71502-a827-482d-8d6e-a21836502f29@group-43E760D8DF2C-FOLLOWER: accept ELECTION from 3053d975-c7ca-42e2-ae1a-551d7660c18d: our priority 0 <= candidate's priority 0
2022-02-10 01:13:10,697 [grpc-default-executor-4] INFO  server.RaftServer$Division (ServerState.java:setLeader(285)) - a4b71502-a827-482d-8d6e-a21836502f29@group-43E760D8DF2C: change Leader from b5e3648f-7a5b-47b9-b395-902f94cfff62 to null at term 3 for updateCurrentTerm
2022-02-10 01:13:10,697 [grpc-default-executor-4] INFO  server.RaftServer$Division (RaftServerImpl.java:setRole(290)) - a4b71502-a827-482d-8d6e-a21836502f29@group-43E760D8DF2C: changes role from  FOLLOWER to FOLLOWER at term 3 for candidate:3053d975-c7ca-42e2-ae1a-551d7660c18d
2022-02-10 01:13:10,697 [grpc-default-executor-4] INFO  impl.RoleInfo (RoleInfo.java:shutdownFollowerState(108)) - a4b71502-a827-482d-8d6e-a21836502f29: shutdown a4b71502-a827-482d-8d6e-a21836502f29@group-43E760D8DF2C-FollowerState
2022-02-10 01:13:10,697 [grpc-default-executor-4] INFO  impl.RoleInfo (RoleInfo.java:updateAndGet(130)) - a4b71502-a827-482d-8d6e-a21836502f29: start a4b71502-a827-482d-8d6e-a21836502f29@group-43E760D8DF2C-FollowerState
2022-02-10 01:13:10,697 [a4b71502-a827-482d-8d6e-a21836502f29@group-43E760D8DF2C-FollowerState] INFO  impl.FollowerState (FollowerState.java:run(143)) - a4b71502-a827-482d-8d6e-a21836502f29@group-43E760D8DF2C-FollowerState was interrupted: {}
java.lang.InterruptedException: sleep interrupted
	at java.lang.Thread.sleep(Native Method)
	at java.lang.Thread.sleep(Thread.java:340)
	at java.util.concurrent.TimeUnit.sleep(TimeUnit.java:386)
	at org.apache.ratis.util.TimeDuration.sleep(TimeDuration.java:324)
	at org.apache.ratis.util.TimeDuration.sleep(TimeDuration.java:309)
	at org.apache.ratis.server.impl.FollowerState.run(FollowerState.java:118)
2022-02-10 01:13:10,698 [grpc-default-executor-4] INFO  server.RaftServer$Division (RaftServerImpl.java:requestVote(1078)) - a4b71502-a827-482d-8d6e-a21836502f29@group-43E760D8DF2C replies to ELECTION vote request: 3053d975-c7ca-42e2-ae1a-551d7660c18d<-a4b71502-a827-482d-8d6e-a21836502f29#0:OK-t3. Peer's state: a4b71502-a827-482d-8d6e-a21836502f29@group-43E760D8DF2C:t3, leader=null, voted=3053d975-c7ca-42e2-ae1a-551d7660c18d, raftlog=a4b71502-a827-482d-8d6e-a21836502f29@group-43E760D8DF2C-SegmentedRaftLog:OPENED:c0, conf=0: [b5e3648f-7a5b-47b9-b395-902f94cfff62|rpc:10.1.0.62:37973|dataStream:|priority:1, 3053d975-c7ca-42e2-ae1a-551d7660c18d|rpc:10.1.0.62:36239|dataStream:|priority:0, a4b71502-a827-482d-8d6e-a21836502f29|rpc:10.1.0.62:43487|dataStream:|priority:0], old=null
2022-02-10 01:13:10,700 [3053d975-c7ca-42e2-ae1a-551d7660c18d@group-43E760D8DF2C-LeaderElection145] INFO  impl.LeaderElection (LeaderElection.java:logAndReturn(89)) - 3053d975-c7ca-42e2-ae1a-551d7660c18d@group-43E760D8DF2C-LeaderElection145: ELECTION PASSED received 1 response(s) and 1 exception(s):
2022-02-10 01:13:10,700 [3053d975-c7ca-42e2-ae1a-551d7660c18d@group-43E760D8DF2C-LeaderElection145] INFO  impl.LeaderElection (LeaderElection.java:logAndReturn(93)) -   Response 0: 3053d975-c7ca-42e2-ae1a-551d7660c18d<-a4b71502-a827-482d-8d6e-a21836502f29#0:OK-t3
2022-02-10 01:13:10,700 [3053d975-c7ca-42e2-ae1a-551d7660c18d@group-43E760D8DF2C-LeaderElection145] INFO  impl.LeaderElection (LogUtils.java:infoOrTrace(137)) -   Exception 1: java.util.concurrent.ExecutionException: org.apache.ratis.thirdparty.io.grpc.StatusRuntimeException: UNAVAILABLE: io exception
2022-02-10 01:13:10,700 [3053d975-c7ca-42e2-ae1a-551d7660c18d@group-43E760D8DF2C-LeaderElection145] INFO  impl.LeaderElection (LeaderElection.java:askForVotes(308)) - 3053d975-c7ca-42e2-ae1a-551d7660c18d@group-43E760D8DF2C-LeaderElection145 ELECTION round 0: result PASSED
2022-02-10 01:13:10,700 [3053d975-c7ca-42e2-ae1a-551d7660c18d@group-43E760D8DF2C-LeaderElection145] INFO  impl.RoleInfo (RoleInfo.java:shutdownLeaderElection(121)) - 3053d975-c7ca-42e2-ae1a-551d7660c18d: shutdown 3053d975-c7ca-42e2-ae1a-551d7660c18d@group-43E760D8DF2C-LeaderElection145
2022-02-10 01:13:10,700 [3053d975-c7ca-42e2-ae1a-551d7660c18d@group-43E760D8DF2C-LeaderElection145] INFO  server.RaftServer$Division (RaftServerImpl.java:setRole(290)) - 3053d975-c7ca-42e2-ae1a-551d7660c18d@group-43E760D8DF2C: changes role from CANDIDATE to LEADER at term 3 for changeToLeader
2022-02-10 01:13:10,700 [3053d975-c7ca-42e2-ae1a-551d7660c18d@group-43E760D8DF2C-LeaderElection145] INFO  ratis.XceiverServerRatis (XceiverServerRatis.java:handleLeaderChangedNotification(866)) - Leader change notification received for group: group-43E760D8DF2C with new leaderId: 3053d975-c7ca-42e2-ae1a-551d7660c18d
2022-02-10 01:13:10,700 [3053d975-c7ca-42e2-ae1a-551d7660c18d@group-43E760D8DF2C-LeaderElection145] INFO  server.RaftServer$Division (ServerState.java:setLeader(285)) - 3053d975-c7ca-42e2-ae1a-551d7660c18d@group-43E760D8DF2C: change Leader from null to 3053d975-c7ca-42e2-ae1a-551d7660c18d at term 3 for becomeLeader, leader elected after 36ms
2022-02-10 01:13:10,700 [3053d975-c7ca-42e2-ae1a-551d7660c18d@group-43E760D8DF2C-LeaderElection145] INFO  server.RaftServerConfigKeys (ConfUtils.java:logGet(44)) - raft.server.staging.catchup.gap = 1000 (default)
2022-02-10 01:13:10,700 [3053d975-c7ca-42e2-ae1a-551d7660c18d@group-43E760D8DF2C-LeaderElection145] INFO  server.RaftServerConfigKeys (ConfUtils.java:logGet(44)) - raft.server.write.element-limit = 1024 (custom)
2022-02-10 01:13:10,700 [3053d975-c7ca-42e2-ae1a-551d7660c18d@group-43E760D8DF2C-LeaderElection145] INFO  server.RaftServerConfigKeys (ConfUtils.java:logGet(44)) - raft.server.write.byte-limit = 1024 M (=1073741824) (custom)
2022-02-10 01:13:10,701 [3053d975-c7ca-42e2-ae1a-551d7660c18d@group-43E760D8DF2C-LeaderElection145] INFO  server.RaftServerConfigKeys (ConfUtils.java:logGet(44)) - raft.server.watch.timeout = 180s (custom)
2022-02-10 01:13:10,701 [3053d975-c7ca-42e2-ae1a-551d7660c18d@group-43E760D8DF2C-LeaderElection145] INFO  server.RaftServerConfigKeys (ConfUtils.java:logGet(44)) - raft.server.watch.timeout.denomination = 1s (default)
2022-02-10 01:13:10,701 [3053d975-c7ca-42e2-ae1a-551d7660c18d@group-43E760D8DF2C-LeaderElection145] INFO  server.RaftServerConfigKeys (ConfUtils.java:logGet(44)) - raft.server.watch.element-limit = 65536 (default)
2022-02-10 01:13:10,701 [3053d975-c7ca-42e2-ae1a-551d7660c18d@group-43E760D8DF2C-LeaderElection145] INFO  server.RaftServerConfigKeys (ConfUtils.java:logGet(44)) - raft.server.write.element-limit = 1024 (custom)
2022-02-10 01:13:10,701 [3053d975-c7ca-42e2-ae1a-551d7660c18d@group-43E760D8DF2C-LeaderElection145] INFO  server.RaftServerConfigKeys (ConfUtils.java:logGet(44)) - raft.server.write.follower.gap.ratio.max = -1.0 (default)
2022-02-10 01:13:10,701 [3053d975-c7ca-42e2-ae1a-551d7660c18d@group-43E760D8DF2C-LeaderElection145] INFO  server.RaftServerConfigKeys (ConfUtils.java:logGet(44)) - raft.server.log.appender.snapshot.chunk.size.max = 16MB (=16777216) (default)
2022-02-10 01:13:10,701 [3053d975-c7ca-42e2-ae1a-551d7660c18d@group-43E760D8DF2C-LeaderElection145] INFO  server.RaftServerConfigKeys (ConfUtils.java:logGet(44)) - raft.server.log.appender.buffer.byte-limit = 33554432 (custom)
2022-02-10 01:13:10,701 [3053d975-c7ca-42e2-ae1a-551d7660c18d@group-43E760D8DF2C-LeaderElection145] INFO  server.RaftServerConfigKeys (ConfUtils.java:logGet(44)) - raft.server.log.appender.buffer.element-limit = 1 (custom)
2022-02-10 01:13:10,701 [3053d975-c7ca-42e2-ae1a-551d7660c18d@group-43E760D8DF2C-LeaderElection145] INFO  grpc.GrpcConfigKeys (ConfUtils.java:logGet(44)) - raft.grpc.server.leader.outstanding.appends.max = 128 (default)
2022-02-10 01:13:10,701 [3053d975-c7ca-42e2-ae1a-551d7660c18d@group-43E760D8DF2C-LeaderElection145] INFO  server.RaftServerConfigKeys (ConfUtils.java:logGet(44)) - raft.server.rpc.request.timeout = 60s (custom)
2022-02-10 01:13:10,701 [3053d975-c7ca-42e2-ae1a-551d7660c18d@group-43E760D8DF2C-LeaderElection145] INFO  server.RaftServerConfigKeys (ConfUtils.java:logGet(44)) - raft.server.log.appender.install.snapshot.enabled = false (custom)
2022-02-10 01:13:10,704 [3053d975-c7ca-42e2-ae1a-551d7660c18d@group-43E760D8DF2C-LeaderElection145] INFO  server.RaftServerConfigKeys (ConfUtils.java:logGet(44)) - raft.server.log.appender.snapshot.chunk.size.max = 16MB (=16777216) (default)
2022-02-10 01:13:10,705 [3053d975-c7ca-42e2-ae1a-551d7660c18d@group-43E760D8DF2C-LeaderElection145] INFO  server.RaftServerConfigKeys (ConfUtils.java:logGet(44)) - raft.server.log.appender.buffer.byte-limit = 33554432 (custom)
2022-02-10 01:13:10,705 [3053d975-c7ca-42e2-ae1a-551d7660c18d@group-43E760D8DF2C-LeaderElection145] INFO  server.RaftServerConfigKeys (ConfUtils.java:logGet(44)) - raft.server.log.appender.buffer.element-limit = 1 (custom)
2022-02-10 01:13:10,705 [3053d975-c7ca-42e2-ae1a-551d7660c18d@group-43E760D8DF2C-LeaderElection145] INFO  grpc.GrpcConfigKeys (ConfUtils.java:logGet(44)) - raft.grpc.server.leader.outstanding.appends.max = 128 (default)
2022-02-10 01:13:10,705 [3053d975-c7ca-42e2-ae1a-551d7660c18d@group-43E760D8DF2C-LeaderElection145] INFO  server.RaftServerConfigKeys (ConfUtils.java:logGet(44)) - raft.server.rpc.request.timeout = 60s (custom)
2022-02-10 01:13:10,705 [3053d975-c7ca-42e2-ae1a-551d7660c18d@group-43E760D8DF2C-LeaderElection145] INFO  server.RaftServerConfigKeys (ConfUtils.java:logGet(44)) - raft.server.log.appender.install.snapshot.enabled = false (custom)
2022-02-10 01:13:10,707 [3053d975-c7ca-42e2-ae1a-551d7660c18d@group-43E760D8DF2C-LeaderElection145] INFO  impl.RoleInfo (RoleInfo.java:updateAndGet(130)) - 3053d975-c7ca-42e2-ae1a-551d7660c18d: start 3053d975-c7ca-42e2-ae1a-551d7660c18d@group-43E760D8DF2C-LeaderStateImpl
2022-02-10 01:13:10,707 [3053d975-c7ca-42e2-ae1a-551d7660c18d@group-43E760D8DF2C-LeaderElection145] INFO  segmented.SegmentedRaftLogWorker (SegmentedRaftLogWorker.java:rollLogSegment(399)) - 3053d975-c7ca-42e2-ae1a-551d7660c18d@group-43E760D8DF2C-SegmentedRaftLogWorker: Rolling segment log-0_0 to index:0
2022-02-10 01:13:10,709 [3053d975-c7ca-42e2-ae1a-551d7660c18d@group-43E760D8DF2C-SegmentedRaftLogWorker] INFO  segmented.SegmentedRaftLogWorker (SegmentedRaftLogWorker.java:execute(558)) - 3053d975-c7ca-42e2-ae1a-551d7660c18d@group-43E760D8DF2C-SegmentedRaftLogWorker: Rolled log segment from /home/runner/work/ozone/ozone/hadoop-ozone/integration-test/target/test-dir/MiniOzoneClusterImpl-e606721f-d3d6-4f7c-a1dd-9481319356bd/datanode-0/data/ratis/9ba4163c-adbc-452d-ab09-43e760d8df2c/current/log_inprogress_0 to /home/runner/work/ozone/ozone/hadoop-ozone/integration-test/target/test-dir/MiniOzoneClusterImpl-e606721f-d3d6-4f7c-a1dd-9481319356bd/datanode-0/data/ratis/9ba4163c-adbc-452d-ab09-43e760d8df2c/current/log_0-0
2022-02-10 01:13:10,724 [3053d975-c7ca-42e2-ae1a-551d7660c18d@group-43E760D8DF2C-SegmentedRaftLogWorker] INFO  segmented.SegmentedRaftLogWorker (SegmentedRaftLogWorker.java:execute(601)) - 3053d975-c7ca-42e2-ae1a-551d7660c18d@group-43E760D8DF2C-SegmentedRaftLogWorker: created new log segment /home/runner/work/ozone/ozone/hadoop-ozone/integration-test/target/test-dir/MiniOzoneClusterImpl-e606721f-d3d6-4f7c-a1dd-9481319356bd/datanode-0/data/ratis/9ba4163c-adbc-452d-ab09-43e760d8df2c/current/log_inprogress_1
2022-02-10 01:13:10,726 [grpc-default-executor-3] INFO  ratis.XceiverServerRatis (XceiverServerRatis.java:handleLeaderChangedNotification(866)) - Leader change notification received for group: group-43E760D8DF2C with new leaderId: 3053d975-c7ca-42e2-ae1a-551d7660c18d
2022-02-10 01:13:10,726 [grpc-default-executor-3] INFO  server.RaftServer$Division (ServerState.java:setLeader(285)) - a4b71502-a827-482d-8d6e-a21836502f29@group-43E760D8DF2C: change Leader from null to 3053d975-c7ca-42e2-ae1a-551d7660c18d at term 3 for appendEntries, leader elected after 29ms
2022-02-10 01:13:10,729 [3053d975-c7ca-42e2-ae1a-551d7660c18d@group-43E760D8DF2C-LeaderElection145] INFO  server.RaftServer$Division (ServerState.java:setRaftConf(387)) - 3053d975-c7ca-42e2-ae1a-551d7660c18d@group-43E760D8DF2C: set configuration 1: [b5e3648f-7a5b-47b9-b395-902f94cfff62|rpc:10.1.0.62:37973|dataStream:|priority:1, 3053d975-c7ca-42e2-ae1a-551d7660c18d|rpc:10.1.0.62:36239|dataStream:|priority:0, a4b71502-a827-482d-8d6e-a21836502f29|rpc:10.1.0.62:43487|dataStream:|priority:0], old=null
2022-02-10 01:13:10,744 [grpc-default-executor-4] WARN  server.GrpcLogAppender (LogUtils.java:warn(122)) - 3053d975-c7ca-42e2-ae1a-551d7660c18d@group-43E760D8DF2C->b5e3648f-7a5b-47b9-b395-902f94cfff62-AppendLogResponseHandler: Failed appendEntries: org.apache.ratis.thirdparty.io.grpc.StatusRuntimeException: UNAVAILABLE: io exception
2022-02-10 01:13:10,753 [grpc-default-executor-3] INFO  server.RaftServer$Division (ServerState.java:setRaftConf(387)) - a4b71502-a827-482d-8d6e-a21836502f29@group-43E760D8DF2C: set configuration 1: [b5e3648f-7a5b-47b9-b395-902f94cfff62|rpc:10.1.0.62:37973|dataStream:|priority:1, 3053d975-c7ca-42e2-ae1a-551d7660c18d|rpc:10.1.0.62:36239|dataStream:|priority:0, a4b71502-a827-482d-8d6e-a21836502f29|rpc:10.1.0.62:43487|dataStream:|priority:0], old=null
2022-02-10 01:13:10,767 [grpc-default-executor-3] INFO  segmented.SegmentedRaftLogWorker (SegmentedRaftLogWorker.java:rollLogSegment(399)) - a4b71502-a827-482d-8d6e-a21836502f29@group-43E760D8DF2C-SegmentedRaftLogWorker: Rolling segment log-0_0 to index:0
2022-02-10 01:13:10,768 [a4b71502-a827-482d-8d6e-a21836502f29@group-43E760D8DF2C-SegmentedRaftLogWorker] INFO  segmented.SegmentedRaftLogWorker (SegmentedRaftLogWorker.java:execute(558)) - a4b71502-a827-482d-8d6e-a21836502f29@group-43E760D8DF2C-SegmentedRaftLogWorker: Rolled log segment from /home/runner/work/ozone/ozone/hadoop-ozone/integration-test/target/test-dir/MiniOzoneClusterImpl-e606721f-d3d6-4f7c-a1dd-9481319356bd/datanode-1/data/ratis/9ba4163c-adbc-452d-ab09-43e760d8df2c/current/log_inprogress_0 to /home/runner/work/ozone/ozone/hadoop-ozone/integration-test/target/test-dir/MiniOzoneClusterImpl-e606721f-d3d6-4f7c-a1dd-9481319356bd/datanode-1/data/ratis/9ba4163c-adbc-452d-ab09-43e760d8df2c/current/log_0-0
2022-02-10 01:13:10,770 [a4b71502-a827-482d-8d6e-a21836502f29@group-43E760D8DF2C-SegmentedRaftLogWorker] INFO  segmented.SegmentedRaftLogWorker (SegmentedRaftLogWorker.java:execute(601)) - a4b71502-a827-482d-8d6e-a21836502f29@group-43E760D8DF2C-SegmentedRaftLogWorker: created new log segment /home/runner/work/ozone/ozone/hadoop-ozone/integration-test/target/test-dir/MiniOzoneClusterImpl-e606721f-d3d6-4f7c-a1dd-9481319356bd/datanode-1/data/ratis/9ba4163c-adbc-452d-ab09-43e760d8df2c/current/log_inprogress_1
2022-02-10 01:13:10,781 [grpc-default-executor-4] WARN  server.GrpcLogAppender (GrpcLogAppender.java:resetClient(110)) - 3053d975-c7ca-42e2-ae1a-551d7660c18d@group-43E760D8DF2C->b5e3648f-7a5b-47b9-b395-902f94cfff62-GrpcLogAppender: Leader has not got in touch with Follower 3053d975-c7ca-42e2-ae1a-551d7660c18d@group-43E760D8DF2C->b5e3648f-7a5b-47b9-b395-902f94cfff62(c-1,m0,n2, attendVote=true, lastRpcSendTime=0, lastRpcResponseTime=5279) yet, just keep nextIndex unchanged and retry.
2022-02-10 01:13:10,785 [grpc-default-executor-4] WARN  server.GrpcLogAppender (LogUtils.java:warn(122)) - 3053d975-c7ca-42e2-ae1a-551d7660c18d@group-43E760D8DF2C->b5e3648f-7a5b-47b9-b395-902f94cfff62-AppendLogResponseHandler: Failed appendEntries: org.apache.ratis.thirdparty.io.grpc.StatusRuntimeException: UNAVAILABLE: io exception
2022-02-10 01:13:10,785 [grpc-default-executor-4] WARN  server.GrpcLogAppender (GrpcLogAppender.java:resetClient(110)) - 3053d975-c7ca-42e2-ae1a-551d7660c18d@group-43E760D8DF2C->b5e3648f-7a5b-47b9-b395-902f94cfff62-GrpcLogAppender: Leader has not got in touch with Follower 3053d975-c7ca-42e2-ae1a-551d7660c18d@group-43E760D8DF2C->b5e3648f-7a5b-47b9-b395-902f94cfff62(c-1,m0,n3, attendVote=true, lastRpcSendTime=0, lastRpcResponseTime=5284) yet, just keep nextIndex unchanged and retry.
2022-02-10 01:13:11,620 [EndpointStateMachine task thread for /0.0.0.0:43859 - 0 ] INFO  ozoneimpl.OzoneContainer (OzoneContainer.java:start(315)) - Attempting to start container services.
2022-02-10 01:13:11,620 [EndpointStateMachine task thread for /0.0.0.0:43859 - 0 ] INFO  ozoneimpl.OzoneContainer (OzoneContainer.java:startContainerScrub(250)) - Background container scanner has been disabled.
2022-02-10 01:13:11,621 [EndpointStateMachine task thread for /0.0.0.0:43859 - 0 ] INFO  replication.ReplicationServer (ReplicationServer.java:start(111)) - ReplicationServer is started using port 42363
2022-02-10 01:13:11,621 [EndpointStateMachine task thread for /0.0.0.0:43859 - 0 ] INFO  ratis.XceiverServerRatis (XceiverServerRatis.java:start(484)) - Starting XceiverServerRatis b5e3648f-7a5b-47b9-b395-902f94cfff62
2022-02-10 01:13:11,630 [EndpointStateMachine task thread for /0.0.0.0:43859 - 0 ] INFO  server.RaftServer$Division (RaftServerImpl.java:start(301)) - b5e3648f-7a5b-47b9-b395-902f94cfff62@group-FA192D24AEA0: start as a follower, conf=0: [b5e3648f-7a5b-47b9-b395-902f94cfff62|rpc:10.1.0.62:37973|dataStream:|priority:1], old=null
2022-02-10 01:13:11,631 [EndpointStateMachine task thread for /0.0.0.0:43859 - 0 ] INFO  server.RaftServer$Division (RaftServerImpl.java:setRole(290)) - b5e3648f-7a5b-47b9-b395-902f94cfff62@group-FA192D24AEA0: changes role from      null to FOLLOWER at term 1 for startAsFollower
2022-02-10 01:13:11,631 [EndpointStateMachine task thread for /0.0.0.0:43859 - 0 ] INFO  impl.RoleInfo (RoleInfo.java:updateAndGet(130)) - b5e3648f-7a5b-47b9-b395-902f94cfff62: start b5e3648f-7a5b-47b9-b395-902f94cfff62@group-FA192D24AEA0-FollowerState
2022-02-10 01:13:11,635 [EndpointStateMachine task thread for /0.0.0.0:43859 - 0 ] INFO  util.JmxRegister (JmxRegister.java:tryRegister(44)) - Successfully registered JMX Bean with object name Ratis:service=RaftServer,group=group-FA192D24AEA0,id=b5e3648f-7a5b-47b9-b395-902f94cfff62
2022-02-10 01:13:11,642 [EndpointStateMachine task thread for /0.0.0.0:43859 - 0 ] INFO  server.RaftServer$Division (RaftServerImpl.java:start(301)) - b5e3648f-7a5b-47b9-b395-902f94cfff62@group-43E760D8DF2C: start as a follower, conf=0: [b5e3648f-7a5b-47b9-b395-902f94cfff62|rpc:10.1.0.62:37973|dataStream:|priority:1, 3053d975-c7ca-42e2-ae1a-551d7660c18d|rpc:10.1.0.62:36239|dataStream:|priority:0, a4b71502-a827-482d-8d6e-a21836502f29|rpc:10.1.0.62:43487|dataStream:|priority:0], old=null
2022-02-10 01:13:11,642 [EndpointStateMachine task thread for /0.0.0.0:43859 - 0 ] INFO  server.RaftServer$Division (RaftServerImpl.java:setRole(290)) - b5e3648f-7a5b-47b9-b395-902f94cfff62@group-43E760D8DF2C: changes role from      null to FOLLOWER at term 2 for startAsFollower
2022-02-10 01:13:11,643 [EndpointStateMachine task thread for /0.0.0.0:43859 - 0 ] INFO  impl.RoleInfo (RoleInfo.java:updateAndGet(130)) - b5e3648f-7a5b-47b9-b395-902f94cfff62: start b5e3648f-7a5b-47b9-b395-902f94cfff62@group-43E760D8DF2C-FollowerState
2022-02-10 01:13:11,706 [EndpointStateMachine task thread for /0.0.0.0:43859 - 0 ] INFO  util.JmxRegister (JmxRegister.java:tryRegister(44)) - Successfully registered JMX Bean with object name Ratis:service=RaftServer,group=group-43E760D8DF2C,id=b5e3648f-7a5b-47b9-b395-902f94cfff62
2022-02-10 01:13:11,718 [EndpointStateMachine task thread for /0.0.0.0:43859 - 0 ] INFO  server.RaftServer (RaftServerProxy.java:lambda$start$5(374)) - b5e3648f-7a5b-47b9-b395-902f94cfff62: start RPC server
2022-02-10 01:13:11,719 [EndpointStateMachine task thread for /0.0.0.0:43859 - 0 ] INFO  server.GrpcService (GrpcService.java:startImpl(253)) - b5e3648f-7a5b-47b9-b395-902f94cfff62: GrpcService started, listening on 37973
2022-02-10 01:13:11,758 [EndpointStateMachine task thread for /0.0.0.0:43859 - 0 ] INFO  ratis.XceiverServerRatis (XceiverServerRatis.java:getRealPort(505)) - XceiverServerRatis b5e3648f-7a5b-47b9-b395-902f94cfff62 is started using port 37973 for RATIS
2022-02-10 01:13:11,758 [EndpointStateMachine task thread for /0.0.0.0:43859 - 0 ] INFO  ratis.XceiverServerRatis (XceiverServerRatis.java:getRealPort(505)) - XceiverServerRatis b5e3648f-7a5b-47b9-b395-902f94cfff62 is started using port 37973 for RATIS_ADMIN
2022-02-10 01:13:11,758 [EndpointStateMachine task thread for /0.0.0.0:43859 - 0 ] INFO  ratis.XceiverServerRatis (XceiverServerRatis.java:getRealPort(505)) - XceiverServerRatis b5e3648f-7a5b-47b9-b395-902f94cfff62 is started using port 37973 for RATIS_SERVER
2022-02-10 01:13:11,791 [org.apache.ratis.util.JvmPauseMonitor$$Lambda$545/583750557@86e9225] INFO  util.JvmPauseMonitor (JvmPauseMonitor.java:run(103)) - JvmPauseMonitor-b5e3648f-7a5b-47b9-b395-902f94cfff62: Started
2022-02-10 01:13:13,297 [grpc-default-executor-4] INFO  ratis.XceiverServerRatis (XceiverServerRatis.java:handleLeaderChangedNotification(866)) - Leader change notification received for group: group-43E760D8DF2C with new leaderId: 3053d975-c7ca-42e2-ae1a-551d7660c18d
2022-02-10 01:13:13,297 [grpc-default-executor-4] INFO  server.RaftServer$Division (ServerState.java:setLeader(285)) - b5e3648f-7a5b-47b9-b395-902f94cfff62@group-43E760D8DF2C: change Leader from null to 3053d975-c7ca-42e2-ae1a-551d7660c18d at term 3 for appendEntries, leader elected after 3729ms
2022-02-10 01:13:13,297 [grpc-default-executor-4] INFO  server.RaftServer$Division (RaftServerImpl.java:checkInconsistentAppendEntries(1322)) - b5e3648f-7a5b-47b9-b395-902f94cfff62@group-43E760D8DF2C: Failed appendEntries as previous log entry ((t:3, i:2)) is not found
2022-02-10 01:13:13,297 [grpc-default-executor-4] INFO  server.RaftServer$Division (RaftServerImpl.java:checkInconsistentAppendEntries(1288)) - b5e3648f-7a5b-47b9-b395-902f94cfff62@group-43E760D8DF2C: inconsistency entries. Reply:3053d975-c7ca-42e2-ae1a-551d7660c18d<-b5e3648f-7a5b-47b9-b395-902f94cfff62#8357654:FAIL-t2,INCONSISTENCY,nextIndex=1,followerCommit=0
2022-02-10 01:13:13,298 [grpc-default-executor-4] INFO  leader.FollowerInfo (FollowerInfoImpl.java:lambda$new$0(47)) - 3053d975-c7ca-42e2-ae1a-551d7660c18d@group-43E760D8DF2C->b5e3648f-7a5b-47b9-b395-902f94cfff62: nextIndex: updateUnconditionally 3 -> 1
2022-02-10 01:13:13,328 [grpc-default-executor-3] INFO  server.RaftServer$Division (ServerState.java:setRaftConf(387)) - b5e3648f-7a5b-47b9-b395-902f94cfff62@group-43E760D8DF2C: set configuration 1: [b5e3648f-7a5b-47b9-b395-902f94cfff62|rpc:10.1.0.62:37973|dataStream:|priority:1, 3053d975-c7ca-42e2-ae1a-551d7660c18d|rpc:10.1.0.62:36239|dataStream:|priority:0, a4b71502-a827-482d-8d6e-a21836502f29|rpc:10.1.0.62:43487|dataStream:|priority:0], old=null
2022-02-10 01:13:13,328 [grpc-default-executor-3] INFO  segmented.SegmentedRaftLogWorker (SegmentedRaftLogWorker.java:rollLogSegment(399)) - b5e3648f-7a5b-47b9-b395-902f94cfff62@group-43E760D8DF2C-SegmentedRaftLogWorker: Rolling segment log-0_0 to index:0
2022-02-10 01:13:13,363 [b5e3648f-7a5b-47b9-b395-902f94cfff62@group-43E760D8DF2C-SegmentedRaftLogWorker] INFO  segmented.SegmentedRaftLogWorker (SegmentedRaftLogWorker.java:execute(558)) - b5e3648f-7a5b-47b9-b395-902f94cfff62@group-43E760D8DF2C-SegmentedRaftLogWorker: Rolled log segment from /home/runner/work/ozone/ozone/hadoop-ozone/integration-test/target/test-dir/MiniOzoneClusterImpl-e606721f-d3d6-4f7c-a1dd-9481319356bd/datanode-2/data/ratis/9ba4163c-adbc-452d-ab09-43e760d8df2c/current/log_inprogress_0 to /home/runner/work/ozone/ozone/hadoop-ozone/integration-test/target/test-dir/MiniOzoneClusterImpl-e606721f-d3d6-4f7c-a1dd-9481319356bd/datanode-2/data/ratis/9ba4163c-adbc-452d-ab09-43e760d8df2c/current/log_0-0
2022-02-10 01:13:13,366 [b5e3648f-7a5b-47b9-b395-902f94cfff62@group-43E760D8DF2C-SegmentedRaftLogWorker] INFO  segmented.SegmentedRaftLogWorker (SegmentedRaftLogWorker.java:execute(601)) - b5e3648f-7a5b-47b9-b395-902f94cfff62@group-43E760D8DF2C-SegmentedRaftLogWorker: created new log segment /home/runner/work/ozone/ozone/hadoop-ozone/integration-test/target/test-dir/MiniOzoneClusterImpl-e606721f-d3d6-4f7c-a1dd-9481319356bd/datanode-2/data/ratis/9ba4163c-adbc-452d-ab09-43e760d8df2c/current/log_inprogress_1
2022-02-10 01:13:14,724 [ForkJoinPool.commonPool-worker-0] INFO  ozoneimpl.OzoneContainer (OzoneContainer.java:stop(336)) - Attempting to stop container services.
2022-02-10 01:13:14,724 [Mini-Cluster-Provider-Reap] INFO  ozoneimpl.OzoneContainer (OzoneContainer.java:stop(336)) - Attempting to stop container services.
2022-02-10 01:13:14,725 [Mini-Cluster-Provider-Reap] INFO  server.RaftServer (RaftServerProxy.java:lambda$close$6(391)) - a4b71502-a827-482d-8d6e-a21836502f29: close
2022-02-10 01:13:14,725 [Mini-Cluster-Provider-Reap] INFO  server.RaftServer$Division (RaftServerImpl.java:lambda$close$4(412)) - a4b71502-a827-482d-8d6e-a21836502f29@group-43E760D8DF2C: shutdown
2022-02-10 01:13:14,725 [Mini-Cluster-Provider-Reap] INFO  util.JmxRegister (JmxRegister.java:unregister(73)) - Successfully un-registered JMX Bean with object name Ratis:service=RaftServer,group=group-43E760D8DF2C,id=a4b71502-a827-482d-8d6e-a21836502f29
2022-02-10 01:13:14,725 [Mini-Cluster-Provider-Reap] INFO  impl.RoleInfo (RoleInfo.java:shutdownFollowerState(108)) - a4b71502-a827-482d-8d6e-a21836502f29: shutdown a4b71502-a827-482d-8d6e-a21836502f29@group-43E760D8DF2C-FollowerState
2022-02-10 01:13:14,725 [Mini-Cluster-Provider-Reap] INFO  impl.StateMachineUpdater (StateMachineUpdater.java:stopAndJoin(149)) - a4b71502-a827-482d-8d6e-a21836502f29@group-43E760D8DF2C-StateMachineUpdater: set stopIndex = 2
2022-02-10 01:13:14,725 [a4b71502-a827-482d-8d6e-a21836502f29@group-43E760D8DF2C-FollowerState] INFO  impl.FollowerState (FollowerState.java:run(143)) - a4b71502-a827-482d-8d6e-a21836502f29@group-43E760D8DF2C-FollowerState was interrupted: {}
java.lang.InterruptedException: sleep interrupted
	at java.lang.Thread.sleep(Native Method)
	at java.lang.Thread.sleep(Thread.java:340)
	at java.util.concurrent.TimeUnit.sleep(TimeUnit.java:386)
	at org.apache.ratis.util.TimeDuration.sleep(TimeDuration.java:324)
	at org.apache.ratis.util.TimeDuration.sleep(TimeDuration.java:309)
	at org.apache.ratis.server.impl.FollowerState.run(FollowerState.java:118)
2022-02-10 01:13:14,725 [a4b71502-a827-482d-8d6e-a21836502f29@group-43E760D8DF2C-StateMachineUpdater] INFO  ratis.ContainerStateMachine (ContainerStateMachine.java:takeSnapshot(299)) - group-43E760D8DF2C: Taking a snapshot at:(t:3, i:2) file /home/runner/work/ozone/ozone/hadoop-ozone/integration-test/target/test-dir/MiniOzoneClusterImpl-e606721f-d3d6-4f7c-a1dd-9481319356bd/datanode-1/data/ratis/9ba4163c-adbc-452d-ab09-43e760d8df2c/sm/snapshot.3_2
2022-02-10 01:13:14,725 [ForkJoinPool.commonPool-worker-0] INFO  server.RaftServer (RaftServerProxy.java:lambda$close$6(391)) - 3053d975-c7ca-42e2-ae1a-551d7660c18d: close
2022-02-10 01:13:14,726 [ForkJoinPool.commonPool-worker-0] INFO  server.RaftServer$Division (RaftServerImpl.java:lambda$close$4(412)) - 3053d975-c7ca-42e2-ae1a-551d7660c18d@group-723243083E3A: shutdown
2022-02-10 01:13:14,726 [ForkJoinPool.commonPool-worker-0] INFO  util.JmxRegister (JmxRegister.java:unregister(73)) - Successfully un-registered JMX Bean with object name Ratis:service=RaftServer,group=group-723243083E3A,id=3053d975-c7ca-42e2-ae1a-551d7660c18d
2022-02-10 01:13:14,726 [ForkJoinPool.commonPool-worker-0] INFO  impl.RoleInfo (RoleInfo.java:shutdownLeaderState(91)) - 3053d975-c7ca-42e2-ae1a-551d7660c18d: shutdown 3053d975-c7ca-42e2-ae1a-551d7660c18d@group-723243083E3A-LeaderStateImpl
2022-02-10 01:13:14,726 [ForkJoinPool.commonPool-worker-0] INFO  impl.PendingRequests (PendingRequests.java:sendNotLeaderResponses(282)) - 3053d975-c7ca-42e2-ae1a-551d7660c18d@group-723243083E3A-PendingRequests: sendNotLeaderResponses
2022-02-10 01:13:14,727 [a4b71502-a827-482d-8d6e-a21836502f29@group-43E760D8DF2C-StateMachineUpdater] INFO  ratis.ContainerStateMachine (ContainerStateMachine.java:takeSnapshot(310)) - group-43E760D8DF2C: Finished taking a snapshot at:(t:3, i:2) file:/home/runner/work/ozone/ozone/hadoop-ozone/integration-test/target/test-dir/MiniOzoneClusterImpl-e606721f-d3d6-4f7c-a1dd-9481319356bd/datanode-1/data/ratis/9ba4163c-adbc-452d-ab09-43e760d8df2c/sm/snapshot.3_2 took: 2 ms
2022-02-10 01:13:14,728 [a4b71502-a827-482d-8d6e-a21836502f29@group-43E760D8DF2C-StateMachineUpdater] INFO  impl.StateMachineUpdater (StateMachineUpdater.java:takeSnapshot(281)) - a4b71502-a827-482d-8d6e-a21836502f29@group-43E760D8DF2C-StateMachineUpdater: Took a snapshot at index 2
2022-02-10 01:13:14,728 [a4b71502-a827-482d-8d6e-a21836502f29@group-43E760D8DF2C-StateMachineUpdater] INFO  impl.StateMachineUpdater (StateMachineUpdater.java:lambda$new$0(89)) - a4b71502-a827-482d-8d6e-a21836502f29@group-43E760D8DF2C-StateMachineUpdater: snapshotIndex: updateIncreasingly 0 -> 2
2022-02-10 01:13:14,731 [ForkJoinPool.commonPool-worker-0] INFO  impl.StateMachineUpdater (StateMachineUpdater.java:stopAndJoin(149)) - 3053d975-c7ca-42e2-ae1a-551d7660c18d@group-723243083E3A-StateMachineUpdater: set stopIndex = 2
2022-02-10 01:13:14,731 [3053d975-c7ca-42e2-ae1a-551d7660c18d@group-723243083E3A-StateMachineUpdater] INFO  ratis.ContainerStateMachine (ContainerStateMachine.java:takeSnapshot(299)) - group-723243083E3A: Taking a snapshot at:(t:2, i:2) file /home/runner/work/ozone/ozone/hadoop-ozone/integration-test/target/test-dir/MiniOzoneClusterImpl-e606721f-d3d6-4f7c-a1dd-9481319356bd/datanode-0/data/ratis/f21ff601-b84f-46c0-a4b2-723243083e3a/sm/snapshot.2_2
2022-02-10 01:13:14,732 [3053d975-c7ca-42e2-ae1a-551d7660c18d@group-723243083E3A-StateMachineUpdater] INFO  ratis.ContainerStateMachine (ContainerStateMachine.java:takeSnapshot(310)) - group-723243083E3A: Finished taking a snapshot at:(t:2, i:2) file:/home/runner/work/ozone/ozone/hadoop-ozone/integration-test/target/test-dir/MiniOzoneClusterImpl-e606721f-d3d6-4f7c-a1dd-9481319356bd/datanode-0/data/ratis/f21ff601-b84f-46c0-a4b2-723243083e3a/sm/snapshot.2_2 took: 1 ms
2022-02-10 01:13:14,732 [3053d975-c7ca-42e2-ae1a-551d7660c18d@group-723243083E3A-StateMachineUpdater] INFO  impl.StateMachineUpdater (StateMachineUpdater.java:takeSnapshot(281)) - 3053d975-c7ca-42e2-ae1a-551d7660c18d@group-723243083E3A-StateMachineUpdater: Took a snapshot at index 2
2022-02-10 01:13:14,732 [3053d975-c7ca-42e2-ae1a-551d7660c18d@group-723243083E3A-StateMachineUpdater] INFO  impl.StateMachineUpdater (StateMachineUpdater.java:lambda$new$0(89)) - 3053d975-c7ca-42e2-ae1a-551d7660c18d@group-723243083E3A-StateMachineUpdater: snapshotIndex: updateIncreasingly 0 -> 2
2022-02-10 01:13:14,732 [ForkJoinPool.commonPool-worker-0] INFO  server.RaftServer$Division (ServerState.java:close(419)) - 3053d975-c7ca-42e2-ae1a-551d7660c18d@group-723243083E3A: closes. applyIndex: 2
2022-02-10 01:13:14,732 [3053d975-c7ca-42e2-ae1a-551d7660c18d@group-723243083E3A-SegmentedRaftLogWorker] INFO  segmented.SegmentedRaftLogWorker (SegmentedRaftLogWorker.java:run(327)) - 3053d975-c7ca-42e2-ae1a-551d7660c18d@group-723243083E3A-SegmentedRaftLogWorker was interrupted, exiting. There are 0 tasks remaining in the queue.
2022-02-10 01:13:14,735 [ForkJoinPool.commonPool-worker-0] INFO  segmented.SegmentedRaftLogWorker (SegmentedRaftLogWorker.java:close(237)) - 3053d975-c7ca-42e2-ae1a-551d7660c18d@group-723243083E3A-SegmentedRaftLogWorker close()
2022-02-10 01:13:14,776 [Mini-Cluster-Provider-Reap] INFO  server.RaftServer$Division (ServerState.java:close(419)) - a4b71502-a827-482d-8d6e-a21836502f29@group-43E760D8DF2C: closes. applyIndex: 2
2022-02-10 01:13:14,777 [ForkJoinPool.commonPool-worker-0] INFO  server.RaftServer$Division (RaftServerImpl.java:lambda$close$4(412)) - 3053d975-c7ca-42e2-ae1a-551d7660c18d@group-43E760D8DF2C: shutdown
2022-02-10 01:13:14,777 [ForkJoinPool.commonPool-worker-0] INFO  util.JmxRegister (JmxRegister.java:unregister(73)) - Successfully un-registered JMX Bean with object name Ratis:service=RaftServer,group=group-43E760D8DF2C,id=3053d975-c7ca-42e2-ae1a-551d7660c18d
2022-02-10 01:13:14,777 [ForkJoinPool.commonPool-worker-0] INFO  impl.RoleInfo (RoleInfo.java:shutdownLeaderState(91)) - 3053d975-c7ca-42e2-ae1a-551d7660c18d: shutdown 3053d975-c7ca-42e2-ae1a-551d7660c18d@group-43E760D8DF2C-LeaderStateImpl
2022-02-10 01:13:14,777 [ForkJoinPool.commonPool-worker-0] INFO  impl.PendingRequests (PendingRequests.java:sendNotLeaderResponses(282)) - 3053d975-c7ca-42e2-ae1a-551d7660c18d@group-43E760D8DF2C-PendingRequests: sendNotLeaderResponses
2022-02-10 01:13:14,777 [3053d975-c7ca-42e2-ae1a-551d7660c18d@group-43E760D8DF2C->a4b71502-a827-482d-8d6e-a21836502f29-GrpcLogAppender-LogAppenderDaemon] WARN  server.GrpcLogAppender (GrpcLogAppender.java:mayWait(177)) - 3053d975-c7ca-42e2-ae1a-551d7660c18d@group-43E760D8DF2C->a4b71502-a827-482d-8d6e-a21836502f29-GrpcLogAppender: Wait interrupted by java.lang.InterruptedException
2022-02-10 01:13:14,778 [grpc-default-executor-3] INFO  server.GrpcServerProtocolService (GrpcServerProtocolService.java:onCompleted(140)) - a4b71502-a827-482d-8d6e-a21836502f29: Completed APPEND_ENTRIES, lastRequest: 3053d975-c7ca-42e2-ae1a-551d7660c18d->a4b71502-a827-482d-8d6e-a21836502f29#2-t3,previous=(t:3, i:1),leaderCommit=1,initializing? true,entries: size=1, first=(t:3, i:2), METADATAENTRY(c:1)
2022-02-10 01:13:14,778 [a4b71502-a827-482d-8d6e-a21836502f29@group-43E760D8DF2C-SegmentedRaftLogWorker] INFO  segmented.SegmentedRaftLogWorker (SegmentedRaftLogWorker.java:run(327)) - a4b71502-a827-482d-8d6e-a21836502f29@group-43E760D8DF2C-SegmentedRaftLogWorker was interrupted, exiting. There are 0 tasks remaining in the queue.
2022-02-10 01:13:14,778 [3053d975-c7ca-42e2-ae1a-551d7660c18d@group-43E760D8DF2C->b5e3648f-7a5b-47b9-b395-902f94cfff62-GrpcLogAppender-LogAppenderDaemon] WARN  server.GrpcLogAppender (GrpcLogAppender.java:mayWait(177)) - 3053d975-c7ca-42e2-ae1a-551d7660c18d@group-43E760D8DF2C->b5e3648f-7a5b-47b9-b395-902f94cfff62-GrpcLogAppender: Wait interrupted by java.lang.InterruptedException
2022-02-10 01:13:14,783 [grpc-default-executor-4] INFO  server.GrpcLogAppender (GrpcLogAppender.java:onCompleted(346)) - 3053d975-c7ca-42e2-ae1a-551d7660c18d@group-43E760D8DF2C->a4b71502-a827-482d-8d6e-a21836502f29-AppendLogResponseHandler: follower responses appendEntries COMPLETED
2022-02-10 01:13:14,783 [grpc-default-executor-4] INFO  leader.FollowerInfo (FollowerInfoImpl.java:lambda$new$0(47)) - 3053d975-c7ca-42e2-ae1a-551d7660c18d@group-43E760D8DF2C->a4b71502-a827-482d-8d6e-a21836502f29: nextIndex: updateUnconditionally 3 -> 2
2022-02-10 01:13:14,783 [grpc-default-executor-6] INFO  server.GrpcServerProtocolService (GrpcServerProtocolService.java:onCompleted(140)) - b5e3648f-7a5b-47b9-b395-902f94cfff62: Completed APPEND_ENTRIES, lastRequest: 3053d975-c7ca-42e2-ae1a-551d7660c18d->b5e3648f-7a5b-47b9-b395-902f94cfff62#8357656-t3,previous=(t:3, i:1),leaderCommit=2,initializing? true,entries: size=1, first=(t:3, i:2), METADATAENTRY(c:1)
2022-02-10 01:13:14,784 [grpc-default-executor-4] INFO  server.GrpcLogAppender (GrpcLogAppender.java:onCompleted(346)) - 3053d975-c7ca-42e2-ae1a-551d7660c18d@group-43E760D8DF2C->b5e3648f-7a5b-47b9-b395-902f94cfff62-AppendLogResponseHandler: follower responses appendEntries COMPLETED
2022-02-10 01:13:14,784 [grpc-default-executor-4] INFO  leader.FollowerInfo (FollowerInfoImpl.java:lambda$new$0(47)) - 3053d975-c7ca-42e2-ae1a-551d7660c18d@group-43E760D8DF2C->b5e3648f-7a5b-47b9-b395-902f94cfff62: nextIndex: updateUnconditionally 3 -> 2
2022-02-10 01:13:14,786 [Mini-Cluster-Provider-Reap] INFO  segmented.SegmentedRaftLogWorker (SegmentedRaftLogWorker.java:close(237)) - a4b71502-a827-482d-8d6e-a21836502f29@group-43E760D8DF2C-SegmentedRaftLogWorker close()
2022-02-10 01:13:14,833 [ForkJoinPool.commonPool-worker-0] INFO  impl.StateMachineUpdater (StateMachineUpdater.java:stopAndJoin(149)) - 3053d975-c7ca-42e2-ae1a-551d7660c18d@group-43E760D8DF2C-StateMachineUpdater: set stopIndex = 2
2022-02-10 01:13:14,834 [3053d975-c7ca-42e2-ae1a-551d7660c18d@group-43E760D8DF2C-StateMachineUpdater] INFO  ratis.ContainerStateMachine (ContainerStateMachine.java:takeSnapshot(299)) - group-43E760D8DF2C: Taking a snapshot at:(t:3, i:2) file /home/runner/work/ozone/ozone/hadoop-ozone/integration-test/target/test-dir/MiniOzoneClusterImpl-e606721f-d3d6-4f7c-a1dd-9481319356bd/datanode-0/data/ratis/9ba4163c-adbc-452d-ab09-43e760d8df2c/sm/snapshot.3_2
2022-02-10 01:13:14,834 [Mini-Cluster-Provider-Reap] INFO  server.RaftServer$Division (RaftServerImpl.java:lambda$close$4(412)) - a4b71502-a827-482d-8d6e-a21836502f29@group-304A33E7875F: shutdown
2022-02-10 01:13:14,834 [Mini-Cluster-Provider-Reap] INFO  util.JmxRegister (JmxRegister.java:unregister(73)) - Successfully un-registered JMX Bean with object name Ratis:service=RaftServer,group=group-304A33E7875F,id=a4b71502-a827-482d-8d6e-a21836502f29
2022-02-10 01:13:14,834 [Mini-Cluster-Provider-Reap] INFO  impl.RoleInfo (RoleInfo.java:shutdownLeaderState(91)) - a4b71502-a827-482d-8d6e-a21836502f29: shutdown a4b71502-a827-482d-8d6e-a21836502f29@group-304A33E7875F-LeaderStateImpl
2022-02-10 01:13:14,834 [Mini-Cluster-Provider-Reap] INFO  impl.PendingRequests (PendingRequests.java:sendNotLeaderResponses(282)) - a4b71502-a827-482d-8d6e-a21836502f29@group-304A33E7875F-PendingRequests: sendNotLeaderResponses
2022-02-10 01:13:14,835 [3053d975-c7ca-42e2-ae1a-551d7660c18d@group-43E760D8DF2C-StateMachineUpdater] INFO  ratis.ContainerStateMachine (ContainerStateMachine.java:takeSnapshot(310)) - group-43E760D8DF2C: Finished taking a snapshot at:(t:3, i:2) file:/home/runner/work/ozone/ozone/hadoop-ozone/integration-test/target/test-dir/MiniOzoneClusterImpl-e606721f-d3d6-4f7c-a1dd-9481319356bd/datanode-0/data/ratis/9ba4163c-adbc-452d-ab09-43e760d8df2c/sm/snapshot.3_2 took: 1 ms
2022-02-10 01:13:14,835 [3053d975-c7ca-42e2-ae1a-551d7660c18d@group-43E760D8DF2C-StateMachineUpdater] INFO  impl.StateMachineUpdater (StateMachineUpdater.java:takeSnapshot(281)) - 3053d975-c7ca-42e2-ae1a-551d7660c18d@group-43E760D8DF2C-StateMachineUpdater: Took a snapshot at index 2
2022-02-10 01:13:14,835 [3053d975-c7ca-42e2-ae1a-551d7660c18d@group-43E760D8DF2C-StateMachineUpdater] INFO  impl.StateMachineUpdater (StateMachineUpdater.java:lambda$new$0(89)) - 3053d975-c7ca-42e2-ae1a-551d7660c18d@group-43E760D8DF2C-StateMachineUpdater: snapshotIndex: updateIncreasingly 0 -> 2
2022-02-10 01:13:14,835 [ForkJoinPool.commonPool-worker-0] INFO  server.RaftServer$Division (ServerState.java:close(419)) - 3053d975-c7ca-42e2-ae1a-551d7660c18d@group-43E760D8DF2C: closes. applyIndex: 2
2022-02-10 01:13:14,835 [3053d975-c7ca-42e2-ae1a-551d7660c18d@group-43E760D8DF2C-SegmentedRaftLogWorker] INFO  segmented.SegmentedRaftLogWorker (SegmentedRaftLogWorker.java:run(327)) - 3053d975-c7ca-42e2-ae1a-551d7660c18d@group-43E760D8DF2C-SegmentedRaftLogWorker was interrupted, exiting. There are 0 tasks remaining in the queue.
2022-02-10 01:13:14,852 [ForkJoinPool.commonPool-worker-0] INFO  segmented.SegmentedRaftLogWorker (SegmentedRaftLogWorker.java:close(237)) - 3053d975-c7ca-42e2-ae1a-551d7660c18d@group-43E760D8DF2C-SegmentedRaftLogWorker close()
2022-02-10 01:13:14,854 [Mini-Cluster-Provider-Reap] INFO  impl.StateMachineUpdater (StateMachineUpdater.java:stopAndJoin(149)) - a4b71502-a827-482d-8d6e-a21836502f29@group-304A33E7875F-StateMachineUpdater: set stopIndex = 2
2022-02-10 01:13:14,854 [a4b71502-a827-482d-8d6e-a21836502f29@group-304A33E7875F-StateMachineUpdater] INFO  ratis.ContainerStateMachine (ContainerStateMachine.java:takeSnapshot(299)) - group-304A33E7875F: Taking a snapshot at:(t:2, i:2) file /home/runner/work/ozone/ozone/hadoop-ozone/integration-test/target/test-dir/MiniOzoneClusterImpl-e606721f-d3d6-4f7c-a1dd-9481319356bd/datanode-1/data/ratis/9638f49c-f8b1-431e-b51a-304a33e7875f/sm/snapshot.2_2
2022-02-10 01:13:14,854 [ForkJoinPool.commonPool-worker-0] INFO  server.GrpcService (GrpcService.java:closeImpl(262)) - 3053d975-c7ca-42e2-ae1a-551d7660c18d: shutdown server with port 36239 now
2022-02-10 01:13:14,858 [a4b71502-a827-482d-8d6e-a21836502f29@group-304A33E7875F-StateMachineUpdater] INFO  ratis.ContainerStateMachine (ContainerStateMachine.java:takeSnapshot(310)) - group-304A33E7875F: Finished taking a snapshot at:(t:2, i:2) file:/home/runner/work/ozone/ozone/hadoop-ozone/integration-test/target/test-dir/MiniOzoneClusterImpl-e606721f-d3d6-4f7c-a1dd-9481319356bd/datanode-1/data/ratis/9638f49c-f8b1-431e-b51a-304a33e7875f/sm/snapshot.2_2 took: 4 ms
2022-02-10 01:13:14,859 [a4b71502-a827-482d-8d6e-a21836502f29@group-304A33E7875F-StateMachineUpdater] INFO  impl.StateMachineUpdater (StateMachineUpdater.java:takeSnapshot(281)) - a4b71502-a827-482d-8d6e-a21836502f29@group-304A33E7875F-StateMachineUpdater: Took a snapshot at index 2
2022-02-10 01:13:14,859 [a4b71502-a827-482d-8d6e-a21836502f29@group-304A33E7875F-StateMachineUpdater] INFO  impl.StateMachineUpdater (StateMachineUpdater.java:lambda$new$0(89)) - a4b71502-a827-482d-8d6e-a21836502f29@group-304A33E7875F-StateMachineUpdater: snapshotIndex: updateIncreasingly 0 -> 2
2022-02-10 01:13:14,863 [Mini-Cluster-Provider-Reap] INFO  server.RaftServer$Division (ServerState.java:close(419)) - a4b71502-a827-482d-8d6e-a21836502f29@group-304A33E7875F: closes. applyIndex: 2
2022-02-10 01:13:14,863 [a4b71502-a827-482d-8d6e-a21836502f29@group-304A33E7875F-SegmentedRaftLogWorker] INFO  segmented.SegmentedRaftLogWorker (SegmentedRaftLogWorker.java:run(327)) - a4b71502-a827-482d-8d6e-a21836502f29@group-304A33E7875F-SegmentedRaftLogWorker was interrupted, exiting. There are 0 tasks remaining in the queue.
2022-02-10 01:13:14,880 [Mini-Cluster-Provider-Reap] INFO  segmented.SegmentedRaftLogWorker (SegmentedRaftLogWorker.java:close(237)) - a4b71502-a827-482d-8d6e-a21836502f29@group-304A33E7875F-SegmentedRaftLogWorker close()
2022-02-10 01:13:14,910 [Mini-Cluster-Provider-Reap] INFO  server.GrpcService (GrpcService.java:closeImpl(262)) - a4b71502-a827-482d-8d6e-a21836502f29: shutdown server with port 43487 now
2022-02-10 01:13:14,920 [ForkJoinPool.commonPool-worker-0] INFO  server.GrpcService (GrpcService.java:closeImpl(271)) - 3053d975-c7ca-42e2-ae1a-551d7660c18d: shutdown server with port 36239 successfully
2022-02-10 01:13:14,920 [org.apache.ratis.util.JvmPauseMonitor$$Lambda$545/583750557@11a28f53] INFO  util.JvmPauseMonitor (JvmPauseMonitor.java:run(109)) - JvmPauseMonitor-3053d975-c7ca-42e2-ae1a-551d7660c18d: Stopped
2022-02-10 01:13:14,920 [Mini-Cluster-Provider-Reap] INFO  server.GrpcService (GrpcService.java:closeImpl(271)) - a4b71502-a827-482d-8d6e-a21836502f29: shutdown server with port 43487 successfully
2022-02-10 01:13:14,920 [org.apache.ratis.util.JvmPauseMonitor$$Lambda$545/583750557@10496c86] INFO  util.JvmPauseMonitor (JvmPauseMonitor.java:run(109)) - JvmPauseMonitor-a4b71502-a827-482d-8d6e-a21836502f29: Stopped
2022-02-10 01:13:16,657 [b5e3648f-7a5b-47b9-b395-902f94cfff62@group-FA192D24AEA0-FollowerState] INFO  impl.FollowerState (FollowerState.java:run(134)) - b5e3648f-7a5b-47b9-b395-902f94cfff62@group-FA192D24AEA0-FollowerState: change to CANDIDATE, lastRpcElapsedTime:5026037467ns, electionTimeout:5021ms
2022-02-10 01:13:16,657 [b5e3648f-7a5b-47b9-b395-902f94cfff62@group-FA192D24AEA0-FollowerState] INFO  impl.RoleInfo (RoleInfo.java:shutdownFollowerState(108)) - b5e3648f-7a5b-47b9-b395-902f94cfff62: shutdown b5e3648f-7a5b-47b9-b395-902f94cfff62@group-FA192D24AEA0-FollowerState
2022-02-10 01:13:16,657 [b5e3648f-7a5b-47b9-b395-902f94cfff62@group-FA192D24AEA0-FollowerState] INFO  server.RaftServer$Division (RaftServerImpl.java:setRole(290)) - b5e3648f-7a5b-47b9-b395-902f94cfff62@group-FA192D24AEA0: changes role from  FOLLOWER to CANDIDATE at term 1 for changeToCandidate
2022-02-10 01:13:16,657 [b5e3648f-7a5b-47b9-b395-902f94cfff62@group-FA192D24AEA0-FollowerState] INFO  server.RaftServerConfigKeys (ConfUtils.java:logGet(44)) - raft.server.leaderelection.pre-vote = false (custom)
2022-02-10 01:13:16,657 [b5e3648f-7a5b-47b9-b395-902f94cfff62@group-FA192D24AEA0-FollowerState] INFO  impl.RoleInfo (RoleInfo.java:updateAndGet(130)) - b5e3648f-7a5b-47b9-b395-902f94cfff62: start b5e3648f-7a5b-47b9-b395-902f94cfff62@group-FA192D24AEA0-LeaderElection146
2022-02-10 01:13:16,718 [b5e3648f-7a5b-47b9-b395-902f94cfff62@group-FA192D24AEA0-LeaderElection146] INFO  impl.LeaderElection (LeaderElection.java:askForVotes(306)) - b5e3648f-7a5b-47b9-b395-902f94cfff62@group-FA192D24AEA0-LeaderElection146 ELECTION round 0: submit vote requests at term 2 for 0: [b5e3648f-7a5b-47b9-b395-902f94cfff62|rpc:10.1.0.62:37973|dataStream:|priority:1], old=null
2022-02-10 01:13:16,719 [b5e3648f-7a5b-47b9-b395-902f94cfff62@group-FA192D24AEA0-LeaderElection146] INFO  impl.LeaderElection (LeaderElection.java:askForVotes(308)) - b5e3648f-7a5b-47b9-b395-902f94cfff62@group-FA192D24AEA0-LeaderElection146 ELECTION round 0: result PASSED (term=2)
2022-02-10 01:13:16,719 [b5e3648f-7a5b-47b9-b395-902f94cfff62@group-FA192D24AEA0-LeaderElection146] INFO  impl.RoleInfo (RoleInfo.java:shutdownLeaderElection(121)) - b5e3648f-7a5b-47b9-b395-902f94cfff62: shutdown b5e3648f-7a5b-47b9-b395-902f94cfff62@group-FA192D24AEA0-LeaderElection146
2022-02-10 01:13:16,719 [b5e3648f-7a5b-47b9-b395-902f94cfff62@group-FA192D24AEA0-LeaderElection146] INFO  server.RaftServer$Division (RaftServerImpl.java:setRole(290)) - b5e3648f-7a5b-47b9-b395-902f94cfff62@group-FA192D24AEA0: changes role from CANDIDATE to LEADER at term 2 for changeToLeader
2022-02-10 01:13:16,719 [b5e3648f-7a5b-47b9-b395-902f94cfff62@group-FA192D24AEA0-LeaderElection146] INFO  ratis.XceiverServerRatis (XceiverServerRatis.java:handleLeaderChangedNotification(866)) - Leader change notification received for group: group-FA192D24AEA0 with new leaderId: b5e3648f-7a5b-47b9-b395-902f94cfff62
2022-02-10 01:13:16,719 [b5e3648f-7a5b-47b9-b395-902f94cfff62@group-FA192D24AEA0-LeaderElection146] INFO  server.RaftServer$Division (ServerState.java:setLeader(285)) - b5e3648f-7a5b-47b9-b395-902f94cfff62@group-FA192D24AEA0: change Leader from null to b5e3648f-7a5b-47b9-b395-902f94cfff62 at term 2 for becomeLeader, leader elected after 7179ms
2022-02-10 01:13:16,719 [b5e3648f-7a5b-47b9-b395-902f94cfff62@group-FA192D24AEA0-LeaderElection146] INFO  server.RaftServerConfigKeys (ConfUtils.java:logGet(44)) - raft.server.staging.catchup.gap = 1000 (default)
2022-02-10 01:13:16,719 [b5e3648f-7a5b-47b9-b395-902f94cfff62@group-FA192D24AEA0-LeaderElection146] INFO  server.RaftServerConfigKeys (ConfUtils.java:logGet(44)) - raft.server.write.element-limit = 1024 (custom)
2022-02-10 01:13:16,719 [b5e3648f-7a5b-47b9-b395-902f94cfff62@group-FA192D24AEA0-LeaderElection146] INFO  server.RaftServerConfigKeys (ConfUtils.java:logGet(44)) - raft.server.write.byte-limit = 1024 M (=1073741824) (custom)
2022-02-10 01:13:16,720 [b5e3648f-7a5b-47b9-b395-902f94cfff62@group-FA192D24AEA0-LeaderElection146] INFO  server.RaftServerConfigKeys (ConfUtils.java:logGet(44)) - raft.server.watch.timeout = 180s (custom)
2022-02-10 01:13:16,720 [b5e3648f-7a5b-47b9-b395-902f94cfff62@group-FA192D24AEA0-LeaderElection146] INFO  server.RaftServerConfigKeys (ConfUtils.java:logGet(44)) - raft.server.watch.timeout.denomination = 1s (default)
2022-02-10 01:13:16,720 [b5e3648f-7a5b-47b9-b395-902f94cfff62@group-FA192D24AEA0-LeaderElection146] INFO  server.RaftServerConfigKeys (ConfUtils.java:logGet(44)) - raft.server.watch.element-limit = 65536 (default)
2022-02-10 01:13:16,720 [b5e3648f-7a5b-47b9-b395-902f94cfff62@group-FA192D24AEA0-LeaderElection146] INFO  server.RaftServerConfigKeys (ConfUtils.java:logGet(44)) - raft.server.write.element-limit = 1024 (custom)
2022-02-10 01:13:16,720 [b5e3648f-7a5b-47b9-b395-902f94cfff62@group-FA192D24AEA0-LeaderElection146] INFO  server.RaftServerConfigKeys (ConfUtils.java:logGet(44)) - raft.server.write.follower.gap.ratio.max = -1.0 (default)
2022-02-10 01:13:16,720 [b5e3648f-7a5b-47b9-b395-902f94cfff62@group-FA192D24AEA0-LeaderElection146] INFO  impl.RoleInfo (RoleInfo.java:updateAndGet(130)) - b5e3648f-7a5b-47b9-b395-902f94cfff62: start b5e3648f-7a5b-47b9-b395-902f94cfff62@group-FA192D24AEA0-LeaderStateImpl
2022-02-10 01:13:16,720 [b5e3648f-7a5b-47b9-b395-902f94cfff62@group-FA192D24AEA0-LeaderElection146] INFO  segmented.SegmentedRaftLogWorker (SegmentedRaftLogWorker.java:rollLogSegment(399)) - b5e3648f-7a5b-47b9-b395-902f94cfff62@group-FA192D24AEA0-SegmentedRaftLogWorker: Rolling segment log-0_0 to index:0
2022-02-10 01:13:16,731 [b5e3648f-7a5b-47b9-b395-902f94cfff62@group-FA192D24AEA0-SegmentedRaftLogWorker] INFO  segmented.SegmentedRaftLogWorker (SegmentedRaftLogWorker.java:execute(558)) - b5e3648f-7a5b-47b9-b395-902f94cfff62@group-FA192D24AEA0-SegmentedRaftLogWorker: Rolled log segment from /home/runner/work/ozone/ozone/hadoop-ozone/integration-test/target/test-dir/MiniOzoneClusterImpl-e606721f-d3d6-4f7c-a1dd-9481319356bd/datanode-2/data/ratis/088948ac-1406-4831-a8aa-fa192d24aea0/current/log_inprogress_0 to /home/runner/work/ozone/ozone/hadoop-ozone/integration-test/target/test-dir/MiniOzoneClusterImpl-e606721f-d3d6-4f7c-a1dd-9481319356bd/datanode-2/data/ratis/088948ac-1406-4831-a8aa-fa192d24aea0/current/log_0-0
2022-02-10 01:13:16,759 [b5e3648f-7a5b-47b9-b395-902f94cfff62@group-FA192D24AEA0-SegmentedRaftLogWorker] INFO  segmented.SegmentedRaftLogWorker (SegmentedRaftLogWorker.java:execute(601)) - b5e3648f-7a5b-47b9-b395-902f94cfff62@group-FA192D24AEA0-SegmentedRaftLogWorker: created new log segment /home/runner/work/ozone/ozone/hadoop-ozone/integration-test/target/test-dir/MiniOzoneClusterImpl-e606721f-d3d6-4f7c-a1dd-9481319356bd/datanode-2/data/ratis/088948ac-1406-4831-a8aa-fa192d24aea0/current/log_inprogress_1
2022-02-10 01:13:16,830 [b5e3648f-7a5b-47b9-b395-902f94cfff62@group-FA192D24AEA0-LeaderElection146] INFO  server.RaftServer$Division (ServerState.java:setRaftConf(387)) - b5e3648f-7a5b-47b9-b395-902f94cfff62@group-FA192D24AEA0: set configuration 1: [b5e3648f-7a5b-47b9-b395-902f94cfff62|rpc:10.1.0.62:37973|dataStream:|priority:1], old=null
2022-02-10 01:13:16,940 [ForkJoinPool.commonPool-worker-0] INFO  utils.BackgroundService (BackgroundService.java:shutdown(132)) - Shutting down service BlockDeletingService
2022-02-10 01:13:17,067 [Mini-Cluster-Provider-Reap] INFO  utils.BackgroundService (BackgroundService.java:shutdown(132)) - Shutting down service BlockDeletingService
2022-02-10 01:13:19,961 [ForkJoinPool.commonPool-worker-0] INFO  statemachine.DatanodeStateMachine (DatanodeStateMachine.java:stopDaemon(529)) - Ozone container server stopped.
2022-02-10 01:13:19,965 [ForkJoinPool.commonPool-worker-0] INFO  handler.ContextHandler (ContextHandler.java:doStop(1153)) - Stopped o.e.j.w.WebAppContext@3916d7b0{hddsDatanode,/,null,STOPPED}{jar:file:/home/runner/.m2/repository/org/apache/ozone/hdds-container-service/1.3.0-SNAPSHOT/hdds-container-service-1.3.0-SNAPSHOT.jar!/webapps/hddsDatanode}
2022-02-10 01:13:20,038 [ForkJoinPool.commonPool-worker-0] INFO  server.AbstractConnector (AbstractConnector.java:doStop(381)) - Stopped ServerConnector@5aed4428{HTTP/1.1, (http/1.1)}{0.0.0.0:41099}
2022-02-10 01:13:20,038 [ForkJoinPool.commonPool-worker-0] INFO  server.session (HouseKeeper.java:stopScavenging(149)) - node0 Stopped scavenging
2022-02-10 01:13:20,038 [ForkJoinPool.commonPool-worker-0] INFO  handler.ContextHandler (ContextHandler.java:doStop(1153)) - Stopped o.e.j.s.ServletContextHandler@1e57d006{static,/static,jar:file:/home/runner/.m2/repository/org/apache/ozone/hdds-container-service/1.3.0-SNAPSHOT/hdds-container-service-1.3.0-SNAPSHOT.jar!/webapps/static,STOPPED}
2022-02-10 01:13:20,038 [ForkJoinPool.commonPool-worker-0] INFO  handler.ContextHandler (ContextHandler.java:doStop(1153)) - Stopped o.e.j.s.ServletContextHandler@5fff838a{logs,/logs,file:///home/runner/work/ozone/ozone/hadoop-ozone/integration-test/target/log,STOPPED}
2022-02-10 01:13:20,074 [Mini-Cluster-Provider-Reap] INFO  statemachine.DatanodeStateMachine (DatanodeStateMachine.java:stopDaemon(529)) - Ozone container server stopped.
2022-02-10 01:13:20,099 [Mini-Cluster-Provider-Reap] INFO  handler.ContextHandler (ContextHandler.java:doStop(1153)) - Stopped o.e.j.w.WebAppContext@1885c0e2{hddsDatanode,/,null,STOPPED}{jar:file:/home/runner/.m2/repository/org/apache/ozone/hdds-container-service/1.3.0-SNAPSHOT/hdds-container-service-1.3.0-SNAPSHOT.jar!/webapps/hddsDatanode}
2022-02-10 01:13:20,111 [Mini-Cluster-Provider-Reap] INFO  server.AbstractConnector (AbstractConnector.java:doStop(381)) - Stopped ServerConnector@74503fa7{HTTP/1.1, (http/1.1)}{0.0.0.0:43939}
2022-02-10 01:13:20,111 [Mini-Cluster-Provider-Reap] INFO  server.session (HouseKeeper.java:stopScavenging(149)) - node0 Stopped scavenging
2022-02-10 01:13:20,111 [Mini-Cluster-Provider-Reap] INFO  handler.ContextHandler (ContextHandler.java:doStop(1153)) - Stopped o.e.j.s.ServletContextHandler@38bf8d24{static,/static,jar:file:/home/runner/.m2/repository/org/apache/ozone/hdds-container-service/1.3.0-SNAPSHOT/hdds-container-service-1.3.0-SNAPSHOT.jar!/webapps/static,STOPPED}
2022-02-10 01:13:20,112 [Mini-Cluster-Provider-Reap] INFO  handler.ContextHandler (ContextHandler.java:doStop(1153)) - Stopped o.e.j.s.ServletContextHandler@1e59469a{logs,/logs,file:///home/runner/work/ozone/ozone/hadoop-ozone/integration-test/target/log,STOPPED}
2022-02-10 01:13:21,876 [b5e3648f-7a5b-47b9-b395-902f94cfff62@group-43E760D8DF2C-FollowerState] INFO  impl.FollowerState (FollowerState.java:run(134)) - b5e3648f-7a5b-47b9-b395-902f94cfff62@group-43E760D8DF2C-FollowerState: change to CANDIDATE, lastRpcElapsedTime:8493892258ns, electionTimeout:5034ms
2022-02-10 01:13:21,877 [b5e3648f-7a5b-47b9-b395-902f94cfff62@group-43E760D8DF2C-FollowerState] INFO  impl.RoleInfo (RoleInfo.java:shutdownFollowerState(108)) - b5e3648f-7a5b-47b9-b395-902f94cfff62: shutdown b5e3648f-7a5b-47b9-b395-902f94cfff62@group-43E760D8DF2C-FollowerState
2022-02-10 01:13:21,877 [b5e3648f-7a5b-47b9-b395-902f94cfff62@group-43E760D8DF2C-FollowerState] INFO  server.RaftServer$Division (RaftServerImpl.java:setRole(290)) - b5e3648f-7a5b-47b9-b395-902f94cfff62@group-43E760D8DF2C: changes role from  FOLLOWER to CANDIDATE at term 3 for changeToCandidate
2022-02-10 01:13:21,877 [b5e3648f-7a5b-47b9-b395-902f94cfff62@group-43E760D8DF2C-FollowerState] INFO  server.RaftServerConfigKeys (ConfUtils.java:logGet(44)) - raft.server.leaderelection.pre-vote = false (custom)
2022-02-10 01:13:21,877 [b5e3648f-7a5b-47b9-b395-902f94cfff62@group-43E760D8DF2C-FollowerState] INFO  impl.RoleInfo (RoleInfo.java:updateAndGet(130)) - b5e3648f-7a5b-47b9-b395-902f94cfff62: start b5e3648f-7a5b-47b9-b395-902f94cfff62@group-43E760D8DF2C-LeaderElection147
2022-02-10 01:13:21,883 [b5e3648f-7a5b-47b9-b395-902f94cfff62@group-43E760D8DF2C-LeaderElection147] INFO  server.RaftServer$Division (ServerState.java:setLeader(285)) - b5e3648f-7a5b-47b9-b395-902f94cfff62@group-43E760D8DF2C: change Leader from 3053d975-c7ca-42e2-ae1a-551d7660c18d to null at term 3 for ELECTION
2022-02-10 01:13:21,893 [b5e3648f-7a5b-47b9-b395-902f94cfff62@group-43E760D8DF2C-LeaderElection147] INFO  impl.LeaderElection (LeaderElection.java:askForVotes(306)) - b5e3648f-7a5b-47b9-b395-902f94cfff62@group-43E760D8DF2C-LeaderElection147 ELECTION round 0: submit vote requests at term 4 for 1: [b5e3648f-7a5b-47b9-b395-902f94cfff62|rpc:10.1.0.62:37973|dataStream:|priority:1, 3053d975-c7ca-42e2-ae1a-551d7660c18d|rpc:10.1.0.62:36239|dataStream:|priority:0, a4b71502-a827-482d-8d6e-a21836502f29|rpc:10.1.0.62:43487|dataStream:|priority:0], old=null
2022-02-10 01:13:21,910 [b5e3648f-7a5b-47b9-b395-902f94cfff62@group-43E760D8DF2C-LeaderElection147] INFO  impl.LeaderElection (LogUtils.java:infoOrTrace(137)) - b5e3648f-7a5b-47b9-b395-902f94cfff62@group-43E760D8DF2C-LeaderElection147 got exception when requesting votes: java.util.concurrent.ExecutionException: org.apache.ratis.thirdparty.io.grpc.StatusRuntimeException: UNAVAILABLE: io exception
2022-02-10 01:13:21,910 [b5e3648f-7a5b-47b9-b395-902f94cfff62@group-43E760D8DF2C-LeaderElection147] INFO  impl.LeaderElection (LogUtils.java:infoOrTrace(137)) - b5e3648f-7a5b-47b9-b395-902f94cfff62@group-43E760D8DF2C-LeaderElection147 got exception when requesting votes: java.util.concurrent.ExecutionException: org.apache.ratis.thirdparty.io.grpc.StatusRuntimeException: UNAVAILABLE: io exception
2022-02-10 01:13:21,910 [b5e3648f-7a5b-47b9-b395-902f94cfff62@group-43E760D8DF2C-LeaderElection147] INFO  impl.LeaderElection (LeaderElection.java:logAndReturn(89)) - b5e3648f-7a5b-47b9-b395-902f94cfff62@group-43E760D8DF2C-LeaderElection147: ELECTION REJECTED received 0 response(s) and 2 exception(s):
2022-02-10 01:13:21,910 [b5e3648f-7a5b-47b9-b395-902f94cfff62@group-43E760D8DF2C-LeaderElection147] INFO  impl.LeaderElection (LogUtils.java:infoOrTrace(137)) -   Exception 0: java.util.concurrent.ExecutionException: org.apache.ratis.thirdparty.io.grpc.StatusRuntimeException: UNAVAILABLE: io exception
2022-02-10 01:13:21,911 [b5e3648f-7a5b-47b9-b395-902f94cfff62@group-43E760D8DF2C-LeaderElection147] INFO  impl.LeaderElection (LogUtils.java:infoOrTrace(137)) -   Exception 1: java.util.concurrent.ExecutionException: org.apache.ratis.thirdparty.io.grpc.StatusRuntimeException: UNAVAILABLE: io exception
2022-02-10 01:13:21,911 [b5e3648f-7a5b-47b9-b395-902f94cfff62@group-43E760D8DF2C-LeaderElection147] INFO  impl.LeaderElection (LeaderElection.java:askForVotes(308)) - b5e3648f-7a5b-47b9-b395-902f94cfff62@group-43E760D8DF2C-LeaderElection147 ELECTION round 0: result REJECTED
2022-02-10 01:13:21,911 [b5e3648f-7a5b-47b9-b395-902f94cfff62@group-43E760D8DF2C-LeaderElection147] INFO  server.RaftServer$Division (RaftServerImpl.java:setRole(290)) - b5e3648f-7a5b-47b9-b395-902f94cfff62@group-43E760D8DF2C: changes role from CANDIDATE to FOLLOWER at term 4 for REJECTED
2022-02-10 01:13:21,911 [b5e3648f-7a5b-47b9-b395-902f94cfff62@group-43E760D8DF2C-LeaderElection147] INFO  impl.RoleInfo (RoleInfo.java:shutdownLeaderElection(121)) - b5e3648f-7a5b-47b9-b395-902f94cfff62: shutdown b5e3648f-7a5b-47b9-b395-902f94cfff62@group-43E760D8DF2C-LeaderElection147
2022-02-10 01:13:21,911 [b5e3648f-7a5b-47b9-b395-902f94cfff62@group-43E760D8DF2C-LeaderElection147] INFO  impl.RoleInfo (RoleInfo.java:updateAndGet(130)) - b5e3648f-7a5b-47b9-b395-902f94cfff62: start b5e3648f-7a5b-47b9-b395-902f94cfff62@group-43E760D8DF2C-FollowerState
2022-02-10 01:13:25,051 [ForkJoinPool.commonPool-worker-0] INFO  ozoneimpl.OzoneContainer (OzoneContainer.java:stop(336)) - Attempting to stop container services.
2022-02-10 01:13:25,053 [ForkJoinPool.commonPool-worker-0] INFO  server.RaftServer (RaftServerProxy.java:lambda$close$6(391)) - b5e3648f-7a5b-47b9-b395-902f94cfff62: close
2022-02-10 01:13:25,053 [ForkJoinPool.commonPool-worker-0] INFO  server.RaftServer$Division (RaftServerImpl.java:lambda$close$4(412)) - b5e3648f-7a5b-47b9-b395-902f94cfff62@group-43E760D8DF2C: shutdown
2022-02-10 01:13:25,053 [ForkJoinPool.commonPool-worker-0] INFO  util.JmxRegister (JmxRegister.java:unregister(73)) - Successfully un-registered JMX Bean with object name Ratis:service=RaftServer,group=group-43E760D8DF2C,id=b5e3648f-7a5b-47b9-b395-902f94cfff62
2022-02-10 01:13:25,053 [ForkJoinPool.commonPool-worker-0] INFO  impl.RoleInfo (RoleInfo.java:shutdownFollowerState(108)) - b5e3648f-7a5b-47b9-b395-902f94cfff62: shutdown b5e3648f-7a5b-47b9-b395-902f94cfff62@group-43E760D8DF2C-FollowerState
2022-02-10 01:13:25,054 [ForkJoinPool.commonPool-worker-0] INFO  impl.StateMachineUpdater (StateMachineUpdater.java:stopAndJoin(149)) - b5e3648f-7a5b-47b9-b395-902f94cfff62@group-43E760D8DF2C-StateMachineUpdater: set stopIndex = 2
2022-02-10 01:13:25,054 [b5e3648f-7a5b-47b9-b395-902f94cfff62@group-43E760D8DF2C-StateMachineUpdater] INFO  ratis.ContainerStateMachine (ContainerStateMachine.java:takeSnapshot(299)) - group-43E760D8DF2C: Taking a snapshot at:(t:3, i:2) file /home/runner/work/ozone/ozone/hadoop-ozone/integration-test/target/test-dir/MiniOzoneClusterImpl-e606721f-d3d6-4f7c-a1dd-9481319356bd/datanode-2/data/ratis/9ba4163c-adbc-452d-ab09-43e760d8df2c/sm/snapshot.3_2
2022-02-10 01:13:25,054 [b5e3648f-7a5b-47b9-b395-902f94cfff62@group-43E760D8DF2C-FollowerState] INFO  impl.FollowerState (FollowerState.java:run(143)) - b5e3648f-7a5b-47b9-b395-902f94cfff62@group-43E760D8DF2C-FollowerState was interrupted: {}
java.lang.InterruptedException: sleep interrupted
	at java.lang.Thread.sleep(Native Method)
	at java.lang.Thread.sleep(Thread.java:340)
	at java.util.concurrent.TimeUnit.sleep(TimeUnit.java:386)
	at org.apache.ratis.util.TimeDuration.sleep(TimeDuration.java:324)
	at org.apache.ratis.util.TimeDuration.sleep(TimeDuration.java:309)
	at org.apache.ratis.server.impl.FollowerState.run(FollowerState.java:118)
2022-02-10 01:13:25,055 [b5e3648f-7a5b-47b9-b395-902f94cfff62@group-43E760D8DF2C-StateMachineUpdater] INFO  ratis.ContainerStateMachine (ContainerStateMachine.java:takeSnapshot(310)) - group-43E760D8DF2C: Finished taking a snapshot at:(t:3, i:2) file:/home/runner/work/ozone/ozone/hadoop-ozone/integration-test/target/test-dir/MiniOzoneClusterImpl-e606721f-d3d6-4f7c-a1dd-9481319356bd/datanode-2/data/ratis/9ba4163c-adbc-452d-ab09-43e760d8df2c/sm/snapshot.3_2 took: 2 ms
2022-02-10 01:13:25,056 [b5e3648f-7a5b-47b9-b395-902f94cfff62@group-43E760D8DF2C-StateMachineUpdater] INFO  impl.StateMachineUpdater (StateMachineUpdater.java:takeSnapshot(281)) - b5e3648f-7a5b-47b9-b395-902f94cfff62@group-43E760D8DF2C-StateMachineUpdater: Took a snapshot at index 2
2022-02-10 01:13:25,056 [b5e3648f-7a5b-47b9-b395-902f94cfff62@group-43E760D8DF2C-StateMachineUpdater] INFO  impl.StateMachineUpdater (StateMachineUpdater.java:lambda$new$0(89)) - b5e3648f-7a5b-47b9-b395-902f94cfff62@group-43E760D8DF2C-StateMachineUpdater: snapshotIndex: updateIncreasingly 0 -> 2
2022-02-10 01:13:25,056 [ForkJoinPool.commonPool-worker-0] INFO  server.RaftServer$Division (ServerState.java:close(419)) - b5e3648f-7a5b-47b9-b395-902f94cfff62@group-43E760D8DF2C: closes. applyIndex: 2
2022-02-10 01:13:25,056 [b5e3648f-7a5b-47b9-b395-902f94cfff62@group-43E760D8DF2C-SegmentedRaftLogWorker] INFO  segmented.SegmentedRaftLogWorker (SegmentedRaftLogWorker.java:run(327)) - b5e3648f-7a5b-47b9-b395-902f94cfff62@group-43E760D8DF2C-SegmentedRaftLogWorker was interrupted, exiting. There are 0 tasks remaining in the queue.
2022-02-10 01:13:25,068 [ForkJoinPool.commonPool-worker-0] INFO  segmented.SegmentedRaftLogWorker (SegmentedRaftLogWorker.java:close(237)) - b5e3648f-7a5b-47b9-b395-902f94cfff62@group-43E760D8DF2C-SegmentedRaftLogWorker close()
2022-02-10 01:13:25,071 [ForkJoinPool.commonPool-worker-0] INFO  server.RaftServer$Division (RaftServerImpl.java:lambda$close$4(412)) - b5e3648f-7a5b-47b9-b395-902f94cfff62@group-FA192D24AEA0: shutdown
2022-02-10 01:13:25,071 [ForkJoinPool.commonPool-worker-0] INFO  util.JmxRegister (JmxRegister.java:unregister(73)) - Successfully un-registered JMX Bean with object name Ratis:service=RaftServer,group=group-FA192D24AEA0,id=b5e3648f-7a5b-47b9-b395-902f94cfff62
2022-02-10 01:13:25,071 [ForkJoinPool.commonPool-worker-0] INFO  impl.RoleInfo (RoleInfo.java:shutdownLeaderState(91)) - b5e3648f-7a5b-47b9-b395-902f94cfff62: shutdown b5e3648f-7a5b-47b9-b395-902f94cfff62@group-FA192D24AEA0-LeaderStateImpl
2022-02-10 01:13:25,071 [ForkJoinPool.commonPool-worker-0] INFO  impl.PendingRequests (PendingRequests.java:sendNotLeaderResponses(282)) - b5e3648f-7a5b-47b9-b395-902f94cfff62@group-FA192D24AEA0-PendingRequests: sendNotLeaderResponses
2022-02-10 01:13:25,074 [ForkJoinPool.commonPool-worker-0] INFO  impl.StateMachineUpdater (StateMachineUpdater.java:stopAndJoin(149)) - b5e3648f-7a5b-47b9-b395-902f94cfff62@group-FA192D24AEA0-StateMachineUpdater: set stopIndex = 2
2022-02-10 01:13:25,075 [b5e3648f-7a5b-47b9-b395-902f94cfff62@group-FA192D24AEA0-StateMachineUpdater] INFO  ratis.ContainerStateMachine (ContainerStateMachine.java:takeSnapshot(299)) - group-FA192D24AEA0: Taking a snapshot at:(t:2, i:2) file /home/runner/work/ozone/ozone/hadoop-ozone/integration-test/target/test-dir/MiniOzoneClusterImpl-e606721f-d3d6-4f7c-a1dd-9481319356bd/datanode-2/data/ratis/088948ac-1406-4831-a8aa-fa192d24aea0/sm/snapshot.2_2
2022-02-10 01:13:25,077 [b5e3648f-7a5b-47b9-b395-902f94cfff62@group-FA192D24AEA0-StateMachineUpdater] INFO  ratis.ContainerStateMachine (ContainerStateMachine.java:takeSnapshot(310)) - group-FA192D24AEA0: Finished taking a snapshot at:(t:2, i:2) file:/home/runner/work/ozone/ozone/hadoop-ozone/integration-test/target/test-dir/MiniOzoneClusterImpl-e606721f-d3d6-4f7c-a1dd-9481319356bd/datanode-2/data/ratis/088948ac-1406-4831-a8aa-fa192d24aea0/sm/snapshot.2_2 took: 2 ms
2022-02-10 01:13:25,078 [b5e3648f-7a5b-47b9-b395-902f94cfff62@group-FA192D24AEA0-StateMachineUpdater] INFO  impl.StateMachineUpdater (StateMachineUpdater.java:takeSnapshot(281)) - b5e3648f-7a5b-47b9-b395-902f94cfff62@group-FA192D24AEA0-StateMachineUpdater: Took a snapshot at index 2
2022-02-10 01:13:25,078 [b5e3648f-7a5b-47b9-b395-902f94cfff62@group-FA192D24AEA0-StateMachineUpdater] INFO  impl.StateMachineUpdater (StateMachineUpdater.java:lambda$new$0(89)) - b5e3648f-7a5b-47b9-b395-902f94cfff62@group-FA192D24AEA0-StateMachineUpdater: snapshotIndex: updateIncreasingly 0 -> 2
2022-02-10 01:13:25,078 [ForkJoinPool.commonPool-worker-0] INFO  server.RaftServer$Division (ServerState.java:close(419)) - b5e3648f-7a5b-47b9-b395-902f94cfff62@group-FA192D24AEA0: closes. applyIndex: 2
2022-02-10 01:13:25,078 [b5e3648f-7a5b-47b9-b395-902f94cfff62@group-FA192D24AEA0-SegmentedRaftLogWorker] INFO  segmented.SegmentedRaftLogWorker (SegmentedRaftLogWorker.java:run(327)) - b5e3648f-7a5b-47b9-b395-902f94cfff62@group-FA192D24AEA0-SegmentedRaftLogWorker was interrupted, exiting. There are 0 tasks remaining in the queue.
2022-02-10 01:13:25,087 [ForkJoinPool.commonPool-worker-0] INFO  segmented.SegmentedRaftLogWorker (SegmentedRaftLogWorker.java:close(237)) - b5e3648f-7a5b-47b9-b395-902f94cfff62@group-FA192D24AEA0-SegmentedRaftLogWorker close()
2022-02-10 01:13:25,092 [ForkJoinPool.commonPool-worker-0] INFO  server.GrpcService (GrpcService.java:closeImpl(262)) - b5e3648f-7a5b-47b9-b395-902f94cfff62: shutdown server with port 37973 now
2022-02-10 01:13:25,104 [ForkJoinPool.commonPool-worker-0] INFO  server.GrpcService (GrpcService.java:closeImpl(271)) - b5e3648f-7a5b-47b9-b395-902f94cfff62: shutdown server with port 37973 successfully
2022-02-10 01:13:25,105 [org.apache.ratis.util.JvmPauseMonitor$$Lambda$545/583750557@86e9225] INFO  util.JvmPauseMonitor (JvmPauseMonitor.java:run(109)) - JvmPauseMonitor-b5e3648f-7a5b-47b9-b395-902f94cfff62: Stopped
2022-02-10 01:13:27,136 [ForkJoinPool.commonPool-worker-0] INFO  utils.BackgroundService (BackgroundService.java:shutdown(132)) - Shutting down service BlockDeletingService
2022-02-10 01:13:30,150 [ForkJoinPool.commonPool-worker-0] INFO  statemachine.DatanodeStateMachine (DatanodeStateMachine.java:stopDaemon(529)) - Ozone container server stopped.
2022-02-10 01:13:30,174 [ForkJoinPool.commonPool-worker-0] INFO  handler.ContextHandler (ContextHandler.java:doStop(1153)) - Stopped o.e.j.w.WebAppContext@23e95bb5{hddsDatanode,/,null,STOPPED}{jar:file:/home/runner/.m2/repository/org/apache/ozone/hdds-container-service/1.3.0-SNAPSHOT/hdds-container-service-1.3.0-SNAPSHOT.jar!/webapps/hddsDatanode}
2022-02-10 01:13:30,175 [ForkJoinPool.commonPool-worker-0] INFO  server.AbstractConnector (AbstractConnector.java:doStop(381)) - Stopped ServerConnector@31fe0abd{HTTP/1.1, (http/1.1)}{0.0.0.0:41505}
2022-02-10 01:13:30,175 [ForkJoinPool.commonPool-worker-0] INFO  server.session (HouseKeeper.java:stopScavenging(149)) - node0 Stopped scavenging
2022-02-10 01:13:30,187 [ForkJoinPool.commonPool-worker-0] INFO  handler.ContextHandler (ContextHandler.java:doStop(1153)) - Stopped o.e.j.s.ServletContextHandler@16d39a76{static,/static,jar:file:/home/runner/.m2/repository/org/apache/ozone/hdds-container-service/1.3.0-SNAPSHOT/hdds-container-service-1.3.0-SNAPSHOT.jar!/webapps/static,STOPPED}
2022-02-10 01:13:30,188 [ForkJoinPool.commonPool-worker-0] INFO  handler.ContextHandler (ContextHandler.java:doStop(1153)) - Stopped o.e.j.s.ServletContextHandler@62e621b4{logs,/logs,file:///home/runner/work/ozone/ozone/hadoop-ozone/integration-test/target/log,STOPPED}
2022-02-10 01:13:30,214 [Mini-Cluster-Provider-Reap] INFO  ozone.MiniOzoneClusterImpl (MiniOzoneClusterImpl.java:stopSCM(526)) - Stopping the StorageContainerManager
2022-02-10 01:13:30,214 [Mini-Cluster-Provider-Reap] INFO  server.StorageContainerManager (StorageContainerManager.java:stop(1390)) - Stopping Container Balancer service.
2022-02-10 01:13:30,214 [Mini-Cluster-Provider-Reap] INFO  balancer.ContainerBalancer (ContainerBalancer.java:stop(751)) - Container Balancer is not running.
2022-02-10 01:13:30,214 [Mini-Cluster-Provider-Reap] INFO  server.StorageContainerManager (StorageContainerManager.java:stop(1397)) - Stopping Replication Manager Service.
2022-02-10 01:13:30,214 [Mini-Cluster-Provider-Reap] INFO  container.ReplicationManager (ReplicationManager.java:stop(357)) - Stopping Replication Monitor Thread.
2022-02-10 01:13:30,214 [Mini-Cluster-Provider-Reap] INFO  server.StorageContainerManager (StorageContainerManager.java:stop(1404)) - Stopping the Datanode Admin Monitor.
2022-02-10 01:13:30,214 [Mini-Cluster-Provider-Reap] INFO  server.StorageContainerManager (StorageContainerManager.java:stop(1411)) - Stopping Lease Manager of the command watchers
2022-02-10 01:13:30,214 [Mini-Cluster-Provider-Reap] INFO  server.StorageContainerManager (StorageContainerManager.java:stop(1418)) - Stopping datanode service RPC server
2022-02-10 01:13:30,214 [Mini-Cluster-Provider-Reap] INFO  server.SCMDatanodeProtocolServer (SCMDatanodeProtocolServer.java:stop(390)) - Stopping the RPC server for DataNodes
2022-02-10 01:13:30,231 [Mini-Cluster-Provider-Reap] INFO  ipc.Server (Server.java:stop(3414)) - Stopping server on 43859
2022-02-10 01:13:30,235 [IPC Server Responder] INFO  ipc.Server (Server.java:run(1512)) - Stopping IPC Server Responder
2022-02-10 01:13:30,237 [IPC Server listener on 0] INFO  ipc.Server (Server.java:run(1376)) - Stopping IPC Server listener on 0
2022-02-10 01:13:30,257 [SCM Heartbeat Processing Thread - 0] WARN  node.NodeStateManager (NodeStateManager.java:scheduleNextHealthCheck(799)) - Current Thread is interrupted, shutting down HB processing thread for Node Manager.
2022-02-10 01:13:30,258 [Mini-Cluster-Provider-Reap] INFO  server.StorageContainerManager (StorageContainerManager.java:stop(1426)) - Stopping block service RPC server
2022-02-10 01:13:30,258 [Mini-Cluster-Provider-Reap] INFO  server.SCMBlockProtocolServer (SCMBlockProtocolServer.java:stop(160)) - Stopping the RPC server for Block Protocol
2022-02-10 01:13:30,279 [Mini-Cluster-Provider-Reap] INFO  ipc.Server (Server.java:stop(3414)) - Stopping server on 44913
2022-02-10 01:13:30,311 [IPC Server listener on 0] INFO  ipc.Server (Server.java:run(1376)) - Stopping IPC Server listener on 0
2022-02-10 01:13:30,339 [Mini-Cluster-Provider-Reap] INFO  server.StorageContainerManager (StorageContainerManager.java:stop(1433)) - Stopping the StorageContainerLocationProtocol RPC server
2022-02-10 01:13:30,339 [Mini-Cluster-Provider-Reap] INFO  server.SCMClientProtocolServer (SCMClientProtocolServer.java:stop(174)) - Stopping the RPC server for Client Protocol
2022-02-10 01:13:30,339 [IPC Server Responder] INFO  ipc.Server (Server.java:run(1512)) - Stopping IPC Server Responder
2022-02-10 01:13:30,351 [Mini-Cluster-Provider-Reap] INFO  ipc.Server (Server.java:stop(3414)) - Stopping server on 33737
2022-02-10 01:13:30,383 [Mini-Cluster-Provider-Reap] INFO  server.StorageContainerManager (StorageContainerManager.java:stop(1440)) - Stopping Storage Container Manager HTTP server.
2022-02-10 01:13:30,383 [Mini-Cluster-Provider-Reap] INFO  handler.ContextHandler (ContextHandler.java:doStop(1153)) - Stopped o.e.j.w.WebAppContext@48259775{scm,/,null,STOPPED}{file:/home/runner/work/ozone/ozone/hadoop-ozone/integration-test/target/test-classes/webapps/scm}
2022-02-10 01:13:30,383 [IPC Server listener on 0] INFO  ipc.Server (Server.java:run(1376)) - Stopping IPC Server listener on 0
2022-02-10 01:13:30,384 [IPC Server Responder] INFO  ipc.Server (Server.java:run(1512)) - Stopping IPC Server Responder
2022-02-10 01:13:30,408 [Mini-Cluster-Provider-Reap] INFO  server.AbstractConnector (AbstractConnector.java:doStop(381)) - Stopped ServerConnector@766a7f7e{HTTP/1.1, (http/1.1)}{0.0.0.0:0}
2022-02-10 01:13:30,408 [Mini-Cluster-Provider-Reap] INFO  server.session (HouseKeeper.java:stopScavenging(149)) - node0 Stopped scavenging
2022-02-10 01:13:30,408 [Mini-Cluster-Provider-Reap] INFO  handler.ContextHandler (ContextHandler.java:doStop(1153)) - Stopped o.e.j.s.ServletContextHandler@137976e8{static,/static,file:///home/runner/work/ozone/ozone/hadoop-ozone/integration-test/target/test-classes/webapps/static,STOPPED}
2022-02-10 01:13:30,408 [Mini-Cluster-Provider-Reap] INFO  handler.ContextHandler (ContextHandler.java:doStop(1153)) - Stopped o.e.j.s.ServletContextHandler@367e82da{logs,/logs,file:///home/runner/work/ozone/ozone/hadoop-ozone/integration-test/target/log,STOPPED}
2022-02-10 01:13:30,416 [Mini-Cluster-Provider-Reap] INFO  server.StorageContainerManager (StorageContainerManager.java:stop(1451)) - Stopping Block Manager Service.
2022-02-10 01:13:30,416 [Mini-Cluster-Provider-Reap] INFO  utils.BackgroundService (BackgroundService.java:shutdown(132)) - Shutting down service SCMBlockDeletingService
2022-02-10 01:13:30,416 [Mini-Cluster-Provider-Reap] INFO  utils.BackgroundService (BackgroundService.java:shutdown(132)) - Shutting down service SCMBlockDeletingService
2022-02-10 01:13:30,416 [Mini-Cluster-Provider-Reap] INFO  server.StorageContainerManager (StorageContainerManager.java:stop(1478)) - Stopping SCM Event Queue.
2022-02-10 01:13:30,417 [Mini-Cluster-Provider-Reap] INFO  server.StorageContainerManager (StorageContainerManager.java:stop(1489)) - Stopping SCM HA services.
2022-02-10 01:13:30,417 [Mini-Cluster-Provider-Reap] INFO  pipeline.BackgroundPipelineCreator (BackgroundPipelineCreator.java:stop(158)) - Stopping RatisPipelineUtilsThread.
2022-02-10 01:13:30,418 [Mini-Cluster-Provider-Reap] INFO  server.StorageContainerManager (StorageContainerManager.java:stop(1499)) - Stopping SCM MetadataStore.
2022-02-10 01:13:30,430 [Mini-Cluster-Provider-Reap] INFO  impl.MetricsSystemImpl (MetricsSystemImpl.java:stop(210)) - Stopping HddsDatanode metrics system...
2022-02-10 01:13:30,432 [prometheus] INFO  impl.MetricsSinkAdapter (MetricsSinkAdapter.java:publishMetricsFromQueue(141)) - prometheus thread interrupted.
2022-02-10 01:13:30,469 [Mini-Cluster-Provider-Reap] INFO  impl.MetricsSystemImpl (MetricsSystemImpl.java:stop(216)) - HddsDatanode metrics system stopped.
]]></system-out>
  </testcase>
</testsuite>