<?xml version="1.0" encoding="UTF-8"?>
<testsuite xmlns:xsi="http://www.w3.org/2001/XMLSchema-instance" xsi:noNamespaceSchemaLocation="https://maven.apache.org/surefire/maven-surefire-plugin/xsd/surefire-test-report-3.0.xsd" version="3.0" name="org.apache.hadoop.fs.ozone.TestOzoneFileSystemWithFSO" time="76.802" tests="106" errors="0" skipped="10" failures="1">
  <properties>
    <property name="awt.toolkit" value="sun.awt.X11.XToolkit"/>
    <property name="file.encoding.pkg" value="sun.io"/>
    <property name="java.specification.version" value="1.8"/>
    <property name="sun.cpu.isalist" value=""/>
    <property name="sun.jnu.encoding" value="UTF-8"/>
    <property name="gradle.enterprise.listener.surefire.forkId" value="1"/>
    <property name="java.class.path" value="/home/runner/work/ozone/ozone/hadoop-ozone/integration-test/target/test-classes:/home/runner/work/ozone/ozone/hadoop-ozone/integration-test/target/classes:/home/runner/.m2/repository/org/apache/ozone/ozone-common/1.4.0-SNAPSHOT/ozone-common-1.4.0-SNAPSHOT.jar:/home/runner/.m2/repository/io/grpc/grpc-netty/1.51.1/grpc-netty-1.51.1.jar:/home/runner/.m2/repository/io/grpc/grpc-core/1.51.1/grpc-core-1.51.1.jar:/home/runner/.m2/repository/com/google/android/annotations/4.1.1.4/annotations-4.1.1.4.jar:/home/runner/.m2/repository/org/codehaus/mojo/animal-sniffer-annotations/1.21/animal-sniffer-annotations-1.21.jar:/home/runner/.m2/repository/com/google/errorprone/error_prone_annotations/2.2.0/error_prone_annotations-2.2.0.jar:/home/runner/.m2/repository/io/perfmark/perfmark-api/0.25.0/perfmark-api-0.25.0.jar:/home/runner/.m2/repository/io/netty/netty-codec-http2/4.1.100.Final/netty-codec-http2-4.1.100.Final.jar:/home/runner/.m2/repository/io/netty/netty-common/4.1.100.Final/netty-common-4.1.100.Final.jar:/home/runner/.m2/repository/io/netty/netty-buffer/4.1.100.Final/netty-buffer-4.1.100.Final.jar:/home/runner/.m2/repository/io/netty/netty-codec-http/4.1.100.Final/netty-codec-http-4.1.100.Final.jar:/home/runner/.m2/repository/io/netty/netty-handler-proxy/4.1.100.Final/netty-handler-proxy-4.1.100.Final.jar:/home/runner/.m2/repository/io/netty/netty-codec-socks/4.1.100.Final/netty-codec-socks-4.1.100.Final.jar:/home/runner/.m2/repository/io/netty/netty-tcnative-boringssl-static/2.0.61.Final/netty-tcnative-boringssl-static-2.0.61.Final.jar:/home/runner/.m2/repository/io/netty/netty-tcnative-classes/2.0.61.Final/netty-tcnative-classes-2.0.61.Final.jar:/home/runner/.m2/repository/io/netty/netty-tcnative-boringssl-static/2.0.61.Final/netty-tcnative-boringssl-static-2.0.61.Final-linux-x86_64.jar:/home/runner/.m2/repository/io/netty/netty-tcnative-boringssl-static/2.0.61.Final/netty-tcnative-boringssl-static-2.0.61.Final-linux-aarch_64.jar:/home/runner/.m2/repository/io/netty/netty-tcnative-boringssl-static/2.0.61.Final/netty-tcnative-boringssl-static-2.0.61.Final-osx-x86_64.jar:/home/runner/.m2/repository/io/netty/netty-tcnative-boringssl-static/2.0.61.Final/netty-tcnative-boringssl-static-2.0.61.Final-osx-aarch_64.jar:/home/runner/.m2/repository/io/netty/netty-tcnative-boringssl-static/2.0.61.Final/netty-tcnative-boringssl-static-2.0.61.Final-windows-x86_64.jar:/home/runner/.m2/repository/org/apache/commons/commons-compress/1.21/commons-compress-1.21.jar:/home/runner/.m2/repository/org/apache/ozone/hdds-common/1.4.0-SNAPSHOT/hdds-common-1.4.0-SNAPSHOT.jar:/home/runner/.m2/repository/org/apache/ozone/hdds-client/1.4.0-SNAPSHOT/hdds-client-1.4.0-SNAPSHOT.jar:/home/runner/.m2/repository/org/apache/ozone/ozone-interface-client/1.4.0-SNAPSHOT/ozone-interface-client-1.4.0-SNAPSHOT.jar:/home/runner/.m2/repository/org/apache/hadoop/hadoop-hdfs-client/3.3.6/hadoop-hdfs-client-3.3.6.jar:/home/runner/.m2/repository/com/squareup/okhttp3/okhttp/4.9.3/okhttp-4.9.3.jar:/home/runner/.m2/repository/com/squareup/okio/okio/3.4.0/okio-3.4.0.jar:/home/runner/.m2/repository/com/squareup/okio/okio-jvm/3.4.0/okio-jvm-3.4.0.jar:/home/runner/.m2/repository/org/jetbrains/kotlin/kotlin-stdlib-jdk8/1.8.0/kotlin-stdlib-jdk8-1.8.0.jar:/home/runner/.m2/repository/org/jetbrains/kotlin/kotlin-stdlib-jdk7/1.8.0/kotlin-stdlib-jdk7-1.8.0.jar:/home/runner/.m2/repository/org/jetbrains/kotlin/kotlin-stdlib-common/1.6.21/kotlin-stdlib-common-1.6.21.jar:/home/runner/.m2/repository/org/apache/ozone/hdds-test-utils/1.4.0-SNAPSHOT/hdds-test-utils-1.4.0-SNAPSHOT.jar:/home/runner/.m2/repository/com/google/guava/guava/32.0.0-jre/guava-32.0.0-jre.jar:/home/runner/.m2/repository/com/google/guava/failureaccess/1.0.1/failureaccess-1.0.1.jar:/home/runner/.m2/repository/com/google/guava/listenablefuture/9999.0-empty-to-avoid-conflict-with-guava/listenablefuture-9999.0-empty-to-avoid-conflict-with-guava.jar:/home/runner/.m2/repository/com/google/code/findbugs/jsr305/3.0.0/jsr305-3.0.0.jar:/home/runner/.m2/repository/org/checkerframework/checker-qual/3.33.0/checker-qual-3.33.0.jar:/home/runner/.m2/repository/com/google/j2objc/j2objc-annotations/2.8/j2objc-annotations-2.8.jar:/home/runner/.m2/repository/commons-io/commons-io/2.11.0/commons-io-2.11.0.jar:/home/runner/.m2/repository/commons-logging/commons-logging/1.2/commons-logging-1.2.jar:/home/runner/.m2/repository/ch/qos/reload4j/reload4j/1.2.22/reload4j-1.2.22.jar:/home/runner/.m2/repository/org/slf4j/slf4j-api/1.7.36/slf4j-api-1.7.36.jar:/home/runner/.m2/repository/org/apache/logging/log4j/log4j-api/2.17.1/log4j-api-2.17.1.jar:/home/runner/.m2/repository/org/apache/ozone/hdds-server-scm/1.4.0-SNAPSHOT/hdds-server-scm-1.4.0-SNAPSHOT.jar:/home/runner/.m2/repository/org/apache/ozone/hdds-container-service/1.4.0-SNAPSHOT/hdds-container-service-1.4.0-SNAPSHOT.jar:/home/runner/.m2/repository/org/apache/ozone/hdds-hadoop-dependency-server/1.4.0-SNAPSHOT/hdds-hadoop-dependency-server-1.4.0-SNAPSHOT.jar:/home/runner/.m2/repository/org/apache/hadoop/hadoop-hdfs/3.3.6/hadoop-hdfs-3.3.6.jar:/home/runner/.m2/repository/commons-daemon/commons-daemon/1.0.13/commons-daemon-1.0.13.jar:/home/runner/.m2/repository/org/apache/ozone/hdds-server-framework/1.4.0-SNAPSHOT/hdds-server-framework-1.4.0-SNAPSHOT.jar:/home/runner/.m2/repository/io/dropwizard/metrics/metrics-core/3.2.4/metrics-core-3.2.4.jar:/home/runner/.m2/repository/org/apache/commons/commons-text/1.10.0/commons-text-1.10.0.jar:/home/runner/.m2/repository/org/bouncycastle/bcprov-jdk15on/1.67/bcprov-jdk15on-1.67.jar:/home/runner/.m2/repository/com/google/protobuf/protobuf-java/2.5.0/protobuf-java-2.5.0.jar:/home/runner/.m2/repository/org/apache/ozone/hdds-server-framework/1.4.0-SNAPSHOT/hdds-server-framework-1.4.0-SNAPSHOT-tests.jar:/home/runner/.m2/repository/org/apache/ozone/hdds-interface-server/1.4.0-SNAPSHOT/hdds-interface-server-1.4.0-SNAPSHOT.jar:/home/runner/.m2/repository/org/apache/ozone/hdds-interface-admin/1.4.0-SNAPSHOT/hdds-interface-admin-1.4.0-SNAPSHOT.jar:/home/runner/.m2/repository/org/apache/ozone/hdds-managed-rocksdb/1.4.0-SNAPSHOT/hdds-managed-rocksdb-1.4.0-SNAPSHOT.jar:/home/runner/.m2/repository/org/rocksdb/rocksdbjni/7.7.3/rocksdbjni-7.7.3.jar:/home/runner/.m2/repository/org/slf4j/slf4j-reload4j/1.7.36/slf4j-reload4j-1.7.36.jar:/home/runner/.m2/repository/org/apache/commons/commons-configuration2/2.1.1/commons-configuration2-2.1.1.jar:/home/runner/.m2/repository/commons-fileupload/commons-fileupload/1.5/commons-fileupload-1.5.jar:/home/runner/.m2/repository/org/apache/logging/log4j/log4j-core/2.17.1/log4j-core-2.17.1.jar:/home/runner/.m2/repository/com/lmax/disruptor/3.4.2/disruptor-3.4.2.jar:/home/runner/.m2/repository/org/eclipse/jetty/jetty-util/9.4.53.v20231009/jetty-util-9.4.53.v20231009.jar:/home/runner/.m2/repository/org/eclipse/jetty/jetty-server/9.4.53.v20231009/jetty-server-9.4.53.v20231009.jar:/home/runner/.m2/repository/org/eclipse/jetty/jetty-http/9.4.53.v20231009/jetty-http-9.4.53.v20231009.jar:/home/runner/.m2/repository/org/eclipse/jetty/jetty-io/9.4.53.v20231009/jetty-io-9.4.53.v20231009.jar:/home/runner/.m2/repository/org/eclipse/jetty/jetty-servlet/9.4.53.v20231009/jetty-servlet-9.4.53.v20231009.jar:/home/runner/.m2/repository/org/eclipse/jetty/jetty-security/9.4.53.v20231009/jetty-security-9.4.53.v20231009.jar:/home/runner/.m2/repository/org/eclipse/jetty/jetty-util-ajax/9.4.53.v20231009/jetty-util-ajax-9.4.53.v20231009.jar:/home/runner/.m2/repository/org/eclipse/jetty/jetty-webapp/9.4.53.v20231009/jetty-webapp-9.4.53.v20231009.jar:/home/runner/.m2/repository/org/eclipse/jetty/jetty-xml/9.4.53.v20231009/jetty-xml-9.4.53.v20231009.jar:/home/runner/.m2/repository/org/apache/ratis/ratis-server/2.5.1/ratis-server-2.5.1.jar:/home/runner/.m2/repository/org/apache/ratis/ratis-thirdparty-misc/1.0.4/ratis-thirdparty-misc-1.0.4.jar:/home/runner/.m2/repository/org/apache/ratis/ratis-proto/2.5.1/ratis-proto-2.5.1.jar:/home/runner/.m2/repository/org/apache/ratis/ratis-common/2.5.1/ratis-common-2.5.1.jar:/home/runner/.m2/repository/org/apache/ratis/ratis-client/2.5.1/ratis-client-2.5.1.jar:/home/runner/.m2/repository/org/apache/ratis/ratis-server-api/2.5.1/ratis-server-api-2.5.1.jar:/home/runner/.m2/repository/org/apache/ratis/ratis-metrics/2.5.1/ratis-metrics-2.5.1.jar:/home/runner/.m2/repository/io/prometheus/simpleclient_dropwizard/0.7.0/simpleclient_dropwizard-0.7.0.jar:/home/runner/.m2/repository/io/prometheus/simpleclient/0.7.0/simpleclient-0.7.0.jar:/home/runner/.m2/repository/io/prometheus/simpleclient_common/0.7.0/simpleclient_common-0.7.0.jar:/home/runner/.m2/repository/com/fasterxml/jackson/datatype/jackson-datatype-jsr310/2.13.4/jackson-datatype-jsr310-2.13.4.jar:/home/runner/.m2/repository/com/fasterxml/jackson/core/jackson-core/2.13.4/jackson-core-2.13.4.jar:/home/runner/.m2/repository/com/github/spotbugs/spotbugs-annotations/3.1.12/spotbugs-annotations-3.1.12.jar:/home/runner/.m2/repository/org/apache/ozone/rocksdb-checkpoint-differ/1.4.0-SNAPSHOT/rocksdb-checkpoint-differ-1.4.0-SNAPSHOT.jar:/home/runner/.m2/repository/org/jgrapht/jgrapht-core/1.0.1/jgrapht-core-1.0.1.jar:/home/runner/.m2/repository/org/jgrapht/jgrapht-ext/1.0.1/jgrapht-ext-1.0.1.jar:/home/runner/.m2/repository/org/tinyjee/jgraphx/jgraphx/2.0.0.1/jgraphx-2.0.0.1.jar:/home/runner/.m2/repository/jgraph/jgraph/5.13.0.0/jgraph-5.13.0.0.jar:/home/runner/.m2/repository/org/antlr/antlr4-runtime/4.5.3/antlr4-runtime-4.5.3.jar:/home/runner/.m2/repository/org/awaitility/awaitility/4.2.0/awaitility-4.2.0.jar:/home/runner/.m2/repository/org/hamcrest/hamcrest/2.1/hamcrest-2.1.jar:/home/runner/.m2/repository/org/apache/ozone/ozone-manager/1.4.0-SNAPSHOT/ozone-manager-1.4.0-SNAPSHOT.jar:/home/runner/.m2/repository/org/aspectj/aspectjrt/1.9.7/aspectjrt-1.9.7.jar:/home/runner/.m2/repository/org/aspectj/aspectjweaver/1.9.7/aspectjweaver-1.9.7.jar:/home/runner/.m2/repository/org/apache/ozone/hdds-interface-client/1.4.0-SNAPSHOT/hdds-interface-client-1.4.0-SNAPSHOT.jar:/home/runner/.m2/repository/org/apache/hadoop/thirdparty/hadoop-shaded-protobuf_3_7/1.1.1/hadoop-shaded-protobuf_3_7-1.1.1.jar:/home/runner/.m2/repository/org/apache/ozone/ozone-interface-storage/1.4.0-SNAPSHOT/ozone-interface-storage-1.4.0-SNAPSHOT.jar:/home/runner/.m2/repository/org/reflections/reflections/0.9.11/reflections-0.9.11.jar:/home/runner/.m2/repository/com/sun/jersey/jersey-client/1.19/jersey-client-1.19.jar:/home/runner/.m2/repository/org/codehaus/jackson/jackson-core-asl/1.9.13/jackson-core-asl-1.9.13.jar:/home/runner/.m2/repository/org/codehaus/jackson/jackson-mapper-asl/1.9.13/jackson-mapper-asl-1.9.13.jar:/home/runner/.m2/repository/org/codehaus/jackson/jackson-jaxrs/1.9.13/jackson-jaxrs-1.9.13.jar:/home/runner/.m2/repository/org/apache/ranger/ranger-intg/2.3.0/ranger-intg-2.3.0.jar:/home/runner/.m2/repository/org/apache/ranger/ranger-plugins-common/2.3.0/ranger-plugins-common-2.3.0.jar:/home/runner/.m2/repository/commons-lang/commons-lang/2.6/commons-lang-2.6.jar:/home/runner/.m2/repository/org/apache/ranger/ranger-plugins-cred/2.3.0/ranger-plugins-cred-2.3.0.jar:/home/runner/.m2/repository/org/apache/ranger/ranger-plugins-audit/2.3.0/ranger-plugins-audit-2.3.0.jar:/home/runner/.m2/repository/org/eclipse/jetty/jetty-client/9.4.53.v20231009/jetty-client-9.4.53.v20231009.jar:/home/runner/.m2/repository/org/apache/httpcomponents/httpmime/4.5.6/httpmime-4.5.6.jar:/home/runner/.m2/repository/org/apache/httpcomponents/httpcore-nio/4.4.13/httpcore-nio-4.4.13.jar:/home/runner/.m2/repository/org/apache/httpcomponents/httpasyncclient/4.1.3/httpasyncclient-4.1.3.jar:/home/runner/.m2/repository/com/carrotsearch/hppc/0.8.0/hppc-0.8.0.jar:/home/runner/.m2/repository/org/apache/orc/orc-core/1.5.8/orc-core-1.5.8.jar:/home/runner/.m2/repository/net/java/dev/jna/jna/5.2.0/jna-5.2.0.jar:/home/runner/.m2/repository/net/java/dev/jna/jna-platform/5.2.0/jna-platform-5.2.0.jar:/home/runner/.m2/repository/com/kstruct/gethostname4j/0.0.2/gethostname4j-0.0.2.jar:/home/runner/.m2/repository/org/apache/ranger/ranger-plugin-classloader/2.3.0/ranger-plugin-classloader-2.3.0.jar:/home/runner/.m2/repository/org/apache/ozone/hdds-rocks-native/1.4.0-SNAPSHOT/hdds-rocks-native-1.4.0-SNAPSHOT.jar:/home/runner/.m2/repository/org/apache/hadoop/hadoop-minikdc/3.3.6/hadoop-minikdc-3.3.6.jar:/home/runner/.m2/repository/org/apache/kerby/kerb-simplekdc/1.0.1/kerb-simplekdc-1.0.1.jar:/home/runner/.m2/repository/org/apache/kerby/kerb-client/1.0.1/kerb-client-1.0.1.jar:/home/runner/.m2/repository/org/apache/kerby/kerby-config/1.0.1/kerby-config-1.0.1.jar:/home/runner/.m2/repository/org/apache/kerby/kerb-common/1.0.1/kerb-common-1.0.1.jar:/home/runner/.m2/repository/org/apache/kerby/kerb-crypto/1.0.1/kerb-crypto-1.0.1.jar:/home/runner/.m2/repository/org/apache/kerby/kerb-util/1.0.1/kerb-util-1.0.1.jar:/home/runner/.m2/repository/org/apache/kerby/token-provider/1.0.1/token-provider-1.0.1.jar:/home/runner/.m2/repository/org/apache/kerby/kerb-admin/1.0.1/kerb-admin-1.0.1.jar:/home/runner/.m2/repository/org/apache/kerby/kerb-server/1.0.1/kerb-server-1.0.1.jar:/home/runner/.m2/repository/org/apache/kerby/kerb-identity/1.0.1/kerb-identity-1.0.1.jar:/home/runner/.m2/repository/org/apache/kerby/kerby-xdr/1.0.1/kerby-xdr-1.0.1.jar:/home/runner/.m2/repository/org/apache/ozone/ozone-s3gateway/1.4.0-SNAPSHOT/ozone-s3gateway-1.4.0-SNAPSHOT.jar:/home/runner/.m2/repository/org/javassist/javassist/3.21.0-GA/javassist-3.21.0-GA.jar:/home/runner/.m2/repository/org/jboss/weld/servlet/weld-servlet-shaded/3.1.9.Final/weld-servlet-shaded-3.1.9.Final.jar:/home/runner/.m2/repository/org/glassfish/jersey/containers/jersey-container-servlet-core/2.34/jersey-container-servlet-core-2.34.jar:/home/runner/.m2/repository/org/glassfish/hk2/external/jakarta.inject/2.6.1/jakarta.inject-2.6.1.jar:/home/runner/.m2/repository/org/glassfish/jersey/core/jersey-common/2.34/jersey-common-2.34.jar:/home/runner/.m2/repository/jakarta/ws/rs/jakarta.ws.rs-api/2.1.6/jakarta.ws.rs-api-2.1.6.jar:/home/runner/.m2/repository/org/glassfish/jersey/ext/cdi/jersey-cdi1x/2.34/jersey-cdi1x-2.34.jar:/home/runner/.m2/repository/org/glassfish/jersey/inject/jersey-hk2/2.34/jersey-hk2-2.34.jar:/home/runner/.m2/repository/org/glassfish/hk2/hk2-locator/2.6.1/hk2-locator-2.6.1.jar:/home/runner/.m2/repository/org/glassfish/jersey/media/jersey-media-jaxb/2.34/jersey-media-jaxb-2.34.jar:/home/runner/.m2/repository/org/glassfish/hk2/osgi-resource-locator/1.0.3/osgi-resource-locator-1.0.3.jar:/home/runner/.m2/repository/org/glassfish/hk2/hk2-api/2.5.0/hk2-api-2.5.0.jar:/home/runner/.m2/repository/org/glassfish/hk2/hk2-utils/2.5.0/hk2-utils-2.5.0.jar:/home/runner/.m2/repository/org/glassfish/hk2/external/aopalliance-repackaged/2.5.0/aopalliance-repackaged-2.5.0.jar:/home/runner/.m2/repository/com/fasterxml/jackson/dataformat/jackson-dataformat-xml/2.13.4/jackson-dataformat-xml-2.13.4.jar:/home/runner/.m2/repository/org/codehaus/woodstox/stax2-api/4.2.1/stax2-api-4.2.1.jar:/home/runner/.m2/repository/com/fasterxml/woodstox/woodstox-core/5.4.0/woodstox-core-5.4.0.jar:/home/runner/.m2/repository/com/fasterxml/jackson/module/jackson-module-jaxb-annotations/2.13.4/jackson-module-jaxb-annotations-2.13.4.jar:/home/runner/.m2/repository/jakarta/xml/bind/jakarta.xml.bind-api/2.3.3/jakarta.xml.bind-api-2.3.3.jar:/home/runner/.m2/repository/jakarta/activation/jakarta.activation-api/1.2.2/jakarta.activation-api-1.2.2.jar:/home/runner/.m2/repository/javax/enterprise/cdi-api/2.0/cdi-api-2.0.jar:/home/runner/.m2/repository/javax/el/javax.el-api/3.0.0/javax.el-api-3.0.0.jar:/home/runner/.m2/repository/javax/interceptor/javax.interceptor-api/1.2/javax.interceptor-api-1.2.jar:/home/runner/.m2/repository/javax/inject/javax.inject/1/javax.inject-1.jar:/home/runner/.m2/repository/javax/xml/bind/jaxb-api/2.3.0/jaxb-api-2.3.0.jar:/home/runner/.m2/repository/org/glassfish/jaxb/jaxb-runtime/2.3.0.1/jaxb-runtime-2.3.0.1.jar:/home/runner/.m2/repository/org/glassfish/jaxb/jaxb-core/2.3.0.1/jaxb-core-2.3.0.1.jar:/home/runner/.m2/repository/org/glassfish/jaxb/txw2/2.3.0.1/txw2-2.3.0.1.jar:/home/runner/.m2/repository/com/sun/istack/istack-commons-runtime/3.0.5/istack-commons-runtime-3.0.5.jar:/home/runner/.m2/repository/org/jvnet/staxex/stax-ex/1.7.8/stax-ex-1.7.8.jar:/home/runner/.m2/repository/com/sun/xml/fastinfoset/FastInfoset/1.2.13/FastInfoset-1.2.13.jar:/home/runner/.m2/repository/javax/activation/activation/1.1.1/activation-1.1.1.jar:/home/runner/.m2/repository/io/grpc/grpc-protobuf/1.51.1/grpc-protobuf-1.51.1.jar:/home/runner/.m2/repository/com/google/api/grpc/proto-google-common-protos/2.9.0/proto-google-common-protos-2.9.0.jar:/home/runner/.m2/repository/io/grpc/grpc-protobuf-lite/1.51.1/grpc-protobuf-lite-1.51.1.jar:/home/runner/.m2/repository/io/grpc/grpc-stub/1.51.1/grpc-stub-1.51.1.jar:/home/runner/.m2/repository/io/netty/netty-transport/4.1.100.Final/netty-transport-4.1.100.Final.jar:/home/runner/.m2/repository/io/netty/netty-resolver/4.1.100.Final/netty-resolver-4.1.100.Final.jar:/home/runner/.m2/repository/org/apache/ozone/ozone-csi/1.4.0-SNAPSHOT/ozone-csi-1.4.0-SNAPSHOT.jar:/home/runner/.m2/repository/com/google/protobuf/protobuf-java-util/3.19.6/protobuf-java-util-3.19.6.jar:/home/runner/.m2/repository/com/google/code/gson/gson/2.9.0/gson-2.9.0.jar:/home/runner/.m2/repository/org/apache/ozone/hdds-config/1.4.0-SNAPSHOT/hdds-config-1.4.0-SNAPSHOT.jar:/home/runner/.m2/repository/io/netty/netty-transport-native-epoll/4.1.100.Final/netty-transport-native-epoll-4.1.100.Final-linux-x86_64.jar:/home/runner/.m2/repository/io/netty/netty-transport-classes-epoll/4.1.100.Final/netty-transport-classes-epoll-4.1.100.Final.jar:/home/runner/.m2/repository/io/netty/netty-transport-native-unix-common/4.1.100.Final/netty-transport-native-unix-common-4.1.100.Final.jar:/home/runner/.m2/repository/org/apache/ozone/ozone-recon/1.4.0-SNAPSHOT/ozone-recon-1.4.0-SNAPSHOT.jar:/home/runner/.m2/repository/org/apache/ozone/ozone-reconcodegen/1.4.0-SNAPSHOT/ozone-reconcodegen-1.4.0-SNAPSHOT.jar:/home/runner/.m2/repository/com/google/inject/guice/5.1.0/guice-5.1.0.jar:/home/runner/.m2/repository/aopalliance/aopalliance/1.0/aopalliance-1.0.jar:/home/runner/.m2/repository/com/google/inject/extensions/guice-assistedinject/5.1.0/guice-assistedinject-5.1.0.jar:/home/runner/.m2/repository/com/google/inject/extensions/guice-servlet/5.1.0/guice-servlet-5.1.0.jar:/home/runner/.m2/repository/org/glassfish/jersey/containers/jersey-container-servlet/2.34/jersey-container-servlet-2.34.jar:/home/runner/.m2/repository/org/glassfish/hk2/guice-bridge/2.5.0/guice-bridge-2.5.0.jar:/home/runner/.m2/repository/org/glassfish/jersey/core/jersey-server/2.34/jersey-server-2.34.jar:/home/runner/.m2/repository/org/glassfish/jersey/core/jersey-client/2.34/jersey-client-2.34.jar:/home/runner/.m2/repository/jakarta/annotation/jakarta.annotation-api/1.3.5/jakarta.annotation-api-1.3.5.jar:/home/runner/.m2/repository/jakarta/validation/jakarta.validation-api/2.0.2/jakarta.validation-api-2.0.2.jar:/home/runner/.m2/repository/org/glassfish/jersey/media/jersey-media-json-jackson/2.34/jersey-media-json-jackson-2.34.jar:/home/runner/.m2/repository/org/glassfish/jersey/ext/jersey-entity-filtering/2.34/jersey-entity-filtering-2.34.jar:/home/runner/.m2/repository/org/jooq/jooq/3.11.10/jooq-3.11.10.jar:/home/runner/.m2/repository/org/jooq/jooq-meta/3.11.10/jooq-meta-3.11.10.jar:/home/runner/.m2/repository/org/jooq/jooq-codegen/3.11.10/jooq-codegen-3.11.10.jar:/home/runner/.m2/repository/com/jolbox/bonecp/0.8.0.RELEASE/bonecp-0.8.0.RELEASE.jar:/home/runner/.m2/repository/org/apache/derby/derby/10.14.2.0/derby-10.14.2.0.jar:/home/runner/.m2/repository/org/xerial/sqlite-jdbc/3.41.2.2/sqlite-jdbc-3.41.2.2.jar:/home/runner/.m2/repository/org/springframework/spring-jdbc/5.3.27/spring-jdbc-5.3.27.jar:/home/runner/.m2/repository/org/springframework/spring-beans/5.3.27/spring-beans-5.3.27.jar:/home/runner/.m2/repository/org/springframework/spring-core/5.3.27/spring-core-5.3.27.jar:/home/runner/.m2/repository/org/springframework/spring-tx/5.3.27/spring-tx-5.3.27.jar:/home/runner/.m2/repository/org/apache/ozone/ozone-client/1.4.0-SNAPSHOT/ozone-client-1.4.0-SNAPSHOT.jar:/home/runner/.m2/repository/org/apache/ozone/hdds-erasurecode/1.4.0-SNAPSHOT/hdds-erasurecode-1.4.0-SNAPSHOT.jar:/home/runner/.m2/repository/org/apache/ozone/ozone-filesystem/1.4.0-SNAPSHOT/ozone-filesystem-1.4.0-SNAPSHOT.jar:/home/runner/.m2/repository/org/apache/ozone/ozone-filesystem-common/1.4.0-SNAPSHOT/ozone-filesystem-common-1.4.0-SNAPSHOT.jar:/home/runner/.m2/repository/org/apache/ozone/ozone-tools/1.4.0-SNAPSHOT/ozone-tools-1.4.0-SNAPSHOT.jar:/home/runner/.m2/repository/com/amazonaws/aws-java-sdk-core/1.12.261/aws-java-sdk-core-1.12.261.jar:/home/runner/.m2/repository/org/apache/httpcomponents/httpclient/4.5.13/httpclient-4.5.13.jar:/home/runner/.m2/repository/org/apache/httpcomponents/httpcore/4.4.13/httpcore-4.4.13.jar:/home/runner/.m2/repository/software/amazon/ion/ion-java/1.0.2/ion-java-1.0.2.jar:/home/runner/.m2/repository/com/fasterxml/jackson/dataformat/jackson-dataformat-cbor/2.13.4/jackson-dataformat-cbor-2.13.4.jar:/home/runner/.m2/repository/joda-time/joda-time/2.10.6/joda-time-2.10.6.jar:/home/runner/.m2/repository/com/amazonaws/aws-java-sdk-s3/1.12.261/aws-java-sdk-s3-1.12.261.jar:/home/runner/.m2/repository/com/amazonaws/aws-java-sdk-kms/1.12.261/aws-java-sdk-kms-1.12.261.jar:/home/runner/.m2/repository/com/amazonaws/jmespath-java/1.12.261/jmespath-java-1.12.261.jar:/home/runner/.m2/repository/org/kohsuke/metainf-services/metainf-services/1.8/metainf-services-1.8.jar:/home/runner/.m2/repository/org/apache/ozone/hdds-tools/1.4.0-SNAPSHOT/hdds-tools-1.4.0-SNAPSHOT.jar:/home/runner/.m2/repository/org/apache/ratis/ratis-tools/2.5.1/ratis-tools-2.5.1.jar:/home/runner/.m2/repository/commons-cli/commons-cli/1.2/commons-cli-1.2.jar:/home/runner/.m2/repository/org/apache/commons/commons-lang3/3.7/commons-lang3-3.7.jar:/home/runner/.m2/repository/org/apache/ozone/ozone-manager/1.4.0-SNAPSHOT/ozone-manager-1.4.0-SNAPSHOT-tests.jar:/home/runner/.m2/repository/org/apache/ozone/hdds-common/1.4.0-SNAPSHOT/hdds-common-1.4.0-SNAPSHOT-tests.jar:/home/runner/.m2/repository/org/apache/ozone/hdds-hadoop-dependency-client/1.4.0-SNAPSHOT/hdds-hadoop-dependency-client-1.4.0-SNAPSHOT.jar:/home/runner/.m2/repository/info/picocli/picocli/4.6.1/picocli-4.6.1.jar:/home/runner/.m2/repository/com/fasterxml/jackson/core/jackson-annotations/2.13.4/jackson-annotations-2.13.4.jar:/home/runner/.m2/repository/org/apache/ozone/hdds-annotation-processing/1.4.0-SNAPSHOT/hdds-annotation-processing-1.4.0-SNAPSHOT.jar:/home/runner/.m2/repository/javax/annotation/javax.annotation-api/1.2/javax.annotation-api-1.2.jar:/home/runner/.m2/repository/org/apache/ratis/ratis-netty/2.5.1/ratis-netty-2.5.1.jar:/home/runner/.m2/repository/org/apache/ratis/ratis-grpc/2.5.1/ratis-grpc-2.5.1.jar:/home/runner/.m2/repository/org/apache/commons/commons-pool2/2.6.0/commons-pool2-2.6.0.jar:/home/runner/.m2/repository/org/bouncycastle/bcpkix-jdk15on/1.67/bcpkix-jdk15on-1.67.jar:/home/runner/.m2/repository/commons-validator/commons-validator/1.6/commons-validator-1.6.jar:/home/runner/.m2/repository/commons-beanutils/commons-beanutils/1.9.4/commons-beanutils-1.9.4.jar:/home/runner/.m2/repository/commons-digester/commons-digester/1.8.1/commons-digester-1.8.1.jar:/home/runner/.m2/repository/commons-collections/commons-collections/3.2.2/commons-collections-3.2.2.jar:/home/runner/.m2/repository/io/jaegertracing/jaeger-client/1.6.0/jaeger-client-1.6.0.jar:/home/runner/.m2/repository/io/jaegertracing/jaeger-thrift/1.6.0/jaeger-thrift-1.6.0.jar:/home/runner/.m2/repository/org/apache/thrift/libthrift/0.14.1/libthrift-0.14.1.jar:/home/runner/.m2/repository/io/jaegertracing/jaeger-core/1.6.0/jaeger-core-1.6.0.jar:/home/runner/.m2/repository/io/jaegertracing/jaeger-tracerresolver/1.6.0/jaeger-tracerresolver-1.6.0.jar:/home/runner/.m2/repository/io/opentracing/contrib/opentracing-tracerresolver/0.1.8/opentracing-tracerresolver-0.1.8.jar:/home/runner/.m2/repository/org/jetbrains/kotlin/kotlin-stdlib/1.6.21/kotlin-stdlib-1.6.21.jar:/home/runner/.m2/repository/org/jetbrains/annotations/13.0/annotations-13.0.jar:/home/runner/.m2/repository/io/opentracing/opentracing-util/0.33.0/opentracing-util-0.33.0.jar:/home/runner/.m2/repository/io/opentracing/opentracing-api/0.33.0/opentracing-api-0.33.0.jar:/home/runner/.m2/repository/io/opentracing/opentracing-noop/0.33.0/opentracing-noop-0.33.0.jar:/home/runner/.m2/repository/org/yaml/snakeyaml/2.0/snakeyaml-2.0.jar:/home/runner/.m2/repository/io/grpc/grpc-api/1.51.1/grpc-api-1.51.1.jar:/home/runner/.m2/repository/io/grpc/grpc-context/1.51.1/grpc-context-1.51.1.jar:/home/runner/.m2/repository/com/fasterxml/uuid/java-uuid-generator/4.3.0/java-uuid-generator-4.3.0.jar:/home/runner/.m2/repository/junit/junit/4.13.1/junit-4.13.1.jar:/home/runner/.m2/repository/org/hamcrest/hamcrest-core/1.3/hamcrest-core-1.3.jar:/home/runner/.m2/repository/org/junit/jupiter/junit-jupiter-api/5.8.2/junit-jupiter-api-5.8.2.jar:/home/runner/.m2/repository/org/opentest4j/opentest4j/1.2.0/opentest4j-1.2.0.jar:/home/runner/.m2/repository/org/junit/platform/junit-platform-commons/1.8.2/junit-platform-commons-1.8.2.jar:/home/runner/.m2/repository/org/apiguardian/apiguardian-api/1.1.2/apiguardian-api-1.1.2.jar:/home/runner/.m2/repository/org/junit/jupiter/junit-jupiter-params/5.8.2/junit-jupiter-params-5.8.2.jar:/home/runner/.m2/repository/org/junit/jupiter/junit-jupiter-migrationsupport/5.8.2/junit-jupiter-migrationsupport-5.8.2.jar:/home/runner/.m2/repository/org/junit/jupiter/junit-jupiter-engine/5.8.2/junit-jupiter-engine-5.8.2.jar:/home/runner/.m2/repository/org/junit/platform/junit-platform-engine/1.8.2/junit-platform-engine-1.8.2.jar:/home/runner/.m2/repository/org/junit/vintage/junit-vintage-engine/5.8.2/junit-vintage-engine-5.8.2.jar:/home/runner/.m2/repository/org/junit/platform/junit-platform-launcher/1.8.2/junit-platform-launcher-1.8.2.jar:/home/runner/.m2/repository/org/mockito/mockito-core/3.5.9/mockito-core-3.5.9.jar:/home/runner/.m2/repository/net/bytebuddy/byte-buddy/1.10.13/byte-buddy-1.10.13.jar:/home/runner/.m2/repository/net/bytebuddy/byte-buddy-agent/1.10.13/byte-buddy-agent-1.10.13.jar:/home/runner/.m2/repository/org/objenesis/objenesis/1.0/objenesis-1.0.jar:/home/runner/.m2/repository/org/apache/hadoop/hadoop-kms/3.3.6/hadoop-kms-3.3.6.jar:/home/runner/.m2/repository/org/apache/hadoop/hadoop-auth/3.3.6/hadoop-auth-3.3.6.jar:/home/runner/.m2/repository/com/nimbusds/nimbus-jose-jwt/9.8.1/nimbus-jose-jwt-9.8.1.jar:/home/runner/.m2/repository/com/github/stephenc/jcip/jcip-annotations/1.0-1/jcip-annotations-1.0-1.jar:/home/runner/.m2/repository/org/apache/zookeeper/zookeeper/3.7.2/zookeeper-3.7.2.jar:/home/runner/.m2/repository/org/apache/zookeeper/zookeeper-jute/3.7.2/zookeeper-jute-3.7.2.jar:/home/runner/.m2/repository/org/apache/yetus/audience-annotations/0.12.0/audience-annotations-0.12.0.jar:/home/runner/.m2/repository/org/apache/curator/curator-framework/4.2.0/curator-framework-4.2.0.jar:/home/runner/.m2/repository/org/apache/hadoop/thirdparty/hadoop-shaded-guava/1.1.1/hadoop-shaded-guava-1.1.1.jar:/home/runner/.m2/repository/com/sun/jersey/jersey-core/1.19/jersey-core-1.19.jar:/home/runner/.m2/repository/javax/ws/rs/jsr311-api/1.1.1/jsr311-api-1.1.1.jar:/home/runner/.m2/repository/com/sun/jersey/jersey-server/1.19/jersey-server-1.19.jar:/home/runner/.m2/repository/javax/servlet/javax.servlet-api/3.1.0/javax.servlet-api-3.1.0.jar:/home/runner/.m2/repository/org/apache/hadoop/hadoop-common/3.3.6/hadoop-common-3.3.6.jar:/home/runner/.m2/repository/org/apache/commons/commons-math3/3.1.1/commons-math3-3.1.1.jar:/home/runner/.m2/repository/commons-net/commons-net/3.9.0/commons-net-3.9.0.jar:/home/runner/.m2/repository/com/sun/jersey/jersey-servlet/1.19/jersey-servlet-1.19.jar:/home/runner/.m2/repository/com/github/pjfanning/jersey-json/1.20/jersey-json-1.20.jar:/home/runner/.m2/repository/org/codehaus/jettison/jettison/1.1/jettison-1.1.jar:/home/runner/.m2/repository/com/sun/xml/bind/jaxb-impl/2.2.3-1/jaxb-impl-2.2.3-1.jar:/home/runner/.m2/repository/com/google/re2j/re2j/1.1/re2j-1.1.jar:/home/runner/.m2/repository/com/jcraft/jsch/0.1.54/jsch-0.1.54.jar:/home/runner/.m2/repository/org/apache/curator/curator-client/4.2.0/curator-client-4.2.0.jar:/home/runner/.m2/repository/org/apache/curator/curator-recipes/5.2.0/curator-recipes-5.2.0.jar:/home/runner/.m2/repository/org/apache/kerby/kerb-core/1.0.1/kerb-core-1.0.1.jar:/home/runner/.m2/repository/org/apache/kerby/kerby-pkix/1.0.1/kerby-pkix-1.0.1.jar:/home/runner/.m2/repository/org/apache/kerby/kerby-asn1/1.0.1/kerby-asn1-1.0.1.jar:/home/runner/.m2/repository/org/apache/kerby/kerby-util/1.0.1/kerby-util-1.0.1.jar:/home/runner/.m2/repository/dnsjava/dnsjava/2.1.7/dnsjava-2.1.7.jar:/home/runner/.m2/repository/org/xerial/snappy/snappy-java/1.1.8.2/snappy-java-1.1.8.2.jar:/home/runner/.m2/repository/com/fasterxml/jackson/core/jackson-databind/2.13.4.2/jackson-databind-2.13.4.2.jar:/home/runner/.m2/repository/org/apache/hadoop/hadoop-kms/3.3.6/hadoop-kms-3.3.6-tests.jar:/home/runner/.m2/repository/org/apache/ozone/hdds-server-scm/1.4.0-SNAPSHOT/hdds-server-scm-1.4.0-SNAPSHOT-tests.jar:/home/runner/.m2/repository/org/apache/ozone/hdds-container-service/1.4.0-SNAPSHOT/hdds-container-service-1.4.0-SNAPSHOT-tests.jar:/home/runner/.m2/repository/com/github/luben/zstd-jni/1.5.2-5/zstd-jni-1.5.2-5.jar:/home/runner/.m2/repository/commons-codec/commons-codec/1.15/commons-codec-1.15.jar:/home/runner/.m2/repository/io/netty/netty-codec/4.1.100.Final/netty-codec-4.1.100.Final.jar:/home/runner/.m2/repository/io/netty/netty-handler/4.1.100.Final/netty-handler-4.1.100.Final.jar:/home/runner/.m2/repository/org/apache/ozone/hdds-hadoop-dependency-test/1.4.0-SNAPSHOT/hdds-hadoop-dependency-test-1.4.0-SNAPSHOT.jar:/home/runner/.m2/repository/org/apache/hadoop/hadoop-common/3.3.6/hadoop-common-3.3.6-tests.jar:/home/runner/.m2/repository/org/apache/hadoop/hadoop-hdfs/3.3.6/hadoop-hdfs-3.3.6-tests.jar:/home/runner/.m2/repository/org/assertj/assertj-core/3.12.2/assertj-core-3.12.2.jar:/home/runner/.m2/repository/org/apache/hadoop/hadoop-distcp/3.3.6/hadoop-distcp-3.3.6.jar:/home/runner/.m2/repository/org/apache/hadoop/hadoop-mapreduce-client-jobclient/3.3.6/hadoop-mapreduce-client-jobclient-3.3.6.jar:/home/runner/.m2/repository/org/apache/hadoop/hadoop-mapreduce-client-common/3.3.6/hadoop-mapreduce-client-common-3.3.6.jar:/home/runner/.m2/repository/org/apache/hadoop/hadoop-yarn-common/3.3.6/hadoop-yarn-common-3.3.6.jar:/home/runner/.m2/repository/org/apache/hadoop/hadoop-yarn-api/3.3.6/hadoop-yarn-api-3.3.6.jar:/home/runner/.m2/repository/com/sun/jersey/contribs/jersey-guice/1.19/jersey-guice-1.19.jar:/home/runner/.m2/repository/com/fasterxml/jackson/jaxrs/jackson-jaxrs-json-provider/2.13.4/jackson-jaxrs-json-provider-2.13.4.jar:/home/runner/.m2/repository/com/fasterxml/jackson/jaxrs/jackson-jaxrs-base/2.13.4/jackson-jaxrs-base-2.13.4.jar:/home/runner/.m2/repository/org/apache/hadoop/hadoop-yarn-client/3.3.6/hadoop-yarn-client-3.3.6.jar:/home/runner/.m2/repository/org/eclipse/jetty/websocket/websocket-client/9.4.51.v20230217/websocket-client-9.4.51.v20230217.jar:/home/runner/.m2/repository/org/eclipse/jetty/websocket/websocket-common/9.4.51.v20230217/websocket-common-9.4.51.v20230217.jar:/home/runner/.m2/repository/org/eclipse/jetty/websocket/websocket-api/9.4.51.v20230217/websocket-api-9.4.51.v20230217.jar:/home/runner/.m2/repository/org/jline/jline/3.9.0/jline-3.9.0.jar:/home/runner/.m2/repository/org/apache/hadoop/hadoop-mapreduce-client-core/3.3.6/hadoop-mapreduce-client-core-3.3.6.jar:/home/runner/.m2/repository/org/apache/avro/avro/1.7.7/avro-1.7.7.jar:/home/runner/.m2/repository/com/thoughtworks/paranamer/paranamer/2.3/paranamer-2.3.jar:/home/runner/.m2/repository/org/apache/hadoop/hadoop-annotations/3.3.6/hadoop-annotations-3.3.6.jar:/usr/lib/jvm/temurin-8-jdk-amd64/jre/../lib/tools.jar:/home/runner/.m2/repository/io/netty/netty/3.10.6.Final/netty-3.10.6.Final.jar:/home/runner/.m2/repository/org/apache/hadoop/hadoop-distcp/3.3.6/hadoop-distcp-3.3.6-tests.jar:/home/runner/.m2/repository/org/slf4j/jul-to-slf4j/1.7.36/jul-to-slf4j-1.7.36.jar:/home/runner/work/ozone/ozone/hadoop-ozone/integration-test/target/gradle-enterprise/test-listeners.jar:"/>
    <property name="java.vm.vendor" value="Temurin"/>
    <property name="sun.arch.data.model" value="64"/>
    <property name="test.build.dir" value="/home/runner/work/ozone/ozone/hadoop-ozone/integration-test/target/test-dir"/>
    <property name="test.cache.data" value=""/>
    <property name="java.vendor.url" value="https://adoptium.net/"/>
    <property name="user.timezone" value="Etc/UTC"/>
    <property name="os.name" value="Linux"/>
    <property name="java.vm.specification.version" value="1.8"/>
    <property name="test.build.data" value="/home/runner/work/ozone/ozone/hadoop-ozone/integration-test/target/test-dir"/>
    <property name="sun.java.launcher" value="SUN_STANDARD"/>
    <property name="sun.boot.library.path" value="/usr/lib/jvm/temurin-8-jdk-amd64/jre/lib/amd64"/>
    <property name="sun.java.command" value="/home/runner/work/ozone/ozone/hadoop-ozone/integration-test/target/surefire/surefirebooter5456653257230949570.jar /home/runner/work/ozone/ozone/hadoop-ozone/integration-test/target/surefire 2023-11-03T16-32-53_471-jvmRun1 surefire6328632940193427856tmp surefire_62175892058193625400tmp"/>
    <property name="native.lib.tmp.dir" value="/tmp"/>
    <property name="surefire.test.class.path" value="/home/runner/work/ozone/ozone/hadoop-ozone/integration-test/target/test-classes:/home/runner/work/ozone/ozone/hadoop-ozone/integration-test/target/classes:/home/runner/.m2/repository/org/apache/ozone/ozone-common/1.4.0-SNAPSHOT/ozone-common-1.4.0-SNAPSHOT.jar:/home/runner/.m2/repository/io/grpc/grpc-netty/1.51.1/grpc-netty-1.51.1.jar:/home/runner/.m2/repository/io/grpc/grpc-core/1.51.1/grpc-core-1.51.1.jar:/home/runner/.m2/repository/com/google/android/annotations/4.1.1.4/annotations-4.1.1.4.jar:/home/runner/.m2/repository/org/codehaus/mojo/animal-sniffer-annotations/1.21/animal-sniffer-annotations-1.21.jar:/home/runner/.m2/repository/com/google/errorprone/error_prone_annotations/2.2.0/error_prone_annotations-2.2.0.jar:/home/runner/.m2/repository/io/perfmark/perfmark-api/0.25.0/perfmark-api-0.25.0.jar:/home/runner/.m2/repository/io/netty/netty-codec-http2/4.1.100.Final/netty-codec-http2-4.1.100.Final.jar:/home/runner/.m2/repository/io/netty/netty-common/4.1.100.Final/netty-common-4.1.100.Final.jar:/home/runner/.m2/repository/io/netty/netty-buffer/4.1.100.Final/netty-buffer-4.1.100.Final.jar:/home/runner/.m2/repository/io/netty/netty-codec-http/4.1.100.Final/netty-codec-http-4.1.100.Final.jar:/home/runner/.m2/repository/io/netty/netty-handler-proxy/4.1.100.Final/netty-handler-proxy-4.1.100.Final.jar:/home/runner/.m2/repository/io/netty/netty-codec-socks/4.1.100.Final/netty-codec-socks-4.1.100.Final.jar:/home/runner/.m2/repository/io/netty/netty-tcnative-boringssl-static/2.0.61.Final/netty-tcnative-boringssl-static-2.0.61.Final.jar:/home/runner/.m2/repository/io/netty/netty-tcnative-classes/2.0.61.Final/netty-tcnative-classes-2.0.61.Final.jar:/home/runner/.m2/repository/io/netty/netty-tcnative-boringssl-static/2.0.61.Final/netty-tcnative-boringssl-static-2.0.61.Final-linux-x86_64.jar:/home/runner/.m2/repository/io/netty/netty-tcnative-boringssl-static/2.0.61.Final/netty-tcnative-boringssl-static-2.0.61.Final-linux-aarch_64.jar:/home/runner/.m2/repository/io/netty/netty-tcnative-boringssl-static/2.0.61.Final/netty-tcnative-boringssl-static-2.0.61.Final-osx-x86_64.jar:/home/runner/.m2/repository/io/netty/netty-tcnative-boringssl-static/2.0.61.Final/netty-tcnative-boringssl-static-2.0.61.Final-osx-aarch_64.jar:/home/runner/.m2/repository/io/netty/netty-tcnative-boringssl-static/2.0.61.Final/netty-tcnative-boringssl-static-2.0.61.Final-windows-x86_64.jar:/home/runner/.m2/repository/org/apache/commons/commons-compress/1.21/commons-compress-1.21.jar:/home/runner/.m2/repository/org/apache/ozone/hdds-common/1.4.0-SNAPSHOT/hdds-common-1.4.0-SNAPSHOT.jar:/home/runner/.m2/repository/org/apache/ozone/hdds-client/1.4.0-SNAPSHOT/hdds-client-1.4.0-SNAPSHOT.jar:/home/runner/.m2/repository/org/apache/ozone/ozone-interface-client/1.4.0-SNAPSHOT/ozone-interface-client-1.4.0-SNAPSHOT.jar:/home/runner/.m2/repository/org/apache/hadoop/hadoop-hdfs-client/3.3.6/hadoop-hdfs-client-3.3.6.jar:/home/runner/.m2/repository/com/squareup/okhttp3/okhttp/4.9.3/okhttp-4.9.3.jar:/home/runner/.m2/repository/com/squareup/okio/okio/3.4.0/okio-3.4.0.jar:/home/runner/.m2/repository/com/squareup/okio/okio-jvm/3.4.0/okio-jvm-3.4.0.jar:/home/runner/.m2/repository/org/jetbrains/kotlin/kotlin-stdlib-jdk8/1.8.0/kotlin-stdlib-jdk8-1.8.0.jar:/home/runner/.m2/repository/org/jetbrains/kotlin/kotlin-stdlib-jdk7/1.8.0/kotlin-stdlib-jdk7-1.8.0.jar:/home/runner/.m2/repository/org/jetbrains/kotlin/kotlin-stdlib-common/1.6.21/kotlin-stdlib-common-1.6.21.jar:/home/runner/.m2/repository/org/apache/ozone/hdds-test-utils/1.4.0-SNAPSHOT/hdds-test-utils-1.4.0-SNAPSHOT.jar:/home/runner/.m2/repository/com/google/guava/guava/32.0.0-jre/guava-32.0.0-jre.jar:/home/runner/.m2/repository/com/google/guava/failureaccess/1.0.1/failureaccess-1.0.1.jar:/home/runner/.m2/repository/com/google/guava/listenablefuture/9999.0-empty-to-avoid-conflict-with-guava/listenablefuture-9999.0-empty-to-avoid-conflict-with-guava.jar:/home/runner/.m2/repository/com/google/code/findbugs/jsr305/3.0.0/jsr305-3.0.0.jar:/home/runner/.m2/repository/org/checkerframework/checker-qual/3.33.0/checker-qual-3.33.0.jar:/home/runner/.m2/repository/com/google/j2objc/j2objc-annotations/2.8/j2objc-annotations-2.8.jar:/home/runner/.m2/repository/commons-io/commons-io/2.11.0/commons-io-2.11.0.jar:/home/runner/.m2/repository/commons-logging/commons-logging/1.2/commons-logging-1.2.jar:/home/runner/.m2/repository/ch/qos/reload4j/reload4j/1.2.22/reload4j-1.2.22.jar:/home/runner/.m2/repository/org/slf4j/slf4j-api/1.7.36/slf4j-api-1.7.36.jar:/home/runner/.m2/repository/org/apache/logging/log4j/log4j-api/2.17.1/log4j-api-2.17.1.jar:/home/runner/.m2/repository/org/apache/ozone/hdds-server-scm/1.4.0-SNAPSHOT/hdds-server-scm-1.4.0-SNAPSHOT.jar:/home/runner/.m2/repository/org/apache/ozone/hdds-container-service/1.4.0-SNAPSHOT/hdds-container-service-1.4.0-SNAPSHOT.jar:/home/runner/.m2/repository/org/apache/ozone/hdds-hadoop-dependency-server/1.4.0-SNAPSHOT/hdds-hadoop-dependency-server-1.4.0-SNAPSHOT.jar:/home/runner/.m2/repository/org/apache/hadoop/hadoop-hdfs/3.3.6/hadoop-hdfs-3.3.6.jar:/home/runner/.m2/repository/commons-daemon/commons-daemon/1.0.13/commons-daemon-1.0.13.jar:/home/runner/.m2/repository/org/apache/ozone/hdds-server-framework/1.4.0-SNAPSHOT/hdds-server-framework-1.4.0-SNAPSHOT.jar:/home/runner/.m2/repository/io/dropwizard/metrics/metrics-core/3.2.4/metrics-core-3.2.4.jar:/home/runner/.m2/repository/org/apache/commons/commons-text/1.10.0/commons-text-1.10.0.jar:/home/runner/.m2/repository/org/bouncycastle/bcprov-jdk15on/1.67/bcprov-jdk15on-1.67.jar:/home/runner/.m2/repository/com/google/protobuf/protobuf-java/2.5.0/protobuf-java-2.5.0.jar:/home/runner/.m2/repository/org/apache/ozone/hdds-server-framework/1.4.0-SNAPSHOT/hdds-server-framework-1.4.0-SNAPSHOT-tests.jar:/home/runner/.m2/repository/org/apache/ozone/hdds-interface-server/1.4.0-SNAPSHOT/hdds-interface-server-1.4.0-SNAPSHOT.jar:/home/runner/.m2/repository/org/apache/ozone/hdds-interface-admin/1.4.0-SNAPSHOT/hdds-interface-admin-1.4.0-SNAPSHOT.jar:/home/runner/.m2/repository/org/apache/ozone/hdds-managed-rocksdb/1.4.0-SNAPSHOT/hdds-managed-rocksdb-1.4.0-SNAPSHOT.jar:/home/runner/.m2/repository/org/rocksdb/rocksdbjni/7.7.3/rocksdbjni-7.7.3.jar:/home/runner/.m2/repository/org/slf4j/slf4j-reload4j/1.7.36/slf4j-reload4j-1.7.36.jar:/home/runner/.m2/repository/org/apache/commons/commons-configuration2/2.1.1/commons-configuration2-2.1.1.jar:/home/runner/.m2/repository/commons-fileupload/commons-fileupload/1.5/commons-fileupload-1.5.jar:/home/runner/.m2/repository/org/apache/logging/log4j/log4j-core/2.17.1/log4j-core-2.17.1.jar:/home/runner/.m2/repository/com/lmax/disruptor/3.4.2/disruptor-3.4.2.jar:/home/runner/.m2/repository/org/eclipse/jetty/jetty-util/9.4.53.v20231009/jetty-util-9.4.53.v20231009.jar:/home/runner/.m2/repository/org/eclipse/jetty/jetty-server/9.4.53.v20231009/jetty-server-9.4.53.v20231009.jar:/home/runner/.m2/repository/org/eclipse/jetty/jetty-http/9.4.53.v20231009/jetty-http-9.4.53.v20231009.jar:/home/runner/.m2/repository/org/eclipse/jetty/jetty-io/9.4.53.v20231009/jetty-io-9.4.53.v20231009.jar:/home/runner/.m2/repository/org/eclipse/jetty/jetty-servlet/9.4.53.v20231009/jetty-servlet-9.4.53.v20231009.jar:/home/runner/.m2/repository/org/eclipse/jetty/jetty-security/9.4.53.v20231009/jetty-security-9.4.53.v20231009.jar:/home/runner/.m2/repository/org/eclipse/jetty/jetty-util-ajax/9.4.53.v20231009/jetty-util-ajax-9.4.53.v20231009.jar:/home/runner/.m2/repository/org/eclipse/jetty/jetty-webapp/9.4.53.v20231009/jetty-webapp-9.4.53.v20231009.jar:/home/runner/.m2/repository/org/eclipse/jetty/jetty-xml/9.4.53.v20231009/jetty-xml-9.4.53.v20231009.jar:/home/runner/.m2/repository/org/apache/ratis/ratis-server/2.5.1/ratis-server-2.5.1.jar:/home/runner/.m2/repository/org/apache/ratis/ratis-thirdparty-misc/1.0.4/ratis-thirdparty-misc-1.0.4.jar:/home/runner/.m2/repository/org/apache/ratis/ratis-proto/2.5.1/ratis-proto-2.5.1.jar:/home/runner/.m2/repository/org/apache/ratis/ratis-common/2.5.1/ratis-common-2.5.1.jar:/home/runner/.m2/repository/org/apache/ratis/ratis-client/2.5.1/ratis-client-2.5.1.jar:/home/runner/.m2/repository/org/apache/ratis/ratis-server-api/2.5.1/ratis-server-api-2.5.1.jar:/home/runner/.m2/repository/org/apache/ratis/ratis-metrics/2.5.1/ratis-metrics-2.5.1.jar:/home/runner/.m2/repository/io/prometheus/simpleclient_dropwizard/0.7.0/simpleclient_dropwizard-0.7.0.jar:/home/runner/.m2/repository/io/prometheus/simpleclient/0.7.0/simpleclient-0.7.0.jar:/home/runner/.m2/repository/io/prometheus/simpleclient_common/0.7.0/simpleclient_common-0.7.0.jar:/home/runner/.m2/repository/com/fasterxml/jackson/datatype/jackson-datatype-jsr310/2.13.4/jackson-datatype-jsr310-2.13.4.jar:/home/runner/.m2/repository/com/fasterxml/jackson/core/jackson-core/2.13.4/jackson-core-2.13.4.jar:/home/runner/.m2/repository/com/github/spotbugs/spotbugs-annotations/3.1.12/spotbugs-annotations-3.1.12.jar:/home/runner/.m2/repository/org/apache/ozone/rocksdb-checkpoint-differ/1.4.0-SNAPSHOT/rocksdb-checkpoint-differ-1.4.0-SNAPSHOT.jar:/home/runner/.m2/repository/org/jgrapht/jgrapht-core/1.0.1/jgrapht-core-1.0.1.jar:/home/runner/.m2/repository/org/jgrapht/jgrapht-ext/1.0.1/jgrapht-ext-1.0.1.jar:/home/runner/.m2/repository/org/tinyjee/jgraphx/jgraphx/2.0.0.1/jgraphx-2.0.0.1.jar:/home/runner/.m2/repository/jgraph/jgraph/5.13.0.0/jgraph-5.13.0.0.jar:/home/runner/.m2/repository/org/antlr/antlr4-runtime/4.5.3/antlr4-runtime-4.5.3.jar:/home/runner/.m2/repository/org/awaitility/awaitility/4.2.0/awaitility-4.2.0.jar:/home/runner/.m2/repository/org/hamcrest/hamcrest/2.1/hamcrest-2.1.jar:/home/runner/.m2/repository/org/apache/ozone/ozone-manager/1.4.0-SNAPSHOT/ozone-manager-1.4.0-SNAPSHOT.jar:/home/runner/.m2/repository/org/aspectj/aspectjrt/1.9.7/aspectjrt-1.9.7.jar:/home/runner/.m2/repository/org/aspectj/aspectjweaver/1.9.7/aspectjweaver-1.9.7.jar:/home/runner/.m2/repository/org/apache/ozone/hdds-interface-client/1.4.0-SNAPSHOT/hdds-interface-client-1.4.0-SNAPSHOT.jar:/home/runner/.m2/repository/org/apache/hadoop/thirdparty/hadoop-shaded-protobuf_3_7/1.1.1/hadoop-shaded-protobuf_3_7-1.1.1.jar:/home/runner/.m2/repository/org/apache/ozone/ozone-interface-storage/1.4.0-SNAPSHOT/ozone-interface-storage-1.4.0-SNAPSHOT.jar:/home/runner/.m2/repository/org/reflections/reflections/0.9.11/reflections-0.9.11.jar:/home/runner/.m2/repository/com/sun/jersey/jersey-client/1.19/jersey-client-1.19.jar:/home/runner/.m2/repository/org/codehaus/jackson/jackson-core-asl/1.9.13/jackson-core-asl-1.9.13.jar:/home/runner/.m2/repository/org/codehaus/jackson/jackson-mapper-asl/1.9.13/jackson-mapper-asl-1.9.13.jar:/home/runner/.m2/repository/org/codehaus/jackson/jackson-jaxrs/1.9.13/jackson-jaxrs-1.9.13.jar:/home/runner/.m2/repository/org/apache/ranger/ranger-intg/2.3.0/ranger-intg-2.3.0.jar:/home/runner/.m2/repository/org/apache/ranger/ranger-plugins-common/2.3.0/ranger-plugins-common-2.3.0.jar:/home/runner/.m2/repository/commons-lang/commons-lang/2.6/commons-lang-2.6.jar:/home/runner/.m2/repository/org/apache/ranger/ranger-plugins-cred/2.3.0/ranger-plugins-cred-2.3.0.jar:/home/runner/.m2/repository/org/apache/ranger/ranger-plugins-audit/2.3.0/ranger-plugins-audit-2.3.0.jar:/home/runner/.m2/repository/org/eclipse/jetty/jetty-client/9.4.53.v20231009/jetty-client-9.4.53.v20231009.jar:/home/runner/.m2/repository/org/apache/httpcomponents/httpmime/4.5.6/httpmime-4.5.6.jar:/home/runner/.m2/repository/org/apache/httpcomponents/httpcore-nio/4.4.13/httpcore-nio-4.4.13.jar:/home/runner/.m2/repository/org/apache/httpcomponents/httpasyncclient/4.1.3/httpasyncclient-4.1.3.jar:/home/runner/.m2/repository/com/carrotsearch/hppc/0.8.0/hppc-0.8.0.jar:/home/runner/.m2/repository/org/apache/orc/orc-core/1.5.8/orc-core-1.5.8.jar:/home/runner/.m2/repository/net/java/dev/jna/jna/5.2.0/jna-5.2.0.jar:/home/runner/.m2/repository/net/java/dev/jna/jna-platform/5.2.0/jna-platform-5.2.0.jar:/home/runner/.m2/repository/com/kstruct/gethostname4j/0.0.2/gethostname4j-0.0.2.jar:/home/runner/.m2/repository/org/apache/ranger/ranger-plugin-classloader/2.3.0/ranger-plugin-classloader-2.3.0.jar:/home/runner/.m2/repository/org/apache/ozone/hdds-rocks-native/1.4.0-SNAPSHOT/hdds-rocks-native-1.4.0-SNAPSHOT.jar:/home/runner/.m2/repository/org/apache/hadoop/hadoop-minikdc/3.3.6/hadoop-minikdc-3.3.6.jar:/home/runner/.m2/repository/org/apache/kerby/kerb-simplekdc/1.0.1/kerb-simplekdc-1.0.1.jar:/home/runner/.m2/repository/org/apache/kerby/kerb-client/1.0.1/kerb-client-1.0.1.jar:/home/runner/.m2/repository/org/apache/kerby/kerby-config/1.0.1/kerby-config-1.0.1.jar:/home/runner/.m2/repository/org/apache/kerby/kerb-common/1.0.1/kerb-common-1.0.1.jar:/home/runner/.m2/repository/org/apache/kerby/kerb-crypto/1.0.1/kerb-crypto-1.0.1.jar:/home/runner/.m2/repository/org/apache/kerby/kerb-util/1.0.1/kerb-util-1.0.1.jar:/home/runner/.m2/repository/org/apache/kerby/token-provider/1.0.1/token-provider-1.0.1.jar:/home/runner/.m2/repository/org/apache/kerby/kerb-admin/1.0.1/kerb-admin-1.0.1.jar:/home/runner/.m2/repository/org/apache/kerby/kerb-server/1.0.1/kerb-server-1.0.1.jar:/home/runner/.m2/repository/org/apache/kerby/kerb-identity/1.0.1/kerb-identity-1.0.1.jar:/home/runner/.m2/repository/org/apache/kerby/kerby-xdr/1.0.1/kerby-xdr-1.0.1.jar:/home/runner/.m2/repository/org/apache/ozone/ozone-s3gateway/1.4.0-SNAPSHOT/ozone-s3gateway-1.4.0-SNAPSHOT.jar:/home/runner/.m2/repository/org/javassist/javassist/3.21.0-GA/javassist-3.21.0-GA.jar:/home/runner/.m2/repository/org/jboss/weld/servlet/weld-servlet-shaded/3.1.9.Final/weld-servlet-shaded-3.1.9.Final.jar:/home/runner/.m2/repository/org/glassfish/jersey/containers/jersey-container-servlet-core/2.34/jersey-container-servlet-core-2.34.jar:/home/runner/.m2/repository/org/glassfish/hk2/external/jakarta.inject/2.6.1/jakarta.inject-2.6.1.jar:/home/runner/.m2/repository/org/glassfish/jersey/core/jersey-common/2.34/jersey-common-2.34.jar:/home/runner/.m2/repository/jakarta/ws/rs/jakarta.ws.rs-api/2.1.6/jakarta.ws.rs-api-2.1.6.jar:/home/runner/.m2/repository/org/glassfish/jersey/ext/cdi/jersey-cdi1x/2.34/jersey-cdi1x-2.34.jar:/home/runner/.m2/repository/org/glassfish/jersey/inject/jersey-hk2/2.34/jersey-hk2-2.34.jar:/home/runner/.m2/repository/org/glassfish/hk2/hk2-locator/2.6.1/hk2-locator-2.6.1.jar:/home/runner/.m2/repository/org/glassfish/jersey/media/jersey-media-jaxb/2.34/jersey-media-jaxb-2.34.jar:/home/runner/.m2/repository/org/glassfish/hk2/osgi-resource-locator/1.0.3/osgi-resource-locator-1.0.3.jar:/home/runner/.m2/repository/org/glassfish/hk2/hk2-api/2.5.0/hk2-api-2.5.0.jar:/home/runner/.m2/repository/org/glassfish/hk2/hk2-utils/2.5.0/hk2-utils-2.5.0.jar:/home/runner/.m2/repository/org/glassfish/hk2/external/aopalliance-repackaged/2.5.0/aopalliance-repackaged-2.5.0.jar:/home/runner/.m2/repository/com/fasterxml/jackson/dataformat/jackson-dataformat-xml/2.13.4/jackson-dataformat-xml-2.13.4.jar:/home/runner/.m2/repository/org/codehaus/woodstox/stax2-api/4.2.1/stax2-api-4.2.1.jar:/home/runner/.m2/repository/com/fasterxml/woodstox/woodstox-core/5.4.0/woodstox-core-5.4.0.jar:/home/runner/.m2/repository/com/fasterxml/jackson/module/jackson-module-jaxb-annotations/2.13.4/jackson-module-jaxb-annotations-2.13.4.jar:/home/runner/.m2/repository/jakarta/xml/bind/jakarta.xml.bind-api/2.3.3/jakarta.xml.bind-api-2.3.3.jar:/home/runner/.m2/repository/jakarta/activation/jakarta.activation-api/1.2.2/jakarta.activation-api-1.2.2.jar:/home/runner/.m2/repository/javax/enterprise/cdi-api/2.0/cdi-api-2.0.jar:/home/runner/.m2/repository/javax/el/javax.el-api/3.0.0/javax.el-api-3.0.0.jar:/home/runner/.m2/repository/javax/interceptor/javax.interceptor-api/1.2/javax.interceptor-api-1.2.jar:/home/runner/.m2/repository/javax/inject/javax.inject/1/javax.inject-1.jar:/home/runner/.m2/repository/javax/xml/bind/jaxb-api/2.3.0/jaxb-api-2.3.0.jar:/home/runner/.m2/repository/org/glassfish/jaxb/jaxb-runtime/2.3.0.1/jaxb-runtime-2.3.0.1.jar:/home/runner/.m2/repository/org/glassfish/jaxb/jaxb-core/2.3.0.1/jaxb-core-2.3.0.1.jar:/home/runner/.m2/repository/org/glassfish/jaxb/txw2/2.3.0.1/txw2-2.3.0.1.jar:/home/runner/.m2/repository/com/sun/istack/istack-commons-runtime/3.0.5/istack-commons-runtime-3.0.5.jar:/home/runner/.m2/repository/org/jvnet/staxex/stax-ex/1.7.8/stax-ex-1.7.8.jar:/home/runner/.m2/repository/com/sun/xml/fastinfoset/FastInfoset/1.2.13/FastInfoset-1.2.13.jar:/home/runner/.m2/repository/javax/activation/activation/1.1.1/activation-1.1.1.jar:/home/runner/.m2/repository/io/grpc/grpc-protobuf/1.51.1/grpc-protobuf-1.51.1.jar:/home/runner/.m2/repository/com/google/api/grpc/proto-google-common-protos/2.9.0/proto-google-common-protos-2.9.0.jar:/home/runner/.m2/repository/io/grpc/grpc-protobuf-lite/1.51.1/grpc-protobuf-lite-1.51.1.jar:/home/runner/.m2/repository/io/grpc/grpc-stub/1.51.1/grpc-stub-1.51.1.jar:/home/runner/.m2/repository/io/netty/netty-transport/4.1.100.Final/netty-transport-4.1.100.Final.jar:/home/runner/.m2/repository/io/netty/netty-resolver/4.1.100.Final/netty-resolver-4.1.100.Final.jar:/home/runner/.m2/repository/org/apache/ozone/ozone-csi/1.4.0-SNAPSHOT/ozone-csi-1.4.0-SNAPSHOT.jar:/home/runner/.m2/repository/com/google/protobuf/protobuf-java-util/3.19.6/protobuf-java-util-3.19.6.jar:/home/runner/.m2/repository/com/google/code/gson/gson/2.9.0/gson-2.9.0.jar:/home/runner/.m2/repository/org/apache/ozone/hdds-config/1.4.0-SNAPSHOT/hdds-config-1.4.0-SNAPSHOT.jar:/home/runner/.m2/repository/io/netty/netty-transport-native-epoll/4.1.100.Final/netty-transport-native-epoll-4.1.100.Final-linux-x86_64.jar:/home/runner/.m2/repository/io/netty/netty-transport-classes-epoll/4.1.100.Final/netty-transport-classes-epoll-4.1.100.Final.jar:/home/runner/.m2/repository/io/netty/netty-transport-native-unix-common/4.1.100.Final/netty-transport-native-unix-common-4.1.100.Final.jar:/home/runner/.m2/repository/org/apache/ozone/ozone-recon/1.4.0-SNAPSHOT/ozone-recon-1.4.0-SNAPSHOT.jar:/home/runner/.m2/repository/org/apache/ozone/ozone-reconcodegen/1.4.0-SNAPSHOT/ozone-reconcodegen-1.4.0-SNAPSHOT.jar:/home/runner/.m2/repository/com/google/inject/guice/5.1.0/guice-5.1.0.jar:/home/runner/.m2/repository/aopalliance/aopalliance/1.0/aopalliance-1.0.jar:/home/runner/.m2/repository/com/google/inject/extensions/guice-assistedinject/5.1.0/guice-assistedinject-5.1.0.jar:/home/runner/.m2/repository/com/google/inject/extensions/guice-servlet/5.1.0/guice-servlet-5.1.0.jar:/home/runner/.m2/repository/org/glassfish/jersey/containers/jersey-container-servlet/2.34/jersey-container-servlet-2.34.jar:/home/runner/.m2/repository/org/glassfish/hk2/guice-bridge/2.5.0/guice-bridge-2.5.0.jar:/home/runner/.m2/repository/org/glassfish/jersey/core/jersey-server/2.34/jersey-server-2.34.jar:/home/runner/.m2/repository/org/glassfish/jersey/core/jersey-client/2.34/jersey-client-2.34.jar:/home/runner/.m2/repository/jakarta/annotation/jakarta.annotation-api/1.3.5/jakarta.annotation-api-1.3.5.jar:/home/runner/.m2/repository/jakarta/validation/jakarta.validation-api/2.0.2/jakarta.validation-api-2.0.2.jar:/home/runner/.m2/repository/org/glassfish/jersey/media/jersey-media-json-jackson/2.34/jersey-media-json-jackson-2.34.jar:/home/runner/.m2/repository/org/glassfish/jersey/ext/jersey-entity-filtering/2.34/jersey-entity-filtering-2.34.jar:/home/runner/.m2/repository/org/jooq/jooq/3.11.10/jooq-3.11.10.jar:/home/runner/.m2/repository/org/jooq/jooq-meta/3.11.10/jooq-meta-3.11.10.jar:/home/runner/.m2/repository/org/jooq/jooq-codegen/3.11.10/jooq-codegen-3.11.10.jar:/home/runner/.m2/repository/com/jolbox/bonecp/0.8.0.RELEASE/bonecp-0.8.0.RELEASE.jar:/home/runner/.m2/repository/org/apache/derby/derby/10.14.2.0/derby-10.14.2.0.jar:/home/runner/.m2/repository/org/xerial/sqlite-jdbc/3.41.2.2/sqlite-jdbc-3.41.2.2.jar:/home/runner/.m2/repository/org/springframework/spring-jdbc/5.3.27/spring-jdbc-5.3.27.jar:/home/runner/.m2/repository/org/springframework/spring-beans/5.3.27/spring-beans-5.3.27.jar:/home/runner/.m2/repository/org/springframework/spring-core/5.3.27/spring-core-5.3.27.jar:/home/runner/.m2/repository/org/springframework/spring-tx/5.3.27/spring-tx-5.3.27.jar:/home/runner/.m2/repository/org/apache/ozone/ozone-client/1.4.0-SNAPSHOT/ozone-client-1.4.0-SNAPSHOT.jar:/home/runner/.m2/repository/org/apache/ozone/hdds-erasurecode/1.4.0-SNAPSHOT/hdds-erasurecode-1.4.0-SNAPSHOT.jar:/home/runner/.m2/repository/org/apache/ozone/ozone-filesystem/1.4.0-SNAPSHOT/ozone-filesystem-1.4.0-SNAPSHOT.jar:/home/runner/.m2/repository/org/apache/ozone/ozone-filesystem-common/1.4.0-SNAPSHOT/ozone-filesystem-common-1.4.0-SNAPSHOT.jar:/home/runner/.m2/repository/org/apache/ozone/ozone-tools/1.4.0-SNAPSHOT/ozone-tools-1.4.0-SNAPSHOT.jar:/home/runner/.m2/repository/com/amazonaws/aws-java-sdk-core/1.12.261/aws-java-sdk-core-1.12.261.jar:/home/runner/.m2/repository/org/apache/httpcomponents/httpclient/4.5.13/httpclient-4.5.13.jar:/home/runner/.m2/repository/org/apache/httpcomponents/httpcore/4.4.13/httpcore-4.4.13.jar:/home/runner/.m2/repository/software/amazon/ion/ion-java/1.0.2/ion-java-1.0.2.jar:/home/runner/.m2/repository/com/fasterxml/jackson/dataformat/jackson-dataformat-cbor/2.13.4/jackson-dataformat-cbor-2.13.4.jar:/home/runner/.m2/repository/joda-time/joda-time/2.10.6/joda-time-2.10.6.jar:/home/runner/.m2/repository/com/amazonaws/aws-java-sdk-s3/1.12.261/aws-java-sdk-s3-1.12.261.jar:/home/runner/.m2/repository/com/amazonaws/aws-java-sdk-kms/1.12.261/aws-java-sdk-kms-1.12.261.jar:/home/runner/.m2/repository/com/amazonaws/jmespath-java/1.12.261/jmespath-java-1.12.261.jar:/home/runner/.m2/repository/org/kohsuke/metainf-services/metainf-services/1.8/metainf-services-1.8.jar:/home/runner/.m2/repository/org/apache/ozone/hdds-tools/1.4.0-SNAPSHOT/hdds-tools-1.4.0-SNAPSHOT.jar:/home/runner/.m2/repository/org/apache/ratis/ratis-tools/2.5.1/ratis-tools-2.5.1.jar:/home/runner/.m2/repository/commons-cli/commons-cli/1.2/commons-cli-1.2.jar:/home/runner/.m2/repository/org/apache/commons/commons-lang3/3.7/commons-lang3-3.7.jar:/home/runner/.m2/repository/org/apache/ozone/ozone-manager/1.4.0-SNAPSHOT/ozone-manager-1.4.0-SNAPSHOT-tests.jar:/home/runner/.m2/repository/org/apache/ozone/hdds-common/1.4.0-SNAPSHOT/hdds-common-1.4.0-SNAPSHOT-tests.jar:/home/runner/.m2/repository/org/apache/ozone/hdds-hadoop-dependency-client/1.4.0-SNAPSHOT/hdds-hadoop-dependency-client-1.4.0-SNAPSHOT.jar:/home/runner/.m2/repository/info/picocli/picocli/4.6.1/picocli-4.6.1.jar:/home/runner/.m2/repository/com/fasterxml/jackson/core/jackson-annotations/2.13.4/jackson-annotations-2.13.4.jar:/home/runner/.m2/repository/org/apache/ozone/hdds-annotation-processing/1.4.0-SNAPSHOT/hdds-annotation-processing-1.4.0-SNAPSHOT.jar:/home/runner/.m2/repository/javax/annotation/javax.annotation-api/1.2/javax.annotation-api-1.2.jar:/home/runner/.m2/repository/org/apache/ratis/ratis-netty/2.5.1/ratis-netty-2.5.1.jar:/home/runner/.m2/repository/org/apache/ratis/ratis-grpc/2.5.1/ratis-grpc-2.5.1.jar:/home/runner/.m2/repository/org/apache/commons/commons-pool2/2.6.0/commons-pool2-2.6.0.jar:/home/runner/.m2/repository/org/bouncycastle/bcpkix-jdk15on/1.67/bcpkix-jdk15on-1.67.jar:/home/runner/.m2/repository/commons-validator/commons-validator/1.6/commons-validator-1.6.jar:/home/runner/.m2/repository/commons-beanutils/commons-beanutils/1.9.4/commons-beanutils-1.9.4.jar:/home/runner/.m2/repository/commons-digester/commons-digester/1.8.1/commons-digester-1.8.1.jar:/home/runner/.m2/repository/commons-collections/commons-collections/3.2.2/commons-collections-3.2.2.jar:/home/runner/.m2/repository/io/jaegertracing/jaeger-client/1.6.0/jaeger-client-1.6.0.jar:/home/runner/.m2/repository/io/jaegertracing/jaeger-thrift/1.6.0/jaeger-thrift-1.6.0.jar:/home/runner/.m2/repository/org/apache/thrift/libthrift/0.14.1/libthrift-0.14.1.jar:/home/runner/.m2/repository/io/jaegertracing/jaeger-core/1.6.0/jaeger-core-1.6.0.jar:/home/runner/.m2/repository/io/jaegertracing/jaeger-tracerresolver/1.6.0/jaeger-tracerresolver-1.6.0.jar:/home/runner/.m2/repository/io/opentracing/contrib/opentracing-tracerresolver/0.1.8/opentracing-tracerresolver-0.1.8.jar:/home/runner/.m2/repository/org/jetbrains/kotlin/kotlin-stdlib/1.6.21/kotlin-stdlib-1.6.21.jar:/home/runner/.m2/repository/org/jetbrains/annotations/13.0/annotations-13.0.jar:/home/runner/.m2/repository/io/opentracing/opentracing-util/0.33.0/opentracing-util-0.33.0.jar:/home/runner/.m2/repository/io/opentracing/opentracing-api/0.33.0/opentracing-api-0.33.0.jar:/home/runner/.m2/repository/io/opentracing/opentracing-noop/0.33.0/opentracing-noop-0.33.0.jar:/home/runner/.m2/repository/org/yaml/snakeyaml/2.0/snakeyaml-2.0.jar:/home/runner/.m2/repository/io/grpc/grpc-api/1.51.1/grpc-api-1.51.1.jar:/home/runner/.m2/repository/io/grpc/grpc-context/1.51.1/grpc-context-1.51.1.jar:/home/runner/.m2/repository/com/fasterxml/uuid/java-uuid-generator/4.3.0/java-uuid-generator-4.3.0.jar:/home/runner/.m2/repository/junit/junit/4.13.1/junit-4.13.1.jar:/home/runner/.m2/repository/org/hamcrest/hamcrest-core/1.3/hamcrest-core-1.3.jar:/home/runner/.m2/repository/org/junit/jupiter/junit-jupiter-api/5.8.2/junit-jupiter-api-5.8.2.jar:/home/runner/.m2/repository/org/opentest4j/opentest4j/1.2.0/opentest4j-1.2.0.jar:/home/runner/.m2/repository/org/junit/platform/junit-platform-commons/1.8.2/junit-platform-commons-1.8.2.jar:/home/runner/.m2/repository/org/apiguardian/apiguardian-api/1.1.2/apiguardian-api-1.1.2.jar:/home/runner/.m2/repository/org/junit/jupiter/junit-jupiter-params/5.8.2/junit-jupiter-params-5.8.2.jar:/home/runner/.m2/repository/org/junit/jupiter/junit-jupiter-migrationsupport/5.8.2/junit-jupiter-migrationsupport-5.8.2.jar:/home/runner/.m2/repository/org/junit/jupiter/junit-jupiter-engine/5.8.2/junit-jupiter-engine-5.8.2.jar:/home/runner/.m2/repository/org/junit/platform/junit-platform-engine/1.8.2/junit-platform-engine-1.8.2.jar:/home/runner/.m2/repository/org/junit/vintage/junit-vintage-engine/5.8.2/junit-vintage-engine-5.8.2.jar:/home/runner/.m2/repository/org/junit/platform/junit-platform-launcher/1.8.2/junit-platform-launcher-1.8.2.jar:/home/runner/.m2/repository/org/mockito/mockito-core/3.5.9/mockito-core-3.5.9.jar:/home/runner/.m2/repository/net/bytebuddy/byte-buddy/1.10.13/byte-buddy-1.10.13.jar:/home/runner/.m2/repository/net/bytebuddy/byte-buddy-agent/1.10.13/byte-buddy-agent-1.10.13.jar:/home/runner/.m2/repository/org/objenesis/objenesis/1.0/objenesis-1.0.jar:/home/runner/.m2/repository/org/apache/hadoop/hadoop-kms/3.3.6/hadoop-kms-3.3.6.jar:/home/runner/.m2/repository/org/apache/hadoop/hadoop-auth/3.3.6/hadoop-auth-3.3.6.jar:/home/runner/.m2/repository/com/nimbusds/nimbus-jose-jwt/9.8.1/nimbus-jose-jwt-9.8.1.jar:/home/runner/.m2/repository/com/github/stephenc/jcip/jcip-annotations/1.0-1/jcip-annotations-1.0-1.jar:/home/runner/.m2/repository/org/apache/zookeeper/zookeeper/3.7.2/zookeeper-3.7.2.jar:/home/runner/.m2/repository/org/apache/zookeeper/zookeeper-jute/3.7.2/zookeeper-jute-3.7.2.jar:/home/runner/.m2/repository/org/apache/yetus/audience-annotations/0.12.0/audience-annotations-0.12.0.jar:/home/runner/.m2/repository/org/apache/curator/curator-framework/4.2.0/curator-framework-4.2.0.jar:/home/runner/.m2/repository/org/apache/hadoop/thirdparty/hadoop-shaded-guava/1.1.1/hadoop-shaded-guava-1.1.1.jar:/home/runner/.m2/repository/com/sun/jersey/jersey-core/1.19/jersey-core-1.19.jar:/home/runner/.m2/repository/javax/ws/rs/jsr311-api/1.1.1/jsr311-api-1.1.1.jar:/home/runner/.m2/repository/com/sun/jersey/jersey-server/1.19/jersey-server-1.19.jar:/home/runner/.m2/repository/javax/servlet/javax.servlet-api/3.1.0/javax.servlet-api-3.1.0.jar:/home/runner/.m2/repository/org/apache/hadoop/hadoop-common/3.3.6/hadoop-common-3.3.6.jar:/home/runner/.m2/repository/org/apache/commons/commons-math3/3.1.1/commons-math3-3.1.1.jar:/home/runner/.m2/repository/commons-net/commons-net/3.9.0/commons-net-3.9.0.jar:/home/runner/.m2/repository/com/sun/jersey/jersey-servlet/1.19/jersey-servlet-1.19.jar:/home/runner/.m2/repository/com/github/pjfanning/jersey-json/1.20/jersey-json-1.20.jar:/home/runner/.m2/repository/org/codehaus/jettison/jettison/1.1/jettison-1.1.jar:/home/runner/.m2/repository/com/sun/xml/bind/jaxb-impl/2.2.3-1/jaxb-impl-2.2.3-1.jar:/home/runner/.m2/repository/com/google/re2j/re2j/1.1/re2j-1.1.jar:/home/runner/.m2/repository/com/jcraft/jsch/0.1.54/jsch-0.1.54.jar:/home/runner/.m2/repository/org/apache/curator/curator-client/4.2.0/curator-client-4.2.0.jar:/home/runner/.m2/repository/org/apache/curator/curator-recipes/5.2.0/curator-recipes-5.2.0.jar:/home/runner/.m2/repository/org/apache/kerby/kerb-core/1.0.1/kerb-core-1.0.1.jar:/home/runner/.m2/repository/org/apache/kerby/kerby-pkix/1.0.1/kerby-pkix-1.0.1.jar:/home/runner/.m2/repository/org/apache/kerby/kerby-asn1/1.0.1/kerby-asn1-1.0.1.jar:/home/runner/.m2/repository/org/apache/kerby/kerby-util/1.0.1/kerby-util-1.0.1.jar:/home/runner/.m2/repository/dnsjava/dnsjava/2.1.7/dnsjava-2.1.7.jar:/home/runner/.m2/repository/org/xerial/snappy/snappy-java/1.1.8.2/snappy-java-1.1.8.2.jar:/home/runner/.m2/repository/com/fasterxml/jackson/core/jackson-databind/2.13.4.2/jackson-databind-2.13.4.2.jar:/home/runner/.m2/repository/org/apache/hadoop/hadoop-kms/3.3.6/hadoop-kms-3.3.6-tests.jar:/home/runner/.m2/repository/org/apache/ozone/hdds-server-scm/1.4.0-SNAPSHOT/hdds-server-scm-1.4.0-SNAPSHOT-tests.jar:/home/runner/.m2/repository/org/apache/ozone/hdds-container-service/1.4.0-SNAPSHOT/hdds-container-service-1.4.0-SNAPSHOT-tests.jar:/home/runner/.m2/repository/com/github/luben/zstd-jni/1.5.2-5/zstd-jni-1.5.2-5.jar:/home/runner/.m2/repository/commons-codec/commons-codec/1.15/commons-codec-1.15.jar:/home/runner/.m2/repository/io/netty/netty-codec/4.1.100.Final/netty-codec-4.1.100.Final.jar:/home/runner/.m2/repository/io/netty/netty-handler/4.1.100.Final/netty-handler-4.1.100.Final.jar:/home/runner/.m2/repository/org/apache/ozone/hdds-hadoop-dependency-test/1.4.0-SNAPSHOT/hdds-hadoop-dependency-test-1.4.0-SNAPSHOT.jar:/home/runner/.m2/repository/org/apache/hadoop/hadoop-common/3.3.6/hadoop-common-3.3.6-tests.jar:/home/runner/.m2/repository/org/apache/hadoop/hadoop-hdfs/3.3.6/hadoop-hdfs-3.3.6-tests.jar:/home/runner/.m2/repository/org/assertj/assertj-core/3.12.2/assertj-core-3.12.2.jar:/home/runner/.m2/repository/org/apache/hadoop/hadoop-distcp/3.3.6/hadoop-distcp-3.3.6.jar:/home/runner/.m2/repository/org/apache/hadoop/hadoop-mapreduce-client-jobclient/3.3.6/hadoop-mapreduce-client-jobclient-3.3.6.jar:/home/runner/.m2/repository/org/apache/hadoop/hadoop-mapreduce-client-common/3.3.6/hadoop-mapreduce-client-common-3.3.6.jar:/home/runner/.m2/repository/org/apache/hadoop/hadoop-yarn-common/3.3.6/hadoop-yarn-common-3.3.6.jar:/home/runner/.m2/repository/org/apache/hadoop/hadoop-yarn-api/3.3.6/hadoop-yarn-api-3.3.6.jar:/home/runner/.m2/repository/com/sun/jersey/contribs/jersey-guice/1.19/jersey-guice-1.19.jar:/home/runner/.m2/repository/com/fasterxml/jackson/jaxrs/jackson-jaxrs-json-provider/2.13.4/jackson-jaxrs-json-provider-2.13.4.jar:/home/runner/.m2/repository/com/fasterxml/jackson/jaxrs/jackson-jaxrs-base/2.13.4/jackson-jaxrs-base-2.13.4.jar:/home/runner/.m2/repository/org/apache/hadoop/hadoop-yarn-client/3.3.6/hadoop-yarn-client-3.3.6.jar:/home/runner/.m2/repository/org/eclipse/jetty/websocket/websocket-client/9.4.51.v20230217/websocket-client-9.4.51.v20230217.jar:/home/runner/.m2/repository/org/eclipse/jetty/websocket/websocket-common/9.4.51.v20230217/websocket-common-9.4.51.v20230217.jar:/home/runner/.m2/repository/org/eclipse/jetty/websocket/websocket-api/9.4.51.v20230217/websocket-api-9.4.51.v20230217.jar:/home/runner/.m2/repository/org/jline/jline/3.9.0/jline-3.9.0.jar:/home/runner/.m2/repository/org/apache/hadoop/hadoop-mapreduce-client-core/3.3.6/hadoop-mapreduce-client-core-3.3.6.jar:/home/runner/.m2/repository/org/apache/avro/avro/1.7.7/avro-1.7.7.jar:/home/runner/.m2/repository/com/thoughtworks/paranamer/paranamer/2.3/paranamer-2.3.jar:/home/runner/.m2/repository/org/apache/hadoop/hadoop-annotations/3.3.6/hadoop-annotations-3.3.6.jar:/usr/lib/jvm/temurin-8-jdk-amd64/jre/../lib/tools.jar:/home/runner/.m2/repository/io/netty/netty/3.10.6.Final/netty-3.10.6.Final.jar:/home/runner/.m2/repository/org/apache/hadoop/hadoop-distcp/3.3.6/hadoop-distcp-3.3.6-tests.jar:/home/runner/.m2/repository/org/slf4j/jul-to-slf4j/1.7.36/jul-to-slf4j-1.7.36.jar:/home/runner/work/ozone/ozone/hadoop-ozone/integration-test/target/gradle-enterprise/test-listeners.jar:"/>
    <property name="sun.cpu.endian" value="little"/>
    <property name="user.home" value="/home/runner"/>
    <property name="user.language" value="en"/>
    <property name="java.specification.vendor" value="Oracle Corporation"/>
    <property name="java.home" value="/usr/lib/jvm/temurin-8-jdk-amd64/jre"/>
    <property name="java.security.krb5.conf" value="/home/runner/work/ozone/ozone/hadoop-ozone/integration-test/target/test-classes/krb5.conf"/>
    <property name="file.separator" value="/"/>
    <property name="basedir" value="/home/runner/work/ozone/ozone/hadoop-ozone/integration-test"/>
    <property name="line.separator" value="&#10;"/>
    <property name="java.vm.specification.vendor" value="Oracle Corporation"/>
    <property name="java.specification.name" value="Java Platform API Specification"/>
    <property name="skip.installnpx" value="true"/>
    <property name="java.awt.graphicsenv" value="sun.awt.X11GraphicsEnvironment"/>
    <property name="surefire.real.class.path" value="/home/runner/work/ozone/ozone/hadoop-ozone/integration-test/target/surefire/surefirebooter5456653257230949570.jar:/home/runner/.m2/repository/org/jacoco/org.jacoco.agent/0.8.5/org.jacoco.agent-0.8.5-runtime.jar"/>
    <property name="sun.boot.class.path" value="/usr/lib/jvm/temurin-8-jdk-amd64/jre/lib/resources.jar:/usr/lib/jvm/temurin-8-jdk-amd64/jre/lib/rt.jar:/usr/lib/jvm/temurin-8-jdk-amd64/jre/lib/sunrsasign.jar:/usr/lib/jvm/temurin-8-jdk-amd64/jre/lib/jsse.jar:/usr/lib/jvm/temurin-8-jdk-amd64/jre/lib/jce.jar:/usr/lib/jvm/temurin-8-jdk-amd64/jre/lib/charsets.jar:/usr/lib/jvm/temurin-8-jdk-amd64/jre/lib/jfr.jar:/usr/lib/jvm/temurin-8-jdk-amd64/jre/classes"/>
    <property name="hadoop.log.dir" value="/home/runner/work/ozone/ozone/hadoop-ozone/integration-test/target/log"/>
    <property name="sun.management.compiler" value="HotSpot 64-Bit Tiered Compilers"/>
    <property name="java.runtime.version" value="1.8.0_382-b05"/>
    <property name="skip.npx" value="true"/>
    <property name="user.name" value="runner"/>
    <property name="java.net.preferIPv4Stack" value="true"/>
    <property name="path.separator" value=":"/>
    <property name="java.security.egd" value="file:///dev/urandom"/>
    <property name="os.version" value="5.15.0-1050-azure"/>
    <property name="java.endorsed.dirs" value="/usr/lib/jvm/temurin-8-jdk-amd64/jre/lib/endorsed"/>
    <property name="java.runtime.name" value="OpenJDK Runtime Environment"/>
    <property name="com.gradle.maven.scan.extension.test.listener.junitplatform.NestedExecutionSafeDelegatingTestExecutionListener" value="55dfebeb"/>
    <property name="file.encoding" value="UTF-8"/>
    <property name="java.vm.name" value="OpenJDK 64-Bit Server VM"/>
    <property name="test.build.webapps" value=""/>
    <property name="localRepository" value="/home/runner/.m2/repository"/>
    <property name="gradle.enterprise.listener.port" value="37241"/>
    <property name="jetty.git.hash" value="27bde00a0b95a1d5bbee0eae7984f891d2d0f8c9"/>
    <property name="java.vendor.url.bug" value="https://github.com/adoptium/adoptium-support/issues"/>
    <property name="require.test.libhadoop" value=""/>
    <property name="java.io.tmpdir" value="/tmp"/>
    <property name="java.version" value="1.8.0_382"/>
    <property name="user.dir" value="/home/runner/work/ozone/ozone/hadoop-ozone/integration-test"/>
    <property name="os.arch" value="amd64"/>
    <property name="test.build.classes" value="/home/runner/work/ozone/ozone/hadoop-ozone/integration-test/target/test-classes"/>
    <property name="java.vm.specification.name" value="Java Virtual Machine Specification"/>
    <property name="java.awt.printerjob" value="sun.print.PSPrinterJob"/>
    <property name="sun.os.patch.level" value="unknown"/>
    <property name="org.apache.ratis.thirdparty.io.netty.allocator.useCacheForAllThreads" value="false"/>
    <property name="hadoop.tmp.dir" value="/home/runner/work/ozone/ozone/hadoop-ozone/integration-test/target/tmp"/>
    <property name="java.library.path" value="/usr/java/packages/lib/amd64:/usr/lib64:/lib64:/lib:/usr/lib"/>
    <property name="java.vendor" value="Temurin"/>
    <property name="java.vm.info" value="mixed mode"/>
    <property name="java.vm.version" value="25.382-b05"/>
    <property name="java.specification.maintenance.version" value="5"/>
    <property name="sun.io.unicode.encoding" value="UnicodeLittle"/>
    <property name="java.ext.dirs" value="/usr/lib/jvm/temurin-8-jdk-amd64/jre/lib/ext:/usr/java/packages/lib/ext"/>
    <property name="java.class.version" value="52.0"/>
  </properties>
  <testcase name="testRenameDirToItsOwnSubDir" classname="TestOzoneFileSystemWithFSO" time="24.571">
    <system-out><![CDATA[2023-11-03 16:42:27,775 [main] WARN  server.ServerUtils (ServerUtils.java:getScmDbDir(155)) - ozone.scm.db.dirs is not configured. We recommend adding this setting. Falling back to ozone.metadata.dirs instead.
2023-11-03 16:42:28,068 [main] INFO  reflections.Reflections (Reflections.java:scan(232)) - Reflections took 222 ms to scan 7 urls, producing 164 keys and 384 values 
2023-11-03 16:42:28,245 [main] WARN  server.ServerUtils (ServerUtils.java:getScmDbDir(155)) - ozone.scm.db.dirs is not configured. We recommend adding this setting. Falling back to ozone.metadata.dirs instead.
2023-11-03 16:42:28,250 [main] INFO  ha.SCMHANodeDetails (SCMHANodeDetails.java:loadSCMHAConfig(210)) - ServiceID for StorageContainerManager is null
2023-11-03 16:42:28,270 [main] WARN  ha.SCMHANodeDetails (SCMHANodeDetails.java:validateSCMHAConfig(183)) - Invalid config ozone.scm.ratis.enable. The config was not specified, but the default value true conflicts with the expected config value false. Falling back to the expected value. Current State of SCM: SCM is running in Non-HA without Ratis Ratis SCM -> Non Ratis SCM or Non HA SCM -> HA SCM is not supported
2023-11-03 16:42:28,270 [main] INFO  ha.SCMHANodeDetails (SCMHANodeDetails.java:loadSCMHAConfig(215)) - ozone.scm.default.service.id is not defined, falling back to ozone.scm.service.ids to find serviceID for StorageContainerManager if it is HA enabled cluster
2023-11-03 16:42:29,111 [main] WARN  utils.HAUtils (HAUtils.java:getMetaDir(339)) - ozone.scm.db.dirs is not configured. We recommend adding this setting. Falling back to ozone.metadata.dirs instead.
2023-11-03 16:42:29,310 [main] WARN  db.DBStoreBuilder (DBStoreBuilder.java:applyDBDefinition(167)) - ozone.scm.db.dirs is not configured. We recommend adding this setting. Falling back to ozone.metadata.dirs instead.
2023-11-03 16:42:29,597 [main] INFO  net.NodeSchemaLoader (NodeSchemaLoader.java:loadSchemaFromFile(129)) - Loading schema from [jar:file:/home/runner/.m2/repository/org/apache/ozone/hdds-common/1.4.0-SNAPSHOT/hdds-common-1.4.0-SNAPSHOT.jar!/network-topology-default.xml]
2023-11-03 16:42:29,599 [main] INFO  net.NodeSchemaLoader (NodeSchemaLoader.java:loadSchema(176)) - Loading network topology layer schema file
2023-11-03 16:42:29,649 [main] INFO  metrics.MetricRegistries (MetricRegistriesLoader.java:load(64)) - Loaded MetricRegistries class org.apache.ratis.metrics.impl.MetricRegistriesImpl
2023-11-03 16:42:29,666 [main] INFO  upgrade.AbstractLayoutVersionManager (AbstractLayoutVersionManager.java:init(83)) - Initializing Layout version manager with metadata layout = HADOOP_PRC_PORTS_IN_DATANODEDETAILS (version = 7), software layout = HADOOP_PRC_PORTS_IN_DATANODEDETAILS (version = 7)
2023-11-03 16:42:29,919 [main] INFO  ha.SequenceIdGenerator (SequenceIdGenerator.java:upgradeToSequenceId(370)) - upgrade localId to 111677748019200000
2023-11-03 16:42:29,922 [main] INFO  ha.SequenceIdGenerator (SequenceIdGenerator.java:upgradeToSequenceId(380)) - upgrade delTxnId to 0
2023-11-03 16:42:29,932 [main] INFO  ha.SequenceIdGenerator (SequenceIdGenerator.java:upgradeToSequenceId(397)) - upgrade containerId to 0
2023-11-03 16:42:29,937 [main] INFO  ha.SequenceIdGenerator (SequenceIdGenerator.java:upgradeToCertificateSequenceId(444)) - upgrade CertificateId to 2
2023-11-03 16:42:29,940 [main] INFO  ha.SequenceIdGenerator (SequenceIdGenerator.java:<init>(241)) - Init the HA SequenceIdGenerator.
2023-11-03 16:42:30,024 [main] WARN  server.ServerUtils (ServerUtils.java:sanitizeUserArgs(80)) - ozone.scm.stale.node.interval value = 300000 is larger than max = 100000 based on the key value of ozone.scm.heartbeat.thread.interval, reset to the max value 100000.
2023-11-03 16:42:30,025 [main] WARN  server.ServerUtils (ServerUtils.java:sanitizeUserArgs(80)) - ozone.scm.stale.node.interval value = 300000 is larger than max = 100000 based on the key value of ozone.scm.heartbeat.thread.interval, reset to the max value 100000.
2023-11-03 16:42:30,032 [main] INFO  node.SCMNodeManager (SCMNodeManager.java:<init>(157)) - Entering startup safe mode.
2023-11-03 16:42:30,060 [main] INFO  algorithms.ContainerPlacementPolicyFactory (ContainerPlacementPolicyFactory.java:getPolicyInternal(86)) - Create container placement policy of type org.apache.hadoop.hdds.scm.container.placement.algorithms.SCMContainerPlacementRackAware
2023-11-03 16:42:30,066 [main] INFO  algorithms.ContainerPlacementPolicyFactory (ContainerPlacementPolicyFactory.java:getPolicyInternal(86)) - Create container placement policy of type org.apache.hadoop.hdds.scm.container.placement.algorithms.SCMContainerPlacementRackScatter
2023-11-03 16:42:30,078 [main] INFO  pipeline.PipelineStateManagerImpl (PipelineStateManagerImpl.java:initialize(78)) - No pipeline exists in current db
2023-11-03 16:42:30,098 [main] INFO  algorithms.LeaderChoosePolicyFactory (LeaderChoosePolicyFactory.java:getPolicy(57)) - Create leader choose policy of type org.apache.hadoop.hdds.scm.pipeline.leader.choose.algorithms.MinLeaderCountChoosePolicy
2023-11-03 16:42:30,099 [main] INFO  algorithms.ContainerPlacementPolicyFactory (ContainerPlacementPolicyFactory.java:getPolicyInternal(86)) - Create container placement policy of type org.apache.hadoop.hdds.scm.container.placement.algorithms.SCMContainerPlacementRackScatter
2023-11-03 16:42:30,109 [main] INFO  ha.SCMServiceManager (SCMServiceManager.java:register(42)) - Registering service BackgroundPipelineCreator.
2023-11-03 16:42:30,109 [main] INFO  pipeline.BackgroundPipelineCreator (BackgroundPipelineCreator.java:start(127)) - Starting RatisPipelineUtilsThread.
2023-11-03 16:42:30,124 [main] INFO  BackgroundPipelineScrubber (BackgroundSCMService.java:start(68)) - Starting BackgroundPipelineScrubber Service.
2023-11-03 16:42:30,127 [main] INFO  ha.SCMServiceManager (SCMServiceManager.java:register(42)) - Registering service BackgroundPipelineScrubber.
2023-11-03 16:42:30,139 [main] INFO  ExpiredContainerReplicaOpScrubber (BackgroundSCMService.java:start(68)) - Starting ExpiredContainerReplicaOpScrubber Service.
2023-11-03 16:42:30,141 [main] INFO  ha.SCMServiceManager (SCMServiceManager.java:register(42)) - Registering service ExpiredContainerReplicaOpScrubber.
2023-11-03 16:42:30,179 [main] INFO  algorithms.PipelineChoosePolicyFactory (PipelineChoosePolicyFactory.java:createPipelineChoosePolicyFromClass(78)) - Create pipeline choose policy of type org.apache.hadoop.hdds.scm.pipeline.choose.algorithms.RandomPipelineChoosePolicy
2023-11-03 16:42:30,183 [main] INFO  algorithms.PipelineChoosePolicyFactory (PipelineChoosePolicyFactory.java:createPipelineChoosePolicyFromClass(78)) - Create pipeline choose policy of type org.apache.hadoop.hdds.scm.pipeline.choose.algorithms.RandomPipelineChoosePolicy
2023-11-03 16:42:30,214 [main] INFO  ha.SCMServiceManager (SCMServiceManager.java:register(42)) - Registering service SCMBlockDeletingService.
2023-11-03 16:42:30,291 [main] INFO  replication.ReplicationManager (ReplicationManager.java:start(291)) - Starting Replication Monitor Thread.
2023-11-03 16:42:30,300 [main] INFO  ha.SCMServiceManager (SCMServiceManager.java:register(42)) - Registering service ReplicationManager.
2023-11-03 16:42:30,316 [ReplicationMonitor] INFO  replication.ReplicationManager (ReplicationManager.java:processAll(366)) - Replication Manager is not ready to run until 3000ms after safemode exit
2023-11-03 16:42:30,322 [main] INFO  safemode.ContainerSafeModeRule (ContainerSafeModeRule.java:<init>(90)) - containers with one replica threshold count 0
2023-11-03 16:42:30,327 [main] INFO  safemode.HealthyPipelineSafeModeRule (HealthyPipelineSafeModeRule.java:initializeRule(169)) - Total pipeline count is 0, healthy pipeline threshold count is 1
2023-11-03 16:42:30,329 [main] INFO  safemode.OneReplicaPipelineSafeModeRule (OneReplicaPipelineSafeModeRule.java:initializeRule(180)) - Total pipeline count is 0, pipeline's with at least one datanode reported threshold count is 0
2023-11-03 16:42:30,380 [main] INFO  server.StorageContainerManager (StorageContainerManager.java:<init>(427)) - SCM start with adminUsers: [runner]
2023-11-03 16:42:30,850 [main] INFO  audit.AuditLogger (AuditLogger.java:refreshDebugCmdSet(126)) - Refresh DebugCmdSet for SCMAudit to [].
2023-11-03 16:42:30,888 [main] INFO  ipc.CallQueueManager (CallQueueManager.java:<init>(90)) - Using callQueue: class java.util.concurrent.LinkedBlockingQueue, queueCapacity: 2000, scheduler: class org.apache.hadoop.ipc.DefaultRpcScheduler, ipcBackoff: false.
2023-11-03 16:42:30,934 [main] INFO  ipc.Server (Server.java:<init>(1287)) - Listener at 0.0.0.0:15002
2023-11-03 16:42:30,939 [Socket Reader #1 for port 15002] INFO  ipc.Server (Server.java:run(1323)) - Starting Socket Reader #1 for port 15002
2023-11-03 16:42:31,012 [main] INFO  audit.AuditLogger (AuditLogger.java:refreshDebugCmdSet(126)) - Refresh DebugCmdSet for SCMAudit to [].
2023-11-03 16:42:31,019 [main] INFO  ipc.CallQueueManager (CallQueueManager.java:<init>(90)) - Using callQueue: class java.util.concurrent.LinkedBlockingQueue, queueCapacity: 2000, scheduler: class org.apache.hadoop.ipc.DefaultRpcScheduler, ipcBackoff: false.
2023-11-03 16:42:31,019 [main] INFO  ipc.Server (Server.java:<init>(1287)) - Listener at 0.0.0.0:15001
2023-11-03 16:42:31,020 [Socket Reader #1 for port 15001] INFO  ipc.Server (Server.java:run(1323)) - Starting Socket Reader #1 for port 15001
2023-11-03 16:42:31,058 [main] INFO  audit.AuditLogger (AuditLogger.java:refreshDebugCmdSet(126)) - Refresh DebugCmdSet for SCMAudit to [].
2023-11-03 16:42:31,071 [main] INFO  ipc.CallQueueManager (CallQueueManager.java:<init>(90)) - Using callQueue: class java.util.concurrent.LinkedBlockingQueue, queueCapacity: 2000, scheduler: class org.apache.hadoop.ipc.DefaultRpcScheduler, ipcBackoff: false.
2023-11-03 16:42:31,072 [main] INFO  ipc.Server (Server.java:<init>(1287)) - Listener at 0.0.0.0:15000
2023-11-03 16:42:31,077 [Socket Reader #1 for port 15000] INFO  ipc.Server (Server.java:run(1323)) - Starting Socket Reader #1 for port 15000
2023-11-03 16:42:31,145 [main] INFO  ha.SCMServiceManager (SCMServiceManager.java:register(42)) - Registering service ContainerBalancer.
2023-11-03 16:42:31,146 [main] INFO  server.StorageContainerManager (StorageContainerManager.java:<init>(440)) - 
Container Balancer status:
Key                            Value
Running                        false
Container Balancer Configuration values:
Key                                                Value
Threshold                                          10
Max Datanodes to Involve per Iteration(percent)    20
Max Size to Move per Iteration                     500GB
Max Size Entering Target per Iteration             26GB
Max Size Leaving Source per Iteration              26GB
Number of Iterations                               10
Time Limit for Single Container's Movement         65min
Time Limit for Single Container's Replication      50min
Interval between each Iteration                    70min
Whether to Enable Network Topology                 false
Whether to Trigger Refresh Datanode Usage Info     false
Container IDs to Exclude from Balancing            None
Datanodes Specified to be Balanced                 None
Datanodes Excluded from Balancing                  None

2023-11-03 16:42:31,147 [main] INFO  ha.SCMContext (SCMContext.java:updateSafeModeStatus(230)) - Update SafeModeStatus from SafeModeStatus{safeModeStatus=true, preCheckPassed=false} to SafeModeStatus{safeModeStatus=true, preCheckPassed=false}.
2023-11-03 16:42:31,151 [main] INFO  server.StorageContainerManager (StorageContainerManager.java:start(1494)) - StorageContainerLocationProtocol RPC server is listening at /0.0.0.0:15000
2023-11-03 16:42:31,256 [main] WARN  impl.MetricsConfig (MetricsConfig.java:loadFirst(136)) - Cannot locate configuration: tried hadoop-metrics2-storagecontainermanager.properties,hadoop-metrics2.properties
2023-11-03 16:42:31,276 [main] INFO  impl.MetricsSystemImpl (MetricsSystemImpl.java:startTimer(378)) - Scheduled Metric snapshot period at 10 second(s).
2023-11-03 16:42:31,276 [main] INFO  impl.MetricsSystemImpl (MetricsSystemImpl.java:start(191)) - StorageContainerManager metrics system started
2023-11-03 16:42:31,687 [main] INFO  server.SCMClientProtocolServer (SCMClientProtocolServer.java:start(201)) - RPC server for Client  is listening at /0.0.0.0:15000
2023-11-03 16:42:31,693 [IPC Server Responder] INFO  ipc.Server (Server.java:run(1562)) - IPC Server Responder: starting
2023-11-03 16:42:31,720 [main] INFO  server.StorageContainerManager (StorageContainerManager.java:start(1507)) - ScmBlockLocationProtocol RPC server is listening at /0.0.0.0:15001
2023-11-03 16:42:31,721 [main] INFO  server.SCMBlockProtocolServer (SCMBlockProtocolServer.java:start(154)) - RPC server for Block Protocol is listening at /0.0.0.0:15001
2023-11-03 16:42:31,726 [IPC Server listener on 15000] INFO  ipc.Server (Server.java:run(1402)) - IPC Server listener on 15000: starting
2023-11-03 16:42:31,734 [IPC Server Responder] INFO  ipc.Server (Server.java:run(1562)) - IPC Server Responder: starting
2023-11-03 16:42:31,796 [IPC Server listener on 15001] INFO  ipc.Server (Server.java:run(1402)) - IPC Server listener on 15001: starting
2023-11-03 16:42:31,803 [main] INFO  server.SCMDatanodeProtocolServer (SCMDatanodeProtocolServer.java:start(193)) - ScmDatanodeProtocol RPC server for DataNodes is listening at /0.0.0.0:15002
2023-11-03 16:42:31,805 [IPC Server Responder] INFO  ipc.Server (Server.java:run(1562)) - IPC Server Responder: starting
2023-11-03 16:42:31,805 [IPC Server listener on 15002] INFO  ipc.Server (Server.java:run(1402)) - IPC Server listener on 15002: starting
2023-11-03 16:42:31,848 [JvmPauseMonitor0] INFO  util.JvmPauseMonitor (JvmPauseMonitor.java:run(103)) - JvmPauseMonitor-92e6787f-834e-4959-b7b7-52a8de32eae1: Started
2023-11-03 16:42:31,871 [main] INFO  http.BaseHttpServer (BaseHttpServer.java:newHttpServer2BuilderForOzone(223)) - Starting Web-server for scm at: http://0.0.0.0:15003
2023-11-03 16:42:31,871 [main] INFO  http.BaseHttpServer (BaseHttpServer.java:<init>(110)) - Hadoop Security Enabled: false Ozone Security Enabled: false Ozone HTTP Security Enabled: false 
2023-11-03 16:42:31,914 [main] INFO  util.log (Log.java:initialized(170)) - Logging initialized @6248ms to org.eclipse.jetty.util.log.Slf4jLog
2023-11-03 16:42:32,032 [main] WARN  server.AuthenticationFilter (AuthenticationFilter.java:constructSecretProvider(240)) - Unable to initialize FileSignerSecretProvider, falling back to use random secrets. Reason: Could not read signature secret file: /home/runner/hadoop-http-auth-signature-secret
2023-11-03 16:42:32,043 [main] INFO  http.HttpRequestLog (HttpRequestLog.java:getRequestLog(86)) - Http request log for http.requests.scm is not defined
2023-11-03 16:42:32,050 [main] INFO  http.HttpServer2 (HttpServer2.java:addGlobalFilter(1031)) - Added global filter 'safety' (class=org.apache.hadoop.hdds.server.http.HttpServer2$QuotingInputFilter)
2023-11-03 16:42:32,053 [main] INFO  http.HttpServer2 (HttpServer2.java:addFilter(1007)) - Added filter static_user_filter (class=org.apache.hadoop.http.lib.StaticUserWebFilter$StaticUserFilter) to context scm
2023-11-03 16:42:32,054 [main] INFO  http.HttpServer2 (HttpServer2.java:addFilter(1015)) - Added filter static_user_filter (class=org.apache.hadoop.http.lib.StaticUserWebFilter$StaticUserFilter) to context static
2023-11-03 16:42:32,054 [main] INFO  http.HttpServer2 (HttpServer2.java:addFilter(1015)) - Added filter static_user_filter (class=org.apache.hadoop.http.lib.StaticUserWebFilter$StaticUserFilter) to context logs
2023-11-03 16:42:32,097 [main] INFO  http.BaseHttpServer (BaseHttpServer.java:<init>(189)) - HTTP server of scm uses base directory /home/runner/work/ozone/ozone/hadoop-ozone/integration-test/target/test-dir/MiniOzoneClusterImpl-7c6973ba-416f-441c-aeb4-54a4245b8bbd/ozone-meta/webserver
2023-11-03 16:42:32,098 [main] INFO  http.HttpServer2 (HttpServer2.java:bindListener(1231)) - Jetty bound to port 15003
2023-11-03 16:42:32,100 [main] INFO  server.Server (Server.java:doStart(375)) - jetty-9.4.53.v20231009; built: 2023-10-09T12:29:09.265Z; git: 27bde00a0b95a1d5bbee0eae7984f891d2d0f8c9; jvm 1.8.0_382-b05
2023-11-03 16:42:32,136 [main] INFO  server.session (DefaultSessionIdManager.java:doStart(334)) - DefaultSessionIdManager workerName=node0
2023-11-03 16:42:32,136 [main] INFO  server.session (DefaultSessionIdManager.java:doStart(339)) - No SessionScavenger set, using defaults
2023-11-03 16:42:32,138 [main] INFO  server.session (HouseKeeper.java:startScavenging(132)) - node0 Scavenging every 660000ms
2023-11-03 16:42:32,155 [main] INFO  handler.ContextHandler (ContextHandler.java:doStart(921)) - Started o.e.j.s.ServletContextHandler@2fedaa2e{logs,/logs,file:///home/runner/work/ozone/ozone/hadoop-ozone/integration-test/target/log,AVAILABLE}
2023-11-03 16:42:32,156 [main] INFO  handler.ContextHandler (ContextHandler.java:doStart(921)) - Started o.e.j.s.ServletContextHandler@33acec5e{static,/static,file:///home/runner/work/ozone/ozone/hadoop-ozone/integration-test/target/test-classes/webapps/static,AVAILABLE}
2023-11-03 16:42:32,205 [main] INFO  handler.ContextHandler (ContextHandler.java:doStart(921)) - Started o.e.j.w.WebAppContext@5b5f48d5{scm,/,file:///home/runner/work/ozone/ozone/hadoop-ozone/integration-test/target/test-classes/webapps/scm/,AVAILABLE}{file:/home/runner/work/ozone/ozone/hadoop-ozone/integration-test/target/test-classes/webapps/scm}
2023-11-03 16:42:32,215 [main] INFO  server.AbstractConnector (AbstractConnector.java:doStart(333)) - Started ServerConnector@172f2717{HTTP/1.1, (http/1.1)}{0.0.0.0:15003}
2023-11-03 16:42:32,217 [main] INFO  server.Server (Server.java:doStart(415)) - Started @6552ms
2023-11-03 16:42:32,220 [main] INFO  impl.MetricsSinkAdapter (MetricsSinkAdapter.java:start(204)) - Sink prometheus started
2023-11-03 16:42:32,220 [main] INFO  impl.MetricsSystemImpl (MetricsSystemImpl.java:registerSink(305)) - Registered sink prometheus
2023-11-03 16:42:32,222 [main] INFO  http.BaseHttpServer (BaseHttpServer.java:updateConnectorAddress(354)) - HTTP server of scm listening at http://0.0.0.0:15003
2023-11-03 16:42:32,226 [main] WARN  server.ServerUtils (ServerUtils.java:getDBPath(311)) - ozone.om.db.dirs is not configured. We recommend adding this setting. Falling back to ozone.metadata.dirs instead.
2023-11-03 16:42:32,301 [main] INFO  audit.AuditLogger (AuditLogger.java:refreshDebugCmdSet(126)) - Refresh DebugCmdSet for OMAudit to [].
2023-11-03 16:42:32,405 [main] INFO  ha.OMHANodeDetails (OMHANodeDetails.java:loadOMHAConfig(115)) - ozone.om.internal.service.id is not defined, falling back to ozone.om.service.ids to find serviceID for OzoneManager if it is HA enabled cluster
2023-11-03 16:42:32,410 [main] INFO  ha.OMHANodeDetails (OMHANodeDetails.java:loadOMHAConfig(226)) - Configuration does not have ozone.om.address set. Falling back to the default OM address /127.0.0.1:15004
2023-11-03 16:42:32,410 [main] INFO  ha.OMHANodeDetails (OMHANodeDetails.java:getOMNodeDetailsForNonHA(254)) - OM Service ID is not set. Setting it to the default ID: omServiceIdDefault
2023-11-03 16:42:32,410 [main] INFO  ha.OMHANodeDetails (OMHANodeDetails.java:getOMNodeDetailsForNonHA(261)) - OM Node ID is not set. Setting it to the default ID: om1
2023-11-03 16:42:32,415 [main] WARN  server.ServerUtils (ServerUtils.java:getDBPath(311)) - ozone.om.db.dirs is not configured. We recommend adding this setting. Falling back to ozone.metadata.dirs instead.
2023-11-03 16:42:32,426 [main] INFO  upgrade.AbstractLayoutVersionManager (AbstractLayoutVersionManager.java:init(83)) - Initializing Layout version manager with metadata layout = QUOTA (version = 6), software layout = QUOTA (version = 6)
2023-11-03 16:42:32,530 [main] INFO  reflections.Reflections (Reflections.java:scan(232)) - Reflections took 99 ms to scan 2 urls, producing 190 keys and 532 values [using 2 cores]
2023-11-03 16:42:32,537 [main] INFO  upgrade.OMLayoutVersionManager (OMLayoutVersionManager.java:lambda$0(115)) - Skipping Upgrade Action MockOmUpgradeAction since it has been finalized.
2023-11-03 16:42:32,537 [main] INFO  upgrade.OMLayoutVersionManager (OMLayoutVersionManager.java:lambda$0(115)) - Skipping Upgrade Action QuotaRepairUpgradeAction since it has been finalized.
2023-11-03 16:42:32,539 [main] WARN  server.ServerUtils (ServerUtils.java:getDBPath(311)) - ozone.om.db.dirs is not configured. We recommend adding this setting. Falling back to ozone.metadata.dirs instead.
2023-11-03 16:42:32,731 [main] INFO  proxy.SCMBlockLocationFailoverProxyProvider (SCMBlockLocationFailoverProxyProvider.java:<init>(114)) - Created block location fail-over proxy with 1 nodes: [nodeId=scmNodeId,nodeAddress=/0.0.0.0:15001]
2023-11-03 16:42:32,807 [main] INFO  proxy.SCMBlockLocationFailoverProxyProvider (SCMBlockLocationFailoverProxyProvider.java:<init>(114)) - Created block location fail-over proxy with 1 nodes: [nodeId=scmNodeId,nodeAddress=/0.0.0.0:15001]
2023-11-03 16:42:33,107 [main] INFO  om.OzoneManager (OzoneManager.java:<init>(673)) - OM start with adminUsers: [runner]
2023-11-03 16:42:33,129 [main] WARN  server.ServerUtils (ServerUtils.java:getDBPath(311)) - ozone.om.db.dirs is not configured. We recommend adding this setting. Falling back to ozone.metadata.dirs instead.
2023-11-03 16:42:33,162 [main] INFO  helpers.OmKeyInfo (OmKeyInfo.java:getCodec(71)) - OmKeyInfo.getCodec ignorePipeline = true
2023-11-03 16:42:33,569 [main] INFO  om.OzoneManager (OzoneManager.java:instantiateServices(807)) - S3 Multi-Tenancy is disabled
2023-11-03 16:42:33,611 [main] INFO  om.OmSnapshotManager (OmSnapshotManager.java:<init>(176)) - Ozone filesystem snapshot feature is enabled.
2023-11-03 16:42:33,620 [main] WARN  server.ServerUtils (ServerUtils.java:getDBPath(311)) - ozone.om.snapshot.diff.db.dir is not configured. We recommend adding this setting. Falling back to ozone.metadata.dirs instead.
2023-11-03 16:42:33,679 [main] INFO  utils.NativeLibraryLoader (NativeLibraryLoader.java:loadLibrary(108)) - Loading Library: ozone_rocksdb_tools
2023-11-03 16:42:33,681 [main] INFO  snapshot.SnapshotDiffManager (SnapshotDiffManager.java:closeExecutorService(1702)) - Shutting down executorService: 'SstDumpToolExecutor'
2023-11-03 16:42:33,762 [main] INFO  om.OzoneManager (OzoneManager.java:addS3GVolumeToDB(4415)) - Created Volume s3v With Owner runner required for S3Gateway operations.
2023-11-03 16:42:33,839 [main] WARN  server.ServerUtils (ServerUtils.java:getDefaultRatisDirectory(323)) - Storage directory for Ratis is not configured. It is a good idea to map this to an SSD disk. Falling back to ozone.metadata.dirs
2023-11-03 16:42:33,840 [main] WARN  utils.OzoneManagerRatisUtils (OzoneManagerRatisUtils.java:getOMRatisSnapshotDirectory(473)) - ozone.om.ratis.snapshot.dir is not configured. Falling back to ozone.metadata.dirs config
2023-11-03 16:42:33,857 [main] WARN  server.ServerUtils (ServerUtils.java:getDefaultRatisDirectory(323)) - Storage directory for Ratis is not configured. It is a good idea to map this to an SSD disk. Falling back to ozone.metadata.dirs
2023-11-03 16:42:33,897 [main] INFO  ratis.OzoneManagerRatisServer (OzoneManagerRatisServer.java:<init>(167)) - Instantiating OM Ratis server with groupID: omServiceIdDefault and peers: localhost:15007
2023-11-03 16:42:33,919 [main] INFO  ratis.OzoneManagerStateMachine (OzoneManagerStateMachine.java:loadSnapshotInfoFromDB(697)) - LastAppliedIndex is set from TransactionInfo from OM DB as (t:0, i:~)
2023-11-03 16:42:33,993 [main] INFO  server.RaftServer (ConfUtils.java:logGet(46)) - raft.rpc.type = GRPC (default)
2023-11-03 16:42:34,005 [main] INFO  grpc.GrpcConfigKeys (ConfUtils.java:logFallback(53)) - raft.grpc.admin.host = null (fallback to raft.grpc.server.host)
2023-11-03 16:42:34,007 [main] INFO  grpc.GrpcConfigKeys (ConfUtils.java:logFallback(53)) - raft.grpc.admin.port = 15007 (fallback to raft.grpc.server.port)
2023-11-03 16:42:34,008 [main] INFO  grpc.GrpcConfigKeys (ConfUtils.java:logFallback(53)) - raft.grpc.client.host = null (fallback to raft.grpc.server.host)
2023-11-03 16:42:34,009 [main] INFO  grpc.GrpcConfigKeys (ConfUtils.java:logFallback(53)) - raft.grpc.client.port = 15007 (fallback to raft.grpc.server.port)
2023-11-03 16:42:34,009 [main] INFO  grpc.GrpcConfigKeys (ConfUtils.java:logGet(46)) - raft.grpc.server.host = null (default)
2023-11-03 16:42:34,009 [main] INFO  grpc.GrpcConfigKeys (ConfUtils.java:logGet(46)) - raft.grpc.server.port = 15007 (custom)
2023-11-03 16:42:34,010 [main] INFO  server.GrpcService (ConfUtils.java:logGet(46)) - raft.grpc.message.size.max = 33554432 (custom)
2023-11-03 16:42:34,011 [main] INFO  server.RaftServerConfigKeys (ConfUtils.java:logGet(46)) - raft.server.log.appender.buffer.byte-limit = 33554432 (custom)
2023-11-03 16:42:34,012 [main] INFO  server.GrpcService (ConfUtils.java:logGet(46)) - raft.grpc.flow.control.window = 1MB (=1048576) (default)
2023-11-03 16:42:34,013 [main] INFO  server.RaftServerConfigKeys (ConfUtils.java:logGet(46)) - raft.server.rpc.request.timeout = 3000ms (default)
2023-11-03 16:42:34,029 [main] INFO  grpc.GrpcConfigKeys (ConfUtils.java:logGet(46)) - raft.grpc.server.heartbeat.channel = true (default)
2023-11-03 16:42:34,034 [main] INFO  grpc.GrpcConfigKeys (ConfUtils.java:logGet(46)) - raft.grpc.server.async.request.thread.pool.cached = true (default)
2023-11-03 16:42:34,034 [main] INFO  grpc.GrpcConfigKeys (ConfUtils.java:logGet(46)) - raft.grpc.server.async.request.thread.pool.size = 32 (default)
2023-11-03 16:42:34,471 [JvmPauseMonitor0] WARN  util.JvmPauseMonitor (JvmPauseMonitor.java:detectPause(124)) - JvmPauseMonitor-92e6787f-834e-4959-b7b7-52a8de32eae1: Detected pause in JVM or host machine approximately 0.117s with 0.184s GC time.
GC pool 'PS MarkSweep' had collection(s): count=1 time=148ms
GC pool 'PS Scavenge' had collection(s): count=2 time=36ms
2023-11-03 16:42:34,494 [main] INFO  impl.DataStreamServerImpl (ConfUtils.java:logGet(46)) - raft.datastream.type = DISABLED (default)
2023-11-03 16:42:34,497 [main] INFO  server.RaftServerConfigKeys (ConfUtils.java:logGet(46)) - raft.server.threadpool.proxy.cached = true (default)
2023-11-03 16:42:34,498 [main] INFO  server.RaftServerConfigKeys (ConfUtils.java:logGet(46)) - raft.server.threadpool.proxy.size = 0 (default)
2023-11-03 16:42:34,498 [main] INFO  server.RaftServerConfigKeys (ConfUtils.java:logGet(46)) - raft.server.rpc.slowness.timeout = 120s (custom)
2023-11-03 16:42:34,499 [main] INFO  server.RaftServerConfigKeys (ConfUtils.java:logGet(46)) - raft.server.leaderelection.leader.step-down.wait-time = 10s (default)
2023-11-03 16:42:34,501 [main] INFO  server.RaftServerConfigKeys (ConfUtils.java:logGet(46)) - raft.server.storage.dir = [/home/runner/work/ozone/ozone/hadoop-ozone/integration-test/target/test-dir/MiniOzoneClusterImpl-7c6973ba-416f-441c-aeb4-54a4245b8bbd/ozone-meta/ratis] (custom)
2023-11-03 16:42:34,517 [main] INFO  server.RaftServer (RaftServerProxy.java:addNew(98)) - om1: addNew group-C5BA1605619E:[om1|rpc:localhost:15007|priority:0|startupRole:FOLLOWER] returns group-C5BA1605619E:java.util.concurrent.CompletableFuture@27ef226[Not completed]
2023-11-03 16:42:34,518 [main] INFO  om.OzoneManager (OzoneManager.java:initializeRatisServer(2155)) - OzoneManager Ratis server initialized at port 15007
2023-11-03 16:42:34,522 [main] INFO  om.OzoneManager (OzoneManager.java:getRpcServer(1209)) - Creating RPC Server
2023-11-03 16:42:34,558 [om1-groupManagement] INFO  server.RaftServer$Division (RaftServerImpl.java:<init>(198)) - om1: new RaftServerImpl for group-C5BA1605619E:[om1|rpc:localhost:15007|priority:0|startupRole:FOLLOWER] with OzoneManagerStateMachine:uninitialized
2023-11-03 16:42:34,560 [om1-groupManagement] INFO  server.RaftServerConfigKeys (ConfUtils.java:logGet(46)) - raft.server.rpc.timeout.min = 1s (custom)
2023-11-03 16:42:34,561 [om1-groupManagement] INFO  server.RaftServerConfigKeys (ConfUtils.java:logGet(46)) - raft.server.rpc.timeout.max = 1200ms (custom)
2023-11-03 16:42:34,561 [om1-groupManagement] INFO  server.RaftServerConfigKeys (ConfUtils.java:logGet(46)) - raft.server.rpc.sleep.time = 25ms (default)
2023-11-03 16:42:34,561 [om1-groupManagement] INFO  server.RaftServerConfigKeys (ConfUtils.java:logGet(46)) - raft.server.rpc.slowness.timeout = 120s (custom)
2023-11-03 16:42:34,561 [om1-groupManagement] INFO  server.RaftServerConfigKeys (ConfUtils.java:logGet(46)) - raft.server.leaderelection.leader.step-down.wait-time = 10s (default)
2023-11-03 16:42:34,561 [om1-groupManagement] INFO  server.RaftServerConfigKeys (ConfUtils.java:logGet(46)) - raft.server.sleep.deviation.threshold = 300ms (default)
2023-11-03 16:42:34,574 [om1-groupManagement] INFO  server.RaftServer$Division (ServerState.java:<init>(120)) - om1@group-C5BA1605619E: ConfigurationManager, init=-1: peers:[om1|rpc:localhost:15007|priority:0|startupRole:FOLLOWER]|listeners:[], old=null, confs=<EMPTY_MAP>
2023-11-03 16:42:34,575 [om1-groupManagement] INFO  server.RaftServerConfigKeys (ConfUtils.java:logGet(46)) - raft.server.storage.dir = [/home/runner/work/ozone/ozone/hadoop-ozone/integration-test/target/test-dir/MiniOzoneClusterImpl-7c6973ba-416f-441c-aeb4-54a4245b8bbd/ozone-meta/ratis] (custom)
2023-11-03 16:42:34,603 [om1-groupManagement] INFO  server.RaftServerConfigKeys (ConfUtils.java:logGet(46)) - raft.server.log.corruption.policy = EXCEPTION (default)
2023-11-03 16:42:34,604 [om1-groupManagement] INFO  server.RaftServerConfigKeys (ConfUtils.java:logGet(46)) - raft.server.storage.free-space.min = 0MB (=0) (default)
2023-11-03 16:42:34,621 [om1-groupManagement] INFO  server.RaftServerConfigKeys (ConfUtils.java:logGet(46)) - raft.server.notification.no-leader.timeout = 120s (custom)
2023-11-03 16:42:34,628 [om1-groupManagement] INFO  server.RaftServerConfigKeys (ConfUtils.java:logGet(46)) - raft.server.read.timeout = 10s (default)
2023-11-03 16:42:34,633 [om1-groupManagement] INFO  server.RaftServerConfigKeys (ConfUtils.java:logGet(46)) - raft.server.retrycache.expirytime = 300s (custom)
2023-11-03 16:42:34,633 [om1-groupManagement] INFO  server.RaftServerConfigKeys (ConfUtils.java:logGet(46)) - raft.server.retrycache.statistics.expirytime = 100μs (default)
2023-11-03 16:42:34,715 [om1-groupManagement] INFO  server.RaftServerConfigKeys (ConfUtils.java:logGet(46)) - raft.server.read.option = DEFAULT (default)
2023-11-03 16:42:34,815 [om1-groupManagement] INFO  server.RaftServerConfigKeys (ConfUtils.java:logGet(46)) - raft.server.rpc.request.timeout = 3000ms (default)
2023-11-03 16:42:34,820 [om1-groupManagement] INFO  server.RaftServerConfigKeys (ConfUtils.java:logGet(46)) - raft.server.log.appender.install.snapshot.enabled = false (custom)
2023-11-03 16:42:34,821 [om1-groupManagement] INFO  server.RaftServerConfigKeys (ConfUtils.java:logGet(46)) - raft.server.threadpool.server.cached = true (default)
2023-11-03 16:42:34,821 [om1-groupManagement] INFO  server.RaftServerConfigKeys (ConfUtils.java:logGet(46)) - raft.server.threadpool.server.size = 0 (default)
2023-11-03 16:42:34,822 [om1-groupManagement] INFO  server.RaftServerConfigKeys (ConfUtils.java:logGet(46)) - raft.server.threadpool.client.cached = true (default)
2023-11-03 16:42:34,822 [om1-groupManagement] INFO  server.RaftServerConfigKeys (ConfUtils.java:logGet(46)) - raft.server.threadpool.client.size = 0 (default)
2023-11-03 16:42:35,527 [main] INFO  reflections.Reflections (Reflections.java:scan(232)) - Reflections took 888 ms to scan 20 urls, producing 72 keys and 6066 values [using 2 cores]
2023-11-03 16:42:35,775 [main] INFO  ipc.CallQueueManager (CallQueueManager.java:<init>(90)) - Using callQueue: class java.util.concurrent.LinkedBlockingQueue, queueCapacity: 2000, scheduler: class org.apache.hadoop.ipc.DefaultRpcScheduler, ipcBackoff: false.
2023-11-03 16:42:35,776 [main] INFO  ipc.Server (Server.java:<init>(1287)) - Listener at 127.0.0.1:15004
2023-11-03 16:42:35,777 [Socket Reader #1 for port 15004] INFO  ipc.Server (Server.java:run(1323)) - Starting Socket Reader #1 for port 15004
2023-11-03 16:42:35,823 [main] INFO  impl.MetricsSystemImpl (MetricsSystemImpl.java:init(158)) - OzoneManager metrics system started (again)
2023-11-03 16:42:35,850 [main] INFO  om.OzoneManager (OzoneManager.java:start(1643)) - OzoneManager RPC server is listening at localhost/127.0.0.1:15004
2023-11-03 16:42:35,851 [main] INFO  ratis.OzoneManagerRatisServer (OzoneManagerRatisServer.java:start(583)) - Starting OzoneManagerRatisServer om1 at port 15007
2023-11-03 16:42:35,859 [om1-impl-thread1] INFO  storage.RaftStorageDirectory (RaftStorageDirectoryImpl.java:analyzeStorage(137)) - The storage directory /home/runner/work/ozone/ozone/hadoop-ozone/integration-test/target/test-dir/MiniOzoneClusterImpl-7c6973ba-416f-441c-aeb4-54a4245b8bbd/ozone-meta/ratis/bf265839-605b-3f16-9796-c5ba1605619e does not exist. Creating ...
2023-11-03 16:42:35,865 [om1-impl-thread1] INFO  storage.RaftStorageDirectory (RaftStorageDirectoryImpl.java:tryLock(231)) - Lock on /home/runner/work/ozone/ozone/hadoop-ozone/integration-test/target/test-dir/MiniOzoneClusterImpl-7c6973ba-416f-441c-aeb4-54a4245b8bbd/ozone-meta/ratis/bf265839-605b-3f16-9796-c5ba1605619e/in_use.lock acquired by nodename 31069@fv-az292-536
2023-11-03 16:42:35,882 [om1-impl-thread1] INFO  storage.RaftStorage (RaftStorageImpl.java:format(96)) - Storage directory /home/runner/work/ozone/ozone/hadoop-ozone/integration-test/target/test-dir/MiniOzoneClusterImpl-7c6973ba-416f-441c-aeb4-54a4245b8bbd/ozone-meta/ratis/bf265839-605b-3f16-9796-c5ba1605619e has been successfully formatted.
2023-11-03 16:42:35,887 [om1-impl-thread1] INFO  server.RaftServerConfigKeys (ConfUtils.java:logGet(46)) - raft.server.log.use.memory = false (default)
2023-11-03 16:42:35,899 [om1-impl-thread1] INFO  server.RaftServerConfigKeys (ConfUtils.java:logGet(46)) - raft.server.log.purge.gap = 1000000 (custom)
2023-11-03 16:42:35,900 [om1-impl-thread1] INFO  server.RaftServerConfigKeys (ConfUtils.java:logGet(46)) - raft.server.log.appender.buffer.byte-limit = 33554432 (custom)
2023-11-03 16:42:35,902 [om1-impl-thread1] INFO  server.RaftServerConfigKeys (ConfUtils.java:logGet(46)) - raft.server.log.statemachine.data.read.timeout = 1000ms (default)
2023-11-03 16:42:35,903 [om1-impl-thread1] INFO  server.RaftServerConfigKeys (ConfUtils.java:logGet(46)) - raft.server.log.purge.preservation.log.num = 0 (default)
2023-11-03 16:42:35,906 [om1-impl-thread1] INFO  server.RaftServerConfigKeys (ConfUtils.java:logGet(46)) - raft.server.log.segment.size.max = 4194304 (custom)
2023-11-03 16:42:35,913 [om1-impl-thread1] INFO  server.RaftServerConfigKeys (ConfUtils.java:logGet(46)) - raft.server.log.segment.cache.num.max = 2 (custom)
2023-11-03 16:42:35,914 [om1-impl-thread1] INFO  server.RaftServerConfigKeys (ConfUtils.java:logGet(46)) - raft.server.log.segment.cache.size.max = 200MB (=209715200) (default)
2023-11-03 16:42:35,914 [om1-impl-thread1] INFO  server.RaftServerConfigKeys (ConfUtils.java:logGet(46)) - raft.server.log.appender.buffer.byte-limit = 33554432 (custom)
2023-11-03 16:42:35,922 [om1-impl-thread1] INFO  segmented.SegmentedRaftLogWorker (SegmentedRaftLogWorker.java:<init>(188)) - new om1@group-C5BA1605619E-SegmentedRaftLogWorker for RaftStorageImpl:Storage Directory /home/runner/work/ozone/ozone/hadoop-ozone/integration-test/target/test-dir/MiniOzoneClusterImpl-7c6973ba-416f-441c-aeb4-54a4245b8bbd/ozone-meta/ratis/bf265839-605b-3f16-9796-c5ba1605619e
2023-11-03 16:42:35,923 [om1-impl-thread1] INFO  server.RaftServerConfigKeys (ConfUtils.java:logGet(46)) - raft.server.log.queue.byte-limit = 64MB (=67108864) (default)
2023-11-03 16:42:35,923 [om1-impl-thread1] INFO  server.RaftServerConfigKeys (ConfUtils.java:logGet(46)) - raft.server.log.queue.element-limit = 4096 (default)
2023-11-03 16:42:35,925 [om1-impl-thread1] INFO  server.RaftServerConfigKeys (ConfUtils.java:logGet(46)) - raft.server.log.segment.size.max = 4194304 (custom)
2023-11-03 16:42:35,925 [om1-impl-thread1] INFO  server.RaftServerConfigKeys (ConfUtils.java:logGet(46)) - raft.server.log.preallocated.size = 4194304 (custom)
2023-11-03 16:42:35,926 [om1-impl-thread1] INFO  server.RaftServerConfigKeys (ConfUtils.java:logGet(46)) - raft.server.log.force.sync.num = 128 (default)
2023-11-03 16:42:35,927 [om1-impl-thread1] INFO  server.RaftServerConfigKeys (ConfUtils.java:logGet(46)) - raft.server.log.statemachine.data.sync = true (default)
2023-11-03 16:42:35,928 [om1-impl-thread1] INFO  server.RaftServerConfigKeys (ConfUtils.java:logGet(46)) - raft.server.log.statemachine.data.sync.timeout = 10s (default)
2023-11-03 16:42:35,928 [om1-impl-thread1] INFO  server.RaftServerConfigKeys (ConfUtils.java:logGet(46)) - raft.server.log.statemachine.data.sync.timeout.retry = -1 (default)
2023-11-03 16:42:35,940 [om1-impl-thread1] INFO  server.RaftServerConfigKeys (ConfUtils.java:logGet(46)) - raft.server.log.write.buffer.size = 64KB (=65536) (default)
2023-11-03 16:42:35,941 [om1-impl-thread1] INFO  server.RaftServerConfigKeys (ConfUtils.java:logGet(46)) - raft.server.log.appender.buffer.byte-limit = 33554432 (custom)
2023-11-03 16:42:35,948 [om1-impl-thread1] INFO  server.RaftServerConfigKeys (ConfUtils.java:logGet(46)) - raft.server.log.unsafe-flush.enabled = false (default)
2023-11-03 16:42:35,949 [om1-impl-thread1] INFO  server.RaftServerConfigKeys (ConfUtils.java:logGet(46)) - raft.server.log.async-flush.enabled = false (default)
2023-11-03 16:42:35,949 [om1-impl-thread1] INFO  server.RaftServerConfigKeys (ConfUtils.java:logGet(46)) - raft.server.log.statemachine.data.caching.enabled = false (default)
2023-11-03 16:42:35,957 [om1-impl-thread1] INFO  segmented.SegmentedRaftLogWorker (SegmentedRaftLogWorker.java:lambda$new$0(135)) - om1@group-C5BA1605619E-SegmentedRaftLogWorker: flushIndex: setUnconditionally 0 -> -1
2023-11-03 16:42:35,957 [om1-impl-thread1] INFO  segmented.SegmentedRaftLogWorker (SegmentedRaftLogWorker.java:lambda$new$0(135)) - om1@group-C5BA1605619E-SegmentedRaftLogWorker: safeCacheEvictIndex: setUnconditionally 0 -> -1
2023-11-03 16:42:35,959 [om1-impl-thread1] INFO  server.RaftServer$Division (RaftServerImpl.java:start(342)) - om1@group-C5BA1605619E: start as a follower, conf=-1: peers:[om1|rpc:localhost:15007|priority:0|startupRole:FOLLOWER]|listeners:[], old=null
2023-11-03 16:42:35,965 [om1-impl-thread1] INFO  server.RaftServer$Division (RaftServerImpl.java:setRole(329)) - om1@group-C5BA1605619E: changes role from      null to FOLLOWER at term 0 for startAsFollower
2023-11-03 16:42:35,968 [om1-impl-thread1] INFO  impl.RoleInfo (RoleInfo.java:updateAndGet(139)) - om1: start om1@group-C5BA1605619E-FollowerState
2023-11-03 16:42:35,969 [om1@group-C5BA1605619E-FollowerState] INFO  server.RaftServerConfigKeys (ConfUtils.java:logFallback(53)) - raft.server.rpc.first-election.timeout.min = 1s (fallback to raft.server.rpc.timeout.min)
2023-11-03 16:42:35,969 [om1@group-C5BA1605619E-FollowerState] INFO  server.RaftServerConfigKeys (ConfUtils.java:logFallback(53)) - raft.server.rpc.first-election.timeout.max = 1200ms (fallback to raft.server.rpc.timeout.max)
2023-11-03 16:42:35,970 [om1-impl-thread1] INFO  util.JmxRegister (JmxRegister.java:tryRegister(44)) - Successfully registered JMX Bean with object name Ratis:service=RaftServer,group=group-C5BA1605619E,id=om1
2023-11-03 16:42:35,973 [om1-impl-thread1] INFO  server.RaftServerConfigKeys (ConfUtils.java:logGet(46)) - raft.server.snapshot.auto.trigger.enabled = true (custom)
2023-11-03 16:42:35,974 [om1-impl-thread1] INFO  server.RaftServerConfigKeys (ConfUtils.java:logGet(46)) - raft.server.snapshot.auto.trigger.threshold = 400000 (default)
2023-11-03 16:42:35,974 [om1-impl-thread1] INFO  server.RaftServerConfigKeys (ConfUtils.java:logGet(46)) - raft.server.snapshot.retention.file.num = -1 (default)
2023-11-03 16:42:35,975 [om1-impl-thread1] INFO  server.RaftServerConfigKeys (ConfUtils.java:logGet(46)) - raft.server.log.purge.upto.snapshot.index = true (custom)
2023-11-03 16:42:35,981 [main] INFO  server.RaftServer (RaftServerProxy.java:startImpl(400)) - om1: start RPC server
2023-11-03 16:42:36,077 [main] INFO  server.GrpcService (GrpcService.java:startImpl(302)) - om1: GrpcService started, listening on 15007
2023-11-03 16:42:36,078 [JvmPauseMonitor1] INFO  util.JvmPauseMonitor (JvmPauseMonitor.java:run(103)) - JvmPauseMonitor-om1: Started
2023-11-03 16:42:36,080 [main] INFO  om.OzoneManager (OzoneManager.java:start(1659)) - Version File has different layout version (6) than OM DB (null). That is expected if this OM has never been finalized to a newer layout version.
2023-11-03 16:42:36,115 [main] INFO  http.BaseHttpServer (BaseHttpServer.java:newHttpServer2BuilderForOzone(223)) - Starting Web-server for ozoneManager at: http://0.0.0.0:15005
2023-11-03 16:42:36,115 [main] INFO  http.BaseHttpServer (BaseHttpServer.java:<init>(110)) - Hadoop Security Enabled: false Ozone Security Enabled: false Ozone HTTP Security Enabled: false 
2023-11-03 16:42:36,117 [main] WARN  server.AuthenticationFilter (AuthenticationFilter.java:constructSecretProvider(240)) - Unable to initialize FileSignerSecretProvider, falling back to use random secrets. Reason: Could not read signature secret file: /home/runner/hadoop-http-auth-signature-secret
2023-11-03 16:42:36,125 [main] INFO  http.HttpRequestLog (HttpRequestLog.java:getRequestLog(86)) - Http request log for http.requests.ozoneManager is not defined
2023-11-03 16:42:36,130 [main] INFO  http.HttpServer2 (HttpServer2.java:addGlobalFilter(1031)) - Added global filter 'safety' (class=org.apache.hadoop.hdds.server.http.HttpServer2$QuotingInputFilter)
2023-11-03 16:42:36,131 [main] INFO  http.HttpServer2 (HttpServer2.java:addFilter(1007)) - Added filter static_user_filter (class=org.apache.hadoop.http.lib.StaticUserWebFilter$StaticUserFilter) to context ozoneManager
2023-11-03 16:42:36,131 [main] INFO  http.HttpServer2 (HttpServer2.java:addFilter(1015)) - Added filter static_user_filter (class=org.apache.hadoop.http.lib.StaticUserWebFilter$StaticUserFilter) to context logs
2023-11-03 16:42:36,131 [main] INFO  http.HttpServer2 (HttpServer2.java:addFilter(1015)) - Added filter static_user_filter (class=org.apache.hadoop.http.lib.StaticUserWebFilter$StaticUserFilter) to context static
2023-11-03 16:42:36,132 [main] INFO  http.BaseHttpServer (BaseHttpServer.java:<init>(189)) - HTTP server of ozoneManager uses base directory /home/runner/work/ozone/ozone/hadoop-ozone/integration-test/target/test-dir/MiniOzoneClusterImpl-7c6973ba-416f-441c-aeb4-54a4245b8bbd/ozone-meta/webserver
2023-11-03 16:42:36,137 [main] INFO  http.HttpServer2 (HttpServer2.java:bindListener(1231)) - Jetty bound to port 15005
2023-11-03 16:42:36,137 [main] INFO  server.Server (Server.java:doStart(375)) - jetty-9.4.53.v20231009; built: 2023-10-09T12:29:09.265Z; git: 27bde00a0b95a1d5bbee0eae7984f891d2d0f8c9; jvm 1.8.0_382-b05
2023-11-03 16:42:36,150 [main] INFO  server.session (DefaultSessionIdManager.java:doStart(334)) - DefaultSessionIdManager workerName=node0
2023-11-03 16:42:36,151 [main] INFO  server.session (DefaultSessionIdManager.java:doStart(339)) - No SessionScavenger set, using defaults
2023-11-03 16:42:36,151 [main] INFO  server.session (HouseKeeper.java:startScavenging(132)) - node0 Scavenging every 600000ms
2023-11-03 16:42:36,152 [main] INFO  handler.ContextHandler (ContextHandler.java:doStart(921)) - Started o.e.j.s.ServletContextHandler@62590e21{logs,/logs,file:///home/runner/work/ozone/ozone/hadoop-ozone/integration-test/target/log,AVAILABLE}
2023-11-03 16:42:36,153 [main] INFO  handler.ContextHandler (ContextHandler.java:doStart(921)) - Started o.e.j.s.ServletContextHandler@1f420cc9{static,/static,file:///home/runner/work/ozone/ozone/hadoop-ozone/integration-test/target/test-classes/webapps/static,AVAILABLE}
2023-11-03 16:42:36,157 [main] INFO  handler.ContextHandler (ContextHandler.java:doStart(921)) - Started o.e.j.w.WebAppContext@3829fb0b{ozoneManager,/,file:///home/runner/work/ozone/ozone/hadoop-ozone/integration-test/target/test-classes/webapps/ozoneManager/,AVAILABLE}{file:/home/runner/work/ozone/ozone/hadoop-ozone/integration-test/target/test-classes/webapps/ozoneManager}
2023-11-03 16:42:36,160 [main] INFO  server.AbstractConnector (AbstractConnector.java:doStart(333)) - Started ServerConnector@18a0c124{HTTP/1.1, (http/1.1)}{0.0.0.0:15005}
2023-11-03 16:42:36,160 [main] INFO  server.Server (Server.java:doStart(415)) - Started @10494ms
2023-11-03 16:42:36,160 [main] WARN  impl.MetricsSystemImpl (MetricsSystemImpl.java:register(279)) - Sink prometheus already exists!
2023-11-03 16:42:36,161 [main] INFO  http.BaseHttpServer (BaseHttpServer.java:updateConnectorAddress(354)) - HTTP server of ozoneManager listening at http://0.0.0.0:15005
2023-11-03 16:42:36,161 [IPC Server Responder] INFO  ipc.Server (Server.java:run(1562)) - IPC Server Responder: starting
2023-11-03 16:42:36,166 [IPC Server listener on 15004] INFO  ipc.Server (Server.java:run(1402)) - IPC Server listener on 15004: starting
2023-11-03 16:42:36,210 [main] INFO  om.TrashPolicyOzone (TrashPolicyOzone.java:<init>(283)) - Ozone Manager trash configuration: Deletion interval = 0 minutes, Emptier interval = 0 minutes.
2023-11-03 16:42:36,364 [main] INFO  db.CodecBuffer (CodecBuffer.java:set(62)) - Successfully set constructor to org.apache.hadoop.hdds.utils.db.CodecBuffer$$Lambda$805/934426422@75798d55
2023-11-03 16:42:36,365 [main] WARN  impl.MetricRegistriesImpl (MetricRegistriesImpl.java:addReporterRegistration(111)) - New reporters are added after registries were created. Some metrics will be missing from the reporter. Please add reporter before adding any new registry.
2023-11-03 16:42:36,366 [main] WARN  impl.MetricRegistriesImpl (MetricRegistriesImpl.java:addReporterRegistration(111)) - New reporters are added after registries were created. Some metrics will be missing from the reporter. Please add reporter before adding any new registry.
2023-11-03 16:42:36,366 [main] INFO  impl.MetricsSystemImpl (MetricsSystemImpl.java:init(158)) - HddsDatanode metrics system started (again)
2023-11-03 16:42:36,389 [main] INFO  ozone.HddsDatanodeService (HddsDatanodeService.java:start(240)) - HddsDatanodeService host:fv-az292-536.tqgtyn10aqxuxoi0mkfbldi5vh.jx.internal.cloudapp.net ip:10.1.0.19
2023-11-03 16:42:36,434 [main] INFO  upgrade.AbstractLayoutVersionManager (AbstractLayoutVersionManager.java:init(83)) - Initializing Layout version manager with metadata layout = HADOOP_PRC_PORTS_IN_DATANODEDETAILS (version = 7), software layout = HADOOP_PRC_PORTS_IN_DATANODEDETAILS (version = 7)
2023-11-03 16:42:36,436 [main] INFO  statemachine.DatanodeStateMachine (DatanodeStateMachine.java:getEndPointTaskThreadPoolSize(299)) - Datanode State Machine Task Thread Pool size 2
2023-11-03 16:42:36,503 [main] INFO  volume.HddsVolume (HddsVolume.java:<init>(126)) - Creating HddsVolume: /home/runner/work/ozone/ozone/hadoop-ozone/integration-test/target/test-dir/MiniOzoneClusterImpl-7c6973ba-416f-441c-aeb4-54a4245b8bbd/datanode-0/data-0/containers/hdds of storage type : DISK capacity : 9223372036854775807
2023-11-03 16:42:36,507 [main] INFO  volume.MutableVolumeSet (MutableVolumeSet.java:initializeVolumeSet(173)) - Added Volume : /home/runner/work/ozone/ozone/hadoop-ozone/integration-test/target/test-dir/MiniOzoneClusterImpl-7c6973ba-416f-441c-aeb4-54a4245b8bbd/datanode-0/data-0/containers/hdds to VolumeSet
2023-11-03 16:42:36,511 [main] INFO  volume.MutableVolumeSet (MutableVolumeSet.java:initializeVolumeSet(173)) - Added Volume : /home/runner/work/ozone/ozone/hadoop-ozone/integration-test/target/test-dir/MiniOzoneClusterImpl-7c6973ba-416f-441c-aeb4-54a4245b8bbd/datanode-0/data/ratis to VolumeSet
2023-11-03 16:42:36,527 [84f1a9c9-622e-41e0-8205-2fe147efcf79-ContainerReader-0] INFO  ozoneimpl.ContainerReader (ContainerReader.java:readVolume(177)) - Finish verifying containers on volume /home/runner/work/ozone/ozone/hadoop-ozone/integration-test/target/test-dir/MiniOzoneClusterImpl-7c6973ba-416f-441c-aeb4-54a4245b8bbd/datanode-0/data-0/containers/hdds
2023-11-03 16:42:36,528 [main] INFO  ozoneimpl.OzoneContainer (OzoneContainer.java:buildContainerSet(326)) - Build ContainerSet costs 0s
2023-11-03 16:42:36,594 [main] INFO  audit.AuditLogger (AuditLogger.java:refreshDebugCmdSet(126)) - Refresh DebugCmdSet for DNAudit to [].
2023-11-03 16:42:36,636 [main] INFO  server.RaftServer (ConfUtils.java:logGet(46)) - raft.rpc.type = GRPC (default)
2023-11-03 16:42:36,637 [main] INFO  grpc.GrpcConfigKeys (ConfUtils.java:logFallback(53)) - raft.grpc.admin.host = null (fallback to raft.grpc.server.host)
2023-11-03 16:42:36,637 [main] INFO  grpc.GrpcConfigKeys (ConfUtils.java:logGet(46)) - raft.grpc.admin.port = 15013 (custom)
2023-11-03 16:42:36,637 [main] INFO  grpc.GrpcConfigKeys (ConfUtils.java:logFallback(53)) - raft.grpc.client.host = null (fallback to raft.grpc.server.host)
2023-11-03 16:42:36,638 [main] INFO  grpc.GrpcConfigKeys (ConfUtils.java:logGet(46)) - raft.grpc.client.port = 15012 (custom)
2023-11-03 16:42:36,638 [main] INFO  grpc.GrpcConfigKeys (ConfUtils.java:logGet(46)) - raft.grpc.server.host = null (default)
2023-11-03 16:42:36,638 [main] INFO  grpc.GrpcConfigKeys (ConfUtils.java:logGet(46)) - raft.grpc.server.port = 15014 (custom)
2023-11-03 16:42:36,638 [main] INFO  server.GrpcService (ConfUtils.java:logGet(46)) - raft.grpc.message.size.max = 32MB (=33554432) (custom)
2023-11-03 16:42:36,639 [main] INFO  server.RaftServerConfigKeys (ConfUtils.java:logGet(46)) - raft.server.log.appender.buffer.byte-limit = 33554432 (custom)
2023-11-03 16:42:36,639 [main] INFO  server.GrpcService (ConfUtils.java:logGet(46)) - raft.grpc.flow.control.window = 5MB (=5242880) (custom)
2023-11-03 16:42:36,639 [main] INFO  server.RaftServerConfigKeys (ConfUtils.java:logGet(46)) - raft.server.rpc.request.timeout = 60s (custom)
2023-11-03 16:42:36,639 [main] INFO  grpc.GrpcConfigKeys (ConfUtils.java:logGet(46)) - raft.grpc.server.heartbeat.channel = true (default)
2023-11-03 16:42:36,640 [main] INFO  grpc.GrpcConfigKeys (ConfUtils.java:logGet(46)) - raft.grpc.server.async.request.thread.pool.cached = true (default)
2023-11-03 16:42:36,640 [main] INFO  grpc.GrpcConfigKeys (ConfUtils.java:logGet(46)) - raft.grpc.server.async.request.thread.pool.size = 32 (default)
2023-11-03 16:42:36,644 [main] INFO  impl.DataStreamServerImpl (ConfUtils.java:logGet(46)) - raft.datastream.type = NETTY (custom)
2023-11-03 16:42:36,656 [main] INFO  server.RaftServerConfigKeys (ConfUtils.java:logGet(46)) - raft.server.data-stream.async.request.thread.pool.cached = false (default)
2023-11-03 16:42:36,657 [main] INFO  server.RaftServerConfigKeys (ConfUtils.java:logGet(46)) - raft.server.data-stream.async.request.thread.pool.size = 20 (custom)
2023-11-03 16:42:36,658 [main] INFO  server.RaftServerConfigKeys (ConfUtils.java:logGet(46)) - raft.server.data-stream.async.write.thread.pool.size = 16 (default)
2023-11-03 16:42:36,659 [main] INFO  server.RaftServerConfigKeys (ConfUtils.java:logGet(46)) - raft.server.data-stream.client.pool.size = 10 (default)
2023-11-03 16:42:36,663 [main] INFO  netty.NettyConfigKeys$DataStream (ConfUtils.java:logGet(46)) - raft.netty.dataStream.server.use-epoll = false (default)
2023-11-03 16:42:36,663 [main] INFO  netty.NettyConfigKeys$DataStream (ConfUtils.java:logGet(46)) - raft.netty.dataStream.server.boss-group.size = 0 (default)
2023-11-03 16:42:36,672 [main] INFO  netty.NettyConfigKeys$DataStream (ConfUtils.java:logGet(46)) - raft.netty.dataStream.server.worker-group.size = 0 (default)
2023-11-03 16:42:36,686 [main] INFO  netty.NettyConfigKeys$DataStream (ConfUtils.java:logGet(46)) - raft.netty.dataStream.server.tls.conf = null (default)
2023-11-03 16:42:36,688 [main] INFO  netty.NettyConfigKeys$DataStream (ConfUtils.java:logGet(46)) - raft.netty.dataStream.host = null (default)
2023-11-03 16:42:36,689 [main] INFO  netty.NettyConfigKeys$DataStream (ConfUtils.java:logGet(46)) - raft.netty.dataStream.port = 15015 (custom)
2023-11-03 16:42:36,702 [main] INFO  server.RaftServerConfigKeys (ConfUtils.java:logGet(46)) - raft.server.threadpool.proxy.cached = true (default)
2023-11-03 16:42:36,702 [main] INFO  server.RaftServerConfigKeys (ConfUtils.java:logGet(46)) - raft.server.threadpool.proxy.size = 0 (default)
2023-11-03 16:42:36,702 [main] INFO  server.RaftServerConfigKeys (ConfUtils.java:logGet(46)) - raft.server.rpc.slowness.timeout = 300s (custom)
2023-11-03 16:42:36,702 [main] INFO  server.RaftServerConfigKeys (ConfUtils.java:logGet(46)) - raft.server.leaderelection.leader.step-down.wait-time = 10s (default)
2023-11-03 16:42:36,703 [main] INFO  server.RaftServerConfigKeys (ConfUtils.java:logGet(46)) - raft.server.storage.dir = [/home/runner/work/ozone/ozone/hadoop-ozone/integration-test/target/test-dir/MiniOzoneClusterImpl-7c6973ba-416f-441c-aeb4-54a4245b8bbd/datanode-0/data/ratis] (custom)
2023-11-03 16:42:36,747 [84f1a9c9-622e-41e0-8205-2fe147efcf79-impl-thread1] INFO  server.RaftServer (RaftServerProxy.java:initGroupDir(258)) - 84f1a9c9-622e-41e0-8205-2fe147efcf79: found a subdirectory /home/runner/work/ozone/ozone/hadoop-ozone/integration-test/target/test-dir/MiniOzoneClusterImpl-7c6973ba-416f-441c-aeb4-54a4245b8bbd/datanode-0/data/ratis/tmp
2023-11-03 16:42:36,753 [84f1a9c9-622e-41e0-8205-2fe147efcf79-impl-thread1] INFO  server.RaftServer (RaftServerProxy.java:initGroupDir(263)) - 84f1a9c9-622e-41e0-8205-2fe147efcf79: The directory /home/runner/work/ozone/ozone/hadoop-ozone/integration-test/target/test-dir/MiniOzoneClusterImpl-7c6973ba-416f-441c-aeb4-54a4245b8bbd/datanode-0/data/ratis/tmp is not a group directory; ignoring it. 
2023-11-03 16:42:36,756 [main] INFO  replication.ReplicationServer (ReplicationServer.java:<init>(85)) - Initializing replication server with thread count = 10 queue length = 4096
2023-11-03 16:42:36,768 [84f1a9c9-622e-41e0-8205-2fe147efcf79-NettyServerStreamRpc-bossGroup--thread1] INFO  logging.LoggingHandler (AbstractInternalLogger.java:log(148)) - [id: 0x864c6780] REGISTERED
2023-11-03 16:42:36,769 [84f1a9c9-622e-41e0-8205-2fe147efcf79-NettyServerStreamRpc-bossGroup--thread1] INFO  logging.LoggingHandler (AbstractInternalLogger.java:log(148)) - [id: 0x864c6780] BIND: 0.0.0.0/0.0.0.0:15015
2023-11-03 16:42:36,777 [84f1a9c9-622e-41e0-8205-2fe147efcf79-NettyServerStreamRpc-bossGroup--thread1] INFO  logging.LoggingHandler (AbstractInternalLogger.java:log(148)) - [id: 0x864c6780, L:/0:0:0:0:0:0:0:0:15015] ACTIVE
2023-11-03 16:42:36,789 [main] INFO  server.XceiverServerGrpc (XceiverServerGrpc.java:<init>(135)) - GrpcServer channel type EpollServerSocketChannel
2023-11-03 16:42:36,841 [main] INFO  replication.ReplicationSupervisor (ReplicationSupervisor.java:build(163)) - Initializing replication supervisor with thread count = 10
2023-11-03 16:42:36,843 [main] INFO  replication.ReplicationSupervisor (ReplicationSupervisor.java:nodeStateUpdated(317)) - Node state updated to IN_SERVICE, scaling executor pool size to 10
2023-11-03 16:42:36,909 [main] INFO  http.BaseHttpServer (BaseHttpServer.java:newHttpServer2BuilderForOzone(223)) - Starting Web-server for hddsDatanode at: http://0.0.0.0:15009
2023-11-03 16:42:36,909 [main] INFO  http.BaseHttpServer (BaseHttpServer.java:<init>(110)) - Hadoop Security Enabled: false Ozone Security Enabled: false Ozone HTTP Security Enabled: false 
2023-11-03 16:42:36,911 [main] WARN  server.AuthenticationFilter (AuthenticationFilter.java:constructSecretProvider(240)) - Unable to initialize FileSignerSecretProvider, falling back to use random secrets. Reason: Could not read signature secret file: /home/runner/hadoop-http-auth-signature-secret
2023-11-03 16:42:36,913 [main] INFO  http.HttpRequestLog (HttpRequestLog.java:getRequestLog(86)) - Http request log for http.requests.hddsDatanode is not defined
2023-11-03 16:42:36,915 [main] INFO  http.HttpServer2 (HttpServer2.java:addGlobalFilter(1031)) - Added global filter 'safety' (class=org.apache.hadoop.hdds.server.http.HttpServer2$QuotingInputFilter)
2023-11-03 16:42:36,916 [main] INFO  http.HttpServer2 (HttpServer2.java:addFilter(1007)) - Added filter static_user_filter (class=org.apache.hadoop.http.lib.StaticUserWebFilter$StaticUserFilter) to context hddsDatanode
2023-11-03 16:42:36,917 [main] INFO  http.HttpServer2 (HttpServer2.java:addFilter(1015)) - Added filter static_user_filter (class=org.apache.hadoop.http.lib.StaticUserWebFilter$StaticUserFilter) to context static
2023-11-03 16:42:36,917 [main] INFO  http.HttpServer2 (HttpServer2.java:addFilter(1015)) - Added filter static_user_filter (class=org.apache.hadoop.http.lib.StaticUserWebFilter$StaticUserFilter) to context logs
2023-11-03 16:42:36,921 [main] INFO  http.BaseHttpServer (BaseHttpServer.java:<init>(189)) - HTTP server of hddsDatanode uses base directory /home/runner/work/ozone/ozone/hadoop-ozone/integration-test/target/test-dir/MiniOzoneClusterImpl-7c6973ba-416f-441c-aeb4-54a4245b8bbd/datanode-0/meta/webserver
2023-11-03 16:42:36,922 [main] INFO  http.HttpServer2 (HttpServer2.java:bindListener(1231)) - Jetty bound to port 15009
2023-11-03 16:42:36,922 [main] INFO  server.Server (Server.java:doStart(375)) - jetty-9.4.53.v20231009; built: 2023-10-09T12:29:09.265Z; git: 27bde00a0b95a1d5bbee0eae7984f891d2d0f8c9; jvm 1.8.0_382-b05
2023-11-03 16:42:36,924 [main] INFO  server.session (DefaultSessionIdManager.java:doStart(334)) - DefaultSessionIdManager workerName=node0
2023-11-03 16:42:36,924 [main] INFO  server.session (DefaultSessionIdManager.java:doStart(339)) - No SessionScavenger set, using defaults
2023-11-03 16:42:36,925 [main] INFO  server.session (HouseKeeper.java:startScavenging(132)) - node0 Scavenging every 660000ms
2023-11-03 16:42:36,926 [main] INFO  handler.ContextHandler (ContextHandler.java:doStart(921)) - Started o.e.j.s.ServletContextHandler@6870a1ff{logs,/logs,file:///home/runner/work/ozone/ozone/hadoop-ozone/integration-test/target/log,AVAILABLE}
2023-11-03 16:42:36,926 [main] INFO  handler.ContextHandler (ContextHandler.java:doStart(921)) - Started o.e.j.s.ServletContextHandler@5d7538af{static,/static,jar:file:/home/runner/.m2/repository/org/apache/ozone/hdds-container-service/1.4.0-SNAPSHOT/hdds-container-service-1.4.0-SNAPSHOT.jar!/webapps/static,AVAILABLE}
2023-11-03 16:42:36,987 [main] INFO  handler.ContextHandler (ContextHandler.java:doStart(921)) - Started o.e.j.w.WebAppContext@94a80be{hddsDatanode,/,file:///home/runner/work/ozone/ozone/hadoop-ozone/integration-test/target/test-dir/MiniOzoneClusterImpl-7c6973ba-416f-441c-aeb4-54a4245b8bbd/datanode-0/meta/webserver/jetty-0_0_0_0-15009-hdds-container-service-1_4_0-SNAPSHOT_jar-_-any-4561160866329329172/webapp/,AVAILABLE}{jar:file:/home/runner/.m2/repository/org/apache/ozone/hdds-container-service/1.4.0-SNAPSHOT/hdds-container-service-1.4.0-SNAPSHOT.jar!/webapps/hddsDatanode}
2023-11-03 16:42:36,989 [main] INFO  server.AbstractConnector (AbstractConnector.java:doStart(333)) - Started ServerConnector@3f196671{HTTP/1.1, (http/1.1)}{0.0.0.0:15009}
2023-11-03 16:42:36,989 [main] INFO  server.Server (Server.java:doStart(415)) - Started @11323ms
2023-11-03 16:42:36,989 [main] WARN  impl.MetricsSystemImpl (MetricsSystemImpl.java:register(279)) - Sink prometheus already exists!
2023-11-03 16:42:36,990 [main] INFO  http.BaseHttpServer (BaseHttpServer.java:updateConnectorAddress(354)) - HTTP server of hddsDatanode listening at http://0.0.0.0:15009
2023-11-03 16:42:36,994 [main] INFO  ipc.CallQueueManager (CallQueueManager.java:<init>(90)) - Using callQueue: class java.util.concurrent.LinkedBlockingQueue, queueCapacity: 100, scheduler: class org.apache.hadoop.ipc.DefaultRpcScheduler, ipcBackoff: false.
2023-11-03 16:42:36,995 [main] INFO  ipc.Server (Server.java:<init>(1287)) - Listener at 0.0.0.0:15010
2023-11-03 16:42:36,995 [Socket Reader #1 for port 15010] INFO  ipc.Server (Server.java:run(1323)) - Starting Socket Reader #1 for port 15010
2023-11-03 16:42:37,002 [main] INFO  ozone.HddsDatanodeService (HddsDatanodeService.java:start(325)) - Datanode start with admins: [runner]
2023-11-03 16:42:37,003 [main] INFO  ozone.HddsDatanodeClientProtocolServer (HddsDatanodeClientProtocolServer.java:start(72)) - RPC server for Client /0.0.0.0:15010
2023-11-03 16:42:37,005 [IPC Server Responder] INFO  ipc.Server (Server.java:run(1562)) - IPC Server Responder: starting
2023-11-03 16:42:37,009 [IPC Server listener on 15010] INFO  ipc.Server (Server.java:run(1402)) - IPC Server listener on 15010: starting
2023-11-03 16:42:37,014 [main] WARN  impl.MetricRegistriesImpl (MetricRegistriesImpl.java:addReporterRegistration(111)) - New reporters are added after registries were created. Some metrics will be missing from the reporter. Please add reporter before adding any new registry.
2023-11-03 16:42:37,014 [main] WARN  impl.MetricRegistriesImpl (MetricRegistriesImpl.java:addReporterRegistration(111)) - New reporters are added after registries were created. Some metrics will be missing from the reporter. Please add reporter before adding any new registry.
2023-11-03 16:42:37,015 [main] INFO  impl.MetricsSystemImpl (MetricsSystemImpl.java:init(158)) - HddsDatanode metrics system started (again)
2023-11-03 16:42:37,025 [84f1a9c9-622e-41e0-8205-2fe147efcf79-DatanodeStateMachineDaemonThread] INFO  statemachine.DatanodeStateMachine (DatanodeStateMachine.java:lambda$startDaemon$1(555)) - Ozone container server started.
2023-11-03 16:42:37,051 [main] INFO  ozone.HddsDatanodeService (HddsDatanodeService.java:start(240)) - HddsDatanodeService host:fv-az292-536.tqgtyn10aqxuxoi0mkfbldi5vh.jx.internal.cloudapp.net ip:10.1.0.19
2023-11-03 16:42:37,108 [om1@group-C5BA1605619E-FollowerState] INFO  impl.FollowerState (FollowerState.java:run(143)) - om1@group-C5BA1605619E-FollowerState: change to CANDIDATE, lastRpcElapsedTime:1141162326ns, electionTimeout:1138ms
2023-11-03 16:42:37,110 [om1@group-C5BA1605619E-FollowerState] INFO  impl.RoleInfo (RoleInfo.java:shutdownFollowerState(110)) - om1: shutdown om1@group-C5BA1605619E-FollowerState
2023-11-03 16:42:37,112 [om1@group-C5BA1605619E-FollowerState] INFO  server.RaftServer$Division (RaftServerImpl.java:setRole(329)) - om1@group-C5BA1605619E: changes role from  FOLLOWER to CANDIDATE at term 0 for changeToCandidate
2023-11-03 16:42:37,114 [main] INFO  upgrade.AbstractLayoutVersionManager (AbstractLayoutVersionManager.java:init(83)) - Initializing Layout version manager with metadata layout = HADOOP_PRC_PORTS_IN_DATANODEDETAILS (version = 7), software layout = HADOOP_PRC_PORTS_IN_DATANODEDETAILS (version = 7)
2023-11-03 16:42:37,115 [main] INFO  statemachine.DatanodeStateMachine (DatanodeStateMachine.java:getEndPointTaskThreadPoolSize(299)) - Datanode State Machine Task Thread Pool size 2
2023-11-03 16:42:37,120 [om1@group-C5BA1605619E-FollowerState] INFO  server.RaftServerConfigKeys (ConfUtils.java:logGet(46)) - raft.server.leaderelection.pre-vote = true (default)
2023-11-03 16:42:37,120 [om1@group-C5BA1605619E-FollowerState] INFO  impl.RoleInfo (RoleInfo.java:updateAndGet(139)) - om1: start om1@group-C5BA1605619E-LeaderElection1
2023-11-03 16:42:37,133 [om1@group-C5BA1605619E-LeaderElection1] INFO  impl.LeaderElection (LeaderElection.java:askForVotes(321)) - om1@group-C5BA1605619E-LeaderElection1 PRE_VOTE round 0: submit vote requests at term 0 for -1: peers:[om1|rpc:localhost:15007|priority:0|startupRole:FOLLOWER]|listeners:[], old=null
2023-11-03 16:42:37,133 [om1@group-C5BA1605619E-LeaderElection1] INFO  impl.LeaderElection (LeaderElection.java:askForVotes(323)) - om1@group-C5BA1605619E-LeaderElection1 PRE_VOTE round 0: result PASSED (term=0)
2023-11-03 16:42:37,134 [main] INFO  volume.HddsVolume (HddsVolume.java:<init>(126)) - Creating HddsVolume: /home/runner/work/ozone/ozone/hadoop-ozone/integration-test/target/test-dir/MiniOzoneClusterImpl-7c6973ba-416f-441c-aeb4-54a4245b8bbd/datanode-1/data-0/containers/hdds of storage type : DISK capacity : 9223372036854775807
2023-11-03 16:42:37,134 [main] INFO  volume.MutableVolumeSet (MutableVolumeSet.java:initializeVolumeSet(173)) - Added Volume : /home/runner/work/ozone/ozone/hadoop-ozone/integration-test/target/test-dir/MiniOzoneClusterImpl-7c6973ba-416f-441c-aeb4-54a4245b8bbd/datanode-1/data-0/containers/hdds to VolumeSet
2023-11-03 16:42:37,136 [main] INFO  volume.MutableVolumeSet (MutableVolumeSet.java:initializeVolumeSet(173)) - Added Volume : /home/runner/work/ozone/ozone/hadoop-ozone/integration-test/target/test-dir/MiniOzoneClusterImpl-7c6973ba-416f-441c-aeb4-54a4245b8bbd/datanode-1/data/ratis to VolumeSet
2023-11-03 16:42:37,142 [om1@group-C5BA1605619E-LeaderElection1] INFO  impl.LeaderElection (LeaderElection.java:askForVotes(321)) - om1@group-C5BA1605619E-LeaderElection1 ELECTION round 0: submit vote requests at term 1 for -1: peers:[om1|rpc:localhost:15007|priority:0|startupRole:FOLLOWER]|listeners:[], old=null
2023-11-03 16:42:37,142 [om1@group-C5BA1605619E-LeaderElection1] INFO  impl.LeaderElection (LeaderElection.java:askForVotes(323)) - om1@group-C5BA1605619E-LeaderElection1 ELECTION round 0: result PASSED (term=1)
2023-11-03 16:42:37,142 [om1@group-C5BA1605619E-LeaderElection1] INFO  impl.RoleInfo (RoleInfo.java:shutdownLeaderElection(130)) - om1: shutdown om1@group-C5BA1605619E-LeaderElection1
2023-11-03 16:42:37,143 [om1@group-C5BA1605619E-LeaderElection1] INFO  server.RaftServer$Division (RaftServerImpl.java:setRole(329)) - om1@group-C5BA1605619E: changes role from CANDIDATE to LEADER at term 1 for changeToLeader
2023-11-03 16:42:37,144 [218a95d8-d531-49de-9be4-7ae556dd2030-ContainerReader-0] INFO  ozoneimpl.ContainerReader (ContainerReader.java:readVolume(177)) - Finish verifying containers on volume /home/runner/work/ozone/ozone/hadoop-ozone/integration-test/target/test-dir/MiniOzoneClusterImpl-7c6973ba-416f-441c-aeb4-54a4245b8bbd/datanode-1/data-0/containers/hdds
2023-11-03 16:42:37,155 [main] INFO  ozoneimpl.OzoneContainer (OzoneContainer.java:buildContainerSet(326)) - Build ContainerSet costs 0s
2023-11-03 16:42:37,161 [main] INFO  server.RaftServer (ConfUtils.java:logGet(46)) - raft.rpc.type = GRPC (default)
2023-11-03 16:42:37,161 [main] INFO  grpc.GrpcConfigKeys (ConfUtils.java:logFallback(53)) - raft.grpc.admin.host = null (fallback to raft.grpc.server.host)
2023-11-03 16:42:37,162 [main] INFO  grpc.GrpcConfigKeys (ConfUtils.java:logGet(46)) - raft.grpc.admin.port = 15022 (custom)
2023-11-03 16:42:37,162 [main] INFO  grpc.GrpcConfigKeys (ConfUtils.java:logFallback(53)) - raft.grpc.client.host = null (fallback to raft.grpc.server.host)
2023-11-03 16:42:37,162 [main] INFO  grpc.GrpcConfigKeys (ConfUtils.java:logGet(46)) - raft.grpc.client.port = 15021 (custom)
2023-11-03 16:42:37,162 [main] INFO  grpc.GrpcConfigKeys (ConfUtils.java:logGet(46)) - raft.grpc.server.host = null (default)
2023-11-03 16:42:37,163 [main] INFO  grpc.GrpcConfigKeys (ConfUtils.java:logGet(46)) - raft.grpc.server.port = 15023 (custom)
2023-11-03 16:42:37,163 [main] INFO  server.GrpcService (ConfUtils.java:logGet(46)) - raft.grpc.message.size.max = 32MB (=33554432) (custom)
2023-11-03 16:42:37,163 [main] INFO  server.RaftServerConfigKeys (ConfUtils.java:logGet(46)) - raft.server.log.appender.buffer.byte-limit = 33554432 (custom)
2023-11-03 16:42:37,163 [main] INFO  server.GrpcService (ConfUtils.java:logGet(46)) - raft.grpc.flow.control.window = 5MB (=5242880) (custom)
2023-11-03 16:42:37,164 [main] INFO  server.RaftServerConfigKeys (ConfUtils.java:logGet(46)) - raft.server.rpc.request.timeout = 60s (custom)
2023-11-03 16:42:37,164 [main] INFO  grpc.GrpcConfigKeys (ConfUtils.java:logGet(46)) - raft.grpc.server.heartbeat.channel = true (default)
2023-11-03 16:42:37,164 [main] INFO  grpc.GrpcConfigKeys (ConfUtils.java:logGet(46)) - raft.grpc.server.async.request.thread.pool.cached = true (default)
2023-11-03 16:42:37,164 [main] INFO  grpc.GrpcConfigKeys (ConfUtils.java:logGet(46)) - raft.grpc.server.async.request.thread.pool.size = 32 (default)
2023-11-03 16:42:37,173 [om1@group-C5BA1605619E-LeaderElection1] INFO  server.RaftServer$Division (ServerState.java:setLeader(317)) - om1@group-C5BA1605619E: change Leader from null to om1 at term 1 for becomeLeader, leader elected after 2530ms
2023-11-03 16:42:37,182 [main] INFO  impl.DataStreamServerImpl (ConfUtils.java:logGet(46)) - raft.datastream.type = NETTY (custom)
2023-11-03 16:42:37,182 [main] INFO  server.RaftServerConfigKeys (ConfUtils.java:logGet(46)) - raft.server.data-stream.async.request.thread.pool.cached = false (default)
2023-11-03 16:42:37,182 [main] INFO  server.RaftServerConfigKeys (ConfUtils.java:logGet(46)) - raft.server.data-stream.async.request.thread.pool.size = 20 (custom)
2023-11-03 16:42:37,183 [main] INFO  server.RaftServerConfigKeys (ConfUtils.java:logGet(46)) - raft.server.data-stream.async.write.thread.pool.size = 16 (default)
2023-11-03 16:42:37,183 [main] INFO  server.RaftServerConfigKeys (ConfUtils.java:logGet(46)) - raft.server.data-stream.client.pool.size = 10 (default)
2023-11-03 16:42:37,183 [main] INFO  netty.NettyConfigKeys$DataStream (ConfUtils.java:logGet(46)) - raft.netty.dataStream.server.use-epoll = false (default)
2023-11-03 16:42:37,189 [main] INFO  netty.NettyConfigKeys$DataStream (ConfUtils.java:logGet(46)) - raft.netty.dataStream.server.boss-group.size = 0 (default)
2023-11-03 16:42:37,190 [main] INFO  netty.NettyConfigKeys$DataStream (ConfUtils.java:logGet(46)) - raft.netty.dataStream.server.worker-group.size = 0 (default)
2023-11-03 16:42:37,191 [main] INFO  netty.NettyConfigKeys$DataStream (ConfUtils.java:logGet(46)) - raft.netty.dataStream.server.tls.conf = null (default)
2023-11-03 16:42:37,191 [main] INFO  netty.NettyConfigKeys$DataStream (ConfUtils.java:logGet(46)) - raft.netty.dataStream.host = null (default)
2023-11-03 16:42:37,191 [main] INFO  netty.NettyConfigKeys$DataStream (ConfUtils.java:logGet(46)) - raft.netty.dataStream.port = 15024 (custom)
2023-11-03 16:42:37,189 [om1@group-C5BA1605619E-LeaderElection1] INFO  server.RaftServerConfigKeys (ConfUtils.java:logGet(46)) - raft.server.staging.catchup.gap = 1000 (default)
2023-11-03 16:42:37,197 [om1@group-C5BA1605619E-LeaderElection1] INFO  server.RaftServerConfigKeys (ConfUtils.java:logGet(46)) - raft.server.write.element-limit = 4096 (default)
2023-11-03 16:42:37,207 [om1@group-C5BA1605619E-LeaderElection1] INFO  server.RaftServerConfigKeys (ConfUtils.java:logGet(46)) - raft.server.write.byte-limit = 64MB (=67108864) (default)
2023-11-03 16:42:37,210 [main] INFO  server.RaftServerConfigKeys (ConfUtils.java:logGet(46)) - raft.server.threadpool.proxy.cached = true (default)
2023-11-03 16:42:37,210 [main] INFO  server.RaftServerConfigKeys (ConfUtils.java:logGet(46)) - raft.server.threadpool.proxy.size = 0 (default)
2023-11-03 16:42:37,211 [main] INFO  server.RaftServerConfigKeys (ConfUtils.java:logGet(46)) - raft.server.rpc.slowness.timeout = 300s (custom)
2023-11-03 16:42:37,211 [main] INFO  server.RaftServerConfigKeys (ConfUtils.java:logGet(46)) - raft.server.leaderelection.leader.step-down.wait-time = 10s (default)
2023-11-03 16:42:37,212 [main] INFO  server.RaftServerConfigKeys (ConfUtils.java:logGet(46)) - raft.server.storage.dir = [/home/runner/work/ozone/ozone/hadoop-ozone/integration-test/target/test-dir/MiniOzoneClusterImpl-7c6973ba-416f-441c-aeb4-54a4245b8bbd/datanode-1/data/ratis] (custom)
2023-11-03 16:42:37,220 [om1@group-C5BA1605619E-LeaderElection1] INFO  server.RaftServerConfigKeys (ConfUtils.java:logGet(46)) - raft.server.watch.timeout = 10s (default)
2023-11-03 16:42:37,220 [om1@group-C5BA1605619E-LeaderElection1] INFO  server.RaftServerConfigKeys (ConfUtils.java:logGet(46)) - raft.server.watch.timeout.denomination = 1s (default)
2023-11-03 16:42:37,234 [om1@group-C5BA1605619E-LeaderElection1] INFO  server.RaftServerConfigKeys (ConfUtils.java:logGet(46)) - raft.server.watch.element-limit = 65536 (default)
2023-11-03 16:42:37,244 [218a95d8-d531-49de-9be4-7ae556dd2030-impl-thread1] INFO  server.RaftServer (RaftServerProxy.java:initGroupDir(258)) - 218a95d8-d531-49de-9be4-7ae556dd2030: found a subdirectory /home/runner/work/ozone/ozone/hadoop-ozone/integration-test/target/test-dir/MiniOzoneClusterImpl-7c6973ba-416f-441c-aeb4-54a4245b8bbd/datanode-1/data/ratis/tmp
2023-11-03 16:42:37,246 [218a95d8-d531-49de-9be4-7ae556dd2030-impl-thread1] INFO  server.RaftServer (RaftServerProxy.java:initGroupDir(263)) - 218a95d8-d531-49de-9be4-7ae556dd2030: The directory /home/runner/work/ozone/ozone/hadoop-ozone/integration-test/target/test-dir/MiniOzoneClusterImpl-7c6973ba-416f-441c-aeb4-54a4245b8bbd/datanode-1/data/ratis/tmp is not a group directory; ignoring it. 
2023-11-03 16:42:37,246 [main] INFO  replication.ReplicationServer (ReplicationServer.java:<init>(85)) - Initializing replication server with thread count = 10 queue length = 4096
2023-11-03 16:42:37,246 [218a95d8-d531-49de-9be4-7ae556dd2030-NettyServerStreamRpc-bossGroup--thread1] INFO  logging.LoggingHandler (AbstractInternalLogger.java:log(148)) - [id: 0xd0ea16a0] REGISTERED
2023-11-03 16:42:37,249 [218a95d8-d531-49de-9be4-7ae556dd2030-NettyServerStreamRpc-bossGroup--thread1] INFO  logging.LoggingHandler (AbstractInternalLogger.java:log(148)) - [id: 0xd0ea16a0] BIND: 0.0.0.0/0.0.0.0:15024
2023-11-03 16:42:37,249 [218a95d8-d531-49de-9be4-7ae556dd2030-NettyServerStreamRpc-bossGroup--thread1] INFO  logging.LoggingHandler (AbstractInternalLogger.java:log(148)) - [id: 0xd0ea16a0, L:/0:0:0:0:0:0:0:0:15024] ACTIVE
2023-11-03 16:42:37,249 [main] INFO  server.XceiverServerGrpc (XceiverServerGrpc.java:<init>(135)) - GrpcServer channel type EpollServerSocketChannel
2023-11-03 16:42:37,253 [om1@group-C5BA1605619E-LeaderElection1] INFO  server.RaftServerConfigKeys (ConfUtils.java:logGet(46)) - raft.server.write.element-limit = 4096 (default)
2023-11-03 16:42:37,256 [om1@group-C5BA1605619E-LeaderElection1] INFO  server.RaftServerConfigKeys (ConfUtils.java:logGet(46)) - raft.server.write.follower.gap.ratio.max = -1.0 (default)
2023-11-03 16:42:37,258 [main] INFO  replication.ReplicationSupervisor (ReplicationSupervisor.java:build(163)) - Initializing replication supervisor with thread count = 10
2023-11-03 16:42:37,259 [main] INFO  replication.ReplicationSupervisor (ReplicationSupervisor.java:nodeStateUpdated(317)) - Node state updated to IN_SERVICE, scaling executor pool size to 10
2023-11-03 16:42:37,270 [om1@group-C5BA1605619E-LeaderElection1] INFO  impl.RoleInfo (RoleInfo.java:updateAndGet(139)) - om1: start om1@group-C5BA1605619E-LeaderStateImpl
2023-11-03 16:42:37,279 [main] INFO  http.BaseHttpServer (BaseHttpServer.java:newHttpServer2BuilderForOzone(223)) - Starting Web-server for hddsDatanode at: http://0.0.0.0:15018
2023-11-03 16:42:37,280 [main] INFO  http.BaseHttpServer (BaseHttpServer.java:<init>(110)) - Hadoop Security Enabled: false Ozone Security Enabled: false Ozone HTTP Security Enabled: false 
2023-11-03 16:42:37,282 [main] WARN  server.AuthenticationFilter (AuthenticationFilter.java:constructSecretProvider(240)) - Unable to initialize FileSignerSecretProvider, falling back to use random secrets. Reason: Could not read signature secret file: /home/runner/hadoop-http-auth-signature-secret
2023-11-03 16:42:37,286 [main] INFO  http.HttpRequestLog (HttpRequestLog.java:getRequestLog(86)) - Http request log for http.requests.hddsDatanode is not defined
2023-11-03 16:42:37,297 [main] INFO  http.HttpServer2 (HttpServer2.java:addGlobalFilter(1031)) - Added global filter 'safety' (class=org.apache.hadoop.hdds.server.http.HttpServer2$QuotingInputFilter)
2023-11-03 16:42:37,308 [main] INFO  http.HttpServer2 (HttpServer2.java:addFilter(1007)) - Added filter static_user_filter (class=org.apache.hadoop.http.lib.StaticUserWebFilter$StaticUserFilter) to context hddsDatanode
2023-11-03 16:42:37,308 [main] INFO  http.HttpServer2 (HttpServer2.java:addFilter(1015)) - Added filter static_user_filter (class=org.apache.hadoop.http.lib.StaticUserWebFilter$StaticUserFilter) to context logs
2023-11-03 16:42:37,308 [main] INFO  http.HttpServer2 (HttpServer2.java:addFilter(1015)) - Added filter static_user_filter (class=org.apache.hadoop.http.lib.StaticUserWebFilter$StaticUserFilter) to context static
2023-11-03 16:42:37,314 [main] INFO  http.BaseHttpServer (BaseHttpServer.java:<init>(189)) - HTTP server of hddsDatanode uses base directory /home/runner/work/ozone/ozone/hadoop-ozone/integration-test/target/test-dir/MiniOzoneClusterImpl-7c6973ba-416f-441c-aeb4-54a4245b8bbd/datanode-1/meta/webserver
2023-11-03 16:42:37,314 [main] INFO  http.HttpServer2 (HttpServer2.java:bindListener(1231)) - Jetty bound to port 15018
2023-11-03 16:42:37,314 [main] INFO  server.Server (Server.java:doStart(375)) - jetty-9.4.53.v20231009; built: 2023-10-09T12:29:09.265Z; git: 27bde00a0b95a1d5bbee0eae7984f891d2d0f8c9; jvm 1.8.0_382-b05
2023-11-03 16:42:37,325 [84f1a9c9-622e-41e0-8205-2fe147efcf79-DatanodeStateMachineTaskThread-0] INFO  datanode.InitDatanodeState (InitDatanodeState.java:persistContainerDatanodeDetails(139)) - DatanodeDetails is persisted to /home/runner/work/ozone/ozone/hadoop-ozone/integration-test/target/test-dir/MiniOzoneClusterImpl-7c6973ba-416f-441c-aeb4-54a4245b8bbd/datanode-0/meta/datanode.id
2023-11-03 16:42:37,347 [main] INFO  server.session (DefaultSessionIdManager.java:doStart(334)) - DefaultSessionIdManager workerName=node0
2023-11-03 16:42:37,347 [main] INFO  server.session (DefaultSessionIdManager.java:doStart(339)) - No SessionScavenger set, using defaults
2023-11-03 16:42:37,347 [main] INFO  server.session (HouseKeeper.java:startScavenging(132)) - node0 Scavenging every 600000ms
2023-11-03 16:42:37,353 [main] INFO  handler.ContextHandler (ContextHandler.java:doStart(921)) - Started o.e.j.s.ServletContextHandler@6e045665{logs,/logs,file:///home/runner/work/ozone/ozone/hadoop-ozone/integration-test/target/log,AVAILABLE}
2023-11-03 16:42:37,354 [main] INFO  handler.ContextHandler (ContextHandler.java:doStart(921)) - Started o.e.j.s.ServletContextHandler@179f9f90{static,/static,jar:file:/home/runner/.m2/repository/org/apache/ozone/hdds-container-service/1.4.0-SNAPSHOT/hdds-container-service-1.4.0-SNAPSHOT.jar!/webapps/static,AVAILABLE}
2023-11-03 16:42:37,353 [om1@group-C5BA1605619E-LeaderElection1] INFO  segmented.SegmentedRaftLogWorker (SegmentedRaftLogWorker.java:startLogSegment(447)) - om1@group-C5BA1605619E-SegmentedRaftLogWorker: Starting segment from index:0
2023-11-03 16:42:37,439 [om1@group-C5BA1605619E-LeaderElection1] INFO  server.RaftServer$Division (ServerState.java:setRaftConf(434)) - om1@group-C5BA1605619E: set configuration 0: peers:[om1|rpc:localhost:15007|admin:|client:|dataStream:|priority:0|startupRole:FOLLOWER]|listeners:[], old=null
2023-11-03 16:42:37,471 [main] INFO  handler.ContextHandler (ContextHandler.java:doStart(921)) - Started o.e.j.w.WebAppContext@2fbba0b1{hddsDatanode,/,file:///home/runner/work/ozone/ozone/hadoop-ozone/integration-test/target/test-dir/MiniOzoneClusterImpl-7c6973ba-416f-441c-aeb4-54a4245b8bbd/datanode-1/meta/webserver/jetty-0_0_0_0-15018-hdds-container-service-1_4_0-SNAPSHOT_jar-_-any-4823451824378413808/webapp/,AVAILABLE}{jar:file:/home/runner/.m2/repository/org/apache/ozone/hdds-container-service/1.4.0-SNAPSHOT/hdds-container-service-1.4.0-SNAPSHOT.jar!/webapps/hddsDatanode}
2023-11-03 16:42:37,475 [main] INFO  server.AbstractConnector (AbstractConnector.java:doStart(333)) - Started ServerConnector@224ac885{HTTP/1.1, (http/1.1)}{0.0.0.0:15018}
2023-11-03 16:42:37,475 [main] INFO  server.Server (Server.java:doStart(415)) - Started @11809ms
2023-11-03 16:42:37,475 [main] WARN  impl.MetricsSystemImpl (MetricsSystemImpl.java:register(279)) - Sink prometheus already exists!
2023-11-03 16:42:37,477 [main] INFO  http.BaseHttpServer (BaseHttpServer.java:updateConnectorAddress(354)) - HTTP server of hddsDatanode listening at http://0.0.0.0:15018
2023-11-03 16:42:37,477 [main] INFO  ipc.CallQueueManager (CallQueueManager.java:<init>(90)) - Using callQueue: class java.util.concurrent.LinkedBlockingQueue, queueCapacity: 100, scheduler: class org.apache.hadoop.ipc.DefaultRpcScheduler, ipcBackoff: false.
2023-11-03 16:42:37,478 [main] INFO  ipc.Server (Server.java:<init>(1287)) - Listener at 0.0.0.0:15019
2023-11-03 16:42:37,487 [Socket Reader #1 for port 15019] INFO  ipc.Server (Server.java:run(1323)) - Starting Socket Reader #1 for port 15019
2023-11-03 16:42:37,500 [main] INFO  ozone.HddsDatanodeService (HddsDatanodeService.java:start(325)) - Datanode start with admins: [runner]
2023-11-03 16:42:37,500 [main] INFO  ozone.HddsDatanodeClientProtocolServer (HddsDatanodeClientProtocolServer.java:start(72)) - RPC server for Client /0.0.0.0:15019
2023-11-03 16:42:37,502 [IPC Server Responder] INFO  ipc.Server (Server.java:run(1562)) - IPC Server Responder: starting
2023-11-03 16:42:37,502 [IPC Server listener on 15019] INFO  ipc.Server (Server.java:run(1402)) - IPC Server listener on 15019: starting
2023-11-03 16:42:37,503 [main] WARN  impl.MetricRegistriesImpl (MetricRegistriesImpl.java:addReporterRegistration(111)) - New reporters are added after registries were created. Some metrics will be missing from the reporter. Please add reporter before adding any new registry.
2023-11-03 16:42:37,503 [main] WARN  impl.MetricRegistriesImpl (MetricRegistriesImpl.java:addReporterRegistration(111)) - New reporters are added after registries were created. Some metrics will be missing from the reporter. Please add reporter before adding any new registry.
2023-11-03 16:42:37,503 [main] INFO  impl.MetricsSystemImpl (MetricsSystemImpl.java:init(158)) - HddsDatanode metrics system started (again)
2023-11-03 16:42:37,514 [218a95d8-d531-49de-9be4-7ae556dd2030-DatanodeStateMachineDaemonThread] INFO  statemachine.DatanodeStateMachine (DatanodeStateMachine.java:lambda$startDaemon$1(555)) - Ozone container server started.
2023-11-03 16:42:37,551 [main] INFO  ozone.HddsDatanodeService (HddsDatanodeService.java:start(240)) - HddsDatanodeService host:fv-az292-536.tqgtyn10aqxuxoi0mkfbldi5vh.jx.internal.cloudapp.net ip:10.1.0.19
2023-11-03 16:42:37,587 [218a95d8-d531-49de-9be4-7ae556dd2030-DatanodeStateMachineTaskThread-0] INFO  datanode.InitDatanodeState (InitDatanodeState.java:persistContainerDatanodeDetails(139)) - DatanodeDetails is persisted to /home/runner/work/ozone/ozone/hadoop-ozone/integration-test/target/test-dir/MiniOzoneClusterImpl-7c6973ba-416f-441c-aeb4-54a4245b8bbd/datanode-1/meta/datanode.id
2023-11-03 16:42:37,597 [om1@group-C5BA1605619E-SegmentedRaftLogWorker] INFO  segmented.SegmentedRaftLogWorker (SegmentedRaftLogWorker.java:execute(651)) - om1@group-C5BA1605619E-SegmentedRaftLogWorker: created new log segment /home/runner/work/ozone/ozone/hadoop-ozone/integration-test/target/test-dir/MiniOzoneClusterImpl-7c6973ba-416f-441c-aeb4-54a4245b8bbd/ozone-meta/ratis/bf265839-605b-3f16-9796-c5ba1605619e/current/log_inprogress_0
2023-11-03 16:42:37,630 [main] INFO  upgrade.AbstractLayoutVersionManager (AbstractLayoutVersionManager.java:init(83)) - Initializing Layout version manager with metadata layout = HADOOP_PRC_PORTS_IN_DATANODEDETAILS (version = 7), software layout = HADOOP_PRC_PORTS_IN_DATANODEDETAILS (version = 7)
2023-11-03 16:42:37,632 [main] INFO  statemachine.DatanodeStateMachine (DatanodeStateMachine.java:getEndPointTaskThreadPoolSize(299)) - Datanode State Machine Task Thread Pool size 2
2023-11-03 16:42:37,640 [main] INFO  volume.HddsVolume (HddsVolume.java:<init>(126)) - Creating HddsVolume: /home/runner/work/ozone/ozone/hadoop-ozone/integration-test/target/test-dir/MiniOzoneClusterImpl-7c6973ba-416f-441c-aeb4-54a4245b8bbd/datanode-2/data-0/containers/hdds of storage type : DISK capacity : 9223372036854775807
2023-11-03 16:42:37,641 [main] INFO  volume.MutableVolumeSet (MutableVolumeSet.java:initializeVolumeSet(173)) - Added Volume : /home/runner/work/ozone/ozone/hadoop-ozone/integration-test/target/test-dir/MiniOzoneClusterImpl-7c6973ba-416f-441c-aeb4-54a4245b8bbd/datanode-2/data-0/containers/hdds to VolumeSet
2023-11-03 16:42:37,644 [main] INFO  volume.MutableVolumeSet (MutableVolumeSet.java:initializeVolumeSet(173)) - Added Volume : /home/runner/work/ozone/ozone/hadoop-ozone/integration-test/target/test-dir/MiniOzoneClusterImpl-7c6973ba-416f-441c-aeb4-54a4245b8bbd/datanode-2/data/ratis to VolumeSet
2023-11-03 16:42:37,651 [ffeddd1f-af09-4c2e-97a1-be5caae46423-ContainerReader-0] INFO  ozoneimpl.ContainerReader (ContainerReader.java:readVolume(177)) - Finish verifying containers on volume /home/runner/work/ozone/ozone/hadoop-ozone/integration-test/target/test-dir/MiniOzoneClusterImpl-7c6973ba-416f-441c-aeb4-54a4245b8bbd/datanode-2/data-0/containers/hdds
2023-11-03 16:42:37,651 [main] INFO  ozoneimpl.OzoneContainer (OzoneContainer.java:buildContainerSet(326)) - Build ContainerSet costs 0s
2023-11-03 16:42:37,656 [main] INFO  server.RaftServer (ConfUtils.java:logGet(46)) - raft.rpc.type = GRPC (default)
2023-11-03 16:42:37,657 [main] INFO  grpc.GrpcConfigKeys (ConfUtils.java:logFallback(53)) - raft.grpc.admin.host = null (fallback to raft.grpc.server.host)
2023-11-03 16:42:37,657 [main] INFO  grpc.GrpcConfigKeys (ConfUtils.java:logGet(46)) - raft.grpc.admin.port = 15031 (custom)
2023-11-03 16:42:37,657 [main] INFO  grpc.GrpcConfigKeys (ConfUtils.java:logFallback(53)) - raft.grpc.client.host = null (fallback to raft.grpc.server.host)
2023-11-03 16:42:37,657 [main] INFO  grpc.GrpcConfigKeys (ConfUtils.java:logGet(46)) - raft.grpc.client.port = 15030 (custom)
2023-11-03 16:42:37,658 [main] INFO  grpc.GrpcConfigKeys (ConfUtils.java:logGet(46)) - raft.grpc.server.host = null (default)
2023-11-03 16:42:37,658 [main] INFO  grpc.GrpcConfigKeys (ConfUtils.java:logGet(46)) - raft.grpc.server.port = 15032 (custom)
2023-11-03 16:42:37,658 [main] INFO  server.GrpcService (ConfUtils.java:logGet(46)) - raft.grpc.message.size.max = 32MB (=33554432) (custom)
2023-11-03 16:42:37,658 [main] INFO  server.RaftServerConfigKeys (ConfUtils.java:logGet(46)) - raft.server.log.appender.buffer.byte-limit = 33554432 (custom)
2023-11-03 16:42:37,658 [main] INFO  server.GrpcService (ConfUtils.java:logGet(46)) - raft.grpc.flow.control.window = 5MB (=5242880) (custom)
2023-11-03 16:42:37,660 [main] INFO  server.RaftServerConfigKeys (ConfUtils.java:logGet(46)) - raft.server.rpc.request.timeout = 60s (custom)
2023-11-03 16:42:37,660 [main] INFO  grpc.GrpcConfigKeys (ConfUtils.java:logGet(46)) - raft.grpc.server.heartbeat.channel = true (default)
2023-11-03 16:42:37,660 [main] INFO  grpc.GrpcConfigKeys (ConfUtils.java:logGet(46)) - raft.grpc.server.async.request.thread.pool.cached = true (default)
2023-11-03 16:42:37,660 [main] INFO  grpc.GrpcConfigKeys (ConfUtils.java:logGet(46)) - raft.grpc.server.async.request.thread.pool.size = 32 (default)
2023-11-03 16:42:37,666 [main] INFO  impl.DataStreamServerImpl (ConfUtils.java:logGet(46)) - raft.datastream.type = NETTY (custom)
2023-11-03 16:42:37,667 [main] INFO  server.RaftServerConfigKeys (ConfUtils.java:logGet(46)) - raft.server.data-stream.async.request.thread.pool.cached = false (default)
2023-11-03 16:42:37,668 [main] INFO  server.RaftServerConfigKeys (ConfUtils.java:logGet(46)) - raft.server.data-stream.async.request.thread.pool.size = 20 (custom)
2023-11-03 16:42:37,668 [main] INFO  server.RaftServerConfigKeys (ConfUtils.java:logGet(46)) - raft.server.data-stream.async.write.thread.pool.size = 16 (default)
2023-11-03 16:42:37,669 [main] INFO  server.RaftServerConfigKeys (ConfUtils.java:logGet(46)) - raft.server.data-stream.client.pool.size = 10 (default)
2023-11-03 16:42:37,669 [main] INFO  netty.NettyConfigKeys$DataStream (ConfUtils.java:logGet(46)) - raft.netty.dataStream.server.use-epoll = false (default)
2023-11-03 16:42:37,669 [main] INFO  netty.NettyConfigKeys$DataStream (ConfUtils.java:logGet(46)) - raft.netty.dataStream.server.boss-group.size = 0 (default)
2023-11-03 16:42:37,671 [main] INFO  netty.NettyConfigKeys$DataStream (ConfUtils.java:logGet(46)) - raft.netty.dataStream.server.worker-group.size = 0 (default)
2023-11-03 16:42:37,671 [main] INFO  netty.NettyConfigKeys$DataStream (ConfUtils.java:logGet(46)) - raft.netty.dataStream.server.tls.conf = null (default)
2023-11-03 16:42:37,671 [main] INFO  netty.NettyConfigKeys$DataStream (ConfUtils.java:logGet(46)) - raft.netty.dataStream.host = null (default)
2023-11-03 16:42:37,673 [main] INFO  netty.NettyConfigKeys$DataStream (ConfUtils.java:logGet(46)) - raft.netty.dataStream.port = 15033 (custom)
2023-11-03 16:42:37,677 [main] INFO  server.RaftServerConfigKeys (ConfUtils.java:logGet(46)) - raft.server.threadpool.proxy.cached = true (default)
2023-11-03 16:42:37,682 [main] INFO  server.RaftServerConfigKeys (ConfUtils.java:logGet(46)) - raft.server.threadpool.proxy.size = 0 (default)
2023-11-03 16:42:37,682 [main] INFO  server.RaftServerConfigKeys (ConfUtils.java:logGet(46)) - raft.server.rpc.slowness.timeout = 300s (custom)
2023-11-03 16:42:37,682 [main] INFO  server.RaftServerConfigKeys (ConfUtils.java:logGet(46)) - raft.server.leaderelection.leader.step-down.wait-time = 10s (default)
2023-11-03 16:42:37,682 [main] INFO  server.RaftServerConfigKeys (ConfUtils.java:logGet(46)) - raft.server.storage.dir = [/home/runner/work/ozone/ozone/hadoop-ozone/integration-test/target/test-dir/MiniOzoneClusterImpl-7c6973ba-416f-441c-aeb4-54a4245b8bbd/datanode-2/data/ratis] (custom)
2023-11-03 16:42:37,700 [ffeddd1f-af09-4c2e-97a1-be5caae46423-NettyServerStreamRpc-bossGroup--thread1] INFO  logging.LoggingHandler (AbstractInternalLogger.java:log(148)) - [id: 0xa6eac6de] REGISTERED
2023-11-03 16:42:37,701 [ffeddd1f-af09-4c2e-97a1-be5caae46423-NettyServerStreamRpc-bossGroup--thread1] INFO  logging.LoggingHandler (AbstractInternalLogger.java:log(148)) - [id: 0xa6eac6de] BIND: 0.0.0.0/0.0.0.0:15033
2023-11-03 16:42:37,701 [ffeddd1f-af09-4c2e-97a1-be5caae46423-NettyServerStreamRpc-bossGroup--thread1] INFO  logging.LoggingHandler (AbstractInternalLogger.java:log(148)) - [id: 0xa6eac6de, L:/0:0:0:0:0:0:0:0:15033] ACTIVE
2023-11-03 16:42:37,701 [ffeddd1f-af09-4c2e-97a1-be5caae46423-impl-thread1] INFO  server.RaftServer (RaftServerProxy.java:initGroupDir(258)) - ffeddd1f-af09-4c2e-97a1-be5caae46423: found a subdirectory /home/runner/work/ozone/ozone/hadoop-ozone/integration-test/target/test-dir/MiniOzoneClusterImpl-7c6973ba-416f-441c-aeb4-54a4245b8bbd/datanode-2/data/ratis/tmp
2023-11-03 16:42:37,701 [ffeddd1f-af09-4c2e-97a1-be5caae46423-impl-thread1] INFO  server.RaftServer (RaftServerProxy.java:initGroupDir(263)) - ffeddd1f-af09-4c2e-97a1-be5caae46423: The directory /home/runner/work/ozone/ozone/hadoop-ozone/integration-test/target/test-dir/MiniOzoneClusterImpl-7c6973ba-416f-441c-aeb4-54a4245b8bbd/datanode-2/data/ratis/tmp is not a group directory; ignoring it. 
2023-11-03 16:42:37,702 [main] INFO  replication.ReplicationServer (ReplicationServer.java:<init>(85)) - Initializing replication server with thread count = 10 queue length = 4096
2023-11-03 16:42:37,704 [main] INFO  server.XceiverServerGrpc (XceiverServerGrpc.java:<init>(135)) - GrpcServer channel type EpollServerSocketChannel
2023-11-03 16:42:37,707 [main] INFO  replication.ReplicationSupervisor (ReplicationSupervisor.java:build(163)) - Initializing replication supervisor with thread count = 10
2023-11-03 16:42:37,707 [main] INFO  replication.ReplicationSupervisor (ReplicationSupervisor.java:nodeStateUpdated(317)) - Node state updated to IN_SERVICE, scaling executor pool size to 10
2023-11-03 16:42:37,718 [main] INFO  http.BaseHttpServer (BaseHttpServer.java:newHttpServer2BuilderForOzone(223)) - Starting Web-server for hddsDatanode at: http://0.0.0.0:15027
2023-11-03 16:42:37,718 [main] INFO  http.BaseHttpServer (BaseHttpServer.java:<init>(110)) - Hadoop Security Enabled: false Ozone Security Enabled: false Ozone HTTP Security Enabled: false 
2023-11-03 16:42:37,720 [main] WARN  server.AuthenticationFilter (AuthenticationFilter.java:constructSecretProvider(240)) - Unable to initialize FileSignerSecretProvider, falling back to use random secrets. Reason: Could not read signature secret file: /home/runner/hadoop-http-auth-signature-secret
2023-11-03 16:42:37,725 [main] INFO  http.HttpRequestLog (HttpRequestLog.java:getRequestLog(86)) - Http request log for http.requests.hddsDatanode is not defined
2023-11-03 16:42:37,727 [main] INFO  http.HttpServer2 (HttpServer2.java:addGlobalFilter(1031)) - Added global filter 'safety' (class=org.apache.hadoop.hdds.server.http.HttpServer2$QuotingInputFilter)
2023-11-03 16:42:37,728 [main] INFO  http.HttpServer2 (HttpServer2.java:addFilter(1007)) - Added filter static_user_filter (class=org.apache.hadoop.http.lib.StaticUserWebFilter$StaticUserFilter) to context hddsDatanode
2023-11-03 16:42:37,728 [main] INFO  http.HttpServer2 (HttpServer2.java:addFilter(1015)) - Added filter static_user_filter (class=org.apache.hadoop.http.lib.StaticUserWebFilter$StaticUserFilter) to context static
2023-11-03 16:42:37,729 [main] INFO  http.HttpServer2 (HttpServer2.java:addFilter(1015)) - Added filter static_user_filter (class=org.apache.hadoop.http.lib.StaticUserWebFilter$StaticUserFilter) to context logs
2023-11-03 16:42:37,730 [main] INFO  http.BaseHttpServer (BaseHttpServer.java:<init>(189)) - HTTP server of hddsDatanode uses base directory /home/runner/work/ozone/ozone/hadoop-ozone/integration-test/target/test-dir/MiniOzoneClusterImpl-7c6973ba-416f-441c-aeb4-54a4245b8bbd/datanode-2/meta/webserver
2023-11-03 16:42:37,730 [main] INFO  http.HttpServer2 (HttpServer2.java:bindListener(1231)) - Jetty bound to port 15027
2023-11-03 16:42:37,730 [main] INFO  server.Server (Server.java:doStart(375)) - jetty-9.4.53.v20231009; built: 2023-10-09T12:29:09.265Z; git: 27bde00a0b95a1d5bbee0eae7984f891d2d0f8c9; jvm 1.8.0_382-b05
2023-11-03 16:42:37,751 [main] INFO  server.session (DefaultSessionIdManager.java:doStart(334)) - DefaultSessionIdManager workerName=node0
2023-11-03 16:42:37,751 [main] INFO  server.session (DefaultSessionIdManager.java:doStart(339)) - No SessionScavenger set, using defaults
2023-11-03 16:42:37,752 [main] INFO  server.session (HouseKeeper.java:startScavenging(132)) - node0 Scavenging every 660000ms
2023-11-03 16:42:37,753 [main] INFO  handler.ContextHandler (ContextHandler.java:doStart(921)) - Started o.e.j.s.ServletContextHandler@7341617c{logs,/logs,file:///home/runner/work/ozone/ozone/hadoop-ozone/integration-test/target/log,AVAILABLE}
2023-11-03 16:42:37,754 [main] INFO  handler.ContextHandler (ContextHandler.java:doStart(921)) - Started o.e.j.s.ServletContextHandler@704a50aa{static,/static,jar:file:/home/runner/.m2/repository/org/apache/ozone/hdds-container-service/1.4.0-SNAPSHOT/hdds-container-service-1.4.0-SNAPSHOT.jar!/webapps/static,AVAILABLE}
2023-11-03 16:42:37,778 [om1@group-C5BA1605619E-StateMachineUpdater] INFO  ratis.OzoneManagerStateMachine (OzoneManagerStateMachine.java:notifyConfigurationChanged(208)) - Received Configuration change notification from Ratis. New Peer list:
[id: "om1"
address: "localhost:15007"
startupRole: FOLLOWER
]
2023-11-03 16:42:37,824 [main] INFO  handler.ContextHandler (ContextHandler.java:doStart(921)) - Started o.e.j.w.WebAppContext@26df5b5e{hddsDatanode,/,file:///home/runner/work/ozone/ozone/hadoop-ozone/integration-test/target/test-dir/MiniOzoneClusterImpl-7c6973ba-416f-441c-aeb4-54a4245b8bbd/datanode-2/meta/webserver/jetty-0_0_0_0-15027-hdds-container-service-1_4_0-SNAPSHOT_jar-_-any-8395718708959916828/webapp/,AVAILABLE}{jar:file:/home/runner/.m2/repository/org/apache/ozone/hdds-container-service/1.4.0-SNAPSHOT/hdds-container-service-1.4.0-SNAPSHOT.jar!/webapps/hddsDatanode}
2023-11-03 16:42:37,826 [main] INFO  server.AbstractConnector (AbstractConnector.java:doStart(333)) - Started ServerConnector@407691d1{HTTP/1.1, (http/1.1)}{0.0.0.0:15027}
2023-11-03 16:42:37,826 [main] INFO  server.Server (Server.java:doStart(415)) - Started @12161ms
2023-11-03 16:42:37,827 [main] WARN  impl.MetricsSystemImpl (MetricsSystemImpl.java:register(279)) - Sink prometheus already exists!
2023-11-03 16:42:37,828 [main] INFO  http.BaseHttpServer (BaseHttpServer.java:updateConnectorAddress(354)) - HTTP server of hddsDatanode listening at http://0.0.0.0:15027
2023-11-03 16:42:37,828 [main] INFO  ipc.CallQueueManager (CallQueueManager.java:<init>(90)) - Using callQueue: class java.util.concurrent.LinkedBlockingQueue, queueCapacity: 100, scheduler: class org.apache.hadoop.ipc.DefaultRpcScheduler, ipcBackoff: false.
2023-11-03 16:42:37,829 [main] INFO  ipc.Server (Server.java:<init>(1287)) - Listener at 0.0.0.0:15028
2023-11-03 16:42:37,831 [Socket Reader #1 for port 15028] INFO  ipc.Server (Server.java:run(1323)) - Starting Socket Reader #1 for port 15028
2023-11-03 16:42:37,839 [main] INFO  ozone.HddsDatanodeService (HddsDatanodeService.java:start(325)) - Datanode start with admins: [runner]
2023-11-03 16:42:37,839 [main] INFO  ozone.HddsDatanodeClientProtocolServer (HddsDatanodeClientProtocolServer.java:start(72)) - RPC server for Client /0.0.0.0:15028
2023-11-03 16:42:37,840 [IPC Server Responder] INFO  ipc.Server (Server.java:run(1562)) - IPC Server Responder: starting
2023-11-03 16:42:37,846 [ffeddd1f-af09-4c2e-97a1-be5caae46423-DatanodeStateMachineDaemonThread] INFO  statemachine.DatanodeStateMachine (DatanodeStateMachine.java:lambda$startDaemon$1(555)) - Ozone container server started.
2023-11-03 16:42:37,847 [IPC Server listener on 15028] INFO  ipc.Server (Server.java:run(1402)) - IPC Server listener on 15028: starting
2023-11-03 16:42:37,848 [main] WARN  impl.MetricRegistriesImpl (MetricRegistriesImpl.java:addReporterRegistration(111)) - New reporters are added after registries were created. Some metrics will be missing from the reporter. Please add reporter before adding any new registry.
2023-11-03 16:42:37,852 [main] WARN  impl.MetricRegistriesImpl (MetricRegistriesImpl.java:addReporterRegistration(111)) - New reporters are added after registries were created. Some metrics will be missing from the reporter. Please add reporter before adding any new registry.
2023-11-03 16:42:37,854 [main] INFO  impl.MetricsSystemImpl (MetricsSystemImpl.java:init(158)) - HddsDatanode metrics system started (again)
2023-11-03 16:42:37,869 [ffeddd1f-af09-4c2e-97a1-be5caae46423-DatanodeStateMachineTaskThread-0] INFO  datanode.InitDatanodeState (InitDatanodeState.java:persistContainerDatanodeDetails(139)) - DatanodeDetails is persisted to /home/runner/work/ozone/ozone/hadoop-ozone/integration-test/target/test-dir/MiniOzoneClusterImpl-7c6973ba-416f-441c-aeb4-54a4245b8bbd/datanode-2/meta/datanode.id
2023-11-03 16:42:37,878 [main] INFO  ozone.HddsDatanodeService (HddsDatanodeService.java:start(240)) - HddsDatanodeService host:fv-az292-536.tqgtyn10aqxuxoi0mkfbldi5vh.jx.internal.cloudapp.net ip:10.1.0.19
2023-11-03 16:42:37,930 [main] INFO  upgrade.AbstractLayoutVersionManager (AbstractLayoutVersionManager.java:init(83)) - Initializing Layout version manager with metadata layout = HADOOP_PRC_PORTS_IN_DATANODEDETAILS (version = 7), software layout = HADOOP_PRC_PORTS_IN_DATANODEDETAILS (version = 7)
2023-11-03 16:42:37,932 [main] INFO  statemachine.DatanodeStateMachine (DatanodeStateMachine.java:getEndPointTaskThreadPoolSize(299)) - Datanode State Machine Task Thread Pool size 2
2023-11-03 16:42:37,941 [main] INFO  volume.HddsVolume (HddsVolume.java:<init>(126)) - Creating HddsVolume: /home/runner/work/ozone/ozone/hadoop-ozone/integration-test/target/test-dir/MiniOzoneClusterImpl-7c6973ba-416f-441c-aeb4-54a4245b8bbd/datanode-3/data-0/containers/hdds of storage type : DISK capacity : 9223372036854775807
2023-11-03 16:42:37,941 [main] INFO  volume.MutableVolumeSet (MutableVolumeSet.java:initializeVolumeSet(173)) - Added Volume : /home/runner/work/ozone/ozone/hadoop-ozone/integration-test/target/test-dir/MiniOzoneClusterImpl-7c6973ba-416f-441c-aeb4-54a4245b8bbd/datanode-3/data-0/containers/hdds to VolumeSet
2023-11-03 16:42:37,943 [main] INFO  volume.MutableVolumeSet (MutableVolumeSet.java:initializeVolumeSet(173)) - Added Volume : /home/runner/work/ozone/ozone/hadoop-ozone/integration-test/target/test-dir/MiniOzoneClusterImpl-7c6973ba-416f-441c-aeb4-54a4245b8bbd/datanode-3/data/ratis to VolumeSet
2023-11-03 16:42:37,944 [295b1274-f2e5-4e31-840f-0ca171e7cc13-ContainerReader-0] INFO  ozoneimpl.ContainerReader (ContainerReader.java:readVolume(177)) - Finish verifying containers on volume /home/runner/work/ozone/ozone/hadoop-ozone/integration-test/target/test-dir/MiniOzoneClusterImpl-7c6973ba-416f-441c-aeb4-54a4245b8bbd/datanode-3/data-0/containers/hdds
2023-11-03 16:42:37,944 [main] INFO  ozoneimpl.OzoneContainer (OzoneContainer.java:buildContainerSet(326)) - Build ContainerSet costs 0s
2023-11-03 16:42:37,948 [main] INFO  server.RaftServer (ConfUtils.java:logGet(46)) - raft.rpc.type = GRPC (default)
2023-11-03 16:42:37,948 [main] INFO  grpc.GrpcConfigKeys (ConfUtils.java:logFallback(53)) - raft.grpc.admin.host = null (fallback to raft.grpc.server.host)
2023-11-03 16:42:37,948 [main] INFO  grpc.GrpcConfigKeys (ConfUtils.java:logGet(46)) - raft.grpc.admin.port = 15040 (custom)
2023-11-03 16:42:37,949 [main] INFO  grpc.GrpcConfigKeys (ConfUtils.java:logFallback(53)) - raft.grpc.client.host = null (fallback to raft.grpc.server.host)
2023-11-03 16:42:37,949 [main] INFO  grpc.GrpcConfigKeys (ConfUtils.java:logGet(46)) - raft.grpc.client.port = 15039 (custom)
2023-11-03 16:42:37,949 [main] INFO  grpc.GrpcConfigKeys (ConfUtils.java:logGet(46)) - raft.grpc.server.host = null (default)
2023-11-03 16:42:37,949 [main] INFO  grpc.GrpcConfigKeys (ConfUtils.java:logGet(46)) - raft.grpc.server.port = 15041 (custom)
2023-11-03 16:42:37,949 [main] INFO  server.GrpcService (ConfUtils.java:logGet(46)) - raft.grpc.message.size.max = 32MB (=33554432) (custom)
2023-11-03 16:42:37,950 [main] INFO  server.RaftServerConfigKeys (ConfUtils.java:logGet(46)) - raft.server.log.appender.buffer.byte-limit = 33554432 (custom)
2023-11-03 16:42:37,950 [main] INFO  server.GrpcService (ConfUtils.java:logGet(46)) - raft.grpc.flow.control.window = 5MB (=5242880) (custom)
2023-11-03 16:42:37,950 [main] INFO  server.RaftServerConfigKeys (ConfUtils.java:logGet(46)) - raft.server.rpc.request.timeout = 60s (custom)
2023-11-03 16:42:37,950 [main] INFO  grpc.GrpcConfigKeys (ConfUtils.java:logGet(46)) - raft.grpc.server.heartbeat.channel = true (default)
2023-11-03 16:42:37,950 [main] INFO  grpc.GrpcConfigKeys (ConfUtils.java:logGet(46)) - raft.grpc.server.async.request.thread.pool.cached = true (default)
2023-11-03 16:42:37,951 [main] INFO  grpc.GrpcConfigKeys (ConfUtils.java:logGet(46)) - raft.grpc.server.async.request.thread.pool.size = 32 (default)
2023-11-03 16:42:37,954 [main] INFO  impl.DataStreamServerImpl (ConfUtils.java:logGet(46)) - raft.datastream.type = NETTY (custom)
2023-11-03 16:42:37,954 [main] INFO  server.RaftServerConfigKeys (ConfUtils.java:logGet(46)) - raft.server.data-stream.async.request.thread.pool.cached = false (default)
2023-11-03 16:42:37,954 [main] INFO  server.RaftServerConfigKeys (ConfUtils.java:logGet(46)) - raft.server.data-stream.async.request.thread.pool.size = 20 (custom)
2023-11-03 16:42:37,955 [main] INFO  server.RaftServerConfigKeys (ConfUtils.java:logGet(46)) - raft.server.data-stream.async.write.thread.pool.size = 16 (default)
2023-11-03 16:42:37,955 [main] INFO  server.RaftServerConfigKeys (ConfUtils.java:logGet(46)) - raft.server.data-stream.client.pool.size = 10 (default)
2023-11-03 16:42:37,955 [main] INFO  netty.NettyConfigKeys$DataStream (ConfUtils.java:logGet(46)) - raft.netty.dataStream.server.use-epoll = false (default)
2023-11-03 16:42:37,955 [main] INFO  netty.NettyConfigKeys$DataStream (ConfUtils.java:logGet(46)) - raft.netty.dataStream.server.boss-group.size = 0 (default)
2023-11-03 16:42:37,956 [main] INFO  netty.NettyConfigKeys$DataStream (ConfUtils.java:logGet(46)) - raft.netty.dataStream.server.worker-group.size = 0 (default)
2023-11-03 16:42:37,956 [main] INFO  netty.NettyConfigKeys$DataStream (ConfUtils.java:logGet(46)) - raft.netty.dataStream.server.tls.conf = null (default)
2023-11-03 16:42:37,956 [main] INFO  netty.NettyConfigKeys$DataStream (ConfUtils.java:logGet(46)) - raft.netty.dataStream.host = null (default)
2023-11-03 16:42:37,956 [main] INFO  netty.NettyConfigKeys$DataStream (ConfUtils.java:logGet(46)) - raft.netty.dataStream.port = 15042 (custom)
2023-11-03 16:42:37,957 [main] INFO  server.RaftServerConfigKeys (ConfUtils.java:logGet(46)) - raft.server.threadpool.proxy.cached = true (default)
2023-11-03 16:42:37,957 [main] INFO  server.RaftServerConfigKeys (ConfUtils.java:logGet(46)) - raft.server.threadpool.proxy.size = 0 (default)
2023-11-03 16:42:37,957 [main] INFO  server.RaftServerConfigKeys (ConfUtils.java:logGet(46)) - raft.server.rpc.slowness.timeout = 300s (custom)
2023-11-03 16:42:37,958 [main] INFO  server.RaftServerConfigKeys (ConfUtils.java:logGet(46)) - raft.server.leaderelection.leader.step-down.wait-time = 10s (default)
2023-11-03 16:42:37,958 [main] INFO  server.RaftServerConfigKeys (ConfUtils.java:logGet(46)) - raft.server.storage.dir = [/home/runner/work/ozone/ozone/hadoop-ozone/integration-test/target/test-dir/MiniOzoneClusterImpl-7c6973ba-416f-441c-aeb4-54a4245b8bbd/datanode-3/data/ratis] (custom)
2023-11-03 16:42:37,959 [295b1274-f2e5-4e31-840f-0ca171e7cc13-impl-thread1] INFO  server.RaftServer (RaftServerProxy.java:initGroupDir(258)) - 295b1274-f2e5-4e31-840f-0ca171e7cc13: found a subdirectory /home/runner/work/ozone/ozone/hadoop-ozone/integration-test/target/test-dir/MiniOzoneClusterImpl-7c6973ba-416f-441c-aeb4-54a4245b8bbd/datanode-3/data/ratis/tmp
2023-11-03 16:42:37,961 [295b1274-f2e5-4e31-840f-0ca171e7cc13-impl-thread1] INFO  server.RaftServer (RaftServerProxy.java:initGroupDir(263)) - 295b1274-f2e5-4e31-840f-0ca171e7cc13: The directory /home/runner/work/ozone/ozone/hadoop-ozone/integration-test/target/test-dir/MiniOzoneClusterImpl-7c6973ba-416f-441c-aeb4-54a4245b8bbd/datanode-3/data/ratis/tmp is not a group directory; ignoring it. 
2023-11-03 16:42:37,961 [main] INFO  replication.ReplicationServer (ReplicationServer.java:<init>(85)) - Initializing replication server with thread count = 10 queue length = 4096
2023-11-03 16:42:37,963 [main] INFO  server.XceiverServerGrpc (XceiverServerGrpc.java:<init>(135)) - GrpcServer channel type EpollServerSocketChannel
2023-11-03 16:42:37,966 [main] INFO  replication.ReplicationSupervisor (ReplicationSupervisor.java:build(163)) - Initializing replication supervisor with thread count = 10
2023-11-03 16:42:37,966 [main] INFO  replication.ReplicationSupervisor (ReplicationSupervisor.java:nodeStateUpdated(317)) - Node state updated to IN_SERVICE, scaling executor pool size to 10
2023-11-03 16:42:37,960 [295b1274-f2e5-4e31-840f-0ca171e7cc13-NettyServerStreamRpc-bossGroup--thread1] INFO  logging.LoggingHandler (AbstractInternalLogger.java:log(148)) - [id: 0x3046c4c6] REGISTERED
2023-11-03 16:42:37,968 [295b1274-f2e5-4e31-840f-0ca171e7cc13-NettyServerStreamRpc-bossGroup--thread1] INFO  logging.LoggingHandler (AbstractInternalLogger.java:log(148)) - [id: 0x3046c4c6] BIND: 0.0.0.0/0.0.0.0:15042
2023-11-03 16:42:37,968 [295b1274-f2e5-4e31-840f-0ca171e7cc13-NettyServerStreamRpc-bossGroup--thread1] INFO  logging.LoggingHandler (AbstractInternalLogger.java:log(148)) - [id: 0x3046c4c6, L:/0:0:0:0:0:0:0:0:15042] ACTIVE
2023-11-03 16:42:37,971 [main] INFO  http.BaseHttpServer (BaseHttpServer.java:newHttpServer2BuilderForOzone(223)) - Starting Web-server for hddsDatanode at: http://0.0.0.0:15036
2023-11-03 16:42:37,971 [main] INFO  http.BaseHttpServer (BaseHttpServer.java:<init>(110)) - Hadoop Security Enabled: false Ozone Security Enabled: false Ozone HTTP Security Enabled: false 
2023-11-03 16:42:37,973 [main] WARN  server.AuthenticationFilter (AuthenticationFilter.java:constructSecretProvider(240)) - Unable to initialize FileSignerSecretProvider, falling back to use random secrets. Reason: Could not read signature secret file: /home/runner/hadoop-http-auth-signature-secret
2023-11-03 16:42:37,977 [main] INFO  http.HttpRequestLog (HttpRequestLog.java:getRequestLog(86)) - Http request log for http.requests.hddsDatanode is not defined
2023-11-03 16:42:37,979 [main] INFO  http.HttpServer2 (HttpServer2.java:addGlobalFilter(1031)) - Added global filter 'safety' (class=org.apache.hadoop.hdds.server.http.HttpServer2$QuotingInputFilter)
2023-11-03 16:42:37,980 [main] INFO  http.HttpServer2 (HttpServer2.java:addFilter(1007)) - Added filter static_user_filter (class=org.apache.hadoop.http.lib.StaticUserWebFilter$StaticUserFilter) to context hddsDatanode
2023-11-03 16:42:37,980 [main] INFO  http.HttpServer2 (HttpServer2.java:addFilter(1015)) - Added filter static_user_filter (class=org.apache.hadoop.http.lib.StaticUserWebFilter$StaticUserFilter) to context logs
2023-11-03 16:42:37,981 [main] INFO  http.HttpServer2 (HttpServer2.java:addFilter(1015)) - Added filter static_user_filter (class=org.apache.hadoop.http.lib.StaticUserWebFilter$StaticUserFilter) to context static
2023-11-03 16:42:37,981 [main] INFO  http.BaseHttpServer (BaseHttpServer.java:<init>(189)) - HTTP server of hddsDatanode uses base directory /home/runner/work/ozone/ozone/hadoop-ozone/integration-test/target/test-dir/MiniOzoneClusterImpl-7c6973ba-416f-441c-aeb4-54a4245b8bbd/datanode-3/meta/webserver
2023-11-03 16:42:37,982 [main] INFO  http.HttpServer2 (HttpServer2.java:bindListener(1231)) - Jetty bound to port 15036
2023-11-03 16:42:37,982 [main] INFO  server.Server (Server.java:doStart(375)) - jetty-9.4.53.v20231009; built: 2023-10-09T12:29:09.265Z; git: 27bde00a0b95a1d5bbee0eae7984f891d2d0f8c9; jvm 1.8.0_382-b05
2023-11-03 16:42:37,988 [main] INFO  server.session (DefaultSessionIdManager.java:doStart(334)) - DefaultSessionIdManager workerName=node0
2023-11-03 16:42:37,988 [main] INFO  server.session (DefaultSessionIdManager.java:doStart(339)) - No SessionScavenger set, using defaults
2023-11-03 16:42:37,989 [main] INFO  server.session (HouseKeeper.java:startScavenging(132)) - node0 Scavenging every 600000ms
2023-11-03 16:42:37,990 [main] INFO  handler.ContextHandler (ContextHandler.java:doStart(921)) - Started o.e.j.s.ServletContextHandler@126410f1{logs,/logs,file:///home/runner/work/ozone/ozone/hadoop-ozone/integration-test/target/log,AVAILABLE}
2023-11-03 16:42:37,991 [main] INFO  handler.ContextHandler (ContextHandler.java:doStart(921)) - Started o.e.j.s.ServletContextHandler@3ce54d03{static,/static,jar:file:/home/runner/.m2/repository/org/apache/ozone/hdds-container-service/1.4.0-SNAPSHOT/hdds-container-service-1.4.0-SNAPSHOT.jar!/webapps/static,AVAILABLE}
2023-11-03 16:42:38,044 [main] INFO  handler.ContextHandler (ContextHandler.java:doStart(921)) - Started o.e.j.w.WebAppContext@228a6483{hddsDatanode,/,file:///home/runner/work/ozone/ozone/hadoop-ozone/integration-test/target/test-dir/MiniOzoneClusterImpl-7c6973ba-416f-441c-aeb4-54a4245b8bbd/datanode-3/meta/webserver/jetty-0_0_0_0-15036-hdds-container-service-1_4_0-SNAPSHOT_jar-_-any-4804456461461729247/webapp/,AVAILABLE}{jar:file:/home/runner/.m2/repository/org/apache/ozone/hdds-container-service/1.4.0-SNAPSHOT/hdds-container-service-1.4.0-SNAPSHOT.jar!/webapps/hddsDatanode}
2023-11-03 16:42:38,047 [main] INFO  server.AbstractConnector (AbstractConnector.java:doStart(333)) - Started ServerConnector@401f8bad{HTTP/1.1, (http/1.1)}{0.0.0.0:15036}
2023-11-03 16:42:38,047 [main] INFO  server.Server (Server.java:doStart(415)) - Started @12381ms
2023-11-03 16:42:38,047 [main] WARN  impl.MetricsSystemImpl (MetricsSystemImpl.java:register(279)) - Sink prometheus already exists!
2023-11-03 16:42:38,048 [main] INFO  http.BaseHttpServer (BaseHttpServer.java:updateConnectorAddress(354)) - HTTP server of hddsDatanode listening at http://0.0.0.0:15036
2023-11-03 16:42:38,048 [main] INFO  ipc.CallQueueManager (CallQueueManager.java:<init>(90)) - Using callQueue: class java.util.concurrent.LinkedBlockingQueue, queueCapacity: 100, scheduler: class org.apache.hadoop.ipc.DefaultRpcScheduler, ipcBackoff: false.
2023-11-03 16:42:38,049 [main] INFO  ipc.Server (Server.java:<init>(1287)) - Listener at 0.0.0.0:15037
2023-11-03 16:42:38,050 [Socket Reader #1 for port 15037] INFO  ipc.Server (Server.java:run(1323)) - Starting Socket Reader #1 for port 15037
2023-11-03 16:42:38,052 [main] INFO  ozone.HddsDatanodeService (HddsDatanodeService.java:start(325)) - Datanode start with admins: [runner]
2023-11-03 16:42:38,054 [main] INFO  ozone.HddsDatanodeClientProtocolServer (HddsDatanodeClientProtocolServer.java:start(72)) - RPC server for Client /0.0.0.0:15037
2023-11-03 16:42:38,054 [IPC Server Responder] INFO  ipc.Server (Server.java:run(1562)) - IPC Server Responder: starting
2023-11-03 16:42:38,055 [IPC Server listener on 15037] INFO  ipc.Server (Server.java:run(1402)) - IPC Server listener on 15037: starting
2023-11-03 16:42:38,055 [295b1274-f2e5-4e31-840f-0ca171e7cc13-DatanodeStateMachineDaemonThread] INFO  statemachine.DatanodeStateMachine (DatanodeStateMachine.java:lambda$startDaemon$1(555)) - Ozone container server started.
2023-11-03 16:42:38,056 [main] WARN  impl.MetricRegistriesImpl (MetricRegistriesImpl.java:addReporterRegistration(111)) - New reporters are added after registries were created. Some metrics will be missing from the reporter. Please add reporter before adding any new registry.
2023-11-03 16:42:38,059 [main] WARN  impl.MetricRegistriesImpl (MetricRegistriesImpl.java:addReporterRegistration(111)) - New reporters are added after registries were created. Some metrics will be missing from the reporter. Please add reporter before adding any new registry.
2023-11-03 16:42:38,059 [main] INFO  impl.MetricsSystemImpl (MetricsSystemImpl.java:init(158)) - HddsDatanode metrics system started (again)
2023-11-03 16:42:38,076 [295b1274-f2e5-4e31-840f-0ca171e7cc13-DatanodeStateMachineTaskThread-0] INFO  datanode.InitDatanodeState (InitDatanodeState.java:persistContainerDatanodeDetails(139)) - DatanodeDetails is persisted to /home/runner/work/ozone/ozone/hadoop-ozone/integration-test/target/test-dir/MiniOzoneClusterImpl-7c6973ba-416f-441c-aeb4-54a4245b8bbd/datanode-3/meta/datanode.id
2023-11-03 16:42:38,082 [main] INFO  ozone.HddsDatanodeService (HddsDatanodeService.java:start(240)) - HddsDatanodeService host:fv-az292-536.tqgtyn10aqxuxoi0mkfbldi5vh.jx.internal.cloudapp.net ip:10.1.0.19
2023-11-03 16:42:38,113 [main] INFO  upgrade.AbstractLayoutVersionManager (AbstractLayoutVersionManager.java:init(83)) - Initializing Layout version manager with metadata layout = HADOOP_PRC_PORTS_IN_DATANODEDETAILS (version = 7), software layout = HADOOP_PRC_PORTS_IN_DATANODEDETAILS (version = 7)
2023-11-03 16:42:38,114 [main] INFO  statemachine.DatanodeStateMachine (DatanodeStateMachine.java:getEndPointTaskThreadPoolSize(299)) - Datanode State Machine Task Thread Pool size 2
2023-11-03 16:42:38,117 [main] INFO  volume.HddsVolume (HddsVolume.java:<init>(126)) - Creating HddsVolume: /home/runner/work/ozone/ozone/hadoop-ozone/integration-test/target/test-dir/MiniOzoneClusterImpl-7c6973ba-416f-441c-aeb4-54a4245b8bbd/datanode-4/data-0/containers/hdds of storage type : DISK capacity : 9223372036854775807
2023-11-03 16:42:38,118 [main] INFO  volume.MutableVolumeSet (MutableVolumeSet.java:initializeVolumeSet(173)) - Added Volume : /home/runner/work/ozone/ozone/hadoop-ozone/integration-test/target/test-dir/MiniOzoneClusterImpl-7c6973ba-416f-441c-aeb4-54a4245b8bbd/datanode-4/data-0/containers/hdds to VolumeSet
2023-11-03 16:42:38,120 [main] INFO  volume.MutableVolumeSet (MutableVolumeSet.java:initializeVolumeSet(173)) - Added Volume : /home/runner/work/ozone/ozone/hadoop-ozone/integration-test/target/test-dir/MiniOzoneClusterImpl-7c6973ba-416f-441c-aeb4-54a4245b8bbd/datanode-4/data/ratis to VolumeSet
2023-11-03 16:42:38,122 [1bfede41-9497-419c-b91f-2116896991e0-ContainerReader-0] INFO  ozoneimpl.ContainerReader (ContainerReader.java:readVolume(177)) - Finish verifying containers on volume /home/runner/work/ozone/ozone/hadoop-ozone/integration-test/target/test-dir/MiniOzoneClusterImpl-7c6973ba-416f-441c-aeb4-54a4245b8bbd/datanode-4/data-0/containers/hdds
2023-11-03 16:42:38,122 [main] INFO  ozoneimpl.OzoneContainer (OzoneContainer.java:buildContainerSet(326)) - Build ContainerSet costs 0s
2023-11-03 16:42:38,126 [main] INFO  server.RaftServer (ConfUtils.java:logGet(46)) - raft.rpc.type = GRPC (default)
2023-11-03 16:42:38,127 [main] INFO  grpc.GrpcConfigKeys (ConfUtils.java:logFallback(53)) - raft.grpc.admin.host = null (fallback to raft.grpc.server.host)
2023-11-03 16:42:38,127 [main] INFO  grpc.GrpcConfigKeys (ConfUtils.java:logGet(46)) - raft.grpc.admin.port = 15049 (custom)
2023-11-03 16:42:38,127 [main] INFO  grpc.GrpcConfigKeys (ConfUtils.java:logFallback(53)) - raft.grpc.client.host = null (fallback to raft.grpc.server.host)
2023-11-03 16:42:38,127 [main] INFO  grpc.GrpcConfigKeys (ConfUtils.java:logGet(46)) - raft.grpc.client.port = 15048 (custom)
2023-11-03 16:42:38,127 [main] INFO  grpc.GrpcConfigKeys (ConfUtils.java:logGet(46)) - raft.grpc.server.host = null (default)
2023-11-03 16:42:38,127 [main] INFO  grpc.GrpcConfigKeys (ConfUtils.java:logGet(46)) - raft.grpc.server.port = 15050 (custom)
2023-11-03 16:42:38,128 [main] INFO  server.GrpcService (ConfUtils.java:logGet(46)) - raft.grpc.message.size.max = 32MB (=33554432) (custom)
2023-11-03 16:42:38,128 [main] INFO  server.RaftServerConfigKeys (ConfUtils.java:logGet(46)) - raft.server.log.appender.buffer.byte-limit = 33554432 (custom)
2023-11-03 16:42:38,128 [main] INFO  server.GrpcService (ConfUtils.java:logGet(46)) - raft.grpc.flow.control.window = 5MB (=5242880) (custom)
2023-11-03 16:42:38,128 [main] INFO  server.RaftServerConfigKeys (ConfUtils.java:logGet(46)) - raft.server.rpc.request.timeout = 60s (custom)
2023-11-03 16:42:38,128 [main] INFO  grpc.GrpcConfigKeys (ConfUtils.java:logGet(46)) - raft.grpc.server.heartbeat.channel = true (default)
2023-11-03 16:42:38,129 [main] INFO  grpc.GrpcConfigKeys (ConfUtils.java:logGet(46)) - raft.grpc.server.async.request.thread.pool.cached = true (default)
2023-11-03 16:42:38,129 [main] INFO  grpc.GrpcConfigKeys (ConfUtils.java:logGet(46)) - raft.grpc.server.async.request.thread.pool.size = 32 (default)
2023-11-03 16:42:38,132 [main] INFO  impl.DataStreamServerImpl (ConfUtils.java:logGet(46)) - raft.datastream.type = NETTY (custom)
2023-11-03 16:42:38,133 [main] INFO  server.RaftServerConfigKeys (ConfUtils.java:logGet(46)) - raft.server.data-stream.async.request.thread.pool.cached = false (default)
2023-11-03 16:42:38,133 [main] INFO  server.RaftServerConfigKeys (ConfUtils.java:logGet(46)) - raft.server.data-stream.async.request.thread.pool.size = 20 (custom)
2023-11-03 16:42:38,133 [main] INFO  server.RaftServerConfigKeys (ConfUtils.java:logGet(46)) - raft.server.data-stream.async.write.thread.pool.size = 16 (default)
2023-11-03 16:42:38,133 [main] INFO  server.RaftServerConfigKeys (ConfUtils.java:logGet(46)) - raft.server.data-stream.client.pool.size = 10 (default)
2023-11-03 16:42:38,134 [main] INFO  netty.NettyConfigKeys$DataStream (ConfUtils.java:logGet(46)) - raft.netty.dataStream.server.use-epoll = false (default)
2023-11-03 16:42:38,134 [main] INFO  netty.NettyConfigKeys$DataStream (ConfUtils.java:logGet(46)) - raft.netty.dataStream.server.boss-group.size = 0 (default)
2023-11-03 16:42:38,134 [main] INFO  netty.NettyConfigKeys$DataStream (ConfUtils.java:logGet(46)) - raft.netty.dataStream.server.worker-group.size = 0 (default)
2023-11-03 16:42:38,135 [main] INFO  netty.NettyConfigKeys$DataStream (ConfUtils.java:logGet(46)) - raft.netty.dataStream.server.tls.conf = null (default)
2023-11-03 16:42:38,135 [main] INFO  netty.NettyConfigKeys$DataStream (ConfUtils.java:logGet(46)) - raft.netty.dataStream.host = null (default)
2023-11-03 16:42:38,135 [main] INFO  netty.NettyConfigKeys$DataStream (ConfUtils.java:logGet(46)) - raft.netty.dataStream.port = 15051 (custom)
2023-11-03 16:42:38,139 [main] INFO  server.RaftServerConfigKeys (ConfUtils.java:logGet(46)) - raft.server.threadpool.proxy.cached = true (default)
2023-11-03 16:42:38,139 [main] INFO  server.RaftServerConfigKeys (ConfUtils.java:logGet(46)) - raft.server.threadpool.proxy.size = 0 (default)
2023-11-03 16:42:38,140 [main] INFO  server.RaftServerConfigKeys (ConfUtils.java:logGet(46)) - raft.server.rpc.slowness.timeout = 300s (custom)
2023-11-03 16:42:38,140 [main] INFO  server.RaftServerConfigKeys (ConfUtils.java:logGet(46)) - raft.server.leaderelection.leader.step-down.wait-time = 10s (default)
2023-11-03 16:42:38,140 [main] INFO  server.RaftServerConfigKeys (ConfUtils.java:logGet(46)) - raft.server.storage.dir = [/home/runner/work/ozone/ozone/hadoop-ozone/integration-test/target/test-dir/MiniOzoneClusterImpl-7c6973ba-416f-441c-aeb4-54a4245b8bbd/datanode-4/data/ratis] (custom)
2023-11-03 16:42:38,143 [1bfede41-9497-419c-b91f-2116896991e0-impl-thread1] INFO  server.RaftServer (RaftServerProxy.java:initGroupDir(258)) - 1bfede41-9497-419c-b91f-2116896991e0: found a subdirectory /home/runner/work/ozone/ozone/hadoop-ozone/integration-test/target/test-dir/MiniOzoneClusterImpl-7c6973ba-416f-441c-aeb4-54a4245b8bbd/datanode-4/data/ratis/tmp
2023-11-03 16:42:38,143 [1bfede41-9497-419c-b91f-2116896991e0-impl-thread1] INFO  server.RaftServer (RaftServerProxy.java:initGroupDir(263)) - 1bfede41-9497-419c-b91f-2116896991e0: The directory /home/runner/work/ozone/ozone/hadoop-ozone/integration-test/target/test-dir/MiniOzoneClusterImpl-7c6973ba-416f-441c-aeb4-54a4245b8bbd/datanode-4/data/ratis/tmp is not a group directory; ignoring it. 
2023-11-03 16:42:38,143 [main] INFO  replication.ReplicationServer (ReplicationServer.java:<init>(85)) - Initializing replication server with thread count = 10 queue length = 4096
2023-11-03 16:42:38,146 [1bfede41-9497-419c-b91f-2116896991e0-NettyServerStreamRpc-bossGroup--thread1] INFO  logging.LoggingHandler (AbstractInternalLogger.java:log(148)) - [id: 0xab85c839] REGISTERED
2023-11-03 16:42:38,146 [1bfede41-9497-419c-b91f-2116896991e0-NettyServerStreamRpc-bossGroup--thread1] INFO  logging.LoggingHandler (AbstractInternalLogger.java:log(148)) - [id: 0xab85c839] BIND: 0.0.0.0/0.0.0.0:15051
2023-11-03 16:42:38,146 [1bfede41-9497-419c-b91f-2116896991e0-NettyServerStreamRpc-bossGroup--thread1] INFO  logging.LoggingHandler (AbstractInternalLogger.java:log(148)) - [id: 0xab85c839, L:/0:0:0:0:0:0:0:0:15051] ACTIVE
2023-11-03 16:42:38,147 [main] INFO  server.XceiverServerGrpc (XceiverServerGrpc.java:<init>(135)) - GrpcServer channel type EpollServerSocketChannel
2023-11-03 16:42:38,150 [main] INFO  replication.ReplicationSupervisor (ReplicationSupervisor.java:build(163)) - Initializing replication supervisor with thread count = 10
2023-11-03 16:42:38,150 [main] INFO  replication.ReplicationSupervisor (ReplicationSupervisor.java:nodeStateUpdated(317)) - Node state updated to IN_SERVICE, scaling executor pool size to 10
2023-11-03 16:42:38,153 [main] INFO  http.BaseHttpServer (BaseHttpServer.java:newHttpServer2BuilderForOzone(223)) - Starting Web-server for hddsDatanode at: http://0.0.0.0:15045
2023-11-03 16:42:38,153 [main] INFO  http.BaseHttpServer (BaseHttpServer.java:<init>(110)) - Hadoop Security Enabled: false Ozone Security Enabled: false Ozone HTTP Security Enabled: false 
2023-11-03 16:42:38,156 [main] WARN  server.AuthenticationFilter (AuthenticationFilter.java:constructSecretProvider(240)) - Unable to initialize FileSignerSecretProvider, falling back to use random secrets. Reason: Could not read signature secret file: /home/runner/hadoop-http-auth-signature-secret
2023-11-03 16:42:38,157 [main] INFO  http.HttpRequestLog (HttpRequestLog.java:getRequestLog(86)) - Http request log for http.requests.hddsDatanode is not defined
2023-11-03 16:42:38,162 [main] INFO  http.HttpServer2 (HttpServer2.java:addGlobalFilter(1031)) - Added global filter 'safety' (class=org.apache.hadoop.hdds.server.http.HttpServer2$QuotingInputFilter)
2023-11-03 16:42:38,163 [main] INFO  http.HttpServer2 (HttpServer2.java:addFilter(1007)) - Added filter static_user_filter (class=org.apache.hadoop.http.lib.StaticUserWebFilter$StaticUserFilter) to context hddsDatanode
2023-11-03 16:42:38,163 [main] INFO  http.HttpServer2 (HttpServer2.java:addFilter(1015)) - Added filter static_user_filter (class=org.apache.hadoop.http.lib.StaticUserWebFilter$StaticUserFilter) to context logs
2023-11-03 16:42:38,164 [main] INFO  http.HttpServer2 (HttpServer2.java:addFilter(1015)) - Added filter static_user_filter (class=org.apache.hadoop.http.lib.StaticUserWebFilter$StaticUserFilter) to context static
2023-11-03 16:42:38,165 [main] INFO  http.BaseHttpServer (BaseHttpServer.java:<init>(189)) - HTTP server of hddsDatanode uses base directory /home/runner/work/ozone/ozone/hadoop-ozone/integration-test/target/test-dir/MiniOzoneClusterImpl-7c6973ba-416f-441c-aeb4-54a4245b8bbd/datanode-4/meta/webserver
2023-11-03 16:42:38,165 [main] INFO  http.HttpServer2 (HttpServer2.java:bindListener(1231)) - Jetty bound to port 15045
2023-11-03 16:42:38,165 [main] INFO  server.Server (Server.java:doStart(375)) - jetty-9.4.53.v20231009; built: 2023-10-09T12:29:09.265Z; git: 27bde00a0b95a1d5bbee0eae7984f891d2d0f8c9; jvm 1.8.0_382-b05
2023-11-03 16:42:38,167 [main] INFO  server.session (DefaultSessionIdManager.java:doStart(334)) - DefaultSessionIdManager workerName=node0
2023-11-03 16:42:38,167 [main] INFO  server.session (DefaultSessionIdManager.java:doStart(339)) - No SessionScavenger set, using defaults
2023-11-03 16:42:38,168 [main] INFO  server.session (HouseKeeper.java:startScavenging(132)) - node0 Scavenging every 600000ms
2023-11-03 16:42:38,169 [main] INFO  handler.ContextHandler (ContextHandler.java:doStart(921)) - Started o.e.j.s.ServletContextHandler@7c38e37a{logs,/logs,file:///home/runner/work/ozone/ozone/hadoop-ozone/integration-test/target/log,AVAILABLE}
2023-11-03 16:42:38,169 [main] INFO  handler.ContextHandler (ContextHandler.java:doStart(921)) - Started o.e.j.s.ServletContextHandler@49454830{static,/static,jar:file:/home/runner/.m2/repository/org/apache/ozone/hdds-container-service/1.4.0-SNAPSHOT/hdds-container-service-1.4.0-SNAPSHOT.jar!/webapps/static,AVAILABLE}
2023-11-03 16:42:38,225 [main] INFO  handler.ContextHandler (ContextHandler.java:doStart(921)) - Started o.e.j.w.WebAppContext@5ef293a6{hddsDatanode,/,file:///home/runner/work/ozone/ozone/hadoop-ozone/integration-test/target/test-dir/MiniOzoneClusterImpl-7c6973ba-416f-441c-aeb4-54a4245b8bbd/datanode-4/meta/webserver/jetty-0_0_0_0-15045-hdds-container-service-1_4_0-SNAPSHOT_jar-_-any-893384683404205535/webapp/,AVAILABLE}{jar:file:/home/runner/.m2/repository/org/apache/ozone/hdds-container-service/1.4.0-SNAPSHOT/hdds-container-service-1.4.0-SNAPSHOT.jar!/webapps/hddsDatanode}
2023-11-03 16:42:38,227 [main] INFO  server.AbstractConnector (AbstractConnector.java:doStart(333)) - Started ServerConnector@45f70c6e{HTTP/1.1, (http/1.1)}{0.0.0.0:15045}
2023-11-03 16:42:38,227 [main] INFO  server.Server (Server.java:doStart(415)) - Started @12561ms
2023-11-03 16:42:38,227 [main] WARN  impl.MetricsSystemImpl (MetricsSystemImpl.java:register(279)) - Sink prometheus already exists!
2023-11-03 16:42:38,228 [main] INFO  http.BaseHttpServer (BaseHttpServer.java:updateConnectorAddress(354)) - HTTP server of hddsDatanode listening at http://0.0.0.0:15045
2023-11-03 16:42:38,228 [main] INFO  ipc.CallQueueManager (CallQueueManager.java:<init>(90)) - Using callQueue: class java.util.concurrent.LinkedBlockingQueue, queueCapacity: 100, scheduler: class org.apache.hadoop.ipc.DefaultRpcScheduler, ipcBackoff: false.
2023-11-03 16:42:38,229 [main] INFO  ipc.Server (Server.java:<init>(1287)) - Listener at 0.0.0.0:15046
2023-11-03 16:42:38,230 [Socket Reader #1 for port 15046] INFO  ipc.Server (Server.java:run(1323)) - Starting Socket Reader #1 for port 15046
2023-11-03 16:42:38,233 [main] INFO  ozone.HddsDatanodeService (HddsDatanodeService.java:start(325)) - Datanode start with admins: [runner]
2023-11-03 16:42:38,233 [main] INFO  ozone.HddsDatanodeClientProtocolServer (HddsDatanodeClientProtocolServer.java:start(72)) - RPC server for Client /0.0.0.0:15046
2023-11-03 16:42:38,234 [IPC Server Responder] INFO  ipc.Server (Server.java:run(1562)) - IPC Server Responder: starting
2023-11-03 16:42:38,240 [IPC Server listener on 15046] INFO  ipc.Server (Server.java:run(1402)) - IPC Server listener on 15046: starting
2023-11-03 16:42:38,243 [main] INFO  ozone.MiniOzoneClusterImpl (MiniOzoneClusterImpl.java:lambda$waitForClusterToBeReady$0(229)) - Waiting for nodes to be ready. Got 0 of 5 DN Heartbeats.
2023-11-03 16:42:38,243 [main] INFO  ozone.MiniOzoneClusterImpl (MiniOzoneClusterImpl.java:lambda$waitForClusterToBeReady$0(232)) - Waiting for cluster to exit safe mode
2023-11-03 16:42:38,244 [main] INFO  ozone.MiniOzoneClusterImpl (MiniOzoneClusterImpl.java:lambda$waitForClusterToBeReady$0(234)) - SCM became leader
2023-11-03 16:42:38,244 [1bfede41-9497-419c-b91f-2116896991e0-DatanodeStateMachineDaemonThread] INFO  statemachine.DatanodeStateMachine (DatanodeStateMachine.java:lambda$startDaemon$1(555)) - Ozone container server started.
2023-11-03 16:42:38,256 [1bfede41-9497-419c-b91f-2116896991e0-DatanodeStateMachineTaskThread-0] INFO  datanode.InitDatanodeState (InitDatanodeState.java:persistContainerDatanodeDetails(139)) - DatanodeDetails is persisted to /home/runner/work/ozone/ozone/hadoop-ozone/integration-test/target/test-dir/MiniOzoneClusterImpl-7c6973ba-416f-441c-aeb4-54a4245b8bbd/datanode-4/meta/datanode.id
2023-11-03 16:42:39,213 [84f1a9c9-622e-41e0-8205-2fe147efcf79-EndpointStateMachineTaskThread-/0.0.0.0:15002-0 ] INFO  utils.DatanodeStoreCache (DatanodeStoreCache.java:addDB(66)) - Added db /home/runner/work/ozone/ozone/hadoop-ozone/integration-test/target/test-dir/MiniOzoneClusterImpl-7c6973ba-416f-441c-aeb4-54a4245b8bbd/datanode-0/data-0/containers/hdds/7c6973ba-416f-441c-aeb4-54a4245b8bbd/DS-5201bb7d-3cd7-4c16-8c00-cfa6415b8264/container.db to cache
2023-11-03 16:42:39,213 [84f1a9c9-622e-41e0-8205-2fe147efcf79-EndpointStateMachineTaskThread-/0.0.0.0:15002-0 ] INFO  volume.HddsVolume (HddsVolume.java:createDbStore(422)) - SchemaV3 db is created and loaded at /home/runner/work/ozone/ozone/hadoop-ozone/integration-test/target/test-dir/MiniOzoneClusterImpl-7c6973ba-416f-441c-aeb4-54a4245b8bbd/datanode-0/data-0/containers/hdds/7c6973ba-416f-441c-aeb4-54a4245b8bbd/DS-5201bb7d-3cd7-4c16-8c00-cfa6415b8264/container.db for volume DS-5201bb7d-3cd7-4c16-8c00-cfa6415b8264
2023-11-03 16:42:39,220 [84f1a9c9-622e-41e0-8205-2fe147efcf79-EndpointStateMachineTaskThread-/0.0.0.0:15002-0 ] INFO  volume.ThrottledAsyncChecker (ThrottledAsyncChecker.java:schedule(141)) - Scheduling a check for /home/runner/work/ozone/ozone/hadoop-ozone/integration-test/target/test-dir/MiniOzoneClusterImpl-7c6973ba-416f-441c-aeb4-54a4245b8bbd/datanode-0/data-0/containers/hdds
2023-11-03 16:42:39,241 [84f1a9c9-622e-41e0-8205-2fe147efcf79-EndpointStateMachineTaskThread-/0.0.0.0:15002-0 ] INFO  volume.StorageVolumeChecker (StorageVolumeChecker.java:checkAllVolumes(218)) - Scheduled health check for volume /home/runner/work/ozone/ozone/hadoop-ozone/integration-test/target/test-dir/MiniOzoneClusterImpl-7c6973ba-416f-441c-aeb4-54a4245b8bbd/datanode-0/data-0/containers/hdds
2023-11-03 16:42:39,244 [main] INFO  ozone.MiniOzoneClusterImpl (MiniOzoneClusterImpl.java:lambda$waitForClusterToBeReady$0(229)) - Waiting for nodes to be ready. Got 0 of 5 DN Heartbeats.
2023-11-03 16:42:39,245 [main] INFO  ozone.MiniOzoneClusterImpl (MiniOzoneClusterImpl.java:lambda$waitForClusterToBeReady$0(232)) - Waiting for cluster to exit safe mode
2023-11-03 16:42:39,245 [main] INFO  ozone.MiniOzoneClusterImpl (MiniOzoneClusterImpl.java:lambda$waitForClusterToBeReady$0(234)) - SCM became leader
2023-11-03 16:42:39,245 [84f1a9c9-622e-41e0-8205-2fe147efcf79-EndpointStateMachineTaskThread-/0.0.0.0:15002-0 ] INFO  volume.ThrottledAsyncChecker (ThrottledAsyncChecker.java:schedule(141)) - Scheduling a check for /home/runner/work/ozone/ozone/hadoop-ozone/integration-test/target/test-dir/MiniOzoneClusterImpl-7c6973ba-416f-441c-aeb4-54a4245b8bbd/datanode-0/data/ratis
2023-11-03 16:42:39,245 [84f1a9c9-622e-41e0-8205-2fe147efcf79-EndpointStateMachineTaskThread-/0.0.0.0:15002-0 ] INFO  volume.StorageVolumeChecker (StorageVolumeChecker.java:checkAllVolumes(218)) - Scheduled health check for volume /home/runner/work/ozone/ozone/hadoop-ozone/integration-test/target/test-dir/MiniOzoneClusterImpl-7c6973ba-416f-441c-aeb4-54a4245b8bbd/datanode-0/data/ratis
2023-11-03 16:42:39,248 [84f1a9c9-622e-41e0-8205-2fe147efcf79-EndpointStateMachineTaskThread-/0.0.0.0:15002-0 ] INFO  ozoneimpl.OzoneContainer (OzoneContainer.java:start(441)) - Attempting to start container services.
2023-11-03 16:42:39,253 [84f1a9c9-622e-41e0-8205-2fe147efcf79-EndpointStateMachineTaskThread-/0.0.0.0:15002-0 ] INFO  ozoneimpl.OzoneContainer (OzoneContainer.java:startContainerScrub(337)) - Scheduled background container scanners and the on-demand container scanner have been disabled.
2023-11-03 16:42:39,255 [84f1a9c9-622e-41e0-8205-2fe147efcf79-EndpointStateMachineTaskThread-/0.0.0.0:15002-0 ] INFO  replication.ReplicationServer (ReplicationServer.java:start(139)) - ReplicationServer is started using port 15016
2023-11-03 16:42:39,258 [84f1a9c9-622e-41e0-8205-2fe147efcf79-EndpointStateMachineTaskThread-/0.0.0.0:15002-0 ] INFO  ratis.XceiverServerRatis (XceiverServerRatis.java:start(518)) - Starting XceiverServerRatis 84f1a9c9-622e-41e0-8205-2fe147efcf79
2023-11-03 16:42:39,260 [84f1a9c9-622e-41e0-8205-2fe147efcf79-EndpointStateMachineTaskThread-/0.0.0.0:15002-0 ] INFO  server.RaftServer (RaftServerProxy.java:startImpl(400)) - 84f1a9c9-622e-41e0-8205-2fe147efcf79: start RPC server
2023-11-03 16:42:39,262 [84f1a9c9-622e-41e0-8205-2fe147efcf79-EndpointStateMachineTaskThread-/0.0.0.0:15002-0 ] INFO  server.GrpcService (GrpcService.java:startImpl(302)) - 84f1a9c9-622e-41e0-8205-2fe147efcf79: GrpcService started, listening on 15012
2023-11-03 16:42:39,265 [84f1a9c9-622e-41e0-8205-2fe147efcf79-EndpointStateMachineTaskThread-/0.0.0.0:15002-0 ] INFO  server.GrpcService (GrpcService.java:startImpl(302)) - 84f1a9c9-622e-41e0-8205-2fe147efcf79: GrpcService started, listening on 15014
2023-11-03 16:42:39,267 [84f1a9c9-622e-41e0-8205-2fe147efcf79-EndpointStateMachineTaskThread-/0.0.0.0:15002-0 ] INFO  server.GrpcService (GrpcService.java:startImpl(302)) - 84f1a9c9-622e-41e0-8205-2fe147efcf79: GrpcService started, listening on 15013
2023-11-03 16:42:39,267 [84f1a9c9-622e-41e0-8205-2fe147efcf79-EndpointStateMachineTaskThread-/0.0.0.0:15002-0 ] INFO  ratis.XceiverServerRatis (XceiverServerRatis.java:getRealPort(544)) - XceiverServerRatis 84f1a9c9-622e-41e0-8205-2fe147efcf79 is started using port 15012 for RATIS
2023-11-03 16:42:39,268 [JvmPauseMonitor2] INFO  util.JvmPauseMonitor (JvmPauseMonitor.java:run(103)) - JvmPauseMonitor-84f1a9c9-622e-41e0-8205-2fe147efcf79: Started
2023-11-03 16:42:39,268 [84f1a9c9-622e-41e0-8205-2fe147efcf79-EndpointStateMachineTaskThread-/0.0.0.0:15002-0 ] INFO  ratis.XceiverServerRatis (XceiverServerRatis.java:getRealPort(544)) - XceiverServerRatis 84f1a9c9-622e-41e0-8205-2fe147efcf79 is started using port 15013 for RATIS_ADMIN
2023-11-03 16:42:39,268 [84f1a9c9-622e-41e0-8205-2fe147efcf79-EndpointStateMachineTaskThread-/0.0.0.0:15002-0 ] INFO  ratis.XceiverServerRatis (XceiverServerRatis.java:getRealPort(544)) - XceiverServerRatis 84f1a9c9-622e-41e0-8205-2fe147efcf79 is started using port 15014 for RATIS_SERVER
2023-11-03 16:42:39,268 [84f1a9c9-622e-41e0-8205-2fe147efcf79-EndpointStateMachineTaskThread-/0.0.0.0:15002-0 ] INFO  ratis.XceiverServerRatis (XceiverServerRatis.java:getRealPort(544)) - XceiverServerRatis 84f1a9c9-622e-41e0-8205-2fe147efcf79 is started using port 15015 for RATIS_DATASTREAM
2023-11-03 16:42:39,291 [84f1a9c9-622e-41e0-8205-2fe147efcf79-BlockDeletingService#0] INFO  interfaces.ContainerDeletionChoosingPolicyTemplate (ContainerDeletionChoosingPolicyTemplate.java:chooseContainerForBlockDeletion(85)) - Chosen 0/5000 blocks from 0 candidate containers.
2023-11-03 16:42:39,585 [218a95d8-d531-49de-9be4-7ae556dd2030-EndpointStateMachineTaskThread-/0.0.0.0:15002-0 ] INFO  utils.DatanodeStoreCache (DatanodeStoreCache.java:addDB(66)) - Added db /home/runner/work/ozone/ozone/hadoop-ozone/integration-test/target/test-dir/MiniOzoneClusterImpl-7c6973ba-416f-441c-aeb4-54a4245b8bbd/datanode-1/data-0/containers/hdds/7c6973ba-416f-441c-aeb4-54a4245b8bbd/DS-445e64de-8d79-4d7d-a8d4-3dea1525b3d4/container.db to cache
2023-11-03 16:42:39,585 [218a95d8-d531-49de-9be4-7ae556dd2030-EndpointStateMachineTaskThread-/0.0.0.0:15002-0 ] INFO  volume.HddsVolume (HddsVolume.java:createDbStore(422)) - SchemaV3 db is created and loaded at /home/runner/work/ozone/ozone/hadoop-ozone/integration-test/target/test-dir/MiniOzoneClusterImpl-7c6973ba-416f-441c-aeb4-54a4245b8bbd/datanode-1/data-0/containers/hdds/7c6973ba-416f-441c-aeb4-54a4245b8bbd/DS-445e64de-8d79-4d7d-a8d4-3dea1525b3d4/container.db for volume DS-445e64de-8d79-4d7d-a8d4-3dea1525b3d4
2023-11-03 16:42:39,586 [218a95d8-d531-49de-9be4-7ae556dd2030-EndpointStateMachineTaskThread-/0.0.0.0:15002-0 ] INFO  volume.ThrottledAsyncChecker (ThrottledAsyncChecker.java:schedule(141)) - Scheduling a check for /home/runner/work/ozone/ozone/hadoop-ozone/integration-test/target/test-dir/MiniOzoneClusterImpl-7c6973ba-416f-441c-aeb4-54a4245b8bbd/datanode-1/data-0/containers/hdds
2023-11-03 16:42:39,594 [218a95d8-d531-49de-9be4-7ae556dd2030-EndpointStateMachineTaskThread-/0.0.0.0:15002-0 ] INFO  volume.StorageVolumeChecker (StorageVolumeChecker.java:checkAllVolumes(218)) - Scheduled health check for volume /home/runner/work/ozone/ozone/hadoop-ozone/integration-test/target/test-dir/MiniOzoneClusterImpl-7c6973ba-416f-441c-aeb4-54a4245b8bbd/datanode-1/data-0/containers/hdds
2023-11-03 16:42:39,600 [218a95d8-d531-49de-9be4-7ae556dd2030-EndpointStateMachineTaskThread-/0.0.0.0:15002-0 ] INFO  volume.ThrottledAsyncChecker (ThrottledAsyncChecker.java:schedule(141)) - Scheduling a check for /home/runner/work/ozone/ozone/hadoop-ozone/integration-test/target/test-dir/MiniOzoneClusterImpl-7c6973ba-416f-441c-aeb4-54a4245b8bbd/datanode-1/data/ratis
2023-11-03 16:42:39,600 [218a95d8-d531-49de-9be4-7ae556dd2030-EndpointStateMachineTaskThread-/0.0.0.0:15002-0 ] INFO  volume.StorageVolumeChecker (StorageVolumeChecker.java:checkAllVolumes(218)) - Scheduled health check for volume /home/runner/work/ozone/ozone/hadoop-ozone/integration-test/target/test-dir/MiniOzoneClusterImpl-7c6973ba-416f-441c-aeb4-54a4245b8bbd/datanode-1/data/ratis
2023-11-03 16:42:39,602 [218a95d8-d531-49de-9be4-7ae556dd2030-EndpointStateMachineTaskThread-/0.0.0.0:15002-0 ] INFO  ozoneimpl.OzoneContainer (OzoneContainer.java:start(441)) - Attempting to start container services.
2023-11-03 16:42:39,602 [218a95d8-d531-49de-9be4-7ae556dd2030-EndpointStateMachineTaskThread-/0.0.0.0:15002-0 ] INFO  ozoneimpl.OzoneContainer (OzoneContainer.java:startContainerScrub(337)) - Scheduled background container scanners and the on-demand container scanner have been disabled.
2023-11-03 16:42:39,604 [218a95d8-d531-49de-9be4-7ae556dd2030-EndpointStateMachineTaskThread-/0.0.0.0:15002-0 ] INFO  replication.ReplicationServer (ReplicationServer.java:start(139)) - ReplicationServer is started using port 15025
2023-11-03 16:42:39,604 [218a95d8-d531-49de-9be4-7ae556dd2030-EndpointStateMachineTaskThread-/0.0.0.0:15002-0 ] INFO  ratis.XceiverServerRatis (XceiverServerRatis.java:start(518)) - Starting XceiverServerRatis 218a95d8-d531-49de-9be4-7ae556dd2030
2023-11-03 16:42:39,606 [218a95d8-d531-49de-9be4-7ae556dd2030-EndpointStateMachineTaskThread-/0.0.0.0:15002-0 ] INFO  server.RaftServer (RaftServerProxy.java:startImpl(400)) - 218a95d8-d531-49de-9be4-7ae556dd2030: start RPC server
2023-11-03 16:42:39,607 [218a95d8-d531-49de-9be4-7ae556dd2030-EndpointStateMachineTaskThread-/0.0.0.0:15002-0 ] INFO  server.GrpcService (GrpcService.java:startImpl(302)) - 218a95d8-d531-49de-9be4-7ae556dd2030: GrpcService started, listening on 15021
2023-11-03 16:42:39,609 [218a95d8-d531-49de-9be4-7ae556dd2030-EndpointStateMachineTaskThread-/0.0.0.0:15002-0 ] INFO  server.GrpcService (GrpcService.java:startImpl(302)) - 218a95d8-d531-49de-9be4-7ae556dd2030: GrpcService started, listening on 15023
2023-11-03 16:42:39,612 [218a95d8-d531-49de-9be4-7ae556dd2030-EndpointStateMachineTaskThread-/0.0.0.0:15002-0 ] INFO  server.GrpcService (GrpcService.java:startImpl(302)) - 218a95d8-d531-49de-9be4-7ae556dd2030: GrpcService started, listening on 15022
2023-11-03 16:42:39,612 [218a95d8-d531-49de-9be4-7ae556dd2030-EndpointStateMachineTaskThread-/0.0.0.0:15002-0 ] INFO  ratis.XceiverServerRatis (XceiverServerRatis.java:getRealPort(544)) - XceiverServerRatis 218a95d8-d531-49de-9be4-7ae556dd2030 is started using port 15021 for RATIS
2023-11-03 16:42:39,612 [JvmPauseMonitor3] INFO  util.JvmPauseMonitor (JvmPauseMonitor.java:run(103)) - JvmPauseMonitor-218a95d8-d531-49de-9be4-7ae556dd2030: Started
2023-11-03 16:42:39,613 [218a95d8-d531-49de-9be4-7ae556dd2030-EndpointStateMachineTaskThread-/0.0.0.0:15002-0 ] INFO  ratis.XceiverServerRatis (XceiverServerRatis.java:getRealPort(544)) - XceiverServerRatis 218a95d8-d531-49de-9be4-7ae556dd2030 is started using port 15022 for RATIS_ADMIN
2023-11-03 16:42:39,613 [218a95d8-d531-49de-9be4-7ae556dd2030-EndpointStateMachineTaskThread-/0.0.0.0:15002-0 ] INFO  ratis.XceiverServerRatis (XceiverServerRatis.java:getRealPort(544)) - XceiverServerRatis 218a95d8-d531-49de-9be4-7ae556dd2030 is started using port 15023 for RATIS_SERVER
2023-11-03 16:42:39,613 [218a95d8-d531-49de-9be4-7ae556dd2030-EndpointStateMachineTaskThread-/0.0.0.0:15002-0 ] INFO  ratis.XceiverServerRatis (XceiverServerRatis.java:getRealPort(544)) - XceiverServerRatis 218a95d8-d531-49de-9be4-7ae556dd2030 is started using port 15024 for RATIS_DATASTREAM
2023-11-03 16:42:39,626 [218a95d8-d531-49de-9be4-7ae556dd2030-BlockDeletingService#0] INFO  interfaces.ContainerDeletionChoosingPolicyTemplate (ContainerDeletionChoosingPolicyTemplate.java:chooseContainerForBlockDeletion(85)) - Chosen 0/5000 blocks from 0 candidate containers.
2023-11-03 16:42:39,912 [ffeddd1f-af09-4c2e-97a1-be5caae46423-EndpointStateMachineTaskThread-/0.0.0.0:15002-0 ] INFO  utils.DatanodeStoreCache (DatanodeStoreCache.java:addDB(66)) - Added db /home/runner/work/ozone/ozone/hadoop-ozone/integration-test/target/test-dir/MiniOzoneClusterImpl-7c6973ba-416f-441c-aeb4-54a4245b8bbd/datanode-2/data-0/containers/hdds/7c6973ba-416f-441c-aeb4-54a4245b8bbd/DS-babe9256-8e4c-4e8b-962b-132ecfd27999/container.db to cache
2023-11-03 16:42:39,913 [ffeddd1f-af09-4c2e-97a1-be5caae46423-EndpointStateMachineTaskThread-/0.0.0.0:15002-0 ] INFO  volume.HddsVolume (HddsVolume.java:createDbStore(422)) - SchemaV3 db is created and loaded at /home/runner/work/ozone/ozone/hadoop-ozone/integration-test/target/test-dir/MiniOzoneClusterImpl-7c6973ba-416f-441c-aeb4-54a4245b8bbd/datanode-2/data-0/containers/hdds/7c6973ba-416f-441c-aeb4-54a4245b8bbd/DS-babe9256-8e4c-4e8b-962b-132ecfd27999/container.db for volume DS-babe9256-8e4c-4e8b-962b-132ecfd27999
2023-11-03 16:42:39,914 [ffeddd1f-af09-4c2e-97a1-be5caae46423-EndpointStateMachineTaskThread-/0.0.0.0:15002-0 ] INFO  volume.ThrottledAsyncChecker (ThrottledAsyncChecker.java:schedule(141)) - Scheduling a check for /home/runner/work/ozone/ozone/hadoop-ozone/integration-test/target/test-dir/MiniOzoneClusterImpl-7c6973ba-416f-441c-aeb4-54a4245b8bbd/datanode-2/data-0/containers/hdds
2023-11-03 16:42:39,914 [ffeddd1f-af09-4c2e-97a1-be5caae46423-EndpointStateMachineTaskThread-/0.0.0.0:15002-0 ] INFO  volume.StorageVolumeChecker (StorageVolumeChecker.java:checkAllVolumes(218)) - Scheduled health check for volume /home/runner/work/ozone/ozone/hadoop-ozone/integration-test/target/test-dir/MiniOzoneClusterImpl-7c6973ba-416f-441c-aeb4-54a4245b8bbd/datanode-2/data-0/containers/hdds
2023-11-03 16:42:39,919 [ffeddd1f-af09-4c2e-97a1-be5caae46423-EndpointStateMachineTaskThread-/0.0.0.0:15002-0 ] INFO  volume.ThrottledAsyncChecker (ThrottledAsyncChecker.java:schedule(141)) - Scheduling a check for /home/runner/work/ozone/ozone/hadoop-ozone/integration-test/target/test-dir/MiniOzoneClusterImpl-7c6973ba-416f-441c-aeb4-54a4245b8bbd/datanode-2/data/ratis
2023-11-03 16:42:39,920 [ffeddd1f-af09-4c2e-97a1-be5caae46423-EndpointStateMachineTaskThread-/0.0.0.0:15002-0 ] INFO  volume.StorageVolumeChecker (StorageVolumeChecker.java:checkAllVolumes(218)) - Scheduled health check for volume /home/runner/work/ozone/ozone/hadoop-ozone/integration-test/target/test-dir/MiniOzoneClusterImpl-7c6973ba-416f-441c-aeb4-54a4245b8bbd/datanode-2/data/ratis
2023-11-03 16:42:39,921 [ffeddd1f-af09-4c2e-97a1-be5caae46423-EndpointStateMachineTaskThread-/0.0.0.0:15002-0 ] INFO  ozoneimpl.OzoneContainer (OzoneContainer.java:start(441)) - Attempting to start container services.
2023-11-03 16:42:39,921 [ffeddd1f-af09-4c2e-97a1-be5caae46423-EndpointStateMachineTaskThread-/0.0.0.0:15002-0 ] INFO  ozoneimpl.OzoneContainer (OzoneContainer.java:startContainerScrub(337)) - Scheduled background container scanners and the on-demand container scanner have been disabled.
2023-11-03 16:42:39,923 [ffeddd1f-af09-4c2e-97a1-be5caae46423-EndpointStateMachineTaskThread-/0.0.0.0:15002-0 ] INFO  replication.ReplicationServer (ReplicationServer.java:start(139)) - ReplicationServer is started using port 15034
2023-11-03 16:42:39,923 [ffeddd1f-af09-4c2e-97a1-be5caae46423-EndpointStateMachineTaskThread-/0.0.0.0:15002-0 ] INFO  ratis.XceiverServerRatis (XceiverServerRatis.java:start(518)) - Starting XceiverServerRatis ffeddd1f-af09-4c2e-97a1-be5caae46423
2023-11-03 16:42:39,929 [ffeddd1f-af09-4c2e-97a1-be5caae46423-EndpointStateMachineTaskThread-/0.0.0.0:15002-0 ] INFO  server.RaftServer (RaftServerProxy.java:startImpl(400)) - ffeddd1f-af09-4c2e-97a1-be5caae46423: start RPC server
2023-11-03 16:42:39,938 [ffeddd1f-af09-4c2e-97a1-be5caae46423-EndpointStateMachineTaskThread-/0.0.0.0:15002-0 ] INFO  server.GrpcService (GrpcService.java:startImpl(302)) - ffeddd1f-af09-4c2e-97a1-be5caae46423: GrpcService started, listening on 15030
2023-11-03 16:42:39,940 [ffeddd1f-af09-4c2e-97a1-be5caae46423-EndpointStateMachineTaskThread-/0.0.0.0:15002-0 ] INFO  server.GrpcService (GrpcService.java:startImpl(302)) - ffeddd1f-af09-4c2e-97a1-be5caae46423: GrpcService started, listening on 15032
2023-11-03 16:42:39,941 [ffeddd1f-af09-4c2e-97a1-be5caae46423-EndpointStateMachineTaskThread-/0.0.0.0:15002-0 ] INFO  server.GrpcService (GrpcService.java:startImpl(302)) - ffeddd1f-af09-4c2e-97a1-be5caae46423: GrpcService started, listening on 15031
2023-11-03 16:42:39,943 [ffeddd1f-af09-4c2e-97a1-be5caae46423-EndpointStateMachineTaskThread-/0.0.0.0:15002-0 ] INFO  ratis.XceiverServerRatis (XceiverServerRatis.java:getRealPort(544)) - XceiverServerRatis ffeddd1f-af09-4c2e-97a1-be5caae46423 is started using port 15030 for RATIS
2023-11-03 16:42:39,943 [JvmPauseMonitor4] INFO  util.JvmPauseMonitor (JvmPauseMonitor.java:run(103)) - JvmPauseMonitor-ffeddd1f-af09-4c2e-97a1-be5caae46423: Started
2023-11-03 16:42:39,943 [ffeddd1f-af09-4c2e-97a1-be5caae46423-EndpointStateMachineTaskThread-/0.0.0.0:15002-0 ] INFO  ratis.XceiverServerRatis (XceiverServerRatis.java:getRealPort(544)) - XceiverServerRatis ffeddd1f-af09-4c2e-97a1-be5caae46423 is started using port 15031 for RATIS_ADMIN
2023-11-03 16:42:39,945 [ffeddd1f-af09-4c2e-97a1-be5caae46423-EndpointStateMachineTaskThread-/0.0.0.0:15002-0 ] INFO  ratis.XceiverServerRatis (XceiverServerRatis.java:getRealPort(544)) - XceiverServerRatis ffeddd1f-af09-4c2e-97a1-be5caae46423 is started using port 15032 for RATIS_SERVER
2023-11-03 16:42:39,945 [ffeddd1f-af09-4c2e-97a1-be5caae46423-EndpointStateMachineTaskThread-/0.0.0.0:15002-0 ] INFO  ratis.XceiverServerRatis (XceiverServerRatis.java:getRealPort(544)) - XceiverServerRatis ffeddd1f-af09-4c2e-97a1-be5caae46423 is started using port 15033 for RATIS_DATASTREAM
2023-11-03 16:42:39,951 [ffeddd1f-af09-4c2e-97a1-be5caae46423-BlockDeletingService#0] INFO  interfaces.ContainerDeletionChoosingPolicyTemplate (ContainerDeletionChoosingPolicyTemplate.java:chooseContainerForBlockDeletion(85)) - Chosen 0/5000 blocks from 0 candidate containers.
2023-11-03 16:42:40,119 [295b1274-f2e5-4e31-840f-0ca171e7cc13-EndpointStateMachineTaskThread-/0.0.0.0:15002-0 ] INFO  utils.DatanodeStoreCache (DatanodeStoreCache.java:addDB(66)) - Added db /home/runner/work/ozone/ozone/hadoop-ozone/integration-test/target/test-dir/MiniOzoneClusterImpl-7c6973ba-416f-441c-aeb4-54a4245b8bbd/datanode-3/data-0/containers/hdds/7c6973ba-416f-441c-aeb4-54a4245b8bbd/DS-0a54f74b-0834-4013-a0b9-8f0d508ad184/container.db to cache
2023-11-03 16:42:40,119 [295b1274-f2e5-4e31-840f-0ca171e7cc13-EndpointStateMachineTaskThread-/0.0.0.0:15002-0 ] INFO  volume.HddsVolume (HddsVolume.java:createDbStore(422)) - SchemaV3 db is created and loaded at /home/runner/work/ozone/ozone/hadoop-ozone/integration-test/target/test-dir/MiniOzoneClusterImpl-7c6973ba-416f-441c-aeb4-54a4245b8bbd/datanode-3/data-0/containers/hdds/7c6973ba-416f-441c-aeb4-54a4245b8bbd/DS-0a54f74b-0834-4013-a0b9-8f0d508ad184/container.db for volume DS-0a54f74b-0834-4013-a0b9-8f0d508ad184
2023-11-03 16:42:40,120 [295b1274-f2e5-4e31-840f-0ca171e7cc13-EndpointStateMachineTaskThread-/0.0.0.0:15002-0 ] INFO  volume.ThrottledAsyncChecker (ThrottledAsyncChecker.java:schedule(141)) - Scheduling a check for /home/runner/work/ozone/ozone/hadoop-ozone/integration-test/target/test-dir/MiniOzoneClusterImpl-7c6973ba-416f-441c-aeb4-54a4245b8bbd/datanode-3/data-0/containers/hdds
2023-11-03 16:42:40,127 [295b1274-f2e5-4e31-840f-0ca171e7cc13-EndpointStateMachineTaskThread-/0.0.0.0:15002-0 ] INFO  volume.StorageVolumeChecker (StorageVolumeChecker.java:checkAllVolumes(218)) - Scheduled health check for volume /home/runner/work/ozone/ozone/hadoop-ozone/integration-test/target/test-dir/MiniOzoneClusterImpl-7c6973ba-416f-441c-aeb4-54a4245b8bbd/datanode-3/data-0/containers/hdds
2023-11-03 16:42:40,128 [295b1274-f2e5-4e31-840f-0ca171e7cc13-EndpointStateMachineTaskThread-/0.0.0.0:15002-0 ] INFO  volume.ThrottledAsyncChecker (ThrottledAsyncChecker.java:schedule(141)) - Scheduling a check for /home/runner/work/ozone/ozone/hadoop-ozone/integration-test/target/test-dir/MiniOzoneClusterImpl-7c6973ba-416f-441c-aeb4-54a4245b8bbd/datanode-3/data/ratis
2023-11-03 16:42:40,129 [295b1274-f2e5-4e31-840f-0ca171e7cc13-EndpointStateMachineTaskThread-/0.0.0.0:15002-0 ] INFO  volume.StorageVolumeChecker (StorageVolumeChecker.java:checkAllVolumes(218)) - Scheduled health check for volume /home/runner/work/ozone/ozone/hadoop-ozone/integration-test/target/test-dir/MiniOzoneClusterImpl-7c6973ba-416f-441c-aeb4-54a4245b8bbd/datanode-3/data/ratis
2023-11-03 16:42:40,131 [295b1274-f2e5-4e31-840f-0ca171e7cc13-EndpointStateMachineTaskThread-/0.0.0.0:15002-0 ] INFO  ozoneimpl.OzoneContainer (OzoneContainer.java:start(441)) - Attempting to start container services.
2023-11-03 16:42:40,131 [295b1274-f2e5-4e31-840f-0ca171e7cc13-EndpointStateMachineTaskThread-/0.0.0.0:15002-0 ] INFO  ozoneimpl.OzoneContainer (OzoneContainer.java:startContainerScrub(337)) - Scheduled background container scanners and the on-demand container scanner have been disabled.
2023-11-03 16:42:40,133 [295b1274-f2e5-4e31-840f-0ca171e7cc13-EndpointStateMachineTaskThread-/0.0.0.0:15002-0 ] INFO  replication.ReplicationServer (ReplicationServer.java:start(139)) - ReplicationServer is started using port 15043
2023-11-03 16:42:40,133 [295b1274-f2e5-4e31-840f-0ca171e7cc13-EndpointStateMachineTaskThread-/0.0.0.0:15002-0 ] INFO  ratis.XceiverServerRatis (XceiverServerRatis.java:start(518)) - Starting XceiverServerRatis 295b1274-f2e5-4e31-840f-0ca171e7cc13
2023-11-03 16:42:40,134 [295b1274-f2e5-4e31-840f-0ca171e7cc13-EndpointStateMachineTaskThread-/0.0.0.0:15002-0 ] INFO  server.RaftServer (RaftServerProxy.java:startImpl(400)) - 295b1274-f2e5-4e31-840f-0ca171e7cc13: start RPC server
2023-11-03 16:42:40,137 [295b1274-f2e5-4e31-840f-0ca171e7cc13-EndpointStateMachineTaskThread-/0.0.0.0:15002-0 ] INFO  server.GrpcService (GrpcService.java:startImpl(302)) - 295b1274-f2e5-4e31-840f-0ca171e7cc13: GrpcService started, listening on 15039
2023-11-03 16:42:40,138 [295b1274-f2e5-4e31-840f-0ca171e7cc13-EndpointStateMachineTaskThread-/0.0.0.0:15002-0 ] INFO  server.GrpcService (GrpcService.java:startImpl(302)) - 295b1274-f2e5-4e31-840f-0ca171e7cc13: GrpcService started, listening on 15041
2023-11-03 16:42:40,143 [295b1274-f2e5-4e31-840f-0ca171e7cc13-EndpointStateMachineTaskThread-/0.0.0.0:15002-0 ] INFO  server.GrpcService (GrpcService.java:startImpl(302)) - 295b1274-f2e5-4e31-840f-0ca171e7cc13: GrpcService started, listening on 15040
2023-11-03 16:42:40,144 [295b1274-f2e5-4e31-840f-0ca171e7cc13-EndpointStateMachineTaskThread-/0.0.0.0:15002-0 ] INFO  ratis.XceiverServerRatis (XceiverServerRatis.java:getRealPort(544)) - XceiverServerRatis 295b1274-f2e5-4e31-840f-0ca171e7cc13 is started using port 15039 for RATIS
2023-11-03 16:42:40,144 [JvmPauseMonitor5] INFO  util.JvmPauseMonitor (JvmPauseMonitor.java:run(103)) - JvmPauseMonitor-295b1274-f2e5-4e31-840f-0ca171e7cc13: Started
2023-11-03 16:42:40,144 [295b1274-f2e5-4e31-840f-0ca171e7cc13-EndpointStateMachineTaskThread-/0.0.0.0:15002-0 ] INFO  ratis.XceiverServerRatis (XceiverServerRatis.java:getRealPort(544)) - XceiverServerRatis 295b1274-f2e5-4e31-840f-0ca171e7cc13 is started using port 15040 for RATIS_ADMIN
2023-11-03 16:42:40,146 [295b1274-f2e5-4e31-840f-0ca171e7cc13-EndpointStateMachineTaskThread-/0.0.0.0:15002-0 ] INFO  ratis.XceiverServerRatis (XceiverServerRatis.java:getRealPort(544)) - XceiverServerRatis 295b1274-f2e5-4e31-840f-0ca171e7cc13 is started using port 15041 for RATIS_SERVER
2023-11-03 16:42:40,146 [295b1274-f2e5-4e31-840f-0ca171e7cc13-EndpointStateMachineTaskThread-/0.0.0.0:15002-0 ] INFO  ratis.XceiverServerRatis (XceiverServerRatis.java:getRealPort(544)) - XceiverServerRatis 295b1274-f2e5-4e31-840f-0ca171e7cc13 is started using port 15042 for RATIS_DATASTREAM
2023-11-03 16:42:40,149 [295b1274-f2e5-4e31-840f-0ca171e7cc13-BlockDeletingService#0] INFO  interfaces.ContainerDeletionChoosingPolicyTemplate (ContainerDeletionChoosingPolicyTemplate.java:chooseContainerForBlockDeletion(85)) - Chosen 0/5000 blocks from 0 candidate containers.
2023-11-03 16:42:40,245 [main] INFO  ozone.MiniOzoneClusterImpl (MiniOzoneClusterImpl.java:lambda$waitForClusterToBeReady$0(229)) - Waiting for nodes to be ready. Got 0 of 5 DN Heartbeats.
2023-11-03 16:42:40,246 [main] INFO  ozone.MiniOzoneClusterImpl (MiniOzoneClusterImpl.java:lambda$waitForClusterToBeReady$0(232)) - Waiting for cluster to exit safe mode
2023-11-03 16:42:40,246 [main] INFO  ozone.MiniOzoneClusterImpl (MiniOzoneClusterImpl.java:lambda$waitForClusterToBeReady$0(234)) - SCM became leader
2023-11-03 16:42:40,298 [1bfede41-9497-419c-b91f-2116896991e0-EndpointStateMachineTaskThread-/0.0.0.0:15002-0 ] INFO  utils.DatanodeStoreCache (DatanodeStoreCache.java:addDB(66)) - Added db /home/runner/work/ozone/ozone/hadoop-ozone/integration-test/target/test-dir/MiniOzoneClusterImpl-7c6973ba-416f-441c-aeb4-54a4245b8bbd/datanode-4/data-0/containers/hdds/7c6973ba-416f-441c-aeb4-54a4245b8bbd/DS-c6b2e481-87f5-4584-ae9a-f2cd26812519/container.db to cache
2023-11-03 16:42:40,298 [1bfede41-9497-419c-b91f-2116896991e0-EndpointStateMachineTaskThread-/0.0.0.0:15002-0 ] INFO  volume.HddsVolume (HddsVolume.java:createDbStore(422)) - SchemaV3 db is created and loaded at /home/runner/work/ozone/ozone/hadoop-ozone/integration-test/target/test-dir/MiniOzoneClusterImpl-7c6973ba-416f-441c-aeb4-54a4245b8bbd/datanode-4/data-0/containers/hdds/7c6973ba-416f-441c-aeb4-54a4245b8bbd/DS-c6b2e481-87f5-4584-ae9a-f2cd26812519/container.db for volume DS-c6b2e481-87f5-4584-ae9a-f2cd26812519
2023-11-03 16:42:40,299 [1bfede41-9497-419c-b91f-2116896991e0-EndpointStateMachineTaskThread-/0.0.0.0:15002-0 ] INFO  volume.ThrottledAsyncChecker (ThrottledAsyncChecker.java:schedule(141)) - Scheduling a check for /home/runner/work/ozone/ozone/hadoop-ozone/integration-test/target/test-dir/MiniOzoneClusterImpl-7c6973ba-416f-441c-aeb4-54a4245b8bbd/datanode-4/data-0/containers/hdds
2023-11-03 16:42:40,303 [1bfede41-9497-419c-b91f-2116896991e0-EndpointStateMachineTaskThread-/0.0.0.0:15002-0 ] INFO  volume.StorageVolumeChecker (StorageVolumeChecker.java:checkAllVolumes(218)) - Scheduled health check for volume /home/runner/work/ozone/ozone/hadoop-ozone/integration-test/target/test-dir/MiniOzoneClusterImpl-7c6973ba-416f-441c-aeb4-54a4245b8bbd/datanode-4/data-0/containers/hdds
2023-11-03 16:42:40,310 [1bfede41-9497-419c-b91f-2116896991e0-EndpointStateMachineTaskThread-/0.0.0.0:15002-0 ] INFO  volume.ThrottledAsyncChecker (ThrottledAsyncChecker.java:schedule(141)) - Scheduling a check for /home/runner/work/ozone/ozone/hadoop-ozone/integration-test/target/test-dir/MiniOzoneClusterImpl-7c6973ba-416f-441c-aeb4-54a4245b8bbd/datanode-4/data/ratis
2023-11-03 16:42:40,310 [1bfede41-9497-419c-b91f-2116896991e0-EndpointStateMachineTaskThread-/0.0.0.0:15002-0 ] INFO  volume.StorageVolumeChecker (StorageVolumeChecker.java:checkAllVolumes(218)) - Scheduled health check for volume /home/runner/work/ozone/ozone/hadoop-ozone/integration-test/target/test-dir/MiniOzoneClusterImpl-7c6973ba-416f-441c-aeb4-54a4245b8bbd/datanode-4/data/ratis
2023-11-03 16:42:40,311 [1bfede41-9497-419c-b91f-2116896991e0-EndpointStateMachineTaskThread-/0.0.0.0:15002-0 ] INFO  ozoneimpl.OzoneContainer (OzoneContainer.java:start(441)) - Attempting to start container services.
2023-11-03 16:42:40,311 [1bfede41-9497-419c-b91f-2116896991e0-EndpointStateMachineTaskThread-/0.0.0.0:15002-0 ] INFO  ozoneimpl.OzoneContainer (OzoneContainer.java:startContainerScrub(337)) - Scheduled background container scanners and the on-demand container scanner have been disabled.
2023-11-03 16:42:40,313 [1bfede41-9497-419c-b91f-2116896991e0-EndpointStateMachineTaskThread-/0.0.0.0:15002-0 ] INFO  replication.ReplicationServer (ReplicationServer.java:start(139)) - ReplicationServer is started using port 15052
2023-11-03 16:42:40,313 [1bfede41-9497-419c-b91f-2116896991e0-EndpointStateMachineTaskThread-/0.0.0.0:15002-0 ] INFO  ratis.XceiverServerRatis (XceiverServerRatis.java:start(518)) - Starting XceiverServerRatis 1bfede41-9497-419c-b91f-2116896991e0
2023-11-03 16:42:40,314 [1bfede41-9497-419c-b91f-2116896991e0-EndpointStateMachineTaskThread-/0.0.0.0:15002-0 ] INFO  server.RaftServer (RaftServerProxy.java:startImpl(400)) - 1bfede41-9497-419c-b91f-2116896991e0: start RPC server
2023-11-03 16:42:40,315 [1bfede41-9497-419c-b91f-2116896991e0-EndpointStateMachineTaskThread-/0.0.0.0:15002-0 ] INFO  server.GrpcService (GrpcService.java:startImpl(302)) - 1bfede41-9497-419c-b91f-2116896991e0: GrpcService started, listening on 15048
2023-11-03 16:42:40,326 [1bfede41-9497-419c-b91f-2116896991e0-EndpointStateMachineTaskThread-/0.0.0.0:15002-0 ] INFO  server.GrpcService (GrpcService.java:startImpl(302)) - 1bfede41-9497-419c-b91f-2116896991e0: GrpcService started, listening on 15050
2023-11-03 16:42:40,327 [1bfede41-9497-419c-b91f-2116896991e0-EndpointStateMachineTaskThread-/0.0.0.0:15002-0 ] INFO  server.GrpcService (GrpcService.java:startImpl(302)) - 1bfede41-9497-419c-b91f-2116896991e0: GrpcService started, listening on 15049
2023-11-03 16:42:40,327 [1bfede41-9497-419c-b91f-2116896991e0-EndpointStateMachineTaskThread-/0.0.0.0:15002-0 ] INFO  ratis.XceiverServerRatis (XceiverServerRatis.java:getRealPort(544)) - XceiverServerRatis 1bfede41-9497-419c-b91f-2116896991e0 is started using port 15048 for RATIS
2023-11-03 16:42:40,327 [1bfede41-9497-419c-b91f-2116896991e0-EndpointStateMachineTaskThread-/0.0.0.0:15002-0 ] INFO  ratis.XceiverServerRatis (XceiverServerRatis.java:getRealPort(544)) - XceiverServerRatis 1bfede41-9497-419c-b91f-2116896991e0 is started using port 15049 for RATIS_ADMIN
2023-11-03 16:42:40,328 [1bfede41-9497-419c-b91f-2116896991e0-EndpointStateMachineTaskThread-/0.0.0.0:15002-0 ] INFO  ratis.XceiverServerRatis (XceiverServerRatis.java:getRealPort(544)) - XceiverServerRatis 1bfede41-9497-419c-b91f-2116896991e0 is started using port 15050 for RATIS_SERVER
2023-11-03 16:42:40,328 [1bfede41-9497-419c-b91f-2116896991e0-EndpointStateMachineTaskThread-/0.0.0.0:15002-0 ] INFO  ratis.XceiverServerRatis (XceiverServerRatis.java:getRealPort(544)) - XceiverServerRatis 1bfede41-9497-419c-b91f-2116896991e0 is started using port 15051 for RATIS_DATASTREAM
2023-11-03 16:42:40,328 [JvmPauseMonitor6] INFO  util.JvmPauseMonitor (JvmPauseMonitor.java:run(103)) - JvmPauseMonitor-1bfede41-9497-419c-b91f-2116896991e0: Started
2023-11-03 16:42:40,331 [1bfede41-9497-419c-b91f-2116896991e0-BlockDeletingService#0] INFO  interfaces.ContainerDeletionChoosingPolicyTemplate (ContainerDeletionChoosingPolicyTemplate.java:chooseContainerForBlockDeletion(85)) - Chosen 0/5000 blocks from 0 candidate containers.
2023-11-03 16:42:41,079 [IPC Server handler 2 on default port 15002] INFO  net.NetworkTopologyImpl (NetworkTopologyImpl.java:add(112)) - Added a new node: /default-rack/84f1a9c9-622e-41e0-8205-2fe147efcf79
2023-11-03 16:42:41,084 [IPC Server handler 2 on default port 15002] INFO  node.SCMNodeManager (SCMNodeManager.java:register(405)) - Registered Data node : 84f1a9c9-622e-41e0-8205-2fe147efcf79{ip: 10.1.0.19, host: fv-az292-536.tqgtyn10aqxuxoi0mkfbldi5vh.jx.internal.cloudapp.net, ports: [HTTP=15009, CLIENT_RPC=15010, REPLICATION=15016, RATIS=15012, RATIS_ADMIN=15013, RATIS_SERVER=15014, RATIS_DATASTREAM=15015, STANDALONE=15011], networkLocation: /default-rack, certSerialId: null, persistedOpState: null, persistedOpStateExpiryEpochSec: 0}
2023-11-03 16:42:41,090 [EventQueue-NewNodeForNewNodeHandler] INFO  pipeline.BackgroundPipelineCreator (BackgroundPipelineCreator.java:notifyEventTriggered(280)) - trigger a one-shot run on RatisPipelineUtilsThread.
2023-11-03 16:42:41,091 [EventQueue-NodeRegistrationContainerReportForContainerSafeModeRule] INFO  safemode.SCMSafeModeManager (SCMSafeModeManager.java:validateSafeModeExitRules(200)) - ContainerSafeModeRule rule is successfully validated
2023-11-03 16:42:41,091 [EventQueue-NodeRegistrationContainerReportForDataNodeSafeModeRule] INFO  safemode.SCMSafeModeManager (DataNodeSafeModeRule.java:process(71)) - SCM in safe mode. 1 DataNodes registered, 3 required.
2023-11-03 16:42:41,097 [EventQueue-PipelineReportForOneReplicaPipelineSafeModeRule] INFO  safemode.SCMSafeModeManager (SCMSafeModeManager.java:validateSafeModeExitRules(200)) - AtleastOneDatanodeReportedRule rule is successfully validated
2023-11-03 16:42:41,115 [RatisPipelineUtilsThread-0] INFO  pipeline.RatisPipelineProvider (RatisPipelineProvider.java:lambda$create$0(206)) - Sending CreatePipelineCommand for pipeline:PipelineID=a56c5482-622e-4be9-ace7-f0c5cc291cc3 to datanode:84f1a9c9-622e-41e0-8205-2fe147efcf79
2023-11-03 16:42:41,138 [RatisPipelineUtilsThread-0] INFO  pipeline.BackgroundPipelineCreator (BackgroundPipelineCreator.java:createPipelines(236)) - Created new pipeline Pipeline[ Id: a56c5482-622e-4be9-ace7-f0c5cc291cc3, Nodes: 84f1a9c9-622e-41e0-8205-2fe147efcf79(fv-az292-536.tqgtyn10aqxuxoi0mkfbldi5vh.jx.internal.cloudapp.net/10.1.0.19), ReplicationConfig: RATIS/ONE, State:ALLOCATED, leaderId:, CreationTimestamp2023-11-03T16:42:41.113Z[Etc/UTC]]
2023-11-03 16:42:41,246 [main] INFO  ozone.MiniOzoneClusterImpl (MiniOzoneClusterImpl.java:lambda$waitForClusterToBeReady$0(229)) - Waiting for nodes to be ready. Got 1 of 5 DN Heartbeats.
2023-11-03 16:42:41,246 [main] INFO  ozone.MiniOzoneClusterImpl (MiniOzoneClusterImpl.java:lambda$waitForClusterToBeReady$0(232)) - Waiting for cluster to exit safe mode
2023-11-03 16:42:41,247 [main] INFO  ozone.MiniOzoneClusterImpl (MiniOzoneClusterImpl.java:lambda$waitForClusterToBeReady$0(234)) - SCM became leader
2023-11-03 16:42:41,542 [IPC Server handler 3 on default port 15002] INFO  net.NetworkTopologyImpl (NetworkTopologyImpl.java:add(112)) - Added a new node: /default-rack/218a95d8-d531-49de-9be4-7ae556dd2030
2023-11-03 16:42:41,543 [IPC Server handler 3 on default port 15002] INFO  node.SCMNodeManager (SCMNodeManager.java:register(405)) - Registered Data node : 218a95d8-d531-49de-9be4-7ae556dd2030{ip: 10.1.0.19, host: fv-az292-536.tqgtyn10aqxuxoi0mkfbldi5vh.jx.internal.cloudapp.net, ports: [HTTP=15018, CLIENT_RPC=15019, REPLICATION=15025, RATIS=15021, RATIS_ADMIN=15022, RATIS_SERVER=15023, RATIS_DATASTREAM=15024, STANDALONE=15020], networkLocation: /default-rack, certSerialId: null, persistedOpState: null, persistedOpStateExpiryEpochSec: 0}
2023-11-03 16:42:41,544 [EventQueue-NewNodeForNewNodeHandler] INFO  pipeline.BackgroundPipelineCreator (BackgroundPipelineCreator.java:notifyEventTriggered(280)) - trigger a one-shot run on RatisPipelineUtilsThread.
2023-11-03 16:42:41,544 [EventQueue-NodeRegistrationContainerReportForDataNodeSafeModeRule] INFO  safemode.SCMSafeModeManager (DataNodeSafeModeRule.java:process(71)) - SCM in safe mode. 2 DataNodes registered, 3 required.
2023-11-03 16:42:41,545 [RatisPipelineUtilsThread-0] INFO  pipeline.RatisPipelineProvider (RatisPipelineProvider.java:lambda$create$0(206)) - Sending CreatePipelineCommand for pipeline:PipelineID=811ecc0e-4736-46fb-a02f-f75d13e3dda0 to datanode:218a95d8-d531-49de-9be4-7ae556dd2030
2023-11-03 16:42:41,549 [RatisPipelineUtilsThread-0] INFO  pipeline.BackgroundPipelineCreator (BackgroundPipelineCreator.java:createPipelines(236)) - Created new pipeline Pipeline[ Id: 811ecc0e-4736-46fb-a02f-f75d13e3dda0, Nodes: 218a95d8-d531-49de-9be4-7ae556dd2030(fv-az292-536.tqgtyn10aqxuxoi0mkfbldi5vh.jx.internal.cloudapp.net/10.1.0.19), ReplicationConfig: RATIS/ONE, State:ALLOCATED, leaderId:, CreationTimestamp2023-11-03T16:42:41.545Z[Etc/UTC]]
2023-11-03 16:42:41,869 [IPC Server handler 0 on default port 15002] INFO  net.NetworkTopologyImpl (NetworkTopologyImpl.java:add(112)) - Added a new node: /default-rack/ffeddd1f-af09-4c2e-97a1-be5caae46423
2023-11-03 16:42:41,869 [IPC Server handler 0 on default port 15002] INFO  node.SCMNodeManager (SCMNodeManager.java:register(405)) - Registered Data node : ffeddd1f-af09-4c2e-97a1-be5caae46423{ip: 10.1.0.19, host: fv-az292-536.tqgtyn10aqxuxoi0mkfbldi5vh.jx.internal.cloudapp.net, ports: [HTTP=15027, CLIENT_RPC=15028, REPLICATION=15034, RATIS=15030, RATIS_ADMIN=15031, RATIS_SERVER=15032, RATIS_DATASTREAM=15033, STANDALONE=15029], networkLocation: /default-rack, certSerialId: null, persistedOpState: null, persistedOpStateExpiryEpochSec: 0}
2023-11-03 16:42:41,870 [EventQueue-NewNodeForNewNodeHandler] INFO  pipeline.BackgroundPipelineCreator (BackgroundPipelineCreator.java:notifyEventTriggered(280)) - trigger a one-shot run on RatisPipelineUtilsThread.
2023-11-03 16:42:41,871 [EventQueue-NodeRegistrationContainerReportForDataNodeSafeModeRule] INFO  safemode.SCMSafeModeManager (DataNodeSafeModeRule.java:process(71)) - SCM in safe mode. 3 DataNodes registered, 3 required.
2023-11-03 16:42:41,872 [RatisPipelineUtilsThread-0] INFO  pipeline.RatisPipelineProvider (RatisPipelineProvider.java:lambda$create$0(206)) - Sending CreatePipelineCommand for pipeline:PipelineID=33e60c66-3d03-40ee-9c94-3666d6c978eb to datanode:ffeddd1f-af09-4c2e-97a1-be5caae46423
2023-11-03 16:42:41,873 [EventQueue-NodeRegistrationContainerReportForDataNodeSafeModeRule] INFO  safemode.SCMSafeModeManager (SCMSafeModeManager.java:validateSafeModeExitRules(200)) - DataNodeSafeModeRule rule is successfully validated
2023-11-03 16:42:41,873 [EventQueue-NodeRegistrationContainerReportForDataNodeSafeModeRule] INFO  safemode.SCMSafeModeManager (SCMSafeModeManager.java:completePreCheck(229)) - All SCM safe mode pre check rules have passed
2023-11-03 16:42:41,873 [EventQueue-NodeRegistrationContainerReportForDataNodeSafeModeRule] INFO  ha.SCMContext (SCMContext.java:updateSafeModeStatus(230)) - Update SafeModeStatus from SafeModeStatus{safeModeStatus=true, preCheckPassed=false} to SafeModeStatus{safeModeStatus=true, preCheckPassed=true}.
2023-11-03 16:42:41,873 [EventQueue-NodeRegistrationContainerReportForDataNodeSafeModeRule] INFO  pipeline.BackgroundPipelineCreator (BackgroundPipelineCreator.java:notifyEventTriggered(280)) - trigger a one-shot run on RatisPipelineUtilsThread.
2023-11-03 16:42:41,874 [RatisPipelineUtilsThread-0] INFO  pipeline.BackgroundPipelineCreator (BackgroundPipelineCreator.java:createPipelines(236)) - Created new pipeline Pipeline[ Id: 33e60c66-3d03-40ee-9c94-3666d6c978eb, Nodes: ffeddd1f-af09-4c2e-97a1-be5caae46423(fv-az292-536.tqgtyn10aqxuxoi0mkfbldi5vh.jx.internal.cloudapp.net/10.1.0.19), ReplicationConfig: RATIS/ONE, State:ALLOCATED, leaderId:, CreationTimestamp2023-11-03T16:42:41.872Z[Etc/UTC]]
2023-11-03 16:42:41,879 [RatisPipelineUtilsThread-0] INFO  pipeline.RatisPipelineProvider (RatisPipelineProvider.java:lambda$create$0(206)) - Sending CreatePipelineCommand for pipeline:PipelineID=3bf15084-ff35-421f-b9c8-36f0c8d693bc to datanode:218a95d8-d531-49de-9be4-7ae556dd2030
2023-11-03 16:42:41,879 [RatisPipelineUtilsThread-0] INFO  pipeline.RatisPipelineProvider (RatisPipelineProvider.java:lambda$create$0(206)) - Sending CreatePipelineCommand for pipeline:PipelineID=3bf15084-ff35-421f-b9c8-36f0c8d693bc to datanode:84f1a9c9-622e-41e0-8205-2fe147efcf79
2023-11-03 16:42:41,880 [RatisPipelineUtilsThread-0] INFO  pipeline.RatisPipelineProvider (RatisPipelineProvider.java:lambda$create$0(206)) - Sending CreatePipelineCommand for pipeline:PipelineID=3bf15084-ff35-421f-b9c8-36f0c8d693bc to datanode:ffeddd1f-af09-4c2e-97a1-be5caae46423
2023-11-03 16:42:41,881 [RatisPipelineUtilsThread-0] INFO  pipeline.BackgroundPipelineCreator (BackgroundPipelineCreator.java:createPipelines(236)) - Created new pipeline Pipeline[ Id: 3bf15084-ff35-421f-b9c8-36f0c8d693bc, Nodes: 218a95d8-d531-49de-9be4-7ae556dd2030(fv-az292-536.tqgtyn10aqxuxoi0mkfbldi5vh.jx.internal.cloudapp.net/10.1.0.19)84f1a9c9-622e-41e0-8205-2fe147efcf79(fv-az292-536.tqgtyn10aqxuxoi0mkfbldi5vh.jx.internal.cloudapp.net/10.1.0.19)ffeddd1f-af09-4c2e-97a1-be5caae46423(fv-az292-536.tqgtyn10aqxuxoi0mkfbldi5vh.jx.internal.cloudapp.net/10.1.0.19), ReplicationConfig: RATIS/THREE, State:ALLOCATED, leaderId:, CreationTimestamp2023-11-03T16:42:41.879Z[Etc/UTC]]
2023-11-03 16:42:41,883 [RatisPipelineUtilsThread-0] INFO  pipeline.RatisPipelineProvider (RatisPipelineProvider.java:lambda$create$0(206)) - Sending CreatePipelineCommand for pipeline:PipelineID=74fe60c7-5b3a-41e9-b88e-099e554763ce to datanode:ffeddd1f-af09-4c2e-97a1-be5caae46423
2023-11-03 16:42:41,883 [RatisPipelineUtilsThread-0] INFO  pipeline.RatisPipelineProvider (RatisPipelineProvider.java:lambda$create$0(206)) - Sending CreatePipelineCommand for pipeline:PipelineID=74fe60c7-5b3a-41e9-b88e-099e554763ce to datanode:84f1a9c9-622e-41e0-8205-2fe147efcf79
2023-11-03 16:42:41,883 [RatisPipelineUtilsThread-0] INFO  pipeline.RatisPipelineProvider (RatisPipelineProvider.java:lambda$create$0(206)) - Sending CreatePipelineCommand for pipeline:PipelineID=74fe60c7-5b3a-41e9-b88e-099e554763ce to datanode:218a95d8-d531-49de-9be4-7ae556dd2030
2023-11-03 16:42:41,885 [RatisPipelineUtilsThread-0] INFO  pipeline.PipelineManagerImpl (PipelineManagerImpl.java:recordMetricsForPipeline(895)) - Pipeline: PipelineID=74fe60c7-5b3a-41e9-b88e-099e554763ce contains same datanodes as previous pipelines: PipelineID=3bf15084-ff35-421f-b9c8-36f0c8d693bc nodeIds: ffeddd1f-af09-4c2e-97a1-be5caae46423, 84f1a9c9-622e-41e0-8205-2fe147efcf79, 218a95d8-d531-49de-9be4-7ae556dd2030
2023-11-03 16:42:41,885 [RatisPipelineUtilsThread-0] INFO  pipeline.BackgroundPipelineCreator (BackgroundPipelineCreator.java:createPipelines(236)) - Created new pipeline Pipeline[ Id: 74fe60c7-5b3a-41e9-b88e-099e554763ce, Nodes: ffeddd1f-af09-4c2e-97a1-be5caae46423(fv-az292-536.tqgtyn10aqxuxoi0mkfbldi5vh.jx.internal.cloudapp.net/10.1.0.19)84f1a9c9-622e-41e0-8205-2fe147efcf79(fv-az292-536.tqgtyn10aqxuxoi0mkfbldi5vh.jx.internal.cloudapp.net/10.1.0.19)218a95d8-d531-49de-9be4-7ae556dd2030(fv-az292-536.tqgtyn10aqxuxoi0mkfbldi5vh.jx.internal.cloudapp.net/10.1.0.19), ReplicationConfig: RATIS/THREE, State:ALLOCATED, leaderId:, CreationTimestamp2023-11-03T16:42:41.883Z[Etc/UTC]]
2023-11-03 16:42:42,077 [IPC Server handler 1 on default port 15002] INFO  net.NetworkTopologyImpl (NetworkTopologyImpl.java:add(112)) - Added a new node: /default-rack/295b1274-f2e5-4e31-840f-0ca171e7cc13
2023-11-03 16:42:42,078 [IPC Server handler 1 on default port 15002] INFO  node.SCMNodeManager (SCMNodeManager.java:register(405)) - Registered Data node : 295b1274-f2e5-4e31-840f-0ca171e7cc13{ip: 10.1.0.19, host: fv-az292-536.tqgtyn10aqxuxoi0mkfbldi5vh.jx.internal.cloudapp.net, ports: [HTTP=15036, CLIENT_RPC=15037, REPLICATION=15043, RATIS=15039, RATIS_ADMIN=15040, RATIS_SERVER=15041, RATIS_DATASTREAM=15042, STANDALONE=15038], networkLocation: /default-rack, certSerialId: null, persistedOpState: null, persistedOpStateExpiryEpochSec: 0}
2023-11-03 16:42:42,079 [EventQueue-NewNodeForNewNodeHandler] INFO  pipeline.BackgroundPipelineCreator (BackgroundPipelineCreator.java:notifyEventTriggered(280)) - trigger a one-shot run on RatisPipelineUtilsThread.
2023-11-03 16:42:42,081 [RatisPipelineUtilsThread-0] INFO  pipeline.RatisPipelineProvider (RatisPipelineProvider.java:lambda$create$0(206)) - Sending CreatePipelineCommand for pipeline:PipelineID=aa72dba9-7941-44f2-941d-9df9c56e1da3 to datanode:295b1274-f2e5-4e31-840f-0ca171e7cc13
2023-11-03 16:42:42,083 [RatisPipelineUtilsThread-0] INFO  pipeline.BackgroundPipelineCreator (BackgroundPipelineCreator.java:createPipelines(236)) - Created new pipeline Pipeline[ Id: aa72dba9-7941-44f2-941d-9df9c56e1da3, Nodes: 295b1274-f2e5-4e31-840f-0ca171e7cc13(fv-az292-536.tqgtyn10aqxuxoi0mkfbldi5vh.jx.internal.cloudapp.net/10.1.0.19), ReplicationConfig: RATIS/ONE, State:ALLOCATED, leaderId:, CreationTimestamp2023-11-03T16:42:42.081Z[Etc/UTC]]
2023-11-03 16:42:42,247 [main] INFO  ozone.MiniOzoneClusterImpl (MiniOzoneClusterImpl.java:lambda$waitForClusterToBeReady$0(229)) - Waiting for nodes to be ready. Got 4 of 5 DN Heartbeats.
2023-11-03 16:42:42,247 [main] INFO  ozone.MiniOzoneClusterImpl (MiniOzoneClusterImpl.java:lambda$waitForClusterToBeReady$0(232)) - Waiting for cluster to exit safe mode
2023-11-03 16:42:42,247 [main] INFO  ozone.MiniOzoneClusterImpl (MiniOzoneClusterImpl.java:lambda$waitForClusterToBeReady$0(234)) - SCM became leader
2023-11-03 16:42:42,254 [IPC Server handler 3 on default port 15002] INFO  net.NetworkTopologyImpl (NetworkTopologyImpl.java:add(112)) - Added a new node: /default-rack/1bfede41-9497-419c-b91f-2116896991e0
2023-11-03 16:42:42,255 [IPC Server handler 3 on default port 15002] INFO  node.SCMNodeManager (SCMNodeManager.java:register(405)) - Registered Data node : 1bfede41-9497-419c-b91f-2116896991e0{ip: 10.1.0.19, host: fv-az292-536.tqgtyn10aqxuxoi0mkfbldi5vh.jx.internal.cloudapp.net, ports: [HTTP=15045, CLIENT_RPC=15046, REPLICATION=15052, RATIS=15048, RATIS_ADMIN=15049, RATIS_SERVER=15050, RATIS_DATASTREAM=15051, STANDALONE=15047], networkLocation: /default-rack, certSerialId: null, persistedOpState: null, persistedOpStateExpiryEpochSec: 0}
2023-11-03 16:42:42,255 [EventQueue-NewNodeForNewNodeHandler] INFO  pipeline.BackgroundPipelineCreator (BackgroundPipelineCreator.java:notifyEventTriggered(280)) - trigger a one-shot run on RatisPipelineUtilsThread.
2023-11-03 16:42:42,255 [RatisPipelineUtilsThread-0] INFO  pipeline.RatisPipelineProvider (RatisPipelineProvider.java:lambda$create$0(206)) - Sending CreatePipelineCommand for pipeline:PipelineID=ff10e5ee-7a4d-4a90-b37e-50048af0e8c2 to datanode:1bfede41-9497-419c-b91f-2116896991e0
2023-11-03 16:42:42,258 [RatisPipelineUtilsThread-0] INFO  pipeline.BackgroundPipelineCreator (BackgroundPipelineCreator.java:createPipelines(236)) - Created new pipeline Pipeline[ Id: ff10e5ee-7a4d-4a90-b37e-50048af0e8c2, Nodes: 1bfede41-9497-419c-b91f-2116896991e0(fv-az292-536.tqgtyn10aqxuxoi0mkfbldi5vh.jx.internal.cloudapp.net/10.1.0.19), ReplicationConfig: RATIS/ONE, State:ALLOCATED, leaderId:, CreationTimestamp2023-11-03T16:42:42.255Z[Etc/UTC]]
2023-11-03 16:42:43,248 [main] INFO  ozone.MiniOzoneClusterImpl (MiniOzoneClusterImpl.java:lambda$waitForClusterToBeReady$0(229)) - Nodes are ready. Got 5 of 5 DN Heartbeats.
2023-11-03 16:42:43,248 [main] INFO  ozone.MiniOzoneClusterImpl (MiniOzoneClusterImpl.java:lambda$waitForClusterToBeReady$0(232)) - Waiting for cluster to exit safe mode
2023-11-03 16:42:43,248 [main] INFO  ozone.MiniOzoneClusterImpl (MiniOzoneClusterImpl.java:lambda$waitForClusterToBeReady$0(234)) - SCM became leader
2023-11-03 16:42:44,098 [84f1a9c9-622e-41e0-8205-2fe147efcf79-PipelineCommandHandlerThread-0] INFO  server.RaftServer (RaftServerProxy.java:addNew(98)) - 84f1a9c9-622e-41e0-8205-2fe147efcf79: addNew group-F0C5CC291CC3:[84f1a9c9-622e-41e0-8205-2fe147efcf79|rpc:10.1.0.19:15014|admin:10.1.0.19:15013|client:10.1.0.19:15012|dataStream:10.1.0.19:15015|priority:1|startupRole:FOLLOWER] returns group-F0C5CC291CC3:java.util.concurrent.CompletableFuture@6e0eccb1[Not completed]
2023-11-03 16:42:44,114 [84f1a9c9-622e-41e0-8205-2fe147efcf79-groupManagement] INFO  server.RaftServer$Division (RaftServerImpl.java:<init>(198)) - 84f1a9c9-622e-41e0-8205-2fe147efcf79: new RaftServerImpl for group-F0C5CC291CC3:[84f1a9c9-622e-41e0-8205-2fe147efcf79|rpc:10.1.0.19:15014|admin:10.1.0.19:15013|client:10.1.0.19:15012|dataStream:10.1.0.19:15015|priority:1|startupRole:FOLLOWER] with ContainerStateMachine:uninitialized
2023-11-03 16:42:44,114 [84f1a9c9-622e-41e0-8205-2fe147efcf79-groupManagement] INFO  server.RaftServerConfigKeys (ConfUtils.java:logGet(46)) - raft.server.rpc.timeout.min = 5s (custom)
2023-11-03 16:42:44,114 [84f1a9c9-622e-41e0-8205-2fe147efcf79-groupManagement] INFO  server.RaftServerConfigKeys (ConfUtils.java:logGet(46)) - raft.server.rpc.timeout.max = 5200ms (custom)
2023-11-03 16:42:44,115 [84f1a9c9-622e-41e0-8205-2fe147efcf79-groupManagement] INFO  server.RaftServerConfigKeys (ConfUtils.java:logGet(46)) - raft.server.rpc.sleep.time = 25ms (default)
2023-11-03 16:42:44,116 [84f1a9c9-622e-41e0-8205-2fe147efcf79-groupManagement] INFO  server.RaftServerConfigKeys (ConfUtils.java:logGet(46)) - raft.server.rpc.slowness.timeout = 300s (custom)
2023-11-03 16:42:44,116 [84f1a9c9-622e-41e0-8205-2fe147efcf79-groupManagement] INFO  server.RaftServerConfigKeys (ConfUtils.java:logGet(46)) - raft.server.leaderelection.leader.step-down.wait-time = 10s (default)
2023-11-03 16:42:44,116 [84f1a9c9-622e-41e0-8205-2fe147efcf79-groupManagement] INFO  server.RaftServerConfigKeys (ConfUtils.java:logGet(46)) - raft.server.sleep.deviation.threshold = 300ms (default)
2023-11-03 16:42:44,116 [84f1a9c9-622e-41e0-8205-2fe147efcf79-groupManagement] INFO  server.RaftServer$Division (ServerState.java:<init>(120)) - 84f1a9c9-622e-41e0-8205-2fe147efcf79@group-F0C5CC291CC3: ConfigurationManager, init=-1: peers:[84f1a9c9-622e-41e0-8205-2fe147efcf79|rpc:10.1.0.19:15014|admin:10.1.0.19:15013|client:10.1.0.19:15012|dataStream:10.1.0.19:15015|priority:1|startupRole:FOLLOWER]|listeners:[], old=null, confs=<EMPTY_MAP>
2023-11-03 16:42:44,116 [84f1a9c9-622e-41e0-8205-2fe147efcf79-groupManagement] INFO  server.RaftServerConfigKeys (ConfUtils.java:logGet(46)) - raft.server.storage.dir = [/home/runner/work/ozone/ozone/hadoop-ozone/integration-test/target/test-dir/MiniOzoneClusterImpl-7c6973ba-416f-441c-aeb4-54a4245b8bbd/datanode-0/data/ratis] (custom)
2023-11-03 16:42:44,120 [84f1a9c9-622e-41e0-8205-2fe147efcf79-groupManagement] INFO  server.RaftServerConfigKeys (ConfUtils.java:logGet(46)) - raft.server.log.corruption.policy = EXCEPTION (default)
2023-11-03 16:42:44,120 [84f1a9c9-622e-41e0-8205-2fe147efcf79-groupManagement] INFO  server.RaftServerConfigKeys (ConfUtils.java:logGet(46)) - raft.server.storage.free-space.min = 0MB (=0) (default)
2023-11-03 16:42:44,120 [84f1a9c9-622e-41e0-8205-2fe147efcf79-groupManagement] INFO  server.RaftServerConfigKeys (ConfUtils.java:logGet(46)) - raft.server.notification.no-leader.timeout = 300s (custom)
2023-11-03 16:42:44,120 [84f1a9c9-622e-41e0-8205-2fe147efcf79-groupManagement] INFO  server.RaftServerConfigKeys (ConfUtils.java:logGet(46)) - raft.server.read.timeout = 10s (default)
2023-11-03 16:42:44,120 [84f1a9c9-622e-41e0-8205-2fe147efcf79-groupManagement] INFO  server.RaftServerConfigKeys (ConfUtils.java:logGet(46)) - raft.server.retrycache.expirytime = 600000ms (custom)
2023-11-03 16:42:44,121 [84f1a9c9-622e-41e0-8205-2fe147efcf79-groupManagement] INFO  server.RaftServerConfigKeys (ConfUtils.java:logGet(46)) - raft.server.retrycache.statistics.expirytime = 100μs (default)
2023-11-03 16:42:44,121 [84f1a9c9-622e-41e0-8205-2fe147efcf79-groupManagement] INFO  server.RaftServerConfigKeys (ConfUtils.java:logGet(46)) - raft.server.read.option = DEFAULT (default)
2023-11-03 16:42:44,129 [84f1a9c9-622e-41e0-8205-2fe147efcf79-groupManagement] INFO  server.RaftServerConfigKeys (ConfUtils.java:logGet(46)) - raft.server.rpc.request.timeout = 60s (custom)
2023-11-03 16:42:44,129 [84f1a9c9-622e-41e0-8205-2fe147efcf79-groupManagement] INFO  server.RaftServerConfigKeys (ConfUtils.java:logGet(46)) - raft.server.log.appender.install.snapshot.enabled = false (custom)
2023-11-03 16:42:44,129 [84f1a9c9-622e-41e0-8205-2fe147efcf79-groupManagement] INFO  server.RaftServerConfigKeys (ConfUtils.java:logGet(46)) - raft.server.threadpool.server.cached = true (default)
2023-11-03 16:42:44,129 [84f1a9c9-622e-41e0-8205-2fe147efcf79-groupManagement] INFO  server.RaftServerConfigKeys (ConfUtils.java:logGet(46)) - raft.server.threadpool.server.size = 0 (default)
2023-11-03 16:42:44,129 [84f1a9c9-622e-41e0-8205-2fe147efcf79-groupManagement] INFO  server.RaftServerConfigKeys (ConfUtils.java:logGet(46)) - raft.server.threadpool.client.cached = true (default)
2023-11-03 16:42:44,130 [84f1a9c9-622e-41e0-8205-2fe147efcf79-groupManagement] INFO  server.RaftServerConfigKeys (ConfUtils.java:logGet(46)) - raft.server.threadpool.client.size = 0 (default)
2023-11-03 16:42:44,130 [84f1a9c9-622e-41e0-8205-2fe147efcf79-groupManagement] INFO  storage.RaftStorageDirectory (RaftStorageDirectoryImpl.java:analyzeStorage(137)) - The storage directory /home/runner/work/ozone/ozone/hadoop-ozone/integration-test/target/test-dir/MiniOzoneClusterImpl-7c6973ba-416f-441c-aeb4-54a4245b8bbd/datanode-0/data/ratis/a56c5482-622e-4be9-ace7-f0c5cc291cc3 does not exist. Creating ...
2023-11-03 16:42:44,133 [84f1a9c9-622e-41e0-8205-2fe147efcf79-groupManagement] INFO  storage.RaftStorageDirectory (RaftStorageDirectoryImpl.java:tryLock(231)) - Lock on /home/runner/work/ozone/ozone/hadoop-ozone/integration-test/target/test-dir/MiniOzoneClusterImpl-7c6973ba-416f-441c-aeb4-54a4245b8bbd/datanode-0/data/ratis/a56c5482-622e-4be9-ace7-f0c5cc291cc3/in_use.lock acquired by nodename 31069@fv-az292-536
2023-11-03 16:42:44,135 [84f1a9c9-622e-41e0-8205-2fe147efcf79-groupManagement] INFO  storage.RaftStorage (RaftStorageImpl.java:format(96)) - Storage directory /home/runner/work/ozone/ozone/hadoop-ozone/integration-test/target/test-dir/MiniOzoneClusterImpl-7c6973ba-416f-441c-aeb4-54a4245b8bbd/datanode-0/data/ratis/a56c5482-622e-4be9-ace7-f0c5cc291cc3 has been successfully formatted.
2023-11-03 16:42:44,141 [84f1a9c9-622e-41e0-8205-2fe147efcf79-groupManagement] INFO  ratis.ContainerStateMachine (ContainerStateMachine.java:loadSnapshot(269)) - group-F0C5CC291CC3: The snapshot info is null. Setting the last applied indexto:(t:0, i:~)
2023-11-03 16:42:44,148 [84f1a9c9-622e-41e0-8205-2fe147efcf79-groupManagement] INFO  server.RaftServerConfigKeys (ConfUtils.java:logGet(46)) - raft.server.log.use.memory = false (default)
2023-11-03 16:42:44,149 [84f1a9c9-622e-41e0-8205-2fe147efcf79-groupManagement] INFO  server.RaftServerConfigKeys (ConfUtils.java:logGet(46)) - raft.server.log.purge.gap = 1000000 (custom)
2023-11-03 16:42:44,149 [84f1a9c9-622e-41e0-8205-2fe147efcf79-groupManagement] INFO  server.RaftServerConfigKeys (ConfUtils.java:logGet(46)) - raft.server.log.appender.buffer.byte-limit = 33554432 (custom)
2023-11-03 16:42:44,149 [84f1a9c9-622e-41e0-8205-2fe147efcf79-groupManagement] INFO  server.RaftServerConfigKeys (ConfUtils.java:logGet(46)) - raft.server.log.statemachine.data.read.timeout = 1000ms (default)
2023-11-03 16:42:44,149 [84f1a9c9-622e-41e0-8205-2fe147efcf79-groupManagement] INFO  server.RaftServerConfigKeys (ConfUtils.java:logGet(46)) - raft.server.log.purge.preservation.log.num = 0 (default)
2023-11-03 16:42:44,156 [84f1a9c9-622e-41e0-8205-2fe147efcf79-groupManagement] INFO  server.RaftServerConfigKeys (ConfUtils.java:logGet(46)) - raft.server.log.segment.size.max = 1048576 (custom)
2023-11-03 16:42:44,159 [84f1a9c9-622e-41e0-8205-2fe147efcf79-groupManagement] INFO  server.RaftServerConfigKeys (ConfUtils.java:logGet(46)) - raft.server.log.segment.cache.num.max = 2 (custom)
2023-11-03 16:42:44,161 [84f1a9c9-622e-41e0-8205-2fe147efcf79-groupManagement] INFO  server.RaftServerConfigKeys (ConfUtils.java:logGet(46)) - raft.server.log.segment.cache.size.max = 200MB (=209715200) (default)
2023-11-03 16:42:44,161 [84f1a9c9-622e-41e0-8205-2fe147efcf79-groupManagement] INFO  server.RaftServerConfigKeys (ConfUtils.java:logGet(46)) - raft.server.log.appender.buffer.byte-limit = 33554432 (custom)
2023-11-03 16:42:44,161 [84f1a9c9-622e-41e0-8205-2fe147efcf79-groupManagement] INFO  segmented.SegmentedRaftLogWorker (SegmentedRaftLogWorker.java:<init>(188)) - new 84f1a9c9-622e-41e0-8205-2fe147efcf79@group-F0C5CC291CC3-SegmentedRaftLogWorker for RaftStorageImpl:Storage Directory /home/runner/work/ozone/ozone/hadoop-ozone/integration-test/target/test-dir/MiniOzoneClusterImpl-7c6973ba-416f-441c-aeb4-54a4245b8bbd/datanode-0/data/ratis/a56c5482-622e-4be9-ace7-f0c5cc291cc3
2023-11-03 16:42:44,164 [84f1a9c9-622e-41e0-8205-2fe147efcf79-groupManagement] INFO  server.RaftServerConfigKeys (ConfUtils.java:logGet(46)) - raft.server.log.queue.byte-limit = 4294967296 (custom)
2023-11-03 16:42:44,164 [84f1a9c9-622e-41e0-8205-2fe147efcf79-groupManagement] INFO  server.RaftServerConfigKeys (ConfUtils.java:logGet(46)) - raft.server.log.queue.element-limit = 1024 (custom)
2023-11-03 16:42:44,164 [84f1a9c9-622e-41e0-8205-2fe147efcf79-groupManagement] INFO  server.RaftServerConfigKeys (ConfUtils.java:logGet(46)) - raft.server.log.segment.size.max = 1048576 (custom)
2023-11-03 16:42:44,164 [84f1a9c9-622e-41e0-8205-2fe147efcf79-groupManagement] INFO  server.RaftServerConfigKeys (ConfUtils.java:logGet(46)) - raft.server.log.preallocated.size = 16384 (custom)
2023-11-03 16:42:44,164 [84f1a9c9-622e-41e0-8205-2fe147efcf79-groupManagement] INFO  server.RaftServerConfigKeys (ConfUtils.java:logGet(46)) - raft.server.log.force.sync.num = 128 (default)
2023-11-03 16:42:44,164 [84f1a9c9-622e-41e0-8205-2fe147efcf79-groupManagement] INFO  server.RaftServerConfigKeys (ConfUtils.java:logGet(46)) - raft.server.log.statemachine.data.sync = true (default)
2023-11-03 16:42:44,165 [84f1a9c9-622e-41e0-8205-2fe147efcf79-groupManagement] INFO  server.RaftServerConfigKeys (ConfUtils.java:logGet(46)) - raft.server.log.statemachine.data.sync.timeout = 10s (default)
2023-11-03 16:42:44,165 [84f1a9c9-622e-41e0-8205-2fe147efcf79-groupManagement] INFO  server.RaftServerConfigKeys (ConfUtils.java:logGet(46)) - raft.server.log.statemachine.data.sync.timeout.retry = -1 (default)
2023-11-03 16:42:44,173 [84f1a9c9-622e-41e0-8205-2fe147efcf79-groupManagement] INFO  server.RaftServerConfigKeys (ConfUtils.java:logGet(46)) - raft.server.log.write.buffer.size = 1048576 (custom)
2023-11-03 16:42:44,175 [84f1a9c9-622e-41e0-8205-2fe147efcf79-groupManagement] INFO  server.RaftServerConfigKeys (ConfUtils.java:logGet(46)) - raft.server.log.appender.buffer.byte-limit = 33554432 (custom)
2023-11-03 16:42:44,185 [84f1a9c9-622e-41e0-8205-2fe147efcf79-groupManagement] INFO  server.RaftServerConfigKeys (ConfUtils.java:logGet(46)) - raft.server.log.unsafe-flush.enabled = false (default)
2023-11-03 16:42:44,186 [84f1a9c9-622e-41e0-8205-2fe147efcf79-groupManagement] INFO  server.RaftServerConfigKeys (ConfUtils.java:logGet(46)) - raft.server.log.async-flush.enabled = false (default)
2023-11-03 16:42:44,186 [84f1a9c9-622e-41e0-8205-2fe147efcf79-groupManagement] INFO  server.RaftServerConfigKeys (ConfUtils.java:logGet(46)) - raft.server.log.statemachine.data.caching.enabled = true (custom)
2023-11-03 16:42:44,189 [84f1a9c9-622e-41e0-8205-2fe147efcf79-groupManagement] INFO  segmented.SegmentedRaftLogWorker (SegmentedRaftLogWorker.java:lambda$new$0(135)) - 84f1a9c9-622e-41e0-8205-2fe147efcf79@group-F0C5CC291CC3-SegmentedRaftLogWorker: flushIndex: setUnconditionally 0 -> -1
2023-11-03 16:42:44,193 [84f1a9c9-622e-41e0-8205-2fe147efcf79-groupManagement] INFO  segmented.SegmentedRaftLogWorker (SegmentedRaftLogWorker.java:lambda$new$0(135)) - 84f1a9c9-622e-41e0-8205-2fe147efcf79@group-F0C5CC291CC3-SegmentedRaftLogWorker: safeCacheEvictIndex: setUnconditionally 0 -> -1
2023-11-03 16:42:44,194 [84f1a9c9-622e-41e0-8205-2fe147efcf79-groupManagement] INFO  server.RaftServer$Division (RaftServerImpl.java:start(342)) - 84f1a9c9-622e-41e0-8205-2fe147efcf79@group-F0C5CC291CC3: start as a follower, conf=-1: peers:[84f1a9c9-622e-41e0-8205-2fe147efcf79|rpc:10.1.0.19:15014|admin:10.1.0.19:15013|client:10.1.0.19:15012|dataStream:10.1.0.19:15015|priority:1|startupRole:FOLLOWER]|listeners:[], old=null
2023-11-03 16:42:44,194 [84f1a9c9-622e-41e0-8205-2fe147efcf79-groupManagement] INFO  server.RaftServer$Division (RaftServerImpl.java:setRole(329)) - 84f1a9c9-622e-41e0-8205-2fe147efcf79@group-F0C5CC291CC3: changes role from      null to FOLLOWER at term 0 for startAsFollower
2023-11-03 16:42:44,194 [84f1a9c9-622e-41e0-8205-2fe147efcf79-groupManagement] INFO  impl.RoleInfo (RoleInfo.java:updateAndGet(139)) - 84f1a9c9-622e-41e0-8205-2fe147efcf79: start 84f1a9c9-622e-41e0-8205-2fe147efcf79@group-F0C5CC291CC3-FollowerState
2023-11-03 16:42:44,194 [84f1a9c9-622e-41e0-8205-2fe147efcf79@group-F0C5CC291CC3-FollowerState] INFO  server.RaftServerConfigKeys (ConfUtils.java:logFallback(53)) - raft.server.rpc.first-election.timeout.min = 5s (fallback to raft.server.rpc.timeout.min)
2023-11-03 16:42:44,194 [84f1a9c9-622e-41e0-8205-2fe147efcf79-groupManagement] INFO  util.JmxRegister (JmxRegister.java:tryRegister(44)) - Successfully registered JMX Bean with object name Ratis:service=RaftServer,group=group-F0C5CC291CC3,id=84f1a9c9-622e-41e0-8205-2fe147efcf79
2023-11-03 16:42:44,194 [84f1a9c9-622e-41e0-8205-2fe147efcf79@group-F0C5CC291CC3-FollowerState] INFO  server.RaftServerConfigKeys (ConfUtils.java:logFallback(53)) - raft.server.rpc.first-election.timeout.max = 5200ms (fallback to raft.server.rpc.timeout.max)
2023-11-03 16:42:44,195 [84f1a9c9-622e-41e0-8205-2fe147efcf79-groupManagement] INFO  server.RaftServerConfigKeys (ConfUtils.java:logGet(46)) - raft.server.snapshot.auto.trigger.enabled = true (custom)
2023-11-03 16:42:44,195 [84f1a9c9-622e-41e0-8205-2fe147efcf79-groupManagement] INFO  server.RaftServerConfigKeys (ConfUtils.java:logGet(46)) - raft.server.snapshot.auto.trigger.threshold = 10000 (custom)
2023-11-03 16:42:44,195 [84f1a9c9-622e-41e0-8205-2fe147efcf79-groupManagement] INFO  server.RaftServerConfigKeys (ConfUtils.java:logGet(46)) - raft.server.snapshot.retention.file.num = 5 (custom)
2023-11-03 16:42:44,195 [84f1a9c9-622e-41e0-8205-2fe147efcf79-groupManagement] INFO  server.RaftServerConfigKeys (ConfUtils.java:logGet(46)) - raft.server.log.purge.upto.snapshot.index = false (default)
2023-11-03 16:42:44,197 [EventQueue-PipelineReportForPipelineReportHandler] INFO  pipeline.PipelineReportHandler (PipelineReportHandler.java:processPipelineReport(136)) - Opened pipeline PipelineID=a56c5482-622e-4be9-ace7-f0c5cc291cc3
2023-11-03 16:42:44,200 [EventQueue-OpenPipelineForHealthyPipelineSafeModeRule] INFO  safemode.SCMSafeModeManager (HealthyPipelineSafeModeRule.java:process(137)) - SCM in safe mode. Healthy pipelines reported count is 0, required healthy pipeline reported count is 1
2023-11-03 16:42:44,214 [84f1a9c9-622e-41e0-8205-2fe147efcf79-PipelineCommandHandlerThread-0] INFO  ratis.XceiverServerRatis (XceiverServerRatis.java:addGroup(805)) - Created group PipelineID=a56c5482-622e-4be9-ace7-f0c5cc291cc3
2023-11-03 16:42:44,214 [84f1a9c9-622e-41e0-8205-2fe147efcf79-PipelineCommandHandlerThread-0] INFO  commandhandler.CreatePipelineCommandHandler (CreatePipelineCommandHandler.java:lambda$handle$2(124)) - Created Pipeline RATIS ONE PipelineID=a56c5482-622e-4be9-ace7-f0c5cc291cc3.
2023-11-03 16:42:44,215 [84f1a9c9-622e-41e0-8205-2fe147efcf79-PipelineCommandHandlerThread-0] INFO  server.RaftServer (RaftServerProxy.java:addNew(98)) - 84f1a9c9-622e-41e0-8205-2fe147efcf79: addNew group-36F0C8D693BC:[218a95d8-d531-49de-9be4-7ae556dd2030|rpc:10.1.0.19:15023|admin:10.1.0.19:15022|client:10.1.0.19:15021|dataStream:10.1.0.19:15024|priority:1|startupRole:FOLLOWER, 84f1a9c9-622e-41e0-8205-2fe147efcf79|rpc:10.1.0.19:15014|admin:10.1.0.19:15013|client:10.1.0.19:15012|dataStream:10.1.0.19:15015|priority:0|startupRole:FOLLOWER, ffeddd1f-af09-4c2e-97a1-be5caae46423|rpc:10.1.0.19:15032|admin:10.1.0.19:15031|client:10.1.0.19:15030|dataStream:10.1.0.19:15033|priority:0|startupRole:FOLLOWER] returns group-36F0C8D693BC:java.util.concurrent.CompletableFuture@14db908e[Not completed]
2023-11-03 16:42:44,218 [84f1a9c9-622e-41e0-8205-2fe147efcf79-groupManagement] INFO  server.RaftServer$Division (RaftServerImpl.java:<init>(198)) - 84f1a9c9-622e-41e0-8205-2fe147efcf79: new RaftServerImpl for group-36F0C8D693BC:[218a95d8-d531-49de-9be4-7ae556dd2030|rpc:10.1.0.19:15023|admin:10.1.0.19:15022|client:10.1.0.19:15021|dataStream:10.1.0.19:15024|priority:1|startupRole:FOLLOWER, 84f1a9c9-622e-41e0-8205-2fe147efcf79|rpc:10.1.0.19:15014|admin:10.1.0.19:15013|client:10.1.0.19:15012|dataStream:10.1.0.19:15015|priority:0|startupRole:FOLLOWER, ffeddd1f-af09-4c2e-97a1-be5caae46423|rpc:10.1.0.19:15032|admin:10.1.0.19:15031|client:10.1.0.19:15030|dataStream:10.1.0.19:15033|priority:0|startupRole:FOLLOWER] with ContainerStateMachine:uninitialized
2023-11-03 16:42:44,218 [84f1a9c9-622e-41e0-8205-2fe147efcf79-groupManagement] INFO  server.RaftServerConfigKeys (ConfUtils.java:logGet(46)) - raft.server.rpc.timeout.min = 5s (custom)
2023-11-03 16:42:44,218 [84f1a9c9-622e-41e0-8205-2fe147efcf79-groupManagement] INFO  server.RaftServerConfigKeys (ConfUtils.java:logGet(46)) - raft.server.rpc.timeout.max = 5200ms (custom)
2023-11-03 16:42:44,218 [84f1a9c9-622e-41e0-8205-2fe147efcf79-groupManagement] INFO  server.RaftServerConfigKeys (ConfUtils.java:logGet(46)) - raft.server.rpc.sleep.time = 25ms (default)
2023-11-03 16:42:44,218 [84f1a9c9-622e-41e0-8205-2fe147efcf79-groupManagement] INFO  server.RaftServerConfigKeys (ConfUtils.java:logGet(46)) - raft.server.rpc.slowness.timeout = 300s (custom)
2023-11-03 16:42:44,219 [84f1a9c9-622e-41e0-8205-2fe147efcf79-groupManagement] INFO  server.RaftServerConfigKeys (ConfUtils.java:logGet(46)) - raft.server.leaderelection.leader.step-down.wait-time = 10s (default)
2023-11-03 16:42:44,219 [84f1a9c9-622e-41e0-8205-2fe147efcf79-groupManagement] INFO  server.RaftServerConfigKeys (ConfUtils.java:logGet(46)) - raft.server.sleep.deviation.threshold = 300ms (default)
2023-11-03 16:42:44,219 [84f1a9c9-622e-41e0-8205-2fe147efcf79-groupManagement] INFO  server.RaftServer$Division (ServerState.java:<init>(120)) - 84f1a9c9-622e-41e0-8205-2fe147efcf79@group-36F0C8D693BC: ConfigurationManager, init=-1: peers:[218a95d8-d531-49de-9be4-7ae556dd2030|rpc:10.1.0.19:15023|admin:10.1.0.19:15022|client:10.1.0.19:15021|dataStream:10.1.0.19:15024|priority:1|startupRole:FOLLOWER, 84f1a9c9-622e-41e0-8205-2fe147efcf79|rpc:10.1.0.19:15014|admin:10.1.0.19:15013|client:10.1.0.19:15012|dataStream:10.1.0.19:15015|priority:0|startupRole:FOLLOWER, ffeddd1f-af09-4c2e-97a1-be5caae46423|rpc:10.1.0.19:15032|admin:10.1.0.19:15031|client:10.1.0.19:15030|dataStream:10.1.0.19:15033|priority:0|startupRole:FOLLOWER]|listeners:[], old=null, confs=<EMPTY_MAP>
2023-11-03 16:42:44,220 [84f1a9c9-622e-41e0-8205-2fe147efcf79-groupManagement] INFO  server.RaftServerConfigKeys (ConfUtils.java:logGet(46)) - raft.server.storage.dir = [/home/runner/work/ozone/ozone/hadoop-ozone/integration-test/target/test-dir/MiniOzoneClusterImpl-7c6973ba-416f-441c-aeb4-54a4245b8bbd/datanode-0/data/ratis] (custom)
2023-11-03 16:42:44,220 [84f1a9c9-622e-41e0-8205-2fe147efcf79-groupManagement] INFO  server.RaftServerConfigKeys (ConfUtils.java:logGet(46)) - raft.server.log.corruption.policy = EXCEPTION (default)
2023-11-03 16:42:44,220 [84f1a9c9-622e-41e0-8205-2fe147efcf79-groupManagement] INFO  server.RaftServerConfigKeys (ConfUtils.java:logGet(46)) - raft.server.storage.free-space.min = 0MB (=0) (default)
2023-11-03 16:42:44,220 [84f1a9c9-622e-41e0-8205-2fe147efcf79-groupManagement] INFO  server.RaftServerConfigKeys (ConfUtils.java:logGet(46)) - raft.server.notification.no-leader.timeout = 300s (custom)
2023-11-03 16:42:44,220 [84f1a9c9-622e-41e0-8205-2fe147efcf79-groupManagement] INFO  server.RaftServerConfigKeys (ConfUtils.java:logGet(46)) - raft.server.read.timeout = 10s (default)
2023-11-03 16:42:44,220 [84f1a9c9-622e-41e0-8205-2fe147efcf79-groupManagement] INFO  server.RaftServerConfigKeys (ConfUtils.java:logGet(46)) - raft.server.retrycache.expirytime = 600000ms (custom)
2023-11-03 16:42:44,221 [84f1a9c9-622e-41e0-8205-2fe147efcf79-groupManagement] INFO  server.RaftServerConfigKeys (ConfUtils.java:logGet(46)) - raft.server.retrycache.statistics.expirytime = 100μs (default)
2023-11-03 16:42:44,221 [84f1a9c9-622e-41e0-8205-2fe147efcf79-groupManagement] INFO  server.RaftServerConfigKeys (ConfUtils.java:logGet(46)) - raft.server.read.option = DEFAULT (default)
2023-11-03 16:42:44,233 [84f1a9c9-622e-41e0-8205-2fe147efcf79-groupManagement] INFO  server.RaftServerConfigKeys (ConfUtils.java:logGet(46)) - raft.server.rpc.request.timeout = 60s (custom)
2023-11-03 16:42:44,233 [84f1a9c9-622e-41e0-8205-2fe147efcf79-groupManagement] INFO  server.RaftServerConfigKeys (ConfUtils.java:logGet(46)) - raft.server.log.appender.install.snapshot.enabled = false (custom)
2023-11-03 16:42:44,233 [84f1a9c9-622e-41e0-8205-2fe147efcf79-groupManagement] INFO  server.RaftServerConfigKeys (ConfUtils.java:logGet(46)) - raft.server.threadpool.server.cached = true (default)
2023-11-03 16:42:44,233 [84f1a9c9-622e-41e0-8205-2fe147efcf79-groupManagement] INFO  server.RaftServerConfigKeys (ConfUtils.java:logGet(46)) - raft.server.threadpool.server.size = 0 (default)
2023-11-03 16:42:44,233 [84f1a9c9-622e-41e0-8205-2fe147efcf79-groupManagement] INFO  server.RaftServerConfigKeys (ConfUtils.java:logGet(46)) - raft.server.threadpool.client.cached = true (default)
2023-11-03 16:42:44,233 [84f1a9c9-622e-41e0-8205-2fe147efcf79-groupManagement] INFO  server.RaftServerConfigKeys (ConfUtils.java:logGet(46)) - raft.server.threadpool.client.size = 0 (default)
2023-11-03 16:42:44,233 [84f1a9c9-622e-41e0-8205-2fe147efcf79-groupManagement] INFO  storage.RaftStorageDirectory (RaftStorageDirectoryImpl.java:analyzeStorage(137)) - The storage directory /home/runner/work/ozone/ozone/hadoop-ozone/integration-test/target/test-dir/MiniOzoneClusterImpl-7c6973ba-416f-441c-aeb4-54a4245b8bbd/datanode-0/data/ratis/3bf15084-ff35-421f-b9c8-36f0c8d693bc does not exist. Creating ...
2023-11-03 16:42:44,235 [84f1a9c9-622e-41e0-8205-2fe147efcf79-groupManagement] INFO  storage.RaftStorageDirectory (RaftStorageDirectoryImpl.java:tryLock(231)) - Lock on /home/runner/work/ozone/ozone/hadoop-ozone/integration-test/target/test-dir/MiniOzoneClusterImpl-7c6973ba-416f-441c-aeb4-54a4245b8bbd/datanode-0/data/ratis/3bf15084-ff35-421f-b9c8-36f0c8d693bc/in_use.lock acquired by nodename 31069@fv-az292-536
2023-11-03 16:42:44,238 [84f1a9c9-622e-41e0-8205-2fe147efcf79-groupManagement] INFO  storage.RaftStorage (RaftStorageImpl.java:format(96)) - Storage directory /home/runner/work/ozone/ozone/hadoop-ozone/integration-test/target/test-dir/MiniOzoneClusterImpl-7c6973ba-416f-441c-aeb4-54a4245b8bbd/datanode-0/data/ratis/3bf15084-ff35-421f-b9c8-36f0c8d693bc has been successfully formatted.
2023-11-03 16:42:44,240 [84f1a9c9-622e-41e0-8205-2fe147efcf79-groupManagement] INFO  ratis.ContainerStateMachine (ContainerStateMachine.java:loadSnapshot(269)) - group-36F0C8D693BC: The snapshot info is null. Setting the last applied indexto:(t:0, i:~)
2023-11-03 16:42:44,240 [84f1a9c9-622e-41e0-8205-2fe147efcf79-groupManagement] INFO  server.RaftServerConfigKeys (ConfUtils.java:logGet(46)) - raft.server.log.use.memory = false (default)
2023-11-03 16:42:44,242 [84f1a9c9-622e-41e0-8205-2fe147efcf79-groupManagement] INFO  server.RaftServerConfigKeys (ConfUtils.java:logGet(46)) - raft.server.log.purge.gap = 1000000 (custom)
2023-11-03 16:42:44,243 [84f1a9c9-622e-41e0-8205-2fe147efcf79-groupManagement] INFO  server.RaftServerConfigKeys (ConfUtils.java:logGet(46)) - raft.server.log.appender.buffer.byte-limit = 33554432 (custom)
2023-11-03 16:42:44,243 [84f1a9c9-622e-41e0-8205-2fe147efcf79-groupManagement] INFO  server.RaftServerConfigKeys (ConfUtils.java:logGet(46)) - raft.server.log.statemachine.data.read.timeout = 1000ms (default)
2023-11-03 16:42:44,243 [EventQueue-OpenPipelineForHealthyPipelineSafeModeRule] INFO  safemode.SCMSafeModeManager (HealthyPipelineSafeModeRule.java:process(137)) - SCM in safe mode. Healthy pipelines reported count is 0, required healthy pipeline reported count is 1
2023-11-03 16:42:44,244 [84f1a9c9-622e-41e0-8205-2fe147efcf79-groupManagement] INFO  server.RaftServerConfigKeys (ConfUtils.java:logGet(46)) - raft.server.log.purge.preservation.log.num = 0 (default)
2023-11-03 16:42:44,245 [84f1a9c9-622e-41e0-8205-2fe147efcf79-groupManagement] INFO  server.RaftServerConfigKeys (ConfUtils.java:logGet(46)) - raft.server.log.segment.size.max = 1048576 (custom)
2023-11-03 16:42:44,246 [84f1a9c9-622e-41e0-8205-2fe147efcf79-groupManagement] INFO  server.RaftServerConfigKeys (ConfUtils.java:logGet(46)) - raft.server.log.segment.cache.num.max = 2 (custom)
2023-11-03 16:42:44,246 [84f1a9c9-622e-41e0-8205-2fe147efcf79-groupManagement] INFO  server.RaftServerConfigKeys (ConfUtils.java:logGet(46)) - raft.server.log.segment.cache.size.max = 200MB (=209715200) (default)
2023-11-03 16:42:44,246 [84f1a9c9-622e-41e0-8205-2fe147efcf79-groupManagement] INFO  server.RaftServerConfigKeys (ConfUtils.java:logGet(46)) - raft.server.log.appender.buffer.byte-limit = 33554432 (custom)
2023-11-03 16:42:44,246 [84f1a9c9-622e-41e0-8205-2fe147efcf79-groupManagement] INFO  segmented.SegmentedRaftLogWorker (SegmentedRaftLogWorker.java:<init>(188)) - new 84f1a9c9-622e-41e0-8205-2fe147efcf79@group-36F0C8D693BC-SegmentedRaftLogWorker for RaftStorageImpl:Storage Directory /home/runner/work/ozone/ozone/hadoop-ozone/integration-test/target/test-dir/MiniOzoneClusterImpl-7c6973ba-416f-441c-aeb4-54a4245b8bbd/datanode-0/data/ratis/3bf15084-ff35-421f-b9c8-36f0c8d693bc
2023-11-03 16:42:44,246 [84f1a9c9-622e-41e0-8205-2fe147efcf79-groupManagement] INFO  server.RaftServerConfigKeys (ConfUtils.java:logGet(46)) - raft.server.log.queue.byte-limit = 4294967296 (custom)
2023-11-03 16:42:44,246 [84f1a9c9-622e-41e0-8205-2fe147efcf79-groupManagement] INFO  server.RaftServerConfigKeys (ConfUtils.java:logGet(46)) - raft.server.log.queue.element-limit = 1024 (custom)
2023-11-03 16:42:44,247 [84f1a9c9-622e-41e0-8205-2fe147efcf79-groupManagement] INFO  server.RaftServerConfigKeys (ConfUtils.java:logGet(46)) - raft.server.log.segment.size.max = 1048576 (custom)
2023-11-03 16:42:44,247 [84f1a9c9-622e-41e0-8205-2fe147efcf79-groupManagement] INFO  server.RaftServerConfigKeys (ConfUtils.java:logGet(46)) - raft.server.log.preallocated.size = 16384 (custom)
2023-11-03 16:42:44,247 [84f1a9c9-622e-41e0-8205-2fe147efcf79-groupManagement] INFO  server.RaftServerConfigKeys (ConfUtils.java:logGet(46)) - raft.server.log.force.sync.num = 128 (default)
2023-11-03 16:42:44,247 [84f1a9c9-622e-41e0-8205-2fe147efcf79-groupManagement] INFO  server.RaftServerConfigKeys (ConfUtils.java:logGet(46)) - raft.server.log.statemachine.data.sync = true (default)
2023-11-03 16:42:44,247 [84f1a9c9-622e-41e0-8205-2fe147efcf79-groupManagement] INFO  server.RaftServerConfigKeys (ConfUtils.java:logGet(46)) - raft.server.log.statemachine.data.sync.timeout = 10s (default)
2023-11-03 16:42:44,247 [84f1a9c9-622e-41e0-8205-2fe147efcf79-groupManagement] INFO  server.RaftServerConfigKeys (ConfUtils.java:logGet(46)) - raft.server.log.statemachine.data.sync.timeout.retry = -1 (default)
2023-11-03 16:42:44,249 [main] INFO  ozone.MiniOzoneClusterImpl (MiniOzoneClusterImpl.java:lambda$waitForClusterToBeReady$0(229)) - Nodes are ready. Got 5 of 5 DN Heartbeats.
2023-11-03 16:42:44,249 [main] INFO  ozone.MiniOzoneClusterImpl (MiniOzoneClusterImpl.java:lambda$waitForClusterToBeReady$0(232)) - Waiting for cluster to exit safe mode
2023-11-03 16:42:44,249 [main] INFO  ozone.MiniOzoneClusterImpl (MiniOzoneClusterImpl.java:lambda$waitForClusterToBeReady$0(234)) - SCM became leader
2023-11-03 16:42:44,252 [84f1a9c9-622e-41e0-8205-2fe147efcf79-groupManagement] INFO  server.RaftServerConfigKeys (ConfUtils.java:logGet(46)) - raft.server.log.write.buffer.size = 1048576 (custom)
2023-11-03 16:42:44,261 [84f1a9c9-622e-41e0-8205-2fe147efcf79-groupManagement] INFO  server.RaftServerConfigKeys (ConfUtils.java:logGet(46)) - raft.server.log.appender.buffer.byte-limit = 33554432 (custom)
2023-11-03 16:42:44,268 [84f1a9c9-622e-41e0-8205-2fe147efcf79-groupManagement] INFO  server.RaftServerConfigKeys (ConfUtils.java:logGet(46)) - raft.server.log.unsafe-flush.enabled = false (default)
2023-11-03 16:42:44,269 [84f1a9c9-622e-41e0-8205-2fe147efcf79-groupManagement] INFO  server.RaftServerConfigKeys (ConfUtils.java:logGet(46)) - raft.server.log.async-flush.enabled = false (default)
2023-11-03 16:42:44,269 [84f1a9c9-622e-41e0-8205-2fe147efcf79-groupManagement] INFO  server.RaftServerConfigKeys (ConfUtils.java:logGet(46)) - raft.server.log.statemachine.data.caching.enabled = true (custom)
2023-11-03 16:42:44,269 [84f1a9c9-622e-41e0-8205-2fe147efcf79-groupManagement] INFO  segmented.SegmentedRaftLogWorker (SegmentedRaftLogWorker.java:lambda$new$0(135)) - 84f1a9c9-622e-41e0-8205-2fe147efcf79@group-36F0C8D693BC-SegmentedRaftLogWorker: flushIndex: setUnconditionally 0 -> -1
2023-11-03 16:42:44,269 [84f1a9c9-622e-41e0-8205-2fe147efcf79-groupManagement] INFO  segmented.SegmentedRaftLogWorker (SegmentedRaftLogWorker.java:lambda$new$0(135)) - 84f1a9c9-622e-41e0-8205-2fe147efcf79@group-36F0C8D693BC-SegmentedRaftLogWorker: safeCacheEvictIndex: setUnconditionally 0 -> -1
2023-11-03 16:42:44,270 [84f1a9c9-622e-41e0-8205-2fe147efcf79-groupManagement] INFO  server.RaftServer$Division (RaftServerImpl.java:start(342)) - 84f1a9c9-622e-41e0-8205-2fe147efcf79@group-36F0C8D693BC: start as a follower, conf=-1: peers:[218a95d8-d531-49de-9be4-7ae556dd2030|rpc:10.1.0.19:15023|admin:10.1.0.19:15022|client:10.1.0.19:15021|dataStream:10.1.0.19:15024|priority:1|startupRole:FOLLOWER, 84f1a9c9-622e-41e0-8205-2fe147efcf79|rpc:10.1.0.19:15014|admin:10.1.0.19:15013|client:10.1.0.19:15012|dataStream:10.1.0.19:15015|priority:0|startupRole:FOLLOWER, ffeddd1f-af09-4c2e-97a1-be5caae46423|rpc:10.1.0.19:15032|admin:10.1.0.19:15031|client:10.1.0.19:15030|dataStream:10.1.0.19:15033|priority:0|startupRole:FOLLOWER]|listeners:[], old=null
2023-11-03 16:42:44,270 [84f1a9c9-622e-41e0-8205-2fe147efcf79-groupManagement] INFO  server.RaftServer$Division (RaftServerImpl.java:setRole(329)) - 84f1a9c9-622e-41e0-8205-2fe147efcf79@group-36F0C8D693BC: changes role from      null to FOLLOWER at term 0 for startAsFollower
2023-11-03 16:42:44,270 [84f1a9c9-622e-41e0-8205-2fe147efcf79-groupManagement] INFO  impl.RoleInfo (RoleInfo.java:updateAndGet(139)) - 84f1a9c9-622e-41e0-8205-2fe147efcf79: start 84f1a9c9-622e-41e0-8205-2fe147efcf79@group-36F0C8D693BC-FollowerState
2023-11-03 16:42:44,271 [84f1a9c9-622e-41e0-8205-2fe147efcf79@group-36F0C8D693BC-FollowerState] INFO  server.RaftServerConfigKeys (ConfUtils.java:logFallback(53)) - raft.server.rpc.first-election.timeout.min = 5s (fallback to raft.server.rpc.timeout.min)
2023-11-03 16:42:44,271 [84f1a9c9-622e-41e0-8205-2fe147efcf79-groupManagement] INFO  util.JmxRegister (JmxRegister.java:tryRegister(44)) - Successfully registered JMX Bean with object name Ratis:service=RaftServer,group=group-36F0C8D693BC,id=84f1a9c9-622e-41e0-8205-2fe147efcf79
2023-11-03 16:42:44,275 [84f1a9c9-622e-41e0-8205-2fe147efcf79@group-36F0C8D693BC-FollowerState] INFO  server.RaftServerConfigKeys (ConfUtils.java:logFallback(53)) - raft.server.rpc.first-election.timeout.max = 5200ms (fallback to raft.server.rpc.timeout.max)
2023-11-03 16:42:44,275 [84f1a9c9-622e-41e0-8205-2fe147efcf79-groupManagement] INFO  server.RaftServerConfigKeys (ConfUtils.java:logGet(46)) - raft.server.snapshot.auto.trigger.enabled = true (custom)
2023-11-03 16:42:44,275 [84f1a9c9-622e-41e0-8205-2fe147efcf79-groupManagement] INFO  server.RaftServerConfigKeys (ConfUtils.java:logGet(46)) - raft.server.snapshot.auto.trigger.threshold = 10000 (custom)
2023-11-03 16:42:44,275 [84f1a9c9-622e-41e0-8205-2fe147efcf79-groupManagement] INFO  server.RaftServerConfigKeys (ConfUtils.java:logGet(46)) - raft.server.snapshot.retention.file.num = 5 (custom)
2023-11-03 16:42:44,275 [84f1a9c9-622e-41e0-8205-2fe147efcf79-groupManagement] INFO  server.RaftServerConfigKeys (ConfUtils.java:logGet(46)) - raft.server.log.purge.upto.snapshot.index = false (default)
2023-11-03 16:42:44,276 [84f1a9c9-622e-41e0-8205-2fe147efcf79-PipelineCommandHandlerThread-0] INFO  ratis.XceiverServerRatis (XceiverServerRatis.java:addGroup(805)) - Created group PipelineID=3bf15084-ff35-421f-b9c8-36f0c8d693bc
2023-11-03 16:42:44,759 [JvmPauseMonitor5] WARN  util.JvmPauseMonitor (JvmPauseMonitor.java:detectPause(124)) - JvmPauseMonitor-295b1274-f2e5-4e31-840f-0ca171e7cc13: Detected pause in JVM or host machine approximately 0.110s with 0.275s GC time.
GC pool 'PS MarkSweep' had collection(s): count=1 time=230ms
GC pool 'PS Scavenge' had collection(s): count=1 time=45ms
2023-11-03 16:42:44,759 [JvmPauseMonitor3] WARN  util.JvmPauseMonitor (JvmPauseMonitor.java:detectPause(124)) - JvmPauseMonitor-218a95d8-d531-49de-9be4-7ae556dd2030: Detected pause in JVM or host machine approximately 0.143s with 0.275s GC time.
GC pool 'PS MarkSweep' had collection(s): count=1 time=230ms
GC pool 'PS Scavenge' had collection(s): count=1 time=45ms
2023-11-03 16:42:44,759 [JvmPauseMonitor1] WARN  util.JvmPauseMonitor (JvmPauseMonitor.java:detectPause(124)) - JvmPauseMonitor-om1: Detected pause in JVM or host machine approximately 0.175s with 0.275s GC time.
GC pool 'PS MarkSweep' had collection(s): count=1 time=230ms
GC pool 'PS Scavenge' had collection(s): count=1 time=45ms
2023-11-03 16:42:44,776 [218a95d8-d531-49de-9be4-7ae556dd2030-PipelineCommandHandlerThread-0] INFO  server.RaftServer (RaftServerProxy.java:addNew(98)) - 218a95d8-d531-49de-9be4-7ae556dd2030: addNew group-F75D13E3DDA0:[218a95d8-d531-49de-9be4-7ae556dd2030|rpc:10.1.0.19:15023|admin:10.1.0.19:15022|client:10.1.0.19:15021|dataStream:10.1.0.19:15024|priority:1|startupRole:FOLLOWER] returns group-F75D13E3DDA0:java.util.concurrent.CompletableFuture@2882ffaa[Not completed]
2023-11-03 16:42:44,782 [218a95d8-d531-49de-9be4-7ae556dd2030-groupManagement] INFO  server.RaftServer$Division (RaftServerImpl.java:<init>(198)) - 218a95d8-d531-49de-9be4-7ae556dd2030: new RaftServerImpl for group-F75D13E3DDA0:[218a95d8-d531-49de-9be4-7ae556dd2030|rpc:10.1.0.19:15023|admin:10.1.0.19:15022|client:10.1.0.19:15021|dataStream:10.1.0.19:15024|priority:1|startupRole:FOLLOWER] with ContainerStateMachine:uninitialized
2023-11-03 16:42:44,783 [218a95d8-d531-49de-9be4-7ae556dd2030-groupManagement] INFO  server.RaftServerConfigKeys (ConfUtils.java:logGet(46)) - raft.server.rpc.timeout.min = 5s (custom)
2023-11-03 16:42:44,783 [218a95d8-d531-49de-9be4-7ae556dd2030-groupManagement] INFO  server.RaftServerConfigKeys (ConfUtils.java:logGet(46)) - raft.server.rpc.timeout.max = 5200ms (custom)
2023-11-03 16:42:44,783 [218a95d8-d531-49de-9be4-7ae556dd2030-groupManagement] INFO  server.RaftServerConfigKeys (ConfUtils.java:logGet(46)) - raft.server.rpc.sleep.time = 25ms (default)
2023-11-03 16:42:44,783 [218a95d8-d531-49de-9be4-7ae556dd2030-groupManagement] INFO  server.RaftServerConfigKeys (ConfUtils.java:logGet(46)) - raft.server.rpc.slowness.timeout = 300s (custom)
2023-11-03 16:42:44,783 [218a95d8-d531-49de-9be4-7ae556dd2030-groupManagement] INFO  server.RaftServerConfigKeys (ConfUtils.java:logGet(46)) - raft.server.leaderelection.leader.step-down.wait-time = 10s (default)
2023-11-03 16:42:44,783 [218a95d8-d531-49de-9be4-7ae556dd2030-groupManagement] INFO  server.RaftServerConfigKeys (ConfUtils.java:logGet(46)) - raft.server.sleep.deviation.threshold = 300ms (default)
2023-11-03 16:42:44,783 [218a95d8-d531-49de-9be4-7ae556dd2030-groupManagement] INFO  server.RaftServer$Division (ServerState.java:<init>(120)) - 218a95d8-d531-49de-9be4-7ae556dd2030@group-F75D13E3DDA0: ConfigurationManager, init=-1: peers:[218a95d8-d531-49de-9be4-7ae556dd2030|rpc:10.1.0.19:15023|admin:10.1.0.19:15022|client:10.1.0.19:15021|dataStream:10.1.0.19:15024|priority:1|startupRole:FOLLOWER]|listeners:[], old=null, confs=<EMPTY_MAP>
2023-11-03 16:42:44,783 [218a95d8-d531-49de-9be4-7ae556dd2030-groupManagement] INFO  server.RaftServerConfigKeys (ConfUtils.java:logGet(46)) - raft.server.storage.dir = [/home/runner/work/ozone/ozone/hadoop-ozone/integration-test/target/test-dir/MiniOzoneClusterImpl-7c6973ba-416f-441c-aeb4-54a4245b8bbd/datanode-1/data/ratis] (custom)
2023-11-03 16:42:44,784 [218a95d8-d531-49de-9be4-7ae556dd2030-groupManagement] INFO  server.RaftServerConfigKeys (ConfUtils.java:logGet(46)) - raft.server.log.corruption.policy = EXCEPTION (default)
2023-11-03 16:42:44,784 [218a95d8-d531-49de-9be4-7ae556dd2030-groupManagement] INFO  server.RaftServerConfigKeys (ConfUtils.java:logGet(46)) - raft.server.storage.free-space.min = 0MB (=0) (default)
2023-11-03 16:42:44,784 [218a95d8-d531-49de-9be4-7ae556dd2030-groupManagement] INFO  server.RaftServerConfigKeys (ConfUtils.java:logGet(46)) - raft.server.notification.no-leader.timeout = 300s (custom)
2023-11-03 16:42:44,784 [218a95d8-d531-49de-9be4-7ae556dd2030-groupManagement] INFO  server.RaftServerConfigKeys (ConfUtils.java:logGet(46)) - raft.server.read.timeout = 10s (default)
2023-11-03 16:42:44,784 [218a95d8-d531-49de-9be4-7ae556dd2030-groupManagement] INFO  server.RaftServerConfigKeys (ConfUtils.java:logGet(46)) - raft.server.retrycache.expirytime = 600000ms (custom)
2023-11-03 16:42:44,784 [218a95d8-d531-49de-9be4-7ae556dd2030-groupManagement] INFO  server.RaftServerConfigKeys (ConfUtils.java:logGet(46)) - raft.server.retrycache.statistics.expirytime = 100μs (default)
2023-11-03 16:42:44,784 [218a95d8-d531-49de-9be4-7ae556dd2030-groupManagement] INFO  server.RaftServerConfigKeys (ConfUtils.java:logGet(46)) - raft.server.read.option = DEFAULT (default)
2023-11-03 16:42:44,795 [218a95d8-d531-49de-9be4-7ae556dd2030-groupManagement] INFO  server.RaftServerConfigKeys (ConfUtils.java:logGet(46)) - raft.server.rpc.request.timeout = 60s (custom)
2023-11-03 16:42:44,795 [218a95d8-d531-49de-9be4-7ae556dd2030-groupManagement] INFO  server.RaftServerConfigKeys (ConfUtils.java:logGet(46)) - raft.server.log.appender.install.snapshot.enabled = false (custom)
2023-11-03 16:42:44,796 [218a95d8-d531-49de-9be4-7ae556dd2030-groupManagement] INFO  server.RaftServerConfigKeys (ConfUtils.java:logGet(46)) - raft.server.threadpool.server.cached = true (default)
2023-11-03 16:42:44,796 [218a95d8-d531-49de-9be4-7ae556dd2030-groupManagement] INFO  server.RaftServerConfigKeys (ConfUtils.java:logGet(46)) - raft.server.threadpool.server.size = 0 (default)
2023-11-03 16:42:44,796 [218a95d8-d531-49de-9be4-7ae556dd2030-groupManagement] INFO  server.RaftServerConfigKeys (ConfUtils.java:logGet(46)) - raft.server.threadpool.client.cached = true (default)
2023-11-03 16:42:44,796 [218a95d8-d531-49de-9be4-7ae556dd2030-groupManagement] INFO  server.RaftServerConfigKeys (ConfUtils.java:logGet(46)) - raft.server.threadpool.client.size = 0 (default)
2023-11-03 16:42:44,796 [218a95d8-d531-49de-9be4-7ae556dd2030-groupManagement] INFO  storage.RaftStorageDirectory (RaftStorageDirectoryImpl.java:analyzeStorage(137)) - The storage directory /home/runner/work/ozone/ozone/hadoop-ozone/integration-test/target/test-dir/MiniOzoneClusterImpl-7c6973ba-416f-441c-aeb4-54a4245b8bbd/datanode-1/data/ratis/811ecc0e-4736-46fb-a02f-f75d13e3dda0 does not exist. Creating ...
2023-11-03 16:42:44,798 [218a95d8-d531-49de-9be4-7ae556dd2030-groupManagement] INFO  storage.RaftStorageDirectory (RaftStorageDirectoryImpl.java:tryLock(231)) - Lock on /home/runner/work/ozone/ozone/hadoop-ozone/integration-test/target/test-dir/MiniOzoneClusterImpl-7c6973ba-416f-441c-aeb4-54a4245b8bbd/datanode-1/data/ratis/811ecc0e-4736-46fb-a02f-f75d13e3dda0/in_use.lock acquired by nodename 31069@fv-az292-536
2023-11-03 16:42:44,801 [218a95d8-d531-49de-9be4-7ae556dd2030-groupManagement] INFO  storage.RaftStorage (RaftStorageImpl.java:format(96)) - Storage directory /home/runner/work/ozone/ozone/hadoop-ozone/integration-test/target/test-dir/MiniOzoneClusterImpl-7c6973ba-416f-441c-aeb4-54a4245b8bbd/datanode-1/data/ratis/811ecc0e-4736-46fb-a02f-f75d13e3dda0 has been successfully formatted.
2023-11-03 16:42:44,805 [218a95d8-d531-49de-9be4-7ae556dd2030-groupManagement] INFO  ratis.ContainerStateMachine (ContainerStateMachine.java:loadSnapshot(269)) - group-F75D13E3DDA0: The snapshot info is null. Setting the last applied indexto:(t:0, i:~)
2023-11-03 16:42:44,808 [218a95d8-d531-49de-9be4-7ae556dd2030-groupManagement] INFO  server.RaftServerConfigKeys (ConfUtils.java:logGet(46)) - raft.server.log.use.memory = false (default)
2023-11-03 16:42:44,808 [218a95d8-d531-49de-9be4-7ae556dd2030-groupManagement] INFO  server.RaftServerConfigKeys (ConfUtils.java:logGet(46)) - raft.server.log.purge.gap = 1000000 (custom)
2023-11-03 16:42:44,809 [218a95d8-d531-49de-9be4-7ae556dd2030-groupManagement] INFO  server.RaftServerConfigKeys (ConfUtils.java:logGet(46)) - raft.server.log.appender.buffer.byte-limit = 33554432 (custom)
2023-11-03 16:42:44,809 [218a95d8-d531-49de-9be4-7ae556dd2030-groupManagement] INFO  server.RaftServerConfigKeys (ConfUtils.java:logGet(46)) - raft.server.log.statemachine.data.read.timeout = 1000ms (default)
2023-11-03 16:42:44,809 [218a95d8-d531-49de-9be4-7ae556dd2030-groupManagement] INFO  server.RaftServerConfigKeys (ConfUtils.java:logGet(46)) - raft.server.log.purge.preservation.log.num = 0 (default)
2023-11-03 16:42:44,810 [EventQueue-PipelineReportForPipelineReportHandler] INFO  pipeline.PipelineReportHandler (PipelineReportHandler.java:processPipelineReport(136)) - Opened pipeline PipelineID=811ecc0e-4736-46fb-a02f-f75d13e3dda0
2023-11-03 16:42:44,810 [EventQueue-OpenPipelineForHealthyPipelineSafeModeRule] INFO  safemode.SCMSafeModeManager (HealthyPipelineSafeModeRule.java:process(137)) - SCM in safe mode. Healthy pipelines reported count is 0, required healthy pipeline reported count is 1
2023-11-03 16:42:44,811 [218a95d8-d531-49de-9be4-7ae556dd2030-groupManagement] INFO  server.RaftServerConfigKeys (ConfUtils.java:logGet(46)) - raft.server.log.segment.size.max = 1048576 (custom)
2023-11-03 16:42:44,812 [218a95d8-d531-49de-9be4-7ae556dd2030-groupManagement] INFO  server.RaftServerConfigKeys (ConfUtils.java:logGet(46)) - raft.server.log.segment.cache.num.max = 2 (custom)
2023-11-03 16:42:44,812 [218a95d8-d531-49de-9be4-7ae556dd2030-groupManagement] INFO  server.RaftServerConfigKeys (ConfUtils.java:logGet(46)) - raft.server.log.segment.cache.size.max = 200MB (=209715200) (default)
2023-11-03 16:42:44,812 [218a95d8-d531-49de-9be4-7ae556dd2030-groupManagement] INFO  server.RaftServerConfigKeys (ConfUtils.java:logGet(46)) - raft.server.log.appender.buffer.byte-limit = 33554432 (custom)
2023-11-03 16:42:44,812 [218a95d8-d531-49de-9be4-7ae556dd2030-groupManagement] INFO  segmented.SegmentedRaftLogWorker (SegmentedRaftLogWorker.java:<init>(188)) - new 218a95d8-d531-49de-9be4-7ae556dd2030@group-F75D13E3DDA0-SegmentedRaftLogWorker for RaftStorageImpl:Storage Directory /home/runner/work/ozone/ozone/hadoop-ozone/integration-test/target/test-dir/MiniOzoneClusterImpl-7c6973ba-416f-441c-aeb4-54a4245b8bbd/datanode-1/data/ratis/811ecc0e-4736-46fb-a02f-f75d13e3dda0
2023-11-03 16:42:44,812 [218a95d8-d531-49de-9be4-7ae556dd2030-groupManagement] INFO  server.RaftServerConfigKeys (ConfUtils.java:logGet(46)) - raft.server.log.queue.byte-limit = 4294967296 (custom)
2023-11-03 16:42:44,813 [218a95d8-d531-49de-9be4-7ae556dd2030-groupManagement] INFO  server.RaftServerConfigKeys (ConfUtils.java:logGet(46)) - raft.server.log.queue.element-limit = 1024 (custom)
2023-11-03 16:42:44,813 [218a95d8-d531-49de-9be4-7ae556dd2030-groupManagement] INFO  server.RaftServerConfigKeys (ConfUtils.java:logGet(46)) - raft.server.log.segment.size.max = 1048576 (custom)
2023-11-03 16:42:44,814 [218a95d8-d531-49de-9be4-7ae556dd2030-groupManagement] INFO  server.RaftServerConfigKeys (ConfUtils.java:logGet(46)) - raft.server.log.preallocated.size = 16384 (custom)
2023-11-03 16:42:44,814 [218a95d8-d531-49de-9be4-7ae556dd2030-groupManagement] INFO  server.RaftServerConfigKeys (ConfUtils.java:logGet(46)) - raft.server.log.force.sync.num = 128 (default)
2023-11-03 16:42:44,814 [218a95d8-d531-49de-9be4-7ae556dd2030-groupManagement] INFO  server.RaftServerConfigKeys (ConfUtils.java:logGet(46)) - raft.server.log.statemachine.data.sync = true (default)
2023-11-03 16:42:44,814 [218a95d8-d531-49de-9be4-7ae556dd2030-groupManagement] INFO  server.RaftServerConfigKeys (ConfUtils.java:logGet(46)) - raft.server.log.statemachine.data.sync.timeout = 10s (default)
2023-11-03 16:42:44,814 [218a95d8-d531-49de-9be4-7ae556dd2030-groupManagement] INFO  server.RaftServerConfigKeys (ConfUtils.java:logGet(46)) - raft.server.log.statemachine.data.sync.timeout.retry = -1 (default)
2023-11-03 16:42:44,817 [218a95d8-d531-49de-9be4-7ae556dd2030-groupManagement] INFO  server.RaftServerConfigKeys (ConfUtils.java:logGet(46)) - raft.server.log.write.buffer.size = 1048576 (custom)
2023-11-03 16:42:44,819 [218a95d8-d531-49de-9be4-7ae556dd2030-groupManagement] INFO  server.RaftServerConfigKeys (ConfUtils.java:logGet(46)) - raft.server.log.appender.buffer.byte-limit = 33554432 (custom)
2023-11-03 16:42:44,825 [218a95d8-d531-49de-9be4-7ae556dd2030-groupManagement] INFO  server.RaftServerConfigKeys (ConfUtils.java:logGet(46)) - raft.server.log.unsafe-flush.enabled = false (default)
2023-11-03 16:42:44,826 [218a95d8-d531-49de-9be4-7ae556dd2030-groupManagement] INFO  server.RaftServerConfigKeys (ConfUtils.java:logGet(46)) - raft.server.log.async-flush.enabled = false (default)
2023-11-03 16:42:44,826 [218a95d8-d531-49de-9be4-7ae556dd2030-groupManagement] INFO  server.RaftServerConfigKeys (ConfUtils.java:logGet(46)) - raft.server.log.statemachine.data.caching.enabled = true (custom)
2023-11-03 16:42:44,827 [218a95d8-d531-49de-9be4-7ae556dd2030-groupManagement] INFO  segmented.SegmentedRaftLogWorker (SegmentedRaftLogWorker.java:lambda$new$0(135)) - 218a95d8-d531-49de-9be4-7ae556dd2030@group-F75D13E3DDA0-SegmentedRaftLogWorker: flushIndex: setUnconditionally 0 -> -1
2023-11-03 16:42:44,827 [218a95d8-d531-49de-9be4-7ae556dd2030-groupManagement] INFO  segmented.SegmentedRaftLogWorker (SegmentedRaftLogWorker.java:lambda$new$0(135)) - 218a95d8-d531-49de-9be4-7ae556dd2030@group-F75D13E3DDA0-SegmentedRaftLogWorker: safeCacheEvictIndex: setUnconditionally 0 -> -1
2023-11-03 16:42:44,827 [218a95d8-d531-49de-9be4-7ae556dd2030-groupManagement] INFO  server.RaftServer$Division (RaftServerImpl.java:start(342)) - 218a95d8-d531-49de-9be4-7ae556dd2030@group-F75D13E3DDA0: start as a follower, conf=-1: peers:[218a95d8-d531-49de-9be4-7ae556dd2030|rpc:10.1.0.19:15023|admin:10.1.0.19:15022|client:10.1.0.19:15021|dataStream:10.1.0.19:15024|priority:1|startupRole:FOLLOWER]|listeners:[], old=null
2023-11-03 16:42:44,827 [218a95d8-d531-49de-9be4-7ae556dd2030-groupManagement] INFO  server.RaftServer$Division (RaftServerImpl.java:setRole(329)) - 218a95d8-d531-49de-9be4-7ae556dd2030@group-F75D13E3DDA0: changes role from      null to FOLLOWER at term 0 for startAsFollower
2023-11-03 16:42:44,827 [218a95d8-d531-49de-9be4-7ae556dd2030-groupManagement] INFO  impl.RoleInfo (RoleInfo.java:updateAndGet(139)) - 218a95d8-d531-49de-9be4-7ae556dd2030: start 218a95d8-d531-49de-9be4-7ae556dd2030@group-F75D13E3DDA0-FollowerState
2023-11-03 16:42:44,829 [218a95d8-d531-49de-9be4-7ae556dd2030-groupManagement] INFO  util.JmxRegister (JmxRegister.java:tryRegister(44)) - Successfully registered JMX Bean with object name Ratis:service=RaftServer,group=group-F75D13E3DDA0,id=218a95d8-d531-49de-9be4-7ae556dd2030
2023-11-03 16:42:44,830 [218a95d8-d531-49de-9be4-7ae556dd2030-groupManagement] INFO  server.RaftServerConfigKeys (ConfUtils.java:logGet(46)) - raft.server.snapshot.auto.trigger.enabled = true (custom)
2023-11-03 16:42:44,830 [218a95d8-d531-49de-9be4-7ae556dd2030-groupManagement] INFO  server.RaftServerConfigKeys (ConfUtils.java:logGet(46)) - raft.server.snapshot.auto.trigger.threshold = 10000 (custom)
2023-11-03 16:42:44,830 [218a95d8-d531-49de-9be4-7ae556dd2030-groupManagement] INFO  server.RaftServerConfigKeys (ConfUtils.java:logGet(46)) - raft.server.snapshot.retention.file.num = 5 (custom)
2023-11-03 16:42:44,831 [218a95d8-d531-49de-9be4-7ae556dd2030-groupManagement] INFO  server.RaftServerConfigKeys (ConfUtils.java:logGet(46)) - raft.server.log.purge.upto.snapshot.index = false (default)
2023-11-03 16:42:44,834 [218a95d8-d531-49de-9be4-7ae556dd2030-PipelineCommandHandlerThread-0] INFO  ratis.XceiverServerRatis (XceiverServerRatis.java:addGroup(805)) - Created group PipelineID=811ecc0e-4736-46fb-a02f-f75d13e3dda0
2023-11-03 16:42:44,834 [218a95d8-d531-49de-9be4-7ae556dd2030-PipelineCommandHandlerThread-0] INFO  commandhandler.CreatePipelineCommandHandler (CreatePipelineCommandHandler.java:lambda$handle$2(124)) - Created Pipeline RATIS ONE PipelineID=811ecc0e-4736-46fb-a02f-f75d13e3dda0.
2023-11-03 16:42:44,842 [218a95d8-d531-49de-9be4-7ae556dd2030@group-F75D13E3DDA0-FollowerState] INFO  server.RaftServerConfigKeys (ConfUtils.java:logFallback(53)) - raft.server.rpc.first-election.timeout.min = 5s (fallback to raft.server.rpc.timeout.min)
2023-11-03 16:42:44,845 [218a95d8-d531-49de-9be4-7ae556dd2030-groupManagement] INFO  server.RaftServer$Division (RaftServerImpl.java:<init>(198)) - 218a95d8-d531-49de-9be4-7ae556dd2030: new RaftServerImpl for group-36F0C8D693BC:[218a95d8-d531-49de-9be4-7ae556dd2030|rpc:10.1.0.19:15023|admin:10.1.0.19:15022|client:10.1.0.19:15021|dataStream:10.1.0.19:15024|priority:1|startupRole:FOLLOWER, 84f1a9c9-622e-41e0-8205-2fe147efcf79|rpc:10.1.0.19:15014|admin:10.1.0.19:15013|client:10.1.0.19:15012|dataStream:10.1.0.19:15015|priority:0|startupRole:FOLLOWER, ffeddd1f-af09-4c2e-97a1-be5caae46423|rpc:10.1.0.19:15032|admin:10.1.0.19:15031|client:10.1.0.19:15030|dataStream:10.1.0.19:15033|priority:0|startupRole:FOLLOWER] with ContainerStateMachine:uninitialized
2023-11-03 16:42:44,849 [218a95d8-d531-49de-9be4-7ae556dd2030-groupManagement] INFO  server.RaftServerConfigKeys (ConfUtils.java:logGet(46)) - raft.server.rpc.timeout.min = 5s (custom)
2023-11-03 16:42:44,849 [218a95d8-d531-49de-9be4-7ae556dd2030-groupManagement] INFO  server.RaftServerConfigKeys (ConfUtils.java:logGet(46)) - raft.server.rpc.timeout.max = 5200ms (custom)
2023-11-03 16:42:44,849 [218a95d8-d531-49de-9be4-7ae556dd2030-groupManagement] INFO  server.RaftServerConfigKeys (ConfUtils.java:logGet(46)) - raft.server.rpc.sleep.time = 25ms (default)
2023-11-03 16:42:44,849 [218a95d8-d531-49de-9be4-7ae556dd2030-groupManagement] INFO  server.RaftServerConfigKeys (ConfUtils.java:logGet(46)) - raft.server.rpc.slowness.timeout = 300s (custom)
2023-11-03 16:42:44,849 [218a95d8-d531-49de-9be4-7ae556dd2030-groupManagement] INFO  server.RaftServerConfigKeys (ConfUtils.java:logGet(46)) - raft.server.leaderelection.leader.step-down.wait-time = 10s (default)
2023-11-03 16:42:44,849 [218a95d8-d531-49de-9be4-7ae556dd2030-groupManagement] INFO  server.RaftServerConfigKeys (ConfUtils.java:logGet(46)) - raft.server.sleep.deviation.threshold = 300ms (default)
2023-11-03 16:42:44,849 [218a95d8-d531-49de-9be4-7ae556dd2030-groupManagement] INFO  server.RaftServer$Division (ServerState.java:<init>(120)) - 218a95d8-d531-49de-9be4-7ae556dd2030@group-36F0C8D693BC: ConfigurationManager, init=-1: peers:[218a95d8-d531-49de-9be4-7ae556dd2030|rpc:10.1.0.19:15023|admin:10.1.0.19:15022|client:10.1.0.19:15021|dataStream:10.1.0.19:15024|priority:1|startupRole:FOLLOWER, 84f1a9c9-622e-41e0-8205-2fe147efcf79|rpc:10.1.0.19:15014|admin:10.1.0.19:15013|client:10.1.0.19:15012|dataStream:10.1.0.19:15015|priority:0|startupRole:FOLLOWER, ffeddd1f-af09-4c2e-97a1-be5caae46423|rpc:10.1.0.19:15032|admin:10.1.0.19:15031|client:10.1.0.19:15030|dataStream:10.1.0.19:15033|priority:0|startupRole:FOLLOWER]|listeners:[], old=null, confs=<EMPTY_MAP>
2023-11-03 16:42:44,849 [218a95d8-d531-49de-9be4-7ae556dd2030-groupManagement] INFO  server.RaftServerConfigKeys (ConfUtils.java:logGet(46)) - raft.server.storage.dir = [/home/runner/work/ozone/ozone/hadoop-ozone/integration-test/target/test-dir/MiniOzoneClusterImpl-7c6973ba-416f-441c-aeb4-54a4245b8bbd/datanode-1/data/ratis] (custom)
2023-11-03 16:42:44,850 [218a95d8-d531-49de-9be4-7ae556dd2030-groupManagement] INFO  server.RaftServerConfigKeys (ConfUtils.java:logGet(46)) - raft.server.log.corruption.policy = EXCEPTION (default)
2023-11-03 16:42:44,850 [218a95d8-d531-49de-9be4-7ae556dd2030-groupManagement] INFO  server.RaftServerConfigKeys (ConfUtils.java:logGet(46)) - raft.server.storage.free-space.min = 0MB (=0) (default)
2023-11-03 16:42:44,850 [218a95d8-d531-49de-9be4-7ae556dd2030-groupManagement] INFO  server.RaftServerConfigKeys (ConfUtils.java:logGet(46)) - raft.server.notification.no-leader.timeout = 300s (custom)
2023-11-03 16:42:44,850 [218a95d8-d531-49de-9be4-7ae556dd2030-groupManagement] INFO  server.RaftServerConfigKeys (ConfUtils.java:logGet(46)) - raft.server.read.timeout = 10s (default)
2023-11-03 16:42:44,850 [218a95d8-d531-49de-9be4-7ae556dd2030-groupManagement] INFO  server.RaftServerConfigKeys (ConfUtils.java:logGet(46)) - raft.server.retrycache.expirytime = 600000ms (custom)
2023-11-03 16:42:44,850 [218a95d8-d531-49de-9be4-7ae556dd2030-groupManagement] INFO  server.RaftServerConfigKeys (ConfUtils.java:logGet(46)) - raft.server.retrycache.statistics.expirytime = 100μs (default)
2023-11-03 16:42:44,850 [218a95d8-d531-49de-9be4-7ae556dd2030-groupManagement] INFO  server.RaftServerConfigKeys (ConfUtils.java:logGet(46)) - raft.server.read.option = DEFAULT (default)
2023-11-03 16:42:44,852 [218a95d8-d531-49de-9be4-7ae556dd2030-groupManagement] INFO  server.RaftServerConfigKeys (ConfUtils.java:logGet(46)) - raft.server.rpc.request.timeout = 60s (custom)
2023-11-03 16:42:44,852 [218a95d8-d531-49de-9be4-7ae556dd2030-groupManagement] INFO  server.RaftServerConfigKeys (ConfUtils.java:logGet(46)) - raft.server.log.appender.install.snapshot.enabled = false (custom)
2023-11-03 16:42:44,852 [218a95d8-d531-49de-9be4-7ae556dd2030-groupManagement] INFO  server.RaftServerConfigKeys (ConfUtils.java:logGet(46)) - raft.server.threadpool.server.cached = true (default)
2023-11-03 16:42:44,852 [218a95d8-d531-49de-9be4-7ae556dd2030-groupManagement] INFO  server.RaftServerConfigKeys (ConfUtils.java:logGet(46)) - raft.server.threadpool.server.size = 0 (default)
2023-11-03 16:42:44,852 [218a95d8-d531-49de-9be4-7ae556dd2030-groupManagement] INFO  server.RaftServerConfigKeys (ConfUtils.java:logGet(46)) - raft.server.threadpool.client.cached = true (default)
2023-11-03 16:42:44,852 [218a95d8-d531-49de-9be4-7ae556dd2030-groupManagement] INFO  server.RaftServerConfigKeys (ConfUtils.java:logGet(46)) - raft.server.threadpool.client.size = 0 (default)
2023-11-03 16:42:44,842 [218a95d8-d531-49de-9be4-7ae556dd2030-PipelineCommandHandlerThread-0] INFO  server.RaftServer (RaftServerProxy.java:addNew(98)) - 218a95d8-d531-49de-9be4-7ae556dd2030: addNew group-36F0C8D693BC:[218a95d8-d531-49de-9be4-7ae556dd2030|rpc:10.1.0.19:15023|admin:10.1.0.19:15022|client:10.1.0.19:15021|dataStream:10.1.0.19:15024|priority:1|startupRole:FOLLOWER, 84f1a9c9-622e-41e0-8205-2fe147efcf79|rpc:10.1.0.19:15014|admin:10.1.0.19:15013|client:10.1.0.19:15012|dataStream:10.1.0.19:15015|priority:0|startupRole:FOLLOWER, ffeddd1f-af09-4c2e-97a1-be5caae46423|rpc:10.1.0.19:15032|admin:10.1.0.19:15031|client:10.1.0.19:15030|dataStream:10.1.0.19:15033|priority:0|startupRole:FOLLOWER] returns group-36F0C8D693BC:java.util.concurrent.CompletableFuture@2cbd6e62[Not completed]
2023-11-03 16:42:44,852 [218a95d8-d531-49de-9be4-7ae556dd2030@group-F75D13E3DDA0-FollowerState] INFO  server.RaftServerConfigKeys (ConfUtils.java:logFallback(53)) - raft.server.rpc.first-election.timeout.max = 5200ms (fallback to raft.server.rpc.timeout.max)
2023-11-03 16:42:44,855 [218a95d8-d531-49de-9be4-7ae556dd2030-groupManagement] INFO  storage.RaftStorageDirectory (RaftStorageDirectoryImpl.java:analyzeStorage(137)) - The storage directory /home/runner/work/ozone/ozone/hadoop-ozone/integration-test/target/test-dir/MiniOzoneClusterImpl-7c6973ba-416f-441c-aeb4-54a4245b8bbd/datanode-1/data/ratis/3bf15084-ff35-421f-b9c8-36f0c8d693bc does not exist. Creating ...
2023-11-03 16:42:44,858 [218a95d8-d531-49de-9be4-7ae556dd2030-groupManagement] INFO  storage.RaftStorageDirectory (RaftStorageDirectoryImpl.java:tryLock(231)) - Lock on /home/runner/work/ozone/ozone/hadoop-ozone/integration-test/target/test-dir/MiniOzoneClusterImpl-7c6973ba-416f-441c-aeb4-54a4245b8bbd/datanode-1/data/ratis/3bf15084-ff35-421f-b9c8-36f0c8d693bc/in_use.lock acquired by nodename 31069@fv-az292-536
2023-11-03 16:42:44,860 [218a95d8-d531-49de-9be4-7ae556dd2030-groupManagement] INFO  storage.RaftStorage (RaftStorageImpl.java:format(96)) - Storage directory /home/runner/work/ozone/ozone/hadoop-ozone/integration-test/target/test-dir/MiniOzoneClusterImpl-7c6973ba-416f-441c-aeb4-54a4245b8bbd/datanode-1/data/ratis/3bf15084-ff35-421f-b9c8-36f0c8d693bc has been successfully formatted.
2023-11-03 16:42:44,861 [218a95d8-d531-49de-9be4-7ae556dd2030-groupManagement] INFO  ratis.ContainerStateMachine (ContainerStateMachine.java:loadSnapshot(269)) - group-36F0C8D693BC: The snapshot info is null. Setting the last applied indexto:(t:0, i:~)
2023-11-03 16:42:44,861 [218a95d8-d531-49de-9be4-7ae556dd2030-groupManagement] INFO  server.RaftServerConfigKeys (ConfUtils.java:logGet(46)) - raft.server.log.use.memory = false (default)
2023-11-03 16:42:44,861 [218a95d8-d531-49de-9be4-7ae556dd2030-groupManagement] INFO  server.RaftServerConfigKeys (ConfUtils.java:logGet(46)) - raft.server.log.purge.gap = 1000000 (custom)
2023-11-03 16:42:44,862 [218a95d8-d531-49de-9be4-7ae556dd2030-groupManagement] INFO  server.RaftServerConfigKeys (ConfUtils.java:logGet(46)) - raft.server.log.appender.buffer.byte-limit = 33554432 (custom)
2023-11-03 16:42:44,862 [218a95d8-d531-49de-9be4-7ae556dd2030-groupManagement] INFO  server.RaftServerConfigKeys (ConfUtils.java:logGet(46)) - raft.server.log.statemachine.data.read.timeout = 1000ms (default)
2023-11-03 16:42:44,862 [218a95d8-d531-49de-9be4-7ae556dd2030-groupManagement] INFO  server.RaftServerConfigKeys (ConfUtils.java:logGet(46)) - raft.server.log.purge.preservation.log.num = 0 (default)
2023-11-03 16:42:44,869 [218a95d8-d531-49de-9be4-7ae556dd2030-groupManagement] INFO  server.RaftServerConfigKeys (ConfUtils.java:logGet(46)) - raft.server.log.segment.size.max = 1048576 (custom)
2023-11-03 16:42:44,870 [218a95d8-d531-49de-9be4-7ae556dd2030-groupManagement] INFO  server.RaftServerConfigKeys (ConfUtils.java:logGet(46)) - raft.server.log.segment.cache.num.max = 2 (custom)
2023-11-03 16:42:44,870 [218a95d8-d531-49de-9be4-7ae556dd2030-groupManagement] INFO  server.RaftServerConfigKeys (ConfUtils.java:logGet(46)) - raft.server.log.segment.cache.size.max = 200MB (=209715200) (default)
2023-11-03 16:42:44,870 [218a95d8-d531-49de-9be4-7ae556dd2030-groupManagement] INFO  server.RaftServerConfigKeys (ConfUtils.java:logGet(46)) - raft.server.log.appender.buffer.byte-limit = 33554432 (custom)
2023-11-03 16:42:44,870 [218a95d8-d531-49de-9be4-7ae556dd2030-groupManagement] INFO  segmented.SegmentedRaftLogWorker (SegmentedRaftLogWorker.java:<init>(188)) - new 218a95d8-d531-49de-9be4-7ae556dd2030@group-36F0C8D693BC-SegmentedRaftLogWorker for RaftStorageImpl:Storage Directory /home/runner/work/ozone/ozone/hadoop-ozone/integration-test/target/test-dir/MiniOzoneClusterImpl-7c6973ba-416f-441c-aeb4-54a4245b8bbd/datanode-1/data/ratis/3bf15084-ff35-421f-b9c8-36f0c8d693bc
2023-11-03 16:42:44,870 [218a95d8-d531-49de-9be4-7ae556dd2030-groupManagement] INFO  server.RaftServerConfigKeys (ConfUtils.java:logGet(46)) - raft.server.log.queue.byte-limit = 4294967296 (custom)
2023-11-03 16:42:44,870 [218a95d8-d531-49de-9be4-7ae556dd2030-groupManagement] INFO  server.RaftServerConfigKeys (ConfUtils.java:logGet(46)) - raft.server.log.queue.element-limit = 1024 (custom)
2023-11-03 16:42:44,870 [218a95d8-d531-49de-9be4-7ae556dd2030-groupManagement] INFO  server.RaftServerConfigKeys (ConfUtils.java:logGet(46)) - raft.server.log.segment.size.max = 1048576 (custom)
2023-11-03 16:42:44,870 [218a95d8-d531-49de-9be4-7ae556dd2030-groupManagement] INFO  server.RaftServerConfigKeys (ConfUtils.java:logGet(46)) - raft.server.log.preallocated.size = 16384 (custom)
2023-11-03 16:42:44,870 [218a95d8-d531-49de-9be4-7ae556dd2030-groupManagement] INFO  server.RaftServerConfigKeys (ConfUtils.java:logGet(46)) - raft.server.log.force.sync.num = 128 (default)
2023-11-03 16:42:44,870 [218a95d8-d531-49de-9be4-7ae556dd2030-groupManagement] INFO  server.RaftServerConfigKeys (ConfUtils.java:logGet(46)) - raft.server.log.statemachine.data.sync = true (default)
2023-11-03 16:42:44,870 [218a95d8-d531-49de-9be4-7ae556dd2030-groupManagement] INFO  server.RaftServerConfigKeys (ConfUtils.java:logGet(46)) - raft.server.log.statemachine.data.sync.timeout = 10s (default)
2023-11-03 16:42:44,870 [218a95d8-d531-49de-9be4-7ae556dd2030-groupManagement] INFO  server.RaftServerConfigKeys (ConfUtils.java:logGet(46)) - raft.server.log.statemachine.data.sync.timeout.retry = -1 (default)
2023-11-03 16:42:44,871 [218a95d8-d531-49de-9be4-7ae556dd2030-groupManagement] INFO  server.RaftServerConfigKeys (ConfUtils.java:logGet(46)) - raft.server.log.write.buffer.size = 1048576 (custom)
2023-11-03 16:42:44,872 [218a95d8-d531-49de-9be4-7ae556dd2030-groupManagement] INFO  server.RaftServerConfigKeys (ConfUtils.java:logGet(46)) - raft.server.log.appender.buffer.byte-limit = 33554432 (custom)
2023-11-03 16:42:44,882 [218a95d8-d531-49de-9be4-7ae556dd2030-groupManagement] INFO  server.RaftServerConfigKeys (ConfUtils.java:logGet(46)) - raft.server.log.unsafe-flush.enabled = false (default)
2023-11-03 16:42:44,882 [218a95d8-d531-49de-9be4-7ae556dd2030-groupManagement] INFO  server.RaftServerConfigKeys (ConfUtils.java:logGet(46)) - raft.server.log.async-flush.enabled = false (default)
2023-11-03 16:42:44,882 [218a95d8-d531-49de-9be4-7ae556dd2030-groupManagement] INFO  server.RaftServerConfigKeys (ConfUtils.java:logGet(46)) - raft.server.log.statemachine.data.caching.enabled = true (custom)
2023-11-03 16:42:44,884 [218a95d8-d531-49de-9be4-7ae556dd2030-groupManagement] INFO  segmented.SegmentedRaftLogWorker (SegmentedRaftLogWorker.java:lambda$new$0(135)) - 218a95d8-d531-49de-9be4-7ae556dd2030@group-36F0C8D693BC-SegmentedRaftLogWorker: flushIndex: setUnconditionally 0 -> -1
2023-11-03 16:42:44,884 [218a95d8-d531-49de-9be4-7ae556dd2030-groupManagement] INFO  segmented.SegmentedRaftLogWorker (SegmentedRaftLogWorker.java:lambda$new$0(135)) - 218a95d8-d531-49de-9be4-7ae556dd2030@group-36F0C8D693BC-SegmentedRaftLogWorker: safeCacheEvictIndex: setUnconditionally 0 -> -1
2023-11-03 16:42:44,885 [ffeddd1f-af09-4c2e-97a1-be5caae46423-PipelineCommandHandlerThread-0] INFO  server.RaftServer (RaftServerProxy.java:addNew(98)) - ffeddd1f-af09-4c2e-97a1-be5caae46423: addNew group-3666D6C978EB:[ffeddd1f-af09-4c2e-97a1-be5caae46423|rpc:10.1.0.19:15032|admin:10.1.0.19:15031|client:10.1.0.19:15030|dataStream:10.1.0.19:15033|priority:1|startupRole:FOLLOWER] returns group-3666D6C978EB:java.util.concurrent.CompletableFuture@66e954ee[Not completed]
2023-11-03 16:42:44,885 [EventQueue-OpenPipelineForHealthyPipelineSafeModeRule] INFO  safemode.SCMSafeModeManager (HealthyPipelineSafeModeRule.java:process(137)) - SCM in safe mode. Healthy pipelines reported count is 0, required healthy pipeline reported count is 1
2023-11-03 16:42:44,901 [ffeddd1f-af09-4c2e-97a1-be5caae46423-groupManagement] INFO  server.RaftServer$Division (RaftServerImpl.java:<init>(198)) - ffeddd1f-af09-4c2e-97a1-be5caae46423: new RaftServerImpl for group-3666D6C978EB:[ffeddd1f-af09-4c2e-97a1-be5caae46423|rpc:10.1.0.19:15032|admin:10.1.0.19:15031|client:10.1.0.19:15030|dataStream:10.1.0.19:15033|priority:1|startupRole:FOLLOWER] with ContainerStateMachine:uninitialized
2023-11-03 16:42:44,902 [ffeddd1f-af09-4c2e-97a1-be5caae46423-groupManagement] INFO  server.RaftServerConfigKeys (ConfUtils.java:logGet(46)) - raft.server.rpc.timeout.min = 5s (custom)
2023-11-03 16:42:44,902 [ffeddd1f-af09-4c2e-97a1-be5caae46423-groupManagement] INFO  server.RaftServerConfigKeys (ConfUtils.java:logGet(46)) - raft.server.rpc.timeout.max = 5200ms (custom)
2023-11-03 16:42:44,902 [ffeddd1f-af09-4c2e-97a1-be5caae46423-groupManagement] INFO  server.RaftServerConfigKeys (ConfUtils.java:logGet(46)) - raft.server.rpc.sleep.time = 25ms (default)
2023-11-03 16:42:44,902 [ffeddd1f-af09-4c2e-97a1-be5caae46423-groupManagement] INFO  server.RaftServerConfigKeys (ConfUtils.java:logGet(46)) - raft.server.rpc.slowness.timeout = 300s (custom)
2023-11-03 16:42:44,902 [ffeddd1f-af09-4c2e-97a1-be5caae46423-groupManagement] INFO  server.RaftServerConfigKeys (ConfUtils.java:logGet(46)) - raft.server.leaderelection.leader.step-down.wait-time = 10s (default)
2023-11-03 16:42:44,902 [ffeddd1f-af09-4c2e-97a1-be5caae46423-groupManagement] INFO  server.RaftServerConfigKeys (ConfUtils.java:logGet(46)) - raft.server.sleep.deviation.threshold = 300ms (default)
2023-11-03 16:42:44,902 [ffeddd1f-af09-4c2e-97a1-be5caae46423-groupManagement] INFO  server.RaftServer$Division (ServerState.java:<init>(120)) - ffeddd1f-af09-4c2e-97a1-be5caae46423@group-3666D6C978EB: ConfigurationManager, init=-1: peers:[ffeddd1f-af09-4c2e-97a1-be5caae46423|rpc:10.1.0.19:15032|admin:10.1.0.19:15031|client:10.1.0.19:15030|dataStream:10.1.0.19:15033|priority:1|startupRole:FOLLOWER]|listeners:[], old=null, confs=<EMPTY_MAP>
2023-11-03 16:42:44,902 [ffeddd1f-af09-4c2e-97a1-be5caae46423-groupManagement] INFO  server.RaftServerConfigKeys (ConfUtils.java:logGet(46)) - raft.server.storage.dir = [/home/runner/work/ozone/ozone/hadoop-ozone/integration-test/target/test-dir/MiniOzoneClusterImpl-7c6973ba-416f-441c-aeb4-54a4245b8bbd/datanode-2/data/ratis] (custom)
2023-11-03 16:42:44,903 [ffeddd1f-af09-4c2e-97a1-be5caae46423-groupManagement] INFO  server.RaftServerConfigKeys (ConfUtils.java:logGet(46)) - raft.server.log.corruption.policy = EXCEPTION (default)
2023-11-03 16:42:44,903 [ffeddd1f-af09-4c2e-97a1-be5caae46423-groupManagement] INFO  server.RaftServerConfigKeys (ConfUtils.java:logGet(46)) - raft.server.storage.free-space.min = 0MB (=0) (default)
2023-11-03 16:42:44,903 [ffeddd1f-af09-4c2e-97a1-be5caae46423-groupManagement] INFO  server.RaftServerConfigKeys (ConfUtils.java:logGet(46)) - raft.server.notification.no-leader.timeout = 300s (custom)
2023-11-03 16:42:44,903 [ffeddd1f-af09-4c2e-97a1-be5caae46423-groupManagement] INFO  server.RaftServerConfigKeys (ConfUtils.java:logGet(46)) - raft.server.read.timeout = 10s (default)
2023-11-03 16:42:44,903 [ffeddd1f-af09-4c2e-97a1-be5caae46423-groupManagement] INFO  server.RaftServerConfigKeys (ConfUtils.java:logGet(46)) - raft.server.retrycache.expirytime = 600000ms (custom)
2023-11-03 16:42:44,903 [ffeddd1f-af09-4c2e-97a1-be5caae46423-groupManagement] INFO  server.RaftServerConfigKeys (ConfUtils.java:logGet(46)) - raft.server.retrycache.statistics.expirytime = 100μs (default)
2023-11-03 16:42:44,903 [ffeddd1f-af09-4c2e-97a1-be5caae46423-groupManagement] INFO  server.RaftServerConfigKeys (ConfUtils.java:logGet(46)) - raft.server.read.option = DEFAULT (default)
2023-11-03 16:42:44,905 [218a95d8-d531-49de-9be4-7ae556dd2030-groupManagement] INFO  server.RaftServer$Division (RaftServerImpl.java:start(342)) - 218a95d8-d531-49de-9be4-7ae556dd2030@group-36F0C8D693BC: start as a follower, conf=-1: peers:[218a95d8-d531-49de-9be4-7ae556dd2030|rpc:10.1.0.19:15023|admin:10.1.0.19:15022|client:10.1.0.19:15021|dataStream:10.1.0.19:15024|priority:1|startupRole:FOLLOWER, 84f1a9c9-622e-41e0-8205-2fe147efcf79|rpc:10.1.0.19:15014|admin:10.1.0.19:15013|client:10.1.0.19:15012|dataStream:10.1.0.19:15015|priority:0|startupRole:FOLLOWER, ffeddd1f-af09-4c2e-97a1-be5caae46423|rpc:10.1.0.19:15032|admin:10.1.0.19:15031|client:10.1.0.19:15030|dataStream:10.1.0.19:15033|priority:0|startupRole:FOLLOWER]|listeners:[], old=null
2023-11-03 16:42:44,905 [218a95d8-d531-49de-9be4-7ae556dd2030-groupManagement] INFO  server.RaftServer$Division (RaftServerImpl.java:setRole(329)) - 218a95d8-d531-49de-9be4-7ae556dd2030@group-36F0C8D693BC: changes role from      null to FOLLOWER at term 0 for startAsFollower
2023-11-03 16:42:44,905 [218a95d8-d531-49de-9be4-7ae556dd2030-groupManagement] INFO  impl.RoleInfo (RoleInfo.java:updateAndGet(139)) - 218a95d8-d531-49de-9be4-7ae556dd2030: start 218a95d8-d531-49de-9be4-7ae556dd2030@group-36F0C8D693BC-FollowerState
2023-11-03 16:42:44,913 [ffeddd1f-af09-4c2e-97a1-be5caae46423-groupManagement] INFO  server.RaftServerConfigKeys (ConfUtils.java:logGet(46)) - raft.server.rpc.request.timeout = 60s (custom)
2023-11-03 16:42:44,913 [ffeddd1f-af09-4c2e-97a1-be5caae46423-groupManagement] INFO  server.RaftServerConfigKeys (ConfUtils.java:logGet(46)) - raft.server.log.appender.install.snapshot.enabled = false (custom)
2023-11-03 16:42:44,913 [ffeddd1f-af09-4c2e-97a1-be5caae46423-groupManagement] INFO  server.RaftServerConfigKeys (ConfUtils.java:logGet(46)) - raft.server.threadpool.server.cached = true (default)
2023-11-03 16:42:44,913 [ffeddd1f-af09-4c2e-97a1-be5caae46423-groupManagement] INFO  server.RaftServerConfigKeys (ConfUtils.java:logGet(46)) - raft.server.threadpool.server.size = 0 (default)
2023-11-03 16:42:44,914 [ffeddd1f-af09-4c2e-97a1-be5caae46423-groupManagement] INFO  server.RaftServerConfigKeys (ConfUtils.java:logGet(46)) - raft.server.threadpool.client.cached = true (default)
2023-11-03 16:42:44,914 [ffeddd1f-af09-4c2e-97a1-be5caae46423-groupManagement] INFO  server.RaftServerConfigKeys (ConfUtils.java:logGet(46)) - raft.server.threadpool.client.size = 0 (default)
2023-11-03 16:42:44,914 [ffeddd1f-af09-4c2e-97a1-be5caae46423-groupManagement] INFO  storage.RaftStorageDirectory (RaftStorageDirectoryImpl.java:analyzeStorage(137)) - The storage directory /home/runner/work/ozone/ozone/hadoop-ozone/integration-test/target/test-dir/MiniOzoneClusterImpl-7c6973ba-416f-441c-aeb4-54a4245b8bbd/datanode-2/data/ratis/33e60c66-3d03-40ee-9c94-3666d6c978eb does not exist. Creating ...
2023-11-03 16:42:44,917 [218a95d8-d531-49de-9be4-7ae556dd2030-groupManagement] INFO  util.JmxRegister (JmxRegister.java:tryRegister(44)) - Successfully registered JMX Bean with object name Ratis:service=RaftServer,group=group-36F0C8D693BC,id=218a95d8-d531-49de-9be4-7ae556dd2030
2023-11-03 16:42:44,917 [218a95d8-d531-49de-9be4-7ae556dd2030-groupManagement] INFO  server.RaftServerConfigKeys (ConfUtils.java:logGet(46)) - raft.server.snapshot.auto.trigger.enabled = true (custom)
2023-11-03 16:42:44,917 [218a95d8-d531-49de-9be4-7ae556dd2030-groupManagement] INFO  server.RaftServerConfigKeys (ConfUtils.java:logGet(46)) - raft.server.snapshot.auto.trigger.threshold = 10000 (custom)
2023-11-03 16:42:44,917 [218a95d8-d531-49de-9be4-7ae556dd2030-groupManagement] INFO  server.RaftServerConfigKeys (ConfUtils.java:logGet(46)) - raft.server.snapshot.retention.file.num = 5 (custom)
2023-11-03 16:42:44,917 [218a95d8-d531-49de-9be4-7ae556dd2030-groupManagement] INFO  server.RaftServerConfigKeys (ConfUtils.java:logGet(46)) - raft.server.log.purge.upto.snapshot.index = false (default)
2023-11-03 16:42:44,918 [ffeddd1f-af09-4c2e-97a1-be5caae46423-groupManagement] INFO  storage.RaftStorageDirectory (RaftStorageDirectoryImpl.java:tryLock(231)) - Lock on /home/runner/work/ozone/ozone/hadoop-ozone/integration-test/target/test-dir/MiniOzoneClusterImpl-7c6973ba-416f-441c-aeb4-54a4245b8bbd/datanode-2/data/ratis/33e60c66-3d03-40ee-9c94-3666d6c978eb/in_use.lock acquired by nodename 31069@fv-az292-536
2023-11-03 16:42:44,919 [218a95d8-d531-49de-9be4-7ae556dd2030@group-36F0C8D693BC-FollowerState] INFO  server.RaftServerConfigKeys (ConfUtils.java:logFallback(53)) - raft.server.rpc.first-election.timeout.min = 5s (fallback to raft.server.rpc.timeout.min)
2023-11-03 16:42:44,919 [218a95d8-d531-49de-9be4-7ae556dd2030@group-36F0C8D693BC-FollowerState] INFO  server.RaftServerConfigKeys (ConfUtils.java:logFallback(53)) - raft.server.rpc.first-election.timeout.max = 5200ms (fallback to raft.server.rpc.timeout.max)
2023-11-03 16:42:44,919 [ffeddd1f-af09-4c2e-97a1-be5caae46423-groupManagement] INFO  storage.RaftStorage (RaftStorageImpl.java:format(96)) - Storage directory /home/runner/work/ozone/ozone/hadoop-ozone/integration-test/target/test-dir/MiniOzoneClusterImpl-7c6973ba-416f-441c-aeb4-54a4245b8bbd/datanode-2/data/ratis/33e60c66-3d03-40ee-9c94-3666d6c978eb has been successfully formatted.
2023-11-03 16:42:44,921 [218a95d8-d531-49de-9be4-7ae556dd2030-PipelineCommandHandlerThread-0] INFO  ratis.XceiverServerRatis (XceiverServerRatis.java:addGroup(805)) - Created group PipelineID=3bf15084-ff35-421f-b9c8-36f0c8d693bc
2023-11-03 16:42:44,926 [ffeddd1f-af09-4c2e-97a1-be5caae46423-groupManagement] INFO  ratis.ContainerStateMachine (ContainerStateMachine.java:loadSnapshot(269)) - group-3666D6C978EB: The snapshot info is null. Setting the last applied indexto:(t:0, i:~)
2023-11-03 16:42:44,926 [ffeddd1f-af09-4c2e-97a1-be5caae46423-groupManagement] INFO  server.RaftServerConfigKeys (ConfUtils.java:logGet(46)) - raft.server.log.use.memory = false (default)
2023-11-03 16:42:44,929 [ffeddd1f-af09-4c2e-97a1-be5caae46423-groupManagement] INFO  server.RaftServerConfigKeys (ConfUtils.java:logGet(46)) - raft.server.log.purge.gap = 1000000 (custom)
2023-11-03 16:42:44,929 [ffeddd1f-af09-4c2e-97a1-be5caae46423-groupManagement] INFO  server.RaftServerConfigKeys (ConfUtils.java:logGet(46)) - raft.server.log.appender.buffer.byte-limit = 33554432 (custom)
2023-11-03 16:42:44,929 [ffeddd1f-af09-4c2e-97a1-be5caae46423-groupManagement] INFO  server.RaftServerConfigKeys (ConfUtils.java:logGet(46)) - raft.server.log.statemachine.data.read.timeout = 1000ms (default)
2023-11-03 16:42:44,930 [ffeddd1f-af09-4c2e-97a1-be5caae46423-groupManagement] INFO  server.RaftServerConfigKeys (ConfUtils.java:logGet(46)) - raft.server.log.purge.preservation.log.num = 0 (default)
2023-11-03 16:42:44,930 [ffeddd1f-af09-4c2e-97a1-be5caae46423-groupManagement] INFO  server.RaftServerConfigKeys (ConfUtils.java:logGet(46)) - raft.server.log.segment.size.max = 1048576 (custom)
2023-11-03 16:42:44,930 [ffeddd1f-af09-4c2e-97a1-be5caae46423-groupManagement] INFO  server.RaftServerConfigKeys (ConfUtils.java:logGet(46)) - raft.server.log.segment.cache.num.max = 2 (custom)
2023-11-03 16:42:44,930 [ffeddd1f-af09-4c2e-97a1-be5caae46423-groupManagement] INFO  server.RaftServerConfigKeys (ConfUtils.java:logGet(46)) - raft.server.log.segment.cache.size.max = 200MB (=209715200) (default)
2023-11-03 16:42:44,931 [ffeddd1f-af09-4c2e-97a1-be5caae46423-groupManagement] INFO  server.RaftServerConfigKeys (ConfUtils.java:logGet(46)) - raft.server.log.appender.buffer.byte-limit = 33554432 (custom)
2023-11-03 16:42:44,931 [ffeddd1f-af09-4c2e-97a1-be5caae46423-groupManagement] INFO  segmented.SegmentedRaftLogWorker (SegmentedRaftLogWorker.java:<init>(188)) - new ffeddd1f-af09-4c2e-97a1-be5caae46423@group-3666D6C978EB-SegmentedRaftLogWorker for RaftStorageImpl:Storage Directory /home/runner/work/ozone/ozone/hadoop-ozone/integration-test/target/test-dir/MiniOzoneClusterImpl-7c6973ba-416f-441c-aeb4-54a4245b8bbd/datanode-2/data/ratis/33e60c66-3d03-40ee-9c94-3666d6c978eb
2023-11-03 16:42:44,931 [ffeddd1f-af09-4c2e-97a1-be5caae46423-groupManagement] INFO  server.RaftServerConfigKeys (ConfUtils.java:logGet(46)) - raft.server.log.queue.byte-limit = 4294967296 (custom)
2023-11-03 16:42:44,931 [ffeddd1f-af09-4c2e-97a1-be5caae46423-groupManagement] INFO  server.RaftServerConfigKeys (ConfUtils.java:logGet(46)) - raft.server.log.queue.element-limit = 1024 (custom)
2023-11-03 16:42:44,931 [ffeddd1f-af09-4c2e-97a1-be5caae46423-groupManagement] INFO  server.RaftServerConfigKeys (ConfUtils.java:logGet(46)) - raft.server.log.segment.size.max = 1048576 (custom)
2023-11-03 16:42:44,931 [ffeddd1f-af09-4c2e-97a1-be5caae46423-groupManagement] INFO  server.RaftServerConfigKeys (ConfUtils.java:logGet(46)) - raft.server.log.preallocated.size = 16384 (custom)
2023-11-03 16:42:44,931 [ffeddd1f-af09-4c2e-97a1-be5caae46423-groupManagement] INFO  server.RaftServerConfigKeys (ConfUtils.java:logGet(46)) - raft.server.log.force.sync.num = 128 (default)
2023-11-03 16:42:44,931 [ffeddd1f-af09-4c2e-97a1-be5caae46423-groupManagement] INFO  server.RaftServerConfigKeys (ConfUtils.java:logGet(46)) - raft.server.log.statemachine.data.sync = true (default)
2023-11-03 16:42:44,931 [ffeddd1f-af09-4c2e-97a1-be5caae46423-groupManagement] INFO  server.RaftServerConfigKeys (ConfUtils.java:logGet(46)) - raft.server.log.statemachine.data.sync.timeout = 10s (default)
2023-11-03 16:42:44,931 [ffeddd1f-af09-4c2e-97a1-be5caae46423-groupManagement] INFO  server.RaftServerConfigKeys (ConfUtils.java:logGet(46)) - raft.server.log.statemachine.data.sync.timeout.retry = -1 (default)
2023-11-03 16:42:44,933 [ffeddd1f-af09-4c2e-97a1-be5caae46423-groupManagement] INFO  server.RaftServerConfigKeys (ConfUtils.java:logGet(46)) - raft.server.log.write.buffer.size = 1048576 (custom)
2023-11-03 16:42:44,940 [ffeddd1f-af09-4c2e-97a1-be5caae46423-groupManagement] INFO  server.RaftServerConfigKeys (ConfUtils.java:logGet(46)) - raft.server.log.appender.buffer.byte-limit = 33554432 (custom)
2023-11-03 16:42:44,942 [EventQueue-PipelineReportForPipelineReportHandler] INFO  pipeline.PipelineReportHandler (PipelineReportHandler.java:processPipelineReport(136)) - Opened pipeline PipelineID=33e60c66-3d03-40ee-9c94-3666d6c978eb
2023-11-03 16:42:44,942 [EventQueue-OpenPipelineForHealthyPipelineSafeModeRule] INFO  safemode.SCMSafeModeManager (HealthyPipelineSafeModeRule.java:process(137)) - SCM in safe mode. Healthy pipelines reported count is 0, required healthy pipeline reported count is 1
2023-11-03 16:42:44,953 [ffeddd1f-af09-4c2e-97a1-be5caae46423-groupManagement] INFO  server.RaftServerConfigKeys (ConfUtils.java:logGet(46)) - raft.server.log.unsafe-flush.enabled = false (default)
2023-11-03 16:42:44,953 [ffeddd1f-af09-4c2e-97a1-be5caae46423-groupManagement] INFO  server.RaftServerConfigKeys (ConfUtils.java:logGet(46)) - raft.server.log.async-flush.enabled = false (default)
2023-11-03 16:42:44,953 [ffeddd1f-af09-4c2e-97a1-be5caae46423-groupManagement] INFO  server.RaftServerConfigKeys (ConfUtils.java:logGet(46)) - raft.server.log.statemachine.data.caching.enabled = true (custom)
2023-11-03 16:42:44,954 [ffeddd1f-af09-4c2e-97a1-be5caae46423-groupManagement] INFO  segmented.SegmentedRaftLogWorker (SegmentedRaftLogWorker.java:lambda$new$0(135)) - ffeddd1f-af09-4c2e-97a1-be5caae46423@group-3666D6C978EB-SegmentedRaftLogWorker: flushIndex: setUnconditionally 0 -> -1
2023-11-03 16:42:44,954 [ffeddd1f-af09-4c2e-97a1-be5caae46423-groupManagement] INFO  segmented.SegmentedRaftLogWorker (SegmentedRaftLogWorker.java:lambda$new$0(135)) - ffeddd1f-af09-4c2e-97a1-be5caae46423@group-3666D6C978EB-SegmentedRaftLogWorker: safeCacheEvictIndex: setUnconditionally 0 -> -1
2023-11-03 16:42:44,957 [ffeddd1f-af09-4c2e-97a1-be5caae46423-groupManagement] INFO  server.RaftServer$Division (RaftServerImpl.java:start(342)) - ffeddd1f-af09-4c2e-97a1-be5caae46423@group-3666D6C978EB: start as a follower, conf=-1: peers:[ffeddd1f-af09-4c2e-97a1-be5caae46423|rpc:10.1.0.19:15032|admin:10.1.0.19:15031|client:10.1.0.19:15030|dataStream:10.1.0.19:15033|priority:1|startupRole:FOLLOWER]|listeners:[], old=null
2023-11-03 16:42:44,957 [ffeddd1f-af09-4c2e-97a1-be5caae46423-groupManagement] INFO  server.RaftServer$Division (RaftServerImpl.java:setRole(329)) - ffeddd1f-af09-4c2e-97a1-be5caae46423@group-3666D6C978EB: changes role from      null to FOLLOWER at term 0 for startAsFollower
2023-11-03 16:42:44,957 [ffeddd1f-af09-4c2e-97a1-be5caae46423-groupManagement] INFO  impl.RoleInfo (RoleInfo.java:updateAndGet(139)) - ffeddd1f-af09-4c2e-97a1-be5caae46423: start ffeddd1f-af09-4c2e-97a1-be5caae46423@group-3666D6C978EB-FollowerState
2023-11-03 16:42:44,963 [ffeddd1f-af09-4c2e-97a1-be5caae46423-groupManagement] INFO  util.JmxRegister (JmxRegister.java:tryRegister(44)) - Successfully registered JMX Bean with object name Ratis:service=RaftServer,group=group-3666D6C978EB,id=ffeddd1f-af09-4c2e-97a1-be5caae46423
2023-11-03 16:42:44,964 [ffeddd1f-af09-4c2e-97a1-be5caae46423-groupManagement] INFO  server.RaftServerConfigKeys (ConfUtils.java:logGet(46)) - raft.server.snapshot.auto.trigger.enabled = true (custom)
2023-11-03 16:42:44,964 [ffeddd1f-af09-4c2e-97a1-be5caae46423-groupManagement] INFO  server.RaftServerConfigKeys (ConfUtils.java:logGet(46)) - raft.server.snapshot.auto.trigger.threshold = 10000 (custom)
2023-11-03 16:42:44,964 [ffeddd1f-af09-4c2e-97a1-be5caae46423-groupManagement] INFO  server.RaftServerConfigKeys (ConfUtils.java:logGet(46)) - raft.server.snapshot.retention.file.num = 5 (custom)
2023-11-03 16:42:44,964 [ffeddd1f-af09-4c2e-97a1-be5caae46423-groupManagement] INFO  server.RaftServerConfigKeys (ConfUtils.java:logGet(46)) - raft.server.log.purge.upto.snapshot.index = false (default)
2023-11-03 16:42:44,966 [ffeddd1f-af09-4c2e-97a1-be5caae46423-PipelineCommandHandlerThread-0] INFO  ratis.XceiverServerRatis (XceiverServerRatis.java:addGroup(805)) - Created group PipelineID=33e60c66-3d03-40ee-9c94-3666d6c978eb
2023-11-03 16:42:44,967 [ffeddd1f-af09-4c2e-97a1-be5caae46423-PipelineCommandHandlerThread-0] INFO  commandhandler.CreatePipelineCommandHandler (CreatePipelineCommandHandler.java:lambda$handle$2(124)) - Created Pipeline RATIS ONE PipelineID=33e60c66-3d03-40ee-9c94-3666d6c978eb.
2023-11-03 16:42:44,967 [ffeddd1f-af09-4c2e-97a1-be5caae46423-PipelineCommandHandlerThread-0] INFO  server.RaftServer (RaftServerProxy.java:addNew(98)) - ffeddd1f-af09-4c2e-97a1-be5caae46423: addNew group-36F0C8D693BC:[218a95d8-d531-49de-9be4-7ae556dd2030|rpc:10.1.0.19:15023|admin:10.1.0.19:15022|client:10.1.0.19:15021|dataStream:10.1.0.19:15024|priority:1|startupRole:FOLLOWER, 84f1a9c9-622e-41e0-8205-2fe147efcf79|rpc:10.1.0.19:15014|admin:10.1.0.19:15013|client:10.1.0.19:15012|dataStream:10.1.0.19:15015|priority:0|startupRole:FOLLOWER, ffeddd1f-af09-4c2e-97a1-be5caae46423|rpc:10.1.0.19:15032|admin:10.1.0.19:15031|client:10.1.0.19:15030|dataStream:10.1.0.19:15033|priority:0|startupRole:FOLLOWER] returns group-36F0C8D693BC:java.util.concurrent.CompletableFuture@62d6dceb[Not completed]
2023-11-03 16:42:44,967 [ffeddd1f-af09-4c2e-97a1-be5caae46423@group-3666D6C978EB-FollowerState] INFO  server.RaftServerConfigKeys (ConfUtils.java:logFallback(53)) - raft.server.rpc.first-election.timeout.min = 5s (fallback to raft.server.rpc.timeout.min)
2023-11-03 16:42:44,968 [ffeddd1f-af09-4c2e-97a1-be5caae46423@group-3666D6C978EB-FollowerState] INFO  server.RaftServerConfigKeys (ConfUtils.java:logFallback(53)) - raft.server.rpc.first-election.timeout.max = 5200ms (fallback to raft.server.rpc.timeout.max)
2023-11-03 16:42:44,968 [ffeddd1f-af09-4c2e-97a1-be5caae46423-groupManagement] INFO  server.RaftServer$Division (RaftServerImpl.java:<init>(198)) - ffeddd1f-af09-4c2e-97a1-be5caae46423: new RaftServerImpl for group-36F0C8D693BC:[218a95d8-d531-49de-9be4-7ae556dd2030|rpc:10.1.0.19:15023|admin:10.1.0.19:15022|client:10.1.0.19:15021|dataStream:10.1.0.19:15024|priority:1|startupRole:FOLLOWER, 84f1a9c9-622e-41e0-8205-2fe147efcf79|rpc:10.1.0.19:15014|admin:10.1.0.19:15013|client:10.1.0.19:15012|dataStream:10.1.0.19:15015|priority:0|startupRole:FOLLOWER, ffeddd1f-af09-4c2e-97a1-be5caae46423|rpc:10.1.0.19:15032|admin:10.1.0.19:15031|client:10.1.0.19:15030|dataStream:10.1.0.19:15033|priority:0|startupRole:FOLLOWER] with ContainerStateMachine:uninitialized
2023-11-03 16:42:44,977 [ffeddd1f-af09-4c2e-97a1-be5caae46423-groupManagement] INFO  server.RaftServerConfigKeys (ConfUtils.java:logGet(46)) - raft.server.rpc.timeout.min = 5s (custom)
2023-11-03 16:42:44,977 [ffeddd1f-af09-4c2e-97a1-be5caae46423-groupManagement] INFO  server.RaftServerConfigKeys (ConfUtils.java:logGet(46)) - raft.server.rpc.timeout.max = 5200ms (custom)
2023-11-03 16:42:44,978 [ffeddd1f-af09-4c2e-97a1-be5caae46423-groupManagement] INFO  server.RaftServerConfigKeys (ConfUtils.java:logGet(46)) - raft.server.rpc.sleep.time = 25ms (default)
2023-11-03 16:42:44,978 [ffeddd1f-af09-4c2e-97a1-be5caae46423-groupManagement] INFO  server.RaftServerConfigKeys (ConfUtils.java:logGet(46)) - raft.server.rpc.slowness.timeout = 300s (custom)
2023-11-03 16:42:44,978 [ffeddd1f-af09-4c2e-97a1-be5caae46423-groupManagement] INFO  server.RaftServerConfigKeys (ConfUtils.java:logGet(46)) - raft.server.leaderelection.leader.step-down.wait-time = 10s (default)
2023-11-03 16:42:44,978 [ffeddd1f-af09-4c2e-97a1-be5caae46423-groupManagement] INFO  server.RaftServerConfigKeys (ConfUtils.java:logGet(46)) - raft.server.sleep.deviation.threshold = 300ms (default)
2023-11-03 16:42:44,978 [ffeddd1f-af09-4c2e-97a1-be5caae46423-groupManagement] INFO  server.RaftServer$Division (ServerState.java:<init>(120)) - ffeddd1f-af09-4c2e-97a1-be5caae46423@group-36F0C8D693BC: ConfigurationManager, init=-1: peers:[218a95d8-d531-49de-9be4-7ae556dd2030|rpc:10.1.0.19:15023|admin:10.1.0.19:15022|client:10.1.0.19:15021|dataStream:10.1.0.19:15024|priority:1|startupRole:FOLLOWER, 84f1a9c9-622e-41e0-8205-2fe147efcf79|rpc:10.1.0.19:15014|admin:10.1.0.19:15013|client:10.1.0.19:15012|dataStream:10.1.0.19:15015|priority:0|startupRole:FOLLOWER, ffeddd1f-af09-4c2e-97a1-be5caae46423|rpc:10.1.0.19:15032|admin:10.1.0.19:15031|client:10.1.0.19:15030|dataStream:10.1.0.19:15033|priority:0|startupRole:FOLLOWER]|listeners:[], old=null, confs=<EMPTY_MAP>
2023-11-03 16:42:44,978 [ffeddd1f-af09-4c2e-97a1-be5caae46423-groupManagement] INFO  server.RaftServerConfigKeys (ConfUtils.java:logGet(46)) - raft.server.storage.dir = [/home/runner/work/ozone/ozone/hadoop-ozone/integration-test/target/test-dir/MiniOzoneClusterImpl-7c6973ba-416f-441c-aeb4-54a4245b8bbd/datanode-2/data/ratis] (custom)
2023-11-03 16:42:44,978 [ffeddd1f-af09-4c2e-97a1-be5caae46423-groupManagement] INFO  server.RaftServerConfigKeys (ConfUtils.java:logGet(46)) - raft.server.log.corruption.policy = EXCEPTION (default)
2023-11-03 16:42:44,978 [ffeddd1f-af09-4c2e-97a1-be5caae46423-groupManagement] INFO  server.RaftServerConfigKeys (ConfUtils.java:logGet(46)) - raft.server.storage.free-space.min = 0MB (=0) (default)
2023-11-03 16:42:44,978 [ffeddd1f-af09-4c2e-97a1-be5caae46423-groupManagement] INFO  server.RaftServerConfigKeys (ConfUtils.java:logGet(46)) - raft.server.notification.no-leader.timeout = 300s (custom)
2023-11-03 16:42:44,979 [ffeddd1f-af09-4c2e-97a1-be5caae46423-groupManagement] INFO  server.RaftServerConfigKeys (ConfUtils.java:logGet(46)) - raft.server.read.timeout = 10s (default)
2023-11-03 16:42:44,979 [ffeddd1f-af09-4c2e-97a1-be5caae46423-groupManagement] INFO  server.RaftServerConfigKeys (ConfUtils.java:logGet(46)) - raft.server.retrycache.expirytime = 600000ms (custom)
2023-11-03 16:42:44,979 [ffeddd1f-af09-4c2e-97a1-be5caae46423-groupManagement] INFO  server.RaftServerConfigKeys (ConfUtils.java:logGet(46)) - raft.server.retrycache.statistics.expirytime = 100μs (default)
2023-11-03 16:42:44,979 [ffeddd1f-af09-4c2e-97a1-be5caae46423-groupManagement] INFO  server.RaftServerConfigKeys (ConfUtils.java:logGet(46)) - raft.server.read.option = DEFAULT (default)
2023-11-03 16:42:44,980 [ffeddd1f-af09-4c2e-97a1-be5caae46423-groupManagement] INFO  server.RaftServerConfigKeys (ConfUtils.java:logGet(46)) - raft.server.rpc.request.timeout = 60s (custom)
2023-11-03 16:42:44,980 [ffeddd1f-af09-4c2e-97a1-be5caae46423-groupManagement] INFO  server.RaftServerConfigKeys (ConfUtils.java:logGet(46)) - raft.server.log.appender.install.snapshot.enabled = false (custom)
2023-11-03 16:42:44,981 [ffeddd1f-af09-4c2e-97a1-be5caae46423-groupManagement] INFO  server.RaftServerConfigKeys (ConfUtils.java:logGet(46)) - raft.server.threadpool.server.cached = true (default)
2023-11-03 16:42:44,981 [ffeddd1f-af09-4c2e-97a1-be5caae46423-groupManagement] INFO  server.RaftServerConfigKeys (ConfUtils.java:logGet(46)) - raft.server.threadpool.server.size = 0 (default)
2023-11-03 16:42:44,981 [ffeddd1f-af09-4c2e-97a1-be5caae46423-groupManagement] INFO  server.RaftServerConfigKeys (ConfUtils.java:logGet(46)) - raft.server.threadpool.client.cached = true (default)
2023-11-03 16:42:44,981 [ffeddd1f-af09-4c2e-97a1-be5caae46423-groupManagement] INFO  server.RaftServerConfigKeys (ConfUtils.java:logGet(46)) - raft.server.threadpool.client.size = 0 (default)
2023-11-03 16:42:44,981 [ffeddd1f-af09-4c2e-97a1-be5caae46423-groupManagement] INFO  storage.RaftStorageDirectory (RaftStorageDirectoryImpl.java:analyzeStorage(137)) - The storage directory /home/runner/work/ozone/ozone/hadoop-ozone/integration-test/target/test-dir/MiniOzoneClusterImpl-7c6973ba-416f-441c-aeb4-54a4245b8bbd/datanode-2/data/ratis/3bf15084-ff35-421f-b9c8-36f0c8d693bc does not exist. Creating ...
2023-11-03 16:42:44,982 [ffeddd1f-af09-4c2e-97a1-be5caae46423-groupManagement] INFO  storage.RaftStorageDirectory (RaftStorageDirectoryImpl.java:tryLock(231)) - Lock on /home/runner/work/ozone/ozone/hadoop-ozone/integration-test/target/test-dir/MiniOzoneClusterImpl-7c6973ba-416f-441c-aeb4-54a4245b8bbd/datanode-2/data/ratis/3bf15084-ff35-421f-b9c8-36f0c8d693bc/in_use.lock acquired by nodename 31069@fv-az292-536
2023-11-03 16:42:44,984 [ffeddd1f-af09-4c2e-97a1-be5caae46423-groupManagement] INFO  storage.RaftStorage (RaftStorageImpl.java:format(96)) - Storage directory /home/runner/work/ozone/ozone/hadoop-ozone/integration-test/target/test-dir/MiniOzoneClusterImpl-7c6973ba-416f-441c-aeb4-54a4245b8bbd/datanode-2/data/ratis/3bf15084-ff35-421f-b9c8-36f0c8d693bc has been successfully formatted.
2023-11-03 16:42:44,986 [ffeddd1f-af09-4c2e-97a1-be5caae46423-groupManagement] INFO  ratis.ContainerStateMachine (ContainerStateMachine.java:loadSnapshot(269)) - group-36F0C8D693BC: The snapshot info is null. Setting the last applied indexto:(t:0, i:~)
2023-11-03 16:42:44,986 [ffeddd1f-af09-4c2e-97a1-be5caae46423-groupManagement] INFO  server.RaftServerConfigKeys (ConfUtils.java:logGet(46)) - raft.server.log.use.memory = false (default)
2023-11-03 16:42:44,997 [ffeddd1f-af09-4c2e-97a1-be5caae46423-groupManagement] INFO  server.RaftServerConfigKeys (ConfUtils.java:logGet(46)) - raft.server.log.purge.gap = 1000000 (custom)
2023-11-03 16:42:44,997 [ffeddd1f-af09-4c2e-97a1-be5caae46423-groupManagement] INFO  server.RaftServerConfigKeys (ConfUtils.java:logGet(46)) - raft.server.log.appender.buffer.byte-limit = 33554432 (custom)
2023-11-03 16:42:44,997 [ffeddd1f-af09-4c2e-97a1-be5caae46423-groupManagement] INFO  server.RaftServerConfigKeys (ConfUtils.java:logGet(46)) - raft.server.log.statemachine.data.read.timeout = 1000ms (default)
2023-11-03 16:42:44,998 [ffeddd1f-af09-4c2e-97a1-be5caae46423-groupManagement] INFO  server.RaftServerConfigKeys (ConfUtils.java:logGet(46)) - raft.server.log.purge.preservation.log.num = 0 (default)
2023-11-03 16:42:44,998 [EventQueue-OpenPipelineForHealthyPipelineSafeModeRule] INFO  safemode.SCMSafeModeManager (HealthyPipelineSafeModeRule.java:process(137)) - SCM in safe mode. Healthy pipelines reported count is 0, required healthy pipeline reported count is 1
2023-11-03 16:42:45,005 [ffeddd1f-af09-4c2e-97a1-be5caae46423-groupManagement] INFO  server.RaftServerConfigKeys (ConfUtils.java:logGet(46)) - raft.server.log.segment.size.max = 1048576 (custom)
2023-11-03 16:42:45,006 [ffeddd1f-af09-4c2e-97a1-be5caae46423-groupManagement] INFO  server.RaftServerConfigKeys (ConfUtils.java:logGet(46)) - raft.server.log.segment.cache.num.max = 2 (custom)
2023-11-03 16:42:45,006 [ffeddd1f-af09-4c2e-97a1-be5caae46423-groupManagement] INFO  server.RaftServerConfigKeys (ConfUtils.java:logGet(46)) - raft.server.log.segment.cache.size.max = 200MB (=209715200) (default)
2023-11-03 16:42:45,007 [ffeddd1f-af09-4c2e-97a1-be5caae46423-groupManagement] INFO  server.RaftServerConfigKeys (ConfUtils.java:logGet(46)) - raft.server.log.appender.buffer.byte-limit = 33554432 (custom)
2023-11-03 16:42:45,007 [ffeddd1f-af09-4c2e-97a1-be5caae46423-groupManagement] INFO  segmented.SegmentedRaftLogWorker (SegmentedRaftLogWorker.java:<init>(188)) - new ffeddd1f-af09-4c2e-97a1-be5caae46423@group-36F0C8D693BC-SegmentedRaftLogWorker for RaftStorageImpl:Storage Directory /home/runner/work/ozone/ozone/hadoop-ozone/integration-test/target/test-dir/MiniOzoneClusterImpl-7c6973ba-416f-441c-aeb4-54a4245b8bbd/datanode-2/data/ratis/3bf15084-ff35-421f-b9c8-36f0c8d693bc
2023-11-03 16:42:45,007 [ffeddd1f-af09-4c2e-97a1-be5caae46423-groupManagement] INFO  server.RaftServerConfigKeys (ConfUtils.java:logGet(46)) - raft.server.log.queue.byte-limit = 4294967296 (custom)
2023-11-03 16:42:45,007 [ffeddd1f-af09-4c2e-97a1-be5caae46423-groupManagement] INFO  server.RaftServerConfigKeys (ConfUtils.java:logGet(46)) - raft.server.log.queue.element-limit = 1024 (custom)
2023-11-03 16:42:45,007 [ffeddd1f-af09-4c2e-97a1-be5caae46423-groupManagement] INFO  server.RaftServerConfigKeys (ConfUtils.java:logGet(46)) - raft.server.log.segment.size.max = 1048576 (custom)
2023-11-03 16:42:45,007 [ffeddd1f-af09-4c2e-97a1-be5caae46423-groupManagement] INFO  server.RaftServerConfigKeys (ConfUtils.java:logGet(46)) - raft.server.log.preallocated.size = 16384 (custom)
2023-11-03 16:42:45,007 [ffeddd1f-af09-4c2e-97a1-be5caae46423-groupManagement] INFO  server.RaftServerConfigKeys (ConfUtils.java:logGet(46)) - raft.server.log.force.sync.num = 128 (default)
2023-11-03 16:42:45,007 [ffeddd1f-af09-4c2e-97a1-be5caae46423-groupManagement] INFO  server.RaftServerConfigKeys (ConfUtils.java:logGet(46)) - raft.server.log.statemachine.data.sync = true (default)
2023-11-03 16:42:45,007 [ffeddd1f-af09-4c2e-97a1-be5caae46423-groupManagement] INFO  server.RaftServerConfigKeys (ConfUtils.java:logGet(46)) - raft.server.log.statemachine.data.sync.timeout = 10s (default)
2023-11-03 16:42:45,007 [ffeddd1f-af09-4c2e-97a1-be5caae46423-groupManagement] INFO  server.RaftServerConfigKeys (ConfUtils.java:logGet(46)) - raft.server.log.statemachine.data.sync.timeout.retry = -1 (default)
2023-11-03 16:42:45,008 [ffeddd1f-af09-4c2e-97a1-be5caae46423-groupManagement] INFO  server.RaftServerConfigKeys (ConfUtils.java:logGet(46)) - raft.server.log.write.buffer.size = 1048576 (custom)
2023-11-03 16:42:45,009 [ffeddd1f-af09-4c2e-97a1-be5caae46423-groupManagement] INFO  server.RaftServerConfigKeys (ConfUtils.java:logGet(46)) - raft.server.log.appender.buffer.byte-limit = 33554432 (custom)
2023-11-03 16:42:45,016 [ffeddd1f-af09-4c2e-97a1-be5caae46423-groupManagement] INFO  server.RaftServerConfigKeys (ConfUtils.java:logGet(46)) - raft.server.log.unsafe-flush.enabled = false (default)
2023-11-03 16:42:45,016 [ffeddd1f-af09-4c2e-97a1-be5caae46423-groupManagement] INFO  server.RaftServerConfigKeys (ConfUtils.java:logGet(46)) - raft.server.log.async-flush.enabled = false (default)
2023-11-03 16:42:45,016 [ffeddd1f-af09-4c2e-97a1-be5caae46423-groupManagement] INFO  server.RaftServerConfigKeys (ConfUtils.java:logGet(46)) - raft.server.log.statemachine.data.caching.enabled = true (custom)
2023-11-03 16:42:45,017 [ffeddd1f-af09-4c2e-97a1-be5caae46423-groupManagement] INFO  segmented.SegmentedRaftLogWorker (SegmentedRaftLogWorker.java:lambda$new$0(135)) - ffeddd1f-af09-4c2e-97a1-be5caae46423@group-36F0C8D693BC-SegmentedRaftLogWorker: flushIndex: setUnconditionally 0 -> -1
2023-11-03 16:42:45,017 [ffeddd1f-af09-4c2e-97a1-be5caae46423-groupManagement] INFO  segmented.SegmentedRaftLogWorker (SegmentedRaftLogWorker.java:lambda$new$0(135)) - ffeddd1f-af09-4c2e-97a1-be5caae46423@group-36F0C8D693BC-SegmentedRaftLogWorker: safeCacheEvictIndex: setUnconditionally 0 -> -1
2023-11-03 16:42:45,017 [ffeddd1f-af09-4c2e-97a1-be5caae46423-groupManagement] INFO  server.RaftServer$Division (RaftServerImpl.java:start(342)) - ffeddd1f-af09-4c2e-97a1-be5caae46423@group-36F0C8D693BC: start as a follower, conf=-1: peers:[218a95d8-d531-49de-9be4-7ae556dd2030|rpc:10.1.0.19:15023|admin:10.1.0.19:15022|client:10.1.0.19:15021|dataStream:10.1.0.19:15024|priority:1|startupRole:FOLLOWER, 84f1a9c9-622e-41e0-8205-2fe147efcf79|rpc:10.1.0.19:15014|admin:10.1.0.19:15013|client:10.1.0.19:15012|dataStream:10.1.0.19:15015|priority:0|startupRole:FOLLOWER, ffeddd1f-af09-4c2e-97a1-be5caae46423|rpc:10.1.0.19:15032|admin:10.1.0.19:15031|client:10.1.0.19:15030|dataStream:10.1.0.19:15033|priority:0|startupRole:FOLLOWER]|listeners:[], old=null
2023-11-03 16:42:45,017 [ffeddd1f-af09-4c2e-97a1-be5caae46423-groupManagement] INFO  server.RaftServer$Division (RaftServerImpl.java:setRole(329)) - ffeddd1f-af09-4c2e-97a1-be5caae46423@group-36F0C8D693BC: changes role from      null to FOLLOWER at term 0 for startAsFollower
2023-11-03 16:42:45,017 [ffeddd1f-af09-4c2e-97a1-be5caae46423-groupManagement] INFO  impl.RoleInfo (RoleInfo.java:updateAndGet(139)) - ffeddd1f-af09-4c2e-97a1-be5caae46423: start ffeddd1f-af09-4c2e-97a1-be5caae46423@group-36F0C8D693BC-FollowerState
2023-11-03 16:42:45,025 [ffeddd1f-af09-4c2e-97a1-be5caae46423-groupManagement] INFO  util.JmxRegister (JmxRegister.java:tryRegister(44)) - Successfully registered JMX Bean with object name Ratis:service=RaftServer,group=group-36F0C8D693BC,id=ffeddd1f-af09-4c2e-97a1-be5caae46423
2023-11-03 16:42:45,025 [ffeddd1f-af09-4c2e-97a1-be5caae46423-groupManagement] INFO  server.RaftServerConfigKeys (ConfUtils.java:logGet(46)) - raft.server.snapshot.auto.trigger.enabled = true (custom)
2023-11-03 16:42:45,025 [ffeddd1f-af09-4c2e-97a1-be5caae46423-groupManagement] INFO  server.RaftServerConfigKeys (ConfUtils.java:logGet(46)) - raft.server.snapshot.auto.trigger.threshold = 10000 (custom)
2023-11-03 16:42:45,025 [ffeddd1f-af09-4c2e-97a1-be5caae46423-groupManagement] INFO  server.RaftServerConfigKeys (ConfUtils.java:logGet(46)) - raft.server.snapshot.retention.file.num = 5 (custom)
2023-11-03 16:42:45,025 [ffeddd1f-af09-4c2e-97a1-be5caae46423-groupManagement] INFO  server.RaftServerConfigKeys (ConfUtils.java:logGet(46)) - raft.server.log.purge.upto.snapshot.index = false (default)
2023-11-03 16:42:45,026 [ffeddd1f-af09-4c2e-97a1-be5caae46423-PipelineCommandHandlerThread-0] INFO  ratis.XceiverServerRatis (XceiverServerRatis.java:addGroup(805)) - Created group PipelineID=3bf15084-ff35-421f-b9c8-36f0c8d693bc
2023-11-03 16:42:45,040 [ffeddd1f-af09-4c2e-97a1-be5caae46423@group-36F0C8D693BC-FollowerState] INFO  server.RaftServerConfigKeys (ConfUtils.java:logFallback(53)) - raft.server.rpc.first-election.timeout.min = 5s (fallback to raft.server.rpc.timeout.min)
2023-11-03 16:42:45,040 [ffeddd1f-af09-4c2e-97a1-be5caae46423@group-36F0C8D693BC-FollowerState] INFO  server.RaftServerConfigKeys (ConfUtils.java:logFallback(53)) - raft.server.rpc.first-election.timeout.max = 5200ms (fallback to raft.server.rpc.timeout.max)
2023-11-03 16:42:45,094 [295b1274-f2e5-4e31-840f-0ca171e7cc13-PipelineCommandHandlerThread-0] INFO  server.RaftServer (RaftServerProxy.java:addNew(98)) - 295b1274-f2e5-4e31-840f-0ca171e7cc13: addNew group-9DF9C56E1DA3:[295b1274-f2e5-4e31-840f-0ca171e7cc13|rpc:10.1.0.19:15041|admin:10.1.0.19:15040|client:10.1.0.19:15039|dataStream:10.1.0.19:15042|priority:1|startupRole:FOLLOWER] returns group-9DF9C56E1DA3:java.util.concurrent.CompletableFuture@2d0ac03f[Not completed]
2023-11-03 16:42:45,101 [295b1274-f2e5-4e31-840f-0ca171e7cc13-groupManagement] INFO  server.RaftServer$Division (RaftServerImpl.java:<init>(198)) - 295b1274-f2e5-4e31-840f-0ca171e7cc13: new RaftServerImpl for group-9DF9C56E1DA3:[295b1274-f2e5-4e31-840f-0ca171e7cc13|rpc:10.1.0.19:15041|admin:10.1.0.19:15040|client:10.1.0.19:15039|dataStream:10.1.0.19:15042|priority:1|startupRole:FOLLOWER] with ContainerStateMachine:uninitialized
2023-11-03 16:42:45,102 [295b1274-f2e5-4e31-840f-0ca171e7cc13-groupManagement] INFO  server.RaftServerConfigKeys (ConfUtils.java:logGet(46)) - raft.server.rpc.timeout.min = 5s (custom)
2023-11-03 16:42:45,102 [295b1274-f2e5-4e31-840f-0ca171e7cc13-groupManagement] INFO  server.RaftServerConfigKeys (ConfUtils.java:logGet(46)) - raft.server.rpc.timeout.max = 5200ms (custom)
2023-11-03 16:42:45,102 [295b1274-f2e5-4e31-840f-0ca171e7cc13-groupManagement] INFO  server.RaftServerConfigKeys (ConfUtils.java:logGet(46)) - raft.server.rpc.sleep.time = 25ms (default)
2023-11-03 16:42:45,102 [295b1274-f2e5-4e31-840f-0ca171e7cc13-groupManagement] INFO  server.RaftServerConfigKeys (ConfUtils.java:logGet(46)) - raft.server.rpc.slowness.timeout = 300s (custom)
2023-11-03 16:42:45,102 [295b1274-f2e5-4e31-840f-0ca171e7cc13-groupManagement] INFO  server.RaftServerConfigKeys (ConfUtils.java:logGet(46)) - raft.server.leaderelection.leader.step-down.wait-time = 10s (default)
2023-11-03 16:42:45,102 [295b1274-f2e5-4e31-840f-0ca171e7cc13-groupManagement] INFO  server.RaftServerConfigKeys (ConfUtils.java:logGet(46)) - raft.server.sleep.deviation.threshold = 300ms (default)
2023-11-03 16:42:45,102 [295b1274-f2e5-4e31-840f-0ca171e7cc13-groupManagement] INFO  server.RaftServer$Division (ServerState.java:<init>(120)) - 295b1274-f2e5-4e31-840f-0ca171e7cc13@group-9DF9C56E1DA3: ConfigurationManager, init=-1: peers:[295b1274-f2e5-4e31-840f-0ca171e7cc13|rpc:10.1.0.19:15041|admin:10.1.0.19:15040|client:10.1.0.19:15039|dataStream:10.1.0.19:15042|priority:1|startupRole:FOLLOWER]|listeners:[], old=null, confs=<EMPTY_MAP>
2023-11-03 16:42:45,102 [295b1274-f2e5-4e31-840f-0ca171e7cc13-groupManagement] INFO  server.RaftServerConfigKeys (ConfUtils.java:logGet(46)) - raft.server.storage.dir = [/home/runner/work/ozone/ozone/hadoop-ozone/integration-test/target/test-dir/MiniOzoneClusterImpl-7c6973ba-416f-441c-aeb4-54a4245b8bbd/datanode-3/data/ratis] (custom)
2023-11-03 16:42:45,103 [295b1274-f2e5-4e31-840f-0ca171e7cc13-groupManagement] INFO  server.RaftServerConfigKeys (ConfUtils.java:logGet(46)) - raft.server.log.corruption.policy = EXCEPTION (default)
2023-11-03 16:42:45,103 [295b1274-f2e5-4e31-840f-0ca171e7cc13-groupManagement] INFO  server.RaftServerConfigKeys (ConfUtils.java:logGet(46)) - raft.server.storage.free-space.min = 0MB (=0) (default)
2023-11-03 16:42:45,103 [295b1274-f2e5-4e31-840f-0ca171e7cc13-groupManagement] INFO  server.RaftServerConfigKeys (ConfUtils.java:logGet(46)) - raft.server.notification.no-leader.timeout = 300s (custom)
2023-11-03 16:42:45,103 [295b1274-f2e5-4e31-840f-0ca171e7cc13-groupManagement] INFO  server.RaftServerConfigKeys (ConfUtils.java:logGet(46)) - raft.server.read.timeout = 10s (default)
2023-11-03 16:42:45,103 [295b1274-f2e5-4e31-840f-0ca171e7cc13-groupManagement] INFO  server.RaftServerConfigKeys (ConfUtils.java:logGet(46)) - raft.server.retrycache.expirytime = 600000ms (custom)
2023-11-03 16:42:45,103 [295b1274-f2e5-4e31-840f-0ca171e7cc13-groupManagement] INFO  server.RaftServerConfigKeys (ConfUtils.java:logGet(46)) - raft.server.retrycache.statistics.expirytime = 100μs (default)
2023-11-03 16:42:45,103 [295b1274-f2e5-4e31-840f-0ca171e7cc13-groupManagement] INFO  server.RaftServerConfigKeys (ConfUtils.java:logGet(46)) - raft.server.read.option = DEFAULT (default)
2023-11-03 16:42:45,117 [295b1274-f2e5-4e31-840f-0ca171e7cc13-groupManagement] INFO  server.RaftServerConfigKeys (ConfUtils.java:logGet(46)) - raft.server.rpc.request.timeout = 60s (custom)
2023-11-03 16:42:45,117 [295b1274-f2e5-4e31-840f-0ca171e7cc13-groupManagement] INFO  server.RaftServerConfigKeys (ConfUtils.java:logGet(46)) - raft.server.log.appender.install.snapshot.enabled = false (custom)
2023-11-03 16:42:45,117 [295b1274-f2e5-4e31-840f-0ca171e7cc13-groupManagement] INFO  server.RaftServerConfigKeys (ConfUtils.java:logGet(46)) - raft.server.threadpool.server.cached = true (default)
2023-11-03 16:42:45,117 [295b1274-f2e5-4e31-840f-0ca171e7cc13-groupManagement] INFO  server.RaftServerConfigKeys (ConfUtils.java:logGet(46)) - raft.server.threadpool.server.size = 0 (default)
2023-11-03 16:42:45,117 [295b1274-f2e5-4e31-840f-0ca171e7cc13-groupManagement] INFO  server.RaftServerConfigKeys (ConfUtils.java:logGet(46)) - raft.server.threadpool.client.cached = true (default)
2023-11-03 16:42:45,117 [295b1274-f2e5-4e31-840f-0ca171e7cc13-groupManagement] INFO  server.RaftServerConfigKeys (ConfUtils.java:logGet(46)) - raft.server.threadpool.client.size = 0 (default)
2023-11-03 16:42:45,117 [295b1274-f2e5-4e31-840f-0ca171e7cc13-groupManagement] INFO  storage.RaftStorageDirectory (RaftStorageDirectoryImpl.java:analyzeStorage(137)) - The storage directory /home/runner/work/ozone/ozone/hadoop-ozone/integration-test/target/test-dir/MiniOzoneClusterImpl-7c6973ba-416f-441c-aeb4-54a4245b8bbd/datanode-3/data/ratis/aa72dba9-7941-44f2-941d-9df9c56e1da3 does not exist. Creating ...
2023-11-03 16:42:45,119 [295b1274-f2e5-4e31-840f-0ca171e7cc13-groupManagement] INFO  storage.RaftStorageDirectory (RaftStorageDirectoryImpl.java:tryLock(231)) - Lock on /home/runner/work/ozone/ozone/hadoop-ozone/integration-test/target/test-dir/MiniOzoneClusterImpl-7c6973ba-416f-441c-aeb4-54a4245b8bbd/datanode-3/data/ratis/aa72dba9-7941-44f2-941d-9df9c56e1da3/in_use.lock acquired by nodename 31069@fv-az292-536
2023-11-03 16:42:45,121 [295b1274-f2e5-4e31-840f-0ca171e7cc13-groupManagement] INFO  storage.RaftStorage (RaftStorageImpl.java:format(96)) - Storage directory /home/runner/work/ozone/ozone/hadoop-ozone/integration-test/target/test-dir/MiniOzoneClusterImpl-7c6973ba-416f-441c-aeb4-54a4245b8bbd/datanode-3/data/ratis/aa72dba9-7941-44f2-941d-9df9c56e1da3 has been successfully formatted.
2023-11-03 16:42:45,131 [295b1274-f2e5-4e31-840f-0ca171e7cc13-groupManagement] INFO  ratis.ContainerStateMachine (ContainerStateMachine.java:loadSnapshot(269)) - group-9DF9C56E1DA3: The snapshot info is null. Setting the last applied indexto:(t:0, i:~)
2023-11-03 16:42:45,131 [295b1274-f2e5-4e31-840f-0ca171e7cc13-groupManagement] INFO  server.RaftServerConfigKeys (ConfUtils.java:logGet(46)) - raft.server.log.use.memory = false (default)
2023-11-03 16:42:45,131 [295b1274-f2e5-4e31-840f-0ca171e7cc13-groupManagement] INFO  server.RaftServerConfigKeys (ConfUtils.java:logGet(46)) - raft.server.log.purge.gap = 1000000 (custom)
2023-11-03 16:42:45,134 [295b1274-f2e5-4e31-840f-0ca171e7cc13-groupManagement] INFO  server.RaftServerConfigKeys (ConfUtils.java:logGet(46)) - raft.server.log.appender.buffer.byte-limit = 33554432 (custom)
2023-11-03 16:42:45,136 [EventQueue-PipelineReportForPipelineReportHandler] INFO  pipeline.PipelineReportHandler (PipelineReportHandler.java:processPipelineReport(136)) - Opened pipeline PipelineID=aa72dba9-7941-44f2-941d-9df9c56e1da3
2023-11-03 16:42:45,136 [EventQueue-OpenPipelineForHealthyPipelineSafeModeRule] INFO  safemode.SCMSafeModeManager (HealthyPipelineSafeModeRule.java:process(137)) - SCM in safe mode. Healthy pipelines reported count is 0, required healthy pipeline reported count is 1
2023-11-03 16:42:45,137 [295b1274-f2e5-4e31-840f-0ca171e7cc13-groupManagement] INFO  server.RaftServerConfigKeys (ConfUtils.java:logGet(46)) - raft.server.log.statemachine.data.read.timeout = 1000ms (default)
2023-11-03 16:42:45,137 [295b1274-f2e5-4e31-840f-0ca171e7cc13-groupManagement] INFO  server.RaftServerConfigKeys (ConfUtils.java:logGet(46)) - raft.server.log.purge.preservation.log.num = 0 (default)
2023-11-03 16:42:45,138 [295b1274-f2e5-4e31-840f-0ca171e7cc13-groupManagement] INFO  server.RaftServerConfigKeys (ConfUtils.java:logGet(46)) - raft.server.log.segment.size.max = 1048576 (custom)
2023-11-03 16:42:45,138 [295b1274-f2e5-4e31-840f-0ca171e7cc13-groupManagement] INFO  server.RaftServerConfigKeys (ConfUtils.java:logGet(46)) - raft.server.log.segment.cache.num.max = 2 (custom)
2023-11-03 16:42:45,138 [295b1274-f2e5-4e31-840f-0ca171e7cc13-groupManagement] INFO  server.RaftServerConfigKeys (ConfUtils.java:logGet(46)) - raft.server.log.segment.cache.size.max = 200MB (=209715200) (default)
2023-11-03 16:42:45,139 [295b1274-f2e5-4e31-840f-0ca171e7cc13-groupManagement] INFO  server.RaftServerConfigKeys (ConfUtils.java:logGet(46)) - raft.server.log.appender.buffer.byte-limit = 33554432 (custom)
2023-11-03 16:42:45,139 [295b1274-f2e5-4e31-840f-0ca171e7cc13-groupManagement] INFO  segmented.SegmentedRaftLogWorker (SegmentedRaftLogWorker.java:<init>(188)) - new 295b1274-f2e5-4e31-840f-0ca171e7cc13@group-9DF9C56E1DA3-SegmentedRaftLogWorker for RaftStorageImpl:Storage Directory /home/runner/work/ozone/ozone/hadoop-ozone/integration-test/target/test-dir/MiniOzoneClusterImpl-7c6973ba-416f-441c-aeb4-54a4245b8bbd/datanode-3/data/ratis/aa72dba9-7941-44f2-941d-9df9c56e1da3
2023-11-03 16:42:45,139 [295b1274-f2e5-4e31-840f-0ca171e7cc13-groupManagement] INFO  server.RaftServerConfigKeys (ConfUtils.java:logGet(46)) - raft.server.log.queue.byte-limit = 4294967296 (custom)
2023-11-03 16:42:45,139 [295b1274-f2e5-4e31-840f-0ca171e7cc13-groupManagement] INFO  server.RaftServerConfigKeys (ConfUtils.java:logGet(46)) - raft.server.log.queue.element-limit = 1024 (custom)
2023-11-03 16:42:45,139 [295b1274-f2e5-4e31-840f-0ca171e7cc13-groupManagement] INFO  server.RaftServerConfigKeys (ConfUtils.java:logGet(46)) - raft.server.log.segment.size.max = 1048576 (custom)
2023-11-03 16:42:45,139 [295b1274-f2e5-4e31-840f-0ca171e7cc13-groupManagement] INFO  server.RaftServerConfigKeys (ConfUtils.java:logGet(46)) - raft.server.log.preallocated.size = 16384 (custom)
2023-11-03 16:42:45,139 [295b1274-f2e5-4e31-840f-0ca171e7cc13-groupManagement] INFO  server.RaftServerConfigKeys (ConfUtils.java:logGet(46)) - raft.server.log.force.sync.num = 128 (default)
2023-11-03 16:42:45,139 [295b1274-f2e5-4e31-840f-0ca171e7cc13-groupManagement] INFO  server.RaftServerConfigKeys (ConfUtils.java:logGet(46)) - raft.server.log.statemachine.data.sync = true (default)
2023-11-03 16:42:45,139 [295b1274-f2e5-4e31-840f-0ca171e7cc13-groupManagement] INFO  server.RaftServerConfigKeys (ConfUtils.java:logGet(46)) - raft.server.log.statemachine.data.sync.timeout = 10s (default)
2023-11-03 16:42:45,139 [295b1274-f2e5-4e31-840f-0ca171e7cc13-groupManagement] INFO  server.RaftServerConfigKeys (ConfUtils.java:logGet(46)) - raft.server.log.statemachine.data.sync.timeout.retry = -1 (default)
2023-11-03 16:42:45,150 [295b1274-f2e5-4e31-840f-0ca171e7cc13-groupManagement] INFO  server.RaftServerConfigKeys (ConfUtils.java:logGet(46)) - raft.server.log.write.buffer.size = 1048576 (custom)
2023-11-03 16:42:45,150 [295b1274-f2e5-4e31-840f-0ca171e7cc13-groupManagement] INFO  server.RaftServerConfigKeys (ConfUtils.java:logGet(46)) - raft.server.log.appender.buffer.byte-limit = 33554432 (custom)
2023-11-03 16:42:45,158 [295b1274-f2e5-4e31-840f-0ca171e7cc13-groupManagement] INFO  server.RaftServerConfigKeys (ConfUtils.java:logGet(46)) - raft.server.log.unsafe-flush.enabled = false (default)
2023-11-03 16:42:45,158 [295b1274-f2e5-4e31-840f-0ca171e7cc13-groupManagement] INFO  server.RaftServerConfigKeys (ConfUtils.java:logGet(46)) - raft.server.log.async-flush.enabled = false (default)
2023-11-03 16:42:45,158 [295b1274-f2e5-4e31-840f-0ca171e7cc13-groupManagement] INFO  server.RaftServerConfigKeys (ConfUtils.java:logGet(46)) - raft.server.log.statemachine.data.caching.enabled = true (custom)
2023-11-03 16:42:45,159 [295b1274-f2e5-4e31-840f-0ca171e7cc13-groupManagement] INFO  segmented.SegmentedRaftLogWorker (SegmentedRaftLogWorker.java:lambda$new$0(135)) - 295b1274-f2e5-4e31-840f-0ca171e7cc13@group-9DF9C56E1DA3-SegmentedRaftLogWorker: flushIndex: setUnconditionally 0 -> -1
2023-11-03 16:42:45,159 [295b1274-f2e5-4e31-840f-0ca171e7cc13-groupManagement] INFO  segmented.SegmentedRaftLogWorker (SegmentedRaftLogWorker.java:lambda$new$0(135)) - 295b1274-f2e5-4e31-840f-0ca171e7cc13@group-9DF9C56E1DA3-SegmentedRaftLogWorker: safeCacheEvictIndex: setUnconditionally 0 -> -1
2023-11-03 16:42:45,159 [295b1274-f2e5-4e31-840f-0ca171e7cc13-groupManagement] INFO  server.RaftServer$Division (RaftServerImpl.java:start(342)) - 295b1274-f2e5-4e31-840f-0ca171e7cc13@group-9DF9C56E1DA3: start as a follower, conf=-1: peers:[295b1274-f2e5-4e31-840f-0ca171e7cc13|rpc:10.1.0.19:15041|admin:10.1.0.19:15040|client:10.1.0.19:15039|dataStream:10.1.0.19:15042|priority:1|startupRole:FOLLOWER]|listeners:[], old=null
2023-11-03 16:42:45,159 [295b1274-f2e5-4e31-840f-0ca171e7cc13-groupManagement] INFO  server.RaftServer$Division (RaftServerImpl.java:setRole(329)) - 295b1274-f2e5-4e31-840f-0ca171e7cc13@group-9DF9C56E1DA3: changes role from      null to FOLLOWER at term 0 for startAsFollower
2023-11-03 16:42:45,159 [295b1274-f2e5-4e31-840f-0ca171e7cc13-groupManagement] INFO  impl.RoleInfo (RoleInfo.java:updateAndGet(139)) - 295b1274-f2e5-4e31-840f-0ca171e7cc13: start 295b1274-f2e5-4e31-840f-0ca171e7cc13@group-9DF9C56E1DA3-FollowerState
2023-11-03 16:42:45,160 [295b1274-f2e5-4e31-840f-0ca171e7cc13-groupManagement] INFO  util.JmxRegister (JmxRegister.java:tryRegister(44)) - Successfully registered JMX Bean with object name Ratis:service=RaftServer,group=group-9DF9C56E1DA3,id=295b1274-f2e5-4e31-840f-0ca171e7cc13
2023-11-03 16:42:45,160 [295b1274-f2e5-4e31-840f-0ca171e7cc13-groupManagement] INFO  server.RaftServerConfigKeys (ConfUtils.java:logGet(46)) - raft.server.snapshot.auto.trigger.enabled = true (custom)
2023-11-03 16:42:45,160 [295b1274-f2e5-4e31-840f-0ca171e7cc13-groupManagement] INFO  server.RaftServerConfigKeys (ConfUtils.java:logGet(46)) - raft.server.snapshot.auto.trigger.threshold = 10000 (custom)
2023-11-03 16:42:45,160 [295b1274-f2e5-4e31-840f-0ca171e7cc13-groupManagement] INFO  server.RaftServerConfigKeys (ConfUtils.java:logGet(46)) - raft.server.snapshot.retention.file.num = 5 (custom)
2023-11-03 16:42:45,160 [295b1274-f2e5-4e31-840f-0ca171e7cc13-groupManagement] INFO  server.RaftServerConfigKeys (ConfUtils.java:logGet(46)) - raft.server.log.purge.upto.snapshot.index = false (default)
2023-11-03 16:42:45,162 [295b1274-f2e5-4e31-840f-0ca171e7cc13@group-9DF9C56E1DA3-FollowerState] INFO  server.RaftServerConfigKeys (ConfUtils.java:logFallback(53)) - raft.server.rpc.first-election.timeout.min = 5s (fallback to raft.server.rpc.timeout.min)
2023-11-03 16:42:45,162 [295b1274-f2e5-4e31-840f-0ca171e7cc13@group-9DF9C56E1DA3-FollowerState] INFO  server.RaftServerConfigKeys (ConfUtils.java:logFallback(53)) - raft.server.rpc.first-election.timeout.max = 5200ms (fallback to raft.server.rpc.timeout.max)
2023-11-03 16:42:45,162 [295b1274-f2e5-4e31-840f-0ca171e7cc13-PipelineCommandHandlerThread-0] INFO  ratis.XceiverServerRatis (XceiverServerRatis.java:addGroup(805)) - Created group PipelineID=aa72dba9-7941-44f2-941d-9df9c56e1da3
2023-11-03 16:42:45,162 [295b1274-f2e5-4e31-840f-0ca171e7cc13-PipelineCommandHandlerThread-0] INFO  commandhandler.CreatePipelineCommandHandler (CreatePipelineCommandHandler.java:lambda$handle$2(124)) - Created Pipeline RATIS ONE PipelineID=aa72dba9-7941-44f2-941d-9df9c56e1da3.
2023-11-03 16:42:45,249 [main] INFO  ozone.MiniOzoneClusterImpl (MiniOzoneClusterImpl.java:lambda$waitForClusterToBeReady$0(229)) - Nodes are ready. Got 5 of 5 DN Heartbeats.
2023-11-03 16:42:45,250 [main] INFO  ozone.MiniOzoneClusterImpl (MiniOzoneClusterImpl.java:lambda$waitForClusterToBeReady$0(232)) - Waiting for cluster to exit safe mode
2023-11-03 16:42:45,250 [main] INFO  ozone.MiniOzoneClusterImpl (MiniOzoneClusterImpl.java:lambda$waitForClusterToBeReady$0(234)) - SCM became leader
2023-11-03 16:42:45,261 [1bfede41-9497-419c-b91f-2116896991e0-PipelineCommandHandlerThread-0] INFO  server.RaftServer (RaftServerProxy.java:addNew(98)) - 1bfede41-9497-419c-b91f-2116896991e0: addNew group-50048AF0E8C2:[1bfede41-9497-419c-b91f-2116896991e0|rpc:10.1.0.19:15050|admin:10.1.0.19:15049|client:10.1.0.19:15048|dataStream:10.1.0.19:15051|priority:1|startupRole:FOLLOWER] returns group-50048AF0E8C2:java.util.concurrent.CompletableFuture@73be16c0[Not completed]
2023-11-03 16:42:45,273 [1bfede41-9497-419c-b91f-2116896991e0-groupManagement] INFO  server.RaftServer$Division (RaftServerImpl.java:<init>(198)) - 1bfede41-9497-419c-b91f-2116896991e0: new RaftServerImpl for group-50048AF0E8C2:[1bfede41-9497-419c-b91f-2116896991e0|rpc:10.1.0.19:15050|admin:10.1.0.19:15049|client:10.1.0.19:15048|dataStream:10.1.0.19:15051|priority:1|startupRole:FOLLOWER] with ContainerStateMachine:uninitialized
2023-11-03 16:42:45,273 [1bfede41-9497-419c-b91f-2116896991e0-groupManagement] INFO  server.RaftServerConfigKeys (ConfUtils.java:logGet(46)) - raft.server.rpc.timeout.min = 5s (custom)
2023-11-03 16:42:45,273 [1bfede41-9497-419c-b91f-2116896991e0-groupManagement] INFO  server.RaftServerConfigKeys (ConfUtils.java:logGet(46)) - raft.server.rpc.timeout.max = 5200ms (custom)
2023-11-03 16:42:45,273 [1bfede41-9497-419c-b91f-2116896991e0-groupManagement] INFO  server.RaftServerConfigKeys (ConfUtils.java:logGet(46)) - raft.server.rpc.sleep.time = 25ms (default)
2023-11-03 16:42:45,273 [1bfede41-9497-419c-b91f-2116896991e0-groupManagement] INFO  server.RaftServerConfigKeys (ConfUtils.java:logGet(46)) - raft.server.rpc.slowness.timeout = 300s (custom)
2023-11-03 16:42:45,273 [1bfede41-9497-419c-b91f-2116896991e0-groupManagement] INFO  server.RaftServerConfigKeys (ConfUtils.java:logGet(46)) - raft.server.leaderelection.leader.step-down.wait-time = 10s (default)
2023-11-03 16:42:45,273 [1bfede41-9497-419c-b91f-2116896991e0-groupManagement] INFO  server.RaftServerConfigKeys (ConfUtils.java:logGet(46)) - raft.server.sleep.deviation.threshold = 300ms (default)
2023-11-03 16:42:45,274 [1bfede41-9497-419c-b91f-2116896991e0-groupManagement] INFO  server.RaftServer$Division (ServerState.java:<init>(120)) - 1bfede41-9497-419c-b91f-2116896991e0@group-50048AF0E8C2: ConfigurationManager, init=-1: peers:[1bfede41-9497-419c-b91f-2116896991e0|rpc:10.1.0.19:15050|admin:10.1.0.19:15049|client:10.1.0.19:15048|dataStream:10.1.0.19:15051|priority:1|startupRole:FOLLOWER]|listeners:[], old=null, confs=<EMPTY_MAP>
2023-11-03 16:42:45,275 [1bfede41-9497-419c-b91f-2116896991e0-groupManagement] INFO  server.RaftServerConfigKeys (ConfUtils.java:logGet(46)) - raft.server.storage.dir = [/home/runner/work/ozone/ozone/hadoop-ozone/integration-test/target/test-dir/MiniOzoneClusterImpl-7c6973ba-416f-441c-aeb4-54a4245b8bbd/datanode-4/data/ratis] (custom)
2023-11-03 16:42:45,275 [1bfede41-9497-419c-b91f-2116896991e0-groupManagement] INFO  server.RaftServerConfigKeys (ConfUtils.java:logGet(46)) - raft.server.log.corruption.policy = EXCEPTION (default)
2023-11-03 16:42:45,275 [1bfede41-9497-419c-b91f-2116896991e0-groupManagement] INFO  server.RaftServerConfigKeys (ConfUtils.java:logGet(46)) - raft.server.storage.free-space.min = 0MB (=0) (default)
2023-11-03 16:42:45,275 [1bfede41-9497-419c-b91f-2116896991e0-groupManagement] INFO  server.RaftServerConfigKeys (ConfUtils.java:logGet(46)) - raft.server.notification.no-leader.timeout = 300s (custom)
2023-11-03 16:42:45,275 [1bfede41-9497-419c-b91f-2116896991e0-groupManagement] INFO  server.RaftServerConfigKeys (ConfUtils.java:logGet(46)) - raft.server.read.timeout = 10s (default)
2023-11-03 16:42:45,275 [1bfede41-9497-419c-b91f-2116896991e0-groupManagement] INFO  server.RaftServerConfigKeys (ConfUtils.java:logGet(46)) - raft.server.retrycache.expirytime = 600000ms (custom)
2023-11-03 16:42:45,275 [1bfede41-9497-419c-b91f-2116896991e0-groupManagement] INFO  server.RaftServerConfigKeys (ConfUtils.java:logGet(46)) - raft.server.retrycache.statistics.expirytime = 100μs (default)
2023-11-03 16:42:45,275 [1bfede41-9497-419c-b91f-2116896991e0-groupManagement] INFO  server.RaftServerConfigKeys (ConfUtils.java:logGet(46)) - raft.server.read.option = DEFAULT (default)
2023-11-03 16:42:45,298 [1bfede41-9497-419c-b91f-2116896991e0-groupManagement] INFO  server.RaftServerConfigKeys (ConfUtils.java:logGet(46)) - raft.server.rpc.request.timeout = 60s (custom)
2023-11-03 16:42:45,298 [1bfede41-9497-419c-b91f-2116896991e0-groupManagement] INFO  server.RaftServerConfigKeys (ConfUtils.java:logGet(46)) - raft.server.log.appender.install.snapshot.enabled = false (custom)
2023-11-03 16:42:45,299 [1bfede41-9497-419c-b91f-2116896991e0-groupManagement] INFO  server.RaftServerConfigKeys (ConfUtils.java:logGet(46)) - raft.server.threadpool.server.cached = true (default)
2023-11-03 16:42:45,299 [1bfede41-9497-419c-b91f-2116896991e0-groupManagement] INFO  server.RaftServerConfigKeys (ConfUtils.java:logGet(46)) - raft.server.threadpool.server.size = 0 (default)
2023-11-03 16:42:45,299 [1bfede41-9497-419c-b91f-2116896991e0-groupManagement] INFO  server.RaftServerConfigKeys (ConfUtils.java:logGet(46)) - raft.server.threadpool.client.cached = true (default)
2023-11-03 16:42:45,299 [1bfede41-9497-419c-b91f-2116896991e0-groupManagement] INFO  server.RaftServerConfigKeys (ConfUtils.java:logGet(46)) - raft.server.threadpool.client.size = 0 (default)
2023-11-03 16:42:45,299 [1bfede41-9497-419c-b91f-2116896991e0-groupManagement] INFO  storage.RaftStorageDirectory (RaftStorageDirectoryImpl.java:analyzeStorage(137)) - The storage directory /home/runner/work/ozone/ozone/hadoop-ozone/integration-test/target/test-dir/MiniOzoneClusterImpl-7c6973ba-416f-441c-aeb4-54a4245b8bbd/datanode-4/data/ratis/ff10e5ee-7a4d-4a90-b37e-50048af0e8c2 does not exist. Creating ...
2023-11-03 16:42:45,300 [1bfede41-9497-419c-b91f-2116896991e0-groupManagement] INFO  storage.RaftStorageDirectory (RaftStorageDirectoryImpl.java:tryLock(231)) - Lock on /home/runner/work/ozone/ozone/hadoop-ozone/integration-test/target/test-dir/MiniOzoneClusterImpl-7c6973ba-416f-441c-aeb4-54a4245b8bbd/datanode-4/data/ratis/ff10e5ee-7a4d-4a90-b37e-50048af0e8c2/in_use.lock acquired by nodename 31069@fv-az292-536
2023-11-03 16:42:45,302 [1bfede41-9497-419c-b91f-2116896991e0-groupManagement] INFO  storage.RaftStorage (RaftStorageImpl.java:format(96)) - Storage directory /home/runner/work/ozone/ozone/hadoop-ozone/integration-test/target/test-dir/MiniOzoneClusterImpl-7c6973ba-416f-441c-aeb4-54a4245b8bbd/datanode-4/data/ratis/ff10e5ee-7a4d-4a90-b37e-50048af0e8c2 has been successfully formatted.
2023-11-03 16:42:45,312 [1bfede41-9497-419c-b91f-2116896991e0-groupManagement] INFO  ratis.ContainerStateMachine (ContainerStateMachine.java:loadSnapshot(269)) - group-50048AF0E8C2: The snapshot info is null. Setting the last applied indexto:(t:0, i:~)
2023-11-03 16:42:45,312 [1bfede41-9497-419c-b91f-2116896991e0-groupManagement] INFO  server.RaftServerConfigKeys (ConfUtils.java:logGet(46)) - raft.server.log.use.memory = false (default)
2023-11-03 16:42:45,312 [1bfede41-9497-419c-b91f-2116896991e0-groupManagement] INFO  server.RaftServerConfigKeys (ConfUtils.java:logGet(46)) - raft.server.log.purge.gap = 1000000 (custom)
2023-11-03 16:42:45,312 [1bfede41-9497-419c-b91f-2116896991e0-groupManagement] INFO  server.RaftServerConfigKeys (ConfUtils.java:logGet(46)) - raft.server.log.appender.buffer.byte-limit = 33554432 (custom)
2023-11-03 16:42:45,312 [1bfede41-9497-419c-b91f-2116896991e0-groupManagement] INFO  server.RaftServerConfigKeys (ConfUtils.java:logGet(46)) - raft.server.log.statemachine.data.read.timeout = 1000ms (default)
2023-11-03 16:42:45,312 [1bfede41-9497-419c-b91f-2116896991e0-groupManagement] INFO  server.RaftServerConfigKeys (ConfUtils.java:logGet(46)) - raft.server.log.purge.preservation.log.num = 0 (default)
2023-11-03 16:42:45,313 [1bfede41-9497-419c-b91f-2116896991e0-groupManagement] INFO  server.RaftServerConfigKeys (ConfUtils.java:logGet(46)) - raft.server.log.segment.size.max = 1048576 (custom)
2023-11-03 16:42:45,313 [1bfede41-9497-419c-b91f-2116896991e0-groupManagement] INFO  server.RaftServerConfigKeys (ConfUtils.java:logGet(46)) - raft.server.log.segment.cache.num.max = 2 (custom)
2023-11-03 16:42:45,313 [1bfede41-9497-419c-b91f-2116896991e0-groupManagement] INFO  server.RaftServerConfigKeys (ConfUtils.java:logGet(46)) - raft.server.log.segment.cache.size.max = 200MB (=209715200) (default)
2023-11-03 16:42:45,313 [1bfede41-9497-419c-b91f-2116896991e0-groupManagement] INFO  server.RaftServerConfigKeys (ConfUtils.java:logGet(46)) - raft.server.log.appender.buffer.byte-limit = 33554432 (custom)
2023-11-03 16:42:45,313 [1bfede41-9497-419c-b91f-2116896991e0-groupManagement] INFO  segmented.SegmentedRaftLogWorker (SegmentedRaftLogWorker.java:<init>(188)) - new 1bfede41-9497-419c-b91f-2116896991e0@group-50048AF0E8C2-SegmentedRaftLogWorker for RaftStorageImpl:Storage Directory /home/runner/work/ozone/ozone/hadoop-ozone/integration-test/target/test-dir/MiniOzoneClusterImpl-7c6973ba-416f-441c-aeb4-54a4245b8bbd/datanode-4/data/ratis/ff10e5ee-7a4d-4a90-b37e-50048af0e8c2
2023-11-03 16:42:45,314 [1bfede41-9497-419c-b91f-2116896991e0-groupManagement] INFO  server.RaftServerConfigKeys (ConfUtils.java:logGet(46)) - raft.server.log.queue.byte-limit = 4294967296 (custom)
2023-11-03 16:42:45,314 [1bfede41-9497-419c-b91f-2116896991e0-groupManagement] INFO  server.RaftServerConfigKeys (ConfUtils.java:logGet(46)) - raft.server.log.queue.element-limit = 1024 (custom)
2023-11-03 16:42:45,314 [1bfede41-9497-419c-b91f-2116896991e0-groupManagement] INFO  server.RaftServerConfigKeys (ConfUtils.java:logGet(46)) - raft.server.log.segment.size.max = 1048576 (custom)
2023-11-03 16:42:45,314 [1bfede41-9497-419c-b91f-2116896991e0-groupManagement] INFO  server.RaftServerConfigKeys (ConfUtils.java:logGet(46)) - raft.server.log.preallocated.size = 16384 (custom)
2023-11-03 16:42:45,314 [1bfede41-9497-419c-b91f-2116896991e0-groupManagement] INFO  server.RaftServerConfigKeys (ConfUtils.java:logGet(46)) - raft.server.log.force.sync.num = 128 (default)
2023-11-03 16:42:45,314 [1bfede41-9497-419c-b91f-2116896991e0-groupManagement] INFO  server.RaftServerConfigKeys (ConfUtils.java:logGet(46)) - raft.server.log.statemachine.data.sync = true (default)
2023-11-03 16:42:45,320 [1bfede41-9497-419c-b91f-2116896991e0-groupManagement] INFO  server.RaftServerConfigKeys (ConfUtils.java:logGet(46)) - raft.server.log.statemachine.data.sync.timeout = 10s (default)
2023-11-03 16:42:45,320 [1bfede41-9497-419c-b91f-2116896991e0-groupManagement] INFO  server.RaftServerConfigKeys (ConfUtils.java:logGet(46)) - raft.server.log.statemachine.data.sync.timeout.retry = -1 (default)
2023-11-03 16:42:45,322 [1bfede41-9497-419c-b91f-2116896991e0-groupManagement] INFO  server.RaftServerConfigKeys (ConfUtils.java:logGet(46)) - raft.server.log.write.buffer.size = 1048576 (custom)
2023-11-03 16:42:45,323 [1bfede41-9497-419c-b91f-2116896991e0-groupManagement] INFO  server.RaftServerConfigKeys (ConfUtils.java:logGet(46)) - raft.server.log.appender.buffer.byte-limit = 33554432 (custom)
2023-11-03 16:42:45,326 [EventQueue-PipelineReportForPipelineReportHandler] INFO  pipeline.PipelineReportHandler (PipelineReportHandler.java:processPipelineReport(136)) - Opened pipeline PipelineID=ff10e5ee-7a4d-4a90-b37e-50048af0e8c2
2023-11-03 16:42:45,327 [EventQueue-OpenPipelineForHealthyPipelineSafeModeRule] INFO  safemode.SCMSafeModeManager (HealthyPipelineSafeModeRule.java:process(137)) - SCM in safe mode. Healthy pipelines reported count is 0, required healthy pipeline reported count is 1
2023-11-03 16:42:45,337 [1bfede41-9497-419c-b91f-2116896991e0-groupManagement] INFO  server.RaftServerConfigKeys (ConfUtils.java:logGet(46)) - raft.server.log.unsafe-flush.enabled = false (default)
2023-11-03 16:42:45,338 [1bfede41-9497-419c-b91f-2116896991e0-groupManagement] INFO  server.RaftServerConfigKeys (ConfUtils.java:logGet(46)) - raft.server.log.async-flush.enabled = false (default)
2023-11-03 16:42:45,338 [1bfede41-9497-419c-b91f-2116896991e0-groupManagement] INFO  server.RaftServerConfigKeys (ConfUtils.java:logGet(46)) - raft.server.log.statemachine.data.caching.enabled = true (custom)
2023-11-03 16:42:45,338 [1bfede41-9497-419c-b91f-2116896991e0-groupManagement] INFO  segmented.SegmentedRaftLogWorker (SegmentedRaftLogWorker.java:lambda$new$0(135)) - 1bfede41-9497-419c-b91f-2116896991e0@group-50048AF0E8C2-SegmentedRaftLogWorker: flushIndex: setUnconditionally 0 -> -1
2023-11-03 16:42:45,338 [1bfede41-9497-419c-b91f-2116896991e0-groupManagement] INFO  segmented.SegmentedRaftLogWorker (SegmentedRaftLogWorker.java:lambda$new$0(135)) - 1bfede41-9497-419c-b91f-2116896991e0@group-50048AF0E8C2-SegmentedRaftLogWorker: safeCacheEvictIndex: setUnconditionally 0 -> -1
2023-11-03 16:42:45,345 [1bfede41-9497-419c-b91f-2116896991e0-groupManagement] INFO  server.RaftServer$Division (RaftServerImpl.java:start(342)) - 1bfede41-9497-419c-b91f-2116896991e0@group-50048AF0E8C2: start as a follower, conf=-1: peers:[1bfede41-9497-419c-b91f-2116896991e0|rpc:10.1.0.19:15050|admin:10.1.0.19:15049|client:10.1.0.19:15048|dataStream:10.1.0.19:15051|priority:1|startupRole:FOLLOWER]|listeners:[], old=null
2023-11-03 16:42:45,345 [1bfede41-9497-419c-b91f-2116896991e0-groupManagement] INFO  server.RaftServer$Division (RaftServerImpl.java:setRole(329)) - 1bfede41-9497-419c-b91f-2116896991e0@group-50048AF0E8C2: changes role from      null to FOLLOWER at term 0 for startAsFollower
2023-11-03 16:42:45,345 [1bfede41-9497-419c-b91f-2116896991e0-groupManagement] INFO  impl.RoleInfo (RoleInfo.java:updateAndGet(139)) - 1bfede41-9497-419c-b91f-2116896991e0: start 1bfede41-9497-419c-b91f-2116896991e0@group-50048AF0E8C2-FollowerState
2023-11-03 16:42:45,345 [1bfede41-9497-419c-b91f-2116896991e0@group-50048AF0E8C2-FollowerState] INFO  server.RaftServerConfigKeys (ConfUtils.java:logFallback(53)) - raft.server.rpc.first-election.timeout.min = 5s (fallback to raft.server.rpc.timeout.min)
2023-11-03 16:42:45,347 [1bfede41-9497-419c-b91f-2116896991e0@group-50048AF0E8C2-FollowerState] INFO  server.RaftServerConfigKeys (ConfUtils.java:logFallback(53)) - raft.server.rpc.first-election.timeout.max = 5200ms (fallback to raft.server.rpc.timeout.max)
2023-11-03 16:42:45,345 [1bfede41-9497-419c-b91f-2116896991e0-groupManagement] INFO  util.JmxRegister (JmxRegister.java:tryRegister(44)) - Successfully registered JMX Bean with object name Ratis:service=RaftServer,group=group-50048AF0E8C2,id=1bfede41-9497-419c-b91f-2116896991e0
2023-11-03 16:42:45,353 [1bfede41-9497-419c-b91f-2116896991e0-groupManagement] INFO  server.RaftServerConfigKeys (ConfUtils.java:logGet(46)) - raft.server.snapshot.auto.trigger.enabled = true (custom)
2023-11-03 16:42:45,353 [1bfede41-9497-419c-b91f-2116896991e0-groupManagement] INFO  server.RaftServerConfigKeys (ConfUtils.java:logGet(46)) - raft.server.snapshot.auto.trigger.threshold = 10000 (custom)
2023-11-03 16:42:45,353 [1bfede41-9497-419c-b91f-2116896991e0-groupManagement] INFO  server.RaftServerConfigKeys (ConfUtils.java:logGet(46)) - raft.server.snapshot.retention.file.num = 5 (custom)
2023-11-03 16:42:45,353 [1bfede41-9497-419c-b91f-2116896991e0-groupManagement] INFO  server.RaftServerConfigKeys (ConfUtils.java:logGet(46)) - raft.server.log.purge.upto.snapshot.index = false (default)
2023-11-03 16:42:45,376 [1bfede41-9497-419c-b91f-2116896991e0-PipelineCommandHandlerThread-0] INFO  ratis.XceiverServerRatis (XceiverServerRatis.java:addGroup(805)) - Created group PipelineID=ff10e5ee-7a4d-4a90-b37e-50048af0e8c2
2023-11-03 16:42:45,376 [1bfede41-9497-419c-b91f-2116896991e0-PipelineCommandHandlerThread-0] INFO  commandhandler.CreatePipelineCommandHandler (CreatePipelineCommandHandler.java:lambda$handle$2(124)) - Created Pipeline RATIS ONE PipelineID=ff10e5ee-7a4d-4a90-b37e-50048af0e8c2.
2023-11-03 16:42:45,527 [ffeddd1f-af09-4c2e-97a1-be5caae46423-PipelineCommandHandlerThread-0] INFO  commandhandler.CreatePipelineCommandHandler (CreatePipelineCommandHandler.java:lambda$handle$2(124)) - Created Pipeline RATIS THREE PipelineID=3bf15084-ff35-421f-b9c8-36f0c8d693bc.
2023-11-03 16:42:45,537 [ffeddd1f-af09-4c2e-97a1-be5caae46423-PipelineCommandHandlerThread-0] INFO  server.RaftServer (RaftServerProxy.java:addNew(98)) - ffeddd1f-af09-4c2e-97a1-be5caae46423: addNew group-099E554763CE:[218a95d8-d531-49de-9be4-7ae556dd2030|rpc:10.1.0.19:15023|admin:10.1.0.19:15022|client:10.1.0.19:15021|dataStream:10.1.0.19:15024|priority:0|startupRole:FOLLOWER, 84f1a9c9-622e-41e0-8205-2fe147efcf79|rpc:10.1.0.19:15014|admin:10.1.0.19:15013|client:10.1.0.19:15012|dataStream:10.1.0.19:15015|priority:1|startupRole:FOLLOWER, ffeddd1f-af09-4c2e-97a1-be5caae46423|rpc:10.1.0.19:15032|admin:10.1.0.19:15031|client:10.1.0.19:15030|dataStream:10.1.0.19:15033|priority:0|startupRole:FOLLOWER] returns group-099E554763CE:java.util.concurrent.CompletableFuture@4b354abd[Not completed]
2023-11-03 16:42:45,537 [218a95d8-d531-49de-9be4-7ae556dd2030-PipelineCommandHandlerThread-0] INFO  commandhandler.CreatePipelineCommandHandler (CreatePipelineCommandHandler.java:lambda$handle$2(124)) - Created Pipeline RATIS THREE PipelineID=3bf15084-ff35-421f-b9c8-36f0c8d693bc.
2023-11-03 16:42:45,538 [218a95d8-d531-49de-9be4-7ae556dd2030-PipelineCommandHandlerThread-0] INFO  server.RaftServer (RaftServerProxy.java:addNew(98)) - 218a95d8-d531-49de-9be4-7ae556dd2030: addNew group-099E554763CE:[218a95d8-d531-49de-9be4-7ae556dd2030|rpc:10.1.0.19:15023|admin:10.1.0.19:15022|client:10.1.0.19:15021|dataStream:10.1.0.19:15024|priority:0|startupRole:FOLLOWER, 84f1a9c9-622e-41e0-8205-2fe147efcf79|rpc:10.1.0.19:15014|admin:10.1.0.19:15013|client:10.1.0.19:15012|dataStream:10.1.0.19:15015|priority:1|startupRole:FOLLOWER, ffeddd1f-af09-4c2e-97a1-be5caae46423|rpc:10.1.0.19:15032|admin:10.1.0.19:15031|client:10.1.0.19:15030|dataStream:10.1.0.19:15033|priority:0|startupRole:FOLLOWER] returns group-099E554763CE:java.util.concurrent.CompletableFuture@60310a06[Not completed]
2023-11-03 16:42:45,538 [ffeddd1f-af09-4c2e-97a1-be5caae46423-groupManagement] INFO  server.RaftServer$Division (RaftServerImpl.java:<init>(198)) - ffeddd1f-af09-4c2e-97a1-be5caae46423: new RaftServerImpl for group-099E554763CE:[218a95d8-d531-49de-9be4-7ae556dd2030|rpc:10.1.0.19:15023|admin:10.1.0.19:15022|client:10.1.0.19:15021|dataStream:10.1.0.19:15024|priority:0|startupRole:FOLLOWER, 84f1a9c9-622e-41e0-8205-2fe147efcf79|rpc:10.1.0.19:15014|admin:10.1.0.19:15013|client:10.1.0.19:15012|dataStream:10.1.0.19:15015|priority:1|startupRole:FOLLOWER, ffeddd1f-af09-4c2e-97a1-be5caae46423|rpc:10.1.0.19:15032|admin:10.1.0.19:15031|client:10.1.0.19:15030|dataStream:10.1.0.19:15033|priority:0|startupRole:FOLLOWER] with ContainerStateMachine:uninitialized
2023-11-03 16:42:45,540 [ffeddd1f-af09-4c2e-97a1-be5caae46423-groupManagement] INFO  server.RaftServerConfigKeys (ConfUtils.java:logGet(46)) - raft.server.rpc.timeout.min = 5s (custom)
2023-11-03 16:42:45,540 [ffeddd1f-af09-4c2e-97a1-be5caae46423-groupManagement] INFO  server.RaftServerConfigKeys (ConfUtils.java:logGet(46)) - raft.server.rpc.timeout.max = 5200ms (custom)
2023-11-03 16:42:45,540 [ffeddd1f-af09-4c2e-97a1-be5caae46423-groupManagement] INFO  server.RaftServerConfigKeys (ConfUtils.java:logGet(46)) - raft.server.rpc.sleep.time = 25ms (default)
2023-11-03 16:42:45,541 [ffeddd1f-af09-4c2e-97a1-be5caae46423-groupManagement] INFO  server.RaftServerConfigKeys (ConfUtils.java:logGet(46)) - raft.server.rpc.slowness.timeout = 300s (custom)
2023-11-03 16:42:45,541 [ffeddd1f-af09-4c2e-97a1-be5caae46423-groupManagement] INFO  server.RaftServerConfigKeys (ConfUtils.java:logGet(46)) - raft.server.leaderelection.leader.step-down.wait-time = 10s (default)
2023-11-03 16:42:45,541 [ffeddd1f-af09-4c2e-97a1-be5caae46423-groupManagement] INFO  server.RaftServerConfigKeys (ConfUtils.java:logGet(46)) - raft.server.sleep.deviation.threshold = 300ms (default)
2023-11-03 16:42:45,541 [ffeddd1f-af09-4c2e-97a1-be5caae46423-groupManagement] INFO  server.RaftServer$Division (ServerState.java:<init>(120)) - ffeddd1f-af09-4c2e-97a1-be5caae46423@group-099E554763CE: ConfigurationManager, init=-1: peers:[218a95d8-d531-49de-9be4-7ae556dd2030|rpc:10.1.0.19:15023|admin:10.1.0.19:15022|client:10.1.0.19:15021|dataStream:10.1.0.19:15024|priority:0|startupRole:FOLLOWER, 84f1a9c9-622e-41e0-8205-2fe147efcf79|rpc:10.1.0.19:15014|admin:10.1.0.19:15013|client:10.1.0.19:15012|dataStream:10.1.0.19:15015|priority:1|startupRole:FOLLOWER, ffeddd1f-af09-4c2e-97a1-be5caae46423|rpc:10.1.0.19:15032|admin:10.1.0.19:15031|client:10.1.0.19:15030|dataStream:10.1.0.19:15033|priority:0|startupRole:FOLLOWER]|listeners:[], old=null, confs=<EMPTY_MAP>
2023-11-03 16:42:45,539 [218a95d8-d531-49de-9be4-7ae556dd2030-groupManagement] INFO  server.RaftServer$Division (RaftServerImpl.java:<init>(198)) - 218a95d8-d531-49de-9be4-7ae556dd2030: new RaftServerImpl for group-099E554763CE:[218a95d8-d531-49de-9be4-7ae556dd2030|rpc:10.1.0.19:15023|admin:10.1.0.19:15022|client:10.1.0.19:15021|dataStream:10.1.0.19:15024|priority:0|startupRole:FOLLOWER, 84f1a9c9-622e-41e0-8205-2fe147efcf79|rpc:10.1.0.19:15014|admin:10.1.0.19:15013|client:10.1.0.19:15012|dataStream:10.1.0.19:15015|priority:1|startupRole:FOLLOWER, ffeddd1f-af09-4c2e-97a1-be5caae46423|rpc:10.1.0.19:15032|admin:10.1.0.19:15031|client:10.1.0.19:15030|dataStream:10.1.0.19:15033|priority:0|startupRole:FOLLOWER] with ContainerStateMachine:uninitialized
2023-11-03 16:42:45,542 [218a95d8-d531-49de-9be4-7ae556dd2030-groupManagement] INFO  server.RaftServerConfigKeys (ConfUtils.java:logGet(46)) - raft.server.rpc.timeout.min = 5s (custom)
2023-11-03 16:42:45,542 [218a95d8-d531-49de-9be4-7ae556dd2030-groupManagement] INFO  server.RaftServerConfigKeys (ConfUtils.java:logGet(46)) - raft.server.rpc.timeout.max = 5200ms (custom)
2023-11-03 16:42:45,542 [218a95d8-d531-49de-9be4-7ae556dd2030-groupManagement] INFO  server.RaftServerConfigKeys (ConfUtils.java:logGet(46)) - raft.server.rpc.sleep.time = 25ms (default)
2023-11-03 16:42:45,542 [218a95d8-d531-49de-9be4-7ae556dd2030-groupManagement] INFO  server.RaftServerConfigKeys (ConfUtils.java:logGet(46)) - raft.server.rpc.slowness.timeout = 300s (custom)
2023-11-03 16:42:45,542 [218a95d8-d531-49de-9be4-7ae556dd2030-groupManagement] INFO  server.RaftServerConfigKeys (ConfUtils.java:logGet(46)) - raft.server.leaderelection.leader.step-down.wait-time = 10s (default)
2023-11-03 16:42:45,542 [218a95d8-d531-49de-9be4-7ae556dd2030-groupManagement] INFO  server.RaftServerConfigKeys (ConfUtils.java:logGet(46)) - raft.server.sleep.deviation.threshold = 300ms (default)
2023-11-03 16:42:45,542 [218a95d8-d531-49de-9be4-7ae556dd2030-groupManagement] INFO  server.RaftServer$Division (ServerState.java:<init>(120)) - 218a95d8-d531-49de-9be4-7ae556dd2030@group-099E554763CE: ConfigurationManager, init=-1: peers:[218a95d8-d531-49de-9be4-7ae556dd2030|rpc:10.1.0.19:15023|admin:10.1.0.19:15022|client:10.1.0.19:15021|dataStream:10.1.0.19:15024|priority:0|startupRole:FOLLOWER, 84f1a9c9-622e-41e0-8205-2fe147efcf79|rpc:10.1.0.19:15014|admin:10.1.0.19:15013|client:10.1.0.19:15012|dataStream:10.1.0.19:15015|priority:1|startupRole:FOLLOWER, ffeddd1f-af09-4c2e-97a1-be5caae46423|rpc:10.1.0.19:15032|admin:10.1.0.19:15031|client:10.1.0.19:15030|dataStream:10.1.0.19:15033|priority:0|startupRole:FOLLOWER]|listeners:[], old=null, confs=<EMPTY_MAP>
2023-11-03 16:42:45,543 [218a95d8-d531-49de-9be4-7ae556dd2030-groupManagement] INFO  server.RaftServerConfigKeys (ConfUtils.java:logGet(46)) - raft.server.storage.dir = [/home/runner/work/ozone/ozone/hadoop-ozone/integration-test/target/test-dir/MiniOzoneClusterImpl-7c6973ba-416f-441c-aeb4-54a4245b8bbd/datanode-1/data/ratis] (custom)
2023-11-03 16:42:45,543 [218a95d8-d531-49de-9be4-7ae556dd2030-groupManagement] INFO  server.RaftServerConfigKeys (ConfUtils.java:logGet(46)) - raft.server.log.corruption.policy = EXCEPTION (default)
2023-11-03 16:42:45,543 [218a95d8-d531-49de-9be4-7ae556dd2030-groupManagement] INFO  server.RaftServerConfigKeys (ConfUtils.java:logGet(46)) - raft.server.storage.free-space.min = 0MB (=0) (default)
2023-11-03 16:42:45,543 [218a95d8-d531-49de-9be4-7ae556dd2030-groupManagement] INFO  server.RaftServerConfigKeys (ConfUtils.java:logGet(46)) - raft.server.notification.no-leader.timeout = 300s (custom)
2023-11-03 16:42:45,543 [218a95d8-d531-49de-9be4-7ae556dd2030-groupManagement] INFO  server.RaftServerConfigKeys (ConfUtils.java:logGet(46)) - raft.server.read.timeout = 10s (default)
2023-11-03 16:42:45,543 [218a95d8-d531-49de-9be4-7ae556dd2030-groupManagement] INFO  server.RaftServerConfigKeys (ConfUtils.java:logGet(46)) - raft.server.retrycache.expirytime = 600000ms (custom)
2023-11-03 16:42:45,543 [218a95d8-d531-49de-9be4-7ae556dd2030-groupManagement] INFO  server.RaftServerConfigKeys (ConfUtils.java:logGet(46)) - raft.server.retrycache.statistics.expirytime = 100μs (default)
2023-11-03 16:42:45,543 [218a95d8-d531-49de-9be4-7ae556dd2030-groupManagement] INFO  server.RaftServerConfigKeys (ConfUtils.java:logGet(46)) - raft.server.read.option = DEFAULT (default)
2023-11-03 16:42:45,545 [218a95d8-d531-49de-9be4-7ae556dd2030-groupManagement] INFO  server.RaftServerConfigKeys (ConfUtils.java:logGet(46)) - raft.server.rpc.request.timeout = 60s (custom)
2023-11-03 16:42:45,545 [218a95d8-d531-49de-9be4-7ae556dd2030-groupManagement] INFO  server.RaftServerConfigKeys (ConfUtils.java:logGet(46)) - raft.server.log.appender.install.snapshot.enabled = false (custom)
2023-11-03 16:42:45,545 [218a95d8-d531-49de-9be4-7ae556dd2030-groupManagement] INFO  server.RaftServerConfigKeys (ConfUtils.java:logGet(46)) - raft.server.threadpool.server.cached = true (default)
2023-11-03 16:42:45,545 [218a95d8-d531-49de-9be4-7ae556dd2030-groupManagement] INFO  server.RaftServerConfigKeys (ConfUtils.java:logGet(46)) - raft.server.threadpool.server.size = 0 (default)
2023-11-03 16:42:45,545 [218a95d8-d531-49de-9be4-7ae556dd2030-groupManagement] INFO  server.RaftServerConfigKeys (ConfUtils.java:logGet(46)) - raft.server.threadpool.client.cached = true (default)
2023-11-03 16:42:45,545 [218a95d8-d531-49de-9be4-7ae556dd2030-groupManagement] INFO  server.RaftServerConfigKeys (ConfUtils.java:logGet(46)) - raft.server.threadpool.client.size = 0 (default)
2023-11-03 16:42:45,545 [218a95d8-d531-49de-9be4-7ae556dd2030-groupManagement] INFO  storage.RaftStorageDirectory (RaftStorageDirectoryImpl.java:analyzeStorage(137)) - The storage directory /home/runner/work/ozone/ozone/hadoop-ozone/integration-test/target/test-dir/MiniOzoneClusterImpl-7c6973ba-416f-441c-aeb4-54a4245b8bbd/datanode-1/data/ratis/74fe60c7-5b3a-41e9-b88e-099e554763ce does not exist. Creating ...
2023-11-03 16:42:45,545 [ffeddd1f-af09-4c2e-97a1-be5caae46423-groupManagement] INFO  server.RaftServerConfigKeys (ConfUtils.java:logGet(46)) - raft.server.storage.dir = [/home/runner/work/ozone/ozone/hadoop-ozone/integration-test/target/test-dir/MiniOzoneClusterImpl-7c6973ba-416f-441c-aeb4-54a4245b8bbd/datanode-2/data/ratis] (custom)
2023-11-03 16:42:45,547 [ffeddd1f-af09-4c2e-97a1-be5caae46423-groupManagement] INFO  server.RaftServerConfigKeys (ConfUtils.java:logGet(46)) - raft.server.log.corruption.policy = EXCEPTION (default)
2023-11-03 16:42:45,547 [ffeddd1f-af09-4c2e-97a1-be5caae46423-groupManagement] INFO  server.RaftServerConfigKeys (ConfUtils.java:logGet(46)) - raft.server.storage.free-space.min = 0MB (=0) (default)
2023-11-03 16:42:45,547 [ffeddd1f-af09-4c2e-97a1-be5caae46423-groupManagement] INFO  server.RaftServerConfigKeys (ConfUtils.java:logGet(46)) - raft.server.notification.no-leader.timeout = 300s (custom)
2023-11-03 16:42:45,548 [ffeddd1f-af09-4c2e-97a1-be5caae46423-groupManagement] INFO  server.RaftServerConfigKeys (ConfUtils.java:logGet(46)) - raft.server.read.timeout = 10s (default)
2023-11-03 16:42:45,548 [ffeddd1f-af09-4c2e-97a1-be5caae46423-groupManagement] INFO  server.RaftServerConfigKeys (ConfUtils.java:logGet(46)) - raft.server.retrycache.expirytime = 600000ms (custom)
2023-11-03 16:42:45,548 [ffeddd1f-af09-4c2e-97a1-be5caae46423-groupManagement] INFO  server.RaftServerConfigKeys (ConfUtils.java:logGet(46)) - raft.server.retrycache.statistics.expirytime = 100μs (default)
2023-11-03 16:42:45,548 [ffeddd1f-af09-4c2e-97a1-be5caae46423-groupManagement] INFO  server.RaftServerConfigKeys (ConfUtils.java:logGet(46)) - raft.server.read.option = DEFAULT (default)
2023-11-03 16:42:45,549 [ffeddd1f-af09-4c2e-97a1-be5caae46423-groupManagement] INFO  server.RaftServerConfigKeys (ConfUtils.java:logGet(46)) - raft.server.rpc.request.timeout = 60s (custom)
2023-11-03 16:42:45,549 [ffeddd1f-af09-4c2e-97a1-be5caae46423-groupManagement] INFO  server.RaftServerConfigKeys (ConfUtils.java:logGet(46)) - raft.server.log.appender.install.snapshot.enabled = false (custom)
2023-11-03 16:42:45,549 [ffeddd1f-af09-4c2e-97a1-be5caae46423-groupManagement] INFO  server.RaftServerConfigKeys (ConfUtils.java:logGet(46)) - raft.server.threadpool.server.cached = true (default)
2023-11-03 16:42:45,549 [ffeddd1f-af09-4c2e-97a1-be5caae46423-groupManagement] INFO  server.RaftServerConfigKeys (ConfUtils.java:logGet(46)) - raft.server.threadpool.server.size = 0 (default)
2023-11-03 16:42:45,549 [ffeddd1f-af09-4c2e-97a1-be5caae46423-groupManagement] INFO  server.RaftServerConfigKeys (ConfUtils.java:logGet(46)) - raft.server.threadpool.client.cached = true (default)
2023-11-03 16:42:45,549 [ffeddd1f-af09-4c2e-97a1-be5caae46423-groupManagement] INFO  server.RaftServerConfigKeys (ConfUtils.java:logGet(46)) - raft.server.threadpool.client.size = 0 (default)
2023-11-03 16:42:45,550 [ffeddd1f-af09-4c2e-97a1-be5caae46423-groupManagement] INFO  storage.RaftStorageDirectory (RaftStorageDirectoryImpl.java:analyzeStorage(137)) - The storage directory /home/runner/work/ozone/ozone/hadoop-ozone/integration-test/target/test-dir/MiniOzoneClusterImpl-7c6973ba-416f-441c-aeb4-54a4245b8bbd/datanode-2/data/ratis/74fe60c7-5b3a-41e9-b88e-099e554763ce does not exist. Creating ...
2023-11-03 16:42:45,549 [218a95d8-d531-49de-9be4-7ae556dd2030-groupManagement] INFO  storage.RaftStorageDirectory (RaftStorageDirectoryImpl.java:tryLock(231)) - Lock on /home/runner/work/ozone/ozone/hadoop-ozone/integration-test/target/test-dir/MiniOzoneClusterImpl-7c6973ba-416f-441c-aeb4-54a4245b8bbd/datanode-1/data/ratis/74fe60c7-5b3a-41e9-b88e-099e554763ce/in_use.lock acquired by nodename 31069@fv-az292-536
2023-11-03 16:42:45,551 [84f1a9c9-622e-41e0-8205-2fe147efcf79-PipelineCommandHandlerThread-0] INFO  commandhandler.CreatePipelineCommandHandler (CreatePipelineCommandHandler.java:lambda$handle$2(124)) - Created Pipeline RATIS THREE PipelineID=3bf15084-ff35-421f-b9c8-36f0c8d693bc.
2023-11-03 16:42:45,552 [84f1a9c9-622e-41e0-8205-2fe147efcf79-PipelineCommandHandlerThread-0] INFO  server.RaftServer (RaftServerProxy.java:addNew(98)) - 84f1a9c9-622e-41e0-8205-2fe147efcf79: addNew group-099E554763CE:[218a95d8-d531-49de-9be4-7ae556dd2030|rpc:10.1.0.19:15023|admin:10.1.0.19:15022|client:10.1.0.19:15021|dataStream:10.1.0.19:15024|priority:0|startupRole:FOLLOWER, 84f1a9c9-622e-41e0-8205-2fe147efcf79|rpc:10.1.0.19:15014|admin:10.1.0.19:15013|client:10.1.0.19:15012|dataStream:10.1.0.19:15015|priority:1|startupRole:FOLLOWER, ffeddd1f-af09-4c2e-97a1-be5caae46423|rpc:10.1.0.19:15032|admin:10.1.0.19:15031|client:10.1.0.19:15030|dataStream:10.1.0.19:15033|priority:0|startupRole:FOLLOWER] returns group-099E554763CE:java.util.concurrent.CompletableFuture@56dba3ef[Not completed]
2023-11-03 16:42:45,554 [84f1a9c9-622e-41e0-8205-2fe147efcf79-groupManagement] INFO  server.RaftServer$Division (RaftServerImpl.java:<init>(198)) - 84f1a9c9-622e-41e0-8205-2fe147efcf79: new RaftServerImpl for group-099E554763CE:[218a95d8-d531-49de-9be4-7ae556dd2030|rpc:10.1.0.19:15023|admin:10.1.0.19:15022|client:10.1.0.19:15021|dataStream:10.1.0.19:15024|priority:0|startupRole:FOLLOWER, 84f1a9c9-622e-41e0-8205-2fe147efcf79|rpc:10.1.0.19:15014|admin:10.1.0.19:15013|client:10.1.0.19:15012|dataStream:10.1.0.19:15015|priority:1|startupRole:FOLLOWER, ffeddd1f-af09-4c2e-97a1-be5caae46423|rpc:10.1.0.19:15032|admin:10.1.0.19:15031|client:10.1.0.19:15030|dataStream:10.1.0.19:15033|priority:0|startupRole:FOLLOWER] with ContainerStateMachine:uninitialized
2023-11-03 16:42:45,554 [84f1a9c9-622e-41e0-8205-2fe147efcf79-groupManagement] INFO  server.RaftServerConfigKeys (ConfUtils.java:logGet(46)) - raft.server.rpc.timeout.min = 5s (custom)
2023-11-03 16:42:45,554 [84f1a9c9-622e-41e0-8205-2fe147efcf79-groupManagement] INFO  server.RaftServerConfigKeys (ConfUtils.java:logGet(46)) - raft.server.rpc.timeout.max = 5200ms (custom)
2023-11-03 16:42:45,554 [84f1a9c9-622e-41e0-8205-2fe147efcf79-groupManagement] INFO  server.RaftServerConfigKeys (ConfUtils.java:logGet(46)) - raft.server.rpc.sleep.time = 25ms (default)
2023-11-03 16:42:45,554 [84f1a9c9-622e-41e0-8205-2fe147efcf79-groupManagement] INFO  server.RaftServerConfigKeys (ConfUtils.java:logGet(46)) - raft.server.rpc.slowness.timeout = 300s (custom)
2023-11-03 16:42:45,554 [84f1a9c9-622e-41e0-8205-2fe147efcf79-groupManagement] INFO  server.RaftServerConfigKeys (ConfUtils.java:logGet(46)) - raft.server.leaderelection.leader.step-down.wait-time = 10s (default)
2023-11-03 16:42:45,554 [84f1a9c9-622e-41e0-8205-2fe147efcf79-groupManagement] INFO  server.RaftServerConfigKeys (ConfUtils.java:logGet(46)) - raft.server.sleep.deviation.threshold = 300ms (default)
2023-11-03 16:42:45,554 [84f1a9c9-622e-41e0-8205-2fe147efcf79-groupManagement] INFO  server.RaftServer$Division (ServerState.java:<init>(120)) - 84f1a9c9-622e-41e0-8205-2fe147efcf79@group-099E554763CE: ConfigurationManager, init=-1: peers:[218a95d8-d531-49de-9be4-7ae556dd2030|rpc:10.1.0.19:15023|admin:10.1.0.19:15022|client:10.1.0.19:15021|dataStream:10.1.0.19:15024|priority:0|startupRole:FOLLOWER, 84f1a9c9-622e-41e0-8205-2fe147efcf79|rpc:10.1.0.19:15014|admin:10.1.0.19:15013|client:10.1.0.19:15012|dataStream:10.1.0.19:15015|priority:1|startupRole:FOLLOWER, ffeddd1f-af09-4c2e-97a1-be5caae46423|rpc:10.1.0.19:15032|admin:10.1.0.19:15031|client:10.1.0.19:15030|dataStream:10.1.0.19:15033|priority:0|startupRole:FOLLOWER]|listeners:[], old=null, confs=<EMPTY_MAP>
2023-11-03 16:42:45,554 [84f1a9c9-622e-41e0-8205-2fe147efcf79-groupManagement] INFO  server.RaftServerConfigKeys (ConfUtils.java:logGet(46)) - raft.server.storage.dir = [/home/runner/work/ozone/ozone/hadoop-ozone/integration-test/target/test-dir/MiniOzoneClusterImpl-7c6973ba-416f-441c-aeb4-54a4245b8bbd/datanode-0/data/ratis] (custom)
2023-11-03 16:42:45,555 [84f1a9c9-622e-41e0-8205-2fe147efcf79-groupManagement] INFO  server.RaftServerConfigKeys (ConfUtils.java:logGet(46)) - raft.server.log.corruption.policy = EXCEPTION (default)
2023-11-03 16:42:45,555 [84f1a9c9-622e-41e0-8205-2fe147efcf79-groupManagement] INFO  server.RaftServerConfigKeys (ConfUtils.java:logGet(46)) - raft.server.storage.free-space.min = 0MB (=0) (default)
2023-11-03 16:42:45,555 [84f1a9c9-622e-41e0-8205-2fe147efcf79-groupManagement] INFO  server.RaftServerConfigKeys (ConfUtils.java:logGet(46)) - raft.server.notification.no-leader.timeout = 300s (custom)
2023-11-03 16:42:45,555 [84f1a9c9-622e-41e0-8205-2fe147efcf79-groupManagement] INFO  server.RaftServerConfigKeys (ConfUtils.java:logGet(46)) - raft.server.read.timeout = 10s (default)
2023-11-03 16:42:45,555 [84f1a9c9-622e-41e0-8205-2fe147efcf79-groupManagement] INFO  server.RaftServerConfigKeys (ConfUtils.java:logGet(46)) - raft.server.retrycache.expirytime = 600000ms (custom)
2023-11-03 16:42:45,555 [84f1a9c9-622e-41e0-8205-2fe147efcf79-groupManagement] INFO  server.RaftServerConfigKeys (ConfUtils.java:logGet(46)) - raft.server.retrycache.statistics.expirytime = 100μs (default)
2023-11-03 16:42:45,555 [84f1a9c9-622e-41e0-8205-2fe147efcf79-groupManagement] INFO  server.RaftServerConfigKeys (ConfUtils.java:logGet(46)) - raft.server.read.option = DEFAULT (default)
2023-11-03 16:42:45,557 [84f1a9c9-622e-41e0-8205-2fe147efcf79-groupManagement] INFO  server.RaftServerConfigKeys (ConfUtils.java:logGet(46)) - raft.server.rpc.request.timeout = 60s (custom)
2023-11-03 16:42:45,557 [84f1a9c9-622e-41e0-8205-2fe147efcf79-groupManagement] INFO  server.RaftServerConfigKeys (ConfUtils.java:logGet(46)) - raft.server.log.appender.install.snapshot.enabled = false (custom)
2023-11-03 16:42:45,557 [84f1a9c9-622e-41e0-8205-2fe147efcf79-groupManagement] INFO  server.RaftServerConfigKeys (ConfUtils.java:logGet(46)) - raft.server.threadpool.server.cached = true (default)
2023-11-03 16:42:45,557 [84f1a9c9-622e-41e0-8205-2fe147efcf79-groupManagement] INFO  server.RaftServerConfigKeys (ConfUtils.java:logGet(46)) - raft.server.threadpool.server.size = 0 (default)
2023-11-03 16:42:45,557 [84f1a9c9-622e-41e0-8205-2fe147efcf79-groupManagement] INFO  server.RaftServerConfigKeys (ConfUtils.java:logGet(46)) - raft.server.threadpool.client.cached = true (default)
2023-11-03 16:42:45,557 [84f1a9c9-622e-41e0-8205-2fe147efcf79-groupManagement] INFO  server.RaftServerConfigKeys (ConfUtils.java:logGet(46)) - raft.server.threadpool.client.size = 0 (default)
2023-11-03 16:42:45,557 [84f1a9c9-622e-41e0-8205-2fe147efcf79-groupManagement] INFO  storage.RaftStorageDirectory (RaftStorageDirectoryImpl.java:analyzeStorage(137)) - The storage directory /home/runner/work/ozone/ozone/hadoop-ozone/integration-test/target/test-dir/MiniOzoneClusterImpl-7c6973ba-416f-441c-aeb4-54a4245b8bbd/datanode-0/data/ratis/74fe60c7-5b3a-41e9-b88e-099e554763ce does not exist. Creating ...
2023-11-03 16:42:45,558 [ffeddd1f-af09-4c2e-97a1-be5caae46423-groupManagement] INFO  storage.RaftStorageDirectory (RaftStorageDirectoryImpl.java:tryLock(231)) - Lock on /home/runner/work/ozone/ozone/hadoop-ozone/integration-test/target/test-dir/MiniOzoneClusterImpl-7c6973ba-416f-441c-aeb4-54a4245b8bbd/datanode-2/data/ratis/74fe60c7-5b3a-41e9-b88e-099e554763ce/in_use.lock acquired by nodename 31069@fv-az292-536
2023-11-03 16:42:45,559 [84f1a9c9-622e-41e0-8205-2fe147efcf79-groupManagement] INFO  storage.RaftStorageDirectory (RaftStorageDirectoryImpl.java:tryLock(231)) - Lock on /home/runner/work/ozone/ozone/hadoop-ozone/integration-test/target/test-dir/MiniOzoneClusterImpl-7c6973ba-416f-441c-aeb4-54a4245b8bbd/datanode-0/data/ratis/74fe60c7-5b3a-41e9-b88e-099e554763ce/in_use.lock acquired by nodename 31069@fv-az292-536
2023-11-03 16:42:45,561 [84f1a9c9-622e-41e0-8205-2fe147efcf79-groupManagement] INFO  storage.RaftStorage (RaftStorageImpl.java:format(96)) - Storage directory /home/runner/work/ozone/ozone/hadoop-ozone/integration-test/target/test-dir/MiniOzoneClusterImpl-7c6973ba-416f-441c-aeb4-54a4245b8bbd/datanode-0/data/ratis/74fe60c7-5b3a-41e9-b88e-099e554763ce has been successfully formatted.
2023-11-03 16:42:45,561 [218a95d8-d531-49de-9be4-7ae556dd2030-groupManagement] INFO  storage.RaftStorage (RaftStorageImpl.java:format(96)) - Storage directory /home/runner/work/ozone/ozone/hadoop-ozone/integration-test/target/test-dir/MiniOzoneClusterImpl-7c6973ba-416f-441c-aeb4-54a4245b8bbd/datanode-1/data/ratis/74fe60c7-5b3a-41e9-b88e-099e554763ce has been successfully formatted.
2023-11-03 16:42:45,564 [ffeddd1f-af09-4c2e-97a1-be5caae46423-groupManagement] INFO  storage.RaftStorage (RaftStorageImpl.java:format(96)) - Storage directory /home/runner/work/ozone/ozone/hadoop-ozone/integration-test/target/test-dir/MiniOzoneClusterImpl-7c6973ba-416f-441c-aeb4-54a4245b8bbd/datanode-2/data/ratis/74fe60c7-5b3a-41e9-b88e-099e554763ce has been successfully formatted.
2023-11-03 16:42:45,567 [218a95d8-d531-49de-9be4-7ae556dd2030-groupManagement] INFO  ratis.ContainerStateMachine (ContainerStateMachine.java:loadSnapshot(269)) - group-099E554763CE: The snapshot info is null. Setting the last applied indexto:(t:0, i:~)
2023-11-03 16:42:45,567 [218a95d8-d531-49de-9be4-7ae556dd2030-groupManagement] INFO  server.RaftServerConfigKeys (ConfUtils.java:logGet(46)) - raft.server.log.use.memory = false (default)
2023-11-03 16:42:45,567 [84f1a9c9-622e-41e0-8205-2fe147efcf79-groupManagement] INFO  ratis.ContainerStateMachine (ContainerStateMachine.java:loadSnapshot(269)) - group-099E554763CE: The snapshot info is null. Setting the last applied indexto:(t:0, i:~)
2023-11-03 16:42:45,567 [84f1a9c9-622e-41e0-8205-2fe147efcf79-groupManagement] INFO  server.RaftServerConfigKeys (ConfUtils.java:logGet(46)) - raft.server.log.use.memory = false (default)
2023-11-03 16:42:45,568 [84f1a9c9-622e-41e0-8205-2fe147efcf79-groupManagement] INFO  server.RaftServerConfigKeys (ConfUtils.java:logGet(46)) - raft.server.log.purge.gap = 1000000 (custom)
2023-11-03 16:42:45,568 [84f1a9c9-622e-41e0-8205-2fe147efcf79-groupManagement] INFO  server.RaftServerConfigKeys (ConfUtils.java:logGet(46)) - raft.server.log.appender.buffer.byte-limit = 33554432 (custom)
2023-11-03 16:42:45,568 [84f1a9c9-622e-41e0-8205-2fe147efcf79-groupManagement] INFO  server.RaftServerConfigKeys (ConfUtils.java:logGet(46)) - raft.server.log.statemachine.data.read.timeout = 1000ms (default)
2023-11-03 16:42:45,568 [84f1a9c9-622e-41e0-8205-2fe147efcf79-groupManagement] INFO  server.RaftServerConfigKeys (ConfUtils.java:logGet(46)) - raft.server.log.purge.preservation.log.num = 0 (default)
2023-11-03 16:42:45,568 [ffeddd1f-af09-4c2e-97a1-be5caae46423-groupManagement] INFO  ratis.ContainerStateMachine (ContainerStateMachine.java:loadSnapshot(269)) - group-099E554763CE: The snapshot info is null. Setting the last applied indexto:(t:0, i:~)
2023-11-03 16:42:45,568 [ffeddd1f-af09-4c2e-97a1-be5caae46423-groupManagement] INFO  server.RaftServerConfigKeys (ConfUtils.java:logGet(46)) - raft.server.log.use.memory = false (default)
2023-11-03 16:42:45,568 [ffeddd1f-af09-4c2e-97a1-be5caae46423-groupManagement] INFO  server.RaftServerConfigKeys (ConfUtils.java:logGet(46)) - raft.server.log.purge.gap = 1000000 (custom)
2023-11-03 16:42:45,569 [ffeddd1f-af09-4c2e-97a1-be5caae46423-groupManagement] INFO  server.RaftServerConfigKeys (ConfUtils.java:logGet(46)) - raft.server.log.appender.buffer.byte-limit = 33554432 (custom)
2023-11-03 16:42:45,569 [ffeddd1f-af09-4c2e-97a1-be5caae46423-groupManagement] INFO  server.RaftServerConfigKeys (ConfUtils.java:logGet(46)) - raft.server.log.statemachine.data.read.timeout = 1000ms (default)
2023-11-03 16:42:45,569 [ffeddd1f-af09-4c2e-97a1-be5caae46423-groupManagement] INFO  server.RaftServerConfigKeys (ConfUtils.java:logGet(46)) - raft.server.log.purge.preservation.log.num = 0 (default)
2023-11-03 16:42:45,569 [218a95d8-d531-49de-9be4-7ae556dd2030-groupManagement] INFO  server.RaftServerConfigKeys (ConfUtils.java:logGet(46)) - raft.server.log.purge.gap = 1000000 (custom)
2023-11-03 16:42:45,574 [218a95d8-d531-49de-9be4-7ae556dd2030-groupManagement] INFO  server.RaftServerConfigKeys (ConfUtils.java:logGet(46)) - raft.server.log.appender.buffer.byte-limit = 33554432 (custom)
2023-11-03 16:42:45,574 [ffeddd1f-af09-4c2e-97a1-be5caae46423-groupManagement] INFO  server.RaftServerConfigKeys (ConfUtils.java:logGet(46)) - raft.server.log.segment.size.max = 1048576 (custom)
2023-11-03 16:42:45,575 [84f1a9c9-622e-41e0-8205-2fe147efcf79-groupManagement] INFO  server.RaftServerConfigKeys (ConfUtils.java:logGet(46)) - raft.server.log.segment.size.max = 1048576 (custom)
2023-11-03 16:42:45,574 [218a95d8-d531-49de-9be4-7ae556dd2030-groupManagement] INFO  server.RaftServerConfigKeys (ConfUtils.java:logGet(46)) - raft.server.log.statemachine.data.read.timeout = 1000ms (default)
2023-11-03 16:42:45,575 [218a95d8-d531-49de-9be4-7ae556dd2030-groupManagement] INFO  server.RaftServerConfigKeys (ConfUtils.java:logGet(46)) - raft.server.log.purge.preservation.log.num = 0 (default)
2023-11-03 16:42:45,576 [84f1a9c9-622e-41e0-8205-2fe147efcf79-groupManagement] INFO  server.RaftServerConfigKeys (ConfUtils.java:logGet(46)) - raft.server.log.segment.cache.num.max = 2 (custom)
2023-11-03 16:42:45,576 [ffeddd1f-af09-4c2e-97a1-be5caae46423-groupManagement] INFO  server.RaftServerConfigKeys (ConfUtils.java:logGet(46)) - raft.server.log.segment.cache.num.max = 2 (custom)
2023-11-03 16:42:45,576 [84f1a9c9-622e-41e0-8205-2fe147efcf79-groupManagement] INFO  server.RaftServerConfigKeys (ConfUtils.java:logGet(46)) - raft.server.log.segment.cache.size.max = 200MB (=209715200) (default)
2023-11-03 16:42:45,576 [84f1a9c9-622e-41e0-8205-2fe147efcf79-groupManagement] INFO  server.RaftServerConfigKeys (ConfUtils.java:logGet(46)) - raft.server.log.appender.buffer.byte-limit = 33554432 (custom)
2023-11-03 16:42:45,576 [84f1a9c9-622e-41e0-8205-2fe147efcf79-groupManagement] INFO  segmented.SegmentedRaftLogWorker (SegmentedRaftLogWorker.java:<init>(188)) - new 84f1a9c9-622e-41e0-8205-2fe147efcf79@group-099E554763CE-SegmentedRaftLogWorker for RaftStorageImpl:Storage Directory /home/runner/work/ozone/ozone/hadoop-ozone/integration-test/target/test-dir/MiniOzoneClusterImpl-7c6973ba-416f-441c-aeb4-54a4245b8bbd/datanode-0/data/ratis/74fe60c7-5b3a-41e9-b88e-099e554763ce
2023-11-03 16:42:45,576 [84f1a9c9-622e-41e0-8205-2fe147efcf79-groupManagement] INFO  server.RaftServerConfigKeys (ConfUtils.java:logGet(46)) - raft.server.log.queue.byte-limit = 4294967296 (custom)
2023-11-03 16:42:45,576 [84f1a9c9-622e-41e0-8205-2fe147efcf79-groupManagement] INFO  server.RaftServerConfigKeys (ConfUtils.java:logGet(46)) - raft.server.log.queue.element-limit = 1024 (custom)
2023-11-03 16:42:45,576 [84f1a9c9-622e-41e0-8205-2fe147efcf79-groupManagement] INFO  server.RaftServerConfigKeys (ConfUtils.java:logGet(46)) - raft.server.log.segment.size.max = 1048576 (custom)
2023-11-03 16:42:45,576 [84f1a9c9-622e-41e0-8205-2fe147efcf79-groupManagement] INFO  server.RaftServerConfigKeys (ConfUtils.java:logGet(46)) - raft.server.log.preallocated.size = 16384 (custom)
2023-11-03 16:42:45,576 [84f1a9c9-622e-41e0-8205-2fe147efcf79-groupManagement] INFO  server.RaftServerConfigKeys (ConfUtils.java:logGet(46)) - raft.server.log.force.sync.num = 128 (default)
2023-11-03 16:42:45,576 [84f1a9c9-622e-41e0-8205-2fe147efcf79-groupManagement] INFO  server.RaftServerConfigKeys (ConfUtils.java:logGet(46)) - raft.server.log.statemachine.data.sync = true (default)
2023-11-03 16:42:45,576 [84f1a9c9-622e-41e0-8205-2fe147efcf79-groupManagement] INFO  server.RaftServerConfigKeys (ConfUtils.java:logGet(46)) - raft.server.log.statemachine.data.sync.timeout = 10s (default)
2023-11-03 16:42:45,577 [84f1a9c9-622e-41e0-8205-2fe147efcf79-groupManagement] INFO  server.RaftServerConfigKeys (ConfUtils.java:logGet(46)) - raft.server.log.statemachine.data.sync.timeout.retry = -1 (default)
2023-11-03 16:42:45,577 [EventQueue-OpenPipelineForHealthyPipelineSafeModeRule] INFO  safemode.SCMSafeModeManager (HealthyPipelineSafeModeRule.java:process(137)) - SCM in safe mode. Healthy pipelines reported count is 0, required healthy pipeline reported count is 1
2023-11-03 16:42:45,576 [ffeddd1f-af09-4c2e-97a1-be5caae46423-groupManagement] INFO  server.RaftServerConfigKeys (ConfUtils.java:logGet(46)) - raft.server.log.segment.cache.size.max = 200MB (=209715200) (default)
2023-11-03 16:42:45,578 [ffeddd1f-af09-4c2e-97a1-be5caae46423-groupManagement] INFO  server.RaftServerConfigKeys (ConfUtils.java:logGet(46)) - raft.server.log.appender.buffer.byte-limit = 33554432 (custom)
2023-11-03 16:42:45,578 [ffeddd1f-af09-4c2e-97a1-be5caae46423-groupManagement] INFO  segmented.SegmentedRaftLogWorker (SegmentedRaftLogWorker.java:<init>(188)) - new ffeddd1f-af09-4c2e-97a1-be5caae46423@group-099E554763CE-SegmentedRaftLogWorker for RaftStorageImpl:Storage Directory /home/runner/work/ozone/ozone/hadoop-ozone/integration-test/target/test-dir/MiniOzoneClusterImpl-7c6973ba-416f-441c-aeb4-54a4245b8bbd/datanode-2/data/ratis/74fe60c7-5b3a-41e9-b88e-099e554763ce
2023-11-03 16:42:45,578 [ffeddd1f-af09-4c2e-97a1-be5caae46423-groupManagement] INFO  server.RaftServerConfigKeys (ConfUtils.java:logGet(46)) - raft.server.log.queue.byte-limit = 4294967296 (custom)
2023-11-03 16:42:45,577 [218a95d8-d531-49de-9be4-7ae556dd2030-groupManagement] INFO  server.RaftServerConfigKeys (ConfUtils.java:logGet(46)) - raft.server.log.segment.size.max = 1048576 (custom)
2023-11-03 16:42:45,578 [EventQueue-OpenPipelineForHealthyPipelineSafeModeRule] INFO  safemode.SCMSafeModeManager (HealthyPipelineSafeModeRule.java:process(137)) - SCM in safe mode. Healthy pipelines reported count is 0, required healthy pipeline reported count is 1
2023-11-03 16:42:45,579 [218a95d8-d531-49de-9be4-7ae556dd2030-groupManagement] INFO  server.RaftServerConfigKeys (ConfUtils.java:logGet(46)) - raft.server.log.segment.cache.num.max = 2 (custom)
2023-11-03 16:42:45,579 [218a95d8-d531-49de-9be4-7ae556dd2030-groupManagement] INFO  server.RaftServerConfigKeys (ConfUtils.java:logGet(46)) - raft.server.log.segment.cache.size.max = 200MB (=209715200) (default)
2023-11-03 16:42:45,579 [218a95d8-d531-49de-9be4-7ae556dd2030-groupManagement] INFO  server.RaftServerConfigKeys (ConfUtils.java:logGet(46)) - raft.server.log.appender.buffer.byte-limit = 33554432 (custom)
2023-11-03 16:42:45,579 [218a95d8-d531-49de-9be4-7ae556dd2030-groupManagement] INFO  segmented.SegmentedRaftLogWorker (SegmentedRaftLogWorker.java:<init>(188)) - new 218a95d8-d531-49de-9be4-7ae556dd2030@group-099E554763CE-SegmentedRaftLogWorker for RaftStorageImpl:Storage Directory /home/runner/work/ozone/ozone/hadoop-ozone/integration-test/target/test-dir/MiniOzoneClusterImpl-7c6973ba-416f-441c-aeb4-54a4245b8bbd/datanode-1/data/ratis/74fe60c7-5b3a-41e9-b88e-099e554763ce
2023-11-03 16:42:45,579 [218a95d8-d531-49de-9be4-7ae556dd2030-groupManagement] INFO  server.RaftServerConfigKeys (ConfUtils.java:logGet(46)) - raft.server.log.queue.byte-limit = 4294967296 (custom)
2023-11-03 16:42:45,579 [218a95d8-d531-49de-9be4-7ae556dd2030-groupManagement] INFO  server.RaftServerConfigKeys (ConfUtils.java:logGet(46)) - raft.server.log.queue.element-limit = 1024 (custom)
2023-11-03 16:42:45,580 [218a95d8-d531-49de-9be4-7ae556dd2030-groupManagement] INFO  server.RaftServerConfigKeys (ConfUtils.java:logGet(46)) - raft.server.log.segment.size.max = 1048576 (custom)
2023-11-03 16:42:45,580 [218a95d8-d531-49de-9be4-7ae556dd2030-groupManagement] INFO  server.RaftServerConfigKeys (ConfUtils.java:logGet(46)) - raft.server.log.preallocated.size = 16384 (custom)
2023-11-03 16:42:45,580 [218a95d8-d531-49de-9be4-7ae556dd2030-groupManagement] INFO  server.RaftServerConfigKeys (ConfUtils.java:logGet(46)) - raft.server.log.force.sync.num = 128 (default)
2023-11-03 16:42:45,580 [218a95d8-d531-49de-9be4-7ae556dd2030-groupManagement] INFO  server.RaftServerConfigKeys (ConfUtils.java:logGet(46)) - raft.server.log.statemachine.data.sync = true (default)
2023-11-03 16:42:45,580 [218a95d8-d531-49de-9be4-7ae556dd2030-groupManagement] INFO  server.RaftServerConfigKeys (ConfUtils.java:logGet(46)) - raft.server.log.statemachine.data.sync.timeout = 10s (default)
2023-11-03 16:42:45,580 [218a95d8-d531-49de-9be4-7ae556dd2030-groupManagement] INFO  server.RaftServerConfigKeys (ConfUtils.java:logGet(46)) - raft.server.log.statemachine.data.sync.timeout.retry = -1 (default)
2023-11-03 16:42:45,581 [ffeddd1f-af09-4c2e-97a1-be5caae46423-groupManagement] INFO  server.RaftServerConfigKeys (ConfUtils.java:logGet(46)) - raft.server.log.queue.element-limit = 1024 (custom)
2023-11-03 16:42:45,581 [ffeddd1f-af09-4c2e-97a1-be5caae46423-groupManagement] INFO  server.RaftServerConfigKeys (ConfUtils.java:logGet(46)) - raft.server.log.segment.size.max = 1048576 (custom)
2023-11-03 16:42:45,581 [ffeddd1f-af09-4c2e-97a1-be5caae46423-groupManagement] INFO  server.RaftServerConfigKeys (ConfUtils.java:logGet(46)) - raft.server.log.preallocated.size = 16384 (custom)
2023-11-03 16:42:45,581 [ffeddd1f-af09-4c2e-97a1-be5caae46423-groupManagement] INFO  server.RaftServerConfigKeys (ConfUtils.java:logGet(46)) - raft.server.log.force.sync.num = 128 (default)
2023-11-03 16:42:45,581 [ffeddd1f-af09-4c2e-97a1-be5caae46423-groupManagement] INFO  server.RaftServerConfigKeys (ConfUtils.java:logGet(46)) - raft.server.log.statemachine.data.sync = true (default)
2023-11-03 16:42:45,581 [ffeddd1f-af09-4c2e-97a1-be5caae46423-groupManagement] INFO  server.RaftServerConfigKeys (ConfUtils.java:logGet(46)) - raft.server.log.statemachine.data.sync.timeout = 10s (default)
2023-11-03 16:42:45,581 [ffeddd1f-af09-4c2e-97a1-be5caae46423-groupManagement] INFO  server.RaftServerConfigKeys (ConfUtils.java:logGet(46)) - raft.server.log.statemachine.data.sync.timeout.retry = -1 (default)
2023-11-03 16:42:45,582 [218a95d8-d531-49de-9be4-7ae556dd2030-groupManagement] INFO  server.RaftServerConfigKeys (ConfUtils.java:logGet(46)) - raft.server.log.write.buffer.size = 1048576 (custom)
2023-11-03 16:42:45,583 [84f1a9c9-622e-41e0-8205-2fe147efcf79-groupManagement] INFO  server.RaftServerConfigKeys (ConfUtils.java:logGet(46)) - raft.server.log.write.buffer.size = 1048576 (custom)
2023-11-03 16:42:45,584 [218a95d8-d531-49de-9be4-7ae556dd2030-groupManagement] INFO  server.RaftServerConfigKeys (ConfUtils.java:logGet(46)) - raft.server.log.appender.buffer.byte-limit = 33554432 (custom)
2023-11-03 16:42:45,585 [84f1a9c9-622e-41e0-8205-2fe147efcf79-groupManagement] INFO  server.RaftServerConfigKeys (ConfUtils.java:logGet(46)) - raft.server.log.appender.buffer.byte-limit = 33554432 (custom)
2023-11-03 16:42:45,585 [ffeddd1f-af09-4c2e-97a1-be5caae46423-groupManagement] INFO  server.RaftServerConfigKeys (ConfUtils.java:logGet(46)) - raft.server.log.write.buffer.size = 1048576 (custom)
2023-11-03 16:42:45,587 [ffeddd1f-af09-4c2e-97a1-be5caae46423-groupManagement] INFO  server.RaftServerConfigKeys (ConfUtils.java:logGet(46)) - raft.server.log.appender.buffer.byte-limit = 33554432 (custom)
2023-11-03 16:42:45,601 [218a95d8-d531-49de-9be4-7ae556dd2030-groupManagement] INFO  server.RaftServerConfigKeys (ConfUtils.java:logGet(46)) - raft.server.log.unsafe-flush.enabled = false (default)
2023-11-03 16:42:45,603 [EventQueue-OpenPipelineForHealthyPipelineSafeModeRule] INFO  safemode.SCMSafeModeManager (HealthyPipelineSafeModeRule.java:process(137)) - SCM in safe mode. Healthy pipelines reported count is 0, required healthy pipeline reported count is 1
2023-11-03 16:42:45,605 [218a95d8-d531-49de-9be4-7ae556dd2030-groupManagement] INFO  server.RaftServerConfigKeys (ConfUtils.java:logGet(46)) - raft.server.log.async-flush.enabled = false (default)
2023-11-03 16:42:45,605 [218a95d8-d531-49de-9be4-7ae556dd2030-groupManagement] INFO  server.RaftServerConfigKeys (ConfUtils.java:logGet(46)) - raft.server.log.statemachine.data.caching.enabled = true (custom)
2023-11-03 16:42:45,606 [218a95d8-d531-49de-9be4-7ae556dd2030-groupManagement] INFO  segmented.SegmentedRaftLogWorker (SegmentedRaftLogWorker.java:lambda$new$0(135)) - 218a95d8-d531-49de-9be4-7ae556dd2030@group-099E554763CE-SegmentedRaftLogWorker: flushIndex: setUnconditionally 0 -> -1
2023-11-03 16:42:45,606 [218a95d8-d531-49de-9be4-7ae556dd2030-groupManagement] INFO  segmented.SegmentedRaftLogWorker (SegmentedRaftLogWorker.java:lambda$new$0(135)) - 218a95d8-d531-49de-9be4-7ae556dd2030@group-099E554763CE-SegmentedRaftLogWorker: safeCacheEvictIndex: setUnconditionally 0 -> -1
2023-11-03 16:42:45,606 [218a95d8-d531-49de-9be4-7ae556dd2030-groupManagement] INFO  server.RaftServer$Division (RaftServerImpl.java:start(342)) - 218a95d8-d531-49de-9be4-7ae556dd2030@group-099E554763CE: start as a follower, conf=-1: peers:[218a95d8-d531-49de-9be4-7ae556dd2030|rpc:10.1.0.19:15023|admin:10.1.0.19:15022|client:10.1.0.19:15021|dataStream:10.1.0.19:15024|priority:0|startupRole:FOLLOWER, 84f1a9c9-622e-41e0-8205-2fe147efcf79|rpc:10.1.0.19:15014|admin:10.1.0.19:15013|client:10.1.0.19:15012|dataStream:10.1.0.19:15015|priority:1|startupRole:FOLLOWER, ffeddd1f-af09-4c2e-97a1-be5caae46423|rpc:10.1.0.19:15032|admin:10.1.0.19:15031|client:10.1.0.19:15030|dataStream:10.1.0.19:15033|priority:0|startupRole:FOLLOWER]|listeners:[], old=null
2023-11-03 16:42:45,606 [218a95d8-d531-49de-9be4-7ae556dd2030-groupManagement] INFO  server.RaftServer$Division (RaftServerImpl.java:setRole(329)) - 218a95d8-d531-49de-9be4-7ae556dd2030@group-099E554763CE: changes role from      null to FOLLOWER at term 0 for startAsFollower
2023-11-03 16:42:45,606 [218a95d8-d531-49de-9be4-7ae556dd2030-groupManagement] INFO  impl.RoleInfo (RoleInfo.java:updateAndGet(139)) - 218a95d8-d531-49de-9be4-7ae556dd2030: start 218a95d8-d531-49de-9be4-7ae556dd2030@group-099E554763CE-FollowerState
2023-11-03 16:42:45,608 [218a95d8-d531-49de-9be4-7ae556dd2030-groupManagement] INFO  util.JmxRegister (JmxRegister.java:tryRegister(44)) - Successfully registered JMX Bean with object name Ratis:service=RaftServer,group=group-099E554763CE,id=218a95d8-d531-49de-9be4-7ae556dd2030
2023-11-03 16:42:45,609 [84f1a9c9-622e-41e0-8205-2fe147efcf79-groupManagement] INFO  server.RaftServerConfigKeys (ConfUtils.java:logGet(46)) - raft.server.log.unsafe-flush.enabled = false (default)
2023-11-03 16:42:45,614 [ffeddd1f-af09-4c2e-97a1-be5caae46423-groupManagement] INFO  server.RaftServerConfigKeys (ConfUtils.java:logGet(46)) - raft.server.log.unsafe-flush.enabled = false (default)
2023-11-03 16:42:45,614 [ffeddd1f-af09-4c2e-97a1-be5caae46423-groupManagement] INFO  server.RaftServerConfigKeys (ConfUtils.java:logGet(46)) - raft.server.log.async-flush.enabled = false (default)
2023-11-03 16:42:45,614 [ffeddd1f-af09-4c2e-97a1-be5caae46423-groupManagement] INFO  server.RaftServerConfigKeys (ConfUtils.java:logGet(46)) - raft.server.log.statemachine.data.caching.enabled = true (custom)
2023-11-03 16:42:45,614 [ffeddd1f-af09-4c2e-97a1-be5caae46423-groupManagement] INFO  segmented.SegmentedRaftLogWorker (SegmentedRaftLogWorker.java:lambda$new$0(135)) - ffeddd1f-af09-4c2e-97a1-be5caae46423@group-099E554763CE-SegmentedRaftLogWorker: flushIndex: setUnconditionally 0 -> -1
2023-11-03 16:42:45,614 [ffeddd1f-af09-4c2e-97a1-be5caae46423-groupManagement] INFO  segmented.SegmentedRaftLogWorker (SegmentedRaftLogWorker.java:lambda$new$0(135)) - ffeddd1f-af09-4c2e-97a1-be5caae46423@group-099E554763CE-SegmentedRaftLogWorker: safeCacheEvictIndex: setUnconditionally 0 -> -1
2023-11-03 16:42:45,608 [218a95d8-d531-49de-9be4-7ae556dd2030@group-099E554763CE-FollowerState] INFO  server.RaftServerConfigKeys (ConfUtils.java:logFallback(53)) - raft.server.rpc.first-election.timeout.min = 5s (fallback to raft.server.rpc.timeout.min)
2023-11-03 16:42:45,616 [ffeddd1f-af09-4c2e-97a1-be5caae46423-groupManagement] INFO  server.RaftServer$Division (RaftServerImpl.java:start(342)) - ffeddd1f-af09-4c2e-97a1-be5caae46423@group-099E554763CE: start as a follower, conf=-1: peers:[218a95d8-d531-49de-9be4-7ae556dd2030|rpc:10.1.0.19:15023|admin:10.1.0.19:15022|client:10.1.0.19:15021|dataStream:10.1.0.19:15024|priority:0|startupRole:FOLLOWER, 84f1a9c9-622e-41e0-8205-2fe147efcf79|rpc:10.1.0.19:15014|admin:10.1.0.19:15013|client:10.1.0.19:15012|dataStream:10.1.0.19:15015|priority:1|startupRole:FOLLOWER, ffeddd1f-af09-4c2e-97a1-be5caae46423|rpc:10.1.0.19:15032|admin:10.1.0.19:15031|client:10.1.0.19:15030|dataStream:10.1.0.19:15033|priority:0|startupRole:FOLLOWER]|listeners:[], old=null
2023-11-03 16:42:45,615 [218a95d8-d531-49de-9be4-7ae556dd2030-groupManagement] INFO  server.RaftServerConfigKeys (ConfUtils.java:logGet(46)) - raft.server.snapshot.auto.trigger.enabled = true (custom)
2023-11-03 16:42:45,616 [218a95d8-d531-49de-9be4-7ae556dd2030@group-099E554763CE-FollowerState] INFO  server.RaftServerConfigKeys (ConfUtils.java:logFallback(53)) - raft.server.rpc.first-election.timeout.max = 5200ms (fallback to raft.server.rpc.timeout.max)
2023-11-03 16:42:45,614 [84f1a9c9-622e-41e0-8205-2fe147efcf79-groupManagement] INFO  server.RaftServerConfigKeys (ConfUtils.java:logGet(46)) - raft.server.log.async-flush.enabled = false (default)
2023-11-03 16:42:45,617 [84f1a9c9-622e-41e0-8205-2fe147efcf79-groupManagement] INFO  server.RaftServerConfigKeys (ConfUtils.java:logGet(46)) - raft.server.log.statemachine.data.caching.enabled = true (custom)
2023-11-03 16:42:45,618 [84f1a9c9-622e-41e0-8205-2fe147efcf79-groupManagement] INFO  segmented.SegmentedRaftLogWorker (SegmentedRaftLogWorker.java:lambda$new$0(135)) - 84f1a9c9-622e-41e0-8205-2fe147efcf79@group-099E554763CE-SegmentedRaftLogWorker: flushIndex: setUnconditionally 0 -> -1
2023-11-03 16:42:45,618 [84f1a9c9-622e-41e0-8205-2fe147efcf79-groupManagement] INFO  segmented.SegmentedRaftLogWorker (SegmentedRaftLogWorker.java:lambda$new$0(135)) - 84f1a9c9-622e-41e0-8205-2fe147efcf79@group-099E554763CE-SegmentedRaftLogWorker: safeCacheEvictIndex: setUnconditionally 0 -> -1
2023-11-03 16:42:45,616 [218a95d8-d531-49de-9be4-7ae556dd2030-groupManagement] INFO  server.RaftServerConfigKeys (ConfUtils.java:logGet(46)) - raft.server.snapshot.auto.trigger.threshold = 10000 (custom)
2023-11-03 16:42:45,616 [ffeddd1f-af09-4c2e-97a1-be5caae46423-groupManagement] INFO  server.RaftServer$Division (RaftServerImpl.java:setRole(329)) - ffeddd1f-af09-4c2e-97a1-be5caae46423@group-099E554763CE: changes role from      null to FOLLOWER at term 0 for startAsFollower
2023-11-03 16:42:45,618 [84f1a9c9-622e-41e0-8205-2fe147efcf79-groupManagement] INFO  server.RaftServer$Division (RaftServerImpl.java:start(342)) - 84f1a9c9-622e-41e0-8205-2fe147efcf79@group-099E554763CE: start as a follower, conf=-1: peers:[218a95d8-d531-49de-9be4-7ae556dd2030|rpc:10.1.0.19:15023|admin:10.1.0.19:15022|client:10.1.0.19:15021|dataStream:10.1.0.19:15024|priority:0|startupRole:FOLLOWER, 84f1a9c9-622e-41e0-8205-2fe147efcf79|rpc:10.1.0.19:15014|admin:10.1.0.19:15013|client:10.1.0.19:15012|dataStream:10.1.0.19:15015|priority:1|startupRole:FOLLOWER, ffeddd1f-af09-4c2e-97a1-be5caae46423|rpc:10.1.0.19:15032|admin:10.1.0.19:15031|client:10.1.0.19:15030|dataStream:10.1.0.19:15033|priority:0|startupRole:FOLLOWER]|listeners:[], old=null
2023-11-03 16:42:45,618 [ffeddd1f-af09-4c2e-97a1-be5caae46423-groupManagement] INFO  impl.RoleInfo (RoleInfo.java:updateAndGet(139)) - ffeddd1f-af09-4c2e-97a1-be5caae46423: start ffeddd1f-af09-4c2e-97a1-be5caae46423@group-099E554763CE-FollowerState
2023-11-03 16:42:45,618 [218a95d8-d531-49de-9be4-7ae556dd2030-groupManagement] INFO  server.RaftServerConfigKeys (ConfUtils.java:logGet(46)) - raft.server.snapshot.retention.file.num = 5 (custom)
2023-11-03 16:42:45,620 [218a95d8-d531-49de-9be4-7ae556dd2030-groupManagement] INFO  server.RaftServerConfigKeys (ConfUtils.java:logGet(46)) - raft.server.log.purge.upto.snapshot.index = false (default)
2023-11-03 16:42:45,621 [ffeddd1f-af09-4c2e-97a1-be5caae46423-groupManagement] INFO  util.JmxRegister (JmxRegister.java:tryRegister(44)) - Successfully registered JMX Bean with object name Ratis:service=RaftServer,group=group-099E554763CE,id=ffeddd1f-af09-4c2e-97a1-be5caae46423
2023-11-03 16:42:45,621 [ffeddd1f-af09-4c2e-97a1-be5caae46423-groupManagement] INFO  server.RaftServerConfigKeys (ConfUtils.java:logGet(46)) - raft.server.snapshot.auto.trigger.enabled = true (custom)
2023-11-03 16:42:45,618 [84f1a9c9-622e-41e0-8205-2fe147efcf79-groupManagement] INFO  server.RaftServer$Division (RaftServerImpl.java:setRole(329)) - 84f1a9c9-622e-41e0-8205-2fe147efcf79@group-099E554763CE: changes role from      null to FOLLOWER at term 0 for startAsFollower
2023-11-03 16:42:45,621 [ffeddd1f-af09-4c2e-97a1-be5caae46423-groupManagement] INFO  server.RaftServerConfigKeys (ConfUtils.java:logGet(46)) - raft.server.snapshot.auto.trigger.threshold = 10000 (custom)
2023-11-03 16:42:45,621 [ffeddd1f-af09-4c2e-97a1-be5caae46423-groupManagement] INFO  server.RaftServerConfigKeys (ConfUtils.java:logGet(46)) - raft.server.snapshot.retention.file.num = 5 (custom)
2023-11-03 16:42:45,621 [ffeddd1f-af09-4c2e-97a1-be5caae46423-groupManagement] INFO  server.RaftServerConfigKeys (ConfUtils.java:logGet(46)) - raft.server.log.purge.upto.snapshot.index = false (default)
2023-11-03 16:42:45,621 [218a95d8-d531-49de-9be4-7ae556dd2030-PipelineCommandHandlerThread-0] INFO  ratis.XceiverServerRatis (XceiverServerRatis.java:addGroup(805)) - Created group PipelineID=74fe60c7-5b3a-41e9-b88e-099e554763ce
2023-11-03 16:42:45,622 [ffeddd1f-af09-4c2e-97a1-be5caae46423@group-099E554763CE-FollowerState] INFO  server.RaftServerConfigKeys (ConfUtils.java:logFallback(53)) - raft.server.rpc.first-election.timeout.min = 5s (fallback to raft.server.rpc.timeout.min)
2023-11-03 16:42:45,623 [ffeddd1f-af09-4c2e-97a1-be5caae46423@group-099E554763CE-FollowerState] INFO  server.RaftServerConfigKeys (ConfUtils.java:logFallback(53)) - raft.server.rpc.first-election.timeout.max = 5200ms (fallback to raft.server.rpc.timeout.max)
2023-11-03 16:42:45,624 [84f1a9c9-622e-41e0-8205-2fe147efcf79-groupManagement] INFO  impl.RoleInfo (RoleInfo.java:updateAndGet(139)) - 84f1a9c9-622e-41e0-8205-2fe147efcf79: start 84f1a9c9-622e-41e0-8205-2fe147efcf79@group-099E554763CE-FollowerState
2023-11-03 16:42:45,624 [ffeddd1f-af09-4c2e-97a1-be5caae46423-PipelineCommandHandlerThread-0] INFO  ratis.XceiverServerRatis (XceiverServerRatis.java:addGroup(805)) - Created group PipelineID=74fe60c7-5b3a-41e9-b88e-099e554763ce
2023-11-03 16:42:45,628 [84f1a9c9-622e-41e0-8205-2fe147efcf79-groupManagement] INFO  util.JmxRegister (JmxRegister.java:tryRegister(44)) - Successfully registered JMX Bean with object name Ratis:service=RaftServer,group=group-099E554763CE,id=84f1a9c9-622e-41e0-8205-2fe147efcf79
2023-11-03 16:42:45,628 [84f1a9c9-622e-41e0-8205-2fe147efcf79-groupManagement] INFO  server.RaftServerConfigKeys (ConfUtils.java:logGet(46)) - raft.server.snapshot.auto.trigger.enabled = true (custom)
2023-11-03 16:42:45,628 [84f1a9c9-622e-41e0-8205-2fe147efcf79-groupManagement] INFO  server.RaftServerConfigKeys (ConfUtils.java:logGet(46)) - raft.server.snapshot.auto.trigger.threshold = 10000 (custom)
2023-11-03 16:42:45,628 [84f1a9c9-622e-41e0-8205-2fe147efcf79-groupManagement] INFO  server.RaftServerConfigKeys (ConfUtils.java:logGet(46)) - raft.server.snapshot.retention.file.num = 5 (custom)
2023-11-03 16:42:45,628 [84f1a9c9-622e-41e0-8205-2fe147efcf79-groupManagement] INFO  server.RaftServerConfigKeys (ConfUtils.java:logGet(46)) - raft.server.log.purge.upto.snapshot.index = false (default)
2023-11-03 16:42:45,629 [84f1a9c9-622e-41e0-8205-2fe147efcf79@group-099E554763CE-FollowerState] INFO  server.RaftServerConfigKeys (ConfUtils.java:logFallback(53)) - raft.server.rpc.first-election.timeout.min = 5s (fallback to raft.server.rpc.timeout.min)
2023-11-03 16:42:45,629 [84f1a9c9-622e-41e0-8205-2fe147efcf79@group-099E554763CE-FollowerState] INFO  server.RaftServerConfigKeys (ConfUtils.java:logFallback(53)) - raft.server.rpc.first-election.timeout.max = 5200ms (fallback to raft.server.rpc.timeout.max)
2023-11-03 16:42:45,635 [84f1a9c9-622e-41e0-8205-2fe147efcf79-PipelineCommandHandlerThread-0] INFO  ratis.XceiverServerRatis (XceiverServerRatis.java:addGroup(805)) - Created group PipelineID=74fe60c7-5b3a-41e9-b88e-099e554763ce
2023-11-03 16:42:45,780 [218a95d8-d531-49de-9be4-7ae556dd2030-PipelineCommandHandlerThread-0] INFO  commandhandler.CreatePipelineCommandHandler (CreatePipelineCommandHandler.java:lambda$handle$2(124)) - Created Pipeline RATIS THREE PipelineID=74fe60c7-5b3a-41e9-b88e-099e554763ce.
2023-11-03 16:42:45,793 [ffeddd1f-af09-4c2e-97a1-be5caae46423-PipelineCommandHandlerThread-0] INFO  commandhandler.CreatePipelineCommandHandler (CreatePipelineCommandHandler.java:lambda$handle$2(124)) - Created Pipeline RATIS THREE PipelineID=74fe60c7-5b3a-41e9-b88e-099e554763ce.
2023-11-03 16:42:45,801 [84f1a9c9-622e-41e0-8205-2fe147efcf79-PipelineCommandHandlerThread-0] INFO  commandhandler.CreatePipelineCommandHandler (CreatePipelineCommandHandler.java:lambda$handle$2(124)) - Created Pipeline RATIS THREE PipelineID=74fe60c7-5b3a-41e9-b88e-099e554763ce.
2023-11-03 16:42:46,250 [main] INFO  ozone.MiniOzoneClusterImpl (MiniOzoneClusterImpl.java:lambda$waitForClusterToBeReady$0(229)) - Nodes are ready. Got 5 of 5 DN Heartbeats.
2023-11-03 16:42:46,250 [main] INFO  ozone.MiniOzoneClusterImpl (MiniOzoneClusterImpl.java:lambda$waitForClusterToBeReady$0(232)) - Waiting for cluster to exit safe mode
2023-11-03 16:42:46,250 [main] INFO  ozone.MiniOzoneClusterImpl (MiniOzoneClusterImpl.java:lambda$waitForClusterToBeReady$0(234)) - SCM became leader
2023-11-03 16:42:47,251 [main] INFO  ozone.MiniOzoneClusterImpl (MiniOzoneClusterImpl.java:lambda$waitForClusterToBeReady$0(229)) - Nodes are ready. Got 5 of 5 DN Heartbeats.
2023-11-03 16:42:47,251 [main] INFO  ozone.MiniOzoneClusterImpl (MiniOzoneClusterImpl.java:lambda$waitForClusterToBeReady$0(232)) - Waiting for cluster to exit safe mode
2023-11-03 16:42:47,252 [main] INFO  ozone.MiniOzoneClusterImpl (MiniOzoneClusterImpl.java:lambda$waitForClusterToBeReady$0(234)) - SCM became leader
2023-11-03 16:42:48,252 [main] INFO  ozone.MiniOzoneClusterImpl (MiniOzoneClusterImpl.java:lambda$waitForClusterToBeReady$0(229)) - Nodes are ready. Got 5 of 5 DN Heartbeats.
2023-11-03 16:42:48,252 [main] INFO  ozone.MiniOzoneClusterImpl (MiniOzoneClusterImpl.java:lambda$waitForClusterToBeReady$0(232)) - Waiting for cluster to exit safe mode
2023-11-03 16:42:48,253 [main] INFO  ozone.MiniOzoneClusterImpl (MiniOzoneClusterImpl.java:lambda$waitForClusterToBeReady$0(234)) - SCM became leader
2023-11-03 16:42:49,253 [main] INFO  ozone.MiniOzoneClusterImpl (MiniOzoneClusterImpl.java:lambda$waitForClusterToBeReady$0(229)) - Nodes are ready. Got 5 of 5 DN Heartbeats.
2023-11-03 16:42:49,253 [main] INFO  ozone.MiniOzoneClusterImpl (MiniOzoneClusterImpl.java:lambda$waitForClusterToBeReady$0(232)) - Waiting for cluster to exit safe mode
2023-11-03 16:42:49,253 [main] INFO  ozone.MiniOzoneClusterImpl (MiniOzoneClusterImpl.java:lambda$waitForClusterToBeReady$0(234)) - SCM became leader
2023-11-03 16:42:49,383 [84f1a9c9-622e-41e0-8205-2fe147efcf79@group-F0C5CC291CC3-FollowerState] INFO  impl.FollowerState (FollowerState.java:run(143)) - 84f1a9c9-622e-41e0-8205-2fe147efcf79@group-F0C5CC291CC3-FollowerState: change to CANDIDATE, lastRpcElapsedTime:5188948238ns, electionTimeout:5188ms
2023-11-03 16:42:49,383 [84f1a9c9-622e-41e0-8205-2fe147efcf79@group-F0C5CC291CC3-FollowerState] INFO  impl.RoleInfo (RoleInfo.java:shutdownFollowerState(110)) - 84f1a9c9-622e-41e0-8205-2fe147efcf79: shutdown 84f1a9c9-622e-41e0-8205-2fe147efcf79@group-F0C5CC291CC3-FollowerState
2023-11-03 16:42:49,383 [84f1a9c9-622e-41e0-8205-2fe147efcf79@group-F0C5CC291CC3-FollowerState] INFO  server.RaftServer$Division (RaftServerImpl.java:setRole(329)) - 84f1a9c9-622e-41e0-8205-2fe147efcf79@group-F0C5CC291CC3: changes role from  FOLLOWER to CANDIDATE at term 0 for changeToCandidate
2023-11-03 16:42:49,385 [84f1a9c9-622e-41e0-8205-2fe147efcf79@group-F0C5CC291CC3-FollowerState] INFO  server.RaftServerConfigKeys (ConfUtils.java:logGet(46)) - raft.server.leaderelection.pre-vote = true (default)
2023-11-03 16:42:49,385 [84f1a9c9-622e-41e0-8205-2fe147efcf79@group-F0C5CC291CC3-FollowerState] INFO  impl.RoleInfo (RoleInfo.java:updateAndGet(139)) - 84f1a9c9-622e-41e0-8205-2fe147efcf79: start 84f1a9c9-622e-41e0-8205-2fe147efcf79@group-F0C5CC291CC3-LeaderElection2
2023-11-03 16:42:49,386 [84f1a9c9-622e-41e0-8205-2fe147efcf79@group-F0C5CC291CC3-LeaderElection2] INFO  impl.LeaderElection (LeaderElection.java:askForVotes(321)) - 84f1a9c9-622e-41e0-8205-2fe147efcf79@group-F0C5CC291CC3-LeaderElection2 PRE_VOTE round 0: submit vote requests at term 0 for -1: peers:[84f1a9c9-622e-41e0-8205-2fe147efcf79|rpc:10.1.0.19:15014|admin:10.1.0.19:15013|client:10.1.0.19:15012|dataStream:10.1.0.19:15015|priority:1|startupRole:FOLLOWER]|listeners:[], old=null
2023-11-03 16:42:49,387 [84f1a9c9-622e-41e0-8205-2fe147efcf79@group-F0C5CC291CC3-LeaderElection2] INFO  impl.LeaderElection (LeaderElection.java:askForVotes(323)) - 84f1a9c9-622e-41e0-8205-2fe147efcf79@group-F0C5CC291CC3-LeaderElection2 PRE_VOTE round 0: result PASSED (term=0)
2023-11-03 16:42:49,388 [84f1a9c9-622e-41e0-8205-2fe147efcf79@group-F0C5CC291CC3-LeaderElection2] INFO  impl.LeaderElection (LeaderElection.java:askForVotes(321)) - 84f1a9c9-622e-41e0-8205-2fe147efcf79@group-F0C5CC291CC3-LeaderElection2 ELECTION round 0: submit vote requests at term 1 for -1: peers:[84f1a9c9-622e-41e0-8205-2fe147efcf79|rpc:10.1.0.19:15014|admin:10.1.0.19:15013|client:10.1.0.19:15012|dataStream:10.1.0.19:15015|priority:1|startupRole:FOLLOWER]|listeners:[], old=null
2023-11-03 16:42:49,389 [84f1a9c9-622e-41e0-8205-2fe147efcf79@group-F0C5CC291CC3-LeaderElection2] INFO  impl.LeaderElection (LeaderElection.java:askForVotes(323)) - 84f1a9c9-622e-41e0-8205-2fe147efcf79@group-F0C5CC291CC3-LeaderElection2 ELECTION round 0: result PASSED (term=1)
2023-11-03 16:42:49,389 [84f1a9c9-622e-41e0-8205-2fe147efcf79@group-F0C5CC291CC3-LeaderElection2] INFO  impl.RoleInfo (RoleInfo.java:shutdownLeaderElection(130)) - 84f1a9c9-622e-41e0-8205-2fe147efcf79: shutdown 84f1a9c9-622e-41e0-8205-2fe147efcf79@group-F0C5CC291CC3-LeaderElection2
2023-11-03 16:42:49,389 [84f1a9c9-622e-41e0-8205-2fe147efcf79@group-F0C5CC291CC3-LeaderElection2] INFO  server.RaftServer$Division (RaftServerImpl.java:setRole(329)) - 84f1a9c9-622e-41e0-8205-2fe147efcf79@group-F0C5CC291CC3: changes role from CANDIDATE to LEADER at term 1 for changeToLeader
2023-11-03 16:42:49,389 [84f1a9c9-622e-41e0-8205-2fe147efcf79@group-F0C5CC291CC3-LeaderElection2] INFO  ratis.XceiverServerRatis (XceiverServerRatis.java:handleLeaderChangedNotification(903)) - Leader change notification received for group: group-F0C5CC291CC3 with new leaderId: 84f1a9c9-622e-41e0-8205-2fe147efcf79
2023-11-03 16:42:49,389 [84f1a9c9-622e-41e0-8205-2fe147efcf79@group-F0C5CC291CC3-LeaderElection2] INFO  server.RaftServer$Division (ServerState.java:setLeader(317)) - 84f1a9c9-622e-41e0-8205-2fe147efcf79@group-F0C5CC291CC3: change Leader from null to 84f1a9c9-622e-41e0-8205-2fe147efcf79 at term 1 for becomeLeader, leader elected after 5268ms
2023-11-03 16:42:49,389 [84f1a9c9-622e-41e0-8205-2fe147efcf79@group-F0C5CC291CC3-LeaderElection2] INFO  server.RaftServerConfigKeys (ConfUtils.java:logGet(46)) - raft.server.staging.catchup.gap = 1000 (default)
2023-11-03 16:42:49,390 [84f1a9c9-622e-41e0-8205-2fe147efcf79@group-F0C5CC291CC3-LeaderElection2] INFO  server.RaftServerConfigKeys (ConfUtils.java:logGet(46)) - raft.server.write.element-limit = 1024 (custom)
2023-11-03 16:42:49,392 [EventQueue-OpenPipelineForHealthyPipelineSafeModeRule] INFO  safemode.SCMSafeModeManager (HealthyPipelineSafeModeRule.java:process(137)) - SCM in safe mode. Healthy pipelines reported count is 0, required healthy pipeline reported count is 1
2023-11-03 16:42:49,392 [84f1a9c9-622e-41e0-8205-2fe147efcf79@group-F0C5CC291CC3-LeaderElection2] INFO  server.RaftServerConfigKeys (ConfUtils.java:logGet(46)) - raft.server.write.byte-limit = 1024 M (=1073741824) (custom)
2023-11-03 16:42:49,393 [84f1a9c9-622e-41e0-8205-2fe147efcf79@group-F0C5CC291CC3-LeaderElection2] INFO  server.RaftServerConfigKeys (ConfUtils.java:logGet(46)) - raft.server.watch.timeout = 180s (custom)
2023-11-03 16:42:49,393 [84f1a9c9-622e-41e0-8205-2fe147efcf79@group-F0C5CC291CC3-LeaderElection2] INFO  server.RaftServerConfigKeys (ConfUtils.java:logGet(46)) - raft.server.watch.timeout.denomination = 1s (default)
2023-11-03 16:42:49,393 [84f1a9c9-622e-41e0-8205-2fe147efcf79@group-F0C5CC291CC3-LeaderElection2] INFO  server.RaftServerConfigKeys (ConfUtils.java:logGet(46)) - raft.server.watch.element-limit = 65536 (default)
2023-11-03 16:42:49,393 [84f1a9c9-622e-41e0-8205-2fe147efcf79@group-F0C5CC291CC3-LeaderElection2] INFO  server.RaftServerConfigKeys (ConfUtils.java:logGet(46)) - raft.server.write.element-limit = 1024 (custom)
2023-11-03 16:42:49,393 [84f1a9c9-622e-41e0-8205-2fe147efcf79@group-F0C5CC291CC3-LeaderElection2] INFO  server.RaftServerConfigKeys (ConfUtils.java:logGet(46)) - raft.server.write.follower.gap.ratio.max = -1.0 (default)
2023-11-03 16:42:49,393 [84f1a9c9-622e-41e0-8205-2fe147efcf79@group-F0C5CC291CC3-LeaderElection2] INFO  impl.RoleInfo (RoleInfo.java:updateAndGet(139)) - 84f1a9c9-622e-41e0-8205-2fe147efcf79: start 84f1a9c9-622e-41e0-8205-2fe147efcf79@group-F0C5CC291CC3-LeaderStateImpl
2023-11-03 16:42:49,394 [84f1a9c9-622e-41e0-8205-2fe147efcf79@group-F0C5CC291CC3-LeaderElection2] INFO  segmented.SegmentedRaftLogWorker (SegmentedRaftLogWorker.java:startLogSegment(447)) - 84f1a9c9-622e-41e0-8205-2fe147efcf79@group-F0C5CC291CC3-SegmentedRaftLogWorker: Starting segment from index:0
2023-11-03 16:42:49,397 [84f1a9c9-622e-41e0-8205-2fe147efcf79@group-F0C5CC291CC3-LeaderElection2] INFO  server.RaftServer$Division (ServerState.java:setRaftConf(434)) - 84f1a9c9-622e-41e0-8205-2fe147efcf79@group-F0C5CC291CC3: set configuration 0: peers:[84f1a9c9-622e-41e0-8205-2fe147efcf79|rpc:10.1.0.19:15014|admin:10.1.0.19:15013|client:10.1.0.19:15012|dataStream:10.1.0.19:15015|priority:1|startupRole:FOLLOWER]|listeners:[], old=null
2023-11-03 16:42:49,397 [84f1a9c9-622e-41e0-8205-2fe147efcf79@group-F0C5CC291CC3-SegmentedRaftLogWorker] INFO  segmented.SegmentedRaftLogWorker (SegmentedRaftLogWorker.java:execute(651)) - 84f1a9c9-622e-41e0-8205-2fe147efcf79@group-F0C5CC291CC3-SegmentedRaftLogWorker: created new log segment /home/runner/work/ozone/ozone/hadoop-ozone/integration-test/target/test-dir/MiniOzoneClusterImpl-7c6973ba-416f-441c-aeb4-54a4245b8bbd/datanode-0/data/ratis/a56c5482-622e-4be9-ace7-f0c5cc291cc3/current/log_inprogress_0
2023-11-03 16:42:49,468 [84f1a9c9-622e-41e0-8205-2fe147efcf79@group-36F0C8D693BC-FollowerState] INFO  impl.FollowerState (FollowerState.java:run(143)) - 84f1a9c9-622e-41e0-8205-2fe147efcf79@group-36F0C8D693BC-FollowerState: change to CANDIDATE, lastRpcElapsedTime:5198009851ns, electionTimeout:5193ms
2023-11-03 16:42:49,470 [84f1a9c9-622e-41e0-8205-2fe147efcf79@group-36F0C8D693BC-FollowerState] INFO  impl.RoleInfo (RoleInfo.java:shutdownFollowerState(110)) - 84f1a9c9-622e-41e0-8205-2fe147efcf79: shutdown 84f1a9c9-622e-41e0-8205-2fe147efcf79@group-36F0C8D693BC-FollowerState
2023-11-03 16:42:49,470 [84f1a9c9-622e-41e0-8205-2fe147efcf79@group-36F0C8D693BC-FollowerState] INFO  server.RaftServer$Division (RaftServerImpl.java:setRole(329)) - 84f1a9c9-622e-41e0-8205-2fe147efcf79@group-36F0C8D693BC: changes role from  FOLLOWER to CANDIDATE at term 0 for changeToCandidate
2023-11-03 16:42:49,472 [84f1a9c9-622e-41e0-8205-2fe147efcf79@group-36F0C8D693BC-FollowerState] INFO  server.RaftServerConfigKeys (ConfUtils.java:logGet(46)) - raft.server.leaderelection.pre-vote = true (default)
2023-11-03 16:42:49,472 [84f1a9c9-622e-41e0-8205-2fe147efcf79@group-36F0C8D693BC-FollowerState] INFO  impl.RoleInfo (RoleInfo.java:updateAndGet(139)) - 84f1a9c9-622e-41e0-8205-2fe147efcf79: start 84f1a9c9-622e-41e0-8205-2fe147efcf79@group-36F0C8D693BC-LeaderElection3
2023-11-03 16:42:49,475 [84f1a9c9-622e-41e0-8205-2fe147efcf79@group-36F0C8D693BC-LeaderElection3] INFO  impl.LeaderElection (LeaderElection.java:askForVotes(321)) - 84f1a9c9-622e-41e0-8205-2fe147efcf79@group-36F0C8D693BC-LeaderElection3 PRE_VOTE round 0: submit vote requests at term 0 for -1: peers:[218a95d8-d531-49de-9be4-7ae556dd2030|rpc:10.1.0.19:15023|admin:10.1.0.19:15022|client:10.1.0.19:15021|dataStream:10.1.0.19:15024|priority:1|startupRole:FOLLOWER, 84f1a9c9-622e-41e0-8205-2fe147efcf79|rpc:10.1.0.19:15014|admin:10.1.0.19:15013|client:10.1.0.19:15012|dataStream:10.1.0.19:15015|priority:0|startupRole:FOLLOWER, ffeddd1f-af09-4c2e-97a1-be5caae46423|rpc:10.1.0.19:15032|admin:10.1.0.19:15031|client:10.1.0.19:15030|dataStream:10.1.0.19:15033|priority:0|startupRole:FOLLOWER]|listeners:[], old=null
2023-11-03 16:42:49,483 [84f1a9c9-622e-41e0-8205-2fe147efcf79@group-36F0C8D693BC-LeaderElection3-1] INFO  server.GrpcServerProtocolClient (GrpcServerProtocolClient.java:<init>(65)) - Build channel for 218a95d8-d531-49de-9be4-7ae556dd2030
2023-11-03 16:42:49,487 [84f1a9c9-622e-41e0-8205-2fe147efcf79@group-36F0C8D693BC-LeaderElection3] INFO  server.RaftServerConfigKeys (ConfUtils.java:logFallback(53)) - raft.server.rpc.first-election.timeout.min = 5s (fallback to raft.server.rpc.timeout.min)
2023-11-03 16:42:49,490 [84f1a9c9-622e-41e0-8205-2fe147efcf79@group-36F0C8D693BC-LeaderElection3] INFO  server.RaftServerConfigKeys (ConfUtils.java:logFallback(53)) - raft.server.rpc.first-election.timeout.max = 5200ms (fallback to raft.server.rpc.timeout.max)
2023-11-03 16:42:49,492 [84f1a9c9-622e-41e0-8205-2fe147efcf79@group-36F0C8D693BC-LeaderElection3-2] INFO  server.GrpcServerProtocolClient (GrpcServerProtocolClient.java:<init>(65)) - Build channel for ffeddd1f-af09-4c2e-97a1-be5caae46423
2023-11-03 16:42:49,509 [grpc-default-executor-1] INFO  server.RaftServer$Division (RaftServerImpl.java:requestVote(1302)) - 218a95d8-d531-49de-9be4-7ae556dd2030@group-36F0C8D693BC: receive requestVote(PRE_VOTE, 84f1a9c9-622e-41e0-8205-2fe147efcf79, group-36F0C8D693BC, 0, (t:0, i:0))
2023-11-03 16:42:49,511 [grpc-default-executor-1] INFO  impl.VoteContext (VoteContext.java:log(49)) - 218a95d8-d531-49de-9be4-7ae556dd2030@group-36F0C8D693BC-FOLLOWER: reject PRE_VOTE from 84f1a9c9-622e-41e0-8205-2fe147efcf79: our priority 1 > candidate's priority 0
2023-11-03 16:42:49,517 [grpc-default-executor-1] INFO  server.RaftServer$Division (RaftServerImpl.java:requestVote(1335)) - 218a95d8-d531-49de-9be4-7ae556dd2030@group-36F0C8D693BC replies to PRE_VOTE vote request: 84f1a9c9-622e-41e0-8205-2fe147efcf79<-218a95d8-d531-49de-9be4-7ae556dd2030#0:FAIL-t0. Peer's state: 218a95d8-d531-49de-9be4-7ae556dd2030@group-36F0C8D693BC:t0, leader=null, voted=, raftlog=Memoized:218a95d8-d531-49de-9be4-7ae556dd2030@group-36F0C8D693BC-SegmentedRaftLog:OPENED:c-1, conf=-1: peers:[218a95d8-d531-49de-9be4-7ae556dd2030|rpc:10.1.0.19:15023|admin:10.1.0.19:15022|client:10.1.0.19:15021|dataStream:10.1.0.19:15024|priority:1|startupRole:FOLLOWER, 84f1a9c9-622e-41e0-8205-2fe147efcf79|rpc:10.1.0.19:15014|admin:10.1.0.19:15013|client:10.1.0.19:15012|dataStream:10.1.0.19:15015|priority:0|startupRole:FOLLOWER, ffeddd1f-af09-4c2e-97a1-be5caae46423|rpc:10.1.0.19:15032|admin:10.1.0.19:15031|client:10.1.0.19:15030|dataStream:10.1.0.19:15033|priority:0|startupRole:FOLLOWER]|listeners:[], old=null
2023-11-03 16:42:49,528 [84f1a9c9-622e-41e0-8205-2fe147efcf79@group-36F0C8D693BC-LeaderElection3] INFO  impl.LeaderElection (LeaderElection.java:logAndReturn(90)) - 84f1a9c9-622e-41e0-8205-2fe147efcf79@group-36F0C8D693BC-LeaderElection3: PRE_VOTE REJECTED received 1 response(s) and 0 exception(s):
2023-11-03 16:42:49,528 [84f1a9c9-622e-41e0-8205-2fe147efcf79@group-36F0C8D693BC-LeaderElection3] INFO  impl.LeaderElection (LeaderElection.java:logAndReturn(94)) -   Response 0: 84f1a9c9-622e-41e0-8205-2fe147efcf79<-218a95d8-d531-49de-9be4-7ae556dd2030#0:FAIL-t0
2023-11-03 16:42:49,528 [84f1a9c9-622e-41e0-8205-2fe147efcf79@group-36F0C8D693BC-LeaderElection3] INFO  impl.LeaderElection (LeaderElection.java:askForVotes(323)) - 84f1a9c9-622e-41e0-8205-2fe147efcf79@group-36F0C8D693BC-LeaderElection3 PRE_VOTE round 0: result REJECTED
2023-11-03 16:42:49,528 [84f1a9c9-622e-41e0-8205-2fe147efcf79@group-36F0C8D693BC-LeaderElection3] INFO  server.RaftServer$Division (RaftServerImpl.java:setRole(329)) - 84f1a9c9-622e-41e0-8205-2fe147efcf79@group-36F0C8D693BC: changes role from CANDIDATE to FOLLOWER at term 0 for REJECTED
2023-11-03 16:42:49,528 [84f1a9c9-622e-41e0-8205-2fe147efcf79@group-36F0C8D693BC-LeaderElection3] INFO  impl.RoleInfo (RoleInfo.java:shutdownLeaderElection(130)) - 84f1a9c9-622e-41e0-8205-2fe147efcf79: shutdown 84f1a9c9-622e-41e0-8205-2fe147efcf79@group-36F0C8D693BC-LeaderElection3
2023-11-03 16:42:49,529 [84f1a9c9-622e-41e0-8205-2fe147efcf79@group-36F0C8D693BC-LeaderElection3] INFO  impl.RoleInfo (RoleInfo.java:updateAndGet(139)) - 84f1a9c9-622e-41e0-8205-2fe147efcf79: start 84f1a9c9-622e-41e0-8205-2fe147efcf79@group-36F0C8D693BC-FollowerState
2023-11-03 16:42:49,538 [grpc-default-executor-1] INFO  server.RaftServer$Division (RaftServerImpl.java:requestVote(1302)) - ffeddd1f-af09-4c2e-97a1-be5caae46423@group-36F0C8D693BC: receive requestVote(PRE_VOTE, 84f1a9c9-622e-41e0-8205-2fe147efcf79, group-36F0C8D693BC, 0, (t:0, i:0))
2023-11-03 16:42:49,539 [grpc-default-executor-1] INFO  impl.VoteContext (VoteContext.java:log(49)) - ffeddd1f-af09-4c2e-97a1-be5caae46423@group-36F0C8D693BC-FOLLOWER: accept PRE_VOTE from 84f1a9c9-622e-41e0-8205-2fe147efcf79: our priority 0 <= candidate's priority 0
2023-11-03 16:42:49,543 [grpc-default-executor-1] INFO  server.RaftServer$Division (RaftServerImpl.java:requestVote(1335)) - ffeddd1f-af09-4c2e-97a1-be5caae46423@group-36F0C8D693BC replies to PRE_VOTE vote request: 84f1a9c9-622e-41e0-8205-2fe147efcf79<-ffeddd1f-af09-4c2e-97a1-be5caae46423#0:OK-t0. Peer's state: ffeddd1f-af09-4c2e-97a1-be5caae46423@group-36F0C8D693BC:t0, leader=null, voted=, raftlog=Memoized:ffeddd1f-af09-4c2e-97a1-be5caae46423@group-36F0C8D693BC-SegmentedRaftLog:OPENED:c-1, conf=-1: peers:[218a95d8-d531-49de-9be4-7ae556dd2030|rpc:10.1.0.19:15023|admin:10.1.0.19:15022|client:10.1.0.19:15021|dataStream:10.1.0.19:15024|priority:1|startupRole:FOLLOWER, 84f1a9c9-622e-41e0-8205-2fe147efcf79|rpc:10.1.0.19:15014|admin:10.1.0.19:15013|client:10.1.0.19:15012|dataStream:10.1.0.19:15015|priority:0|startupRole:FOLLOWER, ffeddd1f-af09-4c2e-97a1-be5caae46423|rpc:10.1.0.19:15032|admin:10.1.0.19:15031|client:10.1.0.19:15030|dataStream:10.1.0.19:15033|priority:0|startupRole:FOLLOWER]|listeners:[], old=null
2023-11-03 16:42:49,895 [218a95d8-d531-49de-9be4-7ae556dd2030@group-F75D13E3DDA0-FollowerState] INFO  impl.FollowerState (FollowerState.java:run(143)) - 218a95d8-d531-49de-9be4-7ae556dd2030@group-F75D13E3DDA0-FollowerState: change to CANDIDATE, lastRpcElapsedTime:5067480048ns, electionTimeout:5040ms
2023-11-03 16:42:49,895 [218a95d8-d531-49de-9be4-7ae556dd2030@group-F75D13E3DDA0-FollowerState] INFO  impl.RoleInfo (RoleInfo.java:shutdownFollowerState(110)) - 218a95d8-d531-49de-9be4-7ae556dd2030: shutdown 218a95d8-d531-49de-9be4-7ae556dd2030@group-F75D13E3DDA0-FollowerState
2023-11-03 16:42:49,895 [218a95d8-d531-49de-9be4-7ae556dd2030@group-F75D13E3DDA0-FollowerState] INFO  server.RaftServer$Division (RaftServerImpl.java:setRole(329)) - 218a95d8-d531-49de-9be4-7ae556dd2030@group-F75D13E3DDA0: changes role from  FOLLOWER to CANDIDATE at term 0 for changeToCandidate
2023-11-03 16:42:49,896 [218a95d8-d531-49de-9be4-7ae556dd2030@group-F75D13E3DDA0-FollowerState] INFO  server.RaftServerConfigKeys (ConfUtils.java:logGet(46)) - raft.server.leaderelection.pre-vote = true (default)
2023-11-03 16:42:49,897 [218a95d8-d531-49de-9be4-7ae556dd2030@group-F75D13E3DDA0-FollowerState] INFO  impl.RoleInfo (RoleInfo.java:updateAndGet(139)) - 218a95d8-d531-49de-9be4-7ae556dd2030: start 218a95d8-d531-49de-9be4-7ae556dd2030@group-F75D13E3DDA0-LeaderElection4
2023-11-03 16:42:49,899 [218a95d8-d531-49de-9be4-7ae556dd2030@group-F75D13E3DDA0-LeaderElection4] INFO  impl.LeaderElection (LeaderElection.java:askForVotes(321)) - 218a95d8-d531-49de-9be4-7ae556dd2030@group-F75D13E3DDA0-LeaderElection4 PRE_VOTE round 0: submit vote requests at term 0 for -1: peers:[218a95d8-d531-49de-9be4-7ae556dd2030|rpc:10.1.0.19:15023|admin:10.1.0.19:15022|client:10.1.0.19:15021|dataStream:10.1.0.19:15024|priority:1|startupRole:FOLLOWER]|listeners:[], old=null
2023-11-03 16:42:49,899 [218a95d8-d531-49de-9be4-7ae556dd2030@group-F75D13E3DDA0-LeaderElection4] INFO  impl.LeaderElection (LeaderElection.java:askForVotes(323)) - 218a95d8-d531-49de-9be4-7ae556dd2030@group-F75D13E3DDA0-LeaderElection4 PRE_VOTE round 0: result PASSED (term=0)
2023-11-03 16:42:49,901 [218a95d8-d531-49de-9be4-7ae556dd2030@group-F75D13E3DDA0-LeaderElection4] INFO  impl.LeaderElection (LeaderElection.java:askForVotes(321)) - 218a95d8-d531-49de-9be4-7ae556dd2030@group-F75D13E3DDA0-LeaderElection4 ELECTION round 0: submit vote requests at term 1 for -1: peers:[218a95d8-d531-49de-9be4-7ae556dd2030|rpc:10.1.0.19:15023|admin:10.1.0.19:15022|client:10.1.0.19:15021|dataStream:10.1.0.19:15024|priority:1|startupRole:FOLLOWER]|listeners:[], old=null
2023-11-03 16:42:49,901 [218a95d8-d531-49de-9be4-7ae556dd2030@group-F75D13E3DDA0-LeaderElection4] INFO  impl.LeaderElection (LeaderElection.java:askForVotes(323)) - 218a95d8-d531-49de-9be4-7ae556dd2030@group-F75D13E3DDA0-LeaderElection4 ELECTION round 0: result PASSED (term=1)
2023-11-03 16:42:49,901 [218a95d8-d531-49de-9be4-7ae556dd2030@group-F75D13E3DDA0-LeaderElection4] INFO  impl.RoleInfo (RoleInfo.java:shutdownLeaderElection(130)) - 218a95d8-d531-49de-9be4-7ae556dd2030: shutdown 218a95d8-d531-49de-9be4-7ae556dd2030@group-F75D13E3DDA0-LeaderElection4
2023-11-03 16:42:49,901 [218a95d8-d531-49de-9be4-7ae556dd2030@group-F75D13E3DDA0-LeaderElection4] INFO  server.RaftServer$Division (RaftServerImpl.java:setRole(329)) - 218a95d8-d531-49de-9be4-7ae556dd2030@group-F75D13E3DDA0: changes role from CANDIDATE to LEADER at term 1 for changeToLeader
2023-11-03 16:42:49,901 [218a95d8-d531-49de-9be4-7ae556dd2030@group-F75D13E3DDA0-LeaderElection4] INFO  ratis.XceiverServerRatis (XceiverServerRatis.java:handleLeaderChangedNotification(903)) - Leader change notification received for group: group-F75D13E3DDA0 with new leaderId: 218a95d8-d531-49de-9be4-7ae556dd2030
2023-11-03 16:42:49,902 [218a95d8-d531-49de-9be4-7ae556dd2030@group-F75D13E3DDA0-LeaderElection4] INFO  server.RaftServer$Division (ServerState.java:setLeader(317)) - 218a95d8-d531-49de-9be4-7ae556dd2030@group-F75D13E3DDA0: change Leader from null to 218a95d8-d531-49de-9be4-7ae556dd2030 at term 1 for becomeLeader, leader elected after 5117ms
2023-11-03 16:42:49,902 [218a95d8-d531-49de-9be4-7ae556dd2030@group-F75D13E3DDA0-LeaderElection4] INFO  server.RaftServerConfigKeys (ConfUtils.java:logGet(46)) - raft.server.staging.catchup.gap = 1000 (default)
2023-11-03 16:42:49,902 [218a95d8-d531-49de-9be4-7ae556dd2030@group-F75D13E3DDA0-LeaderElection4] INFO  server.RaftServerConfigKeys (ConfUtils.java:logGet(46)) - raft.server.write.element-limit = 1024 (custom)
2023-11-03 16:42:49,903 [218a95d8-d531-49de-9be4-7ae556dd2030@group-F75D13E3DDA0-LeaderElection4] INFO  server.RaftServerConfigKeys (ConfUtils.java:logGet(46)) - raft.server.write.byte-limit = 1024 M (=1073741824) (custom)
2023-11-03 16:42:49,903 [218a95d8-d531-49de-9be4-7ae556dd2030@group-F75D13E3DDA0-LeaderElection4] INFO  server.RaftServerConfigKeys (ConfUtils.java:logGet(46)) - raft.server.watch.timeout = 180s (custom)
2023-11-03 16:42:49,903 [218a95d8-d531-49de-9be4-7ae556dd2030@group-F75D13E3DDA0-LeaderElection4] INFO  server.RaftServerConfigKeys (ConfUtils.java:logGet(46)) - raft.server.watch.timeout.denomination = 1s (default)
2023-11-03 16:42:49,903 [218a95d8-d531-49de-9be4-7ae556dd2030@group-F75D13E3DDA0-LeaderElection4] INFO  server.RaftServerConfigKeys (ConfUtils.java:logGet(46)) - raft.server.watch.element-limit = 65536 (default)
2023-11-03 16:42:49,904 [218a95d8-d531-49de-9be4-7ae556dd2030@group-F75D13E3DDA0-LeaderElection4] INFO  server.RaftServerConfigKeys (ConfUtils.java:logGet(46)) - raft.server.write.element-limit = 1024 (custom)
2023-11-03 16:42:49,904 [218a95d8-d531-49de-9be4-7ae556dd2030@group-F75D13E3DDA0-LeaderElection4] INFO  server.RaftServerConfigKeys (ConfUtils.java:logGet(46)) - raft.server.write.follower.gap.ratio.max = -1.0 (default)
2023-11-03 16:42:49,904 [EventQueue-OpenPipelineForHealthyPipelineSafeModeRule] INFO  safemode.SCMSafeModeManager (HealthyPipelineSafeModeRule.java:process(137)) - SCM in safe mode. Healthy pipelines reported count is 0, required healthy pipeline reported count is 1
2023-11-03 16:42:49,904 [218a95d8-d531-49de-9be4-7ae556dd2030@group-F75D13E3DDA0-LeaderElection4] INFO  impl.RoleInfo (RoleInfo.java:updateAndGet(139)) - 218a95d8-d531-49de-9be4-7ae556dd2030: start 218a95d8-d531-49de-9be4-7ae556dd2030@group-F75D13E3DDA0-LeaderStateImpl
2023-11-03 16:42:49,905 [218a95d8-d531-49de-9be4-7ae556dd2030@group-F75D13E3DDA0-LeaderElection4] INFO  segmented.SegmentedRaftLogWorker (SegmentedRaftLogWorker.java:startLogSegment(447)) - 218a95d8-d531-49de-9be4-7ae556dd2030@group-F75D13E3DDA0-SegmentedRaftLogWorker: Starting segment from index:0
2023-11-03 16:42:49,910 [218a95d8-d531-49de-9be4-7ae556dd2030@group-F75D13E3DDA0-LeaderElection4] INFO  server.RaftServer$Division (ServerState.java:setRaftConf(434)) - 218a95d8-d531-49de-9be4-7ae556dd2030@group-F75D13E3DDA0: set configuration 0: peers:[218a95d8-d531-49de-9be4-7ae556dd2030|rpc:10.1.0.19:15023|admin:10.1.0.19:15022|client:10.1.0.19:15021|dataStream:10.1.0.19:15024|priority:1|startupRole:FOLLOWER]|listeners:[], old=null
2023-11-03 16:42:49,913 [218a95d8-d531-49de-9be4-7ae556dd2030@group-F75D13E3DDA0-SegmentedRaftLogWorker] INFO  segmented.SegmentedRaftLogWorker (SegmentedRaftLogWorker.java:execute(651)) - 218a95d8-d531-49de-9be4-7ae556dd2030@group-F75D13E3DDA0-SegmentedRaftLogWorker: created new log segment /home/runner/work/ozone/ozone/hadoop-ozone/integration-test/target/test-dir/MiniOzoneClusterImpl-7c6973ba-416f-441c-aeb4-54a4245b8bbd/datanode-1/data/ratis/811ecc0e-4736-46fb-a02f-f75d13e3dda0/current/log_inprogress_0
2023-11-03 16:42:50,071 [218a95d8-d531-49de-9be4-7ae556dd2030@group-36F0C8D693BC-FollowerState] INFO  impl.FollowerState (FollowerState.java:run(143)) - 218a95d8-d531-49de-9be4-7ae556dd2030@group-36F0C8D693BC-FollowerState: change to CANDIDATE, lastRpcElapsedTime:5165914697ns, electionTimeout:5151ms
2023-11-03 16:42:50,072 [218a95d8-d531-49de-9be4-7ae556dd2030@group-36F0C8D693BC-FollowerState] INFO  impl.RoleInfo (RoleInfo.java:shutdownFollowerState(110)) - 218a95d8-d531-49de-9be4-7ae556dd2030: shutdown 218a95d8-d531-49de-9be4-7ae556dd2030@group-36F0C8D693BC-FollowerState
2023-11-03 16:42:50,072 [218a95d8-d531-49de-9be4-7ae556dd2030@group-36F0C8D693BC-FollowerState] INFO  server.RaftServer$Division (RaftServerImpl.java:setRole(329)) - 218a95d8-d531-49de-9be4-7ae556dd2030@group-36F0C8D693BC: changes role from  FOLLOWER to CANDIDATE at term 0 for changeToCandidate
2023-11-03 16:42:50,073 [218a95d8-d531-49de-9be4-7ae556dd2030@group-36F0C8D693BC-FollowerState] INFO  server.RaftServerConfigKeys (ConfUtils.java:logGet(46)) - raft.server.leaderelection.pre-vote = true (default)
2023-11-03 16:42:50,073 [218a95d8-d531-49de-9be4-7ae556dd2030@group-36F0C8D693BC-FollowerState] INFO  impl.RoleInfo (RoleInfo.java:updateAndGet(139)) - 218a95d8-d531-49de-9be4-7ae556dd2030: start 218a95d8-d531-49de-9be4-7ae556dd2030@group-36F0C8D693BC-LeaderElection5
2023-11-03 16:42:50,077 [218a95d8-d531-49de-9be4-7ae556dd2030@group-36F0C8D693BC-LeaderElection5] INFO  impl.LeaderElection (LeaderElection.java:askForVotes(321)) - 218a95d8-d531-49de-9be4-7ae556dd2030@group-36F0C8D693BC-LeaderElection5 PRE_VOTE round 0: submit vote requests at term 0 for -1: peers:[218a95d8-d531-49de-9be4-7ae556dd2030|rpc:10.1.0.19:15023|admin:10.1.0.19:15022|client:10.1.0.19:15021|dataStream:10.1.0.19:15024|priority:1|startupRole:FOLLOWER, 84f1a9c9-622e-41e0-8205-2fe147efcf79|rpc:10.1.0.19:15014|admin:10.1.0.19:15013|client:10.1.0.19:15012|dataStream:10.1.0.19:15015|priority:0|startupRole:FOLLOWER, ffeddd1f-af09-4c2e-97a1-be5caae46423|rpc:10.1.0.19:15032|admin:10.1.0.19:15031|client:10.1.0.19:15030|dataStream:10.1.0.19:15033|priority:0|startupRole:FOLLOWER]|listeners:[], old=null
2023-11-03 16:42:50,078 [218a95d8-d531-49de-9be4-7ae556dd2030@group-36F0C8D693BC-LeaderElection5-1] INFO  server.GrpcServerProtocolClient (GrpcServerProtocolClient.java:<init>(65)) - Build channel for 84f1a9c9-622e-41e0-8205-2fe147efcf79
2023-11-03 16:42:50,081 [218a95d8-d531-49de-9be4-7ae556dd2030@group-36F0C8D693BC-LeaderElection5] INFO  server.RaftServerConfigKeys (ConfUtils.java:logFallback(53)) - raft.server.rpc.first-election.timeout.min = 5s (fallback to raft.server.rpc.timeout.min)
2023-11-03 16:42:50,083 [218a95d8-d531-49de-9be4-7ae556dd2030@group-36F0C8D693BC-LeaderElection5] INFO  server.RaftServerConfigKeys (ConfUtils.java:logFallback(53)) - raft.server.rpc.first-election.timeout.max = 5200ms (fallback to raft.server.rpc.timeout.max)
2023-11-03 16:42:50,081 [218a95d8-d531-49de-9be4-7ae556dd2030@group-36F0C8D693BC-LeaderElection5-2] INFO  server.GrpcServerProtocolClient (GrpcServerProtocolClient.java:<init>(65)) - Build channel for ffeddd1f-af09-4c2e-97a1-be5caae46423
2023-11-03 16:42:50,094 [grpc-default-executor-1] INFO  server.RaftServer$Division (RaftServerImpl.java:requestVote(1302)) - 84f1a9c9-622e-41e0-8205-2fe147efcf79@group-36F0C8D693BC: receive requestVote(PRE_VOTE, 218a95d8-d531-49de-9be4-7ae556dd2030, group-36F0C8D693BC, 0, (t:0, i:0))
2023-11-03 16:42:50,094 [grpc-default-executor-1] INFO  impl.VoteContext (VoteContext.java:log(49)) - 84f1a9c9-622e-41e0-8205-2fe147efcf79@group-36F0C8D693BC-FOLLOWER: accept PRE_VOTE from 218a95d8-d531-49de-9be4-7ae556dd2030: our priority 0 <= candidate's priority 1
2023-11-03 16:42:50,094 [grpc-default-executor-1] INFO  server.RaftServer$Division (RaftServerImpl.java:requestVote(1335)) - 84f1a9c9-622e-41e0-8205-2fe147efcf79@group-36F0C8D693BC replies to PRE_VOTE vote request: 218a95d8-d531-49de-9be4-7ae556dd2030<-84f1a9c9-622e-41e0-8205-2fe147efcf79#0:OK-t0. Peer's state: 84f1a9c9-622e-41e0-8205-2fe147efcf79@group-36F0C8D693BC:t0, leader=null, voted=, raftlog=Memoized:84f1a9c9-622e-41e0-8205-2fe147efcf79@group-36F0C8D693BC-SegmentedRaftLog:OPENED:c-1, conf=-1: peers:[218a95d8-d531-49de-9be4-7ae556dd2030|rpc:10.1.0.19:15023|admin:10.1.0.19:15022|client:10.1.0.19:15021|dataStream:10.1.0.19:15024|priority:1|startupRole:FOLLOWER, 84f1a9c9-622e-41e0-8205-2fe147efcf79|rpc:10.1.0.19:15014|admin:10.1.0.19:15013|client:10.1.0.19:15012|dataStream:10.1.0.19:15015|priority:0|startupRole:FOLLOWER, ffeddd1f-af09-4c2e-97a1-be5caae46423|rpc:10.1.0.19:15032|admin:10.1.0.19:15031|client:10.1.0.19:15030|dataStream:10.1.0.19:15033|priority:0|startupRole:FOLLOWER]|listeners:[], old=null
2023-11-03 16:42:50,096 [218a95d8-d531-49de-9be4-7ae556dd2030@group-36F0C8D693BC-LeaderElection5] INFO  impl.LeaderElection (LeaderElection.java:logAndReturn(90)) - 218a95d8-d531-49de-9be4-7ae556dd2030@group-36F0C8D693BC-LeaderElection5: PRE_VOTE PASSED received 1 response(s) and 0 exception(s):
2023-11-03 16:42:50,096 [218a95d8-d531-49de-9be4-7ae556dd2030@group-36F0C8D693BC-LeaderElection5] INFO  impl.LeaderElection (LeaderElection.java:logAndReturn(94)) -   Response 0: 218a95d8-d531-49de-9be4-7ae556dd2030<-84f1a9c9-622e-41e0-8205-2fe147efcf79#0:OK-t0
2023-11-03 16:42:50,097 [218a95d8-d531-49de-9be4-7ae556dd2030@group-36F0C8D693BC-LeaderElection5] INFO  impl.LeaderElection (LeaderElection.java:askForVotes(323)) - 218a95d8-d531-49de-9be4-7ae556dd2030@group-36F0C8D693BC-LeaderElection5 PRE_VOTE round 0: result PASSED
2023-11-03 16:42:50,099 [218a95d8-d531-49de-9be4-7ae556dd2030@group-36F0C8D693BC-LeaderElection5] INFO  impl.LeaderElection (LeaderElection.java:askForVotes(321)) - 218a95d8-d531-49de-9be4-7ae556dd2030@group-36F0C8D693BC-LeaderElection5 ELECTION round 0: submit vote requests at term 1 for -1: peers:[218a95d8-d531-49de-9be4-7ae556dd2030|rpc:10.1.0.19:15023|admin:10.1.0.19:15022|client:10.1.0.19:15021|dataStream:10.1.0.19:15024|priority:1|startupRole:FOLLOWER, 84f1a9c9-622e-41e0-8205-2fe147efcf79|rpc:10.1.0.19:15014|admin:10.1.0.19:15013|client:10.1.0.19:15012|dataStream:10.1.0.19:15015|priority:0|startupRole:FOLLOWER, ffeddd1f-af09-4c2e-97a1-be5caae46423|rpc:10.1.0.19:15032|admin:10.1.0.19:15031|client:10.1.0.19:15030|dataStream:10.1.0.19:15033|priority:0|startupRole:FOLLOWER]|listeners:[], old=null
2023-11-03 16:42:50,113 [218a95d8-d531-49de-9be4-7ae556dd2030@group-36F0C8D693BC-LeaderElection5] INFO  server.RaftServerConfigKeys (ConfUtils.java:logFallback(53)) - raft.server.rpc.first-election.timeout.min = 5s (fallback to raft.server.rpc.timeout.min)
2023-11-03 16:42:50,113 [218a95d8-d531-49de-9be4-7ae556dd2030@group-36F0C8D693BC-LeaderElection5] INFO  server.RaftServerConfigKeys (ConfUtils.java:logFallback(53)) - raft.server.rpc.first-election.timeout.max = 5200ms (fallback to raft.server.rpc.timeout.max)
2023-11-03 16:42:50,123 [grpc-default-executor-1] INFO  server.RaftServer$Division (RaftServerImpl.java:requestVote(1302)) - ffeddd1f-af09-4c2e-97a1-be5caae46423@group-36F0C8D693BC: receive requestVote(PRE_VOTE, 218a95d8-d531-49de-9be4-7ae556dd2030, group-36F0C8D693BC, 0, (t:0, i:0))
2023-11-03 16:42:50,123 [grpc-default-executor-0] INFO  server.RaftServer$Division (RaftServerImpl.java:requestVote(1302)) - 84f1a9c9-622e-41e0-8205-2fe147efcf79@group-36F0C8D693BC: receive requestVote(ELECTION, 218a95d8-d531-49de-9be4-7ae556dd2030, group-36F0C8D693BC, 1, (t:0, i:0))
2023-11-03 16:42:50,123 [grpc-default-executor-2] INFO  server.RaftServer$Division (RaftServerImpl.java:requestVote(1302)) - ffeddd1f-af09-4c2e-97a1-be5caae46423@group-36F0C8D693BC: receive requestVote(ELECTION, 218a95d8-d531-49de-9be4-7ae556dd2030, group-36F0C8D693BC, 1, (t:0, i:0))
2023-11-03 16:42:50,124 [grpc-default-executor-1] INFO  impl.VoteContext (VoteContext.java:log(49)) - ffeddd1f-af09-4c2e-97a1-be5caae46423@group-36F0C8D693BC-FOLLOWER: accept PRE_VOTE from 218a95d8-d531-49de-9be4-7ae556dd2030: our priority 0 <= candidate's priority 1
2023-11-03 16:42:50,124 [grpc-default-executor-1] INFO  server.RaftServer$Division (RaftServerImpl.java:requestVote(1335)) - ffeddd1f-af09-4c2e-97a1-be5caae46423@group-36F0C8D693BC replies to PRE_VOTE vote request: 218a95d8-d531-49de-9be4-7ae556dd2030<-ffeddd1f-af09-4c2e-97a1-be5caae46423#0:OK-t0. Peer's state: ffeddd1f-af09-4c2e-97a1-be5caae46423@group-36F0C8D693BC:t0, leader=null, voted=, raftlog=Memoized:ffeddd1f-af09-4c2e-97a1-be5caae46423@group-36F0C8D693BC-SegmentedRaftLog:OPENED:c-1, conf=-1: peers:[218a95d8-d531-49de-9be4-7ae556dd2030|rpc:10.1.0.19:15023|admin:10.1.0.19:15022|client:10.1.0.19:15021|dataStream:10.1.0.19:15024|priority:1|startupRole:FOLLOWER, 84f1a9c9-622e-41e0-8205-2fe147efcf79|rpc:10.1.0.19:15014|admin:10.1.0.19:15013|client:10.1.0.19:15012|dataStream:10.1.0.19:15015|priority:0|startupRole:FOLLOWER, ffeddd1f-af09-4c2e-97a1-be5caae46423|rpc:10.1.0.19:15032|admin:10.1.0.19:15031|client:10.1.0.19:15030|dataStream:10.1.0.19:15033|priority:0|startupRole:FOLLOWER]|listeners:[], old=null
2023-11-03 16:42:50,124 [grpc-default-executor-0] INFO  impl.VoteContext (VoteContext.java:log(49)) - 84f1a9c9-622e-41e0-8205-2fe147efcf79@group-36F0C8D693BC-FOLLOWER: accept ELECTION from 218a95d8-d531-49de-9be4-7ae556dd2030: our priority 0 <= candidate's priority 1
2023-11-03 16:42:50,125 [grpc-default-executor-2] INFO  impl.VoteContext (VoteContext.java:log(49)) - ffeddd1f-af09-4c2e-97a1-be5caae46423@group-36F0C8D693BC-FOLLOWER: accept ELECTION from 218a95d8-d531-49de-9be4-7ae556dd2030: our priority 0 <= candidate's priority 1
2023-11-03 16:42:50,128 [grpc-default-executor-2] INFO  server.RaftServer$Division (RaftServerImpl.java:setRole(329)) - ffeddd1f-af09-4c2e-97a1-be5caae46423@group-36F0C8D693BC: changes role from  FOLLOWER to FOLLOWER at term 1 for candidate:218a95d8-d531-49de-9be4-7ae556dd2030
2023-11-03 16:42:50,128 [grpc-default-executor-2] INFO  impl.RoleInfo (RoleInfo.java:shutdownFollowerState(110)) - ffeddd1f-af09-4c2e-97a1-be5caae46423: shutdown ffeddd1f-af09-4c2e-97a1-be5caae46423@group-36F0C8D693BC-FollowerState
2023-11-03 16:42:50,129 [grpc-default-executor-2] INFO  impl.RoleInfo (RoleInfo.java:updateAndGet(139)) - ffeddd1f-af09-4c2e-97a1-be5caae46423: start ffeddd1f-af09-4c2e-97a1-be5caae46423@group-36F0C8D693BC-FollowerState
2023-11-03 16:42:50,129 [ffeddd1f-af09-4c2e-97a1-be5caae46423@group-36F0C8D693BC-FollowerState] INFO  impl.FollowerState (FollowerState.java:run(152)) - ffeddd1f-af09-4c2e-97a1-be5caae46423@group-36F0C8D693BC-FollowerState was interrupted
2023-11-03 16:42:50,142 [grpc-default-executor-0] INFO  server.RaftServer$Division (RaftServerImpl.java:setRole(329)) - 84f1a9c9-622e-41e0-8205-2fe147efcf79@group-36F0C8D693BC: changes role from  FOLLOWER to FOLLOWER at term 1 for candidate:218a95d8-d531-49de-9be4-7ae556dd2030
2023-11-03 16:42:50,143 [grpc-default-executor-2] INFO  server.RaftServer$Division (RaftServerImpl.java:requestVote(1335)) - ffeddd1f-af09-4c2e-97a1-be5caae46423@group-36F0C8D693BC replies to ELECTION vote request: 218a95d8-d531-49de-9be4-7ae556dd2030<-ffeddd1f-af09-4c2e-97a1-be5caae46423#0:OK-t1. Peer's state: ffeddd1f-af09-4c2e-97a1-be5caae46423@group-36F0C8D693BC:t1, leader=null, voted=218a95d8-d531-49de-9be4-7ae556dd2030, raftlog=Memoized:ffeddd1f-af09-4c2e-97a1-be5caae46423@group-36F0C8D693BC-SegmentedRaftLog:OPENED:c-1, conf=-1: peers:[218a95d8-d531-49de-9be4-7ae556dd2030|rpc:10.1.0.19:15023|admin:10.1.0.19:15022|client:10.1.0.19:15021|dataStream:10.1.0.19:15024|priority:1|startupRole:FOLLOWER, 84f1a9c9-622e-41e0-8205-2fe147efcf79|rpc:10.1.0.19:15014|admin:10.1.0.19:15013|client:10.1.0.19:15012|dataStream:10.1.0.19:15015|priority:0|startupRole:FOLLOWER, ffeddd1f-af09-4c2e-97a1-be5caae46423|rpc:10.1.0.19:15032|admin:10.1.0.19:15031|client:10.1.0.19:15030|dataStream:10.1.0.19:15033|priority:0|startupRole:FOLLOWER]|listeners:[], old=null
2023-11-03 16:42:50,143 [grpc-default-executor-0] INFO  impl.RoleInfo (RoleInfo.java:shutdownFollowerState(110)) - 84f1a9c9-622e-41e0-8205-2fe147efcf79: shutdown 84f1a9c9-622e-41e0-8205-2fe147efcf79@group-36F0C8D693BC-FollowerState
2023-11-03 16:42:50,143 [grpc-default-executor-0] INFO  impl.RoleInfo (RoleInfo.java:updateAndGet(139)) - 84f1a9c9-622e-41e0-8205-2fe147efcf79: start 84f1a9c9-622e-41e0-8205-2fe147efcf79@group-36F0C8D693BC-FollowerState
2023-11-03 16:42:50,143 [84f1a9c9-622e-41e0-8205-2fe147efcf79@group-36F0C8D693BC-FollowerState] INFO  impl.FollowerState (FollowerState.java:run(152)) - 84f1a9c9-622e-41e0-8205-2fe147efcf79@group-36F0C8D693BC-FollowerState was interrupted
2023-11-03 16:42:50,147 [ffeddd1f-af09-4c2e-97a1-be5caae46423@group-3666D6C978EB-FollowerState] INFO  impl.FollowerState (FollowerState.java:run(143)) - ffeddd1f-af09-4c2e-97a1-be5caae46423@group-3666D6C978EB-FollowerState: change to CANDIDATE, lastRpcElapsedTime:5189727540ns, electionTimeout:5179ms
2023-11-03 16:42:50,147 [ffeddd1f-af09-4c2e-97a1-be5caae46423@group-3666D6C978EB-FollowerState] INFO  impl.RoleInfo (RoleInfo.java:shutdownFollowerState(110)) - ffeddd1f-af09-4c2e-97a1-be5caae46423: shutdown ffeddd1f-af09-4c2e-97a1-be5caae46423@group-3666D6C978EB-FollowerState
2023-11-03 16:42:50,147 [ffeddd1f-af09-4c2e-97a1-be5caae46423@group-3666D6C978EB-FollowerState] INFO  server.RaftServer$Division (RaftServerImpl.java:setRole(329)) - ffeddd1f-af09-4c2e-97a1-be5caae46423@group-3666D6C978EB: changes role from  FOLLOWER to CANDIDATE at term 0 for changeToCandidate
2023-11-03 16:42:50,149 [218a95d8-d531-49de-9be4-7ae556dd2030@group-36F0C8D693BC-LeaderElection5] INFO  impl.LeaderElection (LeaderElection.java:logAndReturn(90)) - 218a95d8-d531-49de-9be4-7ae556dd2030@group-36F0C8D693BC-LeaderElection5: ELECTION PASSED received 1 response(s) and 0 exception(s):
2023-11-03 16:42:50,149 [218a95d8-d531-49de-9be4-7ae556dd2030@group-36F0C8D693BC-LeaderElection5] INFO  impl.LeaderElection (LeaderElection.java:logAndReturn(94)) -   Response 0: 218a95d8-d531-49de-9be4-7ae556dd2030<-ffeddd1f-af09-4c2e-97a1-be5caae46423#0:OK-t1
2023-11-03 16:42:50,150 [218a95d8-d531-49de-9be4-7ae556dd2030@group-36F0C8D693BC-LeaderElection5] INFO  impl.LeaderElection (LeaderElection.java:askForVotes(323)) - 218a95d8-d531-49de-9be4-7ae556dd2030@group-36F0C8D693BC-LeaderElection5 ELECTION round 0: result PASSED
2023-11-03 16:42:50,150 [grpc-default-executor-0] INFO  server.RaftServer$Division (RaftServerImpl.java:requestVote(1335)) - 84f1a9c9-622e-41e0-8205-2fe147efcf79@group-36F0C8D693BC replies to ELECTION vote request: 218a95d8-d531-49de-9be4-7ae556dd2030<-84f1a9c9-622e-41e0-8205-2fe147efcf79#0:OK-t1. Peer's state: 84f1a9c9-622e-41e0-8205-2fe147efcf79@group-36F0C8D693BC:t1, leader=null, voted=218a95d8-d531-49de-9be4-7ae556dd2030, raftlog=Memoized:84f1a9c9-622e-41e0-8205-2fe147efcf79@group-36F0C8D693BC-SegmentedRaftLog:OPENED:c-1, conf=-1: peers:[218a95d8-d531-49de-9be4-7ae556dd2030|rpc:10.1.0.19:15023|admin:10.1.0.19:15022|client:10.1.0.19:15021|dataStream:10.1.0.19:15024|priority:1|startupRole:FOLLOWER, 84f1a9c9-622e-41e0-8205-2fe147efcf79|rpc:10.1.0.19:15014|admin:10.1.0.19:15013|client:10.1.0.19:15012|dataStream:10.1.0.19:15015|priority:0|startupRole:FOLLOWER, ffeddd1f-af09-4c2e-97a1-be5caae46423|rpc:10.1.0.19:15032|admin:10.1.0.19:15031|client:10.1.0.19:15030|dataStream:10.1.0.19:15033|priority:0|startupRole:FOLLOWER]|listeners:[], old=null
2023-11-03 16:42:50,151 [ffeddd1f-af09-4c2e-97a1-be5caae46423@group-3666D6C978EB-FollowerState] INFO  server.RaftServerConfigKeys (ConfUtils.java:logGet(46)) - raft.server.leaderelection.pre-vote = true (default)
2023-11-03 16:42:50,151 [ffeddd1f-af09-4c2e-97a1-be5caae46423@group-3666D6C978EB-FollowerState] INFO  impl.RoleInfo (RoleInfo.java:updateAndGet(139)) - ffeddd1f-af09-4c2e-97a1-be5caae46423: start ffeddd1f-af09-4c2e-97a1-be5caae46423@group-3666D6C978EB-LeaderElection6
2023-11-03 16:42:50,151 [218a95d8-d531-49de-9be4-7ae556dd2030@group-36F0C8D693BC-LeaderElection5] INFO  impl.RoleInfo (RoleInfo.java:shutdownLeaderElection(130)) - 218a95d8-d531-49de-9be4-7ae556dd2030: shutdown 218a95d8-d531-49de-9be4-7ae556dd2030@group-36F0C8D693BC-LeaderElection5
2023-11-03 16:42:50,151 [218a95d8-d531-49de-9be4-7ae556dd2030@group-36F0C8D693BC-LeaderElection5] INFO  server.RaftServer$Division (RaftServerImpl.java:setRole(329)) - 218a95d8-d531-49de-9be4-7ae556dd2030@group-36F0C8D693BC: changes role from CANDIDATE to LEADER at term 1 for changeToLeader
2023-11-03 16:42:50,151 [218a95d8-d531-49de-9be4-7ae556dd2030@group-36F0C8D693BC-LeaderElection5] INFO  ratis.XceiverServerRatis (XceiverServerRatis.java:handleLeaderChangedNotification(903)) - Leader change notification received for group: group-36F0C8D693BC with new leaderId: 218a95d8-d531-49de-9be4-7ae556dd2030
2023-11-03 16:42:50,157 [218a95d8-d531-49de-9be4-7ae556dd2030@group-36F0C8D693BC-LeaderElection5] INFO  server.RaftServer$Division (ServerState.java:setLeader(317)) - 218a95d8-d531-49de-9be4-7ae556dd2030@group-36F0C8D693BC: change Leader from null to 218a95d8-d531-49de-9be4-7ae556dd2030 at term 1 for becomeLeader, leader elected after 5301ms
2023-11-03 16:42:50,157 [218a95d8-d531-49de-9be4-7ae556dd2030@group-36F0C8D693BC-LeaderElection5] INFO  server.RaftServerConfigKeys (ConfUtils.java:logGet(46)) - raft.server.staging.catchup.gap = 1000 (default)
2023-11-03 16:42:50,158 [218a95d8-d531-49de-9be4-7ae556dd2030@group-36F0C8D693BC-LeaderElection5] INFO  server.RaftServerConfigKeys (ConfUtils.java:logGet(46)) - raft.server.write.element-limit = 1024 (custom)
2023-11-03 16:42:50,158 [218a95d8-d531-49de-9be4-7ae556dd2030@group-36F0C8D693BC-LeaderElection5] INFO  server.RaftServerConfigKeys (ConfUtils.java:logGet(46)) - raft.server.write.byte-limit = 1024 M (=1073741824) (custom)
2023-11-03 16:42:50,160 [218a95d8-d531-49de-9be4-7ae556dd2030@group-36F0C8D693BC-LeaderElection5] INFO  server.RaftServerConfigKeys (ConfUtils.java:logGet(46)) - raft.server.watch.timeout = 180s (custom)
2023-11-03 16:42:50,161 [218a95d8-d531-49de-9be4-7ae556dd2030@group-36F0C8D693BC-LeaderElection5] INFO  server.RaftServerConfigKeys (ConfUtils.java:logGet(46)) - raft.server.watch.timeout.denomination = 1s (default)
2023-11-03 16:42:50,161 [218a95d8-d531-49de-9be4-7ae556dd2030@group-36F0C8D693BC-LeaderElection5] INFO  server.RaftServerConfigKeys (ConfUtils.java:logGet(46)) - raft.server.watch.element-limit = 65536 (default)
2023-11-03 16:42:50,161 [218a95d8-d531-49de-9be4-7ae556dd2030@group-36F0C8D693BC-LeaderElection5] INFO  server.RaftServerConfigKeys (ConfUtils.java:logGet(46)) - raft.server.write.element-limit = 1024 (custom)
2023-11-03 16:42:50,161 [218a95d8-d531-49de-9be4-7ae556dd2030@group-36F0C8D693BC-LeaderElection5] INFO  server.RaftServerConfigKeys (ConfUtils.java:logGet(46)) - raft.server.write.follower.gap.ratio.max = -1.0 (default)
2023-11-03 16:42:50,166 [EventQueue-OpenPipelineForHealthyPipelineSafeModeRule] INFO  safemode.SCMSafeModeManager (HealthyPipelineSafeModeRule.java:process(137)) - SCM in safe mode. Healthy pipelines reported count is 0, required healthy pipeline reported count is 1
2023-11-03 16:42:50,167 [EventQueue-PipelineReportForPipelineReportHandler] INFO  pipeline.PipelineReportHandler (PipelineReportHandler.java:processPipelineReport(136)) - Opened pipeline PipelineID=3bf15084-ff35-421f-b9c8-36f0c8d693bc
2023-11-03 16:42:50,167 [EventQueue-OpenPipelineForHealthyPipelineSafeModeRule] INFO  safemode.SCMSafeModeManager (HealthyPipelineSafeModeRule.java:process(137)) - SCM in safe mode. Healthy pipelines reported count is 1, required healthy pipeline reported count is 1
2023-11-03 16:42:50,167 [EventQueue-OpenPipelineForHealthyPipelineSafeModeRule] INFO  safemode.SCMSafeModeManager (SCMSafeModeManager.java:validateSafeModeExitRules(200)) - HealthyPipelineSafeModeRule rule is successfully validated
2023-11-03 16:42:50,167 [EventQueue-OpenPipelineForHealthyPipelineSafeModeRule] INFO  safemode.SCMSafeModeManager (SCMSafeModeManager.java:validateSafeModeExitRules(215)) - ScmSafeModeManager, all rules are successfully validated
2023-11-03 16:42:50,167 [EventQueue-OpenPipelineForHealthyPipelineSafeModeRule] INFO  safemode.SCMSafeModeManager (SCMSafeModeManager.java:exitSafeMode(244)) - SCM exiting safe mode.
2023-11-03 16:42:50,167 [EventQueue-OpenPipelineForHealthyPipelineSafeModeRule] INFO  ha.SCMContext (SCMContext.java:updateSafeModeStatus(230)) - Update SafeModeStatus from SafeModeStatus{safeModeStatus=true, preCheckPassed=true} to SafeModeStatus{safeModeStatus=false, preCheckPassed=true}.
2023-11-03 16:42:50,168 [EventQueue-OpenPipelineForHealthyPipelineSafeModeRule] INFO  pipeline.BackgroundPipelineCreator (BackgroundPipelineCreator.java:notifyStatusChanged(258)) - Service BackgroundPipelineCreator transitions to RUNNING.
2023-11-03 16:42:50,168 [EventQueue-OpenPipelineForHealthyPipelineSafeModeRule] INFO  BackgroundPipelineScrubber (BackgroundSCMService.java:notifyStatusChanged(82)) - Service BackgroundPipelineScrubber transitions to RUNNING.
2023-11-03 16:42:50,168 [EventQueue-OpenPipelineForHealthyPipelineSafeModeRule] INFO  ExpiredContainerReplicaOpScrubber (BackgroundSCMService.java:notifyStatusChanged(82)) - Service ExpiredContainerReplicaOpScrubber transitions to RUNNING.
2023-11-03 16:42:50,168 [EventQueue-OpenPipelineForHealthyPipelineSafeModeRule] INFO  replication.ReplicationManager (ReplicationManager.java:notifyStatusChanged(1371)) - Service ReplicationManager transitions to RUNNING.
2023-11-03 16:42:50,172 [ffeddd1f-af09-4c2e-97a1-be5caae46423@group-3666D6C978EB-LeaderElection6] INFO  impl.LeaderElection (LeaderElection.java:askForVotes(321)) - ffeddd1f-af09-4c2e-97a1-be5caae46423@group-3666D6C978EB-LeaderElection6 PRE_VOTE round 0: submit vote requests at term 0 for -1: peers:[ffeddd1f-af09-4c2e-97a1-be5caae46423|rpc:10.1.0.19:15032|admin:10.1.0.19:15031|client:10.1.0.19:15030|dataStream:10.1.0.19:15033|priority:1|startupRole:FOLLOWER]|listeners:[], old=null
2023-11-03 16:42:50,172 [ffeddd1f-af09-4c2e-97a1-be5caae46423@group-3666D6C978EB-LeaderElection6] INFO  impl.LeaderElection (LeaderElection.java:askForVotes(323)) - ffeddd1f-af09-4c2e-97a1-be5caae46423@group-3666D6C978EB-LeaderElection6 PRE_VOTE round 0: result PASSED (term=0)
2023-11-03 16:42:50,175 [EventQueue-OpenPipelineForHealthyPipelineSafeModeRule] WARN  balancer.ContainerBalancer (ContainerBalancer.java:shouldRun(134)) - Could not find persisted configuration for ContainerBalancer when checking if ContainerBalancer should run. ContainerBalancer should not run now.
2023-11-03 16:42:50,176 [ffeddd1f-af09-4c2e-97a1-be5caae46423@group-3666D6C978EB-LeaderElection6] INFO  impl.LeaderElection (LeaderElection.java:askForVotes(321)) - ffeddd1f-af09-4c2e-97a1-be5caae46423@group-3666D6C978EB-LeaderElection6 ELECTION round 0: submit vote requests at term 1 for -1: peers:[ffeddd1f-af09-4c2e-97a1-be5caae46423|rpc:10.1.0.19:15032|admin:10.1.0.19:15031|client:10.1.0.19:15030|dataStream:10.1.0.19:15033|priority:1|startupRole:FOLLOWER]|listeners:[], old=null
2023-11-03 16:42:50,176 [ffeddd1f-af09-4c2e-97a1-be5caae46423@group-3666D6C978EB-LeaderElection6] INFO  impl.LeaderElection (LeaderElection.java:askForVotes(323)) - ffeddd1f-af09-4c2e-97a1-be5caae46423@group-3666D6C978EB-LeaderElection6 ELECTION round 0: result PASSED (term=1)
2023-11-03 16:42:50,179 [ffeddd1f-af09-4c2e-97a1-be5caae46423@group-3666D6C978EB-LeaderElection6] INFO  impl.RoleInfo (RoleInfo.java:shutdownLeaderElection(130)) - ffeddd1f-af09-4c2e-97a1-be5caae46423: shutdown ffeddd1f-af09-4c2e-97a1-be5caae46423@group-3666D6C978EB-LeaderElection6
2023-11-03 16:42:50,179 [ffeddd1f-af09-4c2e-97a1-be5caae46423@group-3666D6C978EB-LeaderElection6] INFO  server.RaftServer$Division (RaftServerImpl.java:setRole(329)) - ffeddd1f-af09-4c2e-97a1-be5caae46423@group-3666D6C978EB: changes role from CANDIDATE to LEADER at term 1 for changeToLeader
2023-11-03 16:42:50,179 [ffeddd1f-af09-4c2e-97a1-be5caae46423@group-3666D6C978EB-LeaderElection6] INFO  ratis.XceiverServerRatis (XceiverServerRatis.java:handleLeaderChangedNotification(903)) - Leader change notification received for group: group-3666D6C978EB with new leaderId: ffeddd1f-af09-4c2e-97a1-be5caae46423
2023-11-03 16:42:50,180 [218a95d8-d531-49de-9be4-7ae556dd2030@group-36F0C8D693BC-LeaderElection5] INFO  server.RaftServerConfigKeys (ConfUtils.java:logGet(46)) - raft.server.log.appender.snapshot.chunk.size.max = 16MB (=16777216) (default)
2023-11-03 16:42:50,181 [218a95d8-d531-49de-9be4-7ae556dd2030@group-36F0C8D693BC-LeaderElection5] INFO  server.RaftServerConfigKeys (ConfUtils.java:logGet(46)) - raft.server.log.appender.buffer.byte-limit = 33554432 (custom)
2023-11-03 16:42:50,182 [218a95d8-d531-49de-9be4-7ae556dd2030@group-36F0C8D693BC-LeaderElection5] INFO  server.RaftServerConfigKeys (ConfUtils.java:logGet(46)) - raft.server.log.appender.buffer.element-limit = 1 (custom)
2023-11-03 16:42:50,180 [ffeddd1f-af09-4c2e-97a1-be5caae46423@group-3666D6C978EB-LeaderElection6] INFO  server.RaftServer$Division (ServerState.java:setLeader(317)) - ffeddd1f-af09-4c2e-97a1-be5caae46423@group-3666D6C978EB: change Leader from null to ffeddd1f-af09-4c2e-97a1-be5caae46423 at term 1 for becomeLeader, leader elected after 5276ms
2023-11-03 16:42:50,182 [ffeddd1f-af09-4c2e-97a1-be5caae46423@group-3666D6C978EB-LeaderElection6] INFO  server.RaftServerConfigKeys (ConfUtils.java:logGet(46)) - raft.server.staging.catchup.gap = 1000 (default)
2023-11-03 16:42:50,182 [ffeddd1f-af09-4c2e-97a1-be5caae46423@group-3666D6C978EB-LeaderElection6] INFO  server.RaftServerConfigKeys (ConfUtils.java:logGet(46)) - raft.server.write.element-limit = 1024 (custom)
2023-11-03 16:42:50,182 [ffeddd1f-af09-4c2e-97a1-be5caae46423@group-3666D6C978EB-LeaderElection6] INFO  server.RaftServerConfigKeys (ConfUtils.java:logGet(46)) - raft.server.write.byte-limit = 1024 M (=1073741824) (custom)
2023-11-03 16:42:50,183 [ffeddd1f-af09-4c2e-97a1-be5caae46423@group-3666D6C978EB-LeaderElection6] INFO  server.RaftServerConfigKeys (ConfUtils.java:logGet(46)) - raft.server.watch.timeout = 180s (custom)
2023-11-03 16:42:50,183 [ffeddd1f-af09-4c2e-97a1-be5caae46423@group-3666D6C978EB-LeaderElection6] INFO  server.RaftServerConfigKeys (ConfUtils.java:logGet(46)) - raft.server.watch.timeout.denomination = 1s (default)
2023-11-03 16:42:50,183 [ffeddd1f-af09-4c2e-97a1-be5caae46423@group-3666D6C978EB-LeaderElection6] INFO  server.RaftServerConfigKeys (ConfUtils.java:logGet(46)) - raft.server.watch.element-limit = 65536 (default)
2023-11-03 16:42:50,183 [ffeddd1f-af09-4c2e-97a1-be5caae46423@group-3666D6C978EB-LeaderElection6] INFO  server.RaftServerConfigKeys (ConfUtils.java:logGet(46)) - raft.server.write.element-limit = 1024 (custom)
2023-11-03 16:42:50,183 [ffeddd1f-af09-4c2e-97a1-be5caae46423@group-3666D6C978EB-LeaderElection6] INFO  server.RaftServerConfigKeys (ConfUtils.java:logGet(46)) - raft.server.write.follower.gap.ratio.max = -1.0 (default)
2023-11-03 16:42:50,183 [ffeddd1f-af09-4c2e-97a1-be5caae46423@group-3666D6C978EB-LeaderElection6] INFO  impl.RoleInfo (RoleInfo.java:updateAndGet(139)) - ffeddd1f-af09-4c2e-97a1-be5caae46423: start ffeddd1f-af09-4c2e-97a1-be5caae46423@group-3666D6C978EB-LeaderStateImpl
2023-11-03 16:42:50,184 [ffeddd1f-af09-4c2e-97a1-be5caae46423@group-3666D6C978EB-LeaderElection6] INFO  segmented.SegmentedRaftLogWorker (SegmentedRaftLogWorker.java:startLogSegment(447)) - ffeddd1f-af09-4c2e-97a1-be5caae46423@group-3666D6C978EB-SegmentedRaftLogWorker: Starting segment from index:0
2023-11-03 16:42:50,184 [218a95d8-d531-49de-9be4-7ae556dd2030@group-36F0C8D693BC-LeaderElection5] INFO  server.RaftServerConfigKeys (ConfUtils.java:logGet(46)) - raft.server.log.appender.wait-time.min = 1ms (custom)
2023-11-03 16:42:50,185 [ffeddd1f-af09-4c2e-97a1-be5caae46423@group-3666D6C978EB-SegmentedRaftLogWorker] INFO  segmented.SegmentedRaftLogWorker (SegmentedRaftLogWorker.java:execute(651)) - ffeddd1f-af09-4c2e-97a1-be5caae46423@group-3666D6C978EB-SegmentedRaftLogWorker: created new log segment /home/runner/work/ozone/ozone/hadoop-ozone/integration-test/target/test-dir/MiniOzoneClusterImpl-7c6973ba-416f-441c-aeb4-54a4245b8bbd/datanode-2/data/ratis/33e60c66-3d03-40ee-9c94-3666d6c978eb/current/log_inprogress_0
2023-11-03 16:42:50,186 [218a95d8-d531-49de-9be4-7ae556dd2030@group-36F0C8D693BC-LeaderElection5] INFO  grpc.GrpcConfigKeys (ConfUtils.java:logGet(46)) - raft.grpc.server.leader.outstanding.appends.max = 128 (default)
2023-11-03 16:42:50,186 [218a95d8-d531-49de-9be4-7ae556dd2030@group-36F0C8D693BC-LeaderElection5] INFO  server.RaftServerConfigKeys (ConfUtils.java:logGet(46)) - raft.server.rpc.request.timeout = 60s (custom)
2023-11-03 16:42:50,186 [218a95d8-d531-49de-9be4-7ae556dd2030@group-36F0C8D693BC-LeaderElection5] INFO  grpc.GrpcConfigKeys (ConfUtils.java:logGet(46)) - raft.grpc.server.install_snapshot.request.element-limit = 8 (default)
2023-11-03 16:42:50,187 [218a95d8-d531-49de-9be4-7ae556dd2030@group-36F0C8D693BC-LeaderElection5] INFO  grpc.GrpcConfigKeys (ConfUtils.java:logGet(46)) - raft.grpc.server.install_snapshot.request.timeout = 3000ms (default)
2023-11-03 16:42:50,187 [218a95d8-d531-49de-9be4-7ae556dd2030@group-36F0C8D693BC-LeaderElection5] INFO  server.RaftServerConfigKeys (ConfUtils.java:logGet(46)) - raft.server.log.appender.install.snapshot.enabled = false (custom)
2023-11-03 16:42:50,187 [218a95d8-d531-49de-9be4-7ae556dd2030@group-36F0C8D693BC-LeaderElection5] INFO  grpc.GrpcConfigKeys (ConfUtils.java:logGet(46)) - raft.grpc.server.heartbeat.channel = true (default)
2023-11-03 16:42:50,194 [ffeddd1f-af09-4c2e-97a1-be5caae46423@group-3666D6C978EB-LeaderElection6] INFO  server.RaftServer$Division (ServerState.java:setRaftConf(434)) - ffeddd1f-af09-4c2e-97a1-be5caae46423@group-3666D6C978EB: set configuration 0: peers:[ffeddd1f-af09-4c2e-97a1-be5caae46423|rpc:10.1.0.19:15032|admin:10.1.0.19:15031|client:10.1.0.19:15030|dataStream:10.1.0.19:15033|priority:1|startupRole:FOLLOWER]|listeners:[], old=null
2023-11-03 16:42:50,196 [218a95d8-d531-49de-9be4-7ae556dd2030@group-36F0C8D693BC-LeaderElection5] INFO  server.RaftServerConfigKeys (ConfUtils.java:logGet(46)) - raft.server.log.appender.snapshot.chunk.size.max = 16MB (=16777216) (default)
2023-11-03 16:42:50,197 [218a95d8-d531-49de-9be4-7ae556dd2030@group-36F0C8D693BC-LeaderElection5] INFO  server.RaftServerConfigKeys (ConfUtils.java:logGet(46)) - raft.server.log.appender.buffer.byte-limit = 33554432 (custom)
2023-11-03 16:42:50,197 [218a95d8-d531-49de-9be4-7ae556dd2030@group-36F0C8D693BC-LeaderElection5] INFO  server.RaftServerConfigKeys (ConfUtils.java:logGet(46)) - raft.server.log.appender.buffer.element-limit = 1 (custom)
2023-11-03 16:42:50,199 [218a95d8-d531-49de-9be4-7ae556dd2030@group-36F0C8D693BC-LeaderElection5] INFO  server.RaftServerConfigKeys (ConfUtils.java:logGet(46)) - raft.server.log.appender.wait-time.min = 1ms (custom)
2023-11-03 16:42:50,199 [218a95d8-d531-49de-9be4-7ae556dd2030@group-36F0C8D693BC-LeaderElection5] INFO  grpc.GrpcConfigKeys (ConfUtils.java:logGet(46)) - raft.grpc.server.leader.outstanding.appends.max = 128 (default)
2023-11-03 16:42:50,200 [218a95d8-d531-49de-9be4-7ae556dd2030@group-36F0C8D693BC-LeaderElection5] INFO  server.RaftServerConfigKeys (ConfUtils.java:logGet(46)) - raft.server.rpc.request.timeout = 60s (custom)
2023-11-03 16:42:50,200 [218a95d8-d531-49de-9be4-7ae556dd2030@group-36F0C8D693BC-LeaderElection5] INFO  grpc.GrpcConfigKeys (ConfUtils.java:logGet(46)) - raft.grpc.server.install_snapshot.request.element-limit = 8 (default)
2023-11-03 16:42:50,200 [218a95d8-d531-49de-9be4-7ae556dd2030@group-36F0C8D693BC-LeaderElection5] INFO  grpc.GrpcConfigKeys (ConfUtils.java:logGet(46)) - raft.grpc.server.install_snapshot.request.timeout = 3000ms (default)
2023-11-03 16:42:50,200 [218a95d8-d531-49de-9be4-7ae556dd2030@group-36F0C8D693BC-LeaderElection5] INFO  server.RaftServerConfigKeys (ConfUtils.java:logGet(46)) - raft.server.log.appender.install.snapshot.enabled = false (custom)
2023-11-03 16:42:50,200 [218a95d8-d531-49de-9be4-7ae556dd2030@group-36F0C8D693BC-LeaderElection5] INFO  grpc.GrpcConfigKeys (ConfUtils.java:logGet(46)) - raft.grpc.server.heartbeat.channel = true (default)
2023-11-03 16:42:50,202 [218a95d8-d531-49de-9be4-7ae556dd2030@group-36F0C8D693BC-LeaderElection5] INFO  impl.RoleInfo (RoleInfo.java:updateAndGet(139)) - 218a95d8-d531-49de-9be4-7ae556dd2030: start 218a95d8-d531-49de-9be4-7ae556dd2030@group-36F0C8D693BC-LeaderStateImpl
2023-11-03 16:42:50,202 [218a95d8-d531-49de-9be4-7ae556dd2030@group-36F0C8D693BC-LeaderElection5] INFO  segmented.SegmentedRaftLogWorker (SegmentedRaftLogWorker.java:startLogSegment(447)) - 218a95d8-d531-49de-9be4-7ae556dd2030@group-36F0C8D693BC-SegmentedRaftLogWorker: Starting segment from index:0
2023-11-03 16:42:50,204 [218a95d8-d531-49de-9be4-7ae556dd2030@group-36F0C8D693BC-SegmentedRaftLogWorker] INFO  segmented.SegmentedRaftLogWorker (SegmentedRaftLogWorker.java:execute(651)) - 218a95d8-d531-49de-9be4-7ae556dd2030@group-36F0C8D693BC-SegmentedRaftLogWorker: created new log segment /home/runner/work/ozone/ozone/hadoop-ozone/integration-test/target/test-dir/MiniOzoneClusterImpl-7c6973ba-416f-441c-aeb4-54a4245b8bbd/datanode-1/data/ratis/3bf15084-ff35-421f-b9c8-36f0c8d693bc/current/log_inprogress_0
2023-11-03 16:42:50,211 [218a95d8-d531-49de-9be4-7ae556dd2030@group-36F0C8D693BC-LeaderElection5] INFO  server.RaftServer$Division (ServerState.java:setRaftConf(434)) - 218a95d8-d531-49de-9be4-7ae556dd2030@group-36F0C8D693BC: set configuration 0: peers:[218a95d8-d531-49de-9be4-7ae556dd2030|rpc:10.1.0.19:15023|admin:10.1.0.19:15022|client:10.1.0.19:15021|dataStream:10.1.0.19:15024|priority:1|startupRole:FOLLOWER, 84f1a9c9-622e-41e0-8205-2fe147efcf79|rpc:10.1.0.19:15014|admin:10.1.0.19:15013|client:10.1.0.19:15012|dataStream:10.1.0.19:15015|priority:0|startupRole:FOLLOWER, ffeddd1f-af09-4c2e-97a1-be5caae46423|rpc:10.1.0.19:15032|admin:10.1.0.19:15031|client:10.1.0.19:15030|dataStream:10.1.0.19:15033|priority:0|startupRole:FOLLOWER]|listeners:[], old=null
2023-11-03 16:42:50,254 [main] INFO  ozone.MiniOzoneClusterImpl (MiniOzoneClusterImpl.java:lambda$waitForClusterToBeReady$0(229)) - Nodes are ready. Got 5 of 5 DN Heartbeats.
2023-11-03 16:42:50,254 [main] INFO  ozone.MiniOzoneClusterImpl (MiniOzoneClusterImpl.java:lambda$waitForClusterToBeReady$0(232)) - Cluster exits safe mode
2023-11-03 16:42:50,254 [main] INFO  ozone.MiniOzoneClusterImpl (MiniOzoneClusterImpl.java:lambda$waitForClusterToBeReady$0(234)) - SCM became leader
2023-11-03 16:42:50,260 [ffeddd1f-af09-4c2e-97a1-be5caae46423-server-thread1] INFO  ratis.XceiverServerRatis (XceiverServerRatis.java:handleLeaderChangedNotification(903)) - Leader change notification received for group: group-36F0C8D693BC with new leaderId: 218a95d8-d531-49de-9be4-7ae556dd2030
2023-11-03 16:42:50,260 [ffeddd1f-af09-4c2e-97a1-be5caae46423-server-thread1] INFO  server.RaftServer$Division (ServerState.java:setLeader(317)) - ffeddd1f-af09-4c2e-97a1-be5caae46423@group-36F0C8D693BC: change Leader from null to 218a95d8-d531-49de-9be4-7ae556dd2030 at term 1 for appendEntries, leader elected after 5281ms
2023-11-03 16:42:50,273 [84f1a9c9-622e-41e0-8205-2fe147efcf79-server-thread1] INFO  ratis.XceiverServerRatis (XceiverServerRatis.java:handleLeaderChangedNotification(903)) - Leader change notification received for group: group-36F0C8D693BC with new leaderId: 218a95d8-d531-49de-9be4-7ae556dd2030
2023-11-03 16:42:50,273 [84f1a9c9-622e-41e0-8205-2fe147efcf79-server-thread1] INFO  server.RaftServer$Division (ServerState.java:setLeader(317)) - 84f1a9c9-622e-41e0-8205-2fe147efcf79@group-36F0C8D693BC: change Leader from null to 218a95d8-d531-49de-9be4-7ae556dd2030 at term 1 for appendEntries, leader elected after 6052ms
2023-11-03 16:42:50,298 [84f1a9c9-622e-41e0-8205-2fe147efcf79-server-thread1] INFO  server.RaftServer$Division (ServerState.java:setRaftConf(434)) - 84f1a9c9-622e-41e0-8205-2fe147efcf79@group-36F0C8D693BC: set configuration 0: peers:[218a95d8-d531-49de-9be4-7ae556dd2030|rpc:10.1.0.19:15023|admin:10.1.0.19:15022|client:10.1.0.19:15021|dataStream:10.1.0.19:15024|priority:1|startupRole:FOLLOWER, 84f1a9c9-622e-41e0-8205-2fe147efcf79|rpc:10.1.0.19:15014|admin:10.1.0.19:15013|client:10.1.0.19:15012|dataStream:10.1.0.19:15015|priority:0|startupRole:FOLLOWER, ffeddd1f-af09-4c2e-97a1-be5caae46423|rpc:10.1.0.19:15032|admin:10.1.0.19:15031|client:10.1.0.19:15030|dataStream:10.1.0.19:15033|priority:0|startupRole:FOLLOWER]|listeners:[], old=null
2023-11-03 16:42:50,298 [84f1a9c9-622e-41e0-8205-2fe147efcf79-server-thread1] INFO  segmented.SegmentedRaftLogWorker (SegmentedRaftLogWorker.java:startLogSegment(447)) - 84f1a9c9-622e-41e0-8205-2fe147efcf79@group-36F0C8D693BC-SegmentedRaftLogWorker: Starting segment from index:0
2023-11-03 16:42:50,301 [295b1274-f2e5-4e31-840f-0ca171e7cc13@group-9DF9C56E1DA3-FollowerState] INFO  impl.FollowerState (FollowerState.java:run(143)) - 295b1274-f2e5-4e31-840f-0ca171e7cc13@group-9DF9C56E1DA3-FollowerState: change to CANDIDATE, lastRpcElapsedTime:5141339271ns, electionTimeout:5129ms
2023-11-03 16:42:50,301 [295b1274-f2e5-4e31-840f-0ca171e7cc13@group-9DF9C56E1DA3-FollowerState] INFO  impl.RoleInfo (RoleInfo.java:shutdownFollowerState(110)) - 295b1274-f2e5-4e31-840f-0ca171e7cc13: shutdown 295b1274-f2e5-4e31-840f-0ca171e7cc13@group-9DF9C56E1DA3-FollowerState
2023-11-03 16:42:50,301 [295b1274-f2e5-4e31-840f-0ca171e7cc13@group-9DF9C56E1DA3-FollowerState] INFO  server.RaftServer$Division (RaftServerImpl.java:setRole(329)) - 295b1274-f2e5-4e31-840f-0ca171e7cc13@group-9DF9C56E1DA3: changes role from  FOLLOWER to CANDIDATE at term 0 for changeToCandidate
2023-11-03 16:42:50,303 [84f1a9c9-622e-41e0-8205-2fe147efcf79@group-36F0C8D693BC-SegmentedRaftLogWorker] INFO  segmented.SegmentedRaftLogWorker (SegmentedRaftLogWorker.java:execute(651)) - 84f1a9c9-622e-41e0-8205-2fe147efcf79@group-36F0C8D693BC-SegmentedRaftLogWorker: created new log segment /home/runner/work/ozone/ozone/hadoop-ozone/integration-test/target/test-dir/MiniOzoneClusterImpl-7c6973ba-416f-441c-aeb4-54a4245b8bbd/datanode-0/data/ratis/3bf15084-ff35-421f-b9c8-36f0c8d693bc/current/log_inprogress_0
2023-11-03 16:42:50,309 [295b1274-f2e5-4e31-840f-0ca171e7cc13@group-9DF9C56E1DA3-FollowerState] INFO  server.RaftServerConfigKeys (ConfUtils.java:logGet(46)) - raft.server.leaderelection.pre-vote = true (default)
2023-11-03 16:42:50,309 [295b1274-f2e5-4e31-840f-0ca171e7cc13@group-9DF9C56E1DA3-FollowerState] INFO  impl.RoleInfo (RoleInfo.java:updateAndGet(139)) - 295b1274-f2e5-4e31-840f-0ca171e7cc13: start 295b1274-f2e5-4e31-840f-0ca171e7cc13@group-9DF9C56E1DA3-LeaderElection7
2023-11-03 16:42:50,309 [ffeddd1f-af09-4c2e-97a1-be5caae46423-server-thread2] INFO  server.RaftServer$Division (ServerState.java:setRaftConf(434)) - ffeddd1f-af09-4c2e-97a1-be5caae46423@group-36F0C8D693BC: set configuration 0: peers:[218a95d8-d531-49de-9be4-7ae556dd2030|rpc:10.1.0.19:15023|admin:10.1.0.19:15022|client:10.1.0.19:15021|dataStream:10.1.0.19:15024|priority:1|startupRole:FOLLOWER, 84f1a9c9-622e-41e0-8205-2fe147efcf79|rpc:10.1.0.19:15014|admin:10.1.0.19:15013|client:10.1.0.19:15012|dataStream:10.1.0.19:15015|priority:0|startupRole:FOLLOWER, ffeddd1f-af09-4c2e-97a1-be5caae46423|rpc:10.1.0.19:15032|admin:10.1.0.19:15031|client:10.1.0.19:15030|dataStream:10.1.0.19:15033|priority:0|startupRole:FOLLOWER]|listeners:[], old=null
2023-11-03 16:42:50,310 [ffeddd1f-af09-4c2e-97a1-be5caae46423-server-thread2] INFO  segmented.SegmentedRaftLogWorker (SegmentedRaftLogWorker.java:startLogSegment(447)) - ffeddd1f-af09-4c2e-97a1-be5caae46423@group-36F0C8D693BC-SegmentedRaftLogWorker: Starting segment from index:0
2023-11-03 16:42:50,317 [ffeddd1f-af09-4c2e-97a1-be5caae46423@group-36F0C8D693BC-SegmentedRaftLogWorker] INFO  segmented.SegmentedRaftLogWorker (SegmentedRaftLogWorker.java:execute(651)) - ffeddd1f-af09-4c2e-97a1-be5caae46423@group-36F0C8D693BC-SegmentedRaftLogWorker: created new log segment /home/runner/work/ozone/ozone/hadoop-ozone/integration-test/target/test-dir/MiniOzoneClusterImpl-7c6973ba-416f-441c-aeb4-54a4245b8bbd/datanode-2/data/ratis/3bf15084-ff35-421f-b9c8-36f0c8d693bc/current/log_inprogress_0
2023-11-03 16:42:50,321 [295b1274-f2e5-4e31-840f-0ca171e7cc13@group-9DF9C56E1DA3-LeaderElection7] INFO  impl.LeaderElection (LeaderElection.java:askForVotes(321)) - 295b1274-f2e5-4e31-840f-0ca171e7cc13@group-9DF9C56E1DA3-LeaderElection7 PRE_VOTE round 0: submit vote requests at term 0 for -1: peers:[295b1274-f2e5-4e31-840f-0ca171e7cc13|rpc:10.1.0.19:15041|admin:10.1.0.19:15040|client:10.1.0.19:15039|dataStream:10.1.0.19:15042|priority:1|startupRole:FOLLOWER]|listeners:[], old=null
2023-11-03 16:42:50,321 [295b1274-f2e5-4e31-840f-0ca171e7cc13@group-9DF9C56E1DA3-LeaderElection7] INFO  impl.LeaderElection (LeaderElection.java:askForVotes(323)) - 295b1274-f2e5-4e31-840f-0ca171e7cc13@group-9DF9C56E1DA3-LeaderElection7 PRE_VOTE round 0: result PASSED (term=0)
2023-11-03 16:42:50,326 [295b1274-f2e5-4e31-840f-0ca171e7cc13@group-9DF9C56E1DA3-LeaderElection7] INFO  impl.LeaderElection (LeaderElection.java:askForVotes(321)) - 295b1274-f2e5-4e31-840f-0ca171e7cc13@group-9DF9C56E1DA3-LeaderElection7 ELECTION round 0: submit vote requests at term 1 for -1: peers:[295b1274-f2e5-4e31-840f-0ca171e7cc13|rpc:10.1.0.19:15041|admin:10.1.0.19:15040|client:10.1.0.19:15039|dataStream:10.1.0.19:15042|priority:1|startupRole:FOLLOWER]|listeners:[], old=null
2023-11-03 16:42:50,326 [295b1274-f2e5-4e31-840f-0ca171e7cc13@group-9DF9C56E1DA3-LeaderElection7] INFO  impl.LeaderElection (LeaderElection.java:askForVotes(323)) - 295b1274-f2e5-4e31-840f-0ca171e7cc13@group-9DF9C56E1DA3-LeaderElection7 ELECTION round 0: result PASSED (term=1)
2023-11-03 16:42:50,326 [295b1274-f2e5-4e31-840f-0ca171e7cc13@group-9DF9C56E1DA3-LeaderElection7] INFO  impl.RoleInfo (RoleInfo.java:shutdownLeaderElection(130)) - 295b1274-f2e5-4e31-840f-0ca171e7cc13: shutdown 295b1274-f2e5-4e31-840f-0ca171e7cc13@group-9DF9C56E1DA3-LeaderElection7
2023-11-03 16:42:50,326 [295b1274-f2e5-4e31-840f-0ca171e7cc13@group-9DF9C56E1DA3-LeaderElection7] INFO  server.RaftServer$Division (RaftServerImpl.java:setRole(329)) - 295b1274-f2e5-4e31-840f-0ca171e7cc13@group-9DF9C56E1DA3: changes role from CANDIDATE to LEADER at term 1 for changeToLeader
2023-11-03 16:42:50,326 [295b1274-f2e5-4e31-840f-0ca171e7cc13@group-9DF9C56E1DA3-LeaderElection7] INFO  ratis.XceiverServerRatis (XceiverServerRatis.java:handleLeaderChangedNotification(903)) - Leader change notification received for group: group-9DF9C56E1DA3 with new leaderId: 295b1274-f2e5-4e31-840f-0ca171e7cc13
2023-11-03 16:42:50,327 [295b1274-f2e5-4e31-840f-0ca171e7cc13@group-9DF9C56E1DA3-LeaderElection7] INFO  server.RaftServer$Division (ServerState.java:setLeader(317)) - 295b1274-f2e5-4e31-840f-0ca171e7cc13@group-9DF9C56E1DA3: change Leader from null to 295b1274-f2e5-4e31-840f-0ca171e7cc13 at term 1 for becomeLeader, leader elected after 5223ms
2023-11-03 16:42:50,327 [295b1274-f2e5-4e31-840f-0ca171e7cc13@group-9DF9C56E1DA3-LeaderElection7] INFO  server.RaftServerConfigKeys (ConfUtils.java:logGet(46)) - raft.server.staging.catchup.gap = 1000 (default)
2023-11-03 16:42:50,327 [295b1274-f2e5-4e31-840f-0ca171e7cc13@group-9DF9C56E1DA3-LeaderElection7] INFO  server.RaftServerConfigKeys (ConfUtils.java:logGet(46)) - raft.server.write.element-limit = 1024 (custom)
2023-11-03 16:42:50,327 [295b1274-f2e5-4e31-840f-0ca171e7cc13@group-9DF9C56E1DA3-LeaderElection7] INFO  server.RaftServerConfigKeys (ConfUtils.java:logGet(46)) - raft.server.write.byte-limit = 1024 M (=1073741824) (custom)
2023-11-03 16:42:50,327 [295b1274-f2e5-4e31-840f-0ca171e7cc13@group-9DF9C56E1DA3-LeaderElection7] INFO  server.RaftServerConfigKeys (ConfUtils.java:logGet(46)) - raft.server.watch.timeout = 180s (custom)
2023-11-03 16:42:50,327 [295b1274-f2e5-4e31-840f-0ca171e7cc13@group-9DF9C56E1DA3-LeaderElection7] INFO  server.RaftServerConfigKeys (ConfUtils.java:logGet(46)) - raft.server.watch.timeout.denomination = 1s (default)
2023-11-03 16:42:50,328 [295b1274-f2e5-4e31-840f-0ca171e7cc13@group-9DF9C56E1DA3-LeaderElection7] INFO  server.RaftServerConfigKeys (ConfUtils.java:logGet(46)) - raft.server.watch.element-limit = 65536 (default)
2023-11-03 16:42:50,328 [295b1274-f2e5-4e31-840f-0ca171e7cc13@group-9DF9C56E1DA3-LeaderElection7] INFO  server.RaftServerConfigKeys (ConfUtils.java:logGet(46)) - raft.server.write.element-limit = 1024 (custom)
2023-11-03 16:42:50,328 [295b1274-f2e5-4e31-840f-0ca171e7cc13@group-9DF9C56E1DA3-LeaderElection7] INFO  server.RaftServerConfigKeys (ConfUtils.java:logGet(46)) - raft.server.write.follower.gap.ratio.max = -1.0 (default)
2023-11-03 16:42:50,328 [295b1274-f2e5-4e31-840f-0ca171e7cc13@group-9DF9C56E1DA3-LeaderElection7] INFO  impl.RoleInfo (RoleInfo.java:updateAndGet(139)) - 295b1274-f2e5-4e31-840f-0ca171e7cc13: start 295b1274-f2e5-4e31-840f-0ca171e7cc13@group-9DF9C56E1DA3-LeaderStateImpl
2023-11-03 16:42:50,328 [295b1274-f2e5-4e31-840f-0ca171e7cc13@group-9DF9C56E1DA3-LeaderElection7] INFO  segmented.SegmentedRaftLogWorker (SegmentedRaftLogWorker.java:startLogSegment(447)) - 295b1274-f2e5-4e31-840f-0ca171e7cc13@group-9DF9C56E1DA3-SegmentedRaftLogWorker: Starting segment from index:0
2023-11-03 16:42:50,334 [295b1274-f2e5-4e31-840f-0ca171e7cc13@group-9DF9C56E1DA3-LeaderElection7] INFO  server.RaftServer$Division (ServerState.java:setRaftConf(434)) - 295b1274-f2e5-4e31-840f-0ca171e7cc13@group-9DF9C56E1DA3: set configuration 0: peers:[295b1274-f2e5-4e31-840f-0ca171e7cc13|rpc:10.1.0.19:15041|admin:10.1.0.19:15040|client:10.1.0.19:15039|dataStream:10.1.0.19:15042|priority:1|startupRole:FOLLOWER]|listeners:[], old=null
2023-11-03 16:42:50,335 [295b1274-f2e5-4e31-840f-0ca171e7cc13@group-9DF9C56E1DA3-SegmentedRaftLogWorker] INFO  segmented.SegmentedRaftLogWorker (SegmentedRaftLogWorker.java:execute(651)) - 295b1274-f2e5-4e31-840f-0ca171e7cc13@group-9DF9C56E1DA3-SegmentedRaftLogWorker: created new log segment /home/runner/work/ozone/ozone/hadoop-ozone/integration-test/target/test-dir/MiniOzoneClusterImpl-7c6973ba-416f-441c-aeb4-54a4245b8bbd/datanode-3/data/ratis/aa72dba9-7941-44f2-941d-9df9c56e1da3/current/log_inprogress_0
2023-11-03 16:42:50,535 [1bfede41-9497-419c-b91f-2116896991e0@group-50048AF0E8C2-FollowerState] INFO  impl.FollowerState (FollowerState.java:run(143)) - 1bfede41-9497-419c-b91f-2116896991e0@group-50048AF0E8C2-FollowerState: change to CANDIDATE, lastRpcElapsedTime:5190442249ns, electionTimeout:5188ms
2023-11-03 16:42:50,536 [1bfede41-9497-419c-b91f-2116896991e0@group-50048AF0E8C2-FollowerState] INFO  impl.RoleInfo (RoleInfo.java:shutdownFollowerState(110)) - 1bfede41-9497-419c-b91f-2116896991e0: shutdown 1bfede41-9497-419c-b91f-2116896991e0@group-50048AF0E8C2-FollowerState
2023-11-03 16:42:50,536 [1bfede41-9497-419c-b91f-2116896991e0@group-50048AF0E8C2-FollowerState] INFO  server.RaftServer$Division (RaftServerImpl.java:setRole(329)) - 1bfede41-9497-419c-b91f-2116896991e0@group-50048AF0E8C2: changes role from  FOLLOWER to CANDIDATE at term 0 for changeToCandidate
2023-11-03 16:42:50,538 [1bfede41-9497-419c-b91f-2116896991e0@group-50048AF0E8C2-FollowerState] INFO  server.RaftServerConfigKeys (ConfUtils.java:logGet(46)) - raft.server.leaderelection.pre-vote = true (default)
2023-11-03 16:42:50,538 [1bfede41-9497-419c-b91f-2116896991e0@group-50048AF0E8C2-FollowerState] INFO  impl.RoleInfo (RoleInfo.java:updateAndGet(139)) - 1bfede41-9497-419c-b91f-2116896991e0: start 1bfede41-9497-419c-b91f-2116896991e0@group-50048AF0E8C2-LeaderElection8
2023-11-03 16:42:50,540 [1bfede41-9497-419c-b91f-2116896991e0@group-50048AF0E8C2-LeaderElection8] INFO  impl.LeaderElection (LeaderElection.java:askForVotes(321)) - 1bfede41-9497-419c-b91f-2116896991e0@group-50048AF0E8C2-LeaderElection8 PRE_VOTE round 0: submit vote requests at term 0 for -1: peers:[1bfede41-9497-419c-b91f-2116896991e0|rpc:10.1.0.19:15050|admin:10.1.0.19:15049|client:10.1.0.19:15048|dataStream:10.1.0.19:15051|priority:1|startupRole:FOLLOWER]|listeners:[], old=null
2023-11-03 16:42:50,540 [1bfede41-9497-419c-b91f-2116896991e0@group-50048AF0E8C2-LeaderElection8] INFO  impl.LeaderElection (LeaderElection.java:askForVotes(323)) - 1bfede41-9497-419c-b91f-2116896991e0@group-50048AF0E8C2-LeaderElection8 PRE_VOTE round 0: result PASSED (term=0)
2023-11-03 16:42:50,544 [1bfede41-9497-419c-b91f-2116896991e0@group-50048AF0E8C2-LeaderElection8] INFO  impl.LeaderElection (LeaderElection.java:askForVotes(321)) - 1bfede41-9497-419c-b91f-2116896991e0@group-50048AF0E8C2-LeaderElection8 ELECTION round 0: submit vote requests at term 1 for -1: peers:[1bfede41-9497-419c-b91f-2116896991e0|rpc:10.1.0.19:15050|admin:10.1.0.19:15049|client:10.1.0.19:15048|dataStream:10.1.0.19:15051|priority:1|startupRole:FOLLOWER]|listeners:[], old=null
2023-11-03 16:42:50,544 [1bfede41-9497-419c-b91f-2116896991e0@group-50048AF0E8C2-LeaderElection8] INFO  impl.LeaderElection (LeaderElection.java:askForVotes(323)) - 1bfede41-9497-419c-b91f-2116896991e0@group-50048AF0E8C2-LeaderElection8 ELECTION round 0: result PASSED (term=1)
2023-11-03 16:42:50,544 [1bfede41-9497-419c-b91f-2116896991e0@group-50048AF0E8C2-LeaderElection8] INFO  impl.RoleInfo (RoleInfo.java:shutdownLeaderElection(130)) - 1bfede41-9497-419c-b91f-2116896991e0: shutdown 1bfede41-9497-419c-b91f-2116896991e0@group-50048AF0E8C2-LeaderElection8
2023-11-03 16:42:50,544 [1bfede41-9497-419c-b91f-2116896991e0@group-50048AF0E8C2-LeaderElection8] INFO  server.RaftServer$Division (RaftServerImpl.java:setRole(329)) - 1bfede41-9497-419c-b91f-2116896991e0@group-50048AF0E8C2: changes role from CANDIDATE to LEADER at term 1 for changeToLeader
2023-11-03 16:42:50,544 [1bfede41-9497-419c-b91f-2116896991e0@group-50048AF0E8C2-LeaderElection8] INFO  ratis.XceiverServerRatis (XceiverServerRatis.java:handleLeaderChangedNotification(903)) - Leader change notification received for group: group-50048AF0E8C2 with new leaderId: 1bfede41-9497-419c-b91f-2116896991e0
2023-11-03 16:42:50,546 [1bfede41-9497-419c-b91f-2116896991e0@group-50048AF0E8C2-LeaderElection8] INFO  server.RaftServer$Division (ServerState.java:setLeader(317)) - 1bfede41-9497-419c-b91f-2116896991e0@group-50048AF0E8C2: change Leader from null to 1bfede41-9497-419c-b91f-2116896991e0 at term 1 for becomeLeader, leader elected after 5269ms
2023-11-03 16:42:50,546 [1bfede41-9497-419c-b91f-2116896991e0@group-50048AF0E8C2-LeaderElection8] INFO  server.RaftServerConfigKeys (ConfUtils.java:logGet(46)) - raft.server.staging.catchup.gap = 1000 (default)
2023-11-03 16:42:50,547 [1bfede41-9497-419c-b91f-2116896991e0@group-50048AF0E8C2-LeaderElection8] INFO  server.RaftServerConfigKeys (ConfUtils.java:logGet(46)) - raft.server.write.element-limit = 1024 (custom)
2023-11-03 16:42:50,547 [1bfede41-9497-419c-b91f-2116896991e0@group-50048AF0E8C2-LeaderElection8] INFO  server.RaftServerConfigKeys (ConfUtils.java:logGet(46)) - raft.server.write.byte-limit = 1024 M (=1073741824) (custom)
2023-11-03 16:42:50,556 [1bfede41-9497-419c-b91f-2116896991e0@group-50048AF0E8C2-LeaderElection8] INFO  server.RaftServerConfigKeys (ConfUtils.java:logGet(46)) - raft.server.watch.timeout = 180s (custom)
2023-11-03 16:42:50,556 [1bfede41-9497-419c-b91f-2116896991e0@group-50048AF0E8C2-LeaderElection8] INFO  server.RaftServerConfigKeys (ConfUtils.java:logGet(46)) - raft.server.watch.timeout.denomination = 1s (default)
2023-11-03 16:42:50,556 [1bfede41-9497-419c-b91f-2116896991e0@group-50048AF0E8C2-LeaderElection8] INFO  server.RaftServerConfigKeys (ConfUtils.java:logGet(46)) - raft.server.watch.element-limit = 65536 (default)
2023-11-03 16:42:50,556 [1bfede41-9497-419c-b91f-2116896991e0@group-50048AF0E8C2-LeaderElection8] INFO  server.RaftServerConfigKeys (ConfUtils.java:logGet(46)) - raft.server.write.element-limit = 1024 (custom)
2023-11-03 16:42:50,556 [1bfede41-9497-419c-b91f-2116896991e0@group-50048AF0E8C2-LeaderElection8] INFO  server.RaftServerConfigKeys (ConfUtils.java:logGet(46)) - raft.server.write.follower.gap.ratio.max = -1.0 (default)
2023-11-03 16:42:50,556 [1bfede41-9497-419c-b91f-2116896991e0@group-50048AF0E8C2-LeaderElection8] INFO  impl.RoleInfo (RoleInfo.java:updateAndGet(139)) - 1bfede41-9497-419c-b91f-2116896991e0: start 1bfede41-9497-419c-b91f-2116896991e0@group-50048AF0E8C2-LeaderStateImpl
2023-11-03 16:42:50,558 [1bfede41-9497-419c-b91f-2116896991e0@group-50048AF0E8C2-LeaderElection8] INFO  segmented.SegmentedRaftLogWorker (SegmentedRaftLogWorker.java:startLogSegment(447)) - 1bfede41-9497-419c-b91f-2116896991e0@group-50048AF0E8C2-SegmentedRaftLogWorker: Starting segment from index:0
2023-11-03 16:42:50,561 [1bfede41-9497-419c-b91f-2116896991e0@group-50048AF0E8C2-SegmentedRaftLogWorker] INFO  segmented.SegmentedRaftLogWorker (SegmentedRaftLogWorker.java:execute(651)) - 1bfede41-9497-419c-b91f-2116896991e0@group-50048AF0E8C2-SegmentedRaftLogWorker: created new log segment /home/runner/work/ozone/ozone/hadoop-ozone/integration-test/target/test-dir/MiniOzoneClusterImpl-7c6973ba-416f-441c-aeb4-54a4245b8bbd/datanode-4/data/ratis/ff10e5ee-7a4d-4a90-b37e-50048af0e8c2/current/log_inprogress_0
2023-11-03 16:42:50,572 [1bfede41-9497-419c-b91f-2116896991e0@group-50048AF0E8C2-LeaderElection8] INFO  server.RaftServer$Division (ServerState.java:setRaftConf(434)) - 1bfede41-9497-419c-b91f-2116896991e0@group-50048AF0E8C2: set configuration 0: peers:[1bfede41-9497-419c-b91f-2116896991e0|rpc:10.1.0.19:15050|admin:10.1.0.19:15049|client:10.1.0.19:15048|dataStream:10.1.0.19:15051|priority:1|startupRole:FOLLOWER]|listeners:[], old=null
2023-11-03 16:42:51,103 [84f1a9c9-622e-41e0-8205-2fe147efcf79@group-099E554763CE-FollowerState] WARN  impl.FollowerState (FollowerState.java:run(130)) - Unexpected long sleep: sleep 5150ms but took extra 323395002ns (> threshold = 300ms)
2023-11-03 16:42:51,103 [JvmPauseMonitor2] WARN  util.JvmPauseMonitor (JvmPauseMonitor.java:detectPause(124)) - JvmPauseMonitor-84f1a9c9-622e-41e0-8205-2fe147efcf79: Detected pause in JVM or host machine approximately 0.323s with 0.430s GC time.
GC pool 'PS MarkSweep' had collection(s): count=1 time=276ms
GC pool 'PS Scavenge' had collection(s): count=1 time=154ms
2023-11-03 16:42:51,103 [84f1a9c9-622e-41e0-8205-2fe147efcf79@group-099E554763CE-FollowerState] INFO  server.RaftServerConfigKeys (ConfUtils.java:logFallback(53)) - raft.server.rpc.first-election.timeout.min = 5s (fallback to raft.server.rpc.timeout.min)
2023-11-03 16:42:51,103 [84f1a9c9-622e-41e0-8205-2fe147efcf79@group-099E554763CE-FollowerState] INFO  server.RaftServerConfigKeys (ConfUtils.java:logFallback(53)) - raft.server.rpc.first-election.timeout.max = 5200ms (fallback to raft.server.rpc.timeout.max)
2023-11-03 16:42:51,103 [JvmPauseMonitor1] WARN  util.JvmPauseMonitor (JvmPauseMonitor.java:detectPause(124)) - JvmPauseMonitor-om1: Detected pause in JVM or host machine approximately 0.342s with 0.430s GC time.
GC pool 'PS MarkSweep' had collection(s): count=1 time=276ms
GC pool 'PS Scavenge' had collection(s): count=1 time=154ms
2023-11-03 16:42:51,103 [JvmPauseMonitor5] WARN  util.JvmPauseMonitor (JvmPauseMonitor.java:detectPause(124)) - JvmPauseMonitor-295b1274-f2e5-4e31-840f-0ca171e7cc13: Detected pause in JVM or host machine approximately 0.343s with 0.430s GC time.
GC pool 'PS MarkSweep' had collection(s): count=1 time=276ms
GC pool 'PS Scavenge' had collection(s): count=1 time=154ms
2023-11-03 16:42:51,104 [JvmPauseMonitor3] WARN  util.JvmPauseMonitor (JvmPauseMonitor.java:detectPause(124)) - JvmPauseMonitor-218a95d8-d531-49de-9be4-7ae556dd2030: Detected pause in JVM or host machine approximately 0.343s with 0.430s GC time.
GC pool 'PS MarkSweep' had collection(s): count=1 time=276ms
GC pool 'PS Scavenge' had collection(s): count=1 time=154ms
2023-11-03 16:42:51,111 [218a95d8-d531-49de-9be4-7ae556dd2030@group-099E554763CE-FollowerState] WARN  impl.FollowerState (FollowerState.java:run(130)) - Unexpected long sleep: sleep 5118ms but took extra 376142067ns (> threshold = 300ms)
2023-11-03 16:42:51,112 [218a95d8-d531-49de-9be4-7ae556dd2030@group-099E554763CE-FollowerState] INFO  server.RaftServerConfigKeys (ConfUtils.java:logFallback(53)) - raft.server.rpc.first-election.timeout.min = 5s (fallback to raft.server.rpc.timeout.min)
2023-11-03 16:42:51,112 [218a95d8-d531-49de-9be4-7ae556dd2030@group-099E554763CE-FollowerState] INFO  server.RaftServerConfigKeys (ConfUtils.java:logFallback(53)) - raft.server.rpc.first-election.timeout.max = 5200ms (fallback to raft.server.rpc.timeout.max)
2023-11-03 16:42:51,112 [ffeddd1f-af09-4c2e-97a1-be5caae46423@group-099E554763CE-FollowerState] WARN  impl.FollowerState (FollowerState.java:run(130)) - Unexpected long sleep: sleep 5050ms but took extra 439202954ns (> threshold = 300ms)
2023-11-03 16:42:51,112 [ffeddd1f-af09-4c2e-97a1-be5caae46423@group-099E554763CE-FollowerState] INFO  server.RaftServerConfigKeys (ConfUtils.java:logFallback(53)) - raft.server.rpc.first-election.timeout.min = 5s (fallback to raft.server.rpc.timeout.min)
2023-11-03 16:42:51,112 [ffeddd1f-af09-4c2e-97a1-be5caae46423@group-099E554763CE-FollowerState] INFO  server.RaftServerConfigKeys (ConfUtils.java:logFallback(53)) - raft.server.rpc.first-election.timeout.max = 5200ms (fallback to raft.server.rpc.timeout.max)
2023-11-03 16:42:51,113 [JvmPauseMonitor6] WARN  util.JvmPauseMonitor (JvmPauseMonitor.java:detectPause(124)) - JvmPauseMonitor-1bfede41-9497-419c-b91f-2116896991e0: Detected pause in JVM or host machine approximately 0.262s with 0.430s GC time.
GC pool 'PS MarkSweep' had collection(s): count=1 time=276ms
GC pool 'PS Scavenge' had collection(s): count=1 time=154ms
2023-11-03 16:42:51,117 [JvmPauseMonitor4] WARN  util.JvmPauseMonitor (JvmPauseMonitor.java:detectPause(124)) - JvmPauseMonitor-ffeddd1f-af09-4c2e-97a1-be5caae46423: Detected pause in JVM or host machine approximately 0.132s with 0.430s GC time.
GC pool 'PS MarkSweep' had collection(s): count=1 time=276ms
GC pool 'PS Scavenge' had collection(s): count=1 time=154ms
2023-11-03 16:42:51,117 [JvmPauseMonitor0] WARN  util.JvmPauseMonitor (JvmPauseMonitor.java:detectPause(124)) - JvmPauseMonitor-92e6787f-834e-4959-b7b7-52a8de32eae1: Detected pause in JVM or host machine approximately 0.115s with 0.430s GC time.
GC pool 'PS MarkSweep' had collection(s): count=1 time=276ms
GC pool 'PS Scavenge' had collection(s): count=1 time=154ms
2023-11-03 16:42:51,482 [main] INFO  rpc.RpcClient (RpcClient.java:createVolume(461)) - Creating Volume: volume13981, with user60226 as owner and space quota set to -1 bytes, counts quota set to -1
2023-11-03 16:42:51,540 [om1-OMStateMachineApplyTransactionThread - 0] INFO  volume.OMVolumeCreateRequest (OMVolumeCreateRequest.java:validateAndUpdateCache(197)) - created volume:volume13981 for user:user60226
2023-11-03 16:42:51,559 [main] INFO  rpc.RpcClient (RpcClient.java:createBucket(688)) - Creating Bucket: volume13981/bucket57402, with bucket layout FILE_SYSTEM_OPTIMIZED, runner as owner, Versioning false, Storage Type set to DISK and Encryption set to false, Replication Type set to server-side default replication type, Namespace Quota set to -1, Space Quota set to -1 
2023-11-03 16:42:51,581 [om1-OMStateMachineApplyTransactionThread - 0] INFO  bucket.OMBucketCreateRequest (OMBucketCreateRequest.java:validateAndUpdateCache(271)) - created bucket: bucket57402 of layout FILE_SYSTEM_OPTIMIZED in volume: volume13981
2023-11-03 16:42:51,814 [Time-limited test] INFO  ozone.TestOzoneFileSystemWithFSO (TestOzoneFileSystemWithFSO.java:testRenameDirToItsOwnSubDir(294)) - Created dir1 o3fs://bucket57402.volume13981/root/dir1/sub_dir1
2023-11-03 16:42:51,814 [Time-limited test] INFO  ozone.TestOzoneFileSystemWithFSO (TestOzoneFileSystemWithFSO.java:testRenameDirToItsOwnSubDir(297)) - Rename op-> source:o3fs://bucket57402.volume13981/root to destin:o3fs://bucket57402.volume13981/root/dir1/sub_dir1
16:42:51.857 [om1-OMStateMachineApplyTransactionThread - 0] ERROR OMAudit - user=runner | ip=127.0.0.1 | op=RENAME_KEY {volume=volume13981, bucket=bucket57402, dataSize=0, replicationType=NONE, replicationFactor=ZERO, srcKey=root, dstKey=root/dir1/sub_dir1} | ret=FAILURE
org.apache.hadoop.ozone.om.exceptions.OMException: Cannot rename a directory to its own subdirectory
	at org.apache.hadoop.ozone.om.request.file.OMFileRequest.verifyToDirIsASubDirOfFromDirectory(OMFileRequest.java:783) ~[ozone-manager-1.4.0-SNAPSHOT.jar:?]
	at org.apache.hadoop.ozone.om.request.key.OMKeyRenameRequestWithFSO.validateAndUpdateCache(OMKeyRenameRequestWithFSO.java:160) ~[ozone-manager-1.4.0-SNAPSHOT.jar:?]
	at org.apache.hadoop.ozone.protocolPB.OzoneManagerRequestHandler.lambda$0(OzoneManagerRequestHandler.java:390) ~[ozone-manager-1.4.0-SNAPSHOT.jar:?]
	at org.apache.hadoop.util.MetricUtil.captureLatencyNs(MetricUtil.java:39) ~[hdds-common-1.4.0-SNAPSHOT.jar:?]
	at org.apache.hadoop.ozone.protocolPB.OzoneManagerRequestHandler.handleWriteRequest(OzoneManagerRequestHandler.java:388) ~[ozone-manager-1.4.0-SNAPSHOT.jar:?]
	at org.apache.hadoop.ozone.om.ratis.OzoneManagerStateMachine.runCommand(OzoneManagerStateMachine.java:578) ~[ozone-manager-1.4.0-SNAPSHOT.jar:?]
	at org.apache.hadoop.ozone.om.ratis.OzoneManagerStateMachine.lambda$1(OzoneManagerStateMachine.java:368) ~[ozone-manager-1.4.0-SNAPSHOT.jar:?]
	at java.util.concurrent.CompletableFuture$AsyncSupply.run(CompletableFuture.java:1604) [?:1.8.0_382]
	at java.util.concurrent.ThreadPoolExecutor.runWorker(ThreadPoolExecutor.java:1149) [?:1.8.0_382]
	at java.util.concurrent.ThreadPoolExecutor$Worker.run(ThreadPoolExecutor.java:624) [?:1.8.0_382]
	at java.lang.Thread.run(Thread.java:750) [?:1.8.0_382]
2023-11-03 16:42:51,876 [om1-OMStateMachineApplyTransactionThread - 0] ERROR key.OMKeyRenameRequestWithFSO (OMKeyRenameRequestWithFSO.java:validateAndUpdateCache(251)) - Rename key failed for volume:volume13981 bucket:bucket57402 fromKey:root toKey:root/dir1/sub_dir1. Exception: Cannot rename a directory to its own subdirectory.
2023-11-03 16:42:51,878 [Time-limited test] ERROR ozone.BasicOzoneFileSystem (BasicOzoneFileSystem.java:renameFSO(496)) - rename key failed: Cannot rename a directory to its own subdirectory. Error code: KEY_RENAME_ERROR source:root, destin:root/dir1/sub_dir1
]]></system-out>
  </testcase>
  <testcase name="testRenameDirToItsOwnSubDir" classname="TestOzoneFileSystemWithFSO" time="19.141">
    <system-out><![CDATA[2023-11-03 16:43:08,799 [main] INFO  ozone.MiniOzoneClusterImpl (MiniOzoneClusterImpl.java:shutdown(448)) - Shutting down the Mini Ozone Cluster
2023-11-03 16:43:08,799 [main] INFO  ozone.MiniOzoneClusterImpl (MiniOzoneClusterImpl.java:stop(465)) - Stopping the Mini Ozone Cluster
2023-11-03 16:43:08,799 [main] INFO  om.OzoneManager (OzoneManager.java:stop(2214)) - om1[localhost:15004]: Stopping Ozone Manager
2023-11-03 16:43:08,800 [main] INFO  ipc.Server (Server.java:stop(3523)) - Stopping server on 15004
2023-11-03 16:43:08,802 [IPC Server listener on 15004] INFO  ipc.Server (Server.java:run(1434)) - Stopping IPC Server listener on 15004
2023-11-03 16:43:08,809 [IPC Server Responder] INFO  ipc.Server (Server.java:run(1567)) - Stopping IPC Server Responder
2023-11-03 16:43:08,810 [main] INFO  server.RaftServer (RaftServerProxy.java:lambda$close$6(416)) - om1: close
2023-11-03 16:43:08,811 [om1-impl-thread1] INFO  server.RaftServer$Division (RaftServerImpl.java:lambda$close$4(466)) - om1@group-C5BA1605619E: shutdown
2023-11-03 16:43:08,811 [om1-impl-thread1] INFO  util.JmxRegister (JmxRegister.java:unregister(73)) - Successfully un-registered JMX Bean with object name Ratis:service=RaftServer,group=group-C5BA1605619E,id=om1
2023-11-03 16:43:08,812 [om1-impl-thread1] INFO  impl.RoleInfo (RoleInfo.java:shutdownLeaderState(93)) - om1: shutdown om1@group-C5BA1605619E-LeaderStateImpl
2023-11-03 16:43:08,812 [om1-impl-thread1] INFO  impl.PendingRequests (PendingRequests.java:sendNotLeaderResponses(289)) - om1@group-C5BA1605619E-PendingRequests: sendNotLeaderResponses
2023-11-03 16:43:08,813 [main] INFO  server.GrpcService (GrpcService.java:closeImpl(311)) - om1: shutdown server GrpcServerProtocolService now
2023-11-03 16:43:08,831 [om1-impl-thread1] INFO  impl.StateMachineUpdater (StateMachineUpdater.java:stopAndJoin(155)) - om1@group-C5BA1605619E-StateMachineUpdater: set stopIndex = 3890
2023-11-03 16:43:08,835 [om1@group-C5BA1605619E-StateMachineUpdater] INFO  ratis.OzoneManagerStateMachine (OzoneManagerStateMachine.java:takeSnapshot(489)) - Current Snapshot Index (t:1, i:3890)
2023-11-03 16:43:08,837 [main] INFO  server.GrpcService (GrpcService.java:closeImpl(320)) - om1: shutdown server GrpcServerProtocolService successfully
2023-11-03 16:43:08,883 [om1@group-C5BA1605619E-StateMachineUpdater] INFO  impl.StateMachineUpdater (StateMachineUpdater.java:takeSnapshot(291)) - om1@group-C5BA1605619E-StateMachineUpdater: Took a snapshot at index 3890
2023-11-03 16:43:08,884 [om1@group-C5BA1605619E-StateMachineUpdater] INFO  impl.StateMachineUpdater (StateMachineUpdater.java:lambda$new$0(97)) - om1@group-C5BA1605619E-StateMachineUpdater: snapshotIndex: updateIncreasingly -1 -> 3890
2023-11-03 16:43:08,884 [om1@group-C5BA1605619E-StateMachineUpdater] INFO  ratis.OzoneManagerStateMachine (OzoneManagerStateMachine.java:close(543)) - StateMachine has shutdown. Shutdown OzoneManager if not already shutdown.
2023-11-03 16:43:08,884 [om1@group-C5BA1605619E-StateMachineUpdater] INFO  ratis.OzoneManagerDoubleBuffer (OzoneManagerDoubleBuffer.java:stopDaemon(559)) - Stopping OMDoubleBuffer flush thread
2023-11-03 16:43:08,885 [om1-OMDoubleBufferFlushThread] INFO  ratis.OzoneManagerDoubleBuffer (OzoneManagerDoubleBuffer.java:canFlush(646)) - OMDoubleBuffer flush thread om1-OMDoubleBufferFlushThread is interrupted and will exit.
2023-11-03 16:43:08,887 [om1-impl-thread1] INFO  server.RaftServer$Division (ServerState.java:close(472)) - om1@group-C5BA1605619E: closes. applyIndex: 3890
2023-11-03 16:43:09,793 [om1-impl-thread1] INFO  segmented.SegmentedRaftLogWorker (SegmentedRaftLogWorker.java:close(252)) - om1@group-C5BA1605619E-SegmentedRaftLogWorker close()
2023-11-03 16:43:09,794 [JvmPauseMonitor1] INFO  util.JvmPauseMonitor (JvmPauseMonitor.java:run(109)) - JvmPauseMonitor-om1: Stopped
2023-11-03 16:43:09,794 [main] INFO  ratis.OzoneManagerStateMachine (OzoneManagerStateMachine.java:close(543)) - StateMachine has shutdown. Shutdown OzoneManager if not already shutdown.
2023-11-03 16:43:09,795 [main] INFO  ratis.OzoneManagerDoubleBuffer (OzoneManagerDoubleBuffer.java:stopDaemon(568)) - OMDoubleBuffer flush thread is not running.
2023-11-03 16:43:09,796 [main] INFO  utils.BackgroundService (BackgroundService.java:shutdown(160)) - Shutting down service KeyDeletingService
2023-11-03 16:43:09,796 [main] INFO  utils.BackgroundService (BackgroundService.java:shutdown(160)) - Shutting down service DirectoryDeletingService
2023-11-03 16:43:09,796 [main] INFO  utils.BackgroundService (BackgroundService.java:shutdown(160)) - Shutting down service OpenKeyCleanupService
2023-11-03 16:43:09,796 [main] INFO  utils.BackgroundService (BackgroundService.java:shutdown(160)) - Shutting down service SstFilteringService
2023-11-03 16:43:09,797 [main] INFO  utils.BackgroundService (BackgroundService.java:shutdown(160)) - Shutting down service SnapshotDeletingService
2023-11-03 16:43:09,797 [main] INFO  utils.BackgroundService (BackgroundService.java:shutdown(160)) - Shutting down service MultipartUploadCleanupService
2023-11-03 16:43:09,799 [main] INFO  handler.ContextHandler (ContextHandler.java:doStop(1159)) - Stopped o.e.j.w.WebAppContext@3829fb0b{ozoneManager,/,null,STOPPED}{file:/home/runner/work/ozone/ozone/hadoop-ozone/integration-test/target/test-classes/webapps/ozoneManager}
2023-11-03 16:43:09,803 [main] INFO  server.AbstractConnector (AbstractConnector.java:doStop(383)) - Stopped ServerConnector@18a0c124{HTTP/1.1, (http/1.1)}{0.0.0.0:15005}
2023-11-03 16:43:09,804 [main] INFO  server.session (HouseKeeper.java:stopScavenging(149)) - node0 Stopped scavenging
2023-11-03 16:43:09,804 [main] INFO  handler.ContextHandler (ContextHandler.java:doStop(1159)) - Stopped o.e.j.s.ServletContextHandler@1f420cc9{static,/static,file:///home/runner/work/ozone/ozone/hadoop-ozone/integration-test/target/test-classes/webapps/static,STOPPED}
2023-11-03 16:43:09,804 [main] INFO  handler.ContextHandler (ContextHandler.java:doStop(1159)) - Stopped o.e.j.s.ServletContextHandler@62590e21{logs,/logs,file:///home/runner/work/ozone/ozone/hadoop-ozone/integration-test/target/log,STOPPED}
2023-11-03 16:43:09,807 [om1-TrashEmptier] ERROR om.TrashPolicyOzone (TrashPolicyOzone.java:run(354)) - Error attempting to shutdown
java.lang.InterruptedException
	at java.util.concurrent.locks.AbstractQueuedSynchronizer$ConditionObject.awaitNanos(AbstractQueuedSynchronizer.java:2067)
	at java.util.concurrent.ThreadPoolExecutor.awaitTermination(ThreadPoolExecutor.java:1475)
	at org.apache.hadoop.ozone.om.TrashPolicyOzone$Emptier.run(TrashPolicyOzone.java:352)
	at java.lang.Thread.run(Thread.java:750)
2023-11-03 16:43:09,810 [main] INFO  rocksdiff.RocksDBCheckpointDiffer (RocksDBCheckpointDiffer.java:close(313)) - Shutting down CompactionDagPruningService.
2023-11-03 16:43:09,819 [main] INFO  snapshot.SnapshotDiffManager (SnapshotDiffManager.java:closeExecutorService(1702)) - Shutting down executorService: 'SnapDiffExecutor'
2023-11-03 16:43:09,820 [main] INFO  snapshot.SnapshotDiffManager (SnapshotDiffManager.java:closeExecutorService(1702)) - Shutting down executorService: 'SstDumpToolExecutor'
2023-11-03 16:43:09,820 [main] INFO  utils.BackgroundService (BackgroundService.java:shutdown(160)) - Shutting down service SnapshotDiffCleanupService
2023-11-03 16:43:09,823 [main] INFO  ozone.MiniOzoneClusterImpl (MiniOzoneClusterImpl.java:stopDatanodes(533)) - Stopping the HddsDatanodes
2023-11-03 16:43:09,830 [ForkJoinPool.commonPool-worker-1] INFO  ozoneimpl.OzoneContainer (OzoneContainer.java:stop(463)) - Attempting to stop container services.
2023-11-03 16:43:09,830 [main] INFO  ozoneimpl.OzoneContainer (OzoneContainer.java:stop(463)) - Attempting to stop container services.
2023-11-03 16:43:09,832 [ForkJoinPool.commonPool-worker-1] INFO  server.RaftServer (RaftServerProxy.java:lambda$close$6(416)) - 218a95d8-d531-49de-9be4-7ae556dd2030: close
2023-11-03 16:43:09,833 [218a95d8-d531-49de-9be4-7ae556dd2030-impl-thread1] INFO  server.RaftServer$Division (RaftServerImpl.java:lambda$close$4(466)) - 218a95d8-d531-49de-9be4-7ae556dd2030@group-099E554763CE: shutdown
2023-11-03 16:43:09,833 [218a95d8-d531-49de-9be4-7ae556dd2030-impl-thread1] INFO  util.JmxRegister (JmxRegister.java:unregister(73)) - Successfully un-registered JMX Bean with object name Ratis:service=RaftServer,group=group-099E554763CE,id=218a95d8-d531-49de-9be4-7ae556dd2030
2023-11-03 16:43:09,833 [218a95d8-d531-49de-9be4-7ae556dd2030-impl-thread1] INFO  impl.RoleInfo (RoleInfo.java:shutdownFollowerState(110)) - 218a95d8-d531-49de-9be4-7ae556dd2030: shutdown 218a95d8-d531-49de-9be4-7ae556dd2030@group-099E554763CE-FollowerState
2023-11-03 16:43:09,833 [ForkJoinPool.commonPool-worker-1] INFO  server.GrpcService (GrpcService.java:closeImpl(311)) - 218a95d8-d531-49de-9be4-7ae556dd2030: shutdown server org.apache.ratis.grpc.server.GrpcClientProtocolService now
2023-11-03 16:43:09,833 [218a95d8-d531-49de-9be4-7ae556dd2030-impl-thread2] INFO  server.RaftServer$Division (RaftServerImpl.java:lambda$close$4(466)) - 218a95d8-d531-49de-9be4-7ae556dd2030@group-F75D13E3DDA0: shutdown
2023-11-03 16:43:09,833 [218a95d8-d531-49de-9be4-7ae556dd2030-impl-thread2] INFO  util.JmxRegister (JmxRegister.java:unregister(73)) - Successfully un-registered JMX Bean with object name Ratis:service=RaftServer,group=group-F75D13E3DDA0,id=218a95d8-d531-49de-9be4-7ae556dd2030
2023-11-03 16:43:09,833 [218a95d8-d531-49de-9be4-7ae556dd2030-impl-thread2] INFO  impl.RoleInfo (RoleInfo.java:shutdownLeaderState(93)) - 218a95d8-d531-49de-9be4-7ae556dd2030: shutdown 218a95d8-d531-49de-9be4-7ae556dd2030@group-F75D13E3DDA0-LeaderStateImpl
2023-11-03 16:43:09,840 [grpc-default-executor-4] WARN  server.GrpcClientProtocolService (LogUtils.java:warn(122)) - 1-OrderedRequestStreamObserver1: onError: org.apache.ratis.thirdparty.io.grpc.StatusRuntimeException: CANCELLED: client cancelled
2023-11-03 16:43:09,839 [218a95d8-d531-49de-9be4-7ae556dd2030-impl-thread3] INFO  server.RaftServer$Division (RaftServerImpl.java:lambda$close$4(466)) - 218a95d8-d531-49de-9be4-7ae556dd2030@group-36F0C8D693BC: shutdown
2023-11-03 16:43:09,841 [218a95d8-d531-49de-9be4-7ae556dd2030-impl-thread3] INFO  util.JmxRegister (JmxRegister.java:unregister(73)) - Successfully un-registered JMX Bean with object name Ratis:service=RaftServer,group=group-36F0C8D693BC,id=218a95d8-d531-49de-9be4-7ae556dd2030
2023-11-03 16:43:09,841 [218a95d8-d531-49de-9be4-7ae556dd2030-impl-thread3] INFO  impl.RoleInfo (RoleInfo.java:shutdownLeaderState(93)) - 218a95d8-d531-49de-9be4-7ae556dd2030: shutdown 218a95d8-d531-49de-9be4-7ae556dd2030@group-36F0C8D693BC-LeaderStateImpl
2023-11-03 16:43:09,845 [main] INFO  server.RaftServer (RaftServerProxy.java:lambda$close$6(416)) - ffeddd1f-af09-4c2e-97a1-be5caae46423: close
2023-11-03 16:43:09,845 [ffeddd1f-af09-4c2e-97a1-be5caae46423-impl-thread1] INFO  server.RaftServer$Division (RaftServerImpl.java:lambda$close$4(466)) - ffeddd1f-af09-4c2e-97a1-be5caae46423@group-099E554763CE: shutdown
2023-11-03 16:43:09,845 [ffeddd1f-af09-4c2e-97a1-be5caae46423-impl-thread1] INFO  util.JmxRegister (JmxRegister.java:unregister(73)) - Successfully un-registered JMX Bean with object name Ratis:service=RaftServer,group=group-099E554763CE,id=ffeddd1f-af09-4c2e-97a1-be5caae46423
2023-11-03 16:43:09,845 [ffeddd1f-af09-4c2e-97a1-be5caae46423-impl-thread1] INFO  impl.RoleInfo (RoleInfo.java:shutdownFollowerState(110)) - ffeddd1f-af09-4c2e-97a1-be5caae46423: shutdown ffeddd1f-af09-4c2e-97a1-be5caae46423@group-099E554763CE-FollowerState
2023-11-03 16:43:09,845 [ffeddd1f-af09-4c2e-97a1-be5caae46423-impl-thread2] INFO  server.RaftServer$Division (RaftServerImpl.java:lambda$close$4(466)) - ffeddd1f-af09-4c2e-97a1-be5caae46423@group-3666D6C978EB: shutdown
2023-11-03 16:43:09,846 [ffeddd1f-af09-4c2e-97a1-be5caae46423-impl-thread2] INFO  util.JmxRegister (JmxRegister.java:unregister(73)) - Successfully un-registered JMX Bean with object name Ratis:service=RaftServer,group=group-3666D6C978EB,id=ffeddd1f-af09-4c2e-97a1-be5caae46423
2023-11-03 16:43:09,846 [ffeddd1f-af09-4c2e-97a1-be5caae46423-impl-thread2] INFO  impl.RoleInfo (RoleInfo.java:shutdownLeaderState(93)) - ffeddd1f-af09-4c2e-97a1-be5caae46423: shutdown ffeddd1f-af09-4c2e-97a1-be5caae46423@group-3666D6C978EB-LeaderStateImpl
2023-11-03 16:43:09,846 [main] INFO  server.GrpcService (GrpcService.java:closeImpl(311)) - ffeddd1f-af09-4c2e-97a1-be5caae46423: shutdown server org.apache.ratis.grpc.server.GrpcClientProtocolService now
2023-11-03 16:43:09,846 [ffeddd1f-af09-4c2e-97a1-be5caae46423-impl-thread3] INFO  server.RaftServer$Division (RaftServerImpl.java:lambda$close$4(466)) - ffeddd1f-af09-4c2e-97a1-be5caae46423@group-36F0C8D693BC: shutdown
2023-11-03 16:43:09,846 [ffeddd1f-af09-4c2e-97a1-be5caae46423-impl-thread3] INFO  util.JmxRegister (JmxRegister.java:unregister(73)) - Successfully un-registered JMX Bean with object name Ratis:service=RaftServer,group=group-36F0C8D693BC,id=ffeddd1f-af09-4c2e-97a1-be5caae46423
2023-11-03 16:43:09,846 [ffeddd1f-af09-4c2e-97a1-be5caae46423-impl-thread3] INFO  impl.RoleInfo (RoleInfo.java:shutdownFollowerState(110)) - ffeddd1f-af09-4c2e-97a1-be5caae46423: shutdown ffeddd1f-af09-4c2e-97a1-be5caae46423@group-36F0C8D693BC-FollowerState
2023-11-03 16:43:09,846 [ffeddd1f-af09-4c2e-97a1-be5caae46423@group-36F0C8D693BC-FollowerState] INFO  impl.FollowerState (FollowerState.java:run(152)) - ffeddd1f-af09-4c2e-97a1-be5caae46423@group-36F0C8D693BC-FollowerState was interrupted
2023-11-03 16:43:09,847 [ffeddd1f-af09-4c2e-97a1-be5caae46423@group-36F0C8D693BC-StateMachineUpdater] INFO  ratis.ContainerStateMachine (ContainerStateMachine.java:takeSnapshot(337)) - group-36F0C8D693BC: Taking a snapshot at:(t:1, i:34) file /home/runner/work/ozone/ozone/hadoop-ozone/integration-test/target/test-dir/MiniOzoneClusterImpl-7c6973ba-416f-441c-aeb4-54a4245b8bbd/datanode-2/data/ratis/3bf15084-ff35-421f-b9c8-36f0c8d693bc/sm/snapshot.1_34
2023-11-03 16:43:09,848 [218a95d8-d531-49de-9be4-7ae556dd2030-impl-thread1] INFO  impl.StateMachineUpdater (StateMachineUpdater.java:stopAndJoin(155)) - 218a95d8-d531-49de-9be4-7ae556dd2030@group-099E554763CE-StateMachineUpdater: set stopIndex = 0
2023-11-03 16:43:09,848 [218a95d8-d531-49de-9be4-7ae556dd2030@group-099E554763CE-StateMachineUpdater] INFO  ratis.ContainerStateMachine (ContainerStateMachine.java:takeSnapshot(337)) - group-099E554763CE: Taking a snapshot at:(t:1, i:0) file /home/runner/work/ozone/ozone/hadoop-ozone/integration-test/target/test-dir/MiniOzoneClusterImpl-7c6973ba-416f-441c-aeb4-54a4245b8bbd/datanode-1/data/ratis/74fe60c7-5b3a-41e9-b88e-099e554763ce/sm/snapshot.1_0
2023-11-03 16:43:09,848 [218a95d8-d531-49de-9be4-7ae556dd2030@group-099E554763CE-FollowerState] INFO  impl.FollowerState (FollowerState.java:run(152)) - 218a95d8-d531-49de-9be4-7ae556dd2030@group-099E554763CE-FollowerState was interrupted
2023-11-03 16:43:09,849 [218a95d8-d531-49de-9be4-7ae556dd2030-impl-thread3] INFO  impl.PendingRequests (PendingRequests.java:sendNotLeaderResponses(289)) - 218a95d8-d531-49de-9be4-7ae556dd2030@group-36F0C8D693BC-PendingRequests: sendNotLeaderResponses
2023-11-03 16:43:09,849 [ffeddd1f-af09-4c2e-97a1-be5caae46423-impl-thread3] INFO  impl.StateMachineUpdater (StateMachineUpdater.java:stopAndJoin(155)) - ffeddd1f-af09-4c2e-97a1-be5caae46423@group-36F0C8D693BC-StateMachineUpdater: set stopIndex = 34
2023-11-03 16:43:09,853 [218a95d8-d531-49de-9be4-7ae556dd2030@group-36F0C8D693BC->84f1a9c9-622e-41e0-8205-2fe147efcf79-GrpcLogAppender-LogAppenderDaemon] WARN  server.GrpcLogAppender (GrpcLogAppender.java:mayWait(199)) - 218a95d8-d531-49de-9be4-7ae556dd2030@group-36F0C8D693BC->84f1a9c9-622e-41e0-8205-2fe147efcf79-GrpcLogAppender: Wait interrupted by java.lang.InterruptedException
2023-11-03 16:43:09,856 [grpc-default-executor-4] INFO  server.GrpcServerProtocolService (GrpcServerProtocolService.java:onCompleted(155)) - 84f1a9c9-622e-41e0-8205-2fe147efcf79: Completed APPEND_ENTRIES, lastRequest: 218a95d8-d531-49de-9be4-7ae556dd2030->84f1a9c9-622e-41e0-8205-2fe147efcf79#93-t1,previous=(t:1, i:35),leaderCommit=34,initializing? true,entries: size=1, first=(t:1, i:36), METADATAENTRY(c:34)
2023-11-03 16:43:09,857 [grpc-default-executor-4] INFO  server.GrpcServerProtocolService (GrpcServerProtocolService.java:lambda$onCompleted$5(157)) - 84f1a9c9-622e-41e0-8205-2fe147efcf79: Completed APPEND_ENTRIES, lastReply: null
2023-11-03 16:43:09,858 [main] INFO  server.GrpcService (GrpcService.java:closeImpl(320)) - ffeddd1f-af09-4c2e-97a1-be5caae46423: shutdown server org.apache.ratis.grpc.server.GrpcClientProtocolService successfully
2023-11-03 16:43:09,859 [main] INFO  server.GrpcService (GrpcService.java:closeImpl(311)) - ffeddd1f-af09-4c2e-97a1-be5caae46423: shutdown server GrpcServerProtocolService now
2023-11-03 16:43:09,865 [grpc-default-executor-9] WARN  server.GrpcLogAppender (LogUtils.java:warn(122)) - 84f1a9c9-622e-41e0-8205-2fe147efcf79@group-099E554763CE->ffeddd1f-af09-4c2e-97a1-be5caae46423-AppendLogResponseHandler: Failed appendEntries: org.apache.ratis.thirdparty.io.grpc.StatusRuntimeException: CANCELLED: RST_STREAM closed stream. HTTP/2 error code: CANCEL
2023-11-03 16:43:09,866 [ffeddd1f-af09-4c2e-97a1-be5caae46423-impl-thread1] INFO  impl.StateMachineUpdater (StateMachineUpdater.java:stopAndJoin(155)) - ffeddd1f-af09-4c2e-97a1-be5caae46423@group-099E554763CE-StateMachineUpdater: set stopIndex = 0
2023-11-03 16:43:09,866 [ffeddd1f-af09-4c2e-97a1-be5caae46423@group-099E554763CE-FollowerState] INFO  impl.FollowerState (FollowerState.java:run(152)) - ffeddd1f-af09-4c2e-97a1-be5caae46423@group-099E554763CE-FollowerState was interrupted
2023-11-03 16:43:09,867 [ffeddd1f-af09-4c2e-97a1-be5caae46423@group-099E554763CE-StateMachineUpdater] INFO  ratis.ContainerStateMachine (ContainerStateMachine.java:takeSnapshot(337)) - group-099E554763CE: Taking a snapshot at:(t:1, i:0) file /home/runner/work/ozone/ozone/hadoop-ozone/integration-test/target/test-dir/MiniOzoneClusterImpl-7c6973ba-416f-441c-aeb4-54a4245b8bbd/datanode-2/data/ratis/74fe60c7-5b3a-41e9-b88e-099e554763ce/sm/snapshot.1_0
2023-11-03 16:43:09,873 [grpc-default-executor-9] WARN  server.GrpcLogAppender (GrpcLogAppender.java:resetClient(128)) - 84f1a9c9-622e-41e0-8205-2fe147efcf79@group-099E554763CE->ffeddd1f-af09-4c2e-97a1-be5caae46423-GrpcLogAppender: Follower failed when matchIndex == 0,  keep nextIndex (1) unchanged and retry.
2023-11-03 16:43:09,841 [218a95d8-d531-49de-9be4-7ae556dd2030-impl-thread2] INFO  impl.PendingRequests (PendingRequests.java:sendNotLeaderResponses(289)) - 218a95d8-d531-49de-9be4-7ae556dd2030@group-F75D13E3DDA0-PendingRequests: sendNotLeaderResponses
2023-11-03 16:43:09,881 [218a95d8-d531-49de-9be4-7ae556dd2030-impl-thread2] INFO  impl.StateMachineUpdater (StateMachineUpdater.java:stopAndJoin(155)) - 218a95d8-d531-49de-9be4-7ae556dd2030@group-F75D13E3DDA0-StateMachineUpdater: set stopIndex = 0
2023-11-03 16:43:09,881 [218a95d8-d531-49de-9be4-7ae556dd2030@group-F75D13E3DDA0-StateMachineUpdater] INFO  ratis.ContainerStateMachine (ContainerStateMachine.java:takeSnapshot(337)) - group-F75D13E3DDA0: Taking a snapshot at:(t:1, i:0) file /home/runner/work/ozone/ozone/hadoop-ozone/integration-test/target/test-dir/MiniOzoneClusterImpl-7c6973ba-416f-441c-aeb4-54a4245b8bbd/datanode-1/data/ratis/811ecc0e-4736-46fb-a02f-f75d13e3dda0/sm/snapshot.1_0
2023-11-03 16:43:09,842 [grpc-default-executor-0] WARN  server.GrpcClientProtocolService (LogUtils.java:warn(122)) - 2-UnorderedRequestStreamObserver2: onError: org.apache.ratis.thirdparty.io.grpc.StatusRuntimeException: CANCELLED: client cancelled
2023-11-03 16:43:09,882 [Thread-527] INFO  server.GrpcServerProtocolClient (GrpcServerProtocolClient.java:close(103)) - 84f1a9c9-622e-41e0-8205-2fe147efcf79 Close channels
2023-11-03 16:43:09,882 [Thread-528] INFO  server.GrpcServerProtocolClient (GrpcServerProtocolClient.java:close(103)) - ffeddd1f-af09-4c2e-97a1-be5caae46423 Close channels
2023-11-03 16:43:09,846 [ffeddd1f-af09-4c2e-97a1-be5caae46423-impl-thread2] INFO  impl.PendingRequests (PendingRequests.java:sendNotLeaderResponses(289)) - ffeddd1f-af09-4c2e-97a1-be5caae46423@group-3666D6C978EB-PendingRequests: sendNotLeaderResponses
2023-11-03 16:43:09,882 [ffeddd1f-af09-4c2e-97a1-be5caae46423-impl-thread2] INFO  impl.StateMachineUpdater (StateMachineUpdater.java:stopAndJoin(155)) - ffeddd1f-af09-4c2e-97a1-be5caae46423@group-3666D6C978EB-StateMachineUpdater: set stopIndex = 0
2023-11-03 16:43:09,883 [ffeddd1f-af09-4c2e-97a1-be5caae46423@group-3666D6C978EB-StateMachineUpdater] INFO  ratis.ContainerStateMachine (ContainerStateMachine.java:takeSnapshot(337)) - group-3666D6C978EB: Taking a snapshot at:(t:1, i:0) file /home/runner/work/ozone/ozone/hadoop-ozone/integration-test/target/test-dir/MiniOzoneClusterImpl-7c6973ba-416f-441c-aeb4-54a4245b8bbd/datanode-2/data/ratis/33e60c66-3d03-40ee-9c94-3666d6c978eb/sm/snapshot.1_0
2023-11-03 16:43:09,875 [grpc-default-executor-9] WARN  server.GrpcServerProtocolService (LogUtils.java:warn(122)) - ffeddd1f-af09-4c2e-97a1-be5caae46423: APPEND_ENTRIES onError, lastRequest: 218a95d8-d531-49de-9be4-7ae556dd2030->ffeddd1f-af09-4c2e-97a1-be5caae46423#88-t1,previous=(t:1, i:35),leaderCommit=34,initializing? true,entries: size=1, first=(t:1, i:36), METADATAENTRY(c:34): org.apache.ratis.thirdparty.io.grpc.StatusRuntimeException: CANCELLED: client cancelled
2023-11-03 16:43:09,866 [grpc-default-executor-2] WARN  server.GrpcServerProtocolService (LogUtils.java:warn(122)) - ffeddd1f-af09-4c2e-97a1-be5caae46423: APPEND_ENTRIES onError, lastRequest: 84f1a9c9-622e-41e0-8205-2fe147efcf79->ffeddd1f-af09-4c2e-97a1-be5caae46423#1-t1,previous=(t:0, i:0),leaderCommit=0,initializing? true,entries: size=1, first=(t:1, i:0), CONFIGURATIONENTRY(current:id: "218a95d8-d531-49de-9be4-7ae556dd2030"
address: "10.1.0.19:15023"
dataStreamAddress: "10.1.0.19:15024"
clientAddress: "10.1.0.19:15021"
adminAddress: "10.1.0.19:15022"
startupRole: FOLLOWER
,id: "84f1a9c9-622e-41e0-8205-2fe147efcf79"
address: "10.1.0.19:15014"
priority: 1
dataStreamAddress: "10.1.0.19:15015"
clientAddress: "10.1.0.19:15012"
adminAddress: "10.1.0.19:15013"
startupRole: FOLLOWER
,id: "ffeddd1f-af09-4c2e-97a1-be5caae46423"
address: "10.1.0.19:15032"
dataStreamAddress: "10.1.0.19:15033"
clientAddress: "10.1.0.19:15030"
adminAddress: "10.1.0.19:15031"
startupRole: FOLLOWER
, old:): org.apache.ratis.thirdparty.io.grpc.StatusRuntimeException: CANCELLED: client cancelled
2023-11-03 16:43:09,858 [grpc-default-executor-1] INFO  server.GrpcLogAppender (GrpcLogAppender.java:onCompleted(428)) - 218a95d8-d531-49de-9be4-7ae556dd2030@group-36F0C8D693BC->84f1a9c9-622e-41e0-8205-2fe147efcf79-AppendLogResponseHandler: follower responses appendEntries COMPLETED
2023-11-03 16:43:09,891 [grpc-default-executor-1] WARN  server.GrpcLogAppender (GrpcLogAppender.java:resetClient(137)) - 218a95d8-d531-49de-9be4-7ae556dd2030@group-36F0C8D693BC->84f1a9c9-622e-41e0-8205-2fe147efcf79-GrpcLogAppender: Failed to getClient for 84f1a9c9-622e-41e0-8205-2fe147efcf79
org.apache.ratis.protocol.exceptions.AlreadyClosedException: 218a95d8-d531-49de-9be4-7ae556dd2030 is already CLOSED
	at org.apache.ratis.util.PeerProxyMap$PeerAndProxy.getProxy(PeerProxyMap.java:61)
	at org.apache.ratis.util.PeerProxyMap.getProxy(PeerProxyMap.java:115)
	at org.apache.ratis.grpc.server.GrpcLogAppender.getClient(GrpcLogAppender.java:112)
	at org.apache.ratis.grpc.server.GrpcLogAppender.resetClient(GrpcLogAppender.java:117)
	at org.apache.ratis.grpc.server.GrpcLogAppender.access$500(GrpcLogAppender.java:56)
	at org.apache.ratis.grpc.server.GrpcLogAppender$AppendLogResponseHandler.onCompleted(GrpcLogAppender.java:429)
	at org.apache.ratis.thirdparty.io.grpc.stub.ClientCalls$StreamObserverToCallListenerAdapter.onClose(ClientCalls.java:485)
	at org.apache.ratis.thirdparty.io.grpc.internal.ClientCallImpl.closeObserver(ClientCallImpl.java:563)
	at org.apache.ratis.thirdparty.io.grpc.internal.ClientCallImpl.access$300(ClientCallImpl.java:70)
	at org.apache.ratis.thirdparty.io.grpc.internal.ClientCallImpl$ClientStreamListenerImpl$1StreamClosed.runInternal(ClientCallImpl.java:744)
	at org.apache.ratis.thirdparty.io.grpc.internal.ClientCallImpl$ClientStreamListenerImpl$1StreamClosed.runInContext(ClientCallImpl.java:723)
	at org.apache.ratis.thirdparty.io.grpc.internal.ContextRunnable.run(ContextRunnable.java:37)
	at org.apache.ratis.thirdparty.io.grpc.internal.SerializingExecutor.run(SerializingExecutor.java:133)
	at java.util.concurrent.ThreadPoolExecutor.runWorker(ThreadPoolExecutor.java:1149)
	at java.util.concurrent.ThreadPoolExecutor$Worker.run(ThreadPoolExecutor.java:624)
	at java.lang.Thread.run(Thread.java:750)
2023-11-03 16:43:09,853 [218a95d8-d531-49de-9be4-7ae556dd2030@group-36F0C8D693BC->ffeddd1f-af09-4c2e-97a1-be5caae46423-GrpcLogAppender-LogAppenderDaemon] WARN  server.GrpcLogAppender (GrpcLogAppender.java:mayWait(199)) - 218a95d8-d531-49de-9be4-7ae556dd2030@group-36F0C8D693BC->ffeddd1f-af09-4c2e-97a1-be5caae46423-GrpcLogAppender: Wait interrupted by java.lang.InterruptedException
2023-11-03 16:43:09,863 [grpc-default-executor-7] WARN  server.GrpcServerProtocolService (LogUtils.java:warn(122)) - ffeddd1f-af09-4c2e-97a1-be5caae46423: APPEND_ENTRIES onError, lastRequest: null: org.apache.ratis.thirdparty.io.grpc.StatusRuntimeException: CANCELLED: client cancelled
2023-11-03 16:43:09,864 [grpc-default-executor-8] INFO  server.GrpcServerProtocolService (GrpcServerProtocolService.java:onCompleted(155)) - 84f1a9c9-622e-41e0-8205-2fe147efcf79: Completed APPEND_ENTRIES, lastRequest: null
2023-11-03 16:43:09,892 [grpc-default-executor-0] WARN  server.GrpcServerProtocolService (LogUtils.java:warn(122)) - ffeddd1f-af09-4c2e-97a1-be5caae46423: APPEND_ENTRIES onError, lastRequest: null: org.apache.ratis.thirdparty.io.grpc.StatusRuntimeException: CANCELLED: client cancelled
2023-11-03 16:43:09,894 [grpc-default-executor-8] INFO  server.GrpcServerProtocolService (GrpcServerProtocolService.java:lambda$onCompleted$5(157)) - 84f1a9c9-622e-41e0-8205-2fe147efcf79: Completed APPEND_ENTRIES, lastReply: serverReply {
  requestorId: "218a95d8-d531-49de-9be4-7ae556dd2030"
  replyId: "84f1a9c9-622e-41e0-8205-2fe147efcf79"
  raftGroupId {
    id: ";\361P\204\3775B\037\271\3106\360\310\326\223\274"
  }
  callId: 89
  success: true
}
term: 1
nextIndex: 33
followerCommit: 32
matchIndex: 18446744073709551615
isHearbeat: true

2023-11-03 16:43:09,894 [grpc-default-executor-7] INFO  server.GrpcLogAppender (GrpcLogAppender.java:onError(417)) - 218a95d8-d531-49de-9be4-7ae556dd2030@group-36F0C8D693BC->ffeddd1f-af09-4c2e-97a1-be5caae46423-GrpcLogAppender is already stopped
2023-11-03 16:43:09,895 [ForkJoinPool.commonPool-worker-0] INFO  ozoneimpl.OzoneContainer (OzoneContainer.java:stop(463)) - Attempting to stop container services.
2023-11-03 16:43:09,896 [grpc-default-executor-1] INFO  server.GrpcLogAppender (GrpcLogAppender.java:onError(417)) - 218a95d8-d531-49de-9be4-7ae556dd2030@group-36F0C8D693BC->ffeddd1f-af09-4c2e-97a1-be5caae46423-GrpcLogAppender is already stopped
2023-11-03 16:43:09,896 [grpc-default-executor-7] INFO  server.GrpcLogAppender (GrpcLogAppender.java:onCompleted(428)) - 218a95d8-d531-49de-9be4-7ae556dd2030@group-36F0C8D693BC->84f1a9c9-622e-41e0-8205-2fe147efcf79-AppendLogResponseHandler: follower responses appendEntries COMPLETED
2023-11-03 16:43:09,896 [grpc-default-executor-7] WARN  server.GrpcLogAppender (GrpcLogAppender.java:resetClient(137)) - 218a95d8-d531-49de-9be4-7ae556dd2030@group-36F0C8D693BC->84f1a9c9-622e-41e0-8205-2fe147efcf79-GrpcLogAppender: Failed to getClient for 84f1a9c9-622e-41e0-8205-2fe147efcf79
org.apache.ratis.protocol.exceptions.AlreadyClosedException: 218a95d8-d531-49de-9be4-7ae556dd2030 is already CLOSED
	at org.apache.ratis.util.PeerProxyMap$PeerAndProxy.getProxy(PeerProxyMap.java:61)
	at org.apache.ratis.util.PeerProxyMap.getProxy(PeerProxyMap.java:115)
	at org.apache.ratis.grpc.server.GrpcLogAppender.getClient(GrpcLogAppender.java:112)
	at org.apache.ratis.grpc.server.GrpcLogAppender.resetClient(GrpcLogAppender.java:117)
	at org.apache.ratis.grpc.server.GrpcLogAppender.access$500(GrpcLogAppender.java:56)
	at org.apache.ratis.grpc.server.GrpcLogAppender$AppendLogResponseHandler.onCompleted(GrpcLogAppender.java:429)
	at org.apache.ratis.thirdparty.io.grpc.stub.ClientCalls$StreamObserverToCallListenerAdapter.onClose(ClientCalls.java:485)
	at org.apache.ratis.thirdparty.io.grpc.internal.ClientCallImpl.closeObserver(ClientCallImpl.java:563)
	at org.apache.ratis.thirdparty.io.grpc.internal.ClientCallImpl.access$300(ClientCallImpl.java:70)
	at org.apache.ratis.thirdparty.io.grpc.internal.ClientCallImpl$ClientStreamListenerImpl$1StreamClosed.runInternal(ClientCallImpl.java:744)
	at org.apache.ratis.thirdparty.io.grpc.internal.ClientCallImpl$ClientStreamListenerImpl$1StreamClosed.runInContext(ClientCallImpl.java:723)
	at org.apache.ratis.thirdparty.io.grpc.internal.ContextRunnable.run(ContextRunnable.java:37)
	at org.apache.ratis.thirdparty.io.grpc.internal.SerializingExecutor.run(SerializingExecutor.java:133)
	at java.util.concurrent.ThreadPoolExecutor.runWorker(ThreadPoolExecutor.java:1149)
	at java.util.concurrent.ThreadPoolExecutor$Worker.run(ThreadPoolExecutor.java:624)
	at java.lang.Thread.run(Thread.java:750)
2023-11-03 16:43:09,896 [ForkJoinPool.commonPool-worker-0] INFO  server.RaftServer (RaftServerProxy.java:lambda$close$6(416)) - 1bfede41-9497-419c-b91f-2116896991e0: close
2023-11-03 16:43:09,896 [ForkJoinPool.commonPool-worker-0] INFO  server.GrpcService (GrpcService.java:closeImpl(311)) - 1bfede41-9497-419c-b91f-2116896991e0: shutdown server org.apache.ratis.grpc.server.GrpcClientProtocolService now
2023-11-03 16:43:09,896 [1bfede41-9497-419c-b91f-2116896991e0-impl-thread1] INFO  server.RaftServer$Division (RaftServerImpl.java:lambda$close$4(466)) - 1bfede41-9497-419c-b91f-2116896991e0@group-50048AF0E8C2: shutdown
2023-11-03 16:43:09,897 [1bfede41-9497-419c-b91f-2116896991e0-impl-thread1] INFO  util.JmxRegister (JmxRegister.java:unregister(73)) - Successfully un-registered JMX Bean with object name Ratis:service=RaftServer,group=group-50048AF0E8C2,id=1bfede41-9497-419c-b91f-2116896991e0
2023-11-03 16:43:09,897 [1bfede41-9497-419c-b91f-2116896991e0-impl-thread1] INFO  impl.RoleInfo (RoleInfo.java:shutdownLeaderState(93)) - 1bfede41-9497-419c-b91f-2116896991e0: shutdown 1bfede41-9497-419c-b91f-2116896991e0@group-50048AF0E8C2-LeaderStateImpl
2023-11-03 16:43:09,897 [1bfede41-9497-419c-b91f-2116896991e0-impl-thread1] INFO  impl.PendingRequests (PendingRequests.java:sendNotLeaderResponses(289)) - 1bfede41-9497-419c-b91f-2116896991e0@group-50048AF0E8C2-PendingRequests: sendNotLeaderResponses
2023-11-03 16:43:09,897 [1bfede41-9497-419c-b91f-2116896991e0-impl-thread1] INFO  impl.StateMachineUpdater (StateMachineUpdater.java:stopAndJoin(155)) - 1bfede41-9497-419c-b91f-2116896991e0@group-50048AF0E8C2-StateMachineUpdater: set stopIndex = 0
2023-11-03 16:43:09,898 [1bfede41-9497-419c-b91f-2116896991e0@group-50048AF0E8C2-StateMachineUpdater] INFO  ratis.ContainerStateMachine (ContainerStateMachine.java:takeSnapshot(337)) - group-50048AF0E8C2: Taking a snapshot at:(t:1, i:0) file /home/runner/work/ozone/ozone/hadoop-ozone/integration-test/target/test-dir/MiniOzoneClusterImpl-7c6973ba-416f-441c-aeb4-54a4245b8bbd/datanode-4/data/ratis/ff10e5ee-7a4d-4a90-b37e-50048af0e8c2/sm/snapshot.1_0
2023-11-03 16:43:09,900 [main] INFO  server.GrpcService (GrpcService.java:closeImpl(320)) - ffeddd1f-af09-4c2e-97a1-be5caae46423: shutdown server GrpcServerProtocolService successfully
2023-11-03 16:43:09,901 [main] INFO  server.GrpcService (GrpcService.java:closeImpl(311)) - ffeddd1f-af09-4c2e-97a1-be5caae46423: shutdown server org.apache.ratis.grpc.server.GrpcAdminProtocolService now
2023-11-03 16:43:09,907 [ForkJoinPool.commonPool-worker-0] INFO  server.GrpcService (GrpcService.java:closeImpl(320)) - 1bfede41-9497-419c-b91f-2116896991e0: shutdown server org.apache.ratis.grpc.server.GrpcClientProtocolService successfully
2023-11-03 16:43:09,907 [ForkJoinPool.commonPool-worker-0] INFO  server.GrpcService (GrpcService.java:closeImpl(311)) - 1bfede41-9497-419c-b91f-2116896991e0: shutdown server GrpcServerProtocolService now
2023-11-03 16:43:09,914 [ForkJoinPool.commonPool-worker-0] INFO  server.GrpcService (GrpcService.java:closeImpl(320)) - 1bfede41-9497-419c-b91f-2116896991e0: shutdown server GrpcServerProtocolService successfully
2023-11-03 16:43:09,914 [ForkJoinPool.commonPool-worker-0] INFO  server.GrpcService (GrpcService.java:closeImpl(311)) - 1bfede41-9497-419c-b91f-2116896991e0: shutdown server org.apache.ratis.grpc.server.GrpcAdminProtocolService now
2023-11-03 16:43:09,914 [grpc-default-executor-0] WARN  server.GrpcLogAppender (LogUtils.java:warn(122)) - 84f1a9c9-622e-41e0-8205-2fe147efcf79@group-099E554763CE->ffeddd1f-af09-4c2e-97a1-be5caae46423-AppendLogResponseHandler: Failed appendEntries: org.apache.ratis.thirdparty.io.grpc.StatusRuntimeException: CANCELLED: RST_STREAM closed stream. HTTP/2 error code: CANCEL
2023-11-03 16:43:09,914 [grpc-default-executor-0] WARN  server.GrpcLogAppender (GrpcLogAppender.java:resetClient(128)) - 84f1a9c9-622e-41e0-8205-2fe147efcf79@group-099E554763CE->ffeddd1f-af09-4c2e-97a1-be5caae46423-GrpcLogAppender: Follower failed when matchIndex == 0,  keep nextIndex (1) unchanged and retry.
2023-11-03 16:43:09,916 [main] INFO  server.GrpcService (GrpcService.java:closeImpl(320)) - ffeddd1f-af09-4c2e-97a1-be5caae46423: shutdown server org.apache.ratis.grpc.server.GrpcAdminProtocolService successfully
2023-11-03 16:43:09,918 [218a95d8-d531-49de-9be4-7ae556dd2030-impl-thread3] INFO  impl.StateMachineUpdater (StateMachineUpdater.java:stopAndJoin(155)) - 218a95d8-d531-49de-9be4-7ae556dd2030@group-36F0C8D693BC-StateMachineUpdater: set stopIndex = 36
2023-11-03 16:43:09,919 [ForkJoinPool.commonPool-worker-0] INFO  server.GrpcService (GrpcService.java:closeImpl(320)) - 1bfede41-9497-419c-b91f-2116896991e0: shutdown server org.apache.ratis.grpc.server.GrpcAdminProtocolService successfully
2023-11-03 16:43:09,919 [1bfede41-9497-419c-b91f-2116896991e0-NettyServerStreamRpc-bossGroup--thread1] INFO  logging.LoggingHandler (AbstractInternalLogger.java:log(148)) - [id: 0xab85c839, L:/0:0:0:0:0:0:0:0:15051] CLOSE
2023-11-03 16:43:09,919 [ffeddd1f-af09-4c2e-97a1-be5caae46423-NettyServerStreamRpc-bossGroup--thread1] INFO  logging.LoggingHandler (AbstractInternalLogger.java:log(148)) - [id: 0xa6eac6de, L:/0:0:0:0:0:0:0:0:15033] CLOSE
2023-11-03 16:43:09,920 [218a95d8-d531-49de-9be4-7ae556dd2030@group-099E554763CE-StateMachineUpdater] INFO  ratis.ContainerStateMachine (ContainerStateMachine.java:takeSnapshot(348)) - group-099E554763CE: Finished taking a snapshot at:(t:1, i:0) file:/home/runner/work/ozone/ozone/hadoop-ozone/integration-test/target/test-dir/MiniOzoneClusterImpl-7c6973ba-416f-441c-aeb4-54a4245b8bbd/datanode-1/data/ratis/74fe60c7-5b3a-41e9-b88e-099e554763ce/sm/snapshot.1_0 took: 71 ms
2023-11-03 16:43:09,919 [218a95d8-d531-49de-9be4-7ae556dd2030@group-F75D13E3DDA0-StateMachineUpdater] INFO  ratis.ContainerStateMachine (ContainerStateMachine.java:takeSnapshot(348)) - group-F75D13E3DDA0: Finished taking a snapshot at:(t:1, i:0) file:/home/runner/work/ozone/ozone/hadoop-ozone/integration-test/target/test-dir/MiniOzoneClusterImpl-7c6973ba-416f-441c-aeb4-54a4245b8bbd/datanode-1/data/ratis/811ecc0e-4736-46fb-a02f-f75d13e3dda0/sm/snapshot.1_0 took: 38 ms
2023-11-03 16:43:09,920 [1bfede41-9497-419c-b91f-2116896991e0-NettyServerStreamRpc-bossGroup--thread1] INFO  logging.LoggingHandler (AbstractInternalLogger.java:log(148)) - [id: 0xab85c839, L:/0:0:0:0:0:0:0:0:15051] INACTIVE
2023-11-03 16:43:09,922 [1bfede41-9497-419c-b91f-2116896991e0-NettyServerStreamRpc-bossGroup--thread1] INFO  logging.LoggingHandler (AbstractInternalLogger.java:log(148)) - [id: 0xab85c839, L:/0:0:0:0:0:0:0:0:15051] UNREGISTERED
2023-11-03 16:43:09,922 [218a95d8-d531-49de-9be4-7ae556dd2030@group-36F0C8D693BC-StateMachineUpdater] INFO  ratis.ContainerStateMachine (ContainerStateMachine.java:takeSnapshot(337)) - group-36F0C8D693BC: Taking a snapshot at:(t:1, i:36) file /home/runner/work/ozone/ozone/hadoop-ozone/integration-test/target/test-dir/MiniOzoneClusterImpl-7c6973ba-416f-441c-aeb4-54a4245b8bbd/datanode-1/data/ratis/3bf15084-ff35-421f-b9c8-36f0c8d693bc/sm/snapshot.1_36
2023-11-03 16:43:09,920 [ffeddd1f-af09-4c2e-97a1-be5caae46423@group-3666D6C978EB-StateMachineUpdater] INFO  ratis.ContainerStateMachine (ContainerStateMachine.java:takeSnapshot(348)) - group-3666D6C978EB: Finished taking a snapshot at:(t:1, i:0) file:/home/runner/work/ozone/ozone/hadoop-ozone/integration-test/target/test-dir/MiniOzoneClusterImpl-7c6973ba-416f-441c-aeb4-54a4245b8bbd/datanode-2/data/ratis/33e60c66-3d03-40ee-9c94-3666d6c978eb/sm/snapshot.1_0 took: 37 ms
2023-11-03 16:43:09,923 [218a95d8-d531-49de-9be4-7ae556dd2030@group-099E554763CE-StateMachineUpdater] INFO  impl.StateMachineUpdater (StateMachineUpdater.java:takeSnapshot(291)) - 218a95d8-d531-49de-9be4-7ae556dd2030@group-099E554763CE-StateMachineUpdater: Took a snapshot at index 0
2023-11-03 16:43:09,923 [ffeddd1f-af09-4c2e-97a1-be5caae46423@group-3666D6C978EB-StateMachineUpdater] INFO  impl.StateMachineUpdater (StateMachineUpdater.java:takeSnapshot(291)) - ffeddd1f-af09-4c2e-97a1-be5caae46423@group-3666D6C978EB-StateMachineUpdater: Took a snapshot at index 0
2023-11-03 16:43:09,923 [218a95d8-d531-49de-9be4-7ae556dd2030@group-099E554763CE-StateMachineUpdater] INFO  impl.StateMachineUpdater (StateMachineUpdater.java:lambda$new$0(97)) - 218a95d8-d531-49de-9be4-7ae556dd2030@group-099E554763CE-StateMachineUpdater: snapshotIndex: updateIncreasingly -1 -> 0
2023-11-03 16:43:09,925 [218a95d8-d531-49de-9be4-7ae556dd2030@group-F75D13E3DDA0-StateMachineUpdater] INFO  impl.StateMachineUpdater (StateMachineUpdater.java:takeSnapshot(291)) - 218a95d8-d531-49de-9be4-7ae556dd2030@group-F75D13E3DDA0-StateMachineUpdater: Took a snapshot at index 0
2023-11-03 16:43:09,925 [218a95d8-d531-49de-9be4-7ae556dd2030@group-F75D13E3DDA0-StateMachineUpdater] INFO  impl.StateMachineUpdater (StateMachineUpdater.java:lambda$new$0(97)) - 218a95d8-d531-49de-9be4-7ae556dd2030@group-F75D13E3DDA0-StateMachineUpdater: snapshotIndex: updateIncreasingly -1 -> 0
2023-11-03 16:43:09,925 [1bfede41-9497-419c-b91f-2116896991e0@group-50048AF0E8C2-StateMachineUpdater] INFO  ratis.ContainerStateMachine (ContainerStateMachine.java:takeSnapshot(348)) - group-50048AF0E8C2: Finished taking a snapshot at:(t:1, i:0) file:/home/runner/work/ozone/ozone/hadoop-ozone/integration-test/target/test-dir/MiniOzoneClusterImpl-7c6973ba-416f-441c-aeb4-54a4245b8bbd/datanode-4/data/ratis/ff10e5ee-7a4d-4a90-b37e-50048af0e8c2/sm/snapshot.1_0 took: 28 ms
2023-11-03 16:43:09,925 [ffeddd1f-af09-4c2e-97a1-be5caae46423-NettyServerStreamRpc-bossGroup--thread1] INFO  logging.LoggingHandler (AbstractInternalLogger.java:log(148)) - [id: 0xa6eac6de, L:/0:0:0:0:0:0:0:0:15033] INACTIVE
2023-11-03 16:43:09,925 [ffeddd1f-af09-4c2e-97a1-be5caae46423-NettyServerStreamRpc-bossGroup--thread1] INFO  logging.LoggingHandler (AbstractInternalLogger.java:log(148)) - [id: 0xa6eac6de, L:/0:0:0:0:0:0:0:0:15033] UNREGISTERED
2023-11-03 16:43:09,925 [1bfede41-9497-419c-b91f-2116896991e0@group-50048AF0E8C2-StateMachineUpdater] INFO  impl.StateMachineUpdater (StateMachineUpdater.java:takeSnapshot(291)) - 1bfede41-9497-419c-b91f-2116896991e0@group-50048AF0E8C2-StateMachineUpdater: Took a snapshot at index 0
2023-11-03 16:43:09,925 [1bfede41-9497-419c-b91f-2116896991e0@group-50048AF0E8C2-StateMachineUpdater] INFO  impl.StateMachineUpdater (StateMachineUpdater.java:lambda$new$0(97)) - 1bfede41-9497-419c-b91f-2116896991e0@group-50048AF0E8C2-StateMachineUpdater: snapshotIndex: updateIncreasingly -1 -> 0
2023-11-03 16:43:09,923 [ffeddd1f-af09-4c2e-97a1-be5caae46423@group-3666D6C978EB-StateMachineUpdater] INFO  impl.StateMachineUpdater (StateMachineUpdater.java:lambda$new$0(97)) - ffeddd1f-af09-4c2e-97a1-be5caae46423@group-3666D6C978EB-StateMachineUpdater: snapshotIndex: updateIncreasingly -1 -> 0
2023-11-03 16:43:09,925 [ffeddd1f-af09-4c2e-97a1-be5caae46423@group-099E554763CE-StateMachineUpdater] INFO  ratis.ContainerStateMachine (ContainerStateMachine.java:takeSnapshot(348)) - group-099E554763CE: Finished taking a snapshot at:(t:1, i:0) file:/home/runner/work/ozone/ozone/hadoop-ozone/integration-test/target/test-dir/MiniOzoneClusterImpl-7c6973ba-416f-441c-aeb4-54a4245b8bbd/datanode-2/data/ratis/74fe60c7-5b3a-41e9-b88e-099e554763ce/sm/snapshot.1_0 took: 59 ms
2023-11-03 16:43:09,926 [ffeddd1f-af09-4c2e-97a1-be5caae46423@group-099E554763CE-StateMachineUpdater] INFO  impl.StateMachineUpdater (StateMachineUpdater.java:takeSnapshot(291)) - ffeddd1f-af09-4c2e-97a1-be5caae46423@group-099E554763CE-StateMachineUpdater: Took a snapshot at index 0
2023-11-03 16:43:09,926 [ffeddd1f-af09-4c2e-97a1-be5caae46423@group-099E554763CE-StateMachineUpdater] INFO  impl.StateMachineUpdater (StateMachineUpdater.java:lambda$new$0(97)) - ffeddd1f-af09-4c2e-97a1-be5caae46423@group-099E554763CE-StateMachineUpdater: snapshotIndex: updateIncreasingly -1 -> 0
2023-11-03 16:43:09,934 [ForkJoinPool.commonPool-worker-2] INFO  ozoneimpl.OzoneContainer (OzoneContainer.java:stop(463)) - Attempting to stop container services.
2023-11-03 16:43:09,936 [218a95d8-d531-49de-9be4-7ae556dd2030-impl-thread1] INFO  server.RaftServer$Division (ServerState.java:close(472)) - 218a95d8-d531-49de-9be4-7ae556dd2030@group-099E554763CE: closes. applyIndex: 0
2023-11-03 16:43:09,937 [218a95d8-d531-49de-9be4-7ae556dd2030-impl-thread2] INFO  server.RaftServer$Division (ServerState.java:close(472)) - 218a95d8-d531-49de-9be4-7ae556dd2030@group-F75D13E3DDA0: closes. applyIndex: 0
2023-11-03 16:43:09,937 [1bfede41-9497-419c-b91f-2116896991e0-impl-thread1] INFO  server.RaftServer$Division (ServerState.java:close(472)) - 1bfede41-9497-419c-b91f-2116896991e0@group-50048AF0E8C2: closes. applyIndex: 0
2023-11-03 16:43:09,937 [ffeddd1f-af09-4c2e-97a1-be5caae46423-impl-thread2] INFO  server.RaftServer$Division (ServerState.java:close(472)) - ffeddd1f-af09-4c2e-97a1-be5caae46423@group-3666D6C978EB: closes. applyIndex: 0
2023-11-03 16:43:09,937 [ffeddd1f-af09-4c2e-97a1-be5caae46423-impl-thread1] INFO  server.RaftServer$Division (ServerState.java:close(472)) - ffeddd1f-af09-4c2e-97a1-be5caae46423@group-099E554763CE: closes. applyIndex: 0
2023-11-03 16:43:09,941 [ForkJoinPool.commonPool-worker-2] INFO  server.RaftServer (RaftServerProxy.java:lambda$close$6(416)) - 295b1274-f2e5-4e31-840f-0ca171e7cc13: close
2023-11-03 16:43:09,942 [ForkJoinPool.commonPool-worker-2] INFO  server.GrpcService (GrpcService.java:closeImpl(311)) - 295b1274-f2e5-4e31-840f-0ca171e7cc13: shutdown server org.apache.ratis.grpc.server.GrpcClientProtocolService now
2023-11-03 16:43:09,943 [295b1274-f2e5-4e31-840f-0ca171e7cc13-impl-thread1] INFO  server.RaftServer$Division (RaftServerImpl.java:lambda$close$4(466)) - 295b1274-f2e5-4e31-840f-0ca171e7cc13@group-9DF9C56E1DA3: shutdown
2023-11-03 16:43:09,943 [295b1274-f2e5-4e31-840f-0ca171e7cc13-impl-thread1] INFO  util.JmxRegister (JmxRegister.java:unregister(73)) - Successfully un-registered JMX Bean with object name Ratis:service=RaftServer,group=group-9DF9C56E1DA3,id=295b1274-f2e5-4e31-840f-0ca171e7cc13
2023-11-03 16:43:09,943 [295b1274-f2e5-4e31-840f-0ca171e7cc13-impl-thread1] INFO  impl.RoleInfo (RoleInfo.java:shutdownLeaderState(93)) - 295b1274-f2e5-4e31-840f-0ca171e7cc13: shutdown 295b1274-f2e5-4e31-840f-0ca171e7cc13@group-9DF9C56E1DA3-LeaderStateImpl
2023-11-03 16:43:09,944 [295b1274-f2e5-4e31-840f-0ca171e7cc13-impl-thread1] INFO  impl.PendingRequests (PendingRequests.java:sendNotLeaderResponses(289)) - 295b1274-f2e5-4e31-840f-0ca171e7cc13@group-9DF9C56E1DA3-PendingRequests: sendNotLeaderResponses
2023-11-03 16:43:09,944 [295b1274-f2e5-4e31-840f-0ca171e7cc13-impl-thread1] INFO  impl.StateMachineUpdater (StateMachineUpdater.java:stopAndJoin(155)) - 295b1274-f2e5-4e31-840f-0ca171e7cc13@group-9DF9C56E1DA3-StateMachineUpdater: set stopIndex = 0
2023-11-03 16:43:09,945 [295b1274-f2e5-4e31-840f-0ca171e7cc13@group-9DF9C56E1DA3-StateMachineUpdater] INFO  ratis.ContainerStateMachine (ContainerStateMachine.java:takeSnapshot(337)) - group-9DF9C56E1DA3: Taking a snapshot at:(t:1, i:0) file /home/runner/work/ozone/ozone/hadoop-ozone/integration-test/target/test-dir/MiniOzoneClusterImpl-7c6973ba-416f-441c-aeb4-54a4245b8bbd/datanode-3/data/ratis/aa72dba9-7941-44f2-941d-9df9c56e1da3/sm/snapshot.1_0
2023-11-03 16:43:09,945 [ForkJoinPool.commonPool-worker-1] INFO  server.GrpcService (GrpcService.java:closeImpl(320)) - 218a95d8-d531-49de-9be4-7ae556dd2030: shutdown server org.apache.ratis.grpc.server.GrpcClientProtocolService successfully
2023-11-03 16:43:09,945 [ForkJoinPool.commonPool-worker-1] INFO  server.GrpcService (GrpcService.java:closeImpl(311)) - 218a95d8-d531-49de-9be4-7ae556dd2030: shutdown server GrpcServerProtocolService now
2023-11-03 16:43:09,946 [295b1274-f2e5-4e31-840f-0ca171e7cc13@group-9DF9C56E1DA3-StateMachineUpdater] INFO  ratis.ContainerStateMachine (ContainerStateMachine.java:takeSnapshot(348)) - group-9DF9C56E1DA3: Finished taking a snapshot at:(t:1, i:0) file:/home/runner/work/ozone/ozone/hadoop-ozone/integration-test/target/test-dir/MiniOzoneClusterImpl-7c6973ba-416f-441c-aeb4-54a4245b8bbd/datanode-3/data/ratis/aa72dba9-7941-44f2-941d-9df9c56e1da3/sm/snapshot.1_0 took: 1 ms
2023-11-03 16:43:09,946 [295b1274-f2e5-4e31-840f-0ca171e7cc13@group-9DF9C56E1DA3-StateMachineUpdater] INFO  impl.StateMachineUpdater (StateMachineUpdater.java:takeSnapshot(291)) - 295b1274-f2e5-4e31-840f-0ca171e7cc13@group-9DF9C56E1DA3-StateMachineUpdater: Took a snapshot at index 0
2023-11-03 16:43:09,946 [295b1274-f2e5-4e31-840f-0ca171e7cc13@group-9DF9C56E1DA3-StateMachineUpdater] INFO  impl.StateMachineUpdater (StateMachineUpdater.java:lambda$new$0(97)) - 295b1274-f2e5-4e31-840f-0ca171e7cc13@group-9DF9C56E1DA3-StateMachineUpdater: snapshotIndex: updateIncreasingly -1 -> 0
2023-11-03 16:43:09,946 [295b1274-f2e5-4e31-840f-0ca171e7cc13-impl-thread1] INFO  server.RaftServer$Division (ServerState.java:close(472)) - 295b1274-f2e5-4e31-840f-0ca171e7cc13@group-9DF9C56E1DA3: closes. applyIndex: 0
2023-11-03 16:43:09,945 [218a95d8-d531-49de-9be4-7ae556dd2030@group-36F0C8D693BC-StateMachineUpdater] INFO  ratis.ContainerStateMachine (ContainerStateMachine.java:takeSnapshot(348)) - group-36F0C8D693BC: Finished taking a snapshot at:(t:1, i:36) file:/home/runner/work/ozone/ozone/hadoop-ozone/integration-test/target/test-dir/MiniOzoneClusterImpl-7c6973ba-416f-441c-aeb4-54a4245b8bbd/datanode-1/data/ratis/3bf15084-ff35-421f-b9c8-36f0c8d693bc/sm/snapshot.1_36 took: 23 ms
2023-11-03 16:43:09,951 [218a95d8-d531-49de-9be4-7ae556dd2030@group-36F0C8D693BC-StateMachineUpdater] INFO  impl.StateMachineUpdater (StateMachineUpdater.java:takeSnapshot(291)) - 218a95d8-d531-49de-9be4-7ae556dd2030@group-36F0C8D693BC-StateMachineUpdater: Took a snapshot at index 36
2023-11-03 16:43:09,951 [218a95d8-d531-49de-9be4-7ae556dd2030@group-36F0C8D693BC-StateMachineUpdater] INFO  impl.StateMachineUpdater (StateMachineUpdater.java:lambda$new$0(97)) - 218a95d8-d531-49de-9be4-7ae556dd2030@group-36F0C8D693BC-StateMachineUpdater: snapshotIndex: updateIncreasingly -1 -> 36
2023-11-03 16:43:09,951 [218a95d8-d531-49de-9be4-7ae556dd2030-impl-thread3] INFO  server.RaftServer$Division (ServerState.java:close(472)) - 218a95d8-d531-49de-9be4-7ae556dd2030@group-36F0C8D693BC: closes. applyIndex: 36
2023-11-03 16:43:09,950 [ForkJoinPool.commonPool-worker-2] INFO  server.GrpcService (GrpcService.java:closeImpl(320)) - 295b1274-f2e5-4e31-840f-0ca171e7cc13: shutdown server org.apache.ratis.grpc.server.GrpcClientProtocolService successfully
2023-11-03 16:43:09,951 [ForkJoinPool.commonPool-worker-2] INFO  server.GrpcService (GrpcService.java:closeImpl(311)) - 295b1274-f2e5-4e31-840f-0ca171e7cc13: shutdown server GrpcServerProtocolService now
2023-11-03 16:43:09,950 [ffeddd1f-af09-4c2e-97a1-be5caae46423@group-36F0C8D693BC-StateMachineUpdater] INFO  ratis.ContainerStateMachine (ContainerStateMachine.java:takeSnapshot(348)) - group-36F0C8D693BC: Finished taking a snapshot at:(t:1, i:34) file:/home/runner/work/ozone/ozone/hadoop-ozone/integration-test/target/test-dir/MiniOzoneClusterImpl-7c6973ba-416f-441c-aeb4-54a4245b8bbd/datanode-2/data/ratis/3bf15084-ff35-421f-b9c8-36f0c8d693bc/sm/snapshot.1_34 took: 104 ms
2023-11-03 16:43:09,954 [ffeddd1f-af09-4c2e-97a1-be5caae46423@group-36F0C8D693BC-StateMachineUpdater] INFO  impl.StateMachineUpdater (StateMachineUpdater.java:takeSnapshot(291)) - ffeddd1f-af09-4c2e-97a1-be5caae46423@group-36F0C8D693BC-StateMachineUpdater: Took a snapshot at index 34
2023-11-03 16:43:09,954 [ffeddd1f-af09-4c2e-97a1-be5caae46423@group-36F0C8D693BC-StateMachineUpdater] INFO  impl.StateMachineUpdater (StateMachineUpdater.java:lambda$new$0(97)) - ffeddd1f-af09-4c2e-97a1-be5caae46423@group-36F0C8D693BC-StateMachineUpdater: snapshotIndex: updateIncreasingly -1 -> 34
2023-11-03 16:43:09,961 [ffeddd1f-af09-4c2e-97a1-be5caae46423-impl-thread3] INFO  server.RaftServer$Division (ServerState.java:close(472)) - ffeddd1f-af09-4c2e-97a1-be5caae46423@group-36F0C8D693BC: closes. applyIndex: 34
2023-11-03 16:43:09,969 [ForkJoinPool.commonPool-worker-1] INFO  server.GrpcService (GrpcService.java:closeImpl(320)) - 218a95d8-d531-49de-9be4-7ae556dd2030: shutdown server GrpcServerProtocolService successfully
2023-11-03 16:43:09,969 [ForkJoinPool.commonPool-worker-1] INFO  server.GrpcService (GrpcService.java:closeImpl(311)) - 218a95d8-d531-49de-9be4-7ae556dd2030: shutdown server org.apache.ratis.grpc.server.GrpcAdminProtocolService now
2023-11-03 16:43:09,969 [grpc-default-executor-0] WARN  server.GrpcServerProtocolService (LogUtils.java:warn(122)) - 218a95d8-d531-49de-9be4-7ae556dd2030: APPEND_ENTRIES onError, lastRequest: null: org.apache.ratis.thirdparty.io.grpc.StatusRuntimeException: CANCELLED: client cancelled
2023-11-03 16:43:09,969 [grpc-default-executor-7] WARN  server.GrpcServerProtocolService (LogUtils.java:warn(122)) - 218a95d8-d531-49de-9be4-7ae556dd2030: APPEND_ENTRIES onError, lastRequest: 84f1a9c9-622e-41e0-8205-2fe147efcf79->218a95d8-d531-49de-9be4-7ae556dd2030#1-t1,previous=(t:0, i:0),leaderCommit=-1,initializing? true,entries: size=1, first=(t:1, i:0), CONFIGURATIONENTRY(current:id: "218a95d8-d531-49de-9be4-7ae556dd2030"
address: "10.1.0.19:15023"
dataStreamAddress: "10.1.0.19:15024"
clientAddress: "10.1.0.19:15021"
adminAddress: "10.1.0.19:15022"
startupRole: FOLLOWER
,id: "84f1a9c9-622e-41e0-8205-2fe147efcf79"
address: "10.1.0.19:15014"
priority: 1
dataStreamAddress: "10.1.0.19:15015"
clientAddress: "10.1.0.19:15012"
adminAddress: "10.1.0.19:15013"
startupRole: FOLLOWER
,id: "ffeddd1f-af09-4c2e-97a1-be5caae46423"
address: "10.1.0.19:15032"
dataStreamAddress: "10.1.0.19:15033"
clientAddress: "10.1.0.19:15030"
adminAddress: "10.1.0.19:15031"
startupRole: FOLLOWER
, old:): org.apache.ratis.thirdparty.io.grpc.StatusRuntimeException: CANCELLED: client cancelled
2023-11-03 16:43:09,970 [grpc-default-executor-1] WARN  server.GrpcLogAppender (LogUtils.java:warn(122)) - 84f1a9c9-622e-41e0-8205-2fe147efcf79@group-099E554763CE->218a95d8-d531-49de-9be4-7ae556dd2030-AppendLogResponseHandler: Failed appendEntries: org.apache.ratis.thirdparty.io.grpc.StatusRuntimeException: CANCELLED: RST_STREAM closed stream. HTTP/2 error code: CANCEL
2023-11-03 16:43:09,970 [ForkJoinPool.commonPool-worker-2] INFO  server.GrpcService (GrpcService.java:closeImpl(320)) - 295b1274-f2e5-4e31-840f-0ca171e7cc13: shutdown server GrpcServerProtocolService successfully
2023-11-03 16:43:09,970 [grpc-default-executor-1] WARN  server.GrpcLogAppender (GrpcLogAppender.java:resetClient(128)) - 84f1a9c9-622e-41e0-8205-2fe147efcf79@group-099E554763CE->218a95d8-d531-49de-9be4-7ae556dd2030-GrpcLogAppender: Follower failed when matchIndex == 0,  keep nextIndex (1) unchanged and retry.
2023-11-03 16:43:09,970 [ForkJoinPool.commonPool-worker-2] INFO  server.GrpcService (GrpcService.java:closeImpl(311)) - 295b1274-f2e5-4e31-840f-0ca171e7cc13: shutdown server org.apache.ratis.grpc.server.GrpcAdminProtocolService now
2023-11-03 16:43:09,970 [grpc-default-executor-8] WARN  server.GrpcLogAppender (LogUtils.java:warn(122)) - 84f1a9c9-622e-41e0-8205-2fe147efcf79@group-099E554763CE->218a95d8-d531-49de-9be4-7ae556dd2030-AppendLogResponseHandler: Failed appendEntries: org.apache.ratis.thirdparty.io.grpc.StatusRuntimeException: CANCELLED: RST_STREAM closed stream. HTTP/2 error code: CANCEL
2023-11-03 16:43:09,970 [grpc-default-executor-8] WARN  server.GrpcLogAppender (GrpcLogAppender.java:resetClient(128)) - 84f1a9c9-622e-41e0-8205-2fe147efcf79@group-099E554763CE->218a95d8-d531-49de-9be4-7ae556dd2030-GrpcLogAppender: Follower failed when matchIndex == 0,  keep nextIndex (1) unchanged and retry.
2023-11-03 16:43:09,980 [ForkJoinPool.commonPool-worker-1] INFO  server.GrpcService (GrpcService.java:closeImpl(320)) - 218a95d8-d531-49de-9be4-7ae556dd2030: shutdown server org.apache.ratis.grpc.server.GrpcAdminProtocolService successfully
2023-11-03 16:43:09,985 [218a95d8-d531-49de-9be4-7ae556dd2030-NettyServerStreamRpc-bossGroup--thread1] INFO  logging.LoggingHandler (AbstractInternalLogger.java:log(148)) - [id: 0xd0ea16a0, L:/0:0:0:0:0:0:0:0:15024] CLOSE
2023-11-03 16:43:09,985 [218a95d8-d531-49de-9be4-7ae556dd2030-NettyServerStreamRpc-bossGroup--thread1] INFO  logging.LoggingHandler (AbstractInternalLogger.java:log(148)) - [id: 0xd0ea16a0, L:/0:0:0:0:0:0:0:0:15024] INACTIVE
2023-11-03 16:43:09,985 [218a95d8-d531-49de-9be4-7ae556dd2030-NettyServerStreamRpc-bossGroup--thread1] INFO  logging.LoggingHandler (AbstractInternalLogger.java:log(148)) - [id: 0xd0ea16a0, L:/0:0:0:0:0:0:0:0:15024] UNREGISTERED
2023-11-03 16:43:09,988 [ForkJoinPool.commonPool-worker-2] INFO  server.GrpcService (GrpcService.java:closeImpl(320)) - 295b1274-f2e5-4e31-840f-0ca171e7cc13: shutdown server org.apache.ratis.grpc.server.GrpcAdminProtocolService successfully
2023-11-03 16:43:09,988 [295b1274-f2e5-4e31-840f-0ca171e7cc13-NettyServerStreamRpc-bossGroup--thread1] INFO  logging.LoggingHandler (AbstractInternalLogger.java:log(148)) - [id: 0x3046c4c6, L:/0:0:0:0:0:0:0:0:15042] CLOSE
2023-11-03 16:43:09,988 [295b1274-f2e5-4e31-840f-0ca171e7cc13-NettyServerStreamRpc-bossGroup--thread1] INFO  logging.LoggingHandler (AbstractInternalLogger.java:log(148)) - [id: 0x3046c4c6, L:/0:0:0:0:0:0:0:0:15042] INACTIVE
2023-11-03 16:43:09,988 [295b1274-f2e5-4e31-840f-0ca171e7cc13-NettyServerStreamRpc-bossGroup--thread1] INFO  logging.LoggingHandler (AbstractInternalLogger.java:log(148)) - [id: 0x3046c4c6, L:/0:0:0:0:0:0:0:0:15042] UNREGISTERED
2023-11-03 16:43:10,005 [ForkJoinPool.commonPool-worker-3] INFO  ozoneimpl.OzoneContainer (OzoneContainer.java:stop(463)) - Attempting to stop container services.
2023-11-03 16:43:10,007 [ForkJoinPool.commonPool-worker-3] INFO  server.RaftServer (RaftServerProxy.java:lambda$close$6(416)) - 84f1a9c9-622e-41e0-8205-2fe147efcf79: close
2023-11-03 16:43:10,009 [84f1a9c9-622e-41e0-8205-2fe147efcf79-impl-thread1] INFO  server.RaftServer$Division (RaftServerImpl.java:lambda$close$4(466)) - 84f1a9c9-622e-41e0-8205-2fe147efcf79@group-F0C5CC291CC3: shutdown
2023-11-03 16:43:10,009 [84f1a9c9-622e-41e0-8205-2fe147efcf79-impl-thread1] INFO  util.JmxRegister (JmxRegister.java:unregister(73)) - Successfully un-registered JMX Bean with object name Ratis:service=RaftServer,group=group-F0C5CC291CC3,id=84f1a9c9-622e-41e0-8205-2fe147efcf79
2023-11-03 16:43:10,009 [84f1a9c9-622e-41e0-8205-2fe147efcf79-impl-thread1] INFO  impl.RoleInfo (RoleInfo.java:shutdownLeaderState(93)) - 84f1a9c9-622e-41e0-8205-2fe147efcf79: shutdown 84f1a9c9-622e-41e0-8205-2fe147efcf79@group-F0C5CC291CC3-LeaderStateImpl
2023-11-03 16:43:10,009 [84f1a9c9-622e-41e0-8205-2fe147efcf79-impl-thread1] INFO  impl.PendingRequests (PendingRequests.java:sendNotLeaderResponses(289)) - 84f1a9c9-622e-41e0-8205-2fe147efcf79@group-F0C5CC291CC3-PendingRequests: sendNotLeaderResponses
2023-11-03 16:43:10,010 [84f1a9c9-622e-41e0-8205-2fe147efcf79-impl-thread1] INFO  impl.StateMachineUpdater (StateMachineUpdater.java:stopAndJoin(155)) - 84f1a9c9-622e-41e0-8205-2fe147efcf79@group-F0C5CC291CC3-StateMachineUpdater: set stopIndex = 0
2023-11-03 16:43:10,010 [84f1a9c9-622e-41e0-8205-2fe147efcf79@group-F0C5CC291CC3-StateMachineUpdater] INFO  ratis.ContainerStateMachine (ContainerStateMachine.java:takeSnapshot(337)) - group-F0C5CC291CC3: Taking a snapshot at:(t:1, i:0) file /home/runner/work/ozone/ozone/hadoop-ozone/integration-test/target/test-dir/MiniOzoneClusterImpl-7c6973ba-416f-441c-aeb4-54a4245b8bbd/datanode-0/data/ratis/a56c5482-622e-4be9-ace7-f0c5cc291cc3/sm/snapshot.1_0
2023-11-03 16:43:10,011 [84f1a9c9-622e-41e0-8205-2fe147efcf79@group-F0C5CC291CC3-StateMachineUpdater] INFO  ratis.ContainerStateMachine (ContainerStateMachine.java:takeSnapshot(348)) - group-F0C5CC291CC3: Finished taking a snapshot at:(t:1, i:0) file:/home/runner/work/ozone/ozone/hadoop-ozone/integration-test/target/test-dir/MiniOzoneClusterImpl-7c6973ba-416f-441c-aeb4-54a4245b8bbd/datanode-0/data/ratis/a56c5482-622e-4be9-ace7-f0c5cc291cc3/sm/snapshot.1_0 took: 1 ms
2023-11-03 16:43:10,011 [84f1a9c9-622e-41e0-8205-2fe147efcf79@group-F0C5CC291CC3-StateMachineUpdater] INFO  impl.StateMachineUpdater (StateMachineUpdater.java:takeSnapshot(291)) - 84f1a9c9-622e-41e0-8205-2fe147efcf79@group-F0C5CC291CC3-StateMachineUpdater: Took a snapshot at index 0
2023-11-03 16:43:10,011 [84f1a9c9-622e-41e0-8205-2fe147efcf79@group-F0C5CC291CC3-StateMachineUpdater] INFO  impl.StateMachineUpdater (StateMachineUpdater.java:lambda$new$0(97)) - 84f1a9c9-622e-41e0-8205-2fe147efcf79@group-F0C5CC291CC3-StateMachineUpdater: snapshotIndex: updateIncreasingly -1 -> 0
2023-11-03 16:43:10,011 [84f1a9c9-622e-41e0-8205-2fe147efcf79-impl-thread1] INFO  server.RaftServer$Division (ServerState.java:close(472)) - 84f1a9c9-622e-41e0-8205-2fe147efcf79@group-F0C5CC291CC3: closes. applyIndex: 0
2023-11-03 16:43:10,013 [84f1a9c9-622e-41e0-8205-2fe147efcf79-impl-thread2] INFO  server.RaftServer$Division (RaftServerImpl.java:lambda$close$4(466)) - 84f1a9c9-622e-41e0-8205-2fe147efcf79@group-099E554763CE: shutdown
2023-11-03 16:43:10,013 [84f1a9c9-622e-41e0-8205-2fe147efcf79-impl-thread2] INFO  util.JmxRegister (JmxRegister.java:unregister(73)) - Successfully un-registered JMX Bean with object name Ratis:service=RaftServer,group=group-099E554763CE,id=84f1a9c9-622e-41e0-8205-2fe147efcf79
2023-11-03 16:43:10,013 [84f1a9c9-622e-41e0-8205-2fe147efcf79-impl-thread2] INFO  impl.RoleInfo (RoleInfo.java:shutdownLeaderState(93)) - 84f1a9c9-622e-41e0-8205-2fe147efcf79: shutdown 84f1a9c9-622e-41e0-8205-2fe147efcf79@group-099E554763CE-LeaderStateImpl
2023-11-03 16:43:10,016 [ForkJoinPool.commonPool-worker-3] INFO  server.GrpcService (GrpcService.java:closeImpl(311)) - 84f1a9c9-622e-41e0-8205-2fe147efcf79: shutdown server org.apache.ratis.grpc.server.GrpcClientProtocolService now
2023-11-03 16:43:10,018 [Thread-601] INFO  server.GrpcServerProtocolClient (GrpcServerProtocolClient.java:close(103)) - 218a95d8-d531-49de-9be4-7ae556dd2030 Close channels
2023-11-03 16:43:10,019 [84f1a9c9-622e-41e0-8205-2fe147efcf79-impl-thread3] INFO  server.RaftServer$Division (RaftServerImpl.java:lambda$close$4(466)) - 84f1a9c9-622e-41e0-8205-2fe147efcf79@group-36F0C8D693BC: shutdown
2023-11-03 16:43:10,019 [84f1a9c9-622e-41e0-8205-2fe147efcf79-impl-thread3] INFO  util.JmxRegister (JmxRegister.java:unregister(73)) - Successfully un-registered JMX Bean with object name Ratis:service=RaftServer,group=group-36F0C8D693BC,id=84f1a9c9-622e-41e0-8205-2fe147efcf79
2023-11-03 16:43:10,019 [84f1a9c9-622e-41e0-8205-2fe147efcf79-impl-thread3] INFO  impl.RoleInfo (RoleInfo.java:shutdownFollowerState(110)) - 84f1a9c9-622e-41e0-8205-2fe147efcf79: shutdown 84f1a9c9-622e-41e0-8205-2fe147efcf79@group-36F0C8D693BC-FollowerState
2023-11-03 16:43:10,019 [84f1a9c9-622e-41e0-8205-2fe147efcf79-impl-thread3] INFO  impl.StateMachineUpdater (StateMachineUpdater.java:stopAndJoin(155)) - 84f1a9c9-622e-41e0-8205-2fe147efcf79@group-36F0C8D693BC-StateMachineUpdater: set stopIndex = 34
2023-11-03 16:43:10,019 [84f1a9c9-622e-41e0-8205-2fe147efcf79@group-36F0C8D693BC-StateMachineUpdater] INFO  ratis.ContainerStateMachine (ContainerStateMachine.java:takeSnapshot(337)) - group-36F0C8D693BC: Taking a snapshot at:(t:1, i:34) file /home/runner/work/ozone/ozone/hadoop-ozone/integration-test/target/test-dir/MiniOzoneClusterImpl-7c6973ba-416f-441c-aeb4-54a4245b8bbd/datanode-0/data/ratis/3bf15084-ff35-421f-b9c8-36f0c8d693bc/sm/snapshot.1_34
2023-11-03 16:43:10,019 [84f1a9c9-622e-41e0-8205-2fe147efcf79@group-36F0C8D693BC-FollowerState] INFO  impl.FollowerState (FollowerState.java:run(152)) - 84f1a9c9-622e-41e0-8205-2fe147efcf79@group-36F0C8D693BC-FollowerState was interrupted
2023-11-03 16:43:10,019 [Thread-604] INFO  server.GrpcServerProtocolClient (GrpcServerProtocolClient.java:close(103)) - ffeddd1f-af09-4c2e-97a1-be5caae46423 Close channels
2023-11-03 16:43:10,024 [84f1a9c9-622e-41e0-8205-2fe147efcf79@group-099E554763CE->218a95d8-d531-49de-9be4-7ae556dd2030-GrpcLogAppender-LogAppenderDaemon] WARN  server.GrpcLogAppender (GrpcLogAppender.java:mayWait(199)) - 84f1a9c9-622e-41e0-8205-2fe147efcf79@group-099E554763CE->218a95d8-d531-49de-9be4-7ae556dd2030-GrpcLogAppender: Wait interrupted by java.lang.InterruptedException
2023-11-03 16:43:10,025 [84f1a9c9-622e-41e0-8205-2fe147efcf79-impl-thread2] INFO  impl.PendingRequests (PendingRequests.java:sendNotLeaderResponses(289)) - 84f1a9c9-622e-41e0-8205-2fe147efcf79@group-099E554763CE-PendingRequests: sendNotLeaderResponses
2023-11-03 16:43:10,024 [84f1a9c9-622e-41e0-8205-2fe147efcf79@group-099E554763CE->ffeddd1f-af09-4c2e-97a1-be5caae46423-GrpcLogAppender-LogAppenderDaemon] WARN  server.GrpcLogAppender (GrpcLogAppender.java:mayWait(199)) - 84f1a9c9-622e-41e0-8205-2fe147efcf79@group-099E554763CE->ffeddd1f-af09-4c2e-97a1-be5caae46423-GrpcLogAppender: Wait interrupted by java.lang.InterruptedException
2023-11-03 16:43:10,025 [84f1a9c9-622e-41e0-8205-2fe147efcf79@group-36F0C8D693BC-StateMachineUpdater] INFO  ratis.ContainerStateMachine (ContainerStateMachine.java:takeSnapshot(348)) - group-36F0C8D693BC: Finished taking a snapshot at:(t:1, i:34) file:/home/runner/work/ozone/ozone/hadoop-ozone/integration-test/target/test-dir/MiniOzoneClusterImpl-7c6973ba-416f-441c-aeb4-54a4245b8bbd/datanode-0/data/ratis/3bf15084-ff35-421f-b9c8-36f0c8d693bc/sm/snapshot.1_34 took: 6 ms
2023-11-03 16:43:10,025 [84f1a9c9-622e-41e0-8205-2fe147efcf79-impl-thread2] INFO  impl.StateMachineUpdater (StateMachineUpdater.java:stopAndJoin(155)) - 84f1a9c9-622e-41e0-8205-2fe147efcf79@group-099E554763CE-StateMachineUpdater: set stopIndex = 0
2023-11-03 16:43:10,025 [84f1a9c9-622e-41e0-8205-2fe147efcf79@group-36F0C8D693BC-StateMachineUpdater] INFO  impl.StateMachineUpdater (StateMachineUpdater.java:takeSnapshot(291)) - 84f1a9c9-622e-41e0-8205-2fe147efcf79@group-36F0C8D693BC-StateMachineUpdater: Took a snapshot at index 34
2023-11-03 16:43:10,026 [84f1a9c9-622e-41e0-8205-2fe147efcf79@group-36F0C8D693BC-StateMachineUpdater] INFO  impl.StateMachineUpdater (StateMachineUpdater.java:lambda$new$0(97)) - 84f1a9c9-622e-41e0-8205-2fe147efcf79@group-36F0C8D693BC-StateMachineUpdater: snapshotIndex: updateIncreasingly -1 -> 34
2023-11-03 16:43:10,026 [84f1a9c9-622e-41e0-8205-2fe147efcf79@group-099E554763CE-StateMachineUpdater] INFO  ratis.ContainerStateMachine (ContainerStateMachine.java:takeSnapshot(337)) - group-099E554763CE: Taking a snapshot at:(t:1, i:0) file /home/runner/work/ozone/ozone/hadoop-ozone/integration-test/target/test-dir/MiniOzoneClusterImpl-7c6973ba-416f-441c-aeb4-54a4245b8bbd/datanode-0/data/ratis/74fe60c7-5b3a-41e9-b88e-099e554763ce/sm/snapshot.1_0
2023-11-03 16:43:10,027 [84f1a9c9-622e-41e0-8205-2fe147efcf79-impl-thread3] INFO  server.RaftServer$Division (ServerState.java:close(472)) - 84f1a9c9-622e-41e0-8205-2fe147efcf79@group-36F0C8D693BC: closes. applyIndex: 34
2023-11-03 16:43:10,027 [ForkJoinPool.commonPool-worker-3] INFO  server.GrpcService (GrpcService.java:closeImpl(320)) - 84f1a9c9-622e-41e0-8205-2fe147efcf79: shutdown server org.apache.ratis.grpc.server.GrpcClientProtocolService successfully
2023-11-03 16:43:10,027 [ForkJoinPool.commonPool-worker-3] INFO  server.GrpcService (GrpcService.java:closeImpl(311)) - 84f1a9c9-622e-41e0-8205-2fe147efcf79: shutdown server GrpcServerProtocolService now
2023-11-03 16:43:10,027 [84f1a9c9-622e-41e0-8205-2fe147efcf79@group-099E554763CE-StateMachineUpdater] INFO  ratis.ContainerStateMachine (ContainerStateMachine.java:takeSnapshot(348)) - group-099E554763CE: Finished taking a snapshot at:(t:1, i:0) file:/home/runner/work/ozone/ozone/hadoop-ozone/integration-test/target/test-dir/MiniOzoneClusterImpl-7c6973ba-416f-441c-aeb4-54a4245b8bbd/datanode-0/data/ratis/74fe60c7-5b3a-41e9-b88e-099e554763ce/sm/snapshot.1_0 took: 1 ms
2023-11-03 16:43:10,028 [84f1a9c9-622e-41e0-8205-2fe147efcf79@group-099E554763CE-StateMachineUpdater] INFO  impl.StateMachineUpdater (StateMachineUpdater.java:takeSnapshot(291)) - 84f1a9c9-622e-41e0-8205-2fe147efcf79@group-099E554763CE-StateMachineUpdater: Took a snapshot at index 0
2023-11-03 16:43:10,028 [84f1a9c9-622e-41e0-8205-2fe147efcf79@group-099E554763CE-StateMachineUpdater] INFO  impl.StateMachineUpdater (StateMachineUpdater.java:lambda$new$0(97)) - 84f1a9c9-622e-41e0-8205-2fe147efcf79@group-099E554763CE-StateMachineUpdater: snapshotIndex: updateIncreasingly -1 -> 0
2023-11-03 16:43:10,028 [84f1a9c9-622e-41e0-8205-2fe147efcf79-impl-thread2] INFO  server.RaftServer$Division (ServerState.java:close(472)) - 84f1a9c9-622e-41e0-8205-2fe147efcf79@group-099E554763CE: closes. applyIndex: 0
2023-11-03 16:43:10,039 [ForkJoinPool.commonPool-worker-3] INFO  server.GrpcService (GrpcService.java:closeImpl(320)) - 84f1a9c9-622e-41e0-8205-2fe147efcf79: shutdown server GrpcServerProtocolService successfully
2023-11-03 16:43:10,039 [ForkJoinPool.commonPool-worker-3] INFO  server.GrpcService (GrpcService.java:closeImpl(311)) - 84f1a9c9-622e-41e0-8205-2fe147efcf79: shutdown server org.apache.ratis.grpc.server.GrpcAdminProtocolService now
2023-11-03 16:43:10,048 [ForkJoinPool.commonPool-worker-3] INFO  server.GrpcService (GrpcService.java:closeImpl(320)) - 84f1a9c9-622e-41e0-8205-2fe147efcf79: shutdown server org.apache.ratis.grpc.server.GrpcAdminProtocolService successfully
2023-11-03 16:43:10,049 [84f1a9c9-622e-41e0-8205-2fe147efcf79-NettyServerStreamRpc-bossGroup--thread1] INFO  logging.LoggingHandler (AbstractInternalLogger.java:log(148)) - [id: 0x864c6780, L:/0:0:0:0:0:0:0:0:15015] CLOSE
2023-11-03 16:43:10,049 [84f1a9c9-622e-41e0-8205-2fe147efcf79-NettyServerStreamRpc-bossGroup--thread1] INFO  logging.LoggingHandler (AbstractInternalLogger.java:log(148)) - [id: 0x864c6780, L:/0:0:0:0:0:0:0:0:15015] INACTIVE
2023-11-03 16:43:10,049 [84f1a9c9-622e-41e0-8205-2fe147efcf79-NettyServerStreamRpc-bossGroup--thread1] INFO  logging.LoggingHandler (AbstractInternalLogger.java:log(148)) - [id: 0x864c6780, L:/0:0:0:0:0:0:0:0:15015] UNREGISTERED
2023-11-03 16:43:10,129 [218a95d8-d531-49de-9be4-7ae556dd2030-impl-thread2] INFO  segmented.SegmentedRaftLogWorker (SegmentedRaftLogWorker.java:close(252)) - 218a95d8-d531-49de-9be4-7ae556dd2030@group-F75D13E3DDA0-SegmentedRaftLogWorker close()
2023-11-03 16:43:10,165 [84f1a9c9-622e-41e0-8205-2fe147efcf79-impl-thread2] INFO  segmented.SegmentedRaftLogWorker (SegmentedRaftLogWorker.java:close(252)) - 84f1a9c9-622e-41e0-8205-2fe147efcf79@group-099E554763CE-SegmentedRaftLogWorker close()
2023-11-03 16:43:10,190 [ffeddd1f-af09-4c2e-97a1-be5caae46423-impl-thread2] INFO  segmented.SegmentedRaftLogWorker (SegmentedRaftLogWorker.java:close(252)) - ffeddd1f-af09-4c2e-97a1-be5caae46423@group-3666D6C978EB-SegmentedRaftLogWorker close()
2023-11-03 16:43:10,191 [218a95d8-d531-49de-9be4-7ae556dd2030-impl-thread1] INFO  segmented.SegmentedRaftLogWorker (SegmentedRaftLogWorker.java:close(252)) - 218a95d8-d531-49de-9be4-7ae556dd2030@group-099E554763CE-SegmentedRaftLogWorker close()
2023-11-03 16:43:10,218 [ffeddd1f-af09-4c2e-97a1-be5caae46423-impl-thread1] INFO  segmented.SegmentedRaftLogWorker (SegmentedRaftLogWorker.java:close(252)) - ffeddd1f-af09-4c2e-97a1-be5caae46423@group-099E554763CE-SegmentedRaftLogWorker close()
2023-11-03 16:43:10,338 [295b1274-f2e5-4e31-840f-0ca171e7cc13-impl-thread1] INFO  segmented.SegmentedRaftLogWorker (SegmentedRaftLogWorker.java:close(252)) - 295b1274-f2e5-4e31-840f-0ca171e7cc13@group-9DF9C56E1DA3-SegmentedRaftLogWorker close()
2023-11-03 16:43:10,340 [JvmPauseMonitor5] INFO  util.JvmPauseMonitor (JvmPauseMonitor.java:run(109)) - JvmPauseMonitor-295b1274-f2e5-4e31-840f-0ca171e7cc13: Stopped
2023-11-03 16:43:10,412 [84f1a9c9-622e-41e0-8205-2fe147efcf79-impl-thread1] INFO  segmented.SegmentedRaftLogWorker (SegmentedRaftLogWorker.java:close(252)) - 84f1a9c9-622e-41e0-8205-2fe147efcf79@group-F0C5CC291CC3-SegmentedRaftLogWorker close()
2023-11-03 16:43:10,569 [1bfede41-9497-419c-b91f-2116896991e0-impl-thread1] INFO  segmented.SegmentedRaftLogWorker (SegmentedRaftLogWorker.java:close(252)) - 1bfede41-9497-419c-b91f-2116896991e0@group-50048AF0E8C2-SegmentedRaftLogWorker close()
2023-11-03 16:43:10,570 [JvmPauseMonitor6] INFO  util.JvmPauseMonitor (JvmPauseMonitor.java:run(109)) - JvmPauseMonitor-1bfede41-9497-419c-b91f-2116896991e0: Stopped
2023-11-03 16:43:10,668 [218a95d8-d531-49de-9be4-7ae556dd2030-impl-thread3] INFO  segmented.SegmentedRaftLogWorker (SegmentedRaftLogWorker.java:close(252)) - 218a95d8-d531-49de-9be4-7ae556dd2030@group-36F0C8D693BC-SegmentedRaftLogWorker close()
2023-11-03 16:43:10,670 [84f1a9c9-622e-41e0-8205-2fe147efcf79-impl-thread3] INFO  segmented.SegmentedRaftLogWorker (SegmentedRaftLogWorker.java:close(252)) - 84f1a9c9-622e-41e0-8205-2fe147efcf79@group-36F0C8D693BC-SegmentedRaftLogWorker close()
2023-11-03 16:43:10,671 [JvmPauseMonitor3] INFO  util.JvmPauseMonitor (JvmPauseMonitor.java:run(109)) - JvmPauseMonitor-218a95d8-d531-49de-9be4-7ae556dd2030: Stopped
2023-11-03 16:43:10,672 [JvmPauseMonitor2] INFO  util.JvmPauseMonitor (JvmPauseMonitor.java:run(109)) - JvmPauseMonitor-84f1a9c9-622e-41e0-8205-2fe147efcf79: Stopped
2023-11-03 16:43:10,679 [ffeddd1f-af09-4c2e-97a1-be5caae46423-impl-thread3] INFO  segmented.SegmentedRaftLogWorker (SegmentedRaftLogWorker.java:close(252)) - ffeddd1f-af09-4c2e-97a1-be5caae46423@group-36F0C8D693BC-SegmentedRaftLogWorker close()
2023-11-03 16:43:10,681 [JvmPauseMonitor4] INFO  util.JvmPauseMonitor (JvmPauseMonitor.java:run(109)) - JvmPauseMonitor-ffeddd1f-af09-4c2e-97a1-be5caae46423: Stopped
2023-11-03 16:43:12,401 [ForkJoinPool.commonPool-worker-2] INFO  utils.DatanodeStoreCache (DatanodeStoreCache.java:shutdownCache(110)) - Skip clearing cache in mini cluster mode. Entries left: [/home/runner/work/ozone/ozone/hadoop-ozone/integration-test/target/test-dir/MiniOzoneClusterImpl-7c6973ba-416f-441c-aeb4-54a4245b8bbd/datanode-0/data-0/containers/hdds/7c6973ba-416f-441c-aeb4-54a4245b8bbd/DS-5201bb7d-3cd7-4c16-8c00-cfa6415b8264/container.db, /home/runner/work/ozone/ozone/hadoop-ozone/integration-test/target/test-dir/MiniOzoneClusterImpl-7c6973ba-416f-441c-aeb4-54a4245b8bbd/datanode-1/data-0/containers/hdds/7c6973ba-416f-441c-aeb4-54a4245b8bbd/DS-445e64de-8d79-4d7d-a8d4-3dea1525b3d4/container.db, /home/runner/work/ozone/ozone/hadoop-ozone/integration-test/target/test-dir/MiniOzoneClusterImpl-7c6973ba-416f-441c-aeb4-54a4245b8bbd/datanode-2/data-0/containers/hdds/7c6973ba-416f-441c-aeb4-54a4245b8bbd/DS-babe9256-8e4c-4e8b-962b-132ecfd27999/container.db, /home/runner/work/ozone/ozone/hadoop-ozone/integration-test/target/test-dir/MiniOzoneClusterImpl-7c6973ba-416f-441c-aeb4-54a4245b8bbd/datanode-3/data-0/containers/hdds/7c6973ba-416f-441c-aeb4-54a4245b8bbd/DS-0a54f74b-0834-4013-a0b9-8f0d508ad184/container.db, /home/runner/work/ozone/ozone/hadoop-ozone/integration-test/target/test-dir/MiniOzoneClusterImpl-7c6973ba-416f-441c-aeb4-54a4245b8bbd/datanode-4/data-0/containers/hdds/7c6973ba-416f-441c-aeb4-54a4245b8bbd/DS-c6b2e481-87f5-4584-ae9a-f2cd26812519/container.db]
2023-11-03 16:43:12,406 [ForkJoinPool.commonPool-worker-2] INFO  utils.DatanodeStoreCache (DatanodeStoreCache.java:removeDB(104)) - Removed db /home/runner/work/ozone/ozone/hadoop-ozone/integration-test/target/test-dir/MiniOzoneClusterImpl-7c6973ba-416f-441c-aeb4-54a4245b8bbd/datanode-3/data-0/containers/hdds/7c6973ba-416f-441c-aeb4-54a4245b8bbd/DS-0a54f74b-0834-4013-a0b9-8f0d508ad184/container.db from cache
2023-11-03 16:43:12,406 [ForkJoinPool.commonPool-worker-2] INFO  volume.HddsVolume (HddsVolume.java:closeDbStore(453)) - SchemaV3 db is stopped at /home/runner/work/ozone/ozone/hadoop-ozone/integration-test/target/test-dir/MiniOzoneClusterImpl-7c6973ba-416f-441c-aeb4-54a4245b8bbd/datanode-3/data-0/containers/hdds/7c6973ba-416f-441c-aeb4-54a4245b8bbd/DS-0a54f74b-0834-4013-a0b9-8f0d508ad184/container.db for volume DS-0a54f74b-0834-4013-a0b9-8f0d508ad184
2023-11-03 16:43:12,407 [ForkJoinPool.commonPool-worker-2] INFO  utils.BackgroundService (BackgroundService.java:shutdown(160)) - Shutting down service BlockDeletingService
2023-11-03 16:43:12,408 [ForkJoinPool.commonPool-worker-2] INFO  utils.BackgroundService (BackgroundService.java:shutdown(160)) - Shutting down service StaleRecoveringContainerScrubbingService
2023-11-03 16:43:12,411 [ForkJoinPool.commonPool-worker-2] INFO  statemachine.DatanodeStateMachine (DatanodeStateMachine.java:stopDaemon(638)) - Ozone container server stopped.
2023-11-03 16:43:12,413 [ForkJoinPool.commonPool-worker-2] INFO  handler.ContextHandler (ContextHandler.java:doStop(1159)) - Stopped o.e.j.w.WebAppContext@228a6483{hddsDatanode,/,null,STOPPED}{jar:file:/home/runner/.m2/repository/org/apache/ozone/hdds-container-service/1.4.0-SNAPSHOT/hdds-container-service-1.4.0-SNAPSHOT.jar!/webapps/hddsDatanode}
2023-11-03 16:43:12,415 [ForkJoinPool.commonPool-worker-2] INFO  server.AbstractConnector (AbstractConnector.java:doStop(383)) - Stopped ServerConnector@401f8bad{HTTP/1.1, (http/1.1)}{0.0.0.0:15036}
2023-11-03 16:43:12,416 [ForkJoinPool.commonPool-worker-2] INFO  server.session (HouseKeeper.java:stopScavenging(149)) - node0 Stopped scavenging
2023-11-03 16:43:12,417 [ForkJoinPool.commonPool-worker-2] INFO  handler.ContextHandler (ContextHandler.java:doStop(1159)) - Stopped o.e.j.s.ServletContextHandler@3ce54d03{static,/static,jar:file:/home/runner/.m2/repository/org/apache/ozone/hdds-container-service/1.4.0-SNAPSHOT/hdds-container-service-1.4.0-SNAPSHOT.jar!/webapps/static,STOPPED}
2023-11-03 16:43:12,418 [ForkJoinPool.commonPool-worker-2] INFO  handler.ContextHandler (ContextHandler.java:doStop(1159)) - Stopped o.e.j.s.ServletContextHandler@126410f1{logs,/logs,file:///home/runner/work/ozone/ozone/hadoop-ozone/integration-test/target/log,STOPPED}
2023-11-03 16:43:12,420 [ForkJoinPool.commonPool-worker-2] INFO  ozone.HddsDatanodeClientProtocolServer (HddsDatanodeClientProtocolServer.java:stop(78)) - Stopping the RPC server for Client Protocol
2023-11-03 16:43:12,420 [ForkJoinPool.commonPool-worker-2] INFO  ipc.Server (Server.java:stop(3523)) - Stopping server on 15037
2023-11-03 16:43:12,421 [IPC Server Responder] INFO  ipc.Server (Server.java:run(1567)) - Stopping IPC Server Responder
2023-11-03 16:43:12,422 [IPC Server listener on 15037] INFO  ipc.Server (Server.java:run(1434)) - Stopping IPC Server listener on 15037
2023-11-03 16:43:12,586 [ForkJoinPool.commonPool-worker-0] INFO  utils.DatanodeStoreCache (DatanodeStoreCache.java:shutdownCache(110)) - Skip clearing cache in mini cluster mode. Entries left: [/home/runner/work/ozone/ozone/hadoop-ozone/integration-test/target/test-dir/MiniOzoneClusterImpl-7c6973ba-416f-441c-aeb4-54a4245b8bbd/datanode-0/data-0/containers/hdds/7c6973ba-416f-441c-aeb4-54a4245b8bbd/DS-5201bb7d-3cd7-4c16-8c00-cfa6415b8264/container.db, /home/runner/work/ozone/ozone/hadoop-ozone/integration-test/target/test-dir/MiniOzoneClusterImpl-7c6973ba-416f-441c-aeb4-54a4245b8bbd/datanode-1/data-0/containers/hdds/7c6973ba-416f-441c-aeb4-54a4245b8bbd/DS-445e64de-8d79-4d7d-a8d4-3dea1525b3d4/container.db, /home/runner/work/ozone/ozone/hadoop-ozone/integration-test/target/test-dir/MiniOzoneClusterImpl-7c6973ba-416f-441c-aeb4-54a4245b8bbd/datanode-2/data-0/containers/hdds/7c6973ba-416f-441c-aeb4-54a4245b8bbd/DS-babe9256-8e4c-4e8b-962b-132ecfd27999/container.db, /home/runner/work/ozone/ozone/hadoop-ozone/integration-test/target/test-dir/MiniOzoneClusterImpl-7c6973ba-416f-441c-aeb4-54a4245b8bbd/datanode-4/data-0/containers/hdds/7c6973ba-416f-441c-aeb4-54a4245b8bbd/DS-c6b2e481-87f5-4584-ae9a-f2cd26812519/container.db]
2023-11-03 16:43:12,588 [ForkJoinPool.commonPool-worker-0] INFO  utils.DatanodeStoreCache (DatanodeStoreCache.java:removeDB(104)) - Removed db /home/runner/work/ozone/ozone/hadoop-ozone/integration-test/target/test-dir/MiniOzoneClusterImpl-7c6973ba-416f-441c-aeb4-54a4245b8bbd/datanode-4/data-0/containers/hdds/7c6973ba-416f-441c-aeb4-54a4245b8bbd/DS-c6b2e481-87f5-4584-ae9a-f2cd26812519/container.db from cache
2023-11-03 16:43:12,588 [ForkJoinPool.commonPool-worker-0] INFO  volume.HddsVolume (HddsVolume.java:closeDbStore(453)) - SchemaV3 db is stopped at /home/runner/work/ozone/ozone/hadoop-ozone/integration-test/target/test-dir/MiniOzoneClusterImpl-7c6973ba-416f-441c-aeb4-54a4245b8bbd/datanode-4/data-0/containers/hdds/7c6973ba-416f-441c-aeb4-54a4245b8bbd/DS-c6b2e481-87f5-4584-ae9a-f2cd26812519/container.db for volume DS-c6b2e481-87f5-4584-ae9a-f2cd26812519
2023-11-03 16:43:12,589 [ForkJoinPool.commonPool-worker-0] INFO  utils.BackgroundService (BackgroundService.java:shutdown(160)) - Shutting down service BlockDeletingService
2023-11-03 16:43:12,589 [ForkJoinPool.commonPool-worker-0] INFO  utils.BackgroundService (BackgroundService.java:shutdown(160)) - Shutting down service StaleRecoveringContainerScrubbingService
2023-11-03 16:43:12,590 [ForkJoinPool.commonPool-worker-0] INFO  statemachine.DatanodeStateMachine (DatanodeStateMachine.java:stopDaemon(638)) - Ozone container server stopped.
2023-11-03 16:43:12,592 [ForkJoinPool.commonPool-worker-0] INFO  handler.ContextHandler (ContextHandler.java:doStop(1159)) - Stopped o.e.j.w.WebAppContext@5ef293a6{hddsDatanode,/,null,STOPPED}{jar:file:/home/runner/.m2/repository/org/apache/ozone/hdds-container-service/1.4.0-SNAPSHOT/hdds-container-service-1.4.0-SNAPSHOT.jar!/webapps/hddsDatanode}
2023-11-03 16:43:12,593 [ForkJoinPool.commonPool-worker-0] INFO  server.AbstractConnector (AbstractConnector.java:doStop(383)) - Stopped ServerConnector@45f70c6e{HTTP/1.1, (http/1.1)}{0.0.0.0:15045}
2023-11-03 16:43:12,593 [ForkJoinPool.commonPool-worker-0] INFO  server.session (HouseKeeper.java:stopScavenging(149)) - node0 Stopped scavenging
2023-11-03 16:43:12,594 [ForkJoinPool.commonPool-worker-0] INFO  handler.ContextHandler (ContextHandler.java:doStop(1159)) - Stopped o.e.j.s.ServletContextHandler@49454830{static,/static,jar:file:/home/runner/.m2/repository/org/apache/ozone/hdds-container-service/1.4.0-SNAPSHOT/hdds-container-service-1.4.0-SNAPSHOT.jar!/webapps/static,STOPPED}
2023-11-03 16:43:12,595 [ForkJoinPool.commonPool-worker-0] INFO  handler.ContextHandler (ContextHandler.java:doStop(1159)) - Stopped o.e.j.s.ServletContextHandler@7c38e37a{logs,/logs,file:///home/runner/work/ozone/ozone/hadoop-ozone/integration-test/target/log,STOPPED}
2023-11-03 16:43:12,596 [ForkJoinPool.commonPool-worker-0] INFO  ozone.HddsDatanodeClientProtocolServer (HddsDatanodeClientProtocolServer.java:stop(78)) - Stopping the RPC server for Client Protocol
2023-11-03 16:43:12,596 [ForkJoinPool.commonPool-worker-0] INFO  ipc.Server (Server.java:stop(3523)) - Stopping server on 15046
2023-11-03 16:43:12,597 [IPC Server listener on 15046] INFO  ipc.Server (Server.java:run(1434)) - Stopping IPC Server listener on 15046
2023-11-03 16:43:12,598 [IPC Server Responder] INFO  ipc.Server (Server.java:run(1567)) - Stopping IPC Server Responder
2023-11-03 16:43:12,685 [ForkJoinPool.commonPool-worker-1] INFO  utils.DatanodeStoreCache (DatanodeStoreCache.java:shutdownCache(110)) - Skip clearing cache in mini cluster mode. Entries left: [/home/runner/work/ozone/ozone/hadoop-ozone/integration-test/target/test-dir/MiniOzoneClusterImpl-7c6973ba-416f-441c-aeb4-54a4245b8bbd/datanode-0/data-0/containers/hdds/7c6973ba-416f-441c-aeb4-54a4245b8bbd/DS-5201bb7d-3cd7-4c16-8c00-cfa6415b8264/container.db, /home/runner/work/ozone/ozone/hadoop-ozone/integration-test/target/test-dir/MiniOzoneClusterImpl-7c6973ba-416f-441c-aeb4-54a4245b8bbd/datanode-1/data-0/containers/hdds/7c6973ba-416f-441c-aeb4-54a4245b8bbd/DS-445e64de-8d79-4d7d-a8d4-3dea1525b3d4/container.db, /home/runner/work/ozone/ozone/hadoop-ozone/integration-test/target/test-dir/MiniOzoneClusterImpl-7c6973ba-416f-441c-aeb4-54a4245b8bbd/datanode-2/data-0/containers/hdds/7c6973ba-416f-441c-aeb4-54a4245b8bbd/DS-babe9256-8e4c-4e8b-962b-132ecfd27999/container.db]
2023-11-03 16:43:12,685 [ForkJoinPool.commonPool-worker-3] INFO  utils.DatanodeStoreCache (DatanodeStoreCache.java:shutdownCache(110)) - Skip clearing cache in mini cluster mode. Entries left: [/home/runner/work/ozone/ozone/hadoop-ozone/integration-test/target/test-dir/MiniOzoneClusterImpl-7c6973ba-416f-441c-aeb4-54a4245b8bbd/datanode-0/data-0/containers/hdds/7c6973ba-416f-441c-aeb4-54a4245b8bbd/DS-5201bb7d-3cd7-4c16-8c00-cfa6415b8264/container.db, /home/runner/work/ozone/ozone/hadoop-ozone/integration-test/target/test-dir/MiniOzoneClusterImpl-7c6973ba-416f-441c-aeb4-54a4245b8bbd/datanode-1/data-0/containers/hdds/7c6973ba-416f-441c-aeb4-54a4245b8bbd/DS-445e64de-8d79-4d7d-a8d4-3dea1525b3d4/container.db, /home/runner/work/ozone/ozone/hadoop-ozone/integration-test/target/test-dir/MiniOzoneClusterImpl-7c6973ba-416f-441c-aeb4-54a4245b8bbd/datanode-2/data-0/containers/hdds/7c6973ba-416f-441c-aeb4-54a4245b8bbd/DS-babe9256-8e4c-4e8b-962b-132ecfd27999/container.db]
2023-11-03 16:43:12,686 [main] INFO  utils.DatanodeStoreCache (DatanodeStoreCache.java:shutdownCache(110)) - Skip clearing cache in mini cluster mode. Entries left: [/home/runner/work/ozone/ozone/hadoop-ozone/integration-test/target/test-dir/MiniOzoneClusterImpl-7c6973ba-416f-441c-aeb4-54a4245b8bbd/datanode-0/data-0/containers/hdds/7c6973ba-416f-441c-aeb4-54a4245b8bbd/DS-5201bb7d-3cd7-4c16-8c00-cfa6415b8264/container.db, /home/runner/work/ozone/ozone/hadoop-ozone/integration-test/target/test-dir/MiniOzoneClusterImpl-7c6973ba-416f-441c-aeb4-54a4245b8bbd/datanode-1/data-0/containers/hdds/7c6973ba-416f-441c-aeb4-54a4245b8bbd/DS-445e64de-8d79-4d7d-a8d4-3dea1525b3d4/container.db, /home/runner/work/ozone/ozone/hadoop-ozone/integration-test/target/test-dir/MiniOzoneClusterImpl-7c6973ba-416f-441c-aeb4-54a4245b8bbd/datanode-2/data-0/containers/hdds/7c6973ba-416f-441c-aeb4-54a4245b8bbd/DS-babe9256-8e4c-4e8b-962b-132ecfd27999/container.db]
2023-11-03 16:43:12,688 [main] INFO  utils.DatanodeStoreCache (DatanodeStoreCache.java:removeDB(104)) - Removed db /home/runner/work/ozone/ozone/hadoop-ozone/integration-test/target/test-dir/MiniOzoneClusterImpl-7c6973ba-416f-441c-aeb4-54a4245b8bbd/datanode-2/data-0/containers/hdds/7c6973ba-416f-441c-aeb4-54a4245b8bbd/DS-babe9256-8e4c-4e8b-962b-132ecfd27999/container.db from cache
2023-11-03 16:43:12,688 [main] INFO  volume.HddsVolume (HddsVolume.java:closeDbStore(453)) - SchemaV3 db is stopped at /home/runner/work/ozone/ozone/hadoop-ozone/integration-test/target/test-dir/MiniOzoneClusterImpl-7c6973ba-416f-441c-aeb4-54a4245b8bbd/datanode-2/data-0/containers/hdds/7c6973ba-416f-441c-aeb4-54a4245b8bbd/DS-babe9256-8e4c-4e8b-962b-132ecfd27999/container.db for volume DS-babe9256-8e4c-4e8b-962b-132ecfd27999
2023-11-03 16:43:12,688 [main] INFO  utils.BackgroundService (BackgroundService.java:shutdown(160)) - Shutting down service BlockDeletingService
2023-11-03 16:43:12,691 [ForkJoinPool.commonPool-worker-1] INFO  utils.DatanodeStoreCache (DatanodeStoreCache.java:removeDB(104)) - Removed db /home/runner/work/ozone/ozone/hadoop-ozone/integration-test/target/test-dir/MiniOzoneClusterImpl-7c6973ba-416f-441c-aeb4-54a4245b8bbd/datanode-1/data-0/containers/hdds/7c6973ba-416f-441c-aeb4-54a4245b8bbd/DS-445e64de-8d79-4d7d-a8d4-3dea1525b3d4/container.db from cache
2023-11-03 16:43:12,691 [ForkJoinPool.commonPool-worker-3] INFO  utils.DatanodeStoreCache (DatanodeStoreCache.java:removeDB(104)) - Removed db /home/runner/work/ozone/ozone/hadoop-ozone/integration-test/target/test-dir/MiniOzoneClusterImpl-7c6973ba-416f-441c-aeb4-54a4245b8bbd/datanode-0/data-0/containers/hdds/7c6973ba-416f-441c-aeb4-54a4245b8bbd/DS-5201bb7d-3cd7-4c16-8c00-cfa6415b8264/container.db from cache
2023-11-03 16:43:12,691 [main] INFO  utils.BackgroundService (BackgroundService.java:shutdown(160)) - Shutting down service StaleRecoveringContainerScrubbingService
2023-11-03 16:43:12,691 [ForkJoinPool.commonPool-worker-3] INFO  volume.HddsVolume (HddsVolume.java:closeDbStore(453)) - SchemaV3 db is stopped at /home/runner/work/ozone/ozone/hadoop-ozone/integration-test/target/test-dir/MiniOzoneClusterImpl-7c6973ba-416f-441c-aeb4-54a4245b8bbd/datanode-0/data-0/containers/hdds/7c6973ba-416f-441c-aeb4-54a4245b8bbd/DS-5201bb7d-3cd7-4c16-8c00-cfa6415b8264/container.db for volume DS-5201bb7d-3cd7-4c16-8c00-cfa6415b8264
2023-11-03 16:43:12,691 [ForkJoinPool.commonPool-worker-1] INFO  volume.HddsVolume (HddsVolume.java:closeDbStore(453)) - SchemaV3 db is stopped at /home/runner/work/ozone/ozone/hadoop-ozone/integration-test/target/test-dir/MiniOzoneClusterImpl-7c6973ba-416f-441c-aeb4-54a4245b8bbd/datanode-1/data-0/containers/hdds/7c6973ba-416f-441c-aeb4-54a4245b8bbd/DS-445e64de-8d79-4d7d-a8d4-3dea1525b3d4/container.db for volume DS-445e64de-8d79-4d7d-a8d4-3dea1525b3d4
2023-11-03 16:43:12,693 [main] INFO  statemachine.DatanodeStateMachine (DatanodeStateMachine.java:stopDaemon(638)) - Ozone container server stopped.
2023-11-03 16:43:12,694 [main] INFO  handler.ContextHandler (ContextHandler.java:doStop(1159)) - Stopped o.e.j.w.WebAppContext@26df5b5e{hddsDatanode,/,null,STOPPED}{jar:file:/home/runner/.m2/repository/org/apache/ozone/hdds-container-service/1.4.0-SNAPSHOT/hdds-container-service-1.4.0-SNAPSHOT.jar!/webapps/hddsDatanode}
2023-11-03 16:43:12,695 [main] INFO  server.AbstractConnector (AbstractConnector.java:doStop(383)) - Stopped ServerConnector@407691d1{HTTP/1.1, (http/1.1)}{0.0.0.0:15027}
2023-11-03 16:43:12,695 [main] INFO  server.session (HouseKeeper.java:stopScavenging(149)) - node0 Stopped scavenging
2023-11-03 16:43:12,696 [main] INFO  handler.ContextHandler (ContextHandler.java:doStop(1159)) - Stopped o.e.j.s.ServletContextHandler@704a50aa{static,/static,jar:file:/home/runner/.m2/repository/org/apache/ozone/hdds-container-service/1.4.0-SNAPSHOT/hdds-container-service-1.4.0-SNAPSHOT.jar!/webapps/static,STOPPED}
2023-11-03 16:43:12,696 [main] INFO  handler.ContextHandler (ContextHandler.java:doStop(1159)) - Stopped o.e.j.s.ServletContextHandler@7341617c{logs,/logs,file:///home/runner/work/ozone/ozone/hadoop-ozone/integration-test/target/log,STOPPED}
2023-11-03 16:43:12,699 [main] INFO  ozone.HddsDatanodeClientProtocolServer (HddsDatanodeClientProtocolServer.java:stop(78)) - Stopping the RPC server for Client Protocol
2023-11-03 16:43:12,699 [main] INFO  ipc.Server (Server.java:stop(3523)) - Stopping server on 15028
2023-11-03 16:43:12,699 [ForkJoinPool.commonPool-worker-1] INFO  utils.BackgroundService (BackgroundService.java:shutdown(160)) - Shutting down service BlockDeletingService
2023-11-03 16:43:12,699 [ForkJoinPool.commonPool-worker-3] INFO  utils.BackgroundService (BackgroundService.java:shutdown(160)) - Shutting down service BlockDeletingService
2023-11-03 16:43:12,700 [ForkJoinPool.commonPool-worker-3] INFO  utils.BackgroundService (BackgroundService.java:shutdown(160)) - Shutting down service StaleRecoveringContainerScrubbingService
2023-11-03 16:43:12,700 [ForkJoinPool.commonPool-worker-1] INFO  utils.BackgroundService (BackgroundService.java:shutdown(160)) - Shutting down service StaleRecoveringContainerScrubbingService
2023-11-03 16:43:12,701 [IPC Server listener on 15028] INFO  ipc.Server (Server.java:run(1434)) - Stopping IPC Server listener on 15028
2023-11-03 16:43:12,702 [ForkJoinPool.commonPool-worker-3] INFO  statemachine.DatanodeStateMachine (DatanodeStateMachine.java:stopDaemon(638)) - Ozone container server stopped.
2023-11-03 16:43:12,702 [ForkJoinPool.commonPool-worker-1] INFO  statemachine.DatanodeStateMachine (DatanodeStateMachine.java:stopDaemon(638)) - Ozone container server stopped.
2023-11-03 16:43:12,705 [IPC Server Responder] INFO  ipc.Server (Server.java:run(1567)) - Stopping IPC Server Responder
2023-11-03 16:43:12,706 [ForkJoinPool.commonPool-worker-1] INFO  handler.ContextHandler (ContextHandler.java:doStop(1159)) - Stopped o.e.j.w.WebAppContext@2fbba0b1{hddsDatanode,/,null,STOPPED}{jar:file:/home/runner/.m2/repository/org/apache/ozone/hdds-container-service/1.4.0-SNAPSHOT/hdds-container-service-1.4.0-SNAPSHOT.jar!/webapps/hddsDatanode}
2023-11-03 16:43:12,705 [ForkJoinPool.commonPool-worker-3] INFO  handler.ContextHandler (ContextHandler.java:doStop(1159)) - Stopped o.e.j.w.WebAppContext@94a80be{hddsDatanode,/,null,STOPPED}{jar:file:/home/runner/.m2/repository/org/apache/ozone/hdds-container-service/1.4.0-SNAPSHOT/hdds-container-service-1.4.0-SNAPSHOT.jar!/webapps/hddsDatanode}
2023-11-03 16:43:12,707 [ForkJoinPool.commonPool-worker-3] INFO  server.AbstractConnector (AbstractConnector.java:doStop(383)) - Stopped ServerConnector@3f196671{HTTP/1.1, (http/1.1)}{0.0.0.0:15009}
2023-11-03 16:43:12,707 [ForkJoinPool.commonPool-worker-3] INFO  server.session (HouseKeeper.java:stopScavenging(149)) - node0 Stopped scavenging
2023-11-03 16:43:12,707 [ForkJoinPool.commonPool-worker-1] INFO  server.AbstractConnector (AbstractConnector.java:doStop(383)) - Stopped ServerConnector@224ac885{HTTP/1.1, (http/1.1)}{0.0.0.0:15018}
2023-11-03 16:43:12,707 [ForkJoinPool.commonPool-worker-1] INFO  server.session (HouseKeeper.java:stopScavenging(149)) - node0 Stopped scavenging
2023-11-03 16:43:12,708 [ForkJoinPool.commonPool-worker-3] INFO  handler.ContextHandler (ContextHandler.java:doStop(1159)) - Stopped o.e.j.s.ServletContextHandler@5d7538af{static,/static,jar:file:/home/runner/.m2/repository/org/apache/ozone/hdds-container-service/1.4.0-SNAPSHOT/hdds-container-service-1.4.0-SNAPSHOT.jar!/webapps/static,STOPPED}
2023-11-03 16:43:12,708 [ForkJoinPool.commonPool-worker-1] INFO  handler.ContextHandler (ContextHandler.java:doStop(1159)) - Stopped o.e.j.s.ServletContextHandler@179f9f90{static,/static,jar:file:/home/runner/.m2/repository/org/apache/ozone/hdds-container-service/1.4.0-SNAPSHOT/hdds-container-service-1.4.0-SNAPSHOT.jar!/webapps/static,STOPPED}
2023-11-03 16:43:12,709 [ForkJoinPool.commonPool-worker-3] INFO  handler.ContextHandler (ContextHandler.java:doStop(1159)) - Stopped o.e.j.s.ServletContextHandler@6870a1ff{logs,/logs,file:///home/runner/work/ozone/ozone/hadoop-ozone/integration-test/target/log,STOPPED}
2023-11-03 16:43:12,710 [ForkJoinPool.commonPool-worker-1] INFO  handler.ContextHandler (ContextHandler.java:doStop(1159)) - Stopped o.e.j.s.ServletContextHandler@6e045665{logs,/logs,file:///home/runner/work/ozone/ozone/hadoop-ozone/integration-test/target/log,STOPPED}
2023-11-03 16:43:12,710 [ForkJoinPool.commonPool-worker-3] INFO  ozone.HddsDatanodeClientProtocolServer (HddsDatanodeClientProtocolServer.java:stop(78)) - Stopping the RPC server for Client Protocol
2023-11-03 16:43:12,712 [ForkJoinPool.commonPool-worker-1] INFO  ozone.HddsDatanodeClientProtocolServer (HddsDatanodeClientProtocolServer.java:stop(78)) - Stopping the RPC server for Client Protocol
2023-11-03 16:43:12,712 [ForkJoinPool.commonPool-worker-3] INFO  ipc.Server (Server.java:stop(3523)) - Stopping server on 15010
2023-11-03 16:43:12,713 [ForkJoinPool.commonPool-worker-1] INFO  ipc.Server (Server.java:stop(3523)) - Stopping server on 15019
2023-11-03 16:43:12,714 [IPC Server listener on 15010] INFO  ipc.Server (Server.java:run(1434)) - Stopping IPC Server listener on 15010
2023-11-03 16:43:12,714 [IPC Server Responder] INFO  ipc.Server (Server.java:run(1567)) - Stopping IPC Server Responder
2023-11-03 16:43:12,715 [IPC Server Responder] INFO  ipc.Server (Server.java:run(1567)) - Stopping IPC Server Responder
2023-11-03 16:43:12,715 [IPC Server listener on 15019] INFO  ipc.Server (Server.java:run(1434)) - Stopping IPC Server listener on 15019
2023-11-03 16:43:12,716 [main] INFO  ozone.MiniOzoneClusterImpl (MiniOzoneClusterImpl.java:stopSCM(548)) - Stopping the StorageContainerManager
2023-11-03 16:43:12,717 [main] INFO  server.StorageContainerManager (StorageContainerManager.java:stop(1602)) - Container Balancer is not running.
2023-11-03 16:43:12,717 [main] INFO  server.StorageContainerManager (StorageContainerManager.java:stopReplicationManager(1735)) - Stopping Replication Manager Service.
2023-11-03 16:43:12,718 [main] INFO  replication.ReplicationManager (ReplicationManager.java:stop(323)) - Stopping Replication Monitor Thread.
2023-11-03 16:43:12,718 [main] INFO  server.StorageContainerManager (StorageContainerManager.java:stop(1611)) - Stopping the Datanode Admin Monitor.
2023-11-03 16:43:12,718 [ReplicationMonitor] INFO  replication.ReplicationManager (ReplicationManager.java:run(922)) - Replication Monitor Thread is stopped
2023-11-03 16:43:12,718 [main] INFO  server.StorageContainerManager (StorageContainerManager.java:stop(1618)) - Stopping datanode service RPC server
2023-11-03 16:43:12,718 [main] INFO  server.SCMDatanodeProtocolServer (SCMDatanodeProtocolServer.java:stop(424)) - Stopping the RPC server for DataNodes
2023-11-03 16:43:12,718 [main] INFO  ipc.Server (Server.java:stop(3523)) - Stopping server on 15002
2023-11-03 16:43:12,718 [UnderReplicatedProcessor] WARN  replication.UnhealthyReplicationProcessor (UnhealthyReplicationProcessor.java:run(180)) - UnderReplicatedProcessor interrupted. Exiting...
2023-11-03 16:43:12,719 [OverReplicatedProcessor] WARN  replication.UnhealthyReplicationProcessor (UnhealthyReplicationProcessor.java:run(180)) - OverReplicatedProcessor interrupted. Exiting...
2023-11-03 16:43:12,721 [IPC Server listener on 15002] INFO  ipc.Server (Server.java:run(1434)) - Stopping IPC Server listener on 15002
2023-11-03 16:43:12,723 [IPC Server Responder] INFO  ipc.Server (Server.java:run(1567)) - Stopping IPC Server Responder
2023-11-03 16:43:12,792 [SCMHeartbeatProcessor-0] WARN  node.NodeStateManager (NodeStateManager.java:scheduleNextHealthCheck(878)) - Current Thread is interrupted, shutting down HB processing thread for Node Manager.
2023-11-03 16:43:12,792 [main] INFO  server.StorageContainerManager (StorageContainerManager.java:stop(1626)) - Stopping block service RPC server
2023-11-03 16:43:12,793 [main] INFO  server.SCMBlockProtocolServer (SCMBlockProtocolServer.java:stop(163)) - Stopping the RPC server for Block Protocol
2023-11-03 16:43:12,793 [main] INFO  ipc.Server (Server.java:stop(3523)) - Stopping server on 15001
2023-11-03 16:43:12,797 [IPC Server listener on 15001] INFO  ipc.Server (Server.java:run(1434)) - Stopping IPC Server listener on 15001
2023-11-03 16:43:12,797 [IPC Server Responder] INFO  ipc.Server (Server.java:run(1567)) - Stopping IPC Server Responder
2023-11-03 16:43:12,797 [main] INFO  server.StorageContainerManager (StorageContainerManager.java:stop(1633)) - Stopping the StorageContainerLocationProtocol RPC server
2023-11-03 16:43:12,798 [main] INFO  server.SCMClientProtocolServer (SCMClientProtocolServer.java:stop(210)) - Stopping the RPC server for Client Protocol
2023-11-03 16:43:12,799 [main] INFO  ipc.Server (Server.java:stop(3523)) - Stopping server on 15000
2023-11-03 16:43:12,801 [IPC Server Responder] INFO  ipc.Server (Server.java:run(1567)) - Stopping IPC Server Responder
2023-11-03 16:43:12,802 [IPC Server listener on 15000] INFO  ipc.Server (Server.java:run(1434)) - Stopping IPC Server listener on 15000
2023-11-03 16:43:12,802 [main] INFO  server.StorageContainerManager (StorageContainerManager.java:stop(1640)) - Stopping Storage Container Manager HTTP server.
2023-11-03 16:43:12,803 [main] INFO  handler.ContextHandler (ContextHandler.java:doStop(1159)) - Stopped o.e.j.w.WebAppContext@5b5f48d5{scm,/,null,STOPPED}{file:/home/runner/work/ozone/ozone/hadoop-ozone/integration-test/target/test-classes/webapps/scm}
2023-11-03 16:43:12,804 [main] INFO  server.AbstractConnector (AbstractConnector.java:doStop(383)) - Stopped ServerConnector@172f2717{HTTP/1.1, (http/1.1)}{0.0.0.0:15003}
2023-11-03 16:43:12,804 [main] INFO  server.session (HouseKeeper.java:stopScavenging(149)) - node0 Stopped scavenging
2023-11-03 16:43:12,805 [main] INFO  handler.ContextHandler (ContextHandler.java:doStop(1159)) - Stopped o.e.j.s.ServletContextHandler@33acec5e{static,/static,file:///home/runner/work/ozone/ozone/hadoop-ozone/integration-test/target/test-classes/webapps/static,STOPPED}
2023-11-03 16:43:12,805 [main] INFO  handler.ContextHandler (ContextHandler.java:doStop(1159)) - Stopped o.e.j.s.ServletContextHandler@2fedaa2e{logs,/logs,file:///home/runner/work/ozone/ozone/hadoop-ozone/integration-test/target/log,STOPPED}
2023-11-03 16:43:12,806 [main] INFO  server.StorageContainerManager (StorageContainerManager.java:stop(1648)) - Stopping SCM LayoutVersionManager Service.
2023-11-03 16:43:12,806 [main] INFO  server.StorageContainerManager (StorageContainerManager.java:stop(1660)) - Stopping Block Manager Service.
2023-11-03 16:43:12,807 [main] INFO  utils.BackgroundService (BackgroundService.java:shutdown(160)) - Shutting down service SCMBlockDeletingService
2023-11-03 16:43:12,807 [main] INFO  utils.BackgroundService (BackgroundService.java:shutdown(160)) - Shutting down service SCMBlockDeletingService
2023-11-03 16:43:12,807 [main] INFO  server.StorageContainerManager (StorageContainerManager.java:stop(1680)) - Stopping SCM Event Queue.
2023-11-03 16:43:12,811 [JvmPauseMonitor0] INFO  util.JvmPauseMonitor (JvmPauseMonitor.java:run(109)) - JvmPauseMonitor-92e6787f-834e-4959-b7b7-52a8de32eae1: Stopped
2023-11-03 16:43:12,811 [main] INFO  server.StorageContainerManager (StorageContainerManager.java:stop(1691)) - Stopping SCM HA services.
2023-11-03 16:43:12,811 [main] INFO  pipeline.BackgroundPipelineCreator (BackgroundPipelineCreator.java:stop(152)) - Stopping RatisPipelineUtilsThread.
2023-11-03 16:43:12,812 [RatisPipelineUtilsThread-0] WARN  pipeline.BackgroundPipelineCreator (BackgroundPipelineCreator.java:run(183)) - RatisPipelineUtilsThread is interrupted.
2023-11-03 16:43:12,812 [BackgroundPipelineScrubber] WARN  BackgroundPipelineScrubber (BackgroundSCMService.java:run(115)) - BackgroundPipelineScrubber is interrupted, exit
2023-11-03 16:43:12,812 [main] INFO  BackgroundPipelineScrubber (BackgroundSCMService.java:stop(131)) - Stopping BackgroundPipelineScrubber Service.
2023-11-03 16:43:12,813 [main] INFO  impl.MetricsSystemImpl (MetricsSystemImpl.java:stop(210)) - Stopping XceiverClientMetrics metrics system...
2023-11-03 16:43:12,814 [prometheus] INFO  impl.MetricsSinkAdapter (MetricsSinkAdapter.java:publishMetricsFromQueue(141)) - prometheus thread interrupted.
2023-11-03 16:43:12,815 [main] INFO  impl.MetricsSystemImpl (MetricsSystemImpl.java:stop(216)) - XceiverClientMetrics metrics system stopped.
2023-11-03 16:43:12,815 [main] WARN  pipeline.BackgroundPipelineCreator (BackgroundPipelineCreator.java:stop(148)) - RatisPipelineUtilsThread is not running, just ignore.
2023-11-03 16:43:12,815 [main] INFO  BackgroundPipelineScrubber (BackgroundSCMService.java:stop(126)) - BackgroundPipelineScrubber Service is not running, skip stop.
2023-11-03 16:43:12,815 [ExpiredContainerReplicaOpScrubber] WARN  ExpiredContainerReplicaOpScrubber (BackgroundSCMService.java:run(115)) - ExpiredContainerReplicaOpScrubber is interrupted, exit
2023-11-03 16:43:12,816 [main] INFO  ExpiredContainerReplicaOpScrubber (BackgroundSCMService.java:stop(131)) - Stopping ExpiredContainerReplicaOpScrubber Service.
2023-11-03 16:43:12,816 [main] INFO  utils.BackgroundService (BackgroundService.java:shutdown(160)) - Shutting down service SCMBlockDeletingService
2023-11-03 16:43:12,816 [main] INFO  replication.ReplicationManager (ReplicationManager.java:stop(333)) - Replication Monitor Thread is not running.
2023-11-03 16:43:12,816 [main] WARN  balancer.ContainerBalancer (ContainerBalancer.java:stop(327)) - Cannot stop Container Balancer because it's not running or stopping
2023-11-03 16:43:12,817 [main] INFO  server.StorageContainerManager (StorageContainerManager.java:stop(1726)) - Stopping SCM MetadataStore.
2023-11-03 16:43:12,890 [main] INFO  db.CodecTestUtil (CodecTestUtil.java:gc(47)) - gc 0
2023-11-03 16:43:13,292 [main] WARN  server.ServerUtils (ServerUtils.java:getScmDbDir(155)) - ozone.scm.db.dirs is not configured. We recommend adding this setting. Falling back to ozone.metadata.dirs instead.
2023-11-03 16:43:13,297 [main] WARN  server.ServerUtils (ServerUtils.java:getScmDbDir(155)) - ozone.scm.db.dirs is not configured. We recommend adding this setting. Falling back to ozone.metadata.dirs instead.
2023-11-03 16:43:13,298 [main] INFO  ha.SCMHANodeDetails (SCMHANodeDetails.java:loadSCMHAConfig(210)) - ServiceID for StorageContainerManager is null
2023-11-03 16:43:13,298 [main] INFO  ha.SCMHANodeDetails (SCMHANodeDetails.java:loadSCMHAConfig(215)) - ozone.scm.default.service.id is not defined, falling back to ozone.scm.service.ids to find serviceID for StorageContainerManager if it is HA enabled cluster
2023-11-03 16:43:13,299 [main] WARN  utils.HAUtils (HAUtils.java:getMetaDir(339)) - ozone.scm.db.dirs is not configured. We recommend adding this setting. Falling back to ozone.metadata.dirs instead.
2023-11-03 16:43:13,300 [main] WARN  db.DBStoreBuilder (DBStoreBuilder.java:applyDBDefinition(167)) - ozone.scm.db.dirs is not configured. We recommend adding this setting. Falling back to ozone.metadata.dirs instead.
2023-11-03 16:43:13,449 [main] INFO  net.NodeSchemaLoader (NodeSchemaLoader.java:loadSchemaFromFile(129)) - Loading schema from [jar:file:/home/runner/.m2/repository/org/apache/ozone/hdds-common/1.4.0-SNAPSHOT/hdds-common-1.4.0-SNAPSHOT.jar!/network-topology-default.xml]
2023-11-03 16:43:13,449 [main] INFO  net.NodeSchemaLoader (NodeSchemaLoader.java:loadSchema(176)) - Loading network topology layer schema file
2023-11-03 16:43:13,453 [main] INFO  upgrade.AbstractLayoutVersionManager (AbstractLayoutVersionManager.java:init(83)) - Initializing Layout version manager with metadata layout = HADOOP_PRC_PORTS_IN_DATANODEDETAILS (version = 7), software layout = HADOOP_PRC_PORTS_IN_DATANODEDETAILS (version = 7)
2023-11-03 16:43:13,456 [main] INFO  ha.SequenceIdGenerator (SequenceIdGenerator.java:upgradeToSequenceId(370)) - upgrade localId to 111677748019200000
2023-11-03 16:43:13,458 [main] INFO  ha.SequenceIdGenerator (SequenceIdGenerator.java:upgradeToSequenceId(380)) - upgrade delTxnId to 0
2023-11-03 16:43:13,459 [main] INFO  ha.SequenceIdGenerator (SequenceIdGenerator.java:upgradeToSequenceId(397)) - upgrade containerId to 0
2023-11-03 16:43:13,461 [main] INFO  ha.SequenceIdGenerator (SequenceIdGenerator.java:upgradeToCertificateSequenceId(444)) - upgrade CertificateId to 2
2023-11-03 16:43:13,465 [main] INFO  ha.SequenceIdGenerator (SequenceIdGenerator.java:<init>(241)) - Init the HA SequenceIdGenerator.
2023-11-03 16:43:13,465 [main] WARN  server.ServerUtils (ServerUtils.java:sanitizeUserArgs(80)) - ozone.scm.stale.node.interval value = 300000 is larger than max = 100000 based on the key value of ozone.scm.heartbeat.thread.interval, reset to the max value 100000.
2023-11-03 16:43:13,466 [main] WARN  server.ServerUtils (ServerUtils.java:sanitizeUserArgs(80)) - ozone.scm.stale.node.interval value = 300000 is larger than max = 100000 based on the key value of ozone.scm.heartbeat.thread.interval, reset to the max value 100000.
2023-11-03 16:43:13,466 [main] INFO  node.SCMNodeManager (SCMNodeManager.java:<init>(157)) - Entering startup safe mode.
2023-11-03 16:43:13,468 [main] INFO  algorithms.ContainerPlacementPolicyFactory (ContainerPlacementPolicyFactory.java:getPolicyInternal(86)) - Create container placement policy of type org.apache.hadoop.hdds.scm.container.placement.algorithms.SCMContainerPlacementRackAware
2023-11-03 16:43:13,470 [main] INFO  algorithms.ContainerPlacementPolicyFactory (ContainerPlacementPolicyFactory.java:getPolicyInternal(86)) - Create container placement policy of type org.apache.hadoop.hdds.scm.container.placement.algorithms.SCMContainerPlacementRackScatter
2023-11-03 16:43:13,471 [main] INFO  pipeline.PipelineStateManagerImpl (PipelineStateManagerImpl.java:initialize(78)) - No pipeline exists in current db
2023-11-03 16:43:13,472 [main] INFO  algorithms.LeaderChoosePolicyFactory (LeaderChoosePolicyFactory.java:getPolicy(57)) - Create leader choose policy of type org.apache.hadoop.hdds.scm.pipeline.leader.choose.algorithms.MinLeaderCountChoosePolicy
2023-11-03 16:43:13,472 [main] INFO  algorithms.ContainerPlacementPolicyFactory (ContainerPlacementPolicyFactory.java:getPolicyInternal(86)) - Create container placement policy of type org.apache.hadoop.hdds.scm.container.placement.algorithms.SCMContainerPlacementRackScatter
2023-11-03 16:43:13,473 [main] INFO  ha.SCMServiceManager (SCMServiceManager.java:register(42)) - Registering service BackgroundPipelineCreator.
2023-11-03 16:43:13,473 [main] INFO  pipeline.BackgroundPipelineCreator (BackgroundPipelineCreator.java:start(127)) - Starting RatisPipelineUtilsThread.
2023-11-03 16:43:13,473 [main] INFO  BackgroundPipelineScrubber (BackgroundSCMService.java:start(68)) - Starting BackgroundPipelineScrubber Service.
2023-11-03 16:43:13,473 [main] INFO  ha.SCMServiceManager (SCMServiceManager.java:register(42)) - Registering service BackgroundPipelineScrubber.
2023-11-03 16:43:13,474 [main] INFO  ExpiredContainerReplicaOpScrubber (BackgroundSCMService.java:start(68)) - Starting ExpiredContainerReplicaOpScrubber Service.
2023-11-03 16:43:13,474 [main] INFO  ha.SCMServiceManager (SCMServiceManager.java:register(42)) - Registering service ExpiredContainerReplicaOpScrubber.
2023-11-03 16:43:13,475 [main] INFO  algorithms.PipelineChoosePolicyFactory (PipelineChoosePolicyFactory.java:createPipelineChoosePolicyFromClass(78)) - Create pipeline choose policy of type org.apache.hadoop.hdds.scm.pipeline.choose.algorithms.RandomPipelineChoosePolicy
2023-11-03 16:43:13,475 [main] INFO  algorithms.PipelineChoosePolicyFactory (PipelineChoosePolicyFactory.java:createPipelineChoosePolicyFromClass(78)) - Create pipeline choose policy of type org.apache.hadoop.hdds.scm.pipeline.choose.algorithms.RandomPipelineChoosePolicy
2023-11-03 16:43:13,476 [main] INFO  ha.SCMServiceManager (SCMServiceManager.java:register(42)) - Registering service SCMBlockDeletingService.
2023-11-03 16:43:13,478 [main] INFO  replication.ReplicationManager (ReplicationManager.java:start(291)) - Starting Replication Monitor Thread.
2023-11-03 16:43:13,480 [main] INFO  ha.SCMServiceManager (SCMServiceManager.java:register(42)) - Registering service ReplicationManager.
2023-11-03 16:43:13,481 [main] INFO  safemode.ContainerSafeModeRule (ContainerSafeModeRule.java:<init>(90)) - containers with one replica threshold count 0
2023-11-03 16:43:13,481 [main] INFO  safemode.HealthyPipelineSafeModeRule (HealthyPipelineSafeModeRule.java:initializeRule(169)) - Total pipeline count is 0, healthy pipeline threshold count is 1
2023-11-03 16:43:13,482 [main] INFO  safemode.OneReplicaPipelineSafeModeRule (OneReplicaPipelineSafeModeRule.java:initializeRule(180)) - Total pipeline count is 0, pipeline's with at least one datanode reported threshold count is 0
2023-11-03 16:43:13,483 [main] INFO  server.StorageContainerManager (StorageContainerManager.java:<init>(427)) - SCM start with adminUsers: [runner]
2023-11-03 16:43:13,483 [main] INFO  ipc.CallQueueManager (CallQueueManager.java:<init>(90)) - Using callQueue: class java.util.concurrent.LinkedBlockingQueue, queueCapacity: 2000, scheduler: class org.apache.hadoop.ipc.DefaultRpcScheduler, ipcBackoff: false.
2023-11-03 16:43:13,484 [main] INFO  ipc.Server (Server.java:<init>(1287)) - Listener at 0.0.0.0:15055
2023-11-03 16:43:13,485 [Socket Reader #1 for port 15055] INFO  ipc.Server (Server.java:run(1323)) - Starting Socket Reader #1 for port 15055
2023-11-03 16:43:13,493 [ReplicationMonitor] INFO  replication.ReplicationManager (ReplicationManager.java:processAll(366)) - Replication Manager is not ready to run until 3000ms after safemode exit
2023-11-03 16:43:13,493 [main] INFO  ipc.CallQueueManager (CallQueueManager.java:<init>(90)) - Using callQueue: class java.util.concurrent.LinkedBlockingQueue, queueCapacity: 2000, scheduler: class org.apache.hadoop.ipc.DefaultRpcScheduler, ipcBackoff: false.
2023-11-03 16:43:13,494 [main] INFO  ipc.Server (Server.java:<init>(1287)) - Listener at 0.0.0.0:15054
2023-11-03 16:43:13,499 [Socket Reader #1 for port 15054] INFO  ipc.Server (Server.java:run(1323)) - Starting Socket Reader #1 for port 15054
2023-11-03 16:43:13,501 [main] INFO  ipc.CallQueueManager (CallQueueManager.java:<init>(90)) - Using callQueue: class java.util.concurrent.LinkedBlockingQueue, queueCapacity: 2000, scheduler: class org.apache.hadoop.ipc.DefaultRpcScheduler, ipcBackoff: false.
2023-11-03 16:43:13,501 [main] INFO  ipc.Server (Server.java:<init>(1287)) - Listener at 0.0.0.0:15053
2023-11-03 16:43:13,504 [Socket Reader #1 for port 15053] INFO  ipc.Server (Server.java:run(1323)) - Starting Socket Reader #1 for port 15053
2023-11-03 16:43:13,515 [main] INFO  ha.SCMServiceManager (SCMServiceManager.java:register(42)) - Registering service ContainerBalancer.
2023-11-03 16:43:13,516 [main] INFO  server.StorageContainerManager (StorageContainerManager.java:<init>(440)) - 
Container Balancer status:
Key                            Value
Running                        false
Container Balancer Configuration values:
Key                                                Value
Threshold                                          10
Max Datanodes to Involve per Iteration(percent)    20
Max Size to Move per Iteration                     500GB
Max Size Entering Target per Iteration             26GB
Max Size Leaving Source per Iteration              26GB
Number of Iterations                               10
Time Limit for Single Container's Movement         65min
Time Limit for Single Container's Replication      50min
Interval between each Iteration                    70min
Whether to Enable Network Topology                 false
Whether to Trigger Refresh Datanode Usage Info     false
Container IDs to Exclude from Balancing            None
Datanodes Specified to be Balanced                 None
Datanodes Excluded from Balancing                  None

2023-11-03 16:43:13,516 [main] INFO  ha.SCMContext (SCMContext.java:updateSafeModeStatus(230)) - Update SafeModeStatus from SafeModeStatus{safeModeStatus=true, preCheckPassed=false} to SafeModeStatus{safeModeStatus=true, preCheckPassed=false}.
2023-11-03 16:43:13,518 [main] INFO  server.StorageContainerManager (StorageContainerManager.java:start(1494)) - StorageContainerLocationProtocol RPC server is listening at /0.0.0.0:15053
2023-11-03 16:43:13,520 [main] WARN  impl.MetricsConfig (MetricsConfig.java:loadFirst(136)) - Cannot locate configuration: tried hadoop-metrics2-storagecontainermanager.properties,hadoop-metrics2.properties
2023-11-03 16:43:13,524 [main] INFO  impl.MetricsSystemImpl (MetricsSystemImpl.java:startTimer(378)) - Scheduled Metric snapshot period at 10 second(s).
2023-11-03 16:43:13,524 [main] INFO  impl.MetricsSystemImpl (MetricsSystemImpl.java:start(191)) - StorageContainerManager metrics system started
2023-11-03 16:43:13,570 [main] INFO  impl.MetricsSinkAdapter (MetricsSinkAdapter.java:start(204)) - Sink prometheus started
2023-11-03 16:43:13,570 [main] INFO  impl.MetricsSystemImpl (MetricsSystemImpl.java:registerSink(305)) - Registered sink prometheus
2023-11-03 16:43:13,585 [main] INFO  server.SCMClientProtocolServer (SCMClientProtocolServer.java:start(201)) - RPC server for Client  is listening at /0.0.0.0:15053
2023-11-03 16:43:13,586 [IPC Server Responder] INFO  ipc.Server (Server.java:run(1562)) - IPC Server Responder: starting
2023-11-03 16:43:13,589 [IPC Server listener on 15053] INFO  ipc.Server (Server.java:run(1402)) - IPC Server listener on 15053: starting
2023-11-03 16:43:13,595 [main] INFO  server.StorageContainerManager (StorageContainerManager.java:start(1507)) - ScmBlockLocationProtocol RPC server is listening at /0.0.0.0:15054
2023-11-03 16:43:13,595 [main] INFO  server.SCMBlockProtocolServer (SCMBlockProtocolServer.java:start(154)) - RPC server for Block Protocol is listening at /0.0.0.0:15054
2023-11-03 16:43:13,596 [IPC Server Responder] INFO  ipc.Server (Server.java:run(1562)) - IPC Server Responder: starting
2023-11-03 16:43:13,596 [IPC Server listener on 15054] INFO  ipc.Server (Server.java:run(1402)) - IPC Server listener on 15054: starting
2023-11-03 16:43:13,603 [main] INFO  server.SCMDatanodeProtocolServer (SCMDatanodeProtocolServer.java:start(193)) - ScmDatanodeProtocol RPC server for DataNodes is listening at /0.0.0.0:15055
2023-11-03 16:43:13,604 [IPC Server Responder] INFO  ipc.Server (Server.java:run(1562)) - IPC Server Responder: starting
2023-11-03 16:43:13,604 [IPC Server listener on 15055] INFO  ipc.Server (Server.java:run(1402)) - IPC Server listener on 15055: starting
2023-11-03 16:43:13,620 [JvmPauseMonitor7] INFO  util.JvmPauseMonitor (JvmPauseMonitor.java:run(103)) - JvmPauseMonitor-154f0a0b-bb72-46df-9035-a9a6298984f4: Started
2023-11-03 16:43:13,621 [main] INFO  http.BaseHttpServer (BaseHttpServer.java:newHttpServer2BuilderForOzone(223)) - Starting Web-server for scm at: http://0.0.0.0:15056
2023-11-03 16:43:13,622 [main] INFO  http.BaseHttpServer (BaseHttpServer.java:<init>(110)) - Hadoop Security Enabled: false Ozone Security Enabled: false Ozone HTTP Security Enabled: false 
2023-11-03 16:43:13,625 [main] WARN  server.AuthenticationFilter (AuthenticationFilter.java:constructSecretProvider(240)) - Unable to initialize FileSignerSecretProvider, falling back to use random secrets. Reason: Could not read signature secret file: /home/runner/hadoop-http-auth-signature-secret
2023-11-03 16:43:13,626 [main] INFO  http.HttpRequestLog (HttpRequestLog.java:getRequestLog(86)) - Http request log for http.requests.scm is not defined
2023-11-03 16:43:13,629 [main] INFO  http.HttpServer2 (HttpServer2.java:addGlobalFilter(1031)) - Added global filter 'safety' (class=org.apache.hadoop.hdds.server.http.HttpServer2$QuotingInputFilter)
2023-11-03 16:43:13,632 [main] INFO  http.HttpServer2 (HttpServer2.java:addFilter(1007)) - Added filter static_user_filter (class=org.apache.hadoop.http.lib.StaticUserWebFilter$StaticUserFilter) to context scm
2023-11-03 16:43:13,632 [main] INFO  http.HttpServer2 (HttpServer2.java:addFilter(1015)) - Added filter static_user_filter (class=org.apache.hadoop.http.lib.StaticUserWebFilter$StaticUserFilter) to context static
2023-11-03 16:43:13,632 [main] INFO  http.HttpServer2 (HttpServer2.java:addFilter(1015)) - Added filter static_user_filter (class=org.apache.hadoop.http.lib.StaticUserWebFilter$StaticUserFilter) to context logs
2023-11-03 16:43:13,633 [main] INFO  http.BaseHttpServer (BaseHttpServer.java:<init>(189)) - HTTP server of scm uses base directory /home/runner/work/ozone/ozone/hadoop-ozone/integration-test/target/test-dir/MiniOzoneClusterImpl-70a21a17-ad3a-436a-8bc3-9a5217c2e4a5/ozone-meta/webserver
2023-11-03 16:43:13,633 [main] INFO  http.HttpServer2 (HttpServer2.java:bindListener(1231)) - Jetty bound to port 15056
2023-11-03 16:43:13,634 [main] INFO  server.Server (Server.java:doStart(375)) - jetty-9.4.53.v20231009; built: 2023-10-09T12:29:09.265Z; git: 27bde00a0b95a1d5bbee0eae7984f891d2d0f8c9; jvm 1.8.0_382-b05
2023-11-03 16:43:13,640 [main] INFO  server.session (DefaultSessionIdManager.java:doStart(334)) - DefaultSessionIdManager workerName=node0
2023-11-03 16:43:13,640 [main] INFO  server.session (DefaultSessionIdManager.java:doStart(339)) - No SessionScavenger set, using defaults
2023-11-03 16:43:13,640 [main] INFO  server.session (HouseKeeper.java:startScavenging(132)) - node0 Scavenging every 660000ms
2023-11-03 16:43:13,641 [main] INFO  handler.ContextHandler (ContextHandler.java:doStart(921)) - Started o.e.j.s.ServletContextHandler@548ec55{logs,/logs,file:///home/runner/work/ozone/ozone/hadoop-ozone/integration-test/target/log,AVAILABLE}
2023-11-03 16:43:13,642 [main] INFO  handler.ContextHandler (ContextHandler.java:doStart(921)) - Started o.e.j.s.ServletContextHandler@4a119605{static,/static,file:///home/runner/work/ozone/ozone/hadoop-ozone/integration-test/target/test-classes/webapps/static,AVAILABLE}
2023-11-03 16:43:13,648 [main] INFO  handler.ContextHandler (ContextHandler.java:doStart(921)) - Started o.e.j.w.WebAppContext@12710aa4{scm,/,file:///home/runner/work/ozone/ozone/hadoop-ozone/integration-test/target/test-classes/webapps/scm/,AVAILABLE}{file:/home/runner/work/ozone/ozone/hadoop-ozone/integration-test/target/test-classes/webapps/scm}
2023-11-03 16:43:13,650 [main] INFO  server.AbstractConnector (AbstractConnector.java:doStart(333)) - Started ServerConnector@30d9004d{HTTP/1.1, (http/1.1)}{0.0.0.0:15056}
2023-11-03 16:43:13,650 [main] INFO  server.Server (Server.java:doStart(415)) - Started @47985ms
2023-11-03 16:43:13,651 [main] WARN  impl.MetricsSystemImpl (MetricsSystemImpl.java:register(279)) - Sink prometheus already exists!
2023-11-03 16:43:13,652 [main] INFO  http.BaseHttpServer (BaseHttpServer.java:updateConnectorAddress(354)) - HTTP server of scm listening at http://0.0.0.0:15056
2023-11-03 16:43:13,652 [main] WARN  server.ServerUtils (ServerUtils.java:getDBPath(311)) - ozone.om.db.dirs is not configured. We recommend adding this setting. Falling back to ozone.metadata.dirs instead.
2023-11-03 16:43:13,655 [main] INFO  ha.OMHANodeDetails (OMHANodeDetails.java:loadOMHAConfig(115)) - ozone.om.internal.service.id is not defined, falling back to ozone.om.service.ids to find serviceID for OzoneManager if it is HA enabled cluster
2023-11-03 16:43:13,655 [main] INFO  ha.OMHANodeDetails (OMHANodeDetails.java:loadOMHAConfig(226)) - Configuration does not have ozone.om.address set. Falling back to the default OM address /127.0.0.1:15057
2023-11-03 16:43:13,655 [main] INFO  ha.OMHANodeDetails (OMHANodeDetails.java:getOMNodeDetailsForNonHA(254)) - OM Service ID is not set. Setting it to the default ID: omServiceIdDefault
2023-11-03 16:43:13,656 [main] INFO  ha.OMHANodeDetails (OMHANodeDetails.java:getOMNodeDetailsForNonHA(261)) - OM Node ID is not set. Setting it to the default ID: om1
2023-11-03 16:43:13,656 [main] WARN  server.ServerUtils (ServerUtils.java:getDBPath(311)) - ozone.om.db.dirs is not configured. We recommend adding this setting. Falling back to ozone.metadata.dirs instead.
2023-11-03 16:43:13,665 [main] INFO  upgrade.AbstractLayoutVersionManager (AbstractLayoutVersionManager.java:init(83)) - Initializing Layout version manager with metadata layout = QUOTA (version = 6), software layout = QUOTA (version = 6)
2023-11-03 16:43:13,769 [main] INFO  reflections.Reflections (Reflections.java:scan(232)) - Reflections took 101 ms to scan 2 urls, producing 190 keys and 532 values [using 2 cores]
2023-11-03 16:43:13,769 [main] INFO  upgrade.OMLayoutVersionManager (OMLayoutVersionManager.java:lambda$0(115)) - Skipping Upgrade Action MockOmUpgradeAction since it has been finalized.
2023-11-03 16:43:13,770 [main] INFO  upgrade.OMLayoutVersionManager (OMLayoutVersionManager.java:lambda$0(115)) - Skipping Upgrade Action QuotaRepairUpgradeAction since it has been finalized.
2023-11-03 16:43:13,770 [main] WARN  server.ServerUtils (ServerUtils.java:getDBPath(311)) - ozone.om.db.dirs is not configured. We recommend adding this setting. Falling back to ozone.metadata.dirs instead.
2023-11-03 16:43:13,771 [main] INFO  proxy.SCMBlockLocationFailoverProxyProvider (SCMBlockLocationFailoverProxyProvider.java:<init>(114)) - Created block location fail-over proxy with 1 nodes: [nodeId=scmNodeId,nodeAddress=/0.0.0.0:15054]
2023-11-03 16:43:13,774 [main] INFO  proxy.SCMBlockLocationFailoverProxyProvider (SCMBlockLocationFailoverProxyProvider.java:<init>(114)) - Created block location fail-over proxy with 1 nodes: [nodeId=scmNodeId,nodeAddress=/0.0.0.0:15054]
2023-11-03 16:43:13,790 [main] INFO  om.OzoneManager (OzoneManager.java:<init>(673)) - OM start with adminUsers: [runner]
2023-11-03 16:43:13,791 [main] WARN  server.ServerUtils (ServerUtils.java:getDBPath(311)) - ozone.om.db.dirs is not configured. We recommend adding this setting. Falling back to ozone.metadata.dirs instead.
2023-11-03 16:43:13,792 [main] INFO  helpers.OmKeyInfo (OmKeyInfo.java:getCodec(71)) - OmKeyInfo.getCodec ignorePipeline = true
2023-11-03 16:43:14,085 [main] INFO  om.OzoneManager (OzoneManager.java:instantiateServices(807)) - S3 Multi-Tenancy is disabled
2023-11-03 16:43:14,086 [main] INFO  om.OmSnapshotManager (OmSnapshotManager.java:<init>(176)) - Ozone filesystem snapshot feature is enabled.
2023-11-03 16:43:14,086 [main] WARN  server.ServerUtils (ServerUtils.java:getDBPath(311)) - ozone.om.snapshot.diff.db.dir is not configured. We recommend adding this setting. Falling back to ozone.metadata.dirs instead.
2023-11-03 16:43:14,128 [main] INFO  snapshot.SnapshotDiffManager (SnapshotDiffManager.java:closeExecutorService(1702)) - Shutting down executorService: 'SstDumpToolExecutor'
2023-11-03 16:43:14,131 [main] INFO  om.OzoneManager (OzoneManager.java:addS3GVolumeToDB(4415)) - Created Volume s3v With Owner runner required for S3Gateway operations.
2023-11-03 16:43:14,131 [main] INFO  om.OzoneManager (OzoneManager.java:getRpcServer(1209)) - Creating RPC Server
2023-11-03 16:43:14,694 [main] INFO  reflections.Reflections (Reflections.java:scan(232)) - Reflections took 559 ms to scan 20 urls, producing 72 keys and 6066 values [using 2 cores]
2023-11-03 16:43:14,696 [main] INFO  ipc.CallQueueManager (CallQueueManager.java:<init>(90)) - Using callQueue: class java.util.concurrent.LinkedBlockingQueue, queueCapacity: 2000, scheduler: class org.apache.hadoop.ipc.DefaultRpcScheduler, ipcBackoff: false.
2023-11-03 16:43:14,696 [main] INFO  ipc.Server (Server.java:<init>(1287)) - Listener at 127.0.0.1:15057
2023-11-03 16:43:14,696 [Socket Reader #1 for port 15057] INFO  ipc.Server (Server.java:run(1323)) - Starting Socket Reader #1 for port 15057
2023-11-03 16:43:14,724 [main] INFO  impl.MetricsSystemImpl (MetricsSystemImpl.java:init(158)) - OzoneManager metrics system started (again)
2023-11-03 16:43:14,736 [main] INFO  om.OzoneManager (OzoneManager.java:start(1643)) - OzoneManager RPC server is listening at localhost/127.0.0.1:15057
2023-11-03 16:43:14,737 [main] INFO  om.OzoneManager (OzoneManager.java:start(1659)) - Version File has different layout version (6) than OM DB (null). That is expected if this OM has never been finalized to a newer layout version.
2023-11-03 16:43:14,746 [main] INFO  http.BaseHttpServer (BaseHttpServer.java:newHttpServer2BuilderForOzone(223)) - Starting Web-server for ozoneManager at: http://0.0.0.0:15058
2023-11-03 16:43:14,746 [main] INFO  http.BaseHttpServer (BaseHttpServer.java:<init>(110)) - Hadoop Security Enabled: false Ozone Security Enabled: false Ozone HTTP Security Enabled: false 
2023-11-03 16:43:14,748 [main] WARN  server.AuthenticationFilter (AuthenticationFilter.java:constructSecretProvider(240)) - Unable to initialize FileSignerSecretProvider, falling back to use random secrets. Reason: Could not read signature secret file: /home/runner/hadoop-http-auth-signature-secret
2023-11-03 16:43:14,750 [main] INFO  http.HttpRequestLog (HttpRequestLog.java:getRequestLog(86)) - Http request log for http.requests.ozoneManager is not defined
2023-11-03 16:43:14,752 [main] INFO  http.HttpServer2 (HttpServer2.java:addGlobalFilter(1031)) - Added global filter 'safety' (class=org.apache.hadoop.hdds.server.http.HttpServer2$QuotingInputFilter)
2023-11-03 16:43:14,753 [main] INFO  http.HttpServer2 (HttpServer2.java:addFilter(1007)) - Added filter static_user_filter (class=org.apache.hadoop.http.lib.StaticUserWebFilter$StaticUserFilter) to context ozoneManager
2023-11-03 16:43:14,753 [main] INFO  http.HttpServer2 (HttpServer2.java:addFilter(1015)) - Added filter static_user_filter (class=org.apache.hadoop.http.lib.StaticUserWebFilter$StaticUserFilter) to context logs
2023-11-03 16:43:14,754 [main] INFO  http.HttpServer2 (HttpServer2.java:addFilter(1015)) - Added filter static_user_filter (class=org.apache.hadoop.http.lib.StaticUserWebFilter$StaticUserFilter) to context static
2023-11-03 16:43:14,754 [main] INFO  http.BaseHttpServer (BaseHttpServer.java:<init>(189)) - HTTP server of ozoneManager uses base directory /home/runner/work/ozone/ozone/hadoop-ozone/integration-test/target/test-dir/MiniOzoneClusterImpl-70a21a17-ad3a-436a-8bc3-9a5217c2e4a5/ozone-meta/webserver
2023-11-03 16:43:14,755 [main] INFO  http.HttpServer2 (HttpServer2.java:bindListener(1231)) - Jetty bound to port 15058
2023-11-03 16:43:14,755 [main] INFO  server.Server (Server.java:doStart(375)) - jetty-9.4.53.v20231009; built: 2023-10-09T12:29:09.265Z; git: 27bde00a0b95a1d5bbee0eae7984f891d2d0f8c9; jvm 1.8.0_382-b05
2023-11-03 16:43:14,765 [main] INFO  server.session (DefaultSessionIdManager.java:doStart(334)) - DefaultSessionIdManager workerName=node0
2023-11-03 16:43:14,765 [main] INFO  server.session (DefaultSessionIdManager.java:doStart(339)) - No SessionScavenger set, using defaults
2023-11-03 16:43:14,766 [main] INFO  server.session (HouseKeeper.java:startScavenging(132)) - node0 Scavenging every 660000ms
2023-11-03 16:43:14,767 [main] INFO  handler.ContextHandler (ContextHandler.java:doStart(921)) - Started o.e.j.s.ServletContextHandler@44c0a46{logs,/logs,file:///home/runner/work/ozone/ozone/hadoop-ozone/integration-test/target/log,AVAILABLE}
2023-11-03 16:43:14,767 [main] INFO  handler.ContextHandler (ContextHandler.java:doStart(921)) - Started o.e.j.s.ServletContextHandler@1c54c5a{static,/static,file:///home/runner/work/ozone/ozone/hadoop-ozone/integration-test/target/test-classes/webapps/static,AVAILABLE}
2023-11-03 16:43:14,771 [main] INFO  handler.ContextHandler (ContextHandler.java:doStart(921)) - Started o.e.j.w.WebAppContext@61852fa9{ozoneManager,/,file:///home/runner/work/ozone/ozone/hadoop-ozone/integration-test/target/test-classes/webapps/ozoneManager/,AVAILABLE}{file:/home/runner/work/ozone/ozone/hadoop-ozone/integration-test/target/test-classes/webapps/ozoneManager}
2023-11-03 16:43:14,773 [main] INFO  server.AbstractConnector (AbstractConnector.java:doStart(333)) - Started ServerConnector@34b20c11{HTTP/1.1, (http/1.1)}{0.0.0.0:15058}
2023-11-03 16:43:14,773 [main] INFO  server.Server (Server.java:doStart(415)) - Started @49107ms
2023-11-03 16:43:14,773 [main] WARN  impl.MetricsSystemImpl (MetricsSystemImpl.java:register(279)) - Sink prometheus already exists!
2023-11-03 16:43:14,774 [main] INFO  http.BaseHttpServer (BaseHttpServer.java:updateConnectorAddress(354)) - HTTP server of ozoneManager listening at http://0.0.0.0:15058
2023-11-03 16:43:14,777 [IPC Server Responder] INFO  ipc.Server (Server.java:run(1562)) - IPC Server Responder: starting
2023-11-03 16:43:14,795 [main] INFO  om.TrashPolicyOzone (TrashPolicyOzone.java:<init>(283)) - Ozone Manager trash configuration: Deletion interval = 0 minutes, Emptier interval = 0 minutes.
2023-11-03 16:43:14,801 [IPC Server listener on 15057] INFO  ipc.Server (Server.java:run(1402)) - IPC Server listener on 15057: starting
2023-11-03 16:43:14,809 [JvmPauseMonitor8] INFO  util.JvmPauseMonitor (JvmPauseMonitor.java:run(103)) - JvmPauseMonitor-b94b7aa6-ca18-45b5-a835-d0a7acf57956: Started
2023-11-03 16:43:14,827 [main] INFO  impl.MetricsSystemImpl (MetricsSystemImpl.java:init(158)) - HddsDatanode metrics system started (again)
2023-11-03 16:43:14,841 [main] INFO  ozone.HddsDatanodeService (HddsDatanodeService.java:start(240)) - HddsDatanodeService host:fv-az292-536.tqgtyn10aqxuxoi0mkfbldi5vh.jx.internal.cloudapp.net ip:10.1.0.19
2023-11-03 16:43:14,871 [main] INFO  upgrade.AbstractLayoutVersionManager (AbstractLayoutVersionManager.java:init(83)) - Initializing Layout version manager with metadata layout = HADOOP_PRC_PORTS_IN_DATANODEDETAILS (version = 7), software layout = HADOOP_PRC_PORTS_IN_DATANODEDETAILS (version = 7)
2023-11-03 16:43:14,872 [main] INFO  statemachine.DatanodeStateMachine (DatanodeStateMachine.java:getEndPointTaskThreadPoolSize(299)) - Datanode State Machine Task Thread Pool size 2
2023-11-03 16:43:14,874 [main] INFO  volume.HddsVolume (HddsVolume.java:<init>(126)) - Creating HddsVolume: /home/runner/work/ozone/ozone/hadoop-ozone/integration-test/target/test-dir/MiniOzoneClusterImpl-70a21a17-ad3a-436a-8bc3-9a5217c2e4a5/datanode-0/data-0/containers/hdds of storage type : DISK capacity : 9223372036854775807
2023-11-03 16:43:14,874 [main] INFO  volume.MutableVolumeSet (MutableVolumeSet.java:initializeVolumeSet(173)) - Added Volume : /home/runner/work/ozone/ozone/hadoop-ozone/integration-test/target/test-dir/MiniOzoneClusterImpl-70a21a17-ad3a-436a-8bc3-9a5217c2e4a5/datanode-0/data-0/containers/hdds to VolumeSet
2023-11-03 16:43:14,875 [main] INFO  volume.MutableVolumeSet (MutableVolumeSet.java:initializeVolumeSet(173)) - Added Volume : /home/runner/work/ozone/ozone/hadoop-ozone/integration-test/target/test-dir/MiniOzoneClusterImpl-70a21a17-ad3a-436a-8bc3-9a5217c2e4a5/datanode-0/data/ratis to VolumeSet
2023-11-03 16:43:14,876 [0f26992e-6b31-4649-88a0-952aab043ba5-ContainerReader-0] INFO  ozoneimpl.ContainerReader (ContainerReader.java:readVolume(177)) - Finish verifying containers on volume /home/runner/work/ozone/ozone/hadoop-ozone/integration-test/target/test-dir/MiniOzoneClusterImpl-70a21a17-ad3a-436a-8bc3-9a5217c2e4a5/datanode-0/data-0/containers/hdds
2023-11-03 16:43:14,876 [main] INFO  ozoneimpl.OzoneContainer (OzoneContainer.java:buildContainerSet(326)) - Build ContainerSet costs 0s
2023-11-03 16:43:14,879 [main] INFO  server.RaftServer (ConfUtils.java:logGet(46)) - raft.rpc.type = GRPC (default)
2023-11-03 16:43:14,880 [main] INFO  grpc.GrpcConfigKeys (ConfUtils.java:logFallback(53)) - raft.grpc.admin.host = null (fallback to raft.grpc.server.host)
2023-11-03 16:43:14,880 [main] INFO  grpc.GrpcConfigKeys (ConfUtils.java:logGet(46)) - raft.grpc.admin.port = 15066 (custom)
2023-11-03 16:43:14,880 [main] INFO  grpc.GrpcConfigKeys (ConfUtils.java:logFallback(53)) - raft.grpc.client.host = null (fallback to raft.grpc.server.host)
2023-11-03 16:43:14,880 [main] INFO  grpc.GrpcConfigKeys (ConfUtils.java:logGet(46)) - raft.grpc.client.port = 15065 (custom)
2023-11-03 16:43:14,880 [main] INFO  grpc.GrpcConfigKeys (ConfUtils.java:logGet(46)) - raft.grpc.server.host = null (default)
2023-11-03 16:43:14,880 [main] INFO  grpc.GrpcConfigKeys (ConfUtils.java:logGet(46)) - raft.grpc.server.port = 15067 (custom)
2023-11-03 16:43:14,881 [main] INFO  server.GrpcService (ConfUtils.java:logGet(46)) - raft.grpc.message.size.max = 32MB (=33554432) (custom)
2023-11-03 16:43:14,881 [main] INFO  server.RaftServerConfigKeys (ConfUtils.java:logGet(46)) - raft.server.log.appender.buffer.byte-limit = 33554432 (custom)
2023-11-03 16:43:14,881 [main] INFO  server.GrpcService (ConfUtils.java:logGet(46)) - raft.grpc.flow.control.window = 5MB (=5242880) (custom)
2023-11-03 16:43:14,881 [main] INFO  server.RaftServerConfigKeys (ConfUtils.java:logGet(46)) - raft.server.rpc.request.timeout = 60s (custom)
2023-11-03 16:43:14,882 [main] INFO  grpc.GrpcConfigKeys (ConfUtils.java:logGet(46)) - raft.grpc.server.heartbeat.channel = true (default)
2023-11-03 16:43:14,882 [main] INFO  grpc.GrpcConfigKeys (ConfUtils.java:logGet(46)) - raft.grpc.server.async.request.thread.pool.cached = true (default)
2023-11-03 16:43:14,882 [main] INFO  grpc.GrpcConfigKeys (ConfUtils.java:logGet(46)) - raft.grpc.server.async.request.thread.pool.size = 32 (default)
2023-11-03 16:43:14,886 [main] INFO  impl.DataStreamServerImpl (ConfUtils.java:logGet(46)) - raft.datastream.type = NETTY (custom)
2023-11-03 16:43:14,886 [main] INFO  server.RaftServerConfigKeys (ConfUtils.java:logGet(46)) - raft.server.data-stream.async.request.thread.pool.cached = false (default)
2023-11-03 16:43:14,886 [main] INFO  server.RaftServerConfigKeys (ConfUtils.java:logGet(46)) - raft.server.data-stream.async.request.thread.pool.size = 20 (custom)
2023-11-03 16:43:14,886 [main] INFO  server.RaftServerConfigKeys (ConfUtils.java:logGet(46)) - raft.server.data-stream.async.write.thread.pool.size = 16 (default)
2023-11-03 16:43:14,887 [main] INFO  server.RaftServerConfigKeys (ConfUtils.java:logGet(46)) - raft.server.data-stream.client.pool.size = 10 (default)
2023-11-03 16:43:14,887 [main] INFO  netty.NettyConfigKeys$DataStream (ConfUtils.java:logGet(46)) - raft.netty.dataStream.server.use-epoll = false (default)
2023-11-03 16:43:14,887 [main] INFO  netty.NettyConfigKeys$DataStream (ConfUtils.java:logGet(46)) - raft.netty.dataStream.server.boss-group.size = 0 (default)
2023-11-03 16:43:14,887 [main] INFO  netty.NettyConfigKeys$DataStream (ConfUtils.java:logGet(46)) - raft.netty.dataStream.server.worker-group.size = 0 (default)
2023-11-03 16:43:14,888 [main] INFO  netty.NettyConfigKeys$DataStream (ConfUtils.java:logGet(46)) - raft.netty.dataStream.server.tls.conf = null (default)
2023-11-03 16:43:14,888 [main] INFO  netty.NettyConfigKeys$DataStream (ConfUtils.java:logGet(46)) - raft.netty.dataStream.host = null (default)
2023-11-03 16:43:14,888 [main] INFO  netty.NettyConfigKeys$DataStream (ConfUtils.java:logGet(46)) - raft.netty.dataStream.port = 15068 (custom)
2023-11-03 16:43:14,889 [main] INFO  server.RaftServerConfigKeys (ConfUtils.java:logGet(46)) - raft.server.threadpool.proxy.cached = true (default)
2023-11-03 16:43:14,889 [main] INFO  server.RaftServerConfigKeys (ConfUtils.java:logGet(46)) - raft.server.threadpool.proxy.size = 0 (default)
2023-11-03 16:43:14,889 [main] INFO  server.RaftServerConfigKeys (ConfUtils.java:logGet(46)) - raft.server.rpc.slowness.timeout = 300s (custom)
2023-11-03 16:43:14,889 [main] INFO  server.RaftServerConfigKeys (ConfUtils.java:logGet(46)) - raft.server.leaderelection.leader.step-down.wait-time = 10s (default)
2023-11-03 16:43:14,890 [main] INFO  server.RaftServerConfigKeys (ConfUtils.java:logGet(46)) - raft.server.storage.dir = [/home/runner/work/ozone/ozone/hadoop-ozone/integration-test/target/test-dir/MiniOzoneClusterImpl-70a21a17-ad3a-436a-8bc3-9a5217c2e4a5/datanode-0/data/ratis] (custom)
2023-11-03 16:43:14,890 [0f26992e-6b31-4649-88a0-952aab043ba5-NettyServerStreamRpc-bossGroup--thread1] INFO  logging.LoggingHandler (AbstractInternalLogger.java:log(148)) - [id: 0xd53107db] REGISTERED
2023-11-03 16:43:14,891 [0f26992e-6b31-4649-88a0-952aab043ba5-NettyServerStreamRpc-bossGroup--thread1] INFO  logging.LoggingHandler (AbstractInternalLogger.java:log(148)) - [id: 0xd53107db] BIND: 0.0.0.0/0.0.0.0:15068
2023-11-03 16:43:14,891 [0f26992e-6b31-4649-88a0-952aab043ba5-NettyServerStreamRpc-bossGroup--thread1] INFO  logging.LoggingHandler (AbstractInternalLogger.java:log(148)) - [id: 0xd53107db, L:/0:0:0:0:0:0:0:0:15068] ACTIVE
2023-11-03 16:43:14,891 [0f26992e-6b31-4649-88a0-952aab043ba5-impl-thread1] INFO  server.RaftServer (RaftServerProxy.java:initGroupDir(258)) - 0f26992e-6b31-4649-88a0-952aab043ba5: found a subdirectory /home/runner/work/ozone/ozone/hadoop-ozone/integration-test/target/test-dir/MiniOzoneClusterImpl-70a21a17-ad3a-436a-8bc3-9a5217c2e4a5/datanode-0/data/ratis/tmp
2023-11-03 16:43:14,891 [0f26992e-6b31-4649-88a0-952aab043ba5-impl-thread1] INFO  server.RaftServer (RaftServerProxy.java:initGroupDir(263)) - 0f26992e-6b31-4649-88a0-952aab043ba5: The directory /home/runner/work/ozone/ozone/hadoop-ozone/integration-test/target/test-dir/MiniOzoneClusterImpl-70a21a17-ad3a-436a-8bc3-9a5217c2e4a5/datanode-0/data/ratis/tmp is not a group directory; ignoring it. 
2023-11-03 16:43:14,892 [main] INFO  replication.ReplicationServer (ReplicationServer.java:<init>(85)) - Initializing replication server with thread count = 10 queue length = 4096
2023-11-03 16:43:14,893 [main] INFO  server.XceiverServerGrpc (XceiverServerGrpc.java:<init>(135)) - GrpcServer channel type EpollServerSocketChannel
2023-11-03 16:43:14,895 [main] INFO  replication.ReplicationSupervisor (ReplicationSupervisor.java:build(163)) - Initializing replication supervisor with thread count = 10
2023-11-03 16:43:14,895 [main] INFO  replication.ReplicationSupervisor (ReplicationSupervisor.java:nodeStateUpdated(317)) - Node state updated to IN_SERVICE, scaling executor pool size to 10
2023-11-03 16:43:14,898 [main] INFO  http.BaseHttpServer (BaseHttpServer.java:newHttpServer2BuilderForOzone(223)) - Starting Web-server for hddsDatanode at: http://0.0.0.0:15062
2023-11-03 16:43:14,898 [main] INFO  http.BaseHttpServer (BaseHttpServer.java:<init>(110)) - Hadoop Security Enabled: false Ozone Security Enabled: false Ozone HTTP Security Enabled: false 
2023-11-03 16:43:14,900 [main] WARN  server.AuthenticationFilter (AuthenticationFilter.java:constructSecretProvider(240)) - Unable to initialize FileSignerSecretProvider, falling back to use random secrets. Reason: Could not read signature secret file: /home/runner/hadoop-http-auth-signature-secret
2023-11-03 16:43:14,901 [main] INFO  http.HttpRequestLog (HttpRequestLog.java:getRequestLog(86)) - Http request log for http.requests.hddsDatanode is not defined
2023-11-03 16:43:14,902 [main] INFO  http.HttpServer2 (HttpServer2.java:addGlobalFilter(1031)) - Added global filter 'safety' (class=org.apache.hadoop.hdds.server.http.HttpServer2$QuotingInputFilter)
2023-11-03 16:43:14,903 [main] INFO  http.HttpServer2 (HttpServer2.java:addFilter(1007)) - Added filter static_user_filter (class=org.apache.hadoop.http.lib.StaticUserWebFilter$StaticUserFilter) to context hddsDatanode
2023-11-03 16:43:14,903 [main] INFO  http.HttpServer2 (HttpServer2.java:addFilter(1015)) - Added filter static_user_filter (class=org.apache.hadoop.http.lib.StaticUserWebFilter$StaticUserFilter) to context logs
2023-11-03 16:43:14,903 [main] INFO  http.HttpServer2 (HttpServer2.java:addFilter(1015)) - Added filter static_user_filter (class=org.apache.hadoop.http.lib.StaticUserWebFilter$StaticUserFilter) to context static
2023-11-03 16:43:14,904 [main] INFO  http.BaseHttpServer (BaseHttpServer.java:<init>(189)) - HTTP server of hddsDatanode uses base directory /home/runner/work/ozone/ozone/hadoop-ozone/integration-test/target/test-dir/MiniOzoneClusterImpl-70a21a17-ad3a-436a-8bc3-9a5217c2e4a5/datanode-0/meta/webserver
2023-11-03 16:43:14,904 [main] INFO  http.HttpServer2 (HttpServer2.java:bindListener(1231)) - Jetty bound to port 15062
2023-11-03 16:43:14,904 [main] INFO  server.Server (Server.java:doStart(375)) - jetty-9.4.53.v20231009; built: 2023-10-09T12:29:09.265Z; git: 27bde00a0b95a1d5bbee0eae7984f891d2d0f8c9; jvm 1.8.0_382-b05
2023-11-03 16:43:14,933 [main] INFO  server.session (DefaultSessionIdManager.java:doStart(334)) - DefaultSessionIdManager workerName=node0
2023-11-03 16:43:14,934 [main] INFO  server.session (DefaultSessionIdManager.java:doStart(339)) - No SessionScavenger set, using defaults
2023-11-03 16:43:14,934 [main] INFO  server.session (HouseKeeper.java:startScavenging(132)) - node0 Scavenging every 660000ms
2023-11-03 16:43:14,942 [main] INFO  handler.ContextHandler (ContextHandler.java:doStart(921)) - Started o.e.j.s.ServletContextHandler@29346a21{logs,/logs,file:///home/runner/work/ozone/ozone/hadoop-ozone/integration-test/target/log,AVAILABLE}
2023-11-03 16:43:14,942 [main] INFO  handler.ContextHandler (ContextHandler.java:doStart(921)) - Started o.e.j.s.ServletContextHandler@287acdcd{static,/static,jar:file:/home/runner/.m2/repository/org/apache/ozone/hdds-container-service/1.4.0-SNAPSHOT/hdds-container-service-1.4.0-SNAPSHOT.jar!/webapps/static,AVAILABLE}
2023-11-03 16:43:14,996 [main] INFO  handler.ContextHandler (ContextHandler.java:doStart(921)) - Started o.e.j.w.WebAppContext@2b291609{hddsDatanode,/,file:///home/runner/work/ozone/ozone/hadoop-ozone/integration-test/target/test-dir/MiniOzoneClusterImpl-70a21a17-ad3a-436a-8bc3-9a5217c2e4a5/datanode-0/meta/webserver/jetty-0_0_0_0-15062-hdds-container-service-1_4_0-SNAPSHOT_jar-_-any-244596092645346722/webapp/,AVAILABLE}{jar:file:/home/runner/.m2/repository/org/apache/ozone/hdds-container-service/1.4.0-SNAPSHOT/hdds-container-service-1.4.0-SNAPSHOT.jar!/webapps/hddsDatanode}
2023-11-03 16:43:14,998 [main] INFO  server.AbstractConnector (AbstractConnector.java:doStart(333)) - Started ServerConnector@76308d9a{HTTP/1.1, (http/1.1)}{0.0.0.0:15062}
2023-11-03 16:43:14,998 [main] INFO  server.Server (Server.java:doStart(415)) - Started @49333ms
2023-11-03 16:43:14,998 [main] WARN  impl.MetricsSystemImpl (MetricsSystemImpl.java:register(279)) - Sink prometheus already exists!
2023-11-03 16:43:14,999 [main] INFO  http.BaseHttpServer (BaseHttpServer.java:updateConnectorAddress(354)) - HTTP server of hddsDatanode listening at http://0.0.0.0:15062
2023-11-03 16:43:14,999 [main] INFO  ipc.CallQueueManager (CallQueueManager.java:<init>(90)) - Using callQueue: class java.util.concurrent.LinkedBlockingQueue, queueCapacity: 100, scheduler: class org.apache.hadoop.ipc.DefaultRpcScheduler, ipcBackoff: false.
2023-11-03 16:43:15,000 [main] INFO  ipc.Server (Server.java:<init>(1287)) - Listener at 0.0.0.0:15063
2023-11-03 16:43:15,000 [Socket Reader #1 for port 15063] INFO  ipc.Server (Server.java:run(1323)) - Starting Socket Reader #1 for port 15063
2023-11-03 16:43:15,003 [main] INFO  ozone.HddsDatanodeService (HddsDatanodeService.java:start(325)) - Datanode start with admins: [runner]
2023-11-03 16:43:15,003 [main] INFO  ozone.HddsDatanodeClientProtocolServer (HddsDatanodeClientProtocolServer.java:start(72)) - RPC server for Client /0.0.0.0:15063
2023-11-03 16:43:15,003 [IPC Server Responder] INFO  ipc.Server (Server.java:run(1562)) - IPC Server Responder: starting
2023-11-03 16:43:15,003 [IPC Server listener on 15063] INFO  ipc.Server (Server.java:run(1402)) - IPC Server listener on 15063: starting
2023-11-03 16:43:15,004 [main] WARN  impl.MetricRegistriesImpl (MetricRegistriesImpl.java:addReporterRegistration(111)) - New reporters are added after registries were created. Some metrics will be missing from the reporter. Please add reporter before adding any new registry.
2023-11-03 16:43:15,004 [main] WARN  impl.MetricRegistriesImpl (MetricRegistriesImpl.java:addReporterRegistration(111)) - New reporters are added after registries were created. Some metrics will be missing from the reporter. Please add reporter before adding any new registry.
2023-11-03 16:43:15,004 [main] INFO  impl.MetricsSystemImpl (MetricsSystemImpl.java:init(158)) - HddsDatanode metrics system started (again)
2023-11-03 16:43:15,012 [0f26992e-6b31-4649-88a0-952aab043ba5-DatanodeStateMachineDaemonThread] INFO  statemachine.DatanodeStateMachine (DatanodeStateMachine.java:lambda$startDaemon$1(555)) - Ozone container server started.
2023-11-03 16:43:15,026 [main] INFO  ozone.HddsDatanodeService (HddsDatanodeService.java:start(240)) - HddsDatanodeService host:fv-az292-536.tqgtyn10aqxuxoi0mkfbldi5vh.jx.internal.cloudapp.net ip:10.1.0.19
2023-11-03 16:43:15,037 [0f26992e-6b31-4649-88a0-952aab043ba5-DatanodeStateMachineTaskThread-0] INFO  datanode.InitDatanodeState (InitDatanodeState.java:persistContainerDatanodeDetails(139)) - DatanodeDetails is persisted to /home/runner/work/ozone/ozone/hadoop-ozone/integration-test/target/test-dir/MiniOzoneClusterImpl-70a21a17-ad3a-436a-8bc3-9a5217c2e4a5/datanode-0/meta/datanode.id
2023-11-03 16:43:15,062 [main] INFO  upgrade.AbstractLayoutVersionManager (AbstractLayoutVersionManager.java:init(83)) - Initializing Layout version manager with metadata layout = HADOOP_PRC_PORTS_IN_DATANODEDETAILS (version = 7), software layout = HADOOP_PRC_PORTS_IN_DATANODEDETAILS (version = 7)
2023-11-03 16:43:15,069 [main] INFO  statemachine.DatanodeStateMachine (DatanodeStateMachine.java:getEndPointTaskThreadPoolSize(299)) - Datanode State Machine Task Thread Pool size 2
2023-11-03 16:43:15,072 [main] INFO  volume.HddsVolume (HddsVolume.java:<init>(126)) - Creating HddsVolume: /home/runner/work/ozone/ozone/hadoop-ozone/integration-test/target/test-dir/MiniOzoneClusterImpl-70a21a17-ad3a-436a-8bc3-9a5217c2e4a5/datanode-1/data-0/containers/hdds of storage type : DISK capacity : 9223372036854775807
2023-11-03 16:43:15,073 [main] INFO  volume.MutableVolumeSet (MutableVolumeSet.java:initializeVolumeSet(173)) - Added Volume : /home/runner/work/ozone/ozone/hadoop-ozone/integration-test/target/test-dir/MiniOzoneClusterImpl-70a21a17-ad3a-436a-8bc3-9a5217c2e4a5/datanode-1/data-0/containers/hdds to VolumeSet
2023-11-03 16:43:15,081 [main] INFO  volume.MutableVolumeSet (MutableVolumeSet.java:initializeVolumeSet(173)) - Added Volume : /home/runner/work/ozone/ozone/hadoop-ozone/integration-test/target/test-dir/MiniOzoneClusterImpl-70a21a17-ad3a-436a-8bc3-9a5217c2e4a5/datanode-1/data/ratis to VolumeSet
2023-11-03 16:43:15,082 [eb78666f-144a-4911-8bcc-69658dd2d46c-ContainerReader-0] INFO  ozoneimpl.ContainerReader (ContainerReader.java:readVolume(177)) - Finish verifying containers on volume /home/runner/work/ozone/ozone/hadoop-ozone/integration-test/target/test-dir/MiniOzoneClusterImpl-70a21a17-ad3a-436a-8bc3-9a5217c2e4a5/datanode-1/data-0/containers/hdds
2023-11-03 16:43:15,082 [main] INFO  ozoneimpl.OzoneContainer (OzoneContainer.java:buildContainerSet(326)) - Build ContainerSet costs 0s
2023-11-03 16:43:15,087 [main] INFO  server.RaftServer (ConfUtils.java:logGet(46)) - raft.rpc.type = GRPC (default)
2023-11-03 16:43:15,087 [main] INFO  grpc.GrpcConfigKeys (ConfUtils.java:logFallback(53)) - raft.grpc.admin.host = null (fallback to raft.grpc.server.host)
2023-11-03 16:43:15,089 [main] INFO  grpc.GrpcConfigKeys (ConfUtils.java:logGet(46)) - raft.grpc.admin.port = 15075 (custom)
2023-11-03 16:43:15,091 [main] INFO  grpc.GrpcConfigKeys (ConfUtils.java:logFallback(53)) - raft.grpc.client.host = null (fallback to raft.grpc.server.host)
2023-11-03 16:43:15,091 [main] INFO  grpc.GrpcConfigKeys (ConfUtils.java:logGet(46)) - raft.grpc.client.port = 15074 (custom)
2023-11-03 16:43:15,092 [main] INFO  grpc.GrpcConfigKeys (ConfUtils.java:logGet(46)) - raft.grpc.server.host = null (default)
2023-11-03 16:43:15,092 [main] INFO  grpc.GrpcConfigKeys (ConfUtils.java:logGet(46)) - raft.grpc.server.port = 15076 (custom)
2023-11-03 16:43:15,092 [main] INFO  server.GrpcService (ConfUtils.java:logGet(46)) - raft.grpc.message.size.max = 32MB (=33554432) (custom)
2023-11-03 16:43:15,092 [main] INFO  server.RaftServerConfigKeys (ConfUtils.java:logGet(46)) - raft.server.log.appender.buffer.byte-limit = 33554432 (custom)
2023-11-03 16:43:15,092 [main] INFO  server.GrpcService (ConfUtils.java:logGet(46)) - raft.grpc.flow.control.window = 5MB (=5242880) (custom)
2023-11-03 16:43:15,093 [main] INFO  server.RaftServerConfigKeys (ConfUtils.java:logGet(46)) - raft.server.rpc.request.timeout = 60s (custom)
2023-11-03 16:43:15,093 [main] INFO  grpc.GrpcConfigKeys (ConfUtils.java:logGet(46)) - raft.grpc.server.heartbeat.channel = true (default)
2023-11-03 16:43:15,093 [main] INFO  grpc.GrpcConfigKeys (ConfUtils.java:logGet(46)) - raft.grpc.server.async.request.thread.pool.cached = true (default)
2023-11-03 16:43:15,093 [main] INFO  grpc.GrpcConfigKeys (ConfUtils.java:logGet(46)) - raft.grpc.server.async.request.thread.pool.size = 32 (default)
2023-11-03 16:43:15,098 [main] INFO  impl.DataStreamServerImpl (ConfUtils.java:logGet(46)) - raft.datastream.type = NETTY (custom)
2023-11-03 16:43:15,098 [main] INFO  server.RaftServerConfigKeys (ConfUtils.java:logGet(46)) - raft.server.data-stream.async.request.thread.pool.cached = false (default)
2023-11-03 16:43:15,099 [main] INFO  server.RaftServerConfigKeys (ConfUtils.java:logGet(46)) - raft.server.data-stream.async.request.thread.pool.size = 20 (custom)
2023-11-03 16:43:15,099 [main] INFO  server.RaftServerConfigKeys (ConfUtils.java:logGet(46)) - raft.server.data-stream.async.write.thread.pool.size = 16 (default)
2023-11-03 16:43:15,099 [main] INFO  server.RaftServerConfigKeys (ConfUtils.java:logGet(46)) - raft.server.data-stream.client.pool.size = 10 (default)
2023-11-03 16:43:15,099 [main] INFO  netty.NettyConfigKeys$DataStream (ConfUtils.java:logGet(46)) - raft.netty.dataStream.server.use-epoll = false (default)
2023-11-03 16:43:15,099 [main] INFO  netty.NettyConfigKeys$DataStream (ConfUtils.java:logGet(46)) - raft.netty.dataStream.server.boss-group.size = 0 (default)
2023-11-03 16:43:15,100 [main] INFO  netty.NettyConfigKeys$DataStream (ConfUtils.java:logGet(46)) - raft.netty.dataStream.server.worker-group.size = 0 (default)
2023-11-03 16:43:15,100 [main] INFO  netty.NettyConfigKeys$DataStream (ConfUtils.java:logGet(46)) - raft.netty.dataStream.server.tls.conf = null (default)
2023-11-03 16:43:15,101 [main] INFO  netty.NettyConfigKeys$DataStream (ConfUtils.java:logGet(46)) - raft.netty.dataStream.host = null (default)
2023-11-03 16:43:15,101 [main] INFO  netty.NettyConfigKeys$DataStream (ConfUtils.java:logGet(46)) - raft.netty.dataStream.port = 15077 (custom)
2023-11-03 16:43:15,103 [main] INFO  server.RaftServerConfigKeys (ConfUtils.java:logGet(46)) - raft.server.threadpool.proxy.cached = true (default)
2023-11-03 16:43:15,103 [main] INFO  server.RaftServerConfigKeys (ConfUtils.java:logGet(46)) - raft.server.threadpool.proxy.size = 0 (default)
2023-11-03 16:43:15,103 [eb78666f-144a-4911-8bcc-69658dd2d46c-NettyServerStreamRpc-bossGroup--thread1] INFO  logging.LoggingHandler (AbstractInternalLogger.java:log(148)) - [id: 0xe67becd2] REGISTERED
2023-11-03 16:43:15,103 [main] INFO  server.RaftServerConfigKeys (ConfUtils.java:logGet(46)) - raft.server.rpc.slowness.timeout = 300s (custom)
2023-11-03 16:43:15,103 [eb78666f-144a-4911-8bcc-69658dd2d46c-NettyServerStreamRpc-bossGroup--thread1] INFO  logging.LoggingHandler (AbstractInternalLogger.java:log(148)) - [id: 0xe67becd2] BIND: 0.0.0.0/0.0.0.0:15077
2023-11-03 16:43:15,104 [main] INFO  server.RaftServerConfigKeys (ConfUtils.java:logGet(46)) - raft.server.leaderelection.leader.step-down.wait-time = 10s (default)
2023-11-03 16:43:15,104 [eb78666f-144a-4911-8bcc-69658dd2d46c-NettyServerStreamRpc-bossGroup--thread1] INFO  logging.LoggingHandler (AbstractInternalLogger.java:log(148)) - [id: 0xe67becd2, L:/0:0:0:0:0:0:0:0:15077] ACTIVE
2023-11-03 16:43:15,104 [main] INFO  server.RaftServerConfigKeys (ConfUtils.java:logGet(46)) - raft.server.storage.dir = [/home/runner/work/ozone/ozone/hadoop-ozone/integration-test/target/test-dir/MiniOzoneClusterImpl-70a21a17-ad3a-436a-8bc3-9a5217c2e4a5/datanode-1/data/ratis] (custom)
2023-11-03 16:43:15,106 [eb78666f-144a-4911-8bcc-69658dd2d46c-impl-thread1] INFO  server.RaftServer (RaftServerProxy.java:initGroupDir(258)) - eb78666f-144a-4911-8bcc-69658dd2d46c: found a subdirectory /home/runner/work/ozone/ozone/hadoop-ozone/integration-test/target/test-dir/MiniOzoneClusterImpl-70a21a17-ad3a-436a-8bc3-9a5217c2e4a5/datanode-1/data/ratis/tmp
2023-11-03 16:43:15,106 [eb78666f-144a-4911-8bcc-69658dd2d46c-impl-thread1] INFO  server.RaftServer (RaftServerProxy.java:initGroupDir(263)) - eb78666f-144a-4911-8bcc-69658dd2d46c: The directory /home/runner/work/ozone/ozone/hadoop-ozone/integration-test/target/test-dir/MiniOzoneClusterImpl-70a21a17-ad3a-436a-8bc3-9a5217c2e4a5/datanode-1/data/ratis/tmp is not a group directory; ignoring it. 
2023-11-03 16:43:15,106 [main] INFO  replication.ReplicationServer (ReplicationServer.java:<init>(85)) - Initializing replication server with thread count = 10 queue length = 4096
2023-11-03 16:43:15,108 [main] INFO  server.XceiverServerGrpc (XceiverServerGrpc.java:<init>(135)) - GrpcServer channel type EpollServerSocketChannel
2023-11-03 16:43:15,111 [main] INFO  replication.ReplicationSupervisor (ReplicationSupervisor.java:build(163)) - Initializing replication supervisor with thread count = 10
2023-11-03 16:43:15,113 [main] INFO  replication.ReplicationSupervisor (ReplicationSupervisor.java:nodeStateUpdated(317)) - Node state updated to IN_SERVICE, scaling executor pool size to 10
2023-11-03 16:43:15,118 [main] INFO  http.BaseHttpServer (BaseHttpServer.java:newHttpServer2BuilderForOzone(223)) - Starting Web-server for hddsDatanode at: http://0.0.0.0:15071
2023-11-03 16:43:15,119 [main] INFO  http.BaseHttpServer (BaseHttpServer.java:<init>(110)) - Hadoop Security Enabled: false Ozone Security Enabled: false Ozone HTTP Security Enabled: false 
2023-11-03 16:43:15,120 [main] WARN  server.AuthenticationFilter (AuthenticationFilter.java:constructSecretProvider(240)) - Unable to initialize FileSignerSecretProvider, falling back to use random secrets. Reason: Could not read signature secret file: /home/runner/hadoop-http-auth-signature-secret
2023-11-03 16:43:15,121 [main] INFO  http.HttpRequestLog (HttpRequestLog.java:getRequestLog(86)) - Http request log for http.requests.hddsDatanode is not defined
2023-11-03 16:43:15,123 [main] INFO  http.HttpServer2 (HttpServer2.java:addGlobalFilter(1031)) - Added global filter 'safety' (class=org.apache.hadoop.hdds.server.http.HttpServer2$QuotingInputFilter)
2023-11-03 16:43:15,124 [main] INFO  http.HttpServer2 (HttpServer2.java:addFilter(1007)) - Added filter static_user_filter (class=org.apache.hadoop.http.lib.StaticUserWebFilter$StaticUserFilter) to context hddsDatanode
2023-11-03 16:43:15,124 [main] INFO  http.HttpServer2 (HttpServer2.java:addFilter(1015)) - Added filter static_user_filter (class=org.apache.hadoop.http.lib.StaticUserWebFilter$StaticUserFilter) to context static
2023-11-03 16:43:15,124 [main] INFO  http.HttpServer2 (HttpServer2.java:addFilter(1015)) - Added filter static_user_filter (class=org.apache.hadoop.http.lib.StaticUserWebFilter$StaticUserFilter) to context logs
2023-11-03 16:43:15,125 [main] INFO  http.BaseHttpServer (BaseHttpServer.java:<init>(189)) - HTTP server of hddsDatanode uses base directory /home/runner/work/ozone/ozone/hadoop-ozone/integration-test/target/test-dir/MiniOzoneClusterImpl-70a21a17-ad3a-436a-8bc3-9a5217c2e4a5/datanode-1/meta/webserver
2023-11-03 16:43:15,126 [main] INFO  http.HttpServer2 (HttpServer2.java:bindListener(1231)) - Jetty bound to port 15071
2023-11-03 16:43:15,126 [main] INFO  server.Server (Server.java:doStart(375)) - jetty-9.4.53.v20231009; built: 2023-10-09T12:29:09.265Z; git: 27bde00a0b95a1d5bbee0eae7984f891d2d0f8c9; jvm 1.8.0_382-b05
2023-11-03 16:43:15,134 [main] INFO  server.session (DefaultSessionIdManager.java:doStart(334)) - DefaultSessionIdManager workerName=node0
2023-11-03 16:43:15,134 [main] INFO  server.session (DefaultSessionIdManager.java:doStart(339)) - No SessionScavenger set, using defaults
2023-11-03 16:43:15,135 [main] INFO  server.session (HouseKeeper.java:startScavenging(132)) - node0 Scavenging every 660000ms
2023-11-03 16:43:15,135 [main] INFO  handler.ContextHandler (ContextHandler.java:doStart(921)) - Started o.e.j.s.ServletContextHandler@cc2089{logs,/logs,file:///home/runner/work/ozone/ozone/hadoop-ozone/integration-test/target/log,AVAILABLE}
2023-11-03 16:43:15,136 [main] INFO  handler.ContextHandler (ContextHandler.java:doStart(921)) - Started o.e.j.s.ServletContextHandler@2497e6d3{static,/static,jar:file:/home/runner/.m2/repository/org/apache/ozone/hdds-container-service/1.4.0-SNAPSHOT/hdds-container-service-1.4.0-SNAPSHOT.jar!/webapps/static,AVAILABLE}
2023-11-03 16:43:15,205 [main] INFO  handler.ContextHandler (ContextHandler.java:doStart(921)) - Started o.e.j.w.WebAppContext@45212188{hddsDatanode,/,file:///home/runner/work/ozone/ozone/hadoop-ozone/integration-test/target/test-dir/MiniOzoneClusterImpl-70a21a17-ad3a-436a-8bc3-9a5217c2e4a5/datanode-1/meta/webserver/jetty-0_0_0_0-15071-hdds-container-service-1_4_0-SNAPSHOT_jar-_-any-8783191867581649481/webapp/,AVAILABLE}{jar:file:/home/runner/.m2/repository/org/apache/ozone/hdds-container-service/1.4.0-SNAPSHOT/hdds-container-service-1.4.0-SNAPSHOT.jar!/webapps/hddsDatanode}
2023-11-03 16:43:15,207 [main] INFO  server.AbstractConnector (AbstractConnector.java:doStart(333)) - Started ServerConnector@42b05e0d{HTTP/1.1, (http/1.1)}{0.0.0.0:15071}
2023-11-03 16:43:15,207 [main] INFO  server.Server (Server.java:doStart(415)) - Started @49541ms
2023-11-03 16:43:15,207 [main] WARN  impl.MetricsSystemImpl (MetricsSystemImpl.java:register(279)) - Sink prometheus already exists!
2023-11-03 16:43:15,208 [main] INFO  http.BaseHttpServer (BaseHttpServer.java:updateConnectorAddress(354)) - HTTP server of hddsDatanode listening at http://0.0.0.0:15071
2023-11-03 16:43:15,208 [main] INFO  ipc.CallQueueManager (CallQueueManager.java:<init>(90)) - Using callQueue: class java.util.concurrent.LinkedBlockingQueue, queueCapacity: 100, scheduler: class org.apache.hadoop.ipc.DefaultRpcScheduler, ipcBackoff: false.
2023-11-03 16:43:15,209 [main] INFO  ipc.Server (Server.java:<init>(1287)) - Listener at 0.0.0.0:15072
2023-11-03 16:43:15,209 [Socket Reader #1 for port 15072] INFO  ipc.Server (Server.java:run(1323)) - Starting Socket Reader #1 for port 15072
2023-11-03 16:43:15,218 [main] INFO  ozone.HddsDatanodeService (HddsDatanodeService.java:start(325)) - Datanode start with admins: [runner]
2023-11-03 16:43:15,218 [main] INFO  ozone.HddsDatanodeClientProtocolServer (HddsDatanodeClientProtocolServer.java:start(72)) - RPC server for Client /0.0.0.0:15072
2023-11-03 16:43:15,221 [IPC Server Responder] INFO  ipc.Server (Server.java:run(1562)) - IPC Server Responder: starting
2023-11-03 16:43:15,226 [main] WARN  impl.MetricRegistriesImpl (MetricRegistriesImpl.java:addReporterRegistration(111)) - New reporters are added after registries were created. Some metrics will be missing from the reporter. Please add reporter before adding any new registry.
2023-11-03 16:43:15,226 [IPC Server listener on 15072] INFO  ipc.Server (Server.java:run(1402)) - IPC Server listener on 15072: starting
2023-11-03 16:43:15,226 [main] WARN  impl.MetricRegistriesImpl (MetricRegistriesImpl.java:addReporterRegistration(111)) - New reporters are added after registries were created. Some metrics will be missing from the reporter. Please add reporter before adding any new registry.
2023-11-03 16:43:15,228 [eb78666f-144a-4911-8bcc-69658dd2d46c-DatanodeStateMachineDaemonThread] INFO  statemachine.DatanodeStateMachine (DatanodeStateMachine.java:lambda$startDaemon$1(555)) - Ozone container server started.
2023-11-03 16:43:15,228 [main] INFO  impl.MetricsSystemImpl (MetricsSystemImpl.java:init(158)) - HddsDatanode metrics system started (again)
2023-11-03 16:43:15,263 [main] INFO  ozone.HddsDatanodeService (HddsDatanodeService.java:start(240)) - HddsDatanodeService host:fv-az292-536.tqgtyn10aqxuxoi0mkfbldi5vh.jx.internal.cloudapp.net ip:10.1.0.19
2023-11-03 16:43:15,266 [eb78666f-144a-4911-8bcc-69658dd2d46c-DatanodeStateMachineTaskThread-0] INFO  datanode.InitDatanodeState (InitDatanodeState.java:persistContainerDatanodeDetails(139)) - DatanodeDetails is persisted to /home/runner/work/ozone/ozone/hadoop-ozone/integration-test/target/test-dir/MiniOzoneClusterImpl-70a21a17-ad3a-436a-8bc3-9a5217c2e4a5/datanode-1/meta/datanode.id
2023-11-03 16:43:15,291 [main] INFO  upgrade.AbstractLayoutVersionManager (AbstractLayoutVersionManager.java:init(83)) - Initializing Layout version manager with metadata layout = HADOOP_PRC_PORTS_IN_DATANODEDETAILS (version = 7), software layout = HADOOP_PRC_PORTS_IN_DATANODEDETAILS (version = 7)
2023-11-03 16:43:15,291 [main] INFO  statemachine.DatanodeStateMachine (DatanodeStateMachine.java:getEndPointTaskThreadPoolSize(299)) - Datanode State Machine Task Thread Pool size 2
2023-11-03 16:43:15,293 [main] INFO  volume.HddsVolume (HddsVolume.java:<init>(126)) - Creating HddsVolume: /home/runner/work/ozone/ozone/hadoop-ozone/integration-test/target/test-dir/MiniOzoneClusterImpl-70a21a17-ad3a-436a-8bc3-9a5217c2e4a5/datanode-2/data-0/containers/hdds of storage type : DISK capacity : 9223372036854775807
2023-11-03 16:43:15,294 [main] INFO  volume.MutableVolumeSet (MutableVolumeSet.java:initializeVolumeSet(173)) - Added Volume : /home/runner/work/ozone/ozone/hadoop-ozone/integration-test/target/test-dir/MiniOzoneClusterImpl-70a21a17-ad3a-436a-8bc3-9a5217c2e4a5/datanode-2/data-0/containers/hdds to VolumeSet
2023-11-03 16:43:15,295 [main] INFO  volume.MutableVolumeSet (MutableVolumeSet.java:initializeVolumeSet(173)) - Added Volume : /home/runner/work/ozone/ozone/hadoop-ozone/integration-test/target/test-dir/MiniOzoneClusterImpl-70a21a17-ad3a-436a-8bc3-9a5217c2e4a5/datanode-2/data/ratis to VolumeSet
2023-11-03 16:43:15,302 [349d905f-d502-4286-9c03-ebe0308a99ac-ContainerReader-0] INFO  ozoneimpl.ContainerReader (ContainerReader.java:readVolume(177)) - Finish verifying containers on volume /home/runner/work/ozone/ozone/hadoop-ozone/integration-test/target/test-dir/MiniOzoneClusterImpl-70a21a17-ad3a-436a-8bc3-9a5217c2e4a5/datanode-2/data-0/containers/hdds
2023-11-03 16:43:15,302 [main] INFO  ozoneimpl.OzoneContainer (OzoneContainer.java:buildContainerSet(326)) - Build ContainerSet costs 0s
2023-11-03 16:43:15,305 [main] INFO  server.RaftServer (ConfUtils.java:logGet(46)) - raft.rpc.type = GRPC (default)
2023-11-03 16:43:15,305 [main] INFO  grpc.GrpcConfigKeys (ConfUtils.java:logFallback(53)) - raft.grpc.admin.host = null (fallback to raft.grpc.server.host)
2023-11-03 16:43:15,306 [main] INFO  grpc.GrpcConfigKeys (ConfUtils.java:logGet(46)) - raft.grpc.admin.port = 15084 (custom)
2023-11-03 16:43:15,306 [main] INFO  grpc.GrpcConfigKeys (ConfUtils.java:logFallback(53)) - raft.grpc.client.host = null (fallback to raft.grpc.server.host)
2023-11-03 16:43:15,306 [main] INFO  grpc.GrpcConfigKeys (ConfUtils.java:logGet(46)) - raft.grpc.client.port = 15083 (custom)
2023-11-03 16:43:15,306 [main] INFO  grpc.GrpcConfigKeys (ConfUtils.java:logGet(46)) - raft.grpc.server.host = null (default)
2023-11-03 16:43:15,306 [main] INFO  grpc.GrpcConfigKeys (ConfUtils.java:logGet(46)) - raft.grpc.server.port = 15085 (custom)
2023-11-03 16:43:15,306 [main] INFO  server.GrpcService (ConfUtils.java:logGet(46)) - raft.grpc.message.size.max = 32MB (=33554432) (custom)
2023-11-03 16:43:15,307 [main] INFO  server.RaftServerConfigKeys (ConfUtils.java:logGet(46)) - raft.server.log.appender.buffer.byte-limit = 33554432 (custom)
2023-11-03 16:43:15,307 [main] INFO  server.GrpcService (ConfUtils.java:logGet(46)) - raft.grpc.flow.control.window = 5MB (=5242880) (custom)
2023-11-03 16:43:15,307 [main] INFO  server.RaftServerConfigKeys (ConfUtils.java:logGet(46)) - raft.server.rpc.request.timeout = 60s (custom)
2023-11-03 16:43:15,307 [main] INFO  grpc.GrpcConfigKeys (ConfUtils.java:logGet(46)) - raft.grpc.server.heartbeat.channel = true (default)
2023-11-03 16:43:15,307 [main] INFO  grpc.GrpcConfigKeys (ConfUtils.java:logGet(46)) - raft.grpc.server.async.request.thread.pool.cached = true (default)
2023-11-03 16:43:15,308 [main] INFO  grpc.GrpcConfigKeys (ConfUtils.java:logGet(46)) - raft.grpc.server.async.request.thread.pool.size = 32 (default)
2023-11-03 16:43:15,311 [main] INFO  impl.DataStreamServerImpl (ConfUtils.java:logGet(46)) - raft.datastream.type = NETTY (custom)
2023-11-03 16:43:15,311 [main] INFO  server.RaftServerConfigKeys (ConfUtils.java:logGet(46)) - raft.server.data-stream.async.request.thread.pool.cached = false (default)
2023-11-03 16:43:15,311 [main] INFO  server.RaftServerConfigKeys (ConfUtils.java:logGet(46)) - raft.server.data-stream.async.request.thread.pool.size = 20 (custom)
2023-11-03 16:43:15,312 [main] INFO  server.RaftServerConfigKeys (ConfUtils.java:logGet(46)) - raft.server.data-stream.async.write.thread.pool.size = 16 (default)
2023-11-03 16:43:15,312 [main] INFO  server.RaftServerConfigKeys (ConfUtils.java:logGet(46)) - raft.server.data-stream.client.pool.size = 10 (default)
2023-11-03 16:43:15,312 [main] INFO  netty.NettyConfigKeys$DataStream (ConfUtils.java:logGet(46)) - raft.netty.dataStream.server.use-epoll = false (default)
2023-11-03 16:43:15,312 [main] INFO  netty.NettyConfigKeys$DataStream (ConfUtils.java:logGet(46)) - raft.netty.dataStream.server.boss-group.size = 0 (default)
2023-11-03 16:43:15,313 [main] INFO  netty.NettyConfigKeys$DataStream (ConfUtils.java:logGet(46)) - raft.netty.dataStream.server.worker-group.size = 0 (default)
2023-11-03 16:43:15,313 [main] INFO  netty.NettyConfigKeys$DataStream (ConfUtils.java:logGet(46)) - raft.netty.dataStream.server.tls.conf = null (default)
2023-11-03 16:43:15,313 [main] INFO  netty.NettyConfigKeys$DataStream (ConfUtils.java:logGet(46)) - raft.netty.dataStream.host = null (default)
2023-11-03 16:43:15,313 [main] INFO  netty.NettyConfigKeys$DataStream (ConfUtils.java:logGet(46)) - raft.netty.dataStream.port = 15086 (custom)
2023-11-03 16:43:15,314 [main] INFO  server.RaftServerConfigKeys (ConfUtils.java:logGet(46)) - raft.server.threadpool.proxy.cached = true (default)
2023-11-03 16:43:15,314 [main] INFO  server.RaftServerConfigKeys (ConfUtils.java:logGet(46)) - raft.server.threadpool.proxy.size = 0 (default)
2023-11-03 16:43:15,314 [main] INFO  server.RaftServerConfigKeys (ConfUtils.java:logGet(46)) - raft.server.rpc.slowness.timeout = 300s (custom)
2023-11-03 16:43:15,315 [main] INFO  server.RaftServerConfigKeys (ConfUtils.java:logGet(46)) - raft.server.leaderelection.leader.step-down.wait-time = 10s (default)
2023-11-03 16:43:15,315 [main] INFO  server.RaftServerConfigKeys (ConfUtils.java:logGet(46)) - raft.server.storage.dir = [/home/runner/work/ozone/ozone/hadoop-ozone/integration-test/target/test-dir/MiniOzoneClusterImpl-70a21a17-ad3a-436a-8bc3-9a5217c2e4a5/datanode-2/data/ratis] (custom)
2023-11-03 16:43:15,317 [349d905f-d502-4286-9c03-ebe0308a99ac-impl-thread1] INFO  server.RaftServer (RaftServerProxy.java:initGroupDir(258)) - 349d905f-d502-4286-9c03-ebe0308a99ac: found a subdirectory /home/runner/work/ozone/ozone/hadoop-ozone/integration-test/target/test-dir/MiniOzoneClusterImpl-70a21a17-ad3a-436a-8bc3-9a5217c2e4a5/datanode-2/data/ratis/tmp
2023-11-03 16:43:15,317 [349d905f-d502-4286-9c03-ebe0308a99ac-impl-thread1] INFO  server.RaftServer (RaftServerProxy.java:initGroupDir(263)) - 349d905f-d502-4286-9c03-ebe0308a99ac: The directory /home/runner/work/ozone/ozone/hadoop-ozone/integration-test/target/test-dir/MiniOzoneClusterImpl-70a21a17-ad3a-436a-8bc3-9a5217c2e4a5/datanode-2/data/ratis/tmp is not a group directory; ignoring it. 
2023-11-03 16:43:15,318 [349d905f-d502-4286-9c03-ebe0308a99ac-NettyServerStreamRpc-bossGroup--thread1] INFO  logging.LoggingHandler (AbstractInternalLogger.java:log(148)) - [id: 0x92aa8285] REGISTERED
2023-11-03 16:43:15,318 [349d905f-d502-4286-9c03-ebe0308a99ac-NettyServerStreamRpc-bossGroup--thread1] INFO  logging.LoggingHandler (AbstractInternalLogger.java:log(148)) - [id: 0x92aa8285] BIND: 0.0.0.0/0.0.0.0:15086
2023-11-03 16:43:15,318 [main] INFO  replication.ReplicationServer (ReplicationServer.java:<init>(85)) - Initializing replication server with thread count = 10 queue length = 4096
2023-11-03 16:43:15,318 [349d905f-d502-4286-9c03-ebe0308a99ac-NettyServerStreamRpc-bossGroup--thread1] INFO  logging.LoggingHandler (AbstractInternalLogger.java:log(148)) - [id: 0x92aa8285, L:/0:0:0:0:0:0:0:0:15086] ACTIVE
2023-11-03 16:43:15,319 [main] INFO  server.XceiverServerGrpc (XceiverServerGrpc.java:<init>(135)) - GrpcServer channel type EpollServerSocketChannel
2023-11-03 16:43:15,322 [main] INFO  replication.ReplicationSupervisor (ReplicationSupervisor.java:build(163)) - Initializing replication supervisor with thread count = 10
2023-11-03 16:43:15,322 [main] INFO  replication.ReplicationSupervisor (ReplicationSupervisor.java:nodeStateUpdated(317)) - Node state updated to IN_SERVICE, scaling executor pool size to 10
2023-11-03 16:43:15,326 [main] INFO  http.BaseHttpServer (BaseHttpServer.java:newHttpServer2BuilderForOzone(223)) - Starting Web-server for hddsDatanode at: http://0.0.0.0:15080
2023-11-03 16:43:15,327 [main] INFO  http.BaseHttpServer (BaseHttpServer.java:<init>(110)) - Hadoop Security Enabled: false Ozone Security Enabled: false Ozone HTTP Security Enabled: false 
2023-11-03 16:43:15,328 [main] WARN  server.AuthenticationFilter (AuthenticationFilter.java:constructSecretProvider(240)) - Unable to initialize FileSignerSecretProvider, falling back to use random secrets. Reason: Could not read signature secret file: /home/runner/hadoop-http-auth-signature-secret
2023-11-03 16:43:15,332 [main] INFO  http.HttpRequestLog (HttpRequestLog.java:getRequestLog(86)) - Http request log for http.requests.hddsDatanode is not defined
2023-11-03 16:43:15,335 [main] INFO  http.HttpServer2 (HttpServer2.java:addGlobalFilter(1031)) - Added global filter 'safety' (class=org.apache.hadoop.hdds.server.http.HttpServer2$QuotingInputFilter)
2023-11-03 16:43:15,336 [main] INFO  http.HttpServer2 (HttpServer2.java:addFilter(1007)) - Added filter static_user_filter (class=org.apache.hadoop.http.lib.StaticUserWebFilter$StaticUserFilter) to context hddsDatanode
2023-11-03 16:43:15,336 [main] INFO  http.HttpServer2 (HttpServer2.java:addFilter(1015)) - Added filter static_user_filter (class=org.apache.hadoop.http.lib.StaticUserWebFilter$StaticUserFilter) to context static
2023-11-03 16:43:15,336 [main] INFO  http.HttpServer2 (HttpServer2.java:addFilter(1015)) - Added filter static_user_filter (class=org.apache.hadoop.http.lib.StaticUserWebFilter$StaticUserFilter) to context logs
2023-11-03 16:43:15,337 [main] INFO  http.BaseHttpServer (BaseHttpServer.java:<init>(189)) - HTTP server of hddsDatanode uses base directory /home/runner/work/ozone/ozone/hadoop-ozone/integration-test/target/test-dir/MiniOzoneClusterImpl-70a21a17-ad3a-436a-8bc3-9a5217c2e4a5/datanode-2/meta/webserver
2023-11-03 16:43:15,337 [main] INFO  http.HttpServer2 (HttpServer2.java:bindListener(1231)) - Jetty bound to port 15080
2023-11-03 16:43:15,338 [main] INFO  server.Server (Server.java:doStart(375)) - jetty-9.4.53.v20231009; built: 2023-10-09T12:29:09.265Z; git: 27bde00a0b95a1d5bbee0eae7984f891d2d0f8c9; jvm 1.8.0_382-b05
2023-11-03 16:43:15,341 [main] INFO  server.session (DefaultSessionIdManager.java:doStart(334)) - DefaultSessionIdManager workerName=node0
2023-11-03 16:43:15,341 [main] INFO  server.session (DefaultSessionIdManager.java:doStart(339)) - No SessionScavenger set, using defaults
2023-11-03 16:43:15,342 [main] INFO  server.session (HouseKeeper.java:startScavenging(132)) - node0 Scavenging every 660000ms
2023-11-03 16:43:15,343 [main] INFO  handler.ContextHandler (ContextHandler.java:doStart(921)) - Started o.e.j.s.ServletContextHandler@1b15c89e{logs,/logs,file:///home/runner/work/ozone/ozone/hadoop-ozone/integration-test/target/log,AVAILABLE}
2023-11-03 16:43:15,344 [main] INFO  handler.ContextHandler (ContextHandler.java:doStart(921)) - Started o.e.j.s.ServletContextHandler@30bde125{static,/static,jar:file:/home/runner/.m2/repository/org/apache/ozone/hdds-container-service/1.4.0-SNAPSHOT/hdds-container-service-1.4.0-SNAPSHOT.jar!/webapps/static,AVAILABLE}
2023-11-03 16:43:15,405 [main] INFO  handler.ContextHandler (ContextHandler.java:doStart(921)) - Started o.e.j.w.WebAppContext@62c08ede{hddsDatanode,/,file:///home/runner/work/ozone/ozone/hadoop-ozone/integration-test/target/test-dir/MiniOzoneClusterImpl-70a21a17-ad3a-436a-8bc3-9a5217c2e4a5/datanode-2/meta/webserver/jetty-0_0_0_0-15080-hdds-container-service-1_4_0-SNAPSHOT_jar-_-any-4333371757438040038/webapp/,AVAILABLE}{jar:file:/home/runner/.m2/repository/org/apache/ozone/hdds-container-service/1.4.0-SNAPSHOT/hdds-container-service-1.4.0-SNAPSHOT.jar!/webapps/hddsDatanode}
2023-11-03 16:43:15,408 [main] INFO  server.AbstractConnector (AbstractConnector.java:doStart(333)) - Started ServerConnector@4b95fc6f{HTTP/1.1, (http/1.1)}{0.0.0.0:15080}
2023-11-03 16:43:15,408 [main] INFO  server.Server (Server.java:doStart(415)) - Started @49742ms
2023-11-03 16:43:15,408 [main] WARN  impl.MetricsSystemImpl (MetricsSystemImpl.java:register(279)) - Sink prometheus already exists!
2023-11-03 16:43:15,409 [main] INFO  http.BaseHttpServer (BaseHttpServer.java:updateConnectorAddress(354)) - HTTP server of hddsDatanode listening at http://0.0.0.0:15080
2023-11-03 16:43:15,411 [main] INFO  ipc.CallQueueManager (CallQueueManager.java:<init>(90)) - Using callQueue: class java.util.concurrent.LinkedBlockingQueue, queueCapacity: 100, scheduler: class org.apache.hadoop.ipc.DefaultRpcScheduler, ipcBackoff: false.
2023-11-03 16:43:15,411 [main] INFO  ipc.Server (Server.java:<init>(1287)) - Listener at 0.0.0.0:15081
2023-11-03 16:43:15,413 [Socket Reader #1 for port 15081] INFO  ipc.Server (Server.java:run(1323)) - Starting Socket Reader #1 for port 15081
2023-11-03 16:43:15,428 [main] INFO  ozone.HddsDatanodeService (HddsDatanodeService.java:start(325)) - Datanode start with admins: [runner]
2023-11-03 16:43:15,428 [main] INFO  ozone.HddsDatanodeClientProtocolServer (HddsDatanodeClientProtocolServer.java:start(72)) - RPC server for Client /0.0.0.0:15081
2023-11-03 16:43:15,429 [IPC Server Responder] INFO  ipc.Server (Server.java:run(1562)) - IPC Server Responder: starting
2023-11-03 16:43:15,429 [IPC Server listener on 15081] INFO  ipc.Server (Server.java:run(1402)) - IPC Server listener on 15081: starting
2023-11-03 16:43:15,430 [main] WARN  impl.MetricRegistriesImpl (MetricRegistriesImpl.java:addReporterRegistration(111)) - New reporters are added after registries were created. Some metrics will be missing from the reporter. Please add reporter before adding any new registry.
2023-11-03 16:43:15,430 [main] WARN  impl.MetricRegistriesImpl (MetricRegistriesImpl.java:addReporterRegistration(111)) - New reporters are added after registries were created. Some metrics will be missing from the reporter. Please add reporter before adding any new registry.
2023-11-03 16:43:15,430 [main] INFO  impl.MetricsSystemImpl (MetricsSystemImpl.java:init(158)) - HddsDatanode metrics system started (again)
2023-11-03 16:43:15,443 [349d905f-d502-4286-9c03-ebe0308a99ac-DatanodeStateMachineDaemonThread] INFO  statemachine.DatanodeStateMachine (DatanodeStateMachine.java:lambda$startDaemon$1(555)) - Ozone container server started.
2023-11-03 16:43:15,457 [main] INFO  ozone.HddsDatanodeService (HddsDatanodeService.java:start(240)) - HddsDatanodeService host:fv-az292-536.tqgtyn10aqxuxoi0mkfbldi5vh.jx.internal.cloudapp.net ip:10.1.0.19
2023-11-03 16:43:15,472 [349d905f-d502-4286-9c03-ebe0308a99ac-DatanodeStateMachineTaskThread-0] INFO  datanode.InitDatanodeState (InitDatanodeState.java:persistContainerDatanodeDetails(139)) - DatanodeDetails is persisted to /home/runner/work/ozone/ozone/hadoop-ozone/integration-test/target/test-dir/MiniOzoneClusterImpl-70a21a17-ad3a-436a-8bc3-9a5217c2e4a5/datanode-2/meta/datanode.id
2023-11-03 16:43:15,493 [main] INFO  upgrade.AbstractLayoutVersionManager (AbstractLayoutVersionManager.java:init(83)) - Initializing Layout version manager with metadata layout = HADOOP_PRC_PORTS_IN_DATANODEDETAILS (version = 7), software layout = HADOOP_PRC_PORTS_IN_DATANODEDETAILS (version = 7)
2023-11-03 16:43:15,494 [main] INFO  statemachine.DatanodeStateMachine (DatanodeStateMachine.java:getEndPointTaskThreadPoolSize(299)) - Datanode State Machine Task Thread Pool size 2
2023-11-03 16:43:15,496 [main] INFO  volume.HddsVolume (HddsVolume.java:<init>(126)) - Creating HddsVolume: /home/runner/work/ozone/ozone/hadoop-ozone/integration-test/target/test-dir/MiniOzoneClusterImpl-70a21a17-ad3a-436a-8bc3-9a5217c2e4a5/datanode-3/data-0/containers/hdds of storage type : DISK capacity : 9223372036854775807
2023-11-03 16:43:15,496 [main] INFO  volume.MutableVolumeSet (MutableVolumeSet.java:initializeVolumeSet(173)) - Added Volume : /home/runner/work/ozone/ozone/hadoop-ozone/integration-test/target/test-dir/MiniOzoneClusterImpl-70a21a17-ad3a-436a-8bc3-9a5217c2e4a5/datanode-3/data-0/containers/hdds to VolumeSet
2023-11-03 16:43:15,497 [main] INFO  volume.MutableVolumeSet (MutableVolumeSet.java:initializeVolumeSet(173)) - Added Volume : /home/runner/work/ozone/ozone/hadoop-ozone/integration-test/target/test-dir/MiniOzoneClusterImpl-70a21a17-ad3a-436a-8bc3-9a5217c2e4a5/datanode-3/data/ratis to VolumeSet
2023-11-03 16:43:15,498 [dd2982df-a250-4a7e-97ea-3bf70e3641e6-ContainerReader-0] INFO  ozoneimpl.ContainerReader (ContainerReader.java:readVolume(177)) - Finish verifying containers on volume /home/runner/work/ozone/ozone/hadoop-ozone/integration-test/target/test-dir/MiniOzoneClusterImpl-70a21a17-ad3a-436a-8bc3-9a5217c2e4a5/datanode-3/data-0/containers/hdds
2023-11-03 16:43:15,498 [main] INFO  ozoneimpl.OzoneContainer (OzoneContainer.java:buildContainerSet(326)) - Build ContainerSet costs 0s
2023-11-03 16:43:15,501 [main] INFO  server.RaftServer (ConfUtils.java:logGet(46)) - raft.rpc.type = GRPC (default)
2023-11-03 16:43:15,501 [main] INFO  grpc.GrpcConfigKeys (ConfUtils.java:logFallback(53)) - raft.grpc.admin.host = null (fallback to raft.grpc.server.host)
2023-11-03 16:43:15,501 [main] INFO  grpc.GrpcConfigKeys (ConfUtils.java:logGet(46)) - raft.grpc.admin.port = 15093 (custom)
2023-11-03 16:43:15,501 [main] INFO  grpc.GrpcConfigKeys (ConfUtils.java:logFallback(53)) - raft.grpc.client.host = null (fallback to raft.grpc.server.host)
2023-11-03 16:43:15,501 [main] INFO  grpc.GrpcConfigKeys (ConfUtils.java:logGet(46)) - raft.grpc.client.port = 15092 (custom)
2023-11-03 16:43:15,502 [main] INFO  grpc.GrpcConfigKeys (ConfUtils.java:logGet(46)) - raft.grpc.server.host = null (default)
2023-11-03 16:43:15,502 [main] INFO  grpc.GrpcConfigKeys (ConfUtils.java:logGet(46)) - raft.grpc.server.port = 15094 (custom)
2023-11-03 16:43:15,502 [main] INFO  server.GrpcService (ConfUtils.java:logGet(46)) - raft.grpc.message.size.max = 32MB (=33554432) (custom)
2023-11-03 16:43:15,502 [main] INFO  server.RaftServerConfigKeys (ConfUtils.java:logGet(46)) - raft.server.log.appender.buffer.byte-limit = 33554432 (custom)
2023-11-03 16:43:15,502 [main] INFO  server.GrpcService (ConfUtils.java:logGet(46)) - raft.grpc.flow.control.window = 5MB (=5242880) (custom)
2023-11-03 16:43:15,503 [main] INFO  server.RaftServerConfigKeys (ConfUtils.java:logGet(46)) - raft.server.rpc.request.timeout = 60s (custom)
2023-11-03 16:43:15,503 [main] INFO  grpc.GrpcConfigKeys (ConfUtils.java:logGet(46)) - raft.grpc.server.heartbeat.channel = true (default)
2023-11-03 16:43:15,503 [main] INFO  grpc.GrpcConfigKeys (ConfUtils.java:logGet(46)) - raft.grpc.server.async.request.thread.pool.cached = true (default)
2023-11-03 16:43:15,503 [main] INFO  grpc.GrpcConfigKeys (ConfUtils.java:logGet(46)) - raft.grpc.server.async.request.thread.pool.size = 32 (default)
2023-11-03 16:43:15,506 [main] INFO  impl.DataStreamServerImpl (ConfUtils.java:logGet(46)) - raft.datastream.type = NETTY (custom)
2023-11-03 16:43:15,506 [main] INFO  server.RaftServerConfigKeys (ConfUtils.java:logGet(46)) - raft.server.data-stream.async.request.thread.pool.cached = false (default)
2023-11-03 16:43:15,507 [main] INFO  server.RaftServerConfigKeys (ConfUtils.java:logGet(46)) - raft.server.data-stream.async.request.thread.pool.size = 20 (custom)
2023-11-03 16:43:15,507 [main] INFO  server.RaftServerConfigKeys (ConfUtils.java:logGet(46)) - raft.server.data-stream.async.write.thread.pool.size = 16 (default)
2023-11-03 16:43:15,507 [main] INFO  server.RaftServerConfigKeys (ConfUtils.java:logGet(46)) - raft.server.data-stream.client.pool.size = 10 (default)
2023-11-03 16:43:15,507 [main] INFO  netty.NettyConfigKeys$DataStream (ConfUtils.java:logGet(46)) - raft.netty.dataStream.server.use-epoll = false (default)
2023-11-03 16:43:15,507 [main] INFO  netty.NettyConfigKeys$DataStream (ConfUtils.java:logGet(46)) - raft.netty.dataStream.server.boss-group.size = 0 (default)
2023-11-03 16:43:15,508 [main] INFO  netty.NettyConfigKeys$DataStream (ConfUtils.java:logGet(46)) - raft.netty.dataStream.server.worker-group.size = 0 (default)
2023-11-03 16:43:15,508 [main] INFO  netty.NettyConfigKeys$DataStream (ConfUtils.java:logGet(46)) - raft.netty.dataStream.server.tls.conf = null (default)
2023-11-03 16:43:15,509 [main] INFO  netty.NettyConfigKeys$DataStream (ConfUtils.java:logGet(46)) - raft.netty.dataStream.host = null (default)
2023-11-03 16:43:15,509 [main] INFO  netty.NettyConfigKeys$DataStream (ConfUtils.java:logGet(46)) - raft.netty.dataStream.port = 15095 (custom)
2023-11-03 16:43:15,509 [main] INFO  server.RaftServerConfigKeys (ConfUtils.java:logGet(46)) - raft.server.threadpool.proxy.cached = true (default)
2023-11-03 16:43:15,510 [main] INFO  server.RaftServerConfigKeys (ConfUtils.java:logGet(46)) - raft.server.threadpool.proxy.size = 0 (default)
2023-11-03 16:43:15,510 [main] INFO  server.RaftServerConfigKeys (ConfUtils.java:logGet(46)) - raft.server.rpc.slowness.timeout = 300s (custom)
2023-11-03 16:43:15,510 [main] INFO  server.RaftServerConfigKeys (ConfUtils.java:logGet(46)) - raft.server.leaderelection.leader.step-down.wait-time = 10s (default)
2023-11-03 16:43:15,510 [main] INFO  server.RaftServerConfigKeys (ConfUtils.java:logGet(46)) - raft.server.storage.dir = [/home/runner/work/ozone/ozone/hadoop-ozone/integration-test/target/test-dir/MiniOzoneClusterImpl-70a21a17-ad3a-436a-8bc3-9a5217c2e4a5/datanode-3/data/ratis] (custom)
2023-11-03 16:43:15,511 [dd2982df-a250-4a7e-97ea-3bf70e3641e6-NettyServerStreamRpc-bossGroup--thread1] INFO  logging.LoggingHandler (AbstractInternalLogger.java:log(148)) - [id: 0xaab92e2b] REGISTERED
2023-11-03 16:43:15,511 [dd2982df-a250-4a7e-97ea-3bf70e3641e6-NettyServerStreamRpc-bossGroup--thread1] INFO  logging.LoggingHandler (AbstractInternalLogger.java:log(148)) - [id: 0xaab92e2b] BIND: 0.0.0.0/0.0.0.0:15095
2023-11-03 16:43:15,511 [dd2982df-a250-4a7e-97ea-3bf70e3641e6-NettyServerStreamRpc-bossGroup--thread1] INFO  logging.LoggingHandler (AbstractInternalLogger.java:log(148)) - [id: 0xaab92e2b, L:/0:0:0:0:0:0:0:0:15095] ACTIVE
2023-11-03 16:43:15,513 [dd2982df-a250-4a7e-97ea-3bf70e3641e6-impl-thread1] INFO  server.RaftServer (RaftServerProxy.java:initGroupDir(258)) - dd2982df-a250-4a7e-97ea-3bf70e3641e6: found a subdirectory /home/runner/work/ozone/ozone/hadoop-ozone/integration-test/target/test-dir/MiniOzoneClusterImpl-70a21a17-ad3a-436a-8bc3-9a5217c2e4a5/datanode-3/data/ratis/tmp
2023-11-03 16:43:15,513 [dd2982df-a250-4a7e-97ea-3bf70e3641e6-impl-thread1] INFO  server.RaftServer (RaftServerProxy.java:initGroupDir(263)) - dd2982df-a250-4a7e-97ea-3bf70e3641e6: The directory /home/runner/work/ozone/ozone/hadoop-ozone/integration-test/target/test-dir/MiniOzoneClusterImpl-70a21a17-ad3a-436a-8bc3-9a5217c2e4a5/datanode-3/data/ratis/tmp is not a group directory; ignoring it. 
2023-11-03 16:43:15,513 [main] INFO  replication.ReplicationServer (ReplicationServer.java:<init>(85)) - Initializing replication server with thread count = 10 queue length = 4096
2023-11-03 16:43:15,515 [main] INFO  server.XceiverServerGrpc (XceiverServerGrpc.java:<init>(135)) - GrpcServer channel type EpollServerSocketChannel
2023-11-03 16:43:15,517 [main] INFO  replication.ReplicationSupervisor (ReplicationSupervisor.java:build(163)) - Initializing replication supervisor with thread count = 10
2023-11-03 16:43:15,517 [main] INFO  replication.ReplicationSupervisor (ReplicationSupervisor.java:nodeStateUpdated(317)) - Node state updated to IN_SERVICE, scaling executor pool size to 10
2023-11-03 16:43:15,522 [main] INFO  http.BaseHttpServer (BaseHttpServer.java:newHttpServer2BuilderForOzone(223)) - Starting Web-server for hddsDatanode at: http://0.0.0.0:15089
2023-11-03 16:43:15,523 [main] INFO  http.BaseHttpServer (BaseHttpServer.java:<init>(110)) - Hadoop Security Enabled: false Ozone Security Enabled: false Ozone HTTP Security Enabled: false 
2023-11-03 16:43:15,524 [main] WARN  server.AuthenticationFilter (AuthenticationFilter.java:constructSecretProvider(240)) - Unable to initialize FileSignerSecretProvider, falling back to use random secrets. Reason: Could not read signature secret file: /home/runner/hadoop-http-auth-signature-secret
2023-11-03 16:43:15,525 [main] INFO  http.HttpRequestLog (HttpRequestLog.java:getRequestLog(86)) - Http request log for http.requests.hddsDatanode is not defined
2023-11-03 16:43:15,526 [main] INFO  http.HttpServer2 (HttpServer2.java:addGlobalFilter(1031)) - Added global filter 'safety' (class=org.apache.hadoop.hdds.server.http.HttpServer2$QuotingInputFilter)
2023-11-03 16:43:15,527 [main] INFO  http.HttpServer2 (HttpServer2.java:addFilter(1007)) - Added filter static_user_filter (class=org.apache.hadoop.http.lib.StaticUserWebFilter$StaticUserFilter) to context hddsDatanode
2023-11-03 16:43:15,527 [main] INFO  http.HttpServer2 (HttpServer2.java:addFilter(1015)) - Added filter static_user_filter (class=org.apache.hadoop.http.lib.StaticUserWebFilter$StaticUserFilter) to context static
2023-11-03 16:43:15,527 [main] INFO  http.HttpServer2 (HttpServer2.java:addFilter(1015)) - Added filter static_user_filter (class=org.apache.hadoop.http.lib.StaticUserWebFilter$StaticUserFilter) to context logs
2023-11-03 16:43:15,528 [main] INFO  http.BaseHttpServer (BaseHttpServer.java:<init>(189)) - HTTP server of hddsDatanode uses base directory /home/runner/work/ozone/ozone/hadoop-ozone/integration-test/target/test-dir/MiniOzoneClusterImpl-70a21a17-ad3a-436a-8bc3-9a5217c2e4a5/datanode-3/meta/webserver
2023-11-03 16:43:15,528 [main] INFO  http.HttpServer2 (HttpServer2.java:bindListener(1231)) - Jetty bound to port 15089
2023-11-03 16:43:15,529 [main] INFO  server.Server (Server.java:doStart(375)) - jetty-9.4.53.v20231009; built: 2023-10-09T12:29:09.265Z; git: 27bde00a0b95a1d5bbee0eae7984f891d2d0f8c9; jvm 1.8.0_382-b05
2023-11-03 16:43:15,556 [main] INFO  server.session (DefaultSessionIdManager.java:doStart(334)) - DefaultSessionIdManager workerName=node0
2023-11-03 16:43:15,556 [main] INFO  server.session (DefaultSessionIdManager.java:doStart(339)) - No SessionScavenger set, using defaults
2023-11-03 16:43:15,556 [main] INFO  server.session (HouseKeeper.java:startScavenging(132)) - node0 Scavenging every 660000ms
2023-11-03 16:43:15,557 [main] INFO  handler.ContextHandler (ContextHandler.java:doStart(921)) - Started o.e.j.s.ServletContextHandler@25bb4fce{logs,/logs,file:///home/runner/work/ozone/ozone/hadoop-ozone/integration-test/target/log,AVAILABLE}
2023-11-03 16:43:15,558 [main] INFO  handler.ContextHandler (ContextHandler.java:doStart(921)) - Started o.e.j.s.ServletContextHandler@3829750a{static,/static,jar:file:/home/runner/.m2/repository/org/apache/ozone/hdds-container-service/1.4.0-SNAPSHOT/hdds-container-service-1.4.0-SNAPSHOT.jar!/webapps/static,AVAILABLE}
2023-11-03 16:43:15,609 [main] INFO  handler.ContextHandler (ContextHandler.java:doStart(921)) - Started o.e.j.w.WebAppContext@8484934{hddsDatanode,/,file:///home/runner/work/ozone/ozone/hadoop-ozone/integration-test/target/test-dir/MiniOzoneClusterImpl-70a21a17-ad3a-436a-8bc3-9a5217c2e4a5/datanode-3/meta/webserver/jetty-0_0_0_0-15089-hdds-container-service-1_4_0-SNAPSHOT_jar-_-any-5732262981772704202/webapp/,AVAILABLE}{jar:file:/home/runner/.m2/repository/org/apache/ozone/hdds-container-service/1.4.0-SNAPSHOT/hdds-container-service-1.4.0-SNAPSHOT.jar!/webapps/hddsDatanode}
2023-11-03 16:43:15,611 [main] INFO  server.AbstractConnector (AbstractConnector.java:doStart(333)) - Started ServerConnector@2c9ab2c2{HTTP/1.1, (http/1.1)}{0.0.0.0:15089}
2023-11-03 16:43:15,611 [main] INFO  server.Server (Server.java:doStart(415)) - Started @49946ms
2023-11-03 16:43:15,612 [main] WARN  impl.MetricsSystemImpl (MetricsSystemImpl.java:register(279)) - Sink prometheus already exists!
2023-11-03 16:43:15,612 [main] INFO  http.BaseHttpServer (BaseHttpServer.java:updateConnectorAddress(354)) - HTTP server of hddsDatanode listening at http://0.0.0.0:15089
2023-11-03 16:43:15,613 [main] INFO  ipc.CallQueueManager (CallQueueManager.java:<init>(90)) - Using callQueue: class java.util.concurrent.LinkedBlockingQueue, queueCapacity: 100, scheduler: class org.apache.hadoop.ipc.DefaultRpcScheduler, ipcBackoff: false.
2023-11-03 16:43:15,613 [main] INFO  ipc.Server (Server.java:<init>(1287)) - Listener at 0.0.0.0:15090
2023-11-03 16:43:15,614 [Socket Reader #1 for port 15090] INFO  ipc.Server (Server.java:run(1323)) - Starting Socket Reader #1 for port 15090
2023-11-03 16:43:15,619 [main] INFO  ozone.HddsDatanodeService (HddsDatanodeService.java:start(325)) - Datanode start with admins: [runner]
2023-11-03 16:43:15,619 [main] INFO  ozone.HddsDatanodeClientProtocolServer (HddsDatanodeClientProtocolServer.java:start(72)) - RPC server for Client /0.0.0.0:15090
2023-11-03 16:43:15,620 [IPC Server Responder] INFO  ipc.Server (Server.java:run(1562)) - IPC Server Responder: starting
2023-11-03 16:43:15,621 [IPC Server listener on 15090] INFO  ipc.Server (Server.java:run(1402)) - IPC Server listener on 15090: starting
2023-11-03 16:43:15,629 [main] WARN  impl.MetricRegistriesImpl (MetricRegistriesImpl.java:addReporterRegistration(111)) - New reporters are added after registries were created. Some metrics will be missing from the reporter. Please add reporter before adding any new registry.
2023-11-03 16:43:15,629 [main] WARN  impl.MetricRegistriesImpl (MetricRegistriesImpl.java:addReporterRegistration(111)) - New reporters are added after registries were created. Some metrics will be missing from the reporter. Please add reporter before adding any new registry.
2023-11-03 16:43:15,629 [main] INFO  impl.MetricsSystemImpl (MetricsSystemImpl.java:init(158)) - HddsDatanode metrics system started (again)
2023-11-03 16:43:15,634 [dd2982df-a250-4a7e-97ea-3bf70e3641e6-DatanodeStateMachineDaemonThread] INFO  statemachine.DatanodeStateMachine (DatanodeStateMachine.java:lambda$startDaemon$1(555)) - Ozone container server started.
2023-11-03 16:43:15,652 [dd2982df-a250-4a7e-97ea-3bf70e3641e6-DatanodeStateMachineTaskThread-0] INFO  datanode.InitDatanodeState (InitDatanodeState.java:persistContainerDatanodeDetails(139)) - DatanodeDetails is persisted to /home/runner/work/ozone/ozone/hadoop-ozone/integration-test/target/test-dir/MiniOzoneClusterImpl-70a21a17-ad3a-436a-8bc3-9a5217c2e4a5/datanode-3/meta/datanode.id
2023-11-03 16:43:15,666 [main] INFO  ozone.HddsDatanodeService (HddsDatanodeService.java:start(240)) - HddsDatanodeService host:fv-az292-536.tqgtyn10aqxuxoi0mkfbldi5vh.jx.internal.cloudapp.net ip:10.1.0.19
2023-11-03 16:43:15,705 [main] INFO  upgrade.AbstractLayoutVersionManager (AbstractLayoutVersionManager.java:init(83)) - Initializing Layout version manager with metadata layout = HADOOP_PRC_PORTS_IN_DATANODEDETAILS (version = 7), software layout = HADOOP_PRC_PORTS_IN_DATANODEDETAILS (version = 7)
2023-11-03 16:43:15,706 [main] INFO  statemachine.DatanodeStateMachine (DatanodeStateMachine.java:getEndPointTaskThreadPoolSize(299)) - Datanode State Machine Task Thread Pool size 2
2023-11-03 16:43:15,708 [main] INFO  volume.HddsVolume (HddsVolume.java:<init>(126)) - Creating HddsVolume: /home/runner/work/ozone/ozone/hadoop-ozone/integration-test/target/test-dir/MiniOzoneClusterImpl-70a21a17-ad3a-436a-8bc3-9a5217c2e4a5/datanode-4/data-0/containers/hdds of storage type : DISK capacity : 9223372036854775807
2023-11-03 16:43:15,708 [main] INFO  volume.MutableVolumeSet (MutableVolumeSet.java:initializeVolumeSet(173)) - Added Volume : /home/runner/work/ozone/ozone/hadoop-ozone/integration-test/target/test-dir/MiniOzoneClusterImpl-70a21a17-ad3a-436a-8bc3-9a5217c2e4a5/datanode-4/data-0/containers/hdds to VolumeSet
2023-11-03 16:43:15,710 [main] INFO  volume.MutableVolumeSet (MutableVolumeSet.java:initializeVolumeSet(173)) - Added Volume : /home/runner/work/ozone/ozone/hadoop-ozone/integration-test/target/test-dir/MiniOzoneClusterImpl-70a21a17-ad3a-436a-8bc3-9a5217c2e4a5/datanode-4/data/ratis to VolumeSet
2023-11-03 16:43:15,711 [bfef2556-1a9a-4d4c-8661-c047d39fc87f-ContainerReader-0] INFO  ozoneimpl.ContainerReader (ContainerReader.java:readVolume(177)) - Finish verifying containers on volume /home/runner/work/ozone/ozone/hadoop-ozone/integration-test/target/test-dir/MiniOzoneClusterImpl-70a21a17-ad3a-436a-8bc3-9a5217c2e4a5/datanode-4/data-0/containers/hdds
2023-11-03 16:43:15,711 [main] INFO  ozoneimpl.OzoneContainer (OzoneContainer.java:buildContainerSet(326)) - Build ContainerSet costs 0s
2023-11-03 16:43:15,714 [main] INFO  server.RaftServer (ConfUtils.java:logGet(46)) - raft.rpc.type = GRPC (default)
2023-11-03 16:43:15,714 [main] INFO  grpc.GrpcConfigKeys (ConfUtils.java:logFallback(53)) - raft.grpc.admin.host = null (fallback to raft.grpc.server.host)
2023-11-03 16:43:15,715 [main] INFO  grpc.GrpcConfigKeys (ConfUtils.java:logGet(46)) - raft.grpc.admin.port = 15102 (custom)
2023-11-03 16:43:15,715 [main] INFO  grpc.GrpcConfigKeys (ConfUtils.java:logFallback(53)) - raft.grpc.client.host = null (fallback to raft.grpc.server.host)
2023-11-03 16:43:15,715 [main] INFO  grpc.GrpcConfigKeys (ConfUtils.java:logGet(46)) - raft.grpc.client.port = 15101 (custom)
2023-11-03 16:43:15,715 [main] INFO  grpc.GrpcConfigKeys (ConfUtils.java:logGet(46)) - raft.grpc.server.host = null (default)
2023-11-03 16:43:15,715 [main] INFO  grpc.GrpcConfigKeys (ConfUtils.java:logGet(46)) - raft.grpc.server.port = 15103 (custom)
2023-11-03 16:43:15,715 [main] INFO  server.GrpcService (ConfUtils.java:logGet(46)) - raft.grpc.message.size.max = 32MB (=33554432) (custom)
2023-11-03 16:43:15,716 [main] INFO  server.RaftServerConfigKeys (ConfUtils.java:logGet(46)) - raft.server.log.appender.buffer.byte-limit = 33554432 (custom)
2023-11-03 16:43:15,716 [main] INFO  server.GrpcService (ConfUtils.java:logGet(46)) - raft.grpc.flow.control.window = 5MB (=5242880) (custom)
2023-11-03 16:43:15,716 [main] INFO  server.RaftServerConfigKeys (ConfUtils.java:logGet(46)) - raft.server.rpc.request.timeout = 60s (custom)
2023-11-03 16:43:15,716 [main] INFO  grpc.GrpcConfigKeys (ConfUtils.java:logGet(46)) - raft.grpc.server.heartbeat.channel = true (default)
2023-11-03 16:43:15,716 [main] INFO  grpc.GrpcConfigKeys (ConfUtils.java:logGet(46)) - raft.grpc.server.async.request.thread.pool.cached = true (default)
2023-11-03 16:43:15,716 [main] INFO  grpc.GrpcConfigKeys (ConfUtils.java:logGet(46)) - raft.grpc.server.async.request.thread.pool.size = 32 (default)
2023-11-03 16:43:15,719 [main] INFO  impl.DataStreamServerImpl (ConfUtils.java:logGet(46)) - raft.datastream.type = NETTY (custom)
2023-11-03 16:43:15,720 [main] INFO  server.RaftServerConfigKeys (ConfUtils.java:logGet(46)) - raft.server.data-stream.async.request.thread.pool.cached = false (default)
2023-11-03 16:43:15,720 [main] INFO  server.RaftServerConfigKeys (ConfUtils.java:logGet(46)) - raft.server.data-stream.async.request.thread.pool.size = 20 (custom)
2023-11-03 16:43:15,720 [main] INFO  server.RaftServerConfigKeys (ConfUtils.java:logGet(46)) - raft.server.data-stream.async.write.thread.pool.size = 16 (default)
2023-11-03 16:43:15,720 [main] INFO  server.RaftServerConfigKeys (ConfUtils.java:logGet(46)) - raft.server.data-stream.client.pool.size = 10 (default)
2023-11-03 16:43:15,720 [main] INFO  netty.NettyConfigKeys$DataStream (ConfUtils.java:logGet(46)) - raft.netty.dataStream.server.use-epoll = false (default)
2023-11-03 16:43:15,720 [main] INFO  netty.NettyConfigKeys$DataStream (ConfUtils.java:logGet(46)) - raft.netty.dataStream.server.boss-group.size = 0 (default)
2023-11-03 16:43:15,721 [main] INFO  netty.NettyConfigKeys$DataStream (ConfUtils.java:logGet(46)) - raft.netty.dataStream.server.worker-group.size = 0 (default)
2023-11-03 16:43:15,722 [main] INFO  netty.NettyConfigKeys$DataStream (ConfUtils.java:logGet(46)) - raft.netty.dataStream.server.tls.conf = null (default)
2023-11-03 16:43:15,723 [main] INFO  netty.NettyConfigKeys$DataStream (ConfUtils.java:logGet(46)) - raft.netty.dataStream.host = null (default)
2023-11-03 16:43:15,723 [main] INFO  netty.NettyConfigKeys$DataStream (ConfUtils.java:logGet(46)) - raft.netty.dataStream.port = 15104 (custom)
2023-11-03 16:43:15,724 [main] INFO  server.RaftServerConfigKeys (ConfUtils.java:logGet(46)) - raft.server.threadpool.proxy.cached = true (default)
2023-11-03 16:43:15,724 [main] INFO  server.RaftServerConfigKeys (ConfUtils.java:logGet(46)) - raft.server.threadpool.proxy.size = 0 (default)
2023-11-03 16:43:15,724 [main] INFO  server.RaftServerConfigKeys (ConfUtils.java:logGet(46)) - raft.server.rpc.slowness.timeout = 300s (custom)
2023-11-03 16:43:15,724 [main] INFO  server.RaftServerConfigKeys (ConfUtils.java:logGet(46)) - raft.server.leaderelection.leader.step-down.wait-time = 10s (default)
2023-11-03 16:43:15,725 [main] INFO  server.RaftServerConfigKeys (ConfUtils.java:logGet(46)) - raft.server.storage.dir = [/home/runner/work/ozone/ozone/hadoop-ozone/integration-test/target/test-dir/MiniOzoneClusterImpl-70a21a17-ad3a-436a-8bc3-9a5217c2e4a5/datanode-4/data/ratis] (custom)
2023-11-03 16:43:15,725 [bfef2556-1a9a-4d4c-8661-c047d39fc87f-NettyServerStreamRpc-bossGroup--thread1] INFO  logging.LoggingHandler (AbstractInternalLogger.java:log(148)) - [id: 0x5b481fcb] REGISTERED
2023-11-03 16:43:15,725 [bfef2556-1a9a-4d4c-8661-c047d39fc87f-NettyServerStreamRpc-bossGroup--thread1] INFO  logging.LoggingHandler (AbstractInternalLogger.java:log(148)) - [id: 0x5b481fcb] BIND: 0.0.0.0/0.0.0.0:15104
2023-11-03 16:43:15,726 [bfef2556-1a9a-4d4c-8661-c047d39fc87f-NettyServerStreamRpc-bossGroup--thread1] INFO  logging.LoggingHandler (AbstractInternalLogger.java:log(148)) - [id: 0x5b481fcb, L:/0:0:0:0:0:0:0:0:15104] ACTIVE
2023-11-03 16:43:15,730 [bfef2556-1a9a-4d4c-8661-c047d39fc87f-impl-thread1] INFO  server.RaftServer (RaftServerProxy.java:initGroupDir(258)) - bfef2556-1a9a-4d4c-8661-c047d39fc87f: found a subdirectory /home/runner/work/ozone/ozone/hadoop-ozone/integration-test/target/test-dir/MiniOzoneClusterImpl-70a21a17-ad3a-436a-8bc3-9a5217c2e4a5/datanode-4/data/ratis/tmp
2023-11-03 16:43:15,730 [bfef2556-1a9a-4d4c-8661-c047d39fc87f-impl-thread1] INFO  server.RaftServer (RaftServerProxy.java:initGroupDir(263)) - bfef2556-1a9a-4d4c-8661-c047d39fc87f: The directory /home/runner/work/ozone/ozone/hadoop-ozone/integration-test/target/test-dir/MiniOzoneClusterImpl-70a21a17-ad3a-436a-8bc3-9a5217c2e4a5/datanode-4/data/ratis/tmp is not a group directory; ignoring it. 
2023-11-03 16:43:15,730 [main] INFO  replication.ReplicationServer (ReplicationServer.java:<init>(85)) - Initializing replication server with thread count = 10 queue length = 4096
2023-11-03 16:43:15,732 [main] INFO  server.XceiverServerGrpc (XceiverServerGrpc.java:<init>(135)) - GrpcServer channel type EpollServerSocketChannel
2023-11-03 16:43:15,734 [main] INFO  replication.ReplicationSupervisor (ReplicationSupervisor.java:build(163)) - Initializing replication supervisor with thread count = 10
2023-11-03 16:43:15,734 [main] INFO  replication.ReplicationSupervisor (ReplicationSupervisor.java:nodeStateUpdated(317)) - Node state updated to IN_SERVICE, scaling executor pool size to 10
2023-11-03 16:43:15,737 [main] INFO  http.BaseHttpServer (BaseHttpServer.java:newHttpServer2BuilderForOzone(223)) - Starting Web-server for hddsDatanode at: http://0.0.0.0:15098
2023-11-03 16:43:15,737 [main] INFO  http.BaseHttpServer (BaseHttpServer.java:<init>(110)) - Hadoop Security Enabled: false Ozone Security Enabled: false Ozone HTTP Security Enabled: false 
2023-11-03 16:43:15,739 [main] WARN  server.AuthenticationFilter (AuthenticationFilter.java:constructSecretProvider(240)) - Unable to initialize FileSignerSecretProvider, falling back to use random secrets. Reason: Could not read signature secret file: /home/runner/hadoop-http-auth-signature-secret
2023-11-03 16:43:15,739 [main] INFO  http.HttpRequestLog (HttpRequestLog.java:getRequestLog(86)) - Http request log for http.requests.hddsDatanode is not defined
2023-11-03 16:43:15,741 [main] INFO  http.HttpServer2 (HttpServer2.java:addGlobalFilter(1031)) - Added global filter 'safety' (class=org.apache.hadoop.hdds.server.http.HttpServer2$QuotingInputFilter)
2023-11-03 16:43:15,741 [main] INFO  http.HttpServer2 (HttpServer2.java:addFilter(1007)) - Added filter static_user_filter (class=org.apache.hadoop.http.lib.StaticUserWebFilter$StaticUserFilter) to context hddsDatanode
2023-11-03 16:43:15,742 [main] INFO  http.HttpServer2 (HttpServer2.java:addFilter(1015)) - Added filter static_user_filter (class=org.apache.hadoop.http.lib.StaticUserWebFilter$StaticUserFilter) to context static
2023-11-03 16:43:15,742 [main] INFO  http.HttpServer2 (HttpServer2.java:addFilter(1015)) - Added filter static_user_filter (class=org.apache.hadoop.http.lib.StaticUserWebFilter$StaticUserFilter) to context logs
2023-11-03 16:43:15,742 [main] INFO  http.BaseHttpServer (BaseHttpServer.java:<init>(189)) - HTTP server of hddsDatanode uses base directory /home/runner/work/ozone/ozone/hadoop-ozone/integration-test/target/test-dir/MiniOzoneClusterImpl-70a21a17-ad3a-436a-8bc3-9a5217c2e4a5/datanode-4/meta/webserver
2023-11-03 16:43:15,743 [main] INFO  http.HttpServer2 (HttpServer2.java:bindListener(1231)) - Jetty bound to port 15098
2023-11-03 16:43:15,743 [main] INFO  server.Server (Server.java:doStart(375)) - jetty-9.4.53.v20231009; built: 2023-10-09T12:29:09.265Z; git: 27bde00a0b95a1d5bbee0eae7984f891d2d0f8c9; jvm 1.8.0_382-b05
2023-11-03 16:43:15,745 [main] INFO  server.session (DefaultSessionIdManager.java:doStart(334)) - DefaultSessionIdManager workerName=node0
2023-11-03 16:43:15,745 [main] INFO  server.session (DefaultSessionIdManager.java:doStart(339)) - No SessionScavenger set, using defaults
2023-11-03 16:43:15,746 [main] INFO  server.session (HouseKeeper.java:startScavenging(132)) - node0 Scavenging every 660000ms
2023-11-03 16:43:15,747 [main] INFO  handler.ContextHandler (ContextHandler.java:doStart(921)) - Started o.e.j.s.ServletContextHandler@dbd0afa{logs,/logs,file:///home/runner/work/ozone/ozone/hadoop-ozone/integration-test/target/log,AVAILABLE}
2023-11-03 16:43:15,747 [main] INFO  handler.ContextHandler (ContextHandler.java:doStart(921)) - Started o.e.j.s.ServletContextHandler@7d236b95{static,/static,jar:file:/home/runner/.m2/repository/org/apache/ozone/hdds-container-service/1.4.0-SNAPSHOT/hdds-container-service-1.4.0-SNAPSHOT.jar!/webapps/static,AVAILABLE}
2023-11-03 16:43:15,802 [main] INFO  handler.ContextHandler (ContextHandler.java:doStart(921)) - Started o.e.j.w.WebAppContext@2bbbea37{hddsDatanode,/,file:///home/runner/work/ozone/ozone/hadoop-ozone/integration-test/target/test-dir/MiniOzoneClusterImpl-70a21a17-ad3a-436a-8bc3-9a5217c2e4a5/datanode-4/meta/webserver/jetty-0_0_0_0-15098-hdds-container-service-1_4_0-SNAPSHOT_jar-_-any-8409438516340257222/webapp/,AVAILABLE}{jar:file:/home/runner/.m2/repository/org/apache/ozone/hdds-container-service/1.4.0-SNAPSHOT/hdds-container-service-1.4.0-SNAPSHOT.jar!/webapps/hddsDatanode}
2023-11-03 16:43:15,804 [main] INFO  server.AbstractConnector (AbstractConnector.java:doStart(333)) - Started ServerConnector@102310f6{HTTP/1.1, (http/1.1)}{0.0.0.0:15098}
2023-11-03 16:43:15,805 [main] INFO  server.Server (Server.java:doStart(415)) - Started @50139ms
2023-11-03 16:43:15,805 [main] WARN  impl.MetricsSystemImpl (MetricsSystemImpl.java:register(279)) - Sink prometheus already exists!
2023-11-03 16:43:15,806 [main] INFO  http.BaseHttpServer (BaseHttpServer.java:updateConnectorAddress(354)) - HTTP server of hddsDatanode listening at http://0.0.0.0:15098
2023-11-03 16:43:15,807 [main] INFO  ipc.CallQueueManager (CallQueueManager.java:<init>(90)) - Using callQueue: class java.util.concurrent.LinkedBlockingQueue, queueCapacity: 100, scheduler: class org.apache.hadoop.ipc.DefaultRpcScheduler, ipcBackoff: false.
2023-11-03 16:43:15,808 [main] INFO  ipc.Server (Server.java:<init>(1287)) - Listener at 0.0.0.0:15099
2023-11-03 16:43:15,809 [Socket Reader #1 for port 15099] INFO  ipc.Server (Server.java:run(1323)) - Starting Socket Reader #1 for port 15099
2023-11-03 16:43:15,813 [main] INFO  ozone.HddsDatanodeService (HddsDatanodeService.java:start(325)) - Datanode start with admins: [runner]
2023-11-03 16:43:15,813 [main] INFO  ozone.HddsDatanodeClientProtocolServer (HddsDatanodeClientProtocolServer.java:start(72)) - RPC server for Client /0.0.0.0:15099
2023-11-03 16:43:15,813 [IPC Server Responder] INFO  ipc.Server (Server.java:run(1562)) - IPC Server Responder: starting
2023-11-03 16:43:15,818 [bfef2556-1a9a-4d4c-8661-c047d39fc87f-DatanodeStateMachineDaemonThread] INFO  statemachine.DatanodeStateMachine (DatanodeStateMachine.java:lambda$startDaemon$1(555)) - Ozone container server started.
2023-11-03 16:43:15,821 [IPC Server listener on 15099] INFO  ipc.Server (Server.java:run(1402)) - IPC Server listener on 15099: starting
2023-11-03 16:43:15,823 [main] INFO  ozone.MiniOzoneClusterImpl (MiniOzoneClusterImpl.java:lambda$waitForClusterToBeReady$0(229)) - Waiting for nodes to be ready. Got 0 of 5 DN Heartbeats.
2023-11-03 16:43:15,823 [main] INFO  ozone.MiniOzoneClusterImpl (MiniOzoneClusterImpl.java:lambda$waitForClusterToBeReady$0(232)) - Waiting for cluster to exit safe mode
2023-11-03 16:43:15,823 [main] INFO  ozone.MiniOzoneClusterImpl (MiniOzoneClusterImpl.java:lambda$waitForClusterToBeReady$0(234)) - SCM became leader
2023-11-03 16:43:15,838 [bfef2556-1a9a-4d4c-8661-c047d39fc87f-DatanodeStateMachineTaskThread-0] INFO  datanode.InitDatanodeState (InitDatanodeState.java:persistContainerDatanodeDetails(139)) - DatanodeDetails is persisted to /home/runner/work/ozone/ozone/hadoop-ozone/integration-test/target/test-dir/MiniOzoneClusterImpl-70a21a17-ad3a-436a-8bc3-9a5217c2e4a5/datanode-4/meta/datanode.id
2023-11-03 16:43:16,824 [main] INFO  ozone.MiniOzoneClusterImpl (MiniOzoneClusterImpl.java:lambda$waitForClusterToBeReady$0(229)) - Waiting for nodes to be ready. Got 0 of 5 DN Heartbeats.
2023-11-03 16:43:16,824 [main] INFO  ozone.MiniOzoneClusterImpl (MiniOzoneClusterImpl.java:lambda$waitForClusterToBeReady$0(232)) - Waiting for cluster to exit safe mode
2023-11-03 16:43:16,824 [main] INFO  ozone.MiniOzoneClusterImpl (MiniOzoneClusterImpl.java:lambda$waitForClusterToBeReady$0(234)) - SCM became leader
2023-11-03 16:43:17,077 [0f26992e-6b31-4649-88a0-952aab043ba5-EndpointStateMachineTaskThread-/0.0.0.0:15055-0 ] INFO  utils.DatanodeStoreCache (DatanodeStoreCache.java:addDB(66)) - Added db /home/runner/work/ozone/ozone/hadoop-ozone/integration-test/target/test-dir/MiniOzoneClusterImpl-70a21a17-ad3a-436a-8bc3-9a5217c2e4a5/datanode-0/data-0/containers/hdds/70a21a17-ad3a-436a-8bc3-9a5217c2e4a5/DS-7b0e28d8-73d2-4ece-94d0-e884ca102bfb/container.db to cache
2023-11-03 16:43:17,077 [0f26992e-6b31-4649-88a0-952aab043ba5-EndpointStateMachineTaskThread-/0.0.0.0:15055-0 ] INFO  volume.HddsVolume (HddsVolume.java:createDbStore(422)) - SchemaV3 db is created and loaded at /home/runner/work/ozone/ozone/hadoop-ozone/integration-test/target/test-dir/MiniOzoneClusterImpl-70a21a17-ad3a-436a-8bc3-9a5217c2e4a5/datanode-0/data-0/containers/hdds/70a21a17-ad3a-436a-8bc3-9a5217c2e4a5/DS-7b0e28d8-73d2-4ece-94d0-e884ca102bfb/container.db for volume DS-7b0e28d8-73d2-4ece-94d0-e884ca102bfb
2023-11-03 16:43:17,078 [0f26992e-6b31-4649-88a0-952aab043ba5-EndpointStateMachineTaskThread-/0.0.0.0:15055-0 ] INFO  volume.ThrottledAsyncChecker (ThrottledAsyncChecker.java:schedule(141)) - Scheduling a check for /home/runner/work/ozone/ozone/hadoop-ozone/integration-test/target/test-dir/MiniOzoneClusterImpl-70a21a17-ad3a-436a-8bc3-9a5217c2e4a5/datanode-0/data-0/containers/hdds
2023-11-03 16:43:17,078 [0f26992e-6b31-4649-88a0-952aab043ba5-EndpointStateMachineTaskThread-/0.0.0.0:15055-0 ] INFO  volume.StorageVolumeChecker (StorageVolumeChecker.java:checkAllVolumes(218)) - Scheduled health check for volume /home/runner/work/ozone/ozone/hadoop-ozone/integration-test/target/test-dir/MiniOzoneClusterImpl-70a21a17-ad3a-436a-8bc3-9a5217c2e4a5/datanode-0/data-0/containers/hdds
2023-11-03 16:43:17,082 [0f26992e-6b31-4649-88a0-952aab043ba5-EndpointStateMachineTaskThread-/0.0.0.0:15055-0 ] INFO  volume.ThrottledAsyncChecker (ThrottledAsyncChecker.java:schedule(141)) - Scheduling a check for /home/runner/work/ozone/ozone/hadoop-ozone/integration-test/target/test-dir/MiniOzoneClusterImpl-70a21a17-ad3a-436a-8bc3-9a5217c2e4a5/datanode-0/data/ratis
2023-11-03 16:43:17,082 [0f26992e-6b31-4649-88a0-952aab043ba5-EndpointStateMachineTaskThread-/0.0.0.0:15055-0 ] INFO  volume.StorageVolumeChecker (StorageVolumeChecker.java:checkAllVolumes(218)) - Scheduled health check for volume /home/runner/work/ozone/ozone/hadoop-ozone/integration-test/target/test-dir/MiniOzoneClusterImpl-70a21a17-ad3a-436a-8bc3-9a5217c2e4a5/datanode-0/data/ratis
2023-11-03 16:43:17,083 [0f26992e-6b31-4649-88a0-952aab043ba5-EndpointStateMachineTaskThread-/0.0.0.0:15055-0 ] INFO  ozoneimpl.OzoneContainer (OzoneContainer.java:start(441)) - Attempting to start container services.
2023-11-03 16:43:17,083 [0f26992e-6b31-4649-88a0-952aab043ba5-EndpointStateMachineTaskThread-/0.0.0.0:15055-0 ] INFO  ozoneimpl.OzoneContainer (OzoneContainer.java:startContainerScrub(337)) - Scheduled background container scanners and the on-demand container scanner have been disabled.
2023-11-03 16:43:17,085 [0f26992e-6b31-4649-88a0-952aab043ba5-EndpointStateMachineTaskThread-/0.0.0.0:15055-0 ] INFO  replication.ReplicationServer (ReplicationServer.java:start(139)) - ReplicationServer is started using port 15069
2023-11-03 16:43:17,085 [0f26992e-6b31-4649-88a0-952aab043ba5-EndpointStateMachineTaskThread-/0.0.0.0:15055-0 ] INFO  ratis.XceiverServerRatis (XceiverServerRatis.java:start(518)) - Starting XceiverServerRatis 0f26992e-6b31-4649-88a0-952aab043ba5
2023-11-03 16:43:17,086 [0f26992e-6b31-4649-88a0-952aab043ba5-EndpointStateMachineTaskThread-/0.0.0.0:15055-0 ] INFO  server.RaftServer (RaftServerProxy.java:startImpl(400)) - 0f26992e-6b31-4649-88a0-952aab043ba5: start RPC server
2023-11-03 16:43:17,087 [0f26992e-6b31-4649-88a0-952aab043ba5-EndpointStateMachineTaskThread-/0.0.0.0:15055-0 ] INFO  server.GrpcService (GrpcService.java:startImpl(302)) - 0f26992e-6b31-4649-88a0-952aab043ba5: GrpcService started, listening on 15065
2023-11-03 16:43:17,087 [0f26992e-6b31-4649-88a0-952aab043ba5-EndpointStateMachineTaskThread-/0.0.0.0:15055-0 ] INFO  server.GrpcService (GrpcService.java:startImpl(302)) - 0f26992e-6b31-4649-88a0-952aab043ba5: GrpcService started, listening on 15067
2023-11-03 16:43:17,088 [0f26992e-6b31-4649-88a0-952aab043ba5-EndpointStateMachineTaskThread-/0.0.0.0:15055-0 ] INFO  server.GrpcService (GrpcService.java:startImpl(302)) - 0f26992e-6b31-4649-88a0-952aab043ba5: GrpcService started, listening on 15066
2023-11-03 16:43:17,089 [0f26992e-6b31-4649-88a0-952aab043ba5-EndpointStateMachineTaskThread-/0.0.0.0:15055-0 ] INFO  ratis.XceiverServerRatis (XceiverServerRatis.java:getRealPort(544)) - XceiverServerRatis 0f26992e-6b31-4649-88a0-952aab043ba5 is started using port 15065 for RATIS
2023-11-03 16:43:17,089 [0f26992e-6b31-4649-88a0-952aab043ba5-EndpointStateMachineTaskThread-/0.0.0.0:15055-0 ] INFO  ratis.XceiverServerRatis (XceiverServerRatis.java:getRealPort(544)) - XceiverServerRatis 0f26992e-6b31-4649-88a0-952aab043ba5 is started using port 15066 for RATIS_ADMIN
2023-11-03 16:43:17,089 [0f26992e-6b31-4649-88a0-952aab043ba5-EndpointStateMachineTaskThread-/0.0.0.0:15055-0 ] INFO  ratis.XceiverServerRatis (XceiverServerRatis.java:getRealPort(544)) - XceiverServerRatis 0f26992e-6b31-4649-88a0-952aab043ba5 is started using port 15067 for RATIS_SERVER
2023-11-03 16:43:17,089 [0f26992e-6b31-4649-88a0-952aab043ba5-EndpointStateMachineTaskThread-/0.0.0.0:15055-0 ] INFO  ratis.XceiverServerRatis (XceiverServerRatis.java:getRealPort(544)) - XceiverServerRatis 0f26992e-6b31-4649-88a0-952aab043ba5 is started using port 15068 for RATIS_DATASTREAM
2023-11-03 16:43:17,089 [JvmPauseMonitor9] INFO  util.JvmPauseMonitor (JvmPauseMonitor.java:run(103)) - JvmPauseMonitor-0f26992e-6b31-4649-88a0-952aab043ba5: Started
2023-11-03 16:43:17,092 [0f26992e-6b31-4649-88a0-952aab043ba5-BlockDeletingService#0] INFO  interfaces.ContainerDeletionChoosingPolicyTemplate (ContainerDeletionChoosingPolicyTemplate.java:chooseContainerForBlockDeletion(85)) - Chosen 0/5000 blocks from 0 candidate containers.
2023-11-03 16:43:17,298 [eb78666f-144a-4911-8bcc-69658dd2d46c-EndpointStateMachineTaskThread-/0.0.0.0:15055-0 ] INFO  utils.DatanodeStoreCache (DatanodeStoreCache.java:addDB(66)) - Added db /home/runner/work/ozone/ozone/hadoop-ozone/integration-test/target/test-dir/MiniOzoneClusterImpl-70a21a17-ad3a-436a-8bc3-9a5217c2e4a5/datanode-1/data-0/containers/hdds/70a21a17-ad3a-436a-8bc3-9a5217c2e4a5/DS-c5c2c4b8-e930-41e1-b008-22289ab4c803/container.db to cache
2023-11-03 16:43:17,298 [eb78666f-144a-4911-8bcc-69658dd2d46c-EndpointStateMachineTaskThread-/0.0.0.0:15055-0 ] INFO  volume.HddsVolume (HddsVolume.java:createDbStore(422)) - SchemaV3 db is created and loaded at /home/runner/work/ozone/ozone/hadoop-ozone/integration-test/target/test-dir/MiniOzoneClusterImpl-70a21a17-ad3a-436a-8bc3-9a5217c2e4a5/datanode-1/data-0/containers/hdds/70a21a17-ad3a-436a-8bc3-9a5217c2e4a5/DS-c5c2c4b8-e930-41e1-b008-22289ab4c803/container.db for volume DS-c5c2c4b8-e930-41e1-b008-22289ab4c803
2023-11-03 16:43:17,299 [eb78666f-144a-4911-8bcc-69658dd2d46c-EndpointStateMachineTaskThread-/0.0.0.0:15055-0 ] INFO  volume.ThrottledAsyncChecker (ThrottledAsyncChecker.java:schedule(141)) - Scheduling a check for /home/runner/work/ozone/ozone/hadoop-ozone/integration-test/target/test-dir/MiniOzoneClusterImpl-70a21a17-ad3a-436a-8bc3-9a5217c2e4a5/datanode-1/data-0/containers/hdds
2023-11-03 16:43:17,299 [eb78666f-144a-4911-8bcc-69658dd2d46c-EndpointStateMachineTaskThread-/0.0.0.0:15055-0 ] INFO  volume.StorageVolumeChecker (StorageVolumeChecker.java:checkAllVolumes(218)) - Scheduled health check for volume /home/runner/work/ozone/ozone/hadoop-ozone/integration-test/target/test-dir/MiniOzoneClusterImpl-70a21a17-ad3a-436a-8bc3-9a5217c2e4a5/datanode-1/data-0/containers/hdds
2023-11-03 16:43:17,304 [eb78666f-144a-4911-8bcc-69658dd2d46c-EndpointStateMachineTaskThread-/0.0.0.0:15055-0 ] INFO  volume.ThrottledAsyncChecker (ThrottledAsyncChecker.java:schedule(141)) - Scheduling a check for /home/runner/work/ozone/ozone/hadoop-ozone/integration-test/target/test-dir/MiniOzoneClusterImpl-70a21a17-ad3a-436a-8bc3-9a5217c2e4a5/datanode-1/data/ratis
2023-11-03 16:43:17,304 [eb78666f-144a-4911-8bcc-69658dd2d46c-EndpointStateMachineTaskThread-/0.0.0.0:15055-0 ] INFO  volume.StorageVolumeChecker (StorageVolumeChecker.java:checkAllVolumes(218)) - Scheduled health check for volume /home/runner/work/ozone/ozone/hadoop-ozone/integration-test/target/test-dir/MiniOzoneClusterImpl-70a21a17-ad3a-436a-8bc3-9a5217c2e4a5/datanode-1/data/ratis
2023-11-03 16:43:17,306 [eb78666f-144a-4911-8bcc-69658dd2d46c-EndpointStateMachineTaskThread-/0.0.0.0:15055-0 ] INFO  ozoneimpl.OzoneContainer (OzoneContainer.java:start(441)) - Attempting to start container services.
2023-11-03 16:43:17,306 [eb78666f-144a-4911-8bcc-69658dd2d46c-EndpointStateMachineTaskThread-/0.0.0.0:15055-0 ] INFO  ozoneimpl.OzoneContainer (OzoneContainer.java:startContainerScrub(337)) - Scheduled background container scanners and the on-demand container scanner have been disabled.
2023-11-03 16:43:17,309 [eb78666f-144a-4911-8bcc-69658dd2d46c-EndpointStateMachineTaskThread-/0.0.0.0:15055-0 ] INFO  replication.ReplicationServer (ReplicationServer.java:start(139)) - ReplicationServer is started using port 15078
2023-11-03 16:43:17,309 [eb78666f-144a-4911-8bcc-69658dd2d46c-EndpointStateMachineTaskThread-/0.0.0.0:15055-0 ] INFO  ratis.XceiverServerRatis (XceiverServerRatis.java:start(518)) - Starting XceiverServerRatis eb78666f-144a-4911-8bcc-69658dd2d46c
2023-11-03 16:43:17,310 [eb78666f-144a-4911-8bcc-69658dd2d46c-EndpointStateMachineTaskThread-/0.0.0.0:15055-0 ] INFO  server.RaftServer (RaftServerProxy.java:startImpl(400)) - eb78666f-144a-4911-8bcc-69658dd2d46c: start RPC server
2023-11-03 16:43:17,312 [eb78666f-144a-4911-8bcc-69658dd2d46c-EndpointStateMachineTaskThread-/0.0.0.0:15055-0 ] INFO  server.GrpcService (GrpcService.java:startImpl(302)) - eb78666f-144a-4911-8bcc-69658dd2d46c: GrpcService started, listening on 15074
2023-11-03 16:43:17,313 [eb78666f-144a-4911-8bcc-69658dd2d46c-EndpointStateMachineTaskThread-/0.0.0.0:15055-0 ] INFO  server.GrpcService (GrpcService.java:startImpl(302)) - eb78666f-144a-4911-8bcc-69658dd2d46c: GrpcService started, listening on 15076
2023-11-03 16:43:17,315 [eb78666f-144a-4911-8bcc-69658dd2d46c-EndpointStateMachineTaskThread-/0.0.0.0:15055-0 ] INFO  server.GrpcService (GrpcService.java:startImpl(302)) - eb78666f-144a-4911-8bcc-69658dd2d46c: GrpcService started, listening on 15075
2023-11-03 16:43:17,315 [eb78666f-144a-4911-8bcc-69658dd2d46c-EndpointStateMachineTaskThread-/0.0.0.0:15055-0 ] INFO  ratis.XceiverServerRatis (XceiverServerRatis.java:getRealPort(544)) - XceiverServerRatis eb78666f-144a-4911-8bcc-69658dd2d46c is started using port 15074 for RATIS
2023-11-03 16:43:17,315 [JvmPauseMonitor10] INFO  util.JvmPauseMonitor (JvmPauseMonitor.java:run(103)) - JvmPauseMonitor-eb78666f-144a-4911-8bcc-69658dd2d46c: Started
2023-11-03 16:43:17,315 [eb78666f-144a-4911-8bcc-69658dd2d46c-EndpointStateMachineTaskThread-/0.0.0.0:15055-0 ] INFO  ratis.XceiverServerRatis (XceiverServerRatis.java:getRealPort(544)) - XceiverServerRatis eb78666f-144a-4911-8bcc-69658dd2d46c is started using port 15075 for RATIS_ADMIN
2023-11-03 16:43:17,315 [eb78666f-144a-4911-8bcc-69658dd2d46c-EndpointStateMachineTaskThread-/0.0.0.0:15055-0 ] INFO  ratis.XceiverServerRatis (XceiverServerRatis.java:getRealPort(544)) - XceiverServerRatis eb78666f-144a-4911-8bcc-69658dd2d46c is started using port 15076 for RATIS_SERVER
2023-11-03 16:43:17,315 [eb78666f-144a-4911-8bcc-69658dd2d46c-EndpointStateMachineTaskThread-/0.0.0.0:15055-0 ] INFO  ratis.XceiverServerRatis (XceiverServerRatis.java:getRealPort(544)) - XceiverServerRatis eb78666f-144a-4911-8bcc-69658dd2d46c is started using port 15077 for RATIS_DATASTREAM
2023-11-03 16:43:17,317 [eb78666f-144a-4911-8bcc-69658dd2d46c-BlockDeletingService#0] INFO  interfaces.ContainerDeletionChoosingPolicyTemplate (ContainerDeletionChoosingPolicyTemplate.java:chooseContainerForBlockDeletion(85)) - Chosen 0/5000 blocks from 0 candidate containers.
2023-11-03 16:43:17,528 [349d905f-d502-4286-9c03-ebe0308a99ac-EndpointStateMachineTaskThread-/0.0.0.0:15055-0 ] INFO  utils.DatanodeStoreCache (DatanodeStoreCache.java:addDB(66)) - Added db /home/runner/work/ozone/ozone/hadoop-ozone/integration-test/target/test-dir/MiniOzoneClusterImpl-70a21a17-ad3a-436a-8bc3-9a5217c2e4a5/datanode-2/data-0/containers/hdds/70a21a17-ad3a-436a-8bc3-9a5217c2e4a5/DS-04cdc56a-5190-476d-bf21-d7cfbeae332a/container.db to cache
2023-11-03 16:43:17,528 [349d905f-d502-4286-9c03-ebe0308a99ac-EndpointStateMachineTaskThread-/0.0.0.0:15055-0 ] INFO  volume.HddsVolume (HddsVolume.java:createDbStore(422)) - SchemaV3 db is created and loaded at /home/runner/work/ozone/ozone/hadoop-ozone/integration-test/target/test-dir/MiniOzoneClusterImpl-70a21a17-ad3a-436a-8bc3-9a5217c2e4a5/datanode-2/data-0/containers/hdds/70a21a17-ad3a-436a-8bc3-9a5217c2e4a5/DS-04cdc56a-5190-476d-bf21-d7cfbeae332a/container.db for volume DS-04cdc56a-5190-476d-bf21-d7cfbeae332a
2023-11-03 16:43:17,529 [349d905f-d502-4286-9c03-ebe0308a99ac-EndpointStateMachineTaskThread-/0.0.0.0:15055-0 ] INFO  volume.ThrottledAsyncChecker (ThrottledAsyncChecker.java:schedule(141)) - Scheduling a check for /home/runner/work/ozone/ozone/hadoop-ozone/integration-test/target/test-dir/MiniOzoneClusterImpl-70a21a17-ad3a-436a-8bc3-9a5217c2e4a5/datanode-2/data-0/containers/hdds
2023-11-03 16:43:17,530 [349d905f-d502-4286-9c03-ebe0308a99ac-EndpointStateMachineTaskThread-/0.0.0.0:15055-0 ] INFO  volume.StorageVolumeChecker (StorageVolumeChecker.java:checkAllVolumes(218)) - Scheduled health check for volume /home/runner/work/ozone/ozone/hadoop-ozone/integration-test/target/test-dir/MiniOzoneClusterImpl-70a21a17-ad3a-436a-8bc3-9a5217c2e4a5/datanode-2/data-0/containers/hdds
2023-11-03 16:43:17,532 [349d905f-d502-4286-9c03-ebe0308a99ac-EndpointStateMachineTaskThread-/0.0.0.0:15055-0 ] INFO  volume.ThrottledAsyncChecker (ThrottledAsyncChecker.java:schedule(141)) - Scheduling a check for /home/runner/work/ozone/ozone/hadoop-ozone/integration-test/target/test-dir/MiniOzoneClusterImpl-70a21a17-ad3a-436a-8bc3-9a5217c2e4a5/datanode-2/data/ratis
2023-11-03 16:43:17,532 [349d905f-d502-4286-9c03-ebe0308a99ac-EndpointStateMachineTaskThread-/0.0.0.0:15055-0 ] INFO  volume.StorageVolumeChecker (StorageVolumeChecker.java:checkAllVolumes(218)) - Scheduled health check for volume /home/runner/work/ozone/ozone/hadoop-ozone/integration-test/target/test-dir/MiniOzoneClusterImpl-70a21a17-ad3a-436a-8bc3-9a5217c2e4a5/datanode-2/data/ratis
2023-11-03 16:43:17,534 [349d905f-d502-4286-9c03-ebe0308a99ac-EndpointStateMachineTaskThread-/0.0.0.0:15055-0 ] INFO  ozoneimpl.OzoneContainer (OzoneContainer.java:start(441)) - Attempting to start container services.
2023-11-03 16:43:17,534 [349d905f-d502-4286-9c03-ebe0308a99ac-EndpointStateMachineTaskThread-/0.0.0.0:15055-0 ] INFO  ozoneimpl.OzoneContainer (OzoneContainer.java:startContainerScrub(337)) - Scheduled background container scanners and the on-demand container scanner have been disabled.
2023-11-03 16:43:17,535 [349d905f-d502-4286-9c03-ebe0308a99ac-EndpointStateMachineTaskThread-/0.0.0.0:15055-0 ] INFO  replication.ReplicationServer (ReplicationServer.java:start(139)) - ReplicationServer is started using port 15087
2023-11-03 16:43:17,535 [349d905f-d502-4286-9c03-ebe0308a99ac-EndpointStateMachineTaskThread-/0.0.0.0:15055-0 ] INFO  ratis.XceiverServerRatis (XceiverServerRatis.java:start(518)) - Starting XceiverServerRatis 349d905f-d502-4286-9c03-ebe0308a99ac
2023-11-03 16:43:17,536 [349d905f-d502-4286-9c03-ebe0308a99ac-EndpointStateMachineTaskThread-/0.0.0.0:15055-0 ] INFO  server.RaftServer (RaftServerProxy.java:startImpl(400)) - 349d905f-d502-4286-9c03-ebe0308a99ac: start RPC server
2023-11-03 16:43:17,537 [349d905f-d502-4286-9c03-ebe0308a99ac-EndpointStateMachineTaskThread-/0.0.0.0:15055-0 ] INFO  server.GrpcService (GrpcService.java:startImpl(302)) - 349d905f-d502-4286-9c03-ebe0308a99ac: GrpcService started, listening on 15083
2023-11-03 16:43:17,541 [349d905f-d502-4286-9c03-ebe0308a99ac-EndpointStateMachineTaskThread-/0.0.0.0:15055-0 ] INFO  server.GrpcService (GrpcService.java:startImpl(302)) - 349d905f-d502-4286-9c03-ebe0308a99ac: GrpcService started, listening on 15085
2023-11-03 16:43:17,542 [349d905f-d502-4286-9c03-ebe0308a99ac-EndpointStateMachineTaskThread-/0.0.0.0:15055-0 ] INFO  server.GrpcService (GrpcService.java:startImpl(302)) - 349d905f-d502-4286-9c03-ebe0308a99ac: GrpcService started, listening on 15084
2023-11-03 16:43:17,542 [349d905f-d502-4286-9c03-ebe0308a99ac-EndpointStateMachineTaskThread-/0.0.0.0:15055-0 ] INFO  ratis.XceiverServerRatis (XceiverServerRatis.java:getRealPort(544)) - XceiverServerRatis 349d905f-d502-4286-9c03-ebe0308a99ac is started using port 15083 for RATIS
2023-11-03 16:43:17,542 [349d905f-d502-4286-9c03-ebe0308a99ac-EndpointStateMachineTaskThread-/0.0.0.0:15055-0 ] INFO  ratis.XceiverServerRatis (XceiverServerRatis.java:getRealPort(544)) - XceiverServerRatis 349d905f-d502-4286-9c03-ebe0308a99ac is started using port 15084 for RATIS_ADMIN
2023-11-03 16:43:17,542 [349d905f-d502-4286-9c03-ebe0308a99ac-EndpointStateMachineTaskThread-/0.0.0.0:15055-0 ] INFO  ratis.XceiverServerRatis (XceiverServerRatis.java:getRealPort(544)) - XceiverServerRatis 349d905f-d502-4286-9c03-ebe0308a99ac is started using port 15085 for RATIS_SERVER
2023-11-03 16:43:17,542 [349d905f-d502-4286-9c03-ebe0308a99ac-EndpointStateMachineTaskThread-/0.0.0.0:15055-0 ] INFO  ratis.XceiverServerRatis (XceiverServerRatis.java:getRealPort(544)) - XceiverServerRatis 349d905f-d502-4286-9c03-ebe0308a99ac is started using port 15086 for RATIS_DATASTREAM
2023-11-03 16:43:17,542 [JvmPauseMonitor11] INFO  util.JvmPauseMonitor (JvmPauseMonitor.java:run(103)) - JvmPauseMonitor-349d905f-d502-4286-9c03-ebe0308a99ac: Started
2023-11-03 16:43:17,546 [349d905f-d502-4286-9c03-ebe0308a99ac-BlockDeletingService#0] INFO  interfaces.ContainerDeletionChoosingPolicyTemplate (ContainerDeletionChoosingPolicyTemplate.java:chooseContainerForBlockDeletion(85)) - Chosen 0/5000 blocks from 0 candidate containers.
2023-11-03 16:43:17,701 [dd2982df-a250-4a7e-97ea-3bf70e3641e6-EndpointStateMachineTaskThread-/0.0.0.0:15055-0 ] INFO  utils.DatanodeStoreCache (DatanodeStoreCache.java:addDB(66)) - Added db /home/runner/work/ozone/ozone/hadoop-ozone/integration-test/target/test-dir/MiniOzoneClusterImpl-70a21a17-ad3a-436a-8bc3-9a5217c2e4a5/datanode-3/data-0/containers/hdds/70a21a17-ad3a-436a-8bc3-9a5217c2e4a5/DS-01cde829-eb53-4401-8fe2-d41a39d94166/container.db to cache
2023-11-03 16:43:17,701 [dd2982df-a250-4a7e-97ea-3bf70e3641e6-EndpointStateMachineTaskThread-/0.0.0.0:15055-0 ] INFO  volume.HddsVolume (HddsVolume.java:createDbStore(422)) - SchemaV3 db is created and loaded at /home/runner/work/ozone/ozone/hadoop-ozone/integration-test/target/test-dir/MiniOzoneClusterImpl-70a21a17-ad3a-436a-8bc3-9a5217c2e4a5/datanode-3/data-0/containers/hdds/70a21a17-ad3a-436a-8bc3-9a5217c2e4a5/DS-01cde829-eb53-4401-8fe2-d41a39d94166/container.db for volume DS-01cde829-eb53-4401-8fe2-d41a39d94166
2023-11-03 16:43:17,704 [dd2982df-a250-4a7e-97ea-3bf70e3641e6-EndpointStateMachineTaskThread-/0.0.0.0:15055-0 ] INFO  volume.ThrottledAsyncChecker (ThrottledAsyncChecker.java:schedule(141)) - Scheduling a check for /home/runner/work/ozone/ozone/hadoop-ozone/integration-test/target/test-dir/MiniOzoneClusterImpl-70a21a17-ad3a-436a-8bc3-9a5217c2e4a5/datanode-3/data-0/containers/hdds
2023-11-03 16:43:17,704 [dd2982df-a250-4a7e-97ea-3bf70e3641e6-EndpointStateMachineTaskThread-/0.0.0.0:15055-0 ] INFO  volume.StorageVolumeChecker (StorageVolumeChecker.java:checkAllVolumes(218)) - Scheduled health check for volume /home/runner/work/ozone/ozone/hadoop-ozone/integration-test/target/test-dir/MiniOzoneClusterImpl-70a21a17-ad3a-436a-8bc3-9a5217c2e4a5/datanode-3/data-0/containers/hdds
2023-11-03 16:43:17,708 [dd2982df-a250-4a7e-97ea-3bf70e3641e6-EndpointStateMachineTaskThread-/0.0.0.0:15055-0 ] INFO  volume.ThrottledAsyncChecker (ThrottledAsyncChecker.java:schedule(141)) - Scheduling a check for /home/runner/work/ozone/ozone/hadoop-ozone/integration-test/target/test-dir/MiniOzoneClusterImpl-70a21a17-ad3a-436a-8bc3-9a5217c2e4a5/datanode-3/data/ratis
2023-11-03 16:43:17,708 [dd2982df-a250-4a7e-97ea-3bf70e3641e6-EndpointStateMachineTaskThread-/0.0.0.0:15055-0 ] INFO  volume.StorageVolumeChecker (StorageVolumeChecker.java:checkAllVolumes(218)) - Scheduled health check for volume /home/runner/work/ozone/ozone/hadoop-ozone/integration-test/target/test-dir/MiniOzoneClusterImpl-70a21a17-ad3a-436a-8bc3-9a5217c2e4a5/datanode-3/data/ratis
2023-11-03 16:43:17,710 [dd2982df-a250-4a7e-97ea-3bf70e3641e6-EndpointStateMachineTaskThread-/0.0.0.0:15055-0 ] INFO  ozoneimpl.OzoneContainer (OzoneContainer.java:start(441)) - Attempting to start container services.
2023-11-03 16:43:17,710 [dd2982df-a250-4a7e-97ea-3bf70e3641e6-EndpointStateMachineTaskThread-/0.0.0.0:15055-0 ] INFO  ozoneimpl.OzoneContainer (OzoneContainer.java:startContainerScrub(337)) - Scheduled background container scanners and the on-demand container scanner have been disabled.
2023-11-03 16:43:17,711 [dd2982df-a250-4a7e-97ea-3bf70e3641e6-EndpointStateMachineTaskThread-/0.0.0.0:15055-0 ] INFO  replication.ReplicationServer (ReplicationServer.java:start(139)) - ReplicationServer is started using port 15096
2023-11-03 16:43:17,711 [dd2982df-a250-4a7e-97ea-3bf70e3641e6-EndpointStateMachineTaskThread-/0.0.0.0:15055-0 ] INFO  ratis.XceiverServerRatis (XceiverServerRatis.java:start(518)) - Starting XceiverServerRatis dd2982df-a250-4a7e-97ea-3bf70e3641e6
2023-11-03 16:43:17,712 [dd2982df-a250-4a7e-97ea-3bf70e3641e6-EndpointStateMachineTaskThread-/0.0.0.0:15055-0 ] INFO  server.RaftServer (RaftServerProxy.java:startImpl(400)) - dd2982df-a250-4a7e-97ea-3bf70e3641e6: start RPC server
2023-11-03 16:43:17,713 [dd2982df-a250-4a7e-97ea-3bf70e3641e6-EndpointStateMachineTaskThread-/0.0.0.0:15055-0 ] INFO  server.GrpcService (GrpcService.java:startImpl(302)) - dd2982df-a250-4a7e-97ea-3bf70e3641e6: GrpcService started, listening on 15092
2023-11-03 16:43:17,714 [dd2982df-a250-4a7e-97ea-3bf70e3641e6-EndpointStateMachineTaskThread-/0.0.0.0:15055-0 ] INFO  server.GrpcService (GrpcService.java:startImpl(302)) - dd2982df-a250-4a7e-97ea-3bf70e3641e6: GrpcService started, listening on 15094
2023-11-03 16:43:17,717 [dd2982df-a250-4a7e-97ea-3bf70e3641e6-EndpointStateMachineTaskThread-/0.0.0.0:15055-0 ] INFO  server.GrpcService (GrpcService.java:startImpl(302)) - dd2982df-a250-4a7e-97ea-3bf70e3641e6: GrpcService started, listening on 15093
2023-11-03 16:43:17,720 [dd2982df-a250-4a7e-97ea-3bf70e3641e6-EndpointStateMachineTaskThread-/0.0.0.0:15055-0 ] INFO  ratis.XceiverServerRatis (XceiverServerRatis.java:getRealPort(544)) - XceiverServerRatis dd2982df-a250-4a7e-97ea-3bf70e3641e6 is started using port 15092 for RATIS
2023-11-03 16:43:17,720 [JvmPauseMonitor12] INFO  util.JvmPauseMonitor (JvmPauseMonitor.java:run(103)) - JvmPauseMonitor-dd2982df-a250-4a7e-97ea-3bf70e3641e6: Started
2023-11-03 16:43:17,720 [dd2982df-a250-4a7e-97ea-3bf70e3641e6-EndpointStateMachineTaskThread-/0.0.0.0:15055-0 ] INFO  ratis.XceiverServerRatis (XceiverServerRatis.java:getRealPort(544)) - XceiverServerRatis dd2982df-a250-4a7e-97ea-3bf70e3641e6 is started using port 15093 for RATIS_ADMIN
2023-11-03 16:43:17,721 [dd2982df-a250-4a7e-97ea-3bf70e3641e6-EndpointStateMachineTaskThread-/0.0.0.0:15055-0 ] INFO  ratis.XceiverServerRatis (XceiverServerRatis.java:getRealPort(544)) - XceiverServerRatis dd2982df-a250-4a7e-97ea-3bf70e3641e6 is started using port 15094 for RATIS_SERVER
2023-11-03 16:43:17,721 [dd2982df-a250-4a7e-97ea-3bf70e3641e6-EndpointStateMachineTaskThread-/0.0.0.0:15055-0 ] INFO  ratis.XceiverServerRatis (XceiverServerRatis.java:getRealPort(544)) - XceiverServerRatis dd2982df-a250-4a7e-97ea-3bf70e3641e6 is started using port 15095 for RATIS_DATASTREAM
2023-11-03 16:43:17,726 [dd2982df-a250-4a7e-97ea-3bf70e3641e6-BlockDeletingService#0] INFO  interfaces.ContainerDeletionChoosingPolicyTemplate (ContainerDeletionChoosingPolicyTemplate.java:chooseContainerForBlockDeletion(85)) - Chosen 0/5000 blocks from 0 candidate containers.
2023-11-03 16:43:17,824 [main] INFO  ozone.MiniOzoneClusterImpl (MiniOzoneClusterImpl.java:lambda$waitForClusterToBeReady$0(229)) - Waiting for nodes to be ready. Got 0 of 5 DN Heartbeats.
2023-11-03 16:43:17,825 [main] INFO  ozone.MiniOzoneClusterImpl (MiniOzoneClusterImpl.java:lambda$waitForClusterToBeReady$0(232)) - Waiting for cluster to exit safe mode
2023-11-03 16:43:17,825 [main] INFO  ozone.MiniOzoneClusterImpl (MiniOzoneClusterImpl.java:lambda$waitForClusterToBeReady$0(234)) - SCM became leader
2023-11-03 16:43:17,869 [bfef2556-1a9a-4d4c-8661-c047d39fc87f-EndpointStateMachineTaskThread-/0.0.0.0:15055-0 ] INFO  utils.DatanodeStoreCache (DatanodeStoreCache.java:addDB(66)) - Added db /home/runner/work/ozone/ozone/hadoop-ozone/integration-test/target/test-dir/MiniOzoneClusterImpl-70a21a17-ad3a-436a-8bc3-9a5217c2e4a5/datanode-4/data-0/containers/hdds/70a21a17-ad3a-436a-8bc3-9a5217c2e4a5/DS-1299bcf3-83cb-4ba1-88d5-f87993547b5b/container.db to cache
2023-11-03 16:43:17,869 [bfef2556-1a9a-4d4c-8661-c047d39fc87f-EndpointStateMachineTaskThread-/0.0.0.0:15055-0 ] INFO  volume.HddsVolume (HddsVolume.java:createDbStore(422)) - SchemaV3 db is created and loaded at /home/runner/work/ozone/ozone/hadoop-ozone/integration-test/target/test-dir/MiniOzoneClusterImpl-70a21a17-ad3a-436a-8bc3-9a5217c2e4a5/datanode-4/data-0/containers/hdds/70a21a17-ad3a-436a-8bc3-9a5217c2e4a5/DS-1299bcf3-83cb-4ba1-88d5-f87993547b5b/container.db for volume DS-1299bcf3-83cb-4ba1-88d5-f87993547b5b
2023-11-03 16:43:17,870 [bfef2556-1a9a-4d4c-8661-c047d39fc87f-EndpointStateMachineTaskThread-/0.0.0.0:15055-0 ] INFO  volume.ThrottledAsyncChecker (ThrottledAsyncChecker.java:schedule(141)) - Scheduling a check for /home/runner/work/ozone/ozone/hadoop-ozone/integration-test/target/test-dir/MiniOzoneClusterImpl-70a21a17-ad3a-436a-8bc3-9a5217c2e4a5/datanode-4/data-0/containers/hdds
2023-11-03 16:43:17,870 [bfef2556-1a9a-4d4c-8661-c047d39fc87f-EndpointStateMachineTaskThread-/0.0.0.0:15055-0 ] INFO  volume.StorageVolumeChecker (StorageVolumeChecker.java:checkAllVolumes(218)) - Scheduled health check for volume /home/runner/work/ozone/ozone/hadoop-ozone/integration-test/target/test-dir/MiniOzoneClusterImpl-70a21a17-ad3a-436a-8bc3-9a5217c2e4a5/datanode-4/data-0/containers/hdds
2023-11-03 16:43:17,874 [bfef2556-1a9a-4d4c-8661-c047d39fc87f-EndpointStateMachineTaskThread-/0.0.0.0:15055-0 ] INFO  volume.ThrottledAsyncChecker (ThrottledAsyncChecker.java:schedule(141)) - Scheduling a check for /home/runner/work/ozone/ozone/hadoop-ozone/integration-test/target/test-dir/MiniOzoneClusterImpl-70a21a17-ad3a-436a-8bc3-9a5217c2e4a5/datanode-4/data/ratis
2023-11-03 16:43:17,874 [bfef2556-1a9a-4d4c-8661-c047d39fc87f-EndpointStateMachineTaskThread-/0.0.0.0:15055-0 ] INFO  volume.StorageVolumeChecker (StorageVolumeChecker.java:checkAllVolumes(218)) - Scheduled health check for volume /home/runner/work/ozone/ozone/hadoop-ozone/integration-test/target/test-dir/MiniOzoneClusterImpl-70a21a17-ad3a-436a-8bc3-9a5217c2e4a5/datanode-4/data/ratis
2023-11-03 16:43:17,875 [bfef2556-1a9a-4d4c-8661-c047d39fc87f-EndpointStateMachineTaskThread-/0.0.0.0:15055-0 ] INFO  ozoneimpl.OzoneContainer (OzoneContainer.java:start(441)) - Attempting to start container services.
2023-11-03 16:43:17,875 [bfef2556-1a9a-4d4c-8661-c047d39fc87f-EndpointStateMachineTaskThread-/0.0.0.0:15055-0 ] INFO  ozoneimpl.OzoneContainer (OzoneContainer.java:startContainerScrub(337)) - Scheduled background container scanners and the on-demand container scanner have been disabled.
2023-11-03 16:43:17,876 [bfef2556-1a9a-4d4c-8661-c047d39fc87f-EndpointStateMachineTaskThread-/0.0.0.0:15055-0 ] INFO  replication.ReplicationServer (ReplicationServer.java:start(139)) - ReplicationServer is started using port 15105
2023-11-03 16:43:17,876 [bfef2556-1a9a-4d4c-8661-c047d39fc87f-EndpointStateMachineTaskThread-/0.0.0.0:15055-0 ] INFO  ratis.XceiverServerRatis (XceiverServerRatis.java:start(518)) - Starting XceiverServerRatis bfef2556-1a9a-4d4c-8661-c047d39fc87f
2023-11-03 16:43:17,881 [bfef2556-1a9a-4d4c-8661-c047d39fc87f-EndpointStateMachineTaskThread-/0.0.0.0:15055-0 ] INFO  server.RaftServer (RaftServerProxy.java:startImpl(400)) - bfef2556-1a9a-4d4c-8661-c047d39fc87f: start RPC server
2023-11-03 16:43:17,894 [bfef2556-1a9a-4d4c-8661-c047d39fc87f-EndpointStateMachineTaskThread-/0.0.0.0:15055-0 ] INFO  server.GrpcService (GrpcService.java:startImpl(302)) - bfef2556-1a9a-4d4c-8661-c047d39fc87f: GrpcService started, listening on 15101
2023-11-03 16:43:17,896 [bfef2556-1a9a-4d4c-8661-c047d39fc87f-EndpointStateMachineTaskThread-/0.0.0.0:15055-0 ] INFO  server.GrpcService (GrpcService.java:startImpl(302)) - bfef2556-1a9a-4d4c-8661-c047d39fc87f: GrpcService started, listening on 15103
2023-11-03 16:43:17,898 [bfef2556-1a9a-4d4c-8661-c047d39fc87f-EndpointStateMachineTaskThread-/0.0.0.0:15055-0 ] INFO  server.GrpcService (GrpcService.java:startImpl(302)) - bfef2556-1a9a-4d4c-8661-c047d39fc87f: GrpcService started, listening on 15102
2023-11-03 16:43:17,902 [bfef2556-1a9a-4d4c-8661-c047d39fc87f-EndpointStateMachineTaskThread-/0.0.0.0:15055-0 ] INFO  ratis.XceiverServerRatis (XceiverServerRatis.java:getRealPort(544)) - XceiverServerRatis bfef2556-1a9a-4d4c-8661-c047d39fc87f is started using port 15101 for RATIS
2023-11-03 16:43:17,902 [bfef2556-1a9a-4d4c-8661-c047d39fc87f-EndpointStateMachineTaskThread-/0.0.0.0:15055-0 ] INFO  ratis.XceiverServerRatis (XceiverServerRatis.java:getRealPort(544)) - XceiverServerRatis bfef2556-1a9a-4d4c-8661-c047d39fc87f is started using port 15102 for RATIS_ADMIN
2023-11-03 16:43:17,902 [bfef2556-1a9a-4d4c-8661-c047d39fc87f-EndpointStateMachineTaskThread-/0.0.0.0:15055-0 ] INFO  ratis.XceiverServerRatis (XceiverServerRatis.java:getRealPort(544)) - XceiverServerRatis bfef2556-1a9a-4d4c-8661-c047d39fc87f is started using port 15103 for RATIS_SERVER
2023-11-03 16:43:17,902 [bfef2556-1a9a-4d4c-8661-c047d39fc87f-EndpointStateMachineTaskThread-/0.0.0.0:15055-0 ] INFO  ratis.XceiverServerRatis (XceiverServerRatis.java:getRealPort(544)) - XceiverServerRatis bfef2556-1a9a-4d4c-8661-c047d39fc87f is started using port 15104 for RATIS_DATASTREAM
2023-11-03 16:43:17,906 [bfef2556-1a9a-4d4c-8661-c047d39fc87f-BlockDeletingService#0] INFO  interfaces.ContainerDeletionChoosingPolicyTemplate (ContainerDeletionChoosingPolicyTemplate.java:chooseContainerForBlockDeletion(85)) - Chosen 0/5000 blocks from 0 candidate containers.
2023-11-03 16:43:17,908 [JvmPauseMonitor13] INFO  util.JvmPauseMonitor (JvmPauseMonitor.java:run(103)) - JvmPauseMonitor-bfef2556-1a9a-4d4c-8661-c047d39fc87f: Started
2023-11-03 16:43:18,825 [main] INFO  ozone.MiniOzoneClusterImpl (MiniOzoneClusterImpl.java:lambda$waitForClusterToBeReady$0(229)) - Waiting for nodes to be ready. Got 0 of 5 DN Heartbeats.
2023-11-03 16:43:18,825 [main] INFO  ozone.MiniOzoneClusterImpl (MiniOzoneClusterImpl.java:lambda$waitForClusterToBeReady$0(232)) - Waiting for cluster to exit safe mode
2023-11-03 16:43:18,826 [main] INFO  ozone.MiniOzoneClusterImpl (MiniOzoneClusterImpl.java:lambda$waitForClusterToBeReady$0(234)) - SCM became leader
2023-11-03 16:43:19,027 [IPC Server handler 3 on default port 15055] INFO  net.NetworkTopologyImpl (NetworkTopologyImpl.java:add(112)) - Added a new node: /default-rack/0f26992e-6b31-4649-88a0-952aab043ba5
2023-11-03 16:43:19,027 [IPC Server handler 3 on default port 15055] INFO  node.SCMNodeManager (SCMNodeManager.java:register(405)) - Registered Data node : 0f26992e-6b31-4649-88a0-952aab043ba5{ip: 10.1.0.19, host: fv-az292-536.tqgtyn10aqxuxoi0mkfbldi5vh.jx.internal.cloudapp.net, ports: [HTTP=15062, CLIENT_RPC=15063, REPLICATION=15069, RATIS=15065, RATIS_ADMIN=15066, RATIS_SERVER=15067, RATIS_DATASTREAM=15068, STANDALONE=15064], networkLocation: /default-rack, certSerialId: null, persistedOpState: null, persistedOpStateExpiryEpochSec: 0}
2023-11-03 16:43:19,041 [EventQueue-NodeRegistrationContainerReportForDataNodeSafeModeRule] INFO  safemode.SCMSafeModeManager (DataNodeSafeModeRule.java:process(71)) - SCM in safe mode. 1 DataNodes registered, 3 required.
2023-11-03 16:43:19,054 [EventQueue-NewNodeForNewNodeHandler] INFO  pipeline.BackgroundPipelineCreator (BackgroundPipelineCreator.java:notifyEventTriggered(280)) - trigger a one-shot run on RatisPipelineUtilsThread.
2023-11-03 16:43:19,054 [EventQueue-NodeRegistrationContainerReportForContainerSafeModeRule] INFO  safemode.SCMSafeModeManager (SCMSafeModeManager.java:validateSafeModeExitRules(200)) - ContainerSafeModeRule rule is successfully validated
2023-11-03 16:43:19,054 [RatisPipelineUtilsThread-0] INFO  pipeline.RatisPipelineProvider (RatisPipelineProvider.java:lambda$create$0(206)) - Sending CreatePipelineCommand for pipeline:PipelineID=a5a7e9e0-58a5-4cff-b6cd-a7883331ee2c to datanode:0f26992e-6b31-4649-88a0-952aab043ba5
2023-11-03 16:43:19,055 [RatisPipelineUtilsThread-0] INFO  pipeline.BackgroundPipelineCreator (BackgroundPipelineCreator.java:createPipelines(236)) - Created new pipeline Pipeline[ Id: a5a7e9e0-58a5-4cff-b6cd-a7883331ee2c, Nodes: 0f26992e-6b31-4649-88a0-952aab043ba5(fv-az292-536.tqgtyn10aqxuxoi0mkfbldi5vh.jx.internal.cloudapp.net/10.1.0.19), ReplicationConfig: RATIS/ONE, State:ALLOCATED, leaderId:, CreationTimestamp2023-11-03T16:43:19.054Z[Etc/UTC]]
2023-11-03 16:43:19,061 [EventQueue-PipelineReportForOneReplicaPipelineSafeModeRule] INFO  safemode.SCMSafeModeManager (SCMSafeModeManager.java:validateSafeModeExitRules(200)) - AtleastOneDatanodeReportedRule rule is successfully validated
2023-11-03 16:43:19,252 [IPC Server handler 2 on default port 15055] INFO  net.NetworkTopologyImpl (NetworkTopologyImpl.java:add(112)) - Added a new node: /default-rack/eb78666f-144a-4911-8bcc-69658dd2d46c
2023-11-03 16:43:19,252 [IPC Server handler 2 on default port 15055] INFO  node.SCMNodeManager (SCMNodeManager.java:register(405)) - Registered Data node : eb78666f-144a-4911-8bcc-69658dd2d46c{ip: 10.1.0.19, host: fv-az292-536.tqgtyn10aqxuxoi0mkfbldi5vh.jx.internal.cloudapp.net, ports: [HTTP=15071, CLIENT_RPC=15072, REPLICATION=15078, RATIS=15074, RATIS_ADMIN=15075, RATIS_SERVER=15076, RATIS_DATASTREAM=15077, STANDALONE=15073], networkLocation: /default-rack, certSerialId: null, persistedOpState: null, persistedOpStateExpiryEpochSec: 0}
2023-11-03 16:43:19,253 [EventQueue-NewNodeForNewNodeHandler] INFO  pipeline.BackgroundPipelineCreator (BackgroundPipelineCreator.java:notifyEventTriggered(280)) - trigger a one-shot run on RatisPipelineUtilsThread.
2023-11-03 16:43:19,253 [RatisPipelineUtilsThread-0] INFO  pipeline.RatisPipelineProvider (RatisPipelineProvider.java:lambda$create$0(206)) - Sending CreatePipelineCommand for pipeline:PipelineID=00cd4cc3-9f92-4c7e-8a9b-ae65144c406c to datanode:eb78666f-144a-4911-8bcc-69658dd2d46c
2023-11-03 16:43:19,254 [RatisPipelineUtilsThread-0] INFO  pipeline.BackgroundPipelineCreator (BackgroundPipelineCreator.java:createPipelines(236)) - Created new pipeline Pipeline[ Id: 00cd4cc3-9f92-4c7e-8a9b-ae65144c406c, Nodes: eb78666f-144a-4911-8bcc-69658dd2d46c(fv-az292-536.tqgtyn10aqxuxoi0mkfbldi5vh.jx.internal.cloudapp.net/10.1.0.19), ReplicationConfig: RATIS/ONE, State:ALLOCATED, leaderId:, CreationTimestamp2023-11-03T16:43:19.253Z[Etc/UTC]]
2023-11-03 16:43:19,258 [EventQueue-NodeRegistrationContainerReportForDataNodeSafeModeRule] INFO  safemode.SCMSafeModeManager (DataNodeSafeModeRule.java:process(71)) - SCM in safe mode. 2 DataNodes registered, 3 required.
2023-11-03 16:43:19,467 [IPC Server handler 4 on default port 15055] INFO  net.NetworkTopologyImpl (NetworkTopologyImpl.java:add(112)) - Added a new node: /default-rack/349d905f-d502-4286-9c03-ebe0308a99ac
2023-11-03 16:43:19,468 [IPC Server handler 4 on default port 15055] INFO  node.SCMNodeManager (SCMNodeManager.java:register(405)) - Registered Data node : 349d905f-d502-4286-9c03-ebe0308a99ac{ip: 10.1.0.19, host: fv-az292-536.tqgtyn10aqxuxoi0mkfbldi5vh.jx.internal.cloudapp.net, ports: [HTTP=15080, CLIENT_RPC=15081, REPLICATION=15087, RATIS=15083, RATIS_ADMIN=15084, RATIS_SERVER=15085, RATIS_DATASTREAM=15086, STANDALONE=15082], networkLocation: /default-rack, certSerialId: null, persistedOpState: null, persistedOpStateExpiryEpochSec: 0}
2023-11-03 16:43:19,468 [EventQueue-NewNodeForNewNodeHandler] INFO  pipeline.BackgroundPipelineCreator (BackgroundPipelineCreator.java:notifyEventTriggered(280)) - trigger a one-shot run on RatisPipelineUtilsThread.
2023-11-03 16:43:19,468 [EventQueue-NodeRegistrationContainerReportForDataNodeSafeModeRule] INFO  safemode.SCMSafeModeManager (DataNodeSafeModeRule.java:process(71)) - SCM in safe mode. 3 DataNodes registered, 3 required.
2023-11-03 16:43:19,468 [EventQueue-NodeRegistrationContainerReportForDataNodeSafeModeRule] INFO  safemode.SCMSafeModeManager (SCMSafeModeManager.java:validateSafeModeExitRules(200)) - DataNodeSafeModeRule rule is successfully validated
2023-11-03 16:43:19,468 [EventQueue-NodeRegistrationContainerReportForDataNodeSafeModeRule] INFO  safemode.SCMSafeModeManager (SCMSafeModeManager.java:completePreCheck(229)) - All SCM safe mode pre check rules have passed
2023-11-03 16:43:19,468 [EventQueue-NodeRegistrationContainerReportForDataNodeSafeModeRule] INFO  ha.SCMContext (SCMContext.java:updateSafeModeStatus(230)) - Update SafeModeStatus from SafeModeStatus{safeModeStatus=true, preCheckPassed=false} to SafeModeStatus{safeModeStatus=true, preCheckPassed=true}.
2023-11-03 16:43:19,469 [EventQueue-NodeRegistrationContainerReportForDataNodeSafeModeRule] INFO  pipeline.BackgroundPipelineCreator (BackgroundPipelineCreator.java:notifyEventTriggered(280)) - trigger a one-shot run on RatisPipelineUtilsThread.
2023-11-03 16:43:19,469 [RatisPipelineUtilsThread-0] INFO  pipeline.RatisPipelineProvider (RatisPipelineProvider.java:lambda$create$0(206)) - Sending CreatePipelineCommand for pipeline:PipelineID=dd63a22c-dc24-4d19-9bcf-3563da8a239e to datanode:349d905f-d502-4286-9c03-ebe0308a99ac
2023-11-03 16:43:19,470 [RatisPipelineUtilsThread-0] INFO  pipeline.BackgroundPipelineCreator (BackgroundPipelineCreator.java:createPipelines(236)) - Created new pipeline Pipeline[ Id: dd63a22c-dc24-4d19-9bcf-3563da8a239e, Nodes: 349d905f-d502-4286-9c03-ebe0308a99ac(fv-az292-536.tqgtyn10aqxuxoi0mkfbldi5vh.jx.internal.cloudapp.net/10.1.0.19), ReplicationConfig: RATIS/ONE, State:ALLOCATED, leaderId:, CreationTimestamp2023-11-03T16:43:19.469Z[Etc/UTC]]
2023-11-03 16:43:19,470 [RatisPipelineUtilsThread-0] INFO  pipeline.RatisPipelineProvider (RatisPipelineProvider.java:lambda$create$0(206)) - Sending CreatePipelineCommand for pipeline:PipelineID=e21e1ef1-1d92-46a4-a4fa-3c5dd59cbc2a to datanode:0f26992e-6b31-4649-88a0-952aab043ba5
2023-11-03 16:43:19,470 [RatisPipelineUtilsThread-0] INFO  pipeline.RatisPipelineProvider (RatisPipelineProvider.java:lambda$create$0(206)) - Sending CreatePipelineCommand for pipeline:PipelineID=e21e1ef1-1d92-46a4-a4fa-3c5dd59cbc2a to datanode:349d905f-d502-4286-9c03-ebe0308a99ac
2023-11-03 16:43:19,470 [RatisPipelineUtilsThread-0] INFO  pipeline.RatisPipelineProvider (RatisPipelineProvider.java:lambda$create$0(206)) - Sending CreatePipelineCommand for pipeline:PipelineID=e21e1ef1-1d92-46a4-a4fa-3c5dd59cbc2a to datanode:eb78666f-144a-4911-8bcc-69658dd2d46c
2023-11-03 16:43:19,471 [RatisPipelineUtilsThread-0] INFO  pipeline.BackgroundPipelineCreator (BackgroundPipelineCreator.java:createPipelines(236)) - Created new pipeline Pipeline[ Id: e21e1ef1-1d92-46a4-a4fa-3c5dd59cbc2a, Nodes: 0f26992e-6b31-4649-88a0-952aab043ba5(fv-az292-536.tqgtyn10aqxuxoi0mkfbldi5vh.jx.internal.cloudapp.net/10.1.0.19)349d905f-d502-4286-9c03-ebe0308a99ac(fv-az292-536.tqgtyn10aqxuxoi0mkfbldi5vh.jx.internal.cloudapp.net/10.1.0.19)eb78666f-144a-4911-8bcc-69658dd2d46c(fv-az292-536.tqgtyn10aqxuxoi0mkfbldi5vh.jx.internal.cloudapp.net/10.1.0.19), ReplicationConfig: RATIS/THREE, State:ALLOCATED, leaderId:, CreationTimestamp2023-11-03T16:43:19.470Z[Etc/UTC]]
2023-11-03 16:43:19,475 [RatisPipelineUtilsThread-0] INFO  pipeline.RatisPipelineProvider (RatisPipelineProvider.java:lambda$create$0(206)) - Sending CreatePipelineCommand for pipeline:PipelineID=3aefa9d0-9cb2-4c59-875a-a0a34ee47e4a to datanode:349d905f-d502-4286-9c03-ebe0308a99ac
2023-11-03 16:43:19,475 [RatisPipelineUtilsThread-0] INFO  pipeline.RatisPipelineProvider (RatisPipelineProvider.java:lambda$create$0(206)) - Sending CreatePipelineCommand for pipeline:PipelineID=3aefa9d0-9cb2-4c59-875a-a0a34ee47e4a to datanode:eb78666f-144a-4911-8bcc-69658dd2d46c
2023-11-03 16:43:19,475 [RatisPipelineUtilsThread-0] INFO  pipeline.RatisPipelineProvider (RatisPipelineProvider.java:lambda$create$0(206)) - Sending CreatePipelineCommand for pipeline:PipelineID=3aefa9d0-9cb2-4c59-875a-a0a34ee47e4a to datanode:0f26992e-6b31-4649-88a0-952aab043ba5
2023-11-03 16:43:19,476 [RatisPipelineUtilsThread-0] INFO  pipeline.PipelineManagerImpl (PipelineManagerImpl.java:recordMetricsForPipeline(895)) - Pipeline: PipelineID=3aefa9d0-9cb2-4c59-875a-a0a34ee47e4a contains same datanodes as previous pipelines: PipelineID=e21e1ef1-1d92-46a4-a4fa-3c5dd59cbc2a nodeIds: 349d905f-d502-4286-9c03-ebe0308a99ac, eb78666f-144a-4911-8bcc-69658dd2d46c, 0f26992e-6b31-4649-88a0-952aab043ba5
2023-11-03 16:43:19,476 [RatisPipelineUtilsThread-0] INFO  pipeline.BackgroundPipelineCreator (BackgroundPipelineCreator.java:createPipelines(236)) - Created new pipeline Pipeline[ Id: 3aefa9d0-9cb2-4c59-875a-a0a34ee47e4a, Nodes: 349d905f-d502-4286-9c03-ebe0308a99ac(fv-az292-536.tqgtyn10aqxuxoi0mkfbldi5vh.jx.internal.cloudapp.net/10.1.0.19)eb78666f-144a-4911-8bcc-69658dd2d46c(fv-az292-536.tqgtyn10aqxuxoi0mkfbldi5vh.jx.internal.cloudapp.net/10.1.0.19)0f26992e-6b31-4649-88a0-952aab043ba5(fv-az292-536.tqgtyn10aqxuxoi0mkfbldi5vh.jx.internal.cloudapp.net/10.1.0.19), ReplicationConfig: RATIS/THREE, State:ALLOCATED, leaderId:, CreationTimestamp2023-11-03T16:43:19.475Z[Etc/UTC]]
2023-11-03 16:43:19,650 [IPC Server handler 0 on default port 15055] INFO  net.NetworkTopologyImpl (NetworkTopologyImpl.java:add(112)) - Added a new node: /default-rack/dd2982df-a250-4a7e-97ea-3bf70e3641e6
2023-11-03 16:43:19,651 [IPC Server handler 0 on default port 15055] INFO  node.SCMNodeManager (SCMNodeManager.java:register(405)) - Registered Data node : dd2982df-a250-4a7e-97ea-3bf70e3641e6{ip: 10.1.0.19, host: fv-az292-536.tqgtyn10aqxuxoi0mkfbldi5vh.jx.internal.cloudapp.net, ports: [HTTP=15089, CLIENT_RPC=15090, REPLICATION=15096, RATIS=15092, RATIS_ADMIN=15093, RATIS_SERVER=15094, RATIS_DATASTREAM=15095, STANDALONE=15091], networkLocation: /default-rack, certSerialId: null, persistedOpState: null, persistedOpStateExpiryEpochSec: 0}
2023-11-03 16:43:19,651 [EventQueue-NewNodeForNewNodeHandler] INFO  pipeline.BackgroundPipelineCreator (BackgroundPipelineCreator.java:notifyEventTriggered(280)) - trigger a one-shot run on RatisPipelineUtilsThread.
2023-11-03 16:43:19,653 [RatisPipelineUtilsThread-0] INFO  pipeline.RatisPipelineProvider (RatisPipelineProvider.java:lambda$create$0(206)) - Sending CreatePipelineCommand for pipeline:PipelineID=e6f9569e-cc86-4677-83fb-d0d852086352 to datanode:dd2982df-a250-4a7e-97ea-3bf70e3641e6
2023-11-03 16:43:19,654 [RatisPipelineUtilsThread-0] INFO  pipeline.BackgroundPipelineCreator (BackgroundPipelineCreator.java:createPipelines(236)) - Created new pipeline Pipeline[ Id: e6f9569e-cc86-4677-83fb-d0d852086352, Nodes: dd2982df-a250-4a7e-97ea-3bf70e3641e6(fv-az292-536.tqgtyn10aqxuxoi0mkfbldi5vh.jx.internal.cloudapp.net/10.1.0.19), ReplicationConfig: RATIS/ONE, State:ALLOCATED, leaderId:, CreationTimestamp2023-11-03T16:43:19.653Z[Etc/UTC]]
2023-11-03 16:43:19,825 [IPC Server handler 1 on default port 15055] INFO  net.NetworkTopologyImpl (NetworkTopologyImpl.java:add(112)) - Added a new node: /default-rack/bfef2556-1a9a-4d4c-8661-c047d39fc87f
2023-11-03 16:43:19,825 [IPC Server handler 1 on default port 15055] INFO  node.SCMNodeManager (SCMNodeManager.java:register(405)) - Registered Data node : bfef2556-1a9a-4d4c-8661-c047d39fc87f{ip: 10.1.0.19, host: fv-az292-536.tqgtyn10aqxuxoi0mkfbldi5vh.jx.internal.cloudapp.net, ports: [HTTP=15098, CLIENT_RPC=15099, REPLICATION=15105, RATIS=15101, RATIS_ADMIN=15102, RATIS_SERVER=15103, RATIS_DATASTREAM=15104, STANDALONE=15100], networkLocation: /default-rack, certSerialId: null, persistedOpState: null, persistedOpStateExpiryEpochSec: 0}
2023-11-03 16:43:19,826 [main] INFO  ozone.MiniOzoneClusterImpl (MiniOzoneClusterImpl.java:lambda$waitForClusterToBeReady$0(229)) - Nodes are ready. Got 5 of 5 DN Heartbeats.
2023-11-03 16:43:19,826 [main] INFO  ozone.MiniOzoneClusterImpl (MiniOzoneClusterImpl.java:lambda$waitForClusterToBeReady$0(232)) - Waiting for cluster to exit safe mode
2023-11-03 16:43:19,826 [main] INFO  ozone.MiniOzoneClusterImpl (MiniOzoneClusterImpl.java:lambda$waitForClusterToBeReady$0(234)) - SCM became leader
2023-11-03 16:43:19,826 [EventQueue-NewNodeForNewNodeHandler] INFO  pipeline.BackgroundPipelineCreator (BackgroundPipelineCreator.java:notifyEventTriggered(280)) - trigger a one-shot run on RatisPipelineUtilsThread.
2023-11-03 16:43:19,828 [RatisPipelineUtilsThread-0] INFO  pipeline.RatisPipelineProvider (RatisPipelineProvider.java:lambda$create$0(206)) - Sending CreatePipelineCommand for pipeline:PipelineID=556e5c89-3a7a-4eed-969c-c0a0a00b9725 to datanode:bfef2556-1a9a-4d4c-8661-c047d39fc87f
2023-11-03 16:43:19,829 [RatisPipelineUtilsThread-0] INFO  pipeline.BackgroundPipelineCreator (BackgroundPipelineCreator.java:createPipelines(236)) - Created new pipeline Pipeline[ Id: 556e5c89-3a7a-4eed-969c-c0a0a00b9725, Nodes: bfef2556-1a9a-4d4c-8661-c047d39fc87f(fv-az292-536.tqgtyn10aqxuxoi0mkfbldi5vh.jx.internal.cloudapp.net/10.1.0.19), ReplicationConfig: RATIS/ONE, State:ALLOCATED, leaderId:, CreationTimestamp2023-11-03T16:43:19.828Z[Etc/UTC]]
2023-11-03 16:43:20,826 [main] INFO  ozone.MiniOzoneClusterImpl (MiniOzoneClusterImpl.java:lambda$waitForClusterToBeReady$0(229)) - Nodes are ready. Got 5 of 5 DN Heartbeats.
2023-11-03 16:43:20,827 [main] INFO  ozone.MiniOzoneClusterImpl (MiniOzoneClusterImpl.java:lambda$waitForClusterToBeReady$0(232)) - Waiting for cluster to exit safe mode
2023-11-03 16:43:20,827 [main] INFO  ozone.MiniOzoneClusterImpl (MiniOzoneClusterImpl.java:lambda$waitForClusterToBeReady$0(234)) - SCM became leader
2023-11-03 16:43:21,827 [main] INFO  ozone.MiniOzoneClusterImpl (MiniOzoneClusterImpl.java:lambda$waitForClusterToBeReady$0(229)) - Nodes are ready. Got 5 of 5 DN Heartbeats.
2023-11-03 16:43:21,827 [main] INFO  ozone.MiniOzoneClusterImpl (MiniOzoneClusterImpl.java:lambda$waitForClusterToBeReady$0(232)) - Waiting for cluster to exit safe mode
2023-11-03 16:43:21,827 [main] INFO  ozone.MiniOzoneClusterImpl (MiniOzoneClusterImpl.java:lambda$waitForClusterToBeReady$0(234)) - SCM became leader
2023-11-03 16:43:22,028 [0f26992e-6b31-4649-88a0-952aab043ba5-PipelineCommandHandlerThread-0] INFO  server.RaftServer (RaftServerProxy.java:addNew(98)) - 0f26992e-6b31-4649-88a0-952aab043ba5: addNew group-A7883331EE2C:[0f26992e-6b31-4649-88a0-952aab043ba5|rpc:10.1.0.19:15067|admin:10.1.0.19:15066|client:10.1.0.19:15065|dataStream:10.1.0.19:15068|priority:1|startupRole:FOLLOWER] returns group-A7883331EE2C:java.util.concurrent.CompletableFuture@3a83938d[Not completed]
2023-11-03 16:43:22,030 [0f26992e-6b31-4649-88a0-952aab043ba5-groupManagement] INFO  server.RaftServer$Division (RaftServerImpl.java:<init>(198)) - 0f26992e-6b31-4649-88a0-952aab043ba5: new RaftServerImpl for group-A7883331EE2C:[0f26992e-6b31-4649-88a0-952aab043ba5|rpc:10.1.0.19:15067|admin:10.1.0.19:15066|client:10.1.0.19:15065|dataStream:10.1.0.19:15068|priority:1|startupRole:FOLLOWER] with ContainerStateMachine:uninitialized
2023-11-03 16:43:22,031 [0f26992e-6b31-4649-88a0-952aab043ba5-groupManagement] INFO  server.RaftServerConfigKeys (ConfUtils.java:logGet(46)) - raft.server.rpc.timeout.min = 5s (custom)
2023-11-03 16:43:22,031 [0f26992e-6b31-4649-88a0-952aab043ba5-groupManagement] INFO  server.RaftServerConfigKeys (ConfUtils.java:logGet(46)) - raft.server.rpc.timeout.max = 5200ms (custom)
2023-11-03 16:43:22,031 [0f26992e-6b31-4649-88a0-952aab043ba5-groupManagement] INFO  server.RaftServerConfigKeys (ConfUtils.java:logGet(46)) - raft.server.rpc.sleep.time = 25ms (default)
2023-11-03 16:43:22,031 [0f26992e-6b31-4649-88a0-952aab043ba5-groupManagement] INFO  server.RaftServerConfigKeys (ConfUtils.java:logGet(46)) - raft.server.rpc.slowness.timeout = 300s (custom)
2023-11-03 16:43:22,031 [0f26992e-6b31-4649-88a0-952aab043ba5-groupManagement] INFO  server.RaftServerConfigKeys (ConfUtils.java:logGet(46)) - raft.server.leaderelection.leader.step-down.wait-time = 10s (default)
2023-11-03 16:43:22,031 [0f26992e-6b31-4649-88a0-952aab043ba5-groupManagement] INFO  server.RaftServerConfigKeys (ConfUtils.java:logGet(46)) - raft.server.sleep.deviation.threshold = 300ms (default)
2023-11-03 16:43:22,031 [0f26992e-6b31-4649-88a0-952aab043ba5-groupManagement] INFO  server.RaftServer$Division (ServerState.java:<init>(120)) - 0f26992e-6b31-4649-88a0-952aab043ba5@group-A7883331EE2C: ConfigurationManager, init=-1: peers:[0f26992e-6b31-4649-88a0-952aab043ba5|rpc:10.1.0.19:15067|admin:10.1.0.19:15066|client:10.1.0.19:15065|dataStream:10.1.0.19:15068|priority:1|startupRole:FOLLOWER]|listeners:[], old=null, confs=<EMPTY_MAP>
2023-11-03 16:43:22,031 [0f26992e-6b31-4649-88a0-952aab043ba5-groupManagement] INFO  server.RaftServerConfigKeys (ConfUtils.java:logGet(46)) - raft.server.storage.dir = [/home/runner/work/ozone/ozone/hadoop-ozone/integration-test/target/test-dir/MiniOzoneClusterImpl-70a21a17-ad3a-436a-8bc3-9a5217c2e4a5/datanode-0/data/ratis] (custom)
2023-11-03 16:43:22,031 [0f26992e-6b31-4649-88a0-952aab043ba5-groupManagement] INFO  server.RaftServerConfigKeys (ConfUtils.java:logGet(46)) - raft.server.log.corruption.policy = EXCEPTION (default)
2023-11-03 16:43:22,032 [0f26992e-6b31-4649-88a0-952aab043ba5-groupManagement] INFO  server.RaftServerConfigKeys (ConfUtils.java:logGet(46)) - raft.server.storage.free-space.min = 0MB (=0) (default)
2023-11-03 16:43:22,032 [0f26992e-6b31-4649-88a0-952aab043ba5-groupManagement] INFO  server.RaftServerConfigKeys (ConfUtils.java:logGet(46)) - raft.server.notification.no-leader.timeout = 300s (custom)
2023-11-03 16:43:22,032 [0f26992e-6b31-4649-88a0-952aab043ba5-groupManagement] INFO  server.RaftServerConfigKeys (ConfUtils.java:logGet(46)) - raft.server.read.timeout = 10s (default)
2023-11-03 16:43:22,032 [0f26992e-6b31-4649-88a0-952aab043ba5-groupManagement] INFO  server.RaftServerConfigKeys (ConfUtils.java:logGet(46)) - raft.server.retrycache.expirytime = 600000ms (custom)
2023-11-03 16:43:22,032 [0f26992e-6b31-4649-88a0-952aab043ba5-groupManagement] INFO  server.RaftServerConfigKeys (ConfUtils.java:logGet(46)) - raft.server.retrycache.statistics.expirytime = 100μs (default)
2023-11-03 16:43:22,032 [0f26992e-6b31-4649-88a0-952aab043ba5-groupManagement] INFO  server.RaftServerConfigKeys (ConfUtils.java:logGet(46)) - raft.server.read.option = DEFAULT (default)
2023-11-03 16:43:22,033 [0f26992e-6b31-4649-88a0-952aab043ba5-groupManagement] INFO  server.RaftServerConfigKeys (ConfUtils.java:logGet(46)) - raft.server.rpc.request.timeout = 60s (custom)
2023-11-03 16:43:22,033 [0f26992e-6b31-4649-88a0-952aab043ba5-groupManagement] INFO  server.RaftServerConfigKeys (ConfUtils.java:logGet(46)) - raft.server.log.appender.install.snapshot.enabled = false (custom)
2023-11-03 16:43:22,034 [0f26992e-6b31-4649-88a0-952aab043ba5-groupManagement] INFO  server.RaftServerConfigKeys (ConfUtils.java:logGet(46)) - raft.server.threadpool.server.cached = true (default)
2023-11-03 16:43:22,034 [0f26992e-6b31-4649-88a0-952aab043ba5-groupManagement] INFO  server.RaftServerConfigKeys (ConfUtils.java:logGet(46)) - raft.server.threadpool.server.size = 0 (default)
2023-11-03 16:43:22,034 [0f26992e-6b31-4649-88a0-952aab043ba5-groupManagement] INFO  server.RaftServerConfigKeys (ConfUtils.java:logGet(46)) - raft.server.threadpool.client.cached = true (default)
2023-11-03 16:43:22,034 [0f26992e-6b31-4649-88a0-952aab043ba5-groupManagement] INFO  server.RaftServerConfigKeys (ConfUtils.java:logGet(46)) - raft.server.threadpool.client.size = 0 (default)
2023-11-03 16:43:22,034 [0f26992e-6b31-4649-88a0-952aab043ba5-groupManagement] INFO  storage.RaftStorageDirectory (RaftStorageDirectoryImpl.java:analyzeStorage(137)) - The storage directory /home/runner/work/ozone/ozone/hadoop-ozone/integration-test/target/test-dir/MiniOzoneClusterImpl-70a21a17-ad3a-436a-8bc3-9a5217c2e4a5/datanode-0/data/ratis/a5a7e9e0-58a5-4cff-b6cd-a7883331ee2c does not exist. Creating ...
2023-11-03 16:43:22,035 [0f26992e-6b31-4649-88a0-952aab043ba5-groupManagement] INFO  storage.RaftStorageDirectory (RaftStorageDirectoryImpl.java:tryLock(231)) - Lock on /home/runner/work/ozone/ozone/hadoop-ozone/integration-test/target/test-dir/MiniOzoneClusterImpl-70a21a17-ad3a-436a-8bc3-9a5217c2e4a5/datanode-0/data/ratis/a5a7e9e0-58a5-4cff-b6cd-a7883331ee2c/in_use.lock acquired by nodename 31069@fv-az292-536
2023-11-03 16:43:22,037 [0f26992e-6b31-4649-88a0-952aab043ba5-groupManagement] INFO  storage.RaftStorage (RaftStorageImpl.java:format(96)) - Storage directory /home/runner/work/ozone/ozone/hadoop-ozone/integration-test/target/test-dir/MiniOzoneClusterImpl-70a21a17-ad3a-436a-8bc3-9a5217c2e4a5/datanode-0/data/ratis/a5a7e9e0-58a5-4cff-b6cd-a7883331ee2c has been successfully formatted.
2023-11-03 16:43:22,040 [EventQueue-PipelineReportForPipelineReportHandler] INFO  pipeline.PipelineReportHandler (PipelineReportHandler.java:processPipelineReport(136)) - Opened pipeline PipelineID=a5a7e9e0-58a5-4cff-b6cd-a7883331ee2c
2023-11-03 16:43:22,042 [0f26992e-6b31-4649-88a0-952aab043ba5-groupManagement] INFO  ratis.ContainerStateMachine (ContainerStateMachine.java:loadSnapshot(269)) - group-A7883331EE2C: The snapshot info is null. Setting the last applied indexto:(t:0, i:~)
2023-11-03 16:43:22,042 [0f26992e-6b31-4649-88a0-952aab043ba5-groupManagement] INFO  server.RaftServerConfigKeys (ConfUtils.java:logGet(46)) - raft.server.log.use.memory = false (default)
2023-11-03 16:43:22,042 [0f26992e-6b31-4649-88a0-952aab043ba5-groupManagement] INFO  server.RaftServerConfigKeys (ConfUtils.java:logGet(46)) - raft.server.log.purge.gap = 1000000 (custom)
2023-11-03 16:43:22,042 [0f26992e-6b31-4649-88a0-952aab043ba5-groupManagement] INFO  server.RaftServerConfigKeys (ConfUtils.java:logGet(46)) - raft.server.log.appender.buffer.byte-limit = 33554432 (custom)
2023-11-03 16:43:22,042 [0f26992e-6b31-4649-88a0-952aab043ba5-groupManagement] INFO  server.RaftServerConfigKeys (ConfUtils.java:logGet(46)) - raft.server.log.statemachine.data.read.timeout = 1000ms (default)
2023-11-03 16:43:22,042 [0f26992e-6b31-4649-88a0-952aab043ba5-groupManagement] INFO  server.RaftServerConfigKeys (ConfUtils.java:logGet(46)) - raft.server.log.purge.preservation.log.num = 0 (default)
2023-11-03 16:43:22,042 [0f26992e-6b31-4649-88a0-952aab043ba5-groupManagement] INFO  server.RaftServerConfigKeys (ConfUtils.java:logGet(46)) - raft.server.log.segment.size.max = 1048576 (custom)
2023-11-03 16:43:22,043 [0f26992e-6b31-4649-88a0-952aab043ba5-groupManagement] INFO  server.RaftServerConfigKeys (ConfUtils.java:logGet(46)) - raft.server.log.segment.cache.num.max = 2 (custom)
2023-11-03 16:43:22,043 [0f26992e-6b31-4649-88a0-952aab043ba5-groupManagement] INFO  server.RaftServerConfigKeys (ConfUtils.java:logGet(46)) - raft.server.log.segment.cache.size.max = 200MB (=209715200) (default)
2023-11-03 16:43:22,043 [0f26992e-6b31-4649-88a0-952aab043ba5-groupManagement] INFO  server.RaftServerConfigKeys (ConfUtils.java:logGet(46)) - raft.server.log.appender.buffer.byte-limit = 33554432 (custom)
2023-11-03 16:43:22,043 [0f26992e-6b31-4649-88a0-952aab043ba5-groupManagement] INFO  segmented.SegmentedRaftLogWorker (SegmentedRaftLogWorker.java:<init>(188)) - new 0f26992e-6b31-4649-88a0-952aab043ba5@group-A7883331EE2C-SegmentedRaftLogWorker for RaftStorageImpl:Storage Directory /home/runner/work/ozone/ozone/hadoop-ozone/integration-test/target/test-dir/MiniOzoneClusterImpl-70a21a17-ad3a-436a-8bc3-9a5217c2e4a5/datanode-0/data/ratis/a5a7e9e0-58a5-4cff-b6cd-a7883331ee2c
2023-11-03 16:43:22,043 [0f26992e-6b31-4649-88a0-952aab043ba5-groupManagement] INFO  server.RaftServerConfigKeys (ConfUtils.java:logGet(46)) - raft.server.log.queue.byte-limit = 4294967296 (custom)
2023-11-03 16:43:22,043 [0f26992e-6b31-4649-88a0-952aab043ba5-groupManagement] INFO  server.RaftServerConfigKeys (ConfUtils.java:logGet(46)) - raft.server.log.queue.element-limit = 1024 (custom)
2023-11-03 16:43:22,043 [0f26992e-6b31-4649-88a0-952aab043ba5-groupManagement] INFO  server.RaftServerConfigKeys (ConfUtils.java:logGet(46)) - raft.server.log.segment.size.max = 1048576 (custom)
2023-11-03 16:43:22,043 [0f26992e-6b31-4649-88a0-952aab043ba5-groupManagement] INFO  server.RaftServerConfigKeys (ConfUtils.java:logGet(46)) - raft.server.log.preallocated.size = 16384 (custom)
2023-11-03 16:43:22,043 [0f26992e-6b31-4649-88a0-952aab043ba5-groupManagement] INFO  server.RaftServerConfigKeys (ConfUtils.java:logGet(46)) - raft.server.log.force.sync.num = 128 (default)
2023-11-03 16:43:22,044 [0f26992e-6b31-4649-88a0-952aab043ba5-groupManagement] INFO  server.RaftServerConfigKeys (ConfUtils.java:logGet(46)) - raft.server.log.statemachine.data.sync = true (default)
2023-11-03 16:43:22,044 [0f26992e-6b31-4649-88a0-952aab043ba5-groupManagement] INFO  server.RaftServerConfigKeys (ConfUtils.java:logGet(46)) - raft.server.log.statemachine.data.sync.timeout = 10s (default)
2023-11-03 16:43:22,044 [0f26992e-6b31-4649-88a0-952aab043ba5-groupManagement] INFO  server.RaftServerConfigKeys (ConfUtils.java:logGet(46)) - raft.server.log.statemachine.data.sync.timeout.retry = -1 (default)
2023-11-03 16:43:22,045 [0f26992e-6b31-4649-88a0-952aab043ba5-groupManagement] INFO  server.RaftServerConfigKeys (ConfUtils.java:logGet(46)) - raft.server.log.write.buffer.size = 1048576 (custom)
2023-11-03 16:43:22,046 [0f26992e-6b31-4649-88a0-952aab043ba5-groupManagement] INFO  server.RaftServerConfigKeys (ConfUtils.java:logGet(46)) - raft.server.log.appender.buffer.byte-limit = 33554432 (custom)
2023-11-03 16:43:22,053 [EventQueue-OpenPipelineForHealthyPipelineSafeModeRule] INFO  safemode.SCMSafeModeManager (HealthyPipelineSafeModeRule.java:process(137)) - SCM in safe mode. Healthy pipelines reported count is 0, required healthy pipeline reported count is 1
2023-11-03 16:43:22,053 [0f26992e-6b31-4649-88a0-952aab043ba5-groupManagement] INFO  server.RaftServerConfigKeys (ConfUtils.java:logGet(46)) - raft.server.log.unsafe-flush.enabled = false (default)
2023-11-03 16:43:22,053 [0f26992e-6b31-4649-88a0-952aab043ba5-groupManagement] INFO  server.RaftServerConfigKeys (ConfUtils.java:logGet(46)) - raft.server.log.async-flush.enabled = false (default)
2023-11-03 16:43:22,053 [0f26992e-6b31-4649-88a0-952aab043ba5-groupManagement] INFO  server.RaftServerConfigKeys (ConfUtils.java:logGet(46)) - raft.server.log.statemachine.data.caching.enabled = true (custom)
2023-11-03 16:43:22,054 [0f26992e-6b31-4649-88a0-952aab043ba5-groupManagement] INFO  segmented.SegmentedRaftLogWorker (SegmentedRaftLogWorker.java:lambda$new$0(135)) - 0f26992e-6b31-4649-88a0-952aab043ba5@group-A7883331EE2C-SegmentedRaftLogWorker: flushIndex: setUnconditionally 0 -> -1
2023-11-03 16:43:22,054 [0f26992e-6b31-4649-88a0-952aab043ba5-groupManagement] INFO  segmented.SegmentedRaftLogWorker (SegmentedRaftLogWorker.java:lambda$new$0(135)) - 0f26992e-6b31-4649-88a0-952aab043ba5@group-A7883331EE2C-SegmentedRaftLogWorker: safeCacheEvictIndex: setUnconditionally 0 -> -1
2023-11-03 16:43:22,054 [0f26992e-6b31-4649-88a0-952aab043ba5-groupManagement] INFO  server.RaftServer$Division (RaftServerImpl.java:start(342)) - 0f26992e-6b31-4649-88a0-952aab043ba5@group-A7883331EE2C: start as a follower, conf=-1: peers:[0f26992e-6b31-4649-88a0-952aab043ba5|rpc:10.1.0.19:15067|admin:10.1.0.19:15066|client:10.1.0.19:15065|dataStream:10.1.0.19:15068|priority:1|startupRole:FOLLOWER]|listeners:[], old=null
2023-11-03 16:43:22,054 [0f26992e-6b31-4649-88a0-952aab043ba5-groupManagement] INFO  server.RaftServer$Division (RaftServerImpl.java:setRole(329)) - 0f26992e-6b31-4649-88a0-952aab043ba5@group-A7883331EE2C: changes role from      null to FOLLOWER at term 0 for startAsFollower
2023-11-03 16:43:22,054 [0f26992e-6b31-4649-88a0-952aab043ba5-groupManagement] INFO  impl.RoleInfo (RoleInfo.java:updateAndGet(139)) - 0f26992e-6b31-4649-88a0-952aab043ba5: start 0f26992e-6b31-4649-88a0-952aab043ba5@group-A7883331EE2C-FollowerState
2023-11-03 16:43:22,055 [0f26992e-6b31-4649-88a0-952aab043ba5@group-A7883331EE2C-FollowerState] INFO  server.RaftServerConfigKeys (ConfUtils.java:logFallback(53)) - raft.server.rpc.first-election.timeout.min = 5s (fallback to raft.server.rpc.timeout.min)
2023-11-03 16:43:22,055 [0f26992e-6b31-4649-88a0-952aab043ba5-groupManagement] INFO  util.JmxRegister (JmxRegister.java:tryRegister(44)) - Successfully registered JMX Bean with object name Ratis:service=RaftServer,group=group-A7883331EE2C,id=0f26992e-6b31-4649-88a0-952aab043ba5
2023-11-03 16:43:22,055 [0f26992e-6b31-4649-88a0-952aab043ba5-groupManagement] INFO  server.RaftServerConfigKeys (ConfUtils.java:logGet(46)) - raft.server.snapshot.auto.trigger.enabled = true (custom)
2023-11-03 16:43:22,055 [0f26992e-6b31-4649-88a0-952aab043ba5-groupManagement] INFO  server.RaftServerConfigKeys (ConfUtils.java:logGet(46)) - raft.server.snapshot.auto.trigger.threshold = 10000 (custom)
2023-11-03 16:43:22,056 [0f26992e-6b31-4649-88a0-952aab043ba5-groupManagement] INFO  server.RaftServerConfigKeys (ConfUtils.java:logGet(46)) - raft.server.snapshot.retention.file.num = 5 (custom)
2023-11-03 16:43:22,056 [0f26992e-6b31-4649-88a0-952aab043ba5-groupManagement] INFO  server.RaftServerConfigKeys (ConfUtils.java:logGet(46)) - raft.server.log.purge.upto.snapshot.index = false (default)
2023-11-03 16:43:22,056 [0f26992e-6b31-4649-88a0-952aab043ba5@group-A7883331EE2C-FollowerState] INFO  server.RaftServerConfigKeys (ConfUtils.java:logFallback(53)) - raft.server.rpc.first-election.timeout.max = 5200ms (fallback to raft.server.rpc.timeout.max)
2023-11-03 16:43:22,056 [0f26992e-6b31-4649-88a0-952aab043ba5-PipelineCommandHandlerThread-0] INFO  ratis.XceiverServerRatis (XceiverServerRatis.java:addGroup(805)) - Created group PipelineID=a5a7e9e0-58a5-4cff-b6cd-a7883331ee2c
2023-11-03 16:43:22,056 [0f26992e-6b31-4649-88a0-952aab043ba5-PipelineCommandHandlerThread-0] INFO  commandhandler.CreatePipelineCommandHandler (CreatePipelineCommandHandler.java:lambda$handle$2(124)) - Created Pipeline RATIS ONE PipelineID=a5a7e9e0-58a5-4cff-b6cd-a7883331ee2c.
2023-11-03 16:43:22,057 [0f26992e-6b31-4649-88a0-952aab043ba5-PipelineCommandHandlerThread-0] INFO  server.RaftServer (RaftServerProxy.java:addNew(98)) - 0f26992e-6b31-4649-88a0-952aab043ba5: addNew group-3C5DD59CBC2A:[349d905f-d502-4286-9c03-ebe0308a99ac|rpc:10.1.0.19:15085|admin:10.1.0.19:15084|client:10.1.0.19:15083|dataStream:10.1.0.19:15086|priority:1|startupRole:FOLLOWER, 0f26992e-6b31-4649-88a0-952aab043ba5|rpc:10.1.0.19:15067|admin:10.1.0.19:15066|client:10.1.0.19:15065|dataStream:10.1.0.19:15068|priority:0|startupRole:FOLLOWER, eb78666f-144a-4911-8bcc-69658dd2d46c|rpc:10.1.0.19:15076|admin:10.1.0.19:15075|client:10.1.0.19:15074|dataStream:10.1.0.19:15077|priority:0|startupRole:FOLLOWER] returns group-3C5DD59CBC2A:java.util.concurrent.CompletableFuture@3ebc1005[Not completed]
2023-11-03 16:43:22,058 [0f26992e-6b31-4649-88a0-952aab043ba5-groupManagement] INFO  server.RaftServer$Division (RaftServerImpl.java:<init>(198)) - 0f26992e-6b31-4649-88a0-952aab043ba5: new RaftServerImpl for group-3C5DD59CBC2A:[349d905f-d502-4286-9c03-ebe0308a99ac|rpc:10.1.0.19:15085|admin:10.1.0.19:15084|client:10.1.0.19:15083|dataStream:10.1.0.19:15086|priority:1|startupRole:FOLLOWER, 0f26992e-6b31-4649-88a0-952aab043ba5|rpc:10.1.0.19:15067|admin:10.1.0.19:15066|client:10.1.0.19:15065|dataStream:10.1.0.19:15068|priority:0|startupRole:FOLLOWER, eb78666f-144a-4911-8bcc-69658dd2d46c|rpc:10.1.0.19:15076|admin:10.1.0.19:15075|client:10.1.0.19:15074|dataStream:10.1.0.19:15077|priority:0|startupRole:FOLLOWER] with ContainerStateMachine:uninitialized
2023-11-03 16:43:22,062 [0f26992e-6b31-4649-88a0-952aab043ba5-groupManagement] INFO  server.RaftServerConfigKeys (ConfUtils.java:logGet(46)) - raft.server.rpc.timeout.min = 5s (custom)
2023-11-03 16:43:22,062 [0f26992e-6b31-4649-88a0-952aab043ba5-groupManagement] INFO  server.RaftServerConfigKeys (ConfUtils.java:logGet(46)) - raft.server.rpc.timeout.max = 5200ms (custom)
2023-11-03 16:43:22,062 [0f26992e-6b31-4649-88a0-952aab043ba5-groupManagement] INFO  server.RaftServerConfigKeys (ConfUtils.java:logGet(46)) - raft.server.rpc.sleep.time = 25ms (default)
2023-11-03 16:43:22,062 [0f26992e-6b31-4649-88a0-952aab043ba5-groupManagement] INFO  server.RaftServerConfigKeys (ConfUtils.java:logGet(46)) - raft.server.rpc.slowness.timeout = 300s (custom)
2023-11-03 16:43:22,062 [0f26992e-6b31-4649-88a0-952aab043ba5-groupManagement] INFO  server.RaftServerConfigKeys (ConfUtils.java:logGet(46)) - raft.server.leaderelection.leader.step-down.wait-time = 10s (default)
2023-11-03 16:43:22,062 [0f26992e-6b31-4649-88a0-952aab043ba5-groupManagement] INFO  server.RaftServerConfigKeys (ConfUtils.java:logGet(46)) - raft.server.sleep.deviation.threshold = 300ms (default)
2023-11-03 16:43:22,062 [0f26992e-6b31-4649-88a0-952aab043ba5-groupManagement] INFO  server.RaftServer$Division (ServerState.java:<init>(120)) - 0f26992e-6b31-4649-88a0-952aab043ba5@group-3C5DD59CBC2A: ConfigurationManager, init=-1: peers:[349d905f-d502-4286-9c03-ebe0308a99ac|rpc:10.1.0.19:15085|admin:10.1.0.19:15084|client:10.1.0.19:15083|dataStream:10.1.0.19:15086|priority:1|startupRole:FOLLOWER, 0f26992e-6b31-4649-88a0-952aab043ba5|rpc:10.1.0.19:15067|admin:10.1.0.19:15066|client:10.1.0.19:15065|dataStream:10.1.0.19:15068|priority:0|startupRole:FOLLOWER, eb78666f-144a-4911-8bcc-69658dd2d46c|rpc:10.1.0.19:15076|admin:10.1.0.19:15075|client:10.1.0.19:15074|dataStream:10.1.0.19:15077|priority:0|startupRole:FOLLOWER]|listeners:[], old=null, confs=<EMPTY_MAP>
2023-11-03 16:43:22,062 [0f26992e-6b31-4649-88a0-952aab043ba5-groupManagement] INFO  server.RaftServerConfigKeys (ConfUtils.java:logGet(46)) - raft.server.storage.dir = [/home/runner/work/ozone/ozone/hadoop-ozone/integration-test/target/test-dir/MiniOzoneClusterImpl-70a21a17-ad3a-436a-8bc3-9a5217c2e4a5/datanode-0/data/ratis] (custom)
2023-11-03 16:43:22,063 [0f26992e-6b31-4649-88a0-952aab043ba5-groupManagement] INFO  server.RaftServerConfigKeys (ConfUtils.java:logGet(46)) - raft.server.log.corruption.policy = EXCEPTION (default)
2023-11-03 16:43:22,063 [0f26992e-6b31-4649-88a0-952aab043ba5-groupManagement] INFO  server.RaftServerConfigKeys (ConfUtils.java:logGet(46)) - raft.server.storage.free-space.min = 0MB (=0) (default)
2023-11-03 16:43:22,063 [0f26992e-6b31-4649-88a0-952aab043ba5-groupManagement] INFO  server.RaftServerConfigKeys (ConfUtils.java:logGet(46)) - raft.server.notification.no-leader.timeout = 300s (custom)
2023-11-03 16:43:22,063 [0f26992e-6b31-4649-88a0-952aab043ba5-groupManagement] INFO  server.RaftServerConfigKeys (ConfUtils.java:logGet(46)) - raft.server.read.timeout = 10s (default)
2023-11-03 16:43:22,063 [0f26992e-6b31-4649-88a0-952aab043ba5-groupManagement] INFO  server.RaftServerConfigKeys (ConfUtils.java:logGet(46)) - raft.server.retrycache.expirytime = 600000ms (custom)
2023-11-03 16:43:22,063 [0f26992e-6b31-4649-88a0-952aab043ba5-groupManagement] INFO  server.RaftServerConfigKeys (ConfUtils.java:logGet(46)) - raft.server.retrycache.statistics.expirytime = 100μs (default)
2023-11-03 16:43:22,063 [0f26992e-6b31-4649-88a0-952aab043ba5-groupManagement] INFO  server.RaftServerConfigKeys (ConfUtils.java:logGet(46)) - raft.server.read.option = DEFAULT (default)
2023-11-03 16:43:22,064 [0f26992e-6b31-4649-88a0-952aab043ba5-groupManagement] INFO  server.RaftServerConfigKeys (ConfUtils.java:logGet(46)) - raft.server.rpc.request.timeout = 60s (custom)
2023-11-03 16:43:22,064 [0f26992e-6b31-4649-88a0-952aab043ba5-groupManagement] INFO  server.RaftServerConfigKeys (ConfUtils.java:logGet(46)) - raft.server.log.appender.install.snapshot.enabled = false (custom)
2023-11-03 16:43:22,064 [0f26992e-6b31-4649-88a0-952aab043ba5-groupManagement] INFO  server.RaftServerConfigKeys (ConfUtils.java:logGet(46)) - raft.server.threadpool.server.cached = true (default)
2023-11-03 16:43:22,064 [0f26992e-6b31-4649-88a0-952aab043ba5-groupManagement] INFO  server.RaftServerConfigKeys (ConfUtils.java:logGet(46)) - raft.server.threadpool.server.size = 0 (default)
2023-11-03 16:43:22,064 [0f26992e-6b31-4649-88a0-952aab043ba5-groupManagement] INFO  server.RaftServerConfigKeys (ConfUtils.java:logGet(46)) - raft.server.threadpool.client.cached = true (default)
2023-11-03 16:43:22,064 [0f26992e-6b31-4649-88a0-952aab043ba5-groupManagement] INFO  server.RaftServerConfigKeys (ConfUtils.java:logGet(46)) - raft.server.threadpool.client.size = 0 (default)
2023-11-03 16:43:22,065 [0f26992e-6b31-4649-88a0-952aab043ba5-groupManagement] INFO  storage.RaftStorageDirectory (RaftStorageDirectoryImpl.java:analyzeStorage(137)) - The storage directory /home/runner/work/ozone/ozone/hadoop-ozone/integration-test/target/test-dir/MiniOzoneClusterImpl-70a21a17-ad3a-436a-8bc3-9a5217c2e4a5/datanode-0/data/ratis/e21e1ef1-1d92-46a4-a4fa-3c5dd59cbc2a does not exist. Creating ...
2023-11-03 16:43:22,066 [0f26992e-6b31-4649-88a0-952aab043ba5-groupManagement] INFO  storage.RaftStorageDirectory (RaftStorageDirectoryImpl.java:tryLock(231)) - Lock on /home/runner/work/ozone/ozone/hadoop-ozone/integration-test/target/test-dir/MiniOzoneClusterImpl-70a21a17-ad3a-436a-8bc3-9a5217c2e4a5/datanode-0/data/ratis/e21e1ef1-1d92-46a4-a4fa-3c5dd59cbc2a/in_use.lock acquired by nodename 31069@fv-az292-536
2023-11-03 16:43:22,067 [0f26992e-6b31-4649-88a0-952aab043ba5-groupManagement] INFO  storage.RaftStorage (RaftStorageImpl.java:format(96)) - Storage directory /home/runner/work/ozone/ozone/hadoop-ozone/integration-test/target/test-dir/MiniOzoneClusterImpl-70a21a17-ad3a-436a-8bc3-9a5217c2e4a5/datanode-0/data/ratis/e21e1ef1-1d92-46a4-a4fa-3c5dd59cbc2a has been successfully formatted.
2023-11-03 16:43:22,070 [0f26992e-6b31-4649-88a0-952aab043ba5-groupManagement] INFO  ratis.ContainerStateMachine (ContainerStateMachine.java:loadSnapshot(269)) - group-3C5DD59CBC2A: The snapshot info is null. Setting the last applied indexto:(t:0, i:~)
2023-11-03 16:43:22,070 [0f26992e-6b31-4649-88a0-952aab043ba5-groupManagement] INFO  server.RaftServerConfigKeys (ConfUtils.java:logGet(46)) - raft.server.log.use.memory = false (default)
2023-11-03 16:43:22,070 [0f26992e-6b31-4649-88a0-952aab043ba5-groupManagement] INFO  server.RaftServerConfigKeys (ConfUtils.java:logGet(46)) - raft.server.log.purge.gap = 1000000 (custom)
2023-11-03 16:43:22,070 [0f26992e-6b31-4649-88a0-952aab043ba5-groupManagement] INFO  server.RaftServerConfigKeys (ConfUtils.java:logGet(46)) - raft.server.log.appender.buffer.byte-limit = 33554432 (custom)
2023-11-03 16:43:22,070 [0f26992e-6b31-4649-88a0-952aab043ba5-groupManagement] INFO  server.RaftServerConfigKeys (ConfUtils.java:logGet(46)) - raft.server.log.statemachine.data.read.timeout = 1000ms (default)
2023-11-03 16:43:22,070 [EventQueue-OpenPipelineForHealthyPipelineSafeModeRule] INFO  safemode.SCMSafeModeManager (HealthyPipelineSafeModeRule.java:process(137)) - SCM in safe mode. Healthy pipelines reported count is 0, required healthy pipeline reported count is 1
2023-11-03 16:43:22,071 [0f26992e-6b31-4649-88a0-952aab043ba5-groupManagement] INFO  server.RaftServerConfigKeys (ConfUtils.java:logGet(46)) - raft.server.log.purge.preservation.log.num = 0 (default)
2023-11-03 16:43:22,071 [0f26992e-6b31-4649-88a0-952aab043ba5-groupManagement] INFO  server.RaftServerConfigKeys (ConfUtils.java:logGet(46)) - raft.server.log.segment.size.max = 1048576 (custom)
2023-11-03 16:43:22,071 [0f26992e-6b31-4649-88a0-952aab043ba5-groupManagement] INFO  server.RaftServerConfigKeys (ConfUtils.java:logGet(46)) - raft.server.log.segment.cache.num.max = 2 (custom)
2023-11-03 16:43:22,071 [0f26992e-6b31-4649-88a0-952aab043ba5-groupManagement] INFO  server.RaftServerConfigKeys (ConfUtils.java:logGet(46)) - raft.server.log.segment.cache.size.max = 200MB (=209715200) (default)
2023-11-03 16:43:22,071 [0f26992e-6b31-4649-88a0-952aab043ba5-groupManagement] INFO  server.RaftServerConfigKeys (ConfUtils.java:logGet(46)) - raft.server.log.appender.buffer.byte-limit = 33554432 (custom)
2023-11-03 16:43:22,071 [0f26992e-6b31-4649-88a0-952aab043ba5-groupManagement] INFO  segmented.SegmentedRaftLogWorker (SegmentedRaftLogWorker.java:<init>(188)) - new 0f26992e-6b31-4649-88a0-952aab043ba5@group-3C5DD59CBC2A-SegmentedRaftLogWorker for RaftStorageImpl:Storage Directory /home/runner/work/ozone/ozone/hadoop-ozone/integration-test/target/test-dir/MiniOzoneClusterImpl-70a21a17-ad3a-436a-8bc3-9a5217c2e4a5/datanode-0/data/ratis/e21e1ef1-1d92-46a4-a4fa-3c5dd59cbc2a
2023-11-03 16:43:22,072 [0f26992e-6b31-4649-88a0-952aab043ba5-groupManagement] INFO  server.RaftServerConfigKeys (ConfUtils.java:logGet(46)) - raft.server.log.queue.byte-limit = 4294967296 (custom)
2023-11-03 16:43:22,072 [0f26992e-6b31-4649-88a0-952aab043ba5-groupManagement] INFO  server.RaftServerConfigKeys (ConfUtils.java:logGet(46)) - raft.server.log.queue.element-limit = 1024 (custom)
2023-11-03 16:43:22,072 [0f26992e-6b31-4649-88a0-952aab043ba5-groupManagement] INFO  server.RaftServerConfigKeys (ConfUtils.java:logGet(46)) - raft.server.log.segment.size.max = 1048576 (custom)
2023-11-03 16:43:22,072 [0f26992e-6b31-4649-88a0-952aab043ba5-groupManagement] INFO  server.RaftServerConfigKeys (ConfUtils.java:logGet(46)) - raft.server.log.preallocated.size = 16384 (custom)
2023-11-03 16:43:22,072 [0f26992e-6b31-4649-88a0-952aab043ba5-groupManagement] INFO  server.RaftServerConfigKeys (ConfUtils.java:logGet(46)) - raft.server.log.force.sync.num = 128 (default)
2023-11-03 16:43:22,072 [0f26992e-6b31-4649-88a0-952aab043ba5-groupManagement] INFO  server.RaftServerConfigKeys (ConfUtils.java:logGet(46)) - raft.server.log.statemachine.data.sync = true (default)
2023-11-03 16:43:22,072 [0f26992e-6b31-4649-88a0-952aab043ba5-groupManagement] INFO  server.RaftServerConfigKeys (ConfUtils.java:logGet(46)) - raft.server.log.statemachine.data.sync.timeout = 10s (default)
2023-11-03 16:43:22,072 [0f26992e-6b31-4649-88a0-952aab043ba5-groupManagement] INFO  server.RaftServerConfigKeys (ConfUtils.java:logGet(46)) - raft.server.log.statemachine.data.sync.timeout.retry = -1 (default)
2023-11-03 16:43:22,073 [0f26992e-6b31-4649-88a0-952aab043ba5-groupManagement] INFO  server.RaftServerConfigKeys (ConfUtils.java:logGet(46)) - raft.server.log.write.buffer.size = 1048576 (custom)
2023-11-03 16:43:22,073 [0f26992e-6b31-4649-88a0-952aab043ba5-groupManagement] INFO  server.RaftServerConfigKeys (ConfUtils.java:logGet(46)) - raft.server.log.appender.buffer.byte-limit = 33554432 (custom)
2023-11-03 16:43:22,080 [0f26992e-6b31-4649-88a0-952aab043ba5-groupManagement] INFO  server.RaftServerConfigKeys (ConfUtils.java:logGet(46)) - raft.server.log.unsafe-flush.enabled = false (default)
2023-11-03 16:43:22,080 [0f26992e-6b31-4649-88a0-952aab043ba5-groupManagement] INFO  server.RaftServerConfigKeys (ConfUtils.java:logGet(46)) - raft.server.log.async-flush.enabled = false (default)
2023-11-03 16:43:22,080 [0f26992e-6b31-4649-88a0-952aab043ba5-groupManagement] INFO  server.RaftServerConfigKeys (ConfUtils.java:logGet(46)) - raft.server.log.statemachine.data.caching.enabled = true (custom)
2023-11-03 16:43:22,080 [0f26992e-6b31-4649-88a0-952aab043ba5-groupManagement] INFO  segmented.SegmentedRaftLogWorker (SegmentedRaftLogWorker.java:lambda$new$0(135)) - 0f26992e-6b31-4649-88a0-952aab043ba5@group-3C5DD59CBC2A-SegmentedRaftLogWorker: flushIndex: setUnconditionally 0 -> -1
2023-11-03 16:43:22,080 [0f26992e-6b31-4649-88a0-952aab043ba5-groupManagement] INFO  segmented.SegmentedRaftLogWorker (SegmentedRaftLogWorker.java:lambda$new$0(135)) - 0f26992e-6b31-4649-88a0-952aab043ba5@group-3C5DD59CBC2A-SegmentedRaftLogWorker: safeCacheEvictIndex: setUnconditionally 0 -> -1
2023-11-03 16:43:22,081 [0f26992e-6b31-4649-88a0-952aab043ba5-groupManagement] INFO  server.RaftServer$Division (RaftServerImpl.java:start(342)) - 0f26992e-6b31-4649-88a0-952aab043ba5@group-3C5DD59CBC2A: start as a follower, conf=-1: peers:[349d905f-d502-4286-9c03-ebe0308a99ac|rpc:10.1.0.19:15085|admin:10.1.0.19:15084|client:10.1.0.19:15083|dataStream:10.1.0.19:15086|priority:1|startupRole:FOLLOWER, 0f26992e-6b31-4649-88a0-952aab043ba5|rpc:10.1.0.19:15067|admin:10.1.0.19:15066|client:10.1.0.19:15065|dataStream:10.1.0.19:15068|priority:0|startupRole:FOLLOWER, eb78666f-144a-4911-8bcc-69658dd2d46c|rpc:10.1.0.19:15076|admin:10.1.0.19:15075|client:10.1.0.19:15074|dataStream:10.1.0.19:15077|priority:0|startupRole:FOLLOWER]|listeners:[], old=null
2023-11-03 16:43:22,081 [0f26992e-6b31-4649-88a0-952aab043ba5-groupManagement] INFO  server.RaftServer$Division (RaftServerImpl.java:setRole(329)) - 0f26992e-6b31-4649-88a0-952aab043ba5@group-3C5DD59CBC2A: changes role from      null to FOLLOWER at term 0 for startAsFollower
2023-11-03 16:43:22,081 [0f26992e-6b31-4649-88a0-952aab043ba5-groupManagement] INFO  impl.RoleInfo (RoleInfo.java:updateAndGet(139)) - 0f26992e-6b31-4649-88a0-952aab043ba5: start 0f26992e-6b31-4649-88a0-952aab043ba5@group-3C5DD59CBC2A-FollowerState
2023-11-03 16:43:22,085 [0f26992e-6b31-4649-88a0-952aab043ba5-groupManagement] INFO  util.JmxRegister (JmxRegister.java:tryRegister(44)) - Successfully registered JMX Bean with object name Ratis:service=RaftServer,group=group-3C5DD59CBC2A,id=0f26992e-6b31-4649-88a0-952aab043ba5
2023-11-03 16:43:22,085 [0f26992e-6b31-4649-88a0-952aab043ba5-groupManagement] INFO  server.RaftServerConfigKeys (ConfUtils.java:logGet(46)) - raft.server.snapshot.auto.trigger.enabled = true (custom)
2023-11-03 16:43:22,085 [0f26992e-6b31-4649-88a0-952aab043ba5-groupManagement] INFO  server.RaftServerConfigKeys (ConfUtils.java:logGet(46)) - raft.server.snapshot.auto.trigger.threshold = 10000 (custom)
2023-11-03 16:43:22,085 [0f26992e-6b31-4649-88a0-952aab043ba5-groupManagement] INFO  server.RaftServerConfigKeys (ConfUtils.java:logGet(46)) - raft.server.snapshot.retention.file.num = 5 (custom)
2023-11-03 16:43:22,085 [0f26992e-6b31-4649-88a0-952aab043ba5-groupManagement] INFO  server.RaftServerConfigKeys (ConfUtils.java:logGet(46)) - raft.server.log.purge.upto.snapshot.index = false (default)
2023-11-03 16:43:22,086 [0f26992e-6b31-4649-88a0-952aab043ba5-PipelineCommandHandlerThread-0] INFO  ratis.XceiverServerRatis (XceiverServerRatis.java:addGroup(805)) - Created group PipelineID=e21e1ef1-1d92-46a4-a4fa-3c5dd59cbc2a
2023-11-03 16:43:22,086 [0f26992e-6b31-4649-88a0-952aab043ba5@group-3C5DD59CBC2A-FollowerState] INFO  server.RaftServerConfigKeys (ConfUtils.java:logFallback(53)) - raft.server.rpc.first-election.timeout.min = 5s (fallback to raft.server.rpc.timeout.min)
2023-11-03 16:43:22,087 [0f26992e-6b31-4649-88a0-952aab043ba5@group-3C5DD59CBC2A-FollowerState] INFO  server.RaftServerConfigKeys (ConfUtils.java:logFallback(53)) - raft.server.rpc.first-election.timeout.max = 5200ms (fallback to raft.server.rpc.timeout.max)
2023-11-03 16:43:22,102 [grpc-default-executor-0] INFO  server.RaftServer (RaftServerProxy.java:addNew(98)) - 349d905f-d502-4286-9c03-ebe0308a99ac: addNew group-3C5DD59CBC2A:[349d905f-d502-4286-9c03-ebe0308a99ac|rpc:10.1.0.19:15085|admin:10.1.0.19:15084|client:10.1.0.19:15083|dataStream:10.1.0.19:15086|priority:1|startupRole:FOLLOWER, 0f26992e-6b31-4649-88a0-952aab043ba5|rpc:10.1.0.19:15067|admin:10.1.0.19:15066|client:10.1.0.19:15065|dataStream:10.1.0.19:15068|priority:0|startupRole:FOLLOWER, eb78666f-144a-4911-8bcc-69658dd2d46c|rpc:10.1.0.19:15076|admin:10.1.0.19:15075|client:10.1.0.19:15074|dataStream:10.1.0.19:15077|priority:0|startupRole:FOLLOWER] returns group-3C5DD59CBC2A:java.util.concurrent.CompletableFuture@47b05b11[Not completed]
2023-11-03 16:43:22,104 [349d905f-d502-4286-9c03-ebe0308a99ac-groupManagement] INFO  server.RaftServer$Division (RaftServerImpl.java:<init>(198)) - 349d905f-d502-4286-9c03-ebe0308a99ac: new RaftServerImpl for group-3C5DD59CBC2A:[349d905f-d502-4286-9c03-ebe0308a99ac|rpc:10.1.0.19:15085|admin:10.1.0.19:15084|client:10.1.0.19:15083|dataStream:10.1.0.19:15086|priority:1|startupRole:FOLLOWER, 0f26992e-6b31-4649-88a0-952aab043ba5|rpc:10.1.0.19:15067|admin:10.1.0.19:15066|client:10.1.0.19:15065|dataStream:10.1.0.19:15068|priority:0|startupRole:FOLLOWER, eb78666f-144a-4911-8bcc-69658dd2d46c|rpc:10.1.0.19:15076|admin:10.1.0.19:15075|client:10.1.0.19:15074|dataStream:10.1.0.19:15077|priority:0|startupRole:FOLLOWER] with ContainerStateMachine:uninitialized
2023-11-03 16:43:22,104 [349d905f-d502-4286-9c03-ebe0308a99ac-groupManagement] INFO  server.RaftServerConfigKeys (ConfUtils.java:logGet(46)) - raft.server.rpc.timeout.min = 5s (custom)
2023-11-03 16:43:22,104 [349d905f-d502-4286-9c03-ebe0308a99ac-groupManagement] INFO  server.RaftServerConfigKeys (ConfUtils.java:logGet(46)) - raft.server.rpc.timeout.max = 5200ms (custom)
2023-11-03 16:43:22,104 [349d905f-d502-4286-9c03-ebe0308a99ac-groupManagement] INFO  server.RaftServerConfigKeys (ConfUtils.java:logGet(46)) - raft.server.rpc.sleep.time = 25ms (default)
2023-11-03 16:43:22,104 [349d905f-d502-4286-9c03-ebe0308a99ac-groupManagement] INFO  server.RaftServerConfigKeys (ConfUtils.java:logGet(46)) - raft.server.rpc.slowness.timeout = 300s (custom)
2023-11-03 16:43:22,104 [349d905f-d502-4286-9c03-ebe0308a99ac-groupManagement] INFO  server.RaftServerConfigKeys (ConfUtils.java:logGet(46)) - raft.server.leaderelection.leader.step-down.wait-time = 10s (default)
2023-11-03 16:43:22,104 [349d905f-d502-4286-9c03-ebe0308a99ac-groupManagement] INFO  server.RaftServerConfigKeys (ConfUtils.java:logGet(46)) - raft.server.sleep.deviation.threshold = 300ms (default)
2023-11-03 16:43:22,104 [349d905f-d502-4286-9c03-ebe0308a99ac-groupManagement] INFO  server.RaftServer$Division (ServerState.java:<init>(120)) - 349d905f-d502-4286-9c03-ebe0308a99ac@group-3C5DD59CBC2A: ConfigurationManager, init=-1: peers:[349d905f-d502-4286-9c03-ebe0308a99ac|rpc:10.1.0.19:15085|admin:10.1.0.19:15084|client:10.1.0.19:15083|dataStream:10.1.0.19:15086|priority:1|startupRole:FOLLOWER, 0f26992e-6b31-4649-88a0-952aab043ba5|rpc:10.1.0.19:15067|admin:10.1.0.19:15066|client:10.1.0.19:15065|dataStream:10.1.0.19:15068|priority:0|startupRole:FOLLOWER, eb78666f-144a-4911-8bcc-69658dd2d46c|rpc:10.1.0.19:15076|admin:10.1.0.19:15075|client:10.1.0.19:15074|dataStream:10.1.0.19:15077|priority:0|startupRole:FOLLOWER]|listeners:[], old=null, confs=<EMPTY_MAP>
2023-11-03 16:43:22,104 [349d905f-d502-4286-9c03-ebe0308a99ac-groupManagement] INFO  server.RaftServerConfigKeys (ConfUtils.java:logGet(46)) - raft.server.storage.dir = [/home/runner/work/ozone/ozone/hadoop-ozone/integration-test/target/test-dir/MiniOzoneClusterImpl-70a21a17-ad3a-436a-8bc3-9a5217c2e4a5/datanode-2/data/ratis] (custom)
2023-11-03 16:43:22,105 [349d905f-d502-4286-9c03-ebe0308a99ac-groupManagement] INFO  server.RaftServerConfigKeys (ConfUtils.java:logGet(46)) - raft.server.log.corruption.policy = EXCEPTION (default)
2023-11-03 16:43:22,105 [349d905f-d502-4286-9c03-ebe0308a99ac-groupManagement] INFO  server.RaftServerConfigKeys (ConfUtils.java:logGet(46)) - raft.server.storage.free-space.min = 0MB (=0) (default)
2023-11-03 16:43:22,107 [349d905f-d502-4286-9c03-ebe0308a99ac-groupManagement] INFO  server.RaftServerConfigKeys (ConfUtils.java:logGet(46)) - raft.server.notification.no-leader.timeout = 300s (custom)
2023-11-03 16:43:22,107 [349d905f-d502-4286-9c03-ebe0308a99ac-groupManagement] INFO  server.RaftServerConfigKeys (ConfUtils.java:logGet(46)) - raft.server.read.timeout = 10s (default)
2023-11-03 16:43:22,107 [349d905f-d502-4286-9c03-ebe0308a99ac-groupManagement] INFO  server.RaftServerConfigKeys (ConfUtils.java:logGet(46)) - raft.server.retrycache.expirytime = 600000ms (custom)
2023-11-03 16:43:22,107 [349d905f-d502-4286-9c03-ebe0308a99ac-groupManagement] INFO  server.RaftServerConfigKeys (ConfUtils.java:logGet(46)) - raft.server.retrycache.statistics.expirytime = 100μs (default)
2023-11-03 16:43:22,107 [349d905f-d502-4286-9c03-ebe0308a99ac-groupManagement] INFO  server.RaftServerConfigKeys (ConfUtils.java:logGet(46)) - raft.server.read.option = DEFAULT (default)
2023-11-03 16:43:22,108 [349d905f-d502-4286-9c03-ebe0308a99ac-groupManagement] INFO  server.RaftServerConfigKeys (ConfUtils.java:logGet(46)) - raft.server.rpc.request.timeout = 60s (custom)
2023-11-03 16:43:22,108 [349d905f-d502-4286-9c03-ebe0308a99ac-groupManagement] INFO  server.RaftServerConfigKeys (ConfUtils.java:logGet(46)) - raft.server.log.appender.install.snapshot.enabled = false (custom)
2023-11-03 16:43:22,108 [349d905f-d502-4286-9c03-ebe0308a99ac-groupManagement] INFO  server.RaftServerConfigKeys (ConfUtils.java:logGet(46)) - raft.server.threadpool.server.cached = true (default)
2023-11-03 16:43:22,108 [349d905f-d502-4286-9c03-ebe0308a99ac-groupManagement] INFO  server.RaftServerConfigKeys (ConfUtils.java:logGet(46)) - raft.server.threadpool.server.size = 0 (default)
2023-11-03 16:43:22,108 [349d905f-d502-4286-9c03-ebe0308a99ac-groupManagement] INFO  server.RaftServerConfigKeys (ConfUtils.java:logGet(46)) - raft.server.threadpool.client.cached = true (default)
2023-11-03 16:43:22,109 [349d905f-d502-4286-9c03-ebe0308a99ac-groupManagement] INFO  server.RaftServerConfigKeys (ConfUtils.java:logGet(46)) - raft.server.threadpool.client.size = 0 (default)
2023-11-03 16:43:22,109 [349d905f-d502-4286-9c03-ebe0308a99ac-groupManagement] INFO  storage.RaftStorageDirectory (RaftStorageDirectoryImpl.java:analyzeStorage(137)) - The storage directory /home/runner/work/ozone/ozone/hadoop-ozone/integration-test/target/test-dir/MiniOzoneClusterImpl-70a21a17-ad3a-436a-8bc3-9a5217c2e4a5/datanode-2/data/ratis/e21e1ef1-1d92-46a4-a4fa-3c5dd59cbc2a does not exist. Creating ...
2023-11-03 16:43:22,110 [349d905f-d502-4286-9c03-ebe0308a99ac-groupManagement] INFO  storage.RaftStorageDirectory (RaftStorageDirectoryImpl.java:tryLock(231)) - Lock on /home/runner/work/ozone/ozone/hadoop-ozone/integration-test/target/test-dir/MiniOzoneClusterImpl-70a21a17-ad3a-436a-8bc3-9a5217c2e4a5/datanode-2/data/ratis/e21e1ef1-1d92-46a4-a4fa-3c5dd59cbc2a/in_use.lock acquired by nodename 31069@fv-az292-536
2023-11-03 16:43:22,111 [349d905f-d502-4286-9c03-ebe0308a99ac-groupManagement] INFO  storage.RaftStorage (RaftStorageImpl.java:format(96)) - Storage directory /home/runner/work/ozone/ozone/hadoop-ozone/integration-test/target/test-dir/MiniOzoneClusterImpl-70a21a17-ad3a-436a-8bc3-9a5217c2e4a5/datanode-2/data/ratis/e21e1ef1-1d92-46a4-a4fa-3c5dd59cbc2a has been successfully formatted.
2023-11-03 16:43:22,113 [349d905f-d502-4286-9c03-ebe0308a99ac-groupManagement] INFO  ratis.ContainerStateMachine (ContainerStateMachine.java:loadSnapshot(269)) - group-3C5DD59CBC2A: The snapshot info is null. Setting the last applied indexto:(t:0, i:~)
2023-11-03 16:43:22,113 [349d905f-d502-4286-9c03-ebe0308a99ac-groupManagement] INFO  server.RaftServerConfigKeys (ConfUtils.java:logGet(46)) - raft.server.log.use.memory = false (default)
2023-11-03 16:43:22,113 [349d905f-d502-4286-9c03-ebe0308a99ac-groupManagement] INFO  server.RaftServerConfigKeys (ConfUtils.java:logGet(46)) - raft.server.log.purge.gap = 1000000 (custom)
2023-11-03 16:43:22,113 [349d905f-d502-4286-9c03-ebe0308a99ac-groupManagement] INFO  server.RaftServerConfigKeys (ConfUtils.java:logGet(46)) - raft.server.log.appender.buffer.byte-limit = 33554432 (custom)
2023-11-03 16:43:22,113 [349d905f-d502-4286-9c03-ebe0308a99ac-groupManagement] INFO  server.RaftServerConfigKeys (ConfUtils.java:logGet(46)) - raft.server.log.statemachine.data.read.timeout = 1000ms (default)
2023-11-03 16:43:22,114 [349d905f-d502-4286-9c03-ebe0308a99ac-groupManagement] INFO  server.RaftServerConfigKeys (ConfUtils.java:logGet(46)) - raft.server.log.purge.preservation.log.num = 0 (default)
2023-11-03 16:43:22,115 [349d905f-d502-4286-9c03-ebe0308a99ac-groupManagement] INFO  server.RaftServerConfigKeys (ConfUtils.java:logGet(46)) - raft.server.log.segment.size.max = 1048576 (custom)
2023-11-03 16:43:22,115 [349d905f-d502-4286-9c03-ebe0308a99ac-groupManagement] INFO  server.RaftServerConfigKeys (ConfUtils.java:logGet(46)) - raft.server.log.segment.cache.num.max = 2 (custom)
2023-11-03 16:43:22,115 [349d905f-d502-4286-9c03-ebe0308a99ac-groupManagement] INFO  server.RaftServerConfigKeys (ConfUtils.java:logGet(46)) - raft.server.log.segment.cache.size.max = 200MB (=209715200) (default)
2023-11-03 16:43:22,115 [349d905f-d502-4286-9c03-ebe0308a99ac-groupManagement] INFO  server.RaftServerConfigKeys (ConfUtils.java:logGet(46)) - raft.server.log.appender.buffer.byte-limit = 33554432 (custom)
2023-11-03 16:43:22,115 [349d905f-d502-4286-9c03-ebe0308a99ac-groupManagement] INFO  segmented.SegmentedRaftLogWorker (SegmentedRaftLogWorker.java:<init>(188)) - new 349d905f-d502-4286-9c03-ebe0308a99ac@group-3C5DD59CBC2A-SegmentedRaftLogWorker for RaftStorageImpl:Storage Directory /home/runner/work/ozone/ozone/hadoop-ozone/integration-test/target/test-dir/MiniOzoneClusterImpl-70a21a17-ad3a-436a-8bc3-9a5217c2e4a5/datanode-2/data/ratis/e21e1ef1-1d92-46a4-a4fa-3c5dd59cbc2a
2023-11-03 16:43:22,115 [349d905f-d502-4286-9c03-ebe0308a99ac-groupManagement] INFO  server.RaftServerConfigKeys (ConfUtils.java:logGet(46)) - raft.server.log.queue.byte-limit = 4294967296 (custom)
2023-11-03 16:43:22,115 [349d905f-d502-4286-9c03-ebe0308a99ac-groupManagement] INFO  server.RaftServerConfigKeys (ConfUtils.java:logGet(46)) - raft.server.log.queue.element-limit = 1024 (custom)
2023-11-03 16:43:22,115 [349d905f-d502-4286-9c03-ebe0308a99ac-groupManagement] INFO  server.RaftServerConfigKeys (ConfUtils.java:logGet(46)) - raft.server.log.segment.size.max = 1048576 (custom)
2023-11-03 16:43:22,116 [349d905f-d502-4286-9c03-ebe0308a99ac-groupManagement] INFO  server.RaftServerConfigKeys (ConfUtils.java:logGet(46)) - raft.server.log.preallocated.size = 16384 (custom)
2023-11-03 16:43:22,116 [349d905f-d502-4286-9c03-ebe0308a99ac-groupManagement] INFO  server.RaftServerConfigKeys (ConfUtils.java:logGet(46)) - raft.server.log.force.sync.num = 128 (default)
2023-11-03 16:43:22,116 [349d905f-d502-4286-9c03-ebe0308a99ac-groupManagement] INFO  server.RaftServerConfigKeys (ConfUtils.java:logGet(46)) - raft.server.log.statemachine.data.sync = true (default)
2023-11-03 16:43:22,116 [349d905f-d502-4286-9c03-ebe0308a99ac-groupManagement] INFO  server.RaftServerConfigKeys (ConfUtils.java:logGet(46)) - raft.server.log.statemachine.data.sync.timeout = 10s (default)
2023-11-03 16:43:22,116 [349d905f-d502-4286-9c03-ebe0308a99ac-groupManagement] INFO  server.RaftServerConfigKeys (ConfUtils.java:logGet(46)) - raft.server.log.statemachine.data.sync.timeout.retry = -1 (default)
2023-11-03 16:43:22,117 [349d905f-d502-4286-9c03-ebe0308a99ac-groupManagement] INFO  server.RaftServerConfigKeys (ConfUtils.java:logGet(46)) - raft.server.log.write.buffer.size = 1048576 (custom)
2023-11-03 16:43:22,117 [349d905f-d502-4286-9c03-ebe0308a99ac-groupManagement] INFO  server.RaftServerConfigKeys (ConfUtils.java:logGet(46)) - raft.server.log.appender.buffer.byte-limit = 33554432 (custom)
2023-11-03 16:43:22,123 [349d905f-d502-4286-9c03-ebe0308a99ac-groupManagement] INFO  server.RaftServerConfigKeys (ConfUtils.java:logGet(46)) - raft.server.log.unsafe-flush.enabled = false (default)
2023-11-03 16:43:22,123 [349d905f-d502-4286-9c03-ebe0308a99ac-groupManagement] INFO  server.RaftServerConfigKeys (ConfUtils.java:logGet(46)) - raft.server.log.async-flush.enabled = false (default)
2023-11-03 16:43:22,123 [349d905f-d502-4286-9c03-ebe0308a99ac-groupManagement] INFO  server.RaftServerConfigKeys (ConfUtils.java:logGet(46)) - raft.server.log.statemachine.data.caching.enabled = true (custom)
2023-11-03 16:43:22,123 [349d905f-d502-4286-9c03-ebe0308a99ac-groupManagement] INFO  segmented.SegmentedRaftLogWorker (SegmentedRaftLogWorker.java:lambda$new$0(135)) - 349d905f-d502-4286-9c03-ebe0308a99ac@group-3C5DD59CBC2A-SegmentedRaftLogWorker: flushIndex: setUnconditionally 0 -> -1
2023-11-03 16:43:22,124 [349d905f-d502-4286-9c03-ebe0308a99ac-groupManagement] INFO  segmented.SegmentedRaftLogWorker (SegmentedRaftLogWorker.java:lambda$new$0(135)) - 349d905f-d502-4286-9c03-ebe0308a99ac@group-3C5DD59CBC2A-SegmentedRaftLogWorker: safeCacheEvictIndex: setUnconditionally 0 -> -1
2023-11-03 16:43:22,129 [349d905f-d502-4286-9c03-ebe0308a99ac-groupManagement] INFO  server.RaftServer$Division (RaftServerImpl.java:start(342)) - 349d905f-d502-4286-9c03-ebe0308a99ac@group-3C5DD59CBC2A: start as a follower, conf=-1: peers:[349d905f-d502-4286-9c03-ebe0308a99ac|rpc:10.1.0.19:15085|admin:10.1.0.19:15084|client:10.1.0.19:15083|dataStream:10.1.0.19:15086|priority:1|startupRole:FOLLOWER, 0f26992e-6b31-4649-88a0-952aab043ba5|rpc:10.1.0.19:15067|admin:10.1.0.19:15066|client:10.1.0.19:15065|dataStream:10.1.0.19:15068|priority:0|startupRole:FOLLOWER, eb78666f-144a-4911-8bcc-69658dd2d46c|rpc:10.1.0.19:15076|admin:10.1.0.19:15075|client:10.1.0.19:15074|dataStream:10.1.0.19:15077|priority:0|startupRole:FOLLOWER]|listeners:[], old=null
2023-11-03 16:43:22,129 [349d905f-d502-4286-9c03-ebe0308a99ac-groupManagement] INFO  server.RaftServer$Division (RaftServerImpl.java:setRole(329)) - 349d905f-d502-4286-9c03-ebe0308a99ac@group-3C5DD59CBC2A: changes role from      null to FOLLOWER at term 0 for startAsFollower
2023-11-03 16:43:22,129 [349d905f-d502-4286-9c03-ebe0308a99ac-groupManagement] INFO  impl.RoleInfo (RoleInfo.java:updateAndGet(139)) - 349d905f-d502-4286-9c03-ebe0308a99ac: start 349d905f-d502-4286-9c03-ebe0308a99ac@group-3C5DD59CBC2A-FollowerState
2023-11-03 16:43:22,133 [349d905f-d502-4286-9c03-ebe0308a99ac-groupManagement] INFO  util.JmxRegister (JmxRegister.java:tryRegister(44)) - Successfully registered JMX Bean with object name Ratis:service=RaftServer,group=group-3C5DD59CBC2A,id=349d905f-d502-4286-9c03-ebe0308a99ac
2023-11-03 16:43:22,133 [349d905f-d502-4286-9c03-ebe0308a99ac-groupManagement] INFO  server.RaftServerConfigKeys (ConfUtils.java:logGet(46)) - raft.server.snapshot.auto.trigger.enabled = true (custom)
2023-11-03 16:43:22,133 [349d905f-d502-4286-9c03-ebe0308a99ac-groupManagement] INFO  server.RaftServerConfigKeys (ConfUtils.java:logGet(46)) - raft.server.snapshot.auto.trigger.threshold = 10000 (custom)
2023-11-03 16:43:22,133 [349d905f-d502-4286-9c03-ebe0308a99ac-groupManagement] INFO  server.RaftServerConfigKeys (ConfUtils.java:logGet(46)) - raft.server.snapshot.retention.file.num = 5 (custom)
2023-11-03 16:43:22,133 [349d905f-d502-4286-9c03-ebe0308a99ac-groupManagement] INFO  server.RaftServerConfigKeys (ConfUtils.java:logGet(46)) - raft.server.log.purge.upto.snapshot.index = false (default)
2023-11-03 16:43:22,134 [349d905f-d502-4286-9c03-ebe0308a99ac@group-3C5DD59CBC2A-FollowerState] INFO  server.RaftServerConfigKeys (ConfUtils.java:logFallback(53)) - raft.server.rpc.first-election.timeout.min = 5s (fallback to raft.server.rpc.timeout.min)
2023-11-03 16:43:22,134 [349d905f-d502-4286-9c03-ebe0308a99ac@group-3C5DD59CBC2A-FollowerState] INFO  server.RaftServerConfigKeys (ConfUtils.java:logFallback(53)) - raft.server.rpc.first-election.timeout.max = 5200ms (fallback to raft.server.rpc.timeout.max)
2023-11-03 16:43:22,186 [grpc-default-executor-0] INFO  server.RaftServer (RaftServerProxy.java:addNew(98)) - eb78666f-144a-4911-8bcc-69658dd2d46c: addNew group-3C5DD59CBC2A:[349d905f-d502-4286-9c03-ebe0308a99ac|rpc:10.1.0.19:15085|admin:10.1.0.19:15084|client:10.1.0.19:15083|dataStream:10.1.0.19:15086|priority:1|startupRole:FOLLOWER, 0f26992e-6b31-4649-88a0-952aab043ba5|rpc:10.1.0.19:15067|admin:10.1.0.19:15066|client:10.1.0.19:15065|dataStream:10.1.0.19:15068|priority:0|startupRole:FOLLOWER, eb78666f-144a-4911-8bcc-69658dd2d46c|rpc:10.1.0.19:15076|admin:10.1.0.19:15075|client:10.1.0.19:15074|dataStream:10.1.0.19:15077|priority:0|startupRole:FOLLOWER] returns group-3C5DD59CBC2A:java.util.concurrent.CompletableFuture@62b84178[Not completed]
2023-11-03 16:43:22,188 [eb78666f-144a-4911-8bcc-69658dd2d46c-groupManagement] INFO  server.RaftServer$Division (RaftServerImpl.java:<init>(198)) - eb78666f-144a-4911-8bcc-69658dd2d46c: new RaftServerImpl for group-3C5DD59CBC2A:[349d905f-d502-4286-9c03-ebe0308a99ac|rpc:10.1.0.19:15085|admin:10.1.0.19:15084|client:10.1.0.19:15083|dataStream:10.1.0.19:15086|priority:1|startupRole:FOLLOWER, 0f26992e-6b31-4649-88a0-952aab043ba5|rpc:10.1.0.19:15067|admin:10.1.0.19:15066|client:10.1.0.19:15065|dataStream:10.1.0.19:15068|priority:0|startupRole:FOLLOWER, eb78666f-144a-4911-8bcc-69658dd2d46c|rpc:10.1.0.19:15076|admin:10.1.0.19:15075|client:10.1.0.19:15074|dataStream:10.1.0.19:15077|priority:0|startupRole:FOLLOWER] with ContainerStateMachine:uninitialized
2023-11-03 16:43:22,188 [eb78666f-144a-4911-8bcc-69658dd2d46c-groupManagement] INFO  server.RaftServerConfigKeys (ConfUtils.java:logGet(46)) - raft.server.rpc.timeout.min = 5s (custom)
2023-11-03 16:43:22,188 [eb78666f-144a-4911-8bcc-69658dd2d46c-groupManagement] INFO  server.RaftServerConfigKeys (ConfUtils.java:logGet(46)) - raft.server.rpc.timeout.max = 5200ms (custom)
2023-11-03 16:43:22,188 [eb78666f-144a-4911-8bcc-69658dd2d46c-groupManagement] INFO  server.RaftServerConfigKeys (ConfUtils.java:logGet(46)) - raft.server.rpc.sleep.time = 25ms (default)
2023-11-03 16:43:22,191 [eb78666f-144a-4911-8bcc-69658dd2d46c-groupManagement] INFO  server.RaftServerConfigKeys (ConfUtils.java:logGet(46)) - raft.server.rpc.slowness.timeout = 300s (custom)
2023-11-03 16:43:22,191 [eb78666f-144a-4911-8bcc-69658dd2d46c-groupManagement] INFO  server.RaftServerConfigKeys (ConfUtils.java:logGet(46)) - raft.server.leaderelection.leader.step-down.wait-time = 10s (default)
2023-11-03 16:43:22,191 [eb78666f-144a-4911-8bcc-69658dd2d46c-groupManagement] INFO  server.RaftServerConfigKeys (ConfUtils.java:logGet(46)) - raft.server.sleep.deviation.threshold = 300ms (default)
2023-11-03 16:43:22,192 [eb78666f-144a-4911-8bcc-69658dd2d46c-groupManagement] INFO  server.RaftServer$Division (ServerState.java:<init>(120)) - eb78666f-144a-4911-8bcc-69658dd2d46c@group-3C5DD59CBC2A: ConfigurationManager, init=-1: peers:[349d905f-d502-4286-9c03-ebe0308a99ac|rpc:10.1.0.19:15085|admin:10.1.0.19:15084|client:10.1.0.19:15083|dataStream:10.1.0.19:15086|priority:1|startupRole:FOLLOWER, 0f26992e-6b31-4649-88a0-952aab043ba5|rpc:10.1.0.19:15067|admin:10.1.0.19:15066|client:10.1.0.19:15065|dataStream:10.1.0.19:15068|priority:0|startupRole:FOLLOWER, eb78666f-144a-4911-8bcc-69658dd2d46c|rpc:10.1.0.19:15076|admin:10.1.0.19:15075|client:10.1.0.19:15074|dataStream:10.1.0.19:15077|priority:0|startupRole:FOLLOWER]|listeners:[], old=null, confs=<EMPTY_MAP>
2023-11-03 16:43:22,193 [eb78666f-144a-4911-8bcc-69658dd2d46c-groupManagement] INFO  server.RaftServerConfigKeys (ConfUtils.java:logGet(46)) - raft.server.storage.dir = [/home/runner/work/ozone/ozone/hadoop-ozone/integration-test/target/test-dir/MiniOzoneClusterImpl-70a21a17-ad3a-436a-8bc3-9a5217c2e4a5/datanode-1/data/ratis] (custom)
2023-11-03 16:43:22,193 [eb78666f-144a-4911-8bcc-69658dd2d46c-groupManagement] INFO  server.RaftServerConfigKeys (ConfUtils.java:logGet(46)) - raft.server.log.corruption.policy = EXCEPTION (default)
2023-11-03 16:43:22,193 [eb78666f-144a-4911-8bcc-69658dd2d46c-groupManagement] INFO  server.RaftServerConfigKeys (ConfUtils.java:logGet(46)) - raft.server.storage.free-space.min = 0MB (=0) (default)
2023-11-03 16:43:22,195 [eb78666f-144a-4911-8bcc-69658dd2d46c-groupManagement] INFO  server.RaftServerConfigKeys (ConfUtils.java:logGet(46)) - raft.server.notification.no-leader.timeout = 300s (custom)
2023-11-03 16:43:22,195 [eb78666f-144a-4911-8bcc-69658dd2d46c-groupManagement] INFO  server.RaftServerConfigKeys (ConfUtils.java:logGet(46)) - raft.server.read.timeout = 10s (default)
2023-11-03 16:43:22,196 [eb78666f-144a-4911-8bcc-69658dd2d46c-groupManagement] INFO  server.RaftServerConfigKeys (ConfUtils.java:logGet(46)) - raft.server.retrycache.expirytime = 600000ms (custom)
2023-11-03 16:43:22,196 [eb78666f-144a-4911-8bcc-69658dd2d46c-groupManagement] INFO  server.RaftServerConfigKeys (ConfUtils.java:logGet(46)) - raft.server.retrycache.statistics.expirytime = 100μs (default)
2023-11-03 16:43:22,197 [eb78666f-144a-4911-8bcc-69658dd2d46c-groupManagement] INFO  server.RaftServerConfigKeys (ConfUtils.java:logGet(46)) - raft.server.read.option = DEFAULT (default)
2023-11-03 16:43:22,198 [eb78666f-144a-4911-8bcc-69658dd2d46c-groupManagement] INFO  server.RaftServerConfigKeys (ConfUtils.java:logGet(46)) - raft.server.rpc.request.timeout = 60s (custom)
2023-11-03 16:43:22,198 [eb78666f-144a-4911-8bcc-69658dd2d46c-groupManagement] INFO  server.RaftServerConfigKeys (ConfUtils.java:logGet(46)) - raft.server.log.appender.install.snapshot.enabled = false (custom)
2023-11-03 16:43:22,198 [eb78666f-144a-4911-8bcc-69658dd2d46c-groupManagement] INFO  server.RaftServerConfigKeys (ConfUtils.java:logGet(46)) - raft.server.threadpool.server.cached = true (default)
2023-11-03 16:43:22,198 [eb78666f-144a-4911-8bcc-69658dd2d46c-groupManagement] INFO  server.RaftServerConfigKeys (ConfUtils.java:logGet(46)) - raft.server.threadpool.server.size = 0 (default)
2023-11-03 16:43:22,198 [eb78666f-144a-4911-8bcc-69658dd2d46c-groupManagement] INFO  server.RaftServerConfigKeys (ConfUtils.java:logGet(46)) - raft.server.threadpool.client.cached = true (default)
2023-11-03 16:43:22,199 [eb78666f-144a-4911-8bcc-69658dd2d46c-groupManagement] INFO  server.RaftServerConfigKeys (ConfUtils.java:logGet(46)) - raft.server.threadpool.client.size = 0 (default)
2023-11-03 16:43:22,199 [eb78666f-144a-4911-8bcc-69658dd2d46c-groupManagement] INFO  storage.RaftStorageDirectory (RaftStorageDirectoryImpl.java:analyzeStorage(137)) - The storage directory /home/runner/work/ozone/ozone/hadoop-ozone/integration-test/target/test-dir/MiniOzoneClusterImpl-70a21a17-ad3a-436a-8bc3-9a5217c2e4a5/datanode-1/data/ratis/e21e1ef1-1d92-46a4-a4fa-3c5dd59cbc2a does not exist. Creating ...
2023-11-03 16:43:22,200 [eb78666f-144a-4911-8bcc-69658dd2d46c-groupManagement] INFO  storage.RaftStorageDirectory (RaftStorageDirectoryImpl.java:tryLock(231)) - Lock on /home/runner/work/ozone/ozone/hadoop-ozone/integration-test/target/test-dir/MiniOzoneClusterImpl-70a21a17-ad3a-436a-8bc3-9a5217c2e4a5/datanode-1/data/ratis/e21e1ef1-1d92-46a4-a4fa-3c5dd59cbc2a/in_use.lock acquired by nodename 31069@fv-az292-536
2023-11-03 16:43:22,204 [eb78666f-144a-4911-8bcc-69658dd2d46c-groupManagement] INFO  storage.RaftStorage (RaftStorageImpl.java:format(96)) - Storage directory /home/runner/work/ozone/ozone/hadoop-ozone/integration-test/target/test-dir/MiniOzoneClusterImpl-70a21a17-ad3a-436a-8bc3-9a5217c2e4a5/datanode-1/data/ratis/e21e1ef1-1d92-46a4-a4fa-3c5dd59cbc2a has been successfully formatted.
2023-11-03 16:43:22,208 [eb78666f-144a-4911-8bcc-69658dd2d46c-groupManagement] INFO  ratis.ContainerStateMachine (ContainerStateMachine.java:loadSnapshot(269)) - group-3C5DD59CBC2A: The snapshot info is null. Setting the last applied indexto:(t:0, i:~)
2023-11-03 16:43:22,208 [eb78666f-144a-4911-8bcc-69658dd2d46c-groupManagement] INFO  server.RaftServerConfigKeys (ConfUtils.java:logGet(46)) - raft.server.log.use.memory = false (default)
2023-11-03 16:43:22,208 [eb78666f-144a-4911-8bcc-69658dd2d46c-groupManagement] INFO  server.RaftServerConfigKeys (ConfUtils.java:logGet(46)) - raft.server.log.purge.gap = 1000000 (custom)
2023-11-03 16:43:22,208 [eb78666f-144a-4911-8bcc-69658dd2d46c-groupManagement] INFO  server.RaftServerConfigKeys (ConfUtils.java:logGet(46)) - raft.server.log.appender.buffer.byte-limit = 33554432 (custom)
2023-11-03 16:43:22,208 [eb78666f-144a-4911-8bcc-69658dd2d46c-groupManagement] INFO  server.RaftServerConfigKeys (ConfUtils.java:logGet(46)) - raft.server.log.statemachine.data.read.timeout = 1000ms (default)
2023-11-03 16:43:22,208 [eb78666f-144a-4911-8bcc-69658dd2d46c-groupManagement] INFO  server.RaftServerConfigKeys (ConfUtils.java:logGet(46)) - raft.server.log.purge.preservation.log.num = 0 (default)
2023-11-03 16:43:22,209 [eb78666f-144a-4911-8bcc-69658dd2d46c-groupManagement] INFO  server.RaftServerConfigKeys (ConfUtils.java:logGet(46)) - raft.server.log.segment.size.max = 1048576 (custom)
2023-11-03 16:43:22,209 [eb78666f-144a-4911-8bcc-69658dd2d46c-groupManagement] INFO  server.RaftServerConfigKeys (ConfUtils.java:logGet(46)) - raft.server.log.segment.cache.num.max = 2 (custom)
2023-11-03 16:43:22,209 [eb78666f-144a-4911-8bcc-69658dd2d46c-groupManagement] INFO  server.RaftServerConfigKeys (ConfUtils.java:logGet(46)) - raft.server.log.segment.cache.size.max = 200MB (=209715200) (default)
2023-11-03 16:43:22,209 [eb78666f-144a-4911-8bcc-69658dd2d46c-groupManagement] INFO  server.RaftServerConfigKeys (ConfUtils.java:logGet(46)) - raft.server.log.appender.buffer.byte-limit = 33554432 (custom)
2023-11-03 16:43:22,209 [eb78666f-144a-4911-8bcc-69658dd2d46c-groupManagement] INFO  segmented.SegmentedRaftLogWorker (SegmentedRaftLogWorker.java:<init>(188)) - new eb78666f-144a-4911-8bcc-69658dd2d46c@group-3C5DD59CBC2A-SegmentedRaftLogWorker for RaftStorageImpl:Storage Directory /home/runner/work/ozone/ozone/hadoop-ozone/integration-test/target/test-dir/MiniOzoneClusterImpl-70a21a17-ad3a-436a-8bc3-9a5217c2e4a5/datanode-1/data/ratis/e21e1ef1-1d92-46a4-a4fa-3c5dd59cbc2a
2023-11-03 16:43:22,209 [eb78666f-144a-4911-8bcc-69658dd2d46c-groupManagement] INFO  server.RaftServerConfigKeys (ConfUtils.java:logGet(46)) - raft.server.log.queue.byte-limit = 4294967296 (custom)
2023-11-03 16:43:22,210 [eb78666f-144a-4911-8bcc-69658dd2d46c-groupManagement] INFO  server.RaftServerConfigKeys (ConfUtils.java:logGet(46)) - raft.server.log.queue.element-limit = 1024 (custom)
2023-11-03 16:43:22,210 [eb78666f-144a-4911-8bcc-69658dd2d46c-groupManagement] INFO  server.RaftServerConfigKeys (ConfUtils.java:logGet(46)) - raft.server.log.segment.size.max = 1048576 (custom)
2023-11-03 16:43:22,210 [eb78666f-144a-4911-8bcc-69658dd2d46c-groupManagement] INFO  server.RaftServerConfigKeys (ConfUtils.java:logGet(46)) - raft.server.log.preallocated.size = 16384 (custom)
2023-11-03 16:43:22,210 [eb78666f-144a-4911-8bcc-69658dd2d46c-groupManagement] INFO  server.RaftServerConfigKeys (ConfUtils.java:logGet(46)) - raft.server.log.force.sync.num = 128 (default)
2023-11-03 16:43:22,210 [eb78666f-144a-4911-8bcc-69658dd2d46c-groupManagement] INFO  server.RaftServerConfigKeys (ConfUtils.java:logGet(46)) - raft.server.log.statemachine.data.sync = true (default)
2023-11-03 16:43:22,210 [eb78666f-144a-4911-8bcc-69658dd2d46c-groupManagement] INFO  server.RaftServerConfigKeys (ConfUtils.java:logGet(46)) - raft.server.log.statemachine.data.sync.timeout = 10s (default)
2023-11-03 16:43:22,210 [eb78666f-144a-4911-8bcc-69658dd2d46c-groupManagement] INFO  server.RaftServerConfigKeys (ConfUtils.java:logGet(46)) - raft.server.log.statemachine.data.sync.timeout.retry = -1 (default)
2023-11-03 16:43:22,213 [eb78666f-144a-4911-8bcc-69658dd2d46c-groupManagement] INFO  server.RaftServerConfigKeys (ConfUtils.java:logGet(46)) - raft.server.log.write.buffer.size = 1048576 (custom)
2023-11-03 16:43:22,213 [eb78666f-144a-4911-8bcc-69658dd2d46c-groupManagement] INFO  server.RaftServerConfigKeys (ConfUtils.java:logGet(46)) - raft.server.log.appender.buffer.byte-limit = 33554432 (custom)
2023-11-03 16:43:22,220 [eb78666f-144a-4911-8bcc-69658dd2d46c-groupManagement] INFO  server.RaftServerConfigKeys (ConfUtils.java:logGet(46)) - raft.server.log.unsafe-flush.enabled = false (default)
2023-11-03 16:43:22,220 [eb78666f-144a-4911-8bcc-69658dd2d46c-groupManagement] INFO  server.RaftServerConfigKeys (ConfUtils.java:logGet(46)) - raft.server.log.async-flush.enabled = false (default)
2023-11-03 16:43:22,220 [eb78666f-144a-4911-8bcc-69658dd2d46c-groupManagement] INFO  server.RaftServerConfigKeys (ConfUtils.java:logGet(46)) - raft.server.log.statemachine.data.caching.enabled = true (custom)
2023-11-03 16:43:22,220 [eb78666f-144a-4911-8bcc-69658dd2d46c-groupManagement] INFO  segmented.SegmentedRaftLogWorker (SegmentedRaftLogWorker.java:lambda$new$0(135)) - eb78666f-144a-4911-8bcc-69658dd2d46c@group-3C5DD59CBC2A-SegmentedRaftLogWorker: flushIndex: setUnconditionally 0 -> -1
2023-11-03 16:43:22,220 [eb78666f-144a-4911-8bcc-69658dd2d46c-groupManagement] INFO  segmented.SegmentedRaftLogWorker (SegmentedRaftLogWorker.java:lambda$new$0(135)) - eb78666f-144a-4911-8bcc-69658dd2d46c@group-3C5DD59CBC2A-SegmentedRaftLogWorker: safeCacheEvictIndex: setUnconditionally 0 -> -1
2023-11-03 16:43:22,221 [eb78666f-144a-4911-8bcc-69658dd2d46c-groupManagement] INFO  server.RaftServer$Division (RaftServerImpl.java:start(342)) - eb78666f-144a-4911-8bcc-69658dd2d46c@group-3C5DD59CBC2A: start as a follower, conf=-1: peers:[349d905f-d502-4286-9c03-ebe0308a99ac|rpc:10.1.0.19:15085|admin:10.1.0.19:15084|client:10.1.0.19:15083|dataStream:10.1.0.19:15086|priority:1|startupRole:FOLLOWER, 0f26992e-6b31-4649-88a0-952aab043ba5|rpc:10.1.0.19:15067|admin:10.1.0.19:15066|client:10.1.0.19:15065|dataStream:10.1.0.19:15068|priority:0|startupRole:FOLLOWER, eb78666f-144a-4911-8bcc-69658dd2d46c|rpc:10.1.0.19:15076|admin:10.1.0.19:15075|client:10.1.0.19:15074|dataStream:10.1.0.19:15077|priority:0|startupRole:FOLLOWER]|listeners:[], old=null
2023-11-03 16:43:22,221 [eb78666f-144a-4911-8bcc-69658dd2d46c-groupManagement] INFO  server.RaftServer$Division (RaftServerImpl.java:setRole(329)) - eb78666f-144a-4911-8bcc-69658dd2d46c@group-3C5DD59CBC2A: changes role from      null to FOLLOWER at term 0 for startAsFollower
2023-11-03 16:43:22,221 [eb78666f-144a-4911-8bcc-69658dd2d46c-groupManagement] INFO  impl.RoleInfo (RoleInfo.java:updateAndGet(139)) - eb78666f-144a-4911-8bcc-69658dd2d46c: start eb78666f-144a-4911-8bcc-69658dd2d46c@group-3C5DD59CBC2A-FollowerState
2023-11-03 16:43:22,221 [eb78666f-144a-4911-8bcc-69658dd2d46c-groupManagement] INFO  util.JmxRegister (JmxRegister.java:tryRegister(44)) - Successfully registered JMX Bean with object name Ratis:service=RaftServer,group=group-3C5DD59CBC2A,id=eb78666f-144a-4911-8bcc-69658dd2d46c
2023-11-03 16:43:22,221 [eb78666f-144a-4911-8bcc-69658dd2d46c-groupManagement] INFO  server.RaftServerConfigKeys (ConfUtils.java:logGet(46)) - raft.server.snapshot.auto.trigger.enabled = true (custom)
2023-11-03 16:43:22,221 [eb78666f-144a-4911-8bcc-69658dd2d46c-groupManagement] INFO  server.RaftServerConfigKeys (ConfUtils.java:logGet(46)) - raft.server.snapshot.auto.trigger.threshold = 10000 (custom)
2023-11-03 16:43:22,221 [eb78666f-144a-4911-8bcc-69658dd2d46c-groupManagement] INFO  server.RaftServerConfigKeys (ConfUtils.java:logGet(46)) - raft.server.snapshot.retention.file.num = 5 (custom)
2023-11-03 16:43:22,221 [eb78666f-144a-4911-8bcc-69658dd2d46c-groupManagement] INFO  server.RaftServerConfigKeys (ConfUtils.java:logGet(46)) - raft.server.log.purge.upto.snapshot.index = false (default)
2023-11-03 16:43:22,222 [eb78666f-144a-4911-8bcc-69658dd2d46c@group-3C5DD59CBC2A-FollowerState] INFO  server.RaftServerConfigKeys (ConfUtils.java:logFallback(53)) - raft.server.rpc.first-election.timeout.min = 5s (fallback to raft.server.rpc.timeout.min)
2023-11-03 16:43:22,222 [eb78666f-144a-4911-8bcc-69658dd2d46c@group-3C5DD59CBC2A-FollowerState] INFO  server.RaftServerConfigKeys (ConfUtils.java:logFallback(53)) - raft.server.rpc.first-election.timeout.max = 5200ms (fallback to raft.server.rpc.timeout.max)
2023-11-03 16:43:22,237 [0f26992e-6b31-4649-88a0-952aab043ba5-PipelineCommandHandlerThread-0] INFO  commandhandler.CreatePipelineCommandHandler (CreatePipelineCommandHandler.java:lambda$handle$2(124)) - Created Pipeline RATIS THREE PipelineID=e21e1ef1-1d92-46a4-a4fa-3c5dd59cbc2a.
2023-11-03 16:43:22,238 [0f26992e-6b31-4649-88a0-952aab043ba5-PipelineCommandHandlerThread-0] INFO  server.RaftServer (RaftServerProxy.java:addNew(98)) - 0f26992e-6b31-4649-88a0-952aab043ba5: addNew group-A0A34EE47E4A:[349d905f-d502-4286-9c03-ebe0308a99ac|rpc:10.1.0.19:15085|admin:10.1.0.19:15084|client:10.1.0.19:15083|dataStream:10.1.0.19:15086|priority:0|startupRole:FOLLOWER, 0f26992e-6b31-4649-88a0-952aab043ba5|rpc:10.1.0.19:15067|admin:10.1.0.19:15066|client:10.1.0.19:15065|dataStream:10.1.0.19:15068|priority:0|startupRole:FOLLOWER, eb78666f-144a-4911-8bcc-69658dd2d46c|rpc:10.1.0.19:15076|admin:10.1.0.19:15075|client:10.1.0.19:15074|dataStream:10.1.0.19:15077|priority:1|startupRole:FOLLOWER] returns group-A0A34EE47E4A:java.util.concurrent.CompletableFuture@68c91ebc[Not completed]
2023-11-03 16:43:22,239 [0f26992e-6b31-4649-88a0-952aab043ba5-groupManagement] INFO  server.RaftServer$Division (RaftServerImpl.java:<init>(198)) - 0f26992e-6b31-4649-88a0-952aab043ba5: new RaftServerImpl for group-A0A34EE47E4A:[349d905f-d502-4286-9c03-ebe0308a99ac|rpc:10.1.0.19:15085|admin:10.1.0.19:15084|client:10.1.0.19:15083|dataStream:10.1.0.19:15086|priority:0|startupRole:FOLLOWER, 0f26992e-6b31-4649-88a0-952aab043ba5|rpc:10.1.0.19:15067|admin:10.1.0.19:15066|client:10.1.0.19:15065|dataStream:10.1.0.19:15068|priority:0|startupRole:FOLLOWER, eb78666f-144a-4911-8bcc-69658dd2d46c|rpc:10.1.0.19:15076|admin:10.1.0.19:15075|client:10.1.0.19:15074|dataStream:10.1.0.19:15077|priority:1|startupRole:FOLLOWER] with ContainerStateMachine:uninitialized
2023-11-03 16:43:22,239 [0f26992e-6b31-4649-88a0-952aab043ba5-groupManagement] INFO  server.RaftServerConfigKeys (ConfUtils.java:logGet(46)) - raft.server.rpc.timeout.min = 5s (custom)
2023-11-03 16:43:22,239 [0f26992e-6b31-4649-88a0-952aab043ba5-groupManagement] INFO  server.RaftServerConfigKeys (ConfUtils.java:logGet(46)) - raft.server.rpc.timeout.max = 5200ms (custom)
2023-11-03 16:43:22,239 [0f26992e-6b31-4649-88a0-952aab043ba5-groupManagement] INFO  server.RaftServerConfigKeys (ConfUtils.java:logGet(46)) - raft.server.rpc.sleep.time = 25ms (default)
2023-11-03 16:43:22,239 [0f26992e-6b31-4649-88a0-952aab043ba5-groupManagement] INFO  server.RaftServerConfigKeys (ConfUtils.java:logGet(46)) - raft.server.rpc.slowness.timeout = 300s (custom)
2023-11-03 16:43:22,239 [0f26992e-6b31-4649-88a0-952aab043ba5-groupManagement] INFO  server.RaftServerConfigKeys (ConfUtils.java:logGet(46)) - raft.server.leaderelection.leader.step-down.wait-time = 10s (default)
2023-11-03 16:43:22,240 [0f26992e-6b31-4649-88a0-952aab043ba5-groupManagement] INFO  server.RaftServerConfigKeys (ConfUtils.java:logGet(46)) - raft.server.sleep.deviation.threshold = 300ms (default)
2023-11-03 16:43:22,240 [0f26992e-6b31-4649-88a0-952aab043ba5-groupManagement] INFO  server.RaftServer$Division (ServerState.java:<init>(120)) - 0f26992e-6b31-4649-88a0-952aab043ba5@group-A0A34EE47E4A: ConfigurationManager, init=-1: peers:[349d905f-d502-4286-9c03-ebe0308a99ac|rpc:10.1.0.19:15085|admin:10.1.0.19:15084|client:10.1.0.19:15083|dataStream:10.1.0.19:15086|priority:0|startupRole:FOLLOWER, 0f26992e-6b31-4649-88a0-952aab043ba5|rpc:10.1.0.19:15067|admin:10.1.0.19:15066|client:10.1.0.19:15065|dataStream:10.1.0.19:15068|priority:0|startupRole:FOLLOWER, eb78666f-144a-4911-8bcc-69658dd2d46c|rpc:10.1.0.19:15076|admin:10.1.0.19:15075|client:10.1.0.19:15074|dataStream:10.1.0.19:15077|priority:1|startupRole:FOLLOWER]|listeners:[], old=null, confs=<EMPTY_MAP>
2023-11-03 16:43:22,240 [0f26992e-6b31-4649-88a0-952aab043ba5-groupManagement] INFO  server.RaftServerConfigKeys (ConfUtils.java:logGet(46)) - raft.server.storage.dir = [/home/runner/work/ozone/ozone/hadoop-ozone/integration-test/target/test-dir/MiniOzoneClusterImpl-70a21a17-ad3a-436a-8bc3-9a5217c2e4a5/datanode-0/data/ratis] (custom)
2023-11-03 16:43:22,240 [0f26992e-6b31-4649-88a0-952aab043ba5-groupManagement] INFO  server.RaftServerConfigKeys (ConfUtils.java:logGet(46)) - raft.server.log.corruption.policy = EXCEPTION (default)
2023-11-03 16:43:22,240 [0f26992e-6b31-4649-88a0-952aab043ba5-groupManagement] INFO  server.RaftServerConfigKeys (ConfUtils.java:logGet(46)) - raft.server.storage.free-space.min = 0MB (=0) (default)
2023-11-03 16:43:22,240 [0f26992e-6b31-4649-88a0-952aab043ba5-groupManagement] INFO  server.RaftServerConfigKeys (ConfUtils.java:logGet(46)) - raft.server.notification.no-leader.timeout = 300s (custom)
2023-11-03 16:43:22,240 [0f26992e-6b31-4649-88a0-952aab043ba5-groupManagement] INFO  server.RaftServerConfigKeys (ConfUtils.java:logGet(46)) - raft.server.read.timeout = 10s (default)
2023-11-03 16:43:22,240 [0f26992e-6b31-4649-88a0-952aab043ba5-groupManagement] INFO  server.RaftServerConfigKeys (ConfUtils.java:logGet(46)) - raft.server.retrycache.expirytime = 600000ms (custom)
2023-11-03 16:43:22,241 [0f26992e-6b31-4649-88a0-952aab043ba5-groupManagement] INFO  server.RaftServerConfigKeys (ConfUtils.java:logGet(46)) - raft.server.retrycache.statistics.expirytime = 100μs (default)
2023-11-03 16:43:22,241 [0f26992e-6b31-4649-88a0-952aab043ba5-groupManagement] INFO  server.RaftServerConfigKeys (ConfUtils.java:logGet(46)) - raft.server.read.option = DEFAULT (default)
2023-11-03 16:43:22,242 [0f26992e-6b31-4649-88a0-952aab043ba5-groupManagement] INFO  server.RaftServerConfigKeys (ConfUtils.java:logGet(46)) - raft.server.rpc.request.timeout = 60s (custom)
2023-11-03 16:43:22,242 [0f26992e-6b31-4649-88a0-952aab043ba5-groupManagement] INFO  server.RaftServerConfigKeys (ConfUtils.java:logGet(46)) - raft.server.log.appender.install.snapshot.enabled = false (custom)
2023-11-03 16:43:22,242 [0f26992e-6b31-4649-88a0-952aab043ba5-groupManagement] INFO  server.RaftServerConfigKeys (ConfUtils.java:logGet(46)) - raft.server.threadpool.server.cached = true (default)
2023-11-03 16:43:22,242 [0f26992e-6b31-4649-88a0-952aab043ba5-groupManagement] INFO  server.RaftServerConfigKeys (ConfUtils.java:logGet(46)) - raft.server.threadpool.server.size = 0 (default)
2023-11-03 16:43:22,242 [0f26992e-6b31-4649-88a0-952aab043ba5-groupManagement] INFO  server.RaftServerConfigKeys (ConfUtils.java:logGet(46)) - raft.server.threadpool.client.cached = true (default)
2023-11-03 16:43:22,242 [0f26992e-6b31-4649-88a0-952aab043ba5-groupManagement] INFO  server.RaftServerConfigKeys (ConfUtils.java:logGet(46)) - raft.server.threadpool.client.size = 0 (default)
2023-11-03 16:43:22,242 [0f26992e-6b31-4649-88a0-952aab043ba5-groupManagement] INFO  storage.RaftStorageDirectory (RaftStorageDirectoryImpl.java:analyzeStorage(137)) - The storage directory /home/runner/work/ozone/ozone/hadoop-ozone/integration-test/target/test-dir/MiniOzoneClusterImpl-70a21a17-ad3a-436a-8bc3-9a5217c2e4a5/datanode-0/data/ratis/3aefa9d0-9cb2-4c59-875a-a0a34ee47e4a does not exist. Creating ...
2023-11-03 16:43:22,244 [0f26992e-6b31-4649-88a0-952aab043ba5-groupManagement] INFO  storage.RaftStorageDirectory (RaftStorageDirectoryImpl.java:tryLock(231)) - Lock on /home/runner/work/ozone/ozone/hadoop-ozone/integration-test/target/test-dir/MiniOzoneClusterImpl-70a21a17-ad3a-436a-8bc3-9a5217c2e4a5/datanode-0/data/ratis/3aefa9d0-9cb2-4c59-875a-a0a34ee47e4a/in_use.lock acquired by nodename 31069@fv-az292-536
2023-11-03 16:43:22,245 [0f26992e-6b31-4649-88a0-952aab043ba5-groupManagement] INFO  storage.RaftStorage (RaftStorageImpl.java:format(96)) - Storage directory /home/runner/work/ozone/ozone/hadoop-ozone/integration-test/target/test-dir/MiniOzoneClusterImpl-70a21a17-ad3a-436a-8bc3-9a5217c2e4a5/datanode-0/data/ratis/3aefa9d0-9cb2-4c59-875a-a0a34ee47e4a has been successfully formatted.
2023-11-03 16:43:22,248 [0f26992e-6b31-4649-88a0-952aab043ba5-groupManagement] INFO  ratis.ContainerStateMachine (ContainerStateMachine.java:loadSnapshot(269)) - group-A0A34EE47E4A: The snapshot info is null. Setting the last applied indexto:(t:0, i:~)
2023-11-03 16:43:22,248 [0f26992e-6b31-4649-88a0-952aab043ba5-groupManagement] INFO  server.RaftServerConfigKeys (ConfUtils.java:logGet(46)) - raft.server.log.use.memory = false (default)
2023-11-03 16:43:22,248 [0f26992e-6b31-4649-88a0-952aab043ba5-groupManagement] INFO  server.RaftServerConfigKeys (ConfUtils.java:logGet(46)) - raft.server.log.purge.gap = 1000000 (custom)
2023-11-03 16:43:22,248 [0f26992e-6b31-4649-88a0-952aab043ba5-groupManagement] INFO  server.RaftServerConfigKeys (ConfUtils.java:logGet(46)) - raft.server.log.appender.buffer.byte-limit = 33554432 (custom)
2023-11-03 16:43:22,248 [0f26992e-6b31-4649-88a0-952aab043ba5-groupManagement] INFO  server.RaftServerConfigKeys (ConfUtils.java:logGet(46)) - raft.server.log.statemachine.data.read.timeout = 1000ms (default)
2023-11-03 16:43:22,249 [EventQueue-OpenPipelineForHealthyPipelineSafeModeRule] INFO  safemode.SCMSafeModeManager (HealthyPipelineSafeModeRule.java:process(137)) - SCM in safe mode. Healthy pipelines reported count is 0, required healthy pipeline reported count is 1
2023-11-03 16:43:22,249 [0f26992e-6b31-4649-88a0-952aab043ba5-groupManagement] INFO  server.RaftServerConfigKeys (ConfUtils.java:logGet(46)) - raft.server.log.purge.preservation.log.num = 0 (default)
2023-11-03 16:43:22,249 [0f26992e-6b31-4649-88a0-952aab043ba5-groupManagement] INFO  server.RaftServerConfigKeys (ConfUtils.java:logGet(46)) - raft.server.log.segment.size.max = 1048576 (custom)
2023-11-03 16:43:22,250 [0f26992e-6b31-4649-88a0-952aab043ba5-groupManagement] INFO  server.RaftServerConfigKeys (ConfUtils.java:logGet(46)) - raft.server.log.segment.cache.num.max = 2 (custom)
2023-11-03 16:43:22,250 [0f26992e-6b31-4649-88a0-952aab043ba5-groupManagement] INFO  server.RaftServerConfigKeys (ConfUtils.java:logGet(46)) - raft.server.log.segment.cache.size.max = 200MB (=209715200) (default)
2023-11-03 16:43:22,250 [0f26992e-6b31-4649-88a0-952aab043ba5-groupManagement] INFO  server.RaftServerConfigKeys (ConfUtils.java:logGet(46)) - raft.server.log.appender.buffer.byte-limit = 33554432 (custom)
2023-11-03 16:43:22,250 [0f26992e-6b31-4649-88a0-952aab043ba5-groupManagement] INFO  segmented.SegmentedRaftLogWorker (SegmentedRaftLogWorker.java:<init>(188)) - new 0f26992e-6b31-4649-88a0-952aab043ba5@group-A0A34EE47E4A-SegmentedRaftLogWorker for RaftStorageImpl:Storage Directory /home/runner/work/ozone/ozone/hadoop-ozone/integration-test/target/test-dir/MiniOzoneClusterImpl-70a21a17-ad3a-436a-8bc3-9a5217c2e4a5/datanode-0/data/ratis/3aefa9d0-9cb2-4c59-875a-a0a34ee47e4a
2023-11-03 16:43:22,250 [0f26992e-6b31-4649-88a0-952aab043ba5-groupManagement] INFO  server.RaftServerConfigKeys (ConfUtils.java:logGet(46)) - raft.server.log.queue.byte-limit = 4294967296 (custom)
2023-11-03 16:43:22,250 [0f26992e-6b31-4649-88a0-952aab043ba5-groupManagement] INFO  server.RaftServerConfigKeys (ConfUtils.java:logGet(46)) - raft.server.log.queue.element-limit = 1024 (custom)
2023-11-03 16:43:22,250 [0f26992e-6b31-4649-88a0-952aab043ba5-groupManagement] INFO  server.RaftServerConfigKeys (ConfUtils.java:logGet(46)) - raft.server.log.segment.size.max = 1048576 (custom)
2023-11-03 16:43:22,250 [0f26992e-6b31-4649-88a0-952aab043ba5-groupManagement] INFO  server.RaftServerConfigKeys (ConfUtils.java:logGet(46)) - raft.server.log.preallocated.size = 16384 (custom)
2023-11-03 16:43:22,250 [0f26992e-6b31-4649-88a0-952aab043ba5-groupManagement] INFO  server.RaftServerConfigKeys (ConfUtils.java:logGet(46)) - raft.server.log.force.sync.num = 128 (default)
2023-11-03 16:43:22,251 [0f26992e-6b31-4649-88a0-952aab043ba5-groupManagement] INFO  server.RaftServerConfigKeys (ConfUtils.java:logGet(46)) - raft.server.log.statemachine.data.sync = true (default)
2023-11-03 16:43:22,252 [0f26992e-6b31-4649-88a0-952aab043ba5-groupManagement] INFO  server.RaftServerConfigKeys (ConfUtils.java:logGet(46)) - raft.server.log.statemachine.data.sync.timeout = 10s (default)
2023-11-03 16:43:22,252 [0f26992e-6b31-4649-88a0-952aab043ba5-groupManagement] INFO  server.RaftServerConfigKeys (ConfUtils.java:logGet(46)) - raft.server.log.statemachine.data.sync.timeout.retry = -1 (default)
2023-11-03 16:43:22,253 [0f26992e-6b31-4649-88a0-952aab043ba5-groupManagement] INFO  server.RaftServerConfigKeys (ConfUtils.java:logGet(46)) - raft.server.log.write.buffer.size = 1048576 (custom)
2023-11-03 16:43:22,254 [0f26992e-6b31-4649-88a0-952aab043ba5-groupManagement] INFO  server.RaftServerConfigKeys (ConfUtils.java:logGet(46)) - raft.server.log.appender.buffer.byte-limit = 33554432 (custom)
2023-11-03 16:43:22,257 [eb78666f-144a-4911-8bcc-69658dd2d46c-groupManagement] INFO  server.RaftServer$Division (RaftServerImpl.java:<init>(198)) - eb78666f-144a-4911-8bcc-69658dd2d46c: new RaftServerImpl for group-AE65144C406C:[eb78666f-144a-4911-8bcc-69658dd2d46c|rpc:10.1.0.19:15076|admin:10.1.0.19:15075|client:10.1.0.19:15074|dataStream:10.1.0.19:15077|priority:1|startupRole:FOLLOWER] with ContainerStateMachine:uninitialized
2023-11-03 16:43:22,257 [eb78666f-144a-4911-8bcc-69658dd2d46c-groupManagement] INFO  server.RaftServerConfigKeys (ConfUtils.java:logGet(46)) - raft.server.rpc.timeout.min = 5s (custom)
2023-11-03 16:43:22,257 [eb78666f-144a-4911-8bcc-69658dd2d46c-groupManagement] INFO  server.RaftServerConfigKeys (ConfUtils.java:logGet(46)) - raft.server.rpc.timeout.max = 5200ms (custom)
2023-11-03 16:43:22,257 [eb78666f-144a-4911-8bcc-69658dd2d46c-groupManagement] INFO  server.RaftServerConfigKeys (ConfUtils.java:logGet(46)) - raft.server.rpc.sleep.time = 25ms (default)
2023-11-03 16:43:22,257 [eb78666f-144a-4911-8bcc-69658dd2d46c-groupManagement] INFO  server.RaftServerConfigKeys (ConfUtils.java:logGet(46)) - raft.server.rpc.slowness.timeout = 300s (custom)
2023-11-03 16:43:22,257 [eb78666f-144a-4911-8bcc-69658dd2d46c-groupManagement] INFO  server.RaftServerConfigKeys (ConfUtils.java:logGet(46)) - raft.server.leaderelection.leader.step-down.wait-time = 10s (default)
2023-11-03 16:43:22,258 [eb78666f-144a-4911-8bcc-69658dd2d46c-groupManagement] INFO  server.RaftServerConfigKeys (ConfUtils.java:logGet(46)) - raft.server.sleep.deviation.threshold = 300ms (default)
2023-11-03 16:43:22,258 [eb78666f-144a-4911-8bcc-69658dd2d46c-groupManagement] INFO  server.RaftServer$Division (ServerState.java:<init>(120)) - eb78666f-144a-4911-8bcc-69658dd2d46c@group-AE65144C406C: ConfigurationManager, init=-1: peers:[eb78666f-144a-4911-8bcc-69658dd2d46c|rpc:10.1.0.19:15076|admin:10.1.0.19:15075|client:10.1.0.19:15074|dataStream:10.1.0.19:15077|priority:1|startupRole:FOLLOWER]|listeners:[], old=null, confs=<EMPTY_MAP>
2023-11-03 16:43:22,258 [eb78666f-144a-4911-8bcc-69658dd2d46c-groupManagement] INFO  server.RaftServerConfigKeys (ConfUtils.java:logGet(46)) - raft.server.storage.dir = [/home/runner/work/ozone/ozone/hadoop-ozone/integration-test/target/test-dir/MiniOzoneClusterImpl-70a21a17-ad3a-436a-8bc3-9a5217c2e4a5/datanode-1/data/ratis] (custom)
2023-11-03 16:43:22,258 [eb78666f-144a-4911-8bcc-69658dd2d46c-groupManagement] INFO  server.RaftServerConfigKeys (ConfUtils.java:logGet(46)) - raft.server.log.corruption.policy = EXCEPTION (default)
2023-11-03 16:43:22,258 [eb78666f-144a-4911-8bcc-69658dd2d46c-groupManagement] INFO  server.RaftServerConfigKeys (ConfUtils.java:logGet(46)) - raft.server.storage.free-space.min = 0MB (=0) (default)
2023-11-03 16:43:22,258 [eb78666f-144a-4911-8bcc-69658dd2d46c-groupManagement] INFO  server.RaftServerConfigKeys (ConfUtils.java:logGet(46)) - raft.server.notification.no-leader.timeout = 300s (custom)
2023-11-03 16:43:22,258 [eb78666f-144a-4911-8bcc-69658dd2d46c-groupManagement] INFO  server.RaftServerConfigKeys (ConfUtils.java:logGet(46)) - raft.server.read.timeout = 10s (default)
2023-11-03 16:43:22,258 [eb78666f-144a-4911-8bcc-69658dd2d46c-groupManagement] INFO  server.RaftServerConfigKeys (ConfUtils.java:logGet(46)) - raft.server.retrycache.expirytime = 600000ms (custom)
2023-11-03 16:43:22,258 [eb78666f-144a-4911-8bcc-69658dd2d46c-groupManagement] INFO  server.RaftServerConfigKeys (ConfUtils.java:logGet(46)) - raft.server.retrycache.statistics.expirytime = 100μs (default)
2023-11-03 16:43:22,259 [eb78666f-144a-4911-8bcc-69658dd2d46c-groupManagement] INFO  server.RaftServerConfigKeys (ConfUtils.java:logGet(46)) - raft.server.read.option = DEFAULT (default)
2023-11-03 16:43:22,260 [eb78666f-144a-4911-8bcc-69658dd2d46c-groupManagement] INFO  server.RaftServerConfigKeys (ConfUtils.java:logGet(46)) - raft.server.rpc.request.timeout = 60s (custom)
2023-11-03 16:43:22,260 [eb78666f-144a-4911-8bcc-69658dd2d46c-groupManagement] INFO  server.RaftServerConfigKeys (ConfUtils.java:logGet(46)) - raft.server.log.appender.install.snapshot.enabled = false (custom)
2023-11-03 16:43:22,260 [eb78666f-144a-4911-8bcc-69658dd2d46c-groupManagement] INFO  server.RaftServerConfigKeys (ConfUtils.java:logGet(46)) - raft.server.threadpool.server.cached = true (default)
2023-11-03 16:43:22,260 [eb78666f-144a-4911-8bcc-69658dd2d46c-groupManagement] INFO  server.RaftServerConfigKeys (ConfUtils.java:logGet(46)) - raft.server.threadpool.server.size = 0 (default)
2023-11-03 16:43:22,260 [eb78666f-144a-4911-8bcc-69658dd2d46c-groupManagement] INFO  server.RaftServerConfigKeys (ConfUtils.java:logGet(46)) - raft.server.threadpool.client.cached = true (default)
2023-11-03 16:43:22,260 [eb78666f-144a-4911-8bcc-69658dd2d46c-groupManagement] INFO  server.RaftServerConfigKeys (ConfUtils.java:logGet(46)) - raft.server.threadpool.client.size = 0 (default)
2023-11-03 16:43:22,261 [eb78666f-144a-4911-8bcc-69658dd2d46c-PipelineCommandHandlerThread-0] INFO  server.RaftServer (RaftServerProxy.java:addNew(98)) - eb78666f-144a-4911-8bcc-69658dd2d46c: addNew group-AE65144C406C:[eb78666f-144a-4911-8bcc-69658dd2d46c|rpc:10.1.0.19:15076|admin:10.1.0.19:15075|client:10.1.0.19:15074|dataStream:10.1.0.19:15077|priority:1|startupRole:FOLLOWER] returns      null eb78666f-144a-4911-8bcc-69658dd2d46c@group-AE65144C406C:t0, leader=null, voted=null, raftlog=UNINITIALIZED, conf=-1: peers:[eb78666f-144a-4911-8bcc-69658dd2d46c|rpc:10.1.0.19:15076|admin:10.1.0.19:15075|client:10.1.0.19:15074|dataStream:10.1.0.19:15077|priority:1|startupRole:FOLLOWER]|listeners:[], old=null NEW
2023-11-03 16:43:22,261 [eb78666f-144a-4911-8bcc-69658dd2d46c-groupManagement] INFO  storage.RaftStorageDirectory (RaftStorageDirectoryImpl.java:analyzeStorage(137)) - The storage directory /home/runner/work/ozone/ozone/hadoop-ozone/integration-test/target/test-dir/MiniOzoneClusterImpl-70a21a17-ad3a-436a-8bc3-9a5217c2e4a5/datanode-1/data/ratis/00cd4cc3-9f92-4c7e-8a9b-ae65144c406c does not exist. Creating ...
2023-11-03 16:43:22,263 [eb78666f-144a-4911-8bcc-69658dd2d46c-groupManagement] INFO  storage.RaftStorageDirectory (RaftStorageDirectoryImpl.java:tryLock(231)) - Lock on /home/runner/work/ozone/ozone/hadoop-ozone/integration-test/target/test-dir/MiniOzoneClusterImpl-70a21a17-ad3a-436a-8bc3-9a5217c2e4a5/datanode-1/data/ratis/00cd4cc3-9f92-4c7e-8a9b-ae65144c406c/in_use.lock acquired by nodename 31069@fv-az292-536
2023-11-03 16:43:22,267 [0f26992e-6b31-4649-88a0-952aab043ba5-groupManagement] INFO  server.RaftServerConfigKeys (ConfUtils.java:logGet(46)) - raft.server.log.unsafe-flush.enabled = false (default)
2023-11-03 16:43:22,267 [eb78666f-144a-4911-8bcc-69658dd2d46c-groupManagement] INFO  storage.RaftStorage (RaftStorageImpl.java:format(96)) - Storage directory /home/runner/work/ozone/ozone/hadoop-ozone/integration-test/target/test-dir/MiniOzoneClusterImpl-70a21a17-ad3a-436a-8bc3-9a5217c2e4a5/datanode-1/data/ratis/00cd4cc3-9f92-4c7e-8a9b-ae65144c406c has been successfully formatted.
2023-11-03 16:43:22,267 [0f26992e-6b31-4649-88a0-952aab043ba5-groupManagement] INFO  server.RaftServerConfigKeys (ConfUtils.java:logGet(46)) - raft.server.log.async-flush.enabled = false (default)
2023-11-03 16:43:22,267 [0f26992e-6b31-4649-88a0-952aab043ba5-groupManagement] INFO  server.RaftServerConfigKeys (ConfUtils.java:logGet(46)) - raft.server.log.statemachine.data.caching.enabled = true (custom)
2023-11-03 16:43:22,267 [0f26992e-6b31-4649-88a0-952aab043ba5-groupManagement] INFO  segmented.SegmentedRaftLogWorker (SegmentedRaftLogWorker.java:lambda$new$0(135)) - 0f26992e-6b31-4649-88a0-952aab043ba5@group-A0A34EE47E4A-SegmentedRaftLogWorker: flushIndex: setUnconditionally 0 -> -1
2023-11-03 16:43:22,268 [0f26992e-6b31-4649-88a0-952aab043ba5-groupManagement] INFO  segmented.SegmentedRaftLogWorker (SegmentedRaftLogWorker.java:lambda$new$0(135)) - 0f26992e-6b31-4649-88a0-952aab043ba5@group-A0A34EE47E4A-SegmentedRaftLogWorker: safeCacheEvictIndex: setUnconditionally 0 -> -1
2023-11-03 16:43:22,268 [eb78666f-144a-4911-8bcc-69658dd2d46c-groupManagement] INFO  ratis.ContainerStateMachine (ContainerStateMachine.java:loadSnapshot(269)) - group-AE65144C406C: The snapshot info is null. Setting the last applied indexto:(t:0, i:~)
2023-11-03 16:43:22,268 [eb78666f-144a-4911-8bcc-69658dd2d46c-groupManagement] INFO  server.RaftServerConfigKeys (ConfUtils.java:logGet(46)) - raft.server.log.use.memory = false (default)
2023-11-03 16:43:22,268 [eb78666f-144a-4911-8bcc-69658dd2d46c-groupManagement] INFO  server.RaftServerConfigKeys (ConfUtils.java:logGet(46)) - raft.server.log.purge.gap = 1000000 (custom)
2023-11-03 16:43:22,268 [eb78666f-144a-4911-8bcc-69658dd2d46c-groupManagement] INFO  server.RaftServerConfigKeys (ConfUtils.java:logGet(46)) - raft.server.log.appender.buffer.byte-limit = 33554432 (custom)
2023-11-03 16:43:22,268 [eb78666f-144a-4911-8bcc-69658dd2d46c-groupManagement] INFO  server.RaftServerConfigKeys (ConfUtils.java:logGet(46)) - raft.server.log.statemachine.data.read.timeout = 1000ms (default)
2023-11-03 16:43:22,268 [eb78666f-144a-4911-8bcc-69658dd2d46c-groupManagement] INFO  server.RaftServerConfigKeys (ConfUtils.java:logGet(46)) - raft.server.log.purge.preservation.log.num = 0 (default)
2023-11-03 16:43:22,269 [eb78666f-144a-4911-8bcc-69658dd2d46c-groupManagement] INFO  server.RaftServerConfigKeys (ConfUtils.java:logGet(46)) - raft.server.log.segment.size.max = 1048576 (custom)
2023-11-03 16:43:22,269 [eb78666f-144a-4911-8bcc-69658dd2d46c-groupManagement] INFO  server.RaftServerConfigKeys (ConfUtils.java:logGet(46)) - raft.server.log.segment.cache.num.max = 2 (custom)
2023-11-03 16:43:22,269 [eb78666f-144a-4911-8bcc-69658dd2d46c-groupManagement] INFO  server.RaftServerConfigKeys (ConfUtils.java:logGet(46)) - raft.server.log.segment.cache.size.max = 200MB (=209715200) (default)
2023-11-03 16:43:22,269 [eb78666f-144a-4911-8bcc-69658dd2d46c-groupManagement] INFO  server.RaftServerConfigKeys (ConfUtils.java:logGet(46)) - raft.server.log.appender.buffer.byte-limit = 33554432 (custom)
2023-11-03 16:43:22,269 [eb78666f-144a-4911-8bcc-69658dd2d46c-groupManagement] INFO  segmented.SegmentedRaftLogWorker (SegmentedRaftLogWorker.java:<init>(188)) - new eb78666f-144a-4911-8bcc-69658dd2d46c@group-AE65144C406C-SegmentedRaftLogWorker for RaftStorageImpl:Storage Directory /home/runner/work/ozone/ozone/hadoop-ozone/integration-test/target/test-dir/MiniOzoneClusterImpl-70a21a17-ad3a-436a-8bc3-9a5217c2e4a5/datanode-1/data/ratis/00cd4cc3-9f92-4c7e-8a9b-ae65144c406c
2023-11-03 16:43:22,269 [eb78666f-144a-4911-8bcc-69658dd2d46c-groupManagement] INFO  server.RaftServerConfigKeys (ConfUtils.java:logGet(46)) - raft.server.log.queue.byte-limit = 4294967296 (custom)
2023-11-03 16:43:22,270 [EventQueue-PipelineReportForPipelineReportHandler] INFO  pipeline.PipelineReportHandler (PipelineReportHandler.java:processPipelineReport(136)) - Opened pipeline PipelineID=00cd4cc3-9f92-4c7e-8a9b-ae65144c406c
2023-11-03 16:43:22,270 [eb78666f-144a-4911-8bcc-69658dd2d46c-groupManagement] INFO  server.RaftServerConfigKeys (ConfUtils.java:logGet(46)) - raft.server.log.queue.element-limit = 1024 (custom)
2023-11-03 16:43:22,271 [eb78666f-144a-4911-8bcc-69658dd2d46c-groupManagement] INFO  server.RaftServerConfigKeys (ConfUtils.java:logGet(46)) - raft.server.log.segment.size.max = 1048576 (custom)
2023-11-03 16:43:22,271 [eb78666f-144a-4911-8bcc-69658dd2d46c-groupManagement] INFO  server.RaftServerConfigKeys (ConfUtils.java:logGet(46)) - raft.server.log.preallocated.size = 16384 (custom)
2023-11-03 16:43:22,271 [eb78666f-144a-4911-8bcc-69658dd2d46c-groupManagement] INFO  server.RaftServerConfigKeys (ConfUtils.java:logGet(46)) - raft.server.log.force.sync.num = 128 (default)
2023-11-03 16:43:22,271 [eb78666f-144a-4911-8bcc-69658dd2d46c-groupManagement] INFO  server.RaftServerConfigKeys (ConfUtils.java:logGet(46)) - raft.server.log.statemachine.data.sync = true (default)
2023-11-03 16:43:22,271 [eb78666f-144a-4911-8bcc-69658dd2d46c-groupManagement] INFO  server.RaftServerConfigKeys (ConfUtils.java:logGet(46)) - raft.server.log.statemachine.data.sync.timeout = 10s (default)
2023-11-03 16:43:22,271 [eb78666f-144a-4911-8bcc-69658dd2d46c-groupManagement] INFO  server.RaftServerConfigKeys (ConfUtils.java:logGet(46)) - raft.server.log.statemachine.data.sync.timeout.retry = -1 (default)
2023-11-03 16:43:22,271 [0f26992e-6b31-4649-88a0-952aab043ba5-groupManagement] INFO  server.RaftServer$Division (RaftServerImpl.java:start(342)) - 0f26992e-6b31-4649-88a0-952aab043ba5@group-A0A34EE47E4A: start as a follower, conf=-1: peers:[349d905f-d502-4286-9c03-ebe0308a99ac|rpc:10.1.0.19:15085|admin:10.1.0.19:15084|client:10.1.0.19:15083|dataStream:10.1.0.19:15086|priority:0|startupRole:FOLLOWER, 0f26992e-6b31-4649-88a0-952aab043ba5|rpc:10.1.0.19:15067|admin:10.1.0.19:15066|client:10.1.0.19:15065|dataStream:10.1.0.19:15068|priority:0|startupRole:FOLLOWER, eb78666f-144a-4911-8bcc-69658dd2d46c|rpc:10.1.0.19:15076|admin:10.1.0.19:15075|client:10.1.0.19:15074|dataStream:10.1.0.19:15077|priority:1|startupRole:FOLLOWER]|listeners:[], old=null
2023-11-03 16:43:22,272 [0f26992e-6b31-4649-88a0-952aab043ba5-groupManagement] INFO  server.RaftServer$Division (RaftServerImpl.java:setRole(329)) - 0f26992e-6b31-4649-88a0-952aab043ba5@group-A0A34EE47E4A: changes role from      null to FOLLOWER at term 0 for startAsFollower
2023-11-03 16:43:22,272 [0f26992e-6b31-4649-88a0-952aab043ba5-groupManagement] INFO  impl.RoleInfo (RoleInfo.java:updateAndGet(139)) - 0f26992e-6b31-4649-88a0-952aab043ba5: start 0f26992e-6b31-4649-88a0-952aab043ba5@group-A0A34EE47E4A-FollowerState
2023-11-03 16:43:22,271 [EventQueue-OpenPipelineForHealthyPipelineSafeModeRule] INFO  safemode.SCMSafeModeManager (HealthyPipelineSafeModeRule.java:process(137)) - SCM in safe mode. Healthy pipelines reported count is 0, required healthy pipeline reported count is 1
2023-11-03 16:43:22,272 [eb78666f-144a-4911-8bcc-69658dd2d46c-groupManagement] INFO  server.RaftServerConfigKeys (ConfUtils.java:logGet(46)) - raft.server.log.write.buffer.size = 1048576 (custom)
2023-11-03 16:43:22,272 [0f26992e-6b31-4649-88a0-952aab043ba5-groupManagement] INFO  util.JmxRegister (JmxRegister.java:tryRegister(44)) - Successfully registered JMX Bean with object name Ratis:service=RaftServer,group=group-A0A34EE47E4A,id=0f26992e-6b31-4649-88a0-952aab043ba5
2023-11-03 16:43:22,272 [0f26992e-6b31-4649-88a0-952aab043ba5-groupManagement] INFO  server.RaftServerConfigKeys (ConfUtils.java:logGet(46)) - raft.server.snapshot.auto.trigger.enabled = true (custom)
2023-11-03 16:43:22,272 [eb78666f-144a-4911-8bcc-69658dd2d46c-groupManagement] INFO  server.RaftServerConfigKeys (ConfUtils.java:logGet(46)) - raft.server.log.appender.buffer.byte-limit = 33554432 (custom)
2023-11-03 16:43:22,273 [0f26992e-6b31-4649-88a0-952aab043ba5@group-A0A34EE47E4A-FollowerState] INFO  server.RaftServerConfigKeys (ConfUtils.java:logFallback(53)) - raft.server.rpc.first-election.timeout.min = 5s (fallback to raft.server.rpc.timeout.min)
2023-11-03 16:43:22,273 [0f26992e-6b31-4649-88a0-952aab043ba5@group-A0A34EE47E4A-FollowerState] INFO  server.RaftServerConfigKeys (ConfUtils.java:logFallback(53)) - raft.server.rpc.first-election.timeout.max = 5200ms (fallback to raft.server.rpc.timeout.max)
2023-11-03 16:43:22,272 [0f26992e-6b31-4649-88a0-952aab043ba5-groupManagement] INFO  server.RaftServerConfigKeys (ConfUtils.java:logGet(46)) - raft.server.snapshot.auto.trigger.threshold = 10000 (custom)
2023-11-03 16:43:22,351 [0f26992e-6b31-4649-88a0-952aab043ba5-groupManagement] INFO  server.RaftServerConfigKeys (ConfUtils.java:logGet(46)) - raft.server.snapshot.retention.file.num = 5 (custom)
2023-11-03 16:43:22,351 [0f26992e-6b31-4649-88a0-952aab043ba5-groupManagement] INFO  server.RaftServerConfigKeys (ConfUtils.java:logGet(46)) - raft.server.log.purge.upto.snapshot.index = false (default)
2023-11-03 16:43:22,352 [0f26992e-6b31-4649-88a0-952aab043ba5-PipelineCommandHandlerThread-0] INFO  ratis.XceiverServerRatis (XceiverServerRatis.java:addGroup(805)) - Created group PipelineID=3aefa9d0-9cb2-4c59-875a-a0a34ee47e4a
2023-11-03 16:43:22,370 [eb78666f-144a-4911-8bcc-69658dd2d46c-groupManagement] INFO  server.RaftServerConfigKeys (ConfUtils.java:logGet(46)) - raft.server.log.unsafe-flush.enabled = false (default)
2023-11-03 16:43:22,370 [eb78666f-144a-4911-8bcc-69658dd2d46c-groupManagement] INFO  server.RaftServerConfigKeys (ConfUtils.java:logGet(46)) - raft.server.log.async-flush.enabled = false (default)
2023-11-03 16:43:22,370 [eb78666f-144a-4911-8bcc-69658dd2d46c-groupManagement] INFO  server.RaftServerConfigKeys (ConfUtils.java:logGet(46)) - raft.server.log.statemachine.data.caching.enabled = true (custom)
2023-11-03 16:43:22,370 [eb78666f-144a-4911-8bcc-69658dd2d46c-groupManagement] INFO  segmented.SegmentedRaftLogWorker (SegmentedRaftLogWorker.java:lambda$new$0(135)) - eb78666f-144a-4911-8bcc-69658dd2d46c@group-AE65144C406C-SegmentedRaftLogWorker: flushIndex: setUnconditionally 0 -> -1
2023-11-03 16:43:22,370 [eb78666f-144a-4911-8bcc-69658dd2d46c-groupManagement] INFO  segmented.SegmentedRaftLogWorker (SegmentedRaftLogWorker.java:lambda$new$0(135)) - eb78666f-144a-4911-8bcc-69658dd2d46c@group-AE65144C406C-SegmentedRaftLogWorker: safeCacheEvictIndex: setUnconditionally 0 -> -1
2023-11-03 16:43:22,381 [eb78666f-144a-4911-8bcc-69658dd2d46c-groupManagement] INFO  server.RaftServer$Division (RaftServerImpl.java:start(342)) - eb78666f-144a-4911-8bcc-69658dd2d46c@group-AE65144C406C: start as a follower, conf=-1: peers:[eb78666f-144a-4911-8bcc-69658dd2d46c|rpc:10.1.0.19:15076|admin:10.1.0.19:15075|client:10.1.0.19:15074|dataStream:10.1.0.19:15077|priority:1|startupRole:FOLLOWER]|listeners:[], old=null
2023-11-03 16:43:22,381 [eb78666f-144a-4911-8bcc-69658dd2d46c-groupManagement] INFO  server.RaftServer$Division (RaftServerImpl.java:setRole(329)) - eb78666f-144a-4911-8bcc-69658dd2d46c@group-AE65144C406C: changes role from      null to FOLLOWER at term 0 for startAsFollower
2023-11-03 16:43:22,381 [eb78666f-144a-4911-8bcc-69658dd2d46c-groupManagement] INFO  impl.RoleInfo (RoleInfo.java:updateAndGet(139)) - eb78666f-144a-4911-8bcc-69658dd2d46c: start eb78666f-144a-4911-8bcc-69658dd2d46c@group-AE65144C406C-FollowerState
2023-11-03 16:43:22,392 [eb78666f-144a-4911-8bcc-69658dd2d46c-groupManagement] INFO  util.JmxRegister (JmxRegister.java:tryRegister(44)) - Successfully registered JMX Bean with object name Ratis:service=RaftServer,group=group-AE65144C406C,id=eb78666f-144a-4911-8bcc-69658dd2d46c
2023-11-03 16:43:22,393 [eb78666f-144a-4911-8bcc-69658dd2d46c-groupManagement] INFO  server.RaftServerConfigKeys (ConfUtils.java:logGet(46)) - raft.server.snapshot.auto.trigger.enabled = true (custom)
2023-11-03 16:43:22,393 [eb78666f-144a-4911-8bcc-69658dd2d46c-groupManagement] INFO  server.RaftServerConfigKeys (ConfUtils.java:logGet(46)) - raft.server.snapshot.auto.trigger.threshold = 10000 (custom)
2023-11-03 16:43:22,393 [eb78666f-144a-4911-8bcc-69658dd2d46c-groupManagement] INFO  server.RaftServerConfigKeys (ConfUtils.java:logGet(46)) - raft.server.snapshot.retention.file.num = 5 (custom)
2023-11-03 16:43:22,393 [eb78666f-144a-4911-8bcc-69658dd2d46c-groupManagement] INFO  server.RaftServerConfigKeys (ConfUtils.java:logGet(46)) - raft.server.log.purge.upto.snapshot.index = false (default)
2023-11-03 16:43:22,393 [eb78666f-144a-4911-8bcc-69658dd2d46c@group-AE65144C406C-FollowerState] INFO  server.RaftServerConfigKeys (ConfUtils.java:logFallback(53)) - raft.server.rpc.first-election.timeout.min = 5s (fallback to raft.server.rpc.timeout.min)
2023-11-03 16:43:22,394 [eb78666f-144a-4911-8bcc-69658dd2d46c@group-AE65144C406C-FollowerState] INFO  server.RaftServerConfigKeys (ConfUtils.java:logFallback(53)) - raft.server.rpc.first-election.timeout.max = 5200ms (fallback to raft.server.rpc.timeout.max)
2023-11-03 16:43:22,404 [eb78666f-144a-4911-8bcc-69658dd2d46c-PipelineCommandHandlerThread-0] INFO  ratis.XceiverServerRatis (XceiverServerRatis.java:addGroup(805)) - Created group PipelineID=00cd4cc3-9f92-4c7e-8a9b-ae65144c406c
2023-11-03 16:43:22,404 [eb78666f-144a-4911-8bcc-69658dd2d46c-PipelineCommandHandlerThread-0] INFO  commandhandler.CreatePipelineCommandHandler (CreatePipelineCommandHandler.java:lambda$handle$2(124)) - Created Pipeline RATIS ONE PipelineID=00cd4cc3-9f92-4c7e-8a9b-ae65144c406c.
2023-11-03 16:43:22,404 [eb78666f-144a-4911-8bcc-69658dd2d46c-PipelineCommandHandlerThread-0] INFO  server.RaftServer (RaftServerProxy.java:addNew(98)) - eb78666f-144a-4911-8bcc-69658dd2d46c: addNew group-A0A34EE47E4A:[349d905f-d502-4286-9c03-ebe0308a99ac|rpc:10.1.0.19:15085|admin:10.1.0.19:15084|client:10.1.0.19:15083|dataStream:10.1.0.19:15086|priority:0|startupRole:FOLLOWER, 0f26992e-6b31-4649-88a0-952aab043ba5|rpc:10.1.0.19:15067|admin:10.1.0.19:15066|client:10.1.0.19:15065|dataStream:10.1.0.19:15068|priority:0|startupRole:FOLLOWER, eb78666f-144a-4911-8bcc-69658dd2d46c|rpc:10.1.0.19:15076|admin:10.1.0.19:15075|client:10.1.0.19:15074|dataStream:10.1.0.19:15077|priority:1|startupRole:FOLLOWER] returns group-A0A34EE47E4A:java.util.concurrent.CompletableFuture@2beed5e4[Not completed]
2023-11-03 16:43:22,412 [grpc-default-executor-0] INFO  server.RaftServer (RaftServerProxy.java:addNew(98)) - 349d905f-d502-4286-9c03-ebe0308a99ac: addNew group-A0A34EE47E4A:[349d905f-d502-4286-9c03-ebe0308a99ac|rpc:10.1.0.19:15085|admin:10.1.0.19:15084|client:10.1.0.19:15083|dataStream:10.1.0.19:15086|priority:0|startupRole:FOLLOWER, 0f26992e-6b31-4649-88a0-952aab043ba5|rpc:10.1.0.19:15067|admin:10.1.0.19:15066|client:10.1.0.19:15065|dataStream:10.1.0.19:15068|priority:0|startupRole:FOLLOWER, eb78666f-144a-4911-8bcc-69658dd2d46c|rpc:10.1.0.19:15076|admin:10.1.0.19:15075|client:10.1.0.19:15074|dataStream:10.1.0.19:15077|priority:1|startupRole:FOLLOWER] returns group-A0A34EE47E4A:java.util.concurrent.CompletableFuture@3fb64fbe[Not completed]
2023-11-03 16:43:22,413 [eb78666f-144a-4911-8bcc-69658dd2d46c-groupManagement] INFO  server.RaftServer$Division (RaftServerImpl.java:<init>(198)) - eb78666f-144a-4911-8bcc-69658dd2d46c: new RaftServerImpl for group-A0A34EE47E4A:[349d905f-d502-4286-9c03-ebe0308a99ac|rpc:10.1.0.19:15085|admin:10.1.0.19:15084|client:10.1.0.19:15083|dataStream:10.1.0.19:15086|priority:0|startupRole:FOLLOWER, 0f26992e-6b31-4649-88a0-952aab043ba5|rpc:10.1.0.19:15067|admin:10.1.0.19:15066|client:10.1.0.19:15065|dataStream:10.1.0.19:15068|priority:0|startupRole:FOLLOWER, eb78666f-144a-4911-8bcc-69658dd2d46c|rpc:10.1.0.19:15076|admin:10.1.0.19:15075|client:10.1.0.19:15074|dataStream:10.1.0.19:15077|priority:1|startupRole:FOLLOWER] with ContainerStateMachine:uninitialized
2023-11-03 16:43:22,413 [349d905f-d502-4286-9c03-ebe0308a99ac-groupManagement] INFO  server.RaftServer$Division (RaftServerImpl.java:<init>(198)) - 349d905f-d502-4286-9c03-ebe0308a99ac: new RaftServerImpl for group-A0A34EE47E4A:[349d905f-d502-4286-9c03-ebe0308a99ac|rpc:10.1.0.19:15085|admin:10.1.0.19:15084|client:10.1.0.19:15083|dataStream:10.1.0.19:15086|priority:0|startupRole:FOLLOWER, 0f26992e-6b31-4649-88a0-952aab043ba5|rpc:10.1.0.19:15067|admin:10.1.0.19:15066|client:10.1.0.19:15065|dataStream:10.1.0.19:15068|priority:0|startupRole:FOLLOWER, eb78666f-144a-4911-8bcc-69658dd2d46c|rpc:10.1.0.19:15076|admin:10.1.0.19:15075|client:10.1.0.19:15074|dataStream:10.1.0.19:15077|priority:1|startupRole:FOLLOWER] with ContainerStateMachine:uninitialized
2023-11-03 16:43:22,413 [349d905f-d502-4286-9c03-ebe0308a99ac-groupManagement] INFO  server.RaftServerConfigKeys (ConfUtils.java:logGet(46)) - raft.server.rpc.timeout.min = 5s (custom)
2023-11-03 16:43:22,413 [349d905f-d502-4286-9c03-ebe0308a99ac-groupManagement] INFO  server.RaftServerConfigKeys (ConfUtils.java:logGet(46)) - raft.server.rpc.timeout.max = 5200ms (custom)
2023-11-03 16:43:22,413 [349d905f-d502-4286-9c03-ebe0308a99ac-groupManagement] INFO  server.RaftServerConfigKeys (ConfUtils.java:logGet(46)) - raft.server.rpc.sleep.time = 25ms (default)
2023-11-03 16:43:22,413 [349d905f-d502-4286-9c03-ebe0308a99ac-groupManagement] INFO  server.RaftServerConfigKeys (ConfUtils.java:logGet(46)) - raft.server.rpc.slowness.timeout = 300s (custom)
2023-11-03 16:43:22,413 [349d905f-d502-4286-9c03-ebe0308a99ac-groupManagement] INFO  server.RaftServerConfigKeys (ConfUtils.java:logGet(46)) - raft.server.leaderelection.leader.step-down.wait-time = 10s (default)
2023-11-03 16:43:22,413 [349d905f-d502-4286-9c03-ebe0308a99ac-groupManagement] INFO  server.RaftServerConfigKeys (ConfUtils.java:logGet(46)) - raft.server.sleep.deviation.threshold = 300ms (default)
2023-11-03 16:43:22,413 [349d905f-d502-4286-9c03-ebe0308a99ac-groupManagement] INFO  server.RaftServer$Division (ServerState.java:<init>(120)) - 349d905f-d502-4286-9c03-ebe0308a99ac@group-A0A34EE47E4A: ConfigurationManager, init=-1: peers:[349d905f-d502-4286-9c03-ebe0308a99ac|rpc:10.1.0.19:15085|admin:10.1.0.19:15084|client:10.1.0.19:15083|dataStream:10.1.0.19:15086|priority:0|startupRole:FOLLOWER, 0f26992e-6b31-4649-88a0-952aab043ba5|rpc:10.1.0.19:15067|admin:10.1.0.19:15066|client:10.1.0.19:15065|dataStream:10.1.0.19:15068|priority:0|startupRole:FOLLOWER, eb78666f-144a-4911-8bcc-69658dd2d46c|rpc:10.1.0.19:15076|admin:10.1.0.19:15075|client:10.1.0.19:15074|dataStream:10.1.0.19:15077|priority:1|startupRole:FOLLOWER]|listeners:[], old=null, confs=<EMPTY_MAP>
2023-11-03 16:43:22,413 [349d905f-d502-4286-9c03-ebe0308a99ac-groupManagement] INFO  server.RaftServerConfigKeys (ConfUtils.java:logGet(46)) - raft.server.storage.dir = [/home/runner/work/ozone/ozone/hadoop-ozone/integration-test/target/test-dir/MiniOzoneClusterImpl-70a21a17-ad3a-436a-8bc3-9a5217c2e4a5/datanode-2/data/ratis] (custom)
2023-11-03 16:43:22,413 [eb78666f-144a-4911-8bcc-69658dd2d46c-groupManagement] INFO  server.RaftServerConfigKeys (ConfUtils.java:logGet(46)) - raft.server.rpc.timeout.min = 5s (custom)
2023-11-03 16:43:22,419 [eb78666f-144a-4911-8bcc-69658dd2d46c-groupManagement] INFO  server.RaftServerConfigKeys (ConfUtils.java:logGet(46)) - raft.server.rpc.timeout.max = 5200ms (custom)
2023-11-03 16:43:22,419 [eb78666f-144a-4911-8bcc-69658dd2d46c-groupManagement] INFO  server.RaftServerConfigKeys (ConfUtils.java:logGet(46)) - raft.server.rpc.sleep.time = 25ms (default)
2023-11-03 16:43:22,419 [eb78666f-144a-4911-8bcc-69658dd2d46c-groupManagement] INFO  server.RaftServerConfigKeys (ConfUtils.java:logGet(46)) - raft.server.rpc.slowness.timeout = 300s (custom)
2023-11-03 16:43:22,419 [eb78666f-144a-4911-8bcc-69658dd2d46c-groupManagement] INFO  server.RaftServerConfigKeys (ConfUtils.java:logGet(46)) - raft.server.leaderelection.leader.step-down.wait-time = 10s (default)
2023-11-03 16:43:22,419 [eb78666f-144a-4911-8bcc-69658dd2d46c-groupManagement] INFO  server.RaftServerConfigKeys (ConfUtils.java:logGet(46)) - raft.server.sleep.deviation.threshold = 300ms (default)
2023-11-03 16:43:22,419 [eb78666f-144a-4911-8bcc-69658dd2d46c-groupManagement] INFO  server.RaftServer$Division (ServerState.java:<init>(120)) - eb78666f-144a-4911-8bcc-69658dd2d46c@group-A0A34EE47E4A: ConfigurationManager, init=-1: peers:[349d905f-d502-4286-9c03-ebe0308a99ac|rpc:10.1.0.19:15085|admin:10.1.0.19:15084|client:10.1.0.19:15083|dataStream:10.1.0.19:15086|priority:0|startupRole:FOLLOWER, 0f26992e-6b31-4649-88a0-952aab043ba5|rpc:10.1.0.19:15067|admin:10.1.0.19:15066|client:10.1.0.19:15065|dataStream:10.1.0.19:15068|priority:0|startupRole:FOLLOWER, eb78666f-144a-4911-8bcc-69658dd2d46c|rpc:10.1.0.19:15076|admin:10.1.0.19:15075|client:10.1.0.19:15074|dataStream:10.1.0.19:15077|priority:1|startupRole:FOLLOWER]|listeners:[], old=null, confs=<EMPTY_MAP>
2023-11-03 16:43:22,419 [eb78666f-144a-4911-8bcc-69658dd2d46c-groupManagement] INFO  server.RaftServerConfigKeys (ConfUtils.java:logGet(46)) - raft.server.storage.dir = [/home/runner/work/ozone/ozone/hadoop-ozone/integration-test/target/test-dir/MiniOzoneClusterImpl-70a21a17-ad3a-436a-8bc3-9a5217c2e4a5/datanode-1/data/ratis] (custom)
2023-11-03 16:43:22,419 [eb78666f-144a-4911-8bcc-69658dd2d46c-groupManagement] INFO  server.RaftServerConfigKeys (ConfUtils.java:logGet(46)) - raft.server.log.corruption.policy = EXCEPTION (default)
2023-11-03 16:43:22,419 [eb78666f-144a-4911-8bcc-69658dd2d46c-groupManagement] INFO  server.RaftServerConfigKeys (ConfUtils.java:logGet(46)) - raft.server.storage.free-space.min = 0MB (=0) (default)
2023-11-03 16:43:22,419 [eb78666f-144a-4911-8bcc-69658dd2d46c-groupManagement] INFO  server.RaftServerConfigKeys (ConfUtils.java:logGet(46)) - raft.server.notification.no-leader.timeout = 300s (custom)
2023-11-03 16:43:22,419 [eb78666f-144a-4911-8bcc-69658dd2d46c-groupManagement] INFO  server.RaftServerConfigKeys (ConfUtils.java:logGet(46)) - raft.server.read.timeout = 10s (default)
2023-11-03 16:43:22,420 [eb78666f-144a-4911-8bcc-69658dd2d46c-groupManagement] INFO  server.RaftServerConfigKeys (ConfUtils.java:logGet(46)) - raft.server.retrycache.expirytime = 600000ms (custom)
2023-11-03 16:43:22,420 [eb78666f-144a-4911-8bcc-69658dd2d46c-groupManagement] INFO  server.RaftServerConfigKeys (ConfUtils.java:logGet(46)) - raft.server.retrycache.statistics.expirytime = 100μs (default)
2023-11-03 16:43:22,420 [eb78666f-144a-4911-8bcc-69658dd2d46c-groupManagement] INFO  server.RaftServerConfigKeys (ConfUtils.java:logGet(46)) - raft.server.read.option = DEFAULT (default)
2023-11-03 16:43:22,421 [eb78666f-144a-4911-8bcc-69658dd2d46c-groupManagement] INFO  server.RaftServerConfigKeys (ConfUtils.java:logGet(46)) - raft.server.rpc.request.timeout = 60s (custom)
2023-11-03 16:43:22,421 [eb78666f-144a-4911-8bcc-69658dd2d46c-groupManagement] INFO  server.RaftServerConfigKeys (ConfUtils.java:logGet(46)) - raft.server.log.appender.install.snapshot.enabled = false (custom)
2023-11-03 16:43:22,421 [eb78666f-144a-4911-8bcc-69658dd2d46c-groupManagement] INFO  server.RaftServerConfigKeys (ConfUtils.java:logGet(46)) - raft.server.threadpool.server.cached = true (default)
2023-11-03 16:43:22,421 [eb78666f-144a-4911-8bcc-69658dd2d46c-groupManagement] INFO  server.RaftServerConfigKeys (ConfUtils.java:logGet(46)) - raft.server.threadpool.server.size = 0 (default)
2023-11-03 16:43:22,421 [eb78666f-144a-4911-8bcc-69658dd2d46c-groupManagement] INFO  server.RaftServerConfigKeys (ConfUtils.java:logGet(46)) - raft.server.threadpool.client.cached = true (default)
2023-11-03 16:43:22,417 [349d905f-d502-4286-9c03-ebe0308a99ac-groupManagement] INFO  server.RaftServerConfigKeys (ConfUtils.java:logGet(46)) - raft.server.log.corruption.policy = EXCEPTION (default)
2023-11-03 16:43:22,421 [eb78666f-144a-4911-8bcc-69658dd2d46c-groupManagement] INFO  server.RaftServerConfigKeys (ConfUtils.java:logGet(46)) - raft.server.threadpool.client.size = 0 (default)
2023-11-03 16:43:22,421 [349d905f-d502-4286-9c03-ebe0308a99ac-groupManagement] INFO  server.RaftServerConfigKeys (ConfUtils.java:logGet(46)) - raft.server.storage.free-space.min = 0MB (=0) (default)
2023-11-03 16:43:22,421 [349d905f-d502-4286-9c03-ebe0308a99ac-groupManagement] INFO  server.RaftServerConfigKeys (ConfUtils.java:logGet(46)) - raft.server.notification.no-leader.timeout = 300s (custom)
2023-11-03 16:43:22,421 [eb78666f-144a-4911-8bcc-69658dd2d46c-groupManagement] INFO  storage.RaftStorageDirectory (RaftStorageDirectoryImpl.java:analyzeStorage(137)) - The storage directory /home/runner/work/ozone/ozone/hadoop-ozone/integration-test/target/test-dir/MiniOzoneClusterImpl-70a21a17-ad3a-436a-8bc3-9a5217c2e4a5/datanode-1/data/ratis/3aefa9d0-9cb2-4c59-875a-a0a34ee47e4a does not exist. Creating ...
2023-11-03 16:43:22,421 [349d905f-d502-4286-9c03-ebe0308a99ac-groupManagement] INFO  server.RaftServerConfigKeys (ConfUtils.java:logGet(46)) - raft.server.read.timeout = 10s (default)
2023-11-03 16:43:22,421 [349d905f-d502-4286-9c03-ebe0308a99ac-groupManagement] INFO  server.RaftServerConfigKeys (ConfUtils.java:logGet(46)) - raft.server.retrycache.expirytime = 600000ms (custom)
2023-11-03 16:43:22,421 [349d905f-d502-4286-9c03-ebe0308a99ac-groupManagement] INFO  server.RaftServerConfigKeys (ConfUtils.java:logGet(46)) - raft.server.retrycache.statistics.expirytime = 100μs (default)
2023-11-03 16:43:22,422 [349d905f-d502-4286-9c03-ebe0308a99ac-groupManagement] INFO  server.RaftServerConfigKeys (ConfUtils.java:logGet(46)) - raft.server.read.option = DEFAULT (default)
2023-11-03 16:43:22,422 [349d905f-d502-4286-9c03-ebe0308a99ac-groupManagement] INFO  server.RaftServerConfigKeys (ConfUtils.java:logGet(46)) - raft.server.rpc.request.timeout = 60s (custom)
2023-11-03 16:43:22,422 [349d905f-d502-4286-9c03-ebe0308a99ac-groupManagement] INFO  server.RaftServerConfigKeys (ConfUtils.java:logGet(46)) - raft.server.log.appender.install.snapshot.enabled = false (custom)
2023-11-03 16:43:22,423 [349d905f-d502-4286-9c03-ebe0308a99ac-groupManagement] INFO  server.RaftServerConfigKeys (ConfUtils.java:logGet(46)) - raft.server.threadpool.server.cached = true (default)
2023-11-03 16:43:22,423 [eb78666f-144a-4911-8bcc-69658dd2d46c-groupManagement] INFO  storage.RaftStorageDirectory (RaftStorageDirectoryImpl.java:tryLock(231)) - Lock on /home/runner/work/ozone/ozone/hadoop-ozone/integration-test/target/test-dir/MiniOzoneClusterImpl-70a21a17-ad3a-436a-8bc3-9a5217c2e4a5/datanode-1/data/ratis/3aefa9d0-9cb2-4c59-875a-a0a34ee47e4a/in_use.lock acquired by nodename 31069@fv-az292-536
2023-11-03 16:43:22,423 [349d905f-d502-4286-9c03-ebe0308a99ac-groupManagement] INFO  server.RaftServerConfigKeys (ConfUtils.java:logGet(46)) - raft.server.threadpool.server.size = 0 (default)
2023-11-03 16:43:22,423 [349d905f-d502-4286-9c03-ebe0308a99ac-groupManagement] INFO  server.RaftServerConfigKeys (ConfUtils.java:logGet(46)) - raft.server.threadpool.client.cached = true (default)
2023-11-03 16:43:22,423 [349d905f-d502-4286-9c03-ebe0308a99ac-groupManagement] INFO  server.RaftServerConfigKeys (ConfUtils.java:logGet(46)) - raft.server.threadpool.client.size = 0 (default)
2023-11-03 16:43:22,424 [349d905f-d502-4286-9c03-ebe0308a99ac-groupManagement] INFO  storage.RaftStorageDirectory (RaftStorageDirectoryImpl.java:analyzeStorage(137)) - The storage directory /home/runner/work/ozone/ozone/hadoop-ozone/integration-test/target/test-dir/MiniOzoneClusterImpl-70a21a17-ad3a-436a-8bc3-9a5217c2e4a5/datanode-2/data/ratis/3aefa9d0-9cb2-4c59-875a-a0a34ee47e4a does not exist. Creating ...
2023-11-03 16:43:22,424 [eb78666f-144a-4911-8bcc-69658dd2d46c-groupManagement] INFO  storage.RaftStorage (RaftStorageImpl.java:format(96)) - Storage directory /home/runner/work/ozone/ozone/hadoop-ozone/integration-test/target/test-dir/MiniOzoneClusterImpl-70a21a17-ad3a-436a-8bc3-9a5217c2e4a5/datanode-1/data/ratis/3aefa9d0-9cb2-4c59-875a-a0a34ee47e4a has been successfully formatted.
2023-11-03 16:43:22,425 [349d905f-d502-4286-9c03-ebe0308a99ac-groupManagement] INFO  storage.RaftStorageDirectory (RaftStorageDirectoryImpl.java:tryLock(231)) - Lock on /home/runner/work/ozone/ozone/hadoop-ozone/integration-test/target/test-dir/MiniOzoneClusterImpl-70a21a17-ad3a-436a-8bc3-9a5217c2e4a5/datanode-2/data/ratis/3aefa9d0-9cb2-4c59-875a-a0a34ee47e4a/in_use.lock acquired by nodename 31069@fv-az292-536
2023-11-03 16:43:22,426 [349d905f-d502-4286-9c03-ebe0308a99ac-groupManagement] INFO  storage.RaftStorage (RaftStorageImpl.java:format(96)) - Storage directory /home/runner/work/ozone/ozone/hadoop-ozone/integration-test/target/test-dir/MiniOzoneClusterImpl-70a21a17-ad3a-436a-8bc3-9a5217c2e4a5/datanode-2/data/ratis/3aefa9d0-9cb2-4c59-875a-a0a34ee47e4a has been successfully formatted.
2023-11-03 16:43:22,427 [EventQueue-OpenPipelineForHealthyPipelineSafeModeRule] INFO  safemode.SCMSafeModeManager (HealthyPipelineSafeModeRule.java:process(137)) - SCM in safe mode. Healthy pipelines reported count is 0, required healthy pipeline reported count is 1
2023-11-03 16:43:22,427 [eb78666f-144a-4911-8bcc-69658dd2d46c-groupManagement] INFO  ratis.ContainerStateMachine (ContainerStateMachine.java:loadSnapshot(269)) - group-A0A34EE47E4A: The snapshot info is null. Setting the last applied indexto:(t:0, i:~)
2023-11-03 16:43:22,427 [eb78666f-144a-4911-8bcc-69658dd2d46c-groupManagement] INFO  server.RaftServerConfigKeys (ConfUtils.java:logGet(46)) - raft.server.log.use.memory = false (default)
2023-11-03 16:43:22,427 [eb78666f-144a-4911-8bcc-69658dd2d46c-groupManagement] INFO  server.RaftServerConfigKeys (ConfUtils.java:logGet(46)) - raft.server.log.purge.gap = 1000000 (custom)
2023-11-03 16:43:22,427 [eb78666f-144a-4911-8bcc-69658dd2d46c-groupManagement] INFO  server.RaftServerConfigKeys (ConfUtils.java:logGet(46)) - raft.server.log.appender.buffer.byte-limit = 33554432 (custom)
2023-11-03 16:43:22,427 [eb78666f-144a-4911-8bcc-69658dd2d46c-groupManagement] INFO  server.RaftServerConfigKeys (ConfUtils.java:logGet(46)) - raft.server.log.statemachine.data.read.timeout = 1000ms (default)
2023-11-03 16:43:22,427 [eb78666f-144a-4911-8bcc-69658dd2d46c-groupManagement] INFO  server.RaftServerConfigKeys (ConfUtils.java:logGet(46)) - raft.server.log.purge.preservation.log.num = 0 (default)
2023-11-03 16:43:22,428 [eb78666f-144a-4911-8bcc-69658dd2d46c-groupManagement] INFO  server.RaftServerConfigKeys (ConfUtils.java:logGet(46)) - raft.server.log.segment.size.max = 1048576 (custom)
2023-11-03 16:43:22,428 [eb78666f-144a-4911-8bcc-69658dd2d46c-groupManagement] INFO  server.RaftServerConfigKeys (ConfUtils.java:logGet(46)) - raft.server.log.segment.cache.num.max = 2 (custom)
2023-11-03 16:43:22,428 [eb78666f-144a-4911-8bcc-69658dd2d46c-groupManagement] INFO  server.RaftServerConfigKeys (ConfUtils.java:logGet(46)) - raft.server.log.segment.cache.size.max = 200MB (=209715200) (default)
2023-11-03 16:43:22,428 [349d905f-d502-4286-9c03-ebe0308a99ac-groupManagement] INFO  ratis.ContainerStateMachine (ContainerStateMachine.java:loadSnapshot(269)) - group-A0A34EE47E4A: The snapshot info is null. Setting the last applied indexto:(t:0, i:~)
2023-11-03 16:43:22,428 [349d905f-d502-4286-9c03-ebe0308a99ac-groupManagement] INFO  server.RaftServerConfigKeys (ConfUtils.java:logGet(46)) - raft.server.log.use.memory = false (default)
2023-11-03 16:43:22,428 [349d905f-d502-4286-9c03-ebe0308a99ac-groupManagement] INFO  server.RaftServerConfigKeys (ConfUtils.java:logGet(46)) - raft.server.log.purge.gap = 1000000 (custom)
2023-11-03 16:43:22,429 [349d905f-d502-4286-9c03-ebe0308a99ac-groupManagement] INFO  server.RaftServerConfigKeys (ConfUtils.java:logGet(46)) - raft.server.log.appender.buffer.byte-limit = 33554432 (custom)
2023-11-03 16:43:22,429 [349d905f-d502-4286-9c03-ebe0308a99ac-groupManagement] INFO  server.RaftServerConfigKeys (ConfUtils.java:logGet(46)) - raft.server.log.statemachine.data.read.timeout = 1000ms (default)
2023-11-03 16:43:22,429 [349d905f-d502-4286-9c03-ebe0308a99ac-groupManagement] INFO  server.RaftServerConfigKeys (ConfUtils.java:logGet(46)) - raft.server.log.purge.preservation.log.num = 0 (default)
2023-11-03 16:43:22,429 [349d905f-d502-4286-9c03-ebe0308a99ac-groupManagement] INFO  server.RaftServerConfigKeys (ConfUtils.java:logGet(46)) - raft.server.log.segment.size.max = 1048576 (custom)
2023-11-03 16:43:22,429 [349d905f-d502-4286-9c03-ebe0308a99ac-groupManagement] INFO  server.RaftServerConfigKeys (ConfUtils.java:logGet(46)) - raft.server.log.segment.cache.num.max = 2 (custom)
2023-11-03 16:43:22,430 [349d905f-d502-4286-9c03-ebe0308a99ac-groupManagement] INFO  server.RaftServerConfigKeys (ConfUtils.java:logGet(46)) - raft.server.log.segment.cache.size.max = 200MB (=209715200) (default)
2023-11-03 16:43:22,433 [349d905f-d502-4286-9c03-ebe0308a99ac-groupManagement] INFO  server.RaftServerConfigKeys (ConfUtils.java:logGet(46)) - raft.server.log.appender.buffer.byte-limit = 33554432 (custom)
2023-11-03 16:43:22,433 [349d905f-d502-4286-9c03-ebe0308a99ac-groupManagement] INFO  segmented.SegmentedRaftLogWorker (SegmentedRaftLogWorker.java:<init>(188)) - new 349d905f-d502-4286-9c03-ebe0308a99ac@group-A0A34EE47E4A-SegmentedRaftLogWorker for RaftStorageImpl:Storage Directory /home/runner/work/ozone/ozone/hadoop-ozone/integration-test/target/test-dir/MiniOzoneClusterImpl-70a21a17-ad3a-436a-8bc3-9a5217c2e4a5/datanode-2/data/ratis/3aefa9d0-9cb2-4c59-875a-a0a34ee47e4a
2023-11-03 16:43:22,433 [349d905f-d502-4286-9c03-ebe0308a99ac-groupManagement] INFO  server.RaftServerConfigKeys (ConfUtils.java:logGet(46)) - raft.server.log.queue.byte-limit = 4294967296 (custom)
2023-11-03 16:43:22,434 [349d905f-d502-4286-9c03-ebe0308a99ac-groupManagement] INFO  server.RaftServerConfigKeys (ConfUtils.java:logGet(46)) - raft.server.log.queue.element-limit = 1024 (custom)
2023-11-03 16:43:22,434 [349d905f-d502-4286-9c03-ebe0308a99ac-groupManagement] INFO  server.RaftServerConfigKeys (ConfUtils.java:logGet(46)) - raft.server.log.segment.size.max = 1048576 (custom)
2023-11-03 16:43:22,434 [349d905f-d502-4286-9c03-ebe0308a99ac-groupManagement] INFO  server.RaftServerConfigKeys (ConfUtils.java:logGet(46)) - raft.server.log.preallocated.size = 16384 (custom)
2023-11-03 16:43:22,434 [349d905f-d502-4286-9c03-ebe0308a99ac-groupManagement] INFO  server.RaftServerConfigKeys (ConfUtils.java:logGet(46)) - raft.server.log.force.sync.num = 128 (default)
2023-11-03 16:43:22,434 [349d905f-d502-4286-9c03-ebe0308a99ac-groupManagement] INFO  server.RaftServerConfigKeys (ConfUtils.java:logGet(46)) - raft.server.log.statemachine.data.sync = true (default)
2023-11-03 16:43:22,434 [349d905f-d502-4286-9c03-ebe0308a99ac-groupManagement] INFO  server.RaftServerConfigKeys (ConfUtils.java:logGet(46)) - raft.server.log.statemachine.data.sync.timeout = 10s (default)
2023-11-03 16:43:22,434 [349d905f-d502-4286-9c03-ebe0308a99ac-groupManagement] INFO  server.RaftServerConfigKeys (ConfUtils.java:logGet(46)) - raft.server.log.statemachine.data.sync.timeout.retry = -1 (default)
2023-11-03 16:43:22,435 [349d905f-d502-4286-9c03-ebe0308a99ac-groupManagement] INFO  server.RaftServerConfigKeys (ConfUtils.java:logGet(46)) - raft.server.log.write.buffer.size = 1048576 (custom)
2023-11-03 16:43:22,435 [349d905f-d502-4286-9c03-ebe0308a99ac-groupManagement] INFO  server.RaftServerConfigKeys (ConfUtils.java:logGet(46)) - raft.server.log.appender.buffer.byte-limit = 33554432 (custom)
2023-11-03 16:43:22,429 [eb78666f-144a-4911-8bcc-69658dd2d46c-groupManagement] INFO  server.RaftServerConfigKeys (ConfUtils.java:logGet(46)) - raft.server.log.appender.buffer.byte-limit = 33554432 (custom)
2023-11-03 16:43:22,437 [eb78666f-144a-4911-8bcc-69658dd2d46c-groupManagement] INFO  segmented.SegmentedRaftLogWorker (SegmentedRaftLogWorker.java:<init>(188)) - new eb78666f-144a-4911-8bcc-69658dd2d46c@group-A0A34EE47E4A-SegmentedRaftLogWorker for RaftStorageImpl:Storage Directory /home/runner/work/ozone/ozone/hadoop-ozone/integration-test/target/test-dir/MiniOzoneClusterImpl-70a21a17-ad3a-436a-8bc3-9a5217c2e4a5/datanode-1/data/ratis/3aefa9d0-9cb2-4c59-875a-a0a34ee47e4a
2023-11-03 16:43:22,437 [eb78666f-144a-4911-8bcc-69658dd2d46c-groupManagement] INFO  server.RaftServerConfigKeys (ConfUtils.java:logGet(46)) - raft.server.log.queue.byte-limit = 4294967296 (custom)
2023-11-03 16:43:22,437 [eb78666f-144a-4911-8bcc-69658dd2d46c-groupManagement] INFO  server.RaftServerConfigKeys (ConfUtils.java:logGet(46)) - raft.server.log.queue.element-limit = 1024 (custom)
2023-11-03 16:43:22,439 [eb78666f-144a-4911-8bcc-69658dd2d46c-groupManagement] INFO  server.RaftServerConfigKeys (ConfUtils.java:logGet(46)) - raft.server.log.segment.size.max = 1048576 (custom)
2023-11-03 16:43:22,439 [eb78666f-144a-4911-8bcc-69658dd2d46c-groupManagement] INFO  server.RaftServerConfigKeys (ConfUtils.java:logGet(46)) - raft.server.log.preallocated.size = 16384 (custom)
2023-11-03 16:43:22,440 [eb78666f-144a-4911-8bcc-69658dd2d46c-groupManagement] INFO  server.RaftServerConfigKeys (ConfUtils.java:logGet(46)) - raft.server.log.force.sync.num = 128 (default)
2023-11-03 16:43:22,440 [eb78666f-144a-4911-8bcc-69658dd2d46c-groupManagement] INFO  server.RaftServerConfigKeys (ConfUtils.java:logGet(46)) - raft.server.log.statemachine.data.sync = true (default)
2023-11-03 16:43:22,440 [eb78666f-144a-4911-8bcc-69658dd2d46c-groupManagement] INFO  server.RaftServerConfigKeys (ConfUtils.java:logGet(46)) - raft.server.log.statemachine.data.sync.timeout = 10s (default)
2023-11-03 16:43:22,440 [eb78666f-144a-4911-8bcc-69658dd2d46c-groupManagement] INFO  server.RaftServerConfigKeys (ConfUtils.java:logGet(46)) - raft.server.log.statemachine.data.sync.timeout.retry = -1 (default)
2023-11-03 16:43:22,440 [eb78666f-144a-4911-8bcc-69658dd2d46c-groupManagement] INFO  server.RaftServerConfigKeys (ConfUtils.java:logGet(46)) - raft.server.log.write.buffer.size = 1048576 (custom)
2023-11-03 16:43:22,441 [eb78666f-144a-4911-8bcc-69658dd2d46c-groupManagement] INFO  server.RaftServerConfigKeys (ConfUtils.java:logGet(46)) - raft.server.log.appender.buffer.byte-limit = 33554432 (custom)
2023-11-03 16:43:22,442 [349d905f-d502-4286-9c03-ebe0308a99ac-groupManagement] INFO  server.RaftServerConfigKeys (ConfUtils.java:logGet(46)) - raft.server.log.unsafe-flush.enabled = false (default)
2023-11-03 16:43:22,442 [349d905f-d502-4286-9c03-ebe0308a99ac-groupManagement] INFO  server.RaftServerConfigKeys (ConfUtils.java:logGet(46)) - raft.server.log.async-flush.enabled = false (default)
2023-11-03 16:43:22,442 [349d905f-d502-4286-9c03-ebe0308a99ac-groupManagement] INFO  server.RaftServerConfigKeys (ConfUtils.java:logGet(46)) - raft.server.log.statemachine.data.caching.enabled = true (custom)
2023-11-03 16:43:22,442 [349d905f-d502-4286-9c03-ebe0308a99ac-groupManagement] INFO  segmented.SegmentedRaftLogWorker (SegmentedRaftLogWorker.java:lambda$new$0(135)) - 349d905f-d502-4286-9c03-ebe0308a99ac@group-A0A34EE47E4A-SegmentedRaftLogWorker: flushIndex: setUnconditionally 0 -> -1
2023-11-03 16:43:22,442 [349d905f-d502-4286-9c03-ebe0308a99ac-groupManagement] INFO  segmented.SegmentedRaftLogWorker (SegmentedRaftLogWorker.java:lambda$new$0(135)) - 349d905f-d502-4286-9c03-ebe0308a99ac@group-A0A34EE47E4A-SegmentedRaftLogWorker: safeCacheEvictIndex: setUnconditionally 0 -> -1
2023-11-03 16:43:22,443 [349d905f-d502-4286-9c03-ebe0308a99ac-groupManagement] INFO  server.RaftServer$Division (RaftServerImpl.java:start(342)) - 349d905f-d502-4286-9c03-ebe0308a99ac@group-A0A34EE47E4A: start as a follower, conf=-1: peers:[349d905f-d502-4286-9c03-ebe0308a99ac|rpc:10.1.0.19:15085|admin:10.1.0.19:15084|client:10.1.0.19:15083|dataStream:10.1.0.19:15086|priority:0|startupRole:FOLLOWER, 0f26992e-6b31-4649-88a0-952aab043ba5|rpc:10.1.0.19:15067|admin:10.1.0.19:15066|client:10.1.0.19:15065|dataStream:10.1.0.19:15068|priority:0|startupRole:FOLLOWER, eb78666f-144a-4911-8bcc-69658dd2d46c|rpc:10.1.0.19:15076|admin:10.1.0.19:15075|client:10.1.0.19:15074|dataStream:10.1.0.19:15077|priority:1|startupRole:FOLLOWER]|listeners:[], old=null
2023-11-03 16:43:22,443 [349d905f-d502-4286-9c03-ebe0308a99ac-groupManagement] INFO  server.RaftServer$Division (RaftServerImpl.java:setRole(329)) - 349d905f-d502-4286-9c03-ebe0308a99ac@group-A0A34EE47E4A: changes role from      null to FOLLOWER at term 0 for startAsFollower
2023-11-03 16:43:22,443 [349d905f-d502-4286-9c03-ebe0308a99ac-groupManagement] INFO  impl.RoleInfo (RoleInfo.java:updateAndGet(139)) - 349d905f-d502-4286-9c03-ebe0308a99ac: start 349d905f-d502-4286-9c03-ebe0308a99ac@group-A0A34EE47E4A-FollowerState
2023-11-03 16:43:22,443 [349d905f-d502-4286-9c03-ebe0308a99ac-groupManagement] INFO  util.JmxRegister (JmxRegister.java:tryRegister(44)) - Successfully registered JMX Bean with object name Ratis:service=RaftServer,group=group-A0A34EE47E4A,id=349d905f-d502-4286-9c03-ebe0308a99ac
2023-11-03 16:43:22,443 [349d905f-d502-4286-9c03-ebe0308a99ac-groupManagement] INFO  server.RaftServerConfigKeys (ConfUtils.java:logGet(46)) - raft.server.snapshot.auto.trigger.enabled = true (custom)
2023-11-03 16:43:22,444 [349d905f-d502-4286-9c03-ebe0308a99ac-groupManagement] INFO  server.RaftServerConfigKeys (ConfUtils.java:logGet(46)) - raft.server.snapshot.auto.trigger.threshold = 10000 (custom)
2023-11-03 16:43:22,444 [349d905f-d502-4286-9c03-ebe0308a99ac-groupManagement] INFO  server.RaftServerConfigKeys (ConfUtils.java:logGet(46)) - raft.server.snapshot.retention.file.num = 5 (custom)
2023-11-03 16:43:22,444 [349d905f-d502-4286-9c03-ebe0308a99ac-groupManagement] INFO  server.RaftServerConfigKeys (ConfUtils.java:logGet(46)) - raft.server.log.purge.upto.snapshot.index = false (default)
2023-11-03 16:43:22,444 [349d905f-d502-4286-9c03-ebe0308a99ac@group-A0A34EE47E4A-FollowerState] INFO  server.RaftServerConfigKeys (ConfUtils.java:logFallback(53)) - raft.server.rpc.first-election.timeout.min = 5s (fallback to raft.server.rpc.timeout.min)
2023-11-03 16:43:22,444 [349d905f-d502-4286-9c03-ebe0308a99ac@group-A0A34EE47E4A-FollowerState] INFO  server.RaftServerConfigKeys (ConfUtils.java:logFallback(53)) - raft.server.rpc.first-election.timeout.max = 5200ms (fallback to raft.server.rpc.timeout.max)
2023-11-03 16:43:22,448 [eb78666f-144a-4911-8bcc-69658dd2d46c-groupManagement] INFO  server.RaftServerConfigKeys (ConfUtils.java:logGet(46)) - raft.server.log.unsafe-flush.enabled = false (default)
2023-11-03 16:43:22,448 [eb78666f-144a-4911-8bcc-69658dd2d46c-groupManagement] INFO  server.RaftServerConfigKeys (ConfUtils.java:logGet(46)) - raft.server.log.async-flush.enabled = false (default)
2023-11-03 16:43:22,448 [eb78666f-144a-4911-8bcc-69658dd2d46c-groupManagement] INFO  server.RaftServerConfigKeys (ConfUtils.java:logGet(46)) - raft.server.log.statemachine.data.caching.enabled = true (custom)
2023-11-03 16:43:22,448 [eb78666f-144a-4911-8bcc-69658dd2d46c-groupManagement] INFO  segmented.SegmentedRaftLogWorker (SegmentedRaftLogWorker.java:lambda$new$0(135)) - eb78666f-144a-4911-8bcc-69658dd2d46c@group-A0A34EE47E4A-SegmentedRaftLogWorker: flushIndex: setUnconditionally 0 -> -1
2023-11-03 16:43:22,448 [eb78666f-144a-4911-8bcc-69658dd2d46c-groupManagement] INFO  segmented.SegmentedRaftLogWorker (SegmentedRaftLogWorker.java:lambda$new$0(135)) - eb78666f-144a-4911-8bcc-69658dd2d46c@group-A0A34EE47E4A-SegmentedRaftLogWorker: safeCacheEvictIndex: setUnconditionally 0 -> -1
2023-11-03 16:43:22,453 [eb78666f-144a-4911-8bcc-69658dd2d46c-groupManagement] INFO  server.RaftServer$Division (RaftServerImpl.java:start(342)) - eb78666f-144a-4911-8bcc-69658dd2d46c@group-A0A34EE47E4A: start as a follower, conf=-1: peers:[349d905f-d502-4286-9c03-ebe0308a99ac|rpc:10.1.0.19:15085|admin:10.1.0.19:15084|client:10.1.0.19:15083|dataStream:10.1.0.19:15086|priority:0|startupRole:FOLLOWER, 0f26992e-6b31-4649-88a0-952aab043ba5|rpc:10.1.0.19:15067|admin:10.1.0.19:15066|client:10.1.0.19:15065|dataStream:10.1.0.19:15068|priority:0|startupRole:FOLLOWER, eb78666f-144a-4911-8bcc-69658dd2d46c|rpc:10.1.0.19:15076|admin:10.1.0.19:15075|client:10.1.0.19:15074|dataStream:10.1.0.19:15077|priority:1|startupRole:FOLLOWER]|listeners:[], old=null
2023-11-03 16:43:22,453 [eb78666f-144a-4911-8bcc-69658dd2d46c-groupManagement] INFO  server.RaftServer$Division (RaftServerImpl.java:setRole(329)) - eb78666f-144a-4911-8bcc-69658dd2d46c@group-A0A34EE47E4A: changes role from      null to FOLLOWER at term 0 for startAsFollower
2023-11-03 16:43:22,457 [eb78666f-144a-4911-8bcc-69658dd2d46c-groupManagement] INFO  impl.RoleInfo (RoleInfo.java:updateAndGet(139)) - eb78666f-144a-4911-8bcc-69658dd2d46c: start eb78666f-144a-4911-8bcc-69658dd2d46c@group-A0A34EE47E4A-FollowerState
2023-11-03 16:43:22,471 [349d905f-d502-4286-9c03-ebe0308a99ac-PipelineCommandHandlerThread-0] INFO  server.RaftServer (RaftServerProxy.java:addNew(98)) - 349d905f-d502-4286-9c03-ebe0308a99ac: addNew group-3563DA8A239E:[349d905f-d502-4286-9c03-ebe0308a99ac|rpc:10.1.0.19:15085|admin:10.1.0.19:15084|client:10.1.0.19:15083|dataStream:10.1.0.19:15086|priority:1|startupRole:FOLLOWER] returns group-3563DA8A239E:java.util.concurrent.CompletableFuture@64e42212[Not completed]
2023-11-03 16:43:22,472 [349d905f-d502-4286-9c03-ebe0308a99ac-groupManagement] INFO  server.RaftServer$Division (RaftServerImpl.java:<init>(198)) - 349d905f-d502-4286-9c03-ebe0308a99ac: new RaftServerImpl for group-3563DA8A239E:[349d905f-d502-4286-9c03-ebe0308a99ac|rpc:10.1.0.19:15085|admin:10.1.0.19:15084|client:10.1.0.19:15083|dataStream:10.1.0.19:15086|priority:1|startupRole:FOLLOWER] with ContainerStateMachine:uninitialized
2023-11-03 16:43:22,473 [349d905f-d502-4286-9c03-ebe0308a99ac-groupManagement] INFO  server.RaftServerConfigKeys (ConfUtils.java:logGet(46)) - raft.server.rpc.timeout.min = 5s (custom)
2023-11-03 16:43:22,473 [349d905f-d502-4286-9c03-ebe0308a99ac-groupManagement] INFO  server.RaftServerConfigKeys (ConfUtils.java:logGet(46)) - raft.server.rpc.timeout.max = 5200ms (custom)
2023-11-03 16:43:22,473 [349d905f-d502-4286-9c03-ebe0308a99ac-groupManagement] INFO  server.RaftServerConfigKeys (ConfUtils.java:logGet(46)) - raft.server.rpc.sleep.time = 25ms (default)
2023-11-03 16:43:22,473 [349d905f-d502-4286-9c03-ebe0308a99ac-groupManagement] INFO  server.RaftServerConfigKeys (ConfUtils.java:logGet(46)) - raft.server.rpc.slowness.timeout = 300s (custom)
2023-11-03 16:43:22,473 [349d905f-d502-4286-9c03-ebe0308a99ac-groupManagement] INFO  server.RaftServerConfigKeys (ConfUtils.java:logGet(46)) - raft.server.leaderelection.leader.step-down.wait-time = 10s (default)
2023-11-03 16:43:22,473 [349d905f-d502-4286-9c03-ebe0308a99ac-groupManagement] INFO  server.RaftServerConfigKeys (ConfUtils.java:logGet(46)) - raft.server.sleep.deviation.threshold = 300ms (default)
2023-11-03 16:43:22,473 [349d905f-d502-4286-9c03-ebe0308a99ac-groupManagement] INFO  server.RaftServer$Division (ServerState.java:<init>(120)) - 349d905f-d502-4286-9c03-ebe0308a99ac@group-3563DA8A239E: ConfigurationManager, init=-1: peers:[349d905f-d502-4286-9c03-ebe0308a99ac|rpc:10.1.0.19:15085|admin:10.1.0.19:15084|client:10.1.0.19:15083|dataStream:10.1.0.19:15086|priority:1|startupRole:FOLLOWER]|listeners:[], old=null, confs=<EMPTY_MAP>
2023-11-03 16:43:22,473 [349d905f-d502-4286-9c03-ebe0308a99ac-groupManagement] INFO  server.RaftServerConfigKeys (ConfUtils.java:logGet(46)) - raft.server.storage.dir = [/home/runner/work/ozone/ozone/hadoop-ozone/integration-test/target/test-dir/MiniOzoneClusterImpl-70a21a17-ad3a-436a-8bc3-9a5217c2e4a5/datanode-2/data/ratis] (custom)
2023-11-03 16:43:22,473 [349d905f-d502-4286-9c03-ebe0308a99ac-groupManagement] INFO  server.RaftServerConfigKeys (ConfUtils.java:logGet(46)) - raft.server.log.corruption.policy = EXCEPTION (default)
2023-11-03 16:43:22,474 [349d905f-d502-4286-9c03-ebe0308a99ac-groupManagement] INFO  server.RaftServerConfigKeys (ConfUtils.java:logGet(46)) - raft.server.storage.free-space.min = 0MB (=0) (default)
2023-11-03 16:43:22,474 [349d905f-d502-4286-9c03-ebe0308a99ac-groupManagement] INFO  server.RaftServerConfigKeys (ConfUtils.java:logGet(46)) - raft.server.notification.no-leader.timeout = 300s (custom)
2023-11-03 16:43:22,474 [349d905f-d502-4286-9c03-ebe0308a99ac-groupManagement] INFO  server.RaftServerConfigKeys (ConfUtils.java:logGet(46)) - raft.server.read.timeout = 10s (default)
2023-11-03 16:43:22,474 [349d905f-d502-4286-9c03-ebe0308a99ac-groupManagement] INFO  server.RaftServerConfigKeys (ConfUtils.java:logGet(46)) - raft.server.retrycache.expirytime = 600000ms (custom)
2023-11-03 16:43:22,474 [349d905f-d502-4286-9c03-ebe0308a99ac-groupManagement] INFO  server.RaftServerConfigKeys (ConfUtils.java:logGet(46)) - raft.server.retrycache.statistics.expirytime = 100μs (default)
2023-11-03 16:43:22,474 [349d905f-d502-4286-9c03-ebe0308a99ac-groupManagement] INFO  server.RaftServerConfigKeys (ConfUtils.java:logGet(46)) - raft.server.read.option = DEFAULT (default)
2023-11-03 16:43:22,475 [349d905f-d502-4286-9c03-ebe0308a99ac-groupManagement] INFO  server.RaftServerConfigKeys (ConfUtils.java:logGet(46)) - raft.server.rpc.request.timeout = 60s (custom)
2023-11-03 16:43:22,475 [349d905f-d502-4286-9c03-ebe0308a99ac-groupManagement] INFO  server.RaftServerConfigKeys (ConfUtils.java:logGet(46)) - raft.server.log.appender.install.snapshot.enabled = false (custom)
2023-11-03 16:43:22,475 [349d905f-d502-4286-9c03-ebe0308a99ac-groupManagement] INFO  server.RaftServerConfigKeys (ConfUtils.java:logGet(46)) - raft.server.threadpool.server.cached = true (default)
2023-11-03 16:43:22,475 [349d905f-d502-4286-9c03-ebe0308a99ac-groupManagement] INFO  server.RaftServerConfigKeys (ConfUtils.java:logGet(46)) - raft.server.threadpool.server.size = 0 (default)
2023-11-03 16:43:22,475 [349d905f-d502-4286-9c03-ebe0308a99ac-groupManagement] INFO  server.RaftServerConfigKeys (ConfUtils.java:logGet(46)) - raft.server.threadpool.client.cached = true (default)
2023-11-03 16:43:22,475 [349d905f-d502-4286-9c03-ebe0308a99ac-groupManagement] INFO  server.RaftServerConfigKeys (ConfUtils.java:logGet(46)) - raft.server.threadpool.client.size = 0 (default)
2023-11-03 16:43:22,475 [349d905f-d502-4286-9c03-ebe0308a99ac-groupManagement] INFO  storage.RaftStorageDirectory (RaftStorageDirectoryImpl.java:analyzeStorage(137)) - The storage directory /home/runner/work/ozone/ozone/hadoop-ozone/integration-test/target/test-dir/MiniOzoneClusterImpl-70a21a17-ad3a-436a-8bc3-9a5217c2e4a5/datanode-2/data/ratis/dd63a22c-dc24-4d19-9bcf-3563da8a239e does not exist. Creating ...
2023-11-03 16:43:22,477 [eb78666f-144a-4911-8bcc-69658dd2d46c@group-A0A34EE47E4A-FollowerState] INFO  server.RaftServerConfigKeys (ConfUtils.java:logFallback(53)) - raft.server.rpc.first-election.timeout.min = 5s (fallback to raft.server.rpc.timeout.min)
2023-11-03 16:43:22,477 [eb78666f-144a-4911-8bcc-69658dd2d46c@group-A0A34EE47E4A-FollowerState] INFO  server.RaftServerConfigKeys (ConfUtils.java:logFallback(53)) - raft.server.rpc.first-election.timeout.max = 5200ms (fallback to raft.server.rpc.timeout.max)
2023-11-03 16:43:22,479 [349d905f-d502-4286-9c03-ebe0308a99ac-groupManagement] INFO  storage.RaftStorageDirectory (RaftStorageDirectoryImpl.java:tryLock(231)) - Lock on /home/runner/work/ozone/ozone/hadoop-ozone/integration-test/target/test-dir/MiniOzoneClusterImpl-70a21a17-ad3a-436a-8bc3-9a5217c2e4a5/datanode-2/data/ratis/dd63a22c-dc24-4d19-9bcf-3563da8a239e/in_use.lock acquired by nodename 31069@fv-az292-536
2023-11-03 16:43:22,485 [eb78666f-144a-4911-8bcc-69658dd2d46c-groupManagement] INFO  util.JmxRegister (JmxRegister.java:tryRegister(44)) - Successfully registered JMX Bean with object name Ratis:service=RaftServer,group=group-A0A34EE47E4A,id=eb78666f-144a-4911-8bcc-69658dd2d46c
2023-11-03 16:43:22,485 [eb78666f-144a-4911-8bcc-69658dd2d46c-groupManagement] INFO  server.RaftServerConfigKeys (ConfUtils.java:logGet(46)) - raft.server.snapshot.auto.trigger.enabled = true (custom)
2023-11-03 16:43:22,488 [349d905f-d502-4286-9c03-ebe0308a99ac-groupManagement] INFO  storage.RaftStorage (RaftStorageImpl.java:format(96)) - Storage directory /home/runner/work/ozone/ozone/hadoop-ozone/integration-test/target/test-dir/MiniOzoneClusterImpl-70a21a17-ad3a-436a-8bc3-9a5217c2e4a5/datanode-2/data/ratis/dd63a22c-dc24-4d19-9bcf-3563da8a239e has been successfully formatted.
2023-11-03 16:43:22,489 [eb78666f-144a-4911-8bcc-69658dd2d46c-groupManagement] INFO  server.RaftServerConfigKeys (ConfUtils.java:logGet(46)) - raft.server.snapshot.auto.trigger.threshold = 10000 (custom)
2023-11-03 16:43:22,489 [eb78666f-144a-4911-8bcc-69658dd2d46c-groupManagement] INFO  server.RaftServerConfigKeys (ConfUtils.java:logGet(46)) - raft.server.snapshot.retention.file.num = 5 (custom)
2023-11-03 16:43:22,489 [eb78666f-144a-4911-8bcc-69658dd2d46c-groupManagement] INFO  server.RaftServerConfigKeys (ConfUtils.java:logGet(46)) - raft.server.log.purge.upto.snapshot.index = false (default)
2023-11-03 16:43:22,490 [eb78666f-144a-4911-8bcc-69658dd2d46c-PipelineCommandHandlerThread-0] INFO  ratis.XceiverServerRatis (XceiverServerRatis.java:addGroup(805)) - Created group PipelineID=3aefa9d0-9cb2-4c59-875a-a0a34ee47e4a
2023-11-03 16:43:22,497 [349d905f-d502-4286-9c03-ebe0308a99ac-groupManagement] INFO  ratis.ContainerStateMachine (ContainerStateMachine.java:loadSnapshot(269)) - group-3563DA8A239E: The snapshot info is null. Setting the last applied indexto:(t:0, i:~)
2023-11-03 16:43:22,497 [349d905f-d502-4286-9c03-ebe0308a99ac-groupManagement] INFO  server.RaftServerConfigKeys (ConfUtils.java:logGet(46)) - raft.server.log.use.memory = false (default)
2023-11-03 16:43:22,497 [349d905f-d502-4286-9c03-ebe0308a99ac-groupManagement] INFO  server.RaftServerConfigKeys (ConfUtils.java:logGet(46)) - raft.server.log.purge.gap = 1000000 (custom)
2023-11-03 16:43:22,497 [349d905f-d502-4286-9c03-ebe0308a99ac-groupManagement] INFO  server.RaftServerConfigKeys (ConfUtils.java:logGet(46)) - raft.server.log.appender.buffer.byte-limit = 33554432 (custom)
2023-11-03 16:43:22,497 [349d905f-d502-4286-9c03-ebe0308a99ac-groupManagement] INFO  server.RaftServerConfigKeys (ConfUtils.java:logGet(46)) - raft.server.log.statemachine.data.read.timeout = 1000ms (default)
2023-11-03 16:43:22,497 [349d905f-d502-4286-9c03-ebe0308a99ac-groupManagement] INFO  server.RaftServerConfigKeys (ConfUtils.java:logGet(46)) - raft.server.log.purge.preservation.log.num = 0 (default)
2023-11-03 16:43:22,498 [349d905f-d502-4286-9c03-ebe0308a99ac-groupManagement] INFO  server.RaftServerConfigKeys (ConfUtils.java:logGet(46)) - raft.server.log.segment.size.max = 1048576 (custom)
2023-11-03 16:43:22,499 [EventQueue-PipelineReportForPipelineReportHandler] INFO  pipeline.PipelineReportHandler (PipelineReportHandler.java:processPipelineReport(136)) - Opened pipeline PipelineID=dd63a22c-dc24-4d19-9bcf-3563da8a239e
2023-11-03 16:43:22,499 [EventQueue-OpenPipelineForHealthyPipelineSafeModeRule] INFO  safemode.SCMSafeModeManager (HealthyPipelineSafeModeRule.java:process(137)) - SCM in safe mode. Healthy pipelines reported count is 0, required healthy pipeline reported count is 1
2023-11-03 16:43:22,499 [349d905f-d502-4286-9c03-ebe0308a99ac-groupManagement] INFO  server.RaftServerConfigKeys (ConfUtils.java:logGet(46)) - raft.server.log.segment.cache.num.max = 2 (custom)
2023-11-03 16:43:22,499 [349d905f-d502-4286-9c03-ebe0308a99ac-groupManagement] INFO  server.RaftServerConfigKeys (ConfUtils.java:logGet(46)) - raft.server.log.segment.cache.size.max = 200MB (=209715200) (default)
2023-11-03 16:43:22,500 [349d905f-d502-4286-9c03-ebe0308a99ac-groupManagement] INFO  server.RaftServerConfigKeys (ConfUtils.java:logGet(46)) - raft.server.log.appender.buffer.byte-limit = 33554432 (custom)
2023-11-03 16:43:22,500 [349d905f-d502-4286-9c03-ebe0308a99ac-groupManagement] INFO  segmented.SegmentedRaftLogWorker (SegmentedRaftLogWorker.java:<init>(188)) - new 349d905f-d502-4286-9c03-ebe0308a99ac@group-3563DA8A239E-SegmentedRaftLogWorker for RaftStorageImpl:Storage Directory /home/runner/work/ozone/ozone/hadoop-ozone/integration-test/target/test-dir/MiniOzoneClusterImpl-70a21a17-ad3a-436a-8bc3-9a5217c2e4a5/datanode-2/data/ratis/dd63a22c-dc24-4d19-9bcf-3563da8a239e
2023-11-03 16:43:22,500 [349d905f-d502-4286-9c03-ebe0308a99ac-groupManagement] INFO  server.RaftServerConfigKeys (ConfUtils.java:logGet(46)) - raft.server.log.queue.byte-limit = 4294967296 (custom)
2023-11-03 16:43:22,500 [349d905f-d502-4286-9c03-ebe0308a99ac-groupManagement] INFO  server.RaftServerConfigKeys (ConfUtils.java:logGet(46)) - raft.server.log.queue.element-limit = 1024 (custom)
2023-11-03 16:43:22,500 [349d905f-d502-4286-9c03-ebe0308a99ac-groupManagement] INFO  server.RaftServerConfigKeys (ConfUtils.java:logGet(46)) - raft.server.log.segment.size.max = 1048576 (custom)
2023-11-03 16:43:22,500 [349d905f-d502-4286-9c03-ebe0308a99ac-groupManagement] INFO  server.RaftServerConfigKeys (ConfUtils.java:logGet(46)) - raft.server.log.preallocated.size = 16384 (custom)
2023-11-03 16:43:22,500 [349d905f-d502-4286-9c03-ebe0308a99ac-groupManagement] INFO  server.RaftServerConfigKeys (ConfUtils.java:logGet(46)) - raft.server.log.force.sync.num = 128 (default)
2023-11-03 16:43:22,500 [349d905f-d502-4286-9c03-ebe0308a99ac-groupManagement] INFO  server.RaftServerConfigKeys (ConfUtils.java:logGet(46)) - raft.server.log.statemachine.data.sync = true (default)
2023-11-03 16:43:22,500 [349d905f-d502-4286-9c03-ebe0308a99ac-groupManagement] INFO  server.RaftServerConfigKeys (ConfUtils.java:logGet(46)) - raft.server.log.statemachine.data.sync.timeout = 10s (default)
2023-11-03 16:43:22,500 [349d905f-d502-4286-9c03-ebe0308a99ac-groupManagement] INFO  server.RaftServerConfigKeys (ConfUtils.java:logGet(46)) - raft.server.log.statemachine.data.sync.timeout.retry = -1 (default)
2023-11-03 16:43:22,503 [349d905f-d502-4286-9c03-ebe0308a99ac-groupManagement] INFO  server.RaftServerConfigKeys (ConfUtils.java:logGet(46)) - raft.server.log.write.buffer.size = 1048576 (custom)
2023-11-03 16:43:22,512 [349d905f-d502-4286-9c03-ebe0308a99ac-groupManagement] INFO  server.RaftServerConfigKeys (ConfUtils.java:logGet(46)) - raft.server.log.appender.buffer.byte-limit = 33554432 (custom)
2023-11-03 16:43:22,518 [349d905f-d502-4286-9c03-ebe0308a99ac-groupManagement] INFO  server.RaftServerConfigKeys (ConfUtils.java:logGet(46)) - raft.server.log.unsafe-flush.enabled = false (default)
2023-11-03 16:43:22,518 [349d905f-d502-4286-9c03-ebe0308a99ac-groupManagement] INFO  server.RaftServerConfigKeys (ConfUtils.java:logGet(46)) - raft.server.log.async-flush.enabled = false (default)
2023-11-03 16:43:22,518 [349d905f-d502-4286-9c03-ebe0308a99ac-groupManagement] INFO  server.RaftServerConfigKeys (ConfUtils.java:logGet(46)) - raft.server.log.statemachine.data.caching.enabled = true (custom)
2023-11-03 16:43:22,519 [349d905f-d502-4286-9c03-ebe0308a99ac-groupManagement] INFO  segmented.SegmentedRaftLogWorker (SegmentedRaftLogWorker.java:lambda$new$0(135)) - 349d905f-d502-4286-9c03-ebe0308a99ac@group-3563DA8A239E-SegmentedRaftLogWorker: flushIndex: setUnconditionally 0 -> -1
2023-11-03 16:43:22,519 [349d905f-d502-4286-9c03-ebe0308a99ac-groupManagement] INFO  segmented.SegmentedRaftLogWorker (SegmentedRaftLogWorker.java:lambda$new$0(135)) - 349d905f-d502-4286-9c03-ebe0308a99ac@group-3563DA8A239E-SegmentedRaftLogWorker: safeCacheEvictIndex: setUnconditionally 0 -> -1
2023-11-03 16:43:22,524 [349d905f-d502-4286-9c03-ebe0308a99ac-groupManagement] INFO  server.RaftServer$Division (RaftServerImpl.java:start(342)) - 349d905f-d502-4286-9c03-ebe0308a99ac@group-3563DA8A239E: start as a follower, conf=-1: peers:[349d905f-d502-4286-9c03-ebe0308a99ac|rpc:10.1.0.19:15085|admin:10.1.0.19:15084|client:10.1.0.19:15083|dataStream:10.1.0.19:15086|priority:1|startupRole:FOLLOWER]|listeners:[], old=null
2023-11-03 16:43:22,524 [349d905f-d502-4286-9c03-ebe0308a99ac-groupManagement] INFO  server.RaftServer$Division (RaftServerImpl.java:setRole(329)) - 349d905f-d502-4286-9c03-ebe0308a99ac@group-3563DA8A239E: changes role from      null to FOLLOWER at term 0 for startAsFollower
2023-11-03 16:43:22,524 [349d905f-d502-4286-9c03-ebe0308a99ac-groupManagement] INFO  impl.RoleInfo (RoleInfo.java:updateAndGet(139)) - 349d905f-d502-4286-9c03-ebe0308a99ac: start 349d905f-d502-4286-9c03-ebe0308a99ac@group-3563DA8A239E-FollowerState
2023-11-03 16:43:22,524 [349d905f-d502-4286-9c03-ebe0308a99ac-groupManagement] INFO  util.JmxRegister (JmxRegister.java:tryRegister(44)) - Successfully registered JMX Bean with object name Ratis:service=RaftServer,group=group-3563DA8A239E,id=349d905f-d502-4286-9c03-ebe0308a99ac
2023-11-03 16:43:22,524 [349d905f-d502-4286-9c03-ebe0308a99ac-groupManagement] INFO  server.RaftServerConfigKeys (ConfUtils.java:logGet(46)) - raft.server.snapshot.auto.trigger.enabled = true (custom)
2023-11-03 16:43:22,524 [349d905f-d502-4286-9c03-ebe0308a99ac-groupManagement] INFO  server.RaftServerConfigKeys (ConfUtils.java:logGet(46)) - raft.server.snapshot.auto.trigger.threshold = 10000 (custom)
2023-11-03 16:43:22,524 [349d905f-d502-4286-9c03-ebe0308a99ac-groupManagement] INFO  server.RaftServerConfigKeys (ConfUtils.java:logGet(46)) - raft.server.snapshot.retention.file.num = 5 (custom)
2023-11-03 16:43:22,524 [349d905f-d502-4286-9c03-ebe0308a99ac-groupManagement] INFO  server.RaftServerConfigKeys (ConfUtils.java:logGet(46)) - raft.server.log.purge.upto.snapshot.index = false (default)
2023-11-03 16:43:22,525 [349d905f-d502-4286-9c03-ebe0308a99ac@group-3563DA8A239E-FollowerState] INFO  server.RaftServerConfigKeys (ConfUtils.java:logFallback(53)) - raft.server.rpc.first-election.timeout.min = 5s (fallback to raft.server.rpc.timeout.min)
2023-11-03 16:43:22,525 [349d905f-d502-4286-9c03-ebe0308a99ac@group-3563DA8A239E-FollowerState] INFO  server.RaftServerConfigKeys (ConfUtils.java:logFallback(53)) - raft.server.rpc.first-election.timeout.max = 5200ms (fallback to raft.server.rpc.timeout.max)
2023-11-03 16:43:22,530 [349d905f-d502-4286-9c03-ebe0308a99ac-PipelineCommandHandlerThread-0] INFO  ratis.XceiverServerRatis (XceiverServerRatis.java:addGroup(805)) - Created group PipelineID=dd63a22c-dc24-4d19-9bcf-3563da8a239e
2023-11-03 16:43:22,530 [349d905f-d502-4286-9c03-ebe0308a99ac-PipelineCommandHandlerThread-0] INFO  commandhandler.CreatePipelineCommandHandler (CreatePipelineCommandHandler.java:lambda$handle$2(124)) - Created Pipeline RATIS ONE PipelineID=dd63a22c-dc24-4d19-9bcf-3563da8a239e.
2023-11-03 16:43:22,533 [0f26992e-6b31-4649-88a0-952aab043ba5-PipelineCommandHandlerThread-0] INFO  commandhandler.CreatePipelineCommandHandler (CreatePipelineCommandHandler.java:lambda$handle$2(124)) - Created Pipeline RATIS THREE PipelineID=3aefa9d0-9cb2-4c59-875a-a0a34ee47e4a.
2023-11-03 16:43:22,578 [eb78666f-144a-4911-8bcc-69658dd2d46c-PipelineCommandHandlerThread-0] INFO  commandhandler.CreatePipelineCommandHandler (CreatePipelineCommandHandler.java:lambda$handle$2(124)) - Created Pipeline RATIS THREE PipelineID=3aefa9d0-9cb2-4c59-875a-a0a34ee47e4a.
2023-11-03 16:43:22,653 [dd2982df-a250-4a7e-97ea-3bf70e3641e6-PipelineCommandHandlerThread-0] INFO  server.RaftServer (RaftServerProxy.java:addNew(98)) - dd2982df-a250-4a7e-97ea-3bf70e3641e6: addNew group-D0D852086352:[dd2982df-a250-4a7e-97ea-3bf70e3641e6|rpc:10.1.0.19:15094|admin:10.1.0.19:15093|client:10.1.0.19:15092|dataStream:10.1.0.19:15095|priority:1|startupRole:FOLLOWER] returns group-D0D852086352:java.util.concurrent.CompletableFuture@5542e842[Not completed]
2023-11-03 16:43:22,655 [dd2982df-a250-4a7e-97ea-3bf70e3641e6-groupManagement] INFO  server.RaftServer$Division (RaftServerImpl.java:<init>(198)) - dd2982df-a250-4a7e-97ea-3bf70e3641e6: new RaftServerImpl for group-D0D852086352:[dd2982df-a250-4a7e-97ea-3bf70e3641e6|rpc:10.1.0.19:15094|admin:10.1.0.19:15093|client:10.1.0.19:15092|dataStream:10.1.0.19:15095|priority:1|startupRole:FOLLOWER] with ContainerStateMachine:uninitialized
2023-11-03 16:43:22,655 [dd2982df-a250-4a7e-97ea-3bf70e3641e6-groupManagement] INFO  server.RaftServerConfigKeys (ConfUtils.java:logGet(46)) - raft.server.rpc.timeout.min = 5s (custom)
2023-11-03 16:43:22,655 [dd2982df-a250-4a7e-97ea-3bf70e3641e6-groupManagement] INFO  server.RaftServerConfigKeys (ConfUtils.java:logGet(46)) - raft.server.rpc.timeout.max = 5200ms (custom)
2023-11-03 16:43:22,655 [dd2982df-a250-4a7e-97ea-3bf70e3641e6-groupManagement] INFO  server.RaftServerConfigKeys (ConfUtils.java:logGet(46)) - raft.server.rpc.sleep.time = 25ms (default)
2023-11-03 16:43:22,655 [dd2982df-a250-4a7e-97ea-3bf70e3641e6-groupManagement] INFO  server.RaftServerConfigKeys (ConfUtils.java:logGet(46)) - raft.server.rpc.slowness.timeout = 300s (custom)
2023-11-03 16:43:22,655 [dd2982df-a250-4a7e-97ea-3bf70e3641e6-groupManagement] INFO  server.RaftServerConfigKeys (ConfUtils.java:logGet(46)) - raft.server.leaderelection.leader.step-down.wait-time = 10s (default)
2023-11-03 16:43:22,655 [dd2982df-a250-4a7e-97ea-3bf70e3641e6-groupManagement] INFO  server.RaftServerConfigKeys (ConfUtils.java:logGet(46)) - raft.server.sleep.deviation.threshold = 300ms (default)
2023-11-03 16:43:22,655 [dd2982df-a250-4a7e-97ea-3bf70e3641e6-groupManagement] INFO  server.RaftServer$Division (ServerState.java:<init>(120)) - dd2982df-a250-4a7e-97ea-3bf70e3641e6@group-D0D852086352: ConfigurationManager, init=-1: peers:[dd2982df-a250-4a7e-97ea-3bf70e3641e6|rpc:10.1.0.19:15094|admin:10.1.0.19:15093|client:10.1.0.19:15092|dataStream:10.1.0.19:15095|priority:1|startupRole:FOLLOWER]|listeners:[], old=null, confs=<EMPTY_MAP>
2023-11-03 16:43:22,655 [dd2982df-a250-4a7e-97ea-3bf70e3641e6-groupManagement] INFO  server.RaftServerConfigKeys (ConfUtils.java:logGet(46)) - raft.server.storage.dir = [/home/runner/work/ozone/ozone/hadoop-ozone/integration-test/target/test-dir/MiniOzoneClusterImpl-70a21a17-ad3a-436a-8bc3-9a5217c2e4a5/datanode-3/data/ratis] (custom)
2023-11-03 16:43:22,656 [dd2982df-a250-4a7e-97ea-3bf70e3641e6-groupManagement] INFO  server.RaftServerConfigKeys (ConfUtils.java:logGet(46)) - raft.server.log.corruption.policy = EXCEPTION (default)
2023-11-03 16:43:22,656 [dd2982df-a250-4a7e-97ea-3bf70e3641e6-groupManagement] INFO  server.RaftServerConfigKeys (ConfUtils.java:logGet(46)) - raft.server.storage.free-space.min = 0MB (=0) (default)
2023-11-03 16:43:22,656 [dd2982df-a250-4a7e-97ea-3bf70e3641e6-groupManagement] INFO  server.RaftServerConfigKeys (ConfUtils.java:logGet(46)) - raft.server.notification.no-leader.timeout = 300s (custom)
2023-11-03 16:43:22,656 [dd2982df-a250-4a7e-97ea-3bf70e3641e6-groupManagement] INFO  server.RaftServerConfigKeys (ConfUtils.java:logGet(46)) - raft.server.read.timeout = 10s (default)
2023-11-03 16:43:22,656 [dd2982df-a250-4a7e-97ea-3bf70e3641e6-groupManagement] INFO  server.RaftServerConfigKeys (ConfUtils.java:logGet(46)) - raft.server.retrycache.expirytime = 600000ms (custom)
2023-11-03 16:43:22,656 [dd2982df-a250-4a7e-97ea-3bf70e3641e6-groupManagement] INFO  server.RaftServerConfigKeys (ConfUtils.java:logGet(46)) - raft.server.retrycache.statistics.expirytime = 100μs (default)
2023-11-03 16:43:22,656 [dd2982df-a250-4a7e-97ea-3bf70e3641e6-groupManagement] INFO  server.RaftServerConfigKeys (ConfUtils.java:logGet(46)) - raft.server.read.option = DEFAULT (default)
2023-11-03 16:43:22,657 [dd2982df-a250-4a7e-97ea-3bf70e3641e6-groupManagement] INFO  server.RaftServerConfigKeys (ConfUtils.java:logGet(46)) - raft.server.rpc.request.timeout = 60s (custom)
2023-11-03 16:43:22,657 [dd2982df-a250-4a7e-97ea-3bf70e3641e6-groupManagement] INFO  server.RaftServerConfigKeys (ConfUtils.java:logGet(46)) - raft.server.log.appender.install.snapshot.enabled = false (custom)
2023-11-03 16:43:22,657 [dd2982df-a250-4a7e-97ea-3bf70e3641e6-groupManagement] INFO  server.RaftServerConfigKeys (ConfUtils.java:logGet(46)) - raft.server.threadpool.server.cached = true (default)
2023-11-03 16:43:22,657 [dd2982df-a250-4a7e-97ea-3bf70e3641e6-groupManagement] INFO  server.RaftServerConfigKeys (ConfUtils.java:logGet(46)) - raft.server.threadpool.server.size = 0 (default)
2023-11-03 16:43:22,657 [dd2982df-a250-4a7e-97ea-3bf70e3641e6-groupManagement] INFO  server.RaftServerConfigKeys (ConfUtils.java:logGet(46)) - raft.server.threadpool.client.cached = true (default)
2023-11-03 16:43:22,657 [dd2982df-a250-4a7e-97ea-3bf70e3641e6-groupManagement] INFO  server.RaftServerConfigKeys (ConfUtils.java:logGet(46)) - raft.server.threadpool.client.size = 0 (default)
2023-11-03 16:43:22,658 [dd2982df-a250-4a7e-97ea-3bf70e3641e6-groupManagement] INFO  storage.RaftStorageDirectory (RaftStorageDirectoryImpl.java:analyzeStorage(137)) - The storage directory /home/runner/work/ozone/ozone/hadoop-ozone/integration-test/target/test-dir/MiniOzoneClusterImpl-70a21a17-ad3a-436a-8bc3-9a5217c2e4a5/datanode-3/data/ratis/e6f9569e-cc86-4677-83fb-d0d852086352 does not exist. Creating ...
2023-11-03 16:43:22,659 [dd2982df-a250-4a7e-97ea-3bf70e3641e6-groupManagement] INFO  storage.RaftStorageDirectory (RaftStorageDirectoryImpl.java:tryLock(231)) - Lock on /home/runner/work/ozone/ozone/hadoop-ozone/integration-test/target/test-dir/MiniOzoneClusterImpl-70a21a17-ad3a-436a-8bc3-9a5217c2e4a5/datanode-3/data/ratis/e6f9569e-cc86-4677-83fb-d0d852086352/in_use.lock acquired by nodename 31069@fv-az292-536
2023-11-03 16:43:22,660 [dd2982df-a250-4a7e-97ea-3bf70e3641e6-groupManagement] INFO  storage.RaftStorage (RaftStorageImpl.java:format(96)) - Storage directory /home/runner/work/ozone/ozone/hadoop-ozone/integration-test/target/test-dir/MiniOzoneClusterImpl-70a21a17-ad3a-436a-8bc3-9a5217c2e4a5/datanode-3/data/ratis/e6f9569e-cc86-4677-83fb-d0d852086352 has been successfully formatted.
2023-11-03 16:43:22,662 [dd2982df-a250-4a7e-97ea-3bf70e3641e6-groupManagement] INFO  ratis.ContainerStateMachine (ContainerStateMachine.java:loadSnapshot(269)) - group-D0D852086352: The snapshot info is null. Setting the last applied indexto:(t:0, i:~)
2023-11-03 16:43:22,662 [dd2982df-a250-4a7e-97ea-3bf70e3641e6-groupManagement] INFO  server.RaftServerConfigKeys (ConfUtils.java:logGet(46)) - raft.server.log.use.memory = false (default)
2023-11-03 16:43:22,663 [dd2982df-a250-4a7e-97ea-3bf70e3641e6-groupManagement] INFO  server.RaftServerConfigKeys (ConfUtils.java:logGet(46)) - raft.server.log.purge.gap = 1000000 (custom)
2023-11-03 16:43:22,663 [dd2982df-a250-4a7e-97ea-3bf70e3641e6-groupManagement] INFO  server.RaftServerConfigKeys (ConfUtils.java:logGet(46)) - raft.server.log.appender.buffer.byte-limit = 33554432 (custom)
2023-11-03 16:43:22,663 [dd2982df-a250-4a7e-97ea-3bf70e3641e6-groupManagement] INFO  server.RaftServerConfigKeys (ConfUtils.java:logGet(46)) - raft.server.log.statemachine.data.read.timeout = 1000ms (default)
2023-11-03 16:43:22,663 [dd2982df-a250-4a7e-97ea-3bf70e3641e6-groupManagement] INFO  server.RaftServerConfigKeys (ConfUtils.java:logGet(46)) - raft.server.log.purge.preservation.log.num = 0 (default)
2023-11-03 16:43:22,663 [EventQueue-PipelineReportForPipelineReportHandler] INFO  pipeline.PipelineReportHandler (PipelineReportHandler.java:processPipelineReport(136)) - Opened pipeline PipelineID=e6f9569e-cc86-4677-83fb-d0d852086352
2023-11-03 16:43:22,664 [dd2982df-a250-4a7e-97ea-3bf70e3641e6-groupManagement] INFO  server.RaftServerConfigKeys (ConfUtils.java:logGet(46)) - raft.server.log.segment.size.max = 1048576 (custom)
2023-11-03 16:43:22,664 [EventQueue-OpenPipelineForHealthyPipelineSafeModeRule] INFO  safemode.SCMSafeModeManager (HealthyPipelineSafeModeRule.java:process(137)) - SCM in safe mode. Healthy pipelines reported count is 0, required healthy pipeline reported count is 1
2023-11-03 16:43:22,664 [dd2982df-a250-4a7e-97ea-3bf70e3641e6-groupManagement] INFO  server.RaftServerConfigKeys (ConfUtils.java:logGet(46)) - raft.server.log.segment.cache.num.max = 2 (custom)
2023-11-03 16:43:22,664 [dd2982df-a250-4a7e-97ea-3bf70e3641e6-groupManagement] INFO  server.RaftServerConfigKeys (ConfUtils.java:logGet(46)) - raft.server.log.segment.cache.size.max = 200MB (=209715200) (default)
2023-11-03 16:43:22,664 [dd2982df-a250-4a7e-97ea-3bf70e3641e6-groupManagement] INFO  server.RaftServerConfigKeys (ConfUtils.java:logGet(46)) - raft.server.log.appender.buffer.byte-limit = 33554432 (custom)
2023-11-03 16:43:22,664 [dd2982df-a250-4a7e-97ea-3bf70e3641e6-groupManagement] INFO  segmented.SegmentedRaftLogWorker (SegmentedRaftLogWorker.java:<init>(188)) - new dd2982df-a250-4a7e-97ea-3bf70e3641e6@group-D0D852086352-SegmentedRaftLogWorker for RaftStorageImpl:Storage Directory /home/runner/work/ozone/ozone/hadoop-ozone/integration-test/target/test-dir/MiniOzoneClusterImpl-70a21a17-ad3a-436a-8bc3-9a5217c2e4a5/datanode-3/data/ratis/e6f9569e-cc86-4677-83fb-d0d852086352
2023-11-03 16:43:22,665 [dd2982df-a250-4a7e-97ea-3bf70e3641e6-groupManagement] INFO  server.RaftServerConfigKeys (ConfUtils.java:logGet(46)) - raft.server.log.queue.byte-limit = 4294967296 (custom)
2023-11-03 16:43:22,665 [dd2982df-a250-4a7e-97ea-3bf70e3641e6-groupManagement] INFO  server.RaftServerConfigKeys (ConfUtils.java:logGet(46)) - raft.server.log.queue.element-limit = 1024 (custom)
2023-11-03 16:43:22,665 [dd2982df-a250-4a7e-97ea-3bf70e3641e6-groupManagement] INFO  server.RaftServerConfigKeys (ConfUtils.java:logGet(46)) - raft.server.log.segment.size.max = 1048576 (custom)
2023-11-03 16:43:22,665 [dd2982df-a250-4a7e-97ea-3bf70e3641e6-groupManagement] INFO  server.RaftServerConfigKeys (ConfUtils.java:logGet(46)) - raft.server.log.preallocated.size = 16384 (custom)
2023-11-03 16:43:22,665 [dd2982df-a250-4a7e-97ea-3bf70e3641e6-groupManagement] INFO  server.RaftServerConfigKeys (ConfUtils.java:logGet(46)) - raft.server.log.force.sync.num = 128 (default)
2023-11-03 16:43:22,665 [dd2982df-a250-4a7e-97ea-3bf70e3641e6-groupManagement] INFO  server.RaftServerConfigKeys (ConfUtils.java:logGet(46)) - raft.server.log.statemachine.data.sync = true (default)
2023-11-03 16:43:22,665 [dd2982df-a250-4a7e-97ea-3bf70e3641e6-groupManagement] INFO  server.RaftServerConfigKeys (ConfUtils.java:logGet(46)) - raft.server.log.statemachine.data.sync.timeout = 10s (default)
2023-11-03 16:43:22,665 [dd2982df-a250-4a7e-97ea-3bf70e3641e6-groupManagement] INFO  server.RaftServerConfigKeys (ConfUtils.java:logGet(46)) - raft.server.log.statemachine.data.sync.timeout.retry = -1 (default)
2023-11-03 16:43:22,666 [dd2982df-a250-4a7e-97ea-3bf70e3641e6-groupManagement] INFO  server.RaftServerConfigKeys (ConfUtils.java:logGet(46)) - raft.server.log.write.buffer.size = 1048576 (custom)
2023-11-03 16:43:22,666 [dd2982df-a250-4a7e-97ea-3bf70e3641e6-groupManagement] INFO  server.RaftServerConfigKeys (ConfUtils.java:logGet(46)) - raft.server.log.appender.buffer.byte-limit = 33554432 (custom)
2023-11-03 16:43:22,673 [dd2982df-a250-4a7e-97ea-3bf70e3641e6-groupManagement] INFO  server.RaftServerConfigKeys (ConfUtils.java:logGet(46)) - raft.server.log.unsafe-flush.enabled = false (default)
2023-11-03 16:43:22,673 [dd2982df-a250-4a7e-97ea-3bf70e3641e6-groupManagement] INFO  server.RaftServerConfigKeys (ConfUtils.java:logGet(46)) - raft.server.log.async-flush.enabled = false (default)
2023-11-03 16:43:22,673 [dd2982df-a250-4a7e-97ea-3bf70e3641e6-groupManagement] INFO  server.RaftServerConfigKeys (ConfUtils.java:logGet(46)) - raft.server.log.statemachine.data.caching.enabled = true (custom)
2023-11-03 16:43:22,673 [dd2982df-a250-4a7e-97ea-3bf70e3641e6-groupManagement] INFO  segmented.SegmentedRaftLogWorker (SegmentedRaftLogWorker.java:lambda$new$0(135)) - dd2982df-a250-4a7e-97ea-3bf70e3641e6@group-D0D852086352-SegmentedRaftLogWorker: flushIndex: setUnconditionally 0 -> -1
2023-11-03 16:43:22,673 [dd2982df-a250-4a7e-97ea-3bf70e3641e6-groupManagement] INFO  segmented.SegmentedRaftLogWorker (SegmentedRaftLogWorker.java:lambda$new$0(135)) - dd2982df-a250-4a7e-97ea-3bf70e3641e6@group-D0D852086352-SegmentedRaftLogWorker: safeCacheEvictIndex: setUnconditionally 0 -> -1
2023-11-03 16:43:22,674 [dd2982df-a250-4a7e-97ea-3bf70e3641e6-groupManagement] INFO  server.RaftServer$Division (RaftServerImpl.java:start(342)) - dd2982df-a250-4a7e-97ea-3bf70e3641e6@group-D0D852086352: start as a follower, conf=-1: peers:[dd2982df-a250-4a7e-97ea-3bf70e3641e6|rpc:10.1.0.19:15094|admin:10.1.0.19:15093|client:10.1.0.19:15092|dataStream:10.1.0.19:15095|priority:1|startupRole:FOLLOWER]|listeners:[], old=null
2023-11-03 16:43:22,674 [dd2982df-a250-4a7e-97ea-3bf70e3641e6-groupManagement] INFO  server.RaftServer$Division (RaftServerImpl.java:setRole(329)) - dd2982df-a250-4a7e-97ea-3bf70e3641e6@group-D0D852086352: changes role from      null to FOLLOWER at term 0 for startAsFollower
2023-11-03 16:43:22,674 [dd2982df-a250-4a7e-97ea-3bf70e3641e6-groupManagement] INFO  impl.RoleInfo (RoleInfo.java:updateAndGet(139)) - dd2982df-a250-4a7e-97ea-3bf70e3641e6: start dd2982df-a250-4a7e-97ea-3bf70e3641e6@group-D0D852086352-FollowerState
2023-11-03 16:43:22,674 [dd2982df-a250-4a7e-97ea-3bf70e3641e6@group-D0D852086352-FollowerState] INFO  server.RaftServerConfigKeys (ConfUtils.java:logFallback(53)) - raft.server.rpc.first-election.timeout.min = 5s (fallback to raft.server.rpc.timeout.min)
2023-11-03 16:43:22,674 [dd2982df-a250-4a7e-97ea-3bf70e3641e6-groupManagement] INFO  util.JmxRegister (JmxRegister.java:tryRegister(44)) - Successfully registered JMX Bean with object name Ratis:service=RaftServer,group=group-D0D852086352,id=dd2982df-a250-4a7e-97ea-3bf70e3641e6
2023-11-03 16:43:22,675 [dd2982df-a250-4a7e-97ea-3bf70e3641e6@group-D0D852086352-FollowerState] INFO  server.RaftServerConfigKeys (ConfUtils.java:logFallback(53)) - raft.server.rpc.first-election.timeout.max = 5200ms (fallback to raft.server.rpc.timeout.max)
2023-11-03 16:43:22,675 [dd2982df-a250-4a7e-97ea-3bf70e3641e6-groupManagement] INFO  server.RaftServerConfigKeys (ConfUtils.java:logGet(46)) - raft.server.snapshot.auto.trigger.enabled = true (custom)
2023-11-03 16:43:22,675 [dd2982df-a250-4a7e-97ea-3bf70e3641e6-groupManagement] INFO  server.RaftServerConfigKeys (ConfUtils.java:logGet(46)) - raft.server.snapshot.auto.trigger.threshold = 10000 (custom)
2023-11-03 16:43:22,675 [dd2982df-a250-4a7e-97ea-3bf70e3641e6-groupManagement] INFO  server.RaftServerConfigKeys (ConfUtils.java:logGet(46)) - raft.server.snapshot.retention.file.num = 5 (custom)
2023-11-03 16:43:22,675 [dd2982df-a250-4a7e-97ea-3bf70e3641e6-groupManagement] INFO  server.RaftServerConfigKeys (ConfUtils.java:logGet(46)) - raft.server.log.purge.upto.snapshot.index = false (default)
2023-11-03 16:43:22,678 [dd2982df-a250-4a7e-97ea-3bf70e3641e6-PipelineCommandHandlerThread-0] INFO  ratis.XceiverServerRatis (XceiverServerRatis.java:addGroup(805)) - Created group PipelineID=e6f9569e-cc86-4677-83fb-d0d852086352
2023-11-03 16:43:22,678 [dd2982df-a250-4a7e-97ea-3bf70e3641e6-PipelineCommandHandlerThread-0] INFO  commandhandler.CreatePipelineCommandHandler (CreatePipelineCommandHandler.java:lambda$handle$2(124)) - Created Pipeline RATIS ONE PipelineID=e6f9569e-cc86-4677-83fb-d0d852086352.
2023-11-03 16:43:22,827 [bfef2556-1a9a-4d4c-8661-c047d39fc87f-PipelineCommandHandlerThread-0] INFO  server.RaftServer (RaftServerProxy.java:addNew(98)) - bfef2556-1a9a-4d4c-8661-c047d39fc87f: addNew group-C0A0A00B9725:[bfef2556-1a9a-4d4c-8661-c047d39fc87f|rpc:10.1.0.19:15103|admin:10.1.0.19:15102|client:10.1.0.19:15101|dataStream:10.1.0.19:15104|priority:1|startupRole:FOLLOWER] returns group-C0A0A00B9725:java.util.concurrent.CompletableFuture@2a3def36[Not completed]
2023-11-03 16:43:22,828 [main] INFO  ozone.MiniOzoneClusterImpl (MiniOzoneClusterImpl.java:lambda$waitForClusterToBeReady$0(229)) - Nodes are ready. Got 5 of 5 DN Heartbeats.
2023-11-03 16:43:22,828 [main] INFO  ozone.MiniOzoneClusterImpl (MiniOzoneClusterImpl.java:lambda$waitForClusterToBeReady$0(232)) - Waiting for cluster to exit safe mode
2023-11-03 16:43:22,828 [main] INFO  ozone.MiniOzoneClusterImpl (MiniOzoneClusterImpl.java:lambda$waitForClusterToBeReady$0(234)) - SCM became leader
2023-11-03 16:43:22,829 [bfef2556-1a9a-4d4c-8661-c047d39fc87f-groupManagement] INFO  server.RaftServer$Division (RaftServerImpl.java:<init>(198)) - bfef2556-1a9a-4d4c-8661-c047d39fc87f: new RaftServerImpl for group-C0A0A00B9725:[bfef2556-1a9a-4d4c-8661-c047d39fc87f|rpc:10.1.0.19:15103|admin:10.1.0.19:15102|client:10.1.0.19:15101|dataStream:10.1.0.19:15104|priority:1|startupRole:FOLLOWER] with ContainerStateMachine:uninitialized
2023-11-03 16:43:22,829 [bfef2556-1a9a-4d4c-8661-c047d39fc87f-groupManagement] INFO  server.RaftServerConfigKeys (ConfUtils.java:logGet(46)) - raft.server.rpc.timeout.min = 5s (custom)
2023-11-03 16:43:22,829 [bfef2556-1a9a-4d4c-8661-c047d39fc87f-groupManagement] INFO  server.RaftServerConfigKeys (ConfUtils.java:logGet(46)) - raft.server.rpc.timeout.max = 5200ms (custom)
2023-11-03 16:43:22,829 [bfef2556-1a9a-4d4c-8661-c047d39fc87f-groupManagement] INFO  server.RaftServerConfigKeys (ConfUtils.java:logGet(46)) - raft.server.rpc.sleep.time = 25ms (default)
2023-11-03 16:43:22,829 [bfef2556-1a9a-4d4c-8661-c047d39fc87f-groupManagement] INFO  server.RaftServerConfigKeys (ConfUtils.java:logGet(46)) - raft.server.rpc.slowness.timeout = 300s (custom)
2023-11-03 16:43:22,829 [bfef2556-1a9a-4d4c-8661-c047d39fc87f-groupManagement] INFO  server.RaftServerConfigKeys (ConfUtils.java:logGet(46)) - raft.server.leaderelection.leader.step-down.wait-time = 10s (default)
2023-11-03 16:43:22,829 [bfef2556-1a9a-4d4c-8661-c047d39fc87f-groupManagement] INFO  server.RaftServerConfigKeys (ConfUtils.java:logGet(46)) - raft.server.sleep.deviation.threshold = 300ms (default)
2023-11-03 16:43:22,829 [bfef2556-1a9a-4d4c-8661-c047d39fc87f-groupManagement] INFO  server.RaftServer$Division (ServerState.java:<init>(120)) - bfef2556-1a9a-4d4c-8661-c047d39fc87f@group-C0A0A00B9725: ConfigurationManager, init=-1: peers:[bfef2556-1a9a-4d4c-8661-c047d39fc87f|rpc:10.1.0.19:15103|admin:10.1.0.19:15102|client:10.1.0.19:15101|dataStream:10.1.0.19:15104|priority:1|startupRole:FOLLOWER]|listeners:[], old=null, confs=<EMPTY_MAP>
2023-11-03 16:43:22,829 [bfef2556-1a9a-4d4c-8661-c047d39fc87f-groupManagement] INFO  server.RaftServerConfigKeys (ConfUtils.java:logGet(46)) - raft.server.storage.dir = [/home/runner/work/ozone/ozone/hadoop-ozone/integration-test/target/test-dir/MiniOzoneClusterImpl-70a21a17-ad3a-436a-8bc3-9a5217c2e4a5/datanode-4/data/ratis] (custom)
2023-11-03 16:43:22,829 [bfef2556-1a9a-4d4c-8661-c047d39fc87f-groupManagement] INFO  server.RaftServerConfigKeys (ConfUtils.java:logGet(46)) - raft.server.log.corruption.policy = EXCEPTION (default)
2023-11-03 16:43:22,830 [bfef2556-1a9a-4d4c-8661-c047d39fc87f-groupManagement] INFO  server.RaftServerConfigKeys (ConfUtils.java:logGet(46)) - raft.server.storage.free-space.min = 0MB (=0) (default)
2023-11-03 16:43:22,830 [bfef2556-1a9a-4d4c-8661-c047d39fc87f-groupManagement] INFO  server.RaftServerConfigKeys (ConfUtils.java:logGet(46)) - raft.server.notification.no-leader.timeout = 300s (custom)
2023-11-03 16:43:22,830 [bfef2556-1a9a-4d4c-8661-c047d39fc87f-groupManagement] INFO  server.RaftServerConfigKeys (ConfUtils.java:logGet(46)) - raft.server.read.timeout = 10s (default)
2023-11-03 16:43:22,830 [bfef2556-1a9a-4d4c-8661-c047d39fc87f-groupManagement] INFO  server.RaftServerConfigKeys (ConfUtils.java:logGet(46)) - raft.server.retrycache.expirytime = 600000ms (custom)
2023-11-03 16:43:22,830 [bfef2556-1a9a-4d4c-8661-c047d39fc87f-groupManagement] INFO  server.RaftServerConfigKeys (ConfUtils.java:logGet(46)) - raft.server.retrycache.statistics.expirytime = 100μs (default)
2023-11-03 16:43:22,830 [bfef2556-1a9a-4d4c-8661-c047d39fc87f-groupManagement] INFO  server.RaftServerConfigKeys (ConfUtils.java:logGet(46)) - raft.server.read.option = DEFAULT (default)
2023-11-03 16:43:22,831 [bfef2556-1a9a-4d4c-8661-c047d39fc87f-groupManagement] INFO  server.RaftServerConfigKeys (ConfUtils.java:logGet(46)) - raft.server.rpc.request.timeout = 60s (custom)
2023-11-03 16:43:22,831 [bfef2556-1a9a-4d4c-8661-c047d39fc87f-groupManagement] INFO  server.RaftServerConfigKeys (ConfUtils.java:logGet(46)) - raft.server.log.appender.install.snapshot.enabled = false (custom)
2023-11-03 16:43:22,831 [bfef2556-1a9a-4d4c-8661-c047d39fc87f-groupManagement] INFO  server.RaftServerConfigKeys (ConfUtils.java:logGet(46)) - raft.server.threadpool.server.cached = true (default)
2023-11-03 16:43:22,831 [bfef2556-1a9a-4d4c-8661-c047d39fc87f-groupManagement] INFO  server.RaftServerConfigKeys (ConfUtils.java:logGet(46)) - raft.server.threadpool.server.size = 0 (default)
2023-11-03 16:43:22,831 [bfef2556-1a9a-4d4c-8661-c047d39fc87f-groupManagement] INFO  server.RaftServerConfigKeys (ConfUtils.java:logGet(46)) - raft.server.threadpool.client.cached = true (default)
2023-11-03 16:43:22,831 [bfef2556-1a9a-4d4c-8661-c047d39fc87f-groupManagement] INFO  server.RaftServerConfigKeys (ConfUtils.java:logGet(46)) - raft.server.threadpool.client.size = 0 (default)
2023-11-03 16:43:22,831 [bfef2556-1a9a-4d4c-8661-c047d39fc87f-groupManagement] INFO  storage.RaftStorageDirectory (RaftStorageDirectoryImpl.java:analyzeStorage(137)) - The storage directory /home/runner/work/ozone/ozone/hadoop-ozone/integration-test/target/test-dir/MiniOzoneClusterImpl-70a21a17-ad3a-436a-8bc3-9a5217c2e4a5/datanode-4/data/ratis/556e5c89-3a7a-4eed-969c-c0a0a00b9725 does not exist. Creating ...
2023-11-03 16:43:22,833 [bfef2556-1a9a-4d4c-8661-c047d39fc87f-groupManagement] INFO  storage.RaftStorageDirectory (RaftStorageDirectoryImpl.java:tryLock(231)) - Lock on /home/runner/work/ozone/ozone/hadoop-ozone/integration-test/target/test-dir/MiniOzoneClusterImpl-70a21a17-ad3a-436a-8bc3-9a5217c2e4a5/datanode-4/data/ratis/556e5c89-3a7a-4eed-969c-c0a0a00b9725/in_use.lock acquired by nodename 31069@fv-az292-536
2023-11-03 16:43:22,834 [bfef2556-1a9a-4d4c-8661-c047d39fc87f-groupManagement] INFO  storage.RaftStorage (RaftStorageImpl.java:format(96)) - Storage directory /home/runner/work/ozone/ozone/hadoop-ozone/integration-test/target/test-dir/MiniOzoneClusterImpl-70a21a17-ad3a-436a-8bc3-9a5217c2e4a5/datanode-4/data/ratis/556e5c89-3a7a-4eed-969c-c0a0a00b9725 has been successfully formatted.
2023-11-03 16:43:22,836 [bfef2556-1a9a-4d4c-8661-c047d39fc87f-groupManagement] INFO  ratis.ContainerStateMachine (ContainerStateMachine.java:loadSnapshot(269)) - group-C0A0A00B9725: The snapshot info is null. Setting the last applied indexto:(t:0, i:~)
2023-11-03 16:43:22,836 [bfef2556-1a9a-4d4c-8661-c047d39fc87f-groupManagement] INFO  server.RaftServerConfigKeys (ConfUtils.java:logGet(46)) - raft.server.log.use.memory = false (default)
2023-11-03 16:43:22,836 [bfef2556-1a9a-4d4c-8661-c047d39fc87f-groupManagement] INFO  server.RaftServerConfigKeys (ConfUtils.java:logGet(46)) - raft.server.log.purge.gap = 1000000 (custom)
2023-11-03 16:43:22,836 [bfef2556-1a9a-4d4c-8661-c047d39fc87f-groupManagement] INFO  server.RaftServerConfigKeys (ConfUtils.java:logGet(46)) - raft.server.log.appender.buffer.byte-limit = 33554432 (custom)
2023-11-03 16:43:22,836 [bfef2556-1a9a-4d4c-8661-c047d39fc87f-groupManagement] INFO  server.RaftServerConfigKeys (ConfUtils.java:logGet(46)) - raft.server.log.statemachine.data.read.timeout = 1000ms (default)
2023-11-03 16:43:22,836 [bfef2556-1a9a-4d4c-8661-c047d39fc87f-groupManagement] INFO  server.RaftServerConfigKeys (ConfUtils.java:logGet(46)) - raft.server.log.purge.preservation.log.num = 0 (default)
2023-11-03 16:43:22,837 [bfef2556-1a9a-4d4c-8661-c047d39fc87f-groupManagement] INFO  server.RaftServerConfigKeys (ConfUtils.java:logGet(46)) - raft.server.log.segment.size.max = 1048576 (custom)
2023-11-03 16:43:22,839 [bfef2556-1a9a-4d4c-8661-c047d39fc87f-groupManagement] INFO  server.RaftServerConfigKeys (ConfUtils.java:logGet(46)) - raft.server.log.segment.cache.num.max = 2 (custom)
2023-11-03 16:43:22,839 [EventQueue-PipelineReportForPipelineReportHandler] INFO  pipeline.PipelineReportHandler (PipelineReportHandler.java:processPipelineReport(136)) - Opened pipeline PipelineID=556e5c89-3a7a-4eed-969c-c0a0a00b9725
2023-11-03 16:43:22,839 [bfef2556-1a9a-4d4c-8661-c047d39fc87f-groupManagement] INFO  server.RaftServerConfigKeys (ConfUtils.java:logGet(46)) - raft.server.log.segment.cache.size.max = 200MB (=209715200) (default)
2023-11-03 16:43:22,839 [EventQueue-OpenPipelineForHealthyPipelineSafeModeRule] INFO  safemode.SCMSafeModeManager (HealthyPipelineSafeModeRule.java:process(137)) - SCM in safe mode. Healthy pipelines reported count is 0, required healthy pipeline reported count is 1
2023-11-03 16:43:22,839 [bfef2556-1a9a-4d4c-8661-c047d39fc87f-groupManagement] INFO  server.RaftServerConfigKeys (ConfUtils.java:logGet(46)) - raft.server.log.appender.buffer.byte-limit = 33554432 (custom)
2023-11-03 16:43:22,839 [bfef2556-1a9a-4d4c-8661-c047d39fc87f-groupManagement] INFO  segmented.SegmentedRaftLogWorker (SegmentedRaftLogWorker.java:<init>(188)) - new bfef2556-1a9a-4d4c-8661-c047d39fc87f@group-C0A0A00B9725-SegmentedRaftLogWorker for RaftStorageImpl:Storage Directory /home/runner/work/ozone/ozone/hadoop-ozone/integration-test/target/test-dir/MiniOzoneClusterImpl-70a21a17-ad3a-436a-8bc3-9a5217c2e4a5/datanode-4/data/ratis/556e5c89-3a7a-4eed-969c-c0a0a00b9725
2023-11-03 16:43:22,839 [bfef2556-1a9a-4d4c-8661-c047d39fc87f-groupManagement] INFO  server.RaftServerConfigKeys (ConfUtils.java:logGet(46)) - raft.server.log.queue.byte-limit = 4294967296 (custom)
2023-11-03 16:43:22,839 [bfef2556-1a9a-4d4c-8661-c047d39fc87f-groupManagement] INFO  server.RaftServerConfigKeys (ConfUtils.java:logGet(46)) - raft.server.log.queue.element-limit = 1024 (custom)
2023-11-03 16:43:22,839 [bfef2556-1a9a-4d4c-8661-c047d39fc87f-groupManagement] INFO  server.RaftServerConfigKeys (ConfUtils.java:logGet(46)) - raft.server.log.segment.size.max = 1048576 (custom)
2023-11-03 16:43:22,839 [bfef2556-1a9a-4d4c-8661-c047d39fc87f-groupManagement] INFO  server.RaftServerConfigKeys (ConfUtils.java:logGet(46)) - raft.server.log.preallocated.size = 16384 (custom)
2023-11-03 16:43:22,839 [bfef2556-1a9a-4d4c-8661-c047d39fc87f-groupManagement] INFO  server.RaftServerConfigKeys (ConfUtils.java:logGet(46)) - raft.server.log.force.sync.num = 128 (default)
2023-11-03 16:43:22,840 [bfef2556-1a9a-4d4c-8661-c047d39fc87f-groupManagement] INFO  server.RaftServerConfigKeys (ConfUtils.java:logGet(46)) - raft.server.log.statemachine.data.sync = true (default)
2023-11-03 16:43:22,840 [bfef2556-1a9a-4d4c-8661-c047d39fc87f-groupManagement] INFO  server.RaftServerConfigKeys (ConfUtils.java:logGet(46)) - raft.server.log.statemachine.data.sync.timeout = 10s (default)
2023-11-03 16:43:22,840 [bfef2556-1a9a-4d4c-8661-c047d39fc87f-groupManagement] INFO  server.RaftServerConfigKeys (ConfUtils.java:logGet(46)) - raft.server.log.statemachine.data.sync.timeout.retry = -1 (default)
2023-11-03 16:43:22,840 [bfef2556-1a9a-4d4c-8661-c047d39fc87f-groupManagement] INFO  server.RaftServerConfigKeys (ConfUtils.java:logGet(46)) - raft.server.log.write.buffer.size = 1048576 (custom)
2023-11-03 16:43:22,841 [bfef2556-1a9a-4d4c-8661-c047d39fc87f-groupManagement] INFO  server.RaftServerConfigKeys (ConfUtils.java:logGet(46)) - raft.server.log.appender.buffer.byte-limit = 33554432 (custom)
2023-11-03 16:43:22,847 [bfef2556-1a9a-4d4c-8661-c047d39fc87f-groupManagement] INFO  server.RaftServerConfigKeys (ConfUtils.java:logGet(46)) - raft.server.log.unsafe-flush.enabled = false (default)
2023-11-03 16:43:22,848 [bfef2556-1a9a-4d4c-8661-c047d39fc87f-groupManagement] INFO  server.RaftServerConfigKeys (ConfUtils.java:logGet(46)) - raft.server.log.async-flush.enabled = false (default)
2023-11-03 16:43:22,848 [bfef2556-1a9a-4d4c-8661-c047d39fc87f-groupManagement] INFO  server.RaftServerConfigKeys (ConfUtils.java:logGet(46)) - raft.server.log.statemachine.data.caching.enabled = true (custom)
2023-11-03 16:43:22,848 [bfef2556-1a9a-4d4c-8661-c047d39fc87f-groupManagement] INFO  segmented.SegmentedRaftLogWorker (SegmentedRaftLogWorker.java:lambda$new$0(135)) - bfef2556-1a9a-4d4c-8661-c047d39fc87f@group-C0A0A00B9725-SegmentedRaftLogWorker: flushIndex: setUnconditionally 0 -> -1
2023-11-03 16:43:22,848 [bfef2556-1a9a-4d4c-8661-c047d39fc87f-groupManagement] INFO  segmented.SegmentedRaftLogWorker (SegmentedRaftLogWorker.java:lambda$new$0(135)) - bfef2556-1a9a-4d4c-8661-c047d39fc87f@group-C0A0A00B9725-SegmentedRaftLogWorker: safeCacheEvictIndex: setUnconditionally 0 -> -1
2023-11-03 16:43:22,849 [bfef2556-1a9a-4d4c-8661-c047d39fc87f-groupManagement] INFO  server.RaftServer$Division (RaftServerImpl.java:start(342)) - bfef2556-1a9a-4d4c-8661-c047d39fc87f@group-C0A0A00B9725: start as a follower, conf=-1: peers:[bfef2556-1a9a-4d4c-8661-c047d39fc87f|rpc:10.1.0.19:15103|admin:10.1.0.19:15102|client:10.1.0.19:15101|dataStream:10.1.0.19:15104|priority:1|startupRole:FOLLOWER]|listeners:[], old=null
2023-11-03 16:43:22,849 [bfef2556-1a9a-4d4c-8661-c047d39fc87f-groupManagement] INFO  server.RaftServer$Division (RaftServerImpl.java:setRole(329)) - bfef2556-1a9a-4d4c-8661-c047d39fc87f@group-C0A0A00B9725: changes role from      null to FOLLOWER at term 0 for startAsFollower
2023-11-03 16:43:22,849 [bfef2556-1a9a-4d4c-8661-c047d39fc87f-groupManagement] INFO  impl.RoleInfo (RoleInfo.java:updateAndGet(139)) - bfef2556-1a9a-4d4c-8661-c047d39fc87f: start bfef2556-1a9a-4d4c-8661-c047d39fc87f@group-C0A0A00B9725-FollowerState
2023-11-03 16:43:22,849 [bfef2556-1a9a-4d4c-8661-c047d39fc87f@group-C0A0A00B9725-FollowerState] INFO  server.RaftServerConfigKeys (ConfUtils.java:logFallback(53)) - raft.server.rpc.first-election.timeout.min = 5s (fallback to raft.server.rpc.timeout.min)
2023-11-03 16:43:22,849 [bfef2556-1a9a-4d4c-8661-c047d39fc87f-groupManagement] INFO  util.JmxRegister (JmxRegister.java:tryRegister(44)) - Successfully registered JMX Bean with object name Ratis:service=RaftServer,group=group-C0A0A00B9725,id=bfef2556-1a9a-4d4c-8661-c047d39fc87f
2023-11-03 16:43:22,849 [bfef2556-1a9a-4d4c-8661-c047d39fc87f@group-C0A0A00B9725-FollowerState] INFO  server.RaftServerConfigKeys (ConfUtils.java:logFallback(53)) - raft.server.rpc.first-election.timeout.max = 5200ms (fallback to raft.server.rpc.timeout.max)
2023-11-03 16:43:22,849 [bfef2556-1a9a-4d4c-8661-c047d39fc87f-groupManagement] INFO  server.RaftServerConfigKeys (ConfUtils.java:logGet(46)) - raft.server.snapshot.auto.trigger.enabled = true (custom)
2023-11-03 16:43:22,849 [bfef2556-1a9a-4d4c-8661-c047d39fc87f-groupManagement] INFO  server.RaftServerConfigKeys (ConfUtils.java:logGet(46)) - raft.server.snapshot.auto.trigger.threshold = 10000 (custom)
2023-11-03 16:43:22,850 [bfef2556-1a9a-4d4c-8661-c047d39fc87f-groupManagement] INFO  server.RaftServerConfigKeys (ConfUtils.java:logGet(46)) - raft.server.snapshot.retention.file.num = 5 (custom)
2023-11-03 16:43:22,850 [bfef2556-1a9a-4d4c-8661-c047d39fc87f-groupManagement] INFO  server.RaftServerConfigKeys (ConfUtils.java:logGet(46)) - raft.server.log.purge.upto.snapshot.index = false (default)
2023-11-03 16:43:22,851 [bfef2556-1a9a-4d4c-8661-c047d39fc87f-PipelineCommandHandlerThread-0] INFO  ratis.XceiverServerRatis (XceiverServerRatis.java:addGroup(805)) - Created group PipelineID=556e5c89-3a7a-4eed-969c-c0a0a00b9725
2023-11-03 16:43:22,851 [bfef2556-1a9a-4d4c-8661-c047d39fc87f-PipelineCommandHandlerThread-0] INFO  commandhandler.CreatePipelineCommandHandler (CreatePipelineCommandHandler.java:lambda$handle$2(124)) - Created Pipeline RATIS ONE PipelineID=556e5c89-3a7a-4eed-969c-c0a0a00b9725.
2023-11-03 16:43:23,828 [main] INFO  ozone.MiniOzoneClusterImpl (MiniOzoneClusterImpl.java:lambda$waitForClusterToBeReady$0(229)) - Nodes are ready. Got 5 of 5 DN Heartbeats.
2023-11-03 16:43:23,829 [main] INFO  ozone.MiniOzoneClusterImpl (MiniOzoneClusterImpl.java:lambda$waitForClusterToBeReady$0(232)) - Waiting for cluster to exit safe mode
2023-11-03 16:43:23,829 [main] INFO  ozone.MiniOzoneClusterImpl (MiniOzoneClusterImpl.java:lambda$waitForClusterToBeReady$0(234)) - SCM became leader
2023-11-03 16:43:24,829 [main] INFO  ozone.MiniOzoneClusterImpl (MiniOzoneClusterImpl.java:lambda$waitForClusterToBeReady$0(229)) - Nodes are ready. Got 5 of 5 DN Heartbeats.
2023-11-03 16:43:24,829 [main] INFO  ozone.MiniOzoneClusterImpl (MiniOzoneClusterImpl.java:lambda$waitForClusterToBeReady$0(232)) - Waiting for cluster to exit safe mode
2023-11-03 16:43:24,829 [main] INFO  ozone.MiniOzoneClusterImpl (MiniOzoneClusterImpl.java:lambda$waitForClusterToBeReady$0(234)) - SCM became leader
2023-11-03 16:43:25,830 [main] INFO  ozone.MiniOzoneClusterImpl (MiniOzoneClusterImpl.java:lambda$waitForClusterToBeReady$0(229)) - Nodes are ready. Got 5 of 5 DN Heartbeats.
2023-11-03 16:43:25,830 [main] INFO  ozone.MiniOzoneClusterImpl (MiniOzoneClusterImpl.java:lambda$waitForClusterToBeReady$0(232)) - Waiting for cluster to exit safe mode
2023-11-03 16:43:25,830 [main] INFO  ozone.MiniOzoneClusterImpl (MiniOzoneClusterImpl.java:lambda$waitForClusterToBeReady$0(234)) - SCM became leader
2023-11-03 16:43:26,830 [main] INFO  ozone.MiniOzoneClusterImpl (MiniOzoneClusterImpl.java:lambda$waitForClusterToBeReady$0(229)) - Nodes are ready. Got 5 of 5 DN Heartbeats.
2023-11-03 16:43:26,831 [main] INFO  ozone.MiniOzoneClusterImpl (MiniOzoneClusterImpl.java:lambda$waitForClusterToBeReady$0(232)) - Waiting for cluster to exit safe mode
2023-11-03 16:43:26,831 [main] INFO  ozone.MiniOzoneClusterImpl (MiniOzoneClusterImpl.java:lambda$waitForClusterToBeReady$0(234)) - SCM became leader
2023-11-03 16:43:27,111 [0f26992e-6b31-4649-88a0-952aab043ba5@group-3C5DD59CBC2A-FollowerState] INFO  impl.FollowerState (FollowerState.java:run(143)) - 0f26992e-6b31-4649-88a0-952aab043ba5@group-3C5DD59CBC2A-FollowerState: change to CANDIDATE, lastRpcElapsedTime:5029862714ns, electionTimeout:5023ms
2023-11-03 16:43:27,111 [0f26992e-6b31-4649-88a0-952aab043ba5@group-3C5DD59CBC2A-FollowerState] INFO  impl.RoleInfo (RoleInfo.java:shutdownFollowerState(110)) - 0f26992e-6b31-4649-88a0-952aab043ba5: shutdown 0f26992e-6b31-4649-88a0-952aab043ba5@group-3C5DD59CBC2A-FollowerState
2023-11-03 16:43:27,111 [0f26992e-6b31-4649-88a0-952aab043ba5@group-3C5DD59CBC2A-FollowerState] INFO  server.RaftServer$Division (RaftServerImpl.java:setRole(329)) - 0f26992e-6b31-4649-88a0-952aab043ba5@group-3C5DD59CBC2A: changes role from  FOLLOWER to CANDIDATE at term 0 for changeToCandidate
2023-11-03 16:43:27,111 [0f26992e-6b31-4649-88a0-952aab043ba5@group-3C5DD59CBC2A-FollowerState] INFO  server.RaftServerConfigKeys (ConfUtils.java:logGet(46)) - raft.server.leaderelection.pre-vote = true (default)
2023-11-03 16:43:27,112 [0f26992e-6b31-4649-88a0-952aab043ba5@group-3C5DD59CBC2A-FollowerState] INFO  impl.RoleInfo (RoleInfo.java:updateAndGet(139)) - 0f26992e-6b31-4649-88a0-952aab043ba5: start 0f26992e-6b31-4649-88a0-952aab043ba5@group-3C5DD59CBC2A-LeaderElection10
2023-11-03 16:43:27,114 [0f26992e-6b31-4649-88a0-952aab043ba5@group-3C5DD59CBC2A-LeaderElection10] INFO  impl.LeaderElection (LeaderElection.java:askForVotes(321)) - 0f26992e-6b31-4649-88a0-952aab043ba5@group-3C5DD59CBC2A-LeaderElection10 PRE_VOTE round 0: submit vote requests at term 0 for -1: peers:[349d905f-d502-4286-9c03-ebe0308a99ac|rpc:10.1.0.19:15085|admin:10.1.0.19:15084|client:10.1.0.19:15083|dataStream:10.1.0.19:15086|priority:1|startupRole:FOLLOWER, 0f26992e-6b31-4649-88a0-952aab043ba5|rpc:10.1.0.19:15067|admin:10.1.0.19:15066|client:10.1.0.19:15065|dataStream:10.1.0.19:15068|priority:0|startupRole:FOLLOWER, eb78666f-144a-4911-8bcc-69658dd2d46c|rpc:10.1.0.19:15076|admin:10.1.0.19:15075|client:10.1.0.19:15074|dataStream:10.1.0.19:15077|priority:0|startupRole:FOLLOWER]|listeners:[], old=null
2023-11-03 16:43:27,115 [0f26992e-6b31-4649-88a0-952aab043ba5@group-3C5DD59CBC2A-LeaderElection10] INFO  server.RaftServerConfigKeys (ConfUtils.java:logFallback(53)) - raft.server.rpc.first-election.timeout.min = 5s (fallback to raft.server.rpc.timeout.min)
2023-11-03 16:43:27,115 [0f26992e-6b31-4649-88a0-952aab043ba5@group-3C5DD59CBC2A-LeaderElection10] INFO  server.RaftServerConfigKeys (ConfUtils.java:logFallback(53)) - raft.server.rpc.first-election.timeout.max = 5200ms (fallback to raft.server.rpc.timeout.max)
2023-11-03 16:43:27,115 [0f26992e-6b31-4649-88a0-952aab043ba5@group-3C5DD59CBC2A-LeaderElection10-1] INFO  server.GrpcServerProtocolClient (GrpcServerProtocolClient.java:<init>(65)) - Build channel for 349d905f-d502-4286-9c03-ebe0308a99ac
2023-11-03 16:43:27,115 [0f26992e-6b31-4649-88a0-952aab043ba5@group-A7883331EE2C-FollowerState] INFO  impl.FollowerState (FollowerState.java:run(143)) - 0f26992e-6b31-4649-88a0-952aab043ba5@group-A7883331EE2C-FollowerState: change to CANDIDATE, lastRpcElapsedTime:5060906455ns, electionTimeout:5059ms
2023-11-03 16:43:27,115 [0f26992e-6b31-4649-88a0-952aab043ba5@group-A7883331EE2C-FollowerState] INFO  impl.RoleInfo (RoleInfo.java:shutdownFollowerState(110)) - 0f26992e-6b31-4649-88a0-952aab043ba5: shutdown 0f26992e-6b31-4649-88a0-952aab043ba5@group-A7883331EE2C-FollowerState
2023-11-03 16:43:27,116 [0f26992e-6b31-4649-88a0-952aab043ba5@group-A7883331EE2C-FollowerState] INFO  server.RaftServer$Division (RaftServerImpl.java:setRole(329)) - 0f26992e-6b31-4649-88a0-952aab043ba5@group-A7883331EE2C: changes role from  FOLLOWER to CANDIDATE at term 0 for changeToCandidate
2023-11-03 16:43:27,116 [0f26992e-6b31-4649-88a0-952aab043ba5@group-A7883331EE2C-FollowerState] INFO  server.RaftServerConfigKeys (ConfUtils.java:logGet(46)) - raft.server.leaderelection.pre-vote = true (default)
2023-11-03 16:43:27,116 [0f26992e-6b31-4649-88a0-952aab043ba5@group-A7883331EE2C-FollowerState] INFO  impl.RoleInfo (RoleInfo.java:updateAndGet(139)) - 0f26992e-6b31-4649-88a0-952aab043ba5: start 0f26992e-6b31-4649-88a0-952aab043ba5@group-A7883331EE2C-LeaderElection11
2023-11-03 16:43:27,116 [0f26992e-6b31-4649-88a0-952aab043ba5@group-3C5DD59CBC2A-LeaderElection10-2] INFO  server.GrpcServerProtocolClient (GrpcServerProtocolClient.java:<init>(65)) - Build channel for eb78666f-144a-4911-8bcc-69658dd2d46c
2023-11-03 16:43:27,123 [0f26992e-6b31-4649-88a0-952aab043ba5@group-A7883331EE2C-LeaderElection11] INFO  impl.LeaderElection (LeaderElection.java:askForVotes(321)) - 0f26992e-6b31-4649-88a0-952aab043ba5@group-A7883331EE2C-LeaderElection11 PRE_VOTE round 0: submit vote requests at term 0 for -1: peers:[0f26992e-6b31-4649-88a0-952aab043ba5|rpc:10.1.0.19:15067|admin:10.1.0.19:15066|client:10.1.0.19:15065|dataStream:10.1.0.19:15068|priority:1|startupRole:FOLLOWER]|listeners:[], old=null
2023-11-03 16:43:27,123 [0f26992e-6b31-4649-88a0-952aab043ba5@group-A7883331EE2C-LeaderElection11] INFO  impl.LeaderElection (LeaderElection.java:askForVotes(323)) - 0f26992e-6b31-4649-88a0-952aab043ba5@group-A7883331EE2C-LeaderElection11 PRE_VOTE round 0: result PASSED (term=0)
2023-11-03 16:43:27,124 [0f26992e-6b31-4649-88a0-952aab043ba5@group-A7883331EE2C-LeaderElection11] INFO  impl.LeaderElection (LeaderElection.java:askForVotes(321)) - 0f26992e-6b31-4649-88a0-952aab043ba5@group-A7883331EE2C-LeaderElection11 ELECTION round 0: submit vote requests at term 1 for -1: peers:[0f26992e-6b31-4649-88a0-952aab043ba5|rpc:10.1.0.19:15067|admin:10.1.0.19:15066|client:10.1.0.19:15065|dataStream:10.1.0.19:15068|priority:1|startupRole:FOLLOWER]|listeners:[], old=null
2023-11-03 16:43:27,125 [0f26992e-6b31-4649-88a0-952aab043ba5@group-A7883331EE2C-LeaderElection11] INFO  impl.LeaderElection (LeaderElection.java:askForVotes(323)) - 0f26992e-6b31-4649-88a0-952aab043ba5@group-A7883331EE2C-LeaderElection11 ELECTION round 0: result PASSED (term=1)
2023-11-03 16:43:27,125 [0f26992e-6b31-4649-88a0-952aab043ba5@group-A7883331EE2C-LeaderElection11] INFO  impl.RoleInfo (RoleInfo.java:shutdownLeaderElection(130)) - 0f26992e-6b31-4649-88a0-952aab043ba5: shutdown 0f26992e-6b31-4649-88a0-952aab043ba5@group-A7883331EE2C-LeaderElection11
2023-11-03 16:43:27,125 [0f26992e-6b31-4649-88a0-952aab043ba5@group-A7883331EE2C-LeaderElection11] INFO  server.RaftServer$Division (RaftServerImpl.java:setRole(329)) - 0f26992e-6b31-4649-88a0-952aab043ba5@group-A7883331EE2C: changes role from CANDIDATE to LEADER at term 1 for changeToLeader
2023-11-03 16:43:27,125 [0f26992e-6b31-4649-88a0-952aab043ba5@group-A7883331EE2C-LeaderElection11] INFO  ratis.XceiverServerRatis (XceiverServerRatis.java:handleLeaderChangedNotification(903)) - Leader change notification received for group: group-A7883331EE2C with new leaderId: 0f26992e-6b31-4649-88a0-952aab043ba5
2023-11-03 16:43:27,128 [0f26992e-6b31-4649-88a0-952aab043ba5@group-A7883331EE2C-LeaderElection11] INFO  server.RaftServer$Division (ServerState.java:setLeader(317)) - 0f26992e-6b31-4649-88a0-952aab043ba5@group-A7883331EE2C: change Leader from null to 0f26992e-6b31-4649-88a0-952aab043ba5 at term 1 for becomeLeader, leader elected after 5093ms
2023-11-03 16:43:27,128 [0f26992e-6b31-4649-88a0-952aab043ba5@group-A7883331EE2C-LeaderElection11] INFO  server.RaftServerConfigKeys (ConfUtils.java:logGet(46)) - raft.server.staging.catchup.gap = 1000 (default)
2023-11-03 16:43:27,128 [0f26992e-6b31-4649-88a0-952aab043ba5@group-A7883331EE2C-LeaderElection11] INFO  server.RaftServerConfigKeys (ConfUtils.java:logGet(46)) - raft.server.write.element-limit = 1024 (custom)
2023-11-03 16:43:27,128 [0f26992e-6b31-4649-88a0-952aab043ba5@group-A7883331EE2C-LeaderElection11] INFO  server.RaftServerConfigKeys (ConfUtils.java:logGet(46)) - raft.server.write.byte-limit = 1024 M (=1073741824) (custom)
2023-11-03 16:43:27,129 [0f26992e-6b31-4649-88a0-952aab043ba5@group-A7883331EE2C-LeaderElection11] INFO  server.RaftServerConfigKeys (ConfUtils.java:logGet(46)) - raft.server.watch.timeout = 180s (custom)
2023-11-03 16:43:27,129 [0f26992e-6b31-4649-88a0-952aab043ba5@group-A7883331EE2C-LeaderElection11] INFO  server.RaftServerConfigKeys (ConfUtils.java:logGet(46)) - raft.server.watch.timeout.denomination = 1s (default)
2023-11-03 16:43:27,129 [0f26992e-6b31-4649-88a0-952aab043ba5@group-A7883331EE2C-LeaderElection11] INFO  server.RaftServerConfigKeys (ConfUtils.java:logGet(46)) - raft.server.watch.element-limit = 65536 (default)
2023-11-03 16:43:27,129 [0f26992e-6b31-4649-88a0-952aab043ba5@group-A7883331EE2C-LeaderElection11] INFO  server.RaftServerConfigKeys (ConfUtils.java:logGet(46)) - raft.server.write.element-limit = 1024 (custom)
2023-11-03 16:43:27,129 [0f26992e-6b31-4649-88a0-952aab043ba5@group-A7883331EE2C-LeaderElection11] INFO  server.RaftServerConfigKeys (ConfUtils.java:logGet(46)) - raft.server.write.follower.gap.ratio.max = -1.0 (default)
2023-11-03 16:43:27,129 [0f26992e-6b31-4649-88a0-952aab043ba5@group-A7883331EE2C-LeaderElection11] INFO  impl.RoleInfo (RoleInfo.java:updateAndGet(139)) - 0f26992e-6b31-4649-88a0-952aab043ba5: start 0f26992e-6b31-4649-88a0-952aab043ba5@group-A7883331EE2C-LeaderStateImpl
2023-11-03 16:43:27,130 [0f26992e-6b31-4649-88a0-952aab043ba5@group-A7883331EE2C-LeaderElection11] INFO  segmented.SegmentedRaftLogWorker (SegmentedRaftLogWorker.java:startLogSegment(447)) - 0f26992e-6b31-4649-88a0-952aab043ba5@group-A7883331EE2C-SegmentedRaftLogWorker: Starting segment from index:0
2023-11-03 16:43:27,131 [0f26992e-6b31-4649-88a0-952aab043ba5@group-A7883331EE2C-SegmentedRaftLogWorker] INFO  segmented.SegmentedRaftLogWorker (SegmentedRaftLogWorker.java:execute(651)) - 0f26992e-6b31-4649-88a0-952aab043ba5@group-A7883331EE2C-SegmentedRaftLogWorker: created new log segment /home/runner/work/ozone/ozone/hadoop-ozone/integration-test/target/test-dir/MiniOzoneClusterImpl-70a21a17-ad3a-436a-8bc3-9a5217c2e4a5/datanode-0/data/ratis/a5a7e9e0-58a5-4cff-b6cd-a7883331ee2c/current/log_inprogress_0
2023-11-03 16:43:27,133 [EventQueue-OpenPipelineForHealthyPipelineSafeModeRule] INFO  safemode.SCMSafeModeManager (HealthyPipelineSafeModeRule.java:process(137)) - SCM in safe mode. Healthy pipelines reported count is 0, required healthy pipeline reported count is 1
2023-11-03 16:43:27,136 [0f26992e-6b31-4649-88a0-952aab043ba5@group-A7883331EE2C-LeaderElection11] INFO  server.RaftServer$Division (ServerState.java:setRaftConf(434)) - 0f26992e-6b31-4649-88a0-952aab043ba5@group-A7883331EE2C: set configuration 0: peers:[0f26992e-6b31-4649-88a0-952aab043ba5|rpc:10.1.0.19:15067|admin:10.1.0.19:15066|client:10.1.0.19:15065|dataStream:10.1.0.19:15068|priority:1|startupRole:FOLLOWER]|listeners:[], old=null
2023-11-03 16:43:27,141 [grpc-default-executor-1] INFO  server.RaftServer$Division (RaftServerImpl.java:requestVote(1302)) - 349d905f-d502-4286-9c03-ebe0308a99ac@group-3C5DD59CBC2A: receive requestVote(PRE_VOTE, 0f26992e-6b31-4649-88a0-952aab043ba5, group-3C5DD59CBC2A, 0, (t:0, i:0))
2023-11-03 16:43:27,142 [grpc-default-executor-1] INFO  impl.VoteContext (VoteContext.java:log(49)) - 349d905f-d502-4286-9c03-ebe0308a99ac@group-3C5DD59CBC2A-FOLLOWER: reject PRE_VOTE from 0f26992e-6b31-4649-88a0-952aab043ba5: our priority 1 > candidate's priority 0
2023-11-03 16:43:27,142 [grpc-default-executor-1] INFO  server.RaftServer$Division (RaftServerImpl.java:requestVote(1335)) - 349d905f-d502-4286-9c03-ebe0308a99ac@group-3C5DD59CBC2A replies to PRE_VOTE vote request: 0f26992e-6b31-4649-88a0-952aab043ba5<-349d905f-d502-4286-9c03-ebe0308a99ac#0:FAIL-t0. Peer's state: 349d905f-d502-4286-9c03-ebe0308a99ac@group-3C5DD59CBC2A:t0, leader=null, voted=, raftlog=Memoized:349d905f-d502-4286-9c03-ebe0308a99ac@group-3C5DD59CBC2A-SegmentedRaftLog:OPENED:c-1, conf=-1: peers:[349d905f-d502-4286-9c03-ebe0308a99ac|rpc:10.1.0.19:15085|admin:10.1.0.19:15084|client:10.1.0.19:15083|dataStream:10.1.0.19:15086|priority:1|startupRole:FOLLOWER, 0f26992e-6b31-4649-88a0-952aab043ba5|rpc:10.1.0.19:15067|admin:10.1.0.19:15066|client:10.1.0.19:15065|dataStream:10.1.0.19:15068|priority:0|startupRole:FOLLOWER, eb78666f-144a-4911-8bcc-69658dd2d46c|rpc:10.1.0.19:15076|admin:10.1.0.19:15075|client:10.1.0.19:15074|dataStream:10.1.0.19:15077|priority:0|startupRole:FOLLOWER]|listeners:[], old=null
2023-11-03 16:43:27,144 [grpc-default-executor-1] INFO  server.RaftServer$Division (RaftServerImpl.java:requestVote(1302)) - eb78666f-144a-4911-8bcc-69658dd2d46c@group-3C5DD59CBC2A: receive requestVote(PRE_VOTE, 0f26992e-6b31-4649-88a0-952aab043ba5, group-3C5DD59CBC2A, 0, (t:0, i:0))
2023-11-03 16:43:27,145 [grpc-default-executor-1] INFO  impl.VoteContext (VoteContext.java:log(49)) - eb78666f-144a-4911-8bcc-69658dd2d46c@group-3C5DD59CBC2A-FOLLOWER: accept PRE_VOTE from 0f26992e-6b31-4649-88a0-952aab043ba5: our priority 0 <= candidate's priority 0
2023-11-03 16:43:27,145 [grpc-default-executor-1] INFO  server.RaftServer$Division (RaftServerImpl.java:requestVote(1335)) - eb78666f-144a-4911-8bcc-69658dd2d46c@group-3C5DD59CBC2A replies to PRE_VOTE vote request: 0f26992e-6b31-4649-88a0-952aab043ba5<-eb78666f-144a-4911-8bcc-69658dd2d46c#0:OK-t0. Peer's state: eb78666f-144a-4911-8bcc-69658dd2d46c@group-3C5DD59CBC2A:t0, leader=null, voted=, raftlog=Memoized:eb78666f-144a-4911-8bcc-69658dd2d46c@group-3C5DD59CBC2A-SegmentedRaftLog:OPENED:c-1, conf=-1: peers:[349d905f-d502-4286-9c03-ebe0308a99ac|rpc:10.1.0.19:15085|admin:10.1.0.19:15084|client:10.1.0.19:15083|dataStream:10.1.0.19:15086|priority:1|startupRole:FOLLOWER, 0f26992e-6b31-4649-88a0-952aab043ba5|rpc:10.1.0.19:15067|admin:10.1.0.19:15066|client:10.1.0.19:15065|dataStream:10.1.0.19:15068|priority:0|startupRole:FOLLOWER, eb78666f-144a-4911-8bcc-69658dd2d46c|rpc:10.1.0.19:15076|admin:10.1.0.19:15075|client:10.1.0.19:15074|dataStream:10.1.0.19:15077|priority:0|startupRole:FOLLOWER]|listeners:[], old=null
2023-11-03 16:43:27,146 [349d905f-d502-4286-9c03-ebe0308a99ac@group-3C5DD59CBC2A-FollowerState] INFO  impl.FollowerState (FollowerState.java:run(143)) - 349d905f-d502-4286-9c03-ebe0308a99ac@group-3C5DD59CBC2A-FollowerState: change to CANDIDATE, lastRpcElapsedTime:5016434997ns, electionTimeout:5010ms
2023-11-03 16:43:27,146 [349d905f-d502-4286-9c03-ebe0308a99ac@group-3C5DD59CBC2A-FollowerState] INFO  impl.RoleInfo (RoleInfo.java:shutdownFollowerState(110)) - 349d905f-d502-4286-9c03-ebe0308a99ac: shutdown 349d905f-d502-4286-9c03-ebe0308a99ac@group-3C5DD59CBC2A-FollowerState
2023-11-03 16:43:27,146 [349d905f-d502-4286-9c03-ebe0308a99ac@group-3C5DD59CBC2A-FollowerState] INFO  server.RaftServer$Division (RaftServerImpl.java:setRole(329)) - 349d905f-d502-4286-9c03-ebe0308a99ac@group-3C5DD59CBC2A: changes role from  FOLLOWER to CANDIDATE at term 0 for changeToCandidate
2023-11-03 16:43:27,146 [349d905f-d502-4286-9c03-ebe0308a99ac@group-3C5DD59CBC2A-FollowerState] INFO  server.RaftServerConfigKeys (ConfUtils.java:logGet(46)) - raft.server.leaderelection.pre-vote = true (default)
2023-11-03 16:43:27,146 [349d905f-d502-4286-9c03-ebe0308a99ac@group-3C5DD59CBC2A-FollowerState] INFO  impl.RoleInfo (RoleInfo.java:updateAndGet(139)) - 349d905f-d502-4286-9c03-ebe0308a99ac: start 349d905f-d502-4286-9c03-ebe0308a99ac@group-3C5DD59CBC2A-LeaderElection12
2023-11-03 16:43:27,158 [0f26992e-6b31-4649-88a0-952aab043ba5@group-3C5DD59CBC2A-LeaderElection10] INFO  impl.LeaderElection (LeaderElection.java:logAndReturn(90)) - 0f26992e-6b31-4649-88a0-952aab043ba5@group-3C5DD59CBC2A-LeaderElection10: PRE_VOTE REJECTED received 1 response(s) and 0 exception(s):
2023-11-03 16:43:27,158 [0f26992e-6b31-4649-88a0-952aab043ba5@group-3C5DD59CBC2A-LeaderElection10] INFO  impl.LeaderElection (LeaderElection.java:logAndReturn(94)) -   Response 0: 0f26992e-6b31-4649-88a0-952aab043ba5<-349d905f-d502-4286-9c03-ebe0308a99ac#0:FAIL-t0
2023-11-03 16:43:27,158 [0f26992e-6b31-4649-88a0-952aab043ba5@group-3C5DD59CBC2A-LeaderElection10] INFO  impl.LeaderElection (LeaderElection.java:askForVotes(323)) - 0f26992e-6b31-4649-88a0-952aab043ba5@group-3C5DD59CBC2A-LeaderElection10 PRE_VOTE round 0: result REJECTED
2023-11-03 16:43:27,158 [0f26992e-6b31-4649-88a0-952aab043ba5@group-3C5DD59CBC2A-LeaderElection10] INFO  server.RaftServer$Division (RaftServerImpl.java:setRole(329)) - 0f26992e-6b31-4649-88a0-952aab043ba5@group-3C5DD59CBC2A: changes role from CANDIDATE to FOLLOWER at term 0 for REJECTED
2023-11-03 16:43:27,158 [0f26992e-6b31-4649-88a0-952aab043ba5@group-3C5DD59CBC2A-LeaderElection10] INFO  impl.RoleInfo (RoleInfo.java:shutdownLeaderElection(130)) - 0f26992e-6b31-4649-88a0-952aab043ba5: shutdown 0f26992e-6b31-4649-88a0-952aab043ba5@group-3C5DD59CBC2A-LeaderElection10
2023-11-03 16:43:27,159 [0f26992e-6b31-4649-88a0-952aab043ba5@group-3C5DD59CBC2A-LeaderElection10] INFO  impl.RoleInfo (RoleInfo.java:updateAndGet(139)) - 0f26992e-6b31-4649-88a0-952aab043ba5: start 0f26992e-6b31-4649-88a0-952aab043ba5@group-3C5DD59CBC2A-FollowerState
2023-11-03 16:43:27,160 [349d905f-d502-4286-9c03-ebe0308a99ac@group-3C5DD59CBC2A-LeaderElection12] INFO  impl.LeaderElection (LeaderElection.java:askForVotes(321)) - 349d905f-d502-4286-9c03-ebe0308a99ac@group-3C5DD59CBC2A-LeaderElection12 PRE_VOTE round 0: submit vote requests at term 0 for -1: peers:[349d905f-d502-4286-9c03-ebe0308a99ac|rpc:10.1.0.19:15085|admin:10.1.0.19:15084|client:10.1.0.19:15083|dataStream:10.1.0.19:15086|priority:1|startupRole:FOLLOWER, 0f26992e-6b31-4649-88a0-952aab043ba5|rpc:10.1.0.19:15067|admin:10.1.0.19:15066|client:10.1.0.19:15065|dataStream:10.1.0.19:15068|priority:0|startupRole:FOLLOWER, eb78666f-144a-4911-8bcc-69658dd2d46c|rpc:10.1.0.19:15076|admin:10.1.0.19:15075|client:10.1.0.19:15074|dataStream:10.1.0.19:15077|priority:0|startupRole:FOLLOWER]|listeners:[], old=null
2023-11-03 16:43:27,161 [349d905f-d502-4286-9c03-ebe0308a99ac@group-3C5DD59CBC2A-LeaderElection12-1] INFO  server.GrpcServerProtocolClient (GrpcServerProtocolClient.java:<init>(65)) - Build channel for 0f26992e-6b31-4649-88a0-952aab043ba5
2023-11-03 16:43:27,161 [349d905f-d502-4286-9c03-ebe0308a99ac@group-3C5DD59CBC2A-LeaderElection12] INFO  server.RaftServerConfigKeys (ConfUtils.java:logFallback(53)) - raft.server.rpc.first-election.timeout.min = 5s (fallback to raft.server.rpc.timeout.min)
2023-11-03 16:43:27,161 [349d905f-d502-4286-9c03-ebe0308a99ac@group-3C5DD59CBC2A-LeaderElection12] INFO  server.RaftServerConfigKeys (ConfUtils.java:logFallback(53)) - raft.server.rpc.first-election.timeout.max = 5200ms (fallback to raft.server.rpc.timeout.max)
2023-11-03 16:43:27,170 [349d905f-d502-4286-9c03-ebe0308a99ac@group-3C5DD59CBC2A-LeaderElection12-2] INFO  server.GrpcServerProtocolClient (GrpcServerProtocolClient.java:<init>(65)) - Build channel for eb78666f-144a-4911-8bcc-69658dd2d46c
2023-11-03 16:43:27,182 [grpc-default-executor-1] INFO  server.RaftServer$Division (RaftServerImpl.java:requestVote(1302)) - 0f26992e-6b31-4649-88a0-952aab043ba5@group-3C5DD59CBC2A: receive requestVote(PRE_VOTE, 349d905f-d502-4286-9c03-ebe0308a99ac, group-3C5DD59CBC2A, 0, (t:0, i:0))
2023-11-03 16:43:27,182 [grpc-default-executor-1] INFO  impl.VoteContext (VoteContext.java:log(49)) - 0f26992e-6b31-4649-88a0-952aab043ba5@group-3C5DD59CBC2A-FOLLOWER: accept PRE_VOTE from 349d905f-d502-4286-9c03-ebe0308a99ac: our priority 0 <= candidate's priority 1
2023-11-03 16:43:27,182 [grpc-default-executor-1] INFO  server.RaftServer$Division (RaftServerImpl.java:requestVote(1335)) - 0f26992e-6b31-4649-88a0-952aab043ba5@group-3C5DD59CBC2A replies to PRE_VOTE vote request: 349d905f-d502-4286-9c03-ebe0308a99ac<-0f26992e-6b31-4649-88a0-952aab043ba5#0:OK-t0. Peer's state: 0f26992e-6b31-4649-88a0-952aab043ba5@group-3C5DD59CBC2A:t0, leader=null, voted=, raftlog=Memoized:0f26992e-6b31-4649-88a0-952aab043ba5@group-3C5DD59CBC2A-SegmentedRaftLog:OPENED:c-1, conf=-1: peers:[349d905f-d502-4286-9c03-ebe0308a99ac|rpc:10.1.0.19:15085|admin:10.1.0.19:15084|client:10.1.0.19:15083|dataStream:10.1.0.19:15086|priority:1|startupRole:FOLLOWER, 0f26992e-6b31-4649-88a0-952aab043ba5|rpc:10.1.0.19:15067|admin:10.1.0.19:15066|client:10.1.0.19:15065|dataStream:10.1.0.19:15068|priority:0|startupRole:FOLLOWER, eb78666f-144a-4911-8bcc-69658dd2d46c|rpc:10.1.0.19:15076|admin:10.1.0.19:15075|client:10.1.0.19:15074|dataStream:10.1.0.19:15077|priority:0|startupRole:FOLLOWER]|listeners:[], old=null
2023-11-03 16:43:27,184 [grpc-default-executor-0] INFO  server.RaftServer$Division (RaftServerImpl.java:requestVote(1302)) - eb78666f-144a-4911-8bcc-69658dd2d46c@group-3C5DD59CBC2A: receive requestVote(PRE_VOTE, 349d905f-d502-4286-9c03-ebe0308a99ac, group-3C5DD59CBC2A, 0, (t:0, i:0))
2023-11-03 16:43:27,185 [grpc-default-executor-0] INFO  impl.VoteContext (VoteContext.java:log(49)) - eb78666f-144a-4911-8bcc-69658dd2d46c@group-3C5DD59CBC2A-FOLLOWER: accept PRE_VOTE from 349d905f-d502-4286-9c03-ebe0308a99ac: our priority 0 <= candidate's priority 1
2023-11-03 16:43:27,186 [grpc-default-executor-0] INFO  server.RaftServer$Division (RaftServerImpl.java:requestVote(1335)) - eb78666f-144a-4911-8bcc-69658dd2d46c@group-3C5DD59CBC2A replies to PRE_VOTE vote request: 349d905f-d502-4286-9c03-ebe0308a99ac<-eb78666f-144a-4911-8bcc-69658dd2d46c#0:OK-t0. Peer's state: eb78666f-144a-4911-8bcc-69658dd2d46c@group-3C5DD59CBC2A:t0, leader=null, voted=, raftlog=Memoized:eb78666f-144a-4911-8bcc-69658dd2d46c@group-3C5DD59CBC2A-SegmentedRaftLog:OPENED:c-1, conf=-1: peers:[349d905f-d502-4286-9c03-ebe0308a99ac|rpc:10.1.0.19:15085|admin:10.1.0.19:15084|client:10.1.0.19:15083|dataStream:10.1.0.19:15086|priority:1|startupRole:FOLLOWER, 0f26992e-6b31-4649-88a0-952aab043ba5|rpc:10.1.0.19:15067|admin:10.1.0.19:15066|client:10.1.0.19:15065|dataStream:10.1.0.19:15068|priority:0|startupRole:FOLLOWER, eb78666f-144a-4911-8bcc-69658dd2d46c|rpc:10.1.0.19:15076|admin:10.1.0.19:15075|client:10.1.0.19:15074|dataStream:10.1.0.19:15077|priority:0|startupRole:FOLLOWER]|listeners:[], old=null
2023-11-03 16:43:27,189 [349d905f-d502-4286-9c03-ebe0308a99ac@group-3C5DD59CBC2A-LeaderElection12] INFO  impl.LeaderElection (LeaderElection.java:logAndReturn(90)) - 349d905f-d502-4286-9c03-ebe0308a99ac@group-3C5DD59CBC2A-LeaderElection12: PRE_VOTE PASSED received 1 response(s) and 0 exception(s):
2023-11-03 16:43:27,189 [349d905f-d502-4286-9c03-ebe0308a99ac@group-3C5DD59CBC2A-LeaderElection12] INFO  impl.LeaderElection (LeaderElection.java:logAndReturn(94)) -   Response 0: 349d905f-d502-4286-9c03-ebe0308a99ac<-eb78666f-144a-4911-8bcc-69658dd2d46c#0:OK-t0
2023-11-03 16:43:27,189 [349d905f-d502-4286-9c03-ebe0308a99ac@group-3C5DD59CBC2A-LeaderElection12] INFO  impl.LeaderElection (LeaderElection.java:askForVotes(323)) - 349d905f-d502-4286-9c03-ebe0308a99ac@group-3C5DD59CBC2A-LeaderElection12 PRE_VOTE round 0: result PASSED
2023-11-03 16:43:27,191 [349d905f-d502-4286-9c03-ebe0308a99ac@group-3C5DD59CBC2A-LeaderElection12] INFO  impl.LeaderElection (LeaderElection.java:askForVotes(321)) - 349d905f-d502-4286-9c03-ebe0308a99ac@group-3C5DD59CBC2A-LeaderElection12 ELECTION round 0: submit vote requests at term 1 for -1: peers:[349d905f-d502-4286-9c03-ebe0308a99ac|rpc:10.1.0.19:15085|admin:10.1.0.19:15084|client:10.1.0.19:15083|dataStream:10.1.0.19:15086|priority:1|startupRole:FOLLOWER, 0f26992e-6b31-4649-88a0-952aab043ba5|rpc:10.1.0.19:15067|admin:10.1.0.19:15066|client:10.1.0.19:15065|dataStream:10.1.0.19:15068|priority:0|startupRole:FOLLOWER, eb78666f-144a-4911-8bcc-69658dd2d46c|rpc:10.1.0.19:15076|admin:10.1.0.19:15075|client:10.1.0.19:15074|dataStream:10.1.0.19:15077|priority:0|startupRole:FOLLOWER]|listeners:[], old=null
2023-11-03 16:43:27,194 [349d905f-d502-4286-9c03-ebe0308a99ac@group-3C5DD59CBC2A-LeaderElection12] INFO  server.RaftServerConfigKeys (ConfUtils.java:logFallback(53)) - raft.server.rpc.first-election.timeout.min = 5s (fallback to raft.server.rpc.timeout.min)
2023-11-03 16:43:27,194 [349d905f-d502-4286-9c03-ebe0308a99ac@group-3C5DD59CBC2A-LeaderElection12] INFO  server.RaftServerConfigKeys (ConfUtils.java:logFallback(53)) - raft.server.rpc.first-election.timeout.max = 5200ms (fallback to raft.server.rpc.timeout.max)
2023-11-03 16:43:27,197 [grpc-default-executor-0] INFO  server.RaftServer$Division (RaftServerImpl.java:requestVote(1302)) - eb78666f-144a-4911-8bcc-69658dd2d46c@group-3C5DD59CBC2A: receive requestVote(ELECTION, 349d905f-d502-4286-9c03-ebe0308a99ac, group-3C5DD59CBC2A, 1, (t:0, i:0))
2023-11-03 16:43:27,197 [grpc-default-executor-0] INFO  impl.VoteContext (VoteContext.java:log(49)) - eb78666f-144a-4911-8bcc-69658dd2d46c@group-3C5DD59CBC2A-FOLLOWER: accept ELECTION from 349d905f-d502-4286-9c03-ebe0308a99ac: our priority 0 <= candidate's priority 1
2023-11-03 16:43:27,197 [grpc-default-executor-0] INFO  server.RaftServer$Division (RaftServerImpl.java:setRole(329)) - eb78666f-144a-4911-8bcc-69658dd2d46c@group-3C5DD59CBC2A: changes role from  FOLLOWER to FOLLOWER at term 1 for candidate:349d905f-d502-4286-9c03-ebe0308a99ac
2023-11-03 16:43:27,197 [grpc-default-executor-0] INFO  impl.RoleInfo (RoleInfo.java:shutdownFollowerState(110)) - eb78666f-144a-4911-8bcc-69658dd2d46c: shutdown eb78666f-144a-4911-8bcc-69658dd2d46c@group-3C5DD59CBC2A-FollowerState
2023-11-03 16:43:27,197 [grpc-default-executor-0] INFO  impl.RoleInfo (RoleInfo.java:updateAndGet(139)) - eb78666f-144a-4911-8bcc-69658dd2d46c: start eb78666f-144a-4911-8bcc-69658dd2d46c@group-3C5DD59CBC2A-FollowerState
2023-11-03 16:43:27,197 [eb78666f-144a-4911-8bcc-69658dd2d46c@group-3C5DD59CBC2A-FollowerState] INFO  impl.FollowerState (FollowerState.java:run(152)) - eb78666f-144a-4911-8bcc-69658dd2d46c@group-3C5DD59CBC2A-FollowerState was interrupted
2023-11-03 16:43:27,206 [grpc-default-executor-1] INFO  server.RaftServer$Division (RaftServerImpl.java:requestVote(1302)) - 0f26992e-6b31-4649-88a0-952aab043ba5@group-3C5DD59CBC2A: receive requestVote(ELECTION, 349d905f-d502-4286-9c03-ebe0308a99ac, group-3C5DD59CBC2A, 1, (t:0, i:0))
2023-11-03 16:43:27,206 [grpc-default-executor-1] INFO  impl.VoteContext (VoteContext.java:log(49)) - 0f26992e-6b31-4649-88a0-952aab043ba5@group-3C5DD59CBC2A-FOLLOWER: accept ELECTION from 349d905f-d502-4286-9c03-ebe0308a99ac: our priority 0 <= candidate's priority 1
2023-11-03 16:43:27,206 [grpc-default-executor-1] INFO  server.RaftServer$Division (RaftServerImpl.java:setRole(329)) - 0f26992e-6b31-4649-88a0-952aab043ba5@group-3C5DD59CBC2A: changes role from  FOLLOWER to FOLLOWER at term 1 for candidate:349d905f-d502-4286-9c03-ebe0308a99ac
2023-11-03 16:43:27,206 [grpc-default-executor-1] INFO  impl.RoleInfo (RoleInfo.java:shutdownFollowerState(110)) - 0f26992e-6b31-4649-88a0-952aab043ba5: shutdown 0f26992e-6b31-4649-88a0-952aab043ba5@group-3C5DD59CBC2A-FollowerState
2023-11-03 16:43:27,206 [grpc-default-executor-1] INFO  impl.RoleInfo (RoleInfo.java:updateAndGet(139)) - 0f26992e-6b31-4649-88a0-952aab043ba5: start 0f26992e-6b31-4649-88a0-952aab043ba5@group-3C5DD59CBC2A-FollowerState
2023-11-03 16:43:27,207 [0f26992e-6b31-4649-88a0-952aab043ba5@group-3C5DD59CBC2A-FollowerState] INFO  impl.FollowerState (FollowerState.java:run(152)) - 0f26992e-6b31-4649-88a0-952aab043ba5@group-3C5DD59CBC2A-FollowerState was interrupted
2023-11-03 16:43:27,207 [grpc-default-executor-0] INFO  server.RaftServer$Division (RaftServerImpl.java:requestVote(1335)) - eb78666f-144a-4911-8bcc-69658dd2d46c@group-3C5DD59CBC2A replies to ELECTION vote request: 349d905f-d502-4286-9c03-ebe0308a99ac<-eb78666f-144a-4911-8bcc-69658dd2d46c#0:OK-t1. Peer's state: eb78666f-144a-4911-8bcc-69658dd2d46c@group-3C5DD59CBC2A:t1, leader=null, voted=349d905f-d502-4286-9c03-ebe0308a99ac, raftlog=Memoized:eb78666f-144a-4911-8bcc-69658dd2d46c@group-3C5DD59CBC2A-SegmentedRaftLog:OPENED:c-1, conf=-1: peers:[349d905f-d502-4286-9c03-ebe0308a99ac|rpc:10.1.0.19:15085|admin:10.1.0.19:15084|client:10.1.0.19:15083|dataStream:10.1.0.19:15086|priority:1|startupRole:FOLLOWER, 0f26992e-6b31-4649-88a0-952aab043ba5|rpc:10.1.0.19:15067|admin:10.1.0.19:15066|client:10.1.0.19:15065|dataStream:10.1.0.19:15068|priority:0|startupRole:FOLLOWER, eb78666f-144a-4911-8bcc-69658dd2d46c|rpc:10.1.0.19:15076|admin:10.1.0.19:15075|client:10.1.0.19:15074|dataStream:10.1.0.19:15077|priority:0|startupRole:FOLLOWER]|listeners:[], old=null
2023-11-03 16:43:27,210 [349d905f-d502-4286-9c03-ebe0308a99ac@group-3C5DD59CBC2A-LeaderElection12] INFO  impl.LeaderElection (LeaderElection.java:logAndReturn(90)) - 349d905f-d502-4286-9c03-ebe0308a99ac@group-3C5DD59CBC2A-LeaderElection12: ELECTION PASSED received 1 response(s) and 0 exception(s):
2023-11-03 16:43:27,210 [349d905f-d502-4286-9c03-ebe0308a99ac@group-3C5DD59CBC2A-LeaderElection12] INFO  impl.LeaderElection (LeaderElection.java:logAndReturn(94)) -   Response 0: 349d905f-d502-4286-9c03-ebe0308a99ac<-eb78666f-144a-4911-8bcc-69658dd2d46c#0:OK-t1
2023-11-03 16:43:27,210 [349d905f-d502-4286-9c03-ebe0308a99ac@group-3C5DD59CBC2A-LeaderElection12] INFO  impl.LeaderElection (LeaderElection.java:askForVotes(323)) - 349d905f-d502-4286-9c03-ebe0308a99ac@group-3C5DD59CBC2A-LeaderElection12 ELECTION round 0: result PASSED
2023-11-03 16:43:27,210 [349d905f-d502-4286-9c03-ebe0308a99ac@group-3C5DD59CBC2A-LeaderElection12] INFO  impl.RoleInfo (RoleInfo.java:shutdownLeaderElection(130)) - 349d905f-d502-4286-9c03-ebe0308a99ac: shutdown 349d905f-d502-4286-9c03-ebe0308a99ac@group-3C5DD59CBC2A-LeaderElection12
2023-11-03 16:43:27,210 [grpc-default-executor-1] INFO  server.RaftServer$Division (RaftServerImpl.java:requestVote(1335)) - 0f26992e-6b31-4649-88a0-952aab043ba5@group-3C5DD59CBC2A replies to ELECTION vote request: 349d905f-d502-4286-9c03-ebe0308a99ac<-0f26992e-6b31-4649-88a0-952aab043ba5#0:OK-t1. Peer's state: 0f26992e-6b31-4649-88a0-952aab043ba5@group-3C5DD59CBC2A:t1, leader=null, voted=349d905f-d502-4286-9c03-ebe0308a99ac, raftlog=Memoized:0f26992e-6b31-4649-88a0-952aab043ba5@group-3C5DD59CBC2A-SegmentedRaftLog:OPENED:c-1, conf=-1: peers:[349d905f-d502-4286-9c03-ebe0308a99ac|rpc:10.1.0.19:15085|admin:10.1.0.19:15084|client:10.1.0.19:15083|dataStream:10.1.0.19:15086|priority:1|startupRole:FOLLOWER, 0f26992e-6b31-4649-88a0-952aab043ba5|rpc:10.1.0.19:15067|admin:10.1.0.19:15066|client:10.1.0.19:15065|dataStream:10.1.0.19:15068|priority:0|startupRole:FOLLOWER, eb78666f-144a-4911-8bcc-69658dd2d46c|rpc:10.1.0.19:15076|admin:10.1.0.19:15075|client:10.1.0.19:15074|dataStream:10.1.0.19:15077|priority:0|startupRole:FOLLOWER]|listeners:[], old=null
2023-11-03 16:43:27,210 [349d905f-d502-4286-9c03-ebe0308a99ac@group-3C5DD59CBC2A-LeaderElection12] INFO  server.RaftServer$Division (RaftServerImpl.java:setRole(329)) - 349d905f-d502-4286-9c03-ebe0308a99ac@group-3C5DD59CBC2A: changes role from CANDIDATE to LEADER at term 1 for changeToLeader
2023-11-03 16:43:27,211 [349d905f-d502-4286-9c03-ebe0308a99ac@group-3C5DD59CBC2A-LeaderElection12] INFO  ratis.XceiverServerRatis (XceiverServerRatis.java:handleLeaderChangedNotification(903)) - Leader change notification received for group: group-3C5DD59CBC2A with new leaderId: 349d905f-d502-4286-9c03-ebe0308a99ac
2023-11-03 16:43:27,211 [349d905f-d502-4286-9c03-ebe0308a99ac@group-3C5DD59CBC2A-LeaderElection12] INFO  server.RaftServer$Division (ServerState.java:setLeader(317)) - 349d905f-d502-4286-9c03-ebe0308a99ac@group-3C5DD59CBC2A: change Leader from null to 349d905f-d502-4286-9c03-ebe0308a99ac at term 1 for becomeLeader, leader elected after 5104ms
2023-11-03 16:43:27,211 [349d905f-d502-4286-9c03-ebe0308a99ac@group-3C5DD59CBC2A-LeaderElection12] INFO  server.RaftServerConfigKeys (ConfUtils.java:logGet(46)) - raft.server.staging.catchup.gap = 1000 (default)
2023-11-03 16:43:27,212 [349d905f-d502-4286-9c03-ebe0308a99ac@group-3C5DD59CBC2A-LeaderElection12] INFO  server.RaftServerConfigKeys (ConfUtils.java:logGet(46)) - raft.server.write.element-limit = 1024 (custom)
2023-11-03 16:43:27,212 [349d905f-d502-4286-9c03-ebe0308a99ac@group-3C5DD59CBC2A-LeaderElection12] INFO  server.RaftServerConfigKeys (ConfUtils.java:logGet(46)) - raft.server.write.byte-limit = 1024 M (=1073741824) (custom)
2023-11-03 16:43:27,212 [349d905f-d502-4286-9c03-ebe0308a99ac@group-3C5DD59CBC2A-LeaderElection12] INFO  server.RaftServerConfigKeys (ConfUtils.java:logGet(46)) - raft.server.watch.timeout = 180s (custom)
2023-11-03 16:43:27,212 [349d905f-d502-4286-9c03-ebe0308a99ac@group-3C5DD59CBC2A-LeaderElection12] INFO  server.RaftServerConfigKeys (ConfUtils.java:logGet(46)) - raft.server.watch.timeout.denomination = 1s (default)
2023-11-03 16:43:27,212 [349d905f-d502-4286-9c03-ebe0308a99ac@group-3C5DD59CBC2A-LeaderElection12] INFO  server.RaftServerConfigKeys (ConfUtils.java:logGet(46)) - raft.server.watch.element-limit = 65536 (default)
2023-11-03 16:43:27,212 [349d905f-d502-4286-9c03-ebe0308a99ac@group-3C5DD59CBC2A-LeaderElection12] INFO  server.RaftServerConfigKeys (ConfUtils.java:logGet(46)) - raft.server.write.element-limit = 1024 (custom)
2023-11-03 16:43:27,212 [349d905f-d502-4286-9c03-ebe0308a99ac@group-3C5DD59CBC2A-LeaderElection12] INFO  server.RaftServerConfigKeys (ConfUtils.java:logGet(46)) - raft.server.write.follower.gap.ratio.max = -1.0 (default)
2023-11-03 16:43:27,213 [349d905f-d502-4286-9c03-ebe0308a99ac@group-3C5DD59CBC2A-LeaderElection12] INFO  server.RaftServerConfigKeys (ConfUtils.java:logGet(46)) - raft.server.log.appender.snapshot.chunk.size.max = 16MB (=16777216) (default)
2023-11-03 16:43:27,216 [349d905f-d502-4286-9c03-ebe0308a99ac@group-3C5DD59CBC2A-LeaderElection12] INFO  server.RaftServerConfigKeys (ConfUtils.java:logGet(46)) - raft.server.log.appender.buffer.byte-limit = 33554432 (custom)
2023-11-03 16:43:27,216 [349d905f-d502-4286-9c03-ebe0308a99ac@group-3C5DD59CBC2A-LeaderElection12] INFO  server.RaftServerConfigKeys (ConfUtils.java:logGet(46)) - raft.server.log.appender.buffer.element-limit = 1 (custom)
2023-11-03 16:43:27,216 [349d905f-d502-4286-9c03-ebe0308a99ac@group-3C5DD59CBC2A-LeaderElection12] INFO  server.RaftServerConfigKeys (ConfUtils.java:logGet(46)) - raft.server.log.appender.wait-time.min = 1ms (custom)
2023-11-03 16:43:27,217 [349d905f-d502-4286-9c03-ebe0308a99ac@group-3C5DD59CBC2A-LeaderElection12] INFO  grpc.GrpcConfigKeys (ConfUtils.java:logGet(46)) - raft.grpc.server.leader.outstanding.appends.max = 128 (default)
2023-11-03 16:43:27,217 [349d905f-d502-4286-9c03-ebe0308a99ac@group-3C5DD59CBC2A-LeaderElection12] INFO  server.RaftServerConfigKeys (ConfUtils.java:logGet(46)) - raft.server.rpc.request.timeout = 60s (custom)
2023-11-03 16:43:27,217 [349d905f-d502-4286-9c03-ebe0308a99ac@group-3C5DD59CBC2A-LeaderElection12] INFO  grpc.GrpcConfigKeys (ConfUtils.java:logGet(46)) - raft.grpc.server.install_snapshot.request.element-limit = 8 (default)
2023-11-03 16:43:27,217 [349d905f-d502-4286-9c03-ebe0308a99ac@group-3C5DD59CBC2A-LeaderElection12] INFO  grpc.GrpcConfigKeys (ConfUtils.java:logGet(46)) - raft.grpc.server.install_snapshot.request.timeout = 3000ms (default)
2023-11-03 16:43:27,217 [EventQueue-PipelineReportForPipelineReportHandler] INFO  pipeline.PipelineReportHandler (PipelineReportHandler.java:processPipelineReport(136)) - Opened pipeline PipelineID=e21e1ef1-1d92-46a4-a4fa-3c5dd59cbc2a
2023-11-03 16:43:27,217 [EventQueue-OpenPipelineForHealthyPipelineSafeModeRule] INFO  safemode.SCMSafeModeManager (HealthyPipelineSafeModeRule.java:process(137)) - SCM in safe mode. Healthy pipelines reported count is 1, required healthy pipeline reported count is 1
2023-11-03 16:43:27,217 [EventQueue-OpenPipelineForHealthyPipelineSafeModeRule] INFO  safemode.SCMSafeModeManager (SCMSafeModeManager.java:validateSafeModeExitRules(200)) - HealthyPipelineSafeModeRule rule is successfully validated
2023-11-03 16:43:27,217 [EventQueue-OpenPipelineForHealthyPipelineSafeModeRule] INFO  safemode.SCMSafeModeManager (SCMSafeModeManager.java:validateSafeModeExitRules(215)) - ScmSafeModeManager, all rules are successfully validated
2023-11-03 16:43:27,217 [EventQueue-OpenPipelineForHealthyPipelineSafeModeRule] INFO  safemode.SCMSafeModeManager (SCMSafeModeManager.java:exitSafeMode(244)) - SCM exiting safe mode.
2023-11-03 16:43:27,217 [EventQueue-OpenPipelineForHealthyPipelineSafeModeRule] INFO  ha.SCMContext (SCMContext.java:updateSafeModeStatus(230)) - Update SafeModeStatus from SafeModeStatus{safeModeStatus=true, preCheckPassed=true} to SafeModeStatus{safeModeStatus=false, preCheckPassed=true}.
2023-11-03 16:43:27,217 [EventQueue-OpenPipelineForHealthyPipelineSafeModeRule] INFO  pipeline.BackgroundPipelineCreator (BackgroundPipelineCreator.java:notifyStatusChanged(258)) - Service BackgroundPipelineCreator transitions to RUNNING.
2023-11-03 16:43:27,217 [EventQueue-OpenPipelineForHealthyPipelineSafeModeRule] INFO  BackgroundPipelineScrubber (BackgroundSCMService.java:notifyStatusChanged(82)) - Service BackgroundPipelineScrubber transitions to RUNNING.
2023-11-03 16:43:27,217 [EventQueue-OpenPipelineForHealthyPipelineSafeModeRule] INFO  ExpiredContainerReplicaOpScrubber (BackgroundSCMService.java:notifyStatusChanged(82)) - Service ExpiredContainerReplicaOpScrubber transitions to RUNNING.
2023-11-03 16:43:27,217 [EventQueue-OpenPipelineForHealthyPipelineSafeModeRule] INFO  replication.ReplicationManager (ReplicationManager.java:notifyStatusChanged(1371)) - Service ReplicationManager transitions to RUNNING.
2023-11-03 16:43:27,217 [349d905f-d502-4286-9c03-ebe0308a99ac@group-3C5DD59CBC2A-LeaderElection12] INFO  server.RaftServerConfigKeys (ConfUtils.java:logGet(46)) - raft.server.log.appender.install.snapshot.enabled = false (custom)
2023-11-03 16:43:27,218 [EventQueue-OpenPipelineForHealthyPipelineSafeModeRule] WARN  balancer.ContainerBalancer (ContainerBalancer.java:shouldRun(134)) - Could not find persisted configuration for ContainerBalancer when checking if ContainerBalancer should run. ContainerBalancer should not run now.
2023-11-03 16:43:27,219 [349d905f-d502-4286-9c03-ebe0308a99ac@group-3C5DD59CBC2A-LeaderElection12] INFO  grpc.GrpcConfigKeys (ConfUtils.java:logGet(46)) - raft.grpc.server.heartbeat.channel = true (default)
2023-11-03 16:43:27,220 [349d905f-d502-4286-9c03-ebe0308a99ac@group-3C5DD59CBC2A-LeaderElection12] INFO  server.RaftServerConfigKeys (ConfUtils.java:logGet(46)) - raft.server.log.appender.snapshot.chunk.size.max = 16MB (=16777216) (default)
2023-11-03 16:43:27,220 [349d905f-d502-4286-9c03-ebe0308a99ac@group-3C5DD59CBC2A-LeaderElection12] INFO  server.RaftServerConfigKeys (ConfUtils.java:logGet(46)) - raft.server.log.appender.buffer.byte-limit = 33554432 (custom)
2023-11-03 16:43:27,220 [349d905f-d502-4286-9c03-ebe0308a99ac@group-3C5DD59CBC2A-LeaderElection12] INFO  server.RaftServerConfigKeys (ConfUtils.java:logGet(46)) - raft.server.log.appender.buffer.element-limit = 1 (custom)
2023-11-03 16:43:27,220 [349d905f-d502-4286-9c03-ebe0308a99ac@group-3C5DD59CBC2A-LeaderElection12] INFO  server.RaftServerConfigKeys (ConfUtils.java:logGet(46)) - raft.server.log.appender.wait-time.min = 1ms (custom)
2023-11-03 16:43:27,220 [349d905f-d502-4286-9c03-ebe0308a99ac@group-3C5DD59CBC2A-LeaderElection12] INFO  grpc.GrpcConfigKeys (ConfUtils.java:logGet(46)) - raft.grpc.server.leader.outstanding.appends.max = 128 (default)
2023-11-03 16:43:27,221 [349d905f-d502-4286-9c03-ebe0308a99ac@group-3C5DD59CBC2A-LeaderElection12] INFO  server.RaftServerConfigKeys (ConfUtils.java:logGet(46)) - raft.server.rpc.request.timeout = 60s (custom)
2023-11-03 16:43:27,221 [349d905f-d502-4286-9c03-ebe0308a99ac@group-3C5DD59CBC2A-LeaderElection12] INFO  grpc.GrpcConfigKeys (ConfUtils.java:logGet(46)) - raft.grpc.server.install_snapshot.request.element-limit = 8 (default)
2023-11-03 16:43:27,221 [349d905f-d502-4286-9c03-ebe0308a99ac@group-3C5DD59CBC2A-LeaderElection12] INFO  grpc.GrpcConfigKeys (ConfUtils.java:logGet(46)) - raft.grpc.server.install_snapshot.request.timeout = 3000ms (default)
2023-11-03 16:43:27,221 [349d905f-d502-4286-9c03-ebe0308a99ac@group-3C5DD59CBC2A-LeaderElection12] INFO  server.RaftServerConfigKeys (ConfUtils.java:logGet(46)) - raft.server.log.appender.install.snapshot.enabled = false (custom)
2023-11-03 16:43:27,221 [349d905f-d502-4286-9c03-ebe0308a99ac@group-3C5DD59CBC2A-LeaderElection12] INFO  grpc.GrpcConfigKeys (ConfUtils.java:logGet(46)) - raft.grpc.server.heartbeat.channel = true (default)
2023-11-03 16:43:27,222 [349d905f-d502-4286-9c03-ebe0308a99ac@group-3C5DD59CBC2A-LeaderElection12] INFO  impl.RoleInfo (RoleInfo.java:updateAndGet(139)) - 349d905f-d502-4286-9c03-ebe0308a99ac: start 349d905f-d502-4286-9c03-ebe0308a99ac@group-3C5DD59CBC2A-LeaderStateImpl
2023-11-03 16:43:27,222 [349d905f-d502-4286-9c03-ebe0308a99ac@group-3C5DD59CBC2A-LeaderElection12] INFO  segmented.SegmentedRaftLogWorker (SegmentedRaftLogWorker.java:startLogSegment(447)) - 349d905f-d502-4286-9c03-ebe0308a99ac@group-3C5DD59CBC2A-SegmentedRaftLogWorker: Starting segment from index:0
2023-11-03 16:43:27,224 [349d905f-d502-4286-9c03-ebe0308a99ac@group-3C5DD59CBC2A-SegmentedRaftLogWorker] INFO  segmented.SegmentedRaftLogWorker (SegmentedRaftLogWorker.java:execute(651)) - 349d905f-d502-4286-9c03-ebe0308a99ac@group-3C5DD59CBC2A-SegmentedRaftLogWorker: created new log segment /home/runner/work/ozone/ozone/hadoop-ozone/integration-test/target/test-dir/MiniOzoneClusterImpl-70a21a17-ad3a-436a-8bc3-9a5217c2e4a5/datanode-2/data/ratis/e21e1ef1-1d92-46a4-a4fa-3c5dd59cbc2a/current/log_inprogress_0
2023-11-03 16:43:27,230 [349d905f-d502-4286-9c03-ebe0308a99ac@group-3C5DD59CBC2A-LeaderElection12] INFO  server.RaftServer$Division (ServerState.java:setRaftConf(434)) - 349d905f-d502-4286-9c03-ebe0308a99ac@group-3C5DD59CBC2A: set configuration 0: peers:[349d905f-d502-4286-9c03-ebe0308a99ac|rpc:10.1.0.19:15085|admin:10.1.0.19:15084|client:10.1.0.19:15083|dataStream:10.1.0.19:15086|priority:1|startupRole:FOLLOWER, 0f26992e-6b31-4649-88a0-952aab043ba5|rpc:10.1.0.19:15067|admin:10.1.0.19:15066|client:10.1.0.19:15065|dataStream:10.1.0.19:15068|priority:0|startupRole:FOLLOWER, eb78666f-144a-4911-8bcc-69658dd2d46c|rpc:10.1.0.19:15076|admin:10.1.0.19:15075|client:10.1.0.19:15074|dataStream:10.1.0.19:15077|priority:0|startupRole:FOLLOWER]|listeners:[], old=null
2023-11-03 16:43:27,236 [eb78666f-144a-4911-8bcc-69658dd2d46c-server-thread1] INFO  ratis.XceiverServerRatis (XceiverServerRatis.java:handleLeaderChangedNotification(903)) - Leader change notification received for group: group-3C5DD59CBC2A with new leaderId: 349d905f-d502-4286-9c03-ebe0308a99ac
2023-11-03 16:43:27,236 [eb78666f-144a-4911-8bcc-69658dd2d46c-server-thread1] INFO  server.RaftServer$Division (ServerState.java:setLeader(317)) - eb78666f-144a-4911-8bcc-69658dd2d46c@group-3C5DD59CBC2A: change Leader from null to 349d905f-d502-4286-9c03-ebe0308a99ac at term 1 for appendEntries, leader elected after 5040ms
2023-11-03 16:43:27,245 [eb78666f-144a-4911-8bcc-69658dd2d46c-server-thread1] INFO  server.RaftServer$Division (ServerState.java:setRaftConf(434)) - eb78666f-144a-4911-8bcc-69658dd2d46c@group-3C5DD59CBC2A: set configuration 0: peers:[349d905f-d502-4286-9c03-ebe0308a99ac|rpc:10.1.0.19:15085|admin:10.1.0.19:15084|client:10.1.0.19:15083|dataStream:10.1.0.19:15086|priority:1|startupRole:FOLLOWER, 0f26992e-6b31-4649-88a0-952aab043ba5|rpc:10.1.0.19:15067|admin:10.1.0.19:15066|client:10.1.0.19:15065|dataStream:10.1.0.19:15068|priority:0|startupRole:FOLLOWER, eb78666f-144a-4911-8bcc-69658dd2d46c|rpc:10.1.0.19:15076|admin:10.1.0.19:15075|client:10.1.0.19:15074|dataStream:10.1.0.19:15077|priority:0|startupRole:FOLLOWER]|listeners:[], old=null
2023-11-03 16:43:27,245 [eb78666f-144a-4911-8bcc-69658dd2d46c-server-thread1] INFO  segmented.SegmentedRaftLogWorker (SegmentedRaftLogWorker.java:startLogSegment(447)) - eb78666f-144a-4911-8bcc-69658dd2d46c@group-3C5DD59CBC2A-SegmentedRaftLogWorker: Starting segment from index:0
2023-11-03 16:43:27,246 [0f26992e-6b31-4649-88a0-952aab043ba5-server-thread1] INFO  ratis.XceiverServerRatis (XceiverServerRatis.java:handleLeaderChangedNotification(903)) - Leader change notification received for group: group-3C5DD59CBC2A with new leaderId: 349d905f-d502-4286-9c03-ebe0308a99ac
2023-11-03 16:43:27,246 [0f26992e-6b31-4649-88a0-952aab043ba5-server-thread1] INFO  server.RaftServer$Division (ServerState.java:setLeader(317)) - 0f26992e-6b31-4649-88a0-952aab043ba5@group-3C5DD59CBC2A: change Leader from null to 349d905f-d502-4286-9c03-ebe0308a99ac at term 1 for appendEntries, leader elected after 5182ms
2023-11-03 16:43:27,246 [eb78666f-144a-4911-8bcc-69658dd2d46c@group-3C5DD59CBC2A-SegmentedRaftLogWorker] INFO  segmented.SegmentedRaftLogWorker (SegmentedRaftLogWorker.java:execute(651)) - eb78666f-144a-4911-8bcc-69658dd2d46c@group-3C5DD59CBC2A-SegmentedRaftLogWorker: created new log segment /home/runner/work/ozone/ozone/hadoop-ozone/integration-test/target/test-dir/MiniOzoneClusterImpl-70a21a17-ad3a-436a-8bc3-9a5217c2e4a5/datanode-1/data/ratis/e21e1ef1-1d92-46a4-a4fa-3c5dd59cbc2a/current/log_inprogress_0
2023-11-03 16:43:27,260 [0f26992e-6b31-4649-88a0-952aab043ba5-server-thread2] INFO  server.RaftServer$Division (ServerState.java:setRaftConf(434)) - 0f26992e-6b31-4649-88a0-952aab043ba5@group-3C5DD59CBC2A: set configuration 0: peers:[349d905f-d502-4286-9c03-ebe0308a99ac|rpc:10.1.0.19:15085|admin:10.1.0.19:15084|client:10.1.0.19:15083|dataStream:10.1.0.19:15086|priority:1|startupRole:FOLLOWER, 0f26992e-6b31-4649-88a0-952aab043ba5|rpc:10.1.0.19:15067|admin:10.1.0.19:15066|client:10.1.0.19:15065|dataStream:10.1.0.19:15068|priority:0|startupRole:FOLLOWER, eb78666f-144a-4911-8bcc-69658dd2d46c|rpc:10.1.0.19:15076|admin:10.1.0.19:15075|client:10.1.0.19:15074|dataStream:10.1.0.19:15077|priority:0|startupRole:FOLLOWER]|listeners:[], old=null
2023-11-03 16:43:27,260 [0f26992e-6b31-4649-88a0-952aab043ba5-server-thread2] INFO  segmented.SegmentedRaftLogWorker (SegmentedRaftLogWorker.java:startLogSegment(447)) - 0f26992e-6b31-4649-88a0-952aab043ba5@group-3C5DD59CBC2A-SegmentedRaftLogWorker: Starting segment from index:0
2023-11-03 16:43:27,265 [0f26992e-6b31-4649-88a0-952aab043ba5@group-3C5DD59CBC2A-SegmentedRaftLogWorker] INFO  segmented.SegmentedRaftLogWorker (SegmentedRaftLogWorker.java:execute(651)) - 0f26992e-6b31-4649-88a0-952aab043ba5@group-3C5DD59CBC2A-SegmentedRaftLogWorker: created new log segment /home/runner/work/ozone/ozone/hadoop-ozone/integration-test/target/test-dir/MiniOzoneClusterImpl-70a21a17-ad3a-436a-8bc3-9a5217c2e4a5/datanode-0/data/ratis/e21e1ef1-1d92-46a4-a4fa-3c5dd59cbc2a/current/log_inprogress_0
2023-11-03 16:43:27,399 [0f26992e-6b31-4649-88a0-952aab043ba5@group-A0A34EE47E4A-FollowerState] INFO  impl.FollowerState (FollowerState.java:run(143)) - 0f26992e-6b31-4649-88a0-952aab043ba5@group-A0A34EE47E4A-FollowerState: change to CANDIDATE, lastRpcElapsedTime:5127107907ns, electionTimeout:5126ms
2023-11-03 16:43:27,399 [0f26992e-6b31-4649-88a0-952aab043ba5@group-A0A34EE47E4A-FollowerState] INFO  impl.RoleInfo (RoleInfo.java:shutdownFollowerState(110)) - 0f26992e-6b31-4649-88a0-952aab043ba5: shutdown 0f26992e-6b31-4649-88a0-952aab043ba5@group-A0A34EE47E4A-FollowerState
2023-11-03 16:43:27,399 [0f26992e-6b31-4649-88a0-952aab043ba5@group-A0A34EE47E4A-FollowerState] INFO  server.RaftServer$Division (RaftServerImpl.java:setRole(329)) - 0f26992e-6b31-4649-88a0-952aab043ba5@group-A0A34EE47E4A: changes role from  FOLLOWER to CANDIDATE at term 0 for changeToCandidate
2023-11-03 16:43:27,399 [0f26992e-6b31-4649-88a0-952aab043ba5@group-A0A34EE47E4A-FollowerState] INFO  server.RaftServerConfigKeys (ConfUtils.java:logGet(46)) - raft.server.leaderelection.pre-vote = true (default)
2023-11-03 16:43:27,399 [0f26992e-6b31-4649-88a0-952aab043ba5@group-A0A34EE47E4A-FollowerState] INFO  impl.RoleInfo (RoleInfo.java:updateAndGet(139)) - 0f26992e-6b31-4649-88a0-952aab043ba5: start 0f26992e-6b31-4649-88a0-952aab043ba5@group-A0A34EE47E4A-LeaderElection13
2023-11-03 16:43:27,404 [0f26992e-6b31-4649-88a0-952aab043ba5@group-A0A34EE47E4A-LeaderElection13] INFO  impl.LeaderElection (LeaderElection.java:askForVotes(321)) - 0f26992e-6b31-4649-88a0-952aab043ba5@group-A0A34EE47E4A-LeaderElection13 PRE_VOTE round 0: submit vote requests at term 0 for -1: peers:[349d905f-d502-4286-9c03-ebe0308a99ac|rpc:10.1.0.19:15085|admin:10.1.0.19:15084|client:10.1.0.19:15083|dataStream:10.1.0.19:15086|priority:0|startupRole:FOLLOWER, 0f26992e-6b31-4649-88a0-952aab043ba5|rpc:10.1.0.19:15067|admin:10.1.0.19:15066|client:10.1.0.19:15065|dataStream:10.1.0.19:15068|priority:0|startupRole:FOLLOWER, eb78666f-144a-4911-8bcc-69658dd2d46c|rpc:10.1.0.19:15076|admin:10.1.0.19:15075|client:10.1.0.19:15074|dataStream:10.1.0.19:15077|priority:1|startupRole:FOLLOWER]|listeners:[], old=null
2023-11-03 16:43:27,404 [0f26992e-6b31-4649-88a0-952aab043ba5@group-A0A34EE47E4A-LeaderElection13] INFO  server.RaftServerConfigKeys (ConfUtils.java:logFallback(53)) - raft.server.rpc.first-election.timeout.min = 5s (fallback to raft.server.rpc.timeout.min)
2023-11-03 16:43:27,404 [0f26992e-6b31-4649-88a0-952aab043ba5@group-A0A34EE47E4A-LeaderElection13] INFO  server.RaftServerConfigKeys (ConfUtils.java:logFallback(53)) - raft.server.rpc.first-election.timeout.max = 5200ms (fallback to raft.server.rpc.timeout.max)
2023-11-03 16:43:27,409 [grpc-default-executor-0] INFO  server.RaftServer$Division (RaftServerImpl.java:requestVote(1302)) - eb78666f-144a-4911-8bcc-69658dd2d46c@group-A0A34EE47E4A: receive requestVote(PRE_VOTE, 0f26992e-6b31-4649-88a0-952aab043ba5, group-A0A34EE47E4A, 0, (t:0, i:0))
2023-11-03 16:43:27,409 [grpc-default-executor-0] INFO  impl.VoteContext (VoteContext.java:log(49)) - eb78666f-144a-4911-8bcc-69658dd2d46c@group-A0A34EE47E4A-FOLLOWER: reject PRE_VOTE from 0f26992e-6b31-4649-88a0-952aab043ba5: our priority 1 > candidate's priority 0
2023-11-03 16:43:27,409 [grpc-default-executor-0] INFO  server.RaftServer$Division (RaftServerImpl.java:requestVote(1335)) - eb78666f-144a-4911-8bcc-69658dd2d46c@group-A0A34EE47E4A replies to PRE_VOTE vote request: 0f26992e-6b31-4649-88a0-952aab043ba5<-eb78666f-144a-4911-8bcc-69658dd2d46c#0:FAIL-t0. Peer's state: eb78666f-144a-4911-8bcc-69658dd2d46c@group-A0A34EE47E4A:t0, leader=null, voted=, raftlog=Memoized:eb78666f-144a-4911-8bcc-69658dd2d46c@group-A0A34EE47E4A-SegmentedRaftLog:OPENED:c-1, conf=-1: peers:[349d905f-d502-4286-9c03-ebe0308a99ac|rpc:10.1.0.19:15085|admin:10.1.0.19:15084|client:10.1.0.19:15083|dataStream:10.1.0.19:15086|priority:0|startupRole:FOLLOWER, 0f26992e-6b31-4649-88a0-952aab043ba5|rpc:10.1.0.19:15067|admin:10.1.0.19:15066|client:10.1.0.19:15065|dataStream:10.1.0.19:15068|priority:0|startupRole:FOLLOWER, eb78666f-144a-4911-8bcc-69658dd2d46c|rpc:10.1.0.19:15076|admin:10.1.0.19:15075|client:10.1.0.19:15074|dataStream:10.1.0.19:15077|priority:1|startupRole:FOLLOWER]|listeners:[], old=null
2023-11-03 16:43:27,410 [0f26992e-6b31-4649-88a0-952aab043ba5@group-A0A34EE47E4A-LeaderElection13] INFO  impl.LeaderElection (LeaderElection.java:logAndReturn(90)) - 0f26992e-6b31-4649-88a0-952aab043ba5@group-A0A34EE47E4A-LeaderElection13: PRE_VOTE REJECTED received 1 response(s) and 0 exception(s):
2023-11-03 16:43:27,410 [0f26992e-6b31-4649-88a0-952aab043ba5@group-A0A34EE47E4A-LeaderElection13] INFO  impl.LeaderElection (LeaderElection.java:logAndReturn(94)) -   Response 0: 0f26992e-6b31-4649-88a0-952aab043ba5<-eb78666f-144a-4911-8bcc-69658dd2d46c#0:FAIL-t0
2023-11-03 16:43:27,410 [0f26992e-6b31-4649-88a0-952aab043ba5@group-A0A34EE47E4A-LeaderElection13] INFO  impl.LeaderElection (LeaderElection.java:askForVotes(323)) - 0f26992e-6b31-4649-88a0-952aab043ba5@group-A0A34EE47E4A-LeaderElection13 PRE_VOTE round 0: result REJECTED
2023-11-03 16:43:27,410 [0f26992e-6b31-4649-88a0-952aab043ba5@group-A0A34EE47E4A-LeaderElection13] INFO  server.RaftServer$Division (RaftServerImpl.java:setRole(329)) - 0f26992e-6b31-4649-88a0-952aab043ba5@group-A0A34EE47E4A: changes role from CANDIDATE to FOLLOWER at term 0 for REJECTED
2023-11-03 16:43:27,410 [0f26992e-6b31-4649-88a0-952aab043ba5@group-A0A34EE47E4A-LeaderElection13] INFO  impl.RoleInfo (RoleInfo.java:shutdownLeaderElection(130)) - 0f26992e-6b31-4649-88a0-952aab043ba5: shutdown 0f26992e-6b31-4649-88a0-952aab043ba5@group-A0A34EE47E4A-LeaderElection13
2023-11-03 16:43:27,411 [0f26992e-6b31-4649-88a0-952aab043ba5@group-A0A34EE47E4A-LeaderElection13] INFO  impl.RoleInfo (RoleInfo.java:updateAndGet(139)) - 0f26992e-6b31-4649-88a0-952aab043ba5: start 0f26992e-6b31-4649-88a0-952aab043ba5@group-A0A34EE47E4A-FollowerState
2023-11-03 16:43:27,416 [grpc-default-executor-0] INFO  server.RaftServer$Division (RaftServerImpl.java:requestVote(1302)) - 349d905f-d502-4286-9c03-ebe0308a99ac@group-A0A34EE47E4A: receive requestVote(PRE_VOTE, 0f26992e-6b31-4649-88a0-952aab043ba5, group-A0A34EE47E4A, 0, (t:0, i:0))
2023-11-03 16:43:27,416 [grpc-default-executor-0] INFO  impl.VoteContext (VoteContext.java:log(49)) - 349d905f-d502-4286-9c03-ebe0308a99ac@group-A0A34EE47E4A-FOLLOWER: accept PRE_VOTE from 0f26992e-6b31-4649-88a0-952aab043ba5: our priority 0 <= candidate's priority 0
2023-11-03 16:43:27,417 [grpc-default-executor-0] INFO  server.RaftServer$Division (RaftServerImpl.java:requestVote(1335)) - 349d905f-d502-4286-9c03-ebe0308a99ac@group-A0A34EE47E4A replies to PRE_VOTE vote request: 0f26992e-6b31-4649-88a0-952aab043ba5<-349d905f-d502-4286-9c03-ebe0308a99ac#0:OK-t0. Peer's state: 349d905f-d502-4286-9c03-ebe0308a99ac@group-A0A34EE47E4A:t0, leader=null, voted=, raftlog=Memoized:349d905f-d502-4286-9c03-ebe0308a99ac@group-A0A34EE47E4A-SegmentedRaftLog:OPENED:c-1, conf=-1: peers:[349d905f-d502-4286-9c03-ebe0308a99ac|rpc:10.1.0.19:15085|admin:10.1.0.19:15084|client:10.1.0.19:15083|dataStream:10.1.0.19:15086|priority:0|startupRole:FOLLOWER, 0f26992e-6b31-4649-88a0-952aab043ba5|rpc:10.1.0.19:15067|admin:10.1.0.19:15066|client:10.1.0.19:15065|dataStream:10.1.0.19:15068|priority:0|startupRole:FOLLOWER, eb78666f-144a-4911-8bcc-69658dd2d46c|rpc:10.1.0.19:15076|admin:10.1.0.19:15075|client:10.1.0.19:15074|dataStream:10.1.0.19:15077|priority:1|startupRole:FOLLOWER]|listeners:[], old=null
2023-11-03 16:43:27,558 [349d905f-d502-4286-9c03-ebe0308a99ac@group-A0A34EE47E4A-FollowerState] INFO  server.RaftServerConfigKeys (ConfUtils.java:logFallback(53)) - raft.server.rpc.first-election.timeout.min = 5s (fallback to raft.server.rpc.timeout.min)
2023-11-03 16:43:27,558 [349d905f-d502-4286-9c03-ebe0308a99ac@group-A0A34EE47E4A-FollowerState] INFO  server.RaftServerConfigKeys (ConfUtils.java:logFallback(53)) - raft.server.rpc.first-election.timeout.max = 5200ms (fallback to raft.server.rpc.timeout.max)
2023-11-03 16:43:27,576 [eb78666f-144a-4911-8bcc-69658dd2d46c@group-A0A34EE47E4A-FollowerState] INFO  impl.FollowerState (FollowerState.java:run(143)) - eb78666f-144a-4911-8bcc-69658dd2d46c@group-A0A34EE47E4A-FollowerState: change to CANDIDATE, lastRpcElapsedTime:5118835363ns, electionTimeout:5097ms
2023-11-03 16:43:27,576 [eb78666f-144a-4911-8bcc-69658dd2d46c@group-A0A34EE47E4A-FollowerState] INFO  impl.RoleInfo (RoleInfo.java:shutdownFollowerState(110)) - eb78666f-144a-4911-8bcc-69658dd2d46c: shutdown eb78666f-144a-4911-8bcc-69658dd2d46c@group-A0A34EE47E4A-FollowerState
2023-11-03 16:43:27,576 [eb78666f-144a-4911-8bcc-69658dd2d46c@group-A0A34EE47E4A-FollowerState] INFO  server.RaftServer$Division (RaftServerImpl.java:setRole(329)) - eb78666f-144a-4911-8bcc-69658dd2d46c@group-A0A34EE47E4A: changes role from  FOLLOWER to CANDIDATE at term 0 for changeToCandidate
2023-11-03 16:43:27,576 [eb78666f-144a-4911-8bcc-69658dd2d46c@group-A0A34EE47E4A-FollowerState] INFO  server.RaftServerConfigKeys (ConfUtils.java:logGet(46)) - raft.server.leaderelection.pre-vote = true (default)
2023-11-03 16:43:27,576 [eb78666f-144a-4911-8bcc-69658dd2d46c@group-A0A34EE47E4A-FollowerState] INFO  impl.RoleInfo (RoleInfo.java:updateAndGet(139)) - eb78666f-144a-4911-8bcc-69658dd2d46c: start eb78666f-144a-4911-8bcc-69658dd2d46c@group-A0A34EE47E4A-LeaderElection14
2023-11-03 16:43:27,577 [eb78666f-144a-4911-8bcc-69658dd2d46c@group-A0A34EE47E4A-LeaderElection14] INFO  impl.LeaderElection (LeaderElection.java:askForVotes(321)) - eb78666f-144a-4911-8bcc-69658dd2d46c@group-A0A34EE47E4A-LeaderElection14 PRE_VOTE round 0: submit vote requests at term 0 for -1: peers:[349d905f-d502-4286-9c03-ebe0308a99ac|rpc:10.1.0.19:15085|admin:10.1.0.19:15084|client:10.1.0.19:15083|dataStream:10.1.0.19:15086|priority:0|startupRole:FOLLOWER, 0f26992e-6b31-4649-88a0-952aab043ba5|rpc:10.1.0.19:15067|admin:10.1.0.19:15066|client:10.1.0.19:15065|dataStream:10.1.0.19:15068|priority:0|startupRole:FOLLOWER, eb78666f-144a-4911-8bcc-69658dd2d46c|rpc:10.1.0.19:15076|admin:10.1.0.19:15075|client:10.1.0.19:15074|dataStream:10.1.0.19:15077|priority:1|startupRole:FOLLOWER]|listeners:[], old=null
2023-11-03 16:43:27,578 [eb78666f-144a-4911-8bcc-69658dd2d46c@group-A0A34EE47E4A-LeaderElection14-1] INFO  server.GrpcServerProtocolClient (GrpcServerProtocolClient.java:<init>(65)) - Build channel for 349d905f-d502-4286-9c03-ebe0308a99ac
2023-11-03 16:43:27,578 [eb78666f-144a-4911-8bcc-69658dd2d46c@group-AE65144C406C-FollowerState] INFO  impl.FollowerState (FollowerState.java:run(143)) - eb78666f-144a-4911-8bcc-69658dd2d46c@group-AE65144C406C-FollowerState: change to CANDIDATE, lastRpcElapsedTime:5196284564ns, electionTimeout:5184ms
2023-11-03 16:43:27,578 [eb78666f-144a-4911-8bcc-69658dd2d46c@group-AE65144C406C-FollowerState] INFO  impl.RoleInfo (RoleInfo.java:shutdownFollowerState(110)) - eb78666f-144a-4911-8bcc-69658dd2d46c: shutdown eb78666f-144a-4911-8bcc-69658dd2d46c@group-AE65144C406C-FollowerState
2023-11-03 16:43:27,578 [eb78666f-144a-4911-8bcc-69658dd2d46c@group-AE65144C406C-FollowerState] INFO  server.RaftServer$Division (RaftServerImpl.java:setRole(329)) - eb78666f-144a-4911-8bcc-69658dd2d46c@group-AE65144C406C: changes role from  FOLLOWER to CANDIDATE at term 0 for changeToCandidate
2023-11-03 16:43:27,578 [eb78666f-144a-4911-8bcc-69658dd2d46c@group-AE65144C406C-FollowerState] INFO  server.RaftServerConfigKeys (ConfUtils.java:logGet(46)) - raft.server.leaderelection.pre-vote = true (default)
2023-11-03 16:43:27,578 [eb78666f-144a-4911-8bcc-69658dd2d46c@group-AE65144C406C-FollowerState] INFO  impl.RoleInfo (RoleInfo.java:updateAndGet(139)) - eb78666f-144a-4911-8bcc-69658dd2d46c: start eb78666f-144a-4911-8bcc-69658dd2d46c@group-AE65144C406C-LeaderElection15
2023-11-03 16:43:27,578 [eb78666f-144a-4911-8bcc-69658dd2d46c@group-A0A34EE47E4A-LeaderElection14] INFO  server.RaftServerConfigKeys (ConfUtils.java:logFallback(53)) - raft.server.rpc.first-election.timeout.min = 5s (fallback to raft.server.rpc.timeout.min)
2023-11-03 16:43:27,578 [eb78666f-144a-4911-8bcc-69658dd2d46c@group-A0A34EE47E4A-LeaderElection14] INFO  server.RaftServerConfigKeys (ConfUtils.java:logFallback(53)) - raft.server.rpc.first-election.timeout.max = 5200ms (fallback to raft.server.rpc.timeout.max)
2023-11-03 16:43:27,578 [eb78666f-144a-4911-8bcc-69658dd2d46c@group-A0A34EE47E4A-LeaderElection14-2] INFO  server.GrpcServerProtocolClient (GrpcServerProtocolClient.java:<init>(65)) - Build channel for 0f26992e-6b31-4649-88a0-952aab043ba5
2023-11-03 16:43:27,590 [eb78666f-144a-4911-8bcc-69658dd2d46c@group-AE65144C406C-LeaderElection15] INFO  impl.LeaderElection (LeaderElection.java:askForVotes(321)) - eb78666f-144a-4911-8bcc-69658dd2d46c@group-AE65144C406C-LeaderElection15 PRE_VOTE round 0: submit vote requests at term 0 for -1: peers:[eb78666f-144a-4911-8bcc-69658dd2d46c|rpc:10.1.0.19:15076|admin:10.1.0.19:15075|client:10.1.0.19:15074|dataStream:10.1.0.19:15077|priority:1|startupRole:FOLLOWER]|listeners:[], old=null
2023-11-03 16:43:27,590 [eb78666f-144a-4911-8bcc-69658dd2d46c@group-AE65144C406C-LeaderElection15] INFO  impl.LeaderElection (LeaderElection.java:askForVotes(323)) - eb78666f-144a-4911-8bcc-69658dd2d46c@group-AE65144C406C-LeaderElection15 PRE_VOTE round 0: result PASSED (term=0)
2023-11-03 16:43:27,592 [eb78666f-144a-4911-8bcc-69658dd2d46c@group-AE65144C406C-LeaderElection15] INFO  impl.LeaderElection (LeaderElection.java:askForVotes(321)) - eb78666f-144a-4911-8bcc-69658dd2d46c@group-AE65144C406C-LeaderElection15 ELECTION round 0: submit vote requests at term 1 for -1: peers:[eb78666f-144a-4911-8bcc-69658dd2d46c|rpc:10.1.0.19:15076|admin:10.1.0.19:15075|client:10.1.0.19:15074|dataStream:10.1.0.19:15077|priority:1|startupRole:FOLLOWER]|listeners:[], old=null
2023-11-03 16:43:27,592 [eb78666f-144a-4911-8bcc-69658dd2d46c@group-AE65144C406C-LeaderElection15] INFO  impl.LeaderElection (LeaderElection.java:askForVotes(323)) - eb78666f-144a-4911-8bcc-69658dd2d46c@group-AE65144C406C-LeaderElection15 ELECTION round 0: result PASSED (term=1)
2023-11-03 16:43:27,592 [eb78666f-144a-4911-8bcc-69658dd2d46c@group-AE65144C406C-LeaderElection15] INFO  impl.RoleInfo (RoleInfo.java:shutdownLeaderElection(130)) - eb78666f-144a-4911-8bcc-69658dd2d46c: shutdown eb78666f-144a-4911-8bcc-69658dd2d46c@group-AE65144C406C-LeaderElection15
2023-11-03 16:43:27,592 [eb78666f-144a-4911-8bcc-69658dd2d46c@group-AE65144C406C-LeaderElection15] INFO  server.RaftServer$Division (RaftServerImpl.java:setRole(329)) - eb78666f-144a-4911-8bcc-69658dd2d46c@group-AE65144C406C: changes role from CANDIDATE to LEADER at term 1 for changeToLeader
2023-11-03 16:43:27,592 [eb78666f-144a-4911-8bcc-69658dd2d46c@group-AE65144C406C-LeaderElection15] INFO  ratis.XceiverServerRatis (XceiverServerRatis.java:handleLeaderChangedNotification(903)) - Leader change notification received for group: group-AE65144C406C with new leaderId: eb78666f-144a-4911-8bcc-69658dd2d46c
2023-11-03 16:43:27,594 [eb78666f-144a-4911-8bcc-69658dd2d46c@group-AE65144C406C-LeaderElection15] INFO  server.RaftServer$Division (ServerState.java:setLeader(317)) - eb78666f-144a-4911-8bcc-69658dd2d46c@group-AE65144C406C: change Leader from null to eb78666f-144a-4911-8bcc-69658dd2d46c at term 1 for becomeLeader, leader elected after 5333ms
2023-11-03 16:43:27,594 [eb78666f-144a-4911-8bcc-69658dd2d46c@group-AE65144C406C-LeaderElection15] INFO  server.RaftServerConfigKeys (ConfUtils.java:logGet(46)) - raft.server.staging.catchup.gap = 1000 (default)
2023-11-03 16:43:27,594 [eb78666f-144a-4911-8bcc-69658dd2d46c@group-AE65144C406C-LeaderElection15] INFO  server.RaftServerConfigKeys (ConfUtils.java:logGet(46)) - raft.server.write.element-limit = 1024 (custom)
2023-11-03 16:43:27,594 [eb78666f-144a-4911-8bcc-69658dd2d46c@group-AE65144C406C-LeaderElection15] INFO  server.RaftServerConfigKeys (ConfUtils.java:logGet(46)) - raft.server.write.byte-limit = 1024 M (=1073741824) (custom)
2023-11-03 16:43:27,595 [eb78666f-144a-4911-8bcc-69658dd2d46c@group-AE65144C406C-LeaderElection15] INFO  server.RaftServerConfigKeys (ConfUtils.java:logGet(46)) - raft.server.watch.timeout = 180s (custom)
2023-11-03 16:43:27,595 [eb78666f-144a-4911-8bcc-69658dd2d46c@group-AE65144C406C-LeaderElection15] INFO  server.RaftServerConfigKeys (ConfUtils.java:logGet(46)) - raft.server.watch.timeout.denomination = 1s (default)
2023-11-03 16:43:27,595 [eb78666f-144a-4911-8bcc-69658dd2d46c@group-AE65144C406C-LeaderElection15] INFO  server.RaftServerConfigKeys (ConfUtils.java:logGet(46)) - raft.server.watch.element-limit = 65536 (default)
2023-11-03 16:43:27,595 [eb78666f-144a-4911-8bcc-69658dd2d46c@group-AE65144C406C-LeaderElection15] INFO  server.RaftServerConfigKeys (ConfUtils.java:logGet(46)) - raft.server.write.element-limit = 1024 (custom)
2023-11-03 16:43:27,595 [eb78666f-144a-4911-8bcc-69658dd2d46c@group-AE65144C406C-LeaderElection15] INFO  server.RaftServerConfigKeys (ConfUtils.java:logGet(46)) - raft.server.write.follower.gap.ratio.max = -1.0 (default)
2023-11-03 16:43:27,595 [eb78666f-144a-4911-8bcc-69658dd2d46c@group-AE65144C406C-LeaderElection15] INFO  impl.RoleInfo (RoleInfo.java:updateAndGet(139)) - eb78666f-144a-4911-8bcc-69658dd2d46c: start eb78666f-144a-4911-8bcc-69658dd2d46c@group-AE65144C406C-LeaderStateImpl
2023-11-03 16:43:27,596 [eb78666f-144a-4911-8bcc-69658dd2d46c@group-AE65144C406C-LeaderElection15] INFO  segmented.SegmentedRaftLogWorker (SegmentedRaftLogWorker.java:startLogSegment(447)) - eb78666f-144a-4911-8bcc-69658dd2d46c@group-AE65144C406C-SegmentedRaftLogWorker: Starting segment from index:0
2023-11-03 16:43:27,597 [eb78666f-144a-4911-8bcc-69658dd2d46c@group-AE65144C406C-SegmentedRaftLogWorker] INFO  segmented.SegmentedRaftLogWorker (SegmentedRaftLogWorker.java:execute(651)) - eb78666f-144a-4911-8bcc-69658dd2d46c@group-AE65144C406C-SegmentedRaftLogWorker: created new log segment /home/runner/work/ozone/ozone/hadoop-ozone/integration-test/target/test-dir/MiniOzoneClusterImpl-70a21a17-ad3a-436a-8bc3-9a5217c2e4a5/datanode-1/data/ratis/00cd4cc3-9f92-4c7e-8a9b-ae65144c406c/current/log_inprogress_0
2023-11-03 16:43:27,598 [grpc-default-executor-0] INFO  server.RaftServer$Division (RaftServerImpl.java:requestVote(1302)) - 349d905f-d502-4286-9c03-ebe0308a99ac@group-A0A34EE47E4A: receive requestVote(PRE_VOTE, eb78666f-144a-4911-8bcc-69658dd2d46c, group-A0A34EE47E4A, 0, (t:0, i:0))
2023-11-03 16:43:27,598 [grpc-default-executor-0] INFO  impl.VoteContext (VoteContext.java:log(49)) - 349d905f-d502-4286-9c03-ebe0308a99ac@group-A0A34EE47E4A-FOLLOWER: accept PRE_VOTE from eb78666f-144a-4911-8bcc-69658dd2d46c: our priority 0 <= candidate's priority 1
2023-11-03 16:43:27,598 [grpc-default-executor-0] INFO  server.RaftServer$Division (RaftServerImpl.java:requestVote(1335)) - 349d905f-d502-4286-9c03-ebe0308a99ac@group-A0A34EE47E4A replies to PRE_VOTE vote request: eb78666f-144a-4911-8bcc-69658dd2d46c<-349d905f-d502-4286-9c03-ebe0308a99ac#0:OK-t0. Peer's state: 349d905f-d502-4286-9c03-ebe0308a99ac@group-A0A34EE47E4A:t0, leader=null, voted=, raftlog=Memoized:349d905f-d502-4286-9c03-ebe0308a99ac@group-A0A34EE47E4A-SegmentedRaftLog:OPENED:c-1, conf=-1: peers:[349d905f-d502-4286-9c03-ebe0308a99ac|rpc:10.1.0.19:15085|admin:10.1.0.19:15084|client:10.1.0.19:15083|dataStream:10.1.0.19:15086|priority:0|startupRole:FOLLOWER, 0f26992e-6b31-4649-88a0-952aab043ba5|rpc:10.1.0.19:15067|admin:10.1.0.19:15066|client:10.1.0.19:15065|dataStream:10.1.0.19:15068|priority:0|startupRole:FOLLOWER, eb78666f-144a-4911-8bcc-69658dd2d46c|rpc:10.1.0.19:15076|admin:10.1.0.19:15075|client:10.1.0.19:15074|dataStream:10.1.0.19:15077|priority:1|startupRole:FOLLOWER]|listeners:[], old=null
2023-11-03 16:43:27,602 [eb78666f-144a-4911-8bcc-69658dd2d46c@group-AE65144C406C-LeaderElection15] INFO  server.RaftServer$Division (ServerState.java:setRaftConf(434)) - eb78666f-144a-4911-8bcc-69658dd2d46c@group-AE65144C406C: set configuration 0: peers:[eb78666f-144a-4911-8bcc-69658dd2d46c|rpc:10.1.0.19:15076|admin:10.1.0.19:15075|client:10.1.0.19:15074|dataStream:10.1.0.19:15077|priority:1|startupRole:FOLLOWER]|listeners:[], old=null
2023-11-03 16:43:27,610 [eb78666f-144a-4911-8bcc-69658dd2d46c@group-A0A34EE47E4A-LeaderElection14] INFO  impl.LeaderElection (LeaderElection.java:logAndReturn(90)) - eb78666f-144a-4911-8bcc-69658dd2d46c@group-A0A34EE47E4A-LeaderElection14: PRE_VOTE PASSED received 1 response(s) and 0 exception(s):
2023-11-03 16:43:27,610 [eb78666f-144a-4911-8bcc-69658dd2d46c@group-A0A34EE47E4A-LeaderElection14] INFO  impl.LeaderElection (LeaderElection.java:logAndReturn(94)) -   Response 0: eb78666f-144a-4911-8bcc-69658dd2d46c<-349d905f-d502-4286-9c03-ebe0308a99ac#0:OK-t0
2023-11-03 16:43:27,610 [eb78666f-144a-4911-8bcc-69658dd2d46c@group-A0A34EE47E4A-LeaderElection14] INFO  impl.LeaderElection (LeaderElection.java:askForVotes(323)) - eb78666f-144a-4911-8bcc-69658dd2d46c@group-A0A34EE47E4A-LeaderElection14 PRE_VOTE round 0: result PASSED
2023-11-03 16:43:27,611 [eb78666f-144a-4911-8bcc-69658dd2d46c@group-A0A34EE47E4A-LeaderElection14] INFO  impl.LeaderElection (LeaderElection.java:askForVotes(321)) - eb78666f-144a-4911-8bcc-69658dd2d46c@group-A0A34EE47E4A-LeaderElection14 ELECTION round 0: submit vote requests at term 1 for -1: peers:[349d905f-d502-4286-9c03-ebe0308a99ac|rpc:10.1.0.19:15085|admin:10.1.0.19:15084|client:10.1.0.19:15083|dataStream:10.1.0.19:15086|priority:0|startupRole:FOLLOWER, 0f26992e-6b31-4649-88a0-952aab043ba5|rpc:10.1.0.19:15067|admin:10.1.0.19:15066|client:10.1.0.19:15065|dataStream:10.1.0.19:15068|priority:0|startupRole:FOLLOWER, eb78666f-144a-4911-8bcc-69658dd2d46c|rpc:10.1.0.19:15076|admin:10.1.0.19:15075|client:10.1.0.19:15074|dataStream:10.1.0.19:15077|priority:1|startupRole:FOLLOWER]|listeners:[], old=null
2023-11-03 16:43:27,612 [grpc-default-executor-0] INFO  server.RaftServer$Division (RaftServerImpl.java:requestVote(1302)) - 0f26992e-6b31-4649-88a0-952aab043ba5@group-A0A34EE47E4A: receive requestVote(PRE_VOTE, eb78666f-144a-4911-8bcc-69658dd2d46c, group-A0A34EE47E4A, 0, (t:0, i:0))
2023-11-03 16:43:27,612 [grpc-default-executor-0] INFO  impl.VoteContext (VoteContext.java:log(49)) - 0f26992e-6b31-4649-88a0-952aab043ba5@group-A0A34EE47E4A-FOLLOWER: accept PRE_VOTE from eb78666f-144a-4911-8bcc-69658dd2d46c: our priority 0 <= candidate's priority 1
2023-11-03 16:43:27,612 [grpc-default-executor-0] INFO  server.RaftServer$Division (RaftServerImpl.java:requestVote(1335)) - 0f26992e-6b31-4649-88a0-952aab043ba5@group-A0A34EE47E4A replies to PRE_VOTE vote request: eb78666f-144a-4911-8bcc-69658dd2d46c<-0f26992e-6b31-4649-88a0-952aab043ba5#0:OK-t0. Peer's state: 0f26992e-6b31-4649-88a0-952aab043ba5@group-A0A34EE47E4A:t0, leader=null, voted=, raftlog=Memoized:0f26992e-6b31-4649-88a0-952aab043ba5@group-A0A34EE47E4A-SegmentedRaftLog:OPENED:c-1, conf=-1: peers:[349d905f-d502-4286-9c03-ebe0308a99ac|rpc:10.1.0.19:15085|admin:10.1.0.19:15084|client:10.1.0.19:15083|dataStream:10.1.0.19:15086|priority:0|startupRole:FOLLOWER, 0f26992e-6b31-4649-88a0-952aab043ba5|rpc:10.1.0.19:15067|admin:10.1.0.19:15066|client:10.1.0.19:15065|dataStream:10.1.0.19:15068|priority:0|startupRole:FOLLOWER, eb78666f-144a-4911-8bcc-69658dd2d46c|rpc:10.1.0.19:15076|admin:10.1.0.19:15075|client:10.1.0.19:15074|dataStream:10.1.0.19:15077|priority:1|startupRole:FOLLOWER]|listeners:[], old=null
2023-11-03 16:43:27,629 [eb78666f-144a-4911-8bcc-69658dd2d46c@group-A0A34EE47E4A-LeaderElection14] INFO  server.RaftServerConfigKeys (ConfUtils.java:logFallback(53)) - raft.server.rpc.first-election.timeout.min = 5s (fallback to raft.server.rpc.timeout.min)
2023-11-03 16:43:27,629 [eb78666f-144a-4911-8bcc-69658dd2d46c@group-A0A34EE47E4A-LeaderElection14] INFO  server.RaftServerConfigKeys (ConfUtils.java:logFallback(53)) - raft.server.rpc.first-election.timeout.max = 5200ms (fallback to raft.server.rpc.timeout.max)
2023-11-03 16:43:27,638 [grpc-default-executor-0] INFO  server.RaftServer$Division (RaftServerImpl.java:requestVote(1302)) - 349d905f-d502-4286-9c03-ebe0308a99ac@group-A0A34EE47E4A: receive requestVote(ELECTION, eb78666f-144a-4911-8bcc-69658dd2d46c, group-A0A34EE47E4A, 1, (t:0, i:0))
2023-11-03 16:43:27,638 [grpc-default-executor-0] INFO  impl.VoteContext (VoteContext.java:log(49)) - 349d905f-d502-4286-9c03-ebe0308a99ac@group-A0A34EE47E4A-FOLLOWER: accept ELECTION from eb78666f-144a-4911-8bcc-69658dd2d46c: our priority 0 <= candidate's priority 1
2023-11-03 16:43:27,638 [grpc-default-executor-0] INFO  server.RaftServer$Division (RaftServerImpl.java:setRole(329)) - 349d905f-d502-4286-9c03-ebe0308a99ac@group-A0A34EE47E4A: changes role from  FOLLOWER to FOLLOWER at term 1 for candidate:eb78666f-144a-4911-8bcc-69658dd2d46c
2023-11-03 16:43:27,638 [grpc-default-executor-0] INFO  impl.RoleInfo (RoleInfo.java:shutdownFollowerState(110)) - 349d905f-d502-4286-9c03-ebe0308a99ac: shutdown 349d905f-d502-4286-9c03-ebe0308a99ac@group-A0A34EE47E4A-FollowerState
2023-11-03 16:43:27,638 [grpc-default-executor-0] INFO  impl.RoleInfo (RoleInfo.java:updateAndGet(139)) - 349d905f-d502-4286-9c03-ebe0308a99ac: start 349d905f-d502-4286-9c03-ebe0308a99ac@group-A0A34EE47E4A-FollowerState
2023-11-03 16:43:27,641 [349d905f-d502-4286-9c03-ebe0308a99ac@group-A0A34EE47E4A-FollowerState] INFO  impl.FollowerState (FollowerState.java:run(152)) - 349d905f-d502-4286-9c03-ebe0308a99ac@group-A0A34EE47E4A-FollowerState was interrupted
2023-11-03 16:43:27,647 [grpc-default-executor-0] INFO  server.RaftServer$Division (RaftServerImpl.java:requestVote(1335)) - 349d905f-d502-4286-9c03-ebe0308a99ac@group-A0A34EE47E4A replies to ELECTION vote request: eb78666f-144a-4911-8bcc-69658dd2d46c<-349d905f-d502-4286-9c03-ebe0308a99ac#0:OK-t1. Peer's state: 349d905f-d502-4286-9c03-ebe0308a99ac@group-A0A34EE47E4A:t1, leader=null, voted=eb78666f-144a-4911-8bcc-69658dd2d46c, raftlog=Memoized:349d905f-d502-4286-9c03-ebe0308a99ac@group-A0A34EE47E4A-SegmentedRaftLog:OPENED:c-1, conf=-1: peers:[349d905f-d502-4286-9c03-ebe0308a99ac|rpc:10.1.0.19:15085|admin:10.1.0.19:15084|client:10.1.0.19:15083|dataStream:10.1.0.19:15086|priority:0|startupRole:FOLLOWER, 0f26992e-6b31-4649-88a0-952aab043ba5|rpc:10.1.0.19:15067|admin:10.1.0.19:15066|client:10.1.0.19:15065|dataStream:10.1.0.19:15068|priority:0|startupRole:FOLLOWER, eb78666f-144a-4911-8bcc-69658dd2d46c|rpc:10.1.0.19:15076|admin:10.1.0.19:15075|client:10.1.0.19:15074|dataStream:10.1.0.19:15077|priority:1|startupRole:FOLLOWER]|listeners:[], old=null
2023-11-03 16:43:27,650 [eb78666f-144a-4911-8bcc-69658dd2d46c@group-A0A34EE47E4A-LeaderElection14] INFO  impl.LeaderElection (LeaderElection.java:logAndReturn(90)) - eb78666f-144a-4911-8bcc-69658dd2d46c@group-A0A34EE47E4A-LeaderElection14: ELECTION PASSED received 1 response(s) and 0 exception(s):
2023-11-03 16:43:27,650 [eb78666f-144a-4911-8bcc-69658dd2d46c@group-A0A34EE47E4A-LeaderElection14] INFO  impl.LeaderElection (LeaderElection.java:logAndReturn(94)) -   Response 0: eb78666f-144a-4911-8bcc-69658dd2d46c<-349d905f-d502-4286-9c03-ebe0308a99ac#0:OK-t1
2023-11-03 16:43:27,651 [eb78666f-144a-4911-8bcc-69658dd2d46c@group-A0A34EE47E4A-LeaderElection14] INFO  impl.LeaderElection (LeaderElection.java:askForVotes(323)) - eb78666f-144a-4911-8bcc-69658dd2d46c@group-A0A34EE47E4A-LeaderElection14 ELECTION round 0: result PASSED
2023-11-03 16:43:27,651 [eb78666f-144a-4911-8bcc-69658dd2d46c@group-A0A34EE47E4A-LeaderElection14] INFO  impl.RoleInfo (RoleInfo.java:shutdownLeaderElection(130)) - eb78666f-144a-4911-8bcc-69658dd2d46c: shutdown eb78666f-144a-4911-8bcc-69658dd2d46c@group-A0A34EE47E4A-LeaderElection14
2023-11-03 16:43:27,651 [eb78666f-144a-4911-8bcc-69658dd2d46c@group-A0A34EE47E4A-LeaderElection14] INFO  server.RaftServer$Division (RaftServerImpl.java:setRole(329)) - eb78666f-144a-4911-8bcc-69658dd2d46c@group-A0A34EE47E4A: changes role from CANDIDATE to LEADER at term 1 for changeToLeader
2023-11-03 16:43:27,651 [eb78666f-144a-4911-8bcc-69658dd2d46c@group-A0A34EE47E4A-LeaderElection14] INFO  ratis.XceiverServerRatis (XceiverServerRatis.java:handleLeaderChangedNotification(903)) - Leader change notification received for group: group-A0A34EE47E4A with new leaderId: eb78666f-144a-4911-8bcc-69658dd2d46c
2023-11-03 16:43:27,651 [eb78666f-144a-4911-8bcc-69658dd2d46c@group-A0A34EE47E4A-LeaderElection14] INFO  server.RaftServer$Division (ServerState.java:setLeader(317)) - eb78666f-144a-4911-8bcc-69658dd2d46c@group-A0A34EE47E4A: change Leader from null to eb78666f-144a-4911-8bcc-69658dd2d46c at term 1 for becomeLeader, leader elected after 5231ms
2023-11-03 16:43:27,651 [eb78666f-144a-4911-8bcc-69658dd2d46c@group-A0A34EE47E4A-LeaderElection14] INFO  server.RaftServerConfigKeys (ConfUtils.java:logGet(46)) - raft.server.staging.catchup.gap = 1000 (default)
2023-11-03 16:43:27,651 [eb78666f-144a-4911-8bcc-69658dd2d46c@group-A0A34EE47E4A-LeaderElection14] INFO  server.RaftServerConfigKeys (ConfUtils.java:logGet(46)) - raft.server.write.element-limit = 1024 (custom)
2023-11-03 16:43:27,651 [eb78666f-144a-4911-8bcc-69658dd2d46c@group-A0A34EE47E4A-LeaderElection14] INFO  server.RaftServerConfigKeys (ConfUtils.java:logGet(46)) - raft.server.write.byte-limit = 1024 M (=1073741824) (custom)
2023-11-03 16:43:27,652 [eb78666f-144a-4911-8bcc-69658dd2d46c@group-A0A34EE47E4A-LeaderElection14] INFO  server.RaftServerConfigKeys (ConfUtils.java:logGet(46)) - raft.server.watch.timeout = 180s (custom)
2023-11-03 16:43:27,652 [eb78666f-144a-4911-8bcc-69658dd2d46c@group-A0A34EE47E4A-LeaderElection14] INFO  server.RaftServerConfigKeys (ConfUtils.java:logGet(46)) - raft.server.watch.timeout.denomination = 1s (default)
2023-11-03 16:43:27,652 [eb78666f-144a-4911-8bcc-69658dd2d46c@group-A0A34EE47E4A-LeaderElection14] INFO  server.RaftServerConfigKeys (ConfUtils.java:logGet(46)) - raft.server.watch.element-limit = 65536 (default)
2023-11-03 16:43:27,652 [eb78666f-144a-4911-8bcc-69658dd2d46c@group-A0A34EE47E4A-LeaderElection14] INFO  server.RaftServerConfigKeys (ConfUtils.java:logGet(46)) - raft.server.write.element-limit = 1024 (custom)
2023-11-03 16:43:27,652 [eb78666f-144a-4911-8bcc-69658dd2d46c@group-A0A34EE47E4A-LeaderElection14] INFO  server.RaftServerConfigKeys (ConfUtils.java:logGet(46)) - raft.server.write.follower.gap.ratio.max = -1.0 (default)
2023-11-03 16:43:27,653 [eb78666f-144a-4911-8bcc-69658dd2d46c@group-A0A34EE47E4A-LeaderElection14] INFO  server.RaftServerConfigKeys (ConfUtils.java:logGet(46)) - raft.server.log.appender.snapshot.chunk.size.max = 16MB (=16777216) (default)
2023-11-03 16:43:27,653 [eb78666f-144a-4911-8bcc-69658dd2d46c@group-A0A34EE47E4A-LeaderElection14] INFO  server.RaftServerConfigKeys (ConfUtils.java:logGet(46)) - raft.server.log.appender.buffer.byte-limit = 33554432 (custom)
2023-11-03 16:43:27,653 [eb78666f-144a-4911-8bcc-69658dd2d46c@group-A0A34EE47E4A-LeaderElection14] INFO  server.RaftServerConfigKeys (ConfUtils.java:logGet(46)) - raft.server.log.appender.buffer.element-limit = 1 (custom)
2023-11-03 16:43:27,654 [eb78666f-144a-4911-8bcc-69658dd2d46c@group-A0A34EE47E4A-LeaderElection14] INFO  server.RaftServerConfigKeys (ConfUtils.java:logGet(46)) - raft.server.log.appender.wait-time.min = 1ms (custom)
2023-11-03 16:43:27,654 [eb78666f-144a-4911-8bcc-69658dd2d46c@group-A0A34EE47E4A-LeaderElection14] INFO  grpc.GrpcConfigKeys (ConfUtils.java:logGet(46)) - raft.grpc.server.leader.outstanding.appends.max = 128 (default)
2023-11-03 16:43:27,654 [eb78666f-144a-4911-8bcc-69658dd2d46c@group-A0A34EE47E4A-LeaderElection14] INFO  server.RaftServerConfigKeys (ConfUtils.java:logGet(46)) - raft.server.rpc.request.timeout = 60s (custom)
2023-11-03 16:43:27,654 [eb78666f-144a-4911-8bcc-69658dd2d46c@group-A0A34EE47E4A-LeaderElection14] INFO  grpc.GrpcConfigKeys (ConfUtils.java:logGet(46)) - raft.grpc.server.install_snapshot.request.element-limit = 8 (default)
2023-11-03 16:43:27,654 [eb78666f-144a-4911-8bcc-69658dd2d46c@group-A0A34EE47E4A-LeaderElection14] INFO  grpc.GrpcConfigKeys (ConfUtils.java:logGet(46)) - raft.grpc.server.install_snapshot.request.timeout = 3000ms (default)
2023-11-03 16:43:27,654 [eb78666f-144a-4911-8bcc-69658dd2d46c@group-A0A34EE47E4A-LeaderElection14] INFO  server.RaftServerConfigKeys (ConfUtils.java:logGet(46)) - raft.server.log.appender.install.snapshot.enabled = false (custom)
2023-11-03 16:43:27,654 [eb78666f-144a-4911-8bcc-69658dd2d46c@group-A0A34EE47E4A-LeaderElection14] INFO  grpc.GrpcConfigKeys (ConfUtils.java:logGet(46)) - raft.grpc.server.heartbeat.channel = true (default)
2023-11-03 16:43:27,655 [EventQueue-PipelineReportForPipelineReportHandler] INFO  pipeline.PipelineReportHandler (PipelineReportHandler.java:processPipelineReport(136)) - Opened pipeline PipelineID=3aefa9d0-9cb2-4c59-875a-a0a34ee47e4a
2023-11-03 16:43:27,655 [eb78666f-144a-4911-8bcc-69658dd2d46c@group-A0A34EE47E4A-LeaderElection14] INFO  server.RaftServerConfigKeys (ConfUtils.java:logGet(46)) - raft.server.log.appender.snapshot.chunk.size.max = 16MB (=16777216) (default)
2023-11-03 16:43:27,655 [eb78666f-144a-4911-8bcc-69658dd2d46c@group-A0A34EE47E4A-LeaderElection14] INFO  server.RaftServerConfigKeys (ConfUtils.java:logGet(46)) - raft.server.log.appender.buffer.byte-limit = 33554432 (custom)
2023-11-03 16:43:27,655 [eb78666f-144a-4911-8bcc-69658dd2d46c@group-A0A34EE47E4A-LeaderElection14] INFO  server.RaftServerConfigKeys (ConfUtils.java:logGet(46)) - raft.server.log.appender.buffer.element-limit = 1 (custom)
2023-11-03 16:43:27,655 [eb78666f-144a-4911-8bcc-69658dd2d46c@group-A0A34EE47E4A-LeaderElection14] INFO  server.RaftServerConfigKeys (ConfUtils.java:logGet(46)) - raft.server.log.appender.wait-time.min = 1ms (custom)
2023-11-03 16:43:27,655 [eb78666f-144a-4911-8bcc-69658dd2d46c@group-A0A34EE47E4A-LeaderElection14] INFO  grpc.GrpcConfigKeys (ConfUtils.java:logGet(46)) - raft.grpc.server.leader.outstanding.appends.max = 128 (default)
2023-11-03 16:43:27,656 [eb78666f-144a-4911-8bcc-69658dd2d46c@group-A0A34EE47E4A-LeaderElection14] INFO  server.RaftServerConfigKeys (ConfUtils.java:logGet(46)) - raft.server.rpc.request.timeout = 60s (custom)
2023-11-03 16:43:27,656 [eb78666f-144a-4911-8bcc-69658dd2d46c@group-A0A34EE47E4A-LeaderElection14] INFO  grpc.GrpcConfigKeys (ConfUtils.java:logGet(46)) - raft.grpc.server.install_snapshot.request.element-limit = 8 (default)
2023-11-03 16:43:27,656 [eb78666f-144a-4911-8bcc-69658dd2d46c@group-A0A34EE47E4A-LeaderElection14] INFO  grpc.GrpcConfigKeys (ConfUtils.java:logGet(46)) - raft.grpc.server.install_snapshot.request.timeout = 3000ms (default)
2023-11-03 16:43:27,656 [eb78666f-144a-4911-8bcc-69658dd2d46c@group-A0A34EE47E4A-LeaderElection14] INFO  server.RaftServerConfigKeys (ConfUtils.java:logGet(46)) - raft.server.log.appender.install.snapshot.enabled = false (custom)
2023-11-03 16:43:27,656 [eb78666f-144a-4911-8bcc-69658dd2d46c@group-A0A34EE47E4A-LeaderElection14] INFO  grpc.GrpcConfigKeys (ConfUtils.java:logGet(46)) - raft.grpc.server.heartbeat.channel = true (default)
2023-11-03 16:43:27,656 [eb78666f-144a-4911-8bcc-69658dd2d46c@group-A0A34EE47E4A-LeaderElection14] INFO  impl.RoleInfo (RoleInfo.java:updateAndGet(139)) - eb78666f-144a-4911-8bcc-69658dd2d46c: start eb78666f-144a-4911-8bcc-69658dd2d46c@group-A0A34EE47E4A-LeaderStateImpl
2023-11-03 16:43:27,656 [eb78666f-144a-4911-8bcc-69658dd2d46c@group-A0A34EE47E4A-LeaderElection14] INFO  segmented.SegmentedRaftLogWorker (SegmentedRaftLogWorker.java:startLogSegment(447)) - eb78666f-144a-4911-8bcc-69658dd2d46c@group-A0A34EE47E4A-SegmentedRaftLogWorker: Starting segment from index:0
2023-11-03 16:43:27,658 [eb78666f-144a-4911-8bcc-69658dd2d46c@group-A0A34EE47E4A-SegmentedRaftLogWorker] INFO  segmented.SegmentedRaftLogWorker (SegmentedRaftLogWorker.java:execute(651)) - eb78666f-144a-4911-8bcc-69658dd2d46c@group-A0A34EE47E4A-SegmentedRaftLogWorker: created new log segment /home/runner/work/ozone/ozone/hadoop-ozone/integration-test/target/test-dir/MiniOzoneClusterImpl-70a21a17-ad3a-436a-8bc3-9a5217c2e4a5/datanode-1/data/ratis/3aefa9d0-9cb2-4c59-875a-a0a34ee47e4a/current/log_inprogress_0
2023-11-03 16:43:27,666 [eb78666f-144a-4911-8bcc-69658dd2d46c@group-A0A34EE47E4A-LeaderElection14] INFO  server.RaftServer$Division (ServerState.java:setRaftConf(434)) - eb78666f-144a-4911-8bcc-69658dd2d46c@group-A0A34EE47E4A: set configuration 0: peers:[349d905f-d502-4286-9c03-ebe0308a99ac|rpc:10.1.0.19:15085|admin:10.1.0.19:15084|client:10.1.0.19:15083|dataStream:10.1.0.19:15086|priority:0|startupRole:FOLLOWER, 0f26992e-6b31-4649-88a0-952aab043ba5|rpc:10.1.0.19:15067|admin:10.1.0.19:15066|client:10.1.0.19:15065|dataStream:10.1.0.19:15068|priority:0|startupRole:FOLLOWER, eb78666f-144a-4911-8bcc-69658dd2d46c|rpc:10.1.0.19:15076|admin:10.1.0.19:15075|client:10.1.0.19:15074|dataStream:10.1.0.19:15077|priority:1|startupRole:FOLLOWER]|listeners:[], old=null
2023-11-03 16:43:27,666 [grpc-default-executor-0] INFO  server.RaftServer$Division (RaftServerImpl.java:requestVote(1302)) - 0f26992e-6b31-4649-88a0-952aab043ba5@group-A0A34EE47E4A: receive requestVote(ELECTION, eb78666f-144a-4911-8bcc-69658dd2d46c, group-A0A34EE47E4A, 1, (t:0, i:0))
2023-11-03 16:43:27,666 [grpc-default-executor-0] INFO  impl.VoteContext (VoteContext.java:log(49)) - 0f26992e-6b31-4649-88a0-952aab043ba5@group-A0A34EE47E4A-FOLLOWER: accept ELECTION from eb78666f-144a-4911-8bcc-69658dd2d46c: our priority 0 <= candidate's priority 1
2023-11-03 16:43:27,666 [grpc-default-executor-0] INFO  server.RaftServer$Division (RaftServerImpl.java:setRole(329)) - 0f26992e-6b31-4649-88a0-952aab043ba5@group-A0A34EE47E4A: changes role from  FOLLOWER to FOLLOWER at term 1 for candidate:eb78666f-144a-4911-8bcc-69658dd2d46c
2023-11-03 16:43:27,666 [grpc-default-executor-0] INFO  impl.RoleInfo (RoleInfo.java:shutdownFollowerState(110)) - 0f26992e-6b31-4649-88a0-952aab043ba5: shutdown 0f26992e-6b31-4649-88a0-952aab043ba5@group-A0A34EE47E4A-FollowerState
2023-11-03 16:43:27,667 [0f26992e-6b31-4649-88a0-952aab043ba5@group-A0A34EE47E4A-FollowerState] INFO  impl.FollowerState (FollowerState.java:run(152)) - 0f26992e-6b31-4649-88a0-952aab043ba5@group-A0A34EE47E4A-FollowerState was interrupted
2023-11-03 16:43:27,674 [349d905f-d502-4286-9c03-ebe0308a99ac-server-thread1] INFO  ratis.XceiverServerRatis (XceiverServerRatis.java:handleLeaderChangedNotification(903)) - Leader change notification received for group: group-A0A34EE47E4A with new leaderId: eb78666f-144a-4911-8bcc-69658dd2d46c
2023-11-03 16:43:27,674 [349d905f-d502-4286-9c03-ebe0308a99ac-server-thread1] INFO  server.RaftServer$Division (ServerState.java:setLeader(317)) - 349d905f-d502-4286-9c03-ebe0308a99ac@group-A0A34EE47E4A: change Leader from null to eb78666f-144a-4911-8bcc-69658dd2d46c at term 1 for appendEntries, leader elected after 5252ms
2023-11-03 16:43:27,679 [grpc-default-executor-0] INFO  impl.RoleInfo (RoleInfo.java:updateAndGet(139)) - 0f26992e-6b31-4649-88a0-952aab043ba5: start 0f26992e-6b31-4649-88a0-952aab043ba5@group-A0A34EE47E4A-FollowerState
2023-11-03 16:43:27,683 [349d905f-d502-4286-9c03-ebe0308a99ac-server-thread1] INFO  server.RaftServer$Division (ServerState.java:setRaftConf(434)) - 349d905f-d502-4286-9c03-ebe0308a99ac@group-A0A34EE47E4A: set configuration 0: peers:[349d905f-d502-4286-9c03-ebe0308a99ac|rpc:10.1.0.19:15085|admin:10.1.0.19:15084|client:10.1.0.19:15083|dataStream:10.1.0.19:15086|priority:0|startupRole:FOLLOWER, 0f26992e-6b31-4649-88a0-952aab043ba5|rpc:10.1.0.19:15067|admin:10.1.0.19:15066|client:10.1.0.19:15065|dataStream:10.1.0.19:15068|priority:0|startupRole:FOLLOWER, eb78666f-144a-4911-8bcc-69658dd2d46c|rpc:10.1.0.19:15076|admin:10.1.0.19:15075|client:10.1.0.19:15074|dataStream:10.1.0.19:15077|priority:1|startupRole:FOLLOWER]|listeners:[], old=null
2023-11-03 16:43:27,683 [349d905f-d502-4286-9c03-ebe0308a99ac-server-thread1] INFO  segmented.SegmentedRaftLogWorker (SegmentedRaftLogWorker.java:startLogSegment(447)) - 349d905f-d502-4286-9c03-ebe0308a99ac@group-A0A34EE47E4A-SegmentedRaftLogWorker: Starting segment from index:0
2023-11-03 16:43:27,694 [349d905f-d502-4286-9c03-ebe0308a99ac@group-3563DA8A239E-FollowerState] INFO  impl.FollowerState (FollowerState.java:run(143)) - 349d905f-d502-4286-9c03-ebe0308a99ac@group-3563DA8A239E-FollowerState: change to CANDIDATE, lastRpcElapsedTime:5170161207ns, electionTimeout:5168ms
2023-11-03 16:43:27,694 [349d905f-d502-4286-9c03-ebe0308a99ac@group-3563DA8A239E-FollowerState] INFO  impl.RoleInfo (RoleInfo.java:shutdownFollowerState(110)) - 349d905f-d502-4286-9c03-ebe0308a99ac: shutdown 349d905f-d502-4286-9c03-ebe0308a99ac@group-3563DA8A239E-FollowerState
2023-11-03 16:43:27,694 [349d905f-d502-4286-9c03-ebe0308a99ac@group-3563DA8A239E-FollowerState] INFO  server.RaftServer$Division (RaftServerImpl.java:setRole(329)) - 349d905f-d502-4286-9c03-ebe0308a99ac@group-3563DA8A239E: changes role from  FOLLOWER to CANDIDATE at term 0 for changeToCandidate
2023-11-03 16:43:27,695 [grpc-default-executor-0] INFO  server.RaftServer$Division (RaftServerImpl.java:requestVote(1335)) - 0f26992e-6b31-4649-88a0-952aab043ba5@group-A0A34EE47E4A replies to ELECTION vote request: eb78666f-144a-4911-8bcc-69658dd2d46c<-0f26992e-6b31-4649-88a0-952aab043ba5#0:OK-t1. Peer's state: 0f26992e-6b31-4649-88a0-952aab043ba5@group-A0A34EE47E4A:t1, leader=null, voted=eb78666f-144a-4911-8bcc-69658dd2d46c, raftlog=Memoized:0f26992e-6b31-4649-88a0-952aab043ba5@group-A0A34EE47E4A-SegmentedRaftLog:OPENED:c-1, conf=-1: peers:[349d905f-d502-4286-9c03-ebe0308a99ac|rpc:10.1.0.19:15085|admin:10.1.0.19:15084|client:10.1.0.19:15083|dataStream:10.1.0.19:15086|priority:0|startupRole:FOLLOWER, 0f26992e-6b31-4649-88a0-952aab043ba5|rpc:10.1.0.19:15067|admin:10.1.0.19:15066|client:10.1.0.19:15065|dataStream:10.1.0.19:15068|priority:0|startupRole:FOLLOWER, eb78666f-144a-4911-8bcc-69658dd2d46c|rpc:10.1.0.19:15076|admin:10.1.0.19:15075|client:10.1.0.19:15074|dataStream:10.1.0.19:15077|priority:1|startupRole:FOLLOWER]|listeners:[], old=null
2023-11-03 16:43:27,696 [0f26992e-6b31-4649-88a0-952aab043ba5-server-thread1] INFO  ratis.XceiverServerRatis (XceiverServerRatis.java:handleLeaderChangedNotification(903)) - Leader change notification received for group: group-A0A34EE47E4A with new leaderId: eb78666f-144a-4911-8bcc-69658dd2d46c
2023-11-03 16:43:27,696 [0f26992e-6b31-4649-88a0-952aab043ba5-server-thread1] INFO  server.RaftServer$Division (ServerState.java:setLeader(317)) - 0f26992e-6b31-4649-88a0-952aab043ba5@group-A0A34EE47E4A: change Leader from null to eb78666f-144a-4911-8bcc-69658dd2d46c at term 1 for appendEntries, leader elected after 5455ms
2023-11-03 16:43:27,696 [349d905f-d502-4286-9c03-ebe0308a99ac@group-A0A34EE47E4A-SegmentedRaftLogWorker] INFO  segmented.SegmentedRaftLogWorker (SegmentedRaftLogWorker.java:execute(651)) - 349d905f-d502-4286-9c03-ebe0308a99ac@group-A0A34EE47E4A-SegmentedRaftLogWorker: created new log segment /home/runner/work/ozone/ozone/hadoop-ozone/integration-test/target/test-dir/MiniOzoneClusterImpl-70a21a17-ad3a-436a-8bc3-9a5217c2e4a5/datanode-2/data/ratis/3aefa9d0-9cb2-4c59-875a-a0a34ee47e4a/current/log_inprogress_0
2023-11-03 16:43:27,698 [349d905f-d502-4286-9c03-ebe0308a99ac@group-3563DA8A239E-FollowerState] INFO  server.RaftServerConfigKeys (ConfUtils.java:logGet(46)) - raft.server.leaderelection.pre-vote = true (default)
2023-11-03 16:43:27,702 [0f26992e-6b31-4649-88a0-952aab043ba5-server-thread3] INFO  server.RaftServer$Division (ServerState.java:setRaftConf(434)) - 0f26992e-6b31-4649-88a0-952aab043ba5@group-A0A34EE47E4A: set configuration 0: peers:[349d905f-d502-4286-9c03-ebe0308a99ac|rpc:10.1.0.19:15085|admin:10.1.0.19:15084|client:10.1.0.19:15083|dataStream:10.1.0.19:15086|priority:0|startupRole:FOLLOWER, 0f26992e-6b31-4649-88a0-952aab043ba5|rpc:10.1.0.19:15067|admin:10.1.0.19:15066|client:10.1.0.19:15065|dataStream:10.1.0.19:15068|priority:0|startupRole:FOLLOWER, eb78666f-144a-4911-8bcc-69658dd2d46c|rpc:10.1.0.19:15076|admin:10.1.0.19:15075|client:10.1.0.19:15074|dataStream:10.1.0.19:15077|priority:1|startupRole:FOLLOWER]|listeners:[], old=null
2023-11-03 16:43:27,702 [349d905f-d502-4286-9c03-ebe0308a99ac@group-3563DA8A239E-FollowerState] INFO  impl.RoleInfo (RoleInfo.java:updateAndGet(139)) - 349d905f-d502-4286-9c03-ebe0308a99ac: start 349d905f-d502-4286-9c03-ebe0308a99ac@group-3563DA8A239E-LeaderElection16
2023-11-03 16:43:27,702 [0f26992e-6b31-4649-88a0-952aab043ba5-server-thread3] INFO  segmented.SegmentedRaftLogWorker (SegmentedRaftLogWorker.java:startLogSegment(447)) - 0f26992e-6b31-4649-88a0-952aab043ba5@group-A0A34EE47E4A-SegmentedRaftLogWorker: Starting segment from index:0
2023-11-03 16:43:27,704 [349d905f-d502-4286-9c03-ebe0308a99ac@group-3563DA8A239E-LeaderElection16] INFO  impl.LeaderElection (LeaderElection.java:askForVotes(321)) - 349d905f-d502-4286-9c03-ebe0308a99ac@group-3563DA8A239E-LeaderElection16 PRE_VOTE round 0: submit vote requests at term 0 for -1: peers:[349d905f-d502-4286-9c03-ebe0308a99ac|rpc:10.1.0.19:15085|admin:10.1.0.19:15084|client:10.1.0.19:15083|dataStream:10.1.0.19:15086|priority:1|startupRole:FOLLOWER]|listeners:[], old=null
2023-11-03 16:43:27,704 [349d905f-d502-4286-9c03-ebe0308a99ac@group-3563DA8A239E-LeaderElection16] INFO  impl.LeaderElection (LeaderElection.java:askForVotes(323)) - 349d905f-d502-4286-9c03-ebe0308a99ac@group-3563DA8A239E-LeaderElection16 PRE_VOTE round 0: result PASSED (term=0)
2023-11-03 16:43:27,706 [349d905f-d502-4286-9c03-ebe0308a99ac@group-3563DA8A239E-LeaderElection16] INFO  impl.LeaderElection (LeaderElection.java:askForVotes(321)) - 349d905f-d502-4286-9c03-ebe0308a99ac@group-3563DA8A239E-LeaderElection16 ELECTION round 0: submit vote requests at term 1 for -1: peers:[349d905f-d502-4286-9c03-ebe0308a99ac|rpc:10.1.0.19:15085|admin:10.1.0.19:15084|client:10.1.0.19:15083|dataStream:10.1.0.19:15086|priority:1|startupRole:FOLLOWER]|listeners:[], old=null
2023-11-03 16:43:27,706 [349d905f-d502-4286-9c03-ebe0308a99ac@group-3563DA8A239E-LeaderElection16] INFO  impl.LeaderElection (LeaderElection.java:askForVotes(323)) - 349d905f-d502-4286-9c03-ebe0308a99ac@group-3563DA8A239E-LeaderElection16 ELECTION round 0: result PASSED (term=1)
2023-11-03 16:43:27,706 [349d905f-d502-4286-9c03-ebe0308a99ac@group-3563DA8A239E-LeaderElection16] INFO  impl.RoleInfo (RoleInfo.java:shutdownLeaderElection(130)) - 349d905f-d502-4286-9c03-ebe0308a99ac: shutdown 349d905f-d502-4286-9c03-ebe0308a99ac@group-3563DA8A239E-LeaderElection16
2023-11-03 16:43:27,706 [349d905f-d502-4286-9c03-ebe0308a99ac@group-3563DA8A239E-LeaderElection16] INFO  server.RaftServer$Division (RaftServerImpl.java:setRole(329)) - 349d905f-d502-4286-9c03-ebe0308a99ac@group-3563DA8A239E: changes role from CANDIDATE to LEADER at term 1 for changeToLeader
2023-11-03 16:43:27,706 [349d905f-d502-4286-9c03-ebe0308a99ac@group-3563DA8A239E-LeaderElection16] INFO  ratis.XceiverServerRatis (XceiverServerRatis.java:handleLeaderChangedNotification(903)) - Leader change notification received for group: group-3563DA8A239E with new leaderId: 349d905f-d502-4286-9c03-ebe0308a99ac
2023-11-03 16:43:27,706 [349d905f-d502-4286-9c03-ebe0308a99ac@group-3563DA8A239E-LeaderElection16] INFO  server.RaftServer$Division (ServerState.java:setLeader(317)) - 349d905f-d502-4286-9c03-ebe0308a99ac@group-3563DA8A239E: change Leader from null to 349d905f-d502-4286-9c03-ebe0308a99ac at term 1 for becomeLeader, leader elected after 5232ms
2023-11-03 16:43:27,706 [349d905f-d502-4286-9c03-ebe0308a99ac@group-3563DA8A239E-LeaderElection16] INFO  server.RaftServerConfigKeys (ConfUtils.java:logGet(46)) - raft.server.staging.catchup.gap = 1000 (default)
2023-11-03 16:43:27,707 [349d905f-d502-4286-9c03-ebe0308a99ac@group-3563DA8A239E-LeaderElection16] INFO  server.RaftServerConfigKeys (ConfUtils.java:logGet(46)) - raft.server.write.element-limit = 1024 (custom)
2023-11-03 16:43:27,707 [349d905f-d502-4286-9c03-ebe0308a99ac@group-3563DA8A239E-LeaderElection16] INFO  server.RaftServerConfigKeys (ConfUtils.java:logGet(46)) - raft.server.write.byte-limit = 1024 M (=1073741824) (custom)
2023-11-03 16:43:27,707 [349d905f-d502-4286-9c03-ebe0308a99ac@group-3563DA8A239E-LeaderElection16] INFO  server.RaftServerConfigKeys (ConfUtils.java:logGet(46)) - raft.server.watch.timeout = 180s (custom)
2023-11-03 16:43:27,707 [349d905f-d502-4286-9c03-ebe0308a99ac@group-3563DA8A239E-LeaderElection16] INFO  server.RaftServerConfigKeys (ConfUtils.java:logGet(46)) - raft.server.watch.timeout.denomination = 1s (default)
2023-11-03 16:43:27,707 [349d905f-d502-4286-9c03-ebe0308a99ac@group-3563DA8A239E-LeaderElection16] INFO  server.RaftServerConfigKeys (ConfUtils.java:logGet(46)) - raft.server.watch.element-limit = 65536 (default)
2023-11-03 16:43:27,707 [349d905f-d502-4286-9c03-ebe0308a99ac@group-3563DA8A239E-LeaderElection16] INFO  server.RaftServerConfigKeys (ConfUtils.java:logGet(46)) - raft.server.write.element-limit = 1024 (custom)
2023-11-03 16:43:27,707 [349d905f-d502-4286-9c03-ebe0308a99ac@group-3563DA8A239E-LeaderElection16] INFO  server.RaftServerConfigKeys (ConfUtils.java:logGet(46)) - raft.server.write.follower.gap.ratio.max = -1.0 (default)
2023-11-03 16:43:27,707 [349d905f-d502-4286-9c03-ebe0308a99ac@group-3563DA8A239E-LeaderElection16] INFO  impl.RoleInfo (RoleInfo.java:updateAndGet(139)) - 349d905f-d502-4286-9c03-ebe0308a99ac: start 349d905f-d502-4286-9c03-ebe0308a99ac@group-3563DA8A239E-LeaderStateImpl
2023-11-03 16:43:27,707 [349d905f-d502-4286-9c03-ebe0308a99ac@group-3563DA8A239E-LeaderElection16] INFO  segmented.SegmentedRaftLogWorker (SegmentedRaftLogWorker.java:startLogSegment(447)) - 349d905f-d502-4286-9c03-ebe0308a99ac@group-3563DA8A239E-SegmentedRaftLogWorker: Starting segment from index:0
2023-11-03 16:43:27,709 [349d905f-d502-4286-9c03-ebe0308a99ac@group-3563DA8A239E-LeaderElection16] INFO  server.RaftServer$Division (ServerState.java:setRaftConf(434)) - 349d905f-d502-4286-9c03-ebe0308a99ac@group-3563DA8A239E: set configuration 0: peers:[349d905f-d502-4286-9c03-ebe0308a99ac|rpc:10.1.0.19:15085|admin:10.1.0.19:15084|client:10.1.0.19:15083|dataStream:10.1.0.19:15086|priority:1|startupRole:FOLLOWER]|listeners:[], old=null
2023-11-03 16:43:27,710 [349d905f-d502-4286-9c03-ebe0308a99ac@group-3563DA8A239E-SegmentedRaftLogWorker] INFO  segmented.SegmentedRaftLogWorker (SegmentedRaftLogWorker.java:execute(651)) - 349d905f-d502-4286-9c03-ebe0308a99ac@group-3563DA8A239E-SegmentedRaftLogWorker: created new log segment /home/runner/work/ozone/ozone/hadoop-ozone/integration-test/target/test-dir/MiniOzoneClusterImpl-70a21a17-ad3a-436a-8bc3-9a5217c2e4a5/datanode-2/data/ratis/dd63a22c-dc24-4d19-9bcf-3563da8a239e/current/log_inprogress_0
2023-11-03 16:43:27,711 [0f26992e-6b31-4649-88a0-952aab043ba5@group-A0A34EE47E4A-SegmentedRaftLogWorker] INFO  segmented.SegmentedRaftLogWorker (SegmentedRaftLogWorker.java:execute(651)) - 0f26992e-6b31-4649-88a0-952aab043ba5@group-A0A34EE47E4A-SegmentedRaftLogWorker: created new log segment /home/runner/work/ozone/ozone/hadoop-ozone/integration-test/target/test-dir/MiniOzoneClusterImpl-70a21a17-ad3a-436a-8bc3-9a5217c2e4a5/datanode-0/data/ratis/3aefa9d0-9cb2-4c59-875a-a0a34ee47e4a/current/log_inprogress_0
2023-11-03 16:43:27,822 [dd2982df-a250-4a7e-97ea-3bf70e3641e6@group-D0D852086352-FollowerState] INFO  impl.FollowerState (FollowerState.java:run(143)) - dd2982df-a250-4a7e-97ea-3bf70e3641e6@group-D0D852086352-FollowerState: change to CANDIDATE, lastRpcElapsedTime:5147965952ns, electionTimeout:5147ms
2023-11-03 16:43:27,822 [dd2982df-a250-4a7e-97ea-3bf70e3641e6@group-D0D852086352-FollowerState] INFO  impl.RoleInfo (RoleInfo.java:shutdownFollowerState(110)) - dd2982df-a250-4a7e-97ea-3bf70e3641e6: shutdown dd2982df-a250-4a7e-97ea-3bf70e3641e6@group-D0D852086352-FollowerState
2023-11-03 16:43:27,822 [dd2982df-a250-4a7e-97ea-3bf70e3641e6@group-D0D852086352-FollowerState] INFO  server.RaftServer$Division (RaftServerImpl.java:setRole(329)) - dd2982df-a250-4a7e-97ea-3bf70e3641e6@group-D0D852086352: changes role from  FOLLOWER to CANDIDATE at term 0 for changeToCandidate
2023-11-03 16:43:27,822 [dd2982df-a250-4a7e-97ea-3bf70e3641e6@group-D0D852086352-FollowerState] INFO  server.RaftServerConfigKeys (ConfUtils.java:logGet(46)) - raft.server.leaderelection.pre-vote = true (default)
2023-11-03 16:43:27,822 [dd2982df-a250-4a7e-97ea-3bf70e3641e6@group-D0D852086352-FollowerState] INFO  impl.RoleInfo (RoleInfo.java:updateAndGet(139)) - dd2982df-a250-4a7e-97ea-3bf70e3641e6: start dd2982df-a250-4a7e-97ea-3bf70e3641e6@group-D0D852086352-LeaderElection17
2023-11-03 16:43:27,824 [dd2982df-a250-4a7e-97ea-3bf70e3641e6@group-D0D852086352-LeaderElection17] INFO  impl.LeaderElection (LeaderElection.java:askForVotes(321)) - dd2982df-a250-4a7e-97ea-3bf70e3641e6@group-D0D852086352-LeaderElection17 PRE_VOTE round 0: submit vote requests at term 0 for -1: peers:[dd2982df-a250-4a7e-97ea-3bf70e3641e6|rpc:10.1.0.19:15094|admin:10.1.0.19:15093|client:10.1.0.19:15092|dataStream:10.1.0.19:15095|priority:1|startupRole:FOLLOWER]|listeners:[], old=null
2023-11-03 16:43:27,824 [dd2982df-a250-4a7e-97ea-3bf70e3641e6@group-D0D852086352-LeaderElection17] INFO  impl.LeaderElection (LeaderElection.java:askForVotes(323)) - dd2982df-a250-4a7e-97ea-3bf70e3641e6@group-D0D852086352-LeaderElection17 PRE_VOTE round 0: result PASSED (term=0)
2023-11-03 16:43:27,826 [dd2982df-a250-4a7e-97ea-3bf70e3641e6@group-D0D852086352-LeaderElection17] INFO  impl.LeaderElection (LeaderElection.java:askForVotes(321)) - dd2982df-a250-4a7e-97ea-3bf70e3641e6@group-D0D852086352-LeaderElection17 ELECTION round 0: submit vote requests at term 1 for -1: peers:[dd2982df-a250-4a7e-97ea-3bf70e3641e6|rpc:10.1.0.19:15094|admin:10.1.0.19:15093|client:10.1.0.19:15092|dataStream:10.1.0.19:15095|priority:1|startupRole:FOLLOWER]|listeners:[], old=null
2023-11-03 16:43:27,826 [dd2982df-a250-4a7e-97ea-3bf70e3641e6@group-D0D852086352-LeaderElection17] INFO  impl.LeaderElection (LeaderElection.java:askForVotes(323)) - dd2982df-a250-4a7e-97ea-3bf70e3641e6@group-D0D852086352-LeaderElection17 ELECTION round 0: result PASSED (term=1)
2023-11-03 16:43:27,826 [dd2982df-a250-4a7e-97ea-3bf70e3641e6@group-D0D852086352-LeaderElection17] INFO  impl.RoleInfo (RoleInfo.java:shutdownLeaderElection(130)) - dd2982df-a250-4a7e-97ea-3bf70e3641e6: shutdown dd2982df-a250-4a7e-97ea-3bf70e3641e6@group-D0D852086352-LeaderElection17
2023-11-03 16:43:27,826 [dd2982df-a250-4a7e-97ea-3bf70e3641e6@group-D0D852086352-LeaderElection17] INFO  server.RaftServer$Division (RaftServerImpl.java:setRole(329)) - dd2982df-a250-4a7e-97ea-3bf70e3641e6@group-D0D852086352: changes role from CANDIDATE to LEADER at term 1 for changeToLeader
2023-11-03 16:43:27,826 [dd2982df-a250-4a7e-97ea-3bf70e3641e6@group-D0D852086352-LeaderElection17] INFO  ratis.XceiverServerRatis (XceiverServerRatis.java:handleLeaderChangedNotification(903)) - Leader change notification received for group: group-D0D852086352 with new leaderId: dd2982df-a250-4a7e-97ea-3bf70e3641e6
2023-11-03 16:43:27,826 [dd2982df-a250-4a7e-97ea-3bf70e3641e6@group-D0D852086352-LeaderElection17] INFO  server.RaftServer$Division (ServerState.java:setLeader(317)) - dd2982df-a250-4a7e-97ea-3bf70e3641e6@group-D0D852086352: change Leader from null to dd2982df-a250-4a7e-97ea-3bf70e3641e6 at term 1 for becomeLeader, leader elected after 5170ms
2023-11-03 16:43:27,826 [dd2982df-a250-4a7e-97ea-3bf70e3641e6@group-D0D852086352-LeaderElection17] INFO  server.RaftServerConfigKeys (ConfUtils.java:logGet(46)) - raft.server.staging.catchup.gap = 1000 (default)
2023-11-03 16:43:27,827 [dd2982df-a250-4a7e-97ea-3bf70e3641e6@group-D0D852086352-LeaderElection17] INFO  server.RaftServerConfigKeys (ConfUtils.java:logGet(46)) - raft.server.write.element-limit = 1024 (custom)
2023-11-03 16:43:27,827 [dd2982df-a250-4a7e-97ea-3bf70e3641e6@group-D0D852086352-LeaderElection17] INFO  server.RaftServerConfigKeys (ConfUtils.java:logGet(46)) - raft.server.write.byte-limit = 1024 M (=1073741824) (custom)
2023-11-03 16:43:27,827 [dd2982df-a250-4a7e-97ea-3bf70e3641e6@group-D0D852086352-LeaderElection17] INFO  server.RaftServerConfigKeys (ConfUtils.java:logGet(46)) - raft.server.watch.timeout = 180s (custom)
2023-11-03 16:43:27,828 [dd2982df-a250-4a7e-97ea-3bf70e3641e6@group-D0D852086352-LeaderElection17] INFO  server.RaftServerConfigKeys (ConfUtils.java:logGet(46)) - raft.server.watch.timeout.denomination = 1s (default)
2023-11-03 16:43:27,828 [dd2982df-a250-4a7e-97ea-3bf70e3641e6@group-D0D852086352-LeaderElection17] INFO  server.RaftServerConfigKeys (ConfUtils.java:logGet(46)) - raft.server.watch.element-limit = 65536 (default)
2023-11-03 16:43:27,828 [dd2982df-a250-4a7e-97ea-3bf70e3641e6@group-D0D852086352-LeaderElection17] INFO  server.RaftServerConfigKeys (ConfUtils.java:logGet(46)) - raft.server.write.element-limit = 1024 (custom)
2023-11-03 16:43:27,828 [dd2982df-a250-4a7e-97ea-3bf70e3641e6@group-D0D852086352-LeaderElection17] INFO  server.RaftServerConfigKeys (ConfUtils.java:logGet(46)) - raft.server.write.follower.gap.ratio.max = -1.0 (default)
2023-11-03 16:43:27,828 [dd2982df-a250-4a7e-97ea-3bf70e3641e6@group-D0D852086352-LeaderElection17] INFO  impl.RoleInfo (RoleInfo.java:updateAndGet(139)) - dd2982df-a250-4a7e-97ea-3bf70e3641e6: start dd2982df-a250-4a7e-97ea-3bf70e3641e6@group-D0D852086352-LeaderStateImpl
2023-11-03 16:43:27,828 [dd2982df-a250-4a7e-97ea-3bf70e3641e6@group-D0D852086352-LeaderElection17] INFO  segmented.SegmentedRaftLogWorker (SegmentedRaftLogWorker.java:startLogSegment(447)) - dd2982df-a250-4a7e-97ea-3bf70e3641e6@group-D0D852086352-SegmentedRaftLogWorker: Starting segment from index:0
2023-11-03 16:43:27,829 [dd2982df-a250-4a7e-97ea-3bf70e3641e6@group-D0D852086352-LeaderElection17] INFO  server.RaftServer$Division (ServerState.java:setRaftConf(434)) - dd2982df-a250-4a7e-97ea-3bf70e3641e6@group-D0D852086352: set configuration 0: peers:[dd2982df-a250-4a7e-97ea-3bf70e3641e6|rpc:10.1.0.19:15094|admin:10.1.0.19:15093|client:10.1.0.19:15092|dataStream:10.1.0.19:15095|priority:1|startupRole:FOLLOWER]|listeners:[], old=null
2023-11-03 16:43:27,830 [dd2982df-a250-4a7e-97ea-3bf70e3641e6@group-D0D852086352-SegmentedRaftLogWorker] INFO  segmented.SegmentedRaftLogWorker (SegmentedRaftLogWorker.java:execute(651)) - dd2982df-a250-4a7e-97ea-3bf70e3641e6@group-D0D852086352-SegmentedRaftLogWorker: created new log segment /home/runner/work/ozone/ozone/hadoop-ozone/integration-test/target/test-dir/MiniOzoneClusterImpl-70a21a17-ad3a-436a-8bc3-9a5217c2e4a5/datanode-3/data/ratis/e6f9569e-cc86-4677-83fb-d0d852086352/current/log_inprogress_0
2023-11-03 16:43:27,831 [main] INFO  ozone.MiniOzoneClusterImpl (MiniOzoneClusterImpl.java:lambda$waitForClusterToBeReady$0(229)) - Nodes are ready. Got 5 of 5 DN Heartbeats.
2023-11-03 16:43:27,831 [main] INFO  ozone.MiniOzoneClusterImpl (MiniOzoneClusterImpl.java:lambda$waitForClusterToBeReady$0(232)) - Cluster exits safe mode
2023-11-03 16:43:27,832 [main] INFO  ozone.MiniOzoneClusterImpl (MiniOzoneClusterImpl.java:lambda$waitForClusterToBeReady$0(234)) - SCM became leader
2023-11-03 16:43:27,866 [main] INFO  rpc.RpcClient (RpcClient.java:createVolume(461)) - Creating Volume: volume80570, with user24865 as owner and space quota set to -1 bytes, counts quota set to -1
2023-11-03 16:43:27,870 [IPC Server handler 1 on default port 15057] INFO  volume.OMVolumeCreateRequest (OMVolumeCreateRequest.java:validateAndUpdateCache(197)) - created volume:volume80570 for user:user24865
2023-11-03 16:43:27,876 [main] INFO  rpc.RpcClient (RpcClient.java:createBucket(688)) - Creating Bucket: volume80570/bucket63586, with bucket layout FILE_SYSTEM_OPTIMIZED, runner as owner, Versioning false, Storage Type set to DISK and Encryption set to false, Replication Type set to server-side default replication type, Namespace Quota set to -1, Space Quota set to -1 
2023-11-03 16:43:27,877 [IPC Server handler 4 on default port 15057] INFO  bucket.OMBucketCreateRequest (OMBucketCreateRequest.java:validateAndUpdateCache(271)) - created bucket: bucket63586 of layout FILE_SYSTEM_OPTIMIZED in volume: volume80570
2023-11-03 16:43:27,915 [Time-limited test] INFO  ozone.TestOzoneFileSystemWithFSO (TestOzoneFileSystemWithFSO.java:testRenameDirToItsOwnSubDir(294)) - Created dir1 o3fs://bucket63586.volume80570/root/dir1/sub_dir1
2023-11-03 16:43:27,915 [Time-limited test] INFO  ozone.TestOzoneFileSystemWithFSO (TestOzoneFileSystemWithFSO.java:testRenameDirToItsOwnSubDir(297)) - Rename op-> source:o3fs://bucket63586.volume80570/root to destin:o3fs://bucket63586.volume80570/root/dir1/sub_dir1
16:43:27.919 [IPC Server handler 13 on default port 15057] ERROR OMAudit - user=runner | ip=127.0.0.1 | op=RENAME_KEY {volume=volume80570, bucket=bucket63586, dataSize=0, replicationType=NONE, replicationFactor=ZERO, srcKey=root, dstKey=root/dir1/sub_dir1} | ret=FAILURE
org.apache.hadoop.ozone.om.exceptions.OMException: Cannot rename a directory to its own subdirectory
	at org.apache.hadoop.ozone.om.request.file.OMFileRequest.verifyToDirIsASubDirOfFromDirectory(OMFileRequest.java:783) ~[ozone-manager-1.4.0-SNAPSHOT.jar:?]
	at org.apache.hadoop.ozone.om.request.key.OMKeyRenameRequestWithFSO.validateAndUpdateCache(OMKeyRenameRequestWithFSO.java:160) ~[ozone-manager-1.4.0-SNAPSHOT.jar:?]
	at org.apache.hadoop.ozone.protocolPB.OzoneManagerRequestHandler.lambda$0(OzoneManagerRequestHandler.java:390) ~[ozone-manager-1.4.0-SNAPSHOT.jar:?]
	at org.apache.hadoop.util.MetricUtil.captureLatencyNs(MetricUtil.java:39) ~[hdds-common-1.4.0-SNAPSHOT.jar:?]
	at org.apache.hadoop.ozone.protocolPB.OzoneManagerRequestHandler.handleWriteRequest(OzoneManagerRequestHandler.java:388) ~[ozone-manager-1.4.0-SNAPSHOT.jar:?]
	at org.apache.hadoop.ozone.protocolPB.OzoneManagerProtocolServerSideTranslatorPB.submitRequestDirectlyToOM(OzoneManagerProtocolServerSideTranslatorPB.java:296) ~[ozone-manager-1.4.0-SNAPSHOT.jar:?]
	at org.apache.hadoop.ozone.protocolPB.OzoneManagerProtocolServerSideTranslatorPB.processRequest(OzoneManagerProtocolServerSideTranslatorPB.java:182) ~[ozone-manager-1.4.0-SNAPSHOT.jar:?]
	at org.apache.hadoop.hdds.server.OzoneProtocolMessageDispatcher.processRequest(OzoneProtocolMessageDispatcher.java:89) [hdds-server-framework-1.4.0-SNAPSHOT.jar:?]
	at org.apache.hadoop.ozone.protocolPB.OzoneManagerProtocolServerSideTranslatorPB.submitRequest(OzoneManagerProtocolServerSideTranslatorPB.java:157) [ozone-manager-1.4.0-SNAPSHOT.jar:?]
	at org.apache.hadoop.ozone.protocol.proto.OzoneManagerProtocolProtos$OzoneManagerService$2.callBlockingMethod(OzoneManagerProtocolProtos.java) [ozone-interface-client-1.4.0-SNAPSHOT.jar:?]
	at org.apache.hadoop.ipc.ProtobufRpcEngine$Server.processCall(ProtobufRpcEngine.java:484) [hadoop-common-3.3.6.jar:?]
	at org.apache.hadoop.ipc.ProtobufRpcEngine2$Server$ProtoBufRpcInvoker.call(ProtobufRpcEngine2.java:595) [hadoop-common-3.3.6.jar:?]
	at org.apache.hadoop.ipc.ProtobufRpcEngine2$Server$ProtoBufRpcInvoker.call(ProtobufRpcEngine2.java:573) [hadoop-common-3.3.6.jar:?]
	at org.apache.hadoop.ipc.RPC$Server.call(RPC.java:1227) [hadoop-common-3.3.6.jar:?]
	at org.apache.hadoop.ipc.Server$RpcCall.run(Server.java:1094) [hadoop-common-3.3.6.jar:?]
	at org.apache.hadoop.ipc.Server$RpcCall.run(Server.java:1017) [hadoop-common-3.3.6.jar:?]
	at java.security.AccessController.doPrivileged(Native Method) ~[?:1.8.0_382]
	at javax.security.auth.Subject.doAs(Subject.java:422) [?:1.8.0_382]
	at org.apache.hadoop.security.UserGroupInformation.doAs(UserGroupInformation.java:1899) [hadoop-common-3.3.6.jar:?]
	at org.apache.hadoop.ipc.Server$Handler.run(Server.java:3048) [hadoop-common-3.3.6.jar:?]
2023-11-03 16:43:27,919 [IPC Server handler 13 on default port 15057] ERROR key.OMKeyRenameRequestWithFSO (OMKeyRenameRequestWithFSO.java:validateAndUpdateCache(251)) - Rename key failed for volume:volume80570 bucket:bucket63586 fromKey:root toKey:root/dir1/sub_dir1. Exception: Cannot rename a directory to its own subdirectory.
2023-11-03 16:43:27,921 [Time-limited test] ERROR ozone.BasicOzoneFileSystem (BasicOzoneFileSystem.java:renameFSO(496)) - rename key failed: Cannot rename a directory to its own subdirectory. Error code: KEY_RENAME_ERROR source:root, destin:root/dir1/sub_dir1
]]></system-out>
  </testcase>
  <testcase name="testLeaseRecoverable" classname="TestOzoneFileSystemWithFSO" time="1.096">
    <system-out><![CDATA[2023-11-03 16:42:52,033 [IPC Server handler 19 on default port 15001] INFO  ha.SequenceIdGenerator (SequenceIdGenerator.java:getNextId(145)) - Allocate a batch for containerId, change lastId from 0 to 1000.
2023-11-03 16:42:52,043 [IPC Server handler 19 on default port 15001] WARN  ha.SequenceIdGenerator (SequenceIdGenerator.java:allocateBatch(258)) - Failed to allocate a batch for localId, expected lastId is 0, actual lastId is 111677748019200000.
2023-11-03 16:42:52,044 [IPC Server handler 19 on default port 15001] INFO  ha.SequenceIdGenerator (SequenceIdGenerator.java:getNextId(145)) - Allocate a batch for localId, change lastId from 111677748019200000 to 111677748019201000.
16:42:52.100 [IPC Server handler 1 on default port 15004] ERROR OMAudit - user=runner | ip=127.0.0.1 | op=GET_FILE_STATUS {volume=volume13981, bucket=bucket57402, key=d1/d2/file1, dataSize=0, replicationConfig=null} | ret=FAILURE
org.apache.hadoop.ozone.om.exceptions.OMException: Unable to get file status: volume: volume13981 bucket: bucket57402 key: d1/d2/file1
	at org.apache.hadoop.ozone.om.KeyManagerImpl.getOzoneFileStatusFSO(KeyManagerImpl.java:1359) ~[ozone-manager-1.4.0-SNAPSHOT.jar:?]
	at org.apache.hadoop.ozone.om.KeyManagerImpl.getFileStatus(KeyManagerImpl.java:1143) ~[ozone-manager-1.4.0-SNAPSHOT.jar:?]
	at org.apache.hadoop.ozone.om.OmMetadataReader.getFileStatus(OmMetadataReader.java:279) ~[ozone-manager-1.4.0-SNAPSHOT.jar:?]
	at org.apache.hadoop.ozone.om.OzoneManager.getFileStatus(OzoneManager.java:3611) ~[ozone-manager-1.4.0-SNAPSHOT.jar:?]
	at org.apache.hadoop.ozone.protocolPB.OzoneManagerRequestHandler.getOzoneFileStatus(OzoneManagerRequestHandler.java:1005) ~[ozone-manager-1.4.0-SNAPSHOT.jar:?]
	at org.apache.hadoop.ozone.protocolPB.OzoneManagerRequestHandler.handleReadRequest(OzoneManagerRequestHandler.java:262) ~[ozone-manager-1.4.0-SNAPSHOT.jar:?]
	at org.apache.hadoop.ozone.protocolPB.OzoneManagerProtocolServerSideTranslatorPB.submitReadRequestToOM(OzoneManagerProtocolServerSideTranslatorPB.java:241) ~[ozone-manager-1.4.0-SNAPSHOT.jar:?]
	at org.apache.hadoop.ozone.protocolPB.OzoneManagerProtocolServerSideTranslatorPB.processRequest(OzoneManagerProtocolServerSideTranslatorPB.java:186) ~[ozone-manager-1.4.0-SNAPSHOT.jar:?]
	at org.apache.hadoop.hdds.server.OzoneProtocolMessageDispatcher.processRequest(OzoneProtocolMessageDispatcher.java:89) [hdds-server-framework-1.4.0-SNAPSHOT.jar:?]
	at org.apache.hadoop.ozone.protocolPB.OzoneManagerProtocolServerSideTranslatorPB.submitRequest(OzoneManagerProtocolServerSideTranslatorPB.java:157) [ozone-manager-1.4.0-SNAPSHOT.jar:?]
	at org.apache.hadoop.ozone.protocol.proto.OzoneManagerProtocolProtos$OzoneManagerService$2.callBlockingMethod(OzoneManagerProtocolProtos.java) [ozone-interface-client-1.4.0-SNAPSHOT.jar:?]
	at org.apache.hadoop.ipc.ProtobufRpcEngine$Server.processCall(ProtobufRpcEngine.java:484) [hadoop-common-3.3.6.jar:?]
	at org.apache.hadoop.ipc.ProtobufRpcEngine2$Server$ProtoBufRpcInvoker.call(ProtobufRpcEngine2.java:595) [hadoop-common-3.3.6.jar:?]
	at org.apache.hadoop.ipc.ProtobufRpcEngine2$Server$ProtoBufRpcInvoker.call(ProtobufRpcEngine2.java:573) [hadoop-common-3.3.6.jar:?]
	at org.apache.hadoop.ipc.RPC$Server.call(RPC.java:1227) [hadoop-common-3.3.6.jar:?]
	at org.apache.hadoop.ipc.Server$RpcCall.run(Server.java:1094) [hadoop-common-3.3.6.jar:?]
	at org.apache.hadoop.ipc.Server$RpcCall.run(Server.java:1017) [hadoop-common-3.3.6.jar:?]
	at java.security.AccessController.doPrivileged(Native Method) ~[?:1.8.0_382]
	at javax.security.auth.Subject.doAs(Subject.java:422) [?:1.8.0_382]
	at org.apache.hadoop.security.UserGroupInformation.doAs(UserGroupInformation.java:1899) [hadoop-common-3.3.6.jar:?]
	at org.apache.hadoop.ipc.Server$Handler.run(Server.java:3048) [hadoop-common-3.3.6.jar:?]
2023-11-03 16:42:52,143 [Time-limited test] INFO  impl.MetricsSystemImpl (MetricsSystemImpl.java:init(158)) - XceiverClientMetrics metrics system started (again)
2023-11-03 16:42:52,144 [Time-limited test] INFO  lib.Interns (Interns.java:removeEldestEntry(50)) - Metrics intern cache overflow at 2011 for MetricsSystem={MetricsSystem=MetricsInfoImpl{name=MetricsSystem, description=MetricsSystem}, MetricsSystem record=MetricsInfoImpl{name=MetricsSystem, description=MetricsSystem record}}
16:42:53.066 [om1-OMStateMachineApplyTransactionThread - 0] ERROR OMAudit - user=runner | ip=127.0.0.1 | op=COMMIT_KEY {volume=volume13981, bucket=bucket57402, key=d1/d2/file1, dataSize=1, replicationType=RATIS, replicationFactor=THREE} | ret=FAILURE
org.apache.hadoop.ozone.om.exceptions.OMException: Failed to commit key, as /-9223372036854775552/-9223372036854775040/-9223372036854772990/file1/111347615141855233entry is not found in the OpenKey table
	at org.apache.hadoop.ozone.om.request.key.OMKeyCommitRequestWithFSO.validateAndUpdateCache(OMKeyCommitRequestWithFSO.java:163) ~[ozone-manager-1.4.0-SNAPSHOT.jar:?]
	at org.apache.hadoop.ozone.protocolPB.OzoneManagerRequestHandler.lambda$0(OzoneManagerRequestHandler.java:390) ~[ozone-manager-1.4.0-SNAPSHOT.jar:?]
	at org.apache.hadoop.util.MetricUtil.captureLatencyNs(MetricUtil.java:39) ~[hdds-common-1.4.0-SNAPSHOT.jar:?]
	at org.apache.hadoop.ozone.protocolPB.OzoneManagerRequestHandler.handleWriteRequest(OzoneManagerRequestHandler.java:388) ~[ozone-manager-1.4.0-SNAPSHOT.jar:?]
	at org.apache.hadoop.ozone.om.ratis.OzoneManagerStateMachine.runCommand(OzoneManagerStateMachine.java:578) ~[ozone-manager-1.4.0-SNAPSHOT.jar:?]
	at org.apache.hadoop.ozone.om.ratis.OzoneManagerStateMachine.lambda$1(OzoneManagerStateMachine.java:368) ~[ozone-manager-1.4.0-SNAPSHOT.jar:?]
	at java.util.concurrent.CompletableFuture$AsyncSupply.run(CompletableFuture.java:1604) [?:1.8.0_382]
	at java.util.concurrent.ThreadPoolExecutor.runWorker(ThreadPoolExecutor.java:1149) [?:1.8.0_382]
	at java.util.concurrent.ThreadPoolExecutor$Worker.run(ThreadPoolExecutor.java:624) [?:1.8.0_382]
	at java.lang.Thread.run(Thread.java:750) [?:1.8.0_382]
2023-11-03 16:42:53,068 [om1-OMStateMachineApplyTransactionThread - 0] ERROR key.OMKeyCommitRequest (OMKeyCommitRequest.java:processResult(418)) - Key committed failed. Volume:volume13981, Bucket:bucket57402, Key:d1/d2/file1. Exception:{}
KEY_NOT_FOUND org.apache.hadoop.ozone.om.exceptions.OMException: Failed to commit key, as /-9223372036854775552/-9223372036854775040/-9223372036854772990/file1/111347615141855233entry is not found in the OpenKey table
	at org.apache.hadoop.ozone.om.request.key.OMKeyCommitRequestWithFSO.validateAndUpdateCache(OMKeyCommitRequestWithFSO.java:163)
	at org.apache.hadoop.ozone.protocolPB.OzoneManagerRequestHandler.lambda$0(OzoneManagerRequestHandler.java:390)
	at org.apache.hadoop.util.MetricUtil.captureLatencyNs(MetricUtil.java:39)
	at org.apache.hadoop.ozone.protocolPB.OzoneManagerRequestHandler.handleWriteRequest(OzoneManagerRequestHandler.java:388)
	at org.apache.hadoop.ozone.om.ratis.OzoneManagerStateMachine.runCommand(OzoneManagerStateMachine.java:578)
	at org.apache.hadoop.ozone.om.ratis.OzoneManagerStateMachine.lambda$1(OzoneManagerStateMachine.java:368)
	at java.util.concurrent.CompletableFuture$AsyncSupply.run(CompletableFuture.java:1604)
	at java.util.concurrent.ThreadPoolExecutor.runWorker(ThreadPoolExecutor.java:1149)
	at java.util.concurrent.ThreadPoolExecutor$Worker.run(ThreadPoolExecutor.java:624)
	at java.lang.Thread.run(Thread.java:750)
]]></system-out>
  </testcase>
  <testcase name="testLeaseRecoverable" classname="TestOzoneFileSystemWithFSO" time="0.21">
    <system-out><![CDATA[2023-11-03 16:43:27,949 [bfef2556-1a9a-4d4c-8661-c047d39fc87f@group-C0A0A00B9725-FollowerState] INFO  impl.FollowerState (FollowerState.java:run(143)) - bfef2556-1a9a-4d4c-8661-c047d39fc87f@group-C0A0A00B9725-FollowerState: change to CANDIDATE, lastRpcElapsedTime:5100735665ns, electionTimeout:5100ms
2023-11-03 16:43:27,950 [bfef2556-1a9a-4d4c-8661-c047d39fc87f@group-C0A0A00B9725-FollowerState] INFO  impl.RoleInfo (RoleInfo.java:shutdownFollowerState(110)) - bfef2556-1a9a-4d4c-8661-c047d39fc87f: shutdown bfef2556-1a9a-4d4c-8661-c047d39fc87f@group-C0A0A00B9725-FollowerState
2023-11-03 16:43:27,950 [bfef2556-1a9a-4d4c-8661-c047d39fc87f@group-C0A0A00B9725-FollowerState] INFO  server.RaftServer$Division (RaftServerImpl.java:setRole(329)) - bfef2556-1a9a-4d4c-8661-c047d39fc87f@group-C0A0A00B9725: changes role from  FOLLOWER to CANDIDATE at term 0 for changeToCandidate
2023-11-03 16:43:27,952 [bfef2556-1a9a-4d4c-8661-c047d39fc87f@group-C0A0A00B9725-FollowerState] INFO  server.RaftServerConfigKeys (ConfUtils.java:logGet(46)) - raft.server.leaderelection.pre-vote = true (default)
2023-11-03 16:43:27,952 [bfef2556-1a9a-4d4c-8661-c047d39fc87f@group-C0A0A00B9725-FollowerState] INFO  impl.RoleInfo (RoleInfo.java:updateAndGet(139)) - bfef2556-1a9a-4d4c-8661-c047d39fc87f: start bfef2556-1a9a-4d4c-8661-c047d39fc87f@group-C0A0A00B9725-LeaderElection18
2023-11-03 16:43:27,962 [IPC Server handler 4 on default port 15054] INFO  ha.SequenceIdGenerator (SequenceIdGenerator.java:getNextId(145)) - Allocate a batch for containerId, change lastId from 0 to 1000.
2023-11-03 16:43:27,963 [IPC Server handler 4 on default port 15054] WARN  ha.SequenceIdGenerator (SequenceIdGenerator.java:allocateBatch(258)) - Failed to allocate a batch for localId, expected lastId is 0, actual lastId is 111677748019200000.
2023-11-03 16:43:27,963 [IPC Server handler 4 on default port 15054] INFO  ha.SequenceIdGenerator (SequenceIdGenerator.java:getNextId(145)) - Allocate a batch for localId, change lastId from 111677748019200000 to 111677748019201000.
2023-11-03 16:43:27,969 [bfef2556-1a9a-4d4c-8661-c047d39fc87f@group-C0A0A00B9725-LeaderElection18] INFO  impl.LeaderElection (LeaderElection.java:askForVotes(321)) - bfef2556-1a9a-4d4c-8661-c047d39fc87f@group-C0A0A00B9725-LeaderElection18 PRE_VOTE round 0: submit vote requests at term 0 for -1: peers:[bfef2556-1a9a-4d4c-8661-c047d39fc87f|rpc:10.1.0.19:15103|admin:10.1.0.19:15102|client:10.1.0.19:15101|dataStream:10.1.0.19:15104|priority:1|startupRole:FOLLOWER]|listeners:[], old=null
2023-11-03 16:43:27,969 [bfef2556-1a9a-4d4c-8661-c047d39fc87f@group-C0A0A00B9725-LeaderElection18] INFO  impl.LeaderElection (LeaderElection.java:askForVotes(323)) - bfef2556-1a9a-4d4c-8661-c047d39fc87f@group-C0A0A00B9725-LeaderElection18 PRE_VOTE round 0: result PASSED (term=0)
2023-11-03 16:43:27,970 [bfef2556-1a9a-4d4c-8661-c047d39fc87f@group-C0A0A00B9725-LeaderElection18] INFO  impl.LeaderElection (LeaderElection.java:askForVotes(321)) - bfef2556-1a9a-4d4c-8661-c047d39fc87f@group-C0A0A00B9725-LeaderElection18 ELECTION round 0: submit vote requests at term 1 for -1: peers:[bfef2556-1a9a-4d4c-8661-c047d39fc87f|rpc:10.1.0.19:15103|admin:10.1.0.19:15102|client:10.1.0.19:15101|dataStream:10.1.0.19:15104|priority:1|startupRole:FOLLOWER]|listeners:[], old=null
2023-11-03 16:43:27,970 [bfef2556-1a9a-4d4c-8661-c047d39fc87f@group-C0A0A00B9725-LeaderElection18] INFO  impl.LeaderElection (LeaderElection.java:askForVotes(323)) - bfef2556-1a9a-4d4c-8661-c047d39fc87f@group-C0A0A00B9725-LeaderElection18 ELECTION round 0: result PASSED (term=1)
2023-11-03 16:43:27,970 [bfef2556-1a9a-4d4c-8661-c047d39fc87f@group-C0A0A00B9725-LeaderElection18] INFO  impl.RoleInfo (RoleInfo.java:shutdownLeaderElection(130)) - bfef2556-1a9a-4d4c-8661-c047d39fc87f: shutdown bfef2556-1a9a-4d4c-8661-c047d39fc87f@group-C0A0A00B9725-LeaderElection18
2023-11-03 16:43:27,970 [bfef2556-1a9a-4d4c-8661-c047d39fc87f@group-C0A0A00B9725-LeaderElection18] INFO  server.RaftServer$Division (RaftServerImpl.java:setRole(329)) - bfef2556-1a9a-4d4c-8661-c047d39fc87f@group-C0A0A00B9725: changes role from CANDIDATE to LEADER at term 1 for changeToLeader
2023-11-03 16:43:27,971 [bfef2556-1a9a-4d4c-8661-c047d39fc87f@group-C0A0A00B9725-LeaderElection18] INFO  ratis.XceiverServerRatis (XceiverServerRatis.java:handleLeaderChangedNotification(903)) - Leader change notification received for group: group-C0A0A00B9725 with new leaderId: bfef2556-1a9a-4d4c-8661-c047d39fc87f
16:43:27.973 [IPC Server handler 14 on default port 15057] ERROR OMAudit - user=runner | ip=127.0.0.1 | op=GET_FILE_STATUS {volume=volume80570, bucket=bucket63586, key=d1/d2/file1, dataSize=0, replicationConfig=null} | ret=FAILURE
org.apache.hadoop.ozone.om.exceptions.OMException: Unable to get file status: volume: volume80570 bucket: bucket63586 key: d1/d2/file1
	at org.apache.hadoop.ozone.om.KeyManagerImpl.getOzoneFileStatusFSO(KeyManagerImpl.java:1359) ~[ozone-manager-1.4.0-SNAPSHOT.jar:?]
	at org.apache.hadoop.ozone.om.KeyManagerImpl.getFileStatus(KeyManagerImpl.java:1143) ~[ozone-manager-1.4.0-SNAPSHOT.jar:?]
	at org.apache.hadoop.ozone.om.OmMetadataReader.getFileStatus(OmMetadataReader.java:279) ~[ozone-manager-1.4.0-SNAPSHOT.jar:?]
	at org.apache.hadoop.ozone.om.OzoneManager.getFileStatus(OzoneManager.java:3611) ~[ozone-manager-1.4.0-SNAPSHOT.jar:?]
	at org.apache.hadoop.ozone.protocolPB.OzoneManagerRequestHandler.getOzoneFileStatus(OzoneManagerRequestHandler.java:1005) ~[ozone-manager-1.4.0-SNAPSHOT.jar:?]
	at org.apache.hadoop.ozone.protocolPB.OzoneManagerRequestHandler.handleReadRequest(OzoneManagerRequestHandler.java:262) ~[ozone-manager-1.4.0-SNAPSHOT.jar:?]
	at org.apache.hadoop.ozone.protocolPB.OzoneManagerProtocolServerSideTranslatorPB.submitRequestDirectlyToOM(OzoneManagerProtocolServerSideTranslatorPB.java:290) ~[ozone-manager-1.4.0-SNAPSHOT.jar:?]
	at org.apache.hadoop.ozone.protocolPB.OzoneManagerProtocolServerSideTranslatorPB.processRequest(OzoneManagerProtocolServerSideTranslatorPB.java:182) ~[ozone-manager-1.4.0-SNAPSHOT.jar:?]
	at org.apache.hadoop.hdds.server.OzoneProtocolMessageDispatcher.processRequest(OzoneProtocolMessageDispatcher.java:89) [hdds-server-framework-1.4.0-SNAPSHOT.jar:?]
	at org.apache.hadoop.ozone.protocolPB.OzoneManagerProtocolServerSideTranslatorPB.submitRequest(OzoneManagerProtocolServerSideTranslatorPB.java:157) [ozone-manager-1.4.0-SNAPSHOT.jar:?]
	at org.apache.hadoop.ozone.protocol.proto.OzoneManagerProtocolProtos$OzoneManagerService$2.callBlockingMethod(OzoneManagerProtocolProtos.java) [ozone-interface-client-1.4.0-SNAPSHOT.jar:?]
	at org.apache.hadoop.ipc.ProtobufRpcEngine$Server.processCall(ProtobufRpcEngine.java:484) [hadoop-common-3.3.6.jar:?]
	at org.apache.hadoop.ipc.ProtobufRpcEngine2$Server$ProtoBufRpcInvoker.call(ProtobufRpcEngine2.java:595) [hadoop-common-3.3.6.jar:?]
	at org.apache.hadoop.ipc.ProtobufRpcEngine2$Server$ProtoBufRpcInvoker.call(ProtobufRpcEngine2.java:573) [hadoop-common-3.3.6.jar:?]
	at org.apache.hadoop.ipc.RPC$Server.call(RPC.java:1227) [hadoop-common-3.3.6.jar:?]
	at org.apache.hadoop.ipc.Server$RpcCall.run(Server.java:1094) [hadoop-common-3.3.6.jar:?]
	at org.apache.hadoop.ipc.Server$RpcCall.run(Server.java:1017) [hadoop-common-3.3.6.jar:?]
	at java.security.AccessController.doPrivileged(Native Method) ~[?:1.8.0_382]
	at javax.security.auth.Subject.doAs(Subject.java:422) [?:1.8.0_382]
	at org.apache.hadoop.security.UserGroupInformation.doAs(UserGroupInformation.java:1899) [hadoop-common-3.3.6.jar:?]
	at org.apache.hadoop.ipc.Server$Handler.run(Server.java:3048) [hadoop-common-3.3.6.jar:?]
2023-11-03 16:43:27,974 [bfef2556-1a9a-4d4c-8661-c047d39fc87f@group-C0A0A00B9725-LeaderElection18] INFO  server.RaftServer$Division (ServerState.java:setLeader(317)) - bfef2556-1a9a-4d4c-8661-c047d39fc87f@group-C0A0A00B9725: change Leader from null to bfef2556-1a9a-4d4c-8661-c047d39fc87f at term 1 for becomeLeader, leader elected after 5140ms
2023-11-03 16:43:27,974 [bfef2556-1a9a-4d4c-8661-c047d39fc87f@group-C0A0A00B9725-LeaderElection18] INFO  server.RaftServerConfigKeys (ConfUtils.java:logGet(46)) - raft.server.staging.catchup.gap = 1000 (default)
2023-11-03 16:43:27,975 [bfef2556-1a9a-4d4c-8661-c047d39fc87f@group-C0A0A00B9725-LeaderElection18] INFO  server.RaftServerConfigKeys (ConfUtils.java:logGet(46)) - raft.server.write.element-limit = 1024 (custom)
2023-11-03 16:43:27,975 [bfef2556-1a9a-4d4c-8661-c047d39fc87f@group-C0A0A00B9725-LeaderElection18] INFO  server.RaftServerConfigKeys (ConfUtils.java:logGet(46)) - raft.server.write.byte-limit = 1024 M (=1073741824) (custom)
2023-11-03 16:43:27,975 [bfef2556-1a9a-4d4c-8661-c047d39fc87f@group-C0A0A00B9725-LeaderElection18] INFO  server.RaftServerConfigKeys (ConfUtils.java:logGet(46)) - raft.server.watch.timeout = 180s (custom)
2023-11-03 16:43:27,975 [bfef2556-1a9a-4d4c-8661-c047d39fc87f@group-C0A0A00B9725-LeaderElection18] INFO  server.RaftServerConfigKeys (ConfUtils.java:logGet(46)) - raft.server.watch.timeout.denomination = 1s (default)
2023-11-03 16:43:27,975 [bfef2556-1a9a-4d4c-8661-c047d39fc87f@group-C0A0A00B9725-LeaderElection18] INFO  server.RaftServerConfigKeys (ConfUtils.java:logGet(46)) - raft.server.watch.element-limit = 65536 (default)
2023-11-03 16:43:27,975 [bfef2556-1a9a-4d4c-8661-c047d39fc87f@group-C0A0A00B9725-LeaderElection18] INFO  server.RaftServerConfigKeys (ConfUtils.java:logGet(46)) - raft.server.write.element-limit = 1024 (custom)
2023-11-03 16:43:27,975 [bfef2556-1a9a-4d4c-8661-c047d39fc87f@group-C0A0A00B9725-LeaderElection18] INFO  server.RaftServerConfigKeys (ConfUtils.java:logGet(46)) - raft.server.write.follower.gap.ratio.max = -1.0 (default)
2023-11-03 16:43:27,975 [bfef2556-1a9a-4d4c-8661-c047d39fc87f@group-C0A0A00B9725-LeaderElection18] INFO  impl.RoleInfo (RoleInfo.java:updateAndGet(139)) - bfef2556-1a9a-4d4c-8661-c047d39fc87f: start bfef2556-1a9a-4d4c-8661-c047d39fc87f@group-C0A0A00B9725-LeaderStateImpl
2023-11-03 16:43:27,976 [bfef2556-1a9a-4d4c-8661-c047d39fc87f@group-C0A0A00B9725-LeaderElection18] INFO  segmented.SegmentedRaftLogWorker (SegmentedRaftLogWorker.java:startLogSegment(447)) - bfef2556-1a9a-4d4c-8661-c047d39fc87f@group-C0A0A00B9725-SegmentedRaftLogWorker: Starting segment from index:0
2023-11-03 16:43:27,977 [bfef2556-1a9a-4d4c-8661-c047d39fc87f@group-C0A0A00B9725-SegmentedRaftLogWorker] INFO  segmented.SegmentedRaftLogWorker (SegmentedRaftLogWorker.java:execute(651)) - bfef2556-1a9a-4d4c-8661-c047d39fc87f@group-C0A0A00B9725-SegmentedRaftLogWorker: created new log segment /home/runner/work/ozone/ozone/hadoop-ozone/integration-test/target/test-dir/MiniOzoneClusterImpl-70a21a17-ad3a-436a-8bc3-9a5217c2e4a5/datanode-4/data/ratis/556e5c89-3a7a-4eed-969c-c0a0a00b9725/current/log_inprogress_0
2023-11-03 16:43:27,978 [bfef2556-1a9a-4d4c-8661-c047d39fc87f@group-C0A0A00B9725-LeaderElection18] INFO  server.RaftServer$Division (ServerState.java:setRaftConf(434)) - bfef2556-1a9a-4d4c-8661-c047d39fc87f@group-C0A0A00B9725: set configuration 0: peers:[bfef2556-1a9a-4d4c-8661-c047d39fc87f|rpc:10.1.0.19:15103|admin:10.1.0.19:15102|client:10.1.0.19:15101|dataStream:10.1.0.19:15104|priority:1|startupRole:FOLLOWER]|listeners:[], old=null
16:43:28.134 [IPC Server handler 19 on default port 15057] ERROR OMAudit - user=runner | ip=127.0.0.1 | op=COMMIT_KEY {volume=volume80570, bucket=bucket63586, key=d1/d2/file1, dataSize=1, replicationType=RATIS, replicationFactor=THREE} | ret=FAILURE
org.apache.hadoop.ozone.om.exceptions.OMException: Failed to commit key, as /4611686018427388160/4611686018427388416/4611686018427389442/file1/111347617494859865entry is not found in the OpenKey table
	at org.apache.hadoop.ozone.om.request.key.OMKeyCommitRequestWithFSO.validateAndUpdateCache(OMKeyCommitRequestWithFSO.java:163) ~[ozone-manager-1.4.0-SNAPSHOT.jar:?]
	at org.apache.hadoop.ozone.protocolPB.OzoneManagerRequestHandler.lambda$0(OzoneManagerRequestHandler.java:390) ~[ozone-manager-1.4.0-SNAPSHOT.jar:?]
	at org.apache.hadoop.util.MetricUtil.captureLatencyNs(MetricUtil.java:39) ~[hdds-common-1.4.0-SNAPSHOT.jar:?]
	at org.apache.hadoop.ozone.protocolPB.OzoneManagerRequestHandler.handleWriteRequest(OzoneManagerRequestHandler.java:388) ~[ozone-manager-1.4.0-SNAPSHOT.jar:?]
	at org.apache.hadoop.ozone.protocolPB.OzoneManagerProtocolServerSideTranslatorPB.submitRequestDirectlyToOM(OzoneManagerProtocolServerSideTranslatorPB.java:296) ~[ozone-manager-1.4.0-SNAPSHOT.jar:?]
	at org.apache.hadoop.ozone.protocolPB.OzoneManagerProtocolServerSideTranslatorPB.processRequest(OzoneManagerProtocolServerSideTranslatorPB.java:182) ~[ozone-manager-1.4.0-SNAPSHOT.jar:?]
	at org.apache.hadoop.hdds.server.OzoneProtocolMessageDispatcher.processRequest(OzoneProtocolMessageDispatcher.java:89) [hdds-server-framework-1.4.0-SNAPSHOT.jar:?]
	at org.apache.hadoop.ozone.protocolPB.OzoneManagerProtocolServerSideTranslatorPB.submitRequest(OzoneManagerProtocolServerSideTranslatorPB.java:157) [ozone-manager-1.4.0-SNAPSHOT.jar:?]
	at org.apache.hadoop.ozone.protocol.proto.OzoneManagerProtocolProtos$OzoneManagerService$2.callBlockingMethod(OzoneManagerProtocolProtos.java) [ozone-interface-client-1.4.0-SNAPSHOT.jar:?]
	at org.apache.hadoop.ipc.ProtobufRpcEngine$Server.processCall(ProtobufRpcEngine.java:484) [hadoop-common-3.3.6.jar:?]
	at org.apache.hadoop.ipc.ProtobufRpcEngine2$Server$ProtoBufRpcInvoker.call(ProtobufRpcEngine2.java:595) [hadoop-common-3.3.6.jar:?]
	at org.apache.hadoop.ipc.ProtobufRpcEngine2$Server$ProtoBufRpcInvoker.call(ProtobufRpcEngine2.java:573) [hadoop-common-3.3.6.jar:?]
	at org.apache.hadoop.ipc.RPC$Server.call(RPC.java:1227) [hadoop-common-3.3.6.jar:?]
	at org.apache.hadoop.ipc.Server$RpcCall.run(Server.java:1094) [hadoop-common-3.3.6.jar:?]
	at org.apache.hadoop.ipc.Server$RpcCall.run(Server.java:1017) [hadoop-common-3.3.6.jar:?]
	at java.security.AccessController.doPrivileged(Native Method) ~[?:1.8.0_382]
	at javax.security.auth.Subject.doAs(Subject.java:422) [?:1.8.0_382]
	at org.apache.hadoop.security.UserGroupInformation.doAs(UserGroupInformation.java:1899) [hadoop-common-3.3.6.jar:?]
	at org.apache.hadoop.ipc.Server$Handler.run(Server.java:3048) [hadoop-common-3.3.6.jar:?]
2023-11-03 16:43:28,135 [IPC Server handler 19 on default port 15057] ERROR key.OMKeyCommitRequest (OMKeyCommitRequest.java:processResult(418)) - Key committed failed. Volume:volume80570, Bucket:bucket63586, Key:d1/d2/file1. Exception:{}
KEY_NOT_FOUND org.apache.hadoop.ozone.om.exceptions.OMException: Failed to commit key, as /4611686018427388160/4611686018427388416/4611686018427389442/file1/111347617494859865entry is not found in the OpenKey table
	at org.apache.hadoop.ozone.om.request.key.OMKeyCommitRequestWithFSO.validateAndUpdateCache(OMKeyCommitRequestWithFSO.java:163)
	at org.apache.hadoop.ozone.protocolPB.OzoneManagerRequestHandler.lambda$0(OzoneManagerRequestHandler.java:390)
	at org.apache.hadoop.util.MetricUtil.captureLatencyNs(MetricUtil.java:39)
	at org.apache.hadoop.ozone.protocolPB.OzoneManagerRequestHandler.handleWriteRequest(OzoneManagerRequestHandler.java:388)
	at org.apache.hadoop.ozone.protocolPB.OzoneManagerProtocolServerSideTranslatorPB.submitRequestDirectlyToOM(OzoneManagerProtocolServerSideTranslatorPB.java:296)
	at org.apache.hadoop.ozone.protocolPB.OzoneManagerProtocolServerSideTranslatorPB.processRequest(OzoneManagerProtocolServerSideTranslatorPB.java:182)
	at org.apache.hadoop.hdds.server.OzoneProtocolMessageDispatcher.processRequest(OzoneProtocolMessageDispatcher.java:89)
	at org.apache.hadoop.ozone.protocolPB.OzoneManagerProtocolServerSideTranslatorPB.submitRequest(OzoneManagerProtocolServerSideTranslatorPB.java:157)
	at org.apache.hadoop.ozone.protocol.proto.OzoneManagerProtocolProtos$OzoneManagerService$2.callBlockingMethod(OzoneManagerProtocolProtos.java)
	at org.apache.hadoop.ipc.ProtobufRpcEngine$Server.processCall(ProtobufRpcEngine.java:484)
	at org.apache.hadoop.ipc.ProtobufRpcEngine2$Server$ProtoBufRpcInvoker.call(ProtobufRpcEngine2.java:595)
	at org.apache.hadoop.ipc.ProtobufRpcEngine2$Server$ProtoBufRpcInvoker.call(ProtobufRpcEngine2.java:573)
	at org.apache.hadoop.ipc.RPC$Server.call(RPC.java:1227)
	at org.apache.hadoop.ipc.Server$RpcCall.run(Server.java:1094)
	at org.apache.hadoop.ipc.Server$RpcCall.run(Server.java:1017)
	at java.security.AccessController.doPrivileged(Native Method)
	at javax.security.auth.Subject.doAs(Subject.java:422)
	at org.apache.hadoop.security.UserGroupInformation.doAs(UserGroupInformation.java:1899)
	at org.apache.hadoop.ipc.Server$Handler.run(Server.java:3048)
]]></system-out>
  </testcase>
  <testcase name="testRenameParentDirModificationTime" classname="TestOzoneFileSystemWithFSO" time="0.164"/>
  <testcase name="testRenameParentDirModificationTime" classname="TestOzoneFileSystemWithFSO" time="0.058"/>
  <testcase name="testListFilesRecursive" classname="TestOzoneFileSystemWithFSO" time="0.172"/>
  <testcase name="testListFilesRecursive" classname="TestOzoneFileSystemWithFSO" time="0.063"/>
  <testcase name="testRenameDestinationParentDoesntExist" classname="TestOzoneFileSystemWithFSO" time="0.084">
    <system-out><![CDATA[16:42:53.447 [om1-OMStateMachineApplyTransactionThread - 0] ERROR OMAudit - user=runner | ip=127.0.0.1 | op=RENAME_KEY {volume=volume13981, bucket=bucket57402, dataSize=0, replicationType=NONE, replicationFactor=ZERO, srcKey=root_dir/dir1/dir2, dstKey=root_dir/b/c} | ret=FAILURE
org.apache.hadoop.ozone.om.exceptions.OMException: Failed to get parent dir root_dir/b/c, root_dir/b doesn't exist
	at org.apache.hadoop.ozone.om.request.file.OMFileRequest.getKeyParentDir(OMFileRequest.java:822) ~[ozone-manager-1.4.0-SNAPSHOT.jar:?]
	at org.apache.hadoop.ozone.om.request.key.OMKeyRenameRequestWithFSO.validateAndUpdateCache(OMKeyRenameRequestWithFSO.java:217) ~[ozone-manager-1.4.0-SNAPSHOT.jar:?]
	at org.apache.hadoop.ozone.protocolPB.OzoneManagerRequestHandler.lambda$0(OzoneManagerRequestHandler.java:390) ~[ozone-manager-1.4.0-SNAPSHOT.jar:?]
	at org.apache.hadoop.util.MetricUtil.captureLatencyNs(MetricUtil.java:39) ~[hdds-common-1.4.0-SNAPSHOT.jar:?]
	at org.apache.hadoop.ozone.protocolPB.OzoneManagerRequestHandler.handleWriteRequest(OzoneManagerRequestHandler.java:388) ~[ozone-manager-1.4.0-SNAPSHOT.jar:?]
	at org.apache.hadoop.ozone.om.ratis.OzoneManagerStateMachine.runCommand(OzoneManagerStateMachine.java:578) ~[ozone-manager-1.4.0-SNAPSHOT.jar:?]
	at org.apache.hadoop.ozone.om.ratis.OzoneManagerStateMachine.lambda$1(OzoneManagerStateMachine.java:368) ~[ozone-manager-1.4.0-SNAPSHOT.jar:?]
	at java.util.concurrent.CompletableFuture$AsyncSupply.run(CompletableFuture.java:1604) [?:1.8.0_382]
	at java.util.concurrent.ThreadPoolExecutor.runWorker(ThreadPoolExecutor.java:1149) [?:1.8.0_382]
	at java.util.concurrent.ThreadPoolExecutor$Worker.run(ThreadPoolExecutor.java:624) [?:1.8.0_382]
	at java.lang.Thread.run(Thread.java:750) [?:1.8.0_382]
2023-11-03 16:42:53,448 [om1-OMStateMachineApplyTransactionThread - 0] ERROR key.OMKeyRenameRequestWithFSO (OMKeyRenameRequestWithFSO.java:validateAndUpdateCache(251)) - Rename key failed for volume:volume13981 bucket:bucket57402 fromKey:root_dir/dir1/dir2 toKey:root_dir/b/c. Exception: Failed to get parent dir root_dir/b/c, root_dir/b doesn't exist.
2023-11-03 16:42:53,449 [Time-limited test] ERROR ozone.BasicOzoneFileSystem (BasicOzoneFileSystem.java:renameFSO(496)) - rename key failed: Failed to get parent dir root_dir/b/c, root_dir/b doesn't exist. Error code: KEY_RENAME_ERROR source:root_dir/dir1/dir2, destin:root_dir/b/c
16:42:53.492 [om1-OMStateMachineApplyTransactionThread - 0] ERROR OMAudit - user=runner | ip=127.0.0.1 | op=RENAME_KEY {volume=volume13981, bucket=bucket57402, dataSize=0, replicationType=NONE, replicationFactor=ZERO, srcKey=root_dir/dir1/dir2, dstKey=root_dir/file1/c} | ret=FAILURE
org.apache.hadoop.ozone.om.exceptions.OMException: Failed to get parent dir root_dir/file1/c, root_dir/file1 is a file
	at org.apache.hadoop.ozone.om.request.file.OMFileRequest.getKeyParentDir(OMFileRequest.java:827) ~[ozone-manager-1.4.0-SNAPSHOT.jar:?]
	at org.apache.hadoop.ozone.om.request.key.OMKeyRenameRequestWithFSO.validateAndUpdateCache(OMKeyRenameRequestWithFSO.java:217) ~[ozone-manager-1.4.0-SNAPSHOT.jar:?]
	at org.apache.hadoop.ozone.protocolPB.OzoneManagerRequestHandler.lambda$0(OzoneManagerRequestHandler.java:390) ~[ozone-manager-1.4.0-SNAPSHOT.jar:?]
	at org.apache.hadoop.util.MetricUtil.captureLatencyNs(MetricUtil.java:39) ~[hdds-common-1.4.0-SNAPSHOT.jar:?]
	at org.apache.hadoop.ozone.protocolPB.OzoneManagerRequestHandler.handleWriteRequest(OzoneManagerRequestHandler.java:388) ~[ozone-manager-1.4.0-SNAPSHOT.jar:?]
	at org.apache.hadoop.ozone.om.ratis.OzoneManagerStateMachine.runCommand(OzoneManagerStateMachine.java:578) ~[ozone-manager-1.4.0-SNAPSHOT.jar:?]
	at org.apache.hadoop.ozone.om.ratis.OzoneManagerStateMachine.lambda$1(OzoneManagerStateMachine.java:368) ~[ozone-manager-1.4.0-SNAPSHOT.jar:?]
	at java.util.concurrent.CompletableFuture$AsyncSupply.run(CompletableFuture.java:1604) [?:1.8.0_382]
	at java.util.concurrent.ThreadPoolExecutor.runWorker(ThreadPoolExecutor.java:1149) [?:1.8.0_382]
	at java.util.concurrent.ThreadPoolExecutor$Worker.run(ThreadPoolExecutor.java:624) [?:1.8.0_382]
	at java.lang.Thread.run(Thread.java:750) [?:1.8.0_382]
2023-11-03 16:42:53,492 [om1-OMStateMachineApplyTransactionThread - 0] ERROR key.OMKeyRenameRequestWithFSO (OMKeyRenameRequestWithFSO.java:validateAndUpdateCache(251)) - Rename key failed for volume:volume13981 bucket:bucket57402 fromKey:root_dir/dir1/dir2 toKey:root_dir/file1/c. Exception: Failed to get parent dir root_dir/file1/c, root_dir/file1 is a file.
2023-11-03 16:42:53,493 [Time-limited test] ERROR ozone.BasicOzoneFileSystem (BasicOzoneFileSystem.java:renameFSO(496)) - rename key failed: Failed to get parent dir root_dir/file1/c, root_dir/file1 is a file. Error code: KEY_RENAME_ERROR source:root_dir/dir1/dir2, destin:root_dir/file1/c
]]></system-out>
  </testcase>
  <testcase name="testRenameDestinationParentDoesntExist" classname="TestOzoneFileSystemWithFSO" time="0.029">
    <system-out><![CDATA[16:43:28.276 [IPC Server handler 2 on default port 15057] ERROR OMAudit - user=runner | ip=127.0.0.1 | op=RENAME_KEY {volume=volume80570, bucket=bucket63586, dataSize=0, replicationType=NONE, replicationFactor=ZERO, srcKey=root_dir/dir1/dir2, dstKey=root_dir/b/c} | ret=FAILURE
org.apache.hadoop.ozone.om.exceptions.OMException: Failed to get parent dir root_dir/b/c, root_dir/b doesn't exist
	at org.apache.hadoop.ozone.om.request.file.OMFileRequest.getKeyParentDir(OMFileRequest.java:822) ~[ozone-manager-1.4.0-SNAPSHOT.jar:?]
	at org.apache.hadoop.ozone.om.request.key.OMKeyRenameRequestWithFSO.validateAndUpdateCache(OMKeyRenameRequestWithFSO.java:217) ~[ozone-manager-1.4.0-SNAPSHOT.jar:?]
	at org.apache.hadoop.ozone.protocolPB.OzoneManagerRequestHandler.lambda$0(OzoneManagerRequestHandler.java:390) ~[ozone-manager-1.4.0-SNAPSHOT.jar:?]
	at org.apache.hadoop.util.MetricUtil.captureLatencyNs(MetricUtil.java:39) ~[hdds-common-1.4.0-SNAPSHOT.jar:?]
	at org.apache.hadoop.ozone.protocolPB.OzoneManagerRequestHandler.handleWriteRequest(OzoneManagerRequestHandler.java:388) ~[ozone-manager-1.4.0-SNAPSHOT.jar:?]
	at org.apache.hadoop.ozone.protocolPB.OzoneManagerProtocolServerSideTranslatorPB.submitRequestDirectlyToOM(OzoneManagerProtocolServerSideTranslatorPB.java:296) ~[ozone-manager-1.4.0-SNAPSHOT.jar:?]
	at org.apache.hadoop.ozone.protocolPB.OzoneManagerProtocolServerSideTranslatorPB.processRequest(OzoneManagerProtocolServerSideTranslatorPB.java:182) ~[ozone-manager-1.4.0-SNAPSHOT.jar:?]
	at org.apache.hadoop.hdds.server.OzoneProtocolMessageDispatcher.processRequest(OzoneProtocolMessageDispatcher.java:89) [hdds-server-framework-1.4.0-SNAPSHOT.jar:?]
	at org.apache.hadoop.ozone.protocolPB.OzoneManagerProtocolServerSideTranslatorPB.submitRequest(OzoneManagerProtocolServerSideTranslatorPB.java:157) [ozone-manager-1.4.0-SNAPSHOT.jar:?]
	at org.apache.hadoop.ozone.protocol.proto.OzoneManagerProtocolProtos$OzoneManagerService$2.callBlockingMethod(OzoneManagerProtocolProtos.java) [ozone-interface-client-1.4.0-SNAPSHOT.jar:?]
	at org.apache.hadoop.ipc.ProtobufRpcEngine$Server.processCall(ProtobufRpcEngine.java:484) [hadoop-common-3.3.6.jar:?]
	at org.apache.hadoop.ipc.ProtobufRpcEngine2$Server$ProtoBufRpcInvoker.call(ProtobufRpcEngine2.java:595) [hadoop-common-3.3.6.jar:?]
	at org.apache.hadoop.ipc.ProtobufRpcEngine2$Server$ProtoBufRpcInvoker.call(ProtobufRpcEngine2.java:573) [hadoop-common-3.3.6.jar:?]
	at org.apache.hadoop.ipc.RPC$Server.call(RPC.java:1227) [hadoop-common-3.3.6.jar:?]
	at org.apache.hadoop.ipc.Server$RpcCall.run(Server.java:1094) [hadoop-common-3.3.6.jar:?]
	at org.apache.hadoop.ipc.Server$RpcCall.run(Server.java:1017) [hadoop-common-3.3.6.jar:?]
	at java.security.AccessController.doPrivileged(Native Method) ~[?:1.8.0_382]
	at javax.security.auth.Subject.doAs(Subject.java:422) [?:1.8.0_382]
	at org.apache.hadoop.security.UserGroupInformation.doAs(UserGroupInformation.java:1899) [hadoop-common-3.3.6.jar:?]
	at org.apache.hadoop.ipc.Server$Handler.run(Server.java:3048) [hadoop-common-3.3.6.jar:?]
2023-11-03 16:43:28,277 [IPC Server handler 2 on default port 15057] ERROR key.OMKeyRenameRequestWithFSO (OMKeyRenameRequestWithFSO.java:validateAndUpdateCache(251)) - Rename key failed for volume:volume80570 bucket:bucket63586 fromKey:root_dir/dir1/dir2 toKey:root_dir/b/c. Exception: Failed to get parent dir root_dir/b/c, root_dir/b doesn't exist.
2023-11-03 16:43:28,278 [Time-limited test] ERROR ozone.BasicOzoneFileSystem (BasicOzoneFileSystem.java:renameFSO(496)) - rename key failed: Failed to get parent dir root_dir/b/c, root_dir/b doesn't exist. Error code: KEY_RENAME_ERROR source:root_dir/dir1/dir2, destin:root_dir/b/c
16:43:28.289 [IPC Server handler 12 on default port 15057] ERROR OMAudit - user=runner | ip=127.0.0.1 | op=RENAME_KEY {volume=volume80570, bucket=bucket63586, dataSize=0, replicationType=NONE, replicationFactor=ZERO, srcKey=root_dir/dir1/dir2, dstKey=root_dir/file1/c} | ret=FAILURE
org.apache.hadoop.ozone.om.exceptions.OMException: Failed to get parent dir root_dir/file1/c, root_dir/file1 is a file
	at org.apache.hadoop.ozone.om.request.file.OMFileRequest.getKeyParentDir(OMFileRequest.java:827) ~[ozone-manager-1.4.0-SNAPSHOT.jar:?]
	at org.apache.hadoop.ozone.om.request.key.OMKeyRenameRequestWithFSO.validateAndUpdateCache(OMKeyRenameRequestWithFSO.java:217) ~[ozone-manager-1.4.0-SNAPSHOT.jar:?]
	at org.apache.hadoop.ozone.protocolPB.OzoneManagerRequestHandler.lambda$0(OzoneManagerRequestHandler.java:390) ~[ozone-manager-1.4.0-SNAPSHOT.jar:?]
	at org.apache.hadoop.util.MetricUtil.captureLatencyNs(MetricUtil.java:39) ~[hdds-common-1.4.0-SNAPSHOT.jar:?]
	at org.apache.hadoop.ozone.protocolPB.OzoneManagerRequestHandler.handleWriteRequest(OzoneManagerRequestHandler.java:388) ~[ozone-manager-1.4.0-SNAPSHOT.jar:?]
	at org.apache.hadoop.ozone.protocolPB.OzoneManagerProtocolServerSideTranslatorPB.submitRequestDirectlyToOM(OzoneManagerProtocolServerSideTranslatorPB.java:296) ~[ozone-manager-1.4.0-SNAPSHOT.jar:?]
	at org.apache.hadoop.ozone.protocolPB.OzoneManagerProtocolServerSideTranslatorPB.processRequest(OzoneManagerProtocolServerSideTranslatorPB.java:182) ~[ozone-manager-1.4.0-SNAPSHOT.jar:?]
	at org.apache.hadoop.hdds.server.OzoneProtocolMessageDispatcher.processRequest(OzoneProtocolMessageDispatcher.java:89) [hdds-server-framework-1.4.0-SNAPSHOT.jar:?]
	at org.apache.hadoop.ozone.protocolPB.OzoneManagerProtocolServerSideTranslatorPB.submitRequest(OzoneManagerProtocolServerSideTranslatorPB.java:157) [ozone-manager-1.4.0-SNAPSHOT.jar:?]
	at org.apache.hadoop.ozone.protocol.proto.OzoneManagerProtocolProtos$OzoneManagerService$2.callBlockingMethod(OzoneManagerProtocolProtos.java) [ozone-interface-client-1.4.0-SNAPSHOT.jar:?]
	at org.apache.hadoop.ipc.ProtobufRpcEngine$Server.processCall(ProtobufRpcEngine.java:484) [hadoop-common-3.3.6.jar:?]
	at org.apache.hadoop.ipc.ProtobufRpcEngine2$Server$ProtoBufRpcInvoker.call(ProtobufRpcEngine2.java:595) [hadoop-common-3.3.6.jar:?]
	at org.apache.hadoop.ipc.ProtobufRpcEngine2$Server$ProtoBufRpcInvoker.call(ProtobufRpcEngine2.java:573) [hadoop-common-3.3.6.jar:?]
	at org.apache.hadoop.ipc.RPC$Server.call(RPC.java:1227) [hadoop-common-3.3.6.jar:?]
	at org.apache.hadoop.ipc.Server$RpcCall.run(Server.java:1094) [hadoop-common-3.3.6.jar:?]
	at org.apache.hadoop.ipc.Server$RpcCall.run(Server.java:1017) [hadoop-common-3.3.6.jar:?]
	at java.security.AccessController.doPrivileged(Native Method) ~[?:1.8.0_382]
	at javax.security.auth.Subject.doAs(Subject.java:422) [?:1.8.0_382]
	at org.apache.hadoop.security.UserGroupInformation.doAs(UserGroupInformation.java:1899) [hadoop-common-3.3.6.jar:?]
	at org.apache.hadoop.ipc.Server$Handler.run(Server.java:3048) [hadoop-common-3.3.6.jar:?]
2023-11-03 16:43:28,289 [IPC Server handler 12 on default port 15057] ERROR key.OMKeyRenameRequestWithFSO (OMKeyRenameRequestWithFSO.java:validateAndUpdateCache(251)) - Rename key failed for volume:volume80570 bucket:bucket63586 fromKey:root_dir/dir1/dir2 toKey:root_dir/file1/c. Exception: Failed to get parent dir root_dir/file1/c, root_dir/file1 is a file.
2023-11-03 16:43:28,290 [Time-limited test] ERROR ozone.BasicOzoneFileSystem (BasicOzoneFileSystem.java:renameFSO(496)) - rename key failed: Failed to get parent dir root_dir/file1/c, root_dir/file1 is a file. Error code: KEY_RENAME_ERROR source:root_dir/dir1/dir2, destin:root_dir/file1/c
]]></system-out>
  </testcase>
  <testcase name="testMultiLevelDirs" classname="TestOzoneFileSystemWithFSO" time="0.052"/>
  <testcase name="testMultiLevelDirs" classname="TestOzoneFileSystemWithFSO" time="0.017"/>
  <testcase name="testFSDeleteLogWarnNoExist" classname="TestOzoneFileSystemWithFSO" time="0.017">
    <system-out><![CDATA[16:42:53.574 [om1-OMStateMachineApplyTransactionThread - 0] ERROR OMAudit - user=runner | ip=127.0.0.1 | op=DELETE_KEY {volume=volume13981, bucket=bucket57402, key=d1/d3/noexist, dataSize=0, replicationType=NONE, replicationFactor=ZERO} | ret=FAILURE
org.apache.hadoop.ozone.om.exceptions.OMException: Unable to get file status: volume: volume13981 bucket: bucket57402 key: d1/d3/noexist
	at org.apache.hadoop.ozone.om.OzonePrefixPathImpl.<init>(OzonePrefixPathImpl.java:67) ~[ozone-manager-1.4.0-SNAPSHOT.jar:?]
	at org.apache.hadoop.ozone.om.request.OMClientRequest.checkACLsWithFSO(OMClientRequest.java:243) ~[ozone-manager-1.4.0-SNAPSHOT.jar:?]
	at org.apache.hadoop.ozone.om.request.key.OMKeyDeleteRequestWithFSO.validateAndUpdateCache(OMKeyDeleteRequestWithFSO.java:103) ~[ozone-manager-1.4.0-SNAPSHOT.jar:?]
	at org.apache.hadoop.ozone.protocolPB.OzoneManagerRequestHandler.lambda$0(OzoneManagerRequestHandler.java:390) ~[ozone-manager-1.4.0-SNAPSHOT.jar:?]
	at org.apache.hadoop.util.MetricUtil.captureLatencyNs(MetricUtil.java:39) ~[hdds-common-1.4.0-SNAPSHOT.jar:?]
	at org.apache.hadoop.ozone.protocolPB.OzoneManagerRequestHandler.handleWriteRequest(OzoneManagerRequestHandler.java:388) ~[ozone-manager-1.4.0-SNAPSHOT.jar:?]
	at org.apache.hadoop.ozone.om.ratis.OzoneManagerStateMachine.runCommand(OzoneManagerStateMachine.java:578) ~[ozone-manager-1.4.0-SNAPSHOT.jar:?]
	at org.apache.hadoop.ozone.om.ratis.OzoneManagerStateMachine.lambda$1(OzoneManagerStateMachine.java:368) ~[ozone-manager-1.4.0-SNAPSHOT.jar:?]
	at java.util.concurrent.CompletableFuture$AsyncSupply.run(CompletableFuture.java:1604) [?:1.8.0_382]
	at java.util.concurrent.ThreadPoolExecutor.runWorker(ThreadPoolExecutor.java:1149) [?:1.8.0_382]
	at java.util.concurrent.ThreadPoolExecutor$Worker.run(ThreadPoolExecutor.java:624) [?:1.8.0_382]
	at java.lang.Thread.run(Thread.java:750) [?:1.8.0_382]
2023-11-03 16:42:53,575 [om1-OMStateMachineApplyTransactionThread - 0] ERROR key.OMKeyDeleteRequestWithFSO (OMKeyDeleteRequestWithFSO.java:validateAndUpdateCache(201)) - Key delete failed. Volume:volume13981, Bucket:bucket57402, Key:d1/d3/noexist.
KEY_NOT_FOUND org.apache.hadoop.ozone.om.exceptions.OMException: Unable to get file status: volume: volume13981 bucket: bucket57402 key: d1/d3/noexist
	at org.apache.hadoop.ozone.om.OzonePrefixPathImpl.<init>(OzonePrefixPathImpl.java:67)
	at org.apache.hadoop.ozone.om.request.OMClientRequest.checkACLsWithFSO(OMClientRequest.java:243)
	at org.apache.hadoop.ozone.om.request.key.OMKeyDeleteRequestWithFSO.validateAndUpdateCache(OMKeyDeleteRequestWithFSO.java:103)
	at org.apache.hadoop.ozone.protocolPB.OzoneManagerRequestHandler.lambda$0(OzoneManagerRequestHandler.java:390)
	at org.apache.hadoop.util.MetricUtil.captureLatencyNs(MetricUtil.java:39)
	at org.apache.hadoop.ozone.protocolPB.OzoneManagerRequestHandler.handleWriteRequest(OzoneManagerRequestHandler.java:388)
	at org.apache.hadoop.ozone.om.ratis.OzoneManagerStateMachine.runCommand(OzoneManagerStateMachine.java:578)
	at org.apache.hadoop.ozone.om.ratis.OzoneManagerStateMachine.lambda$1(OzoneManagerStateMachine.java:368)
	at java.util.concurrent.CompletableFuture$AsyncSupply.run(CompletableFuture.java:1604)
	at java.util.concurrent.ThreadPoolExecutor.runWorker(ThreadPoolExecutor.java:1149)
	at java.util.concurrent.ThreadPoolExecutor$Worker.run(ThreadPoolExecutor.java:624)
	at java.lang.Thread.run(Thread.java:750)
2023-11-03 16:42:53,577 [Time-limited test] WARN  ozone.BasicOzoneClientAdapterImpl (BasicOzoneClientAdapterImpl.java:deleteObject(361)) - delete key failed Unable to get file status: volume: volume13981 bucket: bucket57402 key: d1/d3/noexist
]]></system-out>
  </testcase>
  <testcase name="testFSDeleteLogWarnNoExist" classname="TestOzoneFileSystemWithFSO" time="0.011">
    <system-out><![CDATA[16:43:28.318 [IPC Server handler 18 on default port 15057] ERROR OMAudit - user=runner | ip=127.0.0.1 | op=DELETE_KEY {volume=volume80570, bucket=bucket63586, key=d1/d3/noexist, dataSize=0, replicationType=NONE, replicationFactor=ZERO} | ret=FAILURE
org.apache.hadoop.ozone.om.exceptions.OMException: Unable to get file status: volume: volume80570 bucket: bucket63586 key: d1/d3/noexist
	at org.apache.hadoop.ozone.om.OzonePrefixPathImpl.<init>(OzonePrefixPathImpl.java:67) ~[ozone-manager-1.4.0-SNAPSHOT.jar:?]
	at org.apache.hadoop.ozone.om.request.OMClientRequest.checkACLsWithFSO(OMClientRequest.java:243) ~[ozone-manager-1.4.0-SNAPSHOT.jar:?]
	at org.apache.hadoop.ozone.om.request.key.OMKeyDeleteRequestWithFSO.validateAndUpdateCache(OMKeyDeleteRequestWithFSO.java:103) ~[ozone-manager-1.4.0-SNAPSHOT.jar:?]
	at org.apache.hadoop.ozone.protocolPB.OzoneManagerRequestHandler.lambda$0(OzoneManagerRequestHandler.java:390) ~[ozone-manager-1.4.0-SNAPSHOT.jar:?]
	at org.apache.hadoop.util.MetricUtil.captureLatencyNs(MetricUtil.java:39) ~[hdds-common-1.4.0-SNAPSHOT.jar:?]
	at org.apache.hadoop.ozone.protocolPB.OzoneManagerRequestHandler.handleWriteRequest(OzoneManagerRequestHandler.java:388) ~[ozone-manager-1.4.0-SNAPSHOT.jar:?]
	at org.apache.hadoop.ozone.protocolPB.OzoneManagerProtocolServerSideTranslatorPB.submitRequestDirectlyToOM(OzoneManagerProtocolServerSideTranslatorPB.java:296) ~[ozone-manager-1.4.0-SNAPSHOT.jar:?]
	at org.apache.hadoop.ozone.protocolPB.OzoneManagerProtocolServerSideTranslatorPB.processRequest(OzoneManagerProtocolServerSideTranslatorPB.java:182) ~[ozone-manager-1.4.0-SNAPSHOT.jar:?]
	at org.apache.hadoop.hdds.server.OzoneProtocolMessageDispatcher.processRequest(OzoneProtocolMessageDispatcher.java:89) [hdds-server-framework-1.4.0-SNAPSHOT.jar:?]
	at org.apache.hadoop.ozone.protocolPB.OzoneManagerProtocolServerSideTranslatorPB.submitRequest(OzoneManagerProtocolServerSideTranslatorPB.java:157) [ozone-manager-1.4.0-SNAPSHOT.jar:?]
	at org.apache.hadoop.ozone.protocol.proto.OzoneManagerProtocolProtos$OzoneManagerService$2.callBlockingMethod(OzoneManagerProtocolProtos.java) [ozone-interface-client-1.4.0-SNAPSHOT.jar:?]
	at org.apache.hadoop.ipc.ProtobufRpcEngine$Server.processCall(ProtobufRpcEngine.java:484) [hadoop-common-3.3.6.jar:?]
	at org.apache.hadoop.ipc.ProtobufRpcEngine2$Server$ProtoBufRpcInvoker.call(ProtobufRpcEngine2.java:595) [hadoop-common-3.3.6.jar:?]
	at org.apache.hadoop.ipc.ProtobufRpcEngine2$Server$ProtoBufRpcInvoker.call(ProtobufRpcEngine2.java:573) [hadoop-common-3.3.6.jar:?]
	at org.apache.hadoop.ipc.RPC$Server.call(RPC.java:1227) [hadoop-common-3.3.6.jar:?]
	at org.apache.hadoop.ipc.Server$RpcCall.run(Server.java:1094) [hadoop-common-3.3.6.jar:?]
	at org.apache.hadoop.ipc.Server$RpcCall.run(Server.java:1017) [hadoop-common-3.3.6.jar:?]
	at java.security.AccessController.doPrivileged(Native Method) ~[?:1.8.0_382]
	at javax.security.auth.Subject.doAs(Subject.java:422) [?:1.8.0_382]
	at org.apache.hadoop.security.UserGroupInformation.doAs(UserGroupInformation.java:1899) [hadoop-common-3.3.6.jar:?]
	at org.apache.hadoop.ipc.Server$Handler.run(Server.java:3048) [hadoop-common-3.3.6.jar:?]
2023-11-03 16:43:28,319 [IPC Server handler 18 on default port 15057] ERROR key.OMKeyDeleteRequestWithFSO (OMKeyDeleteRequestWithFSO.java:validateAndUpdateCache(201)) - Key delete failed. Volume:volume80570, Bucket:bucket63586, Key:d1/d3/noexist.
KEY_NOT_FOUND org.apache.hadoop.ozone.om.exceptions.OMException: Unable to get file status: volume: volume80570 bucket: bucket63586 key: d1/d3/noexist
	at org.apache.hadoop.ozone.om.OzonePrefixPathImpl.<init>(OzonePrefixPathImpl.java:67)
	at org.apache.hadoop.ozone.om.request.OMClientRequest.checkACLsWithFSO(OMClientRequest.java:243)
	at org.apache.hadoop.ozone.om.request.key.OMKeyDeleteRequestWithFSO.validateAndUpdateCache(OMKeyDeleteRequestWithFSO.java:103)
	at org.apache.hadoop.ozone.protocolPB.OzoneManagerRequestHandler.lambda$0(OzoneManagerRequestHandler.java:390)
	at org.apache.hadoop.util.MetricUtil.captureLatencyNs(MetricUtil.java:39)
	at org.apache.hadoop.ozone.protocolPB.OzoneManagerRequestHandler.handleWriteRequest(OzoneManagerRequestHandler.java:388)
	at org.apache.hadoop.ozone.protocolPB.OzoneManagerProtocolServerSideTranslatorPB.submitRequestDirectlyToOM(OzoneManagerProtocolServerSideTranslatorPB.java:296)
	at org.apache.hadoop.ozone.protocolPB.OzoneManagerProtocolServerSideTranslatorPB.processRequest(OzoneManagerProtocolServerSideTranslatorPB.java:182)
	at org.apache.hadoop.hdds.server.OzoneProtocolMessageDispatcher.processRequest(OzoneProtocolMessageDispatcher.java:89)
	at org.apache.hadoop.ozone.protocolPB.OzoneManagerProtocolServerSideTranslatorPB.submitRequest(OzoneManagerProtocolServerSideTranslatorPB.java:157)
	at org.apache.hadoop.ozone.protocol.proto.OzoneManagerProtocolProtos$OzoneManagerService$2.callBlockingMethod(OzoneManagerProtocolProtos.java)
	at org.apache.hadoop.ipc.ProtobufRpcEngine$Server.processCall(ProtobufRpcEngine.java:484)
	at org.apache.hadoop.ipc.ProtobufRpcEngine2$Server$ProtoBufRpcInvoker.call(ProtobufRpcEngine2.java:595)
	at org.apache.hadoop.ipc.ProtobufRpcEngine2$Server$ProtoBufRpcInvoker.call(ProtobufRpcEngine2.java:573)
	at org.apache.hadoop.ipc.RPC$Server.call(RPC.java:1227)
	at org.apache.hadoop.ipc.Server$RpcCall.run(Server.java:1094)
	at org.apache.hadoop.ipc.Server$RpcCall.run(Server.java:1017)
	at java.security.AccessController.doPrivileged(Native Method)
	at javax.security.auth.Subject.doAs(Subject.java:422)
	at org.apache.hadoop.security.UserGroupInformation.doAs(UserGroupInformation.java:1899)
	at org.apache.hadoop.ipc.Server$Handler.run(Server.java:3048)
2023-11-03 16:43:28,320 [Time-limited test] WARN  ozone.BasicOzoneClientAdapterImpl (BasicOzoneClientAdapterImpl.java:deleteObject(361)) - delete key failed Unable to get file status: volume: volume80570 bucket: bucket63586 key: d1/d3/noexist
]]></system-out>
  </testcase>
  <testcase name="testRenameParentBucketModificationTime" classname="TestOzoneFileSystemWithFSO" time="0.24"/>
  <testcase name="testRenameParentBucketModificationTime" classname="TestOzoneFileSystemWithFSO" time="0.096"/>
  <testcase name="testCreateFile" classname="TestOzoneFileSystemWithFSO" time="0.037"/>
  <testcase name="testCreateFile" classname="TestOzoneFileSystemWithFSO" time="0.023"/>
  <testcase name="testListStatusWithoutRecursiveSearch" classname="TestOzoneFileSystemWithFSO" time="0.167">
    <system-out><![CDATA[16:42:53.996 [IPC Server handler 7 on default port 15004] ERROR OMAudit - user=runner | ip=127.0.0.1 | op=LIST_STATUS {volume=volume13981, bucket=bucket57402, key=key2, dataSize=0, replicationConfig=null} | ret=FAILURE
org.apache.hadoop.ozone.om.exceptions.OMException: Unable to get file status: volume: volume13981 bucket: bucket57402 key: key2
	at org.apache.hadoop.ozone.om.KeyManagerImpl.getOzoneFileStatusFSO(KeyManagerImpl.java:1359) ~[ozone-manager-1.4.0-SNAPSHOT.jar:?]
	at org.apache.hadoop.ozone.om.OzoneListStatusHelper.listStatusFSO(OzoneListStatusHelper.java:154) ~[ozone-manager-1.4.0-SNAPSHOT.jar:?]
	at org.apache.hadoop.ozone.om.KeyManagerImpl.listStatus(KeyManagerImpl.java:1570) ~[ozone-manager-1.4.0-SNAPSHOT.jar:?]
	at org.apache.hadoop.ozone.om.OmMetadataReader.listStatus(OmMetadataReader.java:240) ~[ozone-manager-1.4.0-SNAPSHOT.jar:?]
	at org.apache.hadoop.ozone.om.OzoneManager.listStatus(OzoneManager.java:3641) ~[ozone-manager-1.4.0-SNAPSHOT.jar:?]
	at org.apache.hadoop.ozone.protocolPB.OzoneManagerRequestHandler.listStatus(OzoneManagerRequestHandler.java:1177) ~[ozone-manager-1.4.0-SNAPSHOT.jar:?]
	at org.apache.hadoop.ozone.protocolPB.OzoneManagerRequestHandler.handleReadRequest(OzoneManagerRequestHandler.java:273) ~[ozone-manager-1.4.0-SNAPSHOT.jar:?]
	at org.apache.hadoop.ozone.protocolPB.OzoneManagerProtocolServerSideTranslatorPB.submitReadRequestToOM(OzoneManagerProtocolServerSideTranslatorPB.java:241) ~[ozone-manager-1.4.0-SNAPSHOT.jar:?]
	at org.apache.hadoop.ozone.protocolPB.OzoneManagerProtocolServerSideTranslatorPB.processRequest(OzoneManagerProtocolServerSideTranslatorPB.java:186) ~[ozone-manager-1.4.0-SNAPSHOT.jar:?]
	at org.apache.hadoop.hdds.server.OzoneProtocolMessageDispatcher.processRequest(OzoneProtocolMessageDispatcher.java:89) [hdds-server-framework-1.4.0-SNAPSHOT.jar:?]
	at org.apache.hadoop.ozone.protocolPB.OzoneManagerProtocolServerSideTranslatorPB.submitRequest(OzoneManagerProtocolServerSideTranslatorPB.java:157) [ozone-manager-1.4.0-SNAPSHOT.jar:?]
	at org.apache.hadoop.ozone.protocol.proto.OzoneManagerProtocolProtos$OzoneManagerService$2.callBlockingMethod(OzoneManagerProtocolProtos.java) [ozone-interface-client-1.4.0-SNAPSHOT.jar:?]
	at org.apache.hadoop.ipc.ProtobufRpcEngine$Server.processCall(ProtobufRpcEngine.java:484) [hadoop-common-3.3.6.jar:?]
	at org.apache.hadoop.ipc.ProtobufRpcEngine2$Server$ProtoBufRpcInvoker.call(ProtobufRpcEngine2.java:595) [hadoop-common-3.3.6.jar:?]
	at org.apache.hadoop.ipc.ProtobufRpcEngine2$Server$ProtoBufRpcInvoker.call(ProtobufRpcEngine2.java:573) [hadoop-common-3.3.6.jar:?]
	at org.apache.hadoop.ipc.RPC$Server.call(RPC.java:1227) [hadoop-common-3.3.6.jar:?]
	at org.apache.hadoop.ipc.Server$RpcCall.run(Server.java:1094) [hadoop-common-3.3.6.jar:?]
	at org.apache.hadoop.ipc.Server$RpcCall.run(Server.java:1017) [hadoop-common-3.3.6.jar:?]
	at java.security.AccessController.doPrivileged(Native Method) ~[?:1.8.0_382]
	at javax.security.auth.Subject.doAs(Subject.java:422) [?:1.8.0_382]
	at org.apache.hadoop.security.UserGroupInformation.doAs(UserGroupInformation.java:1899) [hadoop-common-3.3.6.jar:?]
	at org.apache.hadoop.ipc.Server$Handler.run(Server.java:3048) [hadoop-common-3.3.6.jar:?]
16:42:54.000 [IPC Server handler 1 on default port 15004] ERROR OMAudit - user=runner | ip=127.0.0.1 | op=LIST_STATUS {volume=volume13981, bucket=bucket57402, key=d1/d2/key2, dataSize=0, replicationConfig=null} | ret=FAILURE
org.apache.hadoop.ozone.om.exceptions.OMException: Unable to get file status: volume: volume13981 bucket: bucket57402 key: d1/d2/key2
	at org.apache.hadoop.ozone.om.KeyManagerImpl.getOzoneFileStatusFSO(KeyManagerImpl.java:1359) ~[ozone-manager-1.4.0-SNAPSHOT.jar:?]
	at org.apache.hadoop.ozone.om.OzoneListStatusHelper.listStatusFSO(OzoneListStatusHelper.java:154) ~[ozone-manager-1.4.0-SNAPSHOT.jar:?]
	at org.apache.hadoop.ozone.om.KeyManagerImpl.listStatus(KeyManagerImpl.java:1570) ~[ozone-manager-1.4.0-SNAPSHOT.jar:?]
	at org.apache.hadoop.ozone.om.OmMetadataReader.listStatus(OmMetadataReader.java:240) ~[ozone-manager-1.4.0-SNAPSHOT.jar:?]
	at org.apache.hadoop.ozone.om.OzoneManager.listStatus(OzoneManager.java:3641) ~[ozone-manager-1.4.0-SNAPSHOT.jar:?]
	at org.apache.hadoop.ozone.protocolPB.OzoneManagerRequestHandler.listStatus(OzoneManagerRequestHandler.java:1177) ~[ozone-manager-1.4.0-SNAPSHOT.jar:?]
	at org.apache.hadoop.ozone.protocolPB.OzoneManagerRequestHandler.handleReadRequest(OzoneManagerRequestHandler.java:273) ~[ozone-manager-1.4.0-SNAPSHOT.jar:?]
	at org.apache.hadoop.ozone.protocolPB.OzoneManagerProtocolServerSideTranslatorPB.submitReadRequestToOM(OzoneManagerProtocolServerSideTranslatorPB.java:241) ~[ozone-manager-1.4.0-SNAPSHOT.jar:?]
	at org.apache.hadoop.ozone.protocolPB.OzoneManagerProtocolServerSideTranslatorPB.processRequest(OzoneManagerProtocolServerSideTranslatorPB.java:186) ~[ozone-manager-1.4.0-SNAPSHOT.jar:?]
	at org.apache.hadoop.hdds.server.OzoneProtocolMessageDispatcher.processRequest(OzoneProtocolMessageDispatcher.java:89) [hdds-server-framework-1.4.0-SNAPSHOT.jar:?]
	at org.apache.hadoop.ozone.protocolPB.OzoneManagerProtocolServerSideTranslatorPB.submitRequest(OzoneManagerProtocolServerSideTranslatorPB.java:157) [ozone-manager-1.4.0-SNAPSHOT.jar:?]
	at org.apache.hadoop.ozone.protocol.proto.OzoneManagerProtocolProtos$OzoneManagerService$2.callBlockingMethod(OzoneManagerProtocolProtos.java) [ozone-interface-client-1.4.0-SNAPSHOT.jar:?]
	at org.apache.hadoop.ipc.ProtobufRpcEngine$Server.processCall(ProtobufRpcEngine.java:484) [hadoop-common-3.3.6.jar:?]
	at org.apache.hadoop.ipc.ProtobufRpcEngine2$Server$ProtoBufRpcInvoker.call(ProtobufRpcEngine2.java:595) [hadoop-common-3.3.6.jar:?]
	at org.apache.hadoop.ipc.ProtobufRpcEngine2$Server$ProtoBufRpcInvoker.call(ProtobufRpcEngine2.java:573) [hadoop-common-3.3.6.jar:?]
	at org.apache.hadoop.ipc.RPC$Server.call(RPC.java:1227) [hadoop-common-3.3.6.jar:?]
	at org.apache.hadoop.ipc.Server$RpcCall.run(Server.java:1094) [hadoop-common-3.3.6.jar:?]
	at org.apache.hadoop.ipc.Server$RpcCall.run(Server.java:1017) [hadoop-common-3.3.6.jar:?]
	at java.security.AccessController.doPrivileged(Native Method) ~[?:1.8.0_382]
	at javax.security.auth.Subject.doAs(Subject.java:422) [?:1.8.0_382]
	at org.apache.hadoop.security.UserGroupInformation.doAs(UserGroupInformation.java:1899) [hadoop-common-3.3.6.jar:?]
	at org.apache.hadoop.ipc.Server$Handler.run(Server.java:3048) [hadoop-common-3.3.6.jar:?]
]]></system-out>
  </testcase>
  <testcase name="testListStatusWithoutRecursiveSearch" classname="TestOzoneFileSystemWithFSO" time="0.068">
    <system-out><![CDATA[16:43:28.501 [IPC Server handler 17 on default port 15057] ERROR OMAudit - user=runner | ip=127.0.0.1 | op=LIST_STATUS {volume=volume80570, bucket=bucket63586, key=key2, dataSize=0, replicationConfig=null} | ret=FAILURE
org.apache.hadoop.ozone.om.exceptions.OMException: Unable to get file status: volume: volume80570 bucket: bucket63586 key: key2
	at org.apache.hadoop.ozone.om.KeyManagerImpl.getOzoneFileStatusFSO(KeyManagerImpl.java:1359) ~[ozone-manager-1.4.0-SNAPSHOT.jar:?]
	at org.apache.hadoop.ozone.om.OzoneListStatusHelper.listStatusFSO(OzoneListStatusHelper.java:154) ~[ozone-manager-1.4.0-SNAPSHOT.jar:?]
	at org.apache.hadoop.ozone.om.KeyManagerImpl.listStatus(KeyManagerImpl.java:1570) ~[ozone-manager-1.4.0-SNAPSHOT.jar:?]
	at org.apache.hadoop.ozone.om.OmMetadataReader.listStatus(OmMetadataReader.java:240) ~[ozone-manager-1.4.0-SNAPSHOT.jar:?]
	at org.apache.hadoop.ozone.om.OzoneManager.listStatus(OzoneManager.java:3641) ~[ozone-manager-1.4.0-SNAPSHOT.jar:?]
	at org.apache.hadoop.ozone.protocolPB.OzoneManagerRequestHandler.listStatus(OzoneManagerRequestHandler.java:1177) ~[ozone-manager-1.4.0-SNAPSHOT.jar:?]
	at org.apache.hadoop.ozone.protocolPB.OzoneManagerRequestHandler.handleReadRequest(OzoneManagerRequestHandler.java:273) ~[ozone-manager-1.4.0-SNAPSHOT.jar:?]
	at org.apache.hadoop.ozone.protocolPB.OzoneManagerProtocolServerSideTranslatorPB.submitRequestDirectlyToOM(OzoneManagerProtocolServerSideTranslatorPB.java:290) ~[ozone-manager-1.4.0-SNAPSHOT.jar:?]
	at org.apache.hadoop.ozone.protocolPB.OzoneManagerProtocolServerSideTranslatorPB.processRequest(OzoneManagerProtocolServerSideTranslatorPB.java:182) ~[ozone-manager-1.4.0-SNAPSHOT.jar:?]
	at org.apache.hadoop.hdds.server.OzoneProtocolMessageDispatcher.processRequest(OzoneProtocolMessageDispatcher.java:89) [hdds-server-framework-1.4.0-SNAPSHOT.jar:?]
	at org.apache.hadoop.ozone.protocolPB.OzoneManagerProtocolServerSideTranslatorPB.submitRequest(OzoneManagerProtocolServerSideTranslatorPB.java:157) [ozone-manager-1.4.0-SNAPSHOT.jar:?]
	at org.apache.hadoop.ozone.protocol.proto.OzoneManagerProtocolProtos$OzoneManagerService$2.callBlockingMethod(OzoneManagerProtocolProtos.java) [ozone-interface-client-1.4.0-SNAPSHOT.jar:?]
	at org.apache.hadoop.ipc.ProtobufRpcEngine$Server.processCall(ProtobufRpcEngine.java:484) [hadoop-common-3.3.6.jar:?]
	at org.apache.hadoop.ipc.ProtobufRpcEngine2$Server$ProtoBufRpcInvoker.call(ProtobufRpcEngine2.java:595) [hadoop-common-3.3.6.jar:?]
	at org.apache.hadoop.ipc.ProtobufRpcEngine2$Server$ProtoBufRpcInvoker.call(ProtobufRpcEngine2.java:573) [hadoop-common-3.3.6.jar:?]
	at org.apache.hadoop.ipc.RPC$Server.call(RPC.java:1227) [hadoop-common-3.3.6.jar:?]
	at org.apache.hadoop.ipc.Server$RpcCall.run(Server.java:1094) [hadoop-common-3.3.6.jar:?]
	at org.apache.hadoop.ipc.Server$RpcCall.run(Server.java:1017) [hadoop-common-3.3.6.jar:?]
	at java.security.AccessController.doPrivileged(Native Method) ~[?:1.8.0_382]
	at javax.security.auth.Subject.doAs(Subject.java:422) [?:1.8.0_382]
	at org.apache.hadoop.security.UserGroupInformation.doAs(UserGroupInformation.java:1899) [hadoop-common-3.3.6.jar:?]
	at org.apache.hadoop.ipc.Server$Handler.run(Server.java:3048) [hadoop-common-3.3.6.jar:?]
16:43:28.504 [IPC Server handler 19 on default port 15057] ERROR OMAudit - user=runner | ip=127.0.0.1 | op=LIST_STATUS {volume=volume80570, bucket=bucket63586, key=d1/d2/key2, dataSize=0, replicationConfig=null} | ret=FAILURE
org.apache.hadoop.ozone.om.exceptions.OMException: Unable to get file status: volume: volume80570 bucket: bucket63586 key: d1/d2/key2
	at org.apache.hadoop.ozone.om.KeyManagerImpl.getOzoneFileStatusFSO(KeyManagerImpl.java:1359) ~[ozone-manager-1.4.0-SNAPSHOT.jar:?]
	at org.apache.hadoop.ozone.om.OzoneListStatusHelper.listStatusFSO(OzoneListStatusHelper.java:154) ~[ozone-manager-1.4.0-SNAPSHOT.jar:?]
	at org.apache.hadoop.ozone.om.KeyManagerImpl.listStatus(KeyManagerImpl.java:1570) ~[ozone-manager-1.4.0-SNAPSHOT.jar:?]
	at org.apache.hadoop.ozone.om.OmMetadataReader.listStatus(OmMetadataReader.java:240) ~[ozone-manager-1.4.0-SNAPSHOT.jar:?]
	at org.apache.hadoop.ozone.om.OzoneManager.listStatus(OzoneManager.java:3641) ~[ozone-manager-1.4.0-SNAPSHOT.jar:?]
	at org.apache.hadoop.ozone.protocolPB.OzoneManagerRequestHandler.listStatus(OzoneManagerRequestHandler.java:1177) ~[ozone-manager-1.4.0-SNAPSHOT.jar:?]
	at org.apache.hadoop.ozone.protocolPB.OzoneManagerRequestHandler.handleReadRequest(OzoneManagerRequestHandler.java:273) ~[ozone-manager-1.4.0-SNAPSHOT.jar:?]
	at org.apache.hadoop.ozone.protocolPB.OzoneManagerProtocolServerSideTranslatorPB.submitRequestDirectlyToOM(OzoneManagerProtocolServerSideTranslatorPB.java:290) ~[ozone-manager-1.4.0-SNAPSHOT.jar:?]
	at org.apache.hadoop.ozone.protocolPB.OzoneManagerProtocolServerSideTranslatorPB.processRequest(OzoneManagerProtocolServerSideTranslatorPB.java:182) ~[ozone-manager-1.4.0-SNAPSHOT.jar:?]
	at org.apache.hadoop.hdds.server.OzoneProtocolMessageDispatcher.processRequest(OzoneProtocolMessageDispatcher.java:89) [hdds-server-framework-1.4.0-SNAPSHOT.jar:?]
	at org.apache.hadoop.ozone.protocolPB.OzoneManagerProtocolServerSideTranslatorPB.submitRequest(OzoneManagerProtocolServerSideTranslatorPB.java:157) [ozone-manager-1.4.0-SNAPSHOT.jar:?]
	at org.apache.hadoop.ozone.protocol.proto.OzoneManagerProtocolProtos$OzoneManagerService$2.callBlockingMethod(OzoneManagerProtocolProtos.java) [ozone-interface-client-1.4.0-SNAPSHOT.jar:?]
	at org.apache.hadoop.ipc.ProtobufRpcEngine$Server.processCall(ProtobufRpcEngine.java:484) [hadoop-common-3.3.6.jar:?]
	at org.apache.hadoop.ipc.ProtobufRpcEngine2$Server$ProtoBufRpcInvoker.call(ProtobufRpcEngine2.java:595) [hadoop-common-3.3.6.jar:?]
	at org.apache.hadoop.ipc.ProtobufRpcEngine2$Server$ProtoBufRpcInvoker.call(ProtobufRpcEngine2.java:573) [hadoop-common-3.3.6.jar:?]
	at org.apache.hadoop.ipc.RPC$Server.call(RPC.java:1227) [hadoop-common-3.3.6.jar:?]
	at org.apache.hadoop.ipc.Server$RpcCall.run(Server.java:1094) [hadoop-common-3.3.6.jar:?]
	at org.apache.hadoop.ipc.Server$RpcCall.run(Server.java:1017) [hadoop-common-3.3.6.jar:?]
	at java.security.AccessController.doPrivileged(Native Method) ~[?:1.8.0_382]
	at javax.security.auth.Subject.doAs(Subject.java:422) [?:1.8.0_382]
	at org.apache.hadoop.security.UserGroupInformation.doAs(UserGroupInformation.java:1899) [hadoop-common-3.3.6.jar:?]
	at org.apache.hadoop.ipc.Server$Handler.run(Server.java:3048) [hadoop-common-3.3.6.jar:?]
]]></system-out>
  </testcase>
  <testcase name="testGetTrashRoot" classname="TestOzoneFileSystemWithFSO" time="0.015"/>
  <testcase name="testGetTrashRoot" classname="TestOzoneFileSystemWithFSO" time="0.006"/>
  <testcase name="testSeekOnFileLength" classname="TestOzoneFileSystemWithFSO" time="0.176">
    <system-out><![CDATA[2023-11-03 16:42:54,171 [IPC Server handler 19 on default port 15001] WARN  node.SCMNodeManager (SCMNodeManager.java:getNodesByAddress(1373)) - Cannot find node for address 127.0.0.1
16:42:54.205 [IPC Server handler 13 on default port 15004] ERROR OMAudit - user=runner | ip=127.0.0.1 | op=READ_KEY {volume=volume13981, bucket=bucket57402, key=file_notexist, dataSize=0, replicationConfig=null} | ret=FAILURE
org.apache.hadoop.ozone.om.exceptions.OMException: Key:file_notexist not found
	at org.apache.hadoop.ozone.om.KeyManagerImpl.readKeyInfo(KeyManagerImpl.java:453) ~[ozone-manager-1.4.0-SNAPSHOT.jar:?]
	at org.apache.hadoop.ozone.om.KeyManagerImpl.lambda$9(KeyManagerImpl.java:2014) ~[ozone-manager-1.4.0-SNAPSHOT.jar:?]
	at org.apache.hadoop.util.MetricUtil.captureLatencyNs(MetricUtil.java:39) ~[hdds-common-1.4.0-SNAPSHOT.jar:?]
	at org.apache.hadoop.ozone.om.KeyManagerImpl.getKeyInfo(KeyManagerImpl.java:2012) ~[ozone-manager-1.4.0-SNAPSHOT.jar:?]
	at org.apache.hadoop.ozone.om.OmMetadataReader.getKeyInfo(OmMetadataReader.java:190) ~[ozone-manager-1.4.0-SNAPSHOT.jar:?]
	at org.apache.hadoop.ozone.om.OzoneManager.getKeyInfo(OzoneManager.java:2877) ~[ozone-manager-1.4.0-SNAPSHOT.jar:?]
	at org.apache.hadoop.ozone.protocolPB.OzoneManagerRequestHandler.getKeyInfo(OzoneManagerRequestHandler.java:601) ~[ozone-manager-1.4.0-SNAPSHOT.jar:?]
	at org.apache.hadoop.ozone.protocolPB.OzoneManagerRequestHandler.handleReadRequest(OzoneManagerRequestHandler.java:322) ~[ozone-manager-1.4.0-SNAPSHOT.jar:?]
	at org.apache.hadoop.ozone.protocolPB.OzoneManagerProtocolServerSideTranslatorPB.submitReadRequestToOM(OzoneManagerProtocolServerSideTranslatorPB.java:241) ~[ozone-manager-1.4.0-SNAPSHOT.jar:?]
	at org.apache.hadoop.ozone.protocolPB.OzoneManagerProtocolServerSideTranslatorPB.processRequest(OzoneManagerProtocolServerSideTranslatorPB.java:186) ~[ozone-manager-1.4.0-SNAPSHOT.jar:?]
	at org.apache.hadoop.hdds.server.OzoneProtocolMessageDispatcher.processRequest(OzoneProtocolMessageDispatcher.java:89) [hdds-server-framework-1.4.0-SNAPSHOT.jar:?]
	at org.apache.hadoop.ozone.protocolPB.OzoneManagerProtocolServerSideTranslatorPB.submitRequest(OzoneManagerProtocolServerSideTranslatorPB.java:157) [ozone-manager-1.4.0-SNAPSHOT.jar:?]
	at org.apache.hadoop.ozone.protocol.proto.OzoneManagerProtocolProtos$OzoneManagerService$2.callBlockingMethod(OzoneManagerProtocolProtos.java) [ozone-interface-client-1.4.0-SNAPSHOT.jar:?]
	at org.apache.hadoop.ipc.ProtobufRpcEngine$Server.processCall(ProtobufRpcEngine.java:484) [hadoop-common-3.3.6.jar:?]
	at org.apache.hadoop.ipc.ProtobufRpcEngine2$Server$ProtoBufRpcInvoker.call(ProtobufRpcEngine2.java:595) [hadoop-common-3.3.6.jar:?]
	at org.apache.hadoop.ipc.ProtobufRpcEngine2$Server$ProtoBufRpcInvoker.call(ProtobufRpcEngine2.java:573) [hadoop-common-3.3.6.jar:?]
	at org.apache.hadoop.ipc.RPC$Server.call(RPC.java:1227) [hadoop-common-3.3.6.jar:?]
	at org.apache.hadoop.ipc.Server$RpcCall.run(Server.java:1094) [hadoop-common-3.3.6.jar:?]
	at org.apache.hadoop.ipc.Server$RpcCall.run(Server.java:1017) [hadoop-common-3.3.6.jar:?]
	at java.security.AccessController.doPrivileged(Native Method) ~[?:1.8.0_382]
	at javax.security.auth.Subject.doAs(Subject.java:422) [?:1.8.0_382]
	at org.apache.hadoop.security.UserGroupInformation.doAs(UserGroupInformation.java:1899) [hadoop-common-3.3.6.jar:?]
	at org.apache.hadoop.ipc.Server$Handler.run(Server.java:3048) [hadoop-common-3.3.6.jar:?]
]]></system-out>
  </testcase>
  <testcase name="testSeekOnFileLength" classname="TestOzoneFileSystemWithFSO" time="0.126">
    <system-out><![CDATA[2023-11-03 16:43:28,635 [IPC Server handler 0 on default port 15054] WARN  node.SCMNodeManager (SCMNodeManager.java:getNodesByAddress(1373)) - Cannot find node for address 127.0.0.1
16:43:28.641 [IPC Server handler 9 on default port 15057] ERROR OMAudit - user=runner | ip=127.0.0.1 | op=READ_KEY {volume=volume80570, bucket=bucket63586, key=file_notexist, dataSize=0, replicationConfig=null} | ret=FAILURE
org.apache.hadoop.ozone.om.exceptions.OMException: Key:file_notexist not found
	at org.apache.hadoop.ozone.om.KeyManagerImpl.readKeyInfo(KeyManagerImpl.java:453) ~[ozone-manager-1.4.0-SNAPSHOT.jar:?]
	at org.apache.hadoop.ozone.om.KeyManagerImpl.lambda$9(KeyManagerImpl.java:2014) ~[ozone-manager-1.4.0-SNAPSHOT.jar:?]
	at org.apache.hadoop.util.MetricUtil.captureLatencyNs(MetricUtil.java:39) ~[hdds-common-1.4.0-SNAPSHOT.jar:?]
	at org.apache.hadoop.ozone.om.KeyManagerImpl.getKeyInfo(KeyManagerImpl.java:2012) ~[ozone-manager-1.4.0-SNAPSHOT.jar:?]
	at org.apache.hadoop.ozone.om.OmMetadataReader.getKeyInfo(OmMetadataReader.java:190) ~[ozone-manager-1.4.0-SNAPSHOT.jar:?]
	at org.apache.hadoop.ozone.om.OzoneManager.getKeyInfo(OzoneManager.java:2877) ~[ozone-manager-1.4.0-SNAPSHOT.jar:?]
	at org.apache.hadoop.ozone.protocolPB.OzoneManagerRequestHandler.getKeyInfo(OzoneManagerRequestHandler.java:601) ~[ozone-manager-1.4.0-SNAPSHOT.jar:?]
	at org.apache.hadoop.ozone.protocolPB.OzoneManagerRequestHandler.handleReadRequest(OzoneManagerRequestHandler.java:322) ~[ozone-manager-1.4.0-SNAPSHOT.jar:?]
	at org.apache.hadoop.ozone.protocolPB.OzoneManagerProtocolServerSideTranslatorPB.submitRequestDirectlyToOM(OzoneManagerProtocolServerSideTranslatorPB.java:290) ~[ozone-manager-1.4.0-SNAPSHOT.jar:?]
	at org.apache.hadoop.ozone.protocolPB.OzoneManagerProtocolServerSideTranslatorPB.processRequest(OzoneManagerProtocolServerSideTranslatorPB.java:182) ~[ozone-manager-1.4.0-SNAPSHOT.jar:?]
	at org.apache.hadoop.hdds.server.OzoneProtocolMessageDispatcher.processRequest(OzoneProtocolMessageDispatcher.java:89) [hdds-server-framework-1.4.0-SNAPSHOT.jar:?]
	at org.apache.hadoop.ozone.protocolPB.OzoneManagerProtocolServerSideTranslatorPB.submitRequest(OzoneManagerProtocolServerSideTranslatorPB.java:157) [ozone-manager-1.4.0-SNAPSHOT.jar:?]
	at org.apache.hadoop.ozone.protocol.proto.OzoneManagerProtocolProtos$OzoneManagerService$2.callBlockingMethod(OzoneManagerProtocolProtos.java) [ozone-interface-client-1.4.0-SNAPSHOT.jar:?]
	at org.apache.hadoop.ipc.ProtobufRpcEngine$Server.processCall(ProtobufRpcEngine.java:484) [hadoop-common-3.3.6.jar:?]
	at org.apache.hadoop.ipc.ProtobufRpcEngine2$Server$ProtoBufRpcInvoker.call(ProtobufRpcEngine2.java:595) [hadoop-common-3.3.6.jar:?]
	at org.apache.hadoop.ipc.ProtobufRpcEngine2$Server$ProtoBufRpcInvoker.call(ProtobufRpcEngine2.java:573) [hadoop-common-3.3.6.jar:?]
	at org.apache.hadoop.ipc.RPC$Server.call(RPC.java:1227) [hadoop-common-3.3.6.jar:?]
	at org.apache.hadoop.ipc.Server$RpcCall.run(Server.java:1094) [hadoop-common-3.3.6.jar:?]
	at org.apache.hadoop.ipc.Server$RpcCall.run(Server.java:1017) [hadoop-common-3.3.6.jar:?]
	at java.security.AccessController.doPrivileged(Native Method) ~[?:1.8.0_382]
	at javax.security.auth.Subject.doAs(Subject.java:422) [?:1.8.0_382]
	at org.apache.hadoop.security.UserGroupInformation.doAs(UserGroupInformation.java:1899) [hadoop-common-3.3.6.jar:?]
	at org.apache.hadoop.ipc.Server$Handler.run(Server.java:3048) [hadoop-common-3.3.6.jar:?]
]]></system-out>
  </testcase>
  <testcase name="testRenameFile" classname="TestOzoneFileSystemWithFSO" time="0.069">
    <failure type="java.lang.AssertionError"><![CDATA[java.lang.AssertionError: Renamed failed expected:<1> but was:<2>
	at org.junit.Assert.fail(Assert.java:89)
	at org.junit.Assert.failNotEquals(Assert.java:835)
	at org.junit.Assert.assertEquals(Assert.java:647)
	at org.apache.hadoop.fs.ozone.TestOzoneFileSystem.testRenameFile(TestOzoneFileSystem.java:1281)
	at sun.reflect.NativeMethodAccessorImpl.invoke0(Native Method)
	at sun.reflect.NativeMethodAccessorImpl.invoke(NativeMethodAccessorImpl.java:62)
	at sun.reflect.DelegatingMethodAccessorImpl.invoke(DelegatingMethodAccessorImpl.java:43)
	at java.lang.reflect.Method.invoke(Method.java:498)
	at org.junit.runners.model.FrameworkMethod$1.runReflectiveCall(FrameworkMethod.java:59)
	at org.junit.internal.runners.model.ReflectiveCallable.run(ReflectiveCallable.java:12)
	at org.junit.runners.model.FrameworkMethod.invokeExplosively(FrameworkMethod.java:56)
	at org.junit.internal.runners.statements.InvokeMethod.evaluate(InvokeMethod.java:17)
	at org.junit.internal.runners.statements.RunAfters.evaluate(RunAfters.java:27)
	at org.junit.internal.runners.statements.FailOnTimeout$CallableStatement.call(FailOnTimeout.java:288)
	at org.junit.internal.runners.statements.FailOnTimeout$CallableStatement.call(FailOnTimeout.java:282)
	at java.util.concurrent.FutureTask.run(FutureTask.java:266)
	at java.lang.Thread.run(Thread.java:750)
]]></failure>
  </testcase>
  <testcase name="testRenameFile" classname="TestOzoneFileSystemWithFSO" time="0.039"/>
  <testcase name="testRenameDir" classname="TestOzoneFileSystemWithFSO" time="0.046">
    <system-out><![CDATA[2023-11-03 16:42:54,313 [Time-limited test] INFO  ozone.TestOzoneFileSystem (TestOzoneFileSystem.java:testRenameDir(1399)) - Created dir o3fs://bucket57402.volume13981/root_dir/dir1/sub_dir1
2023-11-03 16:42:54,314 [Time-limited test] INFO  ozone.TestOzoneFileSystem (TestOzoneFileSystem.java:testRenameDir(1400)) - Will move o3fs://bucket57402.volume13981/root_dir/dir1 to o3fs://bucket57402.volume13981/root_dir/dir1.renamed
]]></system-out>
  </testcase>
  <testcase name="testRenameDir" classname="TestOzoneFileSystemWithFSO" time="0.015">
    <system-out><![CDATA[2023-11-03 16:43:28,691 [Time-limited test] INFO  ozone.TestOzoneFileSystem (TestOzoneFileSystem.java:testRenameDir(1399)) - Created dir o3fs://bucket63586.volume80570/root_dir/dir1/sub_dir1
2023-11-03 16:43:28,691 [Time-limited test] INFO  ozone.TestOzoneFileSystem (TestOzoneFileSystem.java:testRenameDir(1400)) - Will move o3fs://bucket63586.volume80570/root_dir/dir1 to o3fs://bucket63586.volume80570/root_dir/dir1.renamed
]]></system-out>
  </testcase>
  <testcase name="testListStatusIteratorOnSubDirs" classname="TestOzoneFileSystemWithFSO" time="0.061"/>
  <testcase name="testListStatusIteratorOnSubDirs" classname="TestOzoneFileSystemWithFSO" time="0.027"/>
  <testcase name="testAllocateMoreThanOneBlock" classname="TestOzoneFileSystemWithFSO" time="0.575">
    <system-out><![CDATA[2023-11-03 16:42:54,961 [IPC Server handler 9 on default port 15001] WARN  node.SCMNodeManager (SCMNodeManager.java:getNodesByAddress(1373)) - Cannot find node for address 127.0.0.1
]]></system-out>
  </testcase>
  <testcase name="testAllocateMoreThanOneBlock" classname="TestOzoneFileSystemWithFSO" time="0.448">
    <system-out><![CDATA[2023-11-03 16:43:29,165 [IPC Server handler 2 on default port 15054] WARN  node.SCMNodeManager (SCMNodeManager.java:getNodesByAddress(1373)) - Cannot find node for address 127.0.0.1
]]></system-out>
  </testcase>
  <testcase name="testRenameToExistingDir" classname="TestOzoneFileSystemWithFSO" time="0.044"/>
  <testcase name="testRenameToExistingDir" classname="TestOzoneFileSystemWithFSO" time="0.02"/>
  <testcase name="testGetDirectoryModificationTime" classname="TestOzoneFileSystemWithFSO" time="0">
    <skipped type="org.junit.AssumptionViolatedException"><![CDATA[org.junit.AssumptionViolatedException: got: <true>, expected: is <false>
	at org.junit.Assume.assumeThat(Assume.java:106)
	at org.junit.Assume.assumeFalse(Assume.java:57)
	at org.apache.hadoop.fs.ozone.TestOzoneFileSystem.testGetDirectoryModificationTime(TestOzoneFileSystem.java:1432)
	at sun.reflect.NativeMethodAccessorImpl.invoke0(Native Method)
	at sun.reflect.NativeMethodAccessorImpl.invoke(NativeMethodAccessorImpl.java:62)
	at sun.reflect.DelegatingMethodAccessorImpl.invoke(DelegatingMethodAccessorImpl.java:43)
	at java.lang.reflect.Method.invoke(Method.java:498)
	at org.junit.runners.model.FrameworkMethod$1.runReflectiveCall(FrameworkMethod.java:59)
	at org.junit.internal.runners.model.ReflectiveCallable.run(ReflectiveCallable.java:12)
	at org.junit.runners.model.FrameworkMethod.invokeExplosively(FrameworkMethod.java:56)
	at org.junit.internal.runners.statements.InvokeMethod.evaluate(InvokeMethod.java:17)
	at org.junit.internal.runners.statements.RunAfters.evaluate(RunAfters.java:27)
	at org.junit.internal.runners.statements.FailOnTimeout$CallableStatement.call(FailOnTimeout.java:288)
	at org.junit.internal.runners.statements.FailOnTimeout$CallableStatement.call(FailOnTimeout.java:282)
	at java.util.concurrent.FutureTask.run(FutureTask.java:266)
	at java.lang.Thread.run(Thread.java:750)
]]></skipped>
  </testcase>
  <testcase name="testGetDirectoryModificationTime" classname="TestOzoneFileSystemWithFSO" time="0">
    <skipped type="org.junit.AssumptionViolatedException"><![CDATA[org.junit.AssumptionViolatedException: got: <true>, expected: is <false>
	at org.junit.Assume.assumeThat(Assume.java:106)
	at org.junit.Assume.assumeFalse(Assume.java:57)
	at org.apache.hadoop.fs.ozone.TestOzoneFileSystem.testGetDirectoryModificationTime(TestOzoneFileSystem.java:1432)
	at sun.reflect.NativeMethodAccessorImpl.invoke0(Native Method)
	at sun.reflect.NativeMethodAccessorImpl.invoke(NativeMethodAccessorImpl.java:62)
	at sun.reflect.DelegatingMethodAccessorImpl.invoke(DelegatingMethodAccessorImpl.java:43)
	at java.lang.reflect.Method.invoke(Method.java:498)
	at org.junit.runners.model.FrameworkMethod$1.runReflectiveCall(FrameworkMethod.java:59)
	at org.junit.internal.runners.model.ReflectiveCallable.run(ReflectiveCallable.java:12)
	at org.junit.runners.model.FrameworkMethod.invokeExplosively(FrameworkMethod.java:56)
	at org.junit.internal.runners.statements.InvokeMethod.evaluate(InvokeMethod.java:17)
	at org.junit.internal.runners.statements.RunAfters.evaluate(RunAfters.java:27)
	at org.junit.internal.runners.statements.FailOnTimeout$CallableStatement.call(FailOnTimeout.java:288)
	at org.junit.internal.runners.statements.FailOnTimeout$CallableStatement.call(FailOnTimeout.java:282)
	at java.util.concurrent.FutureTask.run(FutureTask.java:266)
	at java.lang.Thread.run(Thread.java:750)
]]></skipped>
  </testcase>
  <testcase name="testOzoneFsServiceLoader" classname="TestOzoneFileSystemWithFSO" time="0">
    <skipped type="org.junit.AssumptionViolatedException"><![CDATA[org.junit.AssumptionViolatedException: got: <true>, expected: is <false>
	at org.junit.Assume.assumeThat(Assume.java:106)
	at org.junit.Assume.assumeFalse(Assume.java:57)
	at org.apache.hadoop.fs.ozone.TestOzoneFileSystem.testOzoneFsServiceLoader(TestOzoneFileSystem.java:413)
	at sun.reflect.NativeMethodAccessorImpl.invoke0(Native Method)
	at sun.reflect.NativeMethodAccessorImpl.invoke(NativeMethodAccessorImpl.java:62)
	at sun.reflect.DelegatingMethodAccessorImpl.invoke(DelegatingMethodAccessorImpl.java:43)
	at java.lang.reflect.Method.invoke(Method.java:498)
	at org.junit.runners.model.FrameworkMethod$1.runReflectiveCall(FrameworkMethod.java:59)
	at org.junit.internal.runners.model.ReflectiveCallable.run(ReflectiveCallable.java:12)
	at org.junit.runners.model.FrameworkMethod.invokeExplosively(FrameworkMethod.java:56)
	at org.junit.internal.runners.statements.InvokeMethod.evaluate(InvokeMethod.java:17)
	at org.junit.internal.runners.statements.RunAfters.evaluate(RunAfters.java:27)
	at org.junit.internal.runners.statements.FailOnTimeout$CallableStatement.call(FailOnTimeout.java:288)
	at org.junit.internal.runners.statements.FailOnTimeout$CallableStatement.call(FailOnTimeout.java:282)
	at java.util.concurrent.FutureTask.run(FutureTask.java:266)
	at java.lang.Thread.run(Thread.java:750)
]]></skipped>
  </testcase>
  <testcase name="testOzoneFsServiceLoader" classname="TestOzoneFileSystemWithFSO" time="0">
    <skipped type="org.junit.AssumptionViolatedException"><![CDATA[org.junit.AssumptionViolatedException: got: <true>, expected: is <false>
	at org.junit.Assume.assumeThat(Assume.java:106)
	at org.junit.Assume.assumeFalse(Assume.java:57)
	at org.apache.hadoop.fs.ozone.TestOzoneFileSystem.testOzoneFsServiceLoader(TestOzoneFileSystem.java:413)
	at sun.reflect.NativeMethodAccessorImpl.invoke0(Native Method)
	at sun.reflect.NativeMethodAccessorImpl.invoke(NativeMethodAccessorImpl.java:62)
	at sun.reflect.DelegatingMethodAccessorImpl.invoke(DelegatingMethodAccessorImpl.java:43)
	at java.lang.reflect.Method.invoke(Method.java:498)
	at org.junit.runners.model.FrameworkMethod$1.runReflectiveCall(FrameworkMethod.java:59)
	at org.junit.internal.runners.model.ReflectiveCallable.run(ReflectiveCallable.java:12)
	at org.junit.runners.model.FrameworkMethod.invokeExplosively(FrameworkMethod.java:56)
	at org.junit.internal.runners.statements.InvokeMethod.evaluate(InvokeMethod.java:17)
	at org.junit.internal.runners.statements.RunAfters.evaluate(RunAfters.java:27)
	at org.junit.internal.runners.statements.FailOnTimeout$CallableStatement.call(FailOnTimeout.java:288)
	at org.junit.internal.runners.statements.FailOnTimeout$CallableStatement.call(FailOnTimeout.java:282)
	at java.util.concurrent.FutureTask.run(FutureTask.java:266)
	at java.lang.Thread.run(Thread.java:750)
]]></skipped>
  </testcase>
  <testcase name="testTrash" classname="TestOzoneFileSystemWithFSO" time="3.509">
    <system-out><![CDATA[16:42:55.088 [IPC Server handler 19 on default port 15004] ERROR OMAudit - user=runner | ip=127.0.0.1 | op=GET_FILE_STATUS {volume=volume13981, bucket=bucket57402, key=.Trash/runner, dataSize=0, replicationConfig=null} | ret=FAILURE
org.apache.hadoop.ozone.om.exceptions.OMException: Unable to get file status: volume: volume13981 bucket: bucket57402 key: .Trash/runner
	at org.apache.hadoop.ozone.om.KeyManagerImpl.getOzoneFileStatusFSO(KeyManagerImpl.java:1359) ~[ozone-manager-1.4.0-SNAPSHOT.jar:?]
	at org.apache.hadoop.ozone.om.KeyManagerImpl.getFileStatus(KeyManagerImpl.java:1143) ~[ozone-manager-1.4.0-SNAPSHOT.jar:?]
	at org.apache.hadoop.ozone.om.OmMetadataReader.getFileStatus(OmMetadataReader.java:279) ~[ozone-manager-1.4.0-SNAPSHOT.jar:?]
	at org.apache.hadoop.ozone.om.OzoneManager.getFileStatus(OzoneManager.java:3611) ~[ozone-manager-1.4.0-SNAPSHOT.jar:?]
	at org.apache.hadoop.ozone.protocolPB.OzoneManagerRequestHandler.getOzoneFileStatus(OzoneManagerRequestHandler.java:1005) ~[ozone-manager-1.4.0-SNAPSHOT.jar:?]
	at org.apache.hadoop.ozone.protocolPB.OzoneManagerRequestHandler.handleReadRequest(OzoneManagerRequestHandler.java:262) ~[ozone-manager-1.4.0-SNAPSHOT.jar:?]
	at org.apache.hadoop.ozone.protocolPB.OzoneManagerProtocolServerSideTranslatorPB.submitReadRequestToOM(OzoneManagerProtocolServerSideTranslatorPB.java:241) ~[ozone-manager-1.4.0-SNAPSHOT.jar:?]
	at org.apache.hadoop.ozone.protocolPB.OzoneManagerProtocolServerSideTranslatorPB.processRequest(OzoneManagerProtocolServerSideTranslatorPB.java:186) ~[ozone-manager-1.4.0-SNAPSHOT.jar:?]
	at org.apache.hadoop.hdds.server.OzoneProtocolMessageDispatcher.processRequest(OzoneProtocolMessageDispatcher.java:89) [hdds-server-framework-1.4.0-SNAPSHOT.jar:?]
	at org.apache.hadoop.ozone.protocolPB.OzoneManagerProtocolServerSideTranslatorPB.submitRequest(OzoneManagerProtocolServerSideTranslatorPB.java:157) [ozone-manager-1.4.0-SNAPSHOT.jar:?]
	at org.apache.hadoop.ozone.protocol.proto.OzoneManagerProtocolProtos$OzoneManagerService$2.callBlockingMethod(OzoneManagerProtocolProtos.java) [ozone-interface-client-1.4.0-SNAPSHOT.jar:?]
	at org.apache.hadoop.ipc.ProtobufRpcEngine$Server.processCall(ProtobufRpcEngine.java:484) [hadoop-common-3.3.6.jar:?]
	at org.apache.hadoop.ipc.ProtobufRpcEngine2$Server$ProtoBufRpcInvoker.call(ProtobufRpcEngine2.java:595) [hadoop-common-3.3.6.jar:?]
	at org.apache.hadoop.ipc.ProtobufRpcEngine2$Server$ProtoBufRpcInvoker.call(ProtobufRpcEngine2.java:573) [hadoop-common-3.3.6.jar:?]
	at org.apache.hadoop.ipc.RPC$Server.call(RPC.java:1227) [hadoop-common-3.3.6.jar:?]
	at org.apache.hadoop.ipc.Server$RpcCall.run(Server.java:1094) [hadoop-common-3.3.6.jar:?]
	at org.apache.hadoop.ipc.Server$RpcCall.run(Server.java:1017) [hadoop-common-3.3.6.jar:?]
	at java.security.AccessController.doPrivileged(Native Method) ~[?:1.8.0_382]
	at javax.security.auth.Subject.doAs(Subject.java:422) [?:1.8.0_382]
	at org.apache.hadoop.security.UserGroupInformation.doAs(UserGroupInformation.java:1899) [hadoop-common-3.3.6.jar:?]
	at org.apache.hadoop.ipc.Server$Handler.run(Server.java:3048) [hadoop-common-3.3.6.jar:?]
16:42:55.101 [IPC Server handler 11 on default port 15004] ERROR OMAudit - user=runner | ip=127.0.0.1 | op=GET_FILE_STATUS {volume=volume13981, bucket=bucket57402, key=.Trash/runner/Current/testKey2, dataSize=0, replicationConfig=null} | ret=FAILURE
org.apache.hadoop.ozone.om.exceptions.OMException: Unable to get file status: volume: volume13981 bucket: bucket57402 key: .Trash/runner/Current/testKey2
	at org.apache.hadoop.ozone.om.KeyManagerImpl.getOzoneFileStatusFSO(KeyManagerImpl.java:1359) ~[ozone-manager-1.4.0-SNAPSHOT.jar:?]
	at org.apache.hadoop.ozone.om.KeyManagerImpl.getFileStatus(KeyManagerImpl.java:1143) ~[ozone-manager-1.4.0-SNAPSHOT.jar:?]
	at org.apache.hadoop.ozone.om.OmMetadataReader.getFileStatus(OmMetadataReader.java:279) ~[ozone-manager-1.4.0-SNAPSHOT.jar:?]
	at org.apache.hadoop.ozone.om.OzoneManager.getFileStatus(OzoneManager.java:3611) ~[ozone-manager-1.4.0-SNAPSHOT.jar:?]
	at org.apache.hadoop.ozone.protocolPB.OzoneManagerRequestHandler.getOzoneFileStatus(OzoneManagerRequestHandler.java:1005) ~[ozone-manager-1.4.0-SNAPSHOT.jar:?]
	at org.apache.hadoop.ozone.protocolPB.OzoneManagerRequestHandler.handleReadRequest(OzoneManagerRequestHandler.java:262) ~[ozone-manager-1.4.0-SNAPSHOT.jar:?]
	at org.apache.hadoop.ozone.protocolPB.OzoneManagerProtocolServerSideTranslatorPB.submitReadRequestToOM(OzoneManagerProtocolServerSideTranslatorPB.java:241) ~[ozone-manager-1.4.0-SNAPSHOT.jar:?]
	at org.apache.hadoop.ozone.protocolPB.OzoneManagerProtocolServerSideTranslatorPB.processRequest(OzoneManagerProtocolServerSideTranslatorPB.java:186) ~[ozone-manager-1.4.0-SNAPSHOT.jar:?]
	at org.apache.hadoop.hdds.server.OzoneProtocolMessageDispatcher.processRequest(OzoneProtocolMessageDispatcher.java:89) [hdds-server-framework-1.4.0-SNAPSHOT.jar:?]
	at org.apache.hadoop.ozone.protocolPB.OzoneManagerProtocolServerSideTranslatorPB.submitRequest(OzoneManagerProtocolServerSideTranslatorPB.java:157) [ozone-manager-1.4.0-SNAPSHOT.jar:?]
	at org.apache.hadoop.ozone.protocol.proto.OzoneManagerProtocolProtos$OzoneManagerService$2.callBlockingMethod(OzoneManagerProtocolProtos.java) [ozone-interface-client-1.4.0-SNAPSHOT.jar:?]
	at org.apache.hadoop.ipc.ProtobufRpcEngine$Server.processCall(ProtobufRpcEngine.java:484) [hadoop-common-3.3.6.jar:?]
	at org.apache.hadoop.ipc.ProtobufRpcEngine2$Server$ProtoBufRpcInvoker.call(ProtobufRpcEngine2.java:595) [hadoop-common-3.3.6.jar:?]
	at org.apache.hadoop.ipc.ProtobufRpcEngine2$Server$ProtoBufRpcInvoker.call(ProtobufRpcEngine2.java:573) [hadoop-common-3.3.6.jar:?]
	at org.apache.hadoop.ipc.RPC$Server.call(RPC.java:1227) [hadoop-common-3.3.6.jar:?]
	at org.apache.hadoop.ipc.Server$RpcCall.run(Server.java:1094) [hadoop-common-3.3.6.jar:?]
	at org.apache.hadoop.ipc.Server$RpcCall.run(Server.java:1017) [hadoop-common-3.3.6.jar:?]
	at java.security.AccessController.doPrivileged(Native Method) ~[?:1.8.0_382]
	at javax.security.auth.Subject.doAs(Subject.java:422) [?:1.8.0_382]
	at org.apache.hadoop.security.UserGroupInformation.doAs(UserGroupInformation.java:1899) [hadoop-common-3.3.6.jar:?]
	at org.apache.hadoop.ipc.Server$Handler.run(Server.java:3048) [hadoop-common-3.3.6.jar:?]
2023-11-03 16:42:55,113 [Time-limited test] INFO  om.TrashPolicyOzone (TrashPolicyOzone.java:moveToTrash(214)) - Moved: '/testKey2' to trash at: o3fs://bucket57402.volume13981/.Trash/runner/Current/testKey2
16:42:55.540 [IPC Server handler 3 on default port 15004] ERROR OMAudit - user=runner | ip=127.0.0.1 | op=GET_FILE_STATUS {volume=volume13981, bucket=bucket57402, key=.Trash/runner/Current/testKey2, dataSize=0, replicationConfig=null} | ret=FAILURE
org.apache.hadoop.ozone.om.exceptions.OMException: Unable to get file status: volume: volume13981 bucket: bucket57402 key: .Trash/runner/Current/testKey2
	at org.apache.hadoop.ozone.om.KeyManagerImpl.getOzoneFileStatusFSO(KeyManagerImpl.java:1359) ~[ozone-manager-1.4.0-SNAPSHOT.jar:?]
	at org.apache.hadoop.ozone.om.KeyManagerImpl.getFileStatus(KeyManagerImpl.java:1143) ~[ozone-manager-1.4.0-SNAPSHOT.jar:?]
	at org.apache.hadoop.ozone.om.OmMetadataReader.getFileStatus(OmMetadataReader.java:279) ~[ozone-manager-1.4.0-SNAPSHOT.jar:?]
	at org.apache.hadoop.ozone.om.OzoneManager.getFileStatus(OzoneManager.java:3611) ~[ozone-manager-1.4.0-SNAPSHOT.jar:?]
	at org.apache.hadoop.ozone.protocolPB.OzoneManagerRequestHandler.getOzoneFileStatus(OzoneManagerRequestHandler.java:1005) ~[ozone-manager-1.4.0-SNAPSHOT.jar:?]
	at org.apache.hadoop.ozone.protocolPB.OzoneManagerRequestHandler.handleReadRequest(OzoneManagerRequestHandler.java:262) ~[ozone-manager-1.4.0-SNAPSHOT.jar:?]
	at org.apache.hadoop.ozone.protocolPB.OzoneManagerProtocolServerSideTranslatorPB.submitReadRequestToOM(OzoneManagerProtocolServerSideTranslatorPB.java:241) ~[ozone-manager-1.4.0-SNAPSHOT.jar:?]
	at org.apache.hadoop.ozone.protocolPB.OzoneManagerProtocolServerSideTranslatorPB.processRequest(OzoneManagerProtocolServerSideTranslatorPB.java:186) ~[ozone-manager-1.4.0-SNAPSHOT.jar:?]
	at org.apache.hadoop.hdds.server.OzoneProtocolMessageDispatcher.processRequest(OzoneProtocolMessageDispatcher.java:89) [hdds-server-framework-1.4.0-SNAPSHOT.jar:?]
	at org.apache.hadoop.ozone.protocolPB.OzoneManagerProtocolServerSideTranslatorPB.submitRequest(OzoneManagerProtocolServerSideTranslatorPB.java:157) [ozone-manager-1.4.0-SNAPSHOT.jar:?]
	at org.apache.hadoop.ozone.protocol.proto.OzoneManagerProtocolProtos$OzoneManagerService$2.callBlockingMethod(OzoneManagerProtocolProtos.java) [ozone-interface-client-1.4.0-SNAPSHOT.jar:?]
	at org.apache.hadoop.ipc.ProtobufRpcEngine$Server.processCall(ProtobufRpcEngine.java:484) [hadoop-common-3.3.6.jar:?]
	at org.apache.hadoop.ipc.ProtobufRpcEngine2$Server$ProtoBufRpcInvoker.call(ProtobufRpcEngine2.java:595) [hadoop-common-3.3.6.jar:?]
	at org.apache.hadoop.ipc.ProtobufRpcEngine2$Server$ProtoBufRpcInvoker.call(ProtobufRpcEngine2.java:573) [hadoop-common-3.3.6.jar:?]
	at org.apache.hadoop.ipc.RPC$Server.call(RPC.java:1227) [hadoop-common-3.3.6.jar:?]
	at org.apache.hadoop.ipc.Server$RpcCall.run(Server.java:1094) [hadoop-common-3.3.6.jar:?]
	at org.apache.hadoop.ipc.Server$RpcCall.run(Server.java:1017) [hadoop-common-3.3.6.jar:?]
	at java.security.AccessController.doPrivileged(Native Method) ~[?:1.8.0_382]
	at javax.security.auth.Subject.doAs(Subject.java:422) [?:1.8.0_382]
	at org.apache.hadoop.security.UserGroupInformation.doAs(UserGroupInformation.java:1899) [hadoop-common-3.3.6.jar:?]
	at org.apache.hadoop.ipc.Server$Handler.run(Server.java:3048) [hadoop-common-3.3.6.jar:?]
2023-11-03 16:42:56,118 [84f1a9c9-622e-41e0-8205-2fe147efcf79@group-099E554763CE-FollowerState] INFO  impl.FollowerState (FollowerState.java:run(143)) - 84f1a9c9-622e-41e0-8205-2fe147efcf79@group-099E554763CE-FollowerState: change to CANDIDATE, lastRpcElapsedTime:10494249703ns, electionTimeout:5015ms
2023-11-03 16:42:56,119 [84f1a9c9-622e-41e0-8205-2fe147efcf79@group-099E554763CE-FollowerState] INFO  impl.RoleInfo (RoleInfo.java:shutdownFollowerState(110)) - 84f1a9c9-622e-41e0-8205-2fe147efcf79: shutdown 84f1a9c9-622e-41e0-8205-2fe147efcf79@group-099E554763CE-FollowerState
2023-11-03 16:42:56,119 [84f1a9c9-622e-41e0-8205-2fe147efcf79@group-099E554763CE-FollowerState] INFO  server.RaftServer$Division (RaftServerImpl.java:setRole(329)) - 84f1a9c9-622e-41e0-8205-2fe147efcf79@group-099E554763CE: changes role from  FOLLOWER to CANDIDATE at term 0 for changeToCandidate
2023-11-03 16:42:56,119 [84f1a9c9-622e-41e0-8205-2fe147efcf79@group-099E554763CE-FollowerState] INFO  server.RaftServerConfigKeys (ConfUtils.java:logGet(46)) - raft.server.leaderelection.pre-vote = true (default)
2023-11-03 16:42:56,119 [84f1a9c9-622e-41e0-8205-2fe147efcf79@group-099E554763CE-FollowerState] INFO  impl.RoleInfo (RoleInfo.java:updateAndGet(139)) - 84f1a9c9-622e-41e0-8205-2fe147efcf79: start 84f1a9c9-622e-41e0-8205-2fe147efcf79@group-099E554763CE-LeaderElection9
2023-11-03 16:42:56,122 [84f1a9c9-622e-41e0-8205-2fe147efcf79@group-099E554763CE-LeaderElection9] INFO  impl.LeaderElection (LeaderElection.java:askForVotes(321)) - 84f1a9c9-622e-41e0-8205-2fe147efcf79@group-099E554763CE-LeaderElection9 PRE_VOTE round 0: submit vote requests at term 0 for -1: peers:[218a95d8-d531-49de-9be4-7ae556dd2030|rpc:10.1.0.19:15023|admin:10.1.0.19:15022|client:10.1.0.19:15021|dataStream:10.1.0.19:15024|priority:0|startupRole:FOLLOWER, 84f1a9c9-622e-41e0-8205-2fe147efcf79|rpc:10.1.0.19:15014|admin:10.1.0.19:15013|client:10.1.0.19:15012|dataStream:10.1.0.19:15015|priority:1|startupRole:FOLLOWER, ffeddd1f-af09-4c2e-97a1-be5caae46423|rpc:10.1.0.19:15032|admin:10.1.0.19:15031|client:10.1.0.19:15030|dataStream:10.1.0.19:15033|priority:0|startupRole:FOLLOWER]|listeners:[], old=null
2023-11-03 16:42:56,123 [84f1a9c9-622e-41e0-8205-2fe147efcf79@group-099E554763CE-LeaderElection9] INFO  server.RaftServerConfigKeys (ConfUtils.java:logFallback(53)) - raft.server.rpc.first-election.timeout.min = 5s (fallback to raft.server.rpc.timeout.min)
2023-11-03 16:42:56,123 [84f1a9c9-622e-41e0-8205-2fe147efcf79@group-099E554763CE-LeaderElection9] INFO  server.RaftServerConfigKeys (ConfUtils.java:logFallback(53)) - raft.server.rpc.first-election.timeout.max = 5200ms (fallback to raft.server.rpc.timeout.max)
2023-11-03 16:42:56,131 [grpc-default-executor-1] INFO  server.RaftServer$Division (RaftServerImpl.java:requestVote(1302)) - 218a95d8-d531-49de-9be4-7ae556dd2030@group-099E554763CE: receive requestVote(PRE_VOTE, 84f1a9c9-622e-41e0-8205-2fe147efcf79, group-099E554763CE, 0, (t:0, i:0))
2023-11-03 16:42:56,131 [grpc-default-executor-1] INFO  impl.VoteContext (VoteContext.java:log(49)) - 218a95d8-d531-49de-9be4-7ae556dd2030@group-099E554763CE-FOLLOWER: accept PRE_VOTE from 84f1a9c9-622e-41e0-8205-2fe147efcf79: our priority 0 <= candidate's priority 1
2023-11-03 16:42:56,131 [grpc-default-executor-1] INFO  server.RaftServer$Division (RaftServerImpl.java:requestVote(1335)) - 218a95d8-d531-49de-9be4-7ae556dd2030@group-099E554763CE replies to PRE_VOTE vote request: 84f1a9c9-622e-41e0-8205-2fe147efcf79<-218a95d8-d531-49de-9be4-7ae556dd2030#0:OK-t0. Peer's state: 218a95d8-d531-49de-9be4-7ae556dd2030@group-099E554763CE:t0, leader=null, voted=, raftlog=Memoized:218a95d8-d531-49de-9be4-7ae556dd2030@group-099E554763CE-SegmentedRaftLog:OPENED:c-1, conf=-1: peers:[218a95d8-d531-49de-9be4-7ae556dd2030|rpc:10.1.0.19:15023|admin:10.1.0.19:15022|client:10.1.0.19:15021|dataStream:10.1.0.19:15024|priority:0|startupRole:FOLLOWER, 84f1a9c9-622e-41e0-8205-2fe147efcf79|rpc:10.1.0.19:15014|admin:10.1.0.19:15013|client:10.1.0.19:15012|dataStream:10.1.0.19:15015|priority:1|startupRole:FOLLOWER, ffeddd1f-af09-4c2e-97a1-be5caae46423|rpc:10.1.0.19:15032|admin:10.1.0.19:15031|client:10.1.0.19:15030|dataStream:10.1.0.19:15033|priority:0|startupRole:FOLLOWER]|listeners:[], old=null
2023-11-03 16:42:56,131 [grpc-default-executor-4] INFO  server.RaftServer$Division (RaftServerImpl.java:requestVote(1302)) - ffeddd1f-af09-4c2e-97a1-be5caae46423@group-099E554763CE: receive requestVote(PRE_VOTE, 84f1a9c9-622e-41e0-8205-2fe147efcf79, group-099E554763CE, 0, (t:0, i:0))
2023-11-03 16:42:56,132 [grpc-default-executor-4] INFO  impl.VoteContext (VoteContext.java:log(49)) - ffeddd1f-af09-4c2e-97a1-be5caae46423@group-099E554763CE-FOLLOWER: accept PRE_VOTE from 84f1a9c9-622e-41e0-8205-2fe147efcf79: our priority 0 <= candidate's priority 1
2023-11-03 16:42:56,132 [grpc-default-executor-4] INFO  server.RaftServer$Division (RaftServerImpl.java:requestVote(1335)) - ffeddd1f-af09-4c2e-97a1-be5caae46423@group-099E554763CE replies to PRE_VOTE vote request: 84f1a9c9-622e-41e0-8205-2fe147efcf79<-ffeddd1f-af09-4c2e-97a1-be5caae46423#0:OK-t0. Peer's state: ffeddd1f-af09-4c2e-97a1-be5caae46423@group-099E554763CE:t0, leader=null, voted=, raftlog=Memoized:ffeddd1f-af09-4c2e-97a1-be5caae46423@group-099E554763CE-SegmentedRaftLog:OPENED:c-1, conf=-1: peers:[218a95d8-d531-49de-9be4-7ae556dd2030|rpc:10.1.0.19:15023|admin:10.1.0.19:15022|client:10.1.0.19:15021|dataStream:10.1.0.19:15024|priority:0|startupRole:FOLLOWER, 84f1a9c9-622e-41e0-8205-2fe147efcf79|rpc:10.1.0.19:15014|admin:10.1.0.19:15013|client:10.1.0.19:15012|dataStream:10.1.0.19:15015|priority:1|startupRole:FOLLOWER, ffeddd1f-af09-4c2e-97a1-be5caae46423|rpc:10.1.0.19:15032|admin:10.1.0.19:15031|client:10.1.0.19:15030|dataStream:10.1.0.19:15033|priority:0|startupRole:FOLLOWER]|listeners:[], old=null
2023-11-03 16:42:56,132 [84f1a9c9-622e-41e0-8205-2fe147efcf79@group-099E554763CE-LeaderElection9] INFO  impl.LeaderElection (LeaderElection.java:logAndReturn(90)) - 84f1a9c9-622e-41e0-8205-2fe147efcf79@group-099E554763CE-LeaderElection9: PRE_VOTE PASSED received 1 response(s) and 0 exception(s):
2023-11-03 16:42:56,132 [84f1a9c9-622e-41e0-8205-2fe147efcf79@group-099E554763CE-LeaderElection9] INFO  impl.LeaderElection (LeaderElection.java:logAndReturn(94)) -   Response 0: 84f1a9c9-622e-41e0-8205-2fe147efcf79<-218a95d8-d531-49de-9be4-7ae556dd2030#0:OK-t0
2023-11-03 16:42:56,132 [84f1a9c9-622e-41e0-8205-2fe147efcf79@group-099E554763CE-LeaderElection9] INFO  impl.LeaderElection (LeaderElection.java:askForVotes(323)) - 84f1a9c9-622e-41e0-8205-2fe147efcf79@group-099E554763CE-LeaderElection9 PRE_VOTE round 0: result PASSED
2023-11-03 16:42:56,134 [84f1a9c9-622e-41e0-8205-2fe147efcf79@group-099E554763CE-LeaderElection9] INFO  impl.LeaderElection (LeaderElection.java:askForVotes(321)) - 84f1a9c9-622e-41e0-8205-2fe147efcf79@group-099E554763CE-LeaderElection9 ELECTION round 0: submit vote requests at term 1 for -1: peers:[218a95d8-d531-49de-9be4-7ae556dd2030|rpc:10.1.0.19:15023|admin:10.1.0.19:15022|client:10.1.0.19:15021|dataStream:10.1.0.19:15024|priority:0|startupRole:FOLLOWER, 84f1a9c9-622e-41e0-8205-2fe147efcf79|rpc:10.1.0.19:15014|admin:10.1.0.19:15013|client:10.1.0.19:15012|dataStream:10.1.0.19:15015|priority:1|startupRole:FOLLOWER, ffeddd1f-af09-4c2e-97a1-be5caae46423|rpc:10.1.0.19:15032|admin:10.1.0.19:15031|client:10.1.0.19:15030|dataStream:10.1.0.19:15033|priority:0|startupRole:FOLLOWER]|listeners:[], old=null
2023-11-03 16:42:56,138 [84f1a9c9-622e-41e0-8205-2fe147efcf79@group-099E554763CE-LeaderElection9] INFO  server.RaftServerConfigKeys (ConfUtils.java:logFallback(53)) - raft.server.rpc.first-election.timeout.min = 5s (fallback to raft.server.rpc.timeout.min)
2023-11-03 16:42:56,138 [84f1a9c9-622e-41e0-8205-2fe147efcf79@group-099E554763CE-LeaderElection9] INFO  server.RaftServerConfigKeys (ConfUtils.java:logFallback(53)) - raft.server.rpc.first-election.timeout.max = 5200ms (fallback to raft.server.rpc.timeout.max)
2023-11-03 16:42:56,141 [grpc-default-executor-1] INFO  server.RaftServer$Division (RaftServerImpl.java:requestVote(1302)) - 218a95d8-d531-49de-9be4-7ae556dd2030@group-099E554763CE: receive requestVote(ELECTION, 84f1a9c9-622e-41e0-8205-2fe147efcf79, group-099E554763CE, 1, (t:0, i:0))
2023-11-03 16:42:56,141 [grpc-default-executor-1] INFO  impl.VoteContext (VoteContext.java:log(49)) - 218a95d8-d531-49de-9be4-7ae556dd2030@group-099E554763CE-FOLLOWER: accept ELECTION from 84f1a9c9-622e-41e0-8205-2fe147efcf79: our priority 0 <= candidate's priority 1
2023-11-03 16:42:56,141 [grpc-default-executor-1] INFO  server.RaftServer$Division (RaftServerImpl.java:setRole(329)) - 218a95d8-d531-49de-9be4-7ae556dd2030@group-099E554763CE: changes role from  FOLLOWER to FOLLOWER at term 1 for candidate:84f1a9c9-622e-41e0-8205-2fe147efcf79
2023-11-03 16:42:56,142 [grpc-default-executor-1] INFO  impl.RoleInfo (RoleInfo.java:shutdownFollowerState(110)) - 218a95d8-d531-49de-9be4-7ae556dd2030: shutdown 218a95d8-d531-49de-9be4-7ae556dd2030@group-099E554763CE-FollowerState
2023-11-03 16:42:56,142 [grpc-default-executor-1] INFO  impl.RoleInfo (RoleInfo.java:updateAndGet(139)) - 218a95d8-d531-49de-9be4-7ae556dd2030: start 218a95d8-d531-49de-9be4-7ae556dd2030@group-099E554763CE-FollowerState
2023-11-03 16:42:56,142 [218a95d8-d531-49de-9be4-7ae556dd2030@group-099E554763CE-FollowerState] INFO  impl.FollowerState (FollowerState.java:run(152)) - 218a95d8-d531-49de-9be4-7ae556dd2030@group-099E554763CE-FollowerState was interrupted
2023-11-03 16:42:56,143 [grpc-default-executor-4] INFO  server.RaftServer$Division (RaftServerImpl.java:requestVote(1302)) - ffeddd1f-af09-4c2e-97a1-be5caae46423@group-099E554763CE: receive requestVote(ELECTION, 84f1a9c9-622e-41e0-8205-2fe147efcf79, group-099E554763CE, 1, (t:0, i:0))
2023-11-03 16:42:56,144 [grpc-default-executor-4] INFO  impl.VoteContext (VoteContext.java:log(49)) - ffeddd1f-af09-4c2e-97a1-be5caae46423@group-099E554763CE-FOLLOWER: accept ELECTION from 84f1a9c9-622e-41e0-8205-2fe147efcf79: our priority 0 <= candidate's priority 1
2023-11-03 16:42:56,144 [grpc-default-executor-4] INFO  server.RaftServer$Division (RaftServerImpl.java:setRole(329)) - ffeddd1f-af09-4c2e-97a1-be5caae46423@group-099E554763CE: changes role from  FOLLOWER to FOLLOWER at term 1 for candidate:84f1a9c9-622e-41e0-8205-2fe147efcf79
2023-11-03 16:42:56,144 [grpc-default-executor-4] INFO  impl.RoleInfo (RoleInfo.java:shutdownFollowerState(110)) - ffeddd1f-af09-4c2e-97a1-be5caae46423: shutdown ffeddd1f-af09-4c2e-97a1-be5caae46423@group-099E554763CE-FollowerState
2023-11-03 16:42:56,144 [grpc-default-executor-4] INFO  impl.RoleInfo (RoleInfo.java:updateAndGet(139)) - ffeddd1f-af09-4c2e-97a1-be5caae46423: start ffeddd1f-af09-4c2e-97a1-be5caae46423@group-099E554763CE-FollowerState
2023-11-03 16:42:56,144 [ffeddd1f-af09-4c2e-97a1-be5caae46423@group-099E554763CE-FollowerState] INFO  impl.FollowerState (FollowerState.java:run(152)) - ffeddd1f-af09-4c2e-97a1-be5caae46423@group-099E554763CE-FollowerState was interrupted
2023-11-03 16:42:56,146 [grpc-default-executor-4] INFO  server.RaftServer$Division (RaftServerImpl.java:requestVote(1335)) - ffeddd1f-af09-4c2e-97a1-be5caae46423@group-099E554763CE replies to ELECTION vote request: 84f1a9c9-622e-41e0-8205-2fe147efcf79<-ffeddd1f-af09-4c2e-97a1-be5caae46423#0:OK-t1. Peer's state: ffeddd1f-af09-4c2e-97a1-be5caae46423@group-099E554763CE:t1, leader=null, voted=84f1a9c9-622e-41e0-8205-2fe147efcf79, raftlog=Memoized:ffeddd1f-af09-4c2e-97a1-be5caae46423@group-099E554763CE-SegmentedRaftLog:OPENED:c-1, conf=-1: peers:[218a95d8-d531-49de-9be4-7ae556dd2030|rpc:10.1.0.19:15023|admin:10.1.0.19:15022|client:10.1.0.19:15021|dataStream:10.1.0.19:15024|priority:0|startupRole:FOLLOWER, 84f1a9c9-622e-41e0-8205-2fe147efcf79|rpc:10.1.0.19:15014|admin:10.1.0.19:15013|client:10.1.0.19:15012|dataStream:10.1.0.19:15015|priority:1|startupRole:FOLLOWER, ffeddd1f-af09-4c2e-97a1-be5caae46423|rpc:10.1.0.19:15032|admin:10.1.0.19:15031|client:10.1.0.19:15030|dataStream:10.1.0.19:15033|priority:0|startupRole:FOLLOWER]|listeners:[], old=null
2023-11-03 16:42:56,147 [grpc-default-executor-1] INFO  server.RaftServer$Division (RaftServerImpl.java:requestVote(1335)) - 218a95d8-d531-49de-9be4-7ae556dd2030@group-099E554763CE replies to ELECTION vote request: 84f1a9c9-622e-41e0-8205-2fe147efcf79<-218a95d8-d531-49de-9be4-7ae556dd2030#0:OK-t1. Peer's state: 218a95d8-d531-49de-9be4-7ae556dd2030@group-099E554763CE:t1, leader=null, voted=84f1a9c9-622e-41e0-8205-2fe147efcf79, raftlog=Memoized:218a95d8-d531-49de-9be4-7ae556dd2030@group-099E554763CE-SegmentedRaftLog:OPENED:c-1, conf=-1: peers:[218a95d8-d531-49de-9be4-7ae556dd2030|rpc:10.1.0.19:15023|admin:10.1.0.19:15022|client:10.1.0.19:15021|dataStream:10.1.0.19:15024|priority:0|startupRole:FOLLOWER, 84f1a9c9-622e-41e0-8205-2fe147efcf79|rpc:10.1.0.19:15014|admin:10.1.0.19:15013|client:10.1.0.19:15012|dataStream:10.1.0.19:15015|priority:1|startupRole:FOLLOWER, ffeddd1f-af09-4c2e-97a1-be5caae46423|rpc:10.1.0.19:15032|admin:10.1.0.19:15031|client:10.1.0.19:15030|dataStream:10.1.0.19:15033|priority:0|startupRole:FOLLOWER]|listeners:[], old=null
2023-11-03 16:42:56,148 [84f1a9c9-622e-41e0-8205-2fe147efcf79@group-099E554763CE-LeaderElection9] INFO  impl.LeaderElection (LeaderElection.java:logAndReturn(90)) - 84f1a9c9-622e-41e0-8205-2fe147efcf79@group-099E554763CE-LeaderElection9: ELECTION PASSED received 1 response(s) and 0 exception(s):
2023-11-03 16:42:56,148 [84f1a9c9-622e-41e0-8205-2fe147efcf79@group-099E554763CE-LeaderElection9] INFO  impl.LeaderElection (LeaderElection.java:logAndReturn(94)) -   Response 0: 84f1a9c9-622e-41e0-8205-2fe147efcf79<-218a95d8-d531-49de-9be4-7ae556dd2030#0:OK-t1
2023-11-03 16:42:56,149 [84f1a9c9-622e-41e0-8205-2fe147efcf79@group-099E554763CE-LeaderElection9] INFO  impl.LeaderElection (LeaderElection.java:askForVotes(323)) - 84f1a9c9-622e-41e0-8205-2fe147efcf79@group-099E554763CE-LeaderElection9 ELECTION round 0: result PASSED
2023-11-03 16:42:56,150 [84f1a9c9-622e-41e0-8205-2fe147efcf79@group-099E554763CE-LeaderElection9] INFO  impl.RoleInfo (RoleInfo.java:shutdownLeaderElection(130)) - 84f1a9c9-622e-41e0-8205-2fe147efcf79: shutdown 84f1a9c9-622e-41e0-8205-2fe147efcf79@group-099E554763CE-LeaderElection9
2023-11-03 16:42:56,150 [84f1a9c9-622e-41e0-8205-2fe147efcf79@group-099E554763CE-LeaderElection9] INFO  server.RaftServer$Division (RaftServerImpl.java:setRole(329)) - 84f1a9c9-622e-41e0-8205-2fe147efcf79@group-099E554763CE: changes role from CANDIDATE to LEADER at term 1 for changeToLeader
2023-11-03 16:42:56,150 [84f1a9c9-622e-41e0-8205-2fe147efcf79@group-099E554763CE-LeaderElection9] INFO  ratis.XceiverServerRatis (XceiverServerRatis.java:handleLeaderChangedNotification(903)) - Leader change notification received for group: group-099E554763CE with new leaderId: 84f1a9c9-622e-41e0-8205-2fe147efcf79
2023-11-03 16:42:56,150 [84f1a9c9-622e-41e0-8205-2fe147efcf79@group-099E554763CE-LeaderElection9] INFO  server.RaftServer$Division (ServerState.java:setLeader(317)) - 84f1a9c9-622e-41e0-8205-2fe147efcf79@group-099E554763CE: change Leader from null to 84f1a9c9-622e-41e0-8205-2fe147efcf79 at term 1 for becomeLeader, leader elected after 10595ms
2023-11-03 16:42:56,150 [84f1a9c9-622e-41e0-8205-2fe147efcf79@group-099E554763CE-LeaderElection9] INFO  server.RaftServerConfigKeys (ConfUtils.java:logGet(46)) - raft.server.staging.catchup.gap = 1000 (default)
2023-11-03 16:42:56,151 [84f1a9c9-622e-41e0-8205-2fe147efcf79@group-099E554763CE-LeaderElection9] INFO  server.RaftServerConfigKeys (ConfUtils.java:logGet(46)) - raft.server.write.element-limit = 1024 (custom)
2023-11-03 16:42:56,151 [84f1a9c9-622e-41e0-8205-2fe147efcf79@group-099E554763CE-LeaderElection9] INFO  server.RaftServerConfigKeys (ConfUtils.java:logGet(46)) - raft.server.write.byte-limit = 1024 M (=1073741824) (custom)
2023-11-03 16:42:56,151 [84f1a9c9-622e-41e0-8205-2fe147efcf79@group-099E554763CE-LeaderElection9] INFO  server.RaftServerConfigKeys (ConfUtils.java:logGet(46)) - raft.server.watch.timeout = 180s (custom)
2023-11-03 16:42:56,151 [84f1a9c9-622e-41e0-8205-2fe147efcf79@group-099E554763CE-LeaderElection9] INFO  server.RaftServerConfigKeys (ConfUtils.java:logGet(46)) - raft.server.watch.timeout.denomination = 1s (default)
2023-11-03 16:42:56,151 [84f1a9c9-622e-41e0-8205-2fe147efcf79@group-099E554763CE-LeaderElection9] INFO  server.RaftServerConfigKeys (ConfUtils.java:logGet(46)) - raft.server.watch.element-limit = 65536 (default)
2023-11-03 16:42:56,152 [84f1a9c9-622e-41e0-8205-2fe147efcf79@group-099E554763CE-LeaderElection9] INFO  server.RaftServerConfigKeys (ConfUtils.java:logGet(46)) - raft.server.write.element-limit = 1024 (custom)
2023-11-03 16:42:56,152 [84f1a9c9-622e-41e0-8205-2fe147efcf79@group-099E554763CE-LeaderElection9] INFO  server.RaftServerConfigKeys (ConfUtils.java:logGet(46)) - raft.server.write.follower.gap.ratio.max = -1.0 (default)
2023-11-03 16:42:56,152 [84f1a9c9-622e-41e0-8205-2fe147efcf79@group-099E554763CE-LeaderElection9] INFO  server.RaftServerConfigKeys (ConfUtils.java:logGet(46)) - raft.server.log.appender.snapshot.chunk.size.max = 16MB (=16777216) (default)
2023-11-03 16:42:56,152 [84f1a9c9-622e-41e0-8205-2fe147efcf79@group-099E554763CE-LeaderElection9] INFO  server.RaftServerConfigKeys (ConfUtils.java:logGet(46)) - raft.server.log.appender.buffer.byte-limit = 33554432 (custom)
2023-11-03 16:42:56,152 [84f1a9c9-622e-41e0-8205-2fe147efcf79@group-099E554763CE-LeaderElection9] INFO  server.RaftServerConfigKeys (ConfUtils.java:logGet(46)) - raft.server.log.appender.buffer.element-limit = 1 (custom)
2023-11-03 16:42:56,153 [84f1a9c9-622e-41e0-8205-2fe147efcf79@group-099E554763CE-LeaderElection9] INFO  server.RaftServerConfigKeys (ConfUtils.java:logGet(46)) - raft.server.log.appender.wait-time.min = 1ms (custom)
2023-11-03 16:42:56,153 [84f1a9c9-622e-41e0-8205-2fe147efcf79@group-099E554763CE-LeaderElection9] INFO  grpc.GrpcConfigKeys (ConfUtils.java:logGet(46)) - raft.grpc.server.leader.outstanding.appends.max = 128 (default)
2023-11-03 16:42:56,154 [84f1a9c9-622e-41e0-8205-2fe147efcf79@group-099E554763CE-LeaderElection9] INFO  server.RaftServerConfigKeys (ConfUtils.java:logGet(46)) - raft.server.rpc.request.timeout = 60s (custom)
2023-11-03 16:42:56,154 [84f1a9c9-622e-41e0-8205-2fe147efcf79@group-099E554763CE-LeaderElection9] INFO  grpc.GrpcConfigKeys (ConfUtils.java:logGet(46)) - raft.grpc.server.install_snapshot.request.element-limit = 8 (default)
2023-11-03 16:42:56,154 [84f1a9c9-622e-41e0-8205-2fe147efcf79@group-099E554763CE-LeaderElection9] INFO  grpc.GrpcConfigKeys (ConfUtils.java:logGet(46)) - raft.grpc.server.install_snapshot.request.timeout = 3000ms (default)
2023-11-03 16:42:56,154 [84f1a9c9-622e-41e0-8205-2fe147efcf79@group-099E554763CE-LeaderElection9] INFO  server.RaftServerConfigKeys (ConfUtils.java:logGet(46)) - raft.server.log.appender.install.snapshot.enabled = false (custom)
2023-11-03 16:42:56,154 [84f1a9c9-622e-41e0-8205-2fe147efcf79@group-099E554763CE-LeaderElection9] INFO  grpc.GrpcConfigKeys (ConfUtils.java:logGet(46)) - raft.grpc.server.heartbeat.channel = true (default)
2023-11-03 16:42:56,155 [84f1a9c9-622e-41e0-8205-2fe147efcf79@group-099E554763CE-LeaderElection9] INFO  server.RaftServerConfigKeys (ConfUtils.java:logGet(46)) - raft.server.log.appender.snapshot.chunk.size.max = 16MB (=16777216) (default)
2023-11-03 16:42:56,155 [84f1a9c9-622e-41e0-8205-2fe147efcf79@group-099E554763CE-LeaderElection9] INFO  server.RaftServerConfigKeys (ConfUtils.java:logGet(46)) - raft.server.log.appender.buffer.byte-limit = 33554432 (custom)
2023-11-03 16:42:56,155 [84f1a9c9-622e-41e0-8205-2fe147efcf79@group-099E554763CE-LeaderElection9] INFO  server.RaftServerConfigKeys (ConfUtils.java:logGet(46)) - raft.server.log.appender.buffer.element-limit = 1 (custom)
2023-11-03 16:42:56,155 [84f1a9c9-622e-41e0-8205-2fe147efcf79@group-099E554763CE-LeaderElection9] INFO  server.RaftServerConfigKeys (ConfUtils.java:logGet(46)) - raft.server.log.appender.wait-time.min = 1ms (custom)
2023-11-03 16:42:56,155 [84f1a9c9-622e-41e0-8205-2fe147efcf79@group-099E554763CE-LeaderElection9] INFO  grpc.GrpcConfigKeys (ConfUtils.java:logGet(46)) - raft.grpc.server.leader.outstanding.appends.max = 128 (default)
2023-11-03 16:42:56,156 [84f1a9c9-622e-41e0-8205-2fe147efcf79@group-099E554763CE-LeaderElection9] INFO  server.RaftServerConfigKeys (ConfUtils.java:logGet(46)) - raft.server.rpc.request.timeout = 60s (custom)
2023-11-03 16:42:56,156 [84f1a9c9-622e-41e0-8205-2fe147efcf79@group-099E554763CE-LeaderElection9] INFO  grpc.GrpcConfigKeys (ConfUtils.java:logGet(46)) - raft.grpc.server.install_snapshot.request.element-limit = 8 (default)
2023-11-03 16:42:56,156 [84f1a9c9-622e-41e0-8205-2fe147efcf79@group-099E554763CE-LeaderElection9] INFO  grpc.GrpcConfigKeys (ConfUtils.java:logGet(46)) - raft.grpc.server.install_snapshot.request.timeout = 3000ms (default)
2023-11-03 16:42:56,156 [84f1a9c9-622e-41e0-8205-2fe147efcf79@group-099E554763CE-LeaderElection9] INFO  server.RaftServerConfigKeys (ConfUtils.java:logGet(46)) - raft.server.log.appender.install.snapshot.enabled = false (custom)
2023-11-03 16:42:56,156 [84f1a9c9-622e-41e0-8205-2fe147efcf79@group-099E554763CE-LeaderElection9] INFO  grpc.GrpcConfigKeys (ConfUtils.java:logGet(46)) - raft.grpc.server.heartbeat.channel = true (default)
2023-11-03 16:42:56,156 [84f1a9c9-622e-41e0-8205-2fe147efcf79@group-099E554763CE-LeaderElection9] INFO  impl.RoleInfo (RoleInfo.java:updateAndGet(139)) - 84f1a9c9-622e-41e0-8205-2fe147efcf79: start 84f1a9c9-622e-41e0-8205-2fe147efcf79@group-099E554763CE-LeaderStateImpl
2023-11-03 16:42:56,156 [84f1a9c9-622e-41e0-8205-2fe147efcf79@group-099E554763CE-LeaderElection9] INFO  segmented.SegmentedRaftLogWorker (SegmentedRaftLogWorker.java:startLogSegment(447)) - 84f1a9c9-622e-41e0-8205-2fe147efcf79@group-099E554763CE-SegmentedRaftLogWorker: Starting segment from index:0
2023-11-03 16:42:56,159 [84f1a9c9-622e-41e0-8205-2fe147efcf79@group-099E554763CE-SegmentedRaftLogWorker] INFO  segmented.SegmentedRaftLogWorker (SegmentedRaftLogWorker.java:execute(651)) - 84f1a9c9-622e-41e0-8205-2fe147efcf79@group-099E554763CE-SegmentedRaftLogWorker: created new log segment /home/runner/work/ozone/ozone/hadoop-ozone/integration-test/target/test-dir/MiniOzoneClusterImpl-7c6973ba-416f-441c-aeb4-54a4245b8bbd/datanode-0/data/ratis/74fe60c7-5b3a-41e9-b88e-099e554763ce/current/log_inprogress_0
2023-11-03 16:42:56,166 [84f1a9c9-622e-41e0-8205-2fe147efcf79@group-099E554763CE-LeaderElection9] INFO  server.RaftServer$Division (ServerState.java:setRaftConf(434)) - 84f1a9c9-622e-41e0-8205-2fe147efcf79@group-099E554763CE: set configuration 0: peers:[218a95d8-d531-49de-9be4-7ae556dd2030|rpc:10.1.0.19:15023|admin:10.1.0.19:15022|client:10.1.0.19:15021|dataStream:10.1.0.19:15024|priority:0|startupRole:FOLLOWER, 84f1a9c9-622e-41e0-8205-2fe147efcf79|rpc:10.1.0.19:15014|admin:10.1.0.19:15013|client:10.1.0.19:15012|dataStream:10.1.0.19:15015|priority:1|startupRole:FOLLOWER, ffeddd1f-af09-4c2e-97a1-be5caae46423|rpc:10.1.0.19:15032|admin:10.1.0.19:15031|client:10.1.0.19:15030|dataStream:10.1.0.19:15033|priority:0|startupRole:FOLLOWER]|listeners:[], old=null
2023-11-03 16:42:56,172 [EventQueue-PipelineReportForPipelineReportHandler] INFO  pipeline.PipelineReportHandler (PipelineReportHandler.java:processPipelineReport(136)) - Opened pipeline PipelineID=74fe60c7-5b3a-41e9-b88e-099e554763ce
2023-11-03 16:42:56,177 [218a95d8-d531-49de-9be4-7ae556dd2030-server-thread1] INFO  ratis.XceiverServerRatis (XceiverServerRatis.java:handleLeaderChangedNotification(903)) - Leader change notification received for group: group-099E554763CE with new leaderId: 84f1a9c9-622e-41e0-8205-2fe147efcf79
2023-11-03 16:42:56,178 [218a95d8-d531-49de-9be4-7ae556dd2030-server-thread1] INFO  server.RaftServer$Division (ServerState.java:setLeader(317)) - 218a95d8-d531-49de-9be4-7ae556dd2030@group-099E554763CE: change Leader from null to 84f1a9c9-622e-41e0-8205-2fe147efcf79 at term 1 for appendEntries, leader elected after 10634ms
2023-11-03 16:42:56,186 [218a95d8-d531-49de-9be4-7ae556dd2030-server-thread2] INFO  server.RaftServer$Division (ServerState.java:setRaftConf(434)) - 218a95d8-d531-49de-9be4-7ae556dd2030@group-099E554763CE: set configuration 0: peers:[218a95d8-d531-49de-9be4-7ae556dd2030|rpc:10.1.0.19:15023|admin:10.1.0.19:15022|client:10.1.0.19:15021|dataStream:10.1.0.19:15024|priority:0|startupRole:FOLLOWER, 84f1a9c9-622e-41e0-8205-2fe147efcf79|rpc:10.1.0.19:15014|admin:10.1.0.19:15013|client:10.1.0.19:15012|dataStream:10.1.0.19:15015|priority:1|startupRole:FOLLOWER, ffeddd1f-af09-4c2e-97a1-be5caae46423|rpc:10.1.0.19:15032|admin:10.1.0.19:15031|client:10.1.0.19:15030|dataStream:10.1.0.19:15033|priority:0|startupRole:FOLLOWER]|listeners:[], old=null
2023-11-03 16:42:56,186 [218a95d8-d531-49de-9be4-7ae556dd2030-server-thread2] INFO  segmented.SegmentedRaftLogWorker (SegmentedRaftLogWorker.java:startLogSegment(447)) - 218a95d8-d531-49de-9be4-7ae556dd2030@group-099E554763CE-SegmentedRaftLogWorker: Starting segment from index:0
2023-11-03 16:42:56,188 [218a95d8-d531-49de-9be4-7ae556dd2030@group-099E554763CE-SegmentedRaftLogWorker] INFO  segmented.SegmentedRaftLogWorker (SegmentedRaftLogWorker.java:execute(651)) - 218a95d8-d531-49de-9be4-7ae556dd2030@group-099E554763CE-SegmentedRaftLogWorker: created new log segment /home/runner/work/ozone/ozone/hadoop-ozone/integration-test/target/test-dir/MiniOzoneClusterImpl-7c6973ba-416f-441c-aeb4-54a4245b8bbd/datanode-1/data/ratis/74fe60c7-5b3a-41e9-b88e-099e554763ce/current/log_inprogress_0
2023-11-03 16:42:56,210 [ffeddd1f-af09-4c2e-97a1-be5caae46423-server-thread1] INFO  ratis.XceiverServerRatis (XceiverServerRatis.java:handleLeaderChangedNotification(903)) - Leader change notification received for group: group-099E554763CE with new leaderId: 84f1a9c9-622e-41e0-8205-2fe147efcf79
2023-11-03 16:42:56,210 [ffeddd1f-af09-4c2e-97a1-be5caae46423-server-thread1] INFO  server.RaftServer$Division (ServerState.java:setLeader(317)) - ffeddd1f-af09-4c2e-97a1-be5caae46423@group-099E554763CE: change Leader from null to 84f1a9c9-622e-41e0-8205-2fe147efcf79 at term 1 for appendEntries, leader elected after 10662ms
2023-11-03 16:42:56,211 [ffeddd1f-af09-4c2e-97a1-be5caae46423-server-thread1] INFO  server.RaftServer$Division (ServerState.java:setRaftConf(434)) - ffeddd1f-af09-4c2e-97a1-be5caae46423@group-099E554763CE: set configuration 0: peers:[218a95d8-d531-49de-9be4-7ae556dd2030|rpc:10.1.0.19:15023|admin:10.1.0.19:15022|client:10.1.0.19:15021|dataStream:10.1.0.19:15024|priority:0|startupRole:FOLLOWER, 84f1a9c9-622e-41e0-8205-2fe147efcf79|rpc:10.1.0.19:15014|admin:10.1.0.19:15013|client:10.1.0.19:15012|dataStream:10.1.0.19:15015|priority:1|startupRole:FOLLOWER, ffeddd1f-af09-4c2e-97a1-be5caae46423|rpc:10.1.0.19:15032|admin:10.1.0.19:15031|client:10.1.0.19:15030|dataStream:10.1.0.19:15033|priority:0|startupRole:FOLLOWER]|listeners:[], old=null
2023-11-03 16:42:56,211 [ffeddd1f-af09-4c2e-97a1-be5caae46423-server-thread1] INFO  segmented.SegmentedRaftLogWorker (SegmentedRaftLogWorker.java:startLogSegment(447)) - ffeddd1f-af09-4c2e-97a1-be5caae46423@group-099E554763CE-SegmentedRaftLogWorker: Starting segment from index:0
2023-11-03 16:42:56,215 [ffeddd1f-af09-4c2e-97a1-be5caae46423@group-099E554763CE-SegmentedRaftLogWorker] INFO  segmented.SegmentedRaftLogWorker (SegmentedRaftLogWorker.java:execute(651)) - ffeddd1f-af09-4c2e-97a1-be5caae46423@group-099E554763CE-SegmentedRaftLogWorker: created new log segment /home/runner/work/ozone/ozone/hadoop-ozone/integration-test/target/test-dir/MiniOzoneClusterImpl-7c6973ba-416f-441c-aeb4-54a4245b8bbd/datanode-2/data/ratis/74fe60c7-5b3a-41e9-b88e-099e554763ce/current/log_inprogress_0
]]></system-out>
  </testcase>
  <testcase name="testTrash" classname="TestOzoneFileSystemWithFSO" time="3.871">
    <system-out><![CDATA[16:43:29.227 [IPC Server handler 12 on default port 15057] ERROR OMAudit - user=runner | ip=127.0.0.1 | op=GET_FILE_STATUS {volume=volume80570, bucket=bucket63586, key=.Trash/runner, dataSize=0, replicationConfig=null} | ret=FAILURE
org.apache.hadoop.ozone.om.exceptions.OMException: Unable to get file status: volume: volume80570 bucket: bucket63586 key: .Trash/runner
	at org.apache.hadoop.ozone.om.KeyManagerImpl.getOzoneFileStatusFSO(KeyManagerImpl.java:1359) ~[ozone-manager-1.4.0-SNAPSHOT.jar:?]
	at org.apache.hadoop.ozone.om.KeyManagerImpl.getFileStatus(KeyManagerImpl.java:1143) ~[ozone-manager-1.4.0-SNAPSHOT.jar:?]
	at org.apache.hadoop.ozone.om.OmMetadataReader.getFileStatus(OmMetadataReader.java:279) ~[ozone-manager-1.4.0-SNAPSHOT.jar:?]
	at org.apache.hadoop.ozone.om.OzoneManager.getFileStatus(OzoneManager.java:3611) ~[ozone-manager-1.4.0-SNAPSHOT.jar:?]
	at org.apache.hadoop.ozone.protocolPB.OzoneManagerRequestHandler.getOzoneFileStatus(OzoneManagerRequestHandler.java:1005) ~[ozone-manager-1.4.0-SNAPSHOT.jar:?]
	at org.apache.hadoop.ozone.protocolPB.OzoneManagerRequestHandler.handleReadRequest(OzoneManagerRequestHandler.java:262) ~[ozone-manager-1.4.0-SNAPSHOT.jar:?]
	at org.apache.hadoop.ozone.protocolPB.OzoneManagerProtocolServerSideTranslatorPB.submitRequestDirectlyToOM(OzoneManagerProtocolServerSideTranslatorPB.java:290) ~[ozone-manager-1.4.0-SNAPSHOT.jar:?]
	at org.apache.hadoop.ozone.protocolPB.OzoneManagerProtocolServerSideTranslatorPB.processRequest(OzoneManagerProtocolServerSideTranslatorPB.java:182) ~[ozone-manager-1.4.0-SNAPSHOT.jar:?]
	at org.apache.hadoop.hdds.server.OzoneProtocolMessageDispatcher.processRequest(OzoneProtocolMessageDispatcher.java:89) [hdds-server-framework-1.4.0-SNAPSHOT.jar:?]
	at org.apache.hadoop.ozone.protocolPB.OzoneManagerProtocolServerSideTranslatorPB.submitRequest(OzoneManagerProtocolServerSideTranslatorPB.java:157) [ozone-manager-1.4.0-SNAPSHOT.jar:?]
	at org.apache.hadoop.ozone.protocol.proto.OzoneManagerProtocolProtos$OzoneManagerService$2.callBlockingMethod(OzoneManagerProtocolProtos.java) [ozone-interface-client-1.4.0-SNAPSHOT.jar:?]
	at org.apache.hadoop.ipc.ProtobufRpcEngine$Server.processCall(ProtobufRpcEngine.java:484) [hadoop-common-3.3.6.jar:?]
	at org.apache.hadoop.ipc.ProtobufRpcEngine2$Server$ProtoBufRpcInvoker.call(ProtobufRpcEngine2.java:595) [hadoop-common-3.3.6.jar:?]
	at org.apache.hadoop.ipc.ProtobufRpcEngine2$Server$ProtoBufRpcInvoker.call(ProtobufRpcEngine2.java:573) [hadoop-common-3.3.6.jar:?]
	at org.apache.hadoop.ipc.RPC$Server.call(RPC.java:1227) [hadoop-common-3.3.6.jar:?]
	at org.apache.hadoop.ipc.Server$RpcCall.run(Server.java:1094) [hadoop-common-3.3.6.jar:?]
	at org.apache.hadoop.ipc.Server$RpcCall.run(Server.java:1017) [hadoop-common-3.3.6.jar:?]
	at java.security.AccessController.doPrivileged(Native Method) ~[?:1.8.0_382]
	at javax.security.auth.Subject.doAs(Subject.java:422) [?:1.8.0_382]
	at org.apache.hadoop.security.UserGroupInformation.doAs(UserGroupInformation.java:1899) [hadoop-common-3.3.6.jar:?]
	at org.apache.hadoop.ipc.Server$Handler.run(Server.java:3048) [hadoop-common-3.3.6.jar:?]
16:43:29.232 [IPC Server handler 15 on default port 15057] ERROR OMAudit - user=runner | ip=127.0.0.1 | op=GET_FILE_STATUS {volume=volume80570, bucket=bucket63586, key=.Trash/runner/Current/testKey2, dataSize=0, replicationConfig=null} | ret=FAILURE
org.apache.hadoop.ozone.om.exceptions.OMException: Unable to get file status: volume: volume80570 bucket: bucket63586 key: .Trash/runner/Current/testKey2
	at org.apache.hadoop.ozone.om.KeyManagerImpl.getOzoneFileStatusFSO(KeyManagerImpl.java:1359) ~[ozone-manager-1.4.0-SNAPSHOT.jar:?]
	at org.apache.hadoop.ozone.om.KeyManagerImpl.getFileStatus(KeyManagerImpl.java:1143) ~[ozone-manager-1.4.0-SNAPSHOT.jar:?]
	at org.apache.hadoop.ozone.om.OmMetadataReader.getFileStatus(OmMetadataReader.java:279) ~[ozone-manager-1.4.0-SNAPSHOT.jar:?]
	at org.apache.hadoop.ozone.om.OzoneManager.getFileStatus(OzoneManager.java:3611) ~[ozone-manager-1.4.0-SNAPSHOT.jar:?]
	at org.apache.hadoop.ozone.protocolPB.OzoneManagerRequestHandler.getOzoneFileStatus(OzoneManagerRequestHandler.java:1005) ~[ozone-manager-1.4.0-SNAPSHOT.jar:?]
	at org.apache.hadoop.ozone.protocolPB.OzoneManagerRequestHandler.handleReadRequest(OzoneManagerRequestHandler.java:262) ~[ozone-manager-1.4.0-SNAPSHOT.jar:?]
	at org.apache.hadoop.ozone.protocolPB.OzoneManagerProtocolServerSideTranslatorPB.submitRequestDirectlyToOM(OzoneManagerProtocolServerSideTranslatorPB.java:290) ~[ozone-manager-1.4.0-SNAPSHOT.jar:?]
	at org.apache.hadoop.ozone.protocolPB.OzoneManagerProtocolServerSideTranslatorPB.processRequest(OzoneManagerProtocolServerSideTranslatorPB.java:182) ~[ozone-manager-1.4.0-SNAPSHOT.jar:?]
	at org.apache.hadoop.hdds.server.OzoneProtocolMessageDispatcher.processRequest(OzoneProtocolMessageDispatcher.java:89) [hdds-server-framework-1.4.0-SNAPSHOT.jar:?]
	at org.apache.hadoop.ozone.protocolPB.OzoneManagerProtocolServerSideTranslatorPB.submitRequest(OzoneManagerProtocolServerSideTranslatorPB.java:157) [ozone-manager-1.4.0-SNAPSHOT.jar:?]
	at org.apache.hadoop.ozone.protocol.proto.OzoneManagerProtocolProtos$OzoneManagerService$2.callBlockingMethod(OzoneManagerProtocolProtos.java) [ozone-interface-client-1.4.0-SNAPSHOT.jar:?]
	at org.apache.hadoop.ipc.ProtobufRpcEngine$Server.processCall(ProtobufRpcEngine.java:484) [hadoop-common-3.3.6.jar:?]
	at org.apache.hadoop.ipc.ProtobufRpcEngine2$Server$ProtoBufRpcInvoker.call(ProtobufRpcEngine2.java:595) [hadoop-common-3.3.6.jar:?]
	at org.apache.hadoop.ipc.ProtobufRpcEngine2$Server$ProtoBufRpcInvoker.call(ProtobufRpcEngine2.java:573) [hadoop-common-3.3.6.jar:?]
	at org.apache.hadoop.ipc.RPC$Server.call(RPC.java:1227) [hadoop-common-3.3.6.jar:?]
	at org.apache.hadoop.ipc.Server$RpcCall.run(Server.java:1094) [hadoop-common-3.3.6.jar:?]
	at org.apache.hadoop.ipc.Server$RpcCall.run(Server.java:1017) [hadoop-common-3.3.6.jar:?]
	at java.security.AccessController.doPrivileged(Native Method) ~[?:1.8.0_382]
	at javax.security.auth.Subject.doAs(Subject.java:422) [?:1.8.0_382]
	at org.apache.hadoop.security.UserGroupInformation.doAs(UserGroupInformation.java:1899) [hadoop-common-3.3.6.jar:?]
	at org.apache.hadoop.ipc.Server$Handler.run(Server.java:3048) [hadoop-common-3.3.6.jar:?]
2023-11-03 16:43:29,237 [Time-limited test] INFO  om.TrashPolicyOzone (TrashPolicyOzone.java:moveToTrash(214)) - Moved: '/testKey2' to trash at: o3fs://bucket63586.volume80570/.Trash/runner/Current/testKey2
16:43:30.069 [IPC Server handler 8 on default port 15057] ERROR OMAudit - user=runner | ip=127.0.0.1 | op=GET_FILE_STATUS {volume=volume80570, bucket=bucket63586, key=.Trash/runner/Current/testKey2, dataSize=0, replicationConfig=null} | ret=FAILURE
org.apache.hadoop.ozone.om.exceptions.OMException: Unable to get file status: volume: volume80570 bucket: bucket63586 key: .Trash/runner/Current/testKey2
	at org.apache.hadoop.ozone.om.KeyManagerImpl.getOzoneFileStatusFSO(KeyManagerImpl.java:1359) ~[ozone-manager-1.4.0-SNAPSHOT.jar:?]
	at org.apache.hadoop.ozone.om.KeyManagerImpl.getFileStatus(KeyManagerImpl.java:1143) ~[ozone-manager-1.4.0-SNAPSHOT.jar:?]
	at org.apache.hadoop.ozone.om.OmMetadataReader.getFileStatus(OmMetadataReader.java:279) ~[ozone-manager-1.4.0-SNAPSHOT.jar:?]
	at org.apache.hadoop.ozone.om.OzoneManager.getFileStatus(OzoneManager.java:3611) ~[ozone-manager-1.4.0-SNAPSHOT.jar:?]
	at org.apache.hadoop.ozone.protocolPB.OzoneManagerRequestHandler.getOzoneFileStatus(OzoneManagerRequestHandler.java:1005) ~[ozone-manager-1.4.0-SNAPSHOT.jar:?]
	at org.apache.hadoop.ozone.protocolPB.OzoneManagerRequestHandler.handleReadRequest(OzoneManagerRequestHandler.java:262) ~[ozone-manager-1.4.0-SNAPSHOT.jar:?]
	at org.apache.hadoop.ozone.protocolPB.OzoneManagerProtocolServerSideTranslatorPB.submitRequestDirectlyToOM(OzoneManagerProtocolServerSideTranslatorPB.java:290) ~[ozone-manager-1.4.0-SNAPSHOT.jar:?]
	at org.apache.hadoop.ozone.protocolPB.OzoneManagerProtocolServerSideTranslatorPB.processRequest(OzoneManagerProtocolServerSideTranslatorPB.java:182) ~[ozone-manager-1.4.0-SNAPSHOT.jar:?]
	at org.apache.hadoop.hdds.server.OzoneProtocolMessageDispatcher.processRequest(OzoneProtocolMessageDispatcher.java:89) [hdds-server-framework-1.4.0-SNAPSHOT.jar:?]
	at org.apache.hadoop.ozone.protocolPB.OzoneManagerProtocolServerSideTranslatorPB.submitRequest(OzoneManagerProtocolServerSideTranslatorPB.java:157) [ozone-manager-1.4.0-SNAPSHOT.jar:?]
	at org.apache.hadoop.ozone.protocol.proto.OzoneManagerProtocolProtos$OzoneManagerService$2.callBlockingMethod(OzoneManagerProtocolProtos.java) [ozone-interface-client-1.4.0-SNAPSHOT.jar:?]
	at org.apache.hadoop.ipc.ProtobufRpcEngine$Server.processCall(ProtobufRpcEngine.java:484) [hadoop-common-3.3.6.jar:?]
	at org.apache.hadoop.ipc.ProtobufRpcEngine2$Server$ProtoBufRpcInvoker.call(ProtobufRpcEngine2.java:595) [hadoop-common-3.3.6.jar:?]
	at org.apache.hadoop.ipc.ProtobufRpcEngine2$Server$ProtoBufRpcInvoker.call(ProtobufRpcEngine2.java:573) [hadoop-common-3.3.6.jar:?]
	at org.apache.hadoop.ipc.RPC$Server.call(RPC.java:1227) [hadoop-common-3.3.6.jar:?]
	at org.apache.hadoop.ipc.Server$RpcCall.run(Server.java:1094) [hadoop-common-3.3.6.jar:?]
	at org.apache.hadoop.ipc.Server$RpcCall.run(Server.java:1017) [hadoop-common-3.3.6.jar:?]
	at java.security.AccessController.doPrivileged(Native Method) ~[?:1.8.0_382]
	at javax.security.auth.Subject.doAs(Subject.java:422) [?:1.8.0_382]
	at org.apache.hadoop.security.UserGroupInformation.doAs(UserGroupInformation.java:1899) [hadoop-common-3.3.6.jar:?]
	at org.apache.hadoop.ipc.Server$Handler.run(Server.java:3048) [hadoop-common-3.3.6.jar:?]
]]></system-out>
  </testcase>
  <testcase name="testCreateWithInvalidPaths" classname="TestOzoneFileSystemWithFSO" time="0">
    <skipped type="org.junit.AssumptionViolatedException"><![CDATA[org.junit.AssumptionViolatedException: got: <true>, expected: is <false>
	at org.junit.Assume.assumeThat(Assume.java:106)
	at org.junit.Assume.assumeFalse(Assume.java:57)
	at org.apache.hadoop.fs.ozone.TestOzoneFileSystem.testCreateWithInvalidPaths(TestOzoneFileSystem.java:388)
	at sun.reflect.NativeMethodAccessorImpl.invoke0(Native Method)
	at sun.reflect.NativeMethodAccessorImpl.invoke(NativeMethodAccessorImpl.java:62)
	at sun.reflect.DelegatingMethodAccessorImpl.invoke(DelegatingMethodAccessorImpl.java:43)
	at java.lang.reflect.Method.invoke(Method.java:498)
	at org.junit.runners.model.FrameworkMethod$1.runReflectiveCall(FrameworkMethod.java:59)
	at org.junit.internal.runners.model.ReflectiveCallable.run(ReflectiveCallable.java:12)
	at org.junit.runners.model.FrameworkMethod.invokeExplosively(FrameworkMethod.java:56)
	at org.junit.internal.runners.statements.InvokeMethod.evaluate(InvokeMethod.java:17)
	at org.junit.internal.runners.statements.RunAfters.evaluate(RunAfters.java:27)
	at org.junit.internal.runners.statements.FailOnTimeout$CallableStatement.call(FailOnTimeout.java:288)
	at org.junit.internal.runners.statements.FailOnTimeout$CallableStatement.call(FailOnTimeout.java:282)
	at java.util.concurrent.FutureTask.run(FutureTask.java:266)
	at java.lang.Thread.run(Thread.java:750)
]]></skipped>
  </testcase>
  <testcase name="testCreateWithInvalidPaths" classname="TestOzoneFileSystemWithFSO" time="0">
    <skipped type="org.junit.AssumptionViolatedException"><![CDATA[org.junit.AssumptionViolatedException: got: <true>, expected: is <false>
	at org.junit.Assume.assumeThat(Assume.java:106)
	at org.junit.Assume.assumeFalse(Assume.java:57)
	at org.apache.hadoop.fs.ozone.TestOzoneFileSystem.testCreateWithInvalidPaths(TestOzoneFileSystem.java:388)
	at sun.reflect.NativeMethodAccessorImpl.invoke0(Native Method)
	at sun.reflect.NativeMethodAccessorImpl.invoke(NativeMethodAccessorImpl.java:62)
	at sun.reflect.DelegatingMethodAccessorImpl.invoke(DelegatingMethodAccessorImpl.java:43)
	at java.lang.reflect.Method.invoke(Method.java:498)
	at org.junit.runners.model.FrameworkMethod$1.runReflectiveCall(FrameworkMethod.java:59)
	at org.junit.internal.runners.model.ReflectiveCallable.run(ReflectiveCallable.java:12)
	at org.junit.runners.model.FrameworkMethod.invokeExplosively(FrameworkMethod.java:56)
	at org.junit.internal.runners.statements.InvokeMethod.evaluate(InvokeMethod.java:17)
	at org.junit.internal.runners.statements.RunAfters.evaluate(RunAfters.java:27)
	at org.junit.internal.runners.statements.FailOnTimeout$CallableStatement.call(FailOnTimeout.java:288)
	at org.junit.internal.runners.statements.FailOnTimeout$CallableStatement.call(FailOnTimeout.java:282)
	at java.util.concurrent.FutureTask.run(FutureTask.java:266)
	at java.lang.Thread.run(Thread.java:750)
]]></skipped>
  </testcase>
  <testcase name="testListStatusOnRoot" classname="TestOzoneFileSystemWithFSO" time="0.043"/>
  <testcase name="testListStatusOnRoot" classname="TestOzoneFileSystemWithFSO" time="0.023"/>
  <testcase name="testRenameWithNonExistentSource" classname="TestOzoneFileSystemWithFSO" time="0.029">
    <system-out><![CDATA[2023-11-03 16:42:58,642 [Time-limited test] INFO  ozone.TestOzoneFileSystem (TestOzoneFileSystem.java:testRenameWithNonExistentSource(1120)) - Created destin dir: o3fs://bucket57402.volume13981/root/dir2
2023-11-03 16:42:58,643 [Time-limited test] INFO  ozone.TestOzoneFileSystem (TestOzoneFileSystem.java:testRenameWithNonExistentSource(1122)) - Rename op-> source:o3fs://bucket57402.volume13981/root/dir1 to destin:o3fs://bucket57402.volume13981/root/dir2}
16:42:58.646 [om1-OMStateMachineApplyTransactionThread - 0] ERROR OMAudit - user=runner | ip=127.0.0.1 | op=RENAME_KEY {volume=volume13981, bucket=bucket57402, dataSize=0, replicationType=NONE, replicationFactor=ZERO, srcKey=root/dir1, dstKey=root/dir2} | ret=FAILURE
org.apache.hadoop.ozone.om.exceptions.OMException: Unable to get file status: volume: volume13981 bucket: bucket57402 key: root/dir1
	at org.apache.hadoop.ozone.om.OzonePrefixPathImpl.<init>(OzonePrefixPathImpl.java:67) ~[ozone-manager-1.4.0-SNAPSHOT.jar:?]
	at org.apache.hadoop.ozone.om.request.OMClientRequest.checkACLsWithFSO(OMClientRequest.java:243) ~[ozone-manager-1.4.0-SNAPSHOT.jar:?]
	at org.apache.hadoop.ozone.om.request.key.OMKeyRenameRequestWithFSO.validateAndUpdateCache(OMKeyRenameRequestWithFSO.java:119) ~[ozone-manager-1.4.0-SNAPSHOT.jar:?]
	at org.apache.hadoop.ozone.protocolPB.OzoneManagerRequestHandler.lambda$0(OzoneManagerRequestHandler.java:390) ~[ozone-manager-1.4.0-SNAPSHOT.jar:?]
	at org.apache.hadoop.util.MetricUtil.captureLatencyNs(MetricUtil.java:39) ~[hdds-common-1.4.0-SNAPSHOT.jar:?]
	at org.apache.hadoop.ozone.protocolPB.OzoneManagerRequestHandler.handleWriteRequest(OzoneManagerRequestHandler.java:388) ~[ozone-manager-1.4.0-SNAPSHOT.jar:?]
	at org.apache.hadoop.ozone.om.ratis.OzoneManagerStateMachine.runCommand(OzoneManagerStateMachine.java:578) ~[ozone-manager-1.4.0-SNAPSHOT.jar:?]
	at org.apache.hadoop.ozone.om.ratis.OzoneManagerStateMachine.lambda$1(OzoneManagerStateMachine.java:368) ~[ozone-manager-1.4.0-SNAPSHOT.jar:?]
	at java.util.concurrent.CompletableFuture$AsyncSupply.run(CompletableFuture.java:1604) [?:1.8.0_382]
	at java.util.concurrent.ThreadPoolExecutor.runWorker(ThreadPoolExecutor.java:1149) [?:1.8.0_382]
	at java.util.concurrent.ThreadPoolExecutor$Worker.run(ThreadPoolExecutor.java:624) [?:1.8.0_382]
	at java.lang.Thread.run(Thread.java:750) [?:1.8.0_382]
2023-11-03 16:42:58,647 [om1-OMStateMachineApplyTransactionThread - 0] ERROR key.OMKeyRenameRequestWithFSO (OMKeyRenameRequestWithFSO.java:validateAndUpdateCache(251)) - Rename key failed for volume:volume13981 bucket:bucket57402 fromKey:root/dir1 toKey:root/dir2. Exception: Unable to get file status: volume: volume13981 bucket: bucket57402 key: root/dir1.
2023-11-03 16:42:58,648 [Time-limited test] ERROR ozone.BasicOzoneFileSystem (BasicOzoneFileSystem.java:renameFSO(496)) - rename key failed: Unable to get file status: volume: volume13981 bucket: bucket57402 key: root/dir1. Error code: KEY_NOT_FOUND source:root/dir1, destin:root/dir2
]]></system-out>
  </testcase>
  <testcase name="testRenameWithNonExistentSource" classname="TestOzoneFileSystemWithFSO" time="0.022">
    <system-out><![CDATA[2023-11-03 16:43:33,126 [Time-limited test] INFO  ozone.TestOzoneFileSystem (TestOzoneFileSystem.java:testRenameWithNonExistentSource(1120)) - Created destin dir: o3fs://bucket63586.volume80570/root/dir2
2023-11-03 16:43:33,126 [Time-limited test] INFO  ozone.TestOzoneFileSystem (TestOzoneFileSystem.java:testRenameWithNonExistentSource(1122)) - Rename op-> source:o3fs://bucket63586.volume80570/root/dir1 to destin:o3fs://bucket63586.volume80570/root/dir2}
16:43:33.127 [IPC Server handler 11 on default port 15057] ERROR OMAudit - user=runner | ip=127.0.0.1 | op=RENAME_KEY {volume=volume80570, bucket=bucket63586, dataSize=0, replicationType=NONE, replicationFactor=ZERO, srcKey=root/dir1, dstKey=root/dir2} | ret=FAILURE
org.apache.hadoop.ozone.om.exceptions.OMException: Unable to get file status: volume: volume80570 bucket: bucket63586 key: root/dir1
	at org.apache.hadoop.ozone.om.OzonePrefixPathImpl.<init>(OzonePrefixPathImpl.java:67) ~[ozone-manager-1.4.0-SNAPSHOT.jar:?]
	at org.apache.hadoop.ozone.om.request.OMClientRequest.checkACLsWithFSO(OMClientRequest.java:243) ~[ozone-manager-1.4.0-SNAPSHOT.jar:?]
	at org.apache.hadoop.ozone.om.request.key.OMKeyRenameRequestWithFSO.validateAndUpdateCache(OMKeyRenameRequestWithFSO.java:119) ~[ozone-manager-1.4.0-SNAPSHOT.jar:?]
	at org.apache.hadoop.ozone.protocolPB.OzoneManagerRequestHandler.lambda$0(OzoneManagerRequestHandler.java:390) ~[ozone-manager-1.4.0-SNAPSHOT.jar:?]
	at org.apache.hadoop.util.MetricUtil.captureLatencyNs(MetricUtil.java:39) ~[hdds-common-1.4.0-SNAPSHOT.jar:?]
	at org.apache.hadoop.ozone.protocolPB.OzoneManagerRequestHandler.handleWriteRequest(OzoneManagerRequestHandler.java:388) ~[ozone-manager-1.4.0-SNAPSHOT.jar:?]
	at org.apache.hadoop.ozone.protocolPB.OzoneManagerProtocolServerSideTranslatorPB.submitRequestDirectlyToOM(OzoneManagerProtocolServerSideTranslatorPB.java:296) ~[ozone-manager-1.4.0-SNAPSHOT.jar:?]
	at org.apache.hadoop.ozone.protocolPB.OzoneManagerProtocolServerSideTranslatorPB.processRequest(OzoneManagerProtocolServerSideTranslatorPB.java:182) ~[ozone-manager-1.4.0-SNAPSHOT.jar:?]
	at org.apache.hadoop.hdds.server.OzoneProtocolMessageDispatcher.processRequest(OzoneProtocolMessageDispatcher.java:89) [hdds-server-framework-1.4.0-SNAPSHOT.jar:?]
	at org.apache.hadoop.ozone.protocolPB.OzoneManagerProtocolServerSideTranslatorPB.submitRequest(OzoneManagerProtocolServerSideTranslatorPB.java:157) [ozone-manager-1.4.0-SNAPSHOT.jar:?]
	at org.apache.hadoop.ozone.protocol.proto.OzoneManagerProtocolProtos$OzoneManagerService$2.callBlockingMethod(OzoneManagerProtocolProtos.java) [ozone-interface-client-1.4.0-SNAPSHOT.jar:?]
	at org.apache.hadoop.ipc.ProtobufRpcEngine$Server.processCall(ProtobufRpcEngine.java:484) [hadoop-common-3.3.6.jar:?]
	at org.apache.hadoop.ipc.ProtobufRpcEngine2$Server$ProtoBufRpcInvoker.call(ProtobufRpcEngine2.java:595) [hadoop-common-3.3.6.jar:?]
	at org.apache.hadoop.ipc.ProtobufRpcEngine2$Server$ProtoBufRpcInvoker.call(ProtobufRpcEngine2.java:573) [hadoop-common-3.3.6.jar:?]
	at org.apache.hadoop.ipc.RPC$Server.call(RPC.java:1227) [hadoop-common-3.3.6.jar:?]
	at org.apache.hadoop.ipc.Server$RpcCall.run(Server.java:1094) [hadoop-common-3.3.6.jar:?]
	at org.apache.hadoop.ipc.Server$RpcCall.run(Server.java:1017) [hadoop-common-3.3.6.jar:?]
	at java.security.AccessController.doPrivileged(Native Method) ~[?:1.8.0_382]
	at javax.security.auth.Subject.doAs(Subject.java:422) [?:1.8.0_382]
	at org.apache.hadoop.security.UserGroupInformation.doAs(UserGroupInformation.java:1899) [hadoop-common-3.3.6.jar:?]
	at org.apache.hadoop.ipc.Server$Handler.run(Server.java:3048) [hadoop-common-3.3.6.jar:?]
2023-11-03 16:43:33,128 [IPC Server handler 11 on default port 15057] ERROR key.OMKeyRenameRequestWithFSO (OMKeyRenameRequestWithFSO.java:validateAndUpdateCache(251)) - Rename key failed for volume:volume80570 bucket:bucket63586 fromKey:root/dir1 toKey:root/dir2. Exception: Unable to get file status: volume: volume80570 bucket: bucket63586 key: root/dir1.
2023-11-03 16:43:33,129 [Time-limited test] ERROR ozone.BasicOzoneFileSystem (BasicOzoneFileSystem.java:renameFSO(496)) - rename key failed: Unable to get file status: volume: volume80570 bucket: bucket63586 key: root/dir1. Error code: KEY_NOT_FOUND source:root/dir1, destin:root/dir2
]]></system-out>
  </testcase>
  <testcase name="testRenameToParentDir" classname="TestOzoneFileSystemWithFSO" time="0.065"/>
  <testcase name="testRenameToParentDir" classname="TestOzoneFileSystemWithFSO" time="0.034"/>
  <testcase name="testListStatusOnSubDirs" classname="TestOzoneFileSystemWithFSO" time="0.058"/>
  <testcase name="testListStatusOnSubDirs" classname="TestOzoneFileSystemWithFSO" time="0.022"/>
  <testcase name="testListStatus" classname="TestOzoneFileSystemWithFSO" time="0.094"/>
  <testcase name="testListStatus" classname="TestOzoneFileSystemWithFSO" time="0.04"/>
  <testcase name="testRecursiveDelete" classname="TestOzoneFileSystemWithFSO" time="0.477">
    <system-out><![CDATA[16:42:59.089 [om1-OMStateMachineApplyTransactionThread - 0] ERROR OMAudit - user=runner | ip=127.0.0.1 | op=DELETE_KEY {volume=volume13981, bucket=bucket57402, key=gdir1/pdir1, dataSize=0, replicationType=NONE, replicationFactor=ZERO} | ret=FAILURE
org.apache.hadoop.ozone.om.exceptions.OMException: Directory is not empty. Key:gdir1/pdir1
	at org.apache.hadoop.ozone.om.request.key.OMKeyDeleteRequestWithFSO.validateAndUpdateCache(OMKeyDeleteRequestWithFSO.java:141) ~[ozone-manager-1.4.0-SNAPSHOT.jar:?]
	at org.apache.hadoop.ozone.protocolPB.OzoneManagerRequestHandler.lambda$0(OzoneManagerRequestHandler.java:390) ~[ozone-manager-1.4.0-SNAPSHOT.jar:?]
	at org.apache.hadoop.util.MetricUtil.captureLatencyNs(MetricUtil.java:39) ~[hdds-common-1.4.0-SNAPSHOT.jar:?]
	at org.apache.hadoop.ozone.protocolPB.OzoneManagerRequestHandler.handleWriteRequest(OzoneManagerRequestHandler.java:388) ~[ozone-manager-1.4.0-SNAPSHOT.jar:?]
	at org.apache.hadoop.ozone.om.ratis.OzoneManagerStateMachine.runCommand(OzoneManagerStateMachine.java:578) ~[ozone-manager-1.4.0-SNAPSHOT.jar:?]
	at org.apache.hadoop.ozone.om.ratis.OzoneManagerStateMachine.lambda$1(OzoneManagerStateMachine.java:368) ~[ozone-manager-1.4.0-SNAPSHOT.jar:?]
	at java.util.concurrent.CompletableFuture$AsyncSupply.run(CompletableFuture.java:1604) [?:1.8.0_382]
	at java.util.concurrent.ThreadPoolExecutor.runWorker(ThreadPoolExecutor.java:1149) [?:1.8.0_382]
	at java.util.concurrent.ThreadPoolExecutor$Worker.run(ThreadPoolExecutor.java:624) [?:1.8.0_382]
	at java.lang.Thread.run(Thread.java:750) [?:1.8.0_382]
2023-11-03 16:42:59,092 [om1-OMStateMachineApplyTransactionThread - 0] ERROR key.OMKeyDeleteRequestWithFSO (OMKeyDeleteRequestWithFSO.java:validateAndUpdateCache(201)) - Key delete failed. Volume:volume13981, Bucket:bucket57402, Key:gdir1/pdir1.
DIRECTORY_NOT_EMPTY org.apache.hadoop.ozone.om.exceptions.OMException: Directory is not empty. Key:gdir1/pdir1
	at org.apache.hadoop.ozone.om.request.key.OMKeyDeleteRequestWithFSO.validateAndUpdateCache(OMKeyDeleteRequestWithFSO.java:141)
	at org.apache.hadoop.ozone.protocolPB.OzoneManagerRequestHandler.lambda$0(OzoneManagerRequestHandler.java:390)
	at org.apache.hadoop.util.MetricUtil.captureLatencyNs(MetricUtil.java:39)
	at org.apache.hadoop.ozone.protocolPB.OzoneManagerRequestHandler.handleWriteRequest(OzoneManagerRequestHandler.java:388)
	at org.apache.hadoop.ozone.om.ratis.OzoneManagerStateMachine.runCommand(OzoneManagerStateMachine.java:578)
	at org.apache.hadoop.ozone.om.ratis.OzoneManagerStateMachine.lambda$1(OzoneManagerStateMachine.java:368)
	at java.util.concurrent.CompletableFuture$AsyncSupply.run(CompletableFuture.java:1604)
	at java.util.concurrent.ThreadPoolExecutor.runWorker(ThreadPoolExecutor.java:1149)
	at java.util.concurrent.ThreadPoolExecutor$Worker.run(ThreadPoolExecutor.java:624)
	at java.lang.Thread.run(Thread.java:750)
2023-11-03 16:42:59,093 [Time-limited test] ERROR ozone.BasicOzoneClientAdapterImpl (BasicOzoneClientAdapterImpl.java:deleteObject(364)) - delete key failed Directory is not empty. Key:gdir1/pdir1
16:42:59.101 [om1-OMStateMachineApplyTransactionThread - 0] ERROR OMAudit - user=runner | ip=127.0.0.1 | op=DELETE_KEY {volume=volume13981, bucket=bucket57402, key=gdir1, dataSize=0, replicationType=NONE, replicationFactor=ZERO} | ret=FAILURE
org.apache.hadoop.ozone.om.exceptions.OMException: Directory is not empty. Key:gdir1
	at org.apache.hadoop.ozone.om.request.key.OMKeyDeleteRequestWithFSO.validateAndUpdateCache(OMKeyDeleteRequestWithFSO.java:141) ~[ozone-manager-1.4.0-SNAPSHOT.jar:?]
	at org.apache.hadoop.ozone.protocolPB.OzoneManagerRequestHandler.lambda$0(OzoneManagerRequestHandler.java:390) ~[ozone-manager-1.4.0-SNAPSHOT.jar:?]
	at org.apache.hadoop.util.MetricUtil.captureLatencyNs(MetricUtil.java:39) ~[hdds-common-1.4.0-SNAPSHOT.jar:?]
	at org.apache.hadoop.ozone.protocolPB.OzoneManagerRequestHandler.handleWriteRequest(OzoneManagerRequestHandler.java:388) ~[ozone-manager-1.4.0-SNAPSHOT.jar:?]
	at org.apache.hadoop.ozone.om.ratis.OzoneManagerStateMachine.runCommand(OzoneManagerStateMachine.java:578) ~[ozone-manager-1.4.0-SNAPSHOT.jar:?]
	at org.apache.hadoop.ozone.om.ratis.OzoneManagerStateMachine.lambda$1(OzoneManagerStateMachine.java:368) ~[ozone-manager-1.4.0-SNAPSHOT.jar:?]
	at java.util.concurrent.CompletableFuture$AsyncSupply.run(CompletableFuture.java:1604) [?:1.8.0_382]
	at java.util.concurrent.ThreadPoolExecutor.runWorker(ThreadPoolExecutor.java:1149) [?:1.8.0_382]
	at java.util.concurrent.ThreadPoolExecutor$Worker.run(ThreadPoolExecutor.java:624) [?:1.8.0_382]
	at java.lang.Thread.run(Thread.java:750) [?:1.8.0_382]
2023-11-03 16:42:59,102 [om1-OMStateMachineApplyTransactionThread - 0] ERROR key.OMKeyDeleteRequestWithFSO (OMKeyDeleteRequestWithFSO.java:validateAndUpdateCache(201)) - Key delete failed. Volume:volume13981, Bucket:bucket57402, Key:gdir1.
DIRECTORY_NOT_EMPTY org.apache.hadoop.ozone.om.exceptions.OMException: Directory is not empty. Key:gdir1
	at org.apache.hadoop.ozone.om.request.key.OMKeyDeleteRequestWithFSO.validateAndUpdateCache(OMKeyDeleteRequestWithFSO.java:141)
	at org.apache.hadoop.ozone.protocolPB.OzoneManagerRequestHandler.lambda$0(OzoneManagerRequestHandler.java:390)
	at org.apache.hadoop.util.MetricUtil.captureLatencyNs(MetricUtil.java:39)
	at org.apache.hadoop.ozone.protocolPB.OzoneManagerRequestHandler.handleWriteRequest(OzoneManagerRequestHandler.java:388)
	at org.apache.hadoop.ozone.om.ratis.OzoneManagerStateMachine.runCommand(OzoneManagerStateMachine.java:578)
	at org.apache.hadoop.ozone.om.ratis.OzoneManagerStateMachine.lambda$1(OzoneManagerStateMachine.java:368)
	at java.util.concurrent.CompletableFuture$AsyncSupply.run(CompletableFuture.java:1604)
	at java.util.concurrent.ThreadPoolExecutor.runWorker(ThreadPoolExecutor.java:1149)
	at java.util.concurrent.ThreadPoolExecutor$Worker.run(ThreadPoolExecutor.java:624)
	at java.lang.Thread.run(Thread.java:750)
2023-11-03 16:42:59,105 [Time-limited test] ERROR ozone.BasicOzoneClientAdapterImpl (BasicOzoneClientAdapterImpl.java:deleteObject(364)) - delete key failed Directory is not empty. Key:gdir1
16:42:59.115 [IPC Server handler 3 on default port 15004] ERROR OMAudit - user=runner | ip=127.0.0.1 | op=GET_FILE_STATUS {volume=volume13981, bucket=bucket57402, key=gdir1, dataSize=0, replicationConfig=null} | ret=FAILURE
org.apache.hadoop.ozone.om.exceptions.OMException: Unable to get file status: volume: volume13981 bucket: bucket57402 key: gdir1
	at org.apache.hadoop.ozone.om.KeyManagerImpl.getOzoneFileStatusFSO(KeyManagerImpl.java:1359) ~[ozone-manager-1.4.0-SNAPSHOT.jar:?]
	at org.apache.hadoop.ozone.om.KeyManagerImpl.getFileStatus(KeyManagerImpl.java:1143) ~[ozone-manager-1.4.0-SNAPSHOT.jar:?]
	at org.apache.hadoop.ozone.om.OmMetadataReader.getFileStatus(OmMetadataReader.java:279) ~[ozone-manager-1.4.0-SNAPSHOT.jar:?]
	at org.apache.hadoop.ozone.om.OzoneManager.getFileStatus(OzoneManager.java:3611) ~[ozone-manager-1.4.0-SNAPSHOT.jar:?]
	at org.apache.hadoop.ozone.protocolPB.OzoneManagerRequestHandler.getOzoneFileStatus(OzoneManagerRequestHandler.java:1005) ~[ozone-manager-1.4.0-SNAPSHOT.jar:?]
	at org.apache.hadoop.ozone.protocolPB.OzoneManagerRequestHandler.handleReadRequest(OzoneManagerRequestHandler.java:262) ~[ozone-manager-1.4.0-SNAPSHOT.jar:?]
	at org.apache.hadoop.ozone.protocolPB.OzoneManagerProtocolServerSideTranslatorPB.submitReadRequestToOM(OzoneManagerProtocolServerSideTranslatorPB.java:241) ~[ozone-manager-1.4.0-SNAPSHOT.jar:?]
	at org.apache.hadoop.ozone.protocolPB.OzoneManagerProtocolServerSideTranslatorPB.processRequest(OzoneManagerProtocolServerSideTranslatorPB.java:186) ~[ozone-manager-1.4.0-SNAPSHOT.jar:?]
	at org.apache.hadoop.hdds.server.OzoneProtocolMessageDispatcher.processRequest(OzoneProtocolMessageDispatcher.java:89) [hdds-server-framework-1.4.0-SNAPSHOT.jar:?]
	at org.apache.hadoop.ozone.protocolPB.OzoneManagerProtocolServerSideTranslatorPB.submitRequest(OzoneManagerProtocolServerSideTranslatorPB.java:157) [ozone-manager-1.4.0-SNAPSHOT.jar:?]
	at org.apache.hadoop.ozone.protocol.proto.OzoneManagerProtocolProtos$OzoneManagerService$2.callBlockingMethod(OzoneManagerProtocolProtos.java) [ozone-interface-client-1.4.0-SNAPSHOT.jar:?]
	at org.apache.hadoop.ipc.ProtobufRpcEngine$Server.processCall(ProtobufRpcEngine.java:484) [hadoop-common-3.3.6.jar:?]
	at org.apache.hadoop.ipc.ProtobufRpcEngine2$Server$ProtoBufRpcInvoker.call(ProtobufRpcEngine2.java:595) [hadoop-common-3.3.6.jar:?]
	at org.apache.hadoop.ipc.ProtobufRpcEngine2$Server$ProtoBufRpcInvoker.call(ProtobufRpcEngine2.java:573) [hadoop-common-3.3.6.jar:?]
	at org.apache.hadoop.ipc.RPC$Server.call(RPC.java:1227) [hadoop-common-3.3.6.jar:?]
	at org.apache.hadoop.ipc.Server$RpcCall.run(Server.java:1094) [hadoop-common-3.3.6.jar:?]
	at org.apache.hadoop.ipc.Server$RpcCall.run(Server.java:1017) [hadoop-common-3.3.6.jar:?]
	at java.security.AccessController.doPrivileged(Native Method) ~[?:1.8.0_382]
	at javax.security.auth.Subject.doAs(Subject.java:422) [?:1.8.0_382]
	at org.apache.hadoop.security.UserGroupInformation.doAs(UserGroupInformation.java:1899) [hadoop-common-3.3.6.jar:?]
	at org.apache.hadoop.ipc.Server$Handler.run(Server.java:3048) [hadoop-common-3.3.6.jar:?]
16:42:59.117 [IPC Server handler 16 on default port 15004] ERROR OMAudit - user=runner | ip=127.0.0.1 | op=GET_FILE_STATUS {volume=volume13981, bucket=bucket57402, key=gdir1/dir1, dataSize=0, replicationConfig=null} | ret=FAILURE
org.apache.hadoop.ozone.om.exceptions.OMException: Unable to get file status: volume: volume13981 bucket: bucket57402 key: gdir1/dir1
	at org.apache.hadoop.ozone.om.KeyManagerImpl.getOzoneFileStatusFSO(KeyManagerImpl.java:1359) ~[ozone-manager-1.4.0-SNAPSHOT.jar:?]
	at org.apache.hadoop.ozone.om.KeyManagerImpl.getFileStatus(KeyManagerImpl.java:1143) ~[ozone-manager-1.4.0-SNAPSHOT.jar:?]
	at org.apache.hadoop.ozone.om.OmMetadataReader.getFileStatus(OmMetadataReader.java:279) ~[ozone-manager-1.4.0-SNAPSHOT.jar:?]
	at org.apache.hadoop.ozone.om.OzoneManager.getFileStatus(OzoneManager.java:3611) ~[ozone-manager-1.4.0-SNAPSHOT.jar:?]
	at org.apache.hadoop.ozone.protocolPB.OzoneManagerRequestHandler.getOzoneFileStatus(OzoneManagerRequestHandler.java:1005) ~[ozone-manager-1.4.0-SNAPSHOT.jar:?]
	at org.apache.hadoop.ozone.protocolPB.OzoneManagerRequestHandler.handleReadRequest(OzoneManagerRequestHandler.java:262) ~[ozone-manager-1.4.0-SNAPSHOT.jar:?]
	at org.apache.hadoop.ozone.protocolPB.OzoneManagerProtocolServerSideTranslatorPB.submitReadRequestToOM(OzoneManagerProtocolServerSideTranslatorPB.java:241) ~[ozone-manager-1.4.0-SNAPSHOT.jar:?]
	at org.apache.hadoop.ozone.protocolPB.OzoneManagerProtocolServerSideTranslatorPB.processRequest(OzoneManagerProtocolServerSideTranslatorPB.java:186) ~[ozone-manager-1.4.0-SNAPSHOT.jar:?]
	at org.apache.hadoop.hdds.server.OzoneProtocolMessageDispatcher.processRequest(OzoneProtocolMessageDispatcher.java:89) [hdds-server-framework-1.4.0-SNAPSHOT.jar:?]
	at org.apache.hadoop.ozone.protocolPB.OzoneManagerProtocolServerSideTranslatorPB.submitRequest(OzoneManagerProtocolServerSideTranslatorPB.java:157) [ozone-manager-1.4.0-SNAPSHOT.jar:?]
	at org.apache.hadoop.ozone.protocol.proto.OzoneManagerProtocolProtos$OzoneManagerService$2.callBlockingMethod(OzoneManagerProtocolProtos.java) [ozone-interface-client-1.4.0-SNAPSHOT.jar:?]
	at org.apache.hadoop.ipc.ProtobufRpcEngine$Server.processCall(ProtobufRpcEngine.java:484) [hadoop-common-3.3.6.jar:?]
	at org.apache.hadoop.ipc.ProtobufRpcEngine2$Server$ProtoBufRpcInvoker.call(ProtobufRpcEngine2.java:595) [hadoop-common-3.3.6.jar:?]
	at org.apache.hadoop.ipc.ProtobufRpcEngine2$Server$ProtoBufRpcInvoker.call(ProtobufRpcEngine2.java:573) [hadoop-common-3.3.6.jar:?]
	at org.apache.hadoop.ipc.RPC$Server.call(RPC.java:1227) [hadoop-common-3.3.6.jar:?]
	at org.apache.hadoop.ipc.Server$RpcCall.run(Server.java:1094) [hadoop-common-3.3.6.jar:?]
	at org.apache.hadoop.ipc.Server$RpcCall.run(Server.java:1017) [hadoop-common-3.3.6.jar:?]
	at java.security.AccessController.doPrivileged(Native Method) ~[?:1.8.0_382]
	at javax.security.auth.Subject.doAs(Subject.java:422) [?:1.8.0_382]
	at org.apache.hadoop.security.UserGroupInformation.doAs(UserGroupInformation.java:1899) [hadoop-common-3.3.6.jar:?]
	at org.apache.hadoop.ipc.Server$Handler.run(Server.java:3048) [hadoop-common-3.3.6.jar:?]
16:42:59.120 [IPC Server handler 9 on default port 15004] ERROR OMAudit - user=runner | ip=127.0.0.1 | op=GET_FILE_STATUS {volume=volume13981, bucket=bucket57402, key=gdir1/dir1/child, dataSize=0, replicationConfig=null} | ret=FAILURE
org.apache.hadoop.ozone.om.exceptions.OMException: Unable to get file status: volume: volume13981 bucket: bucket57402 key: gdir1/dir1/child
	at org.apache.hadoop.ozone.om.KeyManagerImpl.getOzoneFileStatusFSO(KeyManagerImpl.java:1359) ~[ozone-manager-1.4.0-SNAPSHOT.jar:?]
	at org.apache.hadoop.ozone.om.KeyManagerImpl.getFileStatus(KeyManagerImpl.java:1143) ~[ozone-manager-1.4.0-SNAPSHOT.jar:?]
	at org.apache.hadoop.ozone.om.OmMetadataReader.getFileStatus(OmMetadataReader.java:279) ~[ozone-manager-1.4.0-SNAPSHOT.jar:?]
	at org.apache.hadoop.ozone.om.OzoneManager.getFileStatus(OzoneManager.java:3611) ~[ozone-manager-1.4.0-SNAPSHOT.jar:?]
	at org.apache.hadoop.ozone.protocolPB.OzoneManagerRequestHandler.getOzoneFileStatus(OzoneManagerRequestHandler.java:1005) ~[ozone-manager-1.4.0-SNAPSHOT.jar:?]
	at org.apache.hadoop.ozone.protocolPB.OzoneManagerRequestHandler.handleReadRequest(OzoneManagerRequestHandler.java:262) ~[ozone-manager-1.4.0-SNAPSHOT.jar:?]
	at org.apache.hadoop.ozone.protocolPB.OzoneManagerProtocolServerSideTranslatorPB.submitReadRequestToOM(OzoneManagerProtocolServerSideTranslatorPB.java:241) ~[ozone-manager-1.4.0-SNAPSHOT.jar:?]
	at org.apache.hadoop.ozone.protocolPB.OzoneManagerProtocolServerSideTranslatorPB.processRequest(OzoneManagerProtocolServerSideTranslatorPB.java:186) ~[ozone-manager-1.4.0-SNAPSHOT.jar:?]
	at org.apache.hadoop.hdds.server.OzoneProtocolMessageDispatcher.processRequest(OzoneProtocolMessageDispatcher.java:89) [hdds-server-framework-1.4.0-SNAPSHOT.jar:?]
	at org.apache.hadoop.ozone.protocolPB.OzoneManagerProtocolServerSideTranslatorPB.submitRequest(OzoneManagerProtocolServerSideTranslatorPB.java:157) [ozone-manager-1.4.0-SNAPSHOT.jar:?]
	at org.apache.hadoop.ozone.protocol.proto.OzoneManagerProtocolProtos$OzoneManagerService$2.callBlockingMethod(OzoneManagerProtocolProtos.java) [ozone-interface-client-1.4.0-SNAPSHOT.jar:?]
	at org.apache.hadoop.ipc.ProtobufRpcEngine$Server.processCall(ProtobufRpcEngine.java:484) [hadoop-common-3.3.6.jar:?]
	at org.apache.hadoop.ipc.ProtobufRpcEngine2$Server$ProtoBufRpcInvoker.call(ProtobufRpcEngine2.java:595) [hadoop-common-3.3.6.jar:?]
	at org.apache.hadoop.ipc.ProtobufRpcEngine2$Server$ProtoBufRpcInvoker.call(ProtobufRpcEngine2.java:573) [hadoop-common-3.3.6.jar:?]
	at org.apache.hadoop.ipc.RPC$Server.call(RPC.java:1227) [hadoop-common-3.3.6.jar:?]
	at org.apache.hadoop.ipc.Server$RpcCall.run(Server.java:1094) [hadoop-common-3.3.6.jar:?]
	at org.apache.hadoop.ipc.Server$RpcCall.run(Server.java:1017) [hadoop-common-3.3.6.jar:?]
	at java.security.AccessController.doPrivileged(Native Method) ~[?:1.8.0_382]
	at javax.security.auth.Subject.doAs(Subject.java:422) [?:1.8.0_382]
	at org.apache.hadoop.security.UserGroupInformation.doAs(UserGroupInformation.java:1899) [hadoop-common-3.3.6.jar:?]
	at org.apache.hadoop.ipc.Server$Handler.run(Server.java:3048) [hadoop-common-3.3.6.jar:?]
16:42:59.122 [IPC Server handler 7 on default port 15004] ERROR OMAudit - user=runner | ip=127.0.0.1 | op=GET_FILE_STATUS {volume=volume13981, bucket=bucket57402, key=gdir1/dir2, dataSize=0, replicationConfig=null} | ret=FAILURE
org.apache.hadoop.ozone.om.exceptions.OMException: Unable to get file status: volume: volume13981 bucket: bucket57402 key: gdir1/dir2
	at org.apache.hadoop.ozone.om.KeyManagerImpl.getOzoneFileStatusFSO(KeyManagerImpl.java:1359) ~[ozone-manager-1.4.0-SNAPSHOT.jar:?]
	at org.apache.hadoop.ozone.om.KeyManagerImpl.getFileStatus(KeyManagerImpl.java:1143) ~[ozone-manager-1.4.0-SNAPSHOT.jar:?]
	at org.apache.hadoop.ozone.om.OmMetadataReader.getFileStatus(OmMetadataReader.java:279) ~[ozone-manager-1.4.0-SNAPSHOT.jar:?]
	at org.apache.hadoop.ozone.om.OzoneManager.getFileStatus(OzoneManager.java:3611) ~[ozone-manager-1.4.0-SNAPSHOT.jar:?]
	at org.apache.hadoop.ozone.protocolPB.OzoneManagerRequestHandler.getOzoneFileStatus(OzoneManagerRequestHandler.java:1005) ~[ozone-manager-1.4.0-SNAPSHOT.jar:?]
	at org.apache.hadoop.ozone.protocolPB.OzoneManagerRequestHandler.handleReadRequest(OzoneManagerRequestHandler.java:262) ~[ozone-manager-1.4.0-SNAPSHOT.jar:?]
	at org.apache.hadoop.ozone.protocolPB.OzoneManagerProtocolServerSideTranslatorPB.submitReadRequestToOM(OzoneManagerProtocolServerSideTranslatorPB.java:241) ~[ozone-manager-1.4.0-SNAPSHOT.jar:?]
	at org.apache.hadoop.ozone.protocolPB.OzoneManagerProtocolServerSideTranslatorPB.processRequest(OzoneManagerProtocolServerSideTranslatorPB.java:186) ~[ozone-manager-1.4.0-SNAPSHOT.jar:?]
	at org.apache.hadoop.hdds.server.OzoneProtocolMessageDispatcher.processRequest(OzoneProtocolMessageDispatcher.java:89) [hdds-server-framework-1.4.0-SNAPSHOT.jar:?]
	at org.apache.hadoop.ozone.protocolPB.OzoneManagerProtocolServerSideTranslatorPB.submitRequest(OzoneManagerProtocolServerSideTranslatorPB.java:157) [ozone-manager-1.4.0-SNAPSHOT.jar:?]
	at org.apache.hadoop.ozone.protocol.proto.OzoneManagerProtocolProtos$OzoneManagerService$2.callBlockingMethod(OzoneManagerProtocolProtos.java) [ozone-interface-client-1.4.0-SNAPSHOT.jar:?]
	at org.apache.hadoop.ipc.ProtobufRpcEngine$Server.processCall(ProtobufRpcEngine.java:484) [hadoop-common-3.3.6.jar:?]
	at org.apache.hadoop.ipc.ProtobufRpcEngine2$Server$ProtoBufRpcInvoker.call(ProtobufRpcEngine2.java:595) [hadoop-common-3.3.6.jar:?]
	at org.apache.hadoop.ipc.ProtobufRpcEngine2$Server$ProtoBufRpcInvoker.call(ProtobufRpcEngine2.java:573) [hadoop-common-3.3.6.jar:?]
	at org.apache.hadoop.ipc.RPC$Server.call(RPC.java:1227) [hadoop-common-3.3.6.jar:?]
	at org.apache.hadoop.ipc.Server$RpcCall.run(Server.java:1094) [hadoop-common-3.3.6.jar:?]
	at org.apache.hadoop.ipc.Server$RpcCall.run(Server.java:1017) [hadoop-common-3.3.6.jar:?]
	at java.security.AccessController.doPrivileged(Native Method) ~[?:1.8.0_382]
	at javax.security.auth.Subject.doAs(Subject.java:422) [?:1.8.0_382]
	at org.apache.hadoop.security.UserGroupInformation.doAs(UserGroupInformation.java:1899) [hadoop-common-3.3.6.jar:?]
	at org.apache.hadoop.ipc.Server$Handler.run(Server.java:3048) [hadoop-common-3.3.6.jar:?]
16:42:59.124 [IPC Server handler 1 on default port 15004] ERROR OMAudit - user=runner | ip=127.0.0.1 | op=GET_FILE_STATUS {volume=volume13981, bucket=bucket57402, key=gdir1/dir2/child, dataSize=0, replicationConfig=null} | ret=FAILURE
org.apache.hadoop.ozone.om.exceptions.OMException: Unable to get file status: volume: volume13981 bucket: bucket57402 key: gdir1/dir2/child
	at org.apache.hadoop.ozone.om.KeyManagerImpl.getOzoneFileStatusFSO(KeyManagerImpl.java:1359) ~[ozone-manager-1.4.0-SNAPSHOT.jar:?]
	at org.apache.hadoop.ozone.om.KeyManagerImpl.getFileStatus(KeyManagerImpl.java:1143) ~[ozone-manager-1.4.0-SNAPSHOT.jar:?]
	at org.apache.hadoop.ozone.om.OmMetadataReader.getFileStatus(OmMetadataReader.java:279) ~[ozone-manager-1.4.0-SNAPSHOT.jar:?]
	at org.apache.hadoop.ozone.om.OzoneManager.getFileStatus(OzoneManager.java:3611) ~[ozone-manager-1.4.0-SNAPSHOT.jar:?]
	at org.apache.hadoop.ozone.protocolPB.OzoneManagerRequestHandler.getOzoneFileStatus(OzoneManagerRequestHandler.java:1005) ~[ozone-manager-1.4.0-SNAPSHOT.jar:?]
	at org.apache.hadoop.ozone.protocolPB.OzoneManagerRequestHandler.handleReadRequest(OzoneManagerRequestHandler.java:262) ~[ozone-manager-1.4.0-SNAPSHOT.jar:?]
	at org.apache.hadoop.ozone.protocolPB.OzoneManagerProtocolServerSideTranslatorPB.submitReadRequestToOM(OzoneManagerProtocolServerSideTranslatorPB.java:241) ~[ozone-manager-1.4.0-SNAPSHOT.jar:?]
	at org.apache.hadoop.ozone.protocolPB.OzoneManagerProtocolServerSideTranslatorPB.processRequest(OzoneManagerProtocolServerSideTranslatorPB.java:186) ~[ozone-manager-1.4.0-SNAPSHOT.jar:?]
	at org.apache.hadoop.hdds.server.OzoneProtocolMessageDispatcher.processRequest(OzoneProtocolMessageDispatcher.java:89) [hdds-server-framework-1.4.0-SNAPSHOT.jar:?]
	at org.apache.hadoop.ozone.protocolPB.OzoneManagerProtocolServerSideTranslatorPB.submitRequest(OzoneManagerProtocolServerSideTranslatorPB.java:157) [ozone-manager-1.4.0-SNAPSHOT.jar:?]
	at org.apache.hadoop.ozone.protocol.proto.OzoneManagerProtocolProtos$OzoneManagerService$2.callBlockingMethod(OzoneManagerProtocolProtos.java) [ozone-interface-client-1.4.0-SNAPSHOT.jar:?]
	at org.apache.hadoop.ipc.ProtobufRpcEngine$Server.processCall(ProtobufRpcEngine.java:484) [hadoop-common-3.3.6.jar:?]
	at org.apache.hadoop.ipc.ProtobufRpcEngine2$Server$ProtoBufRpcInvoker.call(ProtobufRpcEngine2.java:595) [hadoop-common-3.3.6.jar:?]
	at org.apache.hadoop.ipc.ProtobufRpcEngine2$Server$ProtoBufRpcInvoker.call(ProtobufRpcEngine2.java:573) [hadoop-common-3.3.6.jar:?]
	at org.apache.hadoop.ipc.RPC$Server.call(RPC.java:1227) [hadoop-common-3.3.6.jar:?]
	at org.apache.hadoop.ipc.Server$RpcCall.run(Server.java:1094) [hadoop-common-3.3.6.jar:?]
	at org.apache.hadoop.ipc.Server$RpcCall.run(Server.java:1017) [hadoop-common-3.3.6.jar:?]
	at java.security.AccessController.doPrivileged(Native Method) ~[?:1.8.0_382]
	at javax.security.auth.Subject.doAs(Subject.java:422) [?:1.8.0_382]
	at org.apache.hadoop.security.UserGroupInformation.doAs(UserGroupInformation.java:1899) [hadoop-common-3.3.6.jar:?]
	at org.apache.hadoop.ipc.Server$Handler.run(Server.java:3048) [hadoop-common-3.3.6.jar:?]
16:42:59.126 [IPC Server handler 0 on default port 15004] ERROR OMAudit - user=runner | ip=127.0.0.1 | op=GET_FILE_STATUS {volume=volume13981, bucket=bucket57402, key=gdir1/dir3, dataSize=0, replicationConfig=null} | ret=FAILURE
org.apache.hadoop.ozone.om.exceptions.OMException: Unable to get file status: volume: volume13981 bucket: bucket57402 key: gdir1/dir3
	at org.apache.hadoop.ozone.om.KeyManagerImpl.getOzoneFileStatusFSO(KeyManagerImpl.java:1359) ~[ozone-manager-1.4.0-SNAPSHOT.jar:?]
	at org.apache.hadoop.ozone.om.KeyManagerImpl.getFileStatus(KeyManagerImpl.java:1143) ~[ozone-manager-1.4.0-SNAPSHOT.jar:?]
	at org.apache.hadoop.ozone.om.OmMetadataReader.getFileStatus(OmMetadataReader.java:279) ~[ozone-manager-1.4.0-SNAPSHOT.jar:?]
	at org.apache.hadoop.ozone.om.OzoneManager.getFileStatus(OzoneManager.java:3611) ~[ozone-manager-1.4.0-SNAPSHOT.jar:?]
	at org.apache.hadoop.ozone.protocolPB.OzoneManagerRequestHandler.getOzoneFileStatus(OzoneManagerRequestHandler.java:1005) ~[ozone-manager-1.4.0-SNAPSHOT.jar:?]
	at org.apache.hadoop.ozone.protocolPB.OzoneManagerRequestHandler.handleReadRequest(OzoneManagerRequestHandler.java:262) ~[ozone-manager-1.4.0-SNAPSHOT.jar:?]
	at org.apache.hadoop.ozone.protocolPB.OzoneManagerProtocolServerSideTranslatorPB.submitReadRequestToOM(OzoneManagerProtocolServerSideTranslatorPB.java:241) ~[ozone-manager-1.4.0-SNAPSHOT.jar:?]
	at org.apache.hadoop.ozone.protocolPB.OzoneManagerProtocolServerSideTranslatorPB.processRequest(OzoneManagerProtocolServerSideTranslatorPB.java:186) ~[ozone-manager-1.4.0-SNAPSHOT.jar:?]
	at org.apache.hadoop.hdds.server.OzoneProtocolMessageDispatcher.processRequest(OzoneProtocolMessageDispatcher.java:89) [hdds-server-framework-1.4.0-SNAPSHOT.jar:?]
	at org.apache.hadoop.ozone.protocolPB.OzoneManagerProtocolServerSideTranslatorPB.submitRequest(OzoneManagerProtocolServerSideTranslatorPB.java:157) [ozone-manager-1.4.0-SNAPSHOT.jar:?]
	at org.apache.hadoop.ozone.protocol.proto.OzoneManagerProtocolProtos$OzoneManagerService$2.callBlockingMethod(OzoneManagerProtocolProtos.java) [ozone-interface-client-1.4.0-SNAPSHOT.jar:?]
	at org.apache.hadoop.ipc.ProtobufRpcEngine$Server.processCall(ProtobufRpcEngine.java:484) [hadoop-common-3.3.6.jar:?]
	at org.apache.hadoop.ipc.ProtobufRpcEngine2$Server$ProtoBufRpcInvoker.call(ProtobufRpcEngine2.java:595) [hadoop-common-3.3.6.jar:?]
	at org.apache.hadoop.ipc.ProtobufRpcEngine2$Server$ProtoBufRpcInvoker.call(ProtobufRpcEngine2.java:573) [hadoop-common-3.3.6.jar:?]
	at org.apache.hadoop.ipc.RPC$Server.call(RPC.java:1227) [hadoop-common-3.3.6.jar:?]
	at org.apache.hadoop.ipc.Server$RpcCall.run(Server.java:1094) [hadoop-common-3.3.6.jar:?]
	at org.apache.hadoop.ipc.Server$RpcCall.run(Server.java:1017) [hadoop-common-3.3.6.jar:?]
	at java.security.AccessController.doPrivileged(Native Method) ~[?:1.8.0_382]
	at javax.security.auth.Subject.doAs(Subject.java:422) [?:1.8.0_382]
	at org.apache.hadoop.security.UserGroupInformation.doAs(UserGroupInformation.java:1899) [hadoop-common-3.3.6.jar:?]
	at org.apache.hadoop.ipc.Server$Handler.run(Server.java:3048) [hadoop-common-3.3.6.jar:?]
16:42:59.129 [IPC Server handler 17 on default port 15004] ERROR OMAudit - user=runner | ip=127.0.0.1 | op=GET_FILE_STATUS {volume=volume13981, bucket=bucket57402, key=gdir1/dir3/child, dataSize=0, replicationConfig=null} | ret=FAILURE
org.apache.hadoop.ozone.om.exceptions.OMException: Unable to get file status: volume: volume13981 bucket: bucket57402 key: gdir1/dir3/child
	at org.apache.hadoop.ozone.om.KeyManagerImpl.getOzoneFileStatusFSO(KeyManagerImpl.java:1359) ~[ozone-manager-1.4.0-SNAPSHOT.jar:?]
	at org.apache.hadoop.ozone.om.KeyManagerImpl.getFileStatus(KeyManagerImpl.java:1143) ~[ozone-manager-1.4.0-SNAPSHOT.jar:?]
	at org.apache.hadoop.ozone.om.OmMetadataReader.getFileStatus(OmMetadataReader.java:279) ~[ozone-manager-1.4.0-SNAPSHOT.jar:?]
	at org.apache.hadoop.ozone.om.OzoneManager.getFileStatus(OzoneManager.java:3611) ~[ozone-manager-1.4.0-SNAPSHOT.jar:?]
	at org.apache.hadoop.ozone.protocolPB.OzoneManagerRequestHandler.getOzoneFileStatus(OzoneManagerRequestHandler.java:1005) ~[ozone-manager-1.4.0-SNAPSHOT.jar:?]
	at org.apache.hadoop.ozone.protocolPB.OzoneManagerRequestHandler.handleReadRequest(OzoneManagerRequestHandler.java:262) ~[ozone-manager-1.4.0-SNAPSHOT.jar:?]
	at org.apache.hadoop.ozone.protocolPB.OzoneManagerProtocolServerSideTranslatorPB.submitReadRequestToOM(OzoneManagerProtocolServerSideTranslatorPB.java:241) ~[ozone-manager-1.4.0-SNAPSHOT.jar:?]
	at org.apache.hadoop.ozone.protocolPB.OzoneManagerProtocolServerSideTranslatorPB.processRequest(OzoneManagerProtocolServerSideTranslatorPB.java:186) ~[ozone-manager-1.4.0-SNAPSHOT.jar:?]
	at org.apache.hadoop.hdds.server.OzoneProtocolMessageDispatcher.processRequest(OzoneProtocolMessageDispatcher.java:89) [hdds-server-framework-1.4.0-SNAPSHOT.jar:?]
	at org.apache.hadoop.ozone.protocolPB.OzoneManagerProtocolServerSideTranslatorPB.submitRequest(OzoneManagerProtocolServerSideTranslatorPB.java:157) [ozone-manager-1.4.0-SNAPSHOT.jar:?]
	at org.apache.hadoop.ozone.protocol.proto.OzoneManagerProtocolProtos$OzoneManagerService$2.callBlockingMethod(OzoneManagerProtocolProtos.java) [ozone-interface-client-1.4.0-SNAPSHOT.jar:?]
	at org.apache.hadoop.ipc.ProtobufRpcEngine$Server.processCall(ProtobufRpcEngine.java:484) [hadoop-common-3.3.6.jar:?]
	at org.apache.hadoop.ipc.ProtobufRpcEngine2$Server$ProtoBufRpcInvoker.call(ProtobufRpcEngine2.java:595) [hadoop-common-3.3.6.jar:?]
	at org.apache.hadoop.ipc.ProtobufRpcEngine2$Server$ProtoBufRpcInvoker.call(ProtobufRpcEngine2.java:573) [hadoop-common-3.3.6.jar:?]
	at org.apache.hadoop.ipc.RPC$Server.call(RPC.java:1227) [hadoop-common-3.3.6.jar:?]
	at org.apache.hadoop.ipc.Server$RpcCall.run(Server.java:1094) [hadoop-common-3.3.6.jar:?]
	at org.apache.hadoop.ipc.Server$RpcCall.run(Server.java:1017) [hadoop-common-3.3.6.jar:?]
	at java.security.AccessController.doPrivileged(Native Method) ~[?:1.8.0_382]
	at javax.security.auth.Subject.doAs(Subject.java:422) [?:1.8.0_382]
	at org.apache.hadoop.security.UserGroupInformation.doAs(UserGroupInformation.java:1899) [hadoop-common-3.3.6.jar:?]
	at org.apache.hadoop.ipc.Server$Handler.run(Server.java:3048) [hadoop-common-3.3.6.jar:?]
16:42:59.131 [IPC Server handler 18 on default port 15004] ERROR OMAudit - user=runner | ip=127.0.0.1 | op=GET_FILE_STATUS {volume=volume13981, bucket=bucket57402, key=gdir1/dir4, dataSize=0, replicationConfig=null} | ret=FAILURE
org.apache.hadoop.ozone.om.exceptions.OMException: Unable to get file status: volume: volume13981 bucket: bucket57402 key: gdir1/dir4
	at org.apache.hadoop.ozone.om.KeyManagerImpl.getOzoneFileStatusFSO(KeyManagerImpl.java:1359) ~[ozone-manager-1.4.0-SNAPSHOT.jar:?]
	at org.apache.hadoop.ozone.om.KeyManagerImpl.getFileStatus(KeyManagerImpl.java:1143) ~[ozone-manager-1.4.0-SNAPSHOT.jar:?]
	at org.apache.hadoop.ozone.om.OmMetadataReader.getFileStatus(OmMetadataReader.java:279) ~[ozone-manager-1.4.0-SNAPSHOT.jar:?]
	at org.apache.hadoop.ozone.om.OzoneManager.getFileStatus(OzoneManager.java:3611) ~[ozone-manager-1.4.0-SNAPSHOT.jar:?]
	at org.apache.hadoop.ozone.protocolPB.OzoneManagerRequestHandler.getOzoneFileStatus(OzoneManagerRequestHandler.java:1005) ~[ozone-manager-1.4.0-SNAPSHOT.jar:?]
	at org.apache.hadoop.ozone.protocolPB.OzoneManagerRequestHandler.handleReadRequest(OzoneManagerRequestHandler.java:262) ~[ozone-manager-1.4.0-SNAPSHOT.jar:?]
	at org.apache.hadoop.ozone.protocolPB.OzoneManagerProtocolServerSideTranslatorPB.submitReadRequestToOM(OzoneManagerProtocolServerSideTranslatorPB.java:241) ~[ozone-manager-1.4.0-SNAPSHOT.jar:?]
	at org.apache.hadoop.ozone.protocolPB.OzoneManagerProtocolServerSideTranslatorPB.processRequest(OzoneManagerProtocolServerSideTranslatorPB.java:186) ~[ozone-manager-1.4.0-SNAPSHOT.jar:?]
	at org.apache.hadoop.hdds.server.OzoneProtocolMessageDispatcher.processRequest(OzoneProtocolMessageDispatcher.java:89) [hdds-server-framework-1.4.0-SNAPSHOT.jar:?]
	at org.apache.hadoop.ozone.protocolPB.OzoneManagerProtocolServerSideTranslatorPB.submitRequest(OzoneManagerProtocolServerSideTranslatorPB.java:157) [ozone-manager-1.4.0-SNAPSHOT.jar:?]
	at org.apache.hadoop.ozone.protocol.proto.OzoneManagerProtocolProtos$OzoneManagerService$2.callBlockingMethod(OzoneManagerProtocolProtos.java) [ozone-interface-client-1.4.0-SNAPSHOT.jar:?]
	at org.apache.hadoop.ipc.ProtobufRpcEngine$Server.processCall(ProtobufRpcEngine.java:484) [hadoop-common-3.3.6.jar:?]
	at org.apache.hadoop.ipc.ProtobufRpcEngine2$Server$ProtoBufRpcInvoker.call(ProtobufRpcEngine2.java:595) [hadoop-common-3.3.6.jar:?]
	at org.apache.hadoop.ipc.ProtobufRpcEngine2$Server$ProtoBufRpcInvoker.call(ProtobufRpcEngine2.java:573) [hadoop-common-3.3.6.jar:?]
	at org.apache.hadoop.ipc.RPC$Server.call(RPC.java:1227) [hadoop-common-3.3.6.jar:?]
	at org.apache.hadoop.ipc.Server$RpcCall.run(Server.java:1094) [hadoop-common-3.3.6.jar:?]
	at org.apache.hadoop.ipc.Server$RpcCall.run(Server.java:1017) [hadoop-common-3.3.6.jar:?]
	at java.security.AccessController.doPrivileged(Native Method) ~[?:1.8.0_382]
	at javax.security.auth.Subject.doAs(Subject.java:422) [?:1.8.0_382]
	at org.apache.hadoop.security.UserGroupInformation.doAs(UserGroupInformation.java:1899) [hadoop-common-3.3.6.jar:?]
	at org.apache.hadoop.ipc.Server$Handler.run(Server.java:3048) [hadoop-common-3.3.6.jar:?]
16:42:59.133 [IPC Server handler 15 on default port 15004] ERROR OMAudit - user=runner | ip=127.0.0.1 | op=GET_FILE_STATUS {volume=volume13981, bucket=bucket57402, key=gdir1/dir4/child, dataSize=0, replicationConfig=null} | ret=FAILURE
org.apache.hadoop.ozone.om.exceptions.OMException: Unable to get file status: volume: volume13981 bucket: bucket57402 key: gdir1/dir4/child
	at org.apache.hadoop.ozone.om.KeyManagerImpl.getOzoneFileStatusFSO(KeyManagerImpl.java:1359) ~[ozone-manager-1.4.0-SNAPSHOT.jar:?]
	at org.apache.hadoop.ozone.om.KeyManagerImpl.getFileStatus(KeyManagerImpl.java:1143) ~[ozone-manager-1.4.0-SNAPSHOT.jar:?]
	at org.apache.hadoop.ozone.om.OmMetadataReader.getFileStatus(OmMetadataReader.java:279) ~[ozone-manager-1.4.0-SNAPSHOT.jar:?]
	at org.apache.hadoop.ozone.om.OzoneManager.getFileStatus(OzoneManager.java:3611) ~[ozone-manager-1.4.0-SNAPSHOT.jar:?]
	at org.apache.hadoop.ozone.protocolPB.OzoneManagerRequestHandler.getOzoneFileStatus(OzoneManagerRequestHandler.java:1005) ~[ozone-manager-1.4.0-SNAPSHOT.jar:?]
	at org.apache.hadoop.ozone.protocolPB.OzoneManagerRequestHandler.handleReadRequest(OzoneManagerRequestHandler.java:262) ~[ozone-manager-1.4.0-SNAPSHOT.jar:?]
	at org.apache.hadoop.ozone.protocolPB.OzoneManagerProtocolServerSideTranslatorPB.submitReadRequestToOM(OzoneManagerProtocolServerSideTranslatorPB.java:241) ~[ozone-manager-1.4.0-SNAPSHOT.jar:?]
	at org.apache.hadoop.ozone.protocolPB.OzoneManagerProtocolServerSideTranslatorPB.processRequest(OzoneManagerProtocolServerSideTranslatorPB.java:186) ~[ozone-manager-1.4.0-SNAPSHOT.jar:?]
	at org.apache.hadoop.hdds.server.OzoneProtocolMessageDispatcher.processRequest(OzoneProtocolMessageDispatcher.java:89) [hdds-server-framework-1.4.0-SNAPSHOT.jar:?]
	at org.apache.hadoop.ozone.protocolPB.OzoneManagerProtocolServerSideTranslatorPB.submitRequest(OzoneManagerProtocolServerSideTranslatorPB.java:157) [ozone-manager-1.4.0-SNAPSHOT.jar:?]
	at org.apache.hadoop.ozone.protocol.proto.OzoneManagerProtocolProtos$OzoneManagerService$2.callBlockingMethod(OzoneManagerProtocolProtos.java) [ozone-interface-client-1.4.0-SNAPSHOT.jar:?]
	at org.apache.hadoop.ipc.ProtobufRpcEngine$Server.processCall(ProtobufRpcEngine.java:484) [hadoop-common-3.3.6.jar:?]
	at org.apache.hadoop.ipc.ProtobufRpcEngine2$Server$ProtoBufRpcInvoker.call(ProtobufRpcEngine2.java:595) [hadoop-common-3.3.6.jar:?]
	at org.apache.hadoop.ipc.ProtobufRpcEngine2$Server$ProtoBufRpcInvoker.call(ProtobufRpcEngine2.java:573) [hadoop-common-3.3.6.jar:?]
	at org.apache.hadoop.ipc.RPC$Server.call(RPC.java:1227) [hadoop-common-3.3.6.jar:?]
	at org.apache.hadoop.ipc.Server$RpcCall.run(Server.java:1094) [hadoop-common-3.3.6.jar:?]
	at org.apache.hadoop.ipc.Server$RpcCall.run(Server.java:1017) [hadoop-common-3.3.6.jar:?]
	at java.security.AccessController.doPrivileged(Native Method) ~[?:1.8.0_382]
	at javax.security.auth.Subject.doAs(Subject.java:422) [?:1.8.0_382]
	at org.apache.hadoop.security.UserGroupInformation.doAs(UserGroupInformation.java:1899) [hadoop-common-3.3.6.jar:?]
	at org.apache.hadoop.ipc.Server$Handler.run(Server.java:3048) [hadoop-common-3.3.6.jar:?]
16:42:59.136 [IPC Server handler 19 on default port 15004] ERROR OMAudit - user=runner | ip=127.0.0.1 | op=GET_FILE_STATUS {volume=volume13981, bucket=bucket57402, key=gdir1/dir5, dataSize=0, replicationConfig=null} | ret=FAILURE
org.apache.hadoop.ozone.om.exceptions.OMException: Unable to get file status: volume: volume13981 bucket: bucket57402 key: gdir1/dir5
	at org.apache.hadoop.ozone.om.KeyManagerImpl.getOzoneFileStatusFSO(KeyManagerImpl.java:1359) ~[ozone-manager-1.4.0-SNAPSHOT.jar:?]
	at org.apache.hadoop.ozone.om.KeyManagerImpl.getFileStatus(KeyManagerImpl.java:1143) ~[ozone-manager-1.4.0-SNAPSHOT.jar:?]
	at org.apache.hadoop.ozone.om.OmMetadataReader.getFileStatus(OmMetadataReader.java:279) ~[ozone-manager-1.4.0-SNAPSHOT.jar:?]
	at org.apache.hadoop.ozone.om.OzoneManager.getFileStatus(OzoneManager.java:3611) ~[ozone-manager-1.4.0-SNAPSHOT.jar:?]
	at org.apache.hadoop.ozone.protocolPB.OzoneManagerRequestHandler.getOzoneFileStatus(OzoneManagerRequestHandler.java:1005) ~[ozone-manager-1.4.0-SNAPSHOT.jar:?]
	at org.apache.hadoop.ozone.protocolPB.OzoneManagerRequestHandler.handleReadRequest(OzoneManagerRequestHandler.java:262) ~[ozone-manager-1.4.0-SNAPSHOT.jar:?]
	at org.apache.hadoop.ozone.protocolPB.OzoneManagerProtocolServerSideTranslatorPB.submitReadRequestToOM(OzoneManagerProtocolServerSideTranslatorPB.java:241) ~[ozone-manager-1.4.0-SNAPSHOT.jar:?]
	at org.apache.hadoop.ozone.protocolPB.OzoneManagerProtocolServerSideTranslatorPB.processRequest(OzoneManagerProtocolServerSideTranslatorPB.java:186) ~[ozone-manager-1.4.0-SNAPSHOT.jar:?]
	at org.apache.hadoop.hdds.server.OzoneProtocolMessageDispatcher.processRequest(OzoneProtocolMessageDispatcher.java:89) [hdds-server-framework-1.4.0-SNAPSHOT.jar:?]
	at org.apache.hadoop.ozone.protocolPB.OzoneManagerProtocolServerSideTranslatorPB.submitRequest(OzoneManagerProtocolServerSideTranslatorPB.java:157) [ozone-manager-1.4.0-SNAPSHOT.jar:?]
	at org.apache.hadoop.ozone.protocol.proto.OzoneManagerProtocolProtos$OzoneManagerService$2.callBlockingMethod(OzoneManagerProtocolProtos.java) [ozone-interface-client-1.4.0-SNAPSHOT.jar:?]
	at org.apache.hadoop.ipc.ProtobufRpcEngine$Server.processCall(ProtobufRpcEngine.java:484) [hadoop-common-3.3.6.jar:?]
	at org.apache.hadoop.ipc.ProtobufRpcEngine2$Server$ProtoBufRpcInvoker.call(ProtobufRpcEngine2.java:595) [hadoop-common-3.3.6.jar:?]
	at org.apache.hadoop.ipc.ProtobufRpcEngine2$Server$ProtoBufRpcInvoker.call(ProtobufRpcEngine2.java:573) [hadoop-common-3.3.6.jar:?]
	at org.apache.hadoop.ipc.RPC$Server.call(RPC.java:1227) [hadoop-common-3.3.6.jar:?]
	at org.apache.hadoop.ipc.Server$RpcCall.run(Server.java:1094) [hadoop-common-3.3.6.jar:?]
	at org.apache.hadoop.ipc.Server$RpcCall.run(Server.java:1017) [hadoop-common-3.3.6.jar:?]
	at java.security.AccessController.doPrivileged(Native Method) ~[?:1.8.0_382]
	at javax.security.auth.Subject.doAs(Subject.java:422) [?:1.8.0_382]
	at org.apache.hadoop.security.UserGroupInformation.doAs(UserGroupInformation.java:1899) [hadoop-common-3.3.6.jar:?]
	at org.apache.hadoop.ipc.Server$Handler.run(Server.java:3048) [hadoop-common-3.3.6.jar:?]
16:42:59.138 [IPC Server handler 10 on default port 15004] ERROR OMAudit - user=runner | ip=127.0.0.1 | op=GET_FILE_STATUS {volume=volume13981, bucket=bucket57402, key=gdir1/dir5/child, dataSize=0, replicationConfig=null} | ret=FAILURE
org.apache.hadoop.ozone.om.exceptions.OMException: Unable to get file status: volume: volume13981 bucket: bucket57402 key: gdir1/dir5/child
	at org.apache.hadoop.ozone.om.KeyManagerImpl.getOzoneFileStatusFSO(KeyManagerImpl.java:1359) ~[ozone-manager-1.4.0-SNAPSHOT.jar:?]
	at org.apache.hadoop.ozone.om.KeyManagerImpl.getFileStatus(KeyManagerImpl.java:1143) ~[ozone-manager-1.4.0-SNAPSHOT.jar:?]
	at org.apache.hadoop.ozone.om.OmMetadataReader.getFileStatus(OmMetadataReader.java:279) ~[ozone-manager-1.4.0-SNAPSHOT.jar:?]
	at org.apache.hadoop.ozone.om.OzoneManager.getFileStatus(OzoneManager.java:3611) ~[ozone-manager-1.4.0-SNAPSHOT.jar:?]
	at org.apache.hadoop.ozone.protocolPB.OzoneManagerRequestHandler.getOzoneFileStatus(OzoneManagerRequestHandler.java:1005) ~[ozone-manager-1.4.0-SNAPSHOT.jar:?]
	at org.apache.hadoop.ozone.protocolPB.OzoneManagerRequestHandler.handleReadRequest(OzoneManagerRequestHandler.java:262) ~[ozone-manager-1.4.0-SNAPSHOT.jar:?]
	at org.apache.hadoop.ozone.protocolPB.OzoneManagerProtocolServerSideTranslatorPB.submitReadRequestToOM(OzoneManagerProtocolServerSideTranslatorPB.java:241) ~[ozone-manager-1.4.0-SNAPSHOT.jar:?]
	at org.apache.hadoop.ozone.protocolPB.OzoneManagerProtocolServerSideTranslatorPB.processRequest(OzoneManagerProtocolServerSideTranslatorPB.java:186) ~[ozone-manager-1.4.0-SNAPSHOT.jar:?]
	at org.apache.hadoop.hdds.server.OzoneProtocolMessageDispatcher.processRequest(OzoneProtocolMessageDispatcher.java:89) [hdds-server-framework-1.4.0-SNAPSHOT.jar:?]
	at org.apache.hadoop.ozone.protocolPB.OzoneManagerProtocolServerSideTranslatorPB.submitRequest(OzoneManagerProtocolServerSideTranslatorPB.java:157) [ozone-manager-1.4.0-SNAPSHOT.jar:?]
	at org.apache.hadoop.ozone.protocol.proto.OzoneManagerProtocolProtos$OzoneManagerService$2.callBlockingMethod(OzoneManagerProtocolProtos.java) [ozone-interface-client-1.4.0-SNAPSHOT.jar:?]
	at org.apache.hadoop.ipc.ProtobufRpcEngine$Server.processCall(ProtobufRpcEngine.java:484) [hadoop-common-3.3.6.jar:?]
	at org.apache.hadoop.ipc.ProtobufRpcEngine2$Server$ProtoBufRpcInvoker.call(ProtobufRpcEngine2.java:595) [hadoop-common-3.3.6.jar:?]
	at org.apache.hadoop.ipc.ProtobufRpcEngine2$Server$ProtoBufRpcInvoker.call(ProtobufRpcEngine2.java:573) [hadoop-common-3.3.6.jar:?]
	at org.apache.hadoop.ipc.RPC$Server.call(RPC.java:1227) [hadoop-common-3.3.6.jar:?]
	at org.apache.hadoop.ipc.Server$RpcCall.run(Server.java:1094) [hadoop-common-3.3.6.jar:?]
	at org.apache.hadoop.ipc.Server$RpcCall.run(Server.java:1017) [hadoop-common-3.3.6.jar:?]
	at java.security.AccessController.doPrivileged(Native Method) ~[?:1.8.0_382]
	at javax.security.auth.Subject.doAs(Subject.java:422) [?:1.8.0_382]
	at org.apache.hadoop.security.UserGroupInformation.doAs(UserGroupInformation.java:1899) [hadoop-common-3.3.6.jar:?]
	at org.apache.hadoop.ipc.Server$Handler.run(Server.java:3048) [hadoop-common-3.3.6.jar:?]
16:42:59.141 [IPC Server handler 8 on default port 15004] ERROR OMAudit - user=runner | ip=127.0.0.1 | op=GET_FILE_STATUS {volume=volume13981, bucket=bucket57402, key=gdir1/dir6, dataSize=0, replicationConfig=null} | ret=FAILURE
org.apache.hadoop.ozone.om.exceptions.OMException: Unable to get file status: volume: volume13981 bucket: bucket57402 key: gdir1/dir6
	at org.apache.hadoop.ozone.om.KeyManagerImpl.getOzoneFileStatusFSO(KeyManagerImpl.java:1359) ~[ozone-manager-1.4.0-SNAPSHOT.jar:?]
	at org.apache.hadoop.ozone.om.KeyManagerImpl.getFileStatus(KeyManagerImpl.java:1143) ~[ozone-manager-1.4.0-SNAPSHOT.jar:?]
	at org.apache.hadoop.ozone.om.OmMetadataReader.getFileStatus(OmMetadataReader.java:279) ~[ozone-manager-1.4.0-SNAPSHOT.jar:?]
	at org.apache.hadoop.ozone.om.OzoneManager.getFileStatus(OzoneManager.java:3611) ~[ozone-manager-1.4.0-SNAPSHOT.jar:?]
	at org.apache.hadoop.ozone.protocolPB.OzoneManagerRequestHandler.getOzoneFileStatus(OzoneManagerRequestHandler.java:1005) ~[ozone-manager-1.4.0-SNAPSHOT.jar:?]
	at org.apache.hadoop.ozone.protocolPB.OzoneManagerRequestHandler.handleReadRequest(OzoneManagerRequestHandler.java:262) ~[ozone-manager-1.4.0-SNAPSHOT.jar:?]
	at org.apache.hadoop.ozone.protocolPB.OzoneManagerProtocolServerSideTranslatorPB.submitReadRequestToOM(OzoneManagerProtocolServerSideTranslatorPB.java:241) ~[ozone-manager-1.4.0-SNAPSHOT.jar:?]
	at org.apache.hadoop.ozone.protocolPB.OzoneManagerProtocolServerSideTranslatorPB.processRequest(OzoneManagerProtocolServerSideTranslatorPB.java:186) ~[ozone-manager-1.4.0-SNAPSHOT.jar:?]
	at org.apache.hadoop.hdds.server.OzoneProtocolMessageDispatcher.processRequest(OzoneProtocolMessageDispatcher.java:89) [hdds-server-framework-1.4.0-SNAPSHOT.jar:?]
	at org.apache.hadoop.ozone.protocolPB.OzoneManagerProtocolServerSideTranslatorPB.submitRequest(OzoneManagerProtocolServerSideTranslatorPB.java:157) [ozone-manager-1.4.0-SNAPSHOT.jar:?]
	at org.apache.hadoop.ozone.protocol.proto.OzoneManagerProtocolProtos$OzoneManagerService$2.callBlockingMethod(OzoneManagerProtocolProtos.java) [ozone-interface-client-1.4.0-SNAPSHOT.jar:?]
	at org.apache.hadoop.ipc.ProtobufRpcEngine$Server.processCall(ProtobufRpcEngine.java:484) [hadoop-common-3.3.6.jar:?]
	at org.apache.hadoop.ipc.ProtobufRpcEngine2$Server$ProtoBufRpcInvoker.call(ProtobufRpcEngine2.java:595) [hadoop-common-3.3.6.jar:?]
	at org.apache.hadoop.ipc.ProtobufRpcEngine2$Server$ProtoBufRpcInvoker.call(ProtobufRpcEngine2.java:573) [hadoop-common-3.3.6.jar:?]
	at org.apache.hadoop.ipc.RPC$Server.call(RPC.java:1227) [hadoop-common-3.3.6.jar:?]
	at org.apache.hadoop.ipc.Server$RpcCall.run(Server.java:1094) [hadoop-common-3.3.6.jar:?]
	at org.apache.hadoop.ipc.Server$RpcCall.run(Server.java:1017) [hadoop-common-3.3.6.jar:?]
	at java.security.AccessController.doPrivileged(Native Method) ~[?:1.8.0_382]
	at javax.security.auth.Subject.doAs(Subject.java:422) [?:1.8.0_382]
	at org.apache.hadoop.security.UserGroupInformation.doAs(UserGroupInformation.java:1899) [hadoop-common-3.3.6.jar:?]
	at org.apache.hadoop.ipc.Server$Handler.run(Server.java:3048) [hadoop-common-3.3.6.jar:?]
16:42:59.143 [IPC Server handler 11 on default port 15004] ERROR OMAudit - user=runner | ip=127.0.0.1 | op=GET_FILE_STATUS {volume=volume13981, bucket=bucket57402, key=gdir1/dir6/child, dataSize=0, replicationConfig=null} | ret=FAILURE
org.apache.hadoop.ozone.om.exceptions.OMException: Unable to get file status: volume: volume13981 bucket: bucket57402 key: gdir1/dir6/child
	at org.apache.hadoop.ozone.om.KeyManagerImpl.getOzoneFileStatusFSO(KeyManagerImpl.java:1359) ~[ozone-manager-1.4.0-SNAPSHOT.jar:?]
	at org.apache.hadoop.ozone.om.KeyManagerImpl.getFileStatus(KeyManagerImpl.java:1143) ~[ozone-manager-1.4.0-SNAPSHOT.jar:?]
	at org.apache.hadoop.ozone.om.OmMetadataReader.getFileStatus(OmMetadataReader.java:279) ~[ozone-manager-1.4.0-SNAPSHOT.jar:?]
	at org.apache.hadoop.ozone.om.OzoneManager.getFileStatus(OzoneManager.java:3611) ~[ozone-manager-1.4.0-SNAPSHOT.jar:?]
	at org.apache.hadoop.ozone.protocolPB.OzoneManagerRequestHandler.getOzoneFileStatus(OzoneManagerRequestHandler.java:1005) ~[ozone-manager-1.4.0-SNAPSHOT.jar:?]
	at org.apache.hadoop.ozone.protocolPB.OzoneManagerRequestHandler.handleReadRequest(OzoneManagerRequestHandler.java:262) ~[ozone-manager-1.4.0-SNAPSHOT.jar:?]
	at org.apache.hadoop.ozone.protocolPB.OzoneManagerProtocolServerSideTranslatorPB.submitReadRequestToOM(OzoneManagerProtocolServerSideTranslatorPB.java:241) ~[ozone-manager-1.4.0-SNAPSHOT.jar:?]
	at org.apache.hadoop.ozone.protocolPB.OzoneManagerProtocolServerSideTranslatorPB.processRequest(OzoneManagerProtocolServerSideTranslatorPB.java:186) ~[ozone-manager-1.4.0-SNAPSHOT.jar:?]
	at org.apache.hadoop.hdds.server.OzoneProtocolMessageDispatcher.processRequest(OzoneProtocolMessageDispatcher.java:89) [hdds-server-framework-1.4.0-SNAPSHOT.jar:?]
	at org.apache.hadoop.ozone.protocolPB.OzoneManagerProtocolServerSideTranslatorPB.submitRequest(OzoneManagerProtocolServerSideTranslatorPB.java:157) [ozone-manager-1.4.0-SNAPSHOT.jar:?]
	at org.apache.hadoop.ozone.protocol.proto.OzoneManagerProtocolProtos$OzoneManagerService$2.callBlockingMethod(OzoneManagerProtocolProtos.java) [ozone-interface-client-1.4.0-SNAPSHOT.jar:?]
	at org.apache.hadoop.ipc.ProtobufRpcEngine$Server.processCall(ProtobufRpcEngine.java:484) [hadoop-common-3.3.6.jar:?]
	at org.apache.hadoop.ipc.ProtobufRpcEngine2$Server$ProtoBufRpcInvoker.call(ProtobufRpcEngine2.java:595) [hadoop-common-3.3.6.jar:?]
	at org.apache.hadoop.ipc.ProtobufRpcEngine2$Server$ProtoBufRpcInvoker.call(ProtobufRpcEngine2.java:573) [hadoop-common-3.3.6.jar:?]
	at org.apache.hadoop.ipc.RPC$Server.call(RPC.java:1227) [hadoop-common-3.3.6.jar:?]
	at org.apache.hadoop.ipc.Server$RpcCall.run(Server.java:1094) [hadoop-common-3.3.6.jar:?]
	at org.apache.hadoop.ipc.Server$RpcCall.run(Server.java:1017) [hadoop-common-3.3.6.jar:?]
	at java.security.AccessController.doPrivileged(Native Method) ~[?:1.8.0_382]
	at javax.security.auth.Subject.doAs(Subject.java:422) [?:1.8.0_382]
	at org.apache.hadoop.security.UserGroupInformation.doAs(UserGroupInformation.java:1899) [hadoop-common-3.3.6.jar:?]
	at org.apache.hadoop.ipc.Server$Handler.run(Server.java:3048) [hadoop-common-3.3.6.jar:?]
16:42:59.146 [IPC Server handler 5 on default port 15004] ERROR OMAudit - user=runner | ip=127.0.0.1 | op=GET_FILE_STATUS {volume=volume13981, bucket=bucket57402, key=gdir1/dir7, dataSize=0, replicationConfig=null} | ret=FAILURE
org.apache.hadoop.ozone.om.exceptions.OMException: Unable to get file status: volume: volume13981 bucket: bucket57402 key: gdir1/dir7
	at org.apache.hadoop.ozone.om.KeyManagerImpl.getOzoneFileStatusFSO(KeyManagerImpl.java:1359) ~[ozone-manager-1.4.0-SNAPSHOT.jar:?]
	at org.apache.hadoop.ozone.om.KeyManagerImpl.getFileStatus(KeyManagerImpl.java:1143) ~[ozone-manager-1.4.0-SNAPSHOT.jar:?]
	at org.apache.hadoop.ozone.om.OmMetadataReader.getFileStatus(OmMetadataReader.java:279) ~[ozone-manager-1.4.0-SNAPSHOT.jar:?]
	at org.apache.hadoop.ozone.om.OzoneManager.getFileStatus(OzoneManager.java:3611) ~[ozone-manager-1.4.0-SNAPSHOT.jar:?]
	at org.apache.hadoop.ozone.protocolPB.OzoneManagerRequestHandler.getOzoneFileStatus(OzoneManagerRequestHandler.java:1005) ~[ozone-manager-1.4.0-SNAPSHOT.jar:?]
	at org.apache.hadoop.ozone.protocolPB.OzoneManagerRequestHandler.handleReadRequest(OzoneManagerRequestHandler.java:262) ~[ozone-manager-1.4.0-SNAPSHOT.jar:?]
	at org.apache.hadoop.ozone.protocolPB.OzoneManagerProtocolServerSideTranslatorPB.submitReadRequestToOM(OzoneManagerProtocolServerSideTranslatorPB.java:241) ~[ozone-manager-1.4.0-SNAPSHOT.jar:?]
	at org.apache.hadoop.ozone.protocolPB.OzoneManagerProtocolServerSideTranslatorPB.processRequest(OzoneManagerProtocolServerSideTranslatorPB.java:186) ~[ozone-manager-1.4.0-SNAPSHOT.jar:?]
	at org.apache.hadoop.hdds.server.OzoneProtocolMessageDispatcher.processRequest(OzoneProtocolMessageDispatcher.java:89) [hdds-server-framework-1.4.0-SNAPSHOT.jar:?]
	at org.apache.hadoop.ozone.protocolPB.OzoneManagerProtocolServerSideTranslatorPB.submitRequest(OzoneManagerProtocolServerSideTranslatorPB.java:157) [ozone-manager-1.4.0-SNAPSHOT.jar:?]
	at org.apache.hadoop.ozone.protocol.proto.OzoneManagerProtocolProtos$OzoneManagerService$2.callBlockingMethod(OzoneManagerProtocolProtos.java) [ozone-interface-client-1.4.0-SNAPSHOT.jar:?]
	at org.apache.hadoop.ipc.ProtobufRpcEngine$Server.processCall(ProtobufRpcEngine.java:484) [hadoop-common-3.3.6.jar:?]
	at org.apache.hadoop.ipc.ProtobufRpcEngine2$Server$ProtoBufRpcInvoker.call(ProtobufRpcEngine2.java:595) [hadoop-common-3.3.6.jar:?]
	at org.apache.hadoop.ipc.ProtobufRpcEngine2$Server$ProtoBufRpcInvoker.call(ProtobufRpcEngine2.java:573) [hadoop-common-3.3.6.jar:?]
	at org.apache.hadoop.ipc.RPC$Server.call(RPC.java:1227) [hadoop-common-3.3.6.jar:?]
	at org.apache.hadoop.ipc.Server$RpcCall.run(Server.java:1094) [hadoop-common-3.3.6.jar:?]
	at org.apache.hadoop.ipc.Server$RpcCall.run(Server.java:1017) [hadoop-common-3.3.6.jar:?]
	at java.security.AccessController.doPrivileged(Native Method) ~[?:1.8.0_382]
	at javax.security.auth.Subject.doAs(Subject.java:422) [?:1.8.0_382]
	at org.apache.hadoop.security.UserGroupInformation.doAs(UserGroupInformation.java:1899) [hadoop-common-3.3.6.jar:?]
	at org.apache.hadoop.ipc.Server$Handler.run(Server.java:3048) [hadoop-common-3.3.6.jar:?]
16:42:59.149 [IPC Server handler 4 on default port 15004] ERROR OMAudit - user=runner | ip=127.0.0.1 | op=GET_FILE_STATUS {volume=volume13981, bucket=bucket57402, key=gdir1/dir7/child, dataSize=0, replicationConfig=null} | ret=FAILURE
org.apache.hadoop.ozone.om.exceptions.OMException: Unable to get file status: volume: volume13981 bucket: bucket57402 key: gdir1/dir7/child
	at org.apache.hadoop.ozone.om.KeyManagerImpl.getOzoneFileStatusFSO(KeyManagerImpl.java:1359) ~[ozone-manager-1.4.0-SNAPSHOT.jar:?]
	at org.apache.hadoop.ozone.om.KeyManagerImpl.getFileStatus(KeyManagerImpl.java:1143) ~[ozone-manager-1.4.0-SNAPSHOT.jar:?]
	at org.apache.hadoop.ozone.om.OmMetadataReader.getFileStatus(OmMetadataReader.java:279) ~[ozone-manager-1.4.0-SNAPSHOT.jar:?]
	at org.apache.hadoop.ozone.om.OzoneManager.getFileStatus(OzoneManager.java:3611) ~[ozone-manager-1.4.0-SNAPSHOT.jar:?]
	at org.apache.hadoop.ozone.protocolPB.OzoneManagerRequestHandler.getOzoneFileStatus(OzoneManagerRequestHandler.java:1005) ~[ozone-manager-1.4.0-SNAPSHOT.jar:?]
	at org.apache.hadoop.ozone.protocolPB.OzoneManagerRequestHandler.handleReadRequest(OzoneManagerRequestHandler.java:262) ~[ozone-manager-1.4.0-SNAPSHOT.jar:?]
	at org.apache.hadoop.ozone.protocolPB.OzoneManagerProtocolServerSideTranslatorPB.submitReadRequestToOM(OzoneManagerProtocolServerSideTranslatorPB.java:241) ~[ozone-manager-1.4.0-SNAPSHOT.jar:?]
	at org.apache.hadoop.ozone.protocolPB.OzoneManagerProtocolServerSideTranslatorPB.processRequest(OzoneManagerProtocolServerSideTranslatorPB.java:186) ~[ozone-manager-1.4.0-SNAPSHOT.jar:?]
	at org.apache.hadoop.hdds.server.OzoneProtocolMessageDispatcher.processRequest(OzoneProtocolMessageDispatcher.java:89) [hdds-server-framework-1.4.0-SNAPSHOT.jar:?]
	at org.apache.hadoop.ozone.protocolPB.OzoneManagerProtocolServerSideTranslatorPB.submitRequest(OzoneManagerProtocolServerSideTranslatorPB.java:157) [ozone-manager-1.4.0-SNAPSHOT.jar:?]
	at org.apache.hadoop.ozone.protocol.proto.OzoneManagerProtocolProtos$OzoneManagerService$2.callBlockingMethod(OzoneManagerProtocolProtos.java) [ozone-interface-client-1.4.0-SNAPSHOT.jar:?]
	at org.apache.hadoop.ipc.ProtobufRpcEngine$Server.processCall(ProtobufRpcEngine.java:484) [hadoop-common-3.3.6.jar:?]
	at org.apache.hadoop.ipc.ProtobufRpcEngine2$Server$ProtoBufRpcInvoker.call(ProtobufRpcEngine2.java:595) [hadoop-common-3.3.6.jar:?]
	at org.apache.hadoop.ipc.ProtobufRpcEngine2$Server$ProtoBufRpcInvoker.call(ProtobufRpcEngine2.java:573) [hadoop-common-3.3.6.jar:?]
	at org.apache.hadoop.ipc.RPC$Server.call(RPC.java:1227) [hadoop-common-3.3.6.jar:?]
	at org.apache.hadoop.ipc.Server$RpcCall.run(Server.java:1094) [hadoop-common-3.3.6.jar:?]
	at org.apache.hadoop.ipc.Server$RpcCall.run(Server.java:1017) [hadoop-common-3.3.6.jar:?]
	at java.security.AccessController.doPrivileged(Native Method) ~[?:1.8.0_382]
	at javax.security.auth.Subject.doAs(Subject.java:422) [?:1.8.0_382]
	at org.apache.hadoop.security.UserGroupInformation.doAs(UserGroupInformation.java:1899) [hadoop-common-3.3.6.jar:?]
	at org.apache.hadoop.ipc.Server$Handler.run(Server.java:3048) [hadoop-common-3.3.6.jar:?]
16:42:59.154 [IPC Server handler 14 on default port 15004] ERROR OMAudit - user=runner | ip=127.0.0.1 | op=GET_FILE_STATUS {volume=volume13981, bucket=bucket57402, key=gdir1/dir8, dataSize=0, replicationConfig=null} | ret=FAILURE
org.apache.hadoop.ozone.om.exceptions.OMException: Unable to get file status: volume: volume13981 bucket: bucket57402 key: gdir1/dir8
	at org.apache.hadoop.ozone.om.KeyManagerImpl.getOzoneFileStatusFSO(KeyManagerImpl.java:1359) ~[ozone-manager-1.4.0-SNAPSHOT.jar:?]
	at org.apache.hadoop.ozone.om.KeyManagerImpl.getFileStatus(KeyManagerImpl.java:1143) ~[ozone-manager-1.4.0-SNAPSHOT.jar:?]
	at org.apache.hadoop.ozone.om.OmMetadataReader.getFileStatus(OmMetadataReader.java:279) ~[ozone-manager-1.4.0-SNAPSHOT.jar:?]
	at org.apache.hadoop.ozone.om.OzoneManager.getFileStatus(OzoneManager.java:3611) ~[ozone-manager-1.4.0-SNAPSHOT.jar:?]
	at org.apache.hadoop.ozone.protocolPB.OzoneManagerRequestHandler.getOzoneFileStatus(OzoneManagerRequestHandler.java:1005) ~[ozone-manager-1.4.0-SNAPSHOT.jar:?]
	at org.apache.hadoop.ozone.protocolPB.OzoneManagerRequestHandler.handleReadRequest(OzoneManagerRequestHandler.java:262) ~[ozone-manager-1.4.0-SNAPSHOT.jar:?]
	at org.apache.hadoop.ozone.protocolPB.OzoneManagerProtocolServerSideTranslatorPB.submitReadRequestToOM(OzoneManagerProtocolServerSideTranslatorPB.java:241) ~[ozone-manager-1.4.0-SNAPSHOT.jar:?]
	at org.apache.hadoop.ozone.protocolPB.OzoneManagerProtocolServerSideTranslatorPB.processRequest(OzoneManagerProtocolServerSideTranslatorPB.java:186) ~[ozone-manager-1.4.0-SNAPSHOT.jar:?]
	at org.apache.hadoop.hdds.server.OzoneProtocolMessageDispatcher.processRequest(OzoneProtocolMessageDispatcher.java:89) [hdds-server-framework-1.4.0-SNAPSHOT.jar:?]
	at org.apache.hadoop.ozone.protocolPB.OzoneManagerProtocolServerSideTranslatorPB.submitRequest(OzoneManagerProtocolServerSideTranslatorPB.java:157) [ozone-manager-1.4.0-SNAPSHOT.jar:?]
	at org.apache.hadoop.ozone.protocol.proto.OzoneManagerProtocolProtos$OzoneManagerService$2.callBlockingMethod(OzoneManagerProtocolProtos.java) [ozone-interface-client-1.4.0-SNAPSHOT.jar:?]
	at org.apache.hadoop.ipc.ProtobufRpcEngine$Server.processCall(ProtobufRpcEngine.java:484) [hadoop-common-3.3.6.jar:?]
	at org.apache.hadoop.ipc.ProtobufRpcEngine2$Server$ProtoBufRpcInvoker.call(ProtobufRpcEngine2.java:595) [hadoop-common-3.3.6.jar:?]
	at org.apache.hadoop.ipc.ProtobufRpcEngine2$Server$ProtoBufRpcInvoker.call(ProtobufRpcEngine2.java:573) [hadoop-common-3.3.6.jar:?]
	at org.apache.hadoop.ipc.RPC$Server.call(RPC.java:1227) [hadoop-common-3.3.6.jar:?]
	at org.apache.hadoop.ipc.Server$RpcCall.run(Server.java:1094) [hadoop-common-3.3.6.jar:?]
	at org.apache.hadoop.ipc.Server$RpcCall.run(Server.java:1017) [hadoop-common-3.3.6.jar:?]
	at java.security.AccessController.doPrivileged(Native Method) ~[?:1.8.0_382]
	at javax.security.auth.Subject.doAs(Subject.java:422) [?:1.8.0_382]
	at org.apache.hadoop.security.UserGroupInformation.doAs(UserGroupInformation.java:1899) [hadoop-common-3.3.6.jar:?]
	at org.apache.hadoop.ipc.Server$Handler.run(Server.java:3048) [hadoop-common-3.3.6.jar:?]
16:42:59.157 [IPC Server handler 13 on default port 15004] ERROR OMAudit - user=runner | ip=127.0.0.1 | op=GET_FILE_STATUS {volume=volume13981, bucket=bucket57402, key=gdir1/dir8/child, dataSize=0, replicationConfig=null} | ret=FAILURE
org.apache.hadoop.ozone.om.exceptions.OMException: Unable to get file status: volume: volume13981 bucket: bucket57402 key: gdir1/dir8/child
	at org.apache.hadoop.ozone.om.KeyManagerImpl.getOzoneFileStatusFSO(KeyManagerImpl.java:1359) ~[ozone-manager-1.4.0-SNAPSHOT.jar:?]
	at org.apache.hadoop.ozone.om.KeyManagerImpl.getFileStatus(KeyManagerImpl.java:1143) ~[ozone-manager-1.4.0-SNAPSHOT.jar:?]
	at org.apache.hadoop.ozone.om.OmMetadataReader.getFileStatus(OmMetadataReader.java:279) ~[ozone-manager-1.4.0-SNAPSHOT.jar:?]
	at org.apache.hadoop.ozone.om.OzoneManager.getFileStatus(OzoneManager.java:3611) ~[ozone-manager-1.4.0-SNAPSHOT.jar:?]
	at org.apache.hadoop.ozone.protocolPB.OzoneManagerRequestHandler.getOzoneFileStatus(OzoneManagerRequestHandler.java:1005) ~[ozone-manager-1.4.0-SNAPSHOT.jar:?]
	at org.apache.hadoop.ozone.protocolPB.OzoneManagerRequestHandler.handleReadRequest(OzoneManagerRequestHandler.java:262) ~[ozone-manager-1.4.0-SNAPSHOT.jar:?]
	at org.apache.hadoop.ozone.protocolPB.OzoneManagerProtocolServerSideTranslatorPB.submitReadRequestToOM(OzoneManagerProtocolServerSideTranslatorPB.java:241) ~[ozone-manager-1.4.0-SNAPSHOT.jar:?]
	at org.apache.hadoop.ozone.protocolPB.OzoneManagerProtocolServerSideTranslatorPB.processRequest(OzoneManagerProtocolServerSideTranslatorPB.java:186) ~[ozone-manager-1.4.0-SNAPSHOT.jar:?]
	at org.apache.hadoop.hdds.server.OzoneProtocolMessageDispatcher.processRequest(OzoneProtocolMessageDispatcher.java:89) [hdds-server-framework-1.4.0-SNAPSHOT.jar:?]
	at org.apache.hadoop.ozone.protocolPB.OzoneManagerProtocolServerSideTranslatorPB.submitRequest(OzoneManagerProtocolServerSideTranslatorPB.java:157) [ozone-manager-1.4.0-SNAPSHOT.jar:?]
	at org.apache.hadoop.ozone.protocol.proto.OzoneManagerProtocolProtos$OzoneManagerService$2.callBlockingMethod(OzoneManagerProtocolProtos.java) [ozone-interface-client-1.4.0-SNAPSHOT.jar:?]
	at org.apache.hadoop.ipc.ProtobufRpcEngine$Server.processCall(ProtobufRpcEngine.java:484) [hadoop-common-3.3.6.jar:?]
	at org.apache.hadoop.ipc.ProtobufRpcEngine2$Server$ProtoBufRpcInvoker.call(ProtobufRpcEngine2.java:595) [hadoop-common-3.3.6.jar:?]
	at org.apache.hadoop.ipc.ProtobufRpcEngine2$Server$ProtoBufRpcInvoker.call(ProtobufRpcEngine2.java:573) [hadoop-common-3.3.6.jar:?]
	at org.apache.hadoop.ipc.RPC$Server.call(RPC.java:1227) [hadoop-common-3.3.6.jar:?]
	at org.apache.hadoop.ipc.Server$RpcCall.run(Server.java:1094) [hadoop-common-3.3.6.jar:?]
	at org.apache.hadoop.ipc.Server$RpcCall.run(Server.java:1017) [hadoop-common-3.3.6.jar:?]
	at java.security.AccessController.doPrivileged(Native Method) ~[?:1.8.0_382]
	at javax.security.auth.Subject.doAs(Subject.java:422) [?:1.8.0_382]
	at org.apache.hadoop.security.UserGroupInformation.doAs(UserGroupInformation.java:1899) [hadoop-common-3.3.6.jar:?]
	at org.apache.hadoop.ipc.Server$Handler.run(Server.java:3048) [hadoop-common-3.3.6.jar:?]
16:42:59.160 [IPC Server handler 12 on default port 15004] ERROR OMAudit - user=runner | ip=127.0.0.1 | op=GET_FILE_STATUS {volume=volume13981, bucket=bucket57402, key=gdir1/dir9, dataSize=0, replicationConfig=null} | ret=FAILURE
org.apache.hadoop.ozone.om.exceptions.OMException: Unable to get file status: volume: volume13981 bucket: bucket57402 key: gdir1/dir9
	at org.apache.hadoop.ozone.om.KeyManagerImpl.getOzoneFileStatusFSO(KeyManagerImpl.java:1359) ~[ozone-manager-1.4.0-SNAPSHOT.jar:?]
	at org.apache.hadoop.ozone.om.KeyManagerImpl.getFileStatus(KeyManagerImpl.java:1143) ~[ozone-manager-1.4.0-SNAPSHOT.jar:?]
	at org.apache.hadoop.ozone.om.OmMetadataReader.getFileStatus(OmMetadataReader.java:279) ~[ozone-manager-1.4.0-SNAPSHOT.jar:?]
	at org.apache.hadoop.ozone.om.OzoneManager.getFileStatus(OzoneManager.java:3611) ~[ozone-manager-1.4.0-SNAPSHOT.jar:?]
	at org.apache.hadoop.ozone.protocolPB.OzoneManagerRequestHandler.getOzoneFileStatus(OzoneManagerRequestHandler.java:1005) ~[ozone-manager-1.4.0-SNAPSHOT.jar:?]
	at org.apache.hadoop.ozone.protocolPB.OzoneManagerRequestHandler.handleReadRequest(OzoneManagerRequestHandler.java:262) ~[ozone-manager-1.4.0-SNAPSHOT.jar:?]
	at org.apache.hadoop.ozone.protocolPB.OzoneManagerProtocolServerSideTranslatorPB.submitReadRequestToOM(OzoneManagerProtocolServerSideTranslatorPB.java:241) ~[ozone-manager-1.4.0-SNAPSHOT.jar:?]
	at org.apache.hadoop.ozone.protocolPB.OzoneManagerProtocolServerSideTranslatorPB.processRequest(OzoneManagerProtocolServerSideTranslatorPB.java:186) ~[ozone-manager-1.4.0-SNAPSHOT.jar:?]
	at org.apache.hadoop.hdds.server.OzoneProtocolMessageDispatcher.processRequest(OzoneProtocolMessageDispatcher.java:89) [hdds-server-framework-1.4.0-SNAPSHOT.jar:?]
	at org.apache.hadoop.ozone.protocolPB.OzoneManagerProtocolServerSideTranslatorPB.submitRequest(OzoneManagerProtocolServerSideTranslatorPB.java:157) [ozone-manager-1.4.0-SNAPSHOT.jar:?]
	at org.apache.hadoop.ozone.protocol.proto.OzoneManagerProtocolProtos$OzoneManagerService$2.callBlockingMethod(OzoneManagerProtocolProtos.java) [ozone-interface-client-1.4.0-SNAPSHOT.jar:?]
	at org.apache.hadoop.ipc.ProtobufRpcEngine$Server.processCall(ProtobufRpcEngine.java:484) [hadoop-common-3.3.6.jar:?]
	at org.apache.hadoop.ipc.ProtobufRpcEngine2$Server$ProtoBufRpcInvoker.call(ProtobufRpcEngine2.java:595) [hadoop-common-3.3.6.jar:?]
	at org.apache.hadoop.ipc.ProtobufRpcEngine2$Server$ProtoBufRpcInvoker.call(ProtobufRpcEngine2.java:573) [hadoop-common-3.3.6.jar:?]
	at org.apache.hadoop.ipc.RPC$Server.call(RPC.java:1227) [hadoop-common-3.3.6.jar:?]
	at org.apache.hadoop.ipc.Server$RpcCall.run(Server.java:1094) [hadoop-common-3.3.6.jar:?]
	at org.apache.hadoop.ipc.Server$RpcCall.run(Server.java:1017) [hadoop-common-3.3.6.jar:?]
	at java.security.AccessController.doPrivileged(Native Method) ~[?:1.8.0_382]
	at javax.security.auth.Subject.doAs(Subject.java:422) [?:1.8.0_382]
	at org.apache.hadoop.security.UserGroupInformation.doAs(UserGroupInformation.java:1899) [hadoop-common-3.3.6.jar:?]
	at org.apache.hadoop.ipc.Server$Handler.run(Server.java:3048) [hadoop-common-3.3.6.jar:?]
16:42:59.162 [IPC Server handler 2 on default port 15004] ERROR OMAudit - user=runner | ip=127.0.0.1 | op=GET_FILE_STATUS {volume=volume13981, bucket=bucket57402, key=gdir1/dir9/child, dataSize=0, replicationConfig=null} | ret=FAILURE
org.apache.hadoop.ozone.om.exceptions.OMException: Unable to get file status: volume: volume13981 bucket: bucket57402 key: gdir1/dir9/child
	at org.apache.hadoop.ozone.om.KeyManagerImpl.getOzoneFileStatusFSO(KeyManagerImpl.java:1359) ~[ozone-manager-1.4.0-SNAPSHOT.jar:?]
	at org.apache.hadoop.ozone.om.KeyManagerImpl.getFileStatus(KeyManagerImpl.java:1143) ~[ozone-manager-1.4.0-SNAPSHOT.jar:?]
	at org.apache.hadoop.ozone.om.OmMetadataReader.getFileStatus(OmMetadataReader.java:279) ~[ozone-manager-1.4.0-SNAPSHOT.jar:?]
	at org.apache.hadoop.ozone.om.OzoneManager.getFileStatus(OzoneManager.java:3611) ~[ozone-manager-1.4.0-SNAPSHOT.jar:?]
	at org.apache.hadoop.ozone.protocolPB.OzoneManagerRequestHandler.getOzoneFileStatus(OzoneManagerRequestHandler.java:1005) ~[ozone-manager-1.4.0-SNAPSHOT.jar:?]
	at org.apache.hadoop.ozone.protocolPB.OzoneManagerRequestHandler.handleReadRequest(OzoneManagerRequestHandler.java:262) ~[ozone-manager-1.4.0-SNAPSHOT.jar:?]
	at org.apache.hadoop.ozone.protocolPB.OzoneManagerProtocolServerSideTranslatorPB.submitReadRequestToOM(OzoneManagerProtocolServerSideTranslatorPB.java:241) ~[ozone-manager-1.4.0-SNAPSHOT.jar:?]
	at org.apache.hadoop.ozone.protocolPB.OzoneManagerProtocolServerSideTranslatorPB.processRequest(OzoneManagerProtocolServerSideTranslatorPB.java:186) ~[ozone-manager-1.4.0-SNAPSHOT.jar:?]
	at org.apache.hadoop.hdds.server.OzoneProtocolMessageDispatcher.processRequest(OzoneProtocolMessageDispatcher.java:89) [hdds-server-framework-1.4.0-SNAPSHOT.jar:?]
	at org.apache.hadoop.ozone.protocolPB.OzoneManagerProtocolServerSideTranslatorPB.submitRequest(OzoneManagerProtocolServerSideTranslatorPB.java:157) [ozone-manager-1.4.0-SNAPSHOT.jar:?]
	at org.apache.hadoop.ozone.protocol.proto.OzoneManagerProtocolProtos$OzoneManagerService$2.callBlockingMethod(OzoneManagerProtocolProtos.java) [ozone-interface-client-1.4.0-SNAPSHOT.jar:?]
	at org.apache.hadoop.ipc.ProtobufRpcEngine$Server.processCall(ProtobufRpcEngine.java:484) [hadoop-common-3.3.6.jar:?]
	at org.apache.hadoop.ipc.ProtobufRpcEngine2$Server$ProtoBufRpcInvoker.call(ProtobufRpcEngine2.java:595) [hadoop-common-3.3.6.jar:?]
	at org.apache.hadoop.ipc.ProtobufRpcEngine2$Server$ProtoBufRpcInvoker.call(ProtobufRpcEngine2.java:573) [hadoop-common-3.3.6.jar:?]
	at org.apache.hadoop.ipc.RPC$Server.call(RPC.java:1227) [hadoop-common-3.3.6.jar:?]
	at org.apache.hadoop.ipc.Server$RpcCall.run(Server.java:1094) [hadoop-common-3.3.6.jar:?]
	at org.apache.hadoop.ipc.Server$RpcCall.run(Server.java:1017) [hadoop-common-3.3.6.jar:?]
	at java.security.AccessController.doPrivileged(Native Method) ~[?:1.8.0_382]
	at javax.security.auth.Subject.doAs(Subject.java:422) [?:1.8.0_382]
	at org.apache.hadoop.security.UserGroupInformation.doAs(UserGroupInformation.java:1899) [hadoop-common-3.3.6.jar:?]
	at org.apache.hadoop.ipc.Server$Handler.run(Server.java:3048) [hadoop-common-3.3.6.jar:?]
16:42:59.167 [IPC Server handler 6 on default port 15004] ERROR OMAudit - user=runner | ip=127.0.0.1 | op=GET_FILE_STATUS {volume=volume13981, bucket=bucket57402, key=gdir1/dir10, dataSize=0, replicationConfig=null} | ret=FAILURE
org.apache.hadoop.ozone.om.exceptions.OMException: Unable to get file status: volume: volume13981 bucket: bucket57402 key: gdir1/dir10
	at org.apache.hadoop.ozone.om.KeyManagerImpl.getOzoneFileStatusFSO(KeyManagerImpl.java:1359) ~[ozone-manager-1.4.0-SNAPSHOT.jar:?]
	at org.apache.hadoop.ozone.om.KeyManagerImpl.getFileStatus(KeyManagerImpl.java:1143) ~[ozone-manager-1.4.0-SNAPSHOT.jar:?]
	at org.apache.hadoop.ozone.om.OmMetadataReader.getFileStatus(OmMetadataReader.java:279) ~[ozone-manager-1.4.0-SNAPSHOT.jar:?]
	at org.apache.hadoop.ozone.om.OzoneManager.getFileStatus(OzoneManager.java:3611) ~[ozone-manager-1.4.0-SNAPSHOT.jar:?]
	at org.apache.hadoop.ozone.protocolPB.OzoneManagerRequestHandler.getOzoneFileStatus(OzoneManagerRequestHandler.java:1005) ~[ozone-manager-1.4.0-SNAPSHOT.jar:?]
	at org.apache.hadoop.ozone.protocolPB.OzoneManagerRequestHandler.handleReadRequest(OzoneManagerRequestHandler.java:262) ~[ozone-manager-1.4.0-SNAPSHOT.jar:?]
	at org.apache.hadoop.ozone.protocolPB.OzoneManagerProtocolServerSideTranslatorPB.submitReadRequestToOM(OzoneManagerProtocolServerSideTranslatorPB.java:241) ~[ozone-manager-1.4.0-SNAPSHOT.jar:?]
	at org.apache.hadoop.ozone.protocolPB.OzoneManagerProtocolServerSideTranslatorPB.processRequest(OzoneManagerProtocolServerSideTranslatorPB.java:186) ~[ozone-manager-1.4.0-SNAPSHOT.jar:?]
	at org.apache.hadoop.hdds.server.OzoneProtocolMessageDispatcher.processRequest(OzoneProtocolMessageDispatcher.java:89) [hdds-server-framework-1.4.0-SNAPSHOT.jar:?]
	at org.apache.hadoop.ozone.protocolPB.OzoneManagerProtocolServerSideTranslatorPB.submitRequest(OzoneManagerProtocolServerSideTranslatorPB.java:157) [ozone-manager-1.4.0-SNAPSHOT.jar:?]
	at org.apache.hadoop.ozone.protocol.proto.OzoneManagerProtocolProtos$OzoneManagerService$2.callBlockingMethod(OzoneManagerProtocolProtos.java) [ozone-interface-client-1.4.0-SNAPSHOT.jar:?]
	at org.apache.hadoop.ipc.ProtobufRpcEngine$Server.processCall(ProtobufRpcEngine.java:484) [hadoop-common-3.3.6.jar:?]
	at org.apache.hadoop.ipc.ProtobufRpcEngine2$Server$ProtoBufRpcInvoker.call(ProtobufRpcEngine2.java:595) [hadoop-common-3.3.6.jar:?]
	at org.apache.hadoop.ipc.ProtobufRpcEngine2$Server$ProtoBufRpcInvoker.call(ProtobufRpcEngine2.java:573) [hadoop-common-3.3.6.jar:?]
	at org.apache.hadoop.ipc.RPC$Server.call(RPC.java:1227) [hadoop-common-3.3.6.jar:?]
	at org.apache.hadoop.ipc.Server$RpcCall.run(Server.java:1094) [hadoop-common-3.3.6.jar:?]
	at org.apache.hadoop.ipc.Server$RpcCall.run(Server.java:1017) [hadoop-common-3.3.6.jar:?]
	at java.security.AccessController.doPrivileged(Native Method) ~[?:1.8.0_382]
	at javax.security.auth.Subject.doAs(Subject.java:422) [?:1.8.0_382]
	at org.apache.hadoop.security.UserGroupInformation.doAs(UserGroupInformation.java:1899) [hadoop-common-3.3.6.jar:?]
	at org.apache.hadoop.ipc.Server$Handler.run(Server.java:3048) [hadoop-common-3.3.6.jar:?]
16:42:59.170 [IPC Server handler 3 on default port 15004] ERROR OMAudit - user=runner | ip=127.0.0.1 | op=GET_FILE_STATUS {volume=volume13981, bucket=bucket57402, key=gdir1/dir10/child, dataSize=0, replicationConfig=null} | ret=FAILURE
org.apache.hadoop.ozone.om.exceptions.OMException: Unable to get file status: volume: volume13981 bucket: bucket57402 key: gdir1/dir10/child
	at org.apache.hadoop.ozone.om.KeyManagerImpl.getOzoneFileStatusFSO(KeyManagerImpl.java:1359) ~[ozone-manager-1.4.0-SNAPSHOT.jar:?]
	at org.apache.hadoop.ozone.om.KeyManagerImpl.getFileStatus(KeyManagerImpl.java:1143) ~[ozone-manager-1.4.0-SNAPSHOT.jar:?]
	at org.apache.hadoop.ozone.om.OmMetadataReader.getFileStatus(OmMetadataReader.java:279) ~[ozone-manager-1.4.0-SNAPSHOT.jar:?]
	at org.apache.hadoop.ozone.om.OzoneManager.getFileStatus(OzoneManager.java:3611) ~[ozone-manager-1.4.0-SNAPSHOT.jar:?]
	at org.apache.hadoop.ozone.protocolPB.OzoneManagerRequestHandler.getOzoneFileStatus(OzoneManagerRequestHandler.java:1005) ~[ozone-manager-1.4.0-SNAPSHOT.jar:?]
	at org.apache.hadoop.ozone.protocolPB.OzoneManagerRequestHandler.handleReadRequest(OzoneManagerRequestHandler.java:262) ~[ozone-manager-1.4.0-SNAPSHOT.jar:?]
	at org.apache.hadoop.ozone.protocolPB.OzoneManagerProtocolServerSideTranslatorPB.submitReadRequestToOM(OzoneManagerProtocolServerSideTranslatorPB.java:241) ~[ozone-manager-1.4.0-SNAPSHOT.jar:?]
	at org.apache.hadoop.ozone.protocolPB.OzoneManagerProtocolServerSideTranslatorPB.processRequest(OzoneManagerProtocolServerSideTranslatorPB.java:186) ~[ozone-manager-1.4.0-SNAPSHOT.jar:?]
	at org.apache.hadoop.hdds.server.OzoneProtocolMessageDispatcher.processRequest(OzoneProtocolMessageDispatcher.java:89) [hdds-server-framework-1.4.0-SNAPSHOT.jar:?]
	at org.apache.hadoop.ozone.protocolPB.OzoneManagerProtocolServerSideTranslatorPB.submitRequest(OzoneManagerProtocolServerSideTranslatorPB.java:157) [ozone-manager-1.4.0-SNAPSHOT.jar:?]
	at org.apache.hadoop.ozone.protocol.proto.OzoneManagerProtocolProtos$OzoneManagerService$2.callBlockingMethod(OzoneManagerProtocolProtos.java) [ozone-interface-client-1.4.0-SNAPSHOT.jar:?]
	at org.apache.hadoop.ipc.ProtobufRpcEngine$Server.processCall(ProtobufRpcEngine.java:484) [hadoop-common-3.3.6.jar:?]
	at org.apache.hadoop.ipc.ProtobufRpcEngine2$Server$ProtoBufRpcInvoker.call(ProtobufRpcEngine2.java:595) [hadoop-common-3.3.6.jar:?]
	at org.apache.hadoop.ipc.ProtobufRpcEngine2$Server$ProtoBufRpcInvoker.call(ProtobufRpcEngine2.java:573) [hadoop-common-3.3.6.jar:?]
	at org.apache.hadoop.ipc.RPC$Server.call(RPC.java:1227) [hadoop-common-3.3.6.jar:?]
	at org.apache.hadoop.ipc.Server$RpcCall.run(Server.java:1094) [hadoop-common-3.3.6.jar:?]
	at org.apache.hadoop.ipc.Server$RpcCall.run(Server.java:1017) [hadoop-common-3.3.6.jar:?]
	at java.security.AccessController.doPrivileged(Native Method) ~[?:1.8.0_382]
	at javax.security.auth.Subject.doAs(Subject.java:422) [?:1.8.0_382]
	at org.apache.hadoop.security.UserGroupInformation.doAs(UserGroupInformation.java:1899) [hadoop-common-3.3.6.jar:?]
	at org.apache.hadoop.ipc.Server$Handler.run(Server.java:3048) [hadoop-common-3.3.6.jar:?]
16:42:59.323 [IPC Server handler 3 on default port 15004] ERROR OMAudit - user=runner | ip=127.0.0.1 | op=GET_FILE_STATUS {volume=volume13981, bucket=bucket57402, key=level0, dataSize=0, replicationConfig=null} | ret=FAILURE
org.apache.hadoop.ozone.om.exceptions.OMException: Unable to get file status: volume: volume13981 bucket: bucket57402 key: level0
	at org.apache.hadoop.ozone.om.KeyManagerImpl.getOzoneFileStatusFSO(KeyManagerImpl.java:1359) ~[ozone-manager-1.4.0-SNAPSHOT.jar:?]
	at org.apache.hadoop.ozone.om.KeyManagerImpl.getFileStatus(KeyManagerImpl.java:1143) ~[ozone-manager-1.4.0-SNAPSHOT.jar:?]
	at org.apache.hadoop.ozone.om.OmMetadataReader.getFileStatus(OmMetadataReader.java:279) ~[ozone-manager-1.4.0-SNAPSHOT.jar:?]
	at org.apache.hadoop.ozone.om.OzoneManager.getFileStatus(OzoneManager.java:3611) ~[ozone-manager-1.4.0-SNAPSHOT.jar:?]
	at org.apache.hadoop.ozone.protocolPB.OzoneManagerRequestHandler.getOzoneFileStatus(OzoneManagerRequestHandler.java:1005) ~[ozone-manager-1.4.0-SNAPSHOT.jar:?]
	at org.apache.hadoop.ozone.protocolPB.OzoneManagerRequestHandler.handleReadRequest(OzoneManagerRequestHandler.java:262) ~[ozone-manager-1.4.0-SNAPSHOT.jar:?]
	at org.apache.hadoop.ozone.protocolPB.OzoneManagerProtocolServerSideTranslatorPB.submitReadRequestToOM(OzoneManagerProtocolServerSideTranslatorPB.java:241) ~[ozone-manager-1.4.0-SNAPSHOT.jar:?]
	at org.apache.hadoop.ozone.protocolPB.OzoneManagerProtocolServerSideTranslatorPB.processRequest(OzoneManagerProtocolServerSideTranslatorPB.java:186) ~[ozone-manager-1.4.0-SNAPSHOT.jar:?]
	at org.apache.hadoop.hdds.server.OzoneProtocolMessageDispatcher.processRequest(OzoneProtocolMessageDispatcher.java:89) [hdds-server-framework-1.4.0-SNAPSHOT.jar:?]
	at org.apache.hadoop.ozone.protocolPB.OzoneManagerProtocolServerSideTranslatorPB.submitRequest(OzoneManagerProtocolServerSideTranslatorPB.java:157) [ozone-manager-1.4.0-SNAPSHOT.jar:?]
	at org.apache.hadoop.ozone.protocol.proto.OzoneManagerProtocolProtos$OzoneManagerService$2.callBlockingMethod(OzoneManagerProtocolProtos.java) [ozone-interface-client-1.4.0-SNAPSHOT.jar:?]
	at org.apache.hadoop.ipc.ProtobufRpcEngine$Server.processCall(ProtobufRpcEngine.java:484) [hadoop-common-3.3.6.jar:?]
	at org.apache.hadoop.ipc.ProtobufRpcEngine2$Server$ProtoBufRpcInvoker.call(ProtobufRpcEngine2.java:595) [hadoop-common-3.3.6.jar:?]
	at org.apache.hadoop.ipc.ProtobufRpcEngine2$Server$ProtoBufRpcInvoker.call(ProtobufRpcEngine2.java:573) [hadoop-common-3.3.6.jar:?]
	at org.apache.hadoop.ipc.RPC$Server.call(RPC.java:1227) [hadoop-common-3.3.6.jar:?]
	at org.apache.hadoop.ipc.Server$RpcCall.run(Server.java:1094) [hadoop-common-3.3.6.jar:?]
	at org.apache.hadoop.ipc.Server$RpcCall.run(Server.java:1017) [hadoop-common-3.3.6.jar:?]
	at java.security.AccessController.doPrivileged(Native Method) ~[?:1.8.0_382]
	at javax.security.auth.Subject.doAs(Subject.java:422) [?:1.8.0_382]
	at org.apache.hadoop.security.UserGroupInformation.doAs(UserGroupInformation.java:1899) [hadoop-common-3.3.6.jar:?]
	at org.apache.hadoop.ipc.Server$Handler.run(Server.java:3048) [hadoop-common-3.3.6.jar:?]
16:42:59.326 [IPC Server handler 16 on default port 15004] ERROR OMAudit - user=runner | ip=127.0.0.1 | op=GET_FILE_STATUS {volume=volume13981, bucket=bucket57402, key=level0/level1, dataSize=0, replicationConfig=null} | ret=FAILURE
org.apache.hadoop.ozone.om.exceptions.OMException: Unable to get file status: volume: volume13981 bucket: bucket57402 key: level0/level1
	at org.apache.hadoop.ozone.om.KeyManagerImpl.getOzoneFileStatusFSO(KeyManagerImpl.java:1359) ~[ozone-manager-1.4.0-SNAPSHOT.jar:?]
	at org.apache.hadoop.ozone.om.KeyManagerImpl.getFileStatus(KeyManagerImpl.java:1143) ~[ozone-manager-1.4.0-SNAPSHOT.jar:?]
	at org.apache.hadoop.ozone.om.OmMetadataReader.getFileStatus(OmMetadataReader.java:279) ~[ozone-manager-1.4.0-SNAPSHOT.jar:?]
	at org.apache.hadoop.ozone.om.OzoneManager.getFileStatus(OzoneManager.java:3611) ~[ozone-manager-1.4.0-SNAPSHOT.jar:?]
	at org.apache.hadoop.ozone.protocolPB.OzoneManagerRequestHandler.getOzoneFileStatus(OzoneManagerRequestHandler.java:1005) ~[ozone-manager-1.4.0-SNAPSHOT.jar:?]
	at org.apache.hadoop.ozone.protocolPB.OzoneManagerRequestHandler.handleReadRequest(OzoneManagerRequestHandler.java:262) ~[ozone-manager-1.4.0-SNAPSHOT.jar:?]
	at org.apache.hadoop.ozone.protocolPB.OzoneManagerProtocolServerSideTranslatorPB.submitReadRequestToOM(OzoneManagerProtocolServerSideTranslatorPB.java:241) ~[ozone-manager-1.4.0-SNAPSHOT.jar:?]
	at org.apache.hadoop.ozone.protocolPB.OzoneManagerProtocolServerSideTranslatorPB.processRequest(OzoneManagerProtocolServerSideTranslatorPB.java:186) ~[ozone-manager-1.4.0-SNAPSHOT.jar:?]
	at org.apache.hadoop.hdds.server.OzoneProtocolMessageDispatcher.processRequest(OzoneProtocolMessageDispatcher.java:89) [hdds-server-framework-1.4.0-SNAPSHOT.jar:?]
	at org.apache.hadoop.ozone.protocolPB.OzoneManagerProtocolServerSideTranslatorPB.submitRequest(OzoneManagerProtocolServerSideTranslatorPB.java:157) [ozone-manager-1.4.0-SNAPSHOT.jar:?]
	at org.apache.hadoop.ozone.protocol.proto.OzoneManagerProtocolProtos$OzoneManagerService$2.callBlockingMethod(OzoneManagerProtocolProtos.java) [ozone-interface-client-1.4.0-SNAPSHOT.jar:?]
	at org.apache.hadoop.ipc.ProtobufRpcEngine$Server.processCall(ProtobufRpcEngine.java:484) [hadoop-common-3.3.6.jar:?]
	at org.apache.hadoop.ipc.ProtobufRpcEngine2$Server$ProtoBufRpcInvoker.call(ProtobufRpcEngine2.java:595) [hadoop-common-3.3.6.jar:?]
	at org.apache.hadoop.ipc.ProtobufRpcEngine2$Server$ProtoBufRpcInvoker.call(ProtobufRpcEngine2.java:573) [hadoop-common-3.3.6.jar:?]
	at org.apache.hadoop.ipc.RPC$Server.call(RPC.java:1227) [hadoop-common-3.3.6.jar:?]
	at org.apache.hadoop.ipc.Server$RpcCall.run(Server.java:1094) [hadoop-common-3.3.6.jar:?]
	at org.apache.hadoop.ipc.Server$RpcCall.run(Server.java:1017) [hadoop-common-3.3.6.jar:?]
	at java.security.AccessController.doPrivileged(Native Method) ~[?:1.8.0_382]
	at javax.security.auth.Subject.doAs(Subject.java:422) [?:1.8.0_382]
	at org.apache.hadoop.security.UserGroupInformation.doAs(UserGroupInformation.java:1899) [hadoop-common-3.3.6.jar:?]
	at org.apache.hadoop.ipc.Server$Handler.run(Server.java:3048) [hadoop-common-3.3.6.jar:?]
16:42:59.328 [IPC Server handler 9 on default port 15004] ERROR OMAudit - user=runner | ip=127.0.0.1 | op=GET_FILE_STATUS {volume=volume13981, bucket=bucket57402, key=level0/level1/level1, dataSize=0, replicationConfig=null} | ret=FAILURE
org.apache.hadoop.ozone.om.exceptions.OMException: Unable to get file status: volume: volume13981 bucket: bucket57402 key: level0/level1/level1
	at org.apache.hadoop.ozone.om.KeyManagerImpl.getOzoneFileStatusFSO(KeyManagerImpl.java:1359) ~[ozone-manager-1.4.0-SNAPSHOT.jar:?]
	at org.apache.hadoop.ozone.om.KeyManagerImpl.getFileStatus(KeyManagerImpl.java:1143) ~[ozone-manager-1.4.0-SNAPSHOT.jar:?]
	at org.apache.hadoop.ozone.om.OmMetadataReader.getFileStatus(OmMetadataReader.java:279) ~[ozone-manager-1.4.0-SNAPSHOT.jar:?]
	at org.apache.hadoop.ozone.om.OzoneManager.getFileStatus(OzoneManager.java:3611) ~[ozone-manager-1.4.0-SNAPSHOT.jar:?]
	at org.apache.hadoop.ozone.protocolPB.OzoneManagerRequestHandler.getOzoneFileStatus(OzoneManagerRequestHandler.java:1005) ~[ozone-manager-1.4.0-SNAPSHOT.jar:?]
	at org.apache.hadoop.ozone.protocolPB.OzoneManagerRequestHandler.handleReadRequest(OzoneManagerRequestHandler.java:262) ~[ozone-manager-1.4.0-SNAPSHOT.jar:?]
	at org.apache.hadoop.ozone.protocolPB.OzoneManagerProtocolServerSideTranslatorPB.submitReadRequestToOM(OzoneManagerProtocolServerSideTranslatorPB.java:241) ~[ozone-manager-1.4.0-SNAPSHOT.jar:?]
	at org.apache.hadoop.ozone.protocolPB.OzoneManagerProtocolServerSideTranslatorPB.processRequest(OzoneManagerProtocolServerSideTranslatorPB.java:186) ~[ozone-manager-1.4.0-SNAPSHOT.jar:?]
	at org.apache.hadoop.hdds.server.OzoneProtocolMessageDispatcher.processRequest(OzoneProtocolMessageDispatcher.java:89) [hdds-server-framework-1.4.0-SNAPSHOT.jar:?]
	at org.apache.hadoop.ozone.protocolPB.OzoneManagerProtocolServerSideTranslatorPB.submitRequest(OzoneManagerProtocolServerSideTranslatorPB.java:157) [ozone-manager-1.4.0-SNAPSHOT.jar:?]
	at org.apache.hadoop.ozone.protocol.proto.OzoneManagerProtocolProtos$OzoneManagerService$2.callBlockingMethod(OzoneManagerProtocolProtos.java) [ozone-interface-client-1.4.0-SNAPSHOT.jar:?]
	at org.apache.hadoop.ipc.ProtobufRpcEngine$Server.processCall(ProtobufRpcEngine.java:484) [hadoop-common-3.3.6.jar:?]
	at org.apache.hadoop.ipc.ProtobufRpcEngine2$Server$ProtoBufRpcInvoker.call(ProtobufRpcEngine2.java:595) [hadoop-common-3.3.6.jar:?]
	at org.apache.hadoop.ipc.ProtobufRpcEngine2$Server$ProtoBufRpcInvoker.call(ProtobufRpcEngine2.java:573) [hadoop-common-3.3.6.jar:?]
	at org.apache.hadoop.ipc.RPC$Server.call(RPC.java:1227) [hadoop-common-3.3.6.jar:?]
	at org.apache.hadoop.ipc.Server$RpcCall.run(Server.java:1094) [hadoop-common-3.3.6.jar:?]
	at org.apache.hadoop.ipc.Server$RpcCall.run(Server.java:1017) [hadoop-common-3.3.6.jar:?]
	at java.security.AccessController.doPrivileged(Native Method) ~[?:1.8.0_382]
	at javax.security.auth.Subject.doAs(Subject.java:422) [?:1.8.0_382]
	at org.apache.hadoop.security.UserGroupInformation.doAs(UserGroupInformation.java:1899) [hadoop-common-3.3.6.jar:?]
	at org.apache.hadoop.ipc.Server$Handler.run(Server.java:3048) [hadoop-common-3.3.6.jar:?]
16:42:59.330 [IPC Server handler 7 on default port 15004] ERROR OMAudit - user=runner | ip=127.0.0.1 | op=GET_FILE_STATUS {volume=volume13981, bucket=bucket57402, key=level0/level1/file1, dataSize=0, replicationConfig=null} | ret=FAILURE
org.apache.hadoop.ozone.om.exceptions.OMException: Unable to get file status: volume: volume13981 bucket: bucket57402 key: level0/level1/file1
	at org.apache.hadoop.ozone.om.KeyManagerImpl.getOzoneFileStatusFSO(KeyManagerImpl.java:1359) ~[ozone-manager-1.4.0-SNAPSHOT.jar:?]
	at org.apache.hadoop.ozone.om.KeyManagerImpl.getFileStatus(KeyManagerImpl.java:1143) ~[ozone-manager-1.4.0-SNAPSHOT.jar:?]
	at org.apache.hadoop.ozone.om.OmMetadataReader.getFileStatus(OmMetadataReader.java:279) ~[ozone-manager-1.4.0-SNAPSHOT.jar:?]
	at org.apache.hadoop.ozone.om.OzoneManager.getFileStatus(OzoneManager.java:3611) ~[ozone-manager-1.4.0-SNAPSHOT.jar:?]
	at org.apache.hadoop.ozone.protocolPB.OzoneManagerRequestHandler.getOzoneFileStatus(OzoneManagerRequestHandler.java:1005) ~[ozone-manager-1.4.0-SNAPSHOT.jar:?]
	at org.apache.hadoop.ozone.protocolPB.OzoneManagerRequestHandler.handleReadRequest(OzoneManagerRequestHandler.java:262) ~[ozone-manager-1.4.0-SNAPSHOT.jar:?]
	at org.apache.hadoop.ozone.protocolPB.OzoneManagerProtocolServerSideTranslatorPB.submitReadRequestToOM(OzoneManagerProtocolServerSideTranslatorPB.java:241) ~[ozone-manager-1.4.0-SNAPSHOT.jar:?]
	at org.apache.hadoop.ozone.protocolPB.OzoneManagerProtocolServerSideTranslatorPB.processRequest(OzoneManagerProtocolServerSideTranslatorPB.java:186) ~[ozone-manager-1.4.0-SNAPSHOT.jar:?]
	at org.apache.hadoop.hdds.server.OzoneProtocolMessageDispatcher.processRequest(OzoneProtocolMessageDispatcher.java:89) [hdds-server-framework-1.4.0-SNAPSHOT.jar:?]
	at org.apache.hadoop.ozone.protocolPB.OzoneManagerProtocolServerSideTranslatorPB.submitRequest(OzoneManagerProtocolServerSideTranslatorPB.java:157) [ozone-manager-1.4.0-SNAPSHOT.jar:?]
	at org.apache.hadoop.ozone.protocol.proto.OzoneManagerProtocolProtos$OzoneManagerService$2.callBlockingMethod(OzoneManagerProtocolProtos.java) [ozone-interface-client-1.4.0-SNAPSHOT.jar:?]
	at org.apache.hadoop.ipc.ProtobufRpcEngine$Server.processCall(ProtobufRpcEngine.java:484) [hadoop-common-3.3.6.jar:?]
	at org.apache.hadoop.ipc.ProtobufRpcEngine2$Server$ProtoBufRpcInvoker.call(ProtobufRpcEngine2.java:595) [hadoop-common-3.3.6.jar:?]
	at org.apache.hadoop.ipc.ProtobufRpcEngine2$Server$ProtoBufRpcInvoker.call(ProtobufRpcEngine2.java:573) [hadoop-common-3.3.6.jar:?]
	at org.apache.hadoop.ipc.RPC$Server.call(RPC.java:1227) [hadoop-common-3.3.6.jar:?]
	at org.apache.hadoop.ipc.Server$RpcCall.run(Server.java:1094) [hadoop-common-3.3.6.jar:?]
	at org.apache.hadoop.ipc.Server$RpcCall.run(Server.java:1017) [hadoop-common-3.3.6.jar:?]
	at java.security.AccessController.doPrivileged(Native Method) ~[?:1.8.0_382]
	at javax.security.auth.Subject.doAs(Subject.java:422) [?:1.8.0_382]
	at org.apache.hadoop.security.UserGroupInformation.doAs(UserGroupInformation.java:1899) [hadoop-common-3.3.6.jar:?]
	at org.apache.hadoop.ipc.Server$Handler.run(Server.java:3048) [hadoop-common-3.3.6.jar:?]
16:42:59.332 [IPC Server handler 1 on default port 15004] ERROR OMAudit - user=runner | ip=127.0.0.1 | op=GET_FILE_STATUS {volume=volume13981, bucket=bucket57402, key=level0/level1/level1/file1, dataSize=0, replicationConfig=null} | ret=FAILURE
org.apache.hadoop.ozone.om.exceptions.OMException: Unable to get file status: volume: volume13981 bucket: bucket57402 key: level0/level1/level1/file1
	at org.apache.hadoop.ozone.om.KeyManagerImpl.getOzoneFileStatusFSO(KeyManagerImpl.java:1359) ~[ozone-manager-1.4.0-SNAPSHOT.jar:?]
	at org.apache.hadoop.ozone.om.KeyManagerImpl.getFileStatus(KeyManagerImpl.java:1143) ~[ozone-manager-1.4.0-SNAPSHOT.jar:?]
	at org.apache.hadoop.ozone.om.OmMetadataReader.getFileStatus(OmMetadataReader.java:279) ~[ozone-manager-1.4.0-SNAPSHOT.jar:?]
	at org.apache.hadoop.ozone.om.OzoneManager.getFileStatus(OzoneManager.java:3611) ~[ozone-manager-1.4.0-SNAPSHOT.jar:?]
	at org.apache.hadoop.ozone.protocolPB.OzoneManagerRequestHandler.getOzoneFileStatus(OzoneManagerRequestHandler.java:1005) ~[ozone-manager-1.4.0-SNAPSHOT.jar:?]
	at org.apache.hadoop.ozone.protocolPB.OzoneManagerRequestHandler.handleReadRequest(OzoneManagerRequestHandler.java:262) ~[ozone-manager-1.4.0-SNAPSHOT.jar:?]
	at org.apache.hadoop.ozone.protocolPB.OzoneManagerProtocolServerSideTranslatorPB.submitReadRequestToOM(OzoneManagerProtocolServerSideTranslatorPB.java:241) ~[ozone-manager-1.4.0-SNAPSHOT.jar:?]
	at org.apache.hadoop.ozone.protocolPB.OzoneManagerProtocolServerSideTranslatorPB.processRequest(OzoneManagerProtocolServerSideTranslatorPB.java:186) ~[ozone-manager-1.4.0-SNAPSHOT.jar:?]
	at org.apache.hadoop.hdds.server.OzoneProtocolMessageDispatcher.processRequest(OzoneProtocolMessageDispatcher.java:89) [hdds-server-framework-1.4.0-SNAPSHOT.jar:?]
	at org.apache.hadoop.ozone.protocolPB.OzoneManagerProtocolServerSideTranslatorPB.submitRequest(OzoneManagerProtocolServerSideTranslatorPB.java:157) [ozone-manager-1.4.0-SNAPSHOT.jar:?]
	at org.apache.hadoop.ozone.protocol.proto.OzoneManagerProtocolProtos$OzoneManagerService$2.callBlockingMethod(OzoneManagerProtocolProtos.java) [ozone-interface-client-1.4.0-SNAPSHOT.jar:?]
	at org.apache.hadoop.ipc.ProtobufRpcEngine$Server.processCall(ProtobufRpcEngine.java:484) [hadoop-common-3.3.6.jar:?]
	at org.apache.hadoop.ipc.ProtobufRpcEngine2$Server$ProtoBufRpcInvoker.call(ProtobufRpcEngine2.java:595) [hadoop-common-3.3.6.jar:?]
	at org.apache.hadoop.ipc.ProtobufRpcEngine2$Server$ProtoBufRpcInvoker.call(ProtobufRpcEngine2.java:573) [hadoop-common-3.3.6.jar:?]
	at org.apache.hadoop.ipc.RPC$Server.call(RPC.java:1227) [hadoop-common-3.3.6.jar:?]
	at org.apache.hadoop.ipc.Server$RpcCall.run(Server.java:1094) [hadoop-common-3.3.6.jar:?]
	at org.apache.hadoop.ipc.Server$RpcCall.run(Server.java:1017) [hadoop-common-3.3.6.jar:?]
	at java.security.AccessController.doPrivileged(Native Method) ~[?:1.8.0_382]
	at javax.security.auth.Subject.doAs(Subject.java:422) [?:1.8.0_382]
	at org.apache.hadoop.security.UserGroupInformation.doAs(UserGroupInformation.java:1899) [hadoop-common-3.3.6.jar:?]
	at org.apache.hadoop.ipc.Server$Handler.run(Server.java:3048) [hadoop-common-3.3.6.jar:?]
16:42:59.335 [IPC Server handler 0 on default port 15004] ERROR OMAudit - user=runner | ip=127.0.0.1 | op=GET_FILE_STATUS {volume=volume13981, bucket=bucket57402, key=level0/level2, dataSize=0, replicationConfig=null} | ret=FAILURE
org.apache.hadoop.ozone.om.exceptions.OMException: Unable to get file status: volume: volume13981 bucket: bucket57402 key: level0/level2
	at org.apache.hadoop.ozone.om.KeyManagerImpl.getOzoneFileStatusFSO(KeyManagerImpl.java:1359) ~[ozone-manager-1.4.0-SNAPSHOT.jar:?]
	at org.apache.hadoop.ozone.om.KeyManagerImpl.getFileStatus(KeyManagerImpl.java:1143) ~[ozone-manager-1.4.0-SNAPSHOT.jar:?]
	at org.apache.hadoop.ozone.om.OmMetadataReader.getFileStatus(OmMetadataReader.java:279) ~[ozone-manager-1.4.0-SNAPSHOT.jar:?]
	at org.apache.hadoop.ozone.om.OzoneManager.getFileStatus(OzoneManager.java:3611) ~[ozone-manager-1.4.0-SNAPSHOT.jar:?]
	at org.apache.hadoop.ozone.protocolPB.OzoneManagerRequestHandler.getOzoneFileStatus(OzoneManagerRequestHandler.java:1005) ~[ozone-manager-1.4.0-SNAPSHOT.jar:?]
	at org.apache.hadoop.ozone.protocolPB.OzoneManagerRequestHandler.handleReadRequest(OzoneManagerRequestHandler.java:262) ~[ozone-manager-1.4.0-SNAPSHOT.jar:?]
	at org.apache.hadoop.ozone.protocolPB.OzoneManagerProtocolServerSideTranslatorPB.submitReadRequestToOM(OzoneManagerProtocolServerSideTranslatorPB.java:241) ~[ozone-manager-1.4.0-SNAPSHOT.jar:?]
	at org.apache.hadoop.ozone.protocolPB.OzoneManagerProtocolServerSideTranslatorPB.processRequest(OzoneManagerProtocolServerSideTranslatorPB.java:186) ~[ozone-manager-1.4.0-SNAPSHOT.jar:?]
	at org.apache.hadoop.hdds.server.OzoneProtocolMessageDispatcher.processRequest(OzoneProtocolMessageDispatcher.java:89) [hdds-server-framework-1.4.0-SNAPSHOT.jar:?]
	at org.apache.hadoop.ozone.protocolPB.OzoneManagerProtocolServerSideTranslatorPB.submitRequest(OzoneManagerProtocolServerSideTranslatorPB.java:157) [ozone-manager-1.4.0-SNAPSHOT.jar:?]
	at org.apache.hadoop.ozone.protocol.proto.OzoneManagerProtocolProtos$OzoneManagerService$2.callBlockingMethod(OzoneManagerProtocolProtos.java) [ozone-interface-client-1.4.0-SNAPSHOT.jar:?]
	at org.apache.hadoop.ipc.ProtobufRpcEngine$Server.processCall(ProtobufRpcEngine.java:484) [hadoop-common-3.3.6.jar:?]
	at org.apache.hadoop.ipc.ProtobufRpcEngine2$Server$ProtoBufRpcInvoker.call(ProtobufRpcEngine2.java:595) [hadoop-common-3.3.6.jar:?]
	at org.apache.hadoop.ipc.ProtobufRpcEngine2$Server$ProtoBufRpcInvoker.call(ProtobufRpcEngine2.java:573) [hadoop-common-3.3.6.jar:?]
	at org.apache.hadoop.ipc.RPC$Server.call(RPC.java:1227) [hadoop-common-3.3.6.jar:?]
	at org.apache.hadoop.ipc.Server$RpcCall.run(Server.java:1094) [hadoop-common-3.3.6.jar:?]
	at org.apache.hadoop.ipc.Server$RpcCall.run(Server.java:1017) [hadoop-common-3.3.6.jar:?]
	at java.security.AccessController.doPrivileged(Native Method) ~[?:1.8.0_382]
	at javax.security.auth.Subject.doAs(Subject.java:422) [?:1.8.0_382]
	at org.apache.hadoop.security.UserGroupInformation.doAs(UserGroupInformation.java:1899) [hadoop-common-3.3.6.jar:?]
	at org.apache.hadoop.ipc.Server$Handler.run(Server.java:3048) [hadoop-common-3.3.6.jar:?]
16:42:59.337 [IPC Server handler 17 on default port 15004] ERROR OMAudit - user=runner | ip=127.0.0.1 | op=GET_FILE_STATUS {volume=volume13981, bucket=bucket57402, key=level0/level2/level2, dataSize=0, replicationConfig=null} | ret=FAILURE
org.apache.hadoop.ozone.om.exceptions.OMException: Unable to get file status: volume: volume13981 bucket: bucket57402 key: level0/level2/level2
	at org.apache.hadoop.ozone.om.KeyManagerImpl.getOzoneFileStatusFSO(KeyManagerImpl.java:1359) ~[ozone-manager-1.4.0-SNAPSHOT.jar:?]
	at org.apache.hadoop.ozone.om.KeyManagerImpl.getFileStatus(KeyManagerImpl.java:1143) ~[ozone-manager-1.4.0-SNAPSHOT.jar:?]
	at org.apache.hadoop.ozone.om.OmMetadataReader.getFileStatus(OmMetadataReader.java:279) ~[ozone-manager-1.4.0-SNAPSHOT.jar:?]
	at org.apache.hadoop.ozone.om.OzoneManager.getFileStatus(OzoneManager.java:3611) ~[ozone-manager-1.4.0-SNAPSHOT.jar:?]
	at org.apache.hadoop.ozone.protocolPB.OzoneManagerRequestHandler.getOzoneFileStatus(OzoneManagerRequestHandler.java:1005) ~[ozone-manager-1.4.0-SNAPSHOT.jar:?]
	at org.apache.hadoop.ozone.protocolPB.OzoneManagerRequestHandler.handleReadRequest(OzoneManagerRequestHandler.java:262) ~[ozone-manager-1.4.0-SNAPSHOT.jar:?]
	at org.apache.hadoop.ozone.protocolPB.OzoneManagerProtocolServerSideTranslatorPB.submitReadRequestToOM(OzoneManagerProtocolServerSideTranslatorPB.java:241) ~[ozone-manager-1.4.0-SNAPSHOT.jar:?]
	at org.apache.hadoop.ozone.protocolPB.OzoneManagerProtocolServerSideTranslatorPB.processRequest(OzoneManagerProtocolServerSideTranslatorPB.java:186) ~[ozone-manager-1.4.0-SNAPSHOT.jar:?]
	at org.apache.hadoop.hdds.server.OzoneProtocolMessageDispatcher.processRequest(OzoneProtocolMessageDispatcher.java:89) [hdds-server-framework-1.4.0-SNAPSHOT.jar:?]
	at org.apache.hadoop.ozone.protocolPB.OzoneManagerProtocolServerSideTranslatorPB.submitRequest(OzoneManagerProtocolServerSideTranslatorPB.java:157) [ozone-manager-1.4.0-SNAPSHOT.jar:?]
	at org.apache.hadoop.ozone.protocol.proto.OzoneManagerProtocolProtos$OzoneManagerService$2.callBlockingMethod(OzoneManagerProtocolProtos.java) [ozone-interface-client-1.4.0-SNAPSHOT.jar:?]
	at org.apache.hadoop.ipc.ProtobufRpcEngine$Server.processCall(ProtobufRpcEngine.java:484) [hadoop-common-3.3.6.jar:?]
	at org.apache.hadoop.ipc.ProtobufRpcEngine2$Server$ProtoBufRpcInvoker.call(ProtobufRpcEngine2.java:595) [hadoop-common-3.3.6.jar:?]
	at org.apache.hadoop.ipc.ProtobufRpcEngine2$Server$ProtoBufRpcInvoker.call(ProtobufRpcEngine2.java:573) [hadoop-common-3.3.6.jar:?]
	at org.apache.hadoop.ipc.RPC$Server.call(RPC.java:1227) [hadoop-common-3.3.6.jar:?]
	at org.apache.hadoop.ipc.Server$RpcCall.run(Server.java:1094) [hadoop-common-3.3.6.jar:?]
	at org.apache.hadoop.ipc.Server$RpcCall.run(Server.java:1017) [hadoop-common-3.3.6.jar:?]
	at java.security.AccessController.doPrivileged(Native Method) ~[?:1.8.0_382]
	at javax.security.auth.Subject.doAs(Subject.java:422) [?:1.8.0_382]
	at org.apache.hadoop.security.UserGroupInformation.doAs(UserGroupInformation.java:1899) [hadoop-common-3.3.6.jar:?]
	at org.apache.hadoop.ipc.Server$Handler.run(Server.java:3048) [hadoop-common-3.3.6.jar:?]
16:42:59.339 [IPC Server handler 18 on default port 15004] ERROR OMAudit - user=runner | ip=127.0.0.1 | op=GET_FILE_STATUS {volume=volume13981, bucket=bucket57402, key=level0/level2/file1, dataSize=0, replicationConfig=null} | ret=FAILURE
org.apache.hadoop.ozone.om.exceptions.OMException: Unable to get file status: volume: volume13981 bucket: bucket57402 key: level0/level2/file1
	at org.apache.hadoop.ozone.om.KeyManagerImpl.getOzoneFileStatusFSO(KeyManagerImpl.java:1359) ~[ozone-manager-1.4.0-SNAPSHOT.jar:?]
	at org.apache.hadoop.ozone.om.KeyManagerImpl.getFileStatus(KeyManagerImpl.java:1143) ~[ozone-manager-1.4.0-SNAPSHOT.jar:?]
	at org.apache.hadoop.ozone.om.OmMetadataReader.getFileStatus(OmMetadataReader.java:279) ~[ozone-manager-1.4.0-SNAPSHOT.jar:?]
	at org.apache.hadoop.ozone.om.OzoneManager.getFileStatus(OzoneManager.java:3611) ~[ozone-manager-1.4.0-SNAPSHOT.jar:?]
	at org.apache.hadoop.ozone.protocolPB.OzoneManagerRequestHandler.getOzoneFileStatus(OzoneManagerRequestHandler.java:1005) ~[ozone-manager-1.4.0-SNAPSHOT.jar:?]
	at org.apache.hadoop.ozone.protocolPB.OzoneManagerRequestHandler.handleReadRequest(OzoneManagerRequestHandler.java:262) ~[ozone-manager-1.4.0-SNAPSHOT.jar:?]
	at org.apache.hadoop.ozone.protocolPB.OzoneManagerProtocolServerSideTranslatorPB.submitReadRequestToOM(OzoneManagerProtocolServerSideTranslatorPB.java:241) ~[ozone-manager-1.4.0-SNAPSHOT.jar:?]
	at org.apache.hadoop.ozone.protocolPB.OzoneManagerProtocolServerSideTranslatorPB.processRequest(OzoneManagerProtocolServerSideTranslatorPB.java:186) ~[ozone-manager-1.4.0-SNAPSHOT.jar:?]
	at org.apache.hadoop.hdds.server.OzoneProtocolMessageDispatcher.processRequest(OzoneProtocolMessageDispatcher.java:89) [hdds-server-framework-1.4.0-SNAPSHOT.jar:?]
	at org.apache.hadoop.ozone.protocolPB.OzoneManagerProtocolServerSideTranslatorPB.submitRequest(OzoneManagerProtocolServerSideTranslatorPB.java:157) [ozone-manager-1.4.0-SNAPSHOT.jar:?]
	at org.apache.hadoop.ozone.protocol.proto.OzoneManagerProtocolProtos$OzoneManagerService$2.callBlockingMethod(OzoneManagerProtocolProtos.java) [ozone-interface-client-1.4.0-SNAPSHOT.jar:?]
	at org.apache.hadoop.ipc.ProtobufRpcEngine$Server.processCall(ProtobufRpcEngine.java:484) [hadoop-common-3.3.6.jar:?]
	at org.apache.hadoop.ipc.ProtobufRpcEngine2$Server$ProtoBufRpcInvoker.call(ProtobufRpcEngine2.java:595) [hadoop-common-3.3.6.jar:?]
	at org.apache.hadoop.ipc.ProtobufRpcEngine2$Server$ProtoBufRpcInvoker.call(ProtobufRpcEngine2.java:573) [hadoop-common-3.3.6.jar:?]
	at org.apache.hadoop.ipc.RPC$Server.call(RPC.java:1227) [hadoop-common-3.3.6.jar:?]
	at org.apache.hadoop.ipc.Server$RpcCall.run(Server.java:1094) [hadoop-common-3.3.6.jar:?]
	at org.apache.hadoop.ipc.Server$RpcCall.run(Server.java:1017) [hadoop-common-3.3.6.jar:?]
	at java.security.AccessController.doPrivileged(Native Method) ~[?:1.8.0_382]
	at javax.security.auth.Subject.doAs(Subject.java:422) [?:1.8.0_382]
	at org.apache.hadoop.security.UserGroupInformation.doAs(UserGroupInformation.java:1899) [hadoop-common-3.3.6.jar:?]
	at org.apache.hadoop.ipc.Server$Handler.run(Server.java:3048) [hadoop-common-3.3.6.jar:?]
16:42:59.343 [IPC Server handler 15 on default port 15004] ERROR OMAudit - user=runner | ip=127.0.0.1 | op=GET_FILE_STATUS {volume=volume13981, bucket=bucket57402, key=level0/level2/level2/file1, dataSize=0, replicationConfig=null} | ret=FAILURE
org.apache.hadoop.ozone.om.exceptions.OMException: Unable to get file status: volume: volume13981 bucket: bucket57402 key: level0/level2/level2/file1
	at org.apache.hadoop.ozone.om.KeyManagerImpl.getOzoneFileStatusFSO(KeyManagerImpl.java:1359) ~[ozone-manager-1.4.0-SNAPSHOT.jar:?]
	at org.apache.hadoop.ozone.om.KeyManagerImpl.getFileStatus(KeyManagerImpl.java:1143) ~[ozone-manager-1.4.0-SNAPSHOT.jar:?]
	at org.apache.hadoop.ozone.om.OmMetadataReader.getFileStatus(OmMetadataReader.java:279) ~[ozone-manager-1.4.0-SNAPSHOT.jar:?]
	at org.apache.hadoop.ozone.om.OzoneManager.getFileStatus(OzoneManager.java:3611) ~[ozone-manager-1.4.0-SNAPSHOT.jar:?]
	at org.apache.hadoop.ozone.protocolPB.OzoneManagerRequestHandler.getOzoneFileStatus(OzoneManagerRequestHandler.java:1005) ~[ozone-manager-1.4.0-SNAPSHOT.jar:?]
	at org.apache.hadoop.ozone.protocolPB.OzoneManagerRequestHandler.handleReadRequest(OzoneManagerRequestHandler.java:262) ~[ozone-manager-1.4.0-SNAPSHOT.jar:?]
	at org.apache.hadoop.ozone.protocolPB.OzoneManagerProtocolServerSideTranslatorPB.submitReadRequestToOM(OzoneManagerProtocolServerSideTranslatorPB.java:241) ~[ozone-manager-1.4.0-SNAPSHOT.jar:?]
	at org.apache.hadoop.ozone.protocolPB.OzoneManagerProtocolServerSideTranslatorPB.processRequest(OzoneManagerProtocolServerSideTranslatorPB.java:186) ~[ozone-manager-1.4.0-SNAPSHOT.jar:?]
	at org.apache.hadoop.hdds.server.OzoneProtocolMessageDispatcher.processRequest(OzoneProtocolMessageDispatcher.java:89) [hdds-server-framework-1.4.0-SNAPSHOT.jar:?]
	at org.apache.hadoop.ozone.protocolPB.OzoneManagerProtocolServerSideTranslatorPB.submitRequest(OzoneManagerProtocolServerSideTranslatorPB.java:157) [ozone-manager-1.4.0-SNAPSHOT.jar:?]
	at org.apache.hadoop.ozone.protocol.proto.OzoneManagerProtocolProtos$OzoneManagerService$2.callBlockingMethod(OzoneManagerProtocolProtos.java) [ozone-interface-client-1.4.0-SNAPSHOT.jar:?]
	at org.apache.hadoop.ipc.ProtobufRpcEngine$Server.processCall(ProtobufRpcEngine.java:484) [hadoop-common-3.3.6.jar:?]
	at org.apache.hadoop.ipc.ProtobufRpcEngine2$Server$ProtoBufRpcInvoker.call(ProtobufRpcEngine2.java:595) [hadoop-common-3.3.6.jar:?]
	at org.apache.hadoop.ipc.ProtobufRpcEngine2$Server$ProtoBufRpcInvoker.call(ProtobufRpcEngine2.java:573) [hadoop-common-3.3.6.jar:?]
	at org.apache.hadoop.ipc.RPC$Server.call(RPC.java:1227) [hadoop-common-3.3.6.jar:?]
	at org.apache.hadoop.ipc.Server$RpcCall.run(Server.java:1094) [hadoop-common-3.3.6.jar:?]
	at org.apache.hadoop.ipc.Server$RpcCall.run(Server.java:1017) [hadoop-common-3.3.6.jar:?]
	at java.security.AccessController.doPrivileged(Native Method) ~[?:1.8.0_382]
	at javax.security.auth.Subject.doAs(Subject.java:422) [?:1.8.0_382]
	at org.apache.hadoop.security.UserGroupInformation.doAs(UserGroupInformation.java:1899) [hadoop-common-3.3.6.jar:?]
	at org.apache.hadoop.ipc.Server$Handler.run(Server.java:3048) [hadoop-common-3.3.6.jar:?]
16:42:59.345 [IPC Server handler 19 on default port 15004] ERROR OMAudit - user=runner | ip=127.0.0.1 | op=GET_FILE_STATUS {volume=volume13981, bucket=bucket57402, key=level0/level3, dataSize=0, replicationConfig=null} | ret=FAILURE
org.apache.hadoop.ozone.om.exceptions.OMException: Unable to get file status: volume: volume13981 bucket: bucket57402 key: level0/level3
	at org.apache.hadoop.ozone.om.KeyManagerImpl.getOzoneFileStatusFSO(KeyManagerImpl.java:1359) ~[ozone-manager-1.4.0-SNAPSHOT.jar:?]
	at org.apache.hadoop.ozone.om.KeyManagerImpl.getFileStatus(KeyManagerImpl.java:1143) ~[ozone-manager-1.4.0-SNAPSHOT.jar:?]
	at org.apache.hadoop.ozone.om.OmMetadataReader.getFileStatus(OmMetadataReader.java:279) ~[ozone-manager-1.4.0-SNAPSHOT.jar:?]
	at org.apache.hadoop.ozone.om.OzoneManager.getFileStatus(OzoneManager.java:3611) ~[ozone-manager-1.4.0-SNAPSHOT.jar:?]
	at org.apache.hadoop.ozone.protocolPB.OzoneManagerRequestHandler.getOzoneFileStatus(OzoneManagerRequestHandler.java:1005) ~[ozone-manager-1.4.0-SNAPSHOT.jar:?]
	at org.apache.hadoop.ozone.protocolPB.OzoneManagerRequestHandler.handleReadRequest(OzoneManagerRequestHandler.java:262) ~[ozone-manager-1.4.0-SNAPSHOT.jar:?]
	at org.apache.hadoop.ozone.protocolPB.OzoneManagerProtocolServerSideTranslatorPB.submitReadRequestToOM(OzoneManagerProtocolServerSideTranslatorPB.java:241) ~[ozone-manager-1.4.0-SNAPSHOT.jar:?]
	at org.apache.hadoop.ozone.protocolPB.OzoneManagerProtocolServerSideTranslatorPB.processRequest(OzoneManagerProtocolServerSideTranslatorPB.java:186) ~[ozone-manager-1.4.0-SNAPSHOT.jar:?]
	at org.apache.hadoop.hdds.server.OzoneProtocolMessageDispatcher.processRequest(OzoneProtocolMessageDispatcher.java:89) [hdds-server-framework-1.4.0-SNAPSHOT.jar:?]
	at org.apache.hadoop.ozone.protocolPB.OzoneManagerProtocolServerSideTranslatorPB.submitRequest(OzoneManagerProtocolServerSideTranslatorPB.java:157) [ozone-manager-1.4.0-SNAPSHOT.jar:?]
	at org.apache.hadoop.ozone.protocol.proto.OzoneManagerProtocolProtos$OzoneManagerService$2.callBlockingMethod(OzoneManagerProtocolProtos.java) [ozone-interface-client-1.4.0-SNAPSHOT.jar:?]
	at org.apache.hadoop.ipc.ProtobufRpcEngine$Server.processCall(ProtobufRpcEngine.java:484) [hadoop-common-3.3.6.jar:?]
	at org.apache.hadoop.ipc.ProtobufRpcEngine2$Server$ProtoBufRpcInvoker.call(ProtobufRpcEngine2.java:595) [hadoop-common-3.3.6.jar:?]
	at org.apache.hadoop.ipc.ProtobufRpcEngine2$Server$ProtoBufRpcInvoker.call(ProtobufRpcEngine2.java:573) [hadoop-common-3.3.6.jar:?]
	at org.apache.hadoop.ipc.RPC$Server.call(RPC.java:1227) [hadoop-common-3.3.6.jar:?]
	at org.apache.hadoop.ipc.Server$RpcCall.run(Server.java:1094) [hadoop-common-3.3.6.jar:?]
	at org.apache.hadoop.ipc.Server$RpcCall.run(Server.java:1017) [hadoop-common-3.3.6.jar:?]
	at java.security.AccessController.doPrivileged(Native Method) ~[?:1.8.0_382]
	at javax.security.auth.Subject.doAs(Subject.java:422) [?:1.8.0_382]
	at org.apache.hadoop.security.UserGroupInformation.doAs(UserGroupInformation.java:1899) [hadoop-common-3.3.6.jar:?]
	at org.apache.hadoop.ipc.Server$Handler.run(Server.java:3048) [hadoop-common-3.3.6.jar:?]
16:42:59.347 [IPC Server handler 10 on default port 15004] ERROR OMAudit - user=runner | ip=127.0.0.1 | op=GET_FILE_STATUS {volume=volume13981, bucket=bucket57402, key=level0/level3/level3, dataSize=0, replicationConfig=null} | ret=FAILURE
org.apache.hadoop.ozone.om.exceptions.OMException: Unable to get file status: volume: volume13981 bucket: bucket57402 key: level0/level3/level3
	at org.apache.hadoop.ozone.om.KeyManagerImpl.getOzoneFileStatusFSO(KeyManagerImpl.java:1359) ~[ozone-manager-1.4.0-SNAPSHOT.jar:?]
	at org.apache.hadoop.ozone.om.KeyManagerImpl.getFileStatus(KeyManagerImpl.java:1143) ~[ozone-manager-1.4.0-SNAPSHOT.jar:?]
	at org.apache.hadoop.ozone.om.OmMetadataReader.getFileStatus(OmMetadataReader.java:279) ~[ozone-manager-1.4.0-SNAPSHOT.jar:?]
	at org.apache.hadoop.ozone.om.OzoneManager.getFileStatus(OzoneManager.java:3611) ~[ozone-manager-1.4.0-SNAPSHOT.jar:?]
	at org.apache.hadoop.ozone.protocolPB.OzoneManagerRequestHandler.getOzoneFileStatus(OzoneManagerRequestHandler.java:1005) ~[ozone-manager-1.4.0-SNAPSHOT.jar:?]
	at org.apache.hadoop.ozone.protocolPB.OzoneManagerRequestHandler.handleReadRequest(OzoneManagerRequestHandler.java:262) ~[ozone-manager-1.4.0-SNAPSHOT.jar:?]
	at org.apache.hadoop.ozone.protocolPB.OzoneManagerProtocolServerSideTranslatorPB.submitReadRequestToOM(OzoneManagerProtocolServerSideTranslatorPB.java:241) ~[ozone-manager-1.4.0-SNAPSHOT.jar:?]
	at org.apache.hadoop.ozone.protocolPB.OzoneManagerProtocolServerSideTranslatorPB.processRequest(OzoneManagerProtocolServerSideTranslatorPB.java:186) ~[ozone-manager-1.4.0-SNAPSHOT.jar:?]
	at org.apache.hadoop.hdds.server.OzoneProtocolMessageDispatcher.processRequest(OzoneProtocolMessageDispatcher.java:89) [hdds-server-framework-1.4.0-SNAPSHOT.jar:?]
	at org.apache.hadoop.ozone.protocolPB.OzoneManagerProtocolServerSideTranslatorPB.submitRequest(OzoneManagerProtocolServerSideTranslatorPB.java:157) [ozone-manager-1.4.0-SNAPSHOT.jar:?]
	at org.apache.hadoop.ozone.protocol.proto.OzoneManagerProtocolProtos$OzoneManagerService$2.callBlockingMethod(OzoneManagerProtocolProtos.java) [ozone-interface-client-1.4.0-SNAPSHOT.jar:?]
	at org.apache.hadoop.ipc.ProtobufRpcEngine$Server.processCall(ProtobufRpcEngine.java:484) [hadoop-common-3.3.6.jar:?]
	at org.apache.hadoop.ipc.ProtobufRpcEngine2$Server$ProtoBufRpcInvoker.call(ProtobufRpcEngine2.java:595) [hadoop-common-3.3.6.jar:?]
	at org.apache.hadoop.ipc.ProtobufRpcEngine2$Server$ProtoBufRpcInvoker.call(ProtobufRpcEngine2.java:573) [hadoop-common-3.3.6.jar:?]
	at org.apache.hadoop.ipc.RPC$Server.call(RPC.java:1227) [hadoop-common-3.3.6.jar:?]
	at org.apache.hadoop.ipc.Server$RpcCall.run(Server.java:1094) [hadoop-common-3.3.6.jar:?]
	at org.apache.hadoop.ipc.Server$RpcCall.run(Server.java:1017) [hadoop-common-3.3.6.jar:?]
	at java.security.AccessController.doPrivileged(Native Method) ~[?:1.8.0_382]
	at javax.security.auth.Subject.doAs(Subject.java:422) [?:1.8.0_382]
	at org.apache.hadoop.security.UserGroupInformation.doAs(UserGroupInformation.java:1899) [hadoop-common-3.3.6.jar:?]
	at org.apache.hadoop.ipc.Server$Handler.run(Server.java:3048) [hadoop-common-3.3.6.jar:?]
16:42:59.349 [IPC Server handler 8 on default port 15004] ERROR OMAudit - user=runner | ip=127.0.0.1 | op=GET_FILE_STATUS {volume=volume13981, bucket=bucket57402, key=level0/level3/file1, dataSize=0, replicationConfig=null} | ret=FAILURE
org.apache.hadoop.ozone.om.exceptions.OMException: Unable to get file status: volume: volume13981 bucket: bucket57402 key: level0/level3/file1
	at org.apache.hadoop.ozone.om.KeyManagerImpl.getOzoneFileStatusFSO(KeyManagerImpl.java:1359) ~[ozone-manager-1.4.0-SNAPSHOT.jar:?]
	at org.apache.hadoop.ozone.om.KeyManagerImpl.getFileStatus(KeyManagerImpl.java:1143) ~[ozone-manager-1.4.0-SNAPSHOT.jar:?]
	at org.apache.hadoop.ozone.om.OmMetadataReader.getFileStatus(OmMetadataReader.java:279) ~[ozone-manager-1.4.0-SNAPSHOT.jar:?]
	at org.apache.hadoop.ozone.om.OzoneManager.getFileStatus(OzoneManager.java:3611) ~[ozone-manager-1.4.0-SNAPSHOT.jar:?]
	at org.apache.hadoop.ozone.protocolPB.OzoneManagerRequestHandler.getOzoneFileStatus(OzoneManagerRequestHandler.java:1005) ~[ozone-manager-1.4.0-SNAPSHOT.jar:?]
	at org.apache.hadoop.ozone.protocolPB.OzoneManagerRequestHandler.handleReadRequest(OzoneManagerRequestHandler.java:262) ~[ozone-manager-1.4.0-SNAPSHOT.jar:?]
	at org.apache.hadoop.ozone.protocolPB.OzoneManagerProtocolServerSideTranslatorPB.submitReadRequestToOM(OzoneManagerProtocolServerSideTranslatorPB.java:241) ~[ozone-manager-1.4.0-SNAPSHOT.jar:?]
	at org.apache.hadoop.ozone.protocolPB.OzoneManagerProtocolServerSideTranslatorPB.processRequest(OzoneManagerProtocolServerSideTranslatorPB.java:186) ~[ozone-manager-1.4.0-SNAPSHOT.jar:?]
	at org.apache.hadoop.hdds.server.OzoneProtocolMessageDispatcher.processRequest(OzoneProtocolMessageDispatcher.java:89) [hdds-server-framework-1.4.0-SNAPSHOT.jar:?]
	at org.apache.hadoop.ozone.protocolPB.OzoneManagerProtocolServerSideTranslatorPB.submitRequest(OzoneManagerProtocolServerSideTranslatorPB.java:157) [ozone-manager-1.4.0-SNAPSHOT.jar:?]
	at org.apache.hadoop.ozone.protocol.proto.OzoneManagerProtocolProtos$OzoneManagerService$2.callBlockingMethod(OzoneManagerProtocolProtos.java) [ozone-interface-client-1.4.0-SNAPSHOT.jar:?]
	at org.apache.hadoop.ipc.ProtobufRpcEngine$Server.processCall(ProtobufRpcEngine.java:484) [hadoop-common-3.3.6.jar:?]
	at org.apache.hadoop.ipc.ProtobufRpcEngine2$Server$ProtoBufRpcInvoker.call(ProtobufRpcEngine2.java:595) [hadoop-common-3.3.6.jar:?]
	at org.apache.hadoop.ipc.ProtobufRpcEngine2$Server$ProtoBufRpcInvoker.call(ProtobufRpcEngine2.java:573) [hadoop-common-3.3.6.jar:?]
	at org.apache.hadoop.ipc.RPC$Server.call(RPC.java:1227) [hadoop-common-3.3.6.jar:?]
	at org.apache.hadoop.ipc.Server$RpcCall.run(Server.java:1094) [hadoop-common-3.3.6.jar:?]
	at org.apache.hadoop.ipc.Server$RpcCall.run(Server.java:1017) [hadoop-common-3.3.6.jar:?]
	at java.security.AccessController.doPrivileged(Native Method) ~[?:1.8.0_382]
	at javax.security.auth.Subject.doAs(Subject.java:422) [?:1.8.0_382]
	at org.apache.hadoop.security.UserGroupInformation.doAs(UserGroupInformation.java:1899) [hadoop-common-3.3.6.jar:?]
	at org.apache.hadoop.ipc.Server$Handler.run(Server.java:3048) [hadoop-common-3.3.6.jar:?]
16:42:59.351 [IPC Server handler 11 on default port 15004] ERROR OMAudit - user=runner | ip=127.0.0.1 | op=GET_FILE_STATUS {volume=volume13981, bucket=bucket57402, key=level0/level3/level3/file1, dataSize=0, replicationConfig=null} | ret=FAILURE
org.apache.hadoop.ozone.om.exceptions.OMException: Unable to get file status: volume: volume13981 bucket: bucket57402 key: level0/level3/level3/file1
	at org.apache.hadoop.ozone.om.KeyManagerImpl.getOzoneFileStatusFSO(KeyManagerImpl.java:1359) ~[ozone-manager-1.4.0-SNAPSHOT.jar:?]
	at org.apache.hadoop.ozone.om.KeyManagerImpl.getFileStatus(KeyManagerImpl.java:1143) ~[ozone-manager-1.4.0-SNAPSHOT.jar:?]
	at org.apache.hadoop.ozone.om.OmMetadataReader.getFileStatus(OmMetadataReader.java:279) ~[ozone-manager-1.4.0-SNAPSHOT.jar:?]
	at org.apache.hadoop.ozone.om.OzoneManager.getFileStatus(OzoneManager.java:3611) ~[ozone-manager-1.4.0-SNAPSHOT.jar:?]
	at org.apache.hadoop.ozone.protocolPB.OzoneManagerRequestHandler.getOzoneFileStatus(OzoneManagerRequestHandler.java:1005) ~[ozone-manager-1.4.0-SNAPSHOT.jar:?]
	at org.apache.hadoop.ozone.protocolPB.OzoneManagerRequestHandler.handleReadRequest(OzoneManagerRequestHandler.java:262) ~[ozone-manager-1.4.0-SNAPSHOT.jar:?]
	at org.apache.hadoop.ozone.protocolPB.OzoneManagerProtocolServerSideTranslatorPB.submitReadRequestToOM(OzoneManagerProtocolServerSideTranslatorPB.java:241) ~[ozone-manager-1.4.0-SNAPSHOT.jar:?]
	at org.apache.hadoop.ozone.protocolPB.OzoneManagerProtocolServerSideTranslatorPB.processRequest(OzoneManagerProtocolServerSideTranslatorPB.java:186) ~[ozone-manager-1.4.0-SNAPSHOT.jar:?]
	at org.apache.hadoop.hdds.server.OzoneProtocolMessageDispatcher.processRequest(OzoneProtocolMessageDispatcher.java:89) [hdds-server-framework-1.4.0-SNAPSHOT.jar:?]
	at org.apache.hadoop.ozone.protocolPB.OzoneManagerProtocolServerSideTranslatorPB.submitRequest(OzoneManagerProtocolServerSideTranslatorPB.java:157) [ozone-manager-1.4.0-SNAPSHOT.jar:?]
	at org.apache.hadoop.ozone.protocol.proto.OzoneManagerProtocolProtos$OzoneManagerService$2.callBlockingMethod(OzoneManagerProtocolProtos.java) [ozone-interface-client-1.4.0-SNAPSHOT.jar:?]
	at org.apache.hadoop.ipc.ProtobufRpcEngine$Server.processCall(ProtobufRpcEngine.java:484) [hadoop-common-3.3.6.jar:?]
	at org.apache.hadoop.ipc.ProtobufRpcEngine2$Server$ProtoBufRpcInvoker.call(ProtobufRpcEngine2.java:595) [hadoop-common-3.3.6.jar:?]
	at org.apache.hadoop.ipc.ProtobufRpcEngine2$Server$ProtoBufRpcInvoker.call(ProtobufRpcEngine2.java:573) [hadoop-common-3.3.6.jar:?]
	at org.apache.hadoop.ipc.RPC$Server.call(RPC.java:1227) [hadoop-common-3.3.6.jar:?]
	at org.apache.hadoop.ipc.Server$RpcCall.run(Server.java:1094) [hadoop-common-3.3.6.jar:?]
	at org.apache.hadoop.ipc.Server$RpcCall.run(Server.java:1017) [hadoop-common-3.3.6.jar:?]
	at java.security.AccessController.doPrivileged(Native Method) ~[?:1.8.0_382]
	at javax.security.auth.Subject.doAs(Subject.java:422) [?:1.8.0_382]
	at org.apache.hadoop.security.UserGroupInformation.doAs(UserGroupInformation.java:1899) [hadoop-common-3.3.6.jar:?]
	at org.apache.hadoop.ipc.Server$Handler.run(Server.java:3048) [hadoop-common-3.3.6.jar:?]
]]></system-out>
  </testcase>
  <testcase name="testRecursiveDelete" classname="TestOzoneFileSystemWithFSO" time="0.217">
    <system-out><![CDATA[16:43:33.320 [IPC Server handler 11 on default port 15057] ERROR OMAudit - user=runner | ip=127.0.0.1 | op=DELETE_KEY {volume=volume80570, bucket=bucket63586, key=gdir1/pdir1, dataSize=0, replicationType=NONE, replicationFactor=ZERO} | ret=FAILURE
org.apache.hadoop.ozone.om.exceptions.OMException: Directory is not empty. Key:gdir1/pdir1
	at org.apache.hadoop.ozone.om.request.key.OMKeyDeleteRequestWithFSO.validateAndUpdateCache(OMKeyDeleteRequestWithFSO.java:141) ~[ozone-manager-1.4.0-SNAPSHOT.jar:?]
	at org.apache.hadoop.ozone.protocolPB.OzoneManagerRequestHandler.lambda$0(OzoneManagerRequestHandler.java:390) ~[ozone-manager-1.4.0-SNAPSHOT.jar:?]
	at org.apache.hadoop.util.MetricUtil.captureLatencyNs(MetricUtil.java:39) ~[hdds-common-1.4.0-SNAPSHOT.jar:?]
	at org.apache.hadoop.ozone.protocolPB.OzoneManagerRequestHandler.handleWriteRequest(OzoneManagerRequestHandler.java:388) ~[ozone-manager-1.4.0-SNAPSHOT.jar:?]
	at org.apache.hadoop.ozone.protocolPB.OzoneManagerProtocolServerSideTranslatorPB.submitRequestDirectlyToOM(OzoneManagerProtocolServerSideTranslatorPB.java:296) ~[ozone-manager-1.4.0-SNAPSHOT.jar:?]
	at org.apache.hadoop.ozone.protocolPB.OzoneManagerProtocolServerSideTranslatorPB.processRequest(OzoneManagerProtocolServerSideTranslatorPB.java:182) ~[ozone-manager-1.4.0-SNAPSHOT.jar:?]
	at org.apache.hadoop.hdds.server.OzoneProtocolMessageDispatcher.processRequest(OzoneProtocolMessageDispatcher.java:89) [hdds-server-framework-1.4.0-SNAPSHOT.jar:?]
	at org.apache.hadoop.ozone.protocolPB.OzoneManagerProtocolServerSideTranslatorPB.submitRequest(OzoneManagerProtocolServerSideTranslatorPB.java:157) [ozone-manager-1.4.0-SNAPSHOT.jar:?]
	at org.apache.hadoop.ozone.protocol.proto.OzoneManagerProtocolProtos$OzoneManagerService$2.callBlockingMethod(OzoneManagerProtocolProtos.java) [ozone-interface-client-1.4.0-SNAPSHOT.jar:?]
	at org.apache.hadoop.ipc.ProtobufRpcEngine$Server.processCall(ProtobufRpcEngine.java:484) [hadoop-common-3.3.6.jar:?]
	at org.apache.hadoop.ipc.ProtobufRpcEngine2$Server$ProtoBufRpcInvoker.call(ProtobufRpcEngine2.java:595) [hadoop-common-3.3.6.jar:?]
	at org.apache.hadoop.ipc.ProtobufRpcEngine2$Server$ProtoBufRpcInvoker.call(ProtobufRpcEngine2.java:573) [hadoop-common-3.3.6.jar:?]
	at org.apache.hadoop.ipc.RPC$Server.call(RPC.java:1227) [hadoop-common-3.3.6.jar:?]
	at org.apache.hadoop.ipc.Server$RpcCall.run(Server.java:1094) [hadoop-common-3.3.6.jar:?]
	at org.apache.hadoop.ipc.Server$RpcCall.run(Server.java:1017) [hadoop-common-3.3.6.jar:?]
	at java.security.AccessController.doPrivileged(Native Method) ~[?:1.8.0_382]
	at javax.security.auth.Subject.doAs(Subject.java:422) [?:1.8.0_382]
	at org.apache.hadoop.security.UserGroupInformation.doAs(UserGroupInformation.java:1899) [hadoop-common-3.3.6.jar:?]
	at org.apache.hadoop.ipc.Server$Handler.run(Server.java:3048) [hadoop-common-3.3.6.jar:?]
2023-11-03 16:43:33,320 [IPC Server handler 11 on default port 15057] ERROR key.OMKeyDeleteRequestWithFSO (OMKeyDeleteRequestWithFSO.java:validateAndUpdateCache(201)) - Key delete failed. Volume:volume80570, Bucket:bucket63586, Key:gdir1/pdir1.
DIRECTORY_NOT_EMPTY org.apache.hadoop.ozone.om.exceptions.OMException: Directory is not empty. Key:gdir1/pdir1
	at org.apache.hadoop.ozone.om.request.key.OMKeyDeleteRequestWithFSO.validateAndUpdateCache(OMKeyDeleteRequestWithFSO.java:141)
	at org.apache.hadoop.ozone.protocolPB.OzoneManagerRequestHandler.lambda$0(OzoneManagerRequestHandler.java:390)
	at org.apache.hadoop.util.MetricUtil.captureLatencyNs(MetricUtil.java:39)
	at org.apache.hadoop.ozone.protocolPB.OzoneManagerRequestHandler.handleWriteRequest(OzoneManagerRequestHandler.java:388)
	at org.apache.hadoop.ozone.protocolPB.OzoneManagerProtocolServerSideTranslatorPB.submitRequestDirectlyToOM(OzoneManagerProtocolServerSideTranslatorPB.java:296)
	at org.apache.hadoop.ozone.protocolPB.OzoneManagerProtocolServerSideTranslatorPB.processRequest(OzoneManagerProtocolServerSideTranslatorPB.java:182)
	at org.apache.hadoop.hdds.server.OzoneProtocolMessageDispatcher.processRequest(OzoneProtocolMessageDispatcher.java:89)
	at org.apache.hadoop.ozone.protocolPB.OzoneManagerProtocolServerSideTranslatorPB.submitRequest(OzoneManagerProtocolServerSideTranslatorPB.java:157)
	at org.apache.hadoop.ozone.protocol.proto.OzoneManagerProtocolProtos$OzoneManagerService$2.callBlockingMethod(OzoneManagerProtocolProtos.java)
	at org.apache.hadoop.ipc.ProtobufRpcEngine$Server.processCall(ProtobufRpcEngine.java:484)
	at org.apache.hadoop.ipc.ProtobufRpcEngine2$Server$ProtoBufRpcInvoker.call(ProtobufRpcEngine2.java:595)
	at org.apache.hadoop.ipc.ProtobufRpcEngine2$Server$ProtoBufRpcInvoker.call(ProtobufRpcEngine2.java:573)
	at org.apache.hadoop.ipc.RPC$Server.call(RPC.java:1227)
	at org.apache.hadoop.ipc.Server$RpcCall.run(Server.java:1094)
	at org.apache.hadoop.ipc.Server$RpcCall.run(Server.java:1017)
	at java.security.AccessController.doPrivileged(Native Method)
	at javax.security.auth.Subject.doAs(Subject.java:422)
	at org.apache.hadoop.security.UserGroupInformation.doAs(UserGroupInformation.java:1899)
	at org.apache.hadoop.ipc.Server$Handler.run(Server.java:3048)
2023-11-03 16:43:33,323 [Time-limited test] ERROR ozone.BasicOzoneClientAdapterImpl (BasicOzoneClientAdapterImpl.java:deleteObject(364)) - delete key failed Directory is not empty. Key:gdir1/pdir1
16:43:33.326 [IPC Server handler 3 on default port 15057] ERROR OMAudit - user=runner | ip=127.0.0.1 | op=DELETE_KEY {volume=volume80570, bucket=bucket63586, key=gdir1, dataSize=0, replicationType=NONE, replicationFactor=ZERO} | ret=FAILURE
org.apache.hadoop.ozone.om.exceptions.OMException: Directory is not empty. Key:gdir1
	at org.apache.hadoop.ozone.om.request.key.OMKeyDeleteRequestWithFSO.validateAndUpdateCache(OMKeyDeleteRequestWithFSO.java:141) ~[ozone-manager-1.4.0-SNAPSHOT.jar:?]
	at org.apache.hadoop.ozone.protocolPB.OzoneManagerRequestHandler.lambda$0(OzoneManagerRequestHandler.java:390) ~[ozone-manager-1.4.0-SNAPSHOT.jar:?]
	at org.apache.hadoop.util.MetricUtil.captureLatencyNs(MetricUtil.java:39) ~[hdds-common-1.4.0-SNAPSHOT.jar:?]
	at org.apache.hadoop.ozone.protocolPB.OzoneManagerRequestHandler.handleWriteRequest(OzoneManagerRequestHandler.java:388) ~[ozone-manager-1.4.0-SNAPSHOT.jar:?]
	at org.apache.hadoop.ozone.protocolPB.OzoneManagerProtocolServerSideTranslatorPB.submitRequestDirectlyToOM(OzoneManagerProtocolServerSideTranslatorPB.java:296) ~[ozone-manager-1.4.0-SNAPSHOT.jar:?]
	at org.apache.hadoop.ozone.protocolPB.OzoneManagerProtocolServerSideTranslatorPB.processRequest(OzoneManagerProtocolServerSideTranslatorPB.java:182) ~[ozone-manager-1.4.0-SNAPSHOT.jar:?]
	at org.apache.hadoop.hdds.server.OzoneProtocolMessageDispatcher.processRequest(OzoneProtocolMessageDispatcher.java:89) [hdds-server-framework-1.4.0-SNAPSHOT.jar:?]
	at org.apache.hadoop.ozone.protocolPB.OzoneManagerProtocolServerSideTranslatorPB.submitRequest(OzoneManagerProtocolServerSideTranslatorPB.java:157) [ozone-manager-1.4.0-SNAPSHOT.jar:?]
	at org.apache.hadoop.ozone.protocol.proto.OzoneManagerProtocolProtos$OzoneManagerService$2.callBlockingMethod(OzoneManagerProtocolProtos.java) [ozone-interface-client-1.4.0-SNAPSHOT.jar:?]
	at org.apache.hadoop.ipc.ProtobufRpcEngine$Server.processCall(ProtobufRpcEngine.java:484) [hadoop-common-3.3.6.jar:?]
	at org.apache.hadoop.ipc.ProtobufRpcEngine2$Server$ProtoBufRpcInvoker.call(ProtobufRpcEngine2.java:595) [hadoop-common-3.3.6.jar:?]
	at org.apache.hadoop.ipc.ProtobufRpcEngine2$Server$ProtoBufRpcInvoker.call(ProtobufRpcEngine2.java:573) [hadoop-common-3.3.6.jar:?]
	at org.apache.hadoop.ipc.RPC$Server.call(RPC.java:1227) [hadoop-common-3.3.6.jar:?]
	at org.apache.hadoop.ipc.Server$RpcCall.run(Server.java:1094) [hadoop-common-3.3.6.jar:?]
	at org.apache.hadoop.ipc.Server$RpcCall.run(Server.java:1017) [hadoop-common-3.3.6.jar:?]
	at java.security.AccessController.doPrivileged(Native Method) ~[?:1.8.0_382]
	at javax.security.auth.Subject.doAs(Subject.java:422) [?:1.8.0_382]
	at org.apache.hadoop.security.UserGroupInformation.doAs(UserGroupInformation.java:1899) [hadoop-common-3.3.6.jar:?]
	at org.apache.hadoop.ipc.Server$Handler.run(Server.java:3048) [hadoop-common-3.3.6.jar:?]
2023-11-03 16:43:33,326 [IPC Server handler 3 on default port 15057] ERROR key.OMKeyDeleteRequestWithFSO (OMKeyDeleteRequestWithFSO.java:validateAndUpdateCache(201)) - Key delete failed. Volume:volume80570, Bucket:bucket63586, Key:gdir1.
DIRECTORY_NOT_EMPTY org.apache.hadoop.ozone.om.exceptions.OMException: Directory is not empty. Key:gdir1
	at org.apache.hadoop.ozone.om.request.key.OMKeyDeleteRequestWithFSO.validateAndUpdateCache(OMKeyDeleteRequestWithFSO.java:141)
	at org.apache.hadoop.ozone.protocolPB.OzoneManagerRequestHandler.lambda$0(OzoneManagerRequestHandler.java:390)
	at org.apache.hadoop.util.MetricUtil.captureLatencyNs(MetricUtil.java:39)
	at org.apache.hadoop.ozone.protocolPB.OzoneManagerRequestHandler.handleWriteRequest(OzoneManagerRequestHandler.java:388)
	at org.apache.hadoop.ozone.protocolPB.OzoneManagerProtocolServerSideTranslatorPB.submitRequestDirectlyToOM(OzoneManagerProtocolServerSideTranslatorPB.java:296)
	at org.apache.hadoop.ozone.protocolPB.OzoneManagerProtocolServerSideTranslatorPB.processRequest(OzoneManagerProtocolServerSideTranslatorPB.java:182)
	at org.apache.hadoop.hdds.server.OzoneProtocolMessageDispatcher.processRequest(OzoneProtocolMessageDispatcher.java:89)
	at org.apache.hadoop.ozone.protocolPB.OzoneManagerProtocolServerSideTranslatorPB.submitRequest(OzoneManagerProtocolServerSideTranslatorPB.java:157)
	at org.apache.hadoop.ozone.protocol.proto.OzoneManagerProtocolProtos$OzoneManagerService$2.callBlockingMethod(OzoneManagerProtocolProtos.java)
	at org.apache.hadoop.ipc.ProtobufRpcEngine$Server.processCall(ProtobufRpcEngine.java:484)
	at org.apache.hadoop.ipc.ProtobufRpcEngine2$Server$ProtoBufRpcInvoker.call(ProtobufRpcEngine2.java:595)
	at org.apache.hadoop.ipc.ProtobufRpcEngine2$Server$ProtoBufRpcInvoker.call(ProtobufRpcEngine2.java:573)
	at org.apache.hadoop.ipc.RPC$Server.call(RPC.java:1227)
	at org.apache.hadoop.ipc.Server$RpcCall.run(Server.java:1094)
	at org.apache.hadoop.ipc.Server$RpcCall.run(Server.java:1017)
	at java.security.AccessController.doPrivileged(Native Method)
	at javax.security.auth.Subject.doAs(Subject.java:422)
	at org.apache.hadoop.security.UserGroupInformation.doAs(UserGroupInformation.java:1899)
	at org.apache.hadoop.ipc.Server$Handler.run(Server.java:3048)
2023-11-03 16:43:33,327 [Time-limited test] ERROR ozone.BasicOzoneClientAdapterImpl (BasicOzoneClientAdapterImpl.java:deleteObject(364)) - delete key failed Directory is not empty. Key:gdir1
16:43:33.331 [IPC Server handler 2 on default port 15057] ERROR OMAudit - user=runner | ip=127.0.0.1 | op=GET_FILE_STATUS {volume=volume80570, bucket=bucket63586, key=gdir1, dataSize=0, replicationConfig=null} | ret=FAILURE
org.apache.hadoop.ozone.om.exceptions.OMException: Unable to get file status: volume: volume80570 bucket: bucket63586 key: gdir1
	at org.apache.hadoop.ozone.om.KeyManagerImpl.getOzoneFileStatusFSO(KeyManagerImpl.java:1359) ~[ozone-manager-1.4.0-SNAPSHOT.jar:?]
	at org.apache.hadoop.ozone.om.KeyManagerImpl.getFileStatus(KeyManagerImpl.java:1143) ~[ozone-manager-1.4.0-SNAPSHOT.jar:?]
	at org.apache.hadoop.ozone.om.OmMetadataReader.getFileStatus(OmMetadataReader.java:279) ~[ozone-manager-1.4.0-SNAPSHOT.jar:?]
	at org.apache.hadoop.ozone.om.OzoneManager.getFileStatus(OzoneManager.java:3611) ~[ozone-manager-1.4.0-SNAPSHOT.jar:?]
	at org.apache.hadoop.ozone.protocolPB.OzoneManagerRequestHandler.getOzoneFileStatus(OzoneManagerRequestHandler.java:1005) ~[ozone-manager-1.4.0-SNAPSHOT.jar:?]
	at org.apache.hadoop.ozone.protocolPB.OzoneManagerRequestHandler.handleReadRequest(OzoneManagerRequestHandler.java:262) ~[ozone-manager-1.4.0-SNAPSHOT.jar:?]
	at org.apache.hadoop.ozone.protocolPB.OzoneManagerProtocolServerSideTranslatorPB.submitRequestDirectlyToOM(OzoneManagerProtocolServerSideTranslatorPB.java:290) ~[ozone-manager-1.4.0-SNAPSHOT.jar:?]
	at org.apache.hadoop.ozone.protocolPB.OzoneManagerProtocolServerSideTranslatorPB.processRequest(OzoneManagerProtocolServerSideTranslatorPB.java:182) ~[ozone-manager-1.4.0-SNAPSHOT.jar:?]
	at org.apache.hadoop.hdds.server.OzoneProtocolMessageDispatcher.processRequest(OzoneProtocolMessageDispatcher.java:89) [hdds-server-framework-1.4.0-SNAPSHOT.jar:?]
	at org.apache.hadoop.ozone.protocolPB.OzoneManagerProtocolServerSideTranslatorPB.submitRequest(OzoneManagerProtocolServerSideTranslatorPB.java:157) [ozone-manager-1.4.0-SNAPSHOT.jar:?]
	at org.apache.hadoop.ozone.protocol.proto.OzoneManagerProtocolProtos$OzoneManagerService$2.callBlockingMethod(OzoneManagerProtocolProtos.java) [ozone-interface-client-1.4.0-SNAPSHOT.jar:?]
	at org.apache.hadoop.ipc.ProtobufRpcEngine$Server.processCall(ProtobufRpcEngine.java:484) [hadoop-common-3.3.6.jar:?]
	at org.apache.hadoop.ipc.ProtobufRpcEngine2$Server$ProtoBufRpcInvoker.call(ProtobufRpcEngine2.java:595) [hadoop-common-3.3.6.jar:?]
	at org.apache.hadoop.ipc.ProtobufRpcEngine2$Server$ProtoBufRpcInvoker.call(ProtobufRpcEngine2.java:573) [hadoop-common-3.3.6.jar:?]
	at org.apache.hadoop.ipc.RPC$Server.call(RPC.java:1227) [hadoop-common-3.3.6.jar:?]
	at org.apache.hadoop.ipc.Server$RpcCall.run(Server.java:1094) [hadoop-common-3.3.6.jar:?]
	at org.apache.hadoop.ipc.Server$RpcCall.run(Server.java:1017) [hadoop-common-3.3.6.jar:?]
	at java.security.AccessController.doPrivileged(Native Method) ~[?:1.8.0_382]
	at javax.security.auth.Subject.doAs(Subject.java:422) [?:1.8.0_382]
	at org.apache.hadoop.security.UserGroupInformation.doAs(UserGroupInformation.java:1899) [hadoop-common-3.3.6.jar:?]
	at org.apache.hadoop.ipc.Server$Handler.run(Server.java:3048) [hadoop-common-3.3.6.jar:?]
16:43:33.333 [IPC Server handler 13 on default port 15057] ERROR OMAudit - user=runner | ip=127.0.0.1 | op=GET_FILE_STATUS {volume=volume80570, bucket=bucket63586, key=gdir1/dir1, dataSize=0, replicationConfig=null} | ret=FAILURE
org.apache.hadoop.ozone.om.exceptions.OMException: Unable to get file status: volume: volume80570 bucket: bucket63586 key: gdir1/dir1
	at org.apache.hadoop.ozone.om.KeyManagerImpl.getOzoneFileStatusFSO(KeyManagerImpl.java:1359) ~[ozone-manager-1.4.0-SNAPSHOT.jar:?]
	at org.apache.hadoop.ozone.om.KeyManagerImpl.getFileStatus(KeyManagerImpl.java:1143) ~[ozone-manager-1.4.0-SNAPSHOT.jar:?]
	at org.apache.hadoop.ozone.om.OmMetadataReader.getFileStatus(OmMetadataReader.java:279) ~[ozone-manager-1.4.0-SNAPSHOT.jar:?]
	at org.apache.hadoop.ozone.om.OzoneManager.getFileStatus(OzoneManager.java:3611) ~[ozone-manager-1.4.0-SNAPSHOT.jar:?]
	at org.apache.hadoop.ozone.protocolPB.OzoneManagerRequestHandler.getOzoneFileStatus(OzoneManagerRequestHandler.java:1005) ~[ozone-manager-1.4.0-SNAPSHOT.jar:?]
	at org.apache.hadoop.ozone.protocolPB.OzoneManagerRequestHandler.handleReadRequest(OzoneManagerRequestHandler.java:262) ~[ozone-manager-1.4.0-SNAPSHOT.jar:?]
	at org.apache.hadoop.ozone.protocolPB.OzoneManagerProtocolServerSideTranslatorPB.submitRequestDirectlyToOM(OzoneManagerProtocolServerSideTranslatorPB.java:290) ~[ozone-manager-1.4.0-SNAPSHOT.jar:?]
	at org.apache.hadoop.ozone.protocolPB.OzoneManagerProtocolServerSideTranslatorPB.processRequest(OzoneManagerProtocolServerSideTranslatorPB.java:182) ~[ozone-manager-1.4.0-SNAPSHOT.jar:?]
	at org.apache.hadoop.hdds.server.OzoneProtocolMessageDispatcher.processRequest(OzoneProtocolMessageDispatcher.java:89) [hdds-server-framework-1.4.0-SNAPSHOT.jar:?]
	at org.apache.hadoop.ozone.protocolPB.OzoneManagerProtocolServerSideTranslatorPB.submitRequest(OzoneManagerProtocolServerSideTranslatorPB.java:157) [ozone-manager-1.4.0-SNAPSHOT.jar:?]
	at org.apache.hadoop.ozone.protocol.proto.OzoneManagerProtocolProtos$OzoneManagerService$2.callBlockingMethod(OzoneManagerProtocolProtos.java) [ozone-interface-client-1.4.0-SNAPSHOT.jar:?]
	at org.apache.hadoop.ipc.ProtobufRpcEngine$Server.processCall(ProtobufRpcEngine.java:484) [hadoop-common-3.3.6.jar:?]
	at org.apache.hadoop.ipc.ProtobufRpcEngine2$Server$ProtoBufRpcInvoker.call(ProtobufRpcEngine2.java:595) [hadoop-common-3.3.6.jar:?]
	at org.apache.hadoop.ipc.ProtobufRpcEngine2$Server$ProtoBufRpcInvoker.call(ProtobufRpcEngine2.java:573) [hadoop-common-3.3.6.jar:?]
	at org.apache.hadoop.ipc.RPC$Server.call(RPC.java:1227) [hadoop-common-3.3.6.jar:?]
	at org.apache.hadoop.ipc.Server$RpcCall.run(Server.java:1094) [hadoop-common-3.3.6.jar:?]
	at org.apache.hadoop.ipc.Server$RpcCall.run(Server.java:1017) [hadoop-common-3.3.6.jar:?]
	at java.security.AccessController.doPrivileged(Native Method) ~[?:1.8.0_382]
	at javax.security.auth.Subject.doAs(Subject.java:422) [?:1.8.0_382]
	at org.apache.hadoop.security.UserGroupInformation.doAs(UserGroupInformation.java:1899) [hadoop-common-3.3.6.jar:?]
	at org.apache.hadoop.ipc.Server$Handler.run(Server.java:3048) [hadoop-common-3.3.6.jar:?]
16:43:33.335 [IPC Server handler 9 on default port 15057] ERROR OMAudit - user=runner | ip=127.0.0.1 | op=GET_FILE_STATUS {volume=volume80570, bucket=bucket63586, key=gdir1/dir1/child, dataSize=0, replicationConfig=null} | ret=FAILURE
org.apache.hadoop.ozone.om.exceptions.OMException: Unable to get file status: volume: volume80570 bucket: bucket63586 key: gdir1/dir1/child
	at org.apache.hadoop.ozone.om.KeyManagerImpl.getOzoneFileStatusFSO(KeyManagerImpl.java:1359) ~[ozone-manager-1.4.0-SNAPSHOT.jar:?]
	at org.apache.hadoop.ozone.om.KeyManagerImpl.getFileStatus(KeyManagerImpl.java:1143) ~[ozone-manager-1.4.0-SNAPSHOT.jar:?]
	at org.apache.hadoop.ozone.om.OmMetadataReader.getFileStatus(OmMetadataReader.java:279) ~[ozone-manager-1.4.0-SNAPSHOT.jar:?]
	at org.apache.hadoop.ozone.om.OzoneManager.getFileStatus(OzoneManager.java:3611) ~[ozone-manager-1.4.0-SNAPSHOT.jar:?]
	at org.apache.hadoop.ozone.protocolPB.OzoneManagerRequestHandler.getOzoneFileStatus(OzoneManagerRequestHandler.java:1005) ~[ozone-manager-1.4.0-SNAPSHOT.jar:?]
	at org.apache.hadoop.ozone.protocolPB.OzoneManagerRequestHandler.handleReadRequest(OzoneManagerRequestHandler.java:262) ~[ozone-manager-1.4.0-SNAPSHOT.jar:?]
	at org.apache.hadoop.ozone.protocolPB.OzoneManagerProtocolServerSideTranslatorPB.submitRequestDirectlyToOM(OzoneManagerProtocolServerSideTranslatorPB.java:290) ~[ozone-manager-1.4.0-SNAPSHOT.jar:?]
	at org.apache.hadoop.ozone.protocolPB.OzoneManagerProtocolServerSideTranslatorPB.processRequest(OzoneManagerProtocolServerSideTranslatorPB.java:182) ~[ozone-manager-1.4.0-SNAPSHOT.jar:?]
	at org.apache.hadoop.hdds.server.OzoneProtocolMessageDispatcher.processRequest(OzoneProtocolMessageDispatcher.java:89) [hdds-server-framework-1.4.0-SNAPSHOT.jar:?]
	at org.apache.hadoop.ozone.protocolPB.OzoneManagerProtocolServerSideTranslatorPB.submitRequest(OzoneManagerProtocolServerSideTranslatorPB.java:157) [ozone-manager-1.4.0-SNAPSHOT.jar:?]
	at org.apache.hadoop.ozone.protocol.proto.OzoneManagerProtocolProtos$OzoneManagerService$2.callBlockingMethod(OzoneManagerProtocolProtos.java) [ozone-interface-client-1.4.0-SNAPSHOT.jar:?]
	at org.apache.hadoop.ipc.ProtobufRpcEngine$Server.processCall(ProtobufRpcEngine.java:484) [hadoop-common-3.3.6.jar:?]
	at org.apache.hadoop.ipc.ProtobufRpcEngine2$Server$ProtoBufRpcInvoker.call(ProtobufRpcEngine2.java:595) [hadoop-common-3.3.6.jar:?]
	at org.apache.hadoop.ipc.ProtobufRpcEngine2$Server$ProtoBufRpcInvoker.call(ProtobufRpcEngine2.java:573) [hadoop-common-3.3.6.jar:?]
	at org.apache.hadoop.ipc.RPC$Server.call(RPC.java:1227) [hadoop-common-3.3.6.jar:?]
	at org.apache.hadoop.ipc.Server$RpcCall.run(Server.java:1094) [hadoop-common-3.3.6.jar:?]
	at org.apache.hadoop.ipc.Server$RpcCall.run(Server.java:1017) [hadoop-common-3.3.6.jar:?]
	at java.security.AccessController.doPrivileged(Native Method) ~[?:1.8.0_382]
	at javax.security.auth.Subject.doAs(Subject.java:422) [?:1.8.0_382]
	at org.apache.hadoop.security.UserGroupInformation.doAs(UserGroupInformation.java:1899) [hadoop-common-3.3.6.jar:?]
	at org.apache.hadoop.ipc.Server$Handler.run(Server.java:3048) [hadoop-common-3.3.6.jar:?]
16:43:33.336 [IPC Server handler 10 on default port 15057] ERROR OMAudit - user=runner | ip=127.0.0.1 | op=GET_FILE_STATUS {volume=volume80570, bucket=bucket63586, key=gdir1/dir2, dataSize=0, replicationConfig=null} | ret=FAILURE
org.apache.hadoop.ozone.om.exceptions.OMException: Unable to get file status: volume: volume80570 bucket: bucket63586 key: gdir1/dir2
	at org.apache.hadoop.ozone.om.KeyManagerImpl.getOzoneFileStatusFSO(KeyManagerImpl.java:1359) ~[ozone-manager-1.4.0-SNAPSHOT.jar:?]
	at org.apache.hadoop.ozone.om.KeyManagerImpl.getFileStatus(KeyManagerImpl.java:1143) ~[ozone-manager-1.4.0-SNAPSHOT.jar:?]
	at org.apache.hadoop.ozone.om.OmMetadataReader.getFileStatus(OmMetadataReader.java:279) ~[ozone-manager-1.4.0-SNAPSHOT.jar:?]
	at org.apache.hadoop.ozone.om.OzoneManager.getFileStatus(OzoneManager.java:3611) ~[ozone-manager-1.4.0-SNAPSHOT.jar:?]
	at org.apache.hadoop.ozone.protocolPB.OzoneManagerRequestHandler.getOzoneFileStatus(OzoneManagerRequestHandler.java:1005) ~[ozone-manager-1.4.0-SNAPSHOT.jar:?]
	at org.apache.hadoop.ozone.protocolPB.OzoneManagerRequestHandler.handleReadRequest(OzoneManagerRequestHandler.java:262) ~[ozone-manager-1.4.0-SNAPSHOT.jar:?]
	at org.apache.hadoop.ozone.protocolPB.OzoneManagerProtocolServerSideTranslatorPB.submitRequestDirectlyToOM(OzoneManagerProtocolServerSideTranslatorPB.java:290) ~[ozone-manager-1.4.0-SNAPSHOT.jar:?]
	at org.apache.hadoop.ozone.protocolPB.OzoneManagerProtocolServerSideTranslatorPB.processRequest(OzoneManagerProtocolServerSideTranslatorPB.java:182) ~[ozone-manager-1.4.0-SNAPSHOT.jar:?]
	at org.apache.hadoop.hdds.server.OzoneProtocolMessageDispatcher.processRequest(OzoneProtocolMessageDispatcher.java:89) [hdds-server-framework-1.4.0-SNAPSHOT.jar:?]
	at org.apache.hadoop.ozone.protocolPB.OzoneManagerProtocolServerSideTranslatorPB.submitRequest(OzoneManagerProtocolServerSideTranslatorPB.java:157) [ozone-manager-1.4.0-SNAPSHOT.jar:?]
	at org.apache.hadoop.ozone.protocol.proto.OzoneManagerProtocolProtos$OzoneManagerService$2.callBlockingMethod(OzoneManagerProtocolProtos.java) [ozone-interface-client-1.4.0-SNAPSHOT.jar:?]
	at org.apache.hadoop.ipc.ProtobufRpcEngine$Server.processCall(ProtobufRpcEngine.java:484) [hadoop-common-3.3.6.jar:?]
	at org.apache.hadoop.ipc.ProtobufRpcEngine2$Server$ProtoBufRpcInvoker.call(ProtobufRpcEngine2.java:595) [hadoop-common-3.3.6.jar:?]
	at org.apache.hadoop.ipc.ProtobufRpcEngine2$Server$ProtoBufRpcInvoker.call(ProtobufRpcEngine2.java:573) [hadoop-common-3.3.6.jar:?]
	at org.apache.hadoop.ipc.RPC$Server.call(RPC.java:1227) [hadoop-common-3.3.6.jar:?]
	at org.apache.hadoop.ipc.Server$RpcCall.run(Server.java:1094) [hadoop-common-3.3.6.jar:?]
	at org.apache.hadoop.ipc.Server$RpcCall.run(Server.java:1017) [hadoop-common-3.3.6.jar:?]
	at java.security.AccessController.doPrivileged(Native Method) ~[?:1.8.0_382]
	at javax.security.auth.Subject.doAs(Subject.java:422) [?:1.8.0_382]
	at org.apache.hadoop.security.UserGroupInformation.doAs(UserGroupInformation.java:1899) [hadoop-common-3.3.6.jar:?]
	at org.apache.hadoop.ipc.Server$Handler.run(Server.java:3048) [hadoop-common-3.3.6.jar:?]
16:43:33.338 [IPC Server handler 12 on default port 15057] ERROR OMAudit - user=runner | ip=127.0.0.1 | op=GET_FILE_STATUS {volume=volume80570, bucket=bucket63586, key=gdir1/dir2/child, dataSize=0, replicationConfig=null} | ret=FAILURE
org.apache.hadoop.ozone.om.exceptions.OMException: Unable to get file status: volume: volume80570 bucket: bucket63586 key: gdir1/dir2/child
	at org.apache.hadoop.ozone.om.KeyManagerImpl.getOzoneFileStatusFSO(KeyManagerImpl.java:1359) ~[ozone-manager-1.4.0-SNAPSHOT.jar:?]
	at org.apache.hadoop.ozone.om.KeyManagerImpl.getFileStatus(KeyManagerImpl.java:1143) ~[ozone-manager-1.4.0-SNAPSHOT.jar:?]
	at org.apache.hadoop.ozone.om.OmMetadataReader.getFileStatus(OmMetadataReader.java:279) ~[ozone-manager-1.4.0-SNAPSHOT.jar:?]
	at org.apache.hadoop.ozone.om.OzoneManager.getFileStatus(OzoneManager.java:3611) ~[ozone-manager-1.4.0-SNAPSHOT.jar:?]
	at org.apache.hadoop.ozone.protocolPB.OzoneManagerRequestHandler.getOzoneFileStatus(OzoneManagerRequestHandler.java:1005) ~[ozone-manager-1.4.0-SNAPSHOT.jar:?]
	at org.apache.hadoop.ozone.protocolPB.OzoneManagerRequestHandler.handleReadRequest(OzoneManagerRequestHandler.java:262) ~[ozone-manager-1.4.0-SNAPSHOT.jar:?]
	at org.apache.hadoop.ozone.protocolPB.OzoneManagerProtocolServerSideTranslatorPB.submitRequestDirectlyToOM(OzoneManagerProtocolServerSideTranslatorPB.java:290) ~[ozone-manager-1.4.0-SNAPSHOT.jar:?]
	at org.apache.hadoop.ozone.protocolPB.OzoneManagerProtocolServerSideTranslatorPB.processRequest(OzoneManagerProtocolServerSideTranslatorPB.java:182) ~[ozone-manager-1.4.0-SNAPSHOT.jar:?]
	at org.apache.hadoop.hdds.server.OzoneProtocolMessageDispatcher.processRequest(OzoneProtocolMessageDispatcher.java:89) [hdds-server-framework-1.4.0-SNAPSHOT.jar:?]
	at org.apache.hadoop.ozone.protocolPB.OzoneManagerProtocolServerSideTranslatorPB.submitRequest(OzoneManagerProtocolServerSideTranslatorPB.java:157) [ozone-manager-1.4.0-SNAPSHOT.jar:?]
	at org.apache.hadoop.ozone.protocol.proto.OzoneManagerProtocolProtos$OzoneManagerService$2.callBlockingMethod(OzoneManagerProtocolProtos.java) [ozone-interface-client-1.4.0-SNAPSHOT.jar:?]
	at org.apache.hadoop.ipc.ProtobufRpcEngine$Server.processCall(ProtobufRpcEngine.java:484) [hadoop-common-3.3.6.jar:?]
	at org.apache.hadoop.ipc.ProtobufRpcEngine2$Server$ProtoBufRpcInvoker.call(ProtobufRpcEngine2.java:595) [hadoop-common-3.3.6.jar:?]
	at org.apache.hadoop.ipc.ProtobufRpcEngine2$Server$ProtoBufRpcInvoker.call(ProtobufRpcEngine2.java:573) [hadoop-common-3.3.6.jar:?]
	at org.apache.hadoop.ipc.RPC$Server.call(RPC.java:1227) [hadoop-common-3.3.6.jar:?]
	at org.apache.hadoop.ipc.Server$RpcCall.run(Server.java:1094) [hadoop-common-3.3.6.jar:?]
	at org.apache.hadoop.ipc.Server$RpcCall.run(Server.java:1017) [hadoop-common-3.3.6.jar:?]
	at java.security.AccessController.doPrivileged(Native Method) ~[?:1.8.0_382]
	at javax.security.auth.Subject.doAs(Subject.java:422) [?:1.8.0_382]
	at org.apache.hadoop.security.UserGroupInformation.doAs(UserGroupInformation.java:1899) [hadoop-common-3.3.6.jar:?]
	at org.apache.hadoop.ipc.Server$Handler.run(Server.java:3048) [hadoop-common-3.3.6.jar:?]
16:43:33.342 [IPC Server handler 7 on default port 15057] ERROR OMAudit - user=runner | ip=127.0.0.1 | op=GET_FILE_STATUS {volume=volume80570, bucket=bucket63586, key=gdir1/dir3, dataSize=0, replicationConfig=null} | ret=FAILURE
org.apache.hadoop.ozone.om.exceptions.OMException: Unable to get file status: volume: volume80570 bucket: bucket63586 key: gdir1/dir3
	at org.apache.hadoop.ozone.om.KeyManagerImpl.getOzoneFileStatusFSO(KeyManagerImpl.java:1359) ~[ozone-manager-1.4.0-SNAPSHOT.jar:?]
	at org.apache.hadoop.ozone.om.KeyManagerImpl.getFileStatus(KeyManagerImpl.java:1143) ~[ozone-manager-1.4.0-SNAPSHOT.jar:?]
	at org.apache.hadoop.ozone.om.OmMetadataReader.getFileStatus(OmMetadataReader.java:279) ~[ozone-manager-1.4.0-SNAPSHOT.jar:?]
	at org.apache.hadoop.ozone.om.OzoneManager.getFileStatus(OzoneManager.java:3611) ~[ozone-manager-1.4.0-SNAPSHOT.jar:?]
	at org.apache.hadoop.ozone.protocolPB.OzoneManagerRequestHandler.getOzoneFileStatus(OzoneManagerRequestHandler.java:1005) ~[ozone-manager-1.4.0-SNAPSHOT.jar:?]
	at org.apache.hadoop.ozone.protocolPB.OzoneManagerRequestHandler.handleReadRequest(OzoneManagerRequestHandler.java:262) ~[ozone-manager-1.4.0-SNAPSHOT.jar:?]
	at org.apache.hadoop.ozone.protocolPB.OzoneManagerProtocolServerSideTranslatorPB.submitRequestDirectlyToOM(OzoneManagerProtocolServerSideTranslatorPB.java:290) ~[ozone-manager-1.4.0-SNAPSHOT.jar:?]
	at org.apache.hadoop.ozone.protocolPB.OzoneManagerProtocolServerSideTranslatorPB.processRequest(OzoneManagerProtocolServerSideTranslatorPB.java:182) ~[ozone-manager-1.4.0-SNAPSHOT.jar:?]
	at org.apache.hadoop.hdds.server.OzoneProtocolMessageDispatcher.processRequest(OzoneProtocolMessageDispatcher.java:89) [hdds-server-framework-1.4.0-SNAPSHOT.jar:?]
	at org.apache.hadoop.ozone.protocolPB.OzoneManagerProtocolServerSideTranslatorPB.submitRequest(OzoneManagerProtocolServerSideTranslatorPB.java:157) [ozone-manager-1.4.0-SNAPSHOT.jar:?]
	at org.apache.hadoop.ozone.protocol.proto.OzoneManagerProtocolProtos$OzoneManagerService$2.callBlockingMethod(OzoneManagerProtocolProtos.java) [ozone-interface-client-1.4.0-SNAPSHOT.jar:?]
	at org.apache.hadoop.ipc.ProtobufRpcEngine$Server.processCall(ProtobufRpcEngine.java:484) [hadoop-common-3.3.6.jar:?]
	at org.apache.hadoop.ipc.ProtobufRpcEngine2$Server$ProtoBufRpcInvoker.call(ProtobufRpcEngine2.java:595) [hadoop-common-3.3.6.jar:?]
	at org.apache.hadoop.ipc.ProtobufRpcEngine2$Server$ProtoBufRpcInvoker.call(ProtobufRpcEngine2.java:573) [hadoop-common-3.3.6.jar:?]
	at org.apache.hadoop.ipc.RPC$Server.call(RPC.java:1227) [hadoop-common-3.3.6.jar:?]
	at org.apache.hadoop.ipc.Server$RpcCall.run(Server.java:1094) [hadoop-common-3.3.6.jar:?]
	at org.apache.hadoop.ipc.Server$RpcCall.run(Server.java:1017) [hadoop-common-3.3.6.jar:?]
	at java.security.AccessController.doPrivileged(Native Method) ~[?:1.8.0_382]
	at javax.security.auth.Subject.doAs(Subject.java:422) [?:1.8.0_382]
	at org.apache.hadoop.security.UserGroupInformation.doAs(UserGroupInformation.java:1899) [hadoop-common-3.3.6.jar:?]
	at org.apache.hadoop.ipc.Server$Handler.run(Server.java:3048) [hadoop-common-3.3.6.jar:?]
16:43:33.343 [IPC Server handler 14 on default port 15057] ERROR OMAudit - user=runner | ip=127.0.0.1 | op=GET_FILE_STATUS {volume=volume80570, bucket=bucket63586, key=gdir1/dir3/child, dataSize=0, replicationConfig=null} | ret=FAILURE
org.apache.hadoop.ozone.om.exceptions.OMException: Unable to get file status: volume: volume80570 bucket: bucket63586 key: gdir1/dir3/child
	at org.apache.hadoop.ozone.om.KeyManagerImpl.getOzoneFileStatusFSO(KeyManagerImpl.java:1359) ~[ozone-manager-1.4.0-SNAPSHOT.jar:?]
	at org.apache.hadoop.ozone.om.KeyManagerImpl.getFileStatus(KeyManagerImpl.java:1143) ~[ozone-manager-1.4.0-SNAPSHOT.jar:?]
	at org.apache.hadoop.ozone.om.OmMetadataReader.getFileStatus(OmMetadataReader.java:279) ~[ozone-manager-1.4.0-SNAPSHOT.jar:?]
	at org.apache.hadoop.ozone.om.OzoneManager.getFileStatus(OzoneManager.java:3611) ~[ozone-manager-1.4.0-SNAPSHOT.jar:?]
	at org.apache.hadoop.ozone.protocolPB.OzoneManagerRequestHandler.getOzoneFileStatus(OzoneManagerRequestHandler.java:1005) ~[ozone-manager-1.4.0-SNAPSHOT.jar:?]
	at org.apache.hadoop.ozone.protocolPB.OzoneManagerRequestHandler.handleReadRequest(OzoneManagerRequestHandler.java:262) ~[ozone-manager-1.4.0-SNAPSHOT.jar:?]
	at org.apache.hadoop.ozone.protocolPB.OzoneManagerProtocolServerSideTranslatorPB.submitRequestDirectlyToOM(OzoneManagerProtocolServerSideTranslatorPB.java:290) ~[ozone-manager-1.4.0-SNAPSHOT.jar:?]
	at org.apache.hadoop.ozone.protocolPB.OzoneManagerProtocolServerSideTranslatorPB.processRequest(OzoneManagerProtocolServerSideTranslatorPB.java:182) ~[ozone-manager-1.4.0-SNAPSHOT.jar:?]
	at org.apache.hadoop.hdds.server.OzoneProtocolMessageDispatcher.processRequest(OzoneProtocolMessageDispatcher.java:89) [hdds-server-framework-1.4.0-SNAPSHOT.jar:?]
	at org.apache.hadoop.ozone.protocolPB.OzoneManagerProtocolServerSideTranslatorPB.submitRequest(OzoneManagerProtocolServerSideTranslatorPB.java:157) [ozone-manager-1.4.0-SNAPSHOT.jar:?]
	at org.apache.hadoop.ozone.protocol.proto.OzoneManagerProtocolProtos$OzoneManagerService$2.callBlockingMethod(OzoneManagerProtocolProtos.java) [ozone-interface-client-1.4.0-SNAPSHOT.jar:?]
	at org.apache.hadoop.ipc.ProtobufRpcEngine$Server.processCall(ProtobufRpcEngine.java:484) [hadoop-common-3.3.6.jar:?]
	at org.apache.hadoop.ipc.ProtobufRpcEngine2$Server$ProtoBufRpcInvoker.call(ProtobufRpcEngine2.java:595) [hadoop-common-3.3.6.jar:?]
	at org.apache.hadoop.ipc.ProtobufRpcEngine2$Server$ProtoBufRpcInvoker.call(ProtobufRpcEngine2.java:573) [hadoop-common-3.3.6.jar:?]
	at org.apache.hadoop.ipc.RPC$Server.call(RPC.java:1227) [hadoop-common-3.3.6.jar:?]
	at org.apache.hadoop.ipc.Server$RpcCall.run(Server.java:1094) [hadoop-common-3.3.6.jar:?]
	at org.apache.hadoop.ipc.Server$RpcCall.run(Server.java:1017) [hadoop-common-3.3.6.jar:?]
	at java.security.AccessController.doPrivileged(Native Method) ~[?:1.8.0_382]
	at javax.security.auth.Subject.doAs(Subject.java:422) [?:1.8.0_382]
	at org.apache.hadoop.security.UserGroupInformation.doAs(UserGroupInformation.java:1899) [hadoop-common-3.3.6.jar:?]
	at org.apache.hadoop.ipc.Server$Handler.run(Server.java:3048) [hadoop-common-3.3.6.jar:?]
16:43:33.345 [IPC Server handler 15 on default port 15057] ERROR OMAudit - user=runner | ip=127.0.0.1 | op=GET_FILE_STATUS {volume=volume80570, bucket=bucket63586, key=gdir1/dir4, dataSize=0, replicationConfig=null} | ret=FAILURE
org.apache.hadoop.ozone.om.exceptions.OMException: Unable to get file status: volume: volume80570 bucket: bucket63586 key: gdir1/dir4
	at org.apache.hadoop.ozone.om.KeyManagerImpl.getOzoneFileStatusFSO(KeyManagerImpl.java:1359) ~[ozone-manager-1.4.0-SNAPSHOT.jar:?]
	at org.apache.hadoop.ozone.om.KeyManagerImpl.getFileStatus(KeyManagerImpl.java:1143) ~[ozone-manager-1.4.0-SNAPSHOT.jar:?]
	at org.apache.hadoop.ozone.om.OmMetadataReader.getFileStatus(OmMetadataReader.java:279) ~[ozone-manager-1.4.0-SNAPSHOT.jar:?]
	at org.apache.hadoop.ozone.om.OzoneManager.getFileStatus(OzoneManager.java:3611) ~[ozone-manager-1.4.0-SNAPSHOT.jar:?]
	at org.apache.hadoop.ozone.protocolPB.OzoneManagerRequestHandler.getOzoneFileStatus(OzoneManagerRequestHandler.java:1005) ~[ozone-manager-1.4.0-SNAPSHOT.jar:?]
	at org.apache.hadoop.ozone.protocolPB.OzoneManagerRequestHandler.handleReadRequest(OzoneManagerRequestHandler.java:262) ~[ozone-manager-1.4.0-SNAPSHOT.jar:?]
	at org.apache.hadoop.ozone.protocolPB.OzoneManagerProtocolServerSideTranslatorPB.submitRequestDirectlyToOM(OzoneManagerProtocolServerSideTranslatorPB.java:290) ~[ozone-manager-1.4.0-SNAPSHOT.jar:?]
	at org.apache.hadoop.ozone.protocolPB.OzoneManagerProtocolServerSideTranslatorPB.processRequest(OzoneManagerProtocolServerSideTranslatorPB.java:182) ~[ozone-manager-1.4.0-SNAPSHOT.jar:?]
	at org.apache.hadoop.hdds.server.OzoneProtocolMessageDispatcher.processRequest(OzoneProtocolMessageDispatcher.java:89) [hdds-server-framework-1.4.0-SNAPSHOT.jar:?]
	at org.apache.hadoop.ozone.protocolPB.OzoneManagerProtocolServerSideTranslatorPB.submitRequest(OzoneManagerProtocolServerSideTranslatorPB.java:157) [ozone-manager-1.4.0-SNAPSHOT.jar:?]
	at org.apache.hadoop.ozone.protocol.proto.OzoneManagerProtocolProtos$OzoneManagerService$2.callBlockingMethod(OzoneManagerProtocolProtos.java) [ozone-interface-client-1.4.0-SNAPSHOT.jar:?]
	at org.apache.hadoop.ipc.ProtobufRpcEngine$Server.processCall(ProtobufRpcEngine.java:484) [hadoop-common-3.3.6.jar:?]
	at org.apache.hadoop.ipc.ProtobufRpcEngine2$Server$ProtoBufRpcInvoker.call(ProtobufRpcEngine2.java:595) [hadoop-common-3.3.6.jar:?]
	at org.apache.hadoop.ipc.ProtobufRpcEngine2$Server$ProtoBufRpcInvoker.call(ProtobufRpcEngine2.java:573) [hadoop-common-3.3.6.jar:?]
	at org.apache.hadoop.ipc.RPC$Server.call(RPC.java:1227) [hadoop-common-3.3.6.jar:?]
	at org.apache.hadoop.ipc.Server$RpcCall.run(Server.java:1094) [hadoop-common-3.3.6.jar:?]
	at org.apache.hadoop.ipc.Server$RpcCall.run(Server.java:1017) [hadoop-common-3.3.6.jar:?]
	at java.security.AccessController.doPrivileged(Native Method) ~[?:1.8.0_382]
	at javax.security.auth.Subject.doAs(Subject.java:422) [?:1.8.0_382]
	at org.apache.hadoop.security.UserGroupInformation.doAs(UserGroupInformation.java:1899) [hadoop-common-3.3.6.jar:?]
	at org.apache.hadoop.ipc.Server$Handler.run(Server.java:3048) [hadoop-common-3.3.6.jar:?]
16:43:33.346 [IPC Server handler 16 on default port 15057] ERROR OMAudit - user=runner | ip=127.0.0.1 | op=GET_FILE_STATUS {volume=volume80570, bucket=bucket63586, key=gdir1/dir4/child, dataSize=0, replicationConfig=null} | ret=FAILURE
org.apache.hadoop.ozone.om.exceptions.OMException: Unable to get file status: volume: volume80570 bucket: bucket63586 key: gdir1/dir4/child
	at org.apache.hadoop.ozone.om.KeyManagerImpl.getOzoneFileStatusFSO(KeyManagerImpl.java:1359) ~[ozone-manager-1.4.0-SNAPSHOT.jar:?]
	at org.apache.hadoop.ozone.om.KeyManagerImpl.getFileStatus(KeyManagerImpl.java:1143) ~[ozone-manager-1.4.0-SNAPSHOT.jar:?]
	at org.apache.hadoop.ozone.om.OmMetadataReader.getFileStatus(OmMetadataReader.java:279) ~[ozone-manager-1.4.0-SNAPSHOT.jar:?]
	at org.apache.hadoop.ozone.om.OzoneManager.getFileStatus(OzoneManager.java:3611) ~[ozone-manager-1.4.0-SNAPSHOT.jar:?]
	at org.apache.hadoop.ozone.protocolPB.OzoneManagerRequestHandler.getOzoneFileStatus(OzoneManagerRequestHandler.java:1005) ~[ozone-manager-1.4.0-SNAPSHOT.jar:?]
	at org.apache.hadoop.ozone.protocolPB.OzoneManagerRequestHandler.handleReadRequest(OzoneManagerRequestHandler.java:262) ~[ozone-manager-1.4.0-SNAPSHOT.jar:?]
	at org.apache.hadoop.ozone.protocolPB.OzoneManagerProtocolServerSideTranslatorPB.submitRequestDirectlyToOM(OzoneManagerProtocolServerSideTranslatorPB.java:290) ~[ozone-manager-1.4.0-SNAPSHOT.jar:?]
	at org.apache.hadoop.ozone.protocolPB.OzoneManagerProtocolServerSideTranslatorPB.processRequest(OzoneManagerProtocolServerSideTranslatorPB.java:182) ~[ozone-manager-1.4.0-SNAPSHOT.jar:?]
	at org.apache.hadoop.hdds.server.OzoneProtocolMessageDispatcher.processRequest(OzoneProtocolMessageDispatcher.java:89) [hdds-server-framework-1.4.0-SNAPSHOT.jar:?]
	at org.apache.hadoop.ozone.protocolPB.OzoneManagerProtocolServerSideTranslatorPB.submitRequest(OzoneManagerProtocolServerSideTranslatorPB.java:157) [ozone-manager-1.4.0-SNAPSHOT.jar:?]
	at org.apache.hadoop.ozone.protocol.proto.OzoneManagerProtocolProtos$OzoneManagerService$2.callBlockingMethod(OzoneManagerProtocolProtos.java) [ozone-interface-client-1.4.0-SNAPSHOT.jar:?]
	at org.apache.hadoop.ipc.ProtobufRpcEngine$Server.processCall(ProtobufRpcEngine.java:484) [hadoop-common-3.3.6.jar:?]
	at org.apache.hadoop.ipc.ProtobufRpcEngine2$Server$ProtoBufRpcInvoker.call(ProtobufRpcEngine2.java:595) [hadoop-common-3.3.6.jar:?]
	at org.apache.hadoop.ipc.ProtobufRpcEngine2$Server$ProtoBufRpcInvoker.call(ProtobufRpcEngine2.java:573) [hadoop-common-3.3.6.jar:?]
	at org.apache.hadoop.ipc.RPC$Server.call(RPC.java:1227) [hadoop-common-3.3.6.jar:?]
	at org.apache.hadoop.ipc.Server$RpcCall.run(Server.java:1094) [hadoop-common-3.3.6.jar:?]
	at org.apache.hadoop.ipc.Server$RpcCall.run(Server.java:1017) [hadoop-common-3.3.6.jar:?]
	at java.security.AccessController.doPrivileged(Native Method) ~[?:1.8.0_382]
	at javax.security.auth.Subject.doAs(Subject.java:422) [?:1.8.0_382]
	at org.apache.hadoop.security.UserGroupInformation.doAs(UserGroupInformation.java:1899) [hadoop-common-3.3.6.jar:?]
	at org.apache.hadoop.ipc.Server$Handler.run(Server.java:3048) [hadoop-common-3.3.6.jar:?]
16:43:33.348 [IPC Server handler 17 on default port 15057] ERROR OMAudit - user=runner | ip=127.0.0.1 | op=GET_FILE_STATUS {volume=volume80570, bucket=bucket63586, key=gdir1/dir5, dataSize=0, replicationConfig=null} | ret=FAILURE
org.apache.hadoop.ozone.om.exceptions.OMException: Unable to get file status: volume: volume80570 bucket: bucket63586 key: gdir1/dir5
	at org.apache.hadoop.ozone.om.KeyManagerImpl.getOzoneFileStatusFSO(KeyManagerImpl.java:1359) ~[ozone-manager-1.4.0-SNAPSHOT.jar:?]
	at org.apache.hadoop.ozone.om.KeyManagerImpl.getFileStatus(KeyManagerImpl.java:1143) ~[ozone-manager-1.4.0-SNAPSHOT.jar:?]
	at org.apache.hadoop.ozone.om.OmMetadataReader.getFileStatus(OmMetadataReader.java:279) ~[ozone-manager-1.4.0-SNAPSHOT.jar:?]
	at org.apache.hadoop.ozone.om.OzoneManager.getFileStatus(OzoneManager.java:3611) ~[ozone-manager-1.4.0-SNAPSHOT.jar:?]
	at org.apache.hadoop.ozone.protocolPB.OzoneManagerRequestHandler.getOzoneFileStatus(OzoneManagerRequestHandler.java:1005) ~[ozone-manager-1.4.0-SNAPSHOT.jar:?]
	at org.apache.hadoop.ozone.protocolPB.OzoneManagerRequestHandler.handleReadRequest(OzoneManagerRequestHandler.java:262) ~[ozone-manager-1.4.0-SNAPSHOT.jar:?]
	at org.apache.hadoop.ozone.protocolPB.OzoneManagerProtocolServerSideTranslatorPB.submitRequestDirectlyToOM(OzoneManagerProtocolServerSideTranslatorPB.java:290) ~[ozone-manager-1.4.0-SNAPSHOT.jar:?]
	at org.apache.hadoop.ozone.protocolPB.OzoneManagerProtocolServerSideTranslatorPB.processRequest(OzoneManagerProtocolServerSideTranslatorPB.java:182) ~[ozone-manager-1.4.0-SNAPSHOT.jar:?]
	at org.apache.hadoop.hdds.server.OzoneProtocolMessageDispatcher.processRequest(OzoneProtocolMessageDispatcher.java:89) [hdds-server-framework-1.4.0-SNAPSHOT.jar:?]
	at org.apache.hadoop.ozone.protocolPB.OzoneManagerProtocolServerSideTranslatorPB.submitRequest(OzoneManagerProtocolServerSideTranslatorPB.java:157) [ozone-manager-1.4.0-SNAPSHOT.jar:?]
	at org.apache.hadoop.ozone.protocol.proto.OzoneManagerProtocolProtos$OzoneManagerService$2.callBlockingMethod(OzoneManagerProtocolProtos.java) [ozone-interface-client-1.4.0-SNAPSHOT.jar:?]
	at org.apache.hadoop.ipc.ProtobufRpcEngine$Server.processCall(ProtobufRpcEngine.java:484) [hadoop-common-3.3.6.jar:?]
	at org.apache.hadoop.ipc.ProtobufRpcEngine2$Server$ProtoBufRpcInvoker.call(ProtobufRpcEngine2.java:595) [hadoop-common-3.3.6.jar:?]
	at org.apache.hadoop.ipc.ProtobufRpcEngine2$Server$ProtoBufRpcInvoker.call(ProtobufRpcEngine2.java:573) [hadoop-common-3.3.6.jar:?]
	at org.apache.hadoop.ipc.RPC$Server.call(RPC.java:1227) [hadoop-common-3.3.6.jar:?]
	at org.apache.hadoop.ipc.Server$RpcCall.run(Server.java:1094) [hadoop-common-3.3.6.jar:?]
	at org.apache.hadoop.ipc.Server$RpcCall.run(Server.java:1017) [hadoop-common-3.3.6.jar:?]
	at java.security.AccessController.doPrivileged(Native Method) ~[?:1.8.0_382]
	at javax.security.auth.Subject.doAs(Subject.java:422) [?:1.8.0_382]
	at org.apache.hadoop.security.UserGroupInformation.doAs(UserGroupInformation.java:1899) [hadoop-common-3.3.6.jar:?]
	at org.apache.hadoop.ipc.Server$Handler.run(Server.java:3048) [hadoop-common-3.3.6.jar:?]
16:43:33.349 [IPC Server handler 19 on default port 15057] ERROR OMAudit - user=runner | ip=127.0.0.1 | op=GET_FILE_STATUS {volume=volume80570, bucket=bucket63586, key=gdir1/dir5/child, dataSize=0, replicationConfig=null} | ret=FAILURE
org.apache.hadoop.ozone.om.exceptions.OMException: Unable to get file status: volume: volume80570 bucket: bucket63586 key: gdir1/dir5/child
	at org.apache.hadoop.ozone.om.KeyManagerImpl.getOzoneFileStatusFSO(KeyManagerImpl.java:1359) ~[ozone-manager-1.4.0-SNAPSHOT.jar:?]
	at org.apache.hadoop.ozone.om.KeyManagerImpl.getFileStatus(KeyManagerImpl.java:1143) ~[ozone-manager-1.4.0-SNAPSHOT.jar:?]
	at org.apache.hadoop.ozone.om.OmMetadataReader.getFileStatus(OmMetadataReader.java:279) ~[ozone-manager-1.4.0-SNAPSHOT.jar:?]
	at org.apache.hadoop.ozone.om.OzoneManager.getFileStatus(OzoneManager.java:3611) ~[ozone-manager-1.4.0-SNAPSHOT.jar:?]
	at org.apache.hadoop.ozone.protocolPB.OzoneManagerRequestHandler.getOzoneFileStatus(OzoneManagerRequestHandler.java:1005) ~[ozone-manager-1.4.0-SNAPSHOT.jar:?]
	at org.apache.hadoop.ozone.protocolPB.OzoneManagerRequestHandler.handleReadRequest(OzoneManagerRequestHandler.java:262) ~[ozone-manager-1.4.0-SNAPSHOT.jar:?]
	at org.apache.hadoop.ozone.protocolPB.OzoneManagerProtocolServerSideTranslatorPB.submitRequestDirectlyToOM(OzoneManagerProtocolServerSideTranslatorPB.java:290) ~[ozone-manager-1.4.0-SNAPSHOT.jar:?]
	at org.apache.hadoop.ozone.protocolPB.OzoneManagerProtocolServerSideTranslatorPB.processRequest(OzoneManagerProtocolServerSideTranslatorPB.java:182) ~[ozone-manager-1.4.0-SNAPSHOT.jar:?]
	at org.apache.hadoop.hdds.server.OzoneProtocolMessageDispatcher.processRequest(OzoneProtocolMessageDispatcher.java:89) [hdds-server-framework-1.4.0-SNAPSHOT.jar:?]
	at org.apache.hadoop.ozone.protocolPB.OzoneManagerProtocolServerSideTranslatorPB.submitRequest(OzoneManagerProtocolServerSideTranslatorPB.java:157) [ozone-manager-1.4.0-SNAPSHOT.jar:?]
	at org.apache.hadoop.ozone.protocol.proto.OzoneManagerProtocolProtos$OzoneManagerService$2.callBlockingMethod(OzoneManagerProtocolProtos.java) [ozone-interface-client-1.4.0-SNAPSHOT.jar:?]
	at org.apache.hadoop.ipc.ProtobufRpcEngine$Server.processCall(ProtobufRpcEngine.java:484) [hadoop-common-3.3.6.jar:?]
	at org.apache.hadoop.ipc.ProtobufRpcEngine2$Server$ProtoBufRpcInvoker.call(ProtobufRpcEngine2.java:595) [hadoop-common-3.3.6.jar:?]
	at org.apache.hadoop.ipc.ProtobufRpcEngine2$Server$ProtoBufRpcInvoker.call(ProtobufRpcEngine2.java:573) [hadoop-common-3.3.6.jar:?]
	at org.apache.hadoop.ipc.RPC$Server.call(RPC.java:1227) [hadoop-common-3.3.6.jar:?]
	at org.apache.hadoop.ipc.Server$RpcCall.run(Server.java:1094) [hadoop-common-3.3.6.jar:?]
	at org.apache.hadoop.ipc.Server$RpcCall.run(Server.java:1017) [hadoop-common-3.3.6.jar:?]
	at java.security.AccessController.doPrivileged(Native Method) ~[?:1.8.0_382]
	at javax.security.auth.Subject.doAs(Subject.java:422) [?:1.8.0_382]
	at org.apache.hadoop.security.UserGroupInformation.doAs(UserGroupInformation.java:1899) [hadoop-common-3.3.6.jar:?]
	at org.apache.hadoop.ipc.Server$Handler.run(Server.java:3048) [hadoop-common-3.3.6.jar:?]
16:43:33.351 [IPC Server handler 0 on default port 15057] ERROR OMAudit - user=runner | ip=127.0.0.1 | op=GET_FILE_STATUS {volume=volume80570, bucket=bucket63586, key=gdir1/dir6, dataSize=0, replicationConfig=null} | ret=FAILURE
org.apache.hadoop.ozone.om.exceptions.OMException: Unable to get file status: volume: volume80570 bucket: bucket63586 key: gdir1/dir6
	at org.apache.hadoop.ozone.om.KeyManagerImpl.getOzoneFileStatusFSO(KeyManagerImpl.java:1359) ~[ozone-manager-1.4.0-SNAPSHOT.jar:?]
	at org.apache.hadoop.ozone.om.KeyManagerImpl.getFileStatus(KeyManagerImpl.java:1143) ~[ozone-manager-1.4.0-SNAPSHOT.jar:?]
	at org.apache.hadoop.ozone.om.OmMetadataReader.getFileStatus(OmMetadataReader.java:279) ~[ozone-manager-1.4.0-SNAPSHOT.jar:?]
	at org.apache.hadoop.ozone.om.OzoneManager.getFileStatus(OzoneManager.java:3611) ~[ozone-manager-1.4.0-SNAPSHOT.jar:?]
	at org.apache.hadoop.ozone.protocolPB.OzoneManagerRequestHandler.getOzoneFileStatus(OzoneManagerRequestHandler.java:1005) ~[ozone-manager-1.4.0-SNAPSHOT.jar:?]
	at org.apache.hadoop.ozone.protocolPB.OzoneManagerRequestHandler.handleReadRequest(OzoneManagerRequestHandler.java:262) ~[ozone-manager-1.4.0-SNAPSHOT.jar:?]
	at org.apache.hadoop.ozone.protocolPB.OzoneManagerProtocolServerSideTranslatorPB.submitRequestDirectlyToOM(OzoneManagerProtocolServerSideTranslatorPB.java:290) ~[ozone-manager-1.4.0-SNAPSHOT.jar:?]
	at org.apache.hadoop.ozone.protocolPB.OzoneManagerProtocolServerSideTranslatorPB.processRequest(OzoneManagerProtocolServerSideTranslatorPB.java:182) ~[ozone-manager-1.4.0-SNAPSHOT.jar:?]
	at org.apache.hadoop.hdds.server.OzoneProtocolMessageDispatcher.processRequest(OzoneProtocolMessageDispatcher.java:89) [hdds-server-framework-1.4.0-SNAPSHOT.jar:?]
	at org.apache.hadoop.ozone.protocolPB.OzoneManagerProtocolServerSideTranslatorPB.submitRequest(OzoneManagerProtocolServerSideTranslatorPB.java:157) [ozone-manager-1.4.0-SNAPSHOT.jar:?]
	at org.apache.hadoop.ozone.protocol.proto.OzoneManagerProtocolProtos$OzoneManagerService$2.callBlockingMethod(OzoneManagerProtocolProtos.java) [ozone-interface-client-1.4.0-SNAPSHOT.jar:?]
	at org.apache.hadoop.ipc.ProtobufRpcEngine$Server.processCall(ProtobufRpcEngine.java:484) [hadoop-common-3.3.6.jar:?]
	at org.apache.hadoop.ipc.ProtobufRpcEngine2$Server$ProtoBufRpcInvoker.call(ProtobufRpcEngine2.java:595) [hadoop-common-3.3.6.jar:?]
	at org.apache.hadoop.ipc.ProtobufRpcEngine2$Server$ProtoBufRpcInvoker.call(ProtobufRpcEngine2.java:573) [hadoop-common-3.3.6.jar:?]
	at org.apache.hadoop.ipc.RPC$Server.call(RPC.java:1227) [hadoop-common-3.3.6.jar:?]
	at org.apache.hadoop.ipc.Server$RpcCall.run(Server.java:1094) [hadoop-common-3.3.6.jar:?]
	at org.apache.hadoop.ipc.Server$RpcCall.run(Server.java:1017) [hadoop-common-3.3.6.jar:?]
	at java.security.AccessController.doPrivileged(Native Method) ~[?:1.8.0_382]
	at javax.security.auth.Subject.doAs(Subject.java:422) [?:1.8.0_382]
	at org.apache.hadoop.security.UserGroupInformation.doAs(UserGroupInformation.java:1899) [hadoop-common-3.3.6.jar:?]
	at org.apache.hadoop.ipc.Server$Handler.run(Server.java:3048) [hadoop-common-3.3.6.jar:?]
16:43:33.352 [IPC Server handler 1 on default port 15057] ERROR OMAudit - user=runner | ip=127.0.0.1 | op=GET_FILE_STATUS {volume=volume80570, bucket=bucket63586, key=gdir1/dir6/child, dataSize=0, replicationConfig=null} | ret=FAILURE
org.apache.hadoop.ozone.om.exceptions.OMException: Unable to get file status: volume: volume80570 bucket: bucket63586 key: gdir1/dir6/child
	at org.apache.hadoop.ozone.om.KeyManagerImpl.getOzoneFileStatusFSO(KeyManagerImpl.java:1359) ~[ozone-manager-1.4.0-SNAPSHOT.jar:?]
	at org.apache.hadoop.ozone.om.KeyManagerImpl.getFileStatus(KeyManagerImpl.java:1143) ~[ozone-manager-1.4.0-SNAPSHOT.jar:?]
	at org.apache.hadoop.ozone.om.OmMetadataReader.getFileStatus(OmMetadataReader.java:279) ~[ozone-manager-1.4.0-SNAPSHOT.jar:?]
	at org.apache.hadoop.ozone.om.OzoneManager.getFileStatus(OzoneManager.java:3611) ~[ozone-manager-1.4.0-SNAPSHOT.jar:?]
	at org.apache.hadoop.ozone.protocolPB.OzoneManagerRequestHandler.getOzoneFileStatus(OzoneManagerRequestHandler.java:1005) ~[ozone-manager-1.4.0-SNAPSHOT.jar:?]
	at org.apache.hadoop.ozone.protocolPB.OzoneManagerRequestHandler.handleReadRequest(OzoneManagerRequestHandler.java:262) ~[ozone-manager-1.4.0-SNAPSHOT.jar:?]
	at org.apache.hadoop.ozone.protocolPB.OzoneManagerProtocolServerSideTranslatorPB.submitRequestDirectlyToOM(OzoneManagerProtocolServerSideTranslatorPB.java:290) ~[ozone-manager-1.4.0-SNAPSHOT.jar:?]
	at org.apache.hadoop.ozone.protocolPB.OzoneManagerProtocolServerSideTranslatorPB.processRequest(OzoneManagerProtocolServerSideTranslatorPB.java:182) ~[ozone-manager-1.4.0-SNAPSHOT.jar:?]
	at org.apache.hadoop.hdds.server.OzoneProtocolMessageDispatcher.processRequest(OzoneProtocolMessageDispatcher.java:89) [hdds-server-framework-1.4.0-SNAPSHOT.jar:?]
	at org.apache.hadoop.ozone.protocolPB.OzoneManagerProtocolServerSideTranslatorPB.submitRequest(OzoneManagerProtocolServerSideTranslatorPB.java:157) [ozone-manager-1.4.0-SNAPSHOT.jar:?]
	at org.apache.hadoop.ozone.protocol.proto.OzoneManagerProtocolProtos$OzoneManagerService$2.callBlockingMethod(OzoneManagerProtocolProtos.java) [ozone-interface-client-1.4.0-SNAPSHOT.jar:?]
	at org.apache.hadoop.ipc.ProtobufRpcEngine$Server.processCall(ProtobufRpcEngine.java:484) [hadoop-common-3.3.6.jar:?]
	at org.apache.hadoop.ipc.ProtobufRpcEngine2$Server$ProtoBufRpcInvoker.call(ProtobufRpcEngine2.java:595) [hadoop-common-3.3.6.jar:?]
	at org.apache.hadoop.ipc.ProtobufRpcEngine2$Server$ProtoBufRpcInvoker.call(ProtobufRpcEngine2.java:573) [hadoop-common-3.3.6.jar:?]
	at org.apache.hadoop.ipc.RPC$Server.call(RPC.java:1227) [hadoop-common-3.3.6.jar:?]
	at org.apache.hadoop.ipc.Server$RpcCall.run(Server.java:1094) [hadoop-common-3.3.6.jar:?]
	at org.apache.hadoop.ipc.Server$RpcCall.run(Server.java:1017) [hadoop-common-3.3.6.jar:?]
	at java.security.AccessController.doPrivileged(Native Method) ~[?:1.8.0_382]
	at javax.security.auth.Subject.doAs(Subject.java:422) [?:1.8.0_382]
	at org.apache.hadoop.security.UserGroupInformation.doAs(UserGroupInformation.java:1899) [hadoop-common-3.3.6.jar:?]
	at org.apache.hadoop.ipc.Server$Handler.run(Server.java:3048) [hadoop-common-3.3.6.jar:?]
16:43:33.356 [IPC Server handler 18 on default port 15057] ERROR OMAudit - user=runner | ip=127.0.0.1 | op=GET_FILE_STATUS {volume=volume80570, bucket=bucket63586, key=gdir1/dir7, dataSize=0, replicationConfig=null} | ret=FAILURE
org.apache.hadoop.ozone.om.exceptions.OMException: Unable to get file status: volume: volume80570 bucket: bucket63586 key: gdir1/dir7
	at org.apache.hadoop.ozone.om.KeyManagerImpl.getOzoneFileStatusFSO(KeyManagerImpl.java:1359) ~[ozone-manager-1.4.0-SNAPSHOT.jar:?]
	at org.apache.hadoop.ozone.om.KeyManagerImpl.getFileStatus(KeyManagerImpl.java:1143) ~[ozone-manager-1.4.0-SNAPSHOT.jar:?]
	at org.apache.hadoop.ozone.om.OmMetadataReader.getFileStatus(OmMetadataReader.java:279) ~[ozone-manager-1.4.0-SNAPSHOT.jar:?]
	at org.apache.hadoop.ozone.om.OzoneManager.getFileStatus(OzoneManager.java:3611) ~[ozone-manager-1.4.0-SNAPSHOT.jar:?]
	at org.apache.hadoop.ozone.protocolPB.OzoneManagerRequestHandler.getOzoneFileStatus(OzoneManagerRequestHandler.java:1005) ~[ozone-manager-1.4.0-SNAPSHOT.jar:?]
	at org.apache.hadoop.ozone.protocolPB.OzoneManagerRequestHandler.handleReadRequest(OzoneManagerRequestHandler.java:262) ~[ozone-manager-1.4.0-SNAPSHOT.jar:?]
	at org.apache.hadoop.ozone.protocolPB.OzoneManagerProtocolServerSideTranslatorPB.submitRequestDirectlyToOM(OzoneManagerProtocolServerSideTranslatorPB.java:290) ~[ozone-manager-1.4.0-SNAPSHOT.jar:?]
	at org.apache.hadoop.ozone.protocolPB.OzoneManagerProtocolServerSideTranslatorPB.processRequest(OzoneManagerProtocolServerSideTranslatorPB.java:182) ~[ozone-manager-1.4.0-SNAPSHOT.jar:?]
	at org.apache.hadoop.hdds.server.OzoneProtocolMessageDispatcher.processRequest(OzoneProtocolMessageDispatcher.java:89) [hdds-server-framework-1.4.0-SNAPSHOT.jar:?]
	at org.apache.hadoop.ozone.protocolPB.OzoneManagerProtocolServerSideTranslatorPB.submitRequest(OzoneManagerProtocolServerSideTranslatorPB.java:157) [ozone-manager-1.4.0-SNAPSHOT.jar:?]
	at org.apache.hadoop.ozone.protocol.proto.OzoneManagerProtocolProtos$OzoneManagerService$2.callBlockingMethod(OzoneManagerProtocolProtos.java) [ozone-interface-client-1.4.0-SNAPSHOT.jar:?]
	at org.apache.hadoop.ipc.ProtobufRpcEngine$Server.processCall(ProtobufRpcEngine.java:484) [hadoop-common-3.3.6.jar:?]
	at org.apache.hadoop.ipc.ProtobufRpcEngine2$Server$ProtoBufRpcInvoker.call(ProtobufRpcEngine2.java:595) [hadoop-common-3.3.6.jar:?]
	at org.apache.hadoop.ipc.ProtobufRpcEngine2$Server$ProtoBufRpcInvoker.call(ProtobufRpcEngine2.java:573) [hadoop-common-3.3.6.jar:?]
	at org.apache.hadoop.ipc.RPC$Server.call(RPC.java:1227) [hadoop-common-3.3.6.jar:?]
	at org.apache.hadoop.ipc.Server$RpcCall.run(Server.java:1094) [hadoop-common-3.3.6.jar:?]
	at org.apache.hadoop.ipc.Server$RpcCall.run(Server.java:1017) [hadoop-common-3.3.6.jar:?]
	at java.security.AccessController.doPrivileged(Native Method) ~[?:1.8.0_382]
	at javax.security.auth.Subject.doAs(Subject.java:422) [?:1.8.0_382]
	at org.apache.hadoop.security.UserGroupInformation.doAs(UserGroupInformation.java:1899) [hadoop-common-3.3.6.jar:?]
	at org.apache.hadoop.ipc.Server$Handler.run(Server.java:3048) [hadoop-common-3.3.6.jar:?]
16:43:33.357 [IPC Server handler 5 on default port 15057] ERROR OMAudit - user=runner | ip=127.0.0.1 | op=GET_FILE_STATUS {volume=volume80570, bucket=bucket63586, key=gdir1/dir7/child, dataSize=0, replicationConfig=null} | ret=FAILURE
org.apache.hadoop.ozone.om.exceptions.OMException: Unable to get file status: volume: volume80570 bucket: bucket63586 key: gdir1/dir7/child
	at org.apache.hadoop.ozone.om.KeyManagerImpl.getOzoneFileStatusFSO(KeyManagerImpl.java:1359) ~[ozone-manager-1.4.0-SNAPSHOT.jar:?]
	at org.apache.hadoop.ozone.om.KeyManagerImpl.getFileStatus(KeyManagerImpl.java:1143) ~[ozone-manager-1.4.0-SNAPSHOT.jar:?]
	at org.apache.hadoop.ozone.om.OmMetadataReader.getFileStatus(OmMetadataReader.java:279) ~[ozone-manager-1.4.0-SNAPSHOT.jar:?]
	at org.apache.hadoop.ozone.om.OzoneManager.getFileStatus(OzoneManager.java:3611) ~[ozone-manager-1.4.0-SNAPSHOT.jar:?]
	at org.apache.hadoop.ozone.protocolPB.OzoneManagerRequestHandler.getOzoneFileStatus(OzoneManagerRequestHandler.java:1005) ~[ozone-manager-1.4.0-SNAPSHOT.jar:?]
	at org.apache.hadoop.ozone.protocolPB.OzoneManagerRequestHandler.handleReadRequest(OzoneManagerRequestHandler.java:262) ~[ozone-manager-1.4.0-SNAPSHOT.jar:?]
	at org.apache.hadoop.ozone.protocolPB.OzoneManagerProtocolServerSideTranslatorPB.submitRequestDirectlyToOM(OzoneManagerProtocolServerSideTranslatorPB.java:290) ~[ozone-manager-1.4.0-SNAPSHOT.jar:?]
	at org.apache.hadoop.ozone.protocolPB.OzoneManagerProtocolServerSideTranslatorPB.processRequest(OzoneManagerProtocolServerSideTranslatorPB.java:182) ~[ozone-manager-1.4.0-SNAPSHOT.jar:?]
	at org.apache.hadoop.hdds.server.OzoneProtocolMessageDispatcher.processRequest(OzoneProtocolMessageDispatcher.java:89) [hdds-server-framework-1.4.0-SNAPSHOT.jar:?]
	at org.apache.hadoop.ozone.protocolPB.OzoneManagerProtocolServerSideTranslatorPB.submitRequest(OzoneManagerProtocolServerSideTranslatorPB.java:157) [ozone-manager-1.4.0-SNAPSHOT.jar:?]
	at org.apache.hadoop.ozone.protocol.proto.OzoneManagerProtocolProtos$OzoneManagerService$2.callBlockingMethod(OzoneManagerProtocolProtos.java) [ozone-interface-client-1.4.0-SNAPSHOT.jar:?]
	at org.apache.hadoop.ipc.ProtobufRpcEngine$Server.processCall(ProtobufRpcEngine.java:484) [hadoop-common-3.3.6.jar:?]
	at org.apache.hadoop.ipc.ProtobufRpcEngine2$Server$ProtoBufRpcInvoker.call(ProtobufRpcEngine2.java:595) [hadoop-common-3.3.6.jar:?]
	at org.apache.hadoop.ipc.ProtobufRpcEngine2$Server$ProtoBufRpcInvoker.call(ProtobufRpcEngine2.java:573) [hadoop-common-3.3.6.jar:?]
	at org.apache.hadoop.ipc.RPC$Server.call(RPC.java:1227) [hadoop-common-3.3.6.jar:?]
	at org.apache.hadoop.ipc.Server$RpcCall.run(Server.java:1094) [hadoop-common-3.3.6.jar:?]
	at org.apache.hadoop.ipc.Server$RpcCall.run(Server.java:1017) [hadoop-common-3.3.6.jar:?]
	at java.security.AccessController.doPrivileged(Native Method) ~[?:1.8.0_382]
	at javax.security.auth.Subject.doAs(Subject.java:422) [?:1.8.0_382]
	at org.apache.hadoop.security.UserGroupInformation.doAs(UserGroupInformation.java:1899) [hadoop-common-3.3.6.jar:?]
	at org.apache.hadoop.ipc.Server$Handler.run(Server.java:3048) [hadoop-common-3.3.6.jar:?]
16:43:33.359 [IPC Server handler 4 on default port 15057] ERROR OMAudit - user=runner | ip=127.0.0.1 | op=GET_FILE_STATUS {volume=volume80570, bucket=bucket63586, key=gdir1/dir8, dataSize=0, replicationConfig=null} | ret=FAILURE
org.apache.hadoop.ozone.om.exceptions.OMException: Unable to get file status: volume: volume80570 bucket: bucket63586 key: gdir1/dir8
	at org.apache.hadoop.ozone.om.KeyManagerImpl.getOzoneFileStatusFSO(KeyManagerImpl.java:1359) ~[ozone-manager-1.4.0-SNAPSHOT.jar:?]
	at org.apache.hadoop.ozone.om.KeyManagerImpl.getFileStatus(KeyManagerImpl.java:1143) ~[ozone-manager-1.4.0-SNAPSHOT.jar:?]
	at org.apache.hadoop.ozone.om.OmMetadataReader.getFileStatus(OmMetadataReader.java:279) ~[ozone-manager-1.4.0-SNAPSHOT.jar:?]
	at org.apache.hadoop.ozone.om.OzoneManager.getFileStatus(OzoneManager.java:3611) ~[ozone-manager-1.4.0-SNAPSHOT.jar:?]
	at org.apache.hadoop.ozone.protocolPB.OzoneManagerRequestHandler.getOzoneFileStatus(OzoneManagerRequestHandler.java:1005) ~[ozone-manager-1.4.0-SNAPSHOT.jar:?]
	at org.apache.hadoop.ozone.protocolPB.OzoneManagerRequestHandler.handleReadRequest(OzoneManagerRequestHandler.java:262) ~[ozone-manager-1.4.0-SNAPSHOT.jar:?]
	at org.apache.hadoop.ozone.protocolPB.OzoneManagerProtocolServerSideTranslatorPB.submitRequestDirectlyToOM(OzoneManagerProtocolServerSideTranslatorPB.java:290) ~[ozone-manager-1.4.0-SNAPSHOT.jar:?]
	at org.apache.hadoop.ozone.protocolPB.OzoneManagerProtocolServerSideTranslatorPB.processRequest(OzoneManagerProtocolServerSideTranslatorPB.java:182) ~[ozone-manager-1.4.0-SNAPSHOT.jar:?]
	at org.apache.hadoop.hdds.server.OzoneProtocolMessageDispatcher.processRequest(OzoneProtocolMessageDispatcher.java:89) [hdds-server-framework-1.4.0-SNAPSHOT.jar:?]
	at org.apache.hadoop.ozone.protocolPB.OzoneManagerProtocolServerSideTranslatorPB.submitRequest(OzoneManagerProtocolServerSideTranslatorPB.java:157) [ozone-manager-1.4.0-SNAPSHOT.jar:?]
	at org.apache.hadoop.ozone.protocol.proto.OzoneManagerProtocolProtos$OzoneManagerService$2.callBlockingMethod(OzoneManagerProtocolProtos.java) [ozone-interface-client-1.4.0-SNAPSHOT.jar:?]
	at org.apache.hadoop.ipc.ProtobufRpcEngine$Server.processCall(ProtobufRpcEngine.java:484) [hadoop-common-3.3.6.jar:?]
	at org.apache.hadoop.ipc.ProtobufRpcEngine2$Server$ProtoBufRpcInvoker.call(ProtobufRpcEngine2.java:595) [hadoop-common-3.3.6.jar:?]
	at org.apache.hadoop.ipc.ProtobufRpcEngine2$Server$ProtoBufRpcInvoker.call(ProtobufRpcEngine2.java:573) [hadoop-common-3.3.6.jar:?]
	at org.apache.hadoop.ipc.RPC$Server.call(RPC.java:1227) [hadoop-common-3.3.6.jar:?]
	at org.apache.hadoop.ipc.Server$RpcCall.run(Server.java:1094) [hadoop-common-3.3.6.jar:?]
	at org.apache.hadoop.ipc.Server$RpcCall.run(Server.java:1017) [hadoop-common-3.3.6.jar:?]
	at java.security.AccessController.doPrivileged(Native Method) ~[?:1.8.0_382]
	at javax.security.auth.Subject.doAs(Subject.java:422) [?:1.8.0_382]
	at org.apache.hadoop.security.UserGroupInformation.doAs(UserGroupInformation.java:1899) [hadoop-common-3.3.6.jar:?]
	at org.apache.hadoop.ipc.Server$Handler.run(Server.java:3048) [hadoop-common-3.3.6.jar:?]
16:43:33.360 [IPC Server handler 6 on default port 15057] ERROR OMAudit - user=runner | ip=127.0.0.1 | op=GET_FILE_STATUS {volume=volume80570, bucket=bucket63586, key=gdir1/dir8/child, dataSize=0, replicationConfig=null} | ret=FAILURE
org.apache.hadoop.ozone.om.exceptions.OMException: Unable to get file status: volume: volume80570 bucket: bucket63586 key: gdir1/dir8/child
	at org.apache.hadoop.ozone.om.KeyManagerImpl.getOzoneFileStatusFSO(KeyManagerImpl.java:1359) ~[ozone-manager-1.4.0-SNAPSHOT.jar:?]
	at org.apache.hadoop.ozone.om.KeyManagerImpl.getFileStatus(KeyManagerImpl.java:1143) ~[ozone-manager-1.4.0-SNAPSHOT.jar:?]
	at org.apache.hadoop.ozone.om.OmMetadataReader.getFileStatus(OmMetadataReader.java:279) ~[ozone-manager-1.4.0-SNAPSHOT.jar:?]
	at org.apache.hadoop.ozone.om.OzoneManager.getFileStatus(OzoneManager.java:3611) ~[ozone-manager-1.4.0-SNAPSHOT.jar:?]
	at org.apache.hadoop.ozone.protocolPB.OzoneManagerRequestHandler.getOzoneFileStatus(OzoneManagerRequestHandler.java:1005) ~[ozone-manager-1.4.0-SNAPSHOT.jar:?]
	at org.apache.hadoop.ozone.protocolPB.OzoneManagerRequestHandler.handleReadRequest(OzoneManagerRequestHandler.java:262) ~[ozone-manager-1.4.0-SNAPSHOT.jar:?]
	at org.apache.hadoop.ozone.protocolPB.OzoneManagerProtocolServerSideTranslatorPB.submitRequestDirectlyToOM(OzoneManagerProtocolServerSideTranslatorPB.java:290) ~[ozone-manager-1.4.0-SNAPSHOT.jar:?]
	at org.apache.hadoop.ozone.protocolPB.OzoneManagerProtocolServerSideTranslatorPB.processRequest(OzoneManagerProtocolServerSideTranslatorPB.java:182) ~[ozone-manager-1.4.0-SNAPSHOT.jar:?]
	at org.apache.hadoop.hdds.server.OzoneProtocolMessageDispatcher.processRequest(OzoneProtocolMessageDispatcher.java:89) [hdds-server-framework-1.4.0-SNAPSHOT.jar:?]
	at org.apache.hadoop.ozone.protocolPB.OzoneManagerProtocolServerSideTranslatorPB.submitRequest(OzoneManagerProtocolServerSideTranslatorPB.java:157) [ozone-manager-1.4.0-SNAPSHOT.jar:?]
	at org.apache.hadoop.ozone.protocol.proto.OzoneManagerProtocolProtos$OzoneManagerService$2.callBlockingMethod(OzoneManagerProtocolProtos.java) [ozone-interface-client-1.4.0-SNAPSHOT.jar:?]
	at org.apache.hadoop.ipc.ProtobufRpcEngine$Server.processCall(ProtobufRpcEngine.java:484) [hadoop-common-3.3.6.jar:?]
	at org.apache.hadoop.ipc.ProtobufRpcEngine2$Server$ProtoBufRpcInvoker.call(ProtobufRpcEngine2.java:595) [hadoop-common-3.3.6.jar:?]
	at org.apache.hadoop.ipc.ProtobufRpcEngine2$Server$ProtoBufRpcInvoker.call(ProtobufRpcEngine2.java:573) [hadoop-common-3.3.6.jar:?]
	at org.apache.hadoop.ipc.RPC$Server.call(RPC.java:1227) [hadoop-common-3.3.6.jar:?]
	at org.apache.hadoop.ipc.Server$RpcCall.run(Server.java:1094) [hadoop-common-3.3.6.jar:?]
	at org.apache.hadoop.ipc.Server$RpcCall.run(Server.java:1017) [hadoop-common-3.3.6.jar:?]
	at java.security.AccessController.doPrivileged(Native Method) ~[?:1.8.0_382]
	at javax.security.auth.Subject.doAs(Subject.java:422) [?:1.8.0_382]
	at org.apache.hadoop.security.UserGroupInformation.doAs(UserGroupInformation.java:1899) [hadoop-common-3.3.6.jar:?]
	at org.apache.hadoop.ipc.Server$Handler.run(Server.java:3048) [hadoop-common-3.3.6.jar:?]
16:43:33.362 [IPC Server handler 11 on default port 15057] ERROR OMAudit - user=runner | ip=127.0.0.1 | op=GET_FILE_STATUS {volume=volume80570, bucket=bucket63586, key=gdir1/dir9, dataSize=0, replicationConfig=null} | ret=FAILURE
org.apache.hadoop.ozone.om.exceptions.OMException: Unable to get file status: volume: volume80570 bucket: bucket63586 key: gdir1/dir9
	at org.apache.hadoop.ozone.om.KeyManagerImpl.getOzoneFileStatusFSO(KeyManagerImpl.java:1359) ~[ozone-manager-1.4.0-SNAPSHOT.jar:?]
	at org.apache.hadoop.ozone.om.KeyManagerImpl.getFileStatus(KeyManagerImpl.java:1143) ~[ozone-manager-1.4.0-SNAPSHOT.jar:?]
	at org.apache.hadoop.ozone.om.OmMetadataReader.getFileStatus(OmMetadataReader.java:279) ~[ozone-manager-1.4.0-SNAPSHOT.jar:?]
	at org.apache.hadoop.ozone.om.OzoneManager.getFileStatus(OzoneManager.java:3611) ~[ozone-manager-1.4.0-SNAPSHOT.jar:?]
	at org.apache.hadoop.ozone.protocolPB.OzoneManagerRequestHandler.getOzoneFileStatus(OzoneManagerRequestHandler.java:1005) ~[ozone-manager-1.4.0-SNAPSHOT.jar:?]
	at org.apache.hadoop.ozone.protocolPB.OzoneManagerRequestHandler.handleReadRequest(OzoneManagerRequestHandler.java:262) ~[ozone-manager-1.4.0-SNAPSHOT.jar:?]
	at org.apache.hadoop.ozone.protocolPB.OzoneManagerProtocolServerSideTranslatorPB.submitRequestDirectlyToOM(OzoneManagerProtocolServerSideTranslatorPB.java:290) ~[ozone-manager-1.4.0-SNAPSHOT.jar:?]
	at org.apache.hadoop.ozone.protocolPB.OzoneManagerProtocolServerSideTranslatorPB.processRequest(OzoneManagerProtocolServerSideTranslatorPB.java:182) ~[ozone-manager-1.4.0-SNAPSHOT.jar:?]
	at org.apache.hadoop.hdds.server.OzoneProtocolMessageDispatcher.processRequest(OzoneProtocolMessageDispatcher.java:89) [hdds-server-framework-1.4.0-SNAPSHOT.jar:?]
	at org.apache.hadoop.ozone.protocolPB.OzoneManagerProtocolServerSideTranslatorPB.submitRequest(OzoneManagerProtocolServerSideTranslatorPB.java:157) [ozone-manager-1.4.0-SNAPSHOT.jar:?]
	at org.apache.hadoop.ozone.protocol.proto.OzoneManagerProtocolProtos$OzoneManagerService$2.callBlockingMethod(OzoneManagerProtocolProtos.java) [ozone-interface-client-1.4.0-SNAPSHOT.jar:?]
	at org.apache.hadoop.ipc.ProtobufRpcEngine$Server.processCall(ProtobufRpcEngine.java:484) [hadoop-common-3.3.6.jar:?]
	at org.apache.hadoop.ipc.ProtobufRpcEngine2$Server$ProtoBufRpcInvoker.call(ProtobufRpcEngine2.java:595) [hadoop-common-3.3.6.jar:?]
	at org.apache.hadoop.ipc.ProtobufRpcEngine2$Server$ProtoBufRpcInvoker.call(ProtobufRpcEngine2.java:573) [hadoop-common-3.3.6.jar:?]
	at org.apache.hadoop.ipc.RPC$Server.call(RPC.java:1227) [hadoop-common-3.3.6.jar:?]
	at org.apache.hadoop.ipc.Server$RpcCall.run(Server.java:1094) [hadoop-common-3.3.6.jar:?]
	at org.apache.hadoop.ipc.Server$RpcCall.run(Server.java:1017) [hadoop-common-3.3.6.jar:?]
	at java.security.AccessController.doPrivileged(Native Method) ~[?:1.8.0_382]
	at javax.security.auth.Subject.doAs(Subject.java:422) [?:1.8.0_382]
	at org.apache.hadoop.security.UserGroupInformation.doAs(UserGroupInformation.java:1899) [hadoop-common-3.3.6.jar:?]
	at org.apache.hadoop.ipc.Server$Handler.run(Server.java:3048) [hadoop-common-3.3.6.jar:?]
16:43:33.363 [IPC Server handler 3 on default port 15057] ERROR OMAudit - user=runner | ip=127.0.0.1 | op=GET_FILE_STATUS {volume=volume80570, bucket=bucket63586, key=gdir1/dir9/child, dataSize=0, replicationConfig=null} | ret=FAILURE
org.apache.hadoop.ozone.om.exceptions.OMException: Unable to get file status: volume: volume80570 bucket: bucket63586 key: gdir1/dir9/child
	at org.apache.hadoop.ozone.om.KeyManagerImpl.getOzoneFileStatusFSO(KeyManagerImpl.java:1359) ~[ozone-manager-1.4.0-SNAPSHOT.jar:?]
	at org.apache.hadoop.ozone.om.KeyManagerImpl.getFileStatus(KeyManagerImpl.java:1143) ~[ozone-manager-1.4.0-SNAPSHOT.jar:?]
	at org.apache.hadoop.ozone.om.OmMetadataReader.getFileStatus(OmMetadataReader.java:279) ~[ozone-manager-1.4.0-SNAPSHOT.jar:?]
	at org.apache.hadoop.ozone.om.OzoneManager.getFileStatus(OzoneManager.java:3611) ~[ozone-manager-1.4.0-SNAPSHOT.jar:?]
	at org.apache.hadoop.ozone.protocolPB.OzoneManagerRequestHandler.getOzoneFileStatus(OzoneManagerRequestHandler.java:1005) ~[ozone-manager-1.4.0-SNAPSHOT.jar:?]
	at org.apache.hadoop.ozone.protocolPB.OzoneManagerRequestHandler.handleReadRequest(OzoneManagerRequestHandler.java:262) ~[ozone-manager-1.4.0-SNAPSHOT.jar:?]
	at org.apache.hadoop.ozone.protocolPB.OzoneManagerProtocolServerSideTranslatorPB.submitRequestDirectlyToOM(OzoneManagerProtocolServerSideTranslatorPB.java:290) ~[ozone-manager-1.4.0-SNAPSHOT.jar:?]
	at org.apache.hadoop.ozone.protocolPB.OzoneManagerProtocolServerSideTranslatorPB.processRequest(OzoneManagerProtocolServerSideTranslatorPB.java:182) ~[ozone-manager-1.4.0-SNAPSHOT.jar:?]
	at org.apache.hadoop.hdds.server.OzoneProtocolMessageDispatcher.processRequest(OzoneProtocolMessageDispatcher.java:89) [hdds-server-framework-1.4.0-SNAPSHOT.jar:?]
	at org.apache.hadoop.ozone.protocolPB.OzoneManagerProtocolServerSideTranslatorPB.submitRequest(OzoneManagerProtocolServerSideTranslatorPB.java:157) [ozone-manager-1.4.0-SNAPSHOT.jar:?]
	at org.apache.hadoop.ozone.protocol.proto.OzoneManagerProtocolProtos$OzoneManagerService$2.callBlockingMethod(OzoneManagerProtocolProtos.java) [ozone-interface-client-1.4.0-SNAPSHOT.jar:?]
	at org.apache.hadoop.ipc.ProtobufRpcEngine$Server.processCall(ProtobufRpcEngine.java:484) [hadoop-common-3.3.6.jar:?]
	at org.apache.hadoop.ipc.ProtobufRpcEngine2$Server$ProtoBufRpcInvoker.call(ProtobufRpcEngine2.java:595) [hadoop-common-3.3.6.jar:?]
	at org.apache.hadoop.ipc.ProtobufRpcEngine2$Server$ProtoBufRpcInvoker.call(ProtobufRpcEngine2.java:573) [hadoop-common-3.3.6.jar:?]
	at org.apache.hadoop.ipc.RPC$Server.call(RPC.java:1227) [hadoop-common-3.3.6.jar:?]
	at org.apache.hadoop.ipc.Server$RpcCall.run(Server.java:1094) [hadoop-common-3.3.6.jar:?]
	at org.apache.hadoop.ipc.Server$RpcCall.run(Server.java:1017) [hadoop-common-3.3.6.jar:?]
	at java.security.AccessController.doPrivileged(Native Method) ~[?:1.8.0_382]
	at javax.security.auth.Subject.doAs(Subject.java:422) [?:1.8.0_382]
	at org.apache.hadoop.security.UserGroupInformation.doAs(UserGroupInformation.java:1899) [hadoop-common-3.3.6.jar:?]
	at org.apache.hadoop.ipc.Server$Handler.run(Server.java:3048) [hadoop-common-3.3.6.jar:?]
16:43:33.365 [IPC Server handler 8 on default port 15057] ERROR OMAudit - user=runner | ip=127.0.0.1 | op=GET_FILE_STATUS {volume=volume80570, bucket=bucket63586, key=gdir1/dir10, dataSize=0, replicationConfig=null} | ret=FAILURE
org.apache.hadoop.ozone.om.exceptions.OMException: Unable to get file status: volume: volume80570 bucket: bucket63586 key: gdir1/dir10
	at org.apache.hadoop.ozone.om.KeyManagerImpl.getOzoneFileStatusFSO(KeyManagerImpl.java:1359) ~[ozone-manager-1.4.0-SNAPSHOT.jar:?]
	at org.apache.hadoop.ozone.om.KeyManagerImpl.getFileStatus(KeyManagerImpl.java:1143) ~[ozone-manager-1.4.0-SNAPSHOT.jar:?]
	at org.apache.hadoop.ozone.om.OmMetadataReader.getFileStatus(OmMetadataReader.java:279) ~[ozone-manager-1.4.0-SNAPSHOT.jar:?]
	at org.apache.hadoop.ozone.om.OzoneManager.getFileStatus(OzoneManager.java:3611) ~[ozone-manager-1.4.0-SNAPSHOT.jar:?]
	at org.apache.hadoop.ozone.protocolPB.OzoneManagerRequestHandler.getOzoneFileStatus(OzoneManagerRequestHandler.java:1005) ~[ozone-manager-1.4.0-SNAPSHOT.jar:?]
	at org.apache.hadoop.ozone.protocolPB.OzoneManagerRequestHandler.handleReadRequest(OzoneManagerRequestHandler.java:262) ~[ozone-manager-1.4.0-SNAPSHOT.jar:?]
	at org.apache.hadoop.ozone.protocolPB.OzoneManagerProtocolServerSideTranslatorPB.submitRequestDirectlyToOM(OzoneManagerProtocolServerSideTranslatorPB.java:290) ~[ozone-manager-1.4.0-SNAPSHOT.jar:?]
	at org.apache.hadoop.ozone.protocolPB.OzoneManagerProtocolServerSideTranslatorPB.processRequest(OzoneManagerProtocolServerSideTranslatorPB.java:182) ~[ozone-manager-1.4.0-SNAPSHOT.jar:?]
	at org.apache.hadoop.hdds.server.OzoneProtocolMessageDispatcher.processRequest(OzoneProtocolMessageDispatcher.java:89) [hdds-server-framework-1.4.0-SNAPSHOT.jar:?]
	at org.apache.hadoop.ozone.protocolPB.OzoneManagerProtocolServerSideTranslatorPB.submitRequest(OzoneManagerProtocolServerSideTranslatorPB.java:157) [ozone-manager-1.4.0-SNAPSHOT.jar:?]
	at org.apache.hadoop.ozone.protocol.proto.OzoneManagerProtocolProtos$OzoneManagerService$2.callBlockingMethod(OzoneManagerProtocolProtos.java) [ozone-interface-client-1.4.0-SNAPSHOT.jar:?]
	at org.apache.hadoop.ipc.ProtobufRpcEngine$Server.processCall(ProtobufRpcEngine.java:484) [hadoop-common-3.3.6.jar:?]
	at org.apache.hadoop.ipc.ProtobufRpcEngine2$Server$ProtoBufRpcInvoker.call(ProtobufRpcEngine2.java:595) [hadoop-common-3.3.6.jar:?]
	at org.apache.hadoop.ipc.ProtobufRpcEngine2$Server$ProtoBufRpcInvoker.call(ProtobufRpcEngine2.java:573) [hadoop-common-3.3.6.jar:?]
	at org.apache.hadoop.ipc.RPC$Server.call(RPC.java:1227) [hadoop-common-3.3.6.jar:?]
	at org.apache.hadoop.ipc.Server$RpcCall.run(Server.java:1094) [hadoop-common-3.3.6.jar:?]
	at org.apache.hadoop.ipc.Server$RpcCall.run(Server.java:1017) [hadoop-common-3.3.6.jar:?]
	at java.security.AccessController.doPrivileged(Native Method) ~[?:1.8.0_382]
	at javax.security.auth.Subject.doAs(Subject.java:422) [?:1.8.0_382]
	at org.apache.hadoop.security.UserGroupInformation.doAs(UserGroupInformation.java:1899) [hadoop-common-3.3.6.jar:?]
	at org.apache.hadoop.ipc.Server$Handler.run(Server.java:3048) [hadoop-common-3.3.6.jar:?]
16:43:33.367 [IPC Server handler 2 on default port 15057] ERROR OMAudit - user=runner | ip=127.0.0.1 | op=GET_FILE_STATUS {volume=volume80570, bucket=bucket63586, key=gdir1/dir10/child, dataSize=0, replicationConfig=null} | ret=FAILURE
org.apache.hadoop.ozone.om.exceptions.OMException: Unable to get file status: volume: volume80570 bucket: bucket63586 key: gdir1/dir10/child
	at org.apache.hadoop.ozone.om.KeyManagerImpl.getOzoneFileStatusFSO(KeyManagerImpl.java:1359) ~[ozone-manager-1.4.0-SNAPSHOT.jar:?]
	at org.apache.hadoop.ozone.om.KeyManagerImpl.getFileStatus(KeyManagerImpl.java:1143) ~[ozone-manager-1.4.0-SNAPSHOT.jar:?]
	at org.apache.hadoop.ozone.om.OmMetadataReader.getFileStatus(OmMetadataReader.java:279) ~[ozone-manager-1.4.0-SNAPSHOT.jar:?]
	at org.apache.hadoop.ozone.om.OzoneManager.getFileStatus(OzoneManager.java:3611) ~[ozone-manager-1.4.0-SNAPSHOT.jar:?]
	at org.apache.hadoop.ozone.protocolPB.OzoneManagerRequestHandler.getOzoneFileStatus(OzoneManagerRequestHandler.java:1005) ~[ozone-manager-1.4.0-SNAPSHOT.jar:?]
	at org.apache.hadoop.ozone.protocolPB.OzoneManagerRequestHandler.handleReadRequest(OzoneManagerRequestHandler.java:262) ~[ozone-manager-1.4.0-SNAPSHOT.jar:?]
	at org.apache.hadoop.ozone.protocolPB.OzoneManagerProtocolServerSideTranslatorPB.submitRequestDirectlyToOM(OzoneManagerProtocolServerSideTranslatorPB.java:290) ~[ozone-manager-1.4.0-SNAPSHOT.jar:?]
	at org.apache.hadoop.ozone.protocolPB.OzoneManagerProtocolServerSideTranslatorPB.processRequest(OzoneManagerProtocolServerSideTranslatorPB.java:182) ~[ozone-manager-1.4.0-SNAPSHOT.jar:?]
	at org.apache.hadoop.hdds.server.OzoneProtocolMessageDispatcher.processRequest(OzoneProtocolMessageDispatcher.java:89) [hdds-server-framework-1.4.0-SNAPSHOT.jar:?]
	at org.apache.hadoop.ozone.protocolPB.OzoneManagerProtocolServerSideTranslatorPB.submitRequest(OzoneManagerProtocolServerSideTranslatorPB.java:157) [ozone-manager-1.4.0-SNAPSHOT.jar:?]
	at org.apache.hadoop.ozone.protocol.proto.OzoneManagerProtocolProtos$OzoneManagerService$2.callBlockingMethod(OzoneManagerProtocolProtos.java) [ozone-interface-client-1.4.0-SNAPSHOT.jar:?]
	at org.apache.hadoop.ipc.ProtobufRpcEngine$Server.processCall(ProtobufRpcEngine.java:484) [hadoop-common-3.3.6.jar:?]
	at org.apache.hadoop.ipc.ProtobufRpcEngine2$Server$ProtoBufRpcInvoker.call(ProtobufRpcEngine2.java:595) [hadoop-common-3.3.6.jar:?]
	at org.apache.hadoop.ipc.ProtobufRpcEngine2$Server$ProtoBufRpcInvoker.call(ProtobufRpcEngine2.java:573) [hadoop-common-3.3.6.jar:?]
	at org.apache.hadoop.ipc.RPC$Server.call(RPC.java:1227) [hadoop-common-3.3.6.jar:?]
	at org.apache.hadoop.ipc.Server$RpcCall.run(Server.java:1094) [hadoop-common-3.3.6.jar:?]
	at org.apache.hadoop.ipc.Server$RpcCall.run(Server.java:1017) [hadoop-common-3.3.6.jar:?]
	at java.security.AccessController.doPrivileged(Native Method) ~[?:1.8.0_382]
	at javax.security.auth.Subject.doAs(Subject.java:422) [?:1.8.0_382]
	at org.apache.hadoop.security.UserGroupInformation.doAs(UserGroupInformation.java:1899) [hadoop-common-3.3.6.jar:?]
	at org.apache.hadoop.ipc.Server$Handler.run(Server.java:3048) [hadoop-common-3.3.6.jar:?]
16:43:33.433 [IPC Server handler 2 on default port 15057] ERROR OMAudit - user=runner | ip=127.0.0.1 | op=GET_FILE_STATUS {volume=volume80570, bucket=bucket63586, key=level0, dataSize=0, replicationConfig=null} | ret=FAILURE
org.apache.hadoop.ozone.om.exceptions.OMException: Unable to get file status: volume: volume80570 bucket: bucket63586 key: level0
	at org.apache.hadoop.ozone.om.KeyManagerImpl.getOzoneFileStatusFSO(KeyManagerImpl.java:1359) ~[ozone-manager-1.4.0-SNAPSHOT.jar:?]
	at org.apache.hadoop.ozone.om.KeyManagerImpl.getFileStatus(KeyManagerImpl.java:1143) ~[ozone-manager-1.4.0-SNAPSHOT.jar:?]
	at org.apache.hadoop.ozone.om.OmMetadataReader.getFileStatus(OmMetadataReader.java:279) ~[ozone-manager-1.4.0-SNAPSHOT.jar:?]
	at org.apache.hadoop.ozone.om.OzoneManager.getFileStatus(OzoneManager.java:3611) ~[ozone-manager-1.4.0-SNAPSHOT.jar:?]
	at org.apache.hadoop.ozone.protocolPB.OzoneManagerRequestHandler.getOzoneFileStatus(OzoneManagerRequestHandler.java:1005) ~[ozone-manager-1.4.0-SNAPSHOT.jar:?]
	at org.apache.hadoop.ozone.protocolPB.OzoneManagerRequestHandler.handleReadRequest(OzoneManagerRequestHandler.java:262) ~[ozone-manager-1.4.0-SNAPSHOT.jar:?]
	at org.apache.hadoop.ozone.protocolPB.OzoneManagerProtocolServerSideTranslatorPB.submitRequestDirectlyToOM(OzoneManagerProtocolServerSideTranslatorPB.java:290) ~[ozone-manager-1.4.0-SNAPSHOT.jar:?]
	at org.apache.hadoop.ozone.protocolPB.OzoneManagerProtocolServerSideTranslatorPB.processRequest(OzoneManagerProtocolServerSideTranslatorPB.java:182) ~[ozone-manager-1.4.0-SNAPSHOT.jar:?]
	at org.apache.hadoop.hdds.server.OzoneProtocolMessageDispatcher.processRequest(OzoneProtocolMessageDispatcher.java:89) [hdds-server-framework-1.4.0-SNAPSHOT.jar:?]
	at org.apache.hadoop.ozone.protocolPB.OzoneManagerProtocolServerSideTranslatorPB.submitRequest(OzoneManagerProtocolServerSideTranslatorPB.java:157) [ozone-manager-1.4.0-SNAPSHOT.jar:?]
	at org.apache.hadoop.ozone.protocol.proto.OzoneManagerProtocolProtos$OzoneManagerService$2.callBlockingMethod(OzoneManagerProtocolProtos.java) [ozone-interface-client-1.4.0-SNAPSHOT.jar:?]
	at org.apache.hadoop.ipc.ProtobufRpcEngine$Server.processCall(ProtobufRpcEngine.java:484) [hadoop-common-3.3.6.jar:?]
	at org.apache.hadoop.ipc.ProtobufRpcEngine2$Server$ProtoBufRpcInvoker.call(ProtobufRpcEngine2.java:595) [hadoop-common-3.3.6.jar:?]
	at org.apache.hadoop.ipc.ProtobufRpcEngine2$Server$ProtoBufRpcInvoker.call(ProtobufRpcEngine2.java:573) [hadoop-common-3.3.6.jar:?]
	at org.apache.hadoop.ipc.RPC$Server.call(RPC.java:1227) [hadoop-common-3.3.6.jar:?]
	at org.apache.hadoop.ipc.Server$RpcCall.run(Server.java:1094) [hadoop-common-3.3.6.jar:?]
	at org.apache.hadoop.ipc.Server$RpcCall.run(Server.java:1017) [hadoop-common-3.3.6.jar:?]
	at java.security.AccessController.doPrivileged(Native Method) ~[?:1.8.0_382]
	at javax.security.auth.Subject.doAs(Subject.java:422) [?:1.8.0_382]
	at org.apache.hadoop.security.UserGroupInformation.doAs(UserGroupInformation.java:1899) [hadoop-common-3.3.6.jar:?]
	at org.apache.hadoop.ipc.Server$Handler.run(Server.java:3048) [hadoop-common-3.3.6.jar:?]
16:43:33.435 [IPC Server handler 13 on default port 15057] ERROR OMAudit - user=runner | ip=127.0.0.1 | op=GET_FILE_STATUS {volume=volume80570, bucket=bucket63586, key=level0/level1, dataSize=0, replicationConfig=null} | ret=FAILURE
org.apache.hadoop.ozone.om.exceptions.OMException: Unable to get file status: volume: volume80570 bucket: bucket63586 key: level0/level1
	at org.apache.hadoop.ozone.om.KeyManagerImpl.getOzoneFileStatusFSO(KeyManagerImpl.java:1359) ~[ozone-manager-1.4.0-SNAPSHOT.jar:?]
	at org.apache.hadoop.ozone.om.KeyManagerImpl.getFileStatus(KeyManagerImpl.java:1143) ~[ozone-manager-1.4.0-SNAPSHOT.jar:?]
	at org.apache.hadoop.ozone.om.OmMetadataReader.getFileStatus(OmMetadataReader.java:279) ~[ozone-manager-1.4.0-SNAPSHOT.jar:?]
	at org.apache.hadoop.ozone.om.OzoneManager.getFileStatus(OzoneManager.java:3611) ~[ozone-manager-1.4.0-SNAPSHOT.jar:?]
	at org.apache.hadoop.ozone.protocolPB.OzoneManagerRequestHandler.getOzoneFileStatus(OzoneManagerRequestHandler.java:1005) ~[ozone-manager-1.4.0-SNAPSHOT.jar:?]
	at org.apache.hadoop.ozone.protocolPB.OzoneManagerRequestHandler.handleReadRequest(OzoneManagerRequestHandler.java:262) ~[ozone-manager-1.4.0-SNAPSHOT.jar:?]
	at org.apache.hadoop.ozone.protocolPB.OzoneManagerProtocolServerSideTranslatorPB.submitRequestDirectlyToOM(OzoneManagerProtocolServerSideTranslatorPB.java:290) ~[ozone-manager-1.4.0-SNAPSHOT.jar:?]
	at org.apache.hadoop.ozone.protocolPB.OzoneManagerProtocolServerSideTranslatorPB.processRequest(OzoneManagerProtocolServerSideTranslatorPB.java:182) ~[ozone-manager-1.4.0-SNAPSHOT.jar:?]
	at org.apache.hadoop.hdds.server.OzoneProtocolMessageDispatcher.processRequest(OzoneProtocolMessageDispatcher.java:89) [hdds-server-framework-1.4.0-SNAPSHOT.jar:?]
	at org.apache.hadoop.ozone.protocolPB.OzoneManagerProtocolServerSideTranslatorPB.submitRequest(OzoneManagerProtocolServerSideTranslatorPB.java:157) [ozone-manager-1.4.0-SNAPSHOT.jar:?]
	at org.apache.hadoop.ozone.protocol.proto.OzoneManagerProtocolProtos$OzoneManagerService$2.callBlockingMethod(OzoneManagerProtocolProtos.java) [ozone-interface-client-1.4.0-SNAPSHOT.jar:?]
	at org.apache.hadoop.ipc.ProtobufRpcEngine$Server.processCall(ProtobufRpcEngine.java:484) [hadoop-common-3.3.6.jar:?]
	at org.apache.hadoop.ipc.ProtobufRpcEngine2$Server$ProtoBufRpcInvoker.call(ProtobufRpcEngine2.java:595) [hadoop-common-3.3.6.jar:?]
	at org.apache.hadoop.ipc.ProtobufRpcEngine2$Server$ProtoBufRpcInvoker.call(ProtobufRpcEngine2.java:573) [hadoop-common-3.3.6.jar:?]
	at org.apache.hadoop.ipc.RPC$Server.call(RPC.java:1227) [hadoop-common-3.3.6.jar:?]
	at org.apache.hadoop.ipc.Server$RpcCall.run(Server.java:1094) [hadoop-common-3.3.6.jar:?]
	at org.apache.hadoop.ipc.Server$RpcCall.run(Server.java:1017) [hadoop-common-3.3.6.jar:?]
	at java.security.AccessController.doPrivileged(Native Method) ~[?:1.8.0_382]
	at javax.security.auth.Subject.doAs(Subject.java:422) [?:1.8.0_382]
	at org.apache.hadoop.security.UserGroupInformation.doAs(UserGroupInformation.java:1899) [hadoop-common-3.3.6.jar:?]
	at org.apache.hadoop.ipc.Server$Handler.run(Server.java:3048) [hadoop-common-3.3.6.jar:?]
16:43:33.437 [IPC Server handler 9 on default port 15057] ERROR OMAudit - user=runner | ip=127.0.0.1 | op=GET_FILE_STATUS {volume=volume80570, bucket=bucket63586, key=level0/level1/level1, dataSize=0, replicationConfig=null} | ret=FAILURE
org.apache.hadoop.ozone.om.exceptions.OMException: Unable to get file status: volume: volume80570 bucket: bucket63586 key: level0/level1/level1
	at org.apache.hadoop.ozone.om.KeyManagerImpl.getOzoneFileStatusFSO(KeyManagerImpl.java:1359) ~[ozone-manager-1.4.0-SNAPSHOT.jar:?]
	at org.apache.hadoop.ozone.om.KeyManagerImpl.getFileStatus(KeyManagerImpl.java:1143) ~[ozone-manager-1.4.0-SNAPSHOT.jar:?]
	at org.apache.hadoop.ozone.om.OmMetadataReader.getFileStatus(OmMetadataReader.java:279) ~[ozone-manager-1.4.0-SNAPSHOT.jar:?]
	at org.apache.hadoop.ozone.om.OzoneManager.getFileStatus(OzoneManager.java:3611) ~[ozone-manager-1.4.0-SNAPSHOT.jar:?]
	at org.apache.hadoop.ozone.protocolPB.OzoneManagerRequestHandler.getOzoneFileStatus(OzoneManagerRequestHandler.java:1005) ~[ozone-manager-1.4.0-SNAPSHOT.jar:?]
	at org.apache.hadoop.ozone.protocolPB.OzoneManagerRequestHandler.handleReadRequest(OzoneManagerRequestHandler.java:262) ~[ozone-manager-1.4.0-SNAPSHOT.jar:?]
	at org.apache.hadoop.ozone.protocolPB.OzoneManagerProtocolServerSideTranslatorPB.submitRequestDirectlyToOM(OzoneManagerProtocolServerSideTranslatorPB.java:290) ~[ozone-manager-1.4.0-SNAPSHOT.jar:?]
	at org.apache.hadoop.ozone.protocolPB.OzoneManagerProtocolServerSideTranslatorPB.processRequest(OzoneManagerProtocolServerSideTranslatorPB.java:182) ~[ozone-manager-1.4.0-SNAPSHOT.jar:?]
	at org.apache.hadoop.hdds.server.OzoneProtocolMessageDispatcher.processRequest(OzoneProtocolMessageDispatcher.java:89) [hdds-server-framework-1.4.0-SNAPSHOT.jar:?]
	at org.apache.hadoop.ozone.protocolPB.OzoneManagerProtocolServerSideTranslatorPB.submitRequest(OzoneManagerProtocolServerSideTranslatorPB.java:157) [ozone-manager-1.4.0-SNAPSHOT.jar:?]
	at org.apache.hadoop.ozone.protocol.proto.OzoneManagerProtocolProtos$OzoneManagerService$2.callBlockingMethod(OzoneManagerProtocolProtos.java) [ozone-interface-client-1.4.0-SNAPSHOT.jar:?]
	at org.apache.hadoop.ipc.ProtobufRpcEngine$Server.processCall(ProtobufRpcEngine.java:484) [hadoop-common-3.3.6.jar:?]
	at org.apache.hadoop.ipc.ProtobufRpcEngine2$Server$ProtoBufRpcInvoker.call(ProtobufRpcEngine2.java:595) [hadoop-common-3.3.6.jar:?]
	at org.apache.hadoop.ipc.ProtobufRpcEngine2$Server$ProtoBufRpcInvoker.call(ProtobufRpcEngine2.java:573) [hadoop-common-3.3.6.jar:?]
	at org.apache.hadoop.ipc.RPC$Server.call(RPC.java:1227) [hadoop-common-3.3.6.jar:?]
	at org.apache.hadoop.ipc.Server$RpcCall.run(Server.java:1094) [hadoop-common-3.3.6.jar:?]
	at org.apache.hadoop.ipc.Server$RpcCall.run(Server.java:1017) [hadoop-common-3.3.6.jar:?]
	at java.security.AccessController.doPrivileged(Native Method) ~[?:1.8.0_382]
	at javax.security.auth.Subject.doAs(Subject.java:422) [?:1.8.0_382]
	at org.apache.hadoop.security.UserGroupInformation.doAs(UserGroupInformation.java:1899) [hadoop-common-3.3.6.jar:?]
	at org.apache.hadoop.ipc.Server$Handler.run(Server.java:3048) [hadoop-common-3.3.6.jar:?]
16:43:33.439 [IPC Server handler 10 on default port 15057] ERROR OMAudit - user=runner | ip=127.0.0.1 | op=GET_FILE_STATUS {volume=volume80570, bucket=bucket63586, key=level0/level1/file1, dataSize=0, replicationConfig=null} | ret=FAILURE
org.apache.hadoop.ozone.om.exceptions.OMException: Unable to get file status: volume: volume80570 bucket: bucket63586 key: level0/level1/file1
	at org.apache.hadoop.ozone.om.KeyManagerImpl.getOzoneFileStatusFSO(KeyManagerImpl.java:1359) ~[ozone-manager-1.4.0-SNAPSHOT.jar:?]
	at org.apache.hadoop.ozone.om.KeyManagerImpl.getFileStatus(KeyManagerImpl.java:1143) ~[ozone-manager-1.4.0-SNAPSHOT.jar:?]
	at org.apache.hadoop.ozone.om.OmMetadataReader.getFileStatus(OmMetadataReader.java:279) ~[ozone-manager-1.4.0-SNAPSHOT.jar:?]
	at org.apache.hadoop.ozone.om.OzoneManager.getFileStatus(OzoneManager.java:3611) ~[ozone-manager-1.4.0-SNAPSHOT.jar:?]
	at org.apache.hadoop.ozone.protocolPB.OzoneManagerRequestHandler.getOzoneFileStatus(OzoneManagerRequestHandler.java:1005) ~[ozone-manager-1.4.0-SNAPSHOT.jar:?]
	at org.apache.hadoop.ozone.protocolPB.OzoneManagerRequestHandler.handleReadRequest(OzoneManagerRequestHandler.java:262) ~[ozone-manager-1.4.0-SNAPSHOT.jar:?]
	at org.apache.hadoop.ozone.protocolPB.OzoneManagerProtocolServerSideTranslatorPB.submitRequestDirectlyToOM(OzoneManagerProtocolServerSideTranslatorPB.java:290) ~[ozone-manager-1.4.0-SNAPSHOT.jar:?]
	at org.apache.hadoop.ozone.protocolPB.OzoneManagerProtocolServerSideTranslatorPB.processRequest(OzoneManagerProtocolServerSideTranslatorPB.java:182) ~[ozone-manager-1.4.0-SNAPSHOT.jar:?]
	at org.apache.hadoop.hdds.server.OzoneProtocolMessageDispatcher.processRequest(OzoneProtocolMessageDispatcher.java:89) [hdds-server-framework-1.4.0-SNAPSHOT.jar:?]
	at org.apache.hadoop.ozone.protocolPB.OzoneManagerProtocolServerSideTranslatorPB.submitRequest(OzoneManagerProtocolServerSideTranslatorPB.java:157) [ozone-manager-1.4.0-SNAPSHOT.jar:?]
	at org.apache.hadoop.ozone.protocol.proto.OzoneManagerProtocolProtos$OzoneManagerService$2.callBlockingMethod(OzoneManagerProtocolProtos.java) [ozone-interface-client-1.4.0-SNAPSHOT.jar:?]
	at org.apache.hadoop.ipc.ProtobufRpcEngine$Server.processCall(ProtobufRpcEngine.java:484) [hadoop-common-3.3.6.jar:?]
	at org.apache.hadoop.ipc.ProtobufRpcEngine2$Server$ProtoBufRpcInvoker.call(ProtobufRpcEngine2.java:595) [hadoop-common-3.3.6.jar:?]
	at org.apache.hadoop.ipc.ProtobufRpcEngine2$Server$ProtoBufRpcInvoker.call(ProtobufRpcEngine2.java:573) [hadoop-common-3.3.6.jar:?]
	at org.apache.hadoop.ipc.RPC$Server.call(RPC.java:1227) [hadoop-common-3.3.6.jar:?]
	at org.apache.hadoop.ipc.Server$RpcCall.run(Server.java:1094) [hadoop-common-3.3.6.jar:?]
	at org.apache.hadoop.ipc.Server$RpcCall.run(Server.java:1017) [hadoop-common-3.3.6.jar:?]
	at java.security.AccessController.doPrivileged(Native Method) ~[?:1.8.0_382]
	at javax.security.auth.Subject.doAs(Subject.java:422) [?:1.8.0_382]
	at org.apache.hadoop.security.UserGroupInformation.doAs(UserGroupInformation.java:1899) [hadoop-common-3.3.6.jar:?]
	at org.apache.hadoop.ipc.Server$Handler.run(Server.java:3048) [hadoop-common-3.3.6.jar:?]
16:43:33.440 [IPC Server handler 12 on default port 15057] ERROR OMAudit - user=runner | ip=127.0.0.1 | op=GET_FILE_STATUS {volume=volume80570, bucket=bucket63586, key=level0/level1/level1/file1, dataSize=0, replicationConfig=null} | ret=FAILURE
org.apache.hadoop.ozone.om.exceptions.OMException: Unable to get file status: volume: volume80570 bucket: bucket63586 key: level0/level1/level1/file1
	at org.apache.hadoop.ozone.om.KeyManagerImpl.getOzoneFileStatusFSO(KeyManagerImpl.java:1359) ~[ozone-manager-1.4.0-SNAPSHOT.jar:?]
	at org.apache.hadoop.ozone.om.KeyManagerImpl.getFileStatus(KeyManagerImpl.java:1143) ~[ozone-manager-1.4.0-SNAPSHOT.jar:?]
	at org.apache.hadoop.ozone.om.OmMetadataReader.getFileStatus(OmMetadataReader.java:279) ~[ozone-manager-1.4.0-SNAPSHOT.jar:?]
	at org.apache.hadoop.ozone.om.OzoneManager.getFileStatus(OzoneManager.java:3611) ~[ozone-manager-1.4.0-SNAPSHOT.jar:?]
	at org.apache.hadoop.ozone.protocolPB.OzoneManagerRequestHandler.getOzoneFileStatus(OzoneManagerRequestHandler.java:1005) ~[ozone-manager-1.4.0-SNAPSHOT.jar:?]
	at org.apache.hadoop.ozone.protocolPB.OzoneManagerRequestHandler.handleReadRequest(OzoneManagerRequestHandler.java:262) ~[ozone-manager-1.4.0-SNAPSHOT.jar:?]
	at org.apache.hadoop.ozone.protocolPB.OzoneManagerProtocolServerSideTranslatorPB.submitRequestDirectlyToOM(OzoneManagerProtocolServerSideTranslatorPB.java:290) ~[ozone-manager-1.4.0-SNAPSHOT.jar:?]
	at org.apache.hadoop.ozone.protocolPB.OzoneManagerProtocolServerSideTranslatorPB.processRequest(OzoneManagerProtocolServerSideTranslatorPB.java:182) ~[ozone-manager-1.4.0-SNAPSHOT.jar:?]
	at org.apache.hadoop.hdds.server.OzoneProtocolMessageDispatcher.processRequest(OzoneProtocolMessageDispatcher.java:89) [hdds-server-framework-1.4.0-SNAPSHOT.jar:?]
	at org.apache.hadoop.ozone.protocolPB.OzoneManagerProtocolServerSideTranslatorPB.submitRequest(OzoneManagerProtocolServerSideTranslatorPB.java:157) [ozone-manager-1.4.0-SNAPSHOT.jar:?]
	at org.apache.hadoop.ozone.protocol.proto.OzoneManagerProtocolProtos$OzoneManagerService$2.callBlockingMethod(OzoneManagerProtocolProtos.java) [ozone-interface-client-1.4.0-SNAPSHOT.jar:?]
	at org.apache.hadoop.ipc.ProtobufRpcEngine$Server.processCall(ProtobufRpcEngine.java:484) [hadoop-common-3.3.6.jar:?]
	at org.apache.hadoop.ipc.ProtobufRpcEngine2$Server$ProtoBufRpcInvoker.call(ProtobufRpcEngine2.java:595) [hadoop-common-3.3.6.jar:?]
	at org.apache.hadoop.ipc.ProtobufRpcEngine2$Server$ProtoBufRpcInvoker.call(ProtobufRpcEngine2.java:573) [hadoop-common-3.3.6.jar:?]
	at org.apache.hadoop.ipc.RPC$Server.call(RPC.java:1227) [hadoop-common-3.3.6.jar:?]
	at org.apache.hadoop.ipc.Server$RpcCall.run(Server.java:1094) [hadoop-common-3.3.6.jar:?]
	at org.apache.hadoop.ipc.Server$RpcCall.run(Server.java:1017) [hadoop-common-3.3.6.jar:?]
	at java.security.AccessController.doPrivileged(Native Method) ~[?:1.8.0_382]
	at javax.security.auth.Subject.doAs(Subject.java:422) [?:1.8.0_382]
	at org.apache.hadoop.security.UserGroupInformation.doAs(UserGroupInformation.java:1899) [hadoop-common-3.3.6.jar:?]
	at org.apache.hadoop.ipc.Server$Handler.run(Server.java:3048) [hadoop-common-3.3.6.jar:?]
16:43:33.442 [IPC Server handler 7 on default port 15057] ERROR OMAudit - user=runner | ip=127.0.0.1 | op=GET_FILE_STATUS {volume=volume80570, bucket=bucket63586, key=level0/level2, dataSize=0, replicationConfig=null} | ret=FAILURE
org.apache.hadoop.ozone.om.exceptions.OMException: Unable to get file status: volume: volume80570 bucket: bucket63586 key: level0/level2
	at org.apache.hadoop.ozone.om.KeyManagerImpl.getOzoneFileStatusFSO(KeyManagerImpl.java:1359) ~[ozone-manager-1.4.0-SNAPSHOT.jar:?]
	at org.apache.hadoop.ozone.om.KeyManagerImpl.getFileStatus(KeyManagerImpl.java:1143) ~[ozone-manager-1.4.0-SNAPSHOT.jar:?]
	at org.apache.hadoop.ozone.om.OmMetadataReader.getFileStatus(OmMetadataReader.java:279) ~[ozone-manager-1.4.0-SNAPSHOT.jar:?]
	at org.apache.hadoop.ozone.om.OzoneManager.getFileStatus(OzoneManager.java:3611) ~[ozone-manager-1.4.0-SNAPSHOT.jar:?]
	at org.apache.hadoop.ozone.protocolPB.OzoneManagerRequestHandler.getOzoneFileStatus(OzoneManagerRequestHandler.java:1005) ~[ozone-manager-1.4.0-SNAPSHOT.jar:?]
	at org.apache.hadoop.ozone.protocolPB.OzoneManagerRequestHandler.handleReadRequest(OzoneManagerRequestHandler.java:262) ~[ozone-manager-1.4.0-SNAPSHOT.jar:?]
	at org.apache.hadoop.ozone.protocolPB.OzoneManagerProtocolServerSideTranslatorPB.submitRequestDirectlyToOM(OzoneManagerProtocolServerSideTranslatorPB.java:290) ~[ozone-manager-1.4.0-SNAPSHOT.jar:?]
	at org.apache.hadoop.ozone.protocolPB.OzoneManagerProtocolServerSideTranslatorPB.processRequest(OzoneManagerProtocolServerSideTranslatorPB.java:182) ~[ozone-manager-1.4.0-SNAPSHOT.jar:?]
	at org.apache.hadoop.hdds.server.OzoneProtocolMessageDispatcher.processRequest(OzoneProtocolMessageDispatcher.java:89) [hdds-server-framework-1.4.0-SNAPSHOT.jar:?]
	at org.apache.hadoop.ozone.protocolPB.OzoneManagerProtocolServerSideTranslatorPB.submitRequest(OzoneManagerProtocolServerSideTranslatorPB.java:157) [ozone-manager-1.4.0-SNAPSHOT.jar:?]
	at org.apache.hadoop.ozone.protocol.proto.OzoneManagerProtocolProtos$OzoneManagerService$2.callBlockingMethod(OzoneManagerProtocolProtos.java) [ozone-interface-client-1.4.0-SNAPSHOT.jar:?]
	at org.apache.hadoop.ipc.ProtobufRpcEngine$Server.processCall(ProtobufRpcEngine.java:484) [hadoop-common-3.3.6.jar:?]
	at org.apache.hadoop.ipc.ProtobufRpcEngine2$Server$ProtoBufRpcInvoker.call(ProtobufRpcEngine2.java:595) [hadoop-common-3.3.6.jar:?]
	at org.apache.hadoop.ipc.ProtobufRpcEngine2$Server$ProtoBufRpcInvoker.call(ProtobufRpcEngine2.java:573) [hadoop-common-3.3.6.jar:?]
	at org.apache.hadoop.ipc.RPC$Server.call(RPC.java:1227) [hadoop-common-3.3.6.jar:?]
	at org.apache.hadoop.ipc.Server$RpcCall.run(Server.java:1094) [hadoop-common-3.3.6.jar:?]
	at org.apache.hadoop.ipc.Server$RpcCall.run(Server.java:1017) [hadoop-common-3.3.6.jar:?]
	at java.security.AccessController.doPrivileged(Native Method) ~[?:1.8.0_382]
	at javax.security.auth.Subject.doAs(Subject.java:422) [?:1.8.0_382]
	at org.apache.hadoop.security.UserGroupInformation.doAs(UserGroupInformation.java:1899) [hadoop-common-3.3.6.jar:?]
	at org.apache.hadoop.ipc.Server$Handler.run(Server.java:3048) [hadoop-common-3.3.6.jar:?]
16:43:33.443 [IPC Server handler 14 on default port 15057] ERROR OMAudit - user=runner | ip=127.0.0.1 | op=GET_FILE_STATUS {volume=volume80570, bucket=bucket63586, key=level0/level2/level2, dataSize=0, replicationConfig=null} | ret=FAILURE
org.apache.hadoop.ozone.om.exceptions.OMException: Unable to get file status: volume: volume80570 bucket: bucket63586 key: level0/level2/level2
	at org.apache.hadoop.ozone.om.KeyManagerImpl.getOzoneFileStatusFSO(KeyManagerImpl.java:1359) ~[ozone-manager-1.4.0-SNAPSHOT.jar:?]
	at org.apache.hadoop.ozone.om.KeyManagerImpl.getFileStatus(KeyManagerImpl.java:1143) ~[ozone-manager-1.4.0-SNAPSHOT.jar:?]
	at org.apache.hadoop.ozone.om.OmMetadataReader.getFileStatus(OmMetadataReader.java:279) ~[ozone-manager-1.4.0-SNAPSHOT.jar:?]
	at org.apache.hadoop.ozone.om.OzoneManager.getFileStatus(OzoneManager.java:3611) ~[ozone-manager-1.4.0-SNAPSHOT.jar:?]
	at org.apache.hadoop.ozone.protocolPB.OzoneManagerRequestHandler.getOzoneFileStatus(OzoneManagerRequestHandler.java:1005) ~[ozone-manager-1.4.0-SNAPSHOT.jar:?]
	at org.apache.hadoop.ozone.protocolPB.OzoneManagerRequestHandler.handleReadRequest(OzoneManagerRequestHandler.java:262) ~[ozone-manager-1.4.0-SNAPSHOT.jar:?]
	at org.apache.hadoop.ozone.protocolPB.OzoneManagerProtocolServerSideTranslatorPB.submitRequestDirectlyToOM(OzoneManagerProtocolServerSideTranslatorPB.java:290) ~[ozone-manager-1.4.0-SNAPSHOT.jar:?]
	at org.apache.hadoop.ozone.protocolPB.OzoneManagerProtocolServerSideTranslatorPB.processRequest(OzoneManagerProtocolServerSideTranslatorPB.java:182) ~[ozone-manager-1.4.0-SNAPSHOT.jar:?]
	at org.apache.hadoop.hdds.server.OzoneProtocolMessageDispatcher.processRequest(OzoneProtocolMessageDispatcher.java:89) [hdds-server-framework-1.4.0-SNAPSHOT.jar:?]
	at org.apache.hadoop.ozone.protocolPB.OzoneManagerProtocolServerSideTranslatorPB.submitRequest(OzoneManagerProtocolServerSideTranslatorPB.java:157) [ozone-manager-1.4.0-SNAPSHOT.jar:?]
	at org.apache.hadoop.ozone.protocol.proto.OzoneManagerProtocolProtos$OzoneManagerService$2.callBlockingMethod(OzoneManagerProtocolProtos.java) [ozone-interface-client-1.4.0-SNAPSHOT.jar:?]
	at org.apache.hadoop.ipc.ProtobufRpcEngine$Server.processCall(ProtobufRpcEngine.java:484) [hadoop-common-3.3.6.jar:?]
	at org.apache.hadoop.ipc.ProtobufRpcEngine2$Server$ProtoBufRpcInvoker.call(ProtobufRpcEngine2.java:595) [hadoop-common-3.3.6.jar:?]
	at org.apache.hadoop.ipc.ProtobufRpcEngine2$Server$ProtoBufRpcInvoker.call(ProtobufRpcEngine2.java:573) [hadoop-common-3.3.6.jar:?]
	at org.apache.hadoop.ipc.RPC$Server.call(RPC.java:1227) [hadoop-common-3.3.6.jar:?]
	at org.apache.hadoop.ipc.Server$RpcCall.run(Server.java:1094) [hadoop-common-3.3.6.jar:?]
	at org.apache.hadoop.ipc.Server$RpcCall.run(Server.java:1017) [hadoop-common-3.3.6.jar:?]
	at java.security.AccessController.doPrivileged(Native Method) ~[?:1.8.0_382]
	at javax.security.auth.Subject.doAs(Subject.java:422) [?:1.8.0_382]
	at org.apache.hadoop.security.UserGroupInformation.doAs(UserGroupInformation.java:1899) [hadoop-common-3.3.6.jar:?]
	at org.apache.hadoop.ipc.Server$Handler.run(Server.java:3048) [hadoop-common-3.3.6.jar:?]
16:43:33.446 [IPC Server handler 15 on default port 15057] ERROR OMAudit - user=runner | ip=127.0.0.1 | op=GET_FILE_STATUS {volume=volume80570, bucket=bucket63586, key=level0/level2/file1, dataSize=0, replicationConfig=null} | ret=FAILURE
org.apache.hadoop.ozone.om.exceptions.OMException: Unable to get file status: volume: volume80570 bucket: bucket63586 key: level0/level2/file1
	at org.apache.hadoop.ozone.om.KeyManagerImpl.getOzoneFileStatusFSO(KeyManagerImpl.java:1359) ~[ozone-manager-1.4.0-SNAPSHOT.jar:?]
	at org.apache.hadoop.ozone.om.KeyManagerImpl.getFileStatus(KeyManagerImpl.java:1143) ~[ozone-manager-1.4.0-SNAPSHOT.jar:?]
	at org.apache.hadoop.ozone.om.OmMetadataReader.getFileStatus(OmMetadataReader.java:279) ~[ozone-manager-1.4.0-SNAPSHOT.jar:?]
	at org.apache.hadoop.ozone.om.OzoneManager.getFileStatus(OzoneManager.java:3611) ~[ozone-manager-1.4.0-SNAPSHOT.jar:?]
	at org.apache.hadoop.ozone.protocolPB.OzoneManagerRequestHandler.getOzoneFileStatus(OzoneManagerRequestHandler.java:1005) ~[ozone-manager-1.4.0-SNAPSHOT.jar:?]
	at org.apache.hadoop.ozone.protocolPB.OzoneManagerRequestHandler.handleReadRequest(OzoneManagerRequestHandler.java:262) ~[ozone-manager-1.4.0-SNAPSHOT.jar:?]
	at org.apache.hadoop.ozone.protocolPB.OzoneManagerProtocolServerSideTranslatorPB.submitRequestDirectlyToOM(OzoneManagerProtocolServerSideTranslatorPB.java:290) ~[ozone-manager-1.4.0-SNAPSHOT.jar:?]
	at org.apache.hadoop.ozone.protocolPB.OzoneManagerProtocolServerSideTranslatorPB.processRequest(OzoneManagerProtocolServerSideTranslatorPB.java:182) ~[ozone-manager-1.4.0-SNAPSHOT.jar:?]
	at org.apache.hadoop.hdds.server.OzoneProtocolMessageDispatcher.processRequest(OzoneProtocolMessageDispatcher.java:89) [hdds-server-framework-1.4.0-SNAPSHOT.jar:?]
	at org.apache.hadoop.ozone.protocolPB.OzoneManagerProtocolServerSideTranslatorPB.submitRequest(OzoneManagerProtocolServerSideTranslatorPB.java:157) [ozone-manager-1.4.0-SNAPSHOT.jar:?]
	at org.apache.hadoop.ozone.protocol.proto.OzoneManagerProtocolProtos$OzoneManagerService$2.callBlockingMethod(OzoneManagerProtocolProtos.java) [ozone-interface-client-1.4.0-SNAPSHOT.jar:?]
	at org.apache.hadoop.ipc.ProtobufRpcEngine$Server.processCall(ProtobufRpcEngine.java:484) [hadoop-common-3.3.6.jar:?]
	at org.apache.hadoop.ipc.ProtobufRpcEngine2$Server$ProtoBufRpcInvoker.call(ProtobufRpcEngine2.java:595) [hadoop-common-3.3.6.jar:?]
	at org.apache.hadoop.ipc.ProtobufRpcEngine2$Server$ProtoBufRpcInvoker.call(ProtobufRpcEngine2.java:573) [hadoop-common-3.3.6.jar:?]
	at org.apache.hadoop.ipc.RPC$Server.call(RPC.java:1227) [hadoop-common-3.3.6.jar:?]
	at org.apache.hadoop.ipc.Server$RpcCall.run(Server.java:1094) [hadoop-common-3.3.6.jar:?]
	at org.apache.hadoop.ipc.Server$RpcCall.run(Server.java:1017) [hadoop-common-3.3.6.jar:?]
	at java.security.AccessController.doPrivileged(Native Method) ~[?:1.8.0_382]
	at javax.security.auth.Subject.doAs(Subject.java:422) [?:1.8.0_382]
	at org.apache.hadoop.security.UserGroupInformation.doAs(UserGroupInformation.java:1899) [hadoop-common-3.3.6.jar:?]
	at org.apache.hadoop.ipc.Server$Handler.run(Server.java:3048) [hadoop-common-3.3.6.jar:?]
16:43:33.448 [IPC Server handler 16 on default port 15057] ERROR OMAudit - user=runner | ip=127.0.0.1 | op=GET_FILE_STATUS {volume=volume80570, bucket=bucket63586, key=level0/level2/level2/file1, dataSize=0, replicationConfig=null} | ret=FAILURE
org.apache.hadoop.ozone.om.exceptions.OMException: Unable to get file status: volume: volume80570 bucket: bucket63586 key: level0/level2/level2/file1
	at org.apache.hadoop.ozone.om.KeyManagerImpl.getOzoneFileStatusFSO(KeyManagerImpl.java:1359) ~[ozone-manager-1.4.0-SNAPSHOT.jar:?]
	at org.apache.hadoop.ozone.om.KeyManagerImpl.getFileStatus(KeyManagerImpl.java:1143) ~[ozone-manager-1.4.0-SNAPSHOT.jar:?]
	at org.apache.hadoop.ozone.om.OmMetadataReader.getFileStatus(OmMetadataReader.java:279) ~[ozone-manager-1.4.0-SNAPSHOT.jar:?]
	at org.apache.hadoop.ozone.om.OzoneManager.getFileStatus(OzoneManager.java:3611) ~[ozone-manager-1.4.0-SNAPSHOT.jar:?]
	at org.apache.hadoop.ozone.protocolPB.OzoneManagerRequestHandler.getOzoneFileStatus(OzoneManagerRequestHandler.java:1005) ~[ozone-manager-1.4.0-SNAPSHOT.jar:?]
	at org.apache.hadoop.ozone.protocolPB.OzoneManagerRequestHandler.handleReadRequest(OzoneManagerRequestHandler.java:262) ~[ozone-manager-1.4.0-SNAPSHOT.jar:?]
	at org.apache.hadoop.ozone.protocolPB.OzoneManagerProtocolServerSideTranslatorPB.submitRequestDirectlyToOM(OzoneManagerProtocolServerSideTranslatorPB.java:290) ~[ozone-manager-1.4.0-SNAPSHOT.jar:?]
	at org.apache.hadoop.ozone.protocolPB.OzoneManagerProtocolServerSideTranslatorPB.processRequest(OzoneManagerProtocolServerSideTranslatorPB.java:182) ~[ozone-manager-1.4.0-SNAPSHOT.jar:?]
	at org.apache.hadoop.hdds.server.OzoneProtocolMessageDispatcher.processRequest(OzoneProtocolMessageDispatcher.java:89) [hdds-server-framework-1.4.0-SNAPSHOT.jar:?]
	at org.apache.hadoop.ozone.protocolPB.OzoneManagerProtocolServerSideTranslatorPB.submitRequest(OzoneManagerProtocolServerSideTranslatorPB.java:157) [ozone-manager-1.4.0-SNAPSHOT.jar:?]
	at org.apache.hadoop.ozone.protocol.proto.OzoneManagerProtocolProtos$OzoneManagerService$2.callBlockingMethod(OzoneManagerProtocolProtos.java) [ozone-interface-client-1.4.0-SNAPSHOT.jar:?]
	at org.apache.hadoop.ipc.ProtobufRpcEngine$Server.processCall(ProtobufRpcEngine.java:484) [hadoop-common-3.3.6.jar:?]
	at org.apache.hadoop.ipc.ProtobufRpcEngine2$Server$ProtoBufRpcInvoker.call(ProtobufRpcEngine2.java:595) [hadoop-common-3.3.6.jar:?]
	at org.apache.hadoop.ipc.ProtobufRpcEngine2$Server$ProtoBufRpcInvoker.call(ProtobufRpcEngine2.java:573) [hadoop-common-3.3.6.jar:?]
	at org.apache.hadoop.ipc.RPC$Server.call(RPC.java:1227) [hadoop-common-3.3.6.jar:?]
	at org.apache.hadoop.ipc.Server$RpcCall.run(Server.java:1094) [hadoop-common-3.3.6.jar:?]
	at org.apache.hadoop.ipc.Server$RpcCall.run(Server.java:1017) [hadoop-common-3.3.6.jar:?]
	at java.security.AccessController.doPrivileged(Native Method) ~[?:1.8.0_382]
	at javax.security.auth.Subject.doAs(Subject.java:422) [?:1.8.0_382]
	at org.apache.hadoop.security.UserGroupInformation.doAs(UserGroupInformation.java:1899) [hadoop-common-3.3.6.jar:?]
	at org.apache.hadoop.ipc.Server$Handler.run(Server.java:3048) [hadoop-common-3.3.6.jar:?]
16:43:33.449 [IPC Server handler 17 on default port 15057] ERROR OMAudit - user=runner | ip=127.0.0.1 | op=GET_FILE_STATUS {volume=volume80570, bucket=bucket63586, key=level0/level3, dataSize=0, replicationConfig=null} | ret=FAILURE
org.apache.hadoop.ozone.om.exceptions.OMException: Unable to get file status: volume: volume80570 bucket: bucket63586 key: level0/level3
	at org.apache.hadoop.ozone.om.KeyManagerImpl.getOzoneFileStatusFSO(KeyManagerImpl.java:1359) ~[ozone-manager-1.4.0-SNAPSHOT.jar:?]
	at org.apache.hadoop.ozone.om.KeyManagerImpl.getFileStatus(KeyManagerImpl.java:1143) ~[ozone-manager-1.4.0-SNAPSHOT.jar:?]
	at org.apache.hadoop.ozone.om.OmMetadataReader.getFileStatus(OmMetadataReader.java:279) ~[ozone-manager-1.4.0-SNAPSHOT.jar:?]
	at org.apache.hadoop.ozone.om.OzoneManager.getFileStatus(OzoneManager.java:3611) ~[ozone-manager-1.4.0-SNAPSHOT.jar:?]
	at org.apache.hadoop.ozone.protocolPB.OzoneManagerRequestHandler.getOzoneFileStatus(OzoneManagerRequestHandler.java:1005) ~[ozone-manager-1.4.0-SNAPSHOT.jar:?]
	at org.apache.hadoop.ozone.protocolPB.OzoneManagerRequestHandler.handleReadRequest(OzoneManagerRequestHandler.java:262) ~[ozone-manager-1.4.0-SNAPSHOT.jar:?]
	at org.apache.hadoop.ozone.protocolPB.OzoneManagerProtocolServerSideTranslatorPB.submitRequestDirectlyToOM(OzoneManagerProtocolServerSideTranslatorPB.java:290) ~[ozone-manager-1.4.0-SNAPSHOT.jar:?]
	at org.apache.hadoop.ozone.protocolPB.OzoneManagerProtocolServerSideTranslatorPB.processRequest(OzoneManagerProtocolServerSideTranslatorPB.java:182) ~[ozone-manager-1.4.0-SNAPSHOT.jar:?]
	at org.apache.hadoop.hdds.server.OzoneProtocolMessageDispatcher.processRequest(OzoneProtocolMessageDispatcher.java:89) [hdds-server-framework-1.4.0-SNAPSHOT.jar:?]
	at org.apache.hadoop.ozone.protocolPB.OzoneManagerProtocolServerSideTranslatorPB.submitRequest(OzoneManagerProtocolServerSideTranslatorPB.java:157) [ozone-manager-1.4.0-SNAPSHOT.jar:?]
	at org.apache.hadoop.ozone.protocol.proto.OzoneManagerProtocolProtos$OzoneManagerService$2.callBlockingMethod(OzoneManagerProtocolProtos.java) [ozone-interface-client-1.4.0-SNAPSHOT.jar:?]
	at org.apache.hadoop.ipc.ProtobufRpcEngine$Server.processCall(ProtobufRpcEngine.java:484) [hadoop-common-3.3.6.jar:?]
	at org.apache.hadoop.ipc.ProtobufRpcEngine2$Server$ProtoBufRpcInvoker.call(ProtobufRpcEngine2.java:595) [hadoop-common-3.3.6.jar:?]
	at org.apache.hadoop.ipc.ProtobufRpcEngine2$Server$ProtoBufRpcInvoker.call(ProtobufRpcEngine2.java:573) [hadoop-common-3.3.6.jar:?]
	at org.apache.hadoop.ipc.RPC$Server.call(RPC.java:1227) [hadoop-common-3.3.6.jar:?]
	at org.apache.hadoop.ipc.Server$RpcCall.run(Server.java:1094) [hadoop-common-3.3.6.jar:?]
	at org.apache.hadoop.ipc.Server$RpcCall.run(Server.java:1017) [hadoop-common-3.3.6.jar:?]
	at java.security.AccessController.doPrivileged(Native Method) ~[?:1.8.0_382]
	at javax.security.auth.Subject.doAs(Subject.java:422) [?:1.8.0_382]
	at org.apache.hadoop.security.UserGroupInformation.doAs(UserGroupInformation.java:1899) [hadoop-common-3.3.6.jar:?]
	at org.apache.hadoop.ipc.Server$Handler.run(Server.java:3048) [hadoop-common-3.3.6.jar:?]
16:43:33.451 [IPC Server handler 19 on default port 15057] ERROR OMAudit - user=runner | ip=127.0.0.1 | op=GET_FILE_STATUS {volume=volume80570, bucket=bucket63586, key=level0/level3/level3, dataSize=0, replicationConfig=null} | ret=FAILURE
org.apache.hadoop.ozone.om.exceptions.OMException: Unable to get file status: volume: volume80570 bucket: bucket63586 key: level0/level3/level3
	at org.apache.hadoop.ozone.om.KeyManagerImpl.getOzoneFileStatusFSO(KeyManagerImpl.java:1359) ~[ozone-manager-1.4.0-SNAPSHOT.jar:?]
	at org.apache.hadoop.ozone.om.KeyManagerImpl.getFileStatus(KeyManagerImpl.java:1143) ~[ozone-manager-1.4.0-SNAPSHOT.jar:?]
	at org.apache.hadoop.ozone.om.OmMetadataReader.getFileStatus(OmMetadataReader.java:279) ~[ozone-manager-1.4.0-SNAPSHOT.jar:?]
	at org.apache.hadoop.ozone.om.OzoneManager.getFileStatus(OzoneManager.java:3611) ~[ozone-manager-1.4.0-SNAPSHOT.jar:?]
	at org.apache.hadoop.ozone.protocolPB.OzoneManagerRequestHandler.getOzoneFileStatus(OzoneManagerRequestHandler.java:1005) ~[ozone-manager-1.4.0-SNAPSHOT.jar:?]
	at org.apache.hadoop.ozone.protocolPB.OzoneManagerRequestHandler.handleReadRequest(OzoneManagerRequestHandler.java:262) ~[ozone-manager-1.4.0-SNAPSHOT.jar:?]
	at org.apache.hadoop.ozone.protocolPB.OzoneManagerProtocolServerSideTranslatorPB.submitRequestDirectlyToOM(OzoneManagerProtocolServerSideTranslatorPB.java:290) ~[ozone-manager-1.4.0-SNAPSHOT.jar:?]
	at org.apache.hadoop.ozone.protocolPB.OzoneManagerProtocolServerSideTranslatorPB.processRequest(OzoneManagerProtocolServerSideTranslatorPB.java:182) ~[ozone-manager-1.4.0-SNAPSHOT.jar:?]
	at org.apache.hadoop.hdds.server.OzoneProtocolMessageDispatcher.processRequest(OzoneProtocolMessageDispatcher.java:89) [hdds-server-framework-1.4.0-SNAPSHOT.jar:?]
	at org.apache.hadoop.ozone.protocolPB.OzoneManagerProtocolServerSideTranslatorPB.submitRequest(OzoneManagerProtocolServerSideTranslatorPB.java:157) [ozone-manager-1.4.0-SNAPSHOT.jar:?]
	at org.apache.hadoop.ozone.protocol.proto.OzoneManagerProtocolProtos$OzoneManagerService$2.callBlockingMethod(OzoneManagerProtocolProtos.java) [ozone-interface-client-1.4.0-SNAPSHOT.jar:?]
	at org.apache.hadoop.ipc.ProtobufRpcEngine$Server.processCall(ProtobufRpcEngine.java:484) [hadoop-common-3.3.6.jar:?]
	at org.apache.hadoop.ipc.ProtobufRpcEngine2$Server$ProtoBufRpcInvoker.call(ProtobufRpcEngine2.java:595) [hadoop-common-3.3.6.jar:?]
	at org.apache.hadoop.ipc.ProtobufRpcEngine2$Server$ProtoBufRpcInvoker.call(ProtobufRpcEngine2.java:573) [hadoop-common-3.3.6.jar:?]
	at org.apache.hadoop.ipc.RPC$Server.call(RPC.java:1227) [hadoop-common-3.3.6.jar:?]
	at org.apache.hadoop.ipc.Server$RpcCall.run(Server.java:1094) [hadoop-common-3.3.6.jar:?]
	at org.apache.hadoop.ipc.Server$RpcCall.run(Server.java:1017) [hadoop-common-3.3.6.jar:?]
	at java.security.AccessController.doPrivileged(Native Method) ~[?:1.8.0_382]
	at javax.security.auth.Subject.doAs(Subject.java:422) [?:1.8.0_382]
	at org.apache.hadoop.security.UserGroupInformation.doAs(UserGroupInformation.java:1899) [hadoop-common-3.3.6.jar:?]
	at org.apache.hadoop.ipc.Server$Handler.run(Server.java:3048) [hadoop-common-3.3.6.jar:?]
16:43:33.452 [IPC Server handler 0 on default port 15057] ERROR OMAudit - user=runner | ip=127.0.0.1 | op=GET_FILE_STATUS {volume=volume80570, bucket=bucket63586, key=level0/level3/file1, dataSize=0, replicationConfig=null} | ret=FAILURE
org.apache.hadoop.ozone.om.exceptions.OMException: Unable to get file status: volume: volume80570 bucket: bucket63586 key: level0/level3/file1
	at org.apache.hadoop.ozone.om.KeyManagerImpl.getOzoneFileStatusFSO(KeyManagerImpl.java:1359) ~[ozone-manager-1.4.0-SNAPSHOT.jar:?]
	at org.apache.hadoop.ozone.om.KeyManagerImpl.getFileStatus(KeyManagerImpl.java:1143) ~[ozone-manager-1.4.0-SNAPSHOT.jar:?]
	at org.apache.hadoop.ozone.om.OmMetadataReader.getFileStatus(OmMetadataReader.java:279) ~[ozone-manager-1.4.0-SNAPSHOT.jar:?]
	at org.apache.hadoop.ozone.om.OzoneManager.getFileStatus(OzoneManager.java:3611) ~[ozone-manager-1.4.0-SNAPSHOT.jar:?]
	at org.apache.hadoop.ozone.protocolPB.OzoneManagerRequestHandler.getOzoneFileStatus(OzoneManagerRequestHandler.java:1005) ~[ozone-manager-1.4.0-SNAPSHOT.jar:?]
	at org.apache.hadoop.ozone.protocolPB.OzoneManagerRequestHandler.handleReadRequest(OzoneManagerRequestHandler.java:262) ~[ozone-manager-1.4.0-SNAPSHOT.jar:?]
	at org.apache.hadoop.ozone.protocolPB.OzoneManagerProtocolServerSideTranslatorPB.submitRequestDirectlyToOM(OzoneManagerProtocolServerSideTranslatorPB.java:290) ~[ozone-manager-1.4.0-SNAPSHOT.jar:?]
	at org.apache.hadoop.ozone.protocolPB.OzoneManagerProtocolServerSideTranslatorPB.processRequest(OzoneManagerProtocolServerSideTranslatorPB.java:182) ~[ozone-manager-1.4.0-SNAPSHOT.jar:?]
	at org.apache.hadoop.hdds.server.OzoneProtocolMessageDispatcher.processRequest(OzoneProtocolMessageDispatcher.java:89) [hdds-server-framework-1.4.0-SNAPSHOT.jar:?]
	at org.apache.hadoop.ozone.protocolPB.OzoneManagerProtocolServerSideTranslatorPB.submitRequest(OzoneManagerProtocolServerSideTranslatorPB.java:157) [ozone-manager-1.4.0-SNAPSHOT.jar:?]
	at org.apache.hadoop.ozone.protocol.proto.OzoneManagerProtocolProtos$OzoneManagerService$2.callBlockingMethod(OzoneManagerProtocolProtos.java) [ozone-interface-client-1.4.0-SNAPSHOT.jar:?]
	at org.apache.hadoop.ipc.ProtobufRpcEngine$Server.processCall(ProtobufRpcEngine.java:484) [hadoop-common-3.3.6.jar:?]
	at org.apache.hadoop.ipc.ProtobufRpcEngine2$Server$ProtoBufRpcInvoker.call(ProtobufRpcEngine2.java:595) [hadoop-common-3.3.6.jar:?]
	at org.apache.hadoop.ipc.ProtobufRpcEngine2$Server$ProtoBufRpcInvoker.call(ProtobufRpcEngine2.java:573) [hadoop-common-3.3.6.jar:?]
	at org.apache.hadoop.ipc.RPC$Server.call(RPC.java:1227) [hadoop-common-3.3.6.jar:?]
	at org.apache.hadoop.ipc.Server$RpcCall.run(Server.java:1094) [hadoop-common-3.3.6.jar:?]
	at org.apache.hadoop.ipc.Server$RpcCall.run(Server.java:1017) [hadoop-common-3.3.6.jar:?]
	at java.security.AccessController.doPrivileged(Native Method) ~[?:1.8.0_382]
	at javax.security.auth.Subject.doAs(Subject.java:422) [?:1.8.0_382]
	at org.apache.hadoop.security.UserGroupInformation.doAs(UserGroupInformation.java:1899) [hadoop-common-3.3.6.jar:?]
	at org.apache.hadoop.ipc.Server$Handler.run(Server.java:3048) [hadoop-common-3.3.6.jar:?]
16:43:33.454 [IPC Server handler 1 on default port 15057] ERROR OMAudit - user=runner | ip=127.0.0.1 | op=GET_FILE_STATUS {volume=volume80570, bucket=bucket63586, key=level0/level3/level3/file1, dataSize=0, replicationConfig=null} | ret=FAILURE
org.apache.hadoop.ozone.om.exceptions.OMException: Unable to get file status: volume: volume80570 bucket: bucket63586 key: level0/level3/level3/file1
	at org.apache.hadoop.ozone.om.KeyManagerImpl.getOzoneFileStatusFSO(KeyManagerImpl.java:1359) ~[ozone-manager-1.4.0-SNAPSHOT.jar:?]
	at org.apache.hadoop.ozone.om.KeyManagerImpl.getFileStatus(KeyManagerImpl.java:1143) ~[ozone-manager-1.4.0-SNAPSHOT.jar:?]
	at org.apache.hadoop.ozone.om.OmMetadataReader.getFileStatus(OmMetadataReader.java:279) ~[ozone-manager-1.4.0-SNAPSHOT.jar:?]
	at org.apache.hadoop.ozone.om.OzoneManager.getFileStatus(OzoneManager.java:3611) ~[ozone-manager-1.4.0-SNAPSHOT.jar:?]
	at org.apache.hadoop.ozone.protocolPB.OzoneManagerRequestHandler.getOzoneFileStatus(OzoneManagerRequestHandler.java:1005) ~[ozone-manager-1.4.0-SNAPSHOT.jar:?]
	at org.apache.hadoop.ozone.protocolPB.OzoneManagerRequestHandler.handleReadRequest(OzoneManagerRequestHandler.java:262) ~[ozone-manager-1.4.0-SNAPSHOT.jar:?]
	at org.apache.hadoop.ozone.protocolPB.OzoneManagerProtocolServerSideTranslatorPB.submitRequestDirectlyToOM(OzoneManagerProtocolServerSideTranslatorPB.java:290) ~[ozone-manager-1.4.0-SNAPSHOT.jar:?]
	at org.apache.hadoop.ozone.protocolPB.OzoneManagerProtocolServerSideTranslatorPB.processRequest(OzoneManagerProtocolServerSideTranslatorPB.java:182) ~[ozone-manager-1.4.0-SNAPSHOT.jar:?]
	at org.apache.hadoop.hdds.server.OzoneProtocolMessageDispatcher.processRequest(OzoneProtocolMessageDispatcher.java:89) [hdds-server-framework-1.4.0-SNAPSHOT.jar:?]
	at org.apache.hadoop.ozone.protocolPB.OzoneManagerProtocolServerSideTranslatorPB.submitRequest(OzoneManagerProtocolServerSideTranslatorPB.java:157) [ozone-manager-1.4.0-SNAPSHOT.jar:?]
	at org.apache.hadoop.ozone.protocol.proto.OzoneManagerProtocolProtos$OzoneManagerService$2.callBlockingMethod(OzoneManagerProtocolProtos.java) [ozone-interface-client-1.4.0-SNAPSHOT.jar:?]
	at org.apache.hadoop.ipc.ProtobufRpcEngine$Server.processCall(ProtobufRpcEngine.java:484) [hadoop-common-3.3.6.jar:?]
	at org.apache.hadoop.ipc.ProtobufRpcEngine2$Server$ProtoBufRpcInvoker.call(ProtobufRpcEngine2.java:595) [hadoop-common-3.3.6.jar:?]
	at org.apache.hadoop.ipc.ProtobufRpcEngine2$Server$ProtoBufRpcInvoker.call(ProtobufRpcEngine2.java:573) [hadoop-common-3.3.6.jar:?]
	at org.apache.hadoop.ipc.RPC$Server.call(RPC.java:1227) [hadoop-common-3.3.6.jar:?]
	at org.apache.hadoop.ipc.Server$RpcCall.run(Server.java:1094) [hadoop-common-3.3.6.jar:?]
	at org.apache.hadoop.ipc.Server$RpcCall.run(Server.java:1017) [hadoop-common-3.3.6.jar:?]
	at java.security.AccessController.doPrivileged(Native Method) ~[?:1.8.0_382]
	at javax.security.auth.Subject.doAs(Subject.java:422) [?:1.8.0_382]
	at org.apache.hadoop.security.UserGroupInformation.doAs(UserGroupInformation.java:1899) [hadoop-common-3.3.6.jar:?]
	at org.apache.hadoop.ipc.Server$Handler.run(Server.java:3048) [hadoop-common-3.3.6.jar:?]
]]></system-out>
  </testcase>
  <testcase name="testGetTrashRoots" classname="TestOzoneFileSystemWithFSO" time="0.076">
    <system-out><![CDATA[16:42:59.365 [IPC Server handler 14 on default port 15004] ERROR OMAudit - user=runner | ip=127.0.0.1 | op=GET_FILE_STATUS {volume=volume13981, bucket=bucket57402, key=.Trash/runner, dataSize=0, replicationConfig=null} | ret=FAILURE
org.apache.hadoop.ozone.om.exceptions.OMException: Unable to get file status: volume: volume13981 bucket: bucket57402 key: .Trash/runner
	at org.apache.hadoop.ozone.om.KeyManagerImpl.getOzoneFileStatusFSO(KeyManagerImpl.java:1359) ~[ozone-manager-1.4.0-SNAPSHOT.jar:?]
	at org.apache.hadoop.ozone.om.KeyManagerImpl.getFileStatus(KeyManagerImpl.java:1143) ~[ozone-manager-1.4.0-SNAPSHOT.jar:?]
	at org.apache.hadoop.ozone.om.OmMetadataReader.getFileStatus(OmMetadataReader.java:279) ~[ozone-manager-1.4.0-SNAPSHOT.jar:?]
	at org.apache.hadoop.ozone.om.OzoneManager.getFileStatus(OzoneManager.java:3611) ~[ozone-manager-1.4.0-SNAPSHOT.jar:?]
	at org.apache.hadoop.ozone.protocolPB.OzoneManagerRequestHandler.getOzoneFileStatus(OzoneManagerRequestHandler.java:1005) ~[ozone-manager-1.4.0-SNAPSHOT.jar:?]
	at org.apache.hadoop.ozone.protocolPB.OzoneManagerRequestHandler.handleReadRequest(OzoneManagerRequestHandler.java:262) ~[ozone-manager-1.4.0-SNAPSHOT.jar:?]
	at org.apache.hadoop.ozone.protocolPB.OzoneManagerProtocolServerSideTranslatorPB.submitReadRequestToOM(OzoneManagerProtocolServerSideTranslatorPB.java:241) ~[ozone-manager-1.4.0-SNAPSHOT.jar:?]
	at org.apache.hadoop.ozone.protocolPB.OzoneManagerProtocolServerSideTranslatorPB.processRequest(OzoneManagerProtocolServerSideTranslatorPB.java:186) ~[ozone-manager-1.4.0-SNAPSHOT.jar:?]
	at org.apache.hadoop.hdds.server.OzoneProtocolMessageDispatcher.processRequest(OzoneProtocolMessageDispatcher.java:89) [hdds-server-framework-1.4.0-SNAPSHOT.jar:?]
	at org.apache.hadoop.ozone.protocolPB.OzoneManagerProtocolServerSideTranslatorPB.submitRequest(OzoneManagerProtocolServerSideTranslatorPB.java:157) [ozone-manager-1.4.0-SNAPSHOT.jar:?]
	at org.apache.hadoop.ozone.protocol.proto.OzoneManagerProtocolProtos$OzoneManagerService$2.callBlockingMethod(OzoneManagerProtocolProtos.java) [ozone-interface-client-1.4.0-SNAPSHOT.jar:?]
	at org.apache.hadoop.ipc.ProtobufRpcEngine$Server.processCall(ProtobufRpcEngine.java:484) [hadoop-common-3.3.6.jar:?]
	at org.apache.hadoop.ipc.ProtobufRpcEngine2$Server$ProtoBufRpcInvoker.call(ProtobufRpcEngine2.java:595) [hadoop-common-3.3.6.jar:?]
	at org.apache.hadoop.ipc.ProtobufRpcEngine2$Server$ProtoBufRpcInvoker.call(ProtobufRpcEngine2.java:573) [hadoop-common-3.3.6.jar:?]
	at org.apache.hadoop.ipc.RPC$Server.call(RPC.java:1227) [hadoop-common-3.3.6.jar:?]
	at org.apache.hadoop.ipc.Server$RpcCall.run(Server.java:1094) [hadoop-common-3.3.6.jar:?]
	at org.apache.hadoop.ipc.Server$RpcCall.run(Server.java:1017) [hadoop-common-3.3.6.jar:?]
	at java.security.AccessController.doPrivileged(Native Method) ~[?:1.8.0_382]
	at javax.security.auth.Subject.doAs(Subject.java:422) [?:1.8.0_382]
	at org.apache.hadoop.security.UserGroupInformation.doAs(UserGroupInformation.java:1899) [hadoop-common-3.3.6.jar:?]
	at org.apache.hadoop.ipc.Server$Handler.run(Server.java:3048) [hadoop-common-3.3.6.jar:?]
]]></system-out>
  </testcase>
  <testcase name="testGetTrashRoots" classname="TestOzoneFileSystemWithFSO" time="0.046">
    <system-out><![CDATA[16:43:33.462 [IPC Server handler 4 on default port 15057] ERROR OMAudit - user=runner | ip=127.0.0.1 | op=GET_FILE_STATUS {volume=volume80570, bucket=bucket63586, key=.Trash/runner, dataSize=0, replicationConfig=null} | ret=FAILURE
org.apache.hadoop.ozone.om.exceptions.OMException: Unable to get file status: volume: volume80570 bucket: bucket63586 key: .Trash/runner
	at org.apache.hadoop.ozone.om.KeyManagerImpl.getOzoneFileStatusFSO(KeyManagerImpl.java:1359) ~[ozone-manager-1.4.0-SNAPSHOT.jar:?]
	at org.apache.hadoop.ozone.om.KeyManagerImpl.getFileStatus(KeyManagerImpl.java:1143) ~[ozone-manager-1.4.0-SNAPSHOT.jar:?]
	at org.apache.hadoop.ozone.om.OmMetadataReader.getFileStatus(OmMetadataReader.java:279) ~[ozone-manager-1.4.0-SNAPSHOT.jar:?]
	at org.apache.hadoop.ozone.om.OzoneManager.getFileStatus(OzoneManager.java:3611) ~[ozone-manager-1.4.0-SNAPSHOT.jar:?]
	at org.apache.hadoop.ozone.protocolPB.OzoneManagerRequestHandler.getOzoneFileStatus(OzoneManagerRequestHandler.java:1005) ~[ozone-manager-1.4.0-SNAPSHOT.jar:?]
	at org.apache.hadoop.ozone.protocolPB.OzoneManagerRequestHandler.handleReadRequest(OzoneManagerRequestHandler.java:262) ~[ozone-manager-1.4.0-SNAPSHOT.jar:?]
	at org.apache.hadoop.ozone.protocolPB.OzoneManagerProtocolServerSideTranslatorPB.submitRequestDirectlyToOM(OzoneManagerProtocolServerSideTranslatorPB.java:290) ~[ozone-manager-1.4.0-SNAPSHOT.jar:?]
	at org.apache.hadoop.ozone.protocolPB.OzoneManagerProtocolServerSideTranslatorPB.processRequest(OzoneManagerProtocolServerSideTranslatorPB.java:182) ~[ozone-manager-1.4.0-SNAPSHOT.jar:?]
	at org.apache.hadoop.hdds.server.OzoneProtocolMessageDispatcher.processRequest(OzoneProtocolMessageDispatcher.java:89) [hdds-server-framework-1.4.0-SNAPSHOT.jar:?]
	at org.apache.hadoop.ozone.protocolPB.OzoneManagerProtocolServerSideTranslatorPB.submitRequest(OzoneManagerProtocolServerSideTranslatorPB.java:157) [ozone-manager-1.4.0-SNAPSHOT.jar:?]
	at org.apache.hadoop.ozone.protocol.proto.OzoneManagerProtocolProtos$OzoneManagerService$2.callBlockingMethod(OzoneManagerProtocolProtos.java) [ozone-interface-client-1.4.0-SNAPSHOT.jar:?]
	at org.apache.hadoop.ipc.ProtobufRpcEngine$Server.processCall(ProtobufRpcEngine.java:484) [hadoop-common-3.3.6.jar:?]
	at org.apache.hadoop.ipc.ProtobufRpcEngine2$Server$ProtoBufRpcInvoker.call(ProtobufRpcEngine2.java:595) [hadoop-common-3.3.6.jar:?]
	at org.apache.hadoop.ipc.ProtobufRpcEngine2$Server$ProtoBufRpcInvoker.call(ProtobufRpcEngine2.java:573) [hadoop-common-3.3.6.jar:?]
	at org.apache.hadoop.ipc.RPC$Server.call(RPC.java:1227) [hadoop-common-3.3.6.jar:?]
	at org.apache.hadoop.ipc.Server$RpcCall.run(Server.java:1094) [hadoop-common-3.3.6.jar:?]
	at org.apache.hadoop.ipc.Server$RpcCall.run(Server.java:1017) [hadoop-common-3.3.6.jar:?]
	at java.security.AccessController.doPrivileged(Native Method) ~[?:1.8.0_382]
	at javax.security.auth.Subject.doAs(Subject.java:422) [?:1.8.0_382]
	at org.apache.hadoop.security.UserGroupInformation.doAs(UserGroupInformation.java:1899) [hadoop-common-3.3.6.jar:?]
	at org.apache.hadoop.ipc.Server$Handler.run(Server.java:3048) [hadoop-common-3.3.6.jar:?]
]]></system-out>
  </testcase>
  <testcase name="testCreateDoesNotAddParentDirKeys" classname="TestOzoneFileSystemWithFSO" time="0.05"/>
  <testcase name="testCreateDoesNotAddParentDirKeys" classname="TestOzoneFileSystemWithFSO" time="0.041"/>
  <testcase name="testDeleteRootWithTrash" classname="TestOzoneFileSystemWithFSO" time="0.015"/>
  <testcase name="testDeleteRootWithTrash" classname="TestOzoneFileSystemWithFSO" time="0.013"/>
  <testcase name="testDeleteCreatesFakeParentDir" classname="TestOzoneFileSystemWithFSO" time="0.043"/>
  <testcase name="testDeleteCreatesFakeParentDir" classname="TestOzoneFileSystemWithFSO" time="0.028"/>
  <testcase name="testListStatusOnKeyNameContainDelimiter" classname="TestOzoneFileSystemWithFSO" time="0.054"/>
  <testcase name="testListStatusOnKeyNameContainDelimiter" classname="TestOzoneFileSystemWithFSO" time="0.024"/>
  <testcase name="testNonExplicitlyCreatedPathExistsAfterItsLeafsWereRemoved" classname="TestOzoneFileSystemWithFSO" time="0.045"/>
  <testcase name="testNonExplicitlyCreatedPathExistsAfterItsLeafsWereRemoved" classname="TestOzoneFileSystemWithFSO" time="0.026"/>
  <testcase name="testCreateFileShouldCheckExistenceOfDirWithSameName" classname="TestOzoneFileSystemWithFSO" time="0.075">
    <system-out><![CDATA[16:42:59.672 [om1-OMStateMachineApplyTransactionThread - 0] ERROR OMAudit - user=runner | ip=127.0.0.1 | op=CREATE_FILE {volume=volume13981, bucket=bucket57402, key=d1/d2/d3/d4/key2, dataSize=4194304, replicationType=RATIS, replicationFactor=THREE} | ret=FAILURE
org.apache.hadoop.ozone.om.exceptions.OMException: Can not write to directory: d1/d2/d3/d4/key2
	at org.apache.hadoop.ozone.om.request.file.OMFileCreateRequest.checkDirectoryResult(OMFileCreateRequest.java:364) ~[ozone-manager-1.4.0-SNAPSHOT.jar:?]
	at org.apache.hadoop.ozone.om.request.file.OMFileCreateRequestWithFSO.validateAndUpdateCache(OMFileCreateRequestWithFSO.java:153) ~[ozone-manager-1.4.0-SNAPSHOT.jar:?]
	at org.apache.hadoop.ozone.protocolPB.OzoneManagerRequestHandler.lambda$0(OzoneManagerRequestHandler.java:390) ~[ozone-manager-1.4.0-SNAPSHOT.jar:?]
	at org.apache.hadoop.util.MetricUtil.captureLatencyNs(MetricUtil.java:39) ~[hdds-common-1.4.0-SNAPSHOT.jar:?]
	at org.apache.hadoop.ozone.protocolPB.OzoneManagerRequestHandler.handleWriteRequest(OzoneManagerRequestHandler.java:388) ~[ozone-manager-1.4.0-SNAPSHOT.jar:?]
	at org.apache.hadoop.ozone.om.ratis.OzoneManagerStateMachine.runCommand(OzoneManagerStateMachine.java:578) ~[ozone-manager-1.4.0-SNAPSHOT.jar:?]
	at org.apache.hadoop.ozone.om.ratis.OzoneManagerStateMachine.lambda$1(OzoneManagerStateMachine.java:368) ~[ozone-manager-1.4.0-SNAPSHOT.jar:?]
	at java.util.concurrent.CompletableFuture$AsyncSupply.run(CompletableFuture.java:1604) [?:1.8.0_382]
	at java.util.concurrent.ThreadPoolExecutor.runWorker(ThreadPoolExecutor.java:1149) [?:1.8.0_382]
	at java.util.concurrent.ThreadPoolExecutor$Worker.run(ThreadPoolExecutor.java:624) [?:1.8.0_382]
	at java.lang.Thread.run(Thread.java:750) [?:1.8.0_382]
2023-11-03 16:42:59,673 [om1-OMStateMachineApplyTransactionThread - 0] ERROR file.OMFileCreateRequestWithFSO (OMFileCreateRequestWithFSO.java:validateAndUpdateCache(262)) - File create failed. Volume:volume13981, Bucket:bucket57402, Key:d1/d2/d3/d4/key2.
NOT_A_FILE org.apache.hadoop.ozone.om.exceptions.OMException: Can not write to directory: d1/d2/d3/d4/key2
	at org.apache.hadoop.ozone.om.request.file.OMFileCreateRequest.checkDirectoryResult(OMFileCreateRequest.java:364)
	at org.apache.hadoop.ozone.om.request.file.OMFileCreateRequestWithFSO.validateAndUpdateCache(OMFileCreateRequestWithFSO.java:153)
	at org.apache.hadoop.ozone.protocolPB.OzoneManagerRequestHandler.lambda$0(OzoneManagerRequestHandler.java:390)
	at org.apache.hadoop.util.MetricUtil.captureLatencyNs(MetricUtil.java:39)
	at org.apache.hadoop.ozone.protocolPB.OzoneManagerRequestHandler.handleWriteRequest(OzoneManagerRequestHandler.java:388)
	at org.apache.hadoop.ozone.om.ratis.OzoneManagerStateMachine.runCommand(OzoneManagerStateMachine.java:578)
	at org.apache.hadoop.ozone.om.ratis.OzoneManagerStateMachine.lambda$1(OzoneManagerStateMachine.java:368)
	at java.util.concurrent.CompletableFuture$AsyncSupply.run(CompletableFuture.java:1604)
	at java.util.concurrent.ThreadPoolExecutor.runWorker(ThreadPoolExecutor.java:1149)
	at java.util.concurrent.ThreadPoolExecutor$Worker.run(ThreadPoolExecutor.java:624)
	at java.lang.Thread.run(Thread.java:750)
16:42:59.693 [om1-OMStateMachineApplyTransactionThread - 0] ERROR OMAudit - user=runner | ip=127.0.0.1 | op=CREATE_DIRECTORY {volume=volume13981, bucket=bucket57402, key=d1/d2/d3/d4/key3, dataSize=0, replicationType=NONE, replicationFactor=ZERO} | ret=FAILURE
org.apache.hadoop.ozone.om.exceptions.OMException: Unable to create directory: d1/d2/d3/d4/key3 in volume/bucket: volume13981/bucket57402 as file:/volume13981/bucket57402/d1/d2/d3/d4/key3 already exists
	at org.apache.hadoop.ozone.om.request.file.OMDirectoryCreateRequestWithFSO.validateAndUpdateCache(OMDirectoryCreateRequestWithFSO.java:146) ~[ozone-manager-1.4.0-SNAPSHOT.jar:?]
	at org.apache.hadoop.ozone.protocolPB.OzoneManagerRequestHandler.lambda$0(OzoneManagerRequestHandler.java:390) ~[ozone-manager-1.4.0-SNAPSHOT.jar:?]
	at org.apache.hadoop.util.MetricUtil.captureLatencyNs(MetricUtil.java:39) ~[hdds-common-1.4.0-SNAPSHOT.jar:?]
	at org.apache.hadoop.ozone.protocolPB.OzoneManagerRequestHandler.handleWriteRequest(OzoneManagerRequestHandler.java:388) ~[ozone-manager-1.4.0-SNAPSHOT.jar:?]
	at org.apache.hadoop.ozone.om.ratis.OzoneManagerStateMachine.runCommand(OzoneManagerStateMachine.java:578) ~[ozone-manager-1.4.0-SNAPSHOT.jar:?]
	at org.apache.hadoop.ozone.om.ratis.OzoneManagerStateMachine.lambda$1(OzoneManagerStateMachine.java:368) ~[ozone-manager-1.4.0-SNAPSHOT.jar:?]
	at java.util.concurrent.CompletableFuture$AsyncSupply.run(CompletableFuture.java:1604) [?:1.8.0_382]
	at java.util.concurrent.ThreadPoolExecutor.runWorker(ThreadPoolExecutor.java:1149) [?:1.8.0_382]
	at java.util.concurrent.ThreadPoolExecutor$Worker.run(ThreadPoolExecutor.java:624) [?:1.8.0_382]
	at java.lang.Thread.run(Thread.java:750) [?:1.8.0_382]
2023-11-03 16:42:59,694 [om1-OMStateMachineApplyTransactionThread - 0] ERROR file.OMDirectoryCreateRequestWithFSO (OMDirectoryCreateRequestWithFSO.java:logResult(237)) - Directory creation failed. Volume:volume13981, Bucket:bucket57402, Keyd1/d2/d3/d4/key3. Exception:{}
FILE_ALREADY_EXISTS org.apache.hadoop.ozone.om.exceptions.OMException: Unable to create directory: d1/d2/d3/d4/key3 in volume/bucket: volume13981/bucket57402 as file:/volume13981/bucket57402/d1/d2/d3/d4/key3 already exists
	at org.apache.hadoop.ozone.om.request.file.OMDirectoryCreateRequestWithFSO.validateAndUpdateCache(OMDirectoryCreateRequestWithFSO.java:146)
	at org.apache.hadoop.ozone.protocolPB.OzoneManagerRequestHandler.lambda$0(OzoneManagerRequestHandler.java:390)
	at org.apache.hadoop.util.MetricUtil.captureLatencyNs(MetricUtil.java:39)
	at org.apache.hadoop.ozone.protocolPB.OzoneManagerRequestHandler.handleWriteRequest(OzoneManagerRequestHandler.java:388)
	at org.apache.hadoop.ozone.om.ratis.OzoneManagerStateMachine.runCommand(OzoneManagerStateMachine.java:578)
	at org.apache.hadoop.ozone.om.ratis.OzoneManagerStateMachine.lambda$1(OzoneManagerStateMachine.java:368)
	at java.util.concurrent.CompletableFuture$AsyncSupply.run(CompletableFuture.java:1604)
	at java.util.concurrent.ThreadPoolExecutor.runWorker(ThreadPoolExecutor.java:1149)
	at java.util.concurrent.ThreadPoolExecutor$Worker.run(ThreadPoolExecutor.java:624)
	at java.lang.Thread.run(Thread.java:750)
16:42:59.701 [om1-OMStateMachineApplyTransactionThread - 0] ERROR OMAudit - user=runner | ip=127.0.0.1 | op=CREATE_FILE {volume=volume13981, bucket=bucket57402, key=d1/d2/d3, dataSize=4194304, replicationType=RATIS, replicationFactor=THREE} | ret=FAILURE
org.apache.hadoop.ozone.om.exceptions.OMException: Can not write to directory: d1/d2/d3
	at org.apache.hadoop.ozone.om.request.file.OMFileCreateRequest.checkDirectoryResult(OMFileCreateRequest.java:364) ~[ozone-manager-1.4.0-SNAPSHOT.jar:?]
	at org.apache.hadoop.ozone.om.request.file.OMFileCreateRequestWithFSO.validateAndUpdateCache(OMFileCreateRequestWithFSO.java:153) ~[ozone-manager-1.4.0-SNAPSHOT.jar:?]
	at org.apache.hadoop.ozone.protocolPB.OzoneManagerRequestHandler.lambda$0(OzoneManagerRequestHandler.java:390) ~[ozone-manager-1.4.0-SNAPSHOT.jar:?]
	at org.apache.hadoop.util.MetricUtil.captureLatencyNs(MetricUtil.java:39) ~[hdds-common-1.4.0-SNAPSHOT.jar:?]
	at org.apache.hadoop.ozone.protocolPB.OzoneManagerRequestHandler.handleWriteRequest(OzoneManagerRequestHandler.java:388) ~[ozone-manager-1.4.0-SNAPSHOT.jar:?]
	at org.apache.hadoop.ozone.om.ratis.OzoneManagerStateMachine.runCommand(OzoneManagerStateMachine.java:578) ~[ozone-manager-1.4.0-SNAPSHOT.jar:?]
	at org.apache.hadoop.ozone.om.ratis.OzoneManagerStateMachine.lambda$1(OzoneManagerStateMachine.java:368) ~[ozone-manager-1.4.0-SNAPSHOT.jar:?]
	at java.util.concurrent.CompletableFuture$AsyncSupply.run(CompletableFuture.java:1604) [?:1.8.0_382]
	at java.util.concurrent.ThreadPoolExecutor.runWorker(ThreadPoolExecutor.java:1149) [?:1.8.0_382]
	at java.util.concurrent.ThreadPoolExecutor$Worker.run(ThreadPoolExecutor.java:624) [?:1.8.0_382]
	at java.lang.Thread.run(Thread.java:750) [?:1.8.0_382]
2023-11-03 16:42:59,701 [om1-OMStateMachineApplyTransactionThread - 0] ERROR file.OMFileCreateRequestWithFSO (OMFileCreateRequestWithFSO.java:validateAndUpdateCache(262)) - File create failed. Volume:volume13981, Bucket:bucket57402, Key:d1/d2/d3.
NOT_A_FILE org.apache.hadoop.ozone.om.exceptions.OMException: Can not write to directory: d1/d2/d3
	at org.apache.hadoop.ozone.om.request.file.OMFileCreateRequest.checkDirectoryResult(OMFileCreateRequest.java:364)
	at org.apache.hadoop.ozone.om.request.file.OMFileCreateRequestWithFSO.validateAndUpdateCache(OMFileCreateRequestWithFSO.java:153)
	at org.apache.hadoop.ozone.protocolPB.OzoneManagerRequestHandler.lambda$0(OzoneManagerRequestHandler.java:390)
	at org.apache.hadoop.util.MetricUtil.captureLatencyNs(MetricUtil.java:39)
	at org.apache.hadoop.ozone.protocolPB.OzoneManagerRequestHandler.handleWriteRequest(OzoneManagerRequestHandler.java:388)
	at org.apache.hadoop.ozone.om.ratis.OzoneManagerStateMachine.runCommand(OzoneManagerStateMachine.java:578)
	at org.apache.hadoop.ozone.om.ratis.OzoneManagerStateMachine.lambda$1(OzoneManagerStateMachine.java:368)
	at java.util.concurrent.CompletableFuture$AsyncSupply.run(CompletableFuture.java:1604)
	at java.util.concurrent.ThreadPoolExecutor.runWorker(ThreadPoolExecutor.java:1149)
	at java.util.concurrent.ThreadPoolExecutor$Worker.run(ThreadPoolExecutor.java:624)
	at java.lang.Thread.run(Thread.java:750)
16:42:59.707 [IPC Server handler 19 on default port 15004] ERROR OMAudit - user=runner | ip=127.0.0.1 | op=GET_FILE_STATUS {volume=volume13981, bucket=bucket57402, key=d1/d2/d3/d4/key3/invalid, dataSize=0, replicationConfig=null} | ret=FAILURE
org.apache.hadoop.ozone.om.exceptions.OMException: Unable to get file status: volume: volume13981 bucket: bucket57402 key: d1/d2/d3/d4/key3/invalid
	at org.apache.hadoop.ozone.om.KeyManagerImpl.getOzoneFileStatusFSO(KeyManagerImpl.java:1359) ~[ozone-manager-1.4.0-SNAPSHOT.jar:?]
	at org.apache.hadoop.ozone.om.KeyManagerImpl.getFileStatus(KeyManagerImpl.java:1143) ~[ozone-manager-1.4.0-SNAPSHOT.jar:?]
	at org.apache.hadoop.ozone.om.OmMetadataReader.getFileStatus(OmMetadataReader.java:279) ~[ozone-manager-1.4.0-SNAPSHOT.jar:?]
	at org.apache.hadoop.ozone.om.OzoneManager.getFileStatus(OzoneManager.java:3611) ~[ozone-manager-1.4.0-SNAPSHOT.jar:?]
	at org.apache.hadoop.ozone.protocolPB.OzoneManagerRequestHandler.getOzoneFileStatus(OzoneManagerRequestHandler.java:1005) ~[ozone-manager-1.4.0-SNAPSHOT.jar:?]
	at org.apache.hadoop.ozone.protocolPB.OzoneManagerRequestHandler.handleReadRequest(OzoneManagerRequestHandler.java:262) ~[ozone-manager-1.4.0-SNAPSHOT.jar:?]
	at org.apache.hadoop.ozone.protocolPB.OzoneManagerProtocolServerSideTranslatorPB.submitReadRequestToOM(OzoneManagerProtocolServerSideTranslatorPB.java:241) ~[ozone-manager-1.4.0-SNAPSHOT.jar:?]
	at org.apache.hadoop.ozone.protocolPB.OzoneManagerProtocolServerSideTranslatorPB.processRequest(OzoneManagerProtocolServerSideTranslatorPB.java:186) ~[ozone-manager-1.4.0-SNAPSHOT.jar:?]
	at org.apache.hadoop.hdds.server.OzoneProtocolMessageDispatcher.processRequest(OzoneProtocolMessageDispatcher.java:89) [hdds-server-framework-1.4.0-SNAPSHOT.jar:?]
	at org.apache.hadoop.ozone.protocolPB.OzoneManagerProtocolServerSideTranslatorPB.submitRequest(OzoneManagerProtocolServerSideTranslatorPB.java:157) [ozone-manager-1.4.0-SNAPSHOT.jar:?]
	at org.apache.hadoop.ozone.protocol.proto.OzoneManagerProtocolProtos$OzoneManagerService$2.callBlockingMethod(OzoneManagerProtocolProtos.java) [ozone-interface-client-1.4.0-SNAPSHOT.jar:?]
	at org.apache.hadoop.ipc.ProtobufRpcEngine$Server.processCall(ProtobufRpcEngine.java:484) [hadoop-common-3.3.6.jar:?]
	at org.apache.hadoop.ipc.ProtobufRpcEngine2$Server$ProtoBufRpcInvoker.call(ProtobufRpcEngine2.java:595) [hadoop-common-3.3.6.jar:?]
	at org.apache.hadoop.ipc.ProtobufRpcEngine2$Server$ProtoBufRpcInvoker.call(ProtobufRpcEngine2.java:573) [hadoop-common-3.3.6.jar:?]
	at org.apache.hadoop.ipc.RPC$Server.call(RPC.java:1227) [hadoop-common-3.3.6.jar:?]
	at org.apache.hadoop.ipc.Server$RpcCall.run(Server.java:1094) [hadoop-common-3.3.6.jar:?]
	at org.apache.hadoop.ipc.Server$RpcCall.run(Server.java:1017) [hadoop-common-3.3.6.jar:?]
	at java.security.AccessController.doPrivileged(Native Method) ~[?:1.8.0_382]
	at javax.security.auth.Subject.doAs(Subject.java:422) [?:1.8.0_382]
	at org.apache.hadoop.security.UserGroupInformation.doAs(UserGroupInformation.java:1899) [hadoop-common-3.3.6.jar:?]
	at org.apache.hadoop.ipc.Server$Handler.run(Server.java:3048) [hadoop-common-3.3.6.jar:?]
16:42:59.709 [IPC Server handler 10 on default port 15004] ERROR OMAudit - user=runner | ip=127.0.0.1 | op=GET_FILE_STATUS {volume=volume13981, bucket=bucket57402, key=d1/d2/d3/d4/invalidkey, dataSize=0, replicationConfig=null} | ret=FAILURE
org.apache.hadoop.ozone.om.exceptions.OMException: Unable to get file status: volume: volume13981 bucket: bucket57402 key: d1/d2/d3/d4/invalidkey
	at org.apache.hadoop.ozone.om.KeyManagerImpl.getOzoneFileStatusFSO(KeyManagerImpl.java:1359) ~[ozone-manager-1.4.0-SNAPSHOT.jar:?]
	at org.apache.hadoop.ozone.om.KeyManagerImpl.getFileStatus(KeyManagerImpl.java:1143) ~[ozone-manager-1.4.0-SNAPSHOT.jar:?]
	at org.apache.hadoop.ozone.om.OmMetadataReader.getFileStatus(OmMetadataReader.java:279) ~[ozone-manager-1.4.0-SNAPSHOT.jar:?]
	at org.apache.hadoop.ozone.om.OzoneManager.getFileStatus(OzoneManager.java:3611) ~[ozone-manager-1.4.0-SNAPSHOT.jar:?]
	at org.apache.hadoop.ozone.protocolPB.OzoneManagerRequestHandler.getOzoneFileStatus(OzoneManagerRequestHandler.java:1005) ~[ozone-manager-1.4.0-SNAPSHOT.jar:?]
	at org.apache.hadoop.ozone.protocolPB.OzoneManagerRequestHandler.handleReadRequest(OzoneManagerRequestHandler.java:262) ~[ozone-manager-1.4.0-SNAPSHOT.jar:?]
	at org.apache.hadoop.ozone.protocolPB.OzoneManagerProtocolServerSideTranslatorPB.submitReadRequestToOM(OzoneManagerProtocolServerSideTranslatorPB.java:241) ~[ozone-manager-1.4.0-SNAPSHOT.jar:?]
	at org.apache.hadoop.ozone.protocolPB.OzoneManagerProtocolServerSideTranslatorPB.processRequest(OzoneManagerProtocolServerSideTranslatorPB.java:186) ~[ozone-manager-1.4.0-SNAPSHOT.jar:?]
	at org.apache.hadoop.hdds.server.OzoneProtocolMessageDispatcher.processRequest(OzoneProtocolMessageDispatcher.java:89) [hdds-server-framework-1.4.0-SNAPSHOT.jar:?]
	at org.apache.hadoop.ozone.protocolPB.OzoneManagerProtocolServerSideTranslatorPB.submitRequest(OzoneManagerProtocolServerSideTranslatorPB.java:157) [ozone-manager-1.4.0-SNAPSHOT.jar:?]
	at org.apache.hadoop.ozone.protocol.proto.OzoneManagerProtocolProtos$OzoneManagerService$2.callBlockingMethod(OzoneManagerProtocolProtos.java) [ozone-interface-client-1.4.0-SNAPSHOT.jar:?]
	at org.apache.hadoop.ipc.ProtobufRpcEngine$Server.processCall(ProtobufRpcEngine.java:484) [hadoop-common-3.3.6.jar:?]
	at org.apache.hadoop.ipc.ProtobufRpcEngine2$Server$ProtoBufRpcInvoker.call(ProtobufRpcEngine2.java:595) [hadoop-common-3.3.6.jar:?]
	at org.apache.hadoop.ipc.ProtobufRpcEngine2$Server$ProtoBufRpcInvoker.call(ProtobufRpcEngine2.java:573) [hadoop-common-3.3.6.jar:?]
	at org.apache.hadoop.ipc.RPC$Server.call(RPC.java:1227) [hadoop-common-3.3.6.jar:?]
	at org.apache.hadoop.ipc.Server$RpcCall.run(Server.java:1094) [hadoop-common-3.3.6.jar:?]
	at org.apache.hadoop.ipc.Server$RpcCall.run(Server.java:1017) [hadoop-common-3.3.6.jar:?]
	at java.security.AccessController.doPrivileged(Native Method) ~[?:1.8.0_382]
	at javax.security.auth.Subject.doAs(Subject.java:422) [?:1.8.0_382]
	at org.apache.hadoop.security.UserGroupInformation.doAs(UserGroupInformation.java:1899) [hadoop-common-3.3.6.jar:?]
	at org.apache.hadoop.ipc.Server$Handler.run(Server.java:3048) [hadoop-common-3.3.6.jar:?]
]]></system-out>
  </testcase>
  <testcase name="testCreateFileShouldCheckExistenceOfDirWithSameName" classname="TestOzoneFileSystemWithFSO" time="0.065">
    <system-out><![CDATA[16:43:33.672 [IPC Server handler 10 on default port 15057] ERROR OMAudit - user=runner | ip=127.0.0.1 | op=CREATE_FILE {volume=volume80570, bucket=bucket63586, key=d1/d2/d3/d4/key2, dataSize=4194304, replicationType=RATIS, replicationFactor=THREE} | ret=FAILURE
org.apache.hadoop.ozone.om.exceptions.OMException: Can not write to directory: d1/d2/d3/d4/key2
	at org.apache.hadoop.ozone.om.request.file.OMFileCreateRequest.checkDirectoryResult(OMFileCreateRequest.java:364) ~[ozone-manager-1.4.0-SNAPSHOT.jar:?]
	at org.apache.hadoop.ozone.om.request.file.OMFileCreateRequestWithFSO.validateAndUpdateCache(OMFileCreateRequestWithFSO.java:153) ~[ozone-manager-1.4.0-SNAPSHOT.jar:?]
	at org.apache.hadoop.ozone.protocolPB.OzoneManagerRequestHandler.lambda$0(OzoneManagerRequestHandler.java:390) ~[ozone-manager-1.4.0-SNAPSHOT.jar:?]
	at org.apache.hadoop.util.MetricUtil.captureLatencyNs(MetricUtil.java:39) ~[hdds-common-1.4.0-SNAPSHOT.jar:?]
	at org.apache.hadoop.ozone.protocolPB.OzoneManagerRequestHandler.handleWriteRequest(OzoneManagerRequestHandler.java:388) ~[ozone-manager-1.4.0-SNAPSHOT.jar:?]
	at org.apache.hadoop.ozone.protocolPB.OzoneManagerProtocolServerSideTranslatorPB.submitRequestDirectlyToOM(OzoneManagerProtocolServerSideTranslatorPB.java:296) ~[ozone-manager-1.4.0-SNAPSHOT.jar:?]
	at org.apache.hadoop.ozone.protocolPB.OzoneManagerProtocolServerSideTranslatorPB.processRequest(OzoneManagerProtocolServerSideTranslatorPB.java:182) ~[ozone-manager-1.4.0-SNAPSHOT.jar:?]
	at org.apache.hadoop.hdds.server.OzoneProtocolMessageDispatcher.processRequest(OzoneProtocolMessageDispatcher.java:89) [hdds-server-framework-1.4.0-SNAPSHOT.jar:?]
	at org.apache.hadoop.ozone.protocolPB.OzoneManagerProtocolServerSideTranslatorPB.submitRequest(OzoneManagerProtocolServerSideTranslatorPB.java:157) [ozone-manager-1.4.0-SNAPSHOT.jar:?]
	at org.apache.hadoop.ozone.protocol.proto.OzoneManagerProtocolProtos$OzoneManagerService$2.callBlockingMethod(OzoneManagerProtocolProtos.java) [ozone-interface-client-1.4.0-SNAPSHOT.jar:?]
	at org.apache.hadoop.ipc.ProtobufRpcEngine$Server.processCall(ProtobufRpcEngine.java:484) [hadoop-common-3.3.6.jar:?]
	at org.apache.hadoop.ipc.ProtobufRpcEngine2$Server$ProtoBufRpcInvoker.call(ProtobufRpcEngine2.java:595) [hadoop-common-3.3.6.jar:?]
	at org.apache.hadoop.ipc.ProtobufRpcEngine2$Server$ProtoBufRpcInvoker.call(ProtobufRpcEngine2.java:573) [hadoop-common-3.3.6.jar:?]
	at org.apache.hadoop.ipc.RPC$Server.call(RPC.java:1227) [hadoop-common-3.3.6.jar:?]
	at org.apache.hadoop.ipc.Server$RpcCall.run(Server.java:1094) [hadoop-common-3.3.6.jar:?]
	at org.apache.hadoop.ipc.Server$RpcCall.run(Server.java:1017) [hadoop-common-3.3.6.jar:?]
	at java.security.AccessController.doPrivileged(Native Method) ~[?:1.8.0_382]
	at javax.security.auth.Subject.doAs(Subject.java:422) [?:1.8.0_382]
	at org.apache.hadoop.security.UserGroupInformation.doAs(UserGroupInformation.java:1899) [hadoop-common-3.3.6.jar:?]
	at org.apache.hadoop.ipc.Server$Handler.run(Server.java:3048) [hadoop-common-3.3.6.jar:?]
2023-11-03 16:43:33,673 [IPC Server handler 10 on default port 15057] ERROR file.OMFileCreateRequestWithFSO (OMFileCreateRequestWithFSO.java:validateAndUpdateCache(262)) - File create failed. Volume:volume80570, Bucket:bucket63586, Key:d1/d2/d3/d4/key2.
NOT_A_FILE org.apache.hadoop.ozone.om.exceptions.OMException: Can not write to directory: d1/d2/d3/d4/key2
	at org.apache.hadoop.ozone.om.request.file.OMFileCreateRequest.checkDirectoryResult(OMFileCreateRequest.java:364)
	at org.apache.hadoop.ozone.om.request.file.OMFileCreateRequestWithFSO.validateAndUpdateCache(OMFileCreateRequestWithFSO.java:153)
	at org.apache.hadoop.ozone.protocolPB.OzoneManagerRequestHandler.lambda$0(OzoneManagerRequestHandler.java:390)
	at org.apache.hadoop.util.MetricUtil.captureLatencyNs(MetricUtil.java:39)
	at org.apache.hadoop.ozone.protocolPB.OzoneManagerRequestHandler.handleWriteRequest(OzoneManagerRequestHandler.java:388)
	at org.apache.hadoop.ozone.protocolPB.OzoneManagerProtocolServerSideTranslatorPB.submitRequestDirectlyToOM(OzoneManagerProtocolServerSideTranslatorPB.java:296)
	at org.apache.hadoop.ozone.protocolPB.OzoneManagerProtocolServerSideTranslatorPB.processRequest(OzoneManagerProtocolServerSideTranslatorPB.java:182)
	at org.apache.hadoop.hdds.server.OzoneProtocolMessageDispatcher.processRequest(OzoneProtocolMessageDispatcher.java:89)
	at org.apache.hadoop.ozone.protocolPB.OzoneManagerProtocolServerSideTranslatorPB.submitRequest(OzoneManagerProtocolServerSideTranslatorPB.java:157)
	at org.apache.hadoop.ozone.protocol.proto.OzoneManagerProtocolProtos$OzoneManagerService$2.callBlockingMethod(OzoneManagerProtocolProtos.java)
	at org.apache.hadoop.ipc.ProtobufRpcEngine$Server.processCall(ProtobufRpcEngine.java:484)
	at org.apache.hadoop.ipc.ProtobufRpcEngine2$Server$ProtoBufRpcInvoker.call(ProtobufRpcEngine2.java:595)
	at org.apache.hadoop.ipc.ProtobufRpcEngine2$Server$ProtoBufRpcInvoker.call(ProtobufRpcEngine2.java:573)
	at org.apache.hadoop.ipc.RPC$Server.call(RPC.java:1227)
	at org.apache.hadoop.ipc.Server$RpcCall.run(Server.java:1094)
	at org.apache.hadoop.ipc.Server$RpcCall.run(Server.java:1017)
	at java.security.AccessController.doPrivileged(Native Method)
	at javax.security.auth.Subject.doAs(Subject.java:422)
	at org.apache.hadoop.security.UserGroupInformation.doAs(UserGroupInformation.java:1899)
	at org.apache.hadoop.ipc.Server$Handler.run(Server.java:3048)
16:43:33.684 [IPC Server handler 14 on default port 15057] ERROR OMAudit - user=runner | ip=127.0.0.1 | op=CREATE_DIRECTORY {volume=volume80570, bucket=bucket63586, key=d1/d2/d3/d4/key3, dataSize=0, replicationType=NONE, replicationFactor=ZERO} | ret=FAILURE
org.apache.hadoop.ozone.om.exceptions.OMException: Unable to create directory: d1/d2/d3/d4/key3 in volume/bucket: volume80570/bucket63586 as file:/volume80570/bucket63586/d1/d2/d3/d4/key3 already exists
	at org.apache.hadoop.ozone.om.request.file.OMDirectoryCreateRequestWithFSO.validateAndUpdateCache(OMDirectoryCreateRequestWithFSO.java:146) ~[ozone-manager-1.4.0-SNAPSHOT.jar:?]
	at org.apache.hadoop.ozone.protocolPB.OzoneManagerRequestHandler.lambda$0(OzoneManagerRequestHandler.java:390) ~[ozone-manager-1.4.0-SNAPSHOT.jar:?]
	at org.apache.hadoop.util.MetricUtil.captureLatencyNs(MetricUtil.java:39) ~[hdds-common-1.4.0-SNAPSHOT.jar:?]
	at org.apache.hadoop.ozone.protocolPB.OzoneManagerRequestHandler.handleWriteRequest(OzoneManagerRequestHandler.java:388) ~[ozone-manager-1.4.0-SNAPSHOT.jar:?]
	at org.apache.hadoop.ozone.protocolPB.OzoneManagerProtocolServerSideTranslatorPB.submitRequestDirectlyToOM(OzoneManagerProtocolServerSideTranslatorPB.java:296) ~[ozone-manager-1.4.0-SNAPSHOT.jar:?]
	at org.apache.hadoop.ozone.protocolPB.OzoneManagerProtocolServerSideTranslatorPB.processRequest(OzoneManagerProtocolServerSideTranslatorPB.java:182) ~[ozone-manager-1.4.0-SNAPSHOT.jar:?]
	at org.apache.hadoop.hdds.server.OzoneProtocolMessageDispatcher.processRequest(OzoneProtocolMessageDispatcher.java:89) [hdds-server-framework-1.4.0-SNAPSHOT.jar:?]
	at org.apache.hadoop.ozone.protocolPB.OzoneManagerProtocolServerSideTranslatorPB.submitRequest(OzoneManagerProtocolServerSideTranslatorPB.java:157) [ozone-manager-1.4.0-SNAPSHOT.jar:?]
	at org.apache.hadoop.ozone.protocol.proto.OzoneManagerProtocolProtos$OzoneManagerService$2.callBlockingMethod(OzoneManagerProtocolProtos.java) [ozone-interface-client-1.4.0-SNAPSHOT.jar:?]
	at org.apache.hadoop.ipc.ProtobufRpcEngine$Server.processCall(ProtobufRpcEngine.java:484) [hadoop-common-3.3.6.jar:?]
	at org.apache.hadoop.ipc.ProtobufRpcEngine2$Server$ProtoBufRpcInvoker.call(ProtobufRpcEngine2.java:595) [hadoop-common-3.3.6.jar:?]
	at org.apache.hadoop.ipc.ProtobufRpcEngine2$Server$ProtoBufRpcInvoker.call(ProtobufRpcEngine2.java:573) [hadoop-common-3.3.6.jar:?]
	at org.apache.hadoop.ipc.RPC$Server.call(RPC.java:1227) [hadoop-common-3.3.6.jar:?]
	at org.apache.hadoop.ipc.Server$RpcCall.run(Server.java:1094) [hadoop-common-3.3.6.jar:?]
	at org.apache.hadoop.ipc.Server$RpcCall.run(Server.java:1017) [hadoop-common-3.3.6.jar:?]
	at java.security.AccessController.doPrivileged(Native Method) ~[?:1.8.0_382]
	at javax.security.auth.Subject.doAs(Subject.java:422) [?:1.8.0_382]
	at org.apache.hadoop.security.UserGroupInformation.doAs(UserGroupInformation.java:1899) [hadoop-common-3.3.6.jar:?]
	at org.apache.hadoop.ipc.Server$Handler.run(Server.java:3048) [hadoop-common-3.3.6.jar:?]
2023-11-03 16:43:33,684 [IPC Server handler 14 on default port 15057] ERROR file.OMDirectoryCreateRequestWithFSO (OMDirectoryCreateRequestWithFSO.java:logResult(237)) - Directory creation failed. Volume:volume80570, Bucket:bucket63586, Keyd1/d2/d3/d4/key3. Exception:{}
FILE_ALREADY_EXISTS org.apache.hadoop.ozone.om.exceptions.OMException: Unable to create directory: d1/d2/d3/d4/key3 in volume/bucket: volume80570/bucket63586 as file:/volume80570/bucket63586/d1/d2/d3/d4/key3 already exists
	at org.apache.hadoop.ozone.om.request.file.OMDirectoryCreateRequestWithFSO.validateAndUpdateCache(OMDirectoryCreateRequestWithFSO.java:146)
	at org.apache.hadoop.ozone.protocolPB.OzoneManagerRequestHandler.lambda$0(OzoneManagerRequestHandler.java:390)
	at org.apache.hadoop.util.MetricUtil.captureLatencyNs(MetricUtil.java:39)
	at org.apache.hadoop.ozone.protocolPB.OzoneManagerRequestHandler.handleWriteRequest(OzoneManagerRequestHandler.java:388)
	at org.apache.hadoop.ozone.protocolPB.OzoneManagerProtocolServerSideTranslatorPB.submitRequestDirectlyToOM(OzoneManagerProtocolServerSideTranslatorPB.java:296)
	at org.apache.hadoop.ozone.protocolPB.OzoneManagerProtocolServerSideTranslatorPB.processRequest(OzoneManagerProtocolServerSideTranslatorPB.java:182)
	at org.apache.hadoop.hdds.server.OzoneProtocolMessageDispatcher.processRequest(OzoneProtocolMessageDispatcher.java:89)
	at org.apache.hadoop.ozone.protocolPB.OzoneManagerProtocolServerSideTranslatorPB.submitRequest(OzoneManagerProtocolServerSideTranslatorPB.java:157)
	at org.apache.hadoop.ozone.protocol.proto.OzoneManagerProtocolProtos$OzoneManagerService$2.callBlockingMethod(OzoneManagerProtocolProtos.java)
	at org.apache.hadoop.ipc.ProtobufRpcEngine$Server.processCall(ProtobufRpcEngine.java:484)
	at org.apache.hadoop.ipc.ProtobufRpcEngine2$Server$ProtoBufRpcInvoker.call(ProtobufRpcEngine2.java:595)
	at org.apache.hadoop.ipc.ProtobufRpcEngine2$Server$ProtoBufRpcInvoker.call(ProtobufRpcEngine2.java:573)
	at org.apache.hadoop.ipc.RPC$Server.call(RPC.java:1227)
	at org.apache.hadoop.ipc.Server$RpcCall.run(Server.java:1094)
	at org.apache.hadoop.ipc.Server$RpcCall.run(Server.java:1017)
	at java.security.AccessController.doPrivileged(Native Method)
	at javax.security.auth.Subject.doAs(Subject.java:422)
	at org.apache.hadoop.security.UserGroupInformation.doAs(UserGroupInformation.java:1899)
	at org.apache.hadoop.ipc.Server$Handler.run(Server.java:3048)
16:43:33.688 [IPC Server handler 15 on default port 15057] ERROR OMAudit - user=runner | ip=127.0.0.1 | op=CREATE_FILE {volume=volume80570, bucket=bucket63586, key=d1/d2/d3, dataSize=4194304, replicationType=RATIS, replicationFactor=THREE} | ret=FAILURE
org.apache.hadoop.ozone.om.exceptions.OMException: Can not write to directory: d1/d2/d3
	at org.apache.hadoop.ozone.om.request.file.OMFileCreateRequest.checkDirectoryResult(OMFileCreateRequest.java:364) ~[ozone-manager-1.4.0-SNAPSHOT.jar:?]
	at org.apache.hadoop.ozone.om.request.file.OMFileCreateRequestWithFSO.validateAndUpdateCache(OMFileCreateRequestWithFSO.java:153) ~[ozone-manager-1.4.0-SNAPSHOT.jar:?]
	at org.apache.hadoop.ozone.protocolPB.OzoneManagerRequestHandler.lambda$0(OzoneManagerRequestHandler.java:390) ~[ozone-manager-1.4.0-SNAPSHOT.jar:?]
	at org.apache.hadoop.util.MetricUtil.captureLatencyNs(MetricUtil.java:39) ~[hdds-common-1.4.0-SNAPSHOT.jar:?]
	at org.apache.hadoop.ozone.protocolPB.OzoneManagerRequestHandler.handleWriteRequest(OzoneManagerRequestHandler.java:388) ~[ozone-manager-1.4.0-SNAPSHOT.jar:?]
	at org.apache.hadoop.ozone.protocolPB.OzoneManagerProtocolServerSideTranslatorPB.submitRequestDirectlyToOM(OzoneManagerProtocolServerSideTranslatorPB.java:296) ~[ozone-manager-1.4.0-SNAPSHOT.jar:?]
	at org.apache.hadoop.ozone.protocolPB.OzoneManagerProtocolServerSideTranslatorPB.processRequest(OzoneManagerProtocolServerSideTranslatorPB.java:182) ~[ozone-manager-1.4.0-SNAPSHOT.jar:?]
	at org.apache.hadoop.hdds.server.OzoneProtocolMessageDispatcher.processRequest(OzoneProtocolMessageDispatcher.java:89) [hdds-server-framework-1.4.0-SNAPSHOT.jar:?]
	at org.apache.hadoop.ozone.protocolPB.OzoneManagerProtocolServerSideTranslatorPB.submitRequest(OzoneManagerProtocolServerSideTranslatorPB.java:157) [ozone-manager-1.4.0-SNAPSHOT.jar:?]
	at org.apache.hadoop.ozone.protocol.proto.OzoneManagerProtocolProtos$OzoneManagerService$2.callBlockingMethod(OzoneManagerProtocolProtos.java) [ozone-interface-client-1.4.0-SNAPSHOT.jar:?]
	at org.apache.hadoop.ipc.ProtobufRpcEngine$Server.processCall(ProtobufRpcEngine.java:484) [hadoop-common-3.3.6.jar:?]
	at org.apache.hadoop.ipc.ProtobufRpcEngine2$Server$ProtoBufRpcInvoker.call(ProtobufRpcEngine2.java:595) [hadoop-common-3.3.6.jar:?]
	at org.apache.hadoop.ipc.ProtobufRpcEngine2$Server$ProtoBufRpcInvoker.call(ProtobufRpcEngine2.java:573) [hadoop-common-3.3.6.jar:?]
	at org.apache.hadoop.ipc.RPC$Server.call(RPC.java:1227) [hadoop-common-3.3.6.jar:?]
	at org.apache.hadoop.ipc.Server$RpcCall.run(Server.java:1094) [hadoop-common-3.3.6.jar:?]
	at org.apache.hadoop.ipc.Server$RpcCall.run(Server.java:1017) [hadoop-common-3.3.6.jar:?]
	at java.security.AccessController.doPrivileged(Native Method) ~[?:1.8.0_382]
	at javax.security.auth.Subject.doAs(Subject.java:422) [?:1.8.0_382]
	at org.apache.hadoop.security.UserGroupInformation.doAs(UserGroupInformation.java:1899) [hadoop-common-3.3.6.jar:?]
	at org.apache.hadoop.ipc.Server$Handler.run(Server.java:3048) [hadoop-common-3.3.6.jar:?]
2023-11-03 16:43:33,689 [IPC Server handler 15 on default port 15057] ERROR file.OMFileCreateRequestWithFSO (OMFileCreateRequestWithFSO.java:validateAndUpdateCache(262)) - File create failed. Volume:volume80570, Bucket:bucket63586, Key:d1/d2/d3.
NOT_A_FILE org.apache.hadoop.ozone.om.exceptions.OMException: Can not write to directory: d1/d2/d3
	at org.apache.hadoop.ozone.om.request.file.OMFileCreateRequest.checkDirectoryResult(OMFileCreateRequest.java:364)
	at org.apache.hadoop.ozone.om.request.file.OMFileCreateRequestWithFSO.validateAndUpdateCache(OMFileCreateRequestWithFSO.java:153)
	at org.apache.hadoop.ozone.protocolPB.OzoneManagerRequestHandler.lambda$0(OzoneManagerRequestHandler.java:390)
	at org.apache.hadoop.util.MetricUtil.captureLatencyNs(MetricUtil.java:39)
	at org.apache.hadoop.ozone.protocolPB.OzoneManagerRequestHandler.handleWriteRequest(OzoneManagerRequestHandler.java:388)
	at org.apache.hadoop.ozone.protocolPB.OzoneManagerProtocolServerSideTranslatorPB.submitRequestDirectlyToOM(OzoneManagerProtocolServerSideTranslatorPB.java:296)
	at org.apache.hadoop.ozone.protocolPB.OzoneManagerProtocolServerSideTranslatorPB.processRequest(OzoneManagerProtocolServerSideTranslatorPB.java:182)
	at org.apache.hadoop.hdds.server.OzoneProtocolMessageDispatcher.processRequest(OzoneProtocolMessageDispatcher.java:89)
	at org.apache.hadoop.ozone.protocolPB.OzoneManagerProtocolServerSideTranslatorPB.submitRequest(OzoneManagerProtocolServerSideTranslatorPB.java:157)
	at org.apache.hadoop.ozone.protocol.proto.OzoneManagerProtocolProtos$OzoneManagerService$2.callBlockingMethod(OzoneManagerProtocolProtos.java)
	at org.apache.hadoop.ipc.ProtobufRpcEngine$Server.processCall(ProtobufRpcEngine.java:484)
	at org.apache.hadoop.ipc.ProtobufRpcEngine2$Server$ProtoBufRpcInvoker.call(ProtobufRpcEngine2.java:595)
	at org.apache.hadoop.ipc.ProtobufRpcEngine2$Server$ProtoBufRpcInvoker.call(ProtobufRpcEngine2.java:573)
	at org.apache.hadoop.ipc.RPC$Server.call(RPC.java:1227)
	at org.apache.hadoop.ipc.Server$RpcCall.run(Server.java:1094)
	at org.apache.hadoop.ipc.Server$RpcCall.run(Server.java:1017)
	at java.security.AccessController.doPrivileged(Native Method)
	at javax.security.auth.Subject.doAs(Subject.java:422)
	at org.apache.hadoop.security.UserGroupInformation.doAs(UserGroupInformation.java:1899)
	at org.apache.hadoop.ipc.Server$Handler.run(Server.java:3048)
16:43:33.698 [IPC Server handler 17 on default port 15057] ERROR OMAudit - user=runner | ip=127.0.0.1 | op=GET_FILE_STATUS {volume=volume80570, bucket=bucket63586, key=d1/d2/d3/d4/key3/invalid, dataSize=0, replicationConfig=null} | ret=FAILURE
org.apache.hadoop.ozone.om.exceptions.OMException: Unable to get file status: volume: volume80570 bucket: bucket63586 key: d1/d2/d3/d4/key3/invalid
	at org.apache.hadoop.ozone.om.KeyManagerImpl.getOzoneFileStatusFSO(KeyManagerImpl.java:1359) ~[ozone-manager-1.4.0-SNAPSHOT.jar:?]
	at org.apache.hadoop.ozone.om.KeyManagerImpl.getFileStatus(KeyManagerImpl.java:1143) ~[ozone-manager-1.4.0-SNAPSHOT.jar:?]
	at org.apache.hadoop.ozone.om.OmMetadataReader.getFileStatus(OmMetadataReader.java:279) ~[ozone-manager-1.4.0-SNAPSHOT.jar:?]
	at org.apache.hadoop.ozone.om.OzoneManager.getFileStatus(OzoneManager.java:3611) ~[ozone-manager-1.4.0-SNAPSHOT.jar:?]
	at org.apache.hadoop.ozone.protocolPB.OzoneManagerRequestHandler.getOzoneFileStatus(OzoneManagerRequestHandler.java:1005) ~[ozone-manager-1.4.0-SNAPSHOT.jar:?]
	at org.apache.hadoop.ozone.protocolPB.OzoneManagerRequestHandler.handleReadRequest(OzoneManagerRequestHandler.java:262) ~[ozone-manager-1.4.0-SNAPSHOT.jar:?]
	at org.apache.hadoop.ozone.protocolPB.OzoneManagerProtocolServerSideTranslatorPB.submitRequestDirectlyToOM(OzoneManagerProtocolServerSideTranslatorPB.java:290) ~[ozone-manager-1.4.0-SNAPSHOT.jar:?]
	at org.apache.hadoop.ozone.protocolPB.OzoneManagerProtocolServerSideTranslatorPB.processRequest(OzoneManagerProtocolServerSideTranslatorPB.java:182) ~[ozone-manager-1.4.0-SNAPSHOT.jar:?]
	at org.apache.hadoop.hdds.server.OzoneProtocolMessageDispatcher.processRequest(OzoneProtocolMessageDispatcher.java:89) [hdds-server-framework-1.4.0-SNAPSHOT.jar:?]
	at org.apache.hadoop.ozone.protocolPB.OzoneManagerProtocolServerSideTranslatorPB.submitRequest(OzoneManagerProtocolServerSideTranslatorPB.java:157) [ozone-manager-1.4.0-SNAPSHOT.jar:?]
	at org.apache.hadoop.ozone.protocol.proto.OzoneManagerProtocolProtos$OzoneManagerService$2.callBlockingMethod(OzoneManagerProtocolProtos.java) [ozone-interface-client-1.4.0-SNAPSHOT.jar:?]
	at org.apache.hadoop.ipc.ProtobufRpcEngine$Server.processCall(ProtobufRpcEngine.java:484) [hadoop-common-3.3.6.jar:?]
	at org.apache.hadoop.ipc.ProtobufRpcEngine2$Server$ProtoBufRpcInvoker.call(ProtobufRpcEngine2.java:595) [hadoop-common-3.3.6.jar:?]
	at org.apache.hadoop.ipc.ProtobufRpcEngine2$Server$ProtoBufRpcInvoker.call(ProtobufRpcEngine2.java:573) [hadoop-common-3.3.6.jar:?]
	at org.apache.hadoop.ipc.RPC$Server.call(RPC.java:1227) [hadoop-common-3.3.6.jar:?]
	at org.apache.hadoop.ipc.Server$RpcCall.run(Server.java:1094) [hadoop-common-3.3.6.jar:?]
	at org.apache.hadoop.ipc.Server$RpcCall.run(Server.java:1017) [hadoop-common-3.3.6.jar:?]
	at java.security.AccessController.doPrivileged(Native Method) ~[?:1.8.0_382]
	at javax.security.auth.Subject.doAs(Subject.java:422) [?:1.8.0_382]
	at org.apache.hadoop.security.UserGroupInformation.doAs(UserGroupInformation.java:1899) [hadoop-common-3.3.6.jar:?]
	at org.apache.hadoop.ipc.Server$Handler.run(Server.java:3048) [hadoop-common-3.3.6.jar:?]
16:43:33.701 [IPC Server handler 19 on default port 15057] ERROR OMAudit - user=runner | ip=127.0.0.1 | op=GET_FILE_STATUS {volume=volume80570, bucket=bucket63586, key=d1/d2/d3/d4/invalidkey, dataSize=0, replicationConfig=null} | ret=FAILURE
org.apache.hadoop.ozone.om.exceptions.OMException: Unable to get file status: volume: volume80570 bucket: bucket63586 key: d1/d2/d3/d4/invalidkey
	at org.apache.hadoop.ozone.om.KeyManagerImpl.getOzoneFileStatusFSO(KeyManagerImpl.java:1359) ~[ozone-manager-1.4.0-SNAPSHOT.jar:?]
	at org.apache.hadoop.ozone.om.KeyManagerImpl.getFileStatus(KeyManagerImpl.java:1143) ~[ozone-manager-1.4.0-SNAPSHOT.jar:?]
	at org.apache.hadoop.ozone.om.OmMetadataReader.getFileStatus(OmMetadataReader.java:279) ~[ozone-manager-1.4.0-SNAPSHOT.jar:?]
	at org.apache.hadoop.ozone.om.OzoneManager.getFileStatus(OzoneManager.java:3611) ~[ozone-manager-1.4.0-SNAPSHOT.jar:?]
	at org.apache.hadoop.ozone.protocolPB.OzoneManagerRequestHandler.getOzoneFileStatus(OzoneManagerRequestHandler.java:1005) ~[ozone-manager-1.4.0-SNAPSHOT.jar:?]
	at org.apache.hadoop.ozone.protocolPB.OzoneManagerRequestHandler.handleReadRequest(OzoneManagerRequestHandler.java:262) ~[ozone-manager-1.4.0-SNAPSHOT.jar:?]
	at org.apache.hadoop.ozone.protocolPB.OzoneManagerProtocolServerSideTranslatorPB.submitRequestDirectlyToOM(OzoneManagerProtocolServerSideTranslatorPB.java:290) ~[ozone-manager-1.4.0-SNAPSHOT.jar:?]
	at org.apache.hadoop.ozone.protocolPB.OzoneManagerProtocolServerSideTranslatorPB.processRequest(OzoneManagerProtocolServerSideTranslatorPB.java:182) ~[ozone-manager-1.4.0-SNAPSHOT.jar:?]
	at org.apache.hadoop.hdds.server.OzoneProtocolMessageDispatcher.processRequest(OzoneProtocolMessageDispatcher.java:89) [hdds-server-framework-1.4.0-SNAPSHOT.jar:?]
	at org.apache.hadoop.ozone.protocolPB.OzoneManagerProtocolServerSideTranslatorPB.submitRequest(OzoneManagerProtocolServerSideTranslatorPB.java:157) [ozone-manager-1.4.0-SNAPSHOT.jar:?]
	at org.apache.hadoop.ozone.protocol.proto.OzoneManagerProtocolProtos$OzoneManagerService$2.callBlockingMethod(OzoneManagerProtocolProtos.java) [ozone-interface-client-1.4.0-SNAPSHOT.jar:?]
	at org.apache.hadoop.ipc.ProtobufRpcEngine$Server.processCall(ProtobufRpcEngine.java:484) [hadoop-common-3.3.6.jar:?]
	at org.apache.hadoop.ipc.ProtobufRpcEngine2$Server$ProtoBufRpcInvoker.call(ProtobufRpcEngine2.java:595) [hadoop-common-3.3.6.jar:?]
	at org.apache.hadoop.ipc.ProtobufRpcEngine2$Server$ProtoBufRpcInvoker.call(ProtobufRpcEngine2.java:573) [hadoop-common-3.3.6.jar:?]
	at org.apache.hadoop.ipc.RPC$Server.call(RPC.java:1227) [hadoop-common-3.3.6.jar:?]
	at org.apache.hadoop.ipc.Server$RpcCall.run(Server.java:1094) [hadoop-common-3.3.6.jar:?]
	at org.apache.hadoop.ipc.Server$RpcCall.run(Server.java:1017) [hadoop-common-3.3.6.jar:?]
	at java.security.AccessController.doPrivileged(Native Method) ~[?:1.8.0_382]
	at javax.security.auth.Subject.doAs(Subject.java:422) [?:1.8.0_382]
	at org.apache.hadoop.security.UserGroupInformation.doAs(UserGroupInformation.java:1899) [hadoop-common-3.3.6.jar:?]
	at org.apache.hadoop.ipc.Server$Handler.run(Server.java:3048) [hadoop-common-3.3.6.jar:?]
]]></system-out>
  </testcase>
  <testcase name="testRenameContainDelimiterFile" classname="TestOzoneFileSystemWithFSO" time="0.043">
    <system-out><![CDATA[16:42:59.746 [IPC Server handler 12 on default port 15004] ERROR OMAudit - user=runner | ip=127.0.0.1 | op=GET_FILE_STATUS {volume=volume13981, bucket=bucket57402, key=dir1/dir2/key1, dataSize=0, replicationConfig=null} | ret=FAILURE
org.apache.hadoop.ozone.om.exceptions.OMException: Unable to get file status: volume: volume13981 bucket: bucket57402 key: dir1/dir2/key1
	at org.apache.hadoop.ozone.om.KeyManagerImpl.getOzoneFileStatusFSO(KeyManagerImpl.java:1359) ~[ozone-manager-1.4.0-SNAPSHOT.jar:?]
	at org.apache.hadoop.ozone.om.KeyManagerImpl.getFileStatus(KeyManagerImpl.java:1143) ~[ozone-manager-1.4.0-SNAPSHOT.jar:?]
	at org.apache.hadoop.ozone.om.OmMetadataReader.getFileStatus(OmMetadataReader.java:279) ~[ozone-manager-1.4.0-SNAPSHOT.jar:?]
	at org.apache.hadoop.ozone.om.OzoneManager.getFileStatus(OzoneManager.java:3611) ~[ozone-manager-1.4.0-SNAPSHOT.jar:?]
	at org.apache.hadoop.ozone.protocolPB.OzoneManagerRequestHandler.getOzoneFileStatus(OzoneManagerRequestHandler.java:1005) ~[ozone-manager-1.4.0-SNAPSHOT.jar:?]
	at org.apache.hadoop.ozone.protocolPB.OzoneManagerRequestHandler.handleReadRequest(OzoneManagerRequestHandler.java:262) ~[ozone-manager-1.4.0-SNAPSHOT.jar:?]
	at org.apache.hadoop.ozone.protocolPB.OzoneManagerProtocolServerSideTranslatorPB.submitReadRequestToOM(OzoneManagerProtocolServerSideTranslatorPB.java:241) ~[ozone-manager-1.4.0-SNAPSHOT.jar:?]
	at org.apache.hadoop.ozone.protocolPB.OzoneManagerProtocolServerSideTranslatorPB.processRequest(OzoneManagerProtocolServerSideTranslatorPB.java:186) ~[ozone-manager-1.4.0-SNAPSHOT.jar:?]
	at org.apache.hadoop.hdds.server.OzoneProtocolMessageDispatcher.processRequest(OzoneProtocolMessageDispatcher.java:89) [hdds-server-framework-1.4.0-SNAPSHOT.jar:?]
	at org.apache.hadoop.ozone.protocolPB.OzoneManagerProtocolServerSideTranslatorPB.submitRequest(OzoneManagerProtocolServerSideTranslatorPB.java:157) [ozone-manager-1.4.0-SNAPSHOT.jar:?]
	at org.apache.hadoop.ozone.protocol.proto.OzoneManagerProtocolProtos$OzoneManagerService$2.callBlockingMethod(OzoneManagerProtocolProtos.java) [ozone-interface-client-1.4.0-SNAPSHOT.jar:?]
	at org.apache.hadoop.ipc.ProtobufRpcEngine$Server.processCall(ProtobufRpcEngine.java:484) [hadoop-common-3.3.6.jar:?]
	at org.apache.hadoop.ipc.ProtobufRpcEngine2$Server$ProtoBufRpcInvoker.call(ProtobufRpcEngine2.java:595) [hadoop-common-3.3.6.jar:?]
	at org.apache.hadoop.ipc.ProtobufRpcEngine2$Server$ProtoBufRpcInvoker.call(ProtobufRpcEngine2.java:573) [hadoop-common-3.3.6.jar:?]
	at org.apache.hadoop.ipc.RPC$Server.call(RPC.java:1227) [hadoop-common-3.3.6.jar:?]
	at org.apache.hadoop.ipc.Server$RpcCall.run(Server.java:1094) [hadoop-common-3.3.6.jar:?]
	at org.apache.hadoop.ipc.Server$RpcCall.run(Server.java:1017) [hadoop-common-3.3.6.jar:?]
	at java.security.AccessController.doPrivileged(Native Method) ~[?:1.8.0_382]
	at javax.security.auth.Subject.doAs(Subject.java:422) [?:1.8.0_382]
	at org.apache.hadoop.security.UserGroupInformation.doAs(UserGroupInformation.java:1899) [hadoop-common-3.3.6.jar:?]
	at org.apache.hadoop.ipc.Server$Handler.run(Server.java:3048) [hadoop-common-3.3.6.jar:?]
16:42:59.750 [IPC Server handler 6 on default port 15004] ERROR OMAudit - user=runner | ip=127.0.0.1 | op=GET_FILE_STATUS {volume=volume13981, bucket=bucket57402, key=user/runner/dir1, dataSize=0, replicationConfig=null} | ret=FAILURE
org.apache.hadoop.ozone.om.exceptions.OMException: Unable to get file status: volume: volume13981 bucket: bucket57402 key: user/runner/dir1
	at org.apache.hadoop.ozone.om.KeyManagerImpl.getOzoneFileStatusFSO(KeyManagerImpl.java:1359) ~[ozone-manager-1.4.0-SNAPSHOT.jar:?]
	at org.apache.hadoop.ozone.om.KeyManagerImpl.getFileStatus(KeyManagerImpl.java:1143) ~[ozone-manager-1.4.0-SNAPSHOT.jar:?]
	at org.apache.hadoop.ozone.om.OmMetadataReader.getFileStatus(OmMetadataReader.java:279) ~[ozone-manager-1.4.0-SNAPSHOT.jar:?]
	at org.apache.hadoop.ozone.om.OzoneManager.getFileStatus(OzoneManager.java:3611) ~[ozone-manager-1.4.0-SNAPSHOT.jar:?]
	at org.apache.hadoop.ozone.protocolPB.OzoneManagerRequestHandler.getOzoneFileStatus(OzoneManagerRequestHandler.java:1005) ~[ozone-manager-1.4.0-SNAPSHOT.jar:?]
	at org.apache.hadoop.ozone.protocolPB.OzoneManagerRequestHandler.handleReadRequest(OzoneManagerRequestHandler.java:262) ~[ozone-manager-1.4.0-SNAPSHOT.jar:?]
	at org.apache.hadoop.ozone.protocolPB.OzoneManagerProtocolServerSideTranslatorPB.submitReadRequestToOM(OzoneManagerProtocolServerSideTranslatorPB.java:241) ~[ozone-manager-1.4.0-SNAPSHOT.jar:?]
	at org.apache.hadoop.ozone.protocolPB.OzoneManagerProtocolServerSideTranslatorPB.processRequest(OzoneManagerProtocolServerSideTranslatorPB.java:186) ~[ozone-manager-1.4.0-SNAPSHOT.jar:?]
	at org.apache.hadoop.hdds.server.OzoneProtocolMessageDispatcher.processRequest(OzoneProtocolMessageDispatcher.java:89) [hdds-server-framework-1.4.0-SNAPSHOT.jar:?]
	at org.apache.hadoop.ozone.protocolPB.OzoneManagerProtocolServerSideTranslatorPB.submitRequest(OzoneManagerProtocolServerSideTranslatorPB.java:157) [ozone-manager-1.4.0-SNAPSHOT.jar:?]
	at org.apache.hadoop.ozone.protocol.proto.OzoneManagerProtocolProtos$OzoneManagerService$2.callBlockingMethod(OzoneManagerProtocolProtos.java) [ozone-interface-client-1.4.0-SNAPSHOT.jar:?]
	at org.apache.hadoop.ipc.ProtobufRpcEngine$Server.processCall(ProtobufRpcEngine.java:484) [hadoop-common-3.3.6.jar:?]
	at org.apache.hadoop.ipc.ProtobufRpcEngine2$Server$ProtoBufRpcInvoker.call(ProtobufRpcEngine2.java:595) [hadoop-common-3.3.6.jar:?]
	at org.apache.hadoop.ipc.ProtobufRpcEngine2$Server$ProtoBufRpcInvoker.call(ProtobufRpcEngine2.java:573) [hadoop-common-3.3.6.jar:?]
	at org.apache.hadoop.ipc.RPC$Server.call(RPC.java:1227) [hadoop-common-3.3.6.jar:?]
	at org.apache.hadoop.ipc.Server$RpcCall.run(Server.java:1094) [hadoop-common-3.3.6.jar:?]
	at org.apache.hadoop.ipc.Server$RpcCall.run(Server.java:1017) [hadoop-common-3.3.6.jar:?]
	at java.security.AccessController.doPrivileged(Native Method) ~[?:1.8.0_382]
	at javax.security.auth.Subject.doAs(Subject.java:422) [?:1.8.0_382]
	at org.apache.hadoop.security.UserGroupInformation.doAs(UserGroupInformation.java:1899) [hadoop-common-3.3.6.jar:?]
	at org.apache.hadoop.ipc.Server$Handler.run(Server.java:3048) [hadoop-common-3.3.6.jar:?]
16:42:59.752 [IPC Server handler 3 on default port 15004] ERROR OMAudit - user=runner | ip=127.0.0.1 | op=GET_FILE_STATUS {volume=volume13981, bucket=bucket57402, key=user/runner/dir1/dir2, dataSize=0, replicationConfig=null} | ret=FAILURE
org.apache.hadoop.ozone.om.exceptions.OMException: Unable to get file status: volume: volume13981 bucket: bucket57402 key: user/runner/dir1/dir2
	at org.apache.hadoop.ozone.om.KeyManagerImpl.getOzoneFileStatusFSO(KeyManagerImpl.java:1359) ~[ozone-manager-1.4.0-SNAPSHOT.jar:?]
	at org.apache.hadoop.ozone.om.KeyManagerImpl.getFileStatus(KeyManagerImpl.java:1143) ~[ozone-manager-1.4.0-SNAPSHOT.jar:?]
	at org.apache.hadoop.ozone.om.OmMetadataReader.getFileStatus(OmMetadataReader.java:279) ~[ozone-manager-1.4.0-SNAPSHOT.jar:?]
	at org.apache.hadoop.ozone.om.OzoneManager.getFileStatus(OzoneManager.java:3611) ~[ozone-manager-1.4.0-SNAPSHOT.jar:?]
	at org.apache.hadoop.ozone.protocolPB.OzoneManagerRequestHandler.getOzoneFileStatus(OzoneManagerRequestHandler.java:1005) ~[ozone-manager-1.4.0-SNAPSHOT.jar:?]
	at org.apache.hadoop.ozone.protocolPB.OzoneManagerRequestHandler.handleReadRequest(OzoneManagerRequestHandler.java:262) ~[ozone-manager-1.4.0-SNAPSHOT.jar:?]
	at org.apache.hadoop.ozone.protocolPB.OzoneManagerProtocolServerSideTranslatorPB.submitReadRequestToOM(OzoneManagerProtocolServerSideTranslatorPB.java:241) ~[ozone-manager-1.4.0-SNAPSHOT.jar:?]
	at org.apache.hadoop.ozone.protocolPB.OzoneManagerProtocolServerSideTranslatorPB.processRequest(OzoneManagerProtocolServerSideTranslatorPB.java:186) ~[ozone-manager-1.4.0-SNAPSHOT.jar:?]
	at org.apache.hadoop.hdds.server.OzoneProtocolMessageDispatcher.processRequest(OzoneProtocolMessageDispatcher.java:89) [hdds-server-framework-1.4.0-SNAPSHOT.jar:?]
	at org.apache.hadoop.ozone.protocolPB.OzoneManagerProtocolServerSideTranslatorPB.submitRequest(OzoneManagerProtocolServerSideTranslatorPB.java:157) [ozone-manager-1.4.0-SNAPSHOT.jar:?]
	at org.apache.hadoop.ozone.protocol.proto.OzoneManagerProtocolProtos$OzoneManagerService$2.callBlockingMethod(OzoneManagerProtocolProtos.java) [ozone-interface-client-1.4.0-SNAPSHOT.jar:?]
	at org.apache.hadoop.ipc.ProtobufRpcEngine$Server.processCall(ProtobufRpcEngine.java:484) [hadoop-common-3.3.6.jar:?]
	at org.apache.hadoop.ipc.ProtobufRpcEngine2$Server$ProtoBufRpcInvoker.call(ProtobufRpcEngine2.java:595) [hadoop-common-3.3.6.jar:?]
	at org.apache.hadoop.ipc.ProtobufRpcEngine2$Server$ProtoBufRpcInvoker.call(ProtobufRpcEngine2.java:573) [hadoop-common-3.3.6.jar:?]
	at org.apache.hadoop.ipc.RPC$Server.call(RPC.java:1227) [hadoop-common-3.3.6.jar:?]
	at org.apache.hadoop.ipc.Server$RpcCall.run(Server.java:1094) [hadoop-common-3.3.6.jar:?]
	at org.apache.hadoop.ipc.Server$RpcCall.run(Server.java:1017) [hadoop-common-3.3.6.jar:?]
	at java.security.AccessController.doPrivileged(Native Method) ~[?:1.8.0_382]
	at javax.security.auth.Subject.doAs(Subject.java:422) [?:1.8.0_382]
	at org.apache.hadoop.security.UserGroupInformation.doAs(UserGroupInformation.java:1899) [hadoop-common-3.3.6.jar:?]
	at org.apache.hadoop.ipc.Server$Handler.run(Server.java:3048) [hadoop-common-3.3.6.jar:?]
]]></system-out>
  </testcase>
  <testcase name="testRenameContainDelimiterFile" classname="TestOzoneFileSystemWithFSO" time="0.042">
    <system-out><![CDATA[16:43:33.736 [IPC Server handler 11 on default port 15057] ERROR OMAudit - user=runner | ip=127.0.0.1 | op=GET_FILE_STATUS {volume=volume80570, bucket=bucket63586, key=dir1/dir2/key1, dataSize=0, replicationConfig=null} | ret=FAILURE
org.apache.hadoop.ozone.om.exceptions.OMException: Unable to get file status: volume: volume80570 bucket: bucket63586 key: dir1/dir2/key1
	at org.apache.hadoop.ozone.om.KeyManagerImpl.getOzoneFileStatusFSO(KeyManagerImpl.java:1359) ~[ozone-manager-1.4.0-SNAPSHOT.jar:?]
	at org.apache.hadoop.ozone.om.KeyManagerImpl.getFileStatus(KeyManagerImpl.java:1143) ~[ozone-manager-1.4.0-SNAPSHOT.jar:?]
	at org.apache.hadoop.ozone.om.OmMetadataReader.getFileStatus(OmMetadataReader.java:279) ~[ozone-manager-1.4.0-SNAPSHOT.jar:?]
	at org.apache.hadoop.ozone.om.OzoneManager.getFileStatus(OzoneManager.java:3611) ~[ozone-manager-1.4.0-SNAPSHOT.jar:?]
	at org.apache.hadoop.ozone.protocolPB.OzoneManagerRequestHandler.getOzoneFileStatus(OzoneManagerRequestHandler.java:1005) ~[ozone-manager-1.4.0-SNAPSHOT.jar:?]
	at org.apache.hadoop.ozone.protocolPB.OzoneManagerRequestHandler.handleReadRequest(OzoneManagerRequestHandler.java:262) ~[ozone-manager-1.4.0-SNAPSHOT.jar:?]
	at org.apache.hadoop.ozone.protocolPB.OzoneManagerProtocolServerSideTranslatorPB.submitRequestDirectlyToOM(OzoneManagerProtocolServerSideTranslatorPB.java:290) ~[ozone-manager-1.4.0-SNAPSHOT.jar:?]
	at org.apache.hadoop.ozone.protocolPB.OzoneManagerProtocolServerSideTranslatorPB.processRequest(OzoneManagerProtocolServerSideTranslatorPB.java:182) ~[ozone-manager-1.4.0-SNAPSHOT.jar:?]
	at org.apache.hadoop.hdds.server.OzoneProtocolMessageDispatcher.processRequest(OzoneProtocolMessageDispatcher.java:89) [hdds-server-framework-1.4.0-SNAPSHOT.jar:?]
	at org.apache.hadoop.ozone.protocolPB.OzoneManagerProtocolServerSideTranslatorPB.submitRequest(OzoneManagerProtocolServerSideTranslatorPB.java:157) [ozone-manager-1.4.0-SNAPSHOT.jar:?]
	at org.apache.hadoop.ozone.protocol.proto.OzoneManagerProtocolProtos$OzoneManagerService$2.callBlockingMethod(OzoneManagerProtocolProtos.java) [ozone-interface-client-1.4.0-SNAPSHOT.jar:?]
	at org.apache.hadoop.ipc.ProtobufRpcEngine$Server.processCall(ProtobufRpcEngine.java:484) [hadoop-common-3.3.6.jar:?]
	at org.apache.hadoop.ipc.ProtobufRpcEngine2$Server$ProtoBufRpcInvoker.call(ProtobufRpcEngine2.java:595) [hadoop-common-3.3.6.jar:?]
	at org.apache.hadoop.ipc.ProtobufRpcEngine2$Server$ProtoBufRpcInvoker.call(ProtobufRpcEngine2.java:573) [hadoop-common-3.3.6.jar:?]
	at org.apache.hadoop.ipc.RPC$Server.call(RPC.java:1227) [hadoop-common-3.3.6.jar:?]
	at org.apache.hadoop.ipc.Server$RpcCall.run(Server.java:1094) [hadoop-common-3.3.6.jar:?]
	at org.apache.hadoop.ipc.Server$RpcCall.run(Server.java:1017) [hadoop-common-3.3.6.jar:?]
	at java.security.AccessController.doPrivileged(Native Method) ~[?:1.8.0_382]
	at javax.security.auth.Subject.doAs(Subject.java:422) [?:1.8.0_382]
	at org.apache.hadoop.security.UserGroupInformation.doAs(UserGroupInformation.java:1899) [hadoop-common-3.3.6.jar:?]
	at org.apache.hadoop.ipc.Server$Handler.run(Server.java:3048) [hadoop-common-3.3.6.jar:?]
16:43:33.739 [IPC Server handler 8 on default port 15057] ERROR OMAudit - user=runner | ip=127.0.0.1 | op=GET_FILE_STATUS {volume=volume80570, bucket=bucket63586, key=user/runner/dir1, dataSize=0, replicationConfig=null} | ret=FAILURE
org.apache.hadoop.ozone.om.exceptions.OMException: Unable to get file status: volume: volume80570 bucket: bucket63586 key: user/runner/dir1
	at org.apache.hadoop.ozone.om.KeyManagerImpl.getOzoneFileStatusFSO(KeyManagerImpl.java:1359) ~[ozone-manager-1.4.0-SNAPSHOT.jar:?]
	at org.apache.hadoop.ozone.om.KeyManagerImpl.getFileStatus(KeyManagerImpl.java:1143) ~[ozone-manager-1.4.0-SNAPSHOT.jar:?]
	at org.apache.hadoop.ozone.om.OmMetadataReader.getFileStatus(OmMetadataReader.java:279) ~[ozone-manager-1.4.0-SNAPSHOT.jar:?]
	at org.apache.hadoop.ozone.om.OzoneManager.getFileStatus(OzoneManager.java:3611) ~[ozone-manager-1.4.0-SNAPSHOT.jar:?]
	at org.apache.hadoop.ozone.protocolPB.OzoneManagerRequestHandler.getOzoneFileStatus(OzoneManagerRequestHandler.java:1005) ~[ozone-manager-1.4.0-SNAPSHOT.jar:?]
	at org.apache.hadoop.ozone.protocolPB.OzoneManagerRequestHandler.handleReadRequest(OzoneManagerRequestHandler.java:262) ~[ozone-manager-1.4.0-SNAPSHOT.jar:?]
	at org.apache.hadoop.ozone.protocolPB.OzoneManagerProtocolServerSideTranslatorPB.submitRequestDirectlyToOM(OzoneManagerProtocolServerSideTranslatorPB.java:290) ~[ozone-manager-1.4.0-SNAPSHOT.jar:?]
	at org.apache.hadoop.ozone.protocolPB.OzoneManagerProtocolServerSideTranslatorPB.processRequest(OzoneManagerProtocolServerSideTranslatorPB.java:182) ~[ozone-manager-1.4.0-SNAPSHOT.jar:?]
	at org.apache.hadoop.hdds.server.OzoneProtocolMessageDispatcher.processRequest(OzoneProtocolMessageDispatcher.java:89) [hdds-server-framework-1.4.0-SNAPSHOT.jar:?]
	at org.apache.hadoop.ozone.protocolPB.OzoneManagerProtocolServerSideTranslatorPB.submitRequest(OzoneManagerProtocolServerSideTranslatorPB.java:157) [ozone-manager-1.4.0-SNAPSHOT.jar:?]
	at org.apache.hadoop.ozone.protocol.proto.OzoneManagerProtocolProtos$OzoneManagerService$2.callBlockingMethod(OzoneManagerProtocolProtos.java) [ozone-interface-client-1.4.0-SNAPSHOT.jar:?]
	at org.apache.hadoop.ipc.ProtobufRpcEngine$Server.processCall(ProtobufRpcEngine.java:484) [hadoop-common-3.3.6.jar:?]
	at org.apache.hadoop.ipc.ProtobufRpcEngine2$Server$ProtoBufRpcInvoker.call(ProtobufRpcEngine2.java:595) [hadoop-common-3.3.6.jar:?]
	at org.apache.hadoop.ipc.ProtobufRpcEngine2$Server$ProtoBufRpcInvoker.call(ProtobufRpcEngine2.java:573) [hadoop-common-3.3.6.jar:?]
	at org.apache.hadoop.ipc.RPC$Server.call(RPC.java:1227) [hadoop-common-3.3.6.jar:?]
	at org.apache.hadoop.ipc.Server$RpcCall.run(Server.java:1094) [hadoop-common-3.3.6.jar:?]
	at org.apache.hadoop.ipc.Server$RpcCall.run(Server.java:1017) [hadoop-common-3.3.6.jar:?]
	at java.security.AccessController.doPrivileged(Native Method) ~[?:1.8.0_382]
	at javax.security.auth.Subject.doAs(Subject.java:422) [?:1.8.0_382]
	at org.apache.hadoop.security.UserGroupInformation.doAs(UserGroupInformation.java:1899) [hadoop-common-3.3.6.jar:?]
	at org.apache.hadoop.ipc.Server$Handler.run(Server.java:3048) [hadoop-common-3.3.6.jar:?]
16:43:33.740 [IPC Server handler 2 on default port 15057] ERROR OMAudit - user=runner | ip=127.0.0.1 | op=GET_FILE_STATUS {volume=volume80570, bucket=bucket63586, key=user/runner/dir1/dir2, dataSize=0, replicationConfig=null} | ret=FAILURE
org.apache.hadoop.ozone.om.exceptions.OMException: Unable to get file status: volume: volume80570 bucket: bucket63586 key: user/runner/dir1/dir2
	at org.apache.hadoop.ozone.om.KeyManagerImpl.getOzoneFileStatusFSO(KeyManagerImpl.java:1359) ~[ozone-manager-1.4.0-SNAPSHOT.jar:?]
	at org.apache.hadoop.ozone.om.KeyManagerImpl.getFileStatus(KeyManagerImpl.java:1143) ~[ozone-manager-1.4.0-SNAPSHOT.jar:?]
	at org.apache.hadoop.ozone.om.OmMetadataReader.getFileStatus(OmMetadataReader.java:279) ~[ozone-manager-1.4.0-SNAPSHOT.jar:?]
	at org.apache.hadoop.ozone.om.OzoneManager.getFileStatus(OzoneManager.java:3611) ~[ozone-manager-1.4.0-SNAPSHOT.jar:?]
	at org.apache.hadoop.ozone.protocolPB.OzoneManagerRequestHandler.getOzoneFileStatus(OzoneManagerRequestHandler.java:1005) ~[ozone-manager-1.4.0-SNAPSHOT.jar:?]
	at org.apache.hadoop.ozone.protocolPB.OzoneManagerRequestHandler.handleReadRequest(OzoneManagerRequestHandler.java:262) ~[ozone-manager-1.4.0-SNAPSHOT.jar:?]
	at org.apache.hadoop.ozone.protocolPB.OzoneManagerProtocolServerSideTranslatorPB.submitRequestDirectlyToOM(OzoneManagerProtocolServerSideTranslatorPB.java:290) ~[ozone-manager-1.4.0-SNAPSHOT.jar:?]
	at org.apache.hadoop.ozone.protocolPB.OzoneManagerProtocolServerSideTranslatorPB.processRequest(OzoneManagerProtocolServerSideTranslatorPB.java:182) ~[ozone-manager-1.4.0-SNAPSHOT.jar:?]
	at org.apache.hadoop.hdds.server.OzoneProtocolMessageDispatcher.processRequest(OzoneProtocolMessageDispatcher.java:89) [hdds-server-framework-1.4.0-SNAPSHOT.jar:?]
	at org.apache.hadoop.ozone.protocolPB.OzoneManagerProtocolServerSideTranslatorPB.submitRequest(OzoneManagerProtocolServerSideTranslatorPB.java:157) [ozone-manager-1.4.0-SNAPSHOT.jar:?]
	at org.apache.hadoop.ozone.protocol.proto.OzoneManagerProtocolProtos$OzoneManagerService$2.callBlockingMethod(OzoneManagerProtocolProtos.java) [ozone-interface-client-1.4.0-SNAPSHOT.jar:?]
	at org.apache.hadoop.ipc.ProtobufRpcEngine$Server.processCall(ProtobufRpcEngine.java:484) [hadoop-common-3.3.6.jar:?]
	at org.apache.hadoop.ipc.ProtobufRpcEngine2$Server$ProtoBufRpcInvoker.call(ProtobufRpcEngine2.java:595) [hadoop-common-3.3.6.jar:?]
	at org.apache.hadoop.ipc.ProtobufRpcEngine2$Server$ProtoBufRpcInvoker.call(ProtobufRpcEngine2.java:573) [hadoop-common-3.3.6.jar:?]
	at org.apache.hadoop.ipc.RPC$Server.call(RPC.java:1227) [hadoop-common-3.3.6.jar:?]
	at org.apache.hadoop.ipc.Server$RpcCall.run(Server.java:1094) [hadoop-common-3.3.6.jar:?]
	at org.apache.hadoop.ipc.Server$RpcCall.run(Server.java:1017) [hadoop-common-3.3.6.jar:?]
	at java.security.AccessController.doPrivileged(Native Method) ~[?:1.8.0_382]
	at javax.security.auth.Subject.doAs(Subject.java:422) [?:1.8.0_382]
	at org.apache.hadoop.security.UserGroupInformation.doAs(UserGroupInformation.java:1899) [hadoop-common-3.3.6.jar:?]
	at org.apache.hadoop.ipc.Server$Handler.run(Server.java:3048) [hadoop-common-3.3.6.jar:?]
]]></system-out>
  </testcase>
  <testcase name="testMakeDirsWithAnFakeDirectory" classname="TestOzoneFileSystemWithFSO" time="0.063">
    <system-out><![CDATA[16:42:59.784 [IPC Server handler 17 on default port 15004] ERROR OMAudit - user=runner | ip=127.0.0.1 | op=GET_FILE_STATUS {volume=volume13981, bucket=bucket57402, key=user/runner/dir1/dir2, dataSize=0, replicationConfig=null} | ret=FAILURE
org.apache.hadoop.ozone.om.exceptions.OMException: Unable to get file status: volume: volume13981 bucket: bucket57402 key: user/runner/dir1/dir2
	at org.apache.hadoop.ozone.om.KeyManagerImpl.getOzoneFileStatusFSO(KeyManagerImpl.java:1359) ~[ozone-manager-1.4.0-SNAPSHOT.jar:?]
	at org.apache.hadoop.ozone.om.KeyManagerImpl.getFileStatus(KeyManagerImpl.java:1143) ~[ozone-manager-1.4.0-SNAPSHOT.jar:?]
	at org.apache.hadoop.ozone.om.OmMetadataReader.getFileStatus(OmMetadataReader.java:279) ~[ozone-manager-1.4.0-SNAPSHOT.jar:?]
	at org.apache.hadoop.ozone.om.OzoneManager.getFileStatus(OzoneManager.java:3611) ~[ozone-manager-1.4.0-SNAPSHOT.jar:?]
	at org.apache.hadoop.ozone.protocolPB.OzoneManagerRequestHandler.getOzoneFileStatus(OzoneManagerRequestHandler.java:1005) ~[ozone-manager-1.4.0-SNAPSHOT.jar:?]
	at org.apache.hadoop.ozone.protocolPB.OzoneManagerRequestHandler.handleReadRequest(OzoneManagerRequestHandler.java:262) ~[ozone-manager-1.4.0-SNAPSHOT.jar:?]
	at org.apache.hadoop.ozone.protocolPB.OzoneManagerProtocolServerSideTranslatorPB.submitReadRequestToOM(OzoneManagerProtocolServerSideTranslatorPB.java:241) ~[ozone-manager-1.4.0-SNAPSHOT.jar:?]
	at org.apache.hadoop.ozone.protocolPB.OzoneManagerProtocolServerSideTranslatorPB.processRequest(OzoneManagerProtocolServerSideTranslatorPB.java:186) ~[ozone-manager-1.4.0-SNAPSHOT.jar:?]
	at org.apache.hadoop.hdds.server.OzoneProtocolMessageDispatcher.processRequest(OzoneProtocolMessageDispatcher.java:89) [hdds-server-framework-1.4.0-SNAPSHOT.jar:?]
	at org.apache.hadoop.ozone.protocolPB.OzoneManagerProtocolServerSideTranslatorPB.submitRequest(OzoneManagerProtocolServerSideTranslatorPB.java:157) [ozone-manager-1.4.0-SNAPSHOT.jar:?]
	at org.apache.hadoop.ozone.protocol.proto.OzoneManagerProtocolProtos$OzoneManagerService$2.callBlockingMethod(OzoneManagerProtocolProtos.java) [ozone-interface-client-1.4.0-SNAPSHOT.jar:?]
	at org.apache.hadoop.ipc.ProtobufRpcEngine$Server.processCall(ProtobufRpcEngine.java:484) [hadoop-common-3.3.6.jar:?]
	at org.apache.hadoop.ipc.ProtobufRpcEngine2$Server$ProtoBufRpcInvoker.call(ProtobufRpcEngine2.java:595) [hadoop-common-3.3.6.jar:?]
	at org.apache.hadoop.ipc.ProtobufRpcEngine2$Server$ProtoBufRpcInvoker.call(ProtobufRpcEngine2.java:573) [hadoop-common-3.3.6.jar:?]
	at org.apache.hadoop.ipc.RPC$Server.call(RPC.java:1227) [hadoop-common-3.3.6.jar:?]
	at org.apache.hadoop.ipc.Server$RpcCall.run(Server.java:1094) [hadoop-common-3.3.6.jar:?]
	at org.apache.hadoop.ipc.Server$RpcCall.run(Server.java:1017) [hadoop-common-3.3.6.jar:?]
	at java.security.AccessController.doPrivileged(Native Method) ~[?:1.8.0_382]
	at javax.security.auth.Subject.doAs(Subject.java:422) [?:1.8.0_382]
	at org.apache.hadoop.security.UserGroupInformation.doAs(UserGroupInformation.java:1899) [hadoop-common-3.3.6.jar:?]
	at org.apache.hadoop.ipc.Server$Handler.run(Server.java:3048) [hadoop-common-3.3.6.jar:?]
]]></system-out>
  </testcase>
  <testcase name="testMakeDirsWithAnFakeDirectory" classname="TestOzoneFileSystemWithFSO" time="0.025">
    <system-out><![CDATA[16:43:33.760 [IPC Server handler 14 on default port 15057] ERROR OMAudit - user=runner | ip=127.0.0.1 | op=GET_FILE_STATUS {volume=volume80570, bucket=bucket63586, key=user/runner/dir1/dir2, dataSize=0, replicationConfig=null} | ret=FAILURE
org.apache.hadoop.ozone.om.exceptions.OMException: Unable to get file status: volume: volume80570 bucket: bucket63586 key: user/runner/dir1/dir2
	at org.apache.hadoop.ozone.om.KeyManagerImpl.getOzoneFileStatusFSO(KeyManagerImpl.java:1359) ~[ozone-manager-1.4.0-SNAPSHOT.jar:?]
	at org.apache.hadoop.ozone.om.KeyManagerImpl.getFileStatus(KeyManagerImpl.java:1143) ~[ozone-manager-1.4.0-SNAPSHOT.jar:?]
	at org.apache.hadoop.ozone.om.OmMetadataReader.getFileStatus(OmMetadataReader.java:279) ~[ozone-manager-1.4.0-SNAPSHOT.jar:?]
	at org.apache.hadoop.ozone.om.OzoneManager.getFileStatus(OzoneManager.java:3611) ~[ozone-manager-1.4.0-SNAPSHOT.jar:?]
	at org.apache.hadoop.ozone.protocolPB.OzoneManagerRequestHandler.getOzoneFileStatus(OzoneManagerRequestHandler.java:1005) ~[ozone-manager-1.4.0-SNAPSHOT.jar:?]
	at org.apache.hadoop.ozone.protocolPB.OzoneManagerRequestHandler.handleReadRequest(OzoneManagerRequestHandler.java:262) ~[ozone-manager-1.4.0-SNAPSHOT.jar:?]
	at org.apache.hadoop.ozone.protocolPB.OzoneManagerProtocolServerSideTranslatorPB.submitRequestDirectlyToOM(OzoneManagerProtocolServerSideTranslatorPB.java:290) ~[ozone-manager-1.4.0-SNAPSHOT.jar:?]
	at org.apache.hadoop.ozone.protocolPB.OzoneManagerProtocolServerSideTranslatorPB.processRequest(OzoneManagerProtocolServerSideTranslatorPB.java:182) ~[ozone-manager-1.4.0-SNAPSHOT.jar:?]
	at org.apache.hadoop.hdds.server.OzoneProtocolMessageDispatcher.processRequest(OzoneProtocolMessageDispatcher.java:89) [hdds-server-framework-1.4.0-SNAPSHOT.jar:?]
	at org.apache.hadoop.ozone.protocolPB.OzoneManagerProtocolServerSideTranslatorPB.submitRequest(OzoneManagerProtocolServerSideTranslatorPB.java:157) [ozone-manager-1.4.0-SNAPSHOT.jar:?]
	at org.apache.hadoop.ozone.protocol.proto.OzoneManagerProtocolProtos$OzoneManagerService$2.callBlockingMethod(OzoneManagerProtocolProtos.java) [ozone-interface-client-1.4.0-SNAPSHOT.jar:?]
	at org.apache.hadoop.ipc.ProtobufRpcEngine$Server.processCall(ProtobufRpcEngine.java:484) [hadoop-common-3.3.6.jar:?]
	at org.apache.hadoop.ipc.ProtobufRpcEngine2$Server$ProtoBufRpcInvoker.call(ProtobufRpcEngine2.java:595) [hadoop-common-3.3.6.jar:?]
	at org.apache.hadoop.ipc.ProtobufRpcEngine2$Server$ProtoBufRpcInvoker.call(ProtobufRpcEngine2.java:573) [hadoop-common-3.3.6.jar:?]
	at org.apache.hadoop.ipc.RPC$Server.call(RPC.java:1227) [hadoop-common-3.3.6.jar:?]
	at org.apache.hadoop.ipc.Server$RpcCall.run(Server.java:1094) [hadoop-common-3.3.6.jar:?]
	at org.apache.hadoop.ipc.Server$RpcCall.run(Server.java:1017) [hadoop-common-3.3.6.jar:?]
	at java.security.AccessController.doPrivileged(Native Method) ~[?:1.8.0_382]
	at javax.security.auth.Subject.doAs(Subject.java:422) [?:1.8.0_382]
	at org.apache.hadoop.security.UserGroupInformation.doAs(UserGroupInformation.java:1899) [hadoop-common-3.3.6.jar:?]
	at org.apache.hadoop.ipc.Server$Handler.run(Server.java:3048) [hadoop-common-3.3.6.jar:?]
]]></system-out>
  </testcase>
  <testcase name="testFileDelete" classname="TestOzoneFileSystemWithFSO" time="0.306">
    <system-out><![CDATA[16:43:00.089 [IPC Server handler 10 on default port 15004] ERROR OMAudit - user=runner | ip=127.0.0.1 | op=GET_FILE_STATUS {volume=volume13981, bucket=bucket57402, key=testBatchDelete, dataSize=0, replicationConfig=null} | ret=FAILURE
org.apache.hadoop.ozone.om.exceptions.OMException: Unable to get file status: volume: volume13981 bucket: bucket57402 key: testBatchDelete
	at org.apache.hadoop.ozone.om.KeyManagerImpl.getOzoneFileStatusFSO(KeyManagerImpl.java:1359) ~[ozone-manager-1.4.0-SNAPSHOT.jar:?]
	at org.apache.hadoop.ozone.om.KeyManagerImpl.getFileStatus(KeyManagerImpl.java:1143) ~[ozone-manager-1.4.0-SNAPSHOT.jar:?]
	at org.apache.hadoop.ozone.om.OmMetadataReader.getFileStatus(OmMetadataReader.java:279) ~[ozone-manager-1.4.0-SNAPSHOT.jar:?]
	at org.apache.hadoop.ozone.om.OzoneManager.getFileStatus(OzoneManager.java:3611) ~[ozone-manager-1.4.0-SNAPSHOT.jar:?]
	at org.apache.hadoop.ozone.protocolPB.OzoneManagerRequestHandler.getOzoneFileStatus(OzoneManagerRequestHandler.java:1005) ~[ozone-manager-1.4.0-SNAPSHOT.jar:?]
	at org.apache.hadoop.ozone.protocolPB.OzoneManagerRequestHandler.handleReadRequest(OzoneManagerRequestHandler.java:262) ~[ozone-manager-1.4.0-SNAPSHOT.jar:?]
	at org.apache.hadoop.ozone.protocolPB.OzoneManagerProtocolServerSideTranslatorPB.submitReadRequestToOM(OzoneManagerProtocolServerSideTranslatorPB.java:241) ~[ozone-manager-1.4.0-SNAPSHOT.jar:?]
	at org.apache.hadoop.ozone.protocolPB.OzoneManagerProtocolServerSideTranslatorPB.processRequest(OzoneManagerProtocolServerSideTranslatorPB.java:186) ~[ozone-manager-1.4.0-SNAPSHOT.jar:?]
	at org.apache.hadoop.hdds.server.OzoneProtocolMessageDispatcher.processRequest(OzoneProtocolMessageDispatcher.java:89) [hdds-server-framework-1.4.0-SNAPSHOT.jar:?]
	at org.apache.hadoop.ozone.protocolPB.OzoneManagerProtocolServerSideTranslatorPB.submitRequest(OzoneManagerProtocolServerSideTranslatorPB.java:157) [ozone-manager-1.4.0-SNAPSHOT.jar:?]
	at org.apache.hadoop.ozone.protocol.proto.OzoneManagerProtocolProtos$OzoneManagerService$2.callBlockingMethod(OzoneManagerProtocolProtos.java) [ozone-interface-client-1.4.0-SNAPSHOT.jar:?]
	at org.apache.hadoop.ipc.ProtobufRpcEngine$Server.processCall(ProtobufRpcEngine.java:484) [hadoop-common-3.3.6.jar:?]
	at org.apache.hadoop.ipc.ProtobufRpcEngine2$Server$ProtoBufRpcInvoker.call(ProtobufRpcEngine2.java:595) [hadoop-common-3.3.6.jar:?]
	at org.apache.hadoop.ipc.ProtobufRpcEngine2$Server$ProtoBufRpcInvoker.call(ProtobufRpcEngine2.java:573) [hadoop-common-3.3.6.jar:?]
	at org.apache.hadoop.ipc.RPC$Server.call(RPC.java:1227) [hadoop-common-3.3.6.jar:?]
	at org.apache.hadoop.ipc.Server$RpcCall.run(Server.java:1094) [hadoop-common-3.3.6.jar:?]
	at org.apache.hadoop.ipc.Server$RpcCall.run(Server.java:1017) [hadoop-common-3.3.6.jar:?]
	at java.security.AccessController.doPrivileged(Native Method) ~[?:1.8.0_382]
	at javax.security.auth.Subject.doAs(Subject.java:422) [?:1.8.0_382]
	at org.apache.hadoop.security.UserGroupInformation.doAs(UserGroupInformation.java:1899) [hadoop-common-3.3.6.jar:?]
	at org.apache.hadoop.ipc.Server$Handler.run(Server.java:3048) [hadoop-common-3.3.6.jar:?]
16:43:00.091 [IPC Server handler 8 on default port 15004] ERROR OMAudit - user=runner | ip=127.0.0.1 | op=GET_FILE_STATUS {volume=volume13981, bucket=bucket57402, key=testBatchDelete/parent/child0, dataSize=0, replicationConfig=null} | ret=FAILURE
org.apache.hadoop.ozone.om.exceptions.OMException: Unable to get file status: volume: volume13981 bucket: bucket57402 key: testBatchDelete/parent/child0
	at org.apache.hadoop.ozone.om.KeyManagerImpl.getOzoneFileStatusFSO(KeyManagerImpl.java:1359) ~[ozone-manager-1.4.0-SNAPSHOT.jar:?]
	at org.apache.hadoop.ozone.om.KeyManagerImpl.getFileStatus(KeyManagerImpl.java:1143) ~[ozone-manager-1.4.0-SNAPSHOT.jar:?]
	at org.apache.hadoop.ozone.om.OmMetadataReader.getFileStatus(OmMetadataReader.java:279) ~[ozone-manager-1.4.0-SNAPSHOT.jar:?]
	at org.apache.hadoop.ozone.om.OzoneManager.getFileStatus(OzoneManager.java:3611) ~[ozone-manager-1.4.0-SNAPSHOT.jar:?]
	at org.apache.hadoop.ozone.protocolPB.OzoneManagerRequestHandler.getOzoneFileStatus(OzoneManagerRequestHandler.java:1005) ~[ozone-manager-1.4.0-SNAPSHOT.jar:?]
	at org.apache.hadoop.ozone.protocolPB.OzoneManagerRequestHandler.handleReadRequest(OzoneManagerRequestHandler.java:262) ~[ozone-manager-1.4.0-SNAPSHOT.jar:?]
	at org.apache.hadoop.ozone.protocolPB.OzoneManagerProtocolServerSideTranslatorPB.submitReadRequestToOM(OzoneManagerProtocolServerSideTranslatorPB.java:241) ~[ozone-manager-1.4.0-SNAPSHOT.jar:?]
	at org.apache.hadoop.ozone.protocolPB.OzoneManagerProtocolServerSideTranslatorPB.processRequest(OzoneManagerProtocolServerSideTranslatorPB.java:186) ~[ozone-manager-1.4.0-SNAPSHOT.jar:?]
	at org.apache.hadoop.hdds.server.OzoneProtocolMessageDispatcher.processRequest(OzoneProtocolMessageDispatcher.java:89) [hdds-server-framework-1.4.0-SNAPSHOT.jar:?]
	at org.apache.hadoop.ozone.protocolPB.OzoneManagerProtocolServerSideTranslatorPB.submitRequest(OzoneManagerProtocolServerSideTranslatorPB.java:157) [ozone-manager-1.4.0-SNAPSHOT.jar:?]
	at org.apache.hadoop.ozone.protocol.proto.OzoneManagerProtocolProtos$OzoneManagerService$2.callBlockingMethod(OzoneManagerProtocolProtos.java) [ozone-interface-client-1.4.0-SNAPSHOT.jar:?]
	at org.apache.hadoop.ipc.ProtobufRpcEngine$Server.processCall(ProtobufRpcEngine.java:484) [hadoop-common-3.3.6.jar:?]
	at org.apache.hadoop.ipc.ProtobufRpcEngine2$Server$ProtoBufRpcInvoker.call(ProtobufRpcEngine2.java:595) [hadoop-common-3.3.6.jar:?]
	at org.apache.hadoop.ipc.ProtobufRpcEngine2$Server$ProtoBufRpcInvoker.call(ProtobufRpcEngine2.java:573) [hadoop-common-3.3.6.jar:?]
	at org.apache.hadoop.ipc.RPC$Server.call(RPC.java:1227) [hadoop-common-3.3.6.jar:?]
	at org.apache.hadoop.ipc.Server$RpcCall.run(Server.java:1094) [hadoop-common-3.3.6.jar:?]
	at org.apache.hadoop.ipc.Server$RpcCall.run(Server.java:1017) [hadoop-common-3.3.6.jar:?]
	at java.security.AccessController.doPrivileged(Native Method) ~[?:1.8.0_382]
	at javax.security.auth.Subject.doAs(Subject.java:422) [?:1.8.0_382]
	at org.apache.hadoop.security.UserGroupInformation.doAs(UserGroupInformation.java:1899) [hadoop-common-3.3.6.jar:?]
	at org.apache.hadoop.ipc.Server$Handler.run(Server.java:3048) [hadoop-common-3.3.6.jar:?]
16:43:00.093 [IPC Server handler 11 on default port 15004] ERROR OMAudit - user=runner | ip=127.0.0.1 | op=GET_FILE_STATUS {volume=volume13981, bucket=bucket57402, key=testBatchDelete/parent/childFolder/child0, dataSize=0, replicationConfig=null} | ret=FAILURE
org.apache.hadoop.ozone.om.exceptions.OMException: Unable to get file status: volume: volume13981 bucket: bucket57402 key: testBatchDelete/parent/childFolder/child0
	at org.apache.hadoop.ozone.om.KeyManagerImpl.getOzoneFileStatusFSO(KeyManagerImpl.java:1359) ~[ozone-manager-1.4.0-SNAPSHOT.jar:?]
	at org.apache.hadoop.ozone.om.KeyManagerImpl.getFileStatus(KeyManagerImpl.java:1143) ~[ozone-manager-1.4.0-SNAPSHOT.jar:?]
	at org.apache.hadoop.ozone.om.OmMetadataReader.getFileStatus(OmMetadataReader.java:279) ~[ozone-manager-1.4.0-SNAPSHOT.jar:?]
	at org.apache.hadoop.ozone.om.OzoneManager.getFileStatus(OzoneManager.java:3611) ~[ozone-manager-1.4.0-SNAPSHOT.jar:?]
	at org.apache.hadoop.ozone.protocolPB.OzoneManagerRequestHandler.getOzoneFileStatus(OzoneManagerRequestHandler.java:1005) ~[ozone-manager-1.4.0-SNAPSHOT.jar:?]
	at org.apache.hadoop.ozone.protocolPB.OzoneManagerRequestHandler.handleReadRequest(OzoneManagerRequestHandler.java:262) ~[ozone-manager-1.4.0-SNAPSHOT.jar:?]
	at org.apache.hadoop.ozone.protocolPB.OzoneManagerProtocolServerSideTranslatorPB.submitReadRequestToOM(OzoneManagerProtocolServerSideTranslatorPB.java:241) ~[ozone-manager-1.4.0-SNAPSHOT.jar:?]
	at org.apache.hadoop.ozone.protocolPB.OzoneManagerProtocolServerSideTranslatorPB.processRequest(OzoneManagerProtocolServerSideTranslatorPB.java:186) ~[ozone-manager-1.4.0-SNAPSHOT.jar:?]
	at org.apache.hadoop.hdds.server.OzoneProtocolMessageDispatcher.processRequest(OzoneProtocolMessageDispatcher.java:89) [hdds-server-framework-1.4.0-SNAPSHOT.jar:?]
	at org.apache.hadoop.ozone.protocolPB.OzoneManagerProtocolServerSideTranslatorPB.submitRequest(OzoneManagerProtocolServerSideTranslatorPB.java:157) [ozone-manager-1.4.0-SNAPSHOT.jar:?]
	at org.apache.hadoop.ozone.protocol.proto.OzoneManagerProtocolProtos$OzoneManagerService$2.callBlockingMethod(OzoneManagerProtocolProtos.java) [ozone-interface-client-1.4.0-SNAPSHOT.jar:?]
	at org.apache.hadoop.ipc.ProtobufRpcEngine$Server.processCall(ProtobufRpcEngine.java:484) [hadoop-common-3.3.6.jar:?]
	at org.apache.hadoop.ipc.ProtobufRpcEngine2$Server$ProtoBufRpcInvoker.call(ProtobufRpcEngine2.java:595) [hadoop-common-3.3.6.jar:?]
	at org.apache.hadoop.ipc.ProtobufRpcEngine2$Server$ProtoBufRpcInvoker.call(ProtobufRpcEngine2.java:573) [hadoop-common-3.3.6.jar:?]
	at org.apache.hadoop.ipc.RPC$Server.call(RPC.java:1227) [hadoop-common-3.3.6.jar:?]
	at org.apache.hadoop.ipc.Server$RpcCall.run(Server.java:1094) [hadoop-common-3.3.6.jar:?]
	at org.apache.hadoop.ipc.Server$RpcCall.run(Server.java:1017) [hadoop-common-3.3.6.jar:?]
	at java.security.AccessController.doPrivileged(Native Method) ~[?:1.8.0_382]
	at javax.security.auth.Subject.doAs(Subject.java:422) [?:1.8.0_382]
	at org.apache.hadoop.security.UserGroupInformation.doAs(UserGroupInformation.java:1899) [hadoop-common-3.3.6.jar:?]
	at org.apache.hadoop.ipc.Server$Handler.run(Server.java:3048) [hadoop-common-3.3.6.jar:?]
16:43:00.095 [IPC Server handler 5 on default port 15004] ERROR OMAudit - user=runner | ip=127.0.0.1 | op=GET_FILE_STATUS {volume=volume13981, bucket=bucket57402, key=testBatchDelete/parent/child1, dataSize=0, replicationConfig=null} | ret=FAILURE
org.apache.hadoop.ozone.om.exceptions.OMException: Unable to get file status: volume: volume13981 bucket: bucket57402 key: testBatchDelete/parent/child1
	at org.apache.hadoop.ozone.om.KeyManagerImpl.getOzoneFileStatusFSO(KeyManagerImpl.java:1359) ~[ozone-manager-1.4.0-SNAPSHOT.jar:?]
	at org.apache.hadoop.ozone.om.KeyManagerImpl.getFileStatus(KeyManagerImpl.java:1143) ~[ozone-manager-1.4.0-SNAPSHOT.jar:?]
	at org.apache.hadoop.ozone.om.OmMetadataReader.getFileStatus(OmMetadataReader.java:279) ~[ozone-manager-1.4.0-SNAPSHOT.jar:?]
	at org.apache.hadoop.ozone.om.OzoneManager.getFileStatus(OzoneManager.java:3611) ~[ozone-manager-1.4.0-SNAPSHOT.jar:?]
	at org.apache.hadoop.ozone.protocolPB.OzoneManagerRequestHandler.getOzoneFileStatus(OzoneManagerRequestHandler.java:1005) ~[ozone-manager-1.4.0-SNAPSHOT.jar:?]
	at org.apache.hadoop.ozone.protocolPB.OzoneManagerRequestHandler.handleReadRequest(OzoneManagerRequestHandler.java:262) ~[ozone-manager-1.4.0-SNAPSHOT.jar:?]
	at org.apache.hadoop.ozone.protocolPB.OzoneManagerProtocolServerSideTranslatorPB.submitReadRequestToOM(OzoneManagerProtocolServerSideTranslatorPB.java:241) ~[ozone-manager-1.4.0-SNAPSHOT.jar:?]
	at org.apache.hadoop.ozone.protocolPB.OzoneManagerProtocolServerSideTranslatorPB.processRequest(OzoneManagerProtocolServerSideTranslatorPB.java:186) ~[ozone-manager-1.4.0-SNAPSHOT.jar:?]
	at org.apache.hadoop.hdds.server.OzoneProtocolMessageDispatcher.processRequest(OzoneProtocolMessageDispatcher.java:89) [hdds-server-framework-1.4.0-SNAPSHOT.jar:?]
	at org.apache.hadoop.ozone.protocolPB.OzoneManagerProtocolServerSideTranslatorPB.submitRequest(OzoneManagerProtocolServerSideTranslatorPB.java:157) [ozone-manager-1.4.0-SNAPSHOT.jar:?]
	at org.apache.hadoop.ozone.protocol.proto.OzoneManagerProtocolProtos$OzoneManagerService$2.callBlockingMethod(OzoneManagerProtocolProtos.java) [ozone-interface-client-1.4.0-SNAPSHOT.jar:?]
	at org.apache.hadoop.ipc.ProtobufRpcEngine$Server.processCall(ProtobufRpcEngine.java:484) [hadoop-common-3.3.6.jar:?]
	at org.apache.hadoop.ipc.ProtobufRpcEngine2$Server$ProtoBufRpcInvoker.call(ProtobufRpcEngine2.java:595) [hadoop-common-3.3.6.jar:?]
	at org.apache.hadoop.ipc.ProtobufRpcEngine2$Server$ProtoBufRpcInvoker.call(ProtobufRpcEngine2.java:573) [hadoop-common-3.3.6.jar:?]
	at org.apache.hadoop.ipc.RPC$Server.call(RPC.java:1227) [hadoop-common-3.3.6.jar:?]
	at org.apache.hadoop.ipc.Server$RpcCall.run(Server.java:1094) [hadoop-common-3.3.6.jar:?]
	at org.apache.hadoop.ipc.Server$RpcCall.run(Server.java:1017) [hadoop-common-3.3.6.jar:?]
	at java.security.AccessController.doPrivileged(Native Method) ~[?:1.8.0_382]
	at javax.security.auth.Subject.doAs(Subject.java:422) [?:1.8.0_382]
	at org.apache.hadoop.security.UserGroupInformation.doAs(UserGroupInformation.java:1899) [hadoop-common-3.3.6.jar:?]
	at org.apache.hadoop.ipc.Server$Handler.run(Server.java:3048) [hadoop-common-3.3.6.jar:?]
16:43:00.097 [IPC Server handler 4 on default port 15004] ERROR OMAudit - user=runner | ip=127.0.0.1 | op=GET_FILE_STATUS {volume=volume13981, bucket=bucket57402, key=testBatchDelete/parent/childFolder/child1, dataSize=0, replicationConfig=null} | ret=FAILURE
org.apache.hadoop.ozone.om.exceptions.OMException: Unable to get file status: volume: volume13981 bucket: bucket57402 key: testBatchDelete/parent/childFolder/child1
	at org.apache.hadoop.ozone.om.KeyManagerImpl.getOzoneFileStatusFSO(KeyManagerImpl.java:1359) ~[ozone-manager-1.4.0-SNAPSHOT.jar:?]
	at org.apache.hadoop.ozone.om.KeyManagerImpl.getFileStatus(KeyManagerImpl.java:1143) ~[ozone-manager-1.4.0-SNAPSHOT.jar:?]
	at org.apache.hadoop.ozone.om.OmMetadataReader.getFileStatus(OmMetadataReader.java:279) ~[ozone-manager-1.4.0-SNAPSHOT.jar:?]
	at org.apache.hadoop.ozone.om.OzoneManager.getFileStatus(OzoneManager.java:3611) ~[ozone-manager-1.4.0-SNAPSHOT.jar:?]
	at org.apache.hadoop.ozone.protocolPB.OzoneManagerRequestHandler.getOzoneFileStatus(OzoneManagerRequestHandler.java:1005) ~[ozone-manager-1.4.0-SNAPSHOT.jar:?]
	at org.apache.hadoop.ozone.protocolPB.OzoneManagerRequestHandler.handleReadRequest(OzoneManagerRequestHandler.java:262) ~[ozone-manager-1.4.0-SNAPSHOT.jar:?]
	at org.apache.hadoop.ozone.protocolPB.OzoneManagerProtocolServerSideTranslatorPB.submitReadRequestToOM(OzoneManagerProtocolServerSideTranslatorPB.java:241) ~[ozone-manager-1.4.0-SNAPSHOT.jar:?]
	at org.apache.hadoop.ozone.protocolPB.OzoneManagerProtocolServerSideTranslatorPB.processRequest(OzoneManagerProtocolServerSideTranslatorPB.java:186) ~[ozone-manager-1.4.0-SNAPSHOT.jar:?]
	at org.apache.hadoop.hdds.server.OzoneProtocolMessageDispatcher.processRequest(OzoneProtocolMessageDispatcher.java:89) [hdds-server-framework-1.4.0-SNAPSHOT.jar:?]
	at org.apache.hadoop.ozone.protocolPB.OzoneManagerProtocolServerSideTranslatorPB.submitRequest(OzoneManagerProtocolServerSideTranslatorPB.java:157) [ozone-manager-1.4.0-SNAPSHOT.jar:?]
	at org.apache.hadoop.ozone.protocol.proto.OzoneManagerProtocolProtos$OzoneManagerService$2.callBlockingMethod(OzoneManagerProtocolProtos.java) [ozone-interface-client-1.4.0-SNAPSHOT.jar:?]
	at org.apache.hadoop.ipc.ProtobufRpcEngine$Server.processCall(ProtobufRpcEngine.java:484) [hadoop-common-3.3.6.jar:?]
	at org.apache.hadoop.ipc.ProtobufRpcEngine2$Server$ProtoBufRpcInvoker.call(ProtobufRpcEngine2.java:595) [hadoop-common-3.3.6.jar:?]
	at org.apache.hadoop.ipc.ProtobufRpcEngine2$Server$ProtoBufRpcInvoker.call(ProtobufRpcEngine2.java:573) [hadoop-common-3.3.6.jar:?]
	at org.apache.hadoop.ipc.RPC$Server.call(RPC.java:1227) [hadoop-common-3.3.6.jar:?]
	at org.apache.hadoop.ipc.Server$RpcCall.run(Server.java:1094) [hadoop-common-3.3.6.jar:?]
	at org.apache.hadoop.ipc.Server$RpcCall.run(Server.java:1017) [hadoop-common-3.3.6.jar:?]
	at java.security.AccessController.doPrivileged(Native Method) ~[?:1.8.0_382]
	at javax.security.auth.Subject.doAs(Subject.java:422) [?:1.8.0_382]
	at org.apache.hadoop.security.UserGroupInformation.doAs(UserGroupInformation.java:1899) [hadoop-common-3.3.6.jar:?]
	at org.apache.hadoop.ipc.Server$Handler.run(Server.java:3048) [hadoop-common-3.3.6.jar:?]
16:43:00.099 [IPC Server handler 14 on default port 15004] ERROR OMAudit - user=runner | ip=127.0.0.1 | op=GET_FILE_STATUS {volume=volume13981, bucket=bucket57402, key=testBatchDelete/parent/child2, dataSize=0, replicationConfig=null} | ret=FAILURE
org.apache.hadoop.ozone.om.exceptions.OMException: Unable to get file status: volume: volume13981 bucket: bucket57402 key: testBatchDelete/parent/child2
	at org.apache.hadoop.ozone.om.KeyManagerImpl.getOzoneFileStatusFSO(KeyManagerImpl.java:1359) ~[ozone-manager-1.4.0-SNAPSHOT.jar:?]
	at org.apache.hadoop.ozone.om.KeyManagerImpl.getFileStatus(KeyManagerImpl.java:1143) ~[ozone-manager-1.4.0-SNAPSHOT.jar:?]
	at org.apache.hadoop.ozone.om.OmMetadataReader.getFileStatus(OmMetadataReader.java:279) ~[ozone-manager-1.4.0-SNAPSHOT.jar:?]
	at org.apache.hadoop.ozone.om.OzoneManager.getFileStatus(OzoneManager.java:3611) ~[ozone-manager-1.4.0-SNAPSHOT.jar:?]
	at org.apache.hadoop.ozone.protocolPB.OzoneManagerRequestHandler.getOzoneFileStatus(OzoneManagerRequestHandler.java:1005) ~[ozone-manager-1.4.0-SNAPSHOT.jar:?]
	at org.apache.hadoop.ozone.protocolPB.OzoneManagerRequestHandler.handleReadRequest(OzoneManagerRequestHandler.java:262) ~[ozone-manager-1.4.0-SNAPSHOT.jar:?]
	at org.apache.hadoop.ozone.protocolPB.OzoneManagerProtocolServerSideTranslatorPB.submitReadRequestToOM(OzoneManagerProtocolServerSideTranslatorPB.java:241) ~[ozone-manager-1.4.0-SNAPSHOT.jar:?]
	at org.apache.hadoop.ozone.protocolPB.OzoneManagerProtocolServerSideTranslatorPB.processRequest(OzoneManagerProtocolServerSideTranslatorPB.java:186) ~[ozone-manager-1.4.0-SNAPSHOT.jar:?]
	at org.apache.hadoop.hdds.server.OzoneProtocolMessageDispatcher.processRequest(OzoneProtocolMessageDispatcher.java:89) [hdds-server-framework-1.4.0-SNAPSHOT.jar:?]
	at org.apache.hadoop.ozone.protocolPB.OzoneManagerProtocolServerSideTranslatorPB.submitRequest(OzoneManagerProtocolServerSideTranslatorPB.java:157) [ozone-manager-1.4.0-SNAPSHOT.jar:?]
	at org.apache.hadoop.ozone.protocol.proto.OzoneManagerProtocolProtos$OzoneManagerService$2.callBlockingMethod(OzoneManagerProtocolProtos.java) [ozone-interface-client-1.4.0-SNAPSHOT.jar:?]
	at org.apache.hadoop.ipc.ProtobufRpcEngine$Server.processCall(ProtobufRpcEngine.java:484) [hadoop-common-3.3.6.jar:?]
	at org.apache.hadoop.ipc.ProtobufRpcEngine2$Server$ProtoBufRpcInvoker.call(ProtobufRpcEngine2.java:595) [hadoop-common-3.3.6.jar:?]
	at org.apache.hadoop.ipc.ProtobufRpcEngine2$Server$ProtoBufRpcInvoker.call(ProtobufRpcEngine2.java:573) [hadoop-common-3.3.6.jar:?]
	at org.apache.hadoop.ipc.RPC$Server.call(RPC.java:1227) [hadoop-common-3.3.6.jar:?]
	at org.apache.hadoop.ipc.Server$RpcCall.run(Server.java:1094) [hadoop-common-3.3.6.jar:?]
	at org.apache.hadoop.ipc.Server$RpcCall.run(Server.java:1017) [hadoop-common-3.3.6.jar:?]
	at java.security.AccessController.doPrivileged(Native Method) ~[?:1.8.0_382]
	at javax.security.auth.Subject.doAs(Subject.java:422) [?:1.8.0_382]
	at org.apache.hadoop.security.UserGroupInformation.doAs(UserGroupInformation.java:1899) [hadoop-common-3.3.6.jar:?]
	at org.apache.hadoop.ipc.Server$Handler.run(Server.java:3048) [hadoop-common-3.3.6.jar:?]
16:43:00.101 [IPC Server handler 13 on default port 15004] ERROR OMAudit - user=runner | ip=127.0.0.1 | op=GET_FILE_STATUS {volume=volume13981, bucket=bucket57402, key=testBatchDelete/parent/childFolder/child2, dataSize=0, replicationConfig=null} | ret=FAILURE
org.apache.hadoop.ozone.om.exceptions.OMException: Unable to get file status: volume: volume13981 bucket: bucket57402 key: testBatchDelete/parent/childFolder/child2
	at org.apache.hadoop.ozone.om.KeyManagerImpl.getOzoneFileStatusFSO(KeyManagerImpl.java:1359) ~[ozone-manager-1.4.0-SNAPSHOT.jar:?]
	at org.apache.hadoop.ozone.om.KeyManagerImpl.getFileStatus(KeyManagerImpl.java:1143) ~[ozone-manager-1.4.0-SNAPSHOT.jar:?]
	at org.apache.hadoop.ozone.om.OmMetadataReader.getFileStatus(OmMetadataReader.java:279) ~[ozone-manager-1.4.0-SNAPSHOT.jar:?]
	at org.apache.hadoop.ozone.om.OzoneManager.getFileStatus(OzoneManager.java:3611) ~[ozone-manager-1.4.0-SNAPSHOT.jar:?]
	at org.apache.hadoop.ozone.protocolPB.OzoneManagerRequestHandler.getOzoneFileStatus(OzoneManagerRequestHandler.java:1005) ~[ozone-manager-1.4.0-SNAPSHOT.jar:?]
	at org.apache.hadoop.ozone.protocolPB.OzoneManagerRequestHandler.handleReadRequest(OzoneManagerRequestHandler.java:262) ~[ozone-manager-1.4.0-SNAPSHOT.jar:?]
	at org.apache.hadoop.ozone.protocolPB.OzoneManagerProtocolServerSideTranslatorPB.submitReadRequestToOM(OzoneManagerProtocolServerSideTranslatorPB.java:241) ~[ozone-manager-1.4.0-SNAPSHOT.jar:?]
	at org.apache.hadoop.ozone.protocolPB.OzoneManagerProtocolServerSideTranslatorPB.processRequest(OzoneManagerProtocolServerSideTranslatorPB.java:186) ~[ozone-manager-1.4.0-SNAPSHOT.jar:?]
	at org.apache.hadoop.hdds.server.OzoneProtocolMessageDispatcher.processRequest(OzoneProtocolMessageDispatcher.java:89) [hdds-server-framework-1.4.0-SNAPSHOT.jar:?]
	at org.apache.hadoop.ozone.protocolPB.OzoneManagerProtocolServerSideTranslatorPB.submitRequest(OzoneManagerProtocolServerSideTranslatorPB.java:157) [ozone-manager-1.4.0-SNAPSHOT.jar:?]
	at org.apache.hadoop.ozone.protocol.proto.OzoneManagerProtocolProtos$OzoneManagerService$2.callBlockingMethod(OzoneManagerProtocolProtos.java) [ozone-interface-client-1.4.0-SNAPSHOT.jar:?]
	at org.apache.hadoop.ipc.ProtobufRpcEngine$Server.processCall(ProtobufRpcEngine.java:484) [hadoop-common-3.3.6.jar:?]
	at org.apache.hadoop.ipc.ProtobufRpcEngine2$Server$ProtoBufRpcInvoker.call(ProtobufRpcEngine2.java:595) [hadoop-common-3.3.6.jar:?]
	at org.apache.hadoop.ipc.ProtobufRpcEngine2$Server$ProtoBufRpcInvoker.call(ProtobufRpcEngine2.java:573) [hadoop-common-3.3.6.jar:?]
	at org.apache.hadoop.ipc.RPC$Server.call(RPC.java:1227) [hadoop-common-3.3.6.jar:?]
	at org.apache.hadoop.ipc.Server$RpcCall.run(Server.java:1094) [hadoop-common-3.3.6.jar:?]
	at org.apache.hadoop.ipc.Server$RpcCall.run(Server.java:1017) [hadoop-common-3.3.6.jar:?]
	at java.security.AccessController.doPrivileged(Native Method) ~[?:1.8.0_382]
	at javax.security.auth.Subject.doAs(Subject.java:422) [?:1.8.0_382]
	at org.apache.hadoop.security.UserGroupInformation.doAs(UserGroupInformation.java:1899) [hadoop-common-3.3.6.jar:?]
	at org.apache.hadoop.ipc.Server$Handler.run(Server.java:3048) [hadoop-common-3.3.6.jar:?]
16:43:00.103 [IPC Server handler 12 on default port 15004] ERROR OMAudit - user=runner | ip=127.0.0.1 | op=GET_FILE_STATUS {volume=volume13981, bucket=bucket57402, key=testBatchDelete/parent/child3, dataSize=0, replicationConfig=null} | ret=FAILURE
org.apache.hadoop.ozone.om.exceptions.OMException: Unable to get file status: volume: volume13981 bucket: bucket57402 key: testBatchDelete/parent/child3
	at org.apache.hadoop.ozone.om.KeyManagerImpl.getOzoneFileStatusFSO(KeyManagerImpl.java:1359) ~[ozone-manager-1.4.0-SNAPSHOT.jar:?]
	at org.apache.hadoop.ozone.om.KeyManagerImpl.getFileStatus(KeyManagerImpl.java:1143) ~[ozone-manager-1.4.0-SNAPSHOT.jar:?]
	at org.apache.hadoop.ozone.om.OmMetadataReader.getFileStatus(OmMetadataReader.java:279) ~[ozone-manager-1.4.0-SNAPSHOT.jar:?]
	at org.apache.hadoop.ozone.om.OzoneManager.getFileStatus(OzoneManager.java:3611) ~[ozone-manager-1.4.0-SNAPSHOT.jar:?]
	at org.apache.hadoop.ozone.protocolPB.OzoneManagerRequestHandler.getOzoneFileStatus(OzoneManagerRequestHandler.java:1005) ~[ozone-manager-1.4.0-SNAPSHOT.jar:?]
	at org.apache.hadoop.ozone.protocolPB.OzoneManagerRequestHandler.handleReadRequest(OzoneManagerRequestHandler.java:262) ~[ozone-manager-1.4.0-SNAPSHOT.jar:?]
	at org.apache.hadoop.ozone.protocolPB.OzoneManagerProtocolServerSideTranslatorPB.submitReadRequestToOM(OzoneManagerProtocolServerSideTranslatorPB.java:241) ~[ozone-manager-1.4.0-SNAPSHOT.jar:?]
	at org.apache.hadoop.ozone.protocolPB.OzoneManagerProtocolServerSideTranslatorPB.processRequest(OzoneManagerProtocolServerSideTranslatorPB.java:186) ~[ozone-manager-1.4.0-SNAPSHOT.jar:?]
	at org.apache.hadoop.hdds.server.OzoneProtocolMessageDispatcher.processRequest(OzoneProtocolMessageDispatcher.java:89) [hdds-server-framework-1.4.0-SNAPSHOT.jar:?]
	at org.apache.hadoop.ozone.protocolPB.OzoneManagerProtocolServerSideTranslatorPB.submitRequest(OzoneManagerProtocolServerSideTranslatorPB.java:157) [ozone-manager-1.4.0-SNAPSHOT.jar:?]
	at org.apache.hadoop.ozone.protocol.proto.OzoneManagerProtocolProtos$OzoneManagerService$2.callBlockingMethod(OzoneManagerProtocolProtos.java) [ozone-interface-client-1.4.0-SNAPSHOT.jar:?]
	at org.apache.hadoop.ipc.ProtobufRpcEngine$Server.processCall(ProtobufRpcEngine.java:484) [hadoop-common-3.3.6.jar:?]
	at org.apache.hadoop.ipc.ProtobufRpcEngine2$Server$ProtoBufRpcInvoker.call(ProtobufRpcEngine2.java:595) [hadoop-common-3.3.6.jar:?]
	at org.apache.hadoop.ipc.ProtobufRpcEngine2$Server$ProtoBufRpcInvoker.call(ProtobufRpcEngine2.java:573) [hadoop-common-3.3.6.jar:?]
	at org.apache.hadoop.ipc.RPC$Server.call(RPC.java:1227) [hadoop-common-3.3.6.jar:?]
	at org.apache.hadoop.ipc.Server$RpcCall.run(Server.java:1094) [hadoop-common-3.3.6.jar:?]
	at org.apache.hadoop.ipc.Server$RpcCall.run(Server.java:1017) [hadoop-common-3.3.6.jar:?]
	at java.security.AccessController.doPrivileged(Native Method) ~[?:1.8.0_382]
	at javax.security.auth.Subject.doAs(Subject.java:422) [?:1.8.0_382]
	at org.apache.hadoop.security.UserGroupInformation.doAs(UserGroupInformation.java:1899) [hadoop-common-3.3.6.jar:?]
	at org.apache.hadoop.ipc.Server$Handler.run(Server.java:3048) [hadoop-common-3.3.6.jar:?]
16:43:00.106 [IPC Server handler 2 on default port 15004] ERROR OMAudit - user=runner | ip=127.0.0.1 | op=GET_FILE_STATUS {volume=volume13981, bucket=bucket57402, key=testBatchDelete/parent/childFolder/child3, dataSize=0, replicationConfig=null} | ret=FAILURE
org.apache.hadoop.ozone.om.exceptions.OMException: Unable to get file status: volume: volume13981 bucket: bucket57402 key: testBatchDelete/parent/childFolder/child3
	at org.apache.hadoop.ozone.om.KeyManagerImpl.getOzoneFileStatusFSO(KeyManagerImpl.java:1359) ~[ozone-manager-1.4.0-SNAPSHOT.jar:?]
	at org.apache.hadoop.ozone.om.KeyManagerImpl.getFileStatus(KeyManagerImpl.java:1143) ~[ozone-manager-1.4.0-SNAPSHOT.jar:?]
	at org.apache.hadoop.ozone.om.OmMetadataReader.getFileStatus(OmMetadataReader.java:279) ~[ozone-manager-1.4.0-SNAPSHOT.jar:?]
	at org.apache.hadoop.ozone.om.OzoneManager.getFileStatus(OzoneManager.java:3611) ~[ozone-manager-1.4.0-SNAPSHOT.jar:?]
	at org.apache.hadoop.ozone.protocolPB.OzoneManagerRequestHandler.getOzoneFileStatus(OzoneManagerRequestHandler.java:1005) ~[ozone-manager-1.4.0-SNAPSHOT.jar:?]
	at org.apache.hadoop.ozone.protocolPB.OzoneManagerRequestHandler.handleReadRequest(OzoneManagerRequestHandler.java:262) ~[ozone-manager-1.4.0-SNAPSHOT.jar:?]
	at org.apache.hadoop.ozone.protocolPB.OzoneManagerProtocolServerSideTranslatorPB.submitReadRequestToOM(OzoneManagerProtocolServerSideTranslatorPB.java:241) ~[ozone-manager-1.4.0-SNAPSHOT.jar:?]
	at org.apache.hadoop.ozone.protocolPB.OzoneManagerProtocolServerSideTranslatorPB.processRequest(OzoneManagerProtocolServerSideTranslatorPB.java:186) ~[ozone-manager-1.4.0-SNAPSHOT.jar:?]
	at org.apache.hadoop.hdds.server.OzoneProtocolMessageDispatcher.processRequest(OzoneProtocolMessageDispatcher.java:89) [hdds-server-framework-1.4.0-SNAPSHOT.jar:?]
	at org.apache.hadoop.ozone.protocolPB.OzoneManagerProtocolServerSideTranslatorPB.submitRequest(OzoneManagerProtocolServerSideTranslatorPB.java:157) [ozone-manager-1.4.0-SNAPSHOT.jar:?]
	at org.apache.hadoop.ozone.protocol.proto.OzoneManagerProtocolProtos$OzoneManagerService$2.callBlockingMethod(OzoneManagerProtocolProtos.java) [ozone-interface-client-1.4.0-SNAPSHOT.jar:?]
	at org.apache.hadoop.ipc.ProtobufRpcEngine$Server.processCall(ProtobufRpcEngine.java:484) [hadoop-common-3.3.6.jar:?]
	at org.apache.hadoop.ipc.ProtobufRpcEngine2$Server$ProtoBufRpcInvoker.call(ProtobufRpcEngine2.java:595) [hadoop-common-3.3.6.jar:?]
	at org.apache.hadoop.ipc.ProtobufRpcEngine2$Server$ProtoBufRpcInvoker.call(ProtobufRpcEngine2.java:573) [hadoop-common-3.3.6.jar:?]
	at org.apache.hadoop.ipc.RPC$Server.call(RPC.java:1227) [hadoop-common-3.3.6.jar:?]
	at org.apache.hadoop.ipc.Server$RpcCall.run(Server.java:1094) [hadoop-common-3.3.6.jar:?]
	at org.apache.hadoop.ipc.Server$RpcCall.run(Server.java:1017) [hadoop-common-3.3.6.jar:?]
	at java.security.AccessController.doPrivileged(Native Method) ~[?:1.8.0_382]
	at javax.security.auth.Subject.doAs(Subject.java:422) [?:1.8.0_382]
	at org.apache.hadoop.security.UserGroupInformation.doAs(UserGroupInformation.java:1899) [hadoop-common-3.3.6.jar:?]
	at org.apache.hadoop.ipc.Server$Handler.run(Server.java:3048) [hadoop-common-3.3.6.jar:?]
16:43:00.108 [IPC Server handler 6 on default port 15004] ERROR OMAudit - user=runner | ip=127.0.0.1 | op=GET_FILE_STATUS {volume=volume13981, bucket=bucket57402, key=testBatchDelete/parent/child4, dataSize=0, replicationConfig=null} | ret=FAILURE
org.apache.hadoop.ozone.om.exceptions.OMException: Unable to get file status: volume: volume13981 bucket: bucket57402 key: testBatchDelete/parent/child4
	at org.apache.hadoop.ozone.om.KeyManagerImpl.getOzoneFileStatusFSO(KeyManagerImpl.java:1359) ~[ozone-manager-1.4.0-SNAPSHOT.jar:?]
	at org.apache.hadoop.ozone.om.KeyManagerImpl.getFileStatus(KeyManagerImpl.java:1143) ~[ozone-manager-1.4.0-SNAPSHOT.jar:?]
	at org.apache.hadoop.ozone.om.OmMetadataReader.getFileStatus(OmMetadataReader.java:279) ~[ozone-manager-1.4.0-SNAPSHOT.jar:?]
	at org.apache.hadoop.ozone.om.OzoneManager.getFileStatus(OzoneManager.java:3611) ~[ozone-manager-1.4.0-SNAPSHOT.jar:?]
	at org.apache.hadoop.ozone.protocolPB.OzoneManagerRequestHandler.getOzoneFileStatus(OzoneManagerRequestHandler.java:1005) ~[ozone-manager-1.4.0-SNAPSHOT.jar:?]
	at org.apache.hadoop.ozone.protocolPB.OzoneManagerRequestHandler.handleReadRequest(OzoneManagerRequestHandler.java:262) ~[ozone-manager-1.4.0-SNAPSHOT.jar:?]
	at org.apache.hadoop.ozone.protocolPB.OzoneManagerProtocolServerSideTranslatorPB.submitReadRequestToOM(OzoneManagerProtocolServerSideTranslatorPB.java:241) ~[ozone-manager-1.4.0-SNAPSHOT.jar:?]
	at org.apache.hadoop.ozone.protocolPB.OzoneManagerProtocolServerSideTranslatorPB.processRequest(OzoneManagerProtocolServerSideTranslatorPB.java:186) ~[ozone-manager-1.4.0-SNAPSHOT.jar:?]
	at org.apache.hadoop.hdds.server.OzoneProtocolMessageDispatcher.processRequest(OzoneProtocolMessageDispatcher.java:89) [hdds-server-framework-1.4.0-SNAPSHOT.jar:?]
	at org.apache.hadoop.ozone.protocolPB.OzoneManagerProtocolServerSideTranslatorPB.submitRequest(OzoneManagerProtocolServerSideTranslatorPB.java:157) [ozone-manager-1.4.0-SNAPSHOT.jar:?]
	at org.apache.hadoop.ozone.protocol.proto.OzoneManagerProtocolProtos$OzoneManagerService$2.callBlockingMethod(OzoneManagerProtocolProtos.java) [ozone-interface-client-1.4.0-SNAPSHOT.jar:?]
	at org.apache.hadoop.ipc.ProtobufRpcEngine$Server.processCall(ProtobufRpcEngine.java:484) [hadoop-common-3.3.6.jar:?]
	at org.apache.hadoop.ipc.ProtobufRpcEngine2$Server$ProtoBufRpcInvoker.call(ProtobufRpcEngine2.java:595) [hadoop-common-3.3.6.jar:?]
	at org.apache.hadoop.ipc.ProtobufRpcEngine2$Server$ProtoBufRpcInvoker.call(ProtobufRpcEngine2.java:573) [hadoop-common-3.3.6.jar:?]
	at org.apache.hadoop.ipc.RPC$Server.call(RPC.java:1227) [hadoop-common-3.3.6.jar:?]
	at org.apache.hadoop.ipc.Server$RpcCall.run(Server.java:1094) [hadoop-common-3.3.6.jar:?]
	at org.apache.hadoop.ipc.Server$RpcCall.run(Server.java:1017) [hadoop-common-3.3.6.jar:?]
	at java.security.AccessController.doPrivileged(Native Method) ~[?:1.8.0_382]
	at javax.security.auth.Subject.doAs(Subject.java:422) [?:1.8.0_382]
	at org.apache.hadoop.security.UserGroupInformation.doAs(UserGroupInformation.java:1899) [hadoop-common-3.3.6.jar:?]
	at org.apache.hadoop.ipc.Server$Handler.run(Server.java:3048) [hadoop-common-3.3.6.jar:?]
16:43:00.110 [IPC Server handler 3 on default port 15004] ERROR OMAudit - user=runner | ip=127.0.0.1 | op=GET_FILE_STATUS {volume=volume13981, bucket=bucket57402, key=testBatchDelete/parent/childFolder/child4, dataSize=0, replicationConfig=null} | ret=FAILURE
org.apache.hadoop.ozone.om.exceptions.OMException: Unable to get file status: volume: volume13981 bucket: bucket57402 key: testBatchDelete/parent/childFolder/child4
	at org.apache.hadoop.ozone.om.KeyManagerImpl.getOzoneFileStatusFSO(KeyManagerImpl.java:1359) ~[ozone-manager-1.4.0-SNAPSHOT.jar:?]
	at org.apache.hadoop.ozone.om.KeyManagerImpl.getFileStatus(KeyManagerImpl.java:1143) ~[ozone-manager-1.4.0-SNAPSHOT.jar:?]
	at org.apache.hadoop.ozone.om.OmMetadataReader.getFileStatus(OmMetadataReader.java:279) ~[ozone-manager-1.4.0-SNAPSHOT.jar:?]
	at org.apache.hadoop.ozone.om.OzoneManager.getFileStatus(OzoneManager.java:3611) ~[ozone-manager-1.4.0-SNAPSHOT.jar:?]
	at org.apache.hadoop.ozone.protocolPB.OzoneManagerRequestHandler.getOzoneFileStatus(OzoneManagerRequestHandler.java:1005) ~[ozone-manager-1.4.0-SNAPSHOT.jar:?]
	at org.apache.hadoop.ozone.protocolPB.OzoneManagerRequestHandler.handleReadRequest(OzoneManagerRequestHandler.java:262) ~[ozone-manager-1.4.0-SNAPSHOT.jar:?]
	at org.apache.hadoop.ozone.protocolPB.OzoneManagerProtocolServerSideTranslatorPB.submitReadRequestToOM(OzoneManagerProtocolServerSideTranslatorPB.java:241) ~[ozone-manager-1.4.0-SNAPSHOT.jar:?]
	at org.apache.hadoop.ozone.protocolPB.OzoneManagerProtocolServerSideTranslatorPB.processRequest(OzoneManagerProtocolServerSideTranslatorPB.java:186) ~[ozone-manager-1.4.0-SNAPSHOT.jar:?]
	at org.apache.hadoop.hdds.server.OzoneProtocolMessageDispatcher.processRequest(OzoneProtocolMessageDispatcher.java:89) [hdds-server-framework-1.4.0-SNAPSHOT.jar:?]
	at org.apache.hadoop.ozone.protocolPB.OzoneManagerProtocolServerSideTranslatorPB.submitRequest(OzoneManagerProtocolServerSideTranslatorPB.java:157) [ozone-manager-1.4.0-SNAPSHOT.jar:?]
	at org.apache.hadoop.ozone.protocol.proto.OzoneManagerProtocolProtos$OzoneManagerService$2.callBlockingMethod(OzoneManagerProtocolProtos.java) [ozone-interface-client-1.4.0-SNAPSHOT.jar:?]
	at org.apache.hadoop.ipc.ProtobufRpcEngine$Server.processCall(ProtobufRpcEngine.java:484) [hadoop-common-3.3.6.jar:?]
	at org.apache.hadoop.ipc.ProtobufRpcEngine2$Server$ProtoBufRpcInvoker.call(ProtobufRpcEngine2.java:595) [hadoop-common-3.3.6.jar:?]
	at org.apache.hadoop.ipc.ProtobufRpcEngine2$Server$ProtoBufRpcInvoker.call(ProtobufRpcEngine2.java:573) [hadoop-common-3.3.6.jar:?]
	at org.apache.hadoop.ipc.RPC$Server.call(RPC.java:1227) [hadoop-common-3.3.6.jar:?]
	at org.apache.hadoop.ipc.Server$RpcCall.run(Server.java:1094) [hadoop-common-3.3.6.jar:?]
	at org.apache.hadoop.ipc.Server$RpcCall.run(Server.java:1017) [hadoop-common-3.3.6.jar:?]
	at java.security.AccessController.doPrivileged(Native Method) ~[?:1.8.0_382]
	at javax.security.auth.Subject.doAs(Subject.java:422) [?:1.8.0_382]
	at org.apache.hadoop.security.UserGroupInformation.doAs(UserGroupInformation.java:1899) [hadoop-common-3.3.6.jar:?]
	at org.apache.hadoop.ipc.Server$Handler.run(Server.java:3048) [hadoop-common-3.3.6.jar:?]
16:43:00.112 [IPC Server handler 16 on default port 15004] ERROR OMAudit - user=runner | ip=127.0.0.1 | op=GET_FILE_STATUS {volume=volume13981, bucket=bucket57402, key=testBatchDelete/parent/child5, dataSize=0, replicationConfig=null} | ret=FAILURE
org.apache.hadoop.ozone.om.exceptions.OMException: Unable to get file status: volume: volume13981 bucket: bucket57402 key: testBatchDelete/parent/child5
	at org.apache.hadoop.ozone.om.KeyManagerImpl.getOzoneFileStatusFSO(KeyManagerImpl.java:1359) ~[ozone-manager-1.4.0-SNAPSHOT.jar:?]
	at org.apache.hadoop.ozone.om.KeyManagerImpl.getFileStatus(KeyManagerImpl.java:1143) ~[ozone-manager-1.4.0-SNAPSHOT.jar:?]
	at org.apache.hadoop.ozone.om.OmMetadataReader.getFileStatus(OmMetadataReader.java:279) ~[ozone-manager-1.4.0-SNAPSHOT.jar:?]
	at org.apache.hadoop.ozone.om.OzoneManager.getFileStatus(OzoneManager.java:3611) ~[ozone-manager-1.4.0-SNAPSHOT.jar:?]
	at org.apache.hadoop.ozone.protocolPB.OzoneManagerRequestHandler.getOzoneFileStatus(OzoneManagerRequestHandler.java:1005) ~[ozone-manager-1.4.0-SNAPSHOT.jar:?]
	at org.apache.hadoop.ozone.protocolPB.OzoneManagerRequestHandler.handleReadRequest(OzoneManagerRequestHandler.java:262) ~[ozone-manager-1.4.0-SNAPSHOT.jar:?]
	at org.apache.hadoop.ozone.protocolPB.OzoneManagerProtocolServerSideTranslatorPB.submitReadRequestToOM(OzoneManagerProtocolServerSideTranslatorPB.java:241) ~[ozone-manager-1.4.0-SNAPSHOT.jar:?]
	at org.apache.hadoop.ozone.protocolPB.OzoneManagerProtocolServerSideTranslatorPB.processRequest(OzoneManagerProtocolServerSideTranslatorPB.java:186) ~[ozone-manager-1.4.0-SNAPSHOT.jar:?]
	at org.apache.hadoop.hdds.server.OzoneProtocolMessageDispatcher.processRequest(OzoneProtocolMessageDispatcher.java:89) [hdds-server-framework-1.4.0-SNAPSHOT.jar:?]
	at org.apache.hadoop.ozone.protocolPB.OzoneManagerProtocolServerSideTranslatorPB.submitRequest(OzoneManagerProtocolServerSideTranslatorPB.java:157) [ozone-manager-1.4.0-SNAPSHOT.jar:?]
	at org.apache.hadoop.ozone.protocol.proto.OzoneManagerProtocolProtos$OzoneManagerService$2.callBlockingMethod(OzoneManagerProtocolProtos.java) [ozone-interface-client-1.4.0-SNAPSHOT.jar:?]
	at org.apache.hadoop.ipc.ProtobufRpcEngine$Server.processCall(ProtobufRpcEngine.java:484) [hadoop-common-3.3.6.jar:?]
	at org.apache.hadoop.ipc.ProtobufRpcEngine2$Server$ProtoBufRpcInvoker.call(ProtobufRpcEngine2.java:595) [hadoop-common-3.3.6.jar:?]
	at org.apache.hadoop.ipc.ProtobufRpcEngine2$Server$ProtoBufRpcInvoker.call(ProtobufRpcEngine2.java:573) [hadoop-common-3.3.6.jar:?]
	at org.apache.hadoop.ipc.RPC$Server.call(RPC.java:1227) [hadoop-common-3.3.6.jar:?]
	at org.apache.hadoop.ipc.Server$RpcCall.run(Server.java:1094) [hadoop-common-3.3.6.jar:?]
	at org.apache.hadoop.ipc.Server$RpcCall.run(Server.java:1017) [hadoop-common-3.3.6.jar:?]
	at java.security.AccessController.doPrivileged(Native Method) ~[?:1.8.0_382]
	at javax.security.auth.Subject.doAs(Subject.java:422) [?:1.8.0_382]
	at org.apache.hadoop.security.UserGroupInformation.doAs(UserGroupInformation.java:1899) [hadoop-common-3.3.6.jar:?]
	at org.apache.hadoop.ipc.Server$Handler.run(Server.java:3048) [hadoop-common-3.3.6.jar:?]
16:43:00.115 [IPC Server handler 9 on default port 15004] ERROR OMAudit - user=runner | ip=127.0.0.1 | op=GET_FILE_STATUS {volume=volume13981, bucket=bucket57402, key=testBatchDelete/parent/childFolder/child5, dataSize=0, replicationConfig=null} | ret=FAILURE
org.apache.hadoop.ozone.om.exceptions.OMException: Unable to get file status: volume: volume13981 bucket: bucket57402 key: testBatchDelete/parent/childFolder/child5
	at org.apache.hadoop.ozone.om.KeyManagerImpl.getOzoneFileStatusFSO(KeyManagerImpl.java:1359) ~[ozone-manager-1.4.0-SNAPSHOT.jar:?]
	at org.apache.hadoop.ozone.om.KeyManagerImpl.getFileStatus(KeyManagerImpl.java:1143) ~[ozone-manager-1.4.0-SNAPSHOT.jar:?]
	at org.apache.hadoop.ozone.om.OmMetadataReader.getFileStatus(OmMetadataReader.java:279) ~[ozone-manager-1.4.0-SNAPSHOT.jar:?]
	at org.apache.hadoop.ozone.om.OzoneManager.getFileStatus(OzoneManager.java:3611) ~[ozone-manager-1.4.0-SNAPSHOT.jar:?]
	at org.apache.hadoop.ozone.protocolPB.OzoneManagerRequestHandler.getOzoneFileStatus(OzoneManagerRequestHandler.java:1005) ~[ozone-manager-1.4.0-SNAPSHOT.jar:?]
	at org.apache.hadoop.ozone.protocolPB.OzoneManagerRequestHandler.handleReadRequest(OzoneManagerRequestHandler.java:262) ~[ozone-manager-1.4.0-SNAPSHOT.jar:?]
	at org.apache.hadoop.ozone.protocolPB.OzoneManagerProtocolServerSideTranslatorPB.submitReadRequestToOM(OzoneManagerProtocolServerSideTranslatorPB.java:241) ~[ozone-manager-1.4.0-SNAPSHOT.jar:?]
	at org.apache.hadoop.ozone.protocolPB.OzoneManagerProtocolServerSideTranslatorPB.processRequest(OzoneManagerProtocolServerSideTranslatorPB.java:186) ~[ozone-manager-1.4.0-SNAPSHOT.jar:?]
	at org.apache.hadoop.hdds.server.OzoneProtocolMessageDispatcher.processRequest(OzoneProtocolMessageDispatcher.java:89) [hdds-server-framework-1.4.0-SNAPSHOT.jar:?]
	at org.apache.hadoop.ozone.protocolPB.OzoneManagerProtocolServerSideTranslatorPB.submitRequest(OzoneManagerProtocolServerSideTranslatorPB.java:157) [ozone-manager-1.4.0-SNAPSHOT.jar:?]
	at org.apache.hadoop.ozone.protocol.proto.OzoneManagerProtocolProtos$OzoneManagerService$2.callBlockingMethod(OzoneManagerProtocolProtos.java) [ozone-interface-client-1.4.0-SNAPSHOT.jar:?]
	at org.apache.hadoop.ipc.ProtobufRpcEngine$Server.processCall(ProtobufRpcEngine.java:484) [hadoop-common-3.3.6.jar:?]
	at org.apache.hadoop.ipc.ProtobufRpcEngine2$Server$ProtoBufRpcInvoker.call(ProtobufRpcEngine2.java:595) [hadoop-common-3.3.6.jar:?]
	at org.apache.hadoop.ipc.ProtobufRpcEngine2$Server$ProtoBufRpcInvoker.call(ProtobufRpcEngine2.java:573) [hadoop-common-3.3.6.jar:?]
	at org.apache.hadoop.ipc.RPC$Server.call(RPC.java:1227) [hadoop-common-3.3.6.jar:?]
	at org.apache.hadoop.ipc.Server$RpcCall.run(Server.java:1094) [hadoop-common-3.3.6.jar:?]
	at org.apache.hadoop.ipc.Server$RpcCall.run(Server.java:1017) [hadoop-common-3.3.6.jar:?]
	at java.security.AccessController.doPrivileged(Native Method) ~[?:1.8.0_382]
	at javax.security.auth.Subject.doAs(Subject.java:422) [?:1.8.0_382]
	at org.apache.hadoop.security.UserGroupInformation.doAs(UserGroupInformation.java:1899) [hadoop-common-3.3.6.jar:?]
	at org.apache.hadoop.ipc.Server$Handler.run(Server.java:3048) [hadoop-common-3.3.6.jar:?]
16:43:00.117 [IPC Server handler 7 on default port 15004] ERROR OMAudit - user=runner | ip=127.0.0.1 | op=GET_FILE_STATUS {volume=volume13981, bucket=bucket57402, key=testBatchDelete/parent/child6, dataSize=0, replicationConfig=null} | ret=FAILURE
org.apache.hadoop.ozone.om.exceptions.OMException: Unable to get file status: volume: volume13981 bucket: bucket57402 key: testBatchDelete/parent/child6
	at org.apache.hadoop.ozone.om.KeyManagerImpl.getOzoneFileStatusFSO(KeyManagerImpl.java:1359) ~[ozone-manager-1.4.0-SNAPSHOT.jar:?]
	at org.apache.hadoop.ozone.om.KeyManagerImpl.getFileStatus(KeyManagerImpl.java:1143) ~[ozone-manager-1.4.0-SNAPSHOT.jar:?]
	at org.apache.hadoop.ozone.om.OmMetadataReader.getFileStatus(OmMetadataReader.java:279) ~[ozone-manager-1.4.0-SNAPSHOT.jar:?]
	at org.apache.hadoop.ozone.om.OzoneManager.getFileStatus(OzoneManager.java:3611) ~[ozone-manager-1.4.0-SNAPSHOT.jar:?]
	at org.apache.hadoop.ozone.protocolPB.OzoneManagerRequestHandler.getOzoneFileStatus(OzoneManagerRequestHandler.java:1005) ~[ozone-manager-1.4.0-SNAPSHOT.jar:?]
	at org.apache.hadoop.ozone.protocolPB.OzoneManagerRequestHandler.handleReadRequest(OzoneManagerRequestHandler.java:262) ~[ozone-manager-1.4.0-SNAPSHOT.jar:?]
	at org.apache.hadoop.ozone.protocolPB.OzoneManagerProtocolServerSideTranslatorPB.submitReadRequestToOM(OzoneManagerProtocolServerSideTranslatorPB.java:241) ~[ozone-manager-1.4.0-SNAPSHOT.jar:?]
	at org.apache.hadoop.ozone.protocolPB.OzoneManagerProtocolServerSideTranslatorPB.processRequest(OzoneManagerProtocolServerSideTranslatorPB.java:186) ~[ozone-manager-1.4.0-SNAPSHOT.jar:?]
	at org.apache.hadoop.hdds.server.OzoneProtocolMessageDispatcher.processRequest(OzoneProtocolMessageDispatcher.java:89) [hdds-server-framework-1.4.0-SNAPSHOT.jar:?]
	at org.apache.hadoop.ozone.protocolPB.OzoneManagerProtocolServerSideTranslatorPB.submitRequest(OzoneManagerProtocolServerSideTranslatorPB.java:157) [ozone-manager-1.4.0-SNAPSHOT.jar:?]
	at org.apache.hadoop.ozone.protocol.proto.OzoneManagerProtocolProtos$OzoneManagerService$2.callBlockingMethod(OzoneManagerProtocolProtos.java) [ozone-interface-client-1.4.0-SNAPSHOT.jar:?]
	at org.apache.hadoop.ipc.ProtobufRpcEngine$Server.processCall(ProtobufRpcEngine.java:484) [hadoop-common-3.3.6.jar:?]
	at org.apache.hadoop.ipc.ProtobufRpcEngine2$Server$ProtoBufRpcInvoker.call(ProtobufRpcEngine2.java:595) [hadoop-common-3.3.6.jar:?]
	at org.apache.hadoop.ipc.ProtobufRpcEngine2$Server$ProtoBufRpcInvoker.call(ProtobufRpcEngine2.java:573) [hadoop-common-3.3.6.jar:?]
	at org.apache.hadoop.ipc.RPC$Server.call(RPC.java:1227) [hadoop-common-3.3.6.jar:?]
	at org.apache.hadoop.ipc.Server$RpcCall.run(Server.java:1094) [hadoop-common-3.3.6.jar:?]
	at org.apache.hadoop.ipc.Server$RpcCall.run(Server.java:1017) [hadoop-common-3.3.6.jar:?]
	at java.security.AccessController.doPrivileged(Native Method) ~[?:1.8.0_382]
	at javax.security.auth.Subject.doAs(Subject.java:422) [?:1.8.0_382]
	at org.apache.hadoop.security.UserGroupInformation.doAs(UserGroupInformation.java:1899) [hadoop-common-3.3.6.jar:?]
	at org.apache.hadoop.ipc.Server$Handler.run(Server.java:3048) [hadoop-common-3.3.6.jar:?]
16:43:00.119 [IPC Server handler 1 on default port 15004] ERROR OMAudit - user=runner | ip=127.0.0.1 | op=GET_FILE_STATUS {volume=volume13981, bucket=bucket57402, key=testBatchDelete/parent/childFolder/child6, dataSize=0, replicationConfig=null} | ret=FAILURE
org.apache.hadoop.ozone.om.exceptions.OMException: Unable to get file status: volume: volume13981 bucket: bucket57402 key: testBatchDelete/parent/childFolder/child6
	at org.apache.hadoop.ozone.om.KeyManagerImpl.getOzoneFileStatusFSO(KeyManagerImpl.java:1359) ~[ozone-manager-1.4.0-SNAPSHOT.jar:?]
	at org.apache.hadoop.ozone.om.KeyManagerImpl.getFileStatus(KeyManagerImpl.java:1143) ~[ozone-manager-1.4.0-SNAPSHOT.jar:?]
	at org.apache.hadoop.ozone.om.OmMetadataReader.getFileStatus(OmMetadataReader.java:279) ~[ozone-manager-1.4.0-SNAPSHOT.jar:?]
	at org.apache.hadoop.ozone.om.OzoneManager.getFileStatus(OzoneManager.java:3611) ~[ozone-manager-1.4.0-SNAPSHOT.jar:?]
	at org.apache.hadoop.ozone.protocolPB.OzoneManagerRequestHandler.getOzoneFileStatus(OzoneManagerRequestHandler.java:1005) ~[ozone-manager-1.4.0-SNAPSHOT.jar:?]
	at org.apache.hadoop.ozone.protocolPB.OzoneManagerRequestHandler.handleReadRequest(OzoneManagerRequestHandler.java:262) ~[ozone-manager-1.4.0-SNAPSHOT.jar:?]
	at org.apache.hadoop.ozone.protocolPB.OzoneManagerProtocolServerSideTranslatorPB.submitReadRequestToOM(OzoneManagerProtocolServerSideTranslatorPB.java:241) ~[ozone-manager-1.4.0-SNAPSHOT.jar:?]
	at org.apache.hadoop.ozone.protocolPB.OzoneManagerProtocolServerSideTranslatorPB.processRequest(OzoneManagerProtocolServerSideTranslatorPB.java:186) ~[ozone-manager-1.4.0-SNAPSHOT.jar:?]
	at org.apache.hadoop.hdds.server.OzoneProtocolMessageDispatcher.processRequest(OzoneProtocolMessageDispatcher.java:89) [hdds-server-framework-1.4.0-SNAPSHOT.jar:?]
	at org.apache.hadoop.ozone.protocolPB.OzoneManagerProtocolServerSideTranslatorPB.submitRequest(OzoneManagerProtocolServerSideTranslatorPB.java:157) [ozone-manager-1.4.0-SNAPSHOT.jar:?]
	at org.apache.hadoop.ozone.protocol.proto.OzoneManagerProtocolProtos$OzoneManagerService$2.callBlockingMethod(OzoneManagerProtocolProtos.java) [ozone-interface-client-1.4.0-SNAPSHOT.jar:?]
	at org.apache.hadoop.ipc.ProtobufRpcEngine$Server.processCall(ProtobufRpcEngine.java:484) [hadoop-common-3.3.6.jar:?]
	at org.apache.hadoop.ipc.ProtobufRpcEngine2$Server$ProtoBufRpcInvoker.call(ProtobufRpcEngine2.java:595) [hadoop-common-3.3.6.jar:?]
	at org.apache.hadoop.ipc.ProtobufRpcEngine2$Server$ProtoBufRpcInvoker.call(ProtobufRpcEngine2.java:573) [hadoop-common-3.3.6.jar:?]
	at org.apache.hadoop.ipc.RPC$Server.call(RPC.java:1227) [hadoop-common-3.3.6.jar:?]
	at org.apache.hadoop.ipc.Server$RpcCall.run(Server.java:1094) [hadoop-common-3.3.6.jar:?]
	at org.apache.hadoop.ipc.Server$RpcCall.run(Server.java:1017) [hadoop-common-3.3.6.jar:?]
	at java.security.AccessController.doPrivileged(Native Method) ~[?:1.8.0_382]
	at javax.security.auth.Subject.doAs(Subject.java:422) [?:1.8.0_382]
	at org.apache.hadoop.security.UserGroupInformation.doAs(UserGroupInformation.java:1899) [hadoop-common-3.3.6.jar:?]
	at org.apache.hadoop.ipc.Server$Handler.run(Server.java:3048) [hadoop-common-3.3.6.jar:?]
16:43:00.121 [IPC Server handler 0 on default port 15004] ERROR OMAudit - user=runner | ip=127.0.0.1 | op=GET_FILE_STATUS {volume=volume13981, bucket=bucket57402, key=testBatchDelete/parent/child7, dataSize=0, replicationConfig=null} | ret=FAILURE
org.apache.hadoop.ozone.om.exceptions.OMException: Unable to get file status: volume: volume13981 bucket: bucket57402 key: testBatchDelete/parent/child7
	at org.apache.hadoop.ozone.om.KeyManagerImpl.getOzoneFileStatusFSO(KeyManagerImpl.java:1359) ~[ozone-manager-1.4.0-SNAPSHOT.jar:?]
	at org.apache.hadoop.ozone.om.KeyManagerImpl.getFileStatus(KeyManagerImpl.java:1143) ~[ozone-manager-1.4.0-SNAPSHOT.jar:?]
	at org.apache.hadoop.ozone.om.OmMetadataReader.getFileStatus(OmMetadataReader.java:279) ~[ozone-manager-1.4.0-SNAPSHOT.jar:?]
	at org.apache.hadoop.ozone.om.OzoneManager.getFileStatus(OzoneManager.java:3611) ~[ozone-manager-1.4.0-SNAPSHOT.jar:?]
	at org.apache.hadoop.ozone.protocolPB.OzoneManagerRequestHandler.getOzoneFileStatus(OzoneManagerRequestHandler.java:1005) ~[ozone-manager-1.4.0-SNAPSHOT.jar:?]
	at org.apache.hadoop.ozone.protocolPB.OzoneManagerRequestHandler.handleReadRequest(OzoneManagerRequestHandler.java:262) ~[ozone-manager-1.4.0-SNAPSHOT.jar:?]
	at org.apache.hadoop.ozone.protocolPB.OzoneManagerProtocolServerSideTranslatorPB.submitReadRequestToOM(OzoneManagerProtocolServerSideTranslatorPB.java:241) ~[ozone-manager-1.4.0-SNAPSHOT.jar:?]
	at org.apache.hadoop.ozone.protocolPB.OzoneManagerProtocolServerSideTranslatorPB.processRequest(OzoneManagerProtocolServerSideTranslatorPB.java:186) ~[ozone-manager-1.4.0-SNAPSHOT.jar:?]
	at org.apache.hadoop.hdds.server.OzoneProtocolMessageDispatcher.processRequest(OzoneProtocolMessageDispatcher.java:89) [hdds-server-framework-1.4.0-SNAPSHOT.jar:?]
	at org.apache.hadoop.ozone.protocolPB.OzoneManagerProtocolServerSideTranslatorPB.submitRequest(OzoneManagerProtocolServerSideTranslatorPB.java:157) [ozone-manager-1.4.0-SNAPSHOT.jar:?]
	at org.apache.hadoop.ozone.protocol.proto.OzoneManagerProtocolProtos$OzoneManagerService$2.callBlockingMethod(OzoneManagerProtocolProtos.java) [ozone-interface-client-1.4.0-SNAPSHOT.jar:?]
	at org.apache.hadoop.ipc.ProtobufRpcEngine$Server.processCall(ProtobufRpcEngine.java:484) [hadoop-common-3.3.6.jar:?]
	at org.apache.hadoop.ipc.ProtobufRpcEngine2$Server$ProtoBufRpcInvoker.call(ProtobufRpcEngine2.java:595) [hadoop-common-3.3.6.jar:?]
	at org.apache.hadoop.ipc.ProtobufRpcEngine2$Server$ProtoBufRpcInvoker.call(ProtobufRpcEngine2.java:573) [hadoop-common-3.3.6.jar:?]
	at org.apache.hadoop.ipc.RPC$Server.call(RPC.java:1227) [hadoop-common-3.3.6.jar:?]
	at org.apache.hadoop.ipc.Server$RpcCall.run(Server.java:1094) [hadoop-common-3.3.6.jar:?]
	at org.apache.hadoop.ipc.Server$RpcCall.run(Server.java:1017) [hadoop-common-3.3.6.jar:?]
	at java.security.AccessController.doPrivileged(Native Method) ~[?:1.8.0_382]
	at javax.security.auth.Subject.doAs(Subject.java:422) [?:1.8.0_382]
	at org.apache.hadoop.security.UserGroupInformation.doAs(UserGroupInformation.java:1899) [hadoop-common-3.3.6.jar:?]
	at org.apache.hadoop.ipc.Server$Handler.run(Server.java:3048) [hadoop-common-3.3.6.jar:?]
16:43:00.124 [IPC Server handler 17 on default port 15004] ERROR OMAudit - user=runner | ip=127.0.0.1 | op=GET_FILE_STATUS {volume=volume13981, bucket=bucket57402, key=testBatchDelete/parent/childFolder/child7, dataSize=0, replicationConfig=null} | ret=FAILURE
org.apache.hadoop.ozone.om.exceptions.OMException: Unable to get file status: volume: volume13981 bucket: bucket57402 key: testBatchDelete/parent/childFolder/child7
	at org.apache.hadoop.ozone.om.KeyManagerImpl.getOzoneFileStatusFSO(KeyManagerImpl.java:1359) ~[ozone-manager-1.4.0-SNAPSHOT.jar:?]
	at org.apache.hadoop.ozone.om.KeyManagerImpl.getFileStatus(KeyManagerImpl.java:1143) ~[ozone-manager-1.4.0-SNAPSHOT.jar:?]
	at org.apache.hadoop.ozone.om.OmMetadataReader.getFileStatus(OmMetadataReader.java:279) ~[ozone-manager-1.4.0-SNAPSHOT.jar:?]
	at org.apache.hadoop.ozone.om.OzoneManager.getFileStatus(OzoneManager.java:3611) ~[ozone-manager-1.4.0-SNAPSHOT.jar:?]
	at org.apache.hadoop.ozone.protocolPB.OzoneManagerRequestHandler.getOzoneFileStatus(OzoneManagerRequestHandler.java:1005) ~[ozone-manager-1.4.0-SNAPSHOT.jar:?]
	at org.apache.hadoop.ozone.protocolPB.OzoneManagerRequestHandler.handleReadRequest(OzoneManagerRequestHandler.java:262) ~[ozone-manager-1.4.0-SNAPSHOT.jar:?]
	at org.apache.hadoop.ozone.protocolPB.OzoneManagerProtocolServerSideTranslatorPB.submitReadRequestToOM(OzoneManagerProtocolServerSideTranslatorPB.java:241) ~[ozone-manager-1.4.0-SNAPSHOT.jar:?]
	at org.apache.hadoop.ozone.protocolPB.OzoneManagerProtocolServerSideTranslatorPB.processRequest(OzoneManagerProtocolServerSideTranslatorPB.java:186) ~[ozone-manager-1.4.0-SNAPSHOT.jar:?]
	at org.apache.hadoop.hdds.server.OzoneProtocolMessageDispatcher.processRequest(OzoneProtocolMessageDispatcher.java:89) [hdds-server-framework-1.4.0-SNAPSHOT.jar:?]
	at org.apache.hadoop.ozone.protocolPB.OzoneManagerProtocolServerSideTranslatorPB.submitRequest(OzoneManagerProtocolServerSideTranslatorPB.java:157) [ozone-manager-1.4.0-SNAPSHOT.jar:?]
	at org.apache.hadoop.ozone.protocol.proto.OzoneManagerProtocolProtos$OzoneManagerService$2.callBlockingMethod(OzoneManagerProtocolProtos.java) [ozone-interface-client-1.4.0-SNAPSHOT.jar:?]
	at org.apache.hadoop.ipc.ProtobufRpcEngine$Server.processCall(ProtobufRpcEngine.java:484) [hadoop-common-3.3.6.jar:?]
	at org.apache.hadoop.ipc.ProtobufRpcEngine2$Server$ProtoBufRpcInvoker.call(ProtobufRpcEngine2.java:595) [hadoop-common-3.3.6.jar:?]
	at org.apache.hadoop.ipc.ProtobufRpcEngine2$Server$ProtoBufRpcInvoker.call(ProtobufRpcEngine2.java:573) [hadoop-common-3.3.6.jar:?]
	at org.apache.hadoop.ipc.RPC$Server.call(RPC.java:1227) [hadoop-common-3.3.6.jar:?]
	at org.apache.hadoop.ipc.Server$RpcCall.run(Server.java:1094) [hadoop-common-3.3.6.jar:?]
	at org.apache.hadoop.ipc.Server$RpcCall.run(Server.java:1017) [hadoop-common-3.3.6.jar:?]
	at java.security.AccessController.doPrivileged(Native Method) ~[?:1.8.0_382]
	at javax.security.auth.Subject.doAs(Subject.java:422) [?:1.8.0_382]
	at org.apache.hadoop.security.UserGroupInformation.doAs(UserGroupInformation.java:1899) [hadoop-common-3.3.6.jar:?]
	at org.apache.hadoop.ipc.Server$Handler.run(Server.java:3048) [hadoop-common-3.3.6.jar:?]
16:43:00.129 [om1-OMStateMachineApplyTransactionThread - 0] ERROR OMAudit - user=runner | ip=127.0.0.1 | op=DELETE_KEY {volume=volume13981, bucket=bucket57402, key=testBatchDelete/parent, dataSize=0, replicationType=NONE, replicationFactor=ZERO} | ret=FAILURE
org.apache.hadoop.ozone.om.exceptions.OMException: Unable to get file status: volume: volume13981 bucket: bucket57402 key: testBatchDelete/parent
	at org.apache.hadoop.ozone.om.OzonePrefixPathImpl.<init>(OzonePrefixPathImpl.java:67) ~[ozone-manager-1.4.0-SNAPSHOT.jar:?]
	at org.apache.hadoop.ozone.om.request.OMClientRequest.checkACLsWithFSO(OMClientRequest.java:243) ~[ozone-manager-1.4.0-SNAPSHOT.jar:?]
	at org.apache.hadoop.ozone.om.request.key.OMKeyDeleteRequestWithFSO.validateAndUpdateCache(OMKeyDeleteRequestWithFSO.java:103) ~[ozone-manager-1.4.0-SNAPSHOT.jar:?]
	at org.apache.hadoop.ozone.protocolPB.OzoneManagerRequestHandler.lambda$0(OzoneManagerRequestHandler.java:390) ~[ozone-manager-1.4.0-SNAPSHOT.jar:?]
	at org.apache.hadoop.util.MetricUtil.captureLatencyNs(MetricUtil.java:39) ~[hdds-common-1.4.0-SNAPSHOT.jar:?]
	at org.apache.hadoop.ozone.protocolPB.OzoneManagerRequestHandler.handleWriteRequest(OzoneManagerRequestHandler.java:388) ~[ozone-manager-1.4.0-SNAPSHOT.jar:?]
	at org.apache.hadoop.ozone.om.ratis.OzoneManagerStateMachine.runCommand(OzoneManagerStateMachine.java:578) ~[ozone-manager-1.4.0-SNAPSHOT.jar:?]
	at org.apache.hadoop.ozone.om.ratis.OzoneManagerStateMachine.lambda$1(OzoneManagerStateMachine.java:368) ~[ozone-manager-1.4.0-SNAPSHOT.jar:?]
	at java.util.concurrent.CompletableFuture$AsyncSupply.run(CompletableFuture.java:1604) [?:1.8.0_382]
	at java.util.concurrent.ThreadPoolExecutor.runWorker(ThreadPoolExecutor.java:1149) [?:1.8.0_382]
	at java.util.concurrent.ThreadPoolExecutor$Worker.run(ThreadPoolExecutor.java:624) [?:1.8.0_382]
	at java.lang.Thread.run(Thread.java:750) [?:1.8.0_382]
2023-11-03 16:43:00,130 [om1-OMStateMachineApplyTransactionThread - 0] ERROR key.OMKeyDeleteRequestWithFSO (OMKeyDeleteRequestWithFSO.java:validateAndUpdateCache(201)) - Key delete failed. Volume:volume13981, Bucket:bucket57402, Key:testBatchDelete/parent.
KEY_NOT_FOUND org.apache.hadoop.ozone.om.exceptions.OMException: Unable to get file status: volume: volume13981 bucket: bucket57402 key: testBatchDelete/parent
	at org.apache.hadoop.ozone.om.OzonePrefixPathImpl.<init>(OzonePrefixPathImpl.java:67)
	at org.apache.hadoop.ozone.om.request.OMClientRequest.checkACLsWithFSO(OMClientRequest.java:243)
	at org.apache.hadoop.ozone.om.request.key.OMKeyDeleteRequestWithFSO.validateAndUpdateCache(OMKeyDeleteRequestWithFSO.java:103)
	at org.apache.hadoop.ozone.protocolPB.OzoneManagerRequestHandler.lambda$0(OzoneManagerRequestHandler.java:390)
	at org.apache.hadoop.util.MetricUtil.captureLatencyNs(MetricUtil.java:39)
	at org.apache.hadoop.ozone.protocolPB.OzoneManagerRequestHandler.handleWriteRequest(OzoneManagerRequestHandler.java:388)
	at org.apache.hadoop.ozone.om.ratis.OzoneManagerStateMachine.runCommand(OzoneManagerStateMachine.java:578)
	at org.apache.hadoop.ozone.om.ratis.OzoneManagerStateMachine.lambda$1(OzoneManagerStateMachine.java:368)
	at java.util.concurrent.CompletableFuture$AsyncSupply.run(CompletableFuture.java:1604)
	at java.util.concurrent.ThreadPoolExecutor.runWorker(ThreadPoolExecutor.java:1149)
	at java.util.concurrent.ThreadPoolExecutor$Worker.run(ThreadPoolExecutor.java:624)
	at java.lang.Thread.run(Thread.java:750)
2023-11-03 16:43:00,131 [Time-limited test] WARN  ozone.BasicOzoneClientAdapterImpl (BasicOzoneClientAdapterImpl.java:deleteObject(361)) - delete key failed Unable to get file status: volume: volume13981 bucket: bucket57402 key: testBatchDelete/parent
]]></system-out>
  </testcase>
  <testcase name="testFileDelete" classname="TestOzoneFileSystemWithFSO" time="0.2">
    <system-out><![CDATA[16:43:33.941 [IPC Server handler 19 on default port 15057] ERROR OMAudit - user=runner | ip=127.0.0.1 | op=GET_FILE_STATUS {volume=volume80570, bucket=bucket63586, key=testBatchDelete, dataSize=0, replicationConfig=null} | ret=FAILURE
org.apache.hadoop.ozone.om.exceptions.OMException: Unable to get file status: volume: volume80570 bucket: bucket63586 key: testBatchDelete
	at org.apache.hadoop.ozone.om.KeyManagerImpl.getOzoneFileStatusFSO(KeyManagerImpl.java:1359) ~[ozone-manager-1.4.0-SNAPSHOT.jar:?]
	at org.apache.hadoop.ozone.om.KeyManagerImpl.getFileStatus(KeyManagerImpl.java:1143) ~[ozone-manager-1.4.0-SNAPSHOT.jar:?]
	at org.apache.hadoop.ozone.om.OmMetadataReader.getFileStatus(OmMetadataReader.java:279) ~[ozone-manager-1.4.0-SNAPSHOT.jar:?]
	at org.apache.hadoop.ozone.om.OzoneManager.getFileStatus(OzoneManager.java:3611) ~[ozone-manager-1.4.0-SNAPSHOT.jar:?]
	at org.apache.hadoop.ozone.protocolPB.OzoneManagerRequestHandler.getOzoneFileStatus(OzoneManagerRequestHandler.java:1005) ~[ozone-manager-1.4.0-SNAPSHOT.jar:?]
	at org.apache.hadoop.ozone.protocolPB.OzoneManagerRequestHandler.handleReadRequest(OzoneManagerRequestHandler.java:262) ~[ozone-manager-1.4.0-SNAPSHOT.jar:?]
	at org.apache.hadoop.ozone.protocolPB.OzoneManagerProtocolServerSideTranslatorPB.submitRequestDirectlyToOM(OzoneManagerProtocolServerSideTranslatorPB.java:290) ~[ozone-manager-1.4.0-SNAPSHOT.jar:?]
	at org.apache.hadoop.ozone.protocolPB.OzoneManagerProtocolServerSideTranslatorPB.processRequest(OzoneManagerProtocolServerSideTranslatorPB.java:182) ~[ozone-manager-1.4.0-SNAPSHOT.jar:?]
	at org.apache.hadoop.hdds.server.OzoneProtocolMessageDispatcher.processRequest(OzoneProtocolMessageDispatcher.java:89) [hdds-server-framework-1.4.0-SNAPSHOT.jar:?]
	at org.apache.hadoop.ozone.protocolPB.OzoneManagerProtocolServerSideTranslatorPB.submitRequest(OzoneManagerProtocolServerSideTranslatorPB.java:157) [ozone-manager-1.4.0-SNAPSHOT.jar:?]
	at org.apache.hadoop.ozone.protocol.proto.OzoneManagerProtocolProtos$OzoneManagerService$2.callBlockingMethod(OzoneManagerProtocolProtos.java) [ozone-interface-client-1.4.0-SNAPSHOT.jar:?]
	at org.apache.hadoop.ipc.ProtobufRpcEngine$Server.processCall(ProtobufRpcEngine.java:484) [hadoop-common-3.3.6.jar:?]
	at org.apache.hadoop.ipc.ProtobufRpcEngine2$Server$ProtoBufRpcInvoker.call(ProtobufRpcEngine2.java:595) [hadoop-common-3.3.6.jar:?]
	at org.apache.hadoop.ipc.ProtobufRpcEngine2$Server$ProtoBufRpcInvoker.call(ProtobufRpcEngine2.java:573) [hadoop-common-3.3.6.jar:?]
	at org.apache.hadoop.ipc.RPC$Server.call(RPC.java:1227) [hadoop-common-3.3.6.jar:?]
	at org.apache.hadoop.ipc.Server$RpcCall.run(Server.java:1094) [hadoop-common-3.3.6.jar:?]
	at org.apache.hadoop.ipc.Server$RpcCall.run(Server.java:1017) [hadoop-common-3.3.6.jar:?]
	at java.security.AccessController.doPrivileged(Native Method) ~[?:1.8.0_382]
	at javax.security.auth.Subject.doAs(Subject.java:422) [?:1.8.0_382]
	at org.apache.hadoop.security.UserGroupInformation.doAs(UserGroupInformation.java:1899) [hadoop-common-3.3.6.jar:?]
	at org.apache.hadoop.ipc.Server$Handler.run(Server.java:3048) [hadoop-common-3.3.6.jar:?]
16:43:33.943 [IPC Server handler 0 on default port 15057] ERROR OMAudit - user=runner | ip=127.0.0.1 | op=GET_FILE_STATUS {volume=volume80570, bucket=bucket63586, key=testBatchDelete/parent/child0, dataSize=0, replicationConfig=null} | ret=FAILURE
org.apache.hadoop.ozone.om.exceptions.OMException: Unable to get file status: volume: volume80570 bucket: bucket63586 key: testBatchDelete/parent/child0
	at org.apache.hadoop.ozone.om.KeyManagerImpl.getOzoneFileStatusFSO(KeyManagerImpl.java:1359) ~[ozone-manager-1.4.0-SNAPSHOT.jar:?]
	at org.apache.hadoop.ozone.om.KeyManagerImpl.getFileStatus(KeyManagerImpl.java:1143) ~[ozone-manager-1.4.0-SNAPSHOT.jar:?]
	at org.apache.hadoop.ozone.om.OmMetadataReader.getFileStatus(OmMetadataReader.java:279) ~[ozone-manager-1.4.0-SNAPSHOT.jar:?]
	at org.apache.hadoop.ozone.om.OzoneManager.getFileStatus(OzoneManager.java:3611) ~[ozone-manager-1.4.0-SNAPSHOT.jar:?]
	at org.apache.hadoop.ozone.protocolPB.OzoneManagerRequestHandler.getOzoneFileStatus(OzoneManagerRequestHandler.java:1005) ~[ozone-manager-1.4.0-SNAPSHOT.jar:?]
	at org.apache.hadoop.ozone.protocolPB.OzoneManagerRequestHandler.handleReadRequest(OzoneManagerRequestHandler.java:262) ~[ozone-manager-1.4.0-SNAPSHOT.jar:?]
	at org.apache.hadoop.ozone.protocolPB.OzoneManagerProtocolServerSideTranslatorPB.submitRequestDirectlyToOM(OzoneManagerProtocolServerSideTranslatorPB.java:290) ~[ozone-manager-1.4.0-SNAPSHOT.jar:?]
	at org.apache.hadoop.ozone.protocolPB.OzoneManagerProtocolServerSideTranslatorPB.processRequest(OzoneManagerProtocolServerSideTranslatorPB.java:182) ~[ozone-manager-1.4.0-SNAPSHOT.jar:?]
	at org.apache.hadoop.hdds.server.OzoneProtocolMessageDispatcher.processRequest(OzoneProtocolMessageDispatcher.java:89) [hdds-server-framework-1.4.0-SNAPSHOT.jar:?]
	at org.apache.hadoop.ozone.protocolPB.OzoneManagerProtocolServerSideTranslatorPB.submitRequest(OzoneManagerProtocolServerSideTranslatorPB.java:157) [ozone-manager-1.4.0-SNAPSHOT.jar:?]
	at org.apache.hadoop.ozone.protocol.proto.OzoneManagerProtocolProtos$OzoneManagerService$2.callBlockingMethod(OzoneManagerProtocolProtos.java) [ozone-interface-client-1.4.0-SNAPSHOT.jar:?]
	at org.apache.hadoop.ipc.ProtobufRpcEngine$Server.processCall(ProtobufRpcEngine.java:484) [hadoop-common-3.3.6.jar:?]
	at org.apache.hadoop.ipc.ProtobufRpcEngine2$Server$ProtoBufRpcInvoker.call(ProtobufRpcEngine2.java:595) [hadoop-common-3.3.6.jar:?]
	at org.apache.hadoop.ipc.ProtobufRpcEngine2$Server$ProtoBufRpcInvoker.call(ProtobufRpcEngine2.java:573) [hadoop-common-3.3.6.jar:?]
	at org.apache.hadoop.ipc.RPC$Server.call(RPC.java:1227) [hadoop-common-3.3.6.jar:?]
	at org.apache.hadoop.ipc.Server$RpcCall.run(Server.java:1094) [hadoop-common-3.3.6.jar:?]
	at org.apache.hadoop.ipc.Server$RpcCall.run(Server.java:1017) [hadoop-common-3.3.6.jar:?]
	at java.security.AccessController.doPrivileged(Native Method) ~[?:1.8.0_382]
	at javax.security.auth.Subject.doAs(Subject.java:422) [?:1.8.0_382]
	at org.apache.hadoop.security.UserGroupInformation.doAs(UserGroupInformation.java:1899) [hadoop-common-3.3.6.jar:?]
	at org.apache.hadoop.ipc.Server$Handler.run(Server.java:3048) [hadoop-common-3.3.6.jar:?]
16:43:33.945 [IPC Server handler 1 on default port 15057] ERROR OMAudit - user=runner | ip=127.0.0.1 | op=GET_FILE_STATUS {volume=volume80570, bucket=bucket63586, key=testBatchDelete/parent/childFolder/child0, dataSize=0, replicationConfig=null} | ret=FAILURE
org.apache.hadoop.ozone.om.exceptions.OMException: Unable to get file status: volume: volume80570 bucket: bucket63586 key: testBatchDelete/parent/childFolder/child0
	at org.apache.hadoop.ozone.om.KeyManagerImpl.getOzoneFileStatusFSO(KeyManagerImpl.java:1359) ~[ozone-manager-1.4.0-SNAPSHOT.jar:?]
	at org.apache.hadoop.ozone.om.KeyManagerImpl.getFileStatus(KeyManagerImpl.java:1143) ~[ozone-manager-1.4.0-SNAPSHOT.jar:?]
	at org.apache.hadoop.ozone.om.OmMetadataReader.getFileStatus(OmMetadataReader.java:279) ~[ozone-manager-1.4.0-SNAPSHOT.jar:?]
	at org.apache.hadoop.ozone.om.OzoneManager.getFileStatus(OzoneManager.java:3611) ~[ozone-manager-1.4.0-SNAPSHOT.jar:?]
	at org.apache.hadoop.ozone.protocolPB.OzoneManagerRequestHandler.getOzoneFileStatus(OzoneManagerRequestHandler.java:1005) ~[ozone-manager-1.4.0-SNAPSHOT.jar:?]
	at org.apache.hadoop.ozone.protocolPB.OzoneManagerRequestHandler.handleReadRequest(OzoneManagerRequestHandler.java:262) ~[ozone-manager-1.4.0-SNAPSHOT.jar:?]
	at org.apache.hadoop.ozone.protocolPB.OzoneManagerProtocolServerSideTranslatorPB.submitRequestDirectlyToOM(OzoneManagerProtocolServerSideTranslatorPB.java:290) ~[ozone-manager-1.4.0-SNAPSHOT.jar:?]
	at org.apache.hadoop.ozone.protocolPB.OzoneManagerProtocolServerSideTranslatorPB.processRequest(OzoneManagerProtocolServerSideTranslatorPB.java:182) ~[ozone-manager-1.4.0-SNAPSHOT.jar:?]
	at org.apache.hadoop.hdds.server.OzoneProtocolMessageDispatcher.processRequest(OzoneProtocolMessageDispatcher.java:89) [hdds-server-framework-1.4.0-SNAPSHOT.jar:?]
	at org.apache.hadoop.ozone.protocolPB.OzoneManagerProtocolServerSideTranslatorPB.submitRequest(OzoneManagerProtocolServerSideTranslatorPB.java:157) [ozone-manager-1.4.0-SNAPSHOT.jar:?]
	at org.apache.hadoop.ozone.protocol.proto.OzoneManagerProtocolProtos$OzoneManagerService$2.callBlockingMethod(OzoneManagerProtocolProtos.java) [ozone-interface-client-1.4.0-SNAPSHOT.jar:?]
	at org.apache.hadoop.ipc.ProtobufRpcEngine$Server.processCall(ProtobufRpcEngine.java:484) [hadoop-common-3.3.6.jar:?]
	at org.apache.hadoop.ipc.ProtobufRpcEngine2$Server$ProtoBufRpcInvoker.call(ProtobufRpcEngine2.java:595) [hadoop-common-3.3.6.jar:?]
	at org.apache.hadoop.ipc.ProtobufRpcEngine2$Server$ProtoBufRpcInvoker.call(ProtobufRpcEngine2.java:573) [hadoop-common-3.3.6.jar:?]
	at org.apache.hadoop.ipc.RPC$Server.call(RPC.java:1227) [hadoop-common-3.3.6.jar:?]
	at org.apache.hadoop.ipc.Server$RpcCall.run(Server.java:1094) [hadoop-common-3.3.6.jar:?]
	at org.apache.hadoop.ipc.Server$RpcCall.run(Server.java:1017) [hadoop-common-3.3.6.jar:?]
	at java.security.AccessController.doPrivileged(Native Method) ~[?:1.8.0_382]
	at javax.security.auth.Subject.doAs(Subject.java:422) [?:1.8.0_382]
	at org.apache.hadoop.security.UserGroupInformation.doAs(UserGroupInformation.java:1899) [hadoop-common-3.3.6.jar:?]
	at org.apache.hadoop.ipc.Server$Handler.run(Server.java:3048) [hadoop-common-3.3.6.jar:?]
16:43:33.947 [IPC Server handler 18 on default port 15057] ERROR OMAudit - user=runner | ip=127.0.0.1 | op=GET_FILE_STATUS {volume=volume80570, bucket=bucket63586, key=testBatchDelete/parent/child1, dataSize=0, replicationConfig=null} | ret=FAILURE
org.apache.hadoop.ozone.om.exceptions.OMException: Unable to get file status: volume: volume80570 bucket: bucket63586 key: testBatchDelete/parent/child1
	at org.apache.hadoop.ozone.om.KeyManagerImpl.getOzoneFileStatusFSO(KeyManagerImpl.java:1359) ~[ozone-manager-1.4.0-SNAPSHOT.jar:?]
	at org.apache.hadoop.ozone.om.KeyManagerImpl.getFileStatus(KeyManagerImpl.java:1143) ~[ozone-manager-1.4.0-SNAPSHOT.jar:?]
	at org.apache.hadoop.ozone.om.OmMetadataReader.getFileStatus(OmMetadataReader.java:279) ~[ozone-manager-1.4.0-SNAPSHOT.jar:?]
	at org.apache.hadoop.ozone.om.OzoneManager.getFileStatus(OzoneManager.java:3611) ~[ozone-manager-1.4.0-SNAPSHOT.jar:?]
	at org.apache.hadoop.ozone.protocolPB.OzoneManagerRequestHandler.getOzoneFileStatus(OzoneManagerRequestHandler.java:1005) ~[ozone-manager-1.4.0-SNAPSHOT.jar:?]
	at org.apache.hadoop.ozone.protocolPB.OzoneManagerRequestHandler.handleReadRequest(OzoneManagerRequestHandler.java:262) ~[ozone-manager-1.4.0-SNAPSHOT.jar:?]
	at org.apache.hadoop.ozone.protocolPB.OzoneManagerProtocolServerSideTranslatorPB.submitRequestDirectlyToOM(OzoneManagerProtocolServerSideTranslatorPB.java:290) ~[ozone-manager-1.4.0-SNAPSHOT.jar:?]
	at org.apache.hadoop.ozone.protocolPB.OzoneManagerProtocolServerSideTranslatorPB.processRequest(OzoneManagerProtocolServerSideTranslatorPB.java:182) ~[ozone-manager-1.4.0-SNAPSHOT.jar:?]
	at org.apache.hadoop.hdds.server.OzoneProtocolMessageDispatcher.processRequest(OzoneProtocolMessageDispatcher.java:89) [hdds-server-framework-1.4.0-SNAPSHOT.jar:?]
	at org.apache.hadoop.ozone.protocolPB.OzoneManagerProtocolServerSideTranslatorPB.submitRequest(OzoneManagerProtocolServerSideTranslatorPB.java:157) [ozone-manager-1.4.0-SNAPSHOT.jar:?]
	at org.apache.hadoop.ozone.protocol.proto.OzoneManagerProtocolProtos$OzoneManagerService$2.callBlockingMethod(OzoneManagerProtocolProtos.java) [ozone-interface-client-1.4.0-SNAPSHOT.jar:?]
	at org.apache.hadoop.ipc.ProtobufRpcEngine$Server.processCall(ProtobufRpcEngine.java:484) [hadoop-common-3.3.6.jar:?]
	at org.apache.hadoop.ipc.ProtobufRpcEngine2$Server$ProtoBufRpcInvoker.call(ProtobufRpcEngine2.java:595) [hadoop-common-3.3.6.jar:?]
	at org.apache.hadoop.ipc.ProtobufRpcEngine2$Server$ProtoBufRpcInvoker.call(ProtobufRpcEngine2.java:573) [hadoop-common-3.3.6.jar:?]
	at org.apache.hadoop.ipc.RPC$Server.call(RPC.java:1227) [hadoop-common-3.3.6.jar:?]
	at org.apache.hadoop.ipc.Server$RpcCall.run(Server.java:1094) [hadoop-common-3.3.6.jar:?]
	at org.apache.hadoop.ipc.Server$RpcCall.run(Server.java:1017) [hadoop-common-3.3.6.jar:?]
	at java.security.AccessController.doPrivileged(Native Method) ~[?:1.8.0_382]
	at javax.security.auth.Subject.doAs(Subject.java:422) [?:1.8.0_382]
	at org.apache.hadoop.security.UserGroupInformation.doAs(UserGroupInformation.java:1899) [hadoop-common-3.3.6.jar:?]
	at org.apache.hadoop.ipc.Server$Handler.run(Server.java:3048) [hadoop-common-3.3.6.jar:?]
16:43:33.948 [IPC Server handler 5 on default port 15057] ERROR OMAudit - user=runner | ip=127.0.0.1 | op=GET_FILE_STATUS {volume=volume80570, bucket=bucket63586, key=testBatchDelete/parent/childFolder/child1, dataSize=0, replicationConfig=null} | ret=FAILURE
org.apache.hadoop.ozone.om.exceptions.OMException: Unable to get file status: volume: volume80570 bucket: bucket63586 key: testBatchDelete/parent/childFolder/child1
	at org.apache.hadoop.ozone.om.KeyManagerImpl.getOzoneFileStatusFSO(KeyManagerImpl.java:1359) ~[ozone-manager-1.4.0-SNAPSHOT.jar:?]
	at org.apache.hadoop.ozone.om.KeyManagerImpl.getFileStatus(KeyManagerImpl.java:1143) ~[ozone-manager-1.4.0-SNAPSHOT.jar:?]
	at org.apache.hadoop.ozone.om.OmMetadataReader.getFileStatus(OmMetadataReader.java:279) ~[ozone-manager-1.4.0-SNAPSHOT.jar:?]
	at org.apache.hadoop.ozone.om.OzoneManager.getFileStatus(OzoneManager.java:3611) ~[ozone-manager-1.4.0-SNAPSHOT.jar:?]
	at org.apache.hadoop.ozone.protocolPB.OzoneManagerRequestHandler.getOzoneFileStatus(OzoneManagerRequestHandler.java:1005) ~[ozone-manager-1.4.0-SNAPSHOT.jar:?]
	at org.apache.hadoop.ozone.protocolPB.OzoneManagerRequestHandler.handleReadRequest(OzoneManagerRequestHandler.java:262) ~[ozone-manager-1.4.0-SNAPSHOT.jar:?]
	at org.apache.hadoop.ozone.protocolPB.OzoneManagerProtocolServerSideTranslatorPB.submitRequestDirectlyToOM(OzoneManagerProtocolServerSideTranslatorPB.java:290) ~[ozone-manager-1.4.0-SNAPSHOT.jar:?]
	at org.apache.hadoop.ozone.protocolPB.OzoneManagerProtocolServerSideTranslatorPB.processRequest(OzoneManagerProtocolServerSideTranslatorPB.java:182) ~[ozone-manager-1.4.0-SNAPSHOT.jar:?]
	at org.apache.hadoop.hdds.server.OzoneProtocolMessageDispatcher.processRequest(OzoneProtocolMessageDispatcher.java:89) [hdds-server-framework-1.4.0-SNAPSHOT.jar:?]
	at org.apache.hadoop.ozone.protocolPB.OzoneManagerProtocolServerSideTranslatorPB.submitRequest(OzoneManagerProtocolServerSideTranslatorPB.java:157) [ozone-manager-1.4.0-SNAPSHOT.jar:?]
	at org.apache.hadoop.ozone.protocol.proto.OzoneManagerProtocolProtos$OzoneManagerService$2.callBlockingMethod(OzoneManagerProtocolProtos.java) [ozone-interface-client-1.4.0-SNAPSHOT.jar:?]
	at org.apache.hadoop.ipc.ProtobufRpcEngine$Server.processCall(ProtobufRpcEngine.java:484) [hadoop-common-3.3.6.jar:?]
	at org.apache.hadoop.ipc.ProtobufRpcEngine2$Server$ProtoBufRpcInvoker.call(ProtobufRpcEngine2.java:595) [hadoop-common-3.3.6.jar:?]
	at org.apache.hadoop.ipc.ProtobufRpcEngine2$Server$ProtoBufRpcInvoker.call(ProtobufRpcEngine2.java:573) [hadoop-common-3.3.6.jar:?]
	at org.apache.hadoop.ipc.RPC$Server.call(RPC.java:1227) [hadoop-common-3.3.6.jar:?]
	at org.apache.hadoop.ipc.Server$RpcCall.run(Server.java:1094) [hadoop-common-3.3.6.jar:?]
	at org.apache.hadoop.ipc.Server$RpcCall.run(Server.java:1017) [hadoop-common-3.3.6.jar:?]
	at java.security.AccessController.doPrivileged(Native Method) ~[?:1.8.0_382]
	at javax.security.auth.Subject.doAs(Subject.java:422) [?:1.8.0_382]
	at org.apache.hadoop.security.UserGroupInformation.doAs(UserGroupInformation.java:1899) [hadoop-common-3.3.6.jar:?]
	at org.apache.hadoop.ipc.Server$Handler.run(Server.java:3048) [hadoop-common-3.3.6.jar:?]
16:43:33.950 [IPC Server handler 4 on default port 15057] ERROR OMAudit - user=runner | ip=127.0.0.1 | op=GET_FILE_STATUS {volume=volume80570, bucket=bucket63586, key=testBatchDelete/parent/child2, dataSize=0, replicationConfig=null} | ret=FAILURE
org.apache.hadoop.ozone.om.exceptions.OMException: Unable to get file status: volume: volume80570 bucket: bucket63586 key: testBatchDelete/parent/child2
	at org.apache.hadoop.ozone.om.KeyManagerImpl.getOzoneFileStatusFSO(KeyManagerImpl.java:1359) ~[ozone-manager-1.4.0-SNAPSHOT.jar:?]
	at org.apache.hadoop.ozone.om.KeyManagerImpl.getFileStatus(KeyManagerImpl.java:1143) ~[ozone-manager-1.4.0-SNAPSHOT.jar:?]
	at org.apache.hadoop.ozone.om.OmMetadataReader.getFileStatus(OmMetadataReader.java:279) ~[ozone-manager-1.4.0-SNAPSHOT.jar:?]
	at org.apache.hadoop.ozone.om.OzoneManager.getFileStatus(OzoneManager.java:3611) ~[ozone-manager-1.4.0-SNAPSHOT.jar:?]
	at org.apache.hadoop.ozone.protocolPB.OzoneManagerRequestHandler.getOzoneFileStatus(OzoneManagerRequestHandler.java:1005) ~[ozone-manager-1.4.0-SNAPSHOT.jar:?]
	at org.apache.hadoop.ozone.protocolPB.OzoneManagerRequestHandler.handleReadRequest(OzoneManagerRequestHandler.java:262) ~[ozone-manager-1.4.0-SNAPSHOT.jar:?]
	at org.apache.hadoop.ozone.protocolPB.OzoneManagerProtocolServerSideTranslatorPB.submitRequestDirectlyToOM(OzoneManagerProtocolServerSideTranslatorPB.java:290) ~[ozone-manager-1.4.0-SNAPSHOT.jar:?]
	at org.apache.hadoop.ozone.protocolPB.OzoneManagerProtocolServerSideTranslatorPB.processRequest(OzoneManagerProtocolServerSideTranslatorPB.java:182) ~[ozone-manager-1.4.0-SNAPSHOT.jar:?]
	at org.apache.hadoop.hdds.server.OzoneProtocolMessageDispatcher.processRequest(OzoneProtocolMessageDispatcher.java:89) [hdds-server-framework-1.4.0-SNAPSHOT.jar:?]
	at org.apache.hadoop.ozone.protocolPB.OzoneManagerProtocolServerSideTranslatorPB.submitRequest(OzoneManagerProtocolServerSideTranslatorPB.java:157) [ozone-manager-1.4.0-SNAPSHOT.jar:?]
	at org.apache.hadoop.ozone.protocol.proto.OzoneManagerProtocolProtos$OzoneManagerService$2.callBlockingMethod(OzoneManagerProtocolProtos.java) [ozone-interface-client-1.4.0-SNAPSHOT.jar:?]
	at org.apache.hadoop.ipc.ProtobufRpcEngine$Server.processCall(ProtobufRpcEngine.java:484) [hadoop-common-3.3.6.jar:?]
	at org.apache.hadoop.ipc.ProtobufRpcEngine2$Server$ProtoBufRpcInvoker.call(ProtobufRpcEngine2.java:595) [hadoop-common-3.3.6.jar:?]
	at org.apache.hadoop.ipc.ProtobufRpcEngine2$Server$ProtoBufRpcInvoker.call(ProtobufRpcEngine2.java:573) [hadoop-common-3.3.6.jar:?]
	at org.apache.hadoop.ipc.RPC$Server.call(RPC.java:1227) [hadoop-common-3.3.6.jar:?]
	at org.apache.hadoop.ipc.Server$RpcCall.run(Server.java:1094) [hadoop-common-3.3.6.jar:?]
	at org.apache.hadoop.ipc.Server$RpcCall.run(Server.java:1017) [hadoop-common-3.3.6.jar:?]
	at java.security.AccessController.doPrivileged(Native Method) ~[?:1.8.0_382]
	at javax.security.auth.Subject.doAs(Subject.java:422) [?:1.8.0_382]
	at org.apache.hadoop.security.UserGroupInformation.doAs(UserGroupInformation.java:1899) [hadoop-common-3.3.6.jar:?]
	at org.apache.hadoop.ipc.Server$Handler.run(Server.java:3048) [hadoop-common-3.3.6.jar:?]
16:43:33.951 [IPC Server handler 6 on default port 15057] ERROR OMAudit - user=runner | ip=127.0.0.1 | op=GET_FILE_STATUS {volume=volume80570, bucket=bucket63586, key=testBatchDelete/parent/childFolder/child2, dataSize=0, replicationConfig=null} | ret=FAILURE
org.apache.hadoop.ozone.om.exceptions.OMException: Unable to get file status: volume: volume80570 bucket: bucket63586 key: testBatchDelete/parent/childFolder/child2
	at org.apache.hadoop.ozone.om.KeyManagerImpl.getOzoneFileStatusFSO(KeyManagerImpl.java:1359) ~[ozone-manager-1.4.0-SNAPSHOT.jar:?]
	at org.apache.hadoop.ozone.om.KeyManagerImpl.getFileStatus(KeyManagerImpl.java:1143) ~[ozone-manager-1.4.0-SNAPSHOT.jar:?]
	at org.apache.hadoop.ozone.om.OmMetadataReader.getFileStatus(OmMetadataReader.java:279) ~[ozone-manager-1.4.0-SNAPSHOT.jar:?]
	at org.apache.hadoop.ozone.om.OzoneManager.getFileStatus(OzoneManager.java:3611) ~[ozone-manager-1.4.0-SNAPSHOT.jar:?]
	at org.apache.hadoop.ozone.protocolPB.OzoneManagerRequestHandler.getOzoneFileStatus(OzoneManagerRequestHandler.java:1005) ~[ozone-manager-1.4.0-SNAPSHOT.jar:?]
	at org.apache.hadoop.ozone.protocolPB.OzoneManagerRequestHandler.handleReadRequest(OzoneManagerRequestHandler.java:262) ~[ozone-manager-1.4.0-SNAPSHOT.jar:?]
	at org.apache.hadoop.ozone.protocolPB.OzoneManagerProtocolServerSideTranslatorPB.submitRequestDirectlyToOM(OzoneManagerProtocolServerSideTranslatorPB.java:290) ~[ozone-manager-1.4.0-SNAPSHOT.jar:?]
	at org.apache.hadoop.ozone.protocolPB.OzoneManagerProtocolServerSideTranslatorPB.processRequest(OzoneManagerProtocolServerSideTranslatorPB.java:182) ~[ozone-manager-1.4.0-SNAPSHOT.jar:?]
	at org.apache.hadoop.hdds.server.OzoneProtocolMessageDispatcher.processRequest(OzoneProtocolMessageDispatcher.java:89) [hdds-server-framework-1.4.0-SNAPSHOT.jar:?]
	at org.apache.hadoop.ozone.protocolPB.OzoneManagerProtocolServerSideTranslatorPB.submitRequest(OzoneManagerProtocolServerSideTranslatorPB.java:157) [ozone-manager-1.4.0-SNAPSHOT.jar:?]
	at org.apache.hadoop.ozone.protocol.proto.OzoneManagerProtocolProtos$OzoneManagerService$2.callBlockingMethod(OzoneManagerProtocolProtos.java) [ozone-interface-client-1.4.0-SNAPSHOT.jar:?]
	at org.apache.hadoop.ipc.ProtobufRpcEngine$Server.processCall(ProtobufRpcEngine.java:484) [hadoop-common-3.3.6.jar:?]
	at org.apache.hadoop.ipc.ProtobufRpcEngine2$Server$ProtoBufRpcInvoker.call(ProtobufRpcEngine2.java:595) [hadoop-common-3.3.6.jar:?]
	at org.apache.hadoop.ipc.ProtobufRpcEngine2$Server$ProtoBufRpcInvoker.call(ProtobufRpcEngine2.java:573) [hadoop-common-3.3.6.jar:?]
	at org.apache.hadoop.ipc.RPC$Server.call(RPC.java:1227) [hadoop-common-3.3.6.jar:?]
	at org.apache.hadoop.ipc.Server$RpcCall.run(Server.java:1094) [hadoop-common-3.3.6.jar:?]
	at org.apache.hadoop.ipc.Server$RpcCall.run(Server.java:1017) [hadoop-common-3.3.6.jar:?]
	at java.security.AccessController.doPrivileged(Native Method) ~[?:1.8.0_382]
	at javax.security.auth.Subject.doAs(Subject.java:422) [?:1.8.0_382]
	at org.apache.hadoop.security.UserGroupInformation.doAs(UserGroupInformation.java:1899) [hadoop-common-3.3.6.jar:?]
	at org.apache.hadoop.ipc.Server$Handler.run(Server.java:3048) [hadoop-common-3.3.6.jar:?]
16:43:33.953 [IPC Server handler 11 on default port 15057] ERROR OMAudit - user=runner | ip=127.0.0.1 | op=GET_FILE_STATUS {volume=volume80570, bucket=bucket63586, key=testBatchDelete/parent/child3, dataSize=0, replicationConfig=null} | ret=FAILURE
org.apache.hadoop.ozone.om.exceptions.OMException: Unable to get file status: volume: volume80570 bucket: bucket63586 key: testBatchDelete/parent/child3
	at org.apache.hadoop.ozone.om.KeyManagerImpl.getOzoneFileStatusFSO(KeyManagerImpl.java:1359) ~[ozone-manager-1.4.0-SNAPSHOT.jar:?]
	at org.apache.hadoop.ozone.om.KeyManagerImpl.getFileStatus(KeyManagerImpl.java:1143) ~[ozone-manager-1.4.0-SNAPSHOT.jar:?]
	at org.apache.hadoop.ozone.om.OmMetadataReader.getFileStatus(OmMetadataReader.java:279) ~[ozone-manager-1.4.0-SNAPSHOT.jar:?]
	at org.apache.hadoop.ozone.om.OzoneManager.getFileStatus(OzoneManager.java:3611) ~[ozone-manager-1.4.0-SNAPSHOT.jar:?]
	at org.apache.hadoop.ozone.protocolPB.OzoneManagerRequestHandler.getOzoneFileStatus(OzoneManagerRequestHandler.java:1005) ~[ozone-manager-1.4.0-SNAPSHOT.jar:?]
	at org.apache.hadoop.ozone.protocolPB.OzoneManagerRequestHandler.handleReadRequest(OzoneManagerRequestHandler.java:262) ~[ozone-manager-1.4.0-SNAPSHOT.jar:?]
	at org.apache.hadoop.ozone.protocolPB.OzoneManagerProtocolServerSideTranslatorPB.submitRequestDirectlyToOM(OzoneManagerProtocolServerSideTranslatorPB.java:290) ~[ozone-manager-1.4.0-SNAPSHOT.jar:?]
	at org.apache.hadoop.ozone.protocolPB.OzoneManagerProtocolServerSideTranslatorPB.processRequest(OzoneManagerProtocolServerSideTranslatorPB.java:182) ~[ozone-manager-1.4.0-SNAPSHOT.jar:?]
	at org.apache.hadoop.hdds.server.OzoneProtocolMessageDispatcher.processRequest(OzoneProtocolMessageDispatcher.java:89) [hdds-server-framework-1.4.0-SNAPSHOT.jar:?]
	at org.apache.hadoop.ozone.protocolPB.OzoneManagerProtocolServerSideTranslatorPB.submitRequest(OzoneManagerProtocolServerSideTranslatorPB.java:157) [ozone-manager-1.4.0-SNAPSHOT.jar:?]
	at org.apache.hadoop.ozone.protocol.proto.OzoneManagerProtocolProtos$OzoneManagerService$2.callBlockingMethod(OzoneManagerProtocolProtos.java) [ozone-interface-client-1.4.0-SNAPSHOT.jar:?]
	at org.apache.hadoop.ipc.ProtobufRpcEngine$Server.processCall(ProtobufRpcEngine.java:484) [hadoop-common-3.3.6.jar:?]
	at org.apache.hadoop.ipc.ProtobufRpcEngine2$Server$ProtoBufRpcInvoker.call(ProtobufRpcEngine2.java:595) [hadoop-common-3.3.6.jar:?]
	at org.apache.hadoop.ipc.ProtobufRpcEngine2$Server$ProtoBufRpcInvoker.call(ProtobufRpcEngine2.java:573) [hadoop-common-3.3.6.jar:?]
	at org.apache.hadoop.ipc.RPC$Server.call(RPC.java:1227) [hadoop-common-3.3.6.jar:?]
	at org.apache.hadoop.ipc.Server$RpcCall.run(Server.java:1094) [hadoop-common-3.3.6.jar:?]
	at org.apache.hadoop.ipc.Server$RpcCall.run(Server.java:1017) [hadoop-common-3.3.6.jar:?]
	at java.security.AccessController.doPrivileged(Native Method) ~[?:1.8.0_382]
	at javax.security.auth.Subject.doAs(Subject.java:422) [?:1.8.0_382]
	at org.apache.hadoop.security.UserGroupInformation.doAs(UserGroupInformation.java:1899) [hadoop-common-3.3.6.jar:?]
	at org.apache.hadoop.ipc.Server$Handler.run(Server.java:3048) [hadoop-common-3.3.6.jar:?]
16:43:33.954 [IPC Server handler 3 on default port 15057] ERROR OMAudit - user=runner | ip=127.0.0.1 | op=GET_FILE_STATUS {volume=volume80570, bucket=bucket63586, key=testBatchDelete/parent/childFolder/child3, dataSize=0, replicationConfig=null} | ret=FAILURE
org.apache.hadoop.ozone.om.exceptions.OMException: Unable to get file status: volume: volume80570 bucket: bucket63586 key: testBatchDelete/parent/childFolder/child3
	at org.apache.hadoop.ozone.om.KeyManagerImpl.getOzoneFileStatusFSO(KeyManagerImpl.java:1359) ~[ozone-manager-1.4.0-SNAPSHOT.jar:?]
	at org.apache.hadoop.ozone.om.KeyManagerImpl.getFileStatus(KeyManagerImpl.java:1143) ~[ozone-manager-1.4.0-SNAPSHOT.jar:?]
	at org.apache.hadoop.ozone.om.OmMetadataReader.getFileStatus(OmMetadataReader.java:279) ~[ozone-manager-1.4.0-SNAPSHOT.jar:?]
	at org.apache.hadoop.ozone.om.OzoneManager.getFileStatus(OzoneManager.java:3611) ~[ozone-manager-1.4.0-SNAPSHOT.jar:?]
	at org.apache.hadoop.ozone.protocolPB.OzoneManagerRequestHandler.getOzoneFileStatus(OzoneManagerRequestHandler.java:1005) ~[ozone-manager-1.4.0-SNAPSHOT.jar:?]
	at org.apache.hadoop.ozone.protocolPB.OzoneManagerRequestHandler.handleReadRequest(OzoneManagerRequestHandler.java:262) ~[ozone-manager-1.4.0-SNAPSHOT.jar:?]
	at org.apache.hadoop.ozone.protocolPB.OzoneManagerProtocolServerSideTranslatorPB.submitRequestDirectlyToOM(OzoneManagerProtocolServerSideTranslatorPB.java:290) ~[ozone-manager-1.4.0-SNAPSHOT.jar:?]
	at org.apache.hadoop.ozone.protocolPB.OzoneManagerProtocolServerSideTranslatorPB.processRequest(OzoneManagerProtocolServerSideTranslatorPB.java:182) ~[ozone-manager-1.4.0-SNAPSHOT.jar:?]
	at org.apache.hadoop.hdds.server.OzoneProtocolMessageDispatcher.processRequest(OzoneProtocolMessageDispatcher.java:89) [hdds-server-framework-1.4.0-SNAPSHOT.jar:?]
	at org.apache.hadoop.ozone.protocolPB.OzoneManagerProtocolServerSideTranslatorPB.submitRequest(OzoneManagerProtocolServerSideTranslatorPB.java:157) [ozone-manager-1.4.0-SNAPSHOT.jar:?]
	at org.apache.hadoop.ozone.protocol.proto.OzoneManagerProtocolProtos$OzoneManagerService$2.callBlockingMethod(OzoneManagerProtocolProtos.java) [ozone-interface-client-1.4.0-SNAPSHOT.jar:?]
	at org.apache.hadoop.ipc.ProtobufRpcEngine$Server.processCall(ProtobufRpcEngine.java:484) [hadoop-common-3.3.6.jar:?]
	at org.apache.hadoop.ipc.ProtobufRpcEngine2$Server$ProtoBufRpcInvoker.call(ProtobufRpcEngine2.java:595) [hadoop-common-3.3.6.jar:?]
	at org.apache.hadoop.ipc.ProtobufRpcEngine2$Server$ProtoBufRpcInvoker.call(ProtobufRpcEngine2.java:573) [hadoop-common-3.3.6.jar:?]
	at org.apache.hadoop.ipc.RPC$Server.call(RPC.java:1227) [hadoop-common-3.3.6.jar:?]
	at org.apache.hadoop.ipc.Server$RpcCall.run(Server.java:1094) [hadoop-common-3.3.6.jar:?]
	at org.apache.hadoop.ipc.Server$RpcCall.run(Server.java:1017) [hadoop-common-3.3.6.jar:?]
	at java.security.AccessController.doPrivileged(Native Method) ~[?:1.8.0_382]
	at javax.security.auth.Subject.doAs(Subject.java:422) [?:1.8.0_382]
	at org.apache.hadoop.security.UserGroupInformation.doAs(UserGroupInformation.java:1899) [hadoop-common-3.3.6.jar:?]
	at org.apache.hadoop.ipc.Server$Handler.run(Server.java:3048) [hadoop-common-3.3.6.jar:?]
16:43:33.956 [IPC Server handler 8 on default port 15057] ERROR OMAudit - user=runner | ip=127.0.0.1 | op=GET_FILE_STATUS {volume=volume80570, bucket=bucket63586, key=testBatchDelete/parent/child4, dataSize=0, replicationConfig=null} | ret=FAILURE
org.apache.hadoop.ozone.om.exceptions.OMException: Unable to get file status: volume: volume80570 bucket: bucket63586 key: testBatchDelete/parent/child4
	at org.apache.hadoop.ozone.om.KeyManagerImpl.getOzoneFileStatusFSO(KeyManagerImpl.java:1359) ~[ozone-manager-1.4.0-SNAPSHOT.jar:?]
	at org.apache.hadoop.ozone.om.KeyManagerImpl.getFileStatus(KeyManagerImpl.java:1143) ~[ozone-manager-1.4.0-SNAPSHOT.jar:?]
	at org.apache.hadoop.ozone.om.OmMetadataReader.getFileStatus(OmMetadataReader.java:279) ~[ozone-manager-1.4.0-SNAPSHOT.jar:?]
	at org.apache.hadoop.ozone.om.OzoneManager.getFileStatus(OzoneManager.java:3611) ~[ozone-manager-1.4.0-SNAPSHOT.jar:?]
	at org.apache.hadoop.ozone.protocolPB.OzoneManagerRequestHandler.getOzoneFileStatus(OzoneManagerRequestHandler.java:1005) ~[ozone-manager-1.4.0-SNAPSHOT.jar:?]
	at org.apache.hadoop.ozone.protocolPB.OzoneManagerRequestHandler.handleReadRequest(OzoneManagerRequestHandler.java:262) ~[ozone-manager-1.4.0-SNAPSHOT.jar:?]
	at org.apache.hadoop.ozone.protocolPB.OzoneManagerProtocolServerSideTranslatorPB.submitRequestDirectlyToOM(OzoneManagerProtocolServerSideTranslatorPB.java:290) ~[ozone-manager-1.4.0-SNAPSHOT.jar:?]
	at org.apache.hadoop.ozone.protocolPB.OzoneManagerProtocolServerSideTranslatorPB.processRequest(OzoneManagerProtocolServerSideTranslatorPB.java:182) ~[ozone-manager-1.4.0-SNAPSHOT.jar:?]
	at org.apache.hadoop.hdds.server.OzoneProtocolMessageDispatcher.processRequest(OzoneProtocolMessageDispatcher.java:89) [hdds-server-framework-1.4.0-SNAPSHOT.jar:?]
	at org.apache.hadoop.ozone.protocolPB.OzoneManagerProtocolServerSideTranslatorPB.submitRequest(OzoneManagerProtocolServerSideTranslatorPB.java:157) [ozone-manager-1.4.0-SNAPSHOT.jar:?]
	at org.apache.hadoop.ozone.protocol.proto.OzoneManagerProtocolProtos$OzoneManagerService$2.callBlockingMethod(OzoneManagerProtocolProtos.java) [ozone-interface-client-1.4.0-SNAPSHOT.jar:?]
	at org.apache.hadoop.ipc.ProtobufRpcEngine$Server.processCall(ProtobufRpcEngine.java:484) [hadoop-common-3.3.6.jar:?]
	at org.apache.hadoop.ipc.ProtobufRpcEngine2$Server$ProtoBufRpcInvoker.call(ProtobufRpcEngine2.java:595) [hadoop-common-3.3.6.jar:?]
	at org.apache.hadoop.ipc.ProtobufRpcEngine2$Server$ProtoBufRpcInvoker.call(ProtobufRpcEngine2.java:573) [hadoop-common-3.3.6.jar:?]
	at org.apache.hadoop.ipc.RPC$Server.call(RPC.java:1227) [hadoop-common-3.3.6.jar:?]
	at org.apache.hadoop.ipc.Server$RpcCall.run(Server.java:1094) [hadoop-common-3.3.6.jar:?]
	at org.apache.hadoop.ipc.Server$RpcCall.run(Server.java:1017) [hadoop-common-3.3.6.jar:?]
	at java.security.AccessController.doPrivileged(Native Method) ~[?:1.8.0_382]
	at javax.security.auth.Subject.doAs(Subject.java:422) [?:1.8.0_382]
	at org.apache.hadoop.security.UserGroupInformation.doAs(UserGroupInformation.java:1899) [hadoop-common-3.3.6.jar:?]
	at org.apache.hadoop.ipc.Server$Handler.run(Server.java:3048) [hadoop-common-3.3.6.jar:?]
16:43:33.957 [IPC Server handler 2 on default port 15057] ERROR OMAudit - user=runner | ip=127.0.0.1 | op=GET_FILE_STATUS {volume=volume80570, bucket=bucket63586, key=testBatchDelete/parent/childFolder/child4, dataSize=0, replicationConfig=null} | ret=FAILURE
org.apache.hadoop.ozone.om.exceptions.OMException: Unable to get file status: volume: volume80570 bucket: bucket63586 key: testBatchDelete/parent/childFolder/child4
	at org.apache.hadoop.ozone.om.KeyManagerImpl.getOzoneFileStatusFSO(KeyManagerImpl.java:1359) ~[ozone-manager-1.4.0-SNAPSHOT.jar:?]
	at org.apache.hadoop.ozone.om.KeyManagerImpl.getFileStatus(KeyManagerImpl.java:1143) ~[ozone-manager-1.4.0-SNAPSHOT.jar:?]
	at org.apache.hadoop.ozone.om.OmMetadataReader.getFileStatus(OmMetadataReader.java:279) ~[ozone-manager-1.4.0-SNAPSHOT.jar:?]
	at org.apache.hadoop.ozone.om.OzoneManager.getFileStatus(OzoneManager.java:3611) ~[ozone-manager-1.4.0-SNAPSHOT.jar:?]
	at org.apache.hadoop.ozone.protocolPB.OzoneManagerRequestHandler.getOzoneFileStatus(OzoneManagerRequestHandler.java:1005) ~[ozone-manager-1.4.0-SNAPSHOT.jar:?]
	at org.apache.hadoop.ozone.protocolPB.OzoneManagerRequestHandler.handleReadRequest(OzoneManagerRequestHandler.java:262) ~[ozone-manager-1.4.0-SNAPSHOT.jar:?]
	at org.apache.hadoop.ozone.protocolPB.OzoneManagerProtocolServerSideTranslatorPB.submitRequestDirectlyToOM(OzoneManagerProtocolServerSideTranslatorPB.java:290) ~[ozone-manager-1.4.0-SNAPSHOT.jar:?]
	at org.apache.hadoop.ozone.protocolPB.OzoneManagerProtocolServerSideTranslatorPB.processRequest(OzoneManagerProtocolServerSideTranslatorPB.java:182) ~[ozone-manager-1.4.0-SNAPSHOT.jar:?]
	at org.apache.hadoop.hdds.server.OzoneProtocolMessageDispatcher.processRequest(OzoneProtocolMessageDispatcher.java:89) [hdds-server-framework-1.4.0-SNAPSHOT.jar:?]
	at org.apache.hadoop.ozone.protocolPB.OzoneManagerProtocolServerSideTranslatorPB.submitRequest(OzoneManagerProtocolServerSideTranslatorPB.java:157) [ozone-manager-1.4.0-SNAPSHOT.jar:?]
	at org.apache.hadoop.ozone.protocol.proto.OzoneManagerProtocolProtos$OzoneManagerService$2.callBlockingMethod(OzoneManagerProtocolProtos.java) [ozone-interface-client-1.4.0-SNAPSHOT.jar:?]
	at org.apache.hadoop.ipc.ProtobufRpcEngine$Server.processCall(ProtobufRpcEngine.java:484) [hadoop-common-3.3.6.jar:?]
	at org.apache.hadoop.ipc.ProtobufRpcEngine2$Server$ProtoBufRpcInvoker.call(ProtobufRpcEngine2.java:595) [hadoop-common-3.3.6.jar:?]
	at org.apache.hadoop.ipc.ProtobufRpcEngine2$Server$ProtoBufRpcInvoker.call(ProtobufRpcEngine2.java:573) [hadoop-common-3.3.6.jar:?]
	at org.apache.hadoop.ipc.RPC$Server.call(RPC.java:1227) [hadoop-common-3.3.6.jar:?]
	at org.apache.hadoop.ipc.Server$RpcCall.run(Server.java:1094) [hadoop-common-3.3.6.jar:?]
	at org.apache.hadoop.ipc.Server$RpcCall.run(Server.java:1017) [hadoop-common-3.3.6.jar:?]
	at java.security.AccessController.doPrivileged(Native Method) ~[?:1.8.0_382]
	at javax.security.auth.Subject.doAs(Subject.java:422) [?:1.8.0_382]
	at org.apache.hadoop.security.UserGroupInformation.doAs(UserGroupInformation.java:1899) [hadoop-common-3.3.6.jar:?]
	at org.apache.hadoop.ipc.Server$Handler.run(Server.java:3048) [hadoop-common-3.3.6.jar:?]
16:43:33.958 [IPC Server handler 13 on default port 15057] ERROR OMAudit - user=runner | ip=127.0.0.1 | op=GET_FILE_STATUS {volume=volume80570, bucket=bucket63586, key=testBatchDelete/parent/child5, dataSize=0, replicationConfig=null} | ret=FAILURE
org.apache.hadoop.ozone.om.exceptions.OMException: Unable to get file status: volume: volume80570 bucket: bucket63586 key: testBatchDelete/parent/child5
	at org.apache.hadoop.ozone.om.KeyManagerImpl.getOzoneFileStatusFSO(KeyManagerImpl.java:1359) ~[ozone-manager-1.4.0-SNAPSHOT.jar:?]
	at org.apache.hadoop.ozone.om.KeyManagerImpl.getFileStatus(KeyManagerImpl.java:1143) ~[ozone-manager-1.4.0-SNAPSHOT.jar:?]
	at org.apache.hadoop.ozone.om.OmMetadataReader.getFileStatus(OmMetadataReader.java:279) ~[ozone-manager-1.4.0-SNAPSHOT.jar:?]
	at org.apache.hadoop.ozone.om.OzoneManager.getFileStatus(OzoneManager.java:3611) ~[ozone-manager-1.4.0-SNAPSHOT.jar:?]
	at org.apache.hadoop.ozone.protocolPB.OzoneManagerRequestHandler.getOzoneFileStatus(OzoneManagerRequestHandler.java:1005) ~[ozone-manager-1.4.0-SNAPSHOT.jar:?]
	at org.apache.hadoop.ozone.protocolPB.OzoneManagerRequestHandler.handleReadRequest(OzoneManagerRequestHandler.java:262) ~[ozone-manager-1.4.0-SNAPSHOT.jar:?]
	at org.apache.hadoop.ozone.protocolPB.OzoneManagerProtocolServerSideTranslatorPB.submitRequestDirectlyToOM(OzoneManagerProtocolServerSideTranslatorPB.java:290) ~[ozone-manager-1.4.0-SNAPSHOT.jar:?]
	at org.apache.hadoop.ozone.protocolPB.OzoneManagerProtocolServerSideTranslatorPB.processRequest(OzoneManagerProtocolServerSideTranslatorPB.java:182) ~[ozone-manager-1.4.0-SNAPSHOT.jar:?]
	at org.apache.hadoop.hdds.server.OzoneProtocolMessageDispatcher.processRequest(OzoneProtocolMessageDispatcher.java:89) [hdds-server-framework-1.4.0-SNAPSHOT.jar:?]
	at org.apache.hadoop.ozone.protocolPB.OzoneManagerProtocolServerSideTranslatorPB.submitRequest(OzoneManagerProtocolServerSideTranslatorPB.java:157) [ozone-manager-1.4.0-SNAPSHOT.jar:?]
	at org.apache.hadoop.ozone.protocol.proto.OzoneManagerProtocolProtos$OzoneManagerService$2.callBlockingMethod(OzoneManagerProtocolProtos.java) [ozone-interface-client-1.4.0-SNAPSHOT.jar:?]
	at org.apache.hadoop.ipc.ProtobufRpcEngine$Server.processCall(ProtobufRpcEngine.java:484) [hadoop-common-3.3.6.jar:?]
	at org.apache.hadoop.ipc.ProtobufRpcEngine2$Server$ProtoBufRpcInvoker.call(ProtobufRpcEngine2.java:595) [hadoop-common-3.3.6.jar:?]
	at org.apache.hadoop.ipc.ProtobufRpcEngine2$Server$ProtoBufRpcInvoker.call(ProtobufRpcEngine2.java:573) [hadoop-common-3.3.6.jar:?]
	at org.apache.hadoop.ipc.RPC$Server.call(RPC.java:1227) [hadoop-common-3.3.6.jar:?]
	at org.apache.hadoop.ipc.Server$RpcCall.run(Server.java:1094) [hadoop-common-3.3.6.jar:?]
	at org.apache.hadoop.ipc.Server$RpcCall.run(Server.java:1017) [hadoop-common-3.3.6.jar:?]
	at java.security.AccessController.doPrivileged(Native Method) ~[?:1.8.0_382]
	at javax.security.auth.Subject.doAs(Subject.java:422) [?:1.8.0_382]
	at org.apache.hadoop.security.UserGroupInformation.doAs(UserGroupInformation.java:1899) [hadoop-common-3.3.6.jar:?]
	at org.apache.hadoop.ipc.Server$Handler.run(Server.java:3048) [hadoop-common-3.3.6.jar:?]
16:43:33.960 [IPC Server handler 9 on default port 15057] ERROR OMAudit - user=runner | ip=127.0.0.1 | op=GET_FILE_STATUS {volume=volume80570, bucket=bucket63586, key=testBatchDelete/parent/childFolder/child5, dataSize=0, replicationConfig=null} | ret=FAILURE
org.apache.hadoop.ozone.om.exceptions.OMException: Unable to get file status: volume: volume80570 bucket: bucket63586 key: testBatchDelete/parent/childFolder/child5
	at org.apache.hadoop.ozone.om.KeyManagerImpl.getOzoneFileStatusFSO(KeyManagerImpl.java:1359) ~[ozone-manager-1.4.0-SNAPSHOT.jar:?]
	at org.apache.hadoop.ozone.om.KeyManagerImpl.getFileStatus(KeyManagerImpl.java:1143) ~[ozone-manager-1.4.0-SNAPSHOT.jar:?]
	at org.apache.hadoop.ozone.om.OmMetadataReader.getFileStatus(OmMetadataReader.java:279) ~[ozone-manager-1.4.0-SNAPSHOT.jar:?]
	at org.apache.hadoop.ozone.om.OzoneManager.getFileStatus(OzoneManager.java:3611) ~[ozone-manager-1.4.0-SNAPSHOT.jar:?]
	at org.apache.hadoop.ozone.protocolPB.OzoneManagerRequestHandler.getOzoneFileStatus(OzoneManagerRequestHandler.java:1005) ~[ozone-manager-1.4.0-SNAPSHOT.jar:?]
	at org.apache.hadoop.ozone.protocolPB.OzoneManagerRequestHandler.handleReadRequest(OzoneManagerRequestHandler.java:262) ~[ozone-manager-1.4.0-SNAPSHOT.jar:?]
	at org.apache.hadoop.ozone.protocolPB.OzoneManagerProtocolServerSideTranslatorPB.submitRequestDirectlyToOM(OzoneManagerProtocolServerSideTranslatorPB.java:290) ~[ozone-manager-1.4.0-SNAPSHOT.jar:?]
	at org.apache.hadoop.ozone.protocolPB.OzoneManagerProtocolServerSideTranslatorPB.processRequest(OzoneManagerProtocolServerSideTranslatorPB.java:182) ~[ozone-manager-1.4.0-SNAPSHOT.jar:?]
	at org.apache.hadoop.hdds.server.OzoneProtocolMessageDispatcher.processRequest(OzoneProtocolMessageDispatcher.java:89) [hdds-server-framework-1.4.0-SNAPSHOT.jar:?]
	at org.apache.hadoop.ozone.protocolPB.OzoneManagerProtocolServerSideTranslatorPB.submitRequest(OzoneManagerProtocolServerSideTranslatorPB.java:157) [ozone-manager-1.4.0-SNAPSHOT.jar:?]
	at org.apache.hadoop.ozone.protocol.proto.OzoneManagerProtocolProtos$OzoneManagerService$2.callBlockingMethod(OzoneManagerProtocolProtos.java) [ozone-interface-client-1.4.0-SNAPSHOT.jar:?]
	at org.apache.hadoop.ipc.ProtobufRpcEngine$Server.processCall(ProtobufRpcEngine.java:484) [hadoop-common-3.3.6.jar:?]
	at org.apache.hadoop.ipc.ProtobufRpcEngine2$Server$ProtoBufRpcInvoker.call(ProtobufRpcEngine2.java:595) [hadoop-common-3.3.6.jar:?]
	at org.apache.hadoop.ipc.ProtobufRpcEngine2$Server$ProtoBufRpcInvoker.call(ProtobufRpcEngine2.java:573) [hadoop-common-3.3.6.jar:?]
	at org.apache.hadoop.ipc.RPC$Server.call(RPC.java:1227) [hadoop-common-3.3.6.jar:?]
	at org.apache.hadoop.ipc.Server$RpcCall.run(Server.java:1094) [hadoop-common-3.3.6.jar:?]
	at org.apache.hadoop.ipc.Server$RpcCall.run(Server.java:1017) [hadoop-common-3.3.6.jar:?]
	at java.security.AccessController.doPrivileged(Native Method) ~[?:1.8.0_382]
	at javax.security.auth.Subject.doAs(Subject.java:422) [?:1.8.0_382]
	at org.apache.hadoop.security.UserGroupInformation.doAs(UserGroupInformation.java:1899) [hadoop-common-3.3.6.jar:?]
	at org.apache.hadoop.ipc.Server$Handler.run(Server.java:3048) [hadoop-common-3.3.6.jar:?]
16:43:33.961 [IPC Server handler 10 on default port 15057] ERROR OMAudit - user=runner | ip=127.0.0.1 | op=GET_FILE_STATUS {volume=volume80570, bucket=bucket63586, key=testBatchDelete/parent/child6, dataSize=0, replicationConfig=null} | ret=FAILURE
org.apache.hadoop.ozone.om.exceptions.OMException: Unable to get file status: volume: volume80570 bucket: bucket63586 key: testBatchDelete/parent/child6
	at org.apache.hadoop.ozone.om.KeyManagerImpl.getOzoneFileStatusFSO(KeyManagerImpl.java:1359) ~[ozone-manager-1.4.0-SNAPSHOT.jar:?]
	at org.apache.hadoop.ozone.om.KeyManagerImpl.getFileStatus(KeyManagerImpl.java:1143) ~[ozone-manager-1.4.0-SNAPSHOT.jar:?]
	at org.apache.hadoop.ozone.om.OmMetadataReader.getFileStatus(OmMetadataReader.java:279) ~[ozone-manager-1.4.0-SNAPSHOT.jar:?]
	at org.apache.hadoop.ozone.om.OzoneManager.getFileStatus(OzoneManager.java:3611) ~[ozone-manager-1.4.0-SNAPSHOT.jar:?]
	at org.apache.hadoop.ozone.protocolPB.OzoneManagerRequestHandler.getOzoneFileStatus(OzoneManagerRequestHandler.java:1005) ~[ozone-manager-1.4.0-SNAPSHOT.jar:?]
	at org.apache.hadoop.ozone.protocolPB.OzoneManagerRequestHandler.handleReadRequest(OzoneManagerRequestHandler.java:262) ~[ozone-manager-1.4.0-SNAPSHOT.jar:?]
	at org.apache.hadoop.ozone.protocolPB.OzoneManagerProtocolServerSideTranslatorPB.submitRequestDirectlyToOM(OzoneManagerProtocolServerSideTranslatorPB.java:290) ~[ozone-manager-1.4.0-SNAPSHOT.jar:?]
	at org.apache.hadoop.ozone.protocolPB.OzoneManagerProtocolServerSideTranslatorPB.processRequest(OzoneManagerProtocolServerSideTranslatorPB.java:182) ~[ozone-manager-1.4.0-SNAPSHOT.jar:?]
	at org.apache.hadoop.hdds.server.OzoneProtocolMessageDispatcher.processRequest(OzoneProtocolMessageDispatcher.java:89) [hdds-server-framework-1.4.0-SNAPSHOT.jar:?]
	at org.apache.hadoop.ozone.protocolPB.OzoneManagerProtocolServerSideTranslatorPB.submitRequest(OzoneManagerProtocolServerSideTranslatorPB.java:157) [ozone-manager-1.4.0-SNAPSHOT.jar:?]
	at org.apache.hadoop.ozone.protocol.proto.OzoneManagerProtocolProtos$OzoneManagerService$2.callBlockingMethod(OzoneManagerProtocolProtos.java) [ozone-interface-client-1.4.0-SNAPSHOT.jar:?]
	at org.apache.hadoop.ipc.ProtobufRpcEngine$Server.processCall(ProtobufRpcEngine.java:484) [hadoop-common-3.3.6.jar:?]
	at org.apache.hadoop.ipc.ProtobufRpcEngine2$Server$ProtoBufRpcInvoker.call(ProtobufRpcEngine2.java:595) [hadoop-common-3.3.6.jar:?]
	at org.apache.hadoop.ipc.ProtobufRpcEngine2$Server$ProtoBufRpcInvoker.call(ProtobufRpcEngine2.java:573) [hadoop-common-3.3.6.jar:?]
	at org.apache.hadoop.ipc.RPC$Server.call(RPC.java:1227) [hadoop-common-3.3.6.jar:?]
	at org.apache.hadoop.ipc.Server$RpcCall.run(Server.java:1094) [hadoop-common-3.3.6.jar:?]
	at org.apache.hadoop.ipc.Server$RpcCall.run(Server.java:1017) [hadoop-common-3.3.6.jar:?]
	at java.security.AccessController.doPrivileged(Native Method) ~[?:1.8.0_382]
	at javax.security.auth.Subject.doAs(Subject.java:422) [?:1.8.0_382]
	at org.apache.hadoop.security.UserGroupInformation.doAs(UserGroupInformation.java:1899) [hadoop-common-3.3.6.jar:?]
	at org.apache.hadoop.ipc.Server$Handler.run(Server.java:3048) [hadoop-common-3.3.6.jar:?]
16:43:33.963 [IPC Server handler 12 on default port 15057] ERROR OMAudit - user=runner | ip=127.0.0.1 | op=GET_FILE_STATUS {volume=volume80570, bucket=bucket63586, key=testBatchDelete/parent/childFolder/child6, dataSize=0, replicationConfig=null} | ret=FAILURE
org.apache.hadoop.ozone.om.exceptions.OMException: Unable to get file status: volume: volume80570 bucket: bucket63586 key: testBatchDelete/parent/childFolder/child6
	at org.apache.hadoop.ozone.om.KeyManagerImpl.getOzoneFileStatusFSO(KeyManagerImpl.java:1359) ~[ozone-manager-1.4.0-SNAPSHOT.jar:?]
	at org.apache.hadoop.ozone.om.KeyManagerImpl.getFileStatus(KeyManagerImpl.java:1143) ~[ozone-manager-1.4.0-SNAPSHOT.jar:?]
	at org.apache.hadoop.ozone.om.OmMetadataReader.getFileStatus(OmMetadataReader.java:279) ~[ozone-manager-1.4.0-SNAPSHOT.jar:?]
	at org.apache.hadoop.ozone.om.OzoneManager.getFileStatus(OzoneManager.java:3611) ~[ozone-manager-1.4.0-SNAPSHOT.jar:?]
	at org.apache.hadoop.ozone.protocolPB.OzoneManagerRequestHandler.getOzoneFileStatus(OzoneManagerRequestHandler.java:1005) ~[ozone-manager-1.4.0-SNAPSHOT.jar:?]
	at org.apache.hadoop.ozone.protocolPB.OzoneManagerRequestHandler.handleReadRequest(OzoneManagerRequestHandler.java:262) ~[ozone-manager-1.4.0-SNAPSHOT.jar:?]
	at org.apache.hadoop.ozone.protocolPB.OzoneManagerProtocolServerSideTranslatorPB.submitRequestDirectlyToOM(OzoneManagerProtocolServerSideTranslatorPB.java:290) ~[ozone-manager-1.4.0-SNAPSHOT.jar:?]
	at org.apache.hadoop.ozone.protocolPB.OzoneManagerProtocolServerSideTranslatorPB.processRequest(OzoneManagerProtocolServerSideTranslatorPB.java:182) ~[ozone-manager-1.4.0-SNAPSHOT.jar:?]
	at org.apache.hadoop.hdds.server.OzoneProtocolMessageDispatcher.processRequest(OzoneProtocolMessageDispatcher.java:89) [hdds-server-framework-1.4.0-SNAPSHOT.jar:?]
	at org.apache.hadoop.ozone.protocolPB.OzoneManagerProtocolServerSideTranslatorPB.submitRequest(OzoneManagerProtocolServerSideTranslatorPB.java:157) [ozone-manager-1.4.0-SNAPSHOT.jar:?]
	at org.apache.hadoop.ozone.protocol.proto.OzoneManagerProtocolProtos$OzoneManagerService$2.callBlockingMethod(OzoneManagerProtocolProtos.java) [ozone-interface-client-1.4.0-SNAPSHOT.jar:?]
	at org.apache.hadoop.ipc.ProtobufRpcEngine$Server.processCall(ProtobufRpcEngine.java:484) [hadoop-common-3.3.6.jar:?]
	at org.apache.hadoop.ipc.ProtobufRpcEngine2$Server$ProtoBufRpcInvoker.call(ProtobufRpcEngine2.java:595) [hadoop-common-3.3.6.jar:?]
	at org.apache.hadoop.ipc.ProtobufRpcEngine2$Server$ProtoBufRpcInvoker.call(ProtobufRpcEngine2.java:573) [hadoop-common-3.3.6.jar:?]
	at org.apache.hadoop.ipc.RPC$Server.call(RPC.java:1227) [hadoop-common-3.3.6.jar:?]
	at org.apache.hadoop.ipc.Server$RpcCall.run(Server.java:1094) [hadoop-common-3.3.6.jar:?]
	at org.apache.hadoop.ipc.Server$RpcCall.run(Server.java:1017) [hadoop-common-3.3.6.jar:?]
	at java.security.AccessController.doPrivileged(Native Method) ~[?:1.8.0_382]
	at javax.security.auth.Subject.doAs(Subject.java:422) [?:1.8.0_382]
	at org.apache.hadoop.security.UserGroupInformation.doAs(UserGroupInformation.java:1899) [hadoop-common-3.3.6.jar:?]
	at org.apache.hadoop.ipc.Server$Handler.run(Server.java:3048) [hadoop-common-3.3.6.jar:?]
16:43:33.964 [IPC Server handler 7 on default port 15057] ERROR OMAudit - user=runner | ip=127.0.0.1 | op=GET_FILE_STATUS {volume=volume80570, bucket=bucket63586, key=testBatchDelete/parent/child7, dataSize=0, replicationConfig=null} | ret=FAILURE
org.apache.hadoop.ozone.om.exceptions.OMException: Unable to get file status: volume: volume80570 bucket: bucket63586 key: testBatchDelete/parent/child7
	at org.apache.hadoop.ozone.om.KeyManagerImpl.getOzoneFileStatusFSO(KeyManagerImpl.java:1359) ~[ozone-manager-1.4.0-SNAPSHOT.jar:?]
	at org.apache.hadoop.ozone.om.KeyManagerImpl.getFileStatus(KeyManagerImpl.java:1143) ~[ozone-manager-1.4.0-SNAPSHOT.jar:?]
	at org.apache.hadoop.ozone.om.OmMetadataReader.getFileStatus(OmMetadataReader.java:279) ~[ozone-manager-1.4.0-SNAPSHOT.jar:?]
	at org.apache.hadoop.ozone.om.OzoneManager.getFileStatus(OzoneManager.java:3611) ~[ozone-manager-1.4.0-SNAPSHOT.jar:?]
	at org.apache.hadoop.ozone.protocolPB.OzoneManagerRequestHandler.getOzoneFileStatus(OzoneManagerRequestHandler.java:1005) ~[ozone-manager-1.4.0-SNAPSHOT.jar:?]
	at org.apache.hadoop.ozone.protocolPB.OzoneManagerRequestHandler.handleReadRequest(OzoneManagerRequestHandler.java:262) ~[ozone-manager-1.4.0-SNAPSHOT.jar:?]
	at org.apache.hadoop.ozone.protocolPB.OzoneManagerProtocolServerSideTranslatorPB.submitRequestDirectlyToOM(OzoneManagerProtocolServerSideTranslatorPB.java:290) ~[ozone-manager-1.4.0-SNAPSHOT.jar:?]
	at org.apache.hadoop.ozone.protocolPB.OzoneManagerProtocolServerSideTranslatorPB.processRequest(OzoneManagerProtocolServerSideTranslatorPB.java:182) ~[ozone-manager-1.4.0-SNAPSHOT.jar:?]
	at org.apache.hadoop.hdds.server.OzoneProtocolMessageDispatcher.processRequest(OzoneProtocolMessageDispatcher.java:89) [hdds-server-framework-1.4.0-SNAPSHOT.jar:?]
	at org.apache.hadoop.ozone.protocolPB.OzoneManagerProtocolServerSideTranslatorPB.submitRequest(OzoneManagerProtocolServerSideTranslatorPB.java:157) [ozone-manager-1.4.0-SNAPSHOT.jar:?]
	at org.apache.hadoop.ozone.protocol.proto.OzoneManagerProtocolProtos$OzoneManagerService$2.callBlockingMethod(OzoneManagerProtocolProtos.java) [ozone-interface-client-1.4.0-SNAPSHOT.jar:?]
	at org.apache.hadoop.ipc.ProtobufRpcEngine$Server.processCall(ProtobufRpcEngine.java:484) [hadoop-common-3.3.6.jar:?]
	at org.apache.hadoop.ipc.ProtobufRpcEngine2$Server$ProtoBufRpcInvoker.call(ProtobufRpcEngine2.java:595) [hadoop-common-3.3.6.jar:?]
	at org.apache.hadoop.ipc.ProtobufRpcEngine2$Server$ProtoBufRpcInvoker.call(ProtobufRpcEngine2.java:573) [hadoop-common-3.3.6.jar:?]
	at org.apache.hadoop.ipc.RPC$Server.call(RPC.java:1227) [hadoop-common-3.3.6.jar:?]
	at org.apache.hadoop.ipc.Server$RpcCall.run(Server.java:1094) [hadoop-common-3.3.6.jar:?]
	at org.apache.hadoop.ipc.Server$RpcCall.run(Server.java:1017) [hadoop-common-3.3.6.jar:?]
	at java.security.AccessController.doPrivileged(Native Method) ~[?:1.8.0_382]
	at javax.security.auth.Subject.doAs(Subject.java:422) [?:1.8.0_382]
	at org.apache.hadoop.security.UserGroupInformation.doAs(UserGroupInformation.java:1899) [hadoop-common-3.3.6.jar:?]
	at org.apache.hadoop.ipc.Server$Handler.run(Server.java:3048) [hadoop-common-3.3.6.jar:?]
16:43:33.968 [IPC Server handler 14 on default port 15057] ERROR OMAudit - user=runner | ip=127.0.0.1 | op=GET_FILE_STATUS {volume=volume80570, bucket=bucket63586, key=testBatchDelete/parent/childFolder/child7, dataSize=0, replicationConfig=null} | ret=FAILURE
org.apache.hadoop.ozone.om.exceptions.OMException: Unable to get file status: volume: volume80570 bucket: bucket63586 key: testBatchDelete/parent/childFolder/child7
	at org.apache.hadoop.ozone.om.KeyManagerImpl.getOzoneFileStatusFSO(KeyManagerImpl.java:1359) ~[ozone-manager-1.4.0-SNAPSHOT.jar:?]
	at org.apache.hadoop.ozone.om.KeyManagerImpl.getFileStatus(KeyManagerImpl.java:1143) ~[ozone-manager-1.4.0-SNAPSHOT.jar:?]
	at org.apache.hadoop.ozone.om.OmMetadataReader.getFileStatus(OmMetadataReader.java:279) ~[ozone-manager-1.4.0-SNAPSHOT.jar:?]
	at org.apache.hadoop.ozone.om.OzoneManager.getFileStatus(OzoneManager.java:3611) ~[ozone-manager-1.4.0-SNAPSHOT.jar:?]
	at org.apache.hadoop.ozone.protocolPB.OzoneManagerRequestHandler.getOzoneFileStatus(OzoneManagerRequestHandler.java:1005) ~[ozone-manager-1.4.0-SNAPSHOT.jar:?]
	at org.apache.hadoop.ozone.protocolPB.OzoneManagerRequestHandler.handleReadRequest(OzoneManagerRequestHandler.java:262) ~[ozone-manager-1.4.0-SNAPSHOT.jar:?]
	at org.apache.hadoop.ozone.protocolPB.OzoneManagerProtocolServerSideTranslatorPB.submitRequestDirectlyToOM(OzoneManagerProtocolServerSideTranslatorPB.java:290) ~[ozone-manager-1.4.0-SNAPSHOT.jar:?]
	at org.apache.hadoop.ozone.protocolPB.OzoneManagerProtocolServerSideTranslatorPB.processRequest(OzoneManagerProtocolServerSideTranslatorPB.java:182) ~[ozone-manager-1.4.0-SNAPSHOT.jar:?]
	at org.apache.hadoop.hdds.server.OzoneProtocolMessageDispatcher.processRequest(OzoneProtocolMessageDispatcher.java:89) [hdds-server-framework-1.4.0-SNAPSHOT.jar:?]
	at org.apache.hadoop.ozone.protocolPB.OzoneManagerProtocolServerSideTranslatorPB.submitRequest(OzoneManagerProtocolServerSideTranslatorPB.java:157) [ozone-manager-1.4.0-SNAPSHOT.jar:?]
	at org.apache.hadoop.ozone.protocol.proto.OzoneManagerProtocolProtos$OzoneManagerService$2.callBlockingMethod(OzoneManagerProtocolProtos.java) [ozone-interface-client-1.4.0-SNAPSHOT.jar:?]
	at org.apache.hadoop.ipc.ProtobufRpcEngine$Server.processCall(ProtobufRpcEngine.java:484) [hadoop-common-3.3.6.jar:?]
	at org.apache.hadoop.ipc.ProtobufRpcEngine2$Server$ProtoBufRpcInvoker.call(ProtobufRpcEngine2.java:595) [hadoop-common-3.3.6.jar:?]
	at org.apache.hadoop.ipc.ProtobufRpcEngine2$Server$ProtoBufRpcInvoker.call(ProtobufRpcEngine2.java:573) [hadoop-common-3.3.6.jar:?]
	at org.apache.hadoop.ipc.RPC$Server.call(RPC.java:1227) [hadoop-common-3.3.6.jar:?]
	at org.apache.hadoop.ipc.Server$RpcCall.run(Server.java:1094) [hadoop-common-3.3.6.jar:?]
	at org.apache.hadoop.ipc.Server$RpcCall.run(Server.java:1017) [hadoop-common-3.3.6.jar:?]
	at java.security.AccessController.doPrivileged(Native Method) ~[?:1.8.0_382]
	at javax.security.auth.Subject.doAs(Subject.java:422) [?:1.8.0_382]
	at org.apache.hadoop.security.UserGroupInformation.doAs(UserGroupInformation.java:1899) [hadoop-common-3.3.6.jar:?]
	at org.apache.hadoop.ipc.Server$Handler.run(Server.java:3048) [hadoop-common-3.3.6.jar:?]
16:43:33.969 [IPC Server handler 15 on default port 15057] ERROR OMAudit - user=runner | ip=127.0.0.1 | op=DELETE_KEY {volume=volume80570, bucket=bucket63586, key=testBatchDelete/parent, dataSize=0, replicationType=NONE, replicationFactor=ZERO} | ret=FAILURE
org.apache.hadoop.ozone.om.exceptions.OMException: Unable to get file status: volume: volume80570 bucket: bucket63586 key: testBatchDelete/parent
	at org.apache.hadoop.ozone.om.OzonePrefixPathImpl.<init>(OzonePrefixPathImpl.java:67) ~[ozone-manager-1.4.0-SNAPSHOT.jar:?]
	at org.apache.hadoop.ozone.om.request.OMClientRequest.checkACLsWithFSO(OMClientRequest.java:243) ~[ozone-manager-1.4.0-SNAPSHOT.jar:?]
	at org.apache.hadoop.ozone.om.request.key.OMKeyDeleteRequestWithFSO.validateAndUpdateCache(OMKeyDeleteRequestWithFSO.java:103) ~[ozone-manager-1.4.0-SNAPSHOT.jar:?]
	at org.apache.hadoop.ozone.protocolPB.OzoneManagerRequestHandler.lambda$0(OzoneManagerRequestHandler.java:390) ~[ozone-manager-1.4.0-SNAPSHOT.jar:?]
	at org.apache.hadoop.util.MetricUtil.captureLatencyNs(MetricUtil.java:39) ~[hdds-common-1.4.0-SNAPSHOT.jar:?]
	at org.apache.hadoop.ozone.protocolPB.OzoneManagerRequestHandler.handleWriteRequest(OzoneManagerRequestHandler.java:388) ~[ozone-manager-1.4.0-SNAPSHOT.jar:?]
	at org.apache.hadoop.ozone.protocolPB.OzoneManagerProtocolServerSideTranslatorPB.submitRequestDirectlyToOM(OzoneManagerProtocolServerSideTranslatorPB.java:296) ~[ozone-manager-1.4.0-SNAPSHOT.jar:?]
	at org.apache.hadoop.ozone.protocolPB.OzoneManagerProtocolServerSideTranslatorPB.processRequest(OzoneManagerProtocolServerSideTranslatorPB.java:182) ~[ozone-manager-1.4.0-SNAPSHOT.jar:?]
	at org.apache.hadoop.hdds.server.OzoneProtocolMessageDispatcher.processRequest(OzoneProtocolMessageDispatcher.java:89) [hdds-server-framework-1.4.0-SNAPSHOT.jar:?]
	at org.apache.hadoop.ozone.protocolPB.OzoneManagerProtocolServerSideTranslatorPB.submitRequest(OzoneManagerProtocolServerSideTranslatorPB.java:157) [ozone-manager-1.4.0-SNAPSHOT.jar:?]
	at org.apache.hadoop.ozone.protocol.proto.OzoneManagerProtocolProtos$OzoneManagerService$2.callBlockingMethod(OzoneManagerProtocolProtos.java) [ozone-interface-client-1.4.0-SNAPSHOT.jar:?]
	at org.apache.hadoop.ipc.ProtobufRpcEngine$Server.processCall(ProtobufRpcEngine.java:484) [hadoop-common-3.3.6.jar:?]
	at org.apache.hadoop.ipc.ProtobufRpcEngine2$Server$ProtoBufRpcInvoker.call(ProtobufRpcEngine2.java:595) [hadoop-common-3.3.6.jar:?]
	at org.apache.hadoop.ipc.ProtobufRpcEngine2$Server$ProtoBufRpcInvoker.call(ProtobufRpcEngine2.java:573) [hadoop-common-3.3.6.jar:?]
	at org.apache.hadoop.ipc.RPC$Server.call(RPC.java:1227) [hadoop-common-3.3.6.jar:?]
	at org.apache.hadoop.ipc.Server$RpcCall.run(Server.java:1094) [hadoop-common-3.3.6.jar:?]
	at org.apache.hadoop.ipc.Server$RpcCall.run(Server.java:1017) [hadoop-common-3.3.6.jar:?]
	at java.security.AccessController.doPrivileged(Native Method) ~[?:1.8.0_382]
	at javax.security.auth.Subject.doAs(Subject.java:422) [?:1.8.0_382]
	at org.apache.hadoop.security.UserGroupInformation.doAs(UserGroupInformation.java:1899) [hadoop-common-3.3.6.jar:?]
	at org.apache.hadoop.ipc.Server$Handler.run(Server.java:3048) [hadoop-common-3.3.6.jar:?]
2023-11-03 16:43:33,970 [IPC Server handler 15 on default port 15057] ERROR key.OMKeyDeleteRequestWithFSO (OMKeyDeleteRequestWithFSO.java:validateAndUpdateCache(201)) - Key delete failed. Volume:volume80570, Bucket:bucket63586, Key:testBatchDelete/parent.
KEY_NOT_FOUND org.apache.hadoop.ozone.om.exceptions.OMException: Unable to get file status: volume: volume80570 bucket: bucket63586 key: testBatchDelete/parent
	at org.apache.hadoop.ozone.om.OzonePrefixPathImpl.<init>(OzonePrefixPathImpl.java:67)
	at org.apache.hadoop.ozone.om.request.OMClientRequest.checkACLsWithFSO(OMClientRequest.java:243)
	at org.apache.hadoop.ozone.om.request.key.OMKeyDeleteRequestWithFSO.validateAndUpdateCache(OMKeyDeleteRequestWithFSO.java:103)
	at org.apache.hadoop.ozone.protocolPB.OzoneManagerRequestHandler.lambda$0(OzoneManagerRequestHandler.java:390)
	at org.apache.hadoop.util.MetricUtil.captureLatencyNs(MetricUtil.java:39)
	at org.apache.hadoop.ozone.protocolPB.OzoneManagerRequestHandler.handleWriteRequest(OzoneManagerRequestHandler.java:388)
	at org.apache.hadoop.ozone.protocolPB.OzoneManagerProtocolServerSideTranslatorPB.submitRequestDirectlyToOM(OzoneManagerProtocolServerSideTranslatorPB.java:296)
	at org.apache.hadoop.ozone.protocolPB.OzoneManagerProtocolServerSideTranslatorPB.processRequest(OzoneManagerProtocolServerSideTranslatorPB.java:182)
	at org.apache.hadoop.hdds.server.OzoneProtocolMessageDispatcher.processRequest(OzoneProtocolMessageDispatcher.java:89)
	at org.apache.hadoop.ozone.protocolPB.OzoneManagerProtocolServerSideTranslatorPB.submitRequest(OzoneManagerProtocolServerSideTranslatorPB.java:157)
	at org.apache.hadoop.ozone.protocol.proto.OzoneManagerProtocolProtos$OzoneManagerService$2.callBlockingMethod(OzoneManagerProtocolProtos.java)
	at org.apache.hadoop.ipc.ProtobufRpcEngine$Server.processCall(ProtobufRpcEngine.java:484)
	at org.apache.hadoop.ipc.ProtobufRpcEngine2$Server$ProtoBufRpcInvoker.call(ProtobufRpcEngine2.java:595)
	at org.apache.hadoop.ipc.ProtobufRpcEngine2$Server$ProtoBufRpcInvoker.call(ProtobufRpcEngine2.java:573)
	at org.apache.hadoop.ipc.RPC$Server.call(RPC.java:1227)
	at org.apache.hadoop.ipc.Server$RpcCall.run(Server.java:1094)
	at org.apache.hadoop.ipc.Server$RpcCall.run(Server.java:1017)
	at java.security.AccessController.doPrivileged(Native Method)
	at javax.security.auth.Subject.doAs(Subject.java:422)
	at org.apache.hadoop.security.UserGroupInformation.doAs(UserGroupInformation.java:1899)
	at org.apache.hadoop.ipc.Server$Handler.run(Server.java:3048)
2023-11-03 16:43:33,971 [Time-limited test] WARN  ozone.BasicOzoneClientAdapterImpl (BasicOzoneClientAdapterImpl.java:deleteObject(361)) - delete key failed Unable to get file status: volume: volume80570 bucket: bucket63586 key: testBatchDelete/parent
]]></system-out>
  </testcase>
  <testcase name="testListStatusIteratorOnPageSize" classname="TestOzoneFileSystemWithFSO" time="0.428"/>
  <testcase name="testListStatusIteratorOnPageSize" classname="TestOzoneFileSystemWithFSO" time="0.213"/>
  <testcase name="testListStatusWithIntermediateDir" classname="TestOzoneFileSystemWithFSO" time="0">
    <skipped type="org.junit.AssumptionViolatedException"><![CDATA[org.junit.AssumptionViolatedException: got: <true>, expected: is <false>
	at org.junit.Assume.assumeThat(Assume.java:106)
	at org.junit.Assume.assumeFalse(Assume.java:57)
	at org.apache.hadoop.fs.ozone.TestOzoneFileSystem.testListStatusWithIntermediateDir(TestOzoneFileSystem.java:633)
	at sun.reflect.NativeMethodAccessorImpl.invoke0(Native Method)
	at sun.reflect.NativeMethodAccessorImpl.invoke(NativeMethodAccessorImpl.java:62)
	at sun.reflect.DelegatingMethodAccessorImpl.invoke(DelegatingMethodAccessorImpl.java:43)
	at java.lang.reflect.Method.invoke(Method.java:498)
	at org.junit.runners.model.FrameworkMethod$1.runReflectiveCall(FrameworkMethod.java:59)
	at org.junit.internal.runners.model.ReflectiveCallable.run(ReflectiveCallable.java:12)
	at org.junit.runners.model.FrameworkMethod.invokeExplosively(FrameworkMethod.java:56)
	at org.junit.internal.runners.statements.InvokeMethod.evaluate(InvokeMethod.java:17)
	at org.junit.internal.runners.statements.RunAfters.evaluate(RunAfters.java:27)
	at org.junit.internal.runners.statements.FailOnTimeout$CallableStatement.call(FailOnTimeout.java:288)
	at org.junit.internal.runners.statements.FailOnTimeout$CallableStatement.call(FailOnTimeout.java:282)
	at java.util.concurrent.FutureTask.run(FutureTask.java:266)
	at java.lang.Thread.run(Thread.java:750)
]]></skipped>
  </testcase>
  <testcase name="testListStatusWithIntermediateDir" classname="TestOzoneFileSystemWithFSO" time="0">
    <skipped type="org.junit.AssumptionViolatedException"><![CDATA[org.junit.AssumptionViolatedException: got: <true>, expected: is <false>
	at org.junit.Assume.assumeThat(Assume.java:106)
	at org.junit.Assume.assumeFalse(Assume.java:57)
	at org.apache.hadoop.fs.ozone.TestOzoneFileSystem.testListStatusWithIntermediateDir(TestOzoneFileSystem.java:633)
	at sun.reflect.NativeMethodAccessorImpl.invoke0(Native Method)
	at sun.reflect.NativeMethodAccessorImpl.invoke(NativeMethodAccessorImpl.java:62)
	at sun.reflect.DelegatingMethodAccessorImpl.invoke(DelegatingMethodAccessorImpl.java:43)
	at java.lang.reflect.Method.invoke(Method.java:498)
	at org.junit.runners.model.FrameworkMethod$1.runReflectiveCall(FrameworkMethod.java:59)
	at org.junit.internal.runners.model.ReflectiveCallable.run(ReflectiveCallable.java:12)
	at org.junit.runners.model.FrameworkMethod.invokeExplosively(FrameworkMethod.java:56)
	at org.junit.internal.runners.statements.InvokeMethod.evaluate(InvokeMethod.java:17)
	at org.junit.internal.runners.statements.RunAfters.evaluate(RunAfters.java:27)
	at org.junit.internal.runners.statements.FailOnTimeout$CallableStatement.call(FailOnTimeout.java:288)
	at org.junit.internal.runners.statements.FailOnTimeout$CallableStatement.call(FailOnTimeout.java:282)
	at java.util.concurrent.FutureTask.run(FutureTask.java:266)
	at java.lang.Thread.run(Thread.java:750)
]]></skipped>
  </testcase>
  <testcase name="testRenameSourceAndDestinAreSame" classname="TestOzoneFileSystemWithFSO" time="0.123"/>
  <testcase name="testRenameSourceAndDestinAreSame" classname="TestOzoneFileSystemWithFSO" time="0.02"/>
  <testcase name="testListStatusIteratorWithDir" classname="TestOzoneFileSystemWithFSO" time="0.084"/>
  <testcase name="testListStatusIteratorWithDir" classname="TestOzoneFileSystemWithFSO" time="0.046"/>
  <testcase name="testListStatusOnLargeDirectory" classname="TestOzoneFileSystemWithFSO" time="0">
    <skipped type="org.junit.AssumptionViolatedException"><![CDATA[org.junit.AssumptionViolatedException: got: <true>, expected: is <false>
	at org.junit.Assume.assumeThat(Assume.java:106)
	at org.junit.Assume.assumeFalse(Assume.java:57)
	at org.apache.hadoop.fs.ozone.TestOzoneFileSystem.testListStatusOnLargeDirectory(TestOzoneFileSystem.java:736)
	at sun.reflect.NativeMethodAccessorImpl.invoke0(Native Method)
	at sun.reflect.NativeMethodAccessorImpl.invoke(NativeMethodAccessorImpl.java:62)
	at sun.reflect.DelegatingMethodAccessorImpl.invoke(DelegatingMethodAccessorImpl.java:43)
	at java.lang.reflect.Method.invoke(Method.java:498)
	at org.junit.runners.model.FrameworkMethod$1.runReflectiveCall(FrameworkMethod.java:59)
	at org.junit.internal.runners.model.ReflectiveCallable.run(ReflectiveCallable.java:12)
	at org.junit.runners.model.FrameworkMethod.invokeExplosively(FrameworkMethod.java:56)
	at org.junit.internal.runners.statements.InvokeMethod.evaluate(InvokeMethod.java:17)
	at org.junit.internal.runners.statements.RunAfters.evaluate(RunAfters.java:27)
	at org.junit.internal.runners.statements.FailOnTimeout$CallableStatement.call(FailOnTimeout.java:288)
	at org.junit.internal.runners.statements.FailOnTimeout$CallableStatement.call(FailOnTimeout.java:282)
	at java.util.concurrent.FutureTask.run(FutureTask.java:266)
	at java.lang.Thread.run(Thread.java:750)
]]></skipped>
  </testcase>
  <testcase name="testListStatusOnLargeDirectory" classname="TestOzoneFileSystemWithFSO" time="0">
    <skipped type="org.junit.AssumptionViolatedException"><![CDATA[org.junit.AssumptionViolatedException: got: <true>, expected: is <false>
	at org.junit.Assume.assumeThat(Assume.java:106)
	at org.junit.Assume.assumeFalse(Assume.java:57)
	at org.apache.hadoop.fs.ozone.TestOzoneFileSystem.testListStatusOnLargeDirectory(TestOzoneFileSystem.java:736)
	at sun.reflect.NativeMethodAccessorImpl.invoke0(Native Method)
	at sun.reflect.NativeMethodAccessorImpl.invoke(NativeMethodAccessorImpl.java:62)
	at sun.reflect.DelegatingMethodAccessorImpl.invoke(DelegatingMethodAccessorImpl.java:43)
	at java.lang.reflect.Method.invoke(Method.java:498)
	at org.junit.runners.model.FrameworkMethod$1.runReflectiveCall(FrameworkMethod.java:59)
	at org.junit.internal.runners.model.ReflectiveCallable.run(ReflectiveCallable.java:12)
	at org.junit.runners.model.FrameworkMethod.invokeExplosively(FrameworkMethod.java:56)
	at org.junit.internal.runners.statements.InvokeMethod.evaluate(InvokeMethod.java:17)
	at org.junit.internal.runners.statements.RunAfters.evaluate(RunAfters.java:27)
	at org.junit.internal.runners.statements.FailOnTimeout$CallableStatement.call(FailOnTimeout.java:288)
	at org.junit.internal.runners.statements.FailOnTimeout$CallableStatement.call(FailOnTimeout.java:282)
	at java.util.concurrent.FutureTask.run(FutureTask.java:266)
	at java.lang.Thread.run(Thread.java:750)
]]></skipped>
  </testcase>
  <testcase name="testFileSystemDeclaresCapability" classname="TestOzoneFileSystemWithFSO" time="0.015"/>
  <testcase name="testFileSystemDeclaresCapability" classname="TestOzoneFileSystemWithFSO" time="0.004"/>
  <testcase name="testCreateKeyShouldUseRefreshedBucketReplicationConfig" classname="TestOzoneFileSystemWithFSO" time="0.503">
    <system-out><![CDATA[2023-11-03 16:43:00,850 [Time-limited test] INFO  rpc.RpcClient (RpcClient.java:createVolume(461)) - Creating Volume: volume20880, with user04838 as owner and space quota set to -1 bytes, counts quota set to -1
2023-11-03 16:43:00,859 [om1-OMStateMachineApplyTransactionThread - 0] INFO  volume.OMVolumeCreateRequest (OMVolumeCreateRequest.java:validateAndUpdateCache(197)) - created volume:volume20880 for user:user04838
2023-11-03 16:43:00,863 [Time-limited test] INFO  rpc.RpcClient (RpcClient.java:createBucket(688)) - Creating Bucket: volume20880/bucket09943, with bucket layout FILE_SYSTEM_OPTIMIZED, runner as owner, Versioning false, Storage Type set to DISK and Encryption set to false, Replication Type set to server-side default replication type, Namespace Quota set to -1, Space Quota set to -1 
2023-11-03 16:43:00,866 [om1-OMStateMachineApplyTransactionThread - 0] INFO  bucket.OMBucketCreateRequest (OMBucketCreateRequest.java:validateAndUpdateCache(271)) - created bucket: bucket09943 of layout FILE_SYSTEM_OPTIMIZED in volume: volume20880
2023-11-03 16:43:00,970 [IPC Server handler 13 on default port 15001] INFO  algorithms.SCMContainerPlacementRackScatter (SCMContainerPlacementRackScatter.java:chooseDatanodesInternal(370)) - Chosen nodes: [84f1a9c9-622e-41e0-8205-2fe147efcf79(fv-az292-536.tqgtyn10aqxuxoi0mkfbldi5vh.jx.internal.cloudapp.net/10.1.0.19), 1bfede41-9497-419c-b91f-2116896991e0(fv-az292-536.tqgtyn10aqxuxoi0mkfbldi5vh.jx.internal.cloudapp.net/10.1.0.19), 295b1274-f2e5-4e31-840f-0ca171e7cc13(fv-az292-536.tqgtyn10aqxuxoi0mkfbldi5vh.jx.internal.cloudapp.net/10.1.0.19), ffeddd1f-af09-4c2e-97a1-be5caae46423(fv-az292-536.tqgtyn10aqxuxoi0mkfbldi5vh.jx.internal.cloudapp.net/10.1.0.19), 218a95d8-d531-49de-9be4-7ae556dd2030(fv-az292-536.tqgtyn10aqxuxoi0mkfbldi5vh.jx.internal.cloudapp.net/10.1.0.19)]. isPolicySatisfied: true.
2023-11-03 16:43:00,973 [IPC Server handler 13 on default port 15001] INFO  pipeline.WritableECContainerProvider (WritableECContainerProvider.java:allocateContainer(211)) - Created and opened new pipeline Pipeline[ Id: c7588585-312d-4c5f-833f-fac2a64a5abf, Nodes: 84f1a9c9-622e-41e0-8205-2fe147efcf79(fv-az292-536.tqgtyn10aqxuxoi0mkfbldi5vh.jx.internal.cloudapp.net/10.1.0.19)1bfede41-9497-419c-b91f-2116896991e0(fv-az292-536.tqgtyn10aqxuxoi0mkfbldi5vh.jx.internal.cloudapp.net/10.1.0.19)295b1274-f2e5-4e31-840f-0ca171e7cc13(fv-az292-536.tqgtyn10aqxuxoi0mkfbldi5vh.jx.internal.cloudapp.net/10.1.0.19)ffeddd1f-af09-4c2e-97a1-be5caae46423(fv-az292-536.tqgtyn10aqxuxoi0mkfbldi5vh.jx.internal.cloudapp.net/10.1.0.19)218a95d8-d531-49de-9be4-7ae556dd2030(fv-az292-536.tqgtyn10aqxuxoi0mkfbldi5vh.jx.internal.cloudapp.net/10.1.0.19), ReplicationConfig: EC{rs-3-2-1024k}, State:ALLOCATED, leaderId:, CreationTimestamp2023-11-03T16:43:00.971Z[Etc/UTC]]
2023-11-03 16:43:01,046 [Time-limited test] WARN  erasurecode.ErasureCodeNative (ErasureCodeNative.java:<clinit>(55)) - ISA-L support is not available in your platform... using builtin-java codec where applicable
2023-11-03 16:43:01,219 [IPC Server handler 0 on default port 15001] INFO  algorithms.SCMContainerPlacementRackScatter (SCMContainerPlacementRackScatter.java:chooseDatanodesInternal(370)) - Chosen nodes: [295b1274-f2e5-4e31-840f-0ca171e7cc13(fv-az292-536.tqgtyn10aqxuxoi0mkfbldi5vh.jx.internal.cloudapp.net/10.1.0.19), 84f1a9c9-622e-41e0-8205-2fe147efcf79(fv-az292-536.tqgtyn10aqxuxoi0mkfbldi5vh.jx.internal.cloudapp.net/10.1.0.19), 218a95d8-d531-49de-9be4-7ae556dd2030(fv-az292-536.tqgtyn10aqxuxoi0mkfbldi5vh.jx.internal.cloudapp.net/10.1.0.19), ffeddd1f-af09-4c2e-97a1-be5caae46423(fv-az292-536.tqgtyn10aqxuxoi0mkfbldi5vh.jx.internal.cloudapp.net/10.1.0.19), 1bfede41-9497-419c-b91f-2116896991e0(fv-az292-536.tqgtyn10aqxuxoi0mkfbldi5vh.jx.internal.cloudapp.net/10.1.0.19)]. isPolicySatisfied: true.
2023-11-03 16:43:01,221 [IPC Server handler 0 on default port 15001] INFO  pipeline.WritableECContainerProvider (WritableECContainerProvider.java:allocateContainer(211)) - Created and opened new pipeline Pipeline[ Id: e7b70efb-3347-4db1-a140-31460253c416, Nodes: 295b1274-f2e5-4e31-840f-0ca171e7cc13(fv-az292-536.tqgtyn10aqxuxoi0mkfbldi5vh.jx.internal.cloudapp.net/10.1.0.19)84f1a9c9-622e-41e0-8205-2fe147efcf79(fv-az292-536.tqgtyn10aqxuxoi0mkfbldi5vh.jx.internal.cloudapp.net/10.1.0.19)218a95d8-d531-49de-9be4-7ae556dd2030(fv-az292-536.tqgtyn10aqxuxoi0mkfbldi5vh.jx.internal.cloudapp.net/10.1.0.19)ffeddd1f-af09-4c2e-97a1-be5caae46423(fv-az292-536.tqgtyn10aqxuxoi0mkfbldi5vh.jx.internal.cloudapp.net/10.1.0.19)1bfede41-9497-419c-b91f-2116896991e0(fv-az292-536.tqgtyn10aqxuxoi0mkfbldi5vh.jx.internal.cloudapp.net/10.1.0.19), ReplicationConfig: EC{rs-3-2-1024k}, State:ALLOCATED, leaderId:, CreationTimestamp2023-11-03T16:43:01.219Z[Etc/UTC]]
]]></system-out>
  </testcase>
  <testcase name="testCreateKeyShouldUseRefreshedBucketReplicationConfig" classname="TestOzoneFileSystemWithFSO" time="0.172">
    <system-out><![CDATA[2023-11-03 16:43:34,298 [Time-limited test] INFO  rpc.RpcClient (RpcClient.java:createVolume(461)) - Creating Volume: volume04522, with user49547 as owner and space quota set to -1 bytes, counts quota set to -1
2023-11-03 16:43:34,300 [IPC Server handler 2 on default port 15057] INFO  volume.OMVolumeCreateRequest (OMVolumeCreateRequest.java:validateAndUpdateCache(197)) - created volume:volume04522 for user:user49547
2023-11-03 16:43:34,303 [Time-limited test] INFO  rpc.RpcClient (RpcClient.java:createBucket(688)) - Creating Bucket: volume04522/bucket80209, with bucket layout FILE_SYSTEM_OPTIMIZED, runner as owner, Versioning false, Storage Type set to DISK and Encryption set to false, Replication Type set to server-side default replication type, Namespace Quota set to -1, Space Quota set to -1 
2023-11-03 16:43:34,304 [IPC Server handler 9 on default port 15057] INFO  bucket.OMBucketCreateRequest (OMBucketCreateRequest.java:validateAndUpdateCache(271)) - created bucket: bucket80209 of layout FILE_SYSTEM_OPTIMIZED in volume: volume04522
2023-11-03 16:43:34,349 [IPC Server handler 0 on default port 15054] INFO  algorithms.SCMContainerPlacementRackScatter (SCMContainerPlacementRackScatter.java:chooseDatanodesInternal(370)) - Chosen nodes: [0f26992e-6b31-4649-88a0-952aab043ba5(fv-az292-536.tqgtyn10aqxuxoi0mkfbldi5vh.jx.internal.cloudapp.net/10.1.0.19), dd2982df-a250-4a7e-97ea-3bf70e3641e6(fv-az292-536.tqgtyn10aqxuxoi0mkfbldi5vh.jx.internal.cloudapp.net/10.1.0.19), bfef2556-1a9a-4d4c-8661-c047d39fc87f(fv-az292-536.tqgtyn10aqxuxoi0mkfbldi5vh.jx.internal.cloudapp.net/10.1.0.19), 349d905f-d502-4286-9c03-ebe0308a99ac(fv-az292-536.tqgtyn10aqxuxoi0mkfbldi5vh.jx.internal.cloudapp.net/10.1.0.19), eb78666f-144a-4911-8bcc-69658dd2d46c(fv-az292-536.tqgtyn10aqxuxoi0mkfbldi5vh.jx.internal.cloudapp.net/10.1.0.19)]. isPolicySatisfied: true.
2023-11-03 16:43:34,353 [IPC Server handler 0 on default port 15054] INFO  pipeline.WritableECContainerProvider (WritableECContainerProvider.java:allocateContainer(211)) - Created and opened new pipeline Pipeline[ Id: 29c21787-98f5-4477-aabc-b986bc8abeef, Nodes: 0f26992e-6b31-4649-88a0-952aab043ba5(fv-az292-536.tqgtyn10aqxuxoi0mkfbldi5vh.jx.internal.cloudapp.net/10.1.0.19)dd2982df-a250-4a7e-97ea-3bf70e3641e6(fv-az292-536.tqgtyn10aqxuxoi0mkfbldi5vh.jx.internal.cloudapp.net/10.1.0.19)bfef2556-1a9a-4d4c-8661-c047d39fc87f(fv-az292-536.tqgtyn10aqxuxoi0mkfbldi5vh.jx.internal.cloudapp.net/10.1.0.19)349d905f-d502-4286-9c03-ebe0308a99ac(fv-az292-536.tqgtyn10aqxuxoi0mkfbldi5vh.jx.internal.cloudapp.net/10.1.0.19)eb78666f-144a-4911-8bcc-69658dd2d46c(fv-az292-536.tqgtyn10aqxuxoi0mkfbldi5vh.jx.internal.cloudapp.net/10.1.0.19), ReplicationConfig: EC{rs-3-2-1024k}, State:ALLOCATED, leaderId:, CreationTimestamp2023-11-03T16:43:34.349Z[Etc/UTC]]
2023-11-03 16:43:34,397 [IPC Server handler 4 on default port 15054] INFO  algorithms.SCMContainerPlacementRackScatter (SCMContainerPlacementRackScatter.java:chooseDatanodesInternal(370)) - Chosen nodes: [dd2982df-a250-4a7e-97ea-3bf70e3641e6(fv-az292-536.tqgtyn10aqxuxoi0mkfbldi5vh.jx.internal.cloudapp.net/10.1.0.19), 0f26992e-6b31-4649-88a0-952aab043ba5(fv-az292-536.tqgtyn10aqxuxoi0mkfbldi5vh.jx.internal.cloudapp.net/10.1.0.19), bfef2556-1a9a-4d4c-8661-c047d39fc87f(fv-az292-536.tqgtyn10aqxuxoi0mkfbldi5vh.jx.internal.cloudapp.net/10.1.0.19), 349d905f-d502-4286-9c03-ebe0308a99ac(fv-az292-536.tqgtyn10aqxuxoi0mkfbldi5vh.jx.internal.cloudapp.net/10.1.0.19), eb78666f-144a-4911-8bcc-69658dd2d46c(fv-az292-536.tqgtyn10aqxuxoi0mkfbldi5vh.jx.internal.cloudapp.net/10.1.0.19)]. isPolicySatisfied: true.
2023-11-03 16:43:34,399 [IPC Server handler 4 on default port 15054] INFO  pipeline.WritableECContainerProvider (WritableECContainerProvider.java:allocateContainer(211)) - Created and opened new pipeline Pipeline[ Id: 25fa33d0-edd9-4469-ab35-05592612530f, Nodes: dd2982df-a250-4a7e-97ea-3bf70e3641e6(fv-az292-536.tqgtyn10aqxuxoi0mkfbldi5vh.jx.internal.cloudapp.net/10.1.0.19)0f26992e-6b31-4649-88a0-952aab043ba5(fv-az292-536.tqgtyn10aqxuxoi0mkfbldi5vh.jx.internal.cloudapp.net/10.1.0.19)bfef2556-1a9a-4d4c-8661-c047d39fc87f(fv-az292-536.tqgtyn10aqxuxoi0mkfbldi5vh.jx.internal.cloudapp.net/10.1.0.19)349d905f-d502-4286-9c03-ebe0308a99ac(fv-az292-536.tqgtyn10aqxuxoi0mkfbldi5vh.jx.internal.cloudapp.net/10.1.0.19)eb78666f-144a-4911-8bcc-69658dd2d46c(fv-az292-536.tqgtyn10aqxuxoi0mkfbldi5vh.jx.internal.cloudapp.net/10.1.0.19), ReplicationConfig: EC{rs-3-2-1024k}, State:ALLOCATED, leaderId:, CreationTimestamp2023-11-03T16:43:34.397Z[Etc/UTC]]
]]></system-out>
  </testcase>
  <testcase name="testListStatusIteratorOnRoot" classname="TestOzoneFileSystemWithFSO" time="0.057"/>
  <testcase name="testListStatusIteratorOnRoot" classname="TestOzoneFileSystemWithFSO" time="0.017"/>
  <testcase name="testLoopInLinkBuckets" classname="TestOzoneFileSystemWithFSO" time="0.151">
    <system-out><![CDATA[2023-11-03 16:43:01,389 [Time-limited test] INFO  rpc.RpcClient (RpcClient.java:createVolume(461)) - Creating Volume: 8b38c751-38e9-4c53-9367-bbf98cd73fa6, with runner as owner and space quota set to -1 bytes, counts quota set to -1
2023-11-03 16:43:01,393 [om1-OMStateMachineApplyTransactionThread - 0] INFO  volume.OMVolumeCreateRequest (OMVolumeCreateRequest.java:validateAndUpdateCache(197)) - created volume:8b38c751-38e9-4c53-9367-bbf98cd73fa6 for user:runner
2023-11-03 16:43:01,397 [Time-limited test] INFO  rpc.RpcClient (RpcClient.java:createBucket(688)) - Creating Bucket: 8b38c751-38e9-4c53-9367-bbf98cd73fa6/e958d130-8152-4b38-a422-0ffc3eae355f, with bucket layout LEGACY, runner as owner, Versioning false, Storage Type set to DISK and Encryption set to false, Replication Type set to server-side default replication type, Namespace Quota set to -1, Space Quota set to -1 
2023-11-03 16:43:01,401 [om1-OMStateMachineApplyTransactionThread - 0] INFO  bucket.OMBucketCreateRequest (OMBucketCreateRequest.java:validateAndUpdateCache(271)) - created bucket: e958d130-8152-4b38-a422-0ffc3eae355f of layout LEGACY in volume: 8b38c751-38e9-4c53-9367-bbf98cd73fa6
2023-11-03 16:43:01,402 [Time-limited test] INFO  rpc.RpcClient (RpcClient.java:createBucket(688)) - Creating Bucket: 8b38c751-38e9-4c53-9367-bbf98cd73fa6/1c072067-dc97-421f-ab76-1b4357a02fa1, with bucket layout LEGACY, runner as owner, Versioning false, Storage Type set to DISK and Encryption set to false, Replication Type set to server-side default replication type, Namespace Quota set to -1, Space Quota set to -1 
2023-11-03 16:43:01,412 [om1-OMStateMachineApplyTransactionThread - 0] INFO  bucket.OMBucketCreateRequest (OMBucketCreateRequest.java:validateAndUpdateCache(271)) - created bucket: 1c072067-dc97-421f-ab76-1b4357a02fa1 of layout LEGACY in volume: 8b38c751-38e9-4c53-9367-bbf98cd73fa6
2023-11-03 16:43:01,413 [Time-limited test] INFO  rpc.RpcClient (RpcClient.java:createBucket(688)) - Creating Bucket: 8b38c751-38e9-4c53-9367-bbf98cd73fa6/16e92c39-7563-41eb-9a89-416fba0e357b, with bucket layout LEGACY, runner as owner, Versioning false, Storage Type set to DISK and Encryption set to false, Replication Type set to server-side default replication type, Namespace Quota set to -1, Space Quota set to -1 
2023-11-03 16:43:01,417 [om1-OMStateMachineApplyTransactionThread - 0] INFO  bucket.OMBucketCreateRequest (OMBucketCreateRequest.java:validateAndUpdateCache(271)) - created bucket: 16e92c39-7563-41eb-9a89-416fba0e357b of layout LEGACY in volume: 8b38c751-38e9-4c53-9367-bbf98cd73fa6
16:43:01.463 [IPC Server handler 9 on default port 15004] ERROR OMAudit - user=runner | ip=127.0.0.1 | op=READ_BUCKET {volume=8b38c751-38e9-4c53-9367-bbf98cd73fa6, bucket=16e92c39-7563-41eb-9a89-416fba0e357b} | ret=FAILURE
org.apache.hadoop.ozone.om.exceptions.OMException: Detected loop in bucket links
	at org.apache.hadoop.ozone.om.OzoneManager.resolveBucketLink(OzoneManager.java:4308) ~[ozone-manager-1.4.0-SNAPSHOT.jar:?]
	at org.apache.hadoop.ozone.om.OzoneManager.resolveBucketLink(OzoneManager.java:4320) ~[ozone-manager-1.4.0-SNAPSHOT.jar:?]
	at org.apache.hadoop.ozone.om.OzoneManager.resolveBucketLink(OzoneManager.java:4320) ~[ozone-manager-1.4.0-SNAPSHOT.jar:?]
	at org.apache.hadoop.ozone.om.OzoneManager.resolveBucketLink(OzoneManager.java:4320) ~[ozone-manager-1.4.0-SNAPSHOT.jar:?]
	at org.apache.hadoop.ozone.om.OzoneManager.resolveBucketLink(OzoneManager.java:4260) ~[ozone-manager-1.4.0-SNAPSHOT.jar:?]
	at org.apache.hadoop.ozone.om.OzoneManager.getBucketInfo(OzoneManager.java:2815) ~[ozone-manager-1.4.0-SNAPSHOT.jar:?]
	at org.apache.hadoop.ozone.protocolPB.OzoneManagerRequestHandler.infoBucket(OzoneManagerRequestHandler.java:561) ~[ozone-manager-1.4.0-SNAPSHOT.jar:?]
	at org.apache.hadoop.ozone.protocolPB.OzoneManagerRequestHandler.handleReadRequest(OzoneManagerRequestHandler.java:207) ~[ozone-manager-1.4.0-SNAPSHOT.jar:?]
	at org.apache.hadoop.ozone.protocolPB.OzoneManagerProtocolServerSideTranslatorPB.submitReadRequestToOM(OzoneManagerProtocolServerSideTranslatorPB.java:241) ~[ozone-manager-1.4.0-SNAPSHOT.jar:?]
	at org.apache.hadoop.ozone.protocolPB.OzoneManagerProtocolServerSideTranslatorPB.processRequest(OzoneManagerProtocolServerSideTranslatorPB.java:186) ~[ozone-manager-1.4.0-SNAPSHOT.jar:?]
	at org.apache.hadoop.hdds.server.OzoneProtocolMessageDispatcher.processRequest(OzoneProtocolMessageDispatcher.java:89) [hdds-server-framework-1.4.0-SNAPSHOT.jar:?]
	at org.apache.hadoop.ozone.protocolPB.OzoneManagerProtocolServerSideTranslatorPB.submitRequest(OzoneManagerProtocolServerSideTranslatorPB.java:157) [ozone-manager-1.4.0-SNAPSHOT.jar:?]
	at org.apache.hadoop.ozone.protocol.proto.OzoneManagerProtocolProtos$OzoneManagerService$2.callBlockingMethod(OzoneManagerProtocolProtos.java) [ozone-interface-client-1.4.0-SNAPSHOT.jar:?]
	at org.apache.hadoop.ipc.ProtobufRpcEngine$Server.processCall(ProtobufRpcEngine.java:484) [hadoop-common-3.3.6.jar:?]
	at org.apache.hadoop.ipc.ProtobufRpcEngine2$Server$ProtoBufRpcInvoker.call(ProtobufRpcEngine2.java:595) [hadoop-common-3.3.6.jar:?]
	at org.apache.hadoop.ipc.ProtobufRpcEngine2$Server$ProtoBufRpcInvoker.call(ProtobufRpcEngine2.java:573) [hadoop-common-3.3.6.jar:?]
	at org.apache.hadoop.ipc.RPC$Server.call(RPC.java:1227) [hadoop-common-3.3.6.jar:?]
	at org.apache.hadoop.ipc.Server$RpcCall.run(Server.java:1094) [hadoop-common-3.3.6.jar:?]
	at org.apache.hadoop.ipc.Server$RpcCall.run(Server.java:1017) [hadoop-common-3.3.6.jar:?]
	at java.security.AccessController.doPrivileged(Native Method) ~[?:1.8.0_382]
	at javax.security.auth.Subject.doAs(Subject.java:422) [?:1.8.0_382]
	at org.apache.hadoop.security.UserGroupInformation.doAs(UserGroupInformation.java:1899) [hadoop-common-3.3.6.jar:?]
	at org.apache.hadoop.ipc.Server$Handler.run(Server.java:3048) [hadoop-common-3.3.6.jar:?]
2023-11-03 16:43:01,465 [Time-limited test] WARN  fs.FileSystem (FileSystem.java:createFileSystem(3615)) - Failed to initialize filesystem o3fs://16e92c39-7563-41eb-9a89-416fba0e357b.8b38c751-38e9-4c53-9367-bbf98cd73fa6/: DETECTED_LOOP_IN_BUCKET_LINKS org.apache.hadoop.ozone.om.exceptions.OMException: Detected loop in bucket links
2023-11-03 16:43:01,482 [Time-limited test] INFO  rpc.RpcClient (RpcClient.java:createBucket(688)) - Creating Bucket: 8b38c751-38e9-4c53-9367-bbf98cd73fa6/fc2939d4-2c70-47b5-9e0f-8548d29a391e, with bucket layout LEGACY, runner as owner, Versioning false, Storage Type set to DISK and Encryption set to false, Replication Type set to server-side default replication type, Namespace Quota set to -1, Space Quota set to -1 
2023-11-03 16:43:01,486 [om1-OMStateMachineApplyTransactionThread - 0] INFO  bucket.OMBucketCreateRequest (OMBucketCreateRequest.java:validateAndUpdateCache(271)) - created bucket: fc2939d4-2c70-47b5-9e0f-8548d29a391e of layout LEGACY in volume: 8b38c751-38e9-4c53-9367-bbf98cd73fa6
2023-11-03 16:43:01,500 [om1-TrashEmptier] ERROR om.TrashOzoneFileSystem (TrashOzoneFileSystem.java:getTrashRoots(328)) - Couldn't perform fs operation fs.listStatus()/fs.exists()
BUCKET_NOT_FOUND org.apache.hadoop.ozone.om.exceptions.OMException: Bucket not found: 8b38c751-38e9-4c53-9367-bbf98cd73fa6/189b67fe-400e-4072-ade6-3b70dce29bb2
	at org.apache.hadoop.ozone.om.OzoneManagerUtils.reportNotFound(OzoneManagerUtils.java:87)
	at org.apache.hadoop.ozone.om.OzoneManagerUtils.getBucketInfo(OzoneManagerUtils.java:72)
	at org.apache.hadoop.ozone.om.OzoneManagerUtils.resolveBucketInfoLink(OzoneManagerUtils.java:148)
	at org.apache.hadoop.ozone.om.OzoneManagerUtils.resolveBucketInfoLink(OzoneManagerUtils.java:168)
	at org.apache.hadoop.ozone.om.OzoneManagerUtils.getResolvedBucketInfo(OzoneManagerUtils.java:124)
	at org.apache.hadoop.ozone.om.OzoneManagerUtils.getBucketLayout(OzoneManagerUtils.java:106)
	at org.apache.hadoop.ozone.om.KeyManagerImpl.getOzoneFileStatus(KeyManagerImpl.java:1172)
	at org.apache.hadoop.ozone.om.KeyManagerImpl.getFileStatus(KeyManagerImpl.java:1145)
	at org.apache.hadoop.ozone.om.KeyManagerImpl.getFileStatus(KeyManagerImpl.java:1120)
	at org.apache.hadoop.ozone.om.TrashOzoneFileSystem.getFileStatus(TrashOzoneFileSystem.java:280)
	at org.apache.hadoop.ozone.om.TrashOzoneFileSystem.exists(TrashOzoneFileSystem.java:339)
	at org.apache.hadoop.ozone.om.TrashOzoneFileSystem.getTrashRoots(TrashOzoneFileSystem.java:319)
	at org.apache.hadoop.ozone.om.TrashPolicyOzone$Emptier.run(TrashPolicyOzone.java:326)
	at java.lang.Thread.run(Thread.java:750)
2023-11-03 16:43:01,518 [IPC Server handler 19 on default port 15004] WARN  om.OzoneManager (OzoneManager.java:resolveBucketLink(4297)) - Bucket 189b67fe-400e-4072-ade6-3b70dce29bb2 not found in volume 8b38c751-38e9-4c53-9367-bbf98cd73fa6
16:43:01.520 [IPC Server handler 8 on default port 15004] ERROR OMAudit - user=runner | ip=127.0.0.1 | op=READ_BUCKET {volume=8b38c751-38e9-4c53-9367-bbf98cd73fa6, bucket=189b67fe-400e-4072-ade6-3b70dce29bb2} | ret=FAILURE
org.apache.hadoop.ozone.om.exceptions.OMException: Bucket not found
	at org.apache.hadoop.ozone.om.OzoneManager.getBucketOwner(OzoneManager.java:2541) ~[ozone-manager-1.4.0-SNAPSHOT.jar:?]
	at org.apache.hadoop.ozone.om.OzoneManager.getBucketOwner(OzoneManager.java:2511) ~[ozone-manager-1.4.0-SNAPSHOT.jar:?]
	at org.apache.hadoop.ozone.om.OmMetadataReader.checkAcls(OmMetadataReader.java:452) ~[ozone-manager-1.4.0-SNAPSHOT.jar:?]
	at org.apache.hadoop.ozone.om.OzoneManager.getBucketInfo(OzoneManager.java:2799) ~[ozone-manager-1.4.0-SNAPSHOT.jar:?]
	at org.apache.hadoop.ozone.protocolPB.OzoneManagerRequestHandler.infoBucket(OzoneManagerRequestHandler.java:561) ~[ozone-manager-1.4.0-SNAPSHOT.jar:?]
	at org.apache.hadoop.ozone.protocolPB.OzoneManagerRequestHandler.handleReadRequest(OzoneManagerRequestHandler.java:207) ~[ozone-manager-1.4.0-SNAPSHOT.jar:?]
	at org.apache.hadoop.ozone.protocolPB.OzoneManagerProtocolServerSideTranslatorPB.submitReadRequestToOM(OzoneManagerProtocolServerSideTranslatorPB.java:241) ~[ozone-manager-1.4.0-SNAPSHOT.jar:?]
	at org.apache.hadoop.ozone.protocolPB.OzoneManagerProtocolServerSideTranslatorPB.processRequest(OzoneManagerProtocolServerSideTranslatorPB.java:186) ~[ozone-manager-1.4.0-SNAPSHOT.jar:?]
	at org.apache.hadoop.hdds.server.OzoneProtocolMessageDispatcher.processRequest(OzoneProtocolMessageDispatcher.java:89) [hdds-server-framework-1.4.0-SNAPSHOT.jar:?]
	at org.apache.hadoop.ozone.protocolPB.OzoneManagerProtocolServerSideTranslatorPB.submitRequest(OzoneManagerProtocolServerSideTranslatorPB.java:157) [ozone-manager-1.4.0-SNAPSHOT.jar:?]
	at org.apache.hadoop.ozone.protocol.proto.OzoneManagerProtocolProtos$OzoneManagerService$2.callBlockingMethod(OzoneManagerProtocolProtos.java) [ozone-interface-client-1.4.0-SNAPSHOT.jar:?]
	at org.apache.hadoop.ipc.ProtobufRpcEngine$Server.processCall(ProtobufRpcEngine.java:484) [hadoop-common-3.3.6.jar:?]
	at org.apache.hadoop.ipc.ProtobufRpcEngine2$Server$ProtoBufRpcInvoker.call(ProtobufRpcEngine2.java:595) [hadoop-common-3.3.6.jar:?]
	at org.apache.hadoop.ipc.ProtobufRpcEngine2$Server$ProtoBufRpcInvoker.call(ProtobufRpcEngine2.java:573) [hadoop-common-3.3.6.jar:?]
	at org.apache.hadoop.ipc.RPC$Server.call(RPC.java:1227) [hadoop-common-3.3.6.jar:?]
	at org.apache.hadoop.ipc.Server$RpcCall.run(Server.java:1094) [hadoop-common-3.3.6.jar:?]
	at org.apache.hadoop.ipc.Server$RpcCall.run(Server.java:1017) [hadoop-common-3.3.6.jar:?]
	at java.security.AccessController.doPrivileged(Native Method) ~[?:1.8.0_382]
	at javax.security.auth.Subject.doAs(Subject.java:422) [?:1.8.0_382]
	at org.apache.hadoop.security.UserGroupInformation.doAs(UserGroupInformation.java:1899) [hadoop-common-3.3.6.jar:?]
	at org.apache.hadoop.ipc.Server$Handler.run(Server.java:3048) [hadoop-common-3.3.6.jar:?]
2023-11-03 16:43:01,522 [Time-limited test] ERROR ozone.OzoneClientUtils (OzoneClientUtils.java:resolveLinkBucketLayout(85)) - Source Bucket is not found, its orphan bucket and used link bucket fc2939d4-2c70-47b5-9e0f-8548d29a391e layout LEGACY
]]></system-out>
  </testcase>
  <testcase name="testLoopInLinkBuckets" classname="TestOzoneFileSystemWithFSO" time="0.073">
    <system-out><![CDATA[2023-11-03 16:43:34,469 [Time-limited test] INFO  rpc.RpcClient (RpcClient.java:createVolume(461)) - Creating Volume: fb3fe1c6-dc56-4848-a80c-50eedec28c5e, with runner as owner and space quota set to -1 bytes, counts quota set to -1
2023-11-03 16:43:34,470 [IPC Server handler 4 on default port 15057] INFO  volume.OMVolumeCreateRequest (OMVolumeCreateRequest.java:validateAndUpdateCache(197)) - created volume:fb3fe1c6-dc56-4848-a80c-50eedec28c5e for user:runner
2023-11-03 16:43:34,472 [Time-limited test] INFO  rpc.RpcClient (RpcClient.java:createBucket(688)) - Creating Bucket: fb3fe1c6-dc56-4848-a80c-50eedec28c5e/31c98f40-a8b4-48fa-9799-c22cf8edefa7, with bucket layout LEGACY, runner as owner, Versioning false, Storage Type set to DISK and Encryption set to false, Replication Type set to server-side default replication type, Namespace Quota set to -1, Space Quota set to -1 
2023-11-03 16:43:34,473 [IPC Server handler 11 on default port 15057] INFO  bucket.OMBucketCreateRequest (OMBucketCreateRequest.java:validateAndUpdateCache(271)) - created bucket: 31c98f40-a8b4-48fa-9799-c22cf8edefa7 of layout LEGACY in volume: fb3fe1c6-dc56-4848-a80c-50eedec28c5e
2023-11-03 16:43:34,474 [Time-limited test] INFO  rpc.RpcClient (RpcClient.java:createBucket(688)) - Creating Bucket: fb3fe1c6-dc56-4848-a80c-50eedec28c5e/66718685-ab26-481c-8ff2-72f7312ce5f9, with bucket layout LEGACY, runner as owner, Versioning false, Storage Type set to DISK and Encryption set to false, Replication Type set to server-side default replication type, Namespace Quota set to -1, Space Quota set to -1 
2023-11-03 16:43:34,475 [IPC Server handler 3 on default port 15057] INFO  bucket.OMBucketCreateRequest (OMBucketCreateRequest.java:validateAndUpdateCache(271)) - created bucket: 66718685-ab26-481c-8ff2-72f7312ce5f9 of layout LEGACY in volume: fb3fe1c6-dc56-4848-a80c-50eedec28c5e
2023-11-03 16:43:34,475 [Time-limited test] INFO  rpc.RpcClient (RpcClient.java:createBucket(688)) - Creating Bucket: fb3fe1c6-dc56-4848-a80c-50eedec28c5e/071f540d-474f-4c8c-b397-aba39c17e341, with bucket layout LEGACY, runner as owner, Versioning false, Storage Type set to DISK and Encryption set to false, Replication Type set to server-side default replication type, Namespace Quota set to -1, Space Quota set to -1 
2023-11-03 16:43:34,476 [IPC Server handler 8 on default port 15057] INFO  bucket.OMBucketCreateRequest (OMBucketCreateRequest.java:validateAndUpdateCache(271)) - created bucket: 071f540d-474f-4c8c-b397-aba39c17e341 of layout LEGACY in volume: fb3fe1c6-dc56-4848-a80c-50eedec28c5e
2023-11-03 16:43:34,501 [om1-TrashEmptier] ERROR om.TrashOzoneFileSystem (TrashOzoneFileSystem.java:getTrashRoots(328)) - Couldn't perform fs operation fs.listStatus()/fs.exists()
DETECTED_LOOP_IN_BUCKET_LINKS org.apache.hadoop.ozone.om.exceptions.OMException: Detected loop in bucket links. Bucket name: 071f540d-474f-4c8c-b397-aba39c17e341, Volume name: fb3fe1c6-dc56-4848-a80c-50eedec28c5e
	at org.apache.hadoop.ozone.om.OzoneManagerUtils.resolveBucketInfoLink(OzoneManagerUtils.java:155)
	at org.apache.hadoop.ozone.om.OzoneManagerUtils.resolveBucketInfoLink(OzoneManagerUtils.java:168)
	at org.apache.hadoop.ozone.om.OzoneManagerUtils.resolveBucketInfoLink(OzoneManagerUtils.java:168)
	at org.apache.hadoop.ozone.om.OzoneManagerUtils.resolveBucketInfoLink(OzoneManagerUtils.java:168)
	at org.apache.hadoop.ozone.om.OzoneManagerUtils.getResolvedBucketInfo(OzoneManagerUtils.java:124)
	at org.apache.hadoop.ozone.om.OzoneManagerUtils.getBucketLayout(OzoneManagerUtils.java:106)
	at org.apache.hadoop.ozone.om.KeyManagerImpl.getOzoneFileStatus(KeyManagerImpl.java:1172)
	at org.apache.hadoop.ozone.om.KeyManagerImpl.getFileStatus(KeyManagerImpl.java:1145)
	at org.apache.hadoop.ozone.om.KeyManagerImpl.getFileStatus(KeyManagerImpl.java:1120)
	at org.apache.hadoop.ozone.om.TrashOzoneFileSystem.getFileStatus(TrashOzoneFileSystem.java:280)
	at org.apache.hadoop.ozone.om.TrashOzoneFileSystem.exists(TrashOzoneFileSystem.java:339)
	at org.apache.hadoop.ozone.om.TrashOzoneFileSystem.getTrashRoots(TrashOzoneFileSystem.java:319)
	at org.apache.hadoop.ozone.om.TrashPolicyOzone$Emptier.run(TrashPolicyOzone.java:326)
	at java.lang.Thread.run(Thread.java:750)
2023-11-03 16:43:34,503 [om1-TrashEmptier] ERROR om.TrashOzoneFileSystem (TrashOzoneFileSystem.java:getTrashRoots(328)) - Couldn't perform fs operation fs.listStatus()/fs.exists()
DETECTED_LOOP_IN_BUCKET_LINKS org.apache.hadoop.ozone.om.exceptions.OMException: Detected loop in bucket links. Bucket name: 31c98f40-a8b4-48fa-9799-c22cf8edefa7, Volume name: fb3fe1c6-dc56-4848-a80c-50eedec28c5e
	at org.apache.hadoop.ozone.om.OzoneManagerUtils.resolveBucketInfoLink(OzoneManagerUtils.java:155)
	at org.apache.hadoop.ozone.om.OzoneManagerUtils.resolveBucketInfoLink(OzoneManagerUtils.java:168)
	at org.apache.hadoop.ozone.om.OzoneManagerUtils.resolveBucketInfoLink(OzoneManagerUtils.java:168)
	at org.apache.hadoop.ozone.om.OzoneManagerUtils.resolveBucketInfoLink(OzoneManagerUtils.java:168)
	at org.apache.hadoop.ozone.om.OzoneManagerUtils.getResolvedBucketInfo(OzoneManagerUtils.java:124)
	at org.apache.hadoop.ozone.om.OzoneManagerUtils.getBucketLayout(OzoneManagerUtils.java:106)
	at org.apache.hadoop.ozone.om.KeyManagerImpl.getOzoneFileStatus(KeyManagerImpl.java:1172)
	at org.apache.hadoop.ozone.om.KeyManagerImpl.getFileStatus(KeyManagerImpl.java:1145)
	at org.apache.hadoop.ozone.om.KeyManagerImpl.getFileStatus(KeyManagerImpl.java:1120)
	at org.apache.hadoop.ozone.om.TrashOzoneFileSystem.getFileStatus(TrashOzoneFileSystem.java:280)
	at org.apache.hadoop.ozone.om.TrashOzoneFileSystem.exists(TrashOzoneFileSystem.java:339)
	at org.apache.hadoop.ozone.om.TrashOzoneFileSystem.getTrashRoots(TrashOzoneFileSystem.java:319)
	at org.apache.hadoop.ozone.om.TrashPolicyOzone$Emptier.run(TrashPolicyOzone.java:326)
	at java.lang.Thread.run(Thread.java:750)
2023-11-03 16:43:34,507 [om1-TrashEmptier] ERROR om.TrashOzoneFileSystem (TrashOzoneFileSystem.java:getTrashRoots(328)) - Couldn't perform fs operation fs.listStatus()/fs.exists()
DETECTED_LOOP_IN_BUCKET_LINKS org.apache.hadoop.ozone.om.exceptions.OMException: Detected loop in bucket links. Bucket name: 66718685-ab26-481c-8ff2-72f7312ce5f9, Volume name: fb3fe1c6-dc56-4848-a80c-50eedec28c5e
	at org.apache.hadoop.ozone.om.OzoneManagerUtils.resolveBucketInfoLink(OzoneManagerUtils.java:155)
	at org.apache.hadoop.ozone.om.OzoneManagerUtils.resolveBucketInfoLink(OzoneManagerUtils.java:168)
	at org.apache.hadoop.ozone.om.OzoneManagerUtils.resolveBucketInfoLink(OzoneManagerUtils.java:168)
	at org.apache.hadoop.ozone.om.OzoneManagerUtils.resolveBucketInfoLink(OzoneManagerUtils.java:168)
	at org.apache.hadoop.ozone.om.OzoneManagerUtils.getResolvedBucketInfo(OzoneManagerUtils.java:124)
	at org.apache.hadoop.ozone.om.OzoneManagerUtils.getBucketLayout(OzoneManagerUtils.java:106)
	at org.apache.hadoop.ozone.om.KeyManagerImpl.getOzoneFileStatus(KeyManagerImpl.java:1172)
	at org.apache.hadoop.ozone.om.KeyManagerImpl.getFileStatus(KeyManagerImpl.java:1145)
	at org.apache.hadoop.ozone.om.KeyManagerImpl.getFileStatus(KeyManagerImpl.java:1120)
	at org.apache.hadoop.ozone.om.TrashOzoneFileSystem.getFileStatus(TrashOzoneFileSystem.java:280)
	at org.apache.hadoop.ozone.om.TrashOzoneFileSystem.exists(TrashOzoneFileSystem.java:339)
	at org.apache.hadoop.ozone.om.TrashOzoneFileSystem.getTrashRoots(TrashOzoneFileSystem.java:319)
	at org.apache.hadoop.ozone.om.TrashPolicyOzone$Emptier.run(TrashPolicyOzone.java:326)
	at java.lang.Thread.run(Thread.java:750)
16:43:34.509 [IPC Server handler 9 on default port 15057] ERROR OMAudit - user=runner | ip=127.0.0.1 | op=READ_BUCKET {volume=fb3fe1c6-dc56-4848-a80c-50eedec28c5e, bucket=071f540d-474f-4c8c-b397-aba39c17e341} | ret=FAILURE
org.apache.hadoop.ozone.om.exceptions.OMException: Detected loop in bucket links
	at org.apache.hadoop.ozone.om.OzoneManager.resolveBucketLink(OzoneManager.java:4308) ~[ozone-manager-1.4.0-SNAPSHOT.jar:?]
	at org.apache.hadoop.ozone.om.OzoneManager.resolveBucketLink(OzoneManager.java:4320) ~[ozone-manager-1.4.0-SNAPSHOT.jar:?]
	at org.apache.hadoop.ozone.om.OzoneManager.resolveBucketLink(OzoneManager.java:4320) ~[ozone-manager-1.4.0-SNAPSHOT.jar:?]
	at org.apache.hadoop.ozone.om.OzoneManager.resolveBucketLink(OzoneManager.java:4320) ~[ozone-manager-1.4.0-SNAPSHOT.jar:?]
	at org.apache.hadoop.ozone.om.OzoneManager.resolveBucketLink(OzoneManager.java:4260) ~[ozone-manager-1.4.0-SNAPSHOT.jar:?]
	at org.apache.hadoop.ozone.om.OzoneManager.getBucketInfo(OzoneManager.java:2815) ~[ozone-manager-1.4.0-SNAPSHOT.jar:?]
	at org.apache.hadoop.ozone.protocolPB.OzoneManagerRequestHandler.infoBucket(OzoneManagerRequestHandler.java:561) ~[ozone-manager-1.4.0-SNAPSHOT.jar:?]
	at org.apache.hadoop.ozone.protocolPB.OzoneManagerRequestHandler.handleReadRequest(OzoneManagerRequestHandler.java:207) ~[ozone-manager-1.4.0-SNAPSHOT.jar:?]
	at org.apache.hadoop.ozone.protocolPB.OzoneManagerProtocolServerSideTranslatorPB.submitRequestDirectlyToOM(OzoneManagerProtocolServerSideTranslatorPB.java:290) ~[ozone-manager-1.4.0-SNAPSHOT.jar:?]
	at org.apache.hadoop.ozone.protocolPB.OzoneManagerProtocolServerSideTranslatorPB.processRequest(OzoneManagerProtocolServerSideTranslatorPB.java:182) ~[ozone-manager-1.4.0-SNAPSHOT.jar:?]
	at org.apache.hadoop.hdds.server.OzoneProtocolMessageDispatcher.processRequest(OzoneProtocolMessageDispatcher.java:89) [hdds-server-framework-1.4.0-SNAPSHOT.jar:?]
	at org.apache.hadoop.ozone.protocolPB.OzoneManagerProtocolServerSideTranslatorPB.submitRequest(OzoneManagerProtocolServerSideTranslatorPB.java:157) [ozone-manager-1.4.0-SNAPSHOT.jar:?]
	at org.apache.hadoop.ozone.protocol.proto.OzoneManagerProtocolProtos$OzoneManagerService$2.callBlockingMethod(OzoneManagerProtocolProtos.java) [ozone-interface-client-1.4.0-SNAPSHOT.jar:?]
	at org.apache.hadoop.ipc.ProtobufRpcEngine$Server.processCall(ProtobufRpcEngine.java:484) [hadoop-common-3.3.6.jar:?]
	at org.apache.hadoop.ipc.ProtobufRpcEngine2$Server$ProtoBufRpcInvoker.call(ProtobufRpcEngine2.java:595) [hadoop-common-3.3.6.jar:?]
	at org.apache.hadoop.ipc.ProtobufRpcEngine2$Server$ProtoBufRpcInvoker.call(ProtobufRpcEngine2.java:573) [hadoop-common-3.3.6.jar:?]
	at org.apache.hadoop.ipc.RPC$Server.call(RPC.java:1227) [hadoop-common-3.3.6.jar:?]
	at org.apache.hadoop.ipc.Server$RpcCall.run(Server.java:1094) [hadoop-common-3.3.6.jar:?]
	at org.apache.hadoop.ipc.Server$RpcCall.run(Server.java:1017) [hadoop-common-3.3.6.jar:?]
	at java.security.AccessController.doPrivileged(Native Method) ~[?:1.8.0_382]
	at javax.security.auth.Subject.doAs(Subject.java:422) [?:1.8.0_382]
	at org.apache.hadoop.security.UserGroupInformation.doAs(UserGroupInformation.java:1899) [hadoop-common-3.3.6.jar:?]
	at org.apache.hadoop.ipc.Server$Handler.run(Server.java:3048) [hadoop-common-3.3.6.jar:?]
2023-11-03 16:43:34,510 [Time-limited test] WARN  fs.FileSystem (FileSystem.java:createFileSystem(3615)) - Failed to initialize filesystem o3fs://071f540d-474f-4c8c-b397-aba39c17e341.fb3fe1c6-dc56-4848-a80c-50eedec28c5e/: DETECTED_LOOP_IN_BUCKET_LINKS org.apache.hadoop.ozone.om.exceptions.OMException: Detected loop in bucket links
2023-11-03 16:43:34,516 [Time-limited test] INFO  rpc.RpcClient (RpcClient.java:createBucket(688)) - Creating Bucket: fb3fe1c6-dc56-4848-a80c-50eedec28c5e/4756f97d-30de-4fc5-99b9-330ada0aada8, with bucket layout LEGACY, runner as owner, Versioning false, Storage Type set to DISK and Encryption set to false, Replication Type set to server-side default replication type, Namespace Quota set to -1, Space Quota set to -1 
2023-11-03 16:43:34,517 [IPC Server handler 14 on default port 15057] INFO  bucket.OMBucketCreateRequest (OMBucketCreateRequest.java:validateAndUpdateCache(271)) - created bucket: 4756f97d-30de-4fc5-99b9-330ada0aada8 of layout LEGACY in volume: fb3fe1c6-dc56-4848-a80c-50eedec28c5e
2023-11-03 16:43:34,528 [IPC Server handler 17 on default port 15057] WARN  om.OzoneManager (OzoneManager.java:resolveBucketLink(4297)) - Bucket 86ee3df3-8ad9-411d-9821-1e1bc5c8f23c not found in volume fb3fe1c6-dc56-4848-a80c-50eedec28c5e
16:43:34.530 [IPC Server handler 0 on default port 15057] ERROR OMAudit - user=runner | ip=127.0.0.1 | op=READ_BUCKET {volume=fb3fe1c6-dc56-4848-a80c-50eedec28c5e, bucket=86ee3df3-8ad9-411d-9821-1e1bc5c8f23c} | ret=FAILURE
org.apache.hadoop.ozone.om.exceptions.OMException: Bucket not found
	at org.apache.hadoop.ozone.om.OzoneManager.getBucketOwner(OzoneManager.java:2541) ~[ozone-manager-1.4.0-SNAPSHOT.jar:?]
	at org.apache.hadoop.ozone.om.OzoneManager.getBucketOwner(OzoneManager.java:2511) ~[ozone-manager-1.4.0-SNAPSHOT.jar:?]
	at org.apache.hadoop.ozone.om.OmMetadataReader.checkAcls(OmMetadataReader.java:452) ~[ozone-manager-1.4.0-SNAPSHOT.jar:?]
	at org.apache.hadoop.ozone.om.OzoneManager.getBucketInfo(OzoneManager.java:2799) ~[ozone-manager-1.4.0-SNAPSHOT.jar:?]
	at org.apache.hadoop.ozone.protocolPB.OzoneManagerRequestHandler.infoBucket(OzoneManagerRequestHandler.java:561) ~[ozone-manager-1.4.0-SNAPSHOT.jar:?]
	at org.apache.hadoop.ozone.protocolPB.OzoneManagerRequestHandler.handleReadRequest(OzoneManagerRequestHandler.java:207) ~[ozone-manager-1.4.0-SNAPSHOT.jar:?]
	at org.apache.hadoop.ozone.protocolPB.OzoneManagerProtocolServerSideTranslatorPB.submitRequestDirectlyToOM(OzoneManagerProtocolServerSideTranslatorPB.java:290) ~[ozone-manager-1.4.0-SNAPSHOT.jar:?]
	at org.apache.hadoop.ozone.protocolPB.OzoneManagerProtocolServerSideTranslatorPB.processRequest(OzoneManagerProtocolServerSideTranslatorPB.java:182) ~[ozone-manager-1.4.0-SNAPSHOT.jar:?]
	at org.apache.hadoop.hdds.server.OzoneProtocolMessageDispatcher.processRequest(OzoneProtocolMessageDispatcher.java:89) [hdds-server-framework-1.4.0-SNAPSHOT.jar:?]
	at org.apache.hadoop.ozone.protocolPB.OzoneManagerProtocolServerSideTranslatorPB.submitRequest(OzoneManagerProtocolServerSideTranslatorPB.java:157) [ozone-manager-1.4.0-SNAPSHOT.jar:?]
	at org.apache.hadoop.ozone.protocol.proto.OzoneManagerProtocolProtos$OzoneManagerService$2.callBlockingMethod(OzoneManagerProtocolProtos.java) [ozone-interface-client-1.4.0-SNAPSHOT.jar:?]
	at org.apache.hadoop.ipc.ProtobufRpcEngine$Server.processCall(ProtobufRpcEngine.java:484) [hadoop-common-3.3.6.jar:?]
	at org.apache.hadoop.ipc.ProtobufRpcEngine2$Server$ProtoBufRpcInvoker.call(ProtobufRpcEngine2.java:595) [hadoop-common-3.3.6.jar:?]
	at org.apache.hadoop.ipc.ProtobufRpcEngine2$Server$ProtoBufRpcInvoker.call(ProtobufRpcEngine2.java:573) [hadoop-common-3.3.6.jar:?]
	at org.apache.hadoop.ipc.RPC$Server.call(RPC.java:1227) [hadoop-common-3.3.6.jar:?]
	at org.apache.hadoop.ipc.Server$RpcCall.run(Server.java:1094) [hadoop-common-3.3.6.jar:?]
	at org.apache.hadoop.ipc.Server$RpcCall.run(Server.java:1017) [hadoop-common-3.3.6.jar:?]
	at java.security.AccessController.doPrivileged(Native Method) ~[?:1.8.0_382]
	at javax.security.auth.Subject.doAs(Subject.java:422) [?:1.8.0_382]
	at org.apache.hadoop.security.UserGroupInformation.doAs(UserGroupInformation.java:1899) [hadoop-common-3.3.6.jar:?]
	at org.apache.hadoop.ipc.Server$Handler.run(Server.java:3048) [hadoop-common-3.3.6.jar:?]
2023-11-03 16:43:34,531 [Time-limited test] ERROR ozone.OzoneClientUtils (OzoneClientUtils.java:resolveLinkBucketLayout(85)) - Source Bucket is not found, its orphan bucket and used link bucket 4756f97d-30de-4fc5-99b9-330ada0aada8 layout LEGACY
]]></system-out>
  </testcase>
  <testcase name="testRenameDirToFile" classname="TestOzoneFileSystemWithFSO" time="0.051">
    <system-out><![CDATA[16:43:01.566 [om1-OMStateMachineApplyTransactionThread - 0] ERROR OMAudit - user=runner | ip=127.0.0.1 | op=RENAME_KEY {volume=volume13981, bucket=bucket57402, dataSize=0, replicationType=NONE, replicationFactor=ZERO, srcKey=a/b/c, dstKey=root/file1} | ret=FAILURE
org.apache.hadoop.ozone.om.exceptions.OMException: Failed to rename, key already exists root/file1
	at org.apache.hadoop.ozone.om.request.key.OMKeyRenameRequestWithFSO.validateAndUpdateCache(OMKeyRenameRequestWithFSO.java:209) ~[ozone-manager-1.4.0-SNAPSHOT.jar:?]
	at org.apache.hadoop.ozone.protocolPB.OzoneManagerRequestHandler.lambda$0(OzoneManagerRequestHandler.java:390) ~[ozone-manager-1.4.0-SNAPSHOT.jar:?]
	at org.apache.hadoop.util.MetricUtil.captureLatencyNs(MetricUtil.java:39) ~[hdds-common-1.4.0-SNAPSHOT.jar:?]
	at org.apache.hadoop.ozone.protocolPB.OzoneManagerRequestHandler.handleWriteRequest(OzoneManagerRequestHandler.java:388) ~[ozone-manager-1.4.0-SNAPSHOT.jar:?]
	at org.apache.hadoop.ozone.om.ratis.OzoneManagerStateMachine.runCommand(OzoneManagerStateMachine.java:578) ~[ozone-manager-1.4.0-SNAPSHOT.jar:?]
	at org.apache.hadoop.ozone.om.ratis.OzoneManagerStateMachine.lambda$1(OzoneManagerStateMachine.java:368) ~[ozone-manager-1.4.0-SNAPSHOT.jar:?]
	at java.util.concurrent.CompletableFuture$AsyncSupply.run(CompletableFuture.java:1604) [?:1.8.0_382]
	at java.util.concurrent.ThreadPoolExecutor.runWorker(ThreadPoolExecutor.java:1149) [?:1.8.0_382]
	at java.util.concurrent.ThreadPoolExecutor$Worker.run(ThreadPoolExecutor.java:624) [?:1.8.0_382]
	at java.lang.Thread.run(Thread.java:750) [?:1.8.0_382]
2023-11-03 16:43:01,566 [om1-OMStateMachineApplyTransactionThread - 0] ERROR key.OMKeyRenameRequestWithFSO (OMKeyRenameRequestWithFSO.java:validateAndUpdateCache(251)) - Rename key failed for volume:volume13981 bucket:bucket57402 fromKey:a/b/c toKey:root/file1. Exception: Failed to rename, key already exists root/file1.
2023-11-03 16:43:01,567 [Time-limited test] ERROR ozone.BasicOzoneFileSystem (BasicOzoneFileSystem.java:renameFSO(496)) - rename key failed: Failed to rename, key already exists root/file1. Error code: KEY_ALREADY_EXISTS source:a/b/c, destin:root/file1
]]></system-out>
  </testcase>
  <testcase name="testRenameDirToFile" classname="TestOzoneFileSystemWithFSO" time="0.027">
    <system-out><![CDATA[16:43:34.557 [IPC Server handler 8 on default port 15057] ERROR OMAudit - user=runner | ip=127.0.0.1 | op=RENAME_KEY {volume=volume80570, bucket=bucket63586, dataSize=0, replicationType=NONE, replicationFactor=ZERO, srcKey=a/b/c, dstKey=root/file1} | ret=FAILURE
org.apache.hadoop.ozone.om.exceptions.OMException: Failed to rename, key already exists root/file1
	at org.apache.hadoop.ozone.om.request.key.OMKeyRenameRequestWithFSO.validateAndUpdateCache(OMKeyRenameRequestWithFSO.java:209) ~[ozone-manager-1.4.0-SNAPSHOT.jar:?]
	at org.apache.hadoop.ozone.protocolPB.OzoneManagerRequestHandler.lambda$0(OzoneManagerRequestHandler.java:390) ~[ozone-manager-1.4.0-SNAPSHOT.jar:?]
	at org.apache.hadoop.util.MetricUtil.captureLatencyNs(MetricUtil.java:39) ~[hdds-common-1.4.0-SNAPSHOT.jar:?]
	at org.apache.hadoop.ozone.protocolPB.OzoneManagerRequestHandler.handleWriteRequest(OzoneManagerRequestHandler.java:388) ~[ozone-manager-1.4.0-SNAPSHOT.jar:?]
	at org.apache.hadoop.ozone.protocolPB.OzoneManagerProtocolServerSideTranslatorPB.submitRequestDirectlyToOM(OzoneManagerProtocolServerSideTranslatorPB.java:296) ~[ozone-manager-1.4.0-SNAPSHOT.jar:?]
	at org.apache.hadoop.ozone.protocolPB.OzoneManagerProtocolServerSideTranslatorPB.processRequest(OzoneManagerProtocolServerSideTranslatorPB.java:182) ~[ozone-manager-1.4.0-SNAPSHOT.jar:?]
	at org.apache.hadoop.hdds.server.OzoneProtocolMessageDispatcher.processRequest(OzoneProtocolMessageDispatcher.java:89) [hdds-server-framework-1.4.0-SNAPSHOT.jar:?]
	at org.apache.hadoop.ozone.protocolPB.OzoneManagerProtocolServerSideTranslatorPB.submitRequest(OzoneManagerProtocolServerSideTranslatorPB.java:157) [ozone-manager-1.4.0-SNAPSHOT.jar:?]
	at org.apache.hadoop.ozone.protocol.proto.OzoneManagerProtocolProtos$OzoneManagerService$2.callBlockingMethod(OzoneManagerProtocolProtos.java) [ozone-interface-client-1.4.0-SNAPSHOT.jar:?]
	at org.apache.hadoop.ipc.ProtobufRpcEngine$Server.processCall(ProtobufRpcEngine.java:484) [hadoop-common-3.3.6.jar:?]
	at org.apache.hadoop.ipc.ProtobufRpcEngine2$Server$ProtoBufRpcInvoker.call(ProtobufRpcEngine2.java:595) [hadoop-common-3.3.6.jar:?]
	at org.apache.hadoop.ipc.ProtobufRpcEngine2$Server$ProtoBufRpcInvoker.call(ProtobufRpcEngine2.java:573) [hadoop-common-3.3.6.jar:?]
	at org.apache.hadoop.ipc.RPC$Server.call(RPC.java:1227) [hadoop-common-3.3.6.jar:?]
	at org.apache.hadoop.ipc.Server$RpcCall.run(Server.java:1094) [hadoop-common-3.3.6.jar:?]
	at org.apache.hadoop.ipc.Server$RpcCall.run(Server.java:1017) [hadoop-common-3.3.6.jar:?]
	at java.security.AccessController.doPrivileged(Native Method) ~[?:1.8.0_382]
	at javax.security.auth.Subject.doAs(Subject.java:422) [?:1.8.0_382]
	at org.apache.hadoop.security.UserGroupInformation.doAs(UserGroupInformation.java:1899) [hadoop-common-3.3.6.jar:?]
	at org.apache.hadoop.ipc.Server$Handler.run(Server.java:3048) [hadoop-common-3.3.6.jar:?]
2023-11-03 16:43:34,558 [IPC Server handler 8 on default port 15057] ERROR key.OMKeyRenameRequestWithFSO (OMKeyRenameRequestWithFSO.java:validateAndUpdateCache(251)) - Rename key failed for volume:volume80570 bucket:bucket63586 fromKey:a/b/c toKey:root/file1. Exception: Failed to rename, key already exists root/file1.
2023-11-03 16:43:34,558 [Time-limited test] ERROR ozone.BasicOzoneFileSystem (BasicOzoneFileSystem.java:renameFSO(496)) - rename key failed: Failed to rename, key already exists root/file1. Error code: KEY_ALREADY_EXISTS source:a/b/c, destin:root/file1
]]></system-out>
  </testcase>
  <testcase name="testRenameToNewSubDirShouldNotExist" classname="TestOzoneFileSystemWithFSO" time="0.09">
    <system-out><![CDATA[16:43:01.600 [om1-OMStateMachineApplyTransactionThread - 0] ERROR OMAudit - user=runner | ip=127.0.0.1 | op=RENAME_KEY {volume=volume13981, bucket=bucket57402, dataSize=0, replicationType=NONE, replicationFactor=ZERO, srcKey=a, dstKey=b} | ret=FAILURE
org.apache.hadoop.ozone.om.exceptions.OMException: Failed to rename a to b/a, file already exists or not empty!
	at org.apache.hadoop.ozone.om.request.key.OMKeyRenameRequestWithFSO.validateAndUpdateCache(OMKeyRenameRequestWithFSO.java:196) ~[ozone-manager-1.4.0-SNAPSHOT.jar:?]
	at org.apache.hadoop.ozone.protocolPB.OzoneManagerRequestHandler.lambda$0(OzoneManagerRequestHandler.java:390) ~[ozone-manager-1.4.0-SNAPSHOT.jar:?]
	at org.apache.hadoop.util.MetricUtil.captureLatencyNs(MetricUtil.java:39) ~[hdds-common-1.4.0-SNAPSHOT.jar:?]
	at org.apache.hadoop.ozone.protocolPB.OzoneManagerRequestHandler.handleWriteRequest(OzoneManagerRequestHandler.java:388) ~[ozone-manager-1.4.0-SNAPSHOT.jar:?]
	at org.apache.hadoop.ozone.om.ratis.OzoneManagerStateMachine.runCommand(OzoneManagerStateMachine.java:578) ~[ozone-manager-1.4.0-SNAPSHOT.jar:?]
	at org.apache.hadoop.ozone.om.ratis.OzoneManagerStateMachine.lambda$1(OzoneManagerStateMachine.java:368) ~[ozone-manager-1.4.0-SNAPSHOT.jar:?]
	at java.util.concurrent.CompletableFuture$AsyncSupply.run(CompletableFuture.java:1604) [?:1.8.0_382]
	at java.util.concurrent.ThreadPoolExecutor.runWorker(ThreadPoolExecutor.java:1149) [?:1.8.0_382]
	at java.util.concurrent.ThreadPoolExecutor$Worker.run(ThreadPoolExecutor.java:624) [?:1.8.0_382]
	at java.lang.Thread.run(Thread.java:750) [?:1.8.0_382]
2023-11-03 16:43:01,600 [om1-OMStateMachineApplyTransactionThread - 0] ERROR key.OMKeyRenameRequestWithFSO (OMKeyRenameRequestWithFSO.java:validateAndUpdateCache(251)) - Rename key failed for volume:volume13981 bucket:bucket57402 fromKey:a toKey:b. Exception: Failed to rename a to b/a, file already exists or not empty!.
2023-11-03 16:43:01,602 [Time-limited test] ERROR ozone.BasicOzoneFileSystem (BasicOzoneFileSystem.java:renameFSO(496)) - rename key failed: Failed to rename a to b/a, file already exists or not empty!. Error code: KEY_ALREADY_EXISTS source:a, destin:b
16:43:01.635 [om1-OMStateMachineApplyTransactionThread - 0] ERROR OMAudit - user=runner | ip=127.0.0.1 | op=RENAME_KEY {volume=volume13981, bucket=bucket57402, dataSize=0, replicationType=NONE, replicationFactor=ZERO, srcKey=file1, dstKey=a} | ret=FAILURE
org.apache.hadoop.ozone.om.exceptions.OMException: Failed to rename file1 to a/file1, file already exists or not empty!
	at org.apache.hadoop.ozone.om.request.key.OMKeyRenameRequestWithFSO.validateAndUpdateCache(OMKeyRenameRequestWithFSO.java:196) ~[ozone-manager-1.4.0-SNAPSHOT.jar:?]
	at org.apache.hadoop.ozone.protocolPB.OzoneManagerRequestHandler.lambda$0(OzoneManagerRequestHandler.java:390) ~[ozone-manager-1.4.0-SNAPSHOT.jar:?]
	at org.apache.hadoop.util.MetricUtil.captureLatencyNs(MetricUtil.java:39) ~[hdds-common-1.4.0-SNAPSHOT.jar:?]
	at org.apache.hadoop.ozone.protocolPB.OzoneManagerRequestHandler.handleWriteRequest(OzoneManagerRequestHandler.java:388) ~[ozone-manager-1.4.0-SNAPSHOT.jar:?]
	at org.apache.hadoop.ozone.om.ratis.OzoneManagerStateMachine.runCommand(OzoneManagerStateMachine.java:578) ~[ozone-manager-1.4.0-SNAPSHOT.jar:?]
	at org.apache.hadoop.ozone.om.ratis.OzoneManagerStateMachine.lambda$1(OzoneManagerStateMachine.java:368) ~[ozone-manager-1.4.0-SNAPSHOT.jar:?]
	at java.util.concurrent.CompletableFuture$AsyncSupply.run(CompletableFuture.java:1604) [?:1.8.0_382]
	at java.util.concurrent.ThreadPoolExecutor.runWorker(ThreadPoolExecutor.java:1149) [?:1.8.0_382]
	at java.util.concurrent.ThreadPoolExecutor$Worker.run(ThreadPoolExecutor.java:624) [?:1.8.0_382]
	at java.lang.Thread.run(Thread.java:750) [?:1.8.0_382]
2023-11-03 16:43:01,635 [om1-OMStateMachineApplyTransactionThread - 0] ERROR key.OMKeyRenameRequestWithFSO (OMKeyRenameRequestWithFSO.java:validateAndUpdateCache(251)) - Rename key failed for volume:volume13981 bucket:bucket57402 fromKey:file1 toKey:a. Exception: Failed to rename file1 to a/file1, file already exists or not empty!.
2023-11-03 16:43:01,636 [Time-limited test] ERROR ozone.BasicOzoneFileSystem (BasicOzoneFileSystem.java:renameFSO(496)) - rename key failed: Failed to rename file1 to a/file1, file already exists or not empty!. Error code: KEY_ALREADY_EXISTS source:file1, destin:a
]]></system-out>
  </testcase>
  <testcase name="testRenameToNewSubDirShouldNotExist" classname="TestOzoneFileSystemWithFSO" time="0.049">
    <system-out><![CDATA[16:43:34.576 [IPC Server handler 15 on default port 15057] ERROR OMAudit - user=runner | ip=127.0.0.1 | op=RENAME_KEY {volume=volume80570, bucket=bucket63586, dataSize=0, replicationType=NONE, replicationFactor=ZERO, srcKey=a, dstKey=b} | ret=FAILURE
org.apache.hadoop.ozone.om.exceptions.OMException: Failed to rename a to b/a, file already exists or not empty!
	at org.apache.hadoop.ozone.om.request.key.OMKeyRenameRequestWithFSO.validateAndUpdateCache(OMKeyRenameRequestWithFSO.java:196) ~[ozone-manager-1.4.0-SNAPSHOT.jar:?]
	at org.apache.hadoop.ozone.protocolPB.OzoneManagerRequestHandler.lambda$0(OzoneManagerRequestHandler.java:390) ~[ozone-manager-1.4.0-SNAPSHOT.jar:?]
	at org.apache.hadoop.util.MetricUtil.captureLatencyNs(MetricUtil.java:39) ~[hdds-common-1.4.0-SNAPSHOT.jar:?]
	at org.apache.hadoop.ozone.protocolPB.OzoneManagerRequestHandler.handleWriteRequest(OzoneManagerRequestHandler.java:388) ~[ozone-manager-1.4.0-SNAPSHOT.jar:?]
	at org.apache.hadoop.ozone.protocolPB.OzoneManagerProtocolServerSideTranslatorPB.submitRequestDirectlyToOM(OzoneManagerProtocolServerSideTranslatorPB.java:296) ~[ozone-manager-1.4.0-SNAPSHOT.jar:?]
	at org.apache.hadoop.ozone.protocolPB.OzoneManagerProtocolServerSideTranslatorPB.processRequest(OzoneManagerProtocolServerSideTranslatorPB.java:182) ~[ozone-manager-1.4.0-SNAPSHOT.jar:?]
	at org.apache.hadoop.hdds.server.OzoneProtocolMessageDispatcher.processRequest(OzoneProtocolMessageDispatcher.java:89) [hdds-server-framework-1.4.0-SNAPSHOT.jar:?]
	at org.apache.hadoop.ozone.protocolPB.OzoneManagerProtocolServerSideTranslatorPB.submitRequest(OzoneManagerProtocolServerSideTranslatorPB.java:157) [ozone-manager-1.4.0-SNAPSHOT.jar:?]
	at org.apache.hadoop.ozone.protocol.proto.OzoneManagerProtocolProtos$OzoneManagerService$2.callBlockingMethod(OzoneManagerProtocolProtos.java) [ozone-interface-client-1.4.0-SNAPSHOT.jar:?]
	at org.apache.hadoop.ipc.ProtobufRpcEngine$Server.processCall(ProtobufRpcEngine.java:484) [hadoop-common-3.3.6.jar:?]
	at org.apache.hadoop.ipc.ProtobufRpcEngine2$Server$ProtoBufRpcInvoker.call(ProtobufRpcEngine2.java:595) [hadoop-common-3.3.6.jar:?]
	at org.apache.hadoop.ipc.ProtobufRpcEngine2$Server$ProtoBufRpcInvoker.call(ProtobufRpcEngine2.java:573) [hadoop-common-3.3.6.jar:?]
	at org.apache.hadoop.ipc.RPC$Server.call(RPC.java:1227) [hadoop-common-3.3.6.jar:?]
	at org.apache.hadoop.ipc.Server$RpcCall.run(Server.java:1094) [hadoop-common-3.3.6.jar:?]
	at org.apache.hadoop.ipc.Server$RpcCall.run(Server.java:1017) [hadoop-common-3.3.6.jar:?]
	at java.security.AccessController.doPrivileged(Native Method) ~[?:1.8.0_382]
	at javax.security.auth.Subject.doAs(Subject.java:422) [?:1.8.0_382]
	at org.apache.hadoop.security.UserGroupInformation.doAs(UserGroupInformation.java:1899) [hadoop-common-3.3.6.jar:?]
	at org.apache.hadoop.ipc.Server$Handler.run(Server.java:3048) [hadoop-common-3.3.6.jar:?]
2023-11-03 16:43:34,581 [IPC Server handler 15 on default port 15057] ERROR key.OMKeyRenameRequestWithFSO (OMKeyRenameRequestWithFSO.java:validateAndUpdateCache(251)) - Rename key failed for volume:volume80570 bucket:bucket63586 fromKey:a toKey:b. Exception: Failed to rename a to b/a, file already exists or not empty!.
2023-11-03 16:43:34,582 [Time-limited test] ERROR ozone.BasicOzoneFileSystem (BasicOzoneFileSystem.java:renameFSO(496)) - rename key failed: Failed to rename a to b/a, file already exists or not empty!. Error code: KEY_ALREADY_EXISTS source:a, destin:b
16:43:34.602 [IPC Server handler 18 on default port 15057] ERROR OMAudit - user=runner | ip=127.0.0.1 | op=RENAME_KEY {volume=volume80570, bucket=bucket63586, dataSize=0, replicationType=NONE, replicationFactor=ZERO, srcKey=file1, dstKey=a} | ret=FAILURE
org.apache.hadoop.ozone.om.exceptions.OMException: Failed to rename file1 to a/file1, file already exists or not empty!
	at org.apache.hadoop.ozone.om.request.key.OMKeyRenameRequestWithFSO.validateAndUpdateCache(OMKeyRenameRequestWithFSO.java:196) ~[ozone-manager-1.4.0-SNAPSHOT.jar:?]
	at org.apache.hadoop.ozone.protocolPB.OzoneManagerRequestHandler.lambda$0(OzoneManagerRequestHandler.java:390) ~[ozone-manager-1.4.0-SNAPSHOT.jar:?]
	at org.apache.hadoop.util.MetricUtil.captureLatencyNs(MetricUtil.java:39) ~[hdds-common-1.4.0-SNAPSHOT.jar:?]
	at org.apache.hadoop.ozone.protocolPB.OzoneManagerRequestHandler.handleWriteRequest(OzoneManagerRequestHandler.java:388) ~[ozone-manager-1.4.0-SNAPSHOT.jar:?]
	at org.apache.hadoop.ozone.protocolPB.OzoneManagerProtocolServerSideTranslatorPB.submitRequestDirectlyToOM(OzoneManagerProtocolServerSideTranslatorPB.java:296) ~[ozone-manager-1.4.0-SNAPSHOT.jar:?]
	at org.apache.hadoop.ozone.protocolPB.OzoneManagerProtocolServerSideTranslatorPB.processRequest(OzoneManagerProtocolServerSideTranslatorPB.java:182) ~[ozone-manager-1.4.0-SNAPSHOT.jar:?]
	at org.apache.hadoop.hdds.server.OzoneProtocolMessageDispatcher.processRequest(OzoneProtocolMessageDispatcher.java:89) [hdds-server-framework-1.4.0-SNAPSHOT.jar:?]
	at org.apache.hadoop.ozone.protocolPB.OzoneManagerProtocolServerSideTranslatorPB.submitRequest(OzoneManagerProtocolServerSideTranslatorPB.java:157) [ozone-manager-1.4.0-SNAPSHOT.jar:?]
	at org.apache.hadoop.ozone.protocol.proto.OzoneManagerProtocolProtos$OzoneManagerService$2.callBlockingMethod(OzoneManagerProtocolProtos.java) [ozone-interface-client-1.4.0-SNAPSHOT.jar:?]
	at org.apache.hadoop.ipc.ProtobufRpcEngine$Server.processCall(ProtobufRpcEngine.java:484) [hadoop-common-3.3.6.jar:?]
	at org.apache.hadoop.ipc.ProtobufRpcEngine2$Server$ProtoBufRpcInvoker.call(ProtobufRpcEngine2.java:595) [hadoop-common-3.3.6.jar:?]
	at org.apache.hadoop.ipc.ProtobufRpcEngine2$Server$ProtoBufRpcInvoker.call(ProtobufRpcEngine2.java:573) [hadoop-common-3.3.6.jar:?]
	at org.apache.hadoop.ipc.RPC$Server.call(RPC.java:1227) [hadoop-common-3.3.6.jar:?]
	at org.apache.hadoop.ipc.Server$RpcCall.run(Server.java:1094) [hadoop-common-3.3.6.jar:?]
	at org.apache.hadoop.ipc.Server$RpcCall.run(Server.java:1017) [hadoop-common-3.3.6.jar:?]
	at java.security.AccessController.doPrivileged(Native Method) ~[?:1.8.0_382]
	at javax.security.auth.Subject.doAs(Subject.java:422) [?:1.8.0_382]
	at org.apache.hadoop.security.UserGroupInformation.doAs(UserGroupInformation.java:1899) [hadoop-common-3.3.6.jar:?]
	at org.apache.hadoop.ipc.Server$Handler.run(Server.java:3048) [hadoop-common-3.3.6.jar:?]
2023-11-03 16:43:34,602 [IPC Server handler 18 on default port 15057] ERROR key.OMKeyRenameRequestWithFSO (OMKeyRenameRequestWithFSO.java:validateAndUpdateCache(251)) - Rename key failed for volume:volume80570 bucket:bucket63586 fromKey:file1 toKey:a. Exception: Failed to rename file1 to a/file1, file already exists or not empty!.
2023-11-03 16:43:34,603 [Time-limited test] ERROR ozone.BasicOzoneFileSystem (BasicOzoneFileSystem.java:renameFSO(496)) - rename key failed: Failed to rename file1 to a/file1, file already exists or not empty!. Error code: KEY_ALREADY_EXISTS source:file1, destin:a
]]></system-out>
  </testcase>
  <testcase name="testListStatusOnLargeDirectoryForACLCheck" classname="TestOzoneFileSystemWithFSO" time="6.81"/>
  <testcase name="testListStatusOnLargeDirectoryForACLCheck" classname="TestOzoneFileSystemWithFSO" time="4.807">
    <system-out><![CDATA[2023-11-03 16:43:37,761 [JvmPauseMonitor7] WARN  util.JvmPauseMonitor (JvmPauseMonitor.java:detectPause(124)) - JvmPauseMonitor-154f0a0b-bb72-46df-9035-a9a6298984f4: Detected pause in JVM or host machine approximately 0.126s with 0.152s GC time.
GC pool 'PS Scavenge' had collection(s): count=1 time=152ms
]]></system-out>
  </testcase>
  <testcase name="testRenameFileToDir" classname="TestOzoneFileSystemWithFSO" time="0.03"/>
  <testcase name="testRenameFileToDir" classname="TestOzoneFileSystemWithFSO" time="0.028"/>
  <testcase name="testListStatusWithIntermediateDirWithECEnabled" classname="TestOzoneFileSystemWithFSO" time="0.033">
    <system-out><![CDATA[2023-11-03 16:43:08,520 [IPC Server handler 10 on default port 15001] INFO  algorithms.SCMContainerPlacementRackScatter (SCMContainerPlacementRackScatter.java:chooseDatanodesInternal(370)) - Chosen nodes: [ffeddd1f-af09-4c2e-97a1-be5caae46423(fv-az292-536.tqgtyn10aqxuxoi0mkfbldi5vh.jx.internal.cloudapp.net/10.1.0.19), 84f1a9c9-622e-41e0-8205-2fe147efcf79(fv-az292-536.tqgtyn10aqxuxoi0mkfbldi5vh.jx.internal.cloudapp.net/10.1.0.19), 218a95d8-d531-49de-9be4-7ae556dd2030(fv-az292-536.tqgtyn10aqxuxoi0mkfbldi5vh.jx.internal.cloudapp.net/10.1.0.19), 295b1274-f2e5-4e31-840f-0ca171e7cc13(fv-az292-536.tqgtyn10aqxuxoi0mkfbldi5vh.jx.internal.cloudapp.net/10.1.0.19), 1bfede41-9497-419c-b91f-2116896991e0(fv-az292-536.tqgtyn10aqxuxoi0mkfbldi5vh.jx.internal.cloudapp.net/10.1.0.19)]. isPolicySatisfied: true.
2023-11-03 16:43:08,523 [IPC Server handler 10 on default port 15001] INFO  pipeline.WritableECContainerProvider (WritableECContainerProvider.java:allocateContainer(211)) - Created and opened new pipeline Pipeline[ Id: ab6dc579-3c35-4437-874b-6e66665d70e6, Nodes: ffeddd1f-af09-4c2e-97a1-be5caae46423(fv-az292-536.tqgtyn10aqxuxoi0mkfbldi5vh.jx.internal.cloudapp.net/10.1.0.19)84f1a9c9-622e-41e0-8205-2fe147efcf79(fv-az292-536.tqgtyn10aqxuxoi0mkfbldi5vh.jx.internal.cloudapp.net/10.1.0.19)218a95d8-d531-49de-9be4-7ae556dd2030(fv-az292-536.tqgtyn10aqxuxoi0mkfbldi5vh.jx.internal.cloudapp.net/10.1.0.19)295b1274-f2e5-4e31-840f-0ca171e7cc13(fv-az292-536.tqgtyn10aqxuxoi0mkfbldi5vh.jx.internal.cloudapp.net/10.1.0.19)1bfede41-9497-419c-b91f-2116896991e0(fv-az292-536.tqgtyn10aqxuxoi0mkfbldi5vh.jx.internal.cloudapp.net/10.1.0.19), ReplicationConfig: EC{rs-3-2-1024k}, State:ALLOCATED, leaderId:, CreationTimestamp2023-11-03T16:43:08.521Z[Etc/UTC]]
]]></system-out>
  </testcase>
  <testcase name="testListStatusWithIntermediateDirWithECEnabled" classname="TestOzoneFileSystemWithFSO" time="0.028">
    <system-out><![CDATA[2023-11-03 16:43:39,458 [IPC Server handler 10 on default port 15054] INFO  algorithms.SCMContainerPlacementRackScatter (SCMContainerPlacementRackScatter.java:chooseDatanodesInternal(370)) - Chosen nodes: [dd2982df-a250-4a7e-97ea-3bf70e3641e6(fv-az292-536.tqgtyn10aqxuxoi0mkfbldi5vh.jx.internal.cloudapp.net/10.1.0.19), 0f26992e-6b31-4649-88a0-952aab043ba5(fv-az292-536.tqgtyn10aqxuxoi0mkfbldi5vh.jx.internal.cloudapp.net/10.1.0.19), eb78666f-144a-4911-8bcc-69658dd2d46c(fv-az292-536.tqgtyn10aqxuxoi0mkfbldi5vh.jx.internal.cloudapp.net/10.1.0.19), 349d905f-d502-4286-9c03-ebe0308a99ac(fv-az292-536.tqgtyn10aqxuxoi0mkfbldi5vh.jx.internal.cloudapp.net/10.1.0.19), bfef2556-1a9a-4d4c-8661-c047d39fc87f(fv-az292-536.tqgtyn10aqxuxoi0mkfbldi5vh.jx.internal.cloudapp.net/10.1.0.19)]. isPolicySatisfied: true.
2023-11-03 16:43:39,460 [IPC Server handler 10 on default port 15054] INFO  pipeline.WritableECContainerProvider (WritableECContainerProvider.java:allocateContainer(211)) - Created and opened new pipeline Pipeline[ Id: 2b3dbd7e-6b2c-4dc6-bb60-4c9f424c47b9, Nodes: dd2982df-a250-4a7e-97ea-3bf70e3641e6(fv-az292-536.tqgtyn10aqxuxoi0mkfbldi5vh.jx.internal.cloudapp.net/10.1.0.19)0f26992e-6b31-4649-88a0-952aab043ba5(fv-az292-536.tqgtyn10aqxuxoi0mkfbldi5vh.jx.internal.cloudapp.net/10.1.0.19)eb78666f-144a-4911-8bcc-69658dd2d46c(fv-az292-536.tqgtyn10aqxuxoi0mkfbldi5vh.jx.internal.cloudapp.net/10.1.0.19)349d905f-d502-4286-9c03-ebe0308a99ac(fv-az292-536.tqgtyn10aqxuxoi0mkfbldi5vh.jx.internal.cloudapp.net/10.1.0.19)bfef2556-1a9a-4d4c-8661-c047d39fc87f(fv-az292-536.tqgtyn10aqxuxoi0mkfbldi5vh.jx.internal.cloudapp.net/10.1.0.19), ReplicationConfig: EC{rs-3-2-1024k}, State:ALLOCATED, leaderId:, CreationTimestamp2023-11-03T16:43:39.458Z[Etc/UTC]]
]]></system-out>
  </testcase>
  <testcase name="testMakeDirsWithAnExistingDirectoryPath" classname="TestOzoneFileSystemWithFSO" time="0.026"/>
  <testcase name="testMakeDirsWithAnExistingDirectoryPath" classname="TestOzoneFileSystemWithFSO" time="0.018"/>
  <testcase name="testSetTimes" classname="TestOzoneFileSystemWithFSO" time="0.216"/>
  <testcase name="testSetTimes" classname="TestOzoneFileSystemWithFSO" time="0.177"/>
</testsuite>