<?xml version="1.0" encoding="UTF-8"?>
<testsuite xmlns:xsi="http://www.w3.org/2001/XMLSchema-instance" xsi:noNamespaceSchemaLocation="https://maven.apache.org/surefire/maven-surefire-plugin/xsd/surefire-test-report.xsd" name="org.apache.hadoop.ozone.scm.node.TestDecommissionAndMaintenance" time="465.379" tests="11" errors="0" skipped="0" failures="1">
  <properties>
    <property name="awt.toolkit" value="sun.awt.X11.XToolkit"/>
    <property name="file.encoding.pkg" value="sun.io"/>
    <property name="java.specification.version" value="1.8"/>
    <property name="sun.cpu.isalist" value=""/>
    <property name="sun.jnu.encoding" value="ANSI_X3.4-1968"/>
    <property name="java.class.path" value="/github/workspace/mnt/ozone/hadoop-ozone/integration-test/target/test-classes:/github/workspace/mnt/ozone/hadoop-ozone/integration-test/target/classes:/home/user/.m2/repository/org/apache/hadoop/hadoop-ozone-common/1.1.0-SNAPSHOT/hadoop-ozone-common-1.1.0-SNAPSHOT.jar:/home/user/.m2/repository/org/apache/commons/commons-compress/1.4.1/commons-compress-1.4.1.jar:/home/user/.m2/repository/org/tukaani/xz/1.0/xz-1.0.jar:/home/user/.m2/repository/org/apache/hadoop/hadoop-hdds-common/1.1.0-SNAPSHOT/hadoop-hdds-common-1.1.0-SNAPSHOT.jar:/home/user/.m2/repository/org/apache/hadoop/hadoop-hdds-client/1.1.0-SNAPSHOT/hadoop-hdds-client-1.1.0-SNAPSHOT.jar:/home/user/.m2/repository/org/apache/hadoop/hadoop-ozone-interface-client/1.1.0-SNAPSHOT/hadoop-ozone-interface-client-1.1.0-SNAPSHOT.jar:/home/user/.m2/repository/org/apache/hadoop/hadoop-hdds-test-utils/1.1.0-SNAPSHOT/hadoop-hdds-test-utils-1.1.0-SNAPSHOT.jar:/home/user/.m2/repository/com/google/guava/guava/28.2-jre/guava-28.2-jre.jar:/home/user/.m2/repository/com/google/guava/failureaccess/1.0.1/failureaccess-1.0.1.jar:/home/user/.m2/repository/com/google/guava/listenablefuture/9999.0-empty-to-avoid-conflict-with-guava/listenablefuture-9999.0-empty-to-avoid-conflict-with-guava.jar:/home/user/.m2/repository/com/google/code/findbugs/jsr305/3.0.0/jsr305-3.0.0.jar:/home/user/.m2/repository/org/checkerframework/checker-qual/2.10.0/checker-qual-2.10.0.jar:/home/user/.m2/repository/com/google/errorprone/error_prone_annotations/2.2.0/error_prone_annotations-2.2.0.jar:/home/user/.m2/repository/com/google/j2objc/j2objc-annotations/1.3/j2objc-annotations-1.3.jar:/home/user/.m2/repository/commons-io/commons-io/2.5/commons-io-2.5.jar:/home/user/.m2/repository/commons-logging/commons-logging/1.2/commons-logging-1.2.jar:/home/user/.m2/repository/log4j/log4j/1.2.17/log4j-1.2.17.jar:/home/user/.m2/repository/org/slf4j/slf4j-api/1.7.30/slf4j-api-1.7.30.jar:/home/user/.m2/repository/org/apache/hadoop/hadoop-hdds-server-scm/1.1.0-SNAPSHOT/hadoop-hdds-server-scm-1.1.0-SNAPSHOT.jar:/home/user/.m2/repository/org/apache/hadoop/hadoop-hdds-container-service/1.1.0-SNAPSHOT/hadoop-hdds-container-service-1.1.0-SNAPSHOT.jar:/home/user/.m2/repository/org/apache/hadoop/hadoop-hdds-hadoop-dependency-server/1.1.0-SNAPSHOT/hadoop-hdds-hadoop-dependency-server-1.1.0-SNAPSHOT.jar:/home/user/.m2/repository/org/apache/hadoop/hadoop-hdfs/3.2.1/hadoop-hdfs-3.2.1.jar:/home/user/.m2/repository/org/apache/hadoop/hadoop-hdds-server-framework/1.1.0-SNAPSHOT/hadoop-hdds-server-framework-1.1.0-SNAPSHOT.jar:/home/user/.m2/repository/org/apache/hadoop/hadoop-hdds-interface-server/1.1.0-SNAPSHOT/hadoop-hdds-interface-server-1.1.0-SNAPSHOT.jar:/home/user/.m2/repository/org/apache/hadoop/hadoop-hdds-interface-admin/1.1.0-SNAPSHOT/hadoop-hdds-interface-admin-1.1.0-SNAPSHOT.jar:/home/user/.m2/repository/org/eclipse/jetty/jetty-servlet/9.4.34.v20201102/jetty-servlet-9.4.34.v20201102.jar:/home/user/.m2/repository/org/eclipse/jetty/jetty-security/9.4.34.v20201102/jetty-security-9.4.34.v20201102.jar:/home/user/.m2/repository/org/rocksdb/rocksdbjni/6.8.1/rocksdbjni-6.8.1.jar:/home/user/.m2/repository/io/prometheus/simpleclient_dropwizard/0.7.0/simpleclient_dropwizard-0.7.0.jar:/home/user/.m2/repository/io/prometheus/simpleclient/0.7.0/simpleclient-0.7.0.jar:/home/user/.m2/repository/io/prometheus/simpleclient_common/0.7.0/simpleclient_common-0.7.0.jar:/home/user/.m2/repository/com/fasterxml/jackson/datatype/jackson-datatype-jsr310/2.10.3/jackson-datatype-jsr310-2.10.3.jar:/home/user/.m2/repository/io/dropwizard/metrics/metrics-core/3.2.4/metrics-core-3.2.4.jar:/home/user/.m2/repository/org/apache/hadoop/hadoop-hdfs-client/3.2.1/hadoop-hdfs-client-3.2.1.jar:/home/user/.m2/repository/org/bouncycastle/bcprov-jdk15on/1.67/bcprov-jdk15on-1.67.jar:/home/user/.m2/repository/org/apache/hadoop/hadoop-ozone-ozone-manager/1.1.0-SNAPSHOT/hadoop-ozone-ozone-manager-1.1.0-SNAPSHOT.jar:/home/user/.m2/repository/org/apache/hadoop/hadoop-hdds-interface-client/1.1.0-SNAPSHOT/hadoop-hdds-interface-client-1.1.0-SNAPSHOT.jar:/home/user/.m2/repository/org/apache/ratis/ratis-thirdparty-misc/0.6.0-SNAPSHOT/ratis-thirdparty-misc-0.6.0-SNAPSHOT.jar:/home/user/.m2/repository/org/apache/hadoop/hadoop-ozone-interface-storage/1.1.0-SNAPSHOT/hadoop-ozone-interface-storage-1.1.0-SNAPSHOT.jar:/home/user/.m2/repository/org/apache/hadoop/hadoop-minikdc/3.2.1/hadoop-minikdc-3.2.1.jar:/home/user/.m2/repository/org/apache/kerby/kerb-simplekdc/1.0.1/kerb-simplekdc-1.0.1.jar:/home/user/.m2/repository/org/apache/kerby/kerb-client/1.0.1/kerb-client-1.0.1.jar:/home/user/.m2/repository/org/apache/kerby/kerby-config/1.0.1/kerby-config-1.0.1.jar:/home/user/.m2/repository/org/apache/kerby/kerb-core/1.0.1/kerb-core-1.0.1.jar:/home/user/.m2/repository/org/apache/kerby/kerby-pkix/1.0.1/kerby-pkix-1.0.1.jar:/home/user/.m2/repository/org/apache/kerby/kerby-asn1/1.0.1/kerby-asn1-1.0.1.jar:/home/user/.m2/repository/org/apache/kerby/kerby-util/1.0.1/kerby-util-1.0.1.jar:/home/user/.m2/repository/org/apache/kerby/kerb-common/1.0.1/kerb-common-1.0.1.jar:/home/user/.m2/repository/org/apache/kerby/kerb-crypto/1.0.1/kerb-crypto-1.0.1.jar:/home/user/.m2/repository/org/apache/kerby/kerb-util/1.0.1/kerb-util-1.0.1.jar:/home/user/.m2/repository/org/apache/kerby/token-provider/1.0.1/token-provider-1.0.1.jar:/home/user/.m2/repository/org/apache/kerby/kerb-admin/1.0.1/kerb-admin-1.0.1.jar:/home/user/.m2/repository/org/apache/kerby/kerb-server/1.0.1/kerb-server-1.0.1.jar:/home/user/.m2/repository/org/apache/kerby/kerb-identity/1.0.1/kerb-identity-1.0.1.jar:/home/user/.m2/repository/org/apache/kerby/kerby-xdr/1.0.1/kerby-xdr-1.0.1.jar:/home/user/.m2/repository/org/slf4j/slf4j-log4j12/1.7.30/slf4j-log4j12-1.7.30.jar:/home/user/.m2/repository/org/apache/hadoop/hadoop-ozone-s3gateway/1.1.0-SNAPSHOT/hadoop-ozone-s3gateway-1.1.0-SNAPSHOT.jar:/home/user/.m2/repository/org/jboss/weld/servlet/weld-servlet/2.4.7.Final/weld-servlet-2.4.7.Final.jar:/home/user/.m2/repository/org/glassfish/jersey/containers/jersey-container-servlet-core/2.27/jersey-container-servlet-core-2.27.jar:/home/user/.m2/repository/org/glassfish/hk2/external/javax.inject/2.5.0-b42/javax.inject-2.5.0-b42.jar:/home/user/.m2/repository/org/glassfish/jersey/core/jersey-common/2.27/jersey-common-2.27.jar:/home/user/.m2/repository/org/glassfish/hk2/osgi-resource-locator/1.0.1/osgi-resource-locator-1.0.1.jar:/home/user/.m2/repository/javax/ws/rs/javax.ws.rs-api/2.1/javax.ws.rs-api-2.1.jar:/home/user/.m2/repository/org/glassfish/jersey/ext/cdi/jersey-cdi1x/2.27/jersey-cdi1x-2.27.jar:/home/user/.m2/repository/org/glassfish/jersey/inject/jersey-hk2/2.27/jersey-hk2-2.27.jar:/home/user/.m2/repository/org/glassfish/hk2/hk2-locator/2.5.0-b42/hk2-locator-2.5.0-b42.jar:/home/user/.m2/repository/org/javassist/javassist/3.22.0-CR2/javassist-3.22.0-CR2.jar:/home/user/.m2/repository/org/glassfish/hk2/hk2-api/2.5.0/hk2-api-2.5.0.jar:/home/user/.m2/repository/org/glassfish/hk2/external/jakarta.inject/2.5.0/jakarta.inject-2.5.0.jar:/home/user/.m2/repository/org/glassfish/hk2/hk2-utils/2.5.0/hk2-utils-2.5.0.jar:/home/user/.m2/repository/jakarta/annotation/jakarta.annotation-api/1.3.4/jakarta.annotation-api-1.3.4.jar:/home/user/.m2/repository/org/glassfish/hk2/external/aopalliance-repackaged/2.5.0/aopalliance-repackaged-2.5.0.jar:/home/user/.m2/repository/com/fasterxml/jackson/dataformat/jackson-dataformat-xml/2.10.3/jackson-dataformat-xml-2.10.3.jar:/home/user/.m2/repository/com/fasterxml/jackson/core/jackson-core/2.10.3/jackson-core-2.10.3.jar:/home/user/.m2/repository/com/fasterxml/jackson/module/jackson-module-jaxb-annotations/2.10.3/jackson-module-jaxb-annotations-2.10.3.jar:/home/user/.m2/repository/jakarta/xml/bind/jakarta.xml.bind-api/2.3.2/jakarta.xml.bind-api-2.3.2.jar:/home/user/.m2/repository/jakarta/activation/jakarta.activation-api/1.2.1/jakarta.activation-api-1.2.1.jar:/home/user/.m2/repository/org/codehaus/woodstox/stax2-api/3.1.4/stax2-api-3.1.4.jar:/home/user/.m2/repository/com/fasterxml/woodstox/woodstox-core/5.0.3/woodstox-core-5.0.3.jar:/home/user/.m2/repository/javax/enterprise/cdi-api/1.2/cdi-api-1.2.jar:/home/user/.m2/repository/javax/el/javax.el-api/3.0.0/javax.el-api-3.0.0.jar:/home/user/.m2/repository/javax/interceptor/javax.interceptor-api/1.2/javax.interceptor-api-1.2.jar:/home/user/.m2/repository/javax/inject/javax.inject/1/javax.inject-1.jar:/home/user/.m2/repository/com/sun/xml/bind/jaxb-impl/2.3.0.1/jaxb-impl-2.3.0.1.jar:/home/user/.m2/repository/com/sun/xml/bind/jaxb-core/2.3.0.1/jaxb-core-2.3.0.1.jar:/home/user/.m2/repository/javax/xml/bind/jaxb-api/2.3.0/jaxb-api-2.3.0.jar:/home/user/.m2/repository/javax/activation/activation/1.1.1/activation-1.1.1.jar:/home/user/.m2/repository/org/apache/hadoop/hadoop-ozone-csi/1.1.0-SNAPSHOT/hadoop-ozone-csi-1.1.0-SNAPSHOT.jar:/home/user/.m2/repository/com/google/protobuf/protobuf-java-util/3.11.0/protobuf-java-util-3.11.0.jar:/home/user/.m2/repository/com/google/code/gson/gson/2.2.4/gson-2.2.4.jar:/home/user/.m2/repository/org/apache/hadoop/hadoop-hdds-config/1.1.0-SNAPSHOT/hadoop-hdds-config-1.1.0-SNAPSHOT.jar:/home/user/.m2/repository/com/google/protobuf/protobuf-java/2.5.0/protobuf-java-2.5.0.jar:/home/user/.m2/repository/io/grpc/grpc-netty/1.29.0/grpc-netty-1.29.0.jar:/home/user/.m2/repository/io/grpc/grpc-core/1.29.0/grpc-core-1.29.0.jar:/home/user/.m2/repository/com/google/android/annotations/4.1.1.4/annotations-4.1.1.4.jar:/home/user/.m2/repository/io/perfmark/perfmark-api/0.19.0/perfmark-api-0.19.0.jar:/home/user/.m2/repository/io/netty/netty-codec-http2/4.1.48.Final/netty-codec-http2-4.1.48.Final.jar:/home/user/.m2/repository/io/netty/netty-codec/4.1.48.Final/netty-codec-4.1.48.Final.jar:/home/user/.m2/repository/io/netty/netty-handler/4.1.48.Final/netty-handler-4.1.48.Final.jar:/home/user/.m2/repository/io/netty/netty-codec-http/4.1.48.Final/netty-codec-http-4.1.48.Final.jar:/home/user/.m2/repository/io/netty/netty-handler-proxy/4.1.48.Final/netty-handler-proxy-4.1.48.Final.jar:/home/user/.m2/repository/io/netty/netty-codec-socks/4.1.48.Final/netty-codec-socks-4.1.48.Final.jar:/home/user/.m2/repository/io/netty/netty-transport-native-epoll/4.1.48.Final/netty-transport-native-epoll-4.1.48.Final.jar:/home/user/.m2/repository/io/netty/netty-common/4.1.48.Final/netty-common-4.1.48.Final.jar:/home/user/.m2/repository/io/netty/netty-buffer/4.1.48.Final/netty-buffer-4.1.48.Final.jar:/home/user/.m2/repository/io/netty/netty-transport/4.1.48.Final/netty-transport-4.1.48.Final.jar:/home/user/.m2/repository/io/netty/netty-resolver/4.1.48.Final/netty-resolver-4.1.48.Final.jar:/home/user/.m2/repository/io/netty/netty-transport-native-unix-common/4.1.48.Final/netty-transport-native-unix-common-4.1.48.Final.jar:/home/user/.m2/repository/io/grpc/grpc-protobuf/1.29.0/grpc-protobuf-1.29.0.jar:/home/user/.m2/repository/io/grpc/grpc-api/1.29.0/grpc-api-1.29.0.jar:/home/user/.m2/repository/io/grpc/grpc-context/1.29.0/grpc-context-1.29.0.jar:/home/user/.m2/repository/org/codehaus/mojo/animal-sniffer-annotations/1.18/animal-sniffer-annotations-1.18.jar:/home/user/.m2/repository/com/google/api/grpc/proto-google-common-protos/1.17.0/proto-google-common-protos-1.17.0.jar:/home/user/.m2/repository/io/grpc/grpc-protobuf-lite/1.29.0/grpc-protobuf-lite-1.29.0.jar:/home/user/.m2/repository/io/grpc/grpc-stub/1.29.0/grpc-stub-1.29.0.jar:/home/user/.m2/repository/org/apache/hadoop/hadoop-ozone-recon/1.1.0-SNAPSHOT/hadoop-ozone-recon-1.1.0-SNAPSHOT.jar:/home/user/.m2/repository/org/apache/hadoop/hadoop-ozone-reconcodegen/1.1.0-SNAPSHOT/hadoop-ozone-reconcodegen-1.1.0-SNAPSHOT.jar:/home/user/.m2/repository/com/google/inject/extensions/guice-multibindings/4.0/guice-multibindings-4.0.jar:/home/user/.m2/repository/com/google/inject/guice/4.0/guice-4.0.jar:/home/user/.m2/repository/aopalliance/aopalliance/1.0/aopalliance-1.0.jar:/home/user/.m2/repository/com/google/inject/extensions/guice-assistedinject/4.0/guice-assistedinject-4.0.jar:/home/user/.m2/repository/com/google/inject/extensions/guice-servlet/4.0/guice-servlet-4.0.jar:/home/user/.m2/repository/org/glassfish/jersey/containers/jersey-container-servlet/2.27/jersey-container-servlet-2.27.jar:/home/user/.m2/repository/org/glassfish/hk2/guice-bridge/2.5.0/guice-bridge-2.5.0.jar:/home/user/.m2/repository/org/glassfish/jersey/core/jersey-server/2.27/jersey-server-2.27.jar:/home/user/.m2/repository/org/glassfish/jersey/core/jersey-client/2.27/jersey-client-2.27.jar:/home/user/.m2/repository/org/glassfish/jersey/media/jersey-media-jaxb/2.27/jersey-media-jaxb-2.27.jar:/home/user/.m2/repository/javax/validation/validation-api/1.1.0.Final/validation-api-1.1.0.Final.jar:/home/user/.m2/repository/org/glassfish/jersey/media/jersey-media-json-jackson/2.27/jersey-media-json-jackson-2.27.jar:/home/user/.m2/repository/org/glassfish/jersey/ext/jersey-entity-filtering/2.27/jersey-entity-filtering-2.27.jar:/home/user/.m2/repository/org/jooq/jooq/3.11.10/jooq-3.11.10.jar:/home/user/.m2/repository/org/jooq/jooq-meta/3.11.10/jooq-meta-3.11.10.jar:/home/user/.m2/repository/org/jooq/jooq-codegen/3.11.10/jooq-codegen-3.11.10.jar:/home/user/.m2/repository/com/jolbox/bonecp/0.8.0.RELEASE/bonecp-0.8.0.RELEASE.jar:/home/user/.m2/repository/org/apache/derby/derby/10.14.2.0/derby-10.14.2.0.jar:/home/user/.m2/repository/org/xerial/sqlite-jdbc/3.25.2/sqlite-jdbc-3.25.2.jar:/home/user/.m2/repository/org/springframework/spring-jdbc/5.2.11.RELEASE/spring-jdbc-5.2.11.RELEASE.jar:/home/user/.m2/repository/org/springframework/spring-beans/5.2.11.RELEASE/spring-beans-5.2.11.RELEASE.jar:/home/user/.m2/repository/org/springframework/spring-core/5.2.11.RELEASE/spring-core-5.2.11.RELEASE.jar:/home/user/.m2/repository/org/springframework/spring-jcl/5.2.11.RELEASE/spring-jcl-5.2.11.RELEASE.jar:/home/user/.m2/repository/org/springframework/spring-tx/5.2.11.RELEASE/spring-tx-5.2.11.RELEASE.jar:/home/user/.m2/repository/org/apache/hadoop/hadoop-ozone-client/1.1.0-SNAPSHOT/hadoop-ozone-client-1.1.0-SNAPSHOT.jar:/home/user/.m2/repository/org/apache/hadoop/hadoop-ozone-filesystem/1.1.0-SNAPSHOT/hadoop-ozone-filesystem-1.1.0-SNAPSHOT.jar:/home/user/.m2/repository/org/apache/hadoop/hadoop-ozone-filesystem-common/1.1.0-SNAPSHOT/hadoop-ozone-filesystem-common-1.1.0-SNAPSHOT.jar:/home/user/.m2/repository/org/apache/hadoop/hadoop-ozone-tools/1.1.0-SNAPSHOT/hadoop-ozone-tools-1.1.0-SNAPSHOT.jar:/home/user/.m2/repository/org/apache/ratis/ratis-tools/1.1.0-c5eafb9-SNAPSHOT/ratis-tools-1.1.0-c5eafb9-SNAPSHOT.jar:/home/user/.m2/repository/org/apache/ratis/ratis-proto/1.1.0-c5eafb9-SNAPSHOT/ratis-proto-1.1.0-c5eafb9-SNAPSHOT.jar:/home/user/.m2/repository/org/apache/ratis/ratis-common/1.1.0-c5eafb9-SNAPSHOT/ratis-common-1.1.0-c5eafb9-SNAPSHOT.jar:/home/user/.m2/repository/com/amazonaws/aws-java-sdk-core/1.11.901/aws-java-sdk-core-1.11.901.jar:/home/user/.m2/repository/org/apache/httpcomponents/httpclient/4.5.13/httpclient-4.5.13.jar:/home/user/.m2/repository/org/apache/httpcomponents/httpcore/4.4.13/httpcore-4.4.13.jar:/home/user/.m2/repository/software/amazon/ion/ion-java/1.0.2/ion-java-1.0.2.jar:/home/user/.m2/repository/com/fasterxml/jackson/dataformat/jackson-dataformat-cbor/2.10.3/jackson-dataformat-cbor-2.10.3.jar:/home/user/.m2/repository/joda-time/joda-time/2.8.1/joda-time-2.8.1.jar:/home/user/.m2/repository/com/amazonaws/aws-java-sdk-s3/1.11.901/aws-java-sdk-s3-1.11.901.jar:/home/user/.m2/repository/com/amazonaws/aws-java-sdk-kms/1.11.901/aws-java-sdk-kms-1.11.901.jar:/home/user/.m2/repository/com/amazonaws/jmespath-java/1.11.901/jmespath-java-1.11.901.jar:/home/user/.m2/repository/org/kohsuke/metainf-services/metainf-services/1.8/metainf-services-1.8.jar:/home/user/.m2/repository/org/apache/hadoop/hadoop-hdds-tools/1.1.0-SNAPSHOT/hadoop-hdds-tools-1.1.0-SNAPSHOT.jar:/home/user/.m2/repository/commons-cli/commons-cli/1.2/commons-cli-1.2.jar:/home/user/.m2/repository/org/apache/commons/commons-lang3/3.7/commons-lang3-3.7.jar:/home/user/.m2/repository/org/apache/hadoop/hadoop-ozone-ozone-manager/1.1.0-SNAPSHOT/hadoop-ozone-ozone-manager-1.1.0-SNAPSHOT-tests.jar:/home/user/.m2/repository/org/apache/hadoop/hadoop-hdds-common/1.1.0-SNAPSHOT/hadoop-hdds-common-1.1.0-SNAPSHOT-tests.jar:/home/user/.m2/repository/org/apache/hadoop/hadoop-hdds-hadoop-dependency-client/1.1.0-SNAPSHOT/hadoop-hdds-hadoop-dependency-client-1.1.0-SNAPSHOT.jar:/home/user/.m2/repository/info/picocli/picocli/4.4.0/picocli-4.4.0.jar:/home/user/.m2/repository/com/fasterxml/jackson/core/jackson-annotations/2.10.3/jackson-annotations-2.10.3.jar:/home/user/.m2/repository/javax/annotation/javax.annotation-api/1.2/javax.annotation-api-1.2.jar:/home/user/.m2/repository/org/fusesource/leveldbjni/leveldbjni-all/1.8/leveldbjni-all-1.8.jar:/home/user/.m2/repository/org/apache/ratis/ratis-server/1.1.0-c5eafb9-SNAPSHOT/ratis-server-1.1.0-c5eafb9-SNAPSHOT.jar:/home/user/.m2/repository/org/apache/ratis/ratis-client/1.1.0-c5eafb9-SNAPSHOT/ratis-client-1.1.0-c5eafb9-SNAPSHOT.jar:/home/user/.m2/repository/org/apache/ratis/ratis-metrics/1.1.0-c5eafb9-SNAPSHOT/ratis-metrics-1.1.0-c5eafb9-SNAPSHOT.jar:/home/user/.m2/repository/org/apache/ratis/ratis-netty/1.1.0-c5eafb9-SNAPSHOT/ratis-netty-1.1.0-c5eafb9-SNAPSHOT.jar:/home/user/.m2/repository/org/apache/ratis/ratis-grpc/1.1.0-c5eafb9-SNAPSHOT/ratis-grpc-1.1.0-c5eafb9-SNAPSHOT.jar:/home/user/.m2/repository/org/apache/logging/log4j/log4j-api/2.13.3/log4j-api-2.13.3.jar:/home/user/.m2/repository/org/apache/logging/log4j/log4j-core/2.13.3/log4j-core-2.13.3.jar:/home/user/.m2/repository/com/lmax/disruptor/3.4.2/disruptor-3.4.2.jar:/home/user/.m2/repository/org/apache/commons/commons-pool2/2.6.0/commons-pool2-2.6.0.jar:/home/user/.m2/repository/org/bouncycastle/bcpkix-jdk15on/1.67/bcpkix-jdk15on-1.67.jar:/home/user/.m2/repository/commons-validator/commons-validator/1.6/commons-validator-1.6.jar:/home/user/.m2/repository/commons-beanutils/commons-beanutils/1.9.4/commons-beanutils-1.9.4.jar:/home/user/.m2/repository/commons-digester/commons-digester/1.8.1/commons-digester-1.8.1.jar:/home/user/.m2/repository/commons-collections/commons-collections/3.2.2/commons-collections-3.2.2.jar:/home/user/.m2/repository/io/jaegertracing/jaeger-client/1.2.0/jaeger-client-1.2.0.jar:/home/user/.m2/repository/io/jaegertracing/jaeger-thrift/1.2.0/jaeger-thrift-1.2.0.jar:/home/user/.m2/repository/org/apache/thrift/libthrift/0.13.0/libthrift-0.13.0.jar:/home/user/.m2/repository/com/squareup/okhttp3/okhttp/4.2.2/okhttp-4.2.2.jar:/home/user/.m2/repository/com/squareup/okio/okio/2.2.2/okio-2.2.2.jar:/home/user/.m2/repository/org/jetbrains/kotlin/kotlin-stdlib/1.3.50/kotlin-stdlib-1.3.50.jar:/home/user/.m2/repository/org/jetbrains/kotlin/kotlin-stdlib-common/1.3.50/kotlin-stdlib-common-1.3.50.jar:/home/user/.m2/repository/org/jetbrains/annotations/13.0/annotations-13.0.jar:/home/user/.m2/repository/io/jaegertracing/jaeger-core/1.2.0/jaeger-core-1.2.0.jar:/home/user/.m2/repository/io/jaegertracing/jaeger-tracerresolver/1.2.0/jaeger-tracerresolver-1.2.0.jar:/home/user/.m2/repository/io/opentracing/contrib/opentracing-tracerresolver/0.1.8/opentracing-tracerresolver-0.1.8.jar:/home/user/.m2/repository/io/opentracing/opentracing-util/0.33.0/opentracing-util-0.33.0.jar:/home/user/.m2/repository/io/opentracing/opentracing-api/0.33.0/opentracing-api-0.33.0.jar:/home/user/.m2/repository/io/opentracing/opentracing-noop/0.33.0/opentracing-noop-0.33.0.jar:/home/user/.m2/repository/org/yaml/snakeyaml/1.26/snakeyaml-1.26.jar:/home/user/.m2/repository/junit/junit/4.11/junit-4.11.jar:/home/user/.m2/repository/org/hamcrest/hamcrest-core/1.3/hamcrest-core-1.3.jar:/home/user/.m2/repository/org/openjdk/jmh/jmh-core/1.19/jmh-core-1.19.jar:/home/user/.m2/repository/net/sf/jopt-simple/jopt-simple/4.6/jopt-simple-4.6.jar:/home/user/.m2/repository/org/apache/commons/commons-math3/3.1.1/commons-math3-3.1.1.jar:/home/user/.m2/repository/org/openjdk/jmh/jmh-generator-annprocess/1.19/jmh-generator-annprocess-1.19.jar:/home/user/.m2/repository/org/mockito/mockito-all/1.8.5/mockito-all-1.8.5.jar:/home/user/.m2/repository/org/apache/hadoop/hadoop-kms/3.2.1/hadoop-kms-3.2.1.jar:/home/user/.m2/repository/org/apache/hadoop/hadoop-auth/3.2.1/hadoop-auth-3.2.1.jar:/home/user/.m2/repository/com/nimbusds/nimbus-jose-jwt/7.9/nimbus-jose-jwt-7.9.jar:/home/user/.m2/repository/com/github/stephenc/jcip/jcip-annotations/1.0-1/jcip-annotations-1.0-1.jar:/home/user/.m2/repository/net/minidev/json-smart/2.3/json-smart-2.3.jar:/home/user/.m2/repository/net/minidev/accessors-smart/1.2/accessors-smart-1.2.jar:/home/user/.m2/repository/org/ow2/asm/asm/5.0.4/asm-5.0.4.jar:/home/user/.m2/repository/org/apache/zookeeper/zookeeper/3.4.13/zookeeper-3.4.13.jar:/home/user/.m2/repository/org/apache/yetus/audience-annotations/0.5.0/audience-annotations-0.5.0.jar:/home/user/.m2/repository/org/apache/curator/curator-framework/2.13.0/curator-framework-2.13.0.jar:/home/user/.m2/repository/com/sun/jersey/jersey-core/1.19/jersey-core-1.19.jar:/home/user/.m2/repository/javax/ws/rs/jsr311-api/1.1.1/jsr311-api-1.1.1.jar:/home/user/.m2/repository/com/sun/jersey/jersey-server/1.19/jersey-server-1.19.jar:/home/user/.m2/repository/javax/servlet/javax.servlet-api/3.1.0/javax.servlet-api-3.1.0.jar:/home/user/.m2/repository/org/eclipse/jetty/jetty-server/9.4.34.v20201102/jetty-server-9.4.34.v20201102.jar:/home/user/.m2/repository/org/eclipse/jetty/jetty-http/9.4.34.v20201102/jetty-http-9.4.34.v20201102.jar:/home/user/.m2/repository/org/eclipse/jetty/jetty-io/9.4.34.v20201102/jetty-io-9.4.34.v20201102.jar:/home/user/.m2/repository/org/eclipse/jetty/jetty-webapp/9.4.34.v20201102/jetty-webapp-9.4.34.v20201102.jar:/home/user/.m2/repository/org/eclipse/jetty/jetty-xml/9.4.34.v20201102/jetty-xml-9.4.34.v20201102.jar:/home/user/.m2/repository/org/apache/hadoop/hadoop-common/3.2.1/hadoop-common-3.2.1.jar:/home/user/.m2/repository/commons-net/commons-net/3.6/commons-net-3.6.jar:/home/user/.m2/repository/com/sun/jersey/jersey-servlet/1.19/jersey-servlet-1.19.jar:/home/user/.m2/repository/com/sun/jersey/jersey-json/1.19/jersey-json-1.19.jar:/home/user/.m2/repository/org/codehaus/jettison/jettison/1.1/jettison-1.1.jar:/home/user/.m2/repository/org/codehaus/jackson/jackson-jaxrs/1.9.2/jackson-jaxrs-1.9.2.jar:/home/user/.m2/repository/org/codehaus/jackson/jackson-xc/1.9.2/jackson-xc-1.9.2.jar:/home/user/.m2/repository/org/apache/commons/commons-configuration2/2.1.1/commons-configuration2-2.1.1.jar:/home/user/.m2/repository/org/apache/commons/commons-text/1.4/commons-text-1.4.jar:/home/user/.m2/repository/com/google/re2j/re2j/1.1/re2j-1.1.jar:/home/user/.m2/repository/com/jcraft/jsch/0.1.54/jsch-0.1.54.jar:/home/user/.m2/repository/org/apache/curator/curator-client/2.13.0/curator-client-2.13.0.jar:/home/user/.m2/repository/org/apache/curator/curator-recipes/2.13.0/curator-recipes-2.13.0.jar:/home/user/.m2/repository/dnsjava/dnsjava/2.1.7/dnsjava-2.1.7.jar:/home/user/.m2/repository/org/slf4j/jul-to-slf4j/1.7.30/jul-to-slf4j-1.7.30.jar:/home/user/.m2/repository/org/eclipse/jetty/jetty-util/9.4.34.v20201102/jetty-util-9.4.34.v20201102.jar:/home/user/.m2/repository/com/fasterxml/jackson/core/jackson-databind/2.10.3/jackson-databind-2.10.3.jar:/home/user/.m2/repository/org/apache/hadoop/hadoop-kms/3.2.1/hadoop-kms-3.2.1-tests.jar:/home/user/.m2/repository/org/apache/hadoop/hadoop-hdds-server-scm/1.1.0-SNAPSHOT/hadoop-hdds-server-scm-1.1.0-SNAPSHOT-tests.jar:/home/user/.m2/repository/org/apache/hadoop/hadoop-hdds-container-service/1.1.0-SNAPSHOT/hadoop-hdds-container-service-1.1.0-SNAPSHOT-tests.jar:/home/user/.m2/repository/commons-codec/commons-codec/1.11/commons-codec-1.11.jar:/home/user/.m2/repository/org/apache/hadoop/hadoop-hdds-hadoop-dependency-test/1.1.0-SNAPSHOT/hadoop-hdds-hadoop-dependency-test-1.1.0-SNAPSHOT.jar:/home/user/.m2/repository/org/apache/hadoop/hadoop-common/3.2.1/hadoop-common-3.2.1-tests.jar:/home/user/.m2/repository/org/apache/hadoop/hadoop-hdfs/3.2.1/hadoop-hdfs-3.2.1-tests.jar:/home/user/.m2/repository/org/eclipse/jetty/jetty-util-ajax/9.4.34.v20201102/jetty-util-ajax-9.4.34.v20201102.jar:/home/user/.m2/repository/commons-daemon/commons-daemon/1.0.13/commons-daemon-1.0.13.jar:/home/user/.m2/repository/io/netty/netty/3.10.5.Final/netty-3.10.5.Final.jar:/home/user/.m2/repository/io/netty/netty-all/4.1.48.Final/netty-all-4.1.48.Final.jar:/home/user/.m2/repository/org/apache/htrace/htrace-core4/4.1.0-incubating/htrace-core4-4.1.0-incubating.jar:/home/user/.m2/repository/org/apache/hadoop/hadoop-distcp/3.2.1/hadoop-distcp-3.2.1.jar:/home/user/.m2/repository/org/apache/hadoop/hadoop-mapreduce-client-jobclient/3.2.1/hadoop-mapreduce-client-jobclient-3.2.1.jar:/home/user/.m2/repository/org/apache/hadoop/hadoop-mapreduce-client-common/3.2.1/hadoop-mapreduce-client-common-3.2.1.jar:/home/user/.m2/repository/org/apache/hadoop/hadoop-yarn-common/3.2.1/hadoop-yarn-common-3.2.1.jar:/home/user/.m2/repository/org/apache/hadoop/hadoop-yarn-api/3.2.1/hadoop-yarn-api-3.2.1.jar:/home/user/.m2/repository/com/sun/jersey/jersey-client/1.19/jersey-client-1.19.jar:/home/user/.m2/repository/com/sun/jersey/contribs/jersey-guice/1.19/jersey-guice-1.19.jar:/home/user/.m2/repository/com/fasterxml/jackson/jaxrs/jackson-jaxrs-json-provider/2.10.3/jackson-jaxrs-json-provider-2.10.3.jar:/home/user/.m2/repository/com/fasterxml/jackson/jaxrs/jackson-jaxrs-base/2.10.3/jackson-jaxrs-base-2.10.3.jar:/home/user/.m2/repository/org/apache/hadoop/hadoop-yarn-client/3.2.1/hadoop-yarn-client-3.2.1.jar:/home/user/.m2/repository/org/apache/hadoop/hadoop-mapreduce-client-core/3.2.1/hadoop-mapreduce-client-core-3.2.1.jar:/home/user/.m2/repository/org/apache/avro/avro/1.7.7/avro-1.7.7.jar:/home/user/.m2/repository/org/codehaus/jackson/jackson-core-asl/1.9.13/jackson-core-asl-1.9.13.jar:/home/user/.m2/repository/org/codehaus/jackson/jackson-mapper-asl/1.9.13/jackson-mapper-asl-1.9.13.jar:/home/user/.m2/repository/com/thoughtworks/paranamer/paranamer/2.3/paranamer-2.3.jar:/home/user/.m2/repository/org/xerial/snappy/snappy-java/1.0.5/snappy-java-1.0.5.jar:/home/user/.m2/repository/org/apache/hadoop/hadoop-annotations/3.2.1/hadoop-annotations-3.2.1.jar:/usr/lib/jvm/java-1.8.0-openjdk-1.8.0.232.b09-0.el7_7.x86_64/jre/../lib/tools.jar:/home/user/.m2/repository/org/apache/hadoop/hadoop-distcp/3.2.1/hadoop-distcp-3.2.1-tests.jar:"/>
    <property name="java.vm.vendor" value="Oracle Corporation"/>
    <property name="sun.arch.data.model" value="64"/>
    <property name="test.build.dir" value="/github/workspace/mnt/ozone/hadoop-ozone/integration-test/target/test-dir"/>
    <property name="test.cache.data" value=""/>
    <property name="java.vendor.url" value="http://java.oracle.com/"/>
    <property name="user.timezone" value=""/>
    <property name="java.vm.specification.version" value="1.8"/>
    <property name="os.name" value="Linux"/>
    <property name="test.build.data" value="/github/workspace/mnt/ozone/hadoop-ozone/integration-test/target/test-dir"/>
    <property name="user.country" value="US"/>
    <property name="sun.java.launcher" value="SUN_STANDARD"/>
    <property name="sun.boot.library.path" value="/usr/lib/jvm/java-1.8.0-openjdk-1.8.0.232.b09-0.el7_7.x86_64/jre/lib/amd64"/>
    <property name="sun.java.command" value="/github/workspace/mnt/ozone/hadoop-ozone/integration-test/target/surefire/surefirebooter7494313368044112382.jar /github/workspace/mnt/ozone/hadoop-ozone/integration-test/target/surefire 2020-12-23T13-23-11_262-jvmRun1 surefire4351566836501161691tmp surefire_353591699532659447787tmp"/>
    <property name="surefire.test.class.path" value="/github/workspace/mnt/ozone/hadoop-ozone/integration-test/target/test-classes:/github/workspace/mnt/ozone/hadoop-ozone/integration-test/target/classes:/home/user/.m2/repository/org/apache/hadoop/hadoop-ozone-common/1.1.0-SNAPSHOT/hadoop-ozone-common-1.1.0-SNAPSHOT.jar:/home/user/.m2/repository/org/apache/commons/commons-compress/1.4.1/commons-compress-1.4.1.jar:/home/user/.m2/repository/org/tukaani/xz/1.0/xz-1.0.jar:/home/user/.m2/repository/org/apache/hadoop/hadoop-hdds-common/1.1.0-SNAPSHOT/hadoop-hdds-common-1.1.0-SNAPSHOT.jar:/home/user/.m2/repository/org/apache/hadoop/hadoop-hdds-client/1.1.0-SNAPSHOT/hadoop-hdds-client-1.1.0-SNAPSHOT.jar:/home/user/.m2/repository/org/apache/hadoop/hadoop-ozone-interface-client/1.1.0-SNAPSHOT/hadoop-ozone-interface-client-1.1.0-SNAPSHOT.jar:/home/user/.m2/repository/org/apache/hadoop/hadoop-hdds-test-utils/1.1.0-SNAPSHOT/hadoop-hdds-test-utils-1.1.0-SNAPSHOT.jar:/home/user/.m2/repository/com/google/guava/guava/28.2-jre/guava-28.2-jre.jar:/home/user/.m2/repository/com/google/guava/failureaccess/1.0.1/failureaccess-1.0.1.jar:/home/user/.m2/repository/com/google/guava/listenablefuture/9999.0-empty-to-avoid-conflict-with-guava/listenablefuture-9999.0-empty-to-avoid-conflict-with-guava.jar:/home/user/.m2/repository/com/google/code/findbugs/jsr305/3.0.0/jsr305-3.0.0.jar:/home/user/.m2/repository/org/checkerframework/checker-qual/2.10.0/checker-qual-2.10.0.jar:/home/user/.m2/repository/com/google/errorprone/error_prone_annotations/2.2.0/error_prone_annotations-2.2.0.jar:/home/user/.m2/repository/com/google/j2objc/j2objc-annotations/1.3/j2objc-annotations-1.3.jar:/home/user/.m2/repository/commons-io/commons-io/2.5/commons-io-2.5.jar:/home/user/.m2/repository/commons-logging/commons-logging/1.2/commons-logging-1.2.jar:/home/user/.m2/repository/log4j/log4j/1.2.17/log4j-1.2.17.jar:/home/user/.m2/repository/org/slf4j/slf4j-api/1.7.30/slf4j-api-1.7.30.jar:/home/user/.m2/repository/org/apache/hadoop/hadoop-hdds-server-scm/1.1.0-SNAPSHOT/hadoop-hdds-server-scm-1.1.0-SNAPSHOT.jar:/home/user/.m2/repository/org/apache/hadoop/hadoop-hdds-container-service/1.1.0-SNAPSHOT/hadoop-hdds-container-service-1.1.0-SNAPSHOT.jar:/home/user/.m2/repository/org/apache/hadoop/hadoop-hdds-hadoop-dependency-server/1.1.0-SNAPSHOT/hadoop-hdds-hadoop-dependency-server-1.1.0-SNAPSHOT.jar:/home/user/.m2/repository/org/apache/hadoop/hadoop-hdfs/3.2.1/hadoop-hdfs-3.2.1.jar:/home/user/.m2/repository/org/apache/hadoop/hadoop-hdds-server-framework/1.1.0-SNAPSHOT/hadoop-hdds-server-framework-1.1.0-SNAPSHOT.jar:/home/user/.m2/repository/org/apache/hadoop/hadoop-hdds-interface-server/1.1.0-SNAPSHOT/hadoop-hdds-interface-server-1.1.0-SNAPSHOT.jar:/home/user/.m2/repository/org/apache/hadoop/hadoop-hdds-interface-admin/1.1.0-SNAPSHOT/hadoop-hdds-interface-admin-1.1.0-SNAPSHOT.jar:/home/user/.m2/repository/org/eclipse/jetty/jetty-servlet/9.4.34.v20201102/jetty-servlet-9.4.34.v20201102.jar:/home/user/.m2/repository/org/eclipse/jetty/jetty-security/9.4.34.v20201102/jetty-security-9.4.34.v20201102.jar:/home/user/.m2/repository/org/rocksdb/rocksdbjni/6.8.1/rocksdbjni-6.8.1.jar:/home/user/.m2/repository/io/prometheus/simpleclient_dropwizard/0.7.0/simpleclient_dropwizard-0.7.0.jar:/home/user/.m2/repository/io/prometheus/simpleclient/0.7.0/simpleclient-0.7.0.jar:/home/user/.m2/repository/io/prometheus/simpleclient_common/0.7.0/simpleclient_common-0.7.0.jar:/home/user/.m2/repository/com/fasterxml/jackson/datatype/jackson-datatype-jsr310/2.10.3/jackson-datatype-jsr310-2.10.3.jar:/home/user/.m2/repository/io/dropwizard/metrics/metrics-core/3.2.4/metrics-core-3.2.4.jar:/home/user/.m2/repository/org/apache/hadoop/hadoop-hdfs-client/3.2.1/hadoop-hdfs-client-3.2.1.jar:/home/user/.m2/repository/org/bouncycastle/bcprov-jdk15on/1.67/bcprov-jdk15on-1.67.jar:/home/user/.m2/repository/org/apache/hadoop/hadoop-ozone-ozone-manager/1.1.0-SNAPSHOT/hadoop-ozone-ozone-manager-1.1.0-SNAPSHOT.jar:/home/user/.m2/repository/org/apache/hadoop/hadoop-hdds-interface-client/1.1.0-SNAPSHOT/hadoop-hdds-interface-client-1.1.0-SNAPSHOT.jar:/home/user/.m2/repository/org/apache/ratis/ratis-thirdparty-misc/0.6.0-SNAPSHOT/ratis-thirdparty-misc-0.6.0-SNAPSHOT.jar:/home/user/.m2/repository/org/apache/hadoop/hadoop-ozone-interface-storage/1.1.0-SNAPSHOT/hadoop-ozone-interface-storage-1.1.0-SNAPSHOT.jar:/home/user/.m2/repository/org/apache/hadoop/hadoop-minikdc/3.2.1/hadoop-minikdc-3.2.1.jar:/home/user/.m2/repository/org/apache/kerby/kerb-simplekdc/1.0.1/kerb-simplekdc-1.0.1.jar:/home/user/.m2/repository/org/apache/kerby/kerb-client/1.0.1/kerb-client-1.0.1.jar:/home/user/.m2/repository/org/apache/kerby/kerby-config/1.0.1/kerby-config-1.0.1.jar:/home/user/.m2/repository/org/apache/kerby/kerb-core/1.0.1/kerb-core-1.0.1.jar:/home/user/.m2/repository/org/apache/kerby/kerby-pkix/1.0.1/kerby-pkix-1.0.1.jar:/home/user/.m2/repository/org/apache/kerby/kerby-asn1/1.0.1/kerby-asn1-1.0.1.jar:/home/user/.m2/repository/org/apache/kerby/kerby-util/1.0.1/kerby-util-1.0.1.jar:/home/user/.m2/repository/org/apache/kerby/kerb-common/1.0.1/kerb-common-1.0.1.jar:/home/user/.m2/repository/org/apache/kerby/kerb-crypto/1.0.1/kerb-crypto-1.0.1.jar:/home/user/.m2/repository/org/apache/kerby/kerb-util/1.0.1/kerb-util-1.0.1.jar:/home/user/.m2/repository/org/apache/kerby/token-provider/1.0.1/token-provider-1.0.1.jar:/home/user/.m2/repository/org/apache/kerby/kerb-admin/1.0.1/kerb-admin-1.0.1.jar:/home/user/.m2/repository/org/apache/kerby/kerb-server/1.0.1/kerb-server-1.0.1.jar:/home/user/.m2/repository/org/apache/kerby/kerb-identity/1.0.1/kerb-identity-1.0.1.jar:/home/user/.m2/repository/org/apache/kerby/kerby-xdr/1.0.1/kerby-xdr-1.0.1.jar:/home/user/.m2/repository/org/slf4j/slf4j-log4j12/1.7.30/slf4j-log4j12-1.7.30.jar:/home/user/.m2/repository/org/apache/hadoop/hadoop-ozone-s3gateway/1.1.0-SNAPSHOT/hadoop-ozone-s3gateway-1.1.0-SNAPSHOT.jar:/home/user/.m2/repository/org/jboss/weld/servlet/weld-servlet/2.4.7.Final/weld-servlet-2.4.7.Final.jar:/home/user/.m2/repository/org/glassfish/jersey/containers/jersey-container-servlet-core/2.27/jersey-container-servlet-core-2.27.jar:/home/user/.m2/repository/org/glassfish/hk2/external/javax.inject/2.5.0-b42/javax.inject-2.5.0-b42.jar:/home/user/.m2/repository/org/glassfish/jersey/core/jersey-common/2.27/jersey-common-2.27.jar:/home/user/.m2/repository/org/glassfish/hk2/osgi-resource-locator/1.0.1/osgi-resource-locator-1.0.1.jar:/home/user/.m2/repository/javax/ws/rs/javax.ws.rs-api/2.1/javax.ws.rs-api-2.1.jar:/home/user/.m2/repository/org/glassfish/jersey/ext/cdi/jersey-cdi1x/2.27/jersey-cdi1x-2.27.jar:/home/user/.m2/repository/org/glassfish/jersey/inject/jersey-hk2/2.27/jersey-hk2-2.27.jar:/home/user/.m2/repository/org/glassfish/hk2/hk2-locator/2.5.0-b42/hk2-locator-2.5.0-b42.jar:/home/user/.m2/repository/org/javassist/javassist/3.22.0-CR2/javassist-3.22.0-CR2.jar:/home/user/.m2/repository/org/glassfish/hk2/hk2-api/2.5.0/hk2-api-2.5.0.jar:/home/user/.m2/repository/org/glassfish/hk2/external/jakarta.inject/2.5.0/jakarta.inject-2.5.0.jar:/home/user/.m2/repository/org/glassfish/hk2/hk2-utils/2.5.0/hk2-utils-2.5.0.jar:/home/user/.m2/repository/jakarta/annotation/jakarta.annotation-api/1.3.4/jakarta.annotation-api-1.3.4.jar:/home/user/.m2/repository/org/glassfish/hk2/external/aopalliance-repackaged/2.5.0/aopalliance-repackaged-2.5.0.jar:/home/user/.m2/repository/com/fasterxml/jackson/dataformat/jackson-dataformat-xml/2.10.3/jackson-dataformat-xml-2.10.3.jar:/home/user/.m2/repository/com/fasterxml/jackson/core/jackson-core/2.10.3/jackson-core-2.10.3.jar:/home/user/.m2/repository/com/fasterxml/jackson/module/jackson-module-jaxb-annotations/2.10.3/jackson-module-jaxb-annotations-2.10.3.jar:/home/user/.m2/repository/jakarta/xml/bind/jakarta.xml.bind-api/2.3.2/jakarta.xml.bind-api-2.3.2.jar:/home/user/.m2/repository/jakarta/activation/jakarta.activation-api/1.2.1/jakarta.activation-api-1.2.1.jar:/home/user/.m2/repository/org/codehaus/woodstox/stax2-api/3.1.4/stax2-api-3.1.4.jar:/home/user/.m2/repository/com/fasterxml/woodstox/woodstox-core/5.0.3/woodstox-core-5.0.3.jar:/home/user/.m2/repository/javax/enterprise/cdi-api/1.2/cdi-api-1.2.jar:/home/user/.m2/repository/javax/el/javax.el-api/3.0.0/javax.el-api-3.0.0.jar:/home/user/.m2/repository/javax/interceptor/javax.interceptor-api/1.2/javax.interceptor-api-1.2.jar:/home/user/.m2/repository/javax/inject/javax.inject/1/javax.inject-1.jar:/home/user/.m2/repository/com/sun/xml/bind/jaxb-impl/2.3.0.1/jaxb-impl-2.3.0.1.jar:/home/user/.m2/repository/com/sun/xml/bind/jaxb-core/2.3.0.1/jaxb-core-2.3.0.1.jar:/home/user/.m2/repository/javax/xml/bind/jaxb-api/2.3.0/jaxb-api-2.3.0.jar:/home/user/.m2/repository/javax/activation/activation/1.1.1/activation-1.1.1.jar:/home/user/.m2/repository/org/apache/hadoop/hadoop-ozone-csi/1.1.0-SNAPSHOT/hadoop-ozone-csi-1.1.0-SNAPSHOT.jar:/home/user/.m2/repository/com/google/protobuf/protobuf-java-util/3.11.0/protobuf-java-util-3.11.0.jar:/home/user/.m2/repository/com/google/code/gson/gson/2.2.4/gson-2.2.4.jar:/home/user/.m2/repository/org/apache/hadoop/hadoop-hdds-config/1.1.0-SNAPSHOT/hadoop-hdds-config-1.1.0-SNAPSHOT.jar:/home/user/.m2/repository/com/google/protobuf/protobuf-java/2.5.0/protobuf-java-2.5.0.jar:/home/user/.m2/repository/io/grpc/grpc-netty/1.29.0/grpc-netty-1.29.0.jar:/home/user/.m2/repository/io/grpc/grpc-core/1.29.0/grpc-core-1.29.0.jar:/home/user/.m2/repository/com/google/android/annotations/4.1.1.4/annotations-4.1.1.4.jar:/home/user/.m2/repository/io/perfmark/perfmark-api/0.19.0/perfmark-api-0.19.0.jar:/home/user/.m2/repository/io/netty/netty-codec-http2/4.1.48.Final/netty-codec-http2-4.1.48.Final.jar:/home/user/.m2/repository/io/netty/netty-codec/4.1.48.Final/netty-codec-4.1.48.Final.jar:/home/user/.m2/repository/io/netty/netty-handler/4.1.48.Final/netty-handler-4.1.48.Final.jar:/home/user/.m2/repository/io/netty/netty-codec-http/4.1.48.Final/netty-codec-http-4.1.48.Final.jar:/home/user/.m2/repository/io/netty/netty-handler-proxy/4.1.48.Final/netty-handler-proxy-4.1.48.Final.jar:/home/user/.m2/repository/io/netty/netty-codec-socks/4.1.48.Final/netty-codec-socks-4.1.48.Final.jar:/home/user/.m2/repository/io/netty/netty-transport-native-epoll/4.1.48.Final/netty-transport-native-epoll-4.1.48.Final.jar:/home/user/.m2/repository/io/netty/netty-common/4.1.48.Final/netty-common-4.1.48.Final.jar:/home/user/.m2/repository/io/netty/netty-buffer/4.1.48.Final/netty-buffer-4.1.48.Final.jar:/home/user/.m2/repository/io/netty/netty-transport/4.1.48.Final/netty-transport-4.1.48.Final.jar:/home/user/.m2/repository/io/netty/netty-resolver/4.1.48.Final/netty-resolver-4.1.48.Final.jar:/home/user/.m2/repository/io/netty/netty-transport-native-unix-common/4.1.48.Final/netty-transport-native-unix-common-4.1.48.Final.jar:/home/user/.m2/repository/io/grpc/grpc-protobuf/1.29.0/grpc-protobuf-1.29.0.jar:/home/user/.m2/repository/io/grpc/grpc-api/1.29.0/grpc-api-1.29.0.jar:/home/user/.m2/repository/io/grpc/grpc-context/1.29.0/grpc-context-1.29.0.jar:/home/user/.m2/repository/org/codehaus/mojo/animal-sniffer-annotations/1.18/animal-sniffer-annotations-1.18.jar:/home/user/.m2/repository/com/google/api/grpc/proto-google-common-protos/1.17.0/proto-google-common-protos-1.17.0.jar:/home/user/.m2/repository/io/grpc/grpc-protobuf-lite/1.29.0/grpc-protobuf-lite-1.29.0.jar:/home/user/.m2/repository/io/grpc/grpc-stub/1.29.0/grpc-stub-1.29.0.jar:/home/user/.m2/repository/org/apache/hadoop/hadoop-ozone-recon/1.1.0-SNAPSHOT/hadoop-ozone-recon-1.1.0-SNAPSHOT.jar:/home/user/.m2/repository/org/apache/hadoop/hadoop-ozone-reconcodegen/1.1.0-SNAPSHOT/hadoop-ozone-reconcodegen-1.1.0-SNAPSHOT.jar:/home/user/.m2/repository/com/google/inject/extensions/guice-multibindings/4.0/guice-multibindings-4.0.jar:/home/user/.m2/repository/com/google/inject/guice/4.0/guice-4.0.jar:/home/user/.m2/repository/aopalliance/aopalliance/1.0/aopalliance-1.0.jar:/home/user/.m2/repository/com/google/inject/extensions/guice-assistedinject/4.0/guice-assistedinject-4.0.jar:/home/user/.m2/repository/com/google/inject/extensions/guice-servlet/4.0/guice-servlet-4.0.jar:/home/user/.m2/repository/org/glassfish/jersey/containers/jersey-container-servlet/2.27/jersey-container-servlet-2.27.jar:/home/user/.m2/repository/org/glassfish/hk2/guice-bridge/2.5.0/guice-bridge-2.5.0.jar:/home/user/.m2/repository/org/glassfish/jersey/core/jersey-server/2.27/jersey-server-2.27.jar:/home/user/.m2/repository/org/glassfish/jersey/core/jersey-client/2.27/jersey-client-2.27.jar:/home/user/.m2/repository/org/glassfish/jersey/media/jersey-media-jaxb/2.27/jersey-media-jaxb-2.27.jar:/home/user/.m2/repository/javax/validation/validation-api/1.1.0.Final/validation-api-1.1.0.Final.jar:/home/user/.m2/repository/org/glassfish/jersey/media/jersey-media-json-jackson/2.27/jersey-media-json-jackson-2.27.jar:/home/user/.m2/repository/org/glassfish/jersey/ext/jersey-entity-filtering/2.27/jersey-entity-filtering-2.27.jar:/home/user/.m2/repository/org/jooq/jooq/3.11.10/jooq-3.11.10.jar:/home/user/.m2/repository/org/jooq/jooq-meta/3.11.10/jooq-meta-3.11.10.jar:/home/user/.m2/repository/org/jooq/jooq-codegen/3.11.10/jooq-codegen-3.11.10.jar:/home/user/.m2/repository/com/jolbox/bonecp/0.8.0.RELEASE/bonecp-0.8.0.RELEASE.jar:/home/user/.m2/repository/org/apache/derby/derby/10.14.2.0/derby-10.14.2.0.jar:/home/user/.m2/repository/org/xerial/sqlite-jdbc/3.25.2/sqlite-jdbc-3.25.2.jar:/home/user/.m2/repository/org/springframework/spring-jdbc/5.2.11.RELEASE/spring-jdbc-5.2.11.RELEASE.jar:/home/user/.m2/repository/org/springframework/spring-beans/5.2.11.RELEASE/spring-beans-5.2.11.RELEASE.jar:/home/user/.m2/repository/org/springframework/spring-core/5.2.11.RELEASE/spring-core-5.2.11.RELEASE.jar:/home/user/.m2/repository/org/springframework/spring-jcl/5.2.11.RELEASE/spring-jcl-5.2.11.RELEASE.jar:/home/user/.m2/repository/org/springframework/spring-tx/5.2.11.RELEASE/spring-tx-5.2.11.RELEASE.jar:/home/user/.m2/repository/org/apache/hadoop/hadoop-ozone-client/1.1.0-SNAPSHOT/hadoop-ozone-client-1.1.0-SNAPSHOT.jar:/home/user/.m2/repository/org/apache/hadoop/hadoop-ozone-filesystem/1.1.0-SNAPSHOT/hadoop-ozone-filesystem-1.1.0-SNAPSHOT.jar:/home/user/.m2/repository/org/apache/hadoop/hadoop-ozone-filesystem-common/1.1.0-SNAPSHOT/hadoop-ozone-filesystem-common-1.1.0-SNAPSHOT.jar:/home/user/.m2/repository/org/apache/hadoop/hadoop-ozone-tools/1.1.0-SNAPSHOT/hadoop-ozone-tools-1.1.0-SNAPSHOT.jar:/home/user/.m2/repository/org/apache/ratis/ratis-tools/1.1.0-c5eafb9-SNAPSHOT/ratis-tools-1.1.0-c5eafb9-SNAPSHOT.jar:/home/user/.m2/repository/org/apache/ratis/ratis-proto/1.1.0-c5eafb9-SNAPSHOT/ratis-proto-1.1.0-c5eafb9-SNAPSHOT.jar:/home/user/.m2/repository/org/apache/ratis/ratis-common/1.1.0-c5eafb9-SNAPSHOT/ratis-common-1.1.0-c5eafb9-SNAPSHOT.jar:/home/user/.m2/repository/com/amazonaws/aws-java-sdk-core/1.11.901/aws-java-sdk-core-1.11.901.jar:/home/user/.m2/repository/org/apache/httpcomponents/httpclient/4.5.13/httpclient-4.5.13.jar:/home/user/.m2/repository/org/apache/httpcomponents/httpcore/4.4.13/httpcore-4.4.13.jar:/home/user/.m2/repository/software/amazon/ion/ion-java/1.0.2/ion-java-1.0.2.jar:/home/user/.m2/repository/com/fasterxml/jackson/dataformat/jackson-dataformat-cbor/2.10.3/jackson-dataformat-cbor-2.10.3.jar:/home/user/.m2/repository/joda-time/joda-time/2.8.1/joda-time-2.8.1.jar:/home/user/.m2/repository/com/amazonaws/aws-java-sdk-s3/1.11.901/aws-java-sdk-s3-1.11.901.jar:/home/user/.m2/repository/com/amazonaws/aws-java-sdk-kms/1.11.901/aws-java-sdk-kms-1.11.901.jar:/home/user/.m2/repository/com/amazonaws/jmespath-java/1.11.901/jmespath-java-1.11.901.jar:/home/user/.m2/repository/org/kohsuke/metainf-services/metainf-services/1.8/metainf-services-1.8.jar:/home/user/.m2/repository/org/apache/hadoop/hadoop-hdds-tools/1.1.0-SNAPSHOT/hadoop-hdds-tools-1.1.0-SNAPSHOT.jar:/home/user/.m2/repository/commons-cli/commons-cli/1.2/commons-cli-1.2.jar:/home/user/.m2/repository/org/apache/commons/commons-lang3/3.7/commons-lang3-3.7.jar:/home/user/.m2/repository/org/apache/hadoop/hadoop-ozone-ozone-manager/1.1.0-SNAPSHOT/hadoop-ozone-ozone-manager-1.1.0-SNAPSHOT-tests.jar:/home/user/.m2/repository/org/apache/hadoop/hadoop-hdds-common/1.1.0-SNAPSHOT/hadoop-hdds-common-1.1.0-SNAPSHOT-tests.jar:/home/user/.m2/repository/org/apache/hadoop/hadoop-hdds-hadoop-dependency-client/1.1.0-SNAPSHOT/hadoop-hdds-hadoop-dependency-client-1.1.0-SNAPSHOT.jar:/home/user/.m2/repository/info/picocli/picocli/4.4.0/picocli-4.4.0.jar:/home/user/.m2/repository/com/fasterxml/jackson/core/jackson-annotations/2.10.3/jackson-annotations-2.10.3.jar:/home/user/.m2/repository/javax/annotation/javax.annotation-api/1.2/javax.annotation-api-1.2.jar:/home/user/.m2/repository/org/fusesource/leveldbjni/leveldbjni-all/1.8/leveldbjni-all-1.8.jar:/home/user/.m2/repository/org/apache/ratis/ratis-server/1.1.0-c5eafb9-SNAPSHOT/ratis-server-1.1.0-c5eafb9-SNAPSHOT.jar:/home/user/.m2/repository/org/apache/ratis/ratis-client/1.1.0-c5eafb9-SNAPSHOT/ratis-client-1.1.0-c5eafb9-SNAPSHOT.jar:/home/user/.m2/repository/org/apache/ratis/ratis-metrics/1.1.0-c5eafb9-SNAPSHOT/ratis-metrics-1.1.0-c5eafb9-SNAPSHOT.jar:/home/user/.m2/repository/org/apache/ratis/ratis-netty/1.1.0-c5eafb9-SNAPSHOT/ratis-netty-1.1.0-c5eafb9-SNAPSHOT.jar:/home/user/.m2/repository/org/apache/ratis/ratis-grpc/1.1.0-c5eafb9-SNAPSHOT/ratis-grpc-1.1.0-c5eafb9-SNAPSHOT.jar:/home/user/.m2/repository/org/apache/logging/log4j/log4j-api/2.13.3/log4j-api-2.13.3.jar:/home/user/.m2/repository/org/apache/logging/log4j/log4j-core/2.13.3/log4j-core-2.13.3.jar:/home/user/.m2/repository/com/lmax/disruptor/3.4.2/disruptor-3.4.2.jar:/home/user/.m2/repository/org/apache/commons/commons-pool2/2.6.0/commons-pool2-2.6.0.jar:/home/user/.m2/repository/org/bouncycastle/bcpkix-jdk15on/1.67/bcpkix-jdk15on-1.67.jar:/home/user/.m2/repository/commons-validator/commons-validator/1.6/commons-validator-1.6.jar:/home/user/.m2/repository/commons-beanutils/commons-beanutils/1.9.4/commons-beanutils-1.9.4.jar:/home/user/.m2/repository/commons-digester/commons-digester/1.8.1/commons-digester-1.8.1.jar:/home/user/.m2/repository/commons-collections/commons-collections/3.2.2/commons-collections-3.2.2.jar:/home/user/.m2/repository/io/jaegertracing/jaeger-client/1.2.0/jaeger-client-1.2.0.jar:/home/user/.m2/repository/io/jaegertracing/jaeger-thrift/1.2.0/jaeger-thrift-1.2.0.jar:/home/user/.m2/repository/org/apache/thrift/libthrift/0.13.0/libthrift-0.13.0.jar:/home/user/.m2/repository/com/squareup/okhttp3/okhttp/4.2.2/okhttp-4.2.2.jar:/home/user/.m2/repository/com/squareup/okio/okio/2.2.2/okio-2.2.2.jar:/home/user/.m2/repository/org/jetbrains/kotlin/kotlin-stdlib/1.3.50/kotlin-stdlib-1.3.50.jar:/home/user/.m2/repository/org/jetbrains/kotlin/kotlin-stdlib-common/1.3.50/kotlin-stdlib-common-1.3.50.jar:/home/user/.m2/repository/org/jetbrains/annotations/13.0/annotations-13.0.jar:/home/user/.m2/repository/io/jaegertracing/jaeger-core/1.2.0/jaeger-core-1.2.0.jar:/home/user/.m2/repository/io/jaegertracing/jaeger-tracerresolver/1.2.0/jaeger-tracerresolver-1.2.0.jar:/home/user/.m2/repository/io/opentracing/contrib/opentracing-tracerresolver/0.1.8/opentracing-tracerresolver-0.1.8.jar:/home/user/.m2/repository/io/opentracing/opentracing-util/0.33.0/opentracing-util-0.33.0.jar:/home/user/.m2/repository/io/opentracing/opentracing-api/0.33.0/opentracing-api-0.33.0.jar:/home/user/.m2/repository/io/opentracing/opentracing-noop/0.33.0/opentracing-noop-0.33.0.jar:/home/user/.m2/repository/org/yaml/snakeyaml/1.26/snakeyaml-1.26.jar:/home/user/.m2/repository/junit/junit/4.11/junit-4.11.jar:/home/user/.m2/repository/org/hamcrest/hamcrest-core/1.3/hamcrest-core-1.3.jar:/home/user/.m2/repository/org/openjdk/jmh/jmh-core/1.19/jmh-core-1.19.jar:/home/user/.m2/repository/net/sf/jopt-simple/jopt-simple/4.6/jopt-simple-4.6.jar:/home/user/.m2/repository/org/apache/commons/commons-math3/3.1.1/commons-math3-3.1.1.jar:/home/user/.m2/repository/org/openjdk/jmh/jmh-generator-annprocess/1.19/jmh-generator-annprocess-1.19.jar:/home/user/.m2/repository/org/mockito/mockito-all/1.8.5/mockito-all-1.8.5.jar:/home/user/.m2/repository/org/apache/hadoop/hadoop-kms/3.2.1/hadoop-kms-3.2.1.jar:/home/user/.m2/repository/org/apache/hadoop/hadoop-auth/3.2.1/hadoop-auth-3.2.1.jar:/home/user/.m2/repository/com/nimbusds/nimbus-jose-jwt/7.9/nimbus-jose-jwt-7.9.jar:/home/user/.m2/repository/com/github/stephenc/jcip/jcip-annotations/1.0-1/jcip-annotations-1.0-1.jar:/home/user/.m2/repository/net/minidev/json-smart/2.3/json-smart-2.3.jar:/home/user/.m2/repository/net/minidev/accessors-smart/1.2/accessors-smart-1.2.jar:/home/user/.m2/repository/org/ow2/asm/asm/5.0.4/asm-5.0.4.jar:/home/user/.m2/repository/org/apache/zookeeper/zookeeper/3.4.13/zookeeper-3.4.13.jar:/home/user/.m2/repository/org/apache/yetus/audience-annotations/0.5.0/audience-annotations-0.5.0.jar:/home/user/.m2/repository/org/apache/curator/curator-framework/2.13.0/curator-framework-2.13.0.jar:/home/user/.m2/repository/com/sun/jersey/jersey-core/1.19/jersey-core-1.19.jar:/home/user/.m2/repository/javax/ws/rs/jsr311-api/1.1.1/jsr311-api-1.1.1.jar:/home/user/.m2/repository/com/sun/jersey/jersey-server/1.19/jersey-server-1.19.jar:/home/user/.m2/repository/javax/servlet/javax.servlet-api/3.1.0/javax.servlet-api-3.1.0.jar:/home/user/.m2/repository/org/eclipse/jetty/jetty-server/9.4.34.v20201102/jetty-server-9.4.34.v20201102.jar:/home/user/.m2/repository/org/eclipse/jetty/jetty-http/9.4.34.v20201102/jetty-http-9.4.34.v20201102.jar:/home/user/.m2/repository/org/eclipse/jetty/jetty-io/9.4.34.v20201102/jetty-io-9.4.34.v20201102.jar:/home/user/.m2/repository/org/eclipse/jetty/jetty-webapp/9.4.34.v20201102/jetty-webapp-9.4.34.v20201102.jar:/home/user/.m2/repository/org/eclipse/jetty/jetty-xml/9.4.34.v20201102/jetty-xml-9.4.34.v20201102.jar:/home/user/.m2/repository/org/apache/hadoop/hadoop-common/3.2.1/hadoop-common-3.2.1.jar:/home/user/.m2/repository/commons-net/commons-net/3.6/commons-net-3.6.jar:/home/user/.m2/repository/com/sun/jersey/jersey-servlet/1.19/jersey-servlet-1.19.jar:/home/user/.m2/repository/com/sun/jersey/jersey-json/1.19/jersey-json-1.19.jar:/home/user/.m2/repository/org/codehaus/jettison/jettison/1.1/jettison-1.1.jar:/home/user/.m2/repository/org/codehaus/jackson/jackson-jaxrs/1.9.2/jackson-jaxrs-1.9.2.jar:/home/user/.m2/repository/org/codehaus/jackson/jackson-xc/1.9.2/jackson-xc-1.9.2.jar:/home/user/.m2/repository/org/apache/commons/commons-configuration2/2.1.1/commons-configuration2-2.1.1.jar:/home/user/.m2/repository/org/apache/commons/commons-text/1.4/commons-text-1.4.jar:/home/user/.m2/repository/com/google/re2j/re2j/1.1/re2j-1.1.jar:/home/user/.m2/repository/com/jcraft/jsch/0.1.54/jsch-0.1.54.jar:/home/user/.m2/repository/org/apache/curator/curator-client/2.13.0/curator-client-2.13.0.jar:/home/user/.m2/repository/org/apache/curator/curator-recipes/2.13.0/curator-recipes-2.13.0.jar:/home/user/.m2/repository/dnsjava/dnsjava/2.1.7/dnsjava-2.1.7.jar:/home/user/.m2/repository/org/slf4j/jul-to-slf4j/1.7.30/jul-to-slf4j-1.7.30.jar:/home/user/.m2/repository/org/eclipse/jetty/jetty-util/9.4.34.v20201102/jetty-util-9.4.34.v20201102.jar:/home/user/.m2/repository/com/fasterxml/jackson/core/jackson-databind/2.10.3/jackson-databind-2.10.3.jar:/home/user/.m2/repository/org/apache/hadoop/hadoop-kms/3.2.1/hadoop-kms-3.2.1-tests.jar:/home/user/.m2/repository/org/apache/hadoop/hadoop-hdds-server-scm/1.1.0-SNAPSHOT/hadoop-hdds-server-scm-1.1.0-SNAPSHOT-tests.jar:/home/user/.m2/repository/org/apache/hadoop/hadoop-hdds-container-service/1.1.0-SNAPSHOT/hadoop-hdds-container-service-1.1.0-SNAPSHOT-tests.jar:/home/user/.m2/repository/commons-codec/commons-codec/1.11/commons-codec-1.11.jar:/home/user/.m2/repository/org/apache/hadoop/hadoop-hdds-hadoop-dependency-test/1.1.0-SNAPSHOT/hadoop-hdds-hadoop-dependency-test-1.1.0-SNAPSHOT.jar:/home/user/.m2/repository/org/apache/hadoop/hadoop-common/3.2.1/hadoop-common-3.2.1-tests.jar:/home/user/.m2/repository/org/apache/hadoop/hadoop-hdfs/3.2.1/hadoop-hdfs-3.2.1-tests.jar:/home/user/.m2/repository/org/eclipse/jetty/jetty-util-ajax/9.4.34.v20201102/jetty-util-ajax-9.4.34.v20201102.jar:/home/user/.m2/repository/commons-daemon/commons-daemon/1.0.13/commons-daemon-1.0.13.jar:/home/user/.m2/repository/io/netty/netty/3.10.5.Final/netty-3.10.5.Final.jar:/home/user/.m2/repository/io/netty/netty-all/4.1.48.Final/netty-all-4.1.48.Final.jar:/home/user/.m2/repository/org/apache/htrace/htrace-core4/4.1.0-incubating/htrace-core4-4.1.0-incubating.jar:/home/user/.m2/repository/org/apache/hadoop/hadoop-distcp/3.2.1/hadoop-distcp-3.2.1.jar:/home/user/.m2/repository/org/apache/hadoop/hadoop-mapreduce-client-jobclient/3.2.1/hadoop-mapreduce-client-jobclient-3.2.1.jar:/home/user/.m2/repository/org/apache/hadoop/hadoop-mapreduce-client-common/3.2.1/hadoop-mapreduce-client-common-3.2.1.jar:/home/user/.m2/repository/org/apache/hadoop/hadoop-yarn-common/3.2.1/hadoop-yarn-common-3.2.1.jar:/home/user/.m2/repository/org/apache/hadoop/hadoop-yarn-api/3.2.1/hadoop-yarn-api-3.2.1.jar:/home/user/.m2/repository/com/sun/jersey/jersey-client/1.19/jersey-client-1.19.jar:/home/user/.m2/repository/com/sun/jersey/contribs/jersey-guice/1.19/jersey-guice-1.19.jar:/home/user/.m2/repository/com/fasterxml/jackson/jaxrs/jackson-jaxrs-json-provider/2.10.3/jackson-jaxrs-json-provider-2.10.3.jar:/home/user/.m2/repository/com/fasterxml/jackson/jaxrs/jackson-jaxrs-base/2.10.3/jackson-jaxrs-base-2.10.3.jar:/home/user/.m2/repository/org/apache/hadoop/hadoop-yarn-client/3.2.1/hadoop-yarn-client-3.2.1.jar:/home/user/.m2/repository/org/apache/hadoop/hadoop-mapreduce-client-core/3.2.1/hadoop-mapreduce-client-core-3.2.1.jar:/home/user/.m2/repository/org/apache/avro/avro/1.7.7/avro-1.7.7.jar:/home/user/.m2/repository/org/codehaus/jackson/jackson-core-asl/1.9.13/jackson-core-asl-1.9.13.jar:/home/user/.m2/repository/org/codehaus/jackson/jackson-mapper-asl/1.9.13/jackson-mapper-asl-1.9.13.jar:/home/user/.m2/repository/com/thoughtworks/paranamer/paranamer/2.3/paranamer-2.3.jar:/home/user/.m2/repository/org/xerial/snappy/snappy-java/1.0.5/snappy-java-1.0.5.jar:/home/user/.m2/repository/org/apache/hadoop/hadoop-annotations/3.2.1/hadoop-annotations-3.2.1.jar:/usr/lib/jvm/java-1.8.0-openjdk-1.8.0.232.b09-0.el7_7.x86_64/jre/../lib/tools.jar:/home/user/.m2/repository/org/apache/hadoop/hadoop-distcp/3.2.1/hadoop-distcp-3.2.1-tests.jar:"/>
    <property name="sun.cpu.endian" value="little"/>
    <property name="user.home" value="/home/user"/>
    <property name="user.language" value="en"/>
    <property name="java.specification.vendor" value="Oracle Corporation"/>
    <property name="java.home" value="/usr/lib/jvm/java-1.8.0-openjdk-1.8.0.232.b09-0.el7_7.x86_64/jre"/>
    <property name="java.security.krb5.conf" value="/github/workspace/mnt/ozone/hadoop-ozone/integration-test/target/test-classes/krb5.conf"/>
    <property name="basedir" value="/github/workspace/mnt/ozone/hadoop-ozone/integration-test"/>
    <property name="file.separator" value="/"/>
    <property name="line.separator" value="&#10;"/>
    <property name="java.vm.specification.vendor" value="Oracle Corporation"/>
    <property name="java.specification.name" value="Java Platform API Specification"/>
    <property name="java.awt.graphicsenv" value="sun.awt.X11GraphicsEnvironment"/>
    <property name="skip.installnpx" value="true"/>
    <property name="surefire.real.class.path" value="/github/workspace/mnt/ozone/hadoop-ozone/integration-test/target/surefire/surefirebooter7494313368044112382.jar:/home/user/.m2/repository/org/jacoco/org.jacoco.agent/0.8.5/org.jacoco.agent-0.8.5-runtime.jar"/>
    <property name="hadoop.log.dir" value="/github/workspace/mnt/ozone/hadoop-ozone/integration-test/target/log"/>
    <property name="sun.boot.class.path" value="/usr/lib/jvm/java-1.8.0-openjdk-1.8.0.232.b09-0.el7_7.x86_64/jre/lib/resources.jar:/usr/lib/jvm/java-1.8.0-openjdk-1.8.0.232.b09-0.el7_7.x86_64/jre/lib/rt.jar:/usr/lib/jvm/java-1.8.0-openjdk-1.8.0.232.b09-0.el7_7.x86_64/jre/lib/sunrsasign.jar:/usr/lib/jvm/java-1.8.0-openjdk-1.8.0.232.b09-0.el7_7.x86_64/jre/lib/jsse.jar:/usr/lib/jvm/java-1.8.0-openjdk-1.8.0.232.b09-0.el7_7.x86_64/jre/lib/jce.jar:/usr/lib/jvm/java-1.8.0-openjdk-1.8.0.232.b09-0.el7_7.x86_64/jre/lib/charsets.jar:/usr/lib/jvm/java-1.8.0-openjdk-1.8.0.232.b09-0.el7_7.x86_64/jre/lib/jfr.jar:/usr/lib/jvm/java-1.8.0-openjdk-1.8.0.232.b09-0.el7_7.x86_64/jre/classes"/>
    <property name="sun.management.compiler" value="HotSpot 64-Bit Tiered Compilers"/>
    <property name="skip.npx" value="true"/>
    <property name="java.runtime.version" value="1.8.0_232-b09"/>
    <property name="java.net.preferIPv4Stack" value="true"/>
    <property name="user.name" value="jenkins1001"/>
    <property name="path.separator" value=":"/>
    <property name="java.security.egd" value="file:///dev/urandom"/>
    <property name="os.version" value="5.4.0-1032-azure"/>
    <property name="java.endorsed.dirs" value="/usr/lib/jvm/java-1.8.0-openjdk-1.8.0.232.b09-0.el7_7.x86_64/jre/lib/endorsed"/>
    <property name="java.runtime.name" value="OpenJDK Runtime Environment"/>
    <property name="file.encoding" value="ANSI_X3.4-1968"/>
    <property name="java.vm.name" value="OpenJDK 64-Bit Server VM"/>
    <property name="test.build.webapps" value=""/>
    <property name="localRepository" value="/home/user/.m2/repository"/>
    <property name="java.vendor.url.bug" value="http://bugreport.sun.com/bugreport/"/>
    <property name="java.io.tmpdir" value="/tmp"/>
    <property name="require.test.libhadoop" value=""/>
    <property name="java.version" value="1.8.0_232"/>
    <property name="user.dir" value="/github/workspace/mnt/ozone/hadoop-ozone/integration-test"/>
    <property name="os.arch" value="amd64"/>
    <property name="java.vm.specification.name" value="Java Virtual Machine Specification"/>
    <property name="test.build.classes" value="/github/workspace/mnt/ozone/hadoop-ozone/integration-test/target/test-classes"/>
    <property name="java.awt.printerjob" value="sun.print.PSPrinterJob"/>
    <property name="sun.os.patch.level" value="unknown"/>
    <property name="hadoop.tmp.dir" value="/github/workspace/mnt/ozone/hadoop-ozone/integration-test/target/tmp"/>
    <property name="java.library.path" value="/usr/lib:/usr/java/packages/lib/amd64:/usr/lib64:/lib64:/lib:/usr/lib"/>
    <property name="java.vm.info" value="mixed mode"/>
    <property name="java.vendor" value="Oracle Corporation"/>
    <property name="java.vm.version" value="25.232-b09"/>
    <property name="java.ext.dirs" value="/usr/lib/jvm/java-1.8.0-openjdk-1.8.0.232.b09-0.el7_7.x86_64/jre/lib/ext:/usr/java/packages/lib/ext"/>
    <property name="sun.io.unicode.encoding" value="UnicodeLittle"/>
    <property name="java.class.version" value="52.0"/>
  </properties>
  <testcase name="testStoppedMaintenanceNodeTakesScmStateOnRestart" classname="org.apache.hadoop.ozone.scm.node.TestDecommissionAndMaintenance" time="47.145"/>
  <testcase name="testContainerIsReplicatedWhenAllNodesGotoMaintenance" classname="org.apache.hadoop.ozone.scm.node.TestDecommissionAndMaintenance" time="44.206"/>
  <testcase name="testDecommissionedStateReinstatedAfterSCMRestart" classname="org.apache.hadoop.ozone.scm.node.TestDecommissionAndMaintenance" time="36.666"/>
  <testcase name="testMaintenanceEndsAutomaticallyAtTimeout" classname="org.apache.hadoop.ozone.scm.node.TestDecommissionAndMaintenance" time="57.802"/>
  <testcase name="testDecommissionedNodeCanBeRecommissioned" classname="org.apache.hadoop.ozone.scm.node.TestDecommissionAndMaintenance" time="24.85"/>
  <testcase name="testNodeWithOpenPipelineCanBeDecommissioned" classname="org.apache.hadoop.ozone.scm.node.TestDecommissionAndMaintenance" time="31.329">
    <failure message="expected:&lt;4&gt; but was:&lt;5&gt;" type="junit.framework.AssertionFailedError"><![CDATA[junit.framework.AssertionFailedError: expected:<4> but was:<5>
	at junit.framework.Assert.fail(Assert.java:57)
	at junit.framework.Assert.failNotEquals(Assert.java:329)
	at junit.framework.Assert.assertEquals(Assert.java:78)
	at junit.framework.Assert.assertEquals(Assert.java:234)
	at junit.framework.Assert.assertEquals(Assert.java:241)
	at junit.framework.TestCase.assertEquals(TestCase.java:409)
	at org.apache.hadoop.ozone.scm.node.TestDecommissionAndMaintenance.testNodeWithOpenPipelineCanBeDecommissioned(TestDecommissionAndMaintenance.java:169)
	at sun.reflect.NativeMethodAccessorImpl.invoke0(Native Method)
	at sun.reflect.NativeMethodAccessorImpl.invoke(NativeMethodAccessorImpl.java:62)
	at sun.reflect.DelegatingMethodAccessorImpl.invoke(DelegatingMethodAccessorImpl.java:43)
	at java.lang.reflect.Method.invoke(Method.java:498)
	at org.junit.runners.model.FrameworkMethod$1.runReflectiveCall(FrameworkMethod.java:47)
	at org.junit.internal.runners.model.ReflectiveCallable.run(ReflectiveCallable.java:12)
	at org.junit.runners.model.FrameworkMethod.invokeExplosively(FrameworkMethod.java:44)
	at org.junit.internal.runners.statements.InvokeMethod.evaluate(InvokeMethod.java:17)
	at org.junit.internal.runners.statements.RunBefores.evaluate(RunBefores.java:26)
	at org.junit.internal.runners.statements.RunAfters.evaluate(RunAfters.java:27)
	at org.junit.runners.ParentRunner.runLeaf(ParentRunner.java:271)
	at org.junit.runners.BlockJUnit4ClassRunner.runChild(BlockJUnit4ClassRunner.java:70)
	at org.junit.runners.BlockJUnit4ClassRunner.runChild(BlockJUnit4ClassRunner.java:50)
	at org.junit.runners.ParentRunner$3.run(ParentRunner.java:238)
	at org.junit.runners.ParentRunner$1.schedule(ParentRunner.java:63)
	at org.junit.runners.ParentRunner.runChildren(ParentRunner.java:236)
	at org.junit.runners.ParentRunner.access$000(ParentRunner.java:53)
	at org.junit.runners.ParentRunner$2.evaluate(ParentRunner.java:229)
	at org.junit.runners.ParentRunner.run(ParentRunner.java:309)
	at org.apache.maven.surefire.junit4.JUnit4Provider.execute(JUnit4Provider.java:365)
	at org.apache.maven.surefire.junit4.JUnit4Provider.executeWithRerun(JUnit4Provider.java:273)
	at org.apache.maven.surefire.junit4.JUnit4Provider.executeTestSet(JUnit4Provider.java:238)
	at org.apache.maven.surefire.junit4.JUnit4Provider.invoke(JUnit4Provider.java:159)
	at org.apache.maven.surefire.booter.ForkedBooter.invokeProviderInSameClassLoader(ForkedBooter.java:384)
	at org.apache.maven.surefire.booter.ForkedBooter.runSuitesInProcess(ForkedBooter.java:345)
	at org.apache.maven.surefire.booter.ForkedBooter.execute(ForkedBooter.java:126)
	at org.apache.maven.surefire.booter.ForkedBooter.main(ForkedBooter.java:418)
]]></failure>
    <system-out><![CDATA[2020-12-23 14:05:34,756 [Listener at 127.0.0.1/33291] WARN  server.ServerUtils (ServerUtils.java:getScmDbDir(148)) - ozone.scm.db.dirs is not configured. We recommend adding this setting. Falling back to ozone.metadata.dirs instead.
2020-12-23 14:05:34,758 [Listener at 127.0.0.1/33291] WARN  server.ServerUtils (ServerUtils.java:getScmDbDir(148)) - ozone.scm.db.dirs is not configured. We recommend adding this setting. Falling back to ozone.metadata.dirs instead.
2020-12-23 14:05:34,759 [Listener at 127.0.0.1/33291] WARN  db.DBStoreBuilder (DBStoreBuilder.java:applyDBDefinition(145)) - ozone.scm.db.dirs is not configured. We recommend adding this setting. Falling back to ozone.metadata.dirs instead.
2020-12-23 14:05:34,782 [Listener at 127.0.0.1/33291] INFO  net.NodeSchemaLoader (NodeSchemaLoader.java:loadSchemaFromFile(126)) - Loading file from sun.misc.CompoundEnumeration@24406d54
2020-12-23 14:05:34,782 [Listener at 127.0.0.1/33291] INFO  net.NodeSchemaLoader (NodeSchemaLoader.java:loadSchema(172)) - Loading network topology layer schema file
2020-12-23 14:05:34,793 [Listener at 127.0.0.1/33291] INFO  node.SCMNodeManager (SCMNodeManager.java:<init>(123)) - Entering startup safe mode.
2020-12-23 14:05:34,793 [Listener at 127.0.0.1/33291] INFO  algorithms.ContainerPlacementPolicyFactory (ContainerPlacementPolicyFactory.java:getPolicy(60)) - Create container placement policy of type org.apache.hadoop.hdds.scm.container.placement.algorithms.SCMContainerPlacementRandom
2020-12-23 14:05:34,794 [Listener at 127.0.0.1/33291] INFO  algorithms.LeaderChoosePolicyFactory (LeaderChoosePolicyFactory.java:getPolicy(57)) - Create leader choose policy of type org.apache.hadoop.hdds.scm.pipeline.leader.choose.algorithms.DefaultLeaderChoosePolicy
2020-12-23 14:05:34,794 [Listener at 127.0.0.1/33291] INFO  pipeline.SCMPipelineManager (SCMPipelineManager.java:initializePipelineState(161)) - No pipeline exists in current db
2020-12-23 14:05:34,794 [Listener at 127.0.0.1/33291] INFO  algorithms.PipelineChoosePolicyFactory (PipelineChoosePolicyFactory.java:createPipelineChoosePolicyFromClass(75)) - Create pipeline choose policy of type org.apache.hadoop.hdds.scm.pipeline.choose.algorithms.RandomPipelineChoosePolicy
2020-12-23 14:05:34,795 [Listener at 127.0.0.1/33291] INFO  safemode.HealthyPipelineSafeModeRule (HealthyPipelineSafeModeRule.java:<init>(89)) - Total pipeline count is 0, healthy pipeline threshold count is 0
2020-12-23 14:05:34,795 [Listener at 127.0.0.1/33291] INFO  safemode.OneReplicaPipelineSafeModeRule (OneReplicaPipelineSafeModeRule.java:<init>(84)) - Total pipeline count is 0, pipeline's with at least one datanode reported threshold count is 0
2020-12-23 14:05:34,796 [Listener at 127.0.0.1/33291] INFO  ipc.CallQueueManager (CallQueueManager.java:<init>(84)) - Using callQueue: class java.util.concurrent.LinkedBlockingQueue, queueCapacity: 2000, scheduler: class org.apache.hadoop.ipc.DefaultRpcScheduler, ipcBackoff: false.
2020-12-23 14:05:34,796 [Socket Reader #1 for port 0] INFO  ipc.Server (Server.java:run(1219)) - Starting Socket Reader #1 for port 0
2020-12-23 14:05:34,797 [Listener at 0.0.0.0/45725] INFO  ipc.CallQueueManager (CallQueueManager.java:<init>(84)) - Using callQueue: class java.util.concurrent.LinkedBlockingQueue, queueCapacity: 2000, scheduler: class org.apache.hadoop.ipc.DefaultRpcScheduler, ipcBackoff: false.
2020-12-23 14:05:34,798 [Socket Reader #1 for port 0] INFO  ipc.Server (Server.java:run(1219)) - Starting Socket Reader #1 for port 0
2020-12-23 14:05:34,798 [Listener at 0.0.0.0/33659] INFO  ipc.CallQueueManager (CallQueueManager.java:<init>(84)) - Using callQueue: class java.util.concurrent.LinkedBlockingQueue, queueCapacity: 2000, scheduler: class org.apache.hadoop.ipc.DefaultRpcScheduler, ipcBackoff: false.
2020-12-23 14:05:34,799 [Socket Reader #1 for port 0] INFO  ipc.Server (Server.java:run(1219)) - Starting Socket Reader #1 for port 0
2020-12-23 14:05:34,805 [Listener at 0.0.0.0/36155] INFO  http.BaseHttpServer (BaseHttpServer.java:newHttpServer2BuilderForOzone(207)) - Starting Web-server for scm at: http://0.0.0.0:0
2020-12-23 14:05:34,805 [Listener at 0.0.0.0/36155] INFO  http.BaseHttpServer (BaseHttpServer.java:<init>(106)) - Hadoop Security Enabled: false Ozone Security Enabled: false Ozone HTTP Security Enabled: false 
2020-12-23 14:05:34,806 [Listener at 0.0.0.0/36155] INFO  server.AuthenticationFilter (AuthenticationFilter.java:constructSecretProvider(240)) - Unable to initialize FileSignerSecretProvider, falling back to use random secrets.
2020-12-23 14:05:34,806 [Listener at 0.0.0.0/36155] WARN  http.HttpRequestLog (HttpRequestLog.java:getRequestLog(103)) - Jetty request log can only be enabled using Log4j
2020-12-23 14:05:34,807 [Listener at 0.0.0.0/36155] INFO  http.HttpServer2 (HttpServer2.java:addGlobalFilter(1020)) - Added global filter 'safety' (class=org.apache.hadoop.hdds.server.http.HttpServer2$QuotingInputFilter)
2020-12-23 14:05:34,808 [Listener at 0.0.0.0/36155] INFO  http.HttpServer2 (HttpServer2.java:addFilter(996)) - Added filter static_user_filter (class=org.apache.hadoop.http.lib.StaticUserWebFilter$StaticUserFilter) to context scm
2020-12-23 14:05:34,808 [Listener at 0.0.0.0/36155] INFO  http.HttpServer2 (HttpServer2.java:addFilter(1004)) - Added filter static_user_filter (class=org.apache.hadoop.http.lib.StaticUserWebFilter$StaticUserFilter) to context logs
2020-12-23 14:05:34,808 [Listener at 0.0.0.0/36155] INFO  http.HttpServer2 (HttpServer2.java:addFilter(1004)) - Added filter static_user_filter (class=org.apache.hadoop.http.lib.StaticUserWebFilter$StaticUserFilter) to context static
2020-12-23 14:05:34,809 [Listener at 0.0.0.0/36155] INFO  server.StorageContainerManager (StorageContainerManager.java:start(789)) - StorageContainerLocationProtocol RPC server is listening at /0.0.0.0:36155
2020-12-23 14:05:34,811 [Listener at 0.0.0.0/36155] WARN  impl.MetricsConfig (MetricsConfig.java:loadFirst(134)) - Cannot locate configuration: tried hadoop-metrics2-storagecontainermanager.properties,hadoop-metrics2.properties
2020-12-23 14:05:34,811 [Listener at 0.0.0.0/36155] INFO  impl.MetricsSystemImpl (MetricsSystemImpl.java:startTimer(374)) - Scheduled Metric snapshot period at 10 second(s).
2020-12-23 14:05:34,811 [Listener at 0.0.0.0/36155] INFO  impl.MetricsSystemImpl (MetricsSystemImpl.java:start(191)) - StorageContainerManager metrics system started
2020-12-23 14:05:34,823 [Listener at 0.0.0.0/36155] WARN  impl.MetricsSystemImpl (MetricsSystemImpl.java:register(276)) - Sink prometheus already exists!
2020-12-23 14:05:34,841 [Listener at 0.0.0.0/36155] INFO  server.SCMClientProtocolServer (SCMClientProtocolServer.java:start(159)) - RPC server for Client  is listening at /0.0.0.0:36155
2020-12-23 14:05:34,845 [IPC Server listener on 0] INFO  ipc.Server (Server.java:run(1298)) - IPC Server listener on 0: starting
2020-12-23 14:05:34,846 [IPC Server Responder] INFO  ipc.Server (Server.java:run(1460)) - IPC Server Responder: starting
2020-12-23 14:05:34,853 [Listener at 0.0.0.0/36155] INFO  server.StorageContainerManager (StorageContainerManager.java:start(801)) - ScmBlockLocationProtocol RPC server is listening at /0.0.0.0:33659
2020-12-23 14:05:34,853 [Listener at 0.0.0.0/36155] INFO  server.SCMBlockProtocolServer (SCMBlockProtocolServer.java:start(150)) - RPC server for Block Protocol is listening at /0.0.0.0:33659
2020-12-23 14:05:34,854 [IPC Server Responder] INFO  ipc.Server (Server.java:run(1460)) - IPC Server Responder: starting
2020-12-23 14:05:34,854 [IPC Server listener on 0] INFO  ipc.Server (Server.java:run(1298)) - IPC Server listener on 0: starting
2020-12-23 14:05:34,858 [Listener at 0.0.0.0/36155] INFO  server.StorageContainerManager (StorageContainerManager.java:start(807)) - ScmDatanodeProtocl RPC server is listening at /0.0.0.0:45725
2020-12-23 14:05:34,858 [Listener at 0.0.0.0/36155] INFO  server.SCMDatanodeProtocolServer (SCMDatanodeProtocolServer.java:start(174)) - RPC server for DataNodes is listening at /0.0.0.0:45725
2020-12-23 14:05:34,858 [IPC Server Responder] INFO  ipc.Server (Server.java:run(1460)) - IPC Server Responder: starting
2020-12-23 14:05:34,858 [IPC Server listener on 0] INFO  ipc.Server (Server.java:run(1298)) - IPC Server listener on 0: starting
2020-12-23 14:05:34,860 [Listener at 0.0.0.0/36155] INFO  http.HttpServer2 (HttpServer2.java:bindListener(1238)) - Jetty bound to port 43649
2020-12-23 14:05:34,860 [Listener at 0.0.0.0/36155] INFO  server.Server (Server.java:doStart(375)) - jetty-9.4.34.v20201102; built: 2020-11-02T14:15:39.302Z; git: e46af88704a893fc12cb0e3bf46e2c7b48a009e7; jvm 1.8.0_232-b09
2020-12-23 14:05:34,863 [Listener at 0.0.0.0/36155] INFO  server.session (DefaultSessionIdManager.java:doStart(334)) - DefaultSessionIdManager workerName=node0
2020-12-23 14:05:34,863 [Listener at 0.0.0.0/36155] INFO  server.session (DefaultSessionIdManager.java:doStart(339)) - No SessionScavenger set, using defaults
2020-12-23 14:05:34,863 [Listener at 0.0.0.0/36155] INFO  server.session (HouseKeeper.java:startScavenging(132)) - node0 Scavenging every 600000ms
2020-12-23 14:05:34,869 [Listener at 0.0.0.0/36155] INFO  handler.ContextHandler (ContextHandler.java:doStart(916)) - Started o.e.j.s.ServletContextHandler@65747311{logs,/logs,file:///github/workspace/mnt/ozone/hadoop-ozone/integration-test/target/log,AVAILABLE}
2020-12-23 14:05:34,869 [Listener at 0.0.0.0/36155] INFO  handler.ContextHandler (ContextHandler.java:doStart(916)) - Started o.e.j.s.ServletContextHandler@48af8567{static,/static,file:///github/workspace/mnt/ozone/hadoop-ozone/integration-test/target/test-classes/webapps/static,AVAILABLE}
2020-12-23 14:05:34,872 [Listener at 0.0.0.0/36155] INFO  handler.ContextHandler (ContextHandler.java:doStart(916)) - Started o.e.j.w.WebAppContext@1d19a83d{scm,/,file:///github/workspace/mnt/ozone/hadoop-ozone/integration-test/target/test-classes/webapps/scm/,AVAILABLE}{file:/github/workspace/mnt/ozone/hadoop-ozone/integration-test/target/test-classes/webapps/scm}
2020-12-23 14:05:34,880 [Listener at 0.0.0.0/36155] INFO  server.AbstractConnector (AbstractConnector.java:doStart(331)) - Started ServerConnector@5ed921c9{HTTP/1.1, (http/1.1)}{0.0.0.0:43649}
2020-12-23 14:05:34,880 [Listener at 0.0.0.0/36155] INFO  server.Server (Server.java:doStart(415)) - Started @211717ms
2020-12-23 14:05:34,880 [Listener at 0.0.0.0/36155] WARN  impl.MetricsSystemImpl (MetricsSystemImpl.java:register(276)) - Sink prometheus already exists!
2020-12-23 14:05:34,883 [Listener at 0.0.0.0/36155] INFO  http.BaseHttpServer (BaseHttpServer.java:updateConnectorAddress(327)) - HTTP server of scm listening at http://0.0.0.0:43649
2020-12-23 14:05:34,885 [Listener at 0.0.0.0/36155] WARN  server.ServerUtils (ServerUtils.java:getDBPath(225)) - ozone.om.db.dirs is not configured. We recommend adding this setting. Falling back to ozone.metadata.dirs instead.
2020-12-23 14:05:34,887 [org.apache.hadoop.util.JvmPauseMonitor$Monitor@b5ceafa] INFO  util.JvmPauseMonitor (JvmPauseMonitor.java:run(188)) - Starting JVM pause monitor
2020-12-23 14:05:34,888 [Listener at 0.0.0.0/36155] INFO  ha.OMHANodeDetails (OMHANodeDetails.java:loadOMHAConfig(104)) - ozone.om.internal.service.id is not defined, falling back to ozone.om.service.ids to find serviceID for OzoneManager if it is HA enabled cluster
2020-12-23 14:05:34,888 [Listener at 0.0.0.0/36155] INFO  ha.OMHANodeDetails (OMHANodeDetails.java:loadOMHAConfig(213)) - Configuration either no ozone.om.address set. Falling back to the default OM address /127.0.0.1:0
2020-12-23 14:05:34,888 [Listener at 0.0.0.0/36155] INFO  ha.OMHANodeDetails (OMHANodeDetails.java:getOMNodeDetails(241)) - OM Service ID is not set. Setting it to the default ID: omServiceIdDefault
2020-12-23 14:05:34,888 [Listener at 0.0.0.0/36155] WARN  server.ServerUtils (ServerUtils.java:getDBPath(225)) - ozone.om.db.dirs is not configured. We recommend adding this setting. Falling back to ozone.metadata.dirs instead.
2020-12-23 14:05:34,888 [Listener at 0.0.0.0/36155] WARN  server.ServerUtils (ServerUtils.java:getDBPath(225)) - ozone.om.db.dirs is not configured. We recommend adding this setting. Falling back to ozone.metadata.dirs instead.
2020-12-23 14:05:34,892 [Listener at 0.0.0.0/36155] WARN  server.ServerUtils (ServerUtils.java:getDBPath(225)) - ozone.om.db.dirs is not configured. We recommend adding this setting. Falling back to ozone.metadata.dirs instead.
2020-12-23 14:05:34,893 [Listener at 0.0.0.0/36155] INFO  codec.OmKeyInfoCodec (OmKeyInfoCodec.java:<init>(41)) - OmKeyInfoCodec ignorePipeline = true
2020-12-23 14:05:34,893 [Listener at 0.0.0.0/36155] INFO  codec.RepeatedOmKeyInfoCodec (RepeatedOmKeyInfoCodec.java:<init>(40)) - RepeatedOmKeyInfoCodec ignorePipeline = true
2020-12-23 14:05:34,946 [Listener at 0.0.0.0/36155] INFO  om.OzoneManager (OzoneManager.java:addS3GVolumeToDB(3753)) - Created Volume s3v With Owner jenkins1001 required for S3Gateway operations.
2020-12-23 14:05:34,952 [Listener at 0.0.0.0/36155] INFO  ipc.CallQueueManager (CallQueueManager.java:<init>(84)) - Using callQueue: class java.util.concurrent.LinkedBlockingQueue, queueCapacity: 2000, scheduler: class org.apache.hadoop.ipc.DefaultRpcScheduler, ipcBackoff: false.
2020-12-23 14:05:34,953 [Socket Reader #1 for port 0] INFO  ipc.Server (Server.java:run(1219)) - Starting Socket Reader #1 for port 0
2020-12-23 14:05:34,968 [Listener at 127.0.0.1/39909] INFO  impl.MetricsSystemImpl (MetricsSystemImpl.java:init(158)) - OzoneManager metrics system started (again)
2020-12-23 14:05:34,969 [Listener at 127.0.0.1/39909] INFO  om.OzoneManager (OzoneManager.java:start(1161)) - OzoneManager RPC server is listening at localhost/127.0.0.1:39909
2020-12-23 14:05:34,974 [Listener at 127.0.0.1/39909] INFO  http.BaseHttpServer (BaseHttpServer.java:newHttpServer2BuilderForOzone(207)) - Starting Web-server for ozoneManager at: http://0.0.0.0:0
2020-12-23 14:05:34,974 [Listener at 127.0.0.1/39909] INFO  http.BaseHttpServer (BaseHttpServer.java:<init>(106)) - Hadoop Security Enabled: false Ozone Security Enabled: false Ozone HTTP Security Enabled: false 
2020-12-23 14:05:34,975 [Listener at 127.0.0.1/39909] INFO  server.AuthenticationFilter (AuthenticationFilter.java:constructSecretProvider(240)) - Unable to initialize FileSignerSecretProvider, falling back to use random secrets.
2020-12-23 14:05:34,975 [Listener at 127.0.0.1/39909] WARN  http.HttpRequestLog (HttpRequestLog.java:getRequestLog(103)) - Jetty request log can only be enabled using Log4j
2020-12-23 14:05:34,976 [Listener at 127.0.0.1/39909] INFO  http.HttpServer2 (HttpServer2.java:addGlobalFilter(1020)) - Added global filter 'safety' (class=org.apache.hadoop.hdds.server.http.HttpServer2$QuotingInputFilter)
2020-12-23 14:05:34,977 [Listener at 127.0.0.1/39909] INFO  http.HttpServer2 (HttpServer2.java:addFilter(996)) - Added filter static_user_filter (class=org.apache.hadoop.http.lib.StaticUserWebFilter$StaticUserFilter) to context ozoneManager
2020-12-23 14:05:34,977 [Listener at 127.0.0.1/39909] INFO  http.HttpServer2 (HttpServer2.java:addFilter(1004)) - Added filter static_user_filter (class=org.apache.hadoop.http.lib.StaticUserWebFilter$StaticUserFilter) to context logs
2020-12-23 14:05:34,977 [Listener at 127.0.0.1/39909] INFO  http.HttpServer2 (HttpServer2.java:addFilter(1004)) - Added filter static_user_filter (class=org.apache.hadoop.http.lib.StaticUserWebFilter$StaticUserFilter) to context static
2020-12-23 14:05:34,977 [Listener at 127.0.0.1/39909] INFO  http.HttpServer2 (HttpServer2.java:bindListener(1238)) - Jetty bound to port 38471
2020-12-23 14:05:34,978 [Listener at 127.0.0.1/39909] INFO  server.Server (Server.java:doStart(375)) - jetty-9.4.34.v20201102; built: 2020-11-02T14:15:39.302Z; git: e46af88704a893fc12cb0e3bf46e2c7b48a009e7; jvm 1.8.0_232-b09
2020-12-23 14:05:34,979 [Listener at 127.0.0.1/39909] INFO  server.session (DefaultSessionIdManager.java:doStart(334)) - DefaultSessionIdManager workerName=node0
2020-12-23 14:05:34,979 [Listener at 127.0.0.1/39909] INFO  server.session (DefaultSessionIdManager.java:doStart(339)) - No SessionScavenger set, using defaults
2020-12-23 14:05:34,979 [Listener at 127.0.0.1/39909] INFO  server.session (HouseKeeper.java:startScavenging(132)) - node0 Scavenging every 600000ms
2020-12-23 14:05:34,981 [Listener at 127.0.0.1/39909] INFO  handler.ContextHandler (ContextHandler.java:doStart(916)) - Started o.e.j.s.ServletContextHandler@2203fa4c{logs,/logs,file:///github/workspace/mnt/ozone/hadoop-ozone/integration-test/target/log,AVAILABLE}
2020-12-23 14:05:34,982 [Listener at 127.0.0.1/39909] INFO  handler.ContextHandler (ContextHandler.java:doStart(916)) - Started o.e.j.s.ServletContextHandler@247113ce{static,/static,file:///github/workspace/mnt/ozone/hadoop-ozone/integration-test/target/test-classes/webapps/static,AVAILABLE}
2020-12-23 14:05:34,986 [Listener at 127.0.0.1/39909] INFO  handler.ContextHandler (ContextHandler.java:doStart(916)) - Started o.e.j.w.WebAppContext@67b9b79c{ozoneManager,/,file:///github/workspace/mnt/ozone/hadoop-ozone/integration-test/target/test-classes/webapps/ozoneManager/,AVAILABLE}{file:/github/workspace/mnt/ozone/hadoop-ozone/integration-test/target/test-classes/webapps/ozoneManager}
2020-12-23 14:05:34,988 [Listener at 127.0.0.1/39909] INFO  server.AbstractConnector (AbstractConnector.java:doStart(331)) - Started ServerConnector@35c9e3b9{HTTP/1.1, (http/1.1)}{0.0.0.0:38471}
2020-12-23 14:05:34,988 [Listener at 127.0.0.1/39909] INFO  server.Server (Server.java:doStart(415)) - Started @211825ms
2020-12-23 14:05:34,988 [Listener at 127.0.0.1/39909] WARN  impl.MetricsSystemImpl (MetricsSystemImpl.java:register(276)) - Sink prometheus already exists!
2020-12-23 14:05:34,991 [Listener at 127.0.0.1/39909] INFO  http.BaseHttpServer (BaseHttpServer.java:updateConnectorAddress(327)) - HTTP server of ozoneManager listening at http://0.0.0.0:38471
2020-12-23 14:05:34,992 [IPC Server Responder] INFO  ipc.Server (Server.java:run(1460)) - IPC Server Responder: starting
2020-12-23 14:05:34,992 [IPC Server listener on 0] INFO  ipc.Server (Server.java:run(1298)) - IPC Server listener on 0: starting
2020-12-23 14:05:34,993 [Listener at 127.0.0.1/39909] INFO  om.OzoneManager (OzoneManager.java:startTrashEmptier(1282)) - Trash Interval set to 0. Files deleted will not move to trash
2020-12-23 14:05:35,005 [org.apache.hadoop.util.JvmPauseMonitor$Monitor@1bd051c4] INFO  util.JvmPauseMonitor (JvmPauseMonitor.java:run(188)) - Starting JVM pause monitor
2020-12-23 14:05:35,010 [Listener at 127.0.0.1/39909] INFO  impl.MetricsSystemImpl (MetricsSystemImpl.java:init(158)) - HddsDatanode metrics system started (again)
2020-12-23 14:05:35,011 [Listener at 127.0.0.1/39909] INFO  ozone.HddsDatanodeService (HddsDatanodeService.java:start(217)) - HddsDatanodeService host:8eef00ac434c ip:172.17.0.2
2020-12-23 14:05:35,012 [Listener at 127.0.0.1/39909] INFO  volume.HddsVolume (HddsVolume.java:<init>(176)) - Creating Volume: /github/workspace/mnt/ozone/hadoop-ozone/integration-test/target/test-dir/MiniOzoneClusterImpl-4d4d8361-1f31-4e15-8531-152295c781bb/datanode-0/data-0/containers/hdds of storage type : DISK and capacity : 9223372036854775807
2020-12-23 14:05:35,013 [Listener at 127.0.0.1/39909] INFO  volume.MutableVolumeSet (MutableVolumeSet.java:initializeVolumeSet(179)) - Added Volume : /github/workspace/mnt/ozone/hadoop-ozone/integration-test/target/test-dir/MiniOzoneClusterImpl-4d4d8361-1f31-4e15-8531-152295c781bb/datanode-0/data-0/containers/hdds to VolumeSet
2020-12-23 14:05:35,013 [Listener at 127.0.0.1/39909] INFO  volume.ThrottledAsyncChecker (ThrottledAsyncChecker.java:schedule(141)) - Scheduling a check for /github/workspace/mnt/ozone/hadoop-ozone/integration-test/target/test-dir/MiniOzoneClusterImpl-4d4d8361-1f31-4e15-8531-152295c781bb/datanode-0/data-0/containers/hdds
2020-12-23 14:05:35,013 [Listener at 127.0.0.1/39909] INFO  volume.HddsVolumeChecker (HddsVolumeChecker.java:checkAllVolumes(200)) - Scheduled health check for volume /github/workspace/mnt/ozone/hadoop-ozone/integration-test/target/test-dir/MiniOzoneClusterImpl-4d4d8361-1f31-4e15-8531-152295c781bb/datanode-0/data-0/containers/hdds
2020-12-23 14:05:35,027 [Thread-3138] INFO  ozoneimpl.ContainerReader (ContainerReader.java:readVolume(123)) - Start to verify containers on volume /github/workspace/mnt/ozone/hadoop-ozone/integration-test/target/test-dir/MiniOzoneClusterImpl-4d4d8361-1f31-4e15-8531-152295c781bb/datanode-0/data-0/containers/hdds
2020-12-23 14:05:35,027 [Thread-3138] INFO  ozoneimpl.ContainerReader (ContainerReader.java:readVolume(148)) - Finish verifying containers on volume /github/workspace/mnt/ozone/hadoop-ozone/integration-test/target/test-dir/MiniOzoneClusterImpl-4d4d8361-1f31-4e15-8531-152295c781bb/datanode-0/data-0/containers/hdds
2020-12-23 14:05:35,027 [Listener at 127.0.0.1/39909] INFO  ozoneimpl.OzoneContainer (OzoneContainer.java:buildContainerSet(194)) - Build ContainerSet costs 0s
2020-12-23 14:05:35,029 [Listener at 127.0.0.1/39909] INFO  server.RaftServer (ConfUtils.java:logGet(44)) - raft.rpc.type = GRPC (default)
2020-12-23 14:05:35,029 [Listener at 127.0.0.1/39909] INFO  grpc.GrpcFactory (GrpcFactory.java:checkPooledByteBufAllocatorUseCacheForAllThreads(48)) - PERFORMANCE WARNING: useCacheForAllThreads is true that may cause Netty to create a lot garbage objects and, as a result, trigger GC.
	It is recommended to disable useCacheForAllThreads by setting -Dorg.apache.ratis.thirdparty.io.netty.allocator.useCacheForAllThreads=false in command line.
2020-12-23 14:05:35,029 [Listener at 127.0.0.1/39909] INFO  grpc.GrpcConfigKeys (ConfUtils.java:logGet(44)) - raft.grpc.server.port = 0 (default)
2020-12-23 14:05:35,029 [Listener at 127.0.0.1/39909] INFO  server.GrpcService (ConfUtils.java:logGet(44)) - raft.grpc.message.size.max = 32MB (=33554432) (custom)
2020-12-23 14:05:35,029 [Listener at 127.0.0.1/39909] INFO  server.RaftServerConfigKeys (ConfUtils.java:logGet(44)) - raft.server.log.appender.buffer.byte-limit = 33554432 (custom)
2020-12-23 14:05:35,029 [Listener at 127.0.0.1/39909] INFO  server.GrpcService (ConfUtils.java:logGet(44)) - raft.grpc.flow.control.window = 5MB (=5242880) (custom)
2020-12-23 14:05:35,029 [Listener at 127.0.0.1/39909] INFO  server.RaftServerConfigKeys (ConfUtils.java:logGet(44)) - raft.server.rpc.request.timeout = 60s (custom)
2020-12-23 14:05:35,030 [Listener at 127.0.0.1/39909] INFO  impl.DataStreamServerImpl (ConfUtils.java:logGet(44)) - raft.datastream.type = DISABLED (default)
2020-12-23 14:05:35,031 [Listener at 127.0.0.1/39909] INFO  server.RaftServerConfigKeys (ConfUtils.java:logGet(44)) - raft.server.rpc.slowness.timeout = 300s (custom)
2020-12-23 14:05:35,031 [Listener at 127.0.0.1/39909] INFO  server.RaftServerConfigKeys (ConfUtils.java:logGet(44)) - raft.server.leaderelection.leader.step-down.wait-time = 10s (default)
2020-12-23 14:05:35,031 [Listener at 127.0.0.1/39909] INFO  server.RaftServerConfigKeys (ConfUtils.java:logGet(44)) - raft.server.storage.dir = [/github/workspace/mnt/ozone/hadoop-ozone/integration-test/target/test-dir/MiniOzoneClusterImpl-4d4d8361-1f31-4e15-8531-152295c781bb/datanode-0/data/ratis] (custom)
2020-12-23 14:05:35,036 [Listener at 127.0.0.1/39909] INFO  http.BaseHttpServer (BaseHttpServer.java:newHttpServer2BuilderForOzone(207)) - Starting Web-server for hddsDatanode at: http://0.0.0.0:0
2020-12-23 14:05:35,036 [Listener at 127.0.0.1/39909] INFO  http.BaseHttpServer (BaseHttpServer.java:<init>(106)) - Hadoop Security Enabled: false Ozone Security Enabled: false Ozone HTTP Security Enabled: false 
2020-12-23 14:05:35,038 [Listener at 127.0.0.1/39909] INFO  server.AuthenticationFilter (AuthenticationFilter.java:constructSecretProvider(240)) - Unable to initialize FileSignerSecretProvider, falling back to use random secrets.
2020-12-23 14:05:35,038 [Listener at 127.0.0.1/39909] WARN  http.HttpRequestLog (HttpRequestLog.java:getRequestLog(103)) - Jetty request log can only be enabled using Log4j
2020-12-23 14:05:35,039 [Listener at 127.0.0.1/39909] INFO  http.HttpServer2 (HttpServer2.java:addGlobalFilter(1020)) - Added global filter 'safety' (class=org.apache.hadoop.hdds.server.http.HttpServer2$QuotingInputFilter)
2020-12-23 14:05:35,040 [Listener at 127.0.0.1/39909] INFO  http.HttpServer2 (HttpServer2.java:addFilter(996)) - Added filter static_user_filter (class=org.apache.hadoop.http.lib.StaticUserWebFilter$StaticUserFilter) to context hddsDatanode
2020-12-23 14:05:35,040 [Listener at 127.0.0.1/39909] INFO  http.HttpServer2 (HttpServer2.java:addFilter(1004)) - Added filter static_user_filter (class=org.apache.hadoop.http.lib.StaticUserWebFilter$StaticUserFilter) to context static
2020-12-23 14:05:35,040 [Listener at 127.0.0.1/39909] INFO  http.HttpServer2 (HttpServer2.java:addFilter(1004)) - Added filter static_user_filter (class=org.apache.hadoop.http.lib.StaticUserWebFilter$StaticUserFilter) to context logs
2020-12-23 14:05:35,040 [Listener at 127.0.0.1/39909] INFO  http.HttpServer2 (HttpServer2.java:bindListener(1238)) - Jetty bound to port 38573
2020-12-23 14:05:35,040 [Listener at 127.0.0.1/39909] INFO  server.Server (Server.java:doStart(375)) - jetty-9.4.34.v20201102; built: 2020-11-02T14:15:39.302Z; git: e46af88704a893fc12cb0e3bf46e2c7b48a009e7; jvm 1.8.0_232-b09
2020-12-23 14:05:35,041 [Listener at 127.0.0.1/39909] INFO  server.session (DefaultSessionIdManager.java:doStart(334)) - DefaultSessionIdManager workerName=node0
2020-12-23 14:05:35,042 [Listener at 127.0.0.1/39909] INFO  server.session (DefaultSessionIdManager.java:doStart(339)) - No SessionScavenger set, using defaults
2020-12-23 14:05:35,044 [Listener at 127.0.0.1/39909] INFO  server.session (HouseKeeper.java:startScavenging(132)) - node0 Scavenging every 660000ms
2020-12-23 14:05:35,044 [Listener at 127.0.0.1/39909] INFO  handler.ContextHandler (ContextHandler.java:doStart(916)) - Started o.e.j.s.ServletContextHandler@7852d8ed{logs,/logs,file:///github/workspace/mnt/ozone/hadoop-ozone/integration-test/target/log,AVAILABLE}
2020-12-23 14:05:35,045 [Listener at 127.0.0.1/39909] INFO  handler.ContextHandler (ContextHandler.java:doStart(916)) - Started o.e.j.s.ServletContextHandler@40d6d07c{static,/static,jar:file:/home/user/.m2/repository/org/apache/hadoop/hadoop-hdds-container-service/1.1.0-SNAPSHOT/hadoop-hdds-container-service-1.1.0-SNAPSHOT.jar!/webapps/static,AVAILABLE}
2020-12-23 14:05:35,206 [Listener at 127.0.0.1/39909] INFO  handler.ContextHandler (ContextHandler.java:doStart(916)) - Started o.e.j.w.WebAppContext@47af69bc{hddsDatanode,/,file:///tmp/jetty-0_0_0_0-38573-hadoop-hdds-container-service-1_1_0-SNAPSHOT_jar-_-any-5648239308618294805/webapp/,AVAILABLE}{jar:file:/home/user/.m2/repository/org/apache/hadoop/hadoop-hdds-container-service/1.1.0-SNAPSHOT/hadoop-hdds-container-service-1.1.0-SNAPSHOT.jar!/webapps/hddsDatanode}
2020-12-23 14:05:35,209 [Listener at 127.0.0.1/39909] INFO  server.AbstractConnector (AbstractConnector.java:doStart(331)) - Started ServerConnector@7e3f7bde{HTTP/1.1, (http/1.1)}{0.0.0.0:38573}
2020-12-23 14:05:35,209 [Listener at 127.0.0.1/39909] INFO  server.Server (Server.java:doStart(415)) - Started @212045ms
2020-12-23 14:05:35,209 [Listener at 127.0.0.1/39909] WARN  impl.MetricsSystemImpl (MetricsSystemImpl.java:register(276)) - Sink prometheus already exists!
2020-12-23 14:05:35,212 [Listener at 127.0.0.1/39909] INFO  http.BaseHttpServer (BaseHttpServer.java:updateConnectorAddress(327)) - HTTP server of hddsDatanode listening at http://0.0.0.0:38573
2020-12-23 14:05:35,213 [Listener at 127.0.0.1/39909] INFO  impl.MetricsSystemImpl (MetricsSystemImpl.java:init(158)) - HddsDatanode metrics system started (again)
2020-12-23 14:05:35,214 [Listener at 127.0.0.1/39909] INFO  ozone.HddsDatanodeService (HddsDatanodeService.java:start(217)) - HddsDatanodeService host:8eef00ac434c ip:172.17.0.2
2020-12-23 14:05:35,216 [Listener at 127.0.0.1/39909] INFO  volume.HddsVolume (HddsVolume.java:<init>(176)) - Creating Volume: /github/workspace/mnt/ozone/hadoop-ozone/integration-test/target/test-dir/MiniOzoneClusterImpl-4d4d8361-1f31-4e15-8531-152295c781bb/datanode-1/data-0/containers/hdds of storage type : DISK and capacity : 9223372036854775807
2020-12-23 14:05:35,216 [Listener at 127.0.0.1/39909] INFO  volume.MutableVolumeSet (MutableVolumeSet.java:initializeVolumeSet(179)) - Added Volume : /github/workspace/mnt/ozone/hadoop-ozone/integration-test/target/test-dir/MiniOzoneClusterImpl-4d4d8361-1f31-4e15-8531-152295c781bb/datanode-1/data-0/containers/hdds to VolumeSet
2020-12-23 14:05:35,216 [Listener at 127.0.0.1/39909] INFO  volume.ThrottledAsyncChecker (ThrottledAsyncChecker.java:schedule(141)) - Scheduling a check for /github/workspace/mnt/ozone/hadoop-ozone/integration-test/target/test-dir/MiniOzoneClusterImpl-4d4d8361-1f31-4e15-8531-152295c781bb/datanode-1/data-0/containers/hdds
2020-12-23 14:05:35,223 [org.apache.hadoop.util.JvmPauseMonitor$Monitor@15aec2ab] INFO  util.JvmPauseMonitor (JvmPauseMonitor.java:run(188)) - Starting JVM pause monitor
2020-12-23 14:05:35,223 [Listener at 127.0.0.1/39909] INFO  volume.HddsVolumeChecker (HddsVolumeChecker.java:checkAllVolumes(200)) - Scheduled health check for volume /github/workspace/mnt/ozone/hadoop-ozone/integration-test/target/test-dir/MiniOzoneClusterImpl-4d4d8361-1f31-4e15-8531-152295c781bb/datanode-1/data-0/containers/hdds
2020-12-23 14:05:35,226 [Datanode State Machine Task Thread - 0] INFO  datanode.InitDatanodeState (InitDatanodeState.java:persistContainerDatanodeDetails(145)) - DatanodeDetails is persisted to /github/workspace/mnt/ozone/hadoop-ozone/integration-test/target/test-dir/MiniOzoneClusterImpl-4d4d8361-1f31-4e15-8531-152295c781bb/datanode-0/meta/datanode.id
2020-12-23 14:05:35,237 [Thread-3149] INFO  ozoneimpl.ContainerReader (ContainerReader.java:readVolume(123)) - Start to verify containers on volume /github/workspace/mnt/ozone/hadoop-ozone/integration-test/target/test-dir/MiniOzoneClusterImpl-4d4d8361-1f31-4e15-8531-152295c781bb/datanode-1/data-0/containers/hdds
2020-12-23 14:05:35,237 [Thread-3149] INFO  ozoneimpl.ContainerReader (ContainerReader.java:readVolume(148)) - Finish verifying containers on volume /github/workspace/mnt/ozone/hadoop-ozone/integration-test/target/test-dir/MiniOzoneClusterImpl-4d4d8361-1f31-4e15-8531-152295c781bb/datanode-1/data-0/containers/hdds
2020-12-23 14:05:35,237 [Listener at 127.0.0.1/39909] INFO  ozoneimpl.OzoneContainer (OzoneContainer.java:buildContainerSet(194)) - Build ContainerSet costs 0s
2020-12-23 14:05:35,239 [Listener at 127.0.0.1/39909] INFO  server.RaftServer (ConfUtils.java:logGet(44)) - raft.rpc.type = GRPC (default)
2020-12-23 14:05:35,239 [Listener at 127.0.0.1/39909] INFO  grpc.GrpcFactory (GrpcFactory.java:checkPooledByteBufAllocatorUseCacheForAllThreads(48)) - PERFORMANCE WARNING: useCacheForAllThreads is true that may cause Netty to create a lot garbage objects and, as a result, trigger GC.
	It is recommended to disable useCacheForAllThreads by setting -Dorg.apache.ratis.thirdparty.io.netty.allocator.useCacheForAllThreads=false in command line.
2020-12-23 14:05:35,239 [Listener at 127.0.0.1/39909] INFO  grpc.GrpcConfigKeys (ConfUtils.java:logGet(44)) - raft.grpc.server.port = 0 (default)
2020-12-23 14:05:35,239 [Listener at 127.0.0.1/39909] INFO  server.GrpcService (ConfUtils.java:logGet(44)) - raft.grpc.message.size.max = 32MB (=33554432) (custom)
2020-12-23 14:05:35,240 [Listener at 127.0.0.1/39909] INFO  server.RaftServerConfigKeys (ConfUtils.java:logGet(44)) - raft.server.log.appender.buffer.byte-limit = 33554432 (custom)
2020-12-23 14:05:35,240 [Listener at 127.0.0.1/39909] INFO  server.GrpcService (ConfUtils.java:logGet(44)) - raft.grpc.flow.control.window = 5MB (=5242880) (custom)
2020-12-23 14:05:35,240 [Listener at 127.0.0.1/39909] INFO  server.RaftServerConfigKeys (ConfUtils.java:logGet(44)) - raft.server.rpc.request.timeout = 60s (custom)
2020-12-23 14:05:35,241 [Listener at 127.0.0.1/39909] INFO  impl.DataStreamServerImpl (ConfUtils.java:logGet(44)) - raft.datastream.type = DISABLED (default)
2020-12-23 14:05:35,241 [Listener at 127.0.0.1/39909] INFO  server.RaftServerConfigKeys (ConfUtils.java:logGet(44)) - raft.server.rpc.slowness.timeout = 300s (custom)
2020-12-23 14:05:35,241 [Listener at 127.0.0.1/39909] INFO  server.RaftServerConfigKeys (ConfUtils.java:logGet(44)) - raft.server.leaderelection.leader.step-down.wait-time = 10s (default)
2020-12-23 14:05:35,241 [Listener at 127.0.0.1/39909] INFO  server.RaftServerConfigKeys (ConfUtils.java:logGet(44)) - raft.server.storage.dir = [/github/workspace/mnt/ozone/hadoop-ozone/integration-test/target/test-dir/MiniOzoneClusterImpl-4d4d8361-1f31-4e15-8531-152295c781bb/datanode-1/data/ratis] (custom)
2020-12-23 14:05:35,245 [Listener at 127.0.0.1/39909] INFO  http.BaseHttpServer (BaseHttpServer.java:newHttpServer2BuilderForOzone(207)) - Starting Web-server for hddsDatanode at: http://0.0.0.0:0
2020-12-23 14:05:35,245 [Listener at 127.0.0.1/39909] INFO  http.BaseHttpServer (BaseHttpServer.java:<init>(106)) - Hadoop Security Enabled: false Ozone Security Enabled: false Ozone HTTP Security Enabled: false 
2020-12-23 14:05:35,246 [Listener at 127.0.0.1/39909] INFO  server.AuthenticationFilter (AuthenticationFilter.java:constructSecretProvider(240)) - Unable to initialize FileSignerSecretProvider, falling back to use random secrets.
2020-12-23 14:05:35,247 [Listener at 127.0.0.1/39909] WARN  http.HttpRequestLog (HttpRequestLog.java:getRequestLog(103)) - Jetty request log can only be enabled using Log4j
2020-12-23 14:05:35,247 [Listener at 127.0.0.1/39909] INFO  http.HttpServer2 (HttpServer2.java:addGlobalFilter(1020)) - Added global filter 'safety' (class=org.apache.hadoop.hdds.server.http.HttpServer2$QuotingInputFilter)
2020-12-23 14:05:35,248 [Listener at 127.0.0.1/39909] INFO  http.HttpServer2 (HttpServer2.java:addFilter(996)) - Added filter static_user_filter (class=org.apache.hadoop.http.lib.StaticUserWebFilter$StaticUserFilter) to context hddsDatanode
2020-12-23 14:05:35,248 [Listener at 127.0.0.1/39909] INFO  http.HttpServer2 (HttpServer2.java:addFilter(1004)) - Added filter static_user_filter (class=org.apache.hadoop.http.lib.StaticUserWebFilter$StaticUserFilter) to context logs
2020-12-23 14:05:35,248 [Listener at 127.0.0.1/39909] INFO  http.HttpServer2 (HttpServer2.java:addFilter(1004)) - Added filter static_user_filter (class=org.apache.hadoop.http.lib.StaticUserWebFilter$StaticUserFilter) to context static
2020-12-23 14:05:35,248 [Listener at 127.0.0.1/39909] INFO  http.HttpServer2 (HttpServer2.java:bindListener(1238)) - Jetty bound to port 45957
2020-12-23 14:05:35,249 [Listener at 127.0.0.1/39909] INFO  server.Server (Server.java:doStart(375)) - jetty-9.4.34.v20201102; built: 2020-11-02T14:15:39.302Z; git: e46af88704a893fc12cb0e3bf46e2c7b48a009e7; jvm 1.8.0_232-b09
2020-12-23 14:05:35,250 [Listener at 127.0.0.1/39909] INFO  server.session (DefaultSessionIdManager.java:doStart(334)) - DefaultSessionIdManager workerName=node0
2020-12-23 14:05:35,250 [Listener at 127.0.0.1/39909] INFO  server.session (DefaultSessionIdManager.java:doStart(339)) - No SessionScavenger set, using defaults
2020-12-23 14:05:35,250 [Listener at 127.0.0.1/39909] INFO  server.session (HouseKeeper.java:startScavenging(132)) - node0 Scavenging every 660000ms
2020-12-23 14:05:35,251 [Listener at 127.0.0.1/39909] INFO  handler.ContextHandler (ContextHandler.java:doStart(916)) - Started o.e.j.s.ServletContextHandler@5fe74841{logs,/logs,file:///github/workspace/mnt/ozone/hadoop-ozone/integration-test/target/log,AVAILABLE}
2020-12-23 14:05:35,251 [Listener at 127.0.0.1/39909] INFO  handler.ContextHandler (ContextHandler.java:doStart(916)) - Started o.e.j.s.ServletContextHandler@3cb4e32b{static,/static,jar:file:/home/user/.m2/repository/org/apache/hadoop/hadoop-hdds-container-service/1.1.0-SNAPSHOT/hadoop-hdds-container-service-1.1.0-SNAPSHOT.jar!/webapps/static,AVAILABLE}
2020-12-23 14:05:35,428 [Listener at 127.0.0.1/39909] INFO  handler.ContextHandler (ContextHandler.java:doStart(916)) - Started o.e.j.w.WebAppContext@13a4e21{hddsDatanode,/,file:///tmp/jetty-0_0_0_0-45957-hadoop-hdds-container-service-1_1_0-SNAPSHOT_jar-_-any-112553319744471529/webapp/,AVAILABLE}{jar:file:/home/user/.m2/repository/org/apache/hadoop/hadoop-hdds-container-service/1.1.0-SNAPSHOT/hadoop-hdds-container-service-1.1.0-SNAPSHOT.jar!/webapps/hddsDatanode}
2020-12-23 14:05:35,429 [Listener at 127.0.0.1/39909] INFO  server.AbstractConnector (AbstractConnector.java:doStart(331)) - Started ServerConnector@3bce4b76{HTTP/1.1, (http/1.1)}{0.0.0.0:45957}
2020-12-23 14:05:35,429 [Listener at 127.0.0.1/39909] INFO  server.Server (Server.java:doStart(415)) - Started @212266ms
2020-12-23 14:05:35,430 [Listener at 127.0.0.1/39909] WARN  impl.MetricsSystemImpl (MetricsSystemImpl.java:register(276)) - Sink prometheus already exists!
2020-12-23 14:05:35,433 [Listener at 127.0.0.1/39909] INFO  http.BaseHttpServer (BaseHttpServer.java:updateConnectorAddress(327)) - HTTP server of hddsDatanode listening at http://0.0.0.0:45957
2020-12-23 14:05:35,433 [Listener at 127.0.0.1/39909] INFO  impl.MetricsSystemImpl (MetricsSystemImpl.java:init(158)) - HddsDatanode metrics system started (again)
2020-12-23 14:05:35,434 [Listener at 127.0.0.1/39909] INFO  ozone.HddsDatanodeService (HddsDatanodeService.java:start(217)) - HddsDatanodeService host:8eef00ac434c ip:172.17.0.2
2020-12-23 14:05:35,435 [org.apache.hadoop.util.JvmPauseMonitor$Monitor@40498860] INFO  util.JvmPauseMonitor (JvmPauseMonitor.java:run(188)) - Starting JVM pause monitor
2020-12-23 14:05:35,435 [Listener at 127.0.0.1/39909] INFO  volume.HddsVolume (HddsVolume.java:<init>(176)) - Creating Volume: /github/workspace/mnt/ozone/hadoop-ozone/integration-test/target/test-dir/MiniOzoneClusterImpl-4d4d8361-1f31-4e15-8531-152295c781bb/datanode-2/data-0/containers/hdds of storage type : DISK and capacity : 9223372036854775807
2020-12-23 14:05:35,435 [Listener at 127.0.0.1/39909] INFO  volume.MutableVolumeSet (MutableVolumeSet.java:initializeVolumeSet(179)) - Added Volume : /github/workspace/mnt/ozone/hadoop-ozone/integration-test/target/test-dir/MiniOzoneClusterImpl-4d4d8361-1f31-4e15-8531-152295c781bb/datanode-2/data-0/containers/hdds to VolumeSet
2020-12-23 14:05:35,436 [Listener at 127.0.0.1/39909] INFO  volume.ThrottledAsyncChecker (ThrottledAsyncChecker.java:schedule(141)) - Scheduling a check for /github/workspace/mnt/ozone/hadoop-ozone/integration-test/target/test-dir/MiniOzoneClusterImpl-4d4d8361-1f31-4e15-8531-152295c781bb/datanode-2/data-0/containers/hdds
2020-12-23 14:05:35,436 [Datanode State Machine Task Thread - 0] INFO  datanode.InitDatanodeState (InitDatanodeState.java:persistContainerDatanodeDetails(145)) - DatanodeDetails is persisted to /github/workspace/mnt/ozone/hadoop-ozone/integration-test/target/test-dir/MiniOzoneClusterImpl-4d4d8361-1f31-4e15-8531-152295c781bb/datanode-1/meta/datanode.id
2020-12-23 14:05:35,438 [Listener at 127.0.0.1/39909] INFO  volume.HddsVolumeChecker (HddsVolumeChecker.java:checkAllVolumes(200)) - Scheduled health check for volume /github/workspace/mnt/ozone/hadoop-ozone/integration-test/target/test-dir/MiniOzoneClusterImpl-4d4d8361-1f31-4e15-8531-152295c781bb/datanode-2/data-0/containers/hdds
2020-12-23 14:05:35,453 [Thread-3160] INFO  ozoneimpl.ContainerReader (ContainerReader.java:readVolume(123)) - Start to verify containers on volume /github/workspace/mnt/ozone/hadoop-ozone/integration-test/target/test-dir/MiniOzoneClusterImpl-4d4d8361-1f31-4e15-8531-152295c781bb/datanode-2/data-0/containers/hdds
2020-12-23 14:05:35,454 [Thread-3160] INFO  ozoneimpl.ContainerReader (ContainerReader.java:readVolume(148)) - Finish verifying containers on volume /github/workspace/mnt/ozone/hadoop-ozone/integration-test/target/test-dir/MiniOzoneClusterImpl-4d4d8361-1f31-4e15-8531-152295c781bb/datanode-2/data-0/containers/hdds
2020-12-23 14:05:35,454 [Listener at 127.0.0.1/39909] INFO  ozoneimpl.OzoneContainer (OzoneContainer.java:buildContainerSet(194)) - Build ContainerSet costs 0s
2020-12-23 14:05:35,455 [Listener at 127.0.0.1/39909] INFO  server.RaftServer (ConfUtils.java:logGet(44)) - raft.rpc.type = GRPC (default)
2020-12-23 14:05:35,456 [Listener at 127.0.0.1/39909] INFO  grpc.GrpcFactory (GrpcFactory.java:checkPooledByteBufAllocatorUseCacheForAllThreads(48)) - PERFORMANCE WARNING: useCacheForAllThreads is true that may cause Netty to create a lot garbage objects and, as a result, trigger GC.
	It is recommended to disable useCacheForAllThreads by setting -Dorg.apache.ratis.thirdparty.io.netty.allocator.useCacheForAllThreads=false in command line.
2020-12-23 14:05:35,456 [Listener at 127.0.0.1/39909] INFO  grpc.GrpcConfigKeys (ConfUtils.java:logGet(44)) - raft.grpc.server.port = 0 (default)
2020-12-23 14:05:35,456 [Listener at 127.0.0.1/39909] INFO  server.GrpcService (ConfUtils.java:logGet(44)) - raft.grpc.message.size.max = 32MB (=33554432) (custom)
2020-12-23 14:05:35,456 [Listener at 127.0.0.1/39909] INFO  server.RaftServerConfigKeys (ConfUtils.java:logGet(44)) - raft.server.log.appender.buffer.byte-limit = 33554432 (custom)
2020-12-23 14:05:35,456 [Listener at 127.0.0.1/39909] INFO  server.GrpcService (ConfUtils.java:logGet(44)) - raft.grpc.flow.control.window = 5MB (=5242880) (custom)
2020-12-23 14:05:35,456 [Listener at 127.0.0.1/39909] INFO  server.RaftServerConfigKeys (ConfUtils.java:logGet(44)) - raft.server.rpc.request.timeout = 60s (custom)
2020-12-23 14:05:35,458 [Listener at 127.0.0.1/39909] INFO  impl.DataStreamServerImpl (ConfUtils.java:logGet(44)) - raft.datastream.type = DISABLED (default)
2020-12-23 14:05:35,458 [Listener at 127.0.0.1/39909] INFO  server.RaftServerConfigKeys (ConfUtils.java:logGet(44)) - raft.server.rpc.slowness.timeout = 300s (custom)
2020-12-23 14:05:35,458 [Listener at 127.0.0.1/39909] INFO  server.RaftServerConfigKeys (ConfUtils.java:logGet(44)) - raft.server.leaderelection.leader.step-down.wait-time = 10s (default)
2020-12-23 14:05:35,458 [Listener at 127.0.0.1/39909] INFO  server.RaftServerConfigKeys (ConfUtils.java:logGet(44)) - raft.server.storage.dir = [/github/workspace/mnt/ozone/hadoop-ozone/integration-test/target/test-dir/MiniOzoneClusterImpl-4d4d8361-1f31-4e15-8531-152295c781bb/datanode-2/data/ratis] (custom)
2020-12-23 14:05:35,462 [Listener at 127.0.0.1/39909] INFO  http.BaseHttpServer (BaseHttpServer.java:newHttpServer2BuilderForOzone(207)) - Starting Web-server for hddsDatanode at: http://0.0.0.0:0
2020-12-23 14:05:35,462 [Listener at 127.0.0.1/39909] INFO  http.BaseHttpServer (BaseHttpServer.java:<init>(106)) - Hadoop Security Enabled: false Ozone Security Enabled: false Ozone HTTP Security Enabled: false 
2020-12-23 14:05:35,463 [Listener at 127.0.0.1/39909] INFO  server.AuthenticationFilter (AuthenticationFilter.java:constructSecretProvider(240)) - Unable to initialize FileSignerSecretProvider, falling back to use random secrets.
2020-12-23 14:05:35,463 [Listener at 127.0.0.1/39909] WARN  http.HttpRequestLog (HttpRequestLog.java:getRequestLog(103)) - Jetty request log can only be enabled using Log4j
2020-12-23 14:05:35,464 [Listener at 127.0.0.1/39909] INFO  http.HttpServer2 (HttpServer2.java:addGlobalFilter(1020)) - Added global filter 'safety' (class=org.apache.hadoop.hdds.server.http.HttpServer2$QuotingInputFilter)
2020-12-23 14:05:35,466 [Listener at 127.0.0.1/39909] INFO  http.HttpServer2 (HttpServer2.java:addFilter(996)) - Added filter static_user_filter (class=org.apache.hadoop.http.lib.StaticUserWebFilter$StaticUserFilter) to context hddsDatanode
2020-12-23 14:05:35,466 [Listener at 127.0.0.1/39909] INFO  http.HttpServer2 (HttpServer2.java:addFilter(1004)) - Added filter static_user_filter (class=org.apache.hadoop.http.lib.StaticUserWebFilter$StaticUserFilter) to context static
2020-12-23 14:05:35,466 [Listener at 127.0.0.1/39909] INFO  http.HttpServer2 (HttpServer2.java:addFilter(1004)) - Added filter static_user_filter (class=org.apache.hadoop.http.lib.StaticUserWebFilter$StaticUserFilter) to context logs
2020-12-23 14:05:35,467 [Listener at 127.0.0.1/39909] INFO  http.HttpServer2 (HttpServer2.java:bindListener(1238)) - Jetty bound to port 42331
2020-12-23 14:05:35,467 [Listener at 127.0.0.1/39909] INFO  server.Server (Server.java:doStart(375)) - jetty-9.4.34.v20201102; built: 2020-11-02T14:15:39.302Z; git: e46af88704a893fc12cb0e3bf46e2c7b48a009e7; jvm 1.8.0_232-b09
2020-12-23 14:05:35,468 [Listener at 127.0.0.1/39909] INFO  server.session (DefaultSessionIdManager.java:doStart(334)) - DefaultSessionIdManager workerName=node0
2020-12-23 14:05:35,468 [Listener at 127.0.0.1/39909] INFO  server.session (DefaultSessionIdManager.java:doStart(339)) - No SessionScavenger set, using defaults
2020-12-23 14:05:35,469 [Listener at 127.0.0.1/39909] INFO  server.session (HouseKeeper.java:startScavenging(132)) - node0 Scavenging every 600000ms
2020-12-23 14:05:35,469 [Listener at 127.0.0.1/39909] INFO  handler.ContextHandler (ContextHandler.java:doStart(916)) - Started o.e.j.s.ServletContextHandler@5621a9eb{logs,/logs,file:///github/workspace/mnt/ozone/hadoop-ozone/integration-test/target/log,AVAILABLE}
2020-12-23 14:05:35,469 [Listener at 127.0.0.1/39909] INFO  handler.ContextHandler (ContextHandler.java:doStart(916)) - Started o.e.j.s.ServletContextHandler@1a18b38c{static,/static,jar:file:/home/user/.m2/repository/org/apache/hadoop/hadoop-hdds-container-service/1.1.0-SNAPSHOT/hadoop-hdds-container-service-1.1.0-SNAPSHOT.jar!/webapps/static,AVAILABLE}
2020-12-23 14:05:35,655 [Listener at 127.0.0.1/39909] INFO  handler.ContextHandler (ContextHandler.java:doStart(916)) - Started o.e.j.w.WebAppContext@77e6ec35{hddsDatanode,/,file:///tmp/jetty-0_0_0_0-42331-hadoop-hdds-container-service-1_1_0-SNAPSHOT_jar-_-any-2551768846364756358/webapp/,AVAILABLE}{jar:file:/home/user/.m2/repository/org/apache/hadoop/hadoop-hdds-container-service/1.1.0-SNAPSHOT/hadoop-hdds-container-service-1.1.0-SNAPSHOT.jar!/webapps/hddsDatanode}
2020-12-23 14:05:35,656 [Listener at 127.0.0.1/39909] INFO  server.AbstractConnector (AbstractConnector.java:doStart(331)) - Started ServerConnector@2a8be188{HTTP/1.1, (http/1.1)}{0.0.0.0:42331}
2020-12-23 14:05:35,657 [Listener at 127.0.0.1/39909] INFO  server.Server (Server.java:doStart(415)) - Started @212493ms
2020-12-23 14:05:35,657 [Listener at 127.0.0.1/39909] WARN  impl.MetricsSystemImpl (MetricsSystemImpl.java:register(276)) - Sink prometheus already exists!
2020-12-23 14:05:35,660 [Listener at 127.0.0.1/39909] INFO  http.BaseHttpServer (BaseHttpServer.java:updateConnectorAddress(327)) - HTTP server of hddsDatanode listening at http://0.0.0.0:42331
2020-12-23 14:05:35,661 [Listener at 127.0.0.1/39909] INFO  impl.MetricsSystemImpl (MetricsSystemImpl.java:init(158)) - HddsDatanode metrics system started (again)
2020-12-23 14:05:35,662 [Listener at 127.0.0.1/39909] INFO  ozone.HddsDatanodeService (HddsDatanodeService.java:start(217)) - HddsDatanodeService host:8eef00ac434c ip:172.17.0.2
2020-12-23 14:05:35,663 [Listener at 127.0.0.1/39909] INFO  volume.HddsVolume (HddsVolume.java:<init>(176)) - Creating Volume: /github/workspace/mnt/ozone/hadoop-ozone/integration-test/target/test-dir/MiniOzoneClusterImpl-4d4d8361-1f31-4e15-8531-152295c781bb/datanode-3/data-0/containers/hdds of storage type : DISK and capacity : 9223372036854775807
2020-12-23 14:05:35,663 [Listener at 127.0.0.1/39909] INFO  volume.MutableVolumeSet (MutableVolumeSet.java:initializeVolumeSet(179)) - Added Volume : /github/workspace/mnt/ozone/hadoop-ozone/integration-test/target/test-dir/MiniOzoneClusterImpl-4d4d8361-1f31-4e15-8531-152295c781bb/datanode-3/data-0/containers/hdds to VolumeSet
2020-12-23 14:05:35,663 [Listener at 127.0.0.1/39909] INFO  volume.ThrottledAsyncChecker (ThrottledAsyncChecker.java:schedule(141)) - Scheduling a check for /github/workspace/mnt/ozone/hadoop-ozone/integration-test/target/test-dir/MiniOzoneClusterImpl-4d4d8361-1f31-4e15-8531-152295c781bb/datanode-3/data-0/containers/hdds
2020-12-23 14:05:35,663 [org.apache.hadoop.util.JvmPauseMonitor$Monitor@3c14b3a7] INFO  util.JvmPauseMonitor (JvmPauseMonitor.java:run(188)) - Starting JVM pause monitor
2020-12-23 14:05:35,664 [Datanode State Machine Task Thread - 0] INFO  datanode.InitDatanodeState (InitDatanodeState.java:persistContainerDatanodeDetails(145)) - DatanodeDetails is persisted to /github/workspace/mnt/ozone/hadoop-ozone/integration-test/target/test-dir/MiniOzoneClusterImpl-4d4d8361-1f31-4e15-8531-152295c781bb/datanode-2/meta/datanode.id
2020-12-23 14:05:35,665 [Listener at 127.0.0.1/39909] INFO  volume.HddsVolumeChecker (HddsVolumeChecker.java:checkAllVolumes(200)) - Scheduled health check for volume /github/workspace/mnt/ozone/hadoop-ozone/integration-test/target/test-dir/MiniOzoneClusterImpl-4d4d8361-1f31-4e15-8531-152295c781bb/datanode-3/data-0/containers/hdds
2020-12-23 14:05:35,677 [Thread-3171] INFO  ozoneimpl.ContainerReader (ContainerReader.java:readVolume(123)) - Start to verify containers on volume /github/workspace/mnt/ozone/hadoop-ozone/integration-test/target/test-dir/MiniOzoneClusterImpl-4d4d8361-1f31-4e15-8531-152295c781bb/datanode-3/data-0/containers/hdds
2020-12-23 14:05:35,678 [Thread-3171] INFO  ozoneimpl.ContainerReader (ContainerReader.java:readVolume(148)) - Finish verifying containers on volume /github/workspace/mnt/ozone/hadoop-ozone/integration-test/target/test-dir/MiniOzoneClusterImpl-4d4d8361-1f31-4e15-8531-152295c781bb/datanode-3/data-0/containers/hdds
2020-12-23 14:05:35,678 [Listener at 127.0.0.1/39909] INFO  ozoneimpl.OzoneContainer (OzoneContainer.java:buildContainerSet(194)) - Build ContainerSet costs 0s
2020-12-23 14:05:35,679 [Listener at 127.0.0.1/39909] INFO  server.RaftServer (ConfUtils.java:logGet(44)) - raft.rpc.type = GRPC (default)
2020-12-23 14:05:35,679 [Listener at 127.0.0.1/39909] INFO  grpc.GrpcFactory (GrpcFactory.java:checkPooledByteBufAllocatorUseCacheForAllThreads(48)) - PERFORMANCE WARNING: useCacheForAllThreads is true that may cause Netty to create a lot garbage objects and, as a result, trigger GC.
	It is recommended to disable useCacheForAllThreads by setting -Dorg.apache.ratis.thirdparty.io.netty.allocator.useCacheForAllThreads=false in command line.
2020-12-23 14:05:35,679 [Listener at 127.0.0.1/39909] INFO  grpc.GrpcConfigKeys (ConfUtils.java:logGet(44)) - raft.grpc.server.port = 0 (default)
2020-12-23 14:05:35,679 [Listener at 127.0.0.1/39909] INFO  server.GrpcService (ConfUtils.java:logGet(44)) - raft.grpc.message.size.max = 32MB (=33554432) (custom)
2020-12-23 14:05:35,680 [Listener at 127.0.0.1/39909] INFO  server.RaftServerConfigKeys (ConfUtils.java:logGet(44)) - raft.server.log.appender.buffer.byte-limit = 33554432 (custom)
2020-12-23 14:05:35,680 [Listener at 127.0.0.1/39909] INFO  server.GrpcService (ConfUtils.java:logGet(44)) - raft.grpc.flow.control.window = 5MB (=5242880) (custom)
2020-12-23 14:05:35,680 [Listener at 127.0.0.1/39909] INFO  server.RaftServerConfigKeys (ConfUtils.java:logGet(44)) - raft.server.rpc.request.timeout = 60s (custom)
2020-12-23 14:05:35,681 [Listener at 127.0.0.1/39909] INFO  impl.DataStreamServerImpl (ConfUtils.java:logGet(44)) - raft.datastream.type = DISABLED (default)
2020-12-23 14:05:35,681 [Listener at 127.0.0.1/39909] INFO  server.RaftServerConfigKeys (ConfUtils.java:logGet(44)) - raft.server.rpc.slowness.timeout = 300s (custom)
2020-12-23 14:05:35,681 [Listener at 127.0.0.1/39909] INFO  server.RaftServerConfigKeys (ConfUtils.java:logGet(44)) - raft.server.leaderelection.leader.step-down.wait-time = 10s (default)
2020-12-23 14:05:35,681 [Listener at 127.0.0.1/39909] INFO  server.RaftServerConfigKeys (ConfUtils.java:logGet(44)) - raft.server.storage.dir = [/github/workspace/mnt/ozone/hadoop-ozone/integration-test/target/test-dir/MiniOzoneClusterImpl-4d4d8361-1f31-4e15-8531-152295c781bb/datanode-3/data/ratis] (custom)
2020-12-23 14:05:35,685 [Listener at 127.0.0.1/39909] INFO  http.BaseHttpServer (BaseHttpServer.java:newHttpServer2BuilderForOzone(207)) - Starting Web-server for hddsDatanode at: http://0.0.0.0:0
2020-12-23 14:05:35,685 [Listener at 127.0.0.1/39909] INFO  http.BaseHttpServer (BaseHttpServer.java:<init>(106)) - Hadoop Security Enabled: false Ozone Security Enabled: false Ozone HTTP Security Enabled: false 
2020-12-23 14:05:35,686 [Listener at 127.0.0.1/39909] INFO  server.AuthenticationFilter (AuthenticationFilter.java:constructSecretProvider(240)) - Unable to initialize FileSignerSecretProvider, falling back to use random secrets.
2020-12-23 14:05:35,686 [Listener at 127.0.0.1/39909] WARN  http.HttpRequestLog (HttpRequestLog.java:getRequestLog(103)) - Jetty request log can only be enabled using Log4j
2020-12-23 14:05:35,687 [Listener at 127.0.0.1/39909] INFO  http.HttpServer2 (HttpServer2.java:addGlobalFilter(1020)) - Added global filter 'safety' (class=org.apache.hadoop.hdds.server.http.HttpServer2$QuotingInputFilter)
2020-12-23 14:05:35,688 [Listener at 127.0.0.1/39909] INFO  http.HttpServer2 (HttpServer2.java:addFilter(996)) - Added filter static_user_filter (class=org.apache.hadoop.http.lib.StaticUserWebFilter$StaticUserFilter) to context hddsDatanode
2020-12-23 14:05:35,688 [Listener at 127.0.0.1/39909] INFO  http.HttpServer2 (HttpServer2.java:addFilter(1004)) - Added filter static_user_filter (class=org.apache.hadoop.http.lib.StaticUserWebFilter$StaticUserFilter) to context logs
2020-12-23 14:05:35,688 [Listener at 127.0.0.1/39909] INFO  http.HttpServer2 (HttpServer2.java:addFilter(1004)) - Added filter static_user_filter (class=org.apache.hadoop.http.lib.StaticUserWebFilter$StaticUserFilter) to context static
2020-12-23 14:05:35,688 [Listener at 127.0.0.1/39909] INFO  http.HttpServer2 (HttpServer2.java:bindListener(1238)) - Jetty bound to port 35841
2020-12-23 14:05:35,688 [Listener at 127.0.0.1/39909] INFO  server.Server (Server.java:doStart(375)) - jetty-9.4.34.v20201102; built: 2020-11-02T14:15:39.302Z; git: e46af88704a893fc12cb0e3bf46e2c7b48a009e7; jvm 1.8.0_232-b09
2020-12-23 14:05:35,691 [Listener at 127.0.0.1/39909] INFO  server.session (DefaultSessionIdManager.java:doStart(334)) - DefaultSessionIdManager workerName=node0
2020-12-23 14:05:35,691 [Listener at 127.0.0.1/39909] INFO  server.session (DefaultSessionIdManager.java:doStart(339)) - No SessionScavenger set, using defaults
2020-12-23 14:05:35,691 [Listener at 127.0.0.1/39909] INFO  server.session (HouseKeeper.java:startScavenging(132)) - node0 Scavenging every 600000ms
2020-12-23 14:05:35,692 [Listener at 127.0.0.1/39909] INFO  handler.ContextHandler (ContextHandler.java:doStart(916)) - Started o.e.j.s.ServletContextHandler@25afdf7e{logs,/logs,file:///github/workspace/mnt/ozone/hadoop-ozone/integration-test/target/log,AVAILABLE}
2020-12-23 14:05:35,692 [Listener at 127.0.0.1/39909] INFO  handler.ContextHandler (ContextHandler.java:doStart(916)) - Started o.e.j.s.ServletContextHandler@8c6030b{static,/static,jar:file:/home/user/.m2/repository/org/apache/hadoop/hadoop-hdds-container-service/1.1.0-SNAPSHOT/hadoop-hdds-container-service-1.1.0-SNAPSHOT.jar!/webapps/static,AVAILABLE}
2020-12-23 14:05:35,847 [Listener at 127.0.0.1/39909] INFO  handler.ContextHandler (ContextHandler.java:doStart(916)) - Started o.e.j.w.WebAppContext@20ba3c52{hddsDatanode,/,file:///tmp/jetty-0_0_0_0-35841-hadoop-hdds-container-service-1_1_0-SNAPSHOT_jar-_-any-7295664497613964390/webapp/,AVAILABLE}{jar:file:/home/user/.m2/repository/org/apache/hadoop/hadoop-hdds-container-service/1.1.0-SNAPSHOT/hadoop-hdds-container-service-1.1.0-SNAPSHOT.jar!/webapps/hddsDatanode}
2020-12-23 14:05:35,850 [Listener at 127.0.0.1/39909] INFO  server.AbstractConnector (AbstractConnector.java:doStart(331)) - Started ServerConnector@d4f223e{HTTP/1.1, (http/1.1)}{0.0.0.0:35841}
2020-12-23 14:05:35,850 [Listener at 127.0.0.1/39909] INFO  server.Server (Server.java:doStart(415)) - Started @212687ms
2020-12-23 14:05:35,850 [Listener at 127.0.0.1/39909] WARN  impl.MetricsSystemImpl (MetricsSystemImpl.java:register(276)) - Sink prometheus already exists!
2020-12-23 14:05:35,853 [Listener at 127.0.0.1/39909] INFO  http.BaseHttpServer (BaseHttpServer.java:updateConnectorAddress(327)) - HTTP server of hddsDatanode listening at http://0.0.0.0:35841
2020-12-23 14:05:35,859 [org.apache.hadoop.util.JvmPauseMonitor$Monitor@782b7ba2] INFO  util.JvmPauseMonitor (JvmPauseMonitor.java:run(188)) - Starting JVM pause monitor
2020-12-23 14:05:35,861 [Listener at 127.0.0.1/39909] INFO  impl.MetricsSystemImpl (MetricsSystemImpl.java:init(158)) - HddsDatanode metrics system started (again)
2020-12-23 14:05:35,867 [Listener at 127.0.0.1/39909] INFO  ozone.HddsDatanodeService (HddsDatanodeService.java:start(217)) - HddsDatanodeService host:8eef00ac434c ip:172.17.0.2
2020-12-23 14:05:35,868 [Datanode State Machine Task Thread - 0] INFO  datanode.InitDatanodeState (InitDatanodeState.java:persistContainerDatanodeDetails(145)) - DatanodeDetails is persisted to /github/workspace/mnt/ozone/hadoop-ozone/integration-test/target/test-dir/MiniOzoneClusterImpl-4d4d8361-1f31-4e15-8531-152295c781bb/datanode-3/meta/datanode.id
2020-12-23 14:05:35,873 [Listener at 127.0.0.1/39909] INFO  volume.HddsVolume (HddsVolume.java:<init>(176)) - Creating Volume: /github/workspace/mnt/ozone/hadoop-ozone/integration-test/target/test-dir/MiniOzoneClusterImpl-4d4d8361-1f31-4e15-8531-152295c781bb/datanode-4/data-0/containers/hdds of storage type : DISK and capacity : 9223372036854775807
2020-12-23 14:05:35,874 [Listener at 127.0.0.1/39909] INFO  volume.MutableVolumeSet (MutableVolumeSet.java:initializeVolumeSet(179)) - Added Volume : /github/workspace/mnt/ozone/hadoop-ozone/integration-test/target/test-dir/MiniOzoneClusterImpl-4d4d8361-1f31-4e15-8531-152295c781bb/datanode-4/data-0/containers/hdds to VolumeSet
2020-12-23 14:05:35,874 [Listener at 127.0.0.1/39909] INFO  volume.ThrottledAsyncChecker (ThrottledAsyncChecker.java:schedule(141)) - Scheduling a check for /github/workspace/mnt/ozone/hadoop-ozone/integration-test/target/test-dir/MiniOzoneClusterImpl-4d4d8361-1f31-4e15-8531-152295c781bb/datanode-4/data-0/containers/hdds
2020-12-23 14:05:35,874 [Listener at 127.0.0.1/39909] INFO  volume.HddsVolumeChecker (HddsVolumeChecker.java:checkAllVolumes(200)) - Scheduled health check for volume /github/workspace/mnt/ozone/hadoop-ozone/integration-test/target/test-dir/MiniOzoneClusterImpl-4d4d8361-1f31-4e15-8531-152295c781bb/datanode-4/data-0/containers/hdds
2020-12-23 14:05:35,888 [Thread-3182] INFO  ozoneimpl.ContainerReader (ContainerReader.java:readVolume(123)) - Start to verify containers on volume /github/workspace/mnt/ozone/hadoop-ozone/integration-test/target/test-dir/MiniOzoneClusterImpl-4d4d8361-1f31-4e15-8531-152295c781bb/datanode-4/data-0/containers/hdds
2020-12-23 14:05:35,888 [Thread-3182] INFO  ozoneimpl.ContainerReader (ContainerReader.java:readVolume(148)) - Finish verifying containers on volume /github/workspace/mnt/ozone/hadoop-ozone/integration-test/target/test-dir/MiniOzoneClusterImpl-4d4d8361-1f31-4e15-8531-152295c781bb/datanode-4/data-0/containers/hdds
2020-12-23 14:05:35,888 [Listener at 127.0.0.1/39909] INFO  ozoneimpl.OzoneContainer (OzoneContainer.java:buildContainerSet(194)) - Build ContainerSet costs 0s
2020-12-23 14:05:35,890 [Listener at 127.0.0.1/39909] INFO  server.RaftServer (ConfUtils.java:logGet(44)) - raft.rpc.type = GRPC (default)
2020-12-23 14:05:35,890 [Listener at 127.0.0.1/39909] INFO  grpc.GrpcFactory (GrpcFactory.java:checkPooledByteBufAllocatorUseCacheForAllThreads(48)) - PERFORMANCE WARNING: useCacheForAllThreads is true that may cause Netty to create a lot garbage objects and, as a result, trigger GC.
	It is recommended to disable useCacheForAllThreads by setting -Dorg.apache.ratis.thirdparty.io.netty.allocator.useCacheForAllThreads=false in command line.
2020-12-23 14:05:35,890 [Listener at 127.0.0.1/39909] INFO  grpc.GrpcConfigKeys (ConfUtils.java:logGet(44)) - raft.grpc.server.port = 0 (default)
2020-12-23 14:05:35,890 [Listener at 127.0.0.1/39909] INFO  server.GrpcService (ConfUtils.java:logGet(44)) - raft.grpc.message.size.max = 32MB (=33554432) (custom)
2020-12-23 14:05:35,890 [Listener at 127.0.0.1/39909] INFO  server.RaftServerConfigKeys (ConfUtils.java:logGet(44)) - raft.server.log.appender.buffer.byte-limit = 33554432 (custom)
2020-12-23 14:05:35,890 [Listener at 127.0.0.1/39909] INFO  server.GrpcService (ConfUtils.java:logGet(44)) - raft.grpc.flow.control.window = 5MB (=5242880) (custom)
2020-12-23 14:05:35,890 [Listener at 127.0.0.1/39909] INFO  server.RaftServerConfigKeys (ConfUtils.java:logGet(44)) - raft.server.rpc.request.timeout = 60s (custom)
2020-12-23 14:05:35,891 [Listener at 127.0.0.1/39909] INFO  impl.DataStreamServerImpl (ConfUtils.java:logGet(44)) - raft.datastream.type = DISABLED (default)
2020-12-23 14:05:35,891 [Listener at 127.0.0.1/39909] INFO  server.RaftServerConfigKeys (ConfUtils.java:logGet(44)) - raft.server.rpc.slowness.timeout = 300s (custom)
2020-12-23 14:05:35,892 [Listener at 127.0.0.1/39909] INFO  server.RaftServerConfigKeys (ConfUtils.java:logGet(44)) - raft.server.leaderelection.leader.step-down.wait-time = 10s (default)
2020-12-23 14:05:35,892 [Listener at 127.0.0.1/39909] INFO  server.RaftServerConfigKeys (ConfUtils.java:logGet(44)) - raft.server.storage.dir = [/github/workspace/mnt/ozone/hadoop-ozone/integration-test/target/test-dir/MiniOzoneClusterImpl-4d4d8361-1f31-4e15-8531-152295c781bb/datanode-4/data/ratis] (custom)
2020-12-23 14:05:35,896 [Listener at 127.0.0.1/39909] INFO  http.BaseHttpServer (BaseHttpServer.java:newHttpServer2BuilderForOzone(207)) - Starting Web-server for hddsDatanode at: http://0.0.0.0:0
2020-12-23 14:05:35,896 [Listener at 127.0.0.1/39909] INFO  http.BaseHttpServer (BaseHttpServer.java:<init>(106)) - Hadoop Security Enabled: false Ozone Security Enabled: false Ozone HTTP Security Enabled: false 
2020-12-23 14:05:35,898 [Listener at 127.0.0.1/39909] INFO  server.AuthenticationFilter (AuthenticationFilter.java:constructSecretProvider(240)) - Unable to initialize FileSignerSecretProvider, falling back to use random secrets.
2020-12-23 14:05:35,898 [Listener at 127.0.0.1/39909] WARN  http.HttpRequestLog (HttpRequestLog.java:getRequestLog(103)) - Jetty request log can only be enabled using Log4j
2020-12-23 14:05:35,899 [Listener at 127.0.0.1/39909] INFO  http.HttpServer2 (HttpServer2.java:addGlobalFilter(1020)) - Added global filter 'safety' (class=org.apache.hadoop.hdds.server.http.HttpServer2$QuotingInputFilter)
2020-12-23 14:05:35,900 [Listener at 127.0.0.1/39909] INFO  http.HttpServer2 (HttpServer2.java:addFilter(996)) - Added filter static_user_filter (class=org.apache.hadoop.http.lib.StaticUserWebFilter$StaticUserFilter) to context hddsDatanode
2020-12-23 14:05:35,900 [Listener at 127.0.0.1/39909] INFO  http.HttpServer2 (HttpServer2.java:addFilter(1004)) - Added filter static_user_filter (class=org.apache.hadoop.http.lib.StaticUserWebFilter$StaticUserFilter) to context static
2020-12-23 14:05:35,900 [Listener at 127.0.0.1/39909] INFO  http.HttpServer2 (HttpServer2.java:addFilter(1004)) - Added filter static_user_filter (class=org.apache.hadoop.http.lib.StaticUserWebFilter$StaticUserFilter) to context logs
2020-12-23 14:05:35,900 [Listener at 127.0.0.1/39909] INFO  http.HttpServer2 (HttpServer2.java:bindListener(1238)) - Jetty bound to port 33003
2020-12-23 14:05:35,901 [Listener at 127.0.0.1/39909] INFO  server.Server (Server.java:doStart(375)) - jetty-9.4.34.v20201102; built: 2020-11-02T14:15:39.302Z; git: e46af88704a893fc12cb0e3bf46e2c7b48a009e7; jvm 1.8.0_232-b09
2020-12-23 14:05:35,905 [Listener at 127.0.0.1/39909] INFO  server.session (DefaultSessionIdManager.java:doStart(334)) - DefaultSessionIdManager workerName=node0
2020-12-23 14:05:35,905 [Listener at 127.0.0.1/39909] INFO  server.session (DefaultSessionIdManager.java:doStart(339)) - No SessionScavenger set, using defaults
2020-12-23 14:05:35,906 [Listener at 127.0.0.1/39909] INFO  server.session (HouseKeeper.java:startScavenging(132)) - node0 Scavenging every 660000ms
2020-12-23 14:05:35,906 [Listener at 127.0.0.1/39909] INFO  handler.ContextHandler (ContextHandler.java:doStart(916)) - Started o.e.j.s.ServletContextHandler@1e695be6{logs,/logs,file:///github/workspace/mnt/ozone/hadoop-ozone/integration-test/target/log,AVAILABLE}
2020-12-23 14:05:35,907 [Listener at 127.0.0.1/39909] INFO  handler.ContextHandler (ContextHandler.java:doStart(916)) - Started o.e.j.s.ServletContextHandler@696b06a6{static,/static,jar:file:/home/user/.m2/repository/org/apache/hadoop/hadoop-hdds-container-service/1.1.0-SNAPSHOT/hadoop-hdds-container-service-1.1.0-SNAPSHOT.jar!/webapps/static,AVAILABLE}
2020-12-23 14:05:36,080 [Listener at 127.0.0.1/39909] INFO  handler.ContextHandler (ContextHandler.java:doStart(916)) - Started o.e.j.w.WebAppContext@1d74720f{hddsDatanode,/,file:///tmp/jetty-0_0_0_0-33003-hadoop-hdds-container-service-1_1_0-SNAPSHOT_jar-_-any-2796498522323728417/webapp/,AVAILABLE}{jar:file:/home/user/.m2/repository/org/apache/hadoop/hadoop-hdds-container-service/1.1.0-SNAPSHOT/hadoop-hdds-container-service-1.1.0-SNAPSHOT.jar!/webapps/hddsDatanode}
2020-12-23 14:05:36,081 [Listener at 127.0.0.1/39909] INFO  server.AbstractConnector (AbstractConnector.java:doStart(331)) - Started ServerConnector@6170aa63{HTTP/1.1, (http/1.1)}{0.0.0.0:33003}
2020-12-23 14:05:36,081 [Listener at 127.0.0.1/39909] INFO  server.Server (Server.java:doStart(415)) - Started @212918ms
2020-12-23 14:05:36,081 [Listener at 127.0.0.1/39909] WARN  impl.MetricsSystemImpl (MetricsSystemImpl.java:register(276)) - Sink prometheus already exists!
2020-12-23 14:05:36,084 [Listener at 127.0.0.1/39909] INFO  http.BaseHttpServer (BaseHttpServer.java:updateConnectorAddress(327)) - HTTP server of hddsDatanode listening at http://0.0.0.0:33003
2020-12-23 14:05:36,085 [Listener at 127.0.0.1/39909] INFO  impl.MetricsSystemImpl (MetricsSystemImpl.java:init(158)) - HddsDatanode metrics system started (again)
2020-12-23 14:05:36,086 [Listener at 127.0.0.1/39909] INFO  ozone.HddsDatanodeService (HddsDatanodeService.java:start(217)) - HddsDatanodeService host:8eef00ac434c ip:172.17.0.2
2020-12-23 14:05:36,087 [org.apache.hadoop.util.JvmPauseMonitor$Monitor@564f9463] INFO  util.JvmPauseMonitor (JvmPauseMonitor.java:run(188)) - Starting JVM pause monitor
2020-12-23 14:05:36,088 [Listener at 127.0.0.1/39909] INFO  volume.HddsVolume (HddsVolume.java:<init>(176)) - Creating Volume: /github/workspace/mnt/ozone/hadoop-ozone/integration-test/target/test-dir/MiniOzoneClusterImpl-4d4d8361-1f31-4e15-8531-152295c781bb/datanode-5/data-0/containers/hdds of storage type : DISK and capacity : 9223372036854775807
2020-12-23 14:05:36,088 [Listener at 127.0.0.1/39909] INFO  volume.MutableVolumeSet (MutableVolumeSet.java:initializeVolumeSet(179)) - Added Volume : /github/workspace/mnt/ozone/hadoop-ozone/integration-test/target/test-dir/MiniOzoneClusterImpl-4d4d8361-1f31-4e15-8531-152295c781bb/datanode-5/data-0/containers/hdds to VolumeSet
2020-12-23 14:05:36,088 [Listener at 127.0.0.1/39909] INFO  volume.ThrottledAsyncChecker (ThrottledAsyncChecker.java:schedule(141)) - Scheduling a check for /github/workspace/mnt/ozone/hadoop-ozone/integration-test/target/test-dir/MiniOzoneClusterImpl-4d4d8361-1f31-4e15-8531-152295c781bb/datanode-5/data-0/containers/hdds
2020-12-23 14:05:36,088 [Datanode State Machine Task Thread - 0] INFO  datanode.InitDatanodeState (InitDatanodeState.java:persistContainerDatanodeDetails(145)) - DatanodeDetails is persisted to /github/workspace/mnt/ozone/hadoop-ozone/integration-test/target/test-dir/MiniOzoneClusterImpl-4d4d8361-1f31-4e15-8531-152295c781bb/datanode-4/meta/datanode.id
2020-12-23 14:05:36,088 [Listener at 127.0.0.1/39909] INFO  volume.HddsVolumeChecker (HddsVolumeChecker.java:checkAllVolumes(200)) - Scheduled health check for volume /github/workspace/mnt/ozone/hadoop-ozone/integration-test/target/test-dir/MiniOzoneClusterImpl-4d4d8361-1f31-4e15-8531-152295c781bb/datanode-5/data-0/containers/hdds
2020-12-23 14:05:36,106 [Thread-3193] INFO  ozoneimpl.ContainerReader (ContainerReader.java:readVolume(123)) - Start to verify containers on volume /github/workspace/mnt/ozone/hadoop-ozone/integration-test/target/test-dir/MiniOzoneClusterImpl-4d4d8361-1f31-4e15-8531-152295c781bb/datanode-5/data-0/containers/hdds
2020-12-23 14:05:36,106 [Thread-3193] INFO  ozoneimpl.ContainerReader (ContainerReader.java:readVolume(148)) - Finish verifying containers on volume /github/workspace/mnt/ozone/hadoop-ozone/integration-test/target/test-dir/MiniOzoneClusterImpl-4d4d8361-1f31-4e15-8531-152295c781bb/datanode-5/data-0/containers/hdds
2020-12-23 14:05:36,106 [Listener at 127.0.0.1/39909] INFO  ozoneimpl.OzoneContainer (OzoneContainer.java:buildContainerSet(194)) - Build ContainerSet costs 0s
2020-12-23 14:05:36,108 [Listener at 127.0.0.1/39909] INFO  server.RaftServer (ConfUtils.java:logGet(44)) - raft.rpc.type = GRPC (default)
2020-12-23 14:05:36,108 [Listener at 127.0.0.1/39909] INFO  grpc.GrpcFactory (GrpcFactory.java:checkPooledByteBufAllocatorUseCacheForAllThreads(48)) - PERFORMANCE WARNING: useCacheForAllThreads is true that may cause Netty to create a lot garbage objects and, as a result, trigger GC.
	It is recommended to disable useCacheForAllThreads by setting -Dorg.apache.ratis.thirdparty.io.netty.allocator.useCacheForAllThreads=false in command line.
2020-12-23 14:05:36,108 [Listener at 127.0.0.1/39909] INFO  grpc.GrpcConfigKeys (ConfUtils.java:logGet(44)) - raft.grpc.server.port = 0 (default)
2020-12-23 14:05:36,108 [Listener at 127.0.0.1/39909] INFO  server.GrpcService (ConfUtils.java:logGet(44)) - raft.grpc.message.size.max = 32MB (=33554432) (custom)
2020-12-23 14:05:36,108 [Listener at 127.0.0.1/39909] INFO  server.RaftServerConfigKeys (ConfUtils.java:logGet(44)) - raft.server.log.appender.buffer.byte-limit = 33554432 (custom)
2020-12-23 14:05:36,109 [Listener at 127.0.0.1/39909] INFO  server.GrpcService (ConfUtils.java:logGet(44)) - raft.grpc.flow.control.window = 5MB (=5242880) (custom)
2020-12-23 14:05:36,109 [Listener at 127.0.0.1/39909] INFO  server.RaftServerConfigKeys (ConfUtils.java:logGet(44)) - raft.server.rpc.request.timeout = 60s (custom)
2020-12-23 14:05:36,110 [Listener at 127.0.0.1/39909] INFO  impl.DataStreamServerImpl (ConfUtils.java:logGet(44)) - raft.datastream.type = DISABLED (default)
2020-12-23 14:05:36,110 [Listener at 127.0.0.1/39909] INFO  server.RaftServerConfigKeys (ConfUtils.java:logGet(44)) - raft.server.rpc.slowness.timeout = 300s (custom)
2020-12-23 14:05:36,110 [Listener at 127.0.0.1/39909] INFO  server.RaftServerConfigKeys (ConfUtils.java:logGet(44)) - raft.server.leaderelection.leader.step-down.wait-time = 10s (default)
2020-12-23 14:05:36,110 [Listener at 127.0.0.1/39909] INFO  server.RaftServerConfigKeys (ConfUtils.java:logGet(44)) - raft.server.storage.dir = [/github/workspace/mnt/ozone/hadoop-ozone/integration-test/target/test-dir/MiniOzoneClusterImpl-4d4d8361-1f31-4e15-8531-152295c781bb/datanode-5/data/ratis] (custom)
2020-12-23 14:05:36,116 [Listener at 127.0.0.1/39909] INFO  http.BaseHttpServer (BaseHttpServer.java:newHttpServer2BuilderForOzone(207)) - Starting Web-server for hddsDatanode at: http://0.0.0.0:0
2020-12-23 14:05:36,117 [Listener at 127.0.0.1/39909] INFO  http.BaseHttpServer (BaseHttpServer.java:<init>(106)) - Hadoop Security Enabled: false Ozone Security Enabled: false Ozone HTTP Security Enabled: false 
2020-12-23 14:05:36,117 [Listener at 127.0.0.1/39909] INFO  server.AuthenticationFilter (AuthenticationFilter.java:constructSecretProvider(240)) - Unable to initialize FileSignerSecretProvider, falling back to use random secrets.
2020-12-23 14:05:36,118 [Listener at 127.0.0.1/39909] WARN  http.HttpRequestLog (HttpRequestLog.java:getRequestLog(103)) - Jetty request log can only be enabled using Log4j
2020-12-23 14:05:36,119 [Listener at 127.0.0.1/39909] INFO  http.HttpServer2 (HttpServer2.java:addGlobalFilter(1020)) - Added global filter 'safety' (class=org.apache.hadoop.hdds.server.http.HttpServer2$QuotingInputFilter)
2020-12-23 14:05:36,119 [Listener at 127.0.0.1/39909] INFO  http.HttpServer2 (HttpServer2.java:addFilter(996)) - Added filter static_user_filter (class=org.apache.hadoop.http.lib.StaticUserWebFilter$StaticUserFilter) to context hddsDatanode
2020-12-23 14:05:36,119 [Listener at 127.0.0.1/39909] INFO  http.HttpServer2 (HttpServer2.java:addFilter(1004)) - Added filter static_user_filter (class=org.apache.hadoop.http.lib.StaticUserWebFilter$StaticUserFilter) to context static
2020-12-23 14:05:36,119 [Listener at 127.0.0.1/39909] INFO  http.HttpServer2 (HttpServer2.java:addFilter(1004)) - Added filter static_user_filter (class=org.apache.hadoop.http.lib.StaticUserWebFilter$StaticUserFilter) to context logs
2020-12-23 14:05:36,120 [Listener at 127.0.0.1/39909] INFO  http.HttpServer2 (HttpServer2.java:bindListener(1238)) - Jetty bound to port 42455
2020-12-23 14:05:36,120 [Listener at 127.0.0.1/39909] INFO  server.Server (Server.java:doStart(375)) - jetty-9.4.34.v20201102; built: 2020-11-02T14:15:39.302Z; git: e46af88704a893fc12cb0e3bf46e2c7b48a009e7; jvm 1.8.0_232-b09
2020-12-23 14:05:36,121 [Listener at 127.0.0.1/39909] INFO  server.session (DefaultSessionIdManager.java:doStart(334)) - DefaultSessionIdManager workerName=node0
2020-12-23 14:05:36,122 [Listener at 127.0.0.1/39909] INFO  server.session (DefaultSessionIdManager.java:doStart(339)) - No SessionScavenger set, using defaults
2020-12-23 14:05:36,122 [Listener at 127.0.0.1/39909] INFO  server.session (HouseKeeper.java:startScavenging(132)) - node0 Scavenging every 660000ms
2020-12-23 14:05:36,125 [Listener at 127.0.0.1/39909] INFO  handler.ContextHandler (ContextHandler.java:doStart(916)) - Started o.e.j.s.ServletContextHandler@633a4a3d{logs,/logs,file:///github/workspace/mnt/ozone/hadoop-ozone/integration-test/target/log,AVAILABLE}
2020-12-23 14:05:36,125 [Listener at 127.0.0.1/39909] INFO  handler.ContextHandler (ContextHandler.java:doStart(916)) - Started o.e.j.s.ServletContextHandler@350c7188{static,/static,jar:file:/home/user/.m2/repository/org/apache/hadoop/hadoop-hdds-container-service/1.1.0-SNAPSHOT/hadoop-hdds-container-service-1.1.0-SNAPSHOT.jar!/webapps/static,AVAILABLE}
2020-12-23 14:05:36,383 [Listener at 127.0.0.1/39909] INFO  handler.ContextHandler (ContextHandler.java:doStart(916)) - Started o.e.j.w.WebAppContext@69a0f018{hddsDatanode,/,file:///tmp/jetty-0_0_0_0-42455-hadoop-hdds-container-service-1_1_0-SNAPSHOT_jar-_-any-4635926865523600314/webapp/,AVAILABLE}{jar:file:/home/user/.m2/repository/org/apache/hadoop/hadoop-hdds-container-service/1.1.0-SNAPSHOT/hadoop-hdds-container-service-1.1.0-SNAPSHOT.jar!/webapps/hddsDatanode}
2020-12-23 14:05:36,384 [Listener at 127.0.0.1/39909] INFO  server.AbstractConnector (AbstractConnector.java:doStart(331)) - Started ServerConnector@3e821bba{HTTP/1.1, (http/1.1)}{0.0.0.0:42455}
2020-12-23 14:05:36,384 [Listener at 127.0.0.1/39909] INFO  server.Server (Server.java:doStart(415)) - Started @213221ms
2020-12-23 14:05:36,384 [Listener at 127.0.0.1/39909] WARN  impl.MetricsSystemImpl (MetricsSystemImpl.java:register(276)) - Sink prometheus already exists!
2020-12-23 14:05:36,387 [Listener at 127.0.0.1/39909] INFO  http.BaseHttpServer (BaseHttpServer.java:updateConnectorAddress(327)) - HTTP server of hddsDatanode listening at http://0.0.0.0:42455
2020-12-23 14:05:36,394 [Listener at 127.0.0.1/39909] INFO  ozone.MiniOzoneClusterImpl (MiniOzoneClusterImpl.java:lambda$waitForClusterToBeReady$0(178)) - Waiting for nodes to be ready. Got 0 of 6 DN Heartbeats.
2020-12-23 14:05:36,394 [Listener at 127.0.0.1/39909] INFO  ozone.MiniOzoneClusterImpl (MiniOzoneClusterImpl.java:lambda$waitForClusterToBeReady$0(181)) - Waiting for cluster to exit safe mode
2020-12-23 14:05:36,395 [org.apache.hadoop.util.JvmPauseMonitor$Monitor@64d4a8ec] INFO  util.JvmPauseMonitor (JvmPauseMonitor.java:run(188)) - Starting JVM pause monitor
2020-12-23 14:05:36,395 [Datanode State Machine Task Thread - 0] INFO  datanode.InitDatanodeState (InitDatanodeState.java:persistContainerDatanodeDetails(145)) - DatanodeDetails is persisted to /github/workspace/mnt/ozone/hadoop-ozone/integration-test/target/test-dir/MiniOzoneClusterImpl-4d4d8361-1f31-4e15-8531-152295c781bb/datanode-5/meta/datanode.id
2020-12-23 14:05:37,228 [EndpointStateMachine task thread for /0.0.0.0:45725 - 0 ] INFO  ozoneimpl.OzoneContainer (OzoneContainer.java:start(243)) - Attempting to start container services.
2020-12-23 14:05:37,228 [EndpointStateMachine task thread for /0.0.0.0:45725 - 0 ] INFO  ozoneimpl.OzoneContainer (OzoneContainer.java:startContainerScrub(207)) - Background container scanner has been disabled.
2020-12-23 14:05:37,228 [EndpointStateMachine task thread for /0.0.0.0:45725 - 0 ] INFO  ratis.XceiverServerRatis (XceiverServerRatis.java:start(455)) - Starting XceiverServerRatis 68877139-4f8e-42eb-81b1-3d9b1c196839 at port 0
2020-12-23 14:05:37,229 [EndpointStateMachine task thread for /0.0.0.0:45725 - 0 ] INFO  server.RaftServer (RaftServerProxy.java:lambda$start$5(370)) - 68877139-4f8e-42eb-81b1-3d9b1c196839: start RPC server
2020-12-23 14:05:37,230 [EndpointStateMachine task thread for /0.0.0.0:45725 - 0 ] INFO  server.GrpcService (GrpcService.java:startImpl(177)) - 68877139-4f8e-42eb-81b1-3d9b1c196839: GrpcService started, listening on 0.0.0.0/0.0.0.0:33281
2020-12-23 14:05:37,230 [EndpointStateMachine task thread for /0.0.0.0:45725 - 0 ] INFO  ratis.XceiverServerRatis (XceiverServerRatis.java:start(467)) - XceiverServerRatis 68877139-4f8e-42eb-81b1-3d9b1c196839 is started using port 33281
2020-12-23 14:05:37,230 [org.apache.ratis.util.JvmPauseMonitor$$Lambda$222/16129605@11751f98] INFO  util.JvmPauseMonitor (JvmPauseMonitor.java:run(103)) - JvmPauseMonitor-68877139-4f8e-42eb-81b1-3d9b1c196839: Started
2020-12-23 14:05:37,231 [EndpointStateMachine task thread for /0.0.0.0:45725 - 0 ] INFO  server.XceiverServerGrpc (XceiverServerGrpc.java:start(145)) - XceiverServerGrpc 68877139-4f8e-42eb-81b1-3d9b1c196839 is started using port 34061
2020-12-23 14:05:37,394 [Listener at 127.0.0.1/39909] INFO  ozone.MiniOzoneClusterImpl (MiniOzoneClusterImpl.java:lambda$waitForClusterToBeReady$0(178)) - Waiting for nodes to be ready. Got 0 of 6 DN Heartbeats.
2020-12-23 14:05:37,394 [Listener at 127.0.0.1/39909] INFO  ozone.MiniOzoneClusterImpl (MiniOzoneClusterImpl.java:lambda$waitForClusterToBeReady$0(181)) - Waiting for cluster to exit safe mode
2020-12-23 14:05:37,438 [EndpointStateMachine task thread for /0.0.0.0:45725 - 0 ] INFO  ozoneimpl.OzoneContainer (OzoneContainer.java:start(243)) - Attempting to start container services.
2020-12-23 14:05:37,438 [EndpointStateMachine task thread for /0.0.0.0:45725 - 0 ] INFO  ozoneimpl.OzoneContainer (OzoneContainer.java:startContainerScrub(207)) - Background container scanner has been disabled.
2020-12-23 14:05:37,438 [EndpointStateMachine task thread for /0.0.0.0:45725 - 0 ] INFO  ratis.XceiverServerRatis (XceiverServerRatis.java:start(455)) - Starting XceiverServerRatis b1088989-c4df-426b-96dd-e7d1e2f5d3a9 at port 0
2020-12-23 14:05:37,442 [EndpointStateMachine task thread for /0.0.0.0:45725 - 0 ] INFO  server.RaftServer (RaftServerProxy.java:lambda$start$5(370)) - b1088989-c4df-426b-96dd-e7d1e2f5d3a9: start RPC server
2020-12-23 14:05:37,442 [EndpointStateMachine task thread for /0.0.0.0:45725 - 0 ] INFO  server.GrpcService (GrpcService.java:startImpl(177)) - b1088989-c4df-426b-96dd-e7d1e2f5d3a9: GrpcService started, listening on 0.0.0.0/0.0.0.0:39379
2020-12-23 14:05:37,442 [EndpointStateMachine task thread for /0.0.0.0:45725 - 0 ] INFO  ratis.XceiverServerRatis (XceiverServerRatis.java:start(467)) - XceiverServerRatis b1088989-c4df-426b-96dd-e7d1e2f5d3a9 is started using port 39379
2020-12-23 14:05:37,443 [org.apache.ratis.util.JvmPauseMonitor$$Lambda$222/16129605@677530bd] INFO  util.JvmPauseMonitor (JvmPauseMonitor.java:run(103)) - JvmPauseMonitor-b1088989-c4df-426b-96dd-e7d1e2f5d3a9: Started
2020-12-23 14:05:37,445 [EndpointStateMachine task thread for /0.0.0.0:45725 - 0 ] INFO  server.XceiverServerGrpc (XceiverServerGrpc.java:start(145)) - XceiverServerGrpc b1088989-c4df-426b-96dd-e7d1e2f5d3a9 is started using port 33653
2020-12-23 14:05:37,665 [EndpointStateMachine task thread for /0.0.0.0:45725 - 0 ] INFO  ozoneimpl.OzoneContainer (OzoneContainer.java:start(243)) - Attempting to start container services.
2020-12-23 14:05:37,665 [EndpointStateMachine task thread for /0.0.0.0:45725 - 0 ] INFO  ozoneimpl.OzoneContainer (OzoneContainer.java:startContainerScrub(207)) - Background container scanner has been disabled.
2020-12-23 14:05:37,665 [EndpointStateMachine task thread for /0.0.0.0:45725 - 0 ] INFO  ratis.XceiverServerRatis (XceiverServerRatis.java:start(455)) - Starting XceiverServerRatis 72ddd1cf-406a-46d1-a670-cde8064896da at port 0
2020-12-23 14:05:37,667 [EndpointStateMachine task thread for /0.0.0.0:45725 - 0 ] INFO  server.RaftServer (RaftServerProxy.java:lambda$start$5(370)) - 72ddd1cf-406a-46d1-a670-cde8064896da: start RPC server
2020-12-23 14:05:37,669 [EndpointStateMachine task thread for /0.0.0.0:45725 - 0 ] INFO  server.GrpcService (GrpcService.java:startImpl(177)) - 72ddd1cf-406a-46d1-a670-cde8064896da: GrpcService started, listening on 0.0.0.0/0.0.0.0:36049
2020-12-23 14:05:37,669 [EndpointStateMachine task thread for /0.0.0.0:45725 - 0 ] INFO  ratis.XceiverServerRatis (XceiverServerRatis.java:start(467)) - XceiverServerRatis 72ddd1cf-406a-46d1-a670-cde8064896da is started using port 36049
2020-12-23 14:05:37,669 [org.apache.ratis.util.JvmPauseMonitor$$Lambda$222/16129605@566d0807] INFO  util.JvmPauseMonitor (JvmPauseMonitor.java:run(103)) - JvmPauseMonitor-72ddd1cf-406a-46d1-a670-cde8064896da: Started
2020-12-23 14:05:37,672 [EndpointStateMachine task thread for /0.0.0.0:45725 - 0 ] INFO  server.XceiverServerGrpc (XceiverServerGrpc.java:start(145)) - XceiverServerGrpc 72ddd1cf-406a-46d1-a670-cde8064896da is started using port 42577
2020-12-23 14:05:37,863 [EndpointStateMachine task thread for /0.0.0.0:45725 - 0 ] INFO  ozoneimpl.OzoneContainer (OzoneContainer.java:start(243)) - Attempting to start container services.
2020-12-23 14:05:37,863 [EndpointStateMachine task thread for /0.0.0.0:45725 - 0 ] INFO  ozoneimpl.OzoneContainer (OzoneContainer.java:startContainerScrub(207)) - Background container scanner has been disabled.
2020-12-23 14:05:37,863 [EndpointStateMachine task thread for /0.0.0.0:45725 - 0 ] INFO  ratis.XceiverServerRatis (XceiverServerRatis.java:start(455)) - Starting XceiverServerRatis 578fb040-f869-45ef-91a4-da79ba7884ec at port 0
2020-12-23 14:05:37,864 [EndpointStateMachine task thread for /0.0.0.0:45725 - 0 ] INFO  server.RaftServer (RaftServerProxy.java:lambda$start$5(370)) - 578fb040-f869-45ef-91a4-da79ba7884ec: start RPC server
2020-12-23 14:05:37,865 [EndpointStateMachine task thread for /0.0.0.0:45725 - 0 ] INFO  server.GrpcService (GrpcService.java:startImpl(177)) - 578fb040-f869-45ef-91a4-da79ba7884ec: GrpcService started, listening on 0.0.0.0/0.0.0.0:37771
2020-12-23 14:05:37,865 [EndpointStateMachine task thread for /0.0.0.0:45725 - 0 ] INFO  ratis.XceiverServerRatis (XceiverServerRatis.java:start(467)) - XceiverServerRatis 578fb040-f869-45ef-91a4-da79ba7884ec is started using port 37771
2020-12-23 14:05:37,866 [org.apache.ratis.util.JvmPauseMonitor$$Lambda$222/16129605@299afad9] INFO  util.JvmPauseMonitor (JvmPauseMonitor.java:run(103)) - JvmPauseMonitor-578fb040-f869-45ef-91a4-da79ba7884ec: Started
2020-12-23 14:05:37,866 [EndpointStateMachine task thread for /0.0.0.0:45725 - 0 ] INFO  server.XceiverServerGrpc (XceiverServerGrpc.java:start(145)) - XceiverServerGrpc 578fb040-f869-45ef-91a4-da79ba7884ec is started using port 44769
2020-12-23 14:05:38,090 [EndpointStateMachine task thread for /0.0.0.0:45725 - 0 ] INFO  ozoneimpl.OzoneContainer (OzoneContainer.java:start(243)) - Attempting to start container services.
2020-12-23 14:05:38,090 [EndpointStateMachine task thread for /0.0.0.0:45725 - 0 ] INFO  ozoneimpl.OzoneContainer (OzoneContainer.java:startContainerScrub(207)) - Background container scanner has been disabled.
2020-12-23 14:05:38,090 [EndpointStateMachine task thread for /0.0.0.0:45725 - 0 ] INFO  ratis.XceiverServerRatis (XceiverServerRatis.java:start(455)) - Starting XceiverServerRatis 132632b1-c99d-4d56-baf0-ebc6ad7ec851 at port 0
2020-12-23 14:05:38,094 [EndpointStateMachine task thread for /0.0.0.0:45725 - 0 ] INFO  server.RaftServer (RaftServerProxy.java:lambda$start$5(370)) - 132632b1-c99d-4d56-baf0-ebc6ad7ec851: start RPC server
2020-12-23 14:05:38,095 [EndpointStateMachine task thread for /0.0.0.0:45725 - 0 ] INFO  server.GrpcService (GrpcService.java:startImpl(177)) - 132632b1-c99d-4d56-baf0-ebc6ad7ec851: GrpcService started, listening on 0.0.0.0/0.0.0.0:43673
2020-12-23 14:05:38,095 [EndpointStateMachine task thread for /0.0.0.0:45725 - 0 ] INFO  ratis.XceiverServerRatis (XceiverServerRatis.java:start(467)) - XceiverServerRatis 132632b1-c99d-4d56-baf0-ebc6ad7ec851 is started using port 43673
2020-12-23 14:05:38,095 [org.apache.ratis.util.JvmPauseMonitor$$Lambda$222/16129605@1a500ebb] INFO  util.JvmPauseMonitor (JvmPauseMonitor.java:run(103)) - JvmPauseMonitor-132632b1-c99d-4d56-baf0-ebc6ad7ec851: Started
2020-12-23 14:05:38,096 [EndpointStateMachine task thread for /0.0.0.0:45725 - 0 ] INFO  server.XceiverServerGrpc (XceiverServerGrpc.java:start(145)) - XceiverServerGrpc 132632b1-c99d-4d56-baf0-ebc6ad7ec851 is started using port 33175
2020-12-23 14:05:38,395 [Listener at 127.0.0.1/39909] INFO  ozone.MiniOzoneClusterImpl (MiniOzoneClusterImpl.java:lambda$waitForClusterToBeReady$0(178)) - Waiting for nodes to be ready. Got 0 of 6 DN Heartbeats.
2020-12-23 14:05:38,395 [Listener at 127.0.0.1/39909] INFO  ozone.MiniOzoneClusterImpl (MiniOzoneClusterImpl.java:lambda$waitForClusterToBeReady$0(181)) - Waiting for cluster to exit safe mode
2020-12-23 14:05:38,398 [EndpointStateMachine task thread for /0.0.0.0:45725 - 0 ] INFO  ozoneimpl.OzoneContainer (OzoneContainer.java:start(243)) - Attempting to start container services.
2020-12-23 14:05:38,399 [EndpointStateMachine task thread for /0.0.0.0:45725 - 0 ] INFO  ozoneimpl.OzoneContainer (OzoneContainer.java:startContainerScrub(207)) - Background container scanner has been disabled.
2020-12-23 14:05:38,399 [EndpointStateMachine task thread for /0.0.0.0:45725 - 0 ] INFO  ratis.XceiverServerRatis (XceiverServerRatis.java:start(455)) - Starting XceiverServerRatis cc79f115-dbdb-4899-88c3-1d2dbee4d898 at port 0
2020-12-23 14:05:38,400 [EndpointStateMachine task thread for /0.0.0.0:45725 - 0 ] INFO  server.RaftServer (RaftServerProxy.java:lambda$start$5(370)) - cc79f115-dbdb-4899-88c3-1d2dbee4d898: start RPC server
2020-12-23 14:05:38,402 [EndpointStateMachine task thread for /0.0.0.0:45725 - 0 ] INFO  server.GrpcService (GrpcService.java:startImpl(177)) - cc79f115-dbdb-4899-88c3-1d2dbee4d898: GrpcService started, listening on 0.0.0.0/0.0.0.0:35113
2020-12-23 14:05:38,402 [EndpointStateMachine task thread for /0.0.0.0:45725 - 0 ] INFO  ratis.XceiverServerRatis (XceiverServerRatis.java:start(467)) - XceiverServerRatis cc79f115-dbdb-4899-88c3-1d2dbee4d898 is started using port 35113
2020-12-23 14:05:38,402 [org.apache.ratis.util.JvmPauseMonitor$$Lambda$222/16129605@4732b99c] INFO  util.JvmPauseMonitor (JvmPauseMonitor.java:run(103)) - JvmPauseMonitor-cc79f115-dbdb-4899-88c3-1d2dbee4d898: Started
2020-12-23 14:05:38,402 [EndpointStateMachine task thread for /0.0.0.0:45725 - 0 ] INFO  server.XceiverServerGrpc (XceiverServerGrpc.java:start(145)) - XceiverServerGrpc cc79f115-dbdb-4899-88c3-1d2dbee4d898 is started using port 46295
2020-12-23 14:05:39,225 [IPC Server handler 1 on default port 45725] INFO  net.NetworkTopologyImpl (NetworkTopologyImpl.java:add(111)) - Added a new node: /default-rack/68877139-4f8e-42eb-81b1-3d9b1c196839
2020-12-23 14:05:39,226 [IPC Server handler 1 on default port 45725] INFO  node.SCMNodeManager (SCMNodeManager.java:register(341)) - Registered Data node : 68877139-4f8e-42eb-81b1-3d9b1c196839{ip: 172.17.0.2, host: 8eef00ac434c, networkLocation: /default-rack, certSerialId: null, persistedOpState: IN_SERVICE, persistedOpStateExpiryEpochSec: 0}
2020-12-23 14:05:39,227 [EventQueue-NodeRegistrationContainerReportForContainerSafeModeRule] INFO  safemode.SCMSafeModeManager (SCMSafeModeManager.java:validateSafeModeExitRules(214)) - ContainerSafeModeRule rule is successfully validated
2020-12-23 14:05:39,227 [EventQueue-NodeRegistrationContainerReportForDataNodeSafeModeRule] INFO  safemode.SCMSafeModeManager (DataNodeSafeModeRule.java:process(71)) - SCM in safe mode. 1 DataNodes registered, 1 required.
2020-12-23 14:05:39,229 [EventQueue-NodeRegistrationContainerReportForDataNodeSafeModeRule] INFO  safemode.SCMSafeModeManager (SCMSafeModeManager.java:validateSafeModeExitRules(214)) - DataNodeSafeModeRule rule is successfully validated
2020-12-23 14:05:39,229 [EventQueue-NodeRegistrationContainerReportForDataNodeSafeModeRule] INFO  safemode.SCMSafeModeManager (SCMSafeModeManager.java:completePreCheck(242)) - All SCM safe mode pre check rules have passed
2020-12-23 14:05:39,229 [RatisPipelineUtilsThread] INFO  pipeline.RatisPipelineProvider (RatisPipelineProvider.java:lambda$create$0(161)) - Sending CreatePipelineCommand for pipeline:PipelineID=c6bb5c44-651a-471e-8765-a3899fd18a33 to datanode:68877139-4f8e-42eb-81b1-3d9b1c196839
2020-12-23 14:05:39,229 [EventQueue-PipelineReportForOneReplicaPipelineSafeModeRule] INFO  safemode.SCMSafeModeManager (SCMSafeModeManager.java:validateSafeModeExitRules(214)) - AtleastOneDatanodeReportedRule rule is successfully validated
2020-12-23 14:05:39,229 [RatisPipelineUtilsThread] INFO  pipeline.PipelineStateManager (PipelineStateManager.java:addPipeline(54)) - Created pipeline Pipeline[ Id: c6bb5c44-651a-471e-8765-a3899fd18a33, Nodes: 68877139-4f8e-42eb-81b1-3d9b1c196839{ip: 172.17.0.2, host: 8eef00ac434c, networkLocation: /default-rack, certSerialId: null, persistedOpState: IN_SERVICE, persistedOpStateExpiryEpochSec: 0}, Type:RATIS, Factor:ONE, State:ALLOCATED, leaderId:, CreationTimestamp2020-12-23T14:05:39.229Z]
2020-12-23 14:05:39,230 [RatisPipelineUtilsThread] WARN  pipeline.PipelinePlacementPolicy (PipelinePlacementPolicy.java:filterViableNodes(139)) - Pipeline creation failed due to no sufficient healthy datanodes. Required 3. Found 1.
2020-12-23 14:05:39,395 [Listener at 127.0.0.1/39909] INFO  ozone.MiniOzoneClusterImpl (MiniOzoneClusterImpl.java:lambda$waitForClusterToBeReady$0(178)) - Waiting for nodes to be ready. Got 1 of 6 DN Heartbeats.
2020-12-23 14:05:39,395 [Listener at 127.0.0.1/39909] INFO  ozone.MiniOzoneClusterImpl (MiniOzoneClusterImpl.java:lambda$waitForClusterToBeReady$0(181)) - Waiting for cluster to exit safe mode
2020-12-23 14:05:39,436 [IPC Server handler 3 on default port 45725] INFO  net.NetworkTopologyImpl (NetworkTopologyImpl.java:add(111)) - Added a new node: /default-rack/b1088989-c4df-426b-96dd-e7d1e2f5d3a9
2020-12-23 14:05:39,436 [IPC Server handler 3 on default port 45725] INFO  node.SCMNodeManager (SCMNodeManager.java:register(341)) - Registered Data node : b1088989-c4df-426b-96dd-e7d1e2f5d3a9{ip: 172.17.0.2, host: 8eef00ac434c, networkLocation: /default-rack, certSerialId: null, persistedOpState: IN_SERVICE, persistedOpStateExpiryEpochSec: 0}
2020-12-23 14:05:39,437 [EventQueue-NodeRegistrationContainerReportForContainerSafeModeRule] INFO  safemode.SCMSafeModeManager (SCMSafeModeManager.java:validateSafeModeExitRules(214)) - ContainerSafeModeRule rule is successfully validated
2020-12-23 14:05:39,437 [RatisPipelineUtilsThread] INFO  pipeline.RatisPipelineProvider (RatisPipelineProvider.java:lambda$create$0(161)) - Sending CreatePipelineCommand for pipeline:PipelineID=a4f5a0ab-482a-4386-9b01-35026810e6ae to datanode:b1088989-c4df-426b-96dd-e7d1e2f5d3a9
2020-12-23 14:05:39,437 [EventQueue-NodeRegistrationContainerReportForDataNodeSafeModeRule] INFO  safemode.SCMSafeModeManager (SCMSafeModeManager.java:validateSafeModeExitRules(214)) - DataNodeSafeModeRule rule is successfully validated
2020-12-23 14:05:39,437 [EventQueue-PipelineReportForOneReplicaPipelineSafeModeRule] INFO  safemode.SCMSafeModeManager (SCMSafeModeManager.java:validateSafeModeExitRules(214)) - AtleastOneDatanodeReportedRule rule is successfully validated
2020-12-23 14:05:39,437 [RatisPipelineUtilsThread] INFO  pipeline.PipelineStateManager (PipelineStateManager.java:addPipeline(54)) - Created pipeline Pipeline[ Id: a4f5a0ab-482a-4386-9b01-35026810e6ae, Nodes: b1088989-c4df-426b-96dd-e7d1e2f5d3a9{ip: 172.17.0.2, host: 8eef00ac434c, networkLocation: /default-rack, certSerialId: null, persistedOpState: IN_SERVICE, persistedOpStateExpiryEpochSec: 0}, Type:RATIS, Factor:ONE, State:ALLOCATED, leaderId:, CreationTimestamp2020-12-23T14:05:39.437Z]
2020-12-23 14:05:39,437 [RatisPipelineUtilsThread] WARN  pipeline.PipelinePlacementPolicy (PipelinePlacementPolicy.java:filterViableNodes(139)) - Pipeline creation failed due to no sufficient healthy datanodes. Required 3. Found 2.
2020-12-23 14:05:39,664 [IPC Server handler 2 on default port 45725] INFO  net.NetworkTopologyImpl (NetworkTopologyImpl.java:add(111)) - Added a new node: /default-rack/72ddd1cf-406a-46d1-a670-cde8064896da
2020-12-23 14:05:39,664 [IPC Server handler 2 on default port 45725] INFO  node.SCMNodeManager (SCMNodeManager.java:register(341)) - Registered Data node : 72ddd1cf-406a-46d1-a670-cde8064896da{ip: 172.17.0.2, host: 8eef00ac434c, networkLocation: /default-rack, certSerialId: null, persistedOpState: IN_SERVICE, persistedOpStateExpiryEpochSec: 0}
2020-12-23 14:05:39,664 [RatisPipelineUtilsThread] INFO  pipeline.RatisPipelineProvider (RatisPipelineProvider.java:lambda$create$0(161)) - Sending CreatePipelineCommand for pipeline:PipelineID=73e418e7-f879-43e6-8465-3170e42e4d24 to datanode:72ddd1cf-406a-46d1-a670-cde8064896da
2020-12-23 14:05:39,664 [EventQueue-NodeRegistrationContainerReportForContainerSafeModeRule] INFO  safemode.SCMSafeModeManager (SCMSafeModeManager.java:validateSafeModeExitRules(214)) - ContainerSafeModeRule rule is successfully validated
2020-12-23 14:05:39,665 [EventQueue-NodeRegistrationContainerReportForDataNodeSafeModeRule] INFO  safemode.SCMSafeModeManager (SCMSafeModeManager.java:validateSafeModeExitRules(214)) - DataNodeSafeModeRule rule is successfully validated
2020-12-23 14:05:39,665 [RatisPipelineUtilsThread] INFO  pipeline.PipelineStateManager (PipelineStateManager.java:addPipeline(54)) - Created pipeline Pipeline[ Id: 73e418e7-f879-43e6-8465-3170e42e4d24, Nodes: 72ddd1cf-406a-46d1-a670-cde8064896da{ip: 172.17.0.2, host: 8eef00ac434c, networkLocation: /default-rack, certSerialId: null, persistedOpState: IN_SERVICE, persistedOpStateExpiryEpochSec: 0}, Type:RATIS, Factor:ONE, State:ALLOCATED, leaderId:, CreationTimestamp2020-12-23T14:05:39.664Z]
2020-12-23 14:05:39,665 [RatisPipelineUtilsThread] INFO  pipeline.RatisPipelineProvider (RatisPipelineProvider.java:lambda$create$0(161)) - Sending CreatePipelineCommand for pipeline:PipelineID=49d7aabe-f59e-4642-82be-b5b05ce780de to datanode:68877139-4f8e-42eb-81b1-3d9b1c196839
2020-12-23 14:05:39,665 [RatisPipelineUtilsThread] INFO  pipeline.RatisPipelineProvider (RatisPipelineProvider.java:lambda$create$0(161)) - Sending CreatePipelineCommand for pipeline:PipelineID=49d7aabe-f59e-4642-82be-b5b05ce780de to datanode:72ddd1cf-406a-46d1-a670-cde8064896da
2020-12-23 14:05:39,665 [RatisPipelineUtilsThread] INFO  pipeline.RatisPipelineProvider (RatisPipelineProvider.java:lambda$create$0(161)) - Sending CreatePipelineCommand for pipeline:PipelineID=49d7aabe-f59e-4642-82be-b5b05ce780de to datanode:b1088989-c4df-426b-96dd-e7d1e2f5d3a9
2020-12-23 14:05:39,665 [EventQueue-PipelineReportForOneReplicaPipelineSafeModeRule] INFO  safemode.SCMSafeModeManager (SCMSafeModeManager.java:validateSafeModeExitRules(214)) - AtleastOneDatanodeReportedRule rule is successfully validated
2020-12-23 14:05:39,665 [RatisPipelineUtilsThread] INFO  pipeline.PipelineStateManager (PipelineStateManager.java:addPipeline(54)) - Created pipeline Pipeline[ Id: 49d7aabe-f59e-4642-82be-b5b05ce780de, Nodes: 68877139-4f8e-42eb-81b1-3d9b1c196839{ip: 172.17.0.2, host: 8eef00ac434c, networkLocation: /default-rack, certSerialId: null, persistedOpState: IN_SERVICE, persistedOpStateExpiryEpochSec: 0}72ddd1cf-406a-46d1-a670-cde8064896da{ip: 172.17.0.2, host: 8eef00ac434c, networkLocation: /default-rack, certSerialId: null, persistedOpState: IN_SERVICE, persistedOpStateExpiryEpochSec: 0}b1088989-c4df-426b-96dd-e7d1e2f5d3a9{ip: 172.17.0.2, host: 8eef00ac434c, networkLocation: /default-rack, certSerialId: null, persistedOpState: IN_SERVICE, persistedOpStateExpiryEpochSec: 0}, Type:RATIS, Factor:THREE, State:ALLOCATED, leaderId:, CreationTimestamp2020-12-23T14:05:39.665Z]
2020-12-23 14:05:39,860 [IPC Server handler 12 on default port 45725] INFO  net.NetworkTopologyImpl (NetworkTopologyImpl.java:add(111)) - Added a new node: /default-rack/578fb040-f869-45ef-91a4-da79ba7884ec
2020-12-23 14:05:39,860 [IPC Server handler 12 on default port 45725] INFO  node.SCMNodeManager (SCMNodeManager.java:register(341)) - Registered Data node : 578fb040-f869-45ef-91a4-da79ba7884ec{ip: 172.17.0.2, host: 8eef00ac434c, networkLocation: /default-rack, certSerialId: null, persistedOpState: IN_SERVICE, persistedOpStateExpiryEpochSec: 0}
2020-12-23 14:05:39,861 [EventQueue-NodeRegistrationContainerReportForContainerSafeModeRule] INFO  safemode.SCMSafeModeManager (SCMSafeModeManager.java:validateSafeModeExitRules(214)) - ContainerSafeModeRule rule is successfully validated
2020-12-23 14:05:39,862 [EventQueue-NodeRegistrationContainerReportForDataNodeSafeModeRule] INFO  safemode.SCMSafeModeManager (SCMSafeModeManager.java:validateSafeModeExitRules(214)) - DataNodeSafeModeRule rule is successfully validated
2020-12-23 14:05:39,862 [RatisPipelineUtilsThread] INFO  pipeline.RatisPipelineProvider (RatisPipelineProvider.java:lambda$create$0(161)) - Sending CreatePipelineCommand for pipeline:PipelineID=25f9ad50-b735-4f9f-8b54-09344c0e7623 to datanode:578fb040-f869-45ef-91a4-da79ba7884ec
2020-12-23 14:05:39,862 [EventQueue-PipelineReportForOneReplicaPipelineSafeModeRule] INFO  safemode.SCMSafeModeManager (SCMSafeModeManager.java:validateSafeModeExitRules(214)) - AtleastOneDatanodeReportedRule rule is successfully validated
2020-12-23 14:05:39,862 [RatisPipelineUtilsThread] INFO  pipeline.PipelineStateManager (PipelineStateManager.java:addPipeline(54)) - Created pipeline Pipeline[ Id: 25f9ad50-b735-4f9f-8b54-09344c0e7623, Nodes: 578fb040-f869-45ef-91a4-da79ba7884ec{ip: 172.17.0.2, host: 8eef00ac434c, networkLocation: /default-rack, certSerialId: null, persistedOpState: IN_SERVICE, persistedOpStateExpiryEpochSec: 0}, Type:RATIS, Factor:ONE, State:ALLOCATED, leaderId:, CreationTimestamp2020-12-23T14:05:39.862Z]
2020-12-23 14:05:40,088 [IPC Server handler 0 on default port 45725] INFO  net.NetworkTopologyImpl (NetworkTopologyImpl.java:add(111)) - Added a new node: /default-rack/132632b1-c99d-4d56-baf0-ebc6ad7ec851
2020-12-23 14:05:40,089 [IPC Server handler 0 on default port 45725] INFO  node.SCMNodeManager (SCMNodeManager.java:register(341)) - Registered Data node : 132632b1-c99d-4d56-baf0-ebc6ad7ec851{ip: 172.17.0.2, host: 8eef00ac434c, networkLocation: /default-rack, certSerialId: null, persistedOpState: IN_SERVICE, persistedOpStateExpiryEpochSec: 0}
2020-12-23 14:05:40,089 [RatisPipelineUtilsThread] INFO  pipeline.RatisPipelineProvider (RatisPipelineProvider.java:lambda$create$0(161)) - Sending CreatePipelineCommand for pipeline:PipelineID=28155338-0ecd-4a03-b1b1-f3395db11d06 to datanode:132632b1-c99d-4d56-baf0-ebc6ad7ec851
2020-12-23 14:05:40,089 [EventQueue-NodeRegistrationContainerReportForDataNodeSafeModeRule] INFO  safemode.SCMSafeModeManager (SCMSafeModeManager.java:validateSafeModeExitRules(214)) - DataNodeSafeModeRule rule is successfully validated
2020-12-23 14:05:40,089 [EventQueue-NodeRegistrationContainerReportForContainerSafeModeRule] INFO  safemode.SCMSafeModeManager (SCMSafeModeManager.java:validateSafeModeExitRules(214)) - ContainerSafeModeRule rule is successfully validated
2020-12-23 14:05:40,089 [RatisPipelineUtilsThread] INFO  pipeline.PipelineStateManager (PipelineStateManager.java:addPipeline(54)) - Created pipeline Pipeline[ Id: 28155338-0ecd-4a03-b1b1-f3395db11d06, Nodes: 132632b1-c99d-4d56-baf0-ebc6ad7ec851{ip: 172.17.0.2, host: 8eef00ac434c, networkLocation: /default-rack, certSerialId: null, persistedOpState: IN_SERVICE, persistedOpStateExpiryEpochSec: 0}, Type:RATIS, Factor:ONE, State:ALLOCATED, leaderId:, CreationTimestamp2020-12-23T14:05:40.089Z]
2020-12-23 14:05:40,089 [EventQueue-PipelineReportForOneReplicaPipelineSafeModeRule] INFO  safemode.SCMSafeModeManager (SCMSafeModeManager.java:validateSafeModeExitRules(214)) - AtleastOneDatanodeReportedRule rule is successfully validated
2020-12-23 14:05:40,395 [IPC Server handler 3 on default port 45725] INFO  net.NetworkTopologyImpl (NetworkTopologyImpl.java:add(111)) - Added a new node: /default-rack/cc79f115-dbdb-4899-88c3-1d2dbee4d898
2020-12-23 14:05:40,396 [Listener at 127.0.0.1/39909] INFO  ozone.MiniOzoneClusterImpl (MiniOzoneClusterImpl.java:lambda$waitForClusterToBeReady$0(178)) - Waiting for nodes to be ready. Got 5 of 6 DN Heartbeats.
2020-12-23 14:05:40,396 [Listener at 127.0.0.1/39909] INFO  ozone.MiniOzoneClusterImpl (MiniOzoneClusterImpl.java:lambda$waitForClusterToBeReady$0(181)) - Waiting for cluster to exit safe mode
2020-12-23 14:05:40,396 [IPC Server handler 3 on default port 45725] INFO  node.SCMNodeManager (SCMNodeManager.java:register(341)) - Registered Data node : cc79f115-dbdb-4899-88c3-1d2dbee4d898{ip: 172.17.0.2, host: 8eef00ac434c, networkLocation: /default-rack, certSerialId: null, persistedOpState: IN_SERVICE, persistedOpStateExpiryEpochSec: 0}
2020-12-23 14:05:40,396 [RatisPipelineUtilsThread] INFO  pipeline.RatisPipelineProvider (RatisPipelineProvider.java:lambda$create$0(161)) - Sending CreatePipelineCommand for pipeline:PipelineID=6f103dfe-c761-483a-81e1-c9cc3117b1ed to datanode:cc79f115-dbdb-4899-88c3-1d2dbee4d898
2020-12-23 14:05:40,396 [EventQueue-NodeRegistrationContainerReportForContainerSafeModeRule] INFO  safemode.SCMSafeModeManager (SCMSafeModeManager.java:validateSafeModeExitRules(214)) - ContainerSafeModeRule rule is successfully validated
2020-12-23 14:05:40,397 [RatisPipelineUtilsThread] INFO  pipeline.PipelineStateManager (PipelineStateManager.java:addPipeline(54)) - Created pipeline Pipeline[ Id: 6f103dfe-c761-483a-81e1-c9cc3117b1ed, Nodes: cc79f115-dbdb-4899-88c3-1d2dbee4d898{ip: 172.17.0.2, host: 8eef00ac434c, networkLocation: /default-rack, certSerialId: null, persistedOpState: IN_SERVICE, persistedOpStateExpiryEpochSec: 0}, Type:RATIS, Factor:ONE, State:ALLOCATED, leaderId:, CreationTimestamp2020-12-23T14:05:40.396Z]
2020-12-23 14:05:40,397 [EventQueue-NodeRegistrationContainerReportForDataNodeSafeModeRule] INFO  safemode.SCMSafeModeManager (SCMSafeModeManager.java:validateSafeModeExitRules(214)) - DataNodeSafeModeRule rule is successfully validated
2020-12-23 14:05:40,397 [EventQueue-PipelineReportForOneReplicaPipelineSafeModeRule] INFO  safemode.SCMSafeModeManager (SCMSafeModeManager.java:validateSafeModeExitRules(214)) - AtleastOneDatanodeReportedRule rule is successfully validated
2020-12-23 14:05:40,400 [RatisPipelineUtilsThread] INFO  pipeline.RatisPipelineProvider (RatisPipelineProvider.java:lambda$create$0(161)) - Sending CreatePipelineCommand for pipeline:PipelineID=380b8358-65d3-4403-9ac7-d175c3c695b5 to datanode:578fb040-f869-45ef-91a4-da79ba7884ec
2020-12-23 14:05:40,400 [RatisPipelineUtilsThread] INFO  pipeline.RatisPipelineProvider (RatisPipelineProvider.java:lambda$create$0(161)) - Sending CreatePipelineCommand for pipeline:PipelineID=380b8358-65d3-4403-9ac7-d175c3c695b5 to datanode:132632b1-c99d-4d56-baf0-ebc6ad7ec851
2020-12-23 14:05:40,400 [RatisPipelineUtilsThread] INFO  pipeline.RatisPipelineProvider (RatisPipelineProvider.java:lambda$create$0(161)) - Sending CreatePipelineCommand for pipeline:PipelineID=380b8358-65d3-4403-9ac7-d175c3c695b5 to datanode:cc79f115-dbdb-4899-88c3-1d2dbee4d898
2020-12-23 14:05:40,401 [RatisPipelineUtilsThread] INFO  pipeline.PipelineStateManager (PipelineStateManager.java:addPipeline(54)) - Created pipeline Pipeline[ Id: 380b8358-65d3-4403-9ac7-d175c3c695b5, Nodes: 578fb040-f869-45ef-91a4-da79ba7884ec{ip: 172.17.0.2, host: 8eef00ac434c, networkLocation: /default-rack, certSerialId: null, persistedOpState: IN_SERVICE, persistedOpStateExpiryEpochSec: 0}132632b1-c99d-4d56-baf0-ebc6ad7ec851{ip: 172.17.0.2, host: 8eef00ac434c, networkLocation: /default-rack, certSerialId: null, persistedOpState: IN_SERVICE, persistedOpStateExpiryEpochSec: 0}cc79f115-dbdb-4899-88c3-1d2dbee4d898{ip: 172.17.0.2, host: 8eef00ac434c, networkLocation: /default-rack, certSerialId: null, persistedOpState: IN_SERVICE, persistedOpStateExpiryEpochSec: 0}, Type:RATIS, Factor:THREE, State:ALLOCATED, leaderId:, CreationTimestamp2020-12-23T14:05:40.400Z]
2020-12-23 14:05:41,224 [EventQueue-PipelineReportForOneReplicaPipelineSafeModeRule] INFO  safemode.SCMSafeModeManager (SCMSafeModeManager.java:validateSafeModeExitRules(214)) - AtleastOneDatanodeReportedRule rule is successfully validated
2020-12-23 14:05:41,396 [Listener at 127.0.0.1/39909] INFO  ozone.MiniOzoneClusterImpl (MiniOzoneClusterImpl.java:lambda$waitForClusterToBeReady$0(178)) - Nodes are ready. Got 6 of 6 DN Heartbeats.
2020-12-23 14:05:41,397 [Listener at 127.0.0.1/39909] INFO  ozone.MiniOzoneClusterImpl (MiniOzoneClusterImpl.java:lambda$waitForClusterToBeReady$0(181)) - Waiting for cluster to exit safe mode
2020-12-23 14:05:41,436 [EventQueue-PipelineReportForOneReplicaPipelineSafeModeRule] INFO  safemode.SCMSafeModeManager (SCMSafeModeManager.java:validateSafeModeExitRules(214)) - AtleastOneDatanodeReportedRule rule is successfully validated
2020-12-23 14:05:41,664 [EventQueue-PipelineReportForOneReplicaPipelineSafeModeRule] INFO  safemode.SCMSafeModeManager (SCMSafeModeManager.java:validateSafeModeExitRules(214)) - AtleastOneDatanodeReportedRule rule is successfully validated
2020-12-23 14:05:41,861 [EventQueue-PipelineReportForOneReplicaPipelineSafeModeRule] INFO  safemode.SCMSafeModeManager (SCMSafeModeManager.java:validateSafeModeExitRules(214)) - AtleastOneDatanodeReportedRule rule is successfully validated
2020-12-23 14:05:42,088 [EventQueue-PipelineReportForOneReplicaPipelineSafeModeRule] INFO  safemode.SCMSafeModeManager (SCMSafeModeManager.java:validateSafeModeExitRules(214)) - AtleastOneDatanodeReportedRule rule is successfully validated
2020-12-23 14:05:42,224 [EventQueue-PipelineReportForOneReplicaPipelineSafeModeRule] INFO  safemode.SCMSafeModeManager (SCMSafeModeManager.java:validateSafeModeExitRules(214)) - AtleastOneDatanodeReportedRule rule is successfully validated
2020-12-23 14:05:42,224 [Command processor thread] INFO  server.RaftServer (RaftServerProxy.java:addNew(93)) - 68877139-4f8e-42eb-81b1-3d9b1c196839: addNew group-A3899FD18A33:[68877139-4f8e-42eb-81b1-3d9b1c196839|rpc:172.17.0.2:33281] returns group-A3899FD18A33:java.util.concurrent.CompletableFuture@4ea088a8[Not completed]
2020-12-23 14:05:42,225 [pool-980-thread-1] INFO  server.RaftServer$Division (RaftServerImpl.java:<init>(173)) - 68877139-4f8e-42eb-81b1-3d9b1c196839: new RaftServerImpl for group-A3899FD18A33:[68877139-4f8e-42eb-81b1-3d9b1c196839|rpc:172.17.0.2:33281] with ContainerStateMachine:uninitialized
2020-12-23 14:05:42,225 [pool-980-thread-1] INFO  server.RaftServerConfigKeys (ConfUtils.java:logGet(44)) - raft.server.rpc.timeout.min = 5s (custom)
2020-12-23 14:05:42,225 [pool-980-thread-1] INFO  server.RaftServerConfigKeys (ConfUtils.java:logGet(44)) - raft.server.rpc.timeout.max = 5200ms (custom)
2020-12-23 14:05:42,225 [pool-980-thread-1] INFO  server.RaftServerConfigKeys (ConfUtils.java:logGet(44)) - raft.server.rpc.sleep.time = 25ms (default)
2020-12-23 14:05:42,226 [pool-980-thread-1] INFO  server.RaftServerConfigKeys (ConfUtils.java:logGet(44)) - raft.server.rpc.slowness.timeout = 300s (custom)
2020-12-23 14:05:42,226 [pool-980-thread-1] INFO  server.RaftServerConfigKeys (ConfUtils.java:logGet(44)) - raft.server.leaderelection.leader.step-down.wait-time = 10s (default)
2020-12-23 14:05:42,226 [pool-980-thread-1] INFO  server.RaftServerConfigKeys (ConfUtils.java:logGet(44)) - raft.server.sleep.deviation.threshold = 300ms (default)
2020-12-23 14:05:42,226 [pool-980-thread-1] INFO  server.RaftServerConfigKeys (ConfUtils.java:logGet(44)) - raft.server.log.appender.install.snapshot.enabled = false (custom)
2020-12-23 14:05:42,226 [pool-980-thread-1] INFO  server.RaftServer$Division (ServerState.java:<init>(104)) - 68877139-4f8e-42eb-81b1-3d9b1c196839@group-A3899FD18A33: ConfigurationManager, init=-1: [68877139-4f8e-42eb-81b1-3d9b1c196839|rpc:172.17.0.2:33281], old=null, confs=<EMPTY_MAP>
2020-12-23 14:05:42,226 [pool-980-thread-1] INFO  server.RaftServerConfigKeys (ConfUtils.java:logGet(44)) - raft.server.storage.dir = [/github/workspace/mnt/ozone/hadoop-ozone/integration-test/target/test-dir/MiniOzoneClusterImpl-4d4d8361-1f31-4e15-8531-152295c781bb/datanode-0/data/ratis] (custom)
2020-12-23 14:05:42,226 [pool-980-thread-1] INFO  server.RaftServerConfigKeys (ConfUtils.java:logGet(44)) - raft.server.log.corruption.policy = EXCEPTION (default)
2020-12-23 14:05:42,226 [pool-980-thread-1] INFO  storage.RaftStorageDirectory (RaftStorageDirectory.java:analyzeStorage(260)) - The storage directory /github/workspace/mnt/ozone/hadoop-ozone/integration-test/target/test-dir/MiniOzoneClusterImpl-4d4d8361-1f31-4e15-8531-152295c781bb/datanode-0/data/ratis/c6bb5c44-651a-471e-8765-a3899fd18a33 does not exist. Creating ...
2020-12-23 14:05:42,227 [pool-980-thread-1] INFO  storage.RaftStorageDirectory (RaftStorageDirectory.java:tryLock(342)) - Lock on /github/workspace/mnt/ozone/hadoop-ozone/integration-test/target/test-dir/MiniOzoneClusterImpl-4d4d8361-1f31-4e15-8531-152295c781bb/datanode-0/data/ratis/c6bb5c44-651a-471e-8765-a3899fd18a33/in_use.lock acquired by nodename 18715@8eef00ac434c
2020-12-23 14:05:42,228 [pool-980-thread-1] INFO  storage.RaftStorage (RaftStorage.java:format(89)) - Storage directory /github/workspace/mnt/ozone/hadoop-ozone/integration-test/target/test-dir/MiniOzoneClusterImpl-4d4d8361-1f31-4e15-8531-152295c781bb/datanode-0/data/ratis/c6bb5c44-651a-471e-8765-a3899fd18a33 has been successfully formatted.
2020-12-23 14:05:42,229 [pool-980-thread-1] INFO  ratis.ContainerStateMachine (ContainerStateMachine.java:loadSnapshot(223)) - group-A3899FD18A33: The snapshot info is null. Setting the last applied indexto:(t:0, i:~)
2020-12-23 14:05:42,229 [pool-980-thread-1] ERROR storage.RaftStorage (RaftStorage.java:readRaftConfiguration(152)) - Failed reading configuration from file:/github/workspace/mnt/ozone/hadoop-ozone/integration-test/target/test-dir/MiniOzoneClusterImpl-4d4d8361-1f31-4e15-8531-152295c781bb/datanode-0/data/ratis/c6bb5c44-651a-471e-8765-a3899fd18a33/current/raft-meta.conf
java.io.FileNotFoundException: /github/workspace/mnt/ozone/hadoop-ozone/integration-test/target/test-dir/MiniOzoneClusterImpl-4d4d8361-1f31-4e15-8531-152295c781bb/datanode-0/data/ratis/c6bb5c44-651a-471e-8765-a3899fd18a33/current/raft-meta.conf (No such file or directory)
	at java.io.FileInputStream.open0(Native Method)
	at java.io.FileInputStream.open(FileInputStream.java:195)
	at java.io.FileInputStream.<init>(FileInputStream.java:138)
	at org.apache.ratis.server.storage.RaftStorage.readRaftConfiguration(RaftStorage.java:148)
	at org.apache.ratis.server.impl.ServerState.initStatemachine(ServerState.java:167)
	at org.apache.ratis.server.impl.ServerState.<init>(ServerState.java:112)
	at org.apache.ratis.server.impl.RaftServerImpl.<init>(RaftServerImpl.java:186)
	at org.apache.ratis.server.impl.RaftServerProxy.lambda$newRaftServerImpl$4(RaftServerProxy.java:264)
	at java.util.concurrent.CompletableFuture$AsyncSupply.run(CompletableFuture.java:1604)
	at java.util.concurrent.ThreadPoolExecutor.runWorker(ThreadPoolExecutor.java:1149)
	at java.util.concurrent.ThreadPoolExecutor$Worker.run(ThreadPoolExecutor.java:624)
	at java.lang.Thread.run(Thread.java:748)
2020-12-23 14:05:42,229 [pool-980-thread-1] INFO  server.RaftServerConfigKeys (ConfUtils.java:logGet(44)) - raft.server.notification.no-leader.timeout = 300s (custom)
2020-12-23 14:05:42,229 [pool-980-thread-1] INFO  server.RaftServerConfigKeys (ConfUtils.java:logGet(44)) - raft.server.log.use.memory = false (default)
2020-12-23 14:05:42,229 [pool-980-thread-1] INFO  server.RaftServerConfigKeys (ConfUtils.java:logGet(44)) - raft.server.log.purge.gap = 1000000 (custom)
2020-12-23 14:05:42,229 [pool-980-thread-1] INFO  metrics.RatisMetrics (RatisMetrics.java:lambda$create$0(36)) - Creating Metrics Registry : ratis.log_worker.68877139-4f8e-42eb-81b1-3d9b1c196839@group-A3899FD18A33
2020-12-23 14:05:42,229 [pool-980-thread-1] INFO  server.RaftServerConfigKeys (ConfUtils.java:logGet(44)) - raft.server.log.appender.buffer.byte-limit = 33554432 (custom)
2020-12-23 14:05:42,229 [pool-980-thread-1] INFO  server.RaftServerConfigKeys (ConfUtils.java:logGet(44)) - raft.server.log.segment.size.max = 1048576 (custom)
2020-12-23 14:05:42,230 [EventQueue-PipelineReportForPipelineReportHandler] INFO  pipeline.PipelineStateManager (PipelineStateManager.java:openPipeline(132)) - Pipeline Pipeline[ Id: c6bb5c44-651a-471e-8765-a3899fd18a33, Nodes: 68877139-4f8e-42eb-81b1-3d9b1c196839{ip: 172.17.0.2, host: 8eef00ac434c, networkLocation: /default-rack, certSerialId: null, persistedOpState: IN_SERVICE, persistedOpStateExpiryEpochSec: 0}, Type:RATIS, Factor:ONE, State:ALLOCATED, leaderId:68877139-4f8e-42eb-81b1-3d9b1c196839, CreationTimestamp2020-12-23T14:05:39.229Z] moved to OPEN state
2020-12-23 14:05:42,230 [EventQueue-PipelineReportForOneReplicaPipelineSafeModeRule] INFO  safemode.SCMSafeModeManager (SCMSafeModeManager.java:validateSafeModeExitRules(214)) - AtleastOneDatanodeReportedRule rule is successfully validated
2020-12-23 14:05:42,230 [pool-980-thread-1] INFO  server.RaftServerConfigKeys (ConfUtils.java:logGet(44)) - raft.server.log.segment.cache.num.max = 2 (custom)
2020-12-23 14:05:42,232 [pool-980-thread-1] INFO  server.RaftServerConfigKeys (ConfUtils.java:logGet(44)) - raft.server.log.segment.cache.size.max = 200MB (=209715200) (default)
2020-12-23 14:05:42,232 [pool-980-thread-1] INFO  segmented.SegmentedRaftLogWorker (SegmentedRaftLogWorker.java:<init>(181)) - new 68877139-4f8e-42eb-81b1-3d9b1c196839@group-A3899FD18A33-SegmentedRaftLogWorker for RaftStorage:Storage Directory /github/workspace/mnt/ozone/hadoop-ozone/integration-test/target/test-dir/MiniOzoneClusterImpl-4d4d8361-1f31-4e15-8531-152295c781bb/datanode-0/data/ratis/c6bb5c44-651a-471e-8765-a3899fd18a33
2020-12-23 14:05:42,232 [pool-980-thread-1] INFO  server.RaftServerConfigKeys (ConfUtils.java:logGet(44)) - raft.server.log.queue.byte-limit = 2147483647 (custom)
2020-12-23 14:05:42,232 [EventQueue-OpenPipelineForHealthyPipelineSafeModeRule] INFO  safemode.SCMSafeModeManager (HealthyPipelineSafeModeRule.java:process(128)) - SCM in safe mode. Healthy pipelines reported count is 0, required healthy pipeline reported count is 1
2020-12-23 14:05:42,232 [pool-980-thread-1] INFO  server.RaftServerConfigKeys (ConfUtils.java:logGet(44)) - raft.server.log.queue.element-limit = 1024 (custom)
2020-12-23 14:05:42,232 [pool-980-thread-1] INFO  server.RaftServerConfigKeys (ConfUtils.java:logGet(44)) - raft.server.log.segment.size.max = 1048576 (custom)
2020-12-23 14:05:42,232 [pool-980-thread-1] INFO  server.RaftServerConfigKeys (ConfUtils.java:logGet(44)) - raft.server.log.preallocated.size = 16384 (custom)
2020-12-23 14:05:42,232 [pool-980-thread-1] INFO  server.RaftServerConfigKeys (ConfUtils.java:logGet(44)) - raft.server.log.force.sync.num = 128 (default)
2020-12-23 14:05:42,232 [pool-980-thread-1] INFO  server.RaftServerConfigKeys (ConfUtils.java:logGet(44)) - raft.server.log.statemachine.data.sync = true (default)
2020-12-23 14:05:42,232 [pool-980-thread-1] INFO  server.RaftServerConfigKeys (ConfUtils.java:logGet(44)) - raft.server.log.statemachine.data.sync.timeout = 10s (default)
2020-12-23 14:05:42,232 [pool-980-thread-1] INFO  server.RaftServerConfigKeys (ConfUtils.java:logGet(44)) - raft.server.log.statemachine.data.sync.timeout.retry = -1 (default)
2020-12-23 14:05:42,234 [pool-980-thread-1] INFO  server.RaftServerConfigKeys (ConfUtils.java:logGet(44)) - raft.server.log.write.buffer.size = 1048576 (custom)
2020-12-23 14:05:42,235 [pool-980-thread-1] INFO  server.RaftServerConfigKeys (ConfUtils.java:logGet(44)) - raft.server.log.statemachine.data.caching.enabled = true (custom)
2020-12-23 14:05:42,235 [pool-980-thread-1] INFO  segmented.SegmentedRaftLogWorker (SegmentedRaftLogWorker.java:lambda$new$0(132)) - 68877139-4f8e-42eb-81b1-3d9b1c196839@group-A3899FD18A33-SegmentedRaftLogWorker: flushIndex: setUnconditionally 0 -> -1
2020-12-23 14:05:42,235 [pool-980-thread-1] INFO  segmented.SegmentedRaftLogWorker (SegmentedRaftLogWorker.java:lambda$new$0(132)) - 68877139-4f8e-42eb-81b1-3d9b1c196839@group-A3899FD18A33-SegmentedRaftLogWorker: safeCacheEvictIndex: setUnconditionally 0 -> -1
2020-12-23 14:05:42,236 [pool-980-thread-1] INFO  server.RaftServerConfigKeys (ConfUtils.java:logGet(44)) - raft.server.snapshot.auto.trigger.enabled = true (custom)
2020-12-23 14:05:42,236 [pool-980-thread-1] INFO  server.RaftServerConfigKeys (ConfUtils.java:logGet(44)) - raft.server.snapshot.auto.trigger.threshold = 10000 (custom)
2020-12-23 14:05:42,236 [pool-980-thread-1] INFO  server.RaftServerConfigKeys (ConfUtils.java:logGet(44)) - raft.server.snapshot.retention.file.num = 5 (custom)
2020-12-23 14:05:42,236 [pool-980-thread-1] INFO  server.RaftServerConfigKeys (ConfUtils.java:logGet(44)) - raft.server.log.purge.upto.snapshot.index = false (default)
2020-12-23 14:05:42,236 [pool-980-thread-1] INFO  server.RaftServerConfigKeys (ConfUtils.java:logGet(44)) - raft.server.retrycache.expirytime = 600000ms (custom)
2020-12-23 14:05:42,236 [pool-980-thread-1] INFO  server.RaftServerConfigKeys (ConfUtils.java:logGet(44)) - raft.server.retrycache.statistics.expirytime = 100?s (default)
2020-12-23 14:05:42,236 [pool-980-thread-1] INFO  metrics.RatisMetrics (RatisMetrics.java:lambda$create$0(36)) - Creating Metrics Registry : ratis.leader_election.68877139-4f8e-42eb-81b1-3d9b1c196839@group-A3899FD18A33
2020-12-23 14:05:42,237 [pool-980-thread-1] INFO  metrics.RatisMetrics (RatisMetrics.java:lambda$create$0(36)) - Creating Metrics Registry : ratis.server.68877139-4f8e-42eb-81b1-3d9b1c196839@group-A3899FD18A33
2020-12-23 14:05:42,238 [pool-980-thread-1] INFO  server.RaftServer$Division (RaftServerImpl.java:start(286)) - 68877139-4f8e-42eb-81b1-3d9b1c196839@group-A3899FD18A33: start as a follower, conf=-1: [68877139-4f8e-42eb-81b1-3d9b1c196839|rpc:172.17.0.2:33281], old=null
2020-12-23 14:05:42,239 [pool-980-thread-1] INFO  server.RaftServer$Division (RaftServerImpl.java:setRole(275)) - 68877139-4f8e-42eb-81b1-3d9b1c196839@group-A3899FD18A33: changes role from      null to FOLLOWER at term 0 for startAsFollower
2020-12-23 14:05:42,239 [pool-980-thread-1] INFO  impl.RoleInfo (RoleInfo.java:updateAndGet(130)) - 68877139-4f8e-42eb-81b1-3d9b1c196839: start 68877139-4f8e-42eb-81b1-3d9b1c196839@group-A3899FD18A33-FollowerState
2020-12-23 14:05:42,239 [pool-980-thread-1] INFO  util.JmxRegister (JmxRegister.java:tryRegister(44)) - Successfully registered JMX Bean with object name Ratis:service=RaftServer,group=group-A3899FD18A33,id=68877139-4f8e-42eb-81b1-3d9b1c196839
2020-12-23 14:05:42,239 [pool-980-thread-1] INFO  metrics.RatisMetrics (RatisMetrics.java:lambda$create$0(36)) - Creating Metrics Registry : ratis.state_machine.68877139-4f8e-42eb-81b1-3d9b1c196839@group-A3899FD18A33
2020-12-23 14:05:42,240 [Command processor thread] INFO  commandhandler.CreatePipelineCommandHandler (CreatePipelineCommandHandler.java:handle(106)) - Created Pipeline RATIS ONE PipelineID=c6bb5c44-651a-471e-8765-a3899fd18a33.
2020-12-23 14:05:42,240 [Command processor thread] INFO  server.RaftServer (RaftServerProxy.java:addNew(93)) - 68877139-4f8e-42eb-81b1-3d9b1c196839: addNew group-B5B05CE780DE:[b1088989-c4df-426b-96dd-e7d1e2f5d3a9|rpc:172.17.0.2:39379, 72ddd1cf-406a-46d1-a670-cde8064896da|rpc:172.17.0.2:36049, 68877139-4f8e-42eb-81b1-3d9b1c196839|rpc:172.17.0.2:33281] returns group-B5B05CE780DE:java.util.concurrent.CompletableFuture@4a9f05a4[Not completed]
2020-12-23 14:05:42,241 [pool-980-thread-1] INFO  server.RaftServer$Division (RaftServerImpl.java:<init>(173)) - 68877139-4f8e-42eb-81b1-3d9b1c196839: new RaftServerImpl for group-B5B05CE780DE:[b1088989-c4df-426b-96dd-e7d1e2f5d3a9|rpc:172.17.0.2:39379, 72ddd1cf-406a-46d1-a670-cde8064896da|rpc:172.17.0.2:36049, 68877139-4f8e-42eb-81b1-3d9b1c196839|rpc:172.17.0.2:33281] with ContainerStateMachine:uninitialized
2020-12-23 14:05:42,241 [pool-980-thread-1] INFO  server.RaftServerConfigKeys (ConfUtils.java:logGet(44)) - raft.server.rpc.timeout.min = 5s (custom)
2020-12-23 14:05:42,241 [pool-980-thread-1] INFO  server.RaftServerConfigKeys (ConfUtils.java:logGet(44)) - raft.server.rpc.timeout.max = 5200ms (custom)
2020-12-23 14:05:42,241 [pool-980-thread-1] INFO  server.RaftServerConfigKeys (ConfUtils.java:logGet(44)) - raft.server.rpc.sleep.time = 25ms (default)
2020-12-23 14:05:42,241 [pool-980-thread-1] INFO  server.RaftServerConfigKeys (ConfUtils.java:logGet(44)) - raft.server.rpc.slowness.timeout = 300s (custom)
2020-12-23 14:05:42,241 [pool-980-thread-1] INFO  server.RaftServerConfigKeys (ConfUtils.java:logGet(44)) - raft.server.leaderelection.leader.step-down.wait-time = 10s (default)
2020-12-23 14:05:42,241 [pool-980-thread-1] INFO  server.RaftServerConfigKeys (ConfUtils.java:logGet(44)) - raft.server.sleep.deviation.threshold = 300ms (default)
2020-12-23 14:05:42,241 [pool-980-thread-1] INFO  server.RaftServerConfigKeys (ConfUtils.java:logGet(44)) - raft.server.log.appender.install.snapshot.enabled = false (custom)
2020-12-23 14:05:42,241 [pool-980-thread-1] INFO  server.RaftServer$Division (ServerState.java:<init>(104)) - 68877139-4f8e-42eb-81b1-3d9b1c196839@group-B5B05CE780DE: ConfigurationManager, init=-1: [b1088989-c4df-426b-96dd-e7d1e2f5d3a9|rpc:172.17.0.2:39379, 72ddd1cf-406a-46d1-a670-cde8064896da|rpc:172.17.0.2:36049, 68877139-4f8e-42eb-81b1-3d9b1c196839|rpc:172.17.0.2:33281], old=null, confs=<EMPTY_MAP>
2020-12-23 14:05:42,241 [pool-980-thread-1] INFO  server.RaftServerConfigKeys (ConfUtils.java:logGet(44)) - raft.server.storage.dir = [/github/workspace/mnt/ozone/hadoop-ozone/integration-test/target/test-dir/MiniOzoneClusterImpl-4d4d8361-1f31-4e15-8531-152295c781bb/datanode-0/data/ratis] (custom)
2020-12-23 14:05:42,241 [pool-980-thread-1] INFO  server.RaftServerConfigKeys (ConfUtils.java:logGet(44)) - raft.server.log.corruption.policy = EXCEPTION (default)
2020-12-23 14:05:42,241 [pool-980-thread-1] INFO  storage.RaftStorageDirectory (RaftStorageDirectory.java:analyzeStorage(260)) - The storage directory /github/workspace/mnt/ozone/hadoop-ozone/integration-test/target/test-dir/MiniOzoneClusterImpl-4d4d8361-1f31-4e15-8531-152295c781bb/datanode-0/data/ratis/49d7aabe-f59e-4642-82be-b5b05ce780de does not exist. Creating ...
2020-12-23 14:05:42,243 [pool-980-thread-1] INFO  storage.RaftStorageDirectory (RaftStorageDirectory.java:tryLock(342)) - Lock on /github/workspace/mnt/ozone/hadoop-ozone/integration-test/target/test-dir/MiniOzoneClusterImpl-4d4d8361-1f31-4e15-8531-152295c781bb/datanode-0/data/ratis/49d7aabe-f59e-4642-82be-b5b05ce780de/in_use.lock acquired by nodename 18715@8eef00ac434c
2020-12-23 14:05:42,244 [pool-980-thread-1] INFO  storage.RaftStorage (RaftStorage.java:format(89)) - Storage directory /github/workspace/mnt/ozone/hadoop-ozone/integration-test/target/test-dir/MiniOzoneClusterImpl-4d4d8361-1f31-4e15-8531-152295c781bb/datanode-0/data/ratis/49d7aabe-f59e-4642-82be-b5b05ce780de has been successfully formatted.
2020-12-23 14:05:42,244 [pool-980-thread-1] INFO  ratis.ContainerStateMachine (ContainerStateMachine.java:loadSnapshot(223)) - group-B5B05CE780DE: The snapshot info is null. Setting the last applied indexto:(t:0, i:~)
2020-12-23 14:05:42,244 [pool-980-thread-1] ERROR storage.RaftStorage (RaftStorage.java:readRaftConfiguration(152)) - Failed reading configuration from file:/github/workspace/mnt/ozone/hadoop-ozone/integration-test/target/test-dir/MiniOzoneClusterImpl-4d4d8361-1f31-4e15-8531-152295c781bb/datanode-0/data/ratis/49d7aabe-f59e-4642-82be-b5b05ce780de/current/raft-meta.conf
java.io.FileNotFoundException: /github/workspace/mnt/ozone/hadoop-ozone/integration-test/target/test-dir/MiniOzoneClusterImpl-4d4d8361-1f31-4e15-8531-152295c781bb/datanode-0/data/ratis/49d7aabe-f59e-4642-82be-b5b05ce780de/current/raft-meta.conf (No such file or directory)
	at java.io.FileInputStream.open0(Native Method)
	at java.io.FileInputStream.open(FileInputStream.java:195)
	at java.io.FileInputStream.<init>(FileInputStream.java:138)
	at org.apache.ratis.server.storage.RaftStorage.readRaftConfiguration(RaftStorage.java:148)
	at org.apache.ratis.server.impl.ServerState.initStatemachine(ServerState.java:167)
	at org.apache.ratis.server.impl.ServerState.<init>(ServerState.java:112)
	at org.apache.ratis.server.impl.RaftServerImpl.<init>(RaftServerImpl.java:186)
	at org.apache.ratis.server.impl.RaftServerProxy.lambda$newRaftServerImpl$4(RaftServerProxy.java:264)
	at java.util.concurrent.CompletableFuture$AsyncSupply.run(CompletableFuture.java:1604)
	at java.util.concurrent.ThreadPoolExecutor.runWorker(ThreadPoolExecutor.java:1149)
	at java.util.concurrent.ThreadPoolExecutor$Worker.run(ThreadPoolExecutor.java:624)
	at java.lang.Thread.run(Thread.java:748)
2020-12-23 14:05:42,244 [pool-980-thread-1] INFO  server.RaftServerConfigKeys (ConfUtils.java:logGet(44)) - raft.server.notification.no-leader.timeout = 300s (custom)
2020-12-23 14:05:42,244 [pool-980-thread-1] INFO  server.RaftServerConfigKeys (ConfUtils.java:logGet(44)) - raft.server.log.use.memory = false (default)
2020-12-23 14:05:42,244 [pool-980-thread-1] INFO  server.RaftServerConfigKeys (ConfUtils.java:logGet(44)) - raft.server.log.purge.gap = 1000000 (custom)
2020-12-23 14:05:42,244 [pool-980-thread-1] INFO  metrics.RatisMetrics (RatisMetrics.java:lambda$create$0(36)) - Creating Metrics Registry : ratis.log_worker.68877139-4f8e-42eb-81b1-3d9b1c196839@group-B5B05CE780DE
2020-12-23 14:05:42,245 [pool-980-thread-1] INFO  server.RaftServerConfigKeys (ConfUtils.java:logGet(44)) - raft.server.log.appender.buffer.byte-limit = 33554432 (custom)
2020-12-23 14:05:42,245 [pool-980-thread-1] INFO  server.RaftServerConfigKeys (ConfUtils.java:logGet(44)) - raft.server.log.segment.size.max = 1048576 (custom)
2020-12-23 14:05:42,246 [pool-980-thread-1] INFO  server.RaftServerConfigKeys (ConfUtils.java:logGet(44)) - raft.server.log.segment.cache.num.max = 2 (custom)
2020-12-23 14:05:42,246 [pool-980-thread-1] INFO  server.RaftServerConfigKeys (ConfUtils.java:logGet(44)) - raft.server.log.segment.cache.size.max = 200MB (=209715200) (default)
2020-12-23 14:05:42,246 [pool-980-thread-1] INFO  segmented.SegmentedRaftLogWorker (SegmentedRaftLogWorker.java:<init>(181)) - new 68877139-4f8e-42eb-81b1-3d9b1c196839@group-B5B05CE780DE-SegmentedRaftLogWorker for RaftStorage:Storage Directory /github/workspace/mnt/ozone/hadoop-ozone/integration-test/target/test-dir/MiniOzoneClusterImpl-4d4d8361-1f31-4e15-8531-152295c781bb/datanode-0/data/ratis/49d7aabe-f59e-4642-82be-b5b05ce780de
2020-12-23 14:05:42,246 [pool-980-thread-1] INFO  server.RaftServerConfigKeys (ConfUtils.java:logGet(44)) - raft.server.log.queue.byte-limit = 2147483647 (custom)
2020-12-23 14:05:42,246 [pool-980-thread-1] INFO  server.RaftServerConfigKeys (ConfUtils.java:logGet(44)) - raft.server.log.queue.element-limit = 1024 (custom)
2020-12-23 14:05:42,246 [pool-980-thread-1] INFO  server.RaftServerConfigKeys (ConfUtils.java:logGet(44)) - raft.server.log.segment.size.max = 1048576 (custom)
2020-12-23 14:05:42,246 [pool-980-thread-1] INFO  server.RaftServerConfigKeys (ConfUtils.java:logGet(44)) - raft.server.log.preallocated.size = 16384 (custom)
2020-12-23 14:05:42,246 [EventQueue-OpenPipelineForHealthyPipelineSafeModeRule] INFO  safemode.SCMSafeModeManager (HealthyPipelineSafeModeRule.java:process(128)) - SCM in safe mode. Healthy pipelines reported count is 0, required healthy pipeline reported count is 1
2020-12-23 14:05:42,246 [EventQueue-PipelineReportForOneReplicaPipelineSafeModeRule] INFO  safemode.SCMSafeModeManager (SCMSafeModeManager.java:validateSafeModeExitRules(214)) - AtleastOneDatanodeReportedRule rule is successfully validated
2020-12-23 14:05:42,247 [pool-980-thread-1] INFO  server.RaftServerConfigKeys (ConfUtils.java:logGet(44)) - raft.server.log.force.sync.num = 128 (default)
2020-12-23 14:05:42,247 [pool-980-thread-1] INFO  server.RaftServerConfigKeys (ConfUtils.java:logGet(44)) - raft.server.log.statemachine.data.sync = true (default)
2020-12-23 14:05:42,247 [pool-980-thread-1] INFO  server.RaftServerConfigKeys (ConfUtils.java:logGet(44)) - raft.server.log.statemachine.data.sync.timeout = 10s (default)
2020-12-23 14:05:42,247 [pool-980-thread-1] INFO  server.RaftServerConfigKeys (ConfUtils.java:logGet(44)) - raft.server.log.statemachine.data.sync.timeout.retry = -1 (default)
2020-12-23 14:05:42,249 [pool-980-thread-1] INFO  server.RaftServerConfigKeys (ConfUtils.java:logGet(44)) - raft.server.log.write.buffer.size = 1048576 (custom)
2020-12-23 14:05:42,249 [pool-980-thread-1] INFO  server.RaftServerConfigKeys (ConfUtils.java:logGet(44)) - raft.server.log.statemachine.data.caching.enabled = true (custom)
2020-12-23 14:05:42,249 [pool-980-thread-1] INFO  segmented.SegmentedRaftLogWorker (SegmentedRaftLogWorker.java:lambda$new$0(132)) - 68877139-4f8e-42eb-81b1-3d9b1c196839@group-B5B05CE780DE-SegmentedRaftLogWorker: flushIndex: setUnconditionally 0 -> -1
2020-12-23 14:05:42,249 [pool-980-thread-1] INFO  segmented.SegmentedRaftLogWorker (SegmentedRaftLogWorker.java:lambda$new$0(132)) - 68877139-4f8e-42eb-81b1-3d9b1c196839@group-B5B05CE780DE-SegmentedRaftLogWorker: safeCacheEvictIndex: setUnconditionally 0 -> -1
2020-12-23 14:05:42,250 [pool-980-thread-1] INFO  server.RaftServerConfigKeys (ConfUtils.java:logGet(44)) - raft.server.snapshot.auto.trigger.enabled = true (custom)
2020-12-23 14:05:42,250 [pool-980-thread-1] INFO  server.RaftServerConfigKeys (ConfUtils.java:logGet(44)) - raft.server.snapshot.auto.trigger.threshold = 10000 (custom)
2020-12-23 14:05:42,250 [pool-980-thread-1] INFO  server.RaftServerConfigKeys (ConfUtils.java:logGet(44)) - raft.server.snapshot.retention.file.num = 5 (custom)
2020-12-23 14:05:42,250 [pool-980-thread-1] INFO  server.RaftServerConfigKeys (ConfUtils.java:logGet(44)) - raft.server.log.purge.upto.snapshot.index = false (default)
2020-12-23 14:05:42,250 [pool-980-thread-1] INFO  server.RaftServerConfigKeys (ConfUtils.java:logGet(44)) - raft.server.retrycache.expirytime = 600000ms (custom)
2020-12-23 14:05:42,250 [pool-980-thread-1] INFO  server.RaftServerConfigKeys (ConfUtils.java:logGet(44)) - raft.server.retrycache.statistics.expirytime = 100?s (default)
2020-12-23 14:05:42,250 [pool-980-thread-1] INFO  metrics.RatisMetrics (RatisMetrics.java:lambda$create$0(36)) - Creating Metrics Registry : ratis.leader_election.68877139-4f8e-42eb-81b1-3d9b1c196839@group-B5B05CE780DE
2020-12-23 14:05:42,251 [pool-980-thread-1] INFO  metrics.RatisMetrics (RatisMetrics.java:lambda$create$0(36)) - Creating Metrics Registry : ratis.server.68877139-4f8e-42eb-81b1-3d9b1c196839@group-B5B05CE780DE
2020-12-23 14:05:42,252 [pool-980-thread-1] INFO  server.RaftServer$Division (RaftServerImpl.java:start(286)) - 68877139-4f8e-42eb-81b1-3d9b1c196839@group-B5B05CE780DE: start as a follower, conf=-1: [b1088989-c4df-426b-96dd-e7d1e2f5d3a9|rpc:172.17.0.2:39379, 72ddd1cf-406a-46d1-a670-cde8064896da|rpc:172.17.0.2:36049, 68877139-4f8e-42eb-81b1-3d9b1c196839|rpc:172.17.0.2:33281], old=null
2020-12-23 14:05:42,252 [pool-980-thread-1] INFO  server.RaftServer$Division (RaftServerImpl.java:setRole(275)) - 68877139-4f8e-42eb-81b1-3d9b1c196839@group-B5B05CE780DE: changes role from      null to FOLLOWER at term 0 for startAsFollower
2020-12-23 14:05:42,252 [pool-980-thread-1] INFO  impl.RoleInfo (RoleInfo.java:updateAndGet(130)) - 68877139-4f8e-42eb-81b1-3d9b1c196839: start 68877139-4f8e-42eb-81b1-3d9b1c196839@group-B5B05CE780DE-FollowerState
2020-12-23 14:05:42,253 [pool-980-thread-1] INFO  util.JmxRegister (JmxRegister.java:tryRegister(44)) - Successfully registered JMX Bean with object name Ratis:service=RaftServer,group=group-B5B05CE780DE,id=68877139-4f8e-42eb-81b1-3d9b1c196839
2020-12-23 14:05:42,253 [pool-980-thread-1] INFO  metrics.RatisMetrics (RatisMetrics.java:lambda$create$0(36)) - Creating Metrics Registry : ratis.state_machine.68877139-4f8e-42eb-81b1-3d9b1c196839@group-B5B05CE780DE
2020-12-23 14:05:42,255 [Command processor thread] INFO  metrics.RatisMetrics (RatisMetrics.java:lambda$create$0(36)) - Creating Metrics Registry : ratis.client_message_metrics.client-CDC9AA70D850->72ddd1cf-406a-46d1-a670-cde8064896da
2020-12-23 14:05:42,261 [grpc-default-executor-2] INFO  metrics.RatisMetrics (RatisMetrics.java:lambda$create$0(36)) - Creating Metrics Registry : ratis.server_message_metrics.72ddd1cf-406a-46d1-a670-cde8064896da
2020-12-23 14:05:42,263 [grpc-default-executor-2] INFO  server.RaftServer (RaftServerProxy.java:addNew(93)) - 72ddd1cf-406a-46d1-a670-cde8064896da: addNew group-B5B05CE780DE:[b1088989-c4df-426b-96dd-e7d1e2f5d3a9|rpc:172.17.0.2:39379|dataStream:, 72ddd1cf-406a-46d1-a670-cde8064896da|rpc:172.17.0.2:36049|dataStream:, 68877139-4f8e-42eb-81b1-3d9b1c196839|rpc:172.17.0.2:33281|dataStream:] returns group-B5B05CE780DE:java.util.concurrent.CompletableFuture@6f96fa4[Not completed]
2020-12-23 14:05:42,264 [pool-1012-thread-1] INFO  server.RaftServer$Division (RaftServerImpl.java:<init>(173)) - 72ddd1cf-406a-46d1-a670-cde8064896da: new RaftServerImpl for group-B5B05CE780DE:[b1088989-c4df-426b-96dd-e7d1e2f5d3a9|rpc:172.17.0.2:39379|dataStream:, 72ddd1cf-406a-46d1-a670-cde8064896da|rpc:172.17.0.2:36049|dataStream:, 68877139-4f8e-42eb-81b1-3d9b1c196839|rpc:172.17.0.2:33281|dataStream:] with ContainerStateMachine:uninitialized
2020-12-23 14:05:42,264 [pool-1012-thread-1] INFO  server.RaftServerConfigKeys (ConfUtils.java:logGet(44)) - raft.server.rpc.timeout.min = 5s (custom)
2020-12-23 14:05:42,264 [pool-1012-thread-1] INFO  server.RaftServerConfigKeys (ConfUtils.java:logGet(44)) - raft.server.rpc.timeout.max = 5200ms (custom)
2020-12-23 14:05:42,264 [pool-1012-thread-1] INFO  server.RaftServerConfigKeys (ConfUtils.java:logGet(44)) - raft.server.rpc.sleep.time = 25ms (default)
2020-12-23 14:05:42,264 [pool-1012-thread-1] INFO  server.RaftServerConfigKeys (ConfUtils.java:logGet(44)) - raft.server.rpc.slowness.timeout = 300s (custom)
2020-12-23 14:05:42,264 [pool-1012-thread-1] INFO  server.RaftServerConfigKeys (ConfUtils.java:logGet(44)) - raft.server.leaderelection.leader.step-down.wait-time = 10s (default)
2020-12-23 14:05:42,264 [pool-1012-thread-1] INFO  server.RaftServerConfigKeys (ConfUtils.java:logGet(44)) - raft.server.sleep.deviation.threshold = 300ms (default)
2020-12-23 14:05:42,264 [pool-1012-thread-1] INFO  server.RaftServerConfigKeys (ConfUtils.java:logGet(44)) - raft.server.log.appender.install.snapshot.enabled = false (custom)
2020-12-23 14:05:42,265 [pool-1012-thread-1] INFO  server.RaftServer$Division (ServerState.java:<init>(104)) - 72ddd1cf-406a-46d1-a670-cde8064896da@group-B5B05CE780DE: ConfigurationManager, init=-1: [b1088989-c4df-426b-96dd-e7d1e2f5d3a9|rpc:172.17.0.2:39379|dataStream:, 72ddd1cf-406a-46d1-a670-cde8064896da|rpc:172.17.0.2:36049|dataStream:, 68877139-4f8e-42eb-81b1-3d9b1c196839|rpc:172.17.0.2:33281|dataStream:], old=null, confs=<EMPTY_MAP>
2020-12-23 14:05:42,265 [pool-1012-thread-1] INFO  server.RaftServerConfigKeys (ConfUtils.java:logGet(44)) - raft.server.storage.dir = [/github/workspace/mnt/ozone/hadoop-ozone/integration-test/target/test-dir/MiniOzoneClusterImpl-4d4d8361-1f31-4e15-8531-152295c781bb/datanode-2/data/ratis] (custom)
2020-12-23 14:05:42,265 [pool-1012-thread-1] INFO  server.RaftServerConfigKeys (ConfUtils.java:logGet(44)) - raft.server.log.corruption.policy = EXCEPTION (default)
2020-12-23 14:05:42,265 [pool-1012-thread-1] INFO  storage.RaftStorageDirectory (RaftStorageDirectory.java:analyzeStorage(260)) - The storage directory /github/workspace/mnt/ozone/hadoop-ozone/integration-test/target/test-dir/MiniOzoneClusterImpl-4d4d8361-1f31-4e15-8531-152295c781bb/datanode-2/data/ratis/49d7aabe-f59e-4642-82be-b5b05ce780de does not exist. Creating ...
2020-12-23 14:05:42,266 [pool-1012-thread-1] INFO  storage.RaftStorageDirectory (RaftStorageDirectory.java:tryLock(342)) - Lock on /github/workspace/mnt/ozone/hadoop-ozone/integration-test/target/test-dir/MiniOzoneClusterImpl-4d4d8361-1f31-4e15-8531-152295c781bb/datanode-2/data/ratis/49d7aabe-f59e-4642-82be-b5b05ce780de/in_use.lock acquired by nodename 18715@8eef00ac434c
2020-12-23 14:05:42,267 [pool-1012-thread-1] INFO  storage.RaftStorage (RaftStorage.java:format(89)) - Storage directory /github/workspace/mnt/ozone/hadoop-ozone/integration-test/target/test-dir/MiniOzoneClusterImpl-4d4d8361-1f31-4e15-8531-152295c781bb/datanode-2/data/ratis/49d7aabe-f59e-4642-82be-b5b05ce780de has been successfully formatted.
2020-12-23 14:05:42,268 [pool-1012-thread-1] INFO  ratis.ContainerStateMachine (ContainerStateMachine.java:loadSnapshot(223)) - group-B5B05CE780DE: The snapshot info is null. Setting the last applied indexto:(t:0, i:~)
2020-12-23 14:05:42,268 [EventQueue-PipelineReportForOneReplicaPipelineSafeModeRule] INFO  safemode.SCMSafeModeManager (SCMSafeModeManager.java:validateSafeModeExitRules(214)) - AtleastOneDatanodeReportedRule rule is successfully validated
2020-12-23 14:05:42,268 [pool-1012-thread-1] ERROR storage.RaftStorage (RaftStorage.java:readRaftConfiguration(152)) - Failed reading configuration from file:/github/workspace/mnt/ozone/hadoop-ozone/integration-test/target/test-dir/MiniOzoneClusterImpl-4d4d8361-1f31-4e15-8531-152295c781bb/datanode-2/data/ratis/49d7aabe-f59e-4642-82be-b5b05ce780de/current/raft-meta.conf
java.io.FileNotFoundException: /github/workspace/mnt/ozone/hadoop-ozone/integration-test/target/test-dir/MiniOzoneClusterImpl-4d4d8361-1f31-4e15-8531-152295c781bb/datanode-2/data/ratis/49d7aabe-f59e-4642-82be-b5b05ce780de/current/raft-meta.conf (No such file or directory)
	at java.io.FileInputStream.open0(Native Method)
	at java.io.FileInputStream.open(FileInputStream.java:195)
	at java.io.FileInputStream.<init>(FileInputStream.java:138)
	at org.apache.ratis.server.storage.RaftStorage.readRaftConfiguration(RaftStorage.java:148)
	at org.apache.ratis.server.impl.ServerState.initStatemachine(ServerState.java:167)
	at org.apache.ratis.server.impl.ServerState.<init>(ServerState.java:112)
	at org.apache.ratis.server.impl.RaftServerImpl.<init>(RaftServerImpl.java:186)
	at org.apache.ratis.server.impl.RaftServerProxy.lambda$newRaftServerImpl$4(RaftServerProxy.java:264)
	at java.util.concurrent.CompletableFuture$AsyncSupply.run(CompletableFuture.java:1604)
	at java.util.concurrent.ThreadPoolExecutor.runWorker(ThreadPoolExecutor.java:1149)
	at java.util.concurrent.ThreadPoolExecutor$Worker.run(ThreadPoolExecutor.java:624)
	at java.lang.Thread.run(Thread.java:748)
2020-12-23 14:05:42,269 [pool-1012-thread-1] INFO  server.RaftServerConfigKeys (ConfUtils.java:logGet(44)) - raft.server.notification.no-leader.timeout = 300s (custom)
2020-12-23 14:05:42,269 [pool-1012-thread-1] INFO  server.RaftServerConfigKeys (ConfUtils.java:logGet(44)) - raft.server.log.use.memory = false (default)
2020-12-23 14:05:42,269 [pool-1012-thread-1] INFO  server.RaftServerConfigKeys (ConfUtils.java:logGet(44)) - raft.server.log.purge.gap = 1000000 (custom)
2020-12-23 14:05:42,269 [pool-1012-thread-1] INFO  metrics.RatisMetrics (RatisMetrics.java:lambda$create$0(36)) - Creating Metrics Registry : ratis.log_worker.72ddd1cf-406a-46d1-a670-cde8064896da@group-B5B05CE780DE
2020-12-23 14:05:42,269 [pool-1012-thread-1] INFO  server.RaftServerConfigKeys (ConfUtils.java:logGet(44)) - raft.server.log.appender.buffer.byte-limit = 33554432 (custom)
2020-12-23 14:05:42,269 [pool-1012-thread-1] INFO  server.RaftServerConfigKeys (ConfUtils.java:logGet(44)) - raft.server.log.segment.size.max = 1048576 (custom)
2020-12-23 14:05:42,270 [pool-1012-thread-1] INFO  server.RaftServerConfigKeys (ConfUtils.java:logGet(44)) - raft.server.log.segment.cache.num.max = 2 (custom)
2020-12-23 14:05:42,270 [pool-1012-thread-1] INFO  server.RaftServerConfigKeys (ConfUtils.java:logGet(44)) - raft.server.log.segment.cache.size.max = 200MB (=209715200) (default)
2020-12-23 14:05:42,270 [pool-1012-thread-1] INFO  segmented.SegmentedRaftLogWorker (SegmentedRaftLogWorker.java:<init>(181)) - new 72ddd1cf-406a-46d1-a670-cde8064896da@group-B5B05CE780DE-SegmentedRaftLogWorker for RaftStorage:Storage Directory /github/workspace/mnt/ozone/hadoop-ozone/integration-test/target/test-dir/MiniOzoneClusterImpl-4d4d8361-1f31-4e15-8531-152295c781bb/datanode-2/data/ratis/49d7aabe-f59e-4642-82be-b5b05ce780de
2020-12-23 14:05:42,270 [pool-1012-thread-1] INFO  server.RaftServerConfigKeys (ConfUtils.java:logGet(44)) - raft.server.log.queue.byte-limit = 2147483647 (custom)
2020-12-23 14:05:42,270 [pool-1012-thread-1] INFO  server.RaftServerConfigKeys (ConfUtils.java:logGet(44)) - raft.server.log.queue.element-limit = 1024 (custom)
2020-12-23 14:05:42,270 [pool-1012-thread-1] INFO  server.RaftServerConfigKeys (ConfUtils.java:logGet(44)) - raft.server.log.segment.size.max = 1048576 (custom)
2020-12-23 14:05:42,271 [pool-1012-thread-1] INFO  server.RaftServerConfigKeys (ConfUtils.java:logGet(44)) - raft.server.log.preallocated.size = 16384 (custom)
2020-12-23 14:05:42,271 [pool-1012-thread-1] INFO  server.RaftServerConfigKeys (ConfUtils.java:logGet(44)) - raft.server.log.force.sync.num = 128 (default)
2020-12-23 14:05:42,271 [pool-1012-thread-1] INFO  server.RaftServerConfigKeys (ConfUtils.java:logGet(44)) - raft.server.log.statemachine.data.sync = true (default)
2020-12-23 14:05:42,271 [pool-1012-thread-1] INFO  server.RaftServerConfigKeys (ConfUtils.java:logGet(44)) - raft.server.log.statemachine.data.sync.timeout = 10s (default)
2020-12-23 14:05:42,271 [pool-1012-thread-1] INFO  server.RaftServerConfigKeys (ConfUtils.java:logGet(44)) - raft.server.log.statemachine.data.sync.timeout.retry = -1 (default)
2020-12-23 14:05:42,273 [pool-1012-thread-1] INFO  server.RaftServerConfigKeys (ConfUtils.java:logGet(44)) - raft.server.log.write.buffer.size = 1048576 (custom)
2020-12-23 14:05:42,273 [pool-1012-thread-1] INFO  server.RaftServerConfigKeys (ConfUtils.java:logGet(44)) - raft.server.log.statemachine.data.caching.enabled = true (custom)
2020-12-23 14:05:42,274 [pool-1012-thread-1] INFO  segmented.SegmentedRaftLogWorker (SegmentedRaftLogWorker.java:lambda$new$0(132)) - 72ddd1cf-406a-46d1-a670-cde8064896da@group-B5B05CE780DE-SegmentedRaftLogWorker: flushIndex: setUnconditionally 0 -> -1
2020-12-23 14:05:42,274 [pool-1012-thread-1] INFO  segmented.SegmentedRaftLogWorker (SegmentedRaftLogWorker.java:lambda$new$0(132)) - 72ddd1cf-406a-46d1-a670-cde8064896da@group-B5B05CE780DE-SegmentedRaftLogWorker: safeCacheEvictIndex: setUnconditionally 0 -> -1
2020-12-23 14:05:42,274 [pool-1012-thread-1] INFO  server.RaftServerConfigKeys (ConfUtils.java:logGet(44)) - raft.server.snapshot.auto.trigger.enabled = true (custom)
2020-12-23 14:05:42,274 [pool-1012-thread-1] INFO  server.RaftServerConfigKeys (ConfUtils.java:logGet(44)) - raft.server.snapshot.auto.trigger.threshold = 10000 (custom)
2020-12-23 14:05:42,274 [pool-1012-thread-1] INFO  server.RaftServerConfigKeys (ConfUtils.java:logGet(44)) - raft.server.snapshot.retention.file.num = 5 (custom)
2020-12-23 14:05:42,274 [pool-1012-thread-1] INFO  server.RaftServerConfigKeys (ConfUtils.java:logGet(44)) - raft.server.log.purge.upto.snapshot.index = false (default)
2020-12-23 14:05:42,274 [pool-1012-thread-1] INFO  server.RaftServerConfigKeys (ConfUtils.java:logGet(44)) - raft.server.retrycache.expirytime = 600000ms (custom)
2020-12-23 14:05:42,274 [pool-1012-thread-1] INFO  server.RaftServerConfigKeys (ConfUtils.java:logGet(44)) - raft.server.retrycache.statistics.expirytime = 100?s (default)
2020-12-23 14:05:42,274 [pool-1012-thread-1] INFO  metrics.RatisMetrics (RatisMetrics.java:lambda$create$0(36)) - Creating Metrics Registry : ratis.leader_election.72ddd1cf-406a-46d1-a670-cde8064896da@group-B5B05CE780DE
2020-12-23 14:05:42,275 [pool-1012-thread-1] INFO  metrics.RatisMetrics (RatisMetrics.java:lambda$create$0(36)) - Creating Metrics Registry : ratis.server.72ddd1cf-406a-46d1-a670-cde8064896da@group-B5B05CE780DE
2020-12-23 14:05:42,277 [pool-1012-thread-1] INFO  server.RaftServer$Division (RaftServerImpl.java:start(286)) - 72ddd1cf-406a-46d1-a670-cde8064896da@group-B5B05CE780DE: start as a follower, conf=-1: [b1088989-c4df-426b-96dd-e7d1e2f5d3a9|rpc:172.17.0.2:39379|dataStream:, 72ddd1cf-406a-46d1-a670-cde8064896da|rpc:172.17.0.2:36049|dataStream:, 68877139-4f8e-42eb-81b1-3d9b1c196839|rpc:172.17.0.2:33281|dataStream:], old=null
2020-12-23 14:05:42,277 [pool-1012-thread-1] INFO  server.RaftServer$Division (RaftServerImpl.java:setRole(275)) - 72ddd1cf-406a-46d1-a670-cde8064896da@group-B5B05CE780DE: changes role from      null to FOLLOWER at term 0 for startAsFollower
2020-12-23 14:05:42,277 [pool-1012-thread-1] INFO  impl.RoleInfo (RoleInfo.java:updateAndGet(130)) - 72ddd1cf-406a-46d1-a670-cde8064896da: start 72ddd1cf-406a-46d1-a670-cde8064896da@group-B5B05CE780DE-FollowerState
2020-12-23 14:05:42,277 [pool-1012-thread-1] INFO  util.JmxRegister (JmxRegister.java:tryRegister(44)) - Successfully registered JMX Bean with object name Ratis:service=RaftServer,group=group-B5B05CE780DE,id=72ddd1cf-406a-46d1-a670-cde8064896da
2020-12-23 14:05:42,277 [pool-1012-thread-1] INFO  metrics.RatisMetrics (RatisMetrics.java:lambda$create$0(36)) - Creating Metrics Registry : ratis.state_machine.72ddd1cf-406a-46d1-a670-cde8064896da@group-B5B05CE780DE
2020-12-23 14:05:42,282 [Command processor thread] INFO  metrics.RatisMetrics (RatisMetrics.java:lambda$create$0(36)) - Creating Metrics Registry : ratis.client_message_metrics.client-5C8568D5CBBD->b1088989-c4df-426b-96dd-e7d1e2f5d3a9
2020-12-23 14:05:42,289 [grpc-default-executor-2] INFO  metrics.RatisMetrics (RatisMetrics.java:lambda$create$0(36)) - Creating Metrics Registry : ratis.server_message_metrics.b1088989-c4df-426b-96dd-e7d1e2f5d3a9
2020-12-23 14:05:42,290 [grpc-default-executor-2] INFO  server.RaftServer (RaftServerProxy.java:addNew(93)) - b1088989-c4df-426b-96dd-e7d1e2f5d3a9: addNew group-B5B05CE780DE:[b1088989-c4df-426b-96dd-e7d1e2f5d3a9|rpc:172.17.0.2:39379|dataStream:, 72ddd1cf-406a-46d1-a670-cde8064896da|rpc:172.17.0.2:36049|dataStream:, 68877139-4f8e-42eb-81b1-3d9b1c196839|rpc:172.17.0.2:33281|dataStream:] returns group-B5B05CE780DE:java.util.concurrent.CompletableFuture@54ea3441[Not completed]
2020-12-23 14:05:42,290 [pool-996-thread-1] INFO  server.RaftServer$Division (RaftServerImpl.java:<init>(173)) - b1088989-c4df-426b-96dd-e7d1e2f5d3a9: new RaftServerImpl for group-B5B05CE780DE:[b1088989-c4df-426b-96dd-e7d1e2f5d3a9|rpc:172.17.0.2:39379|dataStream:, 72ddd1cf-406a-46d1-a670-cde8064896da|rpc:172.17.0.2:36049|dataStream:, 68877139-4f8e-42eb-81b1-3d9b1c196839|rpc:172.17.0.2:33281|dataStream:] with ContainerStateMachine:uninitialized
2020-12-23 14:05:42,291 [pool-996-thread-1] INFO  server.RaftServerConfigKeys (ConfUtils.java:logGet(44)) - raft.server.rpc.timeout.min = 5s (custom)
2020-12-23 14:05:42,291 [pool-996-thread-1] INFO  server.RaftServerConfigKeys (ConfUtils.java:logGet(44)) - raft.server.rpc.timeout.max = 5200ms (custom)
2020-12-23 14:05:42,291 [pool-996-thread-1] INFO  server.RaftServerConfigKeys (ConfUtils.java:logGet(44)) - raft.server.rpc.sleep.time = 25ms (default)
2020-12-23 14:05:42,291 [pool-996-thread-1] INFO  server.RaftServerConfigKeys (ConfUtils.java:logGet(44)) - raft.server.rpc.slowness.timeout = 300s (custom)
2020-12-23 14:05:42,291 [pool-996-thread-1] INFO  server.RaftServerConfigKeys (ConfUtils.java:logGet(44)) - raft.server.leaderelection.leader.step-down.wait-time = 10s (default)
2020-12-23 14:05:42,291 [pool-996-thread-1] INFO  server.RaftServerConfigKeys (ConfUtils.java:logGet(44)) - raft.server.sleep.deviation.threshold = 300ms (default)
2020-12-23 14:05:42,291 [pool-996-thread-1] INFO  server.RaftServerConfigKeys (ConfUtils.java:logGet(44)) - raft.server.log.appender.install.snapshot.enabled = false (custom)
2020-12-23 14:05:42,291 [pool-996-thread-1] INFO  server.RaftServer$Division (ServerState.java:<init>(104)) - b1088989-c4df-426b-96dd-e7d1e2f5d3a9@group-B5B05CE780DE: ConfigurationManager, init=-1: [b1088989-c4df-426b-96dd-e7d1e2f5d3a9|rpc:172.17.0.2:39379|dataStream:, 72ddd1cf-406a-46d1-a670-cde8064896da|rpc:172.17.0.2:36049|dataStream:, 68877139-4f8e-42eb-81b1-3d9b1c196839|rpc:172.17.0.2:33281|dataStream:], old=null, confs=<EMPTY_MAP>
2020-12-23 14:05:42,291 [pool-996-thread-1] INFO  server.RaftServerConfigKeys (ConfUtils.java:logGet(44)) - raft.server.storage.dir = [/github/workspace/mnt/ozone/hadoop-ozone/integration-test/target/test-dir/MiniOzoneClusterImpl-4d4d8361-1f31-4e15-8531-152295c781bb/datanode-1/data/ratis] (custom)
2020-12-23 14:05:42,291 [pool-996-thread-1] INFO  server.RaftServerConfigKeys (ConfUtils.java:logGet(44)) - raft.server.log.corruption.policy = EXCEPTION (default)
2020-12-23 14:05:42,292 [pool-996-thread-1] INFO  storage.RaftStorageDirectory (RaftStorageDirectory.java:analyzeStorage(260)) - The storage directory /github/workspace/mnt/ozone/hadoop-ozone/integration-test/target/test-dir/MiniOzoneClusterImpl-4d4d8361-1f31-4e15-8531-152295c781bb/datanode-1/data/ratis/49d7aabe-f59e-4642-82be-b5b05ce780de does not exist. Creating ...
2020-12-23 14:05:42,293 [pool-996-thread-1] INFO  storage.RaftStorageDirectory (RaftStorageDirectory.java:tryLock(342)) - Lock on /github/workspace/mnt/ozone/hadoop-ozone/integration-test/target/test-dir/MiniOzoneClusterImpl-4d4d8361-1f31-4e15-8531-152295c781bb/datanode-1/data/ratis/49d7aabe-f59e-4642-82be-b5b05ce780de/in_use.lock acquired by nodename 18715@8eef00ac434c
2020-12-23 14:05:42,294 [pool-996-thread-1] INFO  storage.RaftStorage (RaftStorage.java:format(89)) - Storage directory /github/workspace/mnt/ozone/hadoop-ozone/integration-test/target/test-dir/MiniOzoneClusterImpl-4d4d8361-1f31-4e15-8531-152295c781bb/datanode-1/data/ratis/49d7aabe-f59e-4642-82be-b5b05ce780de has been successfully formatted.
2020-12-23 14:05:42,294 [pool-996-thread-1] INFO  ratis.ContainerStateMachine (ContainerStateMachine.java:loadSnapshot(223)) - group-B5B05CE780DE: The snapshot info is null. Setting the last applied indexto:(t:0, i:~)
2020-12-23 14:05:42,294 [pool-996-thread-1] ERROR storage.RaftStorage (RaftStorage.java:readRaftConfiguration(152)) - Failed reading configuration from file:/github/workspace/mnt/ozone/hadoop-ozone/integration-test/target/test-dir/MiniOzoneClusterImpl-4d4d8361-1f31-4e15-8531-152295c781bb/datanode-1/data/ratis/49d7aabe-f59e-4642-82be-b5b05ce780de/current/raft-meta.conf
java.io.FileNotFoundException: /github/workspace/mnt/ozone/hadoop-ozone/integration-test/target/test-dir/MiniOzoneClusterImpl-4d4d8361-1f31-4e15-8531-152295c781bb/datanode-1/data/ratis/49d7aabe-f59e-4642-82be-b5b05ce780de/current/raft-meta.conf (No such file or directory)
	at java.io.FileInputStream.open0(Native Method)
	at java.io.FileInputStream.open(FileInputStream.java:195)
	at java.io.FileInputStream.<init>(FileInputStream.java:138)
	at org.apache.ratis.server.storage.RaftStorage.readRaftConfiguration(RaftStorage.java:148)
	at org.apache.ratis.server.impl.ServerState.initStatemachine(ServerState.java:167)
	at org.apache.ratis.server.impl.ServerState.<init>(ServerState.java:112)
	at org.apache.ratis.server.impl.RaftServerImpl.<init>(RaftServerImpl.java:186)
	at org.apache.ratis.server.impl.RaftServerProxy.lambda$newRaftServerImpl$4(RaftServerProxy.java:264)
	at java.util.concurrent.CompletableFuture$AsyncSupply.run(CompletableFuture.java:1604)
	at java.util.concurrent.ThreadPoolExecutor.runWorker(ThreadPoolExecutor.java:1149)
	at java.util.concurrent.ThreadPoolExecutor$Worker.run(ThreadPoolExecutor.java:624)
	at java.lang.Thread.run(Thread.java:748)
2020-12-23 14:05:42,297 [pool-996-thread-1] INFO  server.RaftServerConfigKeys (ConfUtils.java:logGet(44)) - raft.server.notification.no-leader.timeout = 300s (custom)
2020-12-23 14:05:42,297 [EventQueue-PipelineReportForOneReplicaPipelineSafeModeRule] INFO  safemode.SCMSafeModeManager (SCMSafeModeManager.java:validateSafeModeExitRules(214)) - AtleastOneDatanodeReportedRule rule is successfully validated
2020-12-23 14:05:42,297 [pool-996-thread-1] INFO  server.RaftServerConfigKeys (ConfUtils.java:logGet(44)) - raft.server.log.use.memory = false (default)
2020-12-23 14:05:42,297 [pool-996-thread-1] INFO  server.RaftServerConfigKeys (ConfUtils.java:logGet(44)) - raft.server.log.purge.gap = 1000000 (custom)
2020-12-23 14:05:42,297 [pool-996-thread-1] INFO  metrics.RatisMetrics (RatisMetrics.java:lambda$create$0(36)) - Creating Metrics Registry : ratis.log_worker.b1088989-c4df-426b-96dd-e7d1e2f5d3a9@group-B5B05CE780DE
2020-12-23 14:05:42,297 [pool-996-thread-1] INFO  server.RaftServerConfigKeys (ConfUtils.java:logGet(44)) - raft.server.log.appender.buffer.byte-limit = 33554432 (custom)
2020-12-23 14:05:42,297 [pool-996-thread-1] INFO  server.RaftServerConfigKeys (ConfUtils.java:logGet(44)) - raft.server.log.segment.size.max = 1048576 (custom)
2020-12-23 14:05:42,298 [pool-996-thread-1] INFO  server.RaftServerConfigKeys (ConfUtils.java:logGet(44)) - raft.server.log.segment.cache.num.max = 2 (custom)
2020-12-23 14:05:42,298 [pool-996-thread-1] INFO  server.RaftServerConfigKeys (ConfUtils.java:logGet(44)) - raft.server.log.segment.cache.size.max = 200MB (=209715200) (default)
2020-12-23 14:05:42,298 [pool-996-thread-1] INFO  segmented.SegmentedRaftLogWorker (SegmentedRaftLogWorker.java:<init>(181)) - new b1088989-c4df-426b-96dd-e7d1e2f5d3a9@group-B5B05CE780DE-SegmentedRaftLogWorker for RaftStorage:Storage Directory /github/workspace/mnt/ozone/hadoop-ozone/integration-test/target/test-dir/MiniOzoneClusterImpl-4d4d8361-1f31-4e15-8531-152295c781bb/datanode-1/data/ratis/49d7aabe-f59e-4642-82be-b5b05ce780de
2020-12-23 14:05:42,298 [pool-996-thread-1] INFO  server.RaftServerConfigKeys (ConfUtils.java:logGet(44)) - raft.server.log.queue.byte-limit = 2147483647 (custom)
2020-12-23 14:05:42,298 [pool-996-thread-1] INFO  server.RaftServerConfigKeys (ConfUtils.java:logGet(44)) - raft.server.log.queue.element-limit = 1024 (custom)
2020-12-23 14:05:42,299 [pool-996-thread-1] INFO  server.RaftServerConfigKeys (ConfUtils.java:logGet(44)) - raft.server.log.segment.size.max = 1048576 (custom)
2020-12-23 14:05:42,299 [pool-996-thread-1] INFO  server.RaftServerConfigKeys (ConfUtils.java:logGet(44)) - raft.server.log.preallocated.size = 16384 (custom)
2020-12-23 14:05:42,299 [pool-996-thread-1] INFO  server.RaftServerConfigKeys (ConfUtils.java:logGet(44)) - raft.server.log.force.sync.num = 128 (default)
2020-12-23 14:05:42,299 [pool-996-thread-1] INFO  server.RaftServerConfigKeys (ConfUtils.java:logGet(44)) - raft.server.log.statemachine.data.sync = true (default)
2020-12-23 14:05:42,299 [pool-996-thread-1] INFO  server.RaftServerConfigKeys (ConfUtils.java:logGet(44)) - raft.server.log.statemachine.data.sync.timeout = 10s (default)
2020-12-23 14:05:42,299 [pool-996-thread-1] INFO  server.RaftServerConfigKeys (ConfUtils.java:logGet(44)) - raft.server.log.statemachine.data.sync.timeout.retry = -1 (default)
2020-12-23 14:05:42,301 [pool-996-thread-1] INFO  server.RaftServerConfigKeys (ConfUtils.java:logGet(44)) - raft.server.log.write.buffer.size = 1048576 (custom)
2020-12-23 14:05:42,301 [pool-996-thread-1] INFO  server.RaftServerConfigKeys (ConfUtils.java:logGet(44)) - raft.server.log.statemachine.data.caching.enabled = true (custom)
2020-12-23 14:05:42,302 [pool-996-thread-1] INFO  segmented.SegmentedRaftLogWorker (SegmentedRaftLogWorker.java:lambda$new$0(132)) - b1088989-c4df-426b-96dd-e7d1e2f5d3a9@group-B5B05CE780DE-SegmentedRaftLogWorker: flushIndex: setUnconditionally 0 -> -1
2020-12-23 14:05:42,302 [pool-996-thread-1] INFO  segmented.SegmentedRaftLogWorker (SegmentedRaftLogWorker.java:lambda$new$0(132)) - b1088989-c4df-426b-96dd-e7d1e2f5d3a9@group-B5B05CE780DE-SegmentedRaftLogWorker: safeCacheEvictIndex: setUnconditionally 0 -> -1
2020-12-23 14:05:42,302 [pool-996-thread-1] INFO  server.RaftServerConfigKeys (ConfUtils.java:logGet(44)) - raft.server.snapshot.auto.trigger.enabled = true (custom)
2020-12-23 14:05:42,302 [pool-996-thread-1] INFO  server.RaftServerConfigKeys (ConfUtils.java:logGet(44)) - raft.server.snapshot.auto.trigger.threshold = 10000 (custom)
2020-12-23 14:05:42,302 [pool-996-thread-1] INFO  server.RaftServerConfigKeys (ConfUtils.java:logGet(44)) - raft.server.snapshot.retention.file.num = 5 (custom)
2020-12-23 14:05:42,302 [pool-996-thread-1] INFO  server.RaftServerConfigKeys (ConfUtils.java:logGet(44)) - raft.server.log.purge.upto.snapshot.index = false (default)
2020-12-23 14:05:42,302 [pool-996-thread-1] INFO  server.RaftServerConfigKeys (ConfUtils.java:logGet(44)) - raft.server.retrycache.expirytime = 600000ms (custom)
2020-12-23 14:05:42,302 [pool-996-thread-1] INFO  server.RaftServerConfigKeys (ConfUtils.java:logGet(44)) - raft.server.retrycache.statistics.expirytime = 100?s (default)
2020-12-23 14:05:42,302 [pool-996-thread-1] INFO  metrics.RatisMetrics (RatisMetrics.java:lambda$create$0(36)) - Creating Metrics Registry : ratis.leader_election.b1088989-c4df-426b-96dd-e7d1e2f5d3a9@group-B5B05CE780DE
2020-12-23 14:05:42,303 [pool-996-thread-1] INFO  metrics.RatisMetrics (RatisMetrics.java:lambda$create$0(36)) - Creating Metrics Registry : ratis.server.b1088989-c4df-426b-96dd-e7d1e2f5d3a9@group-B5B05CE780DE
2020-12-23 14:05:42,305 [pool-996-thread-1] INFO  server.RaftServer$Division (RaftServerImpl.java:start(286)) - b1088989-c4df-426b-96dd-e7d1e2f5d3a9@group-B5B05CE780DE: start as a follower, conf=-1: [b1088989-c4df-426b-96dd-e7d1e2f5d3a9|rpc:172.17.0.2:39379|dataStream:, 72ddd1cf-406a-46d1-a670-cde8064896da|rpc:172.17.0.2:36049|dataStream:, 68877139-4f8e-42eb-81b1-3d9b1c196839|rpc:172.17.0.2:33281|dataStream:], old=null
2020-12-23 14:05:42,305 [pool-996-thread-1] INFO  server.RaftServer$Division (RaftServerImpl.java:setRole(275)) - b1088989-c4df-426b-96dd-e7d1e2f5d3a9@group-B5B05CE780DE: changes role from      null to FOLLOWER at term 0 for startAsFollower
2020-12-23 14:05:42,305 [pool-996-thread-1] INFO  impl.RoleInfo (RoleInfo.java:updateAndGet(130)) - b1088989-c4df-426b-96dd-e7d1e2f5d3a9: start b1088989-c4df-426b-96dd-e7d1e2f5d3a9@group-B5B05CE780DE-FollowerState
2020-12-23 14:05:42,311 [pool-996-thread-1] INFO  util.JmxRegister (JmxRegister.java:tryRegister(44)) - Successfully registered JMX Bean with object name Ratis:service=RaftServer,group=group-B5B05CE780DE,id=b1088989-c4df-426b-96dd-e7d1e2f5d3a9
2020-12-23 14:05:42,311 [pool-996-thread-1] INFO  metrics.RatisMetrics (RatisMetrics.java:lambda$create$0(36)) - Creating Metrics Registry : ratis.state_machine.b1088989-c4df-426b-96dd-e7d1e2f5d3a9@group-B5B05CE780DE
2020-12-23 14:05:42,318 [Command processor thread] INFO  commandhandler.CreatePipelineCommandHandler (CreatePipelineCommandHandler.java:handle(106)) - Created Pipeline RATIS THREE PipelineID=49d7aabe-f59e-4642-82be-b5b05ce780de.
2020-12-23 14:05:42,395 [EventQueue-PipelineReportForOneReplicaPipelineSafeModeRule] INFO  safemode.SCMSafeModeManager (SCMSafeModeManager.java:validateSafeModeExitRules(214)) - AtleastOneDatanodeReportedRule rule is successfully validated
2020-12-23 14:05:42,398 [Listener at 127.0.0.1/39909] INFO  ozone.MiniOzoneClusterImpl (MiniOzoneClusterImpl.java:lambda$waitForClusterToBeReady$0(178)) - Nodes are ready. Got 6 of 6 DN Heartbeats.
2020-12-23 14:05:42,398 [Listener at 127.0.0.1/39909] INFO  ozone.MiniOzoneClusterImpl (MiniOzoneClusterImpl.java:lambda$waitForClusterToBeReady$0(181)) - Waiting for cluster to exit safe mode
2020-12-23 14:05:42,435 [Command processor thread] INFO  server.RaftServer (RaftServerProxy.java:addNew(93)) - b1088989-c4df-426b-96dd-e7d1e2f5d3a9: addNew group-35026810E6AE:[b1088989-c4df-426b-96dd-e7d1e2f5d3a9|rpc:172.17.0.2:39379] returns group-35026810E6AE:java.util.concurrent.CompletableFuture@404a10ce[Not completed]
2020-12-23 14:05:42,437 [pool-996-thread-1] INFO  server.RaftServer$Division (RaftServerImpl.java:<init>(173)) - b1088989-c4df-426b-96dd-e7d1e2f5d3a9: new RaftServerImpl for group-35026810E6AE:[b1088989-c4df-426b-96dd-e7d1e2f5d3a9|rpc:172.17.0.2:39379] with ContainerStateMachine:uninitialized
2020-12-23 14:05:42,437 [pool-996-thread-1] INFO  server.RaftServerConfigKeys (ConfUtils.java:logGet(44)) - raft.server.rpc.timeout.min = 5s (custom)
2020-12-23 14:05:42,437 [pool-996-thread-1] INFO  server.RaftServerConfigKeys (ConfUtils.java:logGet(44)) - raft.server.rpc.timeout.max = 5200ms (custom)
2020-12-23 14:05:42,437 [pool-996-thread-1] INFO  server.RaftServerConfigKeys (ConfUtils.java:logGet(44)) - raft.server.rpc.sleep.time = 25ms (default)
2020-12-23 14:05:42,437 [pool-996-thread-1] INFO  server.RaftServerConfigKeys (ConfUtils.java:logGet(44)) - raft.server.rpc.slowness.timeout = 300s (custom)
2020-12-23 14:05:42,437 [pool-996-thread-1] INFO  server.RaftServerConfigKeys (ConfUtils.java:logGet(44)) - raft.server.leaderelection.leader.step-down.wait-time = 10s (default)
2020-12-23 14:05:42,437 [pool-996-thread-1] INFO  server.RaftServerConfigKeys (ConfUtils.java:logGet(44)) - raft.server.sleep.deviation.threshold = 300ms (default)
2020-12-23 14:05:42,438 [pool-996-thread-1] INFO  server.RaftServerConfigKeys (ConfUtils.java:logGet(44)) - raft.server.log.appender.install.snapshot.enabled = false (custom)
2020-12-23 14:05:42,438 [pool-996-thread-1] INFO  server.RaftServer$Division (ServerState.java:<init>(104)) - b1088989-c4df-426b-96dd-e7d1e2f5d3a9@group-35026810E6AE: ConfigurationManager, init=-1: [b1088989-c4df-426b-96dd-e7d1e2f5d3a9|rpc:172.17.0.2:39379], old=null, confs=<EMPTY_MAP>
2020-12-23 14:05:42,438 [pool-996-thread-1] INFO  server.RaftServerConfigKeys (ConfUtils.java:logGet(44)) - raft.server.storage.dir = [/github/workspace/mnt/ozone/hadoop-ozone/integration-test/target/test-dir/MiniOzoneClusterImpl-4d4d8361-1f31-4e15-8531-152295c781bb/datanode-1/data/ratis] (custom)
2020-12-23 14:05:42,438 [pool-996-thread-1] INFO  server.RaftServerConfigKeys (ConfUtils.java:logGet(44)) - raft.server.log.corruption.policy = EXCEPTION (default)
2020-12-23 14:05:42,438 [pool-996-thread-1] INFO  storage.RaftStorageDirectory (RaftStorageDirectory.java:analyzeStorage(260)) - The storage directory /github/workspace/mnt/ozone/hadoop-ozone/integration-test/target/test-dir/MiniOzoneClusterImpl-4d4d8361-1f31-4e15-8531-152295c781bb/datanode-1/data/ratis/a4f5a0ab-482a-4386-9b01-35026810e6ae does not exist. Creating ...
2020-12-23 14:05:42,440 [pool-996-thread-1] INFO  storage.RaftStorageDirectory (RaftStorageDirectory.java:tryLock(342)) - Lock on /github/workspace/mnt/ozone/hadoop-ozone/integration-test/target/test-dir/MiniOzoneClusterImpl-4d4d8361-1f31-4e15-8531-152295c781bb/datanode-1/data/ratis/a4f5a0ab-482a-4386-9b01-35026810e6ae/in_use.lock acquired by nodename 18715@8eef00ac434c
2020-12-23 14:05:42,441 [pool-996-thread-1] INFO  storage.RaftStorage (RaftStorage.java:format(89)) - Storage directory /github/workspace/mnt/ozone/hadoop-ozone/integration-test/target/test-dir/MiniOzoneClusterImpl-4d4d8361-1f31-4e15-8531-152295c781bb/datanode-1/data/ratis/a4f5a0ab-482a-4386-9b01-35026810e6ae has been successfully formatted.
2020-12-23 14:05:42,442 [pool-996-thread-1] INFO  ratis.ContainerStateMachine (ContainerStateMachine.java:loadSnapshot(223)) - group-35026810E6AE: The snapshot info is null. Setting the last applied indexto:(t:0, i:~)
2020-12-23 14:05:42,442 [EventQueue-PipelineReportForOneReplicaPipelineSafeModeRule] INFO  safemode.SCMSafeModeManager (SCMSafeModeManager.java:validateSafeModeExitRules(214)) - AtleastOneDatanodeReportedRule rule is successfully validated
2020-12-23 14:05:42,442 [EventQueue-PipelineReportForPipelineReportHandler] INFO  pipeline.PipelineStateManager (PipelineStateManager.java:openPipeline(132)) - Pipeline Pipeline[ Id: a4f5a0ab-482a-4386-9b01-35026810e6ae, Nodes: b1088989-c4df-426b-96dd-e7d1e2f5d3a9{ip: 172.17.0.2, host: 8eef00ac434c, networkLocation: /default-rack, certSerialId: null, persistedOpState: IN_SERVICE, persistedOpStateExpiryEpochSec: 0}, Type:RATIS, Factor:ONE, State:ALLOCATED, leaderId:b1088989-c4df-426b-96dd-e7d1e2f5d3a9, CreationTimestamp2020-12-23T14:05:39.437Z] moved to OPEN state
2020-12-23 14:05:42,442 [pool-996-thread-1] ERROR storage.RaftStorage (RaftStorage.java:readRaftConfiguration(152)) - Failed reading configuration from file:/github/workspace/mnt/ozone/hadoop-ozone/integration-test/target/test-dir/MiniOzoneClusterImpl-4d4d8361-1f31-4e15-8531-152295c781bb/datanode-1/data/ratis/a4f5a0ab-482a-4386-9b01-35026810e6ae/current/raft-meta.conf
java.io.FileNotFoundException: /github/workspace/mnt/ozone/hadoop-ozone/integration-test/target/test-dir/MiniOzoneClusterImpl-4d4d8361-1f31-4e15-8531-152295c781bb/datanode-1/data/ratis/a4f5a0ab-482a-4386-9b01-35026810e6ae/current/raft-meta.conf (No such file or directory)
	at java.io.FileInputStream.open0(Native Method)
	at java.io.FileInputStream.open(FileInputStream.java:195)
	at java.io.FileInputStream.<init>(FileInputStream.java:138)
	at org.apache.ratis.server.storage.RaftStorage.readRaftConfiguration(RaftStorage.java:148)
	at org.apache.ratis.server.impl.ServerState.initStatemachine(ServerState.java:167)
	at org.apache.ratis.server.impl.ServerState.<init>(ServerState.java:112)
	at org.apache.ratis.server.impl.RaftServerImpl.<init>(RaftServerImpl.java:186)
	at org.apache.ratis.server.impl.RaftServerProxy.lambda$newRaftServerImpl$4(RaftServerProxy.java:264)
	at java.util.concurrent.CompletableFuture$AsyncSupply.run(CompletableFuture.java:1604)
	at java.util.concurrent.ThreadPoolExecutor.runWorker(ThreadPoolExecutor.java:1149)
	at java.util.concurrent.ThreadPoolExecutor$Worker.run(ThreadPoolExecutor.java:624)
	at java.lang.Thread.run(Thread.java:748)
2020-12-23 14:05:42,443 [EventQueue-OpenPipelineForHealthyPipelineSafeModeRule] INFO  safemode.SCMSafeModeManager (HealthyPipelineSafeModeRule.java:process(128)) - SCM in safe mode. Healthy pipelines reported count is 0, required healthy pipeline reported count is 1
2020-12-23 14:05:42,443 [pool-996-thread-1] INFO  server.RaftServerConfigKeys (ConfUtils.java:logGet(44)) - raft.server.notification.no-leader.timeout = 300s (custom)
2020-12-23 14:05:42,444 [pool-996-thread-1] INFO  server.RaftServerConfigKeys (ConfUtils.java:logGet(44)) - raft.server.log.use.memory = false (default)
2020-12-23 14:05:42,444 [pool-996-thread-1] INFO  server.RaftServerConfigKeys (ConfUtils.java:logGet(44)) - raft.server.log.purge.gap = 1000000 (custom)
2020-12-23 14:05:42,444 [pool-996-thread-1] INFO  metrics.RatisMetrics (RatisMetrics.java:lambda$create$0(36)) - Creating Metrics Registry : ratis.log_worker.b1088989-c4df-426b-96dd-e7d1e2f5d3a9@group-35026810E6AE
2020-12-23 14:05:42,444 [pool-996-thread-1] INFO  server.RaftServerConfigKeys (ConfUtils.java:logGet(44)) - raft.server.log.appender.buffer.byte-limit = 33554432 (custom)
2020-12-23 14:05:42,444 [pool-996-thread-1] INFO  server.RaftServerConfigKeys (ConfUtils.java:logGet(44)) - raft.server.log.segment.size.max = 1048576 (custom)
2020-12-23 14:05:42,445 [pool-996-thread-1] INFO  server.RaftServerConfigKeys (ConfUtils.java:logGet(44)) - raft.server.log.segment.cache.num.max = 2 (custom)
2020-12-23 14:05:42,445 [pool-996-thread-1] INFO  server.RaftServerConfigKeys (ConfUtils.java:logGet(44)) - raft.server.log.segment.cache.size.max = 200MB (=209715200) (default)
2020-12-23 14:05:42,445 [pool-996-thread-1] INFO  segmented.SegmentedRaftLogWorker (SegmentedRaftLogWorker.java:<init>(181)) - new b1088989-c4df-426b-96dd-e7d1e2f5d3a9@group-35026810E6AE-SegmentedRaftLogWorker for RaftStorage:Storage Directory /github/workspace/mnt/ozone/hadoop-ozone/integration-test/target/test-dir/MiniOzoneClusterImpl-4d4d8361-1f31-4e15-8531-152295c781bb/datanode-1/data/ratis/a4f5a0ab-482a-4386-9b01-35026810e6ae
2020-12-23 14:05:42,445 [pool-996-thread-1] INFO  server.RaftServerConfigKeys (ConfUtils.java:logGet(44)) - raft.server.log.queue.byte-limit = 2147483647 (custom)
2020-12-23 14:05:42,445 [pool-996-thread-1] INFO  server.RaftServerConfigKeys (ConfUtils.java:logGet(44)) - raft.server.log.queue.element-limit = 1024 (custom)
2020-12-23 14:05:42,445 [pool-996-thread-1] INFO  server.RaftServerConfigKeys (ConfUtils.java:logGet(44)) - raft.server.log.segment.size.max = 1048576 (custom)
2020-12-23 14:05:42,446 [pool-996-thread-1] INFO  server.RaftServerConfigKeys (ConfUtils.java:logGet(44)) - raft.server.log.preallocated.size = 16384 (custom)
2020-12-23 14:05:42,446 [pool-996-thread-1] INFO  server.RaftServerConfigKeys (ConfUtils.java:logGet(44)) - raft.server.log.force.sync.num = 128 (default)
2020-12-23 14:05:42,446 [pool-996-thread-1] INFO  server.RaftServerConfigKeys (ConfUtils.java:logGet(44)) - raft.server.log.statemachine.data.sync = true (default)
2020-12-23 14:05:42,446 [pool-996-thread-1] INFO  server.RaftServerConfigKeys (ConfUtils.java:logGet(44)) - raft.server.log.statemachine.data.sync.timeout = 10s (default)
2020-12-23 14:05:42,446 [pool-996-thread-1] INFO  server.RaftServerConfigKeys (ConfUtils.java:logGet(44)) - raft.server.log.statemachine.data.sync.timeout.retry = -1 (default)
2020-12-23 14:05:42,448 [pool-996-thread-1] INFO  server.RaftServerConfigKeys (ConfUtils.java:logGet(44)) - raft.server.log.write.buffer.size = 1048576 (custom)
2020-12-23 14:05:42,448 [pool-996-thread-1] INFO  server.RaftServerConfigKeys (ConfUtils.java:logGet(44)) - raft.server.log.statemachine.data.caching.enabled = true (custom)
2020-12-23 14:05:42,449 [pool-996-thread-1] INFO  segmented.SegmentedRaftLogWorker (SegmentedRaftLogWorker.java:lambda$new$0(132)) - b1088989-c4df-426b-96dd-e7d1e2f5d3a9@group-35026810E6AE-SegmentedRaftLogWorker: flushIndex: setUnconditionally 0 -> -1
2020-12-23 14:05:42,449 [pool-996-thread-1] INFO  segmented.SegmentedRaftLogWorker (SegmentedRaftLogWorker.java:lambda$new$0(132)) - b1088989-c4df-426b-96dd-e7d1e2f5d3a9@group-35026810E6AE-SegmentedRaftLogWorker: safeCacheEvictIndex: setUnconditionally 0 -> -1
2020-12-23 14:05:42,449 [pool-996-thread-1] INFO  server.RaftServerConfigKeys (ConfUtils.java:logGet(44)) - raft.server.snapshot.auto.trigger.enabled = true (custom)
2020-12-23 14:05:42,450 [pool-996-thread-1] INFO  server.RaftServerConfigKeys (ConfUtils.java:logGet(44)) - raft.server.snapshot.auto.trigger.threshold = 10000 (custom)
2020-12-23 14:05:42,450 [pool-996-thread-1] INFO  server.RaftServerConfigKeys (ConfUtils.java:logGet(44)) - raft.server.snapshot.retention.file.num = 5 (custom)
2020-12-23 14:05:42,450 [pool-996-thread-1] INFO  server.RaftServerConfigKeys (ConfUtils.java:logGet(44)) - raft.server.log.purge.upto.snapshot.index = false (default)
2020-12-23 14:05:42,450 [pool-996-thread-1] INFO  server.RaftServerConfigKeys (ConfUtils.java:logGet(44)) - raft.server.retrycache.expirytime = 600000ms (custom)
2020-12-23 14:05:42,450 [pool-996-thread-1] INFO  server.RaftServerConfigKeys (ConfUtils.java:logGet(44)) - raft.server.retrycache.statistics.expirytime = 100?s (default)
2020-12-23 14:05:42,450 [pool-996-thread-1] INFO  metrics.RatisMetrics (RatisMetrics.java:lambda$create$0(36)) - Creating Metrics Registry : ratis.leader_election.b1088989-c4df-426b-96dd-e7d1e2f5d3a9@group-35026810E6AE
2020-12-23 14:05:42,451 [pool-996-thread-1] INFO  metrics.RatisMetrics (RatisMetrics.java:lambda$create$0(36)) - Creating Metrics Registry : ratis.server.b1088989-c4df-426b-96dd-e7d1e2f5d3a9@group-35026810E6AE
2020-12-23 14:05:42,452 [pool-996-thread-1] INFO  server.RaftServer$Division (RaftServerImpl.java:start(286)) - b1088989-c4df-426b-96dd-e7d1e2f5d3a9@group-35026810E6AE: start as a follower, conf=-1: [b1088989-c4df-426b-96dd-e7d1e2f5d3a9|rpc:172.17.0.2:39379], old=null
2020-12-23 14:05:42,452 [pool-996-thread-1] INFO  server.RaftServer$Division (RaftServerImpl.java:setRole(275)) - b1088989-c4df-426b-96dd-e7d1e2f5d3a9@group-35026810E6AE: changes role from      null to FOLLOWER at term 0 for startAsFollower
2020-12-23 14:05:42,452 [pool-996-thread-1] INFO  impl.RoleInfo (RoleInfo.java:updateAndGet(130)) - b1088989-c4df-426b-96dd-e7d1e2f5d3a9: start b1088989-c4df-426b-96dd-e7d1e2f5d3a9@group-35026810E6AE-FollowerState
2020-12-23 14:05:42,453 [pool-996-thread-1] INFO  util.JmxRegister (JmxRegister.java:tryRegister(44)) - Successfully registered JMX Bean with object name Ratis:service=RaftServer,group=group-35026810E6AE,id=b1088989-c4df-426b-96dd-e7d1e2f5d3a9
2020-12-23 14:05:42,453 [pool-996-thread-1] INFO  metrics.RatisMetrics (RatisMetrics.java:lambda$create$0(36)) - Creating Metrics Registry : ratis.state_machine.b1088989-c4df-426b-96dd-e7d1e2f5d3a9@group-35026810E6AE
2020-12-23 14:05:42,454 [Command processor thread] INFO  commandhandler.CreatePipelineCommandHandler (CreatePipelineCommandHandler.java:handle(106)) - Created Pipeline RATIS ONE PipelineID=a4f5a0ab-482a-4386-9b01-35026810e6ae.
2020-12-23 14:05:42,663 [Command processor thread] INFO  server.RaftServer (RaftServerProxy.java:addNew(93)) - 72ddd1cf-406a-46d1-a670-cde8064896da: addNew group-3170E42E4D24:[72ddd1cf-406a-46d1-a670-cde8064896da|rpc:172.17.0.2:36049] returns group-3170E42E4D24:java.util.concurrent.CompletableFuture@77a6bf12[Not completed]
2020-12-23 14:05:42,664 [pool-1012-thread-1] INFO  server.RaftServer$Division (RaftServerImpl.java:<init>(173)) - 72ddd1cf-406a-46d1-a670-cde8064896da: new RaftServerImpl for group-3170E42E4D24:[72ddd1cf-406a-46d1-a670-cde8064896da|rpc:172.17.0.2:36049] with ContainerStateMachine:uninitialized
2020-12-23 14:05:42,664 [pool-1012-thread-1] INFO  server.RaftServerConfigKeys (ConfUtils.java:logGet(44)) - raft.server.rpc.timeout.min = 5s (custom)
2020-12-23 14:05:42,664 [pool-1012-thread-1] INFO  server.RaftServerConfigKeys (ConfUtils.java:logGet(44)) - raft.server.rpc.timeout.max = 5200ms (custom)
2020-12-23 14:05:42,664 [pool-1012-thread-1] INFO  server.RaftServerConfigKeys (ConfUtils.java:logGet(44)) - raft.server.rpc.sleep.time = 25ms (default)
2020-12-23 14:05:42,664 [pool-1012-thread-1] INFO  server.RaftServerConfigKeys (ConfUtils.java:logGet(44)) - raft.server.rpc.slowness.timeout = 300s (custom)
2020-12-23 14:05:42,664 [pool-1012-thread-1] INFO  server.RaftServerConfigKeys (ConfUtils.java:logGet(44)) - raft.server.leaderelection.leader.step-down.wait-time = 10s (default)
2020-12-23 14:05:42,664 [pool-1012-thread-1] INFO  server.RaftServerConfigKeys (ConfUtils.java:logGet(44)) - raft.server.sleep.deviation.threshold = 300ms (default)
2020-12-23 14:05:42,664 [pool-1012-thread-1] INFO  server.RaftServerConfigKeys (ConfUtils.java:logGet(44)) - raft.server.log.appender.install.snapshot.enabled = false (custom)
2020-12-23 14:05:42,664 [pool-1012-thread-1] INFO  server.RaftServer$Division (ServerState.java:<init>(104)) - 72ddd1cf-406a-46d1-a670-cde8064896da@group-3170E42E4D24: ConfigurationManager, init=-1: [72ddd1cf-406a-46d1-a670-cde8064896da|rpc:172.17.0.2:36049], old=null, confs=<EMPTY_MAP>
2020-12-23 14:05:42,664 [pool-1012-thread-1] INFO  server.RaftServerConfigKeys (ConfUtils.java:logGet(44)) - raft.server.storage.dir = [/github/workspace/mnt/ozone/hadoop-ozone/integration-test/target/test-dir/MiniOzoneClusterImpl-4d4d8361-1f31-4e15-8531-152295c781bb/datanode-2/data/ratis] (custom)
2020-12-23 14:05:42,664 [pool-1012-thread-1] INFO  server.RaftServerConfigKeys (ConfUtils.java:logGet(44)) - raft.server.log.corruption.policy = EXCEPTION (default)
2020-12-23 14:05:42,665 [pool-1012-thread-1] INFO  storage.RaftStorageDirectory (RaftStorageDirectory.java:analyzeStorage(260)) - The storage directory /github/workspace/mnt/ozone/hadoop-ozone/integration-test/target/test-dir/MiniOzoneClusterImpl-4d4d8361-1f31-4e15-8531-152295c781bb/datanode-2/data/ratis/73e418e7-f879-43e6-8465-3170e42e4d24 does not exist. Creating ...
2020-12-23 14:05:42,666 [pool-1012-thread-1] INFO  storage.RaftStorageDirectory (RaftStorageDirectory.java:tryLock(342)) - Lock on /github/workspace/mnt/ozone/hadoop-ozone/integration-test/target/test-dir/MiniOzoneClusterImpl-4d4d8361-1f31-4e15-8531-152295c781bb/datanode-2/data/ratis/73e418e7-f879-43e6-8465-3170e42e4d24/in_use.lock acquired by nodename 18715@8eef00ac434c
2020-12-23 14:05:42,667 [pool-1012-thread-1] INFO  storage.RaftStorage (RaftStorage.java:format(89)) - Storage directory /github/workspace/mnt/ozone/hadoop-ozone/integration-test/target/test-dir/MiniOzoneClusterImpl-4d4d8361-1f31-4e15-8531-152295c781bb/datanode-2/data/ratis/73e418e7-f879-43e6-8465-3170e42e4d24 has been successfully formatted.
2020-12-23 14:05:42,667 [pool-1012-thread-1] INFO  ratis.ContainerStateMachine (ContainerStateMachine.java:loadSnapshot(223)) - group-3170E42E4D24: The snapshot info is null. Setting the last applied indexto:(t:0, i:~)
2020-12-23 14:05:42,667 [pool-1012-thread-1] ERROR storage.RaftStorage (RaftStorage.java:readRaftConfiguration(152)) - Failed reading configuration from file:/github/workspace/mnt/ozone/hadoop-ozone/integration-test/target/test-dir/MiniOzoneClusterImpl-4d4d8361-1f31-4e15-8531-152295c781bb/datanode-2/data/ratis/73e418e7-f879-43e6-8465-3170e42e4d24/current/raft-meta.conf
java.io.FileNotFoundException: /github/workspace/mnt/ozone/hadoop-ozone/integration-test/target/test-dir/MiniOzoneClusterImpl-4d4d8361-1f31-4e15-8531-152295c781bb/datanode-2/data/ratis/73e418e7-f879-43e6-8465-3170e42e4d24/current/raft-meta.conf (No such file or directory)
	at java.io.FileInputStream.open0(Native Method)
	at java.io.FileInputStream.open(FileInputStream.java:195)
	at java.io.FileInputStream.<init>(FileInputStream.java:138)
	at org.apache.ratis.server.storage.RaftStorage.readRaftConfiguration(RaftStorage.java:148)
	at org.apache.ratis.server.impl.ServerState.initStatemachine(ServerState.java:167)
	at org.apache.ratis.server.impl.ServerState.<init>(ServerState.java:112)
	at org.apache.ratis.server.impl.RaftServerImpl.<init>(RaftServerImpl.java:186)
	at org.apache.ratis.server.impl.RaftServerProxy.lambda$newRaftServerImpl$4(RaftServerProxy.java:264)
	at java.util.concurrent.CompletableFuture$AsyncSupply.run(CompletableFuture.java:1604)
	at java.util.concurrent.ThreadPoolExecutor.runWorker(ThreadPoolExecutor.java:1149)
	at java.util.concurrent.ThreadPoolExecutor$Worker.run(ThreadPoolExecutor.java:624)
	at java.lang.Thread.run(Thread.java:748)
2020-12-23 14:05:42,668 [pool-1012-thread-1] INFO  server.RaftServerConfigKeys (ConfUtils.java:logGet(44)) - raft.server.notification.no-leader.timeout = 300s (custom)
2020-12-23 14:05:42,668 [EventQueue-PipelineReportForPipelineReportHandler] INFO  pipeline.PipelineStateManager (PipelineStateManager.java:openPipeline(132)) - Pipeline Pipeline[ Id: 73e418e7-f879-43e6-8465-3170e42e4d24, Nodes: 72ddd1cf-406a-46d1-a670-cde8064896da{ip: 172.17.0.2, host: 8eef00ac434c, networkLocation: /default-rack, certSerialId: null, persistedOpState: IN_SERVICE, persistedOpStateExpiryEpochSec: 0}, Type:RATIS, Factor:ONE, State:ALLOCATED, leaderId:72ddd1cf-406a-46d1-a670-cde8064896da, CreationTimestamp2020-12-23T14:05:39.664Z] moved to OPEN state
2020-12-23 14:05:42,669 [EventQueue-OpenPipelineForHealthyPipelineSafeModeRule] INFO  safemode.SCMSafeModeManager (HealthyPipelineSafeModeRule.java:process(128)) - SCM in safe mode. Healthy pipelines reported count is 0, required healthy pipeline reported count is 1
2020-12-23 14:05:42,669 [pool-1012-thread-1] INFO  server.RaftServerConfigKeys (ConfUtils.java:logGet(44)) - raft.server.log.use.memory = false (default)
2020-12-23 14:05:42,668 [EventQueue-PipelineReportForOneReplicaPipelineSafeModeRule] INFO  safemode.SCMSafeModeManager (SCMSafeModeManager.java:validateSafeModeExitRules(214)) - AtleastOneDatanodeReportedRule rule is successfully validated
2020-12-23 14:05:42,673 [pool-1012-thread-1] INFO  server.RaftServerConfigKeys (ConfUtils.java:logGet(44)) - raft.server.log.purge.gap = 1000000 (custom)
2020-12-23 14:05:42,673 [pool-1012-thread-1] INFO  metrics.RatisMetrics (RatisMetrics.java:lambda$create$0(36)) - Creating Metrics Registry : ratis.log_worker.72ddd1cf-406a-46d1-a670-cde8064896da@group-3170E42E4D24
2020-12-23 14:05:42,674 [pool-1012-thread-1] INFO  server.RaftServerConfigKeys (ConfUtils.java:logGet(44)) - raft.server.log.appender.buffer.byte-limit = 33554432 (custom)
2020-12-23 14:05:42,674 [pool-1012-thread-1] INFO  server.RaftServerConfigKeys (ConfUtils.java:logGet(44)) - raft.server.log.segment.size.max = 1048576 (custom)
2020-12-23 14:05:42,675 [pool-1012-thread-1] INFO  server.RaftServerConfigKeys (ConfUtils.java:logGet(44)) - raft.server.log.segment.cache.num.max = 2 (custom)
2020-12-23 14:05:42,675 [pool-1012-thread-1] INFO  server.RaftServerConfigKeys (ConfUtils.java:logGet(44)) - raft.server.log.segment.cache.size.max = 200MB (=209715200) (default)
2020-12-23 14:05:42,675 [pool-1012-thread-1] INFO  segmented.SegmentedRaftLogWorker (SegmentedRaftLogWorker.java:<init>(181)) - new 72ddd1cf-406a-46d1-a670-cde8064896da@group-3170E42E4D24-SegmentedRaftLogWorker for RaftStorage:Storage Directory /github/workspace/mnt/ozone/hadoop-ozone/integration-test/target/test-dir/MiniOzoneClusterImpl-4d4d8361-1f31-4e15-8531-152295c781bb/datanode-2/data/ratis/73e418e7-f879-43e6-8465-3170e42e4d24
2020-12-23 14:05:42,675 [pool-1012-thread-1] INFO  server.RaftServerConfigKeys (ConfUtils.java:logGet(44)) - raft.server.log.queue.byte-limit = 2147483647 (custom)
2020-12-23 14:05:42,675 [pool-1012-thread-1] INFO  server.RaftServerConfigKeys (ConfUtils.java:logGet(44)) - raft.server.log.queue.element-limit = 1024 (custom)
2020-12-23 14:05:42,675 [pool-1012-thread-1] INFO  server.RaftServerConfigKeys (ConfUtils.java:logGet(44)) - raft.server.log.segment.size.max = 1048576 (custom)
2020-12-23 14:05:42,675 [pool-1012-thread-1] INFO  server.RaftServerConfigKeys (ConfUtils.java:logGet(44)) - raft.server.log.preallocated.size = 16384 (custom)
2020-12-23 14:05:42,675 [pool-1012-thread-1] INFO  server.RaftServerConfigKeys (ConfUtils.java:logGet(44)) - raft.server.log.force.sync.num = 128 (default)
2020-12-23 14:05:42,675 [pool-1012-thread-1] INFO  server.RaftServerConfigKeys (ConfUtils.java:logGet(44)) - raft.server.log.statemachine.data.sync = true (default)
2020-12-23 14:05:42,675 [pool-1012-thread-1] INFO  server.RaftServerConfigKeys (ConfUtils.java:logGet(44)) - raft.server.log.statemachine.data.sync.timeout = 10s (default)
2020-12-23 14:05:42,675 [pool-1012-thread-1] INFO  server.RaftServerConfigKeys (ConfUtils.java:logGet(44)) - raft.server.log.statemachine.data.sync.timeout.retry = -1 (default)
2020-12-23 14:05:42,677 [pool-1012-thread-1] INFO  server.RaftServerConfigKeys (ConfUtils.java:logGet(44)) - raft.server.log.write.buffer.size = 1048576 (custom)
2020-12-23 14:05:42,677 [pool-1012-thread-1] INFO  server.RaftServerConfigKeys (ConfUtils.java:logGet(44)) - raft.server.log.statemachine.data.caching.enabled = true (custom)
2020-12-23 14:05:42,677 [pool-1012-thread-1] INFO  segmented.SegmentedRaftLogWorker (SegmentedRaftLogWorker.java:lambda$new$0(132)) - 72ddd1cf-406a-46d1-a670-cde8064896da@group-3170E42E4D24-SegmentedRaftLogWorker: flushIndex: setUnconditionally 0 -> -1
2020-12-23 14:05:42,678 [pool-1012-thread-1] INFO  segmented.SegmentedRaftLogWorker (SegmentedRaftLogWorker.java:lambda$new$0(132)) - 72ddd1cf-406a-46d1-a670-cde8064896da@group-3170E42E4D24-SegmentedRaftLogWorker: safeCacheEvictIndex: setUnconditionally 0 -> -1
2020-12-23 14:05:42,678 [pool-1012-thread-1] INFO  server.RaftServerConfigKeys (ConfUtils.java:logGet(44)) - raft.server.snapshot.auto.trigger.enabled = true (custom)
2020-12-23 14:05:42,678 [pool-1012-thread-1] INFO  server.RaftServerConfigKeys (ConfUtils.java:logGet(44)) - raft.server.snapshot.auto.trigger.threshold = 10000 (custom)
2020-12-23 14:05:42,678 [pool-1012-thread-1] INFO  server.RaftServerConfigKeys (ConfUtils.java:logGet(44)) - raft.server.snapshot.retention.file.num = 5 (custom)
2020-12-23 14:05:42,678 [pool-1012-thread-1] INFO  server.RaftServerConfigKeys (ConfUtils.java:logGet(44)) - raft.server.log.purge.upto.snapshot.index = false (default)
2020-12-23 14:05:42,678 [pool-1012-thread-1] INFO  server.RaftServerConfigKeys (ConfUtils.java:logGet(44)) - raft.server.retrycache.expirytime = 600000ms (custom)
2020-12-23 14:05:42,678 [pool-1012-thread-1] INFO  server.RaftServerConfigKeys (ConfUtils.java:logGet(44)) - raft.server.retrycache.statistics.expirytime = 100?s (default)
2020-12-23 14:05:42,678 [pool-1012-thread-1] INFO  metrics.RatisMetrics (RatisMetrics.java:lambda$create$0(36)) - Creating Metrics Registry : ratis.leader_election.72ddd1cf-406a-46d1-a670-cde8064896da@group-3170E42E4D24
2020-12-23 14:05:42,679 [pool-1012-thread-1] INFO  metrics.RatisMetrics (RatisMetrics.java:lambda$create$0(36)) - Creating Metrics Registry : ratis.server.72ddd1cf-406a-46d1-a670-cde8064896da@group-3170E42E4D24
2020-12-23 14:05:42,680 [pool-1012-thread-1] INFO  server.RaftServer$Division (RaftServerImpl.java:start(286)) - 72ddd1cf-406a-46d1-a670-cde8064896da@group-3170E42E4D24: start as a follower, conf=-1: [72ddd1cf-406a-46d1-a670-cde8064896da|rpc:172.17.0.2:36049], old=null
2020-12-23 14:05:42,681 [pool-1012-thread-1] INFO  server.RaftServer$Division (RaftServerImpl.java:setRole(275)) - 72ddd1cf-406a-46d1-a670-cde8064896da@group-3170E42E4D24: changes role from      null to FOLLOWER at term 0 for startAsFollower
2020-12-23 14:05:42,681 [pool-1012-thread-1] INFO  impl.RoleInfo (RoleInfo.java:updateAndGet(130)) - 72ddd1cf-406a-46d1-a670-cde8064896da: start 72ddd1cf-406a-46d1-a670-cde8064896da@group-3170E42E4D24-FollowerState
2020-12-23 14:05:42,681 [pool-1012-thread-1] INFO  util.JmxRegister (JmxRegister.java:tryRegister(44)) - Successfully registered JMX Bean with object name Ratis:service=RaftServer,group=group-3170E42E4D24,id=72ddd1cf-406a-46d1-a670-cde8064896da
2020-12-23 14:05:42,681 [pool-1012-thread-1] INFO  metrics.RatisMetrics (RatisMetrics.java:lambda$create$0(36)) - Creating Metrics Registry : ratis.state_machine.72ddd1cf-406a-46d1-a670-cde8064896da@group-3170E42E4D24
2020-12-23 14:05:42,682 [Command processor thread] INFO  commandhandler.CreatePipelineCommandHandler (CreatePipelineCommandHandler.java:handle(106)) - Created Pipeline RATIS ONE PipelineID=73e418e7-f879-43e6-8465-3170e42e4d24.
2020-12-23 14:05:42,860 [Command processor thread] INFO  server.RaftServer (RaftServerProxy.java:addNew(93)) - 578fb040-f869-45ef-91a4-da79ba7884ec: addNew group-09344C0E7623:[578fb040-f869-45ef-91a4-da79ba7884ec|rpc:172.17.0.2:37771] returns group-09344C0E7623:java.util.concurrent.CompletableFuture@31891166[Not completed]
2020-12-23 14:05:42,861 [EventQueue-PipelineReportForOneReplicaPipelineSafeModeRule] INFO  safemode.SCMSafeModeManager (SCMSafeModeManager.java:validateSafeModeExitRules(214)) - AtleastOneDatanodeReportedRule rule is successfully validated
2020-12-23 14:05:42,861 [pool-1028-thread-1] INFO  server.RaftServer$Division (RaftServerImpl.java:<init>(173)) - 578fb040-f869-45ef-91a4-da79ba7884ec: new RaftServerImpl for group-09344C0E7623:[578fb040-f869-45ef-91a4-da79ba7884ec|rpc:172.17.0.2:37771] with ContainerStateMachine:uninitialized
2020-12-23 14:05:42,862 [pool-1028-thread-1] INFO  server.RaftServerConfigKeys (ConfUtils.java:logGet(44)) - raft.server.rpc.timeout.min = 5s (custom)
2020-12-23 14:05:42,862 [pool-1028-thread-1] INFO  server.RaftServerConfigKeys (ConfUtils.java:logGet(44)) - raft.server.rpc.timeout.max = 5200ms (custom)
2020-12-23 14:05:42,862 [pool-1028-thread-1] INFO  server.RaftServerConfigKeys (ConfUtils.java:logGet(44)) - raft.server.rpc.sleep.time = 25ms (default)
2020-12-23 14:05:42,862 [pool-1028-thread-1] INFO  server.RaftServerConfigKeys (ConfUtils.java:logGet(44)) - raft.server.rpc.slowness.timeout = 300s (custom)
2020-12-23 14:05:42,862 [pool-1028-thread-1] INFO  server.RaftServerConfigKeys (ConfUtils.java:logGet(44)) - raft.server.leaderelection.leader.step-down.wait-time = 10s (default)
2020-12-23 14:05:42,862 [pool-1028-thread-1] INFO  server.RaftServerConfigKeys (ConfUtils.java:logGet(44)) - raft.server.sleep.deviation.threshold = 300ms (default)
2020-12-23 14:05:42,862 [pool-1028-thread-1] INFO  server.RaftServerConfigKeys (ConfUtils.java:logGet(44)) - raft.server.log.appender.install.snapshot.enabled = false (custom)
2020-12-23 14:05:42,862 [pool-1028-thread-1] INFO  server.RaftServer$Division (ServerState.java:<init>(104)) - 578fb040-f869-45ef-91a4-da79ba7884ec@group-09344C0E7623: ConfigurationManager, init=-1: [578fb040-f869-45ef-91a4-da79ba7884ec|rpc:172.17.0.2:37771], old=null, confs=<EMPTY_MAP>
2020-12-23 14:05:42,862 [pool-1028-thread-1] INFO  server.RaftServerConfigKeys (ConfUtils.java:logGet(44)) - raft.server.storage.dir = [/github/workspace/mnt/ozone/hadoop-ozone/integration-test/target/test-dir/MiniOzoneClusterImpl-4d4d8361-1f31-4e15-8531-152295c781bb/datanode-3/data/ratis] (custom)
2020-12-23 14:05:42,862 [pool-1028-thread-1] INFO  server.RaftServerConfigKeys (ConfUtils.java:logGet(44)) - raft.server.log.corruption.policy = EXCEPTION (default)
2020-12-23 14:05:42,862 [pool-1028-thread-1] INFO  storage.RaftStorageDirectory (RaftStorageDirectory.java:analyzeStorage(260)) - The storage directory /github/workspace/mnt/ozone/hadoop-ozone/integration-test/target/test-dir/MiniOzoneClusterImpl-4d4d8361-1f31-4e15-8531-152295c781bb/datanode-3/data/ratis/25f9ad50-b735-4f9f-8b54-09344c0e7623 does not exist. Creating ...
2020-12-23 14:05:42,863 [pool-1028-thread-1] INFO  storage.RaftStorageDirectory (RaftStorageDirectory.java:tryLock(342)) - Lock on /github/workspace/mnt/ozone/hadoop-ozone/integration-test/target/test-dir/MiniOzoneClusterImpl-4d4d8361-1f31-4e15-8531-152295c781bb/datanode-3/data/ratis/25f9ad50-b735-4f9f-8b54-09344c0e7623/in_use.lock acquired by nodename 18715@8eef00ac434c
2020-12-23 14:05:42,864 [pool-1028-thread-1] INFO  storage.RaftStorage (RaftStorage.java:format(89)) - Storage directory /github/workspace/mnt/ozone/hadoop-ozone/integration-test/target/test-dir/MiniOzoneClusterImpl-4d4d8361-1f31-4e15-8531-152295c781bb/datanode-3/data/ratis/25f9ad50-b735-4f9f-8b54-09344c0e7623 has been successfully formatted.
2020-12-23 14:05:42,865 [pool-1028-thread-1] INFO  ratis.ContainerStateMachine (ContainerStateMachine.java:loadSnapshot(223)) - group-09344C0E7623: The snapshot info is null. Setting the last applied indexto:(t:0, i:~)
2020-12-23 14:05:42,865 [pool-1028-thread-1] ERROR storage.RaftStorage (RaftStorage.java:readRaftConfiguration(152)) - Failed reading configuration from file:/github/workspace/mnt/ozone/hadoop-ozone/integration-test/target/test-dir/MiniOzoneClusterImpl-4d4d8361-1f31-4e15-8531-152295c781bb/datanode-3/data/ratis/25f9ad50-b735-4f9f-8b54-09344c0e7623/current/raft-meta.conf
java.io.FileNotFoundException: /github/workspace/mnt/ozone/hadoop-ozone/integration-test/target/test-dir/MiniOzoneClusterImpl-4d4d8361-1f31-4e15-8531-152295c781bb/datanode-3/data/ratis/25f9ad50-b735-4f9f-8b54-09344c0e7623/current/raft-meta.conf (No such file or directory)
	at java.io.FileInputStream.open0(Native Method)
	at java.io.FileInputStream.open(FileInputStream.java:195)
	at java.io.FileInputStream.<init>(FileInputStream.java:138)
	at org.apache.ratis.server.storage.RaftStorage.readRaftConfiguration(RaftStorage.java:148)
	at org.apache.ratis.server.impl.ServerState.initStatemachine(ServerState.java:167)
	at org.apache.ratis.server.impl.ServerState.<init>(ServerState.java:112)
	at org.apache.ratis.server.impl.RaftServerImpl.<init>(RaftServerImpl.java:186)
	at org.apache.ratis.server.impl.RaftServerProxy.lambda$newRaftServerImpl$4(RaftServerProxy.java:264)
	at java.util.concurrent.CompletableFuture$AsyncSupply.run(CompletableFuture.java:1604)
	at java.util.concurrent.ThreadPoolExecutor.runWorker(ThreadPoolExecutor.java:1149)
	at java.util.concurrent.ThreadPoolExecutor$Worker.run(ThreadPoolExecutor.java:624)
	at java.lang.Thread.run(Thread.java:748)
2020-12-23 14:05:42,866 [EventQueue-PipelineReportForOneReplicaPipelineSafeModeRule] INFO  safemode.SCMSafeModeManager (SCMSafeModeManager.java:validateSafeModeExitRules(214)) - AtleastOneDatanodeReportedRule rule is successfully validated
2020-12-23 14:05:42,866 [EventQueue-PipelineReportForPipelineReportHandler] INFO  pipeline.PipelineStateManager (PipelineStateManager.java:openPipeline(132)) - Pipeline Pipeline[ Id: 25f9ad50-b735-4f9f-8b54-09344c0e7623, Nodes: 578fb040-f869-45ef-91a4-da79ba7884ec{ip: 172.17.0.2, host: 8eef00ac434c, networkLocation: /default-rack, certSerialId: null, persistedOpState: IN_SERVICE, persistedOpStateExpiryEpochSec: 0}, Type:RATIS, Factor:ONE, State:ALLOCATED, leaderId:578fb040-f869-45ef-91a4-da79ba7884ec, CreationTimestamp2020-12-23T14:05:39.862Z] moved to OPEN state
2020-12-23 14:05:42,866 [pool-1028-thread-1] INFO  server.RaftServerConfigKeys (ConfUtils.java:logGet(44)) - raft.server.notification.no-leader.timeout = 300s (custom)
2020-12-23 14:05:42,866 [pool-1028-thread-1] INFO  server.RaftServerConfigKeys (ConfUtils.java:logGet(44)) - raft.server.log.use.memory = false (default)
2020-12-23 14:05:42,866 [pool-1028-thread-1] INFO  server.RaftServerConfigKeys (ConfUtils.java:logGet(44)) - raft.server.log.purge.gap = 1000000 (custom)
2020-12-23 14:05:42,866 [EventQueue-OpenPipelineForHealthyPipelineSafeModeRule] INFO  safemode.SCMSafeModeManager (HealthyPipelineSafeModeRule.java:process(128)) - SCM in safe mode. Healthy pipelines reported count is 0, required healthy pipeline reported count is 1
2020-12-23 14:05:42,866 [pool-1028-thread-1] INFO  metrics.RatisMetrics (RatisMetrics.java:lambda$create$0(36)) - Creating Metrics Registry : ratis.log_worker.578fb040-f869-45ef-91a4-da79ba7884ec@group-09344C0E7623
2020-12-23 14:05:42,866 [pool-1028-thread-1] INFO  server.RaftServerConfigKeys (ConfUtils.java:logGet(44)) - raft.server.log.appender.buffer.byte-limit = 33554432 (custom)
2020-12-23 14:05:42,866 [pool-1028-thread-1] INFO  server.RaftServerConfigKeys (ConfUtils.java:logGet(44)) - raft.server.log.segment.size.max = 1048576 (custom)
2020-12-23 14:05:42,867 [pool-1028-thread-1] INFO  server.RaftServerConfigKeys (ConfUtils.java:logGet(44)) - raft.server.log.segment.cache.num.max = 2 (custom)
2020-12-23 14:05:42,867 [pool-1028-thread-1] INFO  server.RaftServerConfigKeys (ConfUtils.java:logGet(44)) - raft.server.log.segment.cache.size.max = 200MB (=209715200) (default)
2020-12-23 14:05:42,867 [pool-1028-thread-1] INFO  segmented.SegmentedRaftLogWorker (SegmentedRaftLogWorker.java:<init>(181)) - new 578fb040-f869-45ef-91a4-da79ba7884ec@group-09344C0E7623-SegmentedRaftLogWorker for RaftStorage:Storage Directory /github/workspace/mnt/ozone/hadoop-ozone/integration-test/target/test-dir/MiniOzoneClusterImpl-4d4d8361-1f31-4e15-8531-152295c781bb/datanode-3/data/ratis/25f9ad50-b735-4f9f-8b54-09344c0e7623
2020-12-23 14:05:42,867 [pool-1028-thread-1] INFO  server.RaftServerConfigKeys (ConfUtils.java:logGet(44)) - raft.server.log.queue.byte-limit = 2147483647 (custom)
2020-12-23 14:05:42,867 [pool-1028-thread-1] INFO  server.RaftServerConfigKeys (ConfUtils.java:logGet(44)) - raft.server.log.queue.element-limit = 1024 (custom)
2020-12-23 14:05:42,868 [pool-1028-thread-1] INFO  server.RaftServerConfigKeys (ConfUtils.java:logGet(44)) - raft.server.log.segment.size.max = 1048576 (custom)
2020-12-23 14:05:42,868 [pool-1028-thread-1] INFO  server.RaftServerConfigKeys (ConfUtils.java:logGet(44)) - raft.server.log.preallocated.size = 16384 (custom)
2020-12-23 14:05:42,868 [pool-1028-thread-1] INFO  server.RaftServerConfigKeys (ConfUtils.java:logGet(44)) - raft.server.log.force.sync.num = 128 (default)
2020-12-23 14:05:42,868 [pool-1028-thread-1] INFO  server.RaftServerConfigKeys (ConfUtils.java:logGet(44)) - raft.server.log.statemachine.data.sync = true (default)
2020-12-23 14:05:42,868 [pool-1028-thread-1] INFO  server.RaftServerConfigKeys (ConfUtils.java:logGet(44)) - raft.server.log.statemachine.data.sync.timeout = 10s (default)
2020-12-23 14:05:42,868 [pool-1028-thread-1] INFO  server.RaftServerConfigKeys (ConfUtils.java:logGet(44)) - raft.server.log.statemachine.data.sync.timeout.retry = -1 (default)
2020-12-23 14:05:42,870 [pool-1028-thread-1] INFO  server.RaftServerConfigKeys (ConfUtils.java:logGet(44)) - raft.server.log.write.buffer.size = 1048576 (custom)
2020-12-23 14:05:42,870 [pool-1028-thread-1] INFO  server.RaftServerConfigKeys (ConfUtils.java:logGet(44)) - raft.server.log.statemachine.data.caching.enabled = true (custom)
2020-12-23 14:05:42,871 [pool-1028-thread-1] INFO  segmented.SegmentedRaftLogWorker (SegmentedRaftLogWorker.java:lambda$new$0(132)) - 578fb040-f869-45ef-91a4-da79ba7884ec@group-09344C0E7623-SegmentedRaftLogWorker: flushIndex: setUnconditionally 0 -> -1
2020-12-23 14:05:42,871 [pool-1028-thread-1] INFO  segmented.SegmentedRaftLogWorker (SegmentedRaftLogWorker.java:lambda$new$0(132)) - 578fb040-f869-45ef-91a4-da79ba7884ec@group-09344C0E7623-SegmentedRaftLogWorker: safeCacheEvictIndex: setUnconditionally 0 -> -1
2020-12-23 14:05:42,871 [pool-1028-thread-1] INFO  server.RaftServerConfigKeys (ConfUtils.java:logGet(44)) - raft.server.snapshot.auto.trigger.enabled = true (custom)
2020-12-23 14:05:42,871 [pool-1028-thread-1] INFO  server.RaftServerConfigKeys (ConfUtils.java:logGet(44)) - raft.server.snapshot.auto.trigger.threshold = 10000 (custom)
2020-12-23 14:05:42,871 [pool-1028-thread-1] INFO  server.RaftServerConfigKeys (ConfUtils.java:logGet(44)) - raft.server.snapshot.retention.file.num = 5 (custom)
2020-12-23 14:05:42,871 [pool-1028-thread-1] INFO  server.RaftServerConfigKeys (ConfUtils.java:logGet(44)) - raft.server.log.purge.upto.snapshot.index = false (default)
2020-12-23 14:05:42,871 [pool-1028-thread-1] INFO  server.RaftServerConfigKeys (ConfUtils.java:logGet(44)) - raft.server.retrycache.expirytime = 600000ms (custom)
2020-12-23 14:05:42,871 [pool-1028-thread-1] INFO  server.RaftServerConfigKeys (ConfUtils.java:logGet(44)) - raft.server.retrycache.statistics.expirytime = 100?s (default)
2020-12-23 14:05:42,871 [pool-1028-thread-1] INFO  metrics.RatisMetrics (RatisMetrics.java:lambda$create$0(36)) - Creating Metrics Registry : ratis.leader_election.578fb040-f869-45ef-91a4-da79ba7884ec@group-09344C0E7623
2020-12-23 14:05:42,872 [pool-1028-thread-1] INFO  metrics.RatisMetrics (RatisMetrics.java:lambda$create$0(36)) - Creating Metrics Registry : ratis.server.578fb040-f869-45ef-91a4-da79ba7884ec@group-09344C0E7623
2020-12-23 14:05:42,874 [pool-1028-thread-1] INFO  server.RaftServer$Division (RaftServerImpl.java:start(286)) - 578fb040-f869-45ef-91a4-da79ba7884ec@group-09344C0E7623: start as a follower, conf=-1: [578fb040-f869-45ef-91a4-da79ba7884ec|rpc:172.17.0.2:37771], old=null
2020-12-23 14:05:42,874 [pool-1028-thread-1] INFO  server.RaftServer$Division (RaftServerImpl.java:setRole(275)) - 578fb040-f869-45ef-91a4-da79ba7884ec@group-09344C0E7623: changes role from      null to FOLLOWER at term 0 for startAsFollower
2020-12-23 14:05:42,874 [pool-1028-thread-1] INFO  impl.RoleInfo (RoleInfo.java:updateAndGet(130)) - 578fb040-f869-45ef-91a4-da79ba7884ec: start 578fb040-f869-45ef-91a4-da79ba7884ec@group-09344C0E7623-FollowerState
2020-12-23 14:05:42,874 [pool-1028-thread-1] INFO  util.JmxRegister (JmxRegister.java:tryRegister(44)) - Successfully registered JMX Bean with object name Ratis:service=RaftServer,group=group-09344C0E7623,id=578fb040-f869-45ef-91a4-da79ba7884ec
2020-12-23 14:05:42,874 [pool-1028-thread-1] INFO  metrics.RatisMetrics (RatisMetrics.java:lambda$create$0(36)) - Creating Metrics Registry : ratis.state_machine.578fb040-f869-45ef-91a4-da79ba7884ec@group-09344C0E7623
2020-12-23 14:05:42,875 [Command processor thread] INFO  commandhandler.CreatePipelineCommandHandler (CreatePipelineCommandHandler.java:handle(106)) - Created Pipeline RATIS ONE PipelineID=25f9ad50-b735-4f9f-8b54-09344c0e7623.
2020-12-23 14:05:42,875 [Command processor thread] INFO  server.RaftServer (RaftServerProxy.java:addNew(93)) - 578fb040-f869-45ef-91a4-da79ba7884ec: addNew group-D175C3C695B5:[578fb040-f869-45ef-91a4-da79ba7884ec|rpc:172.17.0.2:37771, 132632b1-c99d-4d56-baf0-ebc6ad7ec851|rpc:172.17.0.2:43673, cc79f115-dbdb-4899-88c3-1d2dbee4d898|rpc:172.17.0.2:35113] returns group-D175C3C695B5:java.util.concurrent.CompletableFuture@35b6838f[Not completed]
2020-12-23 14:05:42,876 [pool-1028-thread-1] INFO  server.RaftServer$Division (RaftServerImpl.java:<init>(173)) - 578fb040-f869-45ef-91a4-da79ba7884ec: new RaftServerImpl for group-D175C3C695B5:[578fb040-f869-45ef-91a4-da79ba7884ec|rpc:172.17.0.2:37771, 132632b1-c99d-4d56-baf0-ebc6ad7ec851|rpc:172.17.0.2:43673, cc79f115-dbdb-4899-88c3-1d2dbee4d898|rpc:172.17.0.2:35113] with ContainerStateMachine:uninitialized
2020-12-23 14:05:42,876 [pool-1028-thread-1] INFO  server.RaftServerConfigKeys (ConfUtils.java:logGet(44)) - raft.server.rpc.timeout.min = 5s (custom)
2020-12-23 14:05:42,876 [pool-1028-thread-1] INFO  server.RaftServerConfigKeys (ConfUtils.java:logGet(44)) - raft.server.rpc.timeout.max = 5200ms (custom)
2020-12-23 14:05:42,876 [pool-1028-thread-1] INFO  server.RaftServerConfigKeys (ConfUtils.java:logGet(44)) - raft.server.rpc.sleep.time = 25ms (default)
2020-12-23 14:05:42,876 [pool-1028-thread-1] INFO  server.RaftServerConfigKeys (ConfUtils.java:logGet(44)) - raft.server.rpc.slowness.timeout = 300s (custom)
2020-12-23 14:05:42,876 [pool-1028-thread-1] INFO  server.RaftServerConfigKeys (ConfUtils.java:logGet(44)) - raft.server.leaderelection.leader.step-down.wait-time = 10s (default)
2020-12-23 14:05:42,876 [pool-1028-thread-1] INFO  server.RaftServerConfigKeys (ConfUtils.java:logGet(44)) - raft.server.sleep.deviation.threshold = 300ms (default)
2020-12-23 14:05:42,876 [pool-1028-thread-1] INFO  server.RaftServerConfigKeys (ConfUtils.java:logGet(44)) - raft.server.log.appender.install.snapshot.enabled = false (custom)
2020-12-23 14:05:42,876 [pool-1028-thread-1] INFO  server.RaftServer$Division (ServerState.java:<init>(104)) - 578fb040-f869-45ef-91a4-da79ba7884ec@group-D175C3C695B5: ConfigurationManager, init=-1: [578fb040-f869-45ef-91a4-da79ba7884ec|rpc:172.17.0.2:37771, 132632b1-c99d-4d56-baf0-ebc6ad7ec851|rpc:172.17.0.2:43673, cc79f115-dbdb-4899-88c3-1d2dbee4d898|rpc:172.17.0.2:35113], old=null, confs=<EMPTY_MAP>
2020-12-23 14:05:42,876 [pool-1028-thread-1] INFO  server.RaftServerConfigKeys (ConfUtils.java:logGet(44)) - raft.server.storage.dir = [/github/workspace/mnt/ozone/hadoop-ozone/integration-test/target/test-dir/MiniOzoneClusterImpl-4d4d8361-1f31-4e15-8531-152295c781bb/datanode-3/data/ratis] (custom)
2020-12-23 14:05:42,877 [pool-1028-thread-1] INFO  server.RaftServerConfigKeys (ConfUtils.java:logGet(44)) - raft.server.log.corruption.policy = EXCEPTION (default)
2020-12-23 14:05:42,877 [pool-1028-thread-1] INFO  storage.RaftStorageDirectory (RaftStorageDirectory.java:analyzeStorage(260)) - The storage directory /github/workspace/mnt/ozone/hadoop-ozone/integration-test/target/test-dir/MiniOzoneClusterImpl-4d4d8361-1f31-4e15-8531-152295c781bb/datanode-3/data/ratis/380b8358-65d3-4403-9ac7-d175c3c695b5 does not exist. Creating ...
2020-12-23 14:05:42,879 [pool-1028-thread-1] INFO  storage.RaftStorageDirectory (RaftStorageDirectory.java:tryLock(342)) - Lock on /github/workspace/mnt/ozone/hadoop-ozone/integration-test/target/test-dir/MiniOzoneClusterImpl-4d4d8361-1f31-4e15-8531-152295c781bb/datanode-3/data/ratis/380b8358-65d3-4403-9ac7-d175c3c695b5/in_use.lock acquired by nodename 18715@8eef00ac434c
2020-12-23 14:05:42,880 [pool-1028-thread-1] INFO  storage.RaftStorage (RaftStorage.java:format(89)) - Storage directory /github/workspace/mnt/ozone/hadoop-ozone/integration-test/target/test-dir/MiniOzoneClusterImpl-4d4d8361-1f31-4e15-8531-152295c781bb/datanode-3/data/ratis/380b8358-65d3-4403-9ac7-d175c3c695b5 has been successfully formatted.
2020-12-23 14:05:42,880 [pool-1028-thread-1] INFO  ratis.ContainerStateMachine (ContainerStateMachine.java:loadSnapshot(223)) - group-D175C3C695B5: The snapshot info is null. Setting the last applied indexto:(t:0, i:~)
2020-12-23 14:05:42,880 [pool-1028-thread-1] ERROR storage.RaftStorage (RaftStorage.java:readRaftConfiguration(152)) - Failed reading configuration from file:/github/workspace/mnt/ozone/hadoop-ozone/integration-test/target/test-dir/MiniOzoneClusterImpl-4d4d8361-1f31-4e15-8531-152295c781bb/datanode-3/data/ratis/380b8358-65d3-4403-9ac7-d175c3c695b5/current/raft-meta.conf
java.io.FileNotFoundException: /github/workspace/mnt/ozone/hadoop-ozone/integration-test/target/test-dir/MiniOzoneClusterImpl-4d4d8361-1f31-4e15-8531-152295c781bb/datanode-3/data/ratis/380b8358-65d3-4403-9ac7-d175c3c695b5/current/raft-meta.conf (No such file or directory)
	at java.io.FileInputStream.open0(Native Method)
	at java.io.FileInputStream.open(FileInputStream.java:195)
	at java.io.FileInputStream.<init>(FileInputStream.java:138)
	at org.apache.ratis.server.storage.RaftStorage.readRaftConfiguration(RaftStorage.java:148)
	at org.apache.ratis.server.impl.ServerState.initStatemachine(ServerState.java:167)
	at org.apache.ratis.server.impl.ServerState.<init>(ServerState.java:112)
	at org.apache.ratis.server.impl.RaftServerImpl.<init>(RaftServerImpl.java:186)
	at org.apache.ratis.server.impl.RaftServerProxy.lambda$newRaftServerImpl$4(RaftServerProxy.java:264)
	at java.util.concurrent.CompletableFuture$AsyncSupply.run(CompletableFuture.java:1604)
	at java.util.concurrent.ThreadPoolExecutor.runWorker(ThreadPoolExecutor.java:1149)
	at java.util.concurrent.ThreadPoolExecutor$Worker.run(ThreadPoolExecutor.java:624)
	at java.lang.Thread.run(Thread.java:748)
2020-12-23 14:05:42,881 [pool-1028-thread-1] INFO  server.RaftServerConfigKeys (ConfUtils.java:logGet(44)) - raft.server.notification.no-leader.timeout = 300s (custom)
2020-12-23 14:05:42,881 [pool-1028-thread-1] INFO  server.RaftServerConfigKeys (ConfUtils.java:logGet(44)) - raft.server.log.use.memory = false (default)
2020-12-23 14:05:42,881 [pool-1028-thread-1] INFO  server.RaftServerConfigKeys (ConfUtils.java:logGet(44)) - raft.server.log.purge.gap = 1000000 (custom)
2020-12-23 14:05:42,881 [EventQueue-OpenPipelineForHealthyPipelineSafeModeRule] INFO  safemode.SCMSafeModeManager (HealthyPipelineSafeModeRule.java:process(128)) - SCM in safe mode. Healthy pipelines reported count is 0, required healthy pipeline reported count is 1
2020-12-23 14:05:42,881 [EventQueue-PipelineReportForOneReplicaPipelineSafeModeRule] INFO  safemode.SCMSafeModeManager (SCMSafeModeManager.java:validateSafeModeExitRules(214)) - AtleastOneDatanodeReportedRule rule is successfully validated
2020-12-23 14:05:42,881 [pool-1028-thread-1] INFO  metrics.RatisMetrics (RatisMetrics.java:lambda$create$0(36)) - Creating Metrics Registry : ratis.log_worker.578fb040-f869-45ef-91a4-da79ba7884ec@group-D175C3C695B5
2020-12-23 14:05:42,882 [pool-1028-thread-1] INFO  server.RaftServerConfigKeys (ConfUtils.java:logGet(44)) - raft.server.log.appender.buffer.byte-limit = 33554432 (custom)
2020-12-23 14:05:42,882 [pool-1028-thread-1] INFO  server.RaftServerConfigKeys (ConfUtils.java:logGet(44)) - raft.server.log.segment.size.max = 1048576 (custom)
2020-12-23 14:05:42,882 [pool-1028-thread-1] INFO  server.RaftServerConfigKeys (ConfUtils.java:logGet(44)) - raft.server.log.segment.cache.num.max = 2 (custom)
2020-12-23 14:05:42,883 [pool-1028-thread-1] INFO  server.RaftServerConfigKeys (ConfUtils.java:logGet(44)) - raft.server.log.segment.cache.size.max = 200MB (=209715200) (default)
2020-12-23 14:05:42,883 [pool-1028-thread-1] INFO  segmented.SegmentedRaftLogWorker (SegmentedRaftLogWorker.java:<init>(181)) - new 578fb040-f869-45ef-91a4-da79ba7884ec@group-D175C3C695B5-SegmentedRaftLogWorker for RaftStorage:Storage Directory /github/workspace/mnt/ozone/hadoop-ozone/integration-test/target/test-dir/MiniOzoneClusterImpl-4d4d8361-1f31-4e15-8531-152295c781bb/datanode-3/data/ratis/380b8358-65d3-4403-9ac7-d175c3c695b5
2020-12-23 14:05:42,883 [pool-1028-thread-1] INFO  server.RaftServerConfigKeys (ConfUtils.java:logGet(44)) - raft.server.log.queue.byte-limit = 2147483647 (custom)
2020-12-23 14:05:42,883 [pool-1028-thread-1] INFO  server.RaftServerConfigKeys (ConfUtils.java:logGet(44)) - raft.server.log.queue.element-limit = 1024 (custom)
2020-12-23 14:05:42,883 [pool-1028-thread-1] INFO  server.RaftServerConfigKeys (ConfUtils.java:logGet(44)) - raft.server.log.segment.size.max = 1048576 (custom)
2020-12-23 14:05:42,883 [pool-1028-thread-1] INFO  server.RaftServerConfigKeys (ConfUtils.java:logGet(44)) - raft.server.log.preallocated.size = 16384 (custom)
2020-12-23 14:05:42,883 [pool-1028-thread-1] INFO  server.RaftServerConfigKeys (ConfUtils.java:logGet(44)) - raft.server.log.force.sync.num = 128 (default)
2020-12-23 14:05:42,883 [pool-1028-thread-1] INFO  server.RaftServerConfigKeys (ConfUtils.java:logGet(44)) - raft.server.log.statemachine.data.sync = true (default)
2020-12-23 14:05:42,883 [pool-1028-thread-1] INFO  server.RaftServerConfigKeys (ConfUtils.java:logGet(44)) - raft.server.log.statemachine.data.sync.timeout = 10s (default)
2020-12-23 14:05:42,883 [pool-1028-thread-1] INFO  server.RaftServerConfigKeys (ConfUtils.java:logGet(44)) - raft.server.log.statemachine.data.sync.timeout.retry = -1 (default)
2020-12-23 14:05:42,885 [pool-1028-thread-1] INFO  server.RaftServerConfigKeys (ConfUtils.java:logGet(44)) - raft.server.log.write.buffer.size = 1048576 (custom)
2020-12-23 14:05:42,885 [pool-1028-thread-1] INFO  server.RaftServerConfigKeys (ConfUtils.java:logGet(44)) - raft.server.log.statemachine.data.caching.enabled = true (custom)
2020-12-23 14:05:42,885 [pool-1028-thread-1] INFO  segmented.SegmentedRaftLogWorker (SegmentedRaftLogWorker.java:lambda$new$0(132)) - 578fb040-f869-45ef-91a4-da79ba7884ec@group-D175C3C695B5-SegmentedRaftLogWorker: flushIndex: setUnconditionally 0 -> -1
2020-12-23 14:05:42,885 [pool-1028-thread-1] INFO  segmented.SegmentedRaftLogWorker (SegmentedRaftLogWorker.java:lambda$new$0(132)) - 578fb040-f869-45ef-91a4-da79ba7884ec@group-D175C3C695B5-SegmentedRaftLogWorker: safeCacheEvictIndex: setUnconditionally 0 -> -1
2020-12-23 14:05:42,886 [pool-1028-thread-1] INFO  server.RaftServerConfigKeys (ConfUtils.java:logGet(44)) - raft.server.snapshot.auto.trigger.enabled = true (custom)
2020-12-23 14:05:42,886 [pool-1028-thread-1] INFO  server.RaftServerConfigKeys (ConfUtils.java:logGet(44)) - raft.server.snapshot.auto.trigger.threshold = 10000 (custom)
2020-12-23 14:05:42,886 [pool-1028-thread-1] INFO  server.RaftServerConfigKeys (ConfUtils.java:logGet(44)) - raft.server.snapshot.retention.file.num = 5 (custom)
2020-12-23 14:05:42,886 [pool-1028-thread-1] INFO  server.RaftServerConfigKeys (ConfUtils.java:logGet(44)) - raft.server.log.purge.upto.snapshot.index = false (default)
2020-12-23 14:05:42,886 [pool-1028-thread-1] INFO  server.RaftServerConfigKeys (ConfUtils.java:logGet(44)) - raft.server.retrycache.expirytime = 600000ms (custom)
2020-12-23 14:05:42,886 [pool-1028-thread-1] INFO  server.RaftServerConfigKeys (ConfUtils.java:logGet(44)) - raft.server.retrycache.statistics.expirytime = 100?s (default)
2020-12-23 14:05:42,886 [pool-1028-thread-1] INFO  metrics.RatisMetrics (RatisMetrics.java:lambda$create$0(36)) - Creating Metrics Registry : ratis.leader_election.578fb040-f869-45ef-91a4-da79ba7884ec@group-D175C3C695B5
2020-12-23 14:05:42,887 [pool-1028-thread-1] INFO  metrics.RatisMetrics (RatisMetrics.java:lambda$create$0(36)) - Creating Metrics Registry : ratis.server.578fb040-f869-45ef-91a4-da79ba7884ec@group-D175C3C695B5
2020-12-23 14:05:42,888 [pool-1028-thread-1] INFO  server.RaftServer$Division (RaftServerImpl.java:start(286)) - 578fb040-f869-45ef-91a4-da79ba7884ec@group-D175C3C695B5: start as a follower, conf=-1: [578fb040-f869-45ef-91a4-da79ba7884ec|rpc:172.17.0.2:37771, 132632b1-c99d-4d56-baf0-ebc6ad7ec851|rpc:172.17.0.2:43673, cc79f115-dbdb-4899-88c3-1d2dbee4d898|rpc:172.17.0.2:35113], old=null
2020-12-23 14:05:42,888 [pool-1028-thread-1] INFO  server.RaftServer$Division (RaftServerImpl.java:setRole(275)) - 578fb040-f869-45ef-91a4-da79ba7884ec@group-D175C3C695B5: changes role from      null to FOLLOWER at term 0 for startAsFollower
2020-12-23 14:05:42,888 [pool-1028-thread-1] INFO  impl.RoleInfo (RoleInfo.java:updateAndGet(130)) - 578fb040-f869-45ef-91a4-da79ba7884ec: start 578fb040-f869-45ef-91a4-da79ba7884ec@group-D175C3C695B5-FollowerState
2020-12-23 14:05:42,889 [pool-1028-thread-1] INFO  util.JmxRegister (JmxRegister.java:tryRegister(44)) - Successfully registered JMX Bean with object name Ratis:service=RaftServer,group=group-D175C3C695B5,id=578fb040-f869-45ef-91a4-da79ba7884ec
2020-12-23 14:05:42,889 [pool-1028-thread-1] INFO  metrics.RatisMetrics (RatisMetrics.java:lambda$create$0(36)) - Creating Metrics Registry : ratis.state_machine.578fb040-f869-45ef-91a4-da79ba7884ec@group-D175C3C695B5
2020-12-23 14:05:42,890 [Command processor thread] INFO  metrics.RatisMetrics (RatisMetrics.java:lambda$create$0(36)) - Creating Metrics Registry : ratis.client_message_metrics.client-4B51FAF3548F->132632b1-c99d-4d56-baf0-ebc6ad7ec851
2020-12-23 14:05:42,896 [grpc-default-executor-2] INFO  metrics.RatisMetrics (RatisMetrics.java:lambda$create$0(36)) - Creating Metrics Registry : ratis.server_message_metrics.132632b1-c99d-4d56-baf0-ebc6ad7ec851
2020-12-23 14:05:42,897 [grpc-default-executor-2] INFO  server.RaftServer (RaftServerProxy.java:addNew(93)) - 132632b1-c99d-4d56-baf0-ebc6ad7ec851: addNew group-D175C3C695B5:[578fb040-f869-45ef-91a4-da79ba7884ec|rpc:172.17.0.2:37771|dataStream:, 132632b1-c99d-4d56-baf0-ebc6ad7ec851|rpc:172.17.0.2:43673|dataStream:, cc79f115-dbdb-4899-88c3-1d2dbee4d898|rpc:172.17.0.2:35113|dataStream:] returns group-D175C3C695B5:java.util.concurrent.CompletableFuture@1ac5730e[Not completed]
2020-12-23 14:05:42,898 [pool-1044-thread-1] INFO  server.RaftServer$Division (RaftServerImpl.java:<init>(173)) - 132632b1-c99d-4d56-baf0-ebc6ad7ec851: new RaftServerImpl for group-D175C3C695B5:[578fb040-f869-45ef-91a4-da79ba7884ec|rpc:172.17.0.2:37771|dataStream:, 132632b1-c99d-4d56-baf0-ebc6ad7ec851|rpc:172.17.0.2:43673|dataStream:, cc79f115-dbdb-4899-88c3-1d2dbee4d898|rpc:172.17.0.2:35113|dataStream:] with ContainerStateMachine:uninitialized
2020-12-23 14:05:42,898 [pool-1044-thread-1] INFO  server.RaftServerConfigKeys (ConfUtils.java:logGet(44)) - raft.server.rpc.timeout.min = 5s (custom)
2020-12-23 14:05:42,898 [pool-1044-thread-1] INFO  server.RaftServerConfigKeys (ConfUtils.java:logGet(44)) - raft.server.rpc.timeout.max = 5200ms (custom)
2020-12-23 14:05:42,898 [pool-1044-thread-1] INFO  server.RaftServerConfigKeys (ConfUtils.java:logGet(44)) - raft.server.rpc.sleep.time = 25ms (default)
2020-12-23 14:05:42,898 [pool-1044-thread-1] INFO  server.RaftServerConfigKeys (ConfUtils.java:logGet(44)) - raft.server.rpc.slowness.timeout = 300s (custom)
2020-12-23 14:05:42,899 [pool-1044-thread-1] INFO  server.RaftServerConfigKeys (ConfUtils.java:logGet(44)) - raft.server.leaderelection.leader.step-down.wait-time = 10s (default)
2020-12-23 14:05:42,899 [pool-1044-thread-1] INFO  server.RaftServerConfigKeys (ConfUtils.java:logGet(44)) - raft.server.sleep.deviation.threshold = 300ms (default)
2020-12-23 14:05:42,899 [pool-1044-thread-1] INFO  server.RaftServerConfigKeys (ConfUtils.java:logGet(44)) - raft.server.log.appender.install.snapshot.enabled = false (custom)
2020-12-23 14:05:42,899 [pool-1044-thread-1] INFO  server.RaftServer$Division (ServerState.java:<init>(104)) - 132632b1-c99d-4d56-baf0-ebc6ad7ec851@group-D175C3C695B5: ConfigurationManager, init=-1: [578fb040-f869-45ef-91a4-da79ba7884ec|rpc:172.17.0.2:37771|dataStream:, 132632b1-c99d-4d56-baf0-ebc6ad7ec851|rpc:172.17.0.2:43673|dataStream:, cc79f115-dbdb-4899-88c3-1d2dbee4d898|rpc:172.17.0.2:35113|dataStream:], old=null, confs=<EMPTY_MAP>
2020-12-23 14:05:42,899 [pool-1044-thread-1] INFO  server.RaftServerConfigKeys (ConfUtils.java:logGet(44)) - raft.server.storage.dir = [/github/workspace/mnt/ozone/hadoop-ozone/integration-test/target/test-dir/MiniOzoneClusterImpl-4d4d8361-1f31-4e15-8531-152295c781bb/datanode-4/data/ratis] (custom)
2020-12-23 14:05:42,899 [pool-1044-thread-1] INFO  server.RaftServerConfigKeys (ConfUtils.java:logGet(44)) - raft.server.log.corruption.policy = EXCEPTION (default)
2020-12-23 14:05:42,899 [pool-1044-thread-1] INFO  storage.RaftStorageDirectory (RaftStorageDirectory.java:analyzeStorage(260)) - The storage directory /github/workspace/mnt/ozone/hadoop-ozone/integration-test/target/test-dir/MiniOzoneClusterImpl-4d4d8361-1f31-4e15-8531-152295c781bb/datanode-4/data/ratis/380b8358-65d3-4403-9ac7-d175c3c695b5 does not exist. Creating ...
2020-12-23 14:05:42,900 [pool-1044-thread-1] INFO  storage.RaftStorageDirectory (RaftStorageDirectory.java:tryLock(342)) - Lock on /github/workspace/mnt/ozone/hadoop-ozone/integration-test/target/test-dir/MiniOzoneClusterImpl-4d4d8361-1f31-4e15-8531-152295c781bb/datanode-4/data/ratis/380b8358-65d3-4403-9ac7-d175c3c695b5/in_use.lock acquired by nodename 18715@8eef00ac434c
2020-12-23 14:05:42,901 [pool-1044-thread-1] INFO  storage.RaftStorage (RaftStorage.java:format(89)) - Storage directory /github/workspace/mnt/ozone/hadoop-ozone/integration-test/target/test-dir/MiniOzoneClusterImpl-4d4d8361-1f31-4e15-8531-152295c781bb/datanode-4/data/ratis/380b8358-65d3-4403-9ac7-d175c3c695b5 has been successfully formatted.
2020-12-23 14:05:42,901 [pool-1044-thread-1] INFO  ratis.ContainerStateMachine (ContainerStateMachine.java:loadSnapshot(223)) - group-D175C3C695B5: The snapshot info is null. Setting the last applied indexto:(t:0, i:~)
2020-12-23 14:05:42,902 [pool-1044-thread-1] ERROR storage.RaftStorage (RaftStorage.java:readRaftConfiguration(152)) - Failed reading configuration from file:/github/workspace/mnt/ozone/hadoop-ozone/integration-test/target/test-dir/MiniOzoneClusterImpl-4d4d8361-1f31-4e15-8531-152295c781bb/datanode-4/data/ratis/380b8358-65d3-4403-9ac7-d175c3c695b5/current/raft-meta.conf
java.io.FileNotFoundException: /github/workspace/mnt/ozone/hadoop-ozone/integration-test/target/test-dir/MiniOzoneClusterImpl-4d4d8361-1f31-4e15-8531-152295c781bb/datanode-4/data/ratis/380b8358-65d3-4403-9ac7-d175c3c695b5/current/raft-meta.conf (No such file or directory)
	at java.io.FileInputStream.open0(Native Method)
	at java.io.FileInputStream.open(FileInputStream.java:195)
	at java.io.FileInputStream.<init>(FileInputStream.java:138)
	at org.apache.ratis.server.storage.RaftStorage.readRaftConfiguration(RaftStorage.java:148)
	at org.apache.ratis.server.impl.ServerState.initStatemachine(ServerState.java:167)
	at org.apache.ratis.server.impl.ServerState.<init>(ServerState.java:112)
	at org.apache.ratis.server.impl.RaftServerImpl.<init>(RaftServerImpl.java:186)
	at org.apache.ratis.server.impl.RaftServerProxy.lambda$newRaftServerImpl$4(RaftServerProxy.java:264)
	at java.util.concurrent.CompletableFuture$AsyncSupply.run(CompletableFuture.java:1604)
	at java.util.concurrent.ThreadPoolExecutor.runWorker(ThreadPoolExecutor.java:1149)
	at java.util.concurrent.ThreadPoolExecutor$Worker.run(ThreadPoolExecutor.java:624)
	at java.lang.Thread.run(Thread.java:748)
2020-12-23 14:05:42,902 [pool-1044-thread-1] INFO  server.RaftServerConfigKeys (ConfUtils.java:logGet(44)) - raft.server.notification.no-leader.timeout = 300s (custom)
2020-12-23 14:05:42,902 [EventQueue-PipelineReportForOneReplicaPipelineSafeModeRule] INFO  safemode.SCMSafeModeManager (SCMSafeModeManager.java:validateSafeModeExitRules(214)) - AtleastOneDatanodeReportedRule rule is successfully validated
2020-12-23 14:05:42,902 [pool-1044-thread-1] INFO  server.RaftServerConfigKeys (ConfUtils.java:logGet(44)) - raft.server.log.use.memory = false (default)
2020-12-23 14:05:42,903 [pool-1044-thread-1] INFO  server.RaftServerConfigKeys (ConfUtils.java:logGet(44)) - raft.server.log.purge.gap = 1000000 (custom)
2020-12-23 14:05:42,903 [pool-1044-thread-1] INFO  metrics.RatisMetrics (RatisMetrics.java:lambda$create$0(36)) - Creating Metrics Registry : ratis.log_worker.132632b1-c99d-4d56-baf0-ebc6ad7ec851@group-D175C3C695B5
2020-12-23 14:05:42,903 [pool-1044-thread-1] INFO  server.RaftServerConfigKeys (ConfUtils.java:logGet(44)) - raft.server.log.appender.buffer.byte-limit = 33554432 (custom)
2020-12-23 14:05:42,903 [pool-1044-thread-1] INFO  server.RaftServerConfigKeys (ConfUtils.java:logGet(44)) - raft.server.log.segment.size.max = 1048576 (custom)
2020-12-23 14:05:42,904 [pool-1044-thread-1] INFO  server.RaftServerConfigKeys (ConfUtils.java:logGet(44)) - raft.server.log.segment.cache.num.max = 2 (custom)
2020-12-23 14:05:42,904 [pool-1044-thread-1] INFO  server.RaftServerConfigKeys (ConfUtils.java:logGet(44)) - raft.server.log.segment.cache.size.max = 200MB (=209715200) (default)
2020-12-23 14:05:42,904 [pool-1044-thread-1] INFO  segmented.SegmentedRaftLogWorker (SegmentedRaftLogWorker.java:<init>(181)) - new 132632b1-c99d-4d56-baf0-ebc6ad7ec851@group-D175C3C695B5-SegmentedRaftLogWorker for RaftStorage:Storage Directory /github/workspace/mnt/ozone/hadoop-ozone/integration-test/target/test-dir/MiniOzoneClusterImpl-4d4d8361-1f31-4e15-8531-152295c781bb/datanode-4/data/ratis/380b8358-65d3-4403-9ac7-d175c3c695b5
2020-12-23 14:05:42,904 [pool-1044-thread-1] INFO  server.RaftServerConfigKeys (ConfUtils.java:logGet(44)) - raft.server.log.queue.byte-limit = 2147483647 (custom)
2020-12-23 14:05:42,904 [pool-1044-thread-1] INFO  server.RaftServerConfigKeys (ConfUtils.java:logGet(44)) - raft.server.log.queue.element-limit = 1024 (custom)
2020-12-23 14:05:42,904 [pool-1044-thread-1] INFO  server.RaftServerConfigKeys (ConfUtils.java:logGet(44)) - raft.server.log.segment.size.max = 1048576 (custom)
2020-12-23 14:05:42,904 [pool-1044-thread-1] INFO  server.RaftServerConfigKeys (ConfUtils.java:logGet(44)) - raft.server.log.preallocated.size = 16384 (custom)
2020-12-23 14:05:42,904 [pool-1044-thread-1] INFO  server.RaftServerConfigKeys (ConfUtils.java:logGet(44)) - raft.server.log.force.sync.num = 128 (default)
2020-12-23 14:05:42,904 [pool-1044-thread-1] INFO  server.RaftServerConfigKeys (ConfUtils.java:logGet(44)) - raft.server.log.statemachine.data.sync = true (default)
2020-12-23 14:05:42,904 [pool-1044-thread-1] INFO  server.RaftServerConfigKeys (ConfUtils.java:logGet(44)) - raft.server.log.statemachine.data.sync.timeout = 10s (default)
2020-12-23 14:05:42,904 [pool-1044-thread-1] INFO  server.RaftServerConfigKeys (ConfUtils.java:logGet(44)) - raft.server.log.statemachine.data.sync.timeout.retry = -1 (default)
2020-12-23 14:05:42,906 [pool-1044-thread-1] INFO  server.RaftServerConfigKeys (ConfUtils.java:logGet(44)) - raft.server.log.write.buffer.size = 1048576 (custom)
2020-12-23 14:05:42,906 [pool-1044-thread-1] INFO  server.RaftServerConfigKeys (ConfUtils.java:logGet(44)) - raft.server.log.statemachine.data.caching.enabled = true (custom)
2020-12-23 14:05:42,906 [pool-1044-thread-1] INFO  segmented.SegmentedRaftLogWorker (SegmentedRaftLogWorker.java:lambda$new$0(132)) - 132632b1-c99d-4d56-baf0-ebc6ad7ec851@group-D175C3C695B5-SegmentedRaftLogWorker: flushIndex: setUnconditionally 0 -> -1
2020-12-23 14:05:42,906 [pool-1044-thread-1] INFO  segmented.SegmentedRaftLogWorker (SegmentedRaftLogWorker.java:lambda$new$0(132)) - 132632b1-c99d-4d56-baf0-ebc6ad7ec851@group-D175C3C695B5-SegmentedRaftLogWorker: safeCacheEvictIndex: setUnconditionally 0 -> -1
2020-12-23 14:05:42,907 [pool-1044-thread-1] INFO  server.RaftServerConfigKeys (ConfUtils.java:logGet(44)) - raft.server.snapshot.auto.trigger.enabled = true (custom)
2020-12-23 14:05:42,907 [pool-1044-thread-1] INFO  server.RaftServerConfigKeys (ConfUtils.java:logGet(44)) - raft.server.snapshot.auto.trigger.threshold = 10000 (custom)
2020-12-23 14:05:42,907 [pool-1044-thread-1] INFO  server.RaftServerConfigKeys (ConfUtils.java:logGet(44)) - raft.server.snapshot.retention.file.num = 5 (custom)
2020-12-23 14:05:42,907 [pool-1044-thread-1] INFO  server.RaftServerConfigKeys (ConfUtils.java:logGet(44)) - raft.server.log.purge.upto.snapshot.index = false (default)
2020-12-23 14:05:42,907 [pool-1044-thread-1] INFO  server.RaftServerConfigKeys (ConfUtils.java:logGet(44)) - raft.server.retrycache.expirytime = 600000ms (custom)
2020-12-23 14:05:42,907 [pool-1044-thread-1] INFO  server.RaftServerConfigKeys (ConfUtils.java:logGet(44)) - raft.server.retrycache.statistics.expirytime = 100?s (default)
2020-12-23 14:05:42,907 [pool-1044-thread-1] INFO  metrics.RatisMetrics (RatisMetrics.java:lambda$create$0(36)) - Creating Metrics Registry : ratis.leader_election.132632b1-c99d-4d56-baf0-ebc6ad7ec851@group-D175C3C695B5
2020-12-23 14:05:42,908 [pool-1044-thread-1] INFO  metrics.RatisMetrics (RatisMetrics.java:lambda$create$0(36)) - Creating Metrics Registry : ratis.server.132632b1-c99d-4d56-baf0-ebc6ad7ec851@group-D175C3C695B5
2020-12-23 14:05:42,909 [pool-1044-thread-1] INFO  server.RaftServer$Division (RaftServerImpl.java:start(286)) - 132632b1-c99d-4d56-baf0-ebc6ad7ec851@group-D175C3C695B5: start as a follower, conf=-1: [578fb040-f869-45ef-91a4-da79ba7884ec|rpc:172.17.0.2:37771|dataStream:, 132632b1-c99d-4d56-baf0-ebc6ad7ec851|rpc:172.17.0.2:43673|dataStream:, cc79f115-dbdb-4899-88c3-1d2dbee4d898|rpc:172.17.0.2:35113|dataStream:], old=null
2020-12-23 14:05:42,909 [pool-1044-thread-1] INFO  server.RaftServer$Division (RaftServerImpl.java:setRole(275)) - 132632b1-c99d-4d56-baf0-ebc6ad7ec851@group-D175C3C695B5: changes role from      null to FOLLOWER at term 0 for startAsFollower
2020-12-23 14:05:42,910 [pool-1044-thread-1] INFO  impl.RoleInfo (RoleInfo.java:updateAndGet(130)) - 132632b1-c99d-4d56-baf0-ebc6ad7ec851: start 132632b1-c99d-4d56-baf0-ebc6ad7ec851@group-D175C3C695B5-FollowerState
2020-12-23 14:05:42,910 [pool-1044-thread-1] INFO  util.JmxRegister (JmxRegister.java:tryRegister(44)) - Successfully registered JMX Bean with object name Ratis:service=RaftServer,group=group-D175C3C695B5,id=132632b1-c99d-4d56-baf0-ebc6ad7ec851
2020-12-23 14:05:42,910 [pool-1044-thread-1] INFO  metrics.RatisMetrics (RatisMetrics.java:lambda$create$0(36)) - Creating Metrics Registry : ratis.state_machine.132632b1-c99d-4d56-baf0-ebc6ad7ec851@group-D175C3C695B5
2020-12-23 14:05:42,918 [Command processor thread] INFO  metrics.RatisMetrics (RatisMetrics.java:lambda$create$0(36)) - Creating Metrics Registry : ratis.client_message_metrics.client-672BBDCD5FE1->cc79f115-dbdb-4899-88c3-1d2dbee4d898
2020-12-23 14:05:42,923 [grpc-default-executor-2] INFO  metrics.RatisMetrics (RatisMetrics.java:lambda$create$0(36)) - Creating Metrics Registry : ratis.server_message_metrics.cc79f115-dbdb-4899-88c3-1d2dbee4d898
2020-12-23 14:05:42,924 [grpc-default-executor-2] INFO  server.RaftServer (RaftServerProxy.java:addNew(93)) - cc79f115-dbdb-4899-88c3-1d2dbee4d898: addNew group-D175C3C695B5:[578fb040-f869-45ef-91a4-da79ba7884ec|rpc:172.17.0.2:37771|dataStream:, 132632b1-c99d-4d56-baf0-ebc6ad7ec851|rpc:172.17.0.2:43673|dataStream:, cc79f115-dbdb-4899-88c3-1d2dbee4d898|rpc:172.17.0.2:35113|dataStream:] returns group-D175C3C695B5:java.util.concurrent.CompletableFuture@7ea8f0e9[Not completed]
2020-12-23 14:05:42,925 [pool-1060-thread-1] INFO  server.RaftServer$Division (RaftServerImpl.java:<init>(173)) - cc79f115-dbdb-4899-88c3-1d2dbee4d898: new RaftServerImpl for group-D175C3C695B5:[578fb040-f869-45ef-91a4-da79ba7884ec|rpc:172.17.0.2:37771|dataStream:, 132632b1-c99d-4d56-baf0-ebc6ad7ec851|rpc:172.17.0.2:43673|dataStream:, cc79f115-dbdb-4899-88c3-1d2dbee4d898|rpc:172.17.0.2:35113|dataStream:] with ContainerStateMachine:uninitialized
2020-12-23 14:05:42,925 [pool-1060-thread-1] INFO  server.RaftServerConfigKeys (ConfUtils.java:logGet(44)) - raft.server.rpc.timeout.min = 5s (custom)
2020-12-23 14:05:42,926 [pool-1060-thread-1] INFO  server.RaftServerConfigKeys (ConfUtils.java:logGet(44)) - raft.server.rpc.timeout.max = 5200ms (custom)
2020-12-23 14:05:42,926 [pool-1060-thread-1] INFO  server.RaftServerConfigKeys (ConfUtils.java:logGet(44)) - raft.server.rpc.sleep.time = 25ms (default)
2020-12-23 14:05:42,926 [pool-1060-thread-1] INFO  server.RaftServerConfigKeys (ConfUtils.java:logGet(44)) - raft.server.rpc.slowness.timeout = 300s (custom)
2020-12-23 14:05:42,926 [pool-1060-thread-1] INFO  server.RaftServerConfigKeys (ConfUtils.java:logGet(44)) - raft.server.leaderelection.leader.step-down.wait-time = 10s (default)
2020-12-23 14:05:42,926 [pool-1060-thread-1] INFO  server.RaftServerConfigKeys (ConfUtils.java:logGet(44)) - raft.server.sleep.deviation.threshold = 300ms (default)
2020-12-23 14:05:42,926 [pool-1060-thread-1] INFO  server.RaftServerConfigKeys (ConfUtils.java:logGet(44)) - raft.server.log.appender.install.snapshot.enabled = false (custom)
2020-12-23 14:05:42,926 [pool-1060-thread-1] INFO  server.RaftServer$Division (ServerState.java:<init>(104)) - cc79f115-dbdb-4899-88c3-1d2dbee4d898@group-D175C3C695B5: ConfigurationManager, init=-1: [578fb040-f869-45ef-91a4-da79ba7884ec|rpc:172.17.0.2:37771|dataStream:, 132632b1-c99d-4d56-baf0-ebc6ad7ec851|rpc:172.17.0.2:43673|dataStream:, cc79f115-dbdb-4899-88c3-1d2dbee4d898|rpc:172.17.0.2:35113|dataStream:], old=null, confs=<EMPTY_MAP>
2020-12-23 14:05:42,926 [pool-1060-thread-1] INFO  server.RaftServerConfigKeys (ConfUtils.java:logGet(44)) - raft.server.storage.dir = [/github/workspace/mnt/ozone/hadoop-ozone/integration-test/target/test-dir/MiniOzoneClusterImpl-4d4d8361-1f31-4e15-8531-152295c781bb/datanode-5/data/ratis] (custom)
2020-12-23 14:05:42,926 [pool-1060-thread-1] INFO  server.RaftServerConfigKeys (ConfUtils.java:logGet(44)) - raft.server.log.corruption.policy = EXCEPTION (default)
2020-12-23 14:05:42,926 [pool-1060-thread-1] INFO  storage.RaftStorageDirectory (RaftStorageDirectory.java:analyzeStorage(260)) - The storage directory /github/workspace/mnt/ozone/hadoop-ozone/integration-test/target/test-dir/MiniOzoneClusterImpl-4d4d8361-1f31-4e15-8531-152295c781bb/datanode-5/data/ratis/380b8358-65d3-4403-9ac7-d175c3c695b5 does not exist. Creating ...
2020-12-23 14:05:42,927 [pool-1060-thread-1] INFO  storage.RaftStorageDirectory (RaftStorageDirectory.java:tryLock(342)) - Lock on /github/workspace/mnt/ozone/hadoop-ozone/integration-test/target/test-dir/MiniOzoneClusterImpl-4d4d8361-1f31-4e15-8531-152295c781bb/datanode-5/data/ratis/380b8358-65d3-4403-9ac7-d175c3c695b5/in_use.lock acquired by nodename 18715@8eef00ac434c
2020-12-23 14:05:42,929 [pool-1060-thread-1] INFO  storage.RaftStorage (RaftStorage.java:format(89)) - Storage directory /github/workspace/mnt/ozone/hadoop-ozone/integration-test/target/test-dir/MiniOzoneClusterImpl-4d4d8361-1f31-4e15-8531-152295c781bb/datanode-5/data/ratis/380b8358-65d3-4403-9ac7-d175c3c695b5 has been successfully formatted.
2020-12-23 14:05:42,929 [pool-1060-thread-1] INFO  ratis.ContainerStateMachine (ContainerStateMachine.java:loadSnapshot(223)) - group-D175C3C695B5: The snapshot info is null. Setting the last applied indexto:(t:0, i:~)
2020-12-23 14:05:42,929 [pool-1060-thread-1] ERROR storage.RaftStorage (RaftStorage.java:readRaftConfiguration(152)) - Failed reading configuration from file:/github/workspace/mnt/ozone/hadoop-ozone/integration-test/target/test-dir/MiniOzoneClusterImpl-4d4d8361-1f31-4e15-8531-152295c781bb/datanode-5/data/ratis/380b8358-65d3-4403-9ac7-d175c3c695b5/current/raft-meta.conf
java.io.FileNotFoundException: /github/workspace/mnt/ozone/hadoop-ozone/integration-test/target/test-dir/MiniOzoneClusterImpl-4d4d8361-1f31-4e15-8531-152295c781bb/datanode-5/data/ratis/380b8358-65d3-4403-9ac7-d175c3c695b5/current/raft-meta.conf (No such file or directory)
	at java.io.FileInputStream.open0(Native Method)
	at java.io.FileInputStream.open(FileInputStream.java:195)
	at java.io.FileInputStream.<init>(FileInputStream.java:138)
	at org.apache.ratis.server.storage.RaftStorage.readRaftConfiguration(RaftStorage.java:148)
	at org.apache.ratis.server.impl.ServerState.initStatemachine(ServerState.java:167)
	at org.apache.ratis.server.impl.ServerState.<init>(ServerState.java:112)
	at org.apache.ratis.server.impl.RaftServerImpl.<init>(RaftServerImpl.java:186)
	at org.apache.ratis.server.impl.RaftServerProxy.lambda$newRaftServerImpl$4(RaftServerProxy.java:264)
	at java.util.concurrent.CompletableFuture$AsyncSupply.run(CompletableFuture.java:1604)
	at java.util.concurrent.ThreadPoolExecutor.runWorker(ThreadPoolExecutor.java:1149)
	at java.util.concurrent.ThreadPoolExecutor$Worker.run(ThreadPoolExecutor.java:624)
	at java.lang.Thread.run(Thread.java:748)
2020-12-23 14:05:42,930 [pool-1060-thread-1] INFO  server.RaftServerConfigKeys (ConfUtils.java:logGet(44)) - raft.server.notification.no-leader.timeout = 300s (custom)
2020-12-23 14:05:42,930 [pool-1060-thread-1] INFO  server.RaftServerConfigKeys (ConfUtils.java:logGet(44)) - raft.server.log.use.memory = false (default)
2020-12-23 14:05:42,930 [pool-1060-thread-1] INFO  server.RaftServerConfigKeys (ConfUtils.java:logGet(44)) - raft.server.log.purge.gap = 1000000 (custom)
2020-12-23 14:05:42,930 [pool-1060-thread-1] INFO  metrics.RatisMetrics (RatisMetrics.java:lambda$create$0(36)) - Creating Metrics Registry : ratis.log_worker.cc79f115-dbdb-4899-88c3-1d2dbee4d898@group-D175C3C695B5
2020-12-23 14:05:42,930 [EventQueue-PipelineReportForOneReplicaPipelineSafeModeRule] INFO  safemode.SCMSafeModeManager (SCMSafeModeManager.java:validateSafeModeExitRules(214)) - AtleastOneDatanodeReportedRule rule is successfully validated
2020-12-23 14:05:42,930 [pool-1060-thread-1] INFO  server.RaftServerConfigKeys (ConfUtils.java:logGet(44)) - raft.server.log.appender.buffer.byte-limit = 33554432 (custom)
2020-12-23 14:05:42,930 [pool-1060-thread-1] INFO  server.RaftServerConfigKeys (ConfUtils.java:logGet(44)) - raft.server.log.segment.size.max = 1048576 (custom)
2020-12-23 14:05:42,931 [pool-1060-thread-1] INFO  server.RaftServerConfigKeys (ConfUtils.java:logGet(44)) - raft.server.log.segment.cache.num.max = 2 (custom)
2020-12-23 14:05:42,931 [pool-1060-thread-1] INFO  server.RaftServerConfigKeys (ConfUtils.java:logGet(44)) - raft.server.log.segment.cache.size.max = 200MB (=209715200) (default)
2020-12-23 14:05:42,931 [pool-1060-thread-1] INFO  segmented.SegmentedRaftLogWorker (SegmentedRaftLogWorker.java:<init>(181)) - new cc79f115-dbdb-4899-88c3-1d2dbee4d898@group-D175C3C695B5-SegmentedRaftLogWorker for RaftStorage:Storage Directory /github/workspace/mnt/ozone/hadoop-ozone/integration-test/target/test-dir/MiniOzoneClusterImpl-4d4d8361-1f31-4e15-8531-152295c781bb/datanode-5/data/ratis/380b8358-65d3-4403-9ac7-d175c3c695b5
2020-12-23 14:05:42,931 [pool-1060-thread-1] INFO  server.RaftServerConfigKeys (ConfUtils.java:logGet(44)) - raft.server.log.queue.byte-limit = 2147483647 (custom)
2020-12-23 14:05:42,931 [pool-1060-thread-1] INFO  server.RaftServerConfigKeys (ConfUtils.java:logGet(44)) - raft.server.log.queue.element-limit = 1024 (custom)
2020-12-23 14:05:42,931 [pool-1060-thread-1] INFO  server.RaftServerConfigKeys (ConfUtils.java:logGet(44)) - raft.server.log.segment.size.max = 1048576 (custom)
2020-12-23 14:05:42,931 [pool-1060-thread-1] INFO  server.RaftServerConfigKeys (ConfUtils.java:logGet(44)) - raft.server.log.preallocated.size = 16384 (custom)
2020-12-23 14:05:42,931 [pool-1060-thread-1] INFO  server.RaftServerConfigKeys (ConfUtils.java:logGet(44)) - raft.server.log.force.sync.num = 128 (default)
2020-12-23 14:05:42,932 [pool-1060-thread-1] INFO  server.RaftServerConfigKeys (ConfUtils.java:logGet(44)) - raft.server.log.statemachine.data.sync = true (default)
2020-12-23 14:05:42,932 [pool-1060-thread-1] INFO  server.RaftServerConfigKeys (ConfUtils.java:logGet(44)) - raft.server.log.statemachine.data.sync.timeout = 10s (default)
2020-12-23 14:05:42,932 [pool-1060-thread-1] INFO  server.RaftServerConfigKeys (ConfUtils.java:logGet(44)) - raft.server.log.statemachine.data.sync.timeout.retry = -1 (default)
2020-12-23 14:05:42,933 [pool-1060-thread-1] INFO  server.RaftServerConfigKeys (ConfUtils.java:logGet(44)) - raft.server.log.write.buffer.size = 1048576 (custom)
2020-12-23 14:05:42,934 [pool-1060-thread-1] INFO  server.RaftServerConfigKeys (ConfUtils.java:logGet(44)) - raft.server.log.statemachine.data.caching.enabled = true (custom)
2020-12-23 14:05:42,935 [pool-1060-thread-1] INFO  segmented.SegmentedRaftLogWorker (SegmentedRaftLogWorker.java:lambda$new$0(132)) - cc79f115-dbdb-4899-88c3-1d2dbee4d898@group-D175C3C695B5-SegmentedRaftLogWorker: flushIndex: setUnconditionally 0 -> -1
2020-12-23 14:05:42,935 [pool-1060-thread-1] INFO  segmented.SegmentedRaftLogWorker (SegmentedRaftLogWorker.java:lambda$new$0(132)) - cc79f115-dbdb-4899-88c3-1d2dbee4d898@group-D175C3C695B5-SegmentedRaftLogWorker: safeCacheEvictIndex: setUnconditionally 0 -> -1
2020-12-23 14:05:42,935 [pool-1060-thread-1] INFO  server.RaftServerConfigKeys (ConfUtils.java:logGet(44)) - raft.server.snapshot.auto.trigger.enabled = true (custom)
2020-12-23 14:05:42,935 [pool-1060-thread-1] INFO  server.RaftServerConfigKeys (ConfUtils.java:logGet(44)) - raft.server.snapshot.auto.trigger.threshold = 10000 (custom)
2020-12-23 14:05:42,935 [pool-1060-thread-1] INFO  server.RaftServerConfigKeys (ConfUtils.java:logGet(44)) - raft.server.snapshot.retention.file.num = 5 (custom)
2020-12-23 14:05:42,935 [pool-1060-thread-1] INFO  server.RaftServerConfigKeys (ConfUtils.java:logGet(44)) - raft.server.log.purge.upto.snapshot.index = false (default)
2020-12-23 14:05:42,935 [pool-1060-thread-1] INFO  server.RaftServerConfigKeys (ConfUtils.java:logGet(44)) - raft.server.retrycache.expirytime = 600000ms (custom)
2020-12-23 14:05:42,935 [pool-1060-thread-1] INFO  server.RaftServerConfigKeys (ConfUtils.java:logGet(44)) - raft.server.retrycache.statistics.expirytime = 100?s (default)
2020-12-23 14:05:42,935 [pool-1060-thread-1] INFO  metrics.RatisMetrics (RatisMetrics.java:lambda$create$0(36)) - Creating Metrics Registry : ratis.leader_election.cc79f115-dbdb-4899-88c3-1d2dbee4d898@group-D175C3C695B5
2020-12-23 14:05:42,936 [pool-1060-thread-1] INFO  metrics.RatisMetrics (RatisMetrics.java:lambda$create$0(36)) - Creating Metrics Registry : ratis.server.cc79f115-dbdb-4899-88c3-1d2dbee4d898@group-D175C3C695B5
2020-12-23 14:05:42,938 [pool-1060-thread-1] INFO  server.RaftServer$Division (RaftServerImpl.java:start(286)) - cc79f115-dbdb-4899-88c3-1d2dbee4d898@group-D175C3C695B5: start as a follower, conf=-1: [578fb040-f869-45ef-91a4-da79ba7884ec|rpc:172.17.0.2:37771|dataStream:, 132632b1-c99d-4d56-baf0-ebc6ad7ec851|rpc:172.17.0.2:43673|dataStream:, cc79f115-dbdb-4899-88c3-1d2dbee4d898|rpc:172.17.0.2:35113|dataStream:], old=null
2020-12-23 14:05:42,938 [pool-1060-thread-1] INFO  server.RaftServer$Division (RaftServerImpl.java:setRole(275)) - cc79f115-dbdb-4899-88c3-1d2dbee4d898@group-D175C3C695B5: changes role from      null to FOLLOWER at term 0 for startAsFollower
2020-12-23 14:05:42,938 [pool-1060-thread-1] INFO  impl.RoleInfo (RoleInfo.java:updateAndGet(130)) - cc79f115-dbdb-4899-88c3-1d2dbee4d898: start cc79f115-dbdb-4899-88c3-1d2dbee4d898@group-D175C3C695B5-FollowerState
2020-12-23 14:05:42,938 [pool-1060-thread-1] INFO  util.JmxRegister (JmxRegister.java:tryRegister(44)) - Successfully registered JMX Bean with object name Ratis:service=RaftServer,group=group-D175C3C695B5,id=cc79f115-dbdb-4899-88c3-1d2dbee4d898
2020-12-23 14:05:42,938 [pool-1060-thread-1] INFO  metrics.RatisMetrics (RatisMetrics.java:lambda$create$0(36)) - Creating Metrics Registry : ratis.state_machine.cc79f115-dbdb-4899-88c3-1d2dbee4d898@group-D175C3C695B5
2020-12-23 14:05:42,944 [Command processor thread] INFO  commandhandler.CreatePipelineCommandHandler (CreatePipelineCommandHandler.java:handle(106)) - Created Pipeline RATIS THREE PipelineID=380b8358-65d3-4403-9ac7-d175c3c695b5.
2020-12-23 14:05:43,088 [Command processor thread] INFO  server.RaftServer (RaftServerProxy.java:addNew(93)) - 132632b1-c99d-4d56-baf0-ebc6ad7ec851: addNew group-F3395DB11D06:[132632b1-c99d-4d56-baf0-ebc6ad7ec851|rpc:172.17.0.2:43673] returns group-F3395DB11D06:java.util.concurrent.CompletableFuture@3bfab638[Not completed]
2020-12-23 14:05:43,089 [pool-1044-thread-1] INFO  server.RaftServer$Division (RaftServerImpl.java:<init>(173)) - 132632b1-c99d-4d56-baf0-ebc6ad7ec851: new RaftServerImpl for group-F3395DB11D06:[132632b1-c99d-4d56-baf0-ebc6ad7ec851|rpc:172.17.0.2:43673] with ContainerStateMachine:uninitialized
2020-12-23 14:05:43,089 [pool-1044-thread-1] INFO  server.RaftServerConfigKeys (ConfUtils.java:logGet(44)) - raft.server.rpc.timeout.min = 5s (custom)
2020-12-23 14:05:43,090 [pool-1044-thread-1] INFO  server.RaftServerConfigKeys (ConfUtils.java:logGet(44)) - raft.server.rpc.timeout.max = 5200ms (custom)
2020-12-23 14:05:43,090 [pool-1044-thread-1] INFO  server.RaftServerConfigKeys (ConfUtils.java:logGet(44)) - raft.server.rpc.sleep.time = 25ms (default)
2020-12-23 14:05:43,090 [pool-1044-thread-1] INFO  server.RaftServerConfigKeys (ConfUtils.java:logGet(44)) - raft.server.rpc.slowness.timeout = 300s (custom)
2020-12-23 14:05:43,090 [pool-1044-thread-1] INFO  server.RaftServerConfigKeys (ConfUtils.java:logGet(44)) - raft.server.leaderelection.leader.step-down.wait-time = 10s (default)
2020-12-23 14:05:43,090 [pool-1044-thread-1] INFO  server.RaftServerConfigKeys (ConfUtils.java:logGet(44)) - raft.server.sleep.deviation.threshold = 300ms (default)
2020-12-23 14:05:43,090 [pool-1044-thread-1] INFO  server.RaftServerConfigKeys (ConfUtils.java:logGet(44)) - raft.server.log.appender.install.snapshot.enabled = false (custom)
2020-12-23 14:05:43,090 [pool-1044-thread-1] INFO  server.RaftServer$Division (ServerState.java:<init>(104)) - 132632b1-c99d-4d56-baf0-ebc6ad7ec851@group-F3395DB11D06: ConfigurationManager, init=-1: [132632b1-c99d-4d56-baf0-ebc6ad7ec851|rpc:172.17.0.2:43673], old=null, confs=<EMPTY_MAP>
2020-12-23 14:05:43,090 [pool-1044-thread-1] INFO  server.RaftServerConfigKeys (ConfUtils.java:logGet(44)) - raft.server.storage.dir = [/github/workspace/mnt/ozone/hadoop-ozone/integration-test/target/test-dir/MiniOzoneClusterImpl-4d4d8361-1f31-4e15-8531-152295c781bb/datanode-4/data/ratis] (custom)
2020-12-23 14:05:43,090 [pool-1044-thread-1] INFO  server.RaftServerConfigKeys (ConfUtils.java:logGet(44)) - raft.server.log.corruption.policy = EXCEPTION (default)
2020-12-23 14:05:43,091 [pool-1044-thread-1] INFO  storage.RaftStorageDirectory (RaftStorageDirectory.java:analyzeStorage(260)) - The storage directory /github/workspace/mnt/ozone/hadoop-ozone/integration-test/target/test-dir/MiniOzoneClusterImpl-4d4d8361-1f31-4e15-8531-152295c781bb/datanode-4/data/ratis/28155338-0ecd-4a03-b1b1-f3395db11d06 does not exist. Creating ...
2020-12-23 14:05:43,092 [pool-1044-thread-1] INFO  storage.RaftStorageDirectory (RaftStorageDirectory.java:tryLock(342)) - Lock on /github/workspace/mnt/ozone/hadoop-ozone/integration-test/target/test-dir/MiniOzoneClusterImpl-4d4d8361-1f31-4e15-8531-152295c781bb/datanode-4/data/ratis/28155338-0ecd-4a03-b1b1-f3395db11d06/in_use.lock acquired by nodename 18715@8eef00ac434c
2020-12-23 14:05:43,093 [pool-1044-thread-1] INFO  storage.RaftStorage (RaftStorage.java:format(89)) - Storage directory /github/workspace/mnt/ozone/hadoop-ozone/integration-test/target/test-dir/MiniOzoneClusterImpl-4d4d8361-1f31-4e15-8531-152295c781bb/datanode-4/data/ratis/28155338-0ecd-4a03-b1b1-f3395db11d06 has been successfully formatted.
2020-12-23 14:05:43,093 [pool-1044-thread-1] INFO  ratis.ContainerStateMachine (ContainerStateMachine.java:loadSnapshot(223)) - group-F3395DB11D06: The snapshot info is null. Setting the last applied indexto:(t:0, i:~)
2020-12-23 14:05:43,093 [pool-1044-thread-1] ERROR storage.RaftStorage (RaftStorage.java:readRaftConfiguration(152)) - Failed reading configuration from file:/github/workspace/mnt/ozone/hadoop-ozone/integration-test/target/test-dir/MiniOzoneClusterImpl-4d4d8361-1f31-4e15-8531-152295c781bb/datanode-4/data/ratis/28155338-0ecd-4a03-b1b1-f3395db11d06/current/raft-meta.conf
java.io.FileNotFoundException: /github/workspace/mnt/ozone/hadoop-ozone/integration-test/target/test-dir/MiniOzoneClusterImpl-4d4d8361-1f31-4e15-8531-152295c781bb/datanode-4/data/ratis/28155338-0ecd-4a03-b1b1-f3395db11d06/current/raft-meta.conf (No such file or directory)
	at java.io.FileInputStream.open0(Native Method)
	at java.io.FileInputStream.open(FileInputStream.java:195)
	at java.io.FileInputStream.<init>(FileInputStream.java:138)
	at org.apache.ratis.server.storage.RaftStorage.readRaftConfiguration(RaftStorage.java:148)
	at org.apache.ratis.server.impl.ServerState.initStatemachine(ServerState.java:167)
	at org.apache.ratis.server.impl.ServerState.<init>(ServerState.java:112)
	at org.apache.ratis.server.impl.RaftServerImpl.<init>(RaftServerImpl.java:186)
	at org.apache.ratis.server.impl.RaftServerProxy.lambda$newRaftServerImpl$4(RaftServerProxy.java:264)
	at java.util.concurrent.CompletableFuture$AsyncSupply.run(CompletableFuture.java:1604)
	at java.util.concurrent.ThreadPoolExecutor.runWorker(ThreadPoolExecutor.java:1149)
	at java.util.concurrent.ThreadPoolExecutor$Worker.run(ThreadPoolExecutor.java:624)
	at java.lang.Thread.run(Thread.java:748)
2020-12-23 14:05:43,093 [pool-1044-thread-1] INFO  server.RaftServerConfigKeys (ConfUtils.java:logGet(44)) - raft.server.notification.no-leader.timeout = 300s (custom)
2020-12-23 14:05:43,093 [pool-1044-thread-1] INFO  server.RaftServerConfigKeys (ConfUtils.java:logGet(44)) - raft.server.log.use.memory = false (default)
2020-12-23 14:05:43,093 [pool-1044-thread-1] INFO  server.RaftServerConfigKeys (ConfUtils.java:logGet(44)) - raft.server.log.purge.gap = 1000000 (custom)
2020-12-23 14:05:43,093 [pool-1044-thread-1] INFO  metrics.RatisMetrics (RatisMetrics.java:lambda$create$0(36)) - Creating Metrics Registry : ratis.log_worker.132632b1-c99d-4d56-baf0-ebc6ad7ec851@group-F3395DB11D06
2020-12-23 14:05:43,094 [pool-1044-thread-1] INFO  server.RaftServerConfigKeys (ConfUtils.java:logGet(44)) - raft.server.log.appender.buffer.byte-limit = 33554432 (custom)
2020-12-23 14:05:43,094 [pool-1044-thread-1] INFO  server.RaftServerConfigKeys (ConfUtils.java:logGet(44)) - raft.server.log.segment.size.max = 1048576 (custom)
2020-12-23 14:05:43,094 [EventQueue-PipelineReportForPipelineReportHandler] INFO  pipeline.PipelineStateManager (PipelineStateManager.java:openPipeline(132)) - Pipeline Pipeline[ Id: 28155338-0ecd-4a03-b1b1-f3395db11d06, Nodes: 132632b1-c99d-4d56-baf0-ebc6ad7ec851{ip: 172.17.0.2, host: 8eef00ac434c, networkLocation: /default-rack, certSerialId: null, persistedOpState: IN_SERVICE, persistedOpStateExpiryEpochSec: 0}, Type:RATIS, Factor:ONE, State:ALLOCATED, leaderId:132632b1-c99d-4d56-baf0-ebc6ad7ec851, CreationTimestamp2020-12-23T14:05:40.089Z] moved to OPEN state
2020-12-23 14:05:43,094 [EventQueue-PipelineReportForOneReplicaPipelineSafeModeRule] INFO  safemode.SCMSafeModeManager (SCMSafeModeManager.java:validateSafeModeExitRules(214)) - AtleastOneDatanodeReportedRule rule is successfully validated
2020-12-23 14:05:43,094 [EventQueue-OpenPipelineForHealthyPipelineSafeModeRule] INFO  safemode.SCMSafeModeManager (HealthyPipelineSafeModeRule.java:process(128)) - SCM in safe mode. Healthy pipelines reported count is 0, required healthy pipeline reported count is 1
2020-12-23 14:05:43,095 [pool-1044-thread-1] INFO  server.RaftServerConfigKeys (ConfUtils.java:logGet(44)) - raft.server.log.segment.cache.num.max = 2 (custom)
2020-12-23 14:05:43,095 [pool-1044-thread-1] INFO  server.RaftServerConfigKeys (ConfUtils.java:logGet(44)) - raft.server.log.segment.cache.size.max = 200MB (=209715200) (default)
2020-12-23 14:05:43,095 [pool-1044-thread-1] INFO  segmented.SegmentedRaftLogWorker (SegmentedRaftLogWorker.java:<init>(181)) - new 132632b1-c99d-4d56-baf0-ebc6ad7ec851@group-F3395DB11D06-SegmentedRaftLogWorker for RaftStorage:Storage Directory /github/workspace/mnt/ozone/hadoop-ozone/integration-test/target/test-dir/MiniOzoneClusterImpl-4d4d8361-1f31-4e15-8531-152295c781bb/datanode-4/data/ratis/28155338-0ecd-4a03-b1b1-f3395db11d06
2020-12-23 14:05:43,095 [pool-1044-thread-1] INFO  server.RaftServerConfigKeys (ConfUtils.java:logGet(44)) - raft.server.log.queue.byte-limit = 2147483647 (custom)
2020-12-23 14:05:43,095 [pool-1044-thread-1] INFO  server.RaftServerConfigKeys (ConfUtils.java:logGet(44)) - raft.server.log.queue.element-limit = 1024 (custom)
2020-12-23 14:05:43,095 [pool-1044-thread-1] INFO  server.RaftServerConfigKeys (ConfUtils.java:logGet(44)) - raft.server.log.segment.size.max = 1048576 (custom)
2020-12-23 14:05:43,095 [pool-1044-thread-1] INFO  server.RaftServerConfigKeys (ConfUtils.java:logGet(44)) - raft.server.log.preallocated.size = 16384 (custom)
2020-12-23 14:05:43,095 [pool-1044-thread-1] INFO  server.RaftServerConfigKeys (ConfUtils.java:logGet(44)) - raft.server.log.force.sync.num = 128 (default)
2020-12-23 14:05:43,095 [pool-1044-thread-1] INFO  server.RaftServerConfigKeys (ConfUtils.java:logGet(44)) - raft.server.log.statemachine.data.sync = true (default)
2020-12-23 14:05:43,095 [pool-1044-thread-1] INFO  server.RaftServerConfigKeys (ConfUtils.java:logGet(44)) - raft.server.log.statemachine.data.sync.timeout = 10s (default)
2020-12-23 14:05:43,095 [pool-1044-thread-1] INFO  server.RaftServerConfigKeys (ConfUtils.java:logGet(44)) - raft.server.log.statemachine.data.sync.timeout.retry = -1 (default)
2020-12-23 14:05:43,097 [pool-1044-thread-1] INFO  server.RaftServerConfigKeys (ConfUtils.java:logGet(44)) - raft.server.log.write.buffer.size = 1048576 (custom)
2020-12-23 14:05:43,098 [pool-1044-thread-1] INFO  server.RaftServerConfigKeys (ConfUtils.java:logGet(44)) - raft.server.log.statemachine.data.caching.enabled = true (custom)
2020-12-23 14:05:43,098 [pool-1044-thread-1] INFO  segmented.SegmentedRaftLogWorker (SegmentedRaftLogWorker.java:lambda$new$0(132)) - 132632b1-c99d-4d56-baf0-ebc6ad7ec851@group-F3395DB11D06-SegmentedRaftLogWorker: flushIndex: setUnconditionally 0 -> -1
2020-12-23 14:05:43,098 [pool-1044-thread-1] INFO  segmented.SegmentedRaftLogWorker (SegmentedRaftLogWorker.java:lambda$new$0(132)) - 132632b1-c99d-4d56-baf0-ebc6ad7ec851@group-F3395DB11D06-SegmentedRaftLogWorker: safeCacheEvictIndex: setUnconditionally 0 -> -1
2020-12-23 14:05:43,098 [pool-1044-thread-1] INFO  server.RaftServerConfigKeys (ConfUtils.java:logGet(44)) - raft.server.snapshot.auto.trigger.enabled = true (custom)
2020-12-23 14:05:43,098 [pool-1044-thread-1] INFO  server.RaftServerConfigKeys (ConfUtils.java:logGet(44)) - raft.server.snapshot.auto.trigger.threshold = 10000 (custom)
2020-12-23 14:05:43,098 [pool-1044-thread-1] INFO  server.RaftServerConfigKeys (ConfUtils.java:logGet(44)) - raft.server.snapshot.retention.file.num = 5 (custom)
2020-12-23 14:05:43,098 [pool-1044-thread-1] INFO  server.RaftServerConfigKeys (ConfUtils.java:logGet(44)) - raft.server.log.purge.upto.snapshot.index = false (default)
2020-12-23 14:05:43,098 [pool-1044-thread-1] INFO  server.RaftServerConfigKeys (ConfUtils.java:logGet(44)) - raft.server.retrycache.expirytime = 600000ms (custom)
2020-12-23 14:05:43,098 [pool-1044-thread-1] INFO  server.RaftServerConfigKeys (ConfUtils.java:logGet(44)) - raft.server.retrycache.statistics.expirytime = 100?s (default)
2020-12-23 14:05:43,098 [pool-1044-thread-1] INFO  metrics.RatisMetrics (RatisMetrics.java:lambda$create$0(36)) - Creating Metrics Registry : ratis.leader_election.132632b1-c99d-4d56-baf0-ebc6ad7ec851@group-F3395DB11D06
2020-12-23 14:05:43,099 [pool-1044-thread-1] INFO  metrics.RatisMetrics (RatisMetrics.java:lambda$create$0(36)) - Creating Metrics Registry : ratis.server.132632b1-c99d-4d56-baf0-ebc6ad7ec851@group-F3395DB11D06
2020-12-23 14:05:43,101 [pool-1044-thread-1] INFO  server.RaftServer$Division (RaftServerImpl.java:start(286)) - 132632b1-c99d-4d56-baf0-ebc6ad7ec851@group-F3395DB11D06: start as a follower, conf=-1: [132632b1-c99d-4d56-baf0-ebc6ad7ec851|rpc:172.17.0.2:43673], old=null
2020-12-23 14:05:43,101 [pool-1044-thread-1] INFO  server.RaftServer$Division (RaftServerImpl.java:setRole(275)) - 132632b1-c99d-4d56-baf0-ebc6ad7ec851@group-F3395DB11D06: changes role from      null to FOLLOWER at term 0 for startAsFollower
2020-12-23 14:05:43,101 [pool-1044-thread-1] INFO  impl.RoleInfo (RoleInfo.java:updateAndGet(130)) - 132632b1-c99d-4d56-baf0-ebc6ad7ec851: start 132632b1-c99d-4d56-baf0-ebc6ad7ec851@group-F3395DB11D06-FollowerState
2020-12-23 14:05:43,101 [pool-1044-thread-1] INFO  util.JmxRegister (JmxRegister.java:tryRegister(44)) - Successfully registered JMX Bean with object name Ratis:service=RaftServer,group=group-F3395DB11D06,id=132632b1-c99d-4d56-baf0-ebc6ad7ec851
2020-12-23 14:05:43,102 [pool-1044-thread-1] INFO  metrics.RatisMetrics (RatisMetrics.java:lambda$create$0(36)) - Creating Metrics Registry : ratis.state_machine.132632b1-c99d-4d56-baf0-ebc6ad7ec851@group-F3395DB11D06
2020-12-23 14:05:43,105 [Command processor thread] INFO  commandhandler.CreatePipelineCommandHandler (CreatePipelineCommandHandler.java:handle(106)) - Created Pipeline RATIS ONE PipelineID=28155338-0ecd-4a03-b1b1-f3395db11d06.
2020-12-23 14:05:43,244 [EventQueue-PipelineReportForOneReplicaPipelineSafeModeRule] INFO  safemode.SCMSafeModeManager (SCMSafeModeManager.java:validateSafeModeExitRules(214)) - AtleastOneDatanodeReportedRule rule is successfully validated
2020-12-23 14:05:43,245 [EventQueue-OpenPipelineForHealthyPipelineSafeModeRule] INFO  safemode.SCMSafeModeManager (HealthyPipelineSafeModeRule.java:process(128)) - SCM in safe mode. Healthy pipelines reported count is 0, required healthy pipeline reported count is 1
2020-12-23 14:05:43,395 [Command processor thread] INFO  server.RaftServer (RaftServerProxy.java:addNew(93)) - cc79f115-dbdb-4899-88c3-1d2dbee4d898: addNew group-C9CC3117B1ED:[cc79f115-dbdb-4899-88c3-1d2dbee4d898|rpc:172.17.0.2:35113] returns group-C9CC3117B1ED:java.util.concurrent.CompletableFuture@3ecedaa0[Not completed]
2020-12-23 14:05:43,396 [pool-1060-thread-1] INFO  server.RaftServer$Division (RaftServerImpl.java:<init>(173)) - cc79f115-dbdb-4899-88c3-1d2dbee4d898: new RaftServerImpl for group-C9CC3117B1ED:[cc79f115-dbdb-4899-88c3-1d2dbee4d898|rpc:172.17.0.2:35113] with ContainerStateMachine:uninitialized
2020-12-23 14:05:43,396 [pool-1060-thread-1] INFO  server.RaftServerConfigKeys (ConfUtils.java:logGet(44)) - raft.server.rpc.timeout.min = 5s (custom)
2020-12-23 14:05:43,396 [pool-1060-thread-1] INFO  server.RaftServerConfigKeys (ConfUtils.java:logGet(44)) - raft.server.rpc.timeout.max = 5200ms (custom)
2020-12-23 14:05:43,396 [pool-1060-thread-1] INFO  server.RaftServerConfigKeys (ConfUtils.java:logGet(44)) - raft.server.rpc.sleep.time = 25ms (default)
2020-12-23 14:05:43,396 [pool-1060-thread-1] INFO  server.RaftServerConfigKeys (ConfUtils.java:logGet(44)) - raft.server.rpc.slowness.timeout = 300s (custom)
2020-12-23 14:05:43,396 [pool-1060-thread-1] INFO  server.RaftServerConfigKeys (ConfUtils.java:logGet(44)) - raft.server.leaderelection.leader.step-down.wait-time = 10s (default)
2020-12-23 14:05:43,396 [pool-1060-thread-1] INFO  server.RaftServerConfigKeys (ConfUtils.java:logGet(44)) - raft.server.sleep.deviation.threshold = 300ms (default)
2020-12-23 14:05:43,396 [pool-1060-thread-1] INFO  server.RaftServerConfigKeys (ConfUtils.java:logGet(44)) - raft.server.log.appender.install.snapshot.enabled = false (custom)
2020-12-23 14:05:43,396 [pool-1060-thread-1] INFO  server.RaftServer$Division (ServerState.java:<init>(104)) - cc79f115-dbdb-4899-88c3-1d2dbee4d898@group-C9CC3117B1ED: ConfigurationManager, init=-1: [cc79f115-dbdb-4899-88c3-1d2dbee4d898|rpc:172.17.0.2:35113], old=null, confs=<EMPTY_MAP>
2020-12-23 14:05:43,396 [pool-1060-thread-1] INFO  server.RaftServerConfigKeys (ConfUtils.java:logGet(44)) - raft.server.storage.dir = [/github/workspace/mnt/ozone/hadoop-ozone/integration-test/target/test-dir/MiniOzoneClusterImpl-4d4d8361-1f31-4e15-8531-152295c781bb/datanode-5/data/ratis] (custom)
2020-12-23 14:05:43,397 [pool-1060-thread-1] INFO  server.RaftServerConfigKeys (ConfUtils.java:logGet(44)) - raft.server.log.corruption.policy = EXCEPTION (default)
2020-12-23 14:05:43,397 [pool-1060-thread-1] INFO  storage.RaftStorageDirectory (RaftStorageDirectory.java:analyzeStorage(260)) - The storage directory /github/workspace/mnt/ozone/hadoop-ozone/integration-test/target/test-dir/MiniOzoneClusterImpl-4d4d8361-1f31-4e15-8531-152295c781bb/datanode-5/data/ratis/6f103dfe-c761-483a-81e1-c9cc3117b1ed does not exist. Creating ...
2020-12-23 14:05:43,398 [pool-1060-thread-1] INFO  storage.RaftStorageDirectory (RaftStorageDirectory.java:tryLock(342)) - Lock on /github/workspace/mnt/ozone/hadoop-ozone/integration-test/target/test-dir/MiniOzoneClusterImpl-4d4d8361-1f31-4e15-8531-152295c781bb/datanode-5/data/ratis/6f103dfe-c761-483a-81e1-c9cc3117b1ed/in_use.lock acquired by nodename 18715@8eef00ac434c
2020-12-23 14:05:43,398 [Listener at 127.0.0.1/39909] INFO  ozone.MiniOzoneClusterImpl (MiniOzoneClusterImpl.java:lambda$waitForClusterToBeReady$0(178)) - Nodes are ready. Got 6 of 6 DN Heartbeats.
2020-12-23 14:05:43,398 [Listener at 127.0.0.1/39909] INFO  ozone.MiniOzoneClusterImpl (MiniOzoneClusterImpl.java:lambda$waitForClusterToBeReady$0(181)) - Waiting for cluster to exit safe mode
2020-12-23 14:05:43,399 [pool-1060-thread-1] INFO  storage.RaftStorage (RaftStorage.java:format(89)) - Storage directory /github/workspace/mnt/ozone/hadoop-ozone/integration-test/target/test-dir/MiniOzoneClusterImpl-4d4d8361-1f31-4e15-8531-152295c781bb/datanode-5/data/ratis/6f103dfe-c761-483a-81e1-c9cc3117b1ed has been successfully formatted.
2020-12-23 14:05:43,399 [pool-1060-thread-1] INFO  ratis.ContainerStateMachine (ContainerStateMachine.java:loadSnapshot(223)) - group-C9CC3117B1ED: The snapshot info is null. Setting the last applied indexto:(t:0, i:~)
2020-12-23 14:05:43,399 [pool-1060-thread-1] ERROR storage.RaftStorage (RaftStorage.java:readRaftConfiguration(152)) - Failed reading configuration from file:/github/workspace/mnt/ozone/hadoop-ozone/integration-test/target/test-dir/MiniOzoneClusterImpl-4d4d8361-1f31-4e15-8531-152295c781bb/datanode-5/data/ratis/6f103dfe-c761-483a-81e1-c9cc3117b1ed/current/raft-meta.conf
java.io.FileNotFoundException: /github/workspace/mnt/ozone/hadoop-ozone/integration-test/target/test-dir/MiniOzoneClusterImpl-4d4d8361-1f31-4e15-8531-152295c781bb/datanode-5/data/ratis/6f103dfe-c761-483a-81e1-c9cc3117b1ed/current/raft-meta.conf (No such file or directory)
	at java.io.FileInputStream.open0(Native Method)
	at java.io.FileInputStream.open(FileInputStream.java:195)
	at java.io.FileInputStream.<init>(FileInputStream.java:138)
	at org.apache.ratis.server.storage.RaftStorage.readRaftConfiguration(RaftStorage.java:148)
	at org.apache.ratis.server.impl.ServerState.initStatemachine(ServerState.java:167)
	at org.apache.ratis.server.impl.ServerState.<init>(ServerState.java:112)
	at org.apache.ratis.server.impl.RaftServerImpl.<init>(RaftServerImpl.java:186)
	at org.apache.ratis.server.impl.RaftServerProxy.lambda$newRaftServerImpl$4(RaftServerProxy.java:264)
	at java.util.concurrent.CompletableFuture$AsyncSupply.run(CompletableFuture.java:1604)
	at java.util.concurrent.ThreadPoolExecutor.runWorker(ThreadPoolExecutor.java:1149)
	at java.util.concurrent.ThreadPoolExecutor$Worker.run(ThreadPoolExecutor.java:624)
	at java.lang.Thread.run(Thread.java:748)
2020-12-23 14:05:43,400 [pool-1060-thread-1] INFO  server.RaftServerConfigKeys (ConfUtils.java:logGet(44)) - raft.server.notification.no-leader.timeout = 300s (custom)
2020-12-23 14:05:43,400 [EventQueue-PipelineReportForOneReplicaPipelineSafeModeRule] INFO  safemode.SCMSafeModeManager (SCMSafeModeManager.java:validateSafeModeExitRules(214)) - AtleastOneDatanodeReportedRule rule is successfully validated
2020-12-23 14:05:43,400 [pool-1060-thread-1] INFO  server.RaftServerConfigKeys (ConfUtils.java:logGet(44)) - raft.server.log.use.memory = false (default)
2020-12-23 14:05:43,400 [EventQueue-PipelineReportForPipelineReportHandler] INFO  pipeline.PipelineStateManager (PipelineStateManager.java:openPipeline(132)) - Pipeline Pipeline[ Id: 6f103dfe-c761-483a-81e1-c9cc3117b1ed, Nodes: cc79f115-dbdb-4899-88c3-1d2dbee4d898{ip: 172.17.0.2, host: 8eef00ac434c, networkLocation: /default-rack, certSerialId: null, persistedOpState: IN_SERVICE, persistedOpStateExpiryEpochSec: 0}, Type:RATIS, Factor:ONE, State:ALLOCATED, leaderId:cc79f115-dbdb-4899-88c3-1d2dbee4d898, CreationTimestamp2020-12-23T14:05:40.396Z] moved to OPEN state
2020-12-23 14:05:43,401 [EventQueue-OpenPipelineForHealthyPipelineSafeModeRule] INFO  safemode.SCMSafeModeManager (HealthyPipelineSafeModeRule.java:process(128)) - SCM in safe mode. Healthy pipelines reported count is 0, required healthy pipeline reported count is 1
2020-12-23 14:05:43,400 [pool-1060-thread-1] INFO  server.RaftServerConfigKeys (ConfUtils.java:logGet(44)) - raft.server.log.purge.gap = 1000000 (custom)
2020-12-23 14:05:43,401 [pool-1060-thread-1] INFO  metrics.RatisMetrics (RatisMetrics.java:lambda$create$0(36)) - Creating Metrics Registry : ratis.log_worker.cc79f115-dbdb-4899-88c3-1d2dbee4d898@group-C9CC3117B1ED
2020-12-23 14:05:43,401 [pool-1060-thread-1] INFO  server.RaftServerConfigKeys (ConfUtils.java:logGet(44)) - raft.server.log.appender.buffer.byte-limit = 33554432 (custom)
2020-12-23 14:05:43,401 [pool-1060-thread-1] INFO  server.RaftServerConfigKeys (ConfUtils.java:logGet(44)) - raft.server.log.segment.size.max = 1048576 (custom)
2020-12-23 14:05:43,402 [pool-1060-thread-1] INFO  server.RaftServerConfigKeys (ConfUtils.java:logGet(44)) - raft.server.log.segment.cache.num.max = 2 (custom)
2020-12-23 14:05:43,402 [pool-1060-thread-1] INFO  server.RaftServerConfigKeys (ConfUtils.java:logGet(44)) - raft.server.log.segment.cache.size.max = 200MB (=209715200) (default)
2020-12-23 14:05:43,402 [pool-1060-thread-1] INFO  segmented.SegmentedRaftLogWorker (SegmentedRaftLogWorker.java:<init>(181)) - new cc79f115-dbdb-4899-88c3-1d2dbee4d898@group-C9CC3117B1ED-SegmentedRaftLogWorker for RaftStorage:Storage Directory /github/workspace/mnt/ozone/hadoop-ozone/integration-test/target/test-dir/MiniOzoneClusterImpl-4d4d8361-1f31-4e15-8531-152295c781bb/datanode-5/data/ratis/6f103dfe-c761-483a-81e1-c9cc3117b1ed
2020-12-23 14:05:43,402 [pool-1060-thread-1] INFO  server.RaftServerConfigKeys (ConfUtils.java:logGet(44)) - raft.server.log.queue.byte-limit = 2147483647 (custom)
2020-12-23 14:05:43,402 [pool-1060-thread-1] INFO  server.RaftServerConfigKeys (ConfUtils.java:logGet(44)) - raft.server.log.queue.element-limit = 1024 (custom)
2020-12-23 14:05:43,402 [pool-1060-thread-1] INFO  server.RaftServerConfigKeys (ConfUtils.java:logGet(44)) - raft.server.log.segment.size.max = 1048576 (custom)
2020-12-23 14:05:43,402 [pool-1060-thread-1] INFO  server.RaftServerConfigKeys (ConfUtils.java:logGet(44)) - raft.server.log.preallocated.size = 16384 (custom)
2020-12-23 14:05:43,402 [pool-1060-thread-1] INFO  server.RaftServerConfigKeys (ConfUtils.java:logGet(44)) - raft.server.log.force.sync.num = 128 (default)
2020-12-23 14:05:43,402 [pool-1060-thread-1] INFO  server.RaftServerConfigKeys (ConfUtils.java:logGet(44)) - raft.server.log.statemachine.data.sync = true (default)
2020-12-23 14:05:43,402 [pool-1060-thread-1] INFO  server.RaftServerConfigKeys (ConfUtils.java:logGet(44)) - raft.server.log.statemachine.data.sync.timeout = 10s (default)
2020-12-23 14:05:43,402 [pool-1060-thread-1] INFO  server.RaftServerConfigKeys (ConfUtils.java:logGet(44)) - raft.server.log.statemachine.data.sync.timeout.retry = -1 (default)
2020-12-23 14:05:43,404 [pool-1060-thread-1] INFO  server.RaftServerConfigKeys (ConfUtils.java:logGet(44)) - raft.server.log.write.buffer.size = 1048576 (custom)
2020-12-23 14:05:43,404 [pool-1060-thread-1] INFO  server.RaftServerConfigKeys (ConfUtils.java:logGet(44)) - raft.server.log.statemachine.data.caching.enabled = true (custom)
2020-12-23 14:05:43,404 [pool-1060-thread-1] INFO  segmented.SegmentedRaftLogWorker (SegmentedRaftLogWorker.java:lambda$new$0(132)) - cc79f115-dbdb-4899-88c3-1d2dbee4d898@group-C9CC3117B1ED-SegmentedRaftLogWorker: flushIndex: setUnconditionally 0 -> -1
2020-12-23 14:05:43,405 [pool-1060-thread-1] INFO  segmented.SegmentedRaftLogWorker (SegmentedRaftLogWorker.java:lambda$new$0(132)) - cc79f115-dbdb-4899-88c3-1d2dbee4d898@group-C9CC3117B1ED-SegmentedRaftLogWorker: safeCacheEvictIndex: setUnconditionally 0 -> -1
2020-12-23 14:05:43,405 [pool-1060-thread-1] INFO  server.RaftServerConfigKeys (ConfUtils.java:logGet(44)) - raft.server.snapshot.auto.trigger.enabled = true (custom)
2020-12-23 14:05:43,405 [pool-1060-thread-1] INFO  server.RaftServerConfigKeys (ConfUtils.java:logGet(44)) - raft.server.snapshot.auto.trigger.threshold = 10000 (custom)
2020-12-23 14:05:43,405 [pool-1060-thread-1] INFO  server.RaftServerConfigKeys (ConfUtils.java:logGet(44)) - raft.server.snapshot.retention.file.num = 5 (custom)
2020-12-23 14:05:43,405 [pool-1060-thread-1] INFO  server.RaftServerConfigKeys (ConfUtils.java:logGet(44)) - raft.server.log.purge.upto.snapshot.index = false (default)
2020-12-23 14:05:43,405 [pool-1060-thread-1] INFO  server.RaftServerConfigKeys (ConfUtils.java:logGet(44)) - raft.server.retrycache.expirytime = 600000ms (custom)
2020-12-23 14:05:43,405 [pool-1060-thread-1] INFO  server.RaftServerConfigKeys (ConfUtils.java:logGet(44)) - raft.server.retrycache.statistics.expirytime = 100?s (default)
2020-12-23 14:05:43,405 [pool-1060-thread-1] INFO  metrics.RatisMetrics (RatisMetrics.java:lambda$create$0(36)) - Creating Metrics Registry : ratis.leader_election.cc79f115-dbdb-4899-88c3-1d2dbee4d898@group-C9CC3117B1ED
2020-12-23 14:05:43,406 [pool-1060-thread-1] INFO  metrics.RatisMetrics (RatisMetrics.java:lambda$create$0(36)) - Creating Metrics Registry : ratis.server.cc79f115-dbdb-4899-88c3-1d2dbee4d898@group-C9CC3117B1ED
2020-12-23 14:05:43,408 [pool-1060-thread-1] INFO  server.RaftServer$Division (RaftServerImpl.java:start(286)) - cc79f115-dbdb-4899-88c3-1d2dbee4d898@group-C9CC3117B1ED: start as a follower, conf=-1: [cc79f115-dbdb-4899-88c3-1d2dbee4d898|rpc:172.17.0.2:35113], old=null
2020-12-23 14:05:43,408 [pool-1060-thread-1] INFO  server.RaftServer$Division (RaftServerImpl.java:setRole(275)) - cc79f115-dbdb-4899-88c3-1d2dbee4d898@group-C9CC3117B1ED: changes role from      null to FOLLOWER at term 0 for startAsFollower
2020-12-23 14:05:43,408 [pool-1060-thread-1] INFO  impl.RoleInfo (RoleInfo.java:updateAndGet(130)) - cc79f115-dbdb-4899-88c3-1d2dbee4d898: start cc79f115-dbdb-4899-88c3-1d2dbee4d898@group-C9CC3117B1ED-FollowerState
2020-12-23 14:05:43,408 [pool-1060-thread-1] INFO  util.JmxRegister (JmxRegister.java:tryRegister(44)) - Successfully registered JMX Bean with object name Ratis:service=RaftServer,group=group-C9CC3117B1ED,id=cc79f115-dbdb-4899-88c3-1d2dbee4d898
2020-12-23 14:05:43,408 [pool-1060-thread-1] INFO  metrics.RatisMetrics (RatisMetrics.java:lambda$create$0(36)) - Creating Metrics Registry : ratis.state_machine.cc79f115-dbdb-4899-88c3-1d2dbee4d898@group-C9CC3117B1ED
2020-12-23 14:05:43,409 [Command processor thread] INFO  commandhandler.CreatePipelineCommandHandler (CreatePipelineCommandHandler.java:handle(106)) - Created Pipeline RATIS ONE PipelineID=6f103dfe-c761-483a-81e1-c9cc3117b1ed.
2020-12-23 14:05:43,443 [EventQueue-PipelineReportForOneReplicaPipelineSafeModeRule] INFO  safemode.SCMSafeModeManager (SCMSafeModeManager.java:validateSafeModeExitRules(214)) - AtleastOneDatanodeReportedRule rule is successfully validated
2020-12-23 14:05:43,443 [EventQueue-OpenPipelineForHealthyPipelineSafeModeRule] INFO  safemode.SCMSafeModeManager (HealthyPipelineSafeModeRule.java:process(128)) - SCM in safe mode. Healthy pipelines reported count is 0, required healthy pipeline reported count is 1
2020-12-23 14:05:43,668 [EventQueue-PipelineReportForOneReplicaPipelineSafeModeRule] INFO  safemode.SCMSafeModeManager (SCMSafeModeManager.java:validateSafeModeExitRules(214)) - AtleastOneDatanodeReportedRule rule is successfully validated
2020-12-23 14:05:43,668 [EventQueue-OpenPipelineForHealthyPipelineSafeModeRule] INFO  safemode.SCMSafeModeManager (HealthyPipelineSafeModeRule.java:process(128)) - SCM in safe mode. Healthy pipelines reported count is 0, required healthy pipeline reported count is 1
2020-12-23 14:05:43,882 [EventQueue-PipelineReportForOneReplicaPipelineSafeModeRule] INFO  safemode.SCMSafeModeManager (SCMSafeModeManager.java:validateSafeModeExitRules(214)) - AtleastOneDatanodeReportedRule rule is successfully validated
2020-12-23 14:05:43,882 [EventQueue-OpenPipelineForHealthyPipelineSafeModeRule] INFO  safemode.SCMSafeModeManager (HealthyPipelineSafeModeRule.java:process(128)) - SCM in safe mode. Healthy pipelines reported count is 0, required healthy pipeline reported count is 1
2020-12-23 14:05:44,093 [EventQueue-PipelineReportForOneReplicaPipelineSafeModeRule] INFO  safemode.SCMSafeModeManager (SCMSafeModeManager.java:validateSafeModeExitRules(214)) - AtleastOneDatanodeReportedRule rule is successfully validated
2020-12-23 14:05:44,093 [EventQueue-OpenPipelineForHealthyPipelineSafeModeRule] INFO  safemode.SCMSafeModeManager (HealthyPipelineSafeModeRule.java:process(128)) - SCM in safe mode. Healthy pipelines reported count is 0, required healthy pipeline reported count is 1
2020-12-23 14:05:44,245 [EventQueue-PipelineReportForOneReplicaPipelineSafeModeRule] INFO  safemode.SCMSafeModeManager (SCMSafeModeManager.java:validateSafeModeExitRules(214)) - AtleastOneDatanodeReportedRule rule is successfully validated
2020-12-23 14:05:44,245 [EventQueue-OpenPipelineForHealthyPipelineSafeModeRule] INFO  safemode.SCMSafeModeManager (HealthyPipelineSafeModeRule.java:process(128)) - SCM in safe mode. Healthy pipelines reported count is 0, required healthy pipeline reported count is 1
2020-12-23 14:05:44,399 [Listener at 127.0.0.1/39909] INFO  ozone.MiniOzoneClusterImpl (MiniOzoneClusterImpl.java:lambda$waitForClusterToBeReady$0(178)) - Nodes are ready. Got 6 of 6 DN Heartbeats.
2020-12-23 14:05:44,399 [Listener at 127.0.0.1/39909] INFO  ozone.MiniOzoneClusterImpl (MiniOzoneClusterImpl.java:lambda$waitForClusterToBeReady$0(181)) - Waiting for cluster to exit safe mode
2020-12-23 14:05:44,401 [EventQueue-OpenPipelineForHealthyPipelineSafeModeRule] INFO  safemode.SCMSafeModeManager (HealthyPipelineSafeModeRule.java:process(128)) - SCM in safe mode. Healthy pipelines reported count is 0, required healthy pipeline reported count is 1
2020-12-23 14:05:44,401 [EventQueue-PipelineReportForOneReplicaPipelineSafeModeRule] INFO  safemode.SCMSafeModeManager (SCMSafeModeManager.java:validateSafeModeExitRules(214)) - AtleastOneDatanodeReportedRule rule is successfully validated
2020-12-23 14:05:44,443 [EventQueue-PipelineReportForOneReplicaPipelineSafeModeRule] INFO  safemode.SCMSafeModeManager (SCMSafeModeManager.java:validateSafeModeExitRules(214)) - AtleastOneDatanodeReportedRule rule is successfully validated
2020-12-23 14:05:44,444 [EventQueue-OpenPipelineForHealthyPipelineSafeModeRule] INFO  safemode.SCMSafeModeManager (HealthyPipelineSafeModeRule.java:process(128)) - SCM in safe mode. Healthy pipelines reported count is 0, required healthy pipeline reported count is 1
2020-12-23 14:05:44,669 [EventQueue-OpenPipelineForHealthyPipelineSafeModeRule] INFO  safemode.SCMSafeModeManager (HealthyPipelineSafeModeRule.java:process(128)) - SCM in safe mode. Healthy pipelines reported count is 0, required healthy pipeline reported count is 1
2020-12-23 14:05:44,669 [EventQueue-PipelineReportForOneReplicaPipelineSafeModeRule] INFO  safemode.SCMSafeModeManager (SCMSafeModeManager.java:validateSafeModeExitRules(214)) - AtleastOneDatanodeReportedRule rule is successfully validated
2020-12-23 14:05:44,881 [EventQueue-OpenPipelineForHealthyPipelineSafeModeRule] INFO  safemode.SCMSafeModeManager (HealthyPipelineSafeModeRule.java:process(128)) - SCM in safe mode. Healthy pipelines reported count is 0, required healthy pipeline reported count is 1
2020-12-23 14:05:44,881 [EventQueue-PipelineReportForOneReplicaPipelineSafeModeRule] INFO  safemode.SCMSafeModeManager (SCMSafeModeManager.java:validateSafeModeExitRules(214)) - AtleastOneDatanodeReportedRule rule is successfully validated
2020-12-23 14:05:45,094 [EventQueue-PipelineReportForOneReplicaPipelineSafeModeRule] INFO  safemode.SCMSafeModeManager (SCMSafeModeManager.java:validateSafeModeExitRules(214)) - AtleastOneDatanodeReportedRule rule is successfully validated
2020-12-23 14:05:45,094 [EventQueue-OpenPipelineForHealthyPipelineSafeModeRule] INFO  safemode.SCMSafeModeManager (HealthyPipelineSafeModeRule.java:process(128)) - SCM in safe mode. Healthy pipelines reported count is 0, required healthy pipeline reported count is 1
2020-12-23 14:05:45,245 [EventQueue-PipelineReportForOneReplicaPipelineSafeModeRule] INFO  safemode.SCMSafeModeManager (SCMSafeModeManager.java:validateSafeModeExitRules(214)) - AtleastOneDatanodeReportedRule rule is successfully validated
2020-12-23 14:05:45,246 [EventQueue-OpenPipelineForHealthyPipelineSafeModeRule] INFO  safemode.SCMSafeModeManager (HealthyPipelineSafeModeRule.java:process(128)) - SCM in safe mode. Healthy pipelines reported count is 0, required healthy pipeline reported count is 1
2020-12-23 14:05:45,399 [Listener at 127.0.0.1/39909] INFO  ozone.MiniOzoneClusterImpl (MiniOzoneClusterImpl.java:lambda$waitForClusterToBeReady$0(178)) - Nodes are ready. Got 6 of 6 DN Heartbeats.
2020-12-23 14:05:45,399 [Listener at 127.0.0.1/39909] INFO  ozone.MiniOzoneClusterImpl (MiniOzoneClusterImpl.java:lambda$waitForClusterToBeReady$0(181)) - Waiting for cluster to exit safe mode
2020-12-23 14:05:45,401 [EventQueue-PipelineReportForOneReplicaPipelineSafeModeRule] INFO  safemode.SCMSafeModeManager (SCMSafeModeManager.java:validateSafeModeExitRules(214)) - AtleastOneDatanodeReportedRule rule is successfully validated
2020-12-23 14:05:45,401 [EventQueue-OpenPipelineForHealthyPipelineSafeModeRule] INFO  safemode.SCMSafeModeManager (HealthyPipelineSafeModeRule.java:process(128)) - SCM in safe mode. Healthy pipelines reported count is 0, required healthy pipeline reported count is 1
2020-12-23 14:05:45,444 [EventQueue-PipelineReportForOneReplicaPipelineSafeModeRule] INFO  safemode.SCMSafeModeManager (SCMSafeModeManager.java:validateSafeModeExitRules(214)) - AtleastOneDatanodeReportedRule rule is successfully validated
2020-12-23 14:05:45,444 [EventQueue-OpenPipelineForHealthyPipelineSafeModeRule] INFO  safemode.SCMSafeModeManager (HealthyPipelineSafeModeRule.java:process(128)) - SCM in safe mode. Healthy pipelines reported count is 0, required healthy pipeline reported count is 1
2020-12-23 14:05:45,669 [EventQueue-PipelineReportForOneReplicaPipelineSafeModeRule] INFO  safemode.SCMSafeModeManager (SCMSafeModeManager.java:validateSafeModeExitRules(214)) - AtleastOneDatanodeReportedRule rule is successfully validated
2020-12-23 14:05:45,670 [EventQueue-OpenPipelineForHealthyPipelineSafeModeRule] INFO  safemode.SCMSafeModeManager (HealthyPipelineSafeModeRule.java:process(128)) - SCM in safe mode. Healthy pipelines reported count is 0, required healthy pipeline reported count is 1
2020-12-23 14:05:45,881 [EventQueue-PipelineReportForOneReplicaPipelineSafeModeRule] INFO  safemode.SCMSafeModeManager (SCMSafeModeManager.java:validateSafeModeExitRules(214)) - AtleastOneDatanodeReportedRule rule is successfully validated
2020-12-23 14:05:45,882 [EventQueue-OpenPipelineForHealthyPipelineSafeModeRule] INFO  safemode.SCMSafeModeManager (HealthyPipelineSafeModeRule.java:process(128)) - SCM in safe mode. Healthy pipelines reported count is 0, required healthy pipeline reported count is 1
2020-12-23 14:05:46,094 [EventQueue-OpenPipelineForHealthyPipelineSafeModeRule] INFO  safemode.SCMSafeModeManager (HealthyPipelineSafeModeRule.java:process(128)) - SCM in safe mode. Healthy pipelines reported count is 0, required healthy pipeline reported count is 1
2020-12-23 14:05:46,094 [EventQueue-PipelineReportForOneReplicaPipelineSafeModeRule] INFO  safemode.SCMSafeModeManager (SCMSafeModeManager.java:validateSafeModeExitRules(214)) - AtleastOneDatanodeReportedRule rule is successfully validated
2020-12-23 14:05:46,246 [EventQueue-OpenPipelineForHealthyPipelineSafeModeRule] INFO  safemode.SCMSafeModeManager (HealthyPipelineSafeModeRule.java:process(128)) - SCM in safe mode. Healthy pipelines reported count is 0, required healthy pipeline reported count is 1
2020-12-23 14:05:46,246 [EventQueue-PipelineReportForOneReplicaPipelineSafeModeRule] INFO  safemode.SCMSafeModeManager (SCMSafeModeManager.java:validateSafeModeExitRules(214)) - AtleastOneDatanodeReportedRule rule is successfully validated
2020-12-23 14:05:46,400 [Listener at 127.0.0.1/39909] INFO  ozone.MiniOzoneClusterImpl (MiniOzoneClusterImpl.java:lambda$waitForClusterToBeReady$0(178)) - Nodes are ready. Got 6 of 6 DN Heartbeats.
2020-12-23 14:05:46,400 [Listener at 127.0.0.1/39909] INFO  ozone.MiniOzoneClusterImpl (MiniOzoneClusterImpl.java:lambda$waitForClusterToBeReady$0(181)) - Waiting for cluster to exit safe mode
2020-12-23 14:05:46,401 [EventQueue-PipelineReportForOneReplicaPipelineSafeModeRule] INFO  safemode.SCMSafeModeManager (SCMSafeModeManager.java:validateSafeModeExitRules(214)) - AtleastOneDatanodeReportedRule rule is successfully validated
2020-12-23 14:05:46,401 [EventQueue-OpenPipelineForHealthyPipelineSafeModeRule] INFO  safemode.SCMSafeModeManager (HealthyPipelineSafeModeRule.java:process(128)) - SCM in safe mode. Healthy pipelines reported count is 0, required healthy pipeline reported count is 1
2020-12-23 14:05:46,444 [EventQueue-PipelineReportForOneReplicaPipelineSafeModeRule] INFO  safemode.SCMSafeModeManager (SCMSafeModeManager.java:validateSafeModeExitRules(214)) - AtleastOneDatanodeReportedRule rule is successfully validated
2020-12-23 14:05:46,444 [EventQueue-OpenPipelineForHealthyPipelineSafeModeRule] INFO  safemode.SCMSafeModeManager (HealthyPipelineSafeModeRule.java:process(128)) - SCM in safe mode. Healthy pipelines reported count is 0, required healthy pipeline reported count is 1
2020-12-23 14:05:46,669 [EventQueue-OpenPipelineForHealthyPipelineSafeModeRule] INFO  safemode.SCMSafeModeManager (HealthyPipelineSafeModeRule.java:process(128)) - SCM in safe mode. Healthy pipelines reported count is 0, required healthy pipeline reported count is 1
2020-12-23 14:05:46,669 [EventQueue-PipelineReportForOneReplicaPipelineSafeModeRule] INFO  safemode.SCMSafeModeManager (SCMSafeModeManager.java:validateSafeModeExitRules(214)) - AtleastOneDatanodeReportedRule rule is successfully validated
2020-12-23 14:05:46,882 [EventQueue-PipelineReportForOneReplicaPipelineSafeModeRule] INFO  safemode.SCMSafeModeManager (SCMSafeModeManager.java:validateSafeModeExitRules(214)) - AtleastOneDatanodeReportedRule rule is successfully validated
2020-12-23 14:05:46,882 [EventQueue-OpenPipelineForHealthyPipelineSafeModeRule] INFO  safemode.SCMSafeModeManager (HealthyPipelineSafeModeRule.java:process(128)) - SCM in safe mode. Healthy pipelines reported count is 0, required healthy pipeline reported count is 1
2020-12-23 14:05:47,094 [EventQueue-PipelineReportForOneReplicaPipelineSafeModeRule] INFO  safemode.SCMSafeModeManager (SCMSafeModeManager.java:validateSafeModeExitRules(214)) - AtleastOneDatanodeReportedRule rule is successfully validated
2020-12-23 14:05:47,094 [EventQueue-OpenPipelineForHealthyPipelineSafeModeRule] INFO  safemode.SCMSafeModeManager (HealthyPipelineSafeModeRule.java:process(128)) - SCM in safe mode. Healthy pipelines reported count is 0, required healthy pipeline reported count is 1
2020-12-23 14:05:47,246 [EventQueue-PipelineReportForOneReplicaPipelineSafeModeRule] INFO  safemode.SCMSafeModeManager (SCMSafeModeManager.java:validateSafeModeExitRules(214)) - AtleastOneDatanodeReportedRule rule is successfully validated
2020-12-23 14:05:47,246 [EventQueue-OpenPipelineForHealthyPipelineSafeModeRule] INFO  safemode.SCMSafeModeManager (HealthyPipelineSafeModeRule.java:process(128)) - SCM in safe mode. Healthy pipelines reported count is 0, required healthy pipeline reported count is 1
2020-12-23 14:05:47,328 [Thread-3233] INFO  impl.FollowerState (FollowerState.java:run(133)) - 68877139-4f8e-42eb-81b1-3d9b1c196839@group-A3899FD18A33-FollowerState: change to CANDIDATE, lastRpcElapsedTime:5089393748ns, electionTimeout:5089ms
2020-12-23 14:05:47,329 [Thread-3233] INFO  impl.RoleInfo (RoleInfo.java:shutdownFollowerState(108)) - 68877139-4f8e-42eb-81b1-3d9b1c196839: shutdown 68877139-4f8e-42eb-81b1-3d9b1c196839@group-A3899FD18A33-FollowerState
2020-12-23 14:05:47,329 [Thread-3233] INFO  server.RaftServer$Division (RaftServerImpl.java:setRole(275)) - 68877139-4f8e-42eb-81b1-3d9b1c196839@group-A3899FD18A33: changes role from  FOLLOWER to CANDIDATE at term 0 for changeToCandidate
2020-12-23 14:05:47,329 [Thread-3233] INFO  impl.RoleInfo (RoleInfo.java:updateAndGet(130)) - 68877139-4f8e-42eb-81b1-3d9b1c196839: start 68877139-4f8e-42eb-81b1-3d9b1c196839@group-A3899FD18A33-LeaderElection48
2020-12-23 14:05:47,332 [Thread-3235] INFO  impl.FollowerState (FollowerState.java:run(133)) - 68877139-4f8e-42eb-81b1-3d9b1c196839@group-B5B05CE780DE-FollowerState: change to CANDIDATE, lastRpcElapsedTime:5080004113ns, electionTimeout:5079ms
2020-12-23 14:05:47,333 [Thread-3235] INFO  impl.RoleInfo (RoleInfo.java:shutdownFollowerState(108)) - 68877139-4f8e-42eb-81b1-3d9b1c196839: shutdown 68877139-4f8e-42eb-81b1-3d9b1c196839@group-B5B05CE780DE-FollowerState
2020-12-23 14:05:47,333 [Thread-3235] INFO  server.RaftServer$Division (RaftServerImpl.java:setRole(275)) - 68877139-4f8e-42eb-81b1-3d9b1c196839@group-B5B05CE780DE: changes role from  FOLLOWER to CANDIDATE at term 0 for changeToCandidate
2020-12-23 14:05:47,333 [Thread-3235] INFO  impl.RoleInfo (RoleInfo.java:updateAndGet(130)) - 68877139-4f8e-42eb-81b1-3d9b1c196839: start 68877139-4f8e-42eb-81b1-3d9b1c196839@group-B5B05CE780DE-LeaderElection49
2020-12-23 14:05:47,333 [68877139-4f8e-42eb-81b1-3d9b1c196839@group-A3899FD18A33-LeaderElection48] INFO  impl.LeaderElection (LeaderElection.java:askForVotes(219)) - 68877139-4f8e-42eb-81b1-3d9b1c196839@group-A3899FD18A33-LeaderElection48: begin an election at term 1 for -1: [68877139-4f8e-42eb-81b1-3d9b1c196839|rpc:172.17.0.2:33281], old=null
2020-12-23 14:05:47,334 [68877139-4f8e-42eb-81b1-3d9b1c196839@group-A3899FD18A33-LeaderElection48] INFO  impl.RoleInfo (RoleInfo.java:shutdownLeaderElection(121)) - 68877139-4f8e-42eb-81b1-3d9b1c196839: shutdown 68877139-4f8e-42eb-81b1-3d9b1c196839@group-A3899FD18A33-LeaderElection48
2020-12-23 14:05:47,334 [68877139-4f8e-42eb-81b1-3d9b1c196839@group-A3899FD18A33-LeaderElection48] INFO  server.RaftServer$Division (RaftServerImpl.java:setRole(275)) - 68877139-4f8e-42eb-81b1-3d9b1c196839@group-A3899FD18A33: changes role from CANDIDATE to LEADER at term 1 for changeToLeader
2020-12-23 14:05:47,335 [68877139-4f8e-42eb-81b1-3d9b1c196839@group-A3899FD18A33-LeaderElection48] INFO  ratis.XceiverServerRatis (XceiverServerRatis.java:handleLeaderChangedNotification(862)) - Leader change notification received for group: group-A3899FD18A33 with new leaderId: 68877139-4f8e-42eb-81b1-3d9b1c196839
2020-12-23 14:05:47,336 [68877139-4f8e-42eb-81b1-3d9b1c196839@group-A3899FD18A33-LeaderElection48] INFO  server.RaftServer$Division (ServerState.java:setLeader(258)) - 68877139-4f8e-42eb-81b1-3d9b1c196839@group-A3899FD18A33: change Leader from null to 68877139-4f8e-42eb-81b1-3d9b1c196839 at term 1 for becomeLeader, leader elected after 5105ms
2020-12-23 14:05:47,336 [EventQueue-PipelineReportForOneReplicaPipelineSafeModeRule] INFO  safemode.SCMSafeModeManager (SCMSafeModeManager.java:validateSafeModeExitRules(214)) - AtleastOneDatanodeReportedRule rule is successfully validated
2020-12-23 14:05:47,336 [68877139-4f8e-42eb-81b1-3d9b1c196839@group-A3899FD18A33-LeaderElection48] INFO  server.RaftServerConfigKeys (ConfUtils.java:logGet(44)) - raft.server.staging.catchup.gap = 1000 (default)
2020-12-23 14:05:47,337 [68877139-4f8e-42eb-81b1-3d9b1c196839@group-A3899FD18A33-LeaderElection48] INFO  metrics.RatisMetrics (RatisMetrics.java:lambda$create$0(36)) - Creating Metrics Registry : ratis.log_appender.68877139-4f8e-42eb-81b1-3d9b1c196839@group-A3899FD18A33
2020-12-23 14:05:47,337 [EventQueue-OpenPipelineForHealthyPipelineSafeModeRule] INFO  safemode.SCMSafeModeManager (HealthyPipelineSafeModeRule.java:process(128)) - SCM in safe mode. Healthy pipelines reported count is 0, required healthy pipeline reported count is 1
2020-12-23 14:05:47,337 [68877139-4f8e-42eb-81b1-3d9b1c196839@group-A3899FD18A33-LeaderElection48] INFO  server.RaftServerConfigKeys (ConfUtils.java:logGet(44)) - raft.server.write.element-limit = 1024 (custom)
2020-12-23 14:05:47,337 [68877139-4f8e-42eb-81b1-3d9b1c196839@group-A3899FD18A33-LeaderElection48] INFO  server.RaftServerConfigKeys (ConfUtils.java:logGet(44)) - raft.server.write.byte-limit = 1073741824 (custom)
2020-12-23 14:05:47,337 [68877139-4f8e-42eb-81b1-3d9b1c196839@group-A3899FD18A33-LeaderElection48] INFO  server.RaftServerConfigKeys (ConfUtils.java:logGet(44)) - raft.server.watch.timeout = 180s (custom)
2020-12-23 14:05:47,337 [68877139-4f8e-42eb-81b1-3d9b1c196839@group-A3899FD18A33-LeaderElection48] INFO  server.RaftServerConfigKeys (ConfUtils.java:logGet(44)) - raft.server.watch.timeout.denomination = 1s (default)
2020-12-23 14:05:47,338 [68877139-4f8e-42eb-81b1-3d9b1c196839@group-A3899FD18A33-LeaderElection48] INFO  server.RaftServerConfigKeys (ConfUtils.java:logGet(44)) - raft.server.watch.element-limit = 65536 (default)
2020-12-23 14:05:47,338 [68877139-4f8e-42eb-81b1-3d9b1c196839@group-A3899FD18A33-LeaderElection48] INFO  impl.RoleInfo (RoleInfo.java:updateAndGet(130)) - 68877139-4f8e-42eb-81b1-3d9b1c196839: start 68877139-4f8e-42eb-81b1-3d9b1c196839@group-A3899FD18A33-LeaderStateImpl
2020-12-23 14:05:47,338 [68877139-4f8e-42eb-81b1-3d9b1c196839@group-A3899FD18A33-LeaderElection48] INFO  segmented.SegmentedRaftLogWorker (SegmentedRaftLogWorker.java:startLogSegment(392)) - 68877139-4f8e-42eb-81b1-3d9b1c196839@group-A3899FD18A33-SegmentedRaftLogWorker: Starting segment from index:0
2020-12-23 14:05:47,339 [68877139-4f8e-42eb-81b1-3d9b1c196839@group-A3899FD18A33-SegmentedRaftLogWorker] INFO  segmented.SegmentedRaftLogWorker (SegmentedRaftLogWorker.java:execute(599)) - 68877139-4f8e-42eb-81b1-3d9b1c196839@group-A3899FD18A33-SegmentedRaftLogWorker: created new log segment /github/workspace/mnt/ozone/hadoop-ozone/integration-test/target/test-dir/MiniOzoneClusterImpl-4d4d8361-1f31-4e15-8531-152295c781bb/datanode-0/data/ratis/c6bb5c44-651a-471e-8765-a3899fd18a33/current/log_inprogress_0
2020-12-23 14:05:47,339 [68877139-4f8e-42eb-81b1-3d9b1c196839@group-B5B05CE780DE-LeaderElection49] INFO  impl.LeaderElection (LeaderElection.java:askForVotes(219)) - 68877139-4f8e-42eb-81b1-3d9b1c196839@group-B5B05CE780DE-LeaderElection49: begin an election at term 1 for -1: [b1088989-c4df-426b-96dd-e7d1e2f5d3a9|rpc:172.17.0.2:39379, 72ddd1cf-406a-46d1-a670-cde8064896da|rpc:172.17.0.2:36049, 68877139-4f8e-42eb-81b1-3d9b1c196839|rpc:172.17.0.2:33281], old=null
2020-12-23 14:05:47,340 [68877139-4f8e-42eb-81b1-3d9b1c196839@group-A3899FD18A33-LeaderElection48] INFO  server.RaftServer$Division (ServerState.java:setRaftConf(374)) - 68877139-4f8e-42eb-81b1-3d9b1c196839@group-A3899FD18A33: set configuration 0: [68877139-4f8e-42eb-81b1-3d9b1c196839|rpc:172.17.0.2:33281|dataStream:], old=null at 0
2020-12-23 14:05:47,352 [grpc-default-executor-2] INFO  server.RaftServer$Division (RaftServerImpl.java:setRole(275)) - b1088989-c4df-426b-96dd-e7d1e2f5d3a9@group-B5B05CE780DE: changes role from  FOLLOWER to FOLLOWER at term 1 for recognizeCandidate:68877139-4f8e-42eb-81b1-3d9b1c196839
2020-12-23 14:05:47,352 [grpc-default-executor-2] INFO  impl.RoleInfo (RoleInfo.java:shutdownFollowerState(108)) - b1088989-c4df-426b-96dd-e7d1e2f5d3a9: shutdown b1088989-c4df-426b-96dd-e7d1e2f5d3a9@group-B5B05CE780DE-FollowerState
2020-12-23 14:05:47,352 [grpc-default-executor-2] INFO  impl.RoleInfo (RoleInfo.java:updateAndGet(130)) - b1088989-c4df-426b-96dd-e7d1e2f5d3a9: start b1088989-c4df-426b-96dd-e7d1e2f5d3a9@group-B5B05CE780DE-FollowerState
2020-12-23 14:05:47,352 [Thread-3240] INFO  impl.FollowerState (FollowerState.java:run(142)) - b1088989-c4df-426b-96dd-e7d1e2f5d3a9@group-B5B05CE780DE-FollowerState was interrupted: {}
java.lang.InterruptedException: sleep interrupted
	at java.lang.Thread.sleep(Native Method)
	at java.lang.Thread.sleep(Thread.java:340)
	at java.util.concurrent.TimeUnit.sleep(TimeUnit.java:386)
	at org.apache.ratis.util.TimeDuration.sleep(TimeDuration.java:319)
	at org.apache.ratis.util.TimeDuration.sleep(TimeDuration.java:304)
	at org.apache.ratis.server.impl.FollowerState.run(FollowerState.java:117)
2020-12-23 14:05:47,355 [grpc-default-executor-4] INFO  server.RaftServer$Division (RaftServerImpl.java:setRole(275)) - 72ddd1cf-406a-46d1-a670-cde8064896da@group-B5B05CE780DE: changes role from  FOLLOWER to FOLLOWER at term 1 for recognizeCandidate:68877139-4f8e-42eb-81b1-3d9b1c196839
2020-12-23 14:05:47,355 [grpc-default-executor-4] INFO  impl.RoleInfo (RoleInfo.java:shutdownFollowerState(108)) - 72ddd1cf-406a-46d1-a670-cde8064896da: shutdown 72ddd1cf-406a-46d1-a670-cde8064896da@group-B5B05CE780DE-FollowerState
2020-12-23 14:05:47,361 [grpc-default-executor-4] INFO  impl.RoleInfo (RoleInfo.java:updateAndGet(130)) - 72ddd1cf-406a-46d1-a670-cde8064896da: start 72ddd1cf-406a-46d1-a670-cde8064896da@group-B5B05CE780DE-FollowerState
2020-12-23 14:05:47,361 [Thread-3237] INFO  impl.FollowerState (FollowerState.java:run(142)) - 72ddd1cf-406a-46d1-a670-cde8064896da@group-B5B05CE780DE-FollowerState was interrupted: {}
java.lang.InterruptedException: sleep interrupted
	at java.lang.Thread.sleep(Native Method)
	at java.lang.Thread.sleep(Thread.java:340)
	at java.util.concurrent.TimeUnit.sleep(TimeUnit.java:386)
	at org.apache.ratis.util.TimeDuration.sleep(TimeDuration.java:319)
	at org.apache.ratis.util.TimeDuration.sleep(TimeDuration.java:304)
	at org.apache.ratis.server.impl.FollowerState.run(FollowerState.java:117)
2020-12-23 14:05:47,361 [grpc-default-executor-2] INFO  server.RaftServer$Division (RaftServerImpl.java:requestVote(983)) -  FOLLOWER b1088989-c4df-426b-96dd-e7d1e2f5d3a9@group-B5B05CE780DE:t1, leader=null, voted=null, raftlog=b1088989-c4df-426b-96dd-e7d1e2f5d3a9@group-B5B05CE780DE-SegmentedRaftLog:OPENED:c-1,f-1,i0, conf=-1: [b1088989-c4df-426b-96dd-e7d1e2f5d3a9|rpc:172.17.0.2:39379|dataStream:, 72ddd1cf-406a-46d1-a670-cde8064896da|rpc:172.17.0.2:36049|dataStream:, 68877139-4f8e-42eb-81b1-3d9b1c196839|rpc:172.17.0.2:33281|dataStream:], old=null RUNNING priority:0 candidate:68877139-4f8e-42eb-81b1-3d9b1c196839|rpc:172.17.0.2:33281|dataStream: candidatePriority:0 compare:0
2020-12-23 14:05:47,363 [grpc-default-executor-4] INFO  server.RaftServer$Division (RaftServerImpl.java:requestVote(983)) -  FOLLOWER 72ddd1cf-406a-46d1-a670-cde8064896da@group-B5B05CE780DE:t1, leader=null, voted=null, raftlog=72ddd1cf-406a-46d1-a670-cde8064896da@group-B5B05CE780DE-SegmentedRaftLog:OPENED:c-1,f-1,i0, conf=-1: [b1088989-c4df-426b-96dd-e7d1e2f5d3a9|rpc:172.17.0.2:39379|dataStream:, 72ddd1cf-406a-46d1-a670-cde8064896da|rpc:172.17.0.2:36049|dataStream:, 68877139-4f8e-42eb-81b1-3d9b1c196839|rpc:172.17.0.2:33281|dataStream:], old=null RUNNING priority:0 candidate:68877139-4f8e-42eb-81b1-3d9b1c196839|rpc:172.17.0.2:33281|dataStream: candidatePriority:0 compare:0
2020-12-23 14:05:47,366 [68877139-4f8e-42eb-81b1-3d9b1c196839@group-B5B05CE780DE-LeaderElection49] INFO  impl.LeaderElection (LeaderElection.java:logAndReturn(68)) - 68877139-4f8e-42eb-81b1-3d9b1c196839@group-B5B05CE780DE-LeaderElection49: Election PASSED; received 1 response(s) [68877139-4f8e-42eb-81b1-3d9b1c196839<-b1088989-c4df-426b-96dd-e7d1e2f5d3a9#0:OK-t1] and 0 exception(s); 68877139-4f8e-42eb-81b1-3d9b1c196839@group-B5B05CE780DE:t1, leader=null, voted=68877139-4f8e-42eb-81b1-3d9b1c196839, raftlog=68877139-4f8e-42eb-81b1-3d9b1c196839@group-B5B05CE780DE-SegmentedRaftLog:OPENED:c-1,f-1,i0, conf=-1: [b1088989-c4df-426b-96dd-e7d1e2f5d3a9|rpc:172.17.0.2:39379, 72ddd1cf-406a-46d1-a670-cde8064896da|rpc:172.17.0.2:36049, 68877139-4f8e-42eb-81b1-3d9b1c196839|rpc:172.17.0.2:33281], old=null
2020-12-23 14:05:47,366 [68877139-4f8e-42eb-81b1-3d9b1c196839@group-B5B05CE780DE-LeaderElection49] INFO  impl.RoleInfo (RoleInfo.java:shutdownLeaderElection(121)) - 68877139-4f8e-42eb-81b1-3d9b1c196839: shutdown 68877139-4f8e-42eb-81b1-3d9b1c196839@group-B5B05CE780DE-LeaderElection49
2020-12-23 14:05:47,366 [68877139-4f8e-42eb-81b1-3d9b1c196839@group-B5B05CE780DE-LeaderElection49] INFO  server.RaftServer$Division (RaftServerImpl.java:setRole(275)) - 68877139-4f8e-42eb-81b1-3d9b1c196839@group-B5B05CE780DE: changes role from CANDIDATE to LEADER at term 1 for changeToLeader
2020-12-23 14:05:47,366 [68877139-4f8e-42eb-81b1-3d9b1c196839@group-B5B05CE780DE-LeaderElection49] INFO  ratis.XceiverServerRatis (XceiverServerRatis.java:handleLeaderChangedNotification(862)) - Leader change notification received for group: group-B5B05CE780DE with new leaderId: 68877139-4f8e-42eb-81b1-3d9b1c196839
2020-12-23 14:05:47,366 [68877139-4f8e-42eb-81b1-3d9b1c196839@group-B5B05CE780DE-LeaderElection49] INFO  server.RaftServer$Division (ServerState.java:setLeader(258)) - 68877139-4f8e-42eb-81b1-3d9b1c196839@group-B5B05CE780DE: change Leader from null to 68877139-4f8e-42eb-81b1-3d9b1c196839 at term 1 for becomeLeader, leader elected after 5121ms
2020-12-23 14:05:47,366 [68877139-4f8e-42eb-81b1-3d9b1c196839@group-B5B05CE780DE-LeaderElection49] INFO  server.RaftServerConfigKeys (ConfUtils.java:logGet(44)) - raft.server.staging.catchup.gap = 1000 (default)
2020-12-23 14:05:47,366 [68877139-4f8e-42eb-81b1-3d9b1c196839@group-B5B05CE780DE-LeaderElection49] INFO  metrics.RatisMetrics (RatisMetrics.java:lambda$create$0(36)) - Creating Metrics Registry : ratis.log_appender.68877139-4f8e-42eb-81b1-3d9b1c196839@group-B5B05CE780DE
2020-12-23 14:05:47,366 [68877139-4f8e-42eb-81b1-3d9b1c196839@group-B5B05CE780DE-LeaderElection49] INFO  server.RaftServerConfigKeys (ConfUtils.java:logGet(44)) - raft.server.write.element-limit = 1024 (custom)
2020-12-23 14:05:47,366 [68877139-4f8e-42eb-81b1-3d9b1c196839@group-B5B05CE780DE-LeaderElection49] INFO  server.RaftServerConfigKeys (ConfUtils.java:logGet(44)) - raft.server.write.byte-limit = 1073741824 (custom)
2020-12-23 14:05:47,367 [68877139-4f8e-42eb-81b1-3d9b1c196839@group-B5B05CE780DE-LeaderElection49] INFO  server.RaftServerConfigKeys (ConfUtils.java:logGet(44)) - raft.server.watch.timeout = 180s (custom)
2020-12-23 14:05:47,367 [68877139-4f8e-42eb-81b1-3d9b1c196839@group-B5B05CE780DE-LeaderElection49] INFO  server.RaftServerConfigKeys (ConfUtils.java:logGet(44)) - raft.server.watch.timeout.denomination = 1s (default)
2020-12-23 14:05:47,367 [68877139-4f8e-42eb-81b1-3d9b1c196839@group-B5B05CE780DE-LeaderElection49] INFO  server.RaftServerConfigKeys (ConfUtils.java:logGet(44)) - raft.server.watch.element-limit = 65536 (default)
2020-12-23 14:05:47,367 [68877139-4f8e-42eb-81b1-3d9b1c196839@group-B5B05CE780DE-LeaderElection49] INFO  server.RaftServerConfigKeys (ConfUtils.java:logGet(44)) - raft.server.log.appender.snapshot.chunk.size.max = 16MB (=16777216) (default)
2020-12-23 14:05:47,367 [68877139-4f8e-42eb-81b1-3d9b1c196839@group-B5B05CE780DE-LeaderElection49] INFO  server.RaftServerConfigKeys (ConfUtils.java:logGet(44)) - raft.server.log.appender.buffer.byte-limit = 33554432 (custom)
2020-12-23 14:05:47,367 [68877139-4f8e-42eb-81b1-3d9b1c196839@group-B5B05CE780DE-LeaderElection49] INFO  server.RaftServerConfigKeys (ConfUtils.java:logGet(44)) - raft.server.log.appender.buffer.element-limit = 1 (custom)
2020-12-23 14:05:47,367 [68877139-4f8e-42eb-81b1-3d9b1c196839@group-B5B05CE780DE-LeaderElection49] INFO  grpc.GrpcConfigKeys (ConfUtils.java:logGet(44)) - raft.grpc.server.leader.outstanding.appends.max = 128 (default)
2020-12-23 14:05:47,367 [68877139-4f8e-42eb-81b1-3d9b1c196839@group-B5B05CE780DE-LeaderElection49] INFO  server.RaftServerConfigKeys (ConfUtils.java:logGet(44)) - raft.server.rpc.request.timeout = 60s (custom)
2020-12-23 14:05:47,367 [68877139-4f8e-42eb-81b1-3d9b1c196839@group-B5B05CE780DE-LeaderElection49] INFO  server.RaftServerConfigKeys (ConfUtils.java:logGet(44)) - raft.server.log.appender.install.snapshot.enabled = false (custom)
2020-12-23 14:05:47,367 [68877139-4f8e-42eb-81b1-3d9b1c196839@group-B5B05CE780DE-LeaderElection49] INFO  metrics.RatisMetrics (RatisMetrics.java:lambda$create$0(36)) - Creating Metrics Registry : ratis_grpc.log_appender.68877139-4f8e-42eb-81b1-3d9b1c196839@group-B5B05CE780DE
2020-12-23 14:05:47,369 [EventQueue-PipelineReportForOneReplicaPipelineSafeModeRule] INFO  safemode.SCMSafeModeManager (SCMSafeModeManager.java:validateSafeModeExitRules(214)) - AtleastOneDatanodeReportedRule rule is successfully validated
2020-12-23 14:05:47,369 [68877139-4f8e-42eb-81b1-3d9b1c196839@group-B5B05CE780DE-LeaderElection49] INFO  server.RaftServerConfigKeys (ConfUtils.java:logGet(44)) - raft.server.log.appender.snapshot.chunk.size.max = 16MB (=16777216) (default)
2020-12-23 14:05:47,370 [68877139-4f8e-42eb-81b1-3d9b1c196839@group-B5B05CE780DE-LeaderElection49] INFO  server.RaftServerConfigKeys (ConfUtils.java:logGet(44)) - raft.server.log.appender.buffer.byte-limit = 33554432 (custom)
2020-12-23 14:05:47,370 [68877139-4f8e-42eb-81b1-3d9b1c196839@group-B5B05CE780DE-LeaderElection49] INFO  server.RaftServerConfigKeys (ConfUtils.java:logGet(44)) - raft.server.log.appender.buffer.element-limit = 1 (custom)
2020-12-23 14:05:47,370 [68877139-4f8e-42eb-81b1-3d9b1c196839@group-B5B05CE780DE-LeaderElection49] INFO  grpc.GrpcConfigKeys (ConfUtils.java:logGet(44)) - raft.grpc.server.leader.outstanding.appends.max = 128 (default)
2020-12-23 14:05:47,370 [68877139-4f8e-42eb-81b1-3d9b1c196839@group-B5B05CE780DE-LeaderElection49] INFO  server.RaftServerConfigKeys (ConfUtils.java:logGet(44)) - raft.server.rpc.request.timeout = 60s (custom)
2020-12-23 14:05:47,370 [68877139-4f8e-42eb-81b1-3d9b1c196839@group-B5B05CE780DE-LeaderElection49] INFO  server.RaftServerConfigKeys (ConfUtils.java:logGet(44)) - raft.server.log.appender.install.snapshot.enabled = false (custom)
2020-12-23 14:05:47,369 [EventQueue-PipelineReportForPipelineReportHandler] INFO  pipeline.PipelineStateManager (PipelineStateManager.java:openPipeline(132)) - Pipeline Pipeline[ Id: 49d7aabe-f59e-4642-82be-b5b05ce780de, Nodes: 68877139-4f8e-42eb-81b1-3d9b1c196839{ip: 172.17.0.2, host: 8eef00ac434c, networkLocation: /default-rack, certSerialId: null, persistedOpState: IN_SERVICE, persistedOpStateExpiryEpochSec: 0}72ddd1cf-406a-46d1-a670-cde8064896da{ip: 172.17.0.2, host: 8eef00ac434c, networkLocation: /default-rack, certSerialId: null, persistedOpState: IN_SERVICE, persistedOpStateExpiryEpochSec: 0}b1088989-c4df-426b-96dd-e7d1e2f5d3a9{ip: 172.17.0.2, host: 8eef00ac434c, networkLocation: /default-rack, certSerialId: null, persistedOpState: IN_SERVICE, persistedOpStateExpiryEpochSec: 0}, Type:RATIS, Factor:THREE, State:ALLOCATED, leaderId:68877139-4f8e-42eb-81b1-3d9b1c196839, CreationTimestamp2020-12-23T14:05:39.665Z] moved to OPEN state
2020-12-23 14:05:47,371 [EventQueue-OpenPipelineForHealthyPipelineSafeModeRule] INFO  safemode.SCMSafeModeManager (HealthyPipelineSafeModeRule.java:process(128)) - SCM in safe mode. Healthy pipelines reported count is 1, required healthy pipeline reported count is 1
2020-12-23 14:05:47,371 [EventQueue-OpenPipelineForHealthyPipelineSafeModeRule] INFO  safemode.SCMSafeModeManager (SCMSafeModeManager.java:validateSafeModeExitRules(214)) - HealthyPipelineSafeModeRule rule is successfully validated
2020-12-23 14:05:47,371 [EventQueue-OpenPipelineForHealthyPipelineSafeModeRule] INFO  safemode.SCMSafeModeManager (SCMSafeModeManager.java:validateSafeModeExitRules(228)) - ScmSafeModeManager, all rules are successfully validated
2020-12-23 14:05:47,371 [EventQueue-OpenPipelineForHealthyPipelineSafeModeRule] INFO  safemode.SCMSafeModeManager (SCMSafeModeManager.java:exitSafeMode(257)) - SCM exiting safe mode.
2020-12-23 14:05:47,372 [68877139-4f8e-42eb-81b1-3d9b1c196839@group-B5B05CE780DE-LeaderElection49] INFO  impl.RoleInfo (RoleInfo.java:updateAndGet(130)) - 68877139-4f8e-42eb-81b1-3d9b1c196839: start 68877139-4f8e-42eb-81b1-3d9b1c196839@group-B5B05CE780DE-LeaderStateImpl
2020-12-23 14:05:47,372 [68877139-4f8e-42eb-81b1-3d9b1c196839@group-B5B05CE780DE-LeaderElection49] INFO  segmented.SegmentedRaftLogWorker (SegmentedRaftLogWorker.java:startLogSegment(392)) - 68877139-4f8e-42eb-81b1-3d9b1c196839@group-B5B05CE780DE-SegmentedRaftLogWorker: Starting segment from index:0
2020-12-23 14:05:47,374 [68877139-4f8e-42eb-81b1-3d9b1c196839@group-B5B05CE780DE-SegmentedRaftLogWorker] INFO  segmented.SegmentedRaftLogWorker (SegmentedRaftLogWorker.java:execute(599)) - 68877139-4f8e-42eb-81b1-3d9b1c196839@group-B5B05CE780DE-SegmentedRaftLogWorker: created new log segment /github/workspace/mnt/ozone/hadoop-ozone/integration-test/target/test-dir/MiniOzoneClusterImpl-4d4d8361-1f31-4e15-8531-152295c781bb/datanode-0/data/ratis/49d7aabe-f59e-4642-82be-b5b05ce780de/current/log_inprogress_0
2020-12-23 14:05:47,375 [68877139-4f8e-42eb-81b1-3d9b1c196839@group-B5B05CE780DE-LeaderElection49] INFO  server.RaftServer$Division (ServerState.java:setRaftConf(374)) - 68877139-4f8e-42eb-81b1-3d9b1c196839@group-B5B05CE780DE: set configuration 0: [b1088989-c4df-426b-96dd-e7d1e2f5d3a9|rpc:172.17.0.2:39379|dataStream:, 72ddd1cf-406a-46d1-a670-cde8064896da|rpc:172.17.0.2:36049|dataStream:, 68877139-4f8e-42eb-81b1-3d9b1c196839|rpc:172.17.0.2:33281|dataStream:], old=null at 0
2020-12-23 14:05:47,400 [grpc-default-executor-4] INFO  ratis.XceiverServerRatis (XceiverServerRatis.java:handleLeaderChangedNotification(862)) - Leader change notification received for group: group-B5B05CE780DE with new leaderId: 68877139-4f8e-42eb-81b1-3d9b1c196839
2020-12-23 14:05:47,400 [grpc-default-executor-4] INFO  server.RaftServer$Division (ServerState.java:setLeader(258)) - b1088989-c4df-426b-96dd-e7d1e2f5d3a9@group-B5B05CE780DE: change Leader from null to 68877139-4f8e-42eb-81b1-3d9b1c196839 at term 1 for appendEntries, leader elected after 5103ms
2020-12-23 14:05:47,400 [Listener at 127.0.0.1/39909] INFO  ozone.MiniOzoneClusterImpl (MiniOzoneClusterImpl.java:lambda$waitForClusterToBeReady$0(178)) - Nodes are ready. Got 6 of 6 DN Heartbeats.
2020-12-23 14:05:47,400 [Listener at 127.0.0.1/39909] INFO  ozone.MiniOzoneClusterImpl (MiniOzoneClusterImpl.java:lambda$waitForClusterToBeReady$0(181)) - Cluster exits safe mode
2020-12-23 14:05:47,409 [grpc-default-executor-2] INFO  ratis.XceiverServerRatis (XceiverServerRatis.java:handleLeaderChangedNotification(862)) - Leader change notification received for group: group-B5B05CE780DE with new leaderId: 68877139-4f8e-42eb-81b1-3d9b1c196839
2020-12-23 14:05:47,409 [grpc-default-executor-2] INFO  server.RaftServer$Division (ServerState.java:setLeader(258)) - 72ddd1cf-406a-46d1-a670-cde8064896da@group-B5B05CE780DE: change Leader from null to 68877139-4f8e-42eb-81b1-3d9b1c196839 at term 1 for appendEntries, leader elected after 5139ms
2020-12-23 14:05:47,414 [grpc-default-executor-1] INFO  server.RaftServer$Division (ServerState.java:setRaftConf(374)) - b1088989-c4df-426b-96dd-e7d1e2f5d3a9@group-B5B05CE780DE: set configuration 0: [b1088989-c4df-426b-96dd-e7d1e2f5d3a9|rpc:172.17.0.2:39379|dataStream:, 72ddd1cf-406a-46d1-a670-cde8064896da|rpc:172.17.0.2:36049|dataStream:, 68877139-4f8e-42eb-81b1-3d9b1c196839|rpc:172.17.0.2:33281|dataStream:], old=null at 0
2020-12-23 14:05:47,418 [grpc-default-executor-1] INFO  segmented.SegmentedRaftLogWorker (SegmentedRaftLogWorker.java:startLogSegment(392)) - b1088989-c4df-426b-96dd-e7d1e2f5d3a9@group-B5B05CE780DE-SegmentedRaftLogWorker: Starting segment from index:0
2020-12-23 14:05:47,419 [grpc-default-executor-2] INFO  server.RaftServer$Division (ServerState.java:setRaftConf(374)) - 72ddd1cf-406a-46d1-a670-cde8064896da@group-B5B05CE780DE: set configuration 0: [b1088989-c4df-426b-96dd-e7d1e2f5d3a9|rpc:172.17.0.2:39379|dataStream:, 72ddd1cf-406a-46d1-a670-cde8064896da|rpc:172.17.0.2:36049|dataStream:, 68877139-4f8e-42eb-81b1-3d9b1c196839|rpc:172.17.0.2:33281|dataStream:], old=null at 0
2020-12-23 14:05:47,419 [grpc-default-executor-2] INFO  segmented.SegmentedRaftLogWorker (SegmentedRaftLogWorker.java:startLogSegment(392)) - 72ddd1cf-406a-46d1-a670-cde8064896da@group-B5B05CE780DE-SegmentedRaftLogWorker: Starting segment from index:0
2020-12-23 14:05:47,423 [Listener at 127.0.0.1/39909] INFO  rpc.RpcClient (RpcClient.java:createVolume(273)) - Creating Volume: vol1, with user97852 as owner.
2020-12-23 14:05:47,424 [b1088989-c4df-426b-96dd-e7d1e2f5d3a9@group-B5B05CE780DE-SegmentedRaftLogWorker] INFO  segmented.SegmentedRaftLogWorker (SegmentedRaftLogWorker.java:execute(599)) - b1088989-c4df-426b-96dd-e7d1e2f5d3a9@group-B5B05CE780DE-SegmentedRaftLogWorker: created new log segment /github/workspace/mnt/ozone/hadoop-ozone/integration-test/target/test-dir/MiniOzoneClusterImpl-4d4d8361-1f31-4e15-8531-152295c781bb/datanode-1/data/ratis/49d7aabe-f59e-4642-82be-b5b05ce780de/current/log_inprogress_0
2020-12-23 14:05:47,425 [IPC Server handler 10 on default port 39909] INFO  volume.OMVolumeCreateRequest (OMVolumeCreateRequest.java:validateAndUpdateCache(196)) - created volume:vol1 for user:user97852
2020-12-23 14:05:47,429 [72ddd1cf-406a-46d1-a670-cde8064896da@group-B5B05CE780DE-SegmentedRaftLogWorker] INFO  segmented.SegmentedRaftLogWorker (SegmentedRaftLogWorker.java:execute(599)) - 72ddd1cf-406a-46d1-a670-cde8064896da@group-B5B05CE780DE-SegmentedRaftLogWorker: created new log segment /github/workspace/mnt/ozone/hadoop-ozone/integration-test/target/test-dir/MiniOzoneClusterImpl-4d4d8361-1f31-4e15-8531-152295c781bb/datanode-2/data/ratis/49d7aabe-f59e-4642-82be-b5b05ce780de/current/log_inprogress_0
2020-12-23 14:05:47,440 [Listener at 127.0.0.1/39909] INFO  rpc.RpcClient (RpcClient.java:createBucket(429)) - Creating Bucket: vol1/bucket1, with Versioning false and Storage Type set to DISK and Encryption set to false 
2020-12-23 14:05:47,462 [Listener at 127.0.0.1/39909] INFO  metrics.RatisMetrics (RatisMetrics.java:lambda$create$0(36)) - Creating Metrics Registry : ratis.client_message_metrics.client-81419A16E682->68877139-4f8e-42eb-81b1-3d9b1c196839
2020-12-23 14:05:47,467 [grpc-default-executor-2] INFO  metrics.RatisMetrics (RatisMetrics.java:lambda$create$0(36)) - Creating Metrics Registry : ratis.server_message_metrics.68877139-4f8e-42eb-81b1-3d9b1c196839
2020-12-23 14:05:47,554 [Thread-3243] INFO  impl.FollowerState (FollowerState.java:run(133)) - b1088989-c4df-426b-96dd-e7d1e2f5d3a9@group-35026810E6AE-FollowerState: change to CANDIDATE, lastRpcElapsedTime:5101432417ns, electionTimeout:5101ms
2020-12-23 14:05:47,554 [Thread-3243] INFO  impl.RoleInfo (RoleInfo.java:shutdownFollowerState(108)) - b1088989-c4df-426b-96dd-e7d1e2f5d3a9: shutdown b1088989-c4df-426b-96dd-e7d1e2f5d3a9@group-35026810E6AE-FollowerState
2020-12-23 14:05:47,554 [Thread-3243] INFO  server.RaftServer$Division (RaftServerImpl.java:setRole(275)) - b1088989-c4df-426b-96dd-e7d1e2f5d3a9@group-35026810E6AE: changes role from  FOLLOWER to CANDIDATE at term 0 for changeToCandidate
2020-12-23 14:05:47,555 [Thread-3243] INFO  impl.RoleInfo (RoleInfo.java:updateAndGet(130)) - b1088989-c4df-426b-96dd-e7d1e2f5d3a9: start b1088989-c4df-426b-96dd-e7d1e2f5d3a9@group-35026810E6AE-LeaderElection50
2020-12-23 14:05:47,564 [b1088989-c4df-426b-96dd-e7d1e2f5d3a9@group-35026810E6AE-LeaderElection50] INFO  impl.LeaderElection (LeaderElection.java:askForVotes(219)) - b1088989-c4df-426b-96dd-e7d1e2f5d3a9@group-35026810E6AE-LeaderElection50: begin an election at term 1 for -1: [b1088989-c4df-426b-96dd-e7d1e2f5d3a9|rpc:172.17.0.2:39379], old=null
2020-12-23 14:05:47,564 [b1088989-c4df-426b-96dd-e7d1e2f5d3a9@group-35026810E6AE-LeaderElection50] INFO  impl.RoleInfo (RoleInfo.java:shutdownLeaderElection(121)) - b1088989-c4df-426b-96dd-e7d1e2f5d3a9: shutdown b1088989-c4df-426b-96dd-e7d1e2f5d3a9@group-35026810E6AE-LeaderElection50
2020-12-23 14:05:47,564 [b1088989-c4df-426b-96dd-e7d1e2f5d3a9@group-35026810E6AE-LeaderElection50] INFO  server.RaftServer$Division (RaftServerImpl.java:setRole(275)) - b1088989-c4df-426b-96dd-e7d1e2f5d3a9@group-35026810E6AE: changes role from CANDIDATE to LEADER at term 1 for changeToLeader
2020-12-23 14:05:47,564 [b1088989-c4df-426b-96dd-e7d1e2f5d3a9@group-35026810E6AE-LeaderElection50] INFO  ratis.XceiverServerRatis (XceiverServerRatis.java:handleLeaderChangedNotification(862)) - Leader change notification received for group: group-35026810E6AE with new leaderId: b1088989-c4df-426b-96dd-e7d1e2f5d3a9
2020-12-23 14:05:47,564 [b1088989-c4df-426b-96dd-e7d1e2f5d3a9@group-35026810E6AE-LeaderElection50] INFO  server.RaftServer$Division (ServerState.java:setLeader(258)) - b1088989-c4df-426b-96dd-e7d1e2f5d3a9@group-35026810E6AE: change Leader from null to b1088989-c4df-426b-96dd-e7d1e2f5d3a9 at term 1 for becomeLeader, leader elected after 5121ms
2020-12-23 14:05:47,565 [b1088989-c4df-426b-96dd-e7d1e2f5d3a9@group-35026810E6AE-LeaderElection50] INFO  server.RaftServerConfigKeys (ConfUtils.java:logGet(44)) - raft.server.staging.catchup.gap = 1000 (default)
2020-12-23 14:05:47,565 [b1088989-c4df-426b-96dd-e7d1e2f5d3a9@group-35026810E6AE-LeaderElection50] INFO  metrics.RatisMetrics (RatisMetrics.java:lambda$create$0(36)) - Creating Metrics Registry : ratis.log_appender.b1088989-c4df-426b-96dd-e7d1e2f5d3a9@group-35026810E6AE
2020-12-23 14:05:47,567 [b1088989-c4df-426b-96dd-e7d1e2f5d3a9@group-35026810E6AE-LeaderElection50] INFO  server.RaftServerConfigKeys (ConfUtils.java:logGet(44)) - raft.server.write.element-limit = 1024 (custom)
2020-12-23 14:05:47,567 [b1088989-c4df-426b-96dd-e7d1e2f5d3a9@group-35026810E6AE-LeaderElection50] INFO  server.RaftServerConfigKeys (ConfUtils.java:logGet(44)) - raft.server.write.byte-limit = 1073741824 (custom)
2020-12-23 14:05:47,572 [b1088989-c4df-426b-96dd-e7d1e2f5d3a9@group-35026810E6AE-LeaderElection50] INFO  server.RaftServerConfigKeys (ConfUtils.java:logGet(44)) - raft.server.watch.timeout = 180s (custom)
2020-12-23 14:05:47,572 [b1088989-c4df-426b-96dd-e7d1e2f5d3a9@group-35026810E6AE-LeaderElection50] INFO  server.RaftServerConfigKeys (ConfUtils.java:logGet(44)) - raft.server.watch.timeout.denomination = 1s (default)
2020-12-23 14:05:47,572 [b1088989-c4df-426b-96dd-e7d1e2f5d3a9@group-35026810E6AE-LeaderElection50] INFO  server.RaftServerConfigKeys (ConfUtils.java:logGet(44)) - raft.server.watch.element-limit = 65536 (default)
2020-12-23 14:05:47,572 [b1088989-c4df-426b-96dd-e7d1e2f5d3a9@group-35026810E6AE-LeaderElection50] INFO  impl.RoleInfo (RoleInfo.java:updateAndGet(130)) - b1088989-c4df-426b-96dd-e7d1e2f5d3a9: start b1088989-c4df-426b-96dd-e7d1e2f5d3a9@group-35026810E6AE-LeaderStateImpl
2020-12-23 14:05:47,573 [b1088989-c4df-426b-96dd-e7d1e2f5d3a9@group-35026810E6AE-LeaderElection50] INFO  segmented.SegmentedRaftLogWorker (SegmentedRaftLogWorker.java:startLogSegment(392)) - b1088989-c4df-426b-96dd-e7d1e2f5d3a9@group-35026810E6AE-SegmentedRaftLogWorker: Starting segment from index:0
2020-12-23 14:05:47,574 [b1088989-c4df-426b-96dd-e7d1e2f5d3a9@group-35026810E6AE-SegmentedRaftLogWorker] INFO  segmented.SegmentedRaftLogWorker (SegmentedRaftLogWorker.java:execute(599)) - b1088989-c4df-426b-96dd-e7d1e2f5d3a9@group-35026810E6AE-SegmentedRaftLogWorker: created new log segment /github/workspace/mnt/ozone/hadoop-ozone/integration-test/target/test-dir/MiniOzoneClusterImpl-4d4d8361-1f31-4e15-8531-152295c781bb/datanode-1/data/ratis/a4f5a0ab-482a-4386-9b01-35026810e6ae/current/log_inprogress_0
2020-12-23 14:05:47,576 [b1088989-c4df-426b-96dd-e7d1e2f5d3a9@group-35026810E6AE-LeaderElection50] INFO  server.RaftServer$Division (ServerState.java:setRaftConf(374)) - b1088989-c4df-426b-96dd-e7d1e2f5d3a9@group-35026810E6AE: set configuration 0: [b1088989-c4df-426b-96dd-e7d1e2f5d3a9|rpc:172.17.0.2:39379|dataStream:], old=null at 0
2020-12-23 14:05:47,786 [Thread-3245] INFO  impl.FollowerState (FollowerState.java:run(133)) - 72ddd1cf-406a-46d1-a670-cde8064896da@group-3170E42E4D24-FollowerState: change to CANDIDATE, lastRpcElapsedTime:5105696875ns, electionTimeout:5104ms
2020-12-23 14:05:47,787 [Thread-3245] INFO  impl.RoleInfo (RoleInfo.java:shutdownFollowerState(108)) - 72ddd1cf-406a-46d1-a670-cde8064896da: shutdown 72ddd1cf-406a-46d1-a670-cde8064896da@group-3170E42E4D24-FollowerState
2020-12-23 14:05:47,788 [Thread-3245] INFO  server.RaftServer$Division (RaftServerImpl.java:setRole(275)) - 72ddd1cf-406a-46d1-a670-cde8064896da@group-3170E42E4D24: changes role from  FOLLOWER to CANDIDATE at term 0 for changeToCandidate
2020-12-23 14:05:47,788 [Thread-3245] INFO  impl.RoleInfo (RoleInfo.java:updateAndGet(130)) - 72ddd1cf-406a-46d1-a670-cde8064896da: start 72ddd1cf-406a-46d1-a670-cde8064896da@group-3170E42E4D24-LeaderElection51
2020-12-23 14:05:47,796 [72ddd1cf-406a-46d1-a670-cde8064896da@group-3170E42E4D24-LeaderElection51] INFO  impl.LeaderElection (LeaderElection.java:askForVotes(219)) - 72ddd1cf-406a-46d1-a670-cde8064896da@group-3170E42E4D24-LeaderElection51: begin an election at term 1 for -1: [72ddd1cf-406a-46d1-a670-cde8064896da|rpc:172.17.0.2:36049], old=null
2020-12-23 14:05:47,796 [72ddd1cf-406a-46d1-a670-cde8064896da@group-3170E42E4D24-LeaderElection51] INFO  impl.RoleInfo (RoleInfo.java:shutdownLeaderElection(121)) - 72ddd1cf-406a-46d1-a670-cde8064896da: shutdown 72ddd1cf-406a-46d1-a670-cde8064896da@group-3170E42E4D24-LeaderElection51
2020-12-23 14:05:47,796 [72ddd1cf-406a-46d1-a670-cde8064896da@group-3170E42E4D24-LeaderElection51] INFO  server.RaftServer$Division (RaftServerImpl.java:setRole(275)) - 72ddd1cf-406a-46d1-a670-cde8064896da@group-3170E42E4D24: changes role from CANDIDATE to LEADER at term 1 for changeToLeader
2020-12-23 14:05:47,796 [72ddd1cf-406a-46d1-a670-cde8064896da@group-3170E42E4D24-LeaderElection51] INFO  ratis.XceiverServerRatis (XceiverServerRatis.java:handleLeaderChangedNotification(862)) - Leader change notification received for group: group-3170E42E4D24 with new leaderId: 72ddd1cf-406a-46d1-a670-cde8064896da
2020-12-23 14:05:47,801 [72ddd1cf-406a-46d1-a670-cde8064896da@group-3170E42E4D24-LeaderElection51] INFO  server.RaftServer$Division (ServerState.java:setLeader(258)) - 72ddd1cf-406a-46d1-a670-cde8064896da@group-3170E42E4D24: change Leader from null to 72ddd1cf-406a-46d1-a670-cde8064896da at term 1 for becomeLeader, leader elected after 5128ms
2020-12-23 14:05:47,801 [72ddd1cf-406a-46d1-a670-cde8064896da@group-3170E42E4D24-LeaderElection51] INFO  server.RaftServerConfigKeys (ConfUtils.java:logGet(44)) - raft.server.staging.catchup.gap = 1000 (default)
2020-12-23 14:05:47,801 [72ddd1cf-406a-46d1-a670-cde8064896da@group-3170E42E4D24-LeaderElection51] INFO  metrics.RatisMetrics (RatisMetrics.java:lambda$create$0(36)) - Creating Metrics Registry : ratis.log_appender.72ddd1cf-406a-46d1-a670-cde8064896da@group-3170E42E4D24
2020-12-23 14:05:47,801 [72ddd1cf-406a-46d1-a670-cde8064896da@group-3170E42E4D24-LeaderElection51] INFO  server.RaftServerConfigKeys (ConfUtils.java:logGet(44)) - raft.server.write.element-limit = 1024 (custom)
2020-12-23 14:05:47,802 [72ddd1cf-406a-46d1-a670-cde8064896da@group-3170E42E4D24-LeaderElection51] INFO  server.RaftServerConfigKeys (ConfUtils.java:logGet(44)) - raft.server.write.byte-limit = 1073741824 (custom)
2020-12-23 14:05:47,802 [72ddd1cf-406a-46d1-a670-cde8064896da@group-3170E42E4D24-LeaderElection51] INFO  server.RaftServerConfigKeys (ConfUtils.java:logGet(44)) - raft.server.watch.timeout = 180s (custom)
2020-12-23 14:05:47,802 [72ddd1cf-406a-46d1-a670-cde8064896da@group-3170E42E4D24-LeaderElection51] INFO  server.RaftServerConfigKeys (ConfUtils.java:logGet(44)) - raft.server.watch.timeout.denomination = 1s (default)
2020-12-23 14:05:47,802 [72ddd1cf-406a-46d1-a670-cde8064896da@group-3170E42E4D24-LeaderElection51] INFO  server.RaftServerConfigKeys (ConfUtils.java:logGet(44)) - raft.server.watch.element-limit = 65536 (default)
2020-12-23 14:05:47,802 [72ddd1cf-406a-46d1-a670-cde8064896da@group-3170E42E4D24-LeaderElection51] INFO  impl.RoleInfo (RoleInfo.java:updateAndGet(130)) - 72ddd1cf-406a-46d1-a670-cde8064896da: start 72ddd1cf-406a-46d1-a670-cde8064896da@group-3170E42E4D24-LeaderStateImpl
2020-12-23 14:05:47,803 [72ddd1cf-406a-46d1-a670-cde8064896da@group-3170E42E4D24-LeaderElection51] INFO  segmented.SegmentedRaftLogWorker (SegmentedRaftLogWorker.java:startLogSegment(392)) - 72ddd1cf-406a-46d1-a670-cde8064896da@group-3170E42E4D24-SegmentedRaftLogWorker: Starting segment from index:0
2020-12-23 14:05:47,806 [72ddd1cf-406a-46d1-a670-cde8064896da@group-3170E42E4D24-LeaderElection51] INFO  server.RaftServer$Division (ServerState.java:setRaftConf(374)) - 72ddd1cf-406a-46d1-a670-cde8064896da@group-3170E42E4D24: set configuration 0: [72ddd1cf-406a-46d1-a670-cde8064896da|rpc:172.17.0.2:36049|dataStream:], old=null at 0
2020-12-23 14:05:47,807 [72ddd1cf-406a-46d1-a670-cde8064896da@group-3170E42E4D24-SegmentedRaftLogWorker] INFO  segmented.SegmentedRaftLogWorker (SegmentedRaftLogWorker.java:execute(599)) - 72ddd1cf-406a-46d1-a670-cde8064896da@group-3170E42E4D24-SegmentedRaftLogWorker: created new log segment /github/workspace/mnt/ozone/hadoop-ozone/integration-test/target/test-dir/MiniOzoneClusterImpl-4d4d8361-1f31-4e15-8531-152295c781bb/datanode-2/data/ratis/73e418e7-f879-43e6-8465-3170e42e4d24/current/log_inprogress_0
2020-12-23 14:05:48,027 [Thread-3249] INFO  impl.FollowerState (FollowerState.java:run(133)) - 578fb040-f869-45ef-91a4-da79ba7884ec@group-D175C3C695B5-FollowerState: change to CANDIDATE, lastRpcElapsedTime:5138347247ns, electionTimeout:5138ms
2020-12-23 14:05:48,027 [Thread-3249] INFO  impl.RoleInfo (RoleInfo.java:shutdownFollowerState(108)) - 578fb040-f869-45ef-91a4-da79ba7884ec: shutdown 578fb040-f869-45ef-91a4-da79ba7884ec@group-D175C3C695B5-FollowerState
2020-12-23 14:05:48,027 [Thread-3249] INFO  server.RaftServer$Division (RaftServerImpl.java:setRole(275)) - 578fb040-f869-45ef-91a4-da79ba7884ec@group-D175C3C695B5: changes role from  FOLLOWER to CANDIDATE at term 0 for changeToCandidate
2020-12-23 14:05:48,028 [Thread-3249] INFO  impl.RoleInfo (RoleInfo.java:updateAndGet(130)) - 578fb040-f869-45ef-91a4-da79ba7884ec: start 578fb040-f869-45ef-91a4-da79ba7884ec@group-D175C3C695B5-LeaderElection52
2020-12-23 14:05:48,037 [Thread-3247] INFO  impl.FollowerState (FollowerState.java:run(133)) - 578fb040-f869-45ef-91a4-da79ba7884ec@group-09344C0E7623-FollowerState: change to CANDIDATE, lastRpcElapsedTime:5163479406ns, electionTimeout:5163ms
2020-12-23 14:05:48,038 [Thread-3247] INFO  impl.RoleInfo (RoleInfo.java:shutdownFollowerState(108)) - 578fb040-f869-45ef-91a4-da79ba7884ec: shutdown 578fb040-f869-45ef-91a4-da79ba7884ec@group-09344C0E7623-FollowerState
2020-12-23 14:05:48,038 [578fb040-f869-45ef-91a4-da79ba7884ec@group-D175C3C695B5-LeaderElection52] INFO  impl.LeaderElection (LeaderElection.java:askForVotes(219)) - 578fb040-f869-45ef-91a4-da79ba7884ec@group-D175C3C695B5-LeaderElection52: begin an election at term 1 for -1: [578fb040-f869-45ef-91a4-da79ba7884ec|rpc:172.17.0.2:37771, 132632b1-c99d-4d56-baf0-ebc6ad7ec851|rpc:172.17.0.2:43673, cc79f115-dbdb-4899-88c3-1d2dbee4d898|rpc:172.17.0.2:35113], old=null
2020-12-23 14:05:48,038 [Thread-3247] INFO  server.RaftServer$Division (RaftServerImpl.java:setRole(275)) - 578fb040-f869-45ef-91a4-da79ba7884ec@group-09344C0E7623: changes role from  FOLLOWER to CANDIDATE at term 0 for changeToCandidate
2020-12-23 14:05:48,038 [Thread-3247] INFO  impl.RoleInfo (RoleInfo.java:updateAndGet(130)) - 578fb040-f869-45ef-91a4-da79ba7884ec: start 578fb040-f869-45ef-91a4-da79ba7884ec@group-09344C0E7623-LeaderElection53
2020-12-23 14:05:48,052 [578fb040-f869-45ef-91a4-da79ba7884ec@group-09344C0E7623-LeaderElection53] INFO  impl.LeaderElection (LeaderElection.java:askForVotes(219)) - 578fb040-f869-45ef-91a4-da79ba7884ec@group-09344C0E7623-LeaderElection53: begin an election at term 1 for -1: [578fb040-f869-45ef-91a4-da79ba7884ec|rpc:172.17.0.2:37771], old=null
2020-12-23 14:05:48,052 [578fb040-f869-45ef-91a4-da79ba7884ec@group-09344C0E7623-LeaderElection53] INFO  impl.RoleInfo (RoleInfo.java:shutdownLeaderElection(121)) - 578fb040-f869-45ef-91a4-da79ba7884ec: shutdown 578fb040-f869-45ef-91a4-da79ba7884ec@group-09344C0E7623-LeaderElection53
2020-12-23 14:05:48,053 [578fb040-f869-45ef-91a4-da79ba7884ec@group-09344C0E7623-LeaderElection53] INFO  server.RaftServer$Division (RaftServerImpl.java:setRole(275)) - 578fb040-f869-45ef-91a4-da79ba7884ec@group-09344C0E7623: changes role from CANDIDATE to LEADER at term 1 for changeToLeader
2020-12-23 14:05:48,053 [578fb040-f869-45ef-91a4-da79ba7884ec@group-09344C0E7623-LeaderElection53] INFO  ratis.XceiverServerRatis (XceiverServerRatis.java:handleLeaderChangedNotification(862)) - Leader change notification received for group: group-09344C0E7623 with new leaderId: 578fb040-f869-45ef-91a4-da79ba7884ec
2020-12-23 14:05:48,053 [578fb040-f869-45ef-91a4-da79ba7884ec@group-09344C0E7623-LeaderElection53] INFO  server.RaftServer$Division (ServerState.java:setLeader(258)) - 578fb040-f869-45ef-91a4-da79ba7884ec@group-09344C0E7623: change Leader from null to 578fb040-f869-45ef-91a4-da79ba7884ec at term 1 for becomeLeader, leader elected after 5187ms
2020-12-23 14:05:48,053 [578fb040-f869-45ef-91a4-da79ba7884ec@group-09344C0E7623-LeaderElection53] INFO  server.RaftServerConfigKeys (ConfUtils.java:logGet(44)) - raft.server.staging.catchup.gap = 1000 (default)
2020-12-23 14:05:48,053 [578fb040-f869-45ef-91a4-da79ba7884ec@group-09344C0E7623-LeaderElection53] INFO  metrics.RatisMetrics (RatisMetrics.java:lambda$create$0(36)) - Creating Metrics Registry : ratis.log_appender.578fb040-f869-45ef-91a4-da79ba7884ec@group-09344C0E7623
2020-12-23 14:05:48,053 [578fb040-f869-45ef-91a4-da79ba7884ec@group-09344C0E7623-LeaderElection53] INFO  server.RaftServerConfigKeys (ConfUtils.java:logGet(44)) - raft.server.write.element-limit = 1024 (custom)
2020-12-23 14:05:48,053 [578fb040-f869-45ef-91a4-da79ba7884ec@group-09344C0E7623-LeaderElection53] INFO  server.RaftServerConfigKeys (ConfUtils.java:logGet(44)) - raft.server.write.byte-limit = 1073741824 (custom)
2020-12-23 14:05:48,054 [578fb040-f869-45ef-91a4-da79ba7884ec@group-09344C0E7623-LeaderElection53] INFO  server.RaftServerConfigKeys (ConfUtils.java:logGet(44)) - raft.server.watch.timeout = 180s (custom)
2020-12-23 14:05:48,054 [578fb040-f869-45ef-91a4-da79ba7884ec@group-09344C0E7623-LeaderElection53] INFO  server.RaftServerConfigKeys (ConfUtils.java:logGet(44)) - raft.server.watch.timeout.denomination = 1s (default)
2020-12-23 14:05:48,054 [578fb040-f869-45ef-91a4-da79ba7884ec@group-09344C0E7623-LeaderElection53] INFO  server.RaftServerConfigKeys (ConfUtils.java:logGet(44)) - raft.server.watch.element-limit = 65536 (default)
2020-12-23 14:05:48,054 [578fb040-f869-45ef-91a4-da79ba7884ec@group-09344C0E7623-LeaderElection53] INFO  impl.RoleInfo (RoleInfo.java:updateAndGet(130)) - 578fb040-f869-45ef-91a4-da79ba7884ec: start 578fb040-f869-45ef-91a4-da79ba7884ec@group-09344C0E7623-LeaderStateImpl
2020-12-23 14:05:48,055 [578fb040-f869-45ef-91a4-da79ba7884ec@group-09344C0E7623-LeaderElection53] INFO  segmented.SegmentedRaftLogWorker (SegmentedRaftLogWorker.java:startLogSegment(392)) - 578fb040-f869-45ef-91a4-da79ba7884ec@group-09344C0E7623-SegmentedRaftLogWorker: Starting segment from index:0
2020-12-23 14:05:48,058 [578fb040-f869-45ef-91a4-da79ba7884ec@group-09344C0E7623-SegmentedRaftLogWorker] INFO  segmented.SegmentedRaftLogWorker (SegmentedRaftLogWorker.java:execute(599)) - 578fb040-f869-45ef-91a4-da79ba7884ec@group-09344C0E7623-SegmentedRaftLogWorker: created new log segment /github/workspace/mnt/ozone/hadoop-ozone/integration-test/target/test-dir/MiniOzoneClusterImpl-4d4d8361-1f31-4e15-8531-152295c781bb/datanode-3/data/ratis/25f9ad50-b735-4f9f-8b54-09344c0e7623/current/log_inprogress_0
2020-12-23 14:05:48,061 [Thread-3254] INFO  impl.FollowerState (FollowerState.java:run(133)) - cc79f115-dbdb-4899-88c3-1d2dbee4d898@group-D175C3C695B5-FollowerState: change to CANDIDATE, lastRpcElapsedTime:5123442670ns, electionTimeout:5123ms
2020-12-23 14:05:48,062 [Thread-3254] INFO  impl.RoleInfo (RoleInfo.java:shutdownFollowerState(108)) - cc79f115-dbdb-4899-88c3-1d2dbee4d898: shutdown cc79f115-dbdb-4899-88c3-1d2dbee4d898@group-D175C3C695B5-FollowerState
2020-12-23 14:05:48,062 [Thread-3254] INFO  server.RaftServer$Division (RaftServerImpl.java:setRole(275)) - cc79f115-dbdb-4899-88c3-1d2dbee4d898@group-D175C3C695B5: changes role from  FOLLOWER to CANDIDATE at term 0 for changeToCandidate
2020-12-23 14:05:48,069 [Thread-3254] INFO  impl.RoleInfo (RoleInfo.java:updateAndGet(130)) - cc79f115-dbdb-4899-88c3-1d2dbee4d898: start cc79f115-dbdb-4899-88c3-1d2dbee4d898@group-D175C3C695B5-LeaderElection54
2020-12-23 14:05:48,076 [grpc-default-executor-2] INFO  server.RaftServer$Division (RaftServerImpl.java:setRole(275)) - 132632b1-c99d-4d56-baf0-ebc6ad7ec851@group-D175C3C695B5: changes role from  FOLLOWER to FOLLOWER at term 1 for recognizeCandidate:578fb040-f869-45ef-91a4-da79ba7884ec
2020-12-23 14:05:48,076 [grpc-default-executor-2] INFO  impl.RoleInfo (RoleInfo.java:shutdownFollowerState(108)) - 132632b1-c99d-4d56-baf0-ebc6ad7ec851: shutdown 132632b1-c99d-4d56-baf0-ebc6ad7ec851@group-D175C3C695B5-FollowerState
2020-12-23 14:05:48,077 [578fb040-f869-45ef-91a4-da79ba7884ec@group-09344C0E7623-LeaderElection53] INFO  server.RaftServer$Division (ServerState.java:setRaftConf(374)) - 578fb040-f869-45ef-91a4-da79ba7884ec@group-09344C0E7623: set configuration 0: [578fb040-f869-45ef-91a4-da79ba7884ec|rpc:172.17.0.2:37771|dataStream:], old=null at 0
2020-12-23 14:05:48,084 [grpc-default-executor-2] INFO  impl.RoleInfo (RoleInfo.java:updateAndGet(130)) - 132632b1-c99d-4d56-baf0-ebc6ad7ec851: start 132632b1-c99d-4d56-baf0-ebc6ad7ec851@group-D175C3C695B5-FollowerState
2020-12-23 14:05:48,085 [grpc-default-executor-2] INFO  server.RaftServer$Division (RaftServerImpl.java:requestVote(983)) -  FOLLOWER 132632b1-c99d-4d56-baf0-ebc6ad7ec851@group-D175C3C695B5:t1, leader=null, voted=null, raftlog=132632b1-c99d-4d56-baf0-ebc6ad7ec851@group-D175C3C695B5-SegmentedRaftLog:OPENED:c-1,f-1,i0, conf=-1: [578fb040-f869-45ef-91a4-da79ba7884ec|rpc:172.17.0.2:37771|dataStream:, 132632b1-c99d-4d56-baf0-ebc6ad7ec851|rpc:172.17.0.2:43673|dataStream:, cc79f115-dbdb-4899-88c3-1d2dbee4d898|rpc:172.17.0.2:35113|dataStream:], old=null RUNNING priority:0 candidate:578fb040-f869-45ef-91a4-da79ba7884ec|rpc:172.17.0.2:37771|dataStream: candidatePriority:0 compare:0
2020-12-23 14:05:48,085 [cc79f115-dbdb-4899-88c3-1d2dbee4d898@group-D175C3C695B5-LeaderElection54] INFO  impl.LeaderElection (LeaderElection.java:askForVotes(219)) - cc79f115-dbdb-4899-88c3-1d2dbee4d898@group-D175C3C695B5-LeaderElection54: begin an election at term 1 for -1: [578fb040-f869-45ef-91a4-da79ba7884ec|rpc:172.17.0.2:37771|dataStream:, 132632b1-c99d-4d56-baf0-ebc6ad7ec851|rpc:172.17.0.2:43673|dataStream:, cc79f115-dbdb-4899-88c3-1d2dbee4d898|rpc:172.17.0.2:35113|dataStream:], old=null
2020-12-23 14:05:48,089 [Thread-3251] INFO  impl.FollowerState (FollowerState.java:run(142)) - 132632b1-c99d-4d56-baf0-ebc6ad7ec851@group-D175C3C695B5-FollowerState was interrupted: {}
java.lang.InterruptedException: sleep interrupted
	at java.lang.Thread.sleep(Native Method)
	at java.lang.Thread.sleep(Thread.java:340)
	at java.util.concurrent.TimeUnit.sleep(TimeUnit.java:386)
	at org.apache.ratis.util.TimeDuration.sleep(TimeDuration.java:319)
	at org.apache.ratis.util.TimeDuration.sleep(TimeDuration.java:304)
	at org.apache.ratis.server.impl.FollowerState.run(FollowerState.java:117)
2020-12-23 14:05:48,106 [grpc-default-executor-2] INFO  metrics.RatisMetrics (RatisMetrics.java:lambda$create$0(36)) - Creating Metrics Registry : ratis.server_message_metrics.578fb040-f869-45ef-91a4-da79ba7884ec
2020-12-23 14:05:48,106 [578fb040-f869-45ef-91a4-da79ba7884ec@group-D175C3C695B5-LeaderElection52] INFO  impl.LeaderElection (LeaderElection.java:logAndReturn(68)) - 578fb040-f869-45ef-91a4-da79ba7884ec@group-D175C3C695B5-LeaderElection52: Election PASSED; received 1 response(s) [578fb040-f869-45ef-91a4-da79ba7884ec<-132632b1-c99d-4d56-baf0-ebc6ad7ec851#0:OK-t1] and 0 exception(s); 578fb040-f869-45ef-91a4-da79ba7884ec@group-D175C3C695B5:t1, leader=null, voted=578fb040-f869-45ef-91a4-da79ba7884ec, raftlog=578fb040-f869-45ef-91a4-da79ba7884ec@group-D175C3C695B5-SegmentedRaftLog:OPENED:c-1,f-1,i0, conf=-1: [578fb040-f869-45ef-91a4-da79ba7884ec|rpc:172.17.0.2:37771, 132632b1-c99d-4d56-baf0-ebc6ad7ec851|rpc:172.17.0.2:43673, cc79f115-dbdb-4899-88c3-1d2dbee4d898|rpc:172.17.0.2:35113], old=null
2020-12-23 14:05:48,106 [578fb040-f869-45ef-91a4-da79ba7884ec@group-D175C3C695B5-LeaderElection52] INFO  impl.RoleInfo (RoleInfo.java:shutdownLeaderElection(121)) - 578fb040-f869-45ef-91a4-da79ba7884ec: shutdown 578fb040-f869-45ef-91a4-da79ba7884ec@group-D175C3C695B5-LeaderElection52
2020-12-23 14:05:48,106 [578fb040-f869-45ef-91a4-da79ba7884ec@group-D175C3C695B5-LeaderElection52] INFO  server.RaftServer$Division (RaftServerImpl.java:setRole(275)) - 578fb040-f869-45ef-91a4-da79ba7884ec@group-D175C3C695B5: changes role from CANDIDATE to LEADER at term 1 for changeToLeader
2020-12-23 14:05:48,106 [578fb040-f869-45ef-91a4-da79ba7884ec@group-D175C3C695B5-LeaderElection52] INFO  ratis.XceiverServerRatis (XceiverServerRatis.java:handleLeaderChangedNotification(862)) - Leader change notification received for group: group-D175C3C695B5 with new leaderId: 578fb040-f869-45ef-91a4-da79ba7884ec
2020-12-23 14:05:48,106 [578fb040-f869-45ef-91a4-da79ba7884ec@group-D175C3C695B5-LeaderElection52] INFO  server.RaftServer$Division (ServerState.java:setLeader(258)) - 578fb040-f869-45ef-91a4-da79ba7884ec@group-D175C3C695B5: change Leader from null to 578fb040-f869-45ef-91a4-da79ba7884ec at term 1 for becomeLeader, leader elected after 5225ms
2020-12-23 14:05:48,106 [578fb040-f869-45ef-91a4-da79ba7884ec@group-D175C3C695B5-LeaderElection52] INFO  server.RaftServerConfigKeys (ConfUtils.java:logGet(44)) - raft.server.staging.catchup.gap = 1000 (default)
2020-12-23 14:05:48,107 [578fb040-f869-45ef-91a4-da79ba7884ec@group-D175C3C695B5-LeaderElection52] INFO  metrics.RatisMetrics (RatisMetrics.java:lambda$create$0(36)) - Creating Metrics Registry : ratis.log_appender.578fb040-f869-45ef-91a4-da79ba7884ec@group-D175C3C695B5
2020-12-23 14:05:48,107 [578fb040-f869-45ef-91a4-da79ba7884ec@group-D175C3C695B5-LeaderElection52] INFO  server.RaftServerConfigKeys (ConfUtils.java:logGet(44)) - raft.server.write.element-limit = 1024 (custom)
2020-12-23 14:05:48,107 [578fb040-f869-45ef-91a4-da79ba7884ec@group-D175C3C695B5-LeaderElection52] INFO  server.RaftServerConfigKeys (ConfUtils.java:logGet(44)) - raft.server.write.byte-limit = 1073741824 (custom)
2020-12-23 14:05:48,108 [EventQueue-PipelineReportForPipelineReportHandler] INFO  pipeline.PipelineStateManager (PipelineStateManager.java:openPipeline(132)) - Pipeline Pipeline[ Id: 380b8358-65d3-4403-9ac7-d175c3c695b5, Nodes: 578fb040-f869-45ef-91a4-da79ba7884ec{ip: 172.17.0.2, host: 8eef00ac434c, networkLocation: /default-rack, certSerialId: null, persistedOpState: IN_SERVICE, persistedOpStateExpiryEpochSec: 0}132632b1-c99d-4d56-baf0-ebc6ad7ec851{ip: 172.17.0.2, host: 8eef00ac434c, networkLocation: /default-rack, certSerialId: null, persistedOpState: IN_SERVICE, persistedOpStateExpiryEpochSec: 0}cc79f115-dbdb-4899-88c3-1d2dbee4d898{ip: 172.17.0.2, host: 8eef00ac434c, networkLocation: /default-rack, certSerialId: null, persistedOpState: IN_SERVICE, persistedOpStateExpiryEpochSec: 0}, Type:RATIS, Factor:THREE, State:ALLOCATED, leaderId:578fb040-f869-45ef-91a4-da79ba7884ec, CreationTimestamp2020-12-23T14:05:40.400Z] moved to OPEN state
2020-12-23 14:05:48,113 [578fb040-f869-45ef-91a4-da79ba7884ec@group-D175C3C695B5-LeaderElection52] INFO  server.RaftServerConfigKeys (ConfUtils.java:logGet(44)) - raft.server.watch.timeout = 180s (custom)
2020-12-23 14:05:48,113 [578fb040-f869-45ef-91a4-da79ba7884ec@group-D175C3C695B5-LeaderElection52] INFO  server.RaftServerConfigKeys (ConfUtils.java:logGet(44)) - raft.server.watch.timeout.denomination = 1s (default)
2020-12-23 14:05:48,113 [578fb040-f869-45ef-91a4-da79ba7884ec@group-D175C3C695B5-LeaderElection52] INFO  server.RaftServerConfigKeys (ConfUtils.java:logGet(44)) - raft.server.watch.element-limit = 65536 (default)
2020-12-23 14:05:48,113 [578fb040-f869-45ef-91a4-da79ba7884ec@group-D175C3C695B5-LeaderElection52] INFO  server.RaftServerConfigKeys (ConfUtils.java:logGet(44)) - raft.server.log.appender.snapshot.chunk.size.max = 16MB (=16777216) (default)
2020-12-23 14:05:48,113 [578fb040-f869-45ef-91a4-da79ba7884ec@group-D175C3C695B5-LeaderElection52] INFO  server.RaftServerConfigKeys (ConfUtils.java:logGet(44)) - raft.server.log.appender.buffer.byte-limit = 33554432 (custom)
2020-12-23 14:05:48,113 [578fb040-f869-45ef-91a4-da79ba7884ec@group-D175C3C695B5-LeaderElection52] INFO  server.RaftServerConfigKeys (ConfUtils.java:logGet(44)) - raft.server.log.appender.buffer.element-limit = 1 (custom)
2020-12-23 14:05:48,113 [578fb040-f869-45ef-91a4-da79ba7884ec@group-D175C3C695B5-LeaderElection52] INFO  grpc.GrpcConfigKeys (ConfUtils.java:logGet(44)) - raft.grpc.server.leader.outstanding.appends.max = 128 (default)
2020-12-23 14:05:48,114 [578fb040-f869-45ef-91a4-da79ba7884ec@group-D175C3C695B5-LeaderElection52] INFO  server.RaftServerConfigKeys (ConfUtils.java:logGet(44)) - raft.server.rpc.request.timeout = 60s (custom)
2020-12-23 14:05:48,115 [578fb040-f869-45ef-91a4-da79ba7884ec@group-D175C3C695B5-LeaderElection52] INFO  server.RaftServerConfigKeys (ConfUtils.java:logGet(44)) - raft.server.log.appender.install.snapshot.enabled = false (custom)
2020-12-23 14:05:48,116 [578fb040-f869-45ef-91a4-da79ba7884ec@group-D175C3C695B5-LeaderElection52] INFO  metrics.RatisMetrics (RatisMetrics.java:lambda$create$0(36)) - Creating Metrics Registry : ratis_grpc.log_appender.578fb040-f869-45ef-91a4-da79ba7884ec@group-D175C3C695B5
2020-12-23 14:05:48,118 [578fb040-f869-45ef-91a4-da79ba7884ec@group-D175C3C695B5-LeaderElection52] INFO  server.RaftServerConfigKeys (ConfUtils.java:logGet(44)) - raft.server.log.appender.snapshot.chunk.size.max = 16MB (=16777216) (default)
2020-12-23 14:05:48,118 [578fb040-f869-45ef-91a4-da79ba7884ec@group-D175C3C695B5-LeaderElection52] INFO  server.RaftServerConfigKeys (ConfUtils.java:logGet(44)) - raft.server.log.appender.buffer.byte-limit = 33554432 (custom)
2020-12-23 14:05:48,118 [578fb040-f869-45ef-91a4-da79ba7884ec@group-D175C3C695B5-LeaderElection52] INFO  server.RaftServerConfigKeys (ConfUtils.java:logGet(44)) - raft.server.log.appender.buffer.element-limit = 1 (custom)
2020-12-23 14:05:48,118 [578fb040-f869-45ef-91a4-da79ba7884ec@group-D175C3C695B5-LeaderElection52] INFO  grpc.GrpcConfigKeys (ConfUtils.java:logGet(44)) - raft.grpc.server.leader.outstanding.appends.max = 128 (default)
2020-12-23 14:05:48,118 [578fb040-f869-45ef-91a4-da79ba7884ec@group-D175C3C695B5-LeaderElection52] INFO  server.RaftServerConfigKeys (ConfUtils.java:logGet(44)) - raft.server.rpc.request.timeout = 60s (custom)
2020-12-23 14:05:48,118 [578fb040-f869-45ef-91a4-da79ba7884ec@group-D175C3C695B5-LeaderElection52] INFO  server.RaftServerConfigKeys (ConfUtils.java:logGet(44)) - raft.server.log.appender.install.snapshot.enabled = false (custom)
2020-12-23 14:05:48,120 [578fb040-f869-45ef-91a4-da79ba7884ec@group-D175C3C695B5-LeaderElection52] INFO  impl.RoleInfo (RoleInfo.java:updateAndGet(130)) - 578fb040-f869-45ef-91a4-da79ba7884ec: start 578fb040-f869-45ef-91a4-da79ba7884ec@group-D175C3C695B5-LeaderStateImpl
2020-12-23 14:05:48,121 [578fb040-f869-45ef-91a4-da79ba7884ec@group-D175C3C695B5-LeaderElection52] INFO  segmented.SegmentedRaftLogWorker (SegmentedRaftLogWorker.java:startLogSegment(392)) - 578fb040-f869-45ef-91a4-da79ba7884ec@group-D175C3C695B5-SegmentedRaftLogWorker: Starting segment from index:0
2020-12-23 14:05:48,122 [578fb040-f869-45ef-91a4-da79ba7884ec@group-D175C3C695B5-SegmentedRaftLogWorker] INFO  segmented.SegmentedRaftLogWorker (SegmentedRaftLogWorker.java:execute(599)) - 578fb040-f869-45ef-91a4-da79ba7884ec@group-D175C3C695B5-SegmentedRaftLogWorker: created new log segment /github/workspace/mnt/ozone/hadoop-ozone/integration-test/target/test-dir/MiniOzoneClusterImpl-4d4d8361-1f31-4e15-8531-152295c781bb/datanode-3/data/ratis/380b8358-65d3-4403-9ac7-d175c3c695b5/current/log_inprogress_0
2020-12-23 14:05:48,126 [578fb040-f869-45ef-91a4-da79ba7884ec@group-D175C3C695B5-LeaderElection52] INFO  server.RaftServer$Division (ServerState.java:setRaftConf(374)) - 578fb040-f869-45ef-91a4-da79ba7884ec@group-D175C3C695B5: set configuration 0: [578fb040-f869-45ef-91a4-da79ba7884ec|rpc:172.17.0.2:37771|dataStream:, 132632b1-c99d-4d56-baf0-ebc6ad7ec851|rpc:172.17.0.2:43673|dataStream:, cc79f115-dbdb-4899-88c3-1d2dbee4d898|rpc:172.17.0.2:35113|dataStream:], old=null at 0
2020-12-23 14:05:48,126 [grpc-default-executor-2] INFO  server.RaftServer$Division (RaftServerImpl.java:requestVote(973)) - 578fb040-f869-45ef-91a4-da79ba7884ec@group-D175C3C695B5-   LEADER: Withhold vote from candidate cc79f115-dbdb-4899-88c3-1d2dbee4d898 with term 1. State: leader=578fb040-f869-45ef-91a4-da79ba7884ec, term=1, lastRpcElapsed=null
2020-12-23 14:05:48,141 [cc79f115-dbdb-4899-88c3-1d2dbee4d898@group-D175C3C695B5-LeaderElection54] INFO  impl.LeaderElection (LeaderElection.java:logAndReturn(68)) - cc79f115-dbdb-4899-88c3-1d2dbee4d898@group-D175C3C695B5-LeaderElection54: Election REJECTED; received 2 response(s) [cc79f115-dbdb-4899-88c3-1d2dbee4d898<-578fb040-f869-45ef-91a4-da79ba7884ec#0:FAIL-t1, cc79f115-dbdb-4899-88c3-1d2dbee4d898<-132632b1-c99d-4d56-baf0-ebc6ad7ec851#0:FAIL-t1] and 0 exception(s); cc79f115-dbdb-4899-88c3-1d2dbee4d898@group-D175C3C695B5:t1, leader=null, voted=cc79f115-dbdb-4899-88c3-1d2dbee4d898, raftlog=cc79f115-dbdb-4899-88c3-1d2dbee4d898@group-D175C3C695B5-SegmentedRaftLog:OPENED:c-1,f-1,i0, conf=-1: [578fb040-f869-45ef-91a4-da79ba7884ec|rpc:172.17.0.2:37771|dataStream:, 132632b1-c99d-4d56-baf0-ebc6ad7ec851|rpc:172.17.0.2:43673|dataStream:, cc79f115-dbdb-4899-88c3-1d2dbee4d898|rpc:172.17.0.2:35113|dataStream:], old=null
2020-12-23 14:05:48,142 [cc79f115-dbdb-4899-88c3-1d2dbee4d898@group-D175C3C695B5-LeaderElection54] INFO  server.RaftServer$Division (RaftServerImpl.java:setRole(275)) - cc79f115-dbdb-4899-88c3-1d2dbee4d898@group-D175C3C695B5: changes role from CANDIDATE to FOLLOWER at term 1 for DISCOVERED_A_NEW_TERM
2020-12-23 14:05:48,142 [cc79f115-dbdb-4899-88c3-1d2dbee4d898@group-D175C3C695B5-LeaderElection54] INFO  impl.RoleInfo (RoleInfo.java:shutdownLeaderElection(121)) - cc79f115-dbdb-4899-88c3-1d2dbee4d898: shutdown cc79f115-dbdb-4899-88c3-1d2dbee4d898@group-D175C3C695B5-LeaderElection54
2020-12-23 14:05:48,142 [cc79f115-dbdb-4899-88c3-1d2dbee4d898@group-D175C3C695B5-LeaderElection54] INFO  impl.RoleInfo (RoleInfo.java:updateAndGet(130)) - cc79f115-dbdb-4899-88c3-1d2dbee4d898: start cc79f115-dbdb-4899-88c3-1d2dbee4d898@group-D175C3C695B5-FollowerState
2020-12-23 14:05:48,149 [Listener at 127.0.0.1/39909] INFO  metrics.RatisMetrics (RatisMetrics.java:lambda$create$0(36)) - Creating Metrics Registry : ratis.client_message_metrics.client-A339A64472D7->578fb040-f869-45ef-91a4-da79ba7884ec
2020-12-23 14:05:48,156 [grpc-default-executor-4] INFO  ratis.XceiverServerRatis (XceiverServerRatis.java:handleLeaderChangedNotification(862)) - Leader change notification received for group: group-D175C3C695B5 with new leaderId: 578fb040-f869-45ef-91a4-da79ba7884ec
2020-12-23 14:05:48,156 [grpc-default-executor-4] INFO  server.RaftServer$Division (ServerState.java:setLeader(258)) - cc79f115-dbdb-4899-88c3-1d2dbee4d898@group-D175C3C695B5: change Leader from null to 578fb040-f869-45ef-91a4-da79ba7884ec at term 1 for appendEntries, leader elected after 5226ms
2020-12-23 14:05:48,163 [grpc-default-executor-0] INFO  ratis.XceiverServerRatis (XceiverServerRatis.java:handleLeaderChangedNotification(862)) - Leader change notification received for group: group-D175C3C695B5 with new leaderId: 578fb040-f869-45ef-91a4-da79ba7884ec
2020-12-23 14:05:48,163 [grpc-default-executor-0] INFO  server.RaftServer$Division (ServerState.java:setLeader(258)) - 132632b1-c99d-4d56-baf0-ebc6ad7ec851@group-D175C3C695B5: change Leader from null to 578fb040-f869-45ef-91a4-da79ba7884ec at term 1 for appendEntries, leader elected after 5260ms
2020-12-23 14:05:48,165 [grpc-default-executor-4] INFO  server.RaftServer$Division (ServerState.java:setRaftConf(374)) - cc79f115-dbdb-4899-88c3-1d2dbee4d898@group-D175C3C695B5: set configuration 0: [578fb040-f869-45ef-91a4-da79ba7884ec|rpc:172.17.0.2:37771|dataStream:, 132632b1-c99d-4d56-baf0-ebc6ad7ec851|rpc:172.17.0.2:43673|dataStream:, cc79f115-dbdb-4899-88c3-1d2dbee4d898|rpc:172.17.0.2:35113|dataStream:], old=null at 0
2020-12-23 14:05:48,168 [grpc-default-executor-0] INFO  server.RaftServer$Division (ServerState.java:setRaftConf(374)) - 132632b1-c99d-4d56-baf0-ebc6ad7ec851@group-D175C3C695B5: set configuration 0: [578fb040-f869-45ef-91a4-da79ba7884ec|rpc:172.17.0.2:37771|dataStream:, 132632b1-c99d-4d56-baf0-ebc6ad7ec851|rpc:172.17.0.2:43673|dataStream:, cc79f115-dbdb-4899-88c3-1d2dbee4d898|rpc:172.17.0.2:35113|dataStream:], old=null at 0
2020-12-23 14:05:48,169 [grpc-default-executor-4] INFO  segmented.SegmentedRaftLogWorker (SegmentedRaftLogWorker.java:startLogSegment(392)) - cc79f115-dbdb-4899-88c3-1d2dbee4d898@group-D175C3C695B5-SegmentedRaftLogWorker: Starting segment from index:0
2020-12-23 14:05:48,169 [grpc-default-executor-0] INFO  segmented.SegmentedRaftLogWorker (SegmentedRaftLogWorker.java:startLogSegment(392)) - 132632b1-c99d-4d56-baf0-ebc6ad7ec851@group-D175C3C695B5-SegmentedRaftLogWorker: Starting segment from index:0
2020-12-23 14:05:48,174 [132632b1-c99d-4d56-baf0-ebc6ad7ec851@group-D175C3C695B5-SegmentedRaftLogWorker] INFO  segmented.SegmentedRaftLogWorker (SegmentedRaftLogWorker.java:execute(599)) - 132632b1-c99d-4d56-baf0-ebc6ad7ec851@group-D175C3C695B5-SegmentedRaftLogWorker: created new log segment /github/workspace/mnt/ozone/hadoop-ozone/integration-test/target/test-dir/MiniOzoneClusterImpl-4d4d8361-1f31-4e15-8531-152295c781bb/datanode-4/data/ratis/380b8358-65d3-4403-9ac7-d175c3c695b5/current/log_inprogress_0
2020-12-23 14:05:48,178 [cc79f115-dbdb-4899-88c3-1d2dbee4d898@group-D175C3C695B5-SegmentedRaftLogWorker] INFO  segmented.SegmentedRaftLogWorker (SegmentedRaftLogWorker.java:execute(599)) - cc79f115-dbdb-4899-88c3-1d2dbee4d898@group-D175C3C695B5-SegmentedRaftLogWorker: created new log segment /github/workspace/mnt/ozone/hadoop-ozone/integration-test/target/test-dir/MiniOzoneClusterImpl-4d4d8361-1f31-4e15-8531-152295c781bb/datanode-5/data/ratis/380b8358-65d3-4403-9ac7-d175c3c695b5/current/log_inprogress_0
2020-12-23 14:05:48,214 [Thread-3257] INFO  impl.FollowerState (FollowerState.java:run(133)) - 132632b1-c99d-4d56-baf0-ebc6ad7ec851@group-F3395DB11D06-FollowerState: change to CANDIDATE, lastRpcElapsedTime:5113368332ns, electionTimeout:5113ms
2020-12-23 14:05:48,215 [Thread-3257] INFO  impl.RoleInfo (RoleInfo.java:shutdownFollowerState(108)) - 132632b1-c99d-4d56-baf0-ebc6ad7ec851: shutdown 132632b1-c99d-4d56-baf0-ebc6ad7ec851@group-F3395DB11D06-FollowerState
2020-12-23 14:05:48,215 [Thread-3257] INFO  server.RaftServer$Division (RaftServerImpl.java:setRole(275)) - 132632b1-c99d-4d56-baf0-ebc6ad7ec851@group-F3395DB11D06: changes role from  FOLLOWER to CANDIDATE at term 0 for changeToCandidate
2020-12-23 14:05:48,215 [Thread-3257] INFO  impl.RoleInfo (RoleInfo.java:updateAndGet(130)) - 132632b1-c99d-4d56-baf0-ebc6ad7ec851: start 132632b1-c99d-4d56-baf0-ebc6ad7ec851@group-F3395DB11D06-LeaderElection55
2020-12-23 14:05:48,229 [132632b1-c99d-4d56-baf0-ebc6ad7ec851@group-F3395DB11D06-LeaderElection55] INFO  impl.LeaderElection (LeaderElection.java:askForVotes(219)) - 132632b1-c99d-4d56-baf0-ebc6ad7ec851@group-F3395DB11D06-LeaderElection55: begin an election at term 1 for -1: [132632b1-c99d-4d56-baf0-ebc6ad7ec851|rpc:172.17.0.2:43673], old=null
2020-12-23 14:05:48,230 [132632b1-c99d-4d56-baf0-ebc6ad7ec851@group-F3395DB11D06-LeaderElection55] INFO  impl.RoleInfo (RoleInfo.java:shutdownLeaderElection(121)) - 132632b1-c99d-4d56-baf0-ebc6ad7ec851: shutdown 132632b1-c99d-4d56-baf0-ebc6ad7ec851@group-F3395DB11D06-LeaderElection55
2020-12-23 14:05:48,230 [132632b1-c99d-4d56-baf0-ebc6ad7ec851@group-F3395DB11D06-LeaderElection55] INFO  server.RaftServer$Division (RaftServerImpl.java:setRole(275)) - 132632b1-c99d-4d56-baf0-ebc6ad7ec851@group-F3395DB11D06: changes role from CANDIDATE to LEADER at term 1 for changeToLeader
2020-12-23 14:05:48,230 [132632b1-c99d-4d56-baf0-ebc6ad7ec851@group-F3395DB11D06-LeaderElection55] INFO  ratis.XceiverServerRatis (XceiverServerRatis.java:handleLeaderChangedNotification(862)) - Leader change notification received for group: group-F3395DB11D06 with new leaderId: 132632b1-c99d-4d56-baf0-ebc6ad7ec851
2020-12-23 14:05:48,230 [132632b1-c99d-4d56-baf0-ebc6ad7ec851@group-F3395DB11D06-LeaderElection55] INFO  server.RaftServer$Division (ServerState.java:setLeader(258)) - 132632b1-c99d-4d56-baf0-ebc6ad7ec851@group-F3395DB11D06: change Leader from null to 132632b1-c99d-4d56-baf0-ebc6ad7ec851 at term 1 for becomeLeader, leader elected after 5136ms
2020-12-23 14:05:48,230 [132632b1-c99d-4d56-baf0-ebc6ad7ec851@group-F3395DB11D06-LeaderElection55] INFO  server.RaftServerConfigKeys (ConfUtils.java:logGet(44)) - raft.server.staging.catchup.gap = 1000 (default)
2020-12-23 14:05:48,230 [132632b1-c99d-4d56-baf0-ebc6ad7ec851@group-F3395DB11D06-LeaderElection55] INFO  metrics.RatisMetrics (RatisMetrics.java:lambda$create$0(36)) - Creating Metrics Registry : ratis.log_appender.132632b1-c99d-4d56-baf0-ebc6ad7ec851@group-F3395DB11D06
2020-12-23 14:05:48,231 [132632b1-c99d-4d56-baf0-ebc6ad7ec851@group-F3395DB11D06-LeaderElection55] INFO  server.RaftServerConfigKeys (ConfUtils.java:logGet(44)) - raft.server.write.element-limit = 1024 (custom)
2020-12-23 14:05:48,231 [132632b1-c99d-4d56-baf0-ebc6ad7ec851@group-F3395DB11D06-LeaderElection55] INFO  server.RaftServerConfigKeys (ConfUtils.java:logGet(44)) - raft.server.write.byte-limit = 1073741824 (custom)
2020-12-23 14:05:48,231 [132632b1-c99d-4d56-baf0-ebc6ad7ec851@group-F3395DB11D06-LeaderElection55] INFO  server.RaftServerConfigKeys (ConfUtils.java:logGet(44)) - raft.server.watch.timeout = 180s (custom)
2020-12-23 14:05:48,231 [132632b1-c99d-4d56-baf0-ebc6ad7ec851@group-F3395DB11D06-LeaderElection55] INFO  server.RaftServerConfigKeys (ConfUtils.java:logGet(44)) - raft.server.watch.timeout.denomination = 1s (default)
2020-12-23 14:05:48,231 [132632b1-c99d-4d56-baf0-ebc6ad7ec851@group-F3395DB11D06-LeaderElection55] INFO  server.RaftServerConfigKeys (ConfUtils.java:logGet(44)) - raft.server.watch.element-limit = 65536 (default)
2020-12-23 14:05:48,231 [132632b1-c99d-4d56-baf0-ebc6ad7ec851@group-F3395DB11D06-LeaderElection55] INFO  impl.RoleInfo (RoleInfo.java:updateAndGet(130)) - 132632b1-c99d-4d56-baf0-ebc6ad7ec851: start 132632b1-c99d-4d56-baf0-ebc6ad7ec851@group-F3395DB11D06-LeaderStateImpl
2020-12-23 14:05:48,232 [132632b1-c99d-4d56-baf0-ebc6ad7ec851@group-F3395DB11D06-LeaderElection55] INFO  segmented.SegmentedRaftLogWorker (SegmentedRaftLogWorker.java:startLogSegment(392)) - 132632b1-c99d-4d56-baf0-ebc6ad7ec851@group-F3395DB11D06-SegmentedRaftLogWorker: Starting segment from index:0
2020-12-23 14:05:48,233 [132632b1-c99d-4d56-baf0-ebc6ad7ec851@group-F3395DB11D06-LeaderElection55] INFO  server.RaftServer$Division (ServerState.java:setRaftConf(374)) - 132632b1-c99d-4d56-baf0-ebc6ad7ec851@group-F3395DB11D06: set configuration 0: [132632b1-c99d-4d56-baf0-ebc6ad7ec851|rpc:172.17.0.2:43673|dataStream:], old=null at 0
2020-12-23 14:05:48,233 [132632b1-c99d-4d56-baf0-ebc6ad7ec851@group-F3395DB11D06-SegmentedRaftLogWorker] INFO  segmented.SegmentedRaftLogWorker (SegmentedRaftLogWorker.java:execute(599)) - 132632b1-c99d-4d56-baf0-ebc6ad7ec851@group-F3395DB11D06-SegmentedRaftLogWorker: created new log segment /github/workspace/mnt/ozone/hadoop-ozone/integration-test/target/test-dir/MiniOzoneClusterImpl-4d4d8361-1f31-4e15-8531-152295c781bb/datanode-4/data/ratis/28155338-0ecd-4a03-b1b1-f3395db11d06/current/log_inprogress_0
2020-12-23 14:05:48,440 [Thread-3259] INFO  impl.FollowerState (FollowerState.java:run(133)) - cc79f115-dbdb-4899-88c3-1d2dbee4d898@group-C9CC3117B1ED-FollowerState: change to CANDIDATE, lastRpcElapsedTime:5032408844ns, electionTimeout:5032ms
2020-12-23 14:05:48,441 [Thread-3259] INFO  impl.RoleInfo (RoleInfo.java:shutdownFollowerState(108)) - cc79f115-dbdb-4899-88c3-1d2dbee4d898: shutdown cc79f115-dbdb-4899-88c3-1d2dbee4d898@group-C9CC3117B1ED-FollowerState
2020-12-23 14:05:48,441 [Thread-3259] INFO  server.RaftServer$Division (RaftServerImpl.java:setRole(275)) - cc79f115-dbdb-4899-88c3-1d2dbee4d898@group-C9CC3117B1ED: changes role from  FOLLOWER to CANDIDATE at term 0 for changeToCandidate
2020-12-23 14:05:48,441 [Thread-3259] INFO  impl.RoleInfo (RoleInfo.java:updateAndGet(130)) - cc79f115-dbdb-4899-88c3-1d2dbee4d898: start cc79f115-dbdb-4899-88c3-1d2dbee4d898@group-C9CC3117B1ED-LeaderElection56
2020-12-23 14:05:48,444 [cc79f115-dbdb-4899-88c3-1d2dbee4d898@group-C9CC3117B1ED-LeaderElection56] INFO  impl.LeaderElection (LeaderElection.java:askForVotes(219)) - cc79f115-dbdb-4899-88c3-1d2dbee4d898@group-C9CC3117B1ED-LeaderElection56: begin an election at term 1 for -1: [cc79f115-dbdb-4899-88c3-1d2dbee4d898|rpc:172.17.0.2:35113], old=null
2020-12-23 14:05:48,444 [cc79f115-dbdb-4899-88c3-1d2dbee4d898@group-C9CC3117B1ED-LeaderElection56] INFO  impl.RoleInfo (RoleInfo.java:shutdownLeaderElection(121)) - cc79f115-dbdb-4899-88c3-1d2dbee4d898: shutdown cc79f115-dbdb-4899-88c3-1d2dbee4d898@group-C9CC3117B1ED-LeaderElection56
2020-12-23 14:05:48,444 [cc79f115-dbdb-4899-88c3-1d2dbee4d898@group-C9CC3117B1ED-LeaderElection56] INFO  server.RaftServer$Division (RaftServerImpl.java:setRole(275)) - cc79f115-dbdb-4899-88c3-1d2dbee4d898@group-C9CC3117B1ED: changes role from CANDIDATE to LEADER at term 1 for changeToLeader
2020-12-23 14:05:48,444 [cc79f115-dbdb-4899-88c3-1d2dbee4d898@group-C9CC3117B1ED-LeaderElection56] INFO  ratis.XceiverServerRatis (XceiverServerRatis.java:handleLeaderChangedNotification(862)) - Leader change notification received for group: group-C9CC3117B1ED with new leaderId: cc79f115-dbdb-4899-88c3-1d2dbee4d898
2020-12-23 14:05:48,444 [cc79f115-dbdb-4899-88c3-1d2dbee4d898@group-C9CC3117B1ED-LeaderElection56] INFO  server.RaftServer$Division (ServerState.java:setLeader(258)) - cc79f115-dbdb-4899-88c3-1d2dbee4d898@group-C9CC3117B1ED: change Leader from null to cc79f115-dbdb-4899-88c3-1d2dbee4d898 at term 1 for becomeLeader, leader elected after 5044ms
2020-12-23 14:05:48,445 [cc79f115-dbdb-4899-88c3-1d2dbee4d898@group-C9CC3117B1ED-LeaderElection56] INFO  server.RaftServerConfigKeys (ConfUtils.java:logGet(44)) - raft.server.staging.catchup.gap = 1000 (default)
2020-12-23 14:05:48,445 [cc79f115-dbdb-4899-88c3-1d2dbee4d898@group-C9CC3117B1ED-LeaderElection56] INFO  metrics.RatisMetrics (RatisMetrics.java:lambda$create$0(36)) - Creating Metrics Registry : ratis.log_appender.cc79f115-dbdb-4899-88c3-1d2dbee4d898@group-C9CC3117B1ED
2020-12-23 14:05:48,445 [cc79f115-dbdb-4899-88c3-1d2dbee4d898@group-C9CC3117B1ED-LeaderElection56] INFO  server.RaftServerConfigKeys (ConfUtils.java:logGet(44)) - raft.server.write.element-limit = 1024 (custom)
2020-12-23 14:05:48,445 [cc79f115-dbdb-4899-88c3-1d2dbee4d898@group-C9CC3117B1ED-LeaderElection56] INFO  server.RaftServerConfigKeys (ConfUtils.java:logGet(44)) - raft.server.write.byte-limit = 1073741824 (custom)
2020-12-23 14:05:48,446 [cc79f115-dbdb-4899-88c3-1d2dbee4d898@group-C9CC3117B1ED-LeaderElection56] INFO  server.RaftServerConfigKeys (ConfUtils.java:logGet(44)) - raft.server.watch.timeout = 180s (custom)
2020-12-23 14:05:48,446 [cc79f115-dbdb-4899-88c3-1d2dbee4d898@group-C9CC3117B1ED-LeaderElection56] INFO  server.RaftServerConfigKeys (ConfUtils.java:logGet(44)) - raft.server.watch.timeout.denomination = 1s (default)
2020-12-23 14:05:48,446 [cc79f115-dbdb-4899-88c3-1d2dbee4d898@group-C9CC3117B1ED-LeaderElection56] INFO  server.RaftServerConfigKeys (ConfUtils.java:logGet(44)) - raft.server.watch.element-limit = 65536 (default)
2020-12-23 14:05:48,446 [cc79f115-dbdb-4899-88c3-1d2dbee4d898@group-C9CC3117B1ED-LeaderElection56] INFO  impl.RoleInfo (RoleInfo.java:updateAndGet(130)) - cc79f115-dbdb-4899-88c3-1d2dbee4d898: start cc79f115-dbdb-4899-88c3-1d2dbee4d898@group-C9CC3117B1ED-LeaderStateImpl
2020-12-23 14:05:48,447 [cc79f115-dbdb-4899-88c3-1d2dbee4d898@group-C9CC3117B1ED-LeaderElection56] INFO  segmented.SegmentedRaftLogWorker (SegmentedRaftLogWorker.java:startLogSegment(392)) - cc79f115-dbdb-4899-88c3-1d2dbee4d898@group-C9CC3117B1ED-SegmentedRaftLogWorker: Starting segment from index:0
2020-12-23 14:05:48,447 [cc79f115-dbdb-4899-88c3-1d2dbee4d898@group-C9CC3117B1ED-LeaderElection56] INFO  server.RaftServer$Division (ServerState.java:setRaftConf(374)) - cc79f115-dbdb-4899-88c3-1d2dbee4d898@group-C9CC3117B1ED: set configuration 0: [cc79f115-dbdb-4899-88c3-1d2dbee4d898|rpc:172.17.0.2:35113|dataStream:], old=null at 0
2020-12-23 14:05:48,448 [cc79f115-dbdb-4899-88c3-1d2dbee4d898@group-C9CC3117B1ED-SegmentedRaftLogWorker] INFO  segmented.SegmentedRaftLogWorker (SegmentedRaftLogWorker.java:execute(599)) - cc79f115-dbdb-4899-88c3-1d2dbee4d898@group-C9CC3117B1ED-SegmentedRaftLogWorker: created new log segment /github/workspace/mnt/ozone/hadoop-ozone/integration-test/target/test-dir/MiniOzoneClusterImpl-4d4d8361-1f31-4e15-8531-152295c781bb/datanode-5/data/ratis/6f103dfe-c761-483a-81e1-c9cc3117b1ed/current/log_inprogress_0
2020-12-23 14:05:49,747 [IPC Server handler 4 on default port 36155] INFO  node.NodeDecommissionManager (NodeDecommissionManager.java:startDecommission(258)) - Starting Decommission for node b1088989-c4df-426b-96dd-e7d1e2f5d3a9{ip: 172.17.0.2, host: 8eef00ac434c, networkLocation: /default-rack, certSerialId: null, persistedOpState: IN_SERVICE, persistedOpStateExpiryEpochSec: 0}
2020-12-23 14:05:49,796 [DatanodeAdminManager-0] INFO  node.DatanodeAdminMonitorImpl (DatanodeAdminMonitorImpl.java:checkPipelinesClosedOnNode(267)) - Waiting for pipelines to close for b1088989-c4df-426b-96dd-e7d1e2f5d3a9{ip: 172.17.0.2, host: 8eef00ac434c, networkLocation: /default-rack, certSerialId: null, persistedOpState: IN_SERVICE, persistedOpStateExpiryEpochSec: 0}. There are 2 pipelines
2020-12-23 14:05:49,796 [EventQueue-StartAdminOnNodeForStartDatanodeAdminHandler] INFO  node.StartDatanodeAdminHandler (StartDatanodeAdminHandler.java:onMessage(56)) - Admin start on datanode b1088989-c4df-426b-96dd-e7d1e2f5d3a9{ip: 172.17.0.2, host: 8eef00ac434c, networkLocation: /default-rack, certSerialId: null, persistedOpState: IN_SERVICE, persistedOpStateExpiryEpochSec: 0}. Finalizing its pipelines [PipelineID=49d7aabe-f59e-4642-82be-b5b05ce780de, PipelineID=a4f5a0ab-482a-4386-9b01-35026810e6ae]
2020-12-23 14:05:49,796 [DatanodeAdminManager-0] INFO  node.DatanodeAdminMonitorImpl (DatanodeAdminMonitorImpl.java:run(136)) - There are 1 nodes tracked for decommission and maintenance. 0 pending nodes.
2020-12-23 14:05:49,797 [EventQueue-StartAdminOnNodeForStartDatanodeAdminHandler] INFO  pipeline.SCMPipelineManager (SCMPipelineManager.java:finalizeAndDestroyPipeline(482)) - Destroying pipeline:Pipeline[ Id: 49d7aabe-f59e-4642-82be-b5b05ce780de, Nodes: 68877139-4f8e-42eb-81b1-3d9b1c196839{ip: 172.17.0.2, host: 8eef00ac434c, networkLocation: /default-rack, certSerialId: null, persistedOpState: IN_SERVICE, persistedOpStateExpiryEpochSec: 0}72ddd1cf-406a-46d1-a670-cde8064896da{ip: 172.17.0.2, host: 8eef00ac434c, networkLocation: /default-rack, certSerialId: null, persistedOpState: IN_SERVICE, persistedOpStateExpiryEpochSec: 0}b1088989-c4df-426b-96dd-e7d1e2f5d3a9{ip: 172.17.0.2, host: 8eef00ac434c, networkLocation: /default-rack, certSerialId: null, persistedOpState: IN_SERVICE, persistedOpStateExpiryEpochSec: 0}, Type:RATIS, Factor:THREE, State:OPEN, leaderId:68877139-4f8e-42eb-81b1-3d9b1c196839, CreationTimestamp2020-12-23T14:05:39.665Z]
2020-12-23 14:05:49,797 [EventQueue-StartAdminOnNodeForStartDatanodeAdminHandler] INFO  pipeline.PipelineStateManager (PipelineStateManager.java:finalizePipeline(121)) - Pipeline Pipeline[ Id: 49d7aabe-f59e-4642-82be-b5b05ce780de, Nodes: 68877139-4f8e-42eb-81b1-3d9b1c196839{ip: 172.17.0.2, host: 8eef00ac434c, networkLocation: /default-rack, certSerialId: null, persistedOpState: IN_SERVICE, persistedOpStateExpiryEpochSec: 0}72ddd1cf-406a-46d1-a670-cde8064896da{ip: 172.17.0.2, host: 8eef00ac434c, networkLocation: /default-rack, certSerialId: null, persistedOpState: IN_SERVICE, persistedOpStateExpiryEpochSec: 0}b1088989-c4df-426b-96dd-e7d1e2f5d3a9{ip: 172.17.0.2, host: 8eef00ac434c, networkLocation: /default-rack, certSerialId: null, persistedOpState: IN_SERVICE, persistedOpStateExpiryEpochSec: 0}, Type:RATIS, Factor:THREE, State:CLOSED, leaderId:68877139-4f8e-42eb-81b1-3d9b1c196839, CreationTimestamp2020-12-23T14:05:39.665Z] moved to CLOSED state
2020-12-23 14:05:49,798 [EventQueue-CloseContainerForCloseContainerEventHandler] INFO  container.CloseContainerEventHandler (CloseContainerEventHandler.java:onMessage(61)) - Close container Event triggered for container : #1
2020-12-23 14:05:49,798 [EventQueue-CloseContainerForCloseContainerEventHandler] INFO  container.CloseContainerEventHandler (CloseContainerEventHandler.java:onMessage(61)) - Close container Event triggered for container : #2
2020-12-23 14:05:49,798 [EventQueue-StartAdminOnNodeForStartDatanodeAdminHandler] INFO  pipeline.RatisPipelineProvider (RatisPipelineProvider.java:lambda$close$1(199)) - Send pipeline:PipelineID=49d7aabe-f59e-4642-82be-b5b05ce780de close command to datanode 68877139-4f8e-42eb-81b1-3d9b1c196839
2020-12-23 14:05:49,799 [EventQueue-StartAdminOnNodeForStartDatanodeAdminHandler] INFO  pipeline.RatisPipelineProvider (RatisPipelineProvider.java:lambda$close$1(199)) - Send pipeline:PipelineID=49d7aabe-f59e-4642-82be-b5b05ce780de close command to datanode 72ddd1cf-406a-46d1-a670-cde8064896da
2020-12-23 14:05:49,799 [EventQueue-StartAdminOnNodeForStartDatanodeAdminHandler] INFO  pipeline.RatisPipelineProvider (RatisPipelineProvider.java:lambda$close$1(199)) - Send pipeline:PipelineID=49d7aabe-f59e-4642-82be-b5b05ce780de close command to datanode b1088989-c4df-426b-96dd-e7d1e2f5d3a9
2020-12-23 14:05:49,799 [EventQueue-StartAdminOnNodeForStartDatanodeAdminHandler] INFO  pipeline.PipelineStateManager (PipelineStateManager.java:removePipeline(106)) - Pipeline Pipeline[ Id: 49d7aabe-f59e-4642-82be-b5b05ce780de, Nodes: 68877139-4f8e-42eb-81b1-3d9b1c196839{ip: 172.17.0.2, host: 8eef00ac434c, networkLocation: /default-rack, certSerialId: null, persistedOpState: IN_SERVICE, persistedOpStateExpiryEpochSec: 0}72ddd1cf-406a-46d1-a670-cde8064896da{ip: 172.17.0.2, host: 8eef00ac434c, networkLocation: /default-rack, certSerialId: null, persistedOpState: IN_SERVICE, persistedOpStateExpiryEpochSec: 0}b1088989-c4df-426b-96dd-e7d1e2f5d3a9{ip: 172.17.0.2, host: 8eef00ac434c, networkLocation: /default-rack, certSerialId: null, persistedOpState: IN_SERVICE, persistedOpStateExpiryEpochSec: 0}, Type:RATIS, Factor:THREE, State:CLOSED, leaderId:68877139-4f8e-42eb-81b1-3d9b1c196839, CreationTimestamp2020-12-23T14:05:39.665Z] removed from db
2020-12-23 14:05:49,800 [EventQueue-StartAdminOnNodeForStartDatanodeAdminHandler] INFO  pipeline.SCMPipelineManager (SCMPipelineManager.java:finalizeAndDestroyPipeline(482)) - Destroying pipeline:Pipeline[ Id: a4f5a0ab-482a-4386-9b01-35026810e6ae, Nodes: b1088989-c4df-426b-96dd-e7d1e2f5d3a9{ip: 172.17.0.2, host: 8eef00ac434c, networkLocation: /default-rack, certSerialId: null, persistedOpState: IN_SERVICE, persistedOpStateExpiryEpochSec: 0}, Type:RATIS, Factor:ONE, State:OPEN, leaderId:b1088989-c4df-426b-96dd-e7d1e2f5d3a9, CreationTimestamp2020-12-23T14:05:39.437Z]
2020-12-23 14:05:49,801 [EventQueue-StartAdminOnNodeForStartDatanodeAdminHandler] INFO  pipeline.PipelineStateManager (PipelineStateManager.java:finalizePipeline(121)) - Pipeline Pipeline[ Id: a4f5a0ab-482a-4386-9b01-35026810e6ae, Nodes: b1088989-c4df-426b-96dd-e7d1e2f5d3a9{ip: 172.17.0.2, host: 8eef00ac434c, networkLocation: /default-rack, certSerialId: null, persistedOpState: IN_SERVICE, persistedOpStateExpiryEpochSec: 0}, Type:RATIS, Factor:ONE, State:CLOSED, leaderId:b1088989-c4df-426b-96dd-e7d1e2f5d3a9, CreationTimestamp2020-12-23T14:05:39.437Z] moved to CLOSED state
2020-12-23 14:05:49,801 [EventQueue-StartAdminOnNodeForStartDatanodeAdminHandler] INFO  pipeline.RatisPipelineProvider (RatisPipelineProvider.java:lambda$close$1(199)) - Send pipeline:PipelineID=a4f5a0ab-482a-4386-9b01-35026810e6ae close command to datanode b1088989-c4df-426b-96dd-e7d1e2f5d3a9
2020-12-23 14:05:49,802 [EventQueue-StartAdminOnNodeForStartDatanodeAdminHandler] INFO  pipeline.PipelineStateManager (PipelineStateManager.java:removePipeline(106)) - Pipeline Pipeline[ Id: a4f5a0ab-482a-4386-9b01-35026810e6ae, Nodes: b1088989-c4df-426b-96dd-e7d1e2f5d3a9{ip: 172.17.0.2, host: 8eef00ac434c, networkLocation: /default-rack, certSerialId: null, persistedOpState: IN_SERVICE, persistedOpStateExpiryEpochSec: 0}, Type:RATIS, Factor:ONE, State:CLOSED, leaderId:b1088989-c4df-426b-96dd-e7d1e2f5d3a9, CreationTimestamp2020-12-23T14:05:39.437Z] removed from db
2020-12-23 14:05:50,375 [EventQueue-Delayed safe mode statusForReplicationManager] INFO  container.ReplicationManager (ReplicationManager.java:start(186)) - Starting Replication Monitor Thread.
2020-12-23 14:05:50,377 [ReplicationMonitor] INFO  container.ReplicationManager (ReplicationManager.java:sendCloseCommand(948)) - Sending close container command for container #1 to datanode b1088989-c4df-426b-96dd-e7d1e2f5d3a9{ip: 172.17.0.2, host: 8eef00ac434c, networkLocation: /default-rack, certSerialId: null, persistedOpState: IN_SERVICE, persistedOpStateExpiryEpochSec: 0}.
2020-12-23 14:05:50,377 [ReplicationMonitor] INFO  container.ReplicationManager (ReplicationManager.java:sendCloseCommand(948)) - Sending close container command for container #1 to datanode 72ddd1cf-406a-46d1-a670-cde8064896da{ip: 172.17.0.2, host: 8eef00ac434c, networkLocation: /default-rack, certSerialId: null, persistedOpState: IN_SERVICE, persistedOpStateExpiryEpochSec: 0}.
2020-12-23 14:05:50,377 [ReplicationMonitor] INFO  container.ReplicationManager (ReplicationManager.java:sendCloseCommand(948)) - Sending close container command for container #1 to datanode 68877139-4f8e-42eb-81b1-3d9b1c196839{ip: 172.17.0.2, host: 8eef00ac434c, networkLocation: /default-rack, certSerialId: null, persistedOpState: IN_SERVICE, persistedOpStateExpiryEpochSec: 0}.
2020-12-23 14:05:50,377 [ReplicationMonitor] INFO  container.ReplicationManager (ReplicationManager.java:sendCloseCommand(948)) - Sending close container command for container #2 to datanode 68877139-4f8e-42eb-81b1-3d9b1c196839{ip: 172.17.0.2, host: 8eef00ac434c, networkLocation: /default-rack, certSerialId: null, persistedOpState: IN_SERVICE, persistedOpStateExpiryEpochSec: 0}.
2020-12-23 14:05:50,377 [ReplicationMonitor] INFO  container.ReplicationManager (ReplicationManager.java:sendCloseCommand(948)) - Sending close container command for container #2 to datanode b1088989-c4df-426b-96dd-e7d1e2f5d3a9{ip: 172.17.0.2, host: 8eef00ac434c, networkLocation: /default-rack, certSerialId: null, persistedOpState: IN_SERVICE, persistedOpStateExpiryEpochSec: 0}.
2020-12-23 14:05:50,377 [ReplicationMonitor] INFO  container.ReplicationManager (ReplicationManager.java:sendCloseCommand(948)) - Sending close container command for container #2 to datanode 72ddd1cf-406a-46d1-a670-cde8064896da{ip: 172.17.0.2, host: 8eef00ac434c, networkLocation: /default-rack, certSerialId: null, persistedOpState: IN_SERVICE, persistedOpStateExpiryEpochSec: 0}.
2020-12-23 14:05:50,377 [ReplicationMonitor] INFO  container.ReplicationManager (ReplicationManager.java:run(250)) - Replication Monitor Thread took 1 milliseconds for processing 4 containers.
2020-12-23 14:05:50,619 [IPC Server handler 15 on default port 45725] INFO  node.SCMNodeManager (SCMNodeManager.java:updateDatanodeOpState(419)) - Scheduling a command to update the operationalState persisted on the datanode as the reported value (IN_SERVICE, 0) does not match the value stored in SCM (DECOMMISSIONING, 0)
2020-12-23 14:05:50,796 [DatanodeAdminManager-0] INFO  node.DatanodeAdminMonitorImpl (DatanodeAdminMonitorImpl.java:run(136)) - There are 1 nodes tracked for decommission and maintenance. 0 pending nodes.
2020-12-23 14:05:50,811 [Command processor thread] INFO  server.RaftServer (RaftServerProxy.java:remove(104)) - 72ddd1cf-406a-46d1-a670-cde8064896da: remove  FOLLOWER 72ddd1cf-406a-46d1-a670-cde8064896da@group-B5B05CE780DE:t1, leader=68877139-4f8e-42eb-81b1-3d9b1c196839, voted=68877139-4f8e-42eb-81b1-3d9b1c196839, raftlog=72ddd1cf-406a-46d1-a670-cde8064896da@group-B5B05CE780DE-SegmentedRaftLog:OPENED:c71,f71,i71, conf=0: [b1088989-c4df-426b-96dd-e7d1e2f5d3a9|rpc:172.17.0.2:39379|dataStream:, 72ddd1cf-406a-46d1-a670-cde8064896da|rpc:172.17.0.2:36049|dataStream:, 68877139-4f8e-42eb-81b1-3d9b1c196839|rpc:172.17.0.2:33281|dataStream:], old=null RUNNING
2020-12-23 14:05:50,812 [Command processor thread] INFO  server.RaftServer$Division (RaftServerImpl.java:lambda$close$4(397)) - 72ddd1cf-406a-46d1-a670-cde8064896da@group-B5B05CE780DE: shutdown
2020-12-23 14:05:50,812 [Command processor thread] INFO  util.JmxRegister (JmxRegister.java:unregister(73)) - Successfully un-registered JMX Bean with object name Ratis:service=RaftServer,group=group-B5B05CE780DE,id=72ddd1cf-406a-46d1-a670-cde8064896da
2020-12-23 14:05:50,812 [Command processor thread] INFO  impl.RoleInfo (RoleInfo.java:shutdownFollowerState(108)) - 72ddd1cf-406a-46d1-a670-cde8064896da: shutdown 72ddd1cf-406a-46d1-a670-cde8064896da@group-B5B05CE780DE-FollowerState
2020-12-23 14:05:50,812 [Thread-3266] INFO  impl.FollowerState (FollowerState.java:run(142)) - 72ddd1cf-406a-46d1-a670-cde8064896da@group-B5B05CE780DE-FollowerState was interrupted: {}
java.lang.InterruptedException: sleep interrupted
	at java.lang.Thread.sleep(Native Method)
	at java.lang.Thread.sleep(Thread.java:340)
	at java.util.concurrent.TimeUnit.sleep(TimeUnit.java:386)
	at org.apache.ratis.util.TimeDuration.sleep(TimeDuration.java:319)
	at org.apache.ratis.util.TimeDuration.sleep(TimeDuration.java:304)
	at org.apache.ratis.server.impl.FollowerState.run(FollowerState.java:117)
2020-12-23 14:05:50,813 [Command processor thread] INFO  impl.StateMachineUpdater (StateMachineUpdater.java:stopAndJoin(148)) - 72ddd1cf-406a-46d1-a670-cde8064896da@group-B5B05CE780DE-StateMachineUpdater: set stopIndex = 71
2020-12-23 14:05:50,813 [72ddd1cf-406a-46d1-a670-cde8064896da@group-B5B05CE780DE-StateMachineUpdater] INFO  ratis.ContainerStateMachine (ContainerStateMachine.java:takeSnapshot(291)) - group-B5B05CE780DE: Taking a snapshot at:(t:1, i:71) file /github/workspace/mnt/ozone/hadoop-ozone/integration-test/target/test-dir/MiniOzoneClusterImpl-4d4d8361-1f31-4e15-8531-152295c781bb/datanode-2/data/ratis/49d7aabe-f59e-4642-82be-b5b05ce780de/sm/snapshot.1_71
2020-12-23 14:05:50,814 [72ddd1cf-406a-46d1-a670-cde8064896da@group-B5B05CE780DE-StateMachineUpdater] INFO  ratis.ContainerStateMachine (ContainerStateMachine.java:takeSnapshot(302)) - group-B5B05CE780DE: Finished taking a snapshot at:(t:1, i:71) file:/github/workspace/mnt/ozone/hadoop-ozone/integration-test/target/test-dir/MiniOzoneClusterImpl-4d4d8361-1f31-4e15-8531-152295c781bb/datanode-2/data/ratis/49d7aabe-f59e-4642-82be-b5b05ce780de/sm/snapshot.1_71 time:0
2020-12-23 14:05:50,814 [72ddd1cf-406a-46d1-a670-cde8064896da@group-B5B05CE780DE-StateMachineUpdater] INFO  impl.StateMachineUpdater (StateMachineUpdater.java:takeSnapshot(279)) - 72ddd1cf-406a-46d1-a670-cde8064896da@group-B5B05CE780DE-StateMachineUpdater: Took a snapshot at index 71
2020-12-23 14:05:50,814 [72ddd1cf-406a-46d1-a670-cde8064896da@group-B5B05CE780DE-StateMachineUpdater] INFO  impl.StateMachineUpdater (StateMachineUpdater.java:lambda$new$0(88)) - 72ddd1cf-406a-46d1-a670-cde8064896da@group-B5B05CE780DE-StateMachineUpdater: snapshotIndex: updateIncreasingly -1 -> 71
2020-12-23 14:05:50,814 [72ddd1cf-406a-46d1-a670-cde8064896da@group-B5B05CE780DE-StateMachineUpdater] INFO  metrics.RatisMetrics (RatisMetrics.java:unregister(43)) - Unregistering Metrics Registry : ratis.state_machine.72ddd1cf-406a-46d1-a670-cde8064896da@group-B5B05CE780DE
2020-12-23 14:05:50,815 [Command processor thread] INFO  server.RaftServer$Division (ServerState.java:close(406)) - 72ddd1cf-406a-46d1-a670-cde8064896da@group-B5B05CE780DE: closes. applyIndex: 71
2020-12-23 14:05:50,815 [72ddd1cf-406a-46d1-a670-cde8064896da@group-B5B05CE780DE-SegmentedRaftLogWorker] INFO  segmented.SegmentedRaftLogWorker (SegmentedRaftLogWorker.java:run(326)) - 72ddd1cf-406a-46d1-a670-cde8064896da@group-B5B05CE780DE-SegmentedRaftLogWorker was interrupted, exiting. There are 0 tasks remaining in the queue.
2020-12-23 14:05:50,815 [Command processor thread] INFO  segmented.SegmentedRaftLogWorker (SegmentedRaftLogWorker.java:close(236)) - 72ddd1cf-406a-46d1-a670-cde8064896da@group-B5B05CE780DE-SegmentedRaftLogWorker close()
2020-12-23 14:05:50,816 [Command processor thread] INFO  metrics.RatisMetrics (RatisMetrics.java:unregister(43)) - Unregistering Metrics Registry : ratis.log_worker.72ddd1cf-406a-46d1-a670-cde8064896da@group-B5B05CE780DE
2020-12-23 14:05:50,817 [Command processor thread] INFO  metrics.RatisMetrics (RatisMetrics.java:unregister(43)) - Unregistering Metrics Registry : ratis.leader_election.72ddd1cf-406a-46d1-a670-cde8064896da@group-B5B05CE780DE
2020-12-23 14:05:50,817 [Command processor thread] INFO  metrics.RatisMetrics (RatisMetrics.java:unregister(43)) - Unregistering Metrics Registry : ratis.server.72ddd1cf-406a-46d1-a670-cde8064896da@group-B5B05CE780DE
2020-12-23 14:05:50,818 [Command processor thread] INFO  keyvalue.KeyValueContainer (KeyValueContainer.java:flushAndSyncDB(388)) - Container 1 is synced with bcsId 65.
2020-12-23 14:05:50,818 [Command processor thread] INFO  keyvalue.KeyValueContainer (KeyValueContainer.java:flushAndSyncDB(388)) - Container 1 is synced with bcsId 65.
2020-12-23 14:05:50,820 [Command processor thread] INFO  keyvalue.KeyValueContainer (KeyValueContainer.java:flushAndSyncDB(388)) - Container 2 is synced with bcsId 69.
2020-12-23 14:05:50,820 [Command processor thread] INFO  keyvalue.KeyValueContainer (KeyValueContainer.java:flushAndSyncDB(388)) - Container 2 is synced with bcsId 69.
2020-12-23 14:05:50,822 [EventQueue-IncrementalContainerReportForIncrementalContainerReportHandler] INFO  container.IncrementalContainerReportHandler (AbstractContainerReportHandler.java:updateContainerState(208)) - Moving container #1 to QUASI_CLOSED state, datanode 72ddd1cf-406a-46d1-a670-cde8064896da{ip: 172.17.0.2, host: 8eef00ac434c, networkLocation: /default-rack, certSerialId: null, persistedOpState: IN_SERVICE, persistedOpStateExpiryEpochSec: 0} reported QUASI_CLOSED replica.
2020-12-23 14:05:50,822 [Command processor thread] INFO  server.RaftServer$Division (RaftServerImpl.java:groupRemove(367)) - 72ddd1cf-406a-46d1-a670-cde8064896da@group-B5B05CE780DE: Succeed to remove RaftStorageDirectory Storage Directory /github/workspace/mnt/ozone/hadoop-ozone/integration-test/target/test-dir/MiniOzoneClusterImpl-4d4d8361-1f31-4e15-8531-152295c781bb/datanode-2/data/ratis/49d7aabe-f59e-4642-82be-b5b05ce780de
2020-12-23 14:05:50,822 [Command processor thread] INFO  commandhandler.ClosePipelineCommandHandler (ClosePipelineCommandHandler.java:handle(75)) - Close Pipeline PipelineID=49d7aabe-f59e-4642-82be-b5b05ce780de command on datanode 72ddd1cf-406a-46d1-a670-cde8064896da.
2020-12-23 14:05:50,822 [Command processor thread] WARN  server.RaftServer (RaftServerProxy.java:remove(99)) - 72ddd1cf-406a-46d1-a670-cde8064896da: does not contain group: group-B5B05CE780DE
2020-12-23 14:05:50,822 [Command processor thread] ERROR commandhandler.ClosePipelineCommandHandler (ClosePipelineCommandHandler.java:handle(78)) - Can't close pipeline PipelineID=49d7aabe-f59e-4642-82be-b5b05ce780de
java.io.IOException: 72ddd1cf-406a-46d1-a670-cde8064896da: Group group-B5B05CE780DE not found.
	at org.apache.hadoop.ozone.container.common.transport.server.ratis.XceiverServerRatis.removeGroup(XceiverServerRatis.java:782)
	at org.apache.hadoop.ozone.container.common.statemachine.commandhandler.ClosePipelineCommandHandler.handle(ClosePipelineCommandHandler.java:74)
	at org.apache.hadoop.ozone.container.common.statemachine.commandhandler.CommandDispatcher.handle(CommandDispatcher.java:99)
	at org.apache.hadoop.ozone.container.common.statemachine.DatanodeStateMachine.lambda$initCommandHandlerThread$2(DatanodeStateMachine.java:498)
	at java.lang.Thread.run(Thread.java:748)
Caused by: org.apache.ratis.protocol.exceptions.GroupMismatchException: 72ddd1cf-406a-46d1-a670-cde8064896da: Group group-B5B05CE780DE not found.
	at org.apache.ratis.server.impl.RaftServerProxy.groupRemoveAsync(RaftServerProxy.java:494)
	at org.apache.ratis.server.impl.RaftServerProxy.groupManagementAsync(RaftServerProxy.java:450)
	at org.apache.ratis.server.impl.RaftServerProxy.groupManagement(RaftServerProxy.java:430)
	at org.apache.hadoop.ozone.container.common.transport.server.ratis.XceiverServerRatis.removeGroup(XceiverServerRatis.java:780)
	... 4 more
2020-12-23 14:05:50,823 [EventQueue-IncrementalContainerReportForIncrementalContainerReportHandler] INFO  container.IncrementalContainerReportHandler (AbstractContainerReportHandler.java:updateContainerState(208)) - Moving container #2 to QUASI_CLOSED state, datanode 72ddd1cf-406a-46d1-a670-cde8064896da{ip: 172.17.0.2, host: 8eef00ac434c, networkLocation: /default-rack, certSerialId: null, persistedOpState: IN_SERVICE, persistedOpStateExpiryEpochSec: 0} reported QUASI_CLOSED replica.
2020-12-23 14:05:50,823 [Command processor thread] WARN  server.RaftServer (RaftServerProxy.java:remove(99)) - 72ddd1cf-406a-46d1-a670-cde8064896da: does not contain group: group-B5B05CE780DE
2020-12-23 14:05:50,823 [Command processor thread] ERROR commandhandler.ClosePipelineCommandHandler (ClosePipelineCommandHandler.java:handle(78)) - Can't close pipeline PipelineID=49d7aabe-f59e-4642-82be-b5b05ce780de
java.io.IOException: 72ddd1cf-406a-46d1-a670-cde8064896da: Group group-B5B05CE780DE not found.
	at org.apache.hadoop.ozone.container.common.transport.server.ratis.XceiverServerRatis.removeGroup(XceiverServerRatis.java:782)
	at org.apache.hadoop.ozone.container.common.statemachine.commandhandler.ClosePipelineCommandHandler.handle(ClosePipelineCommandHandler.java:74)
	at org.apache.hadoop.ozone.container.common.statemachine.commandhandler.CommandDispatcher.handle(CommandDispatcher.java:99)
	at org.apache.hadoop.ozone.container.common.statemachine.DatanodeStateMachine.lambda$initCommandHandlerThread$2(DatanodeStateMachine.java:498)
	at java.lang.Thread.run(Thread.java:748)
Caused by: org.apache.ratis.protocol.exceptions.GroupMismatchException: 72ddd1cf-406a-46d1-a670-cde8064896da: Group group-B5B05CE780DE not found.
	at org.apache.ratis.server.impl.RaftServerProxy.groupRemoveAsync(RaftServerProxy.java:494)
	at org.apache.ratis.server.impl.RaftServerProxy.groupManagementAsync(RaftServerProxy.java:450)
	at org.apache.ratis.server.impl.RaftServerProxy.groupManagement(RaftServerProxy.java:430)
	at org.apache.hadoop.ozone.container.common.transport.server.ratis.XceiverServerRatis.removeGroup(XceiverServerRatis.java:780)
	... 4 more
2020-12-23 14:05:50,823 [Command processor thread] WARN  server.RaftServer (RaftServerProxy.java:remove(99)) - 72ddd1cf-406a-46d1-a670-cde8064896da: does not contain group: group-B5B05CE780DE
2020-12-23 14:05:50,823 [Command processor thread] ERROR commandhandler.ClosePipelineCommandHandler (ClosePipelineCommandHandler.java:handle(78)) - Can't close pipeline PipelineID=49d7aabe-f59e-4642-82be-b5b05ce780de
java.io.IOException: 72ddd1cf-406a-46d1-a670-cde8064896da: Group group-B5B05CE780DE not found.
	at org.apache.hadoop.ozone.container.common.transport.server.ratis.XceiverServerRatis.removeGroup(XceiverServerRatis.java:782)
	at org.apache.hadoop.ozone.container.common.statemachine.commandhandler.ClosePipelineCommandHandler.handle(ClosePipelineCommandHandler.java:74)
	at org.apache.hadoop.ozone.container.common.statemachine.commandhandler.CommandDispatcher.handle(CommandDispatcher.java:99)
	at org.apache.hadoop.ozone.container.common.statemachine.DatanodeStateMachine.lambda$initCommandHandlerThread$2(DatanodeStateMachine.java:498)
	at java.lang.Thread.run(Thread.java:748)
Caused by: org.apache.ratis.protocol.exceptions.GroupMismatchException: 72ddd1cf-406a-46d1-a670-cde8064896da: Group group-B5B05CE780DE not found.
	at org.apache.ratis.server.impl.RaftServerProxy.groupRemoveAsync(RaftServerProxy.java:494)
	at org.apache.ratis.server.impl.RaftServerProxy.groupManagementAsync(RaftServerProxy.java:450)
	at org.apache.ratis.server.impl.RaftServerProxy.groupManagement(RaftServerProxy.java:430)
	at org.apache.hadoop.ozone.container.common.transport.server.ratis.XceiverServerRatis.removeGroup(XceiverServerRatis.java:780)
	... 4 more
2020-12-23 14:05:50,824 [Command processor thread] WARN  server.RaftServer (RaftServerProxy.java:remove(99)) - 72ddd1cf-406a-46d1-a670-cde8064896da: does not contain group: group-B5B05CE780DE
2020-12-23 14:05:50,824 [Command processor thread] ERROR commandhandler.ClosePipelineCommandHandler (ClosePipelineCommandHandler.java:handle(78)) - Can't close pipeline PipelineID=49d7aabe-f59e-4642-82be-b5b05ce780de
java.io.IOException: 72ddd1cf-406a-46d1-a670-cde8064896da: Group group-B5B05CE780DE not found.
	at org.apache.hadoop.ozone.container.common.transport.server.ratis.XceiverServerRatis.removeGroup(XceiverServerRatis.java:782)
	at org.apache.hadoop.ozone.container.common.statemachine.commandhandler.ClosePipelineCommandHandler.handle(ClosePipelineCommandHandler.java:74)
	at org.apache.hadoop.ozone.container.common.statemachine.commandhandler.CommandDispatcher.handle(CommandDispatcher.java:99)
	at org.apache.hadoop.ozone.container.common.statemachine.DatanodeStateMachine.lambda$initCommandHandlerThread$2(DatanodeStateMachine.java:498)
	at java.lang.Thread.run(Thread.java:748)
Caused by: org.apache.ratis.protocol.exceptions.GroupMismatchException: 72ddd1cf-406a-46d1-a670-cde8064896da: Group group-B5B05CE780DE not found.
	at org.apache.ratis.server.impl.RaftServerProxy.groupRemoveAsync(RaftServerProxy.java:494)
	at org.apache.ratis.server.impl.RaftServerProxy.groupManagementAsync(RaftServerProxy.java:450)
	at org.apache.ratis.server.impl.RaftServerProxy.groupManagement(RaftServerProxy.java:430)
	at org.apache.hadoop.ozone.container.common.transport.server.ratis.XceiverServerRatis.removeGroup(XceiverServerRatis.java:780)
	... 4 more
2020-12-23 14:05:50,824 [Command processor thread] WARN  server.RaftServer (RaftServerProxy.java:remove(99)) - 72ddd1cf-406a-46d1-a670-cde8064896da: does not contain group: group-B5B05CE780DE
2020-12-23 14:05:50,824 [Command processor thread] ERROR commandhandler.ClosePipelineCommandHandler (ClosePipelineCommandHandler.java:handle(78)) - Can't close pipeline PipelineID=49d7aabe-f59e-4642-82be-b5b05ce780de
java.io.IOException: 72ddd1cf-406a-46d1-a670-cde8064896da: Group group-B5B05CE780DE not found.
	at org.apache.hadoop.ozone.container.common.transport.server.ratis.XceiverServerRatis.removeGroup(XceiverServerRatis.java:782)
	at org.apache.hadoop.ozone.container.common.statemachine.commandhandler.ClosePipelineCommandHandler.handle(ClosePipelineCommandHandler.java:74)
	at org.apache.hadoop.ozone.container.common.statemachine.commandhandler.CommandDispatcher.handle(CommandDispatcher.java:99)
	at org.apache.hadoop.ozone.container.common.statemachine.DatanodeStateMachine.lambda$initCommandHandlerThread$2(DatanodeStateMachine.java:498)
	at java.lang.Thread.run(Thread.java:748)
Caused by: org.apache.ratis.protocol.exceptions.GroupMismatchException: 72ddd1cf-406a-46d1-a670-cde8064896da: Group group-B5B05CE780DE not found.
	at org.apache.ratis.server.impl.RaftServerProxy.groupRemoveAsync(RaftServerProxy.java:494)
	at org.apache.ratis.server.impl.RaftServerProxy.groupManagementAsync(RaftServerProxy.java:450)
	at org.apache.ratis.server.impl.RaftServerProxy.groupManagement(RaftServerProxy.java:430)
	at org.apache.hadoop.ozone.container.common.transport.server.ratis.XceiverServerRatis.removeGroup(XceiverServerRatis.java:780)
	... 4 more
2020-12-23 14:05:51,378 [ReplicationMonitor] INFO  container.ReplicationManager (ReplicationManager.java:sendCloseCommand(948)) - Sending close container command for container #1 to datanode b1088989-c4df-426b-96dd-e7d1e2f5d3a9{ip: 172.17.0.2, host: 8eef00ac434c, networkLocation: /default-rack, certSerialId: null, persistedOpState: IN_SERVICE, persistedOpStateExpiryEpochSec: 0}.
2020-12-23 14:05:51,378 [ReplicationMonitor] INFO  container.ReplicationManager (ReplicationManager.java:sendCloseCommand(948)) - Sending close container command for container #1 to datanode 72ddd1cf-406a-46d1-a670-cde8064896da{ip: 172.17.0.2, host: 8eef00ac434c, networkLocation: /default-rack, certSerialId: null, persistedOpState: IN_SERVICE, persistedOpStateExpiryEpochSec: 0}.
2020-12-23 14:05:51,378 [ReplicationMonitor] INFO  container.ReplicationManager (ReplicationManager.java:sendCloseCommand(948)) - Sending close container command for container #1 to datanode 68877139-4f8e-42eb-81b1-3d9b1c196839{ip: 172.17.0.2, host: 8eef00ac434c, networkLocation: /default-rack, certSerialId: null, persistedOpState: IN_SERVICE, persistedOpStateExpiryEpochSec: 0}.
2020-12-23 14:05:51,378 [ReplicationMonitor] INFO  container.ReplicationManager (ReplicationManager.java:sendCloseCommand(948)) - Sending close container command for container #2 to datanode 68877139-4f8e-42eb-81b1-3d9b1c196839{ip: 172.17.0.2, host: 8eef00ac434c, networkLocation: /default-rack, certSerialId: null, persistedOpState: IN_SERVICE, persistedOpStateExpiryEpochSec: 0}.
2020-12-23 14:05:51,378 [ReplicationMonitor] INFO  container.ReplicationManager (ReplicationManager.java:sendCloseCommand(948)) - Sending close container command for container #2 to datanode b1088989-c4df-426b-96dd-e7d1e2f5d3a9{ip: 172.17.0.2, host: 8eef00ac434c, networkLocation: /default-rack, certSerialId: null, persistedOpState: IN_SERVICE, persistedOpStateExpiryEpochSec: 0}.
2020-12-23 14:05:51,378 [ReplicationMonitor] INFO  container.ReplicationManager (ReplicationManager.java:run(250)) - Replication Monitor Thread took 1 milliseconds for processing 4 containers.
2020-12-23 14:05:51,618 [IPC Server handler 18 on default port 45725] INFO  node.SCMNodeManager (SCMNodeManager.java:updateDatanodeOpState(419)) - Scheduling a command to update the operationalState persisted on the datanode as the reported value (IN_SERVICE, 0) does not match the value stored in SCM (DECOMMISSIONING, 0)
2020-12-23 14:05:51,623 [IPC Server handler 17 on default port 45725] INFO  node.SCMNodeManager (SCMNodeManager.java:updateDatanodeOpState(419)) - Scheduling a command to update the operationalState persisted on the datanode as the reported value (IN_SERVICE, 0) does not match the value stored in SCM (DECOMMISSIONING, 0)
2020-12-23 14:05:51,624 [IPC Server handler 12 on default port 45725] INFO  node.SCMNodeManager (SCMNodeManager.java:updateDatanodeOpState(419)) - Scheduling a command to update the operationalState persisted on the datanode as the reported value (IN_SERVICE, 0) does not match the value stored in SCM (DECOMMISSIONING, 0)
2020-12-23 14:05:51,626 [Command processor thread] INFO  server.RaftServer (RaftServerProxy.java:remove(104)) - b1088989-c4df-426b-96dd-e7d1e2f5d3a9: remove  FOLLOWER b1088989-c4df-426b-96dd-e7d1e2f5d3a9@group-B5B05CE780DE:t1, leader=68877139-4f8e-42eb-81b1-3d9b1c196839, voted=68877139-4f8e-42eb-81b1-3d9b1c196839, raftlog=b1088989-c4df-426b-96dd-e7d1e2f5d3a9@group-B5B05CE780DE-SegmentedRaftLog:OPENED:c71,f71,i71, conf=0: [b1088989-c4df-426b-96dd-e7d1e2f5d3a9|rpc:172.17.0.2:39379|dataStream:, 72ddd1cf-406a-46d1-a670-cde8064896da|rpc:172.17.0.2:36049|dataStream:, 68877139-4f8e-42eb-81b1-3d9b1c196839|rpc:172.17.0.2:33281|dataStream:], old=null RUNNING
2020-12-23 14:05:51,626 [Command processor thread] INFO  server.RaftServer$Division (RaftServerImpl.java:lambda$close$4(397)) - b1088989-c4df-426b-96dd-e7d1e2f5d3a9@group-B5B05CE780DE: shutdown
2020-12-23 14:05:51,626 [Command processor thread] INFO  util.JmxRegister (JmxRegister.java:unregister(73)) - Successfully un-registered JMX Bean with object name Ratis:service=RaftServer,group=group-B5B05CE780DE,id=b1088989-c4df-426b-96dd-e7d1e2f5d3a9
2020-12-23 14:05:51,626 [Command processor thread] INFO  impl.RoleInfo (RoleInfo.java:shutdownFollowerState(108)) - b1088989-c4df-426b-96dd-e7d1e2f5d3a9: shutdown b1088989-c4df-426b-96dd-e7d1e2f5d3a9@group-B5B05CE780DE-FollowerState
2020-12-23 14:05:51,626 [Thread-3265] INFO  impl.FollowerState (FollowerState.java:run(142)) - b1088989-c4df-426b-96dd-e7d1e2f5d3a9@group-B5B05CE780DE-FollowerState was interrupted: {}
java.lang.InterruptedException: sleep interrupted
	at java.lang.Thread.sleep(Native Method)
	at java.lang.Thread.sleep(Thread.java:340)
	at java.util.concurrent.TimeUnit.sleep(TimeUnit.java:386)
	at org.apache.ratis.util.TimeDuration.sleep(TimeDuration.java:319)
	at org.apache.ratis.util.TimeDuration.sleep(TimeDuration.java:304)
	at org.apache.ratis.server.impl.FollowerState.run(FollowerState.java:117)
2020-12-23 14:05:51,627 [Command processor thread] INFO  impl.StateMachineUpdater (StateMachineUpdater.java:stopAndJoin(148)) - b1088989-c4df-426b-96dd-e7d1e2f5d3a9@group-B5B05CE780DE-StateMachineUpdater: set stopIndex = 71
2020-12-23 14:05:51,627 [b1088989-c4df-426b-96dd-e7d1e2f5d3a9@group-B5B05CE780DE-StateMachineUpdater] INFO  ratis.ContainerStateMachine (ContainerStateMachine.java:takeSnapshot(291)) - group-B5B05CE780DE: Taking a snapshot at:(t:1, i:71) file /github/workspace/mnt/ozone/hadoop-ozone/integration-test/target/test-dir/MiniOzoneClusterImpl-4d4d8361-1f31-4e15-8531-152295c781bb/datanode-1/data/ratis/49d7aabe-f59e-4642-82be-b5b05ce780de/sm/snapshot.1_71
2020-12-23 14:05:51,628 [b1088989-c4df-426b-96dd-e7d1e2f5d3a9@group-B5B05CE780DE-StateMachineUpdater] INFO  ratis.ContainerStateMachine (ContainerStateMachine.java:takeSnapshot(302)) - group-B5B05CE780DE: Finished taking a snapshot at:(t:1, i:71) file:/github/workspace/mnt/ozone/hadoop-ozone/integration-test/target/test-dir/MiniOzoneClusterImpl-4d4d8361-1f31-4e15-8531-152295c781bb/datanode-1/data/ratis/49d7aabe-f59e-4642-82be-b5b05ce780de/sm/snapshot.1_71 time:1
2020-12-23 14:05:51,629 [b1088989-c4df-426b-96dd-e7d1e2f5d3a9@group-B5B05CE780DE-StateMachineUpdater] INFO  impl.StateMachineUpdater (StateMachineUpdater.java:takeSnapshot(279)) - b1088989-c4df-426b-96dd-e7d1e2f5d3a9@group-B5B05CE780DE-StateMachineUpdater: Took a snapshot at index 71
2020-12-23 14:05:51,629 [b1088989-c4df-426b-96dd-e7d1e2f5d3a9@group-B5B05CE780DE-StateMachineUpdater] INFO  impl.StateMachineUpdater (StateMachineUpdater.java:lambda$new$0(88)) - b1088989-c4df-426b-96dd-e7d1e2f5d3a9@group-B5B05CE780DE-StateMachineUpdater: snapshotIndex: updateIncreasingly -1 -> 71
2020-12-23 14:05:51,629 [b1088989-c4df-426b-96dd-e7d1e2f5d3a9@group-B5B05CE780DE-StateMachineUpdater] INFO  metrics.RatisMetrics (RatisMetrics.java:unregister(43)) - Unregistering Metrics Registry : ratis.state_machine.b1088989-c4df-426b-96dd-e7d1e2f5d3a9@group-B5B05CE780DE
2020-12-23 14:05:51,633 [Command processor thread] INFO  server.RaftServer$Division (ServerState.java:close(406)) - b1088989-c4df-426b-96dd-e7d1e2f5d3a9@group-B5B05CE780DE: closes. applyIndex: 71
2020-12-23 14:05:51,633 [b1088989-c4df-426b-96dd-e7d1e2f5d3a9@group-B5B05CE780DE-SegmentedRaftLogWorker] INFO  segmented.SegmentedRaftLogWorker (SegmentedRaftLogWorker.java:run(326)) - b1088989-c4df-426b-96dd-e7d1e2f5d3a9@group-B5B05CE780DE-SegmentedRaftLogWorker was interrupted, exiting. There are 0 tasks remaining in the queue.
2020-12-23 14:05:51,633 [Command processor thread] INFO  segmented.SegmentedRaftLogWorker (SegmentedRaftLogWorker.java:close(236)) - b1088989-c4df-426b-96dd-e7d1e2f5d3a9@group-B5B05CE780DE-SegmentedRaftLogWorker close()
2020-12-23 14:05:51,638 [Command processor thread] INFO  metrics.RatisMetrics (RatisMetrics.java:unregister(43)) - Unregistering Metrics Registry : ratis.log_worker.b1088989-c4df-426b-96dd-e7d1e2f5d3a9@group-B5B05CE780DE
2020-12-23 14:05:51,638 [Command processor thread] INFO  metrics.RatisMetrics (RatisMetrics.java:unregister(43)) - Unregistering Metrics Registry : ratis.leader_election.b1088989-c4df-426b-96dd-e7d1e2f5d3a9@group-B5B05CE780DE
2020-12-23 14:05:51,638 [Command processor thread] INFO  metrics.RatisMetrics (RatisMetrics.java:unregister(43)) - Unregistering Metrics Registry : ratis.server.b1088989-c4df-426b-96dd-e7d1e2f5d3a9@group-B5B05CE780DE
2020-12-23 14:05:51,640 [Command processor thread] INFO  keyvalue.KeyValueContainer (KeyValueContainer.java:flushAndSyncDB(388)) - Container 1 is synced with bcsId 65.
2020-12-23 14:05:51,640 [Command processor thread] INFO  keyvalue.KeyValueContainer (KeyValueContainer.java:flushAndSyncDB(388)) - Container 1 is synced with bcsId 65.
2020-12-23 14:05:51,643 [IPC Server handler 0 on default port 45725] INFO  node.SCMNodeManager (SCMNodeManager.java:updateDatanodeOpState(419)) - Scheduling a command to update the operationalState persisted on the datanode as the reported value (IN_SERVICE, 0) does not match the value stored in SCM (DECOMMISSIONING, 0)
2020-12-23 14:05:51,644 [Command processor thread] INFO  keyvalue.KeyValueContainer (KeyValueContainer.java:flushAndSyncDB(388)) - Container 2 is synced with bcsId 69.
2020-12-23 14:05:51,645 [Command processor thread] INFO  keyvalue.KeyValueContainer (KeyValueContainer.java:flushAndSyncDB(388)) - Container 2 is synced with bcsId 69.
2020-12-23 14:05:51,647 [IPC Server handler 1 on default port 45725] INFO  node.SCMNodeManager (SCMNodeManager.java:updateDatanodeOpState(419)) - Scheduling a command to update the operationalState persisted on the datanode as the reported value (IN_SERVICE, 0) does not match the value stored in SCM (DECOMMISSIONING, 0)
2020-12-23 14:05:51,648 [Command processor thread] INFO  server.RaftServer$Division (RaftServerImpl.java:groupRemove(367)) - b1088989-c4df-426b-96dd-e7d1e2f5d3a9@group-B5B05CE780DE: Succeed to remove RaftStorageDirectory Storage Directory /github/workspace/mnt/ozone/hadoop-ozone/integration-test/target/test-dir/MiniOzoneClusterImpl-4d4d8361-1f31-4e15-8531-152295c781bb/datanode-1/data/ratis/49d7aabe-f59e-4642-82be-b5b05ce780de
2020-12-23 14:05:51,648 [Command processor thread] INFO  commandhandler.ClosePipelineCommandHandler (ClosePipelineCommandHandler.java:handle(75)) - Close Pipeline PipelineID=49d7aabe-f59e-4642-82be-b5b05ce780de command on datanode b1088989-c4df-426b-96dd-e7d1e2f5d3a9.
2020-12-23 14:05:51,649 [Command processor thread] INFO  server.RaftServer (RaftServerProxy.java:remove(104)) - b1088989-c4df-426b-96dd-e7d1e2f5d3a9: remove    LEADER b1088989-c4df-426b-96dd-e7d1e2f5d3a9@group-35026810E6AE:t1, leader=b1088989-c4df-426b-96dd-e7d1e2f5d3a9, voted=b1088989-c4df-426b-96dd-e7d1e2f5d3a9, raftlog=b1088989-c4df-426b-96dd-e7d1e2f5d3a9@group-35026810E6AE-SegmentedRaftLog:OPENED:c0,f0,i0, conf=0: [b1088989-c4df-426b-96dd-e7d1e2f5d3a9|rpc:172.17.0.2:39379|dataStream:], old=null RUNNING
2020-12-23 14:05:51,649 [Command processor thread] INFO  server.RaftServer$Division (RaftServerImpl.java:lambda$close$4(397)) - b1088989-c4df-426b-96dd-e7d1e2f5d3a9@group-35026810E6AE: shutdown
2020-12-23 14:05:51,649 [Command processor thread] INFO  util.JmxRegister (JmxRegister.java:unregister(73)) - Successfully un-registered JMX Bean with object name Ratis:service=RaftServer,group=group-35026810E6AE,id=b1088989-c4df-426b-96dd-e7d1e2f5d3a9
2020-12-23 14:05:51,649 [Command processor thread] INFO  impl.RoleInfo (RoleInfo.java:shutdownLeaderState(91)) - b1088989-c4df-426b-96dd-e7d1e2f5d3a9: shutdown b1088989-c4df-426b-96dd-e7d1e2f5d3a9@group-35026810E6AE-LeaderStateImpl
2020-12-23 14:05:51,649 [Command processor thread] INFO  impl.PendingRequests (PendingRequests.java:sendNotLeaderResponses(249)) - b1088989-c4df-426b-96dd-e7d1e2f5d3a9@group-35026810E6AE-PendingRequests: sendNotLeaderResponses
2020-12-23 14:05:51,650 [Command processor thread] INFO  metrics.RatisMetrics (RatisMetrics.java:unregister(43)) - Unregistering Metrics Registry : ratis.log_appender.b1088989-c4df-426b-96dd-e7d1e2f5d3a9@group-35026810E6AE
2020-12-23 14:05:51,650 [Command processor thread] INFO  metrics.RatisMetrics (RatisMetrics.java:unregister(43)) - Unregistering Metrics Registry : ratis.server.b1088989-c4df-426b-96dd-e7d1e2f5d3a9@group-35026810E6AE
2020-12-23 14:05:51,652 [b1088989-c4df-426b-96dd-e7d1e2f5d3a9@group-35026810E6AE-StateMachineUpdater] INFO  ratis.ContainerStateMachine (ContainerStateMachine.java:takeSnapshot(291)) - group-35026810E6AE: Taking a snapshot at:(t:1, i:0) file /github/workspace/mnt/ozone/hadoop-ozone/integration-test/target/test-dir/MiniOzoneClusterImpl-4d4d8361-1f31-4e15-8531-152295c781bb/datanode-1/data/ratis/a4f5a0ab-482a-4386-9b01-35026810e6ae/sm/snapshot.1_0
2020-12-23 14:05:51,652 [Command processor thread] INFO  impl.StateMachineUpdater (StateMachineUpdater.java:stopAndJoin(148)) - b1088989-c4df-426b-96dd-e7d1e2f5d3a9@group-35026810E6AE-StateMachineUpdater: set stopIndex = 0
2020-12-23 14:05:51,653 [b1088989-c4df-426b-96dd-e7d1e2f5d3a9@group-35026810E6AE-StateMachineUpdater] INFO  ratis.ContainerStateMachine (ContainerStateMachine.java:takeSnapshot(302)) - group-35026810E6AE: Finished taking a snapshot at:(t:1, i:0) file:/github/workspace/mnt/ozone/hadoop-ozone/integration-test/target/test-dir/MiniOzoneClusterImpl-4d4d8361-1f31-4e15-8531-152295c781bb/datanode-1/data/ratis/a4f5a0ab-482a-4386-9b01-35026810e6ae/sm/snapshot.1_0 time:1
2020-12-23 14:05:51,653 [b1088989-c4df-426b-96dd-e7d1e2f5d3a9@group-35026810E6AE-StateMachineUpdater] INFO  impl.StateMachineUpdater (StateMachineUpdater.java:takeSnapshot(279)) - b1088989-c4df-426b-96dd-e7d1e2f5d3a9@group-35026810E6AE-StateMachineUpdater: Took a snapshot at index 0
2020-12-23 14:05:51,653 [b1088989-c4df-426b-96dd-e7d1e2f5d3a9@group-35026810E6AE-StateMachineUpdater] INFO  impl.StateMachineUpdater (StateMachineUpdater.java:lambda$new$0(88)) - b1088989-c4df-426b-96dd-e7d1e2f5d3a9@group-35026810E6AE-StateMachineUpdater: snapshotIndex: updateIncreasingly -1 -> 0
2020-12-23 14:05:51,653 [b1088989-c4df-426b-96dd-e7d1e2f5d3a9@group-35026810E6AE-StateMachineUpdater] INFO  metrics.RatisMetrics (RatisMetrics.java:unregister(43)) - Unregistering Metrics Registry : ratis.state_machine.b1088989-c4df-426b-96dd-e7d1e2f5d3a9@group-35026810E6AE
2020-12-23 14:05:51,653 [Command processor thread] INFO  server.RaftServer$Division (ServerState.java:close(406)) - b1088989-c4df-426b-96dd-e7d1e2f5d3a9@group-35026810E6AE: closes. applyIndex: 0
2020-12-23 14:05:51,653 [b1088989-c4df-426b-96dd-e7d1e2f5d3a9@group-35026810E6AE-SegmentedRaftLogWorker] INFO  segmented.SegmentedRaftLogWorker (SegmentedRaftLogWorker.java:run(326)) - b1088989-c4df-426b-96dd-e7d1e2f5d3a9@group-35026810E6AE-SegmentedRaftLogWorker was interrupted, exiting. There are 0 tasks remaining in the queue.
2020-12-23 14:05:51,654 [Command processor thread] INFO  segmented.SegmentedRaftLogWorker (SegmentedRaftLogWorker.java:close(236)) - b1088989-c4df-426b-96dd-e7d1e2f5d3a9@group-35026810E6AE-SegmentedRaftLogWorker close()
2020-12-23 14:05:51,655 [Command processor thread] INFO  metrics.RatisMetrics (RatisMetrics.java:unregister(43)) - Unregistering Metrics Registry : ratis.log_worker.b1088989-c4df-426b-96dd-e7d1e2f5d3a9@group-35026810E6AE
2020-12-23 14:05:51,655 [Command processor thread] INFO  metrics.RatisMetrics (RatisMetrics.java:unregister(43)) - Unregistering Metrics Registry : ratis.leader_election.b1088989-c4df-426b-96dd-e7d1e2f5d3a9@group-35026810E6AE
2020-12-23 14:05:51,655 [Command processor thread] INFO  metrics.RatisMetrics (RatisMetrics.java:unregister(43)) - Unregistering Metrics Registry : ratis.server.b1088989-c4df-426b-96dd-e7d1e2f5d3a9@group-35026810E6AE
2020-12-23 14:05:51,655 [Command processor thread] INFO  server.RaftServer$Division (RaftServerImpl.java:groupRemove(367)) - b1088989-c4df-426b-96dd-e7d1e2f5d3a9@group-35026810E6AE: Succeed to remove RaftStorageDirectory Storage Directory /github/workspace/mnt/ozone/hadoop-ozone/integration-test/target/test-dir/MiniOzoneClusterImpl-4d4d8361-1f31-4e15-8531-152295c781bb/datanode-1/data/ratis/a4f5a0ab-482a-4386-9b01-35026810e6ae
2020-12-23 14:05:51,655 [Command processor thread] INFO  commandhandler.ClosePipelineCommandHandler (ClosePipelineCommandHandler.java:handle(75)) - Close Pipeline PipelineID=a4f5a0ab-482a-4386-9b01-35026810e6ae command on datanode b1088989-c4df-426b-96dd-e7d1e2f5d3a9.
2020-12-23 14:05:51,656 [Command processor thread] WARN  server.RaftServer (RaftServerProxy.java:remove(99)) - b1088989-c4df-426b-96dd-e7d1e2f5d3a9: does not contain group: group-B5B05CE780DE
2020-12-23 14:05:51,656 [Command processor thread] ERROR commandhandler.ClosePipelineCommandHandler (ClosePipelineCommandHandler.java:handle(78)) - Can't close pipeline PipelineID=49d7aabe-f59e-4642-82be-b5b05ce780de
java.io.IOException: b1088989-c4df-426b-96dd-e7d1e2f5d3a9: Group group-B5B05CE780DE not found.
	at org.apache.hadoop.ozone.container.common.transport.server.ratis.XceiverServerRatis.removeGroup(XceiverServerRatis.java:782)
	at org.apache.hadoop.ozone.container.common.statemachine.commandhandler.ClosePipelineCommandHandler.handle(ClosePipelineCommandHandler.java:74)
	at org.apache.hadoop.ozone.container.common.statemachine.commandhandler.CommandDispatcher.handle(CommandDispatcher.java:99)
	at org.apache.hadoop.ozone.container.common.statemachine.DatanodeStateMachine.lambda$initCommandHandlerThread$2(DatanodeStateMachine.java:498)
	at java.lang.Thread.run(Thread.java:748)
Caused by: org.apache.ratis.protocol.exceptions.GroupMismatchException: b1088989-c4df-426b-96dd-e7d1e2f5d3a9: Group group-B5B05CE780DE not found.
	at org.apache.ratis.server.impl.RaftServerProxy.groupRemoveAsync(RaftServerProxy.java:494)
	at org.apache.ratis.server.impl.RaftServerProxy.groupManagementAsync(RaftServerProxy.java:450)
	at org.apache.ratis.server.impl.RaftServerProxy.groupManagement(RaftServerProxy.java:430)
	at org.apache.hadoop.ozone.container.common.transport.server.ratis.XceiverServerRatis.removeGroup(XceiverServerRatis.java:780)
	... 4 more
2020-12-23 14:05:51,656 [Command processor thread] WARN  server.RaftServer (RaftServerProxy.java:remove(99)) - b1088989-c4df-426b-96dd-e7d1e2f5d3a9: does not contain group: group-35026810E6AE
2020-12-23 14:05:51,656 [Command processor thread] ERROR commandhandler.ClosePipelineCommandHandler (ClosePipelineCommandHandler.java:handle(78)) - Can't close pipeline PipelineID=a4f5a0ab-482a-4386-9b01-35026810e6ae
java.io.IOException: b1088989-c4df-426b-96dd-e7d1e2f5d3a9: Group group-35026810E6AE not found.
	at org.apache.hadoop.ozone.container.common.transport.server.ratis.XceiverServerRatis.removeGroup(XceiverServerRatis.java:782)
	at org.apache.hadoop.ozone.container.common.statemachine.commandhandler.ClosePipelineCommandHandler.handle(ClosePipelineCommandHandler.java:74)
	at org.apache.hadoop.ozone.container.common.statemachine.commandhandler.CommandDispatcher.handle(CommandDispatcher.java:99)
	at org.apache.hadoop.ozone.container.common.statemachine.DatanodeStateMachine.lambda$initCommandHandlerThread$2(DatanodeStateMachine.java:498)
	at java.lang.Thread.run(Thread.java:748)
Caused by: org.apache.ratis.protocol.exceptions.GroupMismatchException: b1088989-c4df-426b-96dd-e7d1e2f5d3a9: Group group-35026810E6AE not found.
	at org.apache.ratis.server.impl.RaftServerProxy.groupRemoveAsync(RaftServerProxy.java:494)
	at org.apache.ratis.server.impl.RaftServerProxy.groupManagementAsync(RaftServerProxy.java:450)
	at org.apache.ratis.server.impl.RaftServerProxy.groupManagement(RaftServerProxy.java:430)
	at org.apache.hadoop.ozone.container.common.transport.server.ratis.XceiverServerRatis.removeGroup(XceiverServerRatis.java:780)
	... 4 more
2020-12-23 14:05:51,657 [Command processor thread] WARN  server.RaftServer (RaftServerProxy.java:remove(99)) - b1088989-c4df-426b-96dd-e7d1e2f5d3a9: does not contain group: group-B5B05CE780DE
2020-12-23 14:05:51,657 [Command processor thread] ERROR commandhandler.ClosePipelineCommandHandler (ClosePipelineCommandHandler.java:handle(78)) - Can't close pipeline PipelineID=49d7aabe-f59e-4642-82be-b5b05ce780de
java.io.IOException: b1088989-c4df-426b-96dd-e7d1e2f5d3a9: Group group-B5B05CE780DE not found.
	at org.apache.hadoop.ozone.container.common.transport.server.ratis.XceiverServerRatis.removeGroup(XceiverServerRatis.java:782)
	at org.apache.hadoop.ozone.container.common.statemachine.commandhandler.ClosePipelineCommandHandler.handle(ClosePipelineCommandHandler.java:74)
	at org.apache.hadoop.ozone.container.common.statemachine.commandhandler.CommandDispatcher.handle(CommandDispatcher.java:99)
	at org.apache.hadoop.ozone.container.common.statemachine.DatanodeStateMachine.lambda$initCommandHandlerThread$2(DatanodeStateMachine.java:498)
	at java.lang.Thread.run(Thread.java:748)
Caused by: org.apache.ratis.protocol.exceptions.GroupMismatchException: b1088989-c4df-426b-96dd-e7d1e2f5d3a9: Group group-B5B05CE780DE not found.
	at org.apache.ratis.server.impl.RaftServerProxy.groupRemoveAsync(RaftServerProxy.java:494)
	at org.apache.ratis.server.impl.RaftServerProxy.groupManagementAsync(RaftServerProxy.java:450)
	at org.apache.ratis.server.impl.RaftServerProxy.groupManagement(RaftServerProxy.java:430)
	at org.apache.hadoop.ozone.container.common.transport.server.ratis.XceiverServerRatis.removeGroup(XceiverServerRatis.java:780)
	... 4 more
2020-12-23 14:05:51,658 [Command processor thread] WARN  server.RaftServer (RaftServerProxy.java:remove(99)) - b1088989-c4df-426b-96dd-e7d1e2f5d3a9: does not contain group: group-35026810E6AE
2020-12-23 14:05:51,658 [Command processor thread] ERROR commandhandler.ClosePipelineCommandHandler (ClosePipelineCommandHandler.java:handle(78)) - Can't close pipeline PipelineID=a4f5a0ab-482a-4386-9b01-35026810e6ae
java.io.IOException: b1088989-c4df-426b-96dd-e7d1e2f5d3a9: Group group-35026810E6AE not found.
	at org.apache.hadoop.ozone.container.common.transport.server.ratis.XceiverServerRatis.removeGroup(XceiverServerRatis.java:782)
	at org.apache.hadoop.ozone.container.common.statemachine.commandhandler.ClosePipelineCommandHandler.handle(ClosePipelineCommandHandler.java:74)
	at org.apache.hadoop.ozone.container.common.statemachine.commandhandler.CommandDispatcher.handle(CommandDispatcher.java:99)
	at org.apache.hadoop.ozone.container.common.statemachine.DatanodeStateMachine.lambda$initCommandHandlerThread$2(DatanodeStateMachine.java:498)
	at java.lang.Thread.run(Thread.java:748)
Caused by: org.apache.ratis.protocol.exceptions.GroupMismatchException: b1088989-c4df-426b-96dd-e7d1e2f5d3a9: Group group-35026810E6AE not found.
	at org.apache.ratis.server.impl.RaftServerProxy.groupRemoveAsync(RaftServerProxy.java:494)
	at org.apache.ratis.server.impl.RaftServerProxy.groupManagementAsync(RaftServerProxy.java:450)
	at org.apache.ratis.server.impl.RaftServerProxy.groupManagement(RaftServerProxy.java:430)
	at org.apache.hadoop.ozone.container.common.transport.server.ratis.XceiverServerRatis.removeGroup(XceiverServerRatis.java:780)
	... 4 more
2020-12-23 14:05:51,659 [Command processor thread] WARN  server.RaftServer (RaftServerProxy.java:remove(99)) - b1088989-c4df-426b-96dd-e7d1e2f5d3a9: does not contain group: group-B5B05CE780DE
2020-12-23 14:05:51,659 [Command processor thread] ERROR commandhandler.ClosePipelineCommandHandler (ClosePipelineCommandHandler.java:handle(78)) - Can't close pipeline PipelineID=49d7aabe-f59e-4642-82be-b5b05ce780de
java.io.IOException: b1088989-c4df-426b-96dd-e7d1e2f5d3a9: Group group-B5B05CE780DE not found.
	at org.apache.hadoop.ozone.container.common.transport.server.ratis.XceiverServerRatis.removeGroup(XceiverServerRatis.java:782)
	at org.apache.hadoop.ozone.container.common.statemachine.commandhandler.ClosePipelineCommandHandler.handle(ClosePipelineCommandHandler.java:74)
	at org.apache.hadoop.ozone.container.common.statemachine.commandhandler.CommandDispatcher.handle(CommandDispatcher.java:99)
	at org.apache.hadoop.ozone.container.common.statemachine.DatanodeStateMachine.lambda$initCommandHandlerThread$2(DatanodeStateMachine.java:498)
	at java.lang.Thread.run(Thread.java:748)
Caused by: org.apache.ratis.protocol.exceptions.GroupMismatchException: b1088989-c4df-426b-96dd-e7d1e2f5d3a9: Group group-B5B05CE780DE not found.
	at org.apache.ratis.server.impl.RaftServerProxy.groupRemoveAsync(RaftServerProxy.java:494)
	at org.apache.ratis.server.impl.RaftServerProxy.groupManagementAsync(RaftServerProxy.java:450)
	at org.apache.ratis.server.impl.RaftServerProxy.groupManagement(RaftServerProxy.java:430)
	at org.apache.hadoop.ozone.container.common.transport.server.ratis.XceiverServerRatis.removeGroup(XceiverServerRatis.java:780)
	... 4 more
2020-12-23 14:05:51,659 [Command processor thread] WARN  server.RaftServer (RaftServerProxy.java:remove(99)) - b1088989-c4df-426b-96dd-e7d1e2f5d3a9: does not contain group: group-35026810E6AE
2020-12-23 14:05:51,659 [Command processor thread] ERROR commandhandler.ClosePipelineCommandHandler (ClosePipelineCommandHandler.java:handle(78)) - Can't close pipeline PipelineID=a4f5a0ab-482a-4386-9b01-35026810e6ae
java.io.IOException: b1088989-c4df-426b-96dd-e7d1e2f5d3a9: Group group-35026810E6AE not found.
	at org.apache.hadoop.ozone.container.common.transport.server.ratis.XceiverServerRatis.removeGroup(XceiverServerRatis.java:782)
	at org.apache.hadoop.ozone.container.common.statemachine.commandhandler.ClosePipelineCommandHandler.handle(ClosePipelineCommandHandler.java:74)
	at org.apache.hadoop.ozone.container.common.statemachine.commandhandler.CommandDispatcher.handle(CommandDispatcher.java:99)
	at org.apache.hadoop.ozone.container.common.statemachine.DatanodeStateMachine.lambda$initCommandHandlerThread$2(DatanodeStateMachine.java:498)
	at java.lang.Thread.run(Thread.java:748)
Caused by: org.apache.ratis.protocol.exceptions.GroupMismatchException: b1088989-c4df-426b-96dd-e7d1e2f5d3a9: Group group-35026810E6AE not found.
	at org.apache.ratis.server.impl.RaftServerProxy.groupRemoveAsync(RaftServerProxy.java:494)
	at org.apache.ratis.server.impl.RaftServerProxy.groupManagementAsync(RaftServerProxy.java:450)
	at org.apache.ratis.server.impl.RaftServerProxy.groupManagement(RaftServerProxy.java:430)
	at org.apache.hadoop.ozone.container.common.transport.server.ratis.XceiverServerRatis.removeGroup(XceiverServerRatis.java:780)
	... 4 more
2020-12-23 14:05:51,660 [Command processor thread] WARN  server.RaftServer (RaftServerProxy.java:remove(99)) - b1088989-c4df-426b-96dd-e7d1e2f5d3a9: does not contain group: group-B5B05CE780DE
2020-12-23 14:05:51,660 [Command processor thread] ERROR commandhandler.ClosePipelineCommandHandler (ClosePipelineCommandHandler.java:handle(78)) - Can't close pipeline PipelineID=49d7aabe-f59e-4642-82be-b5b05ce780de
java.io.IOException: b1088989-c4df-426b-96dd-e7d1e2f5d3a9: Group group-B5B05CE780DE not found.
	at org.apache.hadoop.ozone.container.common.transport.server.ratis.XceiverServerRatis.removeGroup(XceiverServerRatis.java:782)
	at org.apache.hadoop.ozone.container.common.statemachine.commandhandler.ClosePipelineCommandHandler.handle(ClosePipelineCommandHandler.java:74)
	at org.apache.hadoop.ozone.container.common.statemachine.commandhandler.CommandDispatcher.handle(CommandDispatcher.java:99)
	at org.apache.hadoop.ozone.container.common.statemachine.DatanodeStateMachine.lambda$initCommandHandlerThread$2(DatanodeStateMachine.java:498)
	at java.lang.Thread.run(Thread.java:748)
Caused by: org.apache.ratis.protocol.exceptions.GroupMismatchException: b1088989-c4df-426b-96dd-e7d1e2f5d3a9: Group group-B5B05CE780DE not found.
	at org.apache.ratis.server.impl.RaftServerProxy.groupRemoveAsync(RaftServerProxy.java:494)
	at org.apache.ratis.server.impl.RaftServerProxy.groupManagementAsync(RaftServerProxy.java:450)
	at org.apache.ratis.server.impl.RaftServerProxy.groupManagement(RaftServerProxy.java:430)
	at org.apache.hadoop.ozone.container.common.transport.server.ratis.XceiverServerRatis.removeGroup(XceiverServerRatis.java:780)
	... 4 more
2020-12-23 14:05:51,661 [Command processor thread] WARN  server.RaftServer (RaftServerProxy.java:remove(99)) - b1088989-c4df-426b-96dd-e7d1e2f5d3a9: does not contain group: group-35026810E6AE
2020-12-23 14:05:51,661 [Command processor thread] ERROR commandhandler.ClosePipelineCommandHandler (ClosePipelineCommandHandler.java:handle(78)) - Can't close pipeline PipelineID=a4f5a0ab-482a-4386-9b01-35026810e6ae
java.io.IOException: b1088989-c4df-426b-96dd-e7d1e2f5d3a9: Group group-35026810E6AE not found.
	at org.apache.hadoop.ozone.container.common.transport.server.ratis.XceiverServerRatis.removeGroup(XceiverServerRatis.java:782)
	at org.apache.hadoop.ozone.container.common.statemachine.commandhandler.ClosePipelineCommandHandler.handle(ClosePipelineCommandHandler.java:74)
	at org.apache.hadoop.ozone.container.common.statemachine.commandhandler.CommandDispatcher.handle(CommandDispatcher.java:99)
	at org.apache.hadoop.ozone.container.common.statemachine.DatanodeStateMachine.lambda$initCommandHandlerThread$2(DatanodeStateMachine.java:498)
	at java.lang.Thread.run(Thread.java:748)
Caused by: org.apache.ratis.protocol.exceptions.GroupMismatchException: b1088989-c4df-426b-96dd-e7d1e2f5d3a9: Group group-35026810E6AE not found.
	at org.apache.ratis.server.impl.RaftServerProxy.groupRemoveAsync(RaftServerProxy.java:494)
	at org.apache.ratis.server.impl.RaftServerProxy.groupManagementAsync(RaftServerProxy.java:450)
	at org.apache.ratis.server.impl.RaftServerProxy.groupManagement(RaftServerProxy.java:430)
	at org.apache.hadoop.ozone.container.common.transport.server.ratis.XceiverServerRatis.removeGroup(XceiverServerRatis.java:780)
	... 4 more
2020-12-23 14:05:51,661 [Command processor thread] WARN  server.RaftServer (RaftServerProxy.java:remove(99)) - b1088989-c4df-426b-96dd-e7d1e2f5d3a9: does not contain group: group-B5B05CE780DE
2020-12-23 14:05:51,661 [Command processor thread] ERROR commandhandler.ClosePipelineCommandHandler (ClosePipelineCommandHandler.java:handle(78)) - Can't close pipeline PipelineID=49d7aabe-f59e-4642-82be-b5b05ce780de
java.io.IOException: b1088989-c4df-426b-96dd-e7d1e2f5d3a9: Group group-B5B05CE780DE not found.
	at org.apache.hadoop.ozone.container.common.transport.server.ratis.XceiverServerRatis.removeGroup(XceiverServerRatis.java:782)
	at org.apache.hadoop.ozone.container.common.statemachine.commandhandler.ClosePipelineCommandHandler.handle(ClosePipelineCommandHandler.java:74)
	at org.apache.hadoop.ozone.container.common.statemachine.commandhandler.CommandDispatcher.handle(CommandDispatcher.java:99)
	at org.apache.hadoop.ozone.container.common.statemachine.DatanodeStateMachine.lambda$initCommandHandlerThread$2(DatanodeStateMachine.java:498)
	at java.lang.Thread.run(Thread.java:748)
Caused by: org.apache.ratis.protocol.exceptions.GroupMismatchException: b1088989-c4df-426b-96dd-e7d1e2f5d3a9: Group group-B5B05CE780DE not found.
	at org.apache.ratis.server.impl.RaftServerProxy.groupRemoveAsync(RaftServerProxy.java:494)
	at org.apache.ratis.server.impl.RaftServerProxy.groupManagementAsync(RaftServerProxy.java:450)
	at org.apache.ratis.server.impl.RaftServerProxy.groupManagement(RaftServerProxy.java:430)
	at org.apache.hadoop.ozone.container.common.transport.server.ratis.XceiverServerRatis.removeGroup(XceiverServerRatis.java:780)
	... 4 more
2020-12-23 14:05:51,661 [Command processor thread] WARN  server.RaftServer (RaftServerProxy.java:remove(99)) - b1088989-c4df-426b-96dd-e7d1e2f5d3a9: does not contain group: group-35026810E6AE
2020-12-23 14:05:51,662 [Command processor thread] ERROR commandhandler.ClosePipelineCommandHandler (ClosePipelineCommandHandler.java:handle(78)) - Can't close pipeline PipelineID=a4f5a0ab-482a-4386-9b01-35026810e6ae
java.io.IOException: b1088989-c4df-426b-96dd-e7d1e2f5d3a9: Group group-35026810E6AE not found.
	at org.apache.hadoop.ozone.container.common.transport.server.ratis.XceiverServerRatis.removeGroup(XceiverServerRatis.java:782)
	at org.apache.hadoop.ozone.container.common.statemachine.commandhandler.ClosePipelineCommandHandler.handle(ClosePipelineCommandHandler.java:74)
	at org.apache.hadoop.ozone.container.common.statemachine.commandhandler.CommandDispatcher.handle(CommandDispatcher.java:99)
	at org.apache.hadoop.ozone.container.common.statemachine.DatanodeStateMachine.lambda$initCommandHandlerThread$2(DatanodeStateMachine.java:498)
	at java.lang.Thread.run(Thread.java:748)
Caused by: org.apache.ratis.protocol.exceptions.GroupMismatchException: b1088989-c4df-426b-96dd-e7d1e2f5d3a9: Group group-35026810E6AE not found.
	at org.apache.ratis.server.impl.RaftServerProxy.groupRemoveAsync(RaftServerProxy.java:494)
	at org.apache.ratis.server.impl.RaftServerProxy.groupManagementAsync(RaftServerProxy.java:450)
	at org.apache.ratis.server.impl.RaftServerProxy.groupManagement(RaftServerProxy.java:430)
	at org.apache.hadoop.ozone.container.common.transport.server.ratis.XceiverServerRatis.removeGroup(XceiverServerRatis.java:780)
	... 4 more
2020-12-23 14:05:51,796 [DatanodeAdminManager-0] INFO  node.DatanodeAdminMonitorImpl (DatanodeAdminMonitorImpl.java:run(136)) - There are 1 nodes tracked for decommission and maintenance. 0 pending nodes.
2020-12-23 14:05:52,379 [ReplicationMonitor] INFO  container.ReplicationManager (ReplicationManager.java:sendCloseCommand(948)) - Sending close container command for container #1 to datanode b1088989-c4df-426b-96dd-e7d1e2f5d3a9{ip: 172.17.0.2, host: 8eef00ac434c, networkLocation: /default-rack, certSerialId: null, persistedOpState: IN_SERVICE, persistedOpStateExpiryEpochSec: 0}.
2020-12-23 14:05:52,379 [ReplicationMonitor] INFO  container.ReplicationManager (ReplicationManager.java:sendCloseCommand(948)) - Sending close container command for container #1 to datanode 68877139-4f8e-42eb-81b1-3d9b1c196839{ip: 172.17.0.2, host: 8eef00ac434c, networkLocation: /default-rack, certSerialId: null, persistedOpState: IN_SERVICE, persistedOpStateExpiryEpochSec: 0}.
2020-12-23 14:05:52,379 [ReplicationMonitor] INFO  container.ReplicationManager (ReplicationManager.java:forceCloseContainer(633)) - Force closing container #2 with BCSID 69, which is in QUASI_CLOSED state.
2020-12-23 14:05:52,379 [ReplicationMonitor] INFO  container.ReplicationManager (ReplicationManager.java:sendCloseCommand(948)) - Sending close container command for container #2 to datanode b1088989-c4df-426b-96dd-e7d1e2f5d3a9{ip: 172.17.0.2, host: 8eef00ac434c, networkLocation: /default-rack, certSerialId: null, persistedOpState: IN_SERVICE, persistedOpStateExpiryEpochSec: 0}.
2020-12-23 14:05:52,379 [ReplicationMonitor] INFO  container.ReplicationManager (ReplicationManager.java:sendCloseCommand(948)) - Sending close container command for container #2 to datanode 72ddd1cf-406a-46d1-a670-cde8064896da{ip: 172.17.0.2, host: 8eef00ac434c, networkLocation: /default-rack, certSerialId: null, persistedOpState: IN_SERVICE, persistedOpStateExpiryEpochSec: 0}.
2020-12-23 14:05:52,379 [ReplicationMonitor] INFO  container.ReplicationManager (ReplicationManager.java:run(250)) - Replication Monitor Thread took 0 milliseconds for processing 4 containers.
2020-12-23 14:05:52,799 [DatanodeAdminManager-0] INFO  node.DatanodeAdminMonitorImpl (DatanodeAdminMonitorImpl.java:checkContainersReplicatedOnNode(297)) - b1088989-c4df-426b-96dd-e7d1e2f5d3a9{ip: 172.17.0.2, host: 8eef00ac434c, networkLocation: /default-rack, certSerialId: null, persistedOpState: DECOMMISSIONING, persistedOpStateExpiryEpochSec: 0} has 0 sufficientlyReplicated, 2 underReplicated and 2 unhealthy containers
2020-12-23 14:05:52,799 [DatanodeAdminManager-0] INFO  node.DatanodeAdminMonitorImpl (DatanodeAdminMonitorImpl.java:run(136)) - There are 1 nodes tracked for decommission and maintenance. 0 pending nodes.
2020-12-23 14:05:52,822 [Command processor thread] WARN  server.RaftServer (RaftServerProxy.java:remove(99)) - 72ddd1cf-406a-46d1-a670-cde8064896da: does not contain group: group-B5B05CE780DE
2020-12-23 14:05:52,822 [Command processor thread] ERROR commandhandler.ClosePipelineCommandHandler (ClosePipelineCommandHandler.java:handle(78)) - Can't close pipeline PipelineID=49d7aabe-f59e-4642-82be-b5b05ce780de
java.io.IOException: 72ddd1cf-406a-46d1-a670-cde8064896da: Group group-B5B05CE780DE not found.
	at org.apache.hadoop.ozone.container.common.transport.server.ratis.XceiverServerRatis.removeGroup(XceiverServerRatis.java:782)
	at org.apache.hadoop.ozone.container.common.statemachine.commandhandler.ClosePipelineCommandHandler.handle(ClosePipelineCommandHandler.java:74)
	at org.apache.hadoop.ozone.container.common.statemachine.commandhandler.CommandDispatcher.handle(CommandDispatcher.java:99)
	at org.apache.hadoop.ozone.container.common.statemachine.DatanodeStateMachine.lambda$initCommandHandlerThread$2(DatanodeStateMachine.java:498)
	at java.lang.Thread.run(Thread.java:748)
Caused by: org.apache.ratis.protocol.exceptions.GroupMismatchException: 72ddd1cf-406a-46d1-a670-cde8064896da: Group group-B5B05CE780DE not found.
	at org.apache.ratis.server.impl.RaftServerProxy.groupRemoveAsync(RaftServerProxy.java:494)
	at org.apache.ratis.server.impl.RaftServerProxy.groupManagementAsync(RaftServerProxy.java:450)
	at org.apache.ratis.server.impl.RaftServerProxy.groupManagement(RaftServerProxy.java:430)
	at org.apache.hadoop.ozone.container.common.transport.server.ratis.XceiverServerRatis.removeGroup(XceiverServerRatis.java:780)
	... 4 more
2020-12-23 14:05:53,379 [ReplicationMonitor] INFO  container.ReplicationManager (ReplicationManager.java:forceCloseContainer(633)) - Force closing container #1 with BCSID 65, which is in QUASI_CLOSED state.
2020-12-23 14:05:53,380 [ReplicationMonitor] INFO  container.ReplicationManager (ReplicationManager.java:sendCloseCommand(948)) - Sending close container command for container #1 to datanode b1088989-c4df-426b-96dd-e7d1e2f5d3a9{ip: 172.17.0.2, host: 8eef00ac434c, networkLocation: /default-rack, certSerialId: null, persistedOpState: DECOMMISSIONING, persistedOpStateExpiryEpochSec: 0}.
2020-12-23 14:05:53,380 [ReplicationMonitor] INFO  container.ReplicationManager (ReplicationManager.java:sendCloseCommand(948)) - Sending close container command for container #1 to datanode 72ddd1cf-406a-46d1-a670-cde8064896da{ip: 172.17.0.2, host: 8eef00ac434c, networkLocation: /default-rack, certSerialId: null, persistedOpState: IN_SERVICE, persistedOpStateExpiryEpochSec: 0}.
2020-12-23 14:05:53,380 [ReplicationMonitor] INFO  container.ReplicationManager (ReplicationManager.java:forceCloseContainer(633)) - Force closing container #2 with BCSID 69, which is in QUASI_CLOSED state.
2020-12-23 14:05:53,380 [ReplicationMonitor] INFO  container.ReplicationManager (ReplicationManager.java:sendCloseCommand(948)) - Sending close container command for container #2 to datanode b1088989-c4df-426b-96dd-e7d1e2f5d3a9{ip: 172.17.0.2, host: 8eef00ac434c, networkLocation: /default-rack, certSerialId: null, persistedOpState: DECOMMISSIONING, persistedOpStateExpiryEpochSec: 0}.
2020-12-23 14:05:53,380 [ReplicationMonitor] INFO  container.ReplicationManager (ReplicationManager.java:sendCloseCommand(948)) - Sending close container command for container #2 to datanode 72ddd1cf-406a-46d1-a670-cde8064896da{ip: 172.17.0.2, host: 8eef00ac434c, networkLocation: /default-rack, certSerialId: null, persistedOpState: IN_SERVICE, persistedOpStateExpiryEpochSec: 0}.
2020-12-23 14:05:53,380 [ReplicationMonitor] INFO  container.ReplicationManager (ReplicationManager.java:run(250)) - Replication Monitor Thread took 1 milliseconds for processing 4 containers.
2020-12-23 14:05:53,647 [Command processor thread] WARN  server.RaftServer (RaftServerProxy.java:remove(99)) - b1088989-c4df-426b-96dd-e7d1e2f5d3a9: does not contain group: group-B5B05CE780DE
2020-12-23 14:05:53,648 [Command processor thread] ERROR commandhandler.ClosePipelineCommandHandler (ClosePipelineCommandHandler.java:handle(78)) - Can't close pipeline PipelineID=49d7aabe-f59e-4642-82be-b5b05ce780de
java.io.IOException: b1088989-c4df-426b-96dd-e7d1e2f5d3a9: Group group-B5B05CE780DE not found.
	at org.apache.hadoop.ozone.container.common.transport.server.ratis.XceiverServerRatis.removeGroup(XceiverServerRatis.java:782)
	at org.apache.hadoop.ozone.container.common.statemachine.commandhandler.ClosePipelineCommandHandler.handle(ClosePipelineCommandHandler.java:74)
	at org.apache.hadoop.ozone.container.common.statemachine.commandhandler.CommandDispatcher.handle(CommandDispatcher.java:99)
	at org.apache.hadoop.ozone.container.common.statemachine.DatanodeStateMachine.lambda$initCommandHandlerThread$2(DatanodeStateMachine.java:498)
	at java.lang.Thread.run(Thread.java:748)
Caused by: org.apache.ratis.protocol.exceptions.GroupMismatchException: b1088989-c4df-426b-96dd-e7d1e2f5d3a9: Group group-B5B05CE780DE not found.
	at org.apache.ratis.server.impl.RaftServerProxy.groupRemoveAsync(RaftServerProxy.java:494)
	at org.apache.ratis.server.impl.RaftServerProxy.groupManagementAsync(RaftServerProxy.java:450)
	at org.apache.ratis.server.impl.RaftServerProxy.groupManagement(RaftServerProxy.java:430)
	at org.apache.hadoop.ozone.container.common.transport.server.ratis.XceiverServerRatis.removeGroup(XceiverServerRatis.java:780)
	... 4 more
2020-12-23 14:05:53,653 [Command processor thread] WARN  server.RaftServer (RaftServerProxy.java:remove(99)) - b1088989-c4df-426b-96dd-e7d1e2f5d3a9: does not contain group: group-35026810E6AE
2020-12-23 14:05:53,653 [Command processor thread] ERROR commandhandler.ClosePipelineCommandHandler (ClosePipelineCommandHandler.java:handle(78)) - Can't close pipeline PipelineID=a4f5a0ab-482a-4386-9b01-35026810e6ae
java.io.IOException: b1088989-c4df-426b-96dd-e7d1e2f5d3a9: Group group-35026810E6AE not found.
	at org.apache.hadoop.ozone.container.common.transport.server.ratis.XceiverServerRatis.removeGroup(XceiverServerRatis.java:782)
	at org.apache.hadoop.ozone.container.common.statemachine.commandhandler.ClosePipelineCommandHandler.handle(ClosePipelineCommandHandler.java:74)
	at org.apache.hadoop.ozone.container.common.statemachine.commandhandler.CommandDispatcher.handle(CommandDispatcher.java:99)
	at org.apache.hadoop.ozone.container.common.statemachine.DatanodeStateMachine.lambda$initCommandHandlerThread$2(DatanodeStateMachine.java:498)
	at java.lang.Thread.run(Thread.java:748)
Caused by: org.apache.ratis.protocol.exceptions.GroupMismatchException: b1088989-c4df-426b-96dd-e7d1e2f5d3a9: Group group-35026810E6AE not found.
	at org.apache.ratis.server.impl.RaftServerProxy.groupRemoveAsync(RaftServerProxy.java:494)
	at org.apache.ratis.server.impl.RaftServerProxy.groupManagementAsync(RaftServerProxy.java:450)
	at org.apache.ratis.server.impl.RaftServerProxy.groupManagement(RaftServerProxy.java:430)
	at org.apache.hadoop.ozone.container.common.transport.server.ratis.XceiverServerRatis.removeGroup(XceiverServerRatis.java:780)
	... 4 more
2020-12-23 14:05:53,653 [Command processor thread] INFO  keyvalue.KeyValueContainer (KeyValueContainer.java:flushAndSyncDB(388)) - Container 2 is synced with bcsId 69.
2020-12-23 14:05:53,653 [Command processor thread] INFO  keyvalue.KeyValueContainer (KeyValueContainer.java:flushAndSyncDB(388)) - Container 2 is synced with bcsId 69.
2020-12-23 14:05:53,657 [Command processor thread] INFO  keyvalue.KeyValueContainer (KeyValueContainer.java:close(326)) - Container 2 is closed with bcsId 69.
2020-12-23 14:05:53,658 [Command processor thread] WARN  server.RaftServer (RaftServerProxy.java:remove(99)) - b1088989-c4df-426b-96dd-e7d1e2f5d3a9: does not contain group: group-B5B05CE780DE
2020-12-23 14:05:53,658 [EventQueue-IncrementalContainerReportForIncrementalContainerReportHandler] INFO  container.IncrementalContainerReportHandler (AbstractContainerReportHandler.java:updateContainerState(241)) - Moving container #2 to CLOSED state, datanode b1088989-c4df-426b-96dd-e7d1e2f5d3a9{ip: 172.17.0.2, host: 8eef00ac434c, networkLocation: /default-rack, certSerialId: null, persistedOpState: DECOMMISSIONING, persistedOpStateExpiryEpochSec: 0} reported CLOSED replica.
2020-12-23 14:05:53,658 [Command processor thread] ERROR commandhandler.ClosePipelineCommandHandler (ClosePipelineCommandHandler.java:handle(78)) - Can't close pipeline PipelineID=49d7aabe-f59e-4642-82be-b5b05ce780de
java.io.IOException: b1088989-c4df-426b-96dd-e7d1e2f5d3a9: Group group-B5B05CE780DE not found.
	at org.apache.hadoop.ozone.container.common.transport.server.ratis.XceiverServerRatis.removeGroup(XceiverServerRatis.java:782)
	at org.apache.hadoop.ozone.container.common.statemachine.commandhandler.ClosePipelineCommandHandler.handle(ClosePipelineCommandHandler.java:74)
	at org.apache.hadoop.ozone.container.common.statemachine.commandhandler.CommandDispatcher.handle(CommandDispatcher.java:99)
	at org.apache.hadoop.ozone.container.common.statemachine.DatanodeStateMachine.lambda$initCommandHandlerThread$2(DatanodeStateMachine.java:498)
	at java.lang.Thread.run(Thread.java:748)
Caused by: org.apache.ratis.protocol.exceptions.GroupMismatchException: b1088989-c4df-426b-96dd-e7d1e2f5d3a9: Group group-B5B05CE780DE not found.
	at org.apache.ratis.server.impl.RaftServerProxy.groupRemoveAsync(RaftServerProxy.java:494)
	at org.apache.ratis.server.impl.RaftServerProxy.groupManagementAsync(RaftServerProxy.java:450)
	at org.apache.ratis.server.impl.RaftServerProxy.groupManagement(RaftServerProxy.java:430)
	at org.apache.hadoop.ozone.container.common.transport.server.ratis.XceiverServerRatis.removeGroup(XceiverServerRatis.java:780)
	... 4 more
2020-12-23 14:05:53,660 [Command processor thread] WARN  server.RaftServer (RaftServerProxy.java:remove(99)) - b1088989-c4df-426b-96dd-e7d1e2f5d3a9: does not contain group: group-35026810E6AE
2020-12-23 14:05:53,660 [Command processor thread] ERROR commandhandler.ClosePipelineCommandHandler (ClosePipelineCommandHandler.java:handle(78)) - Can't close pipeline PipelineID=a4f5a0ab-482a-4386-9b01-35026810e6ae
java.io.IOException: b1088989-c4df-426b-96dd-e7d1e2f5d3a9: Group group-35026810E6AE not found.
	at org.apache.hadoop.ozone.container.common.transport.server.ratis.XceiverServerRatis.removeGroup(XceiverServerRatis.java:782)
	at org.apache.hadoop.ozone.container.common.statemachine.commandhandler.ClosePipelineCommandHandler.handle(ClosePipelineCommandHandler.java:74)
	at org.apache.hadoop.ozone.container.common.statemachine.commandhandler.CommandDispatcher.handle(CommandDispatcher.java:99)
	at org.apache.hadoop.ozone.container.common.statemachine.DatanodeStateMachine.lambda$initCommandHandlerThread$2(DatanodeStateMachine.java:498)
	at java.lang.Thread.run(Thread.java:748)
Caused by: org.apache.ratis.protocol.exceptions.GroupMismatchException: b1088989-c4df-426b-96dd-e7d1e2f5d3a9: Group group-35026810E6AE not found.
	at org.apache.ratis.server.impl.RaftServerProxy.groupRemoveAsync(RaftServerProxy.java:494)
	at org.apache.ratis.server.impl.RaftServerProxy.groupManagementAsync(RaftServerProxy.java:450)
	at org.apache.ratis.server.impl.RaftServerProxy.groupManagement(RaftServerProxy.java:430)
	at org.apache.hadoop.ozone.container.common.transport.server.ratis.XceiverServerRatis.removeGroup(XceiverServerRatis.java:780)
	... 4 more
2020-12-23 14:05:53,660 [Command processor thread] INFO  keyvalue.KeyValueContainer (KeyValueContainer.java:flushAndSyncDB(388)) - Container 1 is synced with bcsId 65.
2020-12-23 14:05:53,660 [Command processor thread] INFO  keyvalue.KeyValueContainer (KeyValueContainer.java:flushAndSyncDB(388)) - Container 1 is synced with bcsId 65.
2020-12-23 14:05:53,663 [Command processor thread] INFO  keyvalue.KeyValueContainer (KeyValueContainer.java:close(326)) - Container 1 is closed with bcsId 65.
2020-12-23 14:05:53,665 [EventQueue-IncrementalContainerReportForIncrementalContainerReportHandler] INFO  container.IncrementalContainerReportHandler (AbstractContainerReportHandler.java:updateContainerState(241)) - Moving container #1 to CLOSED state, datanode b1088989-c4df-426b-96dd-e7d1e2f5d3a9{ip: 172.17.0.2, host: 8eef00ac434c, networkLocation: /default-rack, certSerialId: null, persistedOpState: DECOMMISSIONING, persistedOpStateExpiryEpochSec: 0} reported CLOSED replica.
2020-12-23 14:05:53,796 [DatanodeAdminManager-0] INFO  node.DatanodeAdminMonitorImpl (DatanodeAdminMonitorImpl.java:checkContainersReplicatedOnNode(297)) - b1088989-c4df-426b-96dd-e7d1e2f5d3a9{ip: 172.17.0.2, host: 8eef00ac434c, networkLocation: /default-rack, certSerialId: null, persistedOpState: DECOMMISSIONING, persistedOpStateExpiryEpochSec: 0} has 0 sufficientlyReplicated, 2 underReplicated and 2 unhealthy containers
2020-12-23 14:05:53,796 [DatanodeAdminManager-0] INFO  node.DatanodeAdminMonitorImpl (DatanodeAdminMonitorImpl.java:run(136)) - There are 1 nodes tracked for decommission and maintenance. 0 pending nodes.
2020-12-23 14:05:54,380 [ReplicationMonitor] INFO  container.ReplicationManager (ReplicationManager.java:handleUnderReplicatedContainer(722)) - Container #1 is under replicated. Expected replica count is 3, but found 2.
2020-12-23 14:05:54,381 [ReplicationMonitor] INFO  container.ReplicationManager (ReplicationManager.java:sendReplicateCommand(970)) - Sending replicate container command for container #1 to datanode cc79f115-dbdb-4899-88c3-1d2dbee4d898{ip: 172.17.0.2, host: 8eef00ac434c, networkLocation: /default-rack, certSerialId: null, persistedOpState: IN_SERVICE, persistedOpStateExpiryEpochSec: 0}
2020-12-23 14:05:54,381 [ReplicationMonitor] INFO  container.ReplicationManager (ReplicationManager.java:handleUnderReplicatedContainer(722)) - Container #2 is under replicated. Expected replica count is 3, but found 2.
2020-12-23 14:05:54,381 [ReplicationMonitor] INFO  container.ReplicationManager (ReplicationManager.java:sendReplicateCommand(970)) - Sending replicate container command for container #2 to datanode 578fb040-f869-45ef-91a4-da79ba7884ec{ip: 172.17.0.2, host: 8eef00ac434c, networkLocation: /default-rack, certSerialId: null, persistedOpState: IN_SERVICE, persistedOpStateExpiryEpochSec: 0}
2020-12-23 14:05:54,381 [ReplicationMonitor] INFO  container.ReplicationManager (ReplicationManager.java:run(250)) - Replication Monitor Thread took 1 milliseconds for processing 4 containers.
2020-12-23 14:05:54,796 [DatanodeAdminManager-0] INFO  node.DatanodeAdminMonitorImpl (DatanodeAdminMonitorImpl.java:checkContainersReplicatedOnNode(297)) - b1088989-c4df-426b-96dd-e7d1e2f5d3a9{ip: 172.17.0.2, host: 8eef00ac434c, networkLocation: /default-rack, certSerialId: null, persistedOpState: DECOMMISSIONING, persistedOpStateExpiryEpochSec: 0} has 0 sufficientlyReplicated, 2 underReplicated and 2 unhealthy containers
2020-12-23 14:05:54,796 [DatanodeAdminManager-0] INFO  node.DatanodeAdminMonitorImpl (DatanodeAdminMonitorImpl.java:run(136)) - There are 1 nodes tracked for decommission and maintenance. 0 pending nodes.
2020-12-23 14:05:54,823 [Command processor thread] INFO  keyvalue.KeyValueContainer (KeyValueContainer.java:flushAndSyncDB(388)) - Container 2 is synced with bcsId 69.
2020-12-23 14:05:54,823 [Command processor thread] INFO  keyvalue.KeyValueContainer (KeyValueContainer.java:flushAndSyncDB(388)) - Container 2 is synced with bcsId 69.
2020-12-23 14:05:54,825 [Command processor thread] INFO  keyvalue.KeyValueContainer (KeyValueContainer.java:close(326)) - Container 2 is closed with bcsId 69.
2020-12-23 14:05:54,825 [Command processor thread] INFO  keyvalue.KeyValueContainer (KeyValueContainer.java:flushAndSyncDB(388)) - Container 1 is synced with bcsId 65.
2020-12-23 14:05:54,825 [Command processor thread] INFO  keyvalue.KeyValueContainer (KeyValueContainer.java:flushAndSyncDB(388)) - Container 1 is synced with bcsId 65.
2020-12-23 14:05:54,829 [Command processor thread] INFO  keyvalue.KeyValueContainer (KeyValueContainer.java:close(326)) - Container 1 is closed with bcsId 65.
2020-12-23 14:05:55,382 [ReplicationMonitor] INFO  container.ReplicationManager (ReplicationManager.java:run(250)) - Replication Monitor Thread took 1 milliseconds for processing 4 containers.
2020-12-23 14:05:55,445 [ContainerReplicationThread-0] INFO  replication.DownloadAndImportReplicator (DownloadAndImportReplicator.java:replicate(106)) - Starting replication of container 1 from [b1088989-c4df-426b-96dd-e7d1e2f5d3a9{ip: 172.17.0.2, host: 8eef00ac434c, networkLocation: /default-rack, certSerialId: null, persistedOpState: DECOMMISSIONING, persistedOpStateExpiryEpochSec: 0}, 72ddd1cf-406a-46d1-a670-cde8064896da{ip: 172.17.0.2, host: 8eef00ac434c, networkLocation: /default-rack, certSerialId: null, persistedOpState: IN_SERVICE, persistedOpStateExpiryEpochSec: 0}]
2020-12-23 14:05:55,450 [grpc-default-executor-0] INFO  replication.GrpcReplicationService (GrpcReplicationService.java:download(52)) - Streaming container data (1) to other datanode
2020-12-23 14:05:55,458 [grpc-default-executor-0] INFO  replication.GrpcOutputStream (GrpcOutputStream.java:close(104)) - Sent 11163 bytes for container 1
2020-12-23 14:05:55,460 [grpc-default-executor-0] INFO  replication.GrpcReplicationClient (GrpcReplicationClient.java:onCompleted(177)) - Container 1 is downloaded to /github/workspace/mnt/ozone/hadoop-ozone/integration-test/target/test-dir/MiniOzoneClusterImpl-4d4d8361-1f31-4e15-8531-152295c781bb/datanode-5/data/replication/work/container-1.tar.gz
2020-12-23 14:05:55,464 [ContainerReplicationThread-0] INFO  replication.DownloadAndImportReplicator (DownloadAndImportReplicator.java:replicate(117)) - Container 1 is downloaded, starting to import.
2020-12-23 14:05:55,496 [ContainerReplicationThread-0] INFO  replication.DownloadAndImportReplicator (DownloadAndImportReplicator.java:replicate(120)) - Container 1 is replicated successfully
2020-12-23 14:05:55,496 [ContainerReplicationThread-0] INFO  replication.ReplicationSupervisor (ReplicationSupervisor.java:run(146)) - Container 1 is replicated.
2020-12-23 14:05:55,796 [DatanodeAdminManager-0] INFO  node.DatanodeAdminMonitorImpl (DatanodeAdminMonitorImpl.java:checkContainersReplicatedOnNode(297)) - b1088989-c4df-426b-96dd-e7d1e2f5d3a9{ip: 172.17.0.2, host: 8eef00ac434c, networkLocation: /default-rack, certSerialId: null, persistedOpState: DECOMMISSIONING, persistedOpStateExpiryEpochSec: 0} has 1 sufficientlyReplicated, 1 underReplicated and 2 unhealthy containers
2020-12-23 14:05:55,796 [DatanodeAdminManager-0] INFO  node.DatanodeAdminMonitorImpl (DatanodeAdminMonitorImpl.java:run(136)) - There are 1 nodes tracked for decommission and maintenance. 0 pending nodes.
2020-12-23 14:05:56,337 [ContainerReplicationThread-0] INFO  replication.DownloadAndImportReplicator (DownloadAndImportReplicator.java:replicate(106)) - Starting replication of container 2 from [b1088989-c4df-426b-96dd-e7d1e2f5d3a9{ip: 172.17.0.2, host: 8eef00ac434c, networkLocation: /default-rack, certSerialId: null, persistedOpState: DECOMMISSIONING, persistedOpStateExpiryEpochSec: 0}, 72ddd1cf-406a-46d1-a670-cde8064896da{ip: 172.17.0.2, host: 8eef00ac434c, networkLocation: /default-rack, certSerialId: null, persistedOpState: IN_SERVICE, persistedOpStateExpiryEpochSec: 0}]
2020-12-23 14:05:56,342 [grpc-default-executor-0] INFO  replication.GrpcReplicationService (GrpcReplicationService.java:download(52)) - Streaming container data (2) to other datanode
2020-12-23 14:05:56,347 [grpc-default-executor-0] INFO  replication.GrpcOutputStream (GrpcOutputStream.java:close(104)) - Sent 11246 bytes for container 2
2020-12-23 14:05:56,353 [grpc-default-executor-0] INFO  replication.GrpcReplicationClient (GrpcReplicationClient.java:onCompleted(177)) - Container 2 is downloaded to /github/workspace/mnt/ozone/hadoop-ozone/integration-test/target/test-dir/MiniOzoneClusterImpl-4d4d8361-1f31-4e15-8531-152295c781bb/datanode-3/data/replication/work/container-2.tar.gz
2020-12-23 14:05:56,354 [ContainerReplicationThread-0] INFO  replication.DownloadAndImportReplicator (DownloadAndImportReplicator.java:replicate(117)) - Container 2 is downloaded, starting to import.
2020-12-23 14:05:56,368 [ContainerReplicationThread-0] INFO  replication.DownloadAndImportReplicator (DownloadAndImportReplicator.java:replicate(120)) - Container 2 is replicated successfully
2020-12-23 14:05:56,369 [ContainerReplicationThread-0] INFO  replication.ReplicationSupervisor (ReplicationSupervisor.java:run(146)) - Container 2 is replicated.
2020-12-23 14:05:56,382 [ReplicationMonitor] INFO  container.ReplicationManager (ReplicationManager.java:sendCloseCommand(948)) - Sending close container command for container #1 to datanode 68877139-4f8e-42eb-81b1-3d9b1c196839{ip: 172.17.0.2, host: 8eef00ac434c, networkLocation: /default-rack, certSerialId: null, persistedOpState: IN_SERVICE, persistedOpStateExpiryEpochSec: 0}.
2020-12-23 14:05:56,382 [ReplicationMonitor] INFO  container.ReplicationManager (ReplicationManager.java:sendCloseCommand(948)) - Sending close container command for container #2 to datanode 68877139-4f8e-42eb-81b1-3d9b1c196839{ip: 172.17.0.2, host: 8eef00ac434c, networkLocation: /default-rack, certSerialId: null, persistedOpState: IN_SERVICE, persistedOpStateExpiryEpochSec: 0}.
2020-12-23 14:05:56,382 [ReplicationMonitor] INFO  container.ReplicationManager (ReplicationManager.java:run(250)) - Replication Monitor Thread took 0 milliseconds for processing 4 containers.
2020-12-23 14:05:56,796 [DatanodeAdminManager-0] INFO  node.DatanodeAdminMonitorImpl (DatanodeAdminMonitorImpl.java:checkContainersReplicatedOnNode(297)) - b1088989-c4df-426b-96dd-e7d1e2f5d3a9{ip: 172.17.0.2, host: 8eef00ac434c, networkLocation: /default-rack, certSerialId: null, persistedOpState: DECOMMISSIONING, persistedOpStateExpiryEpochSec: 0} has 1 sufficientlyReplicated, 1 underReplicated and 2 unhealthy containers
2020-12-23 14:05:56,796 [DatanodeAdminManager-0] INFO  node.DatanodeAdminMonitorImpl (DatanodeAdminMonitorImpl.java:run(136)) - There are 1 nodes tracked for decommission and maintenance. 0 pending nodes.
2020-12-23 14:05:57,383 [ReplicationMonitor] INFO  container.ReplicationManager (ReplicationManager.java:handleUnderReplicatedContainer(722)) - Container #1 is under replicated. Expected replica count is 3, but found 2.
2020-12-23 14:05:57,383 [ReplicationMonitor] INFO  container.ReplicationManager (ReplicationManager.java:sendReplicateCommand(970)) - Sending replicate container command for container #1 to datanode 578fb040-f869-45ef-91a4-da79ba7884ec{ip: 172.17.0.2, host: 8eef00ac434c, networkLocation: /default-rack, certSerialId: null, persistedOpState: IN_SERVICE, persistedOpStateExpiryEpochSec: 0}
2020-12-23 14:05:57,383 [ReplicationMonitor] INFO  container.ReplicationManager (ReplicationManager.java:handleUnderReplicatedContainer(722)) - Container #2 is under replicated. Expected replica count is 3, but found 2.
2020-12-23 14:05:57,383 [ReplicationMonitor] INFO  container.ReplicationManager (ReplicationManager.java:sendReplicateCommand(970)) - Sending replicate container command for container #2 to datanode 578fb040-f869-45ef-91a4-da79ba7884ec{ip: 172.17.0.2, host: 8eef00ac434c, networkLocation: /default-rack, certSerialId: null, persistedOpState: IN_SERVICE, persistedOpStateExpiryEpochSec: 0}
2020-12-23 14:05:57,383 [ReplicationMonitor] INFO  container.ReplicationManager (ReplicationManager.java:run(250)) - Replication Monitor Thread took 1 milliseconds for processing 4 containers.
2020-12-23 14:05:57,796 [DatanodeAdminManager-0] INFO  node.DatanodeAdminMonitorImpl (DatanodeAdminMonitorImpl.java:checkContainersReplicatedOnNode(297)) - b1088989-c4df-426b-96dd-e7d1e2f5d3a9{ip: 172.17.0.2, host: 8eef00ac434c, networkLocation: /default-rack, certSerialId: null, persistedOpState: DECOMMISSIONING, persistedOpStateExpiryEpochSec: 0} has 1 sufficientlyReplicated, 1 underReplicated and 2 unhealthy containers
2020-12-23 14:05:57,796 [DatanodeAdminManager-0] INFO  node.DatanodeAdminMonitorImpl (DatanodeAdminMonitorImpl.java:run(136)) - There are 1 nodes tracked for decommission and maintenance. 0 pending nodes.
2020-12-23 14:05:57,829 [Thread-3267] WARN  server.RaftServer$Division (LeaderStateImpl.java:checkLeadership(937)) - 68877139-4f8e-42eb-81b1-3d9b1c196839@group-B5B05CE780DE-LeaderStateImpl: Lost leadership on term: 1. Election timeout: 5200ms. In charge for: 10462ms. Conf: 0: [b1088989-c4df-426b-96dd-e7d1e2f5d3a9|rpc:172.17.0.2:39379|dataStream:, 72ddd1cf-406a-46d1-a670-cde8064896da|rpc:172.17.0.2:36049|dataStream:, 68877139-4f8e-42eb-81b1-3d9b1c196839|rpc:172.17.0.2:33281|dataStream:], old=null
2020-12-23 14:05:57,830 [Thread-3267] WARN  server.RaftServer$Division (LeaderStateImpl.java:lambda$checkLeadership$14(941)) - Follower 68877139-4f8e-42eb-81b1-3d9b1c196839@group-B5B05CE780DE->b1088989-c4df-426b-96dd-e7d1e2f5d3a9(c71,m71,n73, attendVote=true, lastRpcSendTime=199, lastRpcResponseTime=7203)
2020-12-23 14:05:57,830 [Thread-3267] WARN  server.RaftServer$Division (LeaderStateImpl.java:lambda$checkLeadership$14(941)) - Follower 68877139-4f8e-42eb-81b1-3d9b1c196839@group-B5B05CE780DE->72ddd1cf-406a-46d1-a670-cde8064896da(c71,m71,n73, attendVote=true, lastRpcSendTime=200, lastRpcResponseTime=7212)
2020-12-23 14:05:57,830 [Thread-3267] INFO  server.RaftServer$Division (RaftServerImpl.java:setRole(275)) - 68877139-4f8e-42eb-81b1-3d9b1c196839@group-B5B05CE780DE: changes role from    LEADER to FOLLOWER at term 1 for StepDownReason:LOST_MAJORITY_HEARTBEATS
2020-12-23 14:05:57,830 [Thread-3267] INFO  impl.RoleInfo (RoleInfo.java:shutdownLeaderState(91)) - 68877139-4f8e-42eb-81b1-3d9b1c196839: shutdown 68877139-4f8e-42eb-81b1-3d9b1c196839@group-B5B05CE780DE-LeaderStateImpl
2020-12-23 14:05:57,830 [Thread-3267] INFO  metrics.RatisMetrics (RatisMetrics.java:unregister(43)) - Unregistering Metrics Registry : ratis_grpc.log_appender.68877139-4f8e-42eb-81b1-3d9b1c196839@group-B5B05CE780DE
2020-12-23 14:05:57,830 [Thread-3267] INFO  metrics.RatisMetrics (RatisMetrics.java:unregister(43)) - Unregistering Metrics Registry : ratis_grpc.log_appender.68877139-4f8e-42eb-81b1-3d9b1c196839@group-B5B05CE780DE
2020-12-23 14:05:57,831 [68877139-4f8e-42eb-81b1-3d9b1c196839@group-B5B05CE780DE->72ddd1cf-406a-46d1-a670-cde8064896da-GrpcLogAppender-LogAppenderDaemon] WARN  server.GrpcLogAppender (GrpcLogAppender.java:mayWait(174)) - 68877139-4f8e-42eb-81b1-3d9b1c196839@group-B5B05CE780DE->72ddd1cf-406a-46d1-a670-cde8064896da-GrpcLogAppender: Wait interrupted by java.lang.InterruptedException
2020-12-23 14:05:57,831 [Thread-3267] INFO  impl.PendingRequests (PendingRequests.java:sendNotLeaderResponses(249)) - 68877139-4f8e-42eb-81b1-3d9b1c196839@group-B5B05CE780DE-PendingRequests: sendNotLeaderResponses
2020-12-23 14:05:57,832 [grpc-default-executor-0] INFO  server.GrpcServerProtocolService (GrpcServerProtocolService.java:onCompleted(138)) - 72ddd1cf-406a-46d1-a670-cde8064896da: Completed APPEND_ENTRIES, lastRequest: 68877139-4f8e-42eb-81b1-3d9b1c196839->72ddd1cf-406a-46d1-a670-cde8064896da#469-t1,previous=(t:1, i:71),leaderCommit=71,initializing? true,entries: size=1, first=(t:1, i:72), STATEMACHINELOGENTRY, client-8C54428845C5,cid=261
2020-12-23 14:05:57,834 [grpc-default-executor-4] INFO  server.GrpcLogAppender (GrpcLogAppender.java:onCompleted(343)) - 68877139-4f8e-42eb-81b1-3d9b1c196839@group-B5B05CE780DE->72ddd1cf-406a-46d1-a670-cde8064896da-AppendLogResponseHandler: follower responses appendEntries COMPLETED
2020-12-23 14:05:57,834 [grpc-default-executor-4] INFO  leader.FollowerInfo (FollowerInfoImpl.java:lambda$new$0(46)) - 68877139-4f8e-42eb-81b1-3d9b1c196839@group-B5B05CE780DE->72ddd1cf-406a-46d1-a670-cde8064896da: nextIndex: updateUnconditionally 73 -> 72
2020-12-23 14:05:57,834 [68877139-4f8e-42eb-81b1-3d9b1c196839@group-B5B05CE780DE->b1088989-c4df-426b-96dd-e7d1e2f5d3a9-GrpcLogAppender-LogAppenderDaemon] WARN  server.GrpcLogAppender (GrpcLogAppender.java:mayWait(174)) - 68877139-4f8e-42eb-81b1-3d9b1c196839@group-B5B05CE780DE->b1088989-c4df-426b-96dd-e7d1e2f5d3a9-GrpcLogAppender: Wait interrupted by java.lang.InterruptedException
2020-12-23 14:05:57,835 [Command processor thread] INFO  server.RaftServer (RaftServerProxy.java:remove(104)) - 68877139-4f8e-42eb-81b1-3d9b1c196839: remove  FOLLOWER 68877139-4f8e-42eb-81b1-3d9b1c196839@group-B5B05CE780DE:t1, leader=68877139-4f8e-42eb-81b1-3d9b1c196839, voted=68877139-4f8e-42eb-81b1-3d9b1c196839, raftlog=68877139-4f8e-42eb-81b1-3d9b1c196839@group-B5B05CE780DE-SegmentedRaftLog:OPENED:c71,f72,i72, conf=0: [b1088989-c4df-426b-96dd-e7d1e2f5d3a9|rpc:172.17.0.2:39379|dataStream:, 72ddd1cf-406a-46d1-a670-cde8064896da|rpc:172.17.0.2:36049|dataStream:, 68877139-4f8e-42eb-81b1-3d9b1c196839|rpc:172.17.0.2:33281|dataStream:], old=null RUNNING
2020-12-23 14:05:57,836 [Command processor thread] INFO  server.RaftServer$Division (RaftServerImpl.java:lambda$close$4(397)) - 68877139-4f8e-42eb-81b1-3d9b1c196839@group-B5B05CE780DE: shutdown
2020-12-23 14:05:57,836 [Command processor thread] INFO  util.JmxRegister (JmxRegister.java:unregister(73)) - Successfully un-registered JMX Bean with object name Ratis:service=RaftServer,group=group-B5B05CE780DE,id=68877139-4f8e-42eb-81b1-3d9b1c196839
2020-12-23 14:05:57,836 [grpc-default-executor-0] INFO  server.GrpcServerProtocolService (GrpcServerProtocolService.java:onCompleted(138)) - b1088989-c4df-426b-96dd-e7d1e2f5d3a9: Completed APPEND_ENTRIES, lastRequest: 68877139-4f8e-42eb-81b1-3d9b1c196839->b1088989-c4df-426b-96dd-e7d1e2f5d3a9#462-t1,previous=(t:1, i:71),leaderCommit=71,initializing? true,entries: size=1, first=(t:1, i:72), STATEMACHINELOGENTRY, client-8C54428845C5,cid=261
2020-12-23 14:05:57,837 [grpc-default-executor-4] INFO  server.GrpcLogAppender (GrpcLogAppender.java:onCompleted(343)) - 68877139-4f8e-42eb-81b1-3d9b1c196839@group-B5B05CE780DE->b1088989-c4df-426b-96dd-e7d1e2f5d3a9-AppendLogResponseHandler: follower responses appendEntries COMPLETED
2020-12-23 14:05:57,837 [grpc-default-executor-4] INFO  leader.FollowerInfo (FollowerInfoImpl.java:lambda$new$0(46)) - 68877139-4f8e-42eb-81b1-3d9b1c196839@group-B5B05CE780DE->b1088989-c4df-426b-96dd-e7d1e2f5d3a9: nextIndex: updateUnconditionally 73 -> 72
2020-12-23 14:05:57,837 [68877139-4f8e-42eb-81b1-3d9b1c196839@group-B5B05CE780DE-StateMachineUpdater] INFO  ratis.ContainerStateMachine (ContainerStateMachine.java:takeSnapshot(291)) - group-B5B05CE780DE: Taking a snapshot at:(t:1, i:71) file /github/workspace/mnt/ozone/hadoop-ozone/integration-test/target/test-dir/MiniOzoneClusterImpl-4d4d8361-1f31-4e15-8531-152295c781bb/datanode-0/data/ratis/49d7aabe-f59e-4642-82be-b5b05ce780de/sm/snapshot.1_71
2020-12-23 14:05:57,838 [Command processor thread] INFO  impl.StateMachineUpdater (StateMachineUpdater.java:stopAndJoin(148)) - 68877139-4f8e-42eb-81b1-3d9b1c196839@group-B5B05CE780DE-StateMachineUpdater: set stopIndex = 71
2020-12-23 14:05:57,839 [68877139-4f8e-42eb-81b1-3d9b1c196839@group-B5B05CE780DE-StateMachineUpdater] INFO  ratis.ContainerStateMachine (ContainerStateMachine.java:takeSnapshot(302)) - group-B5B05CE780DE: Finished taking a snapshot at:(t:1, i:71) file:/github/workspace/mnt/ozone/hadoop-ozone/integration-test/target/test-dir/MiniOzoneClusterImpl-4d4d8361-1f31-4e15-8531-152295c781bb/datanode-0/data/ratis/49d7aabe-f59e-4642-82be-b5b05ce780de/sm/snapshot.1_71 time:1
2020-12-23 14:05:57,839 [68877139-4f8e-42eb-81b1-3d9b1c196839@group-B5B05CE780DE-StateMachineUpdater] INFO  impl.StateMachineUpdater (StateMachineUpdater.java:takeSnapshot(279)) - 68877139-4f8e-42eb-81b1-3d9b1c196839@group-B5B05CE780DE-StateMachineUpdater: Took a snapshot at index 71
2020-12-23 14:05:57,839 [68877139-4f8e-42eb-81b1-3d9b1c196839@group-B5B05CE780DE-StateMachineUpdater] INFO  impl.StateMachineUpdater (StateMachineUpdater.java:lambda$new$0(88)) - 68877139-4f8e-42eb-81b1-3d9b1c196839@group-B5B05CE780DE-StateMachineUpdater: snapshotIndex: updateIncreasingly -1 -> 71
2020-12-23 14:05:57,839 [68877139-4f8e-42eb-81b1-3d9b1c196839@group-B5B05CE780DE-StateMachineUpdater] INFO  metrics.RatisMetrics (RatisMetrics.java:unregister(43)) - Unregistering Metrics Registry : ratis.state_machine.68877139-4f8e-42eb-81b1-3d9b1c196839@group-B5B05CE780DE
2020-12-23 14:05:57,839 [Command processor thread] INFO  server.RaftServer$Division (ServerState.java:close(406)) - 68877139-4f8e-42eb-81b1-3d9b1c196839@group-B5B05CE780DE: closes. applyIndex: 71
2020-12-23 14:05:57,839 [68877139-4f8e-42eb-81b1-3d9b1c196839@group-B5B05CE780DE-SegmentedRaftLogWorker] INFO  segmented.SegmentedRaftLogWorker (SegmentedRaftLogWorker.java:run(326)) - 68877139-4f8e-42eb-81b1-3d9b1c196839@group-B5B05CE780DE-SegmentedRaftLogWorker was interrupted, exiting. There are 0 tasks remaining in the queue.
2020-12-23 14:05:57,840 [Thread-3267] INFO  metrics.RatisMetrics (RatisMetrics.java:unregister(43)) - Unregistering Metrics Registry : ratis.log_appender.68877139-4f8e-42eb-81b1-3d9b1c196839@group-B5B05CE780DE
2020-12-23 14:05:57,840 [Thread-3267] INFO  metrics.RatisMetrics (RatisMetrics.java:unregister(43)) - Unregistering Metrics Registry : ratis.server.68877139-4f8e-42eb-81b1-3d9b1c196839@group-B5B05CE780DE
2020-12-23 14:05:57,840 [Command processor thread] INFO  segmented.SegmentedRaftLogWorker (SegmentedRaftLogWorker.java:close(236)) - 68877139-4f8e-42eb-81b1-3d9b1c196839@group-B5B05CE780DE-SegmentedRaftLogWorker close()
2020-12-23 14:05:57,843 [Command processor thread] INFO  metrics.RatisMetrics (RatisMetrics.java:unregister(43)) - Unregistering Metrics Registry : ratis.log_worker.68877139-4f8e-42eb-81b1-3d9b1c196839@group-B5B05CE780DE
2020-12-23 14:05:57,843 [Command processor thread] INFO  metrics.RatisMetrics (RatisMetrics.java:unregister(43)) - Unregistering Metrics Registry : ratis.leader_election.68877139-4f8e-42eb-81b1-3d9b1c196839@group-B5B05CE780DE
2020-12-23 14:05:57,843 [Command processor thread] INFO  metrics.RatisMetrics (RatisMetrics.java:unregister(43)) - Unregistering Metrics Registry : ratis.server.68877139-4f8e-42eb-81b1-3d9b1c196839@group-B5B05CE780DE
2020-12-23 14:05:57,843 [Thread-3267] INFO  impl.RoleInfo (RoleInfo.java:updateAndGet(130)) - 68877139-4f8e-42eb-81b1-3d9b1c196839: start 68877139-4f8e-42eb-81b1-3d9b1c196839@group-B5B05CE780DE-FollowerState
2020-12-23 14:05:57,844 [Command processor thread] INFO  keyvalue.KeyValueContainer (KeyValueContainer.java:flushAndSyncDB(388)) - Container 1 is synced with bcsId 65.
2020-12-23 14:05:57,844 [Command processor thread] INFO  keyvalue.KeyValueContainer (KeyValueContainer.java:flushAndSyncDB(388)) - Container 1 is synced with bcsId 65.
2020-12-23 14:05:57,847 [Command processor thread] INFO  keyvalue.KeyValueContainer (KeyValueContainer.java:flushAndSyncDB(388)) - Container 2 is synced with bcsId 69.
2020-12-23 14:05:57,848 [Command processor thread] INFO  keyvalue.KeyValueContainer (KeyValueContainer.java:flushAndSyncDB(388)) - Container 2 is synced with bcsId 69.
2020-12-23 14:05:57,858 [Command processor thread] INFO  server.RaftServer$Division (RaftServerImpl.java:groupRemove(367)) - 68877139-4f8e-42eb-81b1-3d9b1c196839@group-B5B05CE780DE: Succeed to remove RaftStorageDirectory Storage Directory /github/workspace/mnt/ozone/hadoop-ozone/integration-test/target/test-dir/MiniOzoneClusterImpl-4d4d8361-1f31-4e15-8531-152295c781bb/datanode-0/data/ratis/49d7aabe-f59e-4642-82be-b5b05ce780de
2020-12-23 14:05:57,859 [Command processor thread] INFO  commandhandler.ClosePipelineCommandHandler (ClosePipelineCommandHandler.java:handle(75)) - Close Pipeline PipelineID=49d7aabe-f59e-4642-82be-b5b05ce780de command on datanode 68877139-4f8e-42eb-81b1-3d9b1c196839.
2020-12-23 14:05:57,859 [Command processor thread] WARN  server.RaftServer (RaftServerProxy.java:remove(99)) - 68877139-4f8e-42eb-81b1-3d9b1c196839: does not contain group: group-B5B05CE780DE
2020-12-23 14:05:57,859 [Command processor thread] ERROR commandhandler.ClosePipelineCommandHandler (ClosePipelineCommandHandler.java:handle(78)) - Can't close pipeline PipelineID=49d7aabe-f59e-4642-82be-b5b05ce780de
java.io.IOException: 68877139-4f8e-42eb-81b1-3d9b1c196839: Group group-B5B05CE780DE not found.
	at org.apache.hadoop.ozone.container.common.transport.server.ratis.XceiverServerRatis.removeGroup(XceiverServerRatis.java:782)
	at org.apache.hadoop.ozone.container.common.statemachine.commandhandler.ClosePipelineCommandHandler.handle(ClosePipelineCommandHandler.java:74)
	at org.apache.hadoop.ozone.container.common.statemachine.commandhandler.CommandDispatcher.handle(CommandDispatcher.java:99)
	at org.apache.hadoop.ozone.container.common.statemachine.DatanodeStateMachine.lambda$initCommandHandlerThread$2(DatanodeStateMachine.java:498)
	at java.lang.Thread.run(Thread.java:748)
Caused by: org.apache.ratis.protocol.exceptions.GroupMismatchException: 68877139-4f8e-42eb-81b1-3d9b1c196839: Group group-B5B05CE780DE not found.
	at org.apache.ratis.server.impl.RaftServerProxy.groupRemoveAsync(RaftServerProxy.java:494)
	at org.apache.ratis.server.impl.RaftServerProxy.groupManagementAsync(RaftServerProxy.java:450)
	at org.apache.ratis.server.impl.RaftServerProxy.groupManagement(RaftServerProxy.java:430)
	at org.apache.hadoop.ozone.container.common.transport.server.ratis.XceiverServerRatis.removeGroup(XceiverServerRatis.java:780)
	... 4 more
2020-12-23 14:05:57,859 [Command processor thread] WARN  server.RaftServer (RaftServerProxy.java:remove(99)) - 68877139-4f8e-42eb-81b1-3d9b1c196839: does not contain group: group-B5B05CE780DE
2020-12-23 14:05:57,859 [Command processor thread] ERROR commandhandler.ClosePipelineCommandHandler (ClosePipelineCommandHandler.java:handle(78)) - Can't close pipeline PipelineID=49d7aabe-f59e-4642-82be-b5b05ce780de
java.io.IOException: 68877139-4f8e-42eb-81b1-3d9b1c196839: Group group-B5B05CE780DE not found.
	at org.apache.hadoop.ozone.container.common.transport.server.ratis.XceiverServerRatis.removeGroup(XceiverServerRatis.java:782)
	at org.apache.hadoop.ozone.container.common.statemachine.commandhandler.ClosePipelineCommandHandler.handle(ClosePipelineCommandHandler.java:74)
	at org.apache.hadoop.ozone.container.common.statemachine.commandhandler.CommandDispatcher.handle(CommandDispatcher.java:99)
	at org.apache.hadoop.ozone.container.common.statemachine.DatanodeStateMachine.lambda$initCommandHandlerThread$2(DatanodeStateMachine.java:498)
	at java.lang.Thread.run(Thread.java:748)
Caused by: org.apache.ratis.protocol.exceptions.GroupMismatchException: 68877139-4f8e-42eb-81b1-3d9b1c196839: Group group-B5B05CE780DE not found.
	at org.apache.ratis.server.impl.RaftServerProxy.groupRemoveAsync(RaftServerProxy.java:494)
	at org.apache.ratis.server.impl.RaftServerProxy.groupManagementAsync(RaftServerProxy.java:450)
	at org.apache.ratis.server.impl.RaftServerProxy.groupManagement(RaftServerProxy.java:430)
	at org.apache.hadoop.ozone.container.common.transport.server.ratis.XceiverServerRatis.removeGroup(XceiverServerRatis.java:780)
	... 4 more
2020-12-23 14:05:57,860 [Command processor thread] WARN  server.RaftServer (RaftServerProxy.java:remove(99)) - 68877139-4f8e-42eb-81b1-3d9b1c196839: does not contain group: group-B5B05CE780DE
2020-12-23 14:05:57,860 [Command processor thread] ERROR commandhandler.ClosePipelineCommandHandler (ClosePipelineCommandHandler.java:handle(78)) - Can't close pipeline PipelineID=49d7aabe-f59e-4642-82be-b5b05ce780de
java.io.IOException: 68877139-4f8e-42eb-81b1-3d9b1c196839: Group group-B5B05CE780DE not found.
	at org.apache.hadoop.ozone.container.common.transport.server.ratis.XceiverServerRatis.removeGroup(XceiverServerRatis.java:782)
	at org.apache.hadoop.ozone.container.common.statemachine.commandhandler.ClosePipelineCommandHandler.handle(ClosePipelineCommandHandler.java:74)
	at org.apache.hadoop.ozone.container.common.statemachine.commandhandler.CommandDispatcher.handle(CommandDispatcher.java:99)
	at org.apache.hadoop.ozone.container.common.statemachine.DatanodeStateMachine.lambda$initCommandHandlerThread$2(DatanodeStateMachine.java:498)
	at java.lang.Thread.run(Thread.java:748)
Caused by: org.apache.ratis.protocol.exceptions.GroupMismatchException: 68877139-4f8e-42eb-81b1-3d9b1c196839: Group group-B5B05CE780DE not found.
	at org.apache.ratis.server.impl.RaftServerProxy.groupRemoveAsync(RaftServerProxy.java:494)
	at org.apache.ratis.server.impl.RaftServerProxy.groupManagementAsync(RaftServerProxy.java:450)
	at org.apache.ratis.server.impl.RaftServerProxy.groupManagement(RaftServerProxy.java:430)
	at org.apache.hadoop.ozone.container.common.transport.server.ratis.XceiverServerRatis.removeGroup(XceiverServerRatis.java:780)
	... 4 more
2020-12-23 14:05:57,860 [Command processor thread] WARN  server.RaftServer (RaftServerProxy.java:remove(99)) - 68877139-4f8e-42eb-81b1-3d9b1c196839: does not contain group: group-B5B05CE780DE
2020-12-23 14:05:57,860 [Command processor thread] ERROR commandhandler.ClosePipelineCommandHandler (ClosePipelineCommandHandler.java:handle(78)) - Can't close pipeline PipelineID=49d7aabe-f59e-4642-82be-b5b05ce780de
java.io.IOException: 68877139-4f8e-42eb-81b1-3d9b1c196839: Group group-B5B05CE780DE not found.
	at org.apache.hadoop.ozone.container.common.transport.server.ratis.XceiverServerRatis.removeGroup(XceiverServerRatis.java:782)
	at org.apache.hadoop.ozone.container.common.statemachine.commandhandler.ClosePipelineCommandHandler.handle(ClosePipelineCommandHandler.java:74)
	at org.apache.hadoop.ozone.container.common.statemachine.commandhandler.CommandDispatcher.handle(CommandDispatcher.java:99)
	at org.apache.hadoop.ozone.container.common.statemachine.DatanodeStateMachine.lambda$initCommandHandlerThread$2(DatanodeStateMachine.java:498)
	at java.lang.Thread.run(Thread.java:748)
Caused by: org.apache.ratis.protocol.exceptions.GroupMismatchException: 68877139-4f8e-42eb-81b1-3d9b1c196839: Group group-B5B05CE780DE not found.
	at org.apache.ratis.server.impl.RaftServerProxy.groupRemoveAsync(RaftServerProxy.java:494)
	at org.apache.ratis.server.impl.RaftServerProxy.groupManagementAsync(RaftServerProxy.java:450)
	at org.apache.ratis.server.impl.RaftServerProxy.groupManagement(RaftServerProxy.java:430)
	at org.apache.hadoop.ozone.container.common.transport.server.ratis.XceiverServerRatis.removeGroup(XceiverServerRatis.java:780)
	... 4 more
2020-12-23 14:05:57,860 [Command processor thread] WARN  server.RaftServer (RaftServerProxy.java:remove(99)) - 68877139-4f8e-42eb-81b1-3d9b1c196839: does not contain group: group-B5B05CE780DE
2020-12-23 14:05:57,860 [Command processor thread] ERROR commandhandler.ClosePipelineCommandHandler (ClosePipelineCommandHandler.java:handle(78)) - Can't close pipeline PipelineID=49d7aabe-f59e-4642-82be-b5b05ce780de
java.io.IOException: 68877139-4f8e-42eb-81b1-3d9b1c196839: Group group-B5B05CE780DE not found.
	at org.apache.hadoop.ozone.container.common.transport.server.ratis.XceiverServerRatis.removeGroup(XceiverServerRatis.java:782)
	at org.apache.hadoop.ozone.container.common.statemachine.commandhandler.ClosePipelineCommandHandler.handle(ClosePipelineCommandHandler.java:74)
	at org.apache.hadoop.ozone.container.common.statemachine.commandhandler.CommandDispatcher.handle(CommandDispatcher.java:99)
	at org.apache.hadoop.ozone.container.common.statemachine.DatanodeStateMachine.lambda$initCommandHandlerThread$2(DatanodeStateMachine.java:498)
	at java.lang.Thread.run(Thread.java:748)
Caused by: org.apache.ratis.protocol.exceptions.GroupMismatchException: 68877139-4f8e-42eb-81b1-3d9b1c196839: Group group-B5B05CE780DE not found.
	at org.apache.ratis.server.impl.RaftServerProxy.groupRemoveAsync(RaftServerProxy.java:494)
	at org.apache.ratis.server.impl.RaftServerProxy.groupManagementAsync(RaftServerProxy.java:450)
	at org.apache.ratis.server.impl.RaftServerProxy.groupManagement(RaftServerProxy.java:430)
	at org.apache.hadoop.ozone.container.common.transport.server.ratis.XceiverServerRatis.removeGroup(XceiverServerRatis.java:780)
	... 4 more
2020-12-23 14:05:57,860 [Command processor thread] WARN  server.RaftServer (RaftServerProxy.java:remove(99)) - 68877139-4f8e-42eb-81b1-3d9b1c196839: does not contain group: group-B5B05CE780DE
2020-12-23 14:05:57,860 [Command processor thread] ERROR commandhandler.ClosePipelineCommandHandler (ClosePipelineCommandHandler.java:handle(78)) - Can't close pipeline PipelineID=49d7aabe-f59e-4642-82be-b5b05ce780de
java.io.IOException: 68877139-4f8e-42eb-81b1-3d9b1c196839: Group group-B5B05CE780DE not found.
	at org.apache.hadoop.ozone.container.common.transport.server.ratis.XceiverServerRatis.removeGroup(XceiverServerRatis.java:782)
	at org.apache.hadoop.ozone.container.common.statemachine.commandhandler.ClosePipelineCommandHandler.handle(ClosePipelineCommandHandler.java:74)
	at org.apache.hadoop.ozone.container.common.statemachine.commandhandler.CommandDispatcher.handle(CommandDispatcher.java:99)
	at org.apache.hadoop.ozone.container.common.statemachine.DatanodeStateMachine.lambda$initCommandHandlerThread$2(DatanodeStateMachine.java:498)
	at java.lang.Thread.run(Thread.java:748)
Caused by: org.apache.ratis.protocol.exceptions.GroupMismatchException: 68877139-4f8e-42eb-81b1-3d9b1c196839: Group group-B5B05CE780DE not found.
	at org.apache.ratis.server.impl.RaftServerProxy.groupRemoveAsync(RaftServerProxy.java:494)
	at org.apache.ratis.server.impl.RaftServerProxy.groupManagementAsync(RaftServerProxy.java:450)
	at org.apache.ratis.server.impl.RaftServerProxy.groupManagement(RaftServerProxy.java:430)
	at org.apache.hadoop.ozone.container.common.transport.server.ratis.XceiverServerRatis.removeGroup(XceiverServerRatis.java:780)
	... 4 more
2020-12-23 14:05:57,861 [Command processor thread] WARN  server.RaftServer (RaftServerProxy.java:remove(99)) - 68877139-4f8e-42eb-81b1-3d9b1c196839: does not contain group: group-B5B05CE780DE
2020-12-23 14:05:57,861 [Command processor thread] ERROR commandhandler.ClosePipelineCommandHandler (ClosePipelineCommandHandler.java:handle(78)) - Can't close pipeline PipelineID=49d7aabe-f59e-4642-82be-b5b05ce780de
java.io.IOException: 68877139-4f8e-42eb-81b1-3d9b1c196839: Group group-B5B05CE780DE not found.
	at org.apache.hadoop.ozone.container.common.transport.server.ratis.XceiverServerRatis.removeGroup(XceiverServerRatis.java:782)
	at org.apache.hadoop.ozone.container.common.statemachine.commandhandler.ClosePipelineCommandHandler.handle(ClosePipelineCommandHandler.java:74)
	at org.apache.hadoop.ozone.container.common.statemachine.commandhandler.CommandDispatcher.handle(CommandDispatcher.java:99)
	at org.apache.hadoop.ozone.container.common.statemachine.DatanodeStateMachine.lambda$initCommandHandlerThread$2(DatanodeStateMachine.java:498)
	at java.lang.Thread.run(Thread.java:748)
Caused by: org.apache.ratis.protocol.exceptions.GroupMismatchException: 68877139-4f8e-42eb-81b1-3d9b1c196839: Group group-B5B05CE780DE not found.
	at org.apache.ratis.server.impl.RaftServerProxy.groupRemoveAsync(RaftServerProxy.java:494)
	at org.apache.ratis.server.impl.RaftServerProxy.groupManagementAsync(RaftServerProxy.java:450)
	at org.apache.ratis.server.impl.RaftServerProxy.groupManagement(RaftServerProxy.java:430)
	at org.apache.hadoop.ozone.container.common.transport.server.ratis.XceiverServerRatis.removeGroup(XceiverServerRatis.java:780)
	... 4 more
2020-12-23 14:05:57,861 [Command processor thread] WARN  server.RaftServer (RaftServerProxy.java:remove(99)) - 68877139-4f8e-42eb-81b1-3d9b1c196839: does not contain group: group-B5B05CE780DE
2020-12-23 14:05:57,861 [Command processor thread] ERROR commandhandler.ClosePipelineCommandHandler (ClosePipelineCommandHandler.java:handle(78)) - Can't close pipeline PipelineID=49d7aabe-f59e-4642-82be-b5b05ce780de
java.io.IOException: 68877139-4f8e-42eb-81b1-3d9b1c196839: Group group-B5B05CE780DE not found.
	at org.apache.hadoop.ozone.container.common.transport.server.ratis.XceiverServerRatis.removeGroup(XceiverServerRatis.java:782)
	at org.apache.hadoop.ozone.container.common.statemachine.commandhandler.ClosePipelineCommandHandler.handle(ClosePipelineCommandHandler.java:74)
	at org.apache.hadoop.ozone.container.common.statemachine.commandhandler.CommandDispatcher.handle(CommandDispatcher.java:99)
	at org.apache.hadoop.ozone.container.common.statemachine.DatanodeStateMachine.lambda$initCommandHandlerThread$2(DatanodeStateMachine.java:498)
	at java.lang.Thread.run(Thread.java:748)
Caused by: org.apache.ratis.protocol.exceptions.GroupMismatchException: 68877139-4f8e-42eb-81b1-3d9b1c196839: Group group-B5B05CE780DE not found.
	at org.apache.ratis.server.impl.RaftServerProxy.groupRemoveAsync(RaftServerProxy.java:494)
	at org.apache.ratis.server.impl.RaftServerProxy.groupManagementAsync(RaftServerProxy.java:450)
	at org.apache.ratis.server.impl.RaftServerProxy.groupManagement(RaftServerProxy.java:430)
	at org.apache.hadoop.ozone.container.common.transport.server.ratis.XceiverServerRatis.removeGroup(XceiverServerRatis.java:780)
	... 4 more
2020-12-23 14:05:57,861 [Command processor thread] WARN  server.RaftServer (RaftServerProxy.java:remove(99)) - 68877139-4f8e-42eb-81b1-3d9b1c196839: does not contain group: group-B5B05CE780DE
2020-12-23 14:05:57,861 [Command processor thread] ERROR commandhandler.ClosePipelineCommandHandler (ClosePipelineCommandHandler.java:handle(78)) - Can't close pipeline PipelineID=49d7aabe-f59e-4642-82be-b5b05ce780de
java.io.IOException: 68877139-4f8e-42eb-81b1-3d9b1c196839: Group group-B5B05CE780DE not found.
	at org.apache.hadoop.ozone.container.common.transport.server.ratis.XceiverServerRatis.removeGroup(XceiverServerRatis.java:782)
	at org.apache.hadoop.ozone.container.common.statemachine.commandhandler.ClosePipelineCommandHandler.handle(ClosePipelineCommandHandler.java:74)
	at org.apache.hadoop.ozone.container.common.statemachine.commandhandler.CommandDispatcher.handle(CommandDispatcher.java:99)
	at org.apache.hadoop.ozone.container.common.statemachine.DatanodeStateMachine.lambda$initCommandHandlerThread$2(DatanodeStateMachine.java:498)
	at java.lang.Thread.run(Thread.java:748)
Caused by: org.apache.ratis.protocol.exceptions.GroupMismatchException: 68877139-4f8e-42eb-81b1-3d9b1c196839: Group group-B5B05CE780DE not found.
	at org.apache.ratis.server.impl.RaftServerProxy.groupRemoveAsync(RaftServerProxy.java:494)
	at org.apache.ratis.server.impl.RaftServerProxy.groupManagementAsync(RaftServerProxy.java:450)
	at org.apache.ratis.server.impl.RaftServerProxy.groupManagement(RaftServerProxy.java:430)
	at org.apache.hadoop.ozone.container.common.transport.server.ratis.XceiverServerRatis.removeGroup(XceiverServerRatis.java:780)
	... 4 more
2020-12-23 14:05:57,861 [Command processor thread] WARN  server.RaftServer (RaftServerProxy.java:remove(99)) - 68877139-4f8e-42eb-81b1-3d9b1c196839: does not contain group: group-B5B05CE780DE
2020-12-23 14:05:57,861 [Command processor thread] ERROR commandhandler.ClosePipelineCommandHandler (ClosePipelineCommandHandler.java:handle(78)) - Can't close pipeline PipelineID=49d7aabe-f59e-4642-82be-b5b05ce780de
java.io.IOException: 68877139-4f8e-42eb-81b1-3d9b1c196839: Group group-B5B05CE780DE not found.
	at org.apache.hadoop.ozone.container.common.transport.server.ratis.XceiverServerRatis.removeGroup(XceiverServerRatis.java:782)
	at org.apache.hadoop.ozone.container.common.statemachine.commandhandler.ClosePipelineCommandHandler.handle(ClosePipelineCommandHandler.java:74)
	at org.apache.hadoop.ozone.container.common.statemachine.commandhandler.CommandDispatcher.handle(CommandDispatcher.java:99)
	at org.apache.hadoop.ozone.container.common.statemachine.DatanodeStateMachine.lambda$initCommandHandlerThread$2(DatanodeStateMachine.java:498)
	at java.lang.Thread.run(Thread.java:748)
Caused by: org.apache.ratis.protocol.exceptions.GroupMismatchException: 68877139-4f8e-42eb-81b1-3d9b1c196839: Group group-B5B05CE780DE not found.
	at org.apache.ratis.server.impl.RaftServerProxy.groupRemoveAsync(RaftServerProxy.java:494)
	at org.apache.ratis.server.impl.RaftServerProxy.groupManagementAsync(RaftServerProxy.java:450)
	at org.apache.ratis.server.impl.RaftServerProxy.groupManagement(RaftServerProxy.java:430)
	at org.apache.hadoop.ozone.container.common.transport.server.ratis.XceiverServerRatis.removeGroup(XceiverServerRatis.java:780)
	... 4 more
2020-12-23 14:05:57,861 [Command processor thread] WARN  server.RaftServer (RaftServerProxy.java:remove(99)) - 68877139-4f8e-42eb-81b1-3d9b1c196839: does not contain group: group-B5B05CE780DE
2020-12-23 14:05:57,861 [Command processor thread] ERROR commandhandler.ClosePipelineCommandHandler (ClosePipelineCommandHandler.java:handle(78)) - Can't close pipeline PipelineID=49d7aabe-f59e-4642-82be-b5b05ce780de
java.io.IOException: 68877139-4f8e-42eb-81b1-3d9b1c196839: Group group-B5B05CE780DE not found.
	at org.apache.hadoop.ozone.container.common.transport.server.ratis.XceiverServerRatis.removeGroup(XceiverServerRatis.java:782)
	at org.apache.hadoop.ozone.container.common.statemachine.commandhandler.ClosePipelineCommandHandler.handle(ClosePipelineCommandHandler.java:74)
	at org.apache.hadoop.ozone.container.common.statemachine.commandhandler.CommandDispatcher.handle(CommandDispatcher.java:99)
	at org.apache.hadoop.ozone.container.common.statemachine.DatanodeStateMachine.lambda$initCommandHandlerThread$2(DatanodeStateMachine.java:498)
	at java.lang.Thread.run(Thread.java:748)
Caused by: org.apache.ratis.protocol.exceptions.GroupMismatchException: 68877139-4f8e-42eb-81b1-3d9b1c196839: Group group-B5B05CE780DE not found.
	at org.apache.ratis.server.impl.RaftServerProxy.groupRemoveAsync(RaftServerProxy.java:494)
	at org.apache.ratis.server.impl.RaftServerProxy.groupManagementAsync(RaftServerProxy.java:450)
	at org.apache.ratis.server.impl.RaftServerProxy.groupManagement(RaftServerProxy.java:430)
	at org.apache.hadoop.ozone.container.common.transport.server.ratis.XceiverServerRatis.removeGroup(XceiverServerRatis.java:780)
	... 4 more
2020-12-23 14:05:58,384 [ReplicationMonitor] INFO  container.ReplicationManager (ReplicationManager.java:sendCloseCommand(948)) - Sending close container command for container #1 to datanode 68877139-4f8e-42eb-81b1-3d9b1c196839{ip: 172.17.0.2, host: 8eef00ac434c, networkLocation: /default-rack, certSerialId: null, persistedOpState: IN_SERVICE, persistedOpStateExpiryEpochSec: 0}.
2020-12-23 14:05:58,384 [ReplicationMonitor] INFO  container.ReplicationManager (ReplicationManager.java:sendCloseCommand(948)) - Sending close container command for container #2 to datanode 68877139-4f8e-42eb-81b1-3d9b1c196839{ip: 172.17.0.2, host: 8eef00ac434c, networkLocation: /default-rack, certSerialId: null, persistedOpState: IN_SERVICE, persistedOpStateExpiryEpochSec: 0}.
2020-12-23 14:05:58,384 [ReplicationMonitor] INFO  container.ReplicationManager (ReplicationManager.java:run(250)) - Replication Monitor Thread took 0 milliseconds for processing 4 containers.
2020-12-23 14:05:58,796 [DatanodeAdminManager-0] INFO  node.DatanodeAdminMonitorImpl (DatanodeAdminMonitorImpl.java:checkContainersReplicatedOnNode(297)) - b1088989-c4df-426b-96dd-e7d1e2f5d3a9{ip: 172.17.0.2, host: 8eef00ac434c, networkLocation: /default-rack, certSerialId: null, persistedOpState: DECOMMISSIONING, persistedOpStateExpiryEpochSec: 0} has 2 sufficientlyReplicated, 0 underReplicated and 2 unhealthy containers
2020-12-23 14:05:58,796 [DatanodeAdminManager-0] INFO  node.DatanodeAdminMonitorImpl (DatanodeAdminMonitorImpl.java:run(136)) - There are 1 nodes tracked for decommission and maintenance. 0 pending nodes.
2020-12-23 14:05:59,369 [ContainerReplicationThread-1] INFO  replication.DownloadAndImportReplicator (DownloadAndImportReplicator.java:replicate(106)) - Starting replication of container 1 from [b1088989-c4df-426b-96dd-e7d1e2f5d3a9{ip: 172.17.0.2, host: 8eef00ac434c, networkLocation: /default-rack, certSerialId: null, persistedOpState: DECOMMISSIONING, persistedOpStateExpiryEpochSec: 0}, 72ddd1cf-406a-46d1-a670-cde8064896da{ip: 172.17.0.2, host: 8eef00ac434c, networkLocation: /default-rack, certSerialId: null, persistedOpState: IN_SERVICE, persistedOpStateExpiryEpochSec: 0}]
2020-12-23 14:05:59,374 [grpc-default-executor-0] INFO  replication.GrpcReplicationService (GrpcReplicationService.java:download(52)) - Streaming container data (1) to other datanode
2020-12-23 14:05:59,379 [grpc-default-executor-0] INFO  replication.GrpcOutputStream (GrpcOutputStream.java:close(104)) - Sent 11224 bytes for container 1
2020-12-23 14:05:59,382 [grpc-default-executor-0] INFO  replication.GrpcReplicationClient (GrpcReplicationClient.java:onCompleted(177)) - Container 1 is downloaded to /github/workspace/mnt/ozone/hadoop-ozone/integration-test/target/test-dir/MiniOzoneClusterImpl-4d4d8361-1f31-4e15-8531-152295c781bb/datanode-3/data/replication/work/container-1.tar.gz
2020-12-23 14:05:59,384 [ReplicationMonitor] INFO  container.ReplicationManager (ReplicationManager.java:sendCloseCommand(948)) - Sending close container command for container #1 to datanode 68877139-4f8e-42eb-81b1-3d9b1c196839{ip: 172.17.0.2, host: 8eef00ac434c, networkLocation: /default-rack, certSerialId: null, persistedOpState: IN_SERVICE, persistedOpStateExpiryEpochSec: 0}.
2020-12-23 14:05:59,384 [ReplicationMonitor] INFO  container.ReplicationManager (ReplicationManager.java:sendCloseCommand(948)) - Sending close container command for container #2 to datanode 68877139-4f8e-42eb-81b1-3d9b1c196839{ip: 172.17.0.2, host: 8eef00ac434c, networkLocation: /default-rack, certSerialId: null, persistedOpState: IN_SERVICE, persistedOpStateExpiryEpochSec: 0}.
2020-12-23 14:05:59,385 [ReplicationMonitor] INFO  container.ReplicationManager (ReplicationManager.java:run(250)) - Replication Monitor Thread took 1 milliseconds for processing 4 containers.
2020-12-23 14:05:59,386 [ContainerReplicationThread-1] INFO  replication.DownloadAndImportReplicator (DownloadAndImportReplicator.java:replicate(117)) - Container 1 is downloaded, starting to import.
2020-12-23 14:05:59,397 [ContainerReplicationThread-1] INFO  replication.DownloadAndImportReplicator (DownloadAndImportReplicator.java:replicate(120)) - Container 1 is replicated successfully
2020-12-23 14:05:59,398 [ContainerReplicationThread-1] INFO  replication.ReplicationSupervisor (ReplicationSupervisor.java:run(146)) - Container 1 is replicated.
2020-12-23 14:05:59,796 [DatanodeAdminManager-0] INFO  node.DatanodeAdminMonitorImpl (DatanodeAdminMonitorImpl.java:checkContainersReplicatedOnNode(297)) - b1088989-c4df-426b-96dd-e7d1e2f5d3a9{ip: 172.17.0.2, host: 8eef00ac434c, networkLocation: /default-rack, certSerialId: null, persistedOpState: DECOMMISSIONING, persistedOpStateExpiryEpochSec: 0} has 2 sufficientlyReplicated, 0 underReplicated and 2 unhealthy containers
2020-12-23 14:05:59,796 [DatanodeAdminManager-0] INFO  node.DatanodeAdminMonitorImpl (DatanodeAdminMonitorImpl.java:run(136)) - There are 1 nodes tracked for decommission and maintenance. 0 pending nodes.
2020-12-23 14:05:59,858 [Command processor thread] WARN  server.RaftServer (RaftServerProxy.java:remove(99)) - 68877139-4f8e-42eb-81b1-3d9b1c196839: does not contain group: group-B5B05CE780DE
2020-12-23 14:05:59,858 [Command processor thread] ERROR commandhandler.ClosePipelineCommandHandler (ClosePipelineCommandHandler.java:handle(78)) - Can't close pipeline PipelineID=49d7aabe-f59e-4642-82be-b5b05ce780de
java.io.IOException: 68877139-4f8e-42eb-81b1-3d9b1c196839: Group group-B5B05CE780DE not found.
	at org.apache.hadoop.ozone.container.common.transport.server.ratis.XceiverServerRatis.removeGroup(XceiverServerRatis.java:782)
	at org.apache.hadoop.ozone.container.common.statemachine.commandhandler.ClosePipelineCommandHandler.handle(ClosePipelineCommandHandler.java:74)
	at org.apache.hadoop.ozone.container.common.statemachine.commandhandler.CommandDispatcher.handle(CommandDispatcher.java:99)
	at org.apache.hadoop.ozone.container.common.statemachine.DatanodeStateMachine.lambda$initCommandHandlerThread$2(DatanodeStateMachine.java:498)
	at java.lang.Thread.run(Thread.java:748)
Caused by: org.apache.ratis.protocol.exceptions.GroupMismatchException: 68877139-4f8e-42eb-81b1-3d9b1c196839: Group group-B5B05CE780DE not found.
	at org.apache.ratis.server.impl.RaftServerProxy.groupRemoveAsync(RaftServerProxy.java:494)
	at org.apache.ratis.server.impl.RaftServerProxy.groupManagementAsync(RaftServerProxy.java:450)
	at org.apache.ratis.server.impl.RaftServerProxy.groupManagement(RaftServerProxy.java:430)
	at org.apache.hadoop.ozone.container.common.transport.server.ratis.XceiverServerRatis.removeGroup(XceiverServerRatis.java:780)
	... 4 more
2020-12-23 14:05:59,858 [Command processor thread] INFO  keyvalue.KeyValueContainer (KeyValueContainer.java:flushAndSyncDB(388)) - Container 2 is synced with bcsId 69.
2020-12-23 14:05:59,858 [Command processor thread] INFO  keyvalue.KeyValueContainer (KeyValueContainer.java:flushAndSyncDB(388)) - Container 2 is synced with bcsId 69.
2020-12-23 14:05:59,861 [Command processor thread] INFO  keyvalue.KeyValueContainer (KeyValueContainer.java:close(326)) - Container 2 is closed with bcsId 69.
2020-12-23 14:05:59,861 [Command processor thread] WARN  server.RaftServer (RaftServerProxy.java:remove(99)) - 68877139-4f8e-42eb-81b1-3d9b1c196839: does not contain group: group-B5B05CE780DE
2020-12-23 14:05:59,861 [Command processor thread] ERROR commandhandler.ClosePipelineCommandHandler (ClosePipelineCommandHandler.java:handle(78)) - Can't close pipeline PipelineID=49d7aabe-f59e-4642-82be-b5b05ce780de
java.io.IOException: 68877139-4f8e-42eb-81b1-3d9b1c196839: Group group-B5B05CE780DE not found.
	at org.apache.hadoop.ozone.container.common.transport.server.ratis.XceiverServerRatis.removeGroup(XceiverServerRatis.java:782)
	at org.apache.hadoop.ozone.container.common.statemachine.commandhandler.ClosePipelineCommandHandler.handle(ClosePipelineCommandHandler.java:74)
	at org.apache.hadoop.ozone.container.common.statemachine.commandhandler.CommandDispatcher.handle(CommandDispatcher.java:99)
	at org.apache.hadoop.ozone.container.common.statemachine.DatanodeStateMachine.lambda$initCommandHandlerThread$2(DatanodeStateMachine.java:498)
	at java.lang.Thread.run(Thread.java:748)
Caused by: org.apache.ratis.protocol.exceptions.GroupMismatchException: 68877139-4f8e-42eb-81b1-3d9b1c196839: Group group-B5B05CE780DE not found.
	at org.apache.ratis.server.impl.RaftServerProxy.groupRemoveAsync(RaftServerProxy.java:494)
	at org.apache.ratis.server.impl.RaftServerProxy.groupManagementAsync(RaftServerProxy.java:450)
	at org.apache.ratis.server.impl.RaftServerProxy.groupManagement(RaftServerProxy.java:430)
	at org.apache.hadoop.ozone.container.common.transport.server.ratis.XceiverServerRatis.removeGroup(XceiverServerRatis.java:780)
	... 4 more
2020-12-23 14:05:59,863 [Command processor thread] INFO  keyvalue.KeyValueContainer (KeyValueContainer.java:flushAndSyncDB(388)) - Container 1 is synced with bcsId 65.
2020-12-23 14:05:59,863 [Command processor thread] INFO  keyvalue.KeyValueContainer (KeyValueContainer.java:flushAndSyncDB(388)) - Container 1 is synced with bcsId 65.
2020-12-23 14:05:59,864 [Command processor thread] INFO  keyvalue.KeyValueContainer (KeyValueContainer.java:close(326)) - Container 1 is closed with bcsId 65.
2020-12-23 14:06:00,385 [ReplicationMonitor] INFO  container.ReplicationManager (ReplicationManager.java:handleOverReplicatedContainer(778)) - Container #1 is over replicated. Expected replica count is 3, but found 4.
2020-12-23 14:06:00,385 [ReplicationMonitor] INFO  container.ReplicationManager (ReplicationManager.java:sendDeleteCommand(993)) - Sending delete container command for container #1 to datanode cc79f115-dbdb-4899-88c3-1d2dbee4d898{ip: 172.17.0.2, host: 8eef00ac434c, networkLocation: /default-rack, certSerialId: null, persistedOpState: IN_SERVICE, persistedOpStateExpiryEpochSec: 0}
2020-12-23 14:06:00,385 [ReplicationMonitor] INFO  container.ReplicationManager (ReplicationManager.java:sendCloseCommand(948)) - Sending close container command for container #2 to datanode 68877139-4f8e-42eb-81b1-3d9b1c196839{ip: 172.17.0.2, host: 8eef00ac434c, networkLocation: /default-rack, certSerialId: null, persistedOpState: IN_SERVICE, persistedOpStateExpiryEpochSec: 0}.
2020-12-23 14:06:00,386 [ReplicationMonitor] INFO  container.ReplicationManager (ReplicationManager.java:run(250)) - Replication Monitor Thread took 1 milliseconds for processing 4 containers.
2020-12-23 14:06:00,796 [DatanodeAdminManager-0] INFO  node.DatanodeAdminMonitorImpl (DatanodeAdminMonitorImpl.java:checkContainersReplicatedOnNode(297)) - b1088989-c4df-426b-96dd-e7d1e2f5d3a9{ip: 172.17.0.2, host: 8eef00ac434c, networkLocation: /default-rack, certSerialId: null, persistedOpState: DECOMMISSIONING, persistedOpStateExpiryEpochSec: 0} has 1 sufficientlyReplicated, 1 underReplicated and 1 unhealthy containers
2020-12-23 14:06:00,796 [DatanodeAdminManager-0] INFO  node.DatanodeAdminMonitorImpl (DatanodeAdminMonitorImpl.java:run(136)) - There are 1 nodes tracked for decommission and maintenance. 0 pending nodes.
2020-12-23 14:06:01,386 [ReplicationMonitor] INFO  container.ReplicationManager (ReplicationManager.java:handleUnderReplicatedContainer(722)) - Container #1 is under replicated. Expected replica count is 3, but found 2.
2020-12-23 14:06:01,386 [ReplicationMonitor] INFO  container.ReplicationManager (ReplicationManager.java:sendReplicateCommand(970)) - Sending replicate container command for container #1 to datanode 578fb040-f869-45ef-91a4-da79ba7884ec{ip: 172.17.0.2, host: 8eef00ac434c, networkLocation: /default-rack, certSerialId: null, persistedOpState: IN_SERVICE, persistedOpStateExpiryEpochSec: 0}
2020-12-23 14:06:01,387 [ReplicationMonitor] INFO  container.ReplicationManager (ReplicationManager.java:run(250)) - Replication Monitor Thread took 1 milliseconds for processing 4 containers.
2020-12-23 14:06:01,796 [DatanodeAdminManager-0] INFO  node.DatanodeAdminMonitorImpl (DatanodeAdminMonitorImpl.java:checkContainersReplicatedOnNode(297)) - b1088989-c4df-426b-96dd-e7d1e2f5d3a9{ip: 172.17.0.2, host: 8eef00ac434c, networkLocation: /default-rack, certSerialId: null, persistedOpState: DECOMMISSIONING, persistedOpStateExpiryEpochSec: 0} has 2 sufficientlyReplicated, 0 underReplicated and 0 unhealthy containers
2020-12-23 14:06:01,796 [DatanodeAdminManager-0] INFO  node.DatanodeAdminMonitorImpl (DatanodeAdminMonitorImpl.java:completeDecommission(306)) - Datanode b1088989-c4df-426b-96dd-e7d1e2f5d3a9{ip: 172.17.0.2, host: 8eef00ac434c, networkLocation: /default-rack, certSerialId: null, persistedOpState: DECOMMISSIONING, persistedOpStateExpiryEpochSec: 0} has completed the admin workflow. The operational state has been set to DECOMMISSIONED
2020-12-23 14:06:01,961 [Listener at 127.0.0.1/39909] INFO  ozone.MiniOzoneClusterImpl (MiniOzoneClusterImpl.java:shutdown(388)) - Shutting down the Mini Ozone Cluster
2020-12-23 14:06:01,961 [Listener at 127.0.0.1/39909] INFO  ozone.MiniOzoneClusterImpl (MiniOzoneClusterImpl.java:stop(403)) - Stopping the Mini Ozone Cluster
2020-12-23 14:06:01,961 [Listener at 127.0.0.1/39909] INFO  ozone.MiniOzoneClusterImpl (MiniOzoneClusterImpl.java:stopOM(485)) - Stopping the OzoneManager
2020-12-23 14:06:01,961 [Listener at 127.0.0.1/39909] INFO  ipc.Server (Server.java:stop(3359)) - Stopping server on 39909
2020-12-23 14:06:01,966 [IPC Server Responder] INFO  ipc.Server (Server.java:run(1465)) - Stopping IPC Server Responder
2020-12-23 14:06:01,966 [IPC Server listener on 0] INFO  ipc.Server (Server.java:run(1330)) - Stopping IPC Server listener on 0
2020-12-23 14:06:01,966 [Listener at 127.0.0.1/39909] INFO  ratis.OzoneManagerDoubleBuffer (OzoneManagerDoubleBuffer.java:stop(457)) - Stopping OMDoubleBuffer flush thread
2020-12-23 14:06:01,967 [OMDoubleBufferFlushThread] INFO  ratis.OzoneManagerDoubleBuffer (OzoneManagerDoubleBuffer.java:flushTransactions(356)) - OMDoubleBuffer flush thread OMDoubleBufferFlushThread is interrupted and will exit. OMDoubleBufferFlushThread
2020-12-23 14:06:01,967 [Listener at 127.0.0.1/39909] INFO  utils.BackgroundService (BackgroundService.java:shutdown(132)) - Shutting down service KeyDeletingService
2020-12-23 14:06:01,969 [Listener at 127.0.0.1/39909] INFO  handler.ContextHandler (ContextHandler.java:doStop(1154)) - Stopped o.e.j.w.WebAppContext@67b9b79c{ozoneManager,/,null,STOPPED}{file:/github/workspace/mnt/ozone/hadoop-ozone/integration-test/target/test-classes/webapps/ozoneManager}
2020-12-23 14:06:01,970 [Listener at 127.0.0.1/39909] INFO  server.AbstractConnector (AbstractConnector.java:doStop(381)) - Stopped ServerConnector@35c9e3b9{HTTP/1.1, (http/1.1)}{0.0.0.0:0}
2020-12-23 14:06:01,970 [Listener at 127.0.0.1/39909] INFO  server.session (HouseKeeper.java:stopScavenging(149)) - node0 Stopped scavenging
2020-12-23 14:06:01,970 [Listener at 127.0.0.1/39909] INFO  handler.ContextHandler (ContextHandler.java:doStop(1154)) - Stopped o.e.j.s.ServletContextHandler@247113ce{static,/static,file:///github/workspace/mnt/ozone/hadoop-ozone/integration-test/target/test-classes/webapps/static,STOPPED}
2020-12-23 14:06:01,970 [Listener at 127.0.0.1/39909] INFO  handler.ContextHandler (ContextHandler.java:doStop(1154)) - Stopped o.e.j.s.ServletContextHandler@2203fa4c{logs,/logs,file:///github/workspace/mnt/ozone/hadoop-ozone/integration-test/target/log,STOPPED}
2020-12-23 14:06:01,975 [Listener at 127.0.0.1/39909] INFO  ozone.MiniOzoneClusterImpl (MiniOzoneClusterImpl.java:stopDatanodes(462)) - Stopping the HddsDatanodes
2020-12-23 14:06:02,387 [ReplicationMonitor] INFO  container.ReplicationManager (ReplicationManager.java:run(250)) - Replication Monitor Thread took 0 milliseconds for processing 4 containers.
2020-12-23 14:06:02,398 [Datanode State Machine Thread - 0] INFO  statemachine.DatanodeStateMachine (DatanodeStateMachine.java:lambda$startDaemon$0(408)) - Ozone container server started.
2020-12-23 14:06:02,667 [Datanode State Machine Thread - 0] INFO  statemachine.DatanodeStateMachine (DatanodeStateMachine.java:lambda$startDaemon$0(408)) - Ozone container server started.
2020-12-23 14:06:03,004 [Thread-3566] INFO  impl.FollowerState (FollowerState.java:lostMajorityHeartbeatsRecently(106)) - 68877139-4f8e-42eb-81b1-3d9b1c196839@group-B5B05CE780DE-FollowerState: Skipping leader election since it stepped down recently (elapsed = 5161ms < waitTime = 10s)
2020-12-23 14:06:03,388 [ReplicationMonitor] INFO  container.ReplicationManager (ReplicationManager.java:run(250)) - Replication Monitor Thread took 0 milliseconds for processing 4 containers.
2020-12-23 14:06:03,458 [ForkJoinPool.commonPool-worker-1] INFO  ozoneimpl.OzoneContainer (OzoneContainer.java:stop(257)) - Attempting to stop container services.
2020-12-23 14:06:03,459 [ForkJoinPool.commonPool-worker-1] INFO  server.RaftServer (RaftServerProxy.java:lambda$close$6(387)) - b1088989-c4df-426b-96dd-e7d1e2f5d3a9: close
2020-12-23 14:06:03,461 [ForkJoinPool.commonPool-worker-1] INFO  server.GrpcService (GrpcService.java:closeImpl(184)) - b1088989-c4df-426b-96dd-e7d1e2f5d3a9: shutdown server with port 39379 now
2020-12-23 14:06:03,463 [ForkJoinPool.commonPool-worker-1] INFO  server.GrpcService (GrpcService.java:closeImpl(193)) - b1088989-c4df-426b-96dd-e7d1e2f5d3a9: shutdown server with port 39379 successfully
2020-12-23 14:06:03,463 [org.apache.ratis.util.JvmPauseMonitor$$Lambda$222/16129605@677530bd] INFO  util.JvmPauseMonitor (JvmPauseMonitor.java:run(109)) - JvmPauseMonitor-b1088989-c4df-426b-96dd-e7d1e2f5d3a9: Stopped
2020-12-23 14:06:03,467 [ForkJoinPool.commonPool-worker-1] INFO  utils.BackgroundService (BackgroundService.java:shutdown(132)) - Shutting down service BlockDeletingService
2020-12-23 14:06:03,469 [ForkJoinPool.commonPool-worker-1] INFO  statemachine.DatanodeStateMachine (DatanodeStateMachine.java:stopDaemon(461)) - Ozone container server stopped.
2020-12-23 14:06:03,479 [ForkJoinPool.commonPool-worker-1] INFO  handler.ContextHandler (ContextHandler.java:doStop(1154)) - Stopped o.e.j.w.WebAppContext@13a4e21{hddsDatanode,/,null,STOPPED}{jar:file:/home/user/.m2/repository/org/apache/hadoop/hadoop-hdds-container-service/1.1.0-SNAPSHOT/hadoop-hdds-container-service-1.1.0-SNAPSHOT.jar!/webapps/hddsDatanode}
2020-12-23 14:06:03,480 [ForkJoinPool.commonPool-worker-1] INFO  server.AbstractConnector (AbstractConnector.java:doStop(381)) - Stopped ServerConnector@3bce4b76{HTTP/1.1, (http/1.1)}{0.0.0.0:0}
2020-12-23 14:06:03,480 [ForkJoinPool.commonPool-worker-1] INFO  server.session (HouseKeeper.java:stopScavenging(149)) - node0 Stopped scavenging
2020-12-23 14:06:03,482 [ForkJoinPool.commonPool-worker-1] INFO  handler.ContextHandler (ContextHandler.java:doStop(1154)) - Stopped o.e.j.s.ServletContextHandler@3cb4e32b{static,/static,jar:file:/home/user/.m2/repository/org/apache/hadoop/hadoop-hdds-container-service/1.1.0-SNAPSHOT/hadoop-hdds-container-service-1.1.0-SNAPSHOT.jar!/webapps/static,STOPPED}
2020-12-23 14:06:03,482 [ForkJoinPool.commonPool-worker-1] INFO  handler.ContextHandler (ContextHandler.java:doStop(1154)) - Stopped o.e.j.s.ServletContextHandler@5fe74841{logs,/logs,file:///github/workspace/mnt/ozone/hadoop-ozone/integration-test/target/log,STOPPED}
2020-12-23 14:06:03,562 [Listener at 127.0.0.1/39909] INFO  ozoneimpl.OzoneContainer (OzoneContainer.java:stop(257)) - Attempting to stop container services.
2020-12-23 14:06:03,563 [Listener at 127.0.0.1/39909] INFO  server.RaftServer (RaftServerProxy.java:lambda$close$6(387)) - 578fb040-f869-45ef-91a4-da79ba7884ec: close
2020-12-23 14:06:03,563 [Listener at 127.0.0.1/39909] INFO  server.RaftServer$Division (RaftServerImpl.java:lambda$close$4(397)) - 578fb040-f869-45ef-91a4-da79ba7884ec@group-D175C3C695B5: shutdown
2020-12-23 14:06:03,563 [Listener at 127.0.0.1/39909] INFO  util.JmxRegister (JmxRegister.java:unregister(73)) - Successfully un-registered JMX Bean with object name Ratis:service=RaftServer,group=group-D175C3C695B5,id=578fb040-f869-45ef-91a4-da79ba7884ec
2020-12-23 14:06:03,563 [Listener at 127.0.0.1/39909] INFO  impl.RoleInfo (RoleInfo.java:shutdownLeaderState(91)) - 578fb040-f869-45ef-91a4-da79ba7884ec: shutdown 578fb040-f869-45ef-91a4-da79ba7884ec@group-D175C3C695B5-LeaderStateImpl
2020-12-23 14:06:03,563 [Listener at 127.0.0.1/39909] INFO  metrics.RatisMetrics (RatisMetrics.java:unregister(43)) - Unregistering Metrics Registry : ratis_grpc.log_appender.578fb040-f869-45ef-91a4-da79ba7884ec@group-D175C3C695B5
2020-12-23 14:06:03,564 [Listener at 127.0.0.1/39909] INFO  metrics.RatisMetrics (RatisMetrics.java:unregister(43)) - Unregistering Metrics Registry : ratis_grpc.log_appender.578fb040-f869-45ef-91a4-da79ba7884ec@group-D175C3C695B5
2020-12-23 14:06:03,564 [578fb040-f869-45ef-91a4-da79ba7884ec@group-D175C3C695B5->132632b1-c99d-4d56-baf0-ebc6ad7ec851-GrpcLogAppender-LogAppenderDaemon] WARN  server.GrpcLogAppender (GrpcLogAppender.java:mayWait(174)) - 578fb040-f869-45ef-91a4-da79ba7884ec@group-D175C3C695B5->132632b1-c99d-4d56-baf0-ebc6ad7ec851-GrpcLogAppender: Wait interrupted by java.lang.InterruptedException
2020-12-23 14:06:03,564 [578fb040-f869-45ef-91a4-da79ba7884ec@group-D175C3C695B5->cc79f115-dbdb-4899-88c3-1d2dbee4d898-GrpcLogAppender-LogAppenderDaemon] WARN  server.GrpcLogAppender (GrpcLogAppender.java:mayWait(174)) - 578fb040-f869-45ef-91a4-da79ba7884ec@group-D175C3C695B5->cc79f115-dbdb-4899-88c3-1d2dbee4d898-GrpcLogAppender: Wait interrupted by java.lang.InterruptedException
2020-12-23 14:06:03,564 [Listener at 127.0.0.1/39909] INFO  impl.PendingRequests (PendingRequests.java:sendNotLeaderResponses(249)) - 578fb040-f869-45ef-91a4-da79ba7884ec@group-D175C3C695B5-PendingRequests: sendNotLeaderResponses
2020-12-23 14:06:03,565 [grpc-default-executor-4] INFO  server.GrpcServerProtocolService (GrpcServerProtocolService.java:onCompleted(138)) - cc79f115-dbdb-4899-88c3-1d2dbee4d898: Completed APPEND_ENTRIES, lastRequest: 578fb040-f869-45ef-91a4-da79ba7884ec->cc79f115-dbdb-4899-88c3-1d2dbee4d898#21-t1,previous=(t:1, i:5),leaderCommit=5,initializing? true,entries: size=1, first=(t:1, i:6), METADATAENTRY(c:5)
2020-12-23 14:06:03,565 [grpc-default-executor-0] INFO  server.GrpcServerProtocolService (GrpcServerProtocolService.java:onCompleted(138)) - 132632b1-c99d-4d56-baf0-ebc6ad7ec851: Completed APPEND_ENTRIES, lastRequest: 578fb040-f869-45ef-91a4-da79ba7884ec->132632b1-c99d-4d56-baf0-ebc6ad7ec851#20-t1,previous=(t:1, i:5),leaderCommit=5,initializing? true,entries: size=1, first=(t:1, i:6), METADATAENTRY(c:5)
2020-12-23 14:06:03,566 [grpc-default-executor-2] INFO  server.GrpcLogAppender (GrpcLogAppender.java:onCompleted(343)) - 578fb040-f869-45ef-91a4-da79ba7884ec@group-D175C3C695B5->cc79f115-dbdb-4899-88c3-1d2dbee4d898-AppendLogResponseHandler: follower responses appendEntries COMPLETED
2020-12-23 14:06:03,567 [grpc-default-executor-2] INFO  leader.FollowerInfo (FollowerInfoImpl.java:lambda$new$0(46)) - 578fb040-f869-45ef-91a4-da79ba7884ec@group-D175C3C695B5->cc79f115-dbdb-4899-88c3-1d2dbee4d898: nextIndex: updateUnconditionally 7 -> 6
2020-12-23 14:06:03,567 [grpc-default-executor-0] INFO  server.GrpcLogAppender (GrpcLogAppender.java:onCompleted(343)) - 578fb040-f869-45ef-91a4-da79ba7884ec@group-D175C3C695B5->132632b1-c99d-4d56-baf0-ebc6ad7ec851-AppendLogResponseHandler: follower responses appendEntries COMPLETED
2020-12-23 14:06:03,567 [grpc-default-executor-0] INFO  leader.FollowerInfo (FollowerInfoImpl.java:lambda$new$0(46)) - 578fb040-f869-45ef-91a4-da79ba7884ec@group-D175C3C695B5->132632b1-c99d-4d56-baf0-ebc6ad7ec851: nextIndex: updateUnconditionally 7 -> 6
2020-12-23 14:06:03,570 [Listener at 127.0.0.1/39909] INFO  metrics.RatisMetrics (RatisMetrics.java:unregister(43)) - Unregistering Metrics Registry : ratis.log_appender.578fb040-f869-45ef-91a4-da79ba7884ec@group-D175C3C695B5
2020-12-23 14:06:03,571 [Listener at 127.0.0.1/39909] INFO  metrics.RatisMetrics (RatisMetrics.java:unregister(43)) - Unregistering Metrics Registry : ratis.server.578fb040-f869-45ef-91a4-da79ba7884ec@group-D175C3C695B5
2020-12-23 14:06:03,572 [Listener at 127.0.0.1/39909] INFO  impl.StateMachineUpdater (StateMachineUpdater.java:stopAndJoin(148)) - 578fb040-f869-45ef-91a4-da79ba7884ec@group-D175C3C695B5-StateMachineUpdater: set stopIndex = 6
2020-12-23 14:06:03,573 [578fb040-f869-45ef-91a4-da79ba7884ec@group-D175C3C695B5-StateMachineUpdater] INFO  ratis.ContainerStateMachine (ContainerStateMachine.java:takeSnapshot(291)) - group-D175C3C695B5: Taking a snapshot at:(t:1, i:6) file /github/workspace/mnt/ozone/hadoop-ozone/integration-test/target/test-dir/MiniOzoneClusterImpl-4d4d8361-1f31-4e15-8531-152295c781bb/datanode-3/data/ratis/380b8358-65d3-4403-9ac7-d175c3c695b5/sm/snapshot.1_6
2020-12-23 14:06:03,574 [578fb040-f869-45ef-91a4-da79ba7884ec@group-D175C3C695B5-StateMachineUpdater] INFO  ratis.ContainerStateMachine (ContainerStateMachine.java:takeSnapshot(302)) - group-D175C3C695B5: Finished taking a snapshot at:(t:1, i:6) file:/github/workspace/mnt/ozone/hadoop-ozone/integration-test/target/test-dir/MiniOzoneClusterImpl-4d4d8361-1f31-4e15-8531-152295c781bb/datanode-3/data/ratis/380b8358-65d3-4403-9ac7-d175c3c695b5/sm/snapshot.1_6 time:1
2020-12-23 14:06:03,574 [578fb040-f869-45ef-91a4-da79ba7884ec@group-D175C3C695B5-StateMachineUpdater] INFO  impl.StateMachineUpdater (StateMachineUpdater.java:takeSnapshot(279)) - 578fb040-f869-45ef-91a4-da79ba7884ec@group-D175C3C695B5-StateMachineUpdater: Took a snapshot at index 6
2020-12-23 14:06:03,574 [578fb040-f869-45ef-91a4-da79ba7884ec@group-D175C3C695B5-StateMachineUpdater] INFO  impl.StateMachineUpdater (StateMachineUpdater.java:lambda$new$0(88)) - 578fb040-f869-45ef-91a4-da79ba7884ec@group-D175C3C695B5-StateMachineUpdater: snapshotIndex: updateIncreasingly -1 -> 6
2020-12-23 14:06:03,574 [578fb040-f869-45ef-91a4-da79ba7884ec@group-D175C3C695B5-StateMachineUpdater] INFO  metrics.RatisMetrics (RatisMetrics.java:unregister(43)) - Unregistering Metrics Registry : ratis.state_machine.578fb040-f869-45ef-91a4-da79ba7884ec@group-D175C3C695B5
2020-12-23 14:06:03,575 [Listener at 127.0.0.1/39909] INFO  server.RaftServer$Division (ServerState.java:close(406)) - 578fb040-f869-45ef-91a4-da79ba7884ec@group-D175C3C695B5: closes. applyIndex: 6
2020-12-23 14:06:03,575 [578fb040-f869-45ef-91a4-da79ba7884ec@group-D175C3C695B5-SegmentedRaftLogWorker] INFO  segmented.SegmentedRaftLogWorker (SegmentedRaftLogWorker.java:run(326)) - 578fb040-f869-45ef-91a4-da79ba7884ec@group-D175C3C695B5-SegmentedRaftLogWorker was interrupted, exiting. There are 0 tasks remaining in the queue.
2020-12-23 14:06:03,575 [Listener at 127.0.0.1/39909] INFO  segmented.SegmentedRaftLogWorker (SegmentedRaftLogWorker.java:close(236)) - 578fb040-f869-45ef-91a4-da79ba7884ec@group-D175C3C695B5-SegmentedRaftLogWorker close()
2020-12-23 14:06:03,576 [Listener at 127.0.0.1/39909] INFO  metrics.RatisMetrics (RatisMetrics.java:unregister(43)) - Unregistering Metrics Registry : ratis.log_worker.578fb040-f869-45ef-91a4-da79ba7884ec@group-D175C3C695B5
2020-12-23 14:06:03,576 [Listener at 127.0.0.1/39909] INFO  metrics.RatisMetrics (RatisMetrics.java:unregister(43)) - Unregistering Metrics Registry : ratis.leader_election.578fb040-f869-45ef-91a4-da79ba7884ec@group-D175C3C695B5
2020-12-23 14:06:03,576 [Listener at 127.0.0.1/39909] INFO  metrics.RatisMetrics (RatisMetrics.java:unregister(43)) - Unregistering Metrics Registry : ratis.server.578fb040-f869-45ef-91a4-da79ba7884ec@group-D175C3C695B5
2020-12-23 14:06:03,576 [Listener at 127.0.0.1/39909] INFO  server.RaftServer$Division (RaftServerImpl.java:lambda$close$4(397)) - 578fb040-f869-45ef-91a4-da79ba7884ec@group-09344C0E7623: shutdown
2020-12-23 14:06:03,576 [Listener at 127.0.0.1/39909] INFO  util.JmxRegister (JmxRegister.java:unregister(73)) - Successfully un-registered JMX Bean with object name Ratis:service=RaftServer,group=group-09344C0E7623,id=578fb040-f869-45ef-91a4-da79ba7884ec
2020-12-23 14:06:03,577 [Listener at 127.0.0.1/39909] INFO  impl.RoleInfo (RoleInfo.java:shutdownLeaderState(91)) - 578fb040-f869-45ef-91a4-da79ba7884ec: shutdown 578fb040-f869-45ef-91a4-da79ba7884ec@group-09344C0E7623-LeaderStateImpl
2020-12-23 14:06:03,577 [Listener at 127.0.0.1/39909] INFO  impl.PendingRequests (PendingRequests.java:sendNotLeaderResponses(249)) - 578fb040-f869-45ef-91a4-da79ba7884ec@group-09344C0E7623-PendingRequests: sendNotLeaderResponses
2020-12-23 14:06:03,577 [Listener at 127.0.0.1/39909] INFO  metrics.RatisMetrics (RatisMetrics.java:unregister(43)) - Unregistering Metrics Registry : ratis.log_appender.578fb040-f869-45ef-91a4-da79ba7884ec@group-09344C0E7623
2020-12-23 14:06:03,577 [Listener at 127.0.0.1/39909] INFO  metrics.RatisMetrics (RatisMetrics.java:unregister(43)) - Unregistering Metrics Registry : ratis.server.578fb040-f869-45ef-91a4-da79ba7884ec@group-09344C0E7623
2020-12-23 14:06:03,579 [578fb040-f869-45ef-91a4-da79ba7884ec@group-09344C0E7623-StateMachineUpdater] INFO  ratis.ContainerStateMachine (ContainerStateMachine.java:takeSnapshot(291)) - group-09344C0E7623: Taking a snapshot at:(t:1, i:0) file /github/workspace/mnt/ozone/hadoop-ozone/integration-test/target/test-dir/MiniOzoneClusterImpl-4d4d8361-1f31-4e15-8531-152295c781bb/datanode-3/data/ratis/25f9ad50-b735-4f9f-8b54-09344c0e7623/sm/snapshot.1_0
2020-12-23 14:06:03,579 [Listener at 127.0.0.1/39909] INFO  impl.StateMachineUpdater (StateMachineUpdater.java:stopAndJoin(148)) - 578fb040-f869-45ef-91a4-da79ba7884ec@group-09344C0E7623-StateMachineUpdater: set stopIndex = 0
2020-12-23 14:06:03,579 [578fb040-f869-45ef-91a4-da79ba7884ec@group-09344C0E7623-StateMachineUpdater] INFO  ratis.ContainerStateMachine (ContainerStateMachine.java:takeSnapshot(302)) - group-09344C0E7623: Finished taking a snapshot at:(t:1, i:0) file:/github/workspace/mnt/ozone/hadoop-ozone/integration-test/target/test-dir/MiniOzoneClusterImpl-4d4d8361-1f31-4e15-8531-152295c781bb/datanode-3/data/ratis/25f9ad50-b735-4f9f-8b54-09344c0e7623/sm/snapshot.1_0 time:1
2020-12-23 14:06:03,580 [578fb040-f869-45ef-91a4-da79ba7884ec@group-09344C0E7623-StateMachineUpdater] INFO  impl.StateMachineUpdater (StateMachineUpdater.java:takeSnapshot(279)) - 578fb040-f869-45ef-91a4-da79ba7884ec@group-09344C0E7623-StateMachineUpdater: Took a snapshot at index 0
2020-12-23 14:06:03,580 [578fb040-f869-45ef-91a4-da79ba7884ec@group-09344C0E7623-StateMachineUpdater] INFO  impl.StateMachineUpdater (StateMachineUpdater.java:lambda$new$0(88)) - 578fb040-f869-45ef-91a4-da79ba7884ec@group-09344C0E7623-StateMachineUpdater: snapshotIndex: updateIncreasingly -1 -> 0
2020-12-23 14:06:03,580 [578fb040-f869-45ef-91a4-da79ba7884ec@group-09344C0E7623-StateMachineUpdater] INFO  metrics.RatisMetrics (RatisMetrics.java:unregister(43)) - Unregistering Metrics Registry : ratis.state_machine.578fb040-f869-45ef-91a4-da79ba7884ec@group-09344C0E7623
2020-12-23 14:06:03,580 [Listener at 127.0.0.1/39909] INFO  server.RaftServer$Division (ServerState.java:close(406)) - 578fb040-f869-45ef-91a4-da79ba7884ec@group-09344C0E7623: closes. applyIndex: 0
2020-12-23 14:06:03,580 [578fb040-f869-45ef-91a4-da79ba7884ec@group-09344C0E7623-SegmentedRaftLogWorker] INFO  segmented.SegmentedRaftLogWorker (SegmentedRaftLogWorker.java:run(326)) - 578fb040-f869-45ef-91a4-da79ba7884ec@group-09344C0E7623-SegmentedRaftLogWorker was interrupted, exiting. There are 0 tasks remaining in the queue.
2020-12-23 14:06:03,581 [Listener at 127.0.0.1/39909] INFO  segmented.SegmentedRaftLogWorker (SegmentedRaftLogWorker.java:close(236)) - 578fb040-f869-45ef-91a4-da79ba7884ec@group-09344C0E7623-SegmentedRaftLogWorker close()
2020-12-23 14:06:03,581 [Listener at 127.0.0.1/39909] INFO  metrics.RatisMetrics (RatisMetrics.java:unregister(43)) - Unregistering Metrics Registry : ratis.log_worker.578fb040-f869-45ef-91a4-da79ba7884ec@group-09344C0E7623
2020-12-23 14:06:03,581 [Listener at 127.0.0.1/39909] INFO  metrics.RatisMetrics (RatisMetrics.java:unregister(43)) - Unregistering Metrics Registry : ratis.leader_election.578fb040-f869-45ef-91a4-da79ba7884ec@group-09344C0E7623
2020-12-23 14:06:03,581 [Listener at 127.0.0.1/39909] INFO  metrics.RatisMetrics (RatisMetrics.java:unregister(43)) - Unregistering Metrics Registry : ratis.server.578fb040-f869-45ef-91a4-da79ba7884ec@group-09344C0E7623
2020-12-23 14:06:03,582 [Listener at 127.0.0.1/39909] INFO  server.GrpcService (GrpcService.java:closeImpl(184)) - 578fb040-f869-45ef-91a4-da79ba7884ec: shutdown server with port 37771 now
2020-12-23 14:06:03,584 [grpc-default-executor-0] WARN  client.GrpcClientProtocolService (LogUtils.java:warn(122)) - 1-UnorderedRequestStreamObserver1: onError: org.apache.ratis.thirdparty.io.grpc.StatusRuntimeException: CANCELLED: cancelled before receiving half close
2020-12-23 14:06:03,587 [Listener at 127.0.0.1/39909] INFO  server.GrpcService (GrpcService.java:closeImpl(193)) - 578fb040-f869-45ef-91a4-da79ba7884ec: shutdown server with port 37771 successfully
2020-12-23 14:06:03,587 [org.apache.ratis.util.JvmPauseMonitor$$Lambda$222/16129605@299afad9] INFO  util.JvmPauseMonitor (JvmPauseMonitor.java:run(109)) - JvmPauseMonitor-578fb040-f869-45ef-91a4-da79ba7884ec: Stopped
2020-12-23 14:06:03,588 [Listener at 127.0.0.1/39909] INFO  utils.BackgroundService (BackgroundService.java:shutdown(132)) - Shutting down service BlockDeletingService
2020-12-23 14:06:03,590 [Listener at 127.0.0.1/39909] INFO  statemachine.DatanodeStateMachine (DatanodeStateMachine.java:stopDaemon(461)) - Ozone container server stopped.
2020-12-23 14:06:03,599 [Listener at 127.0.0.1/39909] INFO  handler.ContextHandler (ContextHandler.java:doStop(1154)) - Stopped o.e.j.w.WebAppContext@20ba3c52{hddsDatanode,/,null,STOPPED}{jar:file:/home/user/.m2/repository/org/apache/hadoop/hadoop-hdds-container-service/1.1.0-SNAPSHOT/hadoop-hdds-container-service-1.1.0-SNAPSHOT.jar!/webapps/hddsDatanode}
2020-12-23 14:06:03,600 [Listener at 127.0.0.1/39909] INFO  server.AbstractConnector (AbstractConnector.java:doStop(381)) - Stopped ServerConnector@d4f223e{HTTP/1.1, (http/1.1)}{0.0.0.0:0}
2020-12-23 14:06:03,600 [Listener at 127.0.0.1/39909] INFO  server.session (HouseKeeper.java:stopScavenging(149)) - node0 Stopped scavenging
2020-12-23 14:06:03,600 [Listener at 127.0.0.1/39909] INFO  handler.ContextHandler (ContextHandler.java:doStop(1154)) - Stopped o.e.j.s.ServletContextHandler@8c6030b{static,/static,jar:file:/home/user/.m2/repository/org/apache/hadoop/hadoop-hdds-container-service/1.1.0-SNAPSHOT/hadoop-hdds-container-service-1.1.0-SNAPSHOT.jar!/webapps/static,STOPPED}
2020-12-23 14:06:03,600 [Listener at 127.0.0.1/39909] INFO  handler.ContextHandler (ContextHandler.java:doStop(1154)) - Stopped o.e.j.s.ServletContextHandler@25afdf7e{logs,/logs,file:///github/workspace/mnt/ozone/hadoop-ozone/integration-test/target/log,STOPPED}
2020-12-23 14:06:03,831 [Datanode State Machine Thread - 0] INFO  statemachine.DatanodeStateMachine (DatanodeStateMachine.java:lambda$startDaemon$0(408)) - Ozone container server started.
2020-12-23 14:06:04,388 [ReplicationMonitor] INFO  container.ReplicationManager (ReplicationManager.java:run(250)) - Replication Monitor Thread took 0 milliseconds for processing 4 containers.
2020-12-23 14:06:04,413 [EventQueue-StaleNodeForStaleNodeHandler] INFO  node.StaleNodeHandler (StaleNodeHandler.java:onMessage(58)) - Datanode 578fb040-f869-45ef-91a4-da79ba7884ec{ip: 172.17.0.2, host: 8eef00ac434c, networkLocation: /default-rack, certSerialId: null, persistedOpState: IN_SERVICE, persistedOpStateExpiryEpochSec: 0} moved to stale state. Finalizing its pipelines [PipelineID=380b8358-65d3-4403-9ac7-d175c3c695b5, PipelineID=25f9ad50-b735-4f9f-8b54-09344c0e7623]
2020-12-23 14:06:04,414 [EventQueue-StaleNodeForStaleNodeHandler] INFO  pipeline.SCMPipelineManager (SCMPipelineManager.java:finalizeAndDestroyPipeline(482)) - Destroying pipeline:Pipeline[ Id: 380b8358-65d3-4403-9ac7-d175c3c695b5, Nodes: 578fb040-f869-45ef-91a4-da79ba7884ec{ip: 172.17.0.2, host: 8eef00ac434c, networkLocation: /default-rack, certSerialId: null, persistedOpState: IN_SERVICE, persistedOpStateExpiryEpochSec: 0}132632b1-c99d-4d56-baf0-ebc6ad7ec851{ip: 172.17.0.2, host: 8eef00ac434c, networkLocation: /default-rack, certSerialId: null, persistedOpState: IN_SERVICE, persistedOpStateExpiryEpochSec: 0}cc79f115-dbdb-4899-88c3-1d2dbee4d898{ip: 172.17.0.2, host: 8eef00ac434c, networkLocation: /default-rack, certSerialId: null, persistedOpState: IN_SERVICE, persistedOpStateExpiryEpochSec: 0}, Type:RATIS, Factor:THREE, State:OPEN, leaderId:578fb040-f869-45ef-91a4-da79ba7884ec, CreationTimestamp2020-12-23T14:05:40.400Z]
2020-12-23 14:06:04,414 [EventQueue-StaleNodeForStaleNodeHandler] INFO  pipeline.PipelineStateManager (PipelineStateManager.java:finalizePipeline(121)) - Pipeline Pipeline[ Id: 380b8358-65d3-4403-9ac7-d175c3c695b5, Nodes: 578fb040-f869-45ef-91a4-da79ba7884ec{ip: 172.17.0.2, host: 8eef00ac434c, networkLocation: /default-rack, certSerialId: null, persistedOpState: IN_SERVICE, persistedOpStateExpiryEpochSec: 0}132632b1-c99d-4d56-baf0-ebc6ad7ec851{ip: 172.17.0.2, host: 8eef00ac434c, networkLocation: /default-rack, certSerialId: null, persistedOpState: IN_SERVICE, persistedOpStateExpiryEpochSec: 0}cc79f115-dbdb-4899-88c3-1d2dbee4d898{ip: 172.17.0.2, host: 8eef00ac434c, networkLocation: /default-rack, certSerialId: null, persistedOpState: IN_SERVICE, persistedOpStateExpiryEpochSec: 0}, Type:RATIS, Factor:THREE, State:CLOSED, leaderId:578fb040-f869-45ef-91a4-da79ba7884ec, CreationTimestamp2020-12-23T14:05:40.400Z] moved to CLOSED state
2020-12-23 14:06:04,414 [EventQueue-CloseContainerForCloseContainerEventHandler] INFO  container.CloseContainerEventHandler (CloseContainerEventHandler.java:onMessage(61)) - Close container Event triggered for container : #3
2020-12-23 14:06:04,414 [EventQueue-StaleNodeForStaleNodeHandler] INFO  pipeline.SCMPipelineManager (SCMPipelineManager.java:finalizeAndDestroyPipeline(482)) - Destroying pipeline:Pipeline[ Id: 25f9ad50-b735-4f9f-8b54-09344c0e7623, Nodes: 578fb040-f869-45ef-91a4-da79ba7884ec{ip: 172.17.0.2, host: 8eef00ac434c, networkLocation: /default-rack, certSerialId: null, persistedOpState: IN_SERVICE, persistedOpStateExpiryEpochSec: 0}, Type:RATIS, Factor:ONE, State:OPEN, leaderId:578fb040-f869-45ef-91a4-da79ba7884ec, CreationTimestamp2020-12-23T14:05:39.862Z]
2020-12-23 14:06:04,414 [EventQueue-StaleNodeForStaleNodeHandler] INFO  pipeline.PipelineStateManager (PipelineStateManager.java:finalizePipeline(121)) - Pipeline Pipeline[ Id: 25f9ad50-b735-4f9f-8b54-09344c0e7623, Nodes: 578fb040-f869-45ef-91a4-da79ba7884ec{ip: 172.17.0.2, host: 8eef00ac434c, networkLocation: /default-rack, certSerialId: null, persistedOpState: IN_SERVICE, persistedOpStateExpiryEpochSec: 0}, Type:RATIS, Factor:ONE, State:CLOSED, leaderId:578fb040-f869-45ef-91a4-da79ba7884ec, CreationTimestamp2020-12-23T14:05:39.862Z] moved to CLOSED state
2020-12-23 14:06:04,415 [EventQueue-CloseContainerForCloseContainerEventHandler] INFO  container.CloseContainerEventHandler (CloseContainerEventHandler.java:onMessage(61)) - Close container Event triggered for container : #4
2020-12-23 14:06:04,502 [Datanode State Machine Thread - 0] INFO  statemachine.DatanodeStateMachine (DatanodeStateMachine.java:lambda$startDaemon$0(408)) - Ozone container server started.
2020-12-23 14:06:04,714 [EventQueue-StaleNodeForStaleNodeHandler] INFO  node.StaleNodeHandler (StaleNodeHandler.java:onMessage(58)) - Datanode b1088989-c4df-426b-96dd-e7d1e2f5d3a9{ip: 172.17.0.2, host: 8eef00ac434c, networkLocation: /default-rack, certSerialId: null, persistedOpState: DECOMMISSIONING, persistedOpStateExpiryEpochSec: 0} moved to stale state. Finalizing its pipelines []
2020-12-23 14:06:04,715 [ForkJoinPool.commonPool-worker-1] INFO  ozoneimpl.OzoneContainer (OzoneContainer.java:stop(257)) - Attempting to stop container services.
2020-12-23 14:06:04,716 [ForkJoinPool.commonPool-worker-1] INFO  server.RaftServer (RaftServerProxy.java:lambda$close$6(387)) - 72ddd1cf-406a-46d1-a670-cde8064896da: close
2020-12-23 14:06:04,716 [ForkJoinPool.commonPool-worker-1] INFO  server.RaftServer$Division (RaftServerImpl.java:lambda$close$4(397)) - 72ddd1cf-406a-46d1-a670-cde8064896da@group-3170E42E4D24: shutdown
2020-12-23 14:06:04,716 [ForkJoinPool.commonPool-worker-1] INFO  util.JmxRegister (JmxRegister.java:unregister(73)) - Successfully un-registered JMX Bean with object name Ratis:service=RaftServer,group=group-3170E42E4D24,id=72ddd1cf-406a-46d1-a670-cde8064896da
2020-12-23 14:06:04,716 [ForkJoinPool.commonPool-worker-1] INFO  impl.RoleInfo (RoleInfo.java:shutdownLeaderState(91)) - 72ddd1cf-406a-46d1-a670-cde8064896da: shutdown 72ddd1cf-406a-46d1-a670-cde8064896da@group-3170E42E4D24-LeaderStateImpl
2020-12-23 14:06:04,717 [ForkJoinPool.commonPool-worker-1] INFO  impl.PendingRequests (PendingRequests.java:sendNotLeaderResponses(249)) - 72ddd1cf-406a-46d1-a670-cde8064896da@group-3170E42E4D24-PendingRequests: sendNotLeaderResponses
2020-12-23 14:06:04,717 [ForkJoinPool.commonPool-worker-1] INFO  metrics.RatisMetrics (RatisMetrics.java:unregister(43)) - Unregistering Metrics Registry : ratis.log_appender.72ddd1cf-406a-46d1-a670-cde8064896da@group-3170E42E4D24
2020-12-23 14:06:04,717 [ForkJoinPool.commonPool-worker-1] INFO  metrics.RatisMetrics (RatisMetrics.java:unregister(43)) - Unregistering Metrics Registry : ratis.server.72ddd1cf-406a-46d1-a670-cde8064896da@group-3170E42E4D24
2020-12-23 14:06:04,719 [ForkJoinPool.commonPool-worker-1] INFO  impl.StateMachineUpdater (StateMachineUpdater.java:stopAndJoin(148)) - 72ddd1cf-406a-46d1-a670-cde8064896da@group-3170E42E4D24-StateMachineUpdater: set stopIndex = 0
2020-12-23 14:06:04,719 [72ddd1cf-406a-46d1-a670-cde8064896da@group-3170E42E4D24-StateMachineUpdater] INFO  ratis.ContainerStateMachine (ContainerStateMachine.java:takeSnapshot(291)) - group-3170E42E4D24: Taking a snapshot at:(t:1, i:0) file /github/workspace/mnt/ozone/hadoop-ozone/integration-test/target/test-dir/MiniOzoneClusterImpl-4d4d8361-1f31-4e15-8531-152295c781bb/datanode-2/data/ratis/73e418e7-f879-43e6-8465-3170e42e4d24/sm/snapshot.1_0
2020-12-23 14:06:04,720 [72ddd1cf-406a-46d1-a670-cde8064896da@group-3170E42E4D24-StateMachineUpdater] INFO  ratis.ContainerStateMachine (ContainerStateMachine.java:takeSnapshot(302)) - group-3170E42E4D24: Finished taking a snapshot at:(t:1, i:0) file:/github/workspace/mnt/ozone/hadoop-ozone/integration-test/target/test-dir/MiniOzoneClusterImpl-4d4d8361-1f31-4e15-8531-152295c781bb/datanode-2/data/ratis/73e418e7-f879-43e6-8465-3170e42e4d24/sm/snapshot.1_0 time:1
2020-12-23 14:06:04,720 [72ddd1cf-406a-46d1-a670-cde8064896da@group-3170E42E4D24-StateMachineUpdater] INFO  impl.StateMachineUpdater (StateMachineUpdater.java:takeSnapshot(279)) - 72ddd1cf-406a-46d1-a670-cde8064896da@group-3170E42E4D24-StateMachineUpdater: Took a snapshot at index 0
2020-12-23 14:06:04,720 [72ddd1cf-406a-46d1-a670-cde8064896da@group-3170E42E4D24-StateMachineUpdater] INFO  impl.StateMachineUpdater (StateMachineUpdater.java:lambda$new$0(88)) - 72ddd1cf-406a-46d1-a670-cde8064896da@group-3170E42E4D24-StateMachineUpdater: snapshotIndex: updateIncreasingly -1 -> 0
2020-12-23 14:06:04,721 [72ddd1cf-406a-46d1-a670-cde8064896da@group-3170E42E4D24-StateMachineUpdater] INFO  metrics.RatisMetrics (RatisMetrics.java:unregister(43)) - Unregistering Metrics Registry : ratis.state_machine.72ddd1cf-406a-46d1-a670-cde8064896da@group-3170E42E4D24
2020-12-23 14:06:04,721 [ForkJoinPool.commonPool-worker-1] INFO  server.RaftServer$Division (ServerState.java:close(406)) - 72ddd1cf-406a-46d1-a670-cde8064896da@group-3170E42E4D24: closes. applyIndex: 0
2020-12-23 14:06:04,721 [72ddd1cf-406a-46d1-a670-cde8064896da@group-3170E42E4D24-SegmentedRaftLogWorker] INFO  segmented.SegmentedRaftLogWorker (SegmentedRaftLogWorker.java:run(326)) - 72ddd1cf-406a-46d1-a670-cde8064896da@group-3170E42E4D24-SegmentedRaftLogWorker was interrupted, exiting. There are 0 tasks remaining in the queue.
2020-12-23 14:06:04,721 [ForkJoinPool.commonPool-worker-1] INFO  segmented.SegmentedRaftLogWorker (SegmentedRaftLogWorker.java:close(236)) - 72ddd1cf-406a-46d1-a670-cde8064896da@group-3170E42E4D24-SegmentedRaftLogWorker close()
2020-12-23 14:06:04,722 [ForkJoinPool.commonPool-worker-1] INFO  metrics.RatisMetrics (RatisMetrics.java:unregister(43)) - Unregistering Metrics Registry : ratis.log_worker.72ddd1cf-406a-46d1-a670-cde8064896da@group-3170E42E4D24
2020-12-23 14:06:04,722 [ForkJoinPool.commonPool-worker-1] INFO  metrics.RatisMetrics (RatisMetrics.java:unregister(43)) - Unregistering Metrics Registry : ratis.leader_election.72ddd1cf-406a-46d1-a670-cde8064896da@group-3170E42E4D24
2020-12-23 14:06:04,722 [ForkJoinPool.commonPool-worker-1] INFO  metrics.RatisMetrics (RatisMetrics.java:unregister(43)) - Unregistering Metrics Registry : ratis.server.72ddd1cf-406a-46d1-a670-cde8064896da@group-3170E42E4D24
2020-12-23 14:06:04,722 [ForkJoinPool.commonPool-worker-1] INFO  server.GrpcService (GrpcService.java:closeImpl(184)) - 72ddd1cf-406a-46d1-a670-cde8064896da: shutdown server with port 36049 now
2020-12-23 14:06:04,723 [ForkJoinPool.commonPool-worker-1] INFO  server.GrpcService (GrpcService.java:closeImpl(193)) - 72ddd1cf-406a-46d1-a670-cde8064896da: shutdown server with port 36049 successfully
2020-12-23 14:06:04,723 [org.apache.ratis.util.JvmPauseMonitor$$Lambda$222/16129605@566d0807] INFO  util.JvmPauseMonitor (JvmPauseMonitor.java:run(109)) - JvmPauseMonitor-72ddd1cf-406a-46d1-a670-cde8064896da: Stopped
2020-12-23 14:06:04,726 [ForkJoinPool.commonPool-worker-1] INFO  utils.BackgroundService (BackgroundService.java:shutdown(132)) - Shutting down service BlockDeletingService
2020-12-23 14:06:04,729 [ForkJoinPool.commonPool-worker-1] INFO  statemachine.DatanodeStateMachine (DatanodeStateMachine.java:stopDaemon(461)) - Ozone container server stopped.
2020-12-23 14:06:04,739 [ForkJoinPool.commonPool-worker-1] INFO  handler.ContextHandler (ContextHandler.java:doStop(1154)) - Stopped o.e.j.w.WebAppContext@77e6ec35{hddsDatanode,/,null,STOPPED}{jar:file:/home/user/.m2/repository/org/apache/hadoop/hadoop-hdds-container-service/1.1.0-SNAPSHOT/hadoop-hdds-container-service-1.1.0-SNAPSHOT.jar!/webapps/hddsDatanode}
2020-12-23 14:06:04,740 [ForkJoinPool.commonPool-worker-1] INFO  server.AbstractConnector (AbstractConnector.java:doStop(381)) - Stopped ServerConnector@2a8be188{HTTP/1.1, (http/1.1)}{0.0.0.0:0}
2020-12-23 14:06:04,740 [ForkJoinPool.commonPool-worker-1] INFO  server.session (HouseKeeper.java:stopScavenging(149)) - node0 Stopped scavenging
2020-12-23 14:06:04,740 [ForkJoinPool.commonPool-worker-1] INFO  handler.ContextHandler (ContextHandler.java:doStop(1154)) - Stopped o.e.j.s.ServletContextHandler@1a18b38c{static,/static,jar:file:/home/user/.m2/repository/org/apache/hadoop/hadoop-hdds-container-service/1.1.0-SNAPSHOT/hadoop-hdds-container-service-1.1.0-SNAPSHOT.jar!/webapps/static,STOPPED}
2020-12-23 14:06:04,740 [ForkJoinPool.commonPool-worker-1] INFO  handler.ContextHandler (ContextHandler.java:doStop(1154)) - Stopped o.e.j.s.ServletContextHandler@5621a9eb{logs,/logs,file:///github/workspace/mnt/ozone/hadoop-ozone/integration-test/target/log,STOPPED}
2020-12-23 14:06:04,865 [Datanode State Machine Thread - 0] INFO  statemachine.DatanodeStateMachine (DatanodeStateMachine.java:lambda$startDaemon$0(408)) - Ozone container server started.
2020-12-23 14:06:04,923 [Listener at 127.0.0.1/39909] INFO  ozoneimpl.OzoneContainer (OzoneContainer.java:stop(257)) - Attempting to stop container services.
2020-12-23 14:06:04,924 [Listener at 127.0.0.1/39909] INFO  server.RaftServer (RaftServerProxy.java:lambda$close$6(387)) - cc79f115-dbdb-4899-88c3-1d2dbee4d898: close
2020-12-23 14:06:04,924 [Listener at 127.0.0.1/39909] INFO  server.RaftServer$Division (RaftServerImpl.java:lambda$close$4(397)) - cc79f115-dbdb-4899-88c3-1d2dbee4d898@group-D175C3C695B5: shutdown
2020-12-23 14:06:04,924 [Listener at 127.0.0.1/39909] INFO  util.JmxRegister (JmxRegister.java:unregister(73)) - Successfully un-registered JMX Bean with object name Ratis:service=RaftServer,group=group-D175C3C695B5,id=cc79f115-dbdb-4899-88c3-1d2dbee4d898
2020-12-23 14:06:04,924 [Listener at 127.0.0.1/39909] INFO  impl.RoleInfo (RoleInfo.java:shutdownFollowerState(108)) - cc79f115-dbdb-4899-88c3-1d2dbee4d898: shutdown cc79f115-dbdb-4899-88c3-1d2dbee4d898@group-D175C3C695B5-FollowerState
2020-12-23 14:06:04,924 [Listener at 127.0.0.1/39909] INFO  impl.StateMachineUpdater (StateMachineUpdater.java:stopAndJoin(148)) - cc79f115-dbdb-4899-88c3-1d2dbee4d898@group-D175C3C695B5-StateMachineUpdater: set stopIndex = 6
2020-12-23 14:06:04,925 [Thread-3518] INFO  impl.FollowerState (FollowerState.java:run(142)) - cc79f115-dbdb-4899-88c3-1d2dbee4d898@group-D175C3C695B5-FollowerState was interrupted: {}
java.lang.InterruptedException: sleep interrupted
	at java.lang.Thread.sleep(Native Method)
	at java.lang.Thread.sleep(Thread.java:340)
	at java.util.concurrent.TimeUnit.sleep(TimeUnit.java:386)
	at org.apache.ratis.util.TimeDuration.sleep(TimeDuration.java:319)
	at org.apache.ratis.util.TimeDuration.sleep(TimeDuration.java:304)
	at org.apache.ratis.server.impl.FollowerState.run(FollowerState.java:117)
2020-12-23 14:06:04,925 [cc79f115-dbdb-4899-88c3-1d2dbee4d898@group-D175C3C695B5-StateMachineUpdater] INFO  ratis.ContainerStateMachine (ContainerStateMachine.java:takeSnapshot(291)) - group-D175C3C695B5: Taking a snapshot at:(t:1, i:6) file /github/workspace/mnt/ozone/hadoop-ozone/integration-test/target/test-dir/MiniOzoneClusterImpl-4d4d8361-1f31-4e15-8531-152295c781bb/datanode-5/data/ratis/380b8358-65d3-4403-9ac7-d175c3c695b5/sm/snapshot.1_6
2020-12-23 14:06:04,926 [cc79f115-dbdb-4899-88c3-1d2dbee4d898@group-D175C3C695B5-StateMachineUpdater] INFO  ratis.ContainerStateMachine (ContainerStateMachine.java:takeSnapshot(302)) - group-D175C3C695B5: Finished taking a snapshot at:(t:1, i:6) file:/github/workspace/mnt/ozone/hadoop-ozone/integration-test/target/test-dir/MiniOzoneClusterImpl-4d4d8361-1f31-4e15-8531-152295c781bb/datanode-5/data/ratis/380b8358-65d3-4403-9ac7-d175c3c695b5/sm/snapshot.1_6 time:2
2020-12-23 14:06:04,927 [cc79f115-dbdb-4899-88c3-1d2dbee4d898@group-D175C3C695B5-StateMachineUpdater] INFO  impl.StateMachineUpdater (StateMachineUpdater.java:takeSnapshot(279)) - cc79f115-dbdb-4899-88c3-1d2dbee4d898@group-D175C3C695B5-StateMachineUpdater: Took a snapshot at index 6
2020-12-23 14:06:04,927 [cc79f115-dbdb-4899-88c3-1d2dbee4d898@group-D175C3C695B5-StateMachineUpdater] INFO  impl.StateMachineUpdater (StateMachineUpdater.java:lambda$new$0(88)) - cc79f115-dbdb-4899-88c3-1d2dbee4d898@group-D175C3C695B5-StateMachineUpdater: snapshotIndex: updateIncreasingly -1 -> 6
2020-12-23 14:06:04,927 [cc79f115-dbdb-4899-88c3-1d2dbee4d898@group-D175C3C695B5-StateMachineUpdater] INFO  metrics.RatisMetrics (RatisMetrics.java:unregister(43)) - Unregistering Metrics Registry : ratis.state_machine.cc79f115-dbdb-4899-88c3-1d2dbee4d898@group-D175C3C695B5
2020-12-23 14:06:04,927 [Listener at 127.0.0.1/39909] INFO  server.RaftServer$Division (ServerState.java:close(406)) - cc79f115-dbdb-4899-88c3-1d2dbee4d898@group-D175C3C695B5: closes. applyIndex: 6
2020-12-23 14:06:04,927 [cc79f115-dbdb-4899-88c3-1d2dbee4d898@group-D175C3C695B5-SegmentedRaftLogWorker] INFO  segmented.SegmentedRaftLogWorker (SegmentedRaftLogWorker.java:run(326)) - cc79f115-dbdb-4899-88c3-1d2dbee4d898@group-D175C3C695B5-SegmentedRaftLogWorker was interrupted, exiting. There are 0 tasks remaining in the queue.
2020-12-23 14:06:04,928 [Listener at 127.0.0.1/39909] INFO  segmented.SegmentedRaftLogWorker (SegmentedRaftLogWorker.java:close(236)) - cc79f115-dbdb-4899-88c3-1d2dbee4d898@group-D175C3C695B5-SegmentedRaftLogWorker close()
2020-12-23 14:06:04,928 [Listener at 127.0.0.1/39909] INFO  metrics.RatisMetrics (RatisMetrics.java:unregister(43)) - Unregistering Metrics Registry : ratis.log_worker.cc79f115-dbdb-4899-88c3-1d2dbee4d898@group-D175C3C695B5
2020-12-23 14:06:04,928 [Listener at 127.0.0.1/39909] INFO  metrics.RatisMetrics (RatisMetrics.java:unregister(43)) - Unregistering Metrics Registry : ratis.leader_election.cc79f115-dbdb-4899-88c3-1d2dbee4d898@group-D175C3C695B5
2020-12-23 14:06:04,928 [Listener at 127.0.0.1/39909] INFO  metrics.RatisMetrics (RatisMetrics.java:unregister(43)) - Unregistering Metrics Registry : ratis.server.cc79f115-dbdb-4899-88c3-1d2dbee4d898@group-D175C3C695B5
2020-12-23 14:06:04,928 [Listener at 127.0.0.1/39909] INFO  server.RaftServer$Division (RaftServerImpl.java:lambda$close$4(397)) - cc79f115-dbdb-4899-88c3-1d2dbee4d898@group-C9CC3117B1ED: shutdown
2020-12-23 14:06:04,928 [Listener at 127.0.0.1/39909] INFO  util.JmxRegister (JmxRegister.java:unregister(73)) - Successfully un-registered JMX Bean with object name Ratis:service=RaftServer,group=group-C9CC3117B1ED,id=cc79f115-dbdb-4899-88c3-1d2dbee4d898
2020-12-23 14:06:04,929 [Listener at 127.0.0.1/39909] INFO  impl.RoleInfo (RoleInfo.java:shutdownLeaderState(91)) - cc79f115-dbdb-4899-88c3-1d2dbee4d898: shutdown cc79f115-dbdb-4899-88c3-1d2dbee4d898@group-C9CC3117B1ED-LeaderStateImpl
2020-12-23 14:06:04,929 [Listener at 127.0.0.1/39909] INFO  impl.PendingRequests (PendingRequests.java:sendNotLeaderResponses(249)) - cc79f115-dbdb-4899-88c3-1d2dbee4d898@group-C9CC3117B1ED-PendingRequests: sendNotLeaderResponses
2020-12-23 14:06:04,929 [Listener at 127.0.0.1/39909] INFO  metrics.RatisMetrics (RatisMetrics.java:unregister(43)) - Unregistering Metrics Registry : ratis.log_appender.cc79f115-dbdb-4899-88c3-1d2dbee4d898@group-C9CC3117B1ED
2020-12-23 14:06:04,929 [Listener at 127.0.0.1/39909] INFO  metrics.RatisMetrics (RatisMetrics.java:unregister(43)) - Unregistering Metrics Registry : ratis.server.cc79f115-dbdb-4899-88c3-1d2dbee4d898@group-C9CC3117B1ED
2020-12-23 14:06:04,930 [Listener at 127.0.0.1/39909] INFO  impl.StateMachineUpdater (StateMachineUpdater.java:stopAndJoin(148)) - cc79f115-dbdb-4899-88c3-1d2dbee4d898@group-C9CC3117B1ED-StateMachineUpdater: set stopIndex = 0
2020-12-23 14:06:04,931 [cc79f115-dbdb-4899-88c3-1d2dbee4d898@group-C9CC3117B1ED-StateMachineUpdater] INFO  ratis.ContainerStateMachine (ContainerStateMachine.java:takeSnapshot(291)) - group-C9CC3117B1ED: Taking a snapshot at:(t:1, i:0) file /github/workspace/mnt/ozone/hadoop-ozone/integration-test/target/test-dir/MiniOzoneClusterImpl-4d4d8361-1f31-4e15-8531-152295c781bb/datanode-5/data/ratis/6f103dfe-c761-483a-81e1-c9cc3117b1ed/sm/snapshot.1_0
2020-12-23 14:06:04,931 [cc79f115-dbdb-4899-88c3-1d2dbee4d898@group-C9CC3117B1ED-StateMachineUpdater] INFO  ratis.ContainerStateMachine (ContainerStateMachine.java:takeSnapshot(302)) - group-C9CC3117B1ED: Finished taking a snapshot at:(t:1, i:0) file:/github/workspace/mnt/ozone/hadoop-ozone/integration-test/target/test-dir/MiniOzoneClusterImpl-4d4d8361-1f31-4e15-8531-152295c781bb/datanode-5/data/ratis/6f103dfe-c761-483a-81e1-c9cc3117b1ed/sm/snapshot.1_0 time:0
2020-12-23 14:06:04,931 [cc79f115-dbdb-4899-88c3-1d2dbee4d898@group-C9CC3117B1ED-StateMachineUpdater] INFO  impl.StateMachineUpdater (StateMachineUpdater.java:takeSnapshot(279)) - cc79f115-dbdb-4899-88c3-1d2dbee4d898@group-C9CC3117B1ED-StateMachineUpdater: Took a snapshot at index 0
2020-12-23 14:06:04,931 [cc79f115-dbdb-4899-88c3-1d2dbee4d898@group-C9CC3117B1ED-StateMachineUpdater] INFO  impl.StateMachineUpdater (StateMachineUpdater.java:lambda$new$0(88)) - cc79f115-dbdb-4899-88c3-1d2dbee4d898@group-C9CC3117B1ED-StateMachineUpdater: snapshotIndex: updateIncreasingly -1 -> 0
2020-12-23 14:06:04,932 [cc79f115-dbdb-4899-88c3-1d2dbee4d898@group-C9CC3117B1ED-StateMachineUpdater] INFO  metrics.RatisMetrics (RatisMetrics.java:unregister(43)) - Unregistering Metrics Registry : ratis.state_machine.cc79f115-dbdb-4899-88c3-1d2dbee4d898@group-C9CC3117B1ED
2020-12-23 14:06:04,932 [Listener at 127.0.0.1/39909] INFO  server.RaftServer$Division (ServerState.java:close(406)) - cc79f115-dbdb-4899-88c3-1d2dbee4d898@group-C9CC3117B1ED: closes. applyIndex: 0
2020-12-23 14:06:04,932 [cc79f115-dbdb-4899-88c3-1d2dbee4d898@group-C9CC3117B1ED-SegmentedRaftLogWorker] INFO  segmented.SegmentedRaftLogWorker (SegmentedRaftLogWorker.java:run(326)) - cc79f115-dbdb-4899-88c3-1d2dbee4d898@group-C9CC3117B1ED-SegmentedRaftLogWorker was interrupted, exiting. There are 0 tasks remaining in the queue.
2020-12-23 14:06:04,932 [Listener at 127.0.0.1/39909] INFO  segmented.SegmentedRaftLogWorker (SegmentedRaftLogWorker.java:close(236)) - cc79f115-dbdb-4899-88c3-1d2dbee4d898@group-C9CC3117B1ED-SegmentedRaftLogWorker close()
2020-12-23 14:06:04,932 [Listener at 127.0.0.1/39909] INFO  metrics.RatisMetrics (RatisMetrics.java:unregister(43)) - Unregistering Metrics Registry : ratis.log_worker.cc79f115-dbdb-4899-88c3-1d2dbee4d898@group-C9CC3117B1ED
2020-12-23 14:06:04,932 [Listener at 127.0.0.1/39909] INFO  metrics.RatisMetrics (RatisMetrics.java:unregister(43)) - Unregistering Metrics Registry : ratis.leader_election.cc79f115-dbdb-4899-88c3-1d2dbee4d898@group-C9CC3117B1ED
2020-12-23 14:06:04,933 [Listener at 127.0.0.1/39909] INFO  metrics.RatisMetrics (RatisMetrics.java:unregister(43)) - Unregistering Metrics Registry : ratis.server.cc79f115-dbdb-4899-88c3-1d2dbee4d898@group-C9CC3117B1ED
2020-12-23 14:06:04,933 [Listener at 127.0.0.1/39909] INFO  server.GrpcService (GrpcService.java:closeImpl(184)) - cc79f115-dbdb-4899-88c3-1d2dbee4d898: shutdown server with port 35113 now
2020-12-23 14:06:04,937 [Listener at 127.0.0.1/39909] INFO  server.GrpcService (GrpcService.java:closeImpl(193)) - cc79f115-dbdb-4899-88c3-1d2dbee4d898: shutdown server with port 35113 successfully
2020-12-23 14:06:04,937 [org.apache.ratis.util.JvmPauseMonitor$$Lambda$222/16129605@4732b99c] INFO  util.JvmPauseMonitor (JvmPauseMonitor.java:run(109)) - JvmPauseMonitor-cc79f115-dbdb-4899-88c3-1d2dbee4d898: Stopped
2020-12-23 14:06:04,938 [Listener at 127.0.0.1/39909] INFO  utils.BackgroundService (BackgroundService.java:shutdown(132)) - Shutting down service BlockDeletingService
2020-12-23 14:06:04,940 [Listener at 127.0.0.1/39909] INFO  statemachine.DatanodeStateMachine (DatanodeStateMachine.java:stopDaemon(461)) - Ozone container server stopped.
2020-12-23 14:06:04,951 [Listener at 127.0.0.1/39909] INFO  handler.ContextHandler (ContextHandler.java:doStop(1154)) - Stopped o.e.j.w.WebAppContext@69a0f018{hddsDatanode,/,null,STOPPED}{jar:file:/home/user/.m2/repository/org/apache/hadoop/hadoop-hdds-container-service/1.1.0-SNAPSHOT/hadoop-hdds-container-service-1.1.0-SNAPSHOT.jar!/webapps/hddsDatanode}
2020-12-23 14:06:04,951 [Listener at 127.0.0.1/39909] INFO  server.AbstractConnector (AbstractConnector.java:doStop(381)) - Stopped ServerConnector@3e821bba{HTTP/1.1, (http/1.1)}{0.0.0.0:0}
2020-12-23 14:06:04,951 [Listener at 127.0.0.1/39909] INFO  server.session (HouseKeeper.java:stopScavenging(149)) - node0 Stopped scavenging
2020-12-23 14:06:04,952 [Listener at 127.0.0.1/39909] INFO  handler.ContextHandler (ContextHandler.java:doStop(1154)) - Stopped o.e.j.s.ServletContextHandler@350c7188{static,/static,jar:file:/home/user/.m2/repository/org/apache/hadoop/hadoop-hdds-container-service/1.1.0-SNAPSHOT/hadoop-hdds-container-service-1.1.0-SNAPSHOT.jar!/webapps/static,STOPPED}
2020-12-23 14:06:04,952 [Listener at 127.0.0.1/39909] INFO  handler.ContextHandler (ContextHandler.java:doStop(1154)) - Stopped o.e.j.s.ServletContextHandler@633a4a3d{logs,/logs,file:///github/workspace/mnt/ozone/hadoop-ozone/integration-test/target/log,STOPPED}
2020-12-23 14:06:05,327 [Datanode State Machine Thread - 0] INFO  statemachine.DatanodeStateMachine (DatanodeStateMachine.java:lambda$startDaemon$0(408)) - Ozone container server started.
2020-12-23 14:06:05,389 [ReplicationMonitor] INFO  container.ReplicationManager (ReplicationManager.java:sendCloseCommand(948)) - Sending close container command for container #3 to datanode 132632b1-c99d-4d56-baf0-ebc6ad7ec851{ip: 172.17.0.2, host: 8eef00ac434c, networkLocation: /default-rack, certSerialId: null, persistedOpState: IN_SERVICE, persistedOpStateExpiryEpochSec: 0}.
2020-12-23 14:06:05,389 [ReplicationMonitor] INFO  container.ReplicationManager (ReplicationManager.java:sendCloseCommand(948)) - Sending close container command for container #3 to datanode cc79f115-dbdb-4899-88c3-1d2dbee4d898{ip: 172.17.0.2, host: 8eef00ac434c, networkLocation: /default-rack, certSerialId: null, persistedOpState: IN_SERVICE, persistedOpStateExpiryEpochSec: 0}.
2020-12-23 14:06:05,389 [ReplicationMonitor] INFO  container.ReplicationManager (ReplicationManager.java:sendCloseCommand(948)) - Sending close container command for container #3 to datanode 578fb040-f869-45ef-91a4-da79ba7884ec{ip: 172.17.0.2, host: 8eef00ac434c, networkLocation: /default-rack, certSerialId: null, persistedOpState: IN_SERVICE, persistedOpStateExpiryEpochSec: 0}.
2020-12-23 14:06:05,389 [ReplicationMonitor] INFO  container.ReplicationManager (ReplicationManager.java:sendCloseCommand(948)) - Sending close container command for container #4 to datanode cc79f115-dbdb-4899-88c3-1d2dbee4d898{ip: 172.17.0.2, host: 8eef00ac434c, networkLocation: /default-rack, certSerialId: null, persistedOpState: IN_SERVICE, persistedOpStateExpiryEpochSec: 0}.
2020-12-23 14:06:05,389 [ReplicationMonitor] INFO  container.ReplicationManager (ReplicationManager.java:sendCloseCommand(948)) - Sending close container command for container #4 to datanode 578fb040-f869-45ef-91a4-da79ba7884ec{ip: 172.17.0.2, host: 8eef00ac434c, networkLocation: /default-rack, certSerialId: null, persistedOpState: IN_SERVICE, persistedOpStateExpiryEpochSec: 0}.
2020-12-23 14:06:05,389 [ReplicationMonitor] INFO  container.ReplicationManager (ReplicationManager.java:sendCloseCommand(948)) - Sending close container command for container #4 to datanode 132632b1-c99d-4d56-baf0-ebc6ad7ec851{ip: 172.17.0.2, host: 8eef00ac434c, networkLocation: /default-rack, certSerialId: null, persistedOpState: IN_SERVICE, persistedOpStateExpiryEpochSec: 0}.
2020-12-23 14:06:05,389 [ReplicationMonitor] INFO  container.ReplicationManager (ReplicationManager.java:run(250)) - Replication Monitor Thread took 1 milliseconds for processing 4 containers.
2020-12-23 14:06:05,889 [ForkJoinPool.commonPool-worker-1] INFO  ozoneimpl.OzoneContainer (OzoneContainer.java:stop(257)) - Attempting to stop container services.
2020-12-23 14:06:05,890 [ForkJoinPool.commonPool-worker-1] INFO  server.RaftServer (RaftServerProxy.java:lambda$close$6(387)) - 68877139-4f8e-42eb-81b1-3d9b1c196839: close
2020-12-23 14:06:05,890 [ForkJoinPool.commonPool-worker-1] INFO  server.RaftServer$Division (RaftServerImpl.java:lambda$close$4(397)) - 68877139-4f8e-42eb-81b1-3d9b1c196839@group-A3899FD18A33: shutdown
2020-12-23 14:06:05,890 [ForkJoinPool.commonPool-worker-1] INFO  util.JmxRegister (JmxRegister.java:unregister(73)) - Successfully un-registered JMX Bean with object name Ratis:service=RaftServer,group=group-A3899FD18A33,id=68877139-4f8e-42eb-81b1-3d9b1c196839
2020-12-23 14:06:05,890 [ForkJoinPool.commonPool-worker-1] INFO  impl.RoleInfo (RoleInfo.java:shutdownLeaderState(91)) - 68877139-4f8e-42eb-81b1-3d9b1c196839: shutdown 68877139-4f8e-42eb-81b1-3d9b1c196839@group-A3899FD18A33-LeaderStateImpl
2020-12-23 14:06:05,890 [ForkJoinPool.commonPool-worker-1] INFO  impl.PendingRequests (PendingRequests.java:sendNotLeaderResponses(249)) - 68877139-4f8e-42eb-81b1-3d9b1c196839@group-A3899FD18A33-PendingRequests: sendNotLeaderResponses
2020-12-23 14:06:05,891 [ForkJoinPool.commonPool-worker-1] INFO  metrics.RatisMetrics (RatisMetrics.java:unregister(43)) - Unregistering Metrics Registry : ratis.log_appender.68877139-4f8e-42eb-81b1-3d9b1c196839@group-A3899FD18A33
2020-12-23 14:06:05,891 [ForkJoinPool.commonPool-worker-1] INFO  metrics.RatisMetrics (RatisMetrics.java:unregister(43)) - Unregistering Metrics Registry : ratis.server.68877139-4f8e-42eb-81b1-3d9b1c196839@group-A3899FD18A33
2020-12-23 14:06:05,892 [ForkJoinPool.commonPool-worker-1] INFO  impl.StateMachineUpdater (StateMachineUpdater.java:stopAndJoin(148)) - 68877139-4f8e-42eb-81b1-3d9b1c196839@group-A3899FD18A33-StateMachineUpdater: set stopIndex = 0
2020-12-23 14:06:05,892 [68877139-4f8e-42eb-81b1-3d9b1c196839@group-A3899FD18A33-StateMachineUpdater] INFO  ratis.ContainerStateMachine (ContainerStateMachine.java:takeSnapshot(291)) - group-A3899FD18A33: Taking a snapshot at:(t:1, i:0) file /github/workspace/mnt/ozone/hadoop-ozone/integration-test/target/test-dir/MiniOzoneClusterImpl-4d4d8361-1f31-4e15-8531-152295c781bb/datanode-0/data/ratis/c6bb5c44-651a-471e-8765-a3899fd18a33/sm/snapshot.1_0
2020-12-23 14:06:05,893 [68877139-4f8e-42eb-81b1-3d9b1c196839@group-A3899FD18A33-StateMachineUpdater] INFO  ratis.ContainerStateMachine (ContainerStateMachine.java:takeSnapshot(302)) - group-A3899FD18A33: Finished taking a snapshot at:(t:1, i:0) file:/github/workspace/mnt/ozone/hadoop-ozone/integration-test/target/test-dir/MiniOzoneClusterImpl-4d4d8361-1f31-4e15-8531-152295c781bb/datanode-0/data/ratis/c6bb5c44-651a-471e-8765-a3899fd18a33/sm/snapshot.1_0 time:1
2020-12-23 14:06:05,893 [68877139-4f8e-42eb-81b1-3d9b1c196839@group-A3899FD18A33-StateMachineUpdater] INFO  impl.StateMachineUpdater (StateMachineUpdater.java:takeSnapshot(279)) - 68877139-4f8e-42eb-81b1-3d9b1c196839@group-A3899FD18A33-StateMachineUpdater: Took a snapshot at index 0
2020-12-23 14:06:05,893 [68877139-4f8e-42eb-81b1-3d9b1c196839@group-A3899FD18A33-StateMachineUpdater] INFO  impl.StateMachineUpdater (StateMachineUpdater.java:lambda$new$0(88)) - 68877139-4f8e-42eb-81b1-3d9b1c196839@group-A3899FD18A33-StateMachineUpdater: snapshotIndex: updateIncreasingly -1 -> 0
2020-12-23 14:06:05,893 [68877139-4f8e-42eb-81b1-3d9b1c196839@group-A3899FD18A33-StateMachineUpdater] INFO  metrics.RatisMetrics (RatisMetrics.java:unregister(43)) - Unregistering Metrics Registry : ratis.state_machine.68877139-4f8e-42eb-81b1-3d9b1c196839@group-A3899FD18A33
2020-12-23 14:06:05,895 [ForkJoinPool.commonPool-worker-1] INFO  server.RaftServer$Division (ServerState.java:close(406)) - 68877139-4f8e-42eb-81b1-3d9b1c196839@group-A3899FD18A33: closes. applyIndex: 0
2020-12-23 14:06:05,896 [68877139-4f8e-42eb-81b1-3d9b1c196839@group-A3899FD18A33-SegmentedRaftLogWorker] INFO  segmented.SegmentedRaftLogWorker (SegmentedRaftLogWorker.java:run(326)) - 68877139-4f8e-42eb-81b1-3d9b1c196839@group-A3899FD18A33-SegmentedRaftLogWorker was interrupted, exiting. There are 0 tasks remaining in the queue.
2020-12-23 14:06:05,896 [ForkJoinPool.commonPool-worker-1] INFO  segmented.SegmentedRaftLogWorker (SegmentedRaftLogWorker.java:close(236)) - 68877139-4f8e-42eb-81b1-3d9b1c196839@group-A3899FD18A33-SegmentedRaftLogWorker close()
2020-12-23 14:06:05,896 [ForkJoinPool.commonPool-worker-1] INFO  metrics.RatisMetrics (RatisMetrics.java:unregister(43)) - Unregistering Metrics Registry : ratis.log_worker.68877139-4f8e-42eb-81b1-3d9b1c196839@group-A3899FD18A33
2020-12-23 14:06:05,899 [ForkJoinPool.commonPool-worker-1] INFO  metrics.RatisMetrics (RatisMetrics.java:unregister(43)) - Unregistering Metrics Registry : ratis.leader_election.68877139-4f8e-42eb-81b1-3d9b1c196839@group-A3899FD18A33
2020-12-23 14:06:05,899 [ForkJoinPool.commonPool-worker-1] INFO  metrics.RatisMetrics (RatisMetrics.java:unregister(43)) - Unregistering Metrics Registry : ratis.server.68877139-4f8e-42eb-81b1-3d9b1c196839@group-A3899FD18A33
2020-12-23 14:06:05,900 [ForkJoinPool.commonPool-worker-1] INFO  server.GrpcService (GrpcService.java:closeImpl(184)) - 68877139-4f8e-42eb-81b1-3d9b1c196839: shutdown server with port 33281 now
2020-12-23 14:06:05,904 [grpc-default-executor-4] WARN  client.GrpcClientProtocolService (LogUtils.java:warn(122)) - 1-UnorderedRequestStreamObserver1: onError: org.apache.ratis.thirdparty.io.grpc.StatusRuntimeException: CANCELLED: cancelled before receiving half close
2020-12-23 14:06:05,907 [ForkJoinPool.commonPool-worker-1] INFO  server.GrpcService (GrpcService.java:closeImpl(193)) - 68877139-4f8e-42eb-81b1-3d9b1c196839: shutdown server with port 33281 successfully
2020-12-23 14:06:05,907 [org.apache.ratis.util.JvmPauseMonitor$$Lambda$222/16129605@11751f98] INFO  util.JvmPauseMonitor (JvmPauseMonitor.java:run(109)) - JvmPauseMonitor-68877139-4f8e-42eb-81b1-3d9b1c196839: Stopped
2020-12-23 14:06:05,910 [ForkJoinPool.commonPool-worker-1] INFO  utils.BackgroundService (BackgroundService.java:shutdown(132)) - Shutting down service BlockDeletingService
2020-12-23 14:06:05,912 [ForkJoinPool.commonPool-worker-1] INFO  statemachine.DatanodeStateMachine (DatanodeStateMachine.java:stopDaemon(461)) - Ozone container server stopped.
2020-12-23 14:06:05,916 [EventQueue-StaleNodeForStaleNodeHandler] INFO  node.StaleNodeHandler (StaleNodeHandler.java:onMessage(58)) - Datanode 72ddd1cf-406a-46d1-a670-cde8064896da{ip: 172.17.0.2, host: 8eef00ac434c, networkLocation: /default-rack, certSerialId: null, persistedOpState: IN_SERVICE, persistedOpStateExpiryEpochSec: 0} moved to stale state. Finalizing its pipelines [PipelineID=73e418e7-f879-43e6-8465-3170e42e4d24]
2020-12-23 14:06:05,916 [EventQueue-StaleNodeForStaleNodeHandler] INFO  pipeline.SCMPipelineManager (SCMPipelineManager.java:finalizeAndDestroyPipeline(482)) - Destroying pipeline:Pipeline[ Id: 73e418e7-f879-43e6-8465-3170e42e4d24, Nodes: 72ddd1cf-406a-46d1-a670-cde8064896da{ip: 172.17.0.2, host: 8eef00ac434c, networkLocation: /default-rack, certSerialId: null, persistedOpState: IN_SERVICE, persistedOpStateExpiryEpochSec: 0}, Type:RATIS, Factor:ONE, State:OPEN, leaderId:72ddd1cf-406a-46d1-a670-cde8064896da, CreationTimestamp2020-12-23T14:05:39.664Z]
2020-12-23 14:06:05,916 [EventQueue-StaleNodeForStaleNodeHandler] INFO  pipeline.PipelineStateManager (PipelineStateManager.java:finalizePipeline(121)) - Pipeline Pipeline[ Id: 73e418e7-f879-43e6-8465-3170e42e4d24, Nodes: 72ddd1cf-406a-46d1-a670-cde8064896da{ip: 172.17.0.2, host: 8eef00ac434c, networkLocation: /default-rack, certSerialId: null, persistedOpState: IN_SERVICE, persistedOpStateExpiryEpochSec: 0}, Type:RATIS, Factor:ONE, State:CLOSED, leaderId:72ddd1cf-406a-46d1-a670-cde8064896da, CreationTimestamp2020-12-23T14:05:39.664Z] moved to CLOSED state
2020-12-23 14:06:05,922 [ForkJoinPool.commonPool-worker-1] INFO  handler.ContextHandler (ContextHandler.java:doStop(1154)) - Stopped o.e.j.w.WebAppContext@47af69bc{hddsDatanode,/,null,STOPPED}{jar:file:/home/user/.m2/repository/org/apache/hadoop/hadoop-hdds-container-service/1.1.0-SNAPSHOT/hadoop-hdds-container-service-1.1.0-SNAPSHOT.jar!/webapps/hddsDatanode}
2020-12-23 14:06:05,923 [ForkJoinPool.commonPool-worker-1] INFO  server.AbstractConnector (AbstractConnector.java:doStop(381)) - Stopped ServerConnector@7e3f7bde{HTTP/1.1, (http/1.1)}{0.0.0.0:0}
2020-12-23 14:06:05,923 [ForkJoinPool.commonPool-worker-1] INFO  server.session (HouseKeeper.java:stopScavenging(149)) - node0 Stopped scavenging
2020-12-23 14:06:05,923 [ForkJoinPool.commonPool-worker-1] INFO  handler.ContextHandler (ContextHandler.java:doStop(1154)) - Stopped o.e.j.s.ServletContextHandler@40d6d07c{static,/static,jar:file:/home/user/.m2/repository/org/apache/hadoop/hadoop-hdds-container-service/1.1.0-SNAPSHOT/hadoop-hdds-container-service-1.1.0-SNAPSHOT.jar!/webapps/static,STOPPED}
2020-12-23 14:06:05,923 [ForkJoinPool.commonPool-worker-1] INFO  handler.ContextHandler (ContextHandler.java:doStop(1154)) - Stopped o.e.j.s.ServletContextHandler@7852d8ed{logs,/logs,file:///github/workspace/mnt/ozone/hadoop-ozone/integration-test/target/log,STOPPED}
2020-12-23 14:06:05,954 [Listener at 127.0.0.1/39909] INFO  ozoneimpl.OzoneContainer (OzoneContainer.java:stop(257)) - Attempting to stop container services.
2020-12-23 14:06:05,954 [Listener at 127.0.0.1/39909] INFO  server.RaftServer (RaftServerProxy.java:lambda$close$6(387)) - 132632b1-c99d-4d56-baf0-ebc6ad7ec851: close
2020-12-23 14:06:05,954 [Listener at 127.0.0.1/39909] INFO  server.RaftServer$Division (RaftServerImpl.java:lambda$close$4(397)) - 132632b1-c99d-4d56-baf0-ebc6ad7ec851@group-D175C3C695B5: shutdown
2020-12-23 14:06:05,954 [ForkJoinPool.commonPool-worker-1] INFO  server.RaftServer$Division (RaftServerImpl.java:lambda$close$4(397)) - 132632b1-c99d-4d56-baf0-ebc6ad7ec851@group-F3395DB11D06: shutdown
2020-12-23 14:06:05,955 [Listener at 127.0.0.1/39909] INFO  util.JmxRegister (JmxRegister.java:unregister(73)) - Successfully un-registered JMX Bean with object name Ratis:service=RaftServer,group=group-D175C3C695B5,id=132632b1-c99d-4d56-baf0-ebc6ad7ec851
2020-12-23 14:06:05,955 [Listener at 127.0.0.1/39909] INFO  impl.RoleInfo (RoleInfo.java:shutdownFollowerState(108)) - 132632b1-c99d-4d56-baf0-ebc6ad7ec851: shutdown 132632b1-c99d-4d56-baf0-ebc6ad7ec851@group-D175C3C695B5-FollowerState
2020-12-23 14:06:05,955 [Listener at 127.0.0.1/39909] INFO  impl.StateMachineUpdater (StateMachineUpdater.java:stopAndJoin(148)) - 132632b1-c99d-4d56-baf0-ebc6ad7ec851@group-D175C3C695B5-StateMachineUpdater: set stopIndex = 6
2020-12-23 14:06:05,956 [132632b1-c99d-4d56-baf0-ebc6ad7ec851@group-D175C3C695B5-StateMachineUpdater] INFO  ratis.ContainerStateMachine (ContainerStateMachine.java:takeSnapshot(291)) - group-D175C3C695B5: Taking a snapshot at:(t:1, i:6) file /github/workspace/mnt/ozone/hadoop-ozone/integration-test/target/test-dir/MiniOzoneClusterImpl-4d4d8361-1f31-4e15-8531-152295c781bb/datanode-4/data/ratis/380b8358-65d3-4403-9ac7-d175c3c695b5/sm/snapshot.1_6
2020-12-23 14:06:05,955 [ForkJoinPool.commonPool-worker-1] INFO  util.JmxRegister (JmxRegister.java:unregister(73)) - Successfully un-registered JMX Bean with object name Ratis:service=RaftServer,group=group-F3395DB11D06,id=132632b1-c99d-4d56-baf0-ebc6ad7ec851
2020-12-23 14:06:05,956 [Thread-3507] INFO  impl.FollowerState (FollowerState.java:run(142)) - 132632b1-c99d-4d56-baf0-ebc6ad7ec851@group-D175C3C695B5-FollowerState was interrupted: {}
java.lang.InterruptedException: sleep interrupted
	at java.lang.Thread.sleep(Native Method)
	at java.lang.Thread.sleep(Thread.java:340)
	at java.util.concurrent.TimeUnit.sleep(TimeUnit.java:386)
	at org.apache.ratis.util.TimeDuration.sleep(TimeDuration.java:319)
	at org.apache.ratis.util.TimeDuration.sleep(TimeDuration.java:304)
	at org.apache.ratis.server.impl.FollowerState.run(FollowerState.java:117)
2020-12-23 14:06:05,957 [132632b1-c99d-4d56-baf0-ebc6ad7ec851@group-D175C3C695B5-StateMachineUpdater] INFO  ratis.ContainerStateMachine (ContainerStateMachine.java:takeSnapshot(302)) - group-D175C3C695B5: Finished taking a snapshot at:(t:1, i:6) file:/github/workspace/mnt/ozone/hadoop-ozone/integration-test/target/test-dir/MiniOzoneClusterImpl-4d4d8361-1f31-4e15-8531-152295c781bb/datanode-4/data/ratis/380b8358-65d3-4403-9ac7-d175c3c695b5/sm/snapshot.1_6 time:1
2020-12-23 14:06:05,957 [132632b1-c99d-4d56-baf0-ebc6ad7ec851@group-D175C3C695B5-StateMachineUpdater] INFO  impl.StateMachineUpdater (StateMachineUpdater.java:takeSnapshot(279)) - 132632b1-c99d-4d56-baf0-ebc6ad7ec851@group-D175C3C695B5-StateMachineUpdater: Took a snapshot at index 6
2020-12-23 14:06:05,957 [132632b1-c99d-4d56-baf0-ebc6ad7ec851@group-D175C3C695B5-StateMachineUpdater] INFO  impl.StateMachineUpdater (StateMachineUpdater.java:lambda$new$0(88)) - 132632b1-c99d-4d56-baf0-ebc6ad7ec851@group-D175C3C695B5-StateMachineUpdater: snapshotIndex: updateIncreasingly -1 -> 6
2020-12-23 14:06:05,957 [132632b1-c99d-4d56-baf0-ebc6ad7ec851@group-D175C3C695B5-StateMachineUpdater] INFO  metrics.RatisMetrics (RatisMetrics.java:unregister(43)) - Unregistering Metrics Registry : ratis.state_machine.132632b1-c99d-4d56-baf0-ebc6ad7ec851@group-D175C3C695B5
2020-12-23 14:06:05,958 [Listener at 127.0.0.1/39909] INFO  server.RaftServer$Division (ServerState.java:close(406)) - 132632b1-c99d-4d56-baf0-ebc6ad7ec851@group-D175C3C695B5: closes. applyIndex: 6
2020-12-23 14:06:05,958 [ForkJoinPool.commonPool-worker-1] INFO  impl.RoleInfo (RoleInfo.java:shutdownLeaderState(91)) - 132632b1-c99d-4d56-baf0-ebc6ad7ec851: shutdown 132632b1-c99d-4d56-baf0-ebc6ad7ec851@group-F3395DB11D06-LeaderStateImpl
2020-12-23 14:06:05,958 [132632b1-c99d-4d56-baf0-ebc6ad7ec851@group-D175C3C695B5-SegmentedRaftLogWorker] INFO  segmented.SegmentedRaftLogWorker (SegmentedRaftLogWorker.java:run(326)) - 132632b1-c99d-4d56-baf0-ebc6ad7ec851@group-D175C3C695B5-SegmentedRaftLogWorker was interrupted, exiting. There are 0 tasks remaining in the queue.
2020-12-23 14:06:05,958 [ForkJoinPool.commonPool-worker-1] INFO  impl.PendingRequests (PendingRequests.java:sendNotLeaderResponses(249)) - 132632b1-c99d-4d56-baf0-ebc6ad7ec851@group-F3395DB11D06-PendingRequests: sendNotLeaderResponses
2020-12-23 14:06:05,958 [Listener at 127.0.0.1/39909] INFO  segmented.SegmentedRaftLogWorker (SegmentedRaftLogWorker.java:close(236)) - 132632b1-c99d-4d56-baf0-ebc6ad7ec851@group-D175C3C695B5-SegmentedRaftLogWorker close()
2020-12-23 14:06:05,958 [Listener at 127.0.0.1/39909] INFO  metrics.RatisMetrics (RatisMetrics.java:unregister(43)) - Unregistering Metrics Registry : ratis.log_worker.132632b1-c99d-4d56-baf0-ebc6ad7ec851@group-D175C3C695B5
2020-12-23 14:06:05,959 [Listener at 127.0.0.1/39909] INFO  metrics.RatisMetrics (RatisMetrics.java:unregister(43)) - Unregistering Metrics Registry : ratis.leader_election.132632b1-c99d-4d56-baf0-ebc6ad7ec851@group-D175C3C695B5
2020-12-23 14:06:05,959 [Listener at 127.0.0.1/39909] INFO  metrics.RatisMetrics (RatisMetrics.java:unregister(43)) - Unregistering Metrics Registry : ratis.server.132632b1-c99d-4d56-baf0-ebc6ad7ec851@group-D175C3C695B5
2020-12-23 14:06:05,962 [ForkJoinPool.commonPool-worker-1] INFO  metrics.RatisMetrics (RatisMetrics.java:unregister(43)) - Unregistering Metrics Registry : ratis.log_appender.132632b1-c99d-4d56-baf0-ebc6ad7ec851@group-F3395DB11D06
2020-12-23 14:06:05,962 [ForkJoinPool.commonPool-worker-1] INFO  metrics.RatisMetrics (RatisMetrics.java:unregister(43)) - Unregistering Metrics Registry : ratis.server.132632b1-c99d-4d56-baf0-ebc6ad7ec851@group-F3395DB11D06
2020-12-23 14:06:05,963 [ForkJoinPool.commonPool-worker-1] INFO  impl.StateMachineUpdater (StateMachineUpdater.java:stopAndJoin(148)) - 132632b1-c99d-4d56-baf0-ebc6ad7ec851@group-F3395DB11D06-StateMachineUpdater: set stopIndex = 0
2020-12-23 14:06:05,963 [132632b1-c99d-4d56-baf0-ebc6ad7ec851@group-F3395DB11D06-StateMachineUpdater] INFO  ratis.ContainerStateMachine (ContainerStateMachine.java:takeSnapshot(291)) - group-F3395DB11D06: Taking a snapshot at:(t:1, i:0) file /github/workspace/mnt/ozone/hadoop-ozone/integration-test/target/test-dir/MiniOzoneClusterImpl-4d4d8361-1f31-4e15-8531-152295c781bb/datanode-4/data/ratis/28155338-0ecd-4a03-b1b1-f3395db11d06/sm/snapshot.1_0
2020-12-23 14:06:05,964 [132632b1-c99d-4d56-baf0-ebc6ad7ec851@group-F3395DB11D06-StateMachineUpdater] INFO  ratis.ContainerStateMachine (ContainerStateMachine.java:takeSnapshot(302)) - group-F3395DB11D06: Finished taking a snapshot at:(t:1, i:0) file:/github/workspace/mnt/ozone/hadoop-ozone/integration-test/target/test-dir/MiniOzoneClusterImpl-4d4d8361-1f31-4e15-8531-152295c781bb/datanode-4/data/ratis/28155338-0ecd-4a03-b1b1-f3395db11d06/sm/snapshot.1_0 time:0
2020-12-23 14:06:05,964 [132632b1-c99d-4d56-baf0-ebc6ad7ec851@group-F3395DB11D06-StateMachineUpdater] INFO  impl.StateMachineUpdater (StateMachineUpdater.java:takeSnapshot(279)) - 132632b1-c99d-4d56-baf0-ebc6ad7ec851@group-F3395DB11D06-StateMachineUpdater: Took a snapshot at index 0
2020-12-23 14:06:05,964 [132632b1-c99d-4d56-baf0-ebc6ad7ec851@group-F3395DB11D06-StateMachineUpdater] INFO  impl.StateMachineUpdater (StateMachineUpdater.java:lambda$new$0(88)) - 132632b1-c99d-4d56-baf0-ebc6ad7ec851@group-F3395DB11D06-StateMachineUpdater: snapshotIndex: updateIncreasingly -1 -> 0
2020-12-23 14:06:05,964 [132632b1-c99d-4d56-baf0-ebc6ad7ec851@group-F3395DB11D06-StateMachineUpdater] INFO  metrics.RatisMetrics (RatisMetrics.java:unregister(43)) - Unregistering Metrics Registry : ratis.state_machine.132632b1-c99d-4d56-baf0-ebc6ad7ec851@group-F3395DB11D06
2020-12-23 14:06:05,965 [ForkJoinPool.commonPool-worker-1] INFO  server.RaftServer$Division (ServerState.java:close(406)) - 132632b1-c99d-4d56-baf0-ebc6ad7ec851@group-F3395DB11D06: closes. applyIndex: 0
2020-12-23 14:06:05,965 [132632b1-c99d-4d56-baf0-ebc6ad7ec851@group-F3395DB11D06-SegmentedRaftLogWorker] INFO  segmented.SegmentedRaftLogWorker (SegmentedRaftLogWorker.java:run(326)) - 132632b1-c99d-4d56-baf0-ebc6ad7ec851@group-F3395DB11D06-SegmentedRaftLogWorker was interrupted, exiting. There are 0 tasks remaining in the queue.
2020-12-23 14:06:05,965 [ForkJoinPool.commonPool-worker-1] INFO  segmented.SegmentedRaftLogWorker (SegmentedRaftLogWorker.java:close(236)) - 132632b1-c99d-4d56-baf0-ebc6ad7ec851@group-F3395DB11D06-SegmentedRaftLogWorker close()
2020-12-23 14:06:05,965 [ForkJoinPool.commonPool-worker-1] INFO  metrics.RatisMetrics (RatisMetrics.java:unregister(43)) - Unregistering Metrics Registry : ratis.log_worker.132632b1-c99d-4d56-baf0-ebc6ad7ec851@group-F3395DB11D06
2020-12-23 14:06:05,965 [ForkJoinPool.commonPool-worker-1] INFO  metrics.RatisMetrics (RatisMetrics.java:unregister(43)) - Unregistering Metrics Registry : ratis.leader_election.132632b1-c99d-4d56-baf0-ebc6ad7ec851@group-F3395DB11D06
2020-12-23 14:06:05,965 [ForkJoinPool.commonPool-worker-1] INFO  metrics.RatisMetrics (RatisMetrics.java:unregister(43)) - Unregistering Metrics Registry : ratis.server.132632b1-c99d-4d56-baf0-ebc6ad7ec851@group-F3395DB11D06
2020-12-23 14:06:05,965 [Listener at 127.0.0.1/39909] INFO  server.GrpcService (GrpcService.java:closeImpl(184)) - 132632b1-c99d-4d56-baf0-ebc6ad7ec851: shutdown server with port 43673 now
2020-12-23 14:06:05,966 [Listener at 127.0.0.1/39909] INFO  server.GrpcService (GrpcService.java:closeImpl(193)) - 132632b1-c99d-4d56-baf0-ebc6ad7ec851: shutdown server with port 43673 successfully
2020-12-23 14:06:05,966 [org.apache.ratis.util.JvmPauseMonitor$$Lambda$222/16129605@1a500ebb] INFO  util.JvmPauseMonitor (JvmPauseMonitor.java:run(109)) - JvmPauseMonitor-132632b1-c99d-4d56-baf0-ebc6ad7ec851: Stopped
2020-12-23 14:06:05,967 [Listener at 127.0.0.1/39909] INFO  utils.BackgroundService (BackgroundService.java:shutdown(132)) - Shutting down service BlockDeletingService
2020-12-23 14:06:05,968 [Listener at 127.0.0.1/39909] INFO  statemachine.DatanodeStateMachine (DatanodeStateMachine.java:stopDaemon(461)) - Ozone container server stopped.
2020-12-23 14:06:05,977 [Listener at 127.0.0.1/39909] INFO  handler.ContextHandler (ContextHandler.java:doStop(1154)) - Stopped o.e.j.w.WebAppContext@1d74720f{hddsDatanode,/,null,STOPPED}{jar:file:/home/user/.m2/repository/org/apache/hadoop/hadoop-hdds-container-service/1.1.0-SNAPSHOT/hadoop-hdds-container-service-1.1.0-SNAPSHOT.jar!/webapps/hddsDatanode}
2020-12-23 14:06:05,977 [Listener at 127.0.0.1/39909] INFO  server.AbstractConnector (AbstractConnector.java:doStop(381)) - Stopped ServerConnector@6170aa63{HTTP/1.1, (http/1.1)}{0.0.0.0:0}
2020-12-23 14:06:05,977 [Listener at 127.0.0.1/39909] INFO  server.session (HouseKeeper.java:stopScavenging(149)) - node0 Stopped scavenging
2020-12-23 14:06:05,978 [Listener at 127.0.0.1/39909] INFO  handler.ContextHandler (ContextHandler.java:doStop(1154)) - Stopped o.e.j.s.ServletContextHandler@696b06a6{static,/static,jar:file:/home/user/.m2/repository/org/apache/hadoop/hadoop-hdds-container-service/1.1.0-SNAPSHOT/hadoop-hdds-container-service-1.1.0-SNAPSHOT.jar!/webapps/static,STOPPED}
2020-12-23 14:06:05,978 [Listener at 127.0.0.1/39909] INFO  handler.ContextHandler (ContextHandler.java:doStop(1154)) - Stopped o.e.j.s.ServletContextHandler@1e695be6{logs,/logs,file:///github/workspace/mnt/ozone/hadoop-ozone/integration-test/target/log,STOPPED}
2020-12-23 14:06:05,978 [Listener at 127.0.0.1/39909] INFO  ozone.MiniOzoneClusterImpl (MiniOzoneClusterImpl.java:stopSCM(477)) - Stopping the StorageContainerManager
2020-12-23 14:06:05,979 [Listener at 127.0.0.1/39909] INFO  server.StorageContainerManager (StorageContainerManager.java:stop(832)) - Stopping Replication Manager Service.
2020-12-23 14:06:05,979 [Listener at 127.0.0.1/39909] INFO  container.ReplicationManager (ReplicationManager.java:stop(227)) - Stopping Replication Monitor Thread.
2020-12-23 14:06:05,979 [Listener at 127.0.0.1/39909] INFO  server.StorageContainerManager (StorageContainerManager.java:stop(839)) - Stopping the Datanode Admin Monitor.
2020-12-23 14:06:05,979 [Listener at 127.0.0.1/39909] INFO  server.StorageContainerManager (StorageContainerManager.java:stop(846)) - Stopping Lease Manager of the command watchers
2020-12-23 14:06:05,979 [Listener at 127.0.0.1/39909] INFO  server.StorageContainerManager (StorageContainerManager.java:stop(853)) - Stopping datanode service RPC server
2020-12-23 14:06:05,979 [Listener at 127.0.0.1/39909] INFO  server.SCMDatanodeProtocolServer (SCMDatanodeProtocolServer.java:stop(369)) - Stopping the RPC server for DataNodes
2020-12-23 14:06:05,979 [Listener at 127.0.0.1/39909] INFO  ipc.Server (Server.java:stop(3359)) - Stopping server on 45725
2020-12-23 14:06:05,982 [IPC Server listener on 0] INFO  ipc.Server (Server.java:run(1330)) - Stopping IPC Server listener on 0
2020-12-23 14:06:05,982 [IPC Server Responder] INFO  ipc.Server (Server.java:run(1465)) - Stopping IPC Server Responder
2020-12-23 14:06:06,016 [SCM Heartbeat Processing Thread - 0] WARN  node.NodeStateManager (NodeStateManager.java:scheduleNextHealthCheck(688)) - Current Thread is interrupted, shutting down HB processing thread for Node Manager.
2020-12-23 14:06:06,016 [Listener at 127.0.0.1/39909] INFO  server.StorageContainerManager (StorageContainerManager.java:stop(861)) - Stopping block service RPC server
2020-12-23 14:06:06,017 [Listener at 127.0.0.1/39909] INFO  server.SCMBlockProtocolServer (SCMBlockProtocolServer.java:stop(159)) - Stopping the RPC server for Block Protocol
2020-12-23 14:06:06,017 [Listener at 127.0.0.1/39909] INFO  ipc.Server (Server.java:stop(3359)) - Stopping server on 33659
2020-12-23 14:06:06,019 [IPC Server listener on 0] INFO  ipc.Server (Server.java:run(1330)) - Stopping IPC Server listener on 0
2020-12-23 14:06:06,021 [IPC Server Responder] INFO  ipc.Server (Server.java:run(1465)) - Stopping IPC Server Responder
2020-12-23 14:06:06,021 [Listener at 127.0.0.1/39909] INFO  server.StorageContainerManager (StorageContainerManager.java:stop(868)) - Stopping the StorageContainerLocationProtocol RPC server
2020-12-23 14:06:06,022 [Listener at 127.0.0.1/39909] INFO  server.SCMClientProtocolServer (SCMClientProtocolServer.java:stop(168)) - Stopping the RPC server for Client Protocol
2020-12-23 14:06:06,022 [Listener at 127.0.0.1/39909] INFO  ipc.Server (Server.java:stop(3359)) - Stopping server on 36155
2020-12-23 14:06:06,023 [IPC Server listener on 0] INFO  ipc.Server (Server.java:run(1330)) - Stopping IPC Server listener on 0
2020-12-23 14:06:06,024 [IPC Server Responder] INFO  ipc.Server (Server.java:run(1465)) - Stopping IPC Server Responder
2020-12-23 14:06:06,024 [Listener at 127.0.0.1/39909] INFO  server.StorageContainerManager (StorageContainerManager.java:stop(875)) - Stopping Storage Container Manager HTTP server.
2020-12-23 14:06:06,025 [Listener at 127.0.0.1/39909] INFO  handler.ContextHandler (ContextHandler.java:doStop(1154)) - Stopped o.e.j.w.WebAppContext@1d19a83d{scm,/,null,STOPPED}{file:/github/workspace/mnt/ozone/hadoop-ozone/integration-test/target/test-classes/webapps/scm}
2020-12-23 14:06:06,025 [Listener at 127.0.0.1/39909] INFO  server.AbstractConnector (AbstractConnector.java:doStop(381)) - Stopped ServerConnector@5ed921c9{HTTP/1.1, (http/1.1)}{0.0.0.0:0}
2020-12-23 14:06:06,025 [Listener at 127.0.0.1/39909] INFO  server.session (HouseKeeper.java:stopScavenging(149)) - node0 Stopped scavenging
2020-12-23 14:06:06,026 [Listener at 127.0.0.1/39909] INFO  handler.ContextHandler (ContextHandler.java:doStop(1154)) - Stopped o.e.j.s.ServletContextHandler@48af8567{static,/static,file:///github/workspace/mnt/ozone/hadoop-ozone/integration-test/target/test-classes/webapps/static,STOPPED}
2020-12-23 14:06:06,026 [Listener at 127.0.0.1/39909] INFO  handler.ContextHandler (ContextHandler.java:doStop(1154)) - Stopped o.e.j.s.ServletContextHandler@65747311{logs,/logs,file:///github/workspace/mnt/ozone/hadoop-ozone/integration-test/target/log,STOPPED}
2020-12-23 14:06:06,026 [Listener at 127.0.0.1/39909] INFO  server.StorageContainerManager (StorageContainerManager.java:stop(886)) - Stopping Block Manager Service.
2020-12-23 14:06:06,027 [Listener at 127.0.0.1/39909] INFO  utils.BackgroundService (BackgroundService.java:shutdown(132)) - Shutting down service SCMBlockDeletingService
2020-12-23 14:06:06,027 [Listener at 127.0.0.1/39909] INFO  utils.BackgroundService (BackgroundService.java:shutdown(132)) - Shutting down service SCMBlockDeletingService
2020-12-23 14:06:06,027 [Listener at 127.0.0.1/39909] INFO  server.StorageContainerManager (StorageContainerManager.java:stop(911)) - Stopping SCM Event Queue.
2020-12-23 14:06:06,033 [Listener at 127.0.0.1/39909] INFO  impl.MetricsSystemImpl (MetricsSystemImpl.java:stop(210)) - Stopping HddsDatanode metrics system...
2020-12-23 14:06:06,035 [Listener at 127.0.0.1/39909] INFO  impl.MetricsSystemImpl (MetricsSystemImpl.java:stop(216)) - HddsDatanode metrics system stopped.
]]></system-out>
  </testcase>
  <testcase name="testSingleNodeWithOpenPipelineCanGotoMaintenance" classname="org.apache.hadoop.ozone.scm.node.TestDecommissionAndMaintenance" time="44.01"/>
  <testcase name="testSCMHandlesRestartForMaintenanceNode" classname="org.apache.hadoop.ozone.scm.node.TestDecommissionAndMaintenance" time="49.322"/>
  <testcase name="testStoppedDecommissionedNodeTakesSCMStateOnRestart" classname="org.apache.hadoop.ozone.scm.node.TestDecommissionAndMaintenance" time="50.983"/>
  <testcase name="testEnteringMaintenanceNodeCompletesAfterSCMRestart" classname="org.apache.hadoop.ozone.scm.node.TestDecommissionAndMaintenance" time="38.022"/>
  <testcase name="testDecommissioningNodesCompleteDecommissionOnSCMRestart" classname="org.apache.hadoop.ozone.scm.node.TestDecommissionAndMaintenance" time="40.847"/>
</testsuite>